<?xml version="1.0" encoding="UTF-8"?>
<testsuite xmlns:xsi="http://www.w3.org/2001/XMLSchema-instance" xsi:noNamespaceSchemaLocation="https://maven.apache.org/surefire/maven-surefire-plugin/xsd/surefire-test-report.xsd" name="org.apache.hadoop.ozone.client.rpc.TestBlockOutputStreamWithFailuresFlushDelay" time="900.637" tests="8" errors="1" skipped="0" failures="0">
  <properties>
    <property name="awt.toolkit" value="sun.awt.X11.XToolkit"/>
    <property name="file.encoding.pkg" value="sun.io"/>
    <property name="java.specification.version" value="1.8"/>
    <property name="sun.cpu.isalist" value=""/>
    <property name="sun.jnu.encoding" value="UTF-8"/>
    <property name="java.class.path" value="/home/runner/work/ozone/ozone/hadoop-ozone/integration-test/target/test-classes:/home/runner/work/ozone/ozone/hadoop-ozone/integration-test/target/classes:/home/runner/.m2/repository/org/apache/ozone/ozone-common/1.2.0-SNAPSHOT/ozone-common-1.2.0-SNAPSHOT.jar:/home/runner/.m2/repository/org/apache/commons/commons-compress/1.20/commons-compress-1.20.jar:/home/runner/.m2/repository/org/apache/ozone/hdds-common/1.2.0-SNAPSHOT/hdds-common-1.2.0-SNAPSHOT.jar:/home/runner/.m2/repository/org/apache/ozone/hdds-client/1.2.0-SNAPSHOT/hdds-client-1.2.0-SNAPSHOT.jar:/home/runner/.m2/repository/org/apache/ozone/ozone-interface-client/1.2.0-SNAPSHOT/ozone-interface-client-1.2.0-SNAPSHOT.jar:/home/runner/.m2/repository/org/apache/ozone/hdds-server-framework/1.2.0-SNAPSHOT/hdds-server-framework-1.2.0-SNAPSHOT.jar:/home/runner/.m2/repository/org/apache/ozone/hdds-interface-server/1.2.0-SNAPSHOT/hdds-interface-server-1.2.0-SNAPSHOT.jar:/home/runner/.m2/repository/org/eclipse/jetty/jetty-servlet/9.4.43.v20210629/jetty-servlet-9.4.43.v20210629.jar:/home/runner/.m2/repository/org/eclipse/jetty/jetty-security/9.4.43.v20210629/jetty-security-9.4.43.v20210629.jar:/home/runner/.m2/repository/org/rocksdb/rocksdbjni/6.20.3/rocksdbjni-6.20.3.jar:/home/runner/.m2/repository/io/prometheus/simpleclient_dropwizard/0.7.0/simpleclient_dropwizard-0.7.0.jar:/home/runner/.m2/repository/io/prometheus/simpleclient/0.7.0/simpleclient-0.7.0.jar:/home/runner/.m2/repository/io/prometheus/simpleclient_common/0.7.0/simpleclient_common-0.7.0.jar:/home/runner/.m2/repository/com/fasterxml/jackson/datatype/jackson-datatype-jsr310/2.12.1/jackson-datatype-jsr310-2.12.1.jar:/home/runner/.m2/repository/org/apache/ozone/hdds-test-utils/1.2.0-SNAPSHOT/hdds-test-utils-1.2.0-SNAPSHOT.jar:/home/runner/.m2/repository/com/google/guava/guava/30.1.1-jre/guava-30.1.1-jre.jar:/home/runner/.m2/repository/com/google/guava/failureaccess/1.0.1/failureaccess-1.0.1.jar:/home/runner/.m2/repository/com/google/guava/listenablefuture/9999.0-empty-to-avoid-conflict-with-guava/listenablefuture-9999.0-empty-to-avoid-conflict-with-guava.jar:/home/runner/.m2/repository/com/google/code/findbugs/jsr305/3.0.0/jsr305-3.0.0.jar:/home/runner/.m2/repository/org/checkerframework/checker-qual/3.8.0/checker-qual-3.8.0.jar:/home/runner/.m2/repository/com/google/errorprone/error_prone_annotations/2.2.0/error_prone_annotations-2.2.0.jar:/home/runner/.m2/repository/com/google/j2objc/j2objc-annotations/1.3/j2objc-annotations-1.3.jar:/home/runner/.m2/repository/commons-io/commons-io/2.8.0/commons-io-2.8.0.jar:/home/runner/.m2/repository/commons-logging/commons-logging/1.2/commons-logging-1.2.jar:/home/runner/.m2/repository/log4j/log4j/1.2.17/log4j-1.2.17.jar:/home/runner/.m2/repository/org/slf4j/slf4j-api/1.7.30/slf4j-api-1.7.30.jar:/home/runner/.m2/repository/org/apache/ozone/hdds-server-scm/1.2.0-SNAPSHOT/hdds-server-scm-1.2.0-SNAPSHOT.jar:/home/runner/.m2/repository/org/apache/ozone/hdds-container-service/1.2.0-SNAPSHOT/hdds-container-service-1.2.0-SNAPSHOT.jar:/home/runner/.m2/repository/org/apache/ozone/hdds-hadoop-dependency-server/1.2.0-SNAPSHOT/hdds-hadoop-dependency-server-1.2.0-SNAPSHOT.jar:/home/runner/.m2/repository/org/apache/hadoop/hadoop-hdfs/3.3.1/hadoop-hdfs-3.3.1.jar:/home/runner/.m2/repository/io/dropwizard/metrics/metrics-core/3.2.4/metrics-core-3.2.4.jar:/home/runner/.m2/repository/org/apache/hadoop/hadoop-hdfs-client/3.3.1/hadoop-hdfs-client-3.3.1.jar:/home/runner/.m2/repository/org/bouncycastle/bcprov-jdk15on/1.67/bcprov-jdk15on-1.67.jar:/home/runner/.m2/repository/com/google/protobuf/protobuf-java/2.5.0/protobuf-java-2.5.0.jar:/home/runner/.m2/repository/org/apache/ozone/ozone-manager/1.2.0-SNAPSHOT/ozone-manager-1.2.0-SNAPSHOT.jar:/home/runner/.m2/repository/org/aspectj/aspectjrt/1.8.9/aspectjrt-1.8.9.jar:/home/runner/.m2/repository/org/aspectj/aspectjweaver/1.8.9/aspectjweaver-1.8.9.jar:/home/runner/.m2/repository/org/apache/ozone/hdds-interface-client/1.2.0-SNAPSHOT/hdds-interface-client-1.2.0-SNAPSHOT.jar:/home/runner/.m2/repository/org/apache/hadoop/thirdparty/hadoop-shaded-protobuf_3_7/1.1.1/hadoop-shaded-protobuf_3_7-1.1.1.jar:/home/runner/.m2/repository/org/apache/ozone/ozone-interface-storage/1.2.0-SNAPSHOT/ozone-interface-storage-1.2.0-SNAPSHOT.jar:/home/runner/.m2/repository/org/reflections/reflections/0.9.11/reflections-0.9.11.jar:/home/runner/.m2/repository/org/apache/hadoop/hadoop-minikdc/3.3.1/hadoop-minikdc-3.3.1.jar:/home/runner/.m2/repository/org/apache/kerby/kerb-simplekdc/1.0.1/kerb-simplekdc-1.0.1.jar:/home/runner/.m2/repository/org/apache/kerby/kerb-client/1.0.1/kerb-client-1.0.1.jar:/home/runner/.m2/repository/org/apache/kerby/kerby-config/1.0.1/kerby-config-1.0.1.jar:/home/runner/.m2/repository/org/apache/kerby/kerb-common/1.0.1/kerb-common-1.0.1.jar:/home/runner/.m2/repository/org/apache/kerby/kerb-crypto/1.0.1/kerb-crypto-1.0.1.jar:/home/runner/.m2/repository/org/apache/kerby/kerb-util/1.0.1/kerb-util-1.0.1.jar:/home/runner/.m2/repository/org/apache/kerby/token-provider/1.0.1/token-provider-1.0.1.jar:/home/runner/.m2/repository/org/apache/kerby/kerb-admin/1.0.1/kerb-admin-1.0.1.jar:/home/runner/.m2/repository/org/apache/kerby/kerb-server/1.0.1/kerb-server-1.0.1.jar:/home/runner/.m2/repository/org/apache/kerby/kerb-identity/1.0.1/kerb-identity-1.0.1.jar:/home/runner/.m2/repository/org/apache/kerby/kerby-xdr/1.0.1/kerby-xdr-1.0.1.jar:/home/runner/.m2/repository/org/slf4j/slf4j-log4j12/1.7.30/slf4j-log4j12-1.7.30.jar:/home/runner/.m2/repository/org/apache/ozone/ozone-s3gateway/1.2.0-SNAPSHOT/ozone-s3gateway-1.2.0-SNAPSHOT.jar:/home/runner/.m2/repository/org/javassist/javassist/3.21.0-GA/javassist-3.21.0-GA.jar:/home/runner/.m2/repository/org/jboss/weld/servlet/weld-servlet/2.4.7.Final/weld-servlet-2.4.7.Final.jar:/home/runner/.m2/repository/org/glassfish/jersey/containers/jersey-container-servlet-core/2.33/jersey-container-servlet-core-2.33.jar:/home/runner/.m2/repository/org/glassfish/hk2/external/jakarta.inject/2.6.1/jakarta.inject-2.6.1.jar:/home/runner/.m2/repository/org/glassfish/jersey/core/jersey-common/2.33/jersey-common-2.33.jar:/home/runner/.m2/repository/jakarta/ws/rs/jakarta.ws.rs-api/2.1.6/jakarta.ws.rs-api-2.1.6.jar:/home/runner/.m2/repository/org/glassfish/jersey/ext/cdi/jersey-cdi1x/2.33/jersey-cdi1x-2.33.jar:/home/runner/.m2/repository/org/glassfish/jersey/inject/jersey-hk2/2.33/jersey-hk2-2.33.jar:/home/runner/.m2/repository/org/glassfish/hk2/hk2-locator/2.6.1/hk2-locator-2.6.1.jar:/home/runner/.m2/repository/org/glassfish/jersey/media/jersey-media-jaxb/2.33/jersey-media-jaxb-2.33.jar:/home/runner/.m2/repository/org/glassfish/hk2/osgi-resource-locator/1.0.3/osgi-resource-locator-1.0.3.jar:/home/runner/.m2/repository/org/glassfish/hk2/hk2-api/2.5.0/hk2-api-2.5.0.jar:/home/runner/.m2/repository/org/glassfish/hk2/hk2-utils/2.5.0/hk2-utils-2.5.0.jar:/home/runner/.m2/repository/org/glassfish/hk2/external/aopalliance-repackaged/2.5.0/aopalliance-repackaged-2.5.0.jar:/home/runner/.m2/repository/com/fasterxml/jackson/dataformat/jackson-dataformat-xml/2.12.1/jackson-dataformat-xml-2.12.1.jar:/home/runner/.m2/repository/com/fasterxml/jackson/core/jackson-core/2.12.1/jackson-core-2.12.1.jar:/home/runner/.m2/repository/com/fasterxml/jackson/module/jackson-module-jaxb-annotations/2.12.1/jackson-module-jaxb-annotations-2.12.1.jar:/home/runner/.m2/repository/jakarta/xml/bind/jakarta.xml.bind-api/2.3.2/jakarta.xml.bind-api-2.3.2.jar:/home/runner/.m2/repository/org/codehaus/woodstox/stax2-api/3.1.4/stax2-api-3.1.4.jar:/home/runner/.m2/repository/com/fasterxml/woodstox/woodstox-core/5.0.3/woodstox-core-5.0.3.jar:/home/runner/.m2/repository/javax/enterprise/cdi-api/1.2/cdi-api-1.2.jar:/home/runner/.m2/repository/javax/el/javax.el-api/3.0.0/javax.el-api-3.0.0.jar:/home/runner/.m2/repository/javax/interceptor/javax.interceptor-api/1.2/javax.interceptor-api-1.2.jar:/home/runner/.m2/repository/javax/inject/javax.inject/1/javax.inject-1.jar:/home/runner/.m2/repository/javax/xml/bind/jaxb-api/2.3.0/jaxb-api-2.3.0.jar:/home/runner/.m2/repository/org/glassfish/jaxb/jaxb-runtime/2.3.0.1/jaxb-runtime-2.3.0.1.jar:/home/runner/.m2/repository/org/glassfish/jaxb/jaxb-core/2.3.0.1/jaxb-core-2.3.0.1.jar:/home/runner/.m2/repository/org/glassfish/jaxb/txw2/2.3.0.1/txw2-2.3.0.1.jar:/home/runner/.m2/repository/com/sun/istack/istack-commons-runtime/3.0.5/istack-commons-runtime-3.0.5.jar:/home/runner/.m2/repository/org/jvnet/staxex/stax-ex/1.7.8/stax-ex-1.7.8.jar:/home/runner/.m2/repository/com/sun/xml/fastinfoset/FastInfoset/1.2.13/FastInfoset-1.2.13.jar:/home/runner/.m2/repository/javax/activation/activation/1.1.1/activation-1.1.1.jar:/home/runner/.m2/repository/org/apache/ozone/ozone-csi/1.2.0-SNAPSHOT/ozone-csi-1.2.0-SNAPSHOT.jar:/home/runner/.m2/repository/com/google/protobuf/protobuf-java-util/3.12.0/protobuf-java-util-3.12.0.jar:/home/runner/.m2/repository/com/google/code/gson/gson/2.2.4/gson-2.2.4.jar:/home/runner/.m2/repository/org/apache/ozone/hdds-config/1.2.0-SNAPSHOT/hdds-config-1.2.0-SNAPSHOT.jar:/home/runner/.m2/repository/io/grpc/grpc-netty/1.33.0/grpc-netty-1.33.0.jar:/home/runner/.m2/repository/io/grpc/grpc-core/1.33.0/grpc-core-1.33.0.jar:/home/runner/.m2/repository/com/google/android/annotations/4.1.1.4/annotations-4.1.1.4.jar:/home/runner/.m2/repository/io/netty/netty-codec-http2/4.1.63.Final/netty-codec-http2-4.1.63.Final.jar:/home/runner/.m2/repository/io/netty/netty-codec-http/4.1.63.Final/netty-codec-http-4.1.63.Final.jar:/home/runner/.m2/repository/io/netty/netty-handler-proxy/4.1.63.Final/netty-handler-proxy-4.1.63.Final.jar:/home/runner/.m2/repository/io/netty/netty-codec-socks/4.1.63.Final/netty-codec-socks-4.1.63.Final.jar:/home/runner/.m2/repository/io/perfmark/perfmark-api/0.19.0/perfmark-api-0.19.0.jar:/home/runner/.m2/repository/org/codehaus/mojo/animal-sniffer-annotations/1.18/animal-sniffer-annotations-1.18.jar:/home/runner/.m2/repository/io/netty/netty-transport-native-epoll/4.1.63.Final/netty-transport-native-epoll-4.1.63.Final.jar:/home/runner/.m2/repository/io/netty/netty-common/4.1.63.Final/netty-common-4.1.63.Final.jar:/home/runner/.m2/repository/io/netty/netty-buffer/4.1.63.Final/netty-buffer-4.1.63.Final.jar:/home/runner/.m2/repository/io/netty/netty-transport-native-unix-common/4.1.63.Final/netty-transport-native-unix-common-4.1.63.Final.jar:/home/runner/.m2/repository/io/grpc/grpc-protobuf/1.33.0/grpc-protobuf-1.33.0.jar:/home/runner/.m2/repository/io/grpc/grpc-api/1.33.0/grpc-api-1.33.0.jar:/home/runner/.m2/repository/io/grpc/grpc-context/1.33.0/grpc-context-1.33.0.jar:/home/runner/.m2/repository/com/google/api/grpc/proto-google-common-protos/1.17.0/proto-google-common-protos-1.17.0.jar:/home/runner/.m2/repository/io/grpc/grpc-protobuf-lite/1.33.0/grpc-protobuf-lite-1.33.0.jar:/home/runner/.m2/repository/io/grpc/grpc-stub/1.33.0/grpc-stub-1.33.0.jar:/home/runner/.m2/repository/org/apache/ozone/ozone-recon/1.2.0-SNAPSHOT/ozone-recon-1.2.0-SNAPSHOT.jar:/home/runner/.m2/repository/org/apache/ozone/ozone-reconcodegen/1.2.0-SNAPSHOT/ozone-reconcodegen-1.2.0-SNAPSHOT.jar:/home/runner/.m2/repository/com/google/inject/extensions/guice-multibindings/4.0/guice-multibindings-4.0.jar:/home/runner/.m2/repository/com/google/inject/guice/4.0/guice-4.0.jar:/home/runner/.m2/repository/aopalliance/aopalliance/1.0/aopalliance-1.0.jar:/home/runner/.m2/repository/com/google/inject/extensions/guice-assistedinject/4.0/guice-assistedinject-4.0.jar:/home/runner/.m2/repository/com/google/inject/extensions/guice-servlet/4.0/guice-servlet-4.0.jar:/home/runner/.m2/repository/org/glassfish/jersey/containers/jersey-container-servlet/2.33/jersey-container-servlet-2.33.jar:/home/runner/.m2/repository/org/glassfish/hk2/guice-bridge/2.5.0/guice-bridge-2.5.0.jar:/home/runner/.m2/repository/org/glassfish/jersey/core/jersey-server/2.33/jersey-server-2.33.jar:/home/runner/.m2/repository/org/glassfish/jersey/core/jersey-client/2.33/jersey-client-2.33.jar:/home/runner/.m2/repository/jakarta/annotation/jakarta.annotation-api/1.3.5/jakarta.annotation-api-1.3.5.jar:/home/runner/.m2/repository/jakarta/validation/jakarta.validation-api/2.0.2/jakarta.validation-api-2.0.2.jar:/home/runner/.m2/repository/org/glassfish/jersey/media/jersey-media-json-jackson/2.33/jersey-media-json-jackson-2.33.jar:/home/runner/.m2/repository/org/glassfish/jersey/ext/jersey-entity-filtering/2.33/jersey-entity-filtering-2.33.jar:/home/runner/.m2/repository/org/jooq/jooq/3.11.10/jooq-3.11.10.jar:/home/runner/.m2/repository/org/jooq/jooq-meta/3.11.10/jooq-meta-3.11.10.jar:/home/runner/.m2/repository/org/jooq/jooq-codegen/3.11.10/jooq-codegen-3.11.10.jar:/home/runner/.m2/repository/com/jolbox/bonecp/0.8.0.RELEASE/bonecp-0.8.0.RELEASE.jar:/home/runner/.m2/repository/org/apache/derby/derby/10.14.2.0/derby-10.14.2.0.jar:/home/runner/.m2/repository/org/xerial/sqlite-jdbc/3.25.2/sqlite-jdbc-3.25.2.jar:/home/runner/.m2/repository/org/springframework/spring-jdbc/5.2.11.RELEASE/spring-jdbc-5.2.11.RELEASE.jar:/home/runner/.m2/repository/org/springframework/spring-beans/5.2.11.RELEASE/spring-beans-5.2.11.RELEASE.jar:/home/runner/.m2/repository/org/springframework/spring-core/5.2.11.RELEASE/spring-core-5.2.11.RELEASE.jar:/home/runner/.m2/repository/org/springframework/spring-jcl/5.2.11.RELEASE/spring-jcl-5.2.11.RELEASE.jar:/home/runner/.m2/repository/org/springframework/spring-tx/5.2.11.RELEASE/spring-tx-5.2.11.RELEASE.jar:/home/runner/.m2/repository/org/apache/ozone/ozone-client/1.2.0-SNAPSHOT/ozone-client-1.2.0-SNAPSHOT.jar:/home/runner/.m2/repository/org/apache/ozone/ozone-filesystem/1.2.0-SNAPSHOT/ozone-filesystem-1.2.0-SNAPSHOT.jar:/home/runner/.m2/repository/org/apache/ozone/ozone-filesystem-common/1.2.0-SNAPSHOT/ozone-filesystem-common-1.2.0-SNAPSHOT.jar:/home/runner/.m2/repository/org/apache/ozone/ozone-tools/1.2.0-SNAPSHOT/ozone-tools-1.2.0-SNAPSHOT.jar:/home/runner/.m2/repository/org/apache/ratis/ratis-tools/2.1.0-03f3b68-SNAPSHOT/ratis-tools-2.1.0-03f3b68-SNAPSHOT.jar:/home/runner/.m2/repository/com/amazonaws/aws-java-sdk-core/1.11.901/aws-java-sdk-core-1.11.901.jar:/home/runner/.m2/repository/org/apache/httpcomponents/httpclient/4.5.13/httpclient-4.5.13.jar:/home/runner/.m2/repository/org/apache/httpcomponents/httpcore/4.4.13/httpcore-4.4.13.jar:/home/runner/.m2/repository/software/amazon/ion/ion-java/1.0.2/ion-java-1.0.2.jar:/home/runner/.m2/repository/com/fasterxml/jackson/dataformat/jackson-dataformat-cbor/2.12.1/jackson-dataformat-cbor-2.12.1.jar:/home/runner/.m2/repository/joda-time/joda-time/2.8.1/joda-time-2.8.1.jar:/home/runner/.m2/repository/com/amazonaws/aws-java-sdk-s3/1.11.901/aws-java-sdk-s3-1.11.901.jar:/home/runner/.m2/repository/com/amazonaws/aws-java-sdk-kms/1.11.901/aws-java-sdk-kms-1.11.901.jar:/home/runner/.m2/repository/com/amazonaws/jmespath-java/1.11.901/jmespath-java-1.11.901.jar:/home/runner/.m2/repository/org/kohsuke/metainf-services/metainf-services/1.8/metainf-services-1.8.jar:/home/runner/.m2/repository/org/apache/ozone/hdds-tools/1.2.0-SNAPSHOT/hdds-tools-1.2.0-SNAPSHOT.jar:/home/runner/.m2/repository/commons-cli/commons-cli/1.2/commons-cli-1.2.jar:/home/runner/.m2/repository/org/apache/commons/commons-lang3/3.7/commons-lang3-3.7.jar:/home/runner/.m2/repository/org/apache/ozone/ozone-manager/1.2.0-SNAPSHOT/ozone-manager-1.2.0-SNAPSHOT-tests.jar:/home/runner/.m2/repository/org/apache/ozone/hdds-common/1.2.0-SNAPSHOT/hdds-common-1.2.0-SNAPSHOT-tests.jar:/home/runner/.m2/repository/org/apache/ozone/hdds-hadoop-dependency-client/1.2.0-SNAPSHOT/hdds-hadoop-dependency-client-1.2.0-SNAPSHOT.jar:/home/runner/.m2/repository/info/picocli/picocli/4.6.1/picocli-4.6.1.jar:/home/runner/.m2/repository/com/fasterxml/jackson/core/jackson-annotations/2.12.1/jackson-annotations-2.12.1.jar:/home/runner/.m2/repository/javax/annotation/javax.annotation-api/1.2/javax.annotation-api-1.2.jar:/home/runner/.m2/repository/org/apache/ratis/ratis-server/2.1.0-03f3b68-SNAPSHOT/ratis-server-2.1.0-03f3b68-SNAPSHOT.jar:/home/runner/.m2/repository/org/apache/ratis/ratis-client/2.1.0-03f3b68-SNAPSHOT/ratis-client-2.1.0-03f3b68-SNAPSHOT.jar:/home/runner/.m2/repository/org/apache/ratis/ratis-server-api/2.1.0-03f3b68-SNAPSHOT/ratis-server-api-2.1.0-03f3b68-SNAPSHOT.jar:/home/runner/.m2/repository/org/apache/ratis/ratis-metrics/2.1.0-03f3b68-SNAPSHOT/ratis-metrics-2.1.0-03f3b68-SNAPSHOT.jar:/home/runner/.m2/repository/org/apache/ratis/ratis-netty/2.1.0-03f3b68-SNAPSHOT/ratis-netty-2.1.0-03f3b68-SNAPSHOT.jar:/home/runner/.m2/repository/org/apache/ratis/ratis-grpc/2.1.0-03f3b68-SNAPSHOT/ratis-grpc-2.1.0-03f3b68-SNAPSHOT.jar:/home/runner/.m2/repository/org/apache/logging/log4j/log4j-api/2.13.3/log4j-api-2.13.3.jar:/home/runner/.m2/repository/org/apache/logging/log4j/log4j-core/2.13.3/log4j-core-2.13.3.jar:/home/runner/.m2/repository/com/lmax/disruptor/3.4.2/disruptor-3.4.2.jar:/home/runner/.m2/repository/org/apache/commons/commons-pool2/2.6.0/commons-pool2-2.6.0.jar:/home/runner/.m2/repository/org/bouncycastle/bcpkix-jdk15on/1.67/bcpkix-jdk15on-1.67.jar:/home/runner/.m2/repository/commons-validator/commons-validator/1.6/commons-validator-1.6.jar:/home/runner/.m2/repository/commons-beanutils/commons-beanutils/1.9.4/commons-beanutils-1.9.4.jar:/home/runner/.m2/repository/commons-digester/commons-digester/1.8.1/commons-digester-1.8.1.jar:/home/runner/.m2/repository/commons-collections/commons-collections/3.2.2/commons-collections-3.2.2.jar:/home/runner/.m2/repository/io/jaegertracing/jaeger-client/1.6.0/jaeger-client-1.6.0.jar:/home/runner/.m2/repository/io/jaegertracing/jaeger-thrift/1.6.0/jaeger-thrift-1.6.0.jar:/home/runner/.m2/repository/org/apache/thrift/libthrift/0.14.1/libthrift-0.14.1.jar:/home/runner/.m2/repository/com/squareup/okhttp3/okhttp/4.9.0/okhttp-4.9.0.jar:/home/runner/.m2/repository/com/squareup/okio/okio/2.8.0/okio-2.8.0.jar:/home/runner/.m2/repository/io/jaegertracing/jaeger-core/1.6.0/jaeger-core-1.6.0.jar:/home/runner/.m2/repository/io/jaegertracing/jaeger-tracerresolver/1.6.0/jaeger-tracerresolver-1.6.0.jar:/home/runner/.m2/repository/io/opentracing/contrib/opentracing-tracerresolver/0.1.8/opentracing-tracerresolver-0.1.8.jar:/home/runner/.m2/repository/org/jetbrains/kotlin/kotlin-stdlib/1.4.31/kotlin-stdlib-1.4.31.jar:/home/runner/.m2/repository/org/jetbrains/kotlin/kotlin-stdlib-common/1.4.31/kotlin-stdlib-common-1.4.31.jar:/home/runner/.m2/repository/org/jetbrains/annotations/13.0/annotations-13.0.jar:/home/runner/.m2/repository/io/opentracing/opentracing-util/0.33.0/opentracing-util-0.33.0.jar:/home/runner/.m2/repository/io/opentracing/opentracing-api/0.33.0/opentracing-api-0.33.0.jar:/home/runner/.m2/repository/io/opentracing/opentracing-noop/0.33.0/opentracing-noop-0.33.0.jar:/home/runner/.m2/repository/org/yaml/snakeyaml/1.26/snakeyaml-1.26.jar:/home/runner/.m2/repository/org/apache/ozone/hdds-interface-admin/1.2.0-SNAPSHOT/hdds-interface-admin-1.2.0-SNAPSHOT.jar:/home/runner/.m2/repository/junit/junit/4.13.1/junit-4.13.1.jar:/home/runner/.m2/repository/org/hamcrest/hamcrest-core/1.3/hamcrest-core-1.3.jar:/home/runner/.m2/repository/org/junit/jupiter/junit-jupiter-api/5.7.0/junit-jupiter-api-5.7.0.jar:/home/runner/.m2/repository/org/apiguardian/apiguardian-api/1.1.0/apiguardian-api-1.1.0.jar:/home/runner/.m2/repository/org/opentest4j/opentest4j/1.2.0/opentest4j-1.2.0.jar:/home/runner/.m2/repository/org/junit/platform/junit-platform-commons/1.7.0/junit-platform-commons-1.7.0.jar:/home/runner/.m2/repository/org/junit/jupiter/junit-jupiter-engine/5.7.0/junit-jupiter-engine-5.7.0.jar:/home/runner/.m2/repository/org/junit/platform/junit-platform-engine/1.7.0/junit-platform-engine-1.7.0.jar:/home/runner/.m2/repository/org/junit/vintage/junit-vintage-engine/5.7.0/junit-vintage-engine-5.7.0.jar:/home/runner/.m2/repository/org/junit/platform/junit-platform-launcher/1.7.0/junit-platform-launcher-1.7.0.jar:/home/runner/.m2/repository/org/openjdk/jmh/jmh-core/1.19/jmh-core-1.19.jar:/home/runner/.m2/repository/net/sf/jopt-simple/jopt-simple/4.6/jopt-simple-4.6.jar:/home/runner/.m2/repository/org/apache/commons/commons-math3/3.1.1/commons-math3-3.1.1.jar:/home/runner/.m2/repository/org/openjdk/jmh/jmh-generator-annprocess/1.19/jmh-generator-annprocess-1.19.jar:/home/runner/.m2/repository/org/mockito/mockito-core/2.28.2/mockito-core-2.28.2.jar:/home/runner/.m2/repository/net/bytebuddy/byte-buddy/1.9.10/byte-buddy-1.9.10.jar:/home/runner/.m2/repository/net/bytebuddy/byte-buddy-agent/1.9.10/byte-buddy-agent-1.9.10.jar:/home/runner/.m2/repository/org/objenesis/objenesis/1.0/objenesis-1.0.jar:/home/runner/.m2/repository/org/apache/hadoop/hadoop-kms/3.3.1/hadoop-kms-3.3.1.jar:/home/runner/.m2/repository/org/apache/hadoop/hadoop-auth/3.3.1/hadoop-auth-3.3.1.jar:/home/runner/.m2/repository/com/nimbusds/nimbus-jose-jwt/7.9/nimbus-jose-jwt-7.9.jar:/home/runner/.m2/repository/com/github/stephenc/jcip/jcip-annotations/1.0-1/jcip-annotations-1.0-1.jar:/home/runner/.m2/repository/net/minidev/json-smart/2.3/json-smart-2.3.jar:/home/runner/.m2/repository/net/minidev/accessors-smart/1.2/accessors-smart-1.2.jar:/home/runner/.m2/repository/org/ow2/asm/asm/5.0.4/asm-5.0.4.jar:/home/runner/.m2/repository/org/apache/zookeeper/zookeeper/3.5.6/zookeeper-3.5.6.jar:/home/runner/.m2/repository/org/apache/zookeeper/zookeeper-jute/3.5.6/zookeeper-jute-3.5.6.jar:/home/runner/.m2/repository/org/apache/yetus/audience-annotations/0.5.0/audience-annotations-0.5.0.jar:/home/runner/.m2/repository/org/apache/curator/curator-framework/4.2.0/curator-framework-4.2.0.jar:/home/runner/.m2/repository/org/apache/hadoop/thirdparty/hadoop-shaded-guava/1.1.1/hadoop-shaded-guava-1.1.1.jar:/home/runner/.m2/repository/com/sun/jersey/jersey-core/1.19/jersey-core-1.19.jar:/home/runner/.m2/repository/javax/ws/rs/jsr311-api/1.1.1/jsr311-api-1.1.1.jar:/home/runner/.m2/repository/com/sun/jersey/jersey-server/1.19/jersey-server-1.19.jar:/home/runner/.m2/repository/javax/servlet/javax.servlet-api/3.1.0/javax.servlet-api-3.1.0.jar:/home/runner/.m2/repository/org/eclipse/jetty/jetty-server/9.4.43.v20210629/jetty-server-9.4.43.v20210629.jar:/home/runner/.m2/repository/org/eclipse/jetty/jetty-http/9.4.43.v20210629/jetty-http-9.4.43.v20210629.jar:/home/runner/.m2/repository/org/eclipse/jetty/jetty-io/9.4.43.v20210629/jetty-io-9.4.43.v20210629.jar:/home/runner/.m2/repository/org/eclipse/jetty/jetty-webapp/9.4.43.v20210629/jetty-webapp-9.4.43.v20210629.jar:/home/runner/.m2/repository/org/eclipse/jetty/jetty-xml/9.4.43.v20210629/jetty-xml-9.4.43.v20210629.jar:/home/runner/.m2/repository/org/apache/hadoop/hadoop-common/3.3.1/hadoop-common-3.3.1.jar:/home/runner/.m2/repository/commons-net/commons-net/3.6/commons-net-3.6.jar:/home/runner/.m2/repository/jakarta/activation/jakarta.activation-api/1.2.1/jakarta.activation-api-1.2.1.jar:/home/runner/.m2/repository/com/sun/jersey/jersey-servlet/1.19/jersey-servlet-1.19.jar:/home/runner/.m2/repository/com/sun/jersey/jersey-json/1.19/jersey-json-1.19.jar:/home/runner/.m2/repository/org/codehaus/jettison/jettison/1.1/jettison-1.1.jar:/home/runner/.m2/repository/com/sun/xml/bind/jaxb-impl/2.2.3-1/jaxb-impl-2.2.3-1.jar:/home/runner/.m2/repository/org/codehaus/jackson/jackson-jaxrs/1.9.2/jackson-jaxrs-1.9.2.jar:/home/runner/.m2/repository/org/codehaus/jackson/jackson-xc/1.9.2/jackson-xc-1.9.2.jar:/home/runner/.m2/repository/org/apache/commons/commons-configuration2/2.1.1/commons-configuration2-2.1.1.jar:/home/runner/.m2/repository/org/apache/commons/commons-text/1.4/commons-text-1.4.jar:/home/runner/.m2/repository/com/google/re2j/re2j/1.1/re2j-1.1.jar:/home/runner/.m2/repository/com/jcraft/jsch/0.1.54/jsch-0.1.54.jar:/home/runner/.m2/repository/org/apache/curator/curator-client/4.2.0/curator-client-4.2.0.jar:/home/runner/.m2/repository/org/apache/curator/curator-recipes/4.2.0/curator-recipes-4.2.0.jar:/home/runner/.m2/repository/org/apache/kerby/kerb-core/1.0.1/kerb-core-1.0.1.jar:/home/runner/.m2/repository/org/apache/kerby/kerby-pkix/1.0.1/kerby-pkix-1.0.1.jar:/home/runner/.m2/repository/org/apache/kerby/kerby-asn1/1.0.1/kerby-asn1-1.0.1.jar:/home/runner/.m2/repository/org/apache/kerby/kerby-util/1.0.1/kerby-util-1.0.1.jar:/home/runner/.m2/repository/dnsjava/dnsjava/2.1.7/dnsjava-2.1.7.jar:/home/runner/.m2/repository/org/xerial/snappy/snappy-java/1.1.8.2/snappy-java-1.1.8.2.jar:/home/runner/.m2/repository/org/slf4j/jul-to-slf4j/1.7.30/jul-to-slf4j-1.7.30.jar:/home/runner/.m2/repository/org/eclipse/jetty/jetty-util/9.4.43.v20210629/jetty-util-9.4.43.v20210629.jar:/home/runner/.m2/repository/com/fasterxml/jackson/core/jackson-databind/2.12.1/jackson-databind-2.12.1.jar:/home/runner/.m2/repository/org/apache/hadoop/hadoop-kms/3.3.1/hadoop-kms-3.3.1-tests.jar:/home/runner/.m2/repository/org/apache/ozone/hdds-server-scm/1.2.0-SNAPSHOT/hdds-server-scm-1.2.0-SNAPSHOT-tests.jar:/home/runner/.m2/repository/org/apache/ozone/hdds-container-service/1.2.0-SNAPSHOT/hdds-container-service-1.2.0-SNAPSHOT-tests.jar:/home/runner/.m2/repository/commons-codec/commons-codec/1.11/commons-codec-1.11.jar:/home/runner/.m2/repository/io/netty/netty-transport/4.1.63.Final/netty-transport-4.1.63.Final.jar:/home/runner/.m2/repository/io/netty/netty-resolver/4.1.63.Final/netty-resolver-4.1.63.Final.jar:/home/runner/.m2/repository/io/netty/netty-codec/4.1.63.Final/netty-codec-4.1.63.Final.jar:/home/runner/.m2/repository/io/netty/netty-handler/4.1.63.Final/netty-handler-4.1.63.Final.jar:/home/runner/.m2/repository/org/apache/ozone/hdds-hadoop-dependency-test/1.2.0-SNAPSHOT/hdds-hadoop-dependency-test-1.2.0-SNAPSHOT.jar:/home/runner/.m2/repository/org/apache/hadoop/hadoop-common/3.3.1/hadoop-common-3.3.1-tests.jar:/home/runner/.m2/repository/org/assertj/assertj-core/3.12.2/assertj-core-3.12.2.jar:/home/runner/.m2/repository/org/apache/hadoop/hadoop-hdfs/3.3.1/hadoop-hdfs-3.3.1-tests.jar:/home/runner/.m2/repository/org/eclipse/jetty/jetty-util-ajax/9.4.43.v20210629/jetty-util-ajax-9.4.43.v20210629.jar:/home/runner/.m2/repository/commons-daemon/commons-daemon/1.0.13/commons-daemon-1.0.13.jar:/home/runner/.m2/repository/io/netty/netty/3.10.6.Final/netty-3.10.6.Final.jar:/home/runner/.m2/repository/io/netty/netty-all/4.1.63.Final/netty-all-4.1.63.Final.jar:/home/runner/.m2/repository/org/apache/htrace/htrace-core4/4.1.0-incubating/htrace-core4-4.1.0-incubating.jar:/home/runner/.m2/repository/org/fusesource/leveldbjni/leveldbjni-all/1.8/leveldbjni-all-1.8.jar:/home/runner/.m2/repository/org/apache/hadoop/hadoop-distcp/3.3.1/hadoop-distcp-3.3.1.jar:/home/runner/.m2/repository/org/apache/hadoop/hadoop-mapreduce-client-jobclient/3.3.1/hadoop-mapreduce-client-jobclient-3.3.1.jar:/home/runner/.m2/repository/org/apache/hadoop/hadoop-mapreduce-client-common/3.3.1/hadoop-mapreduce-client-common-3.3.1.jar:/home/runner/.m2/repository/org/apache/hadoop/hadoop-yarn-common/3.3.1/hadoop-yarn-common-3.3.1.jar:/home/runner/.m2/repository/org/apache/hadoop/hadoop-yarn-api/3.3.1/hadoop-yarn-api-3.3.1.jar:/home/runner/.m2/repository/com/sun/jersey/jersey-client/1.19/jersey-client-1.19.jar:/home/runner/.m2/repository/com/sun/jersey/contribs/jersey-guice/1.19/jersey-guice-1.19.jar:/home/runner/.m2/repository/com/fasterxml/jackson/jaxrs/jackson-jaxrs-json-provider/2.12.1/jackson-jaxrs-json-provider-2.12.1.jar:/home/runner/.m2/repository/com/fasterxml/jackson/jaxrs/jackson-jaxrs-base/2.12.1/jackson-jaxrs-base-2.12.1.jar:/home/runner/.m2/repository/org/apache/hadoop/hadoop-yarn-client/3.3.1/hadoop-yarn-client-3.3.1.jar:/home/runner/.m2/repository/org/eclipse/jetty/websocket/websocket-client/9.4.40.v20210413/websocket-client-9.4.40.v20210413.jar:/home/runner/.m2/repository/org/eclipse/jetty/jetty-client/9.4.40.v20210413/jetty-client-9.4.40.v20210413.jar:/home/runner/.m2/repository/org/eclipse/jetty/websocket/websocket-common/9.4.40.v20210413/websocket-common-9.4.40.v20210413.jar:/home/runner/.m2/repository/org/eclipse/jetty/websocket/websocket-api/9.4.40.v20210413/websocket-api-9.4.40.v20210413.jar:/home/runner/.m2/repository/org/jline/jline/3.9.0/jline-3.9.0.jar:/home/runner/.m2/repository/org/apache/hadoop/hadoop-mapreduce-client-core/3.3.1/hadoop-mapreduce-client-core-3.3.1.jar:/home/runner/.m2/repository/org/apache/avro/avro/1.7.7/avro-1.7.7.jar:/home/runner/.m2/repository/org/codehaus/jackson/jackson-core-asl/1.9.13/jackson-core-asl-1.9.13.jar:/home/runner/.m2/repository/org/codehaus/jackson/jackson-mapper-asl/1.9.13/jackson-mapper-asl-1.9.13.jar:/home/runner/.m2/repository/com/thoughtworks/paranamer/paranamer/2.3/paranamer-2.3.jar:/home/runner/.m2/repository/org/apache/hadoop/hadoop-annotations/3.3.1/hadoop-annotations-3.3.1.jar:/usr/lib/jvm/adoptopenjdk-8-hotspot-amd64/jre/../lib/tools.jar:/home/runner/.m2/repository/org/apache/hadoop/hadoop-distcp/3.3.1/hadoop-distcp-3.3.1-tests.jar:/home/runner/.m2/repository/org/apache/ratis/ratis-common/2.1.0-03f3b68-SNAPSHOT/ratis-common-2.1.0-03f3b68-SNAPSHOT.jar:/home/runner/.m2/repository/org/apache/ratis/ratis-thirdparty-misc/0.7.0/ratis-thirdparty-misc-0.7.0.jar:/home/runner/.m2/repository/org/apache/ratis/ratis-proto/2.1.0-03f3b68-SNAPSHOT/ratis-proto-2.1.0-03f3b68-SNAPSHOT.jar:"/>
    <property name="java.vm.vendor" value="AdoptOpenJDK"/>
    <property name="sun.arch.data.model" value="64"/>
    <property name="test.build.dir" value="/home/runner/work/ozone/ozone/hadoop-ozone/integration-test/target/test-dir"/>
    <property name="test.cache.data" value=""/>
    <property name="java.vendor.url" value="https://adoptopenjdk.net/"/>
    <property name="user.timezone" value=""/>
    <property name="java.vm.specification.version" value="1.8"/>
    <property name="os.name" value="Linux"/>
    <property name="test.build.data" value="/home/runner/work/ozone/ozone/hadoop-ozone/integration-test/target/test-dir"/>
    <property name="sun.java.launcher" value="SUN_STANDARD"/>
    <property name="sun.boot.library.path" value="/usr/lib/jvm/adoptopenjdk-8-hotspot-amd64/jre/lib/amd64"/>
    <property name="sun.java.command" value="/home/runner/work/ozone/ozone/hadoop-ozone/integration-test/target/surefire/surefirebooter4046639408988824307.jar /home/runner/work/ozone/ozone/hadoop-ozone/integration-test/target/surefire 2021-09-05T00-57-25_707-jvmRun1 surefire1300792314575834838tmp surefire_142553912838579585732tmp"/>
    <property name="surefire.test.class.path" value="/home/runner/work/ozone/ozone/hadoop-ozone/integration-test/target/test-classes:/home/runner/work/ozone/ozone/hadoop-ozone/integration-test/target/classes:/home/runner/.m2/repository/org/apache/ozone/ozone-common/1.2.0-SNAPSHOT/ozone-common-1.2.0-SNAPSHOT.jar:/home/runner/.m2/repository/org/apache/commons/commons-compress/1.20/commons-compress-1.20.jar:/home/runner/.m2/repository/org/apache/ozone/hdds-common/1.2.0-SNAPSHOT/hdds-common-1.2.0-SNAPSHOT.jar:/home/runner/.m2/repository/org/apache/ozone/hdds-client/1.2.0-SNAPSHOT/hdds-client-1.2.0-SNAPSHOT.jar:/home/runner/.m2/repository/org/apache/ozone/ozone-interface-client/1.2.0-SNAPSHOT/ozone-interface-client-1.2.0-SNAPSHOT.jar:/home/runner/.m2/repository/org/apache/ozone/hdds-server-framework/1.2.0-SNAPSHOT/hdds-server-framework-1.2.0-SNAPSHOT.jar:/home/runner/.m2/repository/org/apache/ozone/hdds-interface-server/1.2.0-SNAPSHOT/hdds-interface-server-1.2.0-SNAPSHOT.jar:/home/runner/.m2/repository/org/eclipse/jetty/jetty-servlet/9.4.43.v20210629/jetty-servlet-9.4.43.v20210629.jar:/home/runner/.m2/repository/org/eclipse/jetty/jetty-security/9.4.43.v20210629/jetty-security-9.4.43.v20210629.jar:/home/runner/.m2/repository/org/rocksdb/rocksdbjni/6.20.3/rocksdbjni-6.20.3.jar:/home/runner/.m2/repository/io/prometheus/simpleclient_dropwizard/0.7.0/simpleclient_dropwizard-0.7.0.jar:/home/runner/.m2/repository/io/prometheus/simpleclient/0.7.0/simpleclient-0.7.0.jar:/home/runner/.m2/repository/io/prometheus/simpleclient_common/0.7.0/simpleclient_common-0.7.0.jar:/home/runner/.m2/repository/com/fasterxml/jackson/datatype/jackson-datatype-jsr310/2.12.1/jackson-datatype-jsr310-2.12.1.jar:/home/runner/.m2/repository/org/apache/ozone/hdds-test-utils/1.2.0-SNAPSHOT/hdds-test-utils-1.2.0-SNAPSHOT.jar:/home/runner/.m2/repository/com/google/guava/guava/30.1.1-jre/guava-30.1.1-jre.jar:/home/runner/.m2/repository/com/google/guava/failureaccess/1.0.1/failureaccess-1.0.1.jar:/home/runner/.m2/repository/com/google/guava/listenablefuture/9999.0-empty-to-avoid-conflict-with-guava/listenablefuture-9999.0-empty-to-avoid-conflict-with-guava.jar:/home/runner/.m2/repository/com/google/code/findbugs/jsr305/3.0.0/jsr305-3.0.0.jar:/home/runner/.m2/repository/org/checkerframework/checker-qual/3.8.0/checker-qual-3.8.0.jar:/home/runner/.m2/repository/com/google/errorprone/error_prone_annotations/2.2.0/error_prone_annotations-2.2.0.jar:/home/runner/.m2/repository/com/google/j2objc/j2objc-annotations/1.3/j2objc-annotations-1.3.jar:/home/runner/.m2/repository/commons-io/commons-io/2.8.0/commons-io-2.8.0.jar:/home/runner/.m2/repository/commons-logging/commons-logging/1.2/commons-logging-1.2.jar:/home/runner/.m2/repository/log4j/log4j/1.2.17/log4j-1.2.17.jar:/home/runner/.m2/repository/org/slf4j/slf4j-api/1.7.30/slf4j-api-1.7.30.jar:/home/runner/.m2/repository/org/apache/ozone/hdds-server-scm/1.2.0-SNAPSHOT/hdds-server-scm-1.2.0-SNAPSHOT.jar:/home/runner/.m2/repository/org/apache/ozone/hdds-container-service/1.2.0-SNAPSHOT/hdds-container-service-1.2.0-SNAPSHOT.jar:/home/runner/.m2/repository/org/apache/ozone/hdds-hadoop-dependency-server/1.2.0-SNAPSHOT/hdds-hadoop-dependency-server-1.2.0-SNAPSHOT.jar:/home/runner/.m2/repository/org/apache/hadoop/hadoop-hdfs/3.3.1/hadoop-hdfs-3.3.1.jar:/home/runner/.m2/repository/io/dropwizard/metrics/metrics-core/3.2.4/metrics-core-3.2.4.jar:/home/runner/.m2/repository/org/apache/hadoop/hadoop-hdfs-client/3.3.1/hadoop-hdfs-client-3.3.1.jar:/home/runner/.m2/repository/org/bouncycastle/bcprov-jdk15on/1.67/bcprov-jdk15on-1.67.jar:/home/runner/.m2/repository/com/google/protobuf/protobuf-java/2.5.0/protobuf-java-2.5.0.jar:/home/runner/.m2/repository/org/apache/ozone/ozone-manager/1.2.0-SNAPSHOT/ozone-manager-1.2.0-SNAPSHOT.jar:/home/runner/.m2/repository/org/aspectj/aspectjrt/1.8.9/aspectjrt-1.8.9.jar:/home/runner/.m2/repository/org/aspectj/aspectjweaver/1.8.9/aspectjweaver-1.8.9.jar:/home/runner/.m2/repository/org/apache/ozone/hdds-interface-client/1.2.0-SNAPSHOT/hdds-interface-client-1.2.0-SNAPSHOT.jar:/home/runner/.m2/repository/org/apache/hadoop/thirdparty/hadoop-shaded-protobuf_3_7/1.1.1/hadoop-shaded-protobuf_3_7-1.1.1.jar:/home/runner/.m2/repository/org/apache/ozone/ozone-interface-storage/1.2.0-SNAPSHOT/ozone-interface-storage-1.2.0-SNAPSHOT.jar:/home/runner/.m2/repository/org/reflections/reflections/0.9.11/reflections-0.9.11.jar:/home/runner/.m2/repository/org/apache/hadoop/hadoop-minikdc/3.3.1/hadoop-minikdc-3.3.1.jar:/home/runner/.m2/repository/org/apache/kerby/kerb-simplekdc/1.0.1/kerb-simplekdc-1.0.1.jar:/home/runner/.m2/repository/org/apache/kerby/kerb-client/1.0.1/kerb-client-1.0.1.jar:/home/runner/.m2/repository/org/apache/kerby/kerby-config/1.0.1/kerby-config-1.0.1.jar:/home/runner/.m2/repository/org/apache/kerby/kerb-common/1.0.1/kerb-common-1.0.1.jar:/home/runner/.m2/repository/org/apache/kerby/kerb-crypto/1.0.1/kerb-crypto-1.0.1.jar:/home/runner/.m2/repository/org/apache/kerby/kerb-util/1.0.1/kerb-util-1.0.1.jar:/home/runner/.m2/repository/org/apache/kerby/token-provider/1.0.1/token-provider-1.0.1.jar:/home/runner/.m2/repository/org/apache/kerby/kerb-admin/1.0.1/kerb-admin-1.0.1.jar:/home/runner/.m2/repository/org/apache/kerby/kerb-server/1.0.1/kerb-server-1.0.1.jar:/home/runner/.m2/repository/org/apache/kerby/kerb-identity/1.0.1/kerb-identity-1.0.1.jar:/home/runner/.m2/repository/org/apache/kerby/kerby-xdr/1.0.1/kerby-xdr-1.0.1.jar:/home/runner/.m2/repository/org/slf4j/slf4j-log4j12/1.7.30/slf4j-log4j12-1.7.30.jar:/home/runner/.m2/repository/org/apache/ozone/ozone-s3gateway/1.2.0-SNAPSHOT/ozone-s3gateway-1.2.0-SNAPSHOT.jar:/home/runner/.m2/repository/org/javassist/javassist/3.21.0-GA/javassist-3.21.0-GA.jar:/home/runner/.m2/repository/org/jboss/weld/servlet/weld-servlet/2.4.7.Final/weld-servlet-2.4.7.Final.jar:/home/runner/.m2/repository/org/glassfish/jersey/containers/jersey-container-servlet-core/2.33/jersey-container-servlet-core-2.33.jar:/home/runner/.m2/repository/org/glassfish/hk2/external/jakarta.inject/2.6.1/jakarta.inject-2.6.1.jar:/home/runner/.m2/repository/org/glassfish/jersey/core/jersey-common/2.33/jersey-common-2.33.jar:/home/runner/.m2/repository/jakarta/ws/rs/jakarta.ws.rs-api/2.1.6/jakarta.ws.rs-api-2.1.6.jar:/home/runner/.m2/repository/org/glassfish/jersey/ext/cdi/jersey-cdi1x/2.33/jersey-cdi1x-2.33.jar:/home/runner/.m2/repository/org/glassfish/jersey/inject/jersey-hk2/2.33/jersey-hk2-2.33.jar:/home/runner/.m2/repository/org/glassfish/hk2/hk2-locator/2.6.1/hk2-locator-2.6.1.jar:/home/runner/.m2/repository/org/glassfish/jersey/media/jersey-media-jaxb/2.33/jersey-media-jaxb-2.33.jar:/home/runner/.m2/repository/org/glassfish/hk2/osgi-resource-locator/1.0.3/osgi-resource-locator-1.0.3.jar:/home/runner/.m2/repository/org/glassfish/hk2/hk2-api/2.5.0/hk2-api-2.5.0.jar:/home/runner/.m2/repository/org/glassfish/hk2/hk2-utils/2.5.0/hk2-utils-2.5.0.jar:/home/runner/.m2/repository/org/glassfish/hk2/external/aopalliance-repackaged/2.5.0/aopalliance-repackaged-2.5.0.jar:/home/runner/.m2/repository/com/fasterxml/jackson/dataformat/jackson-dataformat-xml/2.12.1/jackson-dataformat-xml-2.12.1.jar:/home/runner/.m2/repository/com/fasterxml/jackson/core/jackson-core/2.12.1/jackson-core-2.12.1.jar:/home/runner/.m2/repository/com/fasterxml/jackson/module/jackson-module-jaxb-annotations/2.12.1/jackson-module-jaxb-annotations-2.12.1.jar:/home/runner/.m2/repository/jakarta/xml/bind/jakarta.xml.bind-api/2.3.2/jakarta.xml.bind-api-2.3.2.jar:/home/runner/.m2/repository/org/codehaus/woodstox/stax2-api/3.1.4/stax2-api-3.1.4.jar:/home/runner/.m2/repository/com/fasterxml/woodstox/woodstox-core/5.0.3/woodstox-core-5.0.3.jar:/home/runner/.m2/repository/javax/enterprise/cdi-api/1.2/cdi-api-1.2.jar:/home/runner/.m2/repository/javax/el/javax.el-api/3.0.0/javax.el-api-3.0.0.jar:/home/runner/.m2/repository/javax/interceptor/javax.interceptor-api/1.2/javax.interceptor-api-1.2.jar:/home/runner/.m2/repository/javax/inject/javax.inject/1/javax.inject-1.jar:/home/runner/.m2/repository/javax/xml/bind/jaxb-api/2.3.0/jaxb-api-2.3.0.jar:/home/runner/.m2/repository/org/glassfish/jaxb/jaxb-runtime/2.3.0.1/jaxb-runtime-2.3.0.1.jar:/home/runner/.m2/repository/org/glassfish/jaxb/jaxb-core/2.3.0.1/jaxb-core-2.3.0.1.jar:/home/runner/.m2/repository/org/glassfish/jaxb/txw2/2.3.0.1/txw2-2.3.0.1.jar:/home/runner/.m2/repository/com/sun/istack/istack-commons-runtime/3.0.5/istack-commons-runtime-3.0.5.jar:/home/runner/.m2/repository/org/jvnet/staxex/stax-ex/1.7.8/stax-ex-1.7.8.jar:/home/runner/.m2/repository/com/sun/xml/fastinfoset/FastInfoset/1.2.13/FastInfoset-1.2.13.jar:/home/runner/.m2/repository/javax/activation/activation/1.1.1/activation-1.1.1.jar:/home/runner/.m2/repository/org/apache/ozone/ozone-csi/1.2.0-SNAPSHOT/ozone-csi-1.2.0-SNAPSHOT.jar:/home/runner/.m2/repository/com/google/protobuf/protobuf-java-util/3.12.0/protobuf-java-util-3.12.0.jar:/home/runner/.m2/repository/com/google/code/gson/gson/2.2.4/gson-2.2.4.jar:/home/runner/.m2/repository/org/apache/ozone/hdds-config/1.2.0-SNAPSHOT/hdds-config-1.2.0-SNAPSHOT.jar:/home/runner/.m2/repository/io/grpc/grpc-netty/1.33.0/grpc-netty-1.33.0.jar:/home/runner/.m2/repository/io/grpc/grpc-core/1.33.0/grpc-core-1.33.0.jar:/home/runner/.m2/repository/com/google/android/annotations/4.1.1.4/annotations-4.1.1.4.jar:/home/runner/.m2/repository/io/netty/netty-codec-http2/4.1.63.Final/netty-codec-http2-4.1.63.Final.jar:/home/runner/.m2/repository/io/netty/netty-codec-http/4.1.63.Final/netty-codec-http-4.1.63.Final.jar:/home/runner/.m2/repository/io/netty/netty-handler-proxy/4.1.63.Final/netty-handler-proxy-4.1.63.Final.jar:/home/runner/.m2/repository/io/netty/netty-codec-socks/4.1.63.Final/netty-codec-socks-4.1.63.Final.jar:/home/runner/.m2/repository/io/perfmark/perfmark-api/0.19.0/perfmark-api-0.19.0.jar:/home/runner/.m2/repository/org/codehaus/mojo/animal-sniffer-annotations/1.18/animal-sniffer-annotations-1.18.jar:/home/runner/.m2/repository/io/netty/netty-transport-native-epoll/4.1.63.Final/netty-transport-native-epoll-4.1.63.Final.jar:/home/runner/.m2/repository/io/netty/netty-common/4.1.63.Final/netty-common-4.1.63.Final.jar:/home/runner/.m2/repository/io/netty/netty-buffer/4.1.63.Final/netty-buffer-4.1.63.Final.jar:/home/runner/.m2/repository/io/netty/netty-transport-native-unix-common/4.1.63.Final/netty-transport-native-unix-common-4.1.63.Final.jar:/home/runner/.m2/repository/io/grpc/grpc-protobuf/1.33.0/grpc-protobuf-1.33.0.jar:/home/runner/.m2/repository/io/grpc/grpc-api/1.33.0/grpc-api-1.33.0.jar:/home/runner/.m2/repository/io/grpc/grpc-context/1.33.0/grpc-context-1.33.0.jar:/home/runner/.m2/repository/com/google/api/grpc/proto-google-common-protos/1.17.0/proto-google-common-protos-1.17.0.jar:/home/runner/.m2/repository/io/grpc/grpc-protobuf-lite/1.33.0/grpc-protobuf-lite-1.33.0.jar:/home/runner/.m2/repository/io/grpc/grpc-stub/1.33.0/grpc-stub-1.33.0.jar:/home/runner/.m2/repository/org/apache/ozone/ozone-recon/1.2.0-SNAPSHOT/ozone-recon-1.2.0-SNAPSHOT.jar:/home/runner/.m2/repository/org/apache/ozone/ozone-reconcodegen/1.2.0-SNAPSHOT/ozone-reconcodegen-1.2.0-SNAPSHOT.jar:/home/runner/.m2/repository/com/google/inject/extensions/guice-multibindings/4.0/guice-multibindings-4.0.jar:/home/runner/.m2/repository/com/google/inject/guice/4.0/guice-4.0.jar:/home/runner/.m2/repository/aopalliance/aopalliance/1.0/aopalliance-1.0.jar:/home/runner/.m2/repository/com/google/inject/extensions/guice-assistedinject/4.0/guice-assistedinject-4.0.jar:/home/runner/.m2/repository/com/google/inject/extensions/guice-servlet/4.0/guice-servlet-4.0.jar:/home/runner/.m2/repository/org/glassfish/jersey/containers/jersey-container-servlet/2.33/jersey-container-servlet-2.33.jar:/home/runner/.m2/repository/org/glassfish/hk2/guice-bridge/2.5.0/guice-bridge-2.5.0.jar:/home/runner/.m2/repository/org/glassfish/jersey/core/jersey-server/2.33/jersey-server-2.33.jar:/home/runner/.m2/repository/org/glassfish/jersey/core/jersey-client/2.33/jersey-client-2.33.jar:/home/runner/.m2/repository/jakarta/annotation/jakarta.annotation-api/1.3.5/jakarta.annotation-api-1.3.5.jar:/home/runner/.m2/repository/jakarta/validation/jakarta.validation-api/2.0.2/jakarta.validation-api-2.0.2.jar:/home/runner/.m2/repository/org/glassfish/jersey/media/jersey-media-json-jackson/2.33/jersey-media-json-jackson-2.33.jar:/home/runner/.m2/repository/org/glassfish/jersey/ext/jersey-entity-filtering/2.33/jersey-entity-filtering-2.33.jar:/home/runner/.m2/repository/org/jooq/jooq/3.11.10/jooq-3.11.10.jar:/home/runner/.m2/repository/org/jooq/jooq-meta/3.11.10/jooq-meta-3.11.10.jar:/home/runner/.m2/repository/org/jooq/jooq-codegen/3.11.10/jooq-codegen-3.11.10.jar:/home/runner/.m2/repository/com/jolbox/bonecp/0.8.0.RELEASE/bonecp-0.8.0.RELEASE.jar:/home/runner/.m2/repository/org/apache/derby/derby/10.14.2.0/derby-10.14.2.0.jar:/home/runner/.m2/repository/org/xerial/sqlite-jdbc/3.25.2/sqlite-jdbc-3.25.2.jar:/home/runner/.m2/repository/org/springframework/spring-jdbc/5.2.11.RELEASE/spring-jdbc-5.2.11.RELEASE.jar:/home/runner/.m2/repository/org/springframework/spring-beans/5.2.11.RELEASE/spring-beans-5.2.11.RELEASE.jar:/home/runner/.m2/repository/org/springframework/spring-core/5.2.11.RELEASE/spring-core-5.2.11.RELEASE.jar:/home/runner/.m2/repository/org/springframework/spring-jcl/5.2.11.RELEASE/spring-jcl-5.2.11.RELEASE.jar:/home/runner/.m2/repository/org/springframework/spring-tx/5.2.11.RELEASE/spring-tx-5.2.11.RELEASE.jar:/home/runner/.m2/repository/org/apache/ozone/ozone-client/1.2.0-SNAPSHOT/ozone-client-1.2.0-SNAPSHOT.jar:/home/runner/.m2/repository/org/apache/ozone/ozone-filesystem/1.2.0-SNAPSHOT/ozone-filesystem-1.2.0-SNAPSHOT.jar:/home/runner/.m2/repository/org/apache/ozone/ozone-filesystem-common/1.2.0-SNAPSHOT/ozone-filesystem-common-1.2.0-SNAPSHOT.jar:/home/runner/.m2/repository/org/apache/ozone/ozone-tools/1.2.0-SNAPSHOT/ozone-tools-1.2.0-SNAPSHOT.jar:/home/runner/.m2/repository/org/apache/ratis/ratis-tools/2.1.0-03f3b68-SNAPSHOT/ratis-tools-2.1.0-03f3b68-SNAPSHOT.jar:/home/runner/.m2/repository/com/amazonaws/aws-java-sdk-core/1.11.901/aws-java-sdk-core-1.11.901.jar:/home/runner/.m2/repository/org/apache/httpcomponents/httpclient/4.5.13/httpclient-4.5.13.jar:/home/runner/.m2/repository/org/apache/httpcomponents/httpcore/4.4.13/httpcore-4.4.13.jar:/home/runner/.m2/repository/software/amazon/ion/ion-java/1.0.2/ion-java-1.0.2.jar:/home/runner/.m2/repository/com/fasterxml/jackson/dataformat/jackson-dataformat-cbor/2.12.1/jackson-dataformat-cbor-2.12.1.jar:/home/runner/.m2/repository/joda-time/joda-time/2.8.1/joda-time-2.8.1.jar:/home/runner/.m2/repository/com/amazonaws/aws-java-sdk-s3/1.11.901/aws-java-sdk-s3-1.11.901.jar:/home/runner/.m2/repository/com/amazonaws/aws-java-sdk-kms/1.11.901/aws-java-sdk-kms-1.11.901.jar:/home/runner/.m2/repository/com/amazonaws/jmespath-java/1.11.901/jmespath-java-1.11.901.jar:/home/runner/.m2/repository/org/kohsuke/metainf-services/metainf-services/1.8/metainf-services-1.8.jar:/home/runner/.m2/repository/org/apache/ozone/hdds-tools/1.2.0-SNAPSHOT/hdds-tools-1.2.0-SNAPSHOT.jar:/home/runner/.m2/repository/commons-cli/commons-cli/1.2/commons-cli-1.2.jar:/home/runner/.m2/repository/org/apache/commons/commons-lang3/3.7/commons-lang3-3.7.jar:/home/runner/.m2/repository/org/apache/ozone/ozone-manager/1.2.0-SNAPSHOT/ozone-manager-1.2.0-SNAPSHOT-tests.jar:/home/runner/.m2/repository/org/apache/ozone/hdds-common/1.2.0-SNAPSHOT/hdds-common-1.2.0-SNAPSHOT-tests.jar:/home/runner/.m2/repository/org/apache/ozone/hdds-hadoop-dependency-client/1.2.0-SNAPSHOT/hdds-hadoop-dependency-client-1.2.0-SNAPSHOT.jar:/home/runner/.m2/repository/info/picocli/picocli/4.6.1/picocli-4.6.1.jar:/home/runner/.m2/repository/com/fasterxml/jackson/core/jackson-annotations/2.12.1/jackson-annotations-2.12.1.jar:/home/runner/.m2/repository/javax/annotation/javax.annotation-api/1.2/javax.annotation-api-1.2.jar:/home/runner/.m2/repository/org/apache/ratis/ratis-server/2.1.0-03f3b68-SNAPSHOT/ratis-server-2.1.0-03f3b68-SNAPSHOT.jar:/home/runner/.m2/repository/org/apache/ratis/ratis-client/2.1.0-03f3b68-SNAPSHOT/ratis-client-2.1.0-03f3b68-SNAPSHOT.jar:/home/runner/.m2/repository/org/apache/ratis/ratis-server-api/2.1.0-03f3b68-SNAPSHOT/ratis-server-api-2.1.0-03f3b68-SNAPSHOT.jar:/home/runner/.m2/repository/org/apache/ratis/ratis-metrics/2.1.0-03f3b68-SNAPSHOT/ratis-metrics-2.1.0-03f3b68-SNAPSHOT.jar:/home/runner/.m2/repository/org/apache/ratis/ratis-netty/2.1.0-03f3b68-SNAPSHOT/ratis-netty-2.1.0-03f3b68-SNAPSHOT.jar:/home/runner/.m2/repository/org/apache/ratis/ratis-grpc/2.1.0-03f3b68-SNAPSHOT/ratis-grpc-2.1.0-03f3b68-SNAPSHOT.jar:/home/runner/.m2/repository/org/apache/logging/log4j/log4j-api/2.13.3/log4j-api-2.13.3.jar:/home/runner/.m2/repository/org/apache/logging/log4j/log4j-core/2.13.3/log4j-core-2.13.3.jar:/home/runner/.m2/repository/com/lmax/disruptor/3.4.2/disruptor-3.4.2.jar:/home/runner/.m2/repository/org/apache/commons/commons-pool2/2.6.0/commons-pool2-2.6.0.jar:/home/runner/.m2/repository/org/bouncycastle/bcpkix-jdk15on/1.67/bcpkix-jdk15on-1.67.jar:/home/runner/.m2/repository/commons-validator/commons-validator/1.6/commons-validator-1.6.jar:/home/runner/.m2/repository/commons-beanutils/commons-beanutils/1.9.4/commons-beanutils-1.9.4.jar:/home/runner/.m2/repository/commons-digester/commons-digester/1.8.1/commons-digester-1.8.1.jar:/home/runner/.m2/repository/commons-collections/commons-collections/3.2.2/commons-collections-3.2.2.jar:/home/runner/.m2/repository/io/jaegertracing/jaeger-client/1.6.0/jaeger-client-1.6.0.jar:/home/runner/.m2/repository/io/jaegertracing/jaeger-thrift/1.6.0/jaeger-thrift-1.6.0.jar:/home/runner/.m2/repository/org/apache/thrift/libthrift/0.14.1/libthrift-0.14.1.jar:/home/runner/.m2/repository/com/squareup/okhttp3/okhttp/4.9.0/okhttp-4.9.0.jar:/home/runner/.m2/repository/com/squareup/okio/okio/2.8.0/okio-2.8.0.jar:/home/runner/.m2/repository/io/jaegertracing/jaeger-core/1.6.0/jaeger-core-1.6.0.jar:/home/runner/.m2/repository/io/jaegertracing/jaeger-tracerresolver/1.6.0/jaeger-tracerresolver-1.6.0.jar:/home/runner/.m2/repository/io/opentracing/contrib/opentracing-tracerresolver/0.1.8/opentracing-tracerresolver-0.1.8.jar:/home/runner/.m2/repository/org/jetbrains/kotlin/kotlin-stdlib/1.4.31/kotlin-stdlib-1.4.31.jar:/home/runner/.m2/repository/org/jetbrains/kotlin/kotlin-stdlib-common/1.4.31/kotlin-stdlib-common-1.4.31.jar:/home/runner/.m2/repository/org/jetbrains/annotations/13.0/annotations-13.0.jar:/home/runner/.m2/repository/io/opentracing/opentracing-util/0.33.0/opentracing-util-0.33.0.jar:/home/runner/.m2/repository/io/opentracing/opentracing-api/0.33.0/opentracing-api-0.33.0.jar:/home/runner/.m2/repository/io/opentracing/opentracing-noop/0.33.0/opentracing-noop-0.33.0.jar:/home/runner/.m2/repository/org/yaml/snakeyaml/1.26/snakeyaml-1.26.jar:/home/runner/.m2/repository/org/apache/ozone/hdds-interface-admin/1.2.0-SNAPSHOT/hdds-interface-admin-1.2.0-SNAPSHOT.jar:/home/runner/.m2/repository/junit/junit/4.13.1/junit-4.13.1.jar:/home/runner/.m2/repository/org/hamcrest/hamcrest-core/1.3/hamcrest-core-1.3.jar:/home/runner/.m2/repository/org/junit/jupiter/junit-jupiter-api/5.7.0/junit-jupiter-api-5.7.0.jar:/home/runner/.m2/repository/org/apiguardian/apiguardian-api/1.1.0/apiguardian-api-1.1.0.jar:/home/runner/.m2/repository/org/opentest4j/opentest4j/1.2.0/opentest4j-1.2.0.jar:/home/runner/.m2/repository/org/junit/platform/junit-platform-commons/1.7.0/junit-platform-commons-1.7.0.jar:/home/runner/.m2/repository/org/junit/jupiter/junit-jupiter-engine/5.7.0/junit-jupiter-engine-5.7.0.jar:/home/runner/.m2/repository/org/junit/platform/junit-platform-engine/1.7.0/junit-platform-engine-1.7.0.jar:/home/runner/.m2/repository/org/junit/vintage/junit-vintage-engine/5.7.0/junit-vintage-engine-5.7.0.jar:/home/runner/.m2/repository/org/junit/platform/junit-platform-launcher/1.7.0/junit-platform-launcher-1.7.0.jar:/home/runner/.m2/repository/org/openjdk/jmh/jmh-core/1.19/jmh-core-1.19.jar:/home/runner/.m2/repository/net/sf/jopt-simple/jopt-simple/4.6/jopt-simple-4.6.jar:/home/runner/.m2/repository/org/apache/commons/commons-math3/3.1.1/commons-math3-3.1.1.jar:/home/runner/.m2/repository/org/openjdk/jmh/jmh-generator-annprocess/1.19/jmh-generator-annprocess-1.19.jar:/home/runner/.m2/repository/org/mockito/mockito-core/2.28.2/mockito-core-2.28.2.jar:/home/runner/.m2/repository/net/bytebuddy/byte-buddy/1.9.10/byte-buddy-1.9.10.jar:/home/runner/.m2/repository/net/bytebuddy/byte-buddy-agent/1.9.10/byte-buddy-agent-1.9.10.jar:/home/runner/.m2/repository/org/objenesis/objenesis/1.0/objenesis-1.0.jar:/home/runner/.m2/repository/org/apache/hadoop/hadoop-kms/3.3.1/hadoop-kms-3.3.1.jar:/home/runner/.m2/repository/org/apache/hadoop/hadoop-auth/3.3.1/hadoop-auth-3.3.1.jar:/home/runner/.m2/repository/com/nimbusds/nimbus-jose-jwt/7.9/nimbus-jose-jwt-7.9.jar:/home/runner/.m2/repository/com/github/stephenc/jcip/jcip-annotations/1.0-1/jcip-annotations-1.0-1.jar:/home/runner/.m2/repository/net/minidev/json-smart/2.3/json-smart-2.3.jar:/home/runner/.m2/repository/net/minidev/accessors-smart/1.2/accessors-smart-1.2.jar:/home/runner/.m2/repository/org/ow2/asm/asm/5.0.4/asm-5.0.4.jar:/home/runner/.m2/repository/org/apache/zookeeper/zookeeper/3.5.6/zookeeper-3.5.6.jar:/home/runner/.m2/repository/org/apache/zookeeper/zookeeper-jute/3.5.6/zookeeper-jute-3.5.6.jar:/home/runner/.m2/repository/org/apache/yetus/audience-annotations/0.5.0/audience-annotations-0.5.0.jar:/home/runner/.m2/repository/org/apache/curator/curator-framework/4.2.0/curator-framework-4.2.0.jar:/home/runner/.m2/repository/org/apache/hadoop/thirdparty/hadoop-shaded-guava/1.1.1/hadoop-shaded-guava-1.1.1.jar:/home/runner/.m2/repository/com/sun/jersey/jersey-core/1.19/jersey-core-1.19.jar:/home/runner/.m2/repository/javax/ws/rs/jsr311-api/1.1.1/jsr311-api-1.1.1.jar:/home/runner/.m2/repository/com/sun/jersey/jersey-server/1.19/jersey-server-1.19.jar:/home/runner/.m2/repository/javax/servlet/javax.servlet-api/3.1.0/javax.servlet-api-3.1.0.jar:/home/runner/.m2/repository/org/eclipse/jetty/jetty-server/9.4.43.v20210629/jetty-server-9.4.43.v20210629.jar:/home/runner/.m2/repository/org/eclipse/jetty/jetty-http/9.4.43.v20210629/jetty-http-9.4.43.v20210629.jar:/home/runner/.m2/repository/org/eclipse/jetty/jetty-io/9.4.43.v20210629/jetty-io-9.4.43.v20210629.jar:/home/runner/.m2/repository/org/eclipse/jetty/jetty-webapp/9.4.43.v20210629/jetty-webapp-9.4.43.v20210629.jar:/home/runner/.m2/repository/org/eclipse/jetty/jetty-xml/9.4.43.v20210629/jetty-xml-9.4.43.v20210629.jar:/home/runner/.m2/repository/org/apache/hadoop/hadoop-common/3.3.1/hadoop-common-3.3.1.jar:/home/runner/.m2/repository/commons-net/commons-net/3.6/commons-net-3.6.jar:/home/runner/.m2/repository/jakarta/activation/jakarta.activation-api/1.2.1/jakarta.activation-api-1.2.1.jar:/home/runner/.m2/repository/com/sun/jersey/jersey-servlet/1.19/jersey-servlet-1.19.jar:/home/runner/.m2/repository/com/sun/jersey/jersey-json/1.19/jersey-json-1.19.jar:/home/runner/.m2/repository/org/codehaus/jettison/jettison/1.1/jettison-1.1.jar:/home/runner/.m2/repository/com/sun/xml/bind/jaxb-impl/2.2.3-1/jaxb-impl-2.2.3-1.jar:/home/runner/.m2/repository/org/codehaus/jackson/jackson-jaxrs/1.9.2/jackson-jaxrs-1.9.2.jar:/home/runner/.m2/repository/org/codehaus/jackson/jackson-xc/1.9.2/jackson-xc-1.9.2.jar:/home/runner/.m2/repository/org/apache/commons/commons-configuration2/2.1.1/commons-configuration2-2.1.1.jar:/home/runner/.m2/repository/org/apache/commons/commons-text/1.4/commons-text-1.4.jar:/home/runner/.m2/repository/com/google/re2j/re2j/1.1/re2j-1.1.jar:/home/runner/.m2/repository/com/jcraft/jsch/0.1.54/jsch-0.1.54.jar:/home/runner/.m2/repository/org/apache/curator/curator-client/4.2.0/curator-client-4.2.0.jar:/home/runner/.m2/repository/org/apache/curator/curator-recipes/4.2.0/curator-recipes-4.2.0.jar:/home/runner/.m2/repository/org/apache/kerby/kerb-core/1.0.1/kerb-core-1.0.1.jar:/home/runner/.m2/repository/org/apache/kerby/kerby-pkix/1.0.1/kerby-pkix-1.0.1.jar:/home/runner/.m2/repository/org/apache/kerby/kerby-asn1/1.0.1/kerby-asn1-1.0.1.jar:/home/runner/.m2/repository/org/apache/kerby/kerby-util/1.0.1/kerby-util-1.0.1.jar:/home/runner/.m2/repository/dnsjava/dnsjava/2.1.7/dnsjava-2.1.7.jar:/home/runner/.m2/repository/org/xerial/snappy/snappy-java/1.1.8.2/snappy-java-1.1.8.2.jar:/home/runner/.m2/repository/org/slf4j/jul-to-slf4j/1.7.30/jul-to-slf4j-1.7.30.jar:/home/runner/.m2/repository/org/eclipse/jetty/jetty-util/9.4.43.v20210629/jetty-util-9.4.43.v20210629.jar:/home/runner/.m2/repository/com/fasterxml/jackson/core/jackson-databind/2.12.1/jackson-databind-2.12.1.jar:/home/runner/.m2/repository/org/apache/hadoop/hadoop-kms/3.3.1/hadoop-kms-3.3.1-tests.jar:/home/runner/.m2/repository/org/apache/ozone/hdds-server-scm/1.2.0-SNAPSHOT/hdds-server-scm-1.2.0-SNAPSHOT-tests.jar:/home/runner/.m2/repository/org/apache/ozone/hdds-container-service/1.2.0-SNAPSHOT/hdds-container-service-1.2.0-SNAPSHOT-tests.jar:/home/runner/.m2/repository/commons-codec/commons-codec/1.11/commons-codec-1.11.jar:/home/runner/.m2/repository/io/netty/netty-transport/4.1.63.Final/netty-transport-4.1.63.Final.jar:/home/runner/.m2/repository/io/netty/netty-resolver/4.1.63.Final/netty-resolver-4.1.63.Final.jar:/home/runner/.m2/repository/io/netty/netty-codec/4.1.63.Final/netty-codec-4.1.63.Final.jar:/home/runner/.m2/repository/io/netty/netty-handler/4.1.63.Final/netty-handler-4.1.63.Final.jar:/home/runner/.m2/repository/org/apache/ozone/hdds-hadoop-dependency-test/1.2.0-SNAPSHOT/hdds-hadoop-dependency-test-1.2.0-SNAPSHOT.jar:/home/runner/.m2/repository/org/apache/hadoop/hadoop-common/3.3.1/hadoop-common-3.3.1-tests.jar:/home/runner/.m2/repository/org/assertj/assertj-core/3.12.2/assertj-core-3.12.2.jar:/home/runner/.m2/repository/org/apache/hadoop/hadoop-hdfs/3.3.1/hadoop-hdfs-3.3.1-tests.jar:/home/runner/.m2/repository/org/eclipse/jetty/jetty-util-ajax/9.4.43.v20210629/jetty-util-ajax-9.4.43.v20210629.jar:/home/runner/.m2/repository/commons-daemon/commons-daemon/1.0.13/commons-daemon-1.0.13.jar:/home/runner/.m2/repository/io/netty/netty/3.10.6.Final/netty-3.10.6.Final.jar:/home/runner/.m2/repository/io/netty/netty-all/4.1.63.Final/netty-all-4.1.63.Final.jar:/home/runner/.m2/repository/org/apache/htrace/htrace-core4/4.1.0-incubating/htrace-core4-4.1.0-incubating.jar:/home/runner/.m2/repository/org/fusesource/leveldbjni/leveldbjni-all/1.8/leveldbjni-all-1.8.jar:/home/runner/.m2/repository/org/apache/hadoop/hadoop-distcp/3.3.1/hadoop-distcp-3.3.1.jar:/home/runner/.m2/repository/org/apache/hadoop/hadoop-mapreduce-client-jobclient/3.3.1/hadoop-mapreduce-client-jobclient-3.3.1.jar:/home/runner/.m2/repository/org/apache/hadoop/hadoop-mapreduce-client-common/3.3.1/hadoop-mapreduce-client-common-3.3.1.jar:/home/runner/.m2/repository/org/apache/hadoop/hadoop-yarn-common/3.3.1/hadoop-yarn-common-3.3.1.jar:/home/runner/.m2/repository/org/apache/hadoop/hadoop-yarn-api/3.3.1/hadoop-yarn-api-3.3.1.jar:/home/runner/.m2/repository/com/sun/jersey/jersey-client/1.19/jersey-client-1.19.jar:/home/runner/.m2/repository/com/sun/jersey/contribs/jersey-guice/1.19/jersey-guice-1.19.jar:/home/runner/.m2/repository/com/fasterxml/jackson/jaxrs/jackson-jaxrs-json-provider/2.12.1/jackson-jaxrs-json-provider-2.12.1.jar:/home/runner/.m2/repository/com/fasterxml/jackson/jaxrs/jackson-jaxrs-base/2.12.1/jackson-jaxrs-base-2.12.1.jar:/home/runner/.m2/repository/org/apache/hadoop/hadoop-yarn-client/3.3.1/hadoop-yarn-client-3.3.1.jar:/home/runner/.m2/repository/org/eclipse/jetty/websocket/websocket-client/9.4.40.v20210413/websocket-client-9.4.40.v20210413.jar:/home/runner/.m2/repository/org/eclipse/jetty/jetty-client/9.4.40.v20210413/jetty-client-9.4.40.v20210413.jar:/home/runner/.m2/repository/org/eclipse/jetty/websocket/websocket-common/9.4.40.v20210413/websocket-common-9.4.40.v20210413.jar:/home/runner/.m2/repository/org/eclipse/jetty/websocket/websocket-api/9.4.40.v20210413/websocket-api-9.4.40.v20210413.jar:/home/runner/.m2/repository/org/jline/jline/3.9.0/jline-3.9.0.jar:/home/runner/.m2/repository/org/apache/hadoop/hadoop-mapreduce-client-core/3.3.1/hadoop-mapreduce-client-core-3.3.1.jar:/home/runner/.m2/repository/org/apache/avro/avro/1.7.7/avro-1.7.7.jar:/home/runner/.m2/repository/org/codehaus/jackson/jackson-core-asl/1.9.13/jackson-core-asl-1.9.13.jar:/home/runner/.m2/repository/org/codehaus/jackson/jackson-mapper-asl/1.9.13/jackson-mapper-asl-1.9.13.jar:/home/runner/.m2/repository/com/thoughtworks/paranamer/paranamer/2.3/paranamer-2.3.jar:/home/runner/.m2/repository/org/apache/hadoop/hadoop-annotations/3.3.1/hadoop-annotations-3.3.1.jar:/usr/lib/jvm/adoptopenjdk-8-hotspot-amd64/jre/../lib/tools.jar:/home/runner/.m2/repository/org/apache/hadoop/hadoop-distcp/3.3.1/hadoop-distcp-3.3.1-tests.jar:/home/runner/.m2/repository/org/apache/ratis/ratis-common/2.1.0-03f3b68-SNAPSHOT/ratis-common-2.1.0-03f3b68-SNAPSHOT.jar:/home/runner/.m2/repository/org/apache/ratis/ratis-thirdparty-misc/0.7.0/ratis-thirdparty-misc-0.7.0.jar:/home/runner/.m2/repository/org/apache/ratis/ratis-proto/2.1.0-03f3b68-SNAPSHOT/ratis-proto-2.1.0-03f3b68-SNAPSHOT.jar:"/>
    <property name="sun.cpu.endian" value="little"/>
    <property name="user.home" value="/home/runner"/>
    <property name="user.language" value="en"/>
    <property name="java.specification.vendor" value="Oracle Corporation"/>
    <property name="java.home" value="/usr/lib/jvm/adoptopenjdk-8-hotspot-amd64/jre"/>
    <property name="java.security.krb5.conf" value="/home/runner/work/ozone/ozone/hadoop-ozone/integration-test/target/test-classes/krb5.conf"/>
    <property name="basedir" value="/home/runner/work/ozone/ozone/hadoop-ozone/integration-test"/>
    <property name="file.separator" value="/"/>
    <property name="line.separator" value="&#10;"/>
    <property name="java.vm.specification.vendor" value="Oracle Corporation"/>
    <property name="java.specification.name" value="Java Platform API Specification"/>
    <property name="java.awt.graphicsenv" value="sun.awt.X11GraphicsEnvironment"/>
    <property name="skip.installnpx" value="true"/>
    <property name="surefire.real.class.path" value="/home/runner/work/ozone/ozone/hadoop-ozone/integration-test/target/surefire/surefirebooter4046639408988824307.jar:/home/runner/.m2/repository/org/jacoco/org.jacoco.agent/0.8.5/org.jacoco.agent-0.8.5-runtime.jar"/>
    <property name="hadoop.log.dir" value="/home/runner/work/ozone/ozone/hadoop-ozone/integration-test/target/log"/>
    <property name="sun.boot.class.path" value="/usr/lib/jvm/adoptopenjdk-8-hotspot-amd64/jre/lib/resources.jar:/usr/lib/jvm/adoptopenjdk-8-hotspot-amd64/jre/lib/rt.jar:/usr/lib/jvm/adoptopenjdk-8-hotspot-amd64/jre/lib/sunrsasign.jar:/usr/lib/jvm/adoptopenjdk-8-hotspot-amd64/jre/lib/jsse.jar:/usr/lib/jvm/adoptopenjdk-8-hotspot-amd64/jre/lib/jce.jar:/usr/lib/jvm/adoptopenjdk-8-hotspot-amd64/jre/lib/charsets.jar:/usr/lib/jvm/adoptopenjdk-8-hotspot-amd64/jre/lib/jfr.jar:/usr/lib/jvm/adoptopenjdk-8-hotspot-amd64/jre/classes"/>
    <property name="sun.management.compiler" value="HotSpot 64-Bit Tiered Compilers"/>
    <property name="skip.npx" value="true"/>
    <property name="java.runtime.version" value="1.8.0_292-b10"/>
    <property name="java.net.preferIPv4Stack" value="true"/>
    <property name="user.name" value="runner"/>
    <property name="path.separator" value=":"/>
    <property name="java.security.egd" value="file:///dev/urandom"/>
    <property name="os.version" value="5.4.0-1056-azure"/>
    <property name="java.endorsed.dirs" value="/usr/lib/jvm/adoptopenjdk-8-hotspot-amd64/jre/lib/endorsed"/>
    <property name="java.runtime.name" value="OpenJDK Runtime Environment"/>
    <property name="file.encoding" value="UTF-8"/>
    <property name="java.vm.name" value="OpenJDK 64-Bit Server VM"/>
    <property name="test.build.webapps" value=""/>
    <property name="localRepository" value="/home/runner/.m2/repository"/>
    <property name="java.vendor.url.bug" value="https://github.com/AdoptOpenJDK/openjdk-support/issues"/>
    <property name="java.io.tmpdir" value="/tmp"/>
    <property name="require.test.libhadoop" value=""/>
    <property name="java.version" value="1.8.0_292"/>
    <property name="user.dir" value="/home/runner/work/ozone/ozone/hadoop-ozone/integration-test"/>
    <property name="os.arch" value="amd64"/>
    <property name="java.vm.specification.name" value="Java Virtual Machine Specification"/>
    <property name="test.build.classes" value="/home/runner/work/ozone/ozone/hadoop-ozone/integration-test/target/test-classes"/>
    <property name="java.awt.printerjob" value="sun.print.PSPrinterJob"/>
    <property name="sun.os.patch.level" value="unknown"/>
    <property name="hadoop.tmp.dir" value="/home/runner/work/ozone/ozone/hadoop-ozone/integration-test/target/tmp"/>
    <property name="java.library.path" value="/usr/java/packages/lib/amd64:/usr/lib64:/lib64:/lib:/usr/lib"/>
    <property name="java.vm.info" value="mixed mode"/>
    <property name="java.vendor" value="AdoptOpenJDK"/>
    <property name="java.vm.version" value="25.292-b10"/>
    <property name="java.ext.dirs" value="/usr/lib/jvm/adoptopenjdk-8-hotspot-amd64/jre/lib/ext:/usr/java/packages/lib/ext"/>
    <property name="sun.io.unicode.encoding" value="UnicodeLittle"/>
    <property name="java.class.version" value="52.0"/>
  </properties>
  <testcase name="test2DatanodesFailure" classname="org.apache.hadoop.ozone.client.rpc.TestBlockOutputStreamWithFailuresFlushDelay" time="66.681"/>
  <testcase name="testDatanodeFailureWithPreAllocation" classname="org.apache.hadoop.ozone.client.rpc.TestBlockOutputStreamWithFailuresFlushDelay" time="102.208"/>
  <testcase name="testDatanodeFailureWithSingleNodeRatis" classname="org.apache.hadoop.ozone.client.rpc.TestBlockOutputStreamWithFailuresFlushDelay" time="300.042">
    <error message="test timed out after 300 seconds" type="org.junit.runners.model.TestTimedOutException">org.junit.runners.model.TestTimedOutException: test timed out after 300 seconds
	at java.lang.Object.wait(Native Method)
	at java.util.concurrent.ForkJoinTask.externalAwaitDone(ForkJoinTask.java:334)
	at java.util.concurrent.ForkJoinTask.doInvoke(ForkJoinTask.java:405)
	at java.util.concurrent.ForkJoinTask.invoke(ForkJoinTask.java:734)
	at java.util.stream.ForEachOps$ForEachOp.evaluateParallel(ForEachOps.java:159)
	at java.util.stream.ForEachOps$ForEachOp$OfRef.evaluateParallel(ForEachOps.java:173)
	at java.util.stream.AbstractPipeline.evaluate(AbstractPipeline.java:233)
	at java.util.stream.ReferencePipeline.forEach(ReferencePipeline.java:485)
	at java.util.stream.ReferencePipeline$Head.forEach(ReferencePipeline.java:650)
	at org.apache.hadoop.ozone.MiniOzoneClusterImpl.stopDatanodes(MiniOzoneClusterImpl.java:529)
	at org.apache.hadoop.ozone.MiniOzoneClusterImpl.stop(MiniOzoneClusterImpl.java:470)
	at org.apache.hadoop.ozone.MiniOzoneClusterImpl.shutdown(MiniOzoneClusterImpl.java:457)
	at org.apache.hadoop.ozone.client.rpc.TestBlockOutputStreamWithFailuresFlushDelay.shutdown(TestBlockOutputStreamWithFailuresFlushDelay.java:160)
	at sun.reflect.NativeMethodAccessorImpl.invoke0(Native Method)
	at sun.reflect.NativeMethodAccessorImpl.invoke(NativeMethodAccessorImpl.java:62)
	at sun.reflect.DelegatingMethodAccessorImpl.invoke(DelegatingMethodAccessorImpl.java:43)
	at java.lang.reflect.Method.invoke(Method.java:498)
	at org.junit.runners.model.FrameworkMethod$1.runReflectiveCall(FrameworkMethod.java:59)
	at org.junit.internal.runners.model.ReflectiveCallable.run(ReflectiveCallable.java:12)
	at org.junit.runners.model.FrameworkMethod.invokeExplosively(FrameworkMethod.java:56)
	at org.junit.internal.runners.statements.RunAfters.invokeMethod(RunAfters.java:46)
	at org.junit.internal.runners.statements.RunAfters.evaluate(RunAfters.java:33)
	at org.junit.internal.runners.statements.FailOnTimeout$CallableStatement.call(FailOnTimeout.java:288)
	at org.junit.internal.runners.statements.FailOnTimeout$CallableStatement.call(FailOnTimeout.java:282)
	at java.util.concurrent.FutureTask.run(FutureTask.java:266)
	at java.lang.Thread.run(Thread.java:748)
</error>
    <system-out><![CDATA[2021-09-05 01:38:52,039 [Time-limited test] WARN  server.ServerUtils (ServerUtils.java:getScmDbDir(148)) - ozone.scm.db.dirs is not configured. We recommend adding this setting. Falling back to ozone.metadata.dirs instead.
2021-09-05 01:38:52,050 [Time-limited test] INFO  ha.SCMHANodeDetails (SCMHANodeDetails.java:loadSCMHAConfig(157)) - ServiceID for StorageContainerManager is null
2021-09-05 01:38:52,062 [Time-limited test] INFO  ha.SCMHANodeDetails (SCMHANodeDetails.java:loadSCMHAConfig(162)) - ozone.scm.default.service.id is not defined, falling back to ozone.scm.service.ids to find serviceID for StorageContainerManager if it is HA enabled cluster
2021-09-05 01:38:52,064 [Time-limited test] WARN  server.ServerUtils (ServerUtils.java:getScmDbDir(148)) - ozone.scm.db.dirs is not configured. We recommend adding this setting. Falling back to ozone.metadata.dirs instead.
2021-09-05 01:38:52,065 [Time-limited test] INFO  upgrade.AbstractLayoutVersionManager (AbstractLayoutVersionManager.java:init(70)) - Initializing Layout version manager with metadata layout = SCM_HA (version = 2), software layout = SCM_HA (version = 2)
2021-09-05 01:38:52,225 [Time-limited test] INFO  reflections.Reflections (Reflections.java:scan(232)) - Reflections took 158 ms to scan 7 urls, producing 120 keys and 275 values 
2021-09-05 01:38:52,226 [Time-limited test] WARN  utils.HAUtils (HAUtils.java:getMetaDir(342)) - ozone.scm.db.dirs is not configured. We recommend adding this setting. Falling back to ozone.metadata.dirs instead.
2021-09-05 01:38:52,227 [Time-limited test] WARN  db.DBStoreBuilder (DBStoreBuilder.java:applyDBDefinition(145)) - ozone.scm.db.dirs is not configured. We recommend adding this setting. Falling back to ozone.metadata.dirs instead.
2021-09-05 01:38:52,586 [Time-limited test] INFO  net.NodeSchemaLoader (NodeSchemaLoader.java:loadSchemaFromFile(129)) - Loading schema from [jar:file:/home/runner/.m2/repository/org/apache/ozone/hdds-common/1.2.0-SNAPSHOT/hdds-common-1.2.0-SNAPSHOT.jar!/network-topology-default.xml]
2021-09-05 01:38:52,586 [Time-limited test] INFO  net.NodeSchemaLoader (NodeSchemaLoader.java:loadSchema(176)) - Loading network topology layer schema file
2021-09-05 01:38:52,601 [Time-limited test] WARN  impl.MetricRegistriesImpl (MetricRegistriesImpl.java:addReporterRegistration(111)) - New reporters are added after registries were created. Some metrics will be missing from the reporter. Please add reporter before adding any new registry.
2021-09-05 01:38:52,607 [Time-limited test] WARN  impl.MetricRegistriesImpl (MetricRegistriesImpl.java:addReporterRegistration(111)) - New reporters are added after registries were created. Some metrics will be missing from the reporter. Please add reporter before adding any new registry.
2021-09-05 01:38:52,608 [Time-limited test] INFO  ha.SequenceIdGenerator (SequenceIdGenerator.java:upgradeToSequenceId(327)) - upgrade localId to 107544261427200000
2021-09-05 01:38:52,608 [Time-limited test] INFO  ha.SequenceIdGenerator (SequenceIdGenerator.java:upgradeToSequenceId(337)) - upgrade delTxnId to 0
2021-09-05 01:38:52,608 [Time-limited test] INFO  ha.SequenceIdGenerator (SequenceIdGenerator.java:upgradeToSequenceId(351)) - upgrade containerId to 0
2021-09-05 01:38:52,609 [Time-limited test] INFO  ha.SequenceIdGenerator (SequenceIdGenerator.java:<init>(217)) - Init the HA SequenceIdGenerator.
2021-09-05 01:38:52,609 [Time-limited test] WARN  server.ServerUtils (ServerUtils.java:sanitizeUserArgs(67)) - ozone.scm.dead.node.interval value = 10000 is smaller than min = 20000 based on the key value of ozone.scm.stale.node.interval, reset to the min value 20000.
2021-09-05 01:38:52,639 [Time-limited test] INFO  node.SCMNodeManager (SCMNodeManager.java:<init>(145)) - Entering startup safe mode.
2021-09-05 01:38:52,640 [Time-limited test] INFO  algorithms.ContainerPlacementPolicyFactory (ContainerPlacementPolicyFactory.java:getPolicy(60)) - Create container placement policy of type org.apache.hadoop.hdds.scm.container.placement.algorithms.SCMContainerPlacementRandom
2021-09-05 01:38:52,640 [Time-limited test] INFO  pipeline.PipelineStateManager (PipelineStateManagerV2Impl.java:initialize(78)) - No pipeline exists in current db
2021-09-05 01:38:52,640 [Time-limited test] INFO  algorithms.LeaderChoosePolicyFactory (LeaderChoosePolicyFactory.java:getPolicy(57)) - Create leader choose policy of type org.apache.hadoop.hdds.scm.pipeline.leader.choose.algorithms.MinLeaderCountChoosePolicy
2021-09-05 01:38:52,640 [Time-limited test] INFO  ha.SCMServiceManager (SCMServiceManager.java:register(43)) - Registering service BackgroundPipelineCreator.
2021-09-05 01:38:52,640 [Time-limited test] INFO  pipeline.BackgroundPipelineCreator (BackgroundPipelineCreatorV2.java:start(130)) - Starting RatisPipelineUtilsThread.
2021-09-05 01:38:52,642 [Time-limited test] INFO  algorithms.PipelineChoosePolicyFactory (PipelineChoosePolicyFactory.java:createPipelineChoosePolicyFromClass(73)) - Create pipeline choose policy of type org.apache.hadoop.hdds.scm.pipeline.choose.algorithms.RandomPipelineChoosePolicy
2021-09-05 01:38:52,642 [Time-limited test] INFO  ha.SCMServiceManager (SCMServiceManager.java:register(43)) - Registering service SCMBlockDeletingService.
2021-09-05 01:38:52,642 [Time-limited test] INFO  ha.SCMServiceManager (SCMServiceManager.java:register(43)) - Registering service ReplicationManager.
2021-09-05 01:38:52,643 [Time-limited test] INFO  container.ReplicationManager (ReplicationManager.java:start(307)) - Starting Replication Monitor Thread.
2021-09-05 01:38:52,643 [Time-limited test] INFO  safemode.ContainerSafeModeRule (ContainerSafeModeRule.java:<init>(89)) - containers with one replica threshold count 0
2021-09-05 01:38:52,643 [Time-limited test] INFO  safemode.HealthyPipelineSafeModeRule (HealthyPipelineSafeModeRule.java:initializeRule(156)) - Total pipeline count is 0, healthy pipeline threshold count is 1
2021-09-05 01:38:52,643 [Time-limited test] INFO  safemode.OneReplicaPipelineSafeModeRule (OneReplicaPipelineSafeModeRule.java:initializeRule(180)) - Total pipeline count is 0, pipeline's with at least one datanode reported threshold count is 0
2021-09-05 01:38:52,644 [Time-limited test] INFO  ipc.CallQueueManager (CallQueueManager.java:<init>(90)) - Using callQueue: class java.util.concurrent.LinkedBlockingQueue, queueCapacity: 2000, scheduler: class org.apache.hadoop.ipc.DefaultRpcScheduler, ipcBackoff: false.
2021-09-05 01:38:52,683 [Socket Reader #1 for port 0] INFO  ipc.Server (Server.java:run(1265)) - Starting Socket Reader #1 for port 0
2021-09-05 01:38:52,714 [Listener at 0.0.0.0/40229] INFO  ipc.CallQueueManager (CallQueueManager.java:<init>(90)) - Using callQueue: class java.util.concurrent.LinkedBlockingQueue, queueCapacity: 2000, scheduler: class org.apache.hadoop.ipc.DefaultRpcScheduler, ipcBackoff: false.
2021-09-05 01:38:52,714 [ReplicationMonitor] INFO  container.ReplicationManager (ReplicationManager.java:processAll(359)) - Replication Monitor Thread took 62 milliseconds for processing 0 containers.
2021-09-05 01:38:52,718 [Socket Reader #1 for port 0] INFO  ipc.Server (Server.java:run(1265)) - Starting Socket Reader #1 for port 0
2021-09-05 01:38:52,718 [Listener at 0.0.0.0/35773] INFO  ipc.CallQueueManager (CallQueueManager.java:<init>(90)) - Using callQueue: class java.util.concurrent.LinkedBlockingQueue, queueCapacity: 2000, scheduler: class org.apache.hadoop.ipc.DefaultRpcScheduler, ipcBackoff: false.
2021-09-05 01:38:52,719 [Socket Reader #1 for port 0] INFO  ipc.Server (Server.java:run(1265)) - Starting Socket Reader #1 for port 0
2021-09-05 01:38:52,819 [Listener at 0.0.0.0/36203] INFO  algorithms.ContainerPlacementPolicyFactory (ContainerPlacementPolicyFactory.java:getPolicy(60)) - Create container placement policy of type org.apache.hadoop.hdds.scm.container.placement.algorithms.SCMContainerPlacementRandom
2021-09-05 01:38:52,822 [Listener at 0.0.0.0/36203] INFO  server.StorageContainerManager (StorageContainerManager.java:<init>(387)) - 
Container Balancer status:
Key                            Value
Running                        false
Container Balancer Configuration values:
Key                                                Value
Threshold                                          0.1
Max Datanodes to Involve per Iteration(ratio)      0.5
Max Size to Move per Iteration                     10737418240B

2021-09-05 01:38:52,822 [Listener at 0.0.0.0/36203] WARN  events.EventQueue (EventQueue.java:fireEvent(194)) - No event handler registered for event TypedEvent{payloadType=SafeModeStatus, name='Safe mode status'}
2021-09-05 01:38:52,822 [Listener at 0.0.0.0/36203] INFO  ha.SCMContext (SCMContext.java:updateSafeModeStatus(205)) - Update SafeModeStatus from SafeModeStatus{safeModeStatus=true, preCheckPassed=false} to SafeModeStatus{safeModeStatus=true, preCheckPassed=false}.
2021-09-05 01:38:52,822 [Listener at 0.0.0.0/36203] INFO  server.StorageContainerManager (StorageContainerManager.java:start(1256)) - StorageContainerLocationProtocol RPC server is listening at /0.0.0.0:36203
2021-09-05 01:38:52,826 [Listener at 0.0.0.0/36203] WARN  impl.MetricsConfig (MetricsConfig.java:loadFirst(136)) - Cannot locate configuration: tried hadoop-metrics2-storagecontainermanager.properties,hadoop-metrics2.properties
2021-09-05 01:38:52,827 [Listener at 0.0.0.0/36203] INFO  impl.MetricsSystemImpl (MetricsSystemImpl.java:startTimer(378)) - Scheduled Metric snapshot period at 10 second(s).
2021-09-05 01:38:52,827 [Listener at 0.0.0.0/36203] INFO  impl.MetricsSystemImpl (MetricsSystemImpl.java:start(191)) - StorageContainerManager metrics system started
2021-09-05 01:38:52,895 [Listener at 0.0.0.0/36203] INFO  impl.MetricsSinkAdapter (MetricsSinkAdapter.java:start(204)) - Sink prometheus started
2021-09-05 01:38:52,896 [Listener at 0.0.0.0/36203] INFO  impl.MetricsSystemImpl (MetricsSystemImpl.java:registerSink(305)) - Registered sink prometheus
2021-09-05 01:38:52,997 [Listener at 0.0.0.0/36203] INFO  server.SCMClientProtocolServer (SCMClientProtocolServer.java:start(164)) - RPC server for Client  is listening at /0.0.0.0:36203
2021-09-05 01:38:52,998 [IPC Server Responder] INFO  ipc.Server (Server.java:run(1507)) - IPC Server Responder: starting
2021-09-05 01:38:52,998 [IPC Server listener on 0] INFO  ipc.Server (Server.java:run(1344)) - IPC Server listener on 0: starting
2021-09-05 01:38:53,000 [Listener at 0.0.0.0/36203] INFO  server.StorageContainerManager (StorageContainerManager.java:start(1271)) - ScmBlockLocationProtocol RPC server is listening at /0.0.0.0:35773
2021-09-05 01:38:53,001 [Listener at 0.0.0.0/36203] INFO  server.SCMBlockProtocolServer (SCMBlockProtocolServer.java:start(151)) - RPC server for Block Protocol is listening at /0.0.0.0:35773
2021-09-05 01:38:53,001 [IPC Server Responder] INFO  ipc.Server (Server.java:run(1507)) - IPC Server Responder: starting
2021-09-05 01:38:53,013 [IPC Server listener on 0] INFO  ipc.Server (Server.java:run(1344)) - IPC Server listener on 0: starting
2021-09-05 01:38:53,111 [Listener at 0.0.0.0/36203] INFO  server.StorageContainerManager (StorageContainerManager.java:start(1277)) - ScmDatanodeProtocl RPC server is listening at /0.0.0.0:40229
2021-09-05 01:38:53,111 [Listener at 0.0.0.0/36203] INFO  server.SCMDatanodeProtocolServer (SCMDatanodeProtocolServer.java:start(181)) - RPC server for DataNodes is listening at /0.0.0.0:40229
2021-09-05 01:38:53,112 [IPC Server Responder] INFO  ipc.Server (Server.java:run(1507)) - IPC Server Responder: starting
2021-09-05 01:38:53,112 [IPC Server listener on 0] INFO  ipc.Server (Server.java:run(1344)) - IPC Server listener on 0: starting
2021-09-05 01:38:53,128 [Listener at 0.0.0.0/36203] INFO  http.BaseHttpServer (BaseHttpServer.java:newHttpServer2BuilderForOzone(209)) - Starting Web-server for scm at: http://0.0.0.0:0
2021-09-05 01:38:53,128 [Listener at 0.0.0.0/36203] INFO  http.BaseHttpServer (BaseHttpServer.java:<init>(107)) - Hadoop Security Enabled: false Ozone Security Enabled: false Ozone HTTP Security Enabled: false 
2021-09-05 01:38:53,161 [org.apache.hadoop.util.JvmPauseMonitor$Monitor@30c8c3f1] INFO  util.JvmPauseMonitor (JvmPauseMonitor.java:run(188)) - Starting JVM pause monitor
2021-09-05 01:38:53,162 [Listener at 0.0.0.0/36203] INFO  server.AuthenticationFilter (AuthenticationFilter.java:constructSecretProvider(240)) - Unable to initialize FileSignerSecretProvider, falling back to use random secrets.
2021-09-05 01:38:53,185 [Listener at 0.0.0.0/36203] WARN  http.HttpRequestLog (HttpRequestLog.java:getRequestLog(103)) - Jetty request log can only be enabled using Log4j
2021-09-05 01:38:53,185 [Listener at 0.0.0.0/36203] INFO  http.HttpServer2 (HttpServer2.java:addGlobalFilter(1030)) - Added global filter 'safety' (class=org.apache.hadoop.hdds.server.http.HttpServer2$QuotingInputFilter)
2021-09-05 01:38:53,186 [Listener at 0.0.0.0/36203] INFO  http.HttpServer2 (HttpServer2.java:addFilter(1006)) - Added filter static_user_filter (class=org.apache.hadoop.http.lib.StaticUserWebFilter$StaticUserFilter) to context scm
2021-09-05 01:38:53,186 [Listener at 0.0.0.0/36203] INFO  http.HttpServer2 (HttpServer2.java:addFilter(1014)) - Added filter static_user_filter (class=org.apache.hadoop.http.lib.StaticUserWebFilter$StaticUserFilter) to context static
2021-09-05 01:38:53,186 [Listener at 0.0.0.0/36203] INFO  http.HttpServer2 (HttpServer2.java:addFilter(1014)) - Added filter static_user_filter (class=org.apache.hadoop.http.lib.StaticUserWebFilter$StaticUserFilter) to context logs
2021-09-05 01:38:53,187 [Listener at 0.0.0.0/36203] INFO  http.HttpServer2 (HttpServer2.java:bindListener(1249)) - Jetty bound to port 46845
2021-09-05 01:38:53,187 [Listener at 0.0.0.0/36203] INFO  server.Server (Server.java:doStart(375)) - jetty-9.4.43.v20210629; built: 2021-06-30T11:07:22.254Z; git: 526006ecfa3af7f1a27ef3a288e2bef7ea9dd7e8; jvm 1.8.0_292-b10
2021-09-05 01:38:53,209 [Listener at 0.0.0.0/36203] INFO  server.session (DefaultSessionIdManager.java:doStart(334)) - DefaultSessionIdManager workerName=node0
2021-09-05 01:38:53,209 [Listener at 0.0.0.0/36203] INFO  server.session (DefaultSessionIdManager.java:doStart(339)) - No SessionScavenger set, using defaults
2021-09-05 01:38:53,210 [Listener at 0.0.0.0/36203] INFO  server.session (HouseKeeper.java:startScavenging(132)) - node0 Scavenging every 660000ms
2021-09-05 01:38:53,211 [Listener at 0.0.0.0/36203] INFO  handler.ContextHandler (ContextHandler.java:doStart(915)) - Started o.e.j.s.ServletContextHandler@34a32479{logs,/logs,file:///home/runner/work/ozone/ozone/hadoop-ozone/integration-test/target/log,AVAILABLE}
2021-09-05 01:38:53,212 [Listener at 0.0.0.0/36203] INFO  handler.ContextHandler (ContextHandler.java:doStart(915)) - Started o.e.j.s.ServletContextHandler@3b04a602{static,/static,file:///home/runner/work/ozone/ozone/hadoop-ozone/integration-test/target/test-classes/webapps/static,AVAILABLE}
2021-09-05 01:38:53,215 [Listener at 0.0.0.0/36203] INFO  handler.ContextHandler (ContextHandler.java:doStart(915)) - Started o.e.j.w.WebAppContext@5fd9b1ff{scm,/,file:///home/runner/work/ozone/ozone/hadoop-ozone/integration-test/target/test-classes/webapps/scm/,AVAILABLE}{file:/home/runner/work/ozone/ozone/hadoop-ozone/integration-test/target/test-classes/webapps/scm}
2021-09-05 01:38:53,247 [Listener at 0.0.0.0/36203] INFO  server.AbstractConnector (AbstractConnector.java:doStart(331)) - Started ServerConnector@3b1972e6{HTTP/1.1, (http/1.1)}{0.0.0.0:46845}
2021-09-05 01:38:53,247 [Listener at 0.0.0.0/36203] INFO  server.Server (Server.java:doStart(415)) - Started @171223ms
2021-09-05 01:38:53,247 [Listener at 0.0.0.0/36203] WARN  impl.MetricsSystemImpl (MetricsSystemImpl.java:register(279)) - Sink prometheus already exists!
2021-09-05 01:38:53,248 [Listener at 0.0.0.0/36203] INFO  http.BaseHttpServer (BaseHttpServer.java:updateConnectorAddress(329)) - HTTP server of scm listening at http://0.0.0.0:46845
2021-09-05 01:38:53,248 [Listener at 0.0.0.0/36203] WARN  server.ServerUtils (ServerUtils.java:getDBPath(225)) - ozone.om.db.dirs is not configured. We recommend adding this setting. Falling back to ozone.metadata.dirs instead.
2021-09-05 01:38:53,249 [Listener at 0.0.0.0/36203] INFO  ha.OMHANodeDetails (OMHANodeDetails.java:loadOMHAConfig(112)) - ozone.om.internal.service.id is not defined, falling back to ozone.om.service.ids to find serviceID for OzoneManager if it is HA enabled cluster
2021-09-05 01:38:53,250 [Listener at 0.0.0.0/36203] INFO  ha.OMHANodeDetails (OMHANodeDetails.java:loadOMHAConfig(219)) - Configuration does not have ozone.om.address set. Falling back to the default OM address /127.0.0.1:0
2021-09-05 01:38:53,250 [Listener at 0.0.0.0/36203] INFO  ha.OMHANodeDetails (OMHANodeDetails.java:getOMNodeDetails(247)) - OM Service ID is not set. Setting it to the default ID: omServiceIdDefault
2021-09-05 01:38:53,250 [Listener at 0.0.0.0/36203] INFO  ha.OMHANodeDetails (OMHANodeDetails.java:getOMNodeDetails(254)) - OM Node ID is not set. Setting it to the default ID: om1
2021-09-05 01:38:53,250 [Listener at 0.0.0.0/36203] WARN  server.ServerUtils (ServerUtils.java:getDBPath(225)) - ozone.om.db.dirs is not configured. We recommend adding this setting. Falling back to ozone.metadata.dirs instead.
2021-09-05 01:38:53,250 [Listener at 0.0.0.0/36203] INFO  upgrade.AbstractLayoutVersionManager (AbstractLayoutVersionManager.java:init(70)) - Initializing Layout version manager with metadata layout = INITIAL_VERSION (version = 0), software layout = INITIAL_VERSION (version = 0)
2021-09-05 01:38:53,399 [Listener at 0.0.0.0/36203] INFO  reflections.Reflections (Reflections.java:scan(232)) - Reflections took 148 ms to scan 2 urls, producing 131 keys and 342 values [using 2 cores]
2021-09-05 01:38:53,399 [Listener at 0.0.0.0/36203] INFO  upgrade.OMLayoutVersionManager (OMLayoutVersionManager.java:lambda$0(116)) - Skipping Upgrade Action MockOmUpgradeAction since it has been finalized.
2021-09-05 01:38:53,399 [Listener at 0.0.0.0/36203] WARN  server.ServerUtils (ServerUtils.java:getDBPath(225)) - ozone.om.db.dirs is not configured. We recommend adding this setting. Falling back to ozone.metadata.dirs instead.
2021-09-05 01:38:53,466 [Listener at 0.0.0.0/36203] WARN  server.ServerUtils (ServerUtils.java:getDBPath(225)) - ozone.om.db.dirs is not configured. We recommend adding this setting. Falling back to ozone.metadata.dirs instead.
2021-09-05 01:38:53,466 [Listener at 0.0.0.0/36203] INFO  codec.OmKeyInfoCodec (OmKeyInfoCodec.java:<init>(51)) - OmKeyInfoCodec ignorePipeline = true
2021-09-05 01:38:53,466 [Listener at 0.0.0.0/36203] INFO  codec.RepeatedOmKeyInfoCodec (RepeatedOmKeyInfoCodec.java:<init>(42)) - RepeatedOmKeyInfoCodec ignorePipeline = true
2021-09-05 01:38:53,878 [Listener at 0.0.0.0/36203] INFO  om.OzoneManager (OzoneManager.java:addS3GVolumeToDB(4115)) - Created Volume s3v With Owner runner required for S3Gateway operations.
2021-09-05 01:38:53,878 [Listener at 0.0.0.0/36203] WARN  server.ServerUtils (ServerUtils.java:getDefaultRatisDirectory(237)) - Storage directory for Ratis is not configured. It is a good idea to map this to an SSD disk. Falling back to ozone.metadata.dirs
2021-09-05 01:38:53,878 [Listener at 0.0.0.0/36203] WARN  utils.OzoneManagerRatisUtils (OzoneManagerRatisUtils.java:getOMRatisSnapshotDirectory(391)) - ozone.om.ratis.snapshot.dir is not configured. Falling back to ozone.metadata.dirs config
2021-09-05 01:38:53,879 [Listener at 0.0.0.0/36203] WARN  impl.MetricRegistriesImpl (MetricRegistriesImpl.java:addReporterRegistration(111)) - New reporters are added after registries were created. Some metrics will be missing from the reporter. Please add reporter before adding any new registry.
2021-09-05 01:38:53,879 [Listener at 0.0.0.0/36203] WARN  impl.MetricRegistriesImpl (MetricRegistriesImpl.java:addReporterRegistration(111)) - New reporters are added after registries were created. Some metrics will be missing from the reporter. Please add reporter before adding any new registry.
2021-09-05 01:38:53,879 [Listener at 0.0.0.0/36203] WARN  server.ServerUtils (ServerUtils.java:getDefaultRatisDirectory(237)) - Storage directory for Ratis is not configured. It is a good idea to map this to an SSD disk. Falling back to ozone.metadata.dirs
2021-09-05 01:38:53,880 [Listener at 0.0.0.0/36203] INFO  ratis.OzoneManagerRatisServer (OzoneManagerRatisServer.java:<init>(158)) - Instantiating OM Ratis server with groupID: omServiceIdDefault and peers: localhost:9872
2021-09-05 01:38:53,880 [Listener at 0.0.0.0/36203] INFO  ratis.OzoneManagerStateMachine (OzoneManagerStateMachine.java:loadSnapshotInfoFromDB(605)) - LastAppliedIndex is set from TransactionInfo from OM DB as (t:0, i:~)
2021-09-05 01:38:53,880 [Listener at 0.0.0.0/36203] INFO  server.RaftServer (ConfUtils.java:logGet(44)) - raft.rpc.type = GRPC (default)
2021-09-05 01:38:53,880 [Listener at 0.0.0.0/36203] INFO  grpc.GrpcFactory (GrpcFactory.java:checkPooledByteBufAllocatorUseCacheForAllThreads(48)) - PERFORMANCE WARNING: useCacheForAllThreads is true that may cause Netty to create a lot garbage objects and, as a result, trigger GC.
	It is recommended to disable useCacheForAllThreads by setting -Dorg.apache.ratis.thirdparty.io.netty.allocator.useCacheForAllThreads=false in command line.
2021-09-05 01:38:53,880 [Listener at 0.0.0.0/36203] INFO  grpc.GrpcConfigKeys (ConfUtils.java:logGet(44)) - raft.grpc.admin.port = -1 (default)
2021-09-05 01:38:53,880 [Listener at 0.0.0.0/36203] INFO  grpc.GrpcConfigKeys (ConfUtils.java:logGet(44)) - raft.grpc.server.port = 9872 (custom)
2021-09-05 01:38:53,880 [Listener at 0.0.0.0/36203] INFO  grpc.GrpcConfigKeys (ConfUtils.java:logGet(44)) - raft.grpc.client.port = -1 (default)
2021-09-05 01:38:53,881 [Listener at 0.0.0.0/36203] INFO  grpc.GrpcConfigKeys (ConfUtils.java:logGet(44)) - raft.grpc.server.port = 9872 (custom)
2021-09-05 01:38:53,881 [Listener at 0.0.0.0/36203] INFO  grpc.GrpcConfigKeys (ConfUtils.java:logGet(44)) - raft.grpc.server.port = 9872 (custom)
2021-09-05 01:38:53,881 [Listener at 0.0.0.0/36203] INFO  server.GrpcService (ConfUtils.java:logGet(44)) - raft.grpc.message.size.max = 33554432 (custom)
2021-09-05 01:38:53,881 [Listener at 0.0.0.0/36203] INFO  server.RaftServerConfigKeys (ConfUtils.java:logGet(44)) - raft.server.log.appender.buffer.byte-limit = 33554432 (custom)
2021-09-05 01:38:53,881 [Listener at 0.0.0.0/36203] INFO  server.GrpcService (ConfUtils.java:logGet(44)) - raft.grpc.flow.control.window = 1MB (=1048576) (default)
2021-09-05 01:38:53,881 [Listener at 0.0.0.0/36203] INFO  server.RaftServerConfigKeys (ConfUtils.java:logGet(44)) - raft.server.rpc.request.timeout = 3000ms (default)
2021-09-05 01:38:53,897 [Listener at 0.0.0.0/36203] INFO  impl.DataStreamServerImpl (ConfUtils.java:logGet(44)) - raft.datastream.type = DISABLED (default)
2021-09-05 01:38:53,897 [Listener at 0.0.0.0/36203] INFO  server.RaftServerConfigKeys (ConfUtils.java:logGet(44)) - raft.server.rpc.slowness.timeout = 120s (custom)
2021-09-05 01:38:53,898 [Listener at 0.0.0.0/36203] INFO  server.RaftServerConfigKeys (ConfUtils.java:logGet(44)) - raft.server.leaderelection.leader.step-down.wait-time = 10s (default)
2021-09-05 01:38:53,898 [Listener at 0.0.0.0/36203] INFO  server.RaftServerConfigKeys (ConfUtils.java:logGet(44)) - raft.server.storage.dir = [/home/runner/work/ozone/ozone/hadoop-ozone/integration-test/target/test-dir/MiniOzoneClusterImpl-37340386-36af-4fa8-9723-b8f583b28ff6/ozone-meta/ratis] (custom)
2021-09-05 01:38:53,909 [Listener at 0.0.0.0/36203] INFO  server.RaftServer (RaftServerProxy.java:addNew(95)) - om1: addNew group-C5BA1605619E:[om1|rpc:localhost:9872|priority:0] returns group-C5BA1605619E:java.util.concurrent.CompletableFuture@1ba79ab[Not completed]
2021-09-05 01:38:53,909 [Listener at 0.0.0.0/36203] INFO  om.OzoneManager (OzoneManager.java:initializeRatisServer(1573)) - OzoneManager Ratis server initialized at port 9872
2021-09-05 01:38:53,909 [pool-508-thread-1] INFO  server.RaftServer$Division (RaftServerImpl.java:<init>(181)) - om1: new RaftServerImpl for group-C5BA1605619E:[om1|rpc:localhost:9872|priority:0] with OzoneManagerStateMachine:uninitialized
2021-09-05 01:38:53,910 [Listener at 0.0.0.0/36203] INFO  ipc.CallQueueManager (CallQueueManager.java:<init>(90)) - Using callQueue: class java.util.concurrent.LinkedBlockingQueue, queueCapacity: 2000, scheduler: class org.apache.hadoop.ipc.DefaultRpcScheduler, ipcBackoff: false.
2021-09-05 01:38:53,930 [pool-508-thread-1] INFO  server.RaftServerConfigKeys (ConfUtils.java:logGet(44)) - raft.server.rpc.timeout.min = 1s (custom)
2021-09-05 01:38:53,930 [pool-508-thread-1] INFO  server.RaftServerConfigKeys (ConfUtils.java:logGet(44)) - raft.server.rpc.timeout.max = 1200ms (custom)
2021-09-05 01:38:53,930 [pool-508-thread-1] INFO  server.RaftServerConfigKeys (ConfUtils.java:logGet(44)) - raft.server.rpc.sleep.time = 25ms (default)
2021-09-05 01:38:53,930 [pool-508-thread-1] INFO  server.RaftServerConfigKeys (ConfUtils.java:logGet(44)) - raft.server.rpc.slowness.timeout = 120s (custom)
2021-09-05 01:38:53,930 [pool-508-thread-1] INFO  server.RaftServerConfigKeys (ConfUtils.java:logGet(44)) - raft.server.leaderelection.leader.step-down.wait-time = 10s (default)
2021-09-05 01:38:53,930 [pool-508-thread-1] INFO  server.RaftServerConfigKeys (ConfUtils.java:logGet(44)) - raft.server.sleep.deviation.threshold = 300ms (default)
2021-09-05 01:38:53,930 [pool-508-thread-1] INFO  server.RaftServerConfigKeys (ConfUtils.java:logGet(44)) - raft.server.log.appender.install.snapshot.enabled = false (custom)
2021-09-05 01:38:53,930 [pool-508-thread-1] INFO  server.RaftServer$Division (ServerState.java:<init>(105)) - om1@group-C5BA1605619E: ConfigurationManager, init=-1: [om1|rpc:localhost:9872|priority:0], old=null, confs=<EMPTY_MAP>
2021-09-05 01:38:53,930 [pool-508-thread-1] INFO  server.RaftServerConfigKeys (ConfUtils.java:logGet(44)) - raft.server.storage.dir = [/home/runner/work/ozone/ozone/hadoop-ozone/integration-test/target/test-dir/MiniOzoneClusterImpl-37340386-36af-4fa8-9723-b8f583b28ff6/ozone-meta/ratis] (custom)
2021-09-05 01:38:53,930 [pool-508-thread-1] INFO  server.RaftServerConfigKeys (ConfUtils.java:logGet(44)) - raft.server.log.corruption.policy = EXCEPTION (default)
2021-09-05 01:38:53,930 [pool-508-thread-1] INFO  server.RaftServerConfigKeys (ConfUtils.java:logGet(44)) - raft.server.storage.free-space.min = 0MB (=0) (default)
2021-09-05 01:38:53,930 [pool-508-thread-1] INFO  storage.RaftStorageDirectory (RaftStorageDirectoryImpl.java:analyzeStorage(135)) - The storage directory /home/runner/work/ozone/ozone/hadoop-ozone/integration-test/target/test-dir/MiniOzoneClusterImpl-37340386-36af-4fa8-9723-b8f583b28ff6/ozone-meta/ratis/bf265839-605b-3f16-9796-c5ba1605619e does not exist. Creating ...
2021-09-05 01:38:53,938 [pool-508-thread-1] INFO  storage.RaftStorageDirectory (RaftStorageDirectoryImpl.java:tryLock(230)) - Lock on /home/runner/work/ozone/ozone/hadoop-ozone/integration-test/target/test-dir/MiniOzoneClusterImpl-37340386-36af-4fa8-9723-b8f583b28ff6/ozone-meta/ratis/bf265839-605b-3f16-9796-c5ba1605619e/in_use.lock acquired by nodename 19671@fv-az270-420
2021-09-05 01:38:53,939 [pool-508-thread-1] INFO  storage.RaftStorage (RaftStorageImpl.java:format(89)) - Storage directory /home/runner/work/ozone/ozone/hadoop-ozone/integration-test/target/test-dir/MiniOzoneClusterImpl-37340386-36af-4fa8-9723-b8f583b28ff6/ozone-meta/ratis/bf265839-605b-3f16-9796-c5ba1605619e has been successfully formatted.
2021-09-05 01:38:53,940 [pool-508-thread-1] INFO  server.RaftServerConfigKeys (ConfUtils.java:logGet(44)) - raft.server.notification.no-leader.timeout = 120s (custom)
2021-09-05 01:38:53,940 [pool-508-thread-1] INFO  server.RaftServerConfigKeys (ConfUtils.java:logGet(44)) - raft.server.log.use.memory = false (default)
2021-09-05 01:38:53,940 [pool-508-thread-1] INFO  server.RaftServerConfigKeys (ConfUtils.java:logGet(44)) - raft.server.log.purge.gap = 1000000 (custom)
2021-09-05 01:38:53,940 [pool-508-thread-1] INFO  server.RaftServerConfigKeys (ConfUtils.java:logGet(44)) - raft.server.log.appender.buffer.byte-limit = 33554432 (custom)
2021-09-05 01:38:53,940 [pool-508-thread-1] INFO  server.RaftServerConfigKeys (ConfUtils.java:logGet(44)) - raft.server.log.segment.size.max = 4194304 (custom)
2021-09-05 01:38:53,940 [pool-508-thread-1] INFO  server.RaftServerConfigKeys (ConfUtils.java:logGet(44)) - raft.server.log.segment.cache.num.max = 2 (custom)
2021-09-05 01:38:53,940 [pool-508-thread-1] INFO  server.RaftServerConfigKeys (ConfUtils.java:logGet(44)) - raft.server.log.segment.cache.size.max = 200MB (=209715200) (default)
2021-09-05 01:38:53,940 [pool-508-thread-1] INFO  segmented.SegmentedRaftLogWorker (SegmentedRaftLogWorker.java:<init>(182)) - new om1@group-C5BA1605619E-SegmentedRaftLogWorker for RaftStorageImpl:Storage Directory /home/runner/work/ozone/ozone/hadoop-ozone/integration-test/target/test-dir/MiniOzoneClusterImpl-37340386-36af-4fa8-9723-b8f583b28ff6/ozone-meta/ratis/bf265839-605b-3f16-9796-c5ba1605619e
2021-09-05 01:38:53,940 [pool-508-thread-1] INFO  server.RaftServerConfigKeys (ConfUtils.java:logGet(44)) - raft.server.log.queue.byte-limit = 64MB (=67108864) (default)
2021-09-05 01:38:53,941 [pool-508-thread-1] INFO  server.RaftServerConfigKeys (ConfUtils.java:logGet(44)) - raft.server.log.queue.element-limit = 4096 (default)
2021-09-05 01:38:53,941 [pool-508-thread-1] INFO  server.RaftServerConfigKeys (ConfUtils.java:logGet(44)) - raft.server.log.segment.size.max = 4194304 (custom)
2021-09-05 01:38:53,941 [pool-508-thread-1] INFO  server.RaftServerConfigKeys (ConfUtils.java:logGet(44)) - raft.server.log.preallocated.size = 4194304 (custom)
2021-09-05 01:38:53,941 [pool-508-thread-1] INFO  server.RaftServerConfigKeys (ConfUtils.java:logGet(44)) - raft.server.log.force.sync.num = 128 (default)
2021-09-05 01:38:53,941 [pool-508-thread-1] INFO  server.RaftServerConfigKeys (ConfUtils.java:logGet(44)) - raft.server.log.statemachine.data.sync = true (default)
2021-09-05 01:38:53,941 [pool-508-thread-1] INFO  server.RaftServerConfigKeys (ConfUtils.java:logGet(44)) - raft.server.log.statemachine.data.sync.timeout = 10s (default)
2021-09-05 01:38:53,941 [pool-508-thread-1] INFO  server.RaftServerConfigKeys (ConfUtils.java:logGet(44)) - raft.server.log.statemachine.data.sync.timeout.retry = -1 (default)
2021-09-05 01:38:53,954 [pool-508-thread-1] INFO  server.RaftServerConfigKeys (ConfUtils.java:logGet(44)) - raft.server.log.write.buffer.size = 64KB (=65536) (default)
2021-09-05 01:38:53,965 [pool-508-thread-1] INFO  server.RaftServerConfigKeys (ConfUtils.java:logGet(44)) - raft.server.log.statemachine.data.caching.enabled = false (default)
2021-09-05 01:38:53,966 [pool-508-thread-1] INFO  segmented.SegmentedRaftLogWorker (SegmentedRaftLogWorker.java:lambda$new$0(133)) - om1@group-C5BA1605619E-SegmentedRaftLogWorker: flushIndex: setUnconditionally 0 -> -1
2021-09-05 01:38:53,966 [pool-508-thread-1] INFO  segmented.SegmentedRaftLogWorker (SegmentedRaftLogWorker.java:lambda$new$0(133)) - om1@group-C5BA1605619E-SegmentedRaftLogWorker: safeCacheEvictIndex: setUnconditionally 0 -> -1
2021-09-05 01:38:53,965 [Socket Reader #1 for port 0] INFO  ipc.Server (Server.java:run(1265)) - Starting Socket Reader #1 for port 0
2021-09-05 01:38:53,998 [pool-508-thread-1] INFO  server.RaftServerConfigKeys (ConfUtils.java:logGet(44)) - raft.server.snapshot.auto.trigger.enabled = true (custom)
2021-09-05 01:38:53,998 [pool-508-thread-1] INFO  server.RaftServerConfigKeys (ConfUtils.java:logGet(44)) - raft.server.snapshot.auto.trigger.threshold = 400000 (default)
2021-09-05 01:38:53,998 [pool-508-thread-1] INFO  server.RaftServerConfigKeys (ConfUtils.java:logGet(44)) - raft.server.snapshot.retention.file.num = -1 (default)
2021-09-05 01:38:53,998 [pool-508-thread-1] INFO  server.RaftServerConfigKeys (ConfUtils.java:logGet(44)) - raft.server.log.purge.upto.snapshot.index = true (custom)
2021-09-05 01:38:53,998 [pool-508-thread-1] INFO  server.RaftServerConfigKeys (ConfUtils.java:logGet(44)) - raft.server.retrycache.expirytime = 300s (custom)
2021-09-05 01:38:53,998 [pool-508-thread-1] INFO  server.RaftServerConfigKeys (ConfUtils.java:logGet(44)) - raft.server.retrycache.statistics.expirytime = 100μs (default)
2021-09-05 01:38:54,124 [Listener at 127.0.0.1/33945] INFO  om.OzoneManager (OzoneManager.java:initFSOLayout(4321)) - Configured ozone.om.metadata.layout=SIMPLE and disabled optimized OM FS operations
2021-09-05 01:38:54,125 [Listener at 127.0.0.1/33945] INFO  impl.MetricsSystemImpl (MetricsSystemImpl.java:init(158)) - OzoneManager metrics system started (again)
2021-09-05 01:38:54,139 [Listener at 127.0.0.1/33945] INFO  om.OzoneManager (OzoneManager.java:start(1270)) - OzoneManager RPC server is listening at localhost/127.0.0.1:33945
2021-09-05 01:38:54,139 [Listener at 127.0.0.1/33945] INFO  ratis.OzoneManagerRatisServer (OzoneManagerRatisServer.java:start(516)) - Starting OzoneManagerRatisServer om1 at port 9872
2021-09-05 01:38:54,139 [Listener at 127.0.0.1/33945] INFO  server.RaftServer$Division (RaftServerImpl.java:start(296)) - om1@group-C5BA1605619E: start as a follower, conf=-1: [om1|rpc:localhost:9872|priority:0], old=null
2021-09-05 01:38:54,139 [Listener at 127.0.0.1/33945] INFO  server.RaftServer$Division (RaftServerImpl.java:setRole(285)) - om1@group-C5BA1605619E: changes role from      null to FOLLOWER at term 0 for startAsFollower
2021-09-05 01:38:54,139 [Listener at 127.0.0.1/33945] INFO  impl.RoleInfo (RoleInfo.java:updateAndGet(130)) - om1: start om1@group-C5BA1605619E-FollowerState
2021-09-05 01:38:54,139 [Listener at 127.0.0.1/33945] INFO  util.JmxRegister (JmxRegister.java:tryRegister(44)) - Successfully registered JMX Bean with object name Ratis:service=RaftServer,group=group-C5BA1605619E,id=om1
2021-09-05 01:38:54,140 [Listener at 127.0.0.1/33945] INFO  server.RaftServer (RaftServerProxy.java:lambda$start$5(374)) - om1: start RPC server
2021-09-05 01:38:54,141 [Listener at 127.0.0.1/33945] INFO  server.GrpcService (GrpcService.java:startImpl(253)) - om1: GrpcService started, listening on 9872
2021-09-05 01:38:54,153 [Listener at 127.0.0.1/33945] INFO  om.OzoneManager (OzoneManager.java:start(1288)) - Version File has different layout version (0) than OM DB (null). That is expected if this OM has never been finalized to a newer layout version.
2021-09-05 01:38:54,153 [org.apache.ratis.util.JvmPauseMonitor$$Lambda$531/1694950219@51feffa5] INFO  util.JvmPauseMonitor (JvmPauseMonitor.java:run(103)) - JvmPauseMonitor-om1: Started
2021-09-05 01:38:54,187 [Listener at 127.0.0.1/33945] INFO  http.BaseHttpServer (BaseHttpServer.java:newHttpServer2BuilderForOzone(209)) - Starting Web-server for ozoneManager at: http://0.0.0.0:0
2021-09-05 01:38:54,187 [Listener at 127.0.0.1/33945] INFO  http.BaseHttpServer (BaseHttpServer.java:<init>(107)) - Hadoop Security Enabled: false Ozone Security Enabled: false Ozone HTTP Security Enabled: false 
2021-09-05 01:38:54,226 [Listener at 127.0.0.1/33945] INFO  server.AuthenticationFilter (AuthenticationFilter.java:constructSecretProvider(240)) - Unable to initialize FileSignerSecretProvider, falling back to use random secrets.
2021-09-05 01:38:54,232 [Listener at 127.0.0.1/33945] WARN  http.HttpRequestLog (HttpRequestLog.java:getRequestLog(103)) - Jetty request log can only be enabled using Log4j
2021-09-05 01:38:54,233 [Listener at 127.0.0.1/33945] INFO  http.HttpServer2 (HttpServer2.java:addGlobalFilter(1030)) - Added global filter 'safety' (class=org.apache.hadoop.hdds.server.http.HttpServer2$QuotingInputFilter)
2021-09-05 01:38:54,233 [Listener at 127.0.0.1/33945] INFO  http.HttpServer2 (HttpServer2.java:addFilter(1006)) - Added filter static_user_filter (class=org.apache.hadoop.http.lib.StaticUserWebFilter$StaticUserFilter) to context ozoneManager
2021-09-05 01:38:54,233 [Listener at 127.0.0.1/33945] INFO  http.HttpServer2 (HttpServer2.java:addFilter(1014)) - Added filter static_user_filter (class=org.apache.hadoop.http.lib.StaticUserWebFilter$StaticUserFilter) to context logs
2021-09-05 01:38:54,233 [Listener at 127.0.0.1/33945] INFO  http.HttpServer2 (HttpServer2.java:addFilter(1014)) - Added filter static_user_filter (class=org.apache.hadoop.http.lib.StaticUserWebFilter$StaticUserFilter) to context static
2021-09-05 01:38:54,234 [Listener at 127.0.0.1/33945] INFO  http.HttpServer2 (HttpServer2.java:bindListener(1249)) - Jetty bound to port 39959
2021-09-05 01:38:54,234 [Listener at 127.0.0.1/33945] INFO  server.Server (Server.java:doStart(375)) - jetty-9.4.43.v20210629; built: 2021-06-30T11:07:22.254Z; git: 526006ecfa3af7f1a27ef3a288e2bef7ea9dd7e8; jvm 1.8.0_292-b10
2021-09-05 01:38:54,353 [Listener at 127.0.0.1/33945] INFO  server.session (DefaultSessionIdManager.java:doStart(334)) - DefaultSessionIdManager workerName=node0
2021-09-05 01:38:54,353 [Listener at 127.0.0.1/33945] INFO  server.session (DefaultSessionIdManager.java:doStart(339)) - No SessionScavenger set, using defaults
2021-09-05 01:38:54,358 [Listener at 127.0.0.1/33945] INFO  server.session (HouseKeeper.java:startScavenging(132)) - node0 Scavenging every 600000ms
2021-09-05 01:38:54,373 [Listener at 127.0.0.1/33945] INFO  handler.ContextHandler (ContextHandler.java:doStart(915)) - Started o.e.j.s.ServletContextHandler@212cb226{logs,/logs,file:///home/runner/work/ozone/ozone/hadoop-ozone/integration-test/target/log,AVAILABLE}
2021-09-05 01:38:54,374 [Listener at 127.0.0.1/33945] INFO  handler.ContextHandler (ContextHandler.java:doStart(915)) - Started o.e.j.s.ServletContextHandler@29e1318b{static,/static,file:///home/runner/work/ozone/ozone/hadoop-ozone/integration-test/target/test-classes/webapps/static,AVAILABLE}
2021-09-05 01:38:54,376 [Listener at 127.0.0.1/33945] INFO  handler.ContextHandler (ContextHandler.java:doStart(915)) - Started o.e.j.w.WebAppContext@44020ce0{ozoneManager,/,file:///home/runner/work/ozone/ozone/hadoop-ozone/integration-test/target/test-classes/webapps/ozoneManager/,AVAILABLE}{file:/home/runner/work/ozone/ozone/hadoop-ozone/integration-test/target/test-classes/webapps/ozoneManager}
2021-09-05 01:38:54,400 [Listener at 127.0.0.1/33945] INFO  server.AbstractConnector (AbstractConnector.java:doStart(331)) - Started ServerConnector@5bf05c51{HTTP/1.1, (http/1.1)}{0.0.0.0:39959}
2021-09-05 01:38:54,401 [Listener at 127.0.0.1/33945] INFO  server.Server (Server.java:doStart(415)) - Started @172376ms
2021-09-05 01:38:54,401 [Listener at 127.0.0.1/33945] WARN  impl.MetricsSystemImpl (MetricsSystemImpl.java:register(279)) - Sink prometheus already exists!
2021-09-05 01:38:54,401 [Listener at 127.0.0.1/33945] INFO  http.BaseHttpServer (BaseHttpServer.java:updateConnectorAddress(329)) - HTTP server of ozoneManager listening at http://0.0.0.0:39959
2021-09-05 01:38:54,402 [IPC Server Responder] INFO  ipc.Server (Server.java:run(1507)) - IPC Server Responder: starting
2021-09-05 01:38:54,402 [IPC Server listener on 0] INFO  ipc.Server (Server.java:run(1344)) - IPC Server listener on 0: starting
2021-09-05 01:38:54,404 [Listener at 127.0.0.1/33945] INFO  om.OzoneManager (OzoneManager.java:startTrashEmptier(1531)) - Trash Interval set to 0. Files deleted will not move to trash
2021-09-05 01:38:54,460 [org.apache.hadoop.util.JvmPauseMonitor$Monitor@2e071ff3] INFO  util.JvmPauseMonitor (JvmPauseMonitor.java:run(188)) - Starting JVM pause monitor
2021-09-05 01:38:54,467 [Listener at 127.0.0.1/33945] WARN  impl.MetricRegistriesImpl (MetricRegistriesImpl.java:addReporterRegistration(111)) - New reporters are added after registries were created. Some metrics will be missing from the reporter. Please add reporter before adding any new registry.
2021-09-05 01:38:54,508 [Listener at 127.0.0.1/33945] WARN  impl.MetricRegistriesImpl (MetricRegistriesImpl.java:addReporterRegistration(111)) - New reporters are added after registries were created. Some metrics will be missing from the reporter. Please add reporter before adding any new registry.
2021-09-05 01:38:54,508 [Listener at 127.0.0.1/33945] INFO  impl.MetricsSystemImpl (MetricsSystemImpl.java:init(158)) - HddsDatanode metrics system started (again)
2021-09-05 01:38:54,540 [Listener at 127.0.0.1/33945] INFO  ozone.HddsDatanodeService (HddsDatanodeService.java:start(234)) - HddsDatanodeService host:fv-az270-420.tacnzluakwdehk1hpragurqkma.bx.internal.cloudapp.net ip:10.1.0.25
2021-09-05 01:38:54,607 [Listener at 127.0.0.1/33945] INFO  upgrade.AbstractLayoutVersionManager (AbstractLayoutVersionManager.java:init(70)) - Initializing Layout version manager with metadata layout = SCM_HA (version = 2), software layout = SCM_HA (version = 2)
2021-09-05 01:38:54,775 [Listener at 127.0.0.1/33945] INFO  reflections.Reflections (Reflections.java:scan(232)) - Reflections took 167 ms to scan 7 urls, producing 120 keys and 275 values 
2021-09-05 01:38:54,777 [Listener at 127.0.0.1/33945] INFO  volume.HddsVolume (HddsVolume.java:<init>(120)) - Creating HddsVolume: /home/runner/work/ozone/ozone/hadoop-ozone/integration-test/target/test-dir/MiniOzoneClusterImpl-37340386-36af-4fa8-9723-b8f583b28ff6/datanode-0/data-0/containers/hdds of storage type : DISK capacity : 9223372036854775807
2021-09-05 01:38:54,778 [Listener at 127.0.0.1/33945] INFO  volume.MutableVolumeSet (MutableVolumeSet.java:initializeVolumeSet(181)) - Added Volume : /home/runner/work/ozone/ozone/hadoop-ozone/integration-test/target/test-dir/MiniOzoneClusterImpl-37340386-36af-4fa8-9723-b8f583b28ff6/datanode-0/data-0/containers/hdds to VolumeSet
2021-09-05 01:38:54,778 [Listener at 127.0.0.1/33945] INFO  volume.ThrottledAsyncChecker (ThrottledAsyncChecker.java:schedule(141)) - Scheduling a check for /home/runner/work/ozone/ozone/hadoop-ozone/integration-test/target/test-dir/MiniOzoneClusterImpl-37340386-36af-4fa8-9723-b8f583b28ff6/datanode-0/data-0/containers/hdds
2021-09-05 01:38:54,793 [Listener at 127.0.0.1/33945] INFO  volume.StorageVolumeChecker (StorageVolumeChecker.java:checkAllVolumes(202)) - Scheduled health check for volume /home/runner/work/ozone/ozone/hadoop-ozone/integration-test/target/test-dir/MiniOzoneClusterImpl-37340386-36af-4fa8-9723-b8f583b28ff6/datanode-0/data-0/containers/hdds
2021-09-05 01:38:54,841 [Listener at 127.0.0.1/33945] INFO  volume.MutableVolumeSet (MutableVolumeSet.java:initializeVolumeSet(181)) - Added Volume : /home/runner/work/ozone/ozone/hadoop-ozone/integration-test/target/test-dir/MiniOzoneClusterImpl-37340386-36af-4fa8-9723-b8f583b28ff6/datanode-0/data/ratis to VolumeSet
2021-09-05 01:38:54,846 [Listener at 127.0.0.1/33945] INFO  volume.ThrottledAsyncChecker (ThrottledAsyncChecker.java:schedule(141)) - Scheduling a check for /home/runner/work/ozone/ozone/hadoop-ozone/integration-test/target/test-dir/MiniOzoneClusterImpl-37340386-36af-4fa8-9723-b8f583b28ff6/datanode-0/data/ratis
2021-09-05 01:38:54,846 [Listener at 127.0.0.1/33945] INFO  volume.StorageVolumeChecker (StorageVolumeChecker.java:checkAllVolumes(202)) - Scheduled health check for volume /home/runner/work/ozone/ozone/hadoop-ozone/integration-test/target/test-dir/MiniOzoneClusterImpl-37340386-36af-4fa8-9723-b8f583b28ff6/datanode-0/data/ratis
2021-09-05 01:38:54,870 [Listener at 127.0.0.1/33945] INFO  ozoneimpl.ContainerReader (ContainerReader.java:<init>(98)) - Running in upgrade mode:true
2021-09-05 01:38:54,875 [Thread-1597] INFO  ozoneimpl.ContainerReader (ContainerReader.java:readVolume(142)) - Start to verify containers on volume /home/runner/work/ozone/ozone/hadoop-ozone/integration-test/target/test-dir/MiniOzoneClusterImpl-37340386-36af-4fa8-9723-b8f583b28ff6/datanode-0/data-0/containers/hdds
2021-09-05 01:38:54,875 [Thread-1597] INFO  ozoneimpl.ContainerReader (ContainerReader.java:readVolume(174)) - Finish verifying containers on volume /home/runner/work/ozone/ozone/hadoop-ozone/integration-test/target/test-dir/MiniOzoneClusterImpl-37340386-36af-4fa8-9723-b8f583b28ff6/datanode-0/data-0/containers/hdds
2021-09-05 01:38:54,905 [Listener at 127.0.0.1/33945] INFO  ozoneimpl.OzoneContainer (OzoneContainer.java:buildContainerSet(237)) - Build ContainerSet costs 0s
2021-09-05 01:38:54,907 [Listener at 127.0.0.1/33945] INFO  server.RaftServer (ConfUtils.java:logGet(44)) - raft.rpc.type = GRPC (default)
2021-09-05 01:38:54,908 [Listener at 127.0.0.1/33945] INFO  grpc.GrpcFactory (GrpcFactory.java:checkPooledByteBufAllocatorUseCacheForAllThreads(48)) - PERFORMANCE WARNING: useCacheForAllThreads is true that may cause Netty to create a lot garbage objects and, as a result, trigger GC.
	It is recommended to disable useCacheForAllThreads by setting -Dorg.apache.ratis.thirdparty.io.netty.allocator.useCacheForAllThreads=false in command line.
2021-09-05 01:38:54,908 [Listener at 127.0.0.1/33945] INFO  grpc.GrpcConfigKeys (ConfUtils.java:logGet(44)) - raft.grpc.admin.port = 0 (custom)
2021-09-05 01:38:54,908 [Listener at 127.0.0.1/33945] INFO  grpc.GrpcConfigKeys (ConfUtils.java:logGet(44)) - raft.grpc.client.port = 0 (custom)
2021-09-05 01:38:54,908 [Listener at 127.0.0.1/33945] INFO  grpc.GrpcConfigKeys (ConfUtils.java:logGet(44)) - raft.grpc.server.port = 0 (default)
2021-09-05 01:38:54,932 [Listener at 127.0.0.1/33945] INFO  server.GrpcService (ConfUtils.java:logGet(44)) - raft.grpc.message.size.max = 32MB (=33554432) (custom)
2021-09-05 01:38:54,932 [Listener at 127.0.0.1/33945] INFO  server.RaftServerConfigKeys (ConfUtils.java:logGet(44)) - raft.server.log.appender.buffer.byte-limit = 33554432 (custom)
2021-09-05 01:38:54,932 [Listener at 127.0.0.1/33945] INFO  server.GrpcService (ConfUtils.java:logGet(44)) - raft.grpc.flow.control.window = 5MB (=5242880) (custom)
2021-09-05 01:38:54,932 [Listener at 127.0.0.1/33945] INFO  server.RaftServerConfigKeys (ConfUtils.java:logGet(44)) - raft.server.rpc.request.timeout = 3000ms (default)
2021-09-05 01:38:54,934 [Listener at 127.0.0.1/33945] INFO  impl.DataStreamServerImpl (ConfUtils.java:logGet(44)) - raft.datastream.type = DISABLED (default)
2021-09-05 01:38:54,934 [Listener at 127.0.0.1/33945] INFO  server.RaftServerConfigKeys (ConfUtils.java:logGet(44)) - raft.server.rpc.slowness.timeout = 300000ms (custom)
2021-09-05 01:38:54,934 [Listener at 127.0.0.1/33945] INFO  server.RaftServerConfigKeys (ConfUtils.java:logGet(44)) - raft.server.leaderelection.leader.step-down.wait-time = 10s (default)
2021-09-05 01:38:54,935 [Listener at 127.0.0.1/33945] INFO  server.RaftServerConfigKeys (ConfUtils.java:logGet(44)) - raft.server.storage.dir = [/home/runner/work/ozone/ozone/hadoop-ozone/integration-test/target/test-dir/MiniOzoneClusterImpl-37340386-36af-4fa8-9723-b8f583b28ff6/datanode-0/data/ratis] (custom)
2021-09-05 01:38:54,982 [Listener at 127.0.0.1/33945] INFO  http.BaseHttpServer (BaseHttpServer.java:newHttpServer2BuilderForOzone(209)) - Starting Web-server for hddsDatanode at: http://0.0.0.0:0
2021-09-05 01:38:54,982 [Listener at 127.0.0.1/33945] INFO  http.BaseHttpServer (BaseHttpServer.java:<init>(107)) - Hadoop Security Enabled: false Ozone Security Enabled: false Ozone HTTP Security Enabled: false 
2021-09-05 01:38:55,005 [Listener at 127.0.0.1/33945] INFO  server.AuthenticationFilter (AuthenticationFilter.java:constructSecretProvider(240)) - Unable to initialize FileSignerSecretProvider, falling back to use random secrets.
2021-09-05 01:38:55,007 [Listener at 127.0.0.1/33945] WARN  http.HttpRequestLog (HttpRequestLog.java:getRequestLog(103)) - Jetty request log can only be enabled using Log4j
2021-09-05 01:38:55,008 [Listener at 127.0.0.1/33945] INFO  http.HttpServer2 (HttpServer2.java:addGlobalFilter(1030)) - Added global filter 'safety' (class=org.apache.hadoop.hdds.server.http.HttpServer2$QuotingInputFilter)
2021-09-05 01:38:55,008 [Listener at 127.0.0.1/33945] INFO  http.HttpServer2 (HttpServer2.java:addFilter(1006)) - Added filter static_user_filter (class=org.apache.hadoop.http.lib.StaticUserWebFilter$StaticUserFilter) to context hddsDatanode
2021-09-05 01:38:55,008 [Listener at 127.0.0.1/33945] INFO  http.HttpServer2 (HttpServer2.java:addFilter(1014)) - Added filter static_user_filter (class=org.apache.hadoop.http.lib.StaticUserWebFilter$StaticUserFilter) to context logs
2021-09-05 01:38:55,008 [Listener at 127.0.0.1/33945] INFO  http.HttpServer2 (HttpServer2.java:addFilter(1014)) - Added filter static_user_filter (class=org.apache.hadoop.http.lib.StaticUserWebFilter$StaticUserFilter) to context static
2021-09-05 01:38:55,009 [Listener at 127.0.0.1/33945] INFO  http.HttpServer2 (HttpServer2.java:bindListener(1249)) - Jetty bound to port 42297
2021-09-05 01:38:55,009 [Listener at 127.0.0.1/33945] INFO  server.Server (Server.java:doStart(375)) - jetty-9.4.43.v20210629; built: 2021-06-30T11:07:22.254Z; git: 526006ecfa3af7f1a27ef3a288e2bef7ea9dd7e8; jvm 1.8.0_292-b10
2021-09-05 01:38:55,066 [Listener at 127.0.0.1/33945] INFO  server.session (DefaultSessionIdManager.java:doStart(334)) - DefaultSessionIdManager workerName=node0
2021-09-05 01:38:55,066 [Listener at 127.0.0.1/33945] INFO  server.session (DefaultSessionIdManager.java:doStart(339)) - No SessionScavenger set, using defaults
2021-09-05 01:38:55,066 [Listener at 127.0.0.1/33945] INFO  server.session (HouseKeeper.java:startScavenging(132)) - node0 Scavenging every 660000ms
2021-09-05 01:38:55,067 [Listener at 127.0.0.1/33945] INFO  handler.ContextHandler (ContextHandler.java:doStart(915)) - Started o.e.j.s.ServletContextHandler@7c5ed9c4{logs,/logs,file:///home/runner/work/ozone/ozone/hadoop-ozone/integration-test/target/log,AVAILABLE}
2021-09-05 01:38:55,067 [Listener at 127.0.0.1/33945] INFO  handler.ContextHandler (ContextHandler.java:doStart(915)) - Started o.e.j.s.ServletContextHandler@2e5a34c1{static,/static,jar:file:/home/runner/.m2/repository/org/apache/ozone/hdds-container-service/1.2.0-SNAPSHOT/hdds-container-service-1.2.0-SNAPSHOT.jar!/webapps/static,AVAILABLE}
2021-09-05 01:38:55,253 [om1@group-C5BA1605619E-FollowerState] INFO  impl.FollowerState (FollowerState.java:run(134)) - om1@group-C5BA1605619E-FollowerState: change to CANDIDATE, lastRpcElapsedTime:1113903417ns, electionTimeout:1109ms
2021-09-05 01:38:55,253 [om1@group-C5BA1605619E-FollowerState] INFO  impl.RoleInfo (RoleInfo.java:shutdownFollowerState(108)) - om1: shutdown om1@group-C5BA1605619E-FollowerState
2021-09-05 01:38:55,253 [om1@group-C5BA1605619E-FollowerState] INFO  server.RaftServer$Division (RaftServerImpl.java:setRole(285)) - om1@group-C5BA1605619E: changes role from  FOLLOWER to CANDIDATE at term 0 for changeToCandidate
2021-09-05 01:38:55,253 [om1@group-C5BA1605619E-FollowerState] INFO  server.RaftServerConfigKeys (ConfUtils.java:logGet(44)) - raft.server.leaderelection.pre-vote = false (custom)
2021-09-05 01:38:55,253 [om1@group-C5BA1605619E-FollowerState] INFO  impl.RoleInfo (RoleInfo.java:updateAndGet(130)) - om1: start om1@group-C5BA1605619E-LeaderElection85
2021-09-05 01:38:55,267 [Listener at 127.0.0.1/33945] INFO  handler.ContextHandler (ContextHandler.java:doStart(915)) - Started o.e.j.w.WebAppContext@6ebb795a{hddsDatanode,/,file:///tmp/jetty-0_0_0_0-42297-hdds-container-service-1_2_0-SNAPSHOT_jar-_-any-1820098948471176616/webapp/,AVAILABLE}{jar:file:/home/runner/.m2/repository/org/apache/ozone/hdds-container-service/1.2.0-SNAPSHOT/hdds-container-service-1.2.0-SNAPSHOT.jar!/webapps/hddsDatanode}
2021-09-05 01:38:55,328 [Listener at 127.0.0.1/33945] INFO  server.AbstractConnector (AbstractConnector.java:doStart(331)) - Started ServerConnector@3b0ef50a{HTTP/1.1, (http/1.1)}{0.0.0.0:42297}
2021-09-05 01:38:55,328 [Listener at 127.0.0.1/33945] INFO  server.Server (Server.java:doStart(415)) - Started @173304ms
2021-09-05 01:38:55,328 [Listener at 127.0.0.1/33945] WARN  impl.MetricsSystemImpl (MetricsSystemImpl.java:register(279)) - Sink prometheus already exists!
2021-09-05 01:38:55,329 [Listener at 127.0.0.1/33945] INFO  http.BaseHttpServer (BaseHttpServer.java:updateConnectorAddress(329)) - HTTP server of hddsDatanode listening at http://0.0.0.0:42297
2021-09-05 01:38:55,329 [om1@group-C5BA1605619E-LeaderElection85] INFO  impl.LeaderElection (LeaderElection.java:askForVotes(306)) - om1@group-C5BA1605619E-LeaderElection85 ELECTION round 0: submit vote requests at term 1 for -1: [om1|rpc:localhost:9872|priority:0], old=null
2021-09-05 01:38:55,330 [om1@group-C5BA1605619E-LeaderElection85] INFO  impl.LeaderElection (LeaderElection.java:askForVotes(308)) - om1@group-C5BA1605619E-LeaderElection85 ELECTION round 0: result PASSED (term=1)
2021-09-05 01:38:55,330 [om1@group-C5BA1605619E-LeaderElection85] INFO  impl.RoleInfo (RoleInfo.java:shutdownLeaderElection(121)) - om1: shutdown om1@group-C5BA1605619E-LeaderElection85
2021-09-05 01:38:55,330 [om1@group-C5BA1605619E-LeaderElection85] INFO  server.RaftServer$Division (RaftServerImpl.java:setRole(285)) - om1@group-C5BA1605619E: changes role from CANDIDATE to LEADER at term 1 for changeToLeader
2021-09-05 01:38:55,330 [om1@group-C5BA1605619E-LeaderElection85] INFO  server.RaftServer$Division (ServerState.java:setLeader(285)) - om1@group-C5BA1605619E: change Leader from null to om1 at term 1 for becomeLeader, leader elected after 1390ms
2021-09-05 01:38:55,330 [om1@group-C5BA1605619E-LeaderElection85] INFO  server.RaftServerConfigKeys (ConfUtils.java:logGet(44)) - raft.server.staging.catchup.gap = 1000 (default)
2021-09-05 01:38:55,337 [Listener at 127.0.0.1/33945] WARN  impl.MetricRegistriesImpl (MetricRegistriesImpl.java:addReporterRegistration(111)) - New reporters are added after registries were created. Some metrics will be missing from the reporter. Please add reporter before adding any new registry.
2021-09-05 01:38:55,337 [Listener at 127.0.0.1/33945] WARN  impl.MetricRegistriesImpl (MetricRegistriesImpl.java:addReporterRegistration(111)) - New reporters are added after registries were created. Some metrics will be missing from the reporter. Please add reporter before adding any new registry.
2021-09-05 01:38:55,337 [Listener at 127.0.0.1/33945] INFO  impl.MetricsSystemImpl (MetricsSystemImpl.java:init(158)) - HddsDatanode metrics system started (again)
2021-09-05 01:38:55,341 [om1@group-C5BA1605619E-LeaderElection85] INFO  server.RaftServerConfigKeys (ConfUtils.java:logGet(44)) - raft.server.write.element-limit = 4096 (default)
2021-09-05 01:38:55,341 [om1@group-C5BA1605619E-LeaderElection85] INFO  server.RaftServerConfigKeys (ConfUtils.java:logGet(44)) - raft.server.write.byte-limit = 64MB (=67108864) (default)
2021-09-05 01:38:55,341 [om1@group-C5BA1605619E-LeaderElection85] INFO  server.RaftServerConfigKeys (ConfUtils.java:logGet(44)) - raft.server.watch.timeout = 10s (default)
2021-09-05 01:38:55,341 [om1@group-C5BA1605619E-LeaderElection85] INFO  server.RaftServerConfigKeys (ConfUtils.java:logGet(44)) - raft.server.watch.timeout.denomination = 1s (default)
2021-09-05 01:38:55,342 [om1@group-C5BA1605619E-LeaderElection85] INFO  server.RaftServerConfigKeys (ConfUtils.java:logGet(44)) - raft.server.watch.element-limit = 65536 (default)
2021-09-05 01:38:55,342 [om1@group-C5BA1605619E-LeaderElection85] INFO  impl.RoleInfo (RoleInfo.java:updateAndGet(130)) - om1: start om1@group-C5BA1605619E-LeaderStateImpl
2021-09-05 01:38:55,342 [om1@group-C5BA1605619E-LeaderElection85] INFO  segmented.SegmentedRaftLogWorker (SegmentedRaftLogWorker.java:startLogSegment(394)) - om1@group-C5BA1605619E-SegmentedRaftLogWorker: Starting segment from index:0
2021-09-05 01:38:55,349 [om1@group-C5BA1605619E-SegmentedRaftLogWorker] INFO  segmented.SegmentedRaftLogWorker (SegmentedRaftLogWorker.java:execute(601)) - om1@group-C5BA1605619E-SegmentedRaftLogWorker: created new log segment /home/runner/work/ozone/ozone/hadoop-ozone/integration-test/target/test-dir/MiniOzoneClusterImpl-37340386-36af-4fa8-9723-b8f583b28ff6/ozone-meta/ratis/bf265839-605b-3f16-9796-c5ba1605619e/current/log_inprogress_0
2021-09-05 01:38:55,395 [om1@group-C5BA1605619E-LeaderElection85] INFO  server.RaftServer$Division (ServerState.java:setRaftConf(387)) - om1@group-C5BA1605619E: set configuration 0: [om1|rpc:localhost:9872|admin:|client:|dataStream:|priority:0], old=null
2021-09-05 01:38:55,416 [Listener at 127.0.0.1/33945] INFO  ozone.HddsDatanodeService (HddsDatanodeService.java:start(234)) - HddsDatanodeService host:fv-az270-420.tacnzluakwdehk1hpragurqkma.bx.internal.cloudapp.net ip:10.1.0.25
2021-09-05 01:38:55,418 [om1@group-C5BA1605619E-StateMachineUpdater] INFO  ratis.OzoneManagerStateMachine (OzoneManagerStateMachine.java:notifyConfigurationChanged(188)) - Received Configuration change notification from Ratis. New Peer list:
[id: "om1"
address: "localhost:9872"
]
2021-09-05 01:38:55,427 [org.apache.hadoop.util.JvmPauseMonitor$Monitor@34b41def] INFO  util.JvmPauseMonitor (JvmPauseMonitor.java:run(188)) - Starting JVM pause monitor
2021-09-05 01:38:55,509 [Listener at 127.0.0.1/33945] INFO  upgrade.AbstractLayoutVersionManager (AbstractLayoutVersionManager.java:init(70)) - Initializing Layout version manager with metadata layout = SCM_HA (version = 2), software layout = SCM_HA (version = 2)
2021-09-05 01:38:55,512 [Datanode State Machine Task Thread - 0] INFO  datanode.InitDatanodeState (InitDatanodeState.java:persistContainerDatanodeDetails(145)) - DatanodeDetails is persisted to /home/runner/work/ozone/ozone/hadoop-ozone/integration-test/target/test-dir/MiniOzoneClusterImpl-37340386-36af-4fa8-9723-b8f583b28ff6/datanode-0/meta/datanode.id
2021-09-05 01:38:55,607 [Listener at 127.0.0.1/33945] INFO  reflections.Reflections (Reflections.java:scan(232)) - Reflections took 95 ms to scan 7 urls, producing 120 keys and 275 values 
2021-09-05 01:38:55,609 [Listener at 127.0.0.1/33945] INFO  volume.HddsVolume (HddsVolume.java:<init>(120)) - Creating HddsVolume: /home/runner/work/ozone/ozone/hadoop-ozone/integration-test/target/test-dir/MiniOzoneClusterImpl-37340386-36af-4fa8-9723-b8f583b28ff6/datanode-1/data-0/containers/hdds of storage type : DISK capacity : 9223372036854775807
2021-09-05 01:38:55,609 [Listener at 127.0.0.1/33945] INFO  volume.MutableVolumeSet (MutableVolumeSet.java:initializeVolumeSet(181)) - Added Volume : /home/runner/work/ozone/ozone/hadoop-ozone/integration-test/target/test-dir/MiniOzoneClusterImpl-37340386-36af-4fa8-9723-b8f583b28ff6/datanode-1/data-0/containers/hdds to VolumeSet
2021-09-05 01:38:55,609 [Listener at 127.0.0.1/33945] INFO  volume.ThrottledAsyncChecker (ThrottledAsyncChecker.java:schedule(141)) - Scheduling a check for /home/runner/work/ozone/ozone/hadoop-ozone/integration-test/target/test-dir/MiniOzoneClusterImpl-37340386-36af-4fa8-9723-b8f583b28ff6/datanode-1/data-0/containers/hdds
2021-09-05 01:38:55,610 [Listener at 127.0.0.1/33945] INFO  volume.StorageVolumeChecker (StorageVolumeChecker.java:checkAllVolumes(202)) - Scheduled health check for volume /home/runner/work/ozone/ozone/hadoop-ozone/integration-test/target/test-dir/MiniOzoneClusterImpl-37340386-36af-4fa8-9723-b8f583b28ff6/datanode-1/data-0/containers/hdds
2021-09-05 01:38:55,661 [Listener at 127.0.0.1/33945] INFO  volume.MutableVolumeSet (MutableVolumeSet.java:initializeVolumeSet(181)) - Added Volume : /home/runner/work/ozone/ozone/hadoop-ozone/integration-test/target/test-dir/MiniOzoneClusterImpl-37340386-36af-4fa8-9723-b8f583b28ff6/datanode-1/data/ratis to VolumeSet
2021-09-05 01:38:55,661 [Listener at 127.0.0.1/33945] INFO  volume.ThrottledAsyncChecker (ThrottledAsyncChecker.java:schedule(141)) - Scheduling a check for /home/runner/work/ozone/ozone/hadoop-ozone/integration-test/target/test-dir/MiniOzoneClusterImpl-37340386-36af-4fa8-9723-b8f583b28ff6/datanode-1/data/ratis
2021-09-05 01:38:55,661 [Listener at 127.0.0.1/33945] INFO  volume.StorageVolumeChecker (StorageVolumeChecker.java:checkAllVolumes(202)) - Scheduled health check for volume /home/runner/work/ozone/ozone/hadoop-ozone/integration-test/target/test-dir/MiniOzoneClusterImpl-37340386-36af-4fa8-9723-b8f583b28ff6/datanode-1/data/ratis
2021-09-05 01:38:55,701 [Listener at 127.0.0.1/33945] INFO  ozoneimpl.ContainerReader (ContainerReader.java:<init>(98)) - Running in upgrade mode:true
2021-09-05 01:38:55,701 [Thread-1611] INFO  ozoneimpl.ContainerReader (ContainerReader.java:readVolume(142)) - Start to verify containers on volume /home/runner/work/ozone/ozone/hadoop-ozone/integration-test/target/test-dir/MiniOzoneClusterImpl-37340386-36af-4fa8-9723-b8f583b28ff6/datanode-1/data-0/containers/hdds
2021-09-05 01:38:55,701 [Thread-1611] INFO  ozoneimpl.ContainerReader (ContainerReader.java:readVolume(174)) - Finish verifying containers on volume /home/runner/work/ozone/ozone/hadoop-ozone/integration-test/target/test-dir/MiniOzoneClusterImpl-37340386-36af-4fa8-9723-b8f583b28ff6/datanode-1/data-0/containers/hdds
2021-09-05 01:38:55,701 [Listener at 127.0.0.1/33945] INFO  ozoneimpl.OzoneContainer (OzoneContainer.java:buildContainerSet(237)) - Build ContainerSet costs 0s
2021-09-05 01:38:55,703 [Listener at 127.0.0.1/33945] INFO  server.RaftServer (ConfUtils.java:logGet(44)) - raft.rpc.type = GRPC (default)
2021-09-05 01:38:55,703 [Listener at 127.0.0.1/33945] INFO  grpc.GrpcFactory (GrpcFactory.java:checkPooledByteBufAllocatorUseCacheForAllThreads(48)) - PERFORMANCE WARNING: useCacheForAllThreads is true that may cause Netty to create a lot garbage objects and, as a result, trigger GC.
	It is recommended to disable useCacheForAllThreads by setting -Dorg.apache.ratis.thirdparty.io.netty.allocator.useCacheForAllThreads=false in command line.
2021-09-05 01:38:55,703 [Listener at 127.0.0.1/33945] INFO  grpc.GrpcConfigKeys (ConfUtils.java:logGet(44)) - raft.grpc.admin.port = 0 (custom)
2021-09-05 01:38:55,703 [Listener at 127.0.0.1/33945] INFO  grpc.GrpcConfigKeys (ConfUtils.java:logGet(44)) - raft.grpc.client.port = 0 (custom)
2021-09-05 01:38:55,704 [Listener at 127.0.0.1/33945] INFO  grpc.GrpcConfigKeys (ConfUtils.java:logGet(44)) - raft.grpc.server.port = 0 (default)
2021-09-05 01:38:55,704 [Listener at 127.0.0.1/33945] INFO  server.GrpcService (ConfUtils.java:logGet(44)) - raft.grpc.message.size.max = 32MB (=33554432) (custom)
2021-09-05 01:38:55,704 [Listener at 127.0.0.1/33945] INFO  server.RaftServerConfigKeys (ConfUtils.java:logGet(44)) - raft.server.log.appender.buffer.byte-limit = 33554432 (custom)
2021-09-05 01:38:55,704 [Listener at 127.0.0.1/33945] INFO  server.GrpcService (ConfUtils.java:logGet(44)) - raft.grpc.flow.control.window = 5MB (=5242880) (custom)
2021-09-05 01:38:55,704 [Listener at 127.0.0.1/33945] INFO  server.RaftServerConfigKeys (ConfUtils.java:logGet(44)) - raft.server.rpc.request.timeout = 3000ms (default)
2021-09-05 01:38:55,705 [Listener at 127.0.0.1/33945] INFO  impl.DataStreamServerImpl (ConfUtils.java:logGet(44)) - raft.datastream.type = DISABLED (default)
2021-09-05 01:38:55,706 [Listener at 127.0.0.1/33945] INFO  server.RaftServerConfigKeys (ConfUtils.java:logGet(44)) - raft.server.rpc.slowness.timeout = 300000ms (custom)
2021-09-05 01:38:55,706 [Listener at 127.0.0.1/33945] INFO  server.RaftServerConfigKeys (ConfUtils.java:logGet(44)) - raft.server.leaderelection.leader.step-down.wait-time = 10s (default)
2021-09-05 01:38:55,706 [Listener at 127.0.0.1/33945] INFO  server.RaftServerConfigKeys (ConfUtils.java:logGet(44)) - raft.server.storage.dir = [/home/runner/work/ozone/ozone/hadoop-ozone/integration-test/target/test-dir/MiniOzoneClusterImpl-37340386-36af-4fa8-9723-b8f583b28ff6/datanode-1/data/ratis] (custom)
2021-09-05 01:38:55,709 [Listener at 127.0.0.1/33945] INFO  http.BaseHttpServer (BaseHttpServer.java:newHttpServer2BuilderForOzone(209)) - Starting Web-server for hddsDatanode at: http://0.0.0.0:0
2021-09-05 01:38:55,709 [Listener at 127.0.0.1/33945] INFO  http.BaseHttpServer (BaseHttpServer.java:<init>(107)) - Hadoop Security Enabled: false Ozone Security Enabled: false Ozone HTTP Security Enabled: false 
2021-09-05 01:38:55,710 [Listener at 127.0.0.1/33945] INFO  server.AuthenticationFilter (AuthenticationFilter.java:constructSecretProvider(240)) - Unable to initialize FileSignerSecretProvider, falling back to use random secrets.
2021-09-05 01:38:55,710 [Listener at 127.0.0.1/33945] WARN  http.HttpRequestLog (HttpRequestLog.java:getRequestLog(103)) - Jetty request log can only be enabled using Log4j
2021-09-05 01:38:55,711 [Listener at 127.0.0.1/33945] INFO  http.HttpServer2 (HttpServer2.java:addGlobalFilter(1030)) - Added global filter 'safety' (class=org.apache.hadoop.hdds.server.http.HttpServer2$QuotingInputFilter)
2021-09-05 01:38:55,711 [Listener at 127.0.0.1/33945] INFO  http.HttpServer2 (HttpServer2.java:addFilter(1006)) - Added filter static_user_filter (class=org.apache.hadoop.http.lib.StaticUserWebFilter$StaticUserFilter) to context hddsDatanode
2021-09-05 01:38:55,711 [Listener at 127.0.0.1/33945] INFO  http.HttpServer2 (HttpServer2.java:addFilter(1014)) - Added filter static_user_filter (class=org.apache.hadoop.http.lib.StaticUserWebFilter$StaticUserFilter) to context static
2021-09-05 01:38:55,711 [Listener at 127.0.0.1/33945] INFO  http.HttpServer2 (HttpServer2.java:addFilter(1014)) - Added filter static_user_filter (class=org.apache.hadoop.http.lib.StaticUserWebFilter$StaticUserFilter) to context logs
2021-09-05 01:38:55,712 [Listener at 127.0.0.1/33945] INFO  http.HttpServer2 (HttpServer2.java:bindListener(1249)) - Jetty bound to port 35705
2021-09-05 01:38:55,712 [Listener at 127.0.0.1/33945] INFO  server.Server (Server.java:doStart(375)) - jetty-9.4.43.v20210629; built: 2021-06-30T11:07:22.254Z; git: 526006ecfa3af7f1a27ef3a288e2bef7ea9dd7e8; jvm 1.8.0_292-b10
2021-09-05 01:38:55,713 [Listener at 127.0.0.1/33945] INFO  server.session (DefaultSessionIdManager.java:doStart(334)) - DefaultSessionIdManager workerName=node0
2021-09-05 01:38:55,713 [Listener at 127.0.0.1/33945] INFO  server.session (DefaultSessionIdManager.java:doStart(339)) - No SessionScavenger set, using defaults
2021-09-05 01:38:55,714 [Listener at 127.0.0.1/33945] INFO  server.session (HouseKeeper.java:startScavenging(132)) - node0 Scavenging every 600000ms
2021-09-05 01:38:55,714 [Listener at 127.0.0.1/33945] INFO  handler.ContextHandler (ContextHandler.java:doStart(915)) - Started o.e.j.s.ServletContextHandler@4c94efd8{logs,/logs,file:///home/runner/work/ozone/ozone/hadoop-ozone/integration-test/target/log,AVAILABLE}
2021-09-05 01:38:55,714 [Listener at 127.0.0.1/33945] INFO  handler.ContextHandler (ContextHandler.java:doStart(915)) - Started o.e.j.s.ServletContextHandler@1d669511{static,/static,jar:file:/home/runner/.m2/repository/org/apache/ozone/hdds-container-service/1.2.0-SNAPSHOT/hdds-container-service-1.2.0-SNAPSHOT.jar!/webapps/static,AVAILABLE}
2021-09-05 01:38:55,793 [Listener at 127.0.0.1/33945] INFO  handler.ContextHandler (ContextHandler.java:doStart(915)) - Started o.e.j.w.WebAppContext@19d38964{hddsDatanode,/,file:///tmp/jetty-0_0_0_0-35705-hdds-container-service-1_2_0-SNAPSHOT_jar-_-any-8357120305020664877/webapp/,AVAILABLE}{jar:file:/home/runner/.m2/repository/org/apache/ozone/hdds-container-service/1.2.0-SNAPSHOT/hdds-container-service-1.2.0-SNAPSHOT.jar!/webapps/hddsDatanode}
2021-09-05 01:38:55,821 [Listener at 127.0.0.1/33945] INFO  server.AbstractConnector (AbstractConnector.java:doStart(331)) - Started ServerConnector@7ca2883{HTTP/1.1, (http/1.1)}{0.0.0.0:35705}
2021-09-05 01:38:55,822 [Listener at 127.0.0.1/33945] INFO  server.Server (Server.java:doStart(415)) - Started @173797ms
2021-09-05 01:38:55,822 [Listener at 127.0.0.1/33945] WARN  impl.MetricsSystemImpl (MetricsSystemImpl.java:register(279)) - Sink prometheus already exists!
2021-09-05 01:38:55,822 [Listener at 127.0.0.1/33945] INFO  http.BaseHttpServer (BaseHttpServer.java:updateConnectorAddress(329)) - HTTP server of hddsDatanode listening at http://0.0.0.0:35705
2021-09-05 01:38:55,832 [Listener at 127.0.0.1/33945] WARN  impl.MetricRegistriesImpl (MetricRegistriesImpl.java:addReporterRegistration(111)) - New reporters are added after registries were created. Some metrics will be missing from the reporter. Please add reporter before adding any new registry.
2021-09-05 01:38:55,832 [Listener at 127.0.0.1/33945] WARN  impl.MetricRegistriesImpl (MetricRegistriesImpl.java:addReporterRegistration(111)) - New reporters are added after registries were created. Some metrics will be missing from the reporter. Please add reporter before adding any new registry.
2021-09-05 01:38:55,832 [Listener at 127.0.0.1/33945] INFO  impl.MetricsSystemImpl (MetricsSystemImpl.java:init(158)) - HddsDatanode metrics system started (again)
2021-09-05 01:38:55,913 [Listener at 127.0.0.1/33945] INFO  ozone.HddsDatanodeService (HddsDatanodeService.java:start(234)) - HddsDatanodeService host:fv-az270-420.tacnzluakwdehk1hpragurqkma.bx.internal.cloudapp.net ip:10.1.0.25
2021-09-05 01:38:55,937 [org.apache.hadoop.util.JvmPauseMonitor$Monitor@7d41d3c4] INFO  util.JvmPauseMonitor (JvmPauseMonitor.java:run(188)) - Starting JVM pause monitor
2021-09-05 01:38:55,980 [Listener at 127.0.0.1/33945] INFO  upgrade.AbstractLayoutVersionManager (AbstractLayoutVersionManager.java:init(70)) - Initializing Layout version manager with metadata layout = SCM_HA (version = 2), software layout = SCM_HA (version = 2)
2021-09-05 01:38:55,984 [Datanode State Machine Task Thread - 0] INFO  datanode.InitDatanodeState (InitDatanodeState.java:persistContainerDatanodeDetails(145)) - DatanodeDetails is persisted to /home/runner/work/ozone/ozone/hadoop-ozone/integration-test/target/test-dir/MiniOzoneClusterImpl-37340386-36af-4fa8-9723-b8f583b28ff6/datanode-1/meta/datanode.id
2021-09-05 01:38:56,159 [Listener at 127.0.0.1/33945] INFO  reflections.Reflections (Reflections.java:scan(232)) - Reflections took 178 ms to scan 7 urls, producing 120 keys and 275 values 
2021-09-05 01:38:56,176 [Listener at 127.0.0.1/33945] INFO  volume.HddsVolume (HddsVolume.java:<init>(120)) - Creating HddsVolume: /home/runner/work/ozone/ozone/hadoop-ozone/integration-test/target/test-dir/MiniOzoneClusterImpl-37340386-36af-4fa8-9723-b8f583b28ff6/datanode-2/data-0/containers/hdds of storage type : DISK capacity : 9223372036854775807
2021-09-05 01:38:56,176 [Listener at 127.0.0.1/33945] INFO  volume.MutableVolumeSet (MutableVolumeSet.java:initializeVolumeSet(181)) - Added Volume : /home/runner/work/ozone/ozone/hadoop-ozone/integration-test/target/test-dir/MiniOzoneClusterImpl-37340386-36af-4fa8-9723-b8f583b28ff6/datanode-2/data-0/containers/hdds to VolumeSet
2021-09-05 01:38:56,177 [Listener at 127.0.0.1/33945] INFO  volume.ThrottledAsyncChecker (ThrottledAsyncChecker.java:schedule(141)) - Scheduling a check for /home/runner/work/ozone/ozone/hadoop-ozone/integration-test/target/test-dir/MiniOzoneClusterImpl-37340386-36af-4fa8-9723-b8f583b28ff6/datanode-2/data-0/containers/hdds
2021-09-05 01:38:56,223 [Listener at 127.0.0.1/33945] INFO  volume.StorageVolumeChecker (StorageVolumeChecker.java:checkAllVolumes(202)) - Scheduled health check for volume /home/runner/work/ozone/ozone/hadoop-ozone/integration-test/target/test-dir/MiniOzoneClusterImpl-37340386-36af-4fa8-9723-b8f583b28ff6/datanode-2/data-0/containers/hdds
2021-09-05 01:38:56,276 [Listener at 127.0.0.1/33945] INFO  volume.MutableVolumeSet (MutableVolumeSet.java:initializeVolumeSet(181)) - Added Volume : /home/runner/work/ozone/ozone/hadoop-ozone/integration-test/target/test-dir/MiniOzoneClusterImpl-37340386-36af-4fa8-9723-b8f583b28ff6/datanode-2/data/ratis to VolumeSet
2021-09-05 01:38:56,276 [Listener at 127.0.0.1/33945] INFO  volume.ThrottledAsyncChecker (ThrottledAsyncChecker.java:schedule(141)) - Scheduling a check for /home/runner/work/ozone/ozone/hadoop-ozone/integration-test/target/test-dir/MiniOzoneClusterImpl-37340386-36af-4fa8-9723-b8f583b28ff6/datanode-2/data/ratis
2021-09-05 01:38:56,299 [Listener at 127.0.0.1/33945] INFO  volume.StorageVolumeChecker (StorageVolumeChecker.java:checkAllVolumes(202)) - Scheduled health check for volume /home/runner/work/ozone/ozone/hadoop-ozone/integration-test/target/test-dir/MiniOzoneClusterImpl-37340386-36af-4fa8-9723-b8f583b28ff6/datanode-2/data/ratis
2021-09-05 01:38:56,355 [Listener at 127.0.0.1/33945] INFO  ozoneimpl.ContainerReader (ContainerReader.java:<init>(98)) - Running in upgrade mode:true
2021-09-05 01:38:56,371 [Thread-1623] INFO  ozoneimpl.ContainerReader (ContainerReader.java:readVolume(142)) - Start to verify containers on volume /home/runner/work/ozone/ozone/hadoop-ozone/integration-test/target/test-dir/MiniOzoneClusterImpl-37340386-36af-4fa8-9723-b8f583b28ff6/datanode-2/data-0/containers/hdds
2021-09-05 01:38:56,371 [Thread-1623] INFO  ozoneimpl.ContainerReader (ContainerReader.java:readVolume(174)) - Finish verifying containers on volume /home/runner/work/ozone/ozone/hadoop-ozone/integration-test/target/test-dir/MiniOzoneClusterImpl-37340386-36af-4fa8-9723-b8f583b28ff6/datanode-2/data-0/containers/hdds
2021-09-05 01:38:56,371 [Listener at 127.0.0.1/33945] INFO  ozoneimpl.OzoneContainer (OzoneContainer.java:buildContainerSet(237)) - Build ContainerSet costs 0s
2021-09-05 01:38:56,372 [Listener at 127.0.0.1/33945] INFO  server.RaftServer (ConfUtils.java:logGet(44)) - raft.rpc.type = GRPC (default)
2021-09-05 01:38:56,373 [Listener at 127.0.0.1/33945] INFO  grpc.GrpcFactory (GrpcFactory.java:checkPooledByteBufAllocatorUseCacheForAllThreads(48)) - PERFORMANCE WARNING: useCacheForAllThreads is true that may cause Netty to create a lot garbage objects and, as a result, trigger GC.
	It is recommended to disable useCacheForAllThreads by setting -Dorg.apache.ratis.thirdparty.io.netty.allocator.useCacheForAllThreads=false in command line.
2021-09-05 01:38:56,373 [Listener at 127.0.0.1/33945] INFO  grpc.GrpcConfigKeys (ConfUtils.java:logGet(44)) - raft.grpc.admin.port = 0 (custom)
2021-09-05 01:38:56,373 [Listener at 127.0.0.1/33945] INFO  grpc.GrpcConfigKeys (ConfUtils.java:logGet(44)) - raft.grpc.client.port = 0 (custom)
2021-09-05 01:38:56,373 [Listener at 127.0.0.1/33945] INFO  grpc.GrpcConfigKeys (ConfUtils.java:logGet(44)) - raft.grpc.server.port = 0 (default)
2021-09-05 01:38:56,373 [Listener at 127.0.0.1/33945] INFO  server.GrpcService (ConfUtils.java:logGet(44)) - raft.grpc.message.size.max = 32MB (=33554432) (custom)
2021-09-05 01:38:56,373 [Listener at 127.0.0.1/33945] INFO  server.RaftServerConfigKeys (ConfUtils.java:logGet(44)) - raft.server.log.appender.buffer.byte-limit = 33554432 (custom)
2021-09-05 01:38:56,373 [Listener at 127.0.0.1/33945] INFO  server.GrpcService (ConfUtils.java:logGet(44)) - raft.grpc.flow.control.window = 5MB (=5242880) (custom)
2021-09-05 01:38:56,373 [Listener at 127.0.0.1/33945] INFO  server.RaftServerConfigKeys (ConfUtils.java:logGet(44)) - raft.server.rpc.request.timeout = 3000ms (default)
2021-09-05 01:38:56,382 [Listener at 127.0.0.1/33945] INFO  impl.DataStreamServerImpl (ConfUtils.java:logGet(44)) - raft.datastream.type = DISABLED (default)
2021-09-05 01:38:56,382 [Listener at 127.0.0.1/33945] INFO  server.RaftServerConfigKeys (ConfUtils.java:logGet(44)) - raft.server.rpc.slowness.timeout = 300000ms (custom)
2021-09-05 01:38:56,382 [Listener at 127.0.0.1/33945] INFO  server.RaftServerConfigKeys (ConfUtils.java:logGet(44)) - raft.server.leaderelection.leader.step-down.wait-time = 10s (default)
2021-09-05 01:38:56,382 [Listener at 127.0.0.1/33945] INFO  server.RaftServerConfigKeys (ConfUtils.java:logGet(44)) - raft.server.storage.dir = [/home/runner/work/ozone/ozone/hadoop-ozone/integration-test/target/test-dir/MiniOzoneClusterImpl-37340386-36af-4fa8-9723-b8f583b28ff6/datanode-2/data/ratis] (custom)
2021-09-05 01:38:56,385 [Listener at 127.0.0.1/33945] INFO  http.BaseHttpServer (BaseHttpServer.java:newHttpServer2BuilderForOzone(209)) - Starting Web-server for hddsDatanode at: http://0.0.0.0:0
2021-09-05 01:38:56,385 [Listener at 127.0.0.1/33945] INFO  http.BaseHttpServer (BaseHttpServer.java:<init>(107)) - Hadoop Security Enabled: false Ozone Security Enabled: false Ozone HTTP Security Enabled: false 
2021-09-05 01:38:56,386 [Listener at 127.0.0.1/33945] INFO  server.AuthenticationFilter (AuthenticationFilter.java:constructSecretProvider(240)) - Unable to initialize FileSignerSecretProvider, falling back to use random secrets.
2021-09-05 01:38:56,389 [Listener at 127.0.0.1/33945] WARN  http.HttpRequestLog (HttpRequestLog.java:getRequestLog(103)) - Jetty request log can only be enabled using Log4j
2021-09-05 01:38:56,390 [Listener at 127.0.0.1/33945] INFO  http.HttpServer2 (HttpServer2.java:addGlobalFilter(1030)) - Added global filter 'safety' (class=org.apache.hadoop.hdds.server.http.HttpServer2$QuotingInputFilter)
2021-09-05 01:38:56,390 [Listener at 127.0.0.1/33945] INFO  http.HttpServer2 (HttpServer2.java:addFilter(1006)) - Added filter static_user_filter (class=org.apache.hadoop.http.lib.StaticUserWebFilter$StaticUserFilter) to context hddsDatanode
2021-09-05 01:38:56,390 [Listener at 127.0.0.1/33945] INFO  http.HttpServer2 (HttpServer2.java:addFilter(1014)) - Added filter static_user_filter (class=org.apache.hadoop.http.lib.StaticUserWebFilter$StaticUserFilter) to context logs
2021-09-05 01:38:56,390 [Listener at 127.0.0.1/33945] INFO  http.HttpServer2 (HttpServer2.java:addFilter(1014)) - Added filter static_user_filter (class=org.apache.hadoop.http.lib.StaticUserWebFilter$StaticUserFilter) to context static
2021-09-05 01:38:56,391 [Listener at 127.0.0.1/33945] INFO  http.HttpServer2 (HttpServer2.java:bindListener(1249)) - Jetty bound to port 46445
2021-09-05 01:38:56,391 [Listener at 127.0.0.1/33945] INFO  server.Server (Server.java:doStart(375)) - jetty-9.4.43.v20210629; built: 2021-06-30T11:07:22.254Z; git: 526006ecfa3af7f1a27ef3a288e2bef7ea9dd7e8; jvm 1.8.0_292-b10
2021-09-05 01:38:56,415 [Listener at 127.0.0.1/33945] INFO  server.session (DefaultSessionIdManager.java:doStart(334)) - DefaultSessionIdManager workerName=node0
2021-09-05 01:38:56,415 [Listener at 127.0.0.1/33945] INFO  server.session (DefaultSessionIdManager.java:doStart(339)) - No SessionScavenger set, using defaults
2021-09-05 01:38:56,415 [Listener at 127.0.0.1/33945] INFO  server.session (HouseKeeper.java:startScavenging(132)) - node0 Scavenging every 600000ms
2021-09-05 01:38:56,416 [Listener at 127.0.0.1/33945] INFO  handler.ContextHandler (ContextHandler.java:doStart(915)) - Started o.e.j.s.ServletContextHandler@5210a703{logs,/logs,file:///home/runner/work/ozone/ozone/hadoop-ozone/integration-test/target/log,AVAILABLE}
2021-09-05 01:38:56,416 [Listener at 127.0.0.1/33945] INFO  handler.ContextHandler (ContextHandler.java:doStart(915)) - Started o.e.j.s.ServletContextHandler@4902e2c6{static,/static,jar:file:/home/runner/.m2/repository/org/apache/ozone/hdds-container-service/1.2.0-SNAPSHOT/hdds-container-service-1.2.0-SNAPSHOT.jar!/webapps/static,AVAILABLE}
2021-09-05 01:38:56,618 [Listener at 127.0.0.1/33945] INFO  handler.ContextHandler (ContextHandler.java:doStart(915)) - Started o.e.j.w.WebAppContext@41c4c4ad{hddsDatanode,/,file:///tmp/jetty-0_0_0_0-46445-hdds-container-service-1_2_0-SNAPSHOT_jar-_-any-5276842996498639707/webapp/,AVAILABLE}{jar:file:/home/runner/.m2/repository/org/apache/ozone/hdds-container-service/1.2.0-SNAPSHOT/hdds-container-service-1.2.0-SNAPSHOT.jar!/webapps/hddsDatanode}
2021-09-05 01:38:56,622 [Listener at 127.0.0.1/33945] INFO  server.AbstractConnector (AbstractConnector.java:doStart(331)) - Started ServerConnector@13560a19{HTTP/1.1, (http/1.1)}{0.0.0.0:46445}
2021-09-05 01:38:56,622 [Listener at 127.0.0.1/33945] INFO  server.Server (Server.java:doStart(415)) - Started @174598ms
2021-09-05 01:38:56,622 [Listener at 127.0.0.1/33945] WARN  impl.MetricsSystemImpl (MetricsSystemImpl.java:register(279)) - Sink prometheus already exists!
2021-09-05 01:38:56,622 [Listener at 127.0.0.1/33945] INFO  http.BaseHttpServer (BaseHttpServer.java:updateConnectorAddress(329)) - HTTP server of hddsDatanode listening at http://0.0.0.0:46445
2021-09-05 01:38:56,623 [Listener at 127.0.0.1/33945] WARN  impl.MetricRegistriesImpl (MetricRegistriesImpl.java:addReporterRegistration(111)) - New reporters are added after registries were created. Some metrics will be missing from the reporter. Please add reporter before adding any new registry.
2021-09-05 01:38:56,623 [Listener at 127.0.0.1/33945] WARN  impl.MetricRegistriesImpl (MetricRegistriesImpl.java:addReporterRegistration(111)) - New reporters are added after registries were created. Some metrics will be missing from the reporter. Please add reporter before adding any new registry.
2021-09-05 01:38:56,623 [Listener at 127.0.0.1/33945] INFO  impl.MetricsSystemImpl (MetricsSystemImpl.java:init(158)) - HddsDatanode metrics system started (again)
2021-09-05 01:38:56,717 [org.apache.hadoop.util.JvmPauseMonitor$Monitor@b607052] INFO  util.JvmPauseMonitor (JvmPauseMonitor.java:run(188)) - Starting JVM pause monitor
2021-09-05 01:38:56,741 [Listener at 127.0.0.1/33945] INFO  ozone.HddsDatanodeService (HddsDatanodeService.java:start(234)) - HddsDatanodeService host:fv-az270-420.tacnzluakwdehk1hpragurqkma.bx.internal.cloudapp.net ip:10.1.0.25
2021-09-05 01:38:56,772 [Datanode State Machine Task Thread - 0] INFO  datanode.InitDatanodeState (InitDatanodeState.java:persistContainerDatanodeDetails(145)) - DatanodeDetails is persisted to /home/runner/work/ozone/ozone/hadoop-ozone/integration-test/target/test-dir/MiniOzoneClusterImpl-37340386-36af-4fa8-9723-b8f583b28ff6/datanode-2/meta/datanode.id
2021-09-05 01:38:56,848 [Listener at 127.0.0.1/33945] INFO  upgrade.AbstractLayoutVersionManager (AbstractLayoutVersionManager.java:init(70)) - Initializing Layout version manager with metadata layout = SCM_HA (version = 2), software layout = SCM_HA (version = 2)
2021-09-05 01:38:56,942 [Listener at 127.0.0.1/33945] INFO  reflections.Reflections (Reflections.java:scan(232)) - Reflections took 92 ms to scan 7 urls, producing 120 keys and 275 values 
2021-09-05 01:38:56,945 [Listener at 127.0.0.1/33945] INFO  volume.HddsVolume (HddsVolume.java:<init>(120)) - Creating HddsVolume: /home/runner/work/ozone/ozone/hadoop-ozone/integration-test/target/test-dir/MiniOzoneClusterImpl-37340386-36af-4fa8-9723-b8f583b28ff6/datanode-3/data-0/containers/hdds of storage type : DISK capacity : 9223372036854775807
2021-09-05 01:38:56,945 [Listener at 127.0.0.1/33945] INFO  volume.MutableVolumeSet (MutableVolumeSet.java:initializeVolumeSet(181)) - Added Volume : /home/runner/work/ozone/ozone/hadoop-ozone/integration-test/target/test-dir/MiniOzoneClusterImpl-37340386-36af-4fa8-9723-b8f583b28ff6/datanode-3/data-0/containers/hdds to VolumeSet
2021-09-05 01:38:56,945 [Listener at 127.0.0.1/33945] INFO  volume.ThrottledAsyncChecker (ThrottledAsyncChecker.java:schedule(141)) - Scheduling a check for /home/runner/work/ozone/ozone/hadoop-ozone/integration-test/target/test-dir/MiniOzoneClusterImpl-37340386-36af-4fa8-9723-b8f583b28ff6/datanode-3/data-0/containers/hdds
2021-09-05 01:38:56,945 [Listener at 127.0.0.1/33945] INFO  volume.StorageVolumeChecker (StorageVolumeChecker.java:checkAllVolumes(202)) - Scheduled health check for volume /home/runner/work/ozone/ozone/hadoop-ozone/integration-test/target/test-dir/MiniOzoneClusterImpl-37340386-36af-4fa8-9723-b8f583b28ff6/datanode-3/data-0/containers/hdds
2021-09-05 01:38:56,987 [Listener at 127.0.0.1/33945] INFO  volume.MutableVolumeSet (MutableVolumeSet.java:initializeVolumeSet(181)) - Added Volume : /home/runner/work/ozone/ozone/hadoop-ozone/integration-test/target/test-dir/MiniOzoneClusterImpl-37340386-36af-4fa8-9723-b8f583b28ff6/datanode-3/data/ratis to VolumeSet
2021-09-05 01:38:56,987 [Listener at 127.0.0.1/33945] INFO  volume.ThrottledAsyncChecker (ThrottledAsyncChecker.java:schedule(141)) - Scheduling a check for /home/runner/work/ozone/ozone/hadoop-ozone/integration-test/target/test-dir/MiniOzoneClusterImpl-37340386-36af-4fa8-9723-b8f583b28ff6/datanode-3/data/ratis
2021-09-05 01:38:56,987 [Listener at 127.0.0.1/33945] INFO  volume.StorageVolumeChecker (StorageVolumeChecker.java:checkAllVolumes(202)) - Scheduled health check for volume /home/runner/work/ozone/ozone/hadoop-ozone/integration-test/target/test-dir/MiniOzoneClusterImpl-37340386-36af-4fa8-9723-b8f583b28ff6/datanode-3/data/ratis
2021-09-05 01:38:57,001 [Listener at 127.0.0.1/33945] INFO  ozoneimpl.ContainerReader (ContainerReader.java:<init>(98)) - Running in upgrade mode:true
2021-09-05 01:38:57,036 [Thread-1635] INFO  ozoneimpl.ContainerReader (ContainerReader.java:readVolume(142)) - Start to verify containers on volume /home/runner/work/ozone/ozone/hadoop-ozone/integration-test/target/test-dir/MiniOzoneClusterImpl-37340386-36af-4fa8-9723-b8f583b28ff6/datanode-3/data-0/containers/hdds
2021-09-05 01:38:57,036 [Thread-1635] INFO  ozoneimpl.ContainerReader (ContainerReader.java:readVolume(174)) - Finish verifying containers on volume /home/runner/work/ozone/ozone/hadoop-ozone/integration-test/target/test-dir/MiniOzoneClusterImpl-37340386-36af-4fa8-9723-b8f583b28ff6/datanode-3/data-0/containers/hdds
2021-09-05 01:38:57,036 [Listener at 127.0.0.1/33945] INFO  ozoneimpl.OzoneContainer (OzoneContainer.java:buildContainerSet(237)) - Build ContainerSet costs 0s
2021-09-05 01:38:57,037 [Listener at 127.0.0.1/33945] INFO  server.RaftServer (ConfUtils.java:logGet(44)) - raft.rpc.type = GRPC (default)
2021-09-05 01:38:57,038 [Listener at 127.0.0.1/33945] INFO  grpc.GrpcFactory (GrpcFactory.java:checkPooledByteBufAllocatorUseCacheForAllThreads(48)) - PERFORMANCE WARNING: useCacheForAllThreads is true that may cause Netty to create a lot garbage objects and, as a result, trigger GC.
	It is recommended to disable useCacheForAllThreads by setting -Dorg.apache.ratis.thirdparty.io.netty.allocator.useCacheForAllThreads=false in command line.
2021-09-05 01:38:57,038 [Listener at 127.0.0.1/33945] INFO  grpc.GrpcConfigKeys (ConfUtils.java:logGet(44)) - raft.grpc.admin.port = 0 (custom)
2021-09-05 01:38:57,038 [Listener at 127.0.0.1/33945] INFO  grpc.GrpcConfigKeys (ConfUtils.java:logGet(44)) - raft.grpc.client.port = 0 (custom)
2021-09-05 01:38:57,038 [Listener at 127.0.0.1/33945] INFO  grpc.GrpcConfigKeys (ConfUtils.java:logGet(44)) - raft.grpc.server.port = 0 (default)
2021-09-05 01:38:57,038 [Listener at 127.0.0.1/33945] INFO  server.GrpcService (ConfUtils.java:logGet(44)) - raft.grpc.message.size.max = 32MB (=33554432) (custom)
2021-09-05 01:38:57,038 [Listener at 127.0.0.1/33945] INFO  server.RaftServerConfigKeys (ConfUtils.java:logGet(44)) - raft.server.log.appender.buffer.byte-limit = 33554432 (custom)
2021-09-05 01:38:57,038 [Listener at 127.0.0.1/33945] INFO  server.GrpcService (ConfUtils.java:logGet(44)) - raft.grpc.flow.control.window = 5MB (=5242880) (custom)
2021-09-05 01:38:57,038 [Listener at 127.0.0.1/33945] INFO  server.RaftServerConfigKeys (ConfUtils.java:logGet(44)) - raft.server.rpc.request.timeout = 3000ms (default)
2021-09-05 01:38:57,039 [Listener at 127.0.0.1/33945] INFO  impl.DataStreamServerImpl (ConfUtils.java:logGet(44)) - raft.datastream.type = DISABLED (default)
2021-09-05 01:38:57,039 [Listener at 127.0.0.1/33945] INFO  server.RaftServerConfigKeys (ConfUtils.java:logGet(44)) - raft.server.rpc.slowness.timeout = 300000ms (custom)
2021-09-05 01:38:57,039 [Listener at 127.0.0.1/33945] INFO  server.RaftServerConfigKeys (ConfUtils.java:logGet(44)) - raft.server.leaderelection.leader.step-down.wait-time = 10s (default)
2021-09-05 01:38:57,039 [Listener at 127.0.0.1/33945] INFO  server.RaftServerConfigKeys (ConfUtils.java:logGet(44)) - raft.server.storage.dir = [/home/runner/work/ozone/ozone/hadoop-ozone/integration-test/target/test-dir/MiniOzoneClusterImpl-37340386-36af-4fa8-9723-b8f583b28ff6/datanode-3/data/ratis] (custom)
2021-09-05 01:38:57,070 [Listener at 127.0.0.1/33945] INFO  http.BaseHttpServer (BaseHttpServer.java:newHttpServer2BuilderForOzone(209)) - Starting Web-server for hddsDatanode at: http://0.0.0.0:0
2021-09-05 01:38:57,070 [Listener at 127.0.0.1/33945] INFO  http.BaseHttpServer (BaseHttpServer.java:<init>(107)) - Hadoop Security Enabled: false Ozone Security Enabled: false Ozone HTTP Security Enabled: false 
2021-09-05 01:38:57,101 [Listener at 127.0.0.1/33945] INFO  server.AuthenticationFilter (AuthenticationFilter.java:constructSecretProvider(240)) - Unable to initialize FileSignerSecretProvider, falling back to use random secrets.
2021-09-05 01:38:57,106 [Listener at 127.0.0.1/33945] WARN  http.HttpRequestLog (HttpRequestLog.java:getRequestLog(103)) - Jetty request log can only be enabled using Log4j
2021-09-05 01:38:57,107 [Listener at 127.0.0.1/33945] INFO  http.HttpServer2 (HttpServer2.java:addGlobalFilter(1030)) - Added global filter 'safety' (class=org.apache.hadoop.hdds.server.http.HttpServer2$QuotingInputFilter)
2021-09-05 01:38:57,108 [Listener at 127.0.0.1/33945] INFO  http.HttpServer2 (HttpServer2.java:addFilter(1006)) - Added filter static_user_filter (class=org.apache.hadoop.http.lib.StaticUserWebFilter$StaticUserFilter) to context hddsDatanode
2021-09-05 01:38:57,108 [Listener at 127.0.0.1/33945] INFO  http.HttpServer2 (HttpServer2.java:addFilter(1014)) - Added filter static_user_filter (class=org.apache.hadoop.http.lib.StaticUserWebFilter$StaticUserFilter) to context logs
2021-09-05 01:38:57,108 [Listener at 127.0.0.1/33945] INFO  http.HttpServer2 (HttpServer2.java:addFilter(1014)) - Added filter static_user_filter (class=org.apache.hadoop.http.lib.StaticUserWebFilter$StaticUserFilter) to context static
2021-09-05 01:38:57,108 [Listener at 127.0.0.1/33945] INFO  http.HttpServer2 (HttpServer2.java:bindListener(1249)) - Jetty bound to port 38215
2021-09-05 01:38:57,108 [Listener at 127.0.0.1/33945] INFO  server.Server (Server.java:doStart(375)) - jetty-9.4.43.v20210629; built: 2021-06-30T11:07:22.254Z; git: 526006ecfa3af7f1a27ef3a288e2bef7ea9dd7e8; jvm 1.8.0_292-b10
2021-09-05 01:38:57,110 [Listener at 127.0.0.1/33945] INFO  server.session (DefaultSessionIdManager.java:doStart(334)) - DefaultSessionIdManager workerName=node0
2021-09-05 01:38:57,110 [Listener at 127.0.0.1/33945] INFO  server.session (DefaultSessionIdManager.java:doStart(339)) - No SessionScavenger set, using defaults
2021-09-05 01:38:57,110 [Listener at 127.0.0.1/33945] INFO  server.session (HouseKeeper.java:startScavenging(132)) - node0 Scavenging every 660000ms
2021-09-05 01:38:57,130 [Listener at 127.0.0.1/33945] INFO  handler.ContextHandler (ContextHandler.java:doStart(915)) - Started o.e.j.s.ServletContextHandler@16b6f432{logs,/logs,file:///home/runner/work/ozone/ozone/hadoop-ozone/integration-test/target/log,AVAILABLE}
2021-09-05 01:38:57,130 [Listener at 127.0.0.1/33945] INFO  handler.ContextHandler (ContextHandler.java:doStart(915)) - Started o.e.j.s.ServletContextHandler@5f58f0f7{static,/static,jar:file:/home/runner/.m2/repository/org/apache/ozone/hdds-container-service/1.2.0-SNAPSHOT/hdds-container-service-1.2.0-SNAPSHOT.jar!/webapps/static,AVAILABLE}
2021-09-05 01:38:57,227 [Listener at 127.0.0.1/33945] INFO  handler.ContextHandler (ContextHandler.java:doStart(915)) - Started o.e.j.w.WebAppContext@1a5827d8{hddsDatanode,/,file:///tmp/jetty-0_0_0_0-38215-hdds-container-service-1_2_0-SNAPSHOT_jar-_-any-8089445864038500714/webapp/,AVAILABLE}{jar:file:/home/runner/.m2/repository/org/apache/ozone/hdds-container-service/1.2.0-SNAPSHOT/hdds-container-service-1.2.0-SNAPSHOT.jar!/webapps/hddsDatanode}
2021-09-05 01:38:57,228 [Listener at 127.0.0.1/33945] INFO  server.AbstractConnector (AbstractConnector.java:doStart(331)) - Started ServerConnector@17f7bc89{HTTP/1.1, (http/1.1)}{0.0.0.0:38215}
2021-09-05 01:38:57,229 [Listener at 127.0.0.1/33945] INFO  server.Server (Server.java:doStart(415)) - Started @175204ms
2021-09-05 01:38:57,229 [Listener at 127.0.0.1/33945] WARN  impl.MetricsSystemImpl (MetricsSystemImpl.java:register(279)) - Sink prometheus already exists!
2021-09-05 01:38:57,229 [Listener at 127.0.0.1/33945] INFO  http.BaseHttpServer (BaseHttpServer.java:updateConnectorAddress(329)) - HTTP server of hddsDatanode listening at http://0.0.0.0:38215
2021-09-05 01:38:57,230 [Listener at 127.0.0.1/33945] WARN  impl.MetricRegistriesImpl (MetricRegistriesImpl.java:addReporterRegistration(111)) - New reporters are added after registries were created. Some metrics will be missing from the reporter. Please add reporter before adding any new registry.
2021-09-05 01:38:57,230 [Listener at 127.0.0.1/33945] WARN  impl.MetricRegistriesImpl (MetricRegistriesImpl.java:addReporterRegistration(111)) - New reporters are added after registries were created. Some metrics will be missing from the reporter. Please add reporter before adding any new registry.
2021-09-05 01:38:57,230 [Listener at 127.0.0.1/33945] INFO  impl.MetricsSystemImpl (MetricsSystemImpl.java:init(158)) - HddsDatanode metrics system started (again)
2021-09-05 01:38:57,309 [Listener at 127.0.0.1/33945] INFO  ozone.HddsDatanodeService (HddsDatanodeService.java:start(234)) - HddsDatanodeService host:fv-az270-420.tacnzluakwdehk1hpragurqkma.bx.internal.cloudapp.net ip:10.1.0.25
2021-09-05 01:38:57,357 [org.apache.hadoop.util.JvmPauseMonitor$Monitor@515e0fd] INFO  util.JvmPauseMonitor (JvmPauseMonitor.java:run(188)) - Starting JVM pause monitor
2021-09-05 01:38:57,381 [Datanode State Machine Task Thread - 0] INFO  datanode.InitDatanodeState (InitDatanodeState.java:persistContainerDatanodeDetails(145)) - DatanodeDetails is persisted to /home/runner/work/ozone/ozone/hadoop-ozone/integration-test/target/test-dir/MiniOzoneClusterImpl-37340386-36af-4fa8-9723-b8f583b28ff6/datanode-3/meta/datanode.id
2021-09-05 01:38:57,420 [Listener at 127.0.0.1/33945] INFO  upgrade.AbstractLayoutVersionManager (AbstractLayoutVersionManager.java:init(70)) - Initializing Layout version manager with metadata layout = SCM_HA (version = 2), software layout = SCM_HA (version = 2)
2021-09-05 01:38:57,513 [EndpointStateMachine task thread for /0.0.0.0:40229 - 0 ] INFO  ozoneimpl.OzoneContainer (OzoneContainer.java:start(305)) - Attempting to start container services.
2021-09-05 01:38:57,513 [EndpointStateMachine task thread for /0.0.0.0:40229 - 0 ] INFO  ozoneimpl.OzoneContainer (OzoneContainer.java:startContainerScrub(250)) - Background container scanner has been disabled.
2021-09-05 01:38:57,516 [EndpointStateMachine task thread for /0.0.0.0:40229 - 0 ] INFO  replication.ReplicationServer (ReplicationServer.java:start(107)) - ReplicationServer is started using port 40651
2021-09-05 01:38:57,532 [EndpointStateMachine task thread for /0.0.0.0:40229 - 0 ] INFO  ratis.XceiverServerRatis (XceiverServerRatis.java:start(482)) - Starting XceiverServerRatis cff69f77-ea12-413c-a988-d2a44a5ca406
2021-09-05 01:38:57,553 [EndpointStateMachine task thread for /0.0.0.0:40229 - 0 ] INFO  server.RaftServer (RaftServerProxy.java:lambda$start$5(374)) - cff69f77-ea12-413c-a988-d2a44a5ca406: start RPC server
2021-09-05 01:38:57,561 [EndpointStateMachine task thread for /0.0.0.0:40229 - 0 ] INFO  server.GrpcService (GrpcService.java:startImpl(253)) - cff69f77-ea12-413c-a988-d2a44a5ca406: GrpcService started, listening on 34387
2021-09-05 01:38:57,561 [EndpointStateMachine task thread for /0.0.0.0:40229 - 0 ] INFO  ratis.XceiverServerRatis (XceiverServerRatis.java:getRealPort(503)) - XceiverServerRatis cff69f77-ea12-413c-a988-d2a44a5ca406 is started using port 34387 for RATIS
2021-09-05 01:38:57,561 [EndpointStateMachine task thread for /0.0.0.0:40229 - 0 ] INFO  ratis.XceiverServerRatis (XceiverServerRatis.java:getRealPort(503)) - XceiverServerRatis cff69f77-ea12-413c-a988-d2a44a5ca406 is started using port 34387 for RATIS_ADMIN
2021-09-05 01:38:57,561 [EndpointStateMachine task thread for /0.0.0.0:40229 - 0 ] INFO  ratis.XceiverServerRatis (XceiverServerRatis.java:getRealPort(503)) - XceiverServerRatis cff69f77-ea12-413c-a988-d2a44a5ca406 is started using port 34387 for RATIS_SERVER
2021-09-05 01:38:57,562 [EndpointStateMachine task thread for /0.0.0.0:40229 - 0 ] INFO  server.XceiverServerGrpc (XceiverServerGrpc.java:start(135)) - XceiverServerGrpc cff69f77-ea12-413c-a988-d2a44a5ca406 is started using port 34759
2021-09-05 01:38:57,597 [org.apache.ratis.util.JvmPauseMonitor$$Lambda$531/1694950219@4dd1af64] INFO  util.JvmPauseMonitor (JvmPauseMonitor.java:run(103)) - JvmPauseMonitor-cff69f77-ea12-413c-a988-d2a44a5ca406: Started
2021-09-05 01:38:57,625 [Listener at 127.0.0.1/33945] INFO  reflections.Reflections (Reflections.java:scan(232)) - Reflections took 192 ms to scan 7 urls, producing 120 keys and 275 values 
2021-09-05 01:38:57,677 [Listener at 127.0.0.1/33945] INFO  volume.HddsVolume (HddsVolume.java:<init>(120)) - Creating HddsVolume: /home/runner/work/ozone/ozone/hadoop-ozone/integration-test/target/test-dir/MiniOzoneClusterImpl-37340386-36af-4fa8-9723-b8f583b28ff6/datanode-4/data-0/containers/hdds of storage type : DISK capacity : 9223372036854775807
2021-09-05 01:38:57,678 [Listener at 127.0.0.1/33945] INFO  volume.MutableVolumeSet (MutableVolumeSet.java:initializeVolumeSet(181)) - Added Volume : /home/runner/work/ozone/ozone/hadoop-ozone/integration-test/target/test-dir/MiniOzoneClusterImpl-37340386-36af-4fa8-9723-b8f583b28ff6/datanode-4/data-0/containers/hdds to VolumeSet
2021-09-05 01:38:57,678 [Listener at 127.0.0.1/33945] INFO  volume.ThrottledAsyncChecker (ThrottledAsyncChecker.java:schedule(141)) - Scheduling a check for /home/runner/work/ozone/ozone/hadoop-ozone/integration-test/target/test-dir/MiniOzoneClusterImpl-37340386-36af-4fa8-9723-b8f583b28ff6/datanode-4/data-0/containers/hdds
2021-09-05 01:38:57,680 [Listener at 127.0.0.1/33945] INFO  volume.StorageVolumeChecker (StorageVolumeChecker.java:checkAllVolumes(202)) - Scheduled health check for volume /home/runner/work/ozone/ozone/hadoop-ozone/integration-test/target/test-dir/MiniOzoneClusterImpl-37340386-36af-4fa8-9723-b8f583b28ff6/datanode-4/data-0/containers/hdds
2021-09-05 01:38:57,743 [Listener at 127.0.0.1/33945] INFO  volume.MutableVolumeSet (MutableVolumeSet.java:initializeVolumeSet(181)) - Added Volume : /home/runner/work/ozone/ozone/hadoop-ozone/integration-test/target/test-dir/MiniOzoneClusterImpl-37340386-36af-4fa8-9723-b8f583b28ff6/datanode-4/data/ratis to VolumeSet
2021-09-05 01:38:57,743 [Listener at 127.0.0.1/33945] INFO  volume.ThrottledAsyncChecker (ThrottledAsyncChecker.java:schedule(141)) - Scheduling a check for /home/runner/work/ozone/ozone/hadoop-ozone/integration-test/target/test-dir/MiniOzoneClusterImpl-37340386-36af-4fa8-9723-b8f583b28ff6/datanode-4/data/ratis
2021-09-05 01:38:57,743 [Listener at 127.0.0.1/33945] INFO  volume.StorageVolumeChecker (StorageVolumeChecker.java:checkAllVolumes(202)) - Scheduled health check for volume /home/runner/work/ozone/ozone/hadoop-ozone/integration-test/target/test-dir/MiniOzoneClusterImpl-37340386-36af-4fa8-9723-b8f583b28ff6/datanode-4/data/ratis
2021-09-05 01:38:57,775 [Listener at 127.0.0.1/33945] INFO  ozoneimpl.ContainerReader (ContainerReader.java:<init>(98)) - Running in upgrade mode:true
2021-09-05 01:38:57,775 [Thread-1651] INFO  ozoneimpl.ContainerReader (ContainerReader.java:readVolume(142)) - Start to verify containers on volume /home/runner/work/ozone/ozone/hadoop-ozone/integration-test/target/test-dir/MiniOzoneClusterImpl-37340386-36af-4fa8-9723-b8f583b28ff6/datanode-4/data-0/containers/hdds
2021-09-05 01:38:57,775 [Thread-1651] INFO  ozoneimpl.ContainerReader (ContainerReader.java:readVolume(174)) - Finish verifying containers on volume /home/runner/work/ozone/ozone/hadoop-ozone/integration-test/target/test-dir/MiniOzoneClusterImpl-37340386-36af-4fa8-9723-b8f583b28ff6/datanode-4/data-0/containers/hdds
2021-09-05 01:38:57,775 [Listener at 127.0.0.1/33945] INFO  ozoneimpl.OzoneContainer (OzoneContainer.java:buildContainerSet(237)) - Build ContainerSet costs 0s
2021-09-05 01:38:57,777 [Listener at 127.0.0.1/33945] INFO  server.RaftServer (ConfUtils.java:logGet(44)) - raft.rpc.type = GRPC (default)
2021-09-05 01:38:57,777 [Listener at 127.0.0.1/33945] INFO  grpc.GrpcFactory (GrpcFactory.java:checkPooledByteBufAllocatorUseCacheForAllThreads(48)) - PERFORMANCE WARNING: useCacheForAllThreads is true that may cause Netty to create a lot garbage objects and, as a result, trigger GC.
	It is recommended to disable useCacheForAllThreads by setting -Dorg.apache.ratis.thirdparty.io.netty.allocator.useCacheForAllThreads=false in command line.
2021-09-05 01:38:57,777 [Listener at 127.0.0.1/33945] INFO  grpc.GrpcConfigKeys (ConfUtils.java:logGet(44)) - raft.grpc.admin.port = 0 (custom)
2021-09-05 01:38:57,777 [Listener at 127.0.0.1/33945] INFO  grpc.GrpcConfigKeys (ConfUtils.java:logGet(44)) - raft.grpc.client.port = 0 (custom)
2021-09-05 01:38:57,777 [Listener at 127.0.0.1/33945] INFO  grpc.GrpcConfigKeys (ConfUtils.java:logGet(44)) - raft.grpc.server.port = 0 (default)
2021-09-05 01:38:57,777 [Listener at 127.0.0.1/33945] INFO  server.GrpcService (ConfUtils.java:logGet(44)) - raft.grpc.message.size.max = 32MB (=33554432) (custom)
2021-09-05 01:38:57,777 [Listener at 127.0.0.1/33945] INFO  server.RaftServerConfigKeys (ConfUtils.java:logGet(44)) - raft.server.log.appender.buffer.byte-limit = 33554432 (custom)
2021-09-05 01:38:57,777 [Listener at 127.0.0.1/33945] INFO  server.GrpcService (ConfUtils.java:logGet(44)) - raft.grpc.flow.control.window = 5MB (=5242880) (custom)
2021-09-05 01:38:57,778 [Listener at 127.0.0.1/33945] INFO  server.RaftServerConfigKeys (ConfUtils.java:logGet(44)) - raft.server.rpc.request.timeout = 3000ms (default)
2021-09-05 01:38:57,778 [Listener at 127.0.0.1/33945] INFO  impl.DataStreamServerImpl (ConfUtils.java:logGet(44)) - raft.datastream.type = DISABLED (default)
2021-09-05 01:38:57,779 [Listener at 127.0.0.1/33945] INFO  server.RaftServerConfigKeys (ConfUtils.java:logGet(44)) - raft.server.rpc.slowness.timeout = 300000ms (custom)
2021-09-05 01:38:57,779 [Listener at 127.0.0.1/33945] INFO  server.RaftServerConfigKeys (ConfUtils.java:logGet(44)) - raft.server.leaderelection.leader.step-down.wait-time = 10s (default)
2021-09-05 01:38:57,779 [Listener at 127.0.0.1/33945] INFO  server.RaftServerConfigKeys (ConfUtils.java:logGet(44)) - raft.server.storage.dir = [/home/runner/work/ozone/ozone/hadoop-ozone/integration-test/target/test-dir/MiniOzoneClusterImpl-37340386-36af-4fa8-9723-b8f583b28ff6/datanode-4/data/ratis] (custom)
2021-09-05 01:38:57,789 [Listener at 127.0.0.1/33945] INFO  http.BaseHttpServer (BaseHttpServer.java:newHttpServer2BuilderForOzone(209)) - Starting Web-server for hddsDatanode at: http://0.0.0.0:0
2021-09-05 01:38:57,789 [Listener at 127.0.0.1/33945] INFO  http.BaseHttpServer (BaseHttpServer.java:<init>(107)) - Hadoop Security Enabled: false Ozone Security Enabled: false Ozone HTTP Security Enabled: false 
2021-09-05 01:38:57,789 [Listener at 127.0.0.1/33945] INFO  server.AuthenticationFilter (AuthenticationFilter.java:constructSecretProvider(240)) - Unable to initialize FileSignerSecretProvider, falling back to use random secrets.
2021-09-05 01:38:57,790 [Listener at 127.0.0.1/33945] WARN  http.HttpRequestLog (HttpRequestLog.java:getRequestLog(103)) - Jetty request log can only be enabled using Log4j
2021-09-05 01:38:57,790 [Listener at 127.0.0.1/33945] INFO  http.HttpServer2 (HttpServer2.java:addGlobalFilter(1030)) - Added global filter 'safety' (class=org.apache.hadoop.hdds.server.http.HttpServer2$QuotingInputFilter)
2021-09-05 01:38:57,791 [Listener at 127.0.0.1/33945] INFO  http.HttpServer2 (HttpServer2.java:addFilter(1006)) - Added filter static_user_filter (class=org.apache.hadoop.http.lib.StaticUserWebFilter$StaticUserFilter) to context hddsDatanode
2021-09-05 01:38:57,791 [Listener at 127.0.0.1/33945] INFO  http.HttpServer2 (HttpServer2.java:addFilter(1014)) - Added filter static_user_filter (class=org.apache.hadoop.http.lib.StaticUserWebFilter$StaticUserFilter) to context logs
2021-09-05 01:38:57,791 [Listener at 127.0.0.1/33945] INFO  http.HttpServer2 (HttpServer2.java:addFilter(1014)) - Added filter static_user_filter (class=org.apache.hadoop.http.lib.StaticUserWebFilter$StaticUserFilter) to context static
2021-09-05 01:38:57,791 [Listener at 127.0.0.1/33945] INFO  http.HttpServer2 (HttpServer2.java:bindListener(1249)) - Jetty bound to port 34853
2021-09-05 01:38:57,791 [Listener at 127.0.0.1/33945] INFO  server.Server (Server.java:doStart(375)) - jetty-9.4.43.v20210629; built: 2021-06-30T11:07:22.254Z; git: 526006ecfa3af7f1a27ef3a288e2bef7ea9dd7e8; jvm 1.8.0_292-b10
2021-09-05 01:38:57,844 [Listener at 127.0.0.1/33945] INFO  server.session (DefaultSessionIdManager.java:doStart(334)) - DefaultSessionIdManager workerName=node0
2021-09-05 01:38:57,844 [Listener at 127.0.0.1/33945] INFO  server.session (DefaultSessionIdManager.java:doStart(339)) - No SessionScavenger set, using defaults
2021-09-05 01:38:57,844 [Listener at 127.0.0.1/33945] INFO  server.session (HouseKeeper.java:startScavenging(132)) - node0 Scavenging every 660000ms
2021-09-05 01:38:57,845 [Listener at 127.0.0.1/33945] INFO  handler.ContextHandler (ContextHandler.java:doStart(915)) - Started o.e.j.s.ServletContextHandler@7afa692e{logs,/logs,file:///home/runner/work/ozone/ozone/hadoop-ozone/integration-test/target/log,AVAILABLE}
2021-09-05 01:38:57,845 [Listener at 127.0.0.1/33945] INFO  handler.ContextHandler (ContextHandler.java:doStart(915)) - Started o.e.j.s.ServletContextHandler@276d8515{static,/static,jar:file:/home/runner/.m2/repository/org/apache/ozone/hdds-container-service/1.2.0-SNAPSHOT/hdds-container-service-1.2.0-SNAPSHOT.jar!/webapps/static,AVAILABLE}
2021-09-05 01:38:57,947 [Listener at 127.0.0.1/33945] INFO  handler.ContextHandler (ContextHandler.java:doStart(915)) - Started o.e.j.w.WebAppContext@6fe774bb{hddsDatanode,/,file:///tmp/jetty-0_0_0_0-34853-hdds-container-service-1_2_0-SNAPSHOT_jar-_-any-3638464159188764875/webapp/,AVAILABLE}{jar:file:/home/runner/.m2/repository/org/apache/ozone/hdds-container-service/1.2.0-SNAPSHOT/hdds-container-service-1.2.0-SNAPSHOT.jar!/webapps/hddsDatanode}
2021-09-05 01:38:57,981 [Listener at 127.0.0.1/33945] INFO  server.AbstractConnector (AbstractConnector.java:doStart(331)) - Started ServerConnector@4bc7e57a{HTTP/1.1, (http/1.1)}{0.0.0.0:34853}
2021-09-05 01:38:57,981 [Listener at 127.0.0.1/33945] INFO  server.Server (Server.java:doStart(415)) - Started @175957ms
2021-09-05 01:38:57,981 [Listener at 127.0.0.1/33945] WARN  impl.MetricsSystemImpl (MetricsSystemImpl.java:register(279)) - Sink prometheus already exists!
2021-09-05 01:38:57,989 [Listener at 127.0.0.1/33945] INFO  http.BaseHttpServer (BaseHttpServer.java:updateConnectorAddress(329)) - HTTP server of hddsDatanode listening at http://0.0.0.0:34853
2021-09-05 01:38:58,001 [Listener at 127.0.0.1/33945] WARN  impl.MetricRegistriesImpl (MetricRegistriesImpl.java:addReporterRegistration(111)) - New reporters are added after registries were created. Some metrics will be missing from the reporter. Please add reporter before adding any new registry.
2021-09-05 01:38:58,001 [Listener at 127.0.0.1/33945] WARN  impl.MetricRegistriesImpl (MetricRegistriesImpl.java:addReporterRegistration(111)) - New reporters are added after registries were created. Some metrics will be missing from the reporter. Please add reporter before adding any new registry.
2021-09-05 01:38:58,001 [Listener at 127.0.0.1/33945] INFO  impl.MetricsSystemImpl (MetricsSystemImpl.java:init(158)) - HddsDatanode metrics system started (again)
2021-09-05 01:38:58,018 [EndpointStateMachine task thread for /0.0.0.0:40229 - 0 ] INFO  ozoneimpl.OzoneContainer (OzoneContainer.java:start(305)) - Attempting to start container services.
2021-09-05 01:38:58,018 [EndpointStateMachine task thread for /0.0.0.0:40229 - 0 ] INFO  ozoneimpl.OzoneContainer (OzoneContainer.java:startContainerScrub(250)) - Background container scanner has been disabled.
2021-09-05 01:38:58,021 [EndpointStateMachine task thread for /0.0.0.0:40229 - 0 ] INFO  replication.ReplicationServer (ReplicationServer.java:start(107)) - ReplicationServer is started using port 45811
2021-09-05 01:38:58,048 [Listener at 127.0.0.1/33945] INFO  ozone.HddsDatanodeService (HddsDatanodeService.java:start(234)) - HddsDatanodeService host:fv-az270-420.tacnzluakwdehk1hpragurqkma.bx.internal.cloudapp.net ip:10.1.0.25
2021-09-05 01:38:58,061 [EndpointStateMachine task thread for /0.0.0.0:40229 - 0 ] INFO  ratis.XceiverServerRatis (XceiverServerRatis.java:start(482)) - Starting XceiverServerRatis fdb9e53e-0679-45da-9a61-20e122f839df
2021-09-05 01:38:58,120 [Listener at 127.0.0.1/33945] INFO  upgrade.AbstractLayoutVersionManager (AbstractLayoutVersionManager.java:init(70)) - Initializing Layout version manager with metadata layout = SCM_HA (version = 2), software layout = SCM_HA (version = 2)
2021-09-05 01:38:58,161 [org.apache.hadoop.util.JvmPauseMonitor$Monitor@587baaef] INFO  util.JvmPauseMonitor (JvmPauseMonitor.java:run(188)) - Starting JVM pause monitor
2021-09-05 01:38:58,164 [Datanode State Machine Task Thread - 0] INFO  datanode.InitDatanodeState (InitDatanodeState.java:persistContainerDatanodeDetails(145)) - DatanodeDetails is persisted to /home/runner/work/ozone/ozone/hadoop-ozone/integration-test/target/test-dir/MiniOzoneClusterImpl-37340386-36af-4fa8-9723-b8f583b28ff6/datanode-4/meta/datanode.id
2021-09-05 01:38:58,177 [EndpointStateMachine task thread for /0.0.0.0:40229 - 0 ] INFO  server.RaftServer (RaftServerProxy.java:lambda$start$5(374)) - fdb9e53e-0679-45da-9a61-20e122f839df: start RPC server
2021-09-05 01:38:58,180 [EndpointStateMachine task thread for /0.0.0.0:40229 - 0 ] INFO  server.GrpcService (GrpcService.java:startImpl(253)) - fdb9e53e-0679-45da-9a61-20e122f839df: GrpcService started, listening on 40867
2021-09-05 01:38:58,221 [EndpointStateMachine task thread for /0.0.0.0:40229 - 0 ] INFO  ratis.XceiverServerRatis (XceiverServerRatis.java:getRealPort(503)) - XceiverServerRatis fdb9e53e-0679-45da-9a61-20e122f839df is started using port 40867 for RATIS
2021-09-05 01:38:58,221 [EndpointStateMachine task thread for /0.0.0.0:40229 - 0 ] INFO  ratis.XceiverServerRatis (XceiverServerRatis.java:getRealPort(503)) - XceiverServerRatis fdb9e53e-0679-45da-9a61-20e122f839df is started using port 40867 for RATIS_ADMIN
2021-09-05 01:38:58,221 [EndpointStateMachine task thread for /0.0.0.0:40229 - 0 ] INFO  ratis.XceiverServerRatis (XceiverServerRatis.java:getRealPort(503)) - XceiverServerRatis fdb9e53e-0679-45da-9a61-20e122f839df is started using port 40867 for RATIS_SERVER
2021-09-05 01:38:58,222 [EndpointStateMachine task thread for /0.0.0.0:40229 - 0 ] INFO  server.XceiverServerGrpc (XceiverServerGrpc.java:start(135)) - XceiverServerGrpc fdb9e53e-0679-45da-9a61-20e122f839df is started using port 43325
2021-09-05 01:38:58,222 [org.apache.ratis.util.JvmPauseMonitor$$Lambda$531/1694950219@19717019] INFO  util.JvmPauseMonitor (JvmPauseMonitor.java:run(103)) - JvmPauseMonitor-fdb9e53e-0679-45da-9a61-20e122f839df: Started
2021-09-05 01:38:58,392 [Listener at 127.0.0.1/33945] INFO  reflections.Reflections (Reflections.java:scan(232)) - Reflections took 262 ms to scan 7 urls, producing 120 keys and 275 values 
2021-09-05 01:38:58,395 [Listener at 127.0.0.1/33945] INFO  volume.HddsVolume (HddsVolume.java:<init>(120)) - Creating HddsVolume: /home/runner/work/ozone/ozone/hadoop-ozone/integration-test/target/test-dir/MiniOzoneClusterImpl-37340386-36af-4fa8-9723-b8f583b28ff6/datanode-5/data-0/containers/hdds of storage type : DISK capacity : 9223372036854775807
2021-09-05 01:38:58,395 [Listener at 127.0.0.1/33945] INFO  volume.MutableVolumeSet (MutableVolumeSet.java:initializeVolumeSet(181)) - Added Volume : /home/runner/work/ozone/ozone/hadoop-ozone/integration-test/target/test-dir/MiniOzoneClusterImpl-37340386-36af-4fa8-9723-b8f583b28ff6/datanode-5/data-0/containers/hdds to VolumeSet
2021-09-05 01:38:58,396 [Listener at 127.0.0.1/33945] INFO  volume.ThrottledAsyncChecker (ThrottledAsyncChecker.java:schedule(141)) - Scheduling a check for /home/runner/work/ozone/ozone/hadoop-ozone/integration-test/target/test-dir/MiniOzoneClusterImpl-37340386-36af-4fa8-9723-b8f583b28ff6/datanode-5/data-0/containers/hdds
2021-09-05 01:38:58,396 [Listener at 127.0.0.1/33945] INFO  volume.StorageVolumeChecker (StorageVolumeChecker.java:checkAllVolumes(202)) - Scheduled health check for volume /home/runner/work/ozone/ozone/hadoop-ozone/integration-test/target/test-dir/MiniOzoneClusterImpl-37340386-36af-4fa8-9723-b8f583b28ff6/datanode-5/data-0/containers/hdds
2021-09-05 01:38:58,410 [Listener at 127.0.0.1/33945] INFO  volume.MutableVolumeSet (MutableVolumeSet.java:initializeVolumeSet(181)) - Added Volume : /home/runner/work/ozone/ozone/hadoop-ozone/integration-test/target/test-dir/MiniOzoneClusterImpl-37340386-36af-4fa8-9723-b8f583b28ff6/datanode-5/data/ratis to VolumeSet
2021-09-05 01:38:58,410 [Listener at 127.0.0.1/33945] INFO  volume.ThrottledAsyncChecker (ThrottledAsyncChecker.java:schedule(141)) - Scheduling a check for /home/runner/work/ozone/ozone/hadoop-ozone/integration-test/target/test-dir/MiniOzoneClusterImpl-37340386-36af-4fa8-9723-b8f583b28ff6/datanode-5/data/ratis
2021-09-05 01:38:58,411 [Listener at 127.0.0.1/33945] INFO  volume.StorageVolumeChecker (StorageVolumeChecker.java:checkAllVolumes(202)) - Scheduled health check for volume /home/runner/work/ozone/ozone/hadoop-ozone/integration-test/target/test-dir/MiniOzoneClusterImpl-37340386-36af-4fa8-9723-b8f583b28ff6/datanode-5/data/ratis
2021-09-05 01:38:58,440 [Listener at 127.0.0.1/33945] INFO  ozoneimpl.ContainerReader (ContainerReader.java:<init>(98)) - Running in upgrade mode:true
2021-09-05 01:38:58,449 [Thread-1666] INFO  ozoneimpl.ContainerReader (ContainerReader.java:readVolume(142)) - Start to verify containers on volume /home/runner/work/ozone/ozone/hadoop-ozone/integration-test/target/test-dir/MiniOzoneClusterImpl-37340386-36af-4fa8-9723-b8f583b28ff6/datanode-5/data-0/containers/hdds
2021-09-05 01:38:58,449 [Thread-1666] INFO  ozoneimpl.ContainerReader (ContainerReader.java:readVolume(174)) - Finish verifying containers on volume /home/runner/work/ozone/ozone/hadoop-ozone/integration-test/target/test-dir/MiniOzoneClusterImpl-37340386-36af-4fa8-9723-b8f583b28ff6/datanode-5/data-0/containers/hdds
2021-09-05 01:38:58,449 [Listener at 127.0.0.1/33945] INFO  ozoneimpl.OzoneContainer (OzoneContainer.java:buildContainerSet(237)) - Build ContainerSet costs 0s
2021-09-05 01:38:58,451 [Listener at 127.0.0.1/33945] INFO  server.RaftServer (ConfUtils.java:logGet(44)) - raft.rpc.type = GRPC (default)
2021-09-05 01:38:58,451 [Listener at 127.0.0.1/33945] INFO  grpc.GrpcFactory (GrpcFactory.java:checkPooledByteBufAllocatorUseCacheForAllThreads(48)) - PERFORMANCE WARNING: useCacheForAllThreads is true that may cause Netty to create a lot garbage objects and, as a result, trigger GC.
	It is recommended to disable useCacheForAllThreads by setting -Dorg.apache.ratis.thirdparty.io.netty.allocator.useCacheForAllThreads=false in command line.
2021-09-05 01:38:58,451 [Listener at 127.0.0.1/33945] INFO  grpc.GrpcConfigKeys (ConfUtils.java:logGet(44)) - raft.grpc.admin.port = 0 (custom)
2021-09-05 01:38:58,451 [Listener at 127.0.0.1/33945] INFO  grpc.GrpcConfigKeys (ConfUtils.java:logGet(44)) - raft.grpc.client.port = 0 (custom)
2021-09-05 01:38:58,451 [Listener at 127.0.0.1/33945] INFO  grpc.GrpcConfigKeys (ConfUtils.java:logGet(44)) - raft.grpc.server.port = 0 (default)
2021-09-05 01:38:58,451 [Listener at 127.0.0.1/33945] INFO  server.GrpcService (ConfUtils.java:logGet(44)) - raft.grpc.message.size.max = 32MB (=33554432) (custom)
2021-09-05 01:38:58,451 [Listener at 127.0.0.1/33945] INFO  server.RaftServerConfigKeys (ConfUtils.java:logGet(44)) - raft.server.log.appender.buffer.byte-limit = 33554432 (custom)
2021-09-05 01:38:58,452 [Listener at 127.0.0.1/33945] INFO  server.GrpcService (ConfUtils.java:logGet(44)) - raft.grpc.flow.control.window = 5MB (=5242880) (custom)
2021-09-05 01:38:58,452 [Listener at 127.0.0.1/33945] INFO  server.RaftServerConfigKeys (ConfUtils.java:logGet(44)) - raft.server.rpc.request.timeout = 3000ms (default)
2021-09-05 01:38:58,453 [Listener at 127.0.0.1/33945] INFO  impl.DataStreamServerImpl (ConfUtils.java:logGet(44)) - raft.datastream.type = DISABLED (default)
2021-09-05 01:38:58,453 [Listener at 127.0.0.1/33945] INFO  server.RaftServerConfigKeys (ConfUtils.java:logGet(44)) - raft.server.rpc.slowness.timeout = 300000ms (custom)
2021-09-05 01:38:58,453 [Listener at 127.0.0.1/33945] INFO  server.RaftServerConfigKeys (ConfUtils.java:logGet(44)) - raft.server.leaderelection.leader.step-down.wait-time = 10s (default)
2021-09-05 01:38:58,453 [Listener at 127.0.0.1/33945] INFO  server.RaftServerConfigKeys (ConfUtils.java:logGet(44)) - raft.server.storage.dir = [/home/runner/work/ozone/ozone/hadoop-ozone/integration-test/target/test-dir/MiniOzoneClusterImpl-37340386-36af-4fa8-9723-b8f583b28ff6/datanode-5/data/ratis] (custom)
2021-09-05 01:38:58,482 [Listener at 127.0.0.1/33945] INFO  http.BaseHttpServer (BaseHttpServer.java:newHttpServer2BuilderForOzone(209)) - Starting Web-server for hddsDatanode at: http://0.0.0.0:0
2021-09-05 01:38:58,482 [Listener at 127.0.0.1/33945] INFO  http.BaseHttpServer (BaseHttpServer.java:<init>(107)) - Hadoop Security Enabled: false Ozone Security Enabled: false Ozone HTTP Security Enabled: false 
2021-09-05 01:38:58,483 [Listener at 127.0.0.1/33945] INFO  server.AuthenticationFilter (AuthenticationFilter.java:constructSecretProvider(240)) - Unable to initialize FileSignerSecretProvider, falling back to use random secrets.
2021-09-05 01:38:58,485 [Listener at 127.0.0.1/33945] WARN  http.HttpRequestLog (HttpRequestLog.java:getRequestLog(103)) - Jetty request log can only be enabled using Log4j
2021-09-05 01:38:58,486 [Listener at 127.0.0.1/33945] INFO  http.HttpServer2 (HttpServer2.java:addGlobalFilter(1030)) - Added global filter 'safety' (class=org.apache.hadoop.hdds.server.http.HttpServer2$QuotingInputFilter)
2021-09-05 01:38:58,511 [Listener at 127.0.0.1/33945] INFO  http.HttpServer2 (HttpServer2.java:addFilter(1006)) - Added filter static_user_filter (class=org.apache.hadoop.http.lib.StaticUserWebFilter$StaticUserFilter) to context hddsDatanode
2021-09-05 01:38:58,511 [Listener at 127.0.0.1/33945] INFO  http.HttpServer2 (HttpServer2.java:addFilter(1014)) - Added filter static_user_filter (class=org.apache.hadoop.http.lib.StaticUserWebFilter$StaticUserFilter) to context logs
2021-09-05 01:38:58,511 [Listener at 127.0.0.1/33945] INFO  http.HttpServer2 (HttpServer2.java:addFilter(1014)) - Added filter static_user_filter (class=org.apache.hadoop.http.lib.StaticUserWebFilter$StaticUserFilter) to context static
2021-09-05 01:38:58,511 [Listener at 127.0.0.1/33945] INFO  http.HttpServer2 (HttpServer2.java:bindListener(1249)) - Jetty bound to port 34165
2021-09-05 01:38:58,518 [Listener at 127.0.0.1/33945] INFO  server.Server (Server.java:doStart(375)) - jetty-9.4.43.v20210629; built: 2021-06-30T11:07:22.254Z; git: 526006ecfa3af7f1a27ef3a288e2bef7ea9dd7e8; jvm 1.8.0_292-b10
2021-09-05 01:38:58,524 [Listener at 127.0.0.1/33945] INFO  server.session (DefaultSessionIdManager.java:doStart(334)) - DefaultSessionIdManager workerName=node0
2021-09-05 01:38:58,524 [Listener at 127.0.0.1/33945] INFO  server.session (DefaultSessionIdManager.java:doStart(339)) - No SessionScavenger set, using defaults
2021-09-05 01:38:58,525 [Listener at 127.0.0.1/33945] INFO  server.session (HouseKeeper.java:startScavenging(132)) - node0 Scavenging every 660000ms
2021-09-05 01:38:58,525 [Listener at 127.0.0.1/33945] INFO  handler.ContextHandler (ContextHandler.java:doStart(915)) - Started o.e.j.s.ServletContextHandler@7c33da83{logs,/logs,file:///home/runner/work/ozone/ozone/hadoop-ozone/integration-test/target/log,AVAILABLE}
2021-09-05 01:38:58,525 [Listener at 127.0.0.1/33945] INFO  handler.ContextHandler (ContextHandler.java:doStart(915)) - Started o.e.j.s.ServletContextHandler@3af1388{static,/static,jar:file:/home/runner/.m2/repository/org/apache/ozone/hdds-container-service/1.2.0-SNAPSHOT/hdds-container-service-1.2.0-SNAPSHOT.jar!/webapps/static,AVAILABLE}
2021-09-05 01:38:58,669 [Listener at 127.0.0.1/33945] INFO  handler.ContextHandler (ContextHandler.java:doStart(915)) - Started o.e.j.w.WebAppContext@47501492{hddsDatanode,/,file:///tmp/jetty-0_0_0_0-34165-hdds-container-service-1_2_0-SNAPSHOT_jar-_-any-8050903227654682538/webapp/,AVAILABLE}{jar:file:/home/runner/.m2/repository/org/apache/ozone/hdds-container-service/1.2.0-SNAPSHOT/hdds-container-service-1.2.0-SNAPSHOT.jar!/webapps/hddsDatanode}
2021-09-05 01:38:58,677 [Listener at 127.0.0.1/33945] INFO  server.AbstractConnector (AbstractConnector.java:doStart(331)) - Started ServerConnector@31265650{HTTP/1.1, (http/1.1)}{0.0.0.0:34165}
2021-09-05 01:38:58,677 [Listener at 127.0.0.1/33945] INFO  server.Server (Server.java:doStart(415)) - Started @176653ms
2021-09-05 01:38:58,677 [Listener at 127.0.0.1/33945] WARN  impl.MetricsSystemImpl (MetricsSystemImpl.java:register(279)) - Sink prometheus already exists!
2021-09-05 01:38:58,678 [Listener at 127.0.0.1/33945] INFO  http.BaseHttpServer (BaseHttpServer.java:updateConnectorAddress(329)) - HTTP server of hddsDatanode listening at http://0.0.0.0:34165
2021-09-05 01:38:58,684 [Listener at 127.0.0.1/33945] WARN  impl.MetricRegistriesImpl (MetricRegistriesImpl.java:addReporterRegistration(111)) - New reporters are added after registries were created. Some metrics will be missing from the reporter. Please add reporter before adding any new registry.
2021-09-05 01:38:58,685 [Listener at 127.0.0.1/33945] WARN  impl.MetricRegistriesImpl (MetricRegistriesImpl.java:addReporterRegistration(111)) - New reporters are added after registries were created. Some metrics will be missing from the reporter. Please add reporter before adding any new registry.
2021-09-05 01:38:58,685 [Listener at 127.0.0.1/33945] INFO  impl.MetricsSystemImpl (MetricsSystemImpl.java:init(158)) - HddsDatanode metrics system started (again)
2021-09-05 01:38:58,773 [org.apache.hadoop.util.JvmPauseMonitor$Monitor@4568dd97] INFO  util.JvmPauseMonitor (JvmPauseMonitor.java:run(188)) - Starting JVM pause monitor
2021-09-05 01:38:58,774 [Datanode State Machine Task Thread - 0] INFO  datanode.InitDatanodeState (InitDatanodeState.java:persistContainerDatanodeDetails(145)) - DatanodeDetails is persisted to /home/runner/work/ozone/ozone/hadoop-ozone/integration-test/target/test-dir/MiniOzoneClusterImpl-37340386-36af-4fa8-9723-b8f583b28ff6/datanode-5/meta/datanode.id
2021-09-05 01:38:58,777 [Listener at 127.0.0.1/33945] INFO  ozone.HddsDatanodeService (HddsDatanodeService.java:start(234)) - HddsDatanodeService host:fv-az270-420.tacnzluakwdehk1hpragurqkma.bx.internal.cloudapp.net ip:10.1.0.25
2021-09-05 01:38:58,788 [EndpointStateMachine task thread for /0.0.0.0:40229 - 0 ] INFO  ozoneimpl.OzoneContainer (OzoneContainer.java:start(305)) - Attempting to start container services.
2021-09-05 01:38:58,788 [EndpointStateMachine task thread for /0.0.0.0:40229 - 0 ] INFO  ozoneimpl.OzoneContainer (OzoneContainer.java:startContainerScrub(250)) - Background container scanner has been disabled.
2021-09-05 01:38:58,788 [EndpointStateMachine task thread for /0.0.0.0:40229 - 0 ] INFO  replication.ReplicationServer (ReplicationServer.java:start(107)) - ReplicationServer is started using port 33191
2021-09-05 01:38:58,801 [EndpointStateMachine task thread for /0.0.0.0:40229 - 0 ] INFO  ratis.XceiverServerRatis (XceiverServerRatis.java:start(482)) - Starting XceiverServerRatis be41d154-e08a-4361-999c-a2746058d00f
2021-09-05 01:38:58,823 [EndpointStateMachine task thread for /0.0.0.0:40229 - 0 ] INFO  server.RaftServer (RaftServerProxy.java:lambda$start$5(374)) - be41d154-e08a-4361-999c-a2746058d00f: start RPC server
2021-09-05 01:38:58,829 [EndpointStateMachine task thread for /0.0.0.0:40229 - 0 ] INFO  server.GrpcService (GrpcService.java:startImpl(253)) - be41d154-e08a-4361-999c-a2746058d00f: GrpcService started, listening on 33043
2021-09-05 01:38:58,859 [EndpointStateMachine task thread for /0.0.0.0:40229 - 0 ] INFO  ratis.XceiverServerRatis (XceiverServerRatis.java:getRealPort(503)) - XceiverServerRatis be41d154-e08a-4361-999c-a2746058d00f is started using port 33043 for RATIS
2021-09-05 01:38:58,859 [EndpointStateMachine task thread for /0.0.0.0:40229 - 0 ] INFO  ratis.XceiverServerRatis (XceiverServerRatis.java:getRealPort(503)) - XceiverServerRatis be41d154-e08a-4361-999c-a2746058d00f is started using port 33043 for RATIS_ADMIN
2021-09-05 01:38:58,859 [EndpointStateMachine task thread for /0.0.0.0:40229 - 0 ] INFO  ratis.XceiverServerRatis (XceiverServerRatis.java:getRealPort(503)) - XceiverServerRatis be41d154-e08a-4361-999c-a2746058d00f is started using port 33043 for RATIS_SERVER
2021-09-05 01:38:58,859 [EndpointStateMachine task thread for /0.0.0.0:40229 - 0 ] INFO  server.XceiverServerGrpc (XceiverServerGrpc.java:start(135)) - XceiverServerGrpc be41d154-e08a-4361-999c-a2746058d00f is started using port 37769
2021-09-05 01:38:58,885 [org.apache.ratis.util.JvmPauseMonitor$$Lambda$531/1694950219@759b1610] INFO  util.JvmPauseMonitor (JvmPauseMonitor.java:run(103)) - JvmPauseMonitor-be41d154-e08a-4361-999c-a2746058d00f: Started
2021-09-05 01:38:58,886 [Listener at 127.0.0.1/33945] INFO  upgrade.AbstractLayoutVersionManager (AbstractLayoutVersionManager.java:init(70)) - Initializing Layout version manager with metadata layout = SCM_HA (version = 2), software layout = SCM_HA (version = 2)
2021-09-05 01:38:59,029 [Listener at 127.0.0.1/33945] INFO  reflections.Reflections (Reflections.java:scan(232)) - Reflections took 142 ms to scan 7 urls, producing 120 keys and 275 values 
2021-09-05 01:38:59,061 [Listener at 127.0.0.1/33945] INFO  volume.HddsVolume (HddsVolume.java:<init>(120)) - Creating HddsVolume: /home/runner/work/ozone/ozone/hadoop-ozone/integration-test/target/test-dir/MiniOzoneClusterImpl-37340386-36af-4fa8-9723-b8f583b28ff6/datanode-6/data-0/containers/hdds of storage type : DISK capacity : 9223372036854775807
2021-09-05 01:38:59,061 [Listener at 127.0.0.1/33945] INFO  volume.MutableVolumeSet (MutableVolumeSet.java:initializeVolumeSet(181)) - Added Volume : /home/runner/work/ozone/ozone/hadoop-ozone/integration-test/target/test-dir/MiniOzoneClusterImpl-37340386-36af-4fa8-9723-b8f583b28ff6/datanode-6/data-0/containers/hdds to VolumeSet
2021-09-05 01:38:59,061 [Listener at 127.0.0.1/33945] INFO  volume.ThrottledAsyncChecker (ThrottledAsyncChecker.java:schedule(141)) - Scheduling a check for /home/runner/work/ozone/ozone/hadoop-ozone/integration-test/target/test-dir/MiniOzoneClusterImpl-37340386-36af-4fa8-9723-b8f583b28ff6/datanode-6/data-0/containers/hdds
2021-09-05 01:38:59,079 [Listener at 127.0.0.1/33945] INFO  volume.StorageVolumeChecker (StorageVolumeChecker.java:checkAllVolumes(202)) - Scheduled health check for volume /home/runner/work/ozone/ozone/hadoop-ozone/integration-test/target/test-dir/MiniOzoneClusterImpl-37340386-36af-4fa8-9723-b8f583b28ff6/datanode-6/data-0/containers/hdds
2021-09-05 01:38:59,094 [Listener at 127.0.0.1/33945] INFO  volume.MutableVolumeSet (MutableVolumeSet.java:initializeVolumeSet(181)) - Added Volume : /home/runner/work/ozone/ozone/hadoop-ozone/integration-test/target/test-dir/MiniOzoneClusterImpl-37340386-36af-4fa8-9723-b8f583b28ff6/datanode-6/data/ratis to VolumeSet
2021-09-05 01:38:59,094 [Listener at 127.0.0.1/33945] INFO  volume.ThrottledAsyncChecker (ThrottledAsyncChecker.java:schedule(141)) - Scheduling a check for /home/runner/work/ozone/ozone/hadoop-ozone/integration-test/target/test-dir/MiniOzoneClusterImpl-37340386-36af-4fa8-9723-b8f583b28ff6/datanode-6/data/ratis
2021-09-05 01:38:59,094 [Listener at 127.0.0.1/33945] INFO  volume.StorageVolumeChecker (StorageVolumeChecker.java:checkAllVolumes(202)) - Scheduled health check for volume /home/runner/work/ozone/ozone/hadoop-ozone/integration-test/target/test-dir/MiniOzoneClusterImpl-37340386-36af-4fa8-9723-b8f583b28ff6/datanode-6/data/ratis
2021-09-05 01:38:59,134 [Listener at 127.0.0.1/33945] INFO  ozoneimpl.ContainerReader (ContainerReader.java:<init>(98)) - Running in upgrade mode:true
2021-09-05 01:38:59,135 [Thread-1681] INFO  ozoneimpl.ContainerReader (ContainerReader.java:readVolume(142)) - Start to verify containers on volume /home/runner/work/ozone/ozone/hadoop-ozone/integration-test/target/test-dir/MiniOzoneClusterImpl-37340386-36af-4fa8-9723-b8f583b28ff6/datanode-6/data-0/containers/hdds
2021-09-05 01:38:59,135 [Thread-1681] INFO  ozoneimpl.ContainerReader (ContainerReader.java:readVolume(174)) - Finish verifying containers on volume /home/runner/work/ozone/ozone/hadoop-ozone/integration-test/target/test-dir/MiniOzoneClusterImpl-37340386-36af-4fa8-9723-b8f583b28ff6/datanode-6/data-0/containers/hdds
2021-09-05 01:38:59,135 [Listener at 127.0.0.1/33945] INFO  ozoneimpl.OzoneContainer (OzoneContainer.java:buildContainerSet(237)) - Build ContainerSet costs 0s
2021-09-05 01:38:59,137 [Listener at 127.0.0.1/33945] INFO  server.RaftServer (ConfUtils.java:logGet(44)) - raft.rpc.type = GRPC (default)
2021-09-05 01:38:59,137 [Listener at 127.0.0.1/33945] INFO  grpc.GrpcFactory (GrpcFactory.java:checkPooledByteBufAllocatorUseCacheForAllThreads(48)) - PERFORMANCE WARNING: useCacheForAllThreads is true that may cause Netty to create a lot garbage objects and, as a result, trigger GC.
	It is recommended to disable useCacheForAllThreads by setting -Dorg.apache.ratis.thirdparty.io.netty.allocator.useCacheForAllThreads=false in command line.
2021-09-05 01:38:59,137 [Listener at 127.0.0.1/33945] INFO  grpc.GrpcConfigKeys (ConfUtils.java:logGet(44)) - raft.grpc.admin.port = 0 (custom)
2021-09-05 01:38:59,137 [Listener at 127.0.0.1/33945] INFO  grpc.GrpcConfigKeys (ConfUtils.java:logGet(44)) - raft.grpc.client.port = 0 (custom)
2021-09-05 01:38:59,137 [Listener at 127.0.0.1/33945] INFO  grpc.GrpcConfigKeys (ConfUtils.java:logGet(44)) - raft.grpc.server.port = 0 (default)
2021-09-05 01:38:59,137 [Listener at 127.0.0.1/33945] INFO  server.GrpcService (ConfUtils.java:logGet(44)) - raft.grpc.message.size.max = 32MB (=33554432) (custom)
2021-09-05 01:38:59,137 [Listener at 127.0.0.1/33945] INFO  server.RaftServerConfigKeys (ConfUtils.java:logGet(44)) - raft.server.log.appender.buffer.byte-limit = 33554432 (custom)
2021-09-05 01:38:59,137 [Listener at 127.0.0.1/33945] INFO  server.GrpcService (ConfUtils.java:logGet(44)) - raft.grpc.flow.control.window = 5MB (=5242880) (custom)
2021-09-05 01:38:59,137 [Listener at 127.0.0.1/33945] INFO  server.RaftServerConfigKeys (ConfUtils.java:logGet(44)) - raft.server.rpc.request.timeout = 3000ms (default)
2021-09-05 01:38:59,138 [Listener at 127.0.0.1/33945] INFO  impl.DataStreamServerImpl (ConfUtils.java:logGet(44)) - raft.datastream.type = DISABLED (default)
2021-09-05 01:38:59,139 [Listener at 127.0.0.1/33945] INFO  server.RaftServerConfigKeys (ConfUtils.java:logGet(44)) - raft.server.rpc.slowness.timeout = 300000ms (custom)
2021-09-05 01:38:59,139 [Listener at 127.0.0.1/33945] INFO  server.RaftServerConfigKeys (ConfUtils.java:logGet(44)) - raft.server.leaderelection.leader.step-down.wait-time = 10s (default)
2021-09-05 01:38:59,139 [Listener at 127.0.0.1/33945] INFO  server.RaftServerConfigKeys (ConfUtils.java:logGet(44)) - raft.server.storage.dir = [/home/runner/work/ozone/ozone/hadoop-ozone/integration-test/target/test-dir/MiniOzoneClusterImpl-37340386-36af-4fa8-9723-b8f583b28ff6/datanode-6/data/ratis] (custom)
2021-09-05 01:38:59,141 [Listener at 127.0.0.1/33945] INFO  http.BaseHttpServer (BaseHttpServer.java:newHttpServer2BuilderForOzone(209)) - Starting Web-server for hddsDatanode at: http://0.0.0.0:0
2021-09-05 01:38:59,149 [Listener at 127.0.0.1/33945] INFO  http.BaseHttpServer (BaseHttpServer.java:<init>(107)) - Hadoop Security Enabled: false Ozone Security Enabled: false Ozone HTTP Security Enabled: false 
2021-09-05 01:38:59,150 [Listener at 127.0.0.1/33945] INFO  server.AuthenticationFilter (AuthenticationFilter.java:constructSecretProvider(240)) - Unable to initialize FileSignerSecretProvider, falling back to use random secrets.
2021-09-05 01:38:59,156 [Listener at 127.0.0.1/33945] WARN  http.HttpRequestLog (HttpRequestLog.java:getRequestLog(103)) - Jetty request log can only be enabled using Log4j
2021-09-05 01:38:59,161 [Listener at 127.0.0.1/33945] INFO  http.HttpServer2 (HttpServer2.java:addGlobalFilter(1030)) - Added global filter 'safety' (class=org.apache.hadoop.hdds.server.http.HttpServer2$QuotingInputFilter)
2021-09-05 01:38:59,162 [Listener at 127.0.0.1/33945] INFO  http.HttpServer2 (HttpServer2.java:addFilter(1006)) - Added filter static_user_filter (class=org.apache.hadoop.http.lib.StaticUserWebFilter$StaticUserFilter) to context hddsDatanode
2021-09-05 01:38:59,162 [Listener at 127.0.0.1/33945] INFO  http.HttpServer2 (HttpServer2.java:addFilter(1014)) - Added filter static_user_filter (class=org.apache.hadoop.http.lib.StaticUserWebFilter$StaticUserFilter) to context logs
2021-09-05 01:38:59,162 [Listener at 127.0.0.1/33945] INFO  http.HttpServer2 (HttpServer2.java:addFilter(1014)) - Added filter static_user_filter (class=org.apache.hadoop.http.lib.StaticUserWebFilter$StaticUserFilter) to context static
2021-09-05 01:38:59,162 [Listener at 127.0.0.1/33945] INFO  http.HttpServer2 (HttpServer2.java:bindListener(1249)) - Jetty bound to port 36969
2021-09-05 01:38:59,162 [Listener at 127.0.0.1/33945] INFO  server.Server (Server.java:doStart(375)) - jetty-9.4.43.v20210629; built: 2021-06-30T11:07:22.254Z; git: 526006ecfa3af7f1a27ef3a288e2bef7ea9dd7e8; jvm 1.8.0_292-b10
2021-09-05 01:38:59,211 [Listener at 127.0.0.1/33945] INFO  server.session (DefaultSessionIdManager.java:doStart(334)) - DefaultSessionIdManager workerName=node0
2021-09-05 01:38:59,211 [Listener at 127.0.0.1/33945] INFO  server.session (DefaultSessionIdManager.java:doStart(339)) - No SessionScavenger set, using defaults
2021-09-05 01:38:59,211 [Listener at 127.0.0.1/33945] INFO  server.session (HouseKeeper.java:startScavenging(132)) - node0 Scavenging every 600000ms
2021-09-05 01:38:59,212 [Listener at 127.0.0.1/33945] INFO  handler.ContextHandler (ContextHandler.java:doStart(915)) - Started o.e.j.s.ServletContextHandler@bb9de8f{logs,/logs,file:///home/runner/work/ozone/ozone/hadoop-ozone/integration-test/target/log,AVAILABLE}
2021-09-05 01:38:59,212 [Listener at 127.0.0.1/33945] INFO  handler.ContextHandler (ContextHandler.java:doStart(915)) - Started o.e.j.s.ServletContextHandler@37d6f0a0{static,/static,jar:file:/home/runner/.m2/repository/org/apache/ozone/hdds-container-service/1.2.0-SNAPSHOT/hdds-container-service-1.2.0-SNAPSHOT.jar!/webapps/static,AVAILABLE}
2021-09-05 01:38:59,322 [Listener at 127.0.0.1/33945] INFO  handler.ContextHandler (ContextHandler.java:doStart(915)) - Started o.e.j.w.WebAppContext@2f9017e2{hddsDatanode,/,file:///tmp/jetty-0_0_0_0-36969-hdds-container-service-1_2_0-SNAPSHOT_jar-_-any-8817655698519843779/webapp/,AVAILABLE}{jar:file:/home/runner/.m2/repository/org/apache/ozone/hdds-container-service/1.2.0-SNAPSHOT/hdds-container-service-1.2.0-SNAPSHOT.jar!/webapps/hddsDatanode}
2021-09-05 01:38:59,345 [Listener at 127.0.0.1/33945] INFO  server.AbstractConnector (AbstractConnector.java:doStart(331)) - Started ServerConnector@38987220{HTTP/1.1, (http/1.1)}{0.0.0.0:36969}
2021-09-05 01:38:59,345 [Listener at 127.0.0.1/33945] INFO  server.Server (Server.java:doStart(415)) - Started @177321ms
2021-09-05 01:38:59,345 [Listener at 127.0.0.1/33945] WARN  impl.MetricsSystemImpl (MetricsSystemImpl.java:register(279)) - Sink prometheus already exists!
2021-09-05 01:38:59,346 [Listener at 127.0.0.1/33945] INFO  http.BaseHttpServer (BaseHttpServer.java:updateConnectorAddress(329)) - HTTP server of hddsDatanode listening at http://0.0.0.0:36969
2021-09-05 01:38:59,370 [Listener at 127.0.0.1/33945] INFO  ozone.MiniOzoneClusterImpl (MiniOzoneClusterImpl.java:lambda$waitForClusterToBeReady$0(235)) - Waiting for nodes to be ready. Got 0 of 7 DN Heartbeats.
2021-09-05 01:38:59,370 [Listener at 127.0.0.1/33945] INFO  ozone.MiniOzoneClusterImpl (MiniOzoneClusterImpl.java:lambda$waitForClusterToBeReady$0(238)) - Waiting for cluster to exit safe mode
2021-09-05 01:38:59,370 [Listener at 127.0.0.1/33945] INFO  ozone.MiniOzoneClusterImpl (MiniOzoneClusterImpl.java:lambda$waitForClusterToBeReady$0(240)) - SCM became leader
2021-09-05 01:38:59,401 [org.apache.hadoop.util.JvmPauseMonitor$Monitor@672a622] INFO  util.JvmPauseMonitor (JvmPauseMonitor.java:run(188)) - Starting JVM pause monitor
2021-09-05 01:38:59,410 [Datanode State Machine Task Thread - 0] INFO  datanode.InitDatanodeState (InitDatanodeState.java:persistContainerDatanodeDetails(145)) - DatanodeDetails is persisted to /home/runner/work/ozone/ozone/hadoop-ozone/integration-test/target/test-dir/MiniOzoneClusterImpl-37340386-36af-4fa8-9723-b8f583b28ff6/datanode-6/meta/datanode.id
2021-09-05 01:38:59,428 [EndpointStateMachine task thread for /0.0.0.0:40229 - 0 ] INFO  ozoneimpl.OzoneContainer (OzoneContainer.java:start(305)) - Attempting to start container services.
2021-09-05 01:38:59,428 [EndpointStateMachine task thread for /0.0.0.0:40229 - 0 ] INFO  ozoneimpl.OzoneContainer (OzoneContainer.java:startContainerScrub(250)) - Background container scanner has been disabled.
2021-09-05 01:38:59,429 [EndpointStateMachine task thread for /0.0.0.0:40229 - 0 ] INFO  replication.ReplicationServer (ReplicationServer.java:start(107)) - ReplicationServer is started using port 38759
2021-09-05 01:38:59,430 [EndpointStateMachine task thread for /0.0.0.0:40229 - 0 ] INFO  ratis.XceiverServerRatis (XceiverServerRatis.java:start(482)) - Starting XceiverServerRatis 455161ce-78be-4281-bc2a-a50d1cad5e43
2021-09-05 01:38:59,433 [EndpointStateMachine task thread for /0.0.0.0:40229 - 0 ] INFO  server.RaftServer (RaftServerProxy.java:lambda$start$5(374)) - 455161ce-78be-4281-bc2a-a50d1cad5e43: start RPC server
2021-09-05 01:38:59,443 [EndpointStateMachine task thread for /0.0.0.0:40229 - 0 ] INFO  server.GrpcService (GrpcService.java:startImpl(253)) - 455161ce-78be-4281-bc2a-a50d1cad5e43: GrpcService started, listening on 40081
2021-09-05 01:38:59,461 [EndpointStateMachine task thread for /0.0.0.0:40229 - 0 ] INFO  ratis.XceiverServerRatis (XceiverServerRatis.java:getRealPort(503)) - XceiverServerRatis 455161ce-78be-4281-bc2a-a50d1cad5e43 is started using port 40081 for RATIS
2021-09-05 01:38:59,461 [EndpointStateMachine task thread for /0.0.0.0:40229 - 0 ] INFO  ratis.XceiverServerRatis (XceiverServerRatis.java:getRealPort(503)) - XceiverServerRatis 455161ce-78be-4281-bc2a-a50d1cad5e43 is started using port 40081 for RATIS_ADMIN
2021-09-05 01:38:59,462 [EndpointStateMachine task thread for /0.0.0.0:40229 - 0 ] INFO  ratis.XceiverServerRatis (XceiverServerRatis.java:getRealPort(503)) - XceiverServerRatis 455161ce-78be-4281-bc2a-a50d1cad5e43 is started using port 40081 for RATIS_SERVER
2021-09-05 01:38:59,462 [EndpointStateMachine task thread for /0.0.0.0:40229 - 0 ] INFO  server.XceiverServerGrpc (XceiverServerGrpc.java:start(135)) - XceiverServerGrpc 455161ce-78be-4281-bc2a-a50d1cad5e43 is started using port 42933
2021-09-05 01:38:59,484 [IPC Server handler 1 on default port 40229] INFO  net.NetworkTopologyImpl (NetworkTopologyImpl.java:add(112)) - Added a new node: /default-rack/cff69f77-ea12-413c-a988-d2a44a5ca406
2021-09-05 01:38:59,485 [IPC Server handler 1 on default port 40229] INFO  node.SCMNodeManager (SCMNodeManager.java:register(390)) - Registered Data node : cff69f77-ea12-413c-a988-d2a44a5ca406{ip: 10.1.0.25, host: fv-az270-420.tacnzluakwdehk1hpragurqkma.bx.internal.cloudapp.net, ports: [REPLICATION=40651, RATIS=34387, RATIS_ADMIN=34387, RATIS_SERVER=34387, STANDALONE=34759], networkLocation: /default-rack, certSerialId: null, persistedOpState: null, persistedOpStateExpiryEpochSec: 0}
2021-09-05 01:38:59,486 [EventQueue-NodeRegistrationContainerReportForDataNodeSafeModeRule] INFO  safemode.SCMSafeModeManager (DataNodeSafeModeRule.java:process(71)) - SCM in safe mode. 1 DataNodes registered, 3 required.
2021-09-05 01:38:59,487 [EventQueue-NodeRegistrationContainerReportForContainerSafeModeRule] INFO  safemode.SCMSafeModeManager (SCMSafeModeManager.java:validateSafeModeExitRules(204)) - ContainerSafeModeRule rule is successfully validated
2021-09-05 01:38:59,512 [org.apache.ratis.util.JvmPauseMonitor$$Lambda$531/1694950219@77aa26e0] INFO  util.JvmPauseMonitor (JvmPauseMonitor.java:run(103)) - JvmPauseMonitor-455161ce-78be-4281-bc2a-a50d1cad5e43: Started
2021-09-05 01:38:59,521 [EventQueue-PipelineReportForOneReplicaPipelineSafeModeRule] INFO  safemode.SCMSafeModeManager (SCMSafeModeManager.java:validateSafeModeExitRules(204)) - AtleastOneDatanodeReportedRule rule is successfully validated
2021-09-05 01:38:59,537 [EventQueue-NewNodeForNewNodeHandler] INFO  pipeline.BackgroundPipelineCreator (BackgroundPipelineCreatorV2.java:notifyEventTriggered(285)) - trigger a one-shot run on RatisPipelineUtilsThread.
2021-09-05 01:38:59,540 [RatisPipelineUtilsThread - 0] INFO  pipeline.RatisPipelineProvider (RatisPipelineProvider.java:lambda$create$0(183)) - Sending CreatePipelineCommand for pipeline:PipelineID=b5503130-8cd7-47db-995f-19cec8da33b6 to datanode:cff69f77-ea12-413c-a988-d2a44a5ca406
2021-09-05 01:38:59,548 [RatisPipelineUtilsThread - 0] INFO  pipeline.PipelineStateManager (PipelineStateManagerV2Impl.java:addPipeline(101)) - Created pipeline Pipeline[ Id: b5503130-8cd7-47db-995f-19cec8da33b6, Nodes: cff69f77-ea12-413c-a988-d2a44a5ca406{ip: 10.1.0.25, host: fv-az270-420.tacnzluakwdehk1hpragurqkma.bx.internal.cloudapp.net, ports: [REPLICATION=40651, RATIS=34387, RATIS_ADMIN=34387, RATIS_SERVER=34387, STANDALONE=34759], networkLocation: /default-rack, certSerialId: null, persistedOpState: IN_SERVICE, persistedOpStateExpiryEpochSec: 0}, ReplicationConfig: RATIS/ONE, State:ALLOCATED, leaderId:, CreationTimestamp2021-09-05T01:38:59.540Z[Etc/UTC]].
2021-09-05 01:38:59,939 [IPC Server handler 2 on default port 40229] INFO  net.NetworkTopologyImpl (NetworkTopologyImpl.java:add(112)) - Added a new node: /default-rack/fdb9e53e-0679-45da-9a61-20e122f839df
2021-09-05 01:38:59,940 [IPC Server handler 2 on default port 40229] INFO  node.SCMNodeManager (SCMNodeManager.java:register(390)) - Registered Data node : fdb9e53e-0679-45da-9a61-20e122f839df{ip: 10.1.0.25, host: fv-az270-420.tacnzluakwdehk1hpragurqkma.bx.internal.cloudapp.net, ports: [REPLICATION=45811, RATIS=40867, RATIS_ADMIN=40867, RATIS_SERVER=40867, STANDALONE=43325], networkLocation: /default-rack, certSerialId: null, persistedOpState: null, persistedOpStateExpiryEpochSec: 0}
2021-09-05 01:38:59,941 [EventQueue-NewNodeForNewNodeHandler] INFO  pipeline.BackgroundPipelineCreator (BackgroundPipelineCreatorV2.java:notifyEventTriggered(285)) - trigger a one-shot run on RatisPipelineUtilsThread.
2021-09-05 01:38:59,951 [EventQueue-NodeRegistrationContainerReportForDataNodeSafeModeRule] INFO  safemode.SCMSafeModeManager (DataNodeSafeModeRule.java:process(71)) - SCM in safe mode. 2 DataNodes registered, 3 required.
2021-09-05 01:38:59,977 [RatisPipelineUtilsThread - 0] INFO  pipeline.RatisPipelineProvider (RatisPipelineProvider.java:lambda$create$0(183)) - Sending CreatePipelineCommand for pipeline:PipelineID=abc99c8d-4636-4361-928c-d22776684351 to datanode:fdb9e53e-0679-45da-9a61-20e122f839df
2021-09-05 01:38:59,978 [RatisPipelineUtilsThread - 0] INFO  pipeline.PipelineStateManager (PipelineStateManagerV2Impl.java:addPipeline(101)) - Created pipeline Pipeline[ Id: abc99c8d-4636-4361-928c-d22776684351, Nodes: fdb9e53e-0679-45da-9a61-20e122f839df{ip: 10.1.0.25, host: fv-az270-420.tacnzluakwdehk1hpragurqkma.bx.internal.cloudapp.net, ports: [REPLICATION=45811, RATIS=40867, RATIS_ADMIN=40867, RATIS_SERVER=40867, STANDALONE=43325], networkLocation: /default-rack, certSerialId: null, persistedOpState: IN_SERVICE, persistedOpStateExpiryEpochSec: 0}, ReplicationConfig: RATIS/ONE, State:ALLOCATED, leaderId:, CreationTimestamp2021-09-05T01:38:59.977Z[Etc/UTC]].
2021-09-05 01:39:00,190 [EndpointStateMachine task thread for /0.0.0.0:40229 - 0 ] INFO  ozoneimpl.OzoneContainer (OzoneContainer.java:start(305)) - Attempting to start container services.
2021-09-05 01:39:00,190 [EndpointStateMachine task thread for /0.0.0.0:40229 - 0 ] INFO  ozoneimpl.OzoneContainer (OzoneContainer.java:startContainerScrub(250)) - Background container scanner has been disabled.
2021-09-05 01:39:00,190 [EndpointStateMachine task thread for /0.0.0.0:40229 - 0 ] INFO  replication.ReplicationServer (ReplicationServer.java:start(107)) - ReplicationServer is started using port 37403
2021-09-05 01:39:00,221 [EndpointStateMachine task thread for /0.0.0.0:40229 - 0 ] INFO  ratis.XceiverServerRatis (XceiverServerRatis.java:start(482)) - Starting XceiverServerRatis a394a97c-7848-4311-a24c-186851f6b492
2021-09-05 01:39:00,271 [EndpointStateMachine task thread for /0.0.0.0:40229 - 0 ] INFO  server.RaftServer (RaftServerProxy.java:lambda$start$5(374)) - a394a97c-7848-4311-a24c-186851f6b492: start RPC server
2021-09-05 01:39:00,271 [EndpointStateMachine task thread for /0.0.0.0:40229 - 0 ] INFO  server.GrpcService (GrpcService.java:startImpl(253)) - a394a97c-7848-4311-a24c-186851f6b492: GrpcService started, listening on 38701
2021-09-05 01:39:00,272 [EndpointStateMachine task thread for /0.0.0.0:40229 - 0 ] INFO  ratis.XceiverServerRatis (XceiverServerRatis.java:getRealPort(503)) - XceiverServerRatis a394a97c-7848-4311-a24c-186851f6b492 is started using port 38701 for RATIS
2021-09-05 01:39:00,272 [EndpointStateMachine task thread for /0.0.0.0:40229 - 0 ] INFO  ratis.XceiverServerRatis (XceiverServerRatis.java:getRealPort(503)) - XceiverServerRatis a394a97c-7848-4311-a24c-186851f6b492 is started using port 38701 for RATIS_ADMIN
2021-09-05 01:39:00,272 [EndpointStateMachine task thread for /0.0.0.0:40229 - 0 ] INFO  ratis.XceiverServerRatis (XceiverServerRatis.java:getRealPort(503)) - XceiverServerRatis a394a97c-7848-4311-a24c-186851f6b492 is started using port 38701 for RATIS_SERVER
2021-09-05 01:39:00,273 [EndpointStateMachine task thread for /0.0.0.0:40229 - 0 ] INFO  server.XceiverServerGrpc (XceiverServerGrpc.java:start(135)) - XceiverServerGrpc a394a97c-7848-4311-a24c-186851f6b492 is started using port 35691
2021-09-05 01:39:00,300 [org.apache.ratis.util.JvmPauseMonitor$$Lambda$531/1694950219@77bc2c10] INFO  util.JvmPauseMonitor (JvmPauseMonitor.java:run(103)) - JvmPauseMonitor-a394a97c-7848-4311-a24c-186851f6b492: Started
2021-09-05 01:39:00,372 [Listener at 127.0.0.1/33945] INFO  ozone.MiniOzoneClusterImpl (MiniOzoneClusterImpl.java:lambda$waitForClusterToBeReady$0(235)) - Waiting for nodes to be ready. Got 2 of 7 DN Heartbeats.
2021-09-05 01:39:00,372 [Listener at 127.0.0.1/33945] INFO  ozone.MiniOzoneClusterImpl (MiniOzoneClusterImpl.java:lambda$waitForClusterToBeReady$0(238)) - Waiting for cluster to exit safe mode
2021-09-05 01:39:00,372 [Listener at 127.0.0.1/33945] INFO  ozone.MiniOzoneClusterImpl (MiniOzoneClusterImpl.java:lambda$waitForClusterToBeReady$0(240)) - SCM became leader
2021-09-05 01:39:00,695 [org.apache.ratis.util.JvmPauseMonitor$$Lambda$531/1694950219@77aa26e0] WARN  util.JvmPauseMonitor (JvmPauseMonitor.java:detectPause(124)) - JvmPauseMonitor-455161ce-78be-4281-bc2a-a50d1cad5e43: Detected pause in JVM or host machine (eg GC): pause of approximately 182465851ns.
GC pool 'PS MarkSweep' had collection(s): count=1 time=200ms
GC pool 'PS Scavenge' had collection(s): count=1 time=13ms
2021-09-05 01:39:00,721 [IPC Server handler 2 on default port 40229] INFO  net.NetworkTopologyImpl (NetworkTopologyImpl.java:add(112)) - Added a new node: /default-rack/be41d154-e08a-4361-999c-a2746058d00f
2021-09-05 01:39:00,721 [IPC Server handler 2 on default port 40229] INFO  node.SCMNodeManager (SCMNodeManager.java:register(390)) - Registered Data node : be41d154-e08a-4361-999c-a2746058d00f{ip: 10.1.0.25, host: fv-az270-420.tacnzluakwdehk1hpragurqkma.bx.internal.cloudapp.net, ports: [REPLICATION=33191, RATIS=33043, RATIS_ADMIN=33043, RATIS_SERVER=33043, STANDALONE=37769], networkLocation: /default-rack, certSerialId: null, persistedOpState: null, persistedOpStateExpiryEpochSec: 0}
2021-09-05 01:39:00,722 [EventQueue-NewNodeForNewNodeHandler] INFO  pipeline.BackgroundPipelineCreator (BackgroundPipelineCreatorV2.java:notifyEventTriggered(285)) - trigger a one-shot run on RatisPipelineUtilsThread.
2021-09-05 01:39:00,738 [RatisPipelineUtilsThread - 0] INFO  pipeline.RatisPipelineProvider (RatisPipelineProvider.java:lambda$create$0(183)) - Sending CreatePipelineCommand for pipeline:PipelineID=b7f1090e-520a-432c-8d7d-6d81f426558a to datanode:be41d154-e08a-4361-999c-a2746058d00f
2021-09-05 01:39:00,738 [RatisPipelineUtilsThread - 0] INFO  pipeline.PipelineStateManager (PipelineStateManagerV2Impl.java:addPipeline(101)) - Created pipeline Pipeline[ Id: b7f1090e-520a-432c-8d7d-6d81f426558a, Nodes: be41d154-e08a-4361-999c-a2746058d00f{ip: 10.1.0.25, host: fv-az270-420.tacnzluakwdehk1hpragurqkma.bx.internal.cloudapp.net, ports: [REPLICATION=33191, RATIS=33043, RATIS_ADMIN=33043, RATIS_SERVER=33043, STANDALONE=37769], networkLocation: /default-rack, certSerialId: null, persistedOpState: IN_SERVICE, persistedOpStateExpiryEpochSec: 0}, ReplicationConfig: RATIS/ONE, State:ALLOCATED, leaderId:, CreationTimestamp2021-09-05T01:39:00.738Z[Etc/UTC]].
2021-09-05 01:39:00,738 [EventQueue-NodeRegistrationContainerReportForDataNodeSafeModeRule] INFO  safemode.SCMSafeModeManager (DataNodeSafeModeRule.java:process(71)) - SCM in safe mode. 3 DataNodes registered, 3 required.
2021-09-05 01:39:00,738 [EventQueue-NodeRegistrationContainerReportForDataNodeSafeModeRule] INFO  safemode.SCMSafeModeManager (SCMSafeModeManager.java:validateSafeModeExitRules(204)) - DataNodeSafeModeRule rule is successfully validated
2021-09-05 01:39:00,739 [EventQueue-NodeRegistrationContainerReportForDataNodeSafeModeRule] INFO  safemode.SCMSafeModeManager (SCMSafeModeManager.java:completePreCheck(233)) - All SCM safe mode pre check rules have passed
2021-09-05 01:39:00,739 [EventQueue-NodeRegistrationContainerReportForDataNodeSafeModeRule] WARN  events.EventQueue (EventQueue.java:fireEvent(194)) - No event handler registered for event TypedEvent{payloadType=SafeModeStatus, name='Safe mode status'}
2021-09-05 01:39:00,739 [EventQueue-NodeRegistrationContainerReportForDataNodeSafeModeRule] INFO  ha.SCMContext (SCMContext.java:updateSafeModeStatus(205)) - Update SafeModeStatus from SafeModeStatus{safeModeStatus=true, preCheckPassed=false} to SafeModeStatus{safeModeStatus=true, preCheckPassed=true}.
2021-09-05 01:39:00,739 [EventQueue-NodeRegistrationContainerReportForDataNodeSafeModeRule] INFO  pipeline.BackgroundPipelineCreator (BackgroundPipelineCreatorV2.java:notifyEventTriggered(285)) - trigger a one-shot run on RatisPipelineUtilsThread.
2021-09-05 01:39:00,739 [RatisPipelineUtilsThread - 0] INFO  pipeline.RatisPipelineProvider (RatisPipelineProvider.java:lambda$create$0(183)) - Sending CreatePipelineCommand for pipeline:PipelineID=61f36f49-61fb-4aab-819c-c6b97df9feba to datanode:cff69f77-ea12-413c-a988-d2a44a5ca406
2021-09-05 01:39:00,740 [RatisPipelineUtilsThread - 0] INFO  pipeline.RatisPipelineProvider (RatisPipelineProvider.java:lambda$create$0(183)) - Sending CreatePipelineCommand for pipeline:PipelineID=61f36f49-61fb-4aab-819c-c6b97df9feba to datanode:fdb9e53e-0679-45da-9a61-20e122f839df
2021-09-05 01:39:00,740 [RatisPipelineUtilsThread - 0] INFO  pipeline.RatisPipelineProvider (RatisPipelineProvider.java:lambda$create$0(183)) - Sending CreatePipelineCommand for pipeline:PipelineID=61f36f49-61fb-4aab-819c-c6b97df9feba to datanode:be41d154-e08a-4361-999c-a2746058d00f
2021-09-05 01:39:00,740 [RatisPipelineUtilsThread - 0] INFO  pipeline.PipelineStateManager (PipelineStateManagerV2Impl.java:addPipeline(101)) - Created pipeline Pipeline[ Id: 61f36f49-61fb-4aab-819c-c6b97df9feba, Nodes: cff69f77-ea12-413c-a988-d2a44a5ca406{ip: 10.1.0.25, host: fv-az270-420.tacnzluakwdehk1hpragurqkma.bx.internal.cloudapp.net, ports: [REPLICATION=40651, RATIS=34387, RATIS_ADMIN=34387, RATIS_SERVER=34387, STANDALONE=34759], networkLocation: /default-rack, certSerialId: null, persistedOpState: IN_SERVICE, persistedOpStateExpiryEpochSec: 0}fdb9e53e-0679-45da-9a61-20e122f839df{ip: 10.1.0.25, host: fv-az270-420.tacnzluakwdehk1hpragurqkma.bx.internal.cloudapp.net, ports: [REPLICATION=45811, RATIS=40867, RATIS_ADMIN=40867, RATIS_SERVER=40867, STANDALONE=43325], networkLocation: /default-rack, certSerialId: null, persistedOpState: IN_SERVICE, persistedOpStateExpiryEpochSec: 0}be41d154-e08a-4361-999c-a2746058d00f{ip: 10.1.0.25, host: fv-az270-420.tacnzluakwdehk1hpragurqkma.bx.internal.cloudapp.net, ports: [REPLICATION=33191, RATIS=33043, RATIS_ADMIN=33043, RATIS_SERVER=33043, STANDALONE=37769], networkLocation: /default-rack, certSerialId: null, persistedOpState: IN_SERVICE, persistedOpStateExpiryEpochSec: 0}, ReplicationConfig: RATIS/THREE, State:ALLOCATED, leaderId:, CreationTimestamp2021-09-05T01:39:00.739Z[Etc/UTC]].
2021-09-05 01:39:00,740 [RatisPipelineUtilsThread - 0] INFO  pipeline.RatisPipelineProvider (RatisPipelineProvider.java:lambda$create$0(183)) - Sending CreatePipelineCommand for pipeline:PipelineID=97e19d54-76f6-4db6-b4a5-fc73588afd2d to datanode:be41d154-e08a-4361-999c-a2746058d00f
2021-09-05 01:39:00,740 [RatisPipelineUtilsThread - 0] INFO  pipeline.RatisPipelineProvider (RatisPipelineProvider.java:lambda$create$0(183)) - Sending CreatePipelineCommand for pipeline:PipelineID=97e19d54-76f6-4db6-b4a5-fc73588afd2d to datanode:fdb9e53e-0679-45da-9a61-20e122f839df
2021-09-05 01:39:00,740 [RatisPipelineUtilsThread - 0] INFO  pipeline.RatisPipelineProvider (RatisPipelineProvider.java:lambda$create$0(183)) - Sending CreatePipelineCommand for pipeline:PipelineID=97e19d54-76f6-4db6-b4a5-fc73588afd2d to datanode:cff69f77-ea12-413c-a988-d2a44a5ca406
2021-09-05 01:39:00,740 [RatisPipelineUtilsThread - 0] INFO  pipeline.PipelineStateManager (PipelineStateManagerV2Impl.java:addPipeline(101)) - Created pipeline Pipeline[ Id: 97e19d54-76f6-4db6-b4a5-fc73588afd2d, Nodes: be41d154-e08a-4361-999c-a2746058d00f{ip: 10.1.0.25, host: fv-az270-420.tacnzluakwdehk1hpragurqkma.bx.internal.cloudapp.net, ports: [REPLICATION=33191, RATIS=33043, RATIS_ADMIN=33043, RATIS_SERVER=33043, STANDALONE=37769], networkLocation: /default-rack, certSerialId: null, persistedOpState: IN_SERVICE, persistedOpStateExpiryEpochSec: 0}fdb9e53e-0679-45da-9a61-20e122f839df{ip: 10.1.0.25, host: fv-az270-420.tacnzluakwdehk1hpragurqkma.bx.internal.cloudapp.net, ports: [REPLICATION=45811, RATIS=40867, RATIS_ADMIN=40867, RATIS_SERVER=40867, STANDALONE=43325], networkLocation: /default-rack, certSerialId: null, persistedOpState: IN_SERVICE, persistedOpStateExpiryEpochSec: 0}cff69f77-ea12-413c-a988-d2a44a5ca406{ip: 10.1.0.25, host: fv-az270-420.tacnzluakwdehk1hpragurqkma.bx.internal.cloudapp.net, ports: [REPLICATION=40651, RATIS=34387, RATIS_ADMIN=34387, RATIS_SERVER=34387, STANDALONE=34759], networkLocation: /default-rack, certSerialId: null, persistedOpState: IN_SERVICE, persistedOpStateExpiryEpochSec: 0}, ReplicationConfig: RATIS/THREE, State:ALLOCATED, leaderId:, CreationTimestamp2021-09-05T01:39:00.740Z[Etc/UTC]].
2021-09-05 01:39:00,741 [RatisPipelineUtilsThread - 0] INFO  pipeline.PipelineManagerImpl (PipelineManagerImpl.java:recordMetricsForPipeline(613)) - Pipeline: PipelineID=97e19d54-76f6-4db6-b4a5-fc73588afd2d contains same datanodes as previous pipelines: PipelineID=61f36f49-61fb-4aab-819c-c6b97df9feba nodeIds: be41d154-e08a-4361-999c-a2746058d00f, fdb9e53e-0679-45da-9a61-20e122f839df, cff69f77-ea12-413c-a988-d2a44a5ca406
2021-09-05 01:39:00,741 [RatisPipelineUtilsThread - 0] INFO  pipeline.RatisPipelineProvider (RatisPipelineProvider.java:lambda$create$0(183)) - Sending CreatePipelineCommand for pipeline:PipelineID=804a25d7-b2b5-40eb-8b1c-6de84e8794fa to datanode:cff69f77-ea12-413c-a988-d2a44a5ca406
2021-09-05 01:39:00,755 [RatisPipelineUtilsThread - 0] INFO  pipeline.RatisPipelineProvider (RatisPipelineProvider.java:lambda$create$0(183)) - Sending CreatePipelineCommand for pipeline:PipelineID=804a25d7-b2b5-40eb-8b1c-6de84e8794fa to datanode:be41d154-e08a-4361-999c-a2746058d00f
2021-09-05 01:39:00,755 [RatisPipelineUtilsThread - 0] INFO  pipeline.RatisPipelineProvider (RatisPipelineProvider.java:lambda$create$0(183)) - Sending CreatePipelineCommand for pipeline:PipelineID=804a25d7-b2b5-40eb-8b1c-6de84e8794fa to datanode:fdb9e53e-0679-45da-9a61-20e122f839df
2021-09-05 01:39:00,755 [RatisPipelineUtilsThread - 0] INFO  pipeline.PipelineStateManager (PipelineStateManagerV2Impl.java:addPipeline(101)) - Created pipeline Pipeline[ Id: 804a25d7-b2b5-40eb-8b1c-6de84e8794fa, Nodes: cff69f77-ea12-413c-a988-d2a44a5ca406{ip: 10.1.0.25, host: fv-az270-420.tacnzluakwdehk1hpragurqkma.bx.internal.cloudapp.net, ports: [REPLICATION=40651, RATIS=34387, RATIS_ADMIN=34387, RATIS_SERVER=34387, STANDALONE=34759], networkLocation: /default-rack, certSerialId: null, persistedOpState: IN_SERVICE, persistedOpStateExpiryEpochSec: 0}be41d154-e08a-4361-999c-a2746058d00f{ip: 10.1.0.25, host: fv-az270-420.tacnzluakwdehk1hpragurqkma.bx.internal.cloudapp.net, ports: [REPLICATION=33191, RATIS=33043, RATIS_ADMIN=33043, RATIS_SERVER=33043, STANDALONE=37769], networkLocation: /default-rack, certSerialId: null, persistedOpState: IN_SERVICE, persistedOpStateExpiryEpochSec: 0}fdb9e53e-0679-45da-9a61-20e122f839df{ip: 10.1.0.25, host: fv-az270-420.tacnzluakwdehk1hpragurqkma.bx.internal.cloudapp.net, ports: [REPLICATION=45811, RATIS=40867, RATIS_ADMIN=40867, RATIS_SERVER=40867, STANDALONE=43325], networkLocation: /default-rack, certSerialId: null, persistedOpState: IN_SERVICE, persistedOpStateExpiryEpochSec: 0}, ReplicationConfig: RATIS/THREE, State:ALLOCATED, leaderId:, CreationTimestamp2021-09-05T01:39:00.741Z[Etc/UTC]].
2021-09-05 01:39:00,755 [RatisPipelineUtilsThread - 0] INFO  pipeline.PipelineManagerImpl (PipelineManagerImpl.java:recordMetricsForPipeline(613)) - Pipeline: PipelineID=804a25d7-b2b5-40eb-8b1c-6de84e8794fa contains same datanodes as previous pipelines: PipelineID=97e19d54-76f6-4db6-b4a5-fc73588afd2d nodeIds: cff69f77-ea12-413c-a988-d2a44a5ca406, be41d154-e08a-4361-999c-a2746058d00f, fdb9e53e-0679-45da-9a61-20e122f839df
2021-09-05 01:39:00,755 [RatisPipelineUtilsThread - 0] INFO  pipeline.PipelineManagerImpl (PipelineManagerImpl.java:recordMetricsForPipeline(613)) - Pipeline: PipelineID=804a25d7-b2b5-40eb-8b1c-6de84e8794fa contains same datanodes as previous pipelines: PipelineID=61f36f49-61fb-4aab-819c-c6b97df9feba nodeIds: cff69f77-ea12-413c-a988-d2a44a5ca406, be41d154-e08a-4361-999c-a2746058d00f, fdb9e53e-0679-45da-9a61-20e122f839df
2021-09-05 01:39:00,827 [EndpointStateMachine task thread for /0.0.0.0:40229 - 0 ] INFO  ozoneimpl.OzoneContainer (OzoneContainer.java:start(305)) - Attempting to start container services.
2021-09-05 01:39:00,827 [EndpointStateMachine task thread for /0.0.0.0:40229 - 0 ] INFO  ozoneimpl.OzoneContainer (OzoneContainer.java:startContainerScrub(250)) - Background container scanner has been disabled.
2021-09-05 01:39:00,829 [EndpointStateMachine task thread for /0.0.0.0:40229 - 0 ] INFO  replication.ReplicationServer (ReplicationServer.java:start(107)) - ReplicationServer is started using port 42149
2021-09-05 01:39:00,844 [EndpointStateMachine task thread for /0.0.0.0:40229 - 0 ] INFO  ratis.XceiverServerRatis (XceiverServerRatis.java:start(482)) - Starting XceiverServerRatis aa0f76fc-0af9-4fba-891f-e6382fa98fe4
2021-09-05 01:39:00,852 [EndpointStateMachine task thread for /0.0.0.0:40229 - 0 ] INFO  server.RaftServer (RaftServerProxy.java:lambda$start$5(374)) - aa0f76fc-0af9-4fba-891f-e6382fa98fe4: start RPC server
2021-09-05 01:39:00,853 [EndpointStateMachine task thread for /0.0.0.0:40229 - 0 ] INFO  server.GrpcService (GrpcService.java:startImpl(253)) - aa0f76fc-0af9-4fba-891f-e6382fa98fe4: GrpcService started, listening on 36313
2021-09-05 01:39:00,860 [EndpointStateMachine task thread for /0.0.0.0:40229 - 0 ] INFO  ratis.XceiverServerRatis (XceiverServerRatis.java:getRealPort(503)) - XceiverServerRatis aa0f76fc-0af9-4fba-891f-e6382fa98fe4 is started using port 36313 for RATIS
2021-09-05 01:39:00,860 [EndpointStateMachine task thread for /0.0.0.0:40229 - 0 ] INFO  ratis.XceiverServerRatis (XceiverServerRatis.java:getRealPort(503)) - XceiverServerRatis aa0f76fc-0af9-4fba-891f-e6382fa98fe4 is started using port 36313 for RATIS_ADMIN
2021-09-05 01:39:00,860 [EndpointStateMachine task thread for /0.0.0.0:40229 - 0 ] INFO  ratis.XceiverServerRatis (XceiverServerRatis.java:getRealPort(503)) - XceiverServerRatis aa0f76fc-0af9-4fba-891f-e6382fa98fe4 is started using port 36313 for RATIS_SERVER
2021-09-05 01:39:00,865 [EndpointStateMachine task thread for /0.0.0.0:40229 - 0 ] INFO  server.XceiverServerGrpc (XceiverServerGrpc.java:start(135)) - XceiverServerGrpc aa0f76fc-0af9-4fba-891f-e6382fa98fe4 is started using port 35265
2021-09-05 01:39:00,898 [org.apache.ratis.util.JvmPauseMonitor$$Lambda$531/1694950219@a2b7ef7] INFO  util.JvmPauseMonitor (JvmPauseMonitor.java:run(103)) - JvmPauseMonitor-aa0f76fc-0af9-4fba-891f-e6382fa98fe4: Started
2021-09-05 01:39:01,358 [IPC Server handler 1 on default port 40229] INFO  net.NetworkTopologyImpl (NetworkTopologyImpl.java:add(112)) - Added a new node: /default-rack/455161ce-78be-4281-bc2a-a50d1cad5e43
2021-09-05 01:39:01,358 [IPC Server handler 1 on default port 40229] INFO  node.SCMNodeManager (SCMNodeManager.java:register(390)) - Registered Data node : 455161ce-78be-4281-bc2a-a50d1cad5e43{ip: 10.1.0.25, host: fv-az270-420.tacnzluakwdehk1hpragurqkma.bx.internal.cloudapp.net, ports: [REPLICATION=38759, RATIS=40081, RATIS_ADMIN=40081, RATIS_SERVER=40081, STANDALONE=42933], networkLocation: /default-rack, certSerialId: null, persistedOpState: null, persistedOpStateExpiryEpochSec: 0}
2021-09-05 01:39:01,359 [EventQueue-NewNodeForNewNodeHandler] INFO  pipeline.BackgroundPipelineCreator (BackgroundPipelineCreatorV2.java:notifyEventTriggered(285)) - trigger a one-shot run on RatisPipelineUtilsThread.
2021-09-05 01:39:01,359 [RatisPipelineUtilsThread - 0] INFO  pipeline.RatisPipelineProvider (RatisPipelineProvider.java:lambda$create$0(183)) - Sending CreatePipelineCommand for pipeline:PipelineID=8d319538-a20b-4e4b-87a7-f63c28eb37d3 to datanode:455161ce-78be-4281-bc2a-a50d1cad5e43
2021-09-05 01:39:01,360 [RatisPipelineUtilsThread - 0] INFO  pipeline.PipelineStateManager (PipelineStateManagerV2Impl.java:addPipeline(101)) - Created pipeline Pipeline[ Id: 8d319538-a20b-4e4b-87a7-f63c28eb37d3, Nodes: 455161ce-78be-4281-bc2a-a50d1cad5e43{ip: 10.1.0.25, host: fv-az270-420.tacnzluakwdehk1hpragurqkma.bx.internal.cloudapp.net, ports: [REPLICATION=38759, RATIS=40081, RATIS_ADMIN=40081, RATIS_SERVER=40081, STANDALONE=42933], networkLocation: /default-rack, certSerialId: null, persistedOpState: IN_SERVICE, persistedOpStateExpiryEpochSec: 0}, ReplicationConfig: RATIS/ONE, State:ALLOCATED, leaderId:, CreationTimestamp2021-09-05T01:39:01.359Z[Etc/UTC]].
2021-09-05 01:39:01,373 [Listener at 127.0.0.1/33945] INFO  ozone.MiniOzoneClusterImpl (MiniOzoneClusterImpl.java:lambda$waitForClusterToBeReady$0(235)) - Waiting for nodes to be ready. Got 4 of 7 DN Heartbeats.
2021-09-05 01:39:01,373 [Listener at 127.0.0.1/33945] INFO  ozone.MiniOzoneClusterImpl (MiniOzoneClusterImpl.java:lambda$waitForClusterToBeReady$0(238)) - Waiting for cluster to exit safe mode
2021-09-05 01:39:01,373 [Listener at 127.0.0.1/33945] INFO  ozone.MiniOzoneClusterImpl (MiniOzoneClusterImpl.java:lambda$waitForClusterToBeReady$0(240)) - SCM became leader
2021-09-05 01:39:01,466 [EndpointStateMachine task thread for /0.0.0.0:40229 - 0 ] INFO  ozoneimpl.OzoneContainer (OzoneContainer.java:start(305)) - Attempting to start container services.
2021-09-05 01:39:01,467 [EndpointStateMachine task thread for /0.0.0.0:40229 - 0 ] INFO  ozoneimpl.OzoneContainer (OzoneContainer.java:startContainerScrub(250)) - Background container scanner has been disabled.
2021-09-05 01:39:01,472 [EndpointStateMachine task thread for /0.0.0.0:40229 - 0 ] INFO  replication.ReplicationServer (ReplicationServer.java:start(107)) - ReplicationServer is started using port 38415
2021-09-05 01:39:01,472 [EndpointStateMachine task thread for /0.0.0.0:40229 - 0 ] INFO  ratis.XceiverServerRatis (XceiverServerRatis.java:start(482)) - Starting XceiverServerRatis 54b0752d-9f85-41d1-82b7-176712dc42d8
2021-09-05 01:39:01,480 [EndpointStateMachine task thread for /0.0.0.0:40229 - 0 ] INFO  server.RaftServer (RaftServerProxy.java:lambda$start$5(374)) - 54b0752d-9f85-41d1-82b7-176712dc42d8: start RPC server
2021-09-05 01:39:01,481 [EndpointStateMachine task thread for /0.0.0.0:40229 - 0 ] INFO  server.GrpcService (GrpcService.java:startImpl(253)) - 54b0752d-9f85-41d1-82b7-176712dc42d8: GrpcService started, listening on 45159
2021-09-05 01:39:01,481 [EndpointStateMachine task thread for /0.0.0.0:40229 - 0 ] INFO  ratis.XceiverServerRatis (XceiverServerRatis.java:getRealPort(503)) - XceiverServerRatis 54b0752d-9f85-41d1-82b7-176712dc42d8 is started using port 45159 for RATIS
2021-09-05 01:39:01,481 [EndpointStateMachine task thread for /0.0.0.0:40229 - 0 ] INFO  ratis.XceiverServerRatis (XceiverServerRatis.java:getRealPort(503)) - XceiverServerRatis 54b0752d-9f85-41d1-82b7-176712dc42d8 is started using port 45159 for RATIS_ADMIN
2021-09-05 01:39:01,481 [EndpointStateMachine task thread for /0.0.0.0:40229 - 0 ] INFO  ratis.XceiverServerRatis (XceiverServerRatis.java:getRealPort(503)) - XceiverServerRatis 54b0752d-9f85-41d1-82b7-176712dc42d8 is started using port 45159 for RATIS_SERVER
2021-09-05 01:39:01,481 [EndpointStateMachine task thread for /0.0.0.0:40229 - 0 ] INFO  server.XceiverServerGrpc (XceiverServerGrpc.java:start(135)) - XceiverServerGrpc 54b0752d-9f85-41d1-82b7-176712dc42d8 is started using port 37167
2021-09-05 01:39:01,482 [org.apache.ratis.util.JvmPauseMonitor$$Lambda$531/1694950219@5545bf3f] INFO  util.JvmPauseMonitor (JvmPauseMonitor.java:run(103)) - JvmPauseMonitor-54b0752d-9f85-41d1-82b7-176712dc42d8: Started
2021-09-05 01:39:02,162 [IPC Server handler 0 on default port 40229] INFO  net.NetworkTopologyImpl (NetworkTopologyImpl.java:add(112)) - Added a new node: /default-rack/a394a97c-7848-4311-a24c-186851f6b492
2021-09-05 01:39:02,162 [IPC Server handler 0 on default port 40229] INFO  node.SCMNodeManager (SCMNodeManager.java:register(390)) - Registered Data node : a394a97c-7848-4311-a24c-186851f6b492{ip: 10.1.0.25, host: fv-az270-420.tacnzluakwdehk1hpragurqkma.bx.internal.cloudapp.net, ports: [REPLICATION=37403, RATIS=38701, RATIS_ADMIN=38701, RATIS_SERVER=38701, STANDALONE=35691], networkLocation: /default-rack, certSerialId: null, persistedOpState: null, persistedOpStateExpiryEpochSec: 0}
2021-09-05 01:39:02,163 [EventQueue-NewNodeForNewNodeHandler] INFO  pipeline.BackgroundPipelineCreator (BackgroundPipelineCreatorV2.java:notifyEventTriggered(285)) - trigger a one-shot run on RatisPipelineUtilsThread.
2021-09-05 01:39:02,163 [RatisPipelineUtilsThread - 0] INFO  pipeline.RatisPipelineProvider (RatisPipelineProvider.java:lambda$create$0(183)) - Sending CreatePipelineCommand for pipeline:PipelineID=1f8bedbc-d0ae-4b4d-bc8b-71f1f32b1a5f to datanode:a394a97c-7848-4311-a24c-186851f6b492
2021-09-05 01:39:02,163 [RatisPipelineUtilsThread - 0] INFO  pipeline.PipelineStateManager (PipelineStateManagerV2Impl.java:addPipeline(101)) - Created pipeline Pipeline[ Id: 1f8bedbc-d0ae-4b4d-bc8b-71f1f32b1a5f, Nodes: a394a97c-7848-4311-a24c-186851f6b492{ip: 10.1.0.25, host: fv-az270-420.tacnzluakwdehk1hpragurqkma.bx.internal.cloudapp.net, ports: [REPLICATION=37403, RATIS=38701, RATIS_ADMIN=38701, RATIS_SERVER=38701, STANDALONE=35691], networkLocation: /default-rack, certSerialId: null, persistedOpState: IN_SERVICE, persistedOpStateExpiryEpochSec: 0}, ReplicationConfig: RATIS/ONE, State:ALLOCATED, leaderId:, CreationTimestamp2021-09-05T01:39:02.163Z[Etc/UTC]].
2021-09-05 01:39:02,373 [Listener at 127.0.0.1/33945] INFO  ozone.MiniOzoneClusterImpl (MiniOzoneClusterImpl.java:lambda$waitForClusterToBeReady$0(235)) - Waiting for nodes to be ready. Got 5 of 7 DN Heartbeats.
2021-09-05 01:39:02,373 [Listener at 127.0.0.1/33945] INFO  ozone.MiniOzoneClusterImpl (MiniOzoneClusterImpl.java:lambda$waitForClusterToBeReady$0(238)) - Waiting for cluster to exit safe mode
2021-09-05 01:39:02,373 [Listener at 127.0.0.1/33945] INFO  ozone.MiniOzoneClusterImpl (MiniOzoneClusterImpl.java:lambda$waitForClusterToBeReady$0(240)) - SCM became leader
2021-09-05 01:39:02,467 [Command processor thread] INFO  server.RaftServer (RaftServerProxy.java:addNew(95)) - cff69f77-ea12-413c-a988-d2a44a5ca406: addNew group-19CEC8DA33B6:[cff69f77-ea12-413c-a988-d2a44a5ca406|rpc:10.1.0.25:34387|priority:1] returns group-19CEC8DA33B6:java.util.concurrent.CompletableFuture@31b8b096[Not completed]
2021-09-05 01:39:02,470 [pool-521-thread-1] INFO  server.RaftServer$Division (RaftServerImpl.java:<init>(181)) - cff69f77-ea12-413c-a988-d2a44a5ca406: new RaftServerImpl for group-19CEC8DA33B6:[cff69f77-ea12-413c-a988-d2a44a5ca406|rpc:10.1.0.25:34387|priority:1] with ContainerStateMachine:uninitialized
2021-09-05 01:39:02,489 [pool-521-thread-1] INFO  server.RaftServerConfigKeys (ConfUtils.java:logGet(44)) - raft.server.rpc.timeout.min = 5s (custom)
2021-09-05 01:39:02,490 [pool-521-thread-1] INFO  server.RaftServerConfigKeys (ConfUtils.java:logGet(44)) - raft.server.rpc.timeout.max = 5200ms (custom)
2021-09-05 01:39:02,490 [pool-521-thread-1] INFO  server.RaftServerConfigKeys (ConfUtils.java:logGet(44)) - raft.server.rpc.sleep.time = 25ms (default)
2021-09-05 01:39:02,490 [pool-521-thread-1] INFO  server.RaftServerConfigKeys (ConfUtils.java:logGet(44)) - raft.server.rpc.slowness.timeout = 300000ms (custom)
2021-09-05 01:39:02,490 [pool-521-thread-1] INFO  server.RaftServerConfigKeys (ConfUtils.java:logGet(44)) - raft.server.leaderelection.leader.step-down.wait-time = 10s (default)
2021-09-05 01:39:02,491 [pool-521-thread-1] INFO  server.RaftServerConfigKeys (ConfUtils.java:logGet(44)) - raft.server.sleep.deviation.threshold = 300ms (default)
2021-09-05 01:39:02,491 [pool-521-thread-1] INFO  server.RaftServerConfigKeys (ConfUtils.java:logGet(44)) - raft.server.log.appender.install.snapshot.enabled = false (custom)
2021-09-05 01:39:02,491 [pool-521-thread-1] INFO  server.RaftServer$Division (ServerState.java:<init>(105)) - cff69f77-ea12-413c-a988-d2a44a5ca406@group-19CEC8DA33B6: ConfigurationManager, init=-1: [cff69f77-ea12-413c-a988-d2a44a5ca406|rpc:10.1.0.25:34387|priority:1], old=null, confs=<EMPTY_MAP>
2021-09-05 01:39:02,491 [pool-521-thread-1] INFO  server.RaftServerConfigKeys (ConfUtils.java:logGet(44)) - raft.server.storage.dir = [/home/runner/work/ozone/ozone/hadoop-ozone/integration-test/target/test-dir/MiniOzoneClusterImpl-37340386-36af-4fa8-9723-b8f583b28ff6/datanode-0/data/ratis] (custom)
2021-09-05 01:39:02,491 [pool-521-thread-1] INFO  server.RaftServerConfigKeys (ConfUtils.java:logGet(44)) - raft.server.log.corruption.policy = EXCEPTION (default)
2021-09-05 01:39:02,491 [pool-521-thread-1] INFO  server.RaftServerConfigKeys (ConfUtils.java:logGet(44)) - raft.server.storage.free-space.min = 0MB (=0) (default)
2021-09-05 01:39:02,491 [pool-521-thread-1] INFO  storage.RaftStorageDirectory (RaftStorageDirectoryImpl.java:analyzeStorage(135)) - The storage directory /home/runner/work/ozone/ozone/hadoop-ozone/integration-test/target/test-dir/MiniOzoneClusterImpl-37340386-36af-4fa8-9723-b8f583b28ff6/datanode-0/data/ratis/b5503130-8cd7-47db-995f-19cec8da33b6 does not exist. Creating ...
2021-09-05 01:39:02,497 [pool-521-thread-1] INFO  storage.RaftStorageDirectory (RaftStorageDirectoryImpl.java:tryLock(230)) - Lock on /home/runner/work/ozone/ozone/hadoop-ozone/integration-test/target/test-dir/MiniOzoneClusterImpl-37340386-36af-4fa8-9723-b8f583b28ff6/datanode-0/data/ratis/b5503130-8cd7-47db-995f-19cec8da33b6/in_use.lock acquired by nodename 19671@fv-az270-420
2021-09-05 01:39:02,517 [pool-521-thread-1] INFO  storage.RaftStorage (RaftStorageImpl.java:format(89)) - Storage directory /home/runner/work/ozone/ozone/hadoop-ozone/integration-test/target/test-dir/MiniOzoneClusterImpl-37340386-36af-4fa8-9723-b8f583b28ff6/datanode-0/data/ratis/b5503130-8cd7-47db-995f-19cec8da33b6 has been successfully formatted.
2021-09-05 01:39:02,518 [pool-521-thread-1] INFO  ratis.ContainerStateMachine (ContainerStateMachine.java:loadSnapshot(224)) - group-19CEC8DA33B6: The snapshot info is null. Setting the last applied indexto:(t:0, i:~)
2021-09-05 01:39:02,518 [Datanode State Machine Thread - 0] WARN  statemachine.StateContext (StateContext.java:execute(621)) - No available thread in pool for past 1 seconds.
2021-09-05 01:39:02,518 [pool-521-thread-1] INFO  server.RaftServerConfigKeys (ConfUtils.java:logGet(44)) - raft.server.notification.no-leader.timeout = 300000ms (custom)
2021-09-05 01:39:02,518 [pool-521-thread-1] INFO  server.RaftServerConfigKeys (ConfUtils.java:logGet(44)) - raft.server.log.use.memory = false (default)
2021-09-05 01:39:02,519 [pool-521-thread-1] INFO  server.RaftServerConfigKeys (ConfUtils.java:logGet(44)) - raft.server.log.purge.gap = 1000000 (custom)
2021-09-05 01:39:02,519 [pool-521-thread-1] INFO  server.RaftServerConfigKeys (ConfUtils.java:logGet(44)) - raft.server.log.appender.buffer.byte-limit = 33554432 (custom)
2021-09-05 01:39:02,519 [pool-521-thread-1] INFO  server.RaftServerConfigKeys (ConfUtils.java:logGet(44)) - raft.server.log.segment.size.max = 1048576 (custom)
2021-09-05 01:39:02,519 [pool-521-thread-1] INFO  server.RaftServerConfigKeys (ConfUtils.java:logGet(44)) - raft.server.log.segment.cache.num.max = 2 (custom)
2021-09-05 01:39:02,519 [pool-521-thread-1] INFO  server.RaftServerConfigKeys (ConfUtils.java:logGet(44)) - raft.server.log.segment.cache.size.max = 200MB (=209715200) (default)
2021-09-05 01:39:02,519 [pool-521-thread-1] INFO  segmented.SegmentedRaftLogWorker (SegmentedRaftLogWorker.java:<init>(182)) - new cff69f77-ea12-413c-a988-d2a44a5ca406@group-19CEC8DA33B6-SegmentedRaftLogWorker for RaftStorageImpl:Storage Directory /home/runner/work/ozone/ozone/hadoop-ozone/integration-test/target/test-dir/MiniOzoneClusterImpl-37340386-36af-4fa8-9723-b8f583b28ff6/datanode-0/data/ratis/b5503130-8cd7-47db-995f-19cec8da33b6
2021-09-05 01:39:02,519 [pool-521-thread-1] INFO  server.RaftServerConfigKeys (ConfUtils.java:logGet(44)) - raft.server.log.queue.byte-limit = 2147483647 (custom)
2021-09-05 01:39:02,519 [pool-521-thread-1] INFO  server.RaftServerConfigKeys (ConfUtils.java:logGet(44)) - raft.server.log.queue.element-limit = 1024 (custom)
2021-09-05 01:39:02,519 [pool-521-thread-1] INFO  server.RaftServerConfigKeys (ConfUtils.java:logGet(44)) - raft.server.log.segment.size.max = 1048576 (custom)
2021-09-05 01:39:02,519 [pool-521-thread-1] INFO  server.RaftServerConfigKeys (ConfUtils.java:logGet(44)) - raft.server.log.preallocated.size = 16384 (custom)
2021-09-05 01:39:02,520 [pool-521-thread-1] INFO  server.RaftServerConfigKeys (ConfUtils.java:logGet(44)) - raft.server.log.force.sync.num = 128 (default)
2021-09-05 01:39:02,520 [pool-521-thread-1] INFO  server.RaftServerConfigKeys (ConfUtils.java:logGet(44)) - raft.server.log.statemachine.data.sync = true (default)
2021-09-05 01:39:02,520 [pool-521-thread-1] INFO  server.RaftServerConfigKeys (ConfUtils.java:logGet(44)) - raft.server.log.statemachine.data.sync.timeout = 10s (default)
2021-09-05 01:39:02,520 [pool-521-thread-1] INFO  server.RaftServerConfigKeys (ConfUtils.java:logGet(44)) - raft.server.log.statemachine.data.sync.timeout.retry = -1 (default)
2021-09-05 01:39:02,521 [pool-521-thread-1] INFO  server.RaftServerConfigKeys (ConfUtils.java:logGet(44)) - raft.server.log.write.buffer.size = 1048576 (custom)
2021-09-05 01:39:02,522 [EventQueue-PipelineReportForPipelineReportHandler] INFO  pipeline.PipelineManagerImpl (PipelineManagerImpl.java:openPipeline(282)) - Pipeline Pipeline[ Id: b5503130-8cd7-47db-995f-19cec8da33b6, Nodes: cff69f77-ea12-413c-a988-d2a44a5ca406{ip: 10.1.0.25, host: fv-az270-420.tacnzluakwdehk1hpragurqkma.bx.internal.cloudapp.net, ports: [REPLICATION=40651, RATIS=34387, RATIS_ADMIN=34387, RATIS_SERVER=34387, STANDALONE=34759], networkLocation: /default-rack, certSerialId: null, persistedOpState: IN_SERVICE, persistedOpStateExpiryEpochSec: 0}, ReplicationConfig: RATIS/ONE, State:ALLOCATED, leaderId:cff69f77-ea12-413c-a988-d2a44a5ca406, CreationTimestamp2021-09-05T01:38:59.540Z[Etc/UTC]] moved to OPEN state
2021-09-05 01:39:02,541 [pool-521-thread-1] INFO  server.RaftServerConfigKeys (ConfUtils.java:logGet(44)) - raft.server.log.statemachine.data.caching.enabled = true (custom)
2021-09-05 01:39:02,557 [EventQueue-OpenPipelineForHealthyPipelineSafeModeRule] INFO  safemode.SCMSafeModeManager (HealthyPipelineSafeModeRule.java:process(124)) - SCM in safe mode. Healthy pipelines reported count is 0, required healthy pipeline reported count is 1
2021-09-05 01:39:02,565 [pool-521-thread-1] INFO  segmented.SegmentedRaftLogWorker (SegmentedRaftLogWorker.java:lambda$new$0(133)) - cff69f77-ea12-413c-a988-d2a44a5ca406@group-19CEC8DA33B6-SegmentedRaftLogWorker: flushIndex: setUnconditionally 0 -> -1
2021-09-05 01:39:02,565 [pool-521-thread-1] INFO  segmented.SegmentedRaftLogWorker (SegmentedRaftLogWorker.java:lambda$new$0(133)) - cff69f77-ea12-413c-a988-d2a44a5ca406@group-19CEC8DA33B6-SegmentedRaftLogWorker: safeCacheEvictIndex: setUnconditionally 0 -> -1
2021-09-05 01:39:02,567 [pool-521-thread-1] INFO  server.RaftServerConfigKeys (ConfUtils.java:logGet(44)) - raft.server.snapshot.auto.trigger.enabled = true (custom)
2021-09-05 01:39:02,567 [pool-521-thread-1] INFO  server.RaftServerConfigKeys (ConfUtils.java:logGet(44)) - raft.server.snapshot.auto.trigger.threshold = 10000 (custom)
2021-09-05 01:39:02,567 [pool-521-thread-1] INFO  server.RaftServerConfigKeys (ConfUtils.java:logGet(44)) - raft.server.snapshot.retention.file.num = 5 (custom)
2021-09-05 01:39:02,568 [pool-521-thread-1] INFO  server.RaftServerConfigKeys (ConfUtils.java:logGet(44)) - raft.server.log.purge.upto.snapshot.index = false (default)
2021-09-05 01:39:02,568 [pool-521-thread-1] INFO  server.RaftServerConfigKeys (ConfUtils.java:logGet(44)) - raft.server.retrycache.expirytime = 600000ms (custom)
2021-09-05 01:39:02,568 [pool-521-thread-1] INFO  server.RaftServerConfigKeys (ConfUtils.java:logGet(44)) - raft.server.retrycache.statistics.expirytime = 100μs (default)
2021-09-05 01:39:02,570 [pool-521-thread-1] INFO  server.RaftServer$Division (RaftServerImpl.java:start(296)) - cff69f77-ea12-413c-a988-d2a44a5ca406@group-19CEC8DA33B6: start as a follower, conf=-1: [cff69f77-ea12-413c-a988-d2a44a5ca406|rpc:10.1.0.25:34387|priority:1], old=null
2021-09-05 01:39:02,570 [pool-521-thread-1] INFO  server.RaftServer$Division (RaftServerImpl.java:setRole(285)) - cff69f77-ea12-413c-a988-d2a44a5ca406@group-19CEC8DA33B6: changes role from      null to FOLLOWER at term 0 for startAsFollower
2021-09-05 01:39:02,570 [pool-521-thread-1] INFO  impl.RoleInfo (RoleInfo.java:updateAndGet(130)) - cff69f77-ea12-413c-a988-d2a44a5ca406: start cff69f77-ea12-413c-a988-d2a44a5ca406@group-19CEC8DA33B6-FollowerState
2021-09-05 01:39:02,590 [pool-521-thread-1] INFO  util.JmxRegister (JmxRegister.java:tryRegister(44)) - Successfully registered JMX Bean with object name Ratis:service=RaftServer,group=group-19CEC8DA33B6,id=cff69f77-ea12-413c-a988-d2a44a5ca406
2021-09-05 01:39:02,592 [Command processor thread] INFO  ratis.XceiverServerRatis (XceiverServerRatis.java:addGroup(763)) - Created group PipelineID=b5503130-8cd7-47db-995f-19cec8da33b6
2021-09-05 01:39:02,592 [Command processor thread] INFO  commandhandler.CreatePipelineCommandHandler (CreatePipelineCommandHandler.java:handle(106)) - Created Pipeline RATIS ONE PipelineID=b5503130-8cd7-47db-995f-19cec8da33b6.
2021-09-05 01:39:02,592 [Command processor thread] INFO  server.RaftServer (RaftServerProxy.java:addNew(95)) - cff69f77-ea12-413c-a988-d2a44a5ca406: addNew group-C6B97DF9FEBA:[fdb9e53e-0679-45da-9a61-20e122f839df|rpc:10.1.0.25:40867|priority:0, cff69f77-ea12-413c-a988-d2a44a5ca406|rpc:10.1.0.25:34387|priority:0, be41d154-e08a-4361-999c-a2746058d00f|rpc:10.1.0.25:33043|priority:1] returns group-C6B97DF9FEBA:java.util.concurrent.CompletableFuture@35873279[Not completed]
2021-09-05 01:39:02,593 [pool-521-thread-1] INFO  server.RaftServer$Division (RaftServerImpl.java:<init>(181)) - cff69f77-ea12-413c-a988-d2a44a5ca406: new RaftServerImpl for group-C6B97DF9FEBA:[fdb9e53e-0679-45da-9a61-20e122f839df|rpc:10.1.0.25:40867|priority:0, cff69f77-ea12-413c-a988-d2a44a5ca406|rpc:10.1.0.25:34387|priority:0, be41d154-e08a-4361-999c-a2746058d00f|rpc:10.1.0.25:33043|priority:1] with ContainerStateMachine:uninitialized
2021-09-05 01:39:02,593 [pool-521-thread-1] INFO  server.RaftServerConfigKeys (ConfUtils.java:logGet(44)) - raft.server.rpc.timeout.min = 5s (custom)
2021-09-05 01:39:02,593 [pool-521-thread-1] INFO  server.RaftServerConfigKeys (ConfUtils.java:logGet(44)) - raft.server.rpc.timeout.max = 5200ms (custom)
2021-09-05 01:39:02,593 [pool-521-thread-1] INFO  server.RaftServerConfigKeys (ConfUtils.java:logGet(44)) - raft.server.rpc.sleep.time = 25ms (default)
2021-09-05 01:39:02,593 [pool-521-thread-1] INFO  server.RaftServerConfigKeys (ConfUtils.java:logGet(44)) - raft.server.rpc.slowness.timeout = 300000ms (custom)
2021-09-05 01:39:02,593 [pool-521-thread-1] INFO  server.RaftServerConfigKeys (ConfUtils.java:logGet(44)) - raft.server.leaderelection.leader.step-down.wait-time = 10s (default)
2021-09-05 01:39:02,593 [pool-521-thread-1] INFO  server.RaftServerConfigKeys (ConfUtils.java:logGet(44)) - raft.server.sleep.deviation.threshold = 300ms (default)
2021-09-05 01:39:02,593 [pool-521-thread-1] INFO  server.RaftServerConfigKeys (ConfUtils.java:logGet(44)) - raft.server.log.appender.install.snapshot.enabled = false (custom)
2021-09-05 01:39:02,594 [pool-521-thread-1] INFO  server.RaftServer$Division (ServerState.java:<init>(105)) - cff69f77-ea12-413c-a988-d2a44a5ca406@group-C6B97DF9FEBA: ConfigurationManager, init=-1: [fdb9e53e-0679-45da-9a61-20e122f839df|rpc:10.1.0.25:40867|priority:0, cff69f77-ea12-413c-a988-d2a44a5ca406|rpc:10.1.0.25:34387|priority:0, be41d154-e08a-4361-999c-a2746058d00f|rpc:10.1.0.25:33043|priority:1], old=null, confs=<EMPTY_MAP>
2021-09-05 01:39:02,594 [pool-521-thread-1] INFO  server.RaftServerConfigKeys (ConfUtils.java:logGet(44)) - raft.server.storage.dir = [/home/runner/work/ozone/ozone/hadoop-ozone/integration-test/target/test-dir/MiniOzoneClusterImpl-37340386-36af-4fa8-9723-b8f583b28ff6/datanode-0/data/ratis] (custom)
2021-09-05 01:39:02,594 [pool-521-thread-1] INFO  server.RaftServerConfigKeys (ConfUtils.java:logGet(44)) - raft.server.log.corruption.policy = EXCEPTION (default)
2021-09-05 01:39:02,594 [pool-521-thread-1] INFO  server.RaftServerConfigKeys (ConfUtils.java:logGet(44)) - raft.server.storage.free-space.min = 0MB (=0) (default)
2021-09-05 01:39:02,594 [pool-521-thread-1] INFO  storage.RaftStorageDirectory (RaftStorageDirectoryImpl.java:analyzeStorage(135)) - The storage directory /home/runner/work/ozone/ozone/hadoop-ozone/integration-test/target/test-dir/MiniOzoneClusterImpl-37340386-36af-4fa8-9723-b8f583b28ff6/datanode-0/data/ratis/61f36f49-61fb-4aab-819c-c6b97df9feba does not exist. Creating ...
2021-09-05 01:39:02,601 [pool-521-thread-1] INFO  storage.RaftStorageDirectory (RaftStorageDirectoryImpl.java:tryLock(230)) - Lock on /home/runner/work/ozone/ozone/hadoop-ozone/integration-test/target/test-dir/MiniOzoneClusterImpl-37340386-36af-4fa8-9723-b8f583b28ff6/datanode-0/data/ratis/61f36f49-61fb-4aab-819c-c6b97df9feba/in_use.lock acquired by nodename 19671@fv-az270-420
2021-09-05 01:39:02,621 [pool-521-thread-1] INFO  storage.RaftStorage (RaftStorageImpl.java:format(89)) - Storage directory /home/runner/work/ozone/ozone/hadoop-ozone/integration-test/target/test-dir/MiniOzoneClusterImpl-37340386-36af-4fa8-9723-b8f583b28ff6/datanode-0/data/ratis/61f36f49-61fb-4aab-819c-c6b97df9feba has been successfully formatted.
2021-09-05 01:39:02,621 [pool-521-thread-1] INFO  ratis.ContainerStateMachine (ContainerStateMachine.java:loadSnapshot(224)) - group-C6B97DF9FEBA: The snapshot info is null. Setting the last applied indexto:(t:0, i:~)
2021-09-05 01:39:02,625 [pool-521-thread-1] INFO  server.RaftServerConfigKeys (ConfUtils.java:logGet(44)) - raft.server.notification.no-leader.timeout = 300000ms (custom)
2021-09-05 01:39:02,625 [pool-521-thread-1] INFO  server.RaftServerConfigKeys (ConfUtils.java:logGet(44)) - raft.server.log.use.memory = false (default)
2021-09-05 01:39:02,625 [pool-521-thread-1] INFO  server.RaftServerConfigKeys (ConfUtils.java:logGet(44)) - raft.server.log.purge.gap = 1000000 (custom)
2021-09-05 01:39:02,625 [pool-521-thread-1] INFO  server.RaftServerConfigKeys (ConfUtils.java:logGet(44)) - raft.server.log.appender.buffer.byte-limit = 33554432 (custom)
2021-09-05 01:39:02,626 [pool-521-thread-1] INFO  server.RaftServerConfigKeys (ConfUtils.java:logGet(44)) - raft.server.log.segment.size.max = 1048576 (custom)
2021-09-05 01:39:02,626 [pool-521-thread-1] INFO  server.RaftServerConfigKeys (ConfUtils.java:logGet(44)) - raft.server.log.segment.cache.num.max = 2 (custom)
2021-09-05 01:39:02,626 [pool-521-thread-1] INFO  server.RaftServerConfigKeys (ConfUtils.java:logGet(44)) - raft.server.log.segment.cache.size.max = 200MB (=209715200) (default)
2021-09-05 01:39:02,626 [pool-521-thread-1] INFO  segmented.SegmentedRaftLogWorker (SegmentedRaftLogWorker.java:<init>(182)) - new cff69f77-ea12-413c-a988-d2a44a5ca406@group-C6B97DF9FEBA-SegmentedRaftLogWorker for RaftStorageImpl:Storage Directory /home/runner/work/ozone/ozone/hadoop-ozone/integration-test/target/test-dir/MiniOzoneClusterImpl-37340386-36af-4fa8-9723-b8f583b28ff6/datanode-0/data/ratis/61f36f49-61fb-4aab-819c-c6b97df9feba
2021-09-05 01:39:02,626 [pool-521-thread-1] INFO  server.RaftServerConfigKeys (ConfUtils.java:logGet(44)) - raft.server.log.queue.byte-limit = 2147483647 (custom)
2021-09-05 01:39:02,626 [pool-521-thread-1] INFO  server.RaftServerConfigKeys (ConfUtils.java:logGet(44)) - raft.server.log.queue.element-limit = 1024 (custom)
2021-09-05 01:39:02,626 [pool-521-thread-1] INFO  server.RaftServerConfigKeys (ConfUtils.java:logGet(44)) - raft.server.log.segment.size.max = 1048576 (custom)
2021-09-05 01:39:02,626 [pool-521-thread-1] INFO  server.RaftServerConfigKeys (ConfUtils.java:logGet(44)) - raft.server.log.preallocated.size = 16384 (custom)
2021-09-05 01:39:02,626 [pool-521-thread-1] INFO  server.RaftServerConfigKeys (ConfUtils.java:logGet(44)) - raft.server.log.force.sync.num = 128 (default)
2021-09-05 01:39:02,626 [pool-521-thread-1] INFO  server.RaftServerConfigKeys (ConfUtils.java:logGet(44)) - raft.server.log.statemachine.data.sync = true (default)
2021-09-05 01:39:02,626 [pool-521-thread-1] INFO  server.RaftServerConfigKeys (ConfUtils.java:logGet(44)) - raft.server.log.statemachine.data.sync.timeout = 10s (default)
2021-09-05 01:39:02,626 [pool-521-thread-1] INFO  server.RaftServerConfigKeys (ConfUtils.java:logGet(44)) - raft.server.log.statemachine.data.sync.timeout.retry = -1 (default)
2021-09-05 01:39:02,628 [pool-521-thread-1] INFO  server.RaftServerConfigKeys (ConfUtils.java:logGet(44)) - raft.server.log.write.buffer.size = 1048576 (custom)
2021-09-05 01:39:02,628 [pool-521-thread-1] INFO  server.RaftServerConfigKeys (ConfUtils.java:logGet(44)) - raft.server.log.statemachine.data.caching.enabled = true (custom)
2021-09-05 01:39:02,628 [pool-521-thread-1] INFO  segmented.SegmentedRaftLogWorker (SegmentedRaftLogWorker.java:lambda$new$0(133)) - cff69f77-ea12-413c-a988-d2a44a5ca406@group-C6B97DF9FEBA-SegmentedRaftLogWorker: flushIndex: setUnconditionally 0 -> -1
2021-09-05 01:39:02,628 [pool-521-thread-1] INFO  segmented.SegmentedRaftLogWorker (SegmentedRaftLogWorker.java:lambda$new$0(133)) - cff69f77-ea12-413c-a988-d2a44a5ca406@group-C6B97DF9FEBA-SegmentedRaftLogWorker: safeCacheEvictIndex: setUnconditionally 0 -> -1
2021-09-05 01:39:02,621 [Datanode State Machine Thread - 0] WARN  statemachine.StateContext (StateContext.java:execute(621)) - No available thread in pool for past 1 seconds.
2021-09-05 01:39:02,661 [pool-521-thread-1] INFO  server.RaftServerConfigKeys (ConfUtils.java:logGet(44)) - raft.server.snapshot.auto.trigger.enabled = true (custom)
2021-09-05 01:39:02,661 [pool-521-thread-1] INFO  server.RaftServerConfigKeys (ConfUtils.java:logGet(44)) - raft.server.snapshot.auto.trigger.threshold = 10000 (custom)
2021-09-05 01:39:02,661 [pool-521-thread-1] INFO  server.RaftServerConfigKeys (ConfUtils.java:logGet(44)) - raft.server.snapshot.retention.file.num = 5 (custom)
2021-09-05 01:39:02,661 [pool-521-thread-1] INFO  server.RaftServerConfigKeys (ConfUtils.java:logGet(44)) - raft.server.log.purge.upto.snapshot.index = false (default)
2021-09-05 01:39:02,661 [pool-521-thread-1] INFO  server.RaftServerConfigKeys (ConfUtils.java:logGet(44)) - raft.server.retrycache.expirytime = 600000ms (custom)
2021-09-05 01:39:02,661 [pool-521-thread-1] INFO  server.RaftServerConfigKeys (ConfUtils.java:logGet(44)) - raft.server.retrycache.statistics.expirytime = 100μs (default)
2021-09-05 01:39:02,663 [pool-521-thread-1] INFO  server.RaftServer$Division (RaftServerImpl.java:start(296)) - cff69f77-ea12-413c-a988-d2a44a5ca406@group-C6B97DF9FEBA: start as a follower, conf=-1: [fdb9e53e-0679-45da-9a61-20e122f839df|rpc:10.1.0.25:40867|priority:0, cff69f77-ea12-413c-a988-d2a44a5ca406|rpc:10.1.0.25:34387|priority:0, be41d154-e08a-4361-999c-a2746058d00f|rpc:10.1.0.25:33043|priority:1], old=null
2021-09-05 01:39:02,663 [pool-521-thread-1] INFO  server.RaftServer$Division (RaftServerImpl.java:setRole(285)) - cff69f77-ea12-413c-a988-d2a44a5ca406@group-C6B97DF9FEBA: changes role from      null to FOLLOWER at term 0 for startAsFollower
2021-09-05 01:39:02,663 [pool-521-thread-1] INFO  impl.RoleInfo (RoleInfo.java:updateAndGet(130)) - cff69f77-ea12-413c-a988-d2a44a5ca406: start cff69f77-ea12-413c-a988-d2a44a5ca406@group-C6B97DF9FEBA-FollowerState
2021-09-05 01:39:02,663 [EventQueue-OpenPipelineForHealthyPipelineSafeModeRule] INFO  safemode.SCMSafeModeManager (HealthyPipelineSafeModeRule.java:process(124)) - SCM in safe mode. Healthy pipelines reported count is 0, required healthy pipeline reported count is 1
2021-09-05 01:39:02,673 [pool-521-thread-1] INFO  util.JmxRegister (JmxRegister.java:tryRegister(44)) - Successfully registered JMX Bean with object name Ratis:service=RaftServer,group=group-C6B97DF9FEBA,id=cff69f77-ea12-413c-a988-d2a44a5ca406
2021-09-05 01:39:02,677 [Command processor thread] INFO  ratis.XceiverServerRatis (XceiverServerRatis.java:addGroup(763)) - Created group PipelineID=61f36f49-61fb-4aab-819c-c6b97df9feba
2021-09-05 01:39:02,728 [grpc-default-executor-3] INFO  server.RaftServer (RaftServerProxy.java:addNew(95)) - fdb9e53e-0679-45da-9a61-20e122f839df: addNew group-C6B97DF9FEBA:[fdb9e53e-0679-45da-9a61-20e122f839df|rpc:10.1.0.25:40867|dataStream:|priority:0, cff69f77-ea12-413c-a988-d2a44a5ca406|rpc:10.1.0.25:34387|dataStream:|priority:0, be41d154-e08a-4361-999c-a2746058d00f|rpc:10.1.0.25:33043|dataStream:|priority:1] returns group-C6B97DF9FEBA:java.util.concurrent.CompletableFuture@d1b6b68[Not completed]
2021-09-05 01:39:02,741 [pool-540-thread-1] INFO  server.RaftServer$Division (RaftServerImpl.java:<init>(181)) - fdb9e53e-0679-45da-9a61-20e122f839df: new RaftServerImpl for group-C6B97DF9FEBA:[fdb9e53e-0679-45da-9a61-20e122f839df|rpc:10.1.0.25:40867|dataStream:|priority:0, cff69f77-ea12-413c-a988-d2a44a5ca406|rpc:10.1.0.25:34387|dataStream:|priority:0, be41d154-e08a-4361-999c-a2746058d00f|rpc:10.1.0.25:33043|dataStream:|priority:1] with ContainerStateMachine:uninitialized
2021-09-05 01:39:02,742 [pool-540-thread-1] INFO  server.RaftServerConfigKeys (ConfUtils.java:logGet(44)) - raft.server.rpc.timeout.min = 5s (custom)
2021-09-05 01:39:02,742 [pool-540-thread-1] INFO  server.RaftServerConfigKeys (ConfUtils.java:logGet(44)) - raft.server.rpc.timeout.max = 5200ms (custom)
2021-09-05 01:39:02,742 [pool-540-thread-1] INFO  server.RaftServerConfigKeys (ConfUtils.java:logGet(44)) - raft.server.rpc.sleep.time = 25ms (default)
2021-09-05 01:39:02,742 [pool-540-thread-1] INFO  server.RaftServerConfigKeys (ConfUtils.java:logGet(44)) - raft.server.rpc.slowness.timeout = 300000ms (custom)
2021-09-05 01:39:02,742 [pool-540-thread-1] INFO  server.RaftServerConfigKeys (ConfUtils.java:logGet(44)) - raft.server.leaderelection.leader.step-down.wait-time = 10s (default)
2021-09-05 01:39:02,742 [pool-540-thread-1] INFO  server.RaftServerConfigKeys (ConfUtils.java:logGet(44)) - raft.server.sleep.deviation.threshold = 300ms (default)
2021-09-05 01:39:02,743 [pool-540-thread-1] INFO  server.RaftServerConfigKeys (ConfUtils.java:logGet(44)) - raft.server.log.appender.install.snapshot.enabled = false (custom)
2021-09-05 01:39:02,743 [pool-540-thread-1] INFO  server.RaftServer$Division (ServerState.java:<init>(105)) - fdb9e53e-0679-45da-9a61-20e122f839df@group-C6B97DF9FEBA: ConfigurationManager, init=-1: [fdb9e53e-0679-45da-9a61-20e122f839df|rpc:10.1.0.25:40867|dataStream:|priority:0, cff69f77-ea12-413c-a988-d2a44a5ca406|rpc:10.1.0.25:34387|dataStream:|priority:0, be41d154-e08a-4361-999c-a2746058d00f|rpc:10.1.0.25:33043|dataStream:|priority:1], old=null, confs=<EMPTY_MAP>
2021-09-05 01:39:02,744 [pool-540-thread-1] INFO  server.RaftServerConfigKeys (ConfUtils.java:logGet(44)) - raft.server.storage.dir = [/home/runner/work/ozone/ozone/hadoop-ozone/integration-test/target/test-dir/MiniOzoneClusterImpl-37340386-36af-4fa8-9723-b8f583b28ff6/datanode-1/data/ratis] (custom)
2021-09-05 01:39:02,744 [pool-540-thread-1] INFO  server.RaftServerConfigKeys (ConfUtils.java:logGet(44)) - raft.server.log.corruption.policy = EXCEPTION (default)
2021-09-05 01:39:02,744 [pool-540-thread-1] INFO  server.RaftServerConfigKeys (ConfUtils.java:logGet(44)) - raft.server.storage.free-space.min = 0MB (=0) (default)
2021-09-05 01:39:02,744 [pool-540-thread-1] INFO  storage.RaftStorageDirectory (RaftStorageDirectoryImpl.java:analyzeStorage(135)) - The storage directory /home/runner/work/ozone/ozone/hadoop-ozone/integration-test/target/test-dir/MiniOzoneClusterImpl-37340386-36af-4fa8-9723-b8f583b28ff6/datanode-1/data/ratis/61f36f49-61fb-4aab-819c-c6b97df9feba does not exist. Creating ...
2021-09-05 01:39:02,753 [pool-540-thread-1] INFO  storage.RaftStorageDirectory (RaftStorageDirectoryImpl.java:tryLock(230)) - Lock on /home/runner/work/ozone/ozone/hadoop-ozone/integration-test/target/test-dir/MiniOzoneClusterImpl-37340386-36af-4fa8-9723-b8f583b28ff6/datanode-1/data/ratis/61f36f49-61fb-4aab-819c-c6b97df9feba/in_use.lock acquired by nodename 19671@fv-az270-420
2021-09-05 01:39:02,779 [IPC Server handler 8 on default port 40229] INFO  net.NetworkTopologyImpl (NetworkTopologyImpl.java:add(112)) - Added a new node: /default-rack/aa0f76fc-0af9-4fba-891f-e6382fa98fe4
2021-09-05 01:39:02,779 [IPC Server handler 8 on default port 40229] INFO  node.SCMNodeManager (SCMNodeManager.java:register(390)) - Registered Data node : aa0f76fc-0af9-4fba-891f-e6382fa98fe4{ip: 10.1.0.25, host: fv-az270-420.tacnzluakwdehk1hpragurqkma.bx.internal.cloudapp.net, ports: [REPLICATION=42149, RATIS=36313, RATIS_ADMIN=36313, RATIS_SERVER=36313, STANDALONE=35265], networkLocation: /default-rack, certSerialId: null, persistedOpState: null, persistedOpStateExpiryEpochSec: 0}
2021-09-05 01:39:02,779 [EventQueue-NewNodeForNewNodeHandler] INFO  pipeline.BackgroundPipelineCreator (BackgroundPipelineCreatorV2.java:notifyEventTriggered(285)) - trigger a one-shot run on RatisPipelineUtilsThread.
2021-09-05 01:39:02,786 [RatisPipelineUtilsThread - 0] INFO  pipeline.RatisPipelineProvider (RatisPipelineProvider.java:lambda$create$0(183)) - Sending CreatePipelineCommand for pipeline:PipelineID=61f3a5e3-7b62-4327-9fa1-8615e5d5f589 to datanode:aa0f76fc-0af9-4fba-891f-e6382fa98fe4
2021-09-05 01:39:02,787 [RatisPipelineUtilsThread - 0] INFO  pipeline.PipelineStateManager (PipelineStateManagerV2Impl.java:addPipeline(101)) - Created pipeline Pipeline[ Id: 61f3a5e3-7b62-4327-9fa1-8615e5d5f589, Nodes: aa0f76fc-0af9-4fba-891f-e6382fa98fe4{ip: 10.1.0.25, host: fv-az270-420.tacnzluakwdehk1hpragurqkma.bx.internal.cloudapp.net, ports: [REPLICATION=42149, RATIS=36313, RATIS_ADMIN=36313, RATIS_SERVER=36313, STANDALONE=35265], networkLocation: /default-rack, certSerialId: null, persistedOpState: IN_SERVICE, persistedOpStateExpiryEpochSec: 0}, ReplicationConfig: RATIS/ONE, State:ALLOCATED, leaderId:, CreationTimestamp2021-09-05T01:39:02.786Z[Etc/UTC]].
2021-09-05 01:39:02,787 [RatisPipelineUtilsThread - 0] INFO  pipeline.RatisPipelineProvider (RatisPipelineProvider.java:lambda$create$0(183)) - Sending CreatePipelineCommand for pipeline:PipelineID=63a4ac22-0943-49cd-a4b6-9820ecca99ed to datanode:a394a97c-7848-4311-a24c-186851f6b492
2021-09-05 01:39:02,787 [RatisPipelineUtilsThread - 0] INFO  pipeline.RatisPipelineProvider (RatisPipelineProvider.java:lambda$create$0(183)) - Sending CreatePipelineCommand for pipeline:PipelineID=63a4ac22-0943-49cd-a4b6-9820ecca99ed to datanode:aa0f76fc-0af9-4fba-891f-e6382fa98fe4
2021-09-05 01:39:02,787 [RatisPipelineUtilsThread - 0] INFO  pipeline.RatisPipelineProvider (RatisPipelineProvider.java:lambda$create$0(183)) - Sending CreatePipelineCommand for pipeline:PipelineID=63a4ac22-0943-49cd-a4b6-9820ecca99ed to datanode:455161ce-78be-4281-bc2a-a50d1cad5e43
2021-09-05 01:39:02,788 [RatisPipelineUtilsThread - 0] INFO  pipeline.PipelineStateManager (PipelineStateManagerV2Impl.java:addPipeline(101)) - Created pipeline Pipeline[ Id: 63a4ac22-0943-49cd-a4b6-9820ecca99ed, Nodes: a394a97c-7848-4311-a24c-186851f6b492{ip: 10.1.0.25, host: fv-az270-420.tacnzluakwdehk1hpragurqkma.bx.internal.cloudapp.net, ports: [REPLICATION=37403, RATIS=38701, RATIS_ADMIN=38701, RATIS_SERVER=38701, STANDALONE=35691], networkLocation: /default-rack, certSerialId: null, persistedOpState: IN_SERVICE, persistedOpStateExpiryEpochSec: 0}aa0f76fc-0af9-4fba-891f-e6382fa98fe4{ip: 10.1.0.25, host: fv-az270-420.tacnzluakwdehk1hpragurqkma.bx.internal.cloudapp.net, ports: [REPLICATION=42149, RATIS=36313, RATIS_ADMIN=36313, RATIS_SERVER=36313, STANDALONE=35265], networkLocation: /default-rack, certSerialId: null, persistedOpState: IN_SERVICE, persistedOpStateExpiryEpochSec: 0}455161ce-78be-4281-bc2a-a50d1cad5e43{ip: 10.1.0.25, host: fv-az270-420.tacnzluakwdehk1hpragurqkma.bx.internal.cloudapp.net, ports: [REPLICATION=38759, RATIS=40081, RATIS_ADMIN=40081, RATIS_SERVER=40081, STANDALONE=42933], networkLocation: /default-rack, certSerialId: null, persistedOpState: IN_SERVICE, persistedOpStateExpiryEpochSec: 0}, ReplicationConfig: RATIS/THREE, State:ALLOCATED, leaderId:, CreationTimestamp2021-09-05T01:39:02.787Z[Etc/UTC]].
2021-09-05 01:39:02,788 [RatisPipelineUtilsThread - 0] INFO  pipeline.RatisPipelineProvider (RatisPipelineProvider.java:lambda$create$0(183)) - Sending CreatePipelineCommand for pipeline:PipelineID=c580985d-0fc5-40f2-b5c7-1c1c96e5b142 to datanode:aa0f76fc-0af9-4fba-891f-e6382fa98fe4
2021-09-05 01:39:02,788 [RatisPipelineUtilsThread - 0] INFO  pipeline.RatisPipelineProvider (RatisPipelineProvider.java:lambda$create$0(183)) - Sending CreatePipelineCommand for pipeline:PipelineID=c580985d-0fc5-40f2-b5c7-1c1c96e5b142 to datanode:a394a97c-7848-4311-a24c-186851f6b492
2021-09-05 01:39:02,788 [RatisPipelineUtilsThread - 0] INFO  pipeline.RatisPipelineProvider (RatisPipelineProvider.java:lambda$create$0(183)) - Sending CreatePipelineCommand for pipeline:PipelineID=c580985d-0fc5-40f2-b5c7-1c1c96e5b142 to datanode:455161ce-78be-4281-bc2a-a50d1cad5e43
2021-09-05 01:39:02,788 [RatisPipelineUtilsThread - 0] INFO  pipeline.PipelineStateManager (PipelineStateManagerV2Impl.java:addPipeline(101)) - Created pipeline Pipeline[ Id: c580985d-0fc5-40f2-b5c7-1c1c96e5b142, Nodes: aa0f76fc-0af9-4fba-891f-e6382fa98fe4{ip: 10.1.0.25, host: fv-az270-420.tacnzluakwdehk1hpragurqkma.bx.internal.cloudapp.net, ports: [REPLICATION=42149, RATIS=36313, RATIS_ADMIN=36313, RATIS_SERVER=36313, STANDALONE=35265], networkLocation: /default-rack, certSerialId: null, persistedOpState: IN_SERVICE, persistedOpStateExpiryEpochSec: 0}a394a97c-7848-4311-a24c-186851f6b492{ip: 10.1.0.25, host: fv-az270-420.tacnzluakwdehk1hpragurqkma.bx.internal.cloudapp.net, ports: [REPLICATION=37403, RATIS=38701, RATIS_ADMIN=38701, RATIS_SERVER=38701, STANDALONE=35691], networkLocation: /default-rack, certSerialId: null, persistedOpState: IN_SERVICE, persistedOpStateExpiryEpochSec: 0}455161ce-78be-4281-bc2a-a50d1cad5e43{ip: 10.1.0.25, host: fv-az270-420.tacnzluakwdehk1hpragurqkma.bx.internal.cloudapp.net, ports: [REPLICATION=38759, RATIS=40081, RATIS_ADMIN=40081, RATIS_SERVER=40081, STANDALONE=42933], networkLocation: /default-rack, certSerialId: null, persistedOpState: IN_SERVICE, persistedOpStateExpiryEpochSec: 0}, ReplicationConfig: RATIS/THREE, State:ALLOCATED, leaderId:, CreationTimestamp2021-09-05T01:39:02.788Z[Etc/UTC]].
2021-09-05 01:39:02,789 [RatisPipelineUtilsThread - 0] INFO  pipeline.PipelineManagerImpl (PipelineManagerImpl.java:recordMetricsForPipeline(613)) - Pipeline: PipelineID=c580985d-0fc5-40f2-b5c7-1c1c96e5b142 contains same datanodes as previous pipelines: PipelineID=63a4ac22-0943-49cd-a4b6-9820ecca99ed nodeIds: aa0f76fc-0af9-4fba-891f-e6382fa98fe4, a394a97c-7848-4311-a24c-186851f6b492, 455161ce-78be-4281-bc2a-a50d1cad5e43
2021-09-05 01:39:02,789 [RatisPipelineUtilsThread - 0] INFO  pipeline.RatisPipelineProvider (RatisPipelineProvider.java:lambda$create$0(183)) - Sending CreatePipelineCommand for pipeline:PipelineID=0c96f688-2ee1-4e37-806d-8de473e54637 to datanode:a394a97c-7848-4311-a24c-186851f6b492
2021-09-05 01:39:02,789 [RatisPipelineUtilsThread - 0] INFO  pipeline.RatisPipelineProvider (RatisPipelineProvider.java:lambda$create$0(183)) - Sending CreatePipelineCommand for pipeline:PipelineID=0c96f688-2ee1-4e37-806d-8de473e54637 to datanode:aa0f76fc-0af9-4fba-891f-e6382fa98fe4
2021-09-05 01:39:02,789 [RatisPipelineUtilsThread - 0] INFO  pipeline.RatisPipelineProvider (RatisPipelineProvider.java:lambda$create$0(183)) - Sending CreatePipelineCommand for pipeline:PipelineID=0c96f688-2ee1-4e37-806d-8de473e54637 to datanode:455161ce-78be-4281-bc2a-a50d1cad5e43
2021-09-05 01:39:02,793 [RatisPipelineUtilsThread - 0] INFO  pipeline.PipelineStateManager (PipelineStateManagerV2Impl.java:addPipeline(101)) - Created pipeline Pipeline[ Id: 0c96f688-2ee1-4e37-806d-8de473e54637, Nodes: a394a97c-7848-4311-a24c-186851f6b492{ip: 10.1.0.25, host: fv-az270-420.tacnzluakwdehk1hpragurqkma.bx.internal.cloudapp.net, ports: [REPLICATION=37403, RATIS=38701, RATIS_ADMIN=38701, RATIS_SERVER=38701, STANDALONE=35691], networkLocation: /default-rack, certSerialId: null, persistedOpState: IN_SERVICE, persistedOpStateExpiryEpochSec: 0}aa0f76fc-0af9-4fba-891f-e6382fa98fe4{ip: 10.1.0.25, host: fv-az270-420.tacnzluakwdehk1hpragurqkma.bx.internal.cloudapp.net, ports: [REPLICATION=42149, RATIS=36313, RATIS_ADMIN=36313, RATIS_SERVER=36313, STANDALONE=35265], networkLocation: /default-rack, certSerialId: null, persistedOpState: IN_SERVICE, persistedOpStateExpiryEpochSec: 0}455161ce-78be-4281-bc2a-a50d1cad5e43{ip: 10.1.0.25, host: fv-az270-420.tacnzluakwdehk1hpragurqkma.bx.internal.cloudapp.net, ports: [REPLICATION=38759, RATIS=40081, RATIS_ADMIN=40081, RATIS_SERVER=40081, STANDALONE=42933], networkLocation: /default-rack, certSerialId: null, persistedOpState: IN_SERVICE, persistedOpStateExpiryEpochSec: 0}, ReplicationConfig: RATIS/THREE, State:ALLOCATED, leaderId:, CreationTimestamp2021-09-05T01:39:02.789Z[Etc/UTC]].
2021-09-05 01:39:02,793 [RatisPipelineUtilsThread - 0] INFO  pipeline.PipelineManagerImpl (PipelineManagerImpl.java:recordMetricsForPipeline(613)) - Pipeline: PipelineID=0c96f688-2ee1-4e37-806d-8de473e54637 contains same datanodes as previous pipelines: PipelineID=c580985d-0fc5-40f2-b5c7-1c1c96e5b142 nodeIds: a394a97c-7848-4311-a24c-186851f6b492, aa0f76fc-0af9-4fba-891f-e6382fa98fe4, 455161ce-78be-4281-bc2a-a50d1cad5e43
2021-09-05 01:39:02,793 [RatisPipelineUtilsThread - 0] INFO  pipeline.PipelineManagerImpl (PipelineManagerImpl.java:recordMetricsForPipeline(613)) - Pipeline: PipelineID=0c96f688-2ee1-4e37-806d-8de473e54637 contains same datanodes as previous pipelines: PipelineID=63a4ac22-0943-49cd-a4b6-9820ecca99ed nodeIds: a394a97c-7848-4311-a24c-186851f6b492, aa0f76fc-0af9-4fba-891f-e6382fa98fe4, 455161ce-78be-4281-bc2a-a50d1cad5e43
2021-09-05 01:39:02,858 [pool-540-thread-1] INFO  storage.RaftStorage (RaftStorageImpl.java:format(89)) - Storage directory /home/runner/work/ozone/ozone/hadoop-ozone/integration-test/target/test-dir/MiniOzoneClusterImpl-37340386-36af-4fa8-9723-b8f583b28ff6/datanode-1/data/ratis/61f36f49-61fb-4aab-819c-c6b97df9feba has been successfully formatted.
2021-09-05 01:39:02,908 [pool-540-thread-1] INFO  ratis.ContainerStateMachine (ContainerStateMachine.java:loadSnapshot(224)) - group-C6B97DF9FEBA: The snapshot info is null. Setting the last applied indexto:(t:0, i:~)
2021-09-05 01:39:02,908 [Datanode State Machine Thread - 0] WARN  statemachine.StateContext (StateContext.java:execute(621)) - No available thread in pool for past 1 seconds.
2021-09-05 01:39:02,909 [pool-540-thread-1] INFO  server.RaftServerConfigKeys (ConfUtils.java:logGet(44)) - raft.server.notification.no-leader.timeout = 300000ms (custom)
2021-09-05 01:39:02,911 [pool-540-thread-1] INFO  server.RaftServerConfigKeys (ConfUtils.java:logGet(44)) - raft.server.log.use.memory = false (default)
2021-09-05 01:39:02,911 [pool-540-thread-1] INFO  server.RaftServerConfigKeys (ConfUtils.java:logGet(44)) - raft.server.log.purge.gap = 1000000 (custom)
2021-09-05 01:39:02,913 [pool-540-thread-1] INFO  server.RaftServerConfigKeys (ConfUtils.java:logGet(44)) - raft.server.log.appender.buffer.byte-limit = 33554432 (custom)
2021-09-05 01:39:02,914 [pool-540-thread-1] INFO  server.RaftServerConfigKeys (ConfUtils.java:logGet(44)) - raft.server.log.segment.size.max = 1048576 (custom)
2021-09-05 01:39:02,915 [pool-540-thread-1] INFO  server.RaftServerConfigKeys (ConfUtils.java:logGet(44)) - raft.server.log.segment.cache.num.max = 2 (custom)
2021-09-05 01:39:02,915 [pool-540-thread-1] INFO  server.RaftServerConfigKeys (ConfUtils.java:logGet(44)) - raft.server.log.segment.cache.size.max = 200MB (=209715200) (default)
2021-09-05 01:39:02,916 [pool-540-thread-1] INFO  segmented.SegmentedRaftLogWorker (SegmentedRaftLogWorker.java:<init>(182)) - new fdb9e53e-0679-45da-9a61-20e122f839df@group-C6B97DF9FEBA-SegmentedRaftLogWorker for RaftStorageImpl:Storage Directory /home/runner/work/ozone/ozone/hadoop-ozone/integration-test/target/test-dir/MiniOzoneClusterImpl-37340386-36af-4fa8-9723-b8f583b28ff6/datanode-1/data/ratis/61f36f49-61fb-4aab-819c-c6b97df9feba
2021-09-05 01:39:02,919 [pool-540-thread-1] INFO  server.RaftServerConfigKeys (ConfUtils.java:logGet(44)) - raft.server.log.queue.byte-limit = 2147483647 (custom)
2021-09-05 01:39:02,919 [pool-540-thread-1] INFO  server.RaftServerConfigKeys (ConfUtils.java:logGet(44)) - raft.server.log.queue.element-limit = 1024 (custom)
2021-09-05 01:39:02,919 [pool-540-thread-1] INFO  server.RaftServerConfigKeys (ConfUtils.java:logGet(44)) - raft.server.log.segment.size.max = 1048576 (custom)
2021-09-05 01:39:02,920 [pool-540-thread-1] INFO  server.RaftServerConfigKeys (ConfUtils.java:logGet(44)) - raft.server.log.preallocated.size = 16384 (custom)
2021-09-05 01:39:02,920 [pool-540-thread-1] INFO  server.RaftServerConfigKeys (ConfUtils.java:logGet(44)) - raft.server.log.force.sync.num = 128 (default)
2021-09-05 01:39:02,920 [pool-540-thread-1] INFO  server.RaftServerConfigKeys (ConfUtils.java:logGet(44)) - raft.server.log.statemachine.data.sync = true (default)
2021-09-05 01:39:02,920 [pool-540-thread-1] INFO  server.RaftServerConfigKeys (ConfUtils.java:logGet(44)) - raft.server.log.statemachine.data.sync.timeout = 10s (default)
2021-09-05 01:39:02,920 [pool-540-thread-1] INFO  server.RaftServerConfigKeys (ConfUtils.java:logGet(44)) - raft.server.log.statemachine.data.sync.timeout.retry = -1 (default)
2021-09-05 01:39:02,923 [pool-540-thread-1] INFO  server.RaftServerConfigKeys (ConfUtils.java:logGet(44)) - raft.server.log.write.buffer.size = 1048576 (custom)
2021-09-05 01:39:02,925 [pool-540-thread-1] INFO  server.RaftServerConfigKeys (ConfUtils.java:logGet(44)) - raft.server.log.statemachine.data.caching.enabled = true (custom)
2021-09-05 01:39:02,925 [pool-540-thread-1] INFO  segmented.SegmentedRaftLogWorker (SegmentedRaftLogWorker.java:lambda$new$0(133)) - fdb9e53e-0679-45da-9a61-20e122f839df@group-C6B97DF9FEBA-SegmentedRaftLogWorker: flushIndex: setUnconditionally 0 -> -1
2021-09-05 01:39:02,926 [pool-540-thread-1] INFO  segmented.SegmentedRaftLogWorker (SegmentedRaftLogWorker.java:lambda$new$0(133)) - fdb9e53e-0679-45da-9a61-20e122f839df@group-C6B97DF9FEBA-SegmentedRaftLogWorker: safeCacheEvictIndex: setUnconditionally 0 -> -1
2021-09-05 01:39:02,935 [pool-540-thread-1] INFO  server.RaftServerConfigKeys (ConfUtils.java:logGet(44)) - raft.server.snapshot.auto.trigger.enabled = true (custom)
2021-09-05 01:39:02,935 [pool-540-thread-1] INFO  server.RaftServerConfigKeys (ConfUtils.java:logGet(44)) - raft.server.snapshot.auto.trigger.threshold = 10000 (custom)
2021-09-05 01:39:02,935 [pool-540-thread-1] INFO  server.RaftServerConfigKeys (ConfUtils.java:logGet(44)) - raft.server.snapshot.retention.file.num = 5 (custom)
2021-09-05 01:39:02,935 [pool-540-thread-1] INFO  server.RaftServerConfigKeys (ConfUtils.java:logGet(44)) - raft.server.log.purge.upto.snapshot.index = false (default)
2021-09-05 01:39:02,935 [pool-540-thread-1] INFO  server.RaftServerConfigKeys (ConfUtils.java:logGet(44)) - raft.server.retrycache.expirytime = 600000ms (custom)
2021-09-05 01:39:02,935 [pool-540-thread-1] INFO  server.RaftServerConfigKeys (ConfUtils.java:logGet(44)) - raft.server.retrycache.statistics.expirytime = 100μs (default)
2021-09-05 01:39:02,939 [Command processor thread] INFO  server.RaftServer (RaftServerProxy.java:addNew(95)) - fdb9e53e-0679-45da-9a61-20e122f839df: addNew group-D22776684351:[fdb9e53e-0679-45da-9a61-20e122f839df|rpc:10.1.0.25:40867|priority:1] returns group-D22776684351:java.util.concurrent.CompletableFuture@5a9bd7a8[Not completed]
2021-09-05 01:39:03,060 [pool-540-thread-1] INFO  server.RaftServer$Division (RaftServerImpl.java:<init>(181)) - fdb9e53e-0679-45da-9a61-20e122f839df: new RaftServerImpl for group-D22776684351:[fdb9e53e-0679-45da-9a61-20e122f839df|rpc:10.1.0.25:40867|priority:1] with ContainerStateMachine:uninitialized
2021-09-05 01:39:03,060 [pool-540-thread-1] INFO  server.RaftServerConfigKeys (ConfUtils.java:logGet(44)) - raft.server.rpc.timeout.min = 5s (custom)
2021-09-05 01:39:03,060 [pool-540-thread-1] INFO  server.RaftServerConfigKeys (ConfUtils.java:logGet(44)) - raft.server.rpc.timeout.max = 5200ms (custom)
2021-09-05 01:39:03,060 [pool-540-thread-1] INFO  server.RaftServerConfigKeys (ConfUtils.java:logGet(44)) - raft.server.rpc.sleep.time = 25ms (default)
2021-09-05 01:39:03,060 [pool-540-thread-1] INFO  server.RaftServerConfigKeys (ConfUtils.java:logGet(44)) - raft.server.rpc.slowness.timeout = 300000ms (custom)
2021-09-05 01:39:03,060 [pool-540-thread-1] INFO  server.RaftServerConfigKeys (ConfUtils.java:logGet(44)) - raft.server.leaderelection.leader.step-down.wait-time = 10s (default)
2021-09-05 01:39:03,060 [pool-540-thread-1] INFO  server.RaftServerConfigKeys (ConfUtils.java:logGet(44)) - raft.server.sleep.deviation.threshold = 300ms (default)
2021-09-05 01:39:03,060 [pool-540-thread-1] INFO  server.RaftServerConfigKeys (ConfUtils.java:logGet(44)) - raft.server.log.appender.install.snapshot.enabled = false (custom)
2021-09-05 01:39:03,060 [pool-540-thread-1] INFO  server.RaftServer$Division (ServerState.java:<init>(105)) - fdb9e53e-0679-45da-9a61-20e122f839df@group-D22776684351: ConfigurationManager, init=-1: [fdb9e53e-0679-45da-9a61-20e122f839df|rpc:10.1.0.25:40867|priority:1], old=null, confs=<EMPTY_MAP>
2021-09-05 01:39:03,060 [pool-540-thread-1] INFO  server.RaftServerConfigKeys (ConfUtils.java:logGet(44)) - raft.server.storage.dir = [/home/runner/work/ozone/ozone/hadoop-ozone/integration-test/target/test-dir/MiniOzoneClusterImpl-37340386-36af-4fa8-9723-b8f583b28ff6/datanode-1/data/ratis] (custom)
2021-09-05 01:39:03,061 [pool-540-thread-1] INFO  server.RaftServerConfigKeys (ConfUtils.java:logGet(44)) - raft.server.log.corruption.policy = EXCEPTION (default)
2021-09-05 01:39:03,061 [pool-540-thread-1] INFO  server.RaftServerConfigKeys (ConfUtils.java:logGet(44)) - raft.server.storage.free-space.min = 0MB (=0) (default)
2021-09-05 01:39:03,061 [pool-540-thread-1] INFO  storage.RaftStorageDirectory (RaftStorageDirectoryImpl.java:analyzeStorage(135)) - The storage directory /home/runner/work/ozone/ozone/hadoop-ozone/integration-test/target/test-dir/MiniOzoneClusterImpl-37340386-36af-4fa8-9723-b8f583b28ff6/datanode-1/data/ratis/abc99c8d-4636-4361-928c-d22776684351 does not exist. Creating ...
2021-09-05 01:39:03,104 [pool-540-thread-1] INFO  storage.RaftStorageDirectory (RaftStorageDirectoryImpl.java:tryLock(230)) - Lock on /home/runner/work/ozone/ozone/hadoop-ozone/integration-test/target/test-dir/MiniOzoneClusterImpl-37340386-36af-4fa8-9723-b8f583b28ff6/datanode-1/data/ratis/abc99c8d-4636-4361-928c-d22776684351/in_use.lock acquired by nodename 19671@fv-az270-420
2021-09-05 01:39:03,105 [pool-540-thread-1] INFO  storage.RaftStorage (RaftStorageImpl.java:format(89)) - Storage directory /home/runner/work/ozone/ozone/hadoop-ozone/integration-test/target/test-dir/MiniOzoneClusterImpl-37340386-36af-4fa8-9723-b8f583b28ff6/datanode-1/data/ratis/abc99c8d-4636-4361-928c-d22776684351 has been successfully formatted.
2021-09-05 01:39:03,105 [pool-540-thread-1] INFO  ratis.ContainerStateMachine (ContainerStateMachine.java:loadSnapshot(224)) - group-D22776684351: The snapshot info is null. Setting the last applied indexto:(t:0, i:~)
2021-09-05 01:39:03,105 [pool-540-thread-1] INFO  server.RaftServerConfigKeys (ConfUtils.java:logGet(44)) - raft.server.notification.no-leader.timeout = 300000ms (custom)
2021-09-05 01:39:03,106 [pool-540-thread-1] INFO  server.RaftServerConfigKeys (ConfUtils.java:logGet(44)) - raft.server.log.use.memory = false (default)
2021-09-05 01:39:03,106 [pool-540-thread-1] INFO  server.RaftServerConfigKeys (ConfUtils.java:logGet(44)) - raft.server.log.purge.gap = 1000000 (custom)
2021-09-05 01:39:03,106 [pool-540-thread-1] INFO  server.RaftServerConfigKeys (ConfUtils.java:logGet(44)) - raft.server.log.appender.buffer.byte-limit = 33554432 (custom)
2021-09-05 01:39:03,106 [pool-540-thread-1] INFO  server.RaftServerConfigKeys (ConfUtils.java:logGet(44)) - raft.server.log.segment.size.max = 1048576 (custom)
2021-09-05 01:39:03,106 [pool-540-thread-1] INFO  server.RaftServerConfigKeys (ConfUtils.java:logGet(44)) - raft.server.log.segment.cache.num.max = 2 (custom)
2021-09-05 01:39:03,106 [pool-540-thread-1] INFO  server.RaftServerConfigKeys (ConfUtils.java:logGet(44)) - raft.server.log.segment.cache.size.max = 200MB (=209715200) (default)
2021-09-05 01:39:03,106 [pool-540-thread-1] INFO  segmented.SegmentedRaftLogWorker (SegmentedRaftLogWorker.java:<init>(182)) - new fdb9e53e-0679-45da-9a61-20e122f839df@group-D22776684351-SegmentedRaftLogWorker for RaftStorageImpl:Storage Directory /home/runner/work/ozone/ozone/hadoop-ozone/integration-test/target/test-dir/MiniOzoneClusterImpl-37340386-36af-4fa8-9723-b8f583b28ff6/datanode-1/data/ratis/abc99c8d-4636-4361-928c-d22776684351
2021-09-05 01:39:03,106 [pool-540-thread-1] INFO  server.RaftServerConfigKeys (ConfUtils.java:logGet(44)) - raft.server.log.queue.byte-limit = 2147483647 (custom)
2021-09-05 01:39:03,106 [pool-540-thread-1] INFO  server.RaftServerConfigKeys (ConfUtils.java:logGet(44)) - raft.server.log.queue.element-limit = 1024 (custom)
2021-09-05 01:39:03,107 [pool-540-thread-1] INFO  server.RaftServerConfigKeys (ConfUtils.java:logGet(44)) - raft.server.log.segment.size.max = 1048576 (custom)
2021-09-05 01:39:03,107 [pool-540-thread-1] INFO  server.RaftServerConfigKeys (ConfUtils.java:logGet(44)) - raft.server.log.preallocated.size = 16384 (custom)
2021-09-05 01:39:03,107 [pool-540-thread-1] INFO  server.RaftServerConfigKeys (ConfUtils.java:logGet(44)) - raft.server.log.force.sync.num = 128 (default)
2021-09-05 01:39:03,107 [pool-540-thread-1] INFO  server.RaftServerConfigKeys (ConfUtils.java:logGet(44)) - raft.server.log.statemachine.data.sync = true (default)
2021-09-05 01:39:03,107 [pool-540-thread-1] INFO  server.RaftServerConfigKeys (ConfUtils.java:logGet(44)) - raft.server.log.statemachine.data.sync.timeout = 10s (default)
2021-09-05 01:39:03,107 [pool-540-thread-1] INFO  server.RaftServerConfigKeys (ConfUtils.java:logGet(44)) - raft.server.log.statemachine.data.sync.timeout.retry = -1 (default)
2021-09-05 01:39:03,108 [pool-540-thread-1] INFO  server.RaftServerConfigKeys (ConfUtils.java:logGet(44)) - raft.server.log.write.buffer.size = 1048576 (custom)
2021-09-05 01:39:03,108 [pool-540-thread-1] INFO  server.RaftServerConfigKeys (ConfUtils.java:logGet(44)) - raft.server.log.statemachine.data.caching.enabled = true (custom)
2021-09-05 01:39:03,109 [pool-540-thread-1] INFO  segmented.SegmentedRaftLogWorker (SegmentedRaftLogWorker.java:lambda$new$0(133)) - fdb9e53e-0679-45da-9a61-20e122f839df@group-D22776684351-SegmentedRaftLogWorker: flushIndex: setUnconditionally 0 -> -1
2021-09-05 01:39:03,109 [pool-540-thread-1] INFO  segmented.SegmentedRaftLogWorker (SegmentedRaftLogWorker.java:lambda$new$0(133)) - fdb9e53e-0679-45da-9a61-20e122f839df@group-D22776684351-SegmentedRaftLogWorker: safeCacheEvictIndex: setUnconditionally 0 -> -1
2021-09-05 01:39:03,109 [Datanode State Machine Thread - 0] WARN  statemachine.StateContext (StateContext.java:execute(621)) - No available thread in pool for past 1 seconds.
2021-09-05 01:39:03,118 [pool-540-thread-1] INFO  server.RaftServerConfigKeys (ConfUtils.java:logGet(44)) - raft.server.snapshot.auto.trigger.enabled = true (custom)
2021-09-05 01:39:03,118 [pool-540-thread-1] INFO  server.RaftServerConfigKeys (ConfUtils.java:logGet(44)) - raft.server.snapshot.auto.trigger.threshold = 10000 (custom)
2021-09-05 01:39:03,118 [pool-540-thread-1] INFO  server.RaftServerConfigKeys (ConfUtils.java:logGet(44)) - raft.server.snapshot.retention.file.num = 5 (custom)
2021-09-05 01:39:03,118 [pool-540-thread-1] INFO  server.RaftServerConfigKeys (ConfUtils.java:logGet(44)) - raft.server.log.purge.upto.snapshot.index = false (default)
2021-09-05 01:39:03,167 [pool-540-thread-1] INFO  server.RaftServerConfigKeys (ConfUtils.java:logGet(44)) - raft.server.retrycache.expirytime = 600000ms (custom)
2021-09-05 01:39:03,167 [pool-540-thread-1] INFO  server.RaftServerConfigKeys (ConfUtils.java:logGet(44)) - raft.server.retrycache.statistics.expirytime = 100μs (default)
2021-09-05 01:39:03,168 [pool-540-thread-1] INFO  server.RaftServer$Division (RaftServerImpl.java:start(296)) - fdb9e53e-0679-45da-9a61-20e122f839df@group-C6B97DF9FEBA: start as a follower, conf=-1: [fdb9e53e-0679-45da-9a61-20e122f839df|rpc:10.1.0.25:40867|dataStream:|priority:0, cff69f77-ea12-413c-a988-d2a44a5ca406|rpc:10.1.0.25:34387|dataStream:|priority:0, be41d154-e08a-4361-999c-a2746058d00f|rpc:10.1.0.25:33043|dataStream:|priority:1], old=null
2021-09-05 01:39:03,168 [pool-540-thread-1] INFO  server.RaftServer$Division (RaftServerImpl.java:setRole(285)) - fdb9e53e-0679-45da-9a61-20e122f839df@group-C6B97DF9FEBA: changes role from      null to FOLLOWER at term 0 for startAsFollower
2021-09-05 01:39:03,168 [pool-540-thread-1] INFO  impl.RoleInfo (RoleInfo.java:updateAndGet(130)) - fdb9e53e-0679-45da-9a61-20e122f839df: start fdb9e53e-0679-45da-9a61-20e122f839df@group-C6B97DF9FEBA-FollowerState
2021-09-05 01:39:03,122 [EventQueue-PipelineReportForPipelineReportHandler] INFO  pipeline.PipelineManagerImpl (PipelineManagerImpl.java:openPipeline(282)) - Pipeline Pipeline[ Id: abc99c8d-4636-4361-928c-d22776684351, Nodes: fdb9e53e-0679-45da-9a61-20e122f839df{ip: 10.1.0.25, host: fv-az270-420.tacnzluakwdehk1hpragurqkma.bx.internal.cloudapp.net, ports: [REPLICATION=45811, RATIS=40867, RATIS_ADMIN=40867, RATIS_SERVER=40867, STANDALONE=43325], networkLocation: /default-rack, certSerialId: null, persistedOpState: IN_SERVICE, persistedOpStateExpiryEpochSec: 0}, ReplicationConfig: RATIS/ONE, State:ALLOCATED, leaderId:fdb9e53e-0679-45da-9a61-20e122f839df, CreationTimestamp2021-09-05T01:38:59.977Z[Etc/UTC]] moved to OPEN state
2021-09-05 01:39:03,169 [EventQueue-OpenPipelineForHealthyPipelineSafeModeRule] INFO  safemode.SCMSafeModeManager (HealthyPipelineSafeModeRule.java:process(124)) - SCM in safe mode. Healthy pipelines reported count is 0, required healthy pipeline reported count is 1
2021-09-05 01:39:03,205 [pool-540-thread-1] INFO  util.JmxRegister (JmxRegister.java:tryRegister(44)) - Successfully registered JMX Bean with object name Ratis:service=RaftServer,group=group-C6B97DF9FEBA,id=fdb9e53e-0679-45da-9a61-20e122f839df
2021-09-05 01:39:03,309 [pool-540-thread-1] INFO  server.RaftServer$Division (RaftServerImpl.java:start(296)) - fdb9e53e-0679-45da-9a61-20e122f839df@group-D22776684351: start as a follower, conf=-1: [fdb9e53e-0679-45da-9a61-20e122f839df|rpc:10.1.0.25:40867|priority:1], old=null
2021-09-05 01:39:03,309 [pool-540-thread-1] INFO  server.RaftServer$Division (RaftServerImpl.java:setRole(285)) - fdb9e53e-0679-45da-9a61-20e122f839df@group-D22776684351: changes role from      null to FOLLOWER at term 0 for startAsFollower
2021-09-05 01:39:03,309 [pool-540-thread-1] INFO  impl.RoleInfo (RoleInfo.java:updateAndGet(130)) - fdb9e53e-0679-45da-9a61-20e122f839df: start fdb9e53e-0679-45da-9a61-20e122f839df@group-D22776684351-FollowerState
2021-09-05 01:39:03,325 [pool-540-thread-1] INFO  util.JmxRegister (JmxRegister.java:tryRegister(44)) - Successfully registered JMX Bean with object name Ratis:service=RaftServer,group=group-D22776684351,id=fdb9e53e-0679-45da-9a61-20e122f839df
2021-09-05 01:39:03,375 [Listener at 127.0.0.1/33945] INFO  ozone.MiniOzoneClusterImpl (MiniOzoneClusterImpl.java:lambda$waitForClusterToBeReady$0(235)) - Waiting for nodes to be ready. Got 6 of 7 DN Heartbeats.
2021-09-05 01:39:03,375 [Listener at 127.0.0.1/33945] INFO  ozone.MiniOzoneClusterImpl (MiniOzoneClusterImpl.java:lambda$waitForClusterToBeReady$0(238)) - Waiting for cluster to exit safe mode
2021-09-05 01:39:03,375 [Listener at 127.0.0.1/33945] INFO  ozone.MiniOzoneClusterImpl (MiniOzoneClusterImpl.java:lambda$waitForClusterToBeReady$0(240)) - SCM became leader
2021-09-05 01:39:03,423 [Command processor thread] INFO  ratis.XceiverServerRatis (XceiverServerRatis.java:addGroup(763)) - Created group PipelineID=abc99c8d-4636-4361-928c-d22776684351
2021-09-05 01:39:03,424 [Command processor thread] INFO  commandhandler.CreatePipelineCommandHandler (CreatePipelineCommandHandler.java:handle(106)) - Created Pipeline RATIS ONE PipelineID=abc99c8d-4636-4361-928c-d22776684351.
2021-09-05 01:39:03,424 [Command processor thread] INFO  server.RaftServer (RaftServerProxy.java:addNew(95)) - fdb9e53e-0679-45da-9a61-20e122f839df: addNew group-FC73588AFD2D:[fdb9e53e-0679-45da-9a61-20e122f839df|rpc:10.1.0.25:40867|priority:1, cff69f77-ea12-413c-a988-d2a44a5ca406|rpc:10.1.0.25:34387|priority:0, be41d154-e08a-4361-999c-a2746058d00f|rpc:10.1.0.25:33043|priority:0] returns group-FC73588AFD2D:java.util.concurrent.CompletableFuture@545c228b[Not completed]
2021-09-05 01:39:03,426 [pool-540-thread-1] INFO  server.RaftServer$Division (RaftServerImpl.java:<init>(181)) - fdb9e53e-0679-45da-9a61-20e122f839df: new RaftServerImpl for group-FC73588AFD2D:[fdb9e53e-0679-45da-9a61-20e122f839df|rpc:10.1.0.25:40867|priority:1, cff69f77-ea12-413c-a988-d2a44a5ca406|rpc:10.1.0.25:34387|priority:0, be41d154-e08a-4361-999c-a2746058d00f|rpc:10.1.0.25:33043|priority:0] with ContainerStateMachine:uninitialized
2021-09-05 01:39:03,426 [pool-540-thread-1] INFO  server.RaftServerConfigKeys (ConfUtils.java:logGet(44)) - raft.server.rpc.timeout.min = 5s (custom)
2021-09-05 01:39:03,426 [pool-540-thread-1] INFO  server.RaftServerConfigKeys (ConfUtils.java:logGet(44)) - raft.server.rpc.timeout.max = 5200ms (custom)
2021-09-05 01:39:03,426 [pool-540-thread-1] INFO  server.RaftServerConfigKeys (ConfUtils.java:logGet(44)) - raft.server.rpc.sleep.time = 25ms (default)
2021-09-05 01:39:03,426 [pool-540-thread-1] INFO  server.RaftServerConfigKeys (ConfUtils.java:logGet(44)) - raft.server.rpc.slowness.timeout = 300000ms (custom)
2021-09-05 01:39:03,426 [pool-540-thread-1] INFO  server.RaftServerConfigKeys (ConfUtils.java:logGet(44)) - raft.server.leaderelection.leader.step-down.wait-time = 10s (default)
2021-09-05 01:39:03,426 [pool-540-thread-1] INFO  server.RaftServerConfigKeys (ConfUtils.java:logGet(44)) - raft.server.sleep.deviation.threshold = 300ms (default)
2021-09-05 01:39:03,426 [pool-540-thread-1] INFO  server.RaftServerConfigKeys (ConfUtils.java:logGet(44)) - raft.server.log.appender.install.snapshot.enabled = false (custom)
2021-09-05 01:39:03,426 [pool-540-thread-1] INFO  server.RaftServer$Division (ServerState.java:<init>(105)) - fdb9e53e-0679-45da-9a61-20e122f839df@group-FC73588AFD2D: ConfigurationManager, init=-1: [fdb9e53e-0679-45da-9a61-20e122f839df|rpc:10.1.0.25:40867|priority:1, cff69f77-ea12-413c-a988-d2a44a5ca406|rpc:10.1.0.25:34387|priority:0, be41d154-e08a-4361-999c-a2746058d00f|rpc:10.1.0.25:33043|priority:0], old=null, confs=<EMPTY_MAP>
2021-09-05 01:39:03,427 [pool-540-thread-1] INFO  server.RaftServerConfigKeys (ConfUtils.java:logGet(44)) - raft.server.storage.dir = [/home/runner/work/ozone/ozone/hadoop-ozone/integration-test/target/test-dir/MiniOzoneClusterImpl-37340386-36af-4fa8-9723-b8f583b28ff6/datanode-1/data/ratis] (custom)
2021-09-05 01:39:03,427 [pool-540-thread-1] INFO  server.RaftServerConfigKeys (ConfUtils.java:logGet(44)) - raft.server.log.corruption.policy = EXCEPTION (default)
2021-09-05 01:39:03,427 [pool-540-thread-1] INFO  server.RaftServerConfigKeys (ConfUtils.java:logGet(44)) - raft.server.storage.free-space.min = 0MB (=0) (default)
2021-09-05 01:39:03,427 [pool-540-thread-1] INFO  storage.RaftStorageDirectory (RaftStorageDirectoryImpl.java:analyzeStorage(135)) - The storage directory /home/runner/work/ozone/ozone/hadoop-ozone/integration-test/target/test-dir/MiniOzoneClusterImpl-37340386-36af-4fa8-9723-b8f583b28ff6/datanode-1/data/ratis/97e19d54-76f6-4db6-b4a5-fc73588afd2d does not exist. Creating ...
2021-09-05 01:39:03,437 [grpc-default-executor-3] INFO  server.RaftServer (RaftServerProxy.java:addNew(95)) - be41d154-e08a-4361-999c-a2746058d00f: addNew group-C6B97DF9FEBA:[fdb9e53e-0679-45da-9a61-20e122f839df|rpc:10.1.0.25:40867|dataStream:|priority:0, cff69f77-ea12-413c-a988-d2a44a5ca406|rpc:10.1.0.25:34387|dataStream:|priority:0, be41d154-e08a-4361-999c-a2746058d00f|rpc:10.1.0.25:33043|dataStream:|priority:1] returns group-C6B97DF9FEBA:java.util.concurrent.CompletableFuture@1938c001[Not completed]
2021-09-05 01:39:03,439 [pool-559-thread-1] INFO  server.RaftServer$Division (RaftServerImpl.java:<init>(181)) - be41d154-e08a-4361-999c-a2746058d00f: new RaftServerImpl for group-C6B97DF9FEBA:[fdb9e53e-0679-45da-9a61-20e122f839df|rpc:10.1.0.25:40867|dataStream:|priority:0, cff69f77-ea12-413c-a988-d2a44a5ca406|rpc:10.1.0.25:34387|dataStream:|priority:0, be41d154-e08a-4361-999c-a2746058d00f|rpc:10.1.0.25:33043|dataStream:|priority:1] with ContainerStateMachine:uninitialized
2021-09-05 01:39:03,440 [pool-559-thread-1] INFO  server.RaftServerConfigKeys (ConfUtils.java:logGet(44)) - raft.server.rpc.timeout.min = 5s (custom)
2021-09-05 01:39:03,440 [pool-559-thread-1] INFO  server.RaftServerConfigKeys (ConfUtils.java:logGet(44)) - raft.server.rpc.timeout.max = 5200ms (custom)
2021-09-05 01:39:03,440 [pool-559-thread-1] INFO  server.RaftServerConfigKeys (ConfUtils.java:logGet(44)) - raft.server.rpc.sleep.time = 25ms (default)
2021-09-05 01:39:03,440 [pool-559-thread-1] INFO  server.RaftServerConfigKeys (ConfUtils.java:logGet(44)) - raft.server.rpc.slowness.timeout = 300000ms (custom)
2021-09-05 01:39:03,440 [pool-559-thread-1] INFO  server.RaftServerConfigKeys (ConfUtils.java:logGet(44)) - raft.server.leaderelection.leader.step-down.wait-time = 10s (default)
2021-09-05 01:39:03,440 [pool-559-thread-1] INFO  server.RaftServerConfigKeys (ConfUtils.java:logGet(44)) - raft.server.sleep.deviation.threshold = 300ms (default)
2021-09-05 01:39:03,440 [pool-559-thread-1] INFO  server.RaftServerConfigKeys (ConfUtils.java:logGet(44)) - raft.server.log.appender.install.snapshot.enabled = false (custom)
2021-09-05 01:39:03,440 [pool-559-thread-1] INFO  server.RaftServer$Division (ServerState.java:<init>(105)) - be41d154-e08a-4361-999c-a2746058d00f@group-C6B97DF9FEBA: ConfigurationManager, init=-1: [fdb9e53e-0679-45da-9a61-20e122f839df|rpc:10.1.0.25:40867|dataStream:|priority:0, cff69f77-ea12-413c-a988-d2a44a5ca406|rpc:10.1.0.25:34387|dataStream:|priority:0, be41d154-e08a-4361-999c-a2746058d00f|rpc:10.1.0.25:33043|dataStream:|priority:1], old=null, confs=<EMPTY_MAP>
2021-09-05 01:39:03,440 [pool-559-thread-1] INFO  server.RaftServerConfigKeys (ConfUtils.java:logGet(44)) - raft.server.storage.dir = [/home/runner/work/ozone/ozone/hadoop-ozone/integration-test/target/test-dir/MiniOzoneClusterImpl-37340386-36af-4fa8-9723-b8f583b28ff6/datanode-2/data/ratis] (custom)
2021-09-05 01:39:03,440 [pool-559-thread-1] INFO  server.RaftServerConfigKeys (ConfUtils.java:logGet(44)) - raft.server.log.corruption.policy = EXCEPTION (default)
2021-09-05 01:39:03,440 [pool-559-thread-1] INFO  server.RaftServerConfigKeys (ConfUtils.java:logGet(44)) - raft.server.storage.free-space.min = 0MB (=0) (default)
2021-09-05 01:39:03,441 [pool-559-thread-1] INFO  storage.RaftStorageDirectory (RaftStorageDirectoryImpl.java:analyzeStorage(135)) - The storage directory /home/runner/work/ozone/ozone/hadoop-ozone/integration-test/target/test-dir/MiniOzoneClusterImpl-37340386-36af-4fa8-9723-b8f583b28ff6/datanode-2/data/ratis/61f36f49-61fb-4aab-819c-c6b97df9feba does not exist. Creating ...
2021-09-05 01:39:03,442 [pool-559-thread-1] INFO  storage.RaftStorageDirectory (RaftStorageDirectoryImpl.java:tryLock(230)) - Lock on /home/runner/work/ozone/ozone/hadoop-ozone/integration-test/target/test-dir/MiniOzoneClusterImpl-37340386-36af-4fa8-9723-b8f583b28ff6/datanode-2/data/ratis/61f36f49-61fb-4aab-819c-c6b97df9feba/in_use.lock acquired by nodename 19671@fv-az270-420
2021-09-05 01:39:03,453 [pool-540-thread-1] INFO  storage.RaftStorageDirectory (RaftStorageDirectoryImpl.java:tryLock(230)) - Lock on /home/runner/work/ozone/ozone/hadoop-ozone/integration-test/target/test-dir/MiniOzoneClusterImpl-37340386-36af-4fa8-9723-b8f583b28ff6/datanode-1/data/ratis/97e19d54-76f6-4db6-b4a5-fc73588afd2d/in_use.lock acquired by nodename 19671@fv-az270-420
2021-09-05 01:39:03,453 [IPC Server handler 3 on default port 40229] INFO  net.NetworkTopologyImpl (NetworkTopologyImpl.java:add(112)) - Added a new node: /default-rack/54b0752d-9f85-41d1-82b7-176712dc42d8
2021-09-05 01:39:03,453 [IPC Server handler 3 on default port 40229] INFO  node.SCMNodeManager (SCMNodeManager.java:register(390)) - Registered Data node : 54b0752d-9f85-41d1-82b7-176712dc42d8{ip: 10.1.0.25, host: fv-az270-420.tacnzluakwdehk1hpragurqkma.bx.internal.cloudapp.net, ports: [REPLICATION=38415, RATIS=45159, RATIS_ADMIN=45159, RATIS_SERVER=45159, STANDALONE=37167], networkLocation: /default-rack, certSerialId: null, persistedOpState: null, persistedOpStateExpiryEpochSec: 0}
2021-09-05 01:39:03,454 [pool-559-thread-1] INFO  storage.RaftStorage (RaftStorageImpl.java:format(89)) - Storage directory /home/runner/work/ozone/ozone/hadoop-ozone/integration-test/target/test-dir/MiniOzoneClusterImpl-37340386-36af-4fa8-9723-b8f583b28ff6/datanode-2/data/ratis/61f36f49-61fb-4aab-819c-c6b97df9feba has been successfully formatted.
2021-09-05 01:39:03,456 [EventQueue-NewNodeForNewNodeHandler] INFO  pipeline.BackgroundPipelineCreator (BackgroundPipelineCreatorV2.java:notifyEventTriggered(285)) - trigger a one-shot run on RatisPipelineUtilsThread.
2021-09-05 01:39:03,456 [RatisPipelineUtilsThread - 0] INFO  pipeline.RatisPipelineProvider (RatisPipelineProvider.java:lambda$create$0(183)) - Sending CreatePipelineCommand for pipeline:PipelineID=eb7b4621-d76e-4a05-a2d4-2bd2bdd8f704 to datanode:54b0752d-9f85-41d1-82b7-176712dc42d8
2021-09-05 01:39:03,457 [RatisPipelineUtilsThread - 0] INFO  pipeline.PipelineStateManager (PipelineStateManagerV2Impl.java:addPipeline(101)) - Created pipeline Pipeline[ Id: eb7b4621-d76e-4a05-a2d4-2bd2bdd8f704, Nodes: 54b0752d-9f85-41d1-82b7-176712dc42d8{ip: 10.1.0.25, host: fv-az270-420.tacnzluakwdehk1hpragurqkma.bx.internal.cloudapp.net, ports: [REPLICATION=38415, RATIS=45159, RATIS_ADMIN=45159, RATIS_SERVER=45159, STANDALONE=37167], networkLocation: /default-rack, certSerialId: null, persistedOpState: IN_SERVICE, persistedOpStateExpiryEpochSec: 0}, ReplicationConfig: RATIS/ONE, State:ALLOCATED, leaderId:, CreationTimestamp2021-09-05T01:39:03.456Z[Etc/UTC]].
2021-09-05 01:39:03,466 [pool-559-thread-1] INFO  ratis.ContainerStateMachine (ContainerStateMachine.java:loadSnapshot(224)) - group-C6B97DF9FEBA: The snapshot info is null. Setting the last applied indexto:(t:0, i:~)
2021-09-05 01:39:03,466 [pool-559-thread-1] INFO  server.RaftServerConfigKeys (ConfUtils.java:logGet(44)) - raft.server.notification.no-leader.timeout = 300000ms (custom)
2021-09-05 01:39:03,466 [pool-559-thread-1] INFO  server.RaftServerConfigKeys (ConfUtils.java:logGet(44)) - raft.server.log.use.memory = false (default)
2021-09-05 01:39:03,466 [pool-559-thread-1] INFO  server.RaftServerConfigKeys (ConfUtils.java:logGet(44)) - raft.server.log.purge.gap = 1000000 (custom)
2021-09-05 01:39:03,466 [pool-559-thread-1] INFO  server.RaftServerConfigKeys (ConfUtils.java:logGet(44)) - raft.server.log.appender.buffer.byte-limit = 33554432 (custom)
2021-09-05 01:39:03,467 [pool-559-thread-1] INFO  server.RaftServerConfigKeys (ConfUtils.java:logGet(44)) - raft.server.log.segment.size.max = 1048576 (custom)
2021-09-05 01:39:03,467 [Datanode State Machine Thread - 0] WARN  statemachine.StateContext (StateContext.java:execute(621)) - No available thread in pool for past 1 seconds.
2021-09-05 01:39:03,469 [pool-559-thread-1] INFO  server.RaftServerConfigKeys (ConfUtils.java:logGet(44)) - raft.server.log.segment.cache.num.max = 2 (custom)
2021-09-05 01:39:03,469 [pool-559-thread-1] INFO  server.RaftServerConfigKeys (ConfUtils.java:logGet(44)) - raft.server.log.segment.cache.size.max = 200MB (=209715200) (default)
2021-09-05 01:39:03,469 [pool-559-thread-1] INFO  segmented.SegmentedRaftLogWorker (SegmentedRaftLogWorker.java:<init>(182)) - new be41d154-e08a-4361-999c-a2746058d00f@group-C6B97DF9FEBA-SegmentedRaftLogWorker for RaftStorageImpl:Storage Directory /home/runner/work/ozone/ozone/hadoop-ozone/integration-test/target/test-dir/MiniOzoneClusterImpl-37340386-36af-4fa8-9723-b8f583b28ff6/datanode-2/data/ratis/61f36f49-61fb-4aab-819c-c6b97df9feba
2021-09-05 01:39:03,469 [pool-559-thread-1] INFO  server.RaftServerConfigKeys (ConfUtils.java:logGet(44)) - raft.server.log.queue.byte-limit = 2147483647 (custom)
2021-09-05 01:39:03,469 [pool-559-thread-1] INFO  server.RaftServerConfigKeys (ConfUtils.java:logGet(44)) - raft.server.log.queue.element-limit = 1024 (custom)
2021-09-05 01:39:03,469 [pool-559-thread-1] INFO  server.RaftServerConfigKeys (ConfUtils.java:logGet(44)) - raft.server.log.segment.size.max = 1048576 (custom)
2021-09-05 01:39:03,469 [pool-559-thread-1] INFO  server.RaftServerConfigKeys (ConfUtils.java:logGet(44)) - raft.server.log.preallocated.size = 16384 (custom)
2021-09-05 01:39:03,469 [pool-559-thread-1] INFO  server.RaftServerConfigKeys (ConfUtils.java:logGet(44)) - raft.server.log.force.sync.num = 128 (default)
2021-09-05 01:39:03,469 [pool-559-thread-1] INFO  server.RaftServerConfigKeys (ConfUtils.java:logGet(44)) - raft.server.log.statemachine.data.sync = true (default)
2021-09-05 01:39:03,470 [pool-559-thread-1] INFO  server.RaftServerConfigKeys (ConfUtils.java:logGet(44)) - raft.server.log.statemachine.data.sync.timeout = 10s (default)
2021-09-05 01:39:03,470 [pool-559-thread-1] INFO  server.RaftServerConfigKeys (ConfUtils.java:logGet(44)) - raft.server.log.statemachine.data.sync.timeout.retry = -1 (default)
2021-09-05 01:39:03,471 [pool-559-thread-1] INFO  server.RaftServerConfigKeys (ConfUtils.java:logGet(44)) - raft.server.log.write.buffer.size = 1048576 (custom)
2021-09-05 01:39:03,471 [pool-559-thread-1] INFO  server.RaftServerConfigKeys (ConfUtils.java:logGet(44)) - raft.server.log.statemachine.data.caching.enabled = true (custom)
2021-09-05 01:39:03,471 [pool-559-thread-1] INFO  segmented.SegmentedRaftLogWorker (SegmentedRaftLogWorker.java:lambda$new$0(133)) - be41d154-e08a-4361-999c-a2746058d00f@group-C6B97DF9FEBA-SegmentedRaftLogWorker: flushIndex: setUnconditionally 0 -> -1
2021-09-05 01:39:03,471 [pool-559-thread-1] INFO  segmented.SegmentedRaftLogWorker (SegmentedRaftLogWorker.java:lambda$new$0(133)) - be41d154-e08a-4361-999c-a2746058d00f@group-C6B97DF9FEBA-SegmentedRaftLogWorker: safeCacheEvictIndex: setUnconditionally 0 -> -1
2021-09-05 01:39:03,513 [pool-559-thread-1] INFO  server.RaftServerConfigKeys (ConfUtils.java:logGet(44)) - raft.server.snapshot.auto.trigger.enabled = true (custom)
2021-09-05 01:39:03,513 [pool-559-thread-1] INFO  server.RaftServerConfigKeys (ConfUtils.java:logGet(44)) - raft.server.snapshot.auto.trigger.threshold = 10000 (custom)
2021-09-05 01:39:03,514 [pool-559-thread-1] INFO  server.RaftServerConfigKeys (ConfUtils.java:logGet(44)) - raft.server.snapshot.retention.file.num = 5 (custom)
2021-09-05 01:39:03,514 [pool-559-thread-1] INFO  server.RaftServerConfigKeys (ConfUtils.java:logGet(44)) - raft.server.log.purge.upto.snapshot.index = false (default)
2021-09-05 01:39:03,514 [pool-540-thread-1] INFO  storage.RaftStorage (RaftStorageImpl.java:format(89)) - Storage directory /home/runner/work/ozone/ozone/hadoop-ozone/integration-test/target/test-dir/MiniOzoneClusterImpl-37340386-36af-4fa8-9723-b8f583b28ff6/datanode-1/data/ratis/97e19d54-76f6-4db6-b4a5-fc73588afd2d has been successfully formatted.
2021-09-05 01:39:03,514 [pool-540-thread-1] INFO  ratis.ContainerStateMachine (ContainerStateMachine.java:loadSnapshot(224)) - group-FC73588AFD2D: The snapshot info is null. Setting the last applied indexto:(t:0, i:~)
2021-09-05 01:39:03,515 [pool-559-thread-1] INFO  server.RaftServerConfigKeys (ConfUtils.java:logGet(44)) - raft.server.retrycache.expirytime = 600000ms (custom)
2021-09-05 01:39:03,515 [pool-559-thread-1] INFO  server.RaftServerConfigKeys (ConfUtils.java:logGet(44)) - raft.server.retrycache.statistics.expirytime = 100μs (default)
2021-09-05 01:39:03,516 [pool-559-thread-1] INFO  server.RaftServer$Division (RaftServerImpl.java:start(296)) - be41d154-e08a-4361-999c-a2746058d00f@group-C6B97DF9FEBA: start as a follower, conf=-1: [fdb9e53e-0679-45da-9a61-20e122f839df|rpc:10.1.0.25:40867|dataStream:|priority:0, cff69f77-ea12-413c-a988-d2a44a5ca406|rpc:10.1.0.25:34387|dataStream:|priority:0, be41d154-e08a-4361-999c-a2746058d00f|rpc:10.1.0.25:33043|dataStream:|priority:1], old=null
2021-09-05 01:39:03,516 [pool-559-thread-1] INFO  server.RaftServer$Division (RaftServerImpl.java:setRole(285)) - be41d154-e08a-4361-999c-a2746058d00f@group-C6B97DF9FEBA: changes role from      null to FOLLOWER at term 0 for startAsFollower
2021-09-05 01:39:03,516 [pool-559-thread-1] INFO  impl.RoleInfo (RoleInfo.java:updateAndGet(130)) - be41d154-e08a-4361-999c-a2746058d00f: start be41d154-e08a-4361-999c-a2746058d00f@group-C6B97DF9FEBA-FollowerState
2021-09-05 01:39:03,565 [Datanode State Machine Thread - 0] WARN  statemachine.StateContext (StateContext.java:execute(621)) - No available thread in pool for past 1 seconds.
2021-09-05 01:39:03,565 [pool-540-thread-1] INFO  server.RaftServerConfigKeys (ConfUtils.java:logGet(44)) - raft.server.notification.no-leader.timeout = 300000ms (custom)
2021-09-05 01:39:03,565 [pool-540-thread-1] INFO  server.RaftServerConfigKeys (ConfUtils.java:logGet(44)) - raft.server.log.use.memory = false (default)
2021-09-05 01:39:03,565 [pool-540-thread-1] INFO  server.RaftServerConfigKeys (ConfUtils.java:logGet(44)) - raft.server.log.purge.gap = 1000000 (custom)
2021-09-05 01:39:03,565 [pool-540-thread-1] INFO  server.RaftServerConfigKeys (ConfUtils.java:logGet(44)) - raft.server.log.appender.buffer.byte-limit = 33554432 (custom)
2021-09-05 01:39:03,566 [pool-540-thread-1] INFO  server.RaftServerConfigKeys (ConfUtils.java:logGet(44)) - raft.server.log.segment.size.max = 1048576 (custom)
2021-09-05 01:39:03,566 [pool-540-thread-1] INFO  server.RaftServerConfigKeys (ConfUtils.java:logGet(44)) - raft.server.log.segment.cache.num.max = 2 (custom)
2021-09-05 01:39:03,566 [pool-540-thread-1] INFO  server.RaftServerConfigKeys (ConfUtils.java:logGet(44)) - raft.server.log.segment.cache.size.max = 200MB (=209715200) (default)
2021-09-05 01:39:03,566 [pool-540-thread-1] INFO  segmented.SegmentedRaftLogWorker (SegmentedRaftLogWorker.java:<init>(182)) - new fdb9e53e-0679-45da-9a61-20e122f839df@group-FC73588AFD2D-SegmentedRaftLogWorker for RaftStorageImpl:Storage Directory /home/runner/work/ozone/ozone/hadoop-ozone/integration-test/target/test-dir/MiniOzoneClusterImpl-37340386-36af-4fa8-9723-b8f583b28ff6/datanode-1/data/ratis/97e19d54-76f6-4db6-b4a5-fc73588afd2d
2021-09-05 01:39:03,566 [pool-540-thread-1] INFO  server.RaftServerConfigKeys (ConfUtils.java:logGet(44)) - raft.server.log.queue.byte-limit = 2147483647 (custom)
2021-09-05 01:39:03,566 [pool-540-thread-1] INFO  server.RaftServerConfigKeys (ConfUtils.java:logGet(44)) - raft.server.log.queue.element-limit = 1024 (custom)
2021-09-05 01:39:03,566 [pool-540-thread-1] INFO  server.RaftServerConfigKeys (ConfUtils.java:logGet(44)) - raft.server.log.segment.size.max = 1048576 (custom)
2021-09-05 01:39:03,566 [pool-540-thread-1] INFO  server.RaftServerConfigKeys (ConfUtils.java:logGet(44)) - raft.server.log.preallocated.size = 16384 (custom)
2021-09-05 01:39:03,566 [pool-540-thread-1] INFO  server.RaftServerConfigKeys (ConfUtils.java:logGet(44)) - raft.server.log.force.sync.num = 128 (default)
2021-09-05 01:39:03,566 [pool-540-thread-1] INFO  server.RaftServerConfigKeys (ConfUtils.java:logGet(44)) - raft.server.log.statemachine.data.sync = true (default)
2021-09-05 01:39:03,566 [pool-540-thread-1] INFO  server.RaftServerConfigKeys (ConfUtils.java:logGet(44)) - raft.server.log.statemachine.data.sync.timeout = 10s (default)
2021-09-05 01:39:03,566 [pool-540-thread-1] INFO  server.RaftServerConfigKeys (ConfUtils.java:logGet(44)) - raft.server.log.statemachine.data.sync.timeout.retry = -1 (default)
2021-09-05 01:39:03,568 [pool-540-thread-1] INFO  server.RaftServerConfigKeys (ConfUtils.java:logGet(44)) - raft.server.log.write.buffer.size = 1048576 (custom)
2021-09-05 01:39:03,568 [pool-540-thread-1] INFO  server.RaftServerConfigKeys (ConfUtils.java:logGet(44)) - raft.server.log.statemachine.data.caching.enabled = true (custom)
2021-09-05 01:39:03,568 [pool-540-thread-1] INFO  segmented.SegmentedRaftLogWorker (SegmentedRaftLogWorker.java:lambda$new$0(133)) - fdb9e53e-0679-45da-9a61-20e122f839df@group-FC73588AFD2D-SegmentedRaftLogWorker: flushIndex: setUnconditionally 0 -> -1
2021-09-05 01:39:03,568 [pool-540-thread-1] INFO  segmented.SegmentedRaftLogWorker (SegmentedRaftLogWorker.java:lambda$new$0(133)) - fdb9e53e-0679-45da-9a61-20e122f839df@group-FC73588AFD2D-SegmentedRaftLogWorker: safeCacheEvictIndex: setUnconditionally 0 -> -1
2021-09-05 01:39:03,570 [EventQueue-OpenPipelineForHealthyPipelineSafeModeRule] INFO  safemode.SCMSafeModeManager (HealthyPipelineSafeModeRule.java:process(124)) - SCM in safe mode. Healthy pipelines reported count is 0, required healthy pipeline reported count is 1
2021-09-05 01:39:03,588 [pool-559-thread-1] INFO  util.JmxRegister (JmxRegister.java:tryRegister(44)) - Successfully registered JMX Bean with object name Ratis:service=RaftServer,group=group-C6B97DF9FEBA,id=be41d154-e08a-4361-999c-a2746058d00f
2021-09-05 01:39:03,593 [pool-540-thread-1] INFO  server.RaftServerConfigKeys (ConfUtils.java:logGet(44)) - raft.server.snapshot.auto.trigger.enabled = true (custom)
2021-09-05 01:39:03,594 [pool-540-thread-1] INFO  server.RaftServerConfigKeys (ConfUtils.java:logGet(44)) - raft.server.snapshot.auto.trigger.threshold = 10000 (custom)
2021-09-05 01:39:03,610 [pool-540-thread-1] INFO  server.RaftServerConfigKeys (ConfUtils.java:logGet(44)) - raft.server.snapshot.retention.file.num = 5 (custom)
2021-09-05 01:39:03,610 [pool-540-thread-1] INFO  server.RaftServerConfigKeys (ConfUtils.java:logGet(44)) - raft.server.log.purge.upto.snapshot.index = false (default)
2021-09-05 01:39:03,676 [pool-540-thread-1] INFO  server.RaftServerConfigKeys (ConfUtils.java:logGet(44)) - raft.server.retrycache.expirytime = 600000ms (custom)
2021-09-05 01:39:03,676 [pool-540-thread-1] INFO  server.RaftServerConfigKeys (ConfUtils.java:logGet(44)) - raft.server.retrycache.statistics.expirytime = 100μs (default)
2021-09-05 01:39:03,718 [Command processor thread] INFO  server.RaftServer (RaftServerProxy.java:addNew(95)) - be41d154-e08a-4361-999c-a2746058d00f: addNew group-6D81F426558A:[be41d154-e08a-4361-999c-a2746058d00f|rpc:10.1.0.25:33043|priority:1] returns group-6D81F426558A:java.util.concurrent.CompletableFuture@45d02821[Not completed]
2021-09-05 01:39:03,723 [pool-559-thread-1] INFO  server.RaftServer$Division (RaftServerImpl.java:<init>(181)) - be41d154-e08a-4361-999c-a2746058d00f: new RaftServerImpl for group-6D81F426558A:[be41d154-e08a-4361-999c-a2746058d00f|rpc:10.1.0.25:33043|priority:1] with ContainerStateMachine:uninitialized
2021-09-05 01:39:03,723 [pool-559-thread-1] INFO  server.RaftServerConfigKeys (ConfUtils.java:logGet(44)) - raft.server.rpc.timeout.min = 5s (custom)
2021-09-05 01:39:03,723 [pool-559-thread-1] INFO  server.RaftServerConfigKeys (ConfUtils.java:logGet(44)) - raft.server.rpc.timeout.max = 5200ms (custom)
2021-09-05 01:39:03,723 [pool-559-thread-1] INFO  server.RaftServerConfigKeys (ConfUtils.java:logGet(44)) - raft.server.rpc.sleep.time = 25ms (default)
2021-09-05 01:39:03,723 [pool-559-thread-1] INFO  server.RaftServerConfigKeys (ConfUtils.java:logGet(44)) - raft.server.rpc.slowness.timeout = 300000ms (custom)
2021-09-05 01:39:03,723 [pool-559-thread-1] INFO  server.RaftServerConfigKeys (ConfUtils.java:logGet(44)) - raft.server.leaderelection.leader.step-down.wait-time = 10s (default)
2021-09-05 01:39:03,723 [pool-559-thread-1] INFO  server.RaftServerConfigKeys (ConfUtils.java:logGet(44)) - raft.server.sleep.deviation.threshold = 300ms (default)
2021-09-05 01:39:03,723 [pool-559-thread-1] INFO  server.RaftServerConfigKeys (ConfUtils.java:logGet(44)) - raft.server.log.appender.install.snapshot.enabled = false (custom)
2021-09-05 01:39:03,723 [pool-559-thread-1] INFO  server.RaftServer$Division (ServerState.java:<init>(105)) - be41d154-e08a-4361-999c-a2746058d00f@group-6D81F426558A: ConfigurationManager, init=-1: [be41d154-e08a-4361-999c-a2746058d00f|rpc:10.1.0.25:33043|priority:1], old=null, confs=<EMPTY_MAP>
2021-09-05 01:39:03,723 [pool-559-thread-1] INFO  server.RaftServerConfigKeys (ConfUtils.java:logGet(44)) - raft.server.storage.dir = [/home/runner/work/ozone/ozone/hadoop-ozone/integration-test/target/test-dir/MiniOzoneClusterImpl-37340386-36af-4fa8-9723-b8f583b28ff6/datanode-2/data/ratis] (custom)
2021-09-05 01:39:03,724 [pool-559-thread-1] INFO  server.RaftServerConfigKeys (ConfUtils.java:logGet(44)) - raft.server.log.corruption.policy = EXCEPTION (default)
2021-09-05 01:39:03,724 [pool-559-thread-1] INFO  server.RaftServerConfigKeys (ConfUtils.java:logGet(44)) - raft.server.storage.free-space.min = 0MB (=0) (default)
2021-09-05 01:39:03,724 [pool-559-thread-1] INFO  storage.RaftStorageDirectory (RaftStorageDirectoryImpl.java:analyzeStorage(135)) - The storage directory /home/runner/work/ozone/ozone/hadoop-ozone/integration-test/target/test-dir/MiniOzoneClusterImpl-37340386-36af-4fa8-9723-b8f583b28ff6/datanode-2/data/ratis/b7f1090e-520a-432c-8d7d-6d81f426558a does not exist. Creating ...
2021-09-05 01:39:03,727 [pool-559-thread-1] INFO  storage.RaftStorageDirectory (RaftStorageDirectoryImpl.java:tryLock(230)) - Lock on /home/runner/work/ozone/ozone/hadoop-ozone/integration-test/target/test-dir/MiniOzoneClusterImpl-37340386-36af-4fa8-9723-b8f583b28ff6/datanode-2/data/ratis/b7f1090e-520a-432c-8d7d-6d81f426558a/in_use.lock acquired by nodename 19671@fv-az270-420
2021-09-05 01:39:03,733 [pool-559-thread-1] INFO  storage.RaftStorage (RaftStorageImpl.java:format(89)) - Storage directory /home/runner/work/ozone/ozone/hadoop-ozone/integration-test/target/test-dir/MiniOzoneClusterImpl-37340386-36af-4fa8-9723-b8f583b28ff6/datanode-2/data/ratis/b7f1090e-520a-432c-8d7d-6d81f426558a has been successfully formatted.
2021-09-05 01:39:03,733 [pool-559-thread-1] INFO  ratis.ContainerStateMachine (ContainerStateMachine.java:loadSnapshot(224)) - group-6D81F426558A: The snapshot info is null. Setting the last applied indexto:(t:0, i:~)
2021-09-05 01:39:03,733 [pool-559-thread-1] INFO  server.RaftServerConfigKeys (ConfUtils.java:logGet(44)) - raft.server.notification.no-leader.timeout = 300000ms (custom)
2021-09-05 01:39:03,733 [pool-559-thread-1] INFO  server.RaftServerConfigKeys (ConfUtils.java:logGet(44)) - raft.server.log.use.memory = false (default)
2021-09-05 01:39:03,734 [EventQueue-PipelineReportForPipelineReportHandler] INFO  pipeline.PipelineManagerImpl (PipelineManagerImpl.java:openPipeline(282)) - Pipeline Pipeline[ Id: b7f1090e-520a-432c-8d7d-6d81f426558a, Nodes: be41d154-e08a-4361-999c-a2746058d00f{ip: 10.1.0.25, host: fv-az270-420.tacnzluakwdehk1hpragurqkma.bx.internal.cloudapp.net, ports: [REPLICATION=33191, RATIS=33043, RATIS_ADMIN=33043, RATIS_SERVER=33043, STANDALONE=37769], networkLocation: /default-rack, certSerialId: null, persistedOpState: IN_SERVICE, persistedOpStateExpiryEpochSec: 0}, ReplicationConfig: RATIS/ONE, State:ALLOCATED, leaderId:be41d154-e08a-4361-999c-a2746058d00f, CreationTimestamp2021-09-05T01:39:00.738Z[Etc/UTC]] moved to OPEN state
2021-09-05 01:39:03,735 [EventQueue-OpenPipelineForHealthyPipelineSafeModeRule] INFO  safemode.SCMSafeModeManager (HealthyPipelineSafeModeRule.java:process(124)) - SCM in safe mode. Healthy pipelines reported count is 0, required healthy pipeline reported count is 1
2021-09-05 01:39:03,735 [pool-559-thread-1] INFO  server.RaftServerConfigKeys (ConfUtils.java:logGet(44)) - raft.server.log.purge.gap = 1000000 (custom)
2021-09-05 01:39:03,735 [pool-559-thread-1] INFO  server.RaftServerConfigKeys (ConfUtils.java:logGet(44)) - raft.server.log.appender.buffer.byte-limit = 33554432 (custom)
2021-09-05 01:39:03,735 [pool-559-thread-1] INFO  server.RaftServerConfigKeys (ConfUtils.java:logGet(44)) - raft.server.log.segment.size.max = 1048576 (custom)
2021-09-05 01:39:03,736 [pool-559-thread-1] INFO  server.RaftServerConfigKeys (ConfUtils.java:logGet(44)) - raft.server.log.segment.cache.num.max = 2 (custom)
2021-09-05 01:39:03,741 [pool-559-thread-1] INFO  server.RaftServerConfigKeys (ConfUtils.java:logGet(44)) - raft.server.log.segment.cache.size.max = 200MB (=209715200) (default)
2021-09-05 01:39:03,741 [pool-559-thread-1] INFO  segmented.SegmentedRaftLogWorker (SegmentedRaftLogWorker.java:<init>(182)) - new be41d154-e08a-4361-999c-a2746058d00f@group-6D81F426558A-SegmentedRaftLogWorker for RaftStorageImpl:Storage Directory /home/runner/work/ozone/ozone/hadoop-ozone/integration-test/target/test-dir/MiniOzoneClusterImpl-37340386-36af-4fa8-9723-b8f583b28ff6/datanode-2/data/ratis/b7f1090e-520a-432c-8d7d-6d81f426558a
2021-09-05 01:39:03,741 [pool-559-thread-1] INFO  server.RaftServerConfigKeys (ConfUtils.java:logGet(44)) - raft.server.log.queue.byte-limit = 2147483647 (custom)
2021-09-05 01:39:03,742 [pool-559-thread-1] INFO  server.RaftServerConfigKeys (ConfUtils.java:logGet(44)) - raft.server.log.queue.element-limit = 1024 (custom)
2021-09-05 01:39:03,742 [pool-559-thread-1] INFO  server.RaftServerConfigKeys (ConfUtils.java:logGet(44)) - raft.server.log.segment.size.max = 1048576 (custom)
2021-09-05 01:39:03,742 [pool-559-thread-1] INFO  server.RaftServerConfigKeys (ConfUtils.java:logGet(44)) - raft.server.log.preallocated.size = 16384 (custom)
2021-09-05 01:39:03,742 [pool-559-thread-1] INFO  server.RaftServerConfigKeys (ConfUtils.java:logGet(44)) - raft.server.log.force.sync.num = 128 (default)
2021-09-05 01:39:03,742 [pool-559-thread-1] INFO  server.RaftServerConfigKeys (ConfUtils.java:logGet(44)) - raft.server.log.statemachine.data.sync = true (default)
2021-09-05 01:39:03,742 [pool-559-thread-1] INFO  server.RaftServerConfigKeys (ConfUtils.java:logGet(44)) - raft.server.log.statemachine.data.sync.timeout = 10s (default)
2021-09-05 01:39:03,742 [pool-559-thread-1] INFO  server.RaftServerConfigKeys (ConfUtils.java:logGet(44)) - raft.server.log.statemachine.data.sync.timeout.retry = -1 (default)
2021-09-05 01:39:03,742 [pool-540-thread-1] INFO  server.RaftServer$Division (RaftServerImpl.java:start(296)) - fdb9e53e-0679-45da-9a61-20e122f839df@group-FC73588AFD2D: start as a follower, conf=-1: [fdb9e53e-0679-45da-9a61-20e122f839df|rpc:10.1.0.25:40867|priority:1, cff69f77-ea12-413c-a988-d2a44a5ca406|rpc:10.1.0.25:34387|priority:0, be41d154-e08a-4361-999c-a2746058d00f|rpc:10.1.0.25:33043|priority:0], old=null
2021-09-05 01:39:03,755 [pool-540-thread-1] INFO  server.RaftServer$Division (RaftServerImpl.java:setRole(285)) - fdb9e53e-0679-45da-9a61-20e122f839df@group-FC73588AFD2D: changes role from      null to FOLLOWER at term 0 for startAsFollower
2021-09-05 01:39:03,755 [pool-540-thread-1] INFO  impl.RoleInfo (RoleInfo.java:updateAndGet(130)) - fdb9e53e-0679-45da-9a61-20e122f839df: start fdb9e53e-0679-45da-9a61-20e122f839df@group-FC73588AFD2D-FollowerState
2021-09-05 01:39:03,755 [pool-559-thread-1] INFO  server.RaftServerConfigKeys (ConfUtils.java:logGet(44)) - raft.server.log.write.buffer.size = 1048576 (custom)
2021-09-05 01:39:03,756 [pool-559-thread-1] INFO  server.RaftServerConfigKeys (ConfUtils.java:logGet(44)) - raft.server.log.statemachine.data.caching.enabled = true (custom)
2021-09-05 01:39:03,756 [pool-559-thread-1] INFO  segmented.SegmentedRaftLogWorker (SegmentedRaftLogWorker.java:lambda$new$0(133)) - be41d154-e08a-4361-999c-a2746058d00f@group-6D81F426558A-SegmentedRaftLogWorker: flushIndex: setUnconditionally 0 -> -1
2021-09-05 01:39:03,756 [pool-559-thread-1] INFO  segmented.SegmentedRaftLogWorker (SegmentedRaftLogWorker.java:lambda$new$0(133)) - be41d154-e08a-4361-999c-a2746058d00f@group-6D81F426558A-SegmentedRaftLogWorker: safeCacheEvictIndex: setUnconditionally 0 -> -1
2021-09-05 01:39:03,764 [pool-540-thread-1] INFO  util.JmxRegister (JmxRegister.java:tryRegister(44)) - Successfully registered JMX Bean with object name Ratis:service=RaftServer,group=group-FC73588AFD2D,id=fdb9e53e-0679-45da-9a61-20e122f839df
2021-09-05 01:39:03,766 [Command processor thread] INFO  ratis.XceiverServerRatis (XceiverServerRatis.java:addGroup(763)) - Created group PipelineID=97e19d54-76f6-4db6-b4a5-fc73588afd2d
2021-09-05 01:39:03,806 [grpc-default-executor-3] INFO  server.RaftServer (RaftServerProxy.java:addNew(95)) - be41d154-e08a-4361-999c-a2746058d00f: addNew group-FC73588AFD2D:[fdb9e53e-0679-45da-9a61-20e122f839df|rpc:10.1.0.25:40867|dataStream:|priority:1, cff69f77-ea12-413c-a988-d2a44a5ca406|rpc:10.1.0.25:34387|dataStream:|priority:0, be41d154-e08a-4361-999c-a2746058d00f|rpc:10.1.0.25:33043|dataStream:|priority:0] returns group-FC73588AFD2D:java.util.concurrent.CompletableFuture@799bd5ab[Not completed]
2021-09-05 01:39:03,819 [pool-559-thread-1] INFO  server.RaftServerConfigKeys (ConfUtils.java:logGet(44)) - raft.server.snapshot.auto.trigger.enabled = true (custom)
2021-09-05 01:39:03,820 [pool-559-thread-1] INFO  server.RaftServerConfigKeys (ConfUtils.java:logGet(44)) - raft.server.snapshot.auto.trigger.threshold = 10000 (custom)
2021-09-05 01:39:03,820 [pool-559-thread-1] INFO  server.RaftServerConfigKeys (ConfUtils.java:logGet(44)) - raft.server.snapshot.retention.file.num = 5 (custom)
2021-09-05 01:39:03,820 [pool-559-thread-1] INFO  server.RaftServerConfigKeys (ConfUtils.java:logGet(44)) - raft.server.log.purge.upto.snapshot.index = false (default)
2021-09-05 01:39:03,820 [pool-559-thread-1] INFO  server.RaftServerConfigKeys (ConfUtils.java:logGet(44)) - raft.server.retrycache.expirytime = 600000ms (custom)
2021-09-05 01:39:03,820 [pool-559-thread-1] INFO  server.RaftServerConfigKeys (ConfUtils.java:logGet(44)) - raft.server.retrycache.statistics.expirytime = 100μs (default)
2021-09-05 01:39:03,823 [pool-559-thread-1] INFO  server.RaftServer$Division (RaftServerImpl.java:<init>(181)) - be41d154-e08a-4361-999c-a2746058d00f: new RaftServerImpl for group-FC73588AFD2D:[fdb9e53e-0679-45da-9a61-20e122f839df|rpc:10.1.0.25:40867|dataStream:|priority:1, cff69f77-ea12-413c-a988-d2a44a5ca406|rpc:10.1.0.25:34387|dataStream:|priority:0, be41d154-e08a-4361-999c-a2746058d00f|rpc:10.1.0.25:33043|dataStream:|priority:0] with ContainerStateMachine:uninitialized
2021-09-05 01:39:03,853 [pool-559-thread-1] INFO  server.RaftServerConfigKeys (ConfUtils.java:logGet(44)) - raft.server.rpc.timeout.min = 5s (custom)
2021-09-05 01:39:03,853 [pool-559-thread-1] INFO  server.RaftServerConfigKeys (ConfUtils.java:logGet(44)) - raft.server.rpc.timeout.max = 5200ms (custom)
2021-09-05 01:39:03,853 [pool-559-thread-1] INFO  server.RaftServerConfigKeys (ConfUtils.java:logGet(44)) - raft.server.rpc.sleep.time = 25ms (default)
2021-09-05 01:39:03,853 [Command processor thread] INFO  commandhandler.CreatePipelineCommandHandler (CreatePipelineCommandHandler.java:handle(106)) - Created Pipeline RATIS THREE PipelineID=61f36f49-61fb-4aab-819c-c6b97df9feba.
2021-09-05 01:39:03,854 [Command processor thread] INFO  server.RaftServer (RaftServerProxy.java:addNew(95)) - cff69f77-ea12-413c-a988-d2a44a5ca406: addNew group-FC73588AFD2D:[fdb9e53e-0679-45da-9a61-20e122f839df|rpc:10.1.0.25:40867|priority:1, cff69f77-ea12-413c-a988-d2a44a5ca406|rpc:10.1.0.25:34387|priority:0, be41d154-e08a-4361-999c-a2746058d00f|rpc:10.1.0.25:33043|priority:0] returns group-FC73588AFD2D:java.util.concurrent.CompletableFuture@6e3d580c[Not completed]
2021-09-05 01:39:03,855 [pool-521-thread-1] INFO  server.RaftServer$Division (RaftServerImpl.java:<init>(181)) - cff69f77-ea12-413c-a988-d2a44a5ca406: new RaftServerImpl for group-FC73588AFD2D:[fdb9e53e-0679-45da-9a61-20e122f839df|rpc:10.1.0.25:40867|priority:1, cff69f77-ea12-413c-a988-d2a44a5ca406|rpc:10.1.0.25:34387|priority:0, be41d154-e08a-4361-999c-a2746058d00f|rpc:10.1.0.25:33043|priority:0] with ContainerStateMachine:uninitialized
2021-09-05 01:39:03,855 [pool-521-thread-1] INFO  server.RaftServerConfigKeys (ConfUtils.java:logGet(44)) - raft.server.rpc.timeout.min = 5s (custom)
2021-09-05 01:39:03,855 [pool-521-thread-1] INFO  server.RaftServerConfigKeys (ConfUtils.java:logGet(44)) - raft.server.rpc.timeout.max = 5200ms (custom)
2021-09-05 01:39:03,855 [pool-521-thread-1] INFO  server.RaftServerConfigKeys (ConfUtils.java:logGet(44)) - raft.server.rpc.sleep.time = 25ms (default)
2021-09-05 01:39:03,855 [pool-521-thread-1] INFO  server.RaftServerConfigKeys (ConfUtils.java:logGet(44)) - raft.server.rpc.slowness.timeout = 300000ms (custom)
2021-09-05 01:39:03,855 [pool-521-thread-1] INFO  server.RaftServerConfigKeys (ConfUtils.java:logGet(44)) - raft.server.leaderelection.leader.step-down.wait-time = 10s (default)
2021-09-05 01:39:03,855 [pool-521-thread-1] INFO  server.RaftServerConfigKeys (ConfUtils.java:logGet(44)) - raft.server.sleep.deviation.threshold = 300ms (default)
2021-09-05 01:39:03,855 [pool-521-thread-1] INFO  server.RaftServerConfigKeys (ConfUtils.java:logGet(44)) - raft.server.log.appender.install.snapshot.enabled = false (custom)
2021-09-05 01:39:03,855 [pool-521-thread-1] INFO  server.RaftServer$Division (ServerState.java:<init>(105)) - cff69f77-ea12-413c-a988-d2a44a5ca406@group-FC73588AFD2D: ConfigurationManager, init=-1: [fdb9e53e-0679-45da-9a61-20e122f839df|rpc:10.1.0.25:40867|priority:1, cff69f77-ea12-413c-a988-d2a44a5ca406|rpc:10.1.0.25:34387|priority:0, be41d154-e08a-4361-999c-a2746058d00f|rpc:10.1.0.25:33043|priority:0], old=null, confs=<EMPTY_MAP>
2021-09-05 01:39:03,856 [pool-521-thread-1] INFO  server.RaftServerConfigKeys (ConfUtils.java:logGet(44)) - raft.server.storage.dir = [/home/runner/work/ozone/ozone/hadoop-ozone/integration-test/target/test-dir/MiniOzoneClusterImpl-37340386-36af-4fa8-9723-b8f583b28ff6/datanode-0/data/ratis] (custom)
2021-09-05 01:39:03,856 [pool-521-thread-1] INFO  server.RaftServerConfigKeys (ConfUtils.java:logGet(44)) - raft.server.log.corruption.policy = EXCEPTION (default)
2021-09-05 01:39:03,856 [pool-521-thread-1] INFO  server.RaftServerConfigKeys (ConfUtils.java:logGet(44)) - raft.server.storage.free-space.min = 0MB (=0) (default)
2021-09-05 01:39:03,856 [pool-521-thread-1] INFO  storage.RaftStorageDirectory (RaftStorageDirectoryImpl.java:analyzeStorage(135)) - The storage directory /home/runner/work/ozone/ozone/hadoop-ozone/integration-test/target/test-dir/MiniOzoneClusterImpl-37340386-36af-4fa8-9723-b8f583b28ff6/datanode-0/data/ratis/97e19d54-76f6-4db6-b4a5-fc73588afd2d does not exist. Creating ...
2021-09-05 01:39:03,856 [pool-559-thread-1] INFO  server.RaftServerConfigKeys (ConfUtils.java:logGet(44)) - raft.server.rpc.slowness.timeout = 300000ms (custom)
2021-09-05 01:39:03,856 [pool-559-thread-1] INFO  server.RaftServerConfigKeys (ConfUtils.java:logGet(44)) - raft.server.leaderelection.leader.step-down.wait-time = 10s (default)
2021-09-05 01:39:03,856 [pool-559-thread-1] INFO  server.RaftServerConfigKeys (ConfUtils.java:logGet(44)) - raft.server.sleep.deviation.threshold = 300ms (default)
2021-09-05 01:39:03,856 [pool-559-thread-1] INFO  server.RaftServerConfigKeys (ConfUtils.java:logGet(44)) - raft.server.log.appender.install.snapshot.enabled = false (custom)
2021-09-05 01:39:03,856 [pool-559-thread-1] INFO  server.RaftServer$Division (ServerState.java:<init>(105)) - be41d154-e08a-4361-999c-a2746058d00f@group-FC73588AFD2D: ConfigurationManager, init=-1: [fdb9e53e-0679-45da-9a61-20e122f839df|rpc:10.1.0.25:40867|dataStream:|priority:1, cff69f77-ea12-413c-a988-d2a44a5ca406|rpc:10.1.0.25:34387|dataStream:|priority:0, be41d154-e08a-4361-999c-a2746058d00f|rpc:10.1.0.25:33043|dataStream:|priority:0], old=null, confs=<EMPTY_MAP>
2021-09-05 01:39:03,856 [pool-559-thread-1] INFO  server.RaftServerConfigKeys (ConfUtils.java:logGet(44)) - raft.server.storage.dir = [/home/runner/work/ozone/ozone/hadoop-ozone/integration-test/target/test-dir/MiniOzoneClusterImpl-37340386-36af-4fa8-9723-b8f583b28ff6/datanode-2/data/ratis] (custom)
2021-09-05 01:39:03,857 [pool-559-thread-1] INFO  server.RaftServerConfigKeys (ConfUtils.java:logGet(44)) - raft.server.log.corruption.policy = EXCEPTION (default)
2021-09-05 01:39:03,857 [pool-559-thread-1] INFO  server.RaftServerConfigKeys (ConfUtils.java:logGet(44)) - raft.server.storage.free-space.min = 0MB (=0) (default)
2021-09-05 01:39:03,857 [pool-521-thread-1] INFO  storage.RaftStorageDirectory (RaftStorageDirectoryImpl.java:tryLock(230)) - Lock on /home/runner/work/ozone/ozone/hadoop-ozone/integration-test/target/test-dir/MiniOzoneClusterImpl-37340386-36af-4fa8-9723-b8f583b28ff6/datanode-0/data/ratis/97e19d54-76f6-4db6-b4a5-fc73588afd2d/in_use.lock acquired by nodename 19671@fv-az270-420
2021-09-05 01:39:03,857 [pool-559-thread-1] INFO  storage.RaftStorageDirectory (RaftStorageDirectoryImpl.java:analyzeStorage(135)) - The storage directory /home/runner/work/ozone/ozone/hadoop-ozone/integration-test/target/test-dir/MiniOzoneClusterImpl-37340386-36af-4fa8-9723-b8f583b28ff6/datanode-2/data/ratis/97e19d54-76f6-4db6-b4a5-fc73588afd2d does not exist. Creating ...
2021-09-05 01:39:03,858 [pool-521-thread-1] INFO  storage.RaftStorage (RaftStorageImpl.java:format(89)) - Storage directory /home/runner/work/ozone/ozone/hadoop-ozone/integration-test/target/test-dir/MiniOzoneClusterImpl-37340386-36af-4fa8-9723-b8f583b28ff6/datanode-0/data/ratis/97e19d54-76f6-4db6-b4a5-fc73588afd2d has been successfully formatted.
2021-09-05 01:39:03,858 [Datanode State Machine Thread - 0] WARN  statemachine.StateContext (StateContext.java:execute(621)) - No available thread in pool for past 1 seconds.
2021-09-05 01:39:03,858 [pool-521-thread-1] INFO  ratis.ContainerStateMachine (ContainerStateMachine.java:loadSnapshot(224)) - group-FC73588AFD2D: The snapshot info is null. Setting the last applied indexto:(t:0, i:~)
2021-09-05 01:39:03,858 [pool-521-thread-1] INFO  server.RaftServerConfigKeys (ConfUtils.java:logGet(44)) - raft.server.notification.no-leader.timeout = 300000ms (custom)
2021-09-05 01:39:03,858 [pool-521-thread-1] INFO  server.RaftServerConfigKeys (ConfUtils.java:logGet(44)) - raft.server.log.use.memory = false (default)
2021-09-05 01:39:03,858 [pool-521-thread-1] INFO  server.RaftServerConfigKeys (ConfUtils.java:logGet(44)) - raft.server.log.purge.gap = 1000000 (custom)
2021-09-05 01:39:03,858 [pool-521-thread-1] INFO  server.RaftServerConfigKeys (ConfUtils.java:logGet(44)) - raft.server.log.appender.buffer.byte-limit = 33554432 (custom)
2021-09-05 01:39:03,859 [pool-521-thread-1] INFO  server.RaftServerConfigKeys (ConfUtils.java:logGet(44)) - raft.server.log.segment.size.max = 1048576 (custom)
2021-09-05 01:39:03,859 [pool-521-thread-1] INFO  server.RaftServerConfigKeys (ConfUtils.java:logGet(44)) - raft.server.log.segment.cache.num.max = 2 (custom)
2021-09-05 01:39:03,859 [pool-521-thread-1] INFO  server.RaftServerConfigKeys (ConfUtils.java:logGet(44)) - raft.server.log.segment.cache.size.max = 200MB (=209715200) (default)
2021-09-05 01:39:03,859 [pool-521-thread-1] INFO  segmented.SegmentedRaftLogWorker (SegmentedRaftLogWorker.java:<init>(182)) - new cff69f77-ea12-413c-a988-d2a44a5ca406@group-FC73588AFD2D-SegmentedRaftLogWorker for RaftStorageImpl:Storage Directory /home/runner/work/ozone/ozone/hadoop-ozone/integration-test/target/test-dir/MiniOzoneClusterImpl-37340386-36af-4fa8-9723-b8f583b28ff6/datanode-0/data/ratis/97e19d54-76f6-4db6-b4a5-fc73588afd2d
2021-09-05 01:39:03,859 [pool-521-thread-1] INFO  server.RaftServerConfigKeys (ConfUtils.java:logGet(44)) - raft.server.log.queue.byte-limit = 2147483647 (custom)
2021-09-05 01:39:03,859 [pool-521-thread-1] INFO  server.RaftServerConfigKeys (ConfUtils.java:logGet(44)) - raft.server.log.queue.element-limit = 1024 (custom)
2021-09-05 01:39:03,859 [pool-521-thread-1] INFO  server.RaftServerConfigKeys (ConfUtils.java:logGet(44)) - raft.server.log.segment.size.max = 1048576 (custom)
2021-09-05 01:39:03,859 [pool-521-thread-1] INFO  server.RaftServerConfigKeys (ConfUtils.java:logGet(44)) - raft.server.log.preallocated.size = 16384 (custom)
2021-09-05 01:39:03,859 [pool-521-thread-1] INFO  server.RaftServerConfigKeys (ConfUtils.java:logGet(44)) - raft.server.log.force.sync.num = 128 (default)
2021-09-05 01:39:03,859 [pool-521-thread-1] INFO  server.RaftServerConfigKeys (ConfUtils.java:logGet(44)) - raft.server.log.statemachine.data.sync = true (default)
2021-09-05 01:39:03,860 [pool-521-thread-1] INFO  server.RaftServerConfigKeys (ConfUtils.java:logGet(44)) - raft.server.log.statemachine.data.sync.timeout = 10s (default)
2021-09-05 01:39:03,860 [pool-521-thread-1] INFO  server.RaftServerConfigKeys (ConfUtils.java:logGet(44)) - raft.server.log.statemachine.data.sync.timeout.retry = -1 (default)
2021-09-05 01:39:03,860 [pool-559-thread-1] INFO  storage.RaftStorageDirectory (RaftStorageDirectoryImpl.java:tryLock(230)) - Lock on /home/runner/work/ozone/ozone/hadoop-ozone/integration-test/target/test-dir/MiniOzoneClusterImpl-37340386-36af-4fa8-9723-b8f583b28ff6/datanode-2/data/ratis/97e19d54-76f6-4db6-b4a5-fc73588afd2d/in_use.lock acquired by nodename 19671@fv-az270-420
2021-09-05 01:39:03,862 [EventQueue-OpenPipelineForHealthyPipelineSafeModeRule] INFO  safemode.SCMSafeModeManager (HealthyPipelineSafeModeRule.java:process(124)) - SCM in safe mode. Healthy pipelines reported count is 0, required healthy pipeline reported count is 1
2021-09-05 01:39:03,862 [pool-559-thread-1] INFO  storage.RaftStorage (RaftStorageImpl.java:format(89)) - Storage directory /home/runner/work/ozone/ozone/hadoop-ozone/integration-test/target/test-dir/MiniOzoneClusterImpl-37340386-36af-4fa8-9723-b8f583b28ff6/datanode-2/data/ratis/97e19d54-76f6-4db6-b4a5-fc73588afd2d has been successfully formatted.
2021-09-05 01:39:03,862 [Datanode State Machine Thread - 0] WARN  statemachine.StateContext (StateContext.java:execute(621)) - No available thread in pool for past 1 seconds.
2021-09-05 01:39:03,862 [pool-559-thread-1] INFO  ratis.ContainerStateMachine (ContainerStateMachine.java:loadSnapshot(224)) - group-FC73588AFD2D: The snapshot info is null. Setting the last applied indexto:(t:0, i:~)
2021-09-05 01:39:03,863 [pool-559-thread-1] INFO  server.RaftServerConfigKeys (ConfUtils.java:logGet(44)) - raft.server.notification.no-leader.timeout = 300000ms (custom)
2021-09-05 01:39:03,863 [pool-559-thread-1] INFO  server.RaftServerConfigKeys (ConfUtils.java:logGet(44)) - raft.server.log.use.memory = false (default)
2021-09-05 01:39:03,863 [pool-559-thread-1] INFO  server.RaftServerConfigKeys (ConfUtils.java:logGet(44)) - raft.server.log.purge.gap = 1000000 (custom)
2021-09-05 01:39:03,863 [pool-559-thread-1] INFO  server.RaftServerConfigKeys (ConfUtils.java:logGet(44)) - raft.server.log.appender.buffer.byte-limit = 33554432 (custom)
2021-09-05 01:39:03,863 [pool-559-thread-1] INFO  server.RaftServerConfigKeys (ConfUtils.java:logGet(44)) - raft.server.log.segment.size.max = 1048576 (custom)
2021-09-05 01:39:03,863 [pool-559-thread-1] INFO  server.RaftServerConfigKeys (ConfUtils.java:logGet(44)) - raft.server.log.segment.cache.num.max = 2 (custom)
2021-09-05 01:39:03,863 [pool-559-thread-1] INFO  server.RaftServerConfigKeys (ConfUtils.java:logGet(44)) - raft.server.log.segment.cache.size.max = 200MB (=209715200) (default)
2021-09-05 01:39:03,863 [pool-559-thread-1] INFO  segmented.SegmentedRaftLogWorker (SegmentedRaftLogWorker.java:<init>(182)) - new be41d154-e08a-4361-999c-a2746058d00f@group-FC73588AFD2D-SegmentedRaftLogWorker for RaftStorageImpl:Storage Directory /home/runner/work/ozone/ozone/hadoop-ozone/integration-test/target/test-dir/MiniOzoneClusterImpl-37340386-36af-4fa8-9723-b8f583b28ff6/datanode-2/data/ratis/97e19d54-76f6-4db6-b4a5-fc73588afd2d
2021-09-05 01:39:03,863 [pool-559-thread-1] INFO  server.RaftServerConfigKeys (ConfUtils.java:logGet(44)) - raft.server.log.queue.byte-limit = 2147483647 (custom)
2021-09-05 01:39:03,864 [pool-559-thread-1] INFO  server.RaftServerConfigKeys (ConfUtils.java:logGet(44)) - raft.server.log.queue.element-limit = 1024 (custom)
2021-09-05 01:39:03,866 [EventQueue-OpenPipelineForHealthyPipelineSafeModeRule] INFO  safemode.SCMSafeModeManager (HealthyPipelineSafeModeRule.java:process(124)) - SCM in safe mode. Healthy pipelines reported count is 0, required healthy pipeline reported count is 1
2021-09-05 01:39:03,864 [pool-521-thread-1] INFO  server.RaftServerConfigKeys (ConfUtils.java:logGet(44)) - raft.server.log.write.buffer.size = 1048576 (custom)
2021-09-05 01:39:03,922 [pool-521-thread-1] INFO  server.RaftServerConfigKeys (ConfUtils.java:logGet(44)) - raft.server.log.statemachine.data.caching.enabled = true (custom)
2021-09-05 01:39:03,922 [pool-521-thread-1] INFO  segmented.SegmentedRaftLogWorker (SegmentedRaftLogWorker.java:lambda$new$0(133)) - cff69f77-ea12-413c-a988-d2a44a5ca406@group-FC73588AFD2D-SegmentedRaftLogWorker: flushIndex: setUnconditionally 0 -> -1
2021-09-05 01:39:03,922 [pool-521-thread-1] INFO  segmented.SegmentedRaftLogWorker (SegmentedRaftLogWorker.java:lambda$new$0(133)) - cff69f77-ea12-413c-a988-d2a44a5ca406@group-FC73588AFD2D-SegmentedRaftLogWorker: safeCacheEvictIndex: setUnconditionally 0 -> -1
2021-09-05 01:39:03,922 [pool-559-thread-1] INFO  server.RaftServerConfigKeys (ConfUtils.java:logGet(44)) - raft.server.log.segment.size.max = 1048576 (custom)
2021-09-05 01:39:03,922 [pool-559-thread-1] INFO  server.RaftServerConfigKeys (ConfUtils.java:logGet(44)) - raft.server.log.preallocated.size = 16384 (custom)
2021-09-05 01:39:03,922 [pool-559-thread-1] INFO  server.RaftServerConfigKeys (ConfUtils.java:logGet(44)) - raft.server.log.force.sync.num = 128 (default)
2021-09-05 01:39:03,922 [pool-559-thread-1] INFO  server.RaftServerConfigKeys (ConfUtils.java:logGet(44)) - raft.server.log.statemachine.data.sync = true (default)
2021-09-05 01:39:03,923 [pool-559-thread-1] INFO  server.RaftServerConfigKeys (ConfUtils.java:logGet(44)) - raft.server.log.statemachine.data.sync.timeout = 10s (default)
2021-09-05 01:39:03,923 [pool-559-thread-1] INFO  server.RaftServerConfigKeys (ConfUtils.java:logGet(44)) - raft.server.log.statemachine.data.sync.timeout.retry = -1 (default)
2021-09-05 01:39:03,937 [pool-521-thread-1] INFO  server.RaftServerConfigKeys (ConfUtils.java:logGet(44)) - raft.server.snapshot.auto.trigger.enabled = true (custom)
2021-09-05 01:39:03,937 [pool-521-thread-1] INFO  server.RaftServerConfigKeys (ConfUtils.java:logGet(44)) - raft.server.snapshot.auto.trigger.threshold = 10000 (custom)
2021-09-05 01:39:03,937 [pool-521-thread-1] INFO  server.RaftServerConfigKeys (ConfUtils.java:logGet(44)) - raft.server.snapshot.retention.file.num = 5 (custom)
2021-09-05 01:39:03,937 [pool-521-thread-1] INFO  server.RaftServerConfigKeys (ConfUtils.java:logGet(44)) - raft.server.log.purge.upto.snapshot.index = false (default)
2021-09-05 01:39:03,937 [pool-521-thread-1] INFO  server.RaftServerConfigKeys (ConfUtils.java:logGet(44)) - raft.server.retrycache.expirytime = 600000ms (custom)
2021-09-05 01:39:03,937 [pool-521-thread-1] INFO  server.RaftServerConfigKeys (ConfUtils.java:logGet(44)) - raft.server.retrycache.statistics.expirytime = 100μs (default)
2021-09-05 01:39:03,939 [pool-521-thread-1] INFO  server.RaftServer$Division (RaftServerImpl.java:start(296)) - cff69f77-ea12-413c-a988-d2a44a5ca406@group-FC73588AFD2D: start as a follower, conf=-1: [fdb9e53e-0679-45da-9a61-20e122f839df|rpc:10.1.0.25:40867|priority:1, cff69f77-ea12-413c-a988-d2a44a5ca406|rpc:10.1.0.25:34387|priority:0, be41d154-e08a-4361-999c-a2746058d00f|rpc:10.1.0.25:33043|priority:0], old=null
2021-09-05 01:39:03,939 [pool-521-thread-1] INFO  server.RaftServer$Division (RaftServerImpl.java:setRole(285)) - cff69f77-ea12-413c-a988-d2a44a5ca406@group-FC73588AFD2D: changes role from      null to FOLLOWER at term 0 for startAsFollower
2021-09-05 01:39:03,939 [pool-521-thread-1] INFO  impl.RoleInfo (RoleInfo.java:updateAndGet(130)) - cff69f77-ea12-413c-a988-d2a44a5ca406: start cff69f77-ea12-413c-a988-d2a44a5ca406@group-FC73588AFD2D-FollowerState
2021-09-05 01:39:03,957 [pool-521-thread-1] INFO  util.JmxRegister (JmxRegister.java:tryRegister(44)) - Successfully registered JMX Bean with object name Ratis:service=RaftServer,group=group-FC73588AFD2D,id=cff69f77-ea12-413c-a988-d2a44a5ca406
2021-09-05 01:39:03,977 [Command processor thread] INFO  ratis.XceiverServerRatis (XceiverServerRatis.java:addGroup(763)) - Created group PipelineID=97e19d54-76f6-4db6-b4a5-fc73588afd2d
2021-09-05 01:39:03,981 [pool-559-thread-1] INFO  server.RaftServerConfigKeys (ConfUtils.java:logGet(44)) - raft.server.log.write.buffer.size = 1048576 (custom)
2021-09-05 01:39:03,981 [pool-559-thread-1] INFO  server.RaftServerConfigKeys (ConfUtils.java:logGet(44)) - raft.server.log.statemachine.data.caching.enabled = true (custom)
2021-09-05 01:39:03,981 [pool-559-thread-1] INFO  segmented.SegmentedRaftLogWorker (SegmentedRaftLogWorker.java:lambda$new$0(133)) - be41d154-e08a-4361-999c-a2746058d00f@group-FC73588AFD2D-SegmentedRaftLogWorker: flushIndex: setUnconditionally 0 -> -1
2021-09-05 01:39:03,982 [pool-559-thread-1] INFO  segmented.SegmentedRaftLogWorker (SegmentedRaftLogWorker.java:lambda$new$0(133)) - be41d154-e08a-4361-999c-a2746058d00f@group-FC73588AFD2D-SegmentedRaftLogWorker: safeCacheEvictIndex: setUnconditionally 0 -> -1
2021-09-05 01:39:04,021 [pool-559-thread-1] INFO  server.RaftServerConfigKeys (ConfUtils.java:logGet(44)) - raft.server.snapshot.auto.trigger.enabled = true (custom)
2021-09-05 01:39:04,021 [pool-559-thread-1] INFO  server.RaftServerConfigKeys (ConfUtils.java:logGet(44)) - raft.server.snapshot.auto.trigger.threshold = 10000 (custom)
2021-09-05 01:39:04,021 [pool-559-thread-1] INFO  server.RaftServerConfigKeys (ConfUtils.java:logGet(44)) - raft.server.snapshot.retention.file.num = 5 (custom)
2021-09-05 01:39:04,021 [pool-559-thread-1] INFO  server.RaftServerConfigKeys (ConfUtils.java:logGet(44)) - raft.server.log.purge.upto.snapshot.index = false (default)
2021-09-05 01:39:04,034 [pool-559-thread-1] INFO  server.RaftServerConfigKeys (ConfUtils.java:logGet(44)) - raft.server.retrycache.expirytime = 600000ms (custom)
2021-09-05 01:39:04,034 [pool-559-thread-1] INFO  server.RaftServerConfigKeys (ConfUtils.java:logGet(44)) - raft.server.retrycache.statistics.expirytime = 100μs (default)
2021-09-05 01:39:04,036 [pool-559-thread-1] INFO  server.RaftServer$Division (RaftServerImpl.java:start(296)) - be41d154-e08a-4361-999c-a2746058d00f@group-6D81F426558A: start as a follower, conf=-1: [be41d154-e08a-4361-999c-a2746058d00f|rpc:10.1.0.25:33043|priority:1], old=null
2021-09-05 01:39:04,036 [pool-559-thread-1] INFO  server.RaftServer$Division (RaftServerImpl.java:setRole(285)) - be41d154-e08a-4361-999c-a2746058d00f@group-6D81F426558A: changes role from      null to FOLLOWER at term 0 for startAsFollower
2021-09-05 01:39:04,036 [pool-559-thread-1] INFO  impl.RoleInfo (RoleInfo.java:updateAndGet(130)) - be41d154-e08a-4361-999c-a2746058d00f: start be41d154-e08a-4361-999c-a2746058d00f@group-6D81F426558A-FollowerState
2021-09-05 01:39:04,037 [pool-559-thread-1] INFO  util.JmxRegister (JmxRegister.java:tryRegister(44)) - Successfully registered JMX Bean with object name Ratis:service=RaftServer,group=group-6D81F426558A,id=be41d154-e08a-4361-999c-a2746058d00f
2021-09-05 01:39:04,043 [pool-559-thread-1] INFO  server.RaftServer$Division (RaftServerImpl.java:start(296)) - be41d154-e08a-4361-999c-a2746058d00f@group-FC73588AFD2D: start as a follower, conf=-1: [fdb9e53e-0679-45da-9a61-20e122f839df|rpc:10.1.0.25:40867|dataStream:|priority:1, cff69f77-ea12-413c-a988-d2a44a5ca406|rpc:10.1.0.25:34387|dataStream:|priority:0, be41d154-e08a-4361-999c-a2746058d00f|rpc:10.1.0.25:33043|dataStream:|priority:0], old=null
2021-09-05 01:39:04,043 [pool-559-thread-1] INFO  server.RaftServer$Division (RaftServerImpl.java:setRole(285)) - be41d154-e08a-4361-999c-a2746058d00f@group-FC73588AFD2D: changes role from      null to FOLLOWER at term 0 for startAsFollower
2021-09-05 01:39:04,043 [pool-559-thread-1] INFO  impl.RoleInfo (RoleInfo.java:updateAndGet(130)) - be41d154-e08a-4361-999c-a2746058d00f: start be41d154-e08a-4361-999c-a2746058d00f@group-FC73588AFD2D-FollowerState
2021-09-05 01:39:04,043 [Command processor thread] INFO  ratis.XceiverServerRatis (XceiverServerRatis.java:addGroup(763)) - Created group PipelineID=b7f1090e-520a-432c-8d7d-6d81f426558a
2021-09-05 01:39:04,043 [Command processor thread] INFO  commandhandler.CreatePipelineCommandHandler (CreatePipelineCommandHandler.java:handle(106)) - Created Pipeline RATIS ONE PipelineID=b7f1090e-520a-432c-8d7d-6d81f426558a.
2021-09-05 01:39:04,044 [Command processor thread] INFO  server.RaftServer (RaftServerProxy.java:addNew(95)) - be41d154-e08a-4361-999c-a2746058d00f: addNew group-6DE84E8794FA:[fdb9e53e-0679-45da-9a61-20e122f839df|rpc:10.1.0.25:40867|priority:0, cff69f77-ea12-413c-a988-d2a44a5ca406|rpc:10.1.0.25:34387|priority:1, be41d154-e08a-4361-999c-a2746058d00f|rpc:10.1.0.25:33043|priority:0] returns group-6DE84E8794FA:java.util.concurrent.CompletableFuture@4b17deeb[Not completed]
2021-09-05 01:39:04,111 [pool-559-thread-1] INFO  util.JmxRegister (JmxRegister.java:tryRegister(44)) - Successfully registered JMX Bean with object name Ratis:service=RaftServer,group=group-FC73588AFD2D,id=be41d154-e08a-4361-999c-a2746058d00f
2021-09-05 01:39:04,114 [pool-559-thread-1] INFO  server.RaftServer$Division (RaftServerImpl.java:<init>(181)) - be41d154-e08a-4361-999c-a2746058d00f: new RaftServerImpl for group-6DE84E8794FA:[fdb9e53e-0679-45da-9a61-20e122f839df|rpc:10.1.0.25:40867|priority:0, cff69f77-ea12-413c-a988-d2a44a5ca406|rpc:10.1.0.25:34387|priority:1, be41d154-e08a-4361-999c-a2746058d00f|rpc:10.1.0.25:33043|priority:0] with ContainerStateMachine:uninitialized
2021-09-05 01:39:04,115 [pool-559-thread-1] INFO  server.RaftServerConfigKeys (ConfUtils.java:logGet(44)) - raft.server.rpc.timeout.min = 5s (custom)
2021-09-05 01:39:04,115 [pool-559-thread-1] INFO  server.RaftServerConfigKeys (ConfUtils.java:logGet(44)) - raft.server.rpc.timeout.max = 5200ms (custom)
2021-09-05 01:39:04,115 [pool-559-thread-1] INFO  server.RaftServerConfigKeys (ConfUtils.java:logGet(44)) - raft.server.rpc.sleep.time = 25ms (default)
2021-09-05 01:39:04,115 [pool-559-thread-1] INFO  server.RaftServerConfigKeys (ConfUtils.java:logGet(44)) - raft.server.rpc.slowness.timeout = 300000ms (custom)
2021-09-05 01:39:04,115 [pool-559-thread-1] INFO  server.RaftServerConfigKeys (ConfUtils.java:logGet(44)) - raft.server.leaderelection.leader.step-down.wait-time = 10s (default)
2021-09-05 01:39:04,115 [pool-559-thread-1] INFO  server.RaftServerConfigKeys (ConfUtils.java:logGet(44)) - raft.server.sleep.deviation.threshold = 300ms (default)
2021-09-05 01:39:04,115 [pool-559-thread-1] INFO  server.RaftServerConfigKeys (ConfUtils.java:logGet(44)) - raft.server.log.appender.install.snapshot.enabled = false (custom)
2021-09-05 01:39:04,115 [pool-559-thread-1] INFO  server.RaftServer$Division (ServerState.java:<init>(105)) - be41d154-e08a-4361-999c-a2746058d00f@group-6DE84E8794FA: ConfigurationManager, init=-1: [fdb9e53e-0679-45da-9a61-20e122f839df|rpc:10.1.0.25:40867|priority:0, cff69f77-ea12-413c-a988-d2a44a5ca406|rpc:10.1.0.25:34387|priority:1, be41d154-e08a-4361-999c-a2746058d00f|rpc:10.1.0.25:33043|priority:0], old=null, confs=<EMPTY_MAP>
2021-09-05 01:39:04,115 [pool-559-thread-1] INFO  server.RaftServerConfigKeys (ConfUtils.java:logGet(44)) - raft.server.storage.dir = [/home/runner/work/ozone/ozone/hadoop-ozone/integration-test/target/test-dir/MiniOzoneClusterImpl-37340386-36af-4fa8-9723-b8f583b28ff6/datanode-2/data/ratis] (custom)
2021-09-05 01:39:04,115 [pool-559-thread-1] INFO  server.RaftServerConfigKeys (ConfUtils.java:logGet(44)) - raft.server.log.corruption.policy = EXCEPTION (default)
2021-09-05 01:39:04,115 [pool-559-thread-1] INFO  server.RaftServerConfigKeys (ConfUtils.java:logGet(44)) - raft.server.storage.free-space.min = 0MB (=0) (default)
2021-09-05 01:39:04,115 [pool-559-thread-1] INFO  storage.RaftStorageDirectory (RaftStorageDirectoryImpl.java:analyzeStorage(135)) - The storage directory /home/runner/work/ozone/ozone/hadoop-ozone/integration-test/target/test-dir/MiniOzoneClusterImpl-37340386-36af-4fa8-9723-b8f583b28ff6/datanode-2/data/ratis/804a25d7-b2b5-40eb-8b1c-6de84e8794fa does not exist. Creating ...
2021-09-05 01:39:04,135 [pool-559-thread-1] INFO  storage.RaftStorageDirectory (RaftStorageDirectoryImpl.java:tryLock(230)) - Lock on /home/runner/work/ozone/ozone/hadoop-ozone/integration-test/target/test-dir/MiniOzoneClusterImpl-37340386-36af-4fa8-9723-b8f583b28ff6/datanode-2/data/ratis/804a25d7-b2b5-40eb-8b1c-6de84e8794fa/in_use.lock acquired by nodename 19671@fv-az270-420
2021-09-05 01:39:04,141 [pool-559-thread-1] INFO  storage.RaftStorage (RaftStorageImpl.java:format(89)) - Storage directory /home/runner/work/ozone/ozone/hadoop-ozone/integration-test/target/test-dir/MiniOzoneClusterImpl-37340386-36af-4fa8-9723-b8f583b28ff6/datanode-2/data/ratis/804a25d7-b2b5-40eb-8b1c-6de84e8794fa has been successfully formatted.
2021-09-05 01:39:04,144 [pool-559-thread-1] INFO  ratis.ContainerStateMachine (ContainerStateMachine.java:loadSnapshot(224)) - group-6DE84E8794FA: The snapshot info is null. Setting the last applied indexto:(t:0, i:~)
2021-09-05 01:39:04,153 [Datanode State Machine Thread - 0] WARN  statemachine.StateContext (StateContext.java:execute(621)) - No available thread in pool for past 1 seconds.
2021-09-05 01:39:04,153 [pool-559-thread-1] INFO  server.RaftServerConfigKeys (ConfUtils.java:logGet(44)) - raft.server.notification.no-leader.timeout = 300000ms (custom)
2021-09-05 01:39:04,153 [pool-559-thread-1] INFO  server.RaftServerConfigKeys (ConfUtils.java:logGet(44)) - raft.server.log.use.memory = false (default)
2021-09-05 01:39:04,153 [pool-559-thread-1] INFO  server.RaftServerConfigKeys (ConfUtils.java:logGet(44)) - raft.server.log.purge.gap = 1000000 (custom)
2021-09-05 01:39:04,153 [pool-559-thread-1] INFO  server.RaftServerConfigKeys (ConfUtils.java:logGet(44)) - raft.server.log.appender.buffer.byte-limit = 33554432 (custom)
2021-09-05 01:39:04,154 [pool-559-thread-1] INFO  server.RaftServerConfigKeys (ConfUtils.java:logGet(44)) - raft.server.log.segment.size.max = 1048576 (custom)
2021-09-05 01:39:04,154 [pool-559-thread-1] INFO  server.RaftServerConfigKeys (ConfUtils.java:logGet(44)) - raft.server.log.segment.cache.num.max = 2 (custom)
2021-09-05 01:39:04,154 [pool-559-thread-1] INFO  server.RaftServerConfigKeys (ConfUtils.java:logGet(44)) - raft.server.log.segment.cache.size.max = 200MB (=209715200) (default)
2021-09-05 01:39:04,154 [pool-559-thread-1] INFO  segmented.SegmentedRaftLogWorker (SegmentedRaftLogWorker.java:<init>(182)) - new be41d154-e08a-4361-999c-a2746058d00f@group-6DE84E8794FA-SegmentedRaftLogWorker for RaftStorageImpl:Storage Directory /home/runner/work/ozone/ozone/hadoop-ozone/integration-test/target/test-dir/MiniOzoneClusterImpl-37340386-36af-4fa8-9723-b8f583b28ff6/datanode-2/data/ratis/804a25d7-b2b5-40eb-8b1c-6de84e8794fa
2021-09-05 01:39:04,154 [pool-559-thread-1] INFO  server.RaftServerConfigKeys (ConfUtils.java:logGet(44)) - raft.server.log.queue.byte-limit = 2147483647 (custom)
2021-09-05 01:39:04,154 [pool-559-thread-1] INFO  server.RaftServerConfigKeys (ConfUtils.java:logGet(44)) - raft.server.log.queue.element-limit = 1024 (custom)
2021-09-05 01:39:04,154 [pool-559-thread-1] INFO  server.RaftServerConfigKeys (ConfUtils.java:logGet(44)) - raft.server.log.segment.size.max = 1048576 (custom)
2021-09-05 01:39:04,154 [pool-559-thread-1] INFO  server.RaftServerConfigKeys (ConfUtils.java:logGet(44)) - raft.server.log.preallocated.size = 16384 (custom)
2021-09-05 01:39:04,155 [pool-559-thread-1] INFO  server.RaftServerConfigKeys (ConfUtils.java:logGet(44)) - raft.server.log.force.sync.num = 128 (default)
2021-09-05 01:39:04,155 [pool-559-thread-1] INFO  server.RaftServerConfigKeys (ConfUtils.java:logGet(44)) - raft.server.log.statemachine.data.sync = true (default)
2021-09-05 01:39:04,155 [pool-559-thread-1] INFO  server.RaftServerConfigKeys (ConfUtils.java:logGet(44)) - raft.server.log.statemachine.data.sync.timeout = 10s (default)
2021-09-05 01:39:04,155 [pool-559-thread-1] INFO  server.RaftServerConfigKeys (ConfUtils.java:logGet(44)) - raft.server.log.statemachine.data.sync.timeout.retry = -1 (default)
2021-09-05 01:39:04,156 [pool-559-thread-1] INFO  server.RaftServerConfigKeys (ConfUtils.java:logGet(44)) - raft.server.log.write.buffer.size = 1048576 (custom)
2021-09-05 01:39:04,156 [pool-559-thread-1] INFO  server.RaftServerConfigKeys (ConfUtils.java:logGet(44)) - raft.server.log.statemachine.data.caching.enabled = true (custom)
2021-09-05 01:39:04,156 [pool-559-thread-1] INFO  segmented.SegmentedRaftLogWorker (SegmentedRaftLogWorker.java:lambda$new$0(133)) - be41d154-e08a-4361-999c-a2746058d00f@group-6DE84E8794FA-SegmentedRaftLogWorker: flushIndex: setUnconditionally 0 -> -1
2021-09-05 01:39:04,156 [pool-559-thread-1] INFO  segmented.SegmentedRaftLogWorker (SegmentedRaftLogWorker.java:lambda$new$0(133)) - be41d154-e08a-4361-999c-a2746058d00f@group-6DE84E8794FA-SegmentedRaftLogWorker: safeCacheEvictIndex: setUnconditionally 0 -> -1
2021-09-05 01:39:04,164 [EventQueue-OpenPipelineForHealthyPipelineSafeModeRule] INFO  safemode.SCMSafeModeManager (HealthyPipelineSafeModeRule.java:process(124)) - SCM in safe mode. Healthy pipelines reported count is 0, required healthy pipeline reported count is 1
2021-09-05 01:39:04,181 [pool-559-thread-1] INFO  server.RaftServerConfigKeys (ConfUtils.java:logGet(44)) - raft.server.snapshot.auto.trigger.enabled = true (custom)
2021-09-05 01:39:04,181 [pool-559-thread-1] INFO  server.RaftServerConfigKeys (ConfUtils.java:logGet(44)) - raft.server.snapshot.auto.trigger.threshold = 10000 (custom)
2021-09-05 01:39:04,181 [pool-559-thread-1] INFO  server.RaftServerConfigKeys (ConfUtils.java:logGet(44)) - raft.server.snapshot.retention.file.num = 5 (custom)
2021-09-05 01:39:04,181 [pool-559-thread-1] INFO  server.RaftServerConfigKeys (ConfUtils.java:logGet(44)) - raft.server.log.purge.upto.snapshot.index = false (default)
2021-09-05 01:39:04,181 [pool-559-thread-1] INFO  server.RaftServerConfigKeys (ConfUtils.java:logGet(44)) - raft.server.retrycache.expirytime = 600000ms (custom)
2021-09-05 01:39:04,181 [pool-559-thread-1] INFO  server.RaftServerConfigKeys (ConfUtils.java:logGet(44)) - raft.server.retrycache.statistics.expirytime = 100μs (default)
2021-09-05 01:39:04,183 [pool-559-thread-1] INFO  server.RaftServer$Division (RaftServerImpl.java:start(296)) - be41d154-e08a-4361-999c-a2746058d00f@group-6DE84E8794FA: start as a follower, conf=-1: [fdb9e53e-0679-45da-9a61-20e122f839df|rpc:10.1.0.25:40867|priority:0, cff69f77-ea12-413c-a988-d2a44a5ca406|rpc:10.1.0.25:34387|priority:1, be41d154-e08a-4361-999c-a2746058d00f|rpc:10.1.0.25:33043|priority:0], old=null
2021-09-05 01:39:04,183 [pool-559-thread-1] INFO  server.RaftServer$Division (RaftServerImpl.java:setRole(285)) - be41d154-e08a-4361-999c-a2746058d00f@group-6DE84E8794FA: changes role from      null to FOLLOWER at term 0 for startAsFollower
2021-09-05 01:39:04,183 [pool-559-thread-1] INFO  impl.RoleInfo (RoleInfo.java:updateAndGet(130)) - be41d154-e08a-4361-999c-a2746058d00f: start be41d154-e08a-4361-999c-a2746058d00f@group-6DE84E8794FA-FollowerState
2021-09-05 01:39:04,193 [pool-559-thread-1] INFO  util.JmxRegister (JmxRegister.java:tryRegister(44)) - Successfully registered JMX Bean with object name Ratis:service=RaftServer,group=group-6DE84E8794FA,id=be41d154-e08a-4361-999c-a2746058d00f
2021-09-05 01:39:04,237 [Command processor thread] INFO  ratis.XceiverServerRatis (XceiverServerRatis.java:addGroup(763)) - Created group PipelineID=804a25d7-b2b5-40eb-8b1c-6de84e8794fa
2021-09-05 01:39:04,357 [grpc-default-executor-3] INFO  server.RaftServer (RaftServerProxy.java:addNew(95)) - cff69f77-ea12-413c-a988-d2a44a5ca406: addNew group-6DE84E8794FA:[fdb9e53e-0679-45da-9a61-20e122f839df|rpc:10.1.0.25:40867|dataStream:|priority:0, cff69f77-ea12-413c-a988-d2a44a5ca406|rpc:10.1.0.25:34387|dataStream:|priority:1, be41d154-e08a-4361-999c-a2746058d00f|rpc:10.1.0.25:33043|dataStream:|priority:0] returns group-6DE84E8794FA:java.util.concurrent.CompletableFuture@2b7a0e11[Not completed]
2021-09-05 01:39:04,357 [pool-521-thread-1] INFO  server.RaftServer$Division (RaftServerImpl.java:<init>(181)) - cff69f77-ea12-413c-a988-d2a44a5ca406: new RaftServerImpl for group-6DE84E8794FA:[fdb9e53e-0679-45da-9a61-20e122f839df|rpc:10.1.0.25:40867|dataStream:|priority:0, cff69f77-ea12-413c-a988-d2a44a5ca406|rpc:10.1.0.25:34387|dataStream:|priority:1, be41d154-e08a-4361-999c-a2746058d00f|rpc:10.1.0.25:33043|dataStream:|priority:0] with ContainerStateMachine:uninitialized
2021-09-05 01:39:04,358 [pool-521-thread-1] INFO  server.RaftServerConfigKeys (ConfUtils.java:logGet(44)) - raft.server.rpc.timeout.min = 5s (custom)
2021-09-05 01:39:04,358 [pool-521-thread-1] INFO  server.RaftServerConfigKeys (ConfUtils.java:logGet(44)) - raft.server.rpc.timeout.max = 5200ms (custom)
2021-09-05 01:39:04,358 [pool-521-thread-1] INFO  server.RaftServerConfigKeys (ConfUtils.java:logGet(44)) - raft.server.rpc.sleep.time = 25ms (default)
2021-09-05 01:39:04,358 [pool-521-thread-1] INFO  server.RaftServerConfigKeys (ConfUtils.java:logGet(44)) - raft.server.rpc.slowness.timeout = 300000ms (custom)
2021-09-05 01:39:04,358 [pool-521-thread-1] INFO  server.RaftServerConfigKeys (ConfUtils.java:logGet(44)) - raft.server.leaderelection.leader.step-down.wait-time = 10s (default)
2021-09-05 01:39:04,358 [pool-521-thread-1] INFO  server.RaftServerConfigKeys (ConfUtils.java:logGet(44)) - raft.server.sleep.deviation.threshold = 300ms (default)
2021-09-05 01:39:04,358 [pool-521-thread-1] INFO  server.RaftServerConfigKeys (ConfUtils.java:logGet(44)) - raft.server.log.appender.install.snapshot.enabled = false (custom)
2021-09-05 01:39:04,358 [pool-521-thread-1] INFO  server.RaftServer$Division (ServerState.java:<init>(105)) - cff69f77-ea12-413c-a988-d2a44a5ca406@group-6DE84E8794FA: ConfigurationManager, init=-1: [fdb9e53e-0679-45da-9a61-20e122f839df|rpc:10.1.0.25:40867|dataStream:|priority:0, cff69f77-ea12-413c-a988-d2a44a5ca406|rpc:10.1.0.25:34387|dataStream:|priority:1, be41d154-e08a-4361-999c-a2746058d00f|rpc:10.1.0.25:33043|dataStream:|priority:0], old=null, confs=<EMPTY_MAP>
2021-09-05 01:39:04,358 [pool-521-thread-1] INFO  server.RaftServerConfigKeys (ConfUtils.java:logGet(44)) - raft.server.storage.dir = [/home/runner/work/ozone/ozone/hadoop-ozone/integration-test/target/test-dir/MiniOzoneClusterImpl-37340386-36af-4fa8-9723-b8f583b28ff6/datanode-0/data/ratis] (custom)
2021-09-05 01:39:04,358 [pool-521-thread-1] INFO  server.RaftServerConfigKeys (ConfUtils.java:logGet(44)) - raft.server.log.corruption.policy = EXCEPTION (default)
2021-09-05 01:39:04,358 [pool-521-thread-1] INFO  server.RaftServerConfigKeys (ConfUtils.java:logGet(44)) - raft.server.storage.free-space.min = 0MB (=0) (default)
2021-09-05 01:39:04,358 [pool-521-thread-1] INFO  storage.RaftStorageDirectory (RaftStorageDirectoryImpl.java:analyzeStorage(135)) - The storage directory /home/runner/work/ozone/ozone/hadoop-ozone/integration-test/target/test-dir/MiniOzoneClusterImpl-37340386-36af-4fa8-9723-b8f583b28ff6/datanode-0/data/ratis/804a25d7-b2b5-40eb-8b1c-6de84e8794fa does not exist. Creating ...
2021-09-05 01:39:04,360 [pool-521-thread-1] INFO  storage.RaftStorageDirectory (RaftStorageDirectoryImpl.java:tryLock(230)) - Lock on /home/runner/work/ozone/ozone/hadoop-ozone/integration-test/target/test-dir/MiniOzoneClusterImpl-37340386-36af-4fa8-9723-b8f583b28ff6/datanode-0/data/ratis/804a25d7-b2b5-40eb-8b1c-6de84e8794fa/in_use.lock acquired by nodename 19671@fv-az270-420
2021-09-05 01:39:04,363 [Command processor thread] INFO  server.RaftServer (RaftServerProxy.java:addNew(95)) - 455161ce-78be-4281-bc2a-a50d1cad5e43: addNew group-F63C28EB37D3:[455161ce-78be-4281-bc2a-a50d1cad5e43|rpc:10.1.0.25:40081|priority:1] returns group-F63C28EB37D3:java.util.concurrent.CompletableFuture@2297893[Not completed]
2021-09-05 01:39:04,364 [pool-578-thread-1] INFO  server.RaftServer$Division (RaftServerImpl.java:<init>(181)) - 455161ce-78be-4281-bc2a-a50d1cad5e43: new RaftServerImpl for group-F63C28EB37D3:[455161ce-78be-4281-bc2a-a50d1cad5e43|rpc:10.1.0.25:40081|priority:1] with ContainerStateMachine:uninitialized
2021-09-05 01:39:04,364 [pool-578-thread-1] INFO  server.RaftServerConfigKeys (ConfUtils.java:logGet(44)) - raft.server.rpc.timeout.min = 5s (custom)
2021-09-05 01:39:04,364 [pool-578-thread-1] INFO  server.RaftServerConfigKeys (ConfUtils.java:logGet(44)) - raft.server.rpc.timeout.max = 5200ms (custom)
2021-09-05 01:39:04,364 [pool-578-thread-1] INFO  server.RaftServerConfigKeys (ConfUtils.java:logGet(44)) - raft.server.rpc.sleep.time = 25ms (default)
2021-09-05 01:39:04,364 [pool-578-thread-1] INFO  server.RaftServerConfigKeys (ConfUtils.java:logGet(44)) - raft.server.rpc.slowness.timeout = 300000ms (custom)
2021-09-05 01:39:04,364 [pool-578-thread-1] INFO  server.RaftServerConfigKeys (ConfUtils.java:logGet(44)) - raft.server.leaderelection.leader.step-down.wait-time = 10s (default)
2021-09-05 01:39:04,364 [pool-578-thread-1] INFO  server.RaftServerConfigKeys (ConfUtils.java:logGet(44)) - raft.server.sleep.deviation.threshold = 300ms (default)
2021-09-05 01:39:04,365 [pool-578-thread-1] INFO  server.RaftServerConfigKeys (ConfUtils.java:logGet(44)) - raft.server.log.appender.install.snapshot.enabled = false (custom)
2021-09-05 01:39:04,365 [pool-578-thread-1] INFO  server.RaftServer$Division (ServerState.java:<init>(105)) - 455161ce-78be-4281-bc2a-a50d1cad5e43@group-F63C28EB37D3: ConfigurationManager, init=-1: [455161ce-78be-4281-bc2a-a50d1cad5e43|rpc:10.1.0.25:40081|priority:1], old=null, confs=<EMPTY_MAP>
2021-09-05 01:39:04,365 [pool-578-thread-1] INFO  server.RaftServerConfigKeys (ConfUtils.java:logGet(44)) - raft.server.storage.dir = [/home/runner/work/ozone/ozone/hadoop-ozone/integration-test/target/test-dir/MiniOzoneClusterImpl-37340386-36af-4fa8-9723-b8f583b28ff6/datanode-3/data/ratis] (custom)
2021-09-05 01:39:04,365 [pool-578-thread-1] INFO  server.RaftServerConfigKeys (ConfUtils.java:logGet(44)) - raft.server.log.corruption.policy = EXCEPTION (default)
2021-09-05 01:39:04,365 [pool-578-thread-1] INFO  server.RaftServerConfigKeys (ConfUtils.java:logGet(44)) - raft.server.storage.free-space.min = 0MB (=0) (default)
2021-09-05 01:39:04,365 [pool-578-thread-1] INFO  storage.RaftStorageDirectory (RaftStorageDirectoryImpl.java:analyzeStorage(135)) - The storage directory /home/runner/work/ozone/ozone/hadoop-ozone/integration-test/target/test-dir/MiniOzoneClusterImpl-37340386-36af-4fa8-9723-b8f583b28ff6/datanode-3/data/ratis/8d319538-a20b-4e4b-87a7-f63c28eb37d3 does not exist. Creating ...
2021-09-05 01:39:04,373 [pool-521-thread-1] INFO  storage.RaftStorage (RaftStorageImpl.java:format(89)) - Storage directory /home/runner/work/ozone/ozone/hadoop-ozone/integration-test/target/test-dir/MiniOzoneClusterImpl-37340386-36af-4fa8-9723-b8f583b28ff6/datanode-0/data/ratis/804a25d7-b2b5-40eb-8b1c-6de84e8794fa has been successfully formatted.
2021-09-05 01:39:04,374 [pool-521-thread-1] INFO  ratis.ContainerStateMachine (ContainerStateMachine.java:loadSnapshot(224)) - group-6DE84E8794FA: The snapshot info is null. Setting the last applied indexto:(t:0, i:~)
2021-09-05 01:39:04,374 [pool-578-thread-1] INFO  storage.RaftStorageDirectory (RaftStorageDirectoryImpl.java:tryLock(230)) - Lock on /home/runner/work/ozone/ozone/hadoop-ozone/integration-test/target/test-dir/MiniOzoneClusterImpl-37340386-36af-4fa8-9723-b8f583b28ff6/datanode-3/data/ratis/8d319538-a20b-4e4b-87a7-f63c28eb37d3/in_use.lock acquired by nodename 19671@fv-az270-420
2021-09-05 01:39:04,375 [Listener at 127.0.0.1/33945] INFO  ozone.MiniOzoneClusterImpl (MiniOzoneClusterImpl.java:lambda$waitForClusterToBeReady$0(235)) - Nodes are ready. Got 7 of 7 DN Heartbeats.
2021-09-05 01:39:04,375 [Listener at 127.0.0.1/33945] INFO  ozone.MiniOzoneClusterImpl (MiniOzoneClusterImpl.java:lambda$waitForClusterToBeReady$0(238)) - Waiting for cluster to exit safe mode
2021-09-05 01:39:04,375 [Listener at 127.0.0.1/33945] INFO  ozone.MiniOzoneClusterImpl (MiniOzoneClusterImpl.java:lambda$waitForClusterToBeReady$0(240)) - SCM became leader
2021-09-05 01:39:04,412 [Datanode State Machine Thread - 0] WARN  statemachine.StateContext (StateContext.java:execute(621)) - No available thread in pool for past 1 seconds.
2021-09-05 01:39:04,412 [pool-521-thread-1] INFO  server.RaftServerConfigKeys (ConfUtils.java:logGet(44)) - raft.server.notification.no-leader.timeout = 300000ms (custom)
2021-09-05 01:39:04,412 [pool-521-thread-1] INFO  server.RaftServerConfigKeys (ConfUtils.java:logGet(44)) - raft.server.log.use.memory = false (default)
2021-09-05 01:39:04,413 [pool-521-thread-1] INFO  server.RaftServerConfigKeys (ConfUtils.java:logGet(44)) - raft.server.log.purge.gap = 1000000 (custom)
2021-09-05 01:39:04,413 [pool-521-thread-1] INFO  server.RaftServerConfigKeys (ConfUtils.java:logGet(44)) - raft.server.log.appender.buffer.byte-limit = 33554432 (custom)
2021-09-05 01:39:04,413 [pool-521-thread-1] INFO  server.RaftServerConfigKeys (ConfUtils.java:logGet(44)) - raft.server.log.segment.size.max = 1048576 (custom)
2021-09-05 01:39:04,413 [pool-521-thread-1] INFO  server.RaftServerConfigKeys (ConfUtils.java:logGet(44)) - raft.server.log.segment.cache.num.max = 2 (custom)
2021-09-05 01:39:04,414 [pool-521-thread-1] INFO  server.RaftServerConfigKeys (ConfUtils.java:logGet(44)) - raft.server.log.segment.cache.size.max = 200MB (=209715200) (default)
2021-09-05 01:39:04,414 [pool-521-thread-1] INFO  segmented.SegmentedRaftLogWorker (SegmentedRaftLogWorker.java:<init>(182)) - new cff69f77-ea12-413c-a988-d2a44a5ca406@group-6DE84E8794FA-SegmentedRaftLogWorker for RaftStorageImpl:Storage Directory /home/runner/work/ozone/ozone/hadoop-ozone/integration-test/target/test-dir/MiniOzoneClusterImpl-37340386-36af-4fa8-9723-b8f583b28ff6/datanode-0/data/ratis/804a25d7-b2b5-40eb-8b1c-6de84e8794fa
2021-09-05 01:39:04,414 [pool-521-thread-1] INFO  server.RaftServerConfigKeys (ConfUtils.java:logGet(44)) - raft.server.log.queue.byte-limit = 2147483647 (custom)
2021-09-05 01:39:04,414 [pool-521-thread-1] INFO  server.RaftServerConfigKeys (ConfUtils.java:logGet(44)) - raft.server.log.queue.element-limit = 1024 (custom)
2021-09-05 01:39:04,414 [pool-521-thread-1] INFO  server.RaftServerConfigKeys (ConfUtils.java:logGet(44)) - raft.server.log.segment.size.max = 1048576 (custom)
2021-09-05 01:39:04,414 [pool-521-thread-1] INFO  server.RaftServerConfigKeys (ConfUtils.java:logGet(44)) - raft.server.log.preallocated.size = 16384 (custom)
2021-09-05 01:39:04,414 [pool-521-thread-1] INFO  server.RaftServerConfigKeys (ConfUtils.java:logGet(44)) - raft.server.log.force.sync.num = 128 (default)
2021-09-05 01:39:04,414 [pool-521-thread-1] INFO  server.RaftServerConfigKeys (ConfUtils.java:logGet(44)) - raft.server.log.statemachine.data.sync = true (default)
2021-09-05 01:39:04,414 [pool-521-thread-1] INFO  server.RaftServerConfigKeys (ConfUtils.java:logGet(44)) - raft.server.log.statemachine.data.sync.timeout = 10s (default)
2021-09-05 01:39:04,414 [pool-521-thread-1] INFO  server.RaftServerConfigKeys (ConfUtils.java:logGet(44)) - raft.server.log.statemachine.data.sync.timeout.retry = -1 (default)
2021-09-05 01:39:04,415 [pool-521-thread-1] INFO  server.RaftServerConfigKeys (ConfUtils.java:logGet(44)) - raft.server.log.write.buffer.size = 1048576 (custom)
2021-09-05 01:39:04,416 [pool-521-thread-1] INFO  server.RaftServerConfigKeys (ConfUtils.java:logGet(44)) - raft.server.log.statemachine.data.caching.enabled = true (custom)
2021-09-05 01:39:04,416 [pool-521-thread-1] INFO  segmented.SegmentedRaftLogWorker (SegmentedRaftLogWorker.java:lambda$new$0(133)) - cff69f77-ea12-413c-a988-d2a44a5ca406@group-6DE84E8794FA-SegmentedRaftLogWorker: flushIndex: setUnconditionally 0 -> -1
2021-09-05 01:39:04,416 [pool-521-thread-1] INFO  segmented.SegmentedRaftLogWorker (SegmentedRaftLogWorker.java:lambda$new$0(133)) - cff69f77-ea12-413c-a988-d2a44a5ca406@group-6DE84E8794FA-SegmentedRaftLogWorker: safeCacheEvictIndex: setUnconditionally 0 -> -1
2021-09-05 01:39:04,416 [EventQueue-OpenPipelineForHealthyPipelineSafeModeRule] INFO  safemode.SCMSafeModeManager (HealthyPipelineSafeModeRule.java:process(124)) - SCM in safe mode. Healthy pipelines reported count is 0, required healthy pipeline reported count is 1
2021-09-05 01:39:04,416 [pool-521-thread-1] INFO  server.RaftServerConfigKeys (ConfUtils.java:logGet(44)) - raft.server.snapshot.auto.trigger.enabled = true (custom)
2021-09-05 01:39:04,416 [pool-521-thread-1] INFO  server.RaftServerConfigKeys (ConfUtils.java:logGet(44)) - raft.server.snapshot.auto.trigger.threshold = 10000 (custom)
2021-09-05 01:39:04,416 [pool-521-thread-1] INFO  server.RaftServerConfigKeys (ConfUtils.java:logGet(44)) - raft.server.snapshot.retention.file.num = 5 (custom)
2021-09-05 01:39:04,416 [pool-521-thread-1] INFO  server.RaftServerConfigKeys (ConfUtils.java:logGet(44)) - raft.server.log.purge.upto.snapshot.index = false (default)
2021-09-05 01:39:04,417 [pool-521-thread-1] INFO  server.RaftServerConfigKeys (ConfUtils.java:logGet(44)) - raft.server.retrycache.expirytime = 600000ms (custom)
2021-09-05 01:39:04,417 [pool-521-thread-1] INFO  server.RaftServerConfigKeys (ConfUtils.java:logGet(44)) - raft.server.retrycache.statistics.expirytime = 100μs (default)
2021-09-05 01:39:04,418 [pool-521-thread-1] INFO  server.RaftServer$Division (RaftServerImpl.java:start(296)) - cff69f77-ea12-413c-a988-d2a44a5ca406@group-6DE84E8794FA: start as a follower, conf=-1: [fdb9e53e-0679-45da-9a61-20e122f839df|rpc:10.1.0.25:40867|dataStream:|priority:0, cff69f77-ea12-413c-a988-d2a44a5ca406|rpc:10.1.0.25:34387|dataStream:|priority:1, be41d154-e08a-4361-999c-a2746058d00f|rpc:10.1.0.25:33043|dataStream:|priority:0], old=null
2021-09-05 01:39:04,418 [pool-521-thread-1] INFO  server.RaftServer$Division (RaftServerImpl.java:setRole(285)) - cff69f77-ea12-413c-a988-d2a44a5ca406@group-6DE84E8794FA: changes role from      null to FOLLOWER at term 0 for startAsFollower
2021-09-05 01:39:04,418 [pool-521-thread-1] INFO  impl.RoleInfo (RoleInfo.java:updateAndGet(130)) - cff69f77-ea12-413c-a988-d2a44a5ca406: start cff69f77-ea12-413c-a988-d2a44a5ca406@group-6DE84E8794FA-FollowerState
2021-09-05 01:39:04,429 [pool-521-thread-1] INFO  util.JmxRegister (JmxRegister.java:tryRegister(44)) - Successfully registered JMX Bean with object name Ratis:service=RaftServer,group=group-6DE84E8794FA,id=cff69f77-ea12-413c-a988-d2a44a5ca406
2021-09-05 01:39:04,445 [pool-578-thread-1] INFO  storage.RaftStorage (RaftStorageImpl.java:format(89)) - Storage directory /home/runner/work/ozone/ozone/hadoop-ozone/integration-test/target/test-dir/MiniOzoneClusterImpl-37340386-36af-4fa8-9723-b8f583b28ff6/datanode-3/data/ratis/8d319538-a20b-4e4b-87a7-f63c28eb37d3 has been successfully formatted.
2021-09-05 01:39:04,513 [pool-578-thread-1] INFO  ratis.ContainerStateMachine (ContainerStateMachine.java:loadSnapshot(224)) - group-F63C28EB37D3: The snapshot info is null. Setting the last applied indexto:(t:0, i:~)
2021-09-05 01:39:04,513 [pool-578-thread-1] INFO  server.RaftServerConfigKeys (ConfUtils.java:logGet(44)) - raft.server.notification.no-leader.timeout = 300000ms (custom)
2021-09-05 01:39:04,513 [pool-578-thread-1] INFO  server.RaftServerConfigKeys (ConfUtils.java:logGet(44)) - raft.server.log.use.memory = false (default)
2021-09-05 01:39:04,513 [pool-578-thread-1] INFO  server.RaftServerConfigKeys (ConfUtils.java:logGet(44)) - raft.server.log.purge.gap = 1000000 (custom)
2021-09-05 01:39:04,513 [pool-578-thread-1] INFO  server.RaftServerConfigKeys (ConfUtils.java:logGet(44)) - raft.server.log.appender.buffer.byte-limit = 33554432 (custom)
2021-09-05 01:39:04,514 [pool-578-thread-1] INFO  server.RaftServerConfigKeys (ConfUtils.java:logGet(44)) - raft.server.log.segment.size.max = 1048576 (custom)
2021-09-05 01:39:04,514 [Datanode State Machine Thread - 0] WARN  statemachine.StateContext (StateContext.java:execute(621)) - No available thread in pool for past 1 seconds.
2021-09-05 01:39:04,514 [pool-578-thread-1] INFO  server.RaftServerConfigKeys (ConfUtils.java:logGet(44)) - raft.server.log.segment.cache.num.max = 2 (custom)
2021-09-05 01:39:04,514 [pool-578-thread-1] INFO  server.RaftServerConfigKeys (ConfUtils.java:logGet(44)) - raft.server.log.segment.cache.size.max = 200MB (=209715200) (default)
2021-09-05 01:39:04,514 [pool-578-thread-1] INFO  segmented.SegmentedRaftLogWorker (SegmentedRaftLogWorker.java:<init>(182)) - new 455161ce-78be-4281-bc2a-a50d1cad5e43@group-F63C28EB37D3-SegmentedRaftLogWorker for RaftStorageImpl:Storage Directory /home/runner/work/ozone/ozone/hadoop-ozone/integration-test/target/test-dir/MiniOzoneClusterImpl-37340386-36af-4fa8-9723-b8f583b28ff6/datanode-3/data/ratis/8d319538-a20b-4e4b-87a7-f63c28eb37d3
2021-09-05 01:39:04,514 [pool-578-thread-1] INFO  server.RaftServerConfigKeys (ConfUtils.java:logGet(44)) - raft.server.log.queue.byte-limit = 2147483647 (custom)
2021-09-05 01:39:04,514 [pool-578-thread-1] INFO  server.RaftServerConfigKeys (ConfUtils.java:logGet(44)) - raft.server.log.queue.element-limit = 1024 (custom)
2021-09-05 01:39:04,514 [pool-578-thread-1] INFO  server.RaftServerConfigKeys (ConfUtils.java:logGet(44)) - raft.server.log.segment.size.max = 1048576 (custom)
2021-09-05 01:39:04,514 [pool-578-thread-1] INFO  server.RaftServerConfigKeys (ConfUtils.java:logGet(44)) - raft.server.log.preallocated.size = 16384 (custom)
2021-09-05 01:39:04,514 [pool-578-thread-1] INFO  server.RaftServerConfigKeys (ConfUtils.java:logGet(44)) - raft.server.log.force.sync.num = 128 (default)
2021-09-05 01:39:04,514 [pool-578-thread-1] INFO  server.RaftServerConfigKeys (ConfUtils.java:logGet(44)) - raft.server.log.statemachine.data.sync = true (default)
2021-09-05 01:39:04,514 [pool-578-thread-1] INFO  server.RaftServerConfigKeys (ConfUtils.java:logGet(44)) - raft.server.log.statemachine.data.sync.timeout = 10s (default)
2021-09-05 01:39:04,514 [pool-578-thread-1] INFO  server.RaftServerConfigKeys (ConfUtils.java:logGet(44)) - raft.server.log.statemachine.data.sync.timeout.retry = -1 (default)
2021-09-05 01:39:04,516 [pool-578-thread-1] INFO  server.RaftServerConfigKeys (ConfUtils.java:logGet(44)) - raft.server.log.write.buffer.size = 1048576 (custom)
2021-09-05 01:39:04,516 [pool-578-thread-1] INFO  server.RaftServerConfigKeys (ConfUtils.java:logGet(44)) - raft.server.log.statemachine.data.caching.enabled = true (custom)
2021-09-05 01:39:04,517 [pool-578-thread-1] INFO  segmented.SegmentedRaftLogWorker (SegmentedRaftLogWorker.java:lambda$new$0(133)) - 455161ce-78be-4281-bc2a-a50d1cad5e43@group-F63C28EB37D3-SegmentedRaftLogWorker: flushIndex: setUnconditionally 0 -> -1
2021-09-05 01:39:04,517 [pool-578-thread-1] INFO  segmented.SegmentedRaftLogWorker (SegmentedRaftLogWorker.java:lambda$new$0(133)) - 455161ce-78be-4281-bc2a-a50d1cad5e43@group-F63C28EB37D3-SegmentedRaftLogWorker: safeCacheEvictIndex: setUnconditionally 0 -> -1
2021-09-05 01:39:04,517 [EventQueue-PipelineReportForPipelineReportHandler] INFO  pipeline.PipelineManagerImpl (PipelineManagerImpl.java:openPipeline(282)) - Pipeline Pipeline[ Id: 8d319538-a20b-4e4b-87a7-f63c28eb37d3, Nodes: 455161ce-78be-4281-bc2a-a50d1cad5e43{ip: 10.1.0.25, host: fv-az270-420.tacnzluakwdehk1hpragurqkma.bx.internal.cloudapp.net, ports: [REPLICATION=38759, RATIS=40081, RATIS_ADMIN=40081, RATIS_SERVER=40081, STANDALONE=42933], networkLocation: /default-rack, certSerialId: null, persistedOpState: IN_SERVICE, persistedOpStateExpiryEpochSec: 0}, ReplicationConfig: RATIS/ONE, State:ALLOCATED, leaderId:455161ce-78be-4281-bc2a-a50d1cad5e43, CreationTimestamp2021-09-05T01:39:01.359Z[Etc/UTC]] moved to OPEN state
2021-09-05 01:39:04,518 [EventQueue-OpenPipelineForHealthyPipelineSafeModeRule] INFO  safemode.SCMSafeModeManager (HealthyPipelineSafeModeRule.java:process(124)) - SCM in safe mode. Healthy pipelines reported count is 0, required healthy pipeline reported count is 1
2021-09-05 01:39:04,532 [Command processor thread] INFO  commandhandler.CreatePipelineCommandHandler (CreatePipelineCommandHandler.java:handle(106)) - Created Pipeline RATIS THREE PipelineID=97e19d54-76f6-4db6-b4a5-fc73588afd2d.
2021-09-05 01:39:04,533 [Command processor thread] INFO  server.RaftServer (RaftServerProxy.java:addNew(95)) - fdb9e53e-0679-45da-9a61-20e122f839df: addNew group-6DE84E8794FA:[fdb9e53e-0679-45da-9a61-20e122f839df|rpc:10.1.0.25:40867|priority:0, cff69f77-ea12-413c-a988-d2a44a5ca406|rpc:10.1.0.25:34387|priority:1, be41d154-e08a-4361-999c-a2746058d00f|rpc:10.1.0.25:33043|priority:0] returns group-6DE84E8794FA:java.util.concurrent.CompletableFuture@6ad62411[Not completed]
2021-09-05 01:39:04,533 [pool-540-thread-1] INFO  server.RaftServer$Division (RaftServerImpl.java:<init>(181)) - fdb9e53e-0679-45da-9a61-20e122f839df: new RaftServerImpl for group-6DE84E8794FA:[fdb9e53e-0679-45da-9a61-20e122f839df|rpc:10.1.0.25:40867|priority:0, cff69f77-ea12-413c-a988-d2a44a5ca406|rpc:10.1.0.25:34387|priority:1, be41d154-e08a-4361-999c-a2746058d00f|rpc:10.1.0.25:33043|priority:0] with ContainerStateMachine:uninitialized
2021-09-05 01:39:04,533 [pool-540-thread-1] INFO  server.RaftServerConfigKeys (ConfUtils.java:logGet(44)) - raft.server.rpc.timeout.min = 5s (custom)
2021-09-05 01:39:04,533 [pool-540-thread-1] INFO  server.RaftServerConfigKeys (ConfUtils.java:logGet(44)) - raft.server.rpc.timeout.max = 5200ms (custom)
2021-09-05 01:39:04,533 [pool-540-thread-1] INFO  server.RaftServerConfigKeys (ConfUtils.java:logGet(44)) - raft.server.rpc.sleep.time = 25ms (default)
2021-09-05 01:39:04,533 [pool-540-thread-1] INFO  server.RaftServerConfigKeys (ConfUtils.java:logGet(44)) - raft.server.rpc.slowness.timeout = 300000ms (custom)
2021-09-05 01:39:04,533 [pool-540-thread-1] INFO  server.RaftServerConfigKeys (ConfUtils.java:logGet(44)) - raft.server.leaderelection.leader.step-down.wait-time = 10s (default)
2021-09-05 01:39:04,534 [pool-540-thread-1] INFO  server.RaftServerConfigKeys (ConfUtils.java:logGet(44)) - raft.server.sleep.deviation.threshold = 300ms (default)
2021-09-05 01:39:04,534 [pool-540-thread-1] INFO  server.RaftServerConfigKeys (ConfUtils.java:logGet(44)) - raft.server.log.appender.install.snapshot.enabled = false (custom)
2021-09-05 01:39:04,534 [pool-540-thread-1] INFO  server.RaftServer$Division (ServerState.java:<init>(105)) - fdb9e53e-0679-45da-9a61-20e122f839df@group-6DE84E8794FA: ConfigurationManager, init=-1: [fdb9e53e-0679-45da-9a61-20e122f839df|rpc:10.1.0.25:40867|priority:0, cff69f77-ea12-413c-a988-d2a44a5ca406|rpc:10.1.0.25:34387|priority:1, be41d154-e08a-4361-999c-a2746058d00f|rpc:10.1.0.25:33043|priority:0], old=null, confs=<EMPTY_MAP>
2021-09-05 01:39:04,534 [pool-540-thread-1] INFO  server.RaftServerConfigKeys (ConfUtils.java:logGet(44)) - raft.server.storage.dir = [/home/runner/work/ozone/ozone/hadoop-ozone/integration-test/target/test-dir/MiniOzoneClusterImpl-37340386-36af-4fa8-9723-b8f583b28ff6/datanode-1/data/ratis] (custom)
2021-09-05 01:39:04,534 [pool-540-thread-1] INFO  server.RaftServerConfigKeys (ConfUtils.java:logGet(44)) - raft.server.log.corruption.policy = EXCEPTION (default)
2021-09-05 01:39:04,534 [pool-540-thread-1] INFO  server.RaftServerConfigKeys (ConfUtils.java:logGet(44)) - raft.server.storage.free-space.min = 0MB (=0) (default)
2021-09-05 01:39:04,534 [pool-540-thread-1] INFO  storage.RaftStorageDirectory (RaftStorageDirectoryImpl.java:analyzeStorage(135)) - The storage directory /home/runner/work/ozone/ozone/hadoop-ozone/integration-test/target/test-dir/MiniOzoneClusterImpl-37340386-36af-4fa8-9723-b8f583b28ff6/datanode-1/data/ratis/804a25d7-b2b5-40eb-8b1c-6de84e8794fa does not exist. Creating ...
2021-09-05 01:39:04,535 [pool-540-thread-1] INFO  storage.RaftStorageDirectory (RaftStorageDirectoryImpl.java:tryLock(230)) - Lock on /home/runner/work/ozone/ozone/hadoop-ozone/integration-test/target/test-dir/MiniOzoneClusterImpl-37340386-36af-4fa8-9723-b8f583b28ff6/datanode-1/data/ratis/804a25d7-b2b5-40eb-8b1c-6de84e8794fa/in_use.lock acquired by nodename 19671@fv-az270-420
2021-09-05 01:39:04,538 [pool-578-thread-1] INFO  server.RaftServerConfigKeys (ConfUtils.java:logGet(44)) - raft.server.snapshot.auto.trigger.enabled = true (custom)
2021-09-05 01:39:04,538 [Command processor thread] INFO  commandhandler.CreatePipelineCommandHandler (CreatePipelineCommandHandler.java:handle(106)) - Created Pipeline RATIS THREE PipelineID=97e19d54-76f6-4db6-b4a5-fc73588afd2d.
2021-09-05 01:39:04,538 [pool-578-thread-1] INFO  server.RaftServerConfigKeys (ConfUtils.java:logGet(44)) - raft.server.snapshot.auto.trigger.threshold = 10000 (custom)
2021-09-05 01:39:04,538 [pool-578-thread-1] INFO  server.RaftServerConfigKeys (ConfUtils.java:logGet(44)) - raft.server.snapshot.retention.file.num = 5 (custom)
2021-09-05 01:39:04,538 [pool-578-thread-1] INFO  server.RaftServerConfigKeys (ConfUtils.java:logGet(44)) - raft.server.log.purge.upto.snapshot.index = false (default)
2021-09-05 01:39:04,538 [pool-578-thread-1] INFO  server.RaftServerConfigKeys (ConfUtils.java:logGet(44)) - raft.server.retrycache.expirytime = 600000ms (custom)
2021-09-05 01:39:04,538 [pool-578-thread-1] INFO  server.RaftServerConfigKeys (ConfUtils.java:logGet(44)) - raft.server.retrycache.statistics.expirytime = 100μs (default)
2021-09-05 01:39:04,570 [pool-578-thread-1] INFO  server.RaftServer$Division (RaftServerImpl.java:start(296)) - 455161ce-78be-4281-bc2a-a50d1cad5e43@group-F63C28EB37D3: start as a follower, conf=-1: [455161ce-78be-4281-bc2a-a50d1cad5e43|rpc:10.1.0.25:40081|priority:1], old=null
2021-09-05 01:39:04,570 [pool-578-thread-1] INFO  server.RaftServer$Division (RaftServerImpl.java:setRole(285)) - 455161ce-78be-4281-bc2a-a50d1cad5e43@group-F63C28EB37D3: changes role from      null to FOLLOWER at term 0 for startAsFollower
2021-09-05 01:39:04,570 [pool-578-thread-1] INFO  impl.RoleInfo (RoleInfo.java:updateAndGet(130)) - 455161ce-78be-4281-bc2a-a50d1cad5e43: start 455161ce-78be-4281-bc2a-a50d1cad5e43@group-F63C28EB37D3-FollowerState
2021-09-05 01:39:04,574 [pool-578-thread-1] INFO  util.JmxRegister (JmxRegister.java:tryRegister(44)) - Successfully registered JMX Bean with object name Ratis:service=RaftServer,group=group-F63C28EB37D3,id=455161ce-78be-4281-bc2a-a50d1cad5e43
2021-09-05 01:39:04,574 [pool-540-thread-1] INFO  storage.RaftStorage (RaftStorageImpl.java:format(89)) - Storage directory /home/runner/work/ozone/ozone/hadoop-ozone/integration-test/target/test-dir/MiniOzoneClusterImpl-37340386-36af-4fa8-9723-b8f583b28ff6/datanode-1/data/ratis/804a25d7-b2b5-40eb-8b1c-6de84e8794fa has been successfully formatted.
2021-09-05 01:39:04,599 [Command processor thread] INFO  ratis.XceiverServerRatis (XceiverServerRatis.java:addGroup(763)) - Created group PipelineID=8d319538-a20b-4e4b-87a7-f63c28eb37d3
2021-09-05 01:39:04,599 [Command processor thread] INFO  commandhandler.CreatePipelineCommandHandler (CreatePipelineCommandHandler.java:handle(106)) - Created Pipeline RATIS ONE PipelineID=8d319538-a20b-4e4b-87a7-f63c28eb37d3.
2021-09-05 01:39:04,599 [Command processor thread] INFO  server.RaftServer (RaftServerProxy.java:addNew(95)) - 455161ce-78be-4281-bc2a-a50d1cad5e43: addNew group-9820ECCA99ED:[455161ce-78be-4281-bc2a-a50d1cad5e43|rpc:10.1.0.25:40081|priority:0, a394a97c-7848-4311-a24c-186851f6b492|rpc:10.1.0.25:38701|priority:1, aa0f76fc-0af9-4fba-891f-e6382fa98fe4|rpc:10.1.0.25:36313|priority:0] returns group-9820ECCA99ED:java.util.concurrent.CompletableFuture@616fc0e[Not completed]
2021-09-05 01:39:04,600 [pool-578-thread-1] INFO  server.RaftServer$Division (RaftServerImpl.java:<init>(181)) - 455161ce-78be-4281-bc2a-a50d1cad5e43: new RaftServerImpl for group-9820ECCA99ED:[455161ce-78be-4281-bc2a-a50d1cad5e43|rpc:10.1.0.25:40081|priority:0, a394a97c-7848-4311-a24c-186851f6b492|rpc:10.1.0.25:38701|priority:1, aa0f76fc-0af9-4fba-891f-e6382fa98fe4|rpc:10.1.0.25:36313|priority:0] with ContainerStateMachine:uninitialized
2021-09-05 01:39:04,600 [pool-578-thread-1] INFO  server.RaftServerConfigKeys (ConfUtils.java:logGet(44)) - raft.server.rpc.timeout.min = 5s (custom)
2021-09-05 01:39:04,600 [pool-578-thread-1] INFO  server.RaftServerConfigKeys (ConfUtils.java:logGet(44)) - raft.server.rpc.timeout.max = 5200ms (custom)
2021-09-05 01:39:04,600 [pool-578-thread-1] INFO  server.RaftServerConfigKeys (ConfUtils.java:logGet(44)) - raft.server.rpc.sleep.time = 25ms (default)
2021-09-05 01:39:04,600 [pool-578-thread-1] INFO  server.RaftServerConfigKeys (ConfUtils.java:logGet(44)) - raft.server.rpc.slowness.timeout = 300000ms (custom)
2021-09-05 01:39:04,600 [pool-578-thread-1] INFO  server.RaftServerConfigKeys (ConfUtils.java:logGet(44)) - raft.server.leaderelection.leader.step-down.wait-time = 10s (default)
2021-09-05 01:39:04,600 [pool-578-thread-1] INFO  server.RaftServerConfigKeys (ConfUtils.java:logGet(44)) - raft.server.sleep.deviation.threshold = 300ms (default)
2021-09-05 01:39:04,600 [pool-578-thread-1] INFO  server.RaftServerConfigKeys (ConfUtils.java:logGet(44)) - raft.server.log.appender.install.snapshot.enabled = false (custom)
2021-09-05 01:39:04,600 [pool-578-thread-1] INFO  server.RaftServer$Division (ServerState.java:<init>(105)) - 455161ce-78be-4281-bc2a-a50d1cad5e43@group-9820ECCA99ED: ConfigurationManager, init=-1: [455161ce-78be-4281-bc2a-a50d1cad5e43|rpc:10.1.0.25:40081|priority:0, a394a97c-7848-4311-a24c-186851f6b492|rpc:10.1.0.25:38701|priority:1, aa0f76fc-0af9-4fba-891f-e6382fa98fe4|rpc:10.1.0.25:36313|priority:0], old=null, confs=<EMPTY_MAP>
2021-09-05 01:39:04,600 [pool-578-thread-1] INFO  server.RaftServerConfigKeys (ConfUtils.java:logGet(44)) - raft.server.storage.dir = [/home/runner/work/ozone/ozone/hadoop-ozone/integration-test/target/test-dir/MiniOzoneClusterImpl-37340386-36af-4fa8-9723-b8f583b28ff6/datanode-3/data/ratis] (custom)
2021-09-05 01:39:04,601 [pool-578-thread-1] INFO  server.RaftServerConfigKeys (ConfUtils.java:logGet(44)) - raft.server.log.corruption.policy = EXCEPTION (default)
2021-09-05 01:39:04,601 [pool-578-thread-1] INFO  server.RaftServerConfigKeys (ConfUtils.java:logGet(44)) - raft.server.storage.free-space.min = 0MB (=0) (default)
2021-09-05 01:39:04,601 [pool-578-thread-1] INFO  storage.RaftStorageDirectory (RaftStorageDirectoryImpl.java:analyzeStorage(135)) - The storage directory /home/runner/work/ozone/ozone/hadoop-ozone/integration-test/target/test-dir/MiniOzoneClusterImpl-37340386-36af-4fa8-9723-b8f583b28ff6/datanode-3/data/ratis/63a4ac22-0943-49cd-a4b6-9820ecca99ed does not exist. Creating ...
2021-09-05 01:39:04,601 [pool-540-thread-1] INFO  ratis.ContainerStateMachine (ContainerStateMachine.java:loadSnapshot(224)) - group-6DE84E8794FA: The snapshot info is null. Setting the last applied indexto:(t:0, i:~)
2021-09-05 01:39:04,601 [pool-540-thread-1] INFO  server.RaftServerConfigKeys (ConfUtils.java:logGet(44)) - raft.server.notification.no-leader.timeout = 300000ms (custom)
2021-09-05 01:39:04,601 [pool-540-thread-1] INFO  server.RaftServerConfigKeys (ConfUtils.java:logGet(44)) - raft.server.log.use.memory = false (default)
2021-09-05 01:39:04,669 [pool-540-thread-1] INFO  server.RaftServerConfigKeys (ConfUtils.java:logGet(44)) - raft.server.log.purge.gap = 1000000 (custom)
2021-09-05 01:39:04,669 [pool-540-thread-1] INFO  server.RaftServerConfigKeys (ConfUtils.java:logGet(44)) - raft.server.log.appender.buffer.byte-limit = 33554432 (custom)
2021-09-05 01:39:04,669 [pool-540-thread-1] INFO  server.RaftServerConfigKeys (ConfUtils.java:logGet(44)) - raft.server.log.segment.size.max = 1048576 (custom)
2021-09-05 01:39:04,670 [pool-540-thread-1] INFO  server.RaftServerConfigKeys (ConfUtils.java:logGet(44)) - raft.server.log.segment.cache.num.max = 2 (custom)
2021-09-05 01:39:04,670 [pool-540-thread-1] INFO  server.RaftServerConfigKeys (ConfUtils.java:logGet(44)) - raft.server.log.segment.cache.size.max = 200MB (=209715200) (default)
2021-09-05 01:39:04,670 [pool-540-thread-1] INFO  segmented.SegmentedRaftLogWorker (SegmentedRaftLogWorker.java:<init>(182)) - new fdb9e53e-0679-45da-9a61-20e122f839df@group-6DE84E8794FA-SegmentedRaftLogWorker for RaftStorageImpl:Storage Directory /home/runner/work/ozone/ozone/hadoop-ozone/integration-test/target/test-dir/MiniOzoneClusterImpl-37340386-36af-4fa8-9723-b8f583b28ff6/datanode-1/data/ratis/804a25d7-b2b5-40eb-8b1c-6de84e8794fa
2021-09-05 01:39:04,670 [pool-540-thread-1] INFO  server.RaftServerConfigKeys (ConfUtils.java:logGet(44)) - raft.server.log.queue.byte-limit = 2147483647 (custom)
2021-09-05 01:39:04,670 [pool-540-thread-1] INFO  server.RaftServerConfigKeys (ConfUtils.java:logGet(44)) - raft.server.log.queue.element-limit = 1024 (custom)
2021-09-05 01:39:04,670 [pool-540-thread-1] INFO  server.RaftServerConfigKeys (ConfUtils.java:logGet(44)) - raft.server.log.segment.size.max = 1048576 (custom)
2021-09-05 01:39:04,670 [pool-540-thread-1] INFO  server.RaftServerConfigKeys (ConfUtils.java:logGet(44)) - raft.server.log.preallocated.size = 16384 (custom)
2021-09-05 01:39:04,670 [pool-540-thread-1] INFO  server.RaftServerConfigKeys (ConfUtils.java:logGet(44)) - raft.server.log.force.sync.num = 128 (default)
2021-09-05 01:39:04,670 [pool-540-thread-1] INFO  server.RaftServerConfigKeys (ConfUtils.java:logGet(44)) - raft.server.log.statemachine.data.sync = true (default)
2021-09-05 01:39:04,670 [pool-540-thread-1] INFO  server.RaftServerConfigKeys (ConfUtils.java:logGet(44)) - raft.server.log.statemachine.data.sync.timeout = 10s (default)
2021-09-05 01:39:04,670 [pool-540-thread-1] INFO  server.RaftServerConfigKeys (ConfUtils.java:logGet(44)) - raft.server.log.statemachine.data.sync.timeout.retry = -1 (default)
2021-09-05 01:39:04,665 [pool-578-thread-1] INFO  storage.RaftStorageDirectory (RaftStorageDirectoryImpl.java:tryLock(230)) - Lock on /home/runner/work/ozone/ozone/hadoop-ozone/integration-test/target/test-dir/MiniOzoneClusterImpl-37340386-36af-4fa8-9723-b8f583b28ff6/datanode-3/data/ratis/63a4ac22-0943-49cd-a4b6-9820ecca99ed/in_use.lock acquired by nodename 19671@fv-az270-420
2021-09-05 01:39:04,672 [EventQueue-OpenPipelineForHealthyPipelineSafeModeRule] INFO  safemode.SCMSafeModeManager (HealthyPipelineSafeModeRule.java:process(124)) - SCM in safe mode. Healthy pipelines reported count is 0, required healthy pipeline reported count is 1
2021-09-05 01:39:04,601 [Datanode State Machine Thread - 0] WARN  statemachine.StateContext (StateContext.java:execute(621)) - No available thread in pool for past 1 seconds.
2021-09-05 01:39:04,698 [pool-540-thread-1] INFO  server.RaftServerConfigKeys (ConfUtils.java:logGet(44)) - raft.server.log.write.buffer.size = 1048576 (custom)
2021-09-05 01:39:04,698 [Command processor thread] INFO  commandhandler.CreatePipelineCommandHandler (CreatePipelineCommandHandler.java:handle(106)) - Created Pipeline RATIS THREE PipelineID=804a25d7-b2b5-40eb-8b1c-6de84e8794fa.
2021-09-05 01:39:04,699 [pool-540-thread-1] INFO  server.RaftServerConfigKeys (ConfUtils.java:logGet(44)) - raft.server.log.statemachine.data.caching.enabled = true (custom)
2021-09-05 01:39:04,699 [pool-540-thread-1] INFO  segmented.SegmentedRaftLogWorker (SegmentedRaftLogWorker.java:lambda$new$0(133)) - fdb9e53e-0679-45da-9a61-20e122f839df@group-6DE84E8794FA-SegmentedRaftLogWorker: flushIndex: setUnconditionally 0 -> -1
2021-09-05 01:39:04,699 [pool-540-thread-1] INFO  segmented.SegmentedRaftLogWorker (SegmentedRaftLogWorker.java:lambda$new$0(133)) - fdb9e53e-0679-45da-9a61-20e122f839df@group-6DE84E8794FA-SegmentedRaftLogWorker: safeCacheEvictIndex: setUnconditionally 0 -> -1
2021-09-05 01:39:04,699 [pool-540-thread-1] INFO  server.RaftServerConfigKeys (ConfUtils.java:logGet(44)) - raft.server.snapshot.auto.trigger.enabled = true (custom)
2021-09-05 01:39:04,699 [pool-540-thread-1] INFO  server.RaftServerConfigKeys (ConfUtils.java:logGet(44)) - raft.server.snapshot.auto.trigger.threshold = 10000 (custom)
2021-09-05 01:39:04,699 [pool-540-thread-1] INFO  server.RaftServerConfigKeys (ConfUtils.java:logGet(44)) - raft.server.snapshot.retention.file.num = 5 (custom)
2021-09-05 01:39:04,699 [pool-540-thread-1] INFO  server.RaftServerConfigKeys (ConfUtils.java:logGet(44)) - raft.server.log.purge.upto.snapshot.index = false (default)
2021-09-05 01:39:04,699 [pool-540-thread-1] INFO  server.RaftServerConfigKeys (ConfUtils.java:logGet(44)) - raft.server.retrycache.expirytime = 600000ms (custom)
2021-09-05 01:39:04,699 [pool-540-thread-1] INFO  server.RaftServerConfigKeys (ConfUtils.java:logGet(44)) - raft.server.retrycache.statistics.expirytime = 100μs (default)
2021-09-05 01:39:04,701 [pool-540-thread-1] INFO  server.RaftServer$Division (RaftServerImpl.java:start(296)) - fdb9e53e-0679-45da-9a61-20e122f839df@group-6DE84E8794FA: start as a follower, conf=-1: [fdb9e53e-0679-45da-9a61-20e122f839df|rpc:10.1.0.25:40867|priority:0, cff69f77-ea12-413c-a988-d2a44a5ca406|rpc:10.1.0.25:34387|priority:1, be41d154-e08a-4361-999c-a2746058d00f|rpc:10.1.0.25:33043|priority:0], old=null
2021-09-05 01:39:04,701 [pool-540-thread-1] INFO  server.RaftServer$Division (RaftServerImpl.java:setRole(285)) - fdb9e53e-0679-45da-9a61-20e122f839df@group-6DE84E8794FA: changes role from      null to FOLLOWER at term 0 for startAsFollower
2021-09-05 01:39:04,701 [pool-540-thread-1] INFO  impl.RoleInfo (RoleInfo.java:updateAndGet(130)) - fdb9e53e-0679-45da-9a61-20e122f839df: start fdb9e53e-0679-45da-9a61-20e122f839df@group-6DE84E8794FA-FollowerState
2021-09-05 01:39:04,701 [pool-540-thread-1] INFO  util.JmxRegister (JmxRegister.java:tryRegister(44)) - Successfully registered JMX Bean with object name Ratis:service=RaftServer,group=group-6DE84E8794FA,id=fdb9e53e-0679-45da-9a61-20e122f839df
2021-09-05 01:39:04,702 [Command processor thread] INFO  ratis.XceiverServerRatis (XceiverServerRatis.java:addGroup(763)) - Created group PipelineID=804a25d7-b2b5-40eb-8b1c-6de84e8794fa
2021-09-05 01:39:04,705 [pool-578-thread-1] INFO  storage.RaftStorage (RaftStorageImpl.java:format(89)) - Storage directory /home/runner/work/ozone/ozone/hadoop-ozone/integration-test/target/test-dir/MiniOzoneClusterImpl-37340386-36af-4fa8-9723-b8f583b28ff6/datanode-3/data/ratis/63a4ac22-0943-49cd-a4b6-9820ecca99ed has been successfully formatted.
2021-09-05 01:39:04,705 [pool-578-thread-1] INFO  ratis.ContainerStateMachine (ContainerStateMachine.java:loadSnapshot(224)) - group-9820ECCA99ED: The snapshot info is null. Setting the last applied indexto:(t:0, i:~)
2021-09-05 01:39:04,705 [pool-578-thread-1] INFO  server.RaftServerConfigKeys (ConfUtils.java:logGet(44)) - raft.server.notification.no-leader.timeout = 300000ms (custom)
2021-09-05 01:39:04,705 [pool-578-thread-1] INFO  server.RaftServerConfigKeys (ConfUtils.java:logGet(44)) - raft.server.log.use.memory = false (default)
2021-09-05 01:39:04,705 [pool-578-thread-1] INFO  server.RaftServerConfigKeys (ConfUtils.java:logGet(44)) - raft.server.log.purge.gap = 1000000 (custom)
2021-09-05 01:39:04,706 [pool-578-thread-1] INFO  server.RaftServerConfigKeys (ConfUtils.java:logGet(44)) - raft.server.log.appender.buffer.byte-limit = 33554432 (custom)
2021-09-05 01:39:04,706 [pool-578-thread-1] INFO  server.RaftServerConfigKeys (ConfUtils.java:logGet(44)) - raft.server.log.segment.size.max = 1048576 (custom)
2021-09-05 01:39:04,706 [pool-578-thread-1] INFO  server.RaftServerConfigKeys (ConfUtils.java:logGet(44)) - raft.server.log.segment.cache.num.max = 2 (custom)
2021-09-05 01:39:04,706 [pool-578-thread-1] INFO  server.RaftServerConfigKeys (ConfUtils.java:logGet(44)) - raft.server.log.segment.cache.size.max = 200MB (=209715200) (default)
2021-09-05 01:39:04,706 [pool-578-thread-1] INFO  segmented.SegmentedRaftLogWorker (SegmentedRaftLogWorker.java:<init>(182)) - new 455161ce-78be-4281-bc2a-a50d1cad5e43@group-9820ECCA99ED-SegmentedRaftLogWorker for RaftStorageImpl:Storage Directory /home/runner/work/ozone/ozone/hadoop-ozone/integration-test/target/test-dir/MiniOzoneClusterImpl-37340386-36af-4fa8-9723-b8f583b28ff6/datanode-3/data/ratis/63a4ac22-0943-49cd-a4b6-9820ecca99ed
2021-09-05 01:39:04,706 [pool-578-thread-1] INFO  server.RaftServerConfigKeys (ConfUtils.java:logGet(44)) - raft.server.log.queue.byte-limit = 2147483647 (custom)
2021-09-05 01:39:04,706 [pool-578-thread-1] INFO  server.RaftServerConfigKeys (ConfUtils.java:logGet(44)) - raft.server.log.queue.element-limit = 1024 (custom)
2021-09-05 01:39:04,706 [pool-578-thread-1] INFO  server.RaftServerConfigKeys (ConfUtils.java:logGet(44)) - raft.server.log.segment.size.max = 1048576 (custom)
2021-09-05 01:39:04,706 [pool-578-thread-1] INFO  server.RaftServerConfigKeys (ConfUtils.java:logGet(44)) - raft.server.log.preallocated.size = 16384 (custom)
2021-09-05 01:39:04,706 [pool-578-thread-1] INFO  server.RaftServerConfigKeys (ConfUtils.java:logGet(44)) - raft.server.log.force.sync.num = 128 (default)
2021-09-05 01:39:04,706 [pool-578-thread-1] INFO  server.RaftServerConfigKeys (ConfUtils.java:logGet(44)) - raft.server.log.statemachine.data.sync = true (default)
2021-09-05 01:39:04,707 [pool-578-thread-1] INFO  server.RaftServerConfigKeys (ConfUtils.java:logGet(44)) - raft.server.log.statemachine.data.sync.timeout = 10s (default)
2021-09-05 01:39:04,707 [pool-578-thread-1] INFO  server.RaftServerConfigKeys (ConfUtils.java:logGet(44)) - raft.server.log.statemachine.data.sync.timeout.retry = -1 (default)
2021-09-05 01:39:04,707 [Datanode State Machine Thread - 0] WARN  statemachine.StateContext (StateContext.java:execute(621)) - No available thread in pool for past 1 seconds.
2021-09-05 01:39:04,710 [pool-578-thread-1] INFO  server.RaftServerConfigKeys (ConfUtils.java:logGet(44)) - raft.server.log.write.buffer.size = 1048576 (custom)
2021-09-05 01:39:04,713 [EventQueue-OpenPipelineForHealthyPipelineSafeModeRule] INFO  safemode.SCMSafeModeManager (HealthyPipelineSafeModeRule.java:process(124)) - SCM in safe mode. Healthy pipelines reported count is 0, required healthy pipeline reported count is 1
2021-09-05 01:39:04,716 [pool-578-thread-1] INFO  server.RaftServerConfigKeys (ConfUtils.java:logGet(44)) - raft.server.log.statemachine.data.caching.enabled = true (custom)
2021-09-05 01:39:04,716 [pool-578-thread-1] INFO  segmented.SegmentedRaftLogWorker (SegmentedRaftLogWorker.java:lambda$new$0(133)) - 455161ce-78be-4281-bc2a-a50d1cad5e43@group-9820ECCA99ED-SegmentedRaftLogWorker: flushIndex: setUnconditionally 0 -> -1
2021-09-05 01:39:04,716 [pool-578-thread-1] INFO  segmented.SegmentedRaftLogWorker (SegmentedRaftLogWorker.java:lambda$new$0(133)) - 455161ce-78be-4281-bc2a-a50d1cad5e43@group-9820ECCA99ED-SegmentedRaftLogWorker: safeCacheEvictIndex: setUnconditionally 0 -> -1
2021-09-05 01:39:04,781 [pool-578-thread-1] INFO  server.RaftServerConfigKeys (ConfUtils.java:logGet(44)) - raft.server.snapshot.auto.trigger.enabled = true (custom)
2021-09-05 01:39:04,781 [pool-578-thread-1] INFO  server.RaftServerConfigKeys (ConfUtils.java:logGet(44)) - raft.server.snapshot.auto.trigger.threshold = 10000 (custom)
2021-09-05 01:39:04,781 [pool-578-thread-1] INFO  server.RaftServerConfigKeys (ConfUtils.java:logGet(44)) - raft.server.snapshot.retention.file.num = 5 (custom)
2021-09-05 01:39:04,781 [pool-578-thread-1] INFO  server.RaftServerConfigKeys (ConfUtils.java:logGet(44)) - raft.server.log.purge.upto.snapshot.index = false (default)
2021-09-05 01:39:04,781 [pool-578-thread-1] INFO  server.RaftServerConfigKeys (ConfUtils.java:logGet(44)) - raft.server.retrycache.expirytime = 600000ms (custom)
2021-09-05 01:39:04,781 [pool-578-thread-1] INFO  server.RaftServerConfigKeys (ConfUtils.java:logGet(44)) - raft.server.retrycache.statistics.expirytime = 100μs (default)
2021-09-05 01:39:04,783 [pool-578-thread-1] INFO  server.RaftServer$Division (RaftServerImpl.java:start(296)) - 455161ce-78be-4281-bc2a-a50d1cad5e43@group-9820ECCA99ED: start as a follower, conf=-1: [455161ce-78be-4281-bc2a-a50d1cad5e43|rpc:10.1.0.25:40081|priority:0, a394a97c-7848-4311-a24c-186851f6b492|rpc:10.1.0.25:38701|priority:1, aa0f76fc-0af9-4fba-891f-e6382fa98fe4|rpc:10.1.0.25:36313|priority:0], old=null
2021-09-05 01:39:04,783 [pool-578-thread-1] INFO  server.RaftServer$Division (RaftServerImpl.java:setRole(285)) - 455161ce-78be-4281-bc2a-a50d1cad5e43@group-9820ECCA99ED: changes role from      null to FOLLOWER at term 0 for startAsFollower
2021-09-05 01:39:04,783 [pool-578-thread-1] INFO  impl.RoleInfo (RoleInfo.java:updateAndGet(130)) - 455161ce-78be-4281-bc2a-a50d1cad5e43: start 455161ce-78be-4281-bc2a-a50d1cad5e43@group-9820ECCA99ED-FollowerState
2021-09-05 01:39:04,785 [pool-578-thread-1] INFO  util.JmxRegister (JmxRegister.java:tryRegister(44)) - Successfully registered JMX Bean with object name Ratis:service=RaftServer,group=group-9820ECCA99ED,id=455161ce-78be-4281-bc2a-a50d1cad5e43
2021-09-05 01:39:04,797 [Command processor thread] INFO  ratis.XceiverServerRatis (XceiverServerRatis.java:addGroup(763)) - Created group PipelineID=63a4ac22-0943-49cd-a4b6-9820ecca99ed
2021-09-05 01:39:04,857 [Command processor thread] INFO  commandhandler.CreatePipelineCommandHandler (CreatePipelineCommandHandler.java:handle(106)) - Created Pipeline RATIS THREE PipelineID=804a25d7-b2b5-40eb-8b1c-6de84e8794fa.
2021-09-05 01:39:04,861 [grpc-default-executor-4] INFO  server.RaftServer (RaftServerProxy.java:addNew(95)) - a394a97c-7848-4311-a24c-186851f6b492: addNew group-9820ECCA99ED:[455161ce-78be-4281-bc2a-a50d1cad5e43|rpc:10.1.0.25:40081|dataStream:|priority:0, a394a97c-7848-4311-a24c-186851f6b492|rpc:10.1.0.25:38701|dataStream:|priority:1, aa0f76fc-0af9-4fba-891f-e6382fa98fe4|rpc:10.1.0.25:36313|dataStream:|priority:0] returns group-9820ECCA99ED:java.util.concurrent.CompletableFuture@1972da43[Not completed]
2021-09-05 01:39:04,882 [pool-597-thread-1] INFO  server.RaftServer$Division (RaftServerImpl.java:<init>(181)) - a394a97c-7848-4311-a24c-186851f6b492: new RaftServerImpl for group-9820ECCA99ED:[455161ce-78be-4281-bc2a-a50d1cad5e43|rpc:10.1.0.25:40081|dataStream:|priority:0, a394a97c-7848-4311-a24c-186851f6b492|rpc:10.1.0.25:38701|dataStream:|priority:1, aa0f76fc-0af9-4fba-891f-e6382fa98fe4|rpc:10.1.0.25:36313|dataStream:|priority:0] with ContainerStateMachine:uninitialized
2021-09-05 01:39:04,884 [pool-597-thread-1] INFO  server.RaftServerConfigKeys (ConfUtils.java:logGet(44)) - raft.server.rpc.timeout.min = 5s (custom)
2021-09-05 01:39:04,884 [pool-597-thread-1] INFO  server.RaftServerConfigKeys (ConfUtils.java:logGet(44)) - raft.server.rpc.timeout.max = 5200ms (custom)
2021-09-05 01:39:04,884 [pool-597-thread-1] INFO  server.RaftServerConfigKeys (ConfUtils.java:logGet(44)) - raft.server.rpc.sleep.time = 25ms (default)
2021-09-05 01:39:04,884 [pool-597-thread-1] INFO  server.RaftServerConfigKeys (ConfUtils.java:logGet(44)) - raft.server.rpc.slowness.timeout = 300000ms (custom)
2021-09-05 01:39:04,884 [pool-597-thread-1] INFO  server.RaftServerConfigKeys (ConfUtils.java:logGet(44)) - raft.server.leaderelection.leader.step-down.wait-time = 10s (default)
2021-09-05 01:39:04,884 [pool-597-thread-1] INFO  server.RaftServerConfigKeys (ConfUtils.java:logGet(44)) - raft.server.sleep.deviation.threshold = 300ms (default)
2021-09-05 01:39:04,884 [pool-597-thread-1] INFO  server.RaftServerConfigKeys (ConfUtils.java:logGet(44)) - raft.server.log.appender.install.snapshot.enabled = false (custom)
2021-09-05 01:39:04,884 [pool-597-thread-1] INFO  server.RaftServer$Division (ServerState.java:<init>(105)) - a394a97c-7848-4311-a24c-186851f6b492@group-9820ECCA99ED: ConfigurationManager, init=-1: [455161ce-78be-4281-bc2a-a50d1cad5e43|rpc:10.1.0.25:40081|dataStream:|priority:0, a394a97c-7848-4311-a24c-186851f6b492|rpc:10.1.0.25:38701|dataStream:|priority:1, aa0f76fc-0af9-4fba-891f-e6382fa98fe4|rpc:10.1.0.25:36313|dataStream:|priority:0], old=null, confs=<EMPTY_MAP>
2021-09-05 01:39:04,884 [pool-597-thread-1] INFO  server.RaftServerConfigKeys (ConfUtils.java:logGet(44)) - raft.server.storage.dir = [/home/runner/work/ozone/ozone/hadoop-ozone/integration-test/target/test-dir/MiniOzoneClusterImpl-37340386-36af-4fa8-9723-b8f583b28ff6/datanode-4/data/ratis] (custom)
2021-09-05 01:39:04,884 [pool-597-thread-1] INFO  server.RaftServerConfigKeys (ConfUtils.java:logGet(44)) - raft.server.log.corruption.policy = EXCEPTION (default)
2021-09-05 01:39:04,884 [pool-597-thread-1] INFO  server.RaftServerConfigKeys (ConfUtils.java:logGet(44)) - raft.server.storage.free-space.min = 0MB (=0) (default)
2021-09-05 01:39:04,884 [pool-597-thread-1] INFO  storage.RaftStorageDirectory (RaftStorageDirectoryImpl.java:analyzeStorage(135)) - The storage directory /home/runner/work/ozone/ozone/hadoop-ozone/integration-test/target/test-dir/MiniOzoneClusterImpl-37340386-36af-4fa8-9723-b8f583b28ff6/datanode-4/data/ratis/63a4ac22-0943-49cd-a4b6-9820ecca99ed does not exist. Creating ...
2021-09-05 01:39:04,885 [pool-597-thread-1] INFO  storage.RaftStorageDirectory (RaftStorageDirectoryImpl.java:tryLock(230)) - Lock on /home/runner/work/ozone/ozone/hadoop-ozone/integration-test/target/test-dir/MiniOzoneClusterImpl-37340386-36af-4fa8-9723-b8f583b28ff6/datanode-4/data/ratis/63a4ac22-0943-49cd-a4b6-9820ecca99ed/in_use.lock acquired by nodename 19671@fv-az270-420
2021-09-05 01:39:04,892 [pool-597-thread-1] INFO  storage.RaftStorage (RaftStorageImpl.java:format(89)) - Storage directory /home/runner/work/ozone/ozone/hadoop-ozone/integration-test/target/test-dir/MiniOzoneClusterImpl-37340386-36af-4fa8-9723-b8f583b28ff6/datanode-4/data/ratis/63a4ac22-0943-49cd-a4b6-9820ecca99ed has been successfully formatted.
2021-09-05 01:39:04,896 [pool-597-thread-1] INFO  ratis.ContainerStateMachine (ContainerStateMachine.java:loadSnapshot(224)) - group-9820ECCA99ED: The snapshot info is null. Setting the last applied indexto:(t:0, i:~)
2021-09-05 01:39:04,896 [Datanode State Machine Thread - 0] WARN  statemachine.StateContext (StateContext.java:execute(621)) - No available thread in pool for past 1 seconds.
2021-09-05 01:39:04,896 [pool-597-thread-1] INFO  server.RaftServerConfigKeys (ConfUtils.java:logGet(44)) - raft.server.notification.no-leader.timeout = 300000ms (custom)
2021-09-05 01:39:04,896 [pool-597-thread-1] INFO  server.RaftServerConfigKeys (ConfUtils.java:logGet(44)) - raft.server.log.use.memory = false (default)
2021-09-05 01:39:04,896 [pool-597-thread-1] INFO  server.RaftServerConfigKeys (ConfUtils.java:logGet(44)) - raft.server.log.purge.gap = 1000000 (custom)
2021-09-05 01:39:04,897 [pool-597-thread-1] INFO  server.RaftServerConfigKeys (ConfUtils.java:logGet(44)) - raft.server.log.appender.buffer.byte-limit = 33554432 (custom)
2021-09-05 01:39:04,897 [pool-597-thread-1] INFO  server.RaftServerConfigKeys (ConfUtils.java:logGet(44)) - raft.server.log.segment.size.max = 1048576 (custom)
2021-09-05 01:39:04,897 [pool-597-thread-1] INFO  server.RaftServerConfigKeys (ConfUtils.java:logGet(44)) - raft.server.log.segment.cache.num.max = 2 (custom)
2021-09-05 01:39:04,897 [pool-597-thread-1] INFO  server.RaftServerConfigKeys (ConfUtils.java:logGet(44)) - raft.server.log.segment.cache.size.max = 200MB (=209715200) (default)
2021-09-05 01:39:04,897 [pool-597-thread-1] INFO  segmented.SegmentedRaftLogWorker (SegmentedRaftLogWorker.java:<init>(182)) - new a394a97c-7848-4311-a24c-186851f6b492@group-9820ECCA99ED-SegmentedRaftLogWorker for RaftStorageImpl:Storage Directory /home/runner/work/ozone/ozone/hadoop-ozone/integration-test/target/test-dir/MiniOzoneClusterImpl-37340386-36af-4fa8-9723-b8f583b28ff6/datanode-4/data/ratis/63a4ac22-0943-49cd-a4b6-9820ecca99ed
2021-09-05 01:39:04,897 [pool-597-thread-1] INFO  server.RaftServerConfigKeys (ConfUtils.java:logGet(44)) - raft.server.log.queue.byte-limit = 2147483647 (custom)
2021-09-05 01:39:04,897 [pool-597-thread-1] INFO  server.RaftServerConfigKeys (ConfUtils.java:logGet(44)) - raft.server.log.queue.element-limit = 1024 (custom)
2021-09-05 01:39:04,897 [pool-597-thread-1] INFO  server.RaftServerConfigKeys (ConfUtils.java:logGet(44)) - raft.server.log.segment.size.max = 1048576 (custom)
2021-09-05 01:39:04,897 [pool-597-thread-1] INFO  server.RaftServerConfigKeys (ConfUtils.java:logGet(44)) - raft.server.log.preallocated.size = 16384 (custom)
2021-09-05 01:39:04,898 [pool-597-thread-1] INFO  server.RaftServerConfigKeys (ConfUtils.java:logGet(44)) - raft.server.log.force.sync.num = 128 (default)
2021-09-05 01:39:04,898 [pool-597-thread-1] INFO  server.RaftServerConfigKeys (ConfUtils.java:logGet(44)) - raft.server.log.statemachine.data.sync = true (default)
2021-09-05 01:39:04,898 [pool-597-thread-1] INFO  server.RaftServerConfigKeys (ConfUtils.java:logGet(44)) - raft.server.log.statemachine.data.sync.timeout = 10s (default)
2021-09-05 01:39:04,898 [pool-597-thread-1] INFO  server.RaftServerConfigKeys (ConfUtils.java:logGet(44)) - raft.server.log.statemachine.data.sync.timeout.retry = -1 (default)
2021-09-05 01:39:04,899 [pool-597-thread-1] INFO  server.RaftServerConfigKeys (ConfUtils.java:logGet(44)) - raft.server.log.write.buffer.size = 1048576 (custom)
2021-09-05 01:39:04,899 [pool-597-thread-1] INFO  server.RaftServerConfigKeys (ConfUtils.java:logGet(44)) - raft.server.log.statemachine.data.caching.enabled = true (custom)
2021-09-05 01:39:04,899 [pool-597-thread-1] INFO  segmented.SegmentedRaftLogWorker (SegmentedRaftLogWorker.java:lambda$new$0(133)) - a394a97c-7848-4311-a24c-186851f6b492@group-9820ECCA99ED-SegmentedRaftLogWorker: flushIndex: setUnconditionally 0 -> -1
2021-09-05 01:39:04,899 [pool-597-thread-1] INFO  segmented.SegmentedRaftLogWorker (SegmentedRaftLogWorker.java:lambda$new$0(133)) - a394a97c-7848-4311-a24c-186851f6b492@group-9820ECCA99ED-SegmentedRaftLogWorker: safeCacheEvictIndex: setUnconditionally 0 -> -1
2021-09-05 01:39:04,899 [pool-597-thread-1] INFO  server.RaftServerConfigKeys (ConfUtils.java:logGet(44)) - raft.server.snapshot.auto.trigger.enabled = true (custom)
2021-09-05 01:39:04,899 [pool-597-thread-1] INFO  server.RaftServerConfigKeys (ConfUtils.java:logGet(44)) - raft.server.snapshot.auto.trigger.threshold = 10000 (custom)
2021-09-05 01:39:04,899 [pool-597-thread-1] INFO  server.RaftServerConfigKeys (ConfUtils.java:logGet(44)) - raft.server.snapshot.retention.file.num = 5 (custom)
2021-09-05 01:39:04,899 [pool-597-thread-1] INFO  server.RaftServerConfigKeys (ConfUtils.java:logGet(44)) - raft.server.log.purge.upto.snapshot.index = false (default)
2021-09-05 01:39:04,899 [pool-597-thread-1] INFO  server.RaftServerConfigKeys (ConfUtils.java:logGet(44)) - raft.server.retrycache.expirytime = 600000ms (custom)
2021-09-05 01:39:04,900 [pool-597-thread-1] INFO  server.RaftServerConfigKeys (ConfUtils.java:logGet(44)) - raft.server.retrycache.statistics.expirytime = 100μs (default)
2021-09-05 01:39:04,930 [pool-597-thread-1] INFO  server.RaftServer$Division (RaftServerImpl.java:start(296)) - a394a97c-7848-4311-a24c-186851f6b492@group-9820ECCA99ED: start as a follower, conf=-1: [455161ce-78be-4281-bc2a-a50d1cad5e43|rpc:10.1.0.25:40081|dataStream:|priority:0, a394a97c-7848-4311-a24c-186851f6b492|rpc:10.1.0.25:38701|dataStream:|priority:1, aa0f76fc-0af9-4fba-891f-e6382fa98fe4|rpc:10.1.0.25:36313|dataStream:|priority:0], old=null
2021-09-05 01:39:04,930 [pool-597-thread-1] INFO  server.RaftServer$Division (RaftServerImpl.java:setRole(285)) - a394a97c-7848-4311-a24c-186851f6b492@group-9820ECCA99ED: changes role from      null to FOLLOWER at term 0 for startAsFollower
2021-09-05 01:39:04,930 [pool-597-thread-1] INFO  impl.RoleInfo (RoleInfo.java:updateAndGet(130)) - a394a97c-7848-4311-a24c-186851f6b492: start a394a97c-7848-4311-a24c-186851f6b492@group-9820ECCA99ED-FollowerState
2021-09-05 01:39:04,941 [pool-597-thread-1] INFO  util.JmxRegister (JmxRegister.java:tryRegister(44)) - Successfully registered JMX Bean with object name Ratis:service=RaftServer,group=group-9820ECCA99ED,id=a394a97c-7848-4311-a24c-186851f6b492
2021-09-05 01:39:05,029 [grpc-default-executor-4] INFO  server.RaftServer (RaftServerProxy.java:addNew(95)) - aa0f76fc-0af9-4fba-891f-e6382fa98fe4: addNew group-9820ECCA99ED:[455161ce-78be-4281-bc2a-a50d1cad5e43|rpc:10.1.0.25:40081|dataStream:|priority:0, a394a97c-7848-4311-a24c-186851f6b492|rpc:10.1.0.25:38701|dataStream:|priority:1, aa0f76fc-0af9-4fba-891f-e6382fa98fe4|rpc:10.1.0.25:36313|dataStream:|priority:0] returns group-9820ECCA99ED:java.util.concurrent.CompletableFuture@5a3bd10e[Not completed]
2021-09-05 01:39:05,030 [pool-616-thread-1] INFO  server.RaftServer$Division (RaftServerImpl.java:<init>(181)) - aa0f76fc-0af9-4fba-891f-e6382fa98fe4: new RaftServerImpl for group-9820ECCA99ED:[455161ce-78be-4281-bc2a-a50d1cad5e43|rpc:10.1.0.25:40081|dataStream:|priority:0, a394a97c-7848-4311-a24c-186851f6b492|rpc:10.1.0.25:38701|dataStream:|priority:1, aa0f76fc-0af9-4fba-891f-e6382fa98fe4|rpc:10.1.0.25:36313|dataStream:|priority:0] with ContainerStateMachine:uninitialized
2021-09-05 01:39:05,030 [pool-616-thread-1] INFO  server.RaftServerConfigKeys (ConfUtils.java:logGet(44)) - raft.server.rpc.timeout.min = 5s (custom)
2021-09-05 01:39:05,030 [pool-616-thread-1] INFO  server.RaftServerConfigKeys (ConfUtils.java:logGet(44)) - raft.server.rpc.timeout.max = 5200ms (custom)
2021-09-05 01:39:05,030 [pool-616-thread-1] INFO  server.RaftServerConfigKeys (ConfUtils.java:logGet(44)) - raft.server.rpc.sleep.time = 25ms (default)
2021-09-05 01:39:05,030 [pool-616-thread-1] INFO  server.RaftServerConfigKeys (ConfUtils.java:logGet(44)) - raft.server.rpc.slowness.timeout = 300000ms (custom)
2021-09-05 01:39:05,030 [pool-616-thread-1] INFO  server.RaftServerConfigKeys (ConfUtils.java:logGet(44)) - raft.server.leaderelection.leader.step-down.wait-time = 10s (default)
2021-09-05 01:39:05,030 [pool-616-thread-1] INFO  server.RaftServerConfigKeys (ConfUtils.java:logGet(44)) - raft.server.sleep.deviation.threshold = 300ms (default)
2021-09-05 01:39:05,030 [pool-616-thread-1] INFO  server.RaftServerConfigKeys (ConfUtils.java:logGet(44)) - raft.server.log.appender.install.snapshot.enabled = false (custom)
2021-09-05 01:39:05,030 [pool-616-thread-1] INFO  server.RaftServer$Division (ServerState.java:<init>(105)) - aa0f76fc-0af9-4fba-891f-e6382fa98fe4@group-9820ECCA99ED: ConfigurationManager, init=-1: [455161ce-78be-4281-bc2a-a50d1cad5e43|rpc:10.1.0.25:40081|dataStream:|priority:0, a394a97c-7848-4311-a24c-186851f6b492|rpc:10.1.0.25:38701|dataStream:|priority:1, aa0f76fc-0af9-4fba-891f-e6382fa98fe4|rpc:10.1.0.25:36313|dataStream:|priority:0], old=null, confs=<EMPTY_MAP>
2021-09-05 01:39:05,030 [pool-616-thread-1] INFO  server.RaftServerConfigKeys (ConfUtils.java:logGet(44)) - raft.server.storage.dir = [/home/runner/work/ozone/ozone/hadoop-ozone/integration-test/target/test-dir/MiniOzoneClusterImpl-37340386-36af-4fa8-9723-b8f583b28ff6/datanode-5/data/ratis] (custom)
2021-09-05 01:39:05,031 [pool-616-thread-1] INFO  server.RaftServerConfigKeys (ConfUtils.java:logGet(44)) - raft.server.log.corruption.policy = EXCEPTION (default)
2021-09-05 01:39:05,031 [pool-616-thread-1] INFO  server.RaftServerConfigKeys (ConfUtils.java:logGet(44)) - raft.server.storage.free-space.min = 0MB (=0) (default)
2021-09-05 01:39:05,031 [pool-616-thread-1] INFO  storage.RaftStorageDirectory (RaftStorageDirectoryImpl.java:analyzeStorage(135)) - The storage directory /home/runner/work/ozone/ozone/hadoop-ozone/integration-test/target/test-dir/MiniOzoneClusterImpl-37340386-36af-4fa8-9723-b8f583b28ff6/datanode-5/data/ratis/63a4ac22-0943-49cd-a4b6-9820ecca99ed does not exist. Creating ...
2021-09-05 01:39:05,032 [pool-616-thread-1] INFO  storage.RaftStorageDirectory (RaftStorageDirectoryImpl.java:tryLock(230)) - Lock on /home/runner/work/ozone/ozone/hadoop-ozone/integration-test/target/test-dir/MiniOzoneClusterImpl-37340386-36af-4fa8-9723-b8f583b28ff6/datanode-5/data/ratis/63a4ac22-0943-49cd-a4b6-9820ecca99ed/in_use.lock acquired by nodename 19671@fv-az270-420
2021-09-05 01:39:05,049 [pool-616-thread-1] INFO  storage.RaftStorage (RaftStorageImpl.java:format(89)) - Storage directory /home/runner/work/ozone/ozone/hadoop-ozone/integration-test/target/test-dir/MiniOzoneClusterImpl-37340386-36af-4fa8-9723-b8f583b28ff6/datanode-5/data/ratis/63a4ac22-0943-49cd-a4b6-9820ecca99ed has been successfully formatted.
2021-09-05 01:39:05,054 [pool-616-thread-1] INFO  ratis.ContainerStateMachine (ContainerStateMachine.java:loadSnapshot(224)) - group-9820ECCA99ED: The snapshot info is null. Setting the last applied indexto:(t:0, i:~)
2021-09-05 01:39:05,054 [pool-616-thread-1] INFO  server.RaftServerConfigKeys (ConfUtils.java:logGet(44)) - raft.server.notification.no-leader.timeout = 300000ms (custom)
2021-09-05 01:39:05,055 [pool-616-thread-1] INFO  server.RaftServerConfigKeys (ConfUtils.java:logGet(44)) - raft.server.log.use.memory = false (default)
2021-09-05 01:39:05,055 [pool-616-thread-1] INFO  server.RaftServerConfigKeys (ConfUtils.java:logGet(44)) - raft.server.log.purge.gap = 1000000 (custom)
2021-09-05 01:39:05,055 [pool-616-thread-1] INFO  server.RaftServerConfigKeys (ConfUtils.java:logGet(44)) - raft.server.log.appender.buffer.byte-limit = 33554432 (custom)
2021-09-05 01:39:05,055 [pool-616-thread-1] INFO  server.RaftServerConfigKeys (ConfUtils.java:logGet(44)) - raft.server.log.segment.size.max = 1048576 (custom)
2021-09-05 01:39:05,055 [pool-616-thread-1] INFO  server.RaftServerConfigKeys (ConfUtils.java:logGet(44)) - raft.server.log.segment.cache.num.max = 2 (custom)
2021-09-05 01:39:05,055 [pool-616-thread-1] INFO  server.RaftServerConfigKeys (ConfUtils.java:logGet(44)) - raft.server.log.segment.cache.size.max = 200MB (=209715200) (default)
2021-09-05 01:39:05,055 [pool-616-thread-1] INFO  segmented.SegmentedRaftLogWorker (SegmentedRaftLogWorker.java:<init>(182)) - new aa0f76fc-0af9-4fba-891f-e6382fa98fe4@group-9820ECCA99ED-SegmentedRaftLogWorker for RaftStorageImpl:Storage Directory /home/runner/work/ozone/ozone/hadoop-ozone/integration-test/target/test-dir/MiniOzoneClusterImpl-37340386-36af-4fa8-9723-b8f583b28ff6/datanode-5/data/ratis/63a4ac22-0943-49cd-a4b6-9820ecca99ed
2021-09-05 01:39:05,055 [pool-616-thread-1] INFO  server.RaftServerConfigKeys (ConfUtils.java:logGet(44)) - raft.server.log.queue.byte-limit = 2147483647 (custom)
2021-09-05 01:39:05,055 [pool-616-thread-1] INFO  server.RaftServerConfigKeys (ConfUtils.java:logGet(44)) - raft.server.log.queue.element-limit = 1024 (custom)
2021-09-05 01:39:05,056 [pool-616-thread-1] INFO  server.RaftServerConfigKeys (ConfUtils.java:logGet(44)) - raft.server.log.segment.size.max = 1048576 (custom)
2021-09-05 01:39:05,056 [pool-616-thread-1] INFO  server.RaftServerConfigKeys (ConfUtils.java:logGet(44)) - raft.server.log.preallocated.size = 16384 (custom)
2021-09-05 01:39:05,056 [pool-616-thread-1] INFO  server.RaftServerConfigKeys (ConfUtils.java:logGet(44)) - raft.server.log.force.sync.num = 128 (default)
2021-09-05 01:39:05,056 [pool-616-thread-1] INFO  server.RaftServerConfigKeys (ConfUtils.java:logGet(44)) - raft.server.log.statemachine.data.sync = true (default)
2021-09-05 01:39:05,056 [pool-616-thread-1] INFO  server.RaftServerConfigKeys (ConfUtils.java:logGet(44)) - raft.server.log.statemachine.data.sync.timeout = 10s (default)
2021-09-05 01:39:05,056 [pool-616-thread-1] INFO  server.RaftServerConfigKeys (ConfUtils.java:logGet(44)) - raft.server.log.statemachine.data.sync.timeout.retry = -1 (default)
2021-09-05 01:39:05,057 [pool-616-thread-1] INFO  server.RaftServerConfigKeys (ConfUtils.java:logGet(44)) - raft.server.log.write.buffer.size = 1048576 (custom)
2021-09-05 01:39:05,086 [pool-616-thread-1] INFO  server.RaftServerConfigKeys (ConfUtils.java:logGet(44)) - raft.server.log.statemachine.data.caching.enabled = true (custom)
2021-09-05 01:39:05,086 [pool-616-thread-1] INFO  segmented.SegmentedRaftLogWorker (SegmentedRaftLogWorker.java:lambda$new$0(133)) - aa0f76fc-0af9-4fba-891f-e6382fa98fe4@group-9820ECCA99ED-SegmentedRaftLogWorker: flushIndex: setUnconditionally 0 -> -1
2021-09-05 01:39:05,086 [pool-616-thread-1] INFO  segmented.SegmentedRaftLogWorker (SegmentedRaftLogWorker.java:lambda$new$0(133)) - aa0f76fc-0af9-4fba-891f-e6382fa98fe4@group-9820ECCA99ED-SegmentedRaftLogWorker: safeCacheEvictIndex: setUnconditionally 0 -> -1
2021-09-05 01:39:05,091 [pool-616-thread-1] INFO  server.RaftServerConfigKeys (ConfUtils.java:logGet(44)) - raft.server.snapshot.auto.trigger.enabled = true (custom)
2021-09-05 01:39:05,091 [pool-616-thread-1] INFO  server.RaftServerConfigKeys (ConfUtils.java:logGet(44)) - raft.server.snapshot.auto.trigger.threshold = 10000 (custom)
2021-09-05 01:39:05,091 [pool-616-thread-1] INFO  server.RaftServerConfigKeys (ConfUtils.java:logGet(44)) - raft.server.snapshot.retention.file.num = 5 (custom)
2021-09-05 01:39:05,091 [pool-616-thread-1] INFO  server.RaftServerConfigKeys (ConfUtils.java:logGet(44)) - raft.server.log.purge.upto.snapshot.index = false (default)
2021-09-05 01:39:05,091 [pool-616-thread-1] INFO  server.RaftServerConfigKeys (ConfUtils.java:logGet(44)) - raft.server.retrycache.expirytime = 600000ms (custom)
2021-09-05 01:39:05,091 [pool-616-thread-1] INFO  server.RaftServerConfigKeys (ConfUtils.java:logGet(44)) - raft.server.retrycache.statistics.expirytime = 100μs (default)
2021-09-05 01:39:05,093 [pool-616-thread-1] INFO  server.RaftServer$Division (RaftServerImpl.java:start(296)) - aa0f76fc-0af9-4fba-891f-e6382fa98fe4@group-9820ECCA99ED: start as a follower, conf=-1: [455161ce-78be-4281-bc2a-a50d1cad5e43|rpc:10.1.0.25:40081|dataStream:|priority:0, a394a97c-7848-4311-a24c-186851f6b492|rpc:10.1.0.25:38701|dataStream:|priority:1, aa0f76fc-0af9-4fba-891f-e6382fa98fe4|rpc:10.1.0.25:36313|dataStream:|priority:0], old=null
2021-09-05 01:39:05,093 [pool-616-thread-1] INFO  server.RaftServer$Division (RaftServerImpl.java:setRole(285)) - aa0f76fc-0af9-4fba-891f-e6382fa98fe4@group-9820ECCA99ED: changes role from      null to FOLLOWER at term 0 for startAsFollower
2021-09-05 01:39:05,093 [pool-616-thread-1] INFO  impl.RoleInfo (RoleInfo.java:updateAndGet(130)) - aa0f76fc-0af9-4fba-891f-e6382fa98fe4: start aa0f76fc-0af9-4fba-891f-e6382fa98fe4@group-9820ECCA99ED-FollowerState
2021-09-05 01:39:05,128 [pool-616-thread-1] INFO  util.JmxRegister (JmxRegister.java:tryRegister(44)) - Successfully registered JMX Bean with object name Ratis:service=RaftServer,group=group-9820ECCA99ED,id=aa0f76fc-0af9-4fba-891f-e6382fa98fe4
2021-09-05 01:39:05,183 [Command processor thread] INFO  server.RaftServer (RaftServerProxy.java:addNew(95)) - a394a97c-7848-4311-a24c-186851f6b492: addNew group-71F1F32B1A5F:[a394a97c-7848-4311-a24c-186851f6b492|rpc:10.1.0.25:38701|priority:1] returns group-71F1F32B1A5F:java.util.concurrent.CompletableFuture@2bb4ea0[Not completed]
2021-09-05 01:39:05,184 [pool-597-thread-1] INFO  server.RaftServer$Division (RaftServerImpl.java:<init>(181)) - a394a97c-7848-4311-a24c-186851f6b492: new RaftServerImpl for group-71F1F32B1A5F:[a394a97c-7848-4311-a24c-186851f6b492|rpc:10.1.0.25:38701|priority:1] with ContainerStateMachine:uninitialized
2021-09-05 01:39:05,184 [pool-597-thread-1] INFO  server.RaftServerConfigKeys (ConfUtils.java:logGet(44)) - raft.server.rpc.timeout.min = 5s (custom)
2021-09-05 01:39:05,184 [pool-597-thread-1] INFO  server.RaftServerConfigKeys (ConfUtils.java:logGet(44)) - raft.server.rpc.timeout.max = 5200ms (custom)
2021-09-05 01:39:05,184 [pool-597-thread-1] INFO  server.RaftServerConfigKeys (ConfUtils.java:logGet(44)) - raft.server.rpc.sleep.time = 25ms (default)
2021-09-05 01:39:05,184 [pool-597-thread-1] INFO  server.RaftServerConfigKeys (ConfUtils.java:logGet(44)) - raft.server.rpc.slowness.timeout = 300000ms (custom)
2021-09-05 01:39:05,184 [pool-597-thread-1] INFO  server.RaftServerConfigKeys (ConfUtils.java:logGet(44)) - raft.server.leaderelection.leader.step-down.wait-time = 10s (default)
2021-09-05 01:39:05,184 [pool-597-thread-1] INFO  server.RaftServerConfigKeys (ConfUtils.java:logGet(44)) - raft.server.sleep.deviation.threshold = 300ms (default)
2021-09-05 01:39:05,184 [pool-597-thread-1] INFO  server.RaftServerConfigKeys (ConfUtils.java:logGet(44)) - raft.server.log.appender.install.snapshot.enabled = false (custom)
2021-09-05 01:39:05,184 [pool-597-thread-1] INFO  server.RaftServer$Division (ServerState.java:<init>(105)) - a394a97c-7848-4311-a24c-186851f6b492@group-71F1F32B1A5F: ConfigurationManager, init=-1: [a394a97c-7848-4311-a24c-186851f6b492|rpc:10.1.0.25:38701|priority:1], old=null, confs=<EMPTY_MAP>
2021-09-05 01:39:05,184 [pool-597-thread-1] INFO  server.RaftServerConfigKeys (ConfUtils.java:logGet(44)) - raft.server.storage.dir = [/home/runner/work/ozone/ozone/hadoop-ozone/integration-test/target/test-dir/MiniOzoneClusterImpl-37340386-36af-4fa8-9723-b8f583b28ff6/datanode-4/data/ratis] (custom)
2021-09-05 01:39:05,185 [pool-597-thread-1] INFO  server.RaftServerConfigKeys (ConfUtils.java:logGet(44)) - raft.server.log.corruption.policy = EXCEPTION (default)
2021-09-05 01:39:05,185 [pool-597-thread-1] INFO  server.RaftServerConfigKeys (ConfUtils.java:logGet(44)) - raft.server.storage.free-space.min = 0MB (=0) (default)
2021-09-05 01:39:05,185 [pool-597-thread-1] INFO  storage.RaftStorageDirectory (RaftStorageDirectoryImpl.java:analyzeStorage(135)) - The storage directory /home/runner/work/ozone/ozone/hadoop-ozone/integration-test/target/test-dir/MiniOzoneClusterImpl-37340386-36af-4fa8-9723-b8f583b28ff6/datanode-4/data/ratis/1f8bedbc-d0ae-4b4d-bc8b-71f1f32b1a5f does not exist. Creating ...
2021-09-05 01:39:05,193 [pool-597-thread-1] INFO  storage.RaftStorageDirectory (RaftStorageDirectoryImpl.java:tryLock(230)) - Lock on /home/runner/work/ozone/ozone/hadoop-ozone/integration-test/target/test-dir/MiniOzoneClusterImpl-37340386-36af-4fa8-9723-b8f583b28ff6/datanode-4/data/ratis/1f8bedbc-d0ae-4b4d-bc8b-71f1f32b1a5f/in_use.lock acquired by nodename 19671@fv-az270-420
2021-09-05 01:39:05,194 [pool-597-thread-1] INFO  storage.RaftStorage (RaftStorageImpl.java:format(89)) - Storage directory /home/runner/work/ozone/ozone/hadoop-ozone/integration-test/target/test-dir/MiniOzoneClusterImpl-37340386-36af-4fa8-9723-b8f583b28ff6/datanode-4/data/ratis/1f8bedbc-d0ae-4b4d-bc8b-71f1f32b1a5f has been successfully formatted.
2021-09-05 01:39:05,194 [Datanode State Machine Thread - 0] WARN  statemachine.StateContext (StateContext.java:execute(621)) - No available thread in pool for past 1 seconds.
2021-09-05 01:39:05,195 [EventQueue-PipelineReportForPipelineReportHandler] INFO  pipeline.PipelineManagerImpl (PipelineManagerImpl.java:openPipeline(282)) - Pipeline Pipeline[ Id: 1f8bedbc-d0ae-4b4d-bc8b-71f1f32b1a5f, Nodes: a394a97c-7848-4311-a24c-186851f6b492{ip: 10.1.0.25, host: fv-az270-420.tacnzluakwdehk1hpragurqkma.bx.internal.cloudapp.net, ports: [REPLICATION=37403, RATIS=38701, RATIS_ADMIN=38701, RATIS_SERVER=38701, STANDALONE=35691], networkLocation: /default-rack, certSerialId: null, persistedOpState: IN_SERVICE, persistedOpStateExpiryEpochSec: 0}, ReplicationConfig: RATIS/ONE, State:ALLOCATED, leaderId:a394a97c-7848-4311-a24c-186851f6b492, CreationTimestamp2021-09-05T01:39:02.163Z[Etc/UTC]] moved to OPEN state
2021-09-05 01:39:05,195 [pool-597-thread-1] INFO  ratis.ContainerStateMachine (ContainerStateMachine.java:loadSnapshot(224)) - group-71F1F32B1A5F: The snapshot info is null. Setting the last applied indexto:(t:0, i:~)
2021-09-05 01:39:05,195 [pool-597-thread-1] INFO  server.RaftServerConfigKeys (ConfUtils.java:logGet(44)) - raft.server.notification.no-leader.timeout = 300000ms (custom)
2021-09-05 01:39:05,195 [EventQueue-OpenPipelineForHealthyPipelineSafeModeRule] INFO  safemode.SCMSafeModeManager (HealthyPipelineSafeModeRule.java:process(124)) - SCM in safe mode. Healthy pipelines reported count is 0, required healthy pipeline reported count is 1
2021-09-05 01:39:05,196 [pool-597-thread-1] INFO  server.RaftServerConfigKeys (ConfUtils.java:logGet(44)) - raft.server.log.use.memory = false (default)
2021-09-05 01:39:05,196 [pool-597-thread-1] INFO  server.RaftServerConfigKeys (ConfUtils.java:logGet(44)) - raft.server.log.purge.gap = 1000000 (custom)
2021-09-05 01:39:05,196 [pool-597-thread-1] INFO  server.RaftServerConfigKeys (ConfUtils.java:logGet(44)) - raft.server.log.appender.buffer.byte-limit = 33554432 (custom)
2021-09-05 01:39:05,196 [pool-597-thread-1] INFO  server.RaftServerConfigKeys (ConfUtils.java:logGet(44)) - raft.server.log.segment.size.max = 1048576 (custom)
2021-09-05 01:39:05,196 [pool-597-thread-1] INFO  server.RaftServerConfigKeys (ConfUtils.java:logGet(44)) - raft.server.log.segment.cache.num.max = 2 (custom)
2021-09-05 01:39:05,196 [pool-597-thread-1] INFO  server.RaftServerConfigKeys (ConfUtils.java:logGet(44)) - raft.server.log.segment.cache.size.max = 200MB (=209715200) (default)
2021-09-05 01:39:05,196 [pool-597-thread-1] INFO  segmented.SegmentedRaftLogWorker (SegmentedRaftLogWorker.java:<init>(182)) - new a394a97c-7848-4311-a24c-186851f6b492@group-71F1F32B1A5F-SegmentedRaftLogWorker for RaftStorageImpl:Storage Directory /home/runner/work/ozone/ozone/hadoop-ozone/integration-test/target/test-dir/MiniOzoneClusterImpl-37340386-36af-4fa8-9723-b8f583b28ff6/datanode-4/data/ratis/1f8bedbc-d0ae-4b4d-bc8b-71f1f32b1a5f
2021-09-05 01:39:05,197 [pool-597-thread-1] INFO  server.RaftServerConfigKeys (ConfUtils.java:logGet(44)) - raft.server.log.queue.byte-limit = 2147483647 (custom)
2021-09-05 01:39:05,197 [pool-597-thread-1] INFO  server.RaftServerConfigKeys (ConfUtils.java:logGet(44)) - raft.server.log.queue.element-limit = 1024 (custom)
2021-09-05 01:39:05,197 [pool-597-thread-1] INFO  server.RaftServerConfigKeys (ConfUtils.java:logGet(44)) - raft.server.log.segment.size.max = 1048576 (custom)
2021-09-05 01:39:05,197 [pool-597-thread-1] INFO  server.RaftServerConfigKeys (ConfUtils.java:logGet(44)) - raft.server.log.preallocated.size = 16384 (custom)
2021-09-05 01:39:05,197 [pool-597-thread-1] INFO  server.RaftServerConfigKeys (ConfUtils.java:logGet(44)) - raft.server.log.force.sync.num = 128 (default)
2021-09-05 01:39:05,197 [pool-597-thread-1] INFO  server.RaftServerConfigKeys (ConfUtils.java:logGet(44)) - raft.server.log.statemachine.data.sync = true (default)
2021-09-05 01:39:05,197 [pool-597-thread-1] INFO  server.RaftServerConfigKeys (ConfUtils.java:logGet(44)) - raft.server.log.statemachine.data.sync.timeout = 10s (default)
2021-09-05 01:39:05,197 [pool-597-thread-1] INFO  server.RaftServerConfigKeys (ConfUtils.java:logGet(44)) - raft.server.log.statemachine.data.sync.timeout.retry = -1 (default)
2021-09-05 01:39:05,198 [pool-597-thread-1] INFO  server.RaftServerConfigKeys (ConfUtils.java:logGet(44)) - raft.server.log.write.buffer.size = 1048576 (custom)
2021-09-05 01:39:05,198 [pool-597-thread-1] INFO  server.RaftServerConfigKeys (ConfUtils.java:logGet(44)) - raft.server.log.statemachine.data.caching.enabled = true (custom)
2021-09-05 01:39:05,198 [pool-597-thread-1] INFO  segmented.SegmentedRaftLogWorker (SegmentedRaftLogWorker.java:lambda$new$0(133)) - a394a97c-7848-4311-a24c-186851f6b492@group-71F1F32B1A5F-SegmentedRaftLogWorker: flushIndex: setUnconditionally 0 -> -1
2021-09-05 01:39:05,198 [pool-597-thread-1] INFO  segmented.SegmentedRaftLogWorker (SegmentedRaftLogWorker.java:lambda$new$0(133)) - a394a97c-7848-4311-a24c-186851f6b492@group-71F1F32B1A5F-SegmentedRaftLogWorker: safeCacheEvictIndex: setUnconditionally 0 -> -1
2021-09-05 01:39:05,209 [pool-597-thread-1] INFO  server.RaftServerConfigKeys (ConfUtils.java:logGet(44)) - raft.server.snapshot.auto.trigger.enabled = true (custom)
2021-09-05 01:39:05,209 [pool-597-thread-1] INFO  server.RaftServerConfigKeys (ConfUtils.java:logGet(44)) - raft.server.snapshot.auto.trigger.threshold = 10000 (custom)
2021-09-05 01:39:05,209 [pool-597-thread-1] INFO  server.RaftServerConfigKeys (ConfUtils.java:logGet(44)) - raft.server.snapshot.retention.file.num = 5 (custom)
2021-09-05 01:39:05,209 [pool-597-thread-1] INFO  server.RaftServerConfigKeys (ConfUtils.java:logGet(44)) - raft.server.log.purge.upto.snapshot.index = false (default)
2021-09-05 01:39:05,209 [pool-597-thread-1] INFO  server.RaftServerConfigKeys (ConfUtils.java:logGet(44)) - raft.server.retrycache.expirytime = 600000ms (custom)
2021-09-05 01:39:05,209 [pool-597-thread-1] INFO  server.RaftServerConfigKeys (ConfUtils.java:logGet(44)) - raft.server.retrycache.statistics.expirytime = 100μs (default)
2021-09-05 01:39:05,212 [pool-597-thread-1] INFO  server.RaftServer$Division (RaftServerImpl.java:start(296)) - a394a97c-7848-4311-a24c-186851f6b492@group-71F1F32B1A5F: start as a follower, conf=-1: [a394a97c-7848-4311-a24c-186851f6b492|rpc:10.1.0.25:38701|priority:1], old=null
2021-09-05 01:39:05,212 [pool-597-thread-1] INFO  server.RaftServer$Division (RaftServerImpl.java:setRole(285)) - a394a97c-7848-4311-a24c-186851f6b492@group-71F1F32B1A5F: changes role from      null to FOLLOWER at term 0 for startAsFollower
2021-09-05 01:39:05,212 [pool-597-thread-1] INFO  impl.RoleInfo (RoleInfo.java:updateAndGet(130)) - a394a97c-7848-4311-a24c-186851f6b492: start a394a97c-7848-4311-a24c-186851f6b492@group-71F1F32B1A5F-FollowerState
2021-09-05 01:39:05,216 [pool-597-thread-1] INFO  util.JmxRegister (JmxRegister.java:tryRegister(44)) - Successfully registered JMX Bean with object name Ratis:service=RaftServer,group=group-71F1F32B1A5F,id=a394a97c-7848-4311-a24c-186851f6b492
2021-09-05 01:39:05,237 [Command processor thread] INFO  ratis.XceiverServerRatis (XceiverServerRatis.java:addGroup(763)) - Created group PipelineID=1f8bedbc-d0ae-4b4d-bc8b-71f1f32b1a5f
2021-09-05 01:39:05,237 [Command processor thread] INFO  commandhandler.CreatePipelineCommandHandler (CreatePipelineCommandHandler.java:handle(106)) - Created Pipeline RATIS ONE PipelineID=1f8bedbc-d0ae-4b4d-bc8b-71f1f32b1a5f.
2021-09-05 01:39:05,237 [Command processor thread] INFO  server.RaftServer (RaftServerProxy.java:addNew(95)) - a394a97c-7848-4311-a24c-186851f6b492: addNew group-1C1C96E5B142:[455161ce-78be-4281-bc2a-a50d1cad5e43|rpc:10.1.0.25:40081|priority:1, a394a97c-7848-4311-a24c-186851f6b492|rpc:10.1.0.25:38701|priority:0, aa0f76fc-0af9-4fba-891f-e6382fa98fe4|rpc:10.1.0.25:36313|priority:0] returns group-1C1C96E5B142:java.util.concurrent.CompletableFuture@c7ca087[Not completed]
2021-09-05 01:39:05,238 [pool-597-thread-1] INFO  server.RaftServer$Division (RaftServerImpl.java:<init>(181)) - a394a97c-7848-4311-a24c-186851f6b492: new RaftServerImpl for group-1C1C96E5B142:[455161ce-78be-4281-bc2a-a50d1cad5e43|rpc:10.1.0.25:40081|priority:1, a394a97c-7848-4311-a24c-186851f6b492|rpc:10.1.0.25:38701|priority:0, aa0f76fc-0af9-4fba-891f-e6382fa98fe4|rpc:10.1.0.25:36313|priority:0] with ContainerStateMachine:uninitialized
2021-09-05 01:39:05,238 [pool-597-thread-1] INFO  server.RaftServerConfigKeys (ConfUtils.java:logGet(44)) - raft.server.rpc.timeout.min = 5s (custom)
2021-09-05 01:39:05,238 [pool-597-thread-1] INFO  server.RaftServerConfigKeys (ConfUtils.java:logGet(44)) - raft.server.rpc.timeout.max = 5200ms (custom)
2021-09-05 01:39:05,238 [pool-597-thread-1] INFO  server.RaftServerConfigKeys (ConfUtils.java:logGet(44)) - raft.server.rpc.sleep.time = 25ms (default)
2021-09-05 01:39:05,238 [pool-597-thread-1] INFO  server.RaftServerConfigKeys (ConfUtils.java:logGet(44)) - raft.server.rpc.slowness.timeout = 300000ms (custom)
2021-09-05 01:39:05,238 [pool-597-thread-1] INFO  server.RaftServerConfigKeys (ConfUtils.java:logGet(44)) - raft.server.leaderelection.leader.step-down.wait-time = 10s (default)
2021-09-05 01:39:05,238 [pool-597-thread-1] INFO  server.RaftServerConfigKeys (ConfUtils.java:logGet(44)) - raft.server.sleep.deviation.threshold = 300ms (default)
2021-09-05 01:39:05,238 [pool-597-thread-1] INFO  server.RaftServerConfigKeys (ConfUtils.java:logGet(44)) - raft.server.log.appender.install.snapshot.enabled = false (custom)
2021-09-05 01:39:05,238 [pool-597-thread-1] INFO  server.RaftServer$Division (ServerState.java:<init>(105)) - a394a97c-7848-4311-a24c-186851f6b492@group-1C1C96E5B142: ConfigurationManager, init=-1: [455161ce-78be-4281-bc2a-a50d1cad5e43|rpc:10.1.0.25:40081|priority:1, a394a97c-7848-4311-a24c-186851f6b492|rpc:10.1.0.25:38701|priority:0, aa0f76fc-0af9-4fba-891f-e6382fa98fe4|rpc:10.1.0.25:36313|priority:0], old=null, confs=<EMPTY_MAP>
2021-09-05 01:39:05,238 [pool-597-thread-1] INFO  server.RaftServerConfigKeys (ConfUtils.java:logGet(44)) - raft.server.storage.dir = [/home/runner/work/ozone/ozone/hadoop-ozone/integration-test/target/test-dir/MiniOzoneClusterImpl-37340386-36af-4fa8-9723-b8f583b28ff6/datanode-4/data/ratis] (custom)
2021-09-05 01:39:05,238 [pool-597-thread-1] INFO  server.RaftServerConfigKeys (ConfUtils.java:logGet(44)) - raft.server.log.corruption.policy = EXCEPTION (default)
2021-09-05 01:39:05,238 [pool-597-thread-1] INFO  server.RaftServerConfigKeys (ConfUtils.java:logGet(44)) - raft.server.storage.free-space.min = 0MB (=0) (default)
2021-09-05 01:39:05,238 [pool-597-thread-1] INFO  storage.RaftStorageDirectory (RaftStorageDirectoryImpl.java:analyzeStorage(135)) - The storage directory /home/runner/work/ozone/ozone/hadoop-ozone/integration-test/target/test-dir/MiniOzoneClusterImpl-37340386-36af-4fa8-9723-b8f583b28ff6/datanode-4/data/ratis/c580985d-0fc5-40f2-b5c7-1c1c96e5b142 does not exist. Creating ...
2021-09-05 01:39:05,245 [pool-597-thread-1] INFO  storage.RaftStorageDirectory (RaftStorageDirectoryImpl.java:tryLock(230)) - Lock on /home/runner/work/ozone/ozone/hadoop-ozone/integration-test/target/test-dir/MiniOzoneClusterImpl-37340386-36af-4fa8-9723-b8f583b28ff6/datanode-4/data/ratis/c580985d-0fc5-40f2-b5c7-1c1c96e5b142/in_use.lock acquired by nodename 19671@fv-az270-420
2021-09-05 01:39:05,260 [Command processor thread] INFO  commandhandler.CreatePipelineCommandHandler (CreatePipelineCommandHandler.java:handle(106)) - Created Pipeline RATIS THREE PipelineID=63a4ac22-0943-49cd-a4b6-9820ecca99ed.
2021-09-05 01:39:05,260 [Command processor thread] INFO  server.RaftServer (RaftServerProxy.java:addNew(95)) - 455161ce-78be-4281-bc2a-a50d1cad5e43: addNew group-1C1C96E5B142:[455161ce-78be-4281-bc2a-a50d1cad5e43|rpc:10.1.0.25:40081|priority:1, a394a97c-7848-4311-a24c-186851f6b492|rpc:10.1.0.25:38701|priority:0, aa0f76fc-0af9-4fba-891f-e6382fa98fe4|rpc:10.1.0.25:36313|priority:0] returns group-1C1C96E5B142:java.util.concurrent.CompletableFuture@158a609[Not completed]
2021-09-05 01:39:05,261 [pool-578-thread-1] INFO  server.RaftServer$Division (RaftServerImpl.java:<init>(181)) - 455161ce-78be-4281-bc2a-a50d1cad5e43: new RaftServerImpl for group-1C1C96E5B142:[455161ce-78be-4281-bc2a-a50d1cad5e43|rpc:10.1.0.25:40081|priority:1, a394a97c-7848-4311-a24c-186851f6b492|rpc:10.1.0.25:38701|priority:0, aa0f76fc-0af9-4fba-891f-e6382fa98fe4|rpc:10.1.0.25:36313|priority:0] with ContainerStateMachine:uninitialized
2021-09-05 01:39:05,261 [pool-578-thread-1] INFO  server.RaftServerConfigKeys (ConfUtils.java:logGet(44)) - raft.server.rpc.timeout.min = 5s (custom)
2021-09-05 01:39:05,261 [pool-578-thread-1] INFO  server.RaftServerConfigKeys (ConfUtils.java:logGet(44)) - raft.server.rpc.timeout.max = 5200ms (custom)
2021-09-05 01:39:05,261 [pool-578-thread-1] INFO  server.RaftServerConfigKeys (ConfUtils.java:logGet(44)) - raft.server.rpc.sleep.time = 25ms (default)
2021-09-05 01:39:05,261 [pool-578-thread-1] INFO  server.RaftServerConfigKeys (ConfUtils.java:logGet(44)) - raft.server.rpc.slowness.timeout = 300000ms (custom)
2021-09-05 01:39:05,261 [pool-578-thread-1] INFO  server.RaftServerConfigKeys (ConfUtils.java:logGet(44)) - raft.server.leaderelection.leader.step-down.wait-time = 10s (default)
2021-09-05 01:39:05,261 [pool-578-thread-1] INFO  server.RaftServerConfigKeys (ConfUtils.java:logGet(44)) - raft.server.sleep.deviation.threshold = 300ms (default)
2021-09-05 01:39:05,261 [pool-578-thread-1] INFO  server.RaftServerConfigKeys (ConfUtils.java:logGet(44)) - raft.server.log.appender.install.snapshot.enabled = false (custom)
2021-09-05 01:39:05,261 [pool-578-thread-1] INFO  server.RaftServer$Division (ServerState.java:<init>(105)) - 455161ce-78be-4281-bc2a-a50d1cad5e43@group-1C1C96E5B142: ConfigurationManager, init=-1: [455161ce-78be-4281-bc2a-a50d1cad5e43|rpc:10.1.0.25:40081|priority:1, a394a97c-7848-4311-a24c-186851f6b492|rpc:10.1.0.25:38701|priority:0, aa0f76fc-0af9-4fba-891f-e6382fa98fe4|rpc:10.1.0.25:36313|priority:0], old=null, confs=<EMPTY_MAP>
2021-09-05 01:39:05,261 [pool-578-thread-1] INFO  server.RaftServerConfigKeys (ConfUtils.java:logGet(44)) - raft.server.storage.dir = [/home/runner/work/ozone/ozone/hadoop-ozone/integration-test/target/test-dir/MiniOzoneClusterImpl-37340386-36af-4fa8-9723-b8f583b28ff6/datanode-3/data/ratis] (custom)
2021-09-05 01:39:05,262 [pool-578-thread-1] INFO  server.RaftServerConfigKeys (ConfUtils.java:logGet(44)) - raft.server.log.corruption.policy = EXCEPTION (default)
2021-09-05 01:39:05,262 [pool-578-thread-1] INFO  server.RaftServerConfigKeys (ConfUtils.java:logGet(44)) - raft.server.storage.free-space.min = 0MB (=0) (default)
2021-09-05 01:39:05,262 [pool-578-thread-1] INFO  storage.RaftStorageDirectory (RaftStorageDirectoryImpl.java:analyzeStorage(135)) - The storage directory /home/runner/work/ozone/ozone/hadoop-ozone/integration-test/target/test-dir/MiniOzoneClusterImpl-37340386-36af-4fa8-9723-b8f583b28ff6/datanode-3/data/ratis/c580985d-0fc5-40f2-b5c7-1c1c96e5b142 does not exist. Creating ...
2021-09-05 01:39:05,263 [pool-578-thread-1] INFO  storage.RaftStorageDirectory (RaftStorageDirectoryImpl.java:tryLock(230)) - Lock on /home/runner/work/ozone/ozone/hadoop-ozone/integration-test/target/test-dir/MiniOzoneClusterImpl-37340386-36af-4fa8-9723-b8f583b28ff6/datanode-3/data/ratis/c580985d-0fc5-40f2-b5c7-1c1c96e5b142/in_use.lock acquired by nodename 19671@fv-az270-420
2021-09-05 01:39:05,264 [pool-578-thread-1] INFO  storage.RaftStorage (RaftStorageImpl.java:format(89)) - Storage directory /home/runner/work/ozone/ozone/hadoop-ozone/integration-test/target/test-dir/MiniOzoneClusterImpl-37340386-36af-4fa8-9723-b8f583b28ff6/datanode-3/data/ratis/c580985d-0fc5-40f2-b5c7-1c1c96e5b142 has been successfully formatted.
2021-09-05 01:39:05,265 [Datanode State Machine Thread - 0] WARN  statemachine.StateContext (StateContext.java:execute(621)) - No available thread in pool for past 1 seconds.
2021-09-05 01:39:05,265 [EventQueue-OpenPipelineForHealthyPipelineSafeModeRule] INFO  safemode.SCMSafeModeManager (HealthyPipelineSafeModeRule.java:process(124)) - SCM in safe mode. Healthy pipelines reported count is 0, required healthy pipeline reported count is 1
2021-09-05 01:39:05,266 [pool-578-thread-1] INFO  ratis.ContainerStateMachine (ContainerStateMachine.java:loadSnapshot(224)) - group-1C1C96E5B142: The snapshot info is null. Setting the last applied indexto:(t:0, i:~)
2021-09-05 01:39:05,266 [pool-578-thread-1] INFO  server.RaftServerConfigKeys (ConfUtils.java:logGet(44)) - raft.server.notification.no-leader.timeout = 300000ms (custom)
2021-09-05 01:39:05,266 [pool-578-thread-1] INFO  server.RaftServerConfigKeys (ConfUtils.java:logGet(44)) - raft.server.log.use.memory = false (default)
2021-09-05 01:39:05,266 [pool-578-thread-1] INFO  server.RaftServerConfigKeys (ConfUtils.java:logGet(44)) - raft.server.log.purge.gap = 1000000 (custom)
2021-09-05 01:39:05,266 [pool-578-thread-1] INFO  server.RaftServerConfigKeys (ConfUtils.java:logGet(44)) - raft.server.log.appender.buffer.byte-limit = 33554432 (custom)
2021-09-05 01:39:05,269 [pool-578-thread-1] INFO  server.RaftServerConfigKeys (ConfUtils.java:logGet(44)) - raft.server.log.segment.size.max = 1048576 (custom)
2021-09-05 01:39:05,270 [pool-578-thread-1] INFO  server.RaftServerConfigKeys (ConfUtils.java:logGet(44)) - raft.server.log.segment.cache.num.max = 2 (custom)
2021-09-05 01:39:05,270 [pool-578-thread-1] INFO  server.RaftServerConfigKeys (ConfUtils.java:logGet(44)) - raft.server.log.segment.cache.size.max = 200MB (=209715200) (default)
2021-09-05 01:39:05,270 [pool-578-thread-1] INFO  segmented.SegmentedRaftLogWorker (SegmentedRaftLogWorker.java:<init>(182)) - new 455161ce-78be-4281-bc2a-a50d1cad5e43@group-1C1C96E5B142-SegmentedRaftLogWorker for RaftStorageImpl:Storage Directory /home/runner/work/ozone/ozone/hadoop-ozone/integration-test/target/test-dir/MiniOzoneClusterImpl-37340386-36af-4fa8-9723-b8f583b28ff6/datanode-3/data/ratis/c580985d-0fc5-40f2-b5c7-1c1c96e5b142
2021-09-05 01:39:05,270 [pool-578-thread-1] INFO  server.RaftServerConfigKeys (ConfUtils.java:logGet(44)) - raft.server.log.queue.byte-limit = 2147483647 (custom)
2021-09-05 01:39:05,270 [pool-578-thread-1] INFO  server.RaftServerConfigKeys (ConfUtils.java:logGet(44)) - raft.server.log.queue.element-limit = 1024 (custom)
2021-09-05 01:39:05,270 [pool-578-thread-1] INFO  server.RaftServerConfigKeys (ConfUtils.java:logGet(44)) - raft.server.log.segment.size.max = 1048576 (custom)
2021-09-05 01:39:05,270 [pool-578-thread-1] INFO  server.RaftServerConfigKeys (ConfUtils.java:logGet(44)) - raft.server.log.preallocated.size = 16384 (custom)
2021-09-05 01:39:05,270 [pool-578-thread-1] INFO  server.RaftServerConfigKeys (ConfUtils.java:logGet(44)) - raft.server.log.force.sync.num = 128 (default)
2021-09-05 01:39:05,270 [pool-578-thread-1] INFO  server.RaftServerConfigKeys (ConfUtils.java:logGet(44)) - raft.server.log.statemachine.data.sync = true (default)
2021-09-05 01:39:05,270 [pool-578-thread-1] INFO  server.RaftServerConfigKeys (ConfUtils.java:logGet(44)) - raft.server.log.statemachine.data.sync.timeout = 10s (default)
2021-09-05 01:39:05,270 [pool-578-thread-1] INFO  server.RaftServerConfigKeys (ConfUtils.java:logGet(44)) - raft.server.log.statemachine.data.sync.timeout.retry = -1 (default)
2021-09-05 01:39:05,271 [pool-578-thread-1] INFO  server.RaftServerConfigKeys (ConfUtils.java:logGet(44)) - raft.server.log.write.buffer.size = 1048576 (custom)
2021-09-05 01:39:05,272 [pool-597-thread-1] INFO  storage.RaftStorage (RaftStorageImpl.java:format(89)) - Storage directory /home/runner/work/ozone/ozone/hadoop-ozone/integration-test/target/test-dir/MiniOzoneClusterImpl-37340386-36af-4fa8-9723-b8f583b28ff6/datanode-4/data/ratis/c580985d-0fc5-40f2-b5c7-1c1c96e5b142 has been successfully formatted.
2021-09-05 01:39:05,273 [pool-597-thread-1] INFO  ratis.ContainerStateMachine (ContainerStateMachine.java:loadSnapshot(224)) - group-1C1C96E5B142: The snapshot info is null. Setting the last applied indexto:(t:0, i:~)
2021-09-05 01:39:05,274 [pool-578-thread-1] INFO  server.RaftServerConfigKeys (ConfUtils.java:logGet(44)) - raft.server.log.statemachine.data.caching.enabled = true (custom)
2021-09-05 01:39:05,274 [pool-578-thread-1] INFO  segmented.SegmentedRaftLogWorker (SegmentedRaftLogWorker.java:lambda$new$0(133)) - 455161ce-78be-4281-bc2a-a50d1cad5e43@group-1C1C96E5B142-SegmentedRaftLogWorker: flushIndex: setUnconditionally 0 -> -1
2021-09-05 01:39:05,274 [pool-578-thread-1] INFO  segmented.SegmentedRaftLogWorker (SegmentedRaftLogWorker.java:lambda$new$0(133)) - 455161ce-78be-4281-bc2a-a50d1cad5e43@group-1C1C96E5B142-SegmentedRaftLogWorker: safeCacheEvictIndex: setUnconditionally 0 -> -1
2021-09-05 01:39:05,274 [pool-578-thread-1] INFO  server.RaftServerConfigKeys (ConfUtils.java:logGet(44)) - raft.server.snapshot.auto.trigger.enabled = true (custom)
2021-09-05 01:39:05,274 [pool-578-thread-1] INFO  server.RaftServerConfigKeys (ConfUtils.java:logGet(44)) - raft.server.snapshot.auto.trigger.threshold = 10000 (custom)
2021-09-05 01:39:05,274 [pool-578-thread-1] INFO  server.RaftServerConfigKeys (ConfUtils.java:logGet(44)) - raft.server.snapshot.retention.file.num = 5 (custom)
2021-09-05 01:39:05,274 [pool-578-thread-1] INFO  server.RaftServerConfigKeys (ConfUtils.java:logGet(44)) - raft.server.log.purge.upto.snapshot.index = false (default)
2021-09-05 01:39:05,274 [pool-578-thread-1] INFO  server.RaftServerConfigKeys (ConfUtils.java:logGet(44)) - raft.server.retrycache.expirytime = 600000ms (custom)
2021-09-05 01:39:05,275 [pool-578-thread-1] INFO  server.RaftServerConfigKeys (ConfUtils.java:logGet(44)) - raft.server.retrycache.statistics.expirytime = 100μs (default)
2021-09-05 01:39:05,276 [pool-578-thread-1] INFO  server.RaftServer$Division (RaftServerImpl.java:start(296)) - 455161ce-78be-4281-bc2a-a50d1cad5e43@group-1C1C96E5B142: start as a follower, conf=-1: [455161ce-78be-4281-bc2a-a50d1cad5e43|rpc:10.1.0.25:40081|priority:1, a394a97c-7848-4311-a24c-186851f6b492|rpc:10.1.0.25:38701|priority:0, aa0f76fc-0af9-4fba-891f-e6382fa98fe4|rpc:10.1.0.25:36313|priority:0], old=null
2021-09-05 01:39:05,276 [pool-578-thread-1] INFO  server.RaftServer$Division (RaftServerImpl.java:setRole(285)) - 455161ce-78be-4281-bc2a-a50d1cad5e43@group-1C1C96E5B142: changes role from      null to FOLLOWER at term 0 for startAsFollower
2021-09-05 01:39:05,276 [pool-578-thread-1] INFO  impl.RoleInfo (RoleInfo.java:updateAndGet(130)) - 455161ce-78be-4281-bc2a-a50d1cad5e43: start 455161ce-78be-4281-bc2a-a50d1cad5e43@group-1C1C96E5B142-FollowerState
2021-09-05 01:39:05,281 [pool-578-thread-1] INFO  util.JmxRegister (JmxRegister.java:tryRegister(44)) - Successfully registered JMX Bean with object name Ratis:service=RaftServer,group=group-1C1C96E5B142,id=455161ce-78be-4281-bc2a-a50d1cad5e43
2021-09-05 01:39:05,282 [Command processor thread] INFO  ratis.XceiverServerRatis (XceiverServerRatis.java:addGroup(763)) - Created group PipelineID=c580985d-0fc5-40f2-b5c7-1c1c96e5b142
2021-09-05 01:39:05,304 [grpc-default-executor-4] INFO  server.RaftServer (RaftServerProxy.java:addNew(95)) - aa0f76fc-0af9-4fba-891f-e6382fa98fe4: addNew group-1C1C96E5B142:[455161ce-78be-4281-bc2a-a50d1cad5e43|rpc:10.1.0.25:40081|dataStream:|priority:1, a394a97c-7848-4311-a24c-186851f6b492|rpc:10.1.0.25:38701|dataStream:|priority:0, aa0f76fc-0af9-4fba-891f-e6382fa98fe4|rpc:10.1.0.25:36313|dataStream:|priority:0] returns group-1C1C96E5B142:java.util.concurrent.CompletableFuture@32dbb1ac[Not completed]
2021-09-05 01:39:05,309 [pool-616-thread-1] INFO  server.RaftServer$Division (RaftServerImpl.java:<init>(181)) - aa0f76fc-0af9-4fba-891f-e6382fa98fe4: new RaftServerImpl for group-1C1C96E5B142:[455161ce-78be-4281-bc2a-a50d1cad5e43|rpc:10.1.0.25:40081|dataStream:|priority:1, a394a97c-7848-4311-a24c-186851f6b492|rpc:10.1.0.25:38701|dataStream:|priority:0, aa0f76fc-0af9-4fba-891f-e6382fa98fe4|rpc:10.1.0.25:36313|dataStream:|priority:0] with ContainerStateMachine:uninitialized
2021-09-05 01:39:05,310 [pool-616-thread-1] INFO  server.RaftServerConfigKeys (ConfUtils.java:logGet(44)) - raft.server.rpc.timeout.min = 5s (custom)
2021-09-05 01:39:05,310 [pool-616-thread-1] INFO  server.RaftServerConfigKeys (ConfUtils.java:logGet(44)) - raft.server.rpc.timeout.max = 5200ms (custom)
2021-09-05 01:39:05,310 [pool-616-thread-1] INFO  server.RaftServerConfigKeys (ConfUtils.java:logGet(44)) - raft.server.rpc.sleep.time = 25ms (default)
2021-09-05 01:39:05,310 [pool-616-thread-1] INFO  server.RaftServerConfigKeys (ConfUtils.java:logGet(44)) - raft.server.rpc.slowness.timeout = 300000ms (custom)
2021-09-05 01:39:05,310 [pool-616-thread-1] INFO  server.RaftServerConfigKeys (ConfUtils.java:logGet(44)) - raft.server.leaderelection.leader.step-down.wait-time = 10s (default)
2021-09-05 01:39:05,310 [pool-616-thread-1] INFO  server.RaftServerConfigKeys (ConfUtils.java:logGet(44)) - raft.server.sleep.deviation.threshold = 300ms (default)
2021-09-05 01:39:05,310 [pool-616-thread-1] INFO  server.RaftServerConfigKeys (ConfUtils.java:logGet(44)) - raft.server.log.appender.install.snapshot.enabled = false (custom)
2021-09-05 01:39:05,310 [pool-616-thread-1] INFO  server.RaftServer$Division (ServerState.java:<init>(105)) - aa0f76fc-0af9-4fba-891f-e6382fa98fe4@group-1C1C96E5B142: ConfigurationManager, init=-1: [455161ce-78be-4281-bc2a-a50d1cad5e43|rpc:10.1.0.25:40081|dataStream:|priority:1, a394a97c-7848-4311-a24c-186851f6b492|rpc:10.1.0.25:38701|dataStream:|priority:0, aa0f76fc-0af9-4fba-891f-e6382fa98fe4|rpc:10.1.0.25:36313|dataStream:|priority:0], old=null, confs=<EMPTY_MAP>
2021-09-05 01:39:05,310 [pool-616-thread-1] INFO  server.RaftServerConfigKeys (ConfUtils.java:logGet(44)) - raft.server.storage.dir = [/home/runner/work/ozone/ozone/hadoop-ozone/integration-test/target/test-dir/MiniOzoneClusterImpl-37340386-36af-4fa8-9723-b8f583b28ff6/datanode-5/data/ratis] (custom)
2021-09-05 01:39:05,310 [pool-616-thread-1] INFO  server.RaftServerConfigKeys (ConfUtils.java:logGet(44)) - raft.server.log.corruption.policy = EXCEPTION (default)
2021-09-05 01:39:05,310 [pool-616-thread-1] INFO  server.RaftServerConfigKeys (ConfUtils.java:logGet(44)) - raft.server.storage.free-space.min = 0MB (=0) (default)
2021-09-05 01:39:05,310 [pool-616-thread-1] INFO  storage.RaftStorageDirectory (RaftStorageDirectoryImpl.java:analyzeStorage(135)) - The storage directory /home/runner/work/ozone/ozone/hadoop-ozone/integration-test/target/test-dir/MiniOzoneClusterImpl-37340386-36af-4fa8-9723-b8f583b28ff6/datanode-5/data/ratis/c580985d-0fc5-40f2-b5c7-1c1c96e5b142 does not exist. Creating ...
2021-09-05 01:39:05,312 [pool-616-thread-1] INFO  storage.RaftStorageDirectory (RaftStorageDirectoryImpl.java:tryLock(230)) - Lock on /home/runner/work/ozone/ozone/hadoop-ozone/integration-test/target/test-dir/MiniOzoneClusterImpl-37340386-36af-4fa8-9723-b8f583b28ff6/datanode-5/data/ratis/c580985d-0fc5-40f2-b5c7-1c1c96e5b142/in_use.lock acquired by nodename 19671@fv-az270-420
2021-09-05 01:39:05,312 [pool-597-thread-1] INFO  server.RaftServerConfigKeys (ConfUtils.java:logGet(44)) - raft.server.notification.no-leader.timeout = 300000ms (custom)
2021-09-05 01:39:05,312 [pool-597-thread-1] INFO  server.RaftServerConfigKeys (ConfUtils.java:logGet(44)) - raft.server.log.use.memory = false (default)
2021-09-05 01:39:05,312 [pool-597-thread-1] INFO  server.RaftServerConfigKeys (ConfUtils.java:logGet(44)) - raft.server.log.purge.gap = 1000000 (custom)
2021-09-05 01:39:05,313 [pool-597-thread-1] INFO  server.RaftServerConfigKeys (ConfUtils.java:logGet(44)) - raft.server.log.appender.buffer.byte-limit = 33554432 (custom)
2021-09-05 01:39:05,313 [pool-597-thread-1] INFO  server.RaftServerConfigKeys (ConfUtils.java:logGet(44)) - raft.server.log.segment.size.max = 1048576 (custom)
2021-09-05 01:39:05,313 [Datanode State Machine Thread - 0] WARN  statemachine.StateContext (StateContext.java:execute(621)) - No available thread in pool for past 1 seconds.
2021-09-05 01:39:05,313 [pool-597-thread-1] INFO  server.RaftServerConfigKeys (ConfUtils.java:logGet(44)) - raft.server.log.segment.cache.num.max = 2 (custom)
2021-09-05 01:39:05,313 [pool-597-thread-1] INFO  server.RaftServerConfigKeys (ConfUtils.java:logGet(44)) - raft.server.log.segment.cache.size.max = 200MB (=209715200) (default)
2021-09-05 01:39:05,313 [pool-597-thread-1] INFO  segmented.SegmentedRaftLogWorker (SegmentedRaftLogWorker.java:<init>(182)) - new a394a97c-7848-4311-a24c-186851f6b492@group-1C1C96E5B142-SegmentedRaftLogWorker for RaftStorageImpl:Storage Directory /home/runner/work/ozone/ozone/hadoop-ozone/integration-test/target/test-dir/MiniOzoneClusterImpl-37340386-36af-4fa8-9723-b8f583b28ff6/datanode-4/data/ratis/c580985d-0fc5-40f2-b5c7-1c1c96e5b142
2021-09-05 01:39:05,313 [pool-597-thread-1] INFO  server.RaftServerConfigKeys (ConfUtils.java:logGet(44)) - raft.server.log.queue.byte-limit = 2147483647 (custom)
2021-09-05 01:39:05,313 [pool-597-thread-1] INFO  server.RaftServerConfigKeys (ConfUtils.java:logGet(44)) - raft.server.log.queue.element-limit = 1024 (custom)
2021-09-05 01:39:05,314 [pool-597-thread-1] INFO  server.RaftServerConfigKeys (ConfUtils.java:logGet(44)) - raft.server.log.segment.size.max = 1048576 (custom)
2021-09-05 01:39:05,314 [pool-597-thread-1] INFO  server.RaftServerConfigKeys (ConfUtils.java:logGet(44)) - raft.server.log.preallocated.size = 16384 (custom)
2021-09-05 01:39:05,314 [pool-597-thread-1] INFO  server.RaftServerConfigKeys (ConfUtils.java:logGet(44)) - raft.server.log.force.sync.num = 128 (default)
2021-09-05 01:39:05,314 [pool-597-thread-1] INFO  server.RaftServerConfigKeys (ConfUtils.java:logGet(44)) - raft.server.log.statemachine.data.sync = true (default)
2021-09-05 01:39:05,314 [pool-597-thread-1] INFO  server.RaftServerConfigKeys (ConfUtils.java:logGet(44)) - raft.server.log.statemachine.data.sync.timeout = 10s (default)
2021-09-05 01:39:05,314 [pool-597-thread-1] INFO  server.RaftServerConfigKeys (ConfUtils.java:logGet(44)) - raft.server.log.statemachine.data.sync.timeout.retry = -1 (default)
2021-09-05 01:39:05,315 [pool-597-thread-1] INFO  server.RaftServerConfigKeys (ConfUtils.java:logGet(44)) - raft.server.log.write.buffer.size = 1048576 (custom)
2021-09-05 01:39:05,315 [pool-597-thread-1] INFO  server.RaftServerConfigKeys (ConfUtils.java:logGet(44)) - raft.server.log.statemachine.data.caching.enabled = true (custom)
2021-09-05 01:39:05,315 [pool-597-thread-1] INFO  segmented.SegmentedRaftLogWorker (SegmentedRaftLogWorker.java:lambda$new$0(133)) - a394a97c-7848-4311-a24c-186851f6b492@group-1C1C96E5B142-SegmentedRaftLogWorker: flushIndex: setUnconditionally 0 -> -1
2021-09-05 01:39:05,315 [pool-597-thread-1] INFO  segmented.SegmentedRaftLogWorker (SegmentedRaftLogWorker.java:lambda$new$0(133)) - a394a97c-7848-4311-a24c-186851f6b492@group-1C1C96E5B142-SegmentedRaftLogWorker: safeCacheEvictIndex: setUnconditionally 0 -> -1
2021-09-05 01:39:05,316 [EventQueue-OpenPipelineForHealthyPipelineSafeModeRule] INFO  safemode.SCMSafeModeManager (HealthyPipelineSafeModeRule.java:process(124)) - SCM in safe mode. Healthy pipelines reported count is 0, required healthy pipeline reported count is 1
2021-09-05 01:39:05,330 [pool-616-thread-1] INFO  storage.RaftStorage (RaftStorageImpl.java:format(89)) - Storage directory /home/runner/work/ozone/ozone/hadoop-ozone/integration-test/target/test-dir/MiniOzoneClusterImpl-37340386-36af-4fa8-9723-b8f583b28ff6/datanode-5/data/ratis/c580985d-0fc5-40f2-b5c7-1c1c96e5b142 has been successfully formatted.
2021-09-05 01:39:05,337 [pool-597-thread-1] INFO  server.RaftServerConfigKeys (ConfUtils.java:logGet(44)) - raft.server.snapshot.auto.trigger.enabled = true (custom)
2021-09-05 01:39:05,341 [Datanode State Machine Thread - 0] WARN  statemachine.StateContext (StateContext.java:execute(621)) - No available thread in pool for past 1 seconds.
2021-09-05 01:39:05,341 [pool-616-thread-1] INFO  ratis.ContainerStateMachine (ContainerStateMachine.java:loadSnapshot(224)) - group-1C1C96E5B142: The snapshot info is null. Setting the last applied indexto:(t:0, i:~)
2021-09-05 01:39:05,345 [pool-616-thread-1] INFO  server.RaftServerConfigKeys (ConfUtils.java:logGet(44)) - raft.server.notification.no-leader.timeout = 300000ms (custom)
2021-09-05 01:39:05,345 [pool-616-thread-1] INFO  server.RaftServerConfigKeys (ConfUtils.java:logGet(44)) - raft.server.log.use.memory = false (default)
2021-09-05 01:39:05,345 [pool-616-thread-1] INFO  server.RaftServerConfigKeys (ConfUtils.java:logGet(44)) - raft.server.log.purge.gap = 1000000 (custom)
2021-09-05 01:39:05,345 [pool-616-thread-1] INFO  server.RaftServerConfigKeys (ConfUtils.java:logGet(44)) - raft.server.log.appender.buffer.byte-limit = 33554432 (custom)
2021-09-05 01:39:05,346 [pool-616-thread-1] INFO  server.RaftServerConfigKeys (ConfUtils.java:logGet(44)) - raft.server.log.segment.size.max = 1048576 (custom)
2021-09-05 01:39:05,346 [pool-616-thread-1] INFO  server.RaftServerConfigKeys (ConfUtils.java:logGet(44)) - raft.server.log.segment.cache.num.max = 2 (custom)
2021-09-05 01:39:05,346 [pool-616-thread-1] INFO  server.RaftServerConfigKeys (ConfUtils.java:logGet(44)) - raft.server.log.segment.cache.size.max = 200MB (=209715200) (default)
2021-09-05 01:39:05,346 [pool-616-thread-1] INFO  segmented.SegmentedRaftLogWorker (SegmentedRaftLogWorker.java:<init>(182)) - new aa0f76fc-0af9-4fba-891f-e6382fa98fe4@group-1C1C96E5B142-SegmentedRaftLogWorker for RaftStorageImpl:Storage Directory /home/runner/work/ozone/ozone/hadoop-ozone/integration-test/target/test-dir/MiniOzoneClusterImpl-37340386-36af-4fa8-9723-b8f583b28ff6/datanode-5/data/ratis/c580985d-0fc5-40f2-b5c7-1c1c96e5b142
2021-09-05 01:39:05,346 [pool-616-thread-1] INFO  server.RaftServerConfigKeys (ConfUtils.java:logGet(44)) - raft.server.log.queue.byte-limit = 2147483647 (custom)
2021-09-05 01:39:05,346 [pool-616-thread-1] INFO  server.RaftServerConfigKeys (ConfUtils.java:logGet(44)) - raft.server.log.queue.element-limit = 1024 (custom)
2021-09-05 01:39:05,346 [pool-616-thread-1] INFO  server.RaftServerConfigKeys (ConfUtils.java:logGet(44)) - raft.server.log.segment.size.max = 1048576 (custom)
2021-09-05 01:39:05,346 [pool-616-thread-1] INFO  server.RaftServerConfigKeys (ConfUtils.java:logGet(44)) - raft.server.log.preallocated.size = 16384 (custom)
2021-09-05 01:39:05,346 [pool-616-thread-1] INFO  server.RaftServerConfigKeys (ConfUtils.java:logGet(44)) - raft.server.log.force.sync.num = 128 (default)
2021-09-05 01:39:05,346 [pool-616-thread-1] INFO  server.RaftServerConfigKeys (ConfUtils.java:logGet(44)) - raft.server.log.statemachine.data.sync = true (default)
2021-09-05 01:39:05,346 [pool-616-thread-1] INFO  server.RaftServerConfigKeys (ConfUtils.java:logGet(44)) - raft.server.log.statemachine.data.sync.timeout = 10s (default)
2021-09-05 01:39:05,346 [pool-616-thread-1] INFO  server.RaftServerConfigKeys (ConfUtils.java:logGet(44)) - raft.server.log.statemachine.data.sync.timeout.retry = -1 (default)
2021-09-05 01:39:05,348 [pool-616-thread-1] INFO  server.RaftServerConfigKeys (ConfUtils.java:logGet(44)) - raft.server.log.write.buffer.size = 1048576 (custom)
2021-09-05 01:39:05,348 [pool-616-thread-1] INFO  server.RaftServerConfigKeys (ConfUtils.java:logGet(44)) - raft.server.log.statemachine.data.caching.enabled = true (custom)
2021-09-05 01:39:05,348 [pool-616-thread-1] INFO  segmented.SegmentedRaftLogWorker (SegmentedRaftLogWorker.java:lambda$new$0(133)) - aa0f76fc-0af9-4fba-891f-e6382fa98fe4@group-1C1C96E5B142-SegmentedRaftLogWorker: flushIndex: setUnconditionally 0 -> -1
2021-09-05 01:39:05,348 [pool-616-thread-1] INFO  segmented.SegmentedRaftLogWorker (SegmentedRaftLogWorker.java:lambda$new$0(133)) - aa0f76fc-0af9-4fba-891f-e6382fa98fe4@group-1C1C96E5B142-SegmentedRaftLogWorker: safeCacheEvictIndex: setUnconditionally 0 -> -1
2021-09-05 01:39:05,349 [pool-597-thread-1] INFO  server.RaftServerConfigKeys (ConfUtils.java:logGet(44)) - raft.server.snapshot.auto.trigger.threshold = 10000 (custom)
2021-09-05 01:39:05,349 [pool-597-thread-1] INFO  server.RaftServerConfigKeys (ConfUtils.java:logGet(44)) - raft.server.snapshot.retention.file.num = 5 (custom)
2021-09-05 01:39:05,349 [pool-597-thread-1] INFO  server.RaftServerConfigKeys (ConfUtils.java:logGet(44)) - raft.server.log.purge.upto.snapshot.index = false (default)
2021-09-05 01:39:05,375 [Listener at 127.0.0.1/33945] INFO  ozone.MiniOzoneClusterImpl (MiniOzoneClusterImpl.java:lambda$waitForClusterToBeReady$0(235)) - Nodes are ready. Got 7 of 7 DN Heartbeats.
2021-09-05 01:39:05,376 [Listener at 127.0.0.1/33945] INFO  ozone.MiniOzoneClusterImpl (MiniOzoneClusterImpl.java:lambda$waitForClusterToBeReady$0(238)) - Waiting for cluster to exit safe mode
2021-09-05 01:39:05,376 [Listener at 127.0.0.1/33945] INFO  ozone.MiniOzoneClusterImpl (MiniOzoneClusterImpl.java:lambda$waitForClusterToBeReady$0(240)) - SCM became leader
2021-09-05 01:39:05,376 [pool-616-thread-1] INFO  server.RaftServerConfigKeys (ConfUtils.java:logGet(44)) - raft.server.snapshot.auto.trigger.enabled = true (custom)
2021-09-05 01:39:05,376 [pool-616-thread-1] INFO  server.RaftServerConfigKeys (ConfUtils.java:logGet(44)) - raft.server.snapshot.auto.trigger.threshold = 10000 (custom)
2021-09-05 01:39:05,376 [pool-616-thread-1] INFO  server.RaftServerConfigKeys (ConfUtils.java:logGet(44)) - raft.server.snapshot.retention.file.num = 5 (custom)
2021-09-05 01:39:05,376 [pool-616-thread-1] INFO  server.RaftServerConfigKeys (ConfUtils.java:logGet(44)) - raft.server.log.purge.upto.snapshot.index = false (default)
2021-09-05 01:39:05,376 [pool-616-thread-1] INFO  server.RaftServerConfigKeys (ConfUtils.java:logGet(44)) - raft.server.retrycache.expirytime = 600000ms (custom)
2021-09-05 01:39:05,376 [pool-616-thread-1] INFO  server.RaftServerConfigKeys (ConfUtils.java:logGet(44)) - raft.server.retrycache.statistics.expirytime = 100μs (default)
2021-09-05 01:39:05,378 [pool-616-thread-1] INFO  server.RaftServer$Division (RaftServerImpl.java:start(296)) - aa0f76fc-0af9-4fba-891f-e6382fa98fe4@group-1C1C96E5B142: start as a follower, conf=-1: [455161ce-78be-4281-bc2a-a50d1cad5e43|rpc:10.1.0.25:40081|dataStream:|priority:1, a394a97c-7848-4311-a24c-186851f6b492|rpc:10.1.0.25:38701|dataStream:|priority:0, aa0f76fc-0af9-4fba-891f-e6382fa98fe4|rpc:10.1.0.25:36313|dataStream:|priority:0], old=null
2021-09-05 01:39:05,378 [pool-616-thread-1] INFO  server.RaftServer$Division (RaftServerImpl.java:setRole(285)) - aa0f76fc-0af9-4fba-891f-e6382fa98fe4@group-1C1C96E5B142: changes role from      null to FOLLOWER at term 0 for startAsFollower
2021-09-05 01:39:05,378 [pool-597-thread-1] INFO  server.RaftServerConfigKeys (ConfUtils.java:logGet(44)) - raft.server.retrycache.expirytime = 600000ms (custom)
2021-09-05 01:39:05,378 [pool-597-thread-1] INFO  server.RaftServerConfigKeys (ConfUtils.java:logGet(44)) - raft.server.retrycache.statistics.expirytime = 100μs (default)
2021-09-05 01:39:05,379 [pool-597-thread-1] INFO  server.RaftServer$Division (RaftServerImpl.java:start(296)) - a394a97c-7848-4311-a24c-186851f6b492@group-1C1C96E5B142: start as a follower, conf=-1: [455161ce-78be-4281-bc2a-a50d1cad5e43|rpc:10.1.0.25:40081|priority:1, a394a97c-7848-4311-a24c-186851f6b492|rpc:10.1.0.25:38701|priority:0, aa0f76fc-0af9-4fba-891f-e6382fa98fe4|rpc:10.1.0.25:36313|priority:0], old=null
2021-09-05 01:39:05,379 [pool-597-thread-1] INFO  server.RaftServer$Division (RaftServerImpl.java:setRole(285)) - a394a97c-7848-4311-a24c-186851f6b492@group-1C1C96E5B142: changes role from      null to FOLLOWER at term 0 for startAsFollower
2021-09-05 01:39:05,379 [pool-597-thread-1] INFO  impl.RoleInfo (RoleInfo.java:updateAndGet(130)) - a394a97c-7848-4311-a24c-186851f6b492: start a394a97c-7848-4311-a24c-186851f6b492@group-1C1C96E5B142-FollowerState
2021-09-05 01:39:05,390 [pool-597-thread-1] INFO  util.JmxRegister (JmxRegister.java:tryRegister(44)) - Successfully registered JMX Bean with object name Ratis:service=RaftServer,group=group-1C1C96E5B142,id=a394a97c-7848-4311-a24c-186851f6b492
2021-09-05 01:39:05,390 [pool-616-thread-1] INFO  impl.RoleInfo (RoleInfo.java:updateAndGet(130)) - aa0f76fc-0af9-4fba-891f-e6382fa98fe4: start aa0f76fc-0af9-4fba-891f-e6382fa98fe4@group-1C1C96E5B142-FollowerState
2021-09-05 01:39:05,391 [Command processor thread] INFO  ratis.XceiverServerRatis (XceiverServerRatis.java:addGroup(763)) - Created group PipelineID=c580985d-0fc5-40f2-b5c7-1c1c96e5b142
2021-09-05 01:39:05,414 [pool-616-thread-1] INFO  util.JmxRegister (JmxRegister.java:tryRegister(44)) - Successfully registered JMX Bean with object name Ratis:service=RaftServer,group=group-1C1C96E5B142,id=aa0f76fc-0af9-4fba-891f-e6382fa98fe4
2021-09-05 01:39:05,698 [Command processor thread] INFO  commandhandler.CreatePipelineCommandHandler (CreatePipelineCommandHandler.java:handle(106)) - Created Pipeline RATIS THREE PipelineID=c580985d-0fc5-40f2-b5c7-1c1c96e5b142.
2021-09-05 01:39:05,698 [Command processor thread] INFO  server.RaftServer (RaftServerProxy.java:addNew(95)) - a394a97c-7848-4311-a24c-186851f6b492: addNew group-8DE473E54637:[455161ce-78be-4281-bc2a-a50d1cad5e43|rpc:10.1.0.25:40081|priority:0, a394a97c-7848-4311-a24c-186851f6b492|rpc:10.1.0.25:38701|priority:0, aa0f76fc-0af9-4fba-891f-e6382fa98fe4|rpc:10.1.0.25:36313|priority:1] returns group-8DE473E54637:java.util.concurrent.CompletableFuture@2f9cc598[Not completed]
2021-09-05 01:39:05,699 [pool-597-thread-1] INFO  server.RaftServer$Division (RaftServerImpl.java:<init>(181)) - a394a97c-7848-4311-a24c-186851f6b492: new RaftServerImpl for group-8DE473E54637:[455161ce-78be-4281-bc2a-a50d1cad5e43|rpc:10.1.0.25:40081|priority:0, a394a97c-7848-4311-a24c-186851f6b492|rpc:10.1.0.25:38701|priority:0, aa0f76fc-0af9-4fba-891f-e6382fa98fe4|rpc:10.1.0.25:36313|priority:1] with ContainerStateMachine:uninitialized
2021-09-05 01:39:05,699 [pool-597-thread-1] INFO  server.RaftServerConfigKeys (ConfUtils.java:logGet(44)) - raft.server.rpc.timeout.min = 5s (custom)
2021-09-05 01:39:05,699 [pool-597-thread-1] INFO  server.RaftServerConfigKeys (ConfUtils.java:logGet(44)) - raft.server.rpc.timeout.max = 5200ms (custom)
2021-09-05 01:39:05,699 [pool-597-thread-1] INFO  server.RaftServerConfigKeys (ConfUtils.java:logGet(44)) - raft.server.rpc.sleep.time = 25ms (default)
2021-09-05 01:39:05,699 [pool-597-thread-1] INFO  server.RaftServerConfigKeys (ConfUtils.java:logGet(44)) - raft.server.rpc.slowness.timeout = 300000ms (custom)
2021-09-05 01:39:05,699 [pool-597-thread-1] INFO  server.RaftServerConfigKeys (ConfUtils.java:logGet(44)) - raft.server.leaderelection.leader.step-down.wait-time = 10s (default)
2021-09-05 01:39:05,699 [pool-597-thread-1] INFO  server.RaftServerConfigKeys (ConfUtils.java:logGet(44)) - raft.server.sleep.deviation.threshold = 300ms (default)
2021-09-05 01:39:05,700 [pool-597-thread-1] INFO  server.RaftServerConfigKeys (ConfUtils.java:logGet(44)) - raft.server.log.appender.install.snapshot.enabled = false (custom)
2021-09-05 01:39:05,700 [pool-597-thread-1] INFO  server.RaftServer$Division (ServerState.java:<init>(105)) - a394a97c-7848-4311-a24c-186851f6b492@group-8DE473E54637: ConfigurationManager, init=-1: [455161ce-78be-4281-bc2a-a50d1cad5e43|rpc:10.1.0.25:40081|priority:0, a394a97c-7848-4311-a24c-186851f6b492|rpc:10.1.0.25:38701|priority:0, aa0f76fc-0af9-4fba-891f-e6382fa98fe4|rpc:10.1.0.25:36313|priority:1], old=null, confs=<EMPTY_MAP>
2021-09-05 01:39:05,700 [pool-597-thread-1] INFO  server.RaftServerConfigKeys (ConfUtils.java:logGet(44)) - raft.server.storage.dir = [/home/runner/work/ozone/ozone/hadoop-ozone/integration-test/target/test-dir/MiniOzoneClusterImpl-37340386-36af-4fa8-9723-b8f583b28ff6/datanode-4/data/ratis] (custom)
2021-09-05 01:39:05,700 [pool-597-thread-1] INFO  server.RaftServerConfigKeys (ConfUtils.java:logGet(44)) - raft.server.log.corruption.policy = EXCEPTION (default)
2021-09-05 01:39:05,700 [pool-597-thread-1] INFO  server.RaftServerConfigKeys (ConfUtils.java:logGet(44)) - raft.server.storage.free-space.min = 0MB (=0) (default)
2021-09-05 01:39:05,700 [pool-597-thread-1] INFO  storage.RaftStorageDirectory (RaftStorageDirectoryImpl.java:analyzeStorage(135)) - The storage directory /home/runner/work/ozone/ozone/hadoop-ozone/integration-test/target/test-dir/MiniOzoneClusterImpl-37340386-36af-4fa8-9723-b8f583b28ff6/datanode-4/data/ratis/0c96f688-2ee1-4e37-806d-8de473e54637 does not exist. Creating ...
2021-09-05 01:39:05,701 [pool-597-thread-1] INFO  storage.RaftStorageDirectory (RaftStorageDirectoryImpl.java:tryLock(230)) - Lock on /home/runner/work/ozone/ozone/hadoop-ozone/integration-test/target/test-dir/MiniOzoneClusterImpl-37340386-36af-4fa8-9723-b8f583b28ff6/datanode-4/data/ratis/0c96f688-2ee1-4e37-806d-8de473e54637/in_use.lock acquired by nodename 19671@fv-az270-420
2021-09-05 01:39:05,703 [pool-597-thread-1] INFO  storage.RaftStorage (RaftStorageImpl.java:format(89)) - Storage directory /home/runner/work/ozone/ozone/hadoop-ozone/integration-test/target/test-dir/MiniOzoneClusterImpl-37340386-36af-4fa8-9723-b8f583b28ff6/datanode-4/data/ratis/0c96f688-2ee1-4e37-806d-8de473e54637 has been successfully formatted.
2021-09-05 01:39:05,703 [pool-597-thread-1] INFO  ratis.ContainerStateMachine (ContainerStateMachine.java:loadSnapshot(224)) - group-8DE473E54637: The snapshot info is null. Setting the last applied indexto:(t:0, i:~)
2021-09-05 01:39:05,704 [EventQueue-OpenPipelineForHealthyPipelineSafeModeRule] INFO  safemode.SCMSafeModeManager (HealthyPipelineSafeModeRule.java:process(124)) - SCM in safe mode. Healthy pipelines reported count is 0, required healthy pipeline reported count is 1
2021-09-05 01:39:05,704 [pool-597-thread-1] INFO  server.RaftServerConfigKeys (ConfUtils.java:logGet(44)) - raft.server.notification.no-leader.timeout = 300000ms (custom)
2021-09-05 01:39:05,704 [pool-597-thread-1] INFO  server.RaftServerConfigKeys (ConfUtils.java:logGet(44)) - raft.server.log.use.memory = false (default)
2021-09-05 01:39:05,704 [pool-597-thread-1] INFO  server.RaftServerConfigKeys (ConfUtils.java:logGet(44)) - raft.server.log.purge.gap = 1000000 (custom)
2021-09-05 01:39:05,704 [pool-597-thread-1] INFO  server.RaftServerConfigKeys (ConfUtils.java:logGet(44)) - raft.server.log.appender.buffer.byte-limit = 33554432 (custom)
2021-09-05 01:39:05,705 [pool-597-thread-1] INFO  server.RaftServerConfigKeys (ConfUtils.java:logGet(44)) - raft.server.log.segment.size.max = 1048576 (custom)
2021-09-05 01:39:05,705 [pool-597-thread-1] INFO  server.RaftServerConfigKeys (ConfUtils.java:logGet(44)) - raft.server.log.segment.cache.num.max = 2 (custom)
2021-09-05 01:39:05,705 [pool-597-thread-1] INFO  server.RaftServerConfigKeys (ConfUtils.java:logGet(44)) - raft.server.log.segment.cache.size.max = 200MB (=209715200) (default)
2021-09-05 01:39:05,705 [pool-597-thread-1] INFO  segmented.SegmentedRaftLogWorker (SegmentedRaftLogWorker.java:<init>(182)) - new a394a97c-7848-4311-a24c-186851f6b492@group-8DE473E54637-SegmentedRaftLogWorker for RaftStorageImpl:Storage Directory /home/runner/work/ozone/ozone/hadoop-ozone/integration-test/target/test-dir/MiniOzoneClusterImpl-37340386-36af-4fa8-9723-b8f583b28ff6/datanode-4/data/ratis/0c96f688-2ee1-4e37-806d-8de473e54637
2021-09-05 01:39:05,705 [pool-597-thread-1] INFO  server.RaftServerConfigKeys (ConfUtils.java:logGet(44)) - raft.server.log.queue.byte-limit = 2147483647 (custom)
2021-09-05 01:39:05,705 [pool-597-thread-1] INFO  server.RaftServerConfigKeys (ConfUtils.java:logGet(44)) - raft.server.log.queue.element-limit = 1024 (custom)
2021-09-05 01:39:05,705 [pool-597-thread-1] INFO  server.RaftServerConfigKeys (ConfUtils.java:logGet(44)) - raft.server.log.segment.size.max = 1048576 (custom)
2021-09-05 01:39:05,705 [pool-597-thread-1] INFO  server.RaftServerConfigKeys (ConfUtils.java:logGet(44)) - raft.server.log.preallocated.size = 16384 (custom)
2021-09-05 01:39:05,706 [pool-597-thread-1] INFO  server.RaftServerConfigKeys (ConfUtils.java:logGet(44)) - raft.server.log.force.sync.num = 128 (default)
2021-09-05 01:39:05,706 [pool-597-thread-1] INFO  server.RaftServerConfigKeys (ConfUtils.java:logGet(44)) - raft.server.log.statemachine.data.sync = true (default)
2021-09-05 01:39:05,706 [pool-597-thread-1] INFO  server.RaftServerConfigKeys (ConfUtils.java:logGet(44)) - raft.server.log.statemachine.data.sync.timeout = 10s (default)
2021-09-05 01:39:05,706 [pool-597-thread-1] INFO  server.RaftServerConfigKeys (ConfUtils.java:logGet(44)) - raft.server.log.statemachine.data.sync.timeout.retry = -1 (default)
2021-09-05 01:39:05,707 [pool-597-thread-1] INFO  server.RaftServerConfigKeys (ConfUtils.java:logGet(44)) - raft.server.log.write.buffer.size = 1048576 (custom)
2021-09-05 01:39:05,707 [pool-597-thread-1] INFO  server.RaftServerConfigKeys (ConfUtils.java:logGet(44)) - raft.server.log.statemachine.data.caching.enabled = true (custom)
2021-09-05 01:39:05,707 [pool-597-thread-1] INFO  segmented.SegmentedRaftLogWorker (SegmentedRaftLogWorker.java:lambda$new$0(133)) - a394a97c-7848-4311-a24c-186851f6b492@group-8DE473E54637-SegmentedRaftLogWorker: flushIndex: setUnconditionally 0 -> -1
2021-09-05 01:39:05,713 [pool-597-thread-1] INFO  segmented.SegmentedRaftLogWorker (SegmentedRaftLogWorker.java:lambda$new$0(133)) - a394a97c-7848-4311-a24c-186851f6b492@group-8DE473E54637-SegmentedRaftLogWorker: safeCacheEvictIndex: setUnconditionally 0 -> -1
2021-09-05 01:39:05,713 [pool-597-thread-1] INFO  server.RaftServerConfigKeys (ConfUtils.java:logGet(44)) - raft.server.snapshot.auto.trigger.enabled = true (custom)
2021-09-05 01:39:05,713 [pool-597-thread-1] INFO  server.RaftServerConfigKeys (ConfUtils.java:logGet(44)) - raft.server.snapshot.auto.trigger.threshold = 10000 (custom)
2021-09-05 01:39:05,713 [pool-597-thread-1] INFO  server.RaftServerConfigKeys (ConfUtils.java:logGet(44)) - raft.server.snapshot.retention.file.num = 5 (custom)
2021-09-05 01:39:05,713 [pool-597-thread-1] INFO  server.RaftServerConfigKeys (ConfUtils.java:logGet(44)) - raft.server.log.purge.upto.snapshot.index = false (default)
2021-09-05 01:39:05,753 [pool-597-thread-1] INFO  server.RaftServerConfigKeys (ConfUtils.java:logGet(44)) - raft.server.retrycache.expirytime = 600000ms (custom)
2021-09-05 01:39:05,753 [pool-597-thread-1] INFO  server.RaftServerConfigKeys (ConfUtils.java:logGet(44)) - raft.server.retrycache.statistics.expirytime = 100μs (default)
2021-09-05 01:39:05,754 [Command processor thread] INFO  commandhandler.CreatePipelineCommandHandler (CreatePipelineCommandHandler.java:handle(106)) - Created Pipeline RATIS THREE PipelineID=c580985d-0fc5-40f2-b5c7-1c1c96e5b142.
2021-09-05 01:39:05,755 [pool-597-thread-1] INFO  server.RaftServer$Division (RaftServerImpl.java:start(296)) - a394a97c-7848-4311-a24c-186851f6b492@group-8DE473E54637: start as a follower, conf=-1: [455161ce-78be-4281-bc2a-a50d1cad5e43|rpc:10.1.0.25:40081|priority:0, a394a97c-7848-4311-a24c-186851f6b492|rpc:10.1.0.25:38701|priority:0, aa0f76fc-0af9-4fba-891f-e6382fa98fe4|rpc:10.1.0.25:36313|priority:1], old=null
2021-09-05 01:39:05,755 [Command processor thread] INFO  server.RaftServer (RaftServerProxy.java:addNew(95)) - 455161ce-78be-4281-bc2a-a50d1cad5e43: addNew group-8DE473E54637:[455161ce-78be-4281-bc2a-a50d1cad5e43|rpc:10.1.0.25:40081|priority:0, a394a97c-7848-4311-a24c-186851f6b492|rpc:10.1.0.25:38701|priority:0, aa0f76fc-0af9-4fba-891f-e6382fa98fe4|rpc:10.1.0.25:36313|priority:1] returns group-8DE473E54637:java.util.concurrent.CompletableFuture@15d0b0f7[Not completed]
2021-09-05 01:39:05,755 [pool-597-thread-1] INFO  server.RaftServer$Division (RaftServerImpl.java:setRole(285)) - a394a97c-7848-4311-a24c-186851f6b492@group-8DE473E54637: changes role from      null to FOLLOWER at term 0 for startAsFollower
2021-09-05 01:39:05,755 [pool-597-thread-1] INFO  impl.RoleInfo (RoleInfo.java:updateAndGet(130)) - a394a97c-7848-4311-a24c-186851f6b492: start a394a97c-7848-4311-a24c-186851f6b492@group-8DE473E54637-FollowerState
2021-09-05 01:39:05,757 [pool-578-thread-1] INFO  server.RaftServer$Division (RaftServerImpl.java:<init>(181)) - 455161ce-78be-4281-bc2a-a50d1cad5e43: new RaftServerImpl for group-8DE473E54637:[455161ce-78be-4281-bc2a-a50d1cad5e43|rpc:10.1.0.25:40081|priority:0, a394a97c-7848-4311-a24c-186851f6b492|rpc:10.1.0.25:38701|priority:0, aa0f76fc-0af9-4fba-891f-e6382fa98fe4|rpc:10.1.0.25:36313|priority:1] with ContainerStateMachine:uninitialized
2021-09-05 01:39:05,758 [pool-578-thread-1] INFO  server.RaftServerConfigKeys (ConfUtils.java:logGet(44)) - raft.server.rpc.timeout.min = 5s (custom)
2021-09-05 01:39:05,758 [pool-578-thread-1] INFO  server.RaftServerConfigKeys (ConfUtils.java:logGet(44)) - raft.server.rpc.timeout.max = 5200ms (custom)
2021-09-05 01:39:05,758 [pool-578-thread-1] INFO  server.RaftServerConfigKeys (ConfUtils.java:logGet(44)) - raft.server.rpc.sleep.time = 25ms (default)
2021-09-05 01:39:05,758 [pool-578-thread-1] INFO  server.RaftServerConfigKeys (ConfUtils.java:logGet(44)) - raft.server.rpc.slowness.timeout = 300000ms (custom)
2021-09-05 01:39:05,758 [pool-578-thread-1] INFO  server.RaftServerConfigKeys (ConfUtils.java:logGet(44)) - raft.server.leaderelection.leader.step-down.wait-time = 10s (default)
2021-09-05 01:39:05,758 [pool-578-thread-1] INFO  server.RaftServerConfigKeys (ConfUtils.java:logGet(44)) - raft.server.sleep.deviation.threshold = 300ms (default)
2021-09-05 01:39:05,758 [pool-578-thread-1] INFO  server.RaftServerConfigKeys (ConfUtils.java:logGet(44)) - raft.server.log.appender.install.snapshot.enabled = false (custom)
2021-09-05 01:39:05,758 [pool-578-thread-1] INFO  server.RaftServer$Division (ServerState.java:<init>(105)) - 455161ce-78be-4281-bc2a-a50d1cad5e43@group-8DE473E54637: ConfigurationManager, init=-1: [455161ce-78be-4281-bc2a-a50d1cad5e43|rpc:10.1.0.25:40081|priority:0, a394a97c-7848-4311-a24c-186851f6b492|rpc:10.1.0.25:38701|priority:0, aa0f76fc-0af9-4fba-891f-e6382fa98fe4|rpc:10.1.0.25:36313|priority:1], old=null, confs=<EMPTY_MAP>
2021-09-05 01:39:05,758 [pool-578-thread-1] INFO  server.RaftServerConfigKeys (ConfUtils.java:logGet(44)) - raft.server.storage.dir = [/home/runner/work/ozone/ozone/hadoop-ozone/integration-test/target/test-dir/MiniOzoneClusterImpl-37340386-36af-4fa8-9723-b8f583b28ff6/datanode-3/data/ratis] (custom)
2021-09-05 01:39:05,758 [pool-578-thread-1] INFO  server.RaftServerConfigKeys (ConfUtils.java:logGet(44)) - raft.server.log.corruption.policy = EXCEPTION (default)
2021-09-05 01:39:05,758 [pool-578-thread-1] INFO  server.RaftServerConfigKeys (ConfUtils.java:logGet(44)) - raft.server.storage.free-space.min = 0MB (=0) (default)
2021-09-05 01:39:05,758 [pool-578-thread-1] INFO  storage.RaftStorageDirectory (RaftStorageDirectoryImpl.java:analyzeStorage(135)) - The storage directory /home/runner/work/ozone/ozone/hadoop-ozone/integration-test/target/test-dir/MiniOzoneClusterImpl-37340386-36af-4fa8-9723-b8f583b28ff6/datanode-3/data/ratis/0c96f688-2ee1-4e37-806d-8de473e54637 does not exist. Creating ...
2021-09-05 01:39:05,759 [pool-578-thread-1] INFO  storage.RaftStorageDirectory (RaftStorageDirectoryImpl.java:tryLock(230)) - Lock on /home/runner/work/ozone/ozone/hadoop-ozone/integration-test/target/test-dir/MiniOzoneClusterImpl-37340386-36af-4fa8-9723-b8f583b28ff6/datanode-3/data/ratis/0c96f688-2ee1-4e37-806d-8de473e54637/in_use.lock acquired by nodename 19671@fv-az270-420
2021-09-05 01:39:05,760 [pool-578-thread-1] INFO  storage.RaftStorage (RaftStorageImpl.java:format(89)) - Storage directory /home/runner/work/ozone/ozone/hadoop-ozone/integration-test/target/test-dir/MiniOzoneClusterImpl-37340386-36af-4fa8-9723-b8f583b28ff6/datanode-3/data/ratis/0c96f688-2ee1-4e37-806d-8de473e54637 has been successfully formatted.
2021-09-05 01:39:05,762 [pool-597-thread-1] INFO  util.JmxRegister (JmxRegister.java:tryRegister(44)) - Successfully registered JMX Bean with object name Ratis:service=RaftServer,group=group-8DE473E54637,id=a394a97c-7848-4311-a24c-186851f6b492
2021-09-05 01:39:05,777 [Command processor thread] INFO  ratis.XceiverServerRatis (XceiverServerRatis.java:addGroup(763)) - Created group PipelineID=0c96f688-2ee1-4e37-806d-8de473e54637
2021-09-05 01:39:05,780 [Command processor thread] INFO  server.RaftServer (RaftServerProxy.java:addNew(95)) - aa0f76fc-0af9-4fba-891f-e6382fa98fe4: addNew group-8615E5D5F589:[aa0f76fc-0af9-4fba-891f-e6382fa98fe4|rpc:10.1.0.25:36313|priority:1] returns group-8615E5D5F589:java.util.concurrent.CompletableFuture@1892693e[Not completed]
2021-09-05 01:39:05,782 [pool-616-thread-1] INFO  server.RaftServer$Division (RaftServerImpl.java:<init>(181)) - aa0f76fc-0af9-4fba-891f-e6382fa98fe4: new RaftServerImpl for group-8615E5D5F589:[aa0f76fc-0af9-4fba-891f-e6382fa98fe4|rpc:10.1.0.25:36313|priority:1] with ContainerStateMachine:uninitialized
2021-09-05 01:39:05,782 [pool-616-thread-1] INFO  server.RaftServerConfigKeys (ConfUtils.java:logGet(44)) - raft.server.rpc.timeout.min = 5s (custom)
2021-09-05 01:39:05,782 [pool-616-thread-1] INFO  server.RaftServerConfigKeys (ConfUtils.java:logGet(44)) - raft.server.rpc.timeout.max = 5200ms (custom)
2021-09-05 01:39:05,782 [pool-616-thread-1] INFO  server.RaftServerConfigKeys (ConfUtils.java:logGet(44)) - raft.server.rpc.sleep.time = 25ms (default)
2021-09-05 01:39:05,782 [pool-616-thread-1] INFO  server.RaftServerConfigKeys (ConfUtils.java:logGet(44)) - raft.server.rpc.slowness.timeout = 300000ms (custom)
2021-09-05 01:39:05,782 [pool-616-thread-1] INFO  server.RaftServerConfigKeys (ConfUtils.java:logGet(44)) - raft.server.leaderelection.leader.step-down.wait-time = 10s (default)
2021-09-05 01:39:05,782 [pool-616-thread-1] INFO  server.RaftServerConfigKeys (ConfUtils.java:logGet(44)) - raft.server.sleep.deviation.threshold = 300ms (default)
2021-09-05 01:39:05,782 [pool-616-thread-1] INFO  server.RaftServerConfigKeys (ConfUtils.java:logGet(44)) - raft.server.log.appender.install.snapshot.enabled = false (custom)
2021-09-05 01:39:05,782 [pool-616-thread-1] INFO  server.RaftServer$Division (ServerState.java:<init>(105)) - aa0f76fc-0af9-4fba-891f-e6382fa98fe4@group-8615E5D5F589: ConfigurationManager, init=-1: [aa0f76fc-0af9-4fba-891f-e6382fa98fe4|rpc:10.1.0.25:36313|priority:1], old=null, confs=<EMPTY_MAP>
2021-09-05 01:39:05,782 [pool-616-thread-1] INFO  server.RaftServerConfigKeys (ConfUtils.java:logGet(44)) - raft.server.storage.dir = [/home/runner/work/ozone/ozone/hadoop-ozone/integration-test/target/test-dir/MiniOzoneClusterImpl-37340386-36af-4fa8-9723-b8f583b28ff6/datanode-5/data/ratis] (custom)
2021-09-05 01:39:05,783 [pool-616-thread-1] INFO  server.RaftServerConfigKeys (ConfUtils.java:logGet(44)) - raft.server.log.corruption.policy = EXCEPTION (default)
2021-09-05 01:39:05,783 [pool-616-thread-1] INFO  server.RaftServerConfigKeys (ConfUtils.java:logGet(44)) - raft.server.storage.free-space.min = 0MB (=0) (default)
2021-09-05 01:39:05,783 [pool-616-thread-1] INFO  storage.RaftStorageDirectory (RaftStorageDirectoryImpl.java:analyzeStorage(135)) - The storage directory /home/runner/work/ozone/ozone/hadoop-ozone/integration-test/target/test-dir/MiniOzoneClusterImpl-37340386-36af-4fa8-9723-b8f583b28ff6/datanode-5/data/ratis/61f3a5e3-7b62-4327-9fa1-8615e5d5f589 does not exist. Creating ...
2021-09-05 01:39:05,785 [pool-578-thread-1] INFO  ratis.ContainerStateMachine (ContainerStateMachine.java:loadSnapshot(224)) - group-8DE473E54637: The snapshot info is null. Setting the last applied indexto:(t:0, i:~)
2021-09-05 01:39:05,786 [pool-616-thread-1] INFO  storage.RaftStorageDirectory (RaftStorageDirectoryImpl.java:tryLock(230)) - Lock on /home/runner/work/ozone/ozone/hadoop-ozone/integration-test/target/test-dir/MiniOzoneClusterImpl-37340386-36af-4fa8-9723-b8f583b28ff6/datanode-5/data/ratis/61f3a5e3-7b62-4327-9fa1-8615e5d5f589/in_use.lock acquired by nodename 19671@fv-az270-420
2021-09-05 01:39:05,787 [grpc-default-executor-4] INFO  server.RaftServer (RaftServerProxy.java:addNew(95)) - aa0f76fc-0af9-4fba-891f-e6382fa98fe4: addNew group-8DE473E54637:[455161ce-78be-4281-bc2a-a50d1cad5e43|rpc:10.1.0.25:40081|dataStream:|priority:0, a394a97c-7848-4311-a24c-186851f6b492|rpc:10.1.0.25:38701|dataStream:|priority:0, aa0f76fc-0af9-4fba-891f-e6382fa98fe4|rpc:10.1.0.25:36313|dataStream:|priority:1] returns group-8DE473E54637:java.util.concurrent.CompletableFuture@5d1b0f2b[Not completed]
2021-09-05 01:39:05,791 [pool-616-thread-1] INFO  storage.RaftStorage (RaftStorageImpl.java:format(89)) - Storage directory /home/runner/work/ozone/ozone/hadoop-ozone/integration-test/target/test-dir/MiniOzoneClusterImpl-37340386-36af-4fa8-9723-b8f583b28ff6/datanode-5/data/ratis/61f3a5e3-7b62-4327-9fa1-8615e5d5f589 has been successfully formatted.
2021-09-05 01:39:05,791 [Datanode State Machine Thread - 0] WARN  statemachine.StateContext (StateContext.java:execute(621)) - No available thread in pool for past 1 seconds.
2021-09-05 01:39:05,792 [pool-616-thread-1] INFO  ratis.ContainerStateMachine (ContainerStateMachine.java:loadSnapshot(224)) - group-8615E5D5F589: The snapshot info is null. Setting the last applied indexto:(t:0, i:~)
2021-09-05 01:39:05,792 [EventQueue-PipelineReportForPipelineReportHandler] INFO  pipeline.PipelineManagerImpl (PipelineManagerImpl.java:openPipeline(282)) - Pipeline Pipeline[ Id: 61f3a5e3-7b62-4327-9fa1-8615e5d5f589, Nodes: aa0f76fc-0af9-4fba-891f-e6382fa98fe4{ip: 10.1.0.25, host: fv-az270-420.tacnzluakwdehk1hpragurqkma.bx.internal.cloudapp.net, ports: [REPLICATION=42149, RATIS=36313, RATIS_ADMIN=36313, RATIS_SERVER=36313, STANDALONE=35265], networkLocation: /default-rack, certSerialId: null, persistedOpState: IN_SERVICE, persistedOpStateExpiryEpochSec: 0}, ReplicationConfig: RATIS/ONE, State:ALLOCATED, leaderId:aa0f76fc-0af9-4fba-891f-e6382fa98fe4, CreationTimestamp2021-09-05T01:39:02.786Z[Etc/UTC]] moved to OPEN state
2021-09-05 01:39:05,792 [pool-616-thread-1] INFO  server.RaftServerConfigKeys (ConfUtils.java:logGet(44)) - raft.server.notification.no-leader.timeout = 300000ms (custom)
2021-09-05 01:39:05,792 [pool-616-thread-1] INFO  server.RaftServerConfigKeys (ConfUtils.java:logGet(44)) - raft.server.log.use.memory = false (default)
2021-09-05 01:39:05,793 [pool-616-thread-1] INFO  server.RaftServerConfigKeys (ConfUtils.java:logGet(44)) - raft.server.log.purge.gap = 1000000 (custom)
2021-09-05 01:39:05,793 [pool-616-thread-1] INFO  server.RaftServerConfigKeys (ConfUtils.java:logGet(44)) - raft.server.log.appender.buffer.byte-limit = 33554432 (custom)
2021-09-05 01:39:05,793 [pool-616-thread-1] INFO  server.RaftServerConfigKeys (ConfUtils.java:logGet(44)) - raft.server.log.segment.size.max = 1048576 (custom)
2021-09-05 01:39:05,793 [pool-616-thread-1] INFO  server.RaftServerConfigKeys (ConfUtils.java:logGet(44)) - raft.server.log.segment.cache.num.max = 2 (custom)
2021-09-05 01:39:05,793 [pool-616-thread-1] INFO  server.RaftServerConfigKeys (ConfUtils.java:logGet(44)) - raft.server.log.segment.cache.size.max = 200MB (=209715200) (default)
2021-09-05 01:39:05,793 [pool-616-thread-1] INFO  segmented.SegmentedRaftLogWorker (SegmentedRaftLogWorker.java:<init>(182)) - new aa0f76fc-0af9-4fba-891f-e6382fa98fe4@group-8615E5D5F589-SegmentedRaftLogWorker for RaftStorageImpl:Storage Directory /home/runner/work/ozone/ozone/hadoop-ozone/integration-test/target/test-dir/MiniOzoneClusterImpl-37340386-36af-4fa8-9723-b8f583b28ff6/datanode-5/data/ratis/61f3a5e3-7b62-4327-9fa1-8615e5d5f589
2021-09-05 01:39:05,794 [pool-616-thread-1] INFO  server.RaftServerConfigKeys (ConfUtils.java:logGet(44)) - raft.server.log.queue.byte-limit = 2147483647 (custom)
2021-09-05 01:39:05,794 [pool-616-thread-1] INFO  server.RaftServerConfigKeys (ConfUtils.java:logGet(44)) - raft.server.log.queue.element-limit = 1024 (custom)
2021-09-05 01:39:05,794 [pool-616-thread-1] INFO  server.RaftServerConfigKeys (ConfUtils.java:logGet(44)) - raft.server.log.segment.size.max = 1048576 (custom)
2021-09-05 01:39:05,794 [pool-616-thread-1] INFO  server.RaftServerConfigKeys (ConfUtils.java:logGet(44)) - raft.server.log.preallocated.size = 16384 (custom)
2021-09-05 01:39:05,794 [pool-616-thread-1] INFO  server.RaftServerConfigKeys (ConfUtils.java:logGet(44)) - raft.server.log.force.sync.num = 128 (default)
2021-09-05 01:39:05,794 [pool-616-thread-1] INFO  server.RaftServerConfigKeys (ConfUtils.java:logGet(44)) - raft.server.log.statemachine.data.sync = true (default)
2021-09-05 01:39:05,794 [pool-616-thread-1] INFO  server.RaftServerConfigKeys (ConfUtils.java:logGet(44)) - raft.server.log.statemachine.data.sync.timeout = 10s (default)
2021-09-05 01:39:05,794 [pool-616-thread-1] INFO  server.RaftServerConfigKeys (ConfUtils.java:logGet(44)) - raft.server.log.statemachine.data.sync.timeout.retry = -1 (default)
2021-09-05 01:39:05,795 [pool-616-thread-1] INFO  server.RaftServerConfigKeys (ConfUtils.java:logGet(44)) - raft.server.log.write.buffer.size = 1048576 (custom)
2021-09-05 01:39:05,796 [pool-616-thread-1] INFO  server.RaftServerConfigKeys (ConfUtils.java:logGet(44)) - raft.server.log.statemachine.data.caching.enabled = true (custom)
2021-09-05 01:39:05,796 [pool-616-thread-1] INFO  segmented.SegmentedRaftLogWorker (SegmentedRaftLogWorker.java:lambda$new$0(133)) - aa0f76fc-0af9-4fba-891f-e6382fa98fe4@group-8615E5D5F589-SegmentedRaftLogWorker: flushIndex: setUnconditionally 0 -> -1
2021-09-05 01:39:05,798 [pool-616-thread-1] INFO  segmented.SegmentedRaftLogWorker (SegmentedRaftLogWorker.java:lambda$new$0(133)) - aa0f76fc-0af9-4fba-891f-e6382fa98fe4@group-8615E5D5F589-SegmentedRaftLogWorker: safeCacheEvictIndex: setUnconditionally 0 -> -1
2021-09-05 01:39:05,798 [EventQueue-OpenPipelineForHealthyPipelineSafeModeRule] INFO  safemode.SCMSafeModeManager (HealthyPipelineSafeModeRule.java:process(124)) - SCM in safe mode. Healthy pipelines reported count is 0, required healthy pipeline reported count is 1
2021-09-05 01:39:05,799 [pool-616-thread-1] INFO  server.RaftServerConfigKeys (ConfUtils.java:logGet(44)) - raft.server.snapshot.auto.trigger.enabled = true (custom)
2021-09-05 01:39:05,799 [pool-616-thread-1] INFO  server.RaftServerConfigKeys (ConfUtils.java:logGet(44)) - raft.server.snapshot.auto.trigger.threshold = 10000 (custom)
2021-09-05 01:39:05,799 [pool-616-thread-1] INFO  server.RaftServerConfigKeys (ConfUtils.java:logGet(44)) - raft.server.snapshot.retention.file.num = 5 (custom)
2021-09-05 01:39:05,799 [pool-616-thread-1] INFO  server.RaftServerConfigKeys (ConfUtils.java:logGet(44)) - raft.server.log.purge.upto.snapshot.index = false (default)
2021-09-05 01:39:05,799 [pool-616-thread-1] INFO  server.RaftServerConfigKeys (ConfUtils.java:logGet(44)) - raft.server.retrycache.expirytime = 600000ms (custom)
2021-09-05 01:39:05,799 [pool-616-thread-1] INFO  server.RaftServerConfigKeys (ConfUtils.java:logGet(44)) - raft.server.retrycache.statistics.expirytime = 100μs (default)
2021-09-05 01:39:05,803 [pool-578-thread-1] INFO  server.RaftServerConfigKeys (ConfUtils.java:logGet(44)) - raft.server.notification.no-leader.timeout = 300000ms (custom)
2021-09-05 01:39:05,803 [pool-578-thread-1] INFO  server.RaftServerConfigKeys (ConfUtils.java:logGet(44)) - raft.server.log.use.memory = false (default)
2021-09-05 01:39:05,803 [pool-578-thread-1] INFO  server.RaftServerConfigKeys (ConfUtils.java:logGet(44)) - raft.server.log.purge.gap = 1000000 (custom)
2021-09-05 01:39:05,803 [pool-578-thread-1] INFO  server.RaftServerConfigKeys (ConfUtils.java:logGet(44)) - raft.server.log.appender.buffer.byte-limit = 33554432 (custom)
2021-09-05 01:39:05,803 [pool-578-thread-1] INFO  server.RaftServerConfigKeys (ConfUtils.java:logGet(44)) - raft.server.log.segment.size.max = 1048576 (custom)
2021-09-05 01:39:05,803 [Datanode State Machine Thread - 0] WARN  statemachine.StateContext (StateContext.java:execute(621)) - No available thread in pool for past 1 seconds.
2021-09-05 01:39:05,804 [EventQueue-OpenPipelineForHealthyPipelineSafeModeRule] INFO  safemode.SCMSafeModeManager (HealthyPipelineSafeModeRule.java:process(124)) - SCM in safe mode. Healthy pipelines reported count is 0, required healthy pipeline reported count is 1
2021-09-05 01:39:05,805 [pool-578-thread-1] INFO  server.RaftServerConfigKeys (ConfUtils.java:logGet(44)) - raft.server.log.segment.cache.num.max = 2 (custom)
2021-09-05 01:39:05,805 [pool-578-thread-1] INFO  server.RaftServerConfigKeys (ConfUtils.java:logGet(44)) - raft.server.log.segment.cache.size.max = 200MB (=209715200) (default)
2021-09-05 01:39:05,805 [pool-578-thread-1] INFO  segmented.SegmentedRaftLogWorker (SegmentedRaftLogWorker.java:<init>(182)) - new 455161ce-78be-4281-bc2a-a50d1cad5e43@group-8DE473E54637-SegmentedRaftLogWorker for RaftStorageImpl:Storage Directory /home/runner/work/ozone/ozone/hadoop-ozone/integration-test/target/test-dir/MiniOzoneClusterImpl-37340386-36af-4fa8-9723-b8f583b28ff6/datanode-3/data/ratis/0c96f688-2ee1-4e37-806d-8de473e54637
2021-09-05 01:39:05,806 [pool-578-thread-1] INFO  server.RaftServerConfigKeys (ConfUtils.java:logGet(44)) - raft.server.log.queue.byte-limit = 2147483647 (custom)
2021-09-05 01:39:05,806 [pool-578-thread-1] INFO  server.RaftServerConfigKeys (ConfUtils.java:logGet(44)) - raft.server.log.queue.element-limit = 1024 (custom)
2021-09-05 01:39:05,806 [pool-578-thread-1] INFO  server.RaftServerConfigKeys (ConfUtils.java:logGet(44)) - raft.server.log.segment.size.max = 1048576 (custom)
2021-09-05 01:39:05,806 [pool-578-thread-1] INFO  server.RaftServerConfigKeys (ConfUtils.java:logGet(44)) - raft.server.log.preallocated.size = 16384 (custom)
2021-09-05 01:39:05,806 [pool-578-thread-1] INFO  server.RaftServerConfigKeys (ConfUtils.java:logGet(44)) - raft.server.log.force.sync.num = 128 (default)
2021-09-05 01:39:05,806 [pool-578-thread-1] INFO  server.RaftServerConfigKeys (ConfUtils.java:logGet(44)) - raft.server.log.statemachine.data.sync = true (default)
2021-09-05 01:39:05,806 [pool-578-thread-1] INFO  server.RaftServerConfigKeys (ConfUtils.java:logGet(44)) - raft.server.log.statemachine.data.sync.timeout = 10s (default)
2021-09-05 01:39:05,806 [pool-578-thread-1] INFO  server.RaftServerConfigKeys (ConfUtils.java:logGet(44)) - raft.server.log.statemachine.data.sync.timeout.retry = -1 (default)
2021-09-05 01:39:05,807 [pool-578-thread-1] INFO  server.RaftServerConfigKeys (ConfUtils.java:logGet(44)) - raft.server.log.write.buffer.size = 1048576 (custom)
2021-09-05 01:39:05,808 [pool-578-thread-1] INFO  server.RaftServerConfigKeys (ConfUtils.java:logGet(44)) - raft.server.log.statemachine.data.caching.enabled = true (custom)
2021-09-05 01:39:05,808 [pool-578-thread-1] INFO  segmented.SegmentedRaftLogWorker (SegmentedRaftLogWorker.java:lambda$new$0(133)) - 455161ce-78be-4281-bc2a-a50d1cad5e43@group-8DE473E54637-SegmentedRaftLogWorker: flushIndex: setUnconditionally 0 -> -1
2021-09-05 01:39:05,808 [pool-578-thread-1] INFO  segmented.SegmentedRaftLogWorker (SegmentedRaftLogWorker.java:lambda$new$0(133)) - 455161ce-78be-4281-bc2a-a50d1cad5e43@group-8DE473E54637-SegmentedRaftLogWorker: safeCacheEvictIndex: setUnconditionally 0 -> -1
2021-09-05 01:39:05,814 [pool-616-thread-1] INFO  server.RaftServer$Division (RaftServerImpl.java:<init>(181)) - aa0f76fc-0af9-4fba-891f-e6382fa98fe4: new RaftServerImpl for group-8DE473E54637:[455161ce-78be-4281-bc2a-a50d1cad5e43|rpc:10.1.0.25:40081|dataStream:|priority:0, a394a97c-7848-4311-a24c-186851f6b492|rpc:10.1.0.25:38701|dataStream:|priority:0, aa0f76fc-0af9-4fba-891f-e6382fa98fe4|rpc:10.1.0.25:36313|dataStream:|priority:1] with ContainerStateMachine:uninitialized
2021-09-05 01:39:05,814 [pool-616-thread-1] INFO  server.RaftServerConfigKeys (ConfUtils.java:logGet(44)) - raft.server.rpc.timeout.min = 5s (custom)
2021-09-05 01:39:05,814 [pool-616-thread-1] INFO  server.RaftServerConfigKeys (ConfUtils.java:logGet(44)) - raft.server.rpc.timeout.max = 5200ms (custom)
2021-09-05 01:39:05,814 [pool-616-thread-1] INFO  server.RaftServerConfigKeys (ConfUtils.java:logGet(44)) - raft.server.rpc.sleep.time = 25ms (default)
2021-09-05 01:39:05,814 [pool-616-thread-1] INFO  server.RaftServerConfigKeys (ConfUtils.java:logGet(44)) - raft.server.rpc.slowness.timeout = 300000ms (custom)
2021-09-05 01:39:05,814 [pool-616-thread-1] INFO  server.RaftServerConfigKeys (ConfUtils.java:logGet(44)) - raft.server.leaderelection.leader.step-down.wait-time = 10s (default)
2021-09-05 01:39:05,814 [pool-616-thread-1] INFO  server.RaftServerConfigKeys (ConfUtils.java:logGet(44)) - raft.server.sleep.deviation.threshold = 300ms (default)
2021-09-05 01:39:05,814 [pool-616-thread-1] INFO  server.RaftServerConfigKeys (ConfUtils.java:logGet(44)) - raft.server.log.appender.install.snapshot.enabled = false (custom)
2021-09-05 01:39:05,814 [pool-616-thread-1] INFO  server.RaftServer$Division (ServerState.java:<init>(105)) - aa0f76fc-0af9-4fba-891f-e6382fa98fe4@group-8DE473E54637: ConfigurationManager, init=-1: [455161ce-78be-4281-bc2a-a50d1cad5e43|rpc:10.1.0.25:40081|dataStream:|priority:0, a394a97c-7848-4311-a24c-186851f6b492|rpc:10.1.0.25:38701|dataStream:|priority:0, aa0f76fc-0af9-4fba-891f-e6382fa98fe4|rpc:10.1.0.25:36313|dataStream:|priority:1], old=null, confs=<EMPTY_MAP>
2021-09-05 01:39:05,815 [pool-616-thread-1] INFO  server.RaftServerConfigKeys (ConfUtils.java:logGet(44)) - raft.server.storage.dir = [/home/runner/work/ozone/ozone/hadoop-ozone/integration-test/target/test-dir/MiniOzoneClusterImpl-37340386-36af-4fa8-9723-b8f583b28ff6/datanode-5/data/ratis] (custom)
2021-09-05 01:39:05,815 [pool-616-thread-1] INFO  server.RaftServerConfigKeys (ConfUtils.java:logGet(44)) - raft.server.log.corruption.policy = EXCEPTION (default)
2021-09-05 01:39:05,815 [pool-616-thread-1] INFO  server.RaftServerConfigKeys (ConfUtils.java:logGet(44)) - raft.server.storage.free-space.min = 0MB (=0) (default)
2021-09-05 01:39:05,815 [pool-616-thread-1] INFO  storage.RaftStorageDirectory (RaftStorageDirectoryImpl.java:analyzeStorage(135)) - The storage directory /home/runner/work/ozone/ozone/hadoop-ozone/integration-test/target/test-dir/MiniOzoneClusterImpl-37340386-36af-4fa8-9723-b8f583b28ff6/datanode-5/data/ratis/0c96f688-2ee1-4e37-806d-8de473e54637 does not exist. Creating ...
2021-09-05 01:39:05,815 [pool-578-thread-1] INFO  server.RaftServerConfigKeys (ConfUtils.java:logGet(44)) - raft.server.snapshot.auto.trigger.enabled = true (custom)
2021-09-05 01:39:05,815 [pool-578-thread-1] INFO  server.RaftServerConfigKeys (ConfUtils.java:logGet(44)) - raft.server.snapshot.auto.trigger.threshold = 10000 (custom)
2021-09-05 01:39:05,815 [pool-578-thread-1] INFO  server.RaftServerConfigKeys (ConfUtils.java:logGet(44)) - raft.server.snapshot.retention.file.num = 5 (custom)
2021-09-05 01:39:05,815 [pool-578-thread-1] INFO  server.RaftServerConfigKeys (ConfUtils.java:logGet(44)) - raft.server.log.purge.upto.snapshot.index = false (default)
2021-09-05 01:39:05,815 [pool-578-thread-1] INFO  server.RaftServerConfigKeys (ConfUtils.java:logGet(44)) - raft.server.retrycache.expirytime = 600000ms (custom)
2021-09-05 01:39:05,816 [pool-578-thread-1] INFO  server.RaftServerConfigKeys (ConfUtils.java:logGet(44)) - raft.server.retrycache.statistics.expirytime = 100μs (default)
2021-09-05 01:39:05,818 [pool-578-thread-1] INFO  server.RaftServer$Division (RaftServerImpl.java:start(296)) - 455161ce-78be-4281-bc2a-a50d1cad5e43@group-8DE473E54637: start as a follower, conf=-1: [455161ce-78be-4281-bc2a-a50d1cad5e43|rpc:10.1.0.25:40081|priority:0, a394a97c-7848-4311-a24c-186851f6b492|rpc:10.1.0.25:38701|priority:0, aa0f76fc-0af9-4fba-891f-e6382fa98fe4|rpc:10.1.0.25:36313|priority:1], old=null
2021-09-05 01:39:05,818 [pool-578-thread-1] INFO  server.RaftServer$Division (RaftServerImpl.java:setRole(285)) - 455161ce-78be-4281-bc2a-a50d1cad5e43@group-8DE473E54637: changes role from      null to FOLLOWER at term 0 for startAsFollower
2021-09-05 01:39:05,818 [pool-578-thread-1] INFO  impl.RoleInfo (RoleInfo.java:updateAndGet(130)) - 455161ce-78be-4281-bc2a-a50d1cad5e43: start 455161ce-78be-4281-bc2a-a50d1cad5e43@group-8DE473E54637-FollowerState
2021-09-05 01:39:05,829 [pool-616-thread-1] INFO  storage.RaftStorageDirectory (RaftStorageDirectoryImpl.java:tryLock(230)) - Lock on /home/runner/work/ozone/ozone/hadoop-ozone/integration-test/target/test-dir/MiniOzoneClusterImpl-37340386-36af-4fa8-9723-b8f583b28ff6/datanode-5/data/ratis/0c96f688-2ee1-4e37-806d-8de473e54637/in_use.lock acquired by nodename 19671@fv-az270-420
2021-09-05 01:39:05,837 [pool-616-thread-1] INFO  storage.RaftStorage (RaftStorageImpl.java:format(89)) - Storage directory /home/runner/work/ozone/ozone/hadoop-ozone/integration-test/target/test-dir/MiniOzoneClusterImpl-37340386-36af-4fa8-9723-b8f583b28ff6/datanode-5/data/ratis/0c96f688-2ee1-4e37-806d-8de473e54637 has been successfully formatted.
2021-09-05 01:39:05,837 [pool-578-thread-1] INFO  util.JmxRegister (JmxRegister.java:tryRegister(44)) - Successfully registered JMX Bean with object name Ratis:service=RaftServer,group=group-8DE473E54637,id=455161ce-78be-4281-bc2a-a50d1cad5e43
2021-09-05 01:39:05,838 [Datanode State Machine Thread - 0] WARN  statemachine.StateContext (StateContext.java:execute(621)) - No available thread in pool for past 1 seconds.
2021-09-05 01:39:05,839 [EventQueue-OpenPipelineForHealthyPipelineSafeModeRule] INFO  safemode.SCMSafeModeManager (HealthyPipelineSafeModeRule.java:process(124)) - SCM in safe mode. Healthy pipelines reported count is 0, required healthy pipeline reported count is 1
2021-09-05 01:39:05,837 [pool-616-thread-1] INFO  ratis.ContainerStateMachine (ContainerStateMachine.java:loadSnapshot(224)) - group-8DE473E54637: The snapshot info is null. Setting the last applied indexto:(t:0, i:~)
2021-09-05 01:39:05,840 [pool-616-thread-1] INFO  server.RaftServerConfigKeys (ConfUtils.java:logGet(44)) - raft.server.notification.no-leader.timeout = 300000ms (custom)
2021-09-05 01:39:05,840 [pool-616-thread-1] INFO  server.RaftServerConfigKeys (ConfUtils.java:logGet(44)) - raft.server.log.use.memory = false (default)
2021-09-05 01:39:05,840 [pool-616-thread-1] INFO  server.RaftServerConfigKeys (ConfUtils.java:logGet(44)) - raft.server.log.purge.gap = 1000000 (custom)
2021-09-05 01:39:05,840 [pool-616-thread-1] INFO  server.RaftServerConfigKeys (ConfUtils.java:logGet(44)) - raft.server.log.appender.buffer.byte-limit = 33554432 (custom)
2021-09-05 01:39:05,840 [pool-616-thread-1] INFO  server.RaftServerConfigKeys (ConfUtils.java:logGet(44)) - raft.server.log.segment.size.max = 1048576 (custom)
2021-09-05 01:39:05,840 [pool-616-thread-1] INFO  server.RaftServerConfigKeys (ConfUtils.java:logGet(44)) - raft.server.log.segment.cache.num.max = 2 (custom)
2021-09-05 01:39:05,840 [pool-616-thread-1] INFO  server.RaftServerConfigKeys (ConfUtils.java:logGet(44)) - raft.server.log.segment.cache.size.max = 200MB (=209715200) (default)
2021-09-05 01:39:05,841 [pool-616-thread-1] INFO  segmented.SegmentedRaftLogWorker (SegmentedRaftLogWorker.java:<init>(182)) - new aa0f76fc-0af9-4fba-891f-e6382fa98fe4@group-8DE473E54637-SegmentedRaftLogWorker for RaftStorageImpl:Storage Directory /home/runner/work/ozone/ozone/hadoop-ozone/integration-test/target/test-dir/MiniOzoneClusterImpl-37340386-36af-4fa8-9723-b8f583b28ff6/datanode-5/data/ratis/0c96f688-2ee1-4e37-806d-8de473e54637
2021-09-05 01:39:05,841 [pool-616-thread-1] INFO  server.RaftServerConfigKeys (ConfUtils.java:logGet(44)) - raft.server.log.queue.byte-limit = 2147483647 (custom)
2021-09-05 01:39:05,841 [pool-616-thread-1] INFO  server.RaftServerConfigKeys (ConfUtils.java:logGet(44)) - raft.server.log.queue.element-limit = 1024 (custom)
2021-09-05 01:39:05,841 [pool-616-thread-1] INFO  server.RaftServerConfigKeys (ConfUtils.java:logGet(44)) - raft.server.log.segment.size.max = 1048576 (custom)
2021-09-05 01:39:05,841 [pool-616-thread-1] INFO  server.RaftServerConfigKeys (ConfUtils.java:logGet(44)) - raft.server.log.preallocated.size = 16384 (custom)
2021-09-05 01:39:05,841 [pool-616-thread-1] INFO  server.RaftServerConfigKeys (ConfUtils.java:logGet(44)) - raft.server.log.force.sync.num = 128 (default)
2021-09-05 01:39:05,841 [pool-616-thread-1] INFO  server.RaftServerConfigKeys (ConfUtils.java:logGet(44)) - raft.server.log.statemachine.data.sync = true (default)
2021-09-05 01:39:05,841 [pool-616-thread-1] INFO  server.RaftServerConfigKeys (ConfUtils.java:logGet(44)) - raft.server.log.statemachine.data.sync.timeout = 10s (default)
2021-09-05 01:39:05,841 [pool-616-thread-1] INFO  server.RaftServerConfigKeys (ConfUtils.java:logGet(44)) - raft.server.log.statemachine.data.sync.timeout.retry = -1 (default)
2021-09-05 01:39:05,853 [Command processor thread] INFO  ratis.XceiverServerRatis (XceiverServerRatis.java:addGroup(763)) - Created group PipelineID=0c96f688-2ee1-4e37-806d-8de473e54637
2021-09-05 01:39:05,947 [pool-616-thread-1] INFO  server.RaftServerConfigKeys (ConfUtils.java:logGet(44)) - raft.server.log.write.buffer.size = 1048576 (custom)
2021-09-05 01:39:05,948 [pool-616-thread-1] INFO  server.RaftServerConfigKeys (ConfUtils.java:logGet(44)) - raft.server.log.statemachine.data.caching.enabled = true (custom)
2021-09-05 01:39:05,948 [pool-616-thread-1] INFO  segmented.SegmentedRaftLogWorker (SegmentedRaftLogWorker.java:lambda$new$0(133)) - aa0f76fc-0af9-4fba-891f-e6382fa98fe4@group-8DE473E54637-SegmentedRaftLogWorker: flushIndex: setUnconditionally 0 -> -1
2021-09-05 01:39:05,948 [pool-616-thread-1] INFO  segmented.SegmentedRaftLogWorker (SegmentedRaftLogWorker.java:lambda$new$0(133)) - aa0f76fc-0af9-4fba-891f-e6382fa98fe4@group-8DE473E54637-SegmentedRaftLogWorker: safeCacheEvictIndex: setUnconditionally 0 -> -1
2021-09-05 01:39:05,950 [pool-616-thread-1] INFO  server.RaftServerConfigKeys (ConfUtils.java:logGet(44)) - raft.server.snapshot.auto.trigger.enabled = true (custom)
2021-09-05 01:39:05,950 [pool-616-thread-1] INFO  server.RaftServerConfigKeys (ConfUtils.java:logGet(44)) - raft.server.snapshot.auto.trigger.threshold = 10000 (custom)
2021-09-05 01:39:05,950 [pool-616-thread-1] INFO  server.RaftServerConfigKeys (ConfUtils.java:logGet(44)) - raft.server.snapshot.retention.file.num = 5 (custom)
2021-09-05 01:39:05,951 [pool-616-thread-1] INFO  server.RaftServerConfigKeys (ConfUtils.java:logGet(44)) - raft.server.log.purge.upto.snapshot.index = false (default)
2021-09-05 01:39:05,951 [pool-616-thread-1] INFO  server.RaftServerConfigKeys (ConfUtils.java:logGet(44)) - raft.server.retrycache.expirytime = 600000ms (custom)
2021-09-05 01:39:05,951 [pool-616-thread-1] INFO  server.RaftServerConfigKeys (ConfUtils.java:logGet(44)) - raft.server.retrycache.statistics.expirytime = 100μs (default)
2021-09-05 01:39:05,952 [pool-616-thread-1] INFO  server.RaftServer$Division (RaftServerImpl.java:start(296)) - aa0f76fc-0af9-4fba-891f-e6382fa98fe4@group-8615E5D5F589: start as a follower, conf=-1: [aa0f76fc-0af9-4fba-891f-e6382fa98fe4|rpc:10.1.0.25:36313|priority:1], old=null
2021-09-05 01:39:05,952 [pool-616-thread-1] INFO  server.RaftServer$Division (RaftServerImpl.java:setRole(285)) - aa0f76fc-0af9-4fba-891f-e6382fa98fe4@group-8615E5D5F589: changes role from      null to FOLLOWER at term 0 for startAsFollower
2021-09-05 01:39:05,952 [pool-616-thread-1] INFO  impl.RoleInfo (RoleInfo.java:updateAndGet(130)) - aa0f76fc-0af9-4fba-891f-e6382fa98fe4: start aa0f76fc-0af9-4fba-891f-e6382fa98fe4@group-8615E5D5F589-FollowerState
2021-09-05 01:39:05,963 [pool-616-thread-1] INFO  util.JmxRegister (JmxRegister.java:tryRegister(44)) - Successfully registered JMX Bean with object name Ratis:service=RaftServer,group=group-8615E5D5F589,id=aa0f76fc-0af9-4fba-891f-e6382fa98fe4
2021-09-05 01:39:05,975 [pool-616-thread-1] INFO  server.RaftServer$Division (RaftServerImpl.java:start(296)) - aa0f76fc-0af9-4fba-891f-e6382fa98fe4@group-8DE473E54637: start as a follower, conf=-1: [455161ce-78be-4281-bc2a-a50d1cad5e43|rpc:10.1.0.25:40081|dataStream:|priority:0, a394a97c-7848-4311-a24c-186851f6b492|rpc:10.1.0.25:38701|dataStream:|priority:0, aa0f76fc-0af9-4fba-891f-e6382fa98fe4|rpc:10.1.0.25:36313|dataStream:|priority:1], old=null
2021-09-05 01:39:05,975 [pool-616-thread-1] INFO  server.RaftServer$Division (RaftServerImpl.java:setRole(285)) - aa0f76fc-0af9-4fba-891f-e6382fa98fe4@group-8DE473E54637: changes role from      null to FOLLOWER at term 0 for startAsFollower
2021-09-05 01:39:05,975 [pool-616-thread-1] INFO  impl.RoleInfo (RoleInfo.java:updateAndGet(130)) - aa0f76fc-0af9-4fba-891f-e6382fa98fe4: start aa0f76fc-0af9-4fba-891f-e6382fa98fe4@group-8DE473E54637-FollowerState
2021-09-05 01:39:05,976 [Command processor thread] INFO  ratis.XceiverServerRatis (XceiverServerRatis.java:addGroup(763)) - Created group PipelineID=61f3a5e3-7b62-4327-9fa1-8615e5d5f589
2021-09-05 01:39:05,976 [Command processor thread] INFO  commandhandler.CreatePipelineCommandHandler (CreatePipelineCommandHandler.java:handle(106)) - Created Pipeline RATIS ONE PipelineID=61f3a5e3-7b62-4327-9fa1-8615e5d5f589.
2021-09-05 01:39:05,992 [pool-616-thread-1] INFO  util.JmxRegister (JmxRegister.java:tryRegister(44)) - Successfully registered JMX Bean with object name Ratis:service=RaftServer,group=group-8DE473E54637,id=aa0f76fc-0af9-4fba-891f-e6382fa98fe4
2021-09-05 01:39:06,142 [Command processor thread] INFO  commandhandler.CreatePipelineCommandHandler (CreatePipelineCommandHandler.java:handle(106)) - Created Pipeline RATIS THREE PipelineID=0c96f688-2ee1-4e37-806d-8de473e54637.
2021-09-05 01:39:06,182 [Command processor thread] INFO  commandhandler.CreatePipelineCommandHandler (CreatePipelineCommandHandler.java:handle(106)) - Created Pipeline RATIS THREE PipelineID=0c96f688-2ee1-4e37-806d-8de473e54637.
2021-09-05 01:39:06,376 [Listener at 127.0.0.1/33945] INFO  ozone.MiniOzoneClusterImpl (MiniOzoneClusterImpl.java:lambda$waitForClusterToBeReady$0(235)) - Nodes are ready. Got 7 of 7 DN Heartbeats.
2021-09-05 01:39:06,376 [Listener at 127.0.0.1/33945] INFO  ozone.MiniOzoneClusterImpl (MiniOzoneClusterImpl.java:lambda$waitForClusterToBeReady$0(238)) - Waiting for cluster to exit safe mode
2021-09-05 01:39:06,376 [Listener at 127.0.0.1/33945] INFO  ozone.MiniOzoneClusterImpl (MiniOzoneClusterImpl.java:lambda$waitForClusterToBeReady$0(240)) - SCM became leader
2021-09-05 01:39:06,406 [Command processor thread] INFO  server.RaftServer (RaftServerProxy.java:addNew(95)) - 54b0752d-9f85-41d1-82b7-176712dc42d8: addNew group-2BD2BDD8F704:[54b0752d-9f85-41d1-82b7-176712dc42d8|rpc:10.1.0.25:45159|priority:1] returns group-2BD2BDD8F704:java.util.concurrent.CompletableFuture@329f2ae[Not completed]
2021-09-05 01:39:06,406 [pool-635-thread-1] INFO  server.RaftServer$Division (RaftServerImpl.java:<init>(181)) - 54b0752d-9f85-41d1-82b7-176712dc42d8: new RaftServerImpl for group-2BD2BDD8F704:[54b0752d-9f85-41d1-82b7-176712dc42d8|rpc:10.1.0.25:45159|priority:1] with ContainerStateMachine:uninitialized
2021-09-05 01:39:06,407 [pool-635-thread-1] INFO  server.RaftServerConfigKeys (ConfUtils.java:logGet(44)) - raft.server.rpc.timeout.min = 5s (custom)
2021-09-05 01:39:06,407 [pool-635-thread-1] INFO  server.RaftServerConfigKeys (ConfUtils.java:logGet(44)) - raft.server.rpc.timeout.max = 5200ms (custom)
2021-09-05 01:39:06,437 [pool-635-thread-1] INFO  server.RaftServerConfigKeys (ConfUtils.java:logGet(44)) - raft.server.rpc.sleep.time = 25ms (default)
2021-09-05 01:39:06,437 [pool-635-thread-1] INFO  server.RaftServerConfigKeys (ConfUtils.java:logGet(44)) - raft.server.rpc.slowness.timeout = 300000ms (custom)
2021-09-05 01:39:06,437 [pool-635-thread-1] INFO  server.RaftServerConfigKeys (ConfUtils.java:logGet(44)) - raft.server.leaderelection.leader.step-down.wait-time = 10s (default)
2021-09-05 01:39:06,437 [pool-635-thread-1] INFO  server.RaftServerConfigKeys (ConfUtils.java:logGet(44)) - raft.server.sleep.deviation.threshold = 300ms (default)
2021-09-05 01:39:06,437 [pool-635-thread-1] INFO  server.RaftServerConfigKeys (ConfUtils.java:logGet(44)) - raft.server.log.appender.install.snapshot.enabled = false (custom)
2021-09-05 01:39:06,437 [pool-635-thread-1] INFO  server.RaftServer$Division (ServerState.java:<init>(105)) - 54b0752d-9f85-41d1-82b7-176712dc42d8@group-2BD2BDD8F704: ConfigurationManager, init=-1: [54b0752d-9f85-41d1-82b7-176712dc42d8|rpc:10.1.0.25:45159|priority:1], old=null, confs=<EMPTY_MAP>
2021-09-05 01:39:06,437 [pool-635-thread-1] INFO  server.RaftServerConfigKeys (ConfUtils.java:logGet(44)) - raft.server.storage.dir = [/home/runner/work/ozone/ozone/hadoop-ozone/integration-test/target/test-dir/MiniOzoneClusterImpl-37340386-36af-4fa8-9723-b8f583b28ff6/datanode-6/data/ratis] (custom)
2021-09-05 01:39:06,438 [pool-635-thread-1] INFO  server.RaftServerConfigKeys (ConfUtils.java:logGet(44)) - raft.server.log.corruption.policy = EXCEPTION (default)
2021-09-05 01:39:06,438 [pool-635-thread-1] INFO  server.RaftServerConfigKeys (ConfUtils.java:logGet(44)) - raft.server.storage.free-space.min = 0MB (=0) (default)
2021-09-05 01:39:06,438 [pool-635-thread-1] INFO  storage.RaftStorageDirectory (RaftStorageDirectoryImpl.java:analyzeStorage(135)) - The storage directory /home/runner/work/ozone/ozone/hadoop-ozone/integration-test/target/test-dir/MiniOzoneClusterImpl-37340386-36af-4fa8-9723-b8f583b28ff6/datanode-6/data/ratis/eb7b4621-d76e-4a05-a2d4-2bd2bdd8f704 does not exist. Creating ...
2021-09-05 01:39:06,461 [pool-635-thread-1] INFO  storage.RaftStorageDirectory (RaftStorageDirectoryImpl.java:tryLock(230)) - Lock on /home/runner/work/ozone/ozone/hadoop-ozone/integration-test/target/test-dir/MiniOzoneClusterImpl-37340386-36af-4fa8-9723-b8f583b28ff6/datanode-6/data/ratis/eb7b4621-d76e-4a05-a2d4-2bd2bdd8f704/in_use.lock acquired by nodename 19671@fv-az270-420
2021-09-05 01:39:06,465 [pool-635-thread-1] INFO  storage.RaftStorage (RaftStorageImpl.java:format(89)) - Storage directory /home/runner/work/ozone/ozone/hadoop-ozone/integration-test/target/test-dir/MiniOzoneClusterImpl-37340386-36af-4fa8-9723-b8f583b28ff6/datanode-6/data/ratis/eb7b4621-d76e-4a05-a2d4-2bd2bdd8f704 has been successfully formatted.
2021-09-05 01:39:06,489 [pool-635-thread-1] INFO  ratis.ContainerStateMachine (ContainerStateMachine.java:loadSnapshot(224)) - group-2BD2BDD8F704: The snapshot info is null. Setting the last applied indexto:(t:0, i:~)
2021-09-05 01:39:06,489 [pool-635-thread-1] INFO  server.RaftServerConfigKeys (ConfUtils.java:logGet(44)) - raft.server.notification.no-leader.timeout = 300000ms (custom)
2021-09-05 01:39:06,490 [pool-635-thread-1] INFO  server.RaftServerConfigKeys (ConfUtils.java:logGet(44)) - raft.server.log.use.memory = false (default)
2021-09-05 01:39:06,490 [pool-635-thread-1] INFO  server.RaftServerConfigKeys (ConfUtils.java:logGet(44)) - raft.server.log.purge.gap = 1000000 (custom)
2021-09-05 01:39:06,490 [pool-635-thread-1] INFO  server.RaftServerConfigKeys (ConfUtils.java:logGet(44)) - raft.server.log.appender.buffer.byte-limit = 33554432 (custom)
2021-09-05 01:39:06,490 [pool-635-thread-1] INFO  server.RaftServerConfigKeys (ConfUtils.java:logGet(44)) - raft.server.log.segment.size.max = 1048576 (custom)
2021-09-05 01:39:06,490 [pool-635-thread-1] INFO  server.RaftServerConfigKeys (ConfUtils.java:logGet(44)) - raft.server.log.segment.cache.num.max = 2 (custom)
2021-09-05 01:39:06,490 [pool-635-thread-1] INFO  server.RaftServerConfigKeys (ConfUtils.java:logGet(44)) - raft.server.log.segment.cache.size.max = 200MB (=209715200) (default)
2021-09-05 01:39:06,490 [pool-635-thread-1] INFO  segmented.SegmentedRaftLogWorker (SegmentedRaftLogWorker.java:<init>(182)) - new 54b0752d-9f85-41d1-82b7-176712dc42d8@group-2BD2BDD8F704-SegmentedRaftLogWorker for RaftStorageImpl:Storage Directory /home/runner/work/ozone/ozone/hadoop-ozone/integration-test/target/test-dir/MiniOzoneClusterImpl-37340386-36af-4fa8-9723-b8f583b28ff6/datanode-6/data/ratis/eb7b4621-d76e-4a05-a2d4-2bd2bdd8f704
2021-09-05 01:39:06,490 [pool-635-thread-1] INFO  server.RaftServerConfigKeys (ConfUtils.java:logGet(44)) - raft.server.log.queue.byte-limit = 2147483647 (custom)
2021-09-05 01:39:06,490 [pool-635-thread-1] INFO  server.RaftServerConfigKeys (ConfUtils.java:logGet(44)) - raft.server.log.queue.element-limit = 1024 (custom)
2021-09-05 01:39:06,491 [pool-635-thread-1] INFO  server.RaftServerConfigKeys (ConfUtils.java:logGet(44)) - raft.server.log.segment.size.max = 1048576 (custom)
2021-09-05 01:39:06,491 [pool-635-thread-1] INFO  server.RaftServerConfigKeys (ConfUtils.java:logGet(44)) - raft.server.log.preallocated.size = 16384 (custom)
2021-09-05 01:39:06,491 [pool-635-thread-1] INFO  server.RaftServerConfigKeys (ConfUtils.java:logGet(44)) - raft.server.log.force.sync.num = 128 (default)
2021-09-05 01:39:06,491 [pool-635-thread-1] INFO  server.RaftServerConfigKeys (ConfUtils.java:logGet(44)) - raft.server.log.statemachine.data.sync = true (default)
2021-09-05 01:39:06,491 [pool-635-thread-1] INFO  server.RaftServerConfigKeys (ConfUtils.java:logGet(44)) - raft.server.log.statemachine.data.sync.timeout = 10s (default)
2021-09-05 01:39:06,491 [pool-635-thread-1] INFO  server.RaftServerConfigKeys (ConfUtils.java:logGet(44)) - raft.server.log.statemachine.data.sync.timeout.retry = -1 (default)
2021-09-05 01:39:06,492 [pool-635-thread-1] INFO  server.RaftServerConfigKeys (ConfUtils.java:logGet(44)) - raft.server.log.write.buffer.size = 1048576 (custom)
2021-09-05 01:39:06,492 [pool-635-thread-1] INFO  server.RaftServerConfigKeys (ConfUtils.java:logGet(44)) - raft.server.log.statemachine.data.caching.enabled = true (custom)
2021-09-05 01:39:06,493 [pool-635-thread-1] INFO  segmented.SegmentedRaftLogWorker (SegmentedRaftLogWorker.java:lambda$new$0(133)) - 54b0752d-9f85-41d1-82b7-176712dc42d8@group-2BD2BDD8F704-SegmentedRaftLogWorker: flushIndex: setUnconditionally 0 -> -1
2021-09-05 01:39:06,493 [pool-635-thread-1] INFO  segmented.SegmentedRaftLogWorker (SegmentedRaftLogWorker.java:lambda$new$0(133)) - 54b0752d-9f85-41d1-82b7-176712dc42d8@group-2BD2BDD8F704-SegmentedRaftLogWorker: safeCacheEvictIndex: setUnconditionally 0 -> -1
2021-09-05 01:39:06,493 [pool-635-thread-1] INFO  server.RaftServerConfigKeys (ConfUtils.java:logGet(44)) - raft.server.snapshot.auto.trigger.enabled = true (custom)
2021-09-05 01:39:06,493 [pool-635-thread-1] INFO  server.RaftServerConfigKeys (ConfUtils.java:logGet(44)) - raft.server.snapshot.auto.trigger.threshold = 10000 (custom)
2021-09-05 01:39:06,497 [EventQueue-PipelineReportForPipelineReportHandler] INFO  pipeline.PipelineManagerImpl (PipelineManagerImpl.java:openPipeline(282)) - Pipeline Pipeline[ Id: eb7b4621-d76e-4a05-a2d4-2bd2bdd8f704, Nodes: 54b0752d-9f85-41d1-82b7-176712dc42d8{ip: 10.1.0.25, host: fv-az270-420.tacnzluakwdehk1hpragurqkma.bx.internal.cloudapp.net, ports: [REPLICATION=38415, RATIS=45159, RATIS_ADMIN=45159, RATIS_SERVER=45159, STANDALONE=37167], networkLocation: /default-rack, certSerialId: null, persistedOpState: IN_SERVICE, persistedOpStateExpiryEpochSec: 0}, ReplicationConfig: RATIS/ONE, State:ALLOCATED, leaderId:54b0752d-9f85-41d1-82b7-176712dc42d8, CreationTimestamp2021-09-05T01:39:03.456Z[Etc/UTC]] moved to OPEN state
2021-09-05 01:39:06,502 [EventQueue-OpenPipelineForHealthyPipelineSafeModeRule] INFO  safemode.SCMSafeModeManager (HealthyPipelineSafeModeRule.java:process(124)) - SCM in safe mode. Healthy pipelines reported count is 0, required healthy pipeline reported count is 1
2021-09-05 01:39:06,505 [pool-635-thread-1] INFO  server.RaftServerConfigKeys (ConfUtils.java:logGet(44)) - raft.server.snapshot.retention.file.num = 5 (custom)
2021-09-05 01:39:06,505 [pool-635-thread-1] INFO  server.RaftServerConfigKeys (ConfUtils.java:logGet(44)) - raft.server.log.purge.upto.snapshot.index = false (default)
2021-09-05 01:39:06,505 [pool-635-thread-1] INFO  server.RaftServerConfigKeys (ConfUtils.java:logGet(44)) - raft.server.retrycache.expirytime = 600000ms (custom)
2021-09-05 01:39:06,505 [pool-635-thread-1] INFO  server.RaftServerConfigKeys (ConfUtils.java:logGet(44)) - raft.server.retrycache.statistics.expirytime = 100μs (default)
2021-09-05 01:39:06,514 [pool-635-thread-1] INFO  server.RaftServer$Division (RaftServerImpl.java:start(296)) - 54b0752d-9f85-41d1-82b7-176712dc42d8@group-2BD2BDD8F704: start as a follower, conf=-1: [54b0752d-9f85-41d1-82b7-176712dc42d8|rpc:10.1.0.25:45159|priority:1], old=null
2021-09-05 01:39:06,517 [pool-635-thread-1] INFO  server.RaftServer$Division (RaftServerImpl.java:setRole(285)) - 54b0752d-9f85-41d1-82b7-176712dc42d8@group-2BD2BDD8F704: changes role from      null to FOLLOWER at term 0 for startAsFollower
2021-09-05 01:39:06,517 [pool-635-thread-1] INFO  impl.RoleInfo (RoleInfo.java:updateAndGet(130)) - 54b0752d-9f85-41d1-82b7-176712dc42d8: start 54b0752d-9f85-41d1-82b7-176712dc42d8@group-2BD2BDD8F704-FollowerState
2021-09-05 01:39:06,549 [pool-635-thread-1] INFO  util.JmxRegister (JmxRegister.java:tryRegister(44)) - Successfully registered JMX Bean with object name Ratis:service=RaftServer,group=group-2BD2BDD8F704,id=54b0752d-9f85-41d1-82b7-176712dc42d8
2021-09-05 01:39:06,561 [Command processor thread] INFO  ratis.XceiverServerRatis (XceiverServerRatis.java:addGroup(763)) - Created group PipelineID=eb7b4621-d76e-4a05-a2d4-2bd2bdd8f704
2021-09-05 01:39:06,561 [Command processor thread] INFO  commandhandler.CreatePipelineCommandHandler (CreatePipelineCommandHandler.java:handle(106)) - Created Pipeline RATIS ONE PipelineID=eb7b4621-d76e-4a05-a2d4-2bd2bdd8f704.
2021-09-05 01:39:07,376 [Listener at 127.0.0.1/33945] INFO  ozone.MiniOzoneClusterImpl (MiniOzoneClusterImpl.java:lambda$waitForClusterToBeReady$0(235)) - Nodes are ready. Got 7 of 7 DN Heartbeats.
2021-09-05 01:39:07,376 [Listener at 127.0.0.1/33945] INFO  ozone.MiniOzoneClusterImpl (MiniOzoneClusterImpl.java:lambda$waitForClusterToBeReady$0(238)) - Waiting for cluster to exit safe mode
2021-09-05 01:39:07,376 [Listener at 127.0.0.1/33945] INFO  ozone.MiniOzoneClusterImpl (MiniOzoneClusterImpl.java:lambda$waitForClusterToBeReady$0(240)) - SCM became leader
2021-09-05 01:39:07,689 [cff69f77-ea12-413c-a988-d2a44a5ca406@group-C6B97DF9FEBA-FollowerState] INFO  impl.FollowerState (FollowerState.java:run(134)) - cff69f77-ea12-413c-a988-d2a44a5ca406@group-C6B97DF9FEBA-FollowerState: change to CANDIDATE, lastRpcElapsedTime:5026134250ns, electionTimeout:5015ms
2021-09-05 01:39:07,689 [cff69f77-ea12-413c-a988-d2a44a5ca406@group-C6B97DF9FEBA-FollowerState] INFO  impl.RoleInfo (RoleInfo.java:shutdownFollowerState(108)) - cff69f77-ea12-413c-a988-d2a44a5ca406: shutdown cff69f77-ea12-413c-a988-d2a44a5ca406@group-C6B97DF9FEBA-FollowerState
2021-09-05 01:39:07,689 [cff69f77-ea12-413c-a988-d2a44a5ca406@group-C6B97DF9FEBA-FollowerState] INFO  server.RaftServer$Division (RaftServerImpl.java:setRole(285)) - cff69f77-ea12-413c-a988-d2a44a5ca406@group-C6B97DF9FEBA: changes role from  FOLLOWER to CANDIDATE at term 0 for changeToCandidate
2021-09-05 01:39:07,694 [cff69f77-ea12-413c-a988-d2a44a5ca406@group-C6B97DF9FEBA-FollowerState] INFO  server.RaftServerConfigKeys (ConfUtils.java:logGet(44)) - raft.server.leaderelection.pre-vote = false (custom)
2021-09-05 01:39:07,694 [cff69f77-ea12-413c-a988-d2a44a5ca406@group-C6B97DF9FEBA-FollowerState] INFO  impl.RoleInfo (RoleInfo.java:updateAndGet(130)) - cff69f77-ea12-413c-a988-d2a44a5ca406: start cff69f77-ea12-413c-a988-d2a44a5ca406@group-C6B97DF9FEBA-LeaderElection86
2021-09-05 01:39:07,726 [cff69f77-ea12-413c-a988-d2a44a5ca406@group-C6B97DF9FEBA-LeaderElection86] INFO  impl.LeaderElection (LeaderElection.java:askForVotes(306)) - cff69f77-ea12-413c-a988-d2a44a5ca406@group-C6B97DF9FEBA-LeaderElection86 ELECTION round 0: submit vote requests at term 1 for -1: [fdb9e53e-0679-45da-9a61-20e122f839df|rpc:10.1.0.25:40867|priority:0, cff69f77-ea12-413c-a988-d2a44a5ca406|rpc:10.1.0.25:34387|priority:0, be41d154-e08a-4361-999c-a2746058d00f|rpc:10.1.0.25:33043|priority:1], old=null
2021-09-05 01:39:07,758 [cff69f77-ea12-413c-a988-d2a44a5ca406@group-19CEC8DA33B6-FollowerState] INFO  impl.FollowerState (FollowerState.java:run(134)) - cff69f77-ea12-413c-a988-d2a44a5ca406@group-19CEC8DA33B6-FollowerState: change to CANDIDATE, lastRpcElapsedTime:5187577097ns, electionTimeout:5157ms
2021-09-05 01:39:07,758 [cff69f77-ea12-413c-a988-d2a44a5ca406@group-19CEC8DA33B6-FollowerState] INFO  impl.RoleInfo (RoleInfo.java:shutdownFollowerState(108)) - cff69f77-ea12-413c-a988-d2a44a5ca406: shutdown cff69f77-ea12-413c-a988-d2a44a5ca406@group-19CEC8DA33B6-FollowerState
2021-09-05 01:39:07,758 [cff69f77-ea12-413c-a988-d2a44a5ca406@group-19CEC8DA33B6-FollowerState] INFO  server.RaftServer$Division (RaftServerImpl.java:setRole(285)) - cff69f77-ea12-413c-a988-d2a44a5ca406@group-19CEC8DA33B6: changes role from  FOLLOWER to CANDIDATE at term 0 for changeToCandidate
2021-09-05 01:39:07,760 [cff69f77-ea12-413c-a988-d2a44a5ca406@group-19CEC8DA33B6-FollowerState] INFO  server.RaftServerConfigKeys (ConfUtils.java:logGet(44)) - raft.server.leaderelection.pre-vote = false (custom)
2021-09-05 01:39:07,760 [cff69f77-ea12-413c-a988-d2a44a5ca406@group-19CEC8DA33B6-FollowerState] INFO  impl.RoleInfo (RoleInfo.java:updateAndGet(130)) - cff69f77-ea12-413c-a988-d2a44a5ca406: start cff69f77-ea12-413c-a988-d2a44a5ca406@group-19CEC8DA33B6-LeaderElection87
2021-09-05 01:39:07,810 [cff69f77-ea12-413c-a988-d2a44a5ca406@group-19CEC8DA33B6-LeaderElection87] INFO  impl.LeaderElection (LeaderElection.java:askForVotes(306)) - cff69f77-ea12-413c-a988-d2a44a5ca406@group-19CEC8DA33B6-LeaderElection87 ELECTION round 0: submit vote requests at term 1 for -1: [cff69f77-ea12-413c-a988-d2a44a5ca406|rpc:10.1.0.25:34387|priority:1], old=null
2021-09-05 01:39:07,810 [cff69f77-ea12-413c-a988-d2a44a5ca406@group-19CEC8DA33B6-LeaderElection87] INFO  impl.LeaderElection (LeaderElection.java:askForVotes(308)) - cff69f77-ea12-413c-a988-d2a44a5ca406@group-19CEC8DA33B6-LeaderElection87 ELECTION round 0: result PASSED (term=1)
2021-09-05 01:39:07,810 [cff69f77-ea12-413c-a988-d2a44a5ca406@group-19CEC8DA33B6-LeaderElection87] INFO  impl.RoleInfo (RoleInfo.java:shutdownLeaderElection(121)) - cff69f77-ea12-413c-a988-d2a44a5ca406: shutdown cff69f77-ea12-413c-a988-d2a44a5ca406@group-19CEC8DA33B6-LeaderElection87
2021-09-05 01:39:07,811 [cff69f77-ea12-413c-a988-d2a44a5ca406@group-19CEC8DA33B6-LeaderElection87] INFO  server.RaftServer$Division (RaftServerImpl.java:setRole(285)) - cff69f77-ea12-413c-a988-d2a44a5ca406@group-19CEC8DA33B6: changes role from CANDIDATE to LEADER at term 1 for changeToLeader
2021-09-05 01:39:07,811 [cff69f77-ea12-413c-a988-d2a44a5ca406@group-19CEC8DA33B6-LeaderElection87] INFO  ratis.XceiverServerRatis (XceiverServerRatis.java:handleLeaderChangedNotification(861)) - Leader change notification received for group: group-19CEC8DA33B6 with new leaderId: cff69f77-ea12-413c-a988-d2a44a5ca406
2021-09-05 01:39:07,811 [cff69f77-ea12-413c-a988-d2a44a5ca406@group-19CEC8DA33B6-LeaderElection87] INFO  server.RaftServer$Division (ServerState.java:setLeader(285)) - cff69f77-ea12-413c-a988-d2a44a5ca406@group-19CEC8DA33B6: change Leader from null to cff69f77-ea12-413c-a988-d2a44a5ca406 at term 1 for becomeLeader, leader elected after 5292ms
2021-09-05 01:39:07,811 [cff69f77-ea12-413c-a988-d2a44a5ca406@group-19CEC8DA33B6-LeaderElection87] INFO  server.RaftServerConfigKeys (ConfUtils.java:logGet(44)) - raft.server.staging.catchup.gap = 1000 (default)
2021-09-05 01:39:07,811 [grpc-default-executor-3] INFO  server.RaftServer$Division (RaftServerImpl.java:requestVote(1043)) - fdb9e53e-0679-45da-9a61-20e122f839df@group-C6B97DF9FEBA: receive requestVote(ELECTION, cff69f77-ea12-413c-a988-d2a44a5ca406, group-C6B97DF9FEBA, 1, (t:0, i:0))
2021-09-05 01:39:07,811 [grpc-default-executor-3] INFO  impl.VoteContext (VoteContext.java:log(48)) - fdb9e53e-0679-45da-9a61-20e122f839df@group-C6B97DF9FEBA-FOLLOWER: accept ELECTION from cff69f77-ea12-413c-a988-d2a44a5ca406: our priority 0 <= candidate's priority 0
2021-09-05 01:39:07,811 [grpc-default-executor-3] INFO  server.RaftServer$Division (RaftServerImpl.java:setRole(285)) - fdb9e53e-0679-45da-9a61-20e122f839df@group-C6B97DF9FEBA: changes role from  FOLLOWER to FOLLOWER at term 1 for candidate:cff69f77-ea12-413c-a988-d2a44a5ca406
2021-09-05 01:39:07,811 [grpc-default-executor-3] INFO  impl.RoleInfo (RoleInfo.java:shutdownFollowerState(108)) - fdb9e53e-0679-45da-9a61-20e122f839df: shutdown fdb9e53e-0679-45da-9a61-20e122f839df@group-C6B97DF9FEBA-FollowerState
2021-09-05 01:39:07,811 [Datanode State Machine Thread - 0] WARN  statemachine.StateContext (StateContext.java:execute(621)) - No available thread in pool for past 1 seconds.
2021-09-05 01:39:07,811 [fdb9e53e-0679-45da-9a61-20e122f839df@group-C6B97DF9FEBA-FollowerState] INFO  impl.FollowerState (FollowerState.java:run(143)) - fdb9e53e-0679-45da-9a61-20e122f839df@group-C6B97DF9FEBA-FollowerState was interrupted: {}
java.lang.InterruptedException: sleep interrupted
	at java.lang.Thread.sleep(Native Method)
	at java.lang.Thread.sleep(Thread.java:340)
	at java.util.concurrent.TimeUnit.sleep(TimeUnit.java:386)
	at org.apache.ratis.util.TimeDuration.sleep(TimeDuration.java:324)
	at org.apache.ratis.util.TimeDuration.sleep(TimeDuration.java:309)
	at org.apache.ratis.server.impl.FollowerState.run(FollowerState.java:118)
2021-09-05 01:39:07,812 [EventQueue-OpenPipelineForHealthyPipelineSafeModeRule] INFO  safemode.SCMSafeModeManager (HealthyPipelineSafeModeRule.java:process(124)) - SCM in safe mode. Healthy pipelines reported count is 0, required healthy pipeline reported count is 1
2021-09-05 01:39:07,811 [cff69f77-ea12-413c-a988-d2a44a5ca406@group-19CEC8DA33B6-LeaderElection87] INFO  server.RaftServerConfigKeys (ConfUtils.java:logGet(44)) - raft.server.write.element-limit = 1024 (custom)
2021-09-05 01:39:07,811 [grpc-default-executor-3] INFO  impl.RoleInfo (RoleInfo.java:updateAndGet(130)) - fdb9e53e-0679-45da-9a61-20e122f839df: start fdb9e53e-0679-45da-9a61-20e122f839df@group-C6B97DF9FEBA-FollowerState
2021-09-05 01:39:07,814 [grpc-default-executor-4] INFO  server.RaftServer$Division (RaftServerImpl.java:requestVote(1043)) - be41d154-e08a-4361-999c-a2746058d00f@group-C6B97DF9FEBA: receive requestVote(ELECTION, cff69f77-ea12-413c-a988-d2a44a5ca406, group-C6B97DF9FEBA, 1, (t:0, i:0))
2021-09-05 01:39:07,814 [grpc-default-executor-4] INFO  impl.VoteContext (VoteContext.java:log(48)) - be41d154-e08a-4361-999c-a2746058d00f@group-C6B97DF9FEBA-FOLLOWER: reject ELECTION from cff69f77-ea12-413c-a988-d2a44a5ca406: our priority 1 > candidate's priority 0
2021-09-05 01:39:07,814 [grpc-default-executor-4] INFO  server.RaftServer$Division (RaftServerImpl.java:setRole(285)) - be41d154-e08a-4361-999c-a2746058d00f@group-C6B97DF9FEBA: changes role from  FOLLOWER to FOLLOWER at term 1 for candidate:cff69f77-ea12-413c-a988-d2a44a5ca406
2021-09-05 01:39:07,814 [grpc-default-executor-4] INFO  impl.RoleInfo (RoleInfo.java:shutdownFollowerState(108)) - be41d154-e08a-4361-999c-a2746058d00f: shutdown be41d154-e08a-4361-999c-a2746058d00f@group-C6B97DF9FEBA-FollowerState
2021-09-05 01:39:07,814 [cff69f77-ea12-413c-a988-d2a44a5ca406@group-19CEC8DA33B6-LeaderElection87] INFO  server.RaftServerConfigKeys (ConfUtils.java:logGet(44)) - raft.server.write.byte-limit = 1024 M (=1073741824) (custom)
2021-09-05 01:39:07,815 [cff69f77-ea12-413c-a988-d2a44a5ca406@group-19CEC8DA33B6-LeaderElection87] INFO  server.RaftServerConfigKeys (ConfUtils.java:logGet(44)) - raft.server.watch.timeout = 3000ms (custom)
2021-09-05 01:39:07,815 [cff69f77-ea12-413c-a988-d2a44a5ca406@group-19CEC8DA33B6-LeaderElection87] INFO  server.RaftServerConfigKeys (ConfUtils.java:logGet(44)) - raft.server.watch.timeout.denomination = 1s (default)
2021-09-05 01:39:07,815 [cff69f77-ea12-413c-a988-d2a44a5ca406@group-19CEC8DA33B6-LeaderElection87] INFO  server.RaftServerConfigKeys (ConfUtils.java:logGet(44)) - raft.server.watch.element-limit = 65536 (default)
2021-09-05 01:39:07,815 [cff69f77-ea12-413c-a988-d2a44a5ca406@group-19CEC8DA33B6-LeaderElection87] INFO  impl.RoleInfo (RoleInfo.java:updateAndGet(130)) - cff69f77-ea12-413c-a988-d2a44a5ca406: start cff69f77-ea12-413c-a988-d2a44a5ca406@group-19CEC8DA33B6-LeaderStateImpl
2021-09-05 01:39:07,815 [cff69f77-ea12-413c-a988-d2a44a5ca406@group-19CEC8DA33B6-LeaderElection87] INFO  segmented.SegmentedRaftLogWorker (SegmentedRaftLogWorker.java:startLogSegment(394)) - cff69f77-ea12-413c-a988-d2a44a5ca406@group-19CEC8DA33B6-SegmentedRaftLogWorker: Starting segment from index:0
2021-09-05 01:39:07,842 [cff69f77-ea12-413c-a988-d2a44a5ca406@group-19CEC8DA33B6-SegmentedRaftLogWorker] INFO  segmented.SegmentedRaftLogWorker (SegmentedRaftLogWorker.java:execute(601)) - cff69f77-ea12-413c-a988-d2a44a5ca406@group-19CEC8DA33B6-SegmentedRaftLogWorker: created new log segment /home/runner/work/ozone/ozone/hadoop-ozone/integration-test/target/test-dir/MiniOzoneClusterImpl-37340386-36af-4fa8-9723-b8f583b28ff6/datanode-0/data/ratis/b5503130-8cd7-47db-995f-19cec8da33b6/current/log_inprogress_0
2021-09-05 01:39:07,843 [grpc-default-executor-3] INFO  server.RaftServer$Division (RaftServerImpl.java:requestVote(1075)) - fdb9e53e-0679-45da-9a61-20e122f839df@group-C6B97DF9FEBA replies to ELECTION vote request: cff69f77-ea12-413c-a988-d2a44a5ca406<-fdb9e53e-0679-45da-9a61-20e122f839df#0:OK-t1. Peer's state: fdb9e53e-0679-45da-9a61-20e122f839df@group-C6B97DF9FEBA:t1, leader=null, voted=cff69f77-ea12-413c-a988-d2a44a5ca406, raftlog=fdb9e53e-0679-45da-9a61-20e122f839df@group-C6B97DF9FEBA-SegmentedRaftLog:OPENED:c-1,f-1,i0, conf=-1: [fdb9e53e-0679-45da-9a61-20e122f839df|rpc:10.1.0.25:40867|dataStream:|priority:0, cff69f77-ea12-413c-a988-d2a44a5ca406|rpc:10.1.0.25:34387|dataStream:|priority:0, be41d154-e08a-4361-999c-a2746058d00f|rpc:10.1.0.25:33043|dataStream:|priority:1], old=null
2021-09-05 01:39:07,849 [grpc-default-executor-4] INFO  impl.RoleInfo (RoleInfo.java:updateAndGet(130)) - be41d154-e08a-4361-999c-a2746058d00f: start be41d154-e08a-4361-999c-a2746058d00f@group-C6B97DF9FEBA-FollowerState
2021-09-05 01:39:07,851 [cff69f77-ea12-413c-a988-d2a44a5ca406@group-19CEC8DA33B6-LeaderElection87] INFO  server.RaftServer$Division (ServerState.java:setRaftConf(387)) - cff69f77-ea12-413c-a988-d2a44a5ca406@group-19CEC8DA33B6: set configuration 0: [cff69f77-ea12-413c-a988-d2a44a5ca406|rpc:10.1.0.25:34387|dataStream:|priority:1], old=null
2021-09-05 01:39:07,886 [grpc-default-executor-4] INFO  server.RaftServer$Division (RaftServerImpl.java:requestVote(1075)) - be41d154-e08a-4361-999c-a2746058d00f@group-C6B97DF9FEBA replies to ELECTION vote request: cff69f77-ea12-413c-a988-d2a44a5ca406<-be41d154-e08a-4361-999c-a2746058d00f#0:FAIL-t1. Peer's state: be41d154-e08a-4361-999c-a2746058d00f@group-C6B97DF9FEBA:t1, leader=null, voted=null, raftlog=be41d154-e08a-4361-999c-a2746058d00f@group-C6B97DF9FEBA-SegmentedRaftLog:OPENED:c-1,f-1,i0, conf=-1: [fdb9e53e-0679-45da-9a61-20e122f839df|rpc:10.1.0.25:40867|dataStream:|priority:0, cff69f77-ea12-413c-a988-d2a44a5ca406|rpc:10.1.0.25:34387|dataStream:|priority:0, be41d154-e08a-4361-999c-a2746058d00f|rpc:10.1.0.25:33043|dataStream:|priority:1], old=null
2021-09-05 01:39:07,889 [cff69f77-ea12-413c-a988-d2a44a5ca406@group-C6B97DF9FEBA-LeaderElection86] INFO  impl.LeaderElection (LeaderElection.java:logAndReturn(89)) - cff69f77-ea12-413c-a988-d2a44a5ca406@group-C6B97DF9FEBA-LeaderElection86: ELECTION REJECTED received 2 response(s) and 0 exception(s):
2021-09-05 01:39:07,889 [cff69f77-ea12-413c-a988-d2a44a5ca406@group-C6B97DF9FEBA-LeaderElection86] INFO  impl.LeaderElection (LeaderElection.java:logAndReturn(93)) -   Response 0: cff69f77-ea12-413c-a988-d2a44a5ca406<-fdb9e53e-0679-45da-9a61-20e122f839df#0:OK-t1
2021-09-05 01:39:07,889 [cff69f77-ea12-413c-a988-d2a44a5ca406@group-C6B97DF9FEBA-LeaderElection86] INFO  impl.LeaderElection (LeaderElection.java:logAndReturn(93)) -   Response 1: cff69f77-ea12-413c-a988-d2a44a5ca406<-be41d154-e08a-4361-999c-a2746058d00f#0:FAIL-t1
2021-09-05 01:39:07,889 [cff69f77-ea12-413c-a988-d2a44a5ca406@group-C6B97DF9FEBA-LeaderElection86] INFO  impl.LeaderElection (LeaderElection.java:askForVotes(308)) - cff69f77-ea12-413c-a988-d2a44a5ca406@group-C6B97DF9FEBA-LeaderElection86 ELECTION round 0: result REJECTED
2021-09-05 01:39:07,889 [cff69f77-ea12-413c-a988-d2a44a5ca406@group-C6B97DF9FEBA-LeaderElection86] INFO  server.RaftServer$Division (RaftServerImpl.java:setRole(285)) - cff69f77-ea12-413c-a988-d2a44a5ca406@group-C6B97DF9FEBA: changes role from CANDIDATE to FOLLOWER at term 1 for REJECTED
2021-09-05 01:39:07,889 [cff69f77-ea12-413c-a988-d2a44a5ca406@group-C6B97DF9FEBA-LeaderElection86] INFO  impl.RoleInfo (RoleInfo.java:shutdownLeaderElection(121)) - cff69f77-ea12-413c-a988-d2a44a5ca406: shutdown cff69f77-ea12-413c-a988-d2a44a5ca406@group-C6B97DF9FEBA-LeaderElection86
2021-09-05 01:39:07,889 [cff69f77-ea12-413c-a988-d2a44a5ca406@group-C6B97DF9FEBA-LeaderElection86] INFO  impl.RoleInfo (RoleInfo.java:updateAndGet(130)) - cff69f77-ea12-413c-a988-d2a44a5ca406: start cff69f77-ea12-413c-a988-d2a44a5ca406@group-C6B97DF9FEBA-FollowerState
2021-09-05 01:39:07,897 [be41d154-e08a-4361-999c-a2746058d00f@group-C6B97DF9FEBA-FollowerState] INFO  impl.FollowerState (FollowerState.java:run(143)) - be41d154-e08a-4361-999c-a2746058d00f@group-C6B97DF9FEBA-FollowerState was interrupted: {}
java.lang.InterruptedException: sleep interrupted
	at java.lang.Thread.sleep(Native Method)
	at java.lang.Thread.sleep(Thread.java:340)
	at java.util.concurrent.TimeUnit.sleep(TimeUnit.java:386)
	at org.apache.ratis.util.TimeDuration.sleep(TimeDuration.java:324)
	at org.apache.ratis.util.TimeDuration.sleep(TimeDuration.java:309)
	at org.apache.ratis.server.impl.FollowerState.run(FollowerState.java:118)
2021-09-05 01:39:08,376 [Listener at 127.0.0.1/33945] INFO  ozone.MiniOzoneClusterImpl (MiniOzoneClusterImpl.java:lambda$waitForClusterToBeReady$0(235)) - Nodes are ready. Got 7 of 7 DN Heartbeats.
2021-09-05 01:39:08,377 [Listener at 127.0.0.1/33945] INFO  ozone.MiniOzoneClusterImpl (MiniOzoneClusterImpl.java:lambda$waitForClusterToBeReady$0(238)) - Waiting for cluster to exit safe mode
2021-09-05 01:39:08,377 [Listener at 127.0.0.1/33945] INFO  ozone.MiniOzoneClusterImpl (MiniOzoneClusterImpl.java:lambda$waitForClusterToBeReady$0(240)) - SCM became leader
2021-09-05 01:39:08,493 [fdb9e53e-0679-45da-9a61-20e122f839df@group-D22776684351-FollowerState] INFO  impl.FollowerState (FollowerState.java:run(134)) - fdb9e53e-0679-45da-9a61-20e122f839df@group-D22776684351-FollowerState: change to CANDIDATE, lastRpcElapsedTime:5184075029ns, electionTimeout:5144ms
2021-09-05 01:39:08,493 [fdb9e53e-0679-45da-9a61-20e122f839df@group-D22776684351-FollowerState] INFO  impl.RoleInfo (RoleInfo.java:shutdownFollowerState(108)) - fdb9e53e-0679-45da-9a61-20e122f839df: shutdown fdb9e53e-0679-45da-9a61-20e122f839df@group-D22776684351-FollowerState
2021-09-05 01:39:08,494 [fdb9e53e-0679-45da-9a61-20e122f839df@group-D22776684351-FollowerState] INFO  server.RaftServer$Division (RaftServerImpl.java:setRole(285)) - fdb9e53e-0679-45da-9a61-20e122f839df@group-D22776684351: changes role from  FOLLOWER to CANDIDATE at term 0 for changeToCandidate
2021-09-05 01:39:08,495 [fdb9e53e-0679-45da-9a61-20e122f839df@group-D22776684351-FollowerState] INFO  server.RaftServerConfigKeys (ConfUtils.java:logGet(44)) - raft.server.leaderelection.pre-vote = false (custom)
2021-09-05 01:39:08,495 [fdb9e53e-0679-45da-9a61-20e122f839df@group-D22776684351-FollowerState] INFO  impl.RoleInfo (RoleInfo.java:updateAndGet(130)) - fdb9e53e-0679-45da-9a61-20e122f839df: start fdb9e53e-0679-45da-9a61-20e122f839df@group-D22776684351-LeaderElection88
2021-09-05 01:39:08,550 [fdb9e53e-0679-45da-9a61-20e122f839df@group-D22776684351-LeaderElection88] INFO  impl.LeaderElection (LeaderElection.java:askForVotes(306)) - fdb9e53e-0679-45da-9a61-20e122f839df@group-D22776684351-LeaderElection88 ELECTION round 0: submit vote requests at term 1 for -1: [fdb9e53e-0679-45da-9a61-20e122f839df|rpc:10.1.0.25:40867|priority:1], old=null
2021-09-05 01:39:08,550 [fdb9e53e-0679-45da-9a61-20e122f839df@group-D22776684351-LeaderElection88] INFO  impl.LeaderElection (LeaderElection.java:askForVotes(308)) - fdb9e53e-0679-45da-9a61-20e122f839df@group-D22776684351-LeaderElection88 ELECTION round 0: result PASSED (term=1)
2021-09-05 01:39:08,550 [fdb9e53e-0679-45da-9a61-20e122f839df@group-D22776684351-LeaderElection88] INFO  impl.RoleInfo (RoleInfo.java:shutdownLeaderElection(121)) - fdb9e53e-0679-45da-9a61-20e122f839df: shutdown fdb9e53e-0679-45da-9a61-20e122f839df@group-D22776684351-LeaderElection88
2021-09-05 01:39:08,550 [fdb9e53e-0679-45da-9a61-20e122f839df@group-D22776684351-LeaderElection88] INFO  server.RaftServer$Division (RaftServerImpl.java:setRole(285)) - fdb9e53e-0679-45da-9a61-20e122f839df@group-D22776684351: changes role from CANDIDATE to LEADER at term 1 for changeToLeader
2021-09-05 01:39:08,550 [fdb9e53e-0679-45da-9a61-20e122f839df@group-D22776684351-LeaderElection88] INFO  ratis.XceiverServerRatis (XceiverServerRatis.java:handleLeaderChangedNotification(861)) - Leader change notification received for group: group-D22776684351 with new leaderId: fdb9e53e-0679-45da-9a61-20e122f839df
2021-09-05 01:39:08,551 [fdb9e53e-0679-45da-9a61-20e122f839df@group-D22776684351-LeaderElection88] INFO  server.RaftServer$Division (ServerState.java:setLeader(285)) - fdb9e53e-0679-45da-9a61-20e122f839df@group-D22776684351: change Leader from null to fdb9e53e-0679-45da-9a61-20e122f839df at term 1 for becomeLeader, leader elected after 5445ms
2021-09-05 01:39:08,551 [fdb9e53e-0679-45da-9a61-20e122f839df@group-D22776684351-LeaderElection88] INFO  server.RaftServerConfigKeys (ConfUtils.java:logGet(44)) - raft.server.staging.catchup.gap = 1000 (default)
2021-09-05 01:39:08,551 [Datanode State Machine Thread - 0] WARN  statemachine.StateContext (StateContext.java:execute(621)) - No available thread in pool for past 1 seconds.
2021-09-05 01:39:08,551 [fdb9e53e-0679-45da-9a61-20e122f839df@group-D22776684351-LeaderElection88] INFO  server.RaftServerConfigKeys (ConfUtils.java:logGet(44)) - raft.server.write.element-limit = 1024 (custom)
2021-09-05 01:39:08,551 [fdb9e53e-0679-45da-9a61-20e122f839df@group-D22776684351-LeaderElection88] INFO  server.RaftServerConfigKeys (ConfUtils.java:logGet(44)) - raft.server.write.byte-limit = 1024 M (=1073741824) (custom)
2021-09-05 01:39:08,552 [EventQueue-OpenPipelineForHealthyPipelineSafeModeRule] INFO  safemode.SCMSafeModeManager (HealthyPipelineSafeModeRule.java:process(124)) - SCM in safe mode. Healthy pipelines reported count is 0, required healthy pipeline reported count is 1
2021-09-05 01:39:08,552 [fdb9e53e-0679-45da-9a61-20e122f839df@group-D22776684351-LeaderElection88] INFO  server.RaftServerConfigKeys (ConfUtils.java:logGet(44)) - raft.server.watch.timeout = 3000ms (custom)
2021-09-05 01:39:08,552 [fdb9e53e-0679-45da-9a61-20e122f839df@group-D22776684351-LeaderElection88] INFO  server.RaftServerConfigKeys (ConfUtils.java:logGet(44)) - raft.server.watch.timeout.denomination = 1s (default)
2021-09-05 01:39:08,553 [fdb9e53e-0679-45da-9a61-20e122f839df@group-D22776684351-LeaderElection88] INFO  server.RaftServerConfigKeys (ConfUtils.java:logGet(44)) - raft.server.watch.element-limit = 65536 (default)
2021-09-05 01:39:08,553 [fdb9e53e-0679-45da-9a61-20e122f839df@group-D22776684351-LeaderElection88] INFO  impl.RoleInfo (RoleInfo.java:updateAndGet(130)) - fdb9e53e-0679-45da-9a61-20e122f839df: start fdb9e53e-0679-45da-9a61-20e122f839df@group-D22776684351-LeaderStateImpl
2021-09-05 01:39:08,553 [fdb9e53e-0679-45da-9a61-20e122f839df@group-D22776684351-LeaderElection88] INFO  segmented.SegmentedRaftLogWorker (SegmentedRaftLogWorker.java:startLogSegment(394)) - fdb9e53e-0679-45da-9a61-20e122f839df@group-D22776684351-SegmentedRaftLogWorker: Starting segment from index:0
2021-09-05 01:39:08,555 [fdb9e53e-0679-45da-9a61-20e122f839df@group-D22776684351-SegmentedRaftLogWorker] INFO  segmented.SegmentedRaftLogWorker (SegmentedRaftLogWorker.java:execute(601)) - fdb9e53e-0679-45da-9a61-20e122f839df@group-D22776684351-SegmentedRaftLogWorker: created new log segment /home/runner/work/ozone/ozone/hadoop-ozone/integration-test/target/test-dir/MiniOzoneClusterImpl-37340386-36af-4fa8-9723-b8f583b28ff6/datanode-1/data/ratis/abc99c8d-4636-4361-928c-d22776684351/current/log_inprogress_0
2021-09-05 01:39:08,611 [fdb9e53e-0679-45da-9a61-20e122f839df@group-D22776684351-LeaderElection88] INFO  server.RaftServer$Division (ServerState.java:setRaftConf(387)) - fdb9e53e-0679-45da-9a61-20e122f839df@group-D22776684351: set configuration 0: [fdb9e53e-0679-45da-9a61-20e122f839df|rpc:10.1.0.25:40867|dataStream:|priority:1], old=null
2021-09-05 01:39:08,948 [fdb9e53e-0679-45da-9a61-20e122f839df@group-FC73588AFD2D-FollowerState] INFO  impl.FollowerState (FollowerState.java:run(134)) - fdb9e53e-0679-45da-9a61-20e122f839df@group-FC73588AFD2D-FollowerState: change to CANDIDATE, lastRpcElapsedTime:5192821054ns, electionTimeout:5183ms
2021-09-05 01:39:08,948 [fdb9e53e-0679-45da-9a61-20e122f839df@group-FC73588AFD2D-FollowerState] INFO  impl.RoleInfo (RoleInfo.java:shutdownFollowerState(108)) - fdb9e53e-0679-45da-9a61-20e122f839df: shutdown fdb9e53e-0679-45da-9a61-20e122f839df@group-FC73588AFD2D-FollowerState
2021-09-05 01:39:08,948 [fdb9e53e-0679-45da-9a61-20e122f839df@group-FC73588AFD2D-FollowerState] INFO  server.RaftServer$Division (RaftServerImpl.java:setRole(285)) - fdb9e53e-0679-45da-9a61-20e122f839df@group-FC73588AFD2D: changes role from  FOLLOWER to CANDIDATE at term 0 for changeToCandidate
2021-09-05 01:39:08,948 [fdb9e53e-0679-45da-9a61-20e122f839df@group-FC73588AFD2D-FollowerState] INFO  server.RaftServerConfigKeys (ConfUtils.java:logGet(44)) - raft.server.leaderelection.pre-vote = false (custom)
2021-09-05 01:39:08,948 [fdb9e53e-0679-45da-9a61-20e122f839df@group-FC73588AFD2D-FollowerState] INFO  impl.RoleInfo (RoleInfo.java:updateAndGet(130)) - fdb9e53e-0679-45da-9a61-20e122f839df: start fdb9e53e-0679-45da-9a61-20e122f839df@group-FC73588AFD2D-LeaderElection89
2021-09-05 01:39:08,975 [fdb9e53e-0679-45da-9a61-20e122f839df@group-FC73588AFD2D-LeaderElection89] INFO  impl.LeaderElection (LeaderElection.java:askForVotes(306)) - fdb9e53e-0679-45da-9a61-20e122f839df@group-FC73588AFD2D-LeaderElection89 ELECTION round 0: submit vote requests at term 1 for -1: [fdb9e53e-0679-45da-9a61-20e122f839df|rpc:10.1.0.25:40867|priority:1, cff69f77-ea12-413c-a988-d2a44a5ca406|rpc:10.1.0.25:34387|priority:0, be41d154-e08a-4361-999c-a2746058d00f|rpc:10.1.0.25:33043|priority:0], old=null
2021-09-05 01:39:09,009 [cff69f77-ea12-413c-a988-d2a44a5ca406@group-FC73588AFD2D-FollowerState] INFO  impl.FollowerState (FollowerState.java:run(134)) - cff69f77-ea12-413c-a988-d2a44a5ca406@group-FC73588AFD2D-FollowerState: change to CANDIDATE, lastRpcElapsedTime:5069693787ns, electionTimeout:5051ms
2021-09-05 01:39:09,009 [cff69f77-ea12-413c-a988-d2a44a5ca406@group-FC73588AFD2D-FollowerState] INFO  impl.RoleInfo (RoleInfo.java:shutdownFollowerState(108)) - cff69f77-ea12-413c-a988-d2a44a5ca406: shutdown cff69f77-ea12-413c-a988-d2a44a5ca406@group-FC73588AFD2D-FollowerState
2021-09-05 01:39:09,009 [cff69f77-ea12-413c-a988-d2a44a5ca406@group-FC73588AFD2D-FollowerState] INFO  server.RaftServer$Division (RaftServerImpl.java:setRole(285)) - cff69f77-ea12-413c-a988-d2a44a5ca406@group-FC73588AFD2D: changes role from  FOLLOWER to CANDIDATE at term 0 for changeToCandidate
2021-09-05 01:39:09,009 [cff69f77-ea12-413c-a988-d2a44a5ca406@group-FC73588AFD2D-FollowerState] INFO  server.RaftServerConfigKeys (ConfUtils.java:logGet(44)) - raft.server.leaderelection.pre-vote = false (custom)
2021-09-05 01:39:09,009 [cff69f77-ea12-413c-a988-d2a44a5ca406@group-FC73588AFD2D-FollowerState] INFO  impl.RoleInfo (RoleInfo.java:updateAndGet(130)) - cff69f77-ea12-413c-a988-d2a44a5ca406: start cff69f77-ea12-413c-a988-d2a44a5ca406@group-FC73588AFD2D-LeaderElection90
2021-09-05 01:39:09,035 [grpc-default-executor-4] INFO  server.RaftServer$Division (RaftServerImpl.java:requestVote(1043)) - cff69f77-ea12-413c-a988-d2a44a5ca406@group-FC73588AFD2D: receive requestVote(ELECTION, fdb9e53e-0679-45da-9a61-20e122f839df, group-FC73588AFD2D, 1, (t:0, i:0))
2021-09-05 01:39:09,036 [grpc-default-executor-4] INFO  impl.VoteContext (VoteContext.java:log(48)) - cff69f77-ea12-413c-a988-d2a44a5ca406@group-FC73588AFD2D-CANDIDATE: accept ELECTION from fdb9e53e-0679-45da-9a61-20e122f839df: our priority 0 <= candidate's priority 1
2021-09-05 01:39:09,037 [grpc-default-executor-4] INFO  server.RaftServer$Division (RaftServerImpl.java:setRole(285)) - cff69f77-ea12-413c-a988-d2a44a5ca406@group-FC73588AFD2D: changes role from CANDIDATE to FOLLOWER at term 1 for candidate:fdb9e53e-0679-45da-9a61-20e122f839df
2021-09-05 01:39:09,037 [grpc-default-executor-4] INFO  impl.RoleInfo (RoleInfo.java:shutdownLeaderElection(121)) - cff69f77-ea12-413c-a988-d2a44a5ca406: shutdown cff69f77-ea12-413c-a988-d2a44a5ca406@group-FC73588AFD2D-LeaderElection90
2021-09-05 01:39:09,037 [grpc-default-executor-4] INFO  impl.RoleInfo (RoleInfo.java:updateAndGet(130)) - cff69f77-ea12-413c-a988-d2a44a5ca406: start cff69f77-ea12-413c-a988-d2a44a5ca406@group-FC73588AFD2D-FollowerState
2021-09-05 01:39:09,038 [grpc-default-executor-3] INFO  server.RaftServer$Division (RaftServerImpl.java:requestVote(1043)) - be41d154-e08a-4361-999c-a2746058d00f@group-FC73588AFD2D: receive requestVote(ELECTION, fdb9e53e-0679-45da-9a61-20e122f839df, group-FC73588AFD2D, 1, (t:0, i:0))
2021-09-05 01:39:09,038 [grpc-default-executor-3] INFO  impl.VoteContext (VoteContext.java:log(48)) - be41d154-e08a-4361-999c-a2746058d00f@group-FC73588AFD2D-FOLLOWER: accept ELECTION from fdb9e53e-0679-45da-9a61-20e122f839df: our priority 0 <= candidate's priority 1
2021-09-05 01:39:09,038 [grpc-default-executor-3] INFO  server.RaftServer$Division (RaftServerImpl.java:setRole(285)) - be41d154-e08a-4361-999c-a2746058d00f@group-FC73588AFD2D: changes role from  FOLLOWER to FOLLOWER at term 1 for candidate:fdb9e53e-0679-45da-9a61-20e122f839df
2021-09-05 01:39:09,038 [grpc-default-executor-3] INFO  impl.RoleInfo (RoleInfo.java:shutdownFollowerState(108)) - be41d154-e08a-4361-999c-a2746058d00f: shutdown be41d154-e08a-4361-999c-a2746058d00f@group-FC73588AFD2D-FollowerState
2021-09-05 01:39:09,038 [grpc-default-executor-3] INFO  impl.RoleInfo (RoleInfo.java:updateAndGet(130)) - be41d154-e08a-4361-999c-a2746058d00f: start be41d154-e08a-4361-999c-a2746058d00f@group-FC73588AFD2D-FollowerState
2021-09-05 01:39:09,039 [grpc-default-executor-4] INFO  server.RaftServer$Division (RaftServerImpl.java:requestVote(1075)) - cff69f77-ea12-413c-a988-d2a44a5ca406@group-FC73588AFD2D replies to ELECTION vote request: fdb9e53e-0679-45da-9a61-20e122f839df<-cff69f77-ea12-413c-a988-d2a44a5ca406#0:OK-t1. Peer's state: cff69f77-ea12-413c-a988-d2a44a5ca406@group-FC73588AFD2D:t1, leader=null, voted=fdb9e53e-0679-45da-9a61-20e122f839df, raftlog=cff69f77-ea12-413c-a988-d2a44a5ca406@group-FC73588AFD2D-SegmentedRaftLog:OPENED:c-1,f-1,i0, conf=-1: [fdb9e53e-0679-45da-9a61-20e122f839df|rpc:10.1.0.25:40867|priority:1, cff69f77-ea12-413c-a988-d2a44a5ca406|rpc:10.1.0.25:34387|priority:0, be41d154-e08a-4361-999c-a2746058d00f|rpc:10.1.0.25:33043|priority:0], old=null
2021-09-05 01:39:09,045 [cff69f77-ea12-413c-a988-d2a44a5ca406@group-FC73588AFD2D-LeaderElection90] INFO  impl.LeaderElection (LeaderElection.java:run(230)) - cff69f77-ea12-413c-a988-d2a44a5ca406@group-FC73588AFD2D-LeaderElection90: skip running since this is already CLOSING
2021-09-05 01:39:09,069 [be41d154-e08a-4361-999c-a2746058d00f@group-FC73588AFD2D-FollowerState] INFO  impl.FollowerState (FollowerState.java:run(143)) - be41d154-e08a-4361-999c-a2746058d00f@group-FC73588AFD2D-FollowerState was interrupted: {}
java.lang.InterruptedException: sleep interrupted
	at java.lang.Thread.sleep(Native Method)
	at java.lang.Thread.sleep(Thread.java:340)
	at java.util.concurrent.TimeUnit.sleep(TimeUnit.java:386)
	at org.apache.ratis.util.TimeDuration.sleep(TimeDuration.java:324)
	at org.apache.ratis.util.TimeDuration.sleep(TimeDuration.java:309)
	at org.apache.ratis.server.impl.FollowerState.run(FollowerState.java:118)
2021-09-05 01:39:09,050 [fdb9e53e-0679-45da-9a61-20e122f839df@group-FC73588AFD2D-LeaderElection89] INFO  impl.LeaderElection (LeaderElection.java:logAndReturn(89)) - fdb9e53e-0679-45da-9a61-20e122f839df@group-FC73588AFD2D-LeaderElection89: ELECTION PASSED received 1 response(s) and 0 exception(s):
2021-09-05 01:39:09,076 [fdb9e53e-0679-45da-9a61-20e122f839df@group-FC73588AFD2D-LeaderElection89] INFO  impl.LeaderElection (LeaderElection.java:logAndReturn(93)) -   Response 0: fdb9e53e-0679-45da-9a61-20e122f839df<-cff69f77-ea12-413c-a988-d2a44a5ca406#0:OK-t1
2021-09-05 01:39:09,076 [fdb9e53e-0679-45da-9a61-20e122f839df@group-FC73588AFD2D-LeaderElection89] INFO  impl.LeaderElection (LeaderElection.java:askForVotes(308)) - fdb9e53e-0679-45da-9a61-20e122f839df@group-FC73588AFD2D-LeaderElection89 ELECTION round 0: result PASSED
2021-09-05 01:39:09,076 [fdb9e53e-0679-45da-9a61-20e122f839df@group-FC73588AFD2D-LeaderElection89] INFO  impl.RoleInfo (RoleInfo.java:shutdownLeaderElection(121)) - fdb9e53e-0679-45da-9a61-20e122f839df: shutdown fdb9e53e-0679-45da-9a61-20e122f839df@group-FC73588AFD2D-LeaderElection89
2021-09-05 01:39:09,076 [fdb9e53e-0679-45da-9a61-20e122f839df@group-FC73588AFD2D-LeaderElection89] INFO  server.RaftServer$Division (RaftServerImpl.java:setRole(285)) - fdb9e53e-0679-45da-9a61-20e122f839df@group-FC73588AFD2D: changes role from CANDIDATE to LEADER at term 1 for changeToLeader
2021-09-05 01:39:09,076 [fdb9e53e-0679-45da-9a61-20e122f839df@group-FC73588AFD2D-LeaderElection89] INFO  ratis.XceiverServerRatis (XceiverServerRatis.java:handleLeaderChangedNotification(861)) - Leader change notification received for group: group-FC73588AFD2D with new leaderId: fdb9e53e-0679-45da-9a61-20e122f839df
2021-09-05 01:39:09,077 [fdb9e53e-0679-45da-9a61-20e122f839df@group-FC73588AFD2D-LeaderElection89] INFO  server.RaftServer$Division (ServerState.java:setLeader(285)) - fdb9e53e-0679-45da-9a61-20e122f839df@group-FC73588AFD2D: change Leader from null to fdb9e53e-0679-45da-9a61-20e122f839df at term 1 for becomeLeader, leader elected after 5511ms
2021-09-05 01:39:09,077 [fdb9e53e-0679-45da-9a61-20e122f839df@group-FC73588AFD2D-LeaderElection89] INFO  server.RaftServerConfigKeys (ConfUtils.java:logGet(44)) - raft.server.staging.catchup.gap = 1000 (default)
2021-09-05 01:39:09,077 [fdb9e53e-0679-45da-9a61-20e122f839df@group-FC73588AFD2D-LeaderElection89] INFO  server.RaftServerConfigKeys (ConfUtils.java:logGet(44)) - raft.server.write.element-limit = 1024 (custom)
2021-09-05 01:39:09,077 [fdb9e53e-0679-45da-9a61-20e122f839df@group-FC73588AFD2D-LeaderElection89] INFO  server.RaftServerConfigKeys (ConfUtils.java:logGet(44)) - raft.server.write.byte-limit = 1024 M (=1073741824) (custom)
2021-09-05 01:39:09,077 [fdb9e53e-0679-45da-9a61-20e122f839df@group-FC73588AFD2D-LeaderElection89] INFO  server.RaftServerConfigKeys (ConfUtils.java:logGet(44)) - raft.server.watch.timeout = 3000ms (custom)
2021-09-05 01:39:09,077 [fdb9e53e-0679-45da-9a61-20e122f839df@group-FC73588AFD2D-LeaderElection89] INFO  server.RaftServerConfigKeys (ConfUtils.java:logGet(44)) - raft.server.watch.timeout.denomination = 1s (default)
2021-09-05 01:39:09,077 [fdb9e53e-0679-45da-9a61-20e122f839df@group-FC73588AFD2D-LeaderElection89] INFO  server.RaftServerConfigKeys (ConfUtils.java:logGet(44)) - raft.server.watch.element-limit = 65536 (default)
2021-09-05 01:39:09,077 [fdb9e53e-0679-45da-9a61-20e122f839df@group-FC73588AFD2D-LeaderElection89] INFO  server.RaftServerConfigKeys (ConfUtils.java:logGet(44)) - raft.server.log.appender.snapshot.chunk.size.max = 16MB (=16777216) (default)
2021-09-05 01:39:09,078 [fdb9e53e-0679-45da-9a61-20e122f839df@group-FC73588AFD2D-LeaderElection89] INFO  server.RaftServerConfigKeys (ConfUtils.java:logGet(44)) - raft.server.log.appender.buffer.byte-limit = 33554432 (custom)
2021-09-05 01:39:09,078 [fdb9e53e-0679-45da-9a61-20e122f839df@group-FC73588AFD2D-LeaderElection89] INFO  server.RaftServerConfigKeys (ConfUtils.java:logGet(44)) - raft.server.log.appender.buffer.element-limit = 1 (custom)
2021-09-05 01:39:09,078 [fdb9e53e-0679-45da-9a61-20e122f839df@group-FC73588AFD2D-LeaderElection89] INFO  grpc.GrpcConfigKeys (ConfUtils.java:logGet(44)) - raft.grpc.server.leader.outstanding.appends.max = 128 (default)
2021-09-05 01:39:09,078 [fdb9e53e-0679-45da-9a61-20e122f839df@group-FC73588AFD2D-LeaderElection89] INFO  server.RaftServerConfigKeys (ConfUtils.java:logGet(44)) - raft.server.rpc.request.timeout = 3000ms (default)
2021-09-05 01:39:09,078 [fdb9e53e-0679-45da-9a61-20e122f839df@group-FC73588AFD2D-LeaderElection89] INFO  server.RaftServerConfigKeys (ConfUtils.java:logGet(44)) - raft.server.log.appender.install.snapshot.enabled = false (custom)
2021-09-05 01:39:09,079 [fdb9e53e-0679-45da-9a61-20e122f839df@group-FC73588AFD2D-LeaderElection89] INFO  server.RaftServerConfigKeys (ConfUtils.java:logGet(44)) - raft.server.log.appender.snapshot.chunk.size.max = 16MB (=16777216) (default)
2021-09-05 01:39:09,079 [fdb9e53e-0679-45da-9a61-20e122f839df@group-FC73588AFD2D-LeaderElection89] INFO  server.RaftServerConfigKeys (ConfUtils.java:logGet(44)) - raft.server.log.appender.buffer.byte-limit = 33554432 (custom)
2021-09-05 01:39:09,079 [fdb9e53e-0679-45da-9a61-20e122f839df@group-FC73588AFD2D-LeaderElection89] INFO  server.RaftServerConfigKeys (ConfUtils.java:logGet(44)) - raft.server.log.appender.buffer.element-limit = 1 (custom)
2021-09-05 01:39:09,079 [fdb9e53e-0679-45da-9a61-20e122f839df@group-FC73588AFD2D-LeaderElection89] INFO  grpc.GrpcConfigKeys (ConfUtils.java:logGet(44)) - raft.grpc.server.leader.outstanding.appends.max = 128 (default)
2021-09-05 01:39:09,079 [fdb9e53e-0679-45da-9a61-20e122f839df@group-FC73588AFD2D-LeaderElection89] INFO  server.RaftServerConfigKeys (ConfUtils.java:logGet(44)) - raft.server.rpc.request.timeout = 3000ms (default)
2021-09-05 01:39:09,079 [fdb9e53e-0679-45da-9a61-20e122f839df@group-FC73588AFD2D-LeaderElection89] INFO  server.RaftServerConfigKeys (ConfUtils.java:logGet(44)) - raft.server.log.appender.install.snapshot.enabled = false (custom)
2021-09-05 01:39:09,080 [fdb9e53e-0679-45da-9a61-20e122f839df@group-FC73588AFD2D-LeaderElection89] INFO  impl.RoleInfo (RoleInfo.java:updateAndGet(130)) - fdb9e53e-0679-45da-9a61-20e122f839df: start fdb9e53e-0679-45da-9a61-20e122f839df@group-FC73588AFD2D-LeaderStateImpl
2021-09-05 01:39:09,081 [fdb9e53e-0679-45da-9a61-20e122f839df@group-FC73588AFD2D-LeaderElection89] INFO  segmented.SegmentedRaftLogWorker (SegmentedRaftLogWorker.java:startLogSegment(394)) - fdb9e53e-0679-45da-9a61-20e122f839df@group-FC73588AFD2D-SegmentedRaftLogWorker: Starting segment from index:0
2021-09-05 01:39:09,081 [Datanode State Machine Thread - 0] WARN  statemachine.StateContext (StateContext.java:execute(621)) - No available thread in pool for past 1 seconds.
2021-09-05 01:39:09,084 [be41d154-e08a-4361-999c-a2746058d00f@group-6D81F426558A-FollowerState] INFO  impl.FollowerState (FollowerState.java:run(134)) - be41d154-e08a-4361-999c-a2746058d00f@group-6D81F426558A-FollowerState: change to CANDIDATE, lastRpcElapsedTime:5048322562ns, electionTimeout:5046ms
2021-09-05 01:39:09,084 [be41d154-e08a-4361-999c-a2746058d00f@group-6D81F426558A-FollowerState] INFO  impl.RoleInfo (RoleInfo.java:shutdownFollowerState(108)) - be41d154-e08a-4361-999c-a2746058d00f: shutdown be41d154-e08a-4361-999c-a2746058d00f@group-6D81F426558A-FollowerState
2021-09-05 01:39:09,084 [be41d154-e08a-4361-999c-a2746058d00f@group-6D81F426558A-FollowerState] INFO  server.RaftServer$Division (RaftServerImpl.java:setRole(285)) - be41d154-e08a-4361-999c-a2746058d00f@group-6D81F426558A: changes role from  FOLLOWER to CANDIDATE at term 0 for changeToCandidate
2021-09-05 01:39:09,085 [EventQueue-PipelineReportForPipelineReportHandler] INFO  pipeline.PipelineManagerImpl (PipelineManagerImpl.java:openPipeline(282)) - Pipeline Pipeline[ Id: 97e19d54-76f6-4db6-b4a5-fc73588afd2d, Nodes: be41d154-e08a-4361-999c-a2746058d00f{ip: 10.1.0.25, host: fv-az270-420.tacnzluakwdehk1hpragurqkma.bx.internal.cloudapp.net, ports: [REPLICATION=33191, RATIS=33043, RATIS_ADMIN=33043, RATIS_SERVER=33043, STANDALONE=37769], networkLocation: /default-rack, certSerialId: null, persistedOpState: IN_SERVICE, persistedOpStateExpiryEpochSec: 0}fdb9e53e-0679-45da-9a61-20e122f839df{ip: 10.1.0.25, host: fv-az270-420.tacnzluakwdehk1hpragurqkma.bx.internal.cloudapp.net, ports: [REPLICATION=45811, RATIS=40867, RATIS_ADMIN=40867, RATIS_SERVER=40867, STANDALONE=43325], networkLocation: /default-rack, certSerialId: null, persistedOpState: IN_SERVICE, persistedOpStateExpiryEpochSec: 0}cff69f77-ea12-413c-a988-d2a44a5ca406{ip: 10.1.0.25, host: fv-az270-420.tacnzluakwdehk1hpragurqkma.bx.internal.cloudapp.net, ports: [REPLICATION=40651, RATIS=34387, RATIS_ADMIN=34387, RATIS_SERVER=34387, STANDALONE=34759], networkLocation: /default-rack, certSerialId: null, persistedOpState: IN_SERVICE, persistedOpStateExpiryEpochSec: 0}, ReplicationConfig: RATIS/THREE, State:ALLOCATED, leaderId:fdb9e53e-0679-45da-9a61-20e122f839df, CreationTimestamp2021-09-05T01:39:00.740Z[Etc/UTC]] moved to OPEN state
2021-09-05 01:39:09,085 [EventQueue-OpenPipelineForHealthyPipelineSafeModeRule] INFO  safemode.SCMSafeModeManager (HealthyPipelineSafeModeRule.java:process(124)) - SCM in safe mode. Healthy pipelines reported count is 0, required healthy pipeline reported count is 1
2021-09-05 01:39:09,085 [EventQueue-OpenPipelineForHealthyPipelineSafeModeRule] INFO  safemode.SCMSafeModeManager (HealthyPipelineSafeModeRule.java:process(124)) - SCM in safe mode. Healthy pipelines reported count is 1, required healthy pipeline reported count is 1
2021-09-05 01:39:09,085 [EventQueue-OpenPipelineForHealthyPipelineSafeModeRule] INFO  safemode.SCMSafeModeManager (SCMSafeModeManager.java:validateSafeModeExitRules(204)) - HealthyPipelineSafeModeRule rule is successfully validated
2021-09-05 01:39:09,085 [EventQueue-OpenPipelineForHealthyPipelineSafeModeRule] INFO  safemode.SCMSafeModeManager (SCMSafeModeManager.java:validateSafeModeExitRules(219)) - ScmSafeModeManager, all rules are successfully validated
2021-09-05 01:39:09,085 [EventQueue-OpenPipelineForHealthyPipelineSafeModeRule] INFO  safemode.SCMSafeModeManager (SCMSafeModeManager.java:exitSafeMode(248)) - SCM exiting safe mode.
2021-09-05 01:39:09,085 [EventQueue-OpenPipelineForHealthyPipelineSafeModeRule] WARN  events.EventQueue (EventQueue.java:fireEvent(194)) - No event handler registered for event TypedEvent{payloadType=SafeModeStatus, name='Safe mode status'}
2021-09-05 01:39:09,085 [EventQueue-OpenPipelineForHealthyPipelineSafeModeRule] INFO  ha.SCMContext (SCMContext.java:updateSafeModeStatus(205)) - Update SafeModeStatus from SafeModeStatus{safeModeStatus=true, preCheckPassed=true} to SafeModeStatus{safeModeStatus=false, preCheckPassed=true}.
2021-09-05 01:39:09,085 [EventQueue-OpenPipelineForHealthyPipelineSafeModeRule] INFO  pipeline.BackgroundPipelineCreator (BackgroundPipelineCreatorV2.java:notifyStatusChanged(264)) - Service BackgroundPipelineCreator transitions to RUNNING.
2021-09-05 01:39:09,085 [EventQueue-OpenPipelineForHealthyPipelineSafeModeRule] INFO  container.ReplicationManager (ReplicationManager.java:notifyStatusChanged(1722)) - Service ReplicationManager transitions to RUNNING.
2021-09-05 01:39:09,092 [grpc-default-executor-3] INFO  server.RaftServer$Division (RaftServerImpl.java:requestVote(1075)) - be41d154-e08a-4361-999c-a2746058d00f@group-FC73588AFD2D replies to ELECTION vote request: fdb9e53e-0679-45da-9a61-20e122f839df<-be41d154-e08a-4361-999c-a2746058d00f#0:OK-t1. Peer's state: be41d154-e08a-4361-999c-a2746058d00f@group-FC73588AFD2D:t1, leader=null, voted=fdb9e53e-0679-45da-9a61-20e122f839df, raftlog=be41d154-e08a-4361-999c-a2746058d00f@group-FC73588AFD2D-SegmentedRaftLog:OPENED:c-1,f-1,i0, conf=-1: [fdb9e53e-0679-45da-9a61-20e122f839df|rpc:10.1.0.25:40867|dataStream:|priority:1, cff69f77-ea12-413c-a988-d2a44a5ca406|rpc:10.1.0.25:34387|dataStream:|priority:0, be41d154-e08a-4361-999c-a2746058d00f|rpc:10.1.0.25:33043|dataStream:|priority:0], old=null
2021-09-05 01:39:09,094 [be41d154-e08a-4361-999c-a2746058d00f@group-6D81F426558A-FollowerState] INFO  server.RaftServerConfigKeys (ConfUtils.java:logGet(44)) - raft.server.leaderelection.pre-vote = false (custom)
2021-09-05 01:39:09,094 [be41d154-e08a-4361-999c-a2746058d00f@group-6D81F426558A-FollowerState] INFO  impl.RoleInfo (RoleInfo.java:updateAndGet(130)) - be41d154-e08a-4361-999c-a2746058d00f: start be41d154-e08a-4361-999c-a2746058d00f@group-6D81F426558A-LeaderElection91
2021-09-05 01:39:09,117 [fdb9e53e-0679-45da-9a61-20e122f839df@group-FC73588AFD2D-LeaderElection89] INFO  server.RaftServer$Division (ServerState.java:setRaftConf(387)) - fdb9e53e-0679-45da-9a61-20e122f839df@group-FC73588AFD2D: set configuration 0: [fdb9e53e-0679-45da-9a61-20e122f839df|rpc:10.1.0.25:40867|dataStream:|priority:1, cff69f77-ea12-413c-a988-d2a44a5ca406|rpc:10.1.0.25:34387|dataStream:|priority:0, be41d154-e08a-4361-999c-a2746058d00f|rpc:10.1.0.25:33043|dataStream:|priority:0], old=null
2021-09-05 01:39:09,126 [be41d154-e08a-4361-999c-a2746058d00f@group-6D81F426558A-LeaderElection91] INFO  impl.LeaderElection (LeaderElection.java:askForVotes(306)) - be41d154-e08a-4361-999c-a2746058d00f@group-6D81F426558A-LeaderElection91 ELECTION round 0: submit vote requests at term 1 for -1: [be41d154-e08a-4361-999c-a2746058d00f|rpc:10.1.0.25:33043|priority:1], old=null
2021-09-05 01:39:09,126 [be41d154-e08a-4361-999c-a2746058d00f@group-6D81F426558A-LeaderElection91] INFO  impl.LeaderElection (LeaderElection.java:askForVotes(308)) - be41d154-e08a-4361-999c-a2746058d00f@group-6D81F426558A-LeaderElection91 ELECTION round 0: result PASSED (term=1)
2021-09-05 01:39:09,126 [be41d154-e08a-4361-999c-a2746058d00f@group-6D81F426558A-LeaderElection91] INFO  impl.RoleInfo (RoleInfo.java:shutdownLeaderElection(121)) - be41d154-e08a-4361-999c-a2746058d00f: shutdown be41d154-e08a-4361-999c-a2746058d00f@group-6D81F426558A-LeaderElection91
2021-09-05 01:39:09,126 [be41d154-e08a-4361-999c-a2746058d00f@group-6D81F426558A-LeaderElection91] INFO  server.RaftServer$Division (RaftServerImpl.java:setRole(285)) - be41d154-e08a-4361-999c-a2746058d00f@group-6D81F426558A: changes role from CANDIDATE to LEADER at term 1 for changeToLeader
2021-09-05 01:39:09,126 [be41d154-e08a-4361-999c-a2746058d00f@group-6D81F426558A-LeaderElection91] INFO  ratis.XceiverServerRatis (XceiverServerRatis.java:handleLeaderChangedNotification(861)) - Leader change notification received for group: group-6D81F426558A with new leaderId: be41d154-e08a-4361-999c-a2746058d00f
2021-09-05 01:39:09,126 [Datanode State Machine Thread - 0] WARN  statemachine.StateContext (StateContext.java:execute(621)) - No available thread in pool for past 1 seconds.
2021-09-05 01:39:09,127 [be41d154-e08a-4361-999c-a2746058d00f@group-6D81F426558A-LeaderElection91] INFO  server.RaftServer$Division (ServerState.java:setLeader(285)) - be41d154-e08a-4361-999c-a2746058d00f@group-6D81F426558A: change Leader from null to be41d154-e08a-4361-999c-a2746058d00f at term 1 for becomeLeader, leader elected after 5392ms
2021-09-05 01:39:09,127 [be41d154-e08a-4361-999c-a2746058d00f@group-6D81F426558A-LeaderElection91] INFO  server.RaftServerConfigKeys (ConfUtils.java:logGet(44)) - raft.server.staging.catchup.gap = 1000 (default)
2021-09-05 01:39:09,127 [be41d154-e08a-4361-999c-a2746058d00f@group-6D81F426558A-LeaderElection91] INFO  server.RaftServerConfigKeys (ConfUtils.java:logGet(44)) - raft.server.write.element-limit = 1024 (custom)
2021-09-05 01:39:09,129 [be41d154-e08a-4361-999c-a2746058d00f@group-6D81F426558A-LeaderElection91] INFO  server.RaftServerConfigKeys (ConfUtils.java:logGet(44)) - raft.server.write.byte-limit = 1024 M (=1073741824) (custom)
2021-09-05 01:39:09,129 [be41d154-e08a-4361-999c-a2746058d00f@group-6D81F426558A-LeaderElection91] INFO  server.RaftServerConfigKeys (ConfUtils.java:logGet(44)) - raft.server.watch.timeout = 3000ms (custom)
2021-09-05 01:39:09,133 [be41d154-e08a-4361-999c-a2746058d00f@group-6D81F426558A-LeaderElection91] INFO  server.RaftServerConfigKeys (ConfUtils.java:logGet(44)) - raft.server.watch.timeout.denomination = 1s (default)
2021-09-05 01:39:09,133 [be41d154-e08a-4361-999c-a2746058d00f@group-6D81F426558A-LeaderElection91] INFO  server.RaftServerConfigKeys (ConfUtils.java:logGet(44)) - raft.server.watch.element-limit = 65536 (default)
2021-09-05 01:39:09,133 [be41d154-e08a-4361-999c-a2746058d00f@group-6D81F426558A-LeaderElection91] INFO  impl.RoleInfo (RoleInfo.java:updateAndGet(130)) - be41d154-e08a-4361-999c-a2746058d00f: start be41d154-e08a-4361-999c-a2746058d00f@group-6D81F426558A-LeaderStateImpl
2021-09-05 01:39:09,134 [be41d154-e08a-4361-999c-a2746058d00f@group-6D81F426558A-LeaderElection91] INFO  segmented.SegmentedRaftLogWorker (SegmentedRaftLogWorker.java:startLogSegment(394)) - be41d154-e08a-4361-999c-a2746058d00f@group-6D81F426558A-SegmentedRaftLogWorker: Starting segment from index:0
2021-09-05 01:39:09,135 [be41d154-e08a-4361-999c-a2746058d00f@group-6D81F426558A-SegmentedRaftLogWorker] INFO  segmented.SegmentedRaftLogWorker (SegmentedRaftLogWorker.java:execute(601)) - be41d154-e08a-4361-999c-a2746058d00f@group-6D81F426558A-SegmentedRaftLogWorker: created new log segment /home/runner/work/ozone/ozone/hadoop-ozone/integration-test/target/test-dir/MiniOzoneClusterImpl-37340386-36af-4fa8-9723-b8f583b28ff6/datanode-2/data/ratis/b7f1090e-520a-432c-8d7d-6d81f426558a/current/log_inprogress_0
2021-09-05 01:39:09,160 [be41d154-e08a-4361-999c-a2746058d00f@group-6D81F426558A-LeaderElection91] INFO  server.RaftServer$Division (ServerState.java:setRaftConf(387)) - be41d154-e08a-4361-999c-a2746058d00f@group-6D81F426558A: set configuration 0: [be41d154-e08a-4361-999c-a2746058d00f|rpc:10.1.0.25:33043|dataStream:|priority:1], old=null
2021-09-05 01:39:09,178 [grpc-default-executor-3] INFO  ratis.XceiverServerRatis (XceiverServerRatis.java:handleLeaderChangedNotification(861)) - Leader change notification received for group: group-FC73588AFD2D with new leaderId: fdb9e53e-0679-45da-9a61-20e122f839df
2021-09-05 01:39:09,179 [grpc-default-executor-3] INFO  server.RaftServer$Division (ServerState.java:setLeader(285)) - be41d154-e08a-4361-999c-a2746058d00f@group-FC73588AFD2D: change Leader from null to fdb9e53e-0679-45da-9a61-20e122f839df at term 1 for appendEntries, leader elected after 5315ms
2021-09-05 01:39:09,194 [fdb9e53e-0679-45da-9a61-20e122f839df@group-FC73588AFD2D-SegmentedRaftLogWorker] INFO  segmented.SegmentedRaftLogWorker (SegmentedRaftLogWorker.java:execute(601)) - fdb9e53e-0679-45da-9a61-20e122f839df@group-FC73588AFD2D-SegmentedRaftLogWorker: created new log segment /home/runner/work/ozone/ozone/hadoop-ozone/integration-test/target/test-dir/MiniOzoneClusterImpl-37340386-36af-4fa8-9723-b8f583b28ff6/datanode-1/data/ratis/97e19d54-76f6-4db6-b4a5-fc73588afd2d/current/log_inprogress_0
2021-09-05 01:39:09,206 [grpc-default-executor-3] INFO  server.RaftServer$Division (ServerState.java:setRaftConf(387)) - be41d154-e08a-4361-999c-a2746058d00f@group-FC73588AFD2D: set configuration 0: [fdb9e53e-0679-45da-9a61-20e122f839df|rpc:10.1.0.25:40867|dataStream:|priority:1, cff69f77-ea12-413c-a988-d2a44a5ca406|rpc:10.1.0.25:34387|dataStream:|priority:0, be41d154-e08a-4361-999c-a2746058d00f|rpc:10.1.0.25:33043|dataStream:|priority:0], old=null
2021-09-05 01:39:09,207 [grpc-default-executor-3] INFO  segmented.SegmentedRaftLogWorker (SegmentedRaftLogWorker.java:startLogSegment(394)) - be41d154-e08a-4361-999c-a2746058d00f@group-FC73588AFD2D-SegmentedRaftLogWorker: Starting segment from index:0
2021-09-05 01:39:09,213 [be41d154-e08a-4361-999c-a2746058d00f@group-FC73588AFD2D-SegmentedRaftLogWorker] INFO  segmented.SegmentedRaftLogWorker (SegmentedRaftLogWorker.java:execute(601)) - be41d154-e08a-4361-999c-a2746058d00f@group-FC73588AFD2D-SegmentedRaftLogWorker: created new log segment /home/runner/work/ozone/ozone/hadoop-ozone/integration-test/target/test-dir/MiniOzoneClusterImpl-37340386-36af-4fa8-9723-b8f583b28ff6/datanode-2/data/ratis/97e19d54-76f6-4db6-b4a5-fc73588afd2d/current/log_inprogress_0
2021-09-05 01:39:09,270 [grpc-default-executor-4] INFO  ratis.XceiverServerRatis (XceiverServerRatis.java:handleLeaderChangedNotification(861)) - Leader change notification received for group: group-FC73588AFD2D with new leaderId: fdb9e53e-0679-45da-9a61-20e122f839df
2021-09-05 01:39:09,270 [grpc-default-executor-4] INFO  server.RaftServer$Division (ServerState.java:setLeader(285)) - cff69f77-ea12-413c-a988-d2a44a5ca406@group-FC73588AFD2D: change Leader from null to fdb9e53e-0679-45da-9a61-20e122f839df at term 1 for appendEntries, leader elected after 5412ms
2021-09-05 01:39:09,281 [grpc-default-executor-4] INFO  server.RaftServer$Division (ServerState.java:setRaftConf(387)) - cff69f77-ea12-413c-a988-d2a44a5ca406@group-FC73588AFD2D: set configuration 0: [fdb9e53e-0679-45da-9a61-20e122f839df|rpc:10.1.0.25:40867|dataStream:|priority:1, cff69f77-ea12-413c-a988-d2a44a5ca406|rpc:10.1.0.25:34387|dataStream:|priority:0, be41d154-e08a-4361-999c-a2746058d00f|rpc:10.1.0.25:33043|dataStream:|priority:0], old=null
2021-09-05 01:39:09,327 [be41d154-e08a-4361-999c-a2746058d00f@group-6DE84E8794FA-FollowerState] INFO  impl.FollowerState (FollowerState.java:run(134)) - be41d154-e08a-4361-999c-a2746058d00f@group-6DE84E8794FA-FollowerState: change to CANDIDATE, lastRpcElapsedTime:5143642502ns, electionTimeout:5133ms
2021-09-05 01:39:09,328 [grpc-default-executor-4] INFO  segmented.SegmentedRaftLogWorker (SegmentedRaftLogWorker.java:startLogSegment(394)) - cff69f77-ea12-413c-a988-d2a44a5ca406@group-FC73588AFD2D-SegmentedRaftLogWorker: Starting segment from index:0
2021-09-05 01:39:09,329 [be41d154-e08a-4361-999c-a2746058d00f@group-6DE84E8794FA-FollowerState] INFO  impl.RoleInfo (RoleInfo.java:shutdownFollowerState(108)) - be41d154-e08a-4361-999c-a2746058d00f: shutdown be41d154-e08a-4361-999c-a2746058d00f@group-6DE84E8794FA-FollowerState
2021-09-05 01:39:09,329 [be41d154-e08a-4361-999c-a2746058d00f@group-6DE84E8794FA-FollowerState] INFO  server.RaftServer$Division (RaftServerImpl.java:setRole(285)) - be41d154-e08a-4361-999c-a2746058d00f@group-6DE84E8794FA: changes role from  FOLLOWER to CANDIDATE at term 0 for changeToCandidate
2021-09-05 01:39:09,329 [be41d154-e08a-4361-999c-a2746058d00f@group-6DE84E8794FA-FollowerState] INFO  server.RaftServerConfigKeys (ConfUtils.java:logGet(44)) - raft.server.leaderelection.pre-vote = false (custom)
2021-09-05 01:39:09,329 [be41d154-e08a-4361-999c-a2746058d00f@group-6DE84E8794FA-FollowerState] INFO  impl.RoleInfo (RoleInfo.java:updateAndGet(130)) - be41d154-e08a-4361-999c-a2746058d00f: start be41d154-e08a-4361-999c-a2746058d00f@group-6DE84E8794FA-LeaderElection92
2021-09-05 01:39:09,330 [cff69f77-ea12-413c-a988-d2a44a5ca406@group-FC73588AFD2D-SegmentedRaftLogWorker] INFO  segmented.SegmentedRaftLogWorker (SegmentedRaftLogWorker.java:execute(601)) - cff69f77-ea12-413c-a988-d2a44a5ca406@group-FC73588AFD2D-SegmentedRaftLogWorker: created new log segment /home/runner/work/ozone/ozone/hadoop-ozone/integration-test/target/test-dir/MiniOzoneClusterImpl-37340386-36af-4fa8-9723-b8f583b28ff6/datanode-0/data/ratis/97e19d54-76f6-4db6-b4a5-fc73588afd2d/current/log_inprogress_0
2021-09-05 01:39:09,347 [be41d154-e08a-4361-999c-a2746058d00f@group-6DE84E8794FA-LeaderElection92] INFO  impl.LeaderElection (LeaderElection.java:askForVotes(306)) - be41d154-e08a-4361-999c-a2746058d00f@group-6DE84E8794FA-LeaderElection92 ELECTION round 0: submit vote requests at term 1 for -1: [fdb9e53e-0679-45da-9a61-20e122f839df|rpc:10.1.0.25:40867|priority:0, cff69f77-ea12-413c-a988-d2a44a5ca406|rpc:10.1.0.25:34387|priority:1, be41d154-e08a-4361-999c-a2746058d00f|rpc:10.1.0.25:33043|priority:0], old=null
2021-09-05 01:39:09,377 [Listener at 127.0.0.1/33945] INFO  ozone.MiniOzoneClusterImpl (MiniOzoneClusterImpl.java:lambda$waitForClusterToBeReady$0(235)) - Nodes are ready. Got 7 of 7 DN Heartbeats.
2021-09-05 01:39:09,377 [Listener at 127.0.0.1/33945] INFO  ozone.MiniOzoneClusterImpl (MiniOzoneClusterImpl.java:lambda$waitForClusterToBeReady$0(238)) - Cluster exits safe mode
2021-09-05 01:39:09,377 [Listener at 127.0.0.1/33945] INFO  ozone.MiniOzoneClusterImpl (MiniOzoneClusterImpl.java:lambda$waitForClusterToBeReady$0(240)) - SCM became leader
2021-09-05 01:39:09,446 [cff69f77-ea12-413c-a988-d2a44a5ca406@group-6DE84E8794FA-FollowerState] INFO  impl.FollowerState (FollowerState.java:run(134)) - cff69f77-ea12-413c-a988-d2a44a5ca406@group-6DE84E8794FA-FollowerState: change to CANDIDATE, lastRpcElapsedTime:5027578941ns, electionTimeout:5016ms
2021-09-05 01:39:09,446 [cff69f77-ea12-413c-a988-d2a44a5ca406@group-6DE84E8794FA-FollowerState] INFO  impl.RoleInfo (RoleInfo.java:shutdownFollowerState(108)) - cff69f77-ea12-413c-a988-d2a44a5ca406: shutdown cff69f77-ea12-413c-a988-d2a44a5ca406@group-6DE84E8794FA-FollowerState
2021-09-05 01:39:09,446 [cff69f77-ea12-413c-a988-d2a44a5ca406@group-6DE84E8794FA-FollowerState] INFO  server.RaftServer$Division (RaftServerImpl.java:setRole(285)) - cff69f77-ea12-413c-a988-d2a44a5ca406@group-6DE84E8794FA: changes role from  FOLLOWER to CANDIDATE at term 0 for changeToCandidate
2021-09-05 01:39:09,446 [cff69f77-ea12-413c-a988-d2a44a5ca406@group-6DE84E8794FA-FollowerState] INFO  server.RaftServerConfigKeys (ConfUtils.java:logGet(44)) - raft.server.leaderelection.pre-vote = false (custom)
2021-09-05 01:39:09,446 [cff69f77-ea12-413c-a988-d2a44a5ca406@group-6DE84E8794FA-FollowerState] INFO  impl.RoleInfo (RoleInfo.java:updateAndGet(130)) - cff69f77-ea12-413c-a988-d2a44a5ca406: start cff69f77-ea12-413c-a988-d2a44a5ca406@group-6DE84E8794FA-LeaderElection93
2021-09-05 01:39:09,463 [grpc-default-executor-2] INFO  server.RaftServer$Division (RaftServerImpl.java:requestVote(1043)) - fdb9e53e-0679-45da-9a61-20e122f839df@group-6DE84E8794FA: receive requestVote(ELECTION, be41d154-e08a-4361-999c-a2746058d00f, group-6DE84E8794FA, 1, (t:0, i:0))
2021-09-05 01:39:09,463 [grpc-default-executor-2] INFO  impl.VoteContext (VoteContext.java:log(48)) - fdb9e53e-0679-45da-9a61-20e122f839df@group-6DE84E8794FA-FOLLOWER: accept ELECTION from be41d154-e08a-4361-999c-a2746058d00f: our priority 0 <= candidate's priority 0
2021-09-05 01:39:09,463 [grpc-default-executor-2] INFO  server.RaftServer$Division (RaftServerImpl.java:setRole(285)) - fdb9e53e-0679-45da-9a61-20e122f839df@group-6DE84E8794FA: changes role from  FOLLOWER to FOLLOWER at term 1 for candidate:be41d154-e08a-4361-999c-a2746058d00f
2021-09-05 01:39:09,463 [grpc-default-executor-2] INFO  impl.RoleInfo (RoleInfo.java:shutdownFollowerState(108)) - fdb9e53e-0679-45da-9a61-20e122f839df: shutdown fdb9e53e-0679-45da-9a61-20e122f839df@group-6DE84E8794FA-FollowerState
2021-09-05 01:39:09,463 [grpc-default-executor-2] INFO  impl.RoleInfo (RoleInfo.java:updateAndGet(130)) - fdb9e53e-0679-45da-9a61-20e122f839df: start fdb9e53e-0679-45da-9a61-20e122f839df@group-6DE84E8794FA-FollowerState
2021-09-05 01:39:09,463 [grpc-default-executor-4] INFO  server.RaftServer$Division (RaftServerImpl.java:requestVote(1043)) - cff69f77-ea12-413c-a988-d2a44a5ca406@group-6DE84E8794FA: receive requestVote(ELECTION, be41d154-e08a-4361-999c-a2746058d00f, group-6DE84E8794FA, 1, (t:0, i:0))
2021-09-05 01:39:09,486 [grpc-default-executor-4] INFO  impl.VoteContext (VoteContext.java:log(48)) - cff69f77-ea12-413c-a988-d2a44a5ca406@group-6DE84E8794FA-CANDIDATE: reject ELECTION from be41d154-e08a-4361-999c-a2746058d00f: our priority 1 > candidate's priority 0
2021-09-05 01:39:09,486 [grpc-default-executor-4] INFO  server.RaftServer$Division (RaftServerImpl.java:setRole(285)) - cff69f77-ea12-413c-a988-d2a44a5ca406@group-6DE84E8794FA: changes role from CANDIDATE to FOLLOWER at term 1 for candidate:be41d154-e08a-4361-999c-a2746058d00f
2021-09-05 01:39:09,486 [grpc-default-executor-2] INFO  server.RaftServer$Division (RaftServerImpl.java:requestVote(1075)) - fdb9e53e-0679-45da-9a61-20e122f839df@group-6DE84E8794FA replies to ELECTION vote request: be41d154-e08a-4361-999c-a2746058d00f<-fdb9e53e-0679-45da-9a61-20e122f839df#0:OK-t1. Peer's state: fdb9e53e-0679-45da-9a61-20e122f839df@group-6DE84E8794FA:t1, leader=null, voted=be41d154-e08a-4361-999c-a2746058d00f, raftlog=fdb9e53e-0679-45da-9a61-20e122f839df@group-6DE84E8794FA-SegmentedRaftLog:OPENED:c-1,f-1,i0, conf=-1: [fdb9e53e-0679-45da-9a61-20e122f839df|rpc:10.1.0.25:40867|priority:0, cff69f77-ea12-413c-a988-d2a44a5ca406|rpc:10.1.0.25:34387|priority:1, be41d154-e08a-4361-999c-a2746058d00f|rpc:10.1.0.25:33043|priority:0], old=null
2021-09-05 01:39:09,486 [grpc-default-executor-4] INFO  impl.RoleInfo (RoleInfo.java:shutdownLeaderElection(121)) - cff69f77-ea12-413c-a988-d2a44a5ca406: shutdown cff69f77-ea12-413c-a988-d2a44a5ca406@group-6DE84E8794FA-LeaderElection93
2021-09-05 01:39:09,489 [grpc-default-executor-4] INFO  impl.RoleInfo (RoleInfo.java:updateAndGet(130)) - cff69f77-ea12-413c-a988-d2a44a5ca406: start cff69f77-ea12-413c-a988-d2a44a5ca406@group-6DE84E8794FA-FollowerState
2021-09-05 01:39:09,493 [grpc-default-executor-4] INFO  server.RaftServer$Division (RaftServerImpl.java:requestVote(1075)) - cff69f77-ea12-413c-a988-d2a44a5ca406@group-6DE84E8794FA replies to ELECTION vote request: be41d154-e08a-4361-999c-a2746058d00f<-cff69f77-ea12-413c-a988-d2a44a5ca406#0:FAIL-t1. Peer's state: cff69f77-ea12-413c-a988-d2a44a5ca406@group-6DE84E8794FA:t1, leader=null, voted=null, raftlog=cff69f77-ea12-413c-a988-d2a44a5ca406@group-6DE84E8794FA-SegmentedRaftLog:OPENED:c-1,f-1,i0, conf=-1: [fdb9e53e-0679-45da-9a61-20e122f839df|rpc:10.1.0.25:40867|dataStream:|priority:0, cff69f77-ea12-413c-a988-d2a44a5ca406|rpc:10.1.0.25:34387|dataStream:|priority:1, be41d154-e08a-4361-999c-a2746058d00f|rpc:10.1.0.25:33043|dataStream:|priority:0], old=null
2021-09-05 01:39:09,505 [fdb9e53e-0679-45da-9a61-20e122f839df@group-6DE84E8794FA-FollowerState] INFO  impl.FollowerState (FollowerState.java:run(143)) - fdb9e53e-0679-45da-9a61-20e122f839df@group-6DE84E8794FA-FollowerState was interrupted: {}
java.lang.InterruptedException: sleep interrupted
	at java.lang.Thread.sleep(Native Method)
	at java.lang.Thread.sleep(Thread.java:340)
	at java.util.concurrent.TimeUnit.sleep(TimeUnit.java:386)
	at org.apache.ratis.util.TimeDuration.sleep(TimeDuration.java:324)
	at org.apache.ratis.util.TimeDuration.sleep(TimeDuration.java:309)
	at org.apache.ratis.server.impl.FollowerState.run(FollowerState.java:118)
2021-09-05 01:39:09,512 [Listener at 127.0.0.1/33945] INFO  rpc.RpcClient (RpcClient.java:createVolume(342)) - Creating Volume: testblockoutputstream, with runner as owner and space quota set to -1 bytes, counts quota set to -1
2021-09-05 01:39:09,519 [be41d154-e08a-4361-999c-a2746058d00f@group-6DE84E8794FA-LeaderElection92] INFO  impl.LeaderElection (LeaderElection.java:logAndReturn(89)) - be41d154-e08a-4361-999c-a2746058d00f@group-6DE84E8794FA-LeaderElection92: ELECTION REJECTED received 2 response(s) and 0 exception(s):
2021-09-05 01:39:09,519 [be41d154-e08a-4361-999c-a2746058d00f@group-6DE84E8794FA-LeaderElection92] INFO  impl.LeaderElection (LeaderElection.java:logAndReturn(93)) -   Response 0: be41d154-e08a-4361-999c-a2746058d00f<-fdb9e53e-0679-45da-9a61-20e122f839df#0:OK-t1
2021-09-05 01:39:09,519 [be41d154-e08a-4361-999c-a2746058d00f@group-6DE84E8794FA-LeaderElection92] INFO  impl.LeaderElection (LeaderElection.java:logAndReturn(93)) -   Response 1: be41d154-e08a-4361-999c-a2746058d00f<-cff69f77-ea12-413c-a988-d2a44a5ca406#0:FAIL-t1
2021-09-05 01:39:09,519 [be41d154-e08a-4361-999c-a2746058d00f@group-6DE84E8794FA-LeaderElection92] INFO  impl.LeaderElection (LeaderElection.java:askForVotes(308)) - be41d154-e08a-4361-999c-a2746058d00f@group-6DE84E8794FA-LeaderElection92 ELECTION round 0: result REJECTED
2021-09-05 01:39:09,519 [be41d154-e08a-4361-999c-a2746058d00f@group-6DE84E8794FA-LeaderElection92] INFO  server.RaftServer$Division (RaftServerImpl.java:setRole(285)) - be41d154-e08a-4361-999c-a2746058d00f@group-6DE84E8794FA: changes role from CANDIDATE to FOLLOWER at term 1 for REJECTED
2021-09-05 01:39:09,519 [be41d154-e08a-4361-999c-a2746058d00f@group-6DE84E8794FA-LeaderElection92] INFO  impl.RoleInfo (RoleInfo.java:shutdownLeaderElection(121)) - be41d154-e08a-4361-999c-a2746058d00f: shutdown be41d154-e08a-4361-999c-a2746058d00f@group-6DE84E8794FA-LeaderElection92
2021-09-05 01:39:09,519 [be41d154-e08a-4361-999c-a2746058d00f@group-6DE84E8794FA-LeaderElection92] INFO  impl.RoleInfo (RoleInfo.java:updateAndGet(130)) - be41d154-e08a-4361-999c-a2746058d00f: start be41d154-e08a-4361-999c-a2746058d00f@group-6DE84E8794FA-FollowerState
2021-09-05 01:39:09,561 [OM StateMachine ApplyTransaction Thread - 0] INFO  volume.OMVolumeCreateRequest (OMVolumeCreateRequest.java:validateAndUpdateCache(195)) - created volume:testblockoutputstream for user:runner
2021-09-05 01:39:09,672 [Listener at 127.0.0.1/33945] INFO  rpc.RpcClient (RpcClient.java:createBucket(502)) - Creating Bucket: testblockoutputstream/testblockoutputstream, with Versioning false and Storage Type set to DISK and Encryption set to false 
2021-09-05 01:39:09,711 [455161ce-78be-4281-bc2a-a50d1cad5e43@group-F63C28EB37D3-FollowerState] INFO  impl.FollowerState (FollowerState.java:run(134)) - 455161ce-78be-4281-bc2a-a50d1cad5e43@group-F63C28EB37D3-FollowerState: change to CANDIDATE, lastRpcElapsedTime:5140465847ns, electionTimeout:5136ms
2021-09-05 01:39:09,711 [455161ce-78be-4281-bc2a-a50d1cad5e43@group-F63C28EB37D3-FollowerState] INFO  impl.RoleInfo (RoleInfo.java:shutdownFollowerState(108)) - 455161ce-78be-4281-bc2a-a50d1cad5e43: shutdown 455161ce-78be-4281-bc2a-a50d1cad5e43@group-F63C28EB37D3-FollowerState
2021-09-05 01:39:09,711 [455161ce-78be-4281-bc2a-a50d1cad5e43@group-F63C28EB37D3-FollowerState] INFO  server.RaftServer$Division (RaftServerImpl.java:setRole(285)) - 455161ce-78be-4281-bc2a-a50d1cad5e43@group-F63C28EB37D3: changes role from  FOLLOWER to CANDIDATE at term 0 for changeToCandidate
2021-09-05 01:39:09,727 [455161ce-78be-4281-bc2a-a50d1cad5e43@group-F63C28EB37D3-FollowerState] INFO  server.RaftServerConfigKeys (ConfUtils.java:logGet(44)) - raft.server.leaderelection.pre-vote = false (custom)
2021-09-05 01:39:09,781 [455161ce-78be-4281-bc2a-a50d1cad5e43@group-F63C28EB37D3-FollowerState] INFO  impl.RoleInfo (RoleInfo.java:updateAndGet(130)) - 455161ce-78be-4281-bc2a-a50d1cad5e43: start 455161ce-78be-4281-bc2a-a50d1cad5e43@group-F63C28EB37D3-LeaderElection94
2021-09-05 01:39:09,829 [455161ce-78be-4281-bc2a-a50d1cad5e43@group-F63C28EB37D3-LeaderElection94] INFO  impl.LeaderElection (LeaderElection.java:askForVotes(306)) - 455161ce-78be-4281-bc2a-a50d1cad5e43@group-F63C28EB37D3-LeaderElection94 ELECTION round 0: submit vote requests at term 1 for -1: [455161ce-78be-4281-bc2a-a50d1cad5e43|rpc:10.1.0.25:40081|priority:1], old=null
2021-09-05 01:39:09,829 [455161ce-78be-4281-bc2a-a50d1cad5e43@group-F63C28EB37D3-LeaderElection94] INFO  impl.LeaderElection (LeaderElection.java:askForVotes(308)) - 455161ce-78be-4281-bc2a-a50d1cad5e43@group-F63C28EB37D3-LeaderElection94 ELECTION round 0: result PASSED (term=1)
2021-09-05 01:39:09,829 [455161ce-78be-4281-bc2a-a50d1cad5e43@group-F63C28EB37D3-LeaderElection94] INFO  impl.RoleInfo (RoleInfo.java:shutdownLeaderElection(121)) - 455161ce-78be-4281-bc2a-a50d1cad5e43: shutdown 455161ce-78be-4281-bc2a-a50d1cad5e43@group-F63C28EB37D3-LeaderElection94
2021-09-05 01:39:09,830 [455161ce-78be-4281-bc2a-a50d1cad5e43@group-F63C28EB37D3-LeaderElection94] INFO  server.RaftServer$Division (RaftServerImpl.java:setRole(285)) - 455161ce-78be-4281-bc2a-a50d1cad5e43@group-F63C28EB37D3: changes role from CANDIDATE to LEADER at term 1 for changeToLeader
2021-09-05 01:39:09,830 [455161ce-78be-4281-bc2a-a50d1cad5e43@group-F63C28EB37D3-LeaderElection94] INFO  ratis.XceiverServerRatis (XceiverServerRatis.java:handleLeaderChangedNotification(861)) - Leader change notification received for group: group-F63C28EB37D3 with new leaderId: 455161ce-78be-4281-bc2a-a50d1cad5e43
2021-09-05 01:39:09,830 [455161ce-78be-4281-bc2a-a50d1cad5e43@group-F63C28EB37D3-LeaderElection94] INFO  server.RaftServer$Division (ServerState.java:setLeader(285)) - 455161ce-78be-4281-bc2a-a50d1cad5e43@group-F63C28EB37D3: change Leader from null to 455161ce-78be-4281-bc2a-a50d1cad5e43 at term 1 for becomeLeader, leader elected after 5316ms
2021-09-05 01:39:09,830 [455161ce-78be-4281-bc2a-a50d1cad5e43@group-F63C28EB37D3-LeaderElection94] INFO  server.RaftServerConfigKeys (ConfUtils.java:logGet(44)) - raft.server.staging.catchup.gap = 1000 (default)
2021-09-05 01:39:09,830 [455161ce-78be-4281-bc2a-a50d1cad5e43@group-F63C28EB37D3-LeaderElection94] INFO  server.RaftServerConfigKeys (ConfUtils.java:logGet(44)) - raft.server.write.element-limit = 1024 (custom)
2021-09-05 01:39:09,830 [455161ce-78be-4281-bc2a-a50d1cad5e43@group-F63C28EB37D3-LeaderElection94] INFO  server.RaftServerConfigKeys (ConfUtils.java:logGet(44)) - raft.server.write.byte-limit = 1024 M (=1073741824) (custom)
2021-09-05 01:39:09,830 [455161ce-78be-4281-bc2a-a50d1cad5e43@group-F63C28EB37D3-LeaderElection94] INFO  server.RaftServerConfigKeys (ConfUtils.java:logGet(44)) - raft.server.watch.timeout = 3000ms (custom)
2021-09-05 01:39:09,830 [455161ce-78be-4281-bc2a-a50d1cad5e43@group-F63C28EB37D3-LeaderElection94] INFO  server.RaftServerConfigKeys (ConfUtils.java:logGet(44)) - raft.server.watch.timeout.denomination = 1s (default)
2021-09-05 01:39:09,830 [455161ce-78be-4281-bc2a-a50d1cad5e43@group-F63C28EB37D3-LeaderElection94] INFO  server.RaftServerConfigKeys (ConfUtils.java:logGet(44)) - raft.server.watch.element-limit = 65536 (default)
2021-09-05 01:39:09,831 [455161ce-78be-4281-bc2a-a50d1cad5e43@group-F63C28EB37D3-LeaderElection94] INFO  impl.RoleInfo (RoleInfo.java:updateAndGet(130)) - 455161ce-78be-4281-bc2a-a50d1cad5e43: start 455161ce-78be-4281-bc2a-a50d1cad5e43@group-F63C28EB37D3-LeaderStateImpl
2021-09-05 01:39:09,831 [455161ce-78be-4281-bc2a-a50d1cad5e43@group-F63C28EB37D3-LeaderElection94] INFO  segmented.SegmentedRaftLogWorker (SegmentedRaftLogWorker.java:startLogSegment(394)) - 455161ce-78be-4281-bc2a-a50d1cad5e43@group-F63C28EB37D3-SegmentedRaftLogWorker: Starting segment from index:0
2021-09-05 01:39:09,831 [Datanode State Machine Thread - 0] WARN  statemachine.StateContext (StateContext.java:execute(621)) - No available thread in pool for past 1 seconds.
2021-09-05 01:39:09,837 [455161ce-78be-4281-bc2a-a50d1cad5e43@group-F63C28EB37D3-LeaderElection94] INFO  server.RaftServer$Division (ServerState.java:setRaftConf(387)) - 455161ce-78be-4281-bc2a-a50d1cad5e43@group-F63C28EB37D3: set configuration 0: [455161ce-78be-4281-bc2a-a50d1cad5e43|rpc:10.1.0.25:40081|dataStream:|priority:1], old=null
2021-09-05 01:39:09,864 [455161ce-78be-4281-bc2a-a50d1cad5e43@group-F63C28EB37D3-SegmentedRaftLogWorker] INFO  segmented.SegmentedRaftLogWorker (SegmentedRaftLogWorker.java:execute(601)) - 455161ce-78be-4281-bc2a-a50d1cad5e43@group-F63C28EB37D3-SegmentedRaftLogWorker: created new log segment /home/runner/work/ozone/ozone/hadoop-ozone/integration-test/target/test-dir/MiniOzoneClusterImpl-37340386-36af-4fa8-9723-b8f583b28ff6/datanode-3/data/ratis/8d319538-a20b-4e4b-87a7-f63c28eb37d3/current/log_inprogress_0
2021-09-05 01:39:09,933 [455161ce-78be-4281-bc2a-a50d1cad5e43@group-9820ECCA99ED-FollowerState] INFO  impl.FollowerState (FollowerState.java:run(134)) - 455161ce-78be-4281-bc2a-a50d1cad5e43@group-9820ECCA99ED-FollowerState: change to CANDIDATE, lastRpcElapsedTime:5150622997ns, electionTimeout:5136ms
2021-09-05 01:39:09,934 [455161ce-78be-4281-bc2a-a50d1cad5e43@group-9820ECCA99ED-FollowerState] INFO  impl.RoleInfo (RoleInfo.java:shutdownFollowerState(108)) - 455161ce-78be-4281-bc2a-a50d1cad5e43: shutdown 455161ce-78be-4281-bc2a-a50d1cad5e43@group-9820ECCA99ED-FollowerState
2021-09-05 01:39:09,934 [455161ce-78be-4281-bc2a-a50d1cad5e43@group-9820ECCA99ED-FollowerState] INFO  server.RaftServer$Division (RaftServerImpl.java:setRole(285)) - 455161ce-78be-4281-bc2a-a50d1cad5e43@group-9820ECCA99ED: changes role from  FOLLOWER to CANDIDATE at term 0 for changeToCandidate
2021-09-05 01:39:09,934 [455161ce-78be-4281-bc2a-a50d1cad5e43@group-9820ECCA99ED-FollowerState] INFO  server.RaftServerConfigKeys (ConfUtils.java:logGet(44)) - raft.server.leaderelection.pre-vote = false (custom)
2021-09-05 01:39:09,934 [455161ce-78be-4281-bc2a-a50d1cad5e43@group-9820ECCA99ED-FollowerState] INFO  impl.RoleInfo (RoleInfo.java:updateAndGet(130)) - 455161ce-78be-4281-bc2a-a50d1cad5e43: start 455161ce-78be-4281-bc2a-a50d1cad5e43@group-9820ECCA99ED-LeaderElection95
2021-09-05 01:39:09,963 [IPC Server handler 1 on default port 35773] INFO  ha.SequenceIdGenerator (SequenceIdGenerator.java:getNextId(127)) - Allocate a batch for containerId, change lastId from 0 to 1000.
2021-09-05 01:39:09,963 [455161ce-78be-4281-bc2a-a50d1cad5e43@group-9820ECCA99ED-LeaderElection95] INFO  impl.LeaderElection (LeaderElection.java:askForVotes(306)) - 455161ce-78be-4281-bc2a-a50d1cad5e43@group-9820ECCA99ED-LeaderElection95 ELECTION round 0: submit vote requests at term 1 for -1: [455161ce-78be-4281-bc2a-a50d1cad5e43|rpc:10.1.0.25:40081|priority:0, a394a97c-7848-4311-a24c-186851f6b492|rpc:10.1.0.25:38701|priority:1, aa0f76fc-0af9-4fba-891f-e6382fa98fe4|rpc:10.1.0.25:36313|priority:0], old=null
2021-09-05 01:39:09,964 [IPC Server handler 1 on default port 35773] WARN  ha.SequenceIdGenerator (SequenceIdGenerator.java:allocateBatch(234)) - Failed to allocate a batch for localId, expected lastId is 0, actual lastId is 107544261427200000.
2021-09-05 01:39:09,964 [IPC Server handler 1 on default port 35773] INFO  ha.SequenceIdGenerator (SequenceIdGenerator.java:getNextId(127)) - Allocate a batch for localId, change lastId from 107544261427200000 to 107544261427201000.
2021-09-05 01:39:10,048 [a394a97c-7848-4311-a24c-186851f6b492@group-9820ECCA99ED-FollowerState] INFO  impl.FollowerState (FollowerState.java:run(134)) - a394a97c-7848-4311-a24c-186851f6b492@group-9820ECCA99ED-FollowerState: change to CANDIDATE, lastRpcElapsedTime:5117494093ns, electionTimeout:5101ms
2021-09-05 01:39:10,048 [a394a97c-7848-4311-a24c-186851f6b492@group-9820ECCA99ED-FollowerState] INFO  impl.RoleInfo (RoleInfo.java:shutdownFollowerState(108)) - a394a97c-7848-4311-a24c-186851f6b492: shutdown a394a97c-7848-4311-a24c-186851f6b492@group-9820ECCA99ED-FollowerState
2021-09-05 01:39:10,048 [a394a97c-7848-4311-a24c-186851f6b492@group-9820ECCA99ED-FollowerState] INFO  server.RaftServer$Division (RaftServerImpl.java:setRole(285)) - a394a97c-7848-4311-a24c-186851f6b492@group-9820ECCA99ED: changes role from  FOLLOWER to CANDIDATE at term 0 for changeToCandidate
2021-09-05 01:39:10,057 [a394a97c-7848-4311-a24c-186851f6b492@group-9820ECCA99ED-FollowerState] INFO  server.RaftServerConfigKeys (ConfUtils.java:logGet(44)) - raft.server.leaderelection.pre-vote = false (custom)
2021-09-05 01:39:10,057 [a394a97c-7848-4311-a24c-186851f6b492@group-9820ECCA99ED-FollowerState] INFO  impl.RoleInfo (RoleInfo.java:updateAndGet(130)) - a394a97c-7848-4311-a24c-186851f6b492: start a394a97c-7848-4311-a24c-186851f6b492@group-9820ECCA99ED-LeaderElection96
2021-09-05 01:39:10,093 [a394a97c-7848-4311-a24c-186851f6b492@group-9820ECCA99ED-LeaderElection96] INFO  impl.LeaderElection (LeaderElection.java:askForVotes(306)) - a394a97c-7848-4311-a24c-186851f6b492@group-9820ECCA99ED-LeaderElection96 ELECTION round 0: submit vote requests at term 1 for -1: [455161ce-78be-4281-bc2a-a50d1cad5e43|rpc:10.1.0.25:40081|dataStream:|priority:0, a394a97c-7848-4311-a24c-186851f6b492|rpc:10.1.0.25:38701|dataStream:|priority:1, aa0f76fc-0af9-4fba-891f-e6382fa98fe4|rpc:10.1.0.25:36313|dataStream:|priority:0], old=null
2021-09-05 01:39:10,116 [grpc-default-executor-2] INFO  server.RaftServer$Division (RaftServerImpl.java:requestVote(1043)) - a394a97c-7848-4311-a24c-186851f6b492@group-9820ECCA99ED: receive requestVote(ELECTION, 455161ce-78be-4281-bc2a-a50d1cad5e43, group-9820ECCA99ED, 1, (t:0, i:0))
2021-09-05 01:39:10,116 [grpc-default-executor-2] INFO  impl.VoteContext (VoteContext.java:log(48)) - a394a97c-7848-4311-a24c-186851f6b492@group-9820ECCA99ED-CANDIDATE: reject ELECTION from 455161ce-78be-4281-bc2a-a50d1cad5e43: already has voted for a394a97c-7848-4311-a24c-186851f6b492 at current term 1
2021-09-05 01:39:10,116 [grpc-default-executor-2] INFO  server.RaftServer$Division (RaftServerImpl.java:requestVote(1075)) - a394a97c-7848-4311-a24c-186851f6b492@group-9820ECCA99ED replies to ELECTION vote request: 455161ce-78be-4281-bc2a-a50d1cad5e43<-a394a97c-7848-4311-a24c-186851f6b492#0:FAIL-t1. Peer's state: a394a97c-7848-4311-a24c-186851f6b492@group-9820ECCA99ED:t1, leader=null, voted=a394a97c-7848-4311-a24c-186851f6b492, raftlog=a394a97c-7848-4311-a24c-186851f6b492@group-9820ECCA99ED-SegmentedRaftLog:OPENED:c-1,f-1,i0, conf=-1: [455161ce-78be-4281-bc2a-a50d1cad5e43|rpc:10.1.0.25:40081|dataStream:|priority:0, a394a97c-7848-4311-a24c-186851f6b492|rpc:10.1.0.25:38701|dataStream:|priority:1, aa0f76fc-0af9-4fba-891f-e6382fa98fe4|rpc:10.1.0.25:36313|dataStream:|priority:0], old=null
2021-09-05 01:39:10,118 [grpc-default-executor-3] INFO  server.RaftServer$Division (RaftServerImpl.java:requestVote(1043)) - aa0f76fc-0af9-4fba-891f-e6382fa98fe4@group-9820ECCA99ED: receive requestVote(ELECTION, 455161ce-78be-4281-bc2a-a50d1cad5e43, group-9820ECCA99ED, 1, (t:0, i:0))
2021-09-05 01:39:10,118 [grpc-default-executor-3] INFO  impl.VoteContext (VoteContext.java:log(48)) - aa0f76fc-0af9-4fba-891f-e6382fa98fe4@group-9820ECCA99ED-FOLLOWER: accept ELECTION from 455161ce-78be-4281-bc2a-a50d1cad5e43: our priority 0 <= candidate's priority 0
2021-09-05 01:39:10,118 [grpc-default-executor-3] INFO  server.RaftServer$Division (RaftServerImpl.java:setRole(285)) - aa0f76fc-0af9-4fba-891f-e6382fa98fe4@group-9820ECCA99ED: changes role from  FOLLOWER to FOLLOWER at term 1 for candidate:455161ce-78be-4281-bc2a-a50d1cad5e43
2021-09-05 01:39:10,118 [grpc-default-executor-3] INFO  impl.RoleInfo (RoleInfo.java:shutdownFollowerState(108)) - aa0f76fc-0af9-4fba-891f-e6382fa98fe4: shutdown aa0f76fc-0af9-4fba-891f-e6382fa98fe4@group-9820ECCA99ED-FollowerState
2021-09-05 01:39:10,118 [grpc-default-executor-3] INFO  impl.RoleInfo (RoleInfo.java:updateAndGet(130)) - aa0f76fc-0af9-4fba-891f-e6382fa98fe4: start aa0f76fc-0af9-4fba-891f-e6382fa98fe4@group-9820ECCA99ED-FollowerState
2021-09-05 01:39:10,118 [aa0f76fc-0af9-4fba-891f-e6382fa98fe4@group-9820ECCA99ED-FollowerState] INFO  impl.FollowerState (FollowerState.java:run(143)) - aa0f76fc-0af9-4fba-891f-e6382fa98fe4@group-9820ECCA99ED-FollowerState was interrupted: {}
java.lang.InterruptedException: sleep interrupted
	at java.lang.Thread.sleep(Native Method)
	at java.lang.Thread.sleep(Thread.java:340)
	at java.util.concurrent.TimeUnit.sleep(TimeUnit.java:386)
	at org.apache.ratis.util.TimeDuration.sleep(TimeDuration.java:324)
	at org.apache.ratis.util.TimeDuration.sleep(TimeDuration.java:309)
	at org.apache.ratis.server.impl.FollowerState.run(FollowerState.java:118)
2021-09-05 01:39:10,122 [grpc-default-executor-3] INFO  server.RaftServer$Division (RaftServerImpl.java:requestVote(1075)) - aa0f76fc-0af9-4fba-891f-e6382fa98fe4@group-9820ECCA99ED replies to ELECTION vote request: 455161ce-78be-4281-bc2a-a50d1cad5e43<-aa0f76fc-0af9-4fba-891f-e6382fa98fe4#0:OK-t1. Peer's state: aa0f76fc-0af9-4fba-891f-e6382fa98fe4@group-9820ECCA99ED:t1, leader=null, voted=455161ce-78be-4281-bc2a-a50d1cad5e43, raftlog=aa0f76fc-0af9-4fba-891f-e6382fa98fe4@group-9820ECCA99ED-SegmentedRaftLog:OPENED:c-1,f-1,i0, conf=-1: [455161ce-78be-4281-bc2a-a50d1cad5e43|rpc:10.1.0.25:40081|dataStream:|priority:0, a394a97c-7848-4311-a24c-186851f6b492|rpc:10.1.0.25:38701|dataStream:|priority:1, aa0f76fc-0af9-4fba-891f-e6382fa98fe4|rpc:10.1.0.25:36313|dataStream:|priority:0], old=null
2021-09-05 01:39:10,139 [455161ce-78be-4281-bc2a-a50d1cad5e43@group-9820ECCA99ED-LeaderElection95] INFO  impl.LeaderElection (LeaderElection.java:logAndReturn(89)) - 455161ce-78be-4281-bc2a-a50d1cad5e43@group-9820ECCA99ED-LeaderElection95: ELECTION REJECTED received 1 response(s) and 0 exception(s):
2021-09-05 01:39:10,139 [455161ce-78be-4281-bc2a-a50d1cad5e43@group-9820ECCA99ED-LeaderElection95] INFO  impl.LeaderElection (LeaderElection.java:logAndReturn(93)) -   Response 0: 455161ce-78be-4281-bc2a-a50d1cad5e43<-a394a97c-7848-4311-a24c-186851f6b492#0:FAIL-t1
2021-09-05 01:39:10,139 [455161ce-78be-4281-bc2a-a50d1cad5e43@group-9820ECCA99ED-LeaderElection95] INFO  impl.LeaderElection (LeaderElection.java:askForVotes(308)) - 455161ce-78be-4281-bc2a-a50d1cad5e43@group-9820ECCA99ED-LeaderElection95 ELECTION round 0: result REJECTED
2021-09-05 01:39:10,139 [455161ce-78be-4281-bc2a-a50d1cad5e43@group-9820ECCA99ED-LeaderElection95] INFO  server.RaftServer$Division (RaftServerImpl.java:setRole(285)) - 455161ce-78be-4281-bc2a-a50d1cad5e43@group-9820ECCA99ED: changes role from CANDIDATE to FOLLOWER at term 1 for REJECTED
2021-09-05 01:39:10,139 [455161ce-78be-4281-bc2a-a50d1cad5e43@group-9820ECCA99ED-LeaderElection95] INFO  impl.RoleInfo (RoleInfo.java:shutdownLeaderElection(121)) - 455161ce-78be-4281-bc2a-a50d1cad5e43: shutdown 455161ce-78be-4281-bc2a-a50d1cad5e43@group-9820ECCA99ED-LeaderElection95
2021-09-05 01:39:10,139 [455161ce-78be-4281-bc2a-a50d1cad5e43@group-9820ECCA99ED-LeaderElection95] INFO  impl.RoleInfo (RoleInfo.java:updateAndGet(130)) - 455161ce-78be-4281-bc2a-a50d1cad5e43: start 455161ce-78be-4281-bc2a-a50d1cad5e43@group-9820ECCA99ED-FollowerState
2021-09-05 01:39:10,141 [grpc-default-executor-3] INFO  server.RaftServer$Division (RaftServerImpl.java:requestVote(1043)) - 455161ce-78be-4281-bc2a-a50d1cad5e43@group-9820ECCA99ED: receive requestVote(ELECTION, a394a97c-7848-4311-a24c-186851f6b492, group-9820ECCA99ED, 1, (t:0, i:0))
2021-09-05 01:39:10,144 [grpc-default-executor-3] INFO  impl.VoteContext (VoteContext.java:log(48)) - 455161ce-78be-4281-bc2a-a50d1cad5e43@group-9820ECCA99ED-FOLLOWER: reject ELECTION from a394a97c-7848-4311-a24c-186851f6b492: already has voted for 455161ce-78be-4281-bc2a-a50d1cad5e43 at current term 1
2021-09-05 01:39:10,144 [grpc-default-executor-3] INFO  server.RaftServer$Division (RaftServerImpl.java:requestVote(1075)) - 455161ce-78be-4281-bc2a-a50d1cad5e43@group-9820ECCA99ED replies to ELECTION vote request: a394a97c-7848-4311-a24c-186851f6b492<-455161ce-78be-4281-bc2a-a50d1cad5e43#0:FAIL-t1. Peer's state: 455161ce-78be-4281-bc2a-a50d1cad5e43@group-9820ECCA99ED:t1, leader=null, voted=455161ce-78be-4281-bc2a-a50d1cad5e43, raftlog=455161ce-78be-4281-bc2a-a50d1cad5e43@group-9820ECCA99ED-SegmentedRaftLog:OPENED:c-1,f-1,i0, conf=-1: [455161ce-78be-4281-bc2a-a50d1cad5e43|rpc:10.1.0.25:40081|priority:0, a394a97c-7848-4311-a24c-186851f6b492|rpc:10.1.0.25:38701|priority:1, aa0f76fc-0af9-4fba-891f-e6382fa98fe4|rpc:10.1.0.25:36313|priority:0], old=null
2021-09-05 01:39:10,194 [grpc-default-executor-3] INFO  server.RaftServer$Division (RaftServerImpl.java:requestVote(1043)) - aa0f76fc-0af9-4fba-891f-e6382fa98fe4@group-9820ECCA99ED: receive requestVote(ELECTION, a394a97c-7848-4311-a24c-186851f6b492, group-9820ECCA99ED, 1, (t:0, i:0))
2021-09-05 01:39:10,194 [grpc-default-executor-3] INFO  impl.VoteContext (VoteContext.java:log(48)) - aa0f76fc-0af9-4fba-891f-e6382fa98fe4@group-9820ECCA99ED-FOLLOWER: reject ELECTION from a394a97c-7848-4311-a24c-186851f6b492: already has voted for 455161ce-78be-4281-bc2a-a50d1cad5e43 at current term 1
2021-09-05 01:39:10,194 [grpc-default-executor-3] INFO  server.RaftServer$Division (RaftServerImpl.java:requestVote(1075)) - aa0f76fc-0af9-4fba-891f-e6382fa98fe4@group-9820ECCA99ED replies to ELECTION vote request: a394a97c-7848-4311-a24c-186851f6b492<-aa0f76fc-0af9-4fba-891f-e6382fa98fe4#0:FAIL-t1. Peer's state: aa0f76fc-0af9-4fba-891f-e6382fa98fe4@group-9820ECCA99ED:t1, leader=null, voted=455161ce-78be-4281-bc2a-a50d1cad5e43, raftlog=aa0f76fc-0af9-4fba-891f-e6382fa98fe4@group-9820ECCA99ED-SegmentedRaftLog:OPENED:c-1,f-1,i0, conf=-1: [455161ce-78be-4281-bc2a-a50d1cad5e43|rpc:10.1.0.25:40081|dataStream:|priority:0, a394a97c-7848-4311-a24c-186851f6b492|rpc:10.1.0.25:38701|dataStream:|priority:1, aa0f76fc-0af9-4fba-891f-e6382fa98fe4|rpc:10.1.0.25:36313|dataStream:|priority:0], old=null
2021-09-05 01:39:10,205 [a394a97c-7848-4311-a24c-186851f6b492@group-9820ECCA99ED-LeaderElection96] INFO  impl.LeaderElection (LeaderElection.java:logAndReturn(89)) - a394a97c-7848-4311-a24c-186851f6b492@group-9820ECCA99ED-LeaderElection96: ELECTION REJECTED received 2 response(s) and 0 exception(s):
2021-09-05 01:39:10,205 [a394a97c-7848-4311-a24c-186851f6b492@group-9820ECCA99ED-LeaderElection96] INFO  impl.LeaderElection (LeaderElection.java:logAndReturn(93)) -   Response 0: a394a97c-7848-4311-a24c-186851f6b492<-455161ce-78be-4281-bc2a-a50d1cad5e43#0:FAIL-t1
2021-09-05 01:39:10,205 [a394a97c-7848-4311-a24c-186851f6b492@group-9820ECCA99ED-LeaderElection96] INFO  impl.LeaderElection (LeaderElection.java:logAndReturn(93)) -   Response 1: a394a97c-7848-4311-a24c-186851f6b492<-aa0f76fc-0af9-4fba-891f-e6382fa98fe4#0:FAIL-t1
2021-09-05 01:39:10,205 [a394a97c-7848-4311-a24c-186851f6b492@group-9820ECCA99ED-LeaderElection96] INFO  impl.LeaderElection (LeaderElection.java:askForVotes(308)) - a394a97c-7848-4311-a24c-186851f6b492@group-9820ECCA99ED-LeaderElection96 ELECTION round 0: result REJECTED
2021-09-05 01:39:10,205 [a394a97c-7848-4311-a24c-186851f6b492@group-9820ECCA99ED-LeaderElection96] INFO  server.RaftServer$Division (RaftServerImpl.java:setRole(285)) - a394a97c-7848-4311-a24c-186851f6b492@group-9820ECCA99ED: changes role from CANDIDATE to FOLLOWER at term 1 for REJECTED
2021-09-05 01:39:10,205 [a394a97c-7848-4311-a24c-186851f6b492@group-9820ECCA99ED-LeaderElection96] INFO  impl.RoleInfo (RoleInfo.java:shutdownLeaderElection(121)) - a394a97c-7848-4311-a24c-186851f6b492: shutdown a394a97c-7848-4311-a24c-186851f6b492@group-9820ECCA99ED-LeaderElection96
2021-09-05 01:39:10,205 [a394a97c-7848-4311-a24c-186851f6b492@group-9820ECCA99ED-LeaderElection96] INFO  impl.RoleInfo (RoleInfo.java:updateAndGet(130)) - a394a97c-7848-4311-a24c-186851f6b492: start a394a97c-7848-4311-a24c-186851f6b492@group-9820ECCA99ED-FollowerState
2021-09-05 01:39:10,316 [Datanode State Machine Thread - 0] WARN  statemachine.StateContext (StateContext.java:execute(621)) - No available thread in pool for past 1 seconds.
2021-09-05 01:39:10,371 [a394a97c-7848-4311-a24c-186851f6b492@group-71F1F32B1A5F-FollowerState] INFO  impl.FollowerState (FollowerState.java:run(134)) - a394a97c-7848-4311-a24c-186851f6b492@group-71F1F32B1A5F-FollowerState: change to CANDIDATE, lastRpcElapsedTime:5158848814ns, electionTimeout:5154ms
2021-09-05 01:39:10,371 [a394a97c-7848-4311-a24c-186851f6b492@group-71F1F32B1A5F-FollowerState] INFO  impl.RoleInfo (RoleInfo.java:shutdownFollowerState(108)) - a394a97c-7848-4311-a24c-186851f6b492: shutdown a394a97c-7848-4311-a24c-186851f6b492@group-71F1F32B1A5F-FollowerState
2021-09-05 01:39:10,371 [a394a97c-7848-4311-a24c-186851f6b492@group-71F1F32B1A5F-FollowerState] INFO  server.RaftServer$Division (RaftServerImpl.java:setRole(285)) - a394a97c-7848-4311-a24c-186851f6b492@group-71F1F32B1A5F: changes role from  FOLLOWER to CANDIDATE at term 0 for changeToCandidate
2021-09-05 01:39:10,405 [a394a97c-7848-4311-a24c-186851f6b492@group-71F1F32B1A5F-FollowerState] INFO  server.RaftServerConfigKeys (ConfUtils.java:logGet(44)) - raft.server.leaderelection.pre-vote = false (custom)
2021-09-05 01:39:10,405 [a394a97c-7848-4311-a24c-186851f6b492@group-71F1F32B1A5F-FollowerState] INFO  impl.RoleInfo (RoleInfo.java:updateAndGet(130)) - a394a97c-7848-4311-a24c-186851f6b492: start a394a97c-7848-4311-a24c-186851f6b492@group-71F1F32B1A5F-LeaderElection97
2021-09-05 01:39:10,442 [a394a97c-7848-4311-a24c-186851f6b492@group-71F1F32B1A5F-LeaderElection97] INFO  impl.LeaderElection (LeaderElection.java:askForVotes(306)) - a394a97c-7848-4311-a24c-186851f6b492@group-71F1F32B1A5F-LeaderElection97 ELECTION round 0: submit vote requests at term 1 for -1: [a394a97c-7848-4311-a24c-186851f6b492|rpc:10.1.0.25:38701|priority:1], old=null
2021-09-05 01:39:10,442 [a394a97c-7848-4311-a24c-186851f6b492@group-71F1F32B1A5F-LeaderElection97] INFO  impl.LeaderElection (LeaderElection.java:askForVotes(308)) - a394a97c-7848-4311-a24c-186851f6b492@group-71F1F32B1A5F-LeaderElection97 ELECTION round 0: result PASSED (term=1)
2021-09-05 01:39:10,442 [a394a97c-7848-4311-a24c-186851f6b492@group-71F1F32B1A5F-LeaderElection97] INFO  impl.RoleInfo (RoleInfo.java:shutdownLeaderElection(121)) - a394a97c-7848-4311-a24c-186851f6b492: shutdown a394a97c-7848-4311-a24c-186851f6b492@group-71F1F32B1A5F-LeaderElection97
2021-09-05 01:39:10,442 [a394a97c-7848-4311-a24c-186851f6b492@group-71F1F32B1A5F-LeaderElection97] INFO  server.RaftServer$Division (RaftServerImpl.java:setRole(285)) - a394a97c-7848-4311-a24c-186851f6b492@group-71F1F32B1A5F: changes role from CANDIDATE to LEADER at term 1 for changeToLeader
2021-09-05 01:39:10,442 [a394a97c-7848-4311-a24c-186851f6b492@group-71F1F32B1A5F-LeaderElection97] INFO  ratis.XceiverServerRatis (XceiverServerRatis.java:handleLeaderChangedNotification(861)) - Leader change notification received for group: group-71F1F32B1A5F with new leaderId: a394a97c-7848-4311-a24c-186851f6b492
2021-09-05 01:39:10,460 [455161ce-78be-4281-bc2a-a50d1cad5e43@group-1C1C96E5B142-FollowerState] INFO  impl.FollowerState (FollowerState.java:run(134)) - 455161ce-78be-4281-bc2a-a50d1cad5e43@group-1C1C96E5B142-FollowerState: change to CANDIDATE, lastRpcElapsedTime:5183944192ns, electionTimeout:5178ms
2021-09-05 01:39:10,460 [455161ce-78be-4281-bc2a-a50d1cad5e43@group-1C1C96E5B142-FollowerState] INFO  impl.RoleInfo (RoleInfo.java:shutdownFollowerState(108)) - 455161ce-78be-4281-bc2a-a50d1cad5e43: shutdown 455161ce-78be-4281-bc2a-a50d1cad5e43@group-1C1C96E5B142-FollowerState
2021-09-05 01:39:10,460 [455161ce-78be-4281-bc2a-a50d1cad5e43@group-1C1C96E5B142-FollowerState] INFO  server.RaftServer$Division (RaftServerImpl.java:setRole(285)) - 455161ce-78be-4281-bc2a-a50d1cad5e43@group-1C1C96E5B142: changes role from  FOLLOWER to CANDIDATE at term 0 for changeToCandidate
2021-09-05 01:39:10,460 [455161ce-78be-4281-bc2a-a50d1cad5e43@group-1C1C96E5B142-FollowerState] INFO  server.RaftServerConfigKeys (ConfUtils.java:logGet(44)) - raft.server.leaderelection.pre-vote = false (custom)
2021-09-05 01:39:10,460 [455161ce-78be-4281-bc2a-a50d1cad5e43@group-1C1C96E5B142-FollowerState] INFO  impl.RoleInfo (RoleInfo.java:updateAndGet(130)) - 455161ce-78be-4281-bc2a-a50d1cad5e43: start 455161ce-78be-4281-bc2a-a50d1cad5e43@group-1C1C96E5B142-LeaderElection98
2021-09-05 01:39:10,485 [a394a97c-7848-4311-a24c-186851f6b492@group-71F1F32B1A5F-LeaderElection97] INFO  server.RaftServer$Division (ServerState.java:setLeader(285)) - a394a97c-7848-4311-a24c-186851f6b492@group-71F1F32B1A5F: change Leader from null to a394a97c-7848-4311-a24c-186851f6b492 at term 1 for becomeLeader, leader elected after 5246ms
2021-09-05 01:39:10,486 [a394a97c-7848-4311-a24c-186851f6b492@group-71F1F32B1A5F-LeaderElection97] INFO  server.RaftServerConfigKeys (ConfUtils.java:logGet(44)) - raft.server.staging.catchup.gap = 1000 (default)
2021-09-05 01:39:10,486 [a394a97c-7848-4311-a24c-186851f6b492@group-71F1F32B1A5F-LeaderElection97] INFO  server.RaftServerConfigKeys (ConfUtils.java:logGet(44)) - raft.server.write.element-limit = 1024 (custom)
2021-09-05 01:39:10,486 [a394a97c-7848-4311-a24c-186851f6b492@group-71F1F32B1A5F-LeaderElection97] INFO  server.RaftServerConfigKeys (ConfUtils.java:logGet(44)) - raft.server.write.byte-limit = 1024 M (=1073741824) (custom)
2021-09-05 01:39:10,486 [a394a97c-7848-4311-a24c-186851f6b492@group-71F1F32B1A5F-LeaderElection97] INFO  server.RaftServerConfigKeys (ConfUtils.java:logGet(44)) - raft.server.watch.timeout = 3000ms (custom)
2021-09-05 01:39:10,486 [a394a97c-7848-4311-a24c-186851f6b492@group-71F1F32B1A5F-LeaderElection97] INFO  server.RaftServerConfigKeys (ConfUtils.java:logGet(44)) - raft.server.watch.timeout.denomination = 1s (default)
2021-09-05 01:39:10,486 [a394a97c-7848-4311-a24c-186851f6b492@group-71F1F32B1A5F-LeaderElection97] INFO  server.RaftServerConfigKeys (ConfUtils.java:logGet(44)) - raft.server.watch.element-limit = 65536 (default)
2021-09-05 01:39:10,486 [a394a97c-7848-4311-a24c-186851f6b492@group-71F1F32B1A5F-LeaderElection97] INFO  impl.RoleInfo (RoleInfo.java:updateAndGet(130)) - a394a97c-7848-4311-a24c-186851f6b492: start a394a97c-7848-4311-a24c-186851f6b492@group-71F1F32B1A5F-LeaderStateImpl
2021-09-05 01:39:10,487 [a394a97c-7848-4311-a24c-186851f6b492@group-71F1F32B1A5F-LeaderElection97] INFO  segmented.SegmentedRaftLogWorker (SegmentedRaftLogWorker.java:startLogSegment(394)) - a394a97c-7848-4311-a24c-186851f6b492@group-71F1F32B1A5F-SegmentedRaftLogWorker: Starting segment from index:0
2021-09-05 01:39:10,493 [a394a97c-7848-4311-a24c-186851f6b492@group-71F1F32B1A5F-LeaderElection97] INFO  server.RaftServer$Division (ServerState.java:setRaftConf(387)) - a394a97c-7848-4311-a24c-186851f6b492@group-71F1F32B1A5F: set configuration 0: [a394a97c-7848-4311-a24c-186851f6b492|rpc:10.1.0.25:38701|dataStream:|priority:1], old=null
2021-09-05 01:39:10,494 [Datanode State Machine Thread - 0] WARN  statemachine.StateContext (StateContext.java:execute(621)) - No available thread in pool for past 1 seconds.
2021-09-05 01:39:10,496 [455161ce-78be-4281-bc2a-a50d1cad5e43@group-1C1C96E5B142-LeaderElection98] INFO  impl.LeaderElection (LeaderElection.java:askForVotes(306)) - 455161ce-78be-4281-bc2a-a50d1cad5e43@group-1C1C96E5B142-LeaderElection98 ELECTION round 0: submit vote requests at term 1 for -1: [455161ce-78be-4281-bc2a-a50d1cad5e43|rpc:10.1.0.25:40081|priority:1, a394a97c-7848-4311-a24c-186851f6b492|rpc:10.1.0.25:38701|priority:0, aa0f76fc-0af9-4fba-891f-e6382fa98fe4|rpc:10.1.0.25:36313|priority:0], old=null
2021-09-05 01:39:10,498 [grpc-default-executor-3] INFO  server.RaftServer$Division (RaftServerImpl.java:requestVote(1043)) - a394a97c-7848-4311-a24c-186851f6b492@group-1C1C96E5B142: receive requestVote(ELECTION, 455161ce-78be-4281-bc2a-a50d1cad5e43, group-1C1C96E5B142, 1, (t:0, i:0))
2021-09-05 01:39:10,498 [grpc-default-executor-4] INFO  server.RaftServer$Division (RaftServerImpl.java:requestVote(1043)) - aa0f76fc-0af9-4fba-891f-e6382fa98fe4@group-1C1C96E5B142: receive requestVote(ELECTION, 455161ce-78be-4281-bc2a-a50d1cad5e43, group-1C1C96E5B142, 1, (t:0, i:0))
2021-09-05 01:39:10,498 [grpc-default-executor-4] INFO  impl.VoteContext (VoteContext.java:log(48)) - aa0f76fc-0af9-4fba-891f-e6382fa98fe4@group-1C1C96E5B142-FOLLOWER: accept ELECTION from 455161ce-78be-4281-bc2a-a50d1cad5e43: our priority 0 <= candidate's priority 1
2021-09-05 01:39:10,498 [grpc-default-executor-4] INFO  server.RaftServer$Division (RaftServerImpl.java:setRole(285)) - aa0f76fc-0af9-4fba-891f-e6382fa98fe4@group-1C1C96E5B142: changes role from  FOLLOWER to FOLLOWER at term 1 for candidate:455161ce-78be-4281-bc2a-a50d1cad5e43
2021-09-05 01:39:10,498 [grpc-default-executor-4] INFO  impl.RoleInfo (RoleInfo.java:shutdownFollowerState(108)) - aa0f76fc-0af9-4fba-891f-e6382fa98fe4: shutdown aa0f76fc-0af9-4fba-891f-e6382fa98fe4@group-1C1C96E5B142-FollowerState
2021-09-05 01:39:10,498 [grpc-default-executor-4] INFO  impl.RoleInfo (RoleInfo.java:updateAndGet(130)) - aa0f76fc-0af9-4fba-891f-e6382fa98fe4: start aa0f76fc-0af9-4fba-891f-e6382fa98fe4@group-1C1C96E5B142-FollowerState
2021-09-05 01:39:10,498 [grpc-default-executor-3] INFO  impl.VoteContext (VoteContext.java:log(48)) - a394a97c-7848-4311-a24c-186851f6b492@group-1C1C96E5B142-FOLLOWER: accept ELECTION from 455161ce-78be-4281-bc2a-a50d1cad5e43: our priority 0 <= candidate's priority 1
2021-09-05 01:39:10,501 [grpc-default-executor-3] INFO  server.RaftServer$Division (RaftServerImpl.java:setRole(285)) - a394a97c-7848-4311-a24c-186851f6b492@group-1C1C96E5B142: changes role from  FOLLOWER to FOLLOWER at term 1 for candidate:455161ce-78be-4281-bc2a-a50d1cad5e43
2021-09-05 01:39:10,501 [grpc-default-executor-3] INFO  impl.RoleInfo (RoleInfo.java:shutdownFollowerState(108)) - a394a97c-7848-4311-a24c-186851f6b492: shutdown a394a97c-7848-4311-a24c-186851f6b492@group-1C1C96E5B142-FollowerState
2021-09-05 01:39:10,510 [grpc-default-executor-4] INFO  server.RaftServer$Division (RaftServerImpl.java:requestVote(1075)) - aa0f76fc-0af9-4fba-891f-e6382fa98fe4@group-1C1C96E5B142 replies to ELECTION vote request: 455161ce-78be-4281-bc2a-a50d1cad5e43<-aa0f76fc-0af9-4fba-891f-e6382fa98fe4#0:OK-t1. Peer's state: aa0f76fc-0af9-4fba-891f-e6382fa98fe4@group-1C1C96E5B142:t1, leader=null, voted=455161ce-78be-4281-bc2a-a50d1cad5e43, raftlog=aa0f76fc-0af9-4fba-891f-e6382fa98fe4@group-1C1C96E5B142-SegmentedRaftLog:OPENED:c-1,f-1,i0, conf=-1: [455161ce-78be-4281-bc2a-a50d1cad5e43|rpc:10.1.0.25:40081|dataStream:|priority:1, a394a97c-7848-4311-a24c-186851f6b492|rpc:10.1.0.25:38701|dataStream:|priority:0, aa0f76fc-0af9-4fba-891f-e6382fa98fe4|rpc:10.1.0.25:36313|dataStream:|priority:0], old=null
2021-09-05 01:39:10,523 [455161ce-78be-4281-bc2a-a50d1cad5e43@group-1C1C96E5B142-LeaderElection98] INFO  impl.LeaderElection (LeaderElection.java:logAndReturn(89)) - 455161ce-78be-4281-bc2a-a50d1cad5e43@group-1C1C96E5B142-LeaderElection98: ELECTION PASSED received 1 response(s) and 0 exception(s):
2021-09-05 01:39:10,523 [455161ce-78be-4281-bc2a-a50d1cad5e43@group-1C1C96E5B142-LeaderElection98] INFO  impl.LeaderElection (LeaderElection.java:logAndReturn(93)) -   Response 0: 455161ce-78be-4281-bc2a-a50d1cad5e43<-aa0f76fc-0af9-4fba-891f-e6382fa98fe4#0:OK-t1
2021-09-05 01:39:10,523 [455161ce-78be-4281-bc2a-a50d1cad5e43@group-1C1C96E5B142-LeaderElection98] INFO  impl.LeaderElection (LeaderElection.java:askForVotes(308)) - 455161ce-78be-4281-bc2a-a50d1cad5e43@group-1C1C96E5B142-LeaderElection98 ELECTION round 0: result PASSED
2021-09-05 01:39:10,523 [455161ce-78be-4281-bc2a-a50d1cad5e43@group-1C1C96E5B142-LeaderElection98] INFO  impl.RoleInfo (RoleInfo.java:shutdownLeaderElection(121)) - 455161ce-78be-4281-bc2a-a50d1cad5e43: shutdown 455161ce-78be-4281-bc2a-a50d1cad5e43@group-1C1C96E5B142-LeaderElection98
2021-09-05 01:39:10,523 [455161ce-78be-4281-bc2a-a50d1cad5e43@group-1C1C96E5B142-LeaderElection98] INFO  server.RaftServer$Division (RaftServerImpl.java:setRole(285)) - 455161ce-78be-4281-bc2a-a50d1cad5e43@group-1C1C96E5B142: changes role from CANDIDATE to LEADER at term 1 for changeToLeader
2021-09-05 01:39:10,523 [455161ce-78be-4281-bc2a-a50d1cad5e43@group-1C1C96E5B142-LeaderElection98] INFO  ratis.XceiverServerRatis (XceiverServerRatis.java:handleLeaderChangedNotification(861)) - Leader change notification received for group: group-1C1C96E5B142 with new leaderId: 455161ce-78be-4281-bc2a-a50d1cad5e43
2021-09-05 01:39:10,523 [455161ce-78be-4281-bc2a-a50d1cad5e43@group-1C1C96E5B142-LeaderElection98] INFO  server.RaftServer$Division (ServerState.java:setLeader(285)) - 455161ce-78be-4281-bc2a-a50d1cad5e43@group-1C1C96E5B142: change Leader from null to 455161ce-78be-4281-bc2a-a50d1cad5e43 at term 1 for becomeLeader, leader elected after 5257ms
2021-09-05 01:39:10,523 [455161ce-78be-4281-bc2a-a50d1cad5e43@group-1C1C96E5B142-LeaderElection98] INFO  server.RaftServerConfigKeys (ConfUtils.java:logGet(44)) - raft.server.staging.catchup.gap = 1000 (default)
2021-09-05 01:39:10,524 [455161ce-78be-4281-bc2a-a50d1cad5e43@group-1C1C96E5B142-LeaderElection98] INFO  server.RaftServerConfigKeys (ConfUtils.java:logGet(44)) - raft.server.write.element-limit = 1024 (custom)
2021-09-05 01:39:10,524 [455161ce-78be-4281-bc2a-a50d1cad5e43@group-1C1C96E5B142-LeaderElection98] INFO  server.RaftServerConfigKeys (ConfUtils.java:logGet(44)) - raft.server.write.byte-limit = 1024 M (=1073741824) (custom)
2021-09-05 01:39:10,524 [455161ce-78be-4281-bc2a-a50d1cad5e43@group-1C1C96E5B142-LeaderElection98] INFO  server.RaftServerConfigKeys (ConfUtils.java:logGet(44)) - raft.server.watch.timeout = 3000ms (custom)
2021-09-05 01:39:10,524 [455161ce-78be-4281-bc2a-a50d1cad5e43@group-1C1C96E5B142-LeaderElection98] INFO  server.RaftServerConfigKeys (ConfUtils.java:logGet(44)) - raft.server.watch.timeout.denomination = 1s (default)
2021-09-05 01:39:10,524 [455161ce-78be-4281-bc2a-a50d1cad5e43@group-1C1C96E5B142-LeaderElection98] INFO  server.RaftServerConfigKeys (ConfUtils.java:logGet(44)) - raft.server.watch.element-limit = 65536 (default)
2021-09-05 01:39:10,524 [455161ce-78be-4281-bc2a-a50d1cad5e43@group-1C1C96E5B142-LeaderElection98] INFO  server.RaftServerConfigKeys (ConfUtils.java:logGet(44)) - raft.server.log.appender.snapshot.chunk.size.max = 16MB (=16777216) (default)
2021-09-05 01:39:10,524 [455161ce-78be-4281-bc2a-a50d1cad5e43@group-1C1C96E5B142-LeaderElection98] INFO  server.RaftServerConfigKeys (ConfUtils.java:logGet(44)) - raft.server.log.appender.buffer.byte-limit = 33554432 (custom)
2021-09-05 01:39:10,524 [455161ce-78be-4281-bc2a-a50d1cad5e43@group-1C1C96E5B142-LeaderElection98] INFO  server.RaftServerConfigKeys (ConfUtils.java:logGet(44)) - raft.server.log.appender.buffer.element-limit = 1 (custom)
2021-09-05 01:39:10,524 [455161ce-78be-4281-bc2a-a50d1cad5e43@group-1C1C96E5B142-LeaderElection98] INFO  grpc.GrpcConfigKeys (ConfUtils.java:logGet(44)) - raft.grpc.server.leader.outstanding.appends.max = 128 (default)
2021-09-05 01:39:10,524 [455161ce-78be-4281-bc2a-a50d1cad5e43@group-1C1C96E5B142-LeaderElection98] INFO  server.RaftServerConfigKeys (ConfUtils.java:logGet(44)) - raft.server.rpc.request.timeout = 3000ms (default)
2021-09-05 01:39:10,524 [455161ce-78be-4281-bc2a-a50d1cad5e43@group-1C1C96E5B142-LeaderElection98] INFO  server.RaftServerConfigKeys (ConfUtils.java:logGet(44)) - raft.server.log.appender.install.snapshot.enabled = false (custom)
2021-09-05 01:39:10,525 [Datanode State Machine Thread - 0] WARN  statemachine.StateContext (StateContext.java:execute(621)) - No available thread in pool for past 1 seconds.
2021-09-05 01:39:10,526 [455161ce-78be-4281-bc2a-a50d1cad5e43@group-1C1C96E5B142-LeaderElection98] INFO  server.RaftServerConfigKeys (ConfUtils.java:logGet(44)) - raft.server.log.appender.snapshot.chunk.size.max = 16MB (=16777216) (default)
2021-09-05 01:39:10,526 [455161ce-78be-4281-bc2a-a50d1cad5e43@group-1C1C96E5B142-LeaderElection98] INFO  server.RaftServerConfigKeys (ConfUtils.java:logGet(44)) - raft.server.log.appender.buffer.byte-limit = 33554432 (custom)
2021-09-05 01:39:10,526 [455161ce-78be-4281-bc2a-a50d1cad5e43@group-1C1C96E5B142-LeaderElection98] INFO  server.RaftServerConfigKeys (ConfUtils.java:logGet(44)) - raft.server.log.appender.buffer.element-limit = 1 (custom)
2021-09-05 01:39:10,527 [455161ce-78be-4281-bc2a-a50d1cad5e43@group-1C1C96E5B142-LeaderElection98] INFO  grpc.GrpcConfigKeys (ConfUtils.java:logGet(44)) - raft.grpc.server.leader.outstanding.appends.max = 128 (default)
2021-09-05 01:39:10,527 [455161ce-78be-4281-bc2a-a50d1cad5e43@group-1C1C96E5B142-LeaderElection98] INFO  server.RaftServerConfigKeys (ConfUtils.java:logGet(44)) - raft.server.rpc.request.timeout = 3000ms (default)
2021-09-05 01:39:10,527 [455161ce-78be-4281-bc2a-a50d1cad5e43@group-1C1C96E5B142-LeaderElection98] INFO  server.RaftServerConfigKeys (ConfUtils.java:logGet(44)) - raft.server.log.appender.install.snapshot.enabled = false (custom)
2021-09-05 01:39:10,528 [455161ce-78be-4281-bc2a-a50d1cad5e43@group-1C1C96E5B142-LeaderElection98] INFO  impl.RoleInfo (RoleInfo.java:updateAndGet(130)) - 455161ce-78be-4281-bc2a-a50d1cad5e43: start 455161ce-78be-4281-bc2a-a50d1cad5e43@group-1C1C96E5B142-LeaderStateImpl
2021-09-05 01:39:10,528 [455161ce-78be-4281-bc2a-a50d1cad5e43@group-1C1C96E5B142-LeaderElection98] INFO  segmented.SegmentedRaftLogWorker (SegmentedRaftLogWorker.java:startLogSegment(394)) - 455161ce-78be-4281-bc2a-a50d1cad5e43@group-1C1C96E5B142-SegmentedRaftLogWorker: Starting segment from index:0
2021-09-05 01:39:10,529 [EventQueue-PipelineReportForPipelineReportHandler] INFO  pipeline.PipelineManagerImpl (PipelineManagerImpl.java:openPipeline(282)) - Pipeline Pipeline[ Id: c580985d-0fc5-40f2-b5c7-1c1c96e5b142, Nodes: aa0f76fc-0af9-4fba-891f-e6382fa98fe4{ip: 10.1.0.25, host: fv-az270-420.tacnzluakwdehk1hpragurqkma.bx.internal.cloudapp.net, ports: [REPLICATION=42149, RATIS=36313, RATIS_ADMIN=36313, RATIS_SERVER=36313, STANDALONE=35265], networkLocation: /default-rack, certSerialId: null, persistedOpState: IN_SERVICE, persistedOpStateExpiryEpochSec: 0}a394a97c-7848-4311-a24c-186851f6b492{ip: 10.1.0.25, host: fv-az270-420.tacnzluakwdehk1hpragurqkma.bx.internal.cloudapp.net, ports: [REPLICATION=37403, RATIS=38701, RATIS_ADMIN=38701, RATIS_SERVER=38701, STANDALONE=35691], networkLocation: /default-rack, certSerialId: null, persistedOpState: IN_SERVICE, persistedOpStateExpiryEpochSec: 0}455161ce-78be-4281-bc2a-a50d1cad5e43{ip: 10.1.0.25, host: fv-az270-420.tacnzluakwdehk1hpragurqkma.bx.internal.cloudapp.net, ports: [REPLICATION=38759, RATIS=40081, RATIS_ADMIN=40081, RATIS_SERVER=40081, STANDALONE=42933], networkLocation: /default-rack, certSerialId: null, persistedOpState: IN_SERVICE, persistedOpStateExpiryEpochSec: 0}, ReplicationConfig: RATIS/THREE, State:ALLOCATED, leaderId:455161ce-78be-4281-bc2a-a50d1cad5e43, CreationTimestamp2021-09-05T01:39:02.788Z[Etc/UTC]] moved to OPEN state
2021-09-05 01:39:10,532 [455161ce-78be-4281-bc2a-a50d1cad5e43@group-1C1C96E5B142-SegmentedRaftLogWorker] INFO  segmented.SegmentedRaftLogWorker (SegmentedRaftLogWorker.java:execute(601)) - 455161ce-78be-4281-bc2a-a50d1cad5e43@group-1C1C96E5B142-SegmentedRaftLogWorker: created new log segment /home/runner/work/ozone/ozone/hadoop-ozone/integration-test/target/test-dir/MiniOzoneClusterImpl-37340386-36af-4fa8-9723-b8f583b28ff6/datanode-3/data/ratis/c580985d-0fc5-40f2-b5c7-1c1c96e5b142/current/log_inprogress_0
2021-09-05 01:39:10,547 [a394a97c-7848-4311-a24c-186851f6b492@group-1C1C96E5B142-FollowerState] INFO  impl.FollowerState (FollowerState.java:run(127)) - a394a97c-7848-4311-a24c-186851f6b492@group-1C1C96E5B142-FollowerState: Stopping now (isRunning? false, isFollower? true)
2021-09-05 01:39:10,571 [aa0f76fc-0af9-4fba-891f-e6382fa98fe4@group-1C1C96E5B142-FollowerState] INFO  impl.FollowerState (FollowerState.java:run(143)) - aa0f76fc-0af9-4fba-891f-e6382fa98fe4@group-1C1C96E5B142-FollowerState was interrupted: {}
java.lang.InterruptedException: sleep interrupted
	at java.lang.Thread.sleep(Native Method)
	at java.lang.Thread.sleep(Thread.java:340)
	at java.util.concurrent.TimeUnit.sleep(TimeUnit.java:386)
	at org.apache.ratis.util.TimeDuration.sleep(TimeDuration.java:324)
	at org.apache.ratis.util.TimeDuration.sleep(TimeDuration.java:309)
	at org.apache.ratis.server.impl.FollowerState.run(FollowerState.java:118)
2021-09-05 01:39:10,572 [a394a97c-7848-4311-a24c-186851f6b492@group-71F1F32B1A5F-SegmentedRaftLogWorker] INFO  segmented.SegmentedRaftLogWorker (SegmentedRaftLogWorker.java:execute(601)) - a394a97c-7848-4311-a24c-186851f6b492@group-71F1F32B1A5F-SegmentedRaftLogWorker: created new log segment /home/runner/work/ozone/ozone/hadoop-ozone/integration-test/target/test-dir/MiniOzoneClusterImpl-37340386-36af-4fa8-9723-b8f583b28ff6/datanode-4/data/ratis/1f8bedbc-d0ae-4b4d-bc8b-71f1f32b1a5f/current/log_inprogress_0
2021-09-05 01:39:10,590 [grpc-default-executor-3] INFO  impl.RoleInfo (RoleInfo.java:updateAndGet(130)) - a394a97c-7848-4311-a24c-186851f6b492: start a394a97c-7848-4311-a24c-186851f6b492@group-1C1C96E5B142-FollowerState
2021-09-05 01:39:10,590 [455161ce-78be-4281-bc2a-a50d1cad5e43@group-1C1C96E5B142-LeaderElection98] INFO  server.RaftServer$Division (ServerState.java:setRaftConf(387)) - 455161ce-78be-4281-bc2a-a50d1cad5e43@group-1C1C96E5B142: set configuration 0: [455161ce-78be-4281-bc2a-a50d1cad5e43|rpc:10.1.0.25:40081|dataStream:|priority:1, a394a97c-7848-4311-a24c-186851f6b492|rpc:10.1.0.25:38701|dataStream:|priority:0, aa0f76fc-0af9-4fba-891f-e6382fa98fe4|rpc:10.1.0.25:36313|dataStream:|priority:0], old=null
2021-09-05 01:39:10,618 [grpc-default-executor-0] INFO  ratis.XceiverServerRatis (XceiverServerRatis.java:handleLeaderChangedNotification(861)) - Leader change notification received for group: group-1C1C96E5B142 with new leaderId: 455161ce-78be-4281-bc2a-a50d1cad5e43
2021-09-05 01:39:10,618 [grpc-default-executor-0] INFO  server.RaftServer$Division (ServerState.java:setLeader(285)) - aa0f76fc-0af9-4fba-891f-e6382fa98fe4@group-1C1C96E5B142: change Leader from null to 455161ce-78be-4281-bc2a-a50d1cad5e43 at term 1 for appendEntries, leader elected after 5273ms
2021-09-05 01:39:10,618 [grpc-default-executor-3] INFO  server.RaftServer$Division (RaftServerImpl.java:requestVote(1075)) - a394a97c-7848-4311-a24c-186851f6b492@group-1C1C96E5B142 replies to ELECTION vote request: 455161ce-78be-4281-bc2a-a50d1cad5e43<-a394a97c-7848-4311-a24c-186851f6b492#0:OK-t1. Peer's state: a394a97c-7848-4311-a24c-186851f6b492@group-1C1C96E5B142:t1, leader=null, voted=455161ce-78be-4281-bc2a-a50d1cad5e43, raftlog=a394a97c-7848-4311-a24c-186851f6b492@group-1C1C96E5B142-SegmentedRaftLog:OPENED:c-1,f-1,i0, conf=-1: [455161ce-78be-4281-bc2a-a50d1cad5e43|rpc:10.1.0.25:40081|priority:1, a394a97c-7848-4311-a24c-186851f6b492|rpc:10.1.0.25:38701|priority:0, aa0f76fc-0af9-4fba-891f-e6382fa98fe4|rpc:10.1.0.25:36313|priority:0], old=null
2021-09-05 01:39:10,619 [grpc-default-executor-4] INFO  ratis.XceiverServerRatis (XceiverServerRatis.java:handleLeaderChangedNotification(861)) - Leader change notification received for group: group-1C1C96E5B142 with new leaderId: 455161ce-78be-4281-bc2a-a50d1cad5e43
2021-09-05 01:39:10,619 [grpc-default-executor-4] INFO  server.RaftServer$Division (ServerState.java:setLeader(285)) - a394a97c-7848-4311-a24c-186851f6b492@group-1C1C96E5B142: change Leader from null to 455161ce-78be-4281-bc2a-a50d1cad5e43 at term 1 for appendEntries, leader elected after 5306ms
2021-09-05 01:39:10,626 [grpc-default-executor-0] INFO  server.RaftServer$Division (ServerState.java:setRaftConf(387)) - aa0f76fc-0af9-4fba-891f-e6382fa98fe4@group-1C1C96E5B142: set configuration 0: [455161ce-78be-4281-bc2a-a50d1cad5e43|rpc:10.1.0.25:40081|dataStream:|priority:1, a394a97c-7848-4311-a24c-186851f6b492|rpc:10.1.0.25:38701|dataStream:|priority:0, aa0f76fc-0af9-4fba-891f-e6382fa98fe4|rpc:10.1.0.25:36313|dataStream:|priority:0], old=null
2021-09-05 01:39:10,626 [grpc-default-executor-0] INFO  segmented.SegmentedRaftLogWorker (SegmentedRaftLogWorker.java:startLogSegment(394)) - aa0f76fc-0af9-4fba-891f-e6382fa98fe4@group-1C1C96E5B142-SegmentedRaftLogWorker: Starting segment from index:0
2021-09-05 01:39:10,637 [grpc-default-executor-4] INFO  server.RaftServer$Division (ServerState.java:setRaftConf(387)) - a394a97c-7848-4311-a24c-186851f6b492@group-1C1C96E5B142: set configuration 0: [455161ce-78be-4281-bc2a-a50d1cad5e43|rpc:10.1.0.25:40081|dataStream:|priority:1, a394a97c-7848-4311-a24c-186851f6b492|rpc:10.1.0.25:38701|dataStream:|priority:0, aa0f76fc-0af9-4fba-891f-e6382fa98fe4|rpc:10.1.0.25:36313|dataStream:|priority:0], old=null
2021-09-05 01:39:10,637 [grpc-default-executor-4] INFO  segmented.SegmentedRaftLogWorker (SegmentedRaftLogWorker.java:startLogSegment(394)) - a394a97c-7848-4311-a24c-186851f6b492@group-1C1C96E5B142-SegmentedRaftLogWorker: Starting segment from index:0
2021-09-05 01:39:10,642 [a394a97c-7848-4311-a24c-186851f6b492@group-1C1C96E5B142-SegmentedRaftLogWorker] INFO  segmented.SegmentedRaftLogWorker (SegmentedRaftLogWorker.java:execute(601)) - a394a97c-7848-4311-a24c-186851f6b492@group-1C1C96E5B142-SegmentedRaftLogWorker: created new log segment /home/runner/work/ozone/ozone/hadoop-ozone/integration-test/target/test-dir/MiniOzoneClusterImpl-37340386-36af-4fa8-9723-b8f583b28ff6/datanode-4/data/ratis/c580985d-0fc5-40f2-b5c7-1c1c96e5b142/current/log_inprogress_0
2021-09-05 01:39:10,689 [aa0f76fc-0af9-4fba-891f-e6382fa98fe4@group-1C1C96E5B142-SegmentedRaftLogWorker] INFO  segmented.SegmentedRaftLogWorker (SegmentedRaftLogWorker.java:execute(601)) - aa0f76fc-0af9-4fba-891f-e6382fa98fe4@group-1C1C96E5B142-SegmentedRaftLogWorker: created new log segment /home/runner/work/ozone/ozone/hadoop-ozone/integration-test/target/test-dir/MiniOzoneClusterImpl-37340386-36af-4fa8-9723-b8f583b28ff6/datanode-5/data/ratis/c580985d-0fc5-40f2-b5c7-1c1c96e5b142/current/log_inprogress_0
2021-09-05 01:39:10,775 [a394a97c-7848-4311-a24c-186851f6b492@group-8DE473E54637-FollowerState] INFO  impl.FollowerState (FollowerState.java:run(134)) - a394a97c-7848-4311-a24c-186851f6b492@group-8DE473E54637-FollowerState: change to CANDIDATE, lastRpcElapsedTime:5020001603ns, electionTimeout:5012ms
2021-09-05 01:39:10,775 [a394a97c-7848-4311-a24c-186851f6b492@group-8DE473E54637-FollowerState] INFO  impl.RoleInfo (RoleInfo.java:shutdownFollowerState(108)) - a394a97c-7848-4311-a24c-186851f6b492: shutdown a394a97c-7848-4311-a24c-186851f6b492@group-8DE473E54637-FollowerState
2021-09-05 01:39:10,775 [a394a97c-7848-4311-a24c-186851f6b492@group-8DE473E54637-FollowerState] INFO  server.RaftServer$Division (RaftServerImpl.java:setRole(285)) - a394a97c-7848-4311-a24c-186851f6b492@group-8DE473E54637: changes role from  FOLLOWER to CANDIDATE at term 0 for changeToCandidate
2021-09-05 01:39:10,775 [a394a97c-7848-4311-a24c-186851f6b492@group-8DE473E54637-FollowerState] INFO  server.RaftServerConfigKeys (ConfUtils.java:logGet(44)) - raft.server.leaderelection.pre-vote = false (custom)
2021-09-05 01:39:10,775 [a394a97c-7848-4311-a24c-186851f6b492@group-8DE473E54637-FollowerState] INFO  impl.RoleInfo (RoleInfo.java:updateAndGet(130)) - a394a97c-7848-4311-a24c-186851f6b492: start a394a97c-7848-4311-a24c-186851f6b492@group-8DE473E54637-LeaderElection99
2021-09-05 01:39:10,841 [a394a97c-7848-4311-a24c-186851f6b492@group-8DE473E54637-LeaderElection99] INFO  impl.LeaderElection (LeaderElection.java:askForVotes(306)) - a394a97c-7848-4311-a24c-186851f6b492@group-8DE473E54637-LeaderElection99 ELECTION round 0: submit vote requests at term 1 for -1: [455161ce-78be-4281-bc2a-a50d1cad5e43|rpc:10.1.0.25:40081|priority:0, a394a97c-7848-4311-a24c-186851f6b492|rpc:10.1.0.25:38701|priority:0, aa0f76fc-0af9-4fba-891f-e6382fa98fe4|rpc:10.1.0.25:36313|priority:1], old=null
2021-09-05 01:39:10,846 [grpc-default-executor-0] INFO  server.RaftServer$Division (RaftServerImpl.java:requestVote(1043)) - 455161ce-78be-4281-bc2a-a50d1cad5e43@group-8DE473E54637: receive requestVote(ELECTION, a394a97c-7848-4311-a24c-186851f6b492, group-8DE473E54637, 1, (t:0, i:0))
2021-09-05 01:39:10,846 [grpc-default-executor-0] INFO  impl.VoteContext (VoteContext.java:log(48)) - 455161ce-78be-4281-bc2a-a50d1cad5e43@group-8DE473E54637-FOLLOWER: accept ELECTION from a394a97c-7848-4311-a24c-186851f6b492: our priority 0 <= candidate's priority 0
2021-09-05 01:39:10,846 [grpc-default-executor-0] INFO  server.RaftServer$Division (RaftServerImpl.java:setRole(285)) - 455161ce-78be-4281-bc2a-a50d1cad5e43@group-8DE473E54637: changes role from  FOLLOWER to FOLLOWER at term 1 for candidate:a394a97c-7848-4311-a24c-186851f6b492
2021-09-05 01:39:10,846 [grpc-default-executor-0] INFO  impl.RoleInfo (RoleInfo.java:shutdownFollowerState(108)) - 455161ce-78be-4281-bc2a-a50d1cad5e43: shutdown 455161ce-78be-4281-bc2a-a50d1cad5e43@group-8DE473E54637-FollowerState
2021-09-05 01:39:10,848 [grpc-default-executor-0] INFO  impl.RoleInfo (RoleInfo.java:updateAndGet(130)) - 455161ce-78be-4281-bc2a-a50d1cad5e43: start 455161ce-78be-4281-bc2a-a50d1cad5e43@group-8DE473E54637-FollowerState
2021-09-05 01:39:10,848 [455161ce-78be-4281-bc2a-a50d1cad5e43@group-8DE473E54637-FollowerState] INFO  impl.FollowerState (FollowerState.java:run(143)) - 455161ce-78be-4281-bc2a-a50d1cad5e43@group-8DE473E54637-FollowerState was interrupted: {}
java.lang.InterruptedException: sleep interrupted
	at java.lang.Thread.sleep(Native Method)
	at java.lang.Thread.sleep(Thread.java:340)
	at java.util.concurrent.TimeUnit.sleep(TimeUnit.java:386)
	at org.apache.ratis.util.TimeDuration.sleep(TimeDuration.java:324)
	at org.apache.ratis.util.TimeDuration.sleep(TimeDuration.java:309)
	at org.apache.ratis.server.impl.FollowerState.run(FollowerState.java:118)
2021-09-05 01:39:10,850 [grpc-default-executor-2] INFO  server.RaftServer$Division (RaftServerImpl.java:requestVote(1043)) - aa0f76fc-0af9-4fba-891f-e6382fa98fe4@group-8DE473E54637: receive requestVote(ELECTION, a394a97c-7848-4311-a24c-186851f6b492, group-8DE473E54637, 1, (t:0, i:0))
2021-09-05 01:39:10,851 [grpc-default-executor-2] INFO  impl.VoteContext (VoteContext.java:log(48)) - aa0f76fc-0af9-4fba-891f-e6382fa98fe4@group-8DE473E54637-FOLLOWER: reject ELECTION from a394a97c-7848-4311-a24c-186851f6b492: our priority 1 > candidate's priority 0
2021-09-05 01:39:10,851 [grpc-default-executor-2] INFO  server.RaftServer$Division (RaftServerImpl.java:setRole(285)) - aa0f76fc-0af9-4fba-891f-e6382fa98fe4@group-8DE473E54637: changes role from  FOLLOWER to FOLLOWER at term 1 for candidate:a394a97c-7848-4311-a24c-186851f6b492
2021-09-05 01:39:10,851 [grpc-default-executor-2] INFO  impl.RoleInfo (RoleInfo.java:shutdownFollowerState(108)) - aa0f76fc-0af9-4fba-891f-e6382fa98fe4: shutdown aa0f76fc-0af9-4fba-891f-e6382fa98fe4@group-8DE473E54637-FollowerState
2021-09-05 01:39:10,861 [grpc-default-executor-2] INFO  impl.RoleInfo (RoleInfo.java:updateAndGet(130)) - aa0f76fc-0af9-4fba-891f-e6382fa98fe4: start aa0f76fc-0af9-4fba-891f-e6382fa98fe4@group-8DE473E54637-FollowerState
2021-09-05 01:39:10,862 [grpc-default-executor-0] INFO  server.RaftServer$Division (RaftServerImpl.java:requestVote(1075)) - 455161ce-78be-4281-bc2a-a50d1cad5e43@group-8DE473E54637 replies to ELECTION vote request: a394a97c-7848-4311-a24c-186851f6b492<-455161ce-78be-4281-bc2a-a50d1cad5e43#0:OK-t1. Peer's state: 455161ce-78be-4281-bc2a-a50d1cad5e43@group-8DE473E54637:t1, leader=null, voted=a394a97c-7848-4311-a24c-186851f6b492, raftlog=455161ce-78be-4281-bc2a-a50d1cad5e43@group-8DE473E54637-SegmentedRaftLog:OPENED:c-1,f-1,i0, conf=-1: [455161ce-78be-4281-bc2a-a50d1cad5e43|rpc:10.1.0.25:40081|priority:0, a394a97c-7848-4311-a24c-186851f6b492|rpc:10.1.0.25:38701|priority:0, aa0f76fc-0af9-4fba-891f-e6382fa98fe4|rpc:10.1.0.25:36313|priority:1], old=null
2021-09-05 01:39:10,865 [aa0f76fc-0af9-4fba-891f-e6382fa98fe4@group-8DE473E54637-FollowerState] INFO  impl.FollowerState (FollowerState.java:run(143)) - aa0f76fc-0af9-4fba-891f-e6382fa98fe4@group-8DE473E54637-FollowerState was interrupted: {}
java.lang.InterruptedException: sleep interrupted
	at java.lang.Thread.sleep(Native Method)
	at java.lang.Thread.sleep(Thread.java:340)
	at java.util.concurrent.TimeUnit.sleep(TimeUnit.java:386)
	at org.apache.ratis.util.TimeDuration.sleep(TimeDuration.java:324)
	at org.apache.ratis.util.TimeDuration.sleep(TimeDuration.java:309)
	at org.apache.ratis.server.impl.FollowerState.run(FollowerState.java:118)
2021-09-05 01:39:10,872 [grpc-default-executor-2] INFO  server.RaftServer$Division (RaftServerImpl.java:requestVote(1075)) - aa0f76fc-0af9-4fba-891f-e6382fa98fe4@group-8DE473E54637 replies to ELECTION vote request: a394a97c-7848-4311-a24c-186851f6b492<-aa0f76fc-0af9-4fba-891f-e6382fa98fe4#0:FAIL-t1. Peer's state: aa0f76fc-0af9-4fba-891f-e6382fa98fe4@group-8DE473E54637:t1, leader=null, voted=null, raftlog=aa0f76fc-0af9-4fba-891f-e6382fa98fe4@group-8DE473E54637-SegmentedRaftLog:OPENED:c-1,f-1,i0, conf=-1: [455161ce-78be-4281-bc2a-a50d1cad5e43|rpc:10.1.0.25:40081|dataStream:|priority:0, a394a97c-7848-4311-a24c-186851f6b492|rpc:10.1.0.25:38701|dataStream:|priority:0, aa0f76fc-0af9-4fba-891f-e6382fa98fe4|rpc:10.1.0.25:36313|dataStream:|priority:1], old=null
2021-09-05 01:39:10,885 [a394a97c-7848-4311-a24c-186851f6b492@group-8DE473E54637-LeaderElection99] INFO  impl.LeaderElection (LeaderElection.java:logAndReturn(89)) - a394a97c-7848-4311-a24c-186851f6b492@group-8DE473E54637-LeaderElection99: ELECTION REJECTED received 2 response(s) and 0 exception(s):
2021-09-05 01:39:10,885 [a394a97c-7848-4311-a24c-186851f6b492@group-8DE473E54637-LeaderElection99] INFO  impl.LeaderElection (LeaderElection.java:logAndReturn(93)) -   Response 0: a394a97c-7848-4311-a24c-186851f6b492<-455161ce-78be-4281-bc2a-a50d1cad5e43#0:OK-t1
2021-09-05 01:39:10,885 [a394a97c-7848-4311-a24c-186851f6b492@group-8DE473E54637-LeaderElection99] INFO  impl.LeaderElection (LeaderElection.java:logAndReturn(93)) -   Response 1: a394a97c-7848-4311-a24c-186851f6b492<-aa0f76fc-0af9-4fba-891f-e6382fa98fe4#0:FAIL-t1
2021-09-05 01:39:10,885 [a394a97c-7848-4311-a24c-186851f6b492@group-8DE473E54637-LeaderElection99] INFO  impl.LeaderElection (LeaderElection.java:askForVotes(308)) - a394a97c-7848-4311-a24c-186851f6b492@group-8DE473E54637-LeaderElection99 ELECTION round 0: result REJECTED
2021-09-05 01:39:10,885 [a394a97c-7848-4311-a24c-186851f6b492@group-8DE473E54637-LeaderElection99] INFO  server.RaftServer$Division (RaftServerImpl.java:setRole(285)) - a394a97c-7848-4311-a24c-186851f6b492@group-8DE473E54637: changes role from CANDIDATE to FOLLOWER at term 1 for REJECTED
2021-09-05 01:39:10,885 [a394a97c-7848-4311-a24c-186851f6b492@group-8DE473E54637-LeaderElection99] INFO  impl.RoleInfo (RoleInfo.java:shutdownLeaderElection(121)) - a394a97c-7848-4311-a24c-186851f6b492: shutdown a394a97c-7848-4311-a24c-186851f6b492@group-8DE473E54637-LeaderElection99
2021-09-05 01:39:10,886 [a394a97c-7848-4311-a24c-186851f6b492@group-8DE473E54637-LeaderElection99] INFO  impl.RoleInfo (RoleInfo.java:updateAndGet(130)) - a394a97c-7848-4311-a24c-186851f6b492: start a394a97c-7848-4311-a24c-186851f6b492@group-8DE473E54637-FollowerState
2021-09-05 01:39:10,997 [aa0f76fc-0af9-4fba-891f-e6382fa98fe4@group-8615E5D5F589-FollowerState] INFO  impl.FollowerState (FollowerState.java:run(134)) - aa0f76fc-0af9-4fba-891f-e6382fa98fe4@group-8615E5D5F589-FollowerState: change to CANDIDATE, lastRpcElapsedTime:5044529271ns, electionTimeout:5033ms
2021-09-05 01:39:10,997 [aa0f76fc-0af9-4fba-891f-e6382fa98fe4@group-8615E5D5F589-FollowerState] INFO  impl.RoleInfo (RoleInfo.java:shutdownFollowerState(108)) - aa0f76fc-0af9-4fba-891f-e6382fa98fe4: shutdown aa0f76fc-0af9-4fba-891f-e6382fa98fe4@group-8615E5D5F589-FollowerState
2021-09-05 01:39:10,997 [aa0f76fc-0af9-4fba-891f-e6382fa98fe4@group-8615E5D5F589-FollowerState] INFO  server.RaftServer$Division (RaftServerImpl.java:setRole(285)) - aa0f76fc-0af9-4fba-891f-e6382fa98fe4@group-8615E5D5F589: changes role from  FOLLOWER to CANDIDATE at term 0 for changeToCandidate
2021-09-05 01:39:10,999 [aa0f76fc-0af9-4fba-891f-e6382fa98fe4@group-8615E5D5F589-FollowerState] INFO  server.RaftServerConfigKeys (ConfUtils.java:logGet(44)) - raft.server.leaderelection.pre-vote = false (custom)
2021-09-05 01:39:10,999 [aa0f76fc-0af9-4fba-891f-e6382fa98fe4@group-8615E5D5F589-FollowerState] INFO  impl.RoleInfo (RoleInfo.java:updateAndGet(130)) - aa0f76fc-0af9-4fba-891f-e6382fa98fe4: start aa0f76fc-0af9-4fba-891f-e6382fa98fe4@group-8615E5D5F589-LeaderElection100
2021-09-05 01:39:11,046 [aa0f76fc-0af9-4fba-891f-e6382fa98fe4@group-8615E5D5F589-LeaderElection100] INFO  impl.LeaderElection (LeaderElection.java:askForVotes(306)) - aa0f76fc-0af9-4fba-891f-e6382fa98fe4@group-8615E5D5F589-LeaderElection100 ELECTION round 0: submit vote requests at term 1 for -1: [aa0f76fc-0af9-4fba-891f-e6382fa98fe4|rpc:10.1.0.25:36313|priority:1], old=null
2021-09-05 01:39:11,046 [aa0f76fc-0af9-4fba-891f-e6382fa98fe4@group-8615E5D5F589-LeaderElection100] INFO  impl.LeaderElection (LeaderElection.java:askForVotes(308)) - aa0f76fc-0af9-4fba-891f-e6382fa98fe4@group-8615E5D5F589-LeaderElection100 ELECTION round 0: result PASSED (term=1)
2021-09-05 01:39:11,046 [aa0f76fc-0af9-4fba-891f-e6382fa98fe4@group-8615E5D5F589-LeaderElection100] INFO  impl.RoleInfo (RoleInfo.java:shutdownLeaderElection(121)) - aa0f76fc-0af9-4fba-891f-e6382fa98fe4: shutdown aa0f76fc-0af9-4fba-891f-e6382fa98fe4@group-8615E5D5F589-LeaderElection100
2021-09-05 01:39:11,046 [aa0f76fc-0af9-4fba-891f-e6382fa98fe4@group-8615E5D5F589-LeaderElection100] INFO  server.RaftServer$Division (RaftServerImpl.java:setRole(285)) - aa0f76fc-0af9-4fba-891f-e6382fa98fe4@group-8615E5D5F589: changes role from CANDIDATE to LEADER at term 1 for changeToLeader
2021-09-05 01:39:11,046 [aa0f76fc-0af9-4fba-891f-e6382fa98fe4@group-8615E5D5F589-LeaderElection100] INFO  ratis.XceiverServerRatis (XceiverServerRatis.java:handleLeaderChangedNotification(861)) - Leader change notification received for group: group-8615E5D5F589 with new leaderId: aa0f76fc-0af9-4fba-891f-e6382fa98fe4
2021-09-05 01:39:11,047 [aa0f76fc-0af9-4fba-891f-e6382fa98fe4@group-8615E5D5F589-LeaderElection100] INFO  server.RaftServer$Division (ServerState.java:setLeader(285)) - aa0f76fc-0af9-4fba-891f-e6382fa98fe4@group-8615E5D5F589: change Leader from null to aa0f76fc-0af9-4fba-891f-e6382fa98fe4 at term 1 for becomeLeader, leader elected after 5254ms
2021-09-05 01:39:11,047 [aa0f76fc-0af9-4fba-891f-e6382fa98fe4@group-8615E5D5F589-LeaderElection100] INFO  server.RaftServerConfigKeys (ConfUtils.java:logGet(44)) - raft.server.staging.catchup.gap = 1000 (default)
2021-09-05 01:39:11,047 [aa0f76fc-0af9-4fba-891f-e6382fa98fe4@group-8615E5D5F589-LeaderElection100] INFO  server.RaftServerConfigKeys (ConfUtils.java:logGet(44)) - raft.server.write.element-limit = 1024 (custom)
2021-09-05 01:39:11,047 [aa0f76fc-0af9-4fba-891f-e6382fa98fe4@group-8615E5D5F589-LeaderElection100] INFO  server.RaftServerConfigKeys (ConfUtils.java:logGet(44)) - raft.server.write.byte-limit = 1024 M (=1073741824) (custom)
2021-09-05 01:39:11,050 [aa0f76fc-0af9-4fba-891f-e6382fa98fe4@group-8615E5D5F589-LeaderElection100] INFO  server.RaftServerConfigKeys (ConfUtils.java:logGet(44)) - raft.server.watch.timeout = 3000ms (custom)
2021-09-05 01:39:11,050 [aa0f76fc-0af9-4fba-891f-e6382fa98fe4@group-8615E5D5F589-LeaderElection100] INFO  server.RaftServerConfigKeys (ConfUtils.java:logGet(44)) - raft.server.watch.timeout.denomination = 1s (default)
2021-09-05 01:39:11,050 [aa0f76fc-0af9-4fba-891f-e6382fa98fe4@group-8615E5D5F589-LeaderElection100] INFO  server.RaftServerConfigKeys (ConfUtils.java:logGet(44)) - raft.server.watch.element-limit = 65536 (default)
2021-09-05 01:39:11,052 [aa0f76fc-0af9-4fba-891f-e6382fa98fe4@group-8615E5D5F589-LeaderElection100] INFO  impl.RoleInfo (RoleInfo.java:updateAndGet(130)) - aa0f76fc-0af9-4fba-891f-e6382fa98fe4: start aa0f76fc-0af9-4fba-891f-e6382fa98fe4@group-8615E5D5F589-LeaderStateImpl
2021-09-05 01:39:11,052 [aa0f76fc-0af9-4fba-891f-e6382fa98fe4@group-8615E5D5F589-LeaderElection100] INFO  segmented.SegmentedRaftLogWorker (SegmentedRaftLogWorker.java:startLogSegment(394)) - aa0f76fc-0af9-4fba-891f-e6382fa98fe4@group-8615E5D5F589-SegmentedRaftLogWorker: Starting segment from index:0
2021-09-05 01:39:11,049 [Datanode State Machine Thread - 0] WARN  statemachine.StateContext (StateContext.java:execute(621)) - No available thread in pool for past 1 seconds.
2021-09-05 01:39:11,080 [aa0f76fc-0af9-4fba-891f-e6382fa98fe4@group-8615E5D5F589-SegmentedRaftLogWorker] INFO  segmented.SegmentedRaftLogWorker (SegmentedRaftLogWorker.java:execute(601)) - aa0f76fc-0af9-4fba-891f-e6382fa98fe4@group-8615E5D5F589-SegmentedRaftLogWorker: created new log segment /home/runner/work/ozone/ozone/hadoop-ozone/integration-test/target/test-dir/MiniOzoneClusterImpl-37340386-36af-4fa8-9723-b8f583b28ff6/datanode-5/data/ratis/61f3a5e3-7b62-4327-9fa1-8615e5d5f589/current/log_inprogress_0
2021-09-05 01:39:11,058 [aa0f76fc-0af9-4fba-891f-e6382fa98fe4@group-8615E5D5F589-LeaderElection100] INFO  server.RaftServer$Division (ServerState.java:setRaftConf(387)) - aa0f76fc-0af9-4fba-891f-e6382fa98fe4@group-8615E5D5F589: set configuration 0: [aa0f76fc-0af9-4fba-891f-e6382fa98fe4|rpc:10.1.0.25:36313|dataStream:|priority:1], old=null
2021-09-05 01:39:11,316 [Datanode State Machine Thread - 0] INFO  statemachine.DatanodeStateMachine (DatanodeStateMachine.java:lambda$startDaemon$0(457)) - Ozone container server started.
2021-09-05 01:39:11,663 [54b0752d-9f85-41d1-82b7-176712dc42d8@group-2BD2BDD8F704-FollowerState] INFO  impl.FollowerState (FollowerState.java:run(134)) - 54b0752d-9f85-41d1-82b7-176712dc42d8@group-2BD2BDD8F704-FollowerState: change to CANDIDATE, lastRpcElapsedTime:5146203399ns, electionTimeout:5086ms
2021-09-05 01:39:11,663 [54b0752d-9f85-41d1-82b7-176712dc42d8@group-2BD2BDD8F704-FollowerState] INFO  impl.RoleInfo (RoleInfo.java:shutdownFollowerState(108)) - 54b0752d-9f85-41d1-82b7-176712dc42d8: shutdown 54b0752d-9f85-41d1-82b7-176712dc42d8@group-2BD2BDD8F704-FollowerState
2021-09-05 01:39:11,664 [54b0752d-9f85-41d1-82b7-176712dc42d8@group-2BD2BDD8F704-FollowerState] INFO  server.RaftServer$Division (RaftServerImpl.java:setRole(285)) - 54b0752d-9f85-41d1-82b7-176712dc42d8@group-2BD2BDD8F704: changes role from  FOLLOWER to CANDIDATE at term 0 for changeToCandidate
2021-09-05 01:39:11,681 [54b0752d-9f85-41d1-82b7-176712dc42d8@group-2BD2BDD8F704-FollowerState] INFO  server.RaftServerConfigKeys (ConfUtils.java:logGet(44)) - raft.server.leaderelection.pre-vote = false (custom)
2021-09-05 01:39:11,681 [54b0752d-9f85-41d1-82b7-176712dc42d8@group-2BD2BDD8F704-FollowerState] INFO  impl.RoleInfo (RoleInfo.java:updateAndGet(130)) - 54b0752d-9f85-41d1-82b7-176712dc42d8: start 54b0752d-9f85-41d1-82b7-176712dc42d8@group-2BD2BDD8F704-LeaderElection101
2021-09-05 01:39:11,720 [54b0752d-9f85-41d1-82b7-176712dc42d8@group-2BD2BDD8F704-LeaderElection101] INFO  impl.LeaderElection (LeaderElection.java:askForVotes(306)) - 54b0752d-9f85-41d1-82b7-176712dc42d8@group-2BD2BDD8F704-LeaderElection101 ELECTION round 0: submit vote requests at term 1 for -1: [54b0752d-9f85-41d1-82b7-176712dc42d8|rpc:10.1.0.25:45159|priority:1], old=null
2021-09-05 01:39:11,720 [54b0752d-9f85-41d1-82b7-176712dc42d8@group-2BD2BDD8F704-LeaderElection101] INFO  impl.LeaderElection (LeaderElection.java:askForVotes(308)) - 54b0752d-9f85-41d1-82b7-176712dc42d8@group-2BD2BDD8F704-LeaderElection101 ELECTION round 0: result PASSED (term=1)
2021-09-05 01:39:11,720 [54b0752d-9f85-41d1-82b7-176712dc42d8@group-2BD2BDD8F704-LeaderElection101] INFO  impl.RoleInfo (RoleInfo.java:shutdownLeaderElection(121)) - 54b0752d-9f85-41d1-82b7-176712dc42d8: shutdown 54b0752d-9f85-41d1-82b7-176712dc42d8@group-2BD2BDD8F704-LeaderElection101
2021-09-05 01:39:11,720 [54b0752d-9f85-41d1-82b7-176712dc42d8@group-2BD2BDD8F704-LeaderElection101] INFO  server.RaftServer$Division (RaftServerImpl.java:setRole(285)) - 54b0752d-9f85-41d1-82b7-176712dc42d8@group-2BD2BDD8F704: changes role from CANDIDATE to LEADER at term 1 for changeToLeader
2021-09-05 01:39:11,720 [54b0752d-9f85-41d1-82b7-176712dc42d8@group-2BD2BDD8F704-LeaderElection101] INFO  ratis.XceiverServerRatis (XceiverServerRatis.java:handleLeaderChangedNotification(861)) - Leader change notification received for group: group-2BD2BDD8F704 with new leaderId: 54b0752d-9f85-41d1-82b7-176712dc42d8
2021-09-05 01:39:11,721 [54b0752d-9f85-41d1-82b7-176712dc42d8@group-2BD2BDD8F704-LeaderElection101] INFO  server.RaftServer$Division (ServerState.java:setLeader(285)) - 54b0752d-9f85-41d1-82b7-176712dc42d8@group-2BD2BDD8F704: change Leader from null to 54b0752d-9f85-41d1-82b7-176712dc42d8 at term 1 for becomeLeader, leader elected after 5230ms
2021-09-05 01:39:11,721 [Datanode State Machine Thread - 0] WARN  statemachine.StateContext (StateContext.java:execute(621)) - No available thread in pool for past 1 seconds.
2021-09-05 01:39:11,721 [54b0752d-9f85-41d1-82b7-176712dc42d8@group-2BD2BDD8F704-LeaderElection101] INFO  server.RaftServerConfigKeys (ConfUtils.java:logGet(44)) - raft.server.staging.catchup.gap = 1000 (default)
2021-09-05 01:39:11,721 [54b0752d-9f85-41d1-82b7-176712dc42d8@group-2BD2BDD8F704-LeaderElection101] INFO  server.RaftServerConfigKeys (ConfUtils.java:logGet(44)) - raft.server.write.element-limit = 1024 (custom)
2021-09-05 01:39:11,721 [54b0752d-9f85-41d1-82b7-176712dc42d8@group-2BD2BDD8F704-LeaderElection101] INFO  server.RaftServerConfigKeys (ConfUtils.java:logGet(44)) - raft.server.write.byte-limit = 1024 M (=1073741824) (custom)
2021-09-05 01:39:11,722 [54b0752d-9f85-41d1-82b7-176712dc42d8@group-2BD2BDD8F704-LeaderElection101] INFO  server.RaftServerConfigKeys (ConfUtils.java:logGet(44)) - raft.server.watch.timeout = 3000ms (custom)
2021-09-05 01:39:11,722 [54b0752d-9f85-41d1-82b7-176712dc42d8@group-2BD2BDD8F704-LeaderElection101] INFO  server.RaftServerConfigKeys (ConfUtils.java:logGet(44)) - raft.server.watch.timeout.denomination = 1s (default)
2021-09-05 01:39:11,722 [54b0752d-9f85-41d1-82b7-176712dc42d8@group-2BD2BDD8F704-LeaderElection101] INFO  server.RaftServerConfigKeys (ConfUtils.java:logGet(44)) - raft.server.watch.element-limit = 65536 (default)
2021-09-05 01:39:11,722 [54b0752d-9f85-41d1-82b7-176712dc42d8@group-2BD2BDD8F704-LeaderElection101] INFO  impl.RoleInfo (RoleInfo.java:updateAndGet(130)) - 54b0752d-9f85-41d1-82b7-176712dc42d8: start 54b0752d-9f85-41d1-82b7-176712dc42d8@group-2BD2BDD8F704-LeaderStateImpl
2021-09-05 01:39:11,722 [54b0752d-9f85-41d1-82b7-176712dc42d8@group-2BD2BDD8F704-LeaderElection101] INFO  segmented.SegmentedRaftLogWorker (SegmentedRaftLogWorker.java:startLogSegment(394)) - 54b0752d-9f85-41d1-82b7-176712dc42d8@group-2BD2BDD8F704-SegmentedRaftLogWorker: Starting segment from index:0
2021-09-05 01:39:11,723 [54b0752d-9f85-41d1-82b7-176712dc42d8@group-2BD2BDD8F704-SegmentedRaftLogWorker] INFO  segmented.SegmentedRaftLogWorker (SegmentedRaftLogWorker.java:execute(601)) - 54b0752d-9f85-41d1-82b7-176712dc42d8@group-2BD2BDD8F704-SegmentedRaftLogWorker: created new log segment /home/runner/work/ozone/ozone/hadoop-ozone/integration-test/target/test-dir/MiniOzoneClusterImpl-37340386-36af-4fa8-9723-b8f583b28ff6/datanode-6/data/ratis/eb7b4621-d76e-4a05-a2d4-2bd2bdd8f704/current/log_inprogress_0
2021-09-05 01:39:11,746 [54b0752d-9f85-41d1-82b7-176712dc42d8@group-2BD2BDD8F704-LeaderElection101] INFO  server.RaftServer$Division (ServerState.java:setRaftConf(387)) - 54b0752d-9f85-41d1-82b7-176712dc42d8@group-2BD2BDD8F704: set configuration 0: [54b0752d-9f85-41d1-82b7-176712dc42d8|rpc:10.1.0.25:45159|dataStream:|priority:1], old=null
2021-09-05 01:39:12,985 [be41d154-e08a-4361-999c-a2746058d00f@group-C6B97DF9FEBA-FollowerState] INFO  impl.FollowerState (FollowerState.java:run(134)) - be41d154-e08a-4361-999c-a2746058d00f@group-C6B97DF9FEBA-FollowerState: change to CANDIDATE, lastRpcElapsedTime:5136313526ns, electionTimeout:5100ms
2021-09-05 01:39:12,986 [be41d154-e08a-4361-999c-a2746058d00f@group-C6B97DF9FEBA-FollowerState] INFO  impl.RoleInfo (RoleInfo.java:shutdownFollowerState(108)) - be41d154-e08a-4361-999c-a2746058d00f: shutdown be41d154-e08a-4361-999c-a2746058d00f@group-C6B97DF9FEBA-FollowerState
2021-09-05 01:39:12,986 [be41d154-e08a-4361-999c-a2746058d00f@group-C6B97DF9FEBA-FollowerState] INFO  server.RaftServer$Division (RaftServerImpl.java:setRole(285)) - be41d154-e08a-4361-999c-a2746058d00f@group-C6B97DF9FEBA: changes role from  FOLLOWER to CANDIDATE at term 1 for changeToCandidate
2021-09-05 01:39:12,986 [be41d154-e08a-4361-999c-a2746058d00f@group-C6B97DF9FEBA-FollowerState] INFO  server.RaftServerConfigKeys (ConfUtils.java:logGet(44)) - raft.server.leaderelection.pre-vote = false (custom)
2021-09-05 01:39:12,986 [be41d154-e08a-4361-999c-a2746058d00f@group-C6B97DF9FEBA-FollowerState] INFO  impl.RoleInfo (RoleInfo.java:updateAndGet(130)) - be41d154-e08a-4361-999c-a2746058d00f: start be41d154-e08a-4361-999c-a2746058d00f@group-C6B97DF9FEBA-LeaderElection102
2021-09-05 01:39:13,035 [cff69f77-ea12-413c-a988-d2a44a5ca406@group-C6B97DF9FEBA-FollowerState] INFO  impl.FollowerState (FollowerState.java:run(134)) - cff69f77-ea12-413c-a988-d2a44a5ca406@group-C6B97DF9FEBA-FollowerState: change to CANDIDATE, lastRpcElapsedTime:5146572181ns, electionTimeout:5102ms
2021-09-05 01:39:13,036 [cff69f77-ea12-413c-a988-d2a44a5ca406@group-C6B97DF9FEBA-FollowerState] INFO  impl.RoleInfo (RoleInfo.java:shutdownFollowerState(108)) - cff69f77-ea12-413c-a988-d2a44a5ca406: shutdown cff69f77-ea12-413c-a988-d2a44a5ca406@group-C6B97DF9FEBA-FollowerState
2021-09-05 01:39:13,036 [cff69f77-ea12-413c-a988-d2a44a5ca406@group-C6B97DF9FEBA-FollowerState] INFO  server.RaftServer$Division (RaftServerImpl.java:setRole(285)) - cff69f77-ea12-413c-a988-d2a44a5ca406@group-C6B97DF9FEBA: changes role from  FOLLOWER to CANDIDATE at term 1 for changeToCandidate
2021-09-05 01:39:13,036 [cff69f77-ea12-413c-a988-d2a44a5ca406@group-C6B97DF9FEBA-FollowerState] INFO  server.RaftServerConfigKeys (ConfUtils.java:logGet(44)) - raft.server.leaderelection.pre-vote = false (custom)
2021-09-05 01:39:13,036 [cff69f77-ea12-413c-a988-d2a44a5ca406@group-C6B97DF9FEBA-FollowerState] INFO  impl.RoleInfo (RoleInfo.java:updateAndGet(130)) - cff69f77-ea12-413c-a988-d2a44a5ca406: start cff69f77-ea12-413c-a988-d2a44a5ca406@group-C6B97DF9FEBA-LeaderElection103
2021-09-05 01:39:13,047 [be41d154-e08a-4361-999c-a2746058d00f@group-C6B97DF9FEBA-LeaderElection102] INFO  impl.LeaderElection (LeaderElection.java:askForVotes(306)) - be41d154-e08a-4361-999c-a2746058d00f@group-C6B97DF9FEBA-LeaderElection102 ELECTION round 0: submit vote requests at term 2 for -1: [fdb9e53e-0679-45da-9a61-20e122f839df|rpc:10.1.0.25:40867|dataStream:|priority:0, cff69f77-ea12-413c-a988-d2a44a5ca406|rpc:10.1.0.25:34387|dataStream:|priority:0, be41d154-e08a-4361-999c-a2746058d00f|rpc:10.1.0.25:33043|dataStream:|priority:1], old=null
2021-09-05 01:39:13,082 [cff69f77-ea12-413c-a988-d2a44a5ca406@group-C6B97DF9FEBA-LeaderElection103] INFO  impl.LeaderElection (LeaderElection.java:askForVotes(306)) - cff69f77-ea12-413c-a988-d2a44a5ca406@group-C6B97DF9FEBA-LeaderElection103 ELECTION round 0: submit vote requests at term 2 for -1: [fdb9e53e-0679-45da-9a61-20e122f839df|rpc:10.1.0.25:40867|priority:0, cff69f77-ea12-413c-a988-d2a44a5ca406|rpc:10.1.0.25:34387|priority:0, be41d154-e08a-4361-999c-a2746058d00f|rpc:10.1.0.25:33043|priority:1], old=null
2021-09-05 01:39:13,086 [grpc-default-executor-2] INFO  server.RaftServer$Division (RaftServerImpl.java:requestVote(1043)) - fdb9e53e-0679-45da-9a61-20e122f839df@group-C6B97DF9FEBA: receive requestVote(ELECTION, be41d154-e08a-4361-999c-a2746058d00f, group-C6B97DF9FEBA, 2, (t:0, i:0))
2021-09-05 01:39:13,094 [grpc-default-executor-2] INFO  impl.VoteContext (VoteContext.java:log(48)) - fdb9e53e-0679-45da-9a61-20e122f839df@group-C6B97DF9FEBA-FOLLOWER: accept ELECTION from be41d154-e08a-4361-999c-a2746058d00f: our priority 0 <= candidate's priority 1
2021-09-05 01:39:13,094 [grpc-default-executor-2] INFO  server.RaftServer$Division (RaftServerImpl.java:setRole(285)) - fdb9e53e-0679-45da-9a61-20e122f839df@group-C6B97DF9FEBA: changes role from  FOLLOWER to FOLLOWER at term 2 for candidate:be41d154-e08a-4361-999c-a2746058d00f
2021-09-05 01:39:13,094 [grpc-default-executor-2] INFO  impl.RoleInfo (RoleInfo.java:shutdownFollowerState(108)) - fdb9e53e-0679-45da-9a61-20e122f839df: shutdown fdb9e53e-0679-45da-9a61-20e122f839df@group-C6B97DF9FEBA-FollowerState
2021-09-05 01:39:13,094 [grpc-default-executor-2] INFO  impl.RoleInfo (RoleInfo.java:updateAndGet(130)) - fdb9e53e-0679-45da-9a61-20e122f839df: start fdb9e53e-0679-45da-9a61-20e122f839df@group-C6B97DF9FEBA-FollowerState
2021-09-05 01:39:13,097 [fdb9e53e-0679-45da-9a61-20e122f839df@group-C6B97DF9FEBA-FollowerState] INFO  impl.FollowerState (FollowerState.java:run(143)) - fdb9e53e-0679-45da-9a61-20e122f839df@group-C6B97DF9FEBA-FollowerState was interrupted: {}
java.lang.InterruptedException: sleep interrupted
	at java.lang.Thread.sleep(Native Method)
	at java.lang.Thread.sleep(Thread.java:340)
	at java.util.concurrent.TimeUnit.sleep(TimeUnit.java:386)
	at org.apache.ratis.util.TimeDuration.sleep(TimeDuration.java:324)
	at org.apache.ratis.util.TimeDuration.sleep(TimeDuration.java:309)
	at org.apache.ratis.server.impl.FollowerState.run(FollowerState.java:118)
2021-09-05 01:39:13,113 [grpc-default-executor-2] INFO  server.RaftServer$Division (RaftServerImpl.java:requestVote(1075)) - fdb9e53e-0679-45da-9a61-20e122f839df@group-C6B97DF9FEBA replies to ELECTION vote request: be41d154-e08a-4361-999c-a2746058d00f<-fdb9e53e-0679-45da-9a61-20e122f839df#0:OK-t2. Peer's state: fdb9e53e-0679-45da-9a61-20e122f839df@group-C6B97DF9FEBA:t2, leader=null, voted=be41d154-e08a-4361-999c-a2746058d00f, raftlog=fdb9e53e-0679-45da-9a61-20e122f839df@group-C6B97DF9FEBA-SegmentedRaftLog:OPENED:c-1,f-1,i0, conf=-1: [fdb9e53e-0679-45da-9a61-20e122f839df|rpc:10.1.0.25:40867|dataStream:|priority:0, cff69f77-ea12-413c-a988-d2a44a5ca406|rpc:10.1.0.25:34387|dataStream:|priority:0, be41d154-e08a-4361-999c-a2746058d00f|rpc:10.1.0.25:33043|dataStream:|priority:1], old=null
2021-09-05 01:39:13,114 [be41d154-e08a-4361-999c-a2746058d00f@group-C6B97DF9FEBA-LeaderElection102] INFO  impl.LeaderElection (LeaderElection.java:logAndReturn(89)) - be41d154-e08a-4361-999c-a2746058d00f@group-C6B97DF9FEBA-LeaderElection102: ELECTION PASSED received 1 response(s) and 0 exception(s):
2021-09-05 01:39:13,114 [be41d154-e08a-4361-999c-a2746058d00f@group-C6B97DF9FEBA-LeaderElection102] INFO  impl.LeaderElection (LeaderElection.java:logAndReturn(93)) -   Response 0: be41d154-e08a-4361-999c-a2746058d00f<-fdb9e53e-0679-45da-9a61-20e122f839df#0:OK-t2
2021-09-05 01:39:13,114 [be41d154-e08a-4361-999c-a2746058d00f@group-C6B97DF9FEBA-LeaderElection102] INFO  impl.LeaderElection (LeaderElection.java:askForVotes(308)) - be41d154-e08a-4361-999c-a2746058d00f@group-C6B97DF9FEBA-LeaderElection102 ELECTION round 0: result PASSED
2021-09-05 01:39:13,114 [be41d154-e08a-4361-999c-a2746058d00f@group-C6B97DF9FEBA-LeaderElection102] INFO  impl.RoleInfo (RoleInfo.java:shutdownLeaderElection(121)) - be41d154-e08a-4361-999c-a2746058d00f: shutdown be41d154-e08a-4361-999c-a2746058d00f@group-C6B97DF9FEBA-LeaderElection102
2021-09-05 01:39:13,114 [be41d154-e08a-4361-999c-a2746058d00f@group-C6B97DF9FEBA-LeaderElection102] INFO  server.RaftServer$Division (RaftServerImpl.java:setRole(285)) - be41d154-e08a-4361-999c-a2746058d00f@group-C6B97DF9FEBA: changes role from CANDIDATE to LEADER at term 2 for changeToLeader
2021-09-05 01:39:13,114 [be41d154-e08a-4361-999c-a2746058d00f@group-C6B97DF9FEBA-LeaderElection102] INFO  ratis.XceiverServerRatis (XceiverServerRatis.java:handleLeaderChangedNotification(861)) - Leader change notification received for group: group-C6B97DF9FEBA with new leaderId: be41d154-e08a-4361-999c-a2746058d00f
2021-09-05 01:39:13,114 [be41d154-e08a-4361-999c-a2746058d00f@group-C6B97DF9FEBA-LeaderElection102] INFO  server.RaftServer$Division (ServerState.java:setLeader(285)) - be41d154-e08a-4361-999c-a2746058d00f@group-C6B97DF9FEBA: change Leader from null to be41d154-e08a-4361-999c-a2746058d00f at term 2 for becomeLeader, leader elected after 9647ms
2021-09-05 01:39:13,114 [be41d154-e08a-4361-999c-a2746058d00f@group-C6B97DF9FEBA-LeaderElection102] INFO  server.RaftServerConfigKeys (ConfUtils.java:logGet(44)) - raft.server.staging.catchup.gap = 1000 (default)
2021-09-05 01:39:13,114 [be41d154-e08a-4361-999c-a2746058d00f@group-C6B97DF9FEBA-LeaderElection102] INFO  server.RaftServerConfigKeys (ConfUtils.java:logGet(44)) - raft.server.write.element-limit = 1024 (custom)
2021-09-05 01:39:13,115 [be41d154-e08a-4361-999c-a2746058d00f@group-C6B97DF9FEBA-LeaderElection102] INFO  server.RaftServerConfigKeys (ConfUtils.java:logGet(44)) - raft.server.write.byte-limit = 1024 M (=1073741824) (custom)
2021-09-05 01:39:13,115 [be41d154-e08a-4361-999c-a2746058d00f@group-C6B97DF9FEBA-LeaderElection102] INFO  server.RaftServerConfigKeys (ConfUtils.java:logGet(44)) - raft.server.watch.timeout = 3000ms (custom)
2021-09-05 01:39:13,115 [be41d154-e08a-4361-999c-a2746058d00f@group-C6B97DF9FEBA-LeaderElection102] INFO  server.RaftServerConfigKeys (ConfUtils.java:logGet(44)) - raft.server.watch.timeout.denomination = 1s (default)
2021-09-05 01:39:13,115 [be41d154-e08a-4361-999c-a2746058d00f@group-C6B97DF9FEBA-LeaderElection102] INFO  server.RaftServerConfigKeys (ConfUtils.java:logGet(44)) - raft.server.watch.element-limit = 65536 (default)
2021-09-05 01:39:13,115 [be41d154-e08a-4361-999c-a2746058d00f@group-C6B97DF9FEBA-LeaderElection102] INFO  server.RaftServerConfigKeys (ConfUtils.java:logGet(44)) - raft.server.log.appender.snapshot.chunk.size.max = 16MB (=16777216) (default)
2021-09-05 01:39:13,115 [be41d154-e08a-4361-999c-a2746058d00f@group-C6B97DF9FEBA-LeaderElection102] INFO  server.RaftServerConfigKeys (ConfUtils.java:logGet(44)) - raft.server.log.appender.buffer.byte-limit = 33554432 (custom)
2021-09-05 01:39:13,115 [be41d154-e08a-4361-999c-a2746058d00f@group-C6B97DF9FEBA-LeaderElection102] INFO  server.RaftServerConfigKeys (ConfUtils.java:logGet(44)) - raft.server.log.appender.buffer.element-limit = 1 (custom)
2021-09-05 01:39:13,115 [be41d154-e08a-4361-999c-a2746058d00f@group-C6B97DF9FEBA-LeaderElection102] INFO  grpc.GrpcConfigKeys (ConfUtils.java:logGet(44)) - raft.grpc.server.leader.outstanding.appends.max = 128 (default)
2021-09-05 01:39:13,115 [be41d154-e08a-4361-999c-a2746058d00f@group-C6B97DF9FEBA-LeaderElection102] INFO  server.RaftServerConfigKeys (ConfUtils.java:logGet(44)) - raft.server.rpc.request.timeout = 3000ms (default)
2021-09-05 01:39:13,115 [be41d154-e08a-4361-999c-a2746058d00f@group-C6B97DF9FEBA-LeaderElection102] INFO  server.RaftServerConfigKeys (ConfUtils.java:logGet(44)) - raft.server.log.appender.install.snapshot.enabled = false (custom)
2021-09-05 01:39:13,117 [be41d154-e08a-4361-999c-a2746058d00f@group-C6B97DF9FEBA-LeaderElection102] INFO  server.RaftServerConfigKeys (ConfUtils.java:logGet(44)) - raft.server.log.appender.snapshot.chunk.size.max = 16MB (=16777216) (default)
2021-09-05 01:39:13,117 [be41d154-e08a-4361-999c-a2746058d00f@group-C6B97DF9FEBA-LeaderElection102] INFO  server.RaftServerConfigKeys (ConfUtils.java:logGet(44)) - raft.server.log.appender.buffer.byte-limit = 33554432 (custom)
2021-09-05 01:39:13,117 [be41d154-e08a-4361-999c-a2746058d00f@group-C6B97DF9FEBA-LeaderElection102] INFO  server.RaftServerConfigKeys (ConfUtils.java:logGet(44)) - raft.server.log.appender.buffer.element-limit = 1 (custom)
2021-09-05 01:39:13,117 [be41d154-e08a-4361-999c-a2746058d00f@group-C6B97DF9FEBA-LeaderElection102] INFO  grpc.GrpcConfigKeys (ConfUtils.java:logGet(44)) - raft.grpc.server.leader.outstanding.appends.max = 128 (default)
2021-09-05 01:39:13,117 [be41d154-e08a-4361-999c-a2746058d00f@group-C6B97DF9FEBA-LeaderElection102] INFO  server.RaftServerConfigKeys (ConfUtils.java:logGet(44)) - raft.server.rpc.request.timeout = 3000ms (default)
2021-09-05 01:39:13,117 [be41d154-e08a-4361-999c-a2746058d00f@group-C6B97DF9FEBA-LeaderElection102] INFO  server.RaftServerConfigKeys (ConfUtils.java:logGet(44)) - raft.server.log.appender.install.snapshot.enabled = false (custom)
2021-09-05 01:39:13,117 [Datanode State Machine Thread - 0] WARN  statemachine.StateContext (StateContext.java:execute(621)) - No available thread in pool for past 1 seconds.
2021-09-05 01:39:13,118 [EventQueue-PipelineReportForPipelineReportHandler] INFO  pipeline.PipelineManagerImpl (PipelineManagerImpl.java:openPipeline(282)) - Pipeline Pipeline[ Id: 61f36f49-61fb-4aab-819c-c6b97df9feba, Nodes: cff69f77-ea12-413c-a988-d2a44a5ca406{ip: 10.1.0.25, host: fv-az270-420.tacnzluakwdehk1hpragurqkma.bx.internal.cloudapp.net, ports: [REPLICATION=40651, RATIS=34387, RATIS_ADMIN=34387, RATIS_SERVER=34387, STANDALONE=34759], networkLocation: /default-rack, certSerialId: null, persistedOpState: IN_SERVICE, persistedOpStateExpiryEpochSec: 0}fdb9e53e-0679-45da-9a61-20e122f839df{ip: 10.1.0.25, host: fv-az270-420.tacnzluakwdehk1hpragurqkma.bx.internal.cloudapp.net, ports: [REPLICATION=45811, RATIS=40867, RATIS_ADMIN=40867, RATIS_SERVER=40867, STANDALONE=43325], networkLocation: /default-rack, certSerialId: null, persistedOpState: IN_SERVICE, persistedOpStateExpiryEpochSec: 0}be41d154-e08a-4361-999c-a2746058d00f{ip: 10.1.0.25, host: fv-az270-420.tacnzluakwdehk1hpragurqkma.bx.internal.cloudapp.net, ports: [REPLICATION=33191, RATIS=33043, RATIS_ADMIN=33043, RATIS_SERVER=33043, STANDALONE=37769], networkLocation: /default-rack, certSerialId: null, persistedOpState: IN_SERVICE, persistedOpStateExpiryEpochSec: 0}, ReplicationConfig: RATIS/THREE, State:ALLOCATED, leaderId:be41d154-e08a-4361-999c-a2746058d00f, CreationTimestamp2021-09-05T01:39:00.739Z[Etc/UTC]] moved to OPEN state
2021-09-05 01:39:13,128 [grpc-default-executor-2] INFO  server.RaftServer$Division (RaftServerImpl.java:requestVote(1043)) - cff69f77-ea12-413c-a988-d2a44a5ca406@group-C6B97DF9FEBA: receive requestVote(ELECTION, be41d154-e08a-4361-999c-a2746058d00f, group-C6B97DF9FEBA, 2, (t:0, i:0))
2021-09-05 01:39:13,128 [grpc-default-executor-2] INFO  impl.VoteContext (VoteContext.java:log(48)) - cff69f77-ea12-413c-a988-d2a44a5ca406@group-C6B97DF9FEBA-CANDIDATE: reject ELECTION from be41d154-e08a-4361-999c-a2746058d00f: already has voted for cff69f77-ea12-413c-a988-d2a44a5ca406 at current term 2
2021-09-05 01:39:13,128 [grpc-default-executor-2] INFO  server.RaftServer$Division (RaftServerImpl.java:requestVote(1075)) - cff69f77-ea12-413c-a988-d2a44a5ca406@group-C6B97DF9FEBA replies to ELECTION vote request: be41d154-e08a-4361-999c-a2746058d00f<-cff69f77-ea12-413c-a988-d2a44a5ca406#0:FAIL-t2. Peer's state: cff69f77-ea12-413c-a988-d2a44a5ca406@group-C6B97DF9FEBA:t2, leader=null, voted=cff69f77-ea12-413c-a988-d2a44a5ca406, raftlog=cff69f77-ea12-413c-a988-d2a44a5ca406@group-C6B97DF9FEBA-SegmentedRaftLog:OPENED:c-1,f-1,i0, conf=-1: [fdb9e53e-0679-45da-9a61-20e122f839df|rpc:10.1.0.25:40867|priority:0, cff69f77-ea12-413c-a988-d2a44a5ca406|rpc:10.1.0.25:34387|priority:0, be41d154-e08a-4361-999c-a2746058d00f|rpc:10.1.0.25:33043|priority:1], old=null
2021-09-05 01:39:13,141 [be41d154-e08a-4361-999c-a2746058d00f@group-C6B97DF9FEBA-LeaderElection102] INFO  impl.RoleInfo (RoleInfo.java:updateAndGet(130)) - be41d154-e08a-4361-999c-a2746058d00f: start be41d154-e08a-4361-999c-a2746058d00f@group-C6B97DF9FEBA-LeaderStateImpl
2021-09-05 01:39:13,142 [be41d154-e08a-4361-999c-a2746058d00f@group-C6B97DF9FEBA-LeaderElection102] INFO  segmented.SegmentedRaftLogWorker (SegmentedRaftLogWorker.java:startLogSegment(394)) - be41d154-e08a-4361-999c-a2746058d00f@group-C6B97DF9FEBA-SegmentedRaftLogWorker: Starting segment from index:0
2021-09-05 01:39:13,159 [grpc-default-executor-2] INFO  server.RaftServer$Division (RaftServerImpl.java:requestVote(1043)) - be41d154-e08a-4361-999c-a2746058d00f@group-C6B97DF9FEBA: receive requestVote(ELECTION, cff69f77-ea12-413c-a988-d2a44a5ca406, group-C6B97DF9FEBA, 2, (t:0, i:0))
2021-09-05 01:39:13,162 [grpc-default-executor-0] INFO  server.RaftServer$Division (RaftServerImpl.java:requestVote(1043)) - fdb9e53e-0679-45da-9a61-20e122f839df@group-C6B97DF9FEBA: receive requestVote(ELECTION, cff69f77-ea12-413c-a988-d2a44a5ca406, group-C6B97DF9FEBA, 2, (t:0, i:0))
2021-09-05 01:39:13,162 [grpc-default-executor-0] INFO  impl.VoteContext (VoteContext.java:log(48)) - fdb9e53e-0679-45da-9a61-20e122f839df@group-C6B97DF9FEBA-FOLLOWER: reject ELECTION from cff69f77-ea12-413c-a988-d2a44a5ca406: already has voted for be41d154-e08a-4361-999c-a2746058d00f at current term 2
2021-09-05 01:39:13,162 [grpc-default-executor-0] INFO  server.RaftServer$Division (RaftServerImpl.java:requestVote(1075)) - fdb9e53e-0679-45da-9a61-20e122f839df@group-C6B97DF9FEBA replies to ELECTION vote request: cff69f77-ea12-413c-a988-d2a44a5ca406<-fdb9e53e-0679-45da-9a61-20e122f839df#0:FAIL-t2. Peer's state: fdb9e53e-0679-45da-9a61-20e122f839df@group-C6B97DF9FEBA:t2, leader=null, voted=be41d154-e08a-4361-999c-a2746058d00f, raftlog=fdb9e53e-0679-45da-9a61-20e122f839df@group-C6B97DF9FEBA-SegmentedRaftLog:OPENED:c-1,f-1,i0, conf=-1: [fdb9e53e-0679-45da-9a61-20e122f839df|rpc:10.1.0.25:40867|dataStream:|priority:0, cff69f77-ea12-413c-a988-d2a44a5ca406|rpc:10.1.0.25:34387|dataStream:|priority:0, be41d154-e08a-4361-999c-a2746058d00f|rpc:10.1.0.25:33043|dataStream:|priority:1], old=null
2021-09-05 01:39:13,162 [be41d154-e08a-4361-999c-a2746058d00f@group-C6B97DF9FEBA-SegmentedRaftLogWorker] INFO  segmented.SegmentedRaftLogWorker (SegmentedRaftLogWorker.java:execute(601)) - be41d154-e08a-4361-999c-a2746058d00f@group-C6B97DF9FEBA-SegmentedRaftLogWorker: created new log segment /home/runner/work/ozone/ozone/hadoop-ozone/integration-test/target/test-dir/MiniOzoneClusterImpl-37340386-36af-4fa8-9723-b8f583b28ff6/datanode-2/data/ratis/61f36f49-61fb-4aab-819c-c6b97df9feba/current/log_inprogress_0
2021-09-05 01:39:13,206 [be41d154-e08a-4361-999c-a2746058d00f@group-C6B97DF9FEBA-LeaderElection102] INFO  server.RaftServer$Division (ServerState.java:setRaftConf(387)) - be41d154-e08a-4361-999c-a2746058d00f@group-C6B97DF9FEBA: set configuration 0: [fdb9e53e-0679-45da-9a61-20e122f839df|rpc:10.1.0.25:40867|dataStream:|priority:0, cff69f77-ea12-413c-a988-d2a44a5ca406|rpc:10.1.0.25:34387|dataStream:|priority:0, be41d154-e08a-4361-999c-a2746058d00f|rpc:10.1.0.25:33043|dataStream:|priority:1], old=null
2021-09-05 01:39:13,224 [grpc-default-executor-0] INFO  ratis.XceiverServerRatis (XceiverServerRatis.java:handleLeaderChangedNotification(861)) - Leader change notification received for group: group-C6B97DF9FEBA with new leaderId: be41d154-e08a-4361-999c-a2746058d00f
2021-09-05 01:39:13,240 [grpc-default-executor-0] INFO  server.RaftServer$Division (ServerState.java:setLeader(285)) - fdb9e53e-0679-45da-9a61-20e122f839df@group-C6B97DF9FEBA: change Leader from null to be41d154-e08a-4361-999c-a2746058d00f at term 2 for appendEntries, leader elected after 10315ms
2021-09-05 01:39:13,269 [grpc-default-executor-3] INFO  server.RaftServer$Division (RaftServerImpl.java:setRole(285)) - cff69f77-ea12-413c-a988-d2a44a5ca406@group-C6B97DF9FEBA: changes role from CANDIDATE to FOLLOWER at term 2 for appendEntries
2021-09-05 01:39:13,269 [grpc-default-executor-3] INFO  impl.RoleInfo (RoleInfo.java:shutdownLeaderElection(121)) - cff69f77-ea12-413c-a988-d2a44a5ca406: shutdown cff69f77-ea12-413c-a988-d2a44a5ca406@group-C6B97DF9FEBA-LeaderElection103
2021-09-05 01:39:13,279 [grpc-default-executor-3] INFO  impl.RoleInfo (RoleInfo.java:updateAndGet(130)) - cff69f77-ea12-413c-a988-d2a44a5ca406: start cff69f77-ea12-413c-a988-d2a44a5ca406@group-C6B97DF9FEBA-FollowerState
2021-09-05 01:39:13,289 [grpc-default-executor-3] INFO  ratis.XceiverServerRatis (XceiverServerRatis.java:handleLeaderChangedNotification(861)) - Leader change notification received for group: group-C6B97DF9FEBA with new leaderId: be41d154-e08a-4361-999c-a2746058d00f
2021-09-05 01:39:13,289 [grpc-default-executor-3] INFO  server.RaftServer$Division (ServerState.java:setLeader(285)) - cff69f77-ea12-413c-a988-d2a44a5ca406@group-C6B97DF9FEBA: change Leader from null to be41d154-e08a-4361-999c-a2746058d00f at term 2 for appendEntries, leader elected after 10663ms
2021-09-05 01:39:13,303 [grpc-default-executor-0] INFO  server.RaftServer$Division (ServerState.java:setRaftConf(387)) - fdb9e53e-0679-45da-9a61-20e122f839df@group-C6B97DF9FEBA: set configuration 0: [fdb9e53e-0679-45da-9a61-20e122f839df|rpc:10.1.0.25:40867|dataStream:|priority:0, cff69f77-ea12-413c-a988-d2a44a5ca406|rpc:10.1.0.25:34387|dataStream:|priority:0, be41d154-e08a-4361-999c-a2746058d00f|rpc:10.1.0.25:33043|dataStream:|priority:1], old=null
2021-09-05 01:39:13,304 [grpc-default-executor-0] INFO  segmented.SegmentedRaftLogWorker (SegmentedRaftLogWorker.java:startLogSegment(394)) - fdb9e53e-0679-45da-9a61-20e122f839df@group-C6B97DF9FEBA-SegmentedRaftLogWorker: Starting segment from index:0
2021-09-05 01:39:13,304 [grpc-default-executor-2] INFO  impl.VoteContext (VoteContext.java:log(48)) - be41d154-e08a-4361-999c-a2746058d00f@group-C6B97DF9FEBA-LEADER: reject ELECTION from cff69f77-ea12-413c-a988-d2a44a5ca406: already has voted for be41d154-e08a-4361-999c-a2746058d00f at current term 2
2021-09-05 01:39:13,304 [grpc-default-executor-2] INFO  server.RaftServer$Division (RaftServerImpl.java:requestVote(1075)) - be41d154-e08a-4361-999c-a2746058d00f@group-C6B97DF9FEBA replies to ELECTION vote request: cff69f77-ea12-413c-a988-d2a44a5ca406<-be41d154-e08a-4361-999c-a2746058d00f#0:FAIL-t2. Peer's state: be41d154-e08a-4361-999c-a2746058d00f@group-C6B97DF9FEBA:t2, leader=be41d154-e08a-4361-999c-a2746058d00f, voted=be41d154-e08a-4361-999c-a2746058d00f, raftlog=be41d154-e08a-4361-999c-a2746058d00f@group-C6B97DF9FEBA-SegmentedRaftLog:OPENED:c0,f0,i0, conf=0: [fdb9e53e-0679-45da-9a61-20e122f839df|rpc:10.1.0.25:40867|dataStream:|priority:0, cff69f77-ea12-413c-a988-d2a44a5ca406|rpc:10.1.0.25:34387|dataStream:|priority:0, be41d154-e08a-4361-999c-a2746058d00f|rpc:10.1.0.25:33043|dataStream:|priority:1], old=null
2021-09-05 01:39:13,326 [fdb9e53e-0679-45da-9a61-20e122f839df@group-C6B97DF9FEBA-SegmentedRaftLogWorker] INFO  segmented.SegmentedRaftLogWorker (SegmentedRaftLogWorker.java:execute(601)) - fdb9e53e-0679-45da-9a61-20e122f839df@group-C6B97DF9FEBA-SegmentedRaftLogWorker: created new log segment /home/runner/work/ozone/ozone/hadoop-ozone/integration-test/target/test-dir/MiniOzoneClusterImpl-37340386-36af-4fa8-9723-b8f583b28ff6/datanode-1/data/ratis/61f36f49-61fb-4aab-819c-c6b97df9feba/current/log_inprogress_0
2021-09-05 01:39:13,336 [cff69f77-ea12-413c-a988-d2a44a5ca406@group-C6B97DF9FEBA-LeaderElection103] INFO  impl.LeaderElection (LeaderElection.java:logAndReturn(89)) - cff69f77-ea12-413c-a988-d2a44a5ca406@group-C6B97DF9FEBA-LeaderElection103: ELECTION REJECTED received 2 response(s) and 0 exception(s):
2021-09-05 01:39:13,336 [cff69f77-ea12-413c-a988-d2a44a5ca406@group-C6B97DF9FEBA-LeaderElection103] INFO  impl.LeaderElection (LeaderElection.java:logAndReturn(93)) -   Response 0: cff69f77-ea12-413c-a988-d2a44a5ca406<-fdb9e53e-0679-45da-9a61-20e122f839df#0:FAIL-t2
2021-09-05 01:39:13,336 [cff69f77-ea12-413c-a988-d2a44a5ca406@group-C6B97DF9FEBA-LeaderElection103] INFO  impl.LeaderElection (LeaderElection.java:logAndReturn(93)) -   Response 1: cff69f77-ea12-413c-a988-d2a44a5ca406<-be41d154-e08a-4361-999c-a2746058d00f#0:FAIL-t2
2021-09-05 01:39:13,351 [grpc-default-executor-2] INFO  server.RaftServer$Division (ServerState.java:setRaftConf(387)) - cff69f77-ea12-413c-a988-d2a44a5ca406@group-C6B97DF9FEBA: set configuration 0: [fdb9e53e-0679-45da-9a61-20e122f839df|rpc:10.1.0.25:40867|dataStream:|priority:0, cff69f77-ea12-413c-a988-d2a44a5ca406|rpc:10.1.0.25:34387|dataStream:|priority:0, be41d154-e08a-4361-999c-a2746058d00f|rpc:10.1.0.25:33043|dataStream:|priority:1], old=null
2021-09-05 01:39:13,351 [grpc-default-executor-2] INFO  segmented.SegmentedRaftLogWorker (SegmentedRaftLogWorker.java:startLogSegment(394)) - cff69f77-ea12-413c-a988-d2a44a5ca406@group-C6B97DF9FEBA-SegmentedRaftLogWorker: Starting segment from index:0
2021-09-05 01:39:13,356 [cff69f77-ea12-413c-a988-d2a44a5ca406@group-C6B97DF9FEBA-SegmentedRaftLogWorker] INFO  segmented.SegmentedRaftLogWorker (SegmentedRaftLogWorker.java:execute(601)) - cff69f77-ea12-413c-a988-d2a44a5ca406@group-C6B97DF9FEBA-SegmentedRaftLogWorker: created new log segment /home/runner/work/ozone/ozone/hadoop-ozone/integration-test/target/test-dir/MiniOzoneClusterImpl-37340386-36af-4fa8-9723-b8f583b28ff6/datanode-0/data/ratis/61f36f49-61fb-4aab-819c-c6b97df9feba/current/log_inprogress_0
2021-09-05 01:39:13,369 [cff69f77-ea12-413c-a988-d2a44a5ca406@group-C6B97DF9FEBA-LeaderElection103] INFO  impl.LeaderElection (LeaderElection.java:askForVotes(308)) - cff69f77-ea12-413c-a988-d2a44a5ca406@group-C6B97DF9FEBA-LeaderElection103 ELECTION round 0: result REJECTED
2021-09-05 01:39:14,513 [cff69f77-ea12-413c-a988-d2a44a5ca406@group-6DE84E8794FA-FollowerState] INFO  impl.FollowerState (FollowerState.java:run(134)) - cff69f77-ea12-413c-a988-d2a44a5ca406@group-6DE84E8794FA-FollowerState: change to CANDIDATE, lastRpcElapsedTime:5023848897ns, electionTimeout:5021ms
2021-09-05 01:39:14,513 [cff69f77-ea12-413c-a988-d2a44a5ca406@group-6DE84E8794FA-FollowerState] INFO  impl.RoleInfo (RoleInfo.java:shutdownFollowerState(108)) - cff69f77-ea12-413c-a988-d2a44a5ca406: shutdown cff69f77-ea12-413c-a988-d2a44a5ca406@group-6DE84E8794FA-FollowerState
2021-09-05 01:39:14,514 [cff69f77-ea12-413c-a988-d2a44a5ca406@group-6DE84E8794FA-FollowerState] INFO  server.RaftServer$Division (RaftServerImpl.java:setRole(285)) - cff69f77-ea12-413c-a988-d2a44a5ca406@group-6DE84E8794FA: changes role from  FOLLOWER to CANDIDATE at term 1 for changeToCandidate
2021-09-05 01:39:14,514 [cff69f77-ea12-413c-a988-d2a44a5ca406@group-6DE84E8794FA-FollowerState] INFO  server.RaftServerConfigKeys (ConfUtils.java:logGet(44)) - raft.server.leaderelection.pre-vote = false (custom)
2021-09-05 01:39:14,514 [cff69f77-ea12-413c-a988-d2a44a5ca406@group-6DE84E8794FA-FollowerState] INFO  impl.RoleInfo (RoleInfo.java:updateAndGet(130)) - cff69f77-ea12-413c-a988-d2a44a5ca406: start cff69f77-ea12-413c-a988-d2a44a5ca406@group-6DE84E8794FA-LeaderElection104
2021-09-05 01:39:14,533 [cff69f77-ea12-413c-a988-d2a44a5ca406@group-6DE84E8794FA-LeaderElection104] INFO  impl.LeaderElection (LeaderElection.java:askForVotes(306)) - cff69f77-ea12-413c-a988-d2a44a5ca406@group-6DE84E8794FA-LeaderElection104 ELECTION round 0: submit vote requests at term 2 for -1: [fdb9e53e-0679-45da-9a61-20e122f839df|rpc:10.1.0.25:40867|dataStream:|priority:0, cff69f77-ea12-413c-a988-d2a44a5ca406|rpc:10.1.0.25:34387|dataStream:|priority:1, be41d154-e08a-4361-999c-a2746058d00f|rpc:10.1.0.25:33043|dataStream:|priority:0], old=null
2021-09-05 01:39:14,544 [grpc-default-executor-2] INFO  server.RaftServer$Division (RaftServerImpl.java:requestVote(1043)) - fdb9e53e-0679-45da-9a61-20e122f839df@group-6DE84E8794FA: receive requestVote(ELECTION, cff69f77-ea12-413c-a988-d2a44a5ca406, group-6DE84E8794FA, 2, (t:0, i:0))
2021-09-05 01:39:14,544 [grpc-default-executor-2] INFO  impl.VoteContext (VoteContext.java:log(48)) - fdb9e53e-0679-45da-9a61-20e122f839df@group-6DE84E8794FA-FOLLOWER: accept ELECTION from cff69f77-ea12-413c-a988-d2a44a5ca406: our priority 0 <= candidate's priority 1
2021-09-05 01:39:14,544 [grpc-default-executor-2] INFO  server.RaftServer$Division (RaftServerImpl.java:setRole(285)) - fdb9e53e-0679-45da-9a61-20e122f839df@group-6DE84E8794FA: changes role from  FOLLOWER to FOLLOWER at term 2 for candidate:cff69f77-ea12-413c-a988-d2a44a5ca406
2021-09-05 01:39:14,544 [grpc-default-executor-2] INFO  impl.RoleInfo (RoleInfo.java:shutdownFollowerState(108)) - fdb9e53e-0679-45da-9a61-20e122f839df: shutdown fdb9e53e-0679-45da-9a61-20e122f839df@group-6DE84E8794FA-FollowerState
2021-09-05 01:39:14,545 [grpc-default-executor-2] INFO  impl.RoleInfo (RoleInfo.java:updateAndGet(130)) - fdb9e53e-0679-45da-9a61-20e122f839df: start fdb9e53e-0679-45da-9a61-20e122f839df@group-6DE84E8794FA-FollowerState
2021-09-05 01:39:14,548 [fdb9e53e-0679-45da-9a61-20e122f839df@group-6DE84E8794FA-FollowerState] INFO  impl.FollowerState (FollowerState.java:run(143)) - fdb9e53e-0679-45da-9a61-20e122f839df@group-6DE84E8794FA-FollowerState was interrupted: {}
java.lang.InterruptedException: sleep interrupted
	at java.lang.Thread.sleep(Native Method)
	at java.lang.Thread.sleep(Thread.java:340)
	at java.util.concurrent.TimeUnit.sleep(TimeUnit.java:386)
	at org.apache.ratis.util.TimeDuration.sleep(TimeDuration.java:324)
	at org.apache.ratis.util.TimeDuration.sleep(TimeDuration.java:309)
	at org.apache.ratis.server.impl.FollowerState.run(FollowerState.java:118)
2021-09-05 01:39:14,548 [grpc-default-executor-4] INFO  server.RaftServer$Division (RaftServerImpl.java:requestVote(1043)) - be41d154-e08a-4361-999c-a2746058d00f@group-6DE84E8794FA: receive requestVote(ELECTION, cff69f77-ea12-413c-a988-d2a44a5ca406, group-6DE84E8794FA, 2, (t:0, i:0))
2021-09-05 01:39:14,548 [grpc-default-executor-4] INFO  impl.VoteContext (VoteContext.java:log(48)) - be41d154-e08a-4361-999c-a2746058d00f@group-6DE84E8794FA-FOLLOWER: accept ELECTION from cff69f77-ea12-413c-a988-d2a44a5ca406: our priority 0 <= candidate's priority 1
2021-09-05 01:39:14,548 [grpc-default-executor-4] INFO  server.RaftServer$Division (RaftServerImpl.java:setRole(285)) - be41d154-e08a-4361-999c-a2746058d00f@group-6DE84E8794FA: changes role from  FOLLOWER to FOLLOWER at term 2 for candidate:cff69f77-ea12-413c-a988-d2a44a5ca406
2021-09-05 01:39:14,548 [grpc-default-executor-4] INFO  impl.RoleInfo (RoleInfo.java:shutdownFollowerState(108)) - be41d154-e08a-4361-999c-a2746058d00f: shutdown be41d154-e08a-4361-999c-a2746058d00f@group-6DE84E8794FA-FollowerState
2021-09-05 01:39:14,549 [grpc-default-executor-4] INFO  impl.RoleInfo (RoleInfo.java:updateAndGet(130)) - be41d154-e08a-4361-999c-a2746058d00f: start be41d154-e08a-4361-999c-a2746058d00f@group-6DE84E8794FA-FollowerState
2021-09-05 01:39:14,549 [be41d154-e08a-4361-999c-a2746058d00f@group-6DE84E8794FA-FollowerState] INFO  impl.FollowerState (FollowerState.java:run(143)) - be41d154-e08a-4361-999c-a2746058d00f@group-6DE84E8794FA-FollowerState was interrupted: {}
java.lang.InterruptedException: sleep interrupted
	at java.lang.Thread.sleep(Native Method)
	at java.lang.Thread.sleep(Thread.java:340)
	at java.util.concurrent.TimeUnit.sleep(TimeUnit.java:386)
	at org.apache.ratis.util.TimeDuration.sleep(TimeDuration.java:324)
	at org.apache.ratis.util.TimeDuration.sleep(TimeDuration.java:309)
	at org.apache.ratis.server.impl.FollowerState.run(FollowerState.java:118)
2021-09-05 01:39:14,552 [grpc-default-executor-2] INFO  server.RaftServer$Division (RaftServerImpl.java:requestVote(1075)) - fdb9e53e-0679-45da-9a61-20e122f839df@group-6DE84E8794FA replies to ELECTION vote request: cff69f77-ea12-413c-a988-d2a44a5ca406<-fdb9e53e-0679-45da-9a61-20e122f839df#0:OK-t2. Peer's state: fdb9e53e-0679-45da-9a61-20e122f839df@group-6DE84E8794FA:t2, leader=null, voted=cff69f77-ea12-413c-a988-d2a44a5ca406, raftlog=fdb9e53e-0679-45da-9a61-20e122f839df@group-6DE84E8794FA-SegmentedRaftLog:OPENED:c-1,f-1,i0, conf=-1: [fdb9e53e-0679-45da-9a61-20e122f839df|rpc:10.1.0.25:40867|priority:0, cff69f77-ea12-413c-a988-d2a44a5ca406|rpc:10.1.0.25:34387|priority:1, be41d154-e08a-4361-999c-a2746058d00f|rpc:10.1.0.25:33043|priority:0], old=null
2021-09-05 01:39:14,559 [grpc-default-executor-4] INFO  server.RaftServer$Division (RaftServerImpl.java:requestVote(1075)) - be41d154-e08a-4361-999c-a2746058d00f@group-6DE84E8794FA replies to ELECTION vote request: cff69f77-ea12-413c-a988-d2a44a5ca406<-be41d154-e08a-4361-999c-a2746058d00f#0:OK-t2. Peer's state: be41d154-e08a-4361-999c-a2746058d00f@group-6DE84E8794FA:t2, leader=null, voted=cff69f77-ea12-413c-a988-d2a44a5ca406, raftlog=be41d154-e08a-4361-999c-a2746058d00f@group-6DE84E8794FA-SegmentedRaftLog:OPENED:c-1,f-1,i0, conf=-1: [fdb9e53e-0679-45da-9a61-20e122f839df|rpc:10.1.0.25:40867|priority:0, cff69f77-ea12-413c-a988-d2a44a5ca406|rpc:10.1.0.25:34387|priority:1, be41d154-e08a-4361-999c-a2746058d00f|rpc:10.1.0.25:33043|priority:0], old=null
2021-09-05 01:39:14,561 [cff69f77-ea12-413c-a988-d2a44a5ca406@group-6DE84E8794FA-LeaderElection104] INFO  impl.LeaderElection (LeaderElection.java:logAndReturn(89)) - cff69f77-ea12-413c-a988-d2a44a5ca406@group-6DE84E8794FA-LeaderElection104: ELECTION PASSED received 1 response(s) and 0 exception(s):
2021-09-05 01:39:14,561 [cff69f77-ea12-413c-a988-d2a44a5ca406@group-6DE84E8794FA-LeaderElection104] INFO  impl.LeaderElection (LeaderElection.java:logAndReturn(93)) -   Response 0: cff69f77-ea12-413c-a988-d2a44a5ca406<-fdb9e53e-0679-45da-9a61-20e122f839df#0:OK-t2
2021-09-05 01:39:14,561 [cff69f77-ea12-413c-a988-d2a44a5ca406@group-6DE84E8794FA-LeaderElection104] INFO  impl.LeaderElection (LeaderElection.java:askForVotes(308)) - cff69f77-ea12-413c-a988-d2a44a5ca406@group-6DE84E8794FA-LeaderElection104 ELECTION round 0: result PASSED
2021-09-05 01:39:14,561 [cff69f77-ea12-413c-a988-d2a44a5ca406@group-6DE84E8794FA-LeaderElection104] INFO  impl.RoleInfo (RoleInfo.java:shutdownLeaderElection(121)) - cff69f77-ea12-413c-a988-d2a44a5ca406: shutdown cff69f77-ea12-413c-a988-d2a44a5ca406@group-6DE84E8794FA-LeaderElection104
2021-09-05 01:39:14,561 [cff69f77-ea12-413c-a988-d2a44a5ca406@group-6DE84E8794FA-LeaderElection104] INFO  server.RaftServer$Division (RaftServerImpl.java:setRole(285)) - cff69f77-ea12-413c-a988-d2a44a5ca406@group-6DE84E8794FA: changes role from CANDIDATE to LEADER at term 2 for changeToLeader
2021-09-05 01:39:14,561 [cff69f77-ea12-413c-a988-d2a44a5ca406@group-6DE84E8794FA-LeaderElection104] INFO  ratis.XceiverServerRatis (XceiverServerRatis.java:handleLeaderChangedNotification(861)) - Leader change notification received for group: group-6DE84E8794FA with new leaderId: cff69f77-ea12-413c-a988-d2a44a5ca406
2021-09-05 01:39:14,561 [cff69f77-ea12-413c-a988-d2a44a5ca406@group-6DE84E8794FA-LeaderElection104] INFO  server.RaftServer$Division (ServerState.java:setLeader(285)) - cff69f77-ea12-413c-a988-d2a44a5ca406@group-6DE84E8794FA: change Leader from null to cff69f77-ea12-413c-a988-d2a44a5ca406 at term 2 for becomeLeader, leader elected after 10148ms
2021-09-05 01:39:14,561 [cff69f77-ea12-413c-a988-d2a44a5ca406@group-6DE84E8794FA-LeaderElection104] INFO  server.RaftServerConfigKeys (ConfUtils.java:logGet(44)) - raft.server.staging.catchup.gap = 1000 (default)
2021-09-05 01:39:14,561 [cff69f77-ea12-413c-a988-d2a44a5ca406@group-6DE84E8794FA-LeaderElection104] INFO  server.RaftServerConfigKeys (ConfUtils.java:logGet(44)) - raft.server.write.element-limit = 1024 (custom)
2021-09-05 01:39:14,562 [cff69f77-ea12-413c-a988-d2a44a5ca406@group-6DE84E8794FA-LeaderElection104] INFO  server.RaftServerConfigKeys (ConfUtils.java:logGet(44)) - raft.server.write.byte-limit = 1024 M (=1073741824) (custom)
2021-09-05 01:39:14,562 [cff69f77-ea12-413c-a988-d2a44a5ca406@group-6DE84E8794FA-LeaderElection104] INFO  server.RaftServerConfigKeys (ConfUtils.java:logGet(44)) - raft.server.watch.timeout = 3000ms (custom)
2021-09-05 01:39:14,562 [cff69f77-ea12-413c-a988-d2a44a5ca406@group-6DE84E8794FA-LeaderElection104] INFO  server.RaftServerConfigKeys (ConfUtils.java:logGet(44)) - raft.server.watch.timeout.denomination = 1s (default)
2021-09-05 01:39:14,562 [cff69f77-ea12-413c-a988-d2a44a5ca406@group-6DE84E8794FA-LeaderElection104] INFO  server.RaftServerConfigKeys (ConfUtils.java:logGet(44)) - raft.server.watch.element-limit = 65536 (default)
2021-09-05 01:39:14,562 [cff69f77-ea12-413c-a988-d2a44a5ca406@group-6DE84E8794FA-LeaderElection104] INFO  server.RaftServerConfigKeys (ConfUtils.java:logGet(44)) - raft.server.log.appender.snapshot.chunk.size.max = 16MB (=16777216) (default)
2021-09-05 01:39:14,562 [cff69f77-ea12-413c-a988-d2a44a5ca406@group-6DE84E8794FA-LeaderElection104] INFO  server.RaftServerConfigKeys (ConfUtils.java:logGet(44)) - raft.server.log.appender.buffer.byte-limit = 33554432 (custom)
2021-09-05 01:39:14,562 [cff69f77-ea12-413c-a988-d2a44a5ca406@group-6DE84E8794FA-LeaderElection104] INFO  server.RaftServerConfigKeys (ConfUtils.java:logGet(44)) - raft.server.log.appender.buffer.element-limit = 1 (custom)
2021-09-05 01:39:14,562 [cff69f77-ea12-413c-a988-d2a44a5ca406@group-6DE84E8794FA-LeaderElection104] INFO  grpc.GrpcConfigKeys (ConfUtils.java:logGet(44)) - raft.grpc.server.leader.outstanding.appends.max = 128 (default)
2021-09-05 01:39:14,562 [cff69f77-ea12-413c-a988-d2a44a5ca406@group-6DE84E8794FA-LeaderElection104] INFO  server.RaftServerConfigKeys (ConfUtils.java:logGet(44)) - raft.server.rpc.request.timeout = 3000ms (default)
2021-09-05 01:39:14,562 [cff69f77-ea12-413c-a988-d2a44a5ca406@group-6DE84E8794FA-LeaderElection104] INFO  server.RaftServerConfigKeys (ConfUtils.java:logGet(44)) - raft.server.log.appender.install.snapshot.enabled = false (custom)
2021-09-05 01:39:14,566 [cff69f77-ea12-413c-a988-d2a44a5ca406@group-6DE84E8794FA-LeaderElection104] INFO  server.RaftServerConfigKeys (ConfUtils.java:logGet(44)) - raft.server.log.appender.snapshot.chunk.size.max = 16MB (=16777216) (default)
2021-09-05 01:39:14,566 [cff69f77-ea12-413c-a988-d2a44a5ca406@group-6DE84E8794FA-LeaderElection104] INFO  server.RaftServerConfigKeys (ConfUtils.java:logGet(44)) - raft.server.log.appender.buffer.byte-limit = 33554432 (custom)
2021-09-05 01:39:14,567 [cff69f77-ea12-413c-a988-d2a44a5ca406@group-6DE84E8794FA-LeaderElection104] INFO  server.RaftServerConfigKeys (ConfUtils.java:logGet(44)) - raft.server.log.appender.buffer.element-limit = 1 (custom)
2021-09-05 01:39:14,567 [cff69f77-ea12-413c-a988-d2a44a5ca406@group-6DE84E8794FA-LeaderElection104] INFO  grpc.GrpcConfigKeys (ConfUtils.java:logGet(44)) - raft.grpc.server.leader.outstanding.appends.max = 128 (default)
2021-09-05 01:39:14,567 [cff69f77-ea12-413c-a988-d2a44a5ca406@group-6DE84E8794FA-LeaderElection104] INFO  server.RaftServerConfigKeys (ConfUtils.java:logGet(44)) - raft.server.rpc.request.timeout = 3000ms (default)
2021-09-05 01:39:14,567 [cff69f77-ea12-413c-a988-d2a44a5ca406@group-6DE84E8794FA-LeaderElection104] INFO  server.RaftServerConfigKeys (ConfUtils.java:logGet(44)) - raft.server.log.appender.install.snapshot.enabled = false (custom)
2021-09-05 01:39:14,568 [cff69f77-ea12-413c-a988-d2a44a5ca406@group-6DE84E8794FA-LeaderElection104] INFO  impl.RoleInfo (RoleInfo.java:updateAndGet(130)) - cff69f77-ea12-413c-a988-d2a44a5ca406: start cff69f77-ea12-413c-a988-d2a44a5ca406@group-6DE84E8794FA-LeaderStateImpl
2021-09-05 01:39:14,569 [cff69f77-ea12-413c-a988-d2a44a5ca406@group-6DE84E8794FA-LeaderElection104] INFO  segmented.SegmentedRaftLogWorker (SegmentedRaftLogWorker.java:startLogSegment(394)) - cff69f77-ea12-413c-a988-d2a44a5ca406@group-6DE84E8794FA-SegmentedRaftLogWorker: Starting segment from index:0
2021-09-05 01:39:14,574 [cff69f77-ea12-413c-a988-d2a44a5ca406@group-6DE84E8794FA-SegmentedRaftLogWorker] INFO  segmented.SegmentedRaftLogWorker (SegmentedRaftLogWorker.java:execute(601)) - cff69f77-ea12-413c-a988-d2a44a5ca406@group-6DE84E8794FA-SegmentedRaftLogWorker: created new log segment /home/runner/work/ozone/ozone/hadoop-ozone/integration-test/target/test-dir/MiniOzoneClusterImpl-37340386-36af-4fa8-9723-b8f583b28ff6/datanode-0/data/ratis/804a25d7-b2b5-40eb-8b1c-6de84e8794fa/current/log_inprogress_0
2021-09-05 01:39:14,638 [cff69f77-ea12-413c-a988-d2a44a5ca406@group-6DE84E8794FA-LeaderElection104] INFO  server.RaftServer$Division (ServerState.java:setRaftConf(387)) - cff69f77-ea12-413c-a988-d2a44a5ca406@group-6DE84E8794FA: set configuration 0: [fdb9e53e-0679-45da-9a61-20e122f839df|rpc:10.1.0.25:40867|dataStream:|priority:0, cff69f77-ea12-413c-a988-d2a44a5ca406|rpc:10.1.0.25:34387|dataStream:|priority:1, be41d154-e08a-4361-999c-a2746058d00f|rpc:10.1.0.25:33043|dataStream:|priority:0], old=null
2021-09-05 01:39:14,643 [grpc-default-executor-2] INFO  ratis.XceiverServerRatis (XceiverServerRatis.java:handleLeaderChangedNotification(861)) - Leader change notification received for group: group-6DE84E8794FA with new leaderId: cff69f77-ea12-413c-a988-d2a44a5ca406
2021-09-05 01:39:14,643 [grpc-default-executor-2] INFO  server.RaftServer$Division (ServerState.java:setLeader(285)) - be41d154-e08a-4361-999c-a2746058d00f@group-6DE84E8794FA: change Leader from null to cff69f77-ea12-413c-a988-d2a44a5ca406 at term 2 for appendEntries, leader elected after 10489ms
2021-09-05 01:39:14,647 [grpc-default-executor-4] INFO  ratis.XceiverServerRatis (XceiverServerRatis.java:handleLeaderChangedNotification(861)) - Leader change notification received for group: group-6DE84E8794FA with new leaderId: cff69f77-ea12-413c-a988-d2a44a5ca406
2021-09-05 01:39:14,647 [grpc-default-executor-4] INFO  server.RaftServer$Division (ServerState.java:setLeader(285)) - fdb9e53e-0679-45da-9a61-20e122f839df@group-6DE84E8794FA: change Leader from null to cff69f77-ea12-413c-a988-d2a44a5ca406 at term 2 for appendEntries, leader elected after 10045ms
2021-09-05 01:39:14,657 [grpc-default-executor-4] INFO  server.RaftServer$Division (ServerState.java:setRaftConf(387)) - fdb9e53e-0679-45da-9a61-20e122f839df@group-6DE84E8794FA: set configuration 0: [fdb9e53e-0679-45da-9a61-20e122f839df|rpc:10.1.0.25:40867|dataStream:|priority:0, cff69f77-ea12-413c-a988-d2a44a5ca406|rpc:10.1.0.25:34387|dataStream:|priority:1, be41d154-e08a-4361-999c-a2746058d00f|rpc:10.1.0.25:33043|dataStream:|priority:0], old=null
2021-09-05 01:39:14,658 [grpc-default-executor-4] INFO  segmented.SegmentedRaftLogWorker (SegmentedRaftLogWorker.java:startLogSegment(394)) - fdb9e53e-0679-45da-9a61-20e122f839df@group-6DE84E8794FA-SegmentedRaftLogWorker: Starting segment from index:0
2021-09-05 01:39:14,662 [fdb9e53e-0679-45da-9a61-20e122f839df@group-6DE84E8794FA-SegmentedRaftLogWorker] INFO  segmented.SegmentedRaftLogWorker (SegmentedRaftLogWorker.java:execute(601)) - fdb9e53e-0679-45da-9a61-20e122f839df@group-6DE84E8794FA-SegmentedRaftLogWorker: created new log segment /home/runner/work/ozone/ozone/hadoop-ozone/integration-test/target/test-dir/MiniOzoneClusterImpl-37340386-36af-4fa8-9723-b8f583b28ff6/datanode-1/data/ratis/804a25d7-b2b5-40eb-8b1c-6de84e8794fa/current/log_inprogress_0
2021-09-05 01:39:14,694 [grpc-default-executor-4] INFO  server.RaftServer$Division (ServerState.java:setRaftConf(387)) - be41d154-e08a-4361-999c-a2746058d00f@group-6DE84E8794FA: set configuration 0: [fdb9e53e-0679-45da-9a61-20e122f839df|rpc:10.1.0.25:40867|dataStream:|priority:0, cff69f77-ea12-413c-a988-d2a44a5ca406|rpc:10.1.0.25:34387|dataStream:|priority:1, be41d154-e08a-4361-999c-a2746058d00f|rpc:10.1.0.25:33043|dataStream:|priority:0], old=null
2021-09-05 01:39:14,694 [grpc-default-executor-4] INFO  segmented.SegmentedRaftLogWorker (SegmentedRaftLogWorker.java:startLogSegment(394)) - be41d154-e08a-4361-999c-a2746058d00f@group-6DE84E8794FA-SegmentedRaftLogWorker: Starting segment from index:0
2021-09-05 01:39:14,740 [be41d154-e08a-4361-999c-a2746058d00f@group-6DE84E8794FA-SegmentedRaftLogWorker] INFO  segmented.SegmentedRaftLogWorker (SegmentedRaftLogWorker.java:execute(601)) - be41d154-e08a-4361-999c-a2746058d00f@group-6DE84E8794FA-SegmentedRaftLogWorker: created new log segment /home/runner/work/ozone/ozone/hadoop-ozone/integration-test/target/test-dir/MiniOzoneClusterImpl-37340386-36af-4fa8-9723-b8f583b28ff6/datanode-2/data/ratis/804a25d7-b2b5-40eb-8b1c-6de84e8794fa/current/log_inprogress_0
2021-09-05 01:39:15,205 [aa0f76fc-0af9-4fba-891f-e6382fa98fe4@group-9820ECCA99ED-FollowerState] INFO  impl.FollowerState (FollowerState.java:run(134)) - aa0f76fc-0af9-4fba-891f-e6382fa98fe4@group-9820ECCA99ED-FollowerState: change to CANDIDATE, lastRpcElapsedTime:5082826177ns, electionTimeout:5082ms
2021-09-05 01:39:15,205 [aa0f76fc-0af9-4fba-891f-e6382fa98fe4@group-9820ECCA99ED-FollowerState] INFO  impl.RoleInfo (RoleInfo.java:shutdownFollowerState(108)) - aa0f76fc-0af9-4fba-891f-e6382fa98fe4: shutdown aa0f76fc-0af9-4fba-891f-e6382fa98fe4@group-9820ECCA99ED-FollowerState
2021-09-05 01:39:15,205 [aa0f76fc-0af9-4fba-891f-e6382fa98fe4@group-9820ECCA99ED-FollowerState] INFO  server.RaftServer$Division (RaftServerImpl.java:setRole(285)) - aa0f76fc-0af9-4fba-891f-e6382fa98fe4@group-9820ECCA99ED: changes role from  FOLLOWER to CANDIDATE at term 1 for changeToCandidate
2021-09-05 01:39:15,205 [aa0f76fc-0af9-4fba-891f-e6382fa98fe4@group-9820ECCA99ED-FollowerState] INFO  server.RaftServerConfigKeys (ConfUtils.java:logGet(44)) - raft.server.leaderelection.pre-vote = false (custom)
2021-09-05 01:39:15,205 [aa0f76fc-0af9-4fba-891f-e6382fa98fe4@group-9820ECCA99ED-FollowerState] INFO  impl.RoleInfo (RoleInfo.java:updateAndGet(130)) - aa0f76fc-0af9-4fba-891f-e6382fa98fe4: start aa0f76fc-0af9-4fba-891f-e6382fa98fe4@group-9820ECCA99ED-LeaderElection105
2021-09-05 01:39:15,207 [aa0f76fc-0af9-4fba-891f-e6382fa98fe4@group-9820ECCA99ED-LeaderElection105] INFO  impl.LeaderElection (LeaderElection.java:askForVotes(306)) - aa0f76fc-0af9-4fba-891f-e6382fa98fe4@group-9820ECCA99ED-LeaderElection105 ELECTION round 0: submit vote requests at term 2 for -1: [455161ce-78be-4281-bc2a-a50d1cad5e43|rpc:10.1.0.25:40081|dataStream:|priority:0, a394a97c-7848-4311-a24c-186851f6b492|rpc:10.1.0.25:38701|dataStream:|priority:1, aa0f76fc-0af9-4fba-891f-e6382fa98fe4|rpc:10.1.0.25:36313|dataStream:|priority:0], old=null
2021-09-05 01:39:15,222 [grpc-default-executor-4] INFO  server.RaftServer$Division (RaftServerImpl.java:requestVote(1043)) - 455161ce-78be-4281-bc2a-a50d1cad5e43@group-9820ECCA99ED: receive requestVote(ELECTION, aa0f76fc-0af9-4fba-891f-e6382fa98fe4, group-9820ECCA99ED, 2, (t:0, i:0))
2021-09-05 01:39:15,222 [grpc-default-executor-4] INFO  impl.VoteContext (VoteContext.java:log(48)) - 455161ce-78be-4281-bc2a-a50d1cad5e43@group-9820ECCA99ED-FOLLOWER: accept ELECTION from aa0f76fc-0af9-4fba-891f-e6382fa98fe4: our priority 0 <= candidate's priority 0
2021-09-05 01:39:15,222 [grpc-default-executor-4] INFO  server.RaftServer$Division (RaftServerImpl.java:setRole(285)) - 455161ce-78be-4281-bc2a-a50d1cad5e43@group-9820ECCA99ED: changes role from  FOLLOWER to FOLLOWER at term 2 for candidate:aa0f76fc-0af9-4fba-891f-e6382fa98fe4
2021-09-05 01:39:15,222 [grpc-default-executor-4] INFO  impl.RoleInfo (RoleInfo.java:shutdownFollowerState(108)) - 455161ce-78be-4281-bc2a-a50d1cad5e43: shutdown 455161ce-78be-4281-bc2a-a50d1cad5e43@group-9820ECCA99ED-FollowerState
2021-09-05 01:39:15,222 [grpc-default-executor-4] INFO  impl.RoleInfo (RoleInfo.java:updateAndGet(130)) - 455161ce-78be-4281-bc2a-a50d1cad5e43: start 455161ce-78be-4281-bc2a-a50d1cad5e43@group-9820ECCA99ED-FollowerState
2021-09-05 01:39:15,222 [455161ce-78be-4281-bc2a-a50d1cad5e43@group-9820ECCA99ED-FollowerState] INFO  impl.FollowerState (FollowerState.java:run(143)) - 455161ce-78be-4281-bc2a-a50d1cad5e43@group-9820ECCA99ED-FollowerState was interrupted: {}
java.lang.InterruptedException: sleep interrupted
	at java.lang.Thread.sleep(Native Method)
	at java.lang.Thread.sleep(Thread.java:340)
	at java.util.concurrent.TimeUnit.sleep(TimeUnit.java:386)
	at org.apache.ratis.util.TimeDuration.sleep(TimeDuration.java:324)
	at org.apache.ratis.util.TimeDuration.sleep(TimeDuration.java:309)
	at org.apache.ratis.server.impl.FollowerState.run(FollowerState.java:118)
2021-09-05 01:39:15,251 [grpc-default-executor-4] INFO  server.RaftServer$Division (RaftServerImpl.java:requestVote(1075)) - 455161ce-78be-4281-bc2a-a50d1cad5e43@group-9820ECCA99ED replies to ELECTION vote request: aa0f76fc-0af9-4fba-891f-e6382fa98fe4<-455161ce-78be-4281-bc2a-a50d1cad5e43#0:OK-t2. Peer's state: 455161ce-78be-4281-bc2a-a50d1cad5e43@group-9820ECCA99ED:t2, leader=null, voted=aa0f76fc-0af9-4fba-891f-e6382fa98fe4, raftlog=455161ce-78be-4281-bc2a-a50d1cad5e43@group-9820ECCA99ED-SegmentedRaftLog:OPENED:c-1,f-1,i0, conf=-1: [455161ce-78be-4281-bc2a-a50d1cad5e43|rpc:10.1.0.25:40081|priority:0, a394a97c-7848-4311-a24c-186851f6b492|rpc:10.1.0.25:38701|priority:1, aa0f76fc-0af9-4fba-891f-e6382fa98fe4|rpc:10.1.0.25:36313|priority:0], old=null
2021-09-05 01:39:15,265 [grpc-default-executor-4] INFO  server.RaftServer$Division (RaftServerImpl.java:requestVote(1043)) - a394a97c-7848-4311-a24c-186851f6b492@group-9820ECCA99ED: receive requestVote(ELECTION, aa0f76fc-0af9-4fba-891f-e6382fa98fe4, group-9820ECCA99ED, 2, (t:0, i:0))
2021-09-05 01:39:15,265 [grpc-default-executor-4] INFO  impl.VoteContext (VoteContext.java:log(48)) - a394a97c-7848-4311-a24c-186851f6b492@group-9820ECCA99ED-FOLLOWER: reject ELECTION from aa0f76fc-0af9-4fba-891f-e6382fa98fe4: our priority 1 > candidate's priority 0
2021-09-05 01:39:15,265 [grpc-default-executor-4] INFO  server.RaftServer$Division (RaftServerImpl.java:setRole(285)) - a394a97c-7848-4311-a24c-186851f6b492@group-9820ECCA99ED: changes role from  FOLLOWER to FOLLOWER at term 2 for candidate:aa0f76fc-0af9-4fba-891f-e6382fa98fe4
2021-09-05 01:39:15,265 [grpc-default-executor-4] INFO  impl.RoleInfo (RoleInfo.java:shutdownFollowerState(108)) - a394a97c-7848-4311-a24c-186851f6b492: shutdown a394a97c-7848-4311-a24c-186851f6b492@group-9820ECCA99ED-FollowerState
2021-09-05 01:39:15,265 [grpc-default-executor-4] INFO  impl.RoleInfo (RoleInfo.java:updateAndGet(130)) - a394a97c-7848-4311-a24c-186851f6b492: start a394a97c-7848-4311-a24c-186851f6b492@group-9820ECCA99ED-FollowerState
2021-09-05 01:39:15,265 [a394a97c-7848-4311-a24c-186851f6b492@group-9820ECCA99ED-FollowerState] INFO  impl.FollowerState (FollowerState.java:run(143)) - a394a97c-7848-4311-a24c-186851f6b492@group-9820ECCA99ED-FollowerState was interrupted: {}
java.lang.InterruptedException: sleep interrupted
	at java.lang.Thread.sleep(Native Method)
	at java.lang.Thread.sleep(Thread.java:340)
	at java.util.concurrent.TimeUnit.sleep(TimeUnit.java:386)
	at org.apache.ratis.util.TimeDuration.sleep(TimeDuration.java:324)
	at org.apache.ratis.util.TimeDuration.sleep(TimeDuration.java:309)
	at org.apache.ratis.server.impl.FollowerState.run(FollowerState.java:118)
2021-09-05 01:39:15,292 [grpc-default-executor-4] INFO  server.RaftServer$Division (RaftServerImpl.java:requestVote(1075)) - a394a97c-7848-4311-a24c-186851f6b492@group-9820ECCA99ED replies to ELECTION vote request: aa0f76fc-0af9-4fba-891f-e6382fa98fe4<-a394a97c-7848-4311-a24c-186851f6b492#0:FAIL-t2. Peer's state: a394a97c-7848-4311-a24c-186851f6b492@group-9820ECCA99ED:t2, leader=null, voted=null, raftlog=a394a97c-7848-4311-a24c-186851f6b492@group-9820ECCA99ED-SegmentedRaftLog:OPENED:c-1,f-1,i0, conf=-1: [455161ce-78be-4281-bc2a-a50d1cad5e43|rpc:10.1.0.25:40081|dataStream:|priority:0, a394a97c-7848-4311-a24c-186851f6b492|rpc:10.1.0.25:38701|dataStream:|priority:1, aa0f76fc-0af9-4fba-891f-e6382fa98fe4|rpc:10.1.0.25:36313|dataStream:|priority:0], old=null
2021-09-05 01:39:15,294 [aa0f76fc-0af9-4fba-891f-e6382fa98fe4@group-9820ECCA99ED-LeaderElection105] INFO  impl.LeaderElection (LeaderElection.java:logAndReturn(89)) - aa0f76fc-0af9-4fba-891f-e6382fa98fe4@group-9820ECCA99ED-LeaderElection105: ELECTION REJECTED received 2 response(s) and 0 exception(s):
2021-09-05 01:39:15,294 [aa0f76fc-0af9-4fba-891f-e6382fa98fe4@group-9820ECCA99ED-LeaderElection105] INFO  impl.LeaderElection (LeaderElection.java:logAndReturn(93)) -   Response 0: aa0f76fc-0af9-4fba-891f-e6382fa98fe4<-455161ce-78be-4281-bc2a-a50d1cad5e43#0:OK-t2
2021-09-05 01:39:15,294 [aa0f76fc-0af9-4fba-891f-e6382fa98fe4@group-9820ECCA99ED-LeaderElection105] INFO  impl.LeaderElection (LeaderElection.java:logAndReturn(93)) -   Response 1: aa0f76fc-0af9-4fba-891f-e6382fa98fe4<-a394a97c-7848-4311-a24c-186851f6b492#0:FAIL-t2
2021-09-05 01:39:15,294 [aa0f76fc-0af9-4fba-891f-e6382fa98fe4@group-9820ECCA99ED-LeaderElection105] INFO  impl.LeaderElection (LeaderElection.java:askForVotes(308)) - aa0f76fc-0af9-4fba-891f-e6382fa98fe4@group-9820ECCA99ED-LeaderElection105 ELECTION round 0: result REJECTED
2021-09-05 01:39:15,294 [aa0f76fc-0af9-4fba-891f-e6382fa98fe4@group-9820ECCA99ED-LeaderElection105] INFO  server.RaftServer$Division (RaftServerImpl.java:setRole(285)) - aa0f76fc-0af9-4fba-891f-e6382fa98fe4@group-9820ECCA99ED: changes role from CANDIDATE to FOLLOWER at term 2 for REJECTED
2021-09-05 01:39:15,294 [aa0f76fc-0af9-4fba-891f-e6382fa98fe4@group-9820ECCA99ED-LeaderElection105] INFO  impl.RoleInfo (RoleInfo.java:shutdownLeaderElection(121)) - aa0f76fc-0af9-4fba-891f-e6382fa98fe4: shutdown aa0f76fc-0af9-4fba-891f-e6382fa98fe4@group-9820ECCA99ED-LeaderElection105
2021-09-05 01:39:15,294 [aa0f76fc-0af9-4fba-891f-e6382fa98fe4@group-9820ECCA99ED-LeaderElection105] INFO  impl.RoleInfo (RoleInfo.java:updateAndGet(130)) - aa0f76fc-0af9-4fba-891f-e6382fa98fe4: start aa0f76fc-0af9-4fba-891f-e6382fa98fe4@group-9820ECCA99ED-FollowerState
2021-09-05 01:39:15,831 [Listener at 127.0.0.1/33945] INFO  ozoneimpl.OzoneContainer (OzoneContainer.java:stop(326)) - Attempting to stop container services.
2021-09-05 01:39:15,835 [Listener at 127.0.0.1/33945] INFO  server.RaftServer (RaftServerProxy.java:lambda$close$6(391)) - cff69f77-ea12-413c-a988-d2a44a5ca406: close
2021-09-05 01:39:15,837 [Listener at 127.0.0.1/33945] INFO  server.RaftServer$Division (RaftServerImpl.java:lambda$close$4(407)) - cff69f77-ea12-413c-a988-d2a44a5ca406@group-FC73588AFD2D: shutdown
2021-09-05 01:39:15,837 [Listener at 127.0.0.1/33945] INFO  util.JmxRegister (JmxRegister.java:unregister(73)) - Successfully un-registered JMX Bean with object name Ratis:service=RaftServer,group=group-FC73588AFD2D,id=cff69f77-ea12-413c-a988-d2a44a5ca406
2021-09-05 01:39:15,837 [Listener at 127.0.0.1/33945] INFO  impl.RoleInfo (RoleInfo.java:shutdownFollowerState(108)) - cff69f77-ea12-413c-a988-d2a44a5ca406: shutdown cff69f77-ea12-413c-a988-d2a44a5ca406@group-FC73588AFD2D-FollowerState
2021-09-05 01:39:15,837 [Listener at 127.0.0.1/33945] INFO  impl.StateMachineUpdater (StateMachineUpdater.java:stopAndJoin(149)) - cff69f77-ea12-413c-a988-d2a44a5ca406@group-FC73588AFD2D-StateMachineUpdater: set stopIndex = 0
2021-09-05 01:39:15,837 [cff69f77-ea12-413c-a988-d2a44a5ca406@group-FC73588AFD2D-FollowerState] INFO  impl.FollowerState (FollowerState.java:run(143)) - cff69f77-ea12-413c-a988-d2a44a5ca406@group-FC73588AFD2D-FollowerState was interrupted: {}
java.lang.InterruptedException: sleep interrupted
	at java.lang.Thread.sleep(Native Method)
	at java.lang.Thread.sleep(Thread.java:340)
	at java.util.concurrent.TimeUnit.sleep(TimeUnit.java:386)
	at org.apache.ratis.util.TimeDuration.sleep(TimeDuration.java:324)
	at org.apache.ratis.util.TimeDuration.sleep(TimeDuration.java:309)
	at org.apache.ratis.server.impl.FollowerState.run(FollowerState.java:118)
2021-09-05 01:39:15,838 [cff69f77-ea12-413c-a988-d2a44a5ca406@group-FC73588AFD2D-StateMachineUpdater] INFO  ratis.ContainerStateMachine (ContainerStateMachine.java:takeSnapshot(292)) - group-FC73588AFD2D: Taking a snapshot at:(t:1, i:0) file /home/runner/work/ozone/ozone/hadoop-ozone/integration-test/target/test-dir/MiniOzoneClusterImpl-37340386-36af-4fa8-9723-b8f583b28ff6/datanode-0/data/ratis/97e19d54-76f6-4db6-b4a5-fc73588afd2d/sm/snapshot.1_0
2021-09-05 01:39:15,839 [cff69f77-ea12-413c-a988-d2a44a5ca406@group-FC73588AFD2D-StateMachineUpdater] INFO  ratis.ContainerStateMachine (ContainerStateMachine.java:takeSnapshot(303)) - group-FC73588AFD2D: Finished taking a snapshot at:(t:1, i:0) file:/home/runner/work/ozone/ozone/hadoop-ozone/integration-test/target/test-dir/MiniOzoneClusterImpl-37340386-36af-4fa8-9723-b8f583b28ff6/datanode-0/data/ratis/97e19d54-76f6-4db6-b4a5-fc73588afd2d/sm/snapshot.1_0 took: 1 ms
2021-09-05 01:39:15,839 [cff69f77-ea12-413c-a988-d2a44a5ca406@group-FC73588AFD2D-StateMachineUpdater] INFO  impl.StateMachineUpdater (StateMachineUpdater.java:takeSnapshot(281)) - cff69f77-ea12-413c-a988-d2a44a5ca406@group-FC73588AFD2D-StateMachineUpdater: Took a snapshot at index 0
2021-09-05 01:39:15,839 [cff69f77-ea12-413c-a988-d2a44a5ca406@group-FC73588AFD2D-StateMachineUpdater] INFO  impl.StateMachineUpdater (StateMachineUpdater.java:lambda$new$0(89)) - cff69f77-ea12-413c-a988-d2a44a5ca406@group-FC73588AFD2D-StateMachineUpdater: snapshotIndex: updateIncreasingly -1 -> 0
2021-09-05 01:39:15,839 [Listener at 127.0.0.1/33945] INFO  server.RaftServer$Division (ServerState.java:close(419)) - cff69f77-ea12-413c-a988-d2a44a5ca406@group-FC73588AFD2D: closes. applyIndex: 0
2021-09-05 01:39:15,840 [cff69f77-ea12-413c-a988-d2a44a5ca406@group-FC73588AFD2D-SegmentedRaftLogWorker] INFO  segmented.SegmentedRaftLogWorker (SegmentedRaftLogWorker.java:run(327)) - cff69f77-ea12-413c-a988-d2a44a5ca406@group-FC73588AFD2D-SegmentedRaftLogWorker was interrupted, exiting. There are 0 tasks remaining in the queue.
2021-09-05 01:39:15,849 [Listener at 127.0.0.1/33945] INFO  segmented.SegmentedRaftLogWorker (SegmentedRaftLogWorker.java:close(237)) - cff69f77-ea12-413c-a988-d2a44a5ca406@group-FC73588AFD2D-SegmentedRaftLogWorker close()
2021-09-05 01:39:15,853 [Listener at 127.0.0.1/33945] INFO  server.RaftServer$Division (RaftServerImpl.java:lambda$close$4(407)) - cff69f77-ea12-413c-a988-d2a44a5ca406@group-19CEC8DA33B6: shutdown
2021-09-05 01:39:15,854 [Listener at 127.0.0.1/33945] INFO  util.JmxRegister (JmxRegister.java:unregister(73)) - Successfully un-registered JMX Bean with object name Ratis:service=RaftServer,group=group-19CEC8DA33B6,id=cff69f77-ea12-413c-a988-d2a44a5ca406
2021-09-05 01:39:15,854 [Listener at 127.0.0.1/33945] INFO  impl.RoleInfo (RoleInfo.java:shutdownLeaderState(91)) - cff69f77-ea12-413c-a988-d2a44a5ca406: shutdown cff69f77-ea12-413c-a988-d2a44a5ca406@group-19CEC8DA33B6-LeaderStateImpl
2021-09-05 01:39:15,854 [Listener at 127.0.0.1/33945] INFO  impl.PendingRequests (PendingRequests.java:sendNotLeaderResponses(282)) - cff69f77-ea12-413c-a988-d2a44a5ca406@group-19CEC8DA33B6-PendingRequests: sendNotLeaderResponses
2021-09-05 01:39:15,866 [Listener at 127.0.0.1/33945] INFO  impl.StateMachineUpdater (StateMachineUpdater.java:stopAndJoin(149)) - cff69f77-ea12-413c-a988-d2a44a5ca406@group-19CEC8DA33B6-StateMachineUpdater: set stopIndex = 11
2021-09-05 01:39:15,866 [cff69f77-ea12-413c-a988-d2a44a5ca406@group-19CEC8DA33B6-StateMachineUpdater] INFO  ratis.ContainerStateMachine (ContainerStateMachine.java:takeSnapshot(292)) - group-19CEC8DA33B6: Taking a snapshot at:(t:1, i:11) file /home/runner/work/ozone/ozone/hadoop-ozone/integration-test/target/test-dir/MiniOzoneClusterImpl-37340386-36af-4fa8-9723-b8f583b28ff6/datanode-0/data/ratis/b5503130-8cd7-47db-995f-19cec8da33b6/sm/snapshot.1_11
2021-09-05 01:39:15,867 [ForkJoinPool.commonPool-worker-0] INFO  server.RaftServer$Division (RaftServerImpl.java:lambda$close$4(407)) - cff69f77-ea12-413c-a988-d2a44a5ca406@group-6DE84E8794FA: shutdown
2021-09-05 01:39:15,867 [ForkJoinPool.commonPool-worker-0] INFO  util.JmxRegister (JmxRegister.java:unregister(73)) - Successfully un-registered JMX Bean with object name Ratis:service=RaftServer,group=group-6DE84E8794FA,id=cff69f77-ea12-413c-a988-d2a44a5ca406
2021-09-05 01:39:15,867 [ForkJoinPool.commonPool-worker-0] INFO  impl.RoleInfo (RoleInfo.java:shutdownLeaderState(91)) - cff69f77-ea12-413c-a988-d2a44a5ca406: shutdown cff69f77-ea12-413c-a988-d2a44a5ca406@group-6DE84E8794FA-LeaderStateImpl
2021-09-05 01:39:15,868 [cff69f77-ea12-413c-a988-d2a44a5ca406@group-19CEC8DA33B6-StateMachineUpdater] INFO  ratis.ContainerStateMachine (ContainerStateMachine.java:takeSnapshot(303)) - group-19CEC8DA33B6: Finished taking a snapshot at:(t:1, i:11) file:/home/runner/work/ozone/ozone/hadoop-ozone/integration-test/target/test-dir/MiniOzoneClusterImpl-37340386-36af-4fa8-9723-b8f583b28ff6/datanode-0/data/ratis/b5503130-8cd7-47db-995f-19cec8da33b6/sm/snapshot.1_11 took: 1 ms
2021-09-05 01:39:15,868 [cff69f77-ea12-413c-a988-d2a44a5ca406@group-19CEC8DA33B6-StateMachineUpdater] INFO  impl.StateMachineUpdater (StateMachineUpdater.java:takeSnapshot(281)) - cff69f77-ea12-413c-a988-d2a44a5ca406@group-19CEC8DA33B6-StateMachineUpdater: Took a snapshot at index 11
2021-09-05 01:39:15,868 [cff69f77-ea12-413c-a988-d2a44a5ca406@group-19CEC8DA33B6-StateMachineUpdater] INFO  impl.StateMachineUpdater (StateMachineUpdater.java:lambda$new$0(89)) - cff69f77-ea12-413c-a988-d2a44a5ca406@group-19CEC8DA33B6-StateMachineUpdater: snapshotIndex: updateIncreasingly -1 -> 11
2021-09-05 01:39:15,869 [grpc-default-executor-2] INFO  server.GrpcServerProtocolService (GrpcServerProtocolService.java:onCompleted(140)) - fdb9e53e-0679-45da-9a61-20e122f839df: Completed APPEND_ENTRIES, lastRequest: cff69f77-ea12-413c-a988-d2a44a5ca406->fdb9e53e-0679-45da-9a61-20e122f839df#1-t2,previous=(t:0, i:0),leaderCommit=0,initializing? true,entries: size=1, first=(t:2, i:0), CONFIGURATIONENTRY
2021-09-05 01:39:15,870 [grpc-default-executor-3] INFO  server.GrpcLogAppender (GrpcLogAppender.java:onCompleted(344)) - cff69f77-ea12-413c-a988-d2a44a5ca406@group-6DE84E8794FA->fdb9e53e-0679-45da-9a61-20e122f839df-AppendLogResponseHandler: follower responses appendEntries COMPLETED
2021-09-05 01:39:15,870 [grpc-default-executor-3] INFO  leader.FollowerInfo (FollowerInfoImpl.java:lambda$new$0(46)) - cff69f77-ea12-413c-a988-d2a44a5ca406@group-6DE84E8794FA->fdb9e53e-0679-45da-9a61-20e122f839df: nextIndex: updateUnconditionally 1 -> 0
2021-09-05 01:39:15,906 [Listener at 127.0.0.1/33945] INFO  server.RaftServer$Division (ServerState.java:close(419)) - cff69f77-ea12-413c-a988-d2a44a5ca406@group-19CEC8DA33B6: closes. applyIndex: 11
2021-09-05 01:39:15,907 [cff69f77-ea12-413c-a988-d2a44a5ca406@group-19CEC8DA33B6-SegmentedRaftLogWorker] INFO  segmented.SegmentedRaftLogWorker (SegmentedRaftLogWorker.java:run(327)) - cff69f77-ea12-413c-a988-d2a44a5ca406@group-19CEC8DA33B6-SegmentedRaftLogWorker was interrupted, exiting. There are 0 tasks remaining in the queue.
2021-09-05 01:39:15,907 [grpc-default-executor-4] INFO  server.GrpcServerProtocolService (GrpcServerProtocolService.java:onCompleted(140)) - be41d154-e08a-4361-999c-a2746058d00f: Completed APPEND_ENTRIES, lastRequest: cff69f77-ea12-413c-a988-d2a44a5ca406->be41d154-e08a-4361-999c-a2746058d00f#1-t2,previous=(t:0, i:0),leaderCommit=0,initializing? true,entries: size=1, first=(t:2, i:0), CONFIGURATIONENTRY
2021-09-05 01:39:15,908 [grpc-default-executor-3] INFO  server.GrpcLogAppender (GrpcLogAppender.java:onCompleted(344)) - cff69f77-ea12-413c-a988-d2a44a5ca406@group-6DE84E8794FA->be41d154-e08a-4361-999c-a2746058d00f-AppendLogResponseHandler: follower responses appendEntries COMPLETED
2021-09-05 01:39:15,908 [grpc-default-executor-3] INFO  leader.FollowerInfo (FollowerInfoImpl.java:lambda$new$0(46)) - cff69f77-ea12-413c-a988-d2a44a5ca406@group-6DE84E8794FA->be41d154-e08a-4361-999c-a2746058d00f: nextIndex: updateUnconditionally 1 -> 0
2021-09-05 01:39:15,938 [ForkJoinPool.commonPool-worker-0] INFO  impl.PendingRequests (PendingRequests.java:sendNotLeaderResponses(282)) - cff69f77-ea12-413c-a988-d2a44a5ca406@group-6DE84E8794FA-PendingRequests: sendNotLeaderResponses
2021-09-05 01:39:15,939 [ForkJoinPool.commonPool-worker-0] INFO  impl.StateMachineUpdater (StateMachineUpdater.java:stopAndJoin(149)) - cff69f77-ea12-413c-a988-d2a44a5ca406@group-6DE84E8794FA-StateMachineUpdater: set stopIndex = 0
2021-09-05 01:39:15,939 [Listener at 127.0.0.1/33945] INFO  segmented.SegmentedRaftLogWorker (SegmentedRaftLogWorker.java:close(237)) - cff69f77-ea12-413c-a988-d2a44a5ca406@group-19CEC8DA33B6-SegmentedRaftLogWorker close()
2021-09-05 01:39:15,939 [aa0f76fc-0af9-4fba-891f-e6382fa98fe4@group-8DE473E54637-FollowerState] INFO  impl.FollowerState (FollowerState.java:run(134)) - aa0f76fc-0af9-4fba-891f-e6382fa98fe4@group-8DE473E54637-FollowerState: change to CANDIDATE, lastRpcElapsedTime:5077902791ns, electionTimeout:5049ms
2021-09-05 01:39:15,939 [aa0f76fc-0af9-4fba-891f-e6382fa98fe4@group-8DE473E54637-FollowerState] INFO  impl.RoleInfo (RoleInfo.java:shutdownFollowerState(108)) - aa0f76fc-0af9-4fba-891f-e6382fa98fe4: shutdown aa0f76fc-0af9-4fba-891f-e6382fa98fe4@group-8DE473E54637-FollowerState
2021-09-05 01:39:15,939 [aa0f76fc-0af9-4fba-891f-e6382fa98fe4@group-8DE473E54637-FollowerState] INFO  server.RaftServer$Division (RaftServerImpl.java:setRole(285)) - aa0f76fc-0af9-4fba-891f-e6382fa98fe4@group-8DE473E54637: changes role from  FOLLOWER to CANDIDATE at term 1 for changeToCandidate
2021-09-05 01:39:15,939 [aa0f76fc-0af9-4fba-891f-e6382fa98fe4@group-8DE473E54637-FollowerState] INFO  server.RaftServerConfigKeys (ConfUtils.java:logGet(44)) - raft.server.leaderelection.pre-vote = false (custom)
2021-09-05 01:39:15,939 [aa0f76fc-0af9-4fba-891f-e6382fa98fe4@group-8DE473E54637-FollowerState] INFO  impl.RoleInfo (RoleInfo.java:updateAndGet(130)) - aa0f76fc-0af9-4fba-891f-e6382fa98fe4: start aa0f76fc-0af9-4fba-891f-e6382fa98fe4@group-8DE473E54637-LeaderElection106
2021-09-05 01:39:15,941 [cff69f77-ea12-413c-a988-d2a44a5ca406@group-6DE84E8794FA-StateMachineUpdater] INFO  ratis.ContainerStateMachine (ContainerStateMachine.java:takeSnapshot(292)) - group-6DE84E8794FA: Taking a snapshot at:(t:2, i:0) file /home/runner/work/ozone/ozone/hadoop-ozone/integration-test/target/test-dir/MiniOzoneClusterImpl-37340386-36af-4fa8-9723-b8f583b28ff6/datanode-0/data/ratis/804a25d7-b2b5-40eb-8b1c-6de84e8794fa/sm/snapshot.2_0
2021-09-05 01:39:15,953 [cff69f77-ea12-413c-a988-d2a44a5ca406@group-6DE84E8794FA-StateMachineUpdater] INFO  ratis.ContainerStateMachine (ContainerStateMachine.java:takeSnapshot(303)) - group-6DE84E8794FA: Finished taking a snapshot at:(t:2, i:0) file:/home/runner/work/ozone/ozone/hadoop-ozone/integration-test/target/test-dir/MiniOzoneClusterImpl-37340386-36af-4fa8-9723-b8f583b28ff6/datanode-0/data/ratis/804a25d7-b2b5-40eb-8b1c-6de84e8794fa/sm/snapshot.2_0 took: 12 ms
2021-09-05 01:39:15,953 [cff69f77-ea12-413c-a988-d2a44a5ca406@group-6DE84E8794FA-StateMachineUpdater] INFO  impl.StateMachineUpdater (StateMachineUpdater.java:takeSnapshot(281)) - cff69f77-ea12-413c-a988-d2a44a5ca406@group-6DE84E8794FA-StateMachineUpdater: Took a snapshot at index 0
2021-09-05 01:39:15,953 [cff69f77-ea12-413c-a988-d2a44a5ca406@group-6DE84E8794FA-StateMachineUpdater] INFO  impl.StateMachineUpdater (StateMachineUpdater.java:lambda$new$0(89)) - cff69f77-ea12-413c-a988-d2a44a5ca406@group-6DE84E8794FA-StateMachineUpdater: snapshotIndex: updateIncreasingly -1 -> 0
2021-09-05 01:39:15,953 [ForkJoinPool.commonPool-worker-0] INFO  server.RaftServer$Division (ServerState.java:close(419)) - cff69f77-ea12-413c-a988-d2a44a5ca406@group-6DE84E8794FA: closes. applyIndex: 0
2021-09-05 01:39:15,954 [cff69f77-ea12-413c-a988-d2a44a5ca406@group-6DE84E8794FA-SegmentedRaftLogWorker] INFO  segmented.SegmentedRaftLogWorker (SegmentedRaftLogWorker.java:run(327)) - cff69f77-ea12-413c-a988-d2a44a5ca406@group-6DE84E8794FA-SegmentedRaftLogWorker was interrupted, exiting. There are 0 tasks remaining in the queue.
2021-09-05 01:39:15,961 [ForkJoinPool.commonPool-worker-0] INFO  segmented.SegmentedRaftLogWorker (SegmentedRaftLogWorker.java:close(237)) - cff69f77-ea12-413c-a988-d2a44a5ca406@group-6DE84E8794FA-SegmentedRaftLogWorker close()
2021-09-05 01:39:15,982 [Listener at 127.0.0.1/33945] INFO  server.RaftServer$Division (RaftServerImpl.java:lambda$close$4(407)) - cff69f77-ea12-413c-a988-d2a44a5ca406@group-C6B97DF9FEBA: shutdown
2021-09-05 01:39:15,982 [Listener at 127.0.0.1/33945] INFO  util.JmxRegister (JmxRegister.java:unregister(73)) - Successfully un-registered JMX Bean with object name Ratis:service=RaftServer,group=group-C6B97DF9FEBA,id=cff69f77-ea12-413c-a988-d2a44a5ca406
2021-09-05 01:39:15,982 [Listener at 127.0.0.1/33945] INFO  impl.RoleInfo (RoleInfo.java:shutdownFollowerState(108)) - cff69f77-ea12-413c-a988-d2a44a5ca406: shutdown cff69f77-ea12-413c-a988-d2a44a5ca406@group-C6B97DF9FEBA-FollowerState
2021-09-05 01:39:15,983 [Listener at 127.0.0.1/33945] INFO  impl.StateMachineUpdater (StateMachineUpdater.java:stopAndJoin(149)) - cff69f77-ea12-413c-a988-d2a44a5ca406@group-C6B97DF9FEBA-StateMachineUpdater: set stopIndex = 0
2021-09-05 01:39:15,983 [cff69f77-ea12-413c-a988-d2a44a5ca406@group-C6B97DF9FEBA-FollowerState] INFO  impl.FollowerState (FollowerState.java:run(143)) - cff69f77-ea12-413c-a988-d2a44a5ca406@group-C6B97DF9FEBA-FollowerState was interrupted: {}
java.lang.InterruptedException: sleep interrupted
	at java.lang.Thread.sleep(Native Method)
	at java.lang.Thread.sleep(Thread.java:340)
	at java.util.concurrent.TimeUnit.sleep(TimeUnit.java:386)
	at org.apache.ratis.util.TimeDuration.sleep(TimeDuration.java:324)
	at org.apache.ratis.util.TimeDuration.sleep(TimeDuration.java:309)
	at org.apache.ratis.server.impl.FollowerState.run(FollowerState.java:118)
2021-09-05 01:39:15,983 [cff69f77-ea12-413c-a988-d2a44a5ca406@group-C6B97DF9FEBA-StateMachineUpdater] INFO  ratis.ContainerStateMachine (ContainerStateMachine.java:takeSnapshot(292)) - group-C6B97DF9FEBA: Taking a snapshot at:(t:2, i:0) file /home/runner/work/ozone/ozone/hadoop-ozone/integration-test/target/test-dir/MiniOzoneClusterImpl-37340386-36af-4fa8-9723-b8f583b28ff6/datanode-0/data/ratis/61f36f49-61fb-4aab-819c-c6b97df9feba/sm/snapshot.2_0
2021-09-05 01:39:15,983 [455161ce-78be-4281-bc2a-a50d1cad5e43@group-8DE473E54637-FollowerState] INFO  impl.FollowerState (FollowerState.java:run(134)) - 455161ce-78be-4281-bc2a-a50d1cad5e43@group-8DE473E54637-FollowerState: change to CANDIDATE, lastRpcElapsedTime:5121697952ns, electionTimeout:5098ms
2021-09-05 01:39:15,984 [455161ce-78be-4281-bc2a-a50d1cad5e43@group-8DE473E54637-FollowerState] INFO  impl.RoleInfo (RoleInfo.java:shutdownFollowerState(108)) - 455161ce-78be-4281-bc2a-a50d1cad5e43: shutdown 455161ce-78be-4281-bc2a-a50d1cad5e43@group-8DE473E54637-FollowerState
2021-09-05 01:39:15,985 [455161ce-78be-4281-bc2a-a50d1cad5e43@group-8DE473E54637-FollowerState] INFO  server.RaftServer$Division (RaftServerImpl.java:setRole(285)) - 455161ce-78be-4281-bc2a-a50d1cad5e43@group-8DE473E54637: changes role from  FOLLOWER to CANDIDATE at term 1 for changeToCandidate
2021-09-05 01:39:15,985 [455161ce-78be-4281-bc2a-a50d1cad5e43@group-8DE473E54637-FollowerState] INFO  server.RaftServerConfigKeys (ConfUtils.java:logGet(44)) - raft.server.leaderelection.pre-vote = false (custom)
2021-09-05 01:39:15,985 [455161ce-78be-4281-bc2a-a50d1cad5e43@group-8DE473E54637-FollowerState] INFO  impl.RoleInfo (RoleInfo.java:updateAndGet(130)) - 455161ce-78be-4281-bc2a-a50d1cad5e43: start 455161ce-78be-4281-bc2a-a50d1cad5e43@group-8DE473E54637-LeaderElection107
2021-09-05 01:39:15,985 [cff69f77-ea12-413c-a988-d2a44a5ca406@group-C6B97DF9FEBA-StateMachineUpdater] INFO  ratis.ContainerStateMachine (ContainerStateMachine.java:takeSnapshot(303)) - group-C6B97DF9FEBA: Finished taking a snapshot at:(t:2, i:0) file:/home/runner/work/ozone/ozone/hadoop-ozone/integration-test/target/test-dir/MiniOzoneClusterImpl-37340386-36af-4fa8-9723-b8f583b28ff6/datanode-0/data/ratis/61f36f49-61fb-4aab-819c-c6b97df9feba/sm/snapshot.2_0 took: 3 ms
2021-09-05 01:39:15,985 [cff69f77-ea12-413c-a988-d2a44a5ca406@group-C6B97DF9FEBA-StateMachineUpdater] INFO  impl.StateMachineUpdater (StateMachineUpdater.java:takeSnapshot(281)) - cff69f77-ea12-413c-a988-d2a44a5ca406@group-C6B97DF9FEBA-StateMachineUpdater: Took a snapshot at index 0
2021-09-05 01:39:15,985 [cff69f77-ea12-413c-a988-d2a44a5ca406@group-C6B97DF9FEBA-StateMachineUpdater] INFO  impl.StateMachineUpdater (StateMachineUpdater.java:lambda$new$0(89)) - cff69f77-ea12-413c-a988-d2a44a5ca406@group-C6B97DF9FEBA-StateMachineUpdater: snapshotIndex: updateIncreasingly -1 -> 0
2021-09-05 01:39:15,986 [Listener at 127.0.0.1/33945] INFO  server.RaftServer$Division (ServerState.java:close(419)) - cff69f77-ea12-413c-a988-d2a44a5ca406@group-C6B97DF9FEBA: closes. applyIndex: 0
2021-09-05 01:39:15,988 [455161ce-78be-4281-bc2a-a50d1cad5e43@group-8DE473E54637-LeaderElection107] INFO  impl.LeaderElection (LeaderElection.java:askForVotes(306)) - 455161ce-78be-4281-bc2a-a50d1cad5e43@group-8DE473E54637-LeaderElection107 ELECTION round 0: submit vote requests at term 2 for -1: [455161ce-78be-4281-bc2a-a50d1cad5e43|rpc:10.1.0.25:40081|priority:0, a394a97c-7848-4311-a24c-186851f6b492|rpc:10.1.0.25:38701|priority:0, aa0f76fc-0af9-4fba-891f-e6382fa98fe4|rpc:10.1.0.25:36313|priority:1], old=null
2021-09-05 01:39:15,989 [grpc-default-executor-0] INFO  server.RaftServer$Division (RaftServerImpl.java:requestVote(1043)) - a394a97c-7848-4311-a24c-186851f6b492@group-8DE473E54637: receive requestVote(ELECTION, 455161ce-78be-4281-bc2a-a50d1cad5e43, group-8DE473E54637, 2, (t:0, i:0))
2021-09-05 01:39:15,989 [grpc-default-executor-0] INFO  impl.VoteContext (VoteContext.java:log(48)) - a394a97c-7848-4311-a24c-186851f6b492@group-8DE473E54637-FOLLOWER: accept ELECTION from 455161ce-78be-4281-bc2a-a50d1cad5e43: our priority 0 <= candidate's priority 0
2021-09-05 01:39:15,989 [grpc-default-executor-0] INFO  server.RaftServer$Division (RaftServerImpl.java:setRole(285)) - a394a97c-7848-4311-a24c-186851f6b492@group-8DE473E54637: changes role from  FOLLOWER to FOLLOWER at term 2 for candidate:455161ce-78be-4281-bc2a-a50d1cad5e43
2021-09-05 01:39:15,990 [grpc-default-executor-0] INFO  impl.RoleInfo (RoleInfo.java:shutdownFollowerState(108)) - a394a97c-7848-4311-a24c-186851f6b492: shutdown a394a97c-7848-4311-a24c-186851f6b492@group-8DE473E54637-FollowerState
2021-09-05 01:39:15,991 [grpc-default-executor-4] INFO  server.RaftServer$Division (RaftServerImpl.java:requestVote(1043)) - aa0f76fc-0af9-4fba-891f-e6382fa98fe4@group-8DE473E54637: receive requestVote(ELECTION, 455161ce-78be-4281-bc2a-a50d1cad5e43, group-8DE473E54637, 2, (t:0, i:0))
2021-09-05 01:39:15,998 [aa0f76fc-0af9-4fba-891f-e6382fa98fe4@group-8DE473E54637-LeaderElection106] INFO  impl.LeaderElection (LeaderElection.java:askForVotes(306)) - aa0f76fc-0af9-4fba-891f-e6382fa98fe4@group-8DE473E54637-LeaderElection106 ELECTION round 0: submit vote requests at term 2 for -1: [455161ce-78be-4281-bc2a-a50d1cad5e43|rpc:10.1.0.25:40081|dataStream:|priority:0, a394a97c-7848-4311-a24c-186851f6b492|rpc:10.1.0.25:38701|dataStream:|priority:0, aa0f76fc-0af9-4fba-891f-e6382fa98fe4|rpc:10.1.0.25:36313|dataStream:|priority:1], old=null
2021-09-05 01:39:15,998 [grpc-default-executor-4] INFO  impl.VoteContext (VoteContext.java:log(48)) - aa0f76fc-0af9-4fba-891f-e6382fa98fe4@group-8DE473E54637-CANDIDATE: reject ELECTION from 455161ce-78be-4281-bc2a-a50d1cad5e43: already has voted for aa0f76fc-0af9-4fba-891f-e6382fa98fe4 at current term 2
2021-09-05 01:39:15,998 [grpc-default-executor-4] INFO  server.RaftServer$Division (RaftServerImpl.java:requestVote(1075)) - aa0f76fc-0af9-4fba-891f-e6382fa98fe4@group-8DE473E54637 replies to ELECTION vote request: 455161ce-78be-4281-bc2a-a50d1cad5e43<-aa0f76fc-0af9-4fba-891f-e6382fa98fe4#0:FAIL-t2. Peer's state: aa0f76fc-0af9-4fba-891f-e6382fa98fe4@group-8DE473E54637:t2, leader=null, voted=aa0f76fc-0af9-4fba-891f-e6382fa98fe4, raftlog=aa0f76fc-0af9-4fba-891f-e6382fa98fe4@group-8DE473E54637-SegmentedRaftLog:OPENED:c-1,f-1,i0, conf=-1: [455161ce-78be-4281-bc2a-a50d1cad5e43|rpc:10.1.0.25:40081|dataStream:|priority:0, a394a97c-7848-4311-a24c-186851f6b492|rpc:10.1.0.25:38701|dataStream:|priority:0, aa0f76fc-0af9-4fba-891f-e6382fa98fe4|rpc:10.1.0.25:36313|dataStream:|priority:1], old=null
2021-09-05 01:39:16,034 [grpc-default-executor-0] INFO  impl.RoleInfo (RoleInfo.java:updateAndGet(130)) - a394a97c-7848-4311-a24c-186851f6b492: start a394a97c-7848-4311-a24c-186851f6b492@group-8DE473E54637-FollowerState
2021-09-05 01:39:16,035 [grpc-default-executor-4] INFO  server.RaftServer$Division (RaftServerImpl.java:requestVote(1043)) - 455161ce-78be-4281-bc2a-a50d1cad5e43@group-8DE473E54637: receive requestVote(ELECTION, aa0f76fc-0af9-4fba-891f-e6382fa98fe4, group-8DE473E54637, 2, (t:0, i:0))
2021-09-05 01:39:16,035 [grpc-default-executor-4] INFO  impl.VoteContext (VoteContext.java:log(48)) - 455161ce-78be-4281-bc2a-a50d1cad5e43@group-8DE473E54637-CANDIDATE: reject ELECTION from aa0f76fc-0af9-4fba-891f-e6382fa98fe4: already has voted for 455161ce-78be-4281-bc2a-a50d1cad5e43 at current term 2
2021-09-05 01:39:16,035 [grpc-default-executor-4] INFO  server.RaftServer$Division (RaftServerImpl.java:requestVote(1075)) - 455161ce-78be-4281-bc2a-a50d1cad5e43@group-8DE473E54637 replies to ELECTION vote request: aa0f76fc-0af9-4fba-891f-e6382fa98fe4<-455161ce-78be-4281-bc2a-a50d1cad5e43#0:FAIL-t2. Peer's state: 455161ce-78be-4281-bc2a-a50d1cad5e43@group-8DE473E54637:t2, leader=null, voted=455161ce-78be-4281-bc2a-a50d1cad5e43, raftlog=455161ce-78be-4281-bc2a-a50d1cad5e43@group-8DE473E54637-SegmentedRaftLog:OPENED:c-1,f-1,i0, conf=-1: [455161ce-78be-4281-bc2a-a50d1cad5e43|rpc:10.1.0.25:40081|priority:0, a394a97c-7848-4311-a24c-186851f6b492|rpc:10.1.0.25:38701|priority:0, aa0f76fc-0af9-4fba-891f-e6382fa98fe4|rpc:10.1.0.25:36313|priority:1], old=null
2021-09-05 01:39:16,036 [a394a97c-7848-4311-a24c-186851f6b492@group-8DE473E54637-FollowerState] INFO  impl.FollowerState (FollowerState.java:run(143)) - a394a97c-7848-4311-a24c-186851f6b492@group-8DE473E54637-FollowerState was interrupted: {}
java.lang.InterruptedException: sleep interrupted
	at java.lang.Thread.sleep(Native Method)
	at java.lang.Thread.sleep(Thread.java:340)
	at java.util.concurrent.TimeUnit.sleep(TimeUnit.java:386)
	at org.apache.ratis.util.TimeDuration.sleep(TimeDuration.java:324)
	at org.apache.ratis.util.TimeDuration.sleep(TimeDuration.java:309)
	at org.apache.ratis.server.impl.FollowerState.run(FollowerState.java:118)
2021-09-05 01:39:16,054 [cff69f77-ea12-413c-a988-d2a44a5ca406@group-C6B97DF9FEBA-SegmentedRaftLogWorker] INFO  segmented.SegmentedRaftLogWorker (SegmentedRaftLogWorker.java:run(327)) - cff69f77-ea12-413c-a988-d2a44a5ca406@group-C6B97DF9FEBA-SegmentedRaftLogWorker was interrupted, exiting. There are 0 tasks remaining in the queue.
2021-09-05 01:39:16,066 [Listener at 127.0.0.1/33945] INFO  segmented.SegmentedRaftLogWorker (SegmentedRaftLogWorker.java:close(237)) - cff69f77-ea12-413c-a988-d2a44a5ca406@group-C6B97DF9FEBA-SegmentedRaftLogWorker close()
2021-09-05 01:39:16,067 [Listener at 127.0.0.1/33945] INFO  server.GrpcService (GrpcService.java:closeImpl(262)) - cff69f77-ea12-413c-a988-d2a44a5ca406: shutdown server with port 34387 now
2021-09-05 01:39:16,084 [grpc-default-executor-3] WARN  server.GrpcServerProtocolService (LogUtils.java:warn(122)) - cff69f77-ea12-413c-a988-d2a44a5ca406: installSnapshot onError, lastRequest: fdb9e53e-0679-45da-9a61-20e122f839df->cff69f77-ea12-413c-a988-d2a44a5ca406#1-t1,previous=(t:0, i:0),leaderCommit=-1,initializing? true,entries: size=1, first=(t:1, i:0), CONFIGURATIONENTRY: org.apache.ratis.thirdparty.io.grpc.StatusRuntimeException: CANCELLED: client cancelled
2021-09-05 01:39:16,085 [455161ce-78be-4281-bc2a-a50d1cad5e43@group-8DE473E54637-LeaderElection107] INFO  impl.LeaderElection (LeaderElection.java:logAndReturn(89)) - 455161ce-78be-4281-bc2a-a50d1cad5e43@group-8DE473E54637-LeaderElection107: ELECTION REJECTED received 1 response(s) and 0 exception(s):
2021-09-05 01:39:16,085 [455161ce-78be-4281-bc2a-a50d1cad5e43@group-8DE473E54637-LeaderElection107] INFO  impl.LeaderElection (LeaderElection.java:logAndReturn(93)) -   Response 0: 455161ce-78be-4281-bc2a-a50d1cad5e43<-aa0f76fc-0af9-4fba-891f-e6382fa98fe4#0:FAIL-t2
2021-09-05 01:39:16,085 [455161ce-78be-4281-bc2a-a50d1cad5e43@group-8DE473E54637-LeaderElection107] INFO  impl.LeaderElection (LeaderElection.java:askForVotes(308)) - 455161ce-78be-4281-bc2a-a50d1cad5e43@group-8DE473E54637-LeaderElection107 ELECTION round 0: result REJECTED
2021-09-05 01:39:16,085 [455161ce-78be-4281-bc2a-a50d1cad5e43@group-8DE473E54637-LeaderElection107] INFO  server.RaftServer$Division (RaftServerImpl.java:setRole(285)) - 455161ce-78be-4281-bc2a-a50d1cad5e43@group-8DE473E54637: changes role from CANDIDATE to FOLLOWER at term 2 for REJECTED
2021-09-05 01:39:16,085 [455161ce-78be-4281-bc2a-a50d1cad5e43@group-8DE473E54637-LeaderElection107] INFO  impl.RoleInfo (RoleInfo.java:shutdownLeaderElection(121)) - 455161ce-78be-4281-bc2a-a50d1cad5e43: shutdown 455161ce-78be-4281-bc2a-a50d1cad5e43@group-8DE473E54637-LeaderElection107
2021-09-05 01:39:16,085 [455161ce-78be-4281-bc2a-a50d1cad5e43@group-8DE473E54637-LeaderElection107] INFO  impl.RoleInfo (RoleInfo.java:updateAndGet(130)) - 455161ce-78be-4281-bc2a-a50d1cad5e43: start 455161ce-78be-4281-bc2a-a50d1cad5e43@group-8DE473E54637-FollowerState
2021-09-05 01:39:16,086 [grpc-default-executor-0] INFO  server.RaftServer$Division (RaftServerImpl.java:requestVote(1075)) - a394a97c-7848-4311-a24c-186851f6b492@group-8DE473E54637 replies to ELECTION vote request: 455161ce-78be-4281-bc2a-a50d1cad5e43<-a394a97c-7848-4311-a24c-186851f6b492#0:OK-t2. Peer's state: a394a97c-7848-4311-a24c-186851f6b492@group-8DE473E54637:t2, leader=null, voted=455161ce-78be-4281-bc2a-a50d1cad5e43, raftlog=a394a97c-7848-4311-a24c-186851f6b492@group-8DE473E54637-SegmentedRaftLog:OPENED:c-1,f-1,i0, conf=-1: [455161ce-78be-4281-bc2a-a50d1cad5e43|rpc:10.1.0.25:40081|priority:0, a394a97c-7848-4311-a24c-186851f6b492|rpc:10.1.0.25:38701|priority:0, aa0f76fc-0af9-4fba-891f-e6382fa98fe4|rpc:10.1.0.25:36313|priority:1], old=null
2021-09-05 01:39:16,089 [grpc-default-executor-4] INFO  server.RaftServer$Division (RaftServerImpl.java:requestVote(1043)) - a394a97c-7848-4311-a24c-186851f6b492@group-8DE473E54637: receive requestVote(ELECTION, aa0f76fc-0af9-4fba-891f-e6382fa98fe4, group-8DE473E54637, 2, (t:0, i:0))
2021-09-05 01:39:16,090 [grpc-default-executor-4] INFO  impl.VoteContext (VoteContext.java:log(48)) - a394a97c-7848-4311-a24c-186851f6b492@group-8DE473E54637-FOLLOWER: reject ELECTION from aa0f76fc-0af9-4fba-891f-e6382fa98fe4: already has voted for 455161ce-78be-4281-bc2a-a50d1cad5e43 at current term 2
2021-09-05 01:39:16,090 [grpc-default-executor-4] INFO  server.RaftServer$Division (RaftServerImpl.java:requestVote(1075)) - a394a97c-7848-4311-a24c-186851f6b492@group-8DE473E54637 replies to ELECTION vote request: aa0f76fc-0af9-4fba-891f-e6382fa98fe4<-a394a97c-7848-4311-a24c-186851f6b492#0:FAIL-t2. Peer's state: a394a97c-7848-4311-a24c-186851f6b492@group-8DE473E54637:t2, leader=null, voted=455161ce-78be-4281-bc2a-a50d1cad5e43, raftlog=a394a97c-7848-4311-a24c-186851f6b492@group-8DE473E54637-SegmentedRaftLog:OPENED:c-1,f-1,i0, conf=-1: [455161ce-78be-4281-bc2a-a50d1cad5e43|rpc:10.1.0.25:40081|priority:0, a394a97c-7848-4311-a24c-186851f6b492|rpc:10.1.0.25:38701|priority:0, aa0f76fc-0af9-4fba-891f-e6382fa98fe4|rpc:10.1.0.25:36313|priority:1], old=null
2021-09-05 01:39:16,090 [grpc-default-executor-3] WARN  server.GrpcServerProtocolService (LogUtils.java:warn(122)) - cff69f77-ea12-413c-a988-d2a44a5ca406: installSnapshot onError, lastRequest: be41d154-e08a-4361-999c-a2746058d00f->cff69f77-ea12-413c-a988-d2a44a5ca406#1-t2,previous=(t:0, i:0),leaderCommit=0,initializing? true,entries: size=1, first=(t:2, i:0), CONFIGURATIONENTRY: org.apache.ratis.thirdparty.io.grpc.StatusRuntimeException: CANCELLED: client cancelled
2021-09-05 01:39:16,090 [grpc-default-executor-0] WARN  server.GrpcLogAppender (LogUtils.java:warn(122)) - fdb9e53e-0679-45da-9a61-20e122f839df@group-FC73588AFD2D->cff69f77-ea12-413c-a988-d2a44a5ca406-AppendLogResponseHandler: Failed appendEntries: org.apache.ratis.thirdparty.io.grpc.StatusRuntimeException: CANCELLED: HTTP/2 error code: CANCEL
Received Rst Stream
2021-09-05 01:39:16,091 [grpc-default-executor-0] WARN  server.GrpcLogAppender (GrpcLogAppender.java:resetClient(111)) - fdb9e53e-0679-45da-9a61-20e122f839df@group-FC73588AFD2D->cff69f77-ea12-413c-a988-d2a44a5ca406-GrpcLogAppender: Leader has not got in touch with Follower fdb9e53e-0679-45da-9a61-20e122f839df@group-FC73588AFD2D->cff69f77-ea12-413c-a988-d2a44a5ca406(c0,m0,n1, attendVote=true, lastRpcSendTime=1620, lastRpcResponseTime=1614) yet, just keep nextIndex unchanged and retry.
2021-09-05 01:39:16,128 [grpc-default-executor-0] WARN  server.GrpcLogAppender (LogUtils.java:warn(122)) - be41d154-e08a-4361-999c-a2746058d00f@group-C6B97DF9FEBA->cff69f77-ea12-413c-a988-d2a44a5ca406-AppendLogResponseHandler: Failed appendEntries: org.apache.ratis.thirdparty.io.grpc.StatusRuntimeException: CANCELLED: HTTP/2 error code: CANCEL
Received Rst Stream
2021-09-05 01:39:16,128 [grpc-default-executor-0] WARN  server.GrpcLogAppender (GrpcLogAppender.java:resetClient(111)) - be41d154-e08a-4361-999c-a2746058d00f@group-C6B97DF9FEBA->cff69f77-ea12-413c-a988-d2a44a5ca406-GrpcLogAppender: Leader has not got in touch with Follower be41d154-e08a-4361-999c-a2746058d00f@group-C6B97DF9FEBA->cff69f77-ea12-413c-a988-d2a44a5ca406(c0,m0,n1, attendVote=true, lastRpcSendTime=221, lastRpcResponseTime=158) yet, just keep nextIndex unchanged and retry.
2021-09-05 01:39:16,130 [Listener at 127.0.0.1/33945] INFO  server.GrpcService (GrpcService.java:closeImpl(271)) - cff69f77-ea12-413c-a988-d2a44a5ca406: shutdown server with port 34387 successfully
2021-09-05 01:39:16,131 [org.apache.ratis.util.JvmPauseMonitor$$Lambda$531/1694950219@4dd1af64] INFO  util.JvmPauseMonitor (JvmPauseMonitor.java:run(109)) - JvmPauseMonitor-cff69f77-ea12-413c-a988-d2a44a5ca406: Stopped
2021-09-05 01:39:16,132 [Listener at 127.0.0.1/33945] INFO  utils.BackgroundService (BackgroundService.java:shutdown(132)) - Shutting down service BlockDeletingService
2021-09-05 01:39:16,145 [aa0f76fc-0af9-4fba-891f-e6382fa98fe4@group-8DE473E54637-LeaderElection106] INFO  impl.LeaderElection (LeaderElection.java:logAndReturn(89)) - aa0f76fc-0af9-4fba-891f-e6382fa98fe4@group-8DE473E54637-LeaderElection106: ELECTION REJECTED received 2 response(s) and 0 exception(s):
2021-09-05 01:39:16,145 [aa0f76fc-0af9-4fba-891f-e6382fa98fe4@group-8DE473E54637-LeaderElection106] INFO  impl.LeaderElection (LeaderElection.java:logAndReturn(93)) -   Response 0: aa0f76fc-0af9-4fba-891f-e6382fa98fe4<-455161ce-78be-4281-bc2a-a50d1cad5e43#0:FAIL-t2
2021-09-05 01:39:16,145 [aa0f76fc-0af9-4fba-891f-e6382fa98fe4@group-8DE473E54637-LeaderElection106] INFO  impl.LeaderElection (LeaderElection.java:logAndReturn(93)) -   Response 1: aa0f76fc-0af9-4fba-891f-e6382fa98fe4<-a394a97c-7848-4311-a24c-186851f6b492#0:FAIL-t2
2021-09-05 01:39:16,145 [aa0f76fc-0af9-4fba-891f-e6382fa98fe4@group-8DE473E54637-LeaderElection106] INFO  impl.LeaderElection (LeaderElection.java:askForVotes(308)) - aa0f76fc-0af9-4fba-891f-e6382fa98fe4@group-8DE473E54637-LeaderElection106 ELECTION round 0: result REJECTED
2021-09-05 01:39:16,146 [aa0f76fc-0af9-4fba-891f-e6382fa98fe4@group-8DE473E54637-LeaderElection106] INFO  server.RaftServer$Division (RaftServerImpl.java:setRole(285)) - aa0f76fc-0af9-4fba-891f-e6382fa98fe4@group-8DE473E54637: changes role from CANDIDATE to FOLLOWER at term 2 for REJECTED
2021-09-05 01:39:16,146 [aa0f76fc-0af9-4fba-891f-e6382fa98fe4@group-8DE473E54637-LeaderElection106] INFO  impl.RoleInfo (RoleInfo.java:shutdownLeaderElection(121)) - aa0f76fc-0af9-4fba-891f-e6382fa98fe4: shutdown aa0f76fc-0af9-4fba-891f-e6382fa98fe4@group-8DE473E54637-LeaderElection106
2021-09-05 01:39:16,146 [aa0f76fc-0af9-4fba-891f-e6382fa98fe4@group-8DE473E54637-LeaderElection106] INFO  impl.RoleInfo (RoleInfo.java:updateAndGet(130)) - aa0f76fc-0af9-4fba-891f-e6382fa98fe4: start aa0f76fc-0af9-4fba-891f-e6382fa98fe4@group-8DE473E54637-FollowerState
2021-09-05 01:39:16,989 [grpc-default-executor-4] WARN  server.GrpcLogAppender (LogUtils.java:warn(122)) - fdb9e53e-0679-45da-9a61-20e122f839df@group-FC73588AFD2D->cff69f77-ea12-413c-a988-d2a44a5ca406-AppendLogResponseHandler: Failed appendEntries: org.apache.ratis.thirdparty.io.grpc.StatusRuntimeException: UNAVAILABLE: io exception
2021-09-05 01:39:16,989 [grpc-default-executor-4] WARN  server.GrpcLogAppender (GrpcLogAppender.java:resetClient(111)) - fdb9e53e-0679-45da-9a61-20e122f839df@group-FC73588AFD2D->cff69f77-ea12-413c-a988-d2a44a5ca406-GrpcLogAppender: Leader has not got in touch with Follower fdb9e53e-0679-45da-9a61-20e122f839df@group-FC73588AFD2D->cff69f77-ea12-413c-a988-d2a44a5ca406(c0,m0,n1, attendVote=true, lastRpcSendTime=1, lastRpcResponseTime=2512) yet, just keep nextIndex unchanged and retry.
2021-09-05 01:39:18,508 [grpc-default-executor-2] WARN  server.GrpcLogAppender (LogUtils.java:warn(122)) - be41d154-e08a-4361-999c-a2746058d00f@group-C6B97DF9FEBA->cff69f77-ea12-413c-a988-d2a44a5ca406-AppendLogResponseHandler: Failed appendEntries: org.apache.ratis.thirdparty.io.grpc.StatusRuntimeException: UNAVAILABLE: io exception
2021-09-05 01:39:18,517 [grpc-default-executor-2] WARN  server.GrpcLogAppender (GrpcLogAppender.java:resetClient(111)) - be41d154-e08a-4361-999c-a2746058d00f@group-C6B97DF9FEBA->cff69f77-ea12-413c-a988-d2a44a5ca406-GrpcLogAppender: Leader has not got in touch with Follower be41d154-e08a-4361-999c-a2746058d00f@group-C6B97DF9FEBA->cff69f77-ea12-413c-a988-d2a44a5ca406(c0,m0,n1, attendVote=true, lastRpcSendTime=9, lastRpcResponseTime=2547) yet, just keep nextIndex unchanged and retry.
2021-09-05 01:39:19,166 [Listener at 127.0.0.1/33945] INFO  statemachine.DatanodeStateMachine (DatanodeStateMachine.java:stopDaemon(515)) - Ozone container server stopped.
2021-09-05 01:39:19,167 [Listener at 127.0.0.1/33945] INFO  handler.ContextHandler (ContextHandler.java:doStop(1153)) - Stopped o.e.j.w.WebAppContext@6ebb795a{hddsDatanode,/,null,STOPPED}{jar:file:/home/runner/.m2/repository/org/apache/ozone/hdds-container-service/1.2.0-SNAPSHOT/hdds-container-service-1.2.0-SNAPSHOT.jar!/webapps/hddsDatanode}
2021-09-05 01:39:19,167 [Listener at 127.0.0.1/33945] INFO  server.AbstractConnector (AbstractConnector.java:doStop(381)) - Stopped ServerConnector@3b0ef50a{HTTP/1.1, (http/1.1)}{0.0.0.0:0}
2021-09-05 01:39:19,168 [Listener at 127.0.0.1/33945] INFO  server.session (HouseKeeper.java:stopScavenging(149)) - node0 Stopped scavenging
2021-09-05 01:39:19,168 [Listener at 127.0.0.1/33945] INFO  handler.ContextHandler (ContextHandler.java:doStop(1153)) - Stopped o.e.j.s.ServletContextHandler@2e5a34c1{static,/static,jar:file:/home/runner/.m2/repository/org/apache/ozone/hdds-container-service/1.2.0-SNAPSHOT/hdds-container-service-1.2.0-SNAPSHOT.jar!/webapps/static,STOPPED}
2021-09-05 01:39:19,168 [Listener at 127.0.0.1/33945] INFO  handler.ContextHandler (ContextHandler.java:doStop(1153)) - Stopped o.e.j.s.ServletContextHandler@7c5ed9c4{logs,/logs,file:///home/runner/work/ozone/ozone/hadoop-ozone/integration-test/target/log,STOPPED}
2021-09-05 01:39:19,490 [grpc-default-executor-0] WARN  server.GrpcLogAppender (LogUtils.java:warn(122)) - fdb9e53e-0679-45da-9a61-20e122f839df@group-FC73588AFD2D->cff69f77-ea12-413c-a988-d2a44a5ca406-AppendLogResponseHandler: Failed appendEntries: org.apache.ratis.thirdparty.io.grpc.StatusRuntimeException: UNAVAILABLE: io exception
2021-09-05 01:39:19,491 [grpc-default-executor-0] WARN  server.GrpcLogAppender (GrpcLogAppender.java:resetClient(111)) - fdb9e53e-0679-45da-9a61-20e122f839df@group-FC73588AFD2D->cff69f77-ea12-413c-a988-d2a44a5ca406-GrpcLogAppender: Leader has not got in touch with Follower fdb9e53e-0679-45da-9a61-20e122f839df@group-FC73588AFD2D->cff69f77-ea12-413c-a988-d2a44a5ca406(c0,m0,n1, attendVote=true, lastRpcSendTime=0, lastRpcResponseTime=5014) yet, just keep nextIndex unchanged and retry.
2021-09-05 01:39:20,315 [aa0f76fc-0af9-4fba-891f-e6382fa98fe4@group-9820ECCA99ED-FollowerState] INFO  impl.FollowerState (FollowerState.java:run(134)) - aa0f76fc-0af9-4fba-891f-e6382fa98fe4@group-9820ECCA99ED-FollowerState: change to CANDIDATE, lastRpcElapsedTime:5021080156ns, electionTimeout:5005ms
2021-09-05 01:39:20,315 [aa0f76fc-0af9-4fba-891f-e6382fa98fe4@group-9820ECCA99ED-FollowerState] INFO  impl.RoleInfo (RoleInfo.java:shutdownFollowerState(108)) - aa0f76fc-0af9-4fba-891f-e6382fa98fe4: shutdown aa0f76fc-0af9-4fba-891f-e6382fa98fe4@group-9820ECCA99ED-FollowerState
2021-09-05 01:39:20,315 [aa0f76fc-0af9-4fba-891f-e6382fa98fe4@group-9820ECCA99ED-FollowerState] INFO  server.RaftServer$Division (RaftServerImpl.java:setRole(285)) - aa0f76fc-0af9-4fba-891f-e6382fa98fe4@group-9820ECCA99ED: changes role from  FOLLOWER to CANDIDATE at term 2 for changeToCandidate
2021-09-05 01:39:20,316 [aa0f76fc-0af9-4fba-891f-e6382fa98fe4@group-9820ECCA99ED-FollowerState] INFO  server.RaftServerConfigKeys (ConfUtils.java:logGet(44)) - raft.server.leaderelection.pre-vote = false (custom)
2021-09-05 01:39:20,316 [aa0f76fc-0af9-4fba-891f-e6382fa98fe4@group-9820ECCA99ED-FollowerState] INFO  impl.RoleInfo (RoleInfo.java:updateAndGet(130)) - aa0f76fc-0af9-4fba-891f-e6382fa98fe4: start aa0f76fc-0af9-4fba-891f-e6382fa98fe4@group-9820ECCA99ED-LeaderElection108
2021-09-05 01:39:20,367 [aa0f76fc-0af9-4fba-891f-e6382fa98fe4@group-9820ECCA99ED-LeaderElection108] INFO  impl.LeaderElection (LeaderElection.java:askForVotes(306)) - aa0f76fc-0af9-4fba-891f-e6382fa98fe4@group-9820ECCA99ED-LeaderElection108 ELECTION round 0: submit vote requests at term 3 for -1: [455161ce-78be-4281-bc2a-a50d1cad5e43|rpc:10.1.0.25:40081|dataStream:|priority:0, a394a97c-7848-4311-a24c-186851f6b492|rpc:10.1.0.25:38701|dataStream:|priority:1, aa0f76fc-0af9-4fba-891f-e6382fa98fe4|rpc:10.1.0.25:36313|dataStream:|priority:0], old=null
2021-09-05 01:39:20,397 [grpc-default-executor-0] INFO  server.RaftServer$Division (RaftServerImpl.java:requestVote(1043)) - 455161ce-78be-4281-bc2a-a50d1cad5e43@group-9820ECCA99ED: receive requestVote(ELECTION, aa0f76fc-0af9-4fba-891f-e6382fa98fe4, group-9820ECCA99ED, 3, (t:0, i:0))
2021-09-05 01:39:20,397 [grpc-default-executor-0] INFO  impl.VoteContext (VoteContext.java:log(48)) - 455161ce-78be-4281-bc2a-a50d1cad5e43@group-9820ECCA99ED-FOLLOWER: accept ELECTION from aa0f76fc-0af9-4fba-891f-e6382fa98fe4: our priority 0 <= candidate's priority 0
2021-09-05 01:39:20,397 [grpc-default-executor-0] INFO  server.RaftServer$Division (RaftServerImpl.java:setRole(285)) - 455161ce-78be-4281-bc2a-a50d1cad5e43@group-9820ECCA99ED: changes role from  FOLLOWER to FOLLOWER at term 3 for candidate:aa0f76fc-0af9-4fba-891f-e6382fa98fe4
2021-09-05 01:39:20,397 [grpc-default-executor-0] INFO  impl.RoleInfo (RoleInfo.java:shutdownFollowerState(108)) - 455161ce-78be-4281-bc2a-a50d1cad5e43: shutdown 455161ce-78be-4281-bc2a-a50d1cad5e43@group-9820ECCA99ED-FollowerState
2021-09-05 01:39:20,414 [grpc-default-executor-4] INFO  server.RaftServer$Division (RaftServerImpl.java:requestVote(1043)) - a394a97c-7848-4311-a24c-186851f6b492@group-9820ECCA99ED: receive requestVote(ELECTION, aa0f76fc-0af9-4fba-891f-e6382fa98fe4, group-9820ECCA99ED, 3, (t:0, i:0))
2021-09-05 01:39:20,414 [grpc-default-executor-4] INFO  impl.VoteContext (VoteContext.java:log(48)) - a394a97c-7848-4311-a24c-186851f6b492@group-9820ECCA99ED-FOLLOWER: reject ELECTION from aa0f76fc-0af9-4fba-891f-e6382fa98fe4: our priority 1 > candidate's priority 0
2021-09-05 01:39:20,414 [grpc-default-executor-4] INFO  server.RaftServer$Division (RaftServerImpl.java:setRole(285)) - a394a97c-7848-4311-a24c-186851f6b492@group-9820ECCA99ED: changes role from  FOLLOWER to FOLLOWER at term 3 for candidate:aa0f76fc-0af9-4fba-891f-e6382fa98fe4
2021-09-05 01:39:20,414 [grpc-default-executor-4] INFO  impl.RoleInfo (RoleInfo.java:shutdownFollowerState(108)) - a394a97c-7848-4311-a24c-186851f6b492: shutdown a394a97c-7848-4311-a24c-186851f6b492@group-9820ECCA99ED-FollowerState
2021-09-05 01:39:20,449 [grpc-default-executor-0] INFO  impl.RoleInfo (RoleInfo.java:updateAndGet(130)) - 455161ce-78be-4281-bc2a-a50d1cad5e43: start 455161ce-78be-4281-bc2a-a50d1cad5e43@group-9820ECCA99ED-FollowerState
2021-09-05 01:39:20,450 [455161ce-78be-4281-bc2a-a50d1cad5e43@group-9820ECCA99ED-FollowerState] INFO  impl.FollowerState (FollowerState.java:run(143)) - 455161ce-78be-4281-bc2a-a50d1cad5e43@group-9820ECCA99ED-FollowerState was interrupted: {}
java.lang.InterruptedException: sleep interrupted
	at java.lang.Thread.sleep(Native Method)
	at java.lang.Thread.sleep(Thread.java:340)
	at java.util.concurrent.TimeUnit.sleep(TimeUnit.java:386)
	at org.apache.ratis.util.TimeDuration.sleep(TimeDuration.java:324)
	at org.apache.ratis.util.TimeDuration.sleep(TimeDuration.java:309)
	at org.apache.ratis.server.impl.FollowerState.run(FollowerState.java:118)
2021-09-05 01:39:20,450 [EventQueue-StaleNodeForStaleNodeHandler] INFO  node.StaleNodeHandler (StaleNodeHandler.java:onMessage(58)) - Datanode cff69f77-ea12-413c-a988-d2a44a5ca406{ip: 10.1.0.25, host: fv-az270-420.tacnzluakwdehk1hpragurqkma.bx.internal.cloudapp.net, ports: [REPLICATION=40651, RATIS=34387, RATIS_ADMIN=34387, RATIS_SERVER=34387, STANDALONE=34759], networkLocation: /default-rack, certSerialId: null, persistedOpState: IN_SERVICE, persistedOpStateExpiryEpochSec: 0} moved to stale state. Finalizing its pipelines [PipelineID=b5503130-8cd7-47db-995f-19cec8da33b6, PipelineID=97e19d54-76f6-4db6-b4a5-fc73588afd2d, PipelineID=804a25d7-b2b5-40eb-8b1c-6de84e8794fa, PipelineID=61f36f49-61fb-4aab-819c-c6b97df9feba]
2021-09-05 01:39:20,450 [EventQueue-StaleNodeForStaleNodeHandler] INFO  pipeline.PipelineManagerImpl (PipelineManagerImpl.java:closePipeline(342)) - Pipeline Pipeline[ Id: b5503130-8cd7-47db-995f-19cec8da33b6, Nodes: cff69f77-ea12-413c-a988-d2a44a5ca406{ip: 10.1.0.25, host: fv-az270-420.tacnzluakwdehk1hpragurqkma.bx.internal.cloudapp.net, ports: [REPLICATION=40651, RATIS=34387, RATIS_ADMIN=34387, RATIS_SERVER=34387, STANDALONE=34759], networkLocation: /default-rack, certSerialId: null, persistedOpState: IN_SERVICE, persistedOpStateExpiryEpochSec: 0}, ReplicationConfig: RATIS/ONE, State:OPEN, leaderId:cff69f77-ea12-413c-a988-d2a44a5ca406, CreationTimestamp2021-09-05T01:38:59.540Z[Etc/UTC]] moved to CLOSED state
2021-09-05 01:39:20,466 [a394a97c-7848-4311-a24c-186851f6b492@group-9820ECCA99ED-FollowerState] INFO  impl.FollowerState (FollowerState.java:run(143)) - a394a97c-7848-4311-a24c-186851f6b492@group-9820ECCA99ED-FollowerState was interrupted: {}
java.lang.InterruptedException: sleep interrupted
	at java.lang.Thread.sleep(Native Method)
	at java.lang.Thread.sleep(Thread.java:340)
	at java.util.concurrent.TimeUnit.sleep(TimeUnit.java:386)
	at org.apache.ratis.util.TimeDuration.sleep(TimeDuration.java:324)
	at org.apache.ratis.util.TimeDuration.sleep(TimeDuration.java:309)
	at org.apache.ratis.server.impl.FollowerState.run(FollowerState.java:118)
2021-09-05 01:39:20,466 [grpc-default-executor-4] INFO  impl.RoleInfo (RoleInfo.java:updateAndGet(130)) - a394a97c-7848-4311-a24c-186851f6b492: start a394a97c-7848-4311-a24c-186851f6b492@group-9820ECCA99ED-FollowerState
2021-09-05 01:39:20,467 [grpc-default-executor-0] INFO  server.RaftServer$Division (RaftServerImpl.java:requestVote(1075)) - 455161ce-78be-4281-bc2a-a50d1cad5e43@group-9820ECCA99ED replies to ELECTION vote request: aa0f76fc-0af9-4fba-891f-e6382fa98fe4<-455161ce-78be-4281-bc2a-a50d1cad5e43#0:OK-t3. Peer's state: 455161ce-78be-4281-bc2a-a50d1cad5e43@group-9820ECCA99ED:t3, leader=null, voted=aa0f76fc-0af9-4fba-891f-e6382fa98fe4, raftlog=455161ce-78be-4281-bc2a-a50d1cad5e43@group-9820ECCA99ED-SegmentedRaftLog:OPENED:c-1,f-1,i0, conf=-1: [455161ce-78be-4281-bc2a-a50d1cad5e43|rpc:10.1.0.25:40081|priority:0, a394a97c-7848-4311-a24c-186851f6b492|rpc:10.1.0.25:38701|priority:1, aa0f76fc-0af9-4fba-891f-e6382fa98fe4|rpc:10.1.0.25:36313|priority:0], old=null
2021-09-05 01:39:20,469 [EventQueue-StaleNodeForStaleNodeHandler] INFO  pipeline.PipelineManagerImpl (PipelineManagerImpl.java:closePipeline(342)) - Pipeline Pipeline[ Id: 97e19d54-76f6-4db6-b4a5-fc73588afd2d, Nodes: be41d154-e08a-4361-999c-a2746058d00f{ip: 10.1.0.25, host: fv-az270-420.tacnzluakwdehk1hpragurqkma.bx.internal.cloudapp.net, ports: [REPLICATION=33191, RATIS=33043, RATIS_ADMIN=33043, RATIS_SERVER=33043, STANDALONE=37769], networkLocation: /default-rack, certSerialId: null, persistedOpState: IN_SERVICE, persistedOpStateExpiryEpochSec: 0}fdb9e53e-0679-45da-9a61-20e122f839df{ip: 10.1.0.25, host: fv-az270-420.tacnzluakwdehk1hpragurqkma.bx.internal.cloudapp.net, ports: [REPLICATION=45811, RATIS=40867, RATIS_ADMIN=40867, RATIS_SERVER=40867, STANDALONE=43325], networkLocation: /default-rack, certSerialId: null, persistedOpState: IN_SERVICE, persistedOpStateExpiryEpochSec: 0}cff69f77-ea12-413c-a988-d2a44a5ca406{ip: 10.1.0.25, host: fv-az270-420.tacnzluakwdehk1hpragurqkma.bx.internal.cloudapp.net, ports: [REPLICATION=40651, RATIS=34387, RATIS_ADMIN=34387, RATIS_SERVER=34387, STANDALONE=34759], networkLocation: /default-rack, certSerialId: null, persistedOpState: IN_SERVICE, persistedOpStateExpiryEpochSec: 0}, ReplicationConfig: RATIS/THREE, State:OPEN, leaderId:fdb9e53e-0679-45da-9a61-20e122f839df, CreationTimestamp2021-09-05T01:39:00.740Z[Etc/UTC]] moved to CLOSED state
2021-09-05 01:39:20,469 [EventQueue-StaleNodeForStaleNodeHandler] INFO  pipeline.PipelineManagerImpl (PipelineManagerImpl.java:closePipeline(342)) - Pipeline Pipeline[ Id: 804a25d7-b2b5-40eb-8b1c-6de84e8794fa, Nodes: cff69f77-ea12-413c-a988-d2a44a5ca406{ip: 10.1.0.25, host: fv-az270-420.tacnzluakwdehk1hpragurqkma.bx.internal.cloudapp.net, ports: [REPLICATION=40651, RATIS=34387, RATIS_ADMIN=34387, RATIS_SERVER=34387, STANDALONE=34759], networkLocation: /default-rack, certSerialId: null, persistedOpState: IN_SERVICE, persistedOpStateExpiryEpochSec: 0}be41d154-e08a-4361-999c-a2746058d00f{ip: 10.1.0.25, host: fv-az270-420.tacnzluakwdehk1hpragurqkma.bx.internal.cloudapp.net, ports: [REPLICATION=33191, RATIS=33043, RATIS_ADMIN=33043, RATIS_SERVER=33043, STANDALONE=37769], networkLocation: /default-rack, certSerialId: null, persistedOpState: IN_SERVICE, persistedOpStateExpiryEpochSec: 0}fdb9e53e-0679-45da-9a61-20e122f839df{ip: 10.1.0.25, host: fv-az270-420.tacnzluakwdehk1hpragurqkma.bx.internal.cloudapp.net, ports: [REPLICATION=45811, RATIS=40867, RATIS_ADMIN=40867, RATIS_SERVER=40867, STANDALONE=43325], networkLocation: /default-rack, certSerialId: null, persistedOpState: IN_SERVICE, persistedOpStateExpiryEpochSec: 0}, ReplicationConfig: RATIS/THREE, State:ALLOCATED, leaderId:, CreationTimestamp2021-09-05T01:39:00.741Z[Etc/UTC]] moved to CLOSED state
2021-09-05 01:39:20,470 [EventQueue-StaleNodeForStaleNodeHandler] INFO  pipeline.PipelineManagerImpl (PipelineManagerImpl.java:closePipeline(342)) - Pipeline Pipeline[ Id: 61f36f49-61fb-4aab-819c-c6b97df9feba, Nodes: cff69f77-ea12-413c-a988-d2a44a5ca406{ip: 10.1.0.25, host: fv-az270-420.tacnzluakwdehk1hpragurqkma.bx.internal.cloudapp.net, ports: [REPLICATION=40651, RATIS=34387, RATIS_ADMIN=34387, RATIS_SERVER=34387, STANDALONE=34759], networkLocation: /default-rack, certSerialId: null, persistedOpState: IN_SERVICE, persistedOpStateExpiryEpochSec: 0}fdb9e53e-0679-45da-9a61-20e122f839df{ip: 10.1.0.25, host: fv-az270-420.tacnzluakwdehk1hpragurqkma.bx.internal.cloudapp.net, ports: [REPLICATION=45811, RATIS=40867, RATIS_ADMIN=40867, RATIS_SERVER=40867, STANDALONE=43325], networkLocation: /default-rack, certSerialId: null, persistedOpState: IN_SERVICE, persistedOpStateExpiryEpochSec: 0}be41d154-e08a-4361-999c-a2746058d00f{ip: 10.1.0.25, host: fv-az270-420.tacnzluakwdehk1hpragurqkma.bx.internal.cloudapp.net, ports: [REPLICATION=33191, RATIS=33043, RATIS_ADMIN=33043, RATIS_SERVER=33043, STANDALONE=37769], networkLocation: /default-rack, certSerialId: null, persistedOpState: IN_SERVICE, persistedOpStateExpiryEpochSec: 0}, ReplicationConfig: RATIS/THREE, State:OPEN, leaderId:be41d154-e08a-4361-999c-a2746058d00f, CreationTimestamp2021-09-05T01:39:00.739Z[Etc/UTC]] moved to CLOSED state
2021-09-05 01:39:20,470 [EventQueue-CloseContainerForCloseContainerEventHandler] INFO  container.CloseContainerEventHandler (CloseContainerEventHandler.java:onMessage(69)) - Close container Event triggered for container : #1
2021-09-05 01:39:20,476 [grpc-default-executor-4] INFO  server.RaftServer$Division (RaftServerImpl.java:requestVote(1075)) - a394a97c-7848-4311-a24c-186851f6b492@group-9820ECCA99ED replies to ELECTION vote request: aa0f76fc-0af9-4fba-891f-e6382fa98fe4<-a394a97c-7848-4311-a24c-186851f6b492#0:FAIL-t3. Peer's state: a394a97c-7848-4311-a24c-186851f6b492@group-9820ECCA99ED:t3, leader=null, voted=null, raftlog=a394a97c-7848-4311-a24c-186851f6b492@group-9820ECCA99ED-SegmentedRaftLog:OPENED:c-1,f-1,i0, conf=-1: [455161ce-78be-4281-bc2a-a50d1cad5e43|rpc:10.1.0.25:40081|dataStream:|priority:0, a394a97c-7848-4311-a24c-186851f6b492|rpc:10.1.0.25:38701|dataStream:|priority:1, aa0f76fc-0af9-4fba-891f-e6382fa98fe4|rpc:10.1.0.25:36313|dataStream:|priority:0], old=null
2021-09-05 01:39:20,481 [aa0f76fc-0af9-4fba-891f-e6382fa98fe4@group-9820ECCA99ED-LeaderElection108] INFO  impl.LeaderElection (LeaderElection.java:logAndReturn(89)) - aa0f76fc-0af9-4fba-891f-e6382fa98fe4@group-9820ECCA99ED-LeaderElection108: ELECTION REJECTED received 2 response(s) and 0 exception(s):
2021-09-05 01:39:20,481 [aa0f76fc-0af9-4fba-891f-e6382fa98fe4@group-9820ECCA99ED-LeaderElection108] INFO  impl.LeaderElection (LeaderElection.java:logAndReturn(93)) -   Response 0: aa0f76fc-0af9-4fba-891f-e6382fa98fe4<-455161ce-78be-4281-bc2a-a50d1cad5e43#0:OK-t3
2021-09-05 01:39:20,482 [aa0f76fc-0af9-4fba-891f-e6382fa98fe4@group-9820ECCA99ED-LeaderElection108] INFO  impl.LeaderElection (LeaderElection.java:logAndReturn(93)) -   Response 1: aa0f76fc-0af9-4fba-891f-e6382fa98fe4<-a394a97c-7848-4311-a24c-186851f6b492#0:FAIL-t3
2021-09-05 01:39:20,482 [aa0f76fc-0af9-4fba-891f-e6382fa98fe4@group-9820ECCA99ED-LeaderElection108] INFO  impl.LeaderElection (LeaderElection.java:askForVotes(308)) - aa0f76fc-0af9-4fba-891f-e6382fa98fe4@group-9820ECCA99ED-LeaderElection108 ELECTION round 0: result REJECTED
2021-09-05 01:39:20,482 [aa0f76fc-0af9-4fba-891f-e6382fa98fe4@group-9820ECCA99ED-LeaderElection108] INFO  server.RaftServer$Division (RaftServerImpl.java:setRole(285)) - aa0f76fc-0af9-4fba-891f-e6382fa98fe4@group-9820ECCA99ED: changes role from CANDIDATE to FOLLOWER at term 3 for REJECTED
2021-09-05 01:39:20,482 [aa0f76fc-0af9-4fba-891f-e6382fa98fe4@group-9820ECCA99ED-LeaderElection108] INFO  impl.RoleInfo (RoleInfo.java:shutdownLeaderElection(121)) - aa0f76fc-0af9-4fba-891f-e6382fa98fe4: shutdown aa0f76fc-0af9-4fba-891f-e6382fa98fe4@group-9820ECCA99ED-LeaderElection108
2021-09-05 01:39:20,482 [aa0f76fc-0af9-4fba-891f-e6382fa98fe4@group-9820ECCA99ED-LeaderElection108] INFO  impl.RoleInfo (RoleInfo.java:updateAndGet(130)) - aa0f76fc-0af9-4fba-891f-e6382fa98fe4: start aa0f76fc-0af9-4fba-891f-e6382fa98fe4@group-9820ECCA99ED-FollowerState
2021-09-05 01:39:21,012 [grpc-default-executor-4] WARN  server.GrpcLogAppender (LogUtils.java:warn(122)) - be41d154-e08a-4361-999c-a2746058d00f@group-C6B97DF9FEBA->cff69f77-ea12-413c-a988-d2a44a5ca406-AppendLogResponseHandler: Failed appendEntries: org.apache.ratis.thirdparty.io.grpc.StatusRuntimeException: UNAVAILABLE: io exception
2021-09-05 01:39:21,012 [grpc-default-executor-4] WARN  server.GrpcLogAppender (GrpcLogAppender.java:resetClient(111)) - be41d154-e08a-4361-999c-a2746058d00f@group-C6B97DF9FEBA->cff69f77-ea12-413c-a988-d2a44a5ca406-GrpcLogAppender: Leader has not got in touch with Follower be41d154-e08a-4361-999c-a2746058d00f@group-C6B97DF9FEBA->cff69f77-ea12-413c-a988-d2a44a5ca406(c0,m0,n1, attendVote=true, lastRpcSendTime=0, lastRpcResponseTime=5043) yet, just keep nextIndex unchanged and retry.
2021-09-05 01:39:21,093 [a394a97c-7848-4311-a24c-186851f6b492@group-8DE473E54637-FollowerState] INFO  impl.FollowerState (FollowerState.java:run(134)) - a394a97c-7848-4311-a24c-186851f6b492@group-8DE473E54637-FollowerState: change to CANDIDATE, lastRpcElapsedTime:5006663725ns, electionTimeout:5005ms
2021-09-05 01:39:21,093 [a394a97c-7848-4311-a24c-186851f6b492@group-8DE473E54637-FollowerState] INFO  impl.RoleInfo (RoleInfo.java:shutdownFollowerState(108)) - a394a97c-7848-4311-a24c-186851f6b492: shutdown a394a97c-7848-4311-a24c-186851f6b492@group-8DE473E54637-FollowerState
2021-09-05 01:39:21,093 [a394a97c-7848-4311-a24c-186851f6b492@group-8DE473E54637-FollowerState] INFO  server.RaftServer$Division (RaftServerImpl.java:setRole(285)) - a394a97c-7848-4311-a24c-186851f6b492@group-8DE473E54637: changes role from  FOLLOWER to CANDIDATE at term 2 for changeToCandidate
2021-09-05 01:39:21,093 [a394a97c-7848-4311-a24c-186851f6b492@group-8DE473E54637-FollowerState] INFO  server.RaftServerConfigKeys (ConfUtils.java:logGet(44)) - raft.server.leaderelection.pre-vote = false (custom)
2021-09-05 01:39:21,093 [a394a97c-7848-4311-a24c-186851f6b492@group-8DE473E54637-FollowerState] INFO  impl.RoleInfo (RoleInfo.java:updateAndGet(130)) - a394a97c-7848-4311-a24c-186851f6b492: start a394a97c-7848-4311-a24c-186851f6b492@group-8DE473E54637-LeaderElection109
2021-09-05 01:39:21,116 [a394a97c-7848-4311-a24c-186851f6b492@group-8DE473E54637-LeaderElection109] INFO  impl.LeaderElection (LeaderElection.java:askForVotes(306)) - a394a97c-7848-4311-a24c-186851f6b492@group-8DE473E54637-LeaderElection109 ELECTION round 0: submit vote requests at term 3 for -1: [455161ce-78be-4281-bc2a-a50d1cad5e43|rpc:10.1.0.25:40081|priority:0, a394a97c-7848-4311-a24c-186851f6b492|rpc:10.1.0.25:38701|priority:0, aa0f76fc-0af9-4fba-891f-e6382fa98fe4|rpc:10.1.0.25:36313|priority:1], old=null
2021-09-05 01:39:21,136 [grpc-default-executor-4] INFO  server.RaftServer$Division (RaftServerImpl.java:requestVote(1043)) - 455161ce-78be-4281-bc2a-a50d1cad5e43@group-8DE473E54637: receive requestVote(ELECTION, a394a97c-7848-4311-a24c-186851f6b492, group-8DE473E54637, 3, (t:0, i:0))
2021-09-05 01:39:21,136 [grpc-default-executor-4] INFO  impl.VoteContext (VoteContext.java:log(48)) - 455161ce-78be-4281-bc2a-a50d1cad5e43@group-8DE473E54637-FOLLOWER: accept ELECTION from a394a97c-7848-4311-a24c-186851f6b492: our priority 0 <= candidate's priority 0
2021-09-05 01:39:21,136 [grpc-default-executor-4] INFO  server.RaftServer$Division (RaftServerImpl.java:setRole(285)) - 455161ce-78be-4281-bc2a-a50d1cad5e43@group-8DE473E54637: changes role from  FOLLOWER to FOLLOWER at term 3 for candidate:a394a97c-7848-4311-a24c-186851f6b492
2021-09-05 01:39:21,136 [grpc-default-executor-4] INFO  impl.RoleInfo (RoleInfo.java:shutdownFollowerState(108)) - 455161ce-78be-4281-bc2a-a50d1cad5e43: shutdown 455161ce-78be-4281-bc2a-a50d1cad5e43@group-8DE473E54637-FollowerState
2021-09-05 01:39:21,136 [grpc-default-executor-4] INFO  impl.RoleInfo (RoleInfo.java:updateAndGet(130)) - 455161ce-78be-4281-bc2a-a50d1cad5e43: start 455161ce-78be-4281-bc2a-a50d1cad5e43@group-8DE473E54637-FollowerState
2021-09-05 01:39:21,140 [grpc-default-executor-0] INFO  server.RaftServer$Division (RaftServerImpl.java:requestVote(1043)) - aa0f76fc-0af9-4fba-891f-e6382fa98fe4@group-8DE473E54637: receive requestVote(ELECTION, a394a97c-7848-4311-a24c-186851f6b492, group-8DE473E54637, 3, (t:0, i:0))
2021-09-05 01:39:21,140 [grpc-default-executor-0] INFO  impl.VoteContext (VoteContext.java:log(48)) - aa0f76fc-0af9-4fba-891f-e6382fa98fe4@group-8DE473E54637-FOLLOWER: reject ELECTION from a394a97c-7848-4311-a24c-186851f6b492: our priority 1 > candidate's priority 0
2021-09-05 01:39:21,140 [grpc-default-executor-0] INFO  server.RaftServer$Division (RaftServerImpl.java:setRole(285)) - aa0f76fc-0af9-4fba-891f-e6382fa98fe4@group-8DE473E54637: changes role from  FOLLOWER to FOLLOWER at term 3 for candidate:a394a97c-7848-4311-a24c-186851f6b492
2021-09-05 01:39:21,140 [grpc-default-executor-0] INFO  impl.RoleInfo (RoleInfo.java:shutdownFollowerState(108)) - aa0f76fc-0af9-4fba-891f-e6382fa98fe4: shutdown aa0f76fc-0af9-4fba-891f-e6382fa98fe4@group-8DE473E54637-FollowerState
2021-09-05 01:39:21,143 [grpc-default-executor-0] INFO  impl.RoleInfo (RoleInfo.java:updateAndGet(130)) - aa0f76fc-0af9-4fba-891f-e6382fa98fe4: start aa0f76fc-0af9-4fba-891f-e6382fa98fe4@group-8DE473E54637-FollowerState
2021-09-05 01:39:21,143 [aa0f76fc-0af9-4fba-891f-e6382fa98fe4@group-8DE473E54637-FollowerState] INFO  impl.FollowerState (FollowerState.java:run(143)) - aa0f76fc-0af9-4fba-891f-e6382fa98fe4@group-8DE473E54637-FollowerState was interrupted: {}
java.lang.InterruptedException: sleep interrupted
	at java.lang.Thread.sleep(Native Method)
	at java.lang.Thread.sleep(Thread.java:340)
	at java.util.concurrent.TimeUnit.sleep(TimeUnit.java:386)
	at org.apache.ratis.util.TimeDuration.sleep(TimeDuration.java:324)
	at org.apache.ratis.util.TimeDuration.sleep(TimeDuration.java:309)
	at org.apache.ratis.server.impl.FollowerState.run(FollowerState.java:118)
2021-09-05 01:39:21,151 [grpc-default-executor-4] INFO  server.RaftServer$Division (RaftServerImpl.java:requestVote(1075)) - 455161ce-78be-4281-bc2a-a50d1cad5e43@group-8DE473E54637 replies to ELECTION vote request: a394a97c-7848-4311-a24c-186851f6b492<-455161ce-78be-4281-bc2a-a50d1cad5e43#0:OK-t3. Peer's state: 455161ce-78be-4281-bc2a-a50d1cad5e43@group-8DE473E54637:t3, leader=null, voted=a394a97c-7848-4311-a24c-186851f6b492, raftlog=455161ce-78be-4281-bc2a-a50d1cad5e43@group-8DE473E54637-SegmentedRaftLog:OPENED:c-1,f-1,i0, conf=-1: [455161ce-78be-4281-bc2a-a50d1cad5e43|rpc:10.1.0.25:40081|priority:0, a394a97c-7848-4311-a24c-186851f6b492|rpc:10.1.0.25:38701|priority:0, aa0f76fc-0af9-4fba-891f-e6382fa98fe4|rpc:10.1.0.25:36313|priority:1], old=null
2021-09-05 01:39:21,155 [455161ce-78be-4281-bc2a-a50d1cad5e43@group-8DE473E54637-FollowerState] INFO  impl.FollowerState (FollowerState.java:run(143)) - 455161ce-78be-4281-bc2a-a50d1cad5e43@group-8DE473E54637-FollowerState was interrupted: {}
java.lang.InterruptedException: sleep interrupted
	at java.lang.Thread.sleep(Native Method)
	at java.lang.Thread.sleep(Thread.java:340)
	at java.util.concurrent.TimeUnit.sleep(TimeUnit.java:386)
	at org.apache.ratis.util.TimeDuration.sleep(TimeDuration.java:324)
	at org.apache.ratis.util.TimeDuration.sleep(TimeDuration.java:309)
	at org.apache.ratis.server.impl.FollowerState.run(FollowerState.java:118)
2021-09-05 01:39:21,155 [grpc-default-executor-0] INFO  server.RaftServer$Division (RaftServerImpl.java:requestVote(1075)) - aa0f76fc-0af9-4fba-891f-e6382fa98fe4@group-8DE473E54637 replies to ELECTION vote request: a394a97c-7848-4311-a24c-186851f6b492<-aa0f76fc-0af9-4fba-891f-e6382fa98fe4#0:FAIL-t3. Peer's state: aa0f76fc-0af9-4fba-891f-e6382fa98fe4@group-8DE473E54637:t3, leader=null, voted=null, raftlog=aa0f76fc-0af9-4fba-891f-e6382fa98fe4@group-8DE473E54637-SegmentedRaftLog:OPENED:c-1,f-1,i0, conf=-1: [455161ce-78be-4281-bc2a-a50d1cad5e43|rpc:10.1.0.25:40081|dataStream:|priority:0, a394a97c-7848-4311-a24c-186851f6b492|rpc:10.1.0.25:38701|dataStream:|priority:0, aa0f76fc-0af9-4fba-891f-e6382fa98fe4|rpc:10.1.0.25:36313|dataStream:|priority:1], old=null
2021-09-05 01:39:21,172 [a394a97c-7848-4311-a24c-186851f6b492@group-8DE473E54637-LeaderElection109] INFO  impl.LeaderElection (LeaderElection.java:logAndReturn(89)) - a394a97c-7848-4311-a24c-186851f6b492@group-8DE473E54637-LeaderElection109: ELECTION REJECTED received 2 response(s) and 0 exception(s):
2021-09-05 01:39:21,172 [a394a97c-7848-4311-a24c-186851f6b492@group-8DE473E54637-LeaderElection109] INFO  impl.LeaderElection (LeaderElection.java:logAndReturn(93)) -   Response 0: a394a97c-7848-4311-a24c-186851f6b492<-455161ce-78be-4281-bc2a-a50d1cad5e43#0:OK-t3
2021-09-05 01:39:21,172 [a394a97c-7848-4311-a24c-186851f6b492@group-8DE473E54637-LeaderElection109] INFO  impl.LeaderElection (LeaderElection.java:logAndReturn(93)) -   Response 1: a394a97c-7848-4311-a24c-186851f6b492<-aa0f76fc-0af9-4fba-891f-e6382fa98fe4#0:FAIL-t3
2021-09-05 01:39:21,172 [a394a97c-7848-4311-a24c-186851f6b492@group-8DE473E54637-LeaderElection109] INFO  impl.LeaderElection (LeaderElection.java:askForVotes(308)) - a394a97c-7848-4311-a24c-186851f6b492@group-8DE473E54637-LeaderElection109 ELECTION round 0: result REJECTED
2021-09-05 01:39:21,172 [a394a97c-7848-4311-a24c-186851f6b492@group-8DE473E54637-LeaderElection109] INFO  server.RaftServer$Division (RaftServerImpl.java:setRole(285)) - a394a97c-7848-4311-a24c-186851f6b492@group-8DE473E54637: changes role from CANDIDATE to FOLLOWER at term 3 for REJECTED
2021-09-05 01:39:21,172 [a394a97c-7848-4311-a24c-186851f6b492@group-8DE473E54637-LeaderElection109] INFO  impl.RoleInfo (RoleInfo.java:shutdownLeaderElection(121)) - a394a97c-7848-4311-a24c-186851f6b492: shutdown a394a97c-7848-4311-a24c-186851f6b492@group-8DE473E54637-LeaderElection109
2021-09-05 01:39:21,172 [a394a97c-7848-4311-a24c-186851f6b492@group-8DE473E54637-LeaderElection109] INFO  impl.RoleInfo (RoleInfo.java:updateAndGet(130)) - a394a97c-7848-4311-a24c-186851f6b492: start a394a97c-7848-4311-a24c-186851f6b492@group-8DE473E54637-FollowerState
2021-09-05 01:39:21,999 [grpc-default-executor-0] WARN  server.GrpcLogAppender (LogUtils.java:warn(122)) - fdb9e53e-0679-45da-9a61-20e122f839df@group-FC73588AFD2D->cff69f77-ea12-413c-a988-d2a44a5ca406-AppendLogResponseHandler: Failed appendEntries: org.apache.ratis.thirdparty.io.grpc.StatusRuntimeException: UNAVAILABLE: io exception
2021-09-05 01:39:21,999 [grpc-default-executor-0] WARN  server.GrpcLogAppender (GrpcLogAppender.java:resetClient(111)) - fdb9e53e-0679-45da-9a61-20e122f839df@group-FC73588AFD2D->cff69f77-ea12-413c-a988-d2a44a5ca406-GrpcLogAppender: Leader has not got in touch with Follower fdb9e53e-0679-45da-9a61-20e122f839df@group-FC73588AFD2D->cff69f77-ea12-413c-a988-d2a44a5ca406(c0,m0,n1, attendVote=true, lastRpcSendTime=0, lastRpcResponseTime=7523) yet, just keep nextIndex unchanged and retry.
2021-09-05 01:39:23,516 [grpc-default-executor-0] WARN  server.GrpcLogAppender (LogUtils.java:warn(122)) - be41d154-e08a-4361-999c-a2746058d00f@group-C6B97DF9FEBA->cff69f77-ea12-413c-a988-d2a44a5ca406-AppendLogResponseHandler: Failed appendEntries: org.apache.ratis.thirdparty.io.grpc.StatusRuntimeException: UNAVAILABLE: io exception
2021-09-05 01:39:23,517 [grpc-default-executor-0] WARN  server.GrpcLogAppender (GrpcLogAppender.java:resetClient(111)) - be41d154-e08a-4361-999c-a2746058d00f@group-C6B97DF9FEBA->cff69f77-ea12-413c-a988-d2a44a5ca406-GrpcLogAppender: Leader has not got in touch with Follower be41d154-e08a-4361-999c-a2746058d00f@group-C6B97DF9FEBA->cff69f77-ea12-413c-a988-d2a44a5ca406(c0,m0,n1, attendVote=true, lastRpcSendTime=2504, lastRpcResponseTime=7547) yet, just keep nextIndex unchanged and retry.
2021-09-05 01:39:24,524 [grpc-default-executor-0] WARN  server.GrpcLogAppender (LogUtils.java:warn(122)) - fdb9e53e-0679-45da-9a61-20e122f839df@group-FC73588AFD2D->cff69f77-ea12-413c-a988-d2a44a5ca406-AppendLogResponseHandler: Failed appendEntries: org.apache.ratis.thirdparty.io.grpc.StatusRuntimeException: UNAVAILABLE: io exception
2021-09-05 01:39:24,524 [grpc-default-executor-0] WARN  server.GrpcLogAppender (GrpcLogAppender.java:resetClient(111)) - fdb9e53e-0679-45da-9a61-20e122f839df@group-FC73588AFD2D->cff69f77-ea12-413c-a988-d2a44a5ca406-GrpcLogAppender: Leader has not got in touch with Follower fdb9e53e-0679-45da-9a61-20e122f839df@group-FC73588AFD2D->cff69f77-ea12-413c-a988-d2a44a5ca406(c0,m0,n1, attendVote=true, lastRpcSendTime=2525, lastRpcResponseTime=10048) yet, just keep nextIndex unchanged and retry.
2021-09-05 01:39:24,750 [be41d154-e08a-4361-999c-a2746058d00f@group-6DE84E8794FA-FollowerState] INFO  impl.FollowerState (FollowerState.java:run(134)) - be41d154-e08a-4361-999c-a2746058d00f@group-6DE84E8794FA-FollowerState: change to CANDIDATE, lastRpcElapsedTime:10008968044ns, electionTimeout:5016ms
2021-09-05 01:39:24,750 [be41d154-e08a-4361-999c-a2746058d00f@group-6DE84E8794FA-FollowerState] INFO  impl.RoleInfo (RoleInfo.java:shutdownFollowerState(108)) - be41d154-e08a-4361-999c-a2746058d00f: shutdown be41d154-e08a-4361-999c-a2746058d00f@group-6DE84E8794FA-FollowerState
2021-09-05 01:39:24,750 [be41d154-e08a-4361-999c-a2746058d00f@group-6DE84E8794FA-FollowerState] INFO  server.RaftServer$Division (RaftServerImpl.java:setRole(285)) - be41d154-e08a-4361-999c-a2746058d00f@group-6DE84E8794FA: changes role from  FOLLOWER to CANDIDATE at term 2 for changeToCandidate
2021-09-05 01:39:24,750 [be41d154-e08a-4361-999c-a2746058d00f@group-6DE84E8794FA-FollowerState] INFO  server.RaftServerConfigKeys (ConfUtils.java:logGet(44)) - raft.server.leaderelection.pre-vote = false (custom)
2021-09-05 01:39:24,750 [be41d154-e08a-4361-999c-a2746058d00f@group-6DE84E8794FA-FollowerState] INFO  impl.RoleInfo (RoleInfo.java:updateAndGet(130)) - be41d154-e08a-4361-999c-a2746058d00f: start be41d154-e08a-4361-999c-a2746058d00f@group-6DE84E8794FA-LeaderElection110
2021-09-05 01:39:24,775 [be41d154-e08a-4361-999c-a2746058d00f@group-6DE84E8794FA-LeaderElection110] INFO  server.RaftServer$Division (ServerState.java:setLeader(285)) - be41d154-e08a-4361-999c-a2746058d00f@group-6DE84E8794FA: change Leader from cff69f77-ea12-413c-a988-d2a44a5ca406 to null at term 2 for ELECTION
2021-09-05 01:39:24,776 [be41d154-e08a-4361-999c-a2746058d00f@group-6DE84E8794FA-LeaderElection110] INFO  impl.LeaderElection (LeaderElection.java:askForVotes(306)) - be41d154-e08a-4361-999c-a2746058d00f@group-6DE84E8794FA-LeaderElection110 ELECTION round 0: submit vote requests at term 3 for 0: [fdb9e53e-0679-45da-9a61-20e122f839df|rpc:10.1.0.25:40867|dataStream:|priority:0, cff69f77-ea12-413c-a988-d2a44a5ca406|rpc:10.1.0.25:34387|dataStream:|priority:1, be41d154-e08a-4361-999c-a2746058d00f|rpc:10.1.0.25:33043|dataStream:|priority:0], old=null
2021-09-05 01:39:24,781 [grpc-default-executor-0] INFO  server.RaftServer$Division (RaftServerImpl.java:requestVote(1043)) - fdb9e53e-0679-45da-9a61-20e122f839df@group-6DE84E8794FA: receive requestVote(ELECTION, be41d154-e08a-4361-999c-a2746058d00f, group-6DE84E8794FA, 3, (t:2, i:0))
2021-09-05 01:39:24,781 [grpc-default-executor-0] INFO  impl.VoteContext (VoteContext.java:log(48)) - fdb9e53e-0679-45da-9a61-20e122f839df@group-6DE84E8794FA-FOLLOWER: accept ELECTION from be41d154-e08a-4361-999c-a2746058d00f: our priority 0 <= candidate's priority 0
2021-09-05 01:39:24,781 [grpc-default-executor-0] INFO  server.RaftServer$Division (ServerState.java:setLeader(285)) - fdb9e53e-0679-45da-9a61-20e122f839df@group-6DE84E8794FA: change Leader from cff69f77-ea12-413c-a988-d2a44a5ca406 to null at term 3 for updateCurrentTerm
2021-09-05 01:39:24,781 [grpc-default-executor-0] INFO  server.RaftServer$Division (RaftServerImpl.java:setRole(285)) - fdb9e53e-0679-45da-9a61-20e122f839df@group-6DE84E8794FA: changes role from  FOLLOWER to FOLLOWER at term 3 for candidate:be41d154-e08a-4361-999c-a2746058d00f
2021-09-05 01:39:24,781 [grpc-default-executor-0] INFO  impl.RoleInfo (RoleInfo.java:shutdownFollowerState(108)) - fdb9e53e-0679-45da-9a61-20e122f839df: shutdown fdb9e53e-0679-45da-9a61-20e122f839df@group-6DE84E8794FA-FollowerState
2021-09-05 01:39:24,799 [grpc-default-executor-0] INFO  impl.RoleInfo (RoleInfo.java:updateAndGet(130)) - fdb9e53e-0679-45da-9a61-20e122f839df: start fdb9e53e-0679-45da-9a61-20e122f839df@group-6DE84E8794FA-FollowerState
2021-09-05 01:39:24,799 [fdb9e53e-0679-45da-9a61-20e122f839df@group-6DE84E8794FA-FollowerState] INFO  impl.FollowerState (FollowerState.java:run(143)) - fdb9e53e-0679-45da-9a61-20e122f839df@group-6DE84E8794FA-FollowerState was interrupted: {}
java.lang.InterruptedException: sleep interrupted
	at java.lang.Thread.sleep(Native Method)
	at java.lang.Thread.sleep(Thread.java:340)
	at java.util.concurrent.TimeUnit.sleep(TimeUnit.java:386)
	at org.apache.ratis.util.TimeDuration.sleep(TimeDuration.java:324)
	at org.apache.ratis.util.TimeDuration.sleep(TimeDuration.java:309)
	at org.apache.ratis.server.impl.FollowerState.run(FollowerState.java:118)
2021-09-05 01:39:24,805 [be41d154-e08a-4361-999c-a2746058d00f@group-6DE84E8794FA-LeaderElection110] INFO  impl.LeaderElection (LogUtils.java:infoOrTrace(137)) - be41d154-e08a-4361-999c-a2746058d00f@group-6DE84E8794FA-LeaderElection110 got exception when requesting votes: java.util.concurrent.ExecutionException: org.apache.ratis.thirdparty.io.grpc.StatusRuntimeException: UNAVAILABLE: io exception
2021-09-05 01:39:24,805 [grpc-default-executor-0] INFO  server.RaftServer$Division (RaftServerImpl.java:requestVote(1075)) - fdb9e53e-0679-45da-9a61-20e122f839df@group-6DE84E8794FA replies to ELECTION vote request: be41d154-e08a-4361-999c-a2746058d00f<-fdb9e53e-0679-45da-9a61-20e122f839df#0:OK-t3. Peer's state: fdb9e53e-0679-45da-9a61-20e122f839df@group-6DE84E8794FA:t3, leader=null, voted=be41d154-e08a-4361-999c-a2746058d00f, raftlog=fdb9e53e-0679-45da-9a61-20e122f839df@group-6DE84E8794FA-SegmentedRaftLog:OPENED:c0,f0,i0, conf=0: [fdb9e53e-0679-45da-9a61-20e122f839df|rpc:10.1.0.25:40867|dataStream:|priority:0, cff69f77-ea12-413c-a988-d2a44a5ca406|rpc:10.1.0.25:34387|dataStream:|priority:1, be41d154-e08a-4361-999c-a2746058d00f|rpc:10.1.0.25:33043|dataStream:|priority:0], old=null
2021-09-05 01:39:24,824 [be41d154-e08a-4361-999c-a2746058d00f@group-6DE84E8794FA-LeaderElection110] INFO  impl.LeaderElection (LeaderElection.java:logAndReturn(89)) - be41d154-e08a-4361-999c-a2746058d00f@group-6DE84E8794FA-LeaderElection110: ELECTION PASSED received 1 response(s) and 1 exception(s):
2021-09-05 01:39:24,824 [be41d154-e08a-4361-999c-a2746058d00f@group-6DE84E8794FA-LeaderElection110] INFO  impl.LeaderElection (LeaderElection.java:logAndReturn(93)) -   Response 0: be41d154-e08a-4361-999c-a2746058d00f<-fdb9e53e-0679-45da-9a61-20e122f839df#0:OK-t3
2021-09-05 01:39:24,824 [be41d154-e08a-4361-999c-a2746058d00f@group-6DE84E8794FA-LeaderElection110] INFO  impl.LeaderElection (LogUtils.java:infoOrTrace(137)) -   Exception 1: java.util.concurrent.ExecutionException: org.apache.ratis.thirdparty.io.grpc.StatusRuntimeException: UNAVAILABLE: io exception
2021-09-05 01:39:24,824 [be41d154-e08a-4361-999c-a2746058d00f@group-6DE84E8794FA-LeaderElection110] INFO  impl.LeaderElection (LeaderElection.java:askForVotes(308)) - be41d154-e08a-4361-999c-a2746058d00f@group-6DE84E8794FA-LeaderElection110 ELECTION round 0: result PASSED
2021-09-05 01:39:24,824 [be41d154-e08a-4361-999c-a2746058d00f@group-6DE84E8794FA-LeaderElection110] INFO  impl.RoleInfo (RoleInfo.java:shutdownLeaderElection(121)) - be41d154-e08a-4361-999c-a2746058d00f: shutdown be41d154-e08a-4361-999c-a2746058d00f@group-6DE84E8794FA-LeaderElection110
2021-09-05 01:39:24,824 [be41d154-e08a-4361-999c-a2746058d00f@group-6DE84E8794FA-LeaderElection110] INFO  server.RaftServer$Division (RaftServerImpl.java:setRole(285)) - be41d154-e08a-4361-999c-a2746058d00f@group-6DE84E8794FA: changes role from CANDIDATE to LEADER at term 3 for changeToLeader
2021-09-05 01:39:24,824 [be41d154-e08a-4361-999c-a2746058d00f@group-6DE84E8794FA-LeaderElection110] INFO  ratis.XceiverServerRatis (XceiverServerRatis.java:handleLeaderChangedNotification(861)) - Leader change notification received for group: group-6DE84E8794FA with new leaderId: be41d154-e08a-4361-999c-a2746058d00f
2021-09-05 01:39:24,824 [be41d154-e08a-4361-999c-a2746058d00f@group-6DE84E8794FA-LeaderElection110] INFO  server.RaftServer$Division (ServerState.java:setLeader(285)) - be41d154-e08a-4361-999c-a2746058d00f@group-6DE84E8794FA: change Leader from null to be41d154-e08a-4361-999c-a2746058d00f at term 3 for becomeLeader, leader elected after 49ms
2021-09-05 01:39:24,824 [be41d154-e08a-4361-999c-a2746058d00f@group-6DE84E8794FA-LeaderElection110] INFO  server.RaftServerConfigKeys (ConfUtils.java:logGet(44)) - raft.server.staging.catchup.gap = 1000 (default)
2021-09-05 01:39:24,824 [be41d154-e08a-4361-999c-a2746058d00f@group-6DE84E8794FA-LeaderElection110] INFO  server.RaftServerConfigKeys (ConfUtils.java:logGet(44)) - raft.server.write.element-limit = 1024 (custom)
2021-09-05 01:39:24,825 [be41d154-e08a-4361-999c-a2746058d00f@group-6DE84E8794FA-LeaderElection110] INFO  server.RaftServerConfigKeys (ConfUtils.java:logGet(44)) - raft.server.write.byte-limit = 1024 M (=1073741824) (custom)
2021-09-05 01:39:24,825 [Datanode State Machine Thread - 0] WARN  statemachine.StateContext (StateContext.java:execute(621)) - No available thread in pool for past 1 seconds.
2021-09-05 01:39:24,828 [be41d154-e08a-4361-999c-a2746058d00f@group-6DE84E8794FA-LeaderElection110] INFO  server.RaftServerConfigKeys (ConfUtils.java:logGet(44)) - raft.server.watch.timeout = 3000ms (custom)
2021-09-05 01:39:24,828 [be41d154-e08a-4361-999c-a2746058d00f@group-6DE84E8794FA-LeaderElection110] INFO  server.RaftServerConfigKeys (ConfUtils.java:logGet(44)) - raft.server.watch.timeout.denomination = 1s (default)
2021-09-05 01:39:24,828 [be41d154-e08a-4361-999c-a2746058d00f@group-6DE84E8794FA-LeaderElection110] INFO  server.RaftServerConfigKeys (ConfUtils.java:logGet(44)) - raft.server.watch.element-limit = 65536 (default)
2021-09-05 01:39:24,828 [be41d154-e08a-4361-999c-a2746058d00f@group-6DE84E8794FA-LeaderElection110] INFO  server.RaftServerConfigKeys (ConfUtils.java:logGet(44)) - raft.server.log.appender.snapshot.chunk.size.max = 16MB (=16777216) (default)
2021-09-05 01:39:24,828 [be41d154-e08a-4361-999c-a2746058d00f@group-6DE84E8794FA-LeaderElection110] INFO  server.RaftServerConfigKeys (ConfUtils.java:logGet(44)) - raft.server.log.appender.buffer.byte-limit = 33554432 (custom)
2021-09-05 01:39:24,828 [be41d154-e08a-4361-999c-a2746058d00f@group-6DE84E8794FA-LeaderElection110] INFO  server.RaftServerConfigKeys (ConfUtils.java:logGet(44)) - raft.server.log.appender.buffer.element-limit = 1 (custom)
2021-09-05 01:39:24,828 [be41d154-e08a-4361-999c-a2746058d00f@group-6DE84E8794FA-LeaderElection110] INFO  grpc.GrpcConfigKeys (ConfUtils.java:logGet(44)) - raft.grpc.server.leader.outstanding.appends.max = 128 (default)
2021-09-05 01:39:24,828 [be41d154-e08a-4361-999c-a2746058d00f@group-6DE84E8794FA-LeaderElection110] INFO  server.RaftServerConfigKeys (ConfUtils.java:logGet(44)) - raft.server.rpc.request.timeout = 3000ms (default)
2021-09-05 01:39:24,828 [be41d154-e08a-4361-999c-a2746058d00f@group-6DE84E8794FA-LeaderElection110] INFO  server.RaftServerConfigKeys (ConfUtils.java:logGet(44)) - raft.server.log.appender.install.snapshot.enabled = false (custom)
2021-09-05 01:39:24,831 [be41d154-e08a-4361-999c-a2746058d00f@group-6DE84E8794FA-LeaderElection110] INFO  server.RaftServerConfigKeys (ConfUtils.java:logGet(44)) - raft.server.log.appender.snapshot.chunk.size.max = 16MB (=16777216) (default)
2021-09-05 01:39:24,831 [be41d154-e08a-4361-999c-a2746058d00f@group-6DE84E8794FA-LeaderElection110] INFO  server.RaftServerConfigKeys (ConfUtils.java:logGet(44)) - raft.server.log.appender.buffer.byte-limit = 33554432 (custom)
2021-09-05 01:39:24,831 [be41d154-e08a-4361-999c-a2746058d00f@group-6DE84E8794FA-LeaderElection110] INFO  server.RaftServerConfigKeys (ConfUtils.java:logGet(44)) - raft.server.log.appender.buffer.element-limit = 1 (custom)
2021-09-05 01:39:24,831 [be41d154-e08a-4361-999c-a2746058d00f@group-6DE84E8794FA-LeaderElection110] INFO  grpc.GrpcConfigKeys (ConfUtils.java:logGet(44)) - raft.grpc.server.leader.outstanding.appends.max = 128 (default)
2021-09-05 01:39:24,831 [be41d154-e08a-4361-999c-a2746058d00f@group-6DE84E8794FA-LeaderElection110] INFO  server.RaftServerConfigKeys (ConfUtils.java:logGet(44)) - raft.server.rpc.request.timeout = 3000ms (default)
2021-09-05 01:39:24,831 [be41d154-e08a-4361-999c-a2746058d00f@group-6DE84E8794FA-LeaderElection110] INFO  server.RaftServerConfigKeys (ConfUtils.java:logGet(44)) - raft.server.log.appender.install.snapshot.enabled = false (custom)
2021-09-05 01:39:24,832 [be41d154-e08a-4361-999c-a2746058d00f@group-6DE84E8794FA-LeaderElection110] INFO  impl.RoleInfo (RoleInfo.java:updateAndGet(130)) - be41d154-e08a-4361-999c-a2746058d00f: start be41d154-e08a-4361-999c-a2746058d00f@group-6DE84E8794FA-LeaderStateImpl
2021-09-05 01:39:24,841 [be41d154-e08a-4361-999c-a2746058d00f@group-6DE84E8794FA-LeaderElection110] INFO  segmented.SegmentedRaftLogWorker (SegmentedRaftLogWorker.java:rollLogSegment(399)) - be41d154-e08a-4361-999c-a2746058d00f@group-6DE84E8794FA-SegmentedRaftLogWorker: Rolling segment log-0_0 to index:0
2021-09-05 01:39:24,842 [be41d154-e08a-4361-999c-a2746058d00f@group-6DE84E8794FA-SegmentedRaftLogWorker] INFO  segmented.SegmentedRaftLogWorker (SegmentedRaftLogWorker.java:execute(558)) - be41d154-e08a-4361-999c-a2746058d00f@group-6DE84E8794FA-SegmentedRaftLogWorker: Rolled log segment from /home/runner/work/ozone/ozone/hadoop-ozone/integration-test/target/test-dir/MiniOzoneClusterImpl-37340386-36af-4fa8-9723-b8f583b28ff6/datanode-2/data/ratis/804a25d7-b2b5-40eb-8b1c-6de84e8794fa/current/log_inprogress_0 to /home/runner/work/ozone/ozone/hadoop-ozone/integration-test/target/test-dir/MiniOzoneClusterImpl-37340386-36af-4fa8-9723-b8f583b28ff6/datanode-2/data/ratis/804a25d7-b2b5-40eb-8b1c-6de84e8794fa/current/log_0-0
2021-09-05 01:39:24,844 [be41d154-e08a-4361-999c-a2746058d00f@group-6DE84E8794FA-SegmentedRaftLogWorker] INFO  segmented.SegmentedRaftLogWorker (SegmentedRaftLogWorker.java:execute(601)) - be41d154-e08a-4361-999c-a2746058d00f@group-6DE84E8794FA-SegmentedRaftLogWorker: created new log segment /home/runner/work/ozone/ozone/hadoop-ozone/integration-test/target/test-dir/MiniOzoneClusterImpl-37340386-36af-4fa8-9723-b8f583b28ff6/datanode-2/data/ratis/804a25d7-b2b5-40eb-8b1c-6de84e8794fa/current/log_inprogress_1
2021-09-05 01:39:24,869 [grpc-default-executor-0] INFO  ratis.XceiverServerRatis (XceiverServerRatis.java:handleLeaderChangedNotification(861)) - Leader change notification received for group: group-6DE84E8794FA with new leaderId: be41d154-e08a-4361-999c-a2746058d00f
2021-09-05 01:39:24,869 [grpc-default-executor-0] INFO  server.RaftServer$Division (ServerState.java:setLeader(285)) - fdb9e53e-0679-45da-9a61-20e122f839df@group-6DE84E8794FA: change Leader from null to be41d154-e08a-4361-999c-a2746058d00f at term 3 for appendEntries, leader elected after 87ms
2021-09-05 01:39:24,878 [grpc-default-executor-4] WARN  server.GrpcLogAppender (LogUtils.java:warn(122)) - be41d154-e08a-4361-999c-a2746058d00f@group-6DE84E8794FA->cff69f77-ea12-413c-a988-d2a44a5ca406-AppendLogResponseHandler: Failed appendEntries: org.apache.ratis.thirdparty.io.grpc.StatusRuntimeException: UNAVAILABLE: io exception
2021-09-05 01:39:24,889 [be41d154-e08a-4361-999c-a2746058d00f@group-6DE84E8794FA-LeaderElection110] INFO  server.RaftServer$Division (ServerState.java:setRaftConf(387)) - be41d154-e08a-4361-999c-a2746058d00f@group-6DE84E8794FA: set configuration 1: [fdb9e53e-0679-45da-9a61-20e122f839df|rpc:10.1.0.25:40867|dataStream:|priority:0, cff69f77-ea12-413c-a988-d2a44a5ca406|rpc:10.1.0.25:34387|dataStream:|priority:1, be41d154-e08a-4361-999c-a2746058d00f|rpc:10.1.0.25:33043|dataStream:|priority:0], old=null
2021-09-05 01:39:24,926 [grpc-default-executor-4] WARN  server.GrpcLogAppender (GrpcLogAppender.java:resetClient(111)) - be41d154-e08a-4361-999c-a2746058d00f@group-6DE84E8794FA->cff69f77-ea12-413c-a988-d2a44a5ca406-GrpcLogAppender: Leader has not got in touch with Follower be41d154-e08a-4361-999c-a2746058d00f@group-6DE84E8794FA->cff69f77-ea12-413c-a988-d2a44a5ca406(c-1,m0,n2, attendVote=true, lastRpcSendTime=0, lastRpcResponseTime=5298) yet, just keep nextIndex unchanged and retry.
2021-09-05 01:39:24,941 [grpc-default-executor-0] INFO  server.RaftServer$Division (ServerState.java:setRaftConf(387)) - fdb9e53e-0679-45da-9a61-20e122f839df@group-6DE84E8794FA: set configuration 1: [fdb9e53e-0679-45da-9a61-20e122f839df|rpc:10.1.0.25:40867|dataStream:|priority:0, cff69f77-ea12-413c-a988-d2a44a5ca406|rpc:10.1.0.25:34387|dataStream:|priority:1, be41d154-e08a-4361-999c-a2746058d00f|rpc:10.1.0.25:33043|dataStream:|priority:0], old=null
2021-09-05 01:39:24,941 [grpc-default-executor-0] INFO  segmented.SegmentedRaftLogWorker (SegmentedRaftLogWorker.java:rollLogSegment(399)) - fdb9e53e-0679-45da-9a61-20e122f839df@group-6DE84E8794FA-SegmentedRaftLogWorker: Rolling segment log-0_0 to index:0
2021-09-05 01:39:24,942 [fdb9e53e-0679-45da-9a61-20e122f839df@group-6DE84E8794FA-SegmentedRaftLogWorker] INFO  segmented.SegmentedRaftLogWorker (SegmentedRaftLogWorker.java:execute(558)) - fdb9e53e-0679-45da-9a61-20e122f839df@group-6DE84E8794FA-SegmentedRaftLogWorker: Rolled log segment from /home/runner/work/ozone/ozone/hadoop-ozone/integration-test/target/test-dir/MiniOzoneClusterImpl-37340386-36af-4fa8-9723-b8f583b28ff6/datanode-1/data/ratis/804a25d7-b2b5-40eb-8b1c-6de84e8794fa/current/log_inprogress_0 to /home/runner/work/ozone/ozone/hadoop-ozone/integration-test/target/test-dir/MiniOzoneClusterImpl-37340386-36af-4fa8-9723-b8f583b28ff6/datanode-1/data/ratis/804a25d7-b2b5-40eb-8b1c-6de84e8794fa/current/log_0-0
2021-09-05 01:39:24,957 [fdb9e53e-0679-45da-9a61-20e122f839df@group-6DE84E8794FA-SegmentedRaftLogWorker] INFO  segmented.SegmentedRaftLogWorker (SegmentedRaftLogWorker.java:execute(601)) - fdb9e53e-0679-45da-9a61-20e122f839df@group-6DE84E8794FA-SegmentedRaftLogWorker: created new log segment /home/runner/work/ozone/ozone/hadoop-ozone/integration-test/target/test-dir/MiniOzoneClusterImpl-37340386-36af-4fa8-9723-b8f583b28ff6/datanode-1/data/ratis/804a25d7-b2b5-40eb-8b1c-6de84e8794fa/current/log_inprogress_1
2021-09-05 01:39:25,029 [grpc-default-executor-0] WARN  server.GrpcLogAppender (LogUtils.java:warn(122)) - be41d154-e08a-4361-999c-a2746058d00f@group-6DE84E8794FA->cff69f77-ea12-413c-a988-d2a44a5ca406-AppendLogResponseHandler: Failed appendEntries: org.apache.ratis.thirdparty.io.grpc.StatusRuntimeException: UNAVAILABLE: io exception
2021-09-05 01:39:25,030 [grpc-default-executor-0] WARN  server.GrpcLogAppender (GrpcLogAppender.java:resetClient(111)) - be41d154-e08a-4361-999c-a2746058d00f@group-6DE84E8794FA->cff69f77-ea12-413c-a988-d2a44a5ca406-GrpcLogAppender: Leader has not got in touch with Follower be41d154-e08a-4361-999c-a2746058d00f@group-6DE84E8794FA->cff69f77-ea12-413c-a988-d2a44a5ca406(c-1,m0,n3, attendVote=true, lastRpcSendTime=104, lastRpcResponseTime=5402) yet, just keep nextIndex unchanged and retry.
2021-09-05 01:39:25,506 [a394a97c-7848-4311-a24c-186851f6b492@group-9820ECCA99ED-FollowerState] INFO  impl.FollowerState (FollowerState.java:run(134)) - a394a97c-7848-4311-a24c-186851f6b492@group-9820ECCA99ED-FollowerState: change to CANDIDATE, lastRpcElapsedTime:5039848651ns, electionTimeout:5034ms
2021-09-05 01:39:25,506 [a394a97c-7848-4311-a24c-186851f6b492@group-9820ECCA99ED-FollowerState] INFO  impl.RoleInfo (RoleInfo.java:shutdownFollowerState(108)) - a394a97c-7848-4311-a24c-186851f6b492: shutdown a394a97c-7848-4311-a24c-186851f6b492@group-9820ECCA99ED-FollowerState
2021-09-05 01:39:25,506 [a394a97c-7848-4311-a24c-186851f6b492@group-9820ECCA99ED-FollowerState] INFO  server.RaftServer$Division (RaftServerImpl.java:setRole(285)) - a394a97c-7848-4311-a24c-186851f6b492@group-9820ECCA99ED: changes role from  FOLLOWER to CANDIDATE at term 3 for changeToCandidate
2021-09-05 01:39:25,506 [a394a97c-7848-4311-a24c-186851f6b492@group-9820ECCA99ED-FollowerState] INFO  server.RaftServerConfigKeys (ConfUtils.java:logGet(44)) - raft.server.leaderelection.pre-vote = false (custom)
2021-09-05 01:39:25,506 [a394a97c-7848-4311-a24c-186851f6b492@group-9820ECCA99ED-FollowerState] INFO  impl.RoleInfo (RoleInfo.java:updateAndGet(130)) - a394a97c-7848-4311-a24c-186851f6b492: start a394a97c-7848-4311-a24c-186851f6b492@group-9820ECCA99ED-LeaderElection111
2021-09-05 01:39:25,528 [a394a97c-7848-4311-a24c-186851f6b492@group-9820ECCA99ED-LeaderElection111] INFO  impl.LeaderElection (LeaderElection.java:askForVotes(306)) - a394a97c-7848-4311-a24c-186851f6b492@group-9820ECCA99ED-LeaderElection111 ELECTION round 0: submit vote requests at term 4 for -1: [455161ce-78be-4281-bc2a-a50d1cad5e43|rpc:10.1.0.25:40081|dataStream:|priority:0, a394a97c-7848-4311-a24c-186851f6b492|rpc:10.1.0.25:38701|dataStream:|priority:1, aa0f76fc-0af9-4fba-891f-e6382fa98fe4|rpc:10.1.0.25:36313|dataStream:|priority:0], old=null
2021-09-05 01:39:25,555 [grpc-default-executor-0] INFO  server.RaftServer$Division (RaftServerImpl.java:requestVote(1043)) - 455161ce-78be-4281-bc2a-a50d1cad5e43@group-9820ECCA99ED: receive requestVote(ELECTION, a394a97c-7848-4311-a24c-186851f6b492, group-9820ECCA99ED, 4, (t:0, i:0))
2021-09-05 01:39:25,555 [grpc-default-executor-0] INFO  impl.VoteContext (VoteContext.java:log(48)) - 455161ce-78be-4281-bc2a-a50d1cad5e43@group-9820ECCA99ED-FOLLOWER: accept ELECTION from a394a97c-7848-4311-a24c-186851f6b492: our priority 0 <= candidate's priority 1
2021-09-05 01:39:25,555 [grpc-default-executor-0] INFO  server.RaftServer$Division (RaftServerImpl.java:setRole(285)) - 455161ce-78be-4281-bc2a-a50d1cad5e43@group-9820ECCA99ED: changes role from  FOLLOWER to FOLLOWER at term 4 for candidate:a394a97c-7848-4311-a24c-186851f6b492
2021-09-05 01:39:25,555 [grpc-default-executor-0] INFO  impl.RoleInfo (RoleInfo.java:shutdownFollowerState(108)) - 455161ce-78be-4281-bc2a-a50d1cad5e43: shutdown 455161ce-78be-4281-bc2a-a50d1cad5e43@group-9820ECCA99ED-FollowerState
2021-09-05 01:39:25,565 [grpc-default-executor-0] INFO  impl.RoleInfo (RoleInfo.java:updateAndGet(130)) - 455161ce-78be-4281-bc2a-a50d1cad5e43: start 455161ce-78be-4281-bc2a-a50d1cad5e43@group-9820ECCA99ED-FollowerState
2021-09-05 01:39:25,566 [grpc-default-executor-4] INFO  server.RaftServer$Division (RaftServerImpl.java:requestVote(1043)) - aa0f76fc-0af9-4fba-891f-e6382fa98fe4@group-9820ECCA99ED: receive requestVote(ELECTION, a394a97c-7848-4311-a24c-186851f6b492, group-9820ECCA99ED, 4, (t:0, i:0))
2021-09-05 01:39:25,567 [grpc-default-executor-4] INFO  impl.VoteContext (VoteContext.java:log(48)) - aa0f76fc-0af9-4fba-891f-e6382fa98fe4@group-9820ECCA99ED-FOLLOWER: accept ELECTION from a394a97c-7848-4311-a24c-186851f6b492: our priority 0 <= candidate's priority 1
2021-09-05 01:39:25,567 [grpc-default-executor-4] INFO  server.RaftServer$Division (RaftServerImpl.java:setRole(285)) - aa0f76fc-0af9-4fba-891f-e6382fa98fe4@group-9820ECCA99ED: changes role from  FOLLOWER to FOLLOWER at term 4 for candidate:a394a97c-7848-4311-a24c-186851f6b492
2021-09-05 01:39:25,567 [grpc-default-executor-4] INFO  impl.RoleInfo (RoleInfo.java:shutdownFollowerState(108)) - aa0f76fc-0af9-4fba-891f-e6382fa98fe4: shutdown aa0f76fc-0af9-4fba-891f-e6382fa98fe4@group-9820ECCA99ED-FollowerState
2021-09-05 01:39:25,576 [grpc-default-executor-4] INFO  impl.RoleInfo (RoleInfo.java:updateAndGet(130)) - aa0f76fc-0af9-4fba-891f-e6382fa98fe4: start aa0f76fc-0af9-4fba-891f-e6382fa98fe4@group-9820ECCA99ED-FollowerState
2021-09-05 01:39:25,576 [aa0f76fc-0af9-4fba-891f-e6382fa98fe4@group-9820ECCA99ED-FollowerState] INFO  impl.FollowerState (FollowerState.java:run(143)) - aa0f76fc-0af9-4fba-891f-e6382fa98fe4@group-9820ECCA99ED-FollowerState was interrupted: {}
java.lang.InterruptedException: sleep interrupted
	at java.lang.Thread.sleep(Native Method)
	at java.lang.Thread.sleep(Thread.java:340)
	at java.util.concurrent.TimeUnit.sleep(TimeUnit.java:386)
	at org.apache.ratis.util.TimeDuration.sleep(TimeDuration.java:324)
	at org.apache.ratis.util.TimeDuration.sleep(TimeDuration.java:309)
	at org.apache.ratis.server.impl.FollowerState.run(FollowerState.java:118)
2021-09-05 01:39:25,577 [grpc-default-executor-0] INFO  server.RaftServer$Division (RaftServerImpl.java:requestVote(1075)) - 455161ce-78be-4281-bc2a-a50d1cad5e43@group-9820ECCA99ED replies to ELECTION vote request: a394a97c-7848-4311-a24c-186851f6b492<-455161ce-78be-4281-bc2a-a50d1cad5e43#0:OK-t4. Peer's state: 455161ce-78be-4281-bc2a-a50d1cad5e43@group-9820ECCA99ED:t4, leader=null, voted=a394a97c-7848-4311-a24c-186851f6b492, raftlog=455161ce-78be-4281-bc2a-a50d1cad5e43@group-9820ECCA99ED-SegmentedRaftLog:OPENED:c-1,f-1,i0, conf=-1: [455161ce-78be-4281-bc2a-a50d1cad5e43|rpc:10.1.0.25:40081|priority:0, a394a97c-7848-4311-a24c-186851f6b492|rpc:10.1.0.25:38701|priority:1, aa0f76fc-0af9-4fba-891f-e6382fa98fe4|rpc:10.1.0.25:36313|priority:0], old=null
2021-09-05 01:39:25,585 [455161ce-78be-4281-bc2a-a50d1cad5e43@group-9820ECCA99ED-FollowerState] INFO  impl.FollowerState (FollowerState.java:run(143)) - 455161ce-78be-4281-bc2a-a50d1cad5e43@group-9820ECCA99ED-FollowerState was interrupted: {}
java.lang.InterruptedException: sleep interrupted
	at java.lang.Thread.sleep(Native Method)
	at java.lang.Thread.sleep(Thread.java:340)
	at java.util.concurrent.TimeUnit.sleep(TimeUnit.java:386)
	at org.apache.ratis.util.TimeDuration.sleep(TimeDuration.java:324)
	at org.apache.ratis.util.TimeDuration.sleep(TimeDuration.java:309)
	at org.apache.ratis.server.impl.FollowerState.run(FollowerState.java:118)
2021-09-05 01:39:25,590 [grpc-default-executor-4] INFO  server.RaftServer$Division (RaftServerImpl.java:requestVote(1075)) - aa0f76fc-0af9-4fba-891f-e6382fa98fe4@group-9820ECCA99ED replies to ELECTION vote request: a394a97c-7848-4311-a24c-186851f6b492<-aa0f76fc-0af9-4fba-891f-e6382fa98fe4#0:OK-t4. Peer's state: aa0f76fc-0af9-4fba-891f-e6382fa98fe4@group-9820ECCA99ED:t4, leader=null, voted=a394a97c-7848-4311-a24c-186851f6b492, raftlog=aa0f76fc-0af9-4fba-891f-e6382fa98fe4@group-9820ECCA99ED-SegmentedRaftLog:OPENED:c-1,f-1,i0, conf=-1: [455161ce-78be-4281-bc2a-a50d1cad5e43|rpc:10.1.0.25:40081|dataStream:|priority:0, a394a97c-7848-4311-a24c-186851f6b492|rpc:10.1.0.25:38701|dataStream:|priority:1, aa0f76fc-0af9-4fba-891f-e6382fa98fe4|rpc:10.1.0.25:36313|dataStream:|priority:0], old=null
2021-09-05 01:39:25,591 [a394a97c-7848-4311-a24c-186851f6b492@group-9820ECCA99ED-LeaderElection111] INFO  impl.LeaderElection (LeaderElection.java:logAndReturn(89)) - a394a97c-7848-4311-a24c-186851f6b492@group-9820ECCA99ED-LeaderElection111: ELECTION PASSED received 1 response(s) and 0 exception(s):
2021-09-05 01:39:25,591 [a394a97c-7848-4311-a24c-186851f6b492@group-9820ECCA99ED-LeaderElection111] INFO  impl.LeaderElection (LeaderElection.java:logAndReturn(93)) -   Response 0: a394a97c-7848-4311-a24c-186851f6b492<-455161ce-78be-4281-bc2a-a50d1cad5e43#0:OK-t4
2021-09-05 01:39:25,591 [a394a97c-7848-4311-a24c-186851f6b492@group-9820ECCA99ED-LeaderElection111] INFO  impl.LeaderElection (LeaderElection.java:askForVotes(308)) - a394a97c-7848-4311-a24c-186851f6b492@group-9820ECCA99ED-LeaderElection111 ELECTION round 0: result PASSED
2021-09-05 01:39:25,591 [a394a97c-7848-4311-a24c-186851f6b492@group-9820ECCA99ED-LeaderElection111] INFO  impl.RoleInfo (RoleInfo.java:shutdownLeaderElection(121)) - a394a97c-7848-4311-a24c-186851f6b492: shutdown a394a97c-7848-4311-a24c-186851f6b492@group-9820ECCA99ED-LeaderElection111
2021-09-05 01:39:25,591 [a394a97c-7848-4311-a24c-186851f6b492@group-9820ECCA99ED-LeaderElection111] INFO  server.RaftServer$Division (RaftServerImpl.java:setRole(285)) - a394a97c-7848-4311-a24c-186851f6b492@group-9820ECCA99ED: changes role from CANDIDATE to LEADER at term 4 for changeToLeader
2021-09-05 01:39:25,591 [a394a97c-7848-4311-a24c-186851f6b492@group-9820ECCA99ED-LeaderElection111] INFO  ratis.XceiverServerRatis (XceiverServerRatis.java:handleLeaderChangedNotification(861)) - Leader change notification received for group: group-9820ECCA99ED with new leaderId: a394a97c-7848-4311-a24c-186851f6b492
2021-09-05 01:39:25,591 [a394a97c-7848-4311-a24c-186851f6b492@group-9820ECCA99ED-LeaderElection111] INFO  server.RaftServer$Division (ServerState.java:setLeader(285)) - a394a97c-7848-4311-a24c-186851f6b492@group-9820ECCA99ED: change Leader from null to a394a97c-7848-4311-a24c-186851f6b492 at term 4 for becomeLeader, leader elected after 20694ms
2021-09-05 01:39:25,591 [a394a97c-7848-4311-a24c-186851f6b492@group-9820ECCA99ED-LeaderElection111] INFO  server.RaftServerConfigKeys (ConfUtils.java:logGet(44)) - raft.server.staging.catchup.gap = 1000 (default)
2021-09-05 01:39:25,591 [a394a97c-7848-4311-a24c-186851f6b492@group-9820ECCA99ED-LeaderElection111] INFO  server.RaftServerConfigKeys (ConfUtils.java:logGet(44)) - raft.server.write.element-limit = 1024 (custom)
2021-09-05 01:39:25,591 [a394a97c-7848-4311-a24c-186851f6b492@group-9820ECCA99ED-LeaderElection111] INFO  server.RaftServerConfigKeys (ConfUtils.java:logGet(44)) - raft.server.write.byte-limit = 1024 M (=1073741824) (custom)
2021-09-05 01:39:25,592 [a394a97c-7848-4311-a24c-186851f6b492@group-9820ECCA99ED-LeaderElection111] INFO  server.RaftServerConfigKeys (ConfUtils.java:logGet(44)) - raft.server.watch.timeout = 3000ms (custom)
2021-09-05 01:39:25,592 [a394a97c-7848-4311-a24c-186851f6b492@group-9820ECCA99ED-LeaderElection111] INFO  server.RaftServerConfigKeys (ConfUtils.java:logGet(44)) - raft.server.watch.timeout.denomination = 1s (default)
2021-09-05 01:39:25,592 [a394a97c-7848-4311-a24c-186851f6b492@group-9820ECCA99ED-LeaderElection111] INFO  server.RaftServerConfigKeys (ConfUtils.java:logGet(44)) - raft.server.watch.element-limit = 65536 (default)
2021-09-05 01:39:25,592 [a394a97c-7848-4311-a24c-186851f6b492@group-9820ECCA99ED-LeaderElection111] INFO  server.RaftServerConfigKeys (ConfUtils.java:logGet(44)) - raft.server.log.appender.snapshot.chunk.size.max = 16MB (=16777216) (default)
2021-09-05 01:39:25,592 [a394a97c-7848-4311-a24c-186851f6b492@group-9820ECCA99ED-LeaderElection111] INFO  server.RaftServerConfigKeys (ConfUtils.java:logGet(44)) - raft.server.log.appender.buffer.byte-limit = 33554432 (custom)
2021-09-05 01:39:25,592 [a394a97c-7848-4311-a24c-186851f6b492@group-9820ECCA99ED-LeaderElection111] INFO  server.RaftServerConfigKeys (ConfUtils.java:logGet(44)) - raft.server.log.appender.buffer.element-limit = 1 (custom)
2021-09-05 01:39:25,592 [a394a97c-7848-4311-a24c-186851f6b492@group-9820ECCA99ED-LeaderElection111] INFO  grpc.GrpcConfigKeys (ConfUtils.java:logGet(44)) - raft.grpc.server.leader.outstanding.appends.max = 128 (default)
2021-09-05 01:39:25,592 [a394a97c-7848-4311-a24c-186851f6b492@group-9820ECCA99ED-LeaderElection111] INFO  server.RaftServerConfigKeys (ConfUtils.java:logGet(44)) - raft.server.rpc.request.timeout = 3000ms (default)
2021-09-05 01:39:25,592 [a394a97c-7848-4311-a24c-186851f6b492@group-9820ECCA99ED-LeaderElection111] INFO  server.RaftServerConfigKeys (ConfUtils.java:logGet(44)) - raft.server.log.appender.install.snapshot.enabled = false (custom)
2021-09-05 01:39:25,594 [a394a97c-7848-4311-a24c-186851f6b492@group-9820ECCA99ED-LeaderElection111] INFO  server.RaftServerConfigKeys (ConfUtils.java:logGet(44)) - raft.server.log.appender.snapshot.chunk.size.max = 16MB (=16777216) (default)
2021-09-05 01:39:25,594 [a394a97c-7848-4311-a24c-186851f6b492@group-9820ECCA99ED-LeaderElection111] INFO  server.RaftServerConfigKeys (ConfUtils.java:logGet(44)) - raft.server.log.appender.buffer.byte-limit = 33554432 (custom)
2021-09-05 01:39:25,595 [a394a97c-7848-4311-a24c-186851f6b492@group-9820ECCA99ED-LeaderElection111] INFO  server.RaftServerConfigKeys (ConfUtils.java:logGet(44)) - raft.server.log.appender.buffer.element-limit = 1 (custom)
2021-09-05 01:39:25,595 [a394a97c-7848-4311-a24c-186851f6b492@group-9820ECCA99ED-LeaderElection111] INFO  grpc.GrpcConfigKeys (ConfUtils.java:logGet(44)) - raft.grpc.server.leader.outstanding.appends.max = 128 (default)
2021-09-05 01:39:25,595 [a394a97c-7848-4311-a24c-186851f6b492@group-9820ECCA99ED-LeaderElection111] INFO  server.RaftServerConfigKeys (ConfUtils.java:logGet(44)) - raft.server.rpc.request.timeout = 3000ms (default)
2021-09-05 01:39:25,595 [a394a97c-7848-4311-a24c-186851f6b492@group-9820ECCA99ED-LeaderElection111] INFO  server.RaftServerConfigKeys (ConfUtils.java:logGet(44)) - raft.server.log.appender.install.snapshot.enabled = false (custom)
2021-09-05 01:39:25,596 [a394a97c-7848-4311-a24c-186851f6b492@group-9820ECCA99ED-LeaderElection111] INFO  impl.RoleInfo (RoleInfo.java:updateAndGet(130)) - a394a97c-7848-4311-a24c-186851f6b492: start a394a97c-7848-4311-a24c-186851f6b492@group-9820ECCA99ED-LeaderStateImpl
2021-09-05 01:39:25,601 [a394a97c-7848-4311-a24c-186851f6b492@group-9820ECCA99ED-LeaderElection111] INFO  segmented.SegmentedRaftLogWorker (SegmentedRaftLogWorker.java:startLogSegment(394)) - a394a97c-7848-4311-a24c-186851f6b492@group-9820ECCA99ED-SegmentedRaftLogWorker: Starting segment from index:0
2021-09-05 01:39:25,617 [a394a97c-7848-4311-a24c-186851f6b492@group-9820ECCA99ED-SegmentedRaftLogWorker] INFO  segmented.SegmentedRaftLogWorker (SegmentedRaftLogWorker.java:execute(601)) - a394a97c-7848-4311-a24c-186851f6b492@group-9820ECCA99ED-SegmentedRaftLogWorker: created new log segment /home/runner/work/ozone/ozone/hadoop-ozone/integration-test/target/test-dir/MiniOzoneClusterImpl-37340386-36af-4fa8-9723-b8f583b28ff6/datanode-4/data/ratis/63a4ac22-0943-49cd-a4b6-9820ecca99ed/current/log_inprogress_0
2021-09-05 01:39:25,659 [grpc-default-executor-0] INFO  ratis.XceiverServerRatis (XceiverServerRatis.java:handleLeaderChangedNotification(861)) - Leader change notification received for group: group-9820ECCA99ED with new leaderId: a394a97c-7848-4311-a24c-186851f6b492
2021-09-05 01:39:25,659 [grpc-default-executor-0] INFO  server.RaftServer$Division (ServerState.java:setLeader(285)) - 455161ce-78be-4281-bc2a-a50d1cad5e43@group-9820ECCA99ED: change Leader from null to a394a97c-7848-4311-a24c-186851f6b492 at term 4 for appendEntries, leader elected after 20953ms
2021-09-05 01:39:25,661 [a394a97c-7848-4311-a24c-186851f6b492@group-9820ECCA99ED-LeaderElection111] INFO  server.RaftServer$Division (ServerState.java:setRaftConf(387)) - a394a97c-7848-4311-a24c-186851f6b492@group-9820ECCA99ED: set configuration 0: [455161ce-78be-4281-bc2a-a50d1cad5e43|rpc:10.1.0.25:40081|dataStream:|priority:0, a394a97c-7848-4311-a24c-186851f6b492|rpc:10.1.0.25:38701|dataStream:|priority:1, aa0f76fc-0af9-4fba-891f-e6382fa98fe4|rpc:10.1.0.25:36313|dataStream:|priority:0], old=null
2021-09-05 01:39:25,669 [grpc-default-executor-2] INFO  ratis.XceiverServerRatis (XceiverServerRatis.java:handleLeaderChangedNotification(861)) - Leader change notification received for group: group-9820ECCA99ED with new leaderId: a394a97c-7848-4311-a24c-186851f6b492
2021-09-05 01:39:25,669 [grpc-default-executor-2] INFO  server.RaftServer$Division (ServerState.java:setLeader(285)) - aa0f76fc-0af9-4fba-891f-e6382fa98fe4@group-9820ECCA99ED: change Leader from null to a394a97c-7848-4311-a24c-186851f6b492 at term 4 for appendEntries, leader elected after 20614ms
2021-09-05 01:39:25,689 [grpc-default-executor-2] INFO  server.RaftServer$Division (ServerState.java:setRaftConf(387)) - aa0f76fc-0af9-4fba-891f-e6382fa98fe4@group-9820ECCA99ED: set configuration 0: [455161ce-78be-4281-bc2a-a50d1cad5e43|rpc:10.1.0.25:40081|dataStream:|priority:0, a394a97c-7848-4311-a24c-186851f6b492|rpc:10.1.0.25:38701|dataStream:|priority:1, aa0f76fc-0af9-4fba-891f-e6382fa98fe4|rpc:10.1.0.25:36313|dataStream:|priority:0], old=null
2021-09-05 01:39:25,690 [grpc-default-executor-2] INFO  segmented.SegmentedRaftLogWorker (SegmentedRaftLogWorker.java:startLogSegment(394)) - aa0f76fc-0af9-4fba-891f-e6382fa98fe4@group-9820ECCA99ED-SegmentedRaftLogWorker: Starting segment from index:0
2021-09-05 01:39:25,692 [aa0f76fc-0af9-4fba-891f-e6382fa98fe4@group-9820ECCA99ED-SegmentedRaftLogWorker] INFO  segmented.SegmentedRaftLogWorker (SegmentedRaftLogWorker.java:execute(601)) - aa0f76fc-0af9-4fba-891f-e6382fa98fe4@group-9820ECCA99ED-SegmentedRaftLogWorker: created new log segment /home/runner/work/ozone/ozone/hadoop-ozone/integration-test/target/test-dir/MiniOzoneClusterImpl-37340386-36af-4fa8-9723-b8f583b28ff6/datanode-5/data/ratis/63a4ac22-0943-49cd-a4b6-9820ecca99ed/current/log_inprogress_0
2021-09-05 01:39:25,717 [Datanode State Machine Thread - 0] WARN  statemachine.StateContext (StateContext.java:execute(621)) - No available thread in pool for past 1 seconds.
2021-09-05 01:39:25,718 [EventQueue-PipelineReportForPipelineReportHandler] INFO  pipeline.PipelineManagerImpl (PipelineManagerImpl.java:openPipeline(282)) - Pipeline Pipeline[ Id: 63a4ac22-0943-49cd-a4b6-9820ecca99ed, Nodes: a394a97c-7848-4311-a24c-186851f6b492{ip: 10.1.0.25, host: fv-az270-420.tacnzluakwdehk1hpragurqkma.bx.internal.cloudapp.net, ports: [REPLICATION=37403, RATIS=38701, RATIS_ADMIN=38701, RATIS_SERVER=38701, STANDALONE=35691], networkLocation: /default-rack, certSerialId: null, persistedOpState: IN_SERVICE, persistedOpStateExpiryEpochSec: 0}aa0f76fc-0af9-4fba-891f-e6382fa98fe4{ip: 10.1.0.25, host: fv-az270-420.tacnzluakwdehk1hpragurqkma.bx.internal.cloudapp.net, ports: [REPLICATION=42149, RATIS=36313, RATIS_ADMIN=36313, RATIS_SERVER=36313, STANDALONE=35265], networkLocation: /default-rack, certSerialId: null, persistedOpState: IN_SERVICE, persistedOpStateExpiryEpochSec: 0}455161ce-78be-4281-bc2a-a50d1cad5e43{ip: 10.1.0.25, host: fv-az270-420.tacnzluakwdehk1hpragurqkma.bx.internal.cloudapp.net, ports: [REPLICATION=38759, RATIS=40081, RATIS_ADMIN=40081, RATIS_SERVER=40081, STANDALONE=42933], networkLocation: /default-rack, certSerialId: null, persistedOpState: IN_SERVICE, persistedOpStateExpiryEpochSec: 0}, ReplicationConfig: RATIS/THREE, State:ALLOCATED, leaderId:a394a97c-7848-4311-a24c-186851f6b492, CreationTimestamp2021-09-05T01:39:02.787Z[Etc/UTC]] moved to OPEN state
2021-09-05 01:39:25,817 [grpc-default-executor-0] INFO  server.RaftServer$Division (ServerState.java:setRaftConf(387)) - 455161ce-78be-4281-bc2a-a50d1cad5e43@group-9820ECCA99ED: set configuration 0: [455161ce-78be-4281-bc2a-a50d1cad5e43|rpc:10.1.0.25:40081|dataStream:|priority:0, a394a97c-7848-4311-a24c-186851f6b492|rpc:10.1.0.25:38701|dataStream:|priority:1, aa0f76fc-0af9-4fba-891f-e6382fa98fe4|rpc:10.1.0.25:36313|dataStream:|priority:0], old=null
2021-09-05 01:39:25,817 [grpc-default-executor-0] INFO  segmented.SegmentedRaftLogWorker (SegmentedRaftLogWorker.java:startLogSegment(394)) - 455161ce-78be-4281-bc2a-a50d1cad5e43@group-9820ECCA99ED-SegmentedRaftLogWorker: Starting segment from index:0
2021-09-05 01:39:25,822 [455161ce-78be-4281-bc2a-a50d1cad5e43@group-9820ECCA99ED-SegmentedRaftLogWorker] INFO  segmented.SegmentedRaftLogWorker (SegmentedRaftLogWorker.java:execute(601)) - 455161ce-78be-4281-bc2a-a50d1cad5e43@group-9820ECCA99ED-SegmentedRaftLogWorker: created new log segment /home/runner/work/ozone/ozone/hadoop-ozone/integration-test/target/test-dir/MiniOzoneClusterImpl-37340386-36af-4fa8-9723-b8f583b28ff6/datanode-3/data/ratis/63a4ac22-0943-49cd-a4b6-9820ecca99ed/current/log_inprogress_0
2021-09-05 01:39:26,033 [grpc-default-executor-4] WARN  server.GrpcLogAppender (LogUtils.java:warn(122)) - be41d154-e08a-4361-999c-a2746058d00f@group-C6B97DF9FEBA->cff69f77-ea12-413c-a988-d2a44a5ca406-AppendLogResponseHandler: Failed appendEntries: org.apache.ratis.thirdparty.io.grpc.StatusRuntimeException: UNAVAILABLE: io exception
2021-09-05 01:39:26,034 [grpc-default-executor-4] WARN  server.GrpcLogAppender (GrpcLogAppender.java:resetClient(111)) - be41d154-e08a-4361-999c-a2746058d00f@group-C6B97DF9FEBA->cff69f77-ea12-413c-a988-d2a44a5ca406-GrpcLogAppender: Leader has not got in touch with Follower be41d154-e08a-4361-999c-a2746058d00f@group-C6B97DF9FEBA->cff69f77-ea12-413c-a988-d2a44a5ca406(c0,m0,n1, attendVote=true, lastRpcSendTime=2507, lastRpcResponseTime=10064) yet, just keep nextIndex unchanged and retry.
2021-09-05 01:39:26,354 [aa0f76fc-0af9-4fba-891f-e6382fa98fe4@group-8DE473E54637-FollowerState] INFO  impl.FollowerState (FollowerState.java:run(134)) - aa0f76fc-0af9-4fba-891f-e6382fa98fe4@group-8DE473E54637-FollowerState: change to CANDIDATE, lastRpcElapsedTime:5211632830ns, electionTimeout:5200ms
2021-09-05 01:39:26,354 [aa0f76fc-0af9-4fba-891f-e6382fa98fe4@group-8DE473E54637-FollowerState] INFO  impl.RoleInfo (RoleInfo.java:shutdownFollowerState(108)) - aa0f76fc-0af9-4fba-891f-e6382fa98fe4: shutdown aa0f76fc-0af9-4fba-891f-e6382fa98fe4@group-8DE473E54637-FollowerState
2021-09-05 01:39:26,355 [aa0f76fc-0af9-4fba-891f-e6382fa98fe4@group-8DE473E54637-FollowerState] INFO  server.RaftServer$Division (RaftServerImpl.java:setRole(285)) - aa0f76fc-0af9-4fba-891f-e6382fa98fe4@group-8DE473E54637: changes role from  FOLLOWER to CANDIDATE at term 3 for changeToCandidate
2021-09-05 01:39:26,355 [aa0f76fc-0af9-4fba-891f-e6382fa98fe4@group-8DE473E54637-FollowerState] INFO  server.RaftServerConfigKeys (ConfUtils.java:logGet(44)) - raft.server.leaderelection.pre-vote = false (custom)
2021-09-05 01:39:26,355 [aa0f76fc-0af9-4fba-891f-e6382fa98fe4@group-8DE473E54637-FollowerState] INFO  impl.RoleInfo (RoleInfo.java:updateAndGet(130)) - aa0f76fc-0af9-4fba-891f-e6382fa98fe4: start aa0f76fc-0af9-4fba-891f-e6382fa98fe4@group-8DE473E54637-LeaderElection112
2021-09-05 01:39:26,382 [aa0f76fc-0af9-4fba-891f-e6382fa98fe4@group-8DE473E54637-LeaderElection112] INFO  impl.LeaderElection (LeaderElection.java:askForVotes(306)) - aa0f76fc-0af9-4fba-891f-e6382fa98fe4@group-8DE473E54637-LeaderElection112 ELECTION round 0: submit vote requests at term 4 for -1: [455161ce-78be-4281-bc2a-a50d1cad5e43|rpc:10.1.0.25:40081|dataStream:|priority:0, a394a97c-7848-4311-a24c-186851f6b492|rpc:10.1.0.25:38701|dataStream:|priority:0, aa0f76fc-0af9-4fba-891f-e6382fa98fe4|rpc:10.1.0.25:36313|dataStream:|priority:1], old=null
2021-09-05 01:39:26,385 [a394a97c-7848-4311-a24c-186851f6b492@group-8DE473E54637-FollowerState] INFO  impl.FollowerState (FollowerState.java:run(134)) - a394a97c-7848-4311-a24c-186851f6b492@group-8DE473E54637-FollowerState: change to CANDIDATE, lastRpcElapsedTime:5213003550ns, electionTimeout:5171ms
2021-09-05 01:39:26,385 [a394a97c-7848-4311-a24c-186851f6b492@group-8DE473E54637-FollowerState] INFO  impl.RoleInfo (RoleInfo.java:shutdownFollowerState(108)) - a394a97c-7848-4311-a24c-186851f6b492: shutdown a394a97c-7848-4311-a24c-186851f6b492@group-8DE473E54637-FollowerState
2021-09-05 01:39:26,385 [a394a97c-7848-4311-a24c-186851f6b492@group-8DE473E54637-FollowerState] INFO  server.RaftServer$Division (RaftServerImpl.java:setRole(285)) - a394a97c-7848-4311-a24c-186851f6b492@group-8DE473E54637: changes role from  FOLLOWER to CANDIDATE at term 3 for changeToCandidate
2021-09-05 01:39:26,429 [grpc-default-executor-4] INFO  server.RaftServer$Division (RaftServerImpl.java:requestVote(1043)) - 455161ce-78be-4281-bc2a-a50d1cad5e43@group-8DE473E54637: receive requestVote(ELECTION, aa0f76fc-0af9-4fba-891f-e6382fa98fe4, group-8DE473E54637, 4, (t:0, i:0))
2021-09-05 01:39:26,429 [grpc-default-executor-4] INFO  impl.VoteContext (VoteContext.java:log(48)) - 455161ce-78be-4281-bc2a-a50d1cad5e43@group-8DE473E54637-FOLLOWER: accept ELECTION from aa0f76fc-0af9-4fba-891f-e6382fa98fe4: our priority 0 <= candidate's priority 1
2021-09-05 01:39:26,429 [grpc-default-executor-4] INFO  server.RaftServer$Division (RaftServerImpl.java:setRole(285)) - 455161ce-78be-4281-bc2a-a50d1cad5e43@group-8DE473E54637: changes role from  FOLLOWER to FOLLOWER at term 4 for candidate:aa0f76fc-0af9-4fba-891f-e6382fa98fe4
2021-09-05 01:39:26,429 [grpc-default-executor-4] INFO  impl.RoleInfo (RoleInfo.java:shutdownFollowerState(108)) - 455161ce-78be-4281-bc2a-a50d1cad5e43: shutdown 455161ce-78be-4281-bc2a-a50d1cad5e43@group-8DE473E54637-FollowerState
2021-09-05 01:39:26,443 [a394a97c-7848-4311-a24c-186851f6b492@group-8DE473E54637-FollowerState] INFO  server.RaftServerConfigKeys (ConfUtils.java:logGet(44)) - raft.server.leaderelection.pre-vote = false (custom)
2021-09-05 01:39:26,443 [a394a97c-7848-4311-a24c-186851f6b492@group-8DE473E54637-FollowerState] INFO  impl.RoleInfo (RoleInfo.java:updateAndGet(130)) - a394a97c-7848-4311-a24c-186851f6b492: start a394a97c-7848-4311-a24c-186851f6b492@group-8DE473E54637-LeaderElection113
2021-09-05 01:39:26,473 [grpc-default-executor-2] INFO  server.RaftServer$Division (RaftServerImpl.java:requestVote(1043)) - a394a97c-7848-4311-a24c-186851f6b492@group-8DE473E54637: receive requestVote(ELECTION, aa0f76fc-0af9-4fba-891f-e6382fa98fe4, group-8DE473E54637, 4, (t:0, i:0))
2021-09-05 01:39:26,481 [grpc-default-executor-2] INFO  impl.VoteContext (VoteContext.java:log(48)) - a394a97c-7848-4311-a24c-186851f6b492@group-8DE473E54637-CANDIDATE: accept ELECTION from aa0f76fc-0af9-4fba-891f-e6382fa98fe4: our priority 0 <= candidate's priority 1
2021-09-05 01:39:26,481 [grpc-default-executor-2] INFO  server.RaftServer$Division (RaftServerImpl.java:setRole(285)) - a394a97c-7848-4311-a24c-186851f6b492@group-8DE473E54637: changes role from CANDIDATE to FOLLOWER at term 4 for candidate:aa0f76fc-0af9-4fba-891f-e6382fa98fe4
2021-09-05 01:39:26,481 [grpc-default-executor-2] INFO  impl.RoleInfo (RoleInfo.java:shutdownLeaderElection(121)) - a394a97c-7848-4311-a24c-186851f6b492: shutdown a394a97c-7848-4311-a24c-186851f6b492@group-8DE473E54637-LeaderElection113
2021-09-05 01:39:26,481 [grpc-default-executor-2] INFO  impl.RoleInfo (RoleInfo.java:updateAndGet(130)) - a394a97c-7848-4311-a24c-186851f6b492: start a394a97c-7848-4311-a24c-186851f6b492@group-8DE473E54637-FollowerState
2021-09-05 01:39:26,481 [grpc-default-executor-4] INFO  impl.RoleInfo (RoleInfo.java:updateAndGet(130)) - 455161ce-78be-4281-bc2a-a50d1cad5e43: start 455161ce-78be-4281-bc2a-a50d1cad5e43@group-8DE473E54637-FollowerState
2021-09-05 01:39:26,481 [a394a97c-7848-4311-a24c-186851f6b492@group-8DE473E54637-LeaderElection113] INFO  impl.LeaderElection (LeaderElection.java:run(230)) - a394a97c-7848-4311-a24c-186851f6b492@group-8DE473E54637-LeaderElection113: skip running since this is already CLOSING
2021-09-05 01:39:26,490 [grpc-default-executor-2] INFO  server.RaftServer$Division (RaftServerImpl.java:requestVote(1075)) - a394a97c-7848-4311-a24c-186851f6b492@group-8DE473E54637 replies to ELECTION vote request: aa0f76fc-0af9-4fba-891f-e6382fa98fe4<-a394a97c-7848-4311-a24c-186851f6b492#0:OK-t4. Peer's state: a394a97c-7848-4311-a24c-186851f6b492@group-8DE473E54637:t4, leader=null, voted=aa0f76fc-0af9-4fba-891f-e6382fa98fe4, raftlog=a394a97c-7848-4311-a24c-186851f6b492@group-8DE473E54637-SegmentedRaftLog:OPENED:c-1,f-1,i0, conf=-1: [455161ce-78be-4281-bc2a-a50d1cad5e43|rpc:10.1.0.25:40081|priority:0, a394a97c-7848-4311-a24c-186851f6b492|rpc:10.1.0.25:38701|priority:0, aa0f76fc-0af9-4fba-891f-e6382fa98fe4|rpc:10.1.0.25:36313|priority:1], old=null
2021-09-05 01:39:26,491 [455161ce-78be-4281-bc2a-a50d1cad5e43@group-8DE473E54637-FollowerState] INFO  impl.FollowerState (FollowerState.java:run(143)) - 455161ce-78be-4281-bc2a-a50d1cad5e43@group-8DE473E54637-FollowerState was interrupted: {}
java.lang.InterruptedException: sleep interrupted
	at java.lang.Thread.sleep(Native Method)
	at java.lang.Thread.sleep(Thread.java:340)
	at java.util.concurrent.TimeUnit.sleep(TimeUnit.java:386)
	at org.apache.ratis.util.TimeDuration.sleep(TimeDuration.java:324)
	at org.apache.ratis.util.TimeDuration.sleep(TimeDuration.java:309)
	at org.apache.ratis.server.impl.FollowerState.run(FollowerState.java:118)
2021-09-05 01:39:26,495 [aa0f76fc-0af9-4fba-891f-e6382fa98fe4@group-8DE473E54637-LeaderElection112] INFO  impl.LeaderElection (LeaderElection.java:logAndReturn(89)) - aa0f76fc-0af9-4fba-891f-e6382fa98fe4@group-8DE473E54637-LeaderElection112: ELECTION PASSED received 1 response(s) and 0 exception(s):
2021-09-05 01:39:26,495 [aa0f76fc-0af9-4fba-891f-e6382fa98fe4@group-8DE473E54637-LeaderElection112] INFO  impl.LeaderElection (LeaderElection.java:logAndReturn(93)) -   Response 0: aa0f76fc-0af9-4fba-891f-e6382fa98fe4<-a394a97c-7848-4311-a24c-186851f6b492#0:OK-t4
2021-09-05 01:39:26,495 [aa0f76fc-0af9-4fba-891f-e6382fa98fe4@group-8DE473E54637-LeaderElection112] INFO  impl.LeaderElection (LeaderElection.java:askForVotes(308)) - aa0f76fc-0af9-4fba-891f-e6382fa98fe4@group-8DE473E54637-LeaderElection112 ELECTION round 0: result PASSED
2021-09-05 01:39:26,495 [aa0f76fc-0af9-4fba-891f-e6382fa98fe4@group-8DE473E54637-LeaderElection112] INFO  impl.RoleInfo (RoleInfo.java:shutdownLeaderElection(121)) - aa0f76fc-0af9-4fba-891f-e6382fa98fe4: shutdown aa0f76fc-0af9-4fba-891f-e6382fa98fe4@group-8DE473E54637-LeaderElection112
2021-09-05 01:39:26,496 [aa0f76fc-0af9-4fba-891f-e6382fa98fe4@group-8DE473E54637-LeaderElection112] INFO  server.RaftServer$Division (RaftServerImpl.java:setRole(285)) - aa0f76fc-0af9-4fba-891f-e6382fa98fe4@group-8DE473E54637: changes role from CANDIDATE to LEADER at term 4 for changeToLeader
2021-09-05 01:39:26,496 [aa0f76fc-0af9-4fba-891f-e6382fa98fe4@group-8DE473E54637-LeaderElection112] INFO  ratis.XceiverServerRatis (XceiverServerRatis.java:handleLeaderChangedNotification(861)) - Leader change notification received for group: group-8DE473E54637 with new leaderId: aa0f76fc-0af9-4fba-891f-e6382fa98fe4
2021-09-05 01:39:26,496 [aa0f76fc-0af9-4fba-891f-e6382fa98fe4@group-8DE473E54637-LeaderElection112] INFO  server.RaftServer$Division (ServerState.java:setLeader(285)) - aa0f76fc-0af9-4fba-891f-e6382fa98fe4@group-8DE473E54637: change Leader from null to aa0f76fc-0af9-4fba-891f-e6382fa98fe4 at term 4 for becomeLeader, leader elected after 20655ms
2021-09-05 01:39:26,496 [aa0f76fc-0af9-4fba-891f-e6382fa98fe4@group-8DE473E54637-LeaderElection112] INFO  server.RaftServerConfigKeys (ConfUtils.java:logGet(44)) - raft.server.staging.catchup.gap = 1000 (default)
2021-09-05 01:39:26,496 [Datanode State Machine Thread - 0] WARN  statemachine.StateContext (StateContext.java:execute(621)) - No available thread in pool for past 1 seconds.
2021-09-05 01:39:26,496 [aa0f76fc-0af9-4fba-891f-e6382fa98fe4@group-8DE473E54637-LeaderElection112] INFO  server.RaftServerConfigKeys (ConfUtils.java:logGet(44)) - raft.server.write.element-limit = 1024 (custom)
2021-09-05 01:39:26,496 [aa0f76fc-0af9-4fba-891f-e6382fa98fe4@group-8DE473E54637-LeaderElection112] INFO  server.RaftServerConfigKeys (ConfUtils.java:logGet(44)) - raft.server.write.byte-limit = 1024 M (=1073741824) (custom)
2021-09-05 01:39:26,496 [aa0f76fc-0af9-4fba-891f-e6382fa98fe4@group-8DE473E54637-LeaderElection112] INFO  server.RaftServerConfigKeys (ConfUtils.java:logGet(44)) - raft.server.watch.timeout = 3000ms (custom)
2021-09-05 01:39:26,496 [aa0f76fc-0af9-4fba-891f-e6382fa98fe4@group-8DE473E54637-LeaderElection112] INFO  server.RaftServerConfigKeys (ConfUtils.java:logGet(44)) - raft.server.watch.timeout.denomination = 1s (default)
2021-09-05 01:39:26,497 [aa0f76fc-0af9-4fba-891f-e6382fa98fe4@group-8DE473E54637-LeaderElection112] INFO  server.RaftServerConfigKeys (ConfUtils.java:logGet(44)) - raft.server.watch.element-limit = 65536 (default)
2021-09-05 01:39:26,497 [aa0f76fc-0af9-4fba-891f-e6382fa98fe4@group-8DE473E54637-LeaderElection112] INFO  server.RaftServerConfigKeys (ConfUtils.java:logGet(44)) - raft.server.log.appender.snapshot.chunk.size.max = 16MB (=16777216) (default)
2021-09-05 01:39:26,497 [aa0f76fc-0af9-4fba-891f-e6382fa98fe4@group-8DE473E54637-LeaderElection112] INFO  server.RaftServerConfigKeys (ConfUtils.java:logGet(44)) - raft.server.log.appender.buffer.byte-limit = 33554432 (custom)
2021-09-05 01:39:26,497 [aa0f76fc-0af9-4fba-891f-e6382fa98fe4@group-8DE473E54637-LeaderElection112] INFO  server.RaftServerConfigKeys (ConfUtils.java:logGet(44)) - raft.server.log.appender.buffer.element-limit = 1 (custom)
2021-09-05 01:39:26,497 [aa0f76fc-0af9-4fba-891f-e6382fa98fe4@group-8DE473E54637-LeaderElection112] INFO  grpc.GrpcConfigKeys (ConfUtils.java:logGet(44)) - raft.grpc.server.leader.outstanding.appends.max = 128 (default)
2021-09-05 01:39:26,497 [aa0f76fc-0af9-4fba-891f-e6382fa98fe4@group-8DE473E54637-LeaderElection112] INFO  server.RaftServerConfigKeys (ConfUtils.java:logGet(44)) - raft.server.rpc.request.timeout = 3000ms (default)
2021-09-05 01:39:26,497 [aa0f76fc-0af9-4fba-891f-e6382fa98fe4@group-8DE473E54637-LeaderElection112] INFO  server.RaftServerConfigKeys (ConfUtils.java:logGet(44)) - raft.server.log.appender.install.snapshot.enabled = false (custom)
2021-09-05 01:39:26,499 [aa0f76fc-0af9-4fba-891f-e6382fa98fe4@group-8DE473E54637-LeaderElection112] INFO  server.RaftServerConfigKeys (ConfUtils.java:logGet(44)) - raft.server.log.appender.snapshot.chunk.size.max = 16MB (=16777216) (default)
2021-09-05 01:39:26,499 [aa0f76fc-0af9-4fba-891f-e6382fa98fe4@group-8DE473E54637-LeaderElection112] INFO  server.RaftServerConfigKeys (ConfUtils.java:logGet(44)) - raft.server.log.appender.buffer.byte-limit = 33554432 (custom)
2021-09-05 01:39:26,499 [aa0f76fc-0af9-4fba-891f-e6382fa98fe4@group-8DE473E54637-LeaderElection112] INFO  server.RaftServerConfigKeys (ConfUtils.java:logGet(44)) - raft.server.log.appender.buffer.element-limit = 1 (custom)
2021-09-05 01:39:26,499 [aa0f76fc-0af9-4fba-891f-e6382fa98fe4@group-8DE473E54637-LeaderElection112] INFO  grpc.GrpcConfigKeys (ConfUtils.java:logGet(44)) - raft.grpc.server.leader.outstanding.appends.max = 128 (default)
2021-09-05 01:39:26,499 [aa0f76fc-0af9-4fba-891f-e6382fa98fe4@group-8DE473E54637-LeaderElection112] INFO  server.RaftServerConfigKeys (ConfUtils.java:logGet(44)) - raft.server.rpc.request.timeout = 3000ms (default)
2021-09-05 01:39:26,499 [aa0f76fc-0af9-4fba-891f-e6382fa98fe4@group-8DE473E54637-LeaderElection112] INFO  server.RaftServerConfigKeys (ConfUtils.java:logGet(44)) - raft.server.log.appender.install.snapshot.enabled = false (custom)
2021-09-05 01:39:26,500 [aa0f76fc-0af9-4fba-891f-e6382fa98fe4@group-8DE473E54637-LeaderElection112] INFO  impl.RoleInfo (RoleInfo.java:updateAndGet(130)) - aa0f76fc-0af9-4fba-891f-e6382fa98fe4: start aa0f76fc-0af9-4fba-891f-e6382fa98fe4@group-8DE473E54637-LeaderStateImpl
2021-09-05 01:39:26,500 [aa0f76fc-0af9-4fba-891f-e6382fa98fe4@group-8DE473E54637-LeaderElection112] INFO  segmented.SegmentedRaftLogWorker (SegmentedRaftLogWorker.java:startLogSegment(394)) - aa0f76fc-0af9-4fba-891f-e6382fa98fe4@group-8DE473E54637-SegmentedRaftLogWorker: Starting segment from index:0
2021-09-05 01:39:26,500 [EventQueue-PipelineReportForPipelineReportHandler] INFO  pipeline.PipelineManagerImpl (PipelineManagerImpl.java:openPipeline(282)) - Pipeline Pipeline[ Id: 0c96f688-2ee1-4e37-806d-8de473e54637, Nodes: a394a97c-7848-4311-a24c-186851f6b492{ip: 10.1.0.25, host: fv-az270-420.tacnzluakwdehk1hpragurqkma.bx.internal.cloudapp.net, ports: [REPLICATION=37403, RATIS=38701, RATIS_ADMIN=38701, RATIS_SERVER=38701, STANDALONE=35691], networkLocation: /default-rack, certSerialId: null, persistedOpState: IN_SERVICE, persistedOpStateExpiryEpochSec: 0}aa0f76fc-0af9-4fba-891f-e6382fa98fe4{ip: 10.1.0.25, host: fv-az270-420.tacnzluakwdehk1hpragurqkma.bx.internal.cloudapp.net, ports: [REPLICATION=42149, RATIS=36313, RATIS_ADMIN=36313, RATIS_SERVER=36313, STANDALONE=35265], networkLocation: /default-rack, certSerialId: null, persistedOpState: IN_SERVICE, persistedOpStateExpiryEpochSec: 0}455161ce-78be-4281-bc2a-a50d1cad5e43{ip: 10.1.0.25, host: fv-az270-420.tacnzluakwdehk1hpragurqkma.bx.internal.cloudapp.net, ports: [REPLICATION=38759, RATIS=40081, RATIS_ADMIN=40081, RATIS_SERVER=40081, STANDALONE=42933], networkLocation: /default-rack, certSerialId: null, persistedOpState: IN_SERVICE, persistedOpStateExpiryEpochSec: 0}, ReplicationConfig: RATIS/THREE, State:ALLOCATED, leaderId:aa0f76fc-0af9-4fba-891f-e6382fa98fe4, CreationTimestamp2021-09-05T01:39:02.789Z[Etc/UTC]] moved to OPEN state
2021-09-05 01:39:26,501 [grpc-default-executor-4] INFO  server.RaftServer$Division (RaftServerImpl.java:requestVote(1075)) - 455161ce-78be-4281-bc2a-a50d1cad5e43@group-8DE473E54637 replies to ELECTION vote request: aa0f76fc-0af9-4fba-891f-e6382fa98fe4<-455161ce-78be-4281-bc2a-a50d1cad5e43#0:OK-t4. Peer's state: 455161ce-78be-4281-bc2a-a50d1cad5e43@group-8DE473E54637:t4, leader=null, voted=aa0f76fc-0af9-4fba-891f-e6382fa98fe4, raftlog=455161ce-78be-4281-bc2a-a50d1cad5e43@group-8DE473E54637-SegmentedRaftLog:OPENED:c-1,f-1,i0, conf=-1: [455161ce-78be-4281-bc2a-a50d1cad5e43|rpc:10.1.0.25:40081|priority:0, a394a97c-7848-4311-a24c-186851f6b492|rpc:10.1.0.25:38701|priority:0, aa0f76fc-0af9-4fba-891f-e6382fa98fe4|rpc:10.1.0.25:36313|priority:1], old=null
2021-09-05 01:39:26,503 [aa0f76fc-0af9-4fba-891f-e6382fa98fe4@group-8DE473E54637-SegmentedRaftLogWorker] INFO  segmented.SegmentedRaftLogWorker (SegmentedRaftLogWorker.java:execute(601)) - aa0f76fc-0af9-4fba-891f-e6382fa98fe4@group-8DE473E54637-SegmentedRaftLogWorker: created new log segment /home/runner/work/ozone/ozone/hadoop-ozone/integration-test/target/test-dir/MiniOzoneClusterImpl-37340386-36af-4fa8-9723-b8f583b28ff6/datanode-5/data/ratis/0c96f688-2ee1-4e37-806d-8de473e54637/current/log_inprogress_0
2021-09-05 01:39:26,567 [aa0f76fc-0af9-4fba-891f-e6382fa98fe4@group-8DE473E54637-LeaderElection112] INFO  server.RaftServer$Division (ServerState.java:setRaftConf(387)) - aa0f76fc-0af9-4fba-891f-e6382fa98fe4@group-8DE473E54637: set configuration 0: [455161ce-78be-4281-bc2a-a50d1cad5e43|rpc:10.1.0.25:40081|dataStream:|priority:0, a394a97c-7848-4311-a24c-186851f6b492|rpc:10.1.0.25:38701|dataStream:|priority:0, aa0f76fc-0af9-4fba-891f-e6382fa98fe4|rpc:10.1.0.25:36313|dataStream:|priority:1], old=null
2021-09-05 01:39:26,614 [grpc-default-executor-2] INFO  ratis.XceiverServerRatis (XceiverServerRatis.java:handleLeaderChangedNotification(861)) - Leader change notification received for group: group-8DE473E54637 with new leaderId: aa0f76fc-0af9-4fba-891f-e6382fa98fe4
2021-09-05 01:39:26,614 [grpc-default-executor-2] INFO  server.RaftServer$Division (ServerState.java:setLeader(285)) - 455161ce-78be-4281-bc2a-a50d1cad5e43@group-8DE473E54637: change Leader from null to aa0f76fc-0af9-4fba-891f-e6382fa98fe4 at term 4 for appendEntries, leader elected after 20811ms
2021-09-05 01:39:26,616 [grpc-default-executor-4] INFO  ratis.XceiverServerRatis (XceiverServerRatis.java:handleLeaderChangedNotification(861)) - Leader change notification received for group: group-8DE473E54637 with new leaderId: aa0f76fc-0af9-4fba-891f-e6382fa98fe4
2021-09-05 01:39:26,616 [grpc-default-executor-4] INFO  server.RaftServer$Division (ServerState.java:setLeader(285)) - a394a97c-7848-4311-a24c-186851f6b492@group-8DE473E54637: change Leader from null to aa0f76fc-0af9-4fba-891f-e6382fa98fe4 at term 4 for appendEntries, leader elected after 20912ms
2021-09-05 01:39:26,642 [grpc-default-executor-2] INFO  server.RaftServer$Division (ServerState.java:setRaftConf(387)) - 455161ce-78be-4281-bc2a-a50d1cad5e43@group-8DE473E54637: set configuration 0: [455161ce-78be-4281-bc2a-a50d1cad5e43|rpc:10.1.0.25:40081|dataStream:|priority:0, a394a97c-7848-4311-a24c-186851f6b492|rpc:10.1.0.25:38701|dataStream:|priority:0, aa0f76fc-0af9-4fba-891f-e6382fa98fe4|rpc:10.1.0.25:36313|dataStream:|priority:1], old=null
2021-09-05 01:39:26,642 [grpc-default-executor-2] INFO  segmented.SegmentedRaftLogWorker (SegmentedRaftLogWorker.java:startLogSegment(394)) - 455161ce-78be-4281-bc2a-a50d1cad5e43@group-8DE473E54637-SegmentedRaftLogWorker: Starting segment from index:0
2021-09-05 01:39:26,655 [grpc-default-executor-2] INFO  server.RaftServer$Division (ServerState.java:setRaftConf(387)) - a394a97c-7848-4311-a24c-186851f6b492@group-8DE473E54637: set configuration 0: [455161ce-78be-4281-bc2a-a50d1cad5e43|rpc:10.1.0.25:40081|dataStream:|priority:0, a394a97c-7848-4311-a24c-186851f6b492|rpc:10.1.0.25:38701|dataStream:|priority:0, aa0f76fc-0af9-4fba-891f-e6382fa98fe4|rpc:10.1.0.25:36313|dataStream:|priority:1], old=null
2021-09-05 01:39:26,655 [455161ce-78be-4281-bc2a-a50d1cad5e43@group-8DE473E54637-SegmentedRaftLogWorker] INFO  segmented.SegmentedRaftLogWorker (SegmentedRaftLogWorker.java:execute(601)) - 455161ce-78be-4281-bc2a-a50d1cad5e43@group-8DE473E54637-SegmentedRaftLogWorker: created new log segment /home/runner/work/ozone/ozone/hadoop-ozone/integration-test/target/test-dir/MiniOzoneClusterImpl-37340386-36af-4fa8-9723-b8f583b28ff6/datanode-3/data/ratis/0c96f688-2ee1-4e37-806d-8de473e54637/current/log_inprogress_0
2021-09-05 01:39:26,675 [grpc-default-executor-2] INFO  segmented.SegmentedRaftLogWorker (SegmentedRaftLogWorker.java:startLogSegment(394)) - a394a97c-7848-4311-a24c-186851f6b492@group-8DE473E54637-SegmentedRaftLogWorker: Starting segment from index:0
2021-09-05 01:39:26,714 [a394a97c-7848-4311-a24c-186851f6b492@group-8DE473E54637-SegmentedRaftLogWorker] INFO  segmented.SegmentedRaftLogWorker (SegmentedRaftLogWorker.java:execute(601)) - a394a97c-7848-4311-a24c-186851f6b492@group-8DE473E54637-SegmentedRaftLogWorker: created new log segment /home/runner/work/ozone/ozone/hadoop-ozone/integration-test/target/test-dir/MiniOzoneClusterImpl-37340386-36af-4fa8-9723-b8f583b28ff6/datanode-4/data/ratis/0c96f688-2ee1-4e37-806d-8de473e54637/current/log_inprogress_0
2021-09-05 01:39:27,025 [grpc-default-executor-2] WARN  server.GrpcLogAppender (LogUtils.java:warn(122)) - fdb9e53e-0679-45da-9a61-20e122f839df@group-FC73588AFD2D->cff69f77-ea12-413c-a988-d2a44a5ca406-AppendLogResponseHandler: Failed appendEntries: org.apache.ratis.thirdparty.io.grpc.StatusRuntimeException: UNAVAILABLE: io exception
2021-09-05 01:39:27,025 [grpc-default-executor-2] WARN  server.GrpcLogAppender (GrpcLogAppender.java:resetClient(111)) - fdb9e53e-0679-45da-9a61-20e122f839df@group-FC73588AFD2D->cff69f77-ea12-413c-a988-d2a44a5ca406-GrpcLogAppender: Leader has not got in touch with Follower fdb9e53e-0679-45da-9a61-20e122f839df@group-FC73588AFD2D->cff69f77-ea12-413c-a988-d2a44a5ca406(c0,m0,n1, attendVote=true, lastRpcSendTime=0, lastRpcResponseTime=12549) yet, just keep nextIndex unchanged and retry.
2021-09-05 01:39:27,566 [grpc-default-executor-2] WARN  server.GrpcLogAppender (LogUtils.java:warn(122)) - be41d154-e08a-4361-999c-a2746058d00f@group-6DE84E8794FA->cff69f77-ea12-413c-a988-d2a44a5ca406-AppendLogResponseHandler: Failed appendEntries: org.apache.ratis.thirdparty.io.grpc.StatusRuntimeException: UNAVAILABLE: io exception
2021-09-05 01:39:27,566 [grpc-default-executor-2] WARN  server.GrpcLogAppender (GrpcLogAppender.java:resetClient(111)) - be41d154-e08a-4361-999c-a2746058d00f@group-6DE84E8794FA->cff69f77-ea12-413c-a988-d2a44a5ca406-GrpcLogAppender: Leader has not got in touch with Follower be41d154-e08a-4361-999c-a2746058d00f@group-6DE84E8794FA->cff69f77-ea12-413c-a988-d2a44a5ca406(c-1,m0,n3, attendVote=true, lastRpcSendTime=2536, lastRpcResponseTime=7938) yet, just keep nextIndex unchanged and retry.
2021-09-05 01:39:28,541 [grpc-default-executor-2] WARN  server.GrpcLogAppender (LogUtils.java:warn(122)) - be41d154-e08a-4361-999c-a2746058d00f@group-C6B97DF9FEBA->cff69f77-ea12-413c-a988-d2a44a5ca406-AppendLogResponseHandler: Failed appendEntries: org.apache.ratis.thirdparty.io.grpc.StatusRuntimeException: UNAVAILABLE: io exception
2021-09-05 01:39:28,542 [grpc-default-executor-2] WARN  server.GrpcLogAppender (GrpcLogAppender.java:resetClient(111)) - be41d154-e08a-4361-999c-a2746058d00f@group-C6B97DF9FEBA->cff69f77-ea12-413c-a988-d2a44a5ca406-GrpcLogAppender: Leader has not got in touch with Follower be41d154-e08a-4361-999c-a2746058d00f@group-C6B97DF9FEBA->cff69f77-ea12-413c-a988-d2a44a5ca406(c0,m0,n1, attendVote=true, lastRpcSendTime=2507, lastRpcResponseTime=12572) yet, just keep nextIndex unchanged and retry.
2021-09-05 01:39:29,559 [grpc-default-executor-2] WARN  server.GrpcLogAppender (LogUtils.java:warn(122)) - fdb9e53e-0679-45da-9a61-20e122f839df@group-FC73588AFD2D->cff69f77-ea12-413c-a988-d2a44a5ca406-AppendLogResponseHandler: Failed appendEntries: org.apache.ratis.thirdparty.io.grpc.StatusRuntimeException: UNAVAILABLE: io exception
2021-09-05 01:39:29,559 [grpc-default-executor-2] WARN  server.GrpcLogAppender (GrpcLogAppender.java:resetClient(111)) - fdb9e53e-0679-45da-9a61-20e122f839df@group-FC73588AFD2D->cff69f77-ea12-413c-a988-d2a44a5ca406-GrpcLogAppender: Leader has not got in touch with Follower fdb9e53e-0679-45da-9a61-20e122f839df@group-FC73588AFD2D->cff69f77-ea12-413c-a988-d2a44a5ca406(c0,m0,n1, attendVote=true, lastRpcSendTime=2534, lastRpcResponseTime=15083) yet, just keep nextIndex unchanged and retry.
2021-09-05 01:39:30,069 [grpc-default-executor-2] WARN  server.GrpcLogAppender (LogUtils.java:warn(122)) - be41d154-e08a-4361-999c-a2746058d00f@group-6DE84E8794FA->cff69f77-ea12-413c-a988-d2a44a5ca406-AppendLogResponseHandler: Failed appendEntries: org.apache.ratis.thirdparty.io.grpc.StatusRuntimeException: UNAVAILABLE: io exception
2021-09-05 01:39:30,070 [grpc-default-executor-2] WARN  server.GrpcLogAppender (GrpcLogAppender.java:resetClient(111)) - be41d154-e08a-4361-999c-a2746058d00f@group-6DE84E8794FA->cff69f77-ea12-413c-a988-d2a44a5ca406-GrpcLogAppender: Leader has not got in touch with Follower be41d154-e08a-4361-999c-a2746058d00f@group-6DE84E8794FA->cff69f77-ea12-413c-a988-d2a44a5ca406(c-1,m0,n3, attendVote=true, lastRpcSendTime=0, lastRpcResponseTime=10442) yet, just keep nextIndex unchanged and retry.
2021-09-05 01:39:30,357 [EventQueue-DeadNodeForDeadNodeHandler] INFO  node.DeadNodeHandler (DeadNodeHandler.java:onMessage(80)) - A dead datanode is detected. cff69f77-ea12-413c-a988-d2a44a5ca406{ip: 10.1.0.25, host: fv-az270-420.tacnzluakwdehk1hpragurqkma.bx.internal.cloudapp.net, ports: [REPLICATION=40651, RATIS=34387, RATIS_ADMIN=34387, RATIS_SERVER=34387, STANDALONE=34759], networkLocation: /default-rack, certSerialId: null, persistedOpState: IN_SERVICE, persistedOpStateExpiryEpochSec: 0}
2021-09-05 01:39:30,357 [EventQueue-DeadNodeForDeadNodeHandler] INFO  pipeline.RatisPipelineProvider (RatisPipelineProvider.java:lambda$close$1(222)) - Send pipeline:PipelineID=b5503130-8cd7-47db-995f-19cec8da33b6 close command to datanode cff69f77-ea12-413c-a988-d2a44a5ca406
2021-09-05 01:39:30,363 [EventQueue-DeadNodeForDeadNodeHandler] INFO  pipeline.PipelineStateManager (PipelineStateManagerV2Impl.java:removePipeline(211)) - Pipeline Pipeline[ Id: b5503130-8cd7-47db-995f-19cec8da33b6, Nodes: cff69f77-ea12-413c-a988-d2a44a5ca406{ip: 10.1.0.25, host: fv-az270-420.tacnzluakwdehk1hpragurqkma.bx.internal.cloudapp.net, ports: [REPLICATION=40651, RATIS=34387, RATIS_ADMIN=34387, RATIS_SERVER=34387, STANDALONE=34759], networkLocation: /default-rack, certSerialId: null, persistedOpState: IN_SERVICE, persistedOpStateExpiryEpochSec: 0}, ReplicationConfig: RATIS/ONE, State:CLOSED, leaderId:cff69f77-ea12-413c-a988-d2a44a5ca406, CreationTimestamp2021-09-05T01:38:59.540Z[Etc/UTC]] removed.
2021-09-05 01:39:30,363 [EventQueue-DeadNodeForDeadNodeHandler] INFO  pipeline.RatisPipelineProvider (RatisPipelineProvider.java:lambda$close$1(222)) - Send pipeline:PipelineID=97e19d54-76f6-4db6-b4a5-fc73588afd2d close command to datanode be41d154-e08a-4361-999c-a2746058d00f
2021-09-05 01:39:30,363 [EventQueue-DeadNodeForDeadNodeHandler] INFO  pipeline.RatisPipelineProvider (RatisPipelineProvider.java:lambda$close$1(222)) - Send pipeline:PipelineID=97e19d54-76f6-4db6-b4a5-fc73588afd2d close command to datanode fdb9e53e-0679-45da-9a61-20e122f839df
2021-09-05 01:39:30,363 [EventQueue-DeadNodeForDeadNodeHandler] INFO  pipeline.RatisPipelineProvider (RatisPipelineProvider.java:lambda$close$1(222)) - Send pipeline:PipelineID=97e19d54-76f6-4db6-b4a5-fc73588afd2d close command to datanode cff69f77-ea12-413c-a988-d2a44a5ca406
2021-09-05 01:39:30,363 [EventQueue-DeadNodeForDeadNodeHandler] INFO  pipeline.PipelineStateManager (PipelineStateManagerV2Impl.java:removePipeline(211)) - Pipeline Pipeline[ Id: 97e19d54-76f6-4db6-b4a5-fc73588afd2d, Nodes: be41d154-e08a-4361-999c-a2746058d00f{ip: 10.1.0.25, host: fv-az270-420.tacnzluakwdehk1hpragurqkma.bx.internal.cloudapp.net, ports: [REPLICATION=33191, RATIS=33043, RATIS_ADMIN=33043, RATIS_SERVER=33043, STANDALONE=37769], networkLocation: /default-rack, certSerialId: null, persistedOpState: IN_SERVICE, persistedOpStateExpiryEpochSec: 0}fdb9e53e-0679-45da-9a61-20e122f839df{ip: 10.1.0.25, host: fv-az270-420.tacnzluakwdehk1hpragurqkma.bx.internal.cloudapp.net, ports: [REPLICATION=45811, RATIS=40867, RATIS_ADMIN=40867, RATIS_SERVER=40867, STANDALONE=43325], networkLocation: /default-rack, certSerialId: null, persistedOpState: IN_SERVICE, persistedOpStateExpiryEpochSec: 0}cff69f77-ea12-413c-a988-d2a44a5ca406{ip: 10.1.0.25, host: fv-az270-420.tacnzluakwdehk1hpragurqkma.bx.internal.cloudapp.net, ports: [REPLICATION=40651, RATIS=34387, RATIS_ADMIN=34387, RATIS_SERVER=34387, STANDALONE=34759], networkLocation: /default-rack, certSerialId: null, persistedOpState: IN_SERVICE, persistedOpStateExpiryEpochSec: 0}, ReplicationConfig: RATIS/THREE, State:CLOSED, leaderId:fdb9e53e-0679-45da-9a61-20e122f839df, CreationTimestamp2021-09-05T01:39:00.740Z[Etc/UTC]] removed.
2021-09-05 01:39:30,363 [EventQueue-DeadNodeForDeadNodeHandler] INFO  pipeline.RatisPipelineProvider (RatisPipelineProvider.java:lambda$close$1(222)) - Send pipeline:PipelineID=804a25d7-b2b5-40eb-8b1c-6de84e8794fa close command to datanode cff69f77-ea12-413c-a988-d2a44a5ca406
2021-09-05 01:39:30,363 [EventQueue-DeadNodeForDeadNodeHandler] INFO  pipeline.RatisPipelineProvider (RatisPipelineProvider.java:lambda$close$1(222)) - Send pipeline:PipelineID=804a25d7-b2b5-40eb-8b1c-6de84e8794fa close command to datanode be41d154-e08a-4361-999c-a2746058d00f
2021-09-05 01:39:30,363 [EventQueue-DeadNodeForDeadNodeHandler] INFO  pipeline.RatisPipelineProvider (RatisPipelineProvider.java:lambda$close$1(222)) - Send pipeline:PipelineID=804a25d7-b2b5-40eb-8b1c-6de84e8794fa close command to datanode fdb9e53e-0679-45da-9a61-20e122f839df
2021-09-05 01:39:30,364 [EventQueue-DeadNodeForDeadNodeHandler] INFO  pipeline.PipelineStateManager (PipelineStateManagerV2Impl.java:removePipeline(211)) - Pipeline Pipeline[ Id: 804a25d7-b2b5-40eb-8b1c-6de84e8794fa, Nodes: cff69f77-ea12-413c-a988-d2a44a5ca406{ip: 10.1.0.25, host: fv-az270-420.tacnzluakwdehk1hpragurqkma.bx.internal.cloudapp.net, ports: [REPLICATION=40651, RATIS=34387, RATIS_ADMIN=34387, RATIS_SERVER=34387, STANDALONE=34759], networkLocation: /default-rack, certSerialId: null, persistedOpState: IN_SERVICE, persistedOpStateExpiryEpochSec: 0}be41d154-e08a-4361-999c-a2746058d00f{ip: 10.1.0.25, host: fv-az270-420.tacnzluakwdehk1hpragurqkma.bx.internal.cloudapp.net, ports: [REPLICATION=33191, RATIS=33043, RATIS_ADMIN=33043, RATIS_SERVER=33043, STANDALONE=37769], networkLocation: /default-rack, certSerialId: null, persistedOpState: IN_SERVICE, persistedOpStateExpiryEpochSec: 0}fdb9e53e-0679-45da-9a61-20e122f839df{ip: 10.1.0.25, host: fv-az270-420.tacnzluakwdehk1hpragurqkma.bx.internal.cloudapp.net, ports: [REPLICATION=45811, RATIS=40867, RATIS_ADMIN=40867, RATIS_SERVER=40867, STANDALONE=43325], networkLocation: /default-rack, certSerialId: null, persistedOpState: IN_SERVICE, persistedOpStateExpiryEpochSec: 0}, ReplicationConfig: RATIS/THREE, State:CLOSED, leaderId:be41d154-e08a-4361-999c-a2746058d00f, CreationTimestamp2021-09-05T01:39:00.741Z[Etc/UTC]] removed.
2021-09-05 01:39:30,364 [EventQueue-DeadNodeForDeadNodeHandler] INFO  pipeline.RatisPipelineProvider (RatisPipelineProvider.java:lambda$close$1(222)) - Send pipeline:PipelineID=61f36f49-61fb-4aab-819c-c6b97df9feba close command to datanode cff69f77-ea12-413c-a988-d2a44a5ca406
2021-09-05 01:39:30,364 [EventQueue-DeadNodeForDeadNodeHandler] INFO  pipeline.RatisPipelineProvider (RatisPipelineProvider.java:lambda$close$1(222)) - Send pipeline:PipelineID=61f36f49-61fb-4aab-819c-c6b97df9feba close command to datanode fdb9e53e-0679-45da-9a61-20e122f839df
2021-09-05 01:39:30,364 [EventQueue-DeadNodeForDeadNodeHandler] INFO  pipeline.RatisPipelineProvider (RatisPipelineProvider.java:lambda$close$1(222)) - Send pipeline:PipelineID=61f36f49-61fb-4aab-819c-c6b97df9feba close command to datanode be41d154-e08a-4361-999c-a2746058d00f
2021-09-05 01:39:30,364 [EventQueue-DeadNodeForDeadNodeHandler] INFO  pipeline.PipelineStateManager (PipelineStateManagerV2Impl.java:removePipeline(211)) - Pipeline Pipeline[ Id: 61f36f49-61fb-4aab-819c-c6b97df9feba, Nodes: cff69f77-ea12-413c-a988-d2a44a5ca406{ip: 10.1.0.25, host: fv-az270-420.tacnzluakwdehk1hpragurqkma.bx.internal.cloudapp.net, ports: [REPLICATION=40651, RATIS=34387, RATIS_ADMIN=34387, RATIS_SERVER=34387, STANDALONE=34759], networkLocation: /default-rack, certSerialId: null, persistedOpState: IN_SERVICE, persistedOpStateExpiryEpochSec: 0}fdb9e53e-0679-45da-9a61-20e122f839df{ip: 10.1.0.25, host: fv-az270-420.tacnzluakwdehk1hpragurqkma.bx.internal.cloudapp.net, ports: [REPLICATION=45811, RATIS=40867, RATIS_ADMIN=40867, RATIS_SERVER=40867, STANDALONE=43325], networkLocation: /default-rack, certSerialId: null, persistedOpState: IN_SERVICE, persistedOpStateExpiryEpochSec: 0}be41d154-e08a-4361-999c-a2746058d00f{ip: 10.1.0.25, host: fv-az270-420.tacnzluakwdehk1hpragurqkma.bx.internal.cloudapp.net, ports: [REPLICATION=33191, RATIS=33043, RATIS_ADMIN=33043, RATIS_SERVER=33043, STANDALONE=37769], networkLocation: /default-rack, certSerialId: null, persistedOpState: IN_SERVICE, persistedOpStateExpiryEpochSec: 0}, ReplicationConfig: RATIS/THREE, State:CLOSED, leaderId:be41d154-e08a-4361-999c-a2746058d00f, CreationTimestamp2021-09-05T01:39:00.739Z[Etc/UTC]] removed.
2021-09-05 01:39:30,365 [EventQueue-DeadNodeForDeadNodeHandler] INFO  net.NetworkTopologyImpl (NetworkTopologyImpl.java:remove(137)) - Removed a node: /default-rack/cff69f77-ea12-413c-a988-d2a44a5ca406
2021-09-05 01:39:31,050 [grpc-default-executor-2] WARN  server.GrpcLogAppender (LogUtils.java:warn(122)) - be41d154-e08a-4361-999c-a2746058d00f@group-C6B97DF9FEBA->cff69f77-ea12-413c-a988-d2a44a5ca406-AppendLogResponseHandler: Failed appendEntries: org.apache.ratis.thirdparty.io.grpc.StatusRuntimeException: UNAVAILABLE: io exception
2021-09-05 01:39:31,050 [grpc-default-executor-2] WARN  server.GrpcLogAppender (GrpcLogAppender.java:resetClient(111)) - be41d154-e08a-4361-999c-a2746058d00f@group-C6B97DF9FEBA->cff69f77-ea12-413c-a988-d2a44a5ca406-GrpcLogAppender: Leader has not got in touch with Follower be41d154-e08a-4361-999c-a2746058d00f@group-C6B97DF9FEBA->cff69f77-ea12-413c-a988-d2a44a5ca406(c0,m0,n1, attendVote=true, lastRpcSendTime=0, lastRpcResponseTime=15080) yet, just keep nextIndex unchanged and retry.
2021-09-05 01:39:31,125 [Command processor thread] INFO  server.RaftServer (RaftServerProxy.java:remove(106)) - fdb9e53e-0679-45da-9a61-20e122f839df: remove    LEADER fdb9e53e-0679-45da-9a61-20e122f839df@group-FC73588AFD2D:t1, leader=fdb9e53e-0679-45da-9a61-20e122f839df, voted=fdb9e53e-0679-45da-9a61-20e122f839df, raftlog=fdb9e53e-0679-45da-9a61-20e122f839df@group-FC73588AFD2D-SegmentedRaftLog:OPENED:c0,f0,i0, conf=0: [fdb9e53e-0679-45da-9a61-20e122f839df|rpc:10.1.0.25:40867|dataStream:|priority:1, cff69f77-ea12-413c-a988-d2a44a5ca406|rpc:10.1.0.25:34387|dataStream:|priority:0, be41d154-e08a-4361-999c-a2746058d00f|rpc:10.1.0.25:33043|dataStream:|priority:0], old=null RUNNING
2021-09-05 01:39:31,125 [Command processor thread] INFO  server.RaftServer$Division (RaftServerImpl.java:lambda$close$4(407)) - fdb9e53e-0679-45da-9a61-20e122f839df@group-FC73588AFD2D: shutdown
2021-09-05 01:39:31,125 [Command processor thread] INFO  util.JmxRegister (JmxRegister.java:unregister(73)) - Successfully un-registered JMX Bean with object name Ratis:service=RaftServer,group=group-FC73588AFD2D,id=fdb9e53e-0679-45da-9a61-20e122f839df
2021-09-05 01:39:31,125 [Command processor thread] INFO  impl.RoleInfo (RoleInfo.java:shutdownLeaderState(91)) - fdb9e53e-0679-45da-9a61-20e122f839df: shutdown fdb9e53e-0679-45da-9a61-20e122f839df@group-FC73588AFD2D-LeaderStateImpl
2021-09-05 01:39:31,126 [Command processor thread] INFO  impl.PendingRequests (PendingRequests.java:sendNotLeaderResponses(282)) - fdb9e53e-0679-45da-9a61-20e122f839df@group-FC73588AFD2D-PendingRequests: sendNotLeaderResponses
2021-09-05 01:39:31,126 [Command processor thread] INFO  impl.StateMachineUpdater (StateMachineUpdater.java:stopAndJoin(149)) - fdb9e53e-0679-45da-9a61-20e122f839df@group-FC73588AFD2D-StateMachineUpdater: set stopIndex = 0
2021-09-05 01:39:31,126 [fdb9e53e-0679-45da-9a61-20e122f839df@group-FC73588AFD2D-StateMachineUpdater] INFO  ratis.ContainerStateMachine (ContainerStateMachine.java:takeSnapshot(292)) - group-FC73588AFD2D: Taking a snapshot at:(t:1, i:0) file /home/runner/work/ozone/ozone/hadoop-ozone/integration-test/target/test-dir/MiniOzoneClusterImpl-37340386-36af-4fa8-9723-b8f583b28ff6/datanode-1/data/ratis/97e19d54-76f6-4db6-b4a5-fc73588afd2d/sm/snapshot.1_0
2021-09-05 01:39:31,127 [fdb9e53e-0679-45da-9a61-20e122f839df@group-FC73588AFD2D->be41d154-e08a-4361-999c-a2746058d00f-GrpcLogAppender-LogAppenderDaemon] WARN  server.GrpcLogAppender (GrpcLogAppender.java:mayWait(175)) - fdb9e53e-0679-45da-9a61-20e122f839df@group-FC73588AFD2D->be41d154-e08a-4361-999c-a2746058d00f-GrpcLogAppender: Wait interrupted by java.lang.InterruptedException
2021-09-05 01:39:31,127 [grpc-default-executor-2] INFO  server.GrpcServerProtocolService (GrpcServerProtocolService.java:onCompleted(140)) - be41d154-e08a-4361-999c-a2746058d00f: Completed APPEND_ENTRIES, lastRequest: fdb9e53e-0679-45da-9a61-20e122f839df->be41d154-e08a-4361-999c-a2746058d00f#1-t1,previous=(t:0, i:0),leaderCommit=-1,initializing? true,entries: size=1, first=(t:1, i:0), CONFIGURATIONENTRY
2021-09-05 01:39:31,127 [fdb9e53e-0679-45da-9a61-20e122f839df@group-FC73588AFD2D-StateMachineUpdater] INFO  ratis.ContainerStateMachine (ContainerStateMachine.java:takeSnapshot(303)) - group-FC73588AFD2D: Finished taking a snapshot at:(t:1, i:0) file:/home/runner/work/ozone/ozone/hadoop-ozone/integration-test/target/test-dir/MiniOzoneClusterImpl-37340386-36af-4fa8-9723-b8f583b28ff6/datanode-1/data/ratis/97e19d54-76f6-4db6-b4a5-fc73588afd2d/sm/snapshot.1_0 took: 1 ms
2021-09-05 01:39:31,128 [fdb9e53e-0679-45da-9a61-20e122f839df@group-FC73588AFD2D-StateMachineUpdater] INFO  impl.StateMachineUpdater (StateMachineUpdater.java:takeSnapshot(281)) - fdb9e53e-0679-45da-9a61-20e122f839df@group-FC73588AFD2D-StateMachineUpdater: Took a snapshot at index 0
2021-09-05 01:39:31,128 [fdb9e53e-0679-45da-9a61-20e122f839df@group-FC73588AFD2D-StateMachineUpdater] INFO  impl.StateMachineUpdater (StateMachineUpdater.java:lambda$new$0(89)) - fdb9e53e-0679-45da-9a61-20e122f839df@group-FC73588AFD2D-StateMachineUpdater: snapshotIndex: updateIncreasingly -1 -> 0
2021-09-05 01:39:31,128 [grpc-default-executor-0] INFO  server.GrpcLogAppender (GrpcLogAppender.java:onCompleted(344)) - fdb9e53e-0679-45da-9a61-20e122f839df@group-FC73588AFD2D->be41d154-e08a-4361-999c-a2746058d00f-AppendLogResponseHandler: follower responses appendEntries COMPLETED
2021-09-05 01:39:31,128 [grpc-default-executor-0] INFO  leader.FollowerInfo (FollowerInfoImpl.java:lambda$new$0(46)) - fdb9e53e-0679-45da-9a61-20e122f839df@group-FC73588AFD2D->be41d154-e08a-4361-999c-a2746058d00f: nextIndex: updateUnconditionally 1 -> 0
2021-09-05 01:39:31,133 [Command processor thread] INFO  server.RaftServer$Division (ServerState.java:close(419)) - fdb9e53e-0679-45da-9a61-20e122f839df@group-FC73588AFD2D: closes. applyIndex: 0
2021-09-05 01:39:31,137 [fdb9e53e-0679-45da-9a61-20e122f839df@group-FC73588AFD2D-SegmentedRaftLogWorker] INFO  segmented.SegmentedRaftLogWorker (SegmentedRaftLogWorker.java:run(327)) - fdb9e53e-0679-45da-9a61-20e122f839df@group-FC73588AFD2D-SegmentedRaftLogWorker was interrupted, exiting. There are 0 tasks remaining in the queue.
2021-09-05 01:39:31,154 [Command processor thread] INFO  segmented.SegmentedRaftLogWorker (SegmentedRaftLogWorker.java:close(237)) - fdb9e53e-0679-45da-9a61-20e122f839df@group-FC73588AFD2D-SegmentedRaftLogWorker close()
2021-09-05 01:39:31,156 [Command processor thread] INFO  server.RaftServer$Division (RaftServerImpl.java:groupRemove(377)) - fdb9e53e-0679-45da-9a61-20e122f839df@group-FC73588AFD2D: Succeed to remove RaftStorageDirectory Storage Directory /home/runner/work/ozone/ozone/hadoop-ozone/integration-test/target/test-dir/MiniOzoneClusterImpl-37340386-36af-4fa8-9723-b8f583b28ff6/datanode-1/data/ratis/97e19d54-76f6-4db6-b4a5-fc73588afd2d
2021-09-05 01:39:31,156 [Command processor thread] INFO  commandhandler.ClosePipelineCommandHandler (ClosePipelineCommandHandler.java:handle(75)) - Close Pipeline PipelineID=97e19d54-76f6-4db6-b4a5-fc73588afd2d command on datanode fdb9e53e-0679-45da-9a61-20e122f839df.
2021-09-05 01:39:31,156 [Command processor thread] INFO  server.RaftServer (RaftServerProxy.java:remove(106)) - fdb9e53e-0679-45da-9a61-20e122f839df: remove  FOLLOWER fdb9e53e-0679-45da-9a61-20e122f839df@group-6DE84E8794FA:t3, leader=be41d154-e08a-4361-999c-a2746058d00f, voted=be41d154-e08a-4361-999c-a2746058d00f, raftlog=fdb9e53e-0679-45da-9a61-20e122f839df@group-6DE84E8794FA-SegmentedRaftLog:OPENED:c2,f2,i2, conf=1: [fdb9e53e-0679-45da-9a61-20e122f839df|rpc:10.1.0.25:40867|dataStream:|priority:0, cff69f77-ea12-413c-a988-d2a44a5ca406|rpc:10.1.0.25:34387|dataStream:|priority:1, be41d154-e08a-4361-999c-a2746058d00f|rpc:10.1.0.25:33043|dataStream:|priority:0], old=null RUNNING
2021-09-05 01:39:31,156 [Command processor thread] INFO  server.RaftServer$Division (RaftServerImpl.java:lambda$close$4(407)) - fdb9e53e-0679-45da-9a61-20e122f839df@group-6DE84E8794FA: shutdown
2021-09-05 01:39:31,157 [Command processor thread] INFO  util.JmxRegister (JmxRegister.java:unregister(73)) - Successfully un-registered JMX Bean with object name Ratis:service=RaftServer,group=group-6DE84E8794FA,id=fdb9e53e-0679-45da-9a61-20e122f839df
2021-09-05 01:39:31,157 [Command processor thread] INFO  impl.RoleInfo (RoleInfo.java:shutdownFollowerState(108)) - fdb9e53e-0679-45da-9a61-20e122f839df: shutdown fdb9e53e-0679-45da-9a61-20e122f839df@group-6DE84E8794FA-FollowerState
2021-09-05 01:39:31,157 [Command processor thread] INFO  impl.StateMachineUpdater (StateMachineUpdater.java:stopAndJoin(149)) - fdb9e53e-0679-45da-9a61-20e122f839df@group-6DE84E8794FA-StateMachineUpdater: set stopIndex = 2
2021-09-05 01:39:31,157 [fdb9e53e-0679-45da-9a61-20e122f839df@group-6DE84E8794FA-FollowerState] INFO  impl.FollowerState (FollowerState.java:run(143)) - fdb9e53e-0679-45da-9a61-20e122f839df@group-6DE84E8794FA-FollowerState was interrupted: {}
java.lang.InterruptedException: sleep interrupted
	at java.lang.Thread.sleep(Native Method)
	at java.lang.Thread.sleep(Thread.java:340)
	at java.util.concurrent.TimeUnit.sleep(TimeUnit.java:386)
	at org.apache.ratis.util.TimeDuration.sleep(TimeDuration.java:324)
	at org.apache.ratis.util.TimeDuration.sleep(TimeDuration.java:309)
	at org.apache.ratis.server.impl.FollowerState.run(FollowerState.java:118)
2021-09-05 01:39:31,157 [fdb9e53e-0679-45da-9a61-20e122f839df@group-6DE84E8794FA-StateMachineUpdater] INFO  ratis.ContainerStateMachine (ContainerStateMachine.java:takeSnapshot(292)) - group-6DE84E8794FA: Taking a snapshot at:(t:3, i:2) file /home/runner/work/ozone/ozone/hadoop-ozone/integration-test/target/test-dir/MiniOzoneClusterImpl-37340386-36af-4fa8-9723-b8f583b28ff6/datanode-1/data/ratis/804a25d7-b2b5-40eb-8b1c-6de84e8794fa/sm/snapshot.3_2
2021-09-05 01:39:31,158 [fdb9e53e-0679-45da-9a61-20e122f839df@group-6DE84E8794FA-StateMachineUpdater] INFO  ratis.ContainerStateMachine (ContainerStateMachine.java:takeSnapshot(303)) - group-6DE84E8794FA: Finished taking a snapshot at:(t:3, i:2) file:/home/runner/work/ozone/ozone/hadoop-ozone/integration-test/target/test-dir/MiniOzoneClusterImpl-37340386-36af-4fa8-9723-b8f583b28ff6/datanode-1/data/ratis/804a25d7-b2b5-40eb-8b1c-6de84e8794fa/sm/snapshot.3_2 took: 1 ms
2021-09-05 01:39:31,158 [fdb9e53e-0679-45da-9a61-20e122f839df@group-6DE84E8794FA-StateMachineUpdater] INFO  impl.StateMachineUpdater (StateMachineUpdater.java:takeSnapshot(281)) - fdb9e53e-0679-45da-9a61-20e122f839df@group-6DE84E8794FA-StateMachineUpdater: Took a snapshot at index 2
2021-09-05 01:39:31,158 [fdb9e53e-0679-45da-9a61-20e122f839df@group-6DE84E8794FA-StateMachineUpdater] INFO  impl.StateMachineUpdater (StateMachineUpdater.java:lambda$new$0(89)) - fdb9e53e-0679-45da-9a61-20e122f839df@group-6DE84E8794FA-StateMachineUpdater: snapshotIndex: updateIncreasingly -1 -> 2
2021-09-05 01:39:31,161 [Command processor thread] INFO  server.RaftServer$Division (ServerState.java:close(419)) - fdb9e53e-0679-45da-9a61-20e122f839df@group-6DE84E8794FA: closes. applyIndex: 2
2021-09-05 01:39:31,161 [fdb9e53e-0679-45da-9a61-20e122f839df@group-6DE84E8794FA-SegmentedRaftLogWorker] INFO  segmented.SegmentedRaftLogWorker (SegmentedRaftLogWorker.java:run(327)) - fdb9e53e-0679-45da-9a61-20e122f839df@group-6DE84E8794FA-SegmentedRaftLogWorker was interrupted, exiting. There are 0 tasks remaining in the queue.
2021-09-05 01:39:31,166 [Command processor thread] INFO  segmented.SegmentedRaftLogWorker (SegmentedRaftLogWorker.java:close(237)) - fdb9e53e-0679-45da-9a61-20e122f839df@group-6DE84E8794FA-SegmentedRaftLogWorker close()
2021-09-05 01:39:31,212 [Command processor thread] INFO  server.RaftServer$Division (RaftServerImpl.java:groupRemove(377)) - fdb9e53e-0679-45da-9a61-20e122f839df@group-6DE84E8794FA: Succeed to remove RaftStorageDirectory Storage Directory /home/runner/work/ozone/ozone/hadoop-ozone/integration-test/target/test-dir/MiniOzoneClusterImpl-37340386-36af-4fa8-9723-b8f583b28ff6/datanode-1/data/ratis/804a25d7-b2b5-40eb-8b1c-6de84e8794fa
2021-09-05 01:39:31,212 [Command processor thread] INFO  commandhandler.ClosePipelineCommandHandler (ClosePipelineCommandHandler.java:handle(75)) - Close Pipeline PipelineID=804a25d7-b2b5-40eb-8b1c-6de84e8794fa command on datanode fdb9e53e-0679-45da-9a61-20e122f839df.
2021-09-05 01:39:31,212 [Command processor thread] INFO  server.RaftServer (RaftServerProxy.java:remove(106)) - fdb9e53e-0679-45da-9a61-20e122f839df: remove  FOLLOWER fdb9e53e-0679-45da-9a61-20e122f839df@group-C6B97DF9FEBA:t2, leader=be41d154-e08a-4361-999c-a2746058d00f, voted=be41d154-e08a-4361-999c-a2746058d00f, raftlog=fdb9e53e-0679-45da-9a61-20e122f839df@group-C6B97DF9FEBA-SegmentedRaftLog:OPENED:c0,f0,i0, conf=0: [fdb9e53e-0679-45da-9a61-20e122f839df|rpc:10.1.0.25:40867|dataStream:|priority:0, cff69f77-ea12-413c-a988-d2a44a5ca406|rpc:10.1.0.25:34387|dataStream:|priority:0, be41d154-e08a-4361-999c-a2746058d00f|rpc:10.1.0.25:33043|dataStream:|priority:1], old=null RUNNING
2021-09-05 01:39:31,212 [Command processor thread] INFO  server.RaftServer$Division (RaftServerImpl.java:lambda$close$4(407)) - fdb9e53e-0679-45da-9a61-20e122f839df@group-C6B97DF9FEBA: shutdown
2021-09-05 01:39:31,212 [Command processor thread] INFO  util.JmxRegister (JmxRegister.java:unregister(73)) - Successfully un-registered JMX Bean with object name Ratis:service=RaftServer,group=group-C6B97DF9FEBA,id=fdb9e53e-0679-45da-9a61-20e122f839df
2021-09-05 01:39:31,212 [Command processor thread] INFO  impl.RoleInfo (RoleInfo.java:shutdownFollowerState(108)) - fdb9e53e-0679-45da-9a61-20e122f839df: shutdown fdb9e53e-0679-45da-9a61-20e122f839df@group-C6B97DF9FEBA-FollowerState
2021-09-05 01:39:31,212 [Command processor thread] INFO  impl.StateMachineUpdater (StateMachineUpdater.java:stopAndJoin(149)) - fdb9e53e-0679-45da-9a61-20e122f839df@group-C6B97DF9FEBA-StateMachineUpdater: set stopIndex = 0
2021-09-05 01:39:31,212 [fdb9e53e-0679-45da-9a61-20e122f839df@group-C6B97DF9FEBA-FollowerState] INFO  impl.FollowerState (FollowerState.java:run(143)) - fdb9e53e-0679-45da-9a61-20e122f839df@group-C6B97DF9FEBA-FollowerState was interrupted: {}
java.lang.InterruptedException: sleep interrupted
	at java.lang.Thread.sleep(Native Method)
	at java.lang.Thread.sleep(Thread.java:340)
	at java.util.concurrent.TimeUnit.sleep(TimeUnit.java:386)
	at org.apache.ratis.util.TimeDuration.sleep(TimeDuration.java:324)
	at org.apache.ratis.util.TimeDuration.sleep(TimeDuration.java:309)
	at org.apache.ratis.server.impl.FollowerState.run(FollowerState.java:118)
2021-09-05 01:39:31,213 [fdb9e53e-0679-45da-9a61-20e122f839df@group-C6B97DF9FEBA-StateMachineUpdater] INFO  ratis.ContainerStateMachine (ContainerStateMachine.java:takeSnapshot(292)) - group-C6B97DF9FEBA: Taking a snapshot at:(t:2, i:0) file /home/runner/work/ozone/ozone/hadoop-ozone/integration-test/target/test-dir/MiniOzoneClusterImpl-37340386-36af-4fa8-9723-b8f583b28ff6/datanode-1/data/ratis/61f36f49-61fb-4aab-819c-c6b97df9feba/sm/snapshot.2_0
2021-09-05 01:39:31,214 [fdb9e53e-0679-45da-9a61-20e122f839df@group-C6B97DF9FEBA-StateMachineUpdater] INFO  ratis.ContainerStateMachine (ContainerStateMachine.java:takeSnapshot(303)) - group-C6B97DF9FEBA: Finished taking a snapshot at:(t:2, i:0) file:/home/runner/work/ozone/ozone/hadoop-ozone/integration-test/target/test-dir/MiniOzoneClusterImpl-37340386-36af-4fa8-9723-b8f583b28ff6/datanode-1/data/ratis/61f36f49-61fb-4aab-819c-c6b97df9feba/sm/snapshot.2_0 took: 1 ms
2021-09-05 01:39:31,214 [fdb9e53e-0679-45da-9a61-20e122f839df@group-C6B97DF9FEBA-StateMachineUpdater] INFO  impl.StateMachineUpdater (StateMachineUpdater.java:takeSnapshot(281)) - fdb9e53e-0679-45da-9a61-20e122f839df@group-C6B97DF9FEBA-StateMachineUpdater: Took a snapshot at index 0
2021-09-05 01:39:31,214 [fdb9e53e-0679-45da-9a61-20e122f839df@group-C6B97DF9FEBA-StateMachineUpdater] INFO  impl.StateMachineUpdater (StateMachineUpdater.java:lambda$new$0(89)) - fdb9e53e-0679-45da-9a61-20e122f839df@group-C6B97DF9FEBA-StateMachineUpdater: snapshotIndex: updateIncreasingly -1 -> 0
2021-09-05 01:39:31,215 [Command processor thread] INFO  server.RaftServer$Division (ServerState.java:close(419)) - fdb9e53e-0679-45da-9a61-20e122f839df@group-C6B97DF9FEBA: closes. applyIndex: 0
2021-09-05 01:39:31,215 [fdb9e53e-0679-45da-9a61-20e122f839df@group-C6B97DF9FEBA-SegmentedRaftLogWorker] INFO  segmented.SegmentedRaftLogWorker (SegmentedRaftLogWorker.java:run(327)) - fdb9e53e-0679-45da-9a61-20e122f839df@group-C6B97DF9FEBA-SegmentedRaftLogWorker was interrupted, exiting. There are 0 tasks remaining in the queue.
2021-09-05 01:39:31,249 [Command processor thread] INFO  segmented.SegmentedRaftLogWorker (SegmentedRaftLogWorker.java:close(237)) - fdb9e53e-0679-45da-9a61-20e122f839df@group-C6B97DF9FEBA-SegmentedRaftLogWorker close()
2021-09-05 01:39:31,257 [Command processor thread] INFO  server.RaftServer$Division (RaftServerImpl.java:groupRemove(377)) - fdb9e53e-0679-45da-9a61-20e122f839df@group-C6B97DF9FEBA: Succeed to remove RaftStorageDirectory Storage Directory /home/runner/work/ozone/ozone/hadoop-ozone/integration-test/target/test-dir/MiniOzoneClusterImpl-37340386-36af-4fa8-9723-b8f583b28ff6/datanode-1/data/ratis/61f36f49-61fb-4aab-819c-c6b97df9feba
2021-09-05 01:39:31,257 [Command processor thread] INFO  commandhandler.ClosePipelineCommandHandler (ClosePipelineCommandHandler.java:handle(75)) - Close Pipeline PipelineID=61f36f49-61fb-4aab-819c-c6b97df9feba command on datanode fdb9e53e-0679-45da-9a61-20e122f839df.
2021-09-05 01:39:31,833 [Command processor thread] INFO  server.RaftServer (RaftServerProxy.java:remove(106)) - be41d154-e08a-4361-999c-a2746058d00f: remove  FOLLOWER be41d154-e08a-4361-999c-a2746058d00f@group-FC73588AFD2D:t1, leader=fdb9e53e-0679-45da-9a61-20e122f839df, voted=fdb9e53e-0679-45da-9a61-20e122f839df, raftlog=be41d154-e08a-4361-999c-a2746058d00f@group-FC73588AFD2D-SegmentedRaftLog:OPENED:c0,f0,i0, conf=0: [fdb9e53e-0679-45da-9a61-20e122f839df|rpc:10.1.0.25:40867|dataStream:|priority:1, cff69f77-ea12-413c-a988-d2a44a5ca406|rpc:10.1.0.25:34387|dataStream:|priority:0, be41d154-e08a-4361-999c-a2746058d00f|rpc:10.1.0.25:33043|dataStream:|priority:0], old=null RUNNING
2021-09-05 01:39:31,833 [Command processor thread] INFO  server.RaftServer$Division (RaftServerImpl.java:lambda$close$4(407)) - be41d154-e08a-4361-999c-a2746058d00f@group-FC73588AFD2D: shutdown
2021-09-05 01:39:31,833 [Command processor thread] INFO  util.JmxRegister (JmxRegister.java:unregister(73)) - Successfully un-registered JMX Bean with object name Ratis:service=RaftServer,group=group-FC73588AFD2D,id=be41d154-e08a-4361-999c-a2746058d00f
2021-09-05 01:39:31,833 [Command processor thread] INFO  impl.RoleInfo (RoleInfo.java:shutdownFollowerState(108)) - be41d154-e08a-4361-999c-a2746058d00f: shutdown be41d154-e08a-4361-999c-a2746058d00f@group-FC73588AFD2D-FollowerState
2021-09-05 01:39:31,833 [Command processor thread] INFO  impl.StateMachineUpdater (StateMachineUpdater.java:stopAndJoin(149)) - be41d154-e08a-4361-999c-a2746058d00f@group-FC73588AFD2D-StateMachineUpdater: set stopIndex = 0
2021-09-05 01:39:31,833 [be41d154-e08a-4361-999c-a2746058d00f@group-FC73588AFD2D-FollowerState] INFO  impl.FollowerState (FollowerState.java:run(143)) - be41d154-e08a-4361-999c-a2746058d00f@group-FC73588AFD2D-FollowerState was interrupted: {}
java.lang.InterruptedException: sleep interrupted
	at java.lang.Thread.sleep(Native Method)
	at java.lang.Thread.sleep(Thread.java:340)
	at java.util.concurrent.TimeUnit.sleep(TimeUnit.java:386)
	at org.apache.ratis.util.TimeDuration.sleep(TimeDuration.java:324)
	at org.apache.ratis.util.TimeDuration.sleep(TimeDuration.java:309)
	at org.apache.ratis.server.impl.FollowerState.run(FollowerState.java:118)
2021-09-05 01:39:31,834 [be41d154-e08a-4361-999c-a2746058d00f@group-FC73588AFD2D-StateMachineUpdater] INFO  ratis.ContainerStateMachine (ContainerStateMachine.java:takeSnapshot(292)) - group-FC73588AFD2D: Taking a snapshot at:(t:1, i:0) file /home/runner/work/ozone/ozone/hadoop-ozone/integration-test/target/test-dir/MiniOzoneClusterImpl-37340386-36af-4fa8-9723-b8f583b28ff6/datanode-2/data/ratis/97e19d54-76f6-4db6-b4a5-fc73588afd2d/sm/snapshot.1_0
2021-09-05 01:39:31,835 [be41d154-e08a-4361-999c-a2746058d00f@group-FC73588AFD2D-StateMachineUpdater] INFO  ratis.ContainerStateMachine (ContainerStateMachine.java:takeSnapshot(303)) - group-FC73588AFD2D: Finished taking a snapshot at:(t:1, i:0) file:/home/runner/work/ozone/ozone/hadoop-ozone/integration-test/target/test-dir/MiniOzoneClusterImpl-37340386-36af-4fa8-9723-b8f583b28ff6/datanode-2/data/ratis/97e19d54-76f6-4db6-b4a5-fc73588afd2d/sm/snapshot.1_0 took: 1 ms
2021-09-05 01:39:31,835 [be41d154-e08a-4361-999c-a2746058d00f@group-FC73588AFD2D-StateMachineUpdater] INFO  impl.StateMachineUpdater (StateMachineUpdater.java:takeSnapshot(281)) - be41d154-e08a-4361-999c-a2746058d00f@group-FC73588AFD2D-StateMachineUpdater: Took a snapshot at index 0
2021-09-05 01:39:31,835 [be41d154-e08a-4361-999c-a2746058d00f@group-FC73588AFD2D-StateMachineUpdater] INFO  impl.StateMachineUpdater (StateMachineUpdater.java:lambda$new$0(89)) - be41d154-e08a-4361-999c-a2746058d00f@group-FC73588AFD2D-StateMachineUpdater: snapshotIndex: updateIncreasingly -1 -> 0
2021-09-05 01:39:31,835 [Command processor thread] INFO  server.RaftServer$Division (ServerState.java:close(419)) - be41d154-e08a-4361-999c-a2746058d00f@group-FC73588AFD2D: closes. applyIndex: 0
2021-09-05 01:39:31,836 [be41d154-e08a-4361-999c-a2746058d00f@group-FC73588AFD2D-SegmentedRaftLogWorker] INFO  segmented.SegmentedRaftLogWorker (SegmentedRaftLogWorker.java:run(327)) - be41d154-e08a-4361-999c-a2746058d00f@group-FC73588AFD2D-SegmentedRaftLogWorker was interrupted, exiting. There are 0 tasks remaining in the queue.
2021-09-05 01:39:31,838 [Command processor thread] INFO  segmented.SegmentedRaftLogWorker (SegmentedRaftLogWorker.java:close(237)) - be41d154-e08a-4361-999c-a2746058d00f@group-FC73588AFD2D-SegmentedRaftLogWorker close()
2021-09-05 01:39:31,840 [Command processor thread] INFO  server.RaftServer$Division (RaftServerImpl.java:groupRemove(377)) - be41d154-e08a-4361-999c-a2746058d00f@group-FC73588AFD2D: Succeed to remove RaftStorageDirectory Storage Directory /home/runner/work/ozone/ozone/hadoop-ozone/integration-test/target/test-dir/MiniOzoneClusterImpl-37340386-36af-4fa8-9723-b8f583b28ff6/datanode-2/data/ratis/97e19d54-76f6-4db6-b4a5-fc73588afd2d
2021-09-05 01:39:31,840 [Command processor thread] INFO  commandhandler.ClosePipelineCommandHandler (ClosePipelineCommandHandler.java:handle(75)) - Close Pipeline PipelineID=97e19d54-76f6-4db6-b4a5-fc73588afd2d command on datanode be41d154-e08a-4361-999c-a2746058d00f.
2021-09-05 01:39:31,840 [Command processor thread] INFO  server.RaftServer (RaftServerProxy.java:remove(106)) - be41d154-e08a-4361-999c-a2746058d00f: remove    LEADER be41d154-e08a-4361-999c-a2746058d00f@group-6DE84E8794FA:t3, leader=be41d154-e08a-4361-999c-a2746058d00f, voted=be41d154-e08a-4361-999c-a2746058d00f, raftlog=be41d154-e08a-4361-999c-a2746058d00f@group-6DE84E8794FA-SegmentedRaftLog:OPENED:c2,f2,i2, conf=1: [fdb9e53e-0679-45da-9a61-20e122f839df|rpc:10.1.0.25:40867|dataStream:|priority:0, cff69f77-ea12-413c-a988-d2a44a5ca406|rpc:10.1.0.25:34387|dataStream:|priority:1, be41d154-e08a-4361-999c-a2746058d00f|rpc:10.1.0.25:33043|dataStream:|priority:0], old=null RUNNING
2021-09-05 01:39:31,840 [Command processor thread] INFO  server.RaftServer$Division (RaftServerImpl.java:lambda$close$4(407)) - be41d154-e08a-4361-999c-a2746058d00f@group-6DE84E8794FA: shutdown
2021-09-05 01:39:31,840 [Command processor thread] INFO  util.JmxRegister (JmxRegister.java:unregister(73)) - Successfully un-registered JMX Bean with object name Ratis:service=RaftServer,group=group-6DE84E8794FA,id=be41d154-e08a-4361-999c-a2746058d00f
2021-09-05 01:39:31,840 [Command processor thread] INFO  impl.RoleInfo (RoleInfo.java:shutdownLeaderState(91)) - be41d154-e08a-4361-999c-a2746058d00f: shutdown be41d154-e08a-4361-999c-a2746058d00f@group-6DE84E8794FA-LeaderStateImpl
2021-09-05 01:39:31,841 [be41d154-e08a-4361-999c-a2746058d00f@group-6DE84E8794FA->fdb9e53e-0679-45da-9a61-20e122f839df-GrpcLogAppender-LogAppenderDaemon] WARN  server.GrpcLogAppender (GrpcLogAppender.java:mayWait(175)) - be41d154-e08a-4361-999c-a2746058d00f@group-6DE84E8794FA->fdb9e53e-0679-45da-9a61-20e122f839df-GrpcLogAppender: Wait interrupted by java.lang.InterruptedException
2021-09-05 01:39:31,841 [grpc-default-executor-0] INFO  server.GrpcServerProtocolService (GrpcServerProtocolService.java:onCompleted(140)) - fdb9e53e-0679-45da-9a61-20e122f839df: Completed APPEND_ENTRIES, lastRequest: be41d154-e08a-4361-999c-a2746058d00f->fdb9e53e-0679-45da-9a61-20e122f839df#2-t3,previous=(t:3, i:1),leaderCommit=1,initializing? true,entries: size=1, first=(t:3, i:2), METADATAENTRY(c:1)
2021-09-05 01:39:31,841 [grpc-default-executor-2] INFO  server.GrpcLogAppender (GrpcLogAppender.java:onCompleted(344)) - be41d154-e08a-4361-999c-a2746058d00f@group-6DE84E8794FA->fdb9e53e-0679-45da-9a61-20e122f839df-AppendLogResponseHandler: follower responses appendEntries COMPLETED
2021-09-05 01:39:31,841 [Command processor thread] INFO  impl.PendingRequests (PendingRequests.java:sendNotLeaderResponses(282)) - be41d154-e08a-4361-999c-a2746058d00f@group-6DE84E8794FA-PendingRequests: sendNotLeaderResponses
2021-09-05 01:39:31,842 [grpc-default-executor-2] INFO  leader.FollowerInfo (FollowerInfoImpl.java:lambda$new$0(46)) - be41d154-e08a-4361-999c-a2746058d00f@group-6DE84E8794FA->fdb9e53e-0679-45da-9a61-20e122f839df: nextIndex: updateUnconditionally 3 -> 2
2021-09-05 01:39:31,843 [be41d154-e08a-4361-999c-a2746058d00f@group-6DE84E8794FA-StateMachineUpdater] INFO  ratis.ContainerStateMachine (ContainerStateMachine.java:takeSnapshot(292)) - group-6DE84E8794FA: Taking a snapshot at:(t:3, i:2) file /home/runner/work/ozone/ozone/hadoop-ozone/integration-test/target/test-dir/MiniOzoneClusterImpl-37340386-36af-4fa8-9723-b8f583b28ff6/datanode-2/data/ratis/804a25d7-b2b5-40eb-8b1c-6de84e8794fa/sm/snapshot.3_2
2021-09-05 01:39:31,843 [Command processor thread] INFO  impl.StateMachineUpdater (StateMachineUpdater.java:stopAndJoin(149)) - be41d154-e08a-4361-999c-a2746058d00f@group-6DE84E8794FA-StateMachineUpdater: set stopIndex = 2
2021-09-05 01:39:31,863 [be41d154-e08a-4361-999c-a2746058d00f@group-6DE84E8794FA-StateMachineUpdater] INFO  ratis.ContainerStateMachine (ContainerStateMachine.java:takeSnapshot(303)) - group-6DE84E8794FA: Finished taking a snapshot at:(t:3, i:2) file:/home/runner/work/ozone/ozone/hadoop-ozone/integration-test/target/test-dir/MiniOzoneClusterImpl-37340386-36af-4fa8-9723-b8f583b28ff6/datanode-2/data/ratis/804a25d7-b2b5-40eb-8b1c-6de84e8794fa/sm/snapshot.3_2 took: 21 ms
2021-09-05 01:39:31,863 [be41d154-e08a-4361-999c-a2746058d00f@group-6DE84E8794FA-StateMachineUpdater] INFO  impl.StateMachineUpdater (StateMachineUpdater.java:takeSnapshot(281)) - be41d154-e08a-4361-999c-a2746058d00f@group-6DE84E8794FA-StateMachineUpdater: Took a snapshot at index 2
2021-09-05 01:39:31,863 [be41d154-e08a-4361-999c-a2746058d00f@group-6DE84E8794FA-StateMachineUpdater] INFO  impl.StateMachineUpdater (StateMachineUpdater.java:lambda$new$0(89)) - be41d154-e08a-4361-999c-a2746058d00f@group-6DE84E8794FA-StateMachineUpdater: snapshotIndex: updateIncreasingly -1 -> 2
2021-09-05 01:39:31,864 [Command processor thread] INFO  server.RaftServer$Division (ServerState.java:close(419)) - be41d154-e08a-4361-999c-a2746058d00f@group-6DE84E8794FA: closes. applyIndex: 2
2021-09-05 01:39:31,867 [be41d154-e08a-4361-999c-a2746058d00f@group-6DE84E8794FA-SegmentedRaftLogWorker] INFO  segmented.SegmentedRaftLogWorker (SegmentedRaftLogWorker.java:run(327)) - be41d154-e08a-4361-999c-a2746058d00f@group-6DE84E8794FA-SegmentedRaftLogWorker was interrupted, exiting. There are 0 tasks remaining in the queue.
2021-09-05 01:39:31,868 [Command processor thread] INFO  segmented.SegmentedRaftLogWorker (SegmentedRaftLogWorker.java:close(237)) - be41d154-e08a-4361-999c-a2746058d00f@group-6DE84E8794FA-SegmentedRaftLogWorker close()
2021-09-05 01:39:31,870 [Command processor thread] INFO  server.RaftServer$Division (RaftServerImpl.java:groupRemove(377)) - be41d154-e08a-4361-999c-a2746058d00f@group-6DE84E8794FA: Succeed to remove RaftStorageDirectory Storage Directory /home/runner/work/ozone/ozone/hadoop-ozone/integration-test/target/test-dir/MiniOzoneClusterImpl-37340386-36af-4fa8-9723-b8f583b28ff6/datanode-2/data/ratis/804a25d7-b2b5-40eb-8b1c-6de84e8794fa
2021-09-05 01:39:31,871 [Command processor thread] INFO  commandhandler.ClosePipelineCommandHandler (ClosePipelineCommandHandler.java:handle(75)) - Close Pipeline PipelineID=804a25d7-b2b5-40eb-8b1c-6de84e8794fa command on datanode be41d154-e08a-4361-999c-a2746058d00f.
2021-09-05 01:39:31,871 [Command processor thread] INFO  server.RaftServer (RaftServerProxy.java:remove(106)) - be41d154-e08a-4361-999c-a2746058d00f: remove    LEADER be41d154-e08a-4361-999c-a2746058d00f@group-C6B97DF9FEBA:t2, leader=be41d154-e08a-4361-999c-a2746058d00f, voted=be41d154-e08a-4361-999c-a2746058d00f, raftlog=be41d154-e08a-4361-999c-a2746058d00f@group-C6B97DF9FEBA-SegmentedRaftLog:OPENED:c0,f0,i0, conf=0: [fdb9e53e-0679-45da-9a61-20e122f839df|rpc:10.1.0.25:40867|dataStream:|priority:0, cff69f77-ea12-413c-a988-d2a44a5ca406|rpc:10.1.0.25:34387|dataStream:|priority:0, be41d154-e08a-4361-999c-a2746058d00f|rpc:10.1.0.25:33043|dataStream:|priority:1], old=null RUNNING
2021-09-05 01:39:31,871 [Command processor thread] INFO  server.RaftServer$Division (RaftServerImpl.java:lambda$close$4(407)) - be41d154-e08a-4361-999c-a2746058d00f@group-C6B97DF9FEBA: shutdown
2021-09-05 01:39:31,871 [Command processor thread] INFO  util.JmxRegister (JmxRegister.java:unregister(73)) - Successfully un-registered JMX Bean with object name Ratis:service=RaftServer,group=group-C6B97DF9FEBA,id=be41d154-e08a-4361-999c-a2746058d00f
2021-09-05 01:39:31,871 [Command processor thread] INFO  impl.RoleInfo (RoleInfo.java:shutdownLeaderState(91)) - be41d154-e08a-4361-999c-a2746058d00f: shutdown be41d154-e08a-4361-999c-a2746058d00f@group-C6B97DF9FEBA-LeaderStateImpl
2021-09-05 01:39:31,871 [Command processor thread] INFO  impl.PendingRequests (PendingRequests.java:sendNotLeaderResponses(282)) - be41d154-e08a-4361-999c-a2746058d00f@group-C6B97DF9FEBA-PendingRequests: sendNotLeaderResponses
2021-09-05 01:39:31,871 [Command processor thread] INFO  impl.StateMachineUpdater (StateMachineUpdater.java:stopAndJoin(149)) - be41d154-e08a-4361-999c-a2746058d00f@group-C6B97DF9FEBA-StateMachineUpdater: set stopIndex = 0
2021-09-05 01:39:31,872 [be41d154-e08a-4361-999c-a2746058d00f@group-C6B97DF9FEBA-StateMachineUpdater] INFO  ratis.ContainerStateMachine (ContainerStateMachine.java:takeSnapshot(292)) - group-C6B97DF9FEBA: Taking a snapshot at:(t:2, i:0) file /home/runner/work/ozone/ozone/hadoop-ozone/integration-test/target/test-dir/MiniOzoneClusterImpl-37340386-36af-4fa8-9723-b8f583b28ff6/datanode-2/data/ratis/61f36f49-61fb-4aab-819c-c6b97df9feba/sm/snapshot.2_0
2021-09-05 01:39:31,872 [be41d154-e08a-4361-999c-a2746058d00f@group-C6B97DF9FEBA->fdb9e53e-0679-45da-9a61-20e122f839df-GrpcLogAppender-LogAppenderDaemon] WARN  server.GrpcLogAppender (GrpcLogAppender.java:mayWait(175)) - be41d154-e08a-4361-999c-a2746058d00f@group-C6B97DF9FEBA->fdb9e53e-0679-45da-9a61-20e122f839df-GrpcLogAppender: Wait interrupted by java.lang.InterruptedException
2021-09-05 01:39:31,881 [be41d154-e08a-4361-999c-a2746058d00f@group-C6B97DF9FEBA-StateMachineUpdater] INFO  ratis.ContainerStateMachine (ContainerStateMachine.java:takeSnapshot(303)) - group-C6B97DF9FEBA: Finished taking a snapshot at:(t:2, i:0) file:/home/runner/work/ozone/ozone/hadoop-ozone/integration-test/target/test-dir/MiniOzoneClusterImpl-37340386-36af-4fa8-9723-b8f583b28ff6/datanode-2/data/ratis/61f36f49-61fb-4aab-819c-c6b97df9feba/sm/snapshot.2_0 took: 9 ms
2021-09-05 01:39:31,881 [be41d154-e08a-4361-999c-a2746058d00f@group-C6B97DF9FEBA-StateMachineUpdater] INFO  impl.StateMachineUpdater (StateMachineUpdater.java:takeSnapshot(281)) - be41d154-e08a-4361-999c-a2746058d00f@group-C6B97DF9FEBA-StateMachineUpdater: Took a snapshot at index 0
2021-09-05 01:39:31,881 [be41d154-e08a-4361-999c-a2746058d00f@group-C6B97DF9FEBA-StateMachineUpdater] INFO  impl.StateMachineUpdater (StateMachineUpdater.java:lambda$new$0(89)) - be41d154-e08a-4361-999c-a2746058d00f@group-C6B97DF9FEBA-StateMachineUpdater: snapshotIndex: updateIncreasingly -1 -> 0
2021-09-05 01:39:31,881 [grpc-default-executor-2] INFO  server.GrpcServerProtocolService (GrpcServerProtocolService.java:onCompleted(140)) - fdb9e53e-0679-45da-9a61-20e122f839df: Completed APPEND_ENTRIES, lastRequest: be41d154-e08a-4361-999c-a2746058d00f->fdb9e53e-0679-45da-9a61-20e122f839df#1-t2,previous=(t:0, i:0),leaderCommit=0,initializing? true,entries: size=1, first=(t:2, i:0), CONFIGURATIONENTRY
2021-09-05 01:39:31,883 [grpc-default-executor-0] INFO  server.GrpcLogAppender (GrpcLogAppender.java:onCompleted(344)) - be41d154-e08a-4361-999c-a2746058d00f@group-C6B97DF9FEBA->fdb9e53e-0679-45da-9a61-20e122f839df-AppendLogResponseHandler: follower responses appendEntries COMPLETED
2021-09-05 01:39:31,883 [grpc-default-executor-0] INFO  leader.FollowerInfo (FollowerInfoImpl.java:lambda$new$0(46)) - be41d154-e08a-4361-999c-a2746058d00f@group-C6B97DF9FEBA->fdb9e53e-0679-45da-9a61-20e122f839df: nextIndex: updateUnconditionally 1 -> 0
2021-09-05 01:39:31,886 [Command processor thread] INFO  server.RaftServer$Division (ServerState.java:close(419)) - be41d154-e08a-4361-999c-a2746058d00f@group-C6B97DF9FEBA: closes. applyIndex: 0
2021-09-05 01:39:31,886 [be41d154-e08a-4361-999c-a2746058d00f@group-C6B97DF9FEBA-SegmentedRaftLogWorker] INFO  segmented.SegmentedRaftLogWorker (SegmentedRaftLogWorker.java:run(327)) - be41d154-e08a-4361-999c-a2746058d00f@group-C6B97DF9FEBA-SegmentedRaftLogWorker was interrupted, exiting. There are 0 tasks remaining in the queue.
2021-09-05 01:39:31,890 [Command processor thread] INFO  segmented.SegmentedRaftLogWorker (SegmentedRaftLogWorker.java:close(237)) - be41d154-e08a-4361-999c-a2746058d00f@group-C6B97DF9FEBA-SegmentedRaftLogWorker close()
2021-09-05 01:39:31,897 [Command processor thread] INFO  server.RaftServer$Division (RaftServerImpl.java:groupRemove(377)) - be41d154-e08a-4361-999c-a2746058d00f@group-C6B97DF9FEBA: Succeed to remove RaftStorageDirectory Storage Directory /home/runner/work/ozone/ozone/hadoop-ozone/integration-test/target/test-dir/MiniOzoneClusterImpl-37340386-36af-4fa8-9723-b8f583b28ff6/datanode-2/data/ratis/61f36f49-61fb-4aab-819c-c6b97df9feba
2021-09-05 01:39:31,897 [Command processor thread] INFO  commandhandler.ClosePipelineCommandHandler (ClosePipelineCommandHandler.java:handle(75)) - Close Pipeline PipelineID=61f36f49-61fb-4aab-819c-c6b97df9feba command on datanode be41d154-e08a-4361-999c-a2746058d00f.
2021-09-05 01:39:49,569 [Listener at 127.0.0.1/33945] WARN  io.KeyOutputStream (KeyOutputStream.java:handleException(318)) - Encountered exception java.io.IOException: Unexpected Storage Container Exception: java.util.concurrent.CompletionException: Failed to write chunk 107544261427200001_chunk_6 into block conID: 1 locID: 107544261427200001 bcsId: 10 on the pipeline Pipeline[ Id: b5503130-8cd7-47db-995f-19cec8da33b6, Nodes: cff69f77-ea12-413c-a988-d2a44a5ca406{ip: 10.1.0.25, host: fv-az270-420.tacnzluakwdehk1hpragurqkma.bx.internal.cloudapp.net, ports: [REPLICATION=40651, RATIS=34387, RATIS_ADMIN=34387, RATIS_SERVER=34387, STANDALONE=34759], networkLocation: /default-rack, certSerialId: null, persistedOpState: IN_SERVICE, persistedOpStateExpiryEpochSec: 0}, ReplicationConfig: RATIS/ONE, State:OPEN, leaderId:cff69f77-ea12-413c-a988-d2a44a5ca406, CreationTimestamp2021-09-05T01:38:59.540Z[Etc/UTC]]. The last committed block length is 500, uncommitted data length is 300 retry count 0
2021-09-05 01:39:49,877 [Datanode State Machine Thread - 0] WARN  statemachine.StateContext (StateContext.java:execute(621)) - No available thread in pool for past 1 seconds.
2021-09-05 01:39:50,101 [Listener at 127.0.0.1/33945] WARN  impl.MetricRegistriesImpl (MetricRegistriesImpl.java:addReporterRegistration(111)) - New reporters are added after registries were created. Some metrics will be missing from the reporter. Please add reporter before adding any new registry.
2021-09-05 01:39:50,101 [Listener at 127.0.0.1/33945] WARN  impl.MetricRegistriesImpl (MetricRegistriesImpl.java:addReporterRegistration(111)) - New reporters are added after registries were created. Some metrics will be missing from the reporter. Please add reporter before adding any new registry.
2021-09-05 01:39:50,101 [Listener at 127.0.0.1/33945] INFO  impl.MetricsSystemImpl (MetricsSystemImpl.java:init(158)) - HddsDatanode metrics system started (again)
2021-09-05 01:39:50,131 [Listener at 127.0.0.1/33945] INFO  ozone.HddsDatanodeService (HddsDatanodeService.java:start(234)) - HddsDatanodeService host:fv-az270-420.tacnzluakwdehk1hpragurqkma.bx.internal.cloudapp.net ip:10.1.0.25
2021-09-05 01:39:50,210 [Listener at 127.0.0.1/33945] INFO  upgrade.AbstractLayoutVersionManager (AbstractLayoutVersionManager.java:init(70)) - Initializing Layout version manager with metadata layout = SCM_HA (version = 2), software layout = SCM_HA (version = 2)
2021-09-05 01:39:50,357 [Listener at 127.0.0.1/33945] INFO  reflections.Reflections (Reflections.java:scan(232)) - Reflections took 146 ms to scan 7 urls, producing 120 keys and 275 values 
2021-09-05 01:39:50,403 [Listener at 127.0.0.1/33945] INFO  volume.HddsVolume (HddsVolume.java:<init>(120)) - Creating HddsVolume: /home/runner/work/ozone/ozone/hadoop-ozone/integration-test/target/test-dir/MiniOzoneClusterImpl-37340386-36af-4fa8-9723-b8f583b28ff6/datanode-0/data-0/containers/hdds of storage type : DISK capacity : 9223372036854775807
2021-09-05 01:39:50,403 [Listener at 127.0.0.1/33945] INFO  volume.MutableVolumeSet (MutableVolumeSet.java:initializeVolumeSet(181)) - Added Volume : /home/runner/work/ozone/ozone/hadoop-ozone/integration-test/target/test-dir/MiniOzoneClusterImpl-37340386-36af-4fa8-9723-b8f583b28ff6/datanode-0/data-0/containers/hdds to VolumeSet
2021-09-05 01:39:50,403 [Listener at 127.0.0.1/33945] INFO  volume.ThrottledAsyncChecker (ThrottledAsyncChecker.java:schedule(141)) - Scheduling a check for /home/runner/work/ozone/ozone/hadoop-ozone/integration-test/target/test-dir/MiniOzoneClusterImpl-37340386-36af-4fa8-9723-b8f583b28ff6/datanode-0/data-0/containers/hdds
2021-09-05 01:39:50,404 [Listener at 127.0.0.1/33945] INFO  volume.StorageVolumeChecker (StorageVolumeChecker.java:checkAllVolumes(202)) - Scheduled health check for volume /home/runner/work/ozone/ozone/hadoop-ozone/integration-test/target/test-dir/MiniOzoneClusterImpl-37340386-36af-4fa8-9723-b8f583b28ff6/datanode-0/data-0/containers/hdds
2021-09-05 01:39:50,461 [Listener at 127.0.0.1/33945] INFO  volume.MutableVolumeSet (MutableVolumeSet.java:initializeVolumeSet(181)) - Added Volume : /home/runner/work/ozone/ozone/hadoop-ozone/integration-test/target/test-dir/MiniOzoneClusterImpl-37340386-36af-4fa8-9723-b8f583b28ff6/datanode-0/data/ratis to VolumeSet
2021-09-05 01:39:50,477 [Listener at 127.0.0.1/33945] INFO  volume.ThrottledAsyncChecker (ThrottledAsyncChecker.java:schedule(141)) - Scheduling a check for /home/runner/work/ozone/ozone/hadoop-ozone/integration-test/target/test-dir/MiniOzoneClusterImpl-37340386-36af-4fa8-9723-b8f583b28ff6/datanode-0/data/ratis
2021-09-05 01:39:50,477 [Listener at 127.0.0.1/33945] INFO  volume.StorageVolumeChecker (StorageVolumeChecker.java:checkAllVolumes(202)) - Scheduled health check for volume /home/runner/work/ozone/ozone/hadoop-ozone/integration-test/target/test-dir/MiniOzoneClusterImpl-37340386-36af-4fa8-9723-b8f583b28ff6/datanode-0/data/ratis
2021-09-05 01:39:50,548 [Listener at 127.0.0.1/33945] INFO  ozoneimpl.ContainerReader (ContainerReader.java:<init>(98)) - Running in upgrade mode:true
2021-09-05 01:39:50,549 [Thread-2073] INFO  ozoneimpl.ContainerReader (ContainerReader.java:readVolume(142)) - Start to verify containers on volume /home/runner/work/ozone/ozone/hadoop-ozone/integration-test/target/test-dir/MiniOzoneClusterImpl-37340386-36af-4fa8-9723-b8f583b28ff6/datanode-0/data-0/containers/hdds
2021-09-05 01:39:50,659 [Thread-2073] INFO  ozoneimpl.ContainerReader (ContainerReader.java:readVolume(174)) - Finish verifying containers on volume /home/runner/work/ozone/ozone/hadoop-ozone/integration-test/target/test-dir/MiniOzoneClusterImpl-37340386-36af-4fa8-9723-b8f583b28ff6/datanode-0/data-0/containers/hdds
2021-09-05 01:39:50,661 [Listener at 127.0.0.1/33945] INFO  ozoneimpl.OzoneContainer (OzoneContainer.java:buildContainerSet(237)) - Build ContainerSet costs 0s
2021-09-05 01:39:50,663 [Listener at 127.0.0.1/33945] INFO  server.RaftServer (ConfUtils.java:logGet(44)) - raft.rpc.type = GRPC (default)
2021-09-05 01:39:50,663 [Listener at 127.0.0.1/33945] INFO  grpc.GrpcFactory (GrpcFactory.java:checkPooledByteBufAllocatorUseCacheForAllThreads(48)) - PERFORMANCE WARNING: useCacheForAllThreads is true that may cause Netty to create a lot garbage objects and, as a result, trigger GC.
	It is recommended to disable useCacheForAllThreads by setting -Dorg.apache.ratis.thirdparty.io.netty.allocator.useCacheForAllThreads=false in command line.
2021-09-05 01:39:50,663 [Listener at 127.0.0.1/33945] INFO  grpc.GrpcConfigKeys (ConfUtils.java:logGet(44)) - raft.grpc.admin.port = 34387 (custom)
2021-09-05 01:39:50,663 [Listener at 127.0.0.1/33945] INFO  grpc.GrpcConfigKeys (ConfUtils.java:logGet(44)) - raft.grpc.client.port = 34387 (custom)
2021-09-05 01:39:50,664 [Listener at 127.0.0.1/33945] INFO  grpc.GrpcConfigKeys (ConfUtils.java:logGet(44)) - raft.grpc.server.port = 34387 (custom)
2021-09-05 01:39:50,664 [Listener at 127.0.0.1/33945] INFO  server.GrpcService (ConfUtils.java:logGet(44)) - raft.grpc.message.size.max = 32MB (=33554432) (custom)
2021-09-05 01:39:50,664 [Listener at 127.0.0.1/33945] INFO  server.RaftServerConfigKeys (ConfUtils.java:logGet(44)) - raft.server.log.appender.buffer.byte-limit = 33554432 (custom)
2021-09-05 01:39:50,664 [Listener at 127.0.0.1/33945] INFO  server.GrpcService (ConfUtils.java:logGet(44)) - raft.grpc.flow.control.window = 5MB (=5242880) (custom)
2021-09-05 01:39:50,664 [Listener at 127.0.0.1/33945] INFO  server.RaftServerConfigKeys (ConfUtils.java:logGet(44)) - raft.server.rpc.request.timeout = 3000ms (default)
2021-09-05 01:39:50,665 [Listener at 127.0.0.1/33945] INFO  impl.DataStreamServerImpl (ConfUtils.java:logGet(44)) - raft.datastream.type = DISABLED (default)
2021-09-05 01:39:50,668 [Listener at 127.0.0.1/33945] INFO  server.RaftServerConfigKeys (ConfUtils.java:logGet(44)) - raft.server.rpc.slowness.timeout = 300000ms (custom)
2021-09-05 01:39:50,668 [Listener at 127.0.0.1/33945] INFO  server.RaftServerConfigKeys (ConfUtils.java:logGet(44)) - raft.server.leaderelection.leader.step-down.wait-time = 10s (default)
2021-09-05 01:39:50,668 [Listener at 127.0.0.1/33945] INFO  server.RaftServerConfigKeys (ConfUtils.java:logGet(44)) - raft.server.storage.dir = [/home/runner/work/ozone/ozone/hadoop-ozone/integration-test/target/test-dir/MiniOzoneClusterImpl-37340386-36af-4fa8-9723-b8f583b28ff6/datanode-0/data/ratis] (custom)
2021-09-05 01:39:50,668 [Listener at 127.0.0.1/33945] INFO  server.RaftServer (RaftServerProxy.java:lambda$null$1(235)) - cff69f77-ea12-413c-a988-d2a44a5ca406: found a subdirectory /home/runner/work/ozone/ozone/hadoop-ozone/integration-test/target/test-dir/MiniOzoneClusterImpl-37340386-36af-4fa8-9723-b8f583b28ff6/datanode-0/data/ratis/97e19d54-76f6-4db6-b4a5-fc73588afd2d
2021-09-05 01:39:50,669 [Listener at 127.0.0.1/33945] INFO  server.RaftServer (RaftServerProxy.java:addNew(95)) - cff69f77-ea12-413c-a988-d2a44a5ca406: addNew group-FC73588AFD2D:[] returns group-FC73588AFD2D:java.util.concurrent.CompletableFuture@2c66cbc7[Not completed]
2021-09-05 01:39:50,669 [Listener at 127.0.0.1/33945] INFO  server.RaftServer (RaftServerProxy.java:lambda$null$1(235)) - cff69f77-ea12-413c-a988-d2a44a5ca406: found a subdirectory /home/runner/work/ozone/ozone/hadoop-ozone/integration-test/target/test-dir/MiniOzoneClusterImpl-37340386-36af-4fa8-9723-b8f583b28ff6/datanode-0/data/ratis/61f36f49-61fb-4aab-819c-c6b97df9feba
2021-09-05 01:39:50,669 [Listener at 127.0.0.1/33945] INFO  server.RaftServer (RaftServerProxy.java:addNew(95)) - cff69f77-ea12-413c-a988-d2a44a5ca406: addNew group-C6B97DF9FEBA:[] returns group-C6B97DF9FEBA:java.util.concurrent.CompletableFuture@614d990[Not completed]
2021-09-05 01:39:50,669 [Listener at 127.0.0.1/33945] INFO  server.RaftServer (RaftServerProxy.java:lambda$null$1(235)) - cff69f77-ea12-413c-a988-d2a44a5ca406: found a subdirectory /home/runner/work/ozone/ozone/hadoop-ozone/integration-test/target/test-dir/MiniOzoneClusterImpl-37340386-36af-4fa8-9723-b8f583b28ff6/datanode-0/data/ratis/b5503130-8cd7-47db-995f-19cec8da33b6
2021-09-05 01:39:50,669 [Listener at 127.0.0.1/33945] INFO  server.RaftServer (RaftServerProxy.java:addNew(95)) - cff69f77-ea12-413c-a988-d2a44a5ca406: addNew group-19CEC8DA33B6:[] returns group-19CEC8DA33B6:java.util.concurrent.CompletableFuture@48221530[Not completed]
2021-09-05 01:39:50,669 [Listener at 127.0.0.1/33945] INFO  server.RaftServer (RaftServerProxy.java:lambda$null$1(235)) - cff69f77-ea12-413c-a988-d2a44a5ca406: found a subdirectory /home/runner/work/ozone/ozone/hadoop-ozone/integration-test/target/test-dir/MiniOzoneClusterImpl-37340386-36af-4fa8-9723-b8f583b28ff6/datanode-0/data/ratis/804a25d7-b2b5-40eb-8b1c-6de84e8794fa
2021-09-05 01:39:50,669 [Listener at 127.0.0.1/33945] INFO  server.RaftServer (RaftServerProxy.java:addNew(95)) - cff69f77-ea12-413c-a988-d2a44a5ca406: addNew group-6DE84E8794FA:[] returns group-6DE84E8794FA:java.util.concurrent.CompletableFuture@4d1b109b[Not completed]
2021-09-05 01:39:50,672 [pool-693-thread-1] INFO  server.RaftServer$Division (RaftServerImpl.java:<init>(181)) - cff69f77-ea12-413c-a988-d2a44a5ca406: new RaftServerImpl for group-FC73588AFD2D:[] with ContainerStateMachine:uninitialized
2021-09-05 01:39:50,676 [pool-693-thread-1] INFO  server.RaftServerConfigKeys (ConfUtils.java:logGet(44)) - raft.server.rpc.timeout.min = 5s (custom)
2021-09-05 01:39:50,676 [pool-693-thread-1] INFO  server.RaftServerConfigKeys (ConfUtils.java:logGet(44)) - raft.server.rpc.timeout.max = 5200ms (custom)
2021-09-05 01:39:50,676 [pool-693-thread-1] INFO  server.RaftServerConfigKeys (ConfUtils.java:logGet(44)) - raft.server.rpc.sleep.time = 25ms (default)
2021-09-05 01:39:50,676 [pool-693-thread-1] INFO  server.RaftServerConfigKeys (ConfUtils.java:logGet(44)) - raft.server.rpc.slowness.timeout = 300000ms (custom)
2021-09-05 01:39:50,676 [pool-693-thread-1] INFO  server.RaftServerConfigKeys (ConfUtils.java:logGet(44)) - raft.server.leaderelection.leader.step-down.wait-time = 10s (default)
2021-09-05 01:39:50,676 [pool-693-thread-1] INFO  server.RaftServerConfigKeys (ConfUtils.java:logGet(44)) - raft.server.sleep.deviation.threshold = 300ms (default)
2021-09-05 01:39:50,676 [pool-693-thread-1] INFO  server.RaftServerConfigKeys (ConfUtils.java:logGet(44)) - raft.server.log.appender.install.snapshot.enabled = false (custom)
2021-09-05 01:39:50,676 [pool-693-thread-1] INFO  server.RaftServer$Division (ServerState.java:<init>(105)) - cff69f77-ea12-413c-a988-d2a44a5ca406@group-FC73588AFD2D: ConfigurationManager, init=-1: [], old=null, confs=<EMPTY_MAP>
2021-09-05 01:39:50,676 [pool-693-thread-1] INFO  server.RaftServerConfigKeys (ConfUtils.java:logGet(44)) - raft.server.storage.dir = [/home/runner/work/ozone/ozone/hadoop-ozone/integration-test/target/test-dir/MiniOzoneClusterImpl-37340386-36af-4fa8-9723-b8f583b28ff6/datanode-0/data/ratis] (custom)
2021-09-05 01:39:50,676 [pool-693-thread-1] INFO  server.RaftServerConfigKeys (ConfUtils.java:logGet(44)) - raft.server.log.corruption.policy = EXCEPTION (default)
2021-09-05 01:39:50,677 [pool-693-thread-1] INFO  server.RaftServerConfigKeys (ConfUtils.java:logGet(44)) - raft.server.storage.free-space.min = 0MB (=0) (default)
2021-09-05 01:39:50,678 [pool-693-thread-1] INFO  storage.RaftStorageDirectory (RaftStorageDirectoryImpl.java:tryLock(230)) - Lock on /home/runner/work/ozone/ozone/hadoop-ozone/integration-test/target/test-dir/MiniOzoneClusterImpl-37340386-36af-4fa8-9723-b8f583b28ff6/datanode-0/data/ratis/97e19d54-76f6-4db6-b4a5-fc73588afd2d/in_use.lock acquired by nodename 19671@fv-az270-420
2021-09-05 01:39:50,678 [pool-693-thread-1] INFO  storage.RaftStorage (RaftStorageImpl.java:analyzeAndRecoverStorage(110)) - Read RaftStorageMetadata{term=1, votedFor=fdb9e53e-0679-45da-9a61-20e122f839df} from /home/runner/work/ozone/ozone/hadoop-ozone/integration-test/target/test-dir/MiniOzoneClusterImpl-37340386-36af-4fa8-9723-b8f583b28ff6/datanode-0/data/ratis/97e19d54-76f6-4db6-b4a5-fc73588afd2d/current/raft-meta
2021-09-05 01:39:50,704 [Listener at 127.0.0.1/33945] INFO  http.BaseHttpServer (BaseHttpServer.java:newHttpServer2BuilderForOzone(209)) - Starting Web-server for hddsDatanode at: http://0.0.0.0:42297
2021-09-05 01:39:50,704 [Listener at 127.0.0.1/33945] INFO  http.BaseHttpServer (BaseHttpServer.java:<init>(107)) - Hadoop Security Enabled: false Ozone Security Enabled: false Ozone HTTP Security Enabled: false 
2021-09-05 01:39:50,705 [Listener at 127.0.0.1/33945] INFO  server.AuthenticationFilter (AuthenticationFilter.java:constructSecretProvider(240)) - Unable to initialize FileSignerSecretProvider, falling back to use random secrets.
2021-09-05 01:39:50,711 [Listener at 127.0.0.1/33945] WARN  http.HttpRequestLog (HttpRequestLog.java:getRequestLog(103)) - Jetty request log can only be enabled using Log4j
2021-09-05 01:39:50,711 [Listener at 127.0.0.1/33945] INFO  http.HttpServer2 (HttpServer2.java:addGlobalFilter(1030)) - Added global filter 'safety' (class=org.apache.hadoop.hdds.server.http.HttpServer2$QuotingInputFilter)
2021-09-05 01:39:50,712 [Listener at 127.0.0.1/33945] INFO  http.HttpServer2 (HttpServer2.java:addFilter(1006)) - Added filter static_user_filter (class=org.apache.hadoop.http.lib.StaticUserWebFilter$StaticUserFilter) to context hddsDatanode
2021-09-05 01:39:50,712 [Listener at 127.0.0.1/33945] INFO  http.HttpServer2 (HttpServer2.java:addFilter(1014)) - Added filter static_user_filter (class=org.apache.hadoop.http.lib.StaticUserWebFilter$StaticUserFilter) to context logs
2021-09-05 01:39:50,712 [Listener at 127.0.0.1/33945] INFO  http.HttpServer2 (HttpServer2.java:addFilter(1014)) - Added filter static_user_filter (class=org.apache.hadoop.http.lib.StaticUserWebFilter$StaticUserFilter) to context static
2021-09-05 01:39:50,712 [Listener at 127.0.0.1/33945] INFO  http.HttpServer2 (HttpServer2.java:bindListener(1249)) - Jetty bound to port 42297
2021-09-05 01:39:50,712 [Listener at 127.0.0.1/33945] INFO  server.Server (Server.java:doStart(375)) - jetty-9.4.43.v20210629; built: 2021-06-30T11:07:22.254Z; git: 526006ecfa3af7f1a27ef3a288e2bef7ea9dd7e8; jvm 1.8.0_292-b10
2021-09-05 01:39:50,717 [pool-693-thread-1] INFO  ratis.ContainerStateMachine (ContainerStateMachine.java:loadSnapshot(233)) - group-FC73588AFD2D: Setting the last applied index to (t:1, i:0)
2021-09-05 01:39:50,717 [pool-693-thread-1] INFO  server.RaftServer$Division (ServerState.java:setRaftConf(387)) - cff69f77-ea12-413c-a988-d2a44a5ca406@group-FC73588AFD2D: set configuration 0: [fdb9e53e-0679-45da-9a61-20e122f839df|rpc:10.1.0.25:40867|dataStream:|priority:1, cff69f77-ea12-413c-a988-d2a44a5ca406|rpc:10.1.0.25:34387|dataStream:|priority:0, be41d154-e08a-4361-999c-a2746058d00f|rpc:10.1.0.25:33043|dataStream:|priority:0], old=null
2021-09-05 01:39:50,718 [pool-693-thread-1] INFO  server.RaftServerConfigKeys (ConfUtils.java:logGet(44)) - raft.server.notification.no-leader.timeout = 300000ms (custom)
2021-09-05 01:39:50,718 [pool-693-thread-1] INFO  server.RaftServerConfigKeys (ConfUtils.java:logGet(44)) - raft.server.log.use.memory = false (default)
2021-09-05 01:39:50,718 [pool-693-thread-1] INFO  server.RaftServerConfigKeys (ConfUtils.java:logGet(44)) - raft.server.log.purge.gap = 1000000 (custom)
2021-09-05 01:39:50,718 [pool-693-thread-1] INFO  server.RaftServerConfigKeys (ConfUtils.java:logGet(44)) - raft.server.log.appender.buffer.byte-limit = 33554432 (custom)
2021-09-05 01:39:50,718 [pool-693-thread-1] INFO  server.RaftServerConfigKeys (ConfUtils.java:logGet(44)) - raft.server.log.segment.size.max = 1048576 (custom)
2021-09-05 01:39:50,718 [pool-693-thread-1] INFO  server.RaftServerConfigKeys (ConfUtils.java:logGet(44)) - raft.server.log.segment.cache.num.max = 2 (custom)
2021-09-05 01:39:50,718 [pool-693-thread-1] INFO  server.RaftServerConfigKeys (ConfUtils.java:logGet(44)) - raft.server.log.segment.cache.size.max = 200MB (=209715200) (default)
2021-09-05 01:39:50,718 [pool-693-thread-1] INFO  segmented.SegmentedRaftLogWorker (SegmentedRaftLogWorker.java:<init>(182)) - new cff69f77-ea12-413c-a988-d2a44a5ca406@group-FC73588AFD2D-SegmentedRaftLogWorker for RaftStorageImpl:Storage Directory /home/runner/work/ozone/ozone/hadoop-ozone/integration-test/target/test-dir/MiniOzoneClusterImpl-37340386-36af-4fa8-9723-b8f583b28ff6/datanode-0/data/ratis/97e19d54-76f6-4db6-b4a5-fc73588afd2d
2021-09-05 01:39:50,718 [pool-693-thread-1] INFO  server.RaftServerConfigKeys (ConfUtils.java:logGet(44)) - raft.server.log.queue.byte-limit = 2147483647 (custom)
2021-09-05 01:39:50,719 [pool-693-thread-1] INFO  server.RaftServerConfigKeys (ConfUtils.java:logGet(44)) - raft.server.log.queue.element-limit = 1024 (custom)
2021-09-05 01:39:50,719 [pool-693-thread-1] INFO  server.RaftServerConfigKeys (ConfUtils.java:logGet(44)) - raft.server.log.segment.size.max = 1048576 (custom)
2021-09-05 01:39:50,719 [pool-693-thread-1] INFO  server.RaftServerConfigKeys (ConfUtils.java:logGet(44)) - raft.server.log.preallocated.size = 16384 (custom)
2021-09-05 01:39:50,719 [pool-693-thread-1] INFO  server.RaftServerConfigKeys (ConfUtils.java:logGet(44)) - raft.server.log.force.sync.num = 128 (default)
2021-09-05 01:39:50,719 [pool-693-thread-1] INFO  server.RaftServerConfigKeys (ConfUtils.java:logGet(44)) - raft.server.log.statemachine.data.sync = true (default)
2021-09-05 01:39:50,719 [pool-693-thread-1] INFO  server.RaftServerConfigKeys (ConfUtils.java:logGet(44)) - raft.server.log.statemachine.data.sync.timeout = 10s (default)
2021-09-05 01:39:50,719 [pool-693-thread-1] INFO  server.RaftServerConfigKeys (ConfUtils.java:logGet(44)) - raft.server.log.statemachine.data.sync.timeout.retry = -1 (default)
2021-09-05 01:39:50,720 [pool-693-thread-1] INFO  server.RaftServerConfigKeys (ConfUtils.java:logGet(44)) - raft.server.log.write.buffer.size = 1048576 (custom)
2021-09-05 01:39:50,721 [pool-693-thread-1] INFO  server.RaftServerConfigKeys (ConfUtils.java:logGet(44)) - raft.server.log.statemachine.data.caching.enabled = true (custom)
2021-09-05 01:39:50,729 [pool-693-thread-1] INFO  server.RaftServer$Division (ServerState.java:setRaftConf(387)) - cff69f77-ea12-413c-a988-d2a44a5ca406@group-FC73588AFD2D: set configuration 0: [fdb9e53e-0679-45da-9a61-20e122f839df|rpc:10.1.0.25:40867|dataStream:|priority:1, cff69f77-ea12-413c-a988-d2a44a5ca406|rpc:10.1.0.25:34387|dataStream:|priority:0, be41d154-e08a-4361-999c-a2746058d00f|rpc:10.1.0.25:33043|dataStream:|priority:0], old=null
2021-09-05 01:39:50,730 [pool-693-thread-1] INFO  segmented.LogSegment (LogSegment.java:loadSegment(173)) - Successfully read 1 entries from segment file /home/runner/work/ozone/ozone/hadoop-ozone/integration-test/target/test-dir/MiniOzoneClusterImpl-37340386-36af-4fa8-9723-b8f583b28ff6/datanode-0/data/ratis/97e19d54-76f6-4db6-b4a5-fc73588afd2d/current/log_inprogress_0
2021-09-05 01:39:50,732 [pool-693-thread-1] INFO  segmented.SegmentedRaftLogWorker (SegmentedRaftLogWorker.java:lambda$new$0(133)) - cff69f77-ea12-413c-a988-d2a44a5ca406@group-FC73588AFD2D-SegmentedRaftLogWorker: flushIndex: setUnconditionally 0 -> 0
2021-09-05 01:39:50,732 [pool-693-thread-1] INFO  segmented.SegmentedRaftLogWorker (SegmentedRaftLogWorker.java:lambda$new$0(133)) - cff69f77-ea12-413c-a988-d2a44a5ca406@group-FC73588AFD2D-SegmentedRaftLogWorker: safeCacheEvictIndex: setUnconditionally 0 -> -1
2021-09-05 01:39:50,733 [pool-693-thread-1] INFO  server.RaftServerConfigKeys (ConfUtils.java:logGet(44)) - raft.server.snapshot.auto.trigger.enabled = true (custom)
2021-09-05 01:39:50,733 [pool-693-thread-1] INFO  server.RaftServerConfigKeys (ConfUtils.java:logGet(44)) - raft.server.snapshot.auto.trigger.threshold = 10000 (custom)
2021-09-05 01:39:50,733 [pool-693-thread-1] INFO  server.RaftServerConfigKeys (ConfUtils.java:logGet(44)) - raft.server.snapshot.retention.file.num = 5 (custom)
2021-09-05 01:39:50,733 [pool-693-thread-1] INFO  server.RaftServerConfigKeys (ConfUtils.java:logGet(44)) - raft.server.log.purge.upto.snapshot.index = false (default)
2021-09-05 01:39:50,733 [pool-693-thread-1] INFO  server.RaftServerConfigKeys (ConfUtils.java:logGet(44)) - raft.server.retrycache.expirytime = 600000ms (custom)
2021-09-05 01:39:50,733 [pool-693-thread-1] INFO  server.RaftServerConfigKeys (ConfUtils.java:logGet(44)) - raft.server.retrycache.statistics.expirytime = 100μs (default)
2021-09-05 01:39:50,742 [pool-693-thread-1] INFO  server.RaftServer$Division (RaftServerImpl.java:<init>(181)) - cff69f77-ea12-413c-a988-d2a44a5ca406: new RaftServerImpl for group-C6B97DF9FEBA:[] with ContainerStateMachine:uninitialized
2021-09-05 01:39:50,742 [pool-693-thread-1] INFO  server.RaftServerConfigKeys (ConfUtils.java:logGet(44)) - raft.server.rpc.timeout.min = 5s (custom)
2021-09-05 01:39:50,742 [pool-693-thread-1] INFO  server.RaftServerConfigKeys (ConfUtils.java:logGet(44)) - raft.server.rpc.timeout.max = 5200ms (custom)
2021-09-05 01:39:50,742 [pool-693-thread-1] INFO  server.RaftServerConfigKeys (ConfUtils.java:logGet(44)) - raft.server.rpc.sleep.time = 25ms (default)
2021-09-05 01:39:50,742 [pool-693-thread-1] INFO  server.RaftServerConfigKeys (ConfUtils.java:logGet(44)) - raft.server.rpc.slowness.timeout = 300000ms (custom)
2021-09-05 01:39:50,742 [pool-693-thread-1] INFO  server.RaftServerConfigKeys (ConfUtils.java:logGet(44)) - raft.server.leaderelection.leader.step-down.wait-time = 10s (default)
2021-09-05 01:39:50,742 [pool-693-thread-1] INFO  server.RaftServerConfigKeys (ConfUtils.java:logGet(44)) - raft.server.sleep.deviation.threshold = 300ms (default)
2021-09-05 01:39:50,742 [pool-693-thread-1] INFO  server.RaftServerConfigKeys (ConfUtils.java:logGet(44)) - raft.server.log.appender.install.snapshot.enabled = false (custom)
2021-09-05 01:39:50,742 [pool-693-thread-1] INFO  server.RaftServer$Division (ServerState.java:<init>(105)) - cff69f77-ea12-413c-a988-d2a44a5ca406@group-C6B97DF9FEBA: ConfigurationManager, init=-1: [], old=null, confs=<EMPTY_MAP>
2021-09-05 01:39:50,742 [pool-693-thread-1] INFO  server.RaftServerConfigKeys (ConfUtils.java:logGet(44)) - raft.server.storage.dir = [/home/runner/work/ozone/ozone/hadoop-ozone/integration-test/target/test-dir/MiniOzoneClusterImpl-37340386-36af-4fa8-9723-b8f583b28ff6/datanode-0/data/ratis] (custom)
2021-09-05 01:39:50,742 [pool-693-thread-1] INFO  server.RaftServerConfigKeys (ConfUtils.java:logGet(44)) - raft.server.log.corruption.policy = EXCEPTION (default)
2021-09-05 01:39:50,742 [pool-693-thread-1] INFO  server.RaftServerConfigKeys (ConfUtils.java:logGet(44)) - raft.server.storage.free-space.min = 0MB (=0) (default)
2021-09-05 01:39:50,744 [pool-693-thread-1] INFO  storage.RaftStorageDirectory (RaftStorageDirectoryImpl.java:tryLock(230)) - Lock on /home/runner/work/ozone/ozone/hadoop-ozone/integration-test/target/test-dir/MiniOzoneClusterImpl-37340386-36af-4fa8-9723-b8f583b28ff6/datanode-0/data/ratis/61f36f49-61fb-4aab-819c-c6b97df9feba/in_use.lock acquired by nodename 19671@fv-az270-420
2021-09-05 01:39:50,744 [pool-693-thread-1] INFO  storage.RaftStorage (RaftStorageImpl.java:analyzeAndRecoverStorage(110)) - Read RaftStorageMetadata{term=2, votedFor=cff69f77-ea12-413c-a988-d2a44a5ca406} from /home/runner/work/ozone/ozone/hadoop-ozone/integration-test/target/test-dir/MiniOzoneClusterImpl-37340386-36af-4fa8-9723-b8f583b28ff6/datanode-0/data/ratis/61f36f49-61fb-4aab-819c-c6b97df9feba/current/raft-meta
2021-09-05 01:39:50,744 [pool-693-thread-1] INFO  ratis.ContainerStateMachine (ContainerStateMachine.java:loadSnapshot(233)) - group-C6B97DF9FEBA: Setting the last applied index to (t:2, i:0)
2021-09-05 01:39:50,744 [pool-693-thread-1] INFO  server.RaftServer$Division (ServerState.java:setRaftConf(387)) - cff69f77-ea12-413c-a988-d2a44a5ca406@group-C6B97DF9FEBA: set configuration 0: [fdb9e53e-0679-45da-9a61-20e122f839df|rpc:10.1.0.25:40867|dataStream:|priority:0, cff69f77-ea12-413c-a988-d2a44a5ca406|rpc:10.1.0.25:34387|dataStream:|priority:0, be41d154-e08a-4361-999c-a2746058d00f|rpc:10.1.0.25:33043|dataStream:|priority:1], old=null
2021-09-05 01:39:50,744 [pool-693-thread-1] INFO  server.RaftServerConfigKeys (ConfUtils.java:logGet(44)) - raft.server.notification.no-leader.timeout = 300000ms (custom)
2021-09-05 01:39:50,744 [pool-693-thread-1] INFO  server.RaftServerConfigKeys (ConfUtils.java:logGet(44)) - raft.server.log.use.memory = false (default)
2021-09-05 01:39:50,744 [pool-693-thread-1] INFO  server.RaftServerConfigKeys (ConfUtils.java:logGet(44)) - raft.server.log.purge.gap = 1000000 (custom)
2021-09-05 01:39:50,744 [pool-693-thread-1] INFO  server.RaftServerConfigKeys (ConfUtils.java:logGet(44)) - raft.server.log.appender.buffer.byte-limit = 33554432 (custom)
2021-09-05 01:39:50,745 [pool-693-thread-1] INFO  server.RaftServerConfigKeys (ConfUtils.java:logGet(44)) - raft.server.log.segment.size.max = 1048576 (custom)
2021-09-05 01:39:50,745 [pool-693-thread-1] INFO  server.RaftServerConfigKeys (ConfUtils.java:logGet(44)) - raft.server.log.segment.cache.num.max = 2 (custom)
2021-09-05 01:39:50,745 [pool-693-thread-1] INFO  server.RaftServerConfigKeys (ConfUtils.java:logGet(44)) - raft.server.log.segment.cache.size.max = 200MB (=209715200) (default)
2021-09-05 01:39:50,745 [pool-693-thread-1] INFO  segmented.SegmentedRaftLogWorker (SegmentedRaftLogWorker.java:<init>(182)) - new cff69f77-ea12-413c-a988-d2a44a5ca406@group-C6B97DF9FEBA-SegmentedRaftLogWorker for RaftStorageImpl:Storage Directory /home/runner/work/ozone/ozone/hadoop-ozone/integration-test/target/test-dir/MiniOzoneClusterImpl-37340386-36af-4fa8-9723-b8f583b28ff6/datanode-0/data/ratis/61f36f49-61fb-4aab-819c-c6b97df9feba
2021-09-05 01:39:50,745 [pool-693-thread-1] INFO  server.RaftServerConfigKeys (ConfUtils.java:logGet(44)) - raft.server.log.queue.byte-limit = 2147483647 (custom)
2021-09-05 01:39:50,745 [pool-693-thread-1] INFO  server.RaftServerConfigKeys (ConfUtils.java:logGet(44)) - raft.server.log.queue.element-limit = 1024 (custom)
2021-09-05 01:39:50,745 [pool-693-thread-1] INFO  server.RaftServerConfigKeys (ConfUtils.java:logGet(44)) - raft.server.log.segment.size.max = 1048576 (custom)
2021-09-05 01:39:50,745 [pool-693-thread-1] INFO  server.RaftServerConfigKeys (ConfUtils.java:logGet(44)) - raft.server.log.preallocated.size = 16384 (custom)
2021-09-05 01:39:50,745 [pool-693-thread-1] INFO  server.RaftServerConfigKeys (ConfUtils.java:logGet(44)) - raft.server.log.force.sync.num = 128 (default)
2021-09-05 01:39:50,745 [pool-693-thread-1] INFO  server.RaftServerConfigKeys (ConfUtils.java:logGet(44)) - raft.server.log.statemachine.data.sync = true (default)
2021-09-05 01:39:50,745 [pool-693-thread-1] INFO  server.RaftServerConfigKeys (ConfUtils.java:logGet(44)) - raft.server.log.statemachine.data.sync.timeout = 10s (default)
2021-09-05 01:39:50,745 [pool-693-thread-1] INFO  server.RaftServerConfigKeys (ConfUtils.java:logGet(44)) - raft.server.log.statemachine.data.sync.timeout.retry = -1 (default)
2021-09-05 01:39:50,747 [pool-693-thread-1] INFO  server.RaftServerConfigKeys (ConfUtils.java:logGet(44)) - raft.server.log.write.buffer.size = 1048576 (custom)
2021-09-05 01:39:50,747 [pool-693-thread-1] INFO  server.RaftServerConfigKeys (ConfUtils.java:logGet(44)) - raft.server.log.statemachine.data.caching.enabled = true (custom)
2021-09-05 01:39:50,748 [pool-693-thread-1] INFO  server.RaftServer$Division (ServerState.java:setRaftConf(387)) - cff69f77-ea12-413c-a988-d2a44a5ca406@group-C6B97DF9FEBA: set configuration 0: [fdb9e53e-0679-45da-9a61-20e122f839df|rpc:10.1.0.25:40867|dataStream:|priority:0, cff69f77-ea12-413c-a988-d2a44a5ca406|rpc:10.1.0.25:34387|dataStream:|priority:0, be41d154-e08a-4361-999c-a2746058d00f|rpc:10.1.0.25:33043|dataStream:|priority:1], old=null
2021-09-05 01:39:50,748 [pool-693-thread-1] INFO  segmented.LogSegment (LogSegment.java:loadSegment(173)) - Successfully read 1 entries from segment file /home/runner/work/ozone/ozone/hadoop-ozone/integration-test/target/test-dir/MiniOzoneClusterImpl-37340386-36af-4fa8-9723-b8f583b28ff6/datanode-0/data/ratis/61f36f49-61fb-4aab-819c-c6b97df9feba/current/log_inprogress_0
2021-09-05 01:39:50,748 [pool-693-thread-1] INFO  segmented.SegmentedRaftLogWorker (SegmentedRaftLogWorker.java:lambda$new$0(133)) - cff69f77-ea12-413c-a988-d2a44a5ca406@group-C6B97DF9FEBA-SegmentedRaftLogWorker: flushIndex: setUnconditionally 0 -> 0
2021-09-05 01:39:50,748 [pool-693-thread-1] INFO  segmented.SegmentedRaftLogWorker (SegmentedRaftLogWorker.java:lambda$new$0(133)) - cff69f77-ea12-413c-a988-d2a44a5ca406@group-C6B97DF9FEBA-SegmentedRaftLogWorker: safeCacheEvictIndex: setUnconditionally 0 -> -1
2021-09-05 01:39:50,753 [pool-693-thread-1] INFO  server.RaftServerConfigKeys (ConfUtils.java:logGet(44)) - raft.server.snapshot.auto.trigger.enabled = true (custom)
2021-09-05 01:39:50,753 [pool-693-thread-1] INFO  server.RaftServerConfigKeys (ConfUtils.java:logGet(44)) - raft.server.snapshot.auto.trigger.threshold = 10000 (custom)
2021-09-05 01:39:50,753 [pool-693-thread-1] INFO  server.RaftServerConfigKeys (ConfUtils.java:logGet(44)) - raft.server.snapshot.retention.file.num = 5 (custom)
2021-09-05 01:39:50,753 [pool-693-thread-1] INFO  server.RaftServerConfigKeys (ConfUtils.java:logGet(44)) - raft.server.log.purge.upto.snapshot.index = false (default)
2021-09-05 01:39:50,753 [pool-693-thread-1] INFO  server.RaftServerConfigKeys (ConfUtils.java:logGet(44)) - raft.server.retrycache.expirytime = 600000ms (custom)
2021-09-05 01:39:50,753 [pool-693-thread-1] INFO  server.RaftServerConfigKeys (ConfUtils.java:logGet(44)) - raft.server.retrycache.statistics.expirytime = 100μs (default)
2021-09-05 01:39:50,755 [pool-693-thread-1] INFO  server.RaftServer$Division (RaftServerImpl.java:<init>(181)) - cff69f77-ea12-413c-a988-d2a44a5ca406: new RaftServerImpl for group-19CEC8DA33B6:[] with ContainerStateMachine:uninitialized
2021-09-05 01:39:50,755 [pool-693-thread-1] INFO  server.RaftServerConfigKeys (ConfUtils.java:logGet(44)) - raft.server.rpc.timeout.min = 5s (custom)
2021-09-05 01:39:50,755 [pool-693-thread-1] INFO  server.RaftServerConfigKeys (ConfUtils.java:logGet(44)) - raft.server.rpc.timeout.max = 5200ms (custom)
2021-09-05 01:39:50,755 [pool-693-thread-1] INFO  server.RaftServerConfigKeys (ConfUtils.java:logGet(44)) - raft.server.rpc.sleep.time = 25ms (default)
2021-09-05 01:39:50,755 [pool-693-thread-1] INFO  server.RaftServerConfigKeys (ConfUtils.java:logGet(44)) - raft.server.rpc.slowness.timeout = 300000ms (custom)
2021-09-05 01:39:50,755 [pool-693-thread-1] INFO  server.RaftServerConfigKeys (ConfUtils.java:logGet(44)) - raft.server.leaderelection.leader.step-down.wait-time = 10s (default)
2021-09-05 01:39:50,755 [pool-693-thread-1] INFO  server.RaftServerConfigKeys (ConfUtils.java:logGet(44)) - raft.server.sleep.deviation.threshold = 300ms (default)
2021-09-05 01:39:50,755 [pool-693-thread-1] INFO  server.RaftServerConfigKeys (ConfUtils.java:logGet(44)) - raft.server.log.appender.install.snapshot.enabled = false (custom)
2021-09-05 01:39:50,755 [pool-693-thread-1] INFO  server.RaftServer$Division (ServerState.java:<init>(105)) - cff69f77-ea12-413c-a988-d2a44a5ca406@group-19CEC8DA33B6: ConfigurationManager, init=-1: [], old=null, confs=<EMPTY_MAP>
2021-09-05 01:39:50,755 [pool-693-thread-1] INFO  server.RaftServerConfigKeys (ConfUtils.java:logGet(44)) - raft.server.storage.dir = [/home/runner/work/ozone/ozone/hadoop-ozone/integration-test/target/test-dir/MiniOzoneClusterImpl-37340386-36af-4fa8-9723-b8f583b28ff6/datanode-0/data/ratis] (custom)
2021-09-05 01:39:50,755 [pool-693-thread-1] INFO  server.RaftServerConfigKeys (ConfUtils.java:logGet(44)) - raft.server.log.corruption.policy = EXCEPTION (default)
2021-09-05 01:39:50,756 [pool-693-thread-1] INFO  server.RaftServerConfigKeys (ConfUtils.java:logGet(44)) - raft.server.storage.free-space.min = 0MB (=0) (default)
2021-09-05 01:39:50,761 [pool-693-thread-1] INFO  storage.RaftStorageDirectory (RaftStorageDirectoryImpl.java:tryLock(230)) - Lock on /home/runner/work/ozone/ozone/hadoop-ozone/integration-test/target/test-dir/MiniOzoneClusterImpl-37340386-36af-4fa8-9723-b8f583b28ff6/datanode-0/data/ratis/b5503130-8cd7-47db-995f-19cec8da33b6/in_use.lock acquired by nodename 19671@fv-az270-420
2021-09-05 01:39:50,761 [pool-693-thread-1] INFO  storage.RaftStorage (RaftStorageImpl.java:analyzeAndRecoverStorage(110)) - Read RaftStorageMetadata{term=1, votedFor=cff69f77-ea12-413c-a988-d2a44a5ca406} from /home/runner/work/ozone/ozone/hadoop-ozone/integration-test/target/test-dir/MiniOzoneClusterImpl-37340386-36af-4fa8-9723-b8f583b28ff6/datanode-0/data/ratis/b5503130-8cd7-47db-995f-19cec8da33b6/current/raft-meta
2021-09-05 01:39:50,761 [pool-693-thread-1] INFO  ratis.ContainerStateMachine (ContainerStateMachine.java:loadSnapshot(233)) - group-19CEC8DA33B6: Setting the last applied index to (t:1, i:11)
2021-09-05 01:39:50,765 [pool-693-thread-1] INFO  server.RaftServer$Division (ServerState.java:setRaftConf(387)) - cff69f77-ea12-413c-a988-d2a44a5ca406@group-19CEC8DA33B6: set configuration 0: [cff69f77-ea12-413c-a988-d2a44a5ca406|rpc:10.1.0.25:34387|dataStream:|priority:1], old=null
2021-09-05 01:39:50,765 [pool-693-thread-1] INFO  server.RaftServerConfigKeys (ConfUtils.java:logGet(44)) - raft.server.notification.no-leader.timeout = 300000ms (custom)
2021-09-05 01:39:50,766 [pool-693-thread-1] INFO  server.RaftServerConfigKeys (ConfUtils.java:logGet(44)) - raft.server.log.use.memory = false (default)
2021-09-05 01:39:50,766 [pool-693-thread-1] INFO  server.RaftServerConfigKeys (ConfUtils.java:logGet(44)) - raft.server.log.purge.gap = 1000000 (custom)
2021-09-05 01:39:50,766 [pool-693-thread-1] INFO  server.RaftServerConfigKeys (ConfUtils.java:logGet(44)) - raft.server.log.appender.buffer.byte-limit = 33554432 (custom)
2021-09-05 01:39:50,766 [pool-693-thread-1] INFO  server.RaftServerConfigKeys (ConfUtils.java:logGet(44)) - raft.server.log.segment.size.max = 1048576 (custom)
2021-09-05 01:39:50,767 [pool-693-thread-1] INFO  server.RaftServerConfigKeys (ConfUtils.java:logGet(44)) - raft.server.log.segment.cache.num.max = 2 (custom)
2021-09-05 01:39:50,767 [pool-693-thread-1] INFO  server.RaftServerConfigKeys (ConfUtils.java:logGet(44)) - raft.server.log.segment.cache.size.max = 200MB (=209715200) (default)
2021-09-05 01:39:50,767 [pool-693-thread-1] INFO  segmented.SegmentedRaftLogWorker (SegmentedRaftLogWorker.java:<init>(182)) - new cff69f77-ea12-413c-a988-d2a44a5ca406@group-19CEC8DA33B6-SegmentedRaftLogWorker for RaftStorageImpl:Storage Directory /home/runner/work/ozone/ozone/hadoop-ozone/integration-test/target/test-dir/MiniOzoneClusterImpl-37340386-36af-4fa8-9723-b8f583b28ff6/datanode-0/data/ratis/b5503130-8cd7-47db-995f-19cec8da33b6
2021-09-05 01:39:50,767 [pool-693-thread-1] INFO  server.RaftServerConfigKeys (ConfUtils.java:logGet(44)) - raft.server.log.queue.byte-limit = 2147483647 (custom)
2021-09-05 01:39:50,767 [pool-693-thread-1] INFO  server.RaftServerConfigKeys (ConfUtils.java:logGet(44)) - raft.server.log.queue.element-limit = 1024 (custom)
2021-09-05 01:39:50,767 [pool-693-thread-1] INFO  server.RaftServerConfigKeys (ConfUtils.java:logGet(44)) - raft.server.log.segment.size.max = 1048576 (custom)
2021-09-05 01:39:50,767 [pool-693-thread-1] INFO  server.RaftServerConfigKeys (ConfUtils.java:logGet(44)) - raft.server.log.preallocated.size = 16384 (custom)
2021-09-05 01:39:50,767 [pool-693-thread-1] INFO  server.RaftServerConfigKeys (ConfUtils.java:logGet(44)) - raft.server.log.force.sync.num = 128 (default)
2021-09-05 01:39:50,767 [pool-693-thread-1] INFO  server.RaftServerConfigKeys (ConfUtils.java:logGet(44)) - raft.server.log.statemachine.data.sync = true (default)
2021-09-05 01:39:50,767 [pool-693-thread-1] INFO  server.RaftServerConfigKeys (ConfUtils.java:logGet(44)) - raft.server.log.statemachine.data.sync.timeout = 10s (default)
2021-09-05 01:39:50,768 [pool-693-thread-1] INFO  server.RaftServerConfigKeys (ConfUtils.java:logGet(44)) - raft.server.log.statemachine.data.sync.timeout.retry = -1 (default)
2021-09-05 01:39:50,869 [Listener at 127.0.0.1/33945] INFO  server.session (DefaultSessionIdManager.java:doStart(334)) - DefaultSessionIdManager workerName=node0
2021-09-05 01:39:50,869 [Listener at 127.0.0.1/33945] INFO  server.session (DefaultSessionIdManager.java:doStart(339)) - No SessionScavenger set, using defaults
2021-09-05 01:39:50,869 [Listener at 127.0.0.1/33945] INFO  server.session (HouseKeeper.java:startScavenging(132)) - node0 Scavenging every 600000ms
2021-09-05 01:39:50,870 [Listener at 127.0.0.1/33945] INFO  handler.ContextHandler (ContextHandler.java:doStart(915)) - Started o.e.j.s.ServletContextHandler@5e5d423d{logs,/logs,file:///home/runner/work/ozone/ozone/hadoop-ozone/integration-test/target/log,AVAILABLE}
2021-09-05 01:39:50,870 [Listener at 127.0.0.1/33945] INFO  handler.ContextHandler (ContextHandler.java:doStart(915)) - Started o.e.j.s.ServletContextHandler@198510ea{static,/static,jar:file:/home/runner/.m2/repository/org/apache/ozone/hdds-container-service/1.2.0-SNAPSHOT/hdds-container-service-1.2.0-SNAPSHOT.jar!/webapps/static,AVAILABLE}
2021-09-05 01:39:50,882 [pool-693-thread-1] INFO  server.RaftServerConfigKeys (ConfUtils.java:logGet(44)) - raft.server.log.write.buffer.size = 1048576 (custom)
2021-09-05 01:39:50,882 [pool-693-thread-1] INFO  server.RaftServerConfigKeys (ConfUtils.java:logGet(44)) - raft.server.log.statemachine.data.caching.enabled = true (custom)
2021-09-05 01:39:50,883 [pool-693-thread-1] INFO  server.RaftServer$Division (ServerState.java:setRaftConf(387)) - cff69f77-ea12-413c-a988-d2a44a5ca406@group-19CEC8DA33B6: set configuration 0: [cff69f77-ea12-413c-a988-d2a44a5ca406|rpc:10.1.0.25:34387|dataStream:|priority:1], old=null
2021-09-05 01:39:50,883 [pool-693-thread-1] INFO  segmented.LogSegment (LogSegment.java:loadSegment(173)) - Successfully read 12 entries from segment file /home/runner/work/ozone/ozone/hadoop-ozone/integration-test/target/test-dir/MiniOzoneClusterImpl-37340386-36af-4fa8-9723-b8f583b28ff6/datanode-0/data/ratis/b5503130-8cd7-47db-995f-19cec8da33b6/current/log_inprogress_0
2021-09-05 01:39:50,883 [pool-693-thread-1] INFO  segmented.SegmentedRaftLogWorker (SegmentedRaftLogWorker.java:lambda$new$0(133)) - cff69f77-ea12-413c-a988-d2a44a5ca406@group-19CEC8DA33B6-SegmentedRaftLogWorker: flushIndex: setUnconditionally 0 -> 11
2021-09-05 01:39:50,884 [pool-693-thread-1] INFO  segmented.SegmentedRaftLogWorker (SegmentedRaftLogWorker.java:lambda$new$0(133)) - cff69f77-ea12-413c-a988-d2a44a5ca406@group-19CEC8DA33B6-SegmentedRaftLogWorker: safeCacheEvictIndex: setUnconditionally 0 -> -1
2021-09-05 01:39:50,907 [pool-693-thread-1] INFO  raftlog.RaftLog (RaftLogBase.java:lambda$new$0(53)) - cff69f77-ea12-413c-a988-d2a44a5ca406@group-19CEC8DA33B6-SegmentedRaftLog: commitIndex: updateToMax old=11, new=10, updated? false
2021-09-05 01:39:50,937 [pool-693-thread-1] INFO  server.RaftServerConfigKeys (ConfUtils.java:logGet(44)) - raft.server.snapshot.auto.trigger.enabled = true (custom)
2021-09-05 01:39:50,937 [pool-693-thread-1] INFO  server.RaftServerConfigKeys (ConfUtils.java:logGet(44)) - raft.server.snapshot.auto.trigger.threshold = 10000 (custom)
2021-09-05 01:39:50,937 [pool-693-thread-1] INFO  server.RaftServerConfigKeys (ConfUtils.java:logGet(44)) - raft.server.snapshot.retention.file.num = 5 (custom)
2021-09-05 01:39:50,937 [pool-693-thread-1] INFO  server.RaftServerConfigKeys (ConfUtils.java:logGet(44)) - raft.server.log.purge.upto.snapshot.index = false (default)
2021-09-05 01:39:50,937 [pool-693-thread-1] INFO  server.RaftServerConfigKeys (ConfUtils.java:logGet(44)) - raft.server.retrycache.expirytime = 600000ms (custom)
2021-09-05 01:39:50,937 [pool-693-thread-1] INFO  server.RaftServerConfigKeys (ConfUtils.java:logGet(44)) - raft.server.retrycache.statistics.expirytime = 100μs (default)
2021-09-05 01:39:50,950 [pool-693-thread-1] INFO  server.RaftServer$Division (RaftServerImpl.java:<init>(181)) - cff69f77-ea12-413c-a988-d2a44a5ca406: new RaftServerImpl for group-6DE84E8794FA:[] with ContainerStateMachine:uninitialized
2021-09-05 01:39:50,950 [pool-693-thread-1] INFO  server.RaftServerConfigKeys (ConfUtils.java:logGet(44)) - raft.server.rpc.timeout.min = 5s (custom)
2021-09-05 01:39:50,950 [pool-693-thread-1] INFO  server.RaftServerConfigKeys (ConfUtils.java:logGet(44)) - raft.server.rpc.timeout.max = 5200ms (custom)
2021-09-05 01:39:50,950 [pool-693-thread-1] INFO  server.RaftServerConfigKeys (ConfUtils.java:logGet(44)) - raft.server.rpc.sleep.time = 25ms (default)
2021-09-05 01:39:50,950 [pool-693-thread-1] INFO  server.RaftServerConfigKeys (ConfUtils.java:logGet(44)) - raft.server.rpc.slowness.timeout = 300000ms (custom)
2021-09-05 01:39:50,950 [pool-693-thread-1] INFO  server.RaftServerConfigKeys (ConfUtils.java:logGet(44)) - raft.server.leaderelection.leader.step-down.wait-time = 10s (default)
2021-09-05 01:39:50,950 [pool-693-thread-1] INFO  server.RaftServerConfigKeys (ConfUtils.java:logGet(44)) - raft.server.sleep.deviation.threshold = 300ms (default)
2021-09-05 01:39:50,950 [pool-693-thread-1] INFO  server.RaftServerConfigKeys (ConfUtils.java:logGet(44)) - raft.server.log.appender.install.snapshot.enabled = false (custom)
2021-09-05 01:39:50,950 [pool-693-thread-1] INFO  server.RaftServer$Division (ServerState.java:<init>(105)) - cff69f77-ea12-413c-a988-d2a44a5ca406@group-6DE84E8794FA: ConfigurationManager, init=-1: [], old=null, confs=<EMPTY_MAP>
2021-09-05 01:39:50,950 [pool-693-thread-1] INFO  server.RaftServerConfigKeys (ConfUtils.java:logGet(44)) - raft.server.storage.dir = [/home/runner/work/ozone/ozone/hadoop-ozone/integration-test/target/test-dir/MiniOzoneClusterImpl-37340386-36af-4fa8-9723-b8f583b28ff6/datanode-0/data/ratis] (custom)
2021-09-05 01:39:50,950 [pool-693-thread-1] INFO  server.RaftServerConfigKeys (ConfUtils.java:logGet(44)) - raft.server.log.corruption.policy = EXCEPTION (default)
2021-09-05 01:39:50,951 [pool-693-thread-1] INFO  server.RaftServerConfigKeys (ConfUtils.java:logGet(44)) - raft.server.storage.free-space.min = 0MB (=0) (default)
2021-09-05 01:39:50,952 [pool-693-thread-1] INFO  storage.RaftStorageDirectory (RaftStorageDirectoryImpl.java:tryLock(230)) - Lock on /home/runner/work/ozone/ozone/hadoop-ozone/integration-test/target/test-dir/MiniOzoneClusterImpl-37340386-36af-4fa8-9723-b8f583b28ff6/datanode-0/data/ratis/804a25d7-b2b5-40eb-8b1c-6de84e8794fa/in_use.lock acquired by nodename 19671@fv-az270-420
2021-09-05 01:39:50,952 [pool-693-thread-1] INFO  storage.RaftStorage (RaftStorageImpl.java:analyzeAndRecoverStorage(110)) - Read RaftStorageMetadata{term=2, votedFor=cff69f77-ea12-413c-a988-d2a44a5ca406} from /home/runner/work/ozone/ozone/hadoop-ozone/integration-test/target/test-dir/MiniOzoneClusterImpl-37340386-36af-4fa8-9723-b8f583b28ff6/datanode-0/data/ratis/804a25d7-b2b5-40eb-8b1c-6de84e8794fa/current/raft-meta
2021-09-05 01:39:50,953 [pool-693-thread-1] INFO  ratis.ContainerStateMachine (ContainerStateMachine.java:loadSnapshot(233)) - group-6DE84E8794FA: Setting the last applied index to (t:2, i:0)
2021-09-05 01:39:50,953 [pool-693-thread-1] INFO  server.RaftServer$Division (ServerState.java:setRaftConf(387)) - cff69f77-ea12-413c-a988-d2a44a5ca406@group-6DE84E8794FA: set configuration 0: [fdb9e53e-0679-45da-9a61-20e122f839df|rpc:10.1.0.25:40867|dataStream:|priority:0, cff69f77-ea12-413c-a988-d2a44a5ca406|rpc:10.1.0.25:34387|dataStream:|priority:1, be41d154-e08a-4361-999c-a2746058d00f|rpc:10.1.0.25:33043|dataStream:|priority:0], old=null
2021-09-05 01:39:50,953 [pool-693-thread-1] INFO  server.RaftServerConfigKeys (ConfUtils.java:logGet(44)) - raft.server.notification.no-leader.timeout = 300000ms (custom)
2021-09-05 01:39:50,953 [pool-693-thread-1] INFO  server.RaftServerConfigKeys (ConfUtils.java:logGet(44)) - raft.server.log.use.memory = false (default)
2021-09-05 01:39:50,955 [pool-693-thread-1] INFO  server.RaftServerConfigKeys (ConfUtils.java:logGet(44)) - raft.server.log.purge.gap = 1000000 (custom)
2021-09-05 01:39:50,960 [pool-693-thread-1] INFO  server.RaftServerConfigKeys (ConfUtils.java:logGet(44)) - raft.server.log.appender.buffer.byte-limit = 33554432 (custom)
2021-09-05 01:39:50,960 [pool-693-thread-1] INFO  server.RaftServerConfigKeys (ConfUtils.java:logGet(44)) - raft.server.log.segment.size.max = 1048576 (custom)
2021-09-05 01:39:50,960 [pool-693-thread-1] INFO  server.RaftServerConfigKeys (ConfUtils.java:logGet(44)) - raft.server.log.segment.cache.num.max = 2 (custom)
2021-09-05 01:39:50,960 [pool-693-thread-1] INFO  server.RaftServerConfigKeys (ConfUtils.java:logGet(44)) - raft.server.log.segment.cache.size.max = 200MB (=209715200) (default)
2021-09-05 01:39:50,960 [pool-693-thread-1] INFO  segmented.SegmentedRaftLogWorker (SegmentedRaftLogWorker.java:<init>(182)) - new cff69f77-ea12-413c-a988-d2a44a5ca406@group-6DE84E8794FA-SegmentedRaftLogWorker for RaftStorageImpl:Storage Directory /home/runner/work/ozone/ozone/hadoop-ozone/integration-test/target/test-dir/MiniOzoneClusterImpl-37340386-36af-4fa8-9723-b8f583b28ff6/datanode-0/data/ratis/804a25d7-b2b5-40eb-8b1c-6de84e8794fa
2021-09-05 01:39:50,960 [pool-693-thread-1] INFO  server.RaftServerConfigKeys (ConfUtils.java:logGet(44)) - raft.server.log.queue.byte-limit = 2147483647 (custom)
2021-09-05 01:39:50,961 [pool-693-thread-1] INFO  server.RaftServerConfigKeys (ConfUtils.java:logGet(44)) - raft.server.log.queue.element-limit = 1024 (custom)
2021-09-05 01:39:50,961 [pool-693-thread-1] INFO  server.RaftServerConfigKeys (ConfUtils.java:logGet(44)) - raft.server.log.segment.size.max = 1048576 (custom)
2021-09-05 01:39:50,961 [pool-693-thread-1] INFO  server.RaftServerConfigKeys (ConfUtils.java:logGet(44)) - raft.server.log.preallocated.size = 16384 (custom)
2021-09-05 01:39:50,961 [pool-693-thread-1] INFO  server.RaftServerConfigKeys (ConfUtils.java:logGet(44)) - raft.server.log.force.sync.num = 128 (default)
2021-09-05 01:39:50,961 [pool-693-thread-1] INFO  server.RaftServerConfigKeys (ConfUtils.java:logGet(44)) - raft.server.log.statemachine.data.sync = true (default)
2021-09-05 01:39:50,961 [pool-693-thread-1] INFO  server.RaftServerConfigKeys (ConfUtils.java:logGet(44)) - raft.server.log.statemachine.data.sync.timeout = 10s (default)
2021-09-05 01:39:50,961 [pool-693-thread-1] INFO  server.RaftServerConfigKeys (ConfUtils.java:logGet(44)) - raft.server.log.statemachine.data.sync.timeout.retry = -1 (default)
2021-09-05 01:39:50,962 [pool-693-thread-1] INFO  server.RaftServerConfigKeys (ConfUtils.java:logGet(44)) - raft.server.log.write.buffer.size = 1048576 (custom)
2021-09-05 01:39:50,970 [pool-693-thread-1] INFO  server.RaftServerConfigKeys (ConfUtils.java:logGet(44)) - raft.server.log.statemachine.data.caching.enabled = true (custom)
2021-09-05 01:39:50,972 [pool-693-thread-1] INFO  server.RaftServer$Division (ServerState.java:setRaftConf(387)) - cff69f77-ea12-413c-a988-d2a44a5ca406@group-6DE84E8794FA: set configuration 0: [fdb9e53e-0679-45da-9a61-20e122f839df|rpc:10.1.0.25:40867|dataStream:|priority:0, cff69f77-ea12-413c-a988-d2a44a5ca406|rpc:10.1.0.25:34387|dataStream:|priority:1, be41d154-e08a-4361-999c-a2746058d00f|rpc:10.1.0.25:33043|dataStream:|priority:0], old=null
2021-09-05 01:39:50,973 [pool-693-thread-1] INFO  segmented.LogSegment (LogSegment.java:loadSegment(173)) - Successfully read 1 entries from segment file /home/runner/work/ozone/ozone/hadoop-ozone/integration-test/target/test-dir/MiniOzoneClusterImpl-37340386-36af-4fa8-9723-b8f583b28ff6/datanode-0/data/ratis/804a25d7-b2b5-40eb-8b1c-6de84e8794fa/current/log_inprogress_0
2021-09-05 01:39:50,973 [pool-693-thread-1] INFO  segmented.SegmentedRaftLogWorker (SegmentedRaftLogWorker.java:lambda$new$0(133)) - cff69f77-ea12-413c-a988-d2a44a5ca406@group-6DE84E8794FA-SegmentedRaftLogWorker: flushIndex: setUnconditionally 0 -> 0
2021-09-05 01:39:50,973 [pool-693-thread-1] INFO  segmented.SegmentedRaftLogWorker (SegmentedRaftLogWorker.java:lambda$new$0(133)) - cff69f77-ea12-413c-a988-d2a44a5ca406@group-6DE84E8794FA-SegmentedRaftLogWorker: safeCacheEvictIndex: setUnconditionally 0 -> -1
2021-09-05 01:39:51,007 [pool-693-thread-1] INFO  server.RaftServerConfigKeys (ConfUtils.java:logGet(44)) - raft.server.snapshot.auto.trigger.enabled = true (custom)
2021-09-05 01:39:51,008 [pool-693-thread-1] INFO  server.RaftServerConfigKeys (ConfUtils.java:logGet(44)) - raft.server.snapshot.auto.trigger.threshold = 10000 (custom)
2021-09-05 01:39:51,008 [pool-693-thread-1] INFO  server.RaftServerConfigKeys (ConfUtils.java:logGet(44)) - raft.server.snapshot.retention.file.num = 5 (custom)
2021-09-05 01:39:51,008 [pool-693-thread-1] INFO  server.RaftServerConfigKeys (ConfUtils.java:logGet(44)) - raft.server.log.purge.upto.snapshot.index = false (default)
2021-09-05 01:39:51,008 [pool-693-thread-1] INFO  server.RaftServerConfigKeys (ConfUtils.java:logGet(44)) - raft.server.retrycache.expirytime = 600000ms (custom)
2021-09-05 01:39:51,008 [pool-693-thread-1] INFO  server.RaftServerConfigKeys (ConfUtils.java:logGet(44)) - raft.server.retrycache.statistics.expirytime = 100μs (default)
2021-09-05 01:39:51,052 [Listener at 127.0.0.1/33945] INFO  handler.ContextHandler (ContextHandler.java:doStart(915)) - Started o.e.j.w.WebAppContext@2d0075d{hddsDatanode,/,file:///tmp/jetty-0_0_0_0-42297-hdds-container-service-1_2_0-SNAPSHOT_jar-_-any-2095449307850861102/webapp/,AVAILABLE}{jar:file:/home/runner/.m2/repository/org/apache/ozone/hdds-container-service/1.2.0-SNAPSHOT/hdds-container-service-1.2.0-SNAPSHOT.jar!/webapps/hddsDatanode}
2021-09-05 01:39:51,079 [Listener at 127.0.0.1/33945] INFO  server.AbstractConnector (AbstractConnector.java:doStart(331)) - Started ServerConnector@22e7f938{HTTP/1.1, (http/1.1)}{0.0.0.0:42297}
2021-09-05 01:39:51,080 [Listener at 127.0.0.1/33945] INFO  server.Server (Server.java:doStart(415)) - Started @229055ms
2021-09-05 01:39:51,080 [Listener at 127.0.0.1/33945] WARN  impl.MetricsSystemImpl (MetricsSystemImpl.java:register(279)) - Sink prometheus already exists!
2021-09-05 01:39:51,083 [Listener at 127.0.0.1/33945] INFO  http.BaseHttpServer (BaseHttpServer.java:updateConnectorAddress(329)) - HTTP server of hddsDatanode listening at http://0.0.0.0:42297
2021-09-05 01:39:51,099 [Listener at 127.0.0.1/33945] INFO  ozone.MiniOzoneClusterImpl (MiniOzoneClusterImpl.java:lambda$waitForClusterToBeReady$0(235)) - Waiting for nodes to be ready. Got 6 of 7 DN Heartbeats.
2021-09-05 01:39:51,099 [Listener at 127.0.0.1/33945] INFO  ozone.MiniOzoneClusterImpl (MiniOzoneClusterImpl.java:lambda$waitForClusterToBeReady$0(238)) - Cluster exits safe mode
2021-09-05 01:39:51,099 [Listener at 127.0.0.1/33945] INFO  ozone.MiniOzoneClusterImpl (MiniOzoneClusterImpl.java:lambda$waitForClusterToBeReady$0(240)) - SCM became leader
2021-09-05 01:39:51,181 [org.apache.hadoop.util.JvmPauseMonitor$Monitor@5e91b170] INFO  util.JvmPauseMonitor (JvmPauseMonitor.java:run(188)) - Starting JVM pause monitor
2021-09-05 01:39:52,100 [Listener at 127.0.0.1/33945] INFO  ozone.MiniOzoneClusterImpl (MiniOzoneClusterImpl.java:lambda$waitForClusterToBeReady$0(235)) - Waiting for nodes to be ready. Got 6 of 7 DN Heartbeats.
2021-09-05 01:39:52,100 [Listener at 127.0.0.1/33945] INFO  ozone.MiniOzoneClusterImpl (MiniOzoneClusterImpl.java:lambda$waitForClusterToBeReady$0(238)) - Cluster exits safe mode
2021-09-05 01:39:52,100 [Listener at 127.0.0.1/33945] INFO  ozone.MiniOzoneClusterImpl (MiniOzoneClusterImpl.java:lambda$waitForClusterToBeReady$0(240)) - SCM became leader
2021-09-05 01:39:53,100 [Listener at 127.0.0.1/33945] INFO  ozone.MiniOzoneClusterImpl (MiniOzoneClusterImpl.java:lambda$waitForClusterToBeReady$0(235)) - Waiting for nodes to be ready. Got 6 of 7 DN Heartbeats.
2021-09-05 01:39:53,100 [Listener at 127.0.0.1/33945] INFO  ozone.MiniOzoneClusterImpl (MiniOzoneClusterImpl.java:lambda$waitForClusterToBeReady$0(238)) - Cluster exits safe mode
2021-09-05 01:39:53,100 [Listener at 127.0.0.1/33945] INFO  ozone.MiniOzoneClusterImpl (MiniOzoneClusterImpl.java:lambda$waitForClusterToBeReady$0(240)) - SCM became leader
2021-09-05 01:39:53,198 [EndpointStateMachine task thread for /0.0.0.0:40229 - 0 ] INFO  ozoneimpl.OzoneContainer (OzoneContainer.java:start(305)) - Attempting to start container services.
2021-09-05 01:39:53,216 [EndpointStateMachine task thread for /0.0.0.0:40229 - 0 ] INFO  ozoneimpl.OzoneContainer (OzoneContainer.java:startContainerScrub(250)) - Background container scanner has been disabled.
2021-09-05 01:39:53,217 [EndpointStateMachine task thread for /0.0.0.0:40229 - 0 ] INFO  replication.ReplicationServer (ReplicationServer.java:start(107)) - ReplicationServer is started using port 41771
2021-09-05 01:39:53,217 [EndpointStateMachine task thread for /0.0.0.0:40229 - 0 ] INFO  ratis.XceiverServerRatis (XceiverServerRatis.java:start(482)) - Starting XceiverServerRatis cff69f77-ea12-413c-a988-d2a44a5ca406
2021-09-05 01:39:53,249 [EndpointStateMachine task thread for /0.0.0.0:40229 - 0 ] INFO  server.RaftServer$Division (RaftServerImpl.java:start(296)) - cff69f77-ea12-413c-a988-d2a44a5ca406@group-6DE84E8794FA: start as a follower, conf=0: [fdb9e53e-0679-45da-9a61-20e122f839df|rpc:10.1.0.25:40867|dataStream:|priority:0, cff69f77-ea12-413c-a988-d2a44a5ca406|rpc:10.1.0.25:34387|dataStream:|priority:1, be41d154-e08a-4361-999c-a2746058d00f|rpc:10.1.0.25:33043|dataStream:|priority:0], old=null
2021-09-05 01:39:53,249 [EndpointStateMachine task thread for /0.0.0.0:40229 - 0 ] INFO  server.RaftServer$Division (RaftServerImpl.java:setRole(285)) - cff69f77-ea12-413c-a988-d2a44a5ca406@group-6DE84E8794FA: changes role from      null to FOLLOWER at term 2 for startAsFollower
2021-09-05 01:39:53,249 [EndpointStateMachine task thread for /0.0.0.0:40229 - 0 ] INFO  impl.RoleInfo (RoleInfo.java:updateAndGet(130)) - cff69f77-ea12-413c-a988-d2a44a5ca406: start cff69f77-ea12-413c-a988-d2a44a5ca406@group-6DE84E8794FA-FollowerState
2021-09-05 01:39:53,250 [ForkJoinPool.commonPool-worker-0] INFO  server.RaftServer$Division (RaftServerImpl.java:start(296)) - cff69f77-ea12-413c-a988-d2a44a5ca406@group-FC73588AFD2D: start as a follower, conf=0: [fdb9e53e-0679-45da-9a61-20e122f839df|rpc:10.1.0.25:40867|dataStream:|priority:1, cff69f77-ea12-413c-a988-d2a44a5ca406|rpc:10.1.0.25:34387|dataStream:|priority:0, be41d154-e08a-4361-999c-a2746058d00f|rpc:10.1.0.25:33043|dataStream:|priority:0], old=null
2021-09-05 01:39:53,250 [ForkJoinPool.commonPool-worker-0] INFO  server.RaftServer$Division (RaftServerImpl.java:setRole(285)) - cff69f77-ea12-413c-a988-d2a44a5ca406@group-FC73588AFD2D: changes role from      null to FOLLOWER at term 1 for startAsFollower
2021-09-05 01:39:53,250 [EndpointStateMachine task thread for /0.0.0.0:40229 - 0 ] INFO  util.JmxRegister (JmxRegister.java:tryRegister(44)) - Successfully registered JMX Bean with object name Ratis:service=RaftServer,group=group-6DE84E8794FA,id=cff69f77-ea12-413c-a988-d2a44a5ca406
2021-09-05 01:39:53,251 [EndpointStateMachine task thread for /0.0.0.0:40229 - 0 ] INFO  server.RaftServer$Division (RaftServerImpl.java:start(296)) - cff69f77-ea12-413c-a988-d2a44a5ca406@group-C6B97DF9FEBA: start as a follower, conf=0: [fdb9e53e-0679-45da-9a61-20e122f839df|rpc:10.1.0.25:40867|dataStream:|priority:0, cff69f77-ea12-413c-a988-d2a44a5ca406|rpc:10.1.0.25:34387|dataStream:|priority:0, be41d154-e08a-4361-999c-a2746058d00f|rpc:10.1.0.25:33043|dataStream:|priority:1], old=null
2021-09-05 01:39:53,251 [EndpointStateMachine task thread for /0.0.0.0:40229 - 0 ] INFO  server.RaftServer$Division (RaftServerImpl.java:setRole(285)) - cff69f77-ea12-413c-a988-d2a44a5ca406@group-C6B97DF9FEBA: changes role from      null to FOLLOWER at term 2 for startAsFollower
2021-09-05 01:39:53,251 [EndpointStateMachine task thread for /0.0.0.0:40229 - 0 ] INFO  impl.RoleInfo (RoleInfo.java:updateAndGet(130)) - cff69f77-ea12-413c-a988-d2a44a5ca406: start cff69f77-ea12-413c-a988-d2a44a5ca406@group-C6B97DF9FEBA-FollowerState
2021-09-05 01:39:53,251 [EndpointStateMachine task thread for /0.0.0.0:40229 - 0 ] INFO  util.JmxRegister (JmxRegister.java:tryRegister(44)) - Successfully registered JMX Bean with object name Ratis:service=RaftServer,group=group-C6B97DF9FEBA,id=cff69f77-ea12-413c-a988-d2a44a5ca406
2021-09-05 01:39:53,267 [EndpointStateMachine task thread for /0.0.0.0:40229 - 0 ] INFO  server.RaftServer$Division (RaftServerImpl.java:start(296)) - cff69f77-ea12-413c-a988-d2a44a5ca406@group-19CEC8DA33B6: start as a follower, conf=0: [cff69f77-ea12-413c-a988-d2a44a5ca406|rpc:10.1.0.25:34387|dataStream:|priority:1], old=null
2021-09-05 01:39:53,267 [EndpointStateMachine task thread for /0.0.0.0:40229 - 0 ] INFO  server.RaftServer$Division (RaftServerImpl.java:setRole(285)) - cff69f77-ea12-413c-a988-d2a44a5ca406@group-19CEC8DA33B6: changes role from      null to FOLLOWER at term 1 for startAsFollower
2021-09-05 01:39:53,267 [EndpointStateMachine task thread for /0.0.0.0:40229 - 0 ] INFO  impl.RoleInfo (RoleInfo.java:updateAndGet(130)) - cff69f77-ea12-413c-a988-d2a44a5ca406: start cff69f77-ea12-413c-a988-d2a44a5ca406@group-19CEC8DA33B6-FollowerState
2021-09-05 01:39:53,268 [EndpointStateMachine task thread for /0.0.0.0:40229 - 0 ] INFO  util.JmxRegister (JmxRegister.java:tryRegister(44)) - Successfully registered JMX Bean with object name Ratis:service=RaftServer,group=group-19CEC8DA33B6,id=cff69f77-ea12-413c-a988-d2a44a5ca406
2021-09-05 01:39:53,269 [ForkJoinPool.commonPool-worker-0] INFO  impl.RoleInfo (RoleInfo.java:updateAndGet(130)) - cff69f77-ea12-413c-a988-d2a44a5ca406: start cff69f77-ea12-413c-a988-d2a44a5ca406@group-FC73588AFD2D-FollowerState
2021-09-05 01:39:53,269 [ForkJoinPool.commonPool-worker-0] INFO  util.JmxRegister (JmxRegister.java:tryRegister(44)) - Successfully registered JMX Bean with object name Ratis:service=RaftServer,group=group-FC73588AFD2D,id=cff69f77-ea12-413c-a988-d2a44a5ca406
2021-09-05 01:39:53,270 [EndpointStateMachine task thread for /0.0.0.0:40229 - 0 ] INFO  server.RaftServer (RaftServerProxy.java:lambda$start$5(374)) - cff69f77-ea12-413c-a988-d2a44a5ca406: start RPC server
2021-09-05 01:39:53,270 [EndpointStateMachine task thread for /0.0.0.0:40229 - 0 ] INFO  server.GrpcService (GrpcService.java:startImpl(253)) - cff69f77-ea12-413c-a988-d2a44a5ca406: GrpcService started, listening on 34387
2021-09-05 01:39:53,288 [EndpointStateMachine task thread for /0.0.0.0:40229 - 0 ] INFO  ratis.XceiverServerRatis (XceiverServerRatis.java:getRealPort(503)) - XceiverServerRatis cff69f77-ea12-413c-a988-d2a44a5ca406 is started using port 34387 for RATIS
2021-09-05 01:39:53,288 [EndpointStateMachine task thread for /0.0.0.0:40229 - 0 ] INFO  ratis.XceiverServerRatis (XceiverServerRatis.java:getRealPort(503)) - XceiverServerRatis cff69f77-ea12-413c-a988-d2a44a5ca406 is started using port 34387 for RATIS_ADMIN
2021-09-05 01:39:53,288 [EndpointStateMachine task thread for /0.0.0.0:40229 - 0 ] INFO  ratis.XceiverServerRatis (XceiverServerRatis.java:getRealPort(503)) - XceiverServerRatis cff69f77-ea12-413c-a988-d2a44a5ca406 is started using port 34387 for RATIS_SERVER
2021-09-05 01:39:53,337 [org.apache.ratis.util.JvmPauseMonitor$$Lambda$531/1694950219@67873792] INFO  util.JvmPauseMonitor (JvmPauseMonitor.java:run(103)) - JvmPauseMonitor-cff69f77-ea12-413c-a988-d2a44a5ca406: Started
2021-09-05 01:39:54,100 [Listener at 127.0.0.1/33945] INFO  ozone.MiniOzoneClusterImpl (MiniOzoneClusterImpl.java:lambda$waitForClusterToBeReady$0(235)) - Waiting for nodes to be ready. Got 6 of 7 DN Heartbeats.
2021-09-05 01:39:54,100 [Listener at 127.0.0.1/33945] INFO  ozone.MiniOzoneClusterImpl (MiniOzoneClusterImpl.java:lambda$waitForClusterToBeReady$0(238)) - Cluster exits safe mode
2021-09-05 01:39:54,101 [Listener at 127.0.0.1/33945] INFO  ozone.MiniOzoneClusterImpl (MiniOzoneClusterImpl.java:lambda$waitForClusterToBeReady$0(240)) - SCM became leader
2021-09-05 01:39:55,101 [Listener at 127.0.0.1/33945] INFO  ozone.MiniOzoneClusterImpl (MiniOzoneClusterImpl.java:lambda$waitForClusterToBeReady$0(235)) - Waiting for nodes to be ready. Got 6 of 7 DN Heartbeats.
2021-09-05 01:39:55,101 [Listener at 127.0.0.1/33945] INFO  ozone.MiniOzoneClusterImpl (MiniOzoneClusterImpl.java:lambda$waitForClusterToBeReady$0(238)) - Cluster exits safe mode
2021-09-05 01:39:55,101 [Listener at 127.0.0.1/33945] INFO  ozone.MiniOzoneClusterImpl (MiniOzoneClusterImpl.java:lambda$waitForClusterToBeReady$0(240)) - SCM became leader
2021-09-05 01:39:55,191 [EventQueue-PipelineReportForPipelineReportHandler] INFO  pipeline.PipelineReportHandler (PipelineReportHandler.java:processPipelineReport(113)) - Reported pipeline PipelineID=b5503130-8cd7-47db-995f-19cec8da33b6 is not found
2021-09-05 01:39:55,191 [EventQueue-PipelineReportForPipelineReportHandler] INFO  pipeline.PipelineReportHandler (PipelineReportHandler.java:processPipelineReport(113)) - Reported pipeline PipelineID=97e19d54-76f6-4db6-b4a5-fc73588afd2d is not found
2021-09-05 01:39:55,191 [EventQueue-PipelineReportForPipelineReportHandler] INFO  pipeline.PipelineReportHandler (PipelineReportHandler.java:processPipelineReport(113)) - Reported pipeline PipelineID=804a25d7-b2b5-40eb-8b1c-6de84e8794fa is not found
2021-09-05 01:39:55,191 [EventQueue-PipelineReportForPipelineReportHandler] INFO  pipeline.PipelineReportHandler (PipelineReportHandler.java:processPipelineReport(113)) - Reported pipeline PipelineID=61f36f49-61fb-4aab-819c-c6b97df9feba is not found
2021-09-05 01:39:56,101 [Listener at 127.0.0.1/33945] INFO  ozone.MiniOzoneClusterImpl (MiniOzoneClusterImpl.java:lambda$waitForClusterToBeReady$0(235)) - Waiting for nodes to be ready. Got 6 of 7 DN Heartbeats.
2021-09-05 01:39:56,101 [Listener at 127.0.0.1/33945] INFO  ozone.MiniOzoneClusterImpl (MiniOzoneClusterImpl.java:lambda$waitForClusterToBeReady$0(238)) - Cluster exits safe mode
2021-09-05 01:39:56,101 [Listener at 127.0.0.1/33945] INFO  ozone.MiniOzoneClusterImpl (MiniOzoneClusterImpl.java:lambda$waitForClusterToBeReady$0(240)) - SCM became leader
2021-09-05 01:39:57,102 [Listener at 127.0.0.1/33945] INFO  ozone.MiniOzoneClusterImpl (MiniOzoneClusterImpl.java:lambda$waitForClusterToBeReady$0(235)) - Waiting for nodes to be ready. Got 6 of 7 DN Heartbeats.
2021-09-05 01:39:57,102 [Listener at 127.0.0.1/33945] INFO  ozone.MiniOzoneClusterImpl (MiniOzoneClusterImpl.java:lambda$waitForClusterToBeReady$0(238)) - Cluster exits safe mode
2021-09-05 01:39:57,102 [Listener at 127.0.0.1/33945] INFO  ozone.MiniOzoneClusterImpl (MiniOzoneClusterImpl.java:lambda$waitForClusterToBeReady$0(240)) - SCM became leader
2021-09-05 01:39:57,276 [EventQueue-HealthyReadonlyNodeForHealthyReadOnlyNodeHandler] INFO  node.HealthyReadOnlyNodeHandler (HealthyReadOnlyNodeHandler.java:onMessage(58)) - Datanode cff69f77-ea12-413c-a988-d2a44a5ca406{ip: 10.1.0.25, host: fv-az270-420.tacnzluakwdehk1hpragurqkma.bx.internal.cloudapp.net, ports: [REPLICATION=40651, RATIS=34387, RATIS_ADMIN=34387, RATIS_SERVER=34387, STANDALONE=34759], networkLocation: /default-rack, certSerialId: null, persistedOpState: IN_SERVICE, persistedOpStateExpiryEpochSec: 0} moved to HEALTHY READONLY state.
2021-09-05 01:39:57,276 [EventQueue-HealthyReadonlyNodeForHealthyReadOnlyNodeHandler] INFO  net.NetworkTopologyImpl (NetworkTopologyImpl.java:add(112)) - Added a new node: /default-rack/cff69f77-ea12-413c-a988-d2a44a5ca406
2021-09-05 01:39:57,377 [EventQueue-HealthyReadonlyToHealthyNodeForReadOnlyHealthyToHealthyNodeHandler] INFO  node.ReadOnlyHealthyToHealthyNodeHandler (ReadOnlyHealthyToHealthyNodeHandler.java:onMessage(51)) - Datanode cff69f77-ea12-413c-a988-d2a44a5ca406{ip: 10.1.0.25, host: fv-az270-420.tacnzluakwdehk1hpragurqkma.bx.internal.cloudapp.net, ports: [REPLICATION=40651, RATIS=34387, RATIS_ADMIN=34387, RATIS_SERVER=34387, STANDALONE=34759], networkLocation: /default-rack, certSerialId: null, persistedOpState: IN_SERVICE, persistedOpStateExpiryEpochSec: 0} moved to HEALTHY state.
2021-09-05 01:39:57,377 [EventQueue-HealthyReadonlyToHealthyNodeForReadOnlyHealthyToHealthyNodeHandler] INFO  pipeline.BackgroundPipelineCreator (BackgroundPipelineCreatorV2.java:notifyEventTriggered(285)) - trigger a one-shot run on RatisPipelineUtilsThread.
2021-09-05 01:39:57,398 [RatisPipelineUtilsThread - 0] INFO  pipeline.RatisPipelineProvider (RatisPipelineProvider.java:lambda$create$0(183)) - Sending CreatePipelineCommand for pipeline:PipelineID=71fff1d0-b04d-404c-8209-20f380f3b230 to datanode:cff69f77-ea12-413c-a988-d2a44a5ca406
2021-09-05 01:39:57,398 [RatisPipelineUtilsThread - 0] INFO  pipeline.PipelineStateManager (PipelineStateManagerV2Impl.java:addPipeline(101)) - Created pipeline Pipeline[ Id: 71fff1d0-b04d-404c-8209-20f380f3b230, Nodes: cff69f77-ea12-413c-a988-d2a44a5ca406{ip: 10.1.0.25, host: fv-az270-420.tacnzluakwdehk1hpragurqkma.bx.internal.cloudapp.net, ports: [REPLICATION=40651, RATIS=34387, RATIS_ADMIN=34387, RATIS_SERVER=34387, STANDALONE=34759], networkLocation: /default-rack, certSerialId: null, persistedOpState: IN_SERVICE, persistedOpStateExpiryEpochSec: 0}, ReplicationConfig: RATIS/ONE, State:ALLOCATED, leaderId:, CreationTimestamp2021-09-05T01:39:57.398Z[Etc/UTC]].
2021-09-05 01:39:57,398 [RatisPipelineUtilsThread - 0] INFO  pipeline.RatisPipelineProvider (RatisPipelineProvider.java:lambda$create$0(183)) - Sending CreatePipelineCommand for pipeline:PipelineID=d2b771ec-915a-42be-9e6e-a2164613b897 to datanode:54b0752d-9f85-41d1-82b7-176712dc42d8
2021-09-05 01:39:57,399 [RatisPipelineUtilsThread - 0] INFO  pipeline.RatisPipelineProvider (RatisPipelineProvider.java:lambda$create$0(183)) - Sending CreatePipelineCommand for pipeline:PipelineID=d2b771ec-915a-42be-9e6e-a2164613b897 to datanode:fdb9e53e-0679-45da-9a61-20e122f839df
2021-09-05 01:39:57,399 [RatisPipelineUtilsThread - 0] INFO  pipeline.RatisPipelineProvider (RatisPipelineProvider.java:lambda$create$0(183)) - Sending CreatePipelineCommand for pipeline:PipelineID=d2b771ec-915a-42be-9e6e-a2164613b897 to datanode:cff69f77-ea12-413c-a988-d2a44a5ca406
2021-09-05 01:39:57,399 [RatisPipelineUtilsThread - 0] INFO  pipeline.PipelineStateManager (PipelineStateManagerV2Impl.java:addPipeline(101)) - Created pipeline Pipeline[ Id: d2b771ec-915a-42be-9e6e-a2164613b897, Nodes: 54b0752d-9f85-41d1-82b7-176712dc42d8{ip: 10.1.0.25, host: fv-az270-420.tacnzluakwdehk1hpragurqkma.bx.internal.cloudapp.net, ports: [REPLICATION=38415, RATIS=45159, RATIS_ADMIN=45159, RATIS_SERVER=45159, STANDALONE=37167], networkLocation: /default-rack, certSerialId: null, persistedOpState: IN_SERVICE, persistedOpStateExpiryEpochSec: 0}fdb9e53e-0679-45da-9a61-20e122f839df{ip: 10.1.0.25, host: fv-az270-420.tacnzluakwdehk1hpragurqkma.bx.internal.cloudapp.net, ports: [REPLICATION=45811, RATIS=40867, RATIS_ADMIN=40867, RATIS_SERVER=40867, STANDALONE=43325], networkLocation: /default-rack, certSerialId: null, persistedOpState: IN_SERVICE, persistedOpStateExpiryEpochSec: 0}cff69f77-ea12-413c-a988-d2a44a5ca406{ip: 10.1.0.25, host: fv-az270-420.tacnzluakwdehk1hpragurqkma.bx.internal.cloudapp.net, ports: [REPLICATION=40651, RATIS=34387, RATIS_ADMIN=34387, RATIS_SERVER=34387, STANDALONE=34759], networkLocation: /default-rack, certSerialId: null, persistedOpState: IN_SERVICE, persistedOpStateExpiryEpochSec: 0}, ReplicationConfig: RATIS/THREE, State:ALLOCATED, leaderId:, CreationTimestamp2021-09-05T01:39:57.398Z[Etc/UTC]].
2021-09-05 01:39:57,399 [RatisPipelineUtilsThread - 0] INFO  pipeline.RatisPipelineProvider (RatisPipelineProvider.java:lambda$create$0(183)) - Sending CreatePipelineCommand for pipeline:PipelineID=5a02bf5f-5c9d-44e3-99a7-17ca38d5857e to datanode:54b0752d-9f85-41d1-82b7-176712dc42d8
2021-09-05 01:39:57,399 [RatisPipelineUtilsThread - 0] INFO  pipeline.RatisPipelineProvider (RatisPipelineProvider.java:lambda$create$0(183)) - Sending CreatePipelineCommand for pipeline:PipelineID=5a02bf5f-5c9d-44e3-99a7-17ca38d5857e to datanode:be41d154-e08a-4361-999c-a2746058d00f
2021-09-05 01:39:57,399 [RatisPipelineUtilsThread - 0] INFO  pipeline.RatisPipelineProvider (RatisPipelineProvider.java:lambda$create$0(183)) - Sending CreatePipelineCommand for pipeline:PipelineID=5a02bf5f-5c9d-44e3-99a7-17ca38d5857e to datanode:fdb9e53e-0679-45da-9a61-20e122f839df
2021-09-05 01:39:57,400 [RatisPipelineUtilsThread - 0] INFO  pipeline.PipelineStateManager (PipelineStateManagerV2Impl.java:addPipeline(101)) - Created pipeline Pipeline[ Id: 5a02bf5f-5c9d-44e3-99a7-17ca38d5857e, Nodes: 54b0752d-9f85-41d1-82b7-176712dc42d8{ip: 10.1.0.25, host: fv-az270-420.tacnzluakwdehk1hpragurqkma.bx.internal.cloudapp.net, ports: [REPLICATION=38415, RATIS=45159, RATIS_ADMIN=45159, RATIS_SERVER=45159, STANDALONE=37167], networkLocation: /default-rack, certSerialId: null, persistedOpState: IN_SERVICE, persistedOpStateExpiryEpochSec: 0}be41d154-e08a-4361-999c-a2746058d00f{ip: 10.1.0.25, host: fv-az270-420.tacnzluakwdehk1hpragurqkma.bx.internal.cloudapp.net, ports: [REPLICATION=33191, RATIS=33043, RATIS_ADMIN=33043, RATIS_SERVER=33043, STANDALONE=37769], networkLocation: /default-rack, certSerialId: null, persistedOpState: IN_SERVICE, persistedOpStateExpiryEpochSec: 0}fdb9e53e-0679-45da-9a61-20e122f839df{ip: 10.1.0.25, host: fv-az270-420.tacnzluakwdehk1hpragurqkma.bx.internal.cloudapp.net, ports: [REPLICATION=45811, RATIS=40867, RATIS_ADMIN=40867, RATIS_SERVER=40867, STANDALONE=43325], networkLocation: /default-rack, certSerialId: null, persistedOpState: IN_SERVICE, persistedOpStateExpiryEpochSec: 0}, ReplicationConfig: RATIS/THREE, State:ALLOCATED, leaderId:, CreationTimestamp2021-09-05T01:39:57.399Z[Etc/UTC]].
2021-09-05 01:39:57,400 [RatisPipelineUtilsThread - 0] INFO  pipeline.RatisPipelineProvider (RatisPipelineProvider.java:lambda$create$0(183)) - Sending CreatePipelineCommand for pipeline:PipelineID=52703f6d-9754-433b-b0cb-a2597fcc6369 to datanode:cff69f77-ea12-413c-a988-d2a44a5ca406
2021-09-05 01:39:57,400 [RatisPipelineUtilsThread - 0] INFO  pipeline.RatisPipelineProvider (RatisPipelineProvider.java:lambda$create$0(183)) - Sending CreatePipelineCommand for pipeline:PipelineID=52703f6d-9754-433b-b0cb-a2597fcc6369 to datanode:be41d154-e08a-4361-999c-a2746058d00f
2021-09-05 01:39:57,400 [RatisPipelineUtilsThread - 0] INFO  pipeline.RatisPipelineProvider (RatisPipelineProvider.java:lambda$create$0(183)) - Sending CreatePipelineCommand for pipeline:PipelineID=52703f6d-9754-433b-b0cb-a2597fcc6369 to datanode:fdb9e53e-0679-45da-9a61-20e122f839df
2021-09-05 01:39:57,401 [RatisPipelineUtilsThread - 0] INFO  pipeline.PipelineStateManager (PipelineStateManagerV2Impl.java:addPipeline(101)) - Created pipeline Pipeline[ Id: 52703f6d-9754-433b-b0cb-a2597fcc6369, Nodes: cff69f77-ea12-413c-a988-d2a44a5ca406{ip: 10.1.0.25, host: fv-az270-420.tacnzluakwdehk1hpragurqkma.bx.internal.cloudapp.net, ports: [REPLICATION=40651, RATIS=34387, RATIS_ADMIN=34387, RATIS_SERVER=34387, STANDALONE=34759], networkLocation: /default-rack, certSerialId: null, persistedOpState: IN_SERVICE, persistedOpStateExpiryEpochSec: 0}be41d154-e08a-4361-999c-a2746058d00f{ip: 10.1.0.25, host: fv-az270-420.tacnzluakwdehk1hpragurqkma.bx.internal.cloudapp.net, ports: [REPLICATION=33191, RATIS=33043, RATIS_ADMIN=33043, RATIS_SERVER=33043, STANDALONE=37769], networkLocation: /default-rack, certSerialId: null, persistedOpState: IN_SERVICE, persistedOpStateExpiryEpochSec: 0}fdb9e53e-0679-45da-9a61-20e122f839df{ip: 10.1.0.25, host: fv-az270-420.tacnzluakwdehk1hpragurqkma.bx.internal.cloudapp.net, ports: [REPLICATION=45811, RATIS=40867, RATIS_ADMIN=40867, RATIS_SERVER=40867, STANDALONE=43325], networkLocation: /default-rack, certSerialId: null, persistedOpState: IN_SERVICE, persistedOpStateExpiryEpochSec: 0}, ReplicationConfig: RATIS/THREE, State:ALLOCATED, leaderId:, CreationTimestamp2021-09-05T01:39:57.400Z[Etc/UTC]].
2021-09-05 01:39:57,401 [RatisPipelineUtilsThread - 0] INFO  pipeline.RatisPipelineProvider (RatisPipelineProvider.java:lambda$create$0(183)) - Sending CreatePipelineCommand for pipeline:PipelineID=970d459e-8e80-4b03-a7e8-db0c5756557f to datanode:be41d154-e08a-4361-999c-a2746058d00f
2021-09-05 01:39:57,401 [RatisPipelineUtilsThread - 0] INFO  pipeline.RatisPipelineProvider (RatisPipelineProvider.java:lambda$create$0(183)) - Sending CreatePipelineCommand for pipeline:PipelineID=970d459e-8e80-4b03-a7e8-db0c5756557f to datanode:cff69f77-ea12-413c-a988-d2a44a5ca406
2021-09-05 01:39:57,401 [RatisPipelineUtilsThread - 0] INFO  pipeline.RatisPipelineProvider (RatisPipelineProvider.java:lambda$create$0(183)) - Sending CreatePipelineCommand for pipeline:PipelineID=970d459e-8e80-4b03-a7e8-db0c5756557f to datanode:54b0752d-9f85-41d1-82b7-176712dc42d8
2021-09-05 01:39:57,401 [RatisPipelineUtilsThread - 0] INFO  pipeline.PipelineStateManager (PipelineStateManagerV2Impl.java:addPipeline(101)) - Created pipeline Pipeline[ Id: 970d459e-8e80-4b03-a7e8-db0c5756557f, Nodes: be41d154-e08a-4361-999c-a2746058d00f{ip: 10.1.0.25, host: fv-az270-420.tacnzluakwdehk1hpragurqkma.bx.internal.cloudapp.net, ports: [REPLICATION=33191, RATIS=33043, RATIS_ADMIN=33043, RATIS_SERVER=33043, STANDALONE=37769], networkLocation: /default-rack, certSerialId: null, persistedOpState: IN_SERVICE, persistedOpStateExpiryEpochSec: 0}cff69f77-ea12-413c-a988-d2a44a5ca406{ip: 10.1.0.25, host: fv-az270-420.tacnzluakwdehk1hpragurqkma.bx.internal.cloudapp.net, ports: [REPLICATION=40651, RATIS=34387, RATIS_ADMIN=34387, RATIS_SERVER=34387, STANDALONE=34759], networkLocation: /default-rack, certSerialId: null, persistedOpState: IN_SERVICE, persistedOpStateExpiryEpochSec: 0}54b0752d-9f85-41d1-82b7-176712dc42d8{ip: 10.1.0.25, host: fv-az270-420.tacnzluakwdehk1hpragurqkma.bx.internal.cloudapp.net, ports: [REPLICATION=38415, RATIS=45159, RATIS_ADMIN=45159, RATIS_SERVER=45159, STANDALONE=37167], networkLocation: /default-rack, certSerialId: null, persistedOpState: IN_SERVICE, persistedOpStateExpiryEpochSec: 0}, ReplicationConfig: RATIS/THREE, State:ALLOCATED, leaderId:, CreationTimestamp2021-09-05T01:39:57.401Z[Etc/UTC]].
2021-09-05 01:39:58,102 [Listener at 127.0.0.1/33945] INFO  ozone.MiniOzoneClusterImpl (MiniOzoneClusterImpl.java:lambda$waitForClusterToBeReady$0(235)) - Nodes are ready. Got 7 of 7 DN Heartbeats.
2021-09-05 01:39:58,102 [Listener at 127.0.0.1/33945] INFO  ozone.MiniOzoneClusterImpl (MiniOzoneClusterImpl.java:lambda$waitForClusterToBeReady$0(238)) - Cluster exits safe mode
2021-09-05 01:39:58,102 [Listener at 127.0.0.1/33945] INFO  ozone.MiniOzoneClusterImpl (MiniOzoneClusterImpl.java:lambda$waitForClusterToBeReady$0(240)) - SCM became leader
2021-09-05 01:39:58,195 [Command processor thread] INFO  server.RaftServer (RaftServerProxy.java:remove(106)) - cff69f77-ea12-413c-a988-d2a44a5ca406: remove  FOLLOWER cff69f77-ea12-413c-a988-d2a44a5ca406@group-19CEC8DA33B6:t1, leader=null, voted=cff69f77-ea12-413c-a988-d2a44a5ca406, raftlog=cff69f77-ea12-413c-a988-d2a44a5ca406@group-19CEC8DA33B6-SegmentedRaftLog:OPENED:c11,f11,i11, conf=0: [cff69f77-ea12-413c-a988-d2a44a5ca406|rpc:10.1.0.25:34387|dataStream:|priority:1], old=null RUNNING
2021-09-05 01:39:58,195 [Command processor thread] INFO  server.RaftServer$Division (RaftServerImpl.java:lambda$close$4(407)) - cff69f77-ea12-413c-a988-d2a44a5ca406@group-19CEC8DA33B6: shutdown
2021-09-05 01:39:58,195 [Command processor thread] INFO  util.JmxRegister (JmxRegister.java:unregister(73)) - Successfully un-registered JMX Bean with object name Ratis:service=RaftServer,group=group-19CEC8DA33B6,id=cff69f77-ea12-413c-a988-d2a44a5ca406
2021-09-05 01:39:58,195 [Command processor thread] INFO  impl.RoleInfo (RoleInfo.java:shutdownFollowerState(108)) - cff69f77-ea12-413c-a988-d2a44a5ca406: shutdown cff69f77-ea12-413c-a988-d2a44a5ca406@group-19CEC8DA33B6-FollowerState
2021-09-05 01:39:58,198 [cff69f77-ea12-413c-a988-d2a44a5ca406@group-19CEC8DA33B6-FollowerState] INFO  impl.FollowerState (FollowerState.java:run(143)) - cff69f77-ea12-413c-a988-d2a44a5ca406@group-19CEC8DA33B6-FollowerState was interrupted: {}
java.lang.InterruptedException: sleep interrupted
	at java.lang.Thread.sleep(Native Method)
	at java.lang.Thread.sleep(Thread.java:340)
	at java.util.concurrent.TimeUnit.sleep(TimeUnit.java:386)
	at org.apache.ratis.util.TimeDuration.sleep(TimeDuration.java:324)
	at org.apache.ratis.util.TimeDuration.sleep(TimeDuration.java:309)
	at org.apache.ratis.server.impl.FollowerState.run(FollowerState.java:118)
2021-09-05 01:39:58,198 [Command processor thread] INFO  impl.StateMachineUpdater (StateMachineUpdater.java:stopAndJoin(149)) - cff69f77-ea12-413c-a988-d2a44a5ca406@group-19CEC8DA33B6-StateMachineUpdater: set stopIndex = 11
2021-09-05 01:39:58,198 [Command processor thread] INFO  server.RaftServer$Division (ServerState.java:close(419)) - cff69f77-ea12-413c-a988-d2a44a5ca406@group-19CEC8DA33B6: closes. applyIndex: 11
2021-09-05 01:39:58,201 [cff69f77-ea12-413c-a988-d2a44a5ca406@group-19CEC8DA33B6-SegmentedRaftLogWorker] INFO  segmented.SegmentedRaftLogWorker (SegmentedRaftLogWorker.java:run(327)) - cff69f77-ea12-413c-a988-d2a44a5ca406@group-19CEC8DA33B6-SegmentedRaftLogWorker was interrupted, exiting. There are 0 tasks remaining in the queue.
2021-09-05 01:39:58,239 [Command processor thread] INFO  segmented.SegmentedRaftLogWorker (SegmentedRaftLogWorker.java:close(237)) - cff69f77-ea12-413c-a988-d2a44a5ca406@group-19CEC8DA33B6-SegmentedRaftLogWorker close()
2021-09-05 01:39:58,249 [Command processor thread] INFO  keyvalue.KeyValueContainer (KeyValueContainer.java:flushAndSyncDB(397)) - Container 1 is synced with bcsId 10.
2021-09-05 01:39:58,249 [Command processor thread] INFO  keyvalue.KeyValueContainer (KeyValueContainer.java:flushAndSyncDB(397)) - Container 1 is synced with bcsId 10.
2021-09-05 01:39:58,257 [Command processor thread] INFO  server.RaftServer$Division (RaftServerImpl.java:groupRemove(377)) - cff69f77-ea12-413c-a988-d2a44a5ca406@group-19CEC8DA33B6: Succeed to remove RaftStorageDirectory Storage Directory /home/runner/work/ozone/ozone/hadoop-ozone/integration-test/target/test-dir/MiniOzoneClusterImpl-37340386-36af-4fa8-9723-b8f583b28ff6/datanode-0/data/ratis/b5503130-8cd7-47db-995f-19cec8da33b6
2021-09-05 01:39:58,258 [Command processor thread] INFO  commandhandler.ClosePipelineCommandHandler (ClosePipelineCommandHandler.java:handle(75)) - Close Pipeline PipelineID=b5503130-8cd7-47db-995f-19cec8da33b6 command on datanode cff69f77-ea12-413c-a988-d2a44a5ca406.
2021-09-05 01:39:58,258 [Command processor thread] INFO  server.RaftServer (RaftServerProxy.java:remove(106)) - cff69f77-ea12-413c-a988-d2a44a5ca406: remove  FOLLOWER cff69f77-ea12-413c-a988-d2a44a5ca406@group-FC73588AFD2D:t1, leader=null, voted=fdb9e53e-0679-45da-9a61-20e122f839df, raftlog=cff69f77-ea12-413c-a988-d2a44a5ca406@group-FC73588AFD2D-SegmentedRaftLog:OPENED:c0,f0,i0, conf=0: [fdb9e53e-0679-45da-9a61-20e122f839df|rpc:10.1.0.25:40867|dataStream:|priority:1, cff69f77-ea12-413c-a988-d2a44a5ca406|rpc:10.1.0.25:34387|dataStream:|priority:0, be41d154-e08a-4361-999c-a2746058d00f|rpc:10.1.0.25:33043|dataStream:|priority:0], old=null RUNNING
2021-09-05 01:39:58,258 [Command processor thread] INFO  server.RaftServer$Division (RaftServerImpl.java:lambda$close$4(407)) - cff69f77-ea12-413c-a988-d2a44a5ca406@group-FC73588AFD2D: shutdown
2021-09-05 01:39:58,258 [Command processor thread] INFO  util.JmxRegister (JmxRegister.java:unregister(73)) - Successfully un-registered JMX Bean with object name Ratis:service=RaftServer,group=group-FC73588AFD2D,id=cff69f77-ea12-413c-a988-d2a44a5ca406
2021-09-05 01:39:58,258 [Command processor thread] INFO  impl.RoleInfo (RoleInfo.java:shutdownFollowerState(108)) - cff69f77-ea12-413c-a988-d2a44a5ca406: shutdown cff69f77-ea12-413c-a988-d2a44a5ca406@group-FC73588AFD2D-FollowerState
2021-09-05 01:39:58,258 [Datanode State Machine Thread - 0] WARN  statemachine.StateContext (StateContext.java:execute(621)) - No available thread in pool for past 1 seconds.
2021-09-05 01:39:58,259 [EventQueue-IncrementalContainerReportForIncrementalContainerReportHandler] INFO  container.IncrementalContainerReportHandler (AbstractContainerReportHandler.java:updateContainerState(216)) - Moving container #1 to QUASI_CLOSED state, datanode cff69f77-ea12-413c-a988-d2a44a5ca406{ip: 10.1.0.25, host: fv-az270-420.tacnzluakwdehk1hpragurqkma.bx.internal.cloudapp.net, ports: [REPLICATION=40651, RATIS=34387, RATIS_ADMIN=34387, RATIS_SERVER=34387, STANDALONE=34759], networkLocation: /default-rack, certSerialId: null, persistedOpState: IN_SERVICE, persistedOpStateExpiryEpochSec: 0} reported QUASI_CLOSED replica.
2021-09-05 01:39:58,260 [cff69f77-ea12-413c-a988-d2a44a5ca406@group-FC73588AFD2D-FollowerState] INFO  impl.FollowerState (FollowerState.java:run(143)) - cff69f77-ea12-413c-a988-d2a44a5ca406@group-FC73588AFD2D-FollowerState was interrupted: {}
java.lang.InterruptedException: sleep interrupted
	at java.lang.Thread.sleep(Native Method)
	at java.lang.Thread.sleep(Thread.java:340)
	at java.util.concurrent.TimeUnit.sleep(TimeUnit.java:386)
	at org.apache.ratis.util.TimeDuration.sleep(TimeDuration.java:324)
	at org.apache.ratis.util.TimeDuration.sleep(TimeDuration.java:309)
	at org.apache.ratis.server.impl.FollowerState.run(FollowerState.java:118)
2021-09-05 01:39:58,260 [Command processor thread] INFO  impl.StateMachineUpdater (StateMachineUpdater.java:stopAndJoin(149)) - cff69f77-ea12-413c-a988-d2a44a5ca406@group-FC73588AFD2D-StateMachineUpdater: set stopIndex = 0
2021-09-05 01:39:58,269 [Command processor thread] INFO  server.RaftServer$Division (ServerState.java:close(419)) - cff69f77-ea12-413c-a988-d2a44a5ca406@group-FC73588AFD2D: closes. applyIndex: 0
2021-09-05 01:39:58,269 [cff69f77-ea12-413c-a988-d2a44a5ca406@group-FC73588AFD2D-SegmentedRaftLogWorker] INFO  segmented.SegmentedRaftLogWorker (SegmentedRaftLogWorker.java:run(327)) - cff69f77-ea12-413c-a988-d2a44a5ca406@group-FC73588AFD2D-SegmentedRaftLogWorker was interrupted, exiting. There are 0 tasks remaining in the queue.
2021-09-05 01:39:58,272 [Command processor thread] INFO  segmented.SegmentedRaftLogWorker (SegmentedRaftLogWorker.java:close(237)) - cff69f77-ea12-413c-a988-d2a44a5ca406@group-FC73588AFD2D-SegmentedRaftLogWorker close()
2021-09-05 01:39:58,274 [Command processor thread] INFO  server.RaftServer$Division (RaftServerImpl.java:groupRemove(377)) - cff69f77-ea12-413c-a988-d2a44a5ca406@group-FC73588AFD2D: Succeed to remove RaftStorageDirectory Storage Directory /home/runner/work/ozone/ozone/hadoop-ozone/integration-test/target/test-dir/MiniOzoneClusterImpl-37340386-36af-4fa8-9723-b8f583b28ff6/datanode-0/data/ratis/97e19d54-76f6-4db6-b4a5-fc73588afd2d
2021-09-05 01:39:58,274 [Command processor thread] INFO  commandhandler.ClosePipelineCommandHandler (ClosePipelineCommandHandler.java:handle(75)) - Close Pipeline PipelineID=97e19d54-76f6-4db6-b4a5-fc73588afd2d command on datanode cff69f77-ea12-413c-a988-d2a44a5ca406.
2021-09-05 01:39:58,274 [Command processor thread] INFO  server.RaftServer (RaftServerProxy.java:remove(106)) - cff69f77-ea12-413c-a988-d2a44a5ca406: remove  FOLLOWER cff69f77-ea12-413c-a988-d2a44a5ca406@group-6DE84E8794FA:t2, leader=null, voted=cff69f77-ea12-413c-a988-d2a44a5ca406, raftlog=cff69f77-ea12-413c-a988-d2a44a5ca406@group-6DE84E8794FA-SegmentedRaftLog:OPENED:c0,f0,i0, conf=0: [fdb9e53e-0679-45da-9a61-20e122f839df|rpc:10.1.0.25:40867|dataStream:|priority:0, cff69f77-ea12-413c-a988-d2a44a5ca406|rpc:10.1.0.25:34387|dataStream:|priority:1, be41d154-e08a-4361-999c-a2746058d00f|rpc:10.1.0.25:33043|dataStream:|priority:0], old=null RUNNING
2021-09-05 01:39:58,274 [Command processor thread] INFO  server.RaftServer$Division (RaftServerImpl.java:lambda$close$4(407)) - cff69f77-ea12-413c-a988-d2a44a5ca406@group-6DE84E8794FA: shutdown
2021-09-05 01:39:58,274 [Command processor thread] INFO  util.JmxRegister (JmxRegister.java:unregister(73)) - Successfully un-registered JMX Bean with object name Ratis:service=RaftServer,group=group-6DE84E8794FA,id=cff69f77-ea12-413c-a988-d2a44a5ca406
2021-09-05 01:39:58,274 [Command processor thread] INFO  impl.RoleInfo (RoleInfo.java:shutdownFollowerState(108)) - cff69f77-ea12-413c-a988-d2a44a5ca406: shutdown cff69f77-ea12-413c-a988-d2a44a5ca406@group-6DE84E8794FA-FollowerState
2021-09-05 01:39:58,274 [cff69f77-ea12-413c-a988-d2a44a5ca406@group-6DE84E8794FA-FollowerState] INFO  impl.FollowerState (FollowerState.java:run(143)) - cff69f77-ea12-413c-a988-d2a44a5ca406@group-6DE84E8794FA-FollowerState was interrupted: {}
java.lang.InterruptedException: sleep interrupted
	at java.lang.Thread.sleep(Native Method)
	at java.lang.Thread.sleep(Thread.java:340)
	at java.util.concurrent.TimeUnit.sleep(TimeUnit.java:386)
	at org.apache.ratis.util.TimeDuration.sleep(TimeDuration.java:324)
	at org.apache.ratis.util.TimeDuration.sleep(TimeDuration.java:309)
	at org.apache.ratis.server.impl.FollowerState.run(FollowerState.java:118)
2021-09-05 01:39:58,281 [Command processor thread] INFO  impl.StateMachineUpdater (StateMachineUpdater.java:stopAndJoin(149)) - cff69f77-ea12-413c-a988-d2a44a5ca406@group-6DE84E8794FA-StateMachineUpdater: set stopIndex = 0
2021-09-05 01:39:58,281 [Command processor thread] INFO  server.RaftServer$Division (ServerState.java:close(419)) - cff69f77-ea12-413c-a988-d2a44a5ca406@group-6DE84E8794FA: closes. applyIndex: 0
2021-09-05 01:39:58,281 [cff69f77-ea12-413c-a988-d2a44a5ca406@group-6DE84E8794FA-SegmentedRaftLogWorker] INFO  segmented.SegmentedRaftLogWorker (SegmentedRaftLogWorker.java:run(327)) - cff69f77-ea12-413c-a988-d2a44a5ca406@group-6DE84E8794FA-SegmentedRaftLogWorker was interrupted, exiting. There are 0 tasks remaining in the queue.
2021-09-05 01:39:58,294 [Command processor thread] INFO  segmented.SegmentedRaftLogWorker (SegmentedRaftLogWorker.java:close(237)) - cff69f77-ea12-413c-a988-d2a44a5ca406@group-6DE84E8794FA-SegmentedRaftLogWorker close()
2021-09-05 01:39:58,306 [Command processor thread] INFO  server.RaftServer$Division (RaftServerImpl.java:groupRemove(377)) - cff69f77-ea12-413c-a988-d2a44a5ca406@group-6DE84E8794FA: Succeed to remove RaftStorageDirectory Storage Directory /home/runner/work/ozone/ozone/hadoop-ozone/integration-test/target/test-dir/MiniOzoneClusterImpl-37340386-36af-4fa8-9723-b8f583b28ff6/datanode-0/data/ratis/804a25d7-b2b5-40eb-8b1c-6de84e8794fa
2021-09-05 01:39:58,306 [Command processor thread] INFO  commandhandler.ClosePipelineCommandHandler (ClosePipelineCommandHandler.java:handle(75)) - Close Pipeline PipelineID=804a25d7-b2b5-40eb-8b1c-6de84e8794fa command on datanode cff69f77-ea12-413c-a988-d2a44a5ca406.
2021-09-05 01:39:58,306 [Command processor thread] INFO  server.RaftServer (RaftServerProxy.java:remove(106)) - cff69f77-ea12-413c-a988-d2a44a5ca406: remove  FOLLOWER cff69f77-ea12-413c-a988-d2a44a5ca406@group-C6B97DF9FEBA:t2, leader=null, voted=cff69f77-ea12-413c-a988-d2a44a5ca406, raftlog=cff69f77-ea12-413c-a988-d2a44a5ca406@group-C6B97DF9FEBA-SegmentedRaftLog:OPENED:c0,f0,i0, conf=0: [fdb9e53e-0679-45da-9a61-20e122f839df|rpc:10.1.0.25:40867|dataStream:|priority:0, cff69f77-ea12-413c-a988-d2a44a5ca406|rpc:10.1.0.25:34387|dataStream:|priority:0, be41d154-e08a-4361-999c-a2746058d00f|rpc:10.1.0.25:33043|dataStream:|priority:1], old=null RUNNING
2021-09-05 01:39:58,306 [Command processor thread] INFO  server.RaftServer$Division (RaftServerImpl.java:lambda$close$4(407)) - cff69f77-ea12-413c-a988-d2a44a5ca406@group-C6B97DF9FEBA: shutdown
2021-09-05 01:39:58,307 [Command processor thread] INFO  util.JmxRegister (JmxRegister.java:unregister(73)) - Successfully un-registered JMX Bean with object name Ratis:service=RaftServer,group=group-C6B97DF9FEBA,id=cff69f77-ea12-413c-a988-d2a44a5ca406
2021-09-05 01:39:58,307 [Command processor thread] INFO  impl.RoleInfo (RoleInfo.java:shutdownFollowerState(108)) - cff69f77-ea12-413c-a988-d2a44a5ca406: shutdown cff69f77-ea12-413c-a988-d2a44a5ca406@group-C6B97DF9FEBA-FollowerState
2021-09-05 01:39:58,307 [Command processor thread] INFO  impl.StateMachineUpdater (StateMachineUpdater.java:stopAndJoin(149)) - cff69f77-ea12-413c-a988-d2a44a5ca406@group-C6B97DF9FEBA-StateMachineUpdater: set stopIndex = 0
2021-09-05 01:39:58,307 [Command processor thread] INFO  server.RaftServer$Division (ServerState.java:close(419)) - cff69f77-ea12-413c-a988-d2a44a5ca406@group-C6B97DF9FEBA: closes. applyIndex: 0
2021-09-05 01:39:58,307 [cff69f77-ea12-413c-a988-d2a44a5ca406@group-C6B97DF9FEBA-SegmentedRaftLogWorker] INFO  segmented.SegmentedRaftLogWorker (SegmentedRaftLogWorker.java:run(327)) - cff69f77-ea12-413c-a988-d2a44a5ca406@group-C6B97DF9FEBA-SegmentedRaftLogWorker was interrupted, exiting. There are 0 tasks remaining in the queue.
2021-09-05 01:39:58,321 [cff69f77-ea12-413c-a988-d2a44a5ca406@group-C6B97DF9FEBA-FollowerState] INFO  impl.FollowerState (FollowerState.java:run(143)) - cff69f77-ea12-413c-a988-d2a44a5ca406@group-C6B97DF9FEBA-FollowerState was interrupted: {}
java.lang.InterruptedException: sleep interrupted
	at java.lang.Thread.sleep(Native Method)
	at java.lang.Thread.sleep(Thread.java:340)
	at java.util.concurrent.TimeUnit.sleep(TimeUnit.java:386)
	at org.apache.ratis.util.TimeDuration.sleep(TimeDuration.java:324)
	at org.apache.ratis.util.TimeDuration.sleep(TimeDuration.java:309)
	at org.apache.ratis.server.impl.FollowerState.run(FollowerState.java:118)
2021-09-05 01:39:58,326 [Command processor thread] INFO  segmented.SegmentedRaftLogWorker (SegmentedRaftLogWorker.java:close(237)) - cff69f77-ea12-413c-a988-d2a44a5ca406@group-C6B97DF9FEBA-SegmentedRaftLogWorker close()
2021-09-05 01:39:58,329 [Command processor thread] INFO  server.RaftServer$Division (RaftServerImpl.java:groupRemove(377)) - cff69f77-ea12-413c-a988-d2a44a5ca406@group-C6B97DF9FEBA: Succeed to remove RaftStorageDirectory Storage Directory /home/runner/work/ozone/ozone/hadoop-ozone/integration-test/target/test-dir/MiniOzoneClusterImpl-37340386-36af-4fa8-9723-b8f583b28ff6/datanode-0/data/ratis/61f36f49-61fb-4aab-819c-c6b97df9feba
2021-09-05 01:39:58,330 [Command processor thread] INFO  commandhandler.ClosePipelineCommandHandler (ClosePipelineCommandHandler.java:handle(75)) - Close Pipeline PipelineID=61f36f49-61fb-4aab-819c-c6b97df9feba command on datanode cff69f77-ea12-413c-a988-d2a44a5ca406.
2021-09-05 01:39:58,330 [Command processor thread] WARN  server.RaftServer (RaftServerProxy.java:remove(101)) - cff69f77-ea12-413c-a988-d2a44a5ca406: does not contain group: group-19CEC8DA33B6
2021-09-05 01:39:58,330 [Command processor thread] ERROR commandhandler.ClosePipelineCommandHandler (ClosePipelineCommandHandler.java:handle(78)) - Can't close pipeline PipelineID=b5503130-8cd7-47db-995f-19cec8da33b6
java.io.IOException: cff69f77-ea12-413c-a988-d2a44a5ca406: Group group-19CEC8DA33B6 not found.
	at org.apache.hadoop.ozone.container.common.transport.server.ratis.XceiverServerRatis.removeGroup(XceiverServerRatis.java:781)
	at org.apache.hadoop.ozone.container.common.statemachine.commandhandler.ClosePipelineCommandHandler.handle(ClosePipelineCommandHandler.java:74)
	at org.apache.hadoop.ozone.container.common.statemachine.commandhandler.CommandDispatcher.handle(CommandDispatcher.java:99)
	at org.apache.hadoop.ozone.container.common.statemachine.DatanodeStateMachine.lambda$initCommandHandlerThread$2(DatanodeStateMachine.java:556)
	at java.lang.Thread.run(Thread.java:748)
Caused by: org.apache.ratis.protocol.exceptions.GroupMismatchException: cff69f77-ea12-413c-a988-d2a44a5ca406: Group group-19CEC8DA33B6 not found.
	at org.apache.ratis.server.impl.RaftServerProxy.groupRemoveAsync(RaftServerProxy.java:504)
	at org.apache.ratis.server.impl.RaftServerProxy.groupManagementAsync(RaftServerProxy.java:460)
	at org.apache.ratis.server.impl.RaftServerProxy.groupManagement(RaftServerProxy.java:440)
	at org.apache.hadoop.ozone.container.common.transport.server.ratis.XceiverServerRatis.removeGroup(XceiverServerRatis.java:779)
	... 4 more
2021-09-05 01:39:58,330 [Command processor thread] WARN  server.RaftServer (RaftServerProxy.java:remove(101)) - cff69f77-ea12-413c-a988-d2a44a5ca406: does not contain group: group-FC73588AFD2D
2021-09-05 01:39:58,330 [Command processor thread] ERROR commandhandler.ClosePipelineCommandHandler (ClosePipelineCommandHandler.java:handle(78)) - Can't close pipeline PipelineID=97e19d54-76f6-4db6-b4a5-fc73588afd2d
java.io.IOException: cff69f77-ea12-413c-a988-d2a44a5ca406: Group group-FC73588AFD2D not found.
	at org.apache.hadoop.ozone.container.common.transport.server.ratis.XceiverServerRatis.removeGroup(XceiverServerRatis.java:781)
	at org.apache.hadoop.ozone.container.common.statemachine.commandhandler.ClosePipelineCommandHandler.handle(ClosePipelineCommandHandler.java:74)
	at org.apache.hadoop.ozone.container.common.statemachine.commandhandler.CommandDispatcher.handle(CommandDispatcher.java:99)
	at org.apache.hadoop.ozone.container.common.statemachine.DatanodeStateMachine.lambda$initCommandHandlerThread$2(DatanodeStateMachine.java:556)
	at java.lang.Thread.run(Thread.java:748)
Caused by: org.apache.ratis.protocol.exceptions.GroupMismatchException: cff69f77-ea12-413c-a988-d2a44a5ca406: Group group-FC73588AFD2D not found.
	at org.apache.ratis.server.impl.RaftServerProxy.groupRemoveAsync(RaftServerProxy.java:504)
	at org.apache.ratis.server.impl.RaftServerProxy.groupManagementAsync(RaftServerProxy.java:460)
	at org.apache.ratis.server.impl.RaftServerProxy.groupManagement(RaftServerProxy.java:440)
	at org.apache.hadoop.ozone.container.common.transport.server.ratis.XceiverServerRatis.removeGroup(XceiverServerRatis.java:779)
	... 4 more
2021-09-05 01:39:58,330 [Command processor thread] WARN  server.RaftServer (RaftServerProxy.java:remove(101)) - cff69f77-ea12-413c-a988-d2a44a5ca406: does not contain group: group-6DE84E8794FA
2021-09-05 01:39:58,330 [Command processor thread] ERROR commandhandler.ClosePipelineCommandHandler (ClosePipelineCommandHandler.java:handle(78)) - Can't close pipeline PipelineID=804a25d7-b2b5-40eb-8b1c-6de84e8794fa
java.io.IOException: cff69f77-ea12-413c-a988-d2a44a5ca406: Group group-6DE84E8794FA not found.
	at org.apache.hadoop.ozone.container.common.transport.server.ratis.XceiverServerRatis.removeGroup(XceiverServerRatis.java:781)
	at org.apache.hadoop.ozone.container.common.statemachine.commandhandler.ClosePipelineCommandHandler.handle(ClosePipelineCommandHandler.java:74)
	at org.apache.hadoop.ozone.container.common.statemachine.commandhandler.CommandDispatcher.handle(CommandDispatcher.java:99)
	at org.apache.hadoop.ozone.container.common.statemachine.DatanodeStateMachine.lambda$initCommandHandlerThread$2(DatanodeStateMachine.java:556)
	at java.lang.Thread.run(Thread.java:748)
Caused by: org.apache.ratis.protocol.exceptions.GroupMismatchException: cff69f77-ea12-413c-a988-d2a44a5ca406: Group group-6DE84E8794FA not found.
	at org.apache.ratis.server.impl.RaftServerProxy.groupRemoveAsync(RaftServerProxy.java:504)
	at org.apache.ratis.server.impl.RaftServerProxy.groupManagementAsync(RaftServerProxy.java:460)
	at org.apache.ratis.server.impl.RaftServerProxy.groupManagement(RaftServerProxy.java:440)
	at org.apache.hadoop.ozone.container.common.transport.server.ratis.XceiverServerRatis.removeGroup(XceiverServerRatis.java:779)
	... 4 more
2021-09-05 01:39:58,330 [Command processor thread] WARN  server.RaftServer (RaftServerProxy.java:remove(101)) - cff69f77-ea12-413c-a988-d2a44a5ca406: does not contain group: group-C6B97DF9FEBA
2021-09-05 01:39:58,330 [Command processor thread] ERROR commandhandler.ClosePipelineCommandHandler (ClosePipelineCommandHandler.java:handle(78)) - Can't close pipeline PipelineID=61f36f49-61fb-4aab-819c-c6b97df9feba
java.io.IOException: cff69f77-ea12-413c-a988-d2a44a5ca406: Group group-C6B97DF9FEBA not found.
	at org.apache.hadoop.ozone.container.common.transport.server.ratis.XceiverServerRatis.removeGroup(XceiverServerRatis.java:781)
	at org.apache.hadoop.ozone.container.common.statemachine.commandhandler.ClosePipelineCommandHandler.handle(ClosePipelineCommandHandler.java:74)
	at org.apache.hadoop.ozone.container.common.statemachine.commandhandler.CommandDispatcher.handle(CommandDispatcher.java:99)
	at org.apache.hadoop.ozone.container.common.statemachine.DatanodeStateMachine.lambda$initCommandHandlerThread$2(DatanodeStateMachine.java:556)
	at java.lang.Thread.run(Thread.java:748)
Caused by: org.apache.ratis.protocol.exceptions.GroupMismatchException: cff69f77-ea12-413c-a988-d2a44a5ca406: Group group-C6B97DF9FEBA not found.
	at org.apache.ratis.server.impl.RaftServerProxy.groupRemoveAsync(RaftServerProxy.java:504)
	at org.apache.ratis.server.impl.RaftServerProxy.groupManagementAsync(RaftServerProxy.java:460)
	at org.apache.ratis.server.impl.RaftServerProxy.groupManagement(RaftServerProxy.java:440)
	at org.apache.hadoop.ozone.container.common.transport.server.ratis.XceiverServerRatis.removeGroup(XceiverServerRatis.java:779)
	... 4 more
2021-09-05 01:39:58,331 [pool-693-thread-1] INFO  server.RaftServer$Division (RaftServerImpl.java:<init>(181)) - cff69f77-ea12-413c-a988-d2a44a5ca406: new RaftServerImpl for group-20F380F3B230:[cff69f77-ea12-413c-a988-d2a44a5ca406|rpc:10.1.0.25:34387|priority:1] with ContainerStateMachine:uninitialized
2021-09-05 01:39:58,331 [pool-693-thread-1] INFO  server.RaftServerConfigKeys (ConfUtils.java:logGet(44)) - raft.server.rpc.timeout.min = 5s (custom)
2021-09-05 01:39:58,331 [pool-693-thread-1] INFO  server.RaftServerConfigKeys (ConfUtils.java:logGet(44)) - raft.server.rpc.timeout.max = 5200ms (custom)
2021-09-05 01:39:58,331 [pool-693-thread-1] INFO  server.RaftServerConfigKeys (ConfUtils.java:logGet(44)) - raft.server.rpc.sleep.time = 25ms (default)
2021-09-05 01:39:58,331 [pool-693-thread-1] INFO  server.RaftServerConfigKeys (ConfUtils.java:logGet(44)) - raft.server.rpc.slowness.timeout = 300000ms (custom)
2021-09-05 01:39:58,331 [pool-693-thread-1] INFO  server.RaftServerConfigKeys (ConfUtils.java:logGet(44)) - raft.server.leaderelection.leader.step-down.wait-time = 10s (default)
2021-09-05 01:39:58,332 [pool-693-thread-1] INFO  server.RaftServerConfigKeys (ConfUtils.java:logGet(44)) - raft.server.sleep.deviation.threshold = 300ms (default)
2021-09-05 01:39:58,332 [pool-693-thread-1] INFO  server.RaftServerConfigKeys (ConfUtils.java:logGet(44)) - raft.server.log.appender.install.snapshot.enabled = false (custom)
2021-09-05 01:39:58,332 [pool-693-thread-1] INFO  server.RaftServer$Division (ServerState.java:<init>(105)) - cff69f77-ea12-413c-a988-d2a44a5ca406@group-20F380F3B230: ConfigurationManager, init=-1: [cff69f77-ea12-413c-a988-d2a44a5ca406|rpc:10.1.0.25:34387|priority:1], old=null, confs=<EMPTY_MAP>
2021-09-05 01:39:58,332 [pool-693-thread-1] INFO  server.RaftServerConfigKeys (ConfUtils.java:logGet(44)) - raft.server.storage.dir = [/home/runner/work/ozone/ozone/hadoop-ozone/integration-test/target/test-dir/MiniOzoneClusterImpl-37340386-36af-4fa8-9723-b8f583b28ff6/datanode-0/data/ratis] (custom)
2021-09-05 01:39:58,332 [pool-693-thread-1] INFO  server.RaftServerConfigKeys (ConfUtils.java:logGet(44)) - raft.server.log.corruption.policy = EXCEPTION (default)
2021-09-05 01:39:58,332 [pool-693-thread-1] INFO  server.RaftServerConfigKeys (ConfUtils.java:logGet(44)) - raft.server.storage.free-space.min = 0MB (=0) (default)
2021-09-05 01:39:58,332 [pool-693-thread-1] INFO  storage.RaftStorageDirectory (RaftStorageDirectoryImpl.java:analyzeStorage(135)) - The storage directory /home/runner/work/ozone/ozone/hadoop-ozone/integration-test/target/test-dir/MiniOzoneClusterImpl-37340386-36af-4fa8-9723-b8f583b28ff6/datanode-0/data/ratis/71fff1d0-b04d-404c-8209-20f380f3b230 does not exist. Creating ...
2021-09-05 01:39:58,332 [Command processor thread] INFO  server.RaftServer (RaftServerProxy.java:addNew(95)) - cff69f77-ea12-413c-a988-d2a44a5ca406: addNew group-20F380F3B230:[cff69f77-ea12-413c-a988-d2a44a5ca406|rpc:10.1.0.25:34387|priority:1] returns group-20F380F3B230:java.util.concurrent.CompletableFuture@1506c72d[Not completed]
2021-09-05 01:39:58,337 [pool-693-thread-1] INFO  storage.RaftStorageDirectory (RaftStorageDirectoryImpl.java:tryLock(230)) - Lock on /home/runner/work/ozone/ozone/hadoop-ozone/integration-test/target/test-dir/MiniOzoneClusterImpl-37340386-36af-4fa8-9723-b8f583b28ff6/datanode-0/data/ratis/71fff1d0-b04d-404c-8209-20f380f3b230/in_use.lock acquired by nodename 19671@fv-az270-420
2021-09-05 01:39:58,338 [pool-693-thread-1] INFO  storage.RaftStorage (RaftStorageImpl.java:format(89)) - Storage directory /home/runner/work/ozone/ozone/hadoop-ozone/integration-test/target/test-dir/MiniOzoneClusterImpl-37340386-36af-4fa8-9723-b8f583b28ff6/datanode-0/data/ratis/71fff1d0-b04d-404c-8209-20f380f3b230 has been successfully formatted.
2021-09-05 01:39:58,339 [pool-693-thread-1] INFO  ratis.ContainerStateMachine (ContainerStateMachine.java:loadSnapshot(224)) - group-20F380F3B230: The snapshot info is null. Setting the last applied indexto:(t:0, i:~)
2021-09-05 01:39:58,339 [Datanode State Machine Thread - 0] WARN  statemachine.StateContext (StateContext.java:execute(621)) - No available thread in pool for past 1 seconds.
2021-09-05 01:39:58,339 [pool-693-thread-1] INFO  server.RaftServerConfigKeys (ConfUtils.java:logGet(44)) - raft.server.notification.no-leader.timeout = 300000ms (custom)
2021-09-05 01:39:58,339 [pool-693-thread-1] INFO  server.RaftServerConfigKeys (ConfUtils.java:logGet(44)) - raft.server.log.use.memory = false (default)
2021-09-05 01:39:58,339 [pool-693-thread-1] INFO  server.RaftServerConfigKeys (ConfUtils.java:logGet(44)) - raft.server.log.purge.gap = 1000000 (custom)
2021-09-05 01:39:58,339 [pool-693-thread-1] INFO  server.RaftServerConfigKeys (ConfUtils.java:logGet(44)) - raft.server.log.appender.buffer.byte-limit = 33554432 (custom)
2021-09-05 01:39:58,339 [pool-693-thread-1] INFO  server.RaftServerConfigKeys (ConfUtils.java:logGet(44)) - raft.server.log.segment.size.max = 1048576 (custom)
2021-09-05 01:39:58,340 [pool-693-thread-1] INFO  server.RaftServerConfigKeys (ConfUtils.java:logGet(44)) - raft.server.log.segment.cache.num.max = 2 (custom)
2021-09-05 01:39:58,340 [pool-693-thread-1] INFO  server.RaftServerConfigKeys (ConfUtils.java:logGet(44)) - raft.server.log.segment.cache.size.max = 200MB (=209715200) (default)
2021-09-05 01:39:58,340 [pool-693-thread-1] INFO  segmented.SegmentedRaftLogWorker (SegmentedRaftLogWorker.java:<init>(182)) - new cff69f77-ea12-413c-a988-d2a44a5ca406@group-20F380F3B230-SegmentedRaftLogWorker for RaftStorageImpl:Storage Directory /home/runner/work/ozone/ozone/hadoop-ozone/integration-test/target/test-dir/MiniOzoneClusterImpl-37340386-36af-4fa8-9723-b8f583b28ff6/datanode-0/data/ratis/71fff1d0-b04d-404c-8209-20f380f3b230
2021-09-05 01:39:58,340 [pool-693-thread-1] INFO  server.RaftServerConfigKeys (ConfUtils.java:logGet(44)) - raft.server.log.queue.byte-limit = 2147483647 (custom)
2021-09-05 01:39:58,340 [pool-693-thread-1] INFO  server.RaftServerConfigKeys (ConfUtils.java:logGet(44)) - raft.server.log.queue.element-limit = 1024 (custom)
2021-09-05 01:39:58,340 [pool-693-thread-1] INFO  server.RaftServerConfigKeys (ConfUtils.java:logGet(44)) - raft.server.log.segment.size.max = 1048576 (custom)
2021-09-05 01:39:58,340 [pool-693-thread-1] INFO  server.RaftServerConfigKeys (ConfUtils.java:logGet(44)) - raft.server.log.preallocated.size = 16384 (custom)
2021-09-05 01:39:58,340 [pool-693-thread-1] INFO  server.RaftServerConfigKeys (ConfUtils.java:logGet(44)) - raft.server.log.force.sync.num = 128 (default)
2021-09-05 01:39:58,340 [pool-693-thread-1] INFO  server.RaftServerConfigKeys (ConfUtils.java:logGet(44)) - raft.server.log.statemachine.data.sync = true (default)
2021-09-05 01:39:58,340 [pool-693-thread-1] INFO  server.RaftServerConfigKeys (ConfUtils.java:logGet(44)) - raft.server.log.statemachine.data.sync.timeout = 10s (default)
2021-09-05 01:39:58,340 [pool-693-thread-1] INFO  server.RaftServerConfigKeys (ConfUtils.java:logGet(44)) - raft.server.log.statemachine.data.sync.timeout.retry = -1 (default)
2021-09-05 01:39:58,343 [EventQueue-PipelineReportForPipelineReportHandler] INFO  pipeline.PipelineManagerImpl (PipelineManagerImpl.java:openPipeline(282)) - Pipeline Pipeline[ Id: 71fff1d0-b04d-404c-8209-20f380f3b230, Nodes: cff69f77-ea12-413c-a988-d2a44a5ca406{ip: 10.1.0.25, host: fv-az270-420.tacnzluakwdehk1hpragurqkma.bx.internal.cloudapp.net, ports: [REPLICATION=40651, RATIS=34387, RATIS_ADMIN=34387, RATIS_SERVER=34387, STANDALONE=34759], networkLocation: /default-rack, certSerialId: null, persistedOpState: IN_SERVICE, persistedOpStateExpiryEpochSec: 0}, ReplicationConfig: RATIS/ONE, State:ALLOCATED, leaderId:cff69f77-ea12-413c-a988-d2a44a5ca406, CreationTimestamp2021-09-05T01:39:57.398Z[Etc/UTC]] moved to OPEN state
2021-09-05 01:39:58,345 [pool-693-thread-1] INFO  server.RaftServerConfigKeys (ConfUtils.java:logGet(44)) - raft.server.log.write.buffer.size = 1048576 (custom)
2021-09-05 01:39:58,345 [pool-693-thread-1] INFO  server.RaftServerConfigKeys (ConfUtils.java:logGet(44)) - raft.server.log.statemachine.data.caching.enabled = true (custom)
2021-09-05 01:39:58,345 [pool-693-thread-1] INFO  segmented.SegmentedRaftLogWorker (SegmentedRaftLogWorker.java:lambda$new$0(133)) - cff69f77-ea12-413c-a988-d2a44a5ca406@group-20F380F3B230-SegmentedRaftLogWorker: flushIndex: setUnconditionally 0 -> -1
2021-09-05 01:39:58,345 [pool-693-thread-1] INFO  segmented.SegmentedRaftLogWorker (SegmentedRaftLogWorker.java:lambda$new$0(133)) - cff69f77-ea12-413c-a988-d2a44a5ca406@group-20F380F3B230-SegmentedRaftLogWorker: safeCacheEvictIndex: setUnconditionally 0 -> -1
2021-09-05 01:39:58,358 [pool-693-thread-1] INFO  server.RaftServerConfigKeys (ConfUtils.java:logGet(44)) - raft.server.snapshot.auto.trigger.enabled = true (custom)
2021-09-05 01:39:58,358 [pool-693-thread-1] INFO  server.RaftServerConfigKeys (ConfUtils.java:logGet(44)) - raft.server.snapshot.auto.trigger.threshold = 10000 (custom)
2021-09-05 01:39:58,358 [pool-693-thread-1] INFO  server.RaftServerConfigKeys (ConfUtils.java:logGet(44)) - raft.server.snapshot.retention.file.num = 5 (custom)
2021-09-05 01:39:58,358 [pool-693-thread-1] INFO  server.RaftServerConfigKeys (ConfUtils.java:logGet(44)) - raft.server.log.purge.upto.snapshot.index = false (default)
2021-09-05 01:39:58,358 [pool-693-thread-1] INFO  server.RaftServerConfigKeys (ConfUtils.java:logGet(44)) - raft.server.retrycache.expirytime = 600000ms (custom)
2021-09-05 01:39:58,358 [pool-693-thread-1] INFO  server.RaftServerConfigKeys (ConfUtils.java:logGet(44)) - raft.server.retrycache.statistics.expirytime = 100μs (default)
2021-09-05 01:39:58,360 [pool-693-thread-1] INFO  server.RaftServer$Division (RaftServerImpl.java:start(296)) - cff69f77-ea12-413c-a988-d2a44a5ca406@group-20F380F3B230: start as a follower, conf=-1: [cff69f77-ea12-413c-a988-d2a44a5ca406|rpc:10.1.0.25:34387|priority:1], old=null
2021-09-05 01:39:58,360 [pool-693-thread-1] INFO  server.RaftServer$Division (RaftServerImpl.java:setRole(285)) - cff69f77-ea12-413c-a988-d2a44a5ca406@group-20F380F3B230: changes role from      null to FOLLOWER at term 0 for startAsFollower
2021-09-05 01:39:58,360 [pool-693-thread-1] INFO  impl.RoleInfo (RoleInfo.java:updateAndGet(130)) - cff69f77-ea12-413c-a988-d2a44a5ca406: start cff69f77-ea12-413c-a988-d2a44a5ca406@group-20F380F3B230-FollowerState
2021-09-05 01:39:58,360 [pool-693-thread-1] INFO  util.JmxRegister (JmxRegister.java:tryRegister(44)) - Successfully registered JMX Bean with object name Ratis:service=RaftServer,group=group-20F380F3B230,id=cff69f77-ea12-413c-a988-d2a44a5ca406
2021-09-05 01:39:58,362 [Command processor thread] INFO  ratis.XceiverServerRatis (XceiverServerRatis.java:addGroup(763)) - Created group PipelineID=71fff1d0-b04d-404c-8209-20f380f3b230
2021-09-05 01:39:58,362 [Command processor thread] INFO  commandhandler.CreatePipelineCommandHandler (CreatePipelineCommandHandler.java:handle(106)) - Created Pipeline RATIS ONE PipelineID=71fff1d0-b04d-404c-8209-20f380f3b230.
2021-09-05 01:39:58,362 [Command processor thread] INFO  server.RaftServer (RaftServerProxy.java:addNew(95)) - cff69f77-ea12-413c-a988-d2a44a5ca406: addNew group-A2164613B897:[fdb9e53e-0679-45da-9a61-20e122f839df|rpc:10.1.0.25:40867|priority:1, cff69f77-ea12-413c-a988-d2a44a5ca406|rpc:10.1.0.25:34387|priority:0, 54b0752d-9f85-41d1-82b7-176712dc42d8|rpc:10.1.0.25:45159|priority:0] returns group-A2164613B897:java.util.concurrent.CompletableFuture@4a8ad048[Not completed]
2021-09-05 01:39:58,363 [pool-693-thread-1] INFO  server.RaftServer$Division (RaftServerImpl.java:<init>(181)) - cff69f77-ea12-413c-a988-d2a44a5ca406: new RaftServerImpl for group-A2164613B897:[fdb9e53e-0679-45da-9a61-20e122f839df|rpc:10.1.0.25:40867|priority:1, cff69f77-ea12-413c-a988-d2a44a5ca406|rpc:10.1.0.25:34387|priority:0, 54b0752d-9f85-41d1-82b7-176712dc42d8|rpc:10.1.0.25:45159|priority:0] with ContainerStateMachine:uninitialized
2021-09-05 01:39:58,363 [pool-693-thread-1] INFO  server.RaftServerConfigKeys (ConfUtils.java:logGet(44)) - raft.server.rpc.timeout.min = 5s (custom)
2021-09-05 01:39:58,363 [pool-693-thread-1] INFO  server.RaftServerConfigKeys (ConfUtils.java:logGet(44)) - raft.server.rpc.timeout.max = 5200ms (custom)
2021-09-05 01:39:58,363 [pool-693-thread-1] INFO  server.RaftServerConfigKeys (ConfUtils.java:logGet(44)) - raft.server.rpc.sleep.time = 25ms (default)
2021-09-05 01:39:58,363 [pool-693-thread-1] INFO  server.RaftServerConfigKeys (ConfUtils.java:logGet(44)) - raft.server.rpc.slowness.timeout = 300000ms (custom)
2021-09-05 01:39:58,363 [pool-693-thread-1] INFO  server.RaftServerConfigKeys (ConfUtils.java:logGet(44)) - raft.server.leaderelection.leader.step-down.wait-time = 10s (default)
2021-09-05 01:39:58,363 [pool-693-thread-1] INFO  server.RaftServerConfigKeys (ConfUtils.java:logGet(44)) - raft.server.sleep.deviation.threshold = 300ms (default)
2021-09-05 01:39:58,363 [pool-693-thread-1] INFO  server.RaftServerConfigKeys (ConfUtils.java:logGet(44)) - raft.server.log.appender.install.snapshot.enabled = false (custom)
2021-09-05 01:39:58,363 [pool-693-thread-1] INFO  server.RaftServer$Division (ServerState.java:<init>(105)) - cff69f77-ea12-413c-a988-d2a44a5ca406@group-A2164613B897: ConfigurationManager, init=-1: [fdb9e53e-0679-45da-9a61-20e122f839df|rpc:10.1.0.25:40867|priority:1, cff69f77-ea12-413c-a988-d2a44a5ca406|rpc:10.1.0.25:34387|priority:0, 54b0752d-9f85-41d1-82b7-176712dc42d8|rpc:10.1.0.25:45159|priority:0], old=null, confs=<EMPTY_MAP>
2021-09-05 01:39:58,363 [pool-693-thread-1] INFO  server.RaftServerConfigKeys (ConfUtils.java:logGet(44)) - raft.server.storage.dir = [/home/runner/work/ozone/ozone/hadoop-ozone/integration-test/target/test-dir/MiniOzoneClusterImpl-37340386-36af-4fa8-9723-b8f583b28ff6/datanode-0/data/ratis] (custom)
2021-09-05 01:39:58,363 [pool-693-thread-1] INFO  server.RaftServerConfigKeys (ConfUtils.java:logGet(44)) - raft.server.log.corruption.policy = EXCEPTION (default)
2021-09-05 01:39:58,363 [pool-693-thread-1] INFO  server.RaftServerConfigKeys (ConfUtils.java:logGet(44)) - raft.server.storage.free-space.min = 0MB (=0) (default)
2021-09-05 01:39:58,363 [pool-693-thread-1] INFO  storage.RaftStorageDirectory (RaftStorageDirectoryImpl.java:analyzeStorage(135)) - The storage directory /home/runner/work/ozone/ozone/hadoop-ozone/integration-test/target/test-dir/MiniOzoneClusterImpl-37340386-36af-4fa8-9723-b8f583b28ff6/datanode-0/data/ratis/d2b771ec-915a-42be-9e6e-a2164613b897 does not exist. Creating ...
2021-09-05 01:39:58,377 [pool-693-thread-1] INFO  storage.RaftStorageDirectory (RaftStorageDirectoryImpl.java:tryLock(230)) - Lock on /home/runner/work/ozone/ozone/hadoop-ozone/integration-test/target/test-dir/MiniOzoneClusterImpl-37340386-36af-4fa8-9723-b8f583b28ff6/datanode-0/data/ratis/d2b771ec-915a-42be-9e6e-a2164613b897/in_use.lock acquired by nodename 19671@fv-az270-420
2021-09-05 01:39:58,378 [pool-693-thread-1] INFO  storage.RaftStorage (RaftStorageImpl.java:format(89)) - Storage directory /home/runner/work/ozone/ozone/hadoop-ozone/integration-test/target/test-dir/MiniOzoneClusterImpl-37340386-36af-4fa8-9723-b8f583b28ff6/datanode-0/data/ratis/d2b771ec-915a-42be-9e6e-a2164613b897 has been successfully formatted.
2021-09-05 01:39:58,379 [pool-693-thread-1] INFO  ratis.ContainerStateMachine (ContainerStateMachine.java:loadSnapshot(224)) - group-A2164613B897: The snapshot info is null. Setting the last applied indexto:(t:0, i:~)
2021-09-05 01:39:58,381 [Datanode State Machine Thread - 0] WARN  statemachine.StateContext (StateContext.java:execute(621)) - No available thread in pool for past 1 seconds.
2021-09-05 01:39:58,385 [Listener at 127.0.0.1/33945] INFO  ozone.MiniOzoneClusterImpl (MiniOzoneClusterImpl.java:shutdown(453)) - Shutting down the Mini Ozone Cluster
2021-09-05 01:39:58,385 [Listener at 127.0.0.1/33945] INFO  ozone.MiniOzoneClusterImpl (MiniOzoneClusterImpl.java:stop(468)) - Stopping the Mini Ozone Cluster
2021-09-05 01:39:58,385 [Listener at 127.0.0.1/33945] INFO  ozone.MiniOzoneClusterImpl (MiniOzoneClusterImpl.java:stopOM(550)) - Stopping the OzoneManager
2021-09-05 01:39:58,386 [Listener at 127.0.0.1/33945] INFO  om.OzoneManager (OzoneManager.java:stop(1632)) - Stopping Ozone Manager
2021-09-05 01:39:58,386 [Listener at 127.0.0.1/33945] INFO  ipc.Server (Server.java:stop(3414)) - Stopping server on 33945
2021-09-05 01:39:58,401 [pool-693-thread-1] INFO  server.RaftServerConfigKeys (ConfUtils.java:logGet(44)) - raft.server.notification.no-leader.timeout = 300000ms (custom)
2021-09-05 01:39:58,401 [pool-693-thread-1] INFO  server.RaftServerConfigKeys (ConfUtils.java:logGet(44)) - raft.server.log.use.memory = false (default)
2021-09-05 01:39:58,401 [pool-693-thread-1] INFO  server.RaftServerConfigKeys (ConfUtils.java:logGet(44)) - raft.server.log.purge.gap = 1000000 (custom)
2021-09-05 01:39:58,401 [pool-693-thread-1] INFO  server.RaftServerConfigKeys (ConfUtils.java:logGet(44)) - raft.server.log.appender.buffer.byte-limit = 33554432 (custom)
2021-09-05 01:39:58,401 [pool-693-thread-1] INFO  server.RaftServerConfigKeys (ConfUtils.java:logGet(44)) - raft.server.log.segment.size.max = 1048576 (custom)
2021-09-05 01:39:58,402 [pool-693-thread-1] INFO  server.RaftServerConfigKeys (ConfUtils.java:logGet(44)) - raft.server.log.segment.cache.num.max = 2 (custom)
2021-09-05 01:39:58,402 [pool-693-thread-1] INFO  server.RaftServerConfigKeys (ConfUtils.java:logGet(44)) - raft.server.log.segment.cache.size.max = 200MB (=209715200) (default)
2021-09-05 01:39:58,402 [pool-693-thread-1] INFO  segmented.SegmentedRaftLogWorker (SegmentedRaftLogWorker.java:<init>(182)) - new cff69f77-ea12-413c-a988-d2a44a5ca406@group-A2164613B897-SegmentedRaftLogWorker for RaftStorageImpl:Storage Directory /home/runner/work/ozone/ozone/hadoop-ozone/integration-test/target/test-dir/MiniOzoneClusterImpl-37340386-36af-4fa8-9723-b8f583b28ff6/datanode-0/data/ratis/d2b771ec-915a-42be-9e6e-a2164613b897
2021-09-05 01:39:58,402 [pool-693-thread-1] INFO  server.RaftServerConfigKeys (ConfUtils.java:logGet(44)) - raft.server.log.queue.byte-limit = 2147483647 (custom)
2021-09-05 01:39:58,402 [pool-693-thread-1] INFO  server.RaftServerConfigKeys (ConfUtils.java:logGet(44)) - raft.server.log.queue.element-limit = 1024 (custom)
2021-09-05 01:39:58,402 [pool-693-thread-1] INFO  server.RaftServerConfigKeys (ConfUtils.java:logGet(44)) - raft.server.log.segment.size.max = 1048576 (custom)
2021-09-05 01:39:58,402 [pool-693-thread-1] INFO  server.RaftServerConfigKeys (ConfUtils.java:logGet(44)) - raft.server.log.preallocated.size = 16384 (custom)
2021-09-05 01:39:58,402 [pool-693-thread-1] INFO  server.RaftServerConfigKeys (ConfUtils.java:logGet(44)) - raft.server.log.force.sync.num = 128 (default)
2021-09-05 01:39:58,402 [pool-693-thread-1] INFO  server.RaftServerConfigKeys (ConfUtils.java:logGet(44)) - raft.server.log.statemachine.data.sync = true (default)
2021-09-05 01:39:58,402 [pool-693-thread-1] INFO  server.RaftServerConfigKeys (ConfUtils.java:logGet(44)) - raft.server.log.statemachine.data.sync.timeout = 10s (default)
2021-09-05 01:39:58,402 [pool-693-thread-1] INFO  server.RaftServerConfigKeys (ConfUtils.java:logGet(44)) - raft.server.log.statemachine.data.sync.timeout.retry = -1 (default)
2021-09-05 01:39:58,403 [pool-693-thread-1] INFO  server.RaftServerConfigKeys (ConfUtils.java:logGet(44)) - raft.server.log.write.buffer.size = 1048576 (custom)
2021-09-05 01:39:58,404 [pool-693-thread-1] INFO  server.RaftServerConfigKeys (ConfUtils.java:logGet(44)) - raft.server.log.statemachine.data.caching.enabled = true (custom)
2021-09-05 01:39:58,404 [pool-693-thread-1] INFO  segmented.SegmentedRaftLogWorker (SegmentedRaftLogWorker.java:lambda$new$0(133)) - cff69f77-ea12-413c-a988-d2a44a5ca406@group-A2164613B897-SegmentedRaftLogWorker: flushIndex: setUnconditionally 0 -> -1
2021-09-05 01:39:58,404 [pool-693-thread-1] INFO  segmented.SegmentedRaftLogWorker (SegmentedRaftLogWorker.java:lambda$new$0(133)) - cff69f77-ea12-413c-a988-d2a44a5ca406@group-A2164613B897-SegmentedRaftLogWorker: safeCacheEvictIndex: setUnconditionally 0 -> -1
2021-09-05 01:39:58,418 [pool-693-thread-1] INFO  server.RaftServerConfigKeys (ConfUtils.java:logGet(44)) - raft.server.snapshot.auto.trigger.enabled = true (custom)
2021-09-05 01:39:58,419 [pool-693-thread-1] INFO  server.RaftServerConfigKeys (ConfUtils.java:logGet(44)) - raft.server.snapshot.auto.trigger.threshold = 10000 (custom)
2021-09-05 01:39:58,419 [pool-693-thread-1] INFO  server.RaftServerConfigKeys (ConfUtils.java:logGet(44)) - raft.server.snapshot.retention.file.num = 5 (custom)
2021-09-05 01:39:58,419 [pool-693-thread-1] INFO  server.RaftServerConfigKeys (ConfUtils.java:logGet(44)) - raft.server.log.purge.upto.snapshot.index = false (default)
2021-09-05 01:39:58,419 [pool-693-thread-1] INFO  server.RaftServerConfigKeys (ConfUtils.java:logGet(44)) - raft.server.retrycache.expirytime = 600000ms (custom)
2021-09-05 01:39:58,419 [pool-693-thread-1] INFO  server.RaftServerConfigKeys (ConfUtils.java:logGet(44)) - raft.server.retrycache.statistics.expirytime = 100μs (default)
2021-09-05 01:39:58,420 [pool-693-thread-1] INFO  server.RaftServer$Division (RaftServerImpl.java:start(296)) - cff69f77-ea12-413c-a988-d2a44a5ca406@group-A2164613B897: start as a follower, conf=-1: [fdb9e53e-0679-45da-9a61-20e122f839df|rpc:10.1.0.25:40867|priority:1, cff69f77-ea12-413c-a988-d2a44a5ca406|rpc:10.1.0.25:34387|priority:0, 54b0752d-9f85-41d1-82b7-176712dc42d8|rpc:10.1.0.25:45159|priority:0], old=null
2021-09-05 01:39:58,420 [pool-693-thread-1] INFO  server.RaftServer$Division (RaftServerImpl.java:setRole(285)) - cff69f77-ea12-413c-a988-d2a44a5ca406@group-A2164613B897: changes role from      null to FOLLOWER at term 0 for startAsFollower
2021-09-05 01:39:58,420 [pool-693-thread-1] INFO  impl.RoleInfo (RoleInfo.java:updateAndGet(130)) - cff69f77-ea12-413c-a988-d2a44a5ca406: start cff69f77-ea12-413c-a988-d2a44a5ca406@group-A2164613B897-FollowerState
2021-09-05 01:39:58,438 [pool-693-thread-1] INFO  util.JmxRegister (JmxRegister.java:tryRegister(44)) - Successfully registered JMX Bean with object name Ratis:service=RaftServer,group=group-A2164613B897,id=cff69f77-ea12-413c-a988-d2a44a5ca406
2021-09-05 01:39:58,449 [IPC Server listener on 0] INFO  ipc.Server (Server.java:run(1376)) - Stopping IPC Server listener on 0
2021-09-05 01:39:58,449 [Listener at 127.0.0.1/33945] INFO  server.RaftServer (RaftServerProxy.java:lambda$close$6(391)) - om1: close
2021-09-05 01:39:58,449 [Listener at 127.0.0.1/33945] INFO  server.RaftServer$Division (RaftServerImpl.java:lambda$close$4(407)) - om1@group-C5BA1605619E: shutdown
2021-09-05 01:39:58,449 [Listener at 127.0.0.1/33945] INFO  util.JmxRegister (JmxRegister.java:unregister(73)) - Successfully un-registered JMX Bean with object name Ratis:service=RaftServer,group=group-C5BA1605619E,id=om1
2021-09-05 01:39:58,449 [IPC Server Responder] INFO  ipc.Server (Server.java:run(1512)) - Stopping IPC Server Responder
2021-09-05 01:39:58,450 [Listener at 127.0.0.1/33945] INFO  impl.RoleInfo (RoleInfo.java:shutdownLeaderState(91)) - om1: shutdown om1@group-C5BA1605619E-LeaderStateImpl
2021-09-05 01:39:58,464 [Listener at 127.0.0.1/33945] INFO  impl.PendingRequests (PendingRequests.java:sendNotLeaderResponses(282)) - om1@group-C5BA1605619E-PendingRequests: sendNotLeaderResponses
2021-09-05 01:39:58,485 [Command processor thread] INFO  ratis.XceiverServerRatis (XceiverServerRatis.java:addGroup(763)) - Created group PipelineID=d2b771ec-915a-42be-9e6e-a2164613b897
2021-09-05 01:39:58,515 [Listener at 127.0.0.1/33945] INFO  impl.StateMachineUpdater (StateMachineUpdater.java:stopAndJoin(149)) - om1@group-C5BA1605619E-StateMachineUpdater: set stopIndex = 10
2021-09-05 01:39:58,517 [om1@group-C5BA1605619E-StateMachineUpdater] INFO  ratis.OzoneManagerStateMachine (OzoneManagerStateMachine.java:takeSnapshot(417)) - Current Snapshot Index (t:1, i:10)
2021-09-05 01:39:58,517 [om1@group-C5BA1605619E-StateMachineUpdater] INFO  impl.StateMachineUpdater (StateMachineUpdater.java:takeSnapshot(281)) - om1@group-C5BA1605619E-StateMachineUpdater: Took a snapshot at index 10
2021-09-05 01:39:58,517 [om1@group-C5BA1605619E-StateMachineUpdater] INFO  impl.StateMachineUpdater (StateMachineUpdater.java:lambda$new$0(89)) - om1@group-C5BA1605619E-StateMachineUpdater: snapshotIndex: updateIncreasingly -1 -> 10
2021-09-05 01:39:58,517 [om1@group-C5BA1605619E-StateMachineUpdater] INFO  ratis.OzoneManagerStateMachine (OzoneManagerStateMachine.java:close(471)) - StateMachine has shutdown. Shutdown OzoneManager if not already shutdown.
2021-09-05 01:39:58,518 [Listener at 127.0.0.1/33945] INFO  server.RaftServer$Division (ServerState.java:close(419)) - om1@group-C5BA1605619E: closes. applyIndex: 10
2021-09-05 01:39:58,519 [om1@group-C5BA1605619E-SegmentedRaftLogWorker] INFO  segmented.SegmentedRaftLogWorker (SegmentedRaftLogWorker.java:run(327)) - om1@group-C5BA1605619E-SegmentedRaftLogWorker was interrupted, exiting. There are 0 tasks remaining in the queue.
2021-09-05 01:39:58,520 [Listener at 127.0.0.1/33945] INFO  segmented.SegmentedRaftLogWorker (SegmentedRaftLogWorker.java:close(237)) - om1@group-C5BA1605619E-SegmentedRaftLogWorker close()
2021-09-05 01:39:58,521 [Listener at 127.0.0.1/33945] INFO  server.GrpcService (GrpcService.java:closeImpl(262)) - om1: shutdown server with port 9872 now
2021-09-05 01:39:58,545 [Listener at 127.0.0.1/33945] INFO  server.GrpcService (GrpcService.java:closeImpl(271)) - om1: shutdown server with port 9872 successfully
2021-09-05 01:39:58,545 [org.apache.ratis.util.JvmPauseMonitor$$Lambda$531/1694950219@51feffa5] INFO  util.JvmPauseMonitor (JvmPauseMonitor.java:run(109)) - JvmPauseMonitor-om1: Stopped
2021-09-05 01:39:58,545 [Listener at 127.0.0.1/33945] INFO  ratis.OzoneManagerDoubleBuffer (OzoneManagerDoubleBuffer.java:stop(437)) - Stopping OMDoubleBuffer flush thread
2021-09-05 01:39:58,545 [OMDoubleBufferFlushThread] INFO  ratis.OzoneManagerDoubleBuffer (OzoneManagerDoubleBuffer.java:flushTransactions(356)) - OMDoubleBuffer flush thread OMDoubleBufferFlushThread is interrupted and will exit. OMDoubleBufferFlushThread
2021-09-05 01:39:58,556 [Listener at 127.0.0.1/33945] INFO  utils.BackgroundService (BackgroundService.java:shutdown(132)) - Shutting down service KeyDeletingService
2021-09-05 01:39:58,556 [Listener at 127.0.0.1/33945] INFO  handler.ContextHandler (ContextHandler.java:doStop(1153)) - Stopped o.e.j.w.WebAppContext@44020ce0{ozoneManager,/,null,STOPPED}{file:/home/runner/work/ozone/ozone/hadoop-ozone/integration-test/target/test-classes/webapps/ozoneManager}
2021-09-05 01:39:58,560 [Listener at 127.0.0.1/33945] INFO  server.AbstractConnector (AbstractConnector.java:doStop(381)) - Stopped ServerConnector@5bf05c51{HTTP/1.1, (http/1.1)}{0.0.0.0:0}
2021-09-05 01:39:58,561 [Listener at 127.0.0.1/33945] INFO  server.session (HouseKeeper.java:stopScavenging(149)) - node0 Stopped scavenging
2021-09-05 01:39:58,561 [Listener at 127.0.0.1/33945] INFO  handler.ContextHandler (ContextHandler.java:doStop(1153)) - Stopped o.e.j.s.ServletContextHandler@29e1318b{static,/static,file:///home/runner/work/ozone/ozone/hadoop-ozone/integration-test/target/test-classes/webapps/static,STOPPED}
2021-09-05 01:39:58,561 [Listener at 127.0.0.1/33945] INFO  handler.ContextHandler (ContextHandler.java:doStop(1153)) - Stopped o.e.j.s.ServletContextHandler@212cb226{logs,/logs,file:///home/runner/work/ozone/ozone/hadoop-ozone/integration-test/target/log,STOPPED}
2021-09-05 01:39:58,583 [grpc-default-executor-0] INFO  server.RaftServer (RaftServerProxy.java:addNew(95)) - 54b0752d-9f85-41d1-82b7-176712dc42d8: addNew group-A2164613B897:[fdb9e53e-0679-45da-9a61-20e122f839df|rpc:10.1.0.25:40867|dataStream:|priority:1, cff69f77-ea12-413c-a988-d2a44a5ca406|rpc:10.1.0.25:34387|dataStream:|priority:0, 54b0752d-9f85-41d1-82b7-176712dc42d8|rpc:10.1.0.25:45159|dataStream:|priority:0] returns group-A2164613B897:java.util.concurrent.CompletableFuture@34b2edcc[Not completed]
2021-09-05 01:39:58,586 [pool-635-thread-1] INFO  server.RaftServer$Division (RaftServerImpl.java:<init>(181)) - 54b0752d-9f85-41d1-82b7-176712dc42d8: new RaftServerImpl for group-A2164613B897:[fdb9e53e-0679-45da-9a61-20e122f839df|rpc:10.1.0.25:40867|dataStream:|priority:1, cff69f77-ea12-413c-a988-d2a44a5ca406|rpc:10.1.0.25:34387|dataStream:|priority:0, 54b0752d-9f85-41d1-82b7-176712dc42d8|rpc:10.1.0.25:45159|dataStream:|priority:0] with ContainerStateMachine:uninitialized
2021-09-05 01:39:58,586 [pool-635-thread-1] INFO  server.RaftServerConfigKeys (ConfUtils.java:logGet(44)) - raft.server.rpc.timeout.min = 5s (custom)
2021-09-05 01:39:58,586 [pool-635-thread-1] INFO  server.RaftServerConfigKeys (ConfUtils.java:logGet(44)) - raft.server.rpc.timeout.max = 5200ms (custom)
2021-09-05 01:39:58,586 [pool-635-thread-1] INFO  server.RaftServerConfigKeys (ConfUtils.java:logGet(44)) - raft.server.rpc.sleep.time = 25ms (default)
2021-09-05 01:39:58,586 [pool-635-thread-1] INFO  server.RaftServerConfigKeys (ConfUtils.java:logGet(44)) - raft.server.rpc.slowness.timeout = 300000ms (custom)
2021-09-05 01:39:58,586 [pool-635-thread-1] INFO  server.RaftServerConfigKeys (ConfUtils.java:logGet(44)) - raft.server.leaderelection.leader.step-down.wait-time = 10s (default)
2021-09-05 01:39:58,586 [pool-635-thread-1] INFO  server.RaftServerConfigKeys (ConfUtils.java:logGet(44)) - raft.server.sleep.deviation.threshold = 300ms (default)
2021-09-05 01:39:58,586 [pool-635-thread-1] INFO  server.RaftServerConfigKeys (ConfUtils.java:logGet(44)) - raft.server.log.appender.install.snapshot.enabled = false (custom)
2021-09-05 01:39:58,586 [pool-635-thread-1] INFO  server.RaftServer$Division (ServerState.java:<init>(105)) - 54b0752d-9f85-41d1-82b7-176712dc42d8@group-A2164613B897: ConfigurationManager, init=-1: [fdb9e53e-0679-45da-9a61-20e122f839df|rpc:10.1.0.25:40867|dataStream:|priority:1, cff69f77-ea12-413c-a988-d2a44a5ca406|rpc:10.1.0.25:34387|dataStream:|priority:0, 54b0752d-9f85-41d1-82b7-176712dc42d8|rpc:10.1.0.25:45159|dataStream:|priority:0], old=null, confs=<EMPTY_MAP>
2021-09-05 01:39:58,586 [pool-635-thread-1] INFO  server.RaftServerConfigKeys (ConfUtils.java:logGet(44)) - raft.server.storage.dir = [/home/runner/work/ozone/ozone/hadoop-ozone/integration-test/target/test-dir/MiniOzoneClusterImpl-37340386-36af-4fa8-9723-b8f583b28ff6/datanode-6/data/ratis] (custom)
2021-09-05 01:39:58,586 [pool-635-thread-1] INFO  server.RaftServerConfigKeys (ConfUtils.java:logGet(44)) - raft.server.log.corruption.policy = EXCEPTION (default)
2021-09-05 01:39:58,586 [pool-635-thread-1] INFO  server.RaftServerConfigKeys (ConfUtils.java:logGet(44)) - raft.server.storage.free-space.min = 0MB (=0) (default)
2021-09-05 01:39:58,586 [pool-635-thread-1] INFO  storage.RaftStorageDirectory (RaftStorageDirectoryImpl.java:analyzeStorage(135)) - The storage directory /home/runner/work/ozone/ozone/hadoop-ozone/integration-test/target/test-dir/MiniOzoneClusterImpl-37340386-36af-4fa8-9723-b8f583b28ff6/datanode-6/data/ratis/d2b771ec-915a-42be-9e6e-a2164613b897 does not exist. Creating ...
2021-09-05 01:39:58,601 [pool-635-thread-1] INFO  storage.RaftStorageDirectory (RaftStorageDirectoryImpl.java:tryLock(230)) - Lock on /home/runner/work/ozone/ozone/hadoop-ozone/integration-test/target/test-dir/MiniOzoneClusterImpl-37340386-36af-4fa8-9723-b8f583b28ff6/datanode-6/data/ratis/d2b771ec-915a-42be-9e6e-a2164613b897/in_use.lock acquired by nodename 19671@fv-az270-420
2021-09-05 01:39:58,601 [Listener at 127.0.0.1/33945] INFO  ozone.MiniOzoneClusterImpl (MiniOzoneClusterImpl.java:stopDatanodes(527)) - Stopping the HddsDatanodes
2021-09-05 01:39:58,632 [pool-635-thread-1] INFO  storage.RaftStorage (RaftStorageImpl.java:format(89)) - Storage directory /home/runner/work/ozone/ozone/hadoop-ozone/integration-test/target/test-dir/MiniOzoneClusterImpl-37340386-36af-4fa8-9723-b8f583b28ff6/datanode-6/data/ratis/d2b771ec-915a-42be-9e6e-a2164613b897 has been successfully formatted.
2021-09-05 01:39:58,632 [pool-635-thread-1] INFO  ratis.ContainerStateMachine (ContainerStateMachine.java:loadSnapshot(224)) - group-A2164613B897: The snapshot info is null. Setting the last applied indexto:(t:0, i:~)
2021-09-05 01:39:58,632 [Datanode State Machine Thread - 0] WARN  statemachine.StateContext (StateContext.java:execute(621)) - No available thread in pool for past 1 seconds.
2021-09-05 01:39:58,632 [pool-635-thread-1] INFO  server.RaftServerConfigKeys (ConfUtils.java:logGet(44)) - raft.server.notification.no-leader.timeout = 300000ms (custom)
2021-09-05 01:39:58,632 [pool-635-thread-1] INFO  server.RaftServerConfigKeys (ConfUtils.java:logGet(44)) - raft.server.log.use.memory = false (default)
2021-09-05 01:39:58,632 [pool-635-thread-1] INFO  server.RaftServerConfigKeys (ConfUtils.java:logGet(44)) - raft.server.log.purge.gap = 1000000 (custom)
2021-09-05 01:39:58,633 [pool-635-thread-1] INFO  server.RaftServerConfigKeys (ConfUtils.java:logGet(44)) - raft.server.log.appender.buffer.byte-limit = 33554432 (custom)
2021-09-05 01:39:58,633 [pool-635-thread-1] INFO  server.RaftServerConfigKeys (ConfUtils.java:logGet(44)) - raft.server.log.segment.size.max = 1048576 (custom)
2021-09-05 01:39:58,634 [pool-635-thread-1] INFO  server.RaftServerConfigKeys (ConfUtils.java:logGet(44)) - raft.server.log.segment.cache.num.max = 2 (custom)
2021-09-05 01:39:58,634 [pool-635-thread-1] INFO  server.RaftServerConfigKeys (ConfUtils.java:logGet(44)) - raft.server.log.segment.cache.size.max = 200MB (=209715200) (default)
2021-09-05 01:39:58,634 [pool-635-thread-1] INFO  segmented.SegmentedRaftLogWorker (SegmentedRaftLogWorker.java:<init>(182)) - new 54b0752d-9f85-41d1-82b7-176712dc42d8@group-A2164613B897-SegmentedRaftLogWorker for RaftStorageImpl:Storage Directory /home/runner/work/ozone/ozone/hadoop-ozone/integration-test/target/test-dir/MiniOzoneClusterImpl-37340386-36af-4fa8-9723-b8f583b28ff6/datanode-6/data/ratis/d2b771ec-915a-42be-9e6e-a2164613b897
2021-09-05 01:39:58,634 [pool-635-thread-1] INFO  server.RaftServerConfigKeys (ConfUtils.java:logGet(44)) - raft.server.log.queue.byte-limit = 2147483647 (custom)
2021-09-05 01:39:58,634 [pool-635-thread-1] INFO  server.RaftServerConfigKeys (ConfUtils.java:logGet(44)) - raft.server.log.queue.element-limit = 1024 (custom)
2021-09-05 01:39:58,634 [pool-635-thread-1] INFO  server.RaftServerConfigKeys (ConfUtils.java:logGet(44)) - raft.server.log.segment.size.max = 1048576 (custom)
2021-09-05 01:39:58,634 [pool-635-thread-1] INFO  server.RaftServerConfigKeys (ConfUtils.java:logGet(44)) - raft.server.log.preallocated.size = 16384 (custom)
2021-09-05 01:39:58,634 [pool-635-thread-1] INFO  server.RaftServerConfigKeys (ConfUtils.java:logGet(44)) - raft.server.log.force.sync.num = 128 (default)
2021-09-05 01:39:58,634 [pool-635-thread-1] INFO  server.RaftServerConfigKeys (ConfUtils.java:logGet(44)) - raft.server.log.statemachine.data.sync = true (default)
2021-09-05 01:39:58,634 [pool-635-thread-1] INFO  server.RaftServerConfigKeys (ConfUtils.java:logGet(44)) - raft.server.log.statemachine.data.sync.timeout = 10s (default)
2021-09-05 01:39:58,634 [pool-635-thread-1] INFO  server.RaftServerConfigKeys (ConfUtils.java:logGet(44)) - raft.server.log.statemachine.data.sync.timeout.retry = -1 (default)
2021-09-05 01:39:58,635 [pool-635-thread-1] INFO  server.RaftServerConfigKeys (ConfUtils.java:logGet(44)) - raft.server.log.write.buffer.size = 1048576 (custom)
2021-09-05 01:39:58,636 [pool-635-thread-1] INFO  server.RaftServerConfigKeys (ConfUtils.java:logGet(44)) - raft.server.log.statemachine.data.caching.enabled = true (custom)
2021-09-05 01:39:58,636 [pool-635-thread-1] INFO  segmented.SegmentedRaftLogWorker (SegmentedRaftLogWorker.java:lambda$new$0(133)) - 54b0752d-9f85-41d1-82b7-176712dc42d8@group-A2164613B897-SegmentedRaftLogWorker: flushIndex: setUnconditionally 0 -> -1
2021-09-05 01:39:58,636 [pool-635-thread-1] INFO  segmented.SegmentedRaftLogWorker (SegmentedRaftLogWorker.java:lambda$new$0(133)) - 54b0752d-9f85-41d1-82b7-176712dc42d8@group-A2164613B897-SegmentedRaftLogWorker: safeCacheEvictIndex: setUnconditionally 0 -> -1
2021-09-05 01:39:58,652 [pool-635-thread-1] INFO  server.RaftServerConfigKeys (ConfUtils.java:logGet(44)) - raft.server.snapshot.auto.trigger.enabled = true (custom)
2021-09-05 01:39:58,652 [pool-635-thread-1] INFO  server.RaftServerConfigKeys (ConfUtils.java:logGet(44)) - raft.server.snapshot.auto.trigger.threshold = 10000 (custom)
2021-09-05 01:39:58,652 [pool-635-thread-1] INFO  server.RaftServerConfigKeys (ConfUtils.java:logGet(44)) - raft.server.snapshot.retention.file.num = 5 (custom)
2021-09-05 01:39:58,652 [pool-635-thread-1] INFO  server.RaftServerConfigKeys (ConfUtils.java:logGet(44)) - raft.server.log.purge.upto.snapshot.index = false (default)
2021-09-05 01:39:58,652 [pool-635-thread-1] INFO  server.RaftServerConfigKeys (ConfUtils.java:logGet(44)) - raft.server.retrycache.expirytime = 600000ms (custom)
2021-09-05 01:39:58,652 [pool-635-thread-1] INFO  server.RaftServerConfigKeys (ConfUtils.java:logGet(44)) - raft.server.retrycache.statistics.expirytime = 100μs (default)
2021-09-05 01:39:58,653 [pool-635-thread-1] INFO  server.RaftServer$Division (RaftServerImpl.java:start(296)) - 54b0752d-9f85-41d1-82b7-176712dc42d8@group-A2164613B897: start as a follower, conf=-1: [fdb9e53e-0679-45da-9a61-20e122f839df|rpc:10.1.0.25:40867|dataStream:|priority:1, cff69f77-ea12-413c-a988-d2a44a5ca406|rpc:10.1.0.25:34387|dataStream:|priority:0, 54b0752d-9f85-41d1-82b7-176712dc42d8|rpc:10.1.0.25:45159|dataStream:|priority:0], old=null
2021-09-05 01:39:58,653 [pool-635-thread-1] INFO  server.RaftServer$Division (RaftServerImpl.java:setRole(285)) - 54b0752d-9f85-41d1-82b7-176712dc42d8@group-A2164613B897: changes role from      null to FOLLOWER at term 0 for startAsFollower
2021-09-05 01:39:58,653 [pool-635-thread-1] INFO  impl.RoleInfo (RoleInfo.java:updateAndGet(130)) - 54b0752d-9f85-41d1-82b7-176712dc42d8: start 54b0752d-9f85-41d1-82b7-176712dc42d8@group-A2164613B897-FollowerState
2021-09-05 01:39:58,667 [pool-635-thread-1] INFO  util.JmxRegister (JmxRegister.java:tryRegister(44)) - Successfully registered JMX Bean with object name Ratis:service=RaftServer,group=group-A2164613B897,id=54b0752d-9f85-41d1-82b7-176712dc42d8
2021-09-05 01:39:58,707 [grpc-default-executor-4] INFO  server.RaftServer (RaftServerProxy.java:addNew(95)) - fdb9e53e-0679-45da-9a61-20e122f839df: addNew group-A2164613B897:[fdb9e53e-0679-45da-9a61-20e122f839df|rpc:10.1.0.25:40867|dataStream:|priority:1, cff69f77-ea12-413c-a988-d2a44a5ca406|rpc:10.1.0.25:34387|dataStream:|priority:0, 54b0752d-9f85-41d1-82b7-176712dc42d8|rpc:10.1.0.25:45159|dataStream:|priority:0] returns group-A2164613B897:java.util.concurrent.CompletableFuture@58d1bfc5[Not completed]
2021-09-05 01:39:58,708 [pool-540-thread-1] INFO  server.RaftServer$Division (RaftServerImpl.java:<init>(181)) - fdb9e53e-0679-45da-9a61-20e122f839df: new RaftServerImpl for group-A2164613B897:[fdb9e53e-0679-45da-9a61-20e122f839df|rpc:10.1.0.25:40867|dataStream:|priority:1, cff69f77-ea12-413c-a988-d2a44a5ca406|rpc:10.1.0.25:34387|dataStream:|priority:0, 54b0752d-9f85-41d1-82b7-176712dc42d8|rpc:10.1.0.25:45159|dataStream:|priority:0] with ContainerStateMachine:uninitialized
2021-09-05 01:39:58,708 [pool-540-thread-1] INFO  server.RaftServerConfigKeys (ConfUtils.java:logGet(44)) - raft.server.rpc.timeout.min = 5s (custom)
2021-09-05 01:39:58,708 [pool-540-thread-1] INFO  server.RaftServerConfigKeys (ConfUtils.java:logGet(44)) - raft.server.rpc.timeout.max = 5200ms (custom)
2021-09-05 01:39:58,708 [pool-540-thread-1] INFO  server.RaftServerConfigKeys (ConfUtils.java:logGet(44)) - raft.server.rpc.sleep.time = 25ms (default)
2021-09-05 01:39:58,708 [pool-540-thread-1] INFO  server.RaftServerConfigKeys (ConfUtils.java:logGet(44)) - raft.server.rpc.slowness.timeout = 300000ms (custom)
2021-09-05 01:39:58,708 [pool-540-thread-1] INFO  server.RaftServerConfigKeys (ConfUtils.java:logGet(44)) - raft.server.leaderelection.leader.step-down.wait-time = 10s (default)
2021-09-05 01:39:58,708 [pool-540-thread-1] INFO  server.RaftServerConfigKeys (ConfUtils.java:logGet(44)) - raft.server.sleep.deviation.threshold = 300ms (default)
2021-09-05 01:39:58,708 [pool-540-thread-1] INFO  server.RaftServerConfigKeys (ConfUtils.java:logGet(44)) - raft.server.log.appender.install.snapshot.enabled = false (custom)
2021-09-05 01:39:58,708 [pool-540-thread-1] INFO  server.RaftServer$Division (ServerState.java:<init>(105)) - fdb9e53e-0679-45da-9a61-20e122f839df@group-A2164613B897: ConfigurationManager, init=-1: [fdb9e53e-0679-45da-9a61-20e122f839df|rpc:10.1.0.25:40867|dataStream:|priority:1, cff69f77-ea12-413c-a988-d2a44a5ca406|rpc:10.1.0.25:34387|dataStream:|priority:0, 54b0752d-9f85-41d1-82b7-176712dc42d8|rpc:10.1.0.25:45159|dataStream:|priority:0], old=null, confs=<EMPTY_MAP>
2021-09-05 01:39:58,708 [pool-540-thread-1] INFO  server.RaftServerConfigKeys (ConfUtils.java:logGet(44)) - raft.server.storage.dir = [/home/runner/work/ozone/ozone/hadoop-ozone/integration-test/target/test-dir/MiniOzoneClusterImpl-37340386-36af-4fa8-9723-b8f583b28ff6/datanode-1/data/ratis] (custom)
2021-09-05 01:39:58,708 [pool-540-thread-1] INFO  server.RaftServerConfigKeys (ConfUtils.java:logGet(44)) - raft.server.log.corruption.policy = EXCEPTION (default)
2021-09-05 01:39:58,708 [pool-540-thread-1] INFO  server.RaftServerConfigKeys (ConfUtils.java:logGet(44)) - raft.server.storage.free-space.min = 0MB (=0) (default)
2021-09-05 01:39:58,708 [pool-540-thread-1] INFO  storage.RaftStorageDirectory (RaftStorageDirectoryImpl.java:analyzeStorage(135)) - The storage directory /home/runner/work/ozone/ozone/hadoop-ozone/integration-test/target/test-dir/MiniOzoneClusterImpl-37340386-36af-4fa8-9723-b8f583b28ff6/datanode-1/data/ratis/d2b771ec-915a-42be-9e6e-a2164613b897 does not exist. Creating ...
2021-09-05 01:39:58,710 [pool-540-thread-1] INFO  storage.RaftStorageDirectory (RaftStorageDirectoryImpl.java:tryLock(230)) - Lock on /home/runner/work/ozone/ozone/hadoop-ozone/integration-test/target/test-dir/MiniOzoneClusterImpl-37340386-36af-4fa8-9723-b8f583b28ff6/datanode-1/data/ratis/d2b771ec-915a-42be-9e6e-a2164613b897/in_use.lock acquired by nodename 19671@fv-az270-420
2021-09-05 01:39:58,717 [pool-540-thread-1] INFO  storage.RaftStorage (RaftStorageImpl.java:format(89)) - Storage directory /home/runner/work/ozone/ozone/hadoop-ozone/integration-test/target/test-dir/MiniOzoneClusterImpl-37340386-36af-4fa8-9723-b8f583b28ff6/datanode-1/data/ratis/d2b771ec-915a-42be-9e6e-a2164613b897 has been successfully formatted.
2021-09-05 01:39:58,717 [pool-540-thread-1] INFO  ratis.ContainerStateMachine (ContainerStateMachine.java:loadSnapshot(224)) - group-A2164613B897: The snapshot info is null. Setting the last applied indexto:(t:0, i:~)
2021-09-05 01:39:58,717 [Datanode State Machine Thread - 0] INFO  statemachine.DatanodeStateMachine (DatanodeStateMachine.java:lambda$startDaemon$0(457)) - Ozone container server started.
2021-09-05 01:39:58,717 [pool-540-thread-1] INFO  server.RaftServerConfigKeys (ConfUtils.java:logGet(44)) - raft.server.notification.no-leader.timeout = 300000ms (custom)
2021-09-05 01:39:58,717 [pool-540-thread-1] INFO  server.RaftServerConfigKeys (ConfUtils.java:logGet(44)) - raft.server.log.use.memory = false (default)
2021-09-05 01:39:58,717 [pool-540-thread-1] INFO  server.RaftServerConfigKeys (ConfUtils.java:logGet(44)) - raft.server.log.purge.gap = 1000000 (custom)
2021-09-05 01:39:58,717 [pool-540-thread-1] INFO  server.RaftServerConfigKeys (ConfUtils.java:logGet(44)) - raft.server.log.appender.buffer.byte-limit = 33554432 (custom)
2021-09-05 01:39:58,718 [pool-540-thread-1] INFO  server.RaftServerConfigKeys (ConfUtils.java:logGet(44)) - raft.server.log.segment.size.max = 1048576 (custom)
2021-09-05 01:39:58,718 [pool-540-thread-1] INFO  server.RaftServerConfigKeys (ConfUtils.java:logGet(44)) - raft.server.log.segment.cache.num.max = 2 (custom)
2021-09-05 01:39:58,718 [pool-540-thread-1] INFO  server.RaftServerConfigKeys (ConfUtils.java:logGet(44)) - raft.server.log.segment.cache.size.max = 200MB (=209715200) (default)
2021-09-05 01:39:58,718 [pool-540-thread-1] INFO  segmented.SegmentedRaftLogWorker (SegmentedRaftLogWorker.java:<init>(182)) - new fdb9e53e-0679-45da-9a61-20e122f839df@group-A2164613B897-SegmentedRaftLogWorker for RaftStorageImpl:Storage Directory /home/runner/work/ozone/ozone/hadoop-ozone/integration-test/target/test-dir/MiniOzoneClusterImpl-37340386-36af-4fa8-9723-b8f583b28ff6/datanode-1/data/ratis/d2b771ec-915a-42be-9e6e-a2164613b897
2021-09-05 01:39:58,718 [pool-540-thread-1] INFO  server.RaftServerConfigKeys (ConfUtils.java:logGet(44)) - raft.server.log.queue.byte-limit = 2147483647 (custom)
2021-09-05 01:39:58,718 [pool-540-thread-1] INFO  server.RaftServerConfigKeys (ConfUtils.java:logGet(44)) - raft.server.log.queue.element-limit = 1024 (custom)
2021-09-05 01:39:58,718 [pool-540-thread-1] INFO  server.RaftServerConfigKeys (ConfUtils.java:logGet(44)) - raft.server.log.segment.size.max = 1048576 (custom)
2021-09-05 01:39:58,718 [pool-540-thread-1] INFO  server.RaftServerConfigKeys (ConfUtils.java:logGet(44)) - raft.server.log.preallocated.size = 16384 (custom)
2021-09-05 01:39:58,718 [pool-540-thread-1] INFO  server.RaftServerConfigKeys (ConfUtils.java:logGet(44)) - raft.server.log.force.sync.num = 128 (default)
2021-09-05 01:39:58,718 [pool-540-thread-1] INFO  server.RaftServerConfigKeys (ConfUtils.java:logGet(44)) - raft.server.log.statemachine.data.sync = true (default)
2021-09-05 01:39:58,718 [pool-540-thread-1] INFO  server.RaftServerConfigKeys (ConfUtils.java:logGet(44)) - raft.server.log.statemachine.data.sync.timeout = 10s (default)
2021-09-05 01:39:58,718 [pool-540-thread-1] INFO  server.RaftServerConfigKeys (ConfUtils.java:logGet(44)) - raft.server.log.statemachine.data.sync.timeout.retry = -1 (default)
2021-09-05 01:39:58,720 [pool-540-thread-1] INFO  server.RaftServerConfigKeys (ConfUtils.java:logGet(44)) - raft.server.log.write.buffer.size = 1048576 (custom)
2021-09-05 01:39:58,720 [pool-540-thread-1] INFO  server.RaftServerConfigKeys (ConfUtils.java:logGet(44)) - raft.server.log.statemachine.data.caching.enabled = true (custom)
2021-09-05 01:39:58,720 [pool-540-thread-1] INFO  segmented.SegmentedRaftLogWorker (SegmentedRaftLogWorker.java:lambda$new$0(133)) - fdb9e53e-0679-45da-9a61-20e122f839df@group-A2164613B897-SegmentedRaftLogWorker: flushIndex: setUnconditionally 0 -> -1
2021-09-05 01:39:58,720 [pool-540-thread-1] INFO  segmented.SegmentedRaftLogWorker (SegmentedRaftLogWorker.java:lambda$new$0(133)) - fdb9e53e-0679-45da-9a61-20e122f839df@group-A2164613B897-SegmentedRaftLogWorker: safeCacheEvictIndex: setUnconditionally 0 -> -1
2021-09-05 01:39:58,733 [pool-540-thread-1] INFO  server.RaftServerConfigKeys (ConfUtils.java:logGet(44)) - raft.server.snapshot.auto.trigger.enabled = true (custom)
2021-09-05 01:39:58,733 [pool-540-thread-1] INFO  server.RaftServerConfigKeys (ConfUtils.java:logGet(44)) - raft.server.snapshot.auto.trigger.threshold = 10000 (custom)
2021-09-05 01:39:58,733 [pool-540-thread-1] INFO  server.RaftServerConfigKeys (ConfUtils.java:logGet(44)) - raft.server.snapshot.retention.file.num = 5 (custom)
2021-09-05 01:39:58,733 [pool-540-thread-1] INFO  server.RaftServerConfigKeys (ConfUtils.java:logGet(44)) - raft.server.log.purge.upto.snapshot.index = false (default)
2021-09-05 01:39:58,733 [pool-540-thread-1] INFO  server.RaftServerConfigKeys (ConfUtils.java:logGet(44)) - raft.server.retrycache.expirytime = 600000ms (custom)
2021-09-05 01:39:58,733 [pool-540-thread-1] INFO  server.RaftServerConfigKeys (ConfUtils.java:logGet(44)) - raft.server.retrycache.statistics.expirytime = 100μs (default)
2021-09-05 01:39:58,735 [pool-540-thread-1] INFO  server.RaftServer$Division (RaftServerImpl.java:start(296)) - fdb9e53e-0679-45da-9a61-20e122f839df@group-A2164613B897: start as a follower, conf=-1: [fdb9e53e-0679-45da-9a61-20e122f839df|rpc:10.1.0.25:40867|dataStream:|priority:1, cff69f77-ea12-413c-a988-d2a44a5ca406|rpc:10.1.0.25:34387|dataStream:|priority:0, 54b0752d-9f85-41d1-82b7-176712dc42d8|rpc:10.1.0.25:45159|dataStream:|priority:0], old=null
2021-09-05 01:39:58,741 [pool-540-thread-1] INFO  server.RaftServer$Division (RaftServerImpl.java:setRole(285)) - fdb9e53e-0679-45da-9a61-20e122f839df@group-A2164613B897: changes role from      null to FOLLOWER at term 0 for startAsFollower
2021-09-05 01:39:58,741 [pool-540-thread-1] INFO  impl.RoleInfo (RoleInfo.java:updateAndGet(130)) - fdb9e53e-0679-45da-9a61-20e122f839df: start fdb9e53e-0679-45da-9a61-20e122f839df@group-A2164613B897-FollowerState
2021-09-05 01:39:58,757 [pool-540-thread-1] INFO  util.JmxRegister (JmxRegister.java:tryRegister(44)) - Successfully registered JMX Bean with object name Ratis:service=RaftServer,group=group-A2164613B897,id=fdb9e53e-0679-45da-9a61-20e122f839df
2021-09-05 01:39:58,775 [Command processor thread] INFO  server.RaftServer (RaftServerProxy.java:addNew(95)) - 54b0752d-9f85-41d1-82b7-176712dc42d8: addNew group-17CA38D5857E:[fdb9e53e-0679-45da-9a61-20e122f839df|rpc:10.1.0.25:40867|priority:0, be41d154-e08a-4361-999c-a2746058d00f|rpc:10.1.0.25:33043|priority:1, 54b0752d-9f85-41d1-82b7-176712dc42d8|rpc:10.1.0.25:45159|priority:0] returns group-17CA38D5857E:java.util.concurrent.CompletableFuture@7166613[Not completed]
2021-09-05 01:39:58,776 [pool-635-thread-1] INFO  server.RaftServer$Division (RaftServerImpl.java:<init>(181)) - 54b0752d-9f85-41d1-82b7-176712dc42d8: new RaftServerImpl for group-17CA38D5857E:[fdb9e53e-0679-45da-9a61-20e122f839df|rpc:10.1.0.25:40867|priority:0, be41d154-e08a-4361-999c-a2746058d00f|rpc:10.1.0.25:33043|priority:1, 54b0752d-9f85-41d1-82b7-176712dc42d8|rpc:10.1.0.25:45159|priority:0] with ContainerStateMachine:uninitialized
2021-09-05 01:39:58,776 [pool-635-thread-1] INFO  server.RaftServerConfigKeys (ConfUtils.java:logGet(44)) - raft.server.rpc.timeout.min = 5s (custom)
2021-09-05 01:39:58,776 [pool-635-thread-1] INFO  server.RaftServerConfigKeys (ConfUtils.java:logGet(44)) - raft.server.rpc.timeout.max = 5200ms (custom)
2021-09-05 01:39:58,776 [pool-635-thread-1] INFO  server.RaftServerConfigKeys (ConfUtils.java:logGet(44)) - raft.server.rpc.sleep.time = 25ms (default)
2021-09-05 01:39:58,776 [pool-635-thread-1] INFO  server.RaftServerConfigKeys (ConfUtils.java:logGet(44)) - raft.server.rpc.slowness.timeout = 300000ms (custom)
2021-09-05 01:39:58,776 [pool-635-thread-1] INFO  server.RaftServerConfigKeys (ConfUtils.java:logGet(44)) - raft.server.leaderelection.leader.step-down.wait-time = 10s (default)
2021-09-05 01:39:58,776 [pool-635-thread-1] INFO  server.RaftServerConfigKeys (ConfUtils.java:logGet(44)) - raft.server.sleep.deviation.threshold = 300ms (default)
2021-09-05 01:39:58,776 [pool-635-thread-1] INFO  server.RaftServerConfigKeys (ConfUtils.java:logGet(44)) - raft.server.log.appender.install.snapshot.enabled = false (custom)
2021-09-05 01:39:58,776 [pool-635-thread-1] INFO  server.RaftServer$Division (ServerState.java:<init>(105)) - 54b0752d-9f85-41d1-82b7-176712dc42d8@group-17CA38D5857E: ConfigurationManager, init=-1: [fdb9e53e-0679-45da-9a61-20e122f839df|rpc:10.1.0.25:40867|priority:0, be41d154-e08a-4361-999c-a2746058d00f|rpc:10.1.0.25:33043|priority:1, 54b0752d-9f85-41d1-82b7-176712dc42d8|rpc:10.1.0.25:45159|priority:0], old=null, confs=<EMPTY_MAP>
2021-09-05 01:39:58,776 [pool-635-thread-1] INFO  server.RaftServerConfigKeys (ConfUtils.java:logGet(44)) - raft.server.storage.dir = [/home/runner/work/ozone/ozone/hadoop-ozone/integration-test/target/test-dir/MiniOzoneClusterImpl-37340386-36af-4fa8-9723-b8f583b28ff6/datanode-6/data/ratis] (custom)
2021-09-05 01:39:58,776 [pool-635-thread-1] INFO  server.RaftServerConfigKeys (ConfUtils.java:logGet(44)) - raft.server.log.corruption.policy = EXCEPTION (default)
2021-09-05 01:39:58,777 [pool-635-thread-1] INFO  server.RaftServerConfigKeys (ConfUtils.java:logGet(44)) - raft.server.storage.free-space.min = 0MB (=0) (default)
2021-09-05 01:39:58,777 [pool-635-thread-1] INFO  storage.RaftStorageDirectory (RaftStorageDirectoryImpl.java:analyzeStorage(135)) - The storage directory /home/runner/work/ozone/ozone/hadoop-ozone/integration-test/target/test-dir/MiniOzoneClusterImpl-37340386-36af-4fa8-9723-b8f583b28ff6/datanode-6/data/ratis/5a02bf5f-5c9d-44e3-99a7-17ca38d5857e does not exist. Creating ...
2021-09-05 01:39:58,778 [pool-635-thread-1] INFO  storage.RaftStorageDirectory (RaftStorageDirectoryImpl.java:tryLock(230)) - Lock on /home/runner/work/ozone/ozone/hadoop-ozone/integration-test/target/test-dir/MiniOzoneClusterImpl-37340386-36af-4fa8-9723-b8f583b28ff6/datanode-6/data/ratis/5a02bf5f-5c9d-44e3-99a7-17ca38d5857e/in_use.lock acquired by nodename 19671@fv-az270-420
2021-09-05 01:39:58,779 [pool-635-thread-1] INFO  storage.RaftStorage (RaftStorageImpl.java:format(89)) - Storage directory /home/runner/work/ozone/ozone/hadoop-ozone/integration-test/target/test-dir/MiniOzoneClusterImpl-37340386-36af-4fa8-9723-b8f583b28ff6/datanode-6/data/ratis/5a02bf5f-5c9d-44e3-99a7-17ca38d5857e has been successfully formatted.
2021-09-05 01:39:58,794 [pool-635-thread-1] INFO  ratis.ContainerStateMachine (ContainerStateMachine.java:loadSnapshot(224)) - group-17CA38D5857E: The snapshot info is null. Setting the last applied indexto:(t:0, i:~)
2021-09-05 01:39:58,794 [pool-635-thread-1] INFO  server.RaftServerConfigKeys (ConfUtils.java:logGet(44)) - raft.server.notification.no-leader.timeout = 300000ms (custom)
2021-09-05 01:39:58,794 [pool-635-thread-1] INFO  server.RaftServerConfigKeys (ConfUtils.java:logGet(44)) - raft.server.log.use.memory = false (default)
2021-09-05 01:39:58,794 [pool-635-thread-1] INFO  server.RaftServerConfigKeys (ConfUtils.java:logGet(44)) - raft.server.log.purge.gap = 1000000 (custom)
2021-09-05 01:39:58,794 [pool-635-thread-1] INFO  server.RaftServerConfigKeys (ConfUtils.java:logGet(44)) - raft.server.log.appender.buffer.byte-limit = 33554432 (custom)
2021-09-05 01:39:58,795 [pool-635-thread-1] INFO  server.RaftServerConfigKeys (ConfUtils.java:logGet(44)) - raft.server.log.segment.size.max = 1048576 (custom)
2021-09-05 01:39:58,795 [pool-635-thread-1] INFO  server.RaftServerConfigKeys (ConfUtils.java:logGet(44)) - raft.server.log.segment.cache.num.max = 2 (custom)
2021-09-05 01:39:58,795 [pool-635-thread-1] INFO  server.RaftServerConfigKeys (ConfUtils.java:logGet(44)) - raft.server.log.segment.cache.size.max = 200MB (=209715200) (default)
2021-09-05 01:39:58,795 [pool-635-thread-1] INFO  segmented.SegmentedRaftLogWorker (SegmentedRaftLogWorker.java:<init>(182)) - new 54b0752d-9f85-41d1-82b7-176712dc42d8@group-17CA38D5857E-SegmentedRaftLogWorker for RaftStorageImpl:Storage Directory /home/runner/work/ozone/ozone/hadoop-ozone/integration-test/target/test-dir/MiniOzoneClusterImpl-37340386-36af-4fa8-9723-b8f583b28ff6/datanode-6/data/ratis/5a02bf5f-5c9d-44e3-99a7-17ca38d5857e
2021-09-05 01:39:58,795 [pool-635-thread-1] INFO  server.RaftServerConfigKeys (ConfUtils.java:logGet(44)) - raft.server.log.queue.byte-limit = 2147483647 (custom)
2021-09-05 01:39:58,795 [pool-635-thread-1] INFO  server.RaftServerConfigKeys (ConfUtils.java:logGet(44)) - raft.server.log.queue.element-limit = 1024 (custom)
2021-09-05 01:39:58,795 [pool-635-thread-1] INFO  server.RaftServerConfigKeys (ConfUtils.java:logGet(44)) - raft.server.log.segment.size.max = 1048576 (custom)
2021-09-05 01:39:58,795 [pool-635-thread-1] INFO  server.RaftServerConfigKeys (ConfUtils.java:logGet(44)) - raft.server.log.preallocated.size = 16384 (custom)
2021-09-05 01:39:58,795 [pool-635-thread-1] INFO  server.RaftServerConfigKeys (ConfUtils.java:logGet(44)) - raft.server.log.force.sync.num = 128 (default)
2021-09-05 01:39:58,795 [pool-635-thread-1] INFO  server.RaftServerConfigKeys (ConfUtils.java:logGet(44)) - raft.server.log.statemachine.data.sync = true (default)
2021-09-05 01:39:58,795 [pool-635-thread-1] INFO  server.RaftServerConfigKeys (ConfUtils.java:logGet(44)) - raft.server.log.statemachine.data.sync.timeout = 10s (default)
2021-09-05 01:39:58,796 [pool-635-thread-1] INFO  server.RaftServerConfigKeys (ConfUtils.java:logGet(44)) - raft.server.log.statemachine.data.sync.timeout.retry = -1 (default)
2021-09-05 01:39:58,797 [pool-635-thread-1] INFO  server.RaftServerConfigKeys (ConfUtils.java:logGet(44)) - raft.server.log.write.buffer.size = 1048576 (custom)
2021-09-05 01:39:58,797 [Datanode State Machine Thread - 0] WARN  statemachine.StateContext (StateContext.java:execute(621)) - No available thread in pool for past 1 seconds.
2021-09-05 01:39:58,798 [pool-635-thread-1] INFO  server.RaftServerConfigKeys (ConfUtils.java:logGet(44)) - raft.server.log.statemachine.data.caching.enabled = true (custom)
2021-09-05 01:39:58,798 [pool-635-thread-1] INFO  segmented.SegmentedRaftLogWorker (SegmentedRaftLogWorker.java:lambda$new$0(133)) - 54b0752d-9f85-41d1-82b7-176712dc42d8@group-17CA38D5857E-SegmentedRaftLogWorker: flushIndex: setUnconditionally 0 -> -1
2021-09-05 01:39:58,798 [pool-635-thread-1] INFO  segmented.SegmentedRaftLogWorker (SegmentedRaftLogWorker.java:lambda$new$0(133)) - 54b0752d-9f85-41d1-82b7-176712dc42d8@group-17CA38D5857E-SegmentedRaftLogWorker: safeCacheEvictIndex: setUnconditionally 0 -> -1
2021-09-05 01:39:58,818 [Command processor thread] INFO  commandhandler.CreatePipelineCommandHandler (CreatePipelineCommandHandler.java:handle(106)) - Created Pipeline RATIS THREE PipelineID=d2b771ec-915a-42be-9e6e-a2164613b897.
2021-09-05 01:39:58,818 [Command processor thread] INFO  server.RaftServer (RaftServerProxy.java:addNew(95)) - cff69f77-ea12-413c-a988-d2a44a5ca406: addNew group-A2597FCC6369:[fdb9e53e-0679-45da-9a61-20e122f839df|rpc:10.1.0.25:40867|priority:0, cff69f77-ea12-413c-a988-d2a44a5ca406|rpc:10.1.0.25:34387|priority:1, be41d154-e08a-4361-999c-a2746058d00f|rpc:10.1.0.25:33043|priority:0] returns group-A2597FCC6369:java.util.concurrent.CompletableFuture@61a78d72[Not completed]
2021-09-05 01:39:58,819 [pool-693-thread-1] INFO  server.RaftServer$Division (RaftServerImpl.java:<init>(181)) - cff69f77-ea12-413c-a988-d2a44a5ca406: new RaftServerImpl for group-A2597FCC6369:[fdb9e53e-0679-45da-9a61-20e122f839df|rpc:10.1.0.25:40867|priority:0, cff69f77-ea12-413c-a988-d2a44a5ca406|rpc:10.1.0.25:34387|priority:1, be41d154-e08a-4361-999c-a2746058d00f|rpc:10.1.0.25:33043|priority:0] with ContainerStateMachine:uninitialized
2021-09-05 01:39:58,819 [pool-693-thread-1] INFO  server.RaftServerConfigKeys (ConfUtils.java:logGet(44)) - raft.server.rpc.timeout.min = 5s (custom)
2021-09-05 01:39:58,819 [pool-693-thread-1] INFO  server.RaftServerConfigKeys (ConfUtils.java:logGet(44)) - raft.server.rpc.timeout.max = 5200ms (custom)
2021-09-05 01:39:58,819 [pool-693-thread-1] INFO  server.RaftServerConfigKeys (ConfUtils.java:logGet(44)) - raft.server.rpc.sleep.time = 25ms (default)
2021-09-05 01:39:58,819 [pool-693-thread-1] INFO  server.RaftServerConfigKeys (ConfUtils.java:logGet(44)) - raft.server.rpc.slowness.timeout = 300000ms (custom)
2021-09-05 01:39:58,819 [pool-693-thread-1] INFO  server.RaftServerConfigKeys (ConfUtils.java:logGet(44)) - raft.server.leaderelection.leader.step-down.wait-time = 10s (default)
2021-09-05 01:39:58,819 [pool-693-thread-1] INFO  server.RaftServerConfigKeys (ConfUtils.java:logGet(44)) - raft.server.sleep.deviation.threshold = 300ms (default)
2021-09-05 01:39:58,819 [pool-693-thread-1] INFO  server.RaftServerConfigKeys (ConfUtils.java:logGet(44)) - raft.server.log.appender.install.snapshot.enabled = false (custom)
2021-09-05 01:39:58,819 [pool-693-thread-1] INFO  server.RaftServer$Division (ServerState.java:<init>(105)) - cff69f77-ea12-413c-a988-d2a44a5ca406@group-A2597FCC6369: ConfigurationManager, init=-1: [fdb9e53e-0679-45da-9a61-20e122f839df|rpc:10.1.0.25:40867|priority:0, cff69f77-ea12-413c-a988-d2a44a5ca406|rpc:10.1.0.25:34387|priority:1, be41d154-e08a-4361-999c-a2746058d00f|rpc:10.1.0.25:33043|priority:0], old=null, confs=<EMPTY_MAP>
2021-09-05 01:39:58,819 [pool-693-thread-1] INFO  server.RaftServerConfigKeys (ConfUtils.java:logGet(44)) - raft.server.storage.dir = [/home/runner/work/ozone/ozone/hadoop-ozone/integration-test/target/test-dir/MiniOzoneClusterImpl-37340386-36af-4fa8-9723-b8f583b28ff6/datanode-0/data/ratis] (custom)
2021-09-05 01:39:58,819 [pool-693-thread-1] INFO  server.RaftServerConfigKeys (ConfUtils.java:logGet(44)) - raft.server.log.corruption.policy = EXCEPTION (default)
2021-09-05 01:39:58,819 [pool-693-thread-1] INFO  server.RaftServerConfigKeys (ConfUtils.java:logGet(44)) - raft.server.storage.free-space.min = 0MB (=0) (default)
2021-09-05 01:39:58,819 [pool-693-thread-1] INFO  storage.RaftStorageDirectory (RaftStorageDirectoryImpl.java:analyzeStorage(135)) - The storage directory /home/runner/work/ozone/ozone/hadoop-ozone/integration-test/target/test-dir/MiniOzoneClusterImpl-37340386-36af-4fa8-9723-b8f583b28ff6/datanode-0/data/ratis/52703f6d-9754-433b-b0cb-a2597fcc6369 does not exist. Creating ...
2021-09-05 01:39:58,821 [pool-693-thread-1] INFO  storage.RaftStorageDirectory (RaftStorageDirectoryImpl.java:tryLock(230)) - Lock on /home/runner/work/ozone/ozone/hadoop-ozone/integration-test/target/test-dir/MiniOzoneClusterImpl-37340386-36af-4fa8-9723-b8f583b28ff6/datanode-0/data/ratis/52703f6d-9754-433b-b0cb-a2597fcc6369/in_use.lock acquired by nodename 19671@fv-az270-420
2021-09-05 01:39:58,822 [pool-693-thread-1] INFO  storage.RaftStorage (RaftStorageImpl.java:format(89)) - Storage directory /home/runner/work/ozone/ozone/hadoop-ozone/integration-test/target/test-dir/MiniOzoneClusterImpl-37340386-36af-4fa8-9723-b8f583b28ff6/datanode-0/data/ratis/52703f6d-9754-433b-b0cb-a2597fcc6369 has been successfully formatted.
2021-09-05 01:39:58,823 [pool-693-thread-1] INFO  ratis.ContainerStateMachine (ContainerStateMachine.java:loadSnapshot(224)) - group-A2597FCC6369: The snapshot info is null. Setting the last applied indexto:(t:0, i:~)
2021-09-05 01:39:58,823 [pool-635-thread-1] INFO  server.RaftServerConfigKeys (ConfUtils.java:logGet(44)) - raft.server.snapshot.auto.trigger.enabled = true (custom)
2021-09-05 01:39:58,823 [pool-635-thread-1] INFO  server.RaftServerConfigKeys (ConfUtils.java:logGet(44)) - raft.server.snapshot.auto.trigger.threshold = 10000 (custom)
2021-09-05 01:39:58,823 [pool-635-thread-1] INFO  server.RaftServerConfigKeys (ConfUtils.java:logGet(44)) - raft.server.snapshot.retention.file.num = 5 (custom)
2021-09-05 01:39:58,823 [pool-635-thread-1] INFO  server.RaftServerConfigKeys (ConfUtils.java:logGet(44)) - raft.server.log.purge.upto.snapshot.index = false (default)
2021-09-05 01:39:58,823 [pool-635-thread-1] INFO  server.RaftServerConfigKeys (ConfUtils.java:logGet(44)) - raft.server.retrycache.expirytime = 600000ms (custom)
2021-09-05 01:39:58,823 [pool-635-thread-1] INFO  server.RaftServerConfigKeys (ConfUtils.java:logGet(44)) - raft.server.retrycache.statistics.expirytime = 100μs (default)
2021-09-05 01:39:58,825 [pool-635-thread-1] INFO  server.RaftServer$Division (RaftServerImpl.java:start(296)) - 54b0752d-9f85-41d1-82b7-176712dc42d8@group-17CA38D5857E: start as a follower, conf=-1: [fdb9e53e-0679-45da-9a61-20e122f839df|rpc:10.1.0.25:40867|priority:0, be41d154-e08a-4361-999c-a2746058d00f|rpc:10.1.0.25:33043|priority:1, 54b0752d-9f85-41d1-82b7-176712dc42d8|rpc:10.1.0.25:45159|priority:0], old=null
2021-09-05 01:39:58,825 [pool-635-thread-1] INFO  server.RaftServer$Division (RaftServerImpl.java:setRole(285)) - 54b0752d-9f85-41d1-82b7-176712dc42d8@group-17CA38D5857E: changes role from      null to FOLLOWER at term 0 for startAsFollower
2021-09-05 01:39:58,825 [pool-635-thread-1] INFO  impl.RoleInfo (RoleInfo.java:updateAndGet(130)) - 54b0752d-9f85-41d1-82b7-176712dc42d8: start 54b0752d-9f85-41d1-82b7-176712dc42d8@group-17CA38D5857E-FollowerState
2021-09-05 01:39:58,828 [pool-693-thread-1] INFO  server.RaftServerConfigKeys (ConfUtils.java:logGet(44)) - raft.server.notification.no-leader.timeout = 300000ms (custom)
2021-09-05 01:39:58,828 [pool-693-thread-1] INFO  server.RaftServerConfigKeys (ConfUtils.java:logGet(44)) - raft.server.log.use.memory = false (default)
2021-09-05 01:39:58,828 [pool-693-thread-1] INFO  server.RaftServerConfigKeys (ConfUtils.java:logGet(44)) - raft.server.log.purge.gap = 1000000 (custom)
2021-09-05 01:39:58,828 [pool-693-thread-1] INFO  server.RaftServerConfigKeys (ConfUtils.java:logGet(44)) - raft.server.log.appender.buffer.byte-limit = 33554432 (custom)
2021-09-05 01:39:58,828 [pool-693-thread-1] INFO  server.RaftServerConfigKeys (ConfUtils.java:logGet(44)) - raft.server.log.segment.size.max = 1048576 (custom)
2021-09-05 01:39:58,829 [pool-693-thread-1] INFO  server.RaftServerConfigKeys (ConfUtils.java:logGet(44)) - raft.server.log.segment.cache.num.max = 2 (custom)
2021-09-05 01:39:58,829 [pool-693-thread-1] INFO  server.RaftServerConfigKeys (ConfUtils.java:logGet(44)) - raft.server.log.segment.cache.size.max = 200MB (=209715200) (default)
2021-09-05 01:39:58,829 [pool-693-thread-1] INFO  segmented.SegmentedRaftLogWorker (SegmentedRaftLogWorker.java:<init>(182)) - new cff69f77-ea12-413c-a988-d2a44a5ca406@group-A2597FCC6369-SegmentedRaftLogWorker for RaftStorageImpl:Storage Directory /home/runner/work/ozone/ozone/hadoop-ozone/integration-test/target/test-dir/MiniOzoneClusterImpl-37340386-36af-4fa8-9723-b8f583b28ff6/datanode-0/data/ratis/52703f6d-9754-433b-b0cb-a2597fcc6369
2021-09-05 01:39:58,829 [pool-693-thread-1] INFO  server.RaftServerConfigKeys (ConfUtils.java:logGet(44)) - raft.server.log.queue.byte-limit = 2147483647 (custom)
2021-09-05 01:39:58,829 [Datanode State Machine Thread - 0] WARN  statemachine.StateContext (StateContext.java:execute(621)) - No available thread in pool for past 1 seconds.
2021-09-05 01:39:58,829 [pool-693-thread-1] INFO  server.RaftServerConfigKeys (ConfUtils.java:logGet(44)) - raft.server.log.queue.element-limit = 1024 (custom)
2021-09-05 01:39:58,839 [pool-693-thread-1] INFO  server.RaftServerConfigKeys (ConfUtils.java:logGet(44)) - raft.server.log.segment.size.max = 1048576 (custom)
2021-09-05 01:39:58,839 [pool-693-thread-1] INFO  server.RaftServerConfigKeys (ConfUtils.java:logGet(44)) - raft.server.log.preallocated.size = 16384 (custom)
2021-09-05 01:39:58,839 [pool-693-thread-1] INFO  server.RaftServerConfigKeys (ConfUtils.java:logGet(44)) - raft.server.log.force.sync.num = 128 (default)
2021-09-05 01:39:58,839 [pool-693-thread-1] INFO  server.RaftServerConfigKeys (ConfUtils.java:logGet(44)) - raft.server.log.statemachine.data.sync = true (default)
2021-09-05 01:39:58,839 [pool-693-thread-1] INFO  server.RaftServerConfigKeys (ConfUtils.java:logGet(44)) - raft.server.log.statemachine.data.sync.timeout = 10s (default)
2021-09-05 01:39:58,839 [pool-693-thread-1] INFO  server.RaftServerConfigKeys (ConfUtils.java:logGet(44)) - raft.server.log.statemachine.data.sync.timeout.retry = -1 (default)
2021-09-05 01:39:58,843 [pool-635-thread-1] INFO  util.JmxRegister (JmxRegister.java:tryRegister(44)) - Successfully registered JMX Bean with object name Ratis:service=RaftServer,group=group-17CA38D5857E,id=54b0752d-9f85-41d1-82b7-176712dc42d8
2021-09-05 01:39:58,857 [pool-693-thread-1] INFO  server.RaftServerConfigKeys (ConfUtils.java:logGet(44)) - raft.server.log.write.buffer.size = 1048576 (custom)
2021-09-05 01:39:58,862 [pool-693-thread-1] INFO  server.RaftServerConfigKeys (ConfUtils.java:logGet(44)) - raft.server.log.statemachine.data.caching.enabled = true (custom)
2021-09-05 01:39:58,862 [pool-693-thread-1] INFO  segmented.SegmentedRaftLogWorker (SegmentedRaftLogWorker.java:lambda$new$0(133)) - cff69f77-ea12-413c-a988-d2a44a5ca406@group-A2597FCC6369-SegmentedRaftLogWorker: flushIndex: setUnconditionally 0 -> -1
2021-09-05 01:39:58,862 [pool-693-thread-1] INFO  segmented.SegmentedRaftLogWorker (SegmentedRaftLogWorker.java:lambda$new$0(133)) - cff69f77-ea12-413c-a988-d2a44a5ca406@group-A2597FCC6369-SegmentedRaftLogWorker: safeCacheEvictIndex: setUnconditionally 0 -> -1
2021-09-05 01:39:58,862 [Command processor thread] INFO  server.RaftServer (RaftServerProxy.java:addNew(95)) - be41d154-e08a-4361-999c-a2746058d00f: addNew group-17CA38D5857E:[fdb9e53e-0679-45da-9a61-20e122f839df|rpc:10.1.0.25:40867|priority:0, be41d154-e08a-4361-999c-a2746058d00f|rpc:10.1.0.25:33043|priority:1, 54b0752d-9f85-41d1-82b7-176712dc42d8|rpc:10.1.0.25:45159|priority:0] returns group-17CA38D5857E:java.util.concurrent.CompletableFuture@459ce219[Not completed]
2021-09-05 01:39:58,863 [pool-559-thread-1] INFO  server.RaftServer$Division (RaftServerImpl.java:<init>(181)) - be41d154-e08a-4361-999c-a2746058d00f: new RaftServerImpl for group-17CA38D5857E:[fdb9e53e-0679-45da-9a61-20e122f839df|rpc:10.1.0.25:40867|priority:0, be41d154-e08a-4361-999c-a2746058d00f|rpc:10.1.0.25:33043|priority:1, 54b0752d-9f85-41d1-82b7-176712dc42d8|rpc:10.1.0.25:45159|priority:0] with ContainerStateMachine:uninitialized
2021-09-05 01:39:58,863 [pool-559-thread-1] INFO  server.RaftServerConfigKeys (ConfUtils.java:logGet(44)) - raft.server.rpc.timeout.min = 5s (custom)
2021-09-05 01:39:58,863 [pool-559-thread-1] INFO  server.RaftServerConfigKeys (ConfUtils.java:logGet(44)) - raft.server.rpc.timeout.max = 5200ms (custom)
2021-09-05 01:39:58,863 [pool-559-thread-1] INFO  server.RaftServerConfigKeys (ConfUtils.java:logGet(44)) - raft.server.rpc.sleep.time = 25ms (default)
2021-09-05 01:39:58,863 [pool-559-thread-1] INFO  server.RaftServerConfigKeys (ConfUtils.java:logGet(44)) - raft.server.rpc.slowness.timeout = 300000ms (custom)
2021-09-05 01:39:58,863 [pool-559-thread-1] INFO  server.RaftServerConfigKeys (ConfUtils.java:logGet(44)) - raft.server.leaderelection.leader.step-down.wait-time = 10s (default)
2021-09-05 01:39:58,863 [pool-559-thread-1] INFO  server.RaftServerConfigKeys (ConfUtils.java:logGet(44)) - raft.server.sleep.deviation.threshold = 300ms (default)
2021-09-05 01:39:58,863 [pool-559-thread-1] INFO  server.RaftServerConfigKeys (ConfUtils.java:logGet(44)) - raft.server.log.appender.install.snapshot.enabled = false (custom)
2021-09-05 01:39:58,863 [pool-559-thread-1] INFO  server.RaftServer$Division (ServerState.java:<init>(105)) - be41d154-e08a-4361-999c-a2746058d00f@group-17CA38D5857E: ConfigurationManager, init=-1: [fdb9e53e-0679-45da-9a61-20e122f839df|rpc:10.1.0.25:40867|priority:0, be41d154-e08a-4361-999c-a2746058d00f|rpc:10.1.0.25:33043|priority:1, 54b0752d-9f85-41d1-82b7-176712dc42d8|rpc:10.1.0.25:45159|priority:0], old=null, confs=<EMPTY_MAP>
2021-09-05 01:39:58,863 [pool-559-thread-1] INFO  server.RaftServerConfigKeys (ConfUtils.java:logGet(44)) - raft.server.storage.dir = [/home/runner/work/ozone/ozone/hadoop-ozone/integration-test/target/test-dir/MiniOzoneClusterImpl-37340386-36af-4fa8-9723-b8f583b28ff6/datanode-2/data/ratis] (custom)
2021-09-05 01:39:58,864 [pool-559-thread-1] INFO  server.RaftServerConfigKeys (ConfUtils.java:logGet(44)) - raft.server.log.corruption.policy = EXCEPTION (default)
2021-09-05 01:39:58,864 [pool-559-thread-1] INFO  server.RaftServerConfigKeys (ConfUtils.java:logGet(44)) - raft.server.storage.free-space.min = 0MB (=0) (default)
2021-09-05 01:39:58,864 [pool-559-thread-1] INFO  storage.RaftStorageDirectory (RaftStorageDirectoryImpl.java:analyzeStorage(135)) - The storage directory /home/runner/work/ozone/ozone/hadoop-ozone/integration-test/target/test-dir/MiniOzoneClusterImpl-37340386-36af-4fa8-9723-b8f583b28ff6/datanode-2/data/ratis/5a02bf5f-5c9d-44e3-99a7-17ca38d5857e does not exist. Creating ...
2021-09-05 01:39:58,874 [Datanode State Machine Thread - 0] INFO  statemachine.DatanodeStateMachine (DatanodeStateMachine.java:lambda$startDaemon$0(457)) - Ozone container server started.
2021-09-05 01:39:58,874 [pool-559-thread-1] INFO  storage.RaftStorageDirectory (RaftStorageDirectoryImpl.java:tryLock(230)) - Lock on /home/runner/work/ozone/ozone/hadoop-ozone/integration-test/target/test-dir/MiniOzoneClusterImpl-37340386-36af-4fa8-9723-b8f583b28ff6/datanode-2/data/ratis/5a02bf5f-5c9d-44e3-99a7-17ca38d5857e/in_use.lock acquired by nodename 19671@fv-az270-420
2021-09-05 01:39:58,875 [Command processor thread] INFO  ratis.XceiverServerRatis (XceiverServerRatis.java:addGroup(763)) - Created group PipelineID=5a02bf5f-5c9d-44e3-99a7-17ca38d5857e
2021-09-05 01:39:58,877 [pool-559-thread-1] INFO  storage.RaftStorage (RaftStorageImpl.java:format(89)) - Storage directory /home/runner/work/ozone/ozone/hadoop-ozone/integration-test/target/test-dir/MiniOzoneClusterImpl-37340386-36af-4fa8-9723-b8f583b28ff6/datanode-2/data/ratis/5a02bf5f-5c9d-44e3-99a7-17ca38d5857e has been successfully formatted.
2021-09-05 01:39:58,878 [pool-559-thread-1] INFO  ratis.ContainerStateMachine (ContainerStateMachine.java:loadSnapshot(224)) - group-17CA38D5857E: The snapshot info is null. Setting the last applied indexto:(t:0, i:~)
2021-09-05 01:39:58,878 [pool-559-thread-1] INFO  server.RaftServerConfigKeys (ConfUtils.java:logGet(44)) - raft.server.notification.no-leader.timeout = 300000ms (custom)
2021-09-05 01:39:58,878 [pool-559-thread-1] INFO  server.RaftServerConfigKeys (ConfUtils.java:logGet(44)) - raft.server.log.use.memory = false (default)
2021-09-05 01:39:58,878 [pool-559-thread-1] INFO  server.RaftServerConfigKeys (ConfUtils.java:logGet(44)) - raft.server.log.purge.gap = 1000000 (custom)
2021-09-05 01:39:58,878 [pool-559-thread-1] INFO  server.RaftServerConfigKeys (ConfUtils.java:logGet(44)) - raft.server.log.appender.buffer.byte-limit = 33554432 (custom)
2021-09-05 01:39:58,878 [pool-559-thread-1] INFO  server.RaftServerConfigKeys (ConfUtils.java:logGet(44)) - raft.server.log.segment.size.max = 1048576 (custom)
2021-09-05 01:39:58,881 [pool-559-thread-1] INFO  server.RaftServerConfigKeys (ConfUtils.java:logGet(44)) - raft.server.log.segment.cache.num.max = 2 (custom)
2021-09-05 01:39:58,881 [pool-559-thread-1] INFO  server.RaftServerConfigKeys (ConfUtils.java:logGet(44)) - raft.server.log.segment.cache.size.max = 200MB (=209715200) (default)
2021-09-05 01:39:58,881 [pool-559-thread-1] INFO  segmented.SegmentedRaftLogWorker (SegmentedRaftLogWorker.java:<init>(182)) - new be41d154-e08a-4361-999c-a2746058d00f@group-17CA38D5857E-SegmentedRaftLogWorker for RaftStorageImpl:Storage Directory /home/runner/work/ozone/ozone/hadoop-ozone/integration-test/target/test-dir/MiniOzoneClusterImpl-37340386-36af-4fa8-9723-b8f583b28ff6/datanode-2/data/ratis/5a02bf5f-5c9d-44e3-99a7-17ca38d5857e
2021-09-05 01:39:58,881 [pool-559-thread-1] INFO  server.RaftServerConfigKeys (ConfUtils.java:logGet(44)) - raft.server.log.queue.byte-limit = 2147483647 (custom)
2021-09-05 01:39:58,881 [pool-559-thread-1] INFO  server.RaftServerConfigKeys (ConfUtils.java:logGet(44)) - raft.server.log.queue.element-limit = 1024 (custom)
2021-09-05 01:39:58,881 [pool-559-thread-1] INFO  server.RaftServerConfigKeys (ConfUtils.java:logGet(44)) - raft.server.log.segment.size.max = 1048576 (custom)
2021-09-05 01:39:58,881 [pool-559-thread-1] INFO  server.RaftServerConfigKeys (ConfUtils.java:logGet(44)) - raft.server.log.preallocated.size = 16384 (custom)
2021-09-05 01:39:58,881 [pool-559-thread-1] INFO  server.RaftServerConfigKeys (ConfUtils.java:logGet(44)) - raft.server.log.force.sync.num = 128 (default)
2021-09-05 01:39:58,881 [pool-559-thread-1] INFO  server.RaftServerConfigKeys (ConfUtils.java:logGet(44)) - raft.server.log.statemachine.data.sync = true (default)
2021-09-05 01:39:58,881 [pool-559-thread-1] INFO  server.RaftServerConfigKeys (ConfUtils.java:logGet(44)) - raft.server.log.statemachine.data.sync.timeout = 10s (default)
2021-09-05 01:39:58,882 [pool-559-thread-1] INFO  server.RaftServerConfigKeys (ConfUtils.java:logGet(44)) - raft.server.log.statemachine.data.sync.timeout.retry = -1 (default)
2021-09-05 01:39:58,883 [pool-559-thread-1] INFO  server.RaftServerConfigKeys (ConfUtils.java:logGet(44)) - raft.server.log.write.buffer.size = 1048576 (custom)
2021-09-05 01:39:58,885 [pool-559-thread-1] INFO  server.RaftServerConfigKeys (ConfUtils.java:logGet(44)) - raft.server.log.statemachine.data.caching.enabled = true (custom)
2021-09-05 01:39:58,887 [pool-559-thread-1] INFO  segmented.SegmentedRaftLogWorker (SegmentedRaftLogWorker.java:lambda$new$0(133)) - be41d154-e08a-4361-999c-a2746058d00f@group-17CA38D5857E-SegmentedRaftLogWorker: flushIndex: setUnconditionally 0 -> -1
2021-09-05 01:39:58,887 [pool-559-thread-1] INFO  segmented.SegmentedRaftLogWorker (SegmentedRaftLogWorker.java:lambda$new$0(133)) - be41d154-e08a-4361-999c-a2746058d00f@group-17CA38D5857E-SegmentedRaftLogWorker: safeCacheEvictIndex: setUnconditionally 0 -> -1
2021-09-05 01:39:58,901 [pool-559-thread-1] INFO  server.RaftServerConfigKeys (ConfUtils.java:logGet(44)) - raft.server.snapshot.auto.trigger.enabled = true (custom)
2021-09-05 01:39:58,901 [pool-559-thread-1] INFO  server.RaftServerConfigKeys (ConfUtils.java:logGet(44)) - raft.server.snapshot.auto.trigger.threshold = 10000 (custom)
2021-09-05 01:39:58,902 [pool-559-thread-1] INFO  server.RaftServerConfigKeys (ConfUtils.java:logGet(44)) - raft.server.snapshot.retention.file.num = 5 (custom)
2021-09-05 01:39:58,902 [pool-559-thread-1] INFO  server.RaftServerConfigKeys (ConfUtils.java:logGet(44)) - raft.server.log.purge.upto.snapshot.index = false (default)
2021-09-05 01:39:58,923 [pool-693-thread-1] INFO  server.RaftServerConfigKeys (ConfUtils.java:logGet(44)) - raft.server.snapshot.auto.trigger.enabled = true (custom)
2021-09-05 01:39:58,923 [pool-693-thread-1] INFO  server.RaftServerConfigKeys (ConfUtils.java:logGet(44)) - raft.server.snapshot.auto.trigger.threshold = 10000 (custom)
2021-09-05 01:39:58,923 [pool-693-thread-1] INFO  server.RaftServerConfigKeys (ConfUtils.java:logGet(44)) - raft.server.snapshot.retention.file.num = 5 (custom)
2021-09-05 01:39:58,923 [pool-693-thread-1] INFO  server.RaftServerConfigKeys (ConfUtils.java:logGet(44)) - raft.server.log.purge.upto.snapshot.index = false (default)
2021-09-05 01:39:58,923 [pool-693-thread-1] INFO  server.RaftServerConfigKeys (ConfUtils.java:logGet(44)) - raft.server.retrycache.expirytime = 600000ms (custom)
2021-09-05 01:39:58,923 [pool-693-thread-1] INFO  server.RaftServerConfigKeys (ConfUtils.java:logGet(44)) - raft.server.retrycache.statistics.expirytime = 100μs (default)
2021-09-05 01:39:58,925 [pool-693-thread-1] INFO  server.RaftServer$Division (RaftServerImpl.java:start(296)) - cff69f77-ea12-413c-a988-d2a44a5ca406@group-A2597FCC6369: start as a follower, conf=-1: [fdb9e53e-0679-45da-9a61-20e122f839df|rpc:10.1.0.25:40867|priority:0, cff69f77-ea12-413c-a988-d2a44a5ca406|rpc:10.1.0.25:34387|priority:1, be41d154-e08a-4361-999c-a2746058d00f|rpc:10.1.0.25:33043|priority:0], old=null
2021-09-05 01:39:58,925 [pool-693-thread-1] INFO  server.RaftServer$Division (RaftServerImpl.java:setRole(285)) - cff69f77-ea12-413c-a988-d2a44a5ca406@group-A2597FCC6369: changes role from      null to FOLLOWER at term 0 for startAsFollower
2021-09-05 01:39:58,925 [pool-693-thread-1] INFO  impl.RoleInfo (RoleInfo.java:updateAndGet(130)) - cff69f77-ea12-413c-a988-d2a44a5ca406: start cff69f77-ea12-413c-a988-d2a44a5ca406@group-A2597FCC6369-FollowerState
2021-09-05 01:39:58,947 [pool-693-thread-1] INFO  util.JmxRegister (JmxRegister.java:tryRegister(44)) - Successfully registered JMX Bean with object name Ratis:service=RaftServer,group=group-A2597FCC6369,id=cff69f77-ea12-413c-a988-d2a44a5ca406
2021-09-05 01:39:58,952 [Command processor thread] INFO  ratis.XceiverServerRatis (XceiverServerRatis.java:addGroup(763)) - Created group PipelineID=52703f6d-9754-433b-b0cb-a2597fcc6369
2021-09-05 01:39:58,962 [pool-559-thread-1] INFO  server.RaftServerConfigKeys (ConfUtils.java:logGet(44)) - raft.server.retrycache.expirytime = 600000ms (custom)
2021-09-05 01:39:58,962 [pool-559-thread-1] INFO  server.RaftServerConfigKeys (ConfUtils.java:logGet(44)) - raft.server.retrycache.statistics.expirytime = 100μs (default)
2021-09-05 01:39:58,963 [pool-559-thread-1] INFO  server.RaftServer$Division (RaftServerImpl.java:start(296)) - be41d154-e08a-4361-999c-a2746058d00f@group-17CA38D5857E: start as a follower, conf=-1: [fdb9e53e-0679-45da-9a61-20e122f839df|rpc:10.1.0.25:40867|priority:0, be41d154-e08a-4361-999c-a2746058d00f|rpc:10.1.0.25:33043|priority:1, 54b0752d-9f85-41d1-82b7-176712dc42d8|rpc:10.1.0.25:45159|priority:0], old=null
2021-09-05 01:39:58,963 [pool-559-thread-1] INFO  server.RaftServer$Division (RaftServerImpl.java:setRole(285)) - be41d154-e08a-4361-999c-a2746058d00f@group-17CA38D5857E: changes role from      null to FOLLOWER at term 0 for startAsFollower
2021-09-05 01:39:58,964 [pool-559-thread-1] INFO  impl.RoleInfo (RoleInfo.java:updateAndGet(130)) - be41d154-e08a-4361-999c-a2746058d00f: start be41d154-e08a-4361-999c-a2746058d00f@group-17CA38D5857E-FollowerState
2021-09-05 01:39:58,972 [grpc-default-executor-0] INFO  server.RaftServer (RaftServerProxy.java:addNew(95)) - be41d154-e08a-4361-999c-a2746058d00f: addNew group-A2597FCC6369:[fdb9e53e-0679-45da-9a61-20e122f839df|rpc:10.1.0.25:40867|dataStream:|priority:0, cff69f77-ea12-413c-a988-d2a44a5ca406|rpc:10.1.0.25:34387|dataStream:|priority:1, be41d154-e08a-4361-999c-a2746058d00f|rpc:10.1.0.25:33043|dataStream:|priority:0] returns group-A2597FCC6369:java.util.concurrent.CompletableFuture@7d5b8a44[Not completed]
2021-09-05 01:39:58,987 [pool-559-thread-1] INFO  util.JmxRegister (JmxRegister.java:tryRegister(44)) - Successfully registered JMX Bean with object name Ratis:service=RaftServer,group=group-17CA38D5857E,id=be41d154-e08a-4361-999c-a2746058d00f
2021-09-05 01:39:59,008 [Command processor thread] INFO  ratis.XceiverServerRatis (XceiverServerRatis.java:addGroup(763)) - Created group PipelineID=5a02bf5f-5c9d-44e3-99a7-17ca38d5857e
2021-09-05 01:39:59,018 [pool-559-thread-1] INFO  server.RaftServer$Division (RaftServerImpl.java:<init>(181)) - be41d154-e08a-4361-999c-a2746058d00f: new RaftServerImpl for group-A2597FCC6369:[fdb9e53e-0679-45da-9a61-20e122f839df|rpc:10.1.0.25:40867|dataStream:|priority:0, cff69f77-ea12-413c-a988-d2a44a5ca406|rpc:10.1.0.25:34387|dataStream:|priority:1, be41d154-e08a-4361-999c-a2746058d00f|rpc:10.1.0.25:33043|dataStream:|priority:0] with ContainerStateMachine:uninitialized
2021-09-05 01:39:59,018 [pool-559-thread-1] INFO  server.RaftServerConfigKeys (ConfUtils.java:logGet(44)) - raft.server.rpc.timeout.min = 5s (custom)
2021-09-05 01:39:59,018 [pool-559-thread-1] INFO  server.RaftServerConfigKeys (ConfUtils.java:logGet(44)) - raft.server.rpc.timeout.max = 5200ms (custom)
2021-09-05 01:39:59,018 [pool-559-thread-1] INFO  server.RaftServerConfigKeys (ConfUtils.java:logGet(44)) - raft.server.rpc.sleep.time = 25ms (default)
2021-09-05 01:39:59,018 [pool-559-thread-1] INFO  server.RaftServerConfigKeys (ConfUtils.java:logGet(44)) - raft.server.rpc.slowness.timeout = 300000ms (custom)
2021-09-05 01:39:59,018 [pool-559-thread-1] INFO  server.RaftServerConfigKeys (ConfUtils.java:logGet(44)) - raft.server.leaderelection.leader.step-down.wait-time = 10s (default)
2021-09-05 01:39:59,018 [pool-559-thread-1] INFO  server.RaftServerConfigKeys (ConfUtils.java:logGet(44)) - raft.server.sleep.deviation.threshold = 300ms (default)
2021-09-05 01:39:59,018 [pool-559-thread-1] INFO  server.RaftServerConfigKeys (ConfUtils.java:logGet(44)) - raft.server.log.appender.install.snapshot.enabled = false (custom)
2021-09-05 01:39:59,018 [pool-559-thread-1] INFO  server.RaftServer$Division (ServerState.java:<init>(105)) - be41d154-e08a-4361-999c-a2746058d00f@group-A2597FCC6369: ConfigurationManager, init=-1: [fdb9e53e-0679-45da-9a61-20e122f839df|rpc:10.1.0.25:40867|dataStream:|priority:0, cff69f77-ea12-413c-a988-d2a44a5ca406|rpc:10.1.0.25:34387|dataStream:|priority:1, be41d154-e08a-4361-999c-a2746058d00f|rpc:10.1.0.25:33043|dataStream:|priority:0], old=null, confs=<EMPTY_MAP>
2021-09-05 01:39:59,018 [pool-559-thread-1] INFO  server.RaftServerConfigKeys (ConfUtils.java:logGet(44)) - raft.server.storage.dir = [/home/runner/work/ozone/ozone/hadoop-ozone/integration-test/target/test-dir/MiniOzoneClusterImpl-37340386-36af-4fa8-9723-b8f583b28ff6/datanode-2/data/ratis] (custom)
2021-09-05 01:39:59,018 [pool-559-thread-1] INFO  server.RaftServerConfigKeys (ConfUtils.java:logGet(44)) - raft.server.log.corruption.policy = EXCEPTION (default)
2021-09-05 01:39:59,018 [pool-559-thread-1] INFO  server.RaftServerConfigKeys (ConfUtils.java:logGet(44)) - raft.server.storage.free-space.min = 0MB (=0) (default)
2021-09-05 01:39:59,018 [pool-559-thread-1] INFO  storage.RaftStorageDirectory (RaftStorageDirectoryImpl.java:analyzeStorage(135)) - The storage directory /home/runner/work/ozone/ozone/hadoop-ozone/integration-test/target/test-dir/MiniOzoneClusterImpl-37340386-36af-4fa8-9723-b8f583b28ff6/datanode-2/data/ratis/52703f6d-9754-433b-b0cb-a2597fcc6369 does not exist. Creating ...
2021-09-05 01:39:59,026 [pool-559-thread-1] INFO  storage.RaftStorageDirectory (RaftStorageDirectoryImpl.java:tryLock(230)) - Lock on /home/runner/work/ozone/ozone/hadoop-ozone/integration-test/target/test-dir/MiniOzoneClusterImpl-37340386-36af-4fa8-9723-b8f583b28ff6/datanode-2/data/ratis/52703f6d-9754-433b-b0cb-a2597fcc6369/in_use.lock acquired by nodename 19671@fv-az270-420
2021-09-05 01:39:59,027 [pool-559-thread-1] INFO  storage.RaftStorage (RaftStorageImpl.java:format(89)) - Storage directory /home/runner/work/ozone/ozone/hadoop-ozone/integration-test/target/test-dir/MiniOzoneClusterImpl-37340386-36af-4fa8-9723-b8f583b28ff6/datanode-2/data/ratis/52703f6d-9754-433b-b0cb-a2597fcc6369 has been successfully formatted.
2021-09-05 01:39:59,049 [pool-559-thread-1] INFO  ratis.ContainerStateMachine (ContainerStateMachine.java:loadSnapshot(224)) - group-A2597FCC6369: The snapshot info is null. Setting the last applied indexto:(t:0, i:~)
2021-09-05 01:39:59,050 [Datanode State Machine Thread - 0] WARN  statemachine.StateContext (StateContext.java:execute(621)) - No available thread in pool for past 1 seconds.
2021-09-05 01:39:59,050 [pool-559-thread-1] INFO  server.RaftServerConfigKeys (ConfUtils.java:logGet(44)) - raft.server.notification.no-leader.timeout = 300000ms (custom)
2021-09-05 01:39:59,050 [pool-559-thread-1] INFO  server.RaftServerConfigKeys (ConfUtils.java:logGet(44)) - raft.server.log.use.memory = false (default)
2021-09-05 01:39:59,050 [pool-559-thread-1] INFO  server.RaftServerConfigKeys (ConfUtils.java:logGet(44)) - raft.server.log.purge.gap = 1000000 (custom)
2021-09-05 01:39:59,050 [pool-559-thread-1] INFO  server.RaftServerConfigKeys (ConfUtils.java:logGet(44)) - raft.server.log.appender.buffer.byte-limit = 33554432 (custom)
2021-09-05 01:39:59,050 [pool-559-thread-1] INFO  server.RaftServerConfigKeys (ConfUtils.java:logGet(44)) - raft.server.log.segment.size.max = 1048576 (custom)
2021-09-05 01:39:59,050 [pool-559-thread-1] INFO  server.RaftServerConfigKeys (ConfUtils.java:logGet(44)) - raft.server.log.segment.cache.num.max = 2 (custom)
2021-09-05 01:39:59,051 [pool-559-thread-1] INFO  server.RaftServerConfigKeys (ConfUtils.java:logGet(44)) - raft.server.log.segment.cache.size.max = 200MB (=209715200) (default)
2021-09-05 01:39:59,051 [pool-559-thread-1] INFO  segmented.SegmentedRaftLogWorker (SegmentedRaftLogWorker.java:<init>(182)) - new be41d154-e08a-4361-999c-a2746058d00f@group-A2597FCC6369-SegmentedRaftLogWorker for RaftStorageImpl:Storage Directory /home/runner/work/ozone/ozone/hadoop-ozone/integration-test/target/test-dir/MiniOzoneClusterImpl-37340386-36af-4fa8-9723-b8f583b28ff6/datanode-2/data/ratis/52703f6d-9754-433b-b0cb-a2597fcc6369
2021-09-05 01:39:59,051 [pool-559-thread-1] INFO  server.RaftServerConfigKeys (ConfUtils.java:logGet(44)) - raft.server.log.queue.byte-limit = 2147483647 (custom)
2021-09-05 01:39:59,051 [pool-559-thread-1] INFO  server.RaftServerConfigKeys (ConfUtils.java:logGet(44)) - raft.server.log.queue.element-limit = 1024 (custom)
2021-09-05 01:39:59,051 [pool-559-thread-1] INFO  server.RaftServerConfigKeys (ConfUtils.java:logGet(44)) - raft.server.log.segment.size.max = 1048576 (custom)
2021-09-05 01:39:59,051 [pool-559-thread-1] INFO  server.RaftServerConfigKeys (ConfUtils.java:logGet(44)) - raft.server.log.preallocated.size = 16384 (custom)
2021-09-05 01:39:59,051 [pool-559-thread-1] INFO  server.RaftServerConfigKeys (ConfUtils.java:logGet(44)) - raft.server.log.force.sync.num = 128 (default)
2021-09-05 01:39:59,051 [pool-559-thread-1] INFO  server.RaftServerConfigKeys (ConfUtils.java:logGet(44)) - raft.server.log.statemachine.data.sync = true (default)
2021-09-05 01:39:59,051 [pool-559-thread-1] INFO  server.RaftServerConfigKeys (ConfUtils.java:logGet(44)) - raft.server.log.statemachine.data.sync.timeout = 10s (default)
2021-09-05 01:39:59,051 [pool-559-thread-1] INFO  server.RaftServerConfigKeys (ConfUtils.java:logGet(44)) - raft.server.log.statemachine.data.sync.timeout.retry = -1 (default)
2021-09-05 01:39:59,052 [pool-559-thread-1] INFO  server.RaftServerConfigKeys (ConfUtils.java:logGet(44)) - raft.server.log.write.buffer.size = 1048576 (custom)
2021-09-05 01:39:59,052 [pool-559-thread-1] INFO  server.RaftServerConfigKeys (ConfUtils.java:logGet(44)) - raft.server.log.statemachine.data.caching.enabled = true (custom)
2021-09-05 01:39:59,052 [pool-559-thread-1] INFO  segmented.SegmentedRaftLogWorker (SegmentedRaftLogWorker.java:lambda$new$0(133)) - be41d154-e08a-4361-999c-a2746058d00f@group-A2597FCC6369-SegmentedRaftLogWorker: flushIndex: setUnconditionally 0 -> -1
2021-09-05 01:39:59,052 [pool-559-thread-1] INFO  segmented.SegmentedRaftLogWorker (SegmentedRaftLogWorker.java:lambda$new$0(133)) - be41d154-e08a-4361-999c-a2746058d00f@group-A2597FCC6369-SegmentedRaftLogWorker: safeCacheEvictIndex: setUnconditionally 0 -> -1
2021-09-05 01:39:59,055 [pool-559-thread-1] INFO  server.RaftServerConfigKeys (ConfUtils.java:logGet(44)) - raft.server.snapshot.auto.trigger.enabled = true (custom)
2021-09-05 01:39:59,055 [pool-559-thread-1] INFO  server.RaftServerConfigKeys (ConfUtils.java:logGet(44)) - raft.server.snapshot.auto.trigger.threshold = 10000 (custom)
2021-09-05 01:39:59,080 [pool-559-thread-1] INFO  server.RaftServerConfigKeys (ConfUtils.java:logGet(44)) - raft.server.snapshot.retention.file.num = 5 (custom)
2021-09-05 01:39:59,080 [pool-559-thread-1] INFO  server.RaftServerConfigKeys (ConfUtils.java:logGet(44)) - raft.server.log.purge.upto.snapshot.index = false (default)
2021-09-05 01:39:59,080 [pool-559-thread-1] INFO  server.RaftServerConfigKeys (ConfUtils.java:logGet(44)) - raft.server.retrycache.expirytime = 600000ms (custom)
2021-09-05 01:39:59,080 [pool-559-thread-1] INFO  server.RaftServerConfigKeys (ConfUtils.java:logGet(44)) - raft.server.retrycache.statistics.expirytime = 100μs (default)
2021-09-05 01:39:59,082 [pool-559-thread-1] INFO  server.RaftServer$Division (RaftServerImpl.java:start(296)) - be41d154-e08a-4361-999c-a2746058d00f@group-A2597FCC6369: start as a follower, conf=-1: [fdb9e53e-0679-45da-9a61-20e122f839df|rpc:10.1.0.25:40867|dataStream:|priority:0, cff69f77-ea12-413c-a988-d2a44a5ca406|rpc:10.1.0.25:34387|dataStream:|priority:1, be41d154-e08a-4361-999c-a2746058d00f|rpc:10.1.0.25:33043|dataStream:|priority:0], old=null
2021-09-05 01:39:59,082 [pool-559-thread-1] INFO  server.RaftServer$Division (RaftServerImpl.java:setRole(285)) - be41d154-e08a-4361-999c-a2746058d00f@group-A2597FCC6369: changes role from      null to FOLLOWER at term 0 for startAsFollower
2021-09-05 01:39:59,082 [pool-559-thread-1] INFO  impl.RoleInfo (RoleInfo.java:updateAndGet(130)) - be41d154-e08a-4361-999c-a2746058d00f: start be41d154-e08a-4361-999c-a2746058d00f@group-A2597FCC6369-FollowerState
2021-09-05 01:39:59,071 [pool-540-thread-1] INFO  server.RaftServer$Division (RaftServerImpl.java:<init>(181)) - fdb9e53e-0679-45da-9a61-20e122f839df: new RaftServerImpl for group-17CA38D5857E:[fdb9e53e-0679-45da-9a61-20e122f839df|rpc:10.1.0.25:40867|dataStream:|priority:0, be41d154-e08a-4361-999c-a2746058d00f|rpc:10.1.0.25:33043|dataStream:|priority:1, 54b0752d-9f85-41d1-82b7-176712dc42d8|rpc:10.1.0.25:45159|dataStream:|priority:0] with ContainerStateMachine:uninitialized
2021-09-05 01:39:59,071 [grpc-default-executor-0] INFO  server.RaftServer (RaftServerProxy.java:addNew(95)) - fdb9e53e-0679-45da-9a61-20e122f839df: addNew group-17CA38D5857E:[fdb9e53e-0679-45da-9a61-20e122f839df|rpc:10.1.0.25:40867|dataStream:|priority:0, be41d154-e08a-4361-999c-a2746058d00f|rpc:10.1.0.25:33043|dataStream:|priority:1, 54b0752d-9f85-41d1-82b7-176712dc42d8|rpc:10.1.0.25:45159|dataStream:|priority:0] returns group-17CA38D5857E:java.util.concurrent.CompletableFuture@189c5585[Not completed]
2021-09-05 01:39:59,082 [pool-540-thread-1] INFO  server.RaftServerConfigKeys (ConfUtils.java:logGet(44)) - raft.server.rpc.timeout.min = 5s (custom)
2021-09-05 01:39:59,082 [pool-540-thread-1] INFO  server.RaftServerConfigKeys (ConfUtils.java:logGet(44)) - raft.server.rpc.timeout.max = 5200ms (custom)
2021-09-05 01:39:59,082 [pool-540-thread-1] INFO  server.RaftServerConfigKeys (ConfUtils.java:logGet(44)) - raft.server.rpc.sleep.time = 25ms (default)
2021-09-05 01:39:59,082 [pool-540-thread-1] INFO  server.RaftServerConfigKeys (ConfUtils.java:logGet(44)) - raft.server.rpc.slowness.timeout = 300000ms (custom)
2021-09-05 01:39:59,082 [pool-540-thread-1] INFO  server.RaftServerConfigKeys (ConfUtils.java:logGet(44)) - raft.server.leaderelection.leader.step-down.wait-time = 10s (default)
2021-09-05 01:39:59,083 [pool-540-thread-1] INFO  server.RaftServerConfigKeys (ConfUtils.java:logGet(44)) - raft.server.sleep.deviation.threshold = 300ms (default)
2021-09-05 01:39:59,083 [pool-540-thread-1] INFO  server.RaftServerConfigKeys (ConfUtils.java:logGet(44)) - raft.server.log.appender.install.snapshot.enabled = false (custom)
2021-09-05 01:39:59,083 [pool-540-thread-1] INFO  server.RaftServer$Division (ServerState.java:<init>(105)) - fdb9e53e-0679-45da-9a61-20e122f839df@group-17CA38D5857E: ConfigurationManager, init=-1: [fdb9e53e-0679-45da-9a61-20e122f839df|rpc:10.1.0.25:40867|dataStream:|priority:0, be41d154-e08a-4361-999c-a2746058d00f|rpc:10.1.0.25:33043|dataStream:|priority:1, 54b0752d-9f85-41d1-82b7-176712dc42d8|rpc:10.1.0.25:45159|dataStream:|priority:0], old=null, confs=<EMPTY_MAP>
2021-09-05 01:39:59,083 [pool-540-thread-1] INFO  server.RaftServerConfigKeys (ConfUtils.java:logGet(44)) - raft.server.storage.dir = [/home/runner/work/ozone/ozone/hadoop-ozone/integration-test/target/test-dir/MiniOzoneClusterImpl-37340386-36af-4fa8-9723-b8f583b28ff6/datanode-1/data/ratis] (custom)
2021-09-05 01:39:59,083 [pool-540-thread-1] INFO  server.RaftServerConfigKeys (ConfUtils.java:logGet(44)) - raft.server.log.corruption.policy = EXCEPTION (default)
2021-09-05 01:39:59,083 [pool-540-thread-1] INFO  server.RaftServerConfigKeys (ConfUtils.java:logGet(44)) - raft.server.storage.free-space.min = 0MB (=0) (default)
2021-09-05 01:39:59,083 [pool-540-thread-1] INFO  storage.RaftStorageDirectory (RaftStorageDirectoryImpl.java:analyzeStorage(135)) - The storage directory /home/runner/work/ozone/ozone/hadoop-ozone/integration-test/target/test-dir/MiniOzoneClusterImpl-37340386-36af-4fa8-9723-b8f583b28ff6/datanode-1/data/ratis/5a02bf5f-5c9d-44e3-99a7-17ca38d5857e does not exist. Creating ...
2021-09-05 01:39:59,084 [pool-540-thread-1] INFO  storage.RaftStorageDirectory (RaftStorageDirectoryImpl.java:tryLock(230)) - Lock on /home/runner/work/ozone/ozone/hadoop-ozone/integration-test/target/test-dir/MiniOzoneClusterImpl-37340386-36af-4fa8-9723-b8f583b28ff6/datanode-1/data/ratis/5a02bf5f-5c9d-44e3-99a7-17ca38d5857e/in_use.lock acquired by nodename 19671@fv-az270-420
2021-09-05 01:39:59,107 [pool-540-thread-1] INFO  storage.RaftStorage (RaftStorageImpl.java:format(89)) - Storage directory /home/runner/work/ozone/ozone/hadoop-ozone/integration-test/target/test-dir/MiniOzoneClusterImpl-37340386-36af-4fa8-9723-b8f583b28ff6/datanode-1/data/ratis/5a02bf5f-5c9d-44e3-99a7-17ca38d5857e has been successfully formatted.
2021-09-05 01:39:59,107 [pool-540-thread-1] INFO  ratis.ContainerStateMachine (ContainerStateMachine.java:loadSnapshot(224)) - group-17CA38D5857E: The snapshot info is null. Setting the last applied indexto:(t:0, i:~)
2021-09-05 01:39:59,108 [pool-540-thread-1] INFO  server.RaftServerConfigKeys (ConfUtils.java:logGet(44)) - raft.server.notification.no-leader.timeout = 300000ms (custom)
2021-09-05 01:39:59,108 [pool-540-thread-1] INFO  server.RaftServerConfigKeys (ConfUtils.java:logGet(44)) - raft.server.log.use.memory = false (default)
2021-09-05 01:39:59,108 [pool-540-thread-1] INFO  server.RaftServerConfigKeys (ConfUtils.java:logGet(44)) - raft.server.log.purge.gap = 1000000 (custom)
2021-09-05 01:39:59,108 [pool-540-thread-1] INFO  server.RaftServerConfigKeys (ConfUtils.java:logGet(44)) - raft.server.log.appender.buffer.byte-limit = 33554432 (custom)
2021-09-05 01:39:59,108 [pool-540-thread-1] INFO  server.RaftServerConfigKeys (ConfUtils.java:logGet(44)) - raft.server.log.segment.size.max = 1048576 (custom)
2021-09-05 01:39:59,108 [pool-540-thread-1] INFO  server.RaftServerConfigKeys (ConfUtils.java:logGet(44)) - raft.server.log.segment.cache.num.max = 2 (custom)
2021-09-05 01:39:59,109 [pool-540-thread-1] INFO  server.RaftServerConfigKeys (ConfUtils.java:logGet(44)) - raft.server.log.segment.cache.size.max = 200MB (=209715200) (default)
2021-09-05 01:39:59,109 [pool-540-thread-1] INFO  segmented.SegmentedRaftLogWorker (SegmentedRaftLogWorker.java:<init>(182)) - new fdb9e53e-0679-45da-9a61-20e122f839df@group-17CA38D5857E-SegmentedRaftLogWorker for RaftStorageImpl:Storage Directory /home/runner/work/ozone/ozone/hadoop-ozone/integration-test/target/test-dir/MiniOzoneClusterImpl-37340386-36af-4fa8-9723-b8f583b28ff6/datanode-1/data/ratis/5a02bf5f-5c9d-44e3-99a7-17ca38d5857e
2021-09-05 01:39:59,109 [pool-540-thread-1] INFO  server.RaftServerConfigKeys (ConfUtils.java:logGet(44)) - raft.server.log.queue.byte-limit = 2147483647 (custom)
2021-09-05 01:39:59,109 [pool-540-thread-1] INFO  server.RaftServerConfigKeys (ConfUtils.java:logGet(44)) - raft.server.log.queue.element-limit = 1024 (custom)
2021-09-05 01:39:59,109 [pool-540-thread-1] INFO  server.RaftServerConfigKeys (ConfUtils.java:logGet(44)) - raft.server.log.segment.size.max = 1048576 (custom)
2021-09-05 01:39:59,109 [pool-540-thread-1] INFO  server.RaftServerConfigKeys (ConfUtils.java:logGet(44)) - raft.server.log.preallocated.size = 16384 (custom)
2021-09-05 01:39:59,109 [pool-540-thread-1] INFO  server.RaftServerConfigKeys (ConfUtils.java:logGet(44)) - raft.server.log.force.sync.num = 128 (default)
2021-09-05 01:39:59,109 [pool-540-thread-1] INFO  server.RaftServerConfigKeys (ConfUtils.java:logGet(44)) - raft.server.log.statemachine.data.sync = true (default)
2021-09-05 01:39:59,112 [pool-540-thread-1] INFO  server.RaftServerConfigKeys (ConfUtils.java:logGet(44)) - raft.server.log.statemachine.data.sync.timeout = 10s (default)
2021-09-05 01:39:59,112 [pool-540-thread-1] INFO  server.RaftServerConfigKeys (ConfUtils.java:logGet(44)) - raft.server.log.statemachine.data.sync.timeout.retry = -1 (default)
2021-09-05 01:39:59,114 [pool-540-thread-1] INFO  server.RaftServerConfigKeys (ConfUtils.java:logGet(44)) - raft.server.log.write.buffer.size = 1048576 (custom)
2021-09-05 01:39:59,115 [pool-540-thread-1] INFO  server.RaftServerConfigKeys (ConfUtils.java:logGet(44)) - raft.server.log.statemachine.data.caching.enabled = true (custom)
2021-09-05 01:39:59,115 [pool-540-thread-1] INFO  segmented.SegmentedRaftLogWorker (SegmentedRaftLogWorker.java:lambda$new$0(133)) - fdb9e53e-0679-45da-9a61-20e122f839df@group-17CA38D5857E-SegmentedRaftLogWorker: flushIndex: setUnconditionally 0 -> -1
2021-09-05 01:39:59,115 [pool-540-thread-1] INFO  segmented.SegmentedRaftLogWorker (SegmentedRaftLogWorker.java:lambda$new$0(133)) - fdb9e53e-0679-45da-9a61-20e122f839df@group-17CA38D5857E-SegmentedRaftLogWorker: safeCacheEvictIndex: setUnconditionally 0 -> -1
2021-09-05 01:39:59,125 [pool-540-thread-1] INFO  server.RaftServerConfigKeys (ConfUtils.java:logGet(44)) - raft.server.snapshot.auto.trigger.enabled = true (custom)
2021-09-05 01:39:59,125 [pool-540-thread-1] INFO  server.RaftServerConfigKeys (ConfUtils.java:logGet(44)) - raft.server.snapshot.auto.trigger.threshold = 10000 (custom)
2021-09-05 01:39:59,125 [pool-540-thread-1] INFO  server.RaftServerConfigKeys (ConfUtils.java:logGet(44)) - raft.server.snapshot.retention.file.num = 5 (custom)
2021-09-05 01:39:59,125 [pool-540-thread-1] INFO  server.RaftServerConfigKeys (ConfUtils.java:logGet(44)) - raft.server.log.purge.upto.snapshot.index = false (default)
2021-09-05 01:39:59,125 [pool-540-thread-1] INFO  server.RaftServerConfigKeys (ConfUtils.java:logGet(44)) - raft.server.retrycache.expirytime = 600000ms (custom)
2021-09-05 01:39:59,125 [pool-540-thread-1] INFO  server.RaftServerConfigKeys (ConfUtils.java:logGet(44)) - raft.server.retrycache.statistics.expirytime = 100μs (default)
2021-09-05 01:39:59,127 [pool-540-thread-1] INFO  server.RaftServer$Division (RaftServerImpl.java:start(296)) - fdb9e53e-0679-45da-9a61-20e122f839df@group-17CA38D5857E: start as a follower, conf=-1: [fdb9e53e-0679-45da-9a61-20e122f839df|rpc:10.1.0.25:40867|dataStream:|priority:0, be41d154-e08a-4361-999c-a2746058d00f|rpc:10.1.0.25:33043|dataStream:|priority:1, 54b0752d-9f85-41d1-82b7-176712dc42d8|rpc:10.1.0.25:45159|dataStream:|priority:0], old=null
2021-09-05 01:39:59,127 [pool-540-thread-1] INFO  server.RaftServer$Division (RaftServerImpl.java:setRole(285)) - fdb9e53e-0679-45da-9a61-20e122f839df@group-17CA38D5857E: changes role from      null to FOLLOWER at term 0 for startAsFollower
2021-09-05 01:39:59,127 [pool-540-thread-1] INFO  impl.RoleInfo (RoleInfo.java:updateAndGet(130)) - fdb9e53e-0679-45da-9a61-20e122f839df: start fdb9e53e-0679-45da-9a61-20e122f839df@group-17CA38D5857E-FollowerState
2021-09-05 01:39:59,129 [pool-559-thread-1] INFO  util.JmxRegister (JmxRegister.java:tryRegister(44)) - Successfully registered JMX Bean with object name Ratis:service=RaftServer,group=group-A2597FCC6369,id=be41d154-e08a-4361-999c-a2746058d00f
2021-09-05 01:39:59,130 [pool-540-thread-1] INFO  util.JmxRegister (JmxRegister.java:tryRegister(44)) - Successfully registered JMX Bean with object name Ratis:service=RaftServer,group=group-17CA38D5857E,id=fdb9e53e-0679-45da-9a61-20e122f839df
2021-09-05 01:39:59,251 [Command processor thread] INFO  commandhandler.CreatePipelineCommandHandler (CreatePipelineCommandHandler.java:handle(106)) - Created Pipeline RATIS THREE PipelineID=5a02bf5f-5c9d-44e3-99a7-17ca38d5857e.
2021-09-05 01:39:59,251 [Command processor thread] INFO  server.RaftServer (RaftServerProxy.java:addNew(95)) - 54b0752d-9f85-41d1-82b7-176712dc42d8: addNew group-DB0C5756557F:[cff69f77-ea12-413c-a988-d2a44a5ca406|rpc:10.1.0.25:34387|priority:0, be41d154-e08a-4361-999c-a2746058d00f|rpc:10.1.0.25:33043|priority:0, 54b0752d-9f85-41d1-82b7-176712dc42d8|rpc:10.1.0.25:45159|priority:1] returns group-DB0C5756557F:java.util.concurrent.CompletableFuture@2563282a[Not completed]
2021-09-05 01:39:59,254 [pool-635-thread-1] INFO  server.RaftServer$Division (RaftServerImpl.java:<init>(181)) - 54b0752d-9f85-41d1-82b7-176712dc42d8: new RaftServerImpl for group-DB0C5756557F:[cff69f77-ea12-413c-a988-d2a44a5ca406|rpc:10.1.0.25:34387|priority:0, be41d154-e08a-4361-999c-a2746058d00f|rpc:10.1.0.25:33043|priority:0, 54b0752d-9f85-41d1-82b7-176712dc42d8|rpc:10.1.0.25:45159|priority:1] with ContainerStateMachine:uninitialized
2021-09-05 01:39:59,254 [pool-635-thread-1] INFO  server.RaftServerConfigKeys (ConfUtils.java:logGet(44)) - raft.server.rpc.timeout.min = 5s (custom)
2021-09-05 01:39:59,254 [pool-635-thread-1] INFO  server.RaftServerConfigKeys (ConfUtils.java:logGet(44)) - raft.server.rpc.timeout.max = 5200ms (custom)
2021-09-05 01:39:59,254 [pool-635-thread-1] INFO  server.RaftServerConfigKeys (ConfUtils.java:logGet(44)) - raft.server.rpc.sleep.time = 25ms (default)
2021-09-05 01:39:59,254 [pool-635-thread-1] INFO  server.RaftServerConfigKeys (ConfUtils.java:logGet(44)) - raft.server.rpc.slowness.timeout = 300000ms (custom)
2021-09-05 01:39:59,254 [pool-635-thread-1] INFO  server.RaftServerConfigKeys (ConfUtils.java:logGet(44)) - raft.server.leaderelection.leader.step-down.wait-time = 10s (default)
2021-09-05 01:39:59,254 [pool-635-thread-1] INFO  server.RaftServerConfigKeys (ConfUtils.java:logGet(44)) - raft.server.sleep.deviation.threshold = 300ms (default)
2021-09-05 01:39:59,254 [pool-635-thread-1] INFO  server.RaftServerConfigKeys (ConfUtils.java:logGet(44)) - raft.server.log.appender.install.snapshot.enabled = false (custom)
2021-09-05 01:39:59,254 [pool-635-thread-1] INFO  server.RaftServer$Division (ServerState.java:<init>(105)) - 54b0752d-9f85-41d1-82b7-176712dc42d8@group-DB0C5756557F: ConfigurationManager, init=-1: [cff69f77-ea12-413c-a988-d2a44a5ca406|rpc:10.1.0.25:34387|priority:0, be41d154-e08a-4361-999c-a2746058d00f|rpc:10.1.0.25:33043|priority:0, 54b0752d-9f85-41d1-82b7-176712dc42d8|rpc:10.1.0.25:45159|priority:1], old=null, confs=<EMPTY_MAP>
2021-09-05 01:39:59,254 [pool-635-thread-1] INFO  server.RaftServerConfigKeys (ConfUtils.java:logGet(44)) - raft.server.storage.dir = [/home/runner/work/ozone/ozone/hadoop-ozone/integration-test/target/test-dir/MiniOzoneClusterImpl-37340386-36af-4fa8-9723-b8f583b28ff6/datanode-6/data/ratis] (custom)
2021-09-05 01:39:59,254 [pool-635-thread-1] INFO  server.RaftServerConfigKeys (ConfUtils.java:logGet(44)) - raft.server.log.corruption.policy = EXCEPTION (default)
2021-09-05 01:39:59,254 [pool-635-thread-1] INFO  server.RaftServerConfigKeys (ConfUtils.java:logGet(44)) - raft.server.storage.free-space.min = 0MB (=0) (default)
2021-09-05 01:39:59,254 [pool-635-thread-1] INFO  storage.RaftStorageDirectory (RaftStorageDirectoryImpl.java:analyzeStorage(135)) - The storage directory /home/runner/work/ozone/ozone/hadoop-ozone/integration-test/target/test-dir/MiniOzoneClusterImpl-37340386-36af-4fa8-9723-b8f583b28ff6/datanode-6/data/ratis/970d459e-8e80-4b03-a7e8-db0c5756557f does not exist. Creating ...
2021-09-05 01:39:59,267 [pool-635-thread-1] INFO  storage.RaftStorageDirectory (RaftStorageDirectoryImpl.java:tryLock(230)) - Lock on /home/runner/work/ozone/ozone/hadoop-ozone/integration-test/target/test-dir/MiniOzoneClusterImpl-37340386-36af-4fa8-9723-b8f583b28ff6/datanode-6/data/ratis/970d459e-8e80-4b03-a7e8-db0c5756557f/in_use.lock acquired by nodename 19671@fv-az270-420
2021-09-05 01:39:59,270 [grpc-default-executor-0] INFO  server.RaftServer (RaftServerProxy.java:addNew(95)) - fdb9e53e-0679-45da-9a61-20e122f839df: addNew group-A2597FCC6369:[fdb9e53e-0679-45da-9a61-20e122f839df|rpc:10.1.0.25:40867|dataStream:|priority:0, cff69f77-ea12-413c-a988-d2a44a5ca406|rpc:10.1.0.25:34387|dataStream:|priority:1, be41d154-e08a-4361-999c-a2746058d00f|rpc:10.1.0.25:33043|dataStream:|priority:0] returns group-A2597FCC6369:java.util.concurrent.CompletableFuture@28ca9a07[Not completed]
2021-09-05 01:39:59,271 [pool-540-thread-1] INFO  server.RaftServer$Division (RaftServerImpl.java:<init>(181)) - fdb9e53e-0679-45da-9a61-20e122f839df: new RaftServerImpl for group-A2597FCC6369:[fdb9e53e-0679-45da-9a61-20e122f839df|rpc:10.1.0.25:40867|dataStream:|priority:0, cff69f77-ea12-413c-a988-d2a44a5ca406|rpc:10.1.0.25:34387|dataStream:|priority:1, be41d154-e08a-4361-999c-a2746058d00f|rpc:10.1.0.25:33043|dataStream:|priority:0] with ContainerStateMachine:uninitialized
2021-09-05 01:39:59,271 [pool-540-thread-1] INFO  server.RaftServerConfigKeys (ConfUtils.java:logGet(44)) - raft.server.rpc.timeout.min = 5s (custom)
2021-09-05 01:39:59,271 [pool-540-thread-1] INFO  server.RaftServerConfigKeys (ConfUtils.java:logGet(44)) - raft.server.rpc.timeout.max = 5200ms (custom)
2021-09-05 01:39:59,271 [pool-540-thread-1] INFO  server.RaftServerConfigKeys (ConfUtils.java:logGet(44)) - raft.server.rpc.sleep.time = 25ms (default)
2021-09-05 01:39:59,271 [pool-540-thread-1] INFO  server.RaftServerConfigKeys (ConfUtils.java:logGet(44)) - raft.server.rpc.slowness.timeout = 300000ms (custom)
2021-09-05 01:39:59,271 [pool-540-thread-1] INFO  server.RaftServerConfigKeys (ConfUtils.java:logGet(44)) - raft.server.leaderelection.leader.step-down.wait-time = 10s (default)
2021-09-05 01:39:59,271 [pool-540-thread-1] INFO  server.RaftServerConfigKeys (ConfUtils.java:logGet(44)) - raft.server.sleep.deviation.threshold = 300ms (default)
2021-09-05 01:39:59,271 [pool-540-thread-1] INFO  server.RaftServerConfigKeys (ConfUtils.java:logGet(44)) - raft.server.log.appender.install.snapshot.enabled = false (custom)
2021-09-05 01:39:59,271 [pool-540-thread-1] INFO  server.RaftServer$Division (ServerState.java:<init>(105)) - fdb9e53e-0679-45da-9a61-20e122f839df@group-A2597FCC6369: ConfigurationManager, init=-1: [fdb9e53e-0679-45da-9a61-20e122f839df|rpc:10.1.0.25:40867|dataStream:|priority:0, cff69f77-ea12-413c-a988-d2a44a5ca406|rpc:10.1.0.25:34387|dataStream:|priority:1, be41d154-e08a-4361-999c-a2746058d00f|rpc:10.1.0.25:33043|dataStream:|priority:0], old=null, confs=<EMPTY_MAP>
2021-09-05 01:39:59,272 [pool-540-thread-1] INFO  server.RaftServerConfigKeys (ConfUtils.java:logGet(44)) - raft.server.storage.dir = [/home/runner/work/ozone/ozone/hadoop-ozone/integration-test/target/test-dir/MiniOzoneClusterImpl-37340386-36af-4fa8-9723-b8f583b28ff6/datanode-1/data/ratis] (custom)
2021-09-05 01:39:59,272 [pool-540-thread-1] INFO  server.RaftServerConfigKeys (ConfUtils.java:logGet(44)) - raft.server.log.corruption.policy = EXCEPTION (default)
2021-09-05 01:39:59,272 [pool-540-thread-1] INFO  server.RaftServerConfigKeys (ConfUtils.java:logGet(44)) - raft.server.storage.free-space.min = 0MB (=0) (default)
2021-09-05 01:39:59,272 [pool-540-thread-1] INFO  storage.RaftStorageDirectory (RaftStorageDirectoryImpl.java:analyzeStorage(135)) - The storage directory /home/runner/work/ozone/ozone/hadoop-ozone/integration-test/target/test-dir/MiniOzoneClusterImpl-37340386-36af-4fa8-9723-b8f583b28ff6/datanode-1/data/ratis/52703f6d-9754-433b-b0cb-a2597fcc6369 does not exist. Creating ...
2021-09-05 01:39:59,277 [pool-540-thread-1] INFO  storage.RaftStorageDirectory (RaftStorageDirectoryImpl.java:tryLock(230)) - Lock on /home/runner/work/ozone/ozone/hadoop-ozone/integration-test/target/test-dir/MiniOzoneClusterImpl-37340386-36af-4fa8-9723-b8f583b28ff6/datanode-1/data/ratis/52703f6d-9754-433b-b0cb-a2597fcc6369/in_use.lock acquired by nodename 19671@fv-az270-420
2021-09-05 01:39:59,286 [pool-635-thread-1] INFO  storage.RaftStorage (RaftStorageImpl.java:format(89)) - Storage directory /home/runner/work/ozone/ozone/hadoop-ozone/integration-test/target/test-dir/MiniOzoneClusterImpl-37340386-36af-4fa8-9723-b8f583b28ff6/datanode-6/data/ratis/970d459e-8e80-4b03-a7e8-db0c5756557f has been successfully formatted.
2021-09-05 01:39:59,286 [pool-635-thread-1] INFO  ratis.ContainerStateMachine (ContainerStateMachine.java:loadSnapshot(224)) - group-DB0C5756557F: The snapshot info is null. Setting the last applied indexto:(t:0, i:~)
2021-09-05 01:39:59,286 [pool-635-thread-1] INFO  server.RaftServerConfigKeys (ConfUtils.java:logGet(44)) - raft.server.notification.no-leader.timeout = 300000ms (custom)
2021-09-05 01:39:59,286 [pool-635-thread-1] INFO  server.RaftServerConfigKeys (ConfUtils.java:logGet(44)) - raft.server.log.use.memory = false (default)
2021-09-05 01:39:59,286 [pool-635-thread-1] INFO  server.RaftServerConfigKeys (ConfUtils.java:logGet(44)) - raft.server.log.purge.gap = 1000000 (custom)
2021-09-05 01:39:59,286 [pool-635-thread-1] INFO  server.RaftServerConfigKeys (ConfUtils.java:logGet(44)) - raft.server.log.appender.buffer.byte-limit = 33554432 (custom)
2021-09-05 01:39:59,286 [pool-635-thread-1] INFO  server.RaftServerConfigKeys (ConfUtils.java:logGet(44)) - raft.server.log.segment.size.max = 1048576 (custom)
2021-09-05 01:39:59,287 [pool-635-thread-1] INFO  server.RaftServerConfigKeys (ConfUtils.java:logGet(44)) - raft.server.log.segment.cache.num.max = 2 (custom)
2021-09-05 01:39:59,287 [pool-635-thread-1] INFO  server.RaftServerConfigKeys (ConfUtils.java:logGet(44)) - raft.server.log.segment.cache.size.max = 200MB (=209715200) (default)
2021-09-05 01:39:59,287 [pool-635-thread-1] INFO  segmented.SegmentedRaftLogWorker (SegmentedRaftLogWorker.java:<init>(182)) - new 54b0752d-9f85-41d1-82b7-176712dc42d8@group-DB0C5756557F-SegmentedRaftLogWorker for RaftStorageImpl:Storage Directory /home/runner/work/ozone/ozone/hadoop-ozone/integration-test/target/test-dir/MiniOzoneClusterImpl-37340386-36af-4fa8-9723-b8f583b28ff6/datanode-6/data/ratis/970d459e-8e80-4b03-a7e8-db0c5756557f
2021-09-05 01:39:59,287 [pool-635-thread-1] INFO  server.RaftServerConfigKeys (ConfUtils.java:logGet(44)) - raft.server.log.queue.byte-limit = 2147483647 (custom)
2021-09-05 01:39:59,287 [pool-635-thread-1] INFO  server.RaftServerConfigKeys (ConfUtils.java:logGet(44)) - raft.server.log.queue.element-limit = 1024 (custom)
2021-09-05 01:39:59,287 [pool-635-thread-1] INFO  server.RaftServerConfigKeys (ConfUtils.java:logGet(44)) - raft.server.log.segment.size.max = 1048576 (custom)
2021-09-05 01:39:59,287 [pool-635-thread-1] INFO  server.RaftServerConfigKeys (ConfUtils.java:logGet(44)) - raft.server.log.preallocated.size = 16384 (custom)
2021-09-05 01:39:59,287 [pool-635-thread-1] INFO  server.RaftServerConfigKeys (ConfUtils.java:logGet(44)) - raft.server.log.force.sync.num = 128 (default)
2021-09-05 01:39:59,287 [pool-635-thread-1] INFO  server.RaftServerConfigKeys (ConfUtils.java:logGet(44)) - raft.server.log.statemachine.data.sync = true (default)
2021-09-05 01:39:59,287 [pool-635-thread-1] INFO  server.RaftServerConfigKeys (ConfUtils.java:logGet(44)) - raft.server.log.statemachine.data.sync.timeout = 10s (default)
2021-09-05 01:39:59,287 [pool-635-thread-1] INFO  server.RaftServerConfigKeys (ConfUtils.java:logGet(44)) - raft.server.log.statemachine.data.sync.timeout.retry = -1 (default)
2021-09-05 01:39:59,288 [Datanode State Machine Thread - 0] WARN  statemachine.StateContext (StateContext.java:execute(621)) - No available thread in pool for past 1 seconds.
2021-09-05 01:39:59,289 [pool-635-thread-1] INFO  server.RaftServerConfigKeys (ConfUtils.java:logGet(44)) - raft.server.log.write.buffer.size = 1048576 (custom)
2021-09-05 01:39:59,293 [pool-635-thread-1] INFO  server.RaftServerConfigKeys (ConfUtils.java:logGet(44)) - raft.server.log.statemachine.data.caching.enabled = true (custom)
2021-09-05 01:39:59,289 [pool-540-thread-1] INFO  storage.RaftStorage (RaftStorageImpl.java:format(89)) - Storage directory /home/runner/work/ozone/ozone/hadoop-ozone/integration-test/target/test-dir/MiniOzoneClusterImpl-37340386-36af-4fa8-9723-b8f583b28ff6/datanode-1/data/ratis/52703f6d-9754-433b-b0cb-a2597fcc6369 has been successfully formatted.
2021-09-05 01:39:59,294 [pool-540-thread-1] INFO  ratis.ContainerStateMachine (ContainerStateMachine.java:loadSnapshot(224)) - group-A2597FCC6369: The snapshot info is null. Setting the last applied indexto:(t:0, i:~)
2021-09-05 01:39:59,294 [pool-540-thread-1] INFO  server.RaftServerConfigKeys (ConfUtils.java:logGet(44)) - raft.server.notification.no-leader.timeout = 300000ms (custom)
2021-09-05 01:39:59,294 [pool-540-thread-1] INFO  server.RaftServerConfigKeys (ConfUtils.java:logGet(44)) - raft.server.log.use.memory = false (default)
2021-09-05 01:39:59,294 [pool-540-thread-1] INFO  server.RaftServerConfigKeys (ConfUtils.java:logGet(44)) - raft.server.log.purge.gap = 1000000 (custom)
2021-09-05 01:39:59,294 [pool-540-thread-1] INFO  server.RaftServerConfigKeys (ConfUtils.java:logGet(44)) - raft.server.log.appender.buffer.byte-limit = 33554432 (custom)
2021-09-05 01:39:59,294 [pool-540-thread-1] INFO  server.RaftServerConfigKeys (ConfUtils.java:logGet(44)) - raft.server.log.segment.size.max = 1048576 (custom)
2021-09-05 01:39:59,295 [pool-540-thread-1] INFO  server.RaftServerConfigKeys (ConfUtils.java:logGet(44)) - raft.server.log.segment.cache.num.max = 2 (custom)
2021-09-05 01:39:59,295 [pool-540-thread-1] INFO  server.RaftServerConfigKeys (ConfUtils.java:logGet(44)) - raft.server.log.segment.cache.size.max = 200MB (=209715200) (default)
2021-09-05 01:39:59,295 [pool-540-thread-1] INFO  segmented.SegmentedRaftLogWorker (SegmentedRaftLogWorker.java:<init>(182)) - new fdb9e53e-0679-45da-9a61-20e122f839df@group-A2597FCC6369-SegmentedRaftLogWorker for RaftStorageImpl:Storage Directory /home/runner/work/ozone/ozone/hadoop-ozone/integration-test/target/test-dir/MiniOzoneClusterImpl-37340386-36af-4fa8-9723-b8f583b28ff6/datanode-1/data/ratis/52703f6d-9754-433b-b0cb-a2597fcc6369
2021-09-05 01:39:59,295 [pool-540-thread-1] INFO  server.RaftServerConfigKeys (ConfUtils.java:logGet(44)) - raft.server.log.queue.byte-limit = 2147483647 (custom)
2021-09-05 01:39:59,295 [pool-540-thread-1] INFO  server.RaftServerConfigKeys (ConfUtils.java:logGet(44)) - raft.server.log.queue.element-limit = 1024 (custom)
2021-09-05 01:39:59,295 [pool-540-thread-1] INFO  server.RaftServerConfigKeys (ConfUtils.java:logGet(44)) - raft.server.log.segment.size.max = 1048576 (custom)
2021-09-05 01:39:59,295 [pool-540-thread-1] INFO  server.RaftServerConfigKeys (ConfUtils.java:logGet(44)) - raft.server.log.preallocated.size = 16384 (custom)
2021-09-05 01:39:59,295 [pool-540-thread-1] INFO  server.RaftServerConfigKeys (ConfUtils.java:logGet(44)) - raft.server.log.force.sync.num = 128 (default)
2021-09-05 01:39:59,295 [pool-540-thread-1] INFO  server.RaftServerConfigKeys (ConfUtils.java:logGet(44)) - raft.server.log.statemachine.data.sync = true (default)
2021-09-05 01:39:59,295 [pool-540-thread-1] INFO  server.RaftServerConfigKeys (ConfUtils.java:logGet(44)) - raft.server.log.statemachine.data.sync.timeout = 10s (default)
2021-09-05 01:39:59,295 [pool-540-thread-1] INFO  server.RaftServerConfigKeys (ConfUtils.java:logGet(44)) - raft.server.log.statemachine.data.sync.timeout.retry = -1 (default)
2021-09-05 01:39:59,296 [pool-540-thread-1] INFO  server.RaftServerConfigKeys (ConfUtils.java:logGet(44)) - raft.server.log.write.buffer.size = 1048576 (custom)
2021-09-05 01:39:59,295 [pool-635-thread-1] INFO  segmented.SegmentedRaftLogWorker (SegmentedRaftLogWorker.java:lambda$new$0(133)) - 54b0752d-9f85-41d1-82b7-176712dc42d8@group-DB0C5756557F-SegmentedRaftLogWorker: flushIndex: setUnconditionally 0 -> -1
2021-09-05 01:39:59,309 [pool-635-thread-1] INFO  segmented.SegmentedRaftLogWorker (SegmentedRaftLogWorker.java:lambda$new$0(133)) - 54b0752d-9f85-41d1-82b7-176712dc42d8@group-DB0C5756557F-SegmentedRaftLogWorker: safeCacheEvictIndex: setUnconditionally 0 -> -1
2021-09-05 01:39:59,309 [pool-540-thread-1] INFO  server.RaftServerConfigKeys (ConfUtils.java:logGet(44)) - raft.server.log.statemachine.data.caching.enabled = true (custom)
2021-09-05 01:39:59,310 [pool-540-thread-1] INFO  segmented.SegmentedRaftLogWorker (SegmentedRaftLogWorker.java:lambda$new$0(133)) - fdb9e53e-0679-45da-9a61-20e122f839df@group-A2597FCC6369-SegmentedRaftLogWorker: flushIndex: setUnconditionally 0 -> -1
2021-09-05 01:39:59,310 [pool-540-thread-1] INFO  segmented.SegmentedRaftLogWorker (SegmentedRaftLogWorker.java:lambda$new$0(133)) - fdb9e53e-0679-45da-9a61-20e122f839df@group-A2597FCC6369-SegmentedRaftLogWorker: safeCacheEvictIndex: setUnconditionally 0 -> -1
2021-09-05 01:39:59,333 [pool-635-thread-1] INFO  server.RaftServerConfigKeys (ConfUtils.java:logGet(44)) - raft.server.snapshot.auto.trigger.enabled = true (custom)
2021-09-05 01:39:59,333 [pool-635-thread-1] INFO  server.RaftServerConfigKeys (ConfUtils.java:logGet(44)) - raft.server.snapshot.auto.trigger.threshold = 10000 (custom)
2021-09-05 01:39:59,333 [pool-635-thread-1] INFO  server.RaftServerConfigKeys (ConfUtils.java:logGet(44)) - raft.server.snapshot.retention.file.num = 5 (custom)
2021-09-05 01:39:59,333 [pool-635-thread-1] INFO  server.RaftServerConfigKeys (ConfUtils.java:logGet(44)) - raft.server.log.purge.upto.snapshot.index = false (default)
2021-09-05 01:39:59,333 [pool-635-thread-1] INFO  server.RaftServerConfigKeys (ConfUtils.java:logGet(44)) - raft.server.retrycache.expirytime = 600000ms (custom)
2021-09-05 01:39:59,333 [pool-635-thread-1] INFO  server.RaftServerConfigKeys (ConfUtils.java:logGet(44)) - raft.server.retrycache.statistics.expirytime = 100μs (default)
2021-09-05 01:39:59,335 [pool-635-thread-1] INFO  server.RaftServer$Division (RaftServerImpl.java:start(296)) - 54b0752d-9f85-41d1-82b7-176712dc42d8@group-DB0C5756557F: start as a follower, conf=-1: [cff69f77-ea12-413c-a988-d2a44a5ca406|rpc:10.1.0.25:34387|priority:0, be41d154-e08a-4361-999c-a2746058d00f|rpc:10.1.0.25:33043|priority:0, 54b0752d-9f85-41d1-82b7-176712dc42d8|rpc:10.1.0.25:45159|priority:1], old=null
2021-09-05 01:39:59,335 [pool-635-thread-1] INFO  server.RaftServer$Division (RaftServerImpl.java:setRole(285)) - 54b0752d-9f85-41d1-82b7-176712dc42d8@group-DB0C5756557F: changes role from      null to FOLLOWER at term 0 for startAsFollower
2021-09-05 01:39:59,335 [pool-635-thread-1] INFO  impl.RoleInfo (RoleInfo.java:updateAndGet(130)) - 54b0752d-9f85-41d1-82b7-176712dc42d8: start 54b0752d-9f85-41d1-82b7-176712dc42d8@group-DB0C5756557F-FollowerState
2021-09-05 01:39:59,345 [pool-635-thread-1] INFO  util.JmxRegister (JmxRegister.java:tryRegister(44)) - Successfully registered JMX Bean with object name Ratis:service=RaftServer,group=group-DB0C5756557F,id=54b0752d-9f85-41d1-82b7-176712dc42d8
2021-09-05 01:39:59,348 [Command processor thread] INFO  ratis.XceiverServerRatis (XceiverServerRatis.java:addGroup(763)) - Created group PipelineID=970d459e-8e80-4b03-a7e8-db0c5756557f
2021-09-05 01:39:59,353 [grpc-default-executor-0] INFO  server.RaftServer (RaftServerProxy.java:addNew(95)) - be41d154-e08a-4361-999c-a2746058d00f: addNew group-DB0C5756557F:[cff69f77-ea12-413c-a988-d2a44a5ca406|rpc:10.1.0.25:34387|dataStream:|priority:0, be41d154-e08a-4361-999c-a2746058d00f|rpc:10.1.0.25:33043|dataStream:|priority:0, 54b0752d-9f85-41d1-82b7-176712dc42d8|rpc:10.1.0.25:45159|dataStream:|priority:1] returns group-DB0C5756557F:java.util.concurrent.CompletableFuture@5280d2e6[Not completed]
2021-09-05 01:39:59,354 [pool-559-thread-1] INFO  server.RaftServer$Division (RaftServerImpl.java:<init>(181)) - be41d154-e08a-4361-999c-a2746058d00f: new RaftServerImpl for group-DB0C5756557F:[cff69f77-ea12-413c-a988-d2a44a5ca406|rpc:10.1.0.25:34387|dataStream:|priority:0, be41d154-e08a-4361-999c-a2746058d00f|rpc:10.1.0.25:33043|dataStream:|priority:0, 54b0752d-9f85-41d1-82b7-176712dc42d8|rpc:10.1.0.25:45159|dataStream:|priority:1] with ContainerStateMachine:uninitialized
2021-09-05 01:39:59,354 [pool-559-thread-1] INFO  server.RaftServerConfigKeys (ConfUtils.java:logGet(44)) - raft.server.rpc.timeout.min = 5s (custom)
2021-09-05 01:39:59,354 [pool-559-thread-1] INFO  server.RaftServerConfigKeys (ConfUtils.java:logGet(44)) - raft.server.rpc.timeout.max = 5200ms (custom)
2021-09-05 01:39:59,354 [pool-559-thread-1] INFO  server.RaftServerConfigKeys (ConfUtils.java:logGet(44)) - raft.server.rpc.sleep.time = 25ms (default)
2021-09-05 01:39:59,354 [pool-559-thread-1] INFO  server.RaftServerConfigKeys (ConfUtils.java:logGet(44)) - raft.server.rpc.slowness.timeout = 300000ms (custom)
2021-09-05 01:39:59,354 [pool-559-thread-1] INFO  server.RaftServerConfigKeys (ConfUtils.java:logGet(44)) - raft.server.leaderelection.leader.step-down.wait-time = 10s (default)
2021-09-05 01:39:59,354 [pool-559-thread-1] INFO  server.RaftServerConfigKeys (ConfUtils.java:logGet(44)) - raft.server.sleep.deviation.threshold = 300ms (default)
2021-09-05 01:39:59,354 [pool-559-thread-1] INFO  server.RaftServerConfigKeys (ConfUtils.java:logGet(44)) - raft.server.log.appender.install.snapshot.enabled = false (custom)
2021-09-05 01:39:59,354 [pool-559-thread-1] INFO  server.RaftServer$Division (ServerState.java:<init>(105)) - be41d154-e08a-4361-999c-a2746058d00f@group-DB0C5756557F: ConfigurationManager, init=-1: [cff69f77-ea12-413c-a988-d2a44a5ca406|rpc:10.1.0.25:34387|dataStream:|priority:0, be41d154-e08a-4361-999c-a2746058d00f|rpc:10.1.0.25:33043|dataStream:|priority:0, 54b0752d-9f85-41d1-82b7-176712dc42d8|rpc:10.1.0.25:45159|dataStream:|priority:1], old=null, confs=<EMPTY_MAP>
2021-09-05 01:39:59,354 [pool-559-thread-1] INFO  server.RaftServerConfigKeys (ConfUtils.java:logGet(44)) - raft.server.storage.dir = [/home/runner/work/ozone/ozone/hadoop-ozone/integration-test/target/test-dir/MiniOzoneClusterImpl-37340386-36af-4fa8-9723-b8f583b28ff6/datanode-2/data/ratis] (custom)
2021-09-05 01:39:59,354 [pool-559-thread-1] INFO  server.RaftServerConfigKeys (ConfUtils.java:logGet(44)) - raft.server.log.corruption.policy = EXCEPTION (default)
2021-09-05 01:39:59,354 [pool-559-thread-1] INFO  server.RaftServerConfigKeys (ConfUtils.java:logGet(44)) - raft.server.storage.free-space.min = 0MB (=0) (default)
2021-09-05 01:39:59,354 [pool-559-thread-1] INFO  storage.RaftStorageDirectory (RaftStorageDirectoryImpl.java:analyzeStorage(135)) - The storage directory /home/runner/work/ozone/ozone/hadoop-ozone/integration-test/target/test-dir/MiniOzoneClusterImpl-37340386-36af-4fa8-9723-b8f583b28ff6/datanode-2/data/ratis/970d459e-8e80-4b03-a7e8-db0c5756557f does not exist. Creating ...
2021-09-05 01:39:59,356 [pool-559-thread-1] INFO  storage.RaftStorageDirectory (RaftStorageDirectoryImpl.java:tryLock(230)) - Lock on /home/runner/work/ozone/ozone/hadoop-ozone/integration-test/target/test-dir/MiniOzoneClusterImpl-37340386-36af-4fa8-9723-b8f583b28ff6/datanode-2/data/ratis/970d459e-8e80-4b03-a7e8-db0c5756557f/in_use.lock acquired by nodename 19671@fv-az270-420
2021-09-05 01:39:59,357 [pool-540-thread-1] INFO  server.RaftServerConfigKeys (ConfUtils.java:logGet(44)) - raft.server.snapshot.auto.trigger.enabled = true (custom)
2021-09-05 01:39:59,357 [pool-540-thread-1] INFO  server.RaftServerConfigKeys (ConfUtils.java:logGet(44)) - raft.server.snapshot.auto.trigger.threshold = 10000 (custom)
2021-09-05 01:39:59,357 [pool-540-thread-1] INFO  server.RaftServerConfigKeys (ConfUtils.java:logGet(44)) - raft.server.snapshot.retention.file.num = 5 (custom)
2021-09-05 01:39:59,357 [pool-540-thread-1] INFO  server.RaftServerConfigKeys (ConfUtils.java:logGet(44)) - raft.server.log.purge.upto.snapshot.index = false (default)
2021-09-05 01:39:59,357 [pool-540-thread-1] INFO  server.RaftServerConfigKeys (ConfUtils.java:logGet(44)) - raft.server.retrycache.expirytime = 600000ms (custom)
2021-09-05 01:39:59,357 [pool-540-thread-1] INFO  server.RaftServerConfigKeys (ConfUtils.java:logGet(44)) - raft.server.retrycache.statistics.expirytime = 100μs (default)
2021-09-05 01:39:59,359 [pool-540-thread-1] INFO  server.RaftServer$Division (RaftServerImpl.java:start(296)) - fdb9e53e-0679-45da-9a61-20e122f839df@group-A2597FCC6369: start as a follower, conf=-1: [fdb9e53e-0679-45da-9a61-20e122f839df|rpc:10.1.0.25:40867|dataStream:|priority:0, cff69f77-ea12-413c-a988-d2a44a5ca406|rpc:10.1.0.25:34387|dataStream:|priority:1, be41d154-e08a-4361-999c-a2746058d00f|rpc:10.1.0.25:33043|dataStream:|priority:0], old=null
2021-09-05 01:39:59,359 [pool-540-thread-1] INFO  server.RaftServer$Division (RaftServerImpl.java:setRole(285)) - fdb9e53e-0679-45da-9a61-20e122f839df@group-A2597FCC6369: changes role from      null to FOLLOWER at term 0 for startAsFollower
2021-09-05 01:39:59,359 [pool-540-thread-1] INFO  impl.RoleInfo (RoleInfo.java:updateAndGet(130)) - fdb9e53e-0679-45da-9a61-20e122f839df: start fdb9e53e-0679-45da-9a61-20e122f839df@group-A2597FCC6369-FollowerState
2021-09-05 01:39:59,359 [pool-559-thread-1] INFO  storage.RaftStorage (RaftStorageImpl.java:format(89)) - Storage directory /home/runner/work/ozone/ozone/hadoop-ozone/integration-test/target/test-dir/MiniOzoneClusterImpl-37340386-36af-4fa8-9723-b8f583b28ff6/datanode-2/data/ratis/970d459e-8e80-4b03-a7e8-db0c5756557f has been successfully formatted.
2021-09-05 01:39:59,368 [pool-540-thread-1] INFO  util.JmxRegister (JmxRegister.java:tryRegister(44)) - Successfully registered JMX Bean with object name Ratis:service=RaftServer,group=group-A2597FCC6369,id=fdb9e53e-0679-45da-9a61-20e122f839df
2021-09-05 01:39:59,397 [pool-559-thread-1] INFO  ratis.ContainerStateMachine (ContainerStateMachine.java:loadSnapshot(224)) - group-DB0C5756557F: The snapshot info is null. Setting the last applied indexto:(t:0, i:~)
2021-09-05 01:39:59,397 [pool-559-thread-1] INFO  server.RaftServerConfigKeys (ConfUtils.java:logGet(44)) - raft.server.notification.no-leader.timeout = 300000ms (custom)
2021-09-05 01:39:59,397 [pool-559-thread-1] INFO  server.RaftServerConfigKeys (ConfUtils.java:logGet(44)) - raft.server.log.use.memory = false (default)
2021-09-05 01:39:59,397 [pool-559-thread-1] INFO  server.RaftServerConfigKeys (ConfUtils.java:logGet(44)) - raft.server.log.purge.gap = 1000000 (custom)
2021-09-05 01:39:59,397 [pool-559-thread-1] INFO  server.RaftServerConfigKeys (ConfUtils.java:logGet(44)) - raft.server.log.appender.buffer.byte-limit = 33554432 (custom)
2021-09-05 01:39:59,397 [pool-559-thread-1] INFO  server.RaftServerConfigKeys (ConfUtils.java:logGet(44)) - raft.server.log.segment.size.max = 1048576 (custom)
2021-09-05 01:39:59,398 [pool-559-thread-1] INFO  server.RaftServerConfigKeys (ConfUtils.java:logGet(44)) - raft.server.log.segment.cache.num.max = 2 (custom)
2021-09-05 01:39:59,398 [pool-559-thread-1] INFO  server.RaftServerConfigKeys (ConfUtils.java:logGet(44)) - raft.server.log.segment.cache.size.max = 200MB (=209715200) (default)
2021-09-05 01:39:59,398 [pool-559-thread-1] INFO  segmented.SegmentedRaftLogWorker (SegmentedRaftLogWorker.java:<init>(182)) - new be41d154-e08a-4361-999c-a2746058d00f@group-DB0C5756557F-SegmentedRaftLogWorker for RaftStorageImpl:Storage Directory /home/runner/work/ozone/ozone/hadoop-ozone/integration-test/target/test-dir/MiniOzoneClusterImpl-37340386-36af-4fa8-9723-b8f583b28ff6/datanode-2/data/ratis/970d459e-8e80-4b03-a7e8-db0c5756557f
2021-09-05 01:39:59,398 [pool-559-thread-1] INFO  server.RaftServerConfigKeys (ConfUtils.java:logGet(44)) - raft.server.log.queue.byte-limit = 2147483647 (custom)
2021-09-05 01:39:59,398 [pool-559-thread-1] INFO  server.RaftServerConfigKeys (ConfUtils.java:logGet(44)) - raft.server.log.queue.element-limit = 1024 (custom)
2021-09-05 01:39:59,398 [pool-559-thread-1] INFO  server.RaftServerConfigKeys (ConfUtils.java:logGet(44)) - raft.server.log.segment.size.max = 1048576 (custom)
2021-09-05 01:39:59,398 [pool-559-thread-1] INFO  server.RaftServerConfigKeys (ConfUtils.java:logGet(44)) - raft.server.log.preallocated.size = 16384 (custom)
2021-09-05 01:39:59,398 [pool-559-thread-1] INFO  server.RaftServerConfigKeys (ConfUtils.java:logGet(44)) - raft.server.log.force.sync.num = 128 (default)
2021-09-05 01:39:59,398 [pool-559-thread-1] INFO  server.RaftServerConfigKeys (ConfUtils.java:logGet(44)) - raft.server.log.statemachine.data.sync = true (default)
2021-09-05 01:39:59,398 [pool-559-thread-1] INFO  server.RaftServerConfigKeys (ConfUtils.java:logGet(44)) - raft.server.log.statemachine.data.sync.timeout = 10s (default)
2021-09-05 01:39:59,398 [pool-559-thread-1] INFO  server.RaftServerConfigKeys (ConfUtils.java:logGet(44)) - raft.server.log.statemachine.data.sync.timeout.retry = -1 (default)
2021-09-05 01:39:59,399 [Datanode State Machine Thread - 0] WARN  statemachine.StateContext (StateContext.java:execute(621)) - No available thread in pool for past 1 seconds.
2021-09-05 01:39:59,400 [pool-559-thread-1] INFO  server.RaftServerConfigKeys (ConfUtils.java:logGet(44)) - raft.server.log.write.buffer.size = 1048576 (custom)
2021-09-05 01:39:59,400 [pool-559-thread-1] INFO  server.RaftServerConfigKeys (ConfUtils.java:logGet(44)) - raft.server.log.statemachine.data.caching.enabled = true (custom)
2021-09-05 01:39:59,401 [pool-559-thread-1] INFO  segmented.SegmentedRaftLogWorker (SegmentedRaftLogWorker.java:lambda$new$0(133)) - be41d154-e08a-4361-999c-a2746058d00f@group-DB0C5756557F-SegmentedRaftLogWorker: flushIndex: setUnconditionally 0 -> -1
2021-09-05 01:39:59,401 [pool-559-thread-1] INFO  segmented.SegmentedRaftLogWorker (SegmentedRaftLogWorker.java:lambda$new$0(133)) - be41d154-e08a-4361-999c-a2746058d00f@group-DB0C5756557F-SegmentedRaftLogWorker: safeCacheEvictIndex: setUnconditionally 0 -> -1
2021-09-05 01:39:59,417 [pool-559-thread-1] INFO  server.RaftServerConfigKeys (ConfUtils.java:logGet(44)) - raft.server.snapshot.auto.trigger.enabled = true (custom)
2021-09-05 01:39:59,417 [pool-559-thread-1] INFO  server.RaftServerConfigKeys (ConfUtils.java:logGet(44)) - raft.server.snapshot.auto.trigger.threshold = 10000 (custom)
2021-09-05 01:39:59,417 [pool-559-thread-1] INFO  server.RaftServerConfigKeys (ConfUtils.java:logGet(44)) - raft.server.snapshot.retention.file.num = 5 (custom)
2021-09-05 01:39:59,417 [pool-559-thread-1] INFO  server.RaftServerConfigKeys (ConfUtils.java:logGet(44)) - raft.server.log.purge.upto.snapshot.index = false (default)
2021-09-05 01:39:59,417 [pool-559-thread-1] INFO  server.RaftServerConfigKeys (ConfUtils.java:logGet(44)) - raft.server.retrycache.expirytime = 600000ms (custom)
2021-09-05 01:39:59,417 [pool-559-thread-1] INFO  server.RaftServerConfigKeys (ConfUtils.java:logGet(44)) - raft.server.retrycache.statistics.expirytime = 100μs (default)
2021-09-05 01:39:59,419 [pool-559-thread-1] INFO  server.RaftServer$Division (RaftServerImpl.java:start(296)) - be41d154-e08a-4361-999c-a2746058d00f@group-DB0C5756557F: start as a follower, conf=-1: [cff69f77-ea12-413c-a988-d2a44a5ca406|rpc:10.1.0.25:34387|dataStream:|priority:0, be41d154-e08a-4361-999c-a2746058d00f|rpc:10.1.0.25:33043|dataStream:|priority:0, 54b0752d-9f85-41d1-82b7-176712dc42d8|rpc:10.1.0.25:45159|dataStream:|priority:1], old=null
2021-09-05 01:39:59,419 [pool-559-thread-1] INFO  server.RaftServer$Division (RaftServerImpl.java:setRole(285)) - be41d154-e08a-4361-999c-a2746058d00f@group-DB0C5756557F: changes role from      null to FOLLOWER at term 0 for startAsFollower
2021-09-05 01:39:59,419 [pool-559-thread-1] INFO  impl.RoleInfo (RoleInfo.java:updateAndGet(130)) - be41d154-e08a-4361-999c-a2746058d00f: start be41d154-e08a-4361-999c-a2746058d00f@group-DB0C5756557F-FollowerState
2021-09-05 01:39:59,433 [Command processor thread] INFO  commandhandler.CreatePipelineCommandHandler (CreatePipelineCommandHandler.java:handle(106)) - Created Pipeline RATIS THREE PipelineID=52703f6d-9754-433b-b0cb-a2597fcc6369.
2021-09-05 01:39:59,434 [Command processor thread] INFO  server.RaftServer (RaftServerProxy.java:addNew(95)) - cff69f77-ea12-413c-a988-d2a44a5ca406: addNew group-DB0C5756557F:[cff69f77-ea12-413c-a988-d2a44a5ca406|rpc:10.1.0.25:34387|priority:0, be41d154-e08a-4361-999c-a2746058d00f|rpc:10.1.0.25:33043|priority:0, 54b0752d-9f85-41d1-82b7-176712dc42d8|rpc:10.1.0.25:45159|priority:1] returns group-DB0C5756557F:java.util.concurrent.CompletableFuture@709a0851[Not completed]
2021-09-05 01:39:59,434 [pool-693-thread-1] INFO  server.RaftServer$Division (RaftServerImpl.java:<init>(181)) - cff69f77-ea12-413c-a988-d2a44a5ca406: new RaftServerImpl for group-DB0C5756557F:[cff69f77-ea12-413c-a988-d2a44a5ca406|rpc:10.1.0.25:34387|priority:0, be41d154-e08a-4361-999c-a2746058d00f|rpc:10.1.0.25:33043|priority:0, 54b0752d-9f85-41d1-82b7-176712dc42d8|rpc:10.1.0.25:45159|priority:1] with ContainerStateMachine:uninitialized
2021-09-05 01:39:59,434 [pool-693-thread-1] INFO  server.RaftServerConfigKeys (ConfUtils.java:logGet(44)) - raft.server.rpc.timeout.min = 5s (custom)
2021-09-05 01:39:59,434 [pool-693-thread-1] INFO  server.RaftServerConfigKeys (ConfUtils.java:logGet(44)) - raft.server.rpc.timeout.max = 5200ms (custom)
2021-09-05 01:39:59,435 [pool-693-thread-1] INFO  server.RaftServerConfigKeys (ConfUtils.java:logGet(44)) - raft.server.rpc.sleep.time = 25ms (default)
2021-09-05 01:39:59,435 [pool-693-thread-1] INFO  server.RaftServerConfigKeys (ConfUtils.java:logGet(44)) - raft.server.rpc.slowness.timeout = 300000ms (custom)
2021-09-05 01:39:59,435 [pool-693-thread-1] INFO  server.RaftServerConfigKeys (ConfUtils.java:logGet(44)) - raft.server.leaderelection.leader.step-down.wait-time = 10s (default)
2021-09-05 01:39:59,435 [pool-693-thread-1] INFO  server.RaftServerConfigKeys (ConfUtils.java:logGet(44)) - raft.server.sleep.deviation.threshold = 300ms (default)
2021-09-05 01:39:59,435 [pool-693-thread-1] INFO  server.RaftServerConfigKeys (ConfUtils.java:logGet(44)) - raft.server.log.appender.install.snapshot.enabled = false (custom)
2021-09-05 01:39:59,435 [pool-693-thread-1] INFO  server.RaftServer$Division (ServerState.java:<init>(105)) - cff69f77-ea12-413c-a988-d2a44a5ca406@group-DB0C5756557F: ConfigurationManager, init=-1: [cff69f77-ea12-413c-a988-d2a44a5ca406|rpc:10.1.0.25:34387|priority:0, be41d154-e08a-4361-999c-a2746058d00f|rpc:10.1.0.25:33043|priority:0, 54b0752d-9f85-41d1-82b7-176712dc42d8|rpc:10.1.0.25:45159|priority:1], old=null, confs=<EMPTY_MAP>
2021-09-05 01:39:59,435 [pool-693-thread-1] INFO  server.RaftServerConfigKeys (ConfUtils.java:logGet(44)) - raft.server.storage.dir = [/home/runner/work/ozone/ozone/hadoop-ozone/integration-test/target/test-dir/MiniOzoneClusterImpl-37340386-36af-4fa8-9723-b8f583b28ff6/datanode-0/data/ratis] (custom)
2021-09-05 01:39:59,435 [pool-693-thread-1] INFO  server.RaftServerConfigKeys (ConfUtils.java:logGet(44)) - raft.server.log.corruption.policy = EXCEPTION (default)
2021-09-05 01:39:59,435 [pool-693-thread-1] INFO  server.RaftServerConfigKeys (ConfUtils.java:logGet(44)) - raft.server.storage.free-space.min = 0MB (=0) (default)
2021-09-05 01:39:59,435 [pool-693-thread-1] INFO  storage.RaftStorageDirectory (RaftStorageDirectoryImpl.java:analyzeStorage(135)) - The storage directory /home/runner/work/ozone/ozone/hadoop-ozone/integration-test/target/test-dir/MiniOzoneClusterImpl-37340386-36af-4fa8-9723-b8f583b28ff6/datanode-0/data/ratis/970d459e-8e80-4b03-a7e8-db0c5756557f does not exist. Creating ...
2021-09-05 01:39:59,440 [pool-693-thread-1] INFO  storage.RaftStorageDirectory (RaftStorageDirectoryImpl.java:tryLock(230)) - Lock on /home/runner/work/ozone/ozone/hadoop-ozone/integration-test/target/test-dir/MiniOzoneClusterImpl-37340386-36af-4fa8-9723-b8f583b28ff6/datanode-0/data/ratis/970d459e-8e80-4b03-a7e8-db0c5756557f/in_use.lock acquired by nodename 19671@fv-az270-420
2021-09-05 01:39:59,452 [pool-693-thread-1] INFO  storage.RaftStorage (RaftStorageImpl.java:format(89)) - Storage directory /home/runner/work/ozone/ozone/hadoop-ozone/integration-test/target/test-dir/MiniOzoneClusterImpl-37340386-36af-4fa8-9723-b8f583b28ff6/datanode-0/data/ratis/970d459e-8e80-4b03-a7e8-db0c5756557f has been successfully formatted.
2021-09-05 01:39:59,452 [pool-693-thread-1] INFO  ratis.ContainerStateMachine (ContainerStateMachine.java:loadSnapshot(224)) - group-DB0C5756557F: The snapshot info is null. Setting the last applied indexto:(t:0, i:~)
2021-09-05 01:39:59,452 [pool-559-thread-1] INFO  util.JmxRegister (JmxRegister.java:tryRegister(44)) - Successfully registered JMX Bean with object name Ratis:service=RaftServer,group=group-DB0C5756557F,id=be41d154-e08a-4361-999c-a2746058d00f
2021-09-05 01:39:59,497 [pool-693-thread-1] INFO  server.RaftServerConfigKeys (ConfUtils.java:logGet(44)) - raft.server.notification.no-leader.timeout = 300000ms (custom)
2021-09-05 01:39:59,497 [Datanode State Machine Thread - 0] WARN  statemachine.StateContext (StateContext.java:execute(621)) - No available thread in pool for past 1 seconds.
2021-09-05 01:39:59,498 [pool-693-thread-1] INFO  server.RaftServerConfigKeys (ConfUtils.java:logGet(44)) - raft.server.log.use.memory = false (default)
2021-09-05 01:39:59,506 [pool-693-thread-1] INFO  server.RaftServerConfigKeys (ConfUtils.java:logGet(44)) - raft.server.log.purge.gap = 1000000 (custom)
2021-09-05 01:39:59,506 [pool-693-thread-1] INFO  server.RaftServerConfigKeys (ConfUtils.java:logGet(44)) - raft.server.log.appender.buffer.byte-limit = 33554432 (custom)
2021-09-05 01:39:59,506 [pool-693-thread-1] INFO  server.RaftServerConfigKeys (ConfUtils.java:logGet(44)) - raft.server.log.segment.size.max = 1048576 (custom)
2021-09-05 01:39:59,507 [pool-693-thread-1] INFO  server.RaftServerConfigKeys (ConfUtils.java:logGet(44)) - raft.server.log.segment.cache.num.max = 2 (custom)
2021-09-05 01:39:59,507 [pool-693-thread-1] INFO  server.RaftServerConfigKeys (ConfUtils.java:logGet(44)) - raft.server.log.segment.cache.size.max = 200MB (=209715200) (default)
2021-09-05 01:39:59,507 [pool-693-thread-1] INFO  segmented.SegmentedRaftLogWorker (SegmentedRaftLogWorker.java:<init>(182)) - new cff69f77-ea12-413c-a988-d2a44a5ca406@group-DB0C5756557F-SegmentedRaftLogWorker for RaftStorageImpl:Storage Directory /home/runner/work/ozone/ozone/hadoop-ozone/integration-test/target/test-dir/MiniOzoneClusterImpl-37340386-36af-4fa8-9723-b8f583b28ff6/datanode-0/data/ratis/970d459e-8e80-4b03-a7e8-db0c5756557f
2021-09-05 01:39:59,507 [pool-693-thread-1] INFO  server.RaftServerConfigKeys (ConfUtils.java:logGet(44)) - raft.server.log.queue.byte-limit = 2147483647 (custom)
2021-09-05 01:39:59,507 [pool-693-thread-1] INFO  server.RaftServerConfigKeys (ConfUtils.java:logGet(44)) - raft.server.log.queue.element-limit = 1024 (custom)
2021-09-05 01:39:59,507 [pool-693-thread-1] INFO  server.RaftServerConfigKeys (ConfUtils.java:logGet(44)) - raft.server.log.segment.size.max = 1048576 (custom)
2021-09-05 01:39:59,507 [pool-693-thread-1] INFO  server.RaftServerConfigKeys (ConfUtils.java:logGet(44)) - raft.server.log.preallocated.size = 16384 (custom)
2021-09-05 01:39:59,507 [pool-693-thread-1] INFO  server.RaftServerConfigKeys (ConfUtils.java:logGet(44)) - raft.server.log.force.sync.num = 128 (default)
2021-09-05 01:39:59,507 [pool-693-thread-1] INFO  server.RaftServerConfigKeys (ConfUtils.java:logGet(44)) - raft.server.log.statemachine.data.sync = true (default)
2021-09-05 01:39:59,507 [pool-693-thread-1] INFO  server.RaftServerConfigKeys (ConfUtils.java:logGet(44)) - raft.server.log.statemachine.data.sync.timeout = 10s (default)
2021-09-05 01:39:59,507 [pool-693-thread-1] INFO  server.RaftServerConfigKeys (ConfUtils.java:logGet(44)) - raft.server.log.statemachine.data.sync.timeout.retry = -1 (default)
2021-09-05 01:39:59,508 [pool-693-thread-1] INFO  server.RaftServerConfigKeys (ConfUtils.java:logGet(44)) - raft.server.log.write.buffer.size = 1048576 (custom)
2021-09-05 01:39:59,509 [pool-693-thread-1] INFO  server.RaftServerConfigKeys (ConfUtils.java:logGet(44)) - raft.server.log.statemachine.data.caching.enabled = true (custom)
2021-09-05 01:39:59,509 [pool-693-thread-1] INFO  segmented.SegmentedRaftLogWorker (SegmentedRaftLogWorker.java:lambda$new$0(133)) - cff69f77-ea12-413c-a988-d2a44a5ca406@group-DB0C5756557F-SegmentedRaftLogWorker: flushIndex: setUnconditionally 0 -> -1
2021-09-05 01:39:59,509 [pool-693-thread-1] INFO  segmented.SegmentedRaftLogWorker (SegmentedRaftLogWorker.java:lambda$new$0(133)) - cff69f77-ea12-413c-a988-d2a44a5ca406@group-DB0C5756557F-SegmentedRaftLogWorker: safeCacheEvictIndex: setUnconditionally 0 -> -1
2021-09-05 01:39:59,541 [pool-693-thread-1] INFO  server.RaftServerConfigKeys (ConfUtils.java:logGet(44)) - raft.server.snapshot.auto.trigger.enabled = true (custom)
2021-09-05 01:39:59,541 [pool-693-thread-1] INFO  server.RaftServerConfigKeys (ConfUtils.java:logGet(44)) - raft.server.snapshot.auto.trigger.threshold = 10000 (custom)
2021-09-05 01:39:59,541 [pool-693-thread-1] INFO  server.RaftServerConfigKeys (ConfUtils.java:logGet(44)) - raft.server.snapshot.retention.file.num = 5 (custom)
2021-09-05 01:39:59,541 [pool-693-thread-1] INFO  server.RaftServerConfigKeys (ConfUtils.java:logGet(44)) - raft.server.log.purge.upto.snapshot.index = false (default)
2021-09-05 01:39:59,541 [pool-693-thread-1] INFO  server.RaftServerConfigKeys (ConfUtils.java:logGet(44)) - raft.server.retrycache.expirytime = 600000ms (custom)
2021-09-05 01:39:59,541 [pool-693-thread-1] INFO  server.RaftServerConfigKeys (ConfUtils.java:logGet(44)) - raft.server.retrycache.statistics.expirytime = 100μs (default)
2021-09-05 01:39:59,543 [pool-693-thread-1] INFO  server.RaftServer$Division (RaftServerImpl.java:start(296)) - cff69f77-ea12-413c-a988-d2a44a5ca406@group-DB0C5756557F: start as a follower, conf=-1: [cff69f77-ea12-413c-a988-d2a44a5ca406|rpc:10.1.0.25:34387|priority:0, be41d154-e08a-4361-999c-a2746058d00f|rpc:10.1.0.25:33043|priority:0, 54b0752d-9f85-41d1-82b7-176712dc42d8|rpc:10.1.0.25:45159|priority:1], old=null
2021-09-05 01:39:59,543 [pool-693-thread-1] INFO  server.RaftServer$Division (RaftServerImpl.java:setRole(285)) - cff69f77-ea12-413c-a988-d2a44a5ca406@group-DB0C5756557F: changes role from      null to FOLLOWER at term 0 for startAsFollower
2021-09-05 01:39:59,543 [pool-693-thread-1] INFO  impl.RoleInfo (RoleInfo.java:updateAndGet(130)) - cff69f77-ea12-413c-a988-d2a44a5ca406: start cff69f77-ea12-413c-a988-d2a44a5ca406@group-DB0C5756557F-FollowerState
2021-09-05 01:39:59,565 [pool-693-thread-1] INFO  util.JmxRegister (JmxRegister.java:tryRegister(44)) - Successfully registered JMX Bean with object name Ratis:service=RaftServer,group=group-DB0C5756557F,id=cff69f77-ea12-413c-a988-d2a44a5ca406
2021-09-05 01:39:59,591 [Command processor thread] INFO  ratis.XceiverServerRatis (XceiverServerRatis.java:addGroup(763)) - Created group PipelineID=970d459e-8e80-4b03-a7e8-db0c5756557f
2021-09-05 01:39:59,761 [Command processor thread] INFO  commandhandler.CreatePipelineCommandHandler (CreatePipelineCommandHandler.java:handle(106)) - Created Pipeline RATIS THREE PipelineID=970d459e-8e80-4b03-a7e8-db0c5756557f.
2021-09-05 01:39:59,831 [Command processor thread] INFO  commandhandler.CreatePipelineCommandHandler (CreatePipelineCommandHandler.java:handle(106)) - Created Pipeline RATIS THREE PipelineID=970d459e-8e80-4b03-a7e8-db0c5756557f.
2021-09-05 01:40:03,496 [cff69f77-ea12-413c-a988-d2a44a5ca406@group-A2164613B897-FollowerState] INFO  impl.FollowerState (FollowerState.java:run(134)) - cff69f77-ea12-413c-a988-d2a44a5ca406@group-A2164613B897-FollowerState: change to CANDIDATE, lastRpcElapsedTime:5075414565ns, electionTimeout:5057ms
2021-09-05 01:40:03,496 [cff69f77-ea12-413c-a988-d2a44a5ca406@group-A2164613B897-FollowerState] INFO  impl.RoleInfo (RoleInfo.java:shutdownFollowerState(108)) - cff69f77-ea12-413c-a988-d2a44a5ca406: shutdown cff69f77-ea12-413c-a988-d2a44a5ca406@group-A2164613B897-FollowerState
2021-09-05 01:40:03,496 [cff69f77-ea12-413c-a988-d2a44a5ca406@group-A2164613B897-FollowerState] INFO  server.RaftServer$Division (RaftServerImpl.java:setRole(285)) - cff69f77-ea12-413c-a988-d2a44a5ca406@group-A2164613B897: changes role from  FOLLOWER to CANDIDATE at term 0 for changeToCandidate
2021-09-05 01:40:03,496 [cff69f77-ea12-413c-a988-d2a44a5ca406@group-A2164613B897-FollowerState] INFO  server.RaftServerConfigKeys (ConfUtils.java:logGet(44)) - raft.server.leaderelection.pre-vote = false (custom)
2021-09-05 01:40:03,496 [cff69f77-ea12-413c-a988-d2a44a5ca406@group-A2164613B897-FollowerState] INFO  impl.RoleInfo (RoleInfo.java:updateAndGet(130)) - cff69f77-ea12-413c-a988-d2a44a5ca406: start cff69f77-ea12-413c-a988-d2a44a5ca406@group-A2164613B897-LeaderElection114
2021-09-05 01:40:03,512 [cff69f77-ea12-413c-a988-d2a44a5ca406@group-20F380F3B230-FollowerState] INFO  impl.FollowerState (FollowerState.java:run(134)) - cff69f77-ea12-413c-a988-d2a44a5ca406@group-20F380F3B230-FollowerState: change to CANDIDATE, lastRpcElapsedTime:5152016911ns, electionTimeout:5151ms
2021-09-05 01:40:03,512 [cff69f77-ea12-413c-a988-d2a44a5ca406@group-20F380F3B230-FollowerState] INFO  impl.RoleInfo (RoleInfo.java:shutdownFollowerState(108)) - cff69f77-ea12-413c-a988-d2a44a5ca406: shutdown cff69f77-ea12-413c-a988-d2a44a5ca406@group-20F380F3B230-FollowerState
2021-09-05 01:40:03,512 [cff69f77-ea12-413c-a988-d2a44a5ca406@group-20F380F3B230-FollowerState] INFO  server.RaftServer$Division (RaftServerImpl.java:setRole(285)) - cff69f77-ea12-413c-a988-d2a44a5ca406@group-20F380F3B230: changes role from  FOLLOWER to CANDIDATE at term 0 for changeToCandidate
2021-09-05 01:40:03,512 [cff69f77-ea12-413c-a988-d2a44a5ca406@group-20F380F3B230-FollowerState] INFO  server.RaftServerConfigKeys (ConfUtils.java:logGet(44)) - raft.server.leaderelection.pre-vote = false (custom)
2021-09-05 01:40:03,512 [cff69f77-ea12-413c-a988-d2a44a5ca406@group-20F380F3B230-FollowerState] INFO  impl.RoleInfo (RoleInfo.java:updateAndGet(130)) - cff69f77-ea12-413c-a988-d2a44a5ca406: start cff69f77-ea12-413c-a988-d2a44a5ca406@group-20F380F3B230-LeaderElection115
2021-09-05 01:40:03,556 [cff69f77-ea12-413c-a988-d2a44a5ca406@group-A2164613B897-LeaderElection114] INFO  impl.LeaderElection (LeaderElection.java:askForVotes(306)) - cff69f77-ea12-413c-a988-d2a44a5ca406@group-A2164613B897-LeaderElection114 ELECTION round 0: submit vote requests at term 1 for -1: [fdb9e53e-0679-45da-9a61-20e122f839df|rpc:10.1.0.25:40867|priority:1, cff69f77-ea12-413c-a988-d2a44a5ca406|rpc:10.1.0.25:34387|priority:0, 54b0752d-9f85-41d1-82b7-176712dc42d8|rpc:10.1.0.25:45159|priority:0], old=null
2021-09-05 01:40:03,561 [cff69f77-ea12-413c-a988-d2a44a5ca406@group-20F380F3B230-LeaderElection115] INFO  impl.LeaderElection (LeaderElection.java:askForVotes(306)) - cff69f77-ea12-413c-a988-d2a44a5ca406@group-20F380F3B230-LeaderElection115 ELECTION round 0: submit vote requests at term 1 for -1: [cff69f77-ea12-413c-a988-d2a44a5ca406|rpc:10.1.0.25:34387|priority:1], old=null
2021-09-05 01:40:03,561 [cff69f77-ea12-413c-a988-d2a44a5ca406@group-20F380F3B230-LeaderElection115] INFO  impl.LeaderElection (LeaderElection.java:askForVotes(308)) - cff69f77-ea12-413c-a988-d2a44a5ca406@group-20F380F3B230-LeaderElection115 ELECTION round 0: result PASSED (term=1)
2021-09-05 01:40:03,561 [cff69f77-ea12-413c-a988-d2a44a5ca406@group-20F380F3B230-LeaderElection115] INFO  impl.RoleInfo (RoleInfo.java:shutdownLeaderElection(121)) - cff69f77-ea12-413c-a988-d2a44a5ca406: shutdown cff69f77-ea12-413c-a988-d2a44a5ca406@group-20F380F3B230-LeaderElection115
2021-09-05 01:40:03,561 [cff69f77-ea12-413c-a988-d2a44a5ca406@group-20F380F3B230-LeaderElection115] INFO  server.RaftServer$Division (RaftServerImpl.java:setRole(285)) - cff69f77-ea12-413c-a988-d2a44a5ca406@group-20F380F3B230: changes role from CANDIDATE to LEADER at term 1 for changeToLeader
2021-09-05 01:40:03,561 [cff69f77-ea12-413c-a988-d2a44a5ca406@group-20F380F3B230-LeaderElection115] INFO  ratis.XceiverServerRatis (XceiverServerRatis.java:handleLeaderChangedNotification(861)) - Leader change notification received for group: group-20F380F3B230 with new leaderId: cff69f77-ea12-413c-a988-d2a44a5ca406
2021-09-05 01:40:03,584 [grpc-default-executor-4] INFO  server.RaftServer$Division (RaftServerImpl.java:requestVote(1043)) - fdb9e53e-0679-45da-9a61-20e122f839df@group-A2164613B897: receive requestVote(ELECTION, cff69f77-ea12-413c-a988-d2a44a5ca406, group-A2164613B897, 1, (t:0, i:0))
2021-09-05 01:40:03,584 [grpc-default-executor-4] INFO  impl.VoteContext (VoteContext.java:log(48)) - fdb9e53e-0679-45da-9a61-20e122f839df@group-A2164613B897-FOLLOWER: reject ELECTION from cff69f77-ea12-413c-a988-d2a44a5ca406: our priority 1 > candidate's priority 0
2021-09-05 01:40:03,584 [grpc-default-executor-4] INFO  server.RaftServer$Division (RaftServerImpl.java:setRole(285)) - fdb9e53e-0679-45da-9a61-20e122f839df@group-A2164613B897: changes role from  FOLLOWER to FOLLOWER at term 1 for candidate:cff69f77-ea12-413c-a988-d2a44a5ca406
2021-09-05 01:40:03,584 [grpc-default-executor-4] INFO  impl.RoleInfo (RoleInfo.java:shutdownFollowerState(108)) - fdb9e53e-0679-45da-9a61-20e122f839df: shutdown fdb9e53e-0679-45da-9a61-20e122f839df@group-A2164613B897-FollowerState
2021-09-05 01:40:03,587 [cff69f77-ea12-413c-a988-d2a44a5ca406@group-20F380F3B230-LeaderElection115] INFO  server.RaftServer$Division (ServerState.java:setLeader(285)) - cff69f77-ea12-413c-a988-d2a44a5ca406@group-20F380F3B230: change Leader from null to cff69f77-ea12-413c-a988-d2a44a5ca406 at term 1 for becomeLeader, leader elected after 5222ms
2021-09-05 01:40:03,588 [Datanode State Machine Thread - 0] WARN  statemachine.StateContext (StateContext.java:execute(621)) - No available thread in pool for past 1 seconds.
2021-09-05 01:40:03,588 [cff69f77-ea12-413c-a988-d2a44a5ca406@group-20F380F3B230-LeaderElection115] INFO  server.RaftServerConfigKeys (ConfUtils.java:logGet(44)) - raft.server.staging.catchup.gap = 1000 (default)
2021-09-05 01:40:03,588 [cff69f77-ea12-413c-a988-d2a44a5ca406@group-20F380F3B230-LeaderElection115] INFO  server.RaftServerConfigKeys (ConfUtils.java:logGet(44)) - raft.server.write.element-limit = 1024 (custom)
2021-09-05 01:40:03,588 [cff69f77-ea12-413c-a988-d2a44a5ca406@group-20F380F3B230-LeaderElection115] INFO  server.RaftServerConfigKeys (ConfUtils.java:logGet(44)) - raft.server.write.byte-limit = 1024 M (=1073741824) (custom)
2021-09-05 01:40:03,588 [cff69f77-ea12-413c-a988-d2a44a5ca406@group-20F380F3B230-LeaderElection115] INFO  server.RaftServerConfigKeys (ConfUtils.java:logGet(44)) - raft.server.watch.timeout = 3000ms (custom)
2021-09-05 01:40:03,588 [cff69f77-ea12-413c-a988-d2a44a5ca406@group-20F380F3B230-LeaderElection115] INFO  server.RaftServerConfigKeys (ConfUtils.java:logGet(44)) - raft.server.watch.timeout.denomination = 1s (default)
2021-09-05 01:40:03,588 [cff69f77-ea12-413c-a988-d2a44a5ca406@group-20F380F3B230-LeaderElection115] INFO  server.RaftServerConfigKeys (ConfUtils.java:logGet(44)) - raft.server.watch.element-limit = 65536 (default)
2021-09-05 01:40:03,588 [cff69f77-ea12-413c-a988-d2a44a5ca406@group-20F380F3B230-LeaderElection115] INFO  impl.RoleInfo (RoleInfo.java:updateAndGet(130)) - cff69f77-ea12-413c-a988-d2a44a5ca406: start cff69f77-ea12-413c-a988-d2a44a5ca406@group-20F380F3B230-LeaderStateImpl
2021-09-05 01:40:03,589 [cff69f77-ea12-413c-a988-d2a44a5ca406@group-20F380F3B230-LeaderElection115] INFO  segmented.SegmentedRaftLogWorker (SegmentedRaftLogWorker.java:startLogSegment(394)) - cff69f77-ea12-413c-a988-d2a44a5ca406@group-20F380F3B230-SegmentedRaftLogWorker: Starting segment from index:0
2021-09-05 01:40:03,589 [grpc-default-executor-4] INFO  impl.RoleInfo (RoleInfo.java:updateAndGet(130)) - fdb9e53e-0679-45da-9a61-20e122f839df: start fdb9e53e-0679-45da-9a61-20e122f839df@group-A2164613B897-FollowerState
2021-09-05 01:40:03,589 [fdb9e53e-0679-45da-9a61-20e122f839df@group-A2164613B897-FollowerState] INFO  impl.FollowerState (FollowerState.java:run(143)) - fdb9e53e-0679-45da-9a61-20e122f839df@group-A2164613B897-FollowerState was interrupted: {}
java.lang.InterruptedException: sleep interrupted
	at java.lang.Thread.sleep(Native Method)
	at java.lang.Thread.sleep(Thread.java:340)
	at java.util.concurrent.TimeUnit.sleep(TimeUnit.java:386)
	at org.apache.ratis.util.TimeDuration.sleep(TimeDuration.java:324)
	at org.apache.ratis.util.TimeDuration.sleep(TimeDuration.java:309)
	at org.apache.ratis.server.impl.FollowerState.run(FollowerState.java:118)
2021-09-05 01:40:03,591 [cff69f77-ea12-413c-a988-d2a44a5ca406@group-20F380F3B230-SegmentedRaftLogWorker] INFO  segmented.SegmentedRaftLogWorker (SegmentedRaftLogWorker.java:execute(601)) - cff69f77-ea12-413c-a988-d2a44a5ca406@group-20F380F3B230-SegmentedRaftLogWorker: created new log segment /home/runner/work/ozone/ozone/hadoop-ozone/integration-test/target/test-dir/MiniOzoneClusterImpl-37340386-36af-4fa8-9723-b8f583b28ff6/datanode-0/data/ratis/71fff1d0-b04d-404c-8209-20f380f3b230/current/log_inprogress_0
2021-09-05 01:40:03,594 [grpc-default-executor-4] INFO  server.RaftServer$Division (RaftServerImpl.java:requestVote(1075)) - fdb9e53e-0679-45da-9a61-20e122f839df@group-A2164613B897 replies to ELECTION vote request: cff69f77-ea12-413c-a988-d2a44a5ca406<-fdb9e53e-0679-45da-9a61-20e122f839df#0:FAIL-t1. Peer's state: fdb9e53e-0679-45da-9a61-20e122f839df@group-A2164613B897:t1, leader=null, voted=null, raftlog=fdb9e53e-0679-45da-9a61-20e122f839df@group-A2164613B897-SegmentedRaftLog:OPENED:c-1,f-1,i0, conf=-1: [fdb9e53e-0679-45da-9a61-20e122f839df|rpc:10.1.0.25:40867|dataStream:|priority:1, cff69f77-ea12-413c-a988-d2a44a5ca406|rpc:10.1.0.25:34387|dataStream:|priority:0, 54b0752d-9f85-41d1-82b7-176712dc42d8|rpc:10.1.0.25:45159|dataStream:|priority:0], old=null
2021-09-05 01:40:03,602 [cff69f77-ea12-413c-a988-d2a44a5ca406@group-20F380F3B230-LeaderElection115] INFO  server.RaftServer$Division (ServerState.java:setRaftConf(387)) - cff69f77-ea12-413c-a988-d2a44a5ca406@group-20F380F3B230: set configuration 0: [cff69f77-ea12-413c-a988-d2a44a5ca406|rpc:10.1.0.25:34387|dataStream:|priority:1], old=null
2021-09-05 01:40:03,605 [Listener at 127.0.0.1/33945] INFO  ozoneimpl.OzoneContainer (OzoneContainer.java:stop(326)) - Attempting to stop container services.
2021-09-05 01:40:03,606 [Listener at 127.0.0.1/33945] INFO  server.RaftServer (RaftServerProxy.java:lambda$close$6(391)) - a394a97c-7848-4311-a24c-186851f6b492: close
2021-09-05 01:40:03,606 [Listener at 127.0.0.1/33945] INFO  server.RaftServer$Division (RaftServerImpl.java:lambda$close$4(407)) - a394a97c-7848-4311-a24c-186851f6b492@group-1C1C96E5B142: shutdown
2021-09-05 01:40:03,606 [Listener at 127.0.0.1/33945] INFO  util.JmxRegister (JmxRegister.java:unregister(73)) - Successfully un-registered JMX Bean with object name Ratis:service=RaftServer,group=group-1C1C96E5B142,id=a394a97c-7848-4311-a24c-186851f6b492
2021-09-05 01:40:03,606 [Listener at 127.0.0.1/33945] INFO  impl.RoleInfo (RoleInfo.java:shutdownFollowerState(108)) - a394a97c-7848-4311-a24c-186851f6b492: shutdown a394a97c-7848-4311-a24c-186851f6b492@group-1C1C96E5B142-FollowerState
2021-09-05 01:40:03,606 [Listener at 127.0.0.1/33945] INFO  impl.StateMachineUpdater (StateMachineUpdater.java:stopAndJoin(149)) - a394a97c-7848-4311-a24c-186851f6b492@group-1C1C96E5B142-StateMachineUpdater: set stopIndex = 0
2021-09-05 01:40:03,606 [a394a97c-7848-4311-a24c-186851f6b492@group-1C1C96E5B142-FollowerState] INFO  impl.FollowerState (FollowerState.java:run(143)) - a394a97c-7848-4311-a24c-186851f6b492@group-1C1C96E5B142-FollowerState was interrupted: {}
java.lang.InterruptedException: sleep interrupted
	at java.lang.Thread.sleep(Native Method)
	at java.lang.Thread.sleep(Thread.java:340)
	at java.util.concurrent.TimeUnit.sleep(TimeUnit.java:386)
	at org.apache.ratis.util.TimeDuration.sleep(TimeDuration.java:324)
	at org.apache.ratis.util.TimeDuration.sleep(TimeDuration.java:309)
	at org.apache.ratis.server.impl.FollowerState.run(FollowerState.java:118)
2021-09-05 01:40:03,607 [a394a97c-7848-4311-a24c-186851f6b492@group-1C1C96E5B142-StateMachineUpdater] INFO  ratis.ContainerStateMachine (ContainerStateMachine.java:takeSnapshot(292)) - group-1C1C96E5B142: Taking a snapshot at:(t:1, i:0) file /home/runner/work/ozone/ozone/hadoop-ozone/integration-test/target/test-dir/MiniOzoneClusterImpl-37340386-36af-4fa8-9723-b8f583b28ff6/datanode-4/data/ratis/c580985d-0fc5-40f2-b5c7-1c1c96e5b142/sm/snapshot.1_0
2021-09-05 01:40:03,616 [a394a97c-7848-4311-a24c-186851f6b492@group-1C1C96E5B142-StateMachineUpdater] INFO  ratis.ContainerStateMachine (ContainerStateMachine.java:takeSnapshot(303)) - group-1C1C96E5B142: Finished taking a snapshot at:(t:1, i:0) file:/home/runner/work/ozone/ozone/hadoop-ozone/integration-test/target/test-dir/MiniOzoneClusterImpl-37340386-36af-4fa8-9723-b8f583b28ff6/datanode-4/data/ratis/c580985d-0fc5-40f2-b5c7-1c1c96e5b142/sm/snapshot.1_0 took: 9 ms
2021-09-05 01:40:03,616 [a394a97c-7848-4311-a24c-186851f6b492@group-1C1C96E5B142-StateMachineUpdater] INFO  impl.StateMachineUpdater (StateMachineUpdater.java:takeSnapshot(281)) - a394a97c-7848-4311-a24c-186851f6b492@group-1C1C96E5B142-StateMachineUpdater: Took a snapshot at index 0
2021-09-05 01:40:03,616 [a394a97c-7848-4311-a24c-186851f6b492@group-1C1C96E5B142-StateMachineUpdater] INFO  impl.StateMachineUpdater (StateMachineUpdater.java:lambda$new$0(89)) - a394a97c-7848-4311-a24c-186851f6b492@group-1C1C96E5B142-StateMachineUpdater: snapshotIndex: updateIncreasingly -1 -> 0
2021-09-05 01:40:03,619 [Listener at 127.0.0.1/33945] INFO  server.RaftServer$Division (ServerState.java:close(419)) - a394a97c-7848-4311-a24c-186851f6b492@group-1C1C96E5B142: closes. applyIndex: 0
2021-09-05 01:40:03,619 [a394a97c-7848-4311-a24c-186851f6b492@group-1C1C96E5B142-SegmentedRaftLogWorker] INFO  segmented.SegmentedRaftLogWorker (SegmentedRaftLogWorker.java:run(327)) - a394a97c-7848-4311-a24c-186851f6b492@group-1C1C96E5B142-SegmentedRaftLogWorker was interrupted, exiting. There are 0 tasks remaining in the queue.
2021-09-05 01:40:03,621 [Listener at 127.0.0.1/33945] INFO  segmented.SegmentedRaftLogWorker (SegmentedRaftLogWorker.java:close(237)) - a394a97c-7848-4311-a24c-186851f6b492@group-1C1C96E5B142-SegmentedRaftLogWorker close()
2021-09-05 01:40:03,642 [Listener at 127.0.0.1/33945] INFO  server.RaftServer$Division (RaftServerImpl.java:lambda$close$4(407)) - a394a97c-7848-4311-a24c-186851f6b492@group-8DE473E54637: shutdown
2021-09-05 01:40:03,642 [cff69f77-ea12-413c-a988-d2a44a5ca406@group-A2164613B897-LeaderElection114] INFO  impl.LeaderElection (LeaderElection.java:logAndReturn(89)) - cff69f77-ea12-413c-a988-d2a44a5ca406@group-A2164613B897-LeaderElection114: ELECTION REJECTED received 1 response(s) and 0 exception(s):
2021-09-05 01:40:03,642 [cff69f77-ea12-413c-a988-d2a44a5ca406@group-A2164613B897-LeaderElection114] INFO  impl.LeaderElection (LeaderElection.java:logAndReturn(93)) -   Response 0: cff69f77-ea12-413c-a988-d2a44a5ca406<-fdb9e53e-0679-45da-9a61-20e122f839df#0:FAIL-t1
2021-09-05 01:40:03,642 [cff69f77-ea12-413c-a988-d2a44a5ca406@group-A2164613B897-LeaderElection114] INFO  impl.LeaderElection (LeaderElection.java:askForVotes(308)) - cff69f77-ea12-413c-a988-d2a44a5ca406@group-A2164613B897-LeaderElection114 ELECTION round 0: result REJECTED
2021-09-05 01:40:03,642 [cff69f77-ea12-413c-a988-d2a44a5ca406@group-A2164613B897-LeaderElection114] INFO  server.RaftServer$Division (RaftServerImpl.java:setRole(285)) - cff69f77-ea12-413c-a988-d2a44a5ca406@group-A2164613B897: changes role from CANDIDATE to FOLLOWER at term 1 for REJECTED
2021-09-05 01:40:03,642 [cff69f77-ea12-413c-a988-d2a44a5ca406@group-A2164613B897-LeaderElection114] INFO  impl.RoleInfo (RoleInfo.java:shutdownLeaderElection(121)) - cff69f77-ea12-413c-a988-d2a44a5ca406: shutdown cff69f77-ea12-413c-a988-d2a44a5ca406@group-A2164613B897-LeaderElection114
2021-09-05 01:40:03,643 [cff69f77-ea12-413c-a988-d2a44a5ca406@group-A2164613B897-LeaderElection114] INFO  impl.RoleInfo (RoleInfo.java:updateAndGet(130)) - cff69f77-ea12-413c-a988-d2a44a5ca406: start cff69f77-ea12-413c-a988-d2a44a5ca406@group-A2164613B897-FollowerState
2021-09-05 01:40:03,642 [grpc-default-executor-4] INFO  server.RaftServer$Division (RaftServerImpl.java:requestVote(1043)) - 54b0752d-9f85-41d1-82b7-176712dc42d8@group-A2164613B897: receive requestVote(ELECTION, cff69f77-ea12-413c-a988-d2a44a5ca406, group-A2164613B897, 1, (t:0, i:0))
2021-09-05 01:40:03,643 [grpc-default-executor-4] INFO  impl.VoteContext (VoteContext.java:log(48)) - 54b0752d-9f85-41d1-82b7-176712dc42d8@group-A2164613B897-FOLLOWER: accept ELECTION from cff69f77-ea12-413c-a988-d2a44a5ca406: our priority 0 <= candidate's priority 0
2021-09-05 01:40:03,643 [grpc-default-executor-4] INFO  server.RaftServer$Division (RaftServerImpl.java:setRole(285)) - 54b0752d-9f85-41d1-82b7-176712dc42d8@group-A2164613B897: changes role from  FOLLOWER to FOLLOWER at term 1 for candidate:cff69f77-ea12-413c-a988-d2a44a5ca406
2021-09-05 01:40:03,643 [grpc-default-executor-4] INFO  impl.RoleInfo (RoleInfo.java:shutdownFollowerState(108)) - 54b0752d-9f85-41d1-82b7-176712dc42d8: shutdown 54b0752d-9f85-41d1-82b7-176712dc42d8@group-A2164613B897-FollowerState
2021-09-05 01:40:03,643 [grpc-default-executor-4] INFO  impl.RoleInfo (RoleInfo.java:updateAndGet(130)) - 54b0752d-9f85-41d1-82b7-176712dc42d8: start 54b0752d-9f85-41d1-82b7-176712dc42d8@group-A2164613B897-FollowerState
2021-09-05 01:40:03,642 [Listener at 127.0.0.1/33945] INFO  util.JmxRegister (JmxRegister.java:unregister(73)) - Successfully un-registered JMX Bean with object name Ratis:service=RaftServer,group=group-8DE473E54637,id=a394a97c-7848-4311-a24c-186851f6b492
2021-09-05 01:40:03,643 [Listener at 127.0.0.1/33945] INFO  impl.RoleInfo (RoleInfo.java:shutdownFollowerState(108)) - a394a97c-7848-4311-a24c-186851f6b492: shutdown a394a97c-7848-4311-a24c-186851f6b492@group-8DE473E54637-FollowerState
2021-09-05 01:40:03,644 [54b0752d-9f85-41d1-82b7-176712dc42d8@group-A2164613B897-FollowerState] INFO  impl.FollowerState (FollowerState.java:run(143)) - 54b0752d-9f85-41d1-82b7-176712dc42d8@group-A2164613B897-FollowerState was interrupted: {}
java.lang.InterruptedException: sleep interrupted
	at java.lang.Thread.sleep(Native Method)
	at java.lang.Thread.sleep(Thread.java:340)
	at java.util.concurrent.TimeUnit.sleep(TimeUnit.java:386)
	at org.apache.ratis.util.TimeDuration.sleep(TimeDuration.java:324)
	at org.apache.ratis.util.TimeDuration.sleep(TimeDuration.java:309)
	at org.apache.ratis.server.impl.FollowerState.run(FollowerState.java:118)
2021-09-05 01:40:03,645 [Listener at 127.0.0.1/33945] INFO  impl.StateMachineUpdater (StateMachineUpdater.java:stopAndJoin(149)) - a394a97c-7848-4311-a24c-186851f6b492@group-8DE473E54637-StateMachineUpdater: set stopIndex = 0
2021-09-05 01:40:03,645 [a394a97c-7848-4311-a24c-186851f6b492@group-8DE473E54637-FollowerState] INFO  impl.FollowerState (FollowerState.java:run(143)) - a394a97c-7848-4311-a24c-186851f6b492@group-8DE473E54637-FollowerState was interrupted: {}
java.lang.InterruptedException: sleep interrupted
	at java.lang.Thread.sleep(Native Method)
	at java.lang.Thread.sleep(Thread.java:340)
	at java.util.concurrent.TimeUnit.sleep(TimeUnit.java:386)
	at org.apache.ratis.util.TimeDuration.sleep(TimeDuration.java:324)
	at org.apache.ratis.util.TimeDuration.sleep(TimeDuration.java:309)
	at org.apache.ratis.server.impl.FollowerState.run(FollowerState.java:118)
2021-09-05 01:40:03,645 [a394a97c-7848-4311-a24c-186851f6b492@group-8DE473E54637-StateMachineUpdater] INFO  ratis.ContainerStateMachine (ContainerStateMachine.java:takeSnapshot(292)) - group-8DE473E54637: Taking a snapshot at:(t:4, i:0) file /home/runner/work/ozone/ozone/hadoop-ozone/integration-test/target/test-dir/MiniOzoneClusterImpl-37340386-36af-4fa8-9723-b8f583b28ff6/datanode-4/data/ratis/0c96f688-2ee1-4e37-806d-8de473e54637/sm/snapshot.4_0
2021-09-05 01:40:03,652 [a394a97c-7848-4311-a24c-186851f6b492@group-8DE473E54637-StateMachineUpdater] INFO  ratis.ContainerStateMachine (ContainerStateMachine.java:takeSnapshot(303)) - group-8DE473E54637: Finished taking a snapshot at:(t:4, i:0) file:/home/runner/work/ozone/ozone/hadoop-ozone/integration-test/target/test-dir/MiniOzoneClusterImpl-37340386-36af-4fa8-9723-b8f583b28ff6/datanode-4/data/ratis/0c96f688-2ee1-4e37-806d-8de473e54637/sm/snapshot.4_0 took: 6 ms
2021-09-05 01:40:03,652 [a394a97c-7848-4311-a24c-186851f6b492@group-8DE473E54637-StateMachineUpdater] INFO  impl.StateMachineUpdater (StateMachineUpdater.java:takeSnapshot(281)) - a394a97c-7848-4311-a24c-186851f6b492@group-8DE473E54637-StateMachineUpdater: Took a snapshot at index 0
2021-09-05 01:40:03,652 [a394a97c-7848-4311-a24c-186851f6b492@group-8DE473E54637-StateMachineUpdater] INFO  impl.StateMachineUpdater (StateMachineUpdater.java:lambda$new$0(89)) - a394a97c-7848-4311-a24c-186851f6b492@group-8DE473E54637-StateMachineUpdater: snapshotIndex: updateIncreasingly -1 -> 0
2021-09-05 01:40:03,652 [Listener at 127.0.0.1/33945] INFO  server.RaftServer$Division (ServerState.java:close(419)) - a394a97c-7848-4311-a24c-186851f6b492@group-8DE473E54637: closes. applyIndex: 0
2021-09-05 01:40:03,653 [grpc-default-executor-4] INFO  server.RaftServer$Division (RaftServerImpl.java:requestVote(1075)) - 54b0752d-9f85-41d1-82b7-176712dc42d8@group-A2164613B897 replies to ELECTION vote request: cff69f77-ea12-413c-a988-d2a44a5ca406<-54b0752d-9f85-41d1-82b7-176712dc42d8#0:OK-t1. Peer's state: 54b0752d-9f85-41d1-82b7-176712dc42d8@group-A2164613B897:t1, leader=null, voted=cff69f77-ea12-413c-a988-d2a44a5ca406, raftlog=54b0752d-9f85-41d1-82b7-176712dc42d8@group-A2164613B897-SegmentedRaftLog:OPENED:c-1,f-1,i0, conf=-1: [fdb9e53e-0679-45da-9a61-20e122f839df|rpc:10.1.0.25:40867|dataStream:|priority:1, cff69f77-ea12-413c-a988-d2a44a5ca406|rpc:10.1.0.25:34387|dataStream:|priority:0, 54b0752d-9f85-41d1-82b7-176712dc42d8|rpc:10.1.0.25:45159|dataStream:|priority:0], old=null
2021-09-05 01:40:03,657 [a394a97c-7848-4311-a24c-186851f6b492@group-8DE473E54637-SegmentedRaftLogWorker] INFO  segmented.SegmentedRaftLogWorker (SegmentedRaftLogWorker.java:run(327)) - a394a97c-7848-4311-a24c-186851f6b492@group-8DE473E54637-SegmentedRaftLogWorker was interrupted, exiting. There are 0 tasks remaining in the queue.
2021-09-05 01:40:03,657 [Listener at 127.0.0.1/33945] INFO  segmented.SegmentedRaftLogWorker (SegmentedRaftLogWorker.java:close(237)) - a394a97c-7848-4311-a24c-186851f6b492@group-8DE473E54637-SegmentedRaftLogWorker close()
2021-09-05 01:40:03,657 [ForkJoinPool.commonPool-worker-1] INFO  ozoneimpl.OzoneContainer (OzoneContainer.java:stop(326)) - Attempting to stop container services.
2021-09-05 01:40:03,659 [Listener at 127.0.0.1/33945] INFO  server.RaftServer$Division (RaftServerImpl.java:lambda$close$4(407)) - a394a97c-7848-4311-a24c-186851f6b492@group-9820ECCA99ED: shutdown
2021-09-05 01:40:03,659 [Listener at 127.0.0.1/33945] INFO  util.JmxRegister (JmxRegister.java:unregister(73)) - Successfully un-registered JMX Bean with object name Ratis:service=RaftServer,group=group-9820ECCA99ED,id=a394a97c-7848-4311-a24c-186851f6b492
2021-09-05 01:40:03,659 [Listener at 127.0.0.1/33945] INFO  impl.RoleInfo (RoleInfo.java:shutdownLeaderState(91)) - a394a97c-7848-4311-a24c-186851f6b492: shutdown a394a97c-7848-4311-a24c-186851f6b492@group-9820ECCA99ED-LeaderStateImpl
2021-09-05 01:40:03,659 [Listener at 127.0.0.1/33945] INFO  impl.PendingRequests (PendingRequests.java:sendNotLeaderResponses(282)) - a394a97c-7848-4311-a24c-186851f6b492@group-9820ECCA99ED-PendingRequests: sendNotLeaderResponses
2021-09-05 01:40:03,660 [Listener at 127.0.0.1/33945] INFO  impl.StateMachineUpdater (StateMachineUpdater.java:stopAndJoin(149)) - a394a97c-7848-4311-a24c-186851f6b492@group-9820ECCA99ED-StateMachineUpdater: set stopIndex = 0
2021-09-05 01:40:03,660 [a394a97c-7848-4311-a24c-186851f6b492@group-9820ECCA99ED->455161ce-78be-4281-bc2a-a50d1cad5e43-GrpcLogAppender-LogAppenderDaemon] WARN  server.GrpcLogAppender (GrpcLogAppender.java:mayWait(175)) - a394a97c-7848-4311-a24c-186851f6b492@group-9820ECCA99ED->455161ce-78be-4281-bc2a-a50d1cad5e43-GrpcLogAppender: Wait interrupted by java.lang.InterruptedException
2021-09-05 01:40:03,660 [a394a97c-7848-4311-a24c-186851f6b492@group-9820ECCA99ED->aa0f76fc-0af9-4fba-891f-e6382fa98fe4-GrpcLogAppender-LogAppenderDaemon] WARN  server.GrpcLogAppender (GrpcLogAppender.java:mayWait(175)) - a394a97c-7848-4311-a24c-186851f6b492@group-9820ECCA99ED->aa0f76fc-0af9-4fba-891f-e6382fa98fe4-GrpcLogAppender: Wait interrupted by java.lang.InterruptedException
2021-09-05 01:40:03,660 [a394a97c-7848-4311-a24c-186851f6b492@group-9820ECCA99ED-StateMachineUpdater] INFO  ratis.ContainerStateMachine (ContainerStateMachine.java:takeSnapshot(292)) - group-9820ECCA99ED: Taking a snapshot at:(t:4, i:0) file /home/runner/work/ozone/ozone/hadoop-ozone/integration-test/target/test-dir/MiniOzoneClusterImpl-37340386-36af-4fa8-9723-b8f583b28ff6/datanode-4/data/ratis/63a4ac22-0943-49cd-a4b6-9820ecca99ed/sm/snapshot.4_0
2021-09-05 01:40:03,661 [a394a97c-7848-4311-a24c-186851f6b492@group-9820ECCA99ED-StateMachineUpdater] INFO  ratis.ContainerStateMachine (ContainerStateMachine.java:takeSnapshot(303)) - group-9820ECCA99ED: Finished taking a snapshot at:(t:4, i:0) file:/home/runner/work/ozone/ozone/hadoop-ozone/integration-test/target/test-dir/MiniOzoneClusterImpl-37340386-36af-4fa8-9723-b8f583b28ff6/datanode-4/data/ratis/63a4ac22-0943-49cd-a4b6-9820ecca99ed/sm/snapshot.4_0 took: 0 ms
2021-09-05 01:40:03,664 [a394a97c-7848-4311-a24c-186851f6b492@group-9820ECCA99ED-StateMachineUpdater] INFO  impl.StateMachineUpdater (StateMachineUpdater.java:takeSnapshot(281)) - a394a97c-7848-4311-a24c-186851f6b492@group-9820ECCA99ED-StateMachineUpdater: Took a snapshot at index 0
2021-09-05 01:40:03,665 [a394a97c-7848-4311-a24c-186851f6b492@group-9820ECCA99ED-StateMachineUpdater] INFO  impl.StateMachineUpdater (StateMachineUpdater.java:lambda$new$0(89)) - a394a97c-7848-4311-a24c-186851f6b492@group-9820ECCA99ED-StateMachineUpdater: snapshotIndex: updateIncreasingly -1 -> 0
2021-09-05 01:40:03,665 [Listener at 127.0.0.1/33945] INFO  server.RaftServer$Division (ServerState.java:close(419)) - a394a97c-7848-4311-a24c-186851f6b492@group-9820ECCA99ED: closes. applyIndex: 0
2021-09-05 01:40:03,669 [a394a97c-7848-4311-a24c-186851f6b492@group-9820ECCA99ED-SegmentedRaftLogWorker] INFO  segmented.SegmentedRaftLogWorker (SegmentedRaftLogWorker.java:run(327)) - a394a97c-7848-4311-a24c-186851f6b492@group-9820ECCA99ED-SegmentedRaftLogWorker was interrupted, exiting. There are 0 tasks remaining in the queue.
2021-09-05 01:40:03,670 [Listener at 127.0.0.1/33945] INFO  segmented.SegmentedRaftLogWorker (SegmentedRaftLogWorker.java:close(237)) - a394a97c-7848-4311-a24c-186851f6b492@group-9820ECCA99ED-SegmentedRaftLogWorker close()
2021-09-05 01:40:03,671 [Listener at 127.0.0.1/33945] INFO  server.RaftServer$Division (RaftServerImpl.java:lambda$close$4(407)) - a394a97c-7848-4311-a24c-186851f6b492@group-71F1F32B1A5F: shutdown
2021-09-05 01:40:03,671 [Listener at 127.0.0.1/33945] INFO  util.JmxRegister (JmxRegister.java:unregister(73)) - Successfully un-registered JMX Bean with object name Ratis:service=RaftServer,group=group-71F1F32B1A5F,id=a394a97c-7848-4311-a24c-186851f6b492
2021-09-05 01:40:03,671 [Listener at 127.0.0.1/33945] INFO  impl.RoleInfo (RoleInfo.java:shutdownLeaderState(91)) - a394a97c-7848-4311-a24c-186851f6b492: shutdown a394a97c-7848-4311-a24c-186851f6b492@group-71F1F32B1A5F-LeaderStateImpl
2021-09-05 01:40:03,671 [Listener at 127.0.0.1/33945] INFO  impl.PendingRequests (PendingRequests.java:sendNotLeaderResponses(282)) - a394a97c-7848-4311-a24c-186851f6b492@group-71F1F32B1A5F-PendingRequests: sendNotLeaderResponses
2021-09-05 01:40:03,672 [Listener at 127.0.0.1/33945] INFO  impl.StateMachineUpdater (StateMachineUpdater.java:stopAndJoin(149)) - a394a97c-7848-4311-a24c-186851f6b492@group-71F1F32B1A5F-StateMachineUpdater: set stopIndex = 0
2021-09-05 01:40:03,672 [a394a97c-7848-4311-a24c-186851f6b492@group-71F1F32B1A5F-StateMachineUpdater] INFO  ratis.ContainerStateMachine (ContainerStateMachine.java:takeSnapshot(292)) - group-71F1F32B1A5F: Taking a snapshot at:(t:1, i:0) file /home/runner/work/ozone/ozone/hadoop-ozone/integration-test/target/test-dir/MiniOzoneClusterImpl-37340386-36af-4fa8-9723-b8f583b28ff6/datanode-4/data/ratis/1f8bedbc-d0ae-4b4d-bc8b-71f1f32b1a5f/sm/snapshot.1_0
2021-09-05 01:40:03,673 [a394a97c-7848-4311-a24c-186851f6b492@group-71F1F32B1A5F-StateMachineUpdater] INFO  ratis.ContainerStateMachine (ContainerStateMachine.java:takeSnapshot(303)) - group-71F1F32B1A5F: Finished taking a snapshot at:(t:1, i:0) file:/home/runner/work/ozone/ozone/hadoop-ozone/integration-test/target/test-dir/MiniOzoneClusterImpl-37340386-36af-4fa8-9723-b8f583b28ff6/datanode-4/data/ratis/1f8bedbc-d0ae-4b4d-bc8b-71f1f32b1a5f/sm/snapshot.1_0 took: 1 ms
2021-09-05 01:40:03,673 [a394a97c-7848-4311-a24c-186851f6b492@group-71F1F32B1A5F-StateMachineUpdater] INFO  impl.StateMachineUpdater (StateMachineUpdater.java:takeSnapshot(281)) - a394a97c-7848-4311-a24c-186851f6b492@group-71F1F32B1A5F-StateMachineUpdater: Took a snapshot at index 0
2021-09-05 01:40:03,673 [a394a97c-7848-4311-a24c-186851f6b492@group-71F1F32B1A5F-StateMachineUpdater] INFO  impl.StateMachineUpdater (StateMachineUpdater.java:lambda$new$0(89)) - a394a97c-7848-4311-a24c-186851f6b492@group-71F1F32B1A5F-StateMachineUpdater: snapshotIndex: updateIncreasingly -1 -> 0
2021-09-05 01:40:03,681 [Listener at 127.0.0.1/33945] INFO  server.RaftServer$Division (ServerState.java:close(419)) - a394a97c-7848-4311-a24c-186851f6b492@group-71F1F32B1A5F: closes. applyIndex: 0
2021-09-05 01:40:03,681 [a394a97c-7848-4311-a24c-186851f6b492@group-71F1F32B1A5F-SegmentedRaftLogWorker] INFO  segmented.SegmentedRaftLogWorker (SegmentedRaftLogWorker.java:run(327)) - a394a97c-7848-4311-a24c-186851f6b492@group-71F1F32B1A5F-SegmentedRaftLogWorker was interrupted, exiting. There are 0 tasks remaining in the queue.
2021-09-05 01:40:03,683 [Listener at 127.0.0.1/33945] INFO  segmented.SegmentedRaftLogWorker (SegmentedRaftLogWorker.java:close(237)) - a394a97c-7848-4311-a24c-186851f6b492@group-71F1F32B1A5F-SegmentedRaftLogWorker close()
2021-09-05 01:40:03,684 [Listener at 127.0.0.1/33945] INFO  server.GrpcService (GrpcService.java:closeImpl(262)) - a394a97c-7848-4311-a24c-186851f6b492: shutdown server with port 38701 now
2021-09-05 01:40:03,690 [ForkJoinPool.commonPool-worker-1] INFO  server.RaftServer (RaftServerProxy.java:lambda$close$6(391)) - fdb9e53e-0679-45da-9a61-20e122f839df: close
2021-09-05 01:40:03,690 [ForkJoinPool.commonPool-worker-1] INFO  server.RaftServer$Division (RaftServerImpl.java:lambda$close$4(407)) - fdb9e53e-0679-45da-9a61-20e122f839df@group-17CA38D5857E: shutdown
2021-09-05 01:40:03,690 [ForkJoinPool.commonPool-worker-1] INFO  util.JmxRegister (JmxRegister.java:unregister(73)) - Successfully un-registered JMX Bean with object name Ratis:service=RaftServer,group=group-17CA38D5857E,id=fdb9e53e-0679-45da-9a61-20e122f839df
2021-09-05 01:40:03,690 [ForkJoinPool.commonPool-worker-1] INFO  impl.RoleInfo (RoleInfo.java:shutdownFollowerState(108)) - fdb9e53e-0679-45da-9a61-20e122f839df: shutdown fdb9e53e-0679-45da-9a61-20e122f839df@group-17CA38D5857E-FollowerState
2021-09-05 01:40:03,690 [ForkJoinPool.commonPool-worker-1] INFO  impl.StateMachineUpdater (StateMachineUpdater.java:stopAndJoin(149)) - fdb9e53e-0679-45da-9a61-20e122f839df@group-17CA38D5857E-StateMachineUpdater: set stopIndex = -1
2021-09-05 01:40:03,713 [fdb9e53e-0679-45da-9a61-20e122f839df@group-17CA38D5857E-FollowerState] INFO  impl.FollowerState (FollowerState.java:run(143)) - fdb9e53e-0679-45da-9a61-20e122f839df@group-17CA38D5857E-FollowerState was interrupted: {}
java.lang.InterruptedException: sleep interrupted
	at java.lang.Thread.sleep(Native Method)
	at java.lang.Thread.sleep(Thread.java:340)
	at java.util.concurrent.TimeUnit.sleep(TimeUnit.java:386)
	at org.apache.ratis.util.TimeDuration.sleep(TimeDuration.java:324)
	at org.apache.ratis.util.TimeDuration.sleep(TimeDuration.java:309)
	at org.apache.ratis.server.impl.FollowerState.run(FollowerState.java:118)
2021-09-05 01:40:03,729 [grpc-default-executor-4] INFO  server.GrpcServerProtocolService (GrpcServerProtocolService.java:onCompleted(140)) - 455161ce-78be-4281-bc2a-a50d1cad5e43: Completed APPEND_ENTRIES, lastRequest: a394a97c-7848-4311-a24c-186851f6b492->455161ce-78be-4281-bc2a-a50d1cad5e43#1-t4,previous=(t:0, i:0),leaderCommit=-1,initializing? true,entries: size=1, first=(t:4, i:0), CONFIGURATIONENTRY
2021-09-05 01:40:03,729 [grpc-default-executor-0] WARN  server.GrpcServerProtocolService (LogUtils.java:warn(122)) - a394a97c-7848-4311-a24c-186851f6b492: installSnapshot onError, lastRequest: aa0f76fc-0af9-4fba-891f-e6382fa98fe4->a394a97c-7848-4311-a24c-186851f6b492#1-t4,previous=(t:0, i:0),leaderCommit=0,initializing? true,entries: size=1, first=(t:4, i:0), CONFIGURATIONENTRY: org.apache.ratis.thirdparty.io.grpc.StatusRuntimeException: CANCELLED: client cancelled
2021-09-05 01:40:03,729 [grpc-default-executor-2] INFO  server.GrpcServerProtocolService (GrpcServerProtocolService.java:onCompleted(140)) - aa0f76fc-0af9-4fba-891f-e6382fa98fe4: Completed APPEND_ENTRIES, lastRequest: a394a97c-7848-4311-a24c-186851f6b492->aa0f76fc-0af9-4fba-891f-e6382fa98fe4#1-t4,previous=(t:0, i:0),leaderCommit=0,initializing? true,entries: size=1, first=(t:4, i:0), CONFIGURATIONENTRY
2021-09-05 01:40:03,730 [ForkJoinPool.commonPool-worker-1] INFO  server.RaftServer$Division (ServerState.java:close(419)) - fdb9e53e-0679-45da-9a61-20e122f839df@group-17CA38D5857E: closes. applyIndex: -1
2021-09-05 01:40:03,730 [fdb9e53e-0679-45da-9a61-20e122f839df@group-17CA38D5857E-SegmentedRaftLogWorker] INFO  segmented.SegmentedRaftLogWorker (SegmentedRaftLogWorker.java:run(327)) - fdb9e53e-0679-45da-9a61-20e122f839df@group-17CA38D5857E-SegmentedRaftLogWorker was interrupted, exiting. There are 0 tasks remaining in the queue.
2021-09-05 01:40:03,730 [ForkJoinPool.commonPool-worker-1] INFO  segmented.SegmentedRaftLogWorker (SegmentedRaftLogWorker.java:close(237)) - fdb9e53e-0679-45da-9a61-20e122f839df@group-17CA38D5857E-SegmentedRaftLogWorker close()
2021-09-05 01:40:03,734 [ForkJoinPool.commonPool-worker-1] INFO  server.RaftServer$Division (RaftServerImpl.java:lambda$close$4(407)) - fdb9e53e-0679-45da-9a61-20e122f839df@group-A2597FCC6369: shutdown
2021-09-05 01:40:03,734 [ForkJoinPool.commonPool-worker-1] INFO  util.JmxRegister (JmxRegister.java:unregister(73)) - Successfully un-registered JMX Bean with object name Ratis:service=RaftServer,group=group-A2597FCC6369,id=fdb9e53e-0679-45da-9a61-20e122f839df
2021-09-05 01:40:03,734 [ForkJoinPool.commonPool-worker-1] INFO  impl.RoleInfo (RoleInfo.java:shutdownFollowerState(108)) - fdb9e53e-0679-45da-9a61-20e122f839df: shutdown fdb9e53e-0679-45da-9a61-20e122f839df@group-A2597FCC6369-FollowerState
2021-09-05 01:40:03,734 [ForkJoinPool.commonPool-worker-1] INFO  impl.StateMachineUpdater (StateMachineUpdater.java:stopAndJoin(149)) - fdb9e53e-0679-45da-9a61-20e122f839df@group-A2597FCC6369-StateMachineUpdater: set stopIndex = -1
2021-09-05 01:40:03,734 [fdb9e53e-0679-45da-9a61-20e122f839df@group-A2597FCC6369-FollowerState] INFO  impl.FollowerState (FollowerState.java:run(143)) - fdb9e53e-0679-45da-9a61-20e122f839df@group-A2597FCC6369-FollowerState was interrupted: {}
java.lang.InterruptedException: sleep interrupted
	at java.lang.Thread.sleep(Native Method)
	at java.lang.Thread.sleep(Thread.java:340)
	at java.util.concurrent.TimeUnit.sleep(TimeUnit.java:386)
	at org.apache.ratis.util.TimeDuration.sleep(TimeDuration.java:324)
	at org.apache.ratis.util.TimeDuration.sleep(TimeDuration.java:309)
	at org.apache.ratis.server.impl.FollowerState.run(FollowerState.java:118)
2021-09-05 01:40:03,779 [Listener at 127.0.0.1/33945] INFO  server.GrpcService (GrpcService.java:closeImpl(271)) - a394a97c-7848-4311-a24c-186851f6b492: shutdown server with port 38701 successfully
2021-09-05 01:40:03,777 [grpc-default-executor-6] WARN  server.GrpcLogAppender (LogUtils.java:warn(122)) - aa0f76fc-0af9-4fba-891f-e6382fa98fe4@group-8DE473E54637->a394a97c-7848-4311-a24c-186851f6b492-AppendLogResponseHandler: Failed appendEntries: org.apache.ratis.thirdparty.io.grpc.StatusRuntimeException: CANCELLED: HTTP/2 error code: CANCEL
Received Rst Stream
2021-09-05 01:40:03,771 [grpc-default-executor-2] INFO  server.GrpcLogAppender (GrpcLogAppender.java:onCompleted(344)) - a394a97c-7848-4311-a24c-186851f6b492@group-9820ECCA99ED->455161ce-78be-4281-bc2a-a50d1cad5e43-AppendLogResponseHandler: follower responses appendEntries COMPLETED
2021-09-05 01:40:03,771 [grpc-default-executor-5] INFO  server.GrpcLogAppender (GrpcLogAppender.java:onCompleted(344)) - a394a97c-7848-4311-a24c-186851f6b492@group-9820ECCA99ED->aa0f76fc-0af9-4fba-891f-e6382fa98fe4-AppendLogResponseHandler: follower responses appendEntries COMPLETED
2021-09-05 01:40:03,771 [grpc-default-executor-0] WARN  server.GrpcServerProtocolService (LogUtils.java:warn(122)) - a394a97c-7848-4311-a24c-186851f6b492: installSnapshot onError, lastRequest: 455161ce-78be-4281-bc2a-a50d1cad5e43->a394a97c-7848-4311-a24c-186851f6b492#1-t1,previous=(t:0, i:0),leaderCommit=-1,initializing? true,entries: size=1, first=(t:1, i:0), CONFIGURATIONENTRY: org.apache.ratis.thirdparty.io.grpc.StatusRuntimeException: CANCELLED: client cancelled
2021-09-05 01:40:03,735 [ForkJoinPool.commonPool-worker-1] INFO  server.RaftServer$Division (ServerState.java:close(419)) - fdb9e53e-0679-45da-9a61-20e122f839df@group-A2597FCC6369: closes. applyIndex: -1
2021-09-05 01:40:03,786 [grpc-default-executor-6] WARN  server.GrpcLogAppender (GrpcLogAppender.java:resetClient(111)) - aa0f76fc-0af9-4fba-891f-e6382fa98fe4@group-8DE473E54637->a394a97c-7848-4311-a24c-186851f6b492-GrpcLogAppender: Leader has not got in touch with Follower aa0f76fc-0af9-4fba-891f-e6382fa98fe4@group-8DE473E54637->a394a97c-7848-4311-a24c-186851f6b492(c0,m0,n1, attendVote=true, lastRpcSendTime=1655, lastRpcResponseTime=1645) yet, just keep nextIndex unchanged and retry.
2021-09-05 01:40:03,816 [grpc-default-executor-7] WARN  server.GrpcLogAppender (LogUtils.java:warn(122)) - 455161ce-78be-4281-bc2a-a50d1cad5e43@group-1C1C96E5B142->a394a97c-7848-4311-a24c-186851f6b492-AppendLogResponseHandler: Failed appendEntries: org.apache.ratis.thirdparty.io.grpc.StatusRuntimeException: CANCELLED: HTTP/2 error code: CANCEL
Received Rst Stream
2021-09-05 01:40:03,818 [fdb9e53e-0679-45da-9a61-20e122f839df@group-A2597FCC6369-SegmentedRaftLogWorker] INFO  segmented.SegmentedRaftLogWorker (SegmentedRaftLogWorker.java:run(327)) - fdb9e53e-0679-45da-9a61-20e122f839df@group-A2597FCC6369-SegmentedRaftLogWorker was interrupted, exiting. There are 0 tasks remaining in the queue.
2021-09-05 01:40:03,818 [grpc-default-executor-2] WARN  server.GrpcLogAppender (GrpcLogAppender.java:resetClient(96)) - a394a97c-7848-4311-a24c-186851f6b492@group-9820ECCA99ED->455161ce-78be-4281-bc2a-a50d1cad5e43-GrpcLogAppender: Failed to getClient for 455161ce-78be-4281-bc2a-a50d1cad5e43
org.apache.ratis.protocol.exceptions.AlreadyClosedException: a394a97c-7848-4311-a24c-186851f6b492 is already CLOSED
	at org.apache.ratis.util.PeerProxyMap$PeerAndProxy.getProxy(PeerProxyMap.java:60)
	at org.apache.ratis.util.PeerProxyMap.getProxy(PeerProxyMap.java:114)
	at org.apache.ratis.grpc.server.GrpcLogAppender.getClient(GrpcLogAppender.java:89)
	at org.apache.ratis.grpc.server.GrpcLogAppender.resetClient(GrpcLogAppender.java:94)
	at org.apache.ratis.grpc.server.GrpcLogAppender.access$500(GrpcLogAppender.java:53)
	at org.apache.ratis.grpc.server.GrpcLogAppender$AppendLogResponseHandler.onCompleted(GrpcLogAppender.java:345)
	at org.apache.ratis.thirdparty.io.grpc.stub.ClientCalls$StreamObserverToCallListenerAdapter.onClose(ClientCalls.java:476)
	at org.apache.ratis.thirdparty.io.grpc.internal.ClientCallImpl.closeObserver(ClientCallImpl.java:616)
	at org.apache.ratis.thirdparty.io.grpc.internal.ClientCallImpl.access$300(ClientCallImpl.java:69)
	at org.apache.ratis.thirdparty.io.grpc.internal.ClientCallImpl$ClientStreamListenerImpl$1StreamClosed.runInternal(ClientCallImpl.java:802)
	at org.apache.ratis.thirdparty.io.grpc.internal.ClientCallImpl$ClientStreamListenerImpl$1StreamClosed.runInContext(ClientCallImpl.java:781)
	at org.apache.ratis.thirdparty.io.grpc.internal.ContextRunnable.run(ContextRunnable.java:37)
	at org.apache.ratis.thirdparty.io.grpc.internal.SerializingExecutor.run(SerializingExecutor.java:123)
	at java.util.concurrent.ThreadPoolExecutor.runWorker(ThreadPoolExecutor.java:1149)
	at java.util.concurrent.ThreadPoolExecutor$Worker.run(ThreadPoolExecutor.java:624)
	at java.lang.Thread.run(Thread.java:748)
2021-09-05 01:40:03,818 [ForkJoinPool.commonPool-worker-1] INFO  segmented.SegmentedRaftLogWorker (SegmentedRaftLogWorker.java:close(237)) - fdb9e53e-0679-45da-9a61-20e122f839df@group-A2597FCC6369-SegmentedRaftLogWorker close()
2021-09-05 01:40:03,818 [grpc-default-executor-5] WARN  server.GrpcLogAppender (GrpcLogAppender.java:resetClient(96)) - a394a97c-7848-4311-a24c-186851f6b492@group-9820ECCA99ED->aa0f76fc-0af9-4fba-891f-e6382fa98fe4-GrpcLogAppender: Failed to getClient for aa0f76fc-0af9-4fba-891f-e6382fa98fe4
org.apache.ratis.protocol.exceptions.AlreadyClosedException: a394a97c-7848-4311-a24c-186851f6b492 is already CLOSED
	at org.apache.ratis.util.PeerProxyMap$PeerAndProxy.getProxy(PeerProxyMap.java:60)
	at org.apache.ratis.util.PeerProxyMap.getProxy(PeerProxyMap.java:114)
	at org.apache.ratis.grpc.server.GrpcLogAppender.getClient(GrpcLogAppender.java:89)
	at org.apache.ratis.grpc.server.GrpcLogAppender.resetClient(GrpcLogAppender.java:94)
	at org.apache.ratis.grpc.server.GrpcLogAppender.access$500(GrpcLogAppender.java:53)
	at org.apache.ratis.grpc.server.GrpcLogAppender$AppendLogResponseHandler.onCompleted(GrpcLogAppender.java:345)
	at org.apache.ratis.thirdparty.io.grpc.stub.ClientCalls$StreamObserverToCallListenerAdapter.onClose(ClientCalls.java:476)
	at org.apache.ratis.thirdparty.io.grpc.internal.ClientCallImpl.closeObserver(ClientCallImpl.java:616)
	at org.apache.ratis.thirdparty.io.grpc.internal.ClientCallImpl.access$300(ClientCallImpl.java:69)
	at org.apache.ratis.thirdparty.io.grpc.internal.ClientCallImpl$ClientStreamListenerImpl$1StreamClosed.runInternal(ClientCallImpl.java:802)
	at org.apache.ratis.thirdparty.io.grpc.internal.ClientCallImpl$ClientStreamListenerImpl$1StreamClosed.runInContext(ClientCallImpl.java:781)
	at org.apache.ratis.thirdparty.io.grpc.internal.ContextRunnable.run(ContextRunnable.java:37)
	at org.apache.ratis.thirdparty.io.grpc.internal.SerializingExecutor.run(SerializingExecutor.java:123)
	at java.util.concurrent.ThreadPoolExecutor.runWorker(ThreadPoolExecutor.java:1149)
	at java.util.concurrent.ThreadPoolExecutor$Worker.run(ThreadPoolExecutor.java:624)
	at java.lang.Thread.run(Thread.java:748)
2021-09-05 01:40:03,864 [grpc-default-executor-5] INFO  leader.FollowerInfo (FollowerInfoImpl.java:lambda$new$0(46)) - a394a97c-7848-4311-a24c-186851f6b492@group-9820ECCA99ED->aa0f76fc-0af9-4fba-891f-e6382fa98fe4: nextIndex: updateUnconditionally 1 -> 0
2021-09-05 01:40:03,818 [grpc-default-executor-2] INFO  leader.FollowerInfo (FollowerInfoImpl.java:lambda$new$0(46)) - a394a97c-7848-4311-a24c-186851f6b492@group-9820ECCA99ED->455161ce-78be-4281-bc2a-a50d1cad5e43: nextIndex: updateUnconditionally 1 -> 0
2021-09-05 01:40:03,841 [grpc-default-executor-7] WARN  server.GrpcLogAppender (GrpcLogAppender.java:resetClient(111)) - 455161ce-78be-4281-bc2a-a50d1cad5e43@group-1C1C96E5B142->a394a97c-7848-4311-a24c-186851f6b492-GrpcLogAppender: Leader has not got in touch with Follower 455161ce-78be-4281-bc2a-a50d1cad5e43@group-1C1C96E5B142->a394a97c-7848-4311-a24c-186851f6b492(c0,m0,n1, attendVote=true, lastRpcSendTime=198, lastRpcResponseTime=2720) yet, just keep nextIndex unchanged and retry.
2021-09-05 01:40:03,820 [ForkJoinPool.commonPool-worker-1] INFO  server.RaftServer$Division (RaftServerImpl.java:lambda$close$4(407)) - fdb9e53e-0679-45da-9a61-20e122f839df@group-D22776684351: shutdown
2021-09-05 01:40:03,865 [ForkJoinPool.commonPool-worker-1] INFO  util.JmxRegister (JmxRegister.java:unregister(73)) - Successfully un-registered JMX Bean with object name Ratis:service=RaftServer,group=group-D22776684351,id=fdb9e53e-0679-45da-9a61-20e122f839df
2021-09-05 01:40:03,865 [ForkJoinPool.commonPool-worker-1] INFO  impl.RoleInfo (RoleInfo.java:shutdownLeaderState(91)) - fdb9e53e-0679-45da-9a61-20e122f839df: shutdown fdb9e53e-0679-45da-9a61-20e122f839df@group-D22776684351-LeaderStateImpl
2021-09-05 01:40:03,865 [ForkJoinPool.commonPool-worker-1] INFO  impl.PendingRequests (PendingRequests.java:sendNotLeaderResponses(282)) - fdb9e53e-0679-45da-9a61-20e122f839df@group-D22776684351-PendingRequests: sendNotLeaderResponses
2021-09-05 01:40:03,819 [org.apache.ratis.util.JvmPauseMonitor$$Lambda$531/1694950219@77bc2c10] INFO  util.JvmPauseMonitor (JvmPauseMonitor.java:run(109)) - JvmPauseMonitor-a394a97c-7848-4311-a24c-186851f6b492: Stopped
2021-09-05 01:40:03,875 [ForkJoinPool.commonPool-worker-1] INFO  impl.StateMachineUpdater (StateMachineUpdater.java:stopAndJoin(149)) - fdb9e53e-0679-45da-9a61-20e122f839df@group-D22776684351-StateMachineUpdater: set stopIndex = 12
2021-09-05 01:40:03,877 [fdb9e53e-0679-45da-9a61-20e122f839df@group-D22776684351-StateMachineUpdater] INFO  ratis.ContainerStateMachine (ContainerStateMachine.java:takeSnapshot(292)) - group-D22776684351: Taking a snapshot at:(t:1, i:12) file /home/runner/work/ozone/ozone/hadoop-ozone/integration-test/target/test-dir/MiniOzoneClusterImpl-37340386-36af-4fa8-9723-b8f583b28ff6/datanode-1/data/ratis/abc99c8d-4636-4361-928c-d22776684351/sm/snapshot.1_12
2021-09-05 01:40:03,879 [fdb9e53e-0679-45da-9a61-20e122f839df@group-D22776684351-StateMachineUpdater] INFO  ratis.ContainerStateMachine (ContainerStateMachine.java:takeSnapshot(303)) - group-D22776684351: Finished taking a snapshot at:(t:1, i:12) file:/home/runner/work/ozone/ozone/hadoop-ozone/integration-test/target/test-dir/MiniOzoneClusterImpl-37340386-36af-4fa8-9723-b8f583b28ff6/datanode-1/data/ratis/abc99c8d-4636-4361-928c-d22776684351/sm/snapshot.1_12 took: 2 ms
2021-09-05 01:40:03,879 [fdb9e53e-0679-45da-9a61-20e122f839df@group-D22776684351-StateMachineUpdater] INFO  impl.StateMachineUpdater (StateMachineUpdater.java:takeSnapshot(281)) - fdb9e53e-0679-45da-9a61-20e122f839df@group-D22776684351-StateMachineUpdater: Took a snapshot at index 12
2021-09-05 01:40:03,879 [fdb9e53e-0679-45da-9a61-20e122f839df@group-D22776684351-StateMachineUpdater] INFO  impl.StateMachineUpdater (StateMachineUpdater.java:lambda$new$0(89)) - fdb9e53e-0679-45da-9a61-20e122f839df@group-D22776684351-StateMachineUpdater: snapshotIndex: updateIncreasingly -1 -> 12
2021-09-05 01:40:03,880 [ForkJoinPool.commonPool-worker-1] INFO  server.RaftServer$Division (ServerState.java:close(419)) - fdb9e53e-0679-45da-9a61-20e122f839df@group-D22776684351: closes. applyIndex: 12
2021-09-05 01:40:03,881 [fdb9e53e-0679-45da-9a61-20e122f839df@group-D22776684351-SegmentedRaftLogWorker] INFO  segmented.SegmentedRaftLogWorker (SegmentedRaftLogWorker.java:run(327)) - fdb9e53e-0679-45da-9a61-20e122f839df@group-D22776684351-SegmentedRaftLogWorker was interrupted, exiting. There are 0 tasks remaining in the queue.
2021-09-05 01:40:03,882 [ForkJoinPool.commonPool-worker-1] INFO  segmented.SegmentedRaftLogWorker (SegmentedRaftLogWorker.java:close(237)) - fdb9e53e-0679-45da-9a61-20e122f839df@group-D22776684351-SegmentedRaftLogWorker close()
2021-09-05 01:40:03,882 [ForkJoinPool.commonPool-worker-1] INFO  server.RaftServer$Division (RaftServerImpl.java:lambda$close$4(407)) - fdb9e53e-0679-45da-9a61-20e122f839df@group-A2164613B897: shutdown
2021-09-05 01:40:03,882 [ForkJoinPool.commonPool-worker-1] INFO  util.JmxRegister (JmxRegister.java:unregister(73)) - Successfully un-registered JMX Bean with object name Ratis:service=RaftServer,group=group-A2164613B897,id=fdb9e53e-0679-45da-9a61-20e122f839df
2021-09-05 01:40:03,882 [ForkJoinPool.commonPool-worker-1] INFO  impl.RoleInfo (RoleInfo.java:shutdownFollowerState(108)) - fdb9e53e-0679-45da-9a61-20e122f839df: shutdown fdb9e53e-0679-45da-9a61-20e122f839df@group-A2164613B897-FollowerState
2021-09-05 01:40:03,882 [fdb9e53e-0679-45da-9a61-20e122f839df@group-A2164613B897-FollowerState] INFO  impl.FollowerState (FollowerState.java:run(143)) - fdb9e53e-0679-45da-9a61-20e122f839df@group-A2164613B897-FollowerState was interrupted: {}
java.lang.InterruptedException: sleep interrupted
	at java.lang.Thread.sleep(Native Method)
	at java.lang.Thread.sleep(Thread.java:340)
	at java.util.concurrent.TimeUnit.sleep(TimeUnit.java:386)
	at org.apache.ratis.util.TimeDuration.sleep(TimeDuration.java:324)
	at org.apache.ratis.util.TimeDuration.sleep(TimeDuration.java:309)
	at org.apache.ratis.server.impl.FollowerState.run(FollowerState.java:118)
2021-09-05 01:40:03,883 [ForkJoinPool.commonPool-worker-1] INFO  impl.StateMachineUpdater (StateMachineUpdater.java:stopAndJoin(149)) - fdb9e53e-0679-45da-9a61-20e122f839df@group-A2164613B897-StateMachineUpdater: set stopIndex = -1
2021-09-05 01:40:03,883 [ForkJoinPool.commonPool-worker-1] INFO  server.RaftServer$Division (ServerState.java:close(419)) - fdb9e53e-0679-45da-9a61-20e122f839df@group-A2164613B897: closes. applyIndex: -1
2021-09-05 01:40:03,883 [fdb9e53e-0679-45da-9a61-20e122f839df@group-A2164613B897-SegmentedRaftLogWorker] INFO  segmented.SegmentedRaftLogWorker (SegmentedRaftLogWorker.java:run(327)) - fdb9e53e-0679-45da-9a61-20e122f839df@group-A2164613B897-SegmentedRaftLogWorker was interrupted, exiting. There are 0 tasks remaining in the queue.
2021-09-05 01:40:03,883 [ForkJoinPool.commonPool-worker-1] INFO  segmented.SegmentedRaftLogWorker (SegmentedRaftLogWorker.java:close(237)) - fdb9e53e-0679-45da-9a61-20e122f839df@group-A2164613B897-SegmentedRaftLogWorker close()
2021-09-05 01:40:03,884 [ForkJoinPool.commonPool-worker-1] INFO  server.GrpcService (GrpcService.java:closeImpl(262)) - fdb9e53e-0679-45da-9a61-20e122f839df: shutdown server with port 40867 now
2021-09-05 01:40:03,889 [ForkJoinPool.commonPool-worker-1] INFO  server.GrpcService (GrpcService.java:closeImpl(271)) - fdb9e53e-0679-45da-9a61-20e122f839df: shutdown server with port 40867 successfully
2021-09-05 01:40:03,891 [org.apache.ratis.util.JvmPauseMonitor$$Lambda$531/1694950219@19717019] INFO  util.JvmPauseMonitor (JvmPauseMonitor.java:run(109)) - JvmPauseMonitor-fdb9e53e-0679-45da-9a61-20e122f839df: Stopped
2021-09-05 01:40:03,909 [Listener at 127.0.0.1/33945] INFO  utils.BackgroundService (BackgroundService.java:shutdown(132)) - Shutting down service BlockDeletingService
2021-09-05 01:40:03,982 [ForkJoinPool.commonPool-worker-1] INFO  utils.BackgroundService (BackgroundService.java:shutdown(132)) - Shutting down service BlockDeletingService
2021-09-05 01:40:04,024 [cff69f77-ea12-413c-a988-d2a44a5ca406@group-A2597FCC6369-FollowerState] INFO  impl.FollowerState (FollowerState.java:run(134)) - cff69f77-ea12-413c-a988-d2a44a5ca406@group-A2597FCC6369-FollowerState: change to CANDIDATE, lastRpcElapsedTime:5099225113ns, electionTimeout:5076ms
2021-09-05 01:40:04,024 [cff69f77-ea12-413c-a988-d2a44a5ca406@group-A2597FCC6369-FollowerState] INFO  impl.RoleInfo (RoleInfo.java:shutdownFollowerState(108)) - cff69f77-ea12-413c-a988-d2a44a5ca406: shutdown cff69f77-ea12-413c-a988-d2a44a5ca406@group-A2597FCC6369-FollowerState
2021-09-05 01:40:04,024 [cff69f77-ea12-413c-a988-d2a44a5ca406@group-A2597FCC6369-FollowerState] INFO  server.RaftServer$Division (RaftServerImpl.java:setRole(285)) - cff69f77-ea12-413c-a988-d2a44a5ca406@group-A2597FCC6369: changes role from  FOLLOWER to CANDIDATE at term 0 for changeToCandidate
2021-09-05 01:40:04,024 [cff69f77-ea12-413c-a988-d2a44a5ca406@group-A2597FCC6369-FollowerState] INFO  server.RaftServerConfigKeys (ConfUtils.java:logGet(44)) - raft.server.leaderelection.pre-vote = false (custom)
2021-09-05 01:40:04,024 [cff69f77-ea12-413c-a988-d2a44a5ca406@group-A2597FCC6369-FollowerState] INFO  impl.RoleInfo (RoleInfo.java:updateAndGet(130)) - cff69f77-ea12-413c-a988-d2a44a5ca406: start cff69f77-ea12-413c-a988-d2a44a5ca406@group-A2597FCC6369-LeaderElection116
2021-09-05 01:40:04,027 [54b0752d-9f85-41d1-82b7-176712dc42d8@group-17CA38D5857E-FollowerState] INFO  impl.FollowerState (FollowerState.java:run(134)) - 54b0752d-9f85-41d1-82b7-176712dc42d8@group-17CA38D5857E-FollowerState: change to CANDIDATE, lastRpcElapsedTime:5201878550ns, electionTimeout:5125ms
2021-09-05 01:40:04,027 [54b0752d-9f85-41d1-82b7-176712dc42d8@group-17CA38D5857E-FollowerState] INFO  impl.RoleInfo (RoleInfo.java:shutdownFollowerState(108)) - 54b0752d-9f85-41d1-82b7-176712dc42d8: shutdown 54b0752d-9f85-41d1-82b7-176712dc42d8@group-17CA38D5857E-FollowerState
2021-09-05 01:40:04,027 [54b0752d-9f85-41d1-82b7-176712dc42d8@group-17CA38D5857E-FollowerState] INFO  server.RaftServer$Division (RaftServerImpl.java:setRole(285)) - 54b0752d-9f85-41d1-82b7-176712dc42d8@group-17CA38D5857E: changes role from  FOLLOWER to CANDIDATE at term 0 for changeToCandidate
2021-09-05 01:40:04,057 [54b0752d-9f85-41d1-82b7-176712dc42d8@group-17CA38D5857E-FollowerState] INFO  server.RaftServerConfigKeys (ConfUtils.java:logGet(44)) - raft.server.leaderelection.pre-vote = false (custom)
2021-09-05 01:40:04,057 [54b0752d-9f85-41d1-82b7-176712dc42d8@group-17CA38D5857E-FollowerState] INFO  impl.RoleInfo (RoleInfo.java:updateAndGet(130)) - 54b0752d-9f85-41d1-82b7-176712dc42d8: start 54b0752d-9f85-41d1-82b7-176712dc42d8@group-17CA38D5857E-LeaderElection117
2021-09-05 01:40:04,077 [cff69f77-ea12-413c-a988-d2a44a5ca406@group-A2597FCC6369-LeaderElection116] INFO  impl.LeaderElection (LeaderElection.java:askForVotes(306)) - cff69f77-ea12-413c-a988-d2a44a5ca406@group-A2597FCC6369-LeaderElection116 ELECTION round 0: submit vote requests at term 1 for -1: [fdb9e53e-0679-45da-9a61-20e122f839df|rpc:10.1.0.25:40867|priority:0, cff69f77-ea12-413c-a988-d2a44a5ca406|rpc:10.1.0.25:34387|priority:1, be41d154-e08a-4361-999c-a2746058d00f|rpc:10.1.0.25:33043|priority:0], old=null
2021-09-05 01:40:04,078 [be41d154-e08a-4361-999c-a2746058d00f@group-17CA38D5857E-FollowerState] INFO  impl.FollowerState (FollowerState.java:run(134)) - be41d154-e08a-4361-999c-a2746058d00f@group-17CA38D5857E-FollowerState: change to CANDIDATE, lastRpcElapsedTime:5114884846ns, electionTimeout:5070ms
2021-09-05 01:40:04,079 [be41d154-e08a-4361-999c-a2746058d00f@group-17CA38D5857E-FollowerState] INFO  impl.RoleInfo (RoleInfo.java:shutdownFollowerState(108)) - be41d154-e08a-4361-999c-a2746058d00f: shutdown be41d154-e08a-4361-999c-a2746058d00f@group-17CA38D5857E-FollowerState
2021-09-05 01:40:04,079 [be41d154-e08a-4361-999c-a2746058d00f@group-17CA38D5857E-FollowerState] INFO  server.RaftServer$Division (RaftServerImpl.java:setRole(285)) - be41d154-e08a-4361-999c-a2746058d00f@group-17CA38D5857E: changes role from  FOLLOWER to CANDIDATE at term 0 for changeToCandidate
2021-09-05 01:40:04,113 [be41d154-e08a-4361-999c-a2746058d00f@group-17CA38D5857E-FollowerState] INFO  server.RaftServerConfigKeys (ConfUtils.java:logGet(44)) - raft.server.leaderelection.pre-vote = false (custom)
2021-09-05 01:40:04,114 [be41d154-e08a-4361-999c-a2746058d00f@group-17CA38D5857E-FollowerState] INFO  impl.RoleInfo (RoleInfo.java:updateAndGet(130)) - be41d154-e08a-4361-999c-a2746058d00f: start be41d154-e08a-4361-999c-a2746058d00f@group-17CA38D5857E-LeaderElection118
2021-09-05 01:40:04,165 [cff69f77-ea12-413c-a988-d2a44a5ca406@group-A2597FCC6369-LeaderElection116] INFO  impl.LeaderElection (LogUtils.java:infoOrTrace(137)) - cff69f77-ea12-413c-a988-d2a44a5ca406@group-A2597FCC6369-LeaderElection116 got exception when requesting votes: java.util.concurrent.ExecutionException: org.apache.ratis.thirdparty.io.grpc.StatusRuntimeException: UNAVAILABLE: io exception
2021-09-05 01:40:04,173 [54b0752d-9f85-41d1-82b7-176712dc42d8@group-17CA38D5857E-LeaderElection117] INFO  impl.LeaderElection (LeaderElection.java:askForVotes(306)) - 54b0752d-9f85-41d1-82b7-176712dc42d8@group-17CA38D5857E-LeaderElection117 ELECTION round 0: submit vote requests at term 1 for -1: [fdb9e53e-0679-45da-9a61-20e122f839df|rpc:10.1.0.25:40867|priority:0, be41d154-e08a-4361-999c-a2746058d00f|rpc:10.1.0.25:33043|priority:1, 54b0752d-9f85-41d1-82b7-176712dc42d8|rpc:10.1.0.25:45159|priority:0], old=null
2021-09-05 01:40:04,253 [be41d154-e08a-4361-999c-a2746058d00f@group-17CA38D5857E-LeaderElection118] INFO  impl.LeaderElection (LeaderElection.java:askForVotes(306)) - be41d154-e08a-4361-999c-a2746058d00f@group-17CA38D5857E-LeaderElection118 ELECTION round 0: submit vote requests at term 1 for -1: [fdb9e53e-0679-45da-9a61-20e122f839df|rpc:10.1.0.25:40867|priority:0, be41d154-e08a-4361-999c-a2746058d00f|rpc:10.1.0.25:33043|priority:1, 54b0752d-9f85-41d1-82b7-176712dc42d8|rpc:10.1.0.25:45159|priority:0], old=null
2021-09-05 01:40:04,238 [grpc-default-executor-7] INFO  server.RaftServer$Division (RaftServerImpl.java:requestVote(1043)) - be41d154-e08a-4361-999c-a2746058d00f@group-A2597FCC6369: receive requestVote(ELECTION, cff69f77-ea12-413c-a988-d2a44a5ca406, group-A2597FCC6369, 1, (t:0, i:0))
2021-09-05 01:40:04,235 [be41d154-e08a-4361-999c-a2746058d00f@group-A2597FCC6369-FollowerState] INFO  impl.FollowerState (FollowerState.java:run(134)) - be41d154-e08a-4361-999c-a2746058d00f@group-A2597FCC6369-FollowerState: change to CANDIDATE, lastRpcElapsedTime:5153170917ns, electionTimeout:5106ms
2021-09-05 01:40:04,256 [be41d154-e08a-4361-999c-a2746058d00f@group-A2597FCC6369-FollowerState] INFO  impl.RoleInfo (RoleInfo.java:shutdownFollowerState(108)) - be41d154-e08a-4361-999c-a2746058d00f: shutdown be41d154-e08a-4361-999c-a2746058d00f@group-A2597FCC6369-FollowerState
2021-09-05 01:40:04,256 [be41d154-e08a-4361-999c-a2746058d00f@group-A2597FCC6369-FollowerState] INFO  server.RaftServer$Division (RaftServerImpl.java:setRole(285)) - be41d154-e08a-4361-999c-a2746058d00f@group-A2597FCC6369: changes role from  FOLLOWER to CANDIDATE at term 0 for changeToCandidate
2021-09-05 01:40:04,290 [be41d154-e08a-4361-999c-a2746058d00f@group-A2597FCC6369-FollowerState] INFO  server.RaftServerConfigKeys (ConfUtils.java:logGet(44)) - raft.server.leaderelection.pre-vote = false (custom)
2021-09-05 01:40:04,290 [be41d154-e08a-4361-999c-a2746058d00f@group-A2597FCC6369-FollowerState] INFO  impl.RoleInfo (RoleInfo.java:updateAndGet(130)) - be41d154-e08a-4361-999c-a2746058d00f: start be41d154-e08a-4361-999c-a2746058d00f@group-A2597FCC6369-LeaderElection119
2021-09-05 01:40:04,322 [grpc-default-executor-2] INFO  server.RaftServer$Division (RaftServerImpl.java:requestVote(1043)) - be41d154-e08a-4361-999c-a2746058d00f@group-17CA38D5857E: receive requestVote(ELECTION, 54b0752d-9f85-41d1-82b7-176712dc42d8, group-17CA38D5857E, 1, (t:0, i:0))
2021-09-05 01:40:04,323 [grpc-default-executor-2] INFO  impl.VoteContext (VoteContext.java:log(48)) - be41d154-e08a-4361-999c-a2746058d00f@group-17CA38D5857E-CANDIDATE: reject ELECTION from 54b0752d-9f85-41d1-82b7-176712dc42d8: already has voted for be41d154-e08a-4361-999c-a2746058d00f at current term 1
2021-09-05 01:40:04,323 [grpc-default-executor-2] INFO  server.RaftServer$Division (RaftServerImpl.java:requestVote(1075)) - be41d154-e08a-4361-999c-a2746058d00f@group-17CA38D5857E replies to ELECTION vote request: 54b0752d-9f85-41d1-82b7-176712dc42d8<-be41d154-e08a-4361-999c-a2746058d00f#0:FAIL-t1. Peer's state: be41d154-e08a-4361-999c-a2746058d00f@group-17CA38D5857E:t1, leader=null, voted=be41d154-e08a-4361-999c-a2746058d00f, raftlog=be41d154-e08a-4361-999c-a2746058d00f@group-17CA38D5857E-SegmentedRaftLog:OPENED:c-1,f-1,i0, conf=-1: [fdb9e53e-0679-45da-9a61-20e122f839df|rpc:10.1.0.25:40867|priority:0, be41d154-e08a-4361-999c-a2746058d00f|rpc:10.1.0.25:33043|priority:1, 54b0752d-9f85-41d1-82b7-176712dc42d8|rpc:10.1.0.25:45159|priority:0], old=null
2021-09-05 01:40:04,325 [grpc-default-executor-7] INFO  impl.VoteContext (VoteContext.java:log(48)) - be41d154-e08a-4361-999c-a2746058d00f@group-A2597FCC6369-CANDIDATE: accept ELECTION from cff69f77-ea12-413c-a988-d2a44a5ca406: our priority 0 <= candidate's priority 1
2021-09-05 01:40:04,325 [grpc-default-executor-7] INFO  server.RaftServer$Division (RaftServerImpl.java:setRole(285)) - be41d154-e08a-4361-999c-a2746058d00f@group-A2597FCC6369: changes role from CANDIDATE to FOLLOWER at term 1 for candidate:cff69f77-ea12-413c-a988-d2a44a5ca406
2021-09-05 01:40:04,325 [grpc-default-executor-7] INFO  impl.RoleInfo (RoleInfo.java:shutdownLeaderElection(121)) - be41d154-e08a-4361-999c-a2746058d00f: shutdown be41d154-e08a-4361-999c-a2746058d00f@group-A2597FCC6369-LeaderElection119
2021-09-05 01:40:04,325 [grpc-default-executor-7] INFO  impl.RoleInfo (RoleInfo.java:updateAndGet(130)) - be41d154-e08a-4361-999c-a2746058d00f: start be41d154-e08a-4361-999c-a2746058d00f@group-A2597FCC6369-FollowerState
2021-09-05 01:40:04,326 [be41d154-e08a-4361-999c-a2746058d00f@group-A2597FCC6369-LeaderElection119] INFO  impl.LeaderElection (LeaderElection.java:run(230)) - be41d154-e08a-4361-999c-a2746058d00f@group-A2597FCC6369-LeaderElection119: skip running since this is already CLOSING
2021-09-05 01:40:04,334 [be41d154-e08a-4361-999c-a2746058d00f@group-17CA38D5857E-LeaderElection118] INFO  impl.LeaderElection (LogUtils.java:infoOrTrace(137)) - be41d154-e08a-4361-999c-a2746058d00f@group-17CA38D5857E-LeaderElection118 got exception when requesting votes: java.util.concurrent.ExecutionException: org.apache.ratis.thirdparty.io.grpc.StatusRuntimeException: UNAVAILABLE: io exception
2021-09-05 01:40:04,335 [grpc-default-executor-7] INFO  server.RaftServer$Division (RaftServerImpl.java:requestVote(1075)) - be41d154-e08a-4361-999c-a2746058d00f@group-A2597FCC6369 replies to ELECTION vote request: cff69f77-ea12-413c-a988-d2a44a5ca406<-be41d154-e08a-4361-999c-a2746058d00f#0:OK-t1. Peer's state: be41d154-e08a-4361-999c-a2746058d00f@group-A2597FCC6369:t1, leader=null, voted=cff69f77-ea12-413c-a988-d2a44a5ca406, raftlog=be41d154-e08a-4361-999c-a2746058d00f@group-A2597FCC6369-SegmentedRaftLog:OPENED:c-1,f-1,i0, conf=-1: [fdb9e53e-0679-45da-9a61-20e122f839df|rpc:10.1.0.25:40867|dataStream:|priority:0, cff69f77-ea12-413c-a988-d2a44a5ca406|rpc:10.1.0.25:34387|dataStream:|priority:1, be41d154-e08a-4361-999c-a2746058d00f|rpc:10.1.0.25:33043|dataStream:|priority:0], old=null
2021-09-05 01:40:04,383 [54b0752d-9f85-41d1-82b7-176712dc42d8@group-17CA38D5857E-LeaderElection117] INFO  impl.LeaderElection (LogUtils.java:infoOrTrace(137)) - 54b0752d-9f85-41d1-82b7-176712dc42d8@group-17CA38D5857E-LeaderElection117 got exception when requesting votes: java.util.concurrent.ExecutionException: org.apache.ratis.thirdparty.io.grpc.StatusRuntimeException: UNAVAILABLE: io exception
2021-09-05 01:40:04,383 [54b0752d-9f85-41d1-82b7-176712dc42d8@group-17CA38D5857E-LeaderElection117] INFO  impl.LeaderElection (LeaderElection.java:logAndReturn(89)) - 54b0752d-9f85-41d1-82b7-176712dc42d8@group-17CA38D5857E-LeaderElection117: ELECTION REJECTED received 1 response(s) and 1 exception(s):
2021-09-05 01:40:04,383 [54b0752d-9f85-41d1-82b7-176712dc42d8@group-17CA38D5857E-LeaderElection117] INFO  impl.LeaderElection (LeaderElection.java:logAndReturn(93)) -   Response 0: 54b0752d-9f85-41d1-82b7-176712dc42d8<-be41d154-e08a-4361-999c-a2746058d00f#0:FAIL-t1
2021-09-05 01:40:04,384 [54b0752d-9f85-41d1-82b7-176712dc42d8@group-17CA38D5857E-LeaderElection117] INFO  impl.LeaderElection (LogUtils.java:infoOrTrace(137)) -   Exception 1: java.util.concurrent.ExecutionException: org.apache.ratis.thirdparty.io.grpc.StatusRuntimeException: UNAVAILABLE: io exception
2021-09-05 01:40:04,384 [54b0752d-9f85-41d1-82b7-176712dc42d8@group-17CA38D5857E-LeaderElection117] INFO  impl.LeaderElection (LeaderElection.java:askForVotes(308)) - 54b0752d-9f85-41d1-82b7-176712dc42d8@group-17CA38D5857E-LeaderElection117 ELECTION round 0: result REJECTED
2021-09-05 01:40:04,384 [54b0752d-9f85-41d1-82b7-176712dc42d8@group-17CA38D5857E-LeaderElection117] INFO  server.RaftServer$Division (RaftServerImpl.java:setRole(285)) - 54b0752d-9f85-41d1-82b7-176712dc42d8@group-17CA38D5857E: changes role from CANDIDATE to FOLLOWER at term 1 for REJECTED
2021-09-05 01:40:04,384 [54b0752d-9f85-41d1-82b7-176712dc42d8@group-17CA38D5857E-LeaderElection117] INFO  impl.RoleInfo (RoleInfo.java:shutdownLeaderElection(121)) - 54b0752d-9f85-41d1-82b7-176712dc42d8: shutdown 54b0752d-9f85-41d1-82b7-176712dc42d8@group-17CA38D5857E-LeaderElection117
2021-09-05 01:40:04,384 [54b0752d-9f85-41d1-82b7-176712dc42d8@group-17CA38D5857E-LeaderElection117] INFO  impl.RoleInfo (RoleInfo.java:updateAndGet(130)) - 54b0752d-9f85-41d1-82b7-176712dc42d8: start 54b0752d-9f85-41d1-82b7-176712dc42d8@group-17CA38D5857E-FollowerState
2021-09-05 01:40:04,390 [grpc-default-executor-7] INFO  server.RaftServer$Division (RaftServerImpl.java:requestVote(1043)) - 54b0752d-9f85-41d1-82b7-176712dc42d8@group-17CA38D5857E: receive requestVote(ELECTION, be41d154-e08a-4361-999c-a2746058d00f, group-17CA38D5857E, 1, (t:0, i:0))
2021-09-05 01:40:04,397 [grpc-default-executor-7] INFO  impl.VoteContext (VoteContext.java:log(48)) - 54b0752d-9f85-41d1-82b7-176712dc42d8@group-17CA38D5857E-FOLLOWER: reject ELECTION from be41d154-e08a-4361-999c-a2746058d00f: already has voted for 54b0752d-9f85-41d1-82b7-176712dc42d8 at current term 1
2021-09-05 01:40:04,397 [grpc-default-executor-7] INFO  server.RaftServer$Division (RaftServerImpl.java:requestVote(1075)) - 54b0752d-9f85-41d1-82b7-176712dc42d8@group-17CA38D5857E replies to ELECTION vote request: be41d154-e08a-4361-999c-a2746058d00f<-54b0752d-9f85-41d1-82b7-176712dc42d8#0:FAIL-t1. Peer's state: 54b0752d-9f85-41d1-82b7-176712dc42d8@group-17CA38D5857E:t1, leader=null, voted=54b0752d-9f85-41d1-82b7-176712dc42d8, raftlog=54b0752d-9f85-41d1-82b7-176712dc42d8@group-17CA38D5857E-SegmentedRaftLog:OPENED:c-1,f-1,i0, conf=-1: [fdb9e53e-0679-45da-9a61-20e122f839df|rpc:10.1.0.25:40867|priority:0, be41d154-e08a-4361-999c-a2746058d00f|rpc:10.1.0.25:33043|priority:1, 54b0752d-9f85-41d1-82b7-176712dc42d8|rpc:10.1.0.25:45159|priority:0], old=null
2021-09-05 01:40:04,398 [be41d154-e08a-4361-999c-a2746058d00f@group-17CA38D5857E-LeaderElection118] INFO  impl.LeaderElection (LeaderElection.java:logAndReturn(89)) - be41d154-e08a-4361-999c-a2746058d00f@group-17CA38D5857E-LeaderElection118: ELECTION REJECTED received 1 response(s) and 1 exception(s):
2021-09-05 01:40:04,398 [be41d154-e08a-4361-999c-a2746058d00f@group-17CA38D5857E-LeaderElection118] INFO  impl.LeaderElection (LeaderElection.java:logAndReturn(93)) -   Response 0: be41d154-e08a-4361-999c-a2746058d00f<-54b0752d-9f85-41d1-82b7-176712dc42d8#0:FAIL-t1
2021-09-05 01:40:04,398 [be41d154-e08a-4361-999c-a2746058d00f@group-17CA38D5857E-LeaderElection118] INFO  impl.LeaderElection (LogUtils.java:infoOrTrace(137)) -   Exception 1: java.util.concurrent.ExecutionException: org.apache.ratis.thirdparty.io.grpc.StatusRuntimeException: UNAVAILABLE: io exception
2021-09-05 01:40:04,398 [be41d154-e08a-4361-999c-a2746058d00f@group-17CA38D5857E-LeaderElection118] INFO  impl.LeaderElection (LeaderElection.java:askForVotes(308)) - be41d154-e08a-4361-999c-a2746058d00f@group-17CA38D5857E-LeaderElection118 ELECTION round 0: result REJECTED
2021-09-05 01:40:04,398 [be41d154-e08a-4361-999c-a2746058d00f@group-17CA38D5857E-LeaderElection118] INFO  server.RaftServer$Division (RaftServerImpl.java:setRole(285)) - be41d154-e08a-4361-999c-a2746058d00f@group-17CA38D5857E: changes role from CANDIDATE to FOLLOWER at term 1 for REJECTED
2021-09-05 01:40:04,398 [be41d154-e08a-4361-999c-a2746058d00f@group-17CA38D5857E-LeaderElection118] INFO  impl.RoleInfo (RoleInfo.java:shutdownLeaderElection(121)) - be41d154-e08a-4361-999c-a2746058d00f: shutdown be41d154-e08a-4361-999c-a2746058d00f@group-17CA38D5857E-LeaderElection118
2021-09-05 01:40:04,398 [be41d154-e08a-4361-999c-a2746058d00f@group-17CA38D5857E-LeaderElection118] INFO  impl.RoleInfo (RoleInfo.java:updateAndGet(130)) - be41d154-e08a-4361-999c-a2746058d00f: start be41d154-e08a-4361-999c-a2746058d00f@group-17CA38D5857E-FollowerState
2021-09-05 01:40:04,399 [cff69f77-ea12-413c-a988-d2a44a5ca406@group-A2597FCC6369-LeaderElection116] INFO  impl.LeaderElection (LeaderElection.java:logAndReturn(89)) - cff69f77-ea12-413c-a988-d2a44a5ca406@group-A2597FCC6369-LeaderElection116: ELECTION PASSED received 1 response(s) and 1 exception(s):
2021-09-05 01:40:04,399 [cff69f77-ea12-413c-a988-d2a44a5ca406@group-A2597FCC6369-LeaderElection116] INFO  impl.LeaderElection (LeaderElection.java:logAndReturn(93)) -   Response 0: cff69f77-ea12-413c-a988-d2a44a5ca406<-be41d154-e08a-4361-999c-a2746058d00f#0:OK-t1
2021-09-05 01:40:04,399 [cff69f77-ea12-413c-a988-d2a44a5ca406@group-A2597FCC6369-LeaderElection116] INFO  impl.LeaderElection (LogUtils.java:infoOrTrace(137)) -   Exception 1: java.util.concurrent.ExecutionException: org.apache.ratis.thirdparty.io.grpc.StatusRuntimeException: UNAVAILABLE: io exception
2021-09-05 01:40:04,399 [cff69f77-ea12-413c-a988-d2a44a5ca406@group-A2597FCC6369-LeaderElection116] INFO  impl.LeaderElection (LeaderElection.java:askForVotes(308)) - cff69f77-ea12-413c-a988-d2a44a5ca406@group-A2597FCC6369-LeaderElection116 ELECTION round 0: result PASSED
2021-09-05 01:40:04,399 [cff69f77-ea12-413c-a988-d2a44a5ca406@group-A2597FCC6369-LeaderElection116] INFO  impl.RoleInfo (RoleInfo.java:shutdownLeaderElection(121)) - cff69f77-ea12-413c-a988-d2a44a5ca406: shutdown cff69f77-ea12-413c-a988-d2a44a5ca406@group-A2597FCC6369-LeaderElection116
2021-09-05 01:40:04,399 [cff69f77-ea12-413c-a988-d2a44a5ca406@group-A2597FCC6369-LeaderElection116] INFO  server.RaftServer$Division (RaftServerImpl.java:setRole(285)) - cff69f77-ea12-413c-a988-d2a44a5ca406@group-A2597FCC6369: changes role from CANDIDATE to LEADER at term 1 for changeToLeader
2021-09-05 01:40:04,399 [cff69f77-ea12-413c-a988-d2a44a5ca406@group-A2597FCC6369-LeaderElection116] INFO  ratis.XceiverServerRatis (XceiverServerRatis.java:handleLeaderChangedNotification(861)) - Leader change notification received for group: group-A2597FCC6369 with new leaderId: cff69f77-ea12-413c-a988-d2a44a5ca406
2021-09-05 01:40:04,400 [cff69f77-ea12-413c-a988-d2a44a5ca406@group-A2597FCC6369-LeaderElection116] INFO  server.RaftServer$Division (ServerState.java:setLeader(285)) - cff69f77-ea12-413c-a988-d2a44a5ca406@group-A2597FCC6369: change Leader from null to cff69f77-ea12-413c-a988-d2a44a5ca406 at term 1 for becomeLeader, leader elected after 5571ms
2021-09-05 01:40:04,400 [cff69f77-ea12-413c-a988-d2a44a5ca406@group-A2597FCC6369-LeaderElection116] INFO  server.RaftServerConfigKeys (ConfUtils.java:logGet(44)) - raft.server.staging.catchup.gap = 1000 (default)
2021-09-05 01:40:04,400 [cff69f77-ea12-413c-a988-d2a44a5ca406@group-A2597FCC6369-LeaderElection116] INFO  server.RaftServerConfigKeys (ConfUtils.java:logGet(44)) - raft.server.write.element-limit = 1024 (custom)
2021-09-05 01:40:04,400 [cff69f77-ea12-413c-a988-d2a44a5ca406@group-A2597FCC6369-LeaderElection116] INFO  server.RaftServerConfigKeys (ConfUtils.java:logGet(44)) - raft.server.write.byte-limit = 1024 M (=1073741824) (custom)
2021-09-05 01:40:04,400 [cff69f77-ea12-413c-a988-d2a44a5ca406@group-A2597FCC6369-LeaderElection116] INFO  server.RaftServerConfigKeys (ConfUtils.java:logGet(44)) - raft.server.watch.timeout = 3000ms (custom)
2021-09-05 01:40:04,400 [cff69f77-ea12-413c-a988-d2a44a5ca406@group-A2597FCC6369-LeaderElection116] INFO  server.RaftServerConfigKeys (ConfUtils.java:logGet(44)) - raft.server.watch.timeout.denomination = 1s (default)
2021-09-05 01:40:04,400 [cff69f77-ea12-413c-a988-d2a44a5ca406@group-A2597FCC6369-LeaderElection116] INFO  server.RaftServerConfigKeys (ConfUtils.java:logGet(44)) - raft.server.watch.element-limit = 65536 (default)
2021-09-05 01:40:04,400 [cff69f77-ea12-413c-a988-d2a44a5ca406@group-A2597FCC6369-LeaderElection116] INFO  server.RaftServerConfigKeys (ConfUtils.java:logGet(44)) - raft.server.log.appender.snapshot.chunk.size.max = 16MB (=16777216) (default)
2021-09-05 01:40:04,401 [cff69f77-ea12-413c-a988-d2a44a5ca406@group-A2597FCC6369-LeaderElection116] INFO  server.RaftServerConfigKeys (ConfUtils.java:logGet(44)) - raft.server.log.appender.buffer.byte-limit = 33554432 (custom)
2021-09-05 01:40:04,401 [cff69f77-ea12-413c-a988-d2a44a5ca406@group-A2597FCC6369-LeaderElection116] INFO  server.RaftServerConfigKeys (ConfUtils.java:logGet(44)) - raft.server.log.appender.buffer.element-limit = 1 (custom)
2021-09-05 01:40:04,401 [cff69f77-ea12-413c-a988-d2a44a5ca406@group-A2597FCC6369-LeaderElection116] INFO  grpc.GrpcConfigKeys (ConfUtils.java:logGet(44)) - raft.grpc.server.leader.outstanding.appends.max = 128 (default)
2021-09-05 01:40:04,401 [cff69f77-ea12-413c-a988-d2a44a5ca406@group-A2597FCC6369-LeaderElection116] INFO  server.RaftServerConfigKeys (ConfUtils.java:logGet(44)) - raft.server.rpc.request.timeout = 3000ms (default)
2021-09-05 01:40:04,401 [cff69f77-ea12-413c-a988-d2a44a5ca406@group-A2597FCC6369-LeaderElection116] INFO  server.RaftServerConfigKeys (ConfUtils.java:logGet(44)) - raft.server.log.appender.install.snapshot.enabled = false (custom)
2021-09-05 01:40:04,402 [cff69f77-ea12-413c-a988-d2a44a5ca406@group-A2597FCC6369-LeaderElection116] INFO  server.RaftServerConfigKeys (ConfUtils.java:logGet(44)) - raft.server.log.appender.snapshot.chunk.size.max = 16MB (=16777216) (default)
2021-09-05 01:40:04,403 [cff69f77-ea12-413c-a988-d2a44a5ca406@group-A2597FCC6369-LeaderElection116] INFO  server.RaftServerConfigKeys (ConfUtils.java:logGet(44)) - raft.server.log.appender.buffer.byte-limit = 33554432 (custom)
2021-09-05 01:40:04,403 [cff69f77-ea12-413c-a988-d2a44a5ca406@group-A2597FCC6369-LeaderElection116] INFO  server.RaftServerConfigKeys (ConfUtils.java:logGet(44)) - raft.server.log.appender.buffer.element-limit = 1 (custom)
2021-09-05 01:40:04,403 [cff69f77-ea12-413c-a988-d2a44a5ca406@group-A2597FCC6369-LeaderElection116] INFO  grpc.GrpcConfigKeys (ConfUtils.java:logGet(44)) - raft.grpc.server.leader.outstanding.appends.max = 128 (default)
2021-09-05 01:40:04,403 [cff69f77-ea12-413c-a988-d2a44a5ca406@group-A2597FCC6369-LeaderElection116] INFO  server.RaftServerConfigKeys (ConfUtils.java:logGet(44)) - raft.server.rpc.request.timeout = 3000ms (default)
2021-09-05 01:40:04,403 [cff69f77-ea12-413c-a988-d2a44a5ca406@group-A2597FCC6369-LeaderElection116] INFO  server.RaftServerConfigKeys (ConfUtils.java:logGet(44)) - raft.server.log.appender.install.snapshot.enabled = false (custom)
2021-09-05 01:40:04,404 [54b0752d-9f85-41d1-82b7-176712dc42d8@group-DB0C5756557F-FollowerState] INFO  impl.FollowerState (FollowerState.java:run(134)) - 54b0752d-9f85-41d1-82b7-176712dc42d8@group-DB0C5756557F-FollowerState: change to CANDIDATE, lastRpcElapsedTime:5068627148ns, electionTimeout:5058ms
2021-09-05 01:40:04,404 [54b0752d-9f85-41d1-82b7-176712dc42d8@group-DB0C5756557F-FollowerState] INFO  impl.RoleInfo (RoleInfo.java:shutdownFollowerState(108)) - 54b0752d-9f85-41d1-82b7-176712dc42d8: shutdown 54b0752d-9f85-41d1-82b7-176712dc42d8@group-DB0C5756557F-FollowerState
2021-09-05 01:40:04,404 [54b0752d-9f85-41d1-82b7-176712dc42d8@group-DB0C5756557F-FollowerState] INFO  server.RaftServer$Division (RaftServerImpl.java:setRole(285)) - 54b0752d-9f85-41d1-82b7-176712dc42d8@group-DB0C5756557F: changes role from  FOLLOWER to CANDIDATE at term 0 for changeToCandidate
2021-09-05 01:40:04,404 [54b0752d-9f85-41d1-82b7-176712dc42d8@group-DB0C5756557F-FollowerState] INFO  server.RaftServerConfigKeys (ConfUtils.java:logGet(44)) - raft.server.leaderelection.pre-vote = false (custom)
2021-09-05 01:40:04,404 [54b0752d-9f85-41d1-82b7-176712dc42d8@group-DB0C5756557F-FollowerState] INFO  impl.RoleInfo (RoleInfo.java:updateAndGet(130)) - 54b0752d-9f85-41d1-82b7-176712dc42d8: start 54b0752d-9f85-41d1-82b7-176712dc42d8@group-DB0C5756557F-LeaderElection120
2021-09-05 01:40:04,405 [cff69f77-ea12-413c-a988-d2a44a5ca406@group-A2597FCC6369-LeaderElection116] INFO  impl.RoleInfo (RoleInfo.java:updateAndGet(130)) - cff69f77-ea12-413c-a988-d2a44a5ca406: start cff69f77-ea12-413c-a988-d2a44a5ca406@group-A2597FCC6369-LeaderStateImpl
2021-09-05 01:40:04,405 [cff69f77-ea12-413c-a988-d2a44a5ca406@group-A2597FCC6369-LeaderElection116] INFO  segmented.SegmentedRaftLogWorker (SegmentedRaftLogWorker.java:startLogSegment(394)) - cff69f77-ea12-413c-a988-d2a44a5ca406@group-A2597FCC6369-SegmentedRaftLogWorker: Starting segment from index:0
2021-09-05 01:40:04,425 [Datanode State Machine Thread - 0] WARN  statemachine.StateContext (StateContext.java:execute(621)) - No available thread in pool for past 1 seconds.
2021-09-05 01:40:04,437 [cff69f77-ea12-413c-a988-d2a44a5ca406@group-A2597FCC6369-SegmentedRaftLogWorker] INFO  segmented.SegmentedRaftLogWorker (SegmentedRaftLogWorker.java:execute(601)) - cff69f77-ea12-413c-a988-d2a44a5ca406@group-A2597FCC6369-SegmentedRaftLogWorker: created new log segment /home/runner/work/ozone/ozone/hadoop-ozone/integration-test/target/test-dir/MiniOzoneClusterImpl-37340386-36af-4fa8-9723-b8f583b28ff6/datanode-0/data/ratis/52703f6d-9754-433b-b0cb-a2597fcc6369/current/log_inprogress_0
2021-09-05 01:40:04,489 [grpc-default-executor-7] WARN  server.GrpcLogAppender (LogUtils.java:warn(122)) - cff69f77-ea12-413c-a988-d2a44a5ca406@group-A2597FCC6369->fdb9e53e-0679-45da-9a61-20e122f839df-AppendLogResponseHandler: Failed appendEntries: org.apache.ratis.thirdparty.io.grpc.StatusRuntimeException: UNAVAILABLE: io exception
2021-09-05 01:40:04,497 [cff69f77-ea12-413c-a988-d2a44a5ca406@group-A2597FCC6369-LeaderElection116] INFO  server.RaftServer$Division (ServerState.java:setRaftConf(387)) - cff69f77-ea12-413c-a988-d2a44a5ca406@group-A2597FCC6369: set configuration 0: [fdb9e53e-0679-45da-9a61-20e122f839df|rpc:10.1.0.25:40867|dataStream:|priority:0, cff69f77-ea12-413c-a988-d2a44a5ca406|rpc:10.1.0.25:34387|dataStream:|priority:1, be41d154-e08a-4361-999c-a2746058d00f|rpc:10.1.0.25:33043|dataStream:|priority:0], old=null
2021-09-05 01:40:04,498 [grpc-default-executor-7] WARN  server.GrpcLogAppender (GrpcLogAppender.java:resetClient(111)) - cff69f77-ea12-413c-a988-d2a44a5ca406@group-A2597FCC6369->fdb9e53e-0679-45da-9a61-20e122f839df-GrpcLogAppender: Leader has not got in touch with Follower cff69f77-ea12-413c-a988-d2a44a5ca406@group-A2597FCC6369->fdb9e53e-0679-45da-9a61-20e122f839df(c-1,m0,n1, attendVote=true, lastRpcSendTime=8, lastRpcResponseTime=5297) yet, just keep nextIndex unchanged and retry.
2021-09-05 01:40:04,499 [54b0752d-9f85-41d1-82b7-176712dc42d8@group-DB0C5756557F-LeaderElection120] INFO  impl.LeaderElection (LeaderElection.java:askForVotes(306)) - 54b0752d-9f85-41d1-82b7-176712dc42d8@group-DB0C5756557F-LeaderElection120 ELECTION round 0: submit vote requests at term 1 for -1: [cff69f77-ea12-413c-a988-d2a44a5ca406|rpc:10.1.0.25:34387|priority:0, be41d154-e08a-4361-999c-a2746058d00f|rpc:10.1.0.25:33043|priority:0, 54b0752d-9f85-41d1-82b7-176712dc42d8|rpc:10.1.0.25:45159|priority:1], old=null
2021-09-05 01:40:04,521 [grpc-default-executor-7] INFO  server.RaftServer$Division (RaftServerImpl.java:requestVote(1043)) - cff69f77-ea12-413c-a988-d2a44a5ca406@group-DB0C5756557F: receive requestVote(ELECTION, 54b0752d-9f85-41d1-82b7-176712dc42d8, group-DB0C5756557F, 1, (t:0, i:0))
2021-09-05 01:40:04,521 [grpc-default-executor-7] INFO  impl.VoteContext (VoteContext.java:log(48)) - cff69f77-ea12-413c-a988-d2a44a5ca406@group-DB0C5756557F-FOLLOWER: accept ELECTION from 54b0752d-9f85-41d1-82b7-176712dc42d8: our priority 0 <= candidate's priority 1
2021-09-05 01:40:04,521 [grpc-default-executor-7] INFO  server.RaftServer$Division (RaftServerImpl.java:setRole(285)) - cff69f77-ea12-413c-a988-d2a44a5ca406@group-DB0C5756557F: changes role from  FOLLOWER to FOLLOWER at term 1 for candidate:54b0752d-9f85-41d1-82b7-176712dc42d8
2021-09-05 01:40:04,521 [grpc-default-executor-7] INFO  impl.RoleInfo (RoleInfo.java:shutdownFollowerState(108)) - cff69f77-ea12-413c-a988-d2a44a5ca406: shutdown cff69f77-ea12-413c-a988-d2a44a5ca406@group-DB0C5756557F-FollowerState
2021-09-05 01:40:04,521 [grpc-default-executor-7] INFO  impl.RoleInfo (RoleInfo.java:updateAndGet(130)) - cff69f77-ea12-413c-a988-d2a44a5ca406: start cff69f77-ea12-413c-a988-d2a44a5ca406@group-DB0C5756557F-FollowerState
2021-09-05 01:40:04,521 [cff69f77-ea12-413c-a988-d2a44a5ca406@group-DB0C5756557F-FollowerState] INFO  impl.FollowerState (FollowerState.java:run(143)) - cff69f77-ea12-413c-a988-d2a44a5ca406@group-DB0C5756557F-FollowerState was interrupted: {}
java.lang.InterruptedException: sleep interrupted
	at java.lang.Thread.sleep(Native Method)
	at java.lang.Thread.sleep(Thread.java:340)
	at java.util.concurrent.TimeUnit.sleep(TimeUnit.java:386)
	at org.apache.ratis.util.TimeDuration.sleep(TimeDuration.java:324)
	at org.apache.ratis.util.TimeDuration.sleep(TimeDuration.java:309)
	at org.apache.ratis.server.impl.FollowerState.run(FollowerState.java:118)
2021-09-05 01:40:04,525 [grpc-default-executor-7] INFO  server.RaftServer$Division (RaftServerImpl.java:requestVote(1075)) - cff69f77-ea12-413c-a988-d2a44a5ca406@group-DB0C5756557F replies to ELECTION vote request: 54b0752d-9f85-41d1-82b7-176712dc42d8<-cff69f77-ea12-413c-a988-d2a44a5ca406#0:OK-t1. Peer's state: cff69f77-ea12-413c-a988-d2a44a5ca406@group-DB0C5756557F:t1, leader=null, voted=54b0752d-9f85-41d1-82b7-176712dc42d8, raftlog=cff69f77-ea12-413c-a988-d2a44a5ca406@group-DB0C5756557F-SegmentedRaftLog:OPENED:c-1,f-1,i0, conf=-1: [cff69f77-ea12-413c-a988-d2a44a5ca406|rpc:10.1.0.25:34387|priority:0, be41d154-e08a-4361-999c-a2746058d00f|rpc:10.1.0.25:33043|priority:0, 54b0752d-9f85-41d1-82b7-176712dc42d8|rpc:10.1.0.25:45159|priority:1], old=null
2021-09-05 01:40:04,542 [grpc-default-executor-2] INFO  server.RaftServer$Division (RaftServerImpl.java:requestVote(1043)) - be41d154-e08a-4361-999c-a2746058d00f@group-DB0C5756557F: receive requestVote(ELECTION, 54b0752d-9f85-41d1-82b7-176712dc42d8, group-DB0C5756557F, 1, (t:0, i:0))
2021-09-05 01:40:04,542 [grpc-default-executor-2] INFO  impl.VoteContext (VoteContext.java:log(48)) - be41d154-e08a-4361-999c-a2746058d00f@group-DB0C5756557F-FOLLOWER: accept ELECTION from 54b0752d-9f85-41d1-82b7-176712dc42d8: our priority 0 <= candidate's priority 1
2021-09-05 01:40:04,543 [grpc-default-executor-2] INFO  server.RaftServer$Division (RaftServerImpl.java:setRole(285)) - be41d154-e08a-4361-999c-a2746058d00f@group-DB0C5756557F: changes role from  FOLLOWER to FOLLOWER at term 1 for candidate:54b0752d-9f85-41d1-82b7-176712dc42d8
2021-09-05 01:40:04,543 [grpc-default-executor-2] INFO  impl.RoleInfo (RoleInfo.java:shutdownFollowerState(108)) - be41d154-e08a-4361-999c-a2746058d00f: shutdown be41d154-e08a-4361-999c-a2746058d00f@group-DB0C5756557F-FollowerState
2021-09-05 01:40:04,543 [grpc-default-executor-2] INFO  impl.RoleInfo (RoleInfo.java:updateAndGet(130)) - be41d154-e08a-4361-999c-a2746058d00f: start be41d154-e08a-4361-999c-a2746058d00f@group-DB0C5756557F-FollowerState
2021-09-05 01:40:04,545 [grpc-default-executor-5] INFO  ratis.XceiverServerRatis (XceiverServerRatis.java:handleLeaderChangedNotification(861)) - Leader change notification received for group: group-A2597FCC6369 with new leaderId: cff69f77-ea12-413c-a988-d2a44a5ca406
2021-09-05 01:40:04,545 [grpc-default-executor-5] INFO  server.RaftServer$Division (ServerState.java:setLeader(285)) - be41d154-e08a-4361-999c-a2746058d00f@group-A2597FCC6369: change Leader from null to cff69f77-ea12-413c-a988-d2a44a5ca406 at term 1 for appendEntries, leader elected after 5495ms
2021-09-05 01:40:04,545 [be41d154-e08a-4361-999c-a2746058d00f@group-DB0C5756557F-FollowerState] INFO  impl.FollowerState (FollowerState.java:run(143)) - be41d154-e08a-4361-999c-a2746058d00f@group-DB0C5756557F-FollowerState was interrupted: {}
java.lang.InterruptedException: sleep interrupted
	at java.lang.Thread.sleep(Native Method)
	at java.lang.Thread.sleep(Thread.java:340)
	at java.util.concurrent.TimeUnit.sleep(TimeUnit.java:386)
	at org.apache.ratis.util.TimeDuration.sleep(TimeDuration.java:324)
	at org.apache.ratis.util.TimeDuration.sleep(TimeDuration.java:309)
	at org.apache.ratis.server.impl.FollowerState.run(FollowerState.java:118)
2021-09-05 01:40:04,610 [grpc-default-executor-2] INFO  server.RaftServer$Division (RaftServerImpl.java:requestVote(1075)) - be41d154-e08a-4361-999c-a2746058d00f@group-DB0C5756557F replies to ELECTION vote request: 54b0752d-9f85-41d1-82b7-176712dc42d8<-be41d154-e08a-4361-999c-a2746058d00f#0:OK-t1. Peer's state: be41d154-e08a-4361-999c-a2746058d00f@group-DB0C5756557F:t1, leader=null, voted=54b0752d-9f85-41d1-82b7-176712dc42d8, raftlog=be41d154-e08a-4361-999c-a2746058d00f@group-DB0C5756557F-SegmentedRaftLog:OPENED:c-1,f-1,i0, conf=-1: [cff69f77-ea12-413c-a988-d2a44a5ca406|rpc:10.1.0.25:34387|dataStream:|priority:0, be41d154-e08a-4361-999c-a2746058d00f|rpc:10.1.0.25:33043|dataStream:|priority:0, 54b0752d-9f85-41d1-82b7-176712dc42d8|rpc:10.1.0.25:45159|dataStream:|priority:1], old=null
2021-09-05 01:40:04,622 [54b0752d-9f85-41d1-82b7-176712dc42d8@group-DB0C5756557F-LeaderElection120] INFO  impl.LeaderElection (LeaderElection.java:logAndReturn(89)) - 54b0752d-9f85-41d1-82b7-176712dc42d8@group-DB0C5756557F-LeaderElection120: ELECTION PASSED received 1 response(s) and 0 exception(s):
2021-09-05 01:40:04,622 [54b0752d-9f85-41d1-82b7-176712dc42d8@group-DB0C5756557F-LeaderElection120] INFO  impl.LeaderElection (LeaderElection.java:logAndReturn(93)) -   Response 0: 54b0752d-9f85-41d1-82b7-176712dc42d8<-cff69f77-ea12-413c-a988-d2a44a5ca406#0:OK-t1
2021-09-05 01:40:04,622 [54b0752d-9f85-41d1-82b7-176712dc42d8@group-DB0C5756557F-LeaderElection120] INFO  impl.LeaderElection (LeaderElection.java:askForVotes(308)) - 54b0752d-9f85-41d1-82b7-176712dc42d8@group-DB0C5756557F-LeaderElection120 ELECTION round 0: result PASSED
2021-09-05 01:40:04,622 [54b0752d-9f85-41d1-82b7-176712dc42d8@group-DB0C5756557F-LeaderElection120] INFO  impl.RoleInfo (RoleInfo.java:shutdownLeaderElection(121)) - 54b0752d-9f85-41d1-82b7-176712dc42d8: shutdown 54b0752d-9f85-41d1-82b7-176712dc42d8@group-DB0C5756557F-LeaderElection120
2021-09-05 01:40:04,622 [54b0752d-9f85-41d1-82b7-176712dc42d8@group-DB0C5756557F-LeaderElection120] INFO  server.RaftServer$Division (RaftServerImpl.java:setRole(285)) - 54b0752d-9f85-41d1-82b7-176712dc42d8@group-DB0C5756557F: changes role from CANDIDATE to LEADER at term 1 for changeToLeader
2021-09-05 01:40:04,622 [54b0752d-9f85-41d1-82b7-176712dc42d8@group-DB0C5756557F-LeaderElection120] INFO  ratis.XceiverServerRatis (XceiverServerRatis.java:handleLeaderChangedNotification(861)) - Leader change notification received for group: group-DB0C5756557F with new leaderId: 54b0752d-9f85-41d1-82b7-176712dc42d8
2021-09-05 01:40:04,622 [54b0752d-9f85-41d1-82b7-176712dc42d8@group-DB0C5756557F-LeaderElection120] INFO  server.RaftServer$Division (ServerState.java:setLeader(285)) - 54b0752d-9f85-41d1-82b7-176712dc42d8@group-DB0C5756557F: change Leader from null to 54b0752d-9f85-41d1-82b7-176712dc42d8 at term 1 for becomeLeader, leader elected after 5336ms
2021-09-05 01:40:04,622 [54b0752d-9f85-41d1-82b7-176712dc42d8@group-DB0C5756557F-LeaderElection120] INFO  server.RaftServerConfigKeys (ConfUtils.java:logGet(44)) - raft.server.staging.catchup.gap = 1000 (default)
2021-09-05 01:40:04,622 [54b0752d-9f85-41d1-82b7-176712dc42d8@group-DB0C5756557F-LeaderElection120] INFO  server.RaftServerConfigKeys (ConfUtils.java:logGet(44)) - raft.server.write.element-limit = 1024 (custom)
2021-09-05 01:40:04,622 [54b0752d-9f85-41d1-82b7-176712dc42d8@group-DB0C5756557F-LeaderElection120] INFO  server.RaftServerConfigKeys (ConfUtils.java:logGet(44)) - raft.server.write.byte-limit = 1024 M (=1073741824) (custom)
2021-09-05 01:40:04,629 [grpc-default-executor-2] INFO  server.RaftServer$Division (ServerState.java:setRaftConf(387)) - be41d154-e08a-4361-999c-a2746058d00f@group-A2597FCC6369: set configuration 0: [fdb9e53e-0679-45da-9a61-20e122f839df|rpc:10.1.0.25:40867|dataStream:|priority:0, cff69f77-ea12-413c-a988-d2a44a5ca406|rpc:10.1.0.25:34387|dataStream:|priority:1, be41d154-e08a-4361-999c-a2746058d00f|rpc:10.1.0.25:33043|dataStream:|priority:0], old=null
2021-09-05 01:40:04,645 [Datanode State Machine Thread - 0] WARN  statemachine.StateContext (StateContext.java:execute(621)) - No available thread in pool for past 1 seconds.
2021-09-05 01:40:04,653 [EventQueue-PipelineReportForPipelineReportHandler] INFO  pipeline.PipelineManagerImpl (PipelineManagerImpl.java:openPipeline(282)) - Pipeline Pipeline[ Id: 970d459e-8e80-4b03-a7e8-db0c5756557f, Nodes: be41d154-e08a-4361-999c-a2746058d00f{ip: 10.1.0.25, host: fv-az270-420.tacnzluakwdehk1hpragurqkma.bx.internal.cloudapp.net, ports: [REPLICATION=33191, RATIS=33043, RATIS_ADMIN=33043, RATIS_SERVER=33043, STANDALONE=37769], networkLocation: /default-rack, certSerialId: null, persistedOpState: IN_SERVICE, persistedOpStateExpiryEpochSec: 0}cff69f77-ea12-413c-a988-d2a44a5ca406{ip: 10.1.0.25, host: fv-az270-420.tacnzluakwdehk1hpragurqkma.bx.internal.cloudapp.net, ports: [REPLICATION=40651, RATIS=34387, RATIS_ADMIN=34387, RATIS_SERVER=34387, STANDALONE=34759], networkLocation: /default-rack, certSerialId: null, persistedOpState: IN_SERVICE, persistedOpStateExpiryEpochSec: 0}54b0752d-9f85-41d1-82b7-176712dc42d8{ip: 10.1.0.25, host: fv-az270-420.tacnzluakwdehk1hpragurqkma.bx.internal.cloudapp.net, ports: [REPLICATION=38415, RATIS=45159, RATIS_ADMIN=45159, RATIS_SERVER=45159, STANDALONE=37167], networkLocation: /default-rack, certSerialId: null, persistedOpState: IN_SERVICE, persistedOpStateExpiryEpochSec: 0}, ReplicationConfig: RATIS/THREE, State:ALLOCATED, leaderId:54b0752d-9f85-41d1-82b7-176712dc42d8, CreationTimestamp2021-09-05T01:39:57.401Z[Etc/UTC]] moved to OPEN state
2021-09-05 01:40:04,658 [54b0752d-9f85-41d1-82b7-176712dc42d8@group-DB0C5756557F-LeaderElection120] INFO  server.RaftServerConfigKeys (ConfUtils.java:logGet(44)) - raft.server.watch.timeout = 3000ms (custom)
2021-09-05 01:40:04,658 [54b0752d-9f85-41d1-82b7-176712dc42d8@group-DB0C5756557F-LeaderElection120] INFO  server.RaftServerConfigKeys (ConfUtils.java:logGet(44)) - raft.server.watch.timeout.denomination = 1s (default)
2021-09-05 01:40:04,658 [54b0752d-9f85-41d1-82b7-176712dc42d8@group-DB0C5756557F-LeaderElection120] INFO  server.RaftServerConfigKeys (ConfUtils.java:logGet(44)) - raft.server.watch.element-limit = 65536 (default)
2021-09-05 01:40:04,658 [54b0752d-9f85-41d1-82b7-176712dc42d8@group-DB0C5756557F-LeaderElection120] INFO  server.RaftServerConfigKeys (ConfUtils.java:logGet(44)) - raft.server.log.appender.snapshot.chunk.size.max = 16MB (=16777216) (default)
2021-09-05 01:40:04,659 [54b0752d-9f85-41d1-82b7-176712dc42d8@group-DB0C5756557F-LeaderElection120] INFO  server.RaftServerConfigKeys (ConfUtils.java:logGet(44)) - raft.server.log.appender.buffer.byte-limit = 33554432 (custom)
2021-09-05 01:40:04,659 [54b0752d-9f85-41d1-82b7-176712dc42d8@group-DB0C5756557F-LeaderElection120] INFO  server.RaftServerConfigKeys (ConfUtils.java:logGet(44)) - raft.server.log.appender.buffer.element-limit = 1 (custom)
2021-09-05 01:40:04,659 [54b0752d-9f85-41d1-82b7-176712dc42d8@group-DB0C5756557F-LeaderElection120] INFO  grpc.GrpcConfigKeys (ConfUtils.java:logGet(44)) - raft.grpc.server.leader.outstanding.appends.max = 128 (default)
2021-09-05 01:40:04,659 [54b0752d-9f85-41d1-82b7-176712dc42d8@group-DB0C5756557F-LeaderElection120] INFO  server.RaftServerConfigKeys (ConfUtils.java:logGet(44)) - raft.server.rpc.request.timeout = 3000ms (default)
2021-09-05 01:40:04,659 [54b0752d-9f85-41d1-82b7-176712dc42d8@group-DB0C5756557F-LeaderElection120] INFO  server.RaftServerConfigKeys (ConfUtils.java:logGet(44)) - raft.server.log.appender.install.snapshot.enabled = false (custom)
2021-09-05 01:40:04,661 [grpc-default-executor-2] INFO  segmented.SegmentedRaftLogWorker (SegmentedRaftLogWorker.java:startLogSegment(394)) - be41d154-e08a-4361-999c-a2746058d00f@group-A2597FCC6369-SegmentedRaftLogWorker: Starting segment from index:0
2021-09-05 01:40:04,663 [be41d154-e08a-4361-999c-a2746058d00f@group-A2597FCC6369-SegmentedRaftLogWorker] INFO  segmented.SegmentedRaftLogWorker (SegmentedRaftLogWorker.java:execute(601)) - be41d154-e08a-4361-999c-a2746058d00f@group-A2597FCC6369-SegmentedRaftLogWorker: created new log segment /home/runner/work/ozone/ozone/hadoop-ozone/integration-test/target/test-dir/MiniOzoneClusterImpl-37340386-36af-4fa8-9723-b8f583b28ff6/datanode-2/data/ratis/52703f6d-9754-433b-b0cb-a2597fcc6369/current/log_inprogress_0
2021-09-05 01:40:04,666 [54b0752d-9f85-41d1-82b7-176712dc42d8@group-DB0C5756557F-LeaderElection120] INFO  server.RaftServerConfigKeys (ConfUtils.java:logGet(44)) - raft.server.log.appender.snapshot.chunk.size.max = 16MB (=16777216) (default)
2021-09-05 01:40:04,666 [54b0752d-9f85-41d1-82b7-176712dc42d8@group-DB0C5756557F-LeaderElection120] INFO  server.RaftServerConfigKeys (ConfUtils.java:logGet(44)) - raft.server.log.appender.buffer.byte-limit = 33554432 (custom)
2021-09-05 01:40:04,666 [54b0752d-9f85-41d1-82b7-176712dc42d8@group-DB0C5756557F-LeaderElection120] INFO  server.RaftServerConfigKeys (ConfUtils.java:logGet(44)) - raft.server.log.appender.buffer.element-limit = 1 (custom)
2021-09-05 01:40:04,673 [grpc-default-executor-2] WARN  server.GrpcLogAppender (LogUtils.java:warn(122)) - aa0f76fc-0af9-4fba-891f-e6382fa98fe4@group-8DE473E54637->a394a97c-7848-4311-a24c-186851f6b492-AppendLogResponseHandler: Failed appendEntries: org.apache.ratis.thirdparty.io.grpc.StatusRuntimeException: UNAVAILABLE: io exception
2021-09-05 01:40:04,674 [grpc-default-executor-2] WARN  server.GrpcLogAppender (GrpcLogAppender.java:resetClient(111)) - aa0f76fc-0af9-4fba-891f-e6382fa98fe4@group-8DE473E54637->a394a97c-7848-4311-a24c-186851f6b492-GrpcLogAppender: Leader has not got in touch with Follower aa0f76fc-0af9-4fba-891f-e6382fa98fe4@group-8DE473E54637->a394a97c-7848-4311-a24c-186851f6b492(c0,m0,n1, attendVote=true, lastRpcSendTime=0, lastRpcResponseTime=2533) yet, just keep nextIndex unchanged and retry.
2021-09-05 01:40:04,703 [54b0752d-9f85-41d1-82b7-176712dc42d8@group-DB0C5756557F-LeaderElection120] INFO  grpc.GrpcConfigKeys (ConfUtils.java:logGet(44)) - raft.grpc.server.leader.outstanding.appends.max = 128 (default)
2021-09-05 01:40:04,703 [54b0752d-9f85-41d1-82b7-176712dc42d8@group-DB0C5756557F-LeaderElection120] INFO  server.RaftServerConfigKeys (ConfUtils.java:logGet(44)) - raft.server.rpc.request.timeout = 3000ms (default)
2021-09-05 01:40:04,703 [54b0752d-9f85-41d1-82b7-176712dc42d8@group-DB0C5756557F-LeaderElection120] INFO  server.RaftServerConfigKeys (ConfUtils.java:logGet(44)) - raft.server.log.appender.install.snapshot.enabled = false (custom)
2021-09-05 01:40:04,709 [54b0752d-9f85-41d1-82b7-176712dc42d8@group-DB0C5756557F-LeaderElection120] INFO  impl.RoleInfo (RoleInfo.java:updateAndGet(130)) - 54b0752d-9f85-41d1-82b7-176712dc42d8: start 54b0752d-9f85-41d1-82b7-176712dc42d8@group-DB0C5756557F-LeaderStateImpl
2021-09-05 01:40:04,709 [54b0752d-9f85-41d1-82b7-176712dc42d8@group-DB0C5756557F-LeaderElection120] INFO  segmented.SegmentedRaftLogWorker (SegmentedRaftLogWorker.java:startLogSegment(394)) - 54b0752d-9f85-41d1-82b7-176712dc42d8@group-DB0C5756557F-SegmentedRaftLogWorker: Starting segment from index:0
2021-09-05 01:40:04,740 [54b0752d-9f85-41d1-82b7-176712dc42d8@group-DB0C5756557F-SegmentedRaftLogWorker] INFO  segmented.SegmentedRaftLogWorker (SegmentedRaftLogWorker.java:execute(601)) - 54b0752d-9f85-41d1-82b7-176712dc42d8@group-DB0C5756557F-SegmentedRaftLogWorker: created new log segment /home/runner/work/ozone/ozone/hadoop-ozone/integration-test/target/test-dir/MiniOzoneClusterImpl-37340386-36af-4fa8-9723-b8f583b28ff6/datanode-6/data/ratis/970d459e-8e80-4b03-a7e8-db0c5756557f/current/log_inprogress_0
2021-09-05 01:40:04,782 [grpc-default-executor-5] INFO  ratis.XceiverServerRatis (XceiverServerRatis.java:handleLeaderChangedNotification(861)) - Leader change notification received for group: group-DB0C5756557F with new leaderId: 54b0752d-9f85-41d1-82b7-176712dc42d8
2021-09-05 01:40:04,783 [grpc-default-executor-5] INFO  server.RaftServer$Division (ServerState.java:setLeader(285)) - cff69f77-ea12-413c-a988-d2a44a5ca406@group-DB0C5756557F: change Leader from null to 54b0752d-9f85-41d1-82b7-176712dc42d8 at term 1 for appendEntries, leader elected after 5285ms
2021-09-05 01:40:04,783 [54b0752d-9f85-41d1-82b7-176712dc42d8@group-DB0C5756557F-LeaderElection120] INFO  server.RaftServer$Division (ServerState.java:setRaftConf(387)) - 54b0752d-9f85-41d1-82b7-176712dc42d8@group-DB0C5756557F: set configuration 0: [cff69f77-ea12-413c-a988-d2a44a5ca406|rpc:10.1.0.25:34387|dataStream:|priority:0, be41d154-e08a-4361-999c-a2746058d00f|rpc:10.1.0.25:33043|dataStream:|priority:0, 54b0752d-9f85-41d1-82b7-176712dc42d8|rpc:10.1.0.25:45159|dataStream:|priority:1], old=null
2021-09-05 01:40:04,786 [grpc-default-executor-5] INFO  server.RaftServer$Division (ServerState.java:setRaftConf(387)) - cff69f77-ea12-413c-a988-d2a44a5ca406@group-DB0C5756557F: set configuration 0: [cff69f77-ea12-413c-a988-d2a44a5ca406|rpc:10.1.0.25:34387|dataStream:|priority:0, be41d154-e08a-4361-999c-a2746058d00f|rpc:10.1.0.25:33043|dataStream:|priority:0, 54b0752d-9f85-41d1-82b7-176712dc42d8|rpc:10.1.0.25:45159|dataStream:|priority:1], old=null
2021-09-05 01:40:04,786 [grpc-default-executor-5] INFO  segmented.SegmentedRaftLogWorker (SegmentedRaftLogWorker.java:startLogSegment(394)) - cff69f77-ea12-413c-a988-d2a44a5ca406@group-DB0C5756557F-SegmentedRaftLogWorker: Starting segment from index:0
2021-09-05 01:40:04,825 [cff69f77-ea12-413c-a988-d2a44a5ca406@group-DB0C5756557F-SegmentedRaftLogWorker] INFO  segmented.SegmentedRaftLogWorker (SegmentedRaftLogWorker.java:execute(601)) - cff69f77-ea12-413c-a988-d2a44a5ca406@group-DB0C5756557F-SegmentedRaftLogWorker: created new log segment /home/runner/work/ozone/ozone/hadoop-ozone/integration-test/target/test-dir/MiniOzoneClusterImpl-37340386-36af-4fa8-9723-b8f583b28ff6/datanode-0/data/ratis/970d459e-8e80-4b03-a7e8-db0c5756557f/current/log_inprogress_0
2021-09-05 01:40:04,839 [grpc-default-executor-2] INFO  ratis.XceiverServerRatis (XceiverServerRatis.java:handleLeaderChangedNotification(861)) - Leader change notification received for group: group-DB0C5756557F with new leaderId: 54b0752d-9f85-41d1-82b7-176712dc42d8
2021-09-05 01:40:04,839 [grpc-default-executor-2] INFO  server.RaftServer$Division (ServerState.java:setLeader(285)) - be41d154-e08a-4361-999c-a2746058d00f@group-DB0C5756557F: change Leader from null to 54b0752d-9f85-41d1-82b7-176712dc42d8 at term 1 for appendEntries, leader elected after 5441ms
2021-09-05 01:40:04,931 [grpc-default-executor-2] INFO  server.RaftServer$Division (ServerState.java:setRaftConf(387)) - be41d154-e08a-4361-999c-a2746058d00f@group-DB0C5756557F: set configuration 0: [cff69f77-ea12-413c-a988-d2a44a5ca406|rpc:10.1.0.25:34387|dataStream:|priority:0, be41d154-e08a-4361-999c-a2746058d00f|rpc:10.1.0.25:33043|dataStream:|priority:0, 54b0752d-9f85-41d1-82b7-176712dc42d8|rpc:10.1.0.25:45159|dataStream:|priority:1], old=null
2021-09-05 01:40:04,965 [grpc-default-executor-2] INFO  segmented.SegmentedRaftLogWorker (SegmentedRaftLogWorker.java:startLogSegment(394)) - be41d154-e08a-4361-999c-a2746058d00f@group-DB0C5756557F-SegmentedRaftLogWorker: Starting segment from index:0
2021-09-05 01:40:04,969 [be41d154-e08a-4361-999c-a2746058d00f@group-DB0C5756557F-SegmentedRaftLogWorker] INFO  segmented.SegmentedRaftLogWorker (SegmentedRaftLogWorker.java:execute(601)) - be41d154-e08a-4361-999c-a2746058d00f@group-DB0C5756557F-SegmentedRaftLogWorker: created new log segment /home/runner/work/ozone/ozone/hadoop-ozone/integration-test/target/test-dir/MiniOzoneClusterImpl-37340386-36af-4fa8-9723-b8f583b28ff6/datanode-2/data/ratis/970d459e-8e80-4b03-a7e8-db0c5756557f/current/log_inprogress_0
2021-09-05 01:40:06,149 [grpc-default-executor-5] WARN  server.GrpcLogAppender (LogUtils.java:warn(122)) - 455161ce-78be-4281-bc2a-a50d1cad5e43@group-1C1C96E5B142->a394a97c-7848-4311-a24c-186851f6b492-AppendLogResponseHandler: Failed appendEntries: org.apache.ratis.thirdparty.io.grpc.StatusRuntimeException: UNAVAILABLE: io exception
2021-09-05 01:40:06,150 [grpc-default-executor-5] WARN  server.GrpcLogAppender (GrpcLogAppender.java:resetClient(111)) - 455161ce-78be-4281-bc2a-a50d1cad5e43@group-1C1C96E5B142->a394a97c-7848-4311-a24c-186851f6b492-GrpcLogAppender: Leader has not got in touch with Follower 455161ce-78be-4281-bc2a-a50d1cad5e43@group-1C1C96E5B142->a394a97c-7848-4311-a24c-186851f6b492(c0,m0,n1, attendVote=true, lastRpcSendTime=5, lastRpcResponseTime=5028) yet, just keep nextIndex unchanged and retry.
2021-09-05 01:40:06,986 [Listener at 127.0.0.1/33945] INFO  statemachine.DatanodeStateMachine (DatanodeStateMachine.java:stopDaemon(515)) - Ozone container server stopped.
2021-09-05 01:40:06,987 [Listener at 127.0.0.1/33945] INFO  handler.ContextHandler (ContextHandler.java:doStop(1153)) - Stopped o.e.j.w.WebAppContext@6fe774bb{hddsDatanode,/,null,STOPPED}{jar:file:/home/runner/.m2/repository/org/apache/ozone/hdds-container-service/1.2.0-SNAPSHOT/hdds-container-service-1.2.0-SNAPSHOT.jar!/webapps/hddsDatanode}
2021-09-05 01:40:06,988 [Listener at 127.0.0.1/33945] INFO  server.AbstractConnector (AbstractConnector.java:doStop(381)) - Stopped ServerConnector@4bc7e57a{HTTP/1.1, (http/1.1)}{0.0.0.0:0}
2021-09-05 01:40:06,988 [Listener at 127.0.0.1/33945] INFO  server.session (HouseKeeper.java:stopScavenging(149)) - node0 Stopped scavenging
2021-09-05 01:40:06,988 [Listener at 127.0.0.1/33945] INFO  handler.ContextHandler (ContextHandler.java:doStop(1153)) - Stopped o.e.j.s.ServletContextHandler@276d8515{static,/static,jar:file:/home/runner/.m2/repository/org/apache/ozone/hdds-container-service/1.2.0-SNAPSHOT/hdds-container-service-1.2.0-SNAPSHOT.jar!/webapps/static,STOPPED}
2021-09-05 01:40:06,988 [Listener at 127.0.0.1/33945] INFO  handler.ContextHandler (ContextHandler.java:doStop(1153)) - Stopped o.e.j.s.ServletContextHandler@7afa692e{logs,/logs,file:///home/runner/work/ozone/ozone/hadoop-ozone/integration-test/target/log,STOPPED}
2021-09-05 01:40:07,001 [grpc-default-executor-5] WARN  server.GrpcLogAppender (LogUtils.java:warn(122)) - cff69f77-ea12-413c-a988-d2a44a5ca406@group-A2597FCC6369->fdb9e53e-0679-45da-9a61-20e122f839df-AppendLogResponseHandler: Failed appendEntries: org.apache.ratis.thirdparty.io.grpc.StatusRuntimeException: UNAVAILABLE: io exception
2021-09-05 01:40:07,002 [grpc-default-executor-5] WARN  server.GrpcLogAppender (GrpcLogAppender.java:resetClient(111)) - cff69f77-ea12-413c-a988-d2a44a5ca406@group-A2597FCC6369->fdb9e53e-0679-45da-9a61-20e122f839df-GrpcLogAppender: Leader has not got in touch with Follower cff69f77-ea12-413c-a988-d2a44a5ca406@group-A2597FCC6369->fdb9e53e-0679-45da-9a61-20e122f839df(c-1,m0,n1, attendVote=true, lastRpcSendTime=2512, lastRpcResponseTime=7801) yet, just keep nextIndex unchanged and retry.
2021-09-05 01:40:07,173 [grpc-default-executor-5] WARN  server.GrpcLogAppender (LogUtils.java:warn(122)) - aa0f76fc-0af9-4fba-891f-e6382fa98fe4@group-8DE473E54637->a394a97c-7848-4311-a24c-186851f6b492-AppendLogResponseHandler: Failed appendEntries: org.apache.ratis.thirdparty.io.grpc.StatusRuntimeException: UNAVAILABLE: io exception
2021-09-05 01:40:07,174 [grpc-default-executor-5] WARN  server.GrpcLogAppender (GrpcLogAppender.java:resetClient(111)) - aa0f76fc-0af9-4fba-891f-e6382fa98fe4@group-8DE473E54637->a394a97c-7848-4311-a24c-186851f6b492-GrpcLogAppender: Leader has not got in touch with Follower aa0f76fc-0af9-4fba-891f-e6382fa98fe4@group-8DE473E54637->a394a97c-7848-4311-a24c-186851f6b492(c0,m0,n1, attendVote=true, lastRpcSendTime=2500, lastRpcResponseTime=5034) yet, just keep nextIndex unchanged and retry.
2021-09-05 01:40:07,210 [ForkJoinPool.commonPool-worker-1] INFO  statemachine.DatanodeStateMachine (DatanodeStateMachine.java:stopDaemon(515)) - Ozone container server stopped.
2021-09-05 01:40:07,273 [ForkJoinPool.commonPool-worker-1] INFO  handler.ContextHandler (ContextHandler.java:doStop(1153)) - Stopped o.e.j.w.WebAppContext@19d38964{hddsDatanode,/,null,STOPPED}{jar:file:/home/runner/.m2/repository/org/apache/ozone/hdds-container-service/1.2.0-SNAPSHOT/hdds-container-service-1.2.0-SNAPSHOT.jar!/webapps/hddsDatanode}
2021-09-05 01:40:07,284 [ForkJoinPool.commonPool-worker-1] INFO  server.AbstractConnector (AbstractConnector.java:doStop(381)) - Stopped ServerConnector@7ca2883{HTTP/1.1, (http/1.1)}{0.0.0.0:0}
2021-09-05 01:40:07,285 [ForkJoinPool.commonPool-worker-1] INFO  server.session (HouseKeeper.java:stopScavenging(149)) - node0 Stopped scavenging
2021-09-05 01:40:07,292 [ForkJoinPool.commonPool-worker-1] INFO  handler.ContextHandler (ContextHandler.java:doStop(1153)) - Stopped o.e.j.s.ServletContextHandler@1d669511{static,/static,jar:file:/home/runner/.m2/repository/org/apache/ozone/hdds-container-service/1.2.0-SNAPSHOT/hdds-container-service-1.2.0-SNAPSHOT.jar!/webapps/static,STOPPED}
2021-09-05 01:40:07,292 [ForkJoinPool.commonPool-worker-1] INFO  handler.ContextHandler (ContextHandler.java:doStop(1153)) - Stopped o.e.j.s.ServletContextHandler@4c94efd8{logs,/logs,file:///home/runner/work/ozone/ozone/hadoop-ozone/integration-test/target/log,STOPPED}
2021-09-05 01:40:07,401 [Datanode State Machine Thread - 0] INFO  statemachine.DatanodeStateMachine (DatanodeStateMachine.java:lambda$startDaemon$0(457)) - Ozone container server started.
2021-09-05 01:40:07,646 [Datanode State Machine Thread - 0] INFO  statemachine.DatanodeStateMachine (DatanodeStateMachine.java:lambda$startDaemon$0(457)) - Ozone container server started.
2021-09-05 01:40:07,943 [EventQueue-StaleNodeForStaleNodeHandler] INFO  node.StaleNodeHandler (StaleNodeHandler.java:onMessage(58)) - Datanode a394a97c-7848-4311-a24c-186851f6b492{ip: 10.1.0.25, host: fv-az270-420.tacnzluakwdehk1hpragurqkma.bx.internal.cloudapp.net, ports: [REPLICATION=37403, RATIS=38701, RATIS_ADMIN=38701, RATIS_SERVER=38701, STANDALONE=35691], networkLocation: /default-rack, certSerialId: null, persistedOpState: IN_SERVICE, persistedOpStateExpiryEpochSec: 0} moved to stale state. Finalizing its pipelines [PipelineID=0c96f688-2ee1-4e37-806d-8de473e54637, PipelineID=c580985d-0fc5-40f2-b5c7-1c1c96e5b142, PipelineID=63a4ac22-0943-49cd-a4b6-9820ecca99ed, PipelineID=1f8bedbc-d0ae-4b4d-bc8b-71f1f32b1a5f]
2021-09-05 01:40:07,943 [EventQueue-StaleNodeForStaleNodeHandler] INFO  pipeline.PipelineManagerImpl (PipelineManagerImpl.java:closePipeline(342)) - Pipeline Pipeline[ Id: 0c96f688-2ee1-4e37-806d-8de473e54637, Nodes: a394a97c-7848-4311-a24c-186851f6b492{ip: 10.1.0.25, host: fv-az270-420.tacnzluakwdehk1hpragurqkma.bx.internal.cloudapp.net, ports: [REPLICATION=37403, RATIS=38701, RATIS_ADMIN=38701, RATIS_SERVER=38701, STANDALONE=35691], networkLocation: /default-rack, certSerialId: null, persistedOpState: IN_SERVICE, persistedOpStateExpiryEpochSec: 0}aa0f76fc-0af9-4fba-891f-e6382fa98fe4{ip: 10.1.0.25, host: fv-az270-420.tacnzluakwdehk1hpragurqkma.bx.internal.cloudapp.net, ports: [REPLICATION=42149, RATIS=36313, RATIS_ADMIN=36313, RATIS_SERVER=36313, STANDALONE=35265], networkLocation: /default-rack, certSerialId: null, persistedOpState: IN_SERVICE, persistedOpStateExpiryEpochSec: 0}455161ce-78be-4281-bc2a-a50d1cad5e43{ip: 10.1.0.25, host: fv-az270-420.tacnzluakwdehk1hpragurqkma.bx.internal.cloudapp.net, ports: [REPLICATION=38759, RATIS=40081, RATIS_ADMIN=40081, RATIS_SERVER=40081, STANDALONE=42933], networkLocation: /default-rack, certSerialId: null, persistedOpState: IN_SERVICE, persistedOpStateExpiryEpochSec: 0}, ReplicationConfig: RATIS/THREE, State:OPEN, leaderId:aa0f76fc-0af9-4fba-891f-e6382fa98fe4, CreationTimestamp2021-09-05T01:39:02.789Z[Etc/UTC]] moved to CLOSED state
2021-09-05 01:40:07,944 [EventQueue-StaleNodeForStaleNodeHandler] INFO  pipeline.PipelineManagerImpl (PipelineManagerImpl.java:closePipeline(342)) - Pipeline Pipeline[ Id: c580985d-0fc5-40f2-b5c7-1c1c96e5b142, Nodes: aa0f76fc-0af9-4fba-891f-e6382fa98fe4{ip: 10.1.0.25, host: fv-az270-420.tacnzluakwdehk1hpragurqkma.bx.internal.cloudapp.net, ports: [REPLICATION=42149, RATIS=36313, RATIS_ADMIN=36313, RATIS_SERVER=36313, STANDALONE=35265], networkLocation: /default-rack, certSerialId: null, persistedOpState: IN_SERVICE, persistedOpStateExpiryEpochSec: 0}a394a97c-7848-4311-a24c-186851f6b492{ip: 10.1.0.25, host: fv-az270-420.tacnzluakwdehk1hpragurqkma.bx.internal.cloudapp.net, ports: [REPLICATION=37403, RATIS=38701, RATIS_ADMIN=38701, RATIS_SERVER=38701, STANDALONE=35691], networkLocation: /default-rack, certSerialId: null, persistedOpState: IN_SERVICE, persistedOpStateExpiryEpochSec: 0}455161ce-78be-4281-bc2a-a50d1cad5e43{ip: 10.1.0.25, host: fv-az270-420.tacnzluakwdehk1hpragurqkma.bx.internal.cloudapp.net, ports: [REPLICATION=38759, RATIS=40081, RATIS_ADMIN=40081, RATIS_SERVER=40081, STANDALONE=42933], networkLocation: /default-rack, certSerialId: null, persistedOpState: IN_SERVICE, persistedOpStateExpiryEpochSec: 0}, ReplicationConfig: RATIS/THREE, State:OPEN, leaderId:455161ce-78be-4281-bc2a-a50d1cad5e43, CreationTimestamp2021-09-05T01:39:02.788Z[Etc/UTC]] moved to CLOSED state
2021-09-05 01:40:07,944 [EventQueue-StaleNodeForStaleNodeHandler] INFO  pipeline.PipelineManagerImpl (PipelineManagerImpl.java:closePipeline(342)) - Pipeline Pipeline[ Id: 63a4ac22-0943-49cd-a4b6-9820ecca99ed, Nodes: a394a97c-7848-4311-a24c-186851f6b492{ip: 10.1.0.25, host: fv-az270-420.tacnzluakwdehk1hpragurqkma.bx.internal.cloudapp.net, ports: [REPLICATION=37403, RATIS=38701, RATIS_ADMIN=38701, RATIS_SERVER=38701, STANDALONE=35691], networkLocation: /default-rack, certSerialId: null, persistedOpState: IN_SERVICE, persistedOpStateExpiryEpochSec: 0}aa0f76fc-0af9-4fba-891f-e6382fa98fe4{ip: 10.1.0.25, host: fv-az270-420.tacnzluakwdehk1hpragurqkma.bx.internal.cloudapp.net, ports: [REPLICATION=42149, RATIS=36313, RATIS_ADMIN=36313, RATIS_SERVER=36313, STANDALONE=35265], networkLocation: /default-rack, certSerialId: null, persistedOpState: IN_SERVICE, persistedOpStateExpiryEpochSec: 0}455161ce-78be-4281-bc2a-a50d1cad5e43{ip: 10.1.0.25, host: fv-az270-420.tacnzluakwdehk1hpragurqkma.bx.internal.cloudapp.net, ports: [REPLICATION=38759, RATIS=40081, RATIS_ADMIN=40081, RATIS_SERVER=40081, STANDALONE=42933], networkLocation: /default-rack, certSerialId: null, persistedOpState: IN_SERVICE, persistedOpStateExpiryEpochSec: 0}, ReplicationConfig: RATIS/THREE, State:OPEN, leaderId:a394a97c-7848-4311-a24c-186851f6b492, CreationTimestamp2021-09-05T01:39:02.787Z[Etc/UTC]] moved to CLOSED state
2021-09-05 01:40:07,944 [EventQueue-StaleNodeForStaleNodeHandler] INFO  pipeline.PipelineManagerImpl (PipelineManagerImpl.java:closePipeline(342)) - Pipeline Pipeline[ Id: 1f8bedbc-d0ae-4b4d-bc8b-71f1f32b1a5f, Nodes: a394a97c-7848-4311-a24c-186851f6b492{ip: 10.1.0.25, host: fv-az270-420.tacnzluakwdehk1hpragurqkma.bx.internal.cloudapp.net, ports: [REPLICATION=37403, RATIS=38701, RATIS_ADMIN=38701, RATIS_SERVER=38701, STANDALONE=35691], networkLocation: /default-rack, certSerialId: null, persistedOpState: IN_SERVICE, persistedOpStateExpiryEpochSec: 0}, ReplicationConfig: RATIS/ONE, State:OPEN, leaderId:a394a97c-7848-4311-a24c-186851f6b492, CreationTimestamp2021-09-05T01:39:02.163Z[Etc/UTC]] moved to CLOSED state
2021-09-05 01:40:07,944 [EventQueue-StaleNodeForStaleNodeHandler] INFO  node.StaleNodeHandler (StaleNodeHandler.java:onMessage(58)) - Datanode fdb9e53e-0679-45da-9a61-20e122f839df{ip: 10.1.0.25, host: fv-az270-420.tacnzluakwdehk1hpragurqkma.bx.internal.cloudapp.net, ports: [REPLICATION=45811, RATIS=40867, RATIS_ADMIN=40867, RATIS_SERVER=40867, STANDALONE=43325], networkLocation: /default-rack, certSerialId: null, persistedOpState: IN_SERVICE, persistedOpStateExpiryEpochSec: 0} moved to stale state. Finalizing its pipelines [PipelineID=abc99c8d-4636-4361-928c-d22776684351, PipelineID=d2b771ec-915a-42be-9e6e-a2164613b897, PipelineID=5a02bf5f-5c9d-44e3-99a7-17ca38d5857e, PipelineID=52703f6d-9754-433b-b0cb-a2597fcc6369]
2021-09-05 01:40:07,944 [EventQueue-StaleNodeForStaleNodeHandler] INFO  pipeline.PipelineManagerImpl (PipelineManagerImpl.java:closePipeline(342)) - Pipeline Pipeline[ Id: abc99c8d-4636-4361-928c-d22776684351, Nodes: fdb9e53e-0679-45da-9a61-20e122f839df{ip: 10.1.0.25, host: fv-az270-420.tacnzluakwdehk1hpragurqkma.bx.internal.cloudapp.net, ports: [REPLICATION=45811, RATIS=40867, RATIS_ADMIN=40867, RATIS_SERVER=40867, STANDALONE=43325], networkLocation: /default-rack, certSerialId: null, persistedOpState: IN_SERVICE, persistedOpStateExpiryEpochSec: 0}, ReplicationConfig: RATIS/ONE, State:OPEN, leaderId:fdb9e53e-0679-45da-9a61-20e122f839df, CreationTimestamp2021-09-05T01:38:59.977Z[Etc/UTC]] moved to CLOSED state
2021-09-05 01:40:07,945 [EventQueue-StaleNodeForStaleNodeHandler] INFO  pipeline.PipelineManagerImpl (PipelineManagerImpl.java:closePipeline(342)) - Pipeline Pipeline[ Id: d2b771ec-915a-42be-9e6e-a2164613b897, Nodes: 54b0752d-9f85-41d1-82b7-176712dc42d8{ip: 10.1.0.25, host: fv-az270-420.tacnzluakwdehk1hpragurqkma.bx.internal.cloudapp.net, ports: [REPLICATION=38415, RATIS=45159, RATIS_ADMIN=45159, RATIS_SERVER=45159, STANDALONE=37167], networkLocation: /default-rack, certSerialId: null, persistedOpState: IN_SERVICE, persistedOpStateExpiryEpochSec: 0}fdb9e53e-0679-45da-9a61-20e122f839df{ip: 10.1.0.25, host: fv-az270-420.tacnzluakwdehk1hpragurqkma.bx.internal.cloudapp.net, ports: [REPLICATION=45811, RATIS=40867, RATIS_ADMIN=40867, RATIS_SERVER=40867, STANDALONE=43325], networkLocation: /default-rack, certSerialId: null, persistedOpState: IN_SERVICE, persistedOpStateExpiryEpochSec: 0}cff69f77-ea12-413c-a988-d2a44a5ca406{ip: 10.1.0.25, host: fv-az270-420.tacnzluakwdehk1hpragurqkma.bx.internal.cloudapp.net, ports: [REPLICATION=40651, RATIS=34387, RATIS_ADMIN=34387, RATIS_SERVER=34387, STANDALONE=34759], networkLocation: /default-rack, certSerialId: null, persistedOpState: IN_SERVICE, persistedOpStateExpiryEpochSec: 0}, ReplicationConfig: RATIS/THREE, State:ALLOCATED, leaderId:, CreationTimestamp2021-09-05T01:39:57.398Z[Etc/UTC]] moved to CLOSED state
2021-09-05 01:40:07,945 [EventQueue-StaleNodeForStaleNodeHandler] INFO  pipeline.PipelineManagerImpl (PipelineManagerImpl.java:closePipeline(342)) - Pipeline Pipeline[ Id: 5a02bf5f-5c9d-44e3-99a7-17ca38d5857e, Nodes: 54b0752d-9f85-41d1-82b7-176712dc42d8{ip: 10.1.0.25, host: fv-az270-420.tacnzluakwdehk1hpragurqkma.bx.internal.cloudapp.net, ports: [REPLICATION=38415, RATIS=45159, RATIS_ADMIN=45159, RATIS_SERVER=45159, STANDALONE=37167], networkLocation: /default-rack, certSerialId: null, persistedOpState: IN_SERVICE, persistedOpStateExpiryEpochSec: 0}be41d154-e08a-4361-999c-a2746058d00f{ip: 10.1.0.25, host: fv-az270-420.tacnzluakwdehk1hpragurqkma.bx.internal.cloudapp.net, ports: [REPLICATION=33191, RATIS=33043, RATIS_ADMIN=33043, RATIS_SERVER=33043, STANDALONE=37769], networkLocation: /default-rack, certSerialId: null, persistedOpState: IN_SERVICE, persistedOpStateExpiryEpochSec: 0}fdb9e53e-0679-45da-9a61-20e122f839df{ip: 10.1.0.25, host: fv-az270-420.tacnzluakwdehk1hpragurqkma.bx.internal.cloudapp.net, ports: [REPLICATION=45811, RATIS=40867, RATIS_ADMIN=40867, RATIS_SERVER=40867, STANDALONE=43325], networkLocation: /default-rack, certSerialId: null, persistedOpState: IN_SERVICE, persistedOpStateExpiryEpochSec: 0}, ReplicationConfig: RATIS/THREE, State:ALLOCATED, leaderId:, CreationTimestamp2021-09-05T01:39:57.399Z[Etc/UTC]] moved to CLOSED state
2021-09-05 01:40:07,945 [EventQueue-StaleNodeForStaleNodeHandler] INFO  pipeline.PipelineManagerImpl (PipelineManagerImpl.java:closePipeline(342)) - Pipeline Pipeline[ Id: 52703f6d-9754-433b-b0cb-a2597fcc6369, Nodes: cff69f77-ea12-413c-a988-d2a44a5ca406{ip: 10.1.0.25, host: fv-az270-420.tacnzluakwdehk1hpragurqkma.bx.internal.cloudapp.net, ports: [REPLICATION=40651, RATIS=34387, RATIS_ADMIN=34387, RATIS_SERVER=34387, STANDALONE=34759], networkLocation: /default-rack, certSerialId: null, persistedOpState: IN_SERVICE, persistedOpStateExpiryEpochSec: 0}be41d154-e08a-4361-999c-a2746058d00f{ip: 10.1.0.25, host: fv-az270-420.tacnzluakwdehk1hpragurqkma.bx.internal.cloudapp.net, ports: [REPLICATION=33191, RATIS=33043, RATIS_ADMIN=33043, RATIS_SERVER=33043, STANDALONE=37769], networkLocation: /default-rack, certSerialId: null, persistedOpState: IN_SERVICE, persistedOpStateExpiryEpochSec: 0}fdb9e53e-0679-45da-9a61-20e122f839df{ip: 10.1.0.25, host: fv-az270-420.tacnzluakwdehk1hpragurqkma.bx.internal.cloudapp.net, ports: [REPLICATION=45811, RATIS=40867, RATIS_ADMIN=40867, RATIS_SERVER=40867, STANDALONE=43325], networkLocation: /default-rack, certSerialId: null, persistedOpState: IN_SERVICE, persistedOpStateExpiryEpochSec: 0}, ReplicationConfig: RATIS/THREE, State:ALLOCATED, leaderId:cff69f77-ea12-413c-a988-d2a44a5ca406, CreationTimestamp2021-09-05T01:39:57.400Z[Etc/UTC]] moved to CLOSED state
2021-09-05 01:40:07,945 [EventQueue-CloseContainerForCloseContainerEventHandler] INFO  container.CloseContainerEventHandler (CloseContainerEventHandler.java:onMessage(69)) - Close container Event triggered for container : #2
2021-09-05 01:40:08,669 [grpc-default-executor-5] WARN  server.GrpcLogAppender (LogUtils.java:warn(122)) - 455161ce-78be-4281-bc2a-a50d1cad5e43@group-1C1C96E5B142->a394a97c-7848-4311-a24c-186851f6b492-AppendLogResponseHandler: Failed appendEntries: org.apache.ratis.thirdparty.io.grpc.StatusRuntimeException: UNAVAILABLE: io exception
2021-09-05 01:40:08,670 [grpc-default-executor-5] WARN  server.GrpcLogAppender (GrpcLogAppender.java:resetClient(111)) - 455161ce-78be-4281-bc2a-a50d1cad5e43@group-1C1C96E5B142->a394a97c-7848-4311-a24c-186851f6b492-GrpcLogAppender: Leader has not got in touch with Follower 455161ce-78be-4281-bc2a-a50d1cad5e43@group-1C1C96E5B142->a394a97c-7848-4311-a24c-186851f6b492(c0,m0,n1, attendVote=true, lastRpcSendTime=2526, lastRpcResponseTime=7548) yet, just keep nextIndex unchanged and retry.
2021-09-05 01:40:08,693 [54b0752d-9f85-41d1-82b7-176712dc42d8@group-A2164613B897-FollowerState] INFO  impl.FollowerState (FollowerState.java:run(134)) - 54b0752d-9f85-41d1-82b7-176712dc42d8@group-A2164613B897-FollowerState: change to CANDIDATE, lastRpcElapsedTime:5039874552ns, electionTimeout:5028ms
2021-09-05 01:40:08,693 [54b0752d-9f85-41d1-82b7-176712dc42d8@group-A2164613B897-FollowerState] INFO  impl.RoleInfo (RoleInfo.java:shutdownFollowerState(108)) - 54b0752d-9f85-41d1-82b7-176712dc42d8: shutdown 54b0752d-9f85-41d1-82b7-176712dc42d8@group-A2164613B897-FollowerState
2021-09-05 01:40:08,693 [54b0752d-9f85-41d1-82b7-176712dc42d8@group-A2164613B897-FollowerState] INFO  server.RaftServer$Division (RaftServerImpl.java:setRole(285)) - 54b0752d-9f85-41d1-82b7-176712dc42d8@group-A2164613B897: changes role from  FOLLOWER to CANDIDATE at term 1 for changeToCandidate
2021-09-05 01:40:08,693 [54b0752d-9f85-41d1-82b7-176712dc42d8@group-A2164613B897-FollowerState] INFO  server.RaftServerConfigKeys (ConfUtils.java:logGet(44)) - raft.server.leaderelection.pre-vote = false (custom)
2021-09-05 01:40:08,693 [54b0752d-9f85-41d1-82b7-176712dc42d8@group-A2164613B897-FollowerState] INFO  impl.RoleInfo (RoleInfo.java:updateAndGet(130)) - 54b0752d-9f85-41d1-82b7-176712dc42d8: start 54b0752d-9f85-41d1-82b7-176712dc42d8@group-A2164613B897-LeaderElection121
2021-09-05 01:40:08,719 [54b0752d-9f85-41d1-82b7-176712dc42d8@group-A2164613B897-LeaderElection121] INFO  impl.LeaderElection (LeaderElection.java:askForVotes(306)) - 54b0752d-9f85-41d1-82b7-176712dc42d8@group-A2164613B897-LeaderElection121 ELECTION round 0: submit vote requests at term 2 for -1: [fdb9e53e-0679-45da-9a61-20e122f839df|rpc:10.1.0.25:40867|dataStream:|priority:1, cff69f77-ea12-413c-a988-d2a44a5ca406|rpc:10.1.0.25:34387|dataStream:|priority:0, 54b0752d-9f85-41d1-82b7-176712dc42d8|rpc:10.1.0.25:45159|dataStream:|priority:0], old=null
2021-09-05 01:40:08,780 [cff69f77-ea12-413c-a988-d2a44a5ca406@group-A2164613B897-FollowerState] INFO  impl.FollowerState (FollowerState.java:run(134)) - cff69f77-ea12-413c-a988-d2a44a5ca406@group-A2164613B897-FollowerState: change to CANDIDATE, lastRpcElapsedTime:5137519810ns, electionTimeout:5136ms
2021-09-05 01:40:08,780 [cff69f77-ea12-413c-a988-d2a44a5ca406@group-A2164613B897-FollowerState] INFO  impl.RoleInfo (RoleInfo.java:shutdownFollowerState(108)) - cff69f77-ea12-413c-a988-d2a44a5ca406: shutdown cff69f77-ea12-413c-a988-d2a44a5ca406@group-A2164613B897-FollowerState
2021-09-05 01:40:08,780 [cff69f77-ea12-413c-a988-d2a44a5ca406@group-A2164613B897-FollowerState] INFO  server.RaftServer$Division (RaftServerImpl.java:setRole(285)) - cff69f77-ea12-413c-a988-d2a44a5ca406@group-A2164613B897: changes role from  FOLLOWER to CANDIDATE at term 1 for changeToCandidate
2021-09-05 01:40:08,787 [54b0752d-9f85-41d1-82b7-176712dc42d8@group-A2164613B897-LeaderElection121] INFO  impl.LeaderElection (LogUtils.java:infoOrTrace(137)) - 54b0752d-9f85-41d1-82b7-176712dc42d8@group-A2164613B897-LeaderElection121 got exception when requesting votes: java.util.concurrent.ExecutionException: org.apache.ratis.thirdparty.io.grpc.StatusRuntimeException: UNAVAILABLE: io exception
2021-09-05 01:40:08,787 [cff69f77-ea12-413c-a988-d2a44a5ca406@group-A2164613B897-FollowerState] INFO  server.RaftServerConfigKeys (ConfUtils.java:logGet(44)) - raft.server.leaderelection.pre-vote = false (custom)
2021-09-05 01:40:08,788 [cff69f77-ea12-413c-a988-d2a44a5ca406@group-A2164613B897-FollowerState] INFO  impl.RoleInfo (RoleInfo.java:updateAndGet(130)) - cff69f77-ea12-413c-a988-d2a44a5ca406: start cff69f77-ea12-413c-a988-d2a44a5ca406@group-A2164613B897-LeaderElection122
2021-09-05 01:40:08,795 [grpc-default-executor-5] INFO  server.RaftServer$Division (RaftServerImpl.java:requestVote(1043)) - cff69f77-ea12-413c-a988-d2a44a5ca406@group-A2164613B897: receive requestVote(ELECTION, 54b0752d-9f85-41d1-82b7-176712dc42d8, group-A2164613B897, 2, (t:0, i:0))
2021-09-05 01:40:08,817 [grpc-default-executor-5] INFO  impl.VoteContext (VoteContext.java:log(48)) - cff69f77-ea12-413c-a988-d2a44a5ca406@group-A2164613B897-CANDIDATE: accept ELECTION from 54b0752d-9f85-41d1-82b7-176712dc42d8: our priority 0 <= candidate's priority 0
2021-09-05 01:40:08,817 [grpc-default-executor-5] INFO  server.RaftServer$Division (RaftServerImpl.java:setRole(285)) - cff69f77-ea12-413c-a988-d2a44a5ca406@group-A2164613B897: changes role from CANDIDATE to FOLLOWER at term 2 for candidate:54b0752d-9f85-41d1-82b7-176712dc42d8
2021-09-05 01:40:08,817 [grpc-default-executor-5] INFO  impl.RoleInfo (RoleInfo.java:shutdownLeaderElection(121)) - cff69f77-ea12-413c-a988-d2a44a5ca406: shutdown cff69f77-ea12-413c-a988-d2a44a5ca406@group-A2164613B897-LeaderElection122
2021-09-05 01:40:08,817 [grpc-default-executor-5] INFO  impl.RoleInfo (RoleInfo.java:updateAndGet(130)) - cff69f77-ea12-413c-a988-d2a44a5ca406: start cff69f77-ea12-413c-a988-d2a44a5ca406@group-A2164613B897-FollowerState
2021-09-05 01:40:08,818 [cff69f77-ea12-413c-a988-d2a44a5ca406@group-A2164613B897-LeaderElection122] INFO  impl.LeaderElection (LeaderElection.java:run(230)) - cff69f77-ea12-413c-a988-d2a44a5ca406@group-A2164613B897-LeaderElection122: skip running since this is already CLOSING
2021-09-05 01:40:08,822 [grpc-default-executor-5] INFO  server.RaftServer$Division (RaftServerImpl.java:requestVote(1075)) - cff69f77-ea12-413c-a988-d2a44a5ca406@group-A2164613B897 replies to ELECTION vote request: 54b0752d-9f85-41d1-82b7-176712dc42d8<-cff69f77-ea12-413c-a988-d2a44a5ca406#0:OK-t2. Peer's state: cff69f77-ea12-413c-a988-d2a44a5ca406@group-A2164613B897:t2, leader=null, voted=54b0752d-9f85-41d1-82b7-176712dc42d8, raftlog=cff69f77-ea12-413c-a988-d2a44a5ca406@group-A2164613B897-SegmentedRaftLog:OPENED:c-1,f-1,i0, conf=-1: [fdb9e53e-0679-45da-9a61-20e122f839df|rpc:10.1.0.25:40867|priority:1, cff69f77-ea12-413c-a988-d2a44a5ca406|rpc:10.1.0.25:34387|priority:0, 54b0752d-9f85-41d1-82b7-176712dc42d8|rpc:10.1.0.25:45159|priority:0], old=null
2021-09-05 01:40:08,865 [54b0752d-9f85-41d1-82b7-176712dc42d8@group-A2164613B897-LeaderElection121] INFO  impl.LeaderElection (LeaderElection.java:logAndReturn(89)) - 54b0752d-9f85-41d1-82b7-176712dc42d8@group-A2164613B897-LeaderElection121: ELECTION PASSED received 1 response(s) and 1 exception(s):
2021-09-05 01:40:08,865 [54b0752d-9f85-41d1-82b7-176712dc42d8@group-A2164613B897-LeaderElection121] INFO  impl.LeaderElection (LeaderElection.java:logAndReturn(93)) -   Response 0: 54b0752d-9f85-41d1-82b7-176712dc42d8<-cff69f77-ea12-413c-a988-d2a44a5ca406#0:OK-t2
2021-09-05 01:40:08,865 [54b0752d-9f85-41d1-82b7-176712dc42d8@group-A2164613B897-LeaderElection121] INFO  impl.LeaderElection (LogUtils.java:infoOrTrace(137)) -   Exception 1: java.util.concurrent.ExecutionException: org.apache.ratis.thirdparty.io.grpc.StatusRuntimeException: UNAVAILABLE: io exception
2021-09-05 01:40:08,865 [54b0752d-9f85-41d1-82b7-176712dc42d8@group-A2164613B897-LeaderElection121] INFO  impl.LeaderElection (LeaderElection.java:askForVotes(308)) - 54b0752d-9f85-41d1-82b7-176712dc42d8@group-A2164613B897-LeaderElection121 ELECTION round 0: result PASSED
2021-09-05 01:40:08,865 [54b0752d-9f85-41d1-82b7-176712dc42d8@group-A2164613B897-LeaderElection121] INFO  impl.RoleInfo (RoleInfo.java:shutdownLeaderElection(121)) - 54b0752d-9f85-41d1-82b7-176712dc42d8: shutdown 54b0752d-9f85-41d1-82b7-176712dc42d8@group-A2164613B897-LeaderElection121
2021-09-05 01:40:08,865 [54b0752d-9f85-41d1-82b7-176712dc42d8@group-A2164613B897-LeaderElection121] INFO  server.RaftServer$Division (RaftServerImpl.java:setRole(285)) - 54b0752d-9f85-41d1-82b7-176712dc42d8@group-A2164613B897: changes role from CANDIDATE to LEADER at term 2 for changeToLeader
2021-09-05 01:40:08,865 [54b0752d-9f85-41d1-82b7-176712dc42d8@group-A2164613B897-LeaderElection121] INFO  ratis.XceiverServerRatis (XceiverServerRatis.java:handleLeaderChangedNotification(861)) - Leader change notification received for group: group-A2164613B897 with new leaderId: 54b0752d-9f85-41d1-82b7-176712dc42d8
2021-09-05 01:40:08,865 [54b0752d-9f85-41d1-82b7-176712dc42d8@group-A2164613B897-LeaderElection121] INFO  server.RaftServer$Division (ServerState.java:setLeader(285)) - 54b0752d-9f85-41d1-82b7-176712dc42d8@group-A2164613B897: change Leader from null to 54b0752d-9f85-41d1-82b7-176712dc42d8 at term 2 for becomeLeader, leader elected after 10232ms
2021-09-05 01:40:08,865 [54b0752d-9f85-41d1-82b7-176712dc42d8@group-A2164613B897-LeaderElection121] INFO  server.RaftServerConfigKeys (ConfUtils.java:logGet(44)) - raft.server.staging.catchup.gap = 1000 (default)
2021-09-05 01:40:08,865 [54b0752d-9f85-41d1-82b7-176712dc42d8@group-A2164613B897-LeaderElection121] INFO  server.RaftServerConfigKeys (ConfUtils.java:logGet(44)) - raft.server.write.element-limit = 1024 (custom)
2021-09-05 01:40:08,865 [54b0752d-9f85-41d1-82b7-176712dc42d8@group-A2164613B897-LeaderElection121] INFO  server.RaftServerConfigKeys (ConfUtils.java:logGet(44)) - raft.server.write.byte-limit = 1024 M (=1073741824) (custom)
2021-09-05 01:40:08,866 [54b0752d-9f85-41d1-82b7-176712dc42d8@group-A2164613B897-LeaderElection121] INFO  server.RaftServerConfigKeys (ConfUtils.java:logGet(44)) - raft.server.watch.timeout = 3000ms (custom)
2021-09-05 01:40:08,866 [54b0752d-9f85-41d1-82b7-176712dc42d8@group-A2164613B897-LeaderElection121] INFO  server.RaftServerConfigKeys (ConfUtils.java:logGet(44)) - raft.server.watch.timeout.denomination = 1s (default)
2021-09-05 01:40:08,866 [54b0752d-9f85-41d1-82b7-176712dc42d8@group-A2164613B897-LeaderElection121] INFO  server.RaftServerConfigKeys (ConfUtils.java:logGet(44)) - raft.server.watch.element-limit = 65536 (default)
2021-09-05 01:40:08,866 [54b0752d-9f85-41d1-82b7-176712dc42d8@group-A2164613B897-LeaderElection121] INFO  server.RaftServerConfigKeys (ConfUtils.java:logGet(44)) - raft.server.log.appender.snapshot.chunk.size.max = 16MB (=16777216) (default)
2021-09-05 01:40:08,866 [54b0752d-9f85-41d1-82b7-176712dc42d8@group-A2164613B897-LeaderElection121] INFO  server.RaftServerConfigKeys (ConfUtils.java:logGet(44)) - raft.server.log.appender.buffer.byte-limit = 33554432 (custom)
2021-09-05 01:40:08,866 [54b0752d-9f85-41d1-82b7-176712dc42d8@group-A2164613B897-LeaderElection121] INFO  server.RaftServerConfigKeys (ConfUtils.java:logGet(44)) - raft.server.log.appender.buffer.element-limit = 1 (custom)
2021-09-05 01:40:08,866 [54b0752d-9f85-41d1-82b7-176712dc42d8@group-A2164613B897-LeaderElection121] INFO  grpc.GrpcConfigKeys (ConfUtils.java:logGet(44)) - raft.grpc.server.leader.outstanding.appends.max = 128 (default)
2021-09-05 01:40:08,866 [54b0752d-9f85-41d1-82b7-176712dc42d8@group-A2164613B897-LeaderElection121] INFO  server.RaftServerConfigKeys (ConfUtils.java:logGet(44)) - raft.server.rpc.request.timeout = 3000ms (default)
2021-09-05 01:40:08,866 [54b0752d-9f85-41d1-82b7-176712dc42d8@group-A2164613B897-LeaderElection121] INFO  server.RaftServerConfigKeys (ConfUtils.java:logGet(44)) - raft.server.log.appender.install.snapshot.enabled = false (custom)
2021-09-05 01:40:08,867 [54b0752d-9f85-41d1-82b7-176712dc42d8@group-A2164613B897-LeaderElection121] INFO  server.RaftServerConfigKeys (ConfUtils.java:logGet(44)) - raft.server.log.appender.snapshot.chunk.size.max = 16MB (=16777216) (default)
2021-09-05 01:40:08,868 [54b0752d-9f85-41d1-82b7-176712dc42d8@group-A2164613B897-LeaderElection121] INFO  server.RaftServerConfigKeys (ConfUtils.java:logGet(44)) - raft.server.log.appender.buffer.byte-limit = 33554432 (custom)
2021-09-05 01:40:08,868 [54b0752d-9f85-41d1-82b7-176712dc42d8@group-A2164613B897-LeaderElection121] INFO  server.RaftServerConfigKeys (ConfUtils.java:logGet(44)) - raft.server.log.appender.buffer.element-limit = 1 (custom)
2021-09-05 01:40:08,868 [54b0752d-9f85-41d1-82b7-176712dc42d8@group-A2164613B897-LeaderElection121] INFO  grpc.GrpcConfigKeys (ConfUtils.java:logGet(44)) - raft.grpc.server.leader.outstanding.appends.max = 128 (default)
2021-09-05 01:40:08,868 [54b0752d-9f85-41d1-82b7-176712dc42d8@group-A2164613B897-LeaderElection121] INFO  server.RaftServerConfigKeys (ConfUtils.java:logGet(44)) - raft.server.rpc.request.timeout = 3000ms (default)
2021-09-05 01:40:08,868 [54b0752d-9f85-41d1-82b7-176712dc42d8@group-A2164613B897-LeaderElection121] INFO  server.RaftServerConfigKeys (ConfUtils.java:logGet(44)) - raft.server.log.appender.install.snapshot.enabled = false (custom)
2021-09-05 01:40:08,869 [54b0752d-9f85-41d1-82b7-176712dc42d8@group-A2164613B897-LeaderElection121] INFO  impl.RoleInfo (RoleInfo.java:updateAndGet(130)) - 54b0752d-9f85-41d1-82b7-176712dc42d8: start 54b0752d-9f85-41d1-82b7-176712dc42d8@group-A2164613B897-LeaderStateImpl
2021-09-05 01:40:08,871 [54b0752d-9f85-41d1-82b7-176712dc42d8@group-A2164613B897-LeaderElection121] INFO  segmented.SegmentedRaftLogWorker (SegmentedRaftLogWorker.java:startLogSegment(394)) - 54b0752d-9f85-41d1-82b7-176712dc42d8@group-A2164613B897-SegmentedRaftLogWorker: Starting segment from index:0
2021-09-05 01:40:08,873 [54b0752d-9f85-41d1-82b7-176712dc42d8@group-A2164613B897-SegmentedRaftLogWorker] INFO  segmented.SegmentedRaftLogWorker (SegmentedRaftLogWorker.java:execute(601)) - 54b0752d-9f85-41d1-82b7-176712dc42d8@group-A2164613B897-SegmentedRaftLogWorker: created new log segment /home/runner/work/ozone/ozone/hadoop-ozone/integration-test/target/test-dir/MiniOzoneClusterImpl-37340386-36af-4fa8-9723-b8f583b28ff6/datanode-6/data/ratis/d2b771ec-915a-42be-9e6e-a2164613b897/current/log_inprogress_0
2021-09-05 01:40:08,895 [grpc-default-executor-5] WARN  server.GrpcLogAppender (LogUtils.java:warn(122)) - 54b0752d-9f85-41d1-82b7-176712dc42d8@group-A2164613B897->fdb9e53e-0679-45da-9a61-20e122f839df-AppendLogResponseHandler: Failed appendEntries: org.apache.ratis.thirdparty.io.grpc.StatusRuntimeException: UNAVAILABLE: io exception
2021-09-05 01:40:08,918 [grpc-default-executor-5] WARN  server.GrpcLogAppender (GrpcLogAppender.java:resetClient(111)) - 54b0752d-9f85-41d1-82b7-176712dc42d8@group-A2164613B897->fdb9e53e-0679-45da-9a61-20e122f839df-GrpcLogAppender: Leader has not got in touch with Follower 54b0752d-9f85-41d1-82b7-176712dc42d8@group-A2164613B897->fdb9e53e-0679-45da-9a61-20e122f839df(c-1,m0,n1, attendVote=true, lastRpcSendTime=21, lastRpcResponseTime=5251) yet, just keep nextIndex unchanged and retry.
2021-09-05 01:40:08,965 [grpc-default-executor-2] INFO  ratis.XceiverServerRatis (XceiverServerRatis.java:handleLeaderChangedNotification(861)) - Leader change notification received for group: group-A2164613B897 with new leaderId: 54b0752d-9f85-41d1-82b7-176712dc42d8
2021-09-05 01:40:08,965 [grpc-default-executor-2] INFO  server.RaftServer$Division (ServerState.java:setLeader(285)) - cff69f77-ea12-413c-a988-d2a44a5ca406@group-A2164613B897: change Leader from null to 54b0752d-9f85-41d1-82b7-176712dc42d8 at term 2 for appendEntries, leader elected after 10563ms
2021-09-05 01:40:08,984 [54b0752d-9f85-41d1-82b7-176712dc42d8@group-A2164613B897-LeaderElection121] INFO  server.RaftServer$Division (ServerState.java:setRaftConf(387)) - 54b0752d-9f85-41d1-82b7-176712dc42d8@group-A2164613B897: set configuration 0: [fdb9e53e-0679-45da-9a61-20e122f839df|rpc:10.1.0.25:40867|dataStream:|priority:1, cff69f77-ea12-413c-a988-d2a44a5ca406|rpc:10.1.0.25:34387|dataStream:|priority:0, 54b0752d-9f85-41d1-82b7-176712dc42d8|rpc:10.1.0.25:45159|dataStream:|priority:0], old=null
2021-09-05 01:40:08,985 [grpc-default-executor-2] INFO  server.RaftServer$Division (ServerState.java:setRaftConf(387)) - cff69f77-ea12-413c-a988-d2a44a5ca406@group-A2164613B897: set configuration 0: [fdb9e53e-0679-45da-9a61-20e122f839df|rpc:10.1.0.25:40867|dataStream:|priority:1, cff69f77-ea12-413c-a988-d2a44a5ca406|rpc:10.1.0.25:34387|dataStream:|priority:0, 54b0752d-9f85-41d1-82b7-176712dc42d8|rpc:10.1.0.25:45159|dataStream:|priority:0], old=null
2021-09-05 01:40:08,997 [grpc-default-executor-2] INFO  segmented.SegmentedRaftLogWorker (SegmentedRaftLogWorker.java:startLogSegment(394)) - cff69f77-ea12-413c-a988-d2a44a5ca406@group-A2164613B897-SegmentedRaftLogWorker: Starting segment from index:0
2021-09-05 01:40:09,008 [cff69f77-ea12-413c-a988-d2a44a5ca406@group-A2164613B897-SegmentedRaftLogWorker] INFO  segmented.SegmentedRaftLogWorker (SegmentedRaftLogWorker.java:execute(601)) - cff69f77-ea12-413c-a988-d2a44a5ca406@group-A2164613B897-SegmentedRaftLogWorker: created new log segment /home/runner/work/ozone/ozone/hadoop-ozone/integration-test/target/test-dir/MiniOzoneClusterImpl-37340386-36af-4fa8-9723-b8f583b28ff6/datanode-0/data/ratis/d2b771ec-915a-42be-9e6e-a2164613b897/current/log_inprogress_0
2021-09-05 01:40:09,425 [54b0752d-9f85-41d1-82b7-176712dc42d8@group-17CA38D5857E-FollowerState] INFO  impl.FollowerState (FollowerState.java:run(134)) - 54b0752d-9f85-41d1-82b7-176712dc42d8@group-17CA38D5857E-FollowerState: change to CANDIDATE, lastRpcElapsedTime:5041209960ns, electionTimeout:5023ms
2021-09-05 01:40:09,425 [54b0752d-9f85-41d1-82b7-176712dc42d8@group-17CA38D5857E-FollowerState] INFO  impl.RoleInfo (RoleInfo.java:shutdownFollowerState(108)) - 54b0752d-9f85-41d1-82b7-176712dc42d8: shutdown 54b0752d-9f85-41d1-82b7-176712dc42d8@group-17CA38D5857E-FollowerState
2021-09-05 01:40:09,425 [54b0752d-9f85-41d1-82b7-176712dc42d8@group-17CA38D5857E-FollowerState] INFO  server.RaftServer$Division (RaftServerImpl.java:setRole(285)) - 54b0752d-9f85-41d1-82b7-176712dc42d8@group-17CA38D5857E: changes role from  FOLLOWER to CANDIDATE at term 1 for changeToCandidate
2021-09-05 01:40:09,425 [54b0752d-9f85-41d1-82b7-176712dc42d8@group-17CA38D5857E-FollowerState] INFO  server.RaftServerConfigKeys (ConfUtils.java:logGet(44)) - raft.server.leaderelection.pre-vote = false (custom)
2021-09-05 01:40:09,425 [54b0752d-9f85-41d1-82b7-176712dc42d8@group-17CA38D5857E-FollowerState] INFO  impl.RoleInfo (RoleInfo.java:updateAndGet(130)) - 54b0752d-9f85-41d1-82b7-176712dc42d8: start 54b0752d-9f85-41d1-82b7-176712dc42d8@group-17CA38D5857E-LeaderElection123
2021-09-05 01:40:09,451 [54b0752d-9f85-41d1-82b7-176712dc42d8@group-17CA38D5857E-LeaderElection123] INFO  impl.LeaderElection (LeaderElection.java:askForVotes(306)) - 54b0752d-9f85-41d1-82b7-176712dc42d8@group-17CA38D5857E-LeaderElection123 ELECTION round 0: submit vote requests at term 2 for -1: [fdb9e53e-0679-45da-9a61-20e122f839df|rpc:10.1.0.25:40867|priority:0, be41d154-e08a-4361-999c-a2746058d00f|rpc:10.1.0.25:33043|priority:1, 54b0752d-9f85-41d1-82b7-176712dc42d8|rpc:10.1.0.25:45159|priority:0], old=null
2021-09-05 01:40:09,461 [54b0752d-9f85-41d1-82b7-176712dc42d8@group-17CA38D5857E-LeaderElection123] INFO  impl.LeaderElection (LogUtils.java:infoOrTrace(137)) - 54b0752d-9f85-41d1-82b7-176712dc42d8@group-17CA38D5857E-LeaderElection123 got exception when requesting votes: java.util.concurrent.ExecutionException: org.apache.ratis.thirdparty.io.grpc.StatusRuntimeException: UNAVAILABLE: io exception
2021-09-05 01:40:09,466 [grpc-default-executor-2] INFO  server.RaftServer$Division (RaftServerImpl.java:requestVote(1043)) - be41d154-e08a-4361-999c-a2746058d00f@group-17CA38D5857E: receive requestVote(ELECTION, 54b0752d-9f85-41d1-82b7-176712dc42d8, group-17CA38D5857E, 2, (t:0, i:0))
2021-09-05 01:40:09,467 [grpc-default-executor-2] INFO  impl.VoteContext (VoteContext.java:log(48)) - be41d154-e08a-4361-999c-a2746058d00f@group-17CA38D5857E-FOLLOWER: reject ELECTION from 54b0752d-9f85-41d1-82b7-176712dc42d8: our priority 1 > candidate's priority 0
2021-09-05 01:40:09,467 [grpc-default-executor-2] INFO  server.RaftServer$Division (RaftServerImpl.java:setRole(285)) - be41d154-e08a-4361-999c-a2746058d00f@group-17CA38D5857E: changes role from  FOLLOWER to FOLLOWER at term 2 for candidate:54b0752d-9f85-41d1-82b7-176712dc42d8
2021-09-05 01:40:09,467 [grpc-default-executor-2] INFO  impl.RoleInfo (RoleInfo.java:shutdownFollowerState(108)) - be41d154-e08a-4361-999c-a2746058d00f: shutdown be41d154-e08a-4361-999c-a2746058d00f@group-17CA38D5857E-FollowerState
2021-09-05 01:40:09,467 [grpc-default-executor-2] INFO  impl.RoleInfo (RoleInfo.java:updateAndGet(130)) - be41d154-e08a-4361-999c-a2746058d00f: start be41d154-e08a-4361-999c-a2746058d00f@group-17CA38D5857E-FollowerState
2021-09-05 01:40:09,473 [be41d154-e08a-4361-999c-a2746058d00f@group-17CA38D5857E-FollowerState] INFO  impl.FollowerState (FollowerState.java:run(143)) - be41d154-e08a-4361-999c-a2746058d00f@group-17CA38D5857E-FollowerState was interrupted: {}
java.lang.InterruptedException: sleep interrupted
	at java.lang.Thread.sleep(Native Method)
	at java.lang.Thread.sleep(Thread.java:340)
	at java.util.concurrent.TimeUnit.sleep(TimeUnit.java:386)
	at org.apache.ratis.util.TimeDuration.sleep(TimeDuration.java:324)
	at org.apache.ratis.util.TimeDuration.sleep(TimeDuration.java:309)
	at org.apache.ratis.server.impl.FollowerState.run(FollowerState.java:118)
2021-09-05 01:40:09,475 [grpc-default-executor-2] INFO  server.RaftServer$Division (RaftServerImpl.java:requestVote(1075)) - be41d154-e08a-4361-999c-a2746058d00f@group-17CA38D5857E replies to ELECTION vote request: 54b0752d-9f85-41d1-82b7-176712dc42d8<-be41d154-e08a-4361-999c-a2746058d00f#0:FAIL-t2. Peer's state: be41d154-e08a-4361-999c-a2746058d00f@group-17CA38D5857E:t2, leader=null, voted=null, raftlog=be41d154-e08a-4361-999c-a2746058d00f@group-17CA38D5857E-SegmentedRaftLog:OPENED:c-1,f-1,i0, conf=-1: [fdb9e53e-0679-45da-9a61-20e122f839df|rpc:10.1.0.25:40867|priority:0, be41d154-e08a-4361-999c-a2746058d00f|rpc:10.1.0.25:33043|priority:1, 54b0752d-9f85-41d1-82b7-176712dc42d8|rpc:10.1.0.25:45159|priority:0], old=null
2021-09-05 01:40:09,475 [54b0752d-9f85-41d1-82b7-176712dc42d8@group-17CA38D5857E-LeaderElection123] INFO  impl.LeaderElection (LeaderElection.java:logAndReturn(89)) - 54b0752d-9f85-41d1-82b7-176712dc42d8@group-17CA38D5857E-LeaderElection123: ELECTION REJECTED received 1 response(s) and 1 exception(s):
2021-09-05 01:40:09,475 [54b0752d-9f85-41d1-82b7-176712dc42d8@group-17CA38D5857E-LeaderElection123] INFO  impl.LeaderElection (LeaderElection.java:logAndReturn(93)) -   Response 0: 54b0752d-9f85-41d1-82b7-176712dc42d8<-be41d154-e08a-4361-999c-a2746058d00f#0:FAIL-t2
2021-09-05 01:40:09,476 [54b0752d-9f85-41d1-82b7-176712dc42d8@group-17CA38D5857E-LeaderElection123] INFO  impl.LeaderElection (LogUtils.java:infoOrTrace(137)) -   Exception 1: java.util.concurrent.ExecutionException: org.apache.ratis.thirdparty.io.grpc.StatusRuntimeException: UNAVAILABLE: io exception
2021-09-05 01:40:09,476 [54b0752d-9f85-41d1-82b7-176712dc42d8@group-17CA38D5857E-LeaderElection123] INFO  impl.LeaderElection (LeaderElection.java:askForVotes(308)) - 54b0752d-9f85-41d1-82b7-176712dc42d8@group-17CA38D5857E-LeaderElection123 ELECTION round 0: result REJECTED
2021-09-05 01:40:09,476 [54b0752d-9f85-41d1-82b7-176712dc42d8@group-17CA38D5857E-LeaderElection123] INFO  server.RaftServer$Division (RaftServerImpl.java:setRole(285)) - 54b0752d-9f85-41d1-82b7-176712dc42d8@group-17CA38D5857E: changes role from CANDIDATE to FOLLOWER at term 2 for REJECTED
2021-09-05 01:40:09,476 [54b0752d-9f85-41d1-82b7-176712dc42d8@group-17CA38D5857E-LeaderElection123] INFO  impl.RoleInfo (RoleInfo.java:shutdownLeaderElection(121)) - 54b0752d-9f85-41d1-82b7-176712dc42d8: shutdown 54b0752d-9f85-41d1-82b7-176712dc42d8@group-17CA38D5857E-LeaderElection123
2021-09-05 01:40:09,476 [54b0752d-9f85-41d1-82b7-176712dc42d8@group-17CA38D5857E-LeaderElection123] INFO  impl.RoleInfo (RoleInfo.java:updateAndGet(130)) - 54b0752d-9f85-41d1-82b7-176712dc42d8: start 54b0752d-9f85-41d1-82b7-176712dc42d8@group-17CA38D5857E-FollowerState
2021-09-05 01:40:09,520 [grpc-default-executor-2] WARN  server.GrpcLogAppender (LogUtils.java:warn(122)) - cff69f77-ea12-413c-a988-d2a44a5ca406@group-A2597FCC6369->fdb9e53e-0679-45da-9a61-20e122f839df-AppendLogResponseHandler: Failed appendEntries: org.apache.ratis.thirdparty.io.grpc.StatusRuntimeException: UNAVAILABLE: io exception
2021-09-05 01:40:09,521 [grpc-default-executor-2] WARN  server.GrpcLogAppender (GrpcLogAppender.java:resetClient(111)) - cff69f77-ea12-413c-a988-d2a44a5ca406@group-A2597FCC6369->fdb9e53e-0679-45da-9a61-20e122f839df-GrpcLogAppender: Leader has not got in touch with Follower cff69f77-ea12-413c-a988-d2a44a5ca406@group-A2597FCC6369->fdb9e53e-0679-45da-9a61-20e122f839df(c-1,m0,n1, attendVote=true, lastRpcSendTime=2516, lastRpcResponseTime=10320) yet, just keep nextIndex unchanged and retry.
2021-09-05 01:40:09,693 [grpc-default-executor-2] WARN  server.GrpcLogAppender (LogUtils.java:warn(122)) - aa0f76fc-0af9-4fba-891f-e6382fa98fe4@group-8DE473E54637->a394a97c-7848-4311-a24c-186851f6b492-AppendLogResponseHandler: Failed appendEntries: org.apache.ratis.thirdparty.io.grpc.StatusRuntimeException: UNAVAILABLE: io exception
2021-09-05 01:40:09,693 [grpc-default-executor-2] WARN  server.GrpcLogAppender (GrpcLogAppender.java:resetClient(111)) - aa0f76fc-0af9-4fba-891f-e6382fa98fe4@group-8DE473E54637->a394a97c-7848-4311-a24c-186851f6b492-GrpcLogAppender: Leader has not got in touch with Follower aa0f76fc-0af9-4fba-891f-e6382fa98fe4@group-8DE473E54637->a394a97c-7848-4311-a24c-186851f6b492(c0,m0,n1, attendVote=true, lastRpcSendTime=3, lastRpcResponseTime=7553) yet, just keep nextIndex unchanged and retry.
2021-09-05 01:40:11,189 [grpc-default-executor-5] WARN  server.GrpcLogAppender (LogUtils.java:warn(122)) - 455161ce-78be-4281-bc2a-a50d1cad5e43@group-1C1C96E5B142->a394a97c-7848-4311-a24c-186851f6b492-AppendLogResponseHandler: Failed appendEntries: org.apache.ratis.thirdparty.io.grpc.StatusRuntimeException: UNAVAILABLE: io exception
2021-09-05 01:40:11,190 [grpc-default-executor-5] WARN  server.GrpcLogAppender (GrpcLogAppender.java:resetClient(111)) - 455161ce-78be-4281-bc2a-a50d1cad5e43@group-1C1C96E5B142->a394a97c-7848-4311-a24c-186851f6b492-GrpcLogAppender: Leader has not got in touch with Follower 455161ce-78be-4281-bc2a-a50d1cad5e43@group-1C1C96E5B142->a394a97c-7848-4311-a24c-186851f6b492(c0,m0,n1, attendVote=true, lastRpcSendTime=0, lastRpcResponseTime=10068) yet, just keep nextIndex unchanged and retry.
2021-09-05 01:40:11,389 [aa0f76fc-0af9-4fba-891f-e6382fa98fe4@group-9820ECCA99ED-FollowerState] INFO  impl.FollowerState (FollowerState.java:run(134)) - aa0f76fc-0af9-4fba-891f-e6382fa98fe4@group-9820ECCA99ED-FollowerState: change to CANDIDATE, lastRpcElapsedTime:7734307803ns, electionTimeout:5060ms
2021-09-05 01:40:11,389 [aa0f76fc-0af9-4fba-891f-e6382fa98fe4@group-9820ECCA99ED-FollowerState] INFO  impl.RoleInfo (RoleInfo.java:shutdownFollowerState(108)) - aa0f76fc-0af9-4fba-891f-e6382fa98fe4: shutdown aa0f76fc-0af9-4fba-891f-e6382fa98fe4@group-9820ECCA99ED-FollowerState
2021-09-05 01:40:11,389 [aa0f76fc-0af9-4fba-891f-e6382fa98fe4@group-9820ECCA99ED-FollowerState] INFO  server.RaftServer$Division (RaftServerImpl.java:setRole(285)) - aa0f76fc-0af9-4fba-891f-e6382fa98fe4@group-9820ECCA99ED: changes role from  FOLLOWER to CANDIDATE at term 4 for changeToCandidate
2021-09-05 01:40:11,389 [aa0f76fc-0af9-4fba-891f-e6382fa98fe4@group-9820ECCA99ED-FollowerState] INFO  server.RaftServerConfigKeys (ConfUtils.java:logGet(44)) - raft.server.leaderelection.pre-vote = false (custom)
2021-09-05 01:40:11,389 [aa0f76fc-0af9-4fba-891f-e6382fa98fe4@group-9820ECCA99ED-FollowerState] INFO  impl.RoleInfo (RoleInfo.java:updateAndGet(130)) - aa0f76fc-0af9-4fba-891f-e6382fa98fe4: start aa0f76fc-0af9-4fba-891f-e6382fa98fe4@group-9820ECCA99ED-LeaderElection124
2021-09-05 01:40:11,415 [aa0f76fc-0af9-4fba-891f-e6382fa98fe4@group-9820ECCA99ED-LeaderElection124] INFO  server.RaftServer$Division (ServerState.java:setLeader(285)) - aa0f76fc-0af9-4fba-891f-e6382fa98fe4@group-9820ECCA99ED: change Leader from a394a97c-7848-4311-a24c-186851f6b492 to null at term 4 for ELECTION
2021-09-05 01:40:11,422 [aa0f76fc-0af9-4fba-891f-e6382fa98fe4@group-9820ECCA99ED-LeaderElection124] INFO  impl.LeaderElection (LeaderElection.java:askForVotes(306)) - aa0f76fc-0af9-4fba-891f-e6382fa98fe4@group-9820ECCA99ED-LeaderElection124 ELECTION round 0: submit vote requests at term 5 for 0: [455161ce-78be-4281-bc2a-a50d1cad5e43|rpc:10.1.0.25:40081|dataStream:|priority:0, a394a97c-7848-4311-a24c-186851f6b492|rpc:10.1.0.25:38701|dataStream:|priority:1, aa0f76fc-0af9-4fba-891f-e6382fa98fe4|rpc:10.1.0.25:36313|dataStream:|priority:0], old=null
2021-09-05 01:40:11,438 [grpc-default-executor-5] WARN  server.GrpcLogAppender (LogUtils.java:warn(122)) - 54b0752d-9f85-41d1-82b7-176712dc42d8@group-A2164613B897->fdb9e53e-0679-45da-9a61-20e122f839df-AppendLogResponseHandler: Failed appendEntries: org.apache.ratis.thirdparty.io.grpc.StatusRuntimeException: UNAVAILABLE: io exception
2021-09-05 01:40:11,439 [grpc-default-executor-5] WARN  server.GrpcLogAppender (GrpcLogAppender.java:resetClient(111)) - 54b0752d-9f85-41d1-82b7-176712dc42d8@group-A2164613B897->fdb9e53e-0679-45da-9a61-20e122f839df-GrpcLogAppender: Leader has not got in touch with Follower 54b0752d-9f85-41d1-82b7-176712dc42d8@group-A2164613B897->fdb9e53e-0679-45da-9a61-20e122f839df(c-1,m0,n1, attendVote=true, lastRpcSendTime=0, lastRpcResponseTime=7772) yet, just keep nextIndex unchanged and retry.
2021-09-05 01:40:11,454 [grpc-default-executor-5] INFO  server.RaftServer$Division (RaftServerImpl.java:requestVote(1043)) - 455161ce-78be-4281-bc2a-a50d1cad5e43@group-9820ECCA99ED: receive requestVote(ELECTION, aa0f76fc-0af9-4fba-891f-e6382fa98fe4, group-9820ECCA99ED, 5, (t:4, i:0))
2021-09-05 01:40:11,454 [grpc-default-executor-5] INFO  impl.VoteContext (VoteContext.java:log(48)) - 455161ce-78be-4281-bc2a-a50d1cad5e43@group-9820ECCA99ED-FOLLOWER: accept ELECTION from aa0f76fc-0af9-4fba-891f-e6382fa98fe4: our priority 0 <= candidate's priority 0
2021-09-05 01:40:11,454 [grpc-default-executor-5] INFO  server.RaftServer$Division (ServerState.java:setLeader(285)) - 455161ce-78be-4281-bc2a-a50d1cad5e43@group-9820ECCA99ED: change Leader from a394a97c-7848-4311-a24c-186851f6b492 to null at term 5 for updateCurrentTerm
2021-09-05 01:40:11,454 [grpc-default-executor-5] INFO  server.RaftServer$Division (RaftServerImpl.java:setRole(285)) - 455161ce-78be-4281-bc2a-a50d1cad5e43@group-9820ECCA99ED: changes role from  FOLLOWER to FOLLOWER at term 5 for candidate:aa0f76fc-0af9-4fba-891f-e6382fa98fe4
2021-09-05 01:40:11,454 [grpc-default-executor-5] INFO  impl.RoleInfo (RoleInfo.java:shutdownFollowerState(108)) - 455161ce-78be-4281-bc2a-a50d1cad5e43: shutdown 455161ce-78be-4281-bc2a-a50d1cad5e43@group-9820ECCA99ED-FollowerState
2021-09-05 01:40:11,473 [grpc-default-executor-5] INFO  impl.RoleInfo (RoleInfo.java:updateAndGet(130)) - 455161ce-78be-4281-bc2a-a50d1cad5e43: start 455161ce-78be-4281-bc2a-a50d1cad5e43@group-9820ECCA99ED-FollowerState
2021-09-05 01:40:11,473 [455161ce-78be-4281-bc2a-a50d1cad5e43@group-9820ECCA99ED-FollowerState] INFO  impl.FollowerState (FollowerState.java:run(143)) - 455161ce-78be-4281-bc2a-a50d1cad5e43@group-9820ECCA99ED-FollowerState was interrupted: {}
java.lang.InterruptedException: sleep interrupted
	at java.lang.Thread.sleep(Native Method)
	at java.lang.Thread.sleep(Thread.java:340)
	at java.util.concurrent.TimeUnit.sleep(TimeUnit.java:386)
	at org.apache.ratis.util.TimeDuration.sleep(TimeDuration.java:324)
	at org.apache.ratis.util.TimeDuration.sleep(TimeDuration.java:309)
	at org.apache.ratis.server.impl.FollowerState.run(FollowerState.java:118)
2021-09-05 01:40:11,486 [aa0f76fc-0af9-4fba-891f-e6382fa98fe4@group-9820ECCA99ED-LeaderElection124] INFO  impl.LeaderElection (LogUtils.java:infoOrTrace(137)) - aa0f76fc-0af9-4fba-891f-e6382fa98fe4@group-9820ECCA99ED-LeaderElection124 got exception when requesting votes: java.util.concurrent.ExecutionException: org.apache.ratis.thirdparty.io.grpc.StatusRuntimeException: UNAVAILABLE: io exception
2021-09-05 01:40:11,487 [grpc-default-executor-5] INFO  server.RaftServer$Division (RaftServerImpl.java:requestVote(1075)) - 455161ce-78be-4281-bc2a-a50d1cad5e43@group-9820ECCA99ED replies to ELECTION vote request: aa0f76fc-0af9-4fba-891f-e6382fa98fe4<-455161ce-78be-4281-bc2a-a50d1cad5e43#0:OK-t5. Peer's state: 455161ce-78be-4281-bc2a-a50d1cad5e43@group-9820ECCA99ED:t5, leader=null, voted=aa0f76fc-0af9-4fba-891f-e6382fa98fe4, raftlog=455161ce-78be-4281-bc2a-a50d1cad5e43@group-9820ECCA99ED-SegmentedRaftLog:OPENED:c0,f0,i0, conf=0: [455161ce-78be-4281-bc2a-a50d1cad5e43|rpc:10.1.0.25:40081|dataStream:|priority:0, a394a97c-7848-4311-a24c-186851f6b492|rpc:10.1.0.25:38701|dataStream:|priority:1, aa0f76fc-0af9-4fba-891f-e6382fa98fe4|rpc:10.1.0.25:36313|dataStream:|priority:0], old=null
2021-09-05 01:40:11,487 [aa0f76fc-0af9-4fba-891f-e6382fa98fe4@group-9820ECCA99ED-LeaderElection124] INFO  impl.LeaderElection (LeaderElection.java:logAndReturn(89)) - aa0f76fc-0af9-4fba-891f-e6382fa98fe4@group-9820ECCA99ED-LeaderElection124: ELECTION PASSED received 1 response(s) and 1 exception(s):
2021-09-05 01:40:11,487 [aa0f76fc-0af9-4fba-891f-e6382fa98fe4@group-9820ECCA99ED-LeaderElection124] INFO  impl.LeaderElection (LeaderElection.java:logAndReturn(93)) -   Response 0: aa0f76fc-0af9-4fba-891f-e6382fa98fe4<-455161ce-78be-4281-bc2a-a50d1cad5e43#0:OK-t5
2021-09-05 01:40:11,488 [aa0f76fc-0af9-4fba-891f-e6382fa98fe4@group-9820ECCA99ED-LeaderElection124] INFO  impl.LeaderElection (LogUtils.java:infoOrTrace(137)) -   Exception 1: java.util.concurrent.ExecutionException: org.apache.ratis.thirdparty.io.grpc.StatusRuntimeException: UNAVAILABLE: io exception
2021-09-05 01:40:11,488 [aa0f76fc-0af9-4fba-891f-e6382fa98fe4@group-9820ECCA99ED-LeaderElection124] INFO  impl.LeaderElection (LeaderElection.java:askForVotes(308)) - aa0f76fc-0af9-4fba-891f-e6382fa98fe4@group-9820ECCA99ED-LeaderElection124 ELECTION round 0: result PASSED
2021-09-05 01:40:11,488 [aa0f76fc-0af9-4fba-891f-e6382fa98fe4@group-9820ECCA99ED-LeaderElection124] INFO  impl.RoleInfo (RoleInfo.java:shutdownLeaderElection(121)) - aa0f76fc-0af9-4fba-891f-e6382fa98fe4: shutdown aa0f76fc-0af9-4fba-891f-e6382fa98fe4@group-9820ECCA99ED-LeaderElection124
2021-09-05 01:40:11,488 [aa0f76fc-0af9-4fba-891f-e6382fa98fe4@group-9820ECCA99ED-LeaderElection124] INFO  server.RaftServer$Division (RaftServerImpl.java:setRole(285)) - aa0f76fc-0af9-4fba-891f-e6382fa98fe4@group-9820ECCA99ED: changes role from CANDIDATE to LEADER at term 5 for changeToLeader
2021-09-05 01:40:11,488 [aa0f76fc-0af9-4fba-891f-e6382fa98fe4@group-9820ECCA99ED-LeaderElection124] INFO  ratis.XceiverServerRatis (XceiverServerRatis.java:handleLeaderChangedNotification(861)) - Leader change notification received for group: group-9820ECCA99ED with new leaderId: aa0f76fc-0af9-4fba-891f-e6382fa98fe4
2021-09-05 01:40:11,488 [Datanode State Machine Thread - 0] WARN  statemachine.StateContext (StateContext.java:execute(621)) - No available thread in pool for past 1 seconds.
2021-09-05 01:40:11,489 [aa0f76fc-0af9-4fba-891f-e6382fa98fe4@group-9820ECCA99ED-LeaderElection124] INFO  server.RaftServer$Division (ServerState.java:setLeader(285)) - aa0f76fc-0af9-4fba-891f-e6382fa98fe4@group-9820ECCA99ED: change Leader from null to aa0f76fc-0af9-4fba-891f-e6382fa98fe4 at term 5 for becomeLeader, leader elected after 72ms
2021-09-05 01:40:11,489 [aa0f76fc-0af9-4fba-891f-e6382fa98fe4@group-9820ECCA99ED-LeaderElection124] INFO  server.RaftServerConfigKeys (ConfUtils.java:logGet(44)) - raft.server.staging.catchup.gap = 1000 (default)
2021-09-05 01:40:11,489 [aa0f76fc-0af9-4fba-891f-e6382fa98fe4@group-9820ECCA99ED-LeaderElection124] INFO  server.RaftServerConfigKeys (ConfUtils.java:logGet(44)) - raft.server.write.element-limit = 1024 (custom)
2021-09-05 01:40:11,489 [aa0f76fc-0af9-4fba-891f-e6382fa98fe4@group-9820ECCA99ED-LeaderElection124] INFO  server.RaftServerConfigKeys (ConfUtils.java:logGet(44)) - raft.server.write.byte-limit = 1024 M (=1073741824) (custom)
2021-09-05 01:40:11,490 [aa0f76fc-0af9-4fba-891f-e6382fa98fe4@group-9820ECCA99ED-LeaderElection124] INFO  server.RaftServerConfigKeys (ConfUtils.java:logGet(44)) - raft.server.watch.timeout = 3000ms (custom)
2021-09-05 01:40:11,490 [aa0f76fc-0af9-4fba-891f-e6382fa98fe4@group-9820ECCA99ED-LeaderElection124] INFO  server.RaftServerConfigKeys (ConfUtils.java:logGet(44)) - raft.server.watch.timeout.denomination = 1s (default)
2021-09-05 01:40:11,490 [aa0f76fc-0af9-4fba-891f-e6382fa98fe4@group-9820ECCA99ED-LeaderElection124] INFO  server.RaftServerConfigKeys (ConfUtils.java:logGet(44)) - raft.server.watch.element-limit = 65536 (default)
2021-09-05 01:40:11,490 [aa0f76fc-0af9-4fba-891f-e6382fa98fe4@group-9820ECCA99ED-LeaderElection124] INFO  server.RaftServerConfigKeys (ConfUtils.java:logGet(44)) - raft.server.log.appender.snapshot.chunk.size.max = 16MB (=16777216) (default)
2021-09-05 01:40:11,490 [aa0f76fc-0af9-4fba-891f-e6382fa98fe4@group-9820ECCA99ED-LeaderElection124] INFO  server.RaftServerConfigKeys (ConfUtils.java:logGet(44)) - raft.server.log.appender.buffer.byte-limit = 33554432 (custom)
2021-09-05 01:40:11,491 [aa0f76fc-0af9-4fba-891f-e6382fa98fe4@group-9820ECCA99ED-LeaderElection124] INFO  server.RaftServerConfigKeys (ConfUtils.java:logGet(44)) - raft.server.log.appender.buffer.element-limit = 1 (custom)
2021-09-05 01:40:11,491 [aa0f76fc-0af9-4fba-891f-e6382fa98fe4@group-9820ECCA99ED-LeaderElection124] INFO  grpc.GrpcConfigKeys (ConfUtils.java:logGet(44)) - raft.grpc.server.leader.outstanding.appends.max = 128 (default)
2021-09-05 01:40:11,491 [aa0f76fc-0af9-4fba-891f-e6382fa98fe4@group-9820ECCA99ED-LeaderElection124] INFO  server.RaftServerConfigKeys (ConfUtils.java:logGet(44)) - raft.server.rpc.request.timeout = 3000ms (default)
2021-09-05 01:40:11,491 [aa0f76fc-0af9-4fba-891f-e6382fa98fe4@group-9820ECCA99ED-LeaderElection124] INFO  server.RaftServerConfigKeys (ConfUtils.java:logGet(44)) - raft.server.log.appender.install.snapshot.enabled = false (custom)
2021-09-05 01:40:11,492 [aa0f76fc-0af9-4fba-891f-e6382fa98fe4@group-9820ECCA99ED-LeaderElection124] INFO  server.RaftServerConfigKeys (ConfUtils.java:logGet(44)) - raft.server.log.appender.snapshot.chunk.size.max = 16MB (=16777216) (default)
2021-09-05 01:40:11,492 [aa0f76fc-0af9-4fba-891f-e6382fa98fe4@group-9820ECCA99ED-LeaderElection124] INFO  server.RaftServerConfigKeys (ConfUtils.java:logGet(44)) - raft.server.log.appender.buffer.byte-limit = 33554432 (custom)
2021-09-05 01:40:11,492 [aa0f76fc-0af9-4fba-891f-e6382fa98fe4@group-9820ECCA99ED-LeaderElection124] INFO  server.RaftServerConfigKeys (ConfUtils.java:logGet(44)) - raft.server.log.appender.buffer.element-limit = 1 (custom)
2021-09-05 01:40:11,492 [aa0f76fc-0af9-4fba-891f-e6382fa98fe4@group-9820ECCA99ED-LeaderElection124] INFO  grpc.GrpcConfigKeys (ConfUtils.java:logGet(44)) - raft.grpc.server.leader.outstanding.appends.max = 128 (default)
2021-09-05 01:40:11,492 [aa0f76fc-0af9-4fba-891f-e6382fa98fe4@group-9820ECCA99ED-LeaderElection124] INFO  server.RaftServerConfigKeys (ConfUtils.java:logGet(44)) - raft.server.rpc.request.timeout = 3000ms (default)
2021-09-05 01:40:11,492 [aa0f76fc-0af9-4fba-891f-e6382fa98fe4@group-9820ECCA99ED-LeaderElection124] INFO  server.RaftServerConfigKeys (ConfUtils.java:logGet(44)) - raft.server.log.appender.install.snapshot.enabled = false (custom)
2021-09-05 01:40:11,494 [aa0f76fc-0af9-4fba-891f-e6382fa98fe4@group-9820ECCA99ED-LeaderElection124] INFO  impl.RoleInfo (RoleInfo.java:updateAndGet(130)) - aa0f76fc-0af9-4fba-891f-e6382fa98fe4: start aa0f76fc-0af9-4fba-891f-e6382fa98fe4@group-9820ECCA99ED-LeaderStateImpl
2021-09-05 01:40:11,494 [aa0f76fc-0af9-4fba-891f-e6382fa98fe4@group-9820ECCA99ED-LeaderElection124] INFO  segmented.SegmentedRaftLogWorker (SegmentedRaftLogWorker.java:rollLogSegment(399)) - aa0f76fc-0af9-4fba-891f-e6382fa98fe4@group-9820ECCA99ED-SegmentedRaftLogWorker: Rolling segment log-0_0 to index:0
2021-09-05 01:40:11,494 [aa0f76fc-0af9-4fba-891f-e6382fa98fe4@group-9820ECCA99ED-SegmentedRaftLogWorker] INFO  segmented.SegmentedRaftLogWorker (SegmentedRaftLogWorker.java:execute(558)) - aa0f76fc-0af9-4fba-891f-e6382fa98fe4@group-9820ECCA99ED-SegmentedRaftLogWorker: Rolled log segment from /home/runner/work/ozone/ozone/hadoop-ozone/integration-test/target/test-dir/MiniOzoneClusterImpl-37340386-36af-4fa8-9723-b8f583b28ff6/datanode-5/data/ratis/63a4ac22-0943-49cd-a4b6-9820ecca99ed/current/log_inprogress_0 to /home/runner/work/ozone/ozone/hadoop-ozone/integration-test/target/test-dir/MiniOzoneClusterImpl-37340386-36af-4fa8-9723-b8f583b28ff6/datanode-5/data/ratis/63a4ac22-0943-49cd-a4b6-9820ecca99ed/current/log_0-0
2021-09-05 01:40:11,496 [aa0f76fc-0af9-4fba-891f-e6382fa98fe4@group-9820ECCA99ED-SegmentedRaftLogWorker] INFO  segmented.SegmentedRaftLogWorker (SegmentedRaftLogWorker.java:execute(601)) - aa0f76fc-0af9-4fba-891f-e6382fa98fe4@group-9820ECCA99ED-SegmentedRaftLogWorker: created new log segment /home/runner/work/ozone/ozone/hadoop-ozone/integration-test/target/test-dir/MiniOzoneClusterImpl-37340386-36af-4fa8-9723-b8f583b28ff6/datanode-5/data/ratis/63a4ac22-0943-49cd-a4b6-9820ecca99ed/current/log_inprogress_1
2021-09-05 01:40:11,546 [grpc-default-executor-2] INFO  ratis.XceiverServerRatis (XceiverServerRatis.java:handleLeaderChangedNotification(861)) - Leader change notification received for group: group-9820ECCA99ED with new leaderId: aa0f76fc-0af9-4fba-891f-e6382fa98fe4
2021-09-05 01:40:11,546 [grpc-default-executor-2] INFO  server.RaftServer$Division (ServerState.java:setLeader(285)) - 455161ce-78be-4281-bc2a-a50d1cad5e43@group-9820ECCA99ED: change Leader from null to aa0f76fc-0af9-4fba-891f-e6382fa98fe4 at term 5 for appendEntries, leader elected after 91ms
2021-09-05 01:40:11,547 [grpc-default-executor-5] WARN  server.GrpcLogAppender (LogUtils.java:warn(122)) - aa0f76fc-0af9-4fba-891f-e6382fa98fe4@group-9820ECCA99ED->a394a97c-7848-4311-a24c-186851f6b492-AppendLogResponseHandler: Failed appendEntries: org.apache.ratis.thirdparty.io.grpc.StatusRuntimeException: UNAVAILABLE: io exception
2021-09-05 01:40:11,548 [aa0f76fc-0af9-4fba-891f-e6382fa98fe4@group-9820ECCA99ED-LeaderElection124] INFO  server.RaftServer$Division (ServerState.java:setRaftConf(387)) - aa0f76fc-0af9-4fba-891f-e6382fa98fe4@group-9820ECCA99ED: set configuration 1: [455161ce-78be-4281-bc2a-a50d1cad5e43|rpc:10.1.0.25:40081|dataStream:|priority:0, a394a97c-7848-4311-a24c-186851f6b492|rpc:10.1.0.25:38701|dataStream:|priority:1, aa0f76fc-0af9-4fba-891f-e6382fa98fe4|rpc:10.1.0.25:36313|dataStream:|priority:0], old=null
2021-09-05 01:40:11,559 [grpc-default-executor-5] WARN  server.GrpcLogAppender (GrpcLogAppender.java:resetClient(111)) - aa0f76fc-0af9-4fba-891f-e6382fa98fe4@group-9820ECCA99ED->a394a97c-7848-4311-a24c-186851f6b492-GrpcLogAppender: Leader has not got in touch with Follower aa0f76fc-0af9-4fba-891f-e6382fa98fe4@group-9820ECCA99ED->a394a97c-7848-4311-a24c-186851f6b492(c-1,m0,n2, attendVote=true, lastRpcSendTime=11, lastRpcResponseTime=5268) yet, just keep nextIndex unchanged and retry.
2021-09-05 01:40:11,559 [grpc-default-executor-2] INFO  server.RaftServer$Division (ServerState.java:setRaftConf(387)) - 455161ce-78be-4281-bc2a-a50d1cad5e43@group-9820ECCA99ED: set configuration 1: [455161ce-78be-4281-bc2a-a50d1cad5e43|rpc:10.1.0.25:40081|dataStream:|priority:0, a394a97c-7848-4311-a24c-186851f6b492|rpc:10.1.0.25:38701|dataStream:|priority:1, aa0f76fc-0af9-4fba-891f-e6382fa98fe4|rpc:10.1.0.25:36313|dataStream:|priority:0], old=null
2021-09-05 01:40:11,559 [grpc-default-executor-2] INFO  segmented.SegmentedRaftLogWorker (SegmentedRaftLogWorker.java:rollLogSegment(399)) - 455161ce-78be-4281-bc2a-a50d1cad5e43@group-9820ECCA99ED-SegmentedRaftLogWorker: Rolling segment log-0_0 to index:0
2021-09-05 01:40:11,560 [455161ce-78be-4281-bc2a-a50d1cad5e43@group-9820ECCA99ED-SegmentedRaftLogWorker] INFO  segmented.SegmentedRaftLogWorker (SegmentedRaftLogWorker.java:execute(558)) - 455161ce-78be-4281-bc2a-a50d1cad5e43@group-9820ECCA99ED-SegmentedRaftLogWorker: Rolled log segment from /home/runner/work/ozone/ozone/hadoop-ozone/integration-test/target/test-dir/MiniOzoneClusterImpl-37340386-36af-4fa8-9723-b8f583b28ff6/datanode-3/data/ratis/63a4ac22-0943-49cd-a4b6-9820ecca99ed/current/log_inprogress_0 to /home/runner/work/ozone/ozone/hadoop-ozone/integration-test/target/test-dir/MiniOzoneClusterImpl-37340386-36af-4fa8-9723-b8f583b28ff6/datanode-3/data/ratis/63a4ac22-0943-49cd-a4b6-9820ecca99ed/current/log_0-0
2021-09-05 01:40:11,562 [455161ce-78be-4281-bc2a-a50d1cad5e43@group-9820ECCA99ED-SegmentedRaftLogWorker] INFO  segmented.SegmentedRaftLogWorker (SegmentedRaftLogWorker.java:execute(601)) - 455161ce-78be-4281-bc2a-a50d1cad5e43@group-9820ECCA99ED-SegmentedRaftLogWorker: created new log segment /home/runner/work/ozone/ozone/hadoop-ozone/integration-test/target/test-dir/MiniOzoneClusterImpl-37340386-36af-4fa8-9723-b8f583b28ff6/datanode-3/data/ratis/63a4ac22-0943-49cd-a4b6-9820ecca99ed/current/log_inprogress_1
2021-09-05 01:40:11,750 [grpc-default-executor-2] WARN  server.GrpcLogAppender (LogUtils.java:warn(122)) - aa0f76fc-0af9-4fba-891f-e6382fa98fe4@group-9820ECCA99ED->a394a97c-7848-4311-a24c-186851f6b492-AppendLogResponseHandler: Failed appendEntries: org.apache.ratis.thirdparty.io.grpc.StatusRuntimeException: UNAVAILABLE: io exception
2021-09-05 01:40:11,751 [grpc-default-executor-2] WARN  server.GrpcLogAppender (GrpcLogAppender.java:resetClient(111)) - aa0f76fc-0af9-4fba-891f-e6382fa98fe4@group-9820ECCA99ED->a394a97c-7848-4311-a24c-186851f6b492-GrpcLogAppender: Leader has not got in touch with Follower aa0f76fc-0af9-4fba-891f-e6382fa98fe4@group-9820ECCA99ED->a394a97c-7848-4311-a24c-186851f6b492(c-1,m0,n3, attendVote=true, lastRpcSendTime=203, lastRpcResponseTime=5460) yet, just keep nextIndex unchanged and retry.
2021-09-05 01:40:12,000 [Listener at 127.0.0.1/33945] INFO  ozoneimpl.OzoneContainer (OzoneContainer.java:stop(326)) - Attempting to stop container services.
2021-09-05 01:40:12,001 [Listener at 127.0.0.1/33945] INFO  server.RaftServer (RaftServerProxy.java:lambda$close$6(391)) - 54b0752d-9f85-41d1-82b7-176712dc42d8: close
2021-09-05 01:40:12,001 [Listener at 127.0.0.1/33945] INFO  server.RaftServer$Division (RaftServerImpl.java:lambda$close$4(407)) - 54b0752d-9f85-41d1-82b7-176712dc42d8@group-17CA38D5857E: shutdown
2021-09-05 01:40:12,001 [Listener at 127.0.0.1/33945] INFO  util.JmxRegister (JmxRegister.java:unregister(73)) - Successfully un-registered JMX Bean with object name Ratis:service=RaftServer,group=group-17CA38D5857E,id=54b0752d-9f85-41d1-82b7-176712dc42d8
2021-09-05 01:40:12,001 [Listener at 127.0.0.1/33945] INFO  impl.RoleInfo (RoleInfo.java:shutdownFollowerState(108)) - 54b0752d-9f85-41d1-82b7-176712dc42d8: shutdown 54b0752d-9f85-41d1-82b7-176712dc42d8@group-17CA38D5857E-FollowerState
2021-09-05 01:40:12,001 [Listener at 127.0.0.1/33945] INFO  impl.StateMachineUpdater (StateMachineUpdater.java:stopAndJoin(149)) - 54b0752d-9f85-41d1-82b7-176712dc42d8@group-17CA38D5857E-StateMachineUpdater: set stopIndex = -1
2021-09-05 01:40:12,002 [54b0752d-9f85-41d1-82b7-176712dc42d8@group-17CA38D5857E-FollowerState] INFO  impl.FollowerState (FollowerState.java:run(143)) - 54b0752d-9f85-41d1-82b7-176712dc42d8@group-17CA38D5857E-FollowerState was interrupted: {}
java.lang.InterruptedException: sleep interrupted
	at java.lang.Thread.sleep(Native Method)
	at java.lang.Thread.sleep(Thread.java:340)
	at java.util.concurrent.TimeUnit.sleep(TimeUnit.java:386)
	at org.apache.ratis.util.TimeDuration.sleep(TimeDuration.java:324)
	at org.apache.ratis.util.TimeDuration.sleep(TimeDuration.java:309)
	at org.apache.ratis.server.impl.FollowerState.run(FollowerState.java:118)
2021-09-05 01:40:12,002 [Listener at 127.0.0.1/33945] INFO  server.RaftServer$Division (ServerState.java:close(419)) - 54b0752d-9f85-41d1-82b7-176712dc42d8@group-17CA38D5857E: closes. applyIndex: -1
2021-09-05 01:40:12,002 [54b0752d-9f85-41d1-82b7-176712dc42d8@group-17CA38D5857E-SegmentedRaftLogWorker] INFO  segmented.SegmentedRaftLogWorker (SegmentedRaftLogWorker.java:run(327)) - 54b0752d-9f85-41d1-82b7-176712dc42d8@group-17CA38D5857E-SegmentedRaftLogWorker was interrupted, exiting. There are 0 tasks remaining in the queue.
2021-09-05 01:40:12,002 [Listener at 127.0.0.1/33945] INFO  segmented.SegmentedRaftLogWorker (SegmentedRaftLogWorker.java:close(237)) - 54b0752d-9f85-41d1-82b7-176712dc42d8@group-17CA38D5857E-SegmentedRaftLogWorker close()
2021-09-05 01:40:12,006 [Listener at 127.0.0.1/33945] INFO  server.RaftServer$Division (RaftServerImpl.java:lambda$close$4(407)) - 54b0752d-9f85-41d1-82b7-176712dc42d8@group-A2164613B897: shutdown
2021-09-05 01:40:12,006 [Listener at 127.0.0.1/33945] INFO  util.JmxRegister (JmxRegister.java:unregister(73)) - Successfully un-registered JMX Bean with object name Ratis:service=RaftServer,group=group-A2164613B897,id=54b0752d-9f85-41d1-82b7-176712dc42d8
2021-09-05 01:40:12,006 [Listener at 127.0.0.1/33945] INFO  impl.RoleInfo (RoleInfo.java:shutdownLeaderState(91)) - 54b0752d-9f85-41d1-82b7-176712dc42d8: shutdown 54b0752d-9f85-41d1-82b7-176712dc42d8@group-A2164613B897-LeaderStateImpl
2021-09-05 01:40:12,007 [Listener at 127.0.0.1/33945] INFO  impl.PendingRequests (PendingRequests.java:sendNotLeaderResponses(282)) - 54b0752d-9f85-41d1-82b7-176712dc42d8@group-A2164613B897-PendingRequests: sendNotLeaderResponses
2021-09-05 01:40:12,009 [54b0752d-9f85-41d1-82b7-176712dc42d8@group-A2164613B897->cff69f77-ea12-413c-a988-d2a44a5ca406-GrpcLogAppender-LogAppenderDaemon] WARN  server.GrpcLogAppender (GrpcLogAppender.java:mayWait(175)) - 54b0752d-9f85-41d1-82b7-176712dc42d8@group-A2164613B897->cff69f77-ea12-413c-a988-d2a44a5ca406-GrpcLogAppender: Wait interrupted by java.lang.InterruptedException
2021-09-05 01:40:12,009 [grpc-default-executor-2] INFO  server.GrpcServerProtocolService (GrpcServerProtocolService.java:onCompleted(140)) - cff69f77-ea12-413c-a988-d2a44a5ca406: Completed APPEND_ENTRIES, lastRequest: 54b0752d-9f85-41d1-82b7-176712dc42d8->cff69f77-ea12-413c-a988-d2a44a5ca406#1-t2,previous=(t:0, i:0),leaderCommit=-1,initializing? true,entries: size=1, first=(t:2, i:0), CONFIGURATIONENTRY
2021-09-05 01:40:12,012 [54b0752d-9f85-41d1-82b7-176712dc42d8@group-A2164613B897-StateMachineUpdater] INFO  ratis.ContainerStateMachine (ContainerStateMachine.java:takeSnapshot(292)) - group-A2164613B897: Taking a snapshot at:(t:2, i:0) file /home/runner/work/ozone/ozone/hadoop-ozone/integration-test/target/test-dir/MiniOzoneClusterImpl-37340386-36af-4fa8-9723-b8f583b28ff6/datanode-6/data/ratis/d2b771ec-915a-42be-9e6e-a2164613b897/sm/snapshot.2_0
2021-09-05 01:40:12,012 [Listener at 127.0.0.1/33945] INFO  impl.StateMachineUpdater (StateMachineUpdater.java:stopAndJoin(149)) - 54b0752d-9f85-41d1-82b7-176712dc42d8@group-A2164613B897-StateMachineUpdater: set stopIndex = 0
2021-09-05 01:40:12,012 [grpc-default-executor-5] INFO  server.GrpcLogAppender (GrpcLogAppender.java:onCompleted(344)) - 54b0752d-9f85-41d1-82b7-176712dc42d8@group-A2164613B897->cff69f77-ea12-413c-a988-d2a44a5ca406-AppendLogResponseHandler: follower responses appendEntries COMPLETED
2021-09-05 01:40:12,012 [grpc-default-executor-5] INFO  leader.FollowerInfo (FollowerInfoImpl.java:lambda$new$0(46)) - 54b0752d-9f85-41d1-82b7-176712dc42d8@group-A2164613B897->cff69f77-ea12-413c-a988-d2a44a5ca406: nextIndex: updateUnconditionally 1 -> 0
2021-09-05 01:40:12,013 [54b0752d-9f85-41d1-82b7-176712dc42d8@group-A2164613B897-StateMachineUpdater] INFO  ratis.ContainerStateMachine (ContainerStateMachine.java:takeSnapshot(303)) - group-A2164613B897: Finished taking a snapshot at:(t:2, i:0) file:/home/runner/work/ozone/ozone/hadoop-ozone/integration-test/target/test-dir/MiniOzoneClusterImpl-37340386-36af-4fa8-9723-b8f583b28ff6/datanode-6/data/ratis/d2b771ec-915a-42be-9e6e-a2164613b897/sm/snapshot.2_0 took: 1 ms
2021-09-05 01:40:12,013 [54b0752d-9f85-41d1-82b7-176712dc42d8@group-A2164613B897-StateMachineUpdater] INFO  impl.StateMachineUpdater (StateMachineUpdater.java:takeSnapshot(281)) - 54b0752d-9f85-41d1-82b7-176712dc42d8@group-A2164613B897-StateMachineUpdater: Took a snapshot at index 0
2021-09-05 01:40:12,013 [54b0752d-9f85-41d1-82b7-176712dc42d8@group-A2164613B897-StateMachineUpdater] INFO  impl.StateMachineUpdater (StateMachineUpdater.java:lambda$new$0(89)) - 54b0752d-9f85-41d1-82b7-176712dc42d8@group-A2164613B897-StateMachineUpdater: snapshotIndex: updateIncreasingly -1 -> 0
2021-09-05 01:40:12,013 [Listener at 127.0.0.1/33945] INFO  server.RaftServer$Division (ServerState.java:close(419)) - 54b0752d-9f85-41d1-82b7-176712dc42d8@group-A2164613B897: closes. applyIndex: 0
2021-09-05 01:40:12,014 [54b0752d-9f85-41d1-82b7-176712dc42d8@group-A2164613B897-SegmentedRaftLogWorker] INFO  segmented.SegmentedRaftLogWorker (SegmentedRaftLogWorker.java:run(327)) - 54b0752d-9f85-41d1-82b7-176712dc42d8@group-A2164613B897-SegmentedRaftLogWorker was interrupted, exiting. There are 0 tasks remaining in the queue.
2021-09-05 01:40:12,018 [Listener at 127.0.0.1/33945] INFO  segmented.SegmentedRaftLogWorker (SegmentedRaftLogWorker.java:close(237)) - 54b0752d-9f85-41d1-82b7-176712dc42d8@group-A2164613B897-SegmentedRaftLogWorker close()
2021-09-05 01:40:12,018 [54b0752d-9f85-41d1-82b7-176712dc42d8@group-A2164613B897->fdb9e53e-0679-45da-9a61-20e122f839df-GrpcLogAppender-LogAppenderDaemon] ERROR leader.LogAppenderDaemon (LogAppenderDaemon.java:run(86)) - 54b0752d-9f85-41d1-82b7-176712dc42d8@group-A2164613B897->fdb9e53e-0679-45da-9a61-20e122f839df-GrpcLogAppender-LogAppenderDaemon failed
java.lang.IllegalArgumentException: 54b0752d-9f85-41d1-82b7-176712dc42d8@group-A2164613B897-SegmentedRaftLog is expected to be opened but it is CLOSED
	at org.apache.ratis.util.OpenCloseState.assertOpen(OpenCloseState.java:63)
	at org.apache.ratis.server.raftlog.RaftLogBase.checkLogState(RaftLogBase.java:107)
	at org.apache.ratis.server.raftlog.segmented.SegmentedRaftLog.getLastEntryTermIndex(SegmentedRaftLog.java:339)
	at org.apache.ratis.server.raftlog.RaftLog.getNextIndex(RaftLog.java:83)
	at org.apache.ratis.server.leader.LogAppenderBase.newAppendEntriesRequest(LogAppenderBase.java:138)
	at org.apache.ratis.grpc.server.GrpcLogAppender.appendLog(GrpcLogAppender.java:211)
	at org.apache.ratis.grpc.server.GrpcLogAppender.run(GrpcLogAppender.java:145)
	at org.apache.ratis.server.leader.LogAppenderDaemon.run(LogAppenderDaemon.java:77)
	at java.lang.Thread.run(Thread.java:748)
Caused by: org.apache.ratis.util.OpenCloseState$CloseTrace: Close 54b0752d-9f85-41d1-82b7-176712dc42d8@group-A2164613B897-SegmentedRaftLog
	at org.apache.ratis.util.OpenCloseState.lambda$close$1(OpenCloseState.java:109)
	at java.util.concurrent.atomic.AtomicReference.getAndUpdate(AtomicReference.java:160)
	at org.apache.ratis.util.OpenCloseState.close(OpenCloseState.java:109)
	at org.apache.ratis.server.raftlog.RaftLogBase.close(RaftLogBase.java:356)
	at org.apache.ratis.server.raftlog.segmented.SegmentedRaftLog.close(SegmentedRaftLog.java:505)
	at org.apache.ratis.server.impl.ServerState.close(ServerState.java:421)
	at org.apache.ratis.server.impl.RaftServerImpl.lambda$close$4(RaftServerImpl.java:429)
	at org.apache.ratis.util.LifeCycle.lambda$checkStateAndClose$4(LifeCycle.java:299)
	at org.apache.ratis.util.LifeCycle.checkStateAndClose(LifeCycle.java:319)
	at org.apache.ratis.util.LifeCycle.checkStateAndClose(LifeCycle.java:297)
	at org.apache.ratis.server.impl.RaftServerImpl.close(RaftServerImpl.java:406)
	at org.apache.ratis.server.impl.RaftServerProxy$ImplMap.close(RaftServerProxy.java:129)
	at org.apache.ratis.server.impl.RaftServerProxy$ImplMap.lambda$close$0(RaftServerProxy.java:117)
	at java.util.stream.ForEachOps$ForEachOp$OfRef.accept(ForEachOps.java:183)
	at java.util.concurrent.ConcurrentHashMap$EntrySpliterator.forEachRemaining(ConcurrentHashMap.java:3606)
	at java.util.stream.AbstractPipeline.copyInto(AbstractPipeline.java:482)
	at java.util.stream.ForEachOps$ForEachTask.compute(ForEachOps.java:290)
	at java.util.concurrent.CountedCompleter.exec(CountedCompleter.java:731)
	at java.util.concurrent.ForkJoinTask.doExec(ForkJoinTask.java:289)
	at java.util.concurrent.ForkJoinPool.helpComplete(ForkJoinPool.java:1870)
	at java.util.concurrent.ForkJoinPool.externalHelpComplete(ForkJoinPool.java:2467)
	at java.util.concurrent.ForkJoinTask.externalAwaitDone(ForkJoinTask.java:324)
	at java.util.concurrent.ForkJoinTask.doInvoke(ForkJoinTask.java:405)
	at java.util.concurrent.ForkJoinTask.invoke(ForkJoinTask.java:734)
	at java.util.stream.ForEachOps$ForEachOp.evaluateParallel(ForEachOps.java:159)
	at java.util.stream.ForEachOps$ForEachOp$OfRef.evaluateParallel(ForEachOps.java:173)
	at java.util.stream.AbstractPipeline.evaluate(AbstractPipeline.java:233)
	at java.util.stream.ReferencePipeline.forEach(ReferencePipeline.java:485)
	at java.util.stream.ReferencePipeline$Head.forEach(ReferencePipeline.java:650)
	at org.apache.ratis.server.impl.RaftServerProxy$ImplMap.close(RaftServerProxy.java:117)
	at org.apache.ratis.server.impl.RaftServerProxy.lambda$close$6(RaftServerProxy.java:392)
	at org.apache.ratis.util.LifeCycle.lambda$checkStateAndClose$4(LifeCycle.java:299)
	at org.apache.ratis.util.LifeCycle.checkStateAndClose(LifeCycle.java:319)
	at org.apache.ratis.util.LifeCycle.checkStateAndClose(LifeCycle.java:297)
	at org.apache.ratis.server.impl.RaftServerProxy.close(RaftServerProxy.java:390)
	at org.apache.hadoop.ozone.container.common.transport.server.ratis.XceiverServerRatis.stop(XceiverServerRatis.java:514)
	at org.apache.hadoop.ozone.container.ozoneimpl.OzoneContainer.stop(OzoneContainer.java:329)
	at org.apache.hadoop.ozone.container.common.statemachine.DatanodeStateMachine.close(DatanodeStateMachine.java:369)
	at org.apache.hadoop.ozone.container.common.statemachine.DatanodeStateMachine.stopDaemon(DatanodeStateMachine.java:514)
	at org.apache.hadoop.ozone.HddsDatanodeService.stop(HddsDatanodeService.java:588)
	at org.apache.hadoop.ozone.MiniOzoneClusterImpl.stopDatanode(MiniOzoneClusterImpl.java:535)
	at java.util.stream.ForEachOps$ForEachOp$OfRef.accept(ForEachOps.java:183)
	at java.util.ArrayList$ArrayListSpliterator.forEachRemaining(ArrayList.java:1384)
	at java.util.stream.AbstractPipeline.copyInto(AbstractPipeline.java:482)
	at java.util.stream.ForEachOps$ForEachTask.compute(ForEachOps.java:290)
	at java.util.concurrent.CountedCompleter.exec(CountedCompleter.java:731)
	at java.util.concurrent.ForkJoinTask.doExec(ForkJoinTask.java:289)
	at java.util.concurrent.ForkJoinPool$WorkQueue.pollAndExecCC(ForkJoinPool.java:1190)
	at java.util.concurrent.ForkJoinPool.helpComplete(ForkJoinPool.java:1879)
	at java.util.concurrent.ForkJoinPool.externalHelpComplete(ForkJoinPool.java:2467)
	at java.util.concurrent.ForkJoinTask.externalAwaitDone(ForkJoinTask.java:324)
	at java.util.concurrent.ForkJoinTask.doInvoke(ForkJoinTask.java:405)
	at java.util.concurrent.ForkJoinTask.invoke(ForkJoinTask.java:734)
	at java.util.stream.ForEachOps$ForEachOp.evaluateParallel(ForEachOps.java:159)
	at java.util.stream.ForEachOps$ForEachOp$OfRef.evaluateParallel(ForEachOps.java:173)
	at java.util.stream.AbstractPipeline.evaluate(AbstractPipeline.java:233)
	at java.util.stream.ReferencePipeline.forEach(ReferencePipeline.java:485)
	at java.util.stream.ReferencePipeline$Head.forEach(ReferencePipeline.java:650)
	at org.apache.hadoop.ozone.MiniOzoneClusterImpl.stopDatanodes(MiniOzoneClusterImpl.java:529)
	at org.apache.hadoop.ozone.MiniOzoneClusterImpl.stop(MiniOzoneClusterImpl.java:470)
	at org.apache.hadoop.ozone.MiniOzoneClusterImpl.shutdown(MiniOzoneClusterImpl.java:457)
	at org.apache.hadoop.ozone.client.rpc.TestBlockOutputStreamWithFailuresFlushDelay.shutdown(TestBlockOutputStreamWithFailuresFlushDelay.java:160)
	at sun.reflect.NativeMethodAccessorImpl.invoke0(Native Method)
	at sun.reflect.NativeMethodAccessorImpl.invoke(NativeMethodAccessorImpl.java:62)
	at sun.reflect.DelegatingMethodAccessorImpl.invoke(DelegatingMethodAccessorImpl.java:43)
	at java.lang.reflect.Method.invoke(Method.java:498)
	at org.junit.runners.model.FrameworkMethod$1.runReflectiveCall(FrameworkMethod.java:59)
	at org.junit.internal.runners.model.ReflectiveCallable.run(ReflectiveCallable.java:12)
	at org.junit.runners.model.FrameworkMethod.invokeExplosively(FrameworkMethod.java:56)
	at org.junit.internal.runners.statements.RunAfters.invokeMethod(RunAfters.java:46)
	at org.junit.internal.runners.statements.RunAfters.evaluate(RunAfters.java:33)
	at org.junit.internal.runners.statements.FailOnTimeout$CallableStatement.call(FailOnTimeout.java:288)
	at org.junit.internal.runners.statements.FailOnTimeout$CallableStatement.call(FailOnTimeout.java:282)
	at java.util.concurrent.FutureTask.run(FutureTask.java:266)
	... 1 more
2021-09-05 01:40:12,019 [Listener at 127.0.0.1/33945] INFO  server.RaftServer$Division (RaftServerImpl.java:lambda$close$4(407)) - 54b0752d-9f85-41d1-82b7-176712dc42d8@group-2BD2BDD8F704: shutdown
2021-09-05 01:40:12,060 [Listener at 127.0.0.1/33945] INFO  util.JmxRegister (JmxRegister.java:unregister(73)) - Successfully un-registered JMX Bean with object name Ratis:service=RaftServer,group=group-2BD2BDD8F704,id=54b0752d-9f85-41d1-82b7-176712dc42d8
2021-09-05 01:40:12,061 [Listener at 127.0.0.1/33945] INFO  impl.RoleInfo (RoleInfo.java:shutdownLeaderState(91)) - 54b0752d-9f85-41d1-82b7-176712dc42d8: shutdown 54b0752d-9f85-41d1-82b7-176712dc42d8@group-2BD2BDD8F704-LeaderStateImpl
2021-09-05 01:40:12,061 [Listener at 127.0.0.1/33945] INFO  impl.PendingRequests (PendingRequests.java:sendNotLeaderResponses(282)) - 54b0752d-9f85-41d1-82b7-176712dc42d8@group-2BD2BDD8F704-PendingRequests: sendNotLeaderResponses
2021-09-05 01:40:12,062 [Listener at 127.0.0.1/33945] INFO  impl.StateMachineUpdater (StateMachineUpdater.java:stopAndJoin(149)) - 54b0752d-9f85-41d1-82b7-176712dc42d8@group-2BD2BDD8F704-StateMachineUpdater: set stopIndex = 0
2021-09-05 01:40:12,062 [54b0752d-9f85-41d1-82b7-176712dc42d8@group-2BD2BDD8F704-StateMachineUpdater] INFO  ratis.ContainerStateMachine (ContainerStateMachine.java:takeSnapshot(292)) - group-2BD2BDD8F704: Taking a snapshot at:(t:1, i:0) file /home/runner/work/ozone/ozone/hadoop-ozone/integration-test/target/test-dir/MiniOzoneClusterImpl-37340386-36af-4fa8-9723-b8f583b28ff6/datanode-6/data/ratis/eb7b4621-d76e-4a05-a2d4-2bd2bdd8f704/sm/snapshot.1_0
2021-09-05 01:40:12,062 [grpc-default-executor-5] WARN  server.GrpcLogAppender (LogUtils.java:warn(122)) - cff69f77-ea12-413c-a988-d2a44a5ca406@group-A2597FCC6369->fdb9e53e-0679-45da-9a61-20e122f839df-AppendLogResponseHandler: Failed appendEntries: org.apache.ratis.thirdparty.io.grpc.StatusRuntimeException: UNAVAILABLE: io exception
2021-09-05 01:40:12,063 [grpc-default-executor-5] WARN  server.GrpcLogAppender (GrpcLogAppender.java:resetClient(111)) - cff69f77-ea12-413c-a988-d2a44a5ca406@group-A2597FCC6369->fdb9e53e-0679-45da-9a61-20e122f839df-GrpcLogAppender: Leader has not got in touch with Follower cff69f77-ea12-413c-a988-d2a44a5ca406@group-A2597FCC6369->fdb9e53e-0679-45da-9a61-20e122f839df(c-1,m0,n1, attendVote=true, lastRpcSendTime=0, lastRpcResponseTime=12862) yet, just keep nextIndex unchanged and retry.
2021-09-05 01:40:12,063 [54b0752d-9f85-41d1-82b7-176712dc42d8@group-2BD2BDD8F704-StateMachineUpdater] INFO  ratis.ContainerStateMachine (ContainerStateMachine.java:takeSnapshot(303)) - group-2BD2BDD8F704: Finished taking a snapshot at:(t:1, i:0) file:/home/runner/work/ozone/ozone/hadoop-ozone/integration-test/target/test-dir/MiniOzoneClusterImpl-37340386-36af-4fa8-9723-b8f583b28ff6/datanode-6/data/ratis/eb7b4621-d76e-4a05-a2d4-2bd2bdd8f704/sm/snapshot.1_0 took: 1 ms
2021-09-05 01:40:12,063 [54b0752d-9f85-41d1-82b7-176712dc42d8@group-2BD2BDD8F704-StateMachineUpdater] INFO  impl.StateMachineUpdater (StateMachineUpdater.java:takeSnapshot(281)) - 54b0752d-9f85-41d1-82b7-176712dc42d8@group-2BD2BDD8F704-StateMachineUpdater: Took a snapshot at index 0
2021-09-05 01:40:12,063 [54b0752d-9f85-41d1-82b7-176712dc42d8@group-2BD2BDD8F704-StateMachineUpdater] INFO  impl.StateMachineUpdater (StateMachineUpdater.java:lambda$new$0(89)) - 54b0752d-9f85-41d1-82b7-176712dc42d8@group-2BD2BDD8F704-StateMachineUpdater: snapshotIndex: updateIncreasingly -1 -> 0
2021-09-05 01:40:12,065 [Listener at 127.0.0.1/33945] INFO  server.RaftServer$Division (ServerState.java:close(419)) - 54b0752d-9f85-41d1-82b7-176712dc42d8@group-2BD2BDD8F704: closes. applyIndex: 0
2021-09-05 01:40:12,065 [54b0752d-9f85-41d1-82b7-176712dc42d8@group-2BD2BDD8F704-SegmentedRaftLogWorker] INFO  segmented.SegmentedRaftLogWorker (SegmentedRaftLogWorker.java:run(327)) - 54b0752d-9f85-41d1-82b7-176712dc42d8@group-2BD2BDD8F704-SegmentedRaftLogWorker was interrupted, exiting. There are 0 tasks remaining in the queue.
2021-09-05 01:40:12,065 [Listener at 127.0.0.1/33945] INFO  segmented.SegmentedRaftLogWorker (SegmentedRaftLogWorker.java:close(237)) - 54b0752d-9f85-41d1-82b7-176712dc42d8@group-2BD2BDD8F704-SegmentedRaftLogWorker close()
2021-09-05 01:40:12,066 [Listener at 127.0.0.1/33945] INFO  server.RaftServer$Division (RaftServerImpl.java:lambda$close$4(407)) - 54b0752d-9f85-41d1-82b7-176712dc42d8@group-DB0C5756557F: shutdown
2021-09-05 01:40:12,066 [Listener at 127.0.0.1/33945] INFO  util.JmxRegister (JmxRegister.java:unregister(73)) - Successfully un-registered JMX Bean with object name Ratis:service=RaftServer,group=group-DB0C5756557F,id=54b0752d-9f85-41d1-82b7-176712dc42d8
2021-09-05 01:40:12,066 [Listener at 127.0.0.1/33945] INFO  impl.RoleInfo (RoleInfo.java:shutdownLeaderState(91)) - 54b0752d-9f85-41d1-82b7-176712dc42d8: shutdown 54b0752d-9f85-41d1-82b7-176712dc42d8@group-DB0C5756557F-LeaderStateImpl
2021-09-05 01:40:12,071 [Listener at 127.0.0.1/33945] INFO  impl.PendingRequests (PendingRequests.java:sendNotLeaderResponses(282)) - 54b0752d-9f85-41d1-82b7-176712dc42d8@group-DB0C5756557F-PendingRequests: sendNotLeaderResponses
2021-09-05 01:40:12,075 [54b0752d-9f85-41d1-82b7-176712dc42d8@group-DB0C5756557F-StateMachineUpdater] INFO  ratis.ContainerStateMachine (ContainerStateMachine.java:takeSnapshot(292)) - group-DB0C5756557F: Taking a snapshot at:(t:1, i:0) file /home/runner/work/ozone/ozone/hadoop-ozone/integration-test/target/test-dir/MiniOzoneClusterImpl-37340386-36af-4fa8-9723-b8f583b28ff6/datanode-6/data/ratis/970d459e-8e80-4b03-a7e8-db0c5756557f/sm/snapshot.1_0
2021-09-05 01:40:12,075 [Listener at 127.0.0.1/33945] INFO  impl.StateMachineUpdater (StateMachineUpdater.java:stopAndJoin(149)) - 54b0752d-9f85-41d1-82b7-176712dc42d8@group-DB0C5756557F-StateMachineUpdater: set stopIndex = 0
2021-09-05 01:40:12,075 [54b0752d-9f85-41d1-82b7-176712dc42d8@group-DB0C5756557F-StateMachineUpdater] INFO  ratis.ContainerStateMachine (ContainerStateMachine.java:takeSnapshot(303)) - group-DB0C5756557F: Finished taking a snapshot at:(t:1, i:0) file:/home/runner/work/ozone/ozone/hadoop-ozone/integration-test/target/test-dir/MiniOzoneClusterImpl-37340386-36af-4fa8-9723-b8f583b28ff6/datanode-6/data/ratis/970d459e-8e80-4b03-a7e8-db0c5756557f/sm/snapshot.1_0 took: 1 ms
2021-09-05 01:40:12,075 [54b0752d-9f85-41d1-82b7-176712dc42d8@group-DB0C5756557F->be41d154-e08a-4361-999c-a2746058d00f-GrpcLogAppender-LogAppenderDaemon] WARN  server.GrpcLogAppender (GrpcLogAppender.java:mayWait(175)) - 54b0752d-9f85-41d1-82b7-176712dc42d8@group-DB0C5756557F->be41d154-e08a-4361-999c-a2746058d00f-GrpcLogAppender: Wait interrupted by java.lang.InterruptedException
2021-09-05 01:40:12,076 [54b0752d-9f85-41d1-82b7-176712dc42d8@group-DB0C5756557F-StateMachineUpdater] INFO  impl.StateMachineUpdater (StateMachineUpdater.java:takeSnapshot(281)) - 54b0752d-9f85-41d1-82b7-176712dc42d8@group-DB0C5756557F-StateMachineUpdater: Took a snapshot at index 0
2021-09-05 01:40:12,076 [54b0752d-9f85-41d1-82b7-176712dc42d8@group-DB0C5756557F-StateMachineUpdater] INFO  impl.StateMachineUpdater (StateMachineUpdater.java:lambda$new$0(89)) - 54b0752d-9f85-41d1-82b7-176712dc42d8@group-DB0C5756557F-StateMachineUpdater: snapshotIndex: updateIncreasingly -1 -> 0
2021-09-05 01:40:12,075 [54b0752d-9f85-41d1-82b7-176712dc42d8@group-DB0C5756557F->cff69f77-ea12-413c-a988-d2a44a5ca406-GrpcLogAppender-LogAppenderDaemon] WARN  server.GrpcLogAppender (GrpcLogAppender.java:mayWait(175)) - 54b0752d-9f85-41d1-82b7-176712dc42d8@group-DB0C5756557F->cff69f77-ea12-413c-a988-d2a44a5ca406-GrpcLogAppender: Wait interrupted by java.lang.InterruptedException
2021-09-05 01:40:12,076 [grpc-default-executor-5] INFO  server.GrpcServerProtocolService (GrpcServerProtocolService.java:onCompleted(140)) - be41d154-e08a-4361-999c-a2746058d00f: Completed APPEND_ENTRIES, lastRequest: 54b0752d-9f85-41d1-82b7-176712dc42d8->be41d154-e08a-4361-999c-a2746058d00f#1-t1,previous=(t:0, i:0),leaderCommit=0,initializing? true,entries: size=1, first=(t:1, i:0), CONFIGURATIONENTRY
2021-09-05 01:40:12,076 [grpc-default-executor-2] INFO  server.GrpcServerProtocolService (GrpcServerProtocolService.java:onCompleted(140)) - cff69f77-ea12-413c-a988-d2a44a5ca406: Completed APPEND_ENTRIES, lastRequest: 54b0752d-9f85-41d1-82b7-176712dc42d8->cff69f77-ea12-413c-a988-d2a44a5ca406#1-t1,previous=(t:0, i:0),leaderCommit=-1,initializing? true,entries: size=1, first=(t:1, i:0), CONFIGURATIONENTRY
2021-09-05 01:40:12,077 [grpc-default-executor-2] INFO  server.GrpcLogAppender (GrpcLogAppender.java:onCompleted(344)) - 54b0752d-9f85-41d1-82b7-176712dc42d8@group-DB0C5756557F->cff69f77-ea12-413c-a988-d2a44a5ca406-AppendLogResponseHandler: follower responses appendEntries COMPLETED
2021-09-05 01:40:12,077 [grpc-default-executor-2] INFO  leader.FollowerInfo (FollowerInfoImpl.java:lambda$new$0(46)) - 54b0752d-9f85-41d1-82b7-176712dc42d8@group-DB0C5756557F->cff69f77-ea12-413c-a988-d2a44a5ca406: nextIndex: updateUnconditionally 1 -> 0
2021-09-05 01:40:12,077 [grpc-default-executor-2] INFO  server.GrpcLogAppender (GrpcLogAppender.java:onCompleted(344)) - 54b0752d-9f85-41d1-82b7-176712dc42d8@group-DB0C5756557F->be41d154-e08a-4361-999c-a2746058d00f-AppendLogResponseHandler: follower responses appendEntries COMPLETED
2021-09-05 01:40:12,077 [grpc-default-executor-2] INFO  leader.FollowerInfo (FollowerInfoImpl.java:lambda$new$0(46)) - 54b0752d-9f85-41d1-82b7-176712dc42d8@group-DB0C5756557F->be41d154-e08a-4361-999c-a2746058d00f: nextIndex: updateUnconditionally 1 -> 0
2021-09-05 01:40:12,077 [Listener at 127.0.0.1/33945] INFO  server.RaftServer$Division (ServerState.java:close(419)) - 54b0752d-9f85-41d1-82b7-176712dc42d8@group-DB0C5756557F: closes. applyIndex: 0
2021-09-05 01:40:12,081 [54b0752d-9f85-41d1-82b7-176712dc42d8@group-DB0C5756557F-SegmentedRaftLogWorker] INFO  segmented.SegmentedRaftLogWorker (SegmentedRaftLogWorker.java:run(327)) - 54b0752d-9f85-41d1-82b7-176712dc42d8@group-DB0C5756557F-SegmentedRaftLogWorker was interrupted, exiting. There are 0 tasks remaining in the queue.
2021-09-05 01:40:12,086 [Listener at 127.0.0.1/33945] INFO  segmented.SegmentedRaftLogWorker (SegmentedRaftLogWorker.java:close(237)) - 54b0752d-9f85-41d1-82b7-176712dc42d8@group-DB0C5756557F-SegmentedRaftLogWorker close()
2021-09-05 01:40:12,125 [Listener at 127.0.0.1/33945] INFO  server.GrpcService (GrpcService.java:closeImpl(262)) - 54b0752d-9f85-41d1-82b7-176712dc42d8: shutdown server with port 45159 now
2021-09-05 01:40:12,195 [Listener at 127.0.0.1/33945] INFO  server.GrpcService (GrpcService.java:closeImpl(271)) - 54b0752d-9f85-41d1-82b7-176712dc42d8: shutdown server with port 45159 successfully
2021-09-05 01:40:12,195 [org.apache.ratis.util.JvmPauseMonitor$$Lambda$531/1694950219@5545bf3f] INFO  util.JvmPauseMonitor (JvmPauseMonitor.java:run(109)) - JvmPauseMonitor-54b0752d-9f85-41d1-82b7-176712dc42d8: Stopped
2021-09-05 01:40:12,196 [Listener at 127.0.0.1/33945] INFO  utils.BackgroundService (BackgroundService.java:shutdown(132)) - Shutting down service BlockDeletingService
2021-09-05 01:40:12,209 [grpc-default-executor-2] WARN  server.GrpcLogAppender (LogUtils.java:warn(122)) - aa0f76fc-0af9-4fba-891f-e6382fa98fe4@group-8DE473E54637->a394a97c-7848-4311-a24c-186851f6b492-AppendLogResponseHandler: Failed appendEntries: org.apache.ratis.thirdparty.io.grpc.StatusRuntimeException: UNAVAILABLE: io exception
2021-09-05 01:40:12,210 [grpc-default-executor-2] WARN  server.GrpcLogAppender (GrpcLogAppender.java:resetClient(111)) - aa0f76fc-0af9-4fba-891f-e6382fa98fe4@group-8DE473E54637->a394a97c-7848-4311-a24c-186851f6b492-GrpcLogAppender: Leader has not got in touch with Follower aa0f76fc-0af9-4fba-891f-e6382fa98fe4@group-8DE473E54637->a394a97c-7848-4311-a24c-186851f6b492(c0,m0,n1, attendVote=true, lastRpcSendTime=0, lastRpcResponseTime=10070) yet, just keep nextIndex unchanged and retry.
2021-09-05 01:40:12,309 [ForkJoinPool.commonPool-worker-1] INFO  ozoneimpl.OzoneContainer (OzoneContainer.java:stop(326)) - Attempting to stop container services.
2021-09-05 01:40:12,309 [ForkJoinPool.commonPool-worker-1] INFO  server.RaftServer (RaftServerProxy.java:lambda$close$6(391)) - be41d154-e08a-4361-999c-a2746058d00f: close
2021-09-05 01:40:12,310 [ForkJoinPool.commonPool-worker-1] INFO  server.RaftServer$Division (RaftServerImpl.java:lambda$close$4(407)) - be41d154-e08a-4361-999c-a2746058d00f@group-17CA38D5857E: shutdown
2021-09-05 01:40:12,310 [ForkJoinPool.commonPool-worker-1] INFO  util.JmxRegister (JmxRegister.java:unregister(73)) - Successfully un-registered JMX Bean with object name Ratis:service=RaftServer,group=group-17CA38D5857E,id=be41d154-e08a-4361-999c-a2746058d00f
2021-09-05 01:40:12,310 [ForkJoinPool.commonPool-worker-1] INFO  impl.RoleInfo (RoleInfo.java:shutdownFollowerState(108)) - be41d154-e08a-4361-999c-a2746058d00f: shutdown be41d154-e08a-4361-999c-a2746058d00f@group-17CA38D5857E-FollowerState
2021-09-05 01:40:12,310 [ForkJoinPool.commonPool-worker-1] INFO  impl.StateMachineUpdater (StateMachineUpdater.java:stopAndJoin(149)) - be41d154-e08a-4361-999c-a2746058d00f@group-17CA38D5857E-StateMachineUpdater: set stopIndex = -1
2021-09-05 01:40:12,313 [be41d154-e08a-4361-999c-a2746058d00f@group-17CA38D5857E-FollowerState] INFO  impl.FollowerState (FollowerState.java:run(143)) - be41d154-e08a-4361-999c-a2746058d00f@group-17CA38D5857E-FollowerState was interrupted: {}
java.lang.InterruptedException: sleep interrupted
	at java.lang.Thread.sleep(Native Method)
	at java.lang.Thread.sleep(Thread.java:340)
	at java.util.concurrent.TimeUnit.sleep(TimeUnit.java:386)
	at org.apache.ratis.util.TimeDuration.sleep(TimeDuration.java:324)
	at org.apache.ratis.util.TimeDuration.sleep(TimeDuration.java:309)
	at org.apache.ratis.server.impl.FollowerState.run(FollowerState.java:118)
2021-09-05 01:40:12,315 [ForkJoinPool.commonPool-worker-1] INFO  server.RaftServer$Division (ServerState.java:close(419)) - be41d154-e08a-4361-999c-a2746058d00f@group-17CA38D5857E: closes. applyIndex: -1
2021-09-05 01:40:12,316 [be41d154-e08a-4361-999c-a2746058d00f@group-17CA38D5857E-SegmentedRaftLogWorker] INFO  segmented.SegmentedRaftLogWorker (SegmentedRaftLogWorker.java:run(327)) - be41d154-e08a-4361-999c-a2746058d00f@group-17CA38D5857E-SegmentedRaftLogWorker was interrupted, exiting. There are 0 tasks remaining in the queue.
2021-09-05 01:40:12,316 [ForkJoinPool.commonPool-worker-1] INFO  segmented.SegmentedRaftLogWorker (SegmentedRaftLogWorker.java:close(237)) - be41d154-e08a-4361-999c-a2746058d00f@group-17CA38D5857E-SegmentedRaftLogWorker close()
2021-09-05 01:40:12,322 [ForkJoinPool.commonPool-worker-1] INFO  server.RaftServer$Division (RaftServerImpl.java:lambda$close$4(407)) - be41d154-e08a-4361-999c-a2746058d00f@group-A2597FCC6369: shutdown
2021-09-05 01:40:12,322 [ForkJoinPool.commonPool-worker-1] INFO  util.JmxRegister (JmxRegister.java:unregister(73)) - Successfully un-registered JMX Bean with object name Ratis:service=RaftServer,group=group-A2597FCC6369,id=be41d154-e08a-4361-999c-a2746058d00f
2021-09-05 01:40:12,322 [ForkJoinPool.commonPool-worker-1] INFO  impl.RoleInfo (RoleInfo.java:shutdownFollowerState(108)) - be41d154-e08a-4361-999c-a2746058d00f: shutdown be41d154-e08a-4361-999c-a2746058d00f@group-A2597FCC6369-FollowerState
2021-09-05 01:40:12,323 [ForkJoinPool.commonPool-worker-1] INFO  impl.StateMachineUpdater (StateMachineUpdater.java:stopAndJoin(149)) - be41d154-e08a-4361-999c-a2746058d00f@group-A2597FCC6369-StateMachineUpdater: set stopIndex = 0
2021-09-05 01:40:12,323 [be41d154-e08a-4361-999c-a2746058d00f@group-A2597FCC6369-StateMachineUpdater] INFO  ratis.ContainerStateMachine (ContainerStateMachine.java:takeSnapshot(292)) - group-A2597FCC6369: Taking a snapshot at:(t:1, i:0) file /home/runner/work/ozone/ozone/hadoop-ozone/integration-test/target/test-dir/MiniOzoneClusterImpl-37340386-36af-4fa8-9723-b8f583b28ff6/datanode-2/data/ratis/52703f6d-9754-433b-b0cb-a2597fcc6369/sm/snapshot.1_0
2021-09-05 01:40:12,323 [be41d154-e08a-4361-999c-a2746058d00f@group-A2597FCC6369-FollowerState] INFO  impl.FollowerState (FollowerState.java:run(143)) - be41d154-e08a-4361-999c-a2746058d00f@group-A2597FCC6369-FollowerState was interrupted: {}
java.lang.InterruptedException: sleep interrupted
	at java.lang.Thread.sleep(Native Method)
	at java.lang.Thread.sleep(Thread.java:340)
	at java.util.concurrent.TimeUnit.sleep(TimeUnit.java:386)
	at org.apache.ratis.util.TimeDuration.sleep(TimeDuration.java:324)
	at org.apache.ratis.util.TimeDuration.sleep(TimeDuration.java:309)
	at org.apache.ratis.server.impl.FollowerState.run(FollowerState.java:118)
2021-09-05 01:40:12,324 [be41d154-e08a-4361-999c-a2746058d00f@group-A2597FCC6369-StateMachineUpdater] INFO  ratis.ContainerStateMachine (ContainerStateMachine.java:takeSnapshot(303)) - group-A2597FCC6369: Finished taking a snapshot at:(t:1, i:0) file:/home/runner/work/ozone/ozone/hadoop-ozone/integration-test/target/test-dir/MiniOzoneClusterImpl-37340386-36af-4fa8-9723-b8f583b28ff6/datanode-2/data/ratis/52703f6d-9754-433b-b0cb-a2597fcc6369/sm/snapshot.1_0 took: 1 ms
2021-09-05 01:40:12,333 [be41d154-e08a-4361-999c-a2746058d00f@group-A2597FCC6369-StateMachineUpdater] INFO  impl.StateMachineUpdater (StateMachineUpdater.java:takeSnapshot(281)) - be41d154-e08a-4361-999c-a2746058d00f@group-A2597FCC6369-StateMachineUpdater: Took a snapshot at index 0
2021-09-05 01:40:12,333 [be41d154-e08a-4361-999c-a2746058d00f@group-A2597FCC6369-StateMachineUpdater] INFO  impl.StateMachineUpdater (StateMachineUpdater.java:lambda$new$0(89)) - be41d154-e08a-4361-999c-a2746058d00f@group-A2597FCC6369-StateMachineUpdater: snapshotIndex: updateIncreasingly -1 -> 0
2021-09-05 01:40:12,341 [ForkJoinPool.commonPool-worker-1] INFO  server.RaftServer$Division (ServerState.java:close(419)) - be41d154-e08a-4361-999c-a2746058d00f@group-A2597FCC6369: closes. applyIndex: 0
2021-09-05 01:40:12,341 [be41d154-e08a-4361-999c-a2746058d00f@group-A2597FCC6369-SegmentedRaftLogWorker] INFO  segmented.SegmentedRaftLogWorker (SegmentedRaftLogWorker.java:run(327)) - be41d154-e08a-4361-999c-a2746058d00f@group-A2597FCC6369-SegmentedRaftLogWorker was interrupted, exiting. There are 0 tasks remaining in the queue.
2021-09-05 01:40:12,387 [ForkJoinPool.commonPool-worker-1] INFO  segmented.SegmentedRaftLogWorker (SegmentedRaftLogWorker.java:close(237)) - be41d154-e08a-4361-999c-a2746058d00f@group-A2597FCC6369-SegmentedRaftLogWorker close()
2021-09-05 01:40:12,388 [ForkJoinPool.commonPool-worker-1] INFO  server.RaftServer$Division (RaftServerImpl.java:lambda$close$4(407)) - be41d154-e08a-4361-999c-a2746058d00f@group-6D81F426558A: shutdown
2021-09-05 01:40:12,388 [ForkJoinPool.commonPool-worker-1] INFO  util.JmxRegister (JmxRegister.java:unregister(73)) - Successfully un-registered JMX Bean with object name Ratis:service=RaftServer,group=group-6D81F426558A,id=be41d154-e08a-4361-999c-a2746058d00f
2021-09-05 01:40:12,388 [ForkJoinPool.commonPool-worker-1] INFO  impl.RoleInfo (RoleInfo.java:shutdownLeaderState(91)) - be41d154-e08a-4361-999c-a2746058d00f: shutdown be41d154-e08a-4361-999c-a2746058d00f@group-6D81F426558A-LeaderStateImpl
2021-09-05 01:40:12,388 [ForkJoinPool.commonPool-worker-1] INFO  impl.PendingRequests (PendingRequests.java:sendNotLeaderResponses(282)) - be41d154-e08a-4361-999c-a2746058d00f@group-6D81F426558A-PendingRequests: sendNotLeaderResponses
2021-09-05 01:40:12,389 [ForkJoinPool.commonPool-worker-1] INFO  impl.StateMachineUpdater (StateMachineUpdater.java:stopAndJoin(149)) - be41d154-e08a-4361-999c-a2746058d00f@group-6D81F426558A-StateMachineUpdater: set stopIndex = 0
2021-09-05 01:40:12,389 [be41d154-e08a-4361-999c-a2746058d00f@group-6D81F426558A-StateMachineUpdater] INFO  ratis.ContainerStateMachine (ContainerStateMachine.java:takeSnapshot(292)) - group-6D81F426558A: Taking a snapshot at:(t:1, i:0) file /home/runner/work/ozone/ozone/hadoop-ozone/integration-test/target/test-dir/MiniOzoneClusterImpl-37340386-36af-4fa8-9723-b8f583b28ff6/datanode-2/data/ratis/b7f1090e-520a-432c-8d7d-6d81f426558a/sm/snapshot.1_0
2021-09-05 01:40:12,390 [be41d154-e08a-4361-999c-a2746058d00f@group-6D81F426558A-StateMachineUpdater] INFO  ratis.ContainerStateMachine (ContainerStateMachine.java:takeSnapshot(303)) - group-6D81F426558A: Finished taking a snapshot at:(t:1, i:0) file:/home/runner/work/ozone/ozone/hadoop-ozone/integration-test/target/test-dir/MiniOzoneClusterImpl-37340386-36af-4fa8-9723-b8f583b28ff6/datanode-2/data/ratis/b7f1090e-520a-432c-8d7d-6d81f426558a/sm/snapshot.1_0 took: 1 ms
2021-09-05 01:40:12,390 [be41d154-e08a-4361-999c-a2746058d00f@group-6D81F426558A-StateMachineUpdater] INFO  impl.StateMachineUpdater (StateMachineUpdater.java:takeSnapshot(281)) - be41d154-e08a-4361-999c-a2746058d00f@group-6D81F426558A-StateMachineUpdater: Took a snapshot at index 0
2021-09-05 01:40:12,390 [be41d154-e08a-4361-999c-a2746058d00f@group-6D81F426558A-StateMachineUpdater] INFO  impl.StateMachineUpdater (StateMachineUpdater.java:lambda$new$0(89)) - be41d154-e08a-4361-999c-a2746058d00f@group-6D81F426558A-StateMachineUpdater: snapshotIndex: updateIncreasingly -1 -> 0
2021-09-05 01:40:12,393 [ForkJoinPool.commonPool-worker-1] INFO  server.RaftServer$Division (ServerState.java:close(419)) - be41d154-e08a-4361-999c-a2746058d00f@group-6D81F426558A: closes. applyIndex: 0
2021-09-05 01:40:12,393 [be41d154-e08a-4361-999c-a2746058d00f@group-6D81F426558A-SegmentedRaftLogWorker] INFO  segmented.SegmentedRaftLogWorker (SegmentedRaftLogWorker.java:run(327)) - be41d154-e08a-4361-999c-a2746058d00f@group-6D81F426558A-SegmentedRaftLogWorker was interrupted, exiting. There are 0 tasks remaining in the queue.
2021-09-05 01:40:12,396 [ForkJoinPool.commonPool-worker-1] INFO  segmented.SegmentedRaftLogWorker (SegmentedRaftLogWorker.java:close(237)) - be41d154-e08a-4361-999c-a2746058d00f@group-6D81F426558A-SegmentedRaftLogWorker close()
2021-09-05 01:40:12,413 [ForkJoinPool.commonPool-worker-1] INFO  server.RaftServer$Division (RaftServerImpl.java:lambda$close$4(407)) - be41d154-e08a-4361-999c-a2746058d00f@group-DB0C5756557F: shutdown
2021-09-05 01:40:12,414 [ForkJoinPool.commonPool-worker-1] INFO  util.JmxRegister (JmxRegister.java:unregister(73)) - Successfully un-registered JMX Bean with object name Ratis:service=RaftServer,group=group-DB0C5756557F,id=be41d154-e08a-4361-999c-a2746058d00f
2021-09-05 01:40:12,414 [ForkJoinPool.commonPool-worker-1] INFO  impl.RoleInfo (RoleInfo.java:shutdownFollowerState(108)) - be41d154-e08a-4361-999c-a2746058d00f: shutdown be41d154-e08a-4361-999c-a2746058d00f@group-DB0C5756557F-FollowerState
2021-09-05 01:40:12,417 [be41d154-e08a-4361-999c-a2746058d00f@group-DB0C5756557F-FollowerState] INFO  impl.FollowerState (FollowerState.java:run(143)) - be41d154-e08a-4361-999c-a2746058d00f@group-DB0C5756557F-FollowerState was interrupted: {}
java.lang.InterruptedException: sleep interrupted
	at java.lang.Thread.sleep(Native Method)
	at java.lang.Thread.sleep(Thread.java:340)
	at java.util.concurrent.TimeUnit.sleep(TimeUnit.java:386)
	at org.apache.ratis.util.TimeDuration.sleep(TimeDuration.java:324)
	at org.apache.ratis.util.TimeDuration.sleep(TimeDuration.java:309)
	at org.apache.ratis.server.impl.FollowerState.run(FollowerState.java:118)
2021-09-05 01:40:12,417 [ForkJoinPool.commonPool-worker-1] INFO  impl.StateMachineUpdater (StateMachineUpdater.java:stopAndJoin(149)) - be41d154-e08a-4361-999c-a2746058d00f@group-DB0C5756557F-StateMachineUpdater: set stopIndex = 0
2021-09-05 01:40:12,418 [be41d154-e08a-4361-999c-a2746058d00f@group-DB0C5756557F-StateMachineUpdater] INFO  ratis.ContainerStateMachine (ContainerStateMachine.java:takeSnapshot(292)) - group-DB0C5756557F: Taking a snapshot at:(t:1, i:0) file /home/runner/work/ozone/ozone/hadoop-ozone/integration-test/target/test-dir/MiniOzoneClusterImpl-37340386-36af-4fa8-9723-b8f583b28ff6/datanode-2/data/ratis/970d459e-8e80-4b03-a7e8-db0c5756557f/sm/snapshot.1_0
2021-09-05 01:40:12,418 [be41d154-e08a-4361-999c-a2746058d00f@group-DB0C5756557F-StateMachineUpdater] INFO  ratis.ContainerStateMachine (ContainerStateMachine.java:takeSnapshot(303)) - group-DB0C5756557F: Finished taking a snapshot at:(t:1, i:0) file:/home/runner/work/ozone/ozone/hadoop-ozone/integration-test/target/test-dir/MiniOzoneClusterImpl-37340386-36af-4fa8-9723-b8f583b28ff6/datanode-2/data/ratis/970d459e-8e80-4b03-a7e8-db0c5756557f/sm/snapshot.1_0 took: 1 ms
2021-09-05 01:40:12,419 [be41d154-e08a-4361-999c-a2746058d00f@group-DB0C5756557F-StateMachineUpdater] INFO  impl.StateMachineUpdater (StateMachineUpdater.java:takeSnapshot(281)) - be41d154-e08a-4361-999c-a2746058d00f@group-DB0C5756557F-StateMachineUpdater: Took a snapshot at index 0
2021-09-05 01:40:12,419 [be41d154-e08a-4361-999c-a2746058d00f@group-DB0C5756557F-StateMachineUpdater] INFO  impl.StateMachineUpdater (StateMachineUpdater.java:lambda$new$0(89)) - be41d154-e08a-4361-999c-a2746058d00f@group-DB0C5756557F-StateMachineUpdater: snapshotIndex: updateIncreasingly -1 -> 0
2021-09-05 01:40:12,421 [ForkJoinPool.commonPool-worker-1] INFO  server.RaftServer$Division (ServerState.java:close(419)) - be41d154-e08a-4361-999c-a2746058d00f@group-DB0C5756557F: closes. applyIndex: 0
2021-09-05 01:40:12,421 [be41d154-e08a-4361-999c-a2746058d00f@group-DB0C5756557F-SegmentedRaftLogWorker] INFO  segmented.SegmentedRaftLogWorker (SegmentedRaftLogWorker.java:run(327)) - be41d154-e08a-4361-999c-a2746058d00f@group-DB0C5756557F-SegmentedRaftLogWorker was interrupted, exiting. There are 0 tasks remaining in the queue.
2021-09-05 01:40:12,421 [ForkJoinPool.commonPool-worker-1] INFO  segmented.SegmentedRaftLogWorker (SegmentedRaftLogWorker.java:close(237)) - be41d154-e08a-4361-999c-a2746058d00f@group-DB0C5756557F-SegmentedRaftLogWorker close()
2021-09-05 01:40:12,422 [ForkJoinPool.commonPool-worker-1] INFO  server.GrpcService (GrpcService.java:closeImpl(262)) - be41d154-e08a-4361-999c-a2746058d00f: shutdown server with port 33043 now
2021-09-05 01:40:12,429 [grpc-default-executor-5] WARN  server.GrpcServerProtocolService (LogUtils.java:warn(122)) - be41d154-e08a-4361-999c-a2746058d00f: installSnapshot onError, lastRequest: cff69f77-ea12-413c-a988-d2a44a5ca406->be41d154-e08a-4361-999c-a2746058d00f#1-t1,previous=(t:0, i:0),leaderCommit=0,initializing? true,entries: size=1, first=(t:1, i:0), CONFIGURATIONENTRY: org.apache.ratis.thirdparty.io.grpc.StatusRuntimeException: CANCELLED: client cancelled
2021-09-05 01:40:12,489 [ForkJoinPool.commonPool-worker-1] INFO  server.GrpcService (GrpcService.java:closeImpl(271)) - be41d154-e08a-4361-999c-a2746058d00f: shutdown server with port 33043 successfully
2021-09-05 01:40:12,489 [org.apache.ratis.util.JvmPauseMonitor$$Lambda$531/1694950219@759b1610] INFO  util.JvmPauseMonitor (JvmPauseMonitor.java:run(109)) - JvmPauseMonitor-be41d154-e08a-4361-999c-a2746058d00f: Stopped
2021-09-05 01:40:12,534 [ForkJoinPool.commonPool-worker-1] INFO  utils.BackgroundService (BackgroundService.java:shutdown(132)) - Shutting down service BlockDeletingService
2021-09-05 01:40:12,554 [grpc-default-executor-2] WARN  server.GrpcLogAppender (LogUtils.java:warn(122)) - cff69f77-ea12-413c-a988-d2a44a5ca406@group-A2597FCC6369->be41d154-e08a-4361-999c-a2746058d00f-AppendLogResponseHandler: Failed appendEntries: org.apache.ratis.thirdparty.io.grpc.StatusRuntimeException: CANCELLED: HTTP/2 error code: CANCEL
Received Rst Stream
2021-09-05 01:40:12,554 [grpc-default-executor-2] WARN  server.GrpcLogAppender (GrpcLogAppender.java:resetClient(111)) - cff69f77-ea12-413c-a988-d2a44a5ca406@group-A2597FCC6369->be41d154-e08a-4361-999c-a2746058d00f-GrpcLogAppender: Leader has not got in touch with Follower cff69f77-ea12-413c-a988-d2a44a5ca406@group-A2597FCC6369->be41d154-e08a-4361-999c-a2746058d00f(c0,m0,n1, attendVote=true, lastRpcSendTime=35, lastRpcResponseTime=2536) yet, just keep nextIndex unchanged and retry.
2021-09-05 01:40:13,693 [grpc-default-executor-2] WARN  server.GrpcLogAppender (LogUtils.java:warn(122)) - 455161ce-78be-4281-bc2a-a50d1cad5e43@group-1C1C96E5B142->a394a97c-7848-4311-a24c-186851f6b492-AppendLogResponseHandler: Failed appendEntries: org.apache.ratis.thirdparty.io.grpc.StatusRuntimeException: UNAVAILABLE: io exception
2021-09-05 01:40:13,693 [grpc-default-executor-2] WARN  server.GrpcLogAppender (GrpcLogAppender.java:resetClient(111)) - 455161ce-78be-4281-bc2a-a50d1cad5e43@group-1C1C96E5B142->a394a97c-7848-4311-a24c-186851f6b492-GrpcLogAppender: Leader has not got in touch with Follower 455161ce-78be-4281-bc2a-a50d1cad5e43@group-1C1C96E5B142->a394a97c-7848-4311-a24c-186851f6b492(c0,m0,n1, attendVote=true, lastRpcSendTime=4, lastRpcResponseTime=12572) yet, just keep nextIndex unchanged and retry.
2021-09-05 01:40:14,286 [grpc-default-executor-5] WARN  server.GrpcLogAppender (LogUtils.java:warn(122)) - aa0f76fc-0af9-4fba-891f-e6382fa98fe4@group-9820ECCA99ED->a394a97c-7848-4311-a24c-186851f6b492-AppendLogResponseHandler: Failed appendEntries: org.apache.ratis.thirdparty.io.grpc.StatusRuntimeException: UNAVAILABLE: io exception
2021-09-05 01:40:14,286 [grpc-default-executor-5] WARN  server.GrpcLogAppender (GrpcLogAppender.java:resetClient(111)) - aa0f76fc-0af9-4fba-891f-e6382fa98fe4@group-9820ECCA99ED->a394a97c-7848-4311-a24c-186851f6b492-GrpcLogAppender: Leader has not got in touch with Follower aa0f76fc-0af9-4fba-891f-e6382fa98fe4@group-9820ECCA99ED->a394a97c-7848-4311-a24c-186851f6b492(c-1,m0,n3, attendVote=true, lastRpcSendTime=0, lastRpcResponseTime=7995) yet, just keep nextIndex unchanged and retry.
2021-09-05 01:40:14,573 [grpc-default-executor-2] WARN  server.GrpcLogAppender (LogUtils.java:warn(122)) - cff69f77-ea12-413c-a988-d2a44a5ca406@group-A2597FCC6369->fdb9e53e-0679-45da-9a61-20e122f839df-AppendLogResponseHandler: Failed appendEntries: org.apache.ratis.thirdparty.io.grpc.StatusRuntimeException: UNAVAILABLE: io exception
2021-09-05 01:40:14,574 [grpc-default-executor-2] WARN  server.GrpcLogAppender (GrpcLogAppender.java:resetClient(111)) - cff69f77-ea12-413c-a988-d2a44a5ca406@group-A2597FCC6369->fdb9e53e-0679-45da-9a61-20e122f839df-GrpcLogAppender: Leader has not got in touch with Follower cff69f77-ea12-413c-a988-d2a44a5ca406@group-A2597FCC6369->fdb9e53e-0679-45da-9a61-20e122f839df(c-1,m0,n1, attendVote=true, lastRpcSendTime=0, lastRpcResponseTime=15373) yet, just keep nextIndex unchanged and retry.
2021-09-05 01:40:14,725 [grpc-default-executor-2] WARN  server.GrpcLogAppender (LogUtils.java:warn(122)) - aa0f76fc-0af9-4fba-891f-e6382fa98fe4@group-8DE473E54637->a394a97c-7848-4311-a24c-186851f6b492-AppendLogResponseHandler: Failed appendEntries: org.apache.ratis.thirdparty.io.grpc.StatusRuntimeException: UNAVAILABLE: io exception
2021-09-05 01:40:14,725 [grpc-default-executor-2] WARN  server.GrpcLogAppender (GrpcLogAppender.java:resetClient(111)) - aa0f76fc-0af9-4fba-891f-e6382fa98fe4@group-8DE473E54637->a394a97c-7848-4311-a24c-186851f6b492-GrpcLogAppender: Leader has not got in touch with Follower aa0f76fc-0af9-4fba-891f-e6382fa98fe4@group-8DE473E54637->a394a97c-7848-4311-a24c-186851f6b492(c0,m0,n1, attendVote=true, lastRpcSendTime=7, lastRpcResponseTime=12585) yet, just keep nextIndex unchanged and retry.
2021-09-05 01:40:15,023 [grpc-default-executor-5] WARN  server.GrpcLogAppender (LogUtils.java:warn(122)) - cff69f77-ea12-413c-a988-d2a44a5ca406@group-A2597FCC6369->be41d154-e08a-4361-999c-a2746058d00f-AppendLogResponseHandler: Failed appendEntries: org.apache.ratis.thirdparty.io.grpc.StatusRuntimeException: UNAVAILABLE: io exception
2021-09-05 01:40:15,023 [grpc-default-executor-5] WARN  server.GrpcLogAppender (GrpcLogAppender.java:resetClient(111)) - cff69f77-ea12-413c-a988-d2a44a5ca406@group-A2597FCC6369->be41d154-e08a-4361-999c-a2746058d00f-GrpcLogAppender: Leader has not got in touch with Follower cff69f77-ea12-413c-a988-d2a44a5ca406@group-A2597FCC6369->be41d154-e08a-4361-999c-a2746058d00f(c0,m0,n1, attendVote=true, lastRpcSendTime=1, lastRpcResponseTime=5004) yet, just keep nextIndex unchanged and retry.
2021-09-05 01:40:15,230 [Listener at 127.0.0.1/33945] INFO  statemachine.DatanodeStateMachine (DatanodeStateMachine.java:stopDaemon(515)) - Ozone container server stopped.
2021-09-05 01:40:15,231 [Listener at 127.0.0.1/33945] INFO  handler.ContextHandler (ContextHandler.java:doStop(1153)) - Stopped o.e.j.w.WebAppContext@2f9017e2{hddsDatanode,/,null,STOPPED}{jar:file:/home/runner/.m2/repository/org/apache/ozone/hdds-container-service/1.2.0-SNAPSHOT/hdds-container-service-1.2.0-SNAPSHOT.jar!/webapps/hddsDatanode}
2021-09-05 01:40:15,232 [Listener at 127.0.0.1/33945] INFO  server.AbstractConnector (AbstractConnector.java:doStop(381)) - Stopped ServerConnector@38987220{HTTP/1.1, (http/1.1)}{0.0.0.0:0}
2021-09-05 01:40:15,233 [Listener at 127.0.0.1/33945] INFO  server.session (HouseKeeper.java:stopScavenging(149)) - node0 Stopped scavenging
2021-09-05 01:40:15,233 [Listener at 127.0.0.1/33945] INFO  handler.ContextHandler (ContextHandler.java:doStop(1153)) - Stopped o.e.j.s.ServletContextHandler@37d6f0a0{static,/static,jar:file:/home/runner/.m2/repository/org/apache/ozone/hdds-container-service/1.2.0-SNAPSHOT/hdds-container-service-1.2.0-SNAPSHOT.jar!/webapps/static,STOPPED}
2021-09-05 01:40:15,233 [Listener at 127.0.0.1/33945] INFO  handler.ContextHandler (ContextHandler.java:doStop(1153)) - Stopped o.e.j.s.ServletContextHandler@bb9de8f{logs,/logs,file:///home/runner/work/ozone/ozone/hadoop-ozone/integration-test/target/log,STOPPED}
2021-09-05 01:40:15,534 [Datanode State Machine Thread - 0] INFO  statemachine.DatanodeStateMachine (DatanodeStateMachine.java:lambda$startDaemon$0(457)) - Ozone container server started.
2021-09-05 01:40:15,560 [ForkJoinPool.commonPool-worker-1] INFO  statemachine.DatanodeStateMachine (DatanodeStateMachine.java:stopDaemon(515)) - Ozone container server stopped.
2021-09-05 01:40:15,563 [ForkJoinPool.commonPool-worker-1] INFO  handler.ContextHandler (ContextHandler.java:doStop(1153)) - Stopped o.e.j.w.WebAppContext@41c4c4ad{hddsDatanode,/,null,STOPPED}{jar:file:/home/runner/.m2/repository/org/apache/ozone/hdds-container-service/1.2.0-SNAPSHOT/hdds-container-service-1.2.0-SNAPSHOT.jar!/webapps/hddsDatanode}
2021-09-05 01:40:15,564 [ForkJoinPool.commonPool-worker-1] INFO  server.AbstractConnector (AbstractConnector.java:doStop(381)) - Stopped ServerConnector@13560a19{HTTP/1.1, (http/1.1)}{0.0.0.0:0}
2021-09-05 01:40:15,565 [ForkJoinPool.commonPool-worker-1] INFO  server.session (HouseKeeper.java:stopScavenging(149)) - node0 Stopped scavenging
2021-09-05 01:40:15,565 [ForkJoinPool.commonPool-worker-1] INFO  handler.ContextHandler (ContextHandler.java:doStop(1153)) - Stopped o.e.j.s.ServletContextHandler@4902e2c6{static,/static,jar:file:/home/runner/.m2/repository/org/apache/ozone/hdds-container-service/1.2.0-SNAPSHOT/hdds-container-service-1.2.0-SNAPSHOT.jar!/webapps/static,STOPPED}
2021-09-05 01:40:15,565 [ForkJoinPool.commonPool-worker-1] INFO  handler.ContextHandler (ContextHandler.java:doStop(1153)) - Stopped o.e.j.s.ServletContextHandler@5210a703{logs,/logs,file:///home/runner/work/ozone/ozone/hadoop-ozone/integration-test/target/log,STOPPED}
2021-09-05 01:40:16,203 [grpc-default-executor-5] WARN  server.GrpcLogAppender (LogUtils.java:warn(122)) - 455161ce-78be-4281-bc2a-a50d1cad5e43@group-1C1C96E5B142->a394a97c-7848-4311-a24c-186851f6b492-AppendLogResponseHandler: Failed appendEntries: org.apache.ratis.thirdparty.io.grpc.StatusRuntimeException: UNAVAILABLE: io exception
2021-09-05 01:40:16,204 [grpc-default-executor-5] WARN  server.GrpcLogAppender (GrpcLogAppender.java:resetClient(111)) - 455161ce-78be-4281-bc2a-a50d1cad5e43@group-1C1C96E5B142->a394a97c-7848-4311-a24c-186851f6b492-GrpcLogAppender: Leader has not got in touch with Follower 455161ce-78be-4281-bc2a-a50d1cad5e43@group-1C1C96E5B142->a394a97c-7848-4311-a24c-186851f6b492(c0,m0,n1, attendVote=true, lastRpcSendTime=2514, lastRpcResponseTime=15083) yet, just keep nextIndex unchanged and retry.
2021-09-05 01:40:16,482 [EventQueue-StaleNodeForStaleNodeHandler] INFO  node.StaleNodeHandler (StaleNodeHandler.java:onMessage(58)) - Datanode be41d154-e08a-4361-999c-a2746058d00f{ip: 10.1.0.25, host: fv-az270-420.tacnzluakwdehk1hpragurqkma.bx.internal.cloudapp.net, ports: [REPLICATION=33191, RATIS=33043, RATIS_ADMIN=33043, RATIS_SERVER=33043, STANDALONE=37769], networkLocation: /default-rack, certSerialId: null, persistedOpState: IN_SERVICE, persistedOpStateExpiryEpochSec: 0} moved to stale state. Finalizing its pipelines [PipelineID=5a02bf5f-5c9d-44e3-99a7-17ca38d5857e, PipelineID=52703f6d-9754-433b-b0cb-a2597fcc6369, PipelineID=b7f1090e-520a-432c-8d7d-6d81f426558a, PipelineID=970d459e-8e80-4b03-a7e8-db0c5756557f]
2021-09-05 01:40:16,482 [EventQueue-StaleNodeForStaleNodeHandler] INFO  pipeline.PipelineManagerImpl (PipelineManagerImpl.java:closePipeline(342)) - Pipeline Pipeline[ Id: b7f1090e-520a-432c-8d7d-6d81f426558a, Nodes: be41d154-e08a-4361-999c-a2746058d00f{ip: 10.1.0.25, host: fv-az270-420.tacnzluakwdehk1hpragurqkma.bx.internal.cloudapp.net, ports: [REPLICATION=33191, RATIS=33043, RATIS_ADMIN=33043, RATIS_SERVER=33043, STANDALONE=37769], networkLocation: /default-rack, certSerialId: null, persistedOpState: IN_SERVICE, persistedOpStateExpiryEpochSec: 0}, ReplicationConfig: RATIS/ONE, State:OPEN, leaderId:be41d154-e08a-4361-999c-a2746058d00f, CreationTimestamp2021-09-05T01:39:00.738Z[Etc/UTC]] moved to CLOSED state
2021-09-05 01:40:16,483 [EventQueue-StaleNodeForStaleNodeHandler] INFO  pipeline.PipelineManagerImpl (PipelineManagerImpl.java:closePipeline(342)) - Pipeline Pipeline[ Id: 970d459e-8e80-4b03-a7e8-db0c5756557f, Nodes: be41d154-e08a-4361-999c-a2746058d00f{ip: 10.1.0.25, host: fv-az270-420.tacnzluakwdehk1hpragurqkma.bx.internal.cloudapp.net, ports: [REPLICATION=33191, RATIS=33043, RATIS_ADMIN=33043, RATIS_SERVER=33043, STANDALONE=37769], networkLocation: /default-rack, certSerialId: null, persistedOpState: IN_SERVICE, persistedOpStateExpiryEpochSec: 0}cff69f77-ea12-413c-a988-d2a44a5ca406{ip: 10.1.0.25, host: fv-az270-420.tacnzluakwdehk1hpragurqkma.bx.internal.cloudapp.net, ports: [REPLICATION=40651, RATIS=34387, RATIS_ADMIN=34387, RATIS_SERVER=34387, STANDALONE=34759], networkLocation: /default-rack, certSerialId: null, persistedOpState: IN_SERVICE, persistedOpStateExpiryEpochSec: 0}54b0752d-9f85-41d1-82b7-176712dc42d8{ip: 10.1.0.25, host: fv-az270-420.tacnzluakwdehk1hpragurqkma.bx.internal.cloudapp.net, ports: [REPLICATION=38415, RATIS=45159, RATIS_ADMIN=45159, RATIS_SERVER=45159, STANDALONE=37167], networkLocation: /default-rack, certSerialId: null, persistedOpState: IN_SERVICE, persistedOpStateExpiryEpochSec: 0}, ReplicationConfig: RATIS/THREE, State:OPEN, leaderId:54b0752d-9f85-41d1-82b7-176712dc42d8, CreationTimestamp2021-09-05T01:39:57.401Z[Etc/UTC]] moved to CLOSED state
2021-09-05 01:40:16,690 [EventQueue-StaleNodeForStaleNodeHandler] INFO  node.StaleNodeHandler (StaleNodeHandler.java:onMessage(58)) - Datanode 54b0752d-9f85-41d1-82b7-176712dc42d8{ip: 10.1.0.25, host: fv-az270-420.tacnzluakwdehk1hpragurqkma.bx.internal.cloudapp.net, ports: [REPLICATION=38415, RATIS=45159, RATIS_ADMIN=45159, RATIS_SERVER=45159, STANDALONE=37167], networkLocation: /default-rack, certSerialId: null, persistedOpState: IN_SERVICE, persistedOpStateExpiryEpochSec: 0} moved to stale state. Finalizing its pipelines [PipelineID=d2b771ec-915a-42be-9e6e-a2164613b897, PipelineID=5a02bf5f-5c9d-44e3-99a7-17ca38d5857e, PipelineID=eb7b4621-d76e-4a05-a2d4-2bd2bdd8f704, PipelineID=970d459e-8e80-4b03-a7e8-db0c5756557f]
2021-09-05 01:40:16,690 [EventQueue-StaleNodeForStaleNodeHandler] INFO  pipeline.PipelineManagerImpl (PipelineManagerImpl.java:closePipeline(342)) - Pipeline Pipeline[ Id: eb7b4621-d76e-4a05-a2d4-2bd2bdd8f704, Nodes: 54b0752d-9f85-41d1-82b7-176712dc42d8{ip: 10.1.0.25, host: fv-az270-420.tacnzluakwdehk1hpragurqkma.bx.internal.cloudapp.net, ports: [REPLICATION=38415, RATIS=45159, RATIS_ADMIN=45159, RATIS_SERVER=45159, STANDALONE=37167], networkLocation: /default-rack, certSerialId: null, persistedOpState: IN_SERVICE, persistedOpStateExpiryEpochSec: 0}, ReplicationConfig: RATIS/ONE, State:OPEN, leaderId:54b0752d-9f85-41d1-82b7-176712dc42d8, CreationTimestamp2021-09-05T01:39:03.456Z[Etc/UTC]] moved to CLOSED state
2021-09-05 01:40:16,793 [grpc-default-executor-2] WARN  server.GrpcLogAppender (LogUtils.java:warn(122)) - aa0f76fc-0af9-4fba-891f-e6382fa98fe4@group-9820ECCA99ED->a394a97c-7848-4311-a24c-186851f6b492-AppendLogResponseHandler: Failed appendEntries: org.apache.ratis.thirdparty.io.grpc.StatusRuntimeException: UNAVAILABLE: io exception
2021-09-05 01:40:16,794 [grpc-default-executor-2] WARN  server.GrpcLogAppender (GrpcLogAppender.java:resetClient(111)) - aa0f76fc-0af9-4fba-891f-e6382fa98fe4@group-9820ECCA99ED->a394a97c-7848-4311-a24c-186851f6b492-GrpcLogAppender: Leader has not got in touch with Follower aa0f76fc-0af9-4fba-891f-e6382fa98fe4@group-9820ECCA99ED->a394a97c-7848-4311-a24c-186851f6b492(c-1,m0,n3, attendVote=true, lastRpcSendTime=2508, lastRpcResponseTime=10503) yet, just keep nextIndex unchanged and retry.
2021-09-05 01:40:17,105 [grpc-default-executor-5] WARN  server.GrpcLogAppender (LogUtils.java:warn(122)) - cff69f77-ea12-413c-a988-d2a44a5ca406@group-A2597FCC6369->fdb9e53e-0679-45da-9a61-20e122f839df-AppendLogResponseHandler: Failed appendEntries: org.apache.ratis.thirdparty.io.grpc.StatusRuntimeException: UNAVAILABLE: io exception
2021-09-05 01:40:17,106 [grpc-default-executor-5] WARN  server.GrpcLogAppender (GrpcLogAppender.java:resetClient(111)) - cff69f77-ea12-413c-a988-d2a44a5ca406@group-A2597FCC6369->fdb9e53e-0679-45da-9a61-20e122f839df-GrpcLogAppender: Leader has not got in touch with Follower cff69f77-ea12-413c-a988-d2a44a5ca406@group-A2597FCC6369->fdb9e53e-0679-45da-9a61-20e122f839df(c-1,m0,n1, attendVote=true, lastRpcSendTime=2532, lastRpcResponseTime=17905) yet, just keep nextIndex unchanged and retry.
2021-09-05 01:40:17,228 [grpc-default-executor-5] WARN  server.GrpcLogAppender (LogUtils.java:warn(122)) - aa0f76fc-0af9-4fba-891f-e6382fa98fe4@group-8DE473E54637->a394a97c-7848-4311-a24c-186851f6b492-AppendLogResponseHandler: Failed appendEntries: org.apache.ratis.thirdparty.io.grpc.StatusRuntimeException: UNAVAILABLE: io exception
2021-09-05 01:40:17,233 [grpc-default-executor-5] WARN  server.GrpcLogAppender (GrpcLogAppender.java:resetClient(111)) - aa0f76fc-0af9-4fba-891f-e6382fa98fe4@group-8DE473E54637->a394a97c-7848-4311-a24c-186851f6b492-GrpcLogAppender: Leader has not got in touch with Follower aa0f76fc-0af9-4fba-891f-e6382fa98fe4@group-8DE473E54637->a394a97c-7848-4311-a24c-186851f6b492(c0,m0,n1, attendVote=true, lastRpcSendTime=2515, lastRpcResponseTime=15093) yet, just keep nextIndex unchanged and retry.
2021-09-05 01:40:17,528 [grpc-default-executor-5] WARN  server.GrpcLogAppender (LogUtils.java:warn(122)) - cff69f77-ea12-413c-a988-d2a44a5ca406@group-A2597FCC6369->be41d154-e08a-4361-999c-a2746058d00f-AppendLogResponseHandler: Failed appendEntries: org.apache.ratis.thirdparty.io.grpc.StatusRuntimeException: UNAVAILABLE: io exception
2021-09-05 01:40:17,529 [grpc-default-executor-5] WARN  server.GrpcLogAppender (GrpcLogAppender.java:resetClient(111)) - cff69f77-ea12-413c-a988-d2a44a5ca406@group-A2597FCC6369->be41d154-e08a-4361-999c-a2746058d00f-GrpcLogAppender: Leader has not got in touch with Follower cff69f77-ea12-413c-a988-d2a44a5ca406@group-A2597FCC6369->be41d154-e08a-4361-999c-a2746058d00f(c0,m0,n1, attendVote=true, lastRpcSendTime=2507, lastRpcResponseTime=7510) yet, just keep nextIndex unchanged and retry.
2021-09-05 01:40:17,893 [EventQueue-DeadNodeForDeadNodeHandler] INFO  node.DeadNodeHandler (DeadNodeHandler.java:onMessage(80)) - A dead datanode is detected. a394a97c-7848-4311-a24c-186851f6b492{ip: 10.1.0.25, host: fv-az270-420.tacnzluakwdehk1hpragurqkma.bx.internal.cloudapp.net, ports: [REPLICATION=37403, RATIS=38701, RATIS_ADMIN=38701, RATIS_SERVER=38701, STANDALONE=35691], networkLocation: /default-rack, certSerialId: null, persistedOpState: IN_SERVICE, persistedOpStateExpiryEpochSec: 0}
2021-09-05 01:40:17,893 [EventQueue-DeadNodeForDeadNodeHandler] INFO  pipeline.RatisPipelineProvider (RatisPipelineProvider.java:lambda$close$1(222)) - Send pipeline:PipelineID=0c96f688-2ee1-4e37-806d-8de473e54637 close command to datanode a394a97c-7848-4311-a24c-186851f6b492
2021-09-05 01:40:17,893 [EventQueue-DeadNodeForDeadNodeHandler] INFO  pipeline.RatisPipelineProvider (RatisPipelineProvider.java:lambda$close$1(222)) - Send pipeline:PipelineID=0c96f688-2ee1-4e37-806d-8de473e54637 close command to datanode aa0f76fc-0af9-4fba-891f-e6382fa98fe4
2021-09-05 01:40:17,893 [EventQueue-DeadNodeForDeadNodeHandler] INFO  pipeline.RatisPipelineProvider (RatisPipelineProvider.java:lambda$close$1(222)) - Send pipeline:PipelineID=0c96f688-2ee1-4e37-806d-8de473e54637 close command to datanode 455161ce-78be-4281-bc2a-a50d1cad5e43
2021-09-05 01:40:17,893 [EventQueue-DeadNodeForDeadNodeHandler] INFO  pipeline.PipelineStateManager (PipelineStateManagerV2Impl.java:removePipeline(211)) - Pipeline Pipeline[ Id: 0c96f688-2ee1-4e37-806d-8de473e54637, Nodes: a394a97c-7848-4311-a24c-186851f6b492{ip: 10.1.0.25, host: fv-az270-420.tacnzluakwdehk1hpragurqkma.bx.internal.cloudapp.net, ports: [REPLICATION=37403, RATIS=38701, RATIS_ADMIN=38701, RATIS_SERVER=38701, STANDALONE=35691], networkLocation: /default-rack, certSerialId: null, persistedOpState: IN_SERVICE, persistedOpStateExpiryEpochSec: 0}aa0f76fc-0af9-4fba-891f-e6382fa98fe4{ip: 10.1.0.25, host: fv-az270-420.tacnzluakwdehk1hpragurqkma.bx.internal.cloudapp.net, ports: [REPLICATION=42149, RATIS=36313, RATIS_ADMIN=36313, RATIS_SERVER=36313, STANDALONE=35265], networkLocation: /default-rack, certSerialId: null, persistedOpState: IN_SERVICE, persistedOpStateExpiryEpochSec: 0}455161ce-78be-4281-bc2a-a50d1cad5e43{ip: 10.1.0.25, host: fv-az270-420.tacnzluakwdehk1hpragurqkma.bx.internal.cloudapp.net, ports: [REPLICATION=38759, RATIS=40081, RATIS_ADMIN=40081, RATIS_SERVER=40081, STANDALONE=42933], networkLocation: /default-rack, certSerialId: null, persistedOpState: IN_SERVICE, persistedOpStateExpiryEpochSec: 0}, ReplicationConfig: RATIS/THREE, State:CLOSED, leaderId:aa0f76fc-0af9-4fba-891f-e6382fa98fe4, CreationTimestamp2021-09-05T01:39:02.789Z[Etc/UTC]] removed.
2021-09-05 01:40:17,893 [EventQueue-DeadNodeForDeadNodeHandler] INFO  pipeline.RatisPipelineProvider (RatisPipelineProvider.java:lambda$close$1(222)) - Send pipeline:PipelineID=c580985d-0fc5-40f2-b5c7-1c1c96e5b142 close command to datanode aa0f76fc-0af9-4fba-891f-e6382fa98fe4
2021-09-05 01:40:17,894 [EventQueue-DeadNodeForDeadNodeHandler] INFO  pipeline.RatisPipelineProvider (RatisPipelineProvider.java:lambda$close$1(222)) - Send pipeline:PipelineID=c580985d-0fc5-40f2-b5c7-1c1c96e5b142 close command to datanode a394a97c-7848-4311-a24c-186851f6b492
2021-09-05 01:40:17,894 [EventQueue-DeadNodeForDeadNodeHandler] INFO  pipeline.RatisPipelineProvider (RatisPipelineProvider.java:lambda$close$1(222)) - Send pipeline:PipelineID=c580985d-0fc5-40f2-b5c7-1c1c96e5b142 close command to datanode 455161ce-78be-4281-bc2a-a50d1cad5e43
2021-09-05 01:40:17,894 [EventQueue-DeadNodeForDeadNodeHandler] INFO  pipeline.PipelineStateManager (PipelineStateManagerV2Impl.java:removePipeline(211)) - Pipeline Pipeline[ Id: c580985d-0fc5-40f2-b5c7-1c1c96e5b142, Nodes: aa0f76fc-0af9-4fba-891f-e6382fa98fe4{ip: 10.1.0.25, host: fv-az270-420.tacnzluakwdehk1hpragurqkma.bx.internal.cloudapp.net, ports: [REPLICATION=42149, RATIS=36313, RATIS_ADMIN=36313, RATIS_SERVER=36313, STANDALONE=35265], networkLocation: /default-rack, certSerialId: null, persistedOpState: IN_SERVICE, persistedOpStateExpiryEpochSec: 0}a394a97c-7848-4311-a24c-186851f6b492{ip: 10.1.0.25, host: fv-az270-420.tacnzluakwdehk1hpragurqkma.bx.internal.cloudapp.net, ports: [REPLICATION=37403, RATIS=38701, RATIS_ADMIN=38701, RATIS_SERVER=38701, STANDALONE=35691], networkLocation: /default-rack, certSerialId: null, persistedOpState: IN_SERVICE, persistedOpStateExpiryEpochSec: 0}455161ce-78be-4281-bc2a-a50d1cad5e43{ip: 10.1.0.25, host: fv-az270-420.tacnzluakwdehk1hpragurqkma.bx.internal.cloudapp.net, ports: [REPLICATION=38759, RATIS=40081, RATIS_ADMIN=40081, RATIS_SERVER=40081, STANDALONE=42933], networkLocation: /default-rack, certSerialId: null, persistedOpState: IN_SERVICE, persistedOpStateExpiryEpochSec: 0}, ReplicationConfig: RATIS/THREE, State:CLOSED, leaderId:455161ce-78be-4281-bc2a-a50d1cad5e43, CreationTimestamp2021-09-05T01:39:02.788Z[Etc/UTC]] removed.
2021-09-05 01:40:17,894 [EventQueue-DeadNodeForDeadNodeHandler] INFO  pipeline.RatisPipelineProvider (RatisPipelineProvider.java:lambda$close$1(222)) - Send pipeline:PipelineID=63a4ac22-0943-49cd-a4b6-9820ecca99ed close command to datanode a394a97c-7848-4311-a24c-186851f6b492
2021-09-05 01:40:17,894 [EventQueue-DeadNodeForDeadNodeHandler] INFO  pipeline.RatisPipelineProvider (RatisPipelineProvider.java:lambda$close$1(222)) - Send pipeline:PipelineID=63a4ac22-0943-49cd-a4b6-9820ecca99ed close command to datanode aa0f76fc-0af9-4fba-891f-e6382fa98fe4
2021-09-05 01:40:17,894 [EventQueue-DeadNodeForDeadNodeHandler] INFO  pipeline.RatisPipelineProvider (RatisPipelineProvider.java:lambda$close$1(222)) - Send pipeline:PipelineID=63a4ac22-0943-49cd-a4b6-9820ecca99ed close command to datanode 455161ce-78be-4281-bc2a-a50d1cad5e43
2021-09-05 01:40:17,894 [EventQueue-DeadNodeForDeadNodeHandler] INFO  pipeline.PipelineStateManager (PipelineStateManagerV2Impl.java:removePipeline(211)) - Pipeline Pipeline[ Id: 63a4ac22-0943-49cd-a4b6-9820ecca99ed, Nodes: a394a97c-7848-4311-a24c-186851f6b492{ip: 10.1.0.25, host: fv-az270-420.tacnzluakwdehk1hpragurqkma.bx.internal.cloudapp.net, ports: [REPLICATION=37403, RATIS=38701, RATIS_ADMIN=38701, RATIS_SERVER=38701, STANDALONE=35691], networkLocation: /default-rack, certSerialId: null, persistedOpState: IN_SERVICE, persistedOpStateExpiryEpochSec: 0}aa0f76fc-0af9-4fba-891f-e6382fa98fe4{ip: 10.1.0.25, host: fv-az270-420.tacnzluakwdehk1hpragurqkma.bx.internal.cloudapp.net, ports: [REPLICATION=42149, RATIS=36313, RATIS_ADMIN=36313, RATIS_SERVER=36313, STANDALONE=35265], networkLocation: /default-rack, certSerialId: null, persistedOpState: IN_SERVICE, persistedOpStateExpiryEpochSec: 0}455161ce-78be-4281-bc2a-a50d1cad5e43{ip: 10.1.0.25, host: fv-az270-420.tacnzluakwdehk1hpragurqkma.bx.internal.cloudapp.net, ports: [REPLICATION=38759, RATIS=40081, RATIS_ADMIN=40081, RATIS_SERVER=40081, STANDALONE=42933], networkLocation: /default-rack, certSerialId: null, persistedOpState: IN_SERVICE, persistedOpStateExpiryEpochSec: 0}, ReplicationConfig: RATIS/THREE, State:CLOSED, leaderId:aa0f76fc-0af9-4fba-891f-e6382fa98fe4, CreationTimestamp2021-09-05T01:39:02.787Z[Etc/UTC]] removed.
2021-09-05 01:40:17,894 [EventQueue-DeadNodeForDeadNodeHandler] INFO  pipeline.RatisPipelineProvider (RatisPipelineProvider.java:lambda$close$1(222)) - Send pipeline:PipelineID=1f8bedbc-d0ae-4b4d-bc8b-71f1f32b1a5f close command to datanode a394a97c-7848-4311-a24c-186851f6b492
2021-09-05 01:40:17,894 [EventQueue-DeadNodeForDeadNodeHandler] INFO  pipeline.PipelineStateManager (PipelineStateManagerV2Impl.java:removePipeline(211)) - Pipeline Pipeline[ Id: 1f8bedbc-d0ae-4b4d-bc8b-71f1f32b1a5f, Nodes: a394a97c-7848-4311-a24c-186851f6b492{ip: 10.1.0.25, host: fv-az270-420.tacnzluakwdehk1hpragurqkma.bx.internal.cloudapp.net, ports: [REPLICATION=37403, RATIS=38701, RATIS_ADMIN=38701, RATIS_SERVER=38701, STANDALONE=35691], networkLocation: /default-rack, certSerialId: null, persistedOpState: IN_SERVICE, persistedOpStateExpiryEpochSec: 0}, ReplicationConfig: RATIS/ONE, State:CLOSED, leaderId:a394a97c-7848-4311-a24c-186851f6b492, CreationTimestamp2021-09-05T01:39:02.163Z[Etc/UTC]] removed.
2021-09-05 01:40:17,894 [EventQueue-DeadNodeForDeadNodeHandler] INFO  net.NetworkTopologyImpl (NetworkTopologyImpl.java:remove(137)) - Removed a node: /default-rack/a394a97c-7848-4311-a24c-186851f6b492
2021-09-05 01:40:17,894 [EventQueue-DeadNodeForDeadNodeHandler] INFO  node.DeadNodeHandler (DeadNodeHandler.java:onMessage(80)) - A dead datanode is detected. fdb9e53e-0679-45da-9a61-20e122f839df{ip: 10.1.0.25, host: fv-az270-420.tacnzluakwdehk1hpragurqkma.bx.internal.cloudapp.net, ports: [REPLICATION=45811, RATIS=40867, RATIS_ADMIN=40867, RATIS_SERVER=40867, STANDALONE=43325], networkLocation: /default-rack, certSerialId: null, persistedOpState: IN_SERVICE, persistedOpStateExpiryEpochSec: 0}
2021-09-05 01:40:17,894 [EventQueue-DeadNodeForDeadNodeHandler] INFO  pipeline.RatisPipelineProvider (RatisPipelineProvider.java:lambda$close$1(222)) - Send pipeline:PipelineID=abc99c8d-4636-4361-928c-d22776684351 close command to datanode fdb9e53e-0679-45da-9a61-20e122f839df
2021-09-05 01:40:17,894 [EventQueue-DeadNodeForDeadNodeHandler] INFO  pipeline.PipelineStateManager (PipelineStateManagerV2Impl.java:removePipeline(211)) - Pipeline Pipeline[ Id: abc99c8d-4636-4361-928c-d22776684351, Nodes: fdb9e53e-0679-45da-9a61-20e122f839df{ip: 10.1.0.25, host: fv-az270-420.tacnzluakwdehk1hpragurqkma.bx.internal.cloudapp.net, ports: [REPLICATION=45811, RATIS=40867, RATIS_ADMIN=40867, RATIS_SERVER=40867, STANDALONE=43325], networkLocation: /default-rack, certSerialId: null, persistedOpState: IN_SERVICE, persistedOpStateExpiryEpochSec: 0}, ReplicationConfig: RATIS/ONE, State:CLOSED, leaderId:fdb9e53e-0679-45da-9a61-20e122f839df, CreationTimestamp2021-09-05T01:38:59.977Z[Etc/UTC]] removed.
2021-09-05 01:40:17,895 [EventQueue-DeadNodeForDeadNodeHandler] INFO  pipeline.RatisPipelineProvider (RatisPipelineProvider.java:lambda$close$1(222)) - Send pipeline:PipelineID=d2b771ec-915a-42be-9e6e-a2164613b897 close command to datanode 54b0752d-9f85-41d1-82b7-176712dc42d8
2021-09-05 01:40:17,895 [EventQueue-DeadNodeForDeadNodeHandler] INFO  pipeline.RatisPipelineProvider (RatisPipelineProvider.java:lambda$close$1(222)) - Send pipeline:PipelineID=d2b771ec-915a-42be-9e6e-a2164613b897 close command to datanode fdb9e53e-0679-45da-9a61-20e122f839df
2021-09-05 01:40:17,895 [EventQueue-DeadNodeForDeadNodeHandler] INFO  pipeline.RatisPipelineProvider (RatisPipelineProvider.java:lambda$close$1(222)) - Send pipeline:PipelineID=d2b771ec-915a-42be-9e6e-a2164613b897 close command to datanode cff69f77-ea12-413c-a988-d2a44a5ca406
2021-09-05 01:40:17,895 [EventQueue-DeadNodeForDeadNodeHandler] INFO  pipeline.PipelineStateManager (PipelineStateManagerV2Impl.java:removePipeline(211)) - Pipeline Pipeline[ Id: d2b771ec-915a-42be-9e6e-a2164613b897, Nodes: 54b0752d-9f85-41d1-82b7-176712dc42d8{ip: 10.1.0.25, host: fv-az270-420.tacnzluakwdehk1hpragurqkma.bx.internal.cloudapp.net, ports: [REPLICATION=38415, RATIS=45159, RATIS_ADMIN=45159, RATIS_SERVER=45159, STANDALONE=37167], networkLocation: /default-rack, certSerialId: null, persistedOpState: IN_SERVICE, persistedOpStateExpiryEpochSec: 0}fdb9e53e-0679-45da-9a61-20e122f839df{ip: 10.1.0.25, host: fv-az270-420.tacnzluakwdehk1hpragurqkma.bx.internal.cloudapp.net, ports: [REPLICATION=45811, RATIS=40867, RATIS_ADMIN=40867, RATIS_SERVER=40867, STANDALONE=43325], networkLocation: /default-rack, certSerialId: null, persistedOpState: IN_SERVICE, persistedOpStateExpiryEpochSec: 0}cff69f77-ea12-413c-a988-d2a44a5ca406{ip: 10.1.0.25, host: fv-az270-420.tacnzluakwdehk1hpragurqkma.bx.internal.cloudapp.net, ports: [REPLICATION=40651, RATIS=34387, RATIS_ADMIN=34387, RATIS_SERVER=34387, STANDALONE=34759], networkLocation: /default-rack, certSerialId: null, persistedOpState: IN_SERVICE, persistedOpStateExpiryEpochSec: 0}, ReplicationConfig: RATIS/THREE, State:CLOSED, leaderId:, CreationTimestamp2021-09-05T01:39:57.398Z[Etc/UTC]] removed.
2021-09-05 01:40:17,895 [EventQueue-DeadNodeForDeadNodeHandler] INFO  pipeline.RatisPipelineProvider (RatisPipelineProvider.java:lambda$close$1(222)) - Send pipeline:PipelineID=5a02bf5f-5c9d-44e3-99a7-17ca38d5857e close command to datanode 54b0752d-9f85-41d1-82b7-176712dc42d8
2021-09-05 01:40:17,895 [EventQueue-DeadNodeForDeadNodeHandler] INFO  pipeline.RatisPipelineProvider (RatisPipelineProvider.java:lambda$close$1(222)) - Send pipeline:PipelineID=5a02bf5f-5c9d-44e3-99a7-17ca38d5857e close command to datanode be41d154-e08a-4361-999c-a2746058d00f
2021-09-05 01:40:17,895 [EventQueue-DeadNodeForDeadNodeHandler] INFO  pipeline.RatisPipelineProvider (RatisPipelineProvider.java:lambda$close$1(222)) - Send pipeline:PipelineID=5a02bf5f-5c9d-44e3-99a7-17ca38d5857e close command to datanode fdb9e53e-0679-45da-9a61-20e122f839df
2021-09-05 01:40:17,895 [EventQueue-DeadNodeForDeadNodeHandler] INFO  pipeline.PipelineStateManager (PipelineStateManagerV2Impl.java:removePipeline(211)) - Pipeline Pipeline[ Id: 5a02bf5f-5c9d-44e3-99a7-17ca38d5857e, Nodes: 54b0752d-9f85-41d1-82b7-176712dc42d8{ip: 10.1.0.25, host: fv-az270-420.tacnzluakwdehk1hpragurqkma.bx.internal.cloudapp.net, ports: [REPLICATION=38415, RATIS=45159, RATIS_ADMIN=45159, RATIS_SERVER=45159, STANDALONE=37167], networkLocation: /default-rack, certSerialId: null, persistedOpState: IN_SERVICE, persistedOpStateExpiryEpochSec: 0}be41d154-e08a-4361-999c-a2746058d00f{ip: 10.1.0.25, host: fv-az270-420.tacnzluakwdehk1hpragurqkma.bx.internal.cloudapp.net, ports: [REPLICATION=33191, RATIS=33043, RATIS_ADMIN=33043, RATIS_SERVER=33043, STANDALONE=37769], networkLocation: /default-rack, certSerialId: null, persistedOpState: IN_SERVICE, persistedOpStateExpiryEpochSec: 0}fdb9e53e-0679-45da-9a61-20e122f839df{ip: 10.1.0.25, host: fv-az270-420.tacnzluakwdehk1hpragurqkma.bx.internal.cloudapp.net, ports: [REPLICATION=45811, RATIS=40867, RATIS_ADMIN=40867, RATIS_SERVER=40867, STANDALONE=43325], networkLocation: /default-rack, certSerialId: null, persistedOpState: IN_SERVICE, persistedOpStateExpiryEpochSec: 0}, ReplicationConfig: RATIS/THREE, State:CLOSED, leaderId:, CreationTimestamp2021-09-05T01:39:57.399Z[Etc/UTC]] removed.
2021-09-05 01:40:17,895 [EventQueue-DeadNodeForDeadNodeHandler] INFO  pipeline.RatisPipelineProvider (RatisPipelineProvider.java:lambda$close$1(222)) - Send pipeline:PipelineID=52703f6d-9754-433b-b0cb-a2597fcc6369 close command to datanode cff69f77-ea12-413c-a988-d2a44a5ca406
2021-09-05 01:40:17,895 [EventQueue-DeadNodeForDeadNodeHandler] INFO  pipeline.RatisPipelineProvider (RatisPipelineProvider.java:lambda$close$1(222)) - Send pipeline:PipelineID=52703f6d-9754-433b-b0cb-a2597fcc6369 close command to datanode be41d154-e08a-4361-999c-a2746058d00f
2021-09-05 01:40:17,895 [EventQueue-DeadNodeForDeadNodeHandler] INFO  pipeline.RatisPipelineProvider (RatisPipelineProvider.java:lambda$close$1(222)) - Send pipeline:PipelineID=52703f6d-9754-433b-b0cb-a2597fcc6369 close command to datanode fdb9e53e-0679-45da-9a61-20e122f839df
2021-09-05 01:40:17,895 [EventQueue-DeadNodeForDeadNodeHandler] INFO  pipeline.PipelineStateManager (PipelineStateManagerV2Impl.java:removePipeline(211)) - Pipeline Pipeline[ Id: 52703f6d-9754-433b-b0cb-a2597fcc6369, Nodes: cff69f77-ea12-413c-a988-d2a44a5ca406{ip: 10.1.0.25, host: fv-az270-420.tacnzluakwdehk1hpragurqkma.bx.internal.cloudapp.net, ports: [REPLICATION=40651, RATIS=34387, RATIS_ADMIN=34387, RATIS_SERVER=34387, STANDALONE=34759], networkLocation: /default-rack, certSerialId: null, persistedOpState: IN_SERVICE, persistedOpStateExpiryEpochSec: 0}be41d154-e08a-4361-999c-a2746058d00f{ip: 10.1.0.25, host: fv-az270-420.tacnzluakwdehk1hpragurqkma.bx.internal.cloudapp.net, ports: [REPLICATION=33191, RATIS=33043, RATIS_ADMIN=33043, RATIS_SERVER=33043, STANDALONE=37769], networkLocation: /default-rack, certSerialId: null, persistedOpState: IN_SERVICE, persistedOpStateExpiryEpochSec: 0}fdb9e53e-0679-45da-9a61-20e122f839df{ip: 10.1.0.25, host: fv-az270-420.tacnzluakwdehk1hpragurqkma.bx.internal.cloudapp.net, ports: [REPLICATION=45811, RATIS=40867, RATIS_ADMIN=40867, RATIS_SERVER=40867, STANDALONE=43325], networkLocation: /default-rack, certSerialId: null, persistedOpState: IN_SERVICE, persistedOpStateExpiryEpochSec: 0}, ReplicationConfig: RATIS/THREE, State:CLOSED, leaderId:cff69f77-ea12-413c-a988-d2a44a5ca406, CreationTimestamp2021-09-05T01:39:57.400Z[Etc/UTC]] removed.
2021-09-05 01:40:17,896 [EventQueue-DeadNodeForDeadNodeHandler] INFO  net.NetworkTopologyImpl (NetworkTopologyImpl.java:remove(137)) - Removed a node: /default-rack/fdb9e53e-0679-45da-9a61-20e122f839df
2021-09-05 01:40:18,737 [grpc-default-executor-5] WARN  server.GrpcLogAppender (LogUtils.java:warn(122)) - 455161ce-78be-4281-bc2a-a50d1cad5e43@group-1C1C96E5B142->a394a97c-7848-4311-a24c-186851f6b492-AppendLogResponseHandler: Failed appendEntries: org.apache.ratis.thirdparty.io.grpc.StatusRuntimeException: UNAVAILABLE: io exception
2021-09-05 01:40:18,737 [grpc-default-executor-5] WARN  server.GrpcLogAppender (GrpcLogAppender.java:resetClient(111)) - 455161ce-78be-4281-bc2a-a50d1cad5e43@group-1C1C96E5B142->a394a97c-7848-4311-a24c-186851f6b492-GrpcLogAppender: Leader has not got in touch with Follower 455161ce-78be-4281-bc2a-a50d1cad5e43@group-1C1C96E5B142->a394a97c-7848-4311-a24c-186851f6b492(c0,m0,n1, attendVote=true, lastRpcSendTime=4, lastRpcResponseTime=17616) yet, just keep nextIndex unchanged and retry.
2021-09-05 01:40:19,076 [cff69f77-ea12-413c-a988-d2a44a5ca406@group-A2164613B897-FollowerState] INFO  impl.FollowerState (FollowerState.java:run(134)) - cff69f77-ea12-413c-a988-d2a44a5ca406@group-A2164613B897-FollowerState: change to CANDIDATE, lastRpcElapsedTime:7347777750ns, electionTimeout:5055ms
2021-09-05 01:40:19,076 [cff69f77-ea12-413c-a988-d2a44a5ca406@group-A2164613B897-FollowerState] INFO  impl.RoleInfo (RoleInfo.java:shutdownFollowerState(108)) - cff69f77-ea12-413c-a988-d2a44a5ca406: shutdown cff69f77-ea12-413c-a988-d2a44a5ca406@group-A2164613B897-FollowerState
2021-09-05 01:40:19,076 [cff69f77-ea12-413c-a988-d2a44a5ca406@group-A2164613B897-FollowerState] INFO  server.RaftServer$Division (RaftServerImpl.java:setRole(285)) - cff69f77-ea12-413c-a988-d2a44a5ca406@group-A2164613B897: changes role from  FOLLOWER to CANDIDATE at term 2 for changeToCandidate
2021-09-05 01:40:19,076 [cff69f77-ea12-413c-a988-d2a44a5ca406@group-A2164613B897-FollowerState] INFO  server.RaftServerConfigKeys (ConfUtils.java:logGet(44)) - raft.server.leaderelection.pre-vote = false (custom)
2021-09-05 01:40:19,076 [cff69f77-ea12-413c-a988-d2a44a5ca406@group-A2164613B897-FollowerState] INFO  impl.RoleInfo (RoleInfo.java:updateAndGet(130)) - cff69f77-ea12-413c-a988-d2a44a5ca406: start cff69f77-ea12-413c-a988-d2a44a5ca406@group-A2164613B897-LeaderElection125
2021-09-05 01:40:19,089 [cff69f77-ea12-413c-a988-d2a44a5ca406@group-A2164613B897-LeaderElection125] INFO  server.RaftServer$Division (ServerState.java:setLeader(285)) - cff69f77-ea12-413c-a988-d2a44a5ca406@group-A2164613B897: change Leader from 54b0752d-9f85-41d1-82b7-176712dc42d8 to null at term 2 for ELECTION
2021-09-05 01:40:19,094 [cff69f77-ea12-413c-a988-d2a44a5ca406@group-A2164613B897-LeaderElection125] INFO  impl.LeaderElection (LeaderElection.java:askForVotes(306)) - cff69f77-ea12-413c-a988-d2a44a5ca406@group-A2164613B897-LeaderElection125 ELECTION round 0: submit vote requests at term 3 for 0: [fdb9e53e-0679-45da-9a61-20e122f839df|rpc:10.1.0.25:40867|dataStream:|priority:1, cff69f77-ea12-413c-a988-d2a44a5ca406|rpc:10.1.0.25:34387|dataStream:|priority:0, 54b0752d-9f85-41d1-82b7-176712dc42d8|rpc:10.1.0.25:45159|dataStream:|priority:0], old=null
2021-09-05 01:40:19,155 [cff69f77-ea12-413c-a988-d2a44a5ca406@group-A2164613B897-LeaderElection125] INFO  impl.LeaderElection (LogUtils.java:infoOrTrace(137)) - cff69f77-ea12-413c-a988-d2a44a5ca406@group-A2164613B897-LeaderElection125 got exception when requesting votes: java.util.concurrent.ExecutionException: org.apache.ratis.thirdparty.io.grpc.StatusRuntimeException: UNAVAILABLE: io exception
2021-09-05 01:40:19,178 [cff69f77-ea12-413c-a988-d2a44a5ca406@group-A2164613B897-LeaderElection125] INFO  impl.LeaderElection (LogUtils.java:infoOrTrace(137)) - cff69f77-ea12-413c-a988-d2a44a5ca406@group-A2164613B897-LeaderElection125 got exception when requesting votes: java.util.concurrent.ExecutionException: org.apache.ratis.thirdparty.io.grpc.StatusRuntimeException: UNAVAILABLE: io exception
2021-09-05 01:40:19,178 [cff69f77-ea12-413c-a988-d2a44a5ca406@group-A2164613B897-LeaderElection125] INFO  impl.LeaderElection (LeaderElection.java:logAndReturn(89)) - cff69f77-ea12-413c-a988-d2a44a5ca406@group-A2164613B897-LeaderElection125: ELECTION REJECTED received 0 response(s) and 2 exception(s):
2021-09-05 01:40:19,178 [cff69f77-ea12-413c-a988-d2a44a5ca406@group-A2164613B897-LeaderElection125] INFO  impl.LeaderElection (LogUtils.java:infoOrTrace(137)) -   Exception 0: java.util.concurrent.ExecutionException: org.apache.ratis.thirdparty.io.grpc.StatusRuntimeException: UNAVAILABLE: io exception
2021-09-05 01:40:19,178 [cff69f77-ea12-413c-a988-d2a44a5ca406@group-A2164613B897-LeaderElection125] INFO  impl.LeaderElection (LogUtils.java:infoOrTrace(137)) -   Exception 1: java.util.concurrent.ExecutionException: org.apache.ratis.thirdparty.io.grpc.StatusRuntimeException: UNAVAILABLE: io exception
2021-09-05 01:40:19,178 [cff69f77-ea12-413c-a988-d2a44a5ca406@group-A2164613B897-LeaderElection125] INFO  impl.LeaderElection (LeaderElection.java:askForVotes(308)) - cff69f77-ea12-413c-a988-d2a44a5ca406@group-A2164613B897-LeaderElection125 ELECTION round 0: result REJECTED
2021-09-05 01:40:19,178 [cff69f77-ea12-413c-a988-d2a44a5ca406@group-A2164613B897-LeaderElection125] INFO  server.RaftServer$Division (RaftServerImpl.java:setRole(285)) - cff69f77-ea12-413c-a988-d2a44a5ca406@group-A2164613B897: changes role from CANDIDATE to FOLLOWER at term 3 for REJECTED
2021-09-05 01:40:19,178 [cff69f77-ea12-413c-a988-d2a44a5ca406@group-A2164613B897-LeaderElection125] INFO  impl.RoleInfo (RoleInfo.java:shutdownLeaderElection(121)) - cff69f77-ea12-413c-a988-d2a44a5ca406: shutdown cff69f77-ea12-413c-a988-d2a44a5ca406@group-A2164613B897-LeaderElection125
2021-09-05 01:40:19,178 [cff69f77-ea12-413c-a988-d2a44a5ca406@group-A2164613B897-LeaderElection125] INFO  impl.RoleInfo (RoleInfo.java:updateAndGet(130)) - cff69f77-ea12-413c-a988-d2a44a5ca406: start cff69f77-ea12-413c-a988-d2a44a5ca406@group-A2164613B897-FollowerState
2021-09-05 01:40:19,309 [grpc-default-executor-5] WARN  server.GrpcLogAppender (LogUtils.java:warn(122)) - aa0f76fc-0af9-4fba-891f-e6382fa98fe4@group-9820ECCA99ED->a394a97c-7848-4311-a24c-186851f6b492-AppendLogResponseHandler: Failed appendEntries: org.apache.ratis.thirdparty.io.grpc.StatusRuntimeException: UNAVAILABLE: io exception
2021-09-05 01:40:19,310 [grpc-default-executor-5] WARN  server.GrpcLogAppender (GrpcLogAppender.java:resetClient(111)) - aa0f76fc-0af9-4fba-891f-e6382fa98fe4@group-9820ECCA99ED->a394a97c-7848-4311-a24c-186851f6b492-GrpcLogAppender: Leader has not got in touch with Follower aa0f76fc-0af9-4fba-891f-e6382fa98fe4@group-9820ECCA99ED->a394a97c-7848-4311-a24c-186851f6b492(c-1,m0,n3, attendVote=true, lastRpcSendTime=0, lastRpcResponseTime=13019) yet, just keep nextIndex unchanged and retry.
2021-09-05 01:40:19,629 [grpc-default-executor-5] WARN  server.GrpcLogAppender (LogUtils.java:warn(122)) - cff69f77-ea12-413c-a988-d2a44a5ca406@group-A2597FCC6369->fdb9e53e-0679-45da-9a61-20e122f839df-AppendLogResponseHandler: Failed appendEntries: org.apache.ratis.thirdparty.io.grpc.StatusRuntimeException: UNAVAILABLE: io exception
2021-09-05 01:40:19,630 [grpc-default-executor-5] WARN  server.GrpcLogAppender (GrpcLogAppender.java:resetClient(111)) - cff69f77-ea12-413c-a988-d2a44a5ca406@group-A2597FCC6369->fdb9e53e-0679-45da-9a61-20e122f839df-GrpcLogAppender: Leader has not got in touch with Follower cff69f77-ea12-413c-a988-d2a44a5ca406@group-A2597FCC6369->fdb9e53e-0679-45da-9a61-20e122f839df(c-1,m0,n1, attendVote=true, lastRpcSendTime=2523, lastRpcResponseTime=20429) yet, just keep nextIndex unchanged and retry.
2021-09-05 01:40:19,699 [Command processor thread] INFO  server.RaftServer (RaftServerProxy.java:remove(106)) - 455161ce-78be-4281-bc2a-a50d1cad5e43: remove  FOLLOWER 455161ce-78be-4281-bc2a-a50d1cad5e43@group-8DE473E54637:t4, leader=aa0f76fc-0af9-4fba-891f-e6382fa98fe4, voted=aa0f76fc-0af9-4fba-891f-e6382fa98fe4, raftlog=455161ce-78be-4281-bc2a-a50d1cad5e43@group-8DE473E54637-SegmentedRaftLog:OPENED:c0,f0,i0, conf=0: [455161ce-78be-4281-bc2a-a50d1cad5e43|rpc:10.1.0.25:40081|dataStream:|priority:0, a394a97c-7848-4311-a24c-186851f6b492|rpc:10.1.0.25:38701|dataStream:|priority:0, aa0f76fc-0af9-4fba-891f-e6382fa98fe4|rpc:10.1.0.25:36313|dataStream:|priority:1], old=null RUNNING
2021-09-05 01:40:19,700 [Command processor thread] INFO  server.RaftServer$Division (RaftServerImpl.java:lambda$close$4(407)) - 455161ce-78be-4281-bc2a-a50d1cad5e43@group-8DE473E54637: shutdown
2021-09-05 01:40:19,700 [Command processor thread] INFO  util.JmxRegister (JmxRegister.java:unregister(73)) - Successfully un-registered JMX Bean with object name Ratis:service=RaftServer,group=group-8DE473E54637,id=455161ce-78be-4281-bc2a-a50d1cad5e43
2021-09-05 01:40:19,700 [Command processor thread] INFO  impl.RoleInfo (RoleInfo.java:shutdownFollowerState(108)) - 455161ce-78be-4281-bc2a-a50d1cad5e43: shutdown 455161ce-78be-4281-bc2a-a50d1cad5e43@group-8DE473E54637-FollowerState
2021-09-05 01:40:19,700 [Command processor thread] INFO  impl.StateMachineUpdater (StateMachineUpdater.java:stopAndJoin(149)) - 455161ce-78be-4281-bc2a-a50d1cad5e43@group-8DE473E54637-StateMachineUpdater: set stopIndex = 0
2021-09-05 01:40:19,700 [455161ce-78be-4281-bc2a-a50d1cad5e43@group-8DE473E54637-FollowerState] INFO  impl.FollowerState (FollowerState.java:run(143)) - 455161ce-78be-4281-bc2a-a50d1cad5e43@group-8DE473E54637-FollowerState was interrupted: {}
java.lang.InterruptedException: sleep interrupted
	at java.lang.Thread.sleep(Native Method)
	at java.lang.Thread.sleep(Thread.java:340)
	at java.util.concurrent.TimeUnit.sleep(TimeUnit.java:386)
	at org.apache.ratis.util.TimeDuration.sleep(TimeDuration.java:324)
	at org.apache.ratis.util.TimeDuration.sleep(TimeDuration.java:309)
	at org.apache.ratis.server.impl.FollowerState.run(FollowerState.java:118)
2021-09-05 01:40:19,708 [455161ce-78be-4281-bc2a-a50d1cad5e43@group-8DE473E54637-StateMachineUpdater] INFO  ratis.ContainerStateMachine (ContainerStateMachine.java:takeSnapshot(292)) - group-8DE473E54637: Taking a snapshot at:(t:4, i:0) file /home/runner/work/ozone/ozone/hadoop-ozone/integration-test/target/test-dir/MiniOzoneClusterImpl-37340386-36af-4fa8-9723-b8f583b28ff6/datanode-3/data/ratis/0c96f688-2ee1-4e37-806d-8de473e54637/sm/snapshot.4_0
2021-09-05 01:40:19,714 [455161ce-78be-4281-bc2a-a50d1cad5e43@group-8DE473E54637-StateMachineUpdater] INFO  ratis.ContainerStateMachine (ContainerStateMachine.java:takeSnapshot(303)) - group-8DE473E54637: Finished taking a snapshot at:(t:4, i:0) file:/home/runner/work/ozone/ozone/hadoop-ozone/integration-test/target/test-dir/MiniOzoneClusterImpl-37340386-36af-4fa8-9723-b8f583b28ff6/datanode-3/data/ratis/0c96f688-2ee1-4e37-806d-8de473e54637/sm/snapshot.4_0 took: 14 ms
2021-09-05 01:40:19,714 [455161ce-78be-4281-bc2a-a50d1cad5e43@group-8DE473E54637-StateMachineUpdater] INFO  impl.StateMachineUpdater (StateMachineUpdater.java:takeSnapshot(281)) - 455161ce-78be-4281-bc2a-a50d1cad5e43@group-8DE473E54637-StateMachineUpdater: Took a snapshot at index 0
2021-09-05 01:40:19,714 [455161ce-78be-4281-bc2a-a50d1cad5e43@group-8DE473E54637-StateMachineUpdater] INFO  impl.StateMachineUpdater (StateMachineUpdater.java:lambda$new$0(89)) - 455161ce-78be-4281-bc2a-a50d1cad5e43@group-8DE473E54637-StateMachineUpdater: snapshotIndex: updateIncreasingly -1 -> 0
2021-09-05 01:40:19,715 [Command processor thread] INFO  server.RaftServer$Division (ServerState.java:close(419)) - 455161ce-78be-4281-bc2a-a50d1cad5e43@group-8DE473E54637: closes. applyIndex: 0
2021-09-05 01:40:19,715 [455161ce-78be-4281-bc2a-a50d1cad5e43@group-8DE473E54637-SegmentedRaftLogWorker] INFO  segmented.SegmentedRaftLogWorker (SegmentedRaftLogWorker.java:run(327)) - 455161ce-78be-4281-bc2a-a50d1cad5e43@group-8DE473E54637-SegmentedRaftLogWorker was interrupted, exiting. There are 0 tasks remaining in the queue.
2021-09-05 01:40:19,721 [Command processor thread] INFO  segmented.SegmentedRaftLogWorker (SegmentedRaftLogWorker.java:close(237)) - 455161ce-78be-4281-bc2a-a50d1cad5e43@group-8DE473E54637-SegmentedRaftLogWorker close()
2021-09-05 01:40:19,722 [Command processor thread] INFO  server.RaftServer$Division (RaftServerImpl.java:groupRemove(377)) - 455161ce-78be-4281-bc2a-a50d1cad5e43@group-8DE473E54637: Succeed to remove RaftStorageDirectory Storage Directory /home/runner/work/ozone/ozone/hadoop-ozone/integration-test/target/test-dir/MiniOzoneClusterImpl-37340386-36af-4fa8-9723-b8f583b28ff6/datanode-3/data/ratis/0c96f688-2ee1-4e37-806d-8de473e54637
2021-09-05 01:40:19,722 [Command processor thread] INFO  commandhandler.ClosePipelineCommandHandler (ClosePipelineCommandHandler.java:handle(75)) - Close Pipeline PipelineID=0c96f688-2ee1-4e37-806d-8de473e54637 command on datanode 455161ce-78be-4281-bc2a-a50d1cad5e43.
2021-09-05 01:40:19,722 [Command processor thread] INFO  server.RaftServer (RaftServerProxy.java:remove(106)) - 455161ce-78be-4281-bc2a-a50d1cad5e43: remove    LEADER 455161ce-78be-4281-bc2a-a50d1cad5e43@group-1C1C96E5B142:t1, leader=455161ce-78be-4281-bc2a-a50d1cad5e43, voted=455161ce-78be-4281-bc2a-a50d1cad5e43, raftlog=455161ce-78be-4281-bc2a-a50d1cad5e43@group-1C1C96E5B142-SegmentedRaftLog:OPENED:c0,f0,i0, conf=0: [455161ce-78be-4281-bc2a-a50d1cad5e43|rpc:10.1.0.25:40081|dataStream:|priority:1, a394a97c-7848-4311-a24c-186851f6b492|rpc:10.1.0.25:38701|dataStream:|priority:0, aa0f76fc-0af9-4fba-891f-e6382fa98fe4|rpc:10.1.0.25:36313|dataStream:|priority:0], old=null RUNNING
2021-09-05 01:40:19,722 [Command processor thread] INFO  server.RaftServer$Division (RaftServerImpl.java:lambda$close$4(407)) - 455161ce-78be-4281-bc2a-a50d1cad5e43@group-1C1C96E5B142: shutdown
2021-09-05 01:40:19,722 [Command processor thread] INFO  util.JmxRegister (JmxRegister.java:unregister(73)) - Successfully un-registered JMX Bean with object name Ratis:service=RaftServer,group=group-1C1C96E5B142,id=455161ce-78be-4281-bc2a-a50d1cad5e43
2021-09-05 01:40:19,722 [Command processor thread] INFO  impl.RoleInfo (RoleInfo.java:shutdownLeaderState(91)) - 455161ce-78be-4281-bc2a-a50d1cad5e43: shutdown 455161ce-78be-4281-bc2a-a50d1cad5e43@group-1C1C96E5B142-LeaderStateImpl
2021-09-05 01:40:19,722 [Command processor thread] INFO  impl.PendingRequests (PendingRequests.java:sendNotLeaderResponses(282)) - 455161ce-78be-4281-bc2a-a50d1cad5e43@group-1C1C96E5B142-PendingRequests: sendNotLeaderResponses
2021-09-05 01:40:19,723 [Command processor thread] INFO  impl.StateMachineUpdater (StateMachineUpdater.java:stopAndJoin(149)) - 455161ce-78be-4281-bc2a-a50d1cad5e43@group-1C1C96E5B142-StateMachineUpdater: set stopIndex = 0
2021-09-05 01:40:19,723 [455161ce-78be-4281-bc2a-a50d1cad5e43@group-1C1C96E5B142-StateMachineUpdater] INFO  ratis.ContainerStateMachine (ContainerStateMachine.java:takeSnapshot(292)) - group-1C1C96E5B142: Taking a snapshot at:(t:1, i:0) file /home/runner/work/ozone/ozone/hadoop-ozone/integration-test/target/test-dir/MiniOzoneClusterImpl-37340386-36af-4fa8-9723-b8f583b28ff6/datanode-3/data/ratis/c580985d-0fc5-40f2-b5c7-1c1c96e5b142/sm/snapshot.1_0
2021-09-05 01:40:19,724 [455161ce-78be-4281-bc2a-a50d1cad5e43@group-1C1C96E5B142-StateMachineUpdater] INFO  ratis.ContainerStateMachine (ContainerStateMachine.java:takeSnapshot(303)) - group-1C1C96E5B142: Finished taking a snapshot at:(t:1, i:0) file:/home/runner/work/ozone/ozone/hadoop-ozone/integration-test/target/test-dir/MiniOzoneClusterImpl-37340386-36af-4fa8-9723-b8f583b28ff6/datanode-3/data/ratis/c580985d-0fc5-40f2-b5c7-1c1c96e5b142/sm/snapshot.1_0 took: 1 ms
2021-09-05 01:40:19,724 [455161ce-78be-4281-bc2a-a50d1cad5e43@group-1C1C96E5B142-StateMachineUpdater] INFO  impl.StateMachineUpdater (StateMachineUpdater.java:takeSnapshot(281)) - 455161ce-78be-4281-bc2a-a50d1cad5e43@group-1C1C96E5B142-StateMachineUpdater: Took a snapshot at index 0
2021-09-05 01:40:19,724 [455161ce-78be-4281-bc2a-a50d1cad5e43@group-1C1C96E5B142-StateMachineUpdater] INFO  impl.StateMachineUpdater (StateMachineUpdater.java:lambda$new$0(89)) - 455161ce-78be-4281-bc2a-a50d1cad5e43@group-1C1C96E5B142-StateMachineUpdater: snapshotIndex: updateIncreasingly -1 -> 0
2021-09-05 01:40:19,725 [Command processor thread] INFO  server.RaftServer$Division (ServerState.java:close(419)) - 455161ce-78be-4281-bc2a-a50d1cad5e43@group-1C1C96E5B142: closes. applyIndex: 0
2021-09-05 01:40:19,733 [455161ce-78be-4281-bc2a-a50d1cad5e43@group-1C1C96E5B142-SegmentedRaftLogWorker] INFO  segmented.SegmentedRaftLogWorker (SegmentedRaftLogWorker.java:run(327)) - 455161ce-78be-4281-bc2a-a50d1cad5e43@group-1C1C96E5B142-SegmentedRaftLogWorker was interrupted, exiting. There are 0 tasks remaining in the queue.
2021-09-05 01:40:19,733 [Command processor thread] INFO  segmented.SegmentedRaftLogWorker (SegmentedRaftLogWorker.java:close(237)) - 455161ce-78be-4281-bc2a-a50d1cad5e43@group-1C1C96E5B142-SegmentedRaftLogWorker close()
2021-09-05 01:40:19,734 [Command processor thread] INFO  server.RaftServer$Division (RaftServerImpl.java:groupRemove(377)) - 455161ce-78be-4281-bc2a-a50d1cad5e43@group-1C1C96E5B142: Succeed to remove RaftStorageDirectory Storage Directory /home/runner/work/ozone/ozone/hadoop-ozone/integration-test/target/test-dir/MiniOzoneClusterImpl-37340386-36af-4fa8-9723-b8f583b28ff6/datanode-3/data/ratis/c580985d-0fc5-40f2-b5c7-1c1c96e5b142
2021-09-05 01:40:19,734 [Command processor thread] INFO  commandhandler.ClosePipelineCommandHandler (ClosePipelineCommandHandler.java:handle(75)) - Close Pipeline PipelineID=c580985d-0fc5-40f2-b5c7-1c1c96e5b142 command on datanode 455161ce-78be-4281-bc2a-a50d1cad5e43.
2021-09-05 01:40:19,734 [Command processor thread] INFO  server.RaftServer (RaftServerProxy.java:remove(106)) - 455161ce-78be-4281-bc2a-a50d1cad5e43: remove  FOLLOWER 455161ce-78be-4281-bc2a-a50d1cad5e43@group-9820ECCA99ED:t5, leader=aa0f76fc-0af9-4fba-891f-e6382fa98fe4, voted=aa0f76fc-0af9-4fba-891f-e6382fa98fe4, raftlog=455161ce-78be-4281-bc2a-a50d1cad5e43@group-9820ECCA99ED-SegmentedRaftLog:OPENED:c2,f2,i2, conf=1: [455161ce-78be-4281-bc2a-a50d1cad5e43|rpc:10.1.0.25:40081|dataStream:|priority:0, a394a97c-7848-4311-a24c-186851f6b492|rpc:10.1.0.25:38701|dataStream:|priority:1, aa0f76fc-0af9-4fba-891f-e6382fa98fe4|rpc:10.1.0.25:36313|dataStream:|priority:0], old=null RUNNING
2021-09-05 01:40:19,734 [Command processor thread] INFO  server.RaftServer$Division (RaftServerImpl.java:lambda$close$4(407)) - 455161ce-78be-4281-bc2a-a50d1cad5e43@group-9820ECCA99ED: shutdown
2021-09-05 01:40:19,734 [Command processor thread] INFO  util.JmxRegister (JmxRegister.java:unregister(73)) - Successfully un-registered JMX Bean with object name Ratis:service=RaftServer,group=group-9820ECCA99ED,id=455161ce-78be-4281-bc2a-a50d1cad5e43
2021-09-05 01:40:19,734 [Command processor thread] INFO  impl.RoleInfo (RoleInfo.java:shutdownFollowerState(108)) - 455161ce-78be-4281-bc2a-a50d1cad5e43: shutdown 455161ce-78be-4281-bc2a-a50d1cad5e43@group-9820ECCA99ED-FollowerState
2021-09-05 01:40:19,734 [455161ce-78be-4281-bc2a-a50d1cad5e43@group-9820ECCA99ED-FollowerState] INFO  impl.FollowerState (FollowerState.java:run(143)) - 455161ce-78be-4281-bc2a-a50d1cad5e43@group-9820ECCA99ED-FollowerState was interrupted: {}
java.lang.InterruptedException: sleep interrupted
	at java.lang.Thread.sleep(Native Method)
	at java.lang.Thread.sleep(Thread.java:340)
	at java.util.concurrent.TimeUnit.sleep(TimeUnit.java:386)
	at org.apache.ratis.util.TimeDuration.sleep(TimeDuration.java:324)
	at org.apache.ratis.util.TimeDuration.sleep(TimeDuration.java:309)
	at org.apache.ratis.server.impl.FollowerState.run(FollowerState.java:118)
2021-09-05 01:40:19,735 [455161ce-78be-4281-bc2a-a50d1cad5e43@group-9820ECCA99ED-StateMachineUpdater] INFO  ratis.ContainerStateMachine (ContainerStateMachine.java:takeSnapshot(292)) - group-9820ECCA99ED: Taking a snapshot at:(t:5, i:2) file /home/runner/work/ozone/ozone/hadoop-ozone/integration-test/target/test-dir/MiniOzoneClusterImpl-37340386-36af-4fa8-9723-b8f583b28ff6/datanode-3/data/ratis/63a4ac22-0943-49cd-a4b6-9820ecca99ed/sm/snapshot.5_2
2021-09-05 01:40:19,735 [Command processor thread] INFO  impl.StateMachineUpdater (StateMachineUpdater.java:stopAndJoin(149)) - 455161ce-78be-4281-bc2a-a50d1cad5e43@group-9820ECCA99ED-StateMachineUpdater: set stopIndex = 2
2021-09-05 01:40:19,735 [455161ce-78be-4281-bc2a-a50d1cad5e43@group-9820ECCA99ED-StateMachineUpdater] INFO  ratis.ContainerStateMachine (ContainerStateMachine.java:takeSnapshot(303)) - group-9820ECCA99ED: Finished taking a snapshot at:(t:5, i:2) file:/home/runner/work/ozone/ozone/hadoop-ozone/integration-test/target/test-dir/MiniOzoneClusterImpl-37340386-36af-4fa8-9723-b8f583b28ff6/datanode-3/data/ratis/63a4ac22-0943-49cd-a4b6-9820ecca99ed/sm/snapshot.5_2 took: 1 ms
2021-09-05 01:40:19,735 [455161ce-78be-4281-bc2a-a50d1cad5e43@group-9820ECCA99ED-StateMachineUpdater] INFO  impl.StateMachineUpdater (StateMachineUpdater.java:takeSnapshot(281)) - 455161ce-78be-4281-bc2a-a50d1cad5e43@group-9820ECCA99ED-StateMachineUpdater: Took a snapshot at index 2
2021-09-05 01:40:19,736 [455161ce-78be-4281-bc2a-a50d1cad5e43@group-9820ECCA99ED-StateMachineUpdater] INFO  impl.StateMachineUpdater (StateMachineUpdater.java:lambda$new$0(89)) - 455161ce-78be-4281-bc2a-a50d1cad5e43@group-9820ECCA99ED-StateMachineUpdater: snapshotIndex: updateIncreasingly -1 -> 2
2021-09-05 01:40:19,736 [Command processor thread] INFO  server.RaftServer$Division (ServerState.java:close(419)) - 455161ce-78be-4281-bc2a-a50d1cad5e43@group-9820ECCA99ED: closes. applyIndex: 2
2021-09-05 01:40:19,737 [455161ce-78be-4281-bc2a-a50d1cad5e43@group-9820ECCA99ED-SegmentedRaftLogWorker] INFO  segmented.SegmentedRaftLogWorker (SegmentedRaftLogWorker.java:run(327)) - 455161ce-78be-4281-bc2a-a50d1cad5e43@group-9820ECCA99ED-SegmentedRaftLogWorker was interrupted, exiting. There are 0 tasks remaining in the queue.
2021-09-05 01:40:19,738 [Command processor thread] INFO  segmented.SegmentedRaftLogWorker (SegmentedRaftLogWorker.java:close(237)) - 455161ce-78be-4281-bc2a-a50d1cad5e43@group-9820ECCA99ED-SegmentedRaftLogWorker close()
2021-09-05 01:40:19,738 [Command processor thread] INFO  server.RaftServer$Division (RaftServerImpl.java:groupRemove(377)) - 455161ce-78be-4281-bc2a-a50d1cad5e43@group-9820ECCA99ED: Succeed to remove RaftStorageDirectory Storage Directory /home/runner/work/ozone/ozone/hadoop-ozone/integration-test/target/test-dir/MiniOzoneClusterImpl-37340386-36af-4fa8-9723-b8f583b28ff6/datanode-3/data/ratis/63a4ac22-0943-49cd-a4b6-9820ecca99ed
2021-09-05 01:40:19,738 [Command processor thread] INFO  commandhandler.ClosePipelineCommandHandler (ClosePipelineCommandHandler.java:handle(75)) - Close Pipeline PipelineID=63a4ac22-0943-49cd-a4b6-9820ecca99ed command on datanode 455161ce-78be-4281-bc2a-a50d1cad5e43.
2021-09-05 01:40:19,735 [455161ce-78be-4281-bc2a-a50d1cad5e43@group-1C1C96E5B142->a394a97c-7848-4311-a24c-186851f6b492-GrpcLogAppender-LogAppenderDaemon] ERROR leader.LogAppenderDaemon (LogAppenderDaemon.java:run(86)) - 455161ce-78be-4281-bc2a-a50d1cad5e43@group-1C1C96E5B142->a394a97c-7848-4311-a24c-186851f6b492-GrpcLogAppender-LogAppenderDaemon failed
java.lang.IllegalArgumentException: 455161ce-78be-4281-bc2a-a50d1cad5e43@group-1C1C96E5B142-SegmentedRaftLog is expected to be opened but it is CLOSED
	at org.apache.ratis.util.OpenCloseState.assertOpen(OpenCloseState.java:63)
	at org.apache.ratis.server.raftlog.RaftLogBase.checkLogState(RaftLogBase.java:107)
	at org.apache.ratis.server.raftlog.segmented.SegmentedRaftLog.getLastEntryTermIndex(SegmentedRaftLog.java:339)
	at org.apache.ratis.server.raftlog.RaftLog.getNextIndex(RaftLog.java:83)
	at org.apache.ratis.server.leader.LogAppenderBase.newAppendEntriesRequest(LogAppenderBase.java:138)
	at org.apache.ratis.grpc.server.GrpcLogAppender.appendLog(GrpcLogAppender.java:211)
	at org.apache.ratis.grpc.server.GrpcLogAppender.run(GrpcLogAppender.java:145)
	at org.apache.ratis.server.leader.LogAppenderDaemon.run(LogAppenderDaemon.java:77)
	at java.lang.Thread.run(Thread.java:748)
Caused by: org.apache.ratis.util.OpenCloseState$CloseTrace: Close 455161ce-78be-4281-bc2a-a50d1cad5e43@group-1C1C96E5B142-SegmentedRaftLog
	at org.apache.ratis.util.OpenCloseState.lambda$close$1(OpenCloseState.java:109)
	at java.util.concurrent.atomic.AtomicReference.getAndUpdate(AtomicReference.java:160)
	at org.apache.ratis.util.OpenCloseState.close(OpenCloseState.java:109)
	at org.apache.ratis.server.raftlog.RaftLogBase.close(RaftLogBase.java:356)
	at org.apache.ratis.server.raftlog.segmented.SegmentedRaftLog.close(SegmentedRaftLog.java:505)
	at org.apache.ratis.server.impl.ServerState.close(ServerState.java:421)
	at org.apache.ratis.server.impl.RaftServerImpl.lambda$close$4(RaftServerImpl.java:429)
	at org.apache.ratis.util.LifeCycle.lambda$checkStateAndClose$4(LifeCycle.java:299)
	at org.apache.ratis.util.LifeCycle.checkStateAndClose(LifeCycle.java:319)
	at org.apache.ratis.util.LifeCycle.checkStateAndClose(LifeCycle.java:297)
	at org.apache.ratis.server.impl.RaftServerImpl.close(RaftServerImpl.java:406)
	at org.apache.ratis.server.impl.RaftServerImpl.groupRemove(RaftServerImpl.java:371)
	at org.apache.ratis.server.impl.RaftServerProxy.lambda$groupRemoveAsync$14(RaftServerProxy.java:507)
	at java.util.concurrent.CompletableFuture.uniApply(CompletableFuture.java:616)
	at java.util.concurrent.CompletableFuture.uniApplyStage(CompletableFuture.java:628)
	at java.util.concurrent.CompletableFuture.thenApply(CompletableFuture.java:1996)
	at org.apache.ratis.server.impl.RaftServerProxy.groupRemoveAsync(RaftServerProxy.java:506)
	at org.apache.ratis.server.impl.RaftServerProxy.groupManagementAsync(RaftServerProxy.java:460)
	at org.apache.ratis.server.impl.RaftServerProxy.groupManagement(RaftServerProxy.java:440)
	at org.apache.hadoop.ozone.container.common.transport.server.ratis.XceiverServerRatis.removeGroup(XceiverServerRatis.java:779)
	at org.apache.hadoop.ozone.container.common.statemachine.commandhandler.ClosePipelineCommandHandler.handle(ClosePipelineCommandHandler.java:74)
	at org.apache.hadoop.ozone.container.common.statemachine.commandhandler.CommandDispatcher.handle(CommandDispatcher.java:99)
	at org.apache.hadoop.ozone.container.common.statemachine.DatanodeStateMachine.lambda$initCommandHandlerThread$2(DatanodeStateMachine.java:556)
	... 1 more
2021-09-05 01:40:19,753 [455161ce-78be-4281-bc2a-a50d1cad5e43@group-1C1C96E5B142->aa0f76fc-0af9-4fba-891f-e6382fa98fe4-GrpcLogAppender-LogAppenderDaemon] WARN  server.GrpcLogAppender (GrpcLogAppender.java:mayWait(175)) - 455161ce-78be-4281-bc2a-a50d1cad5e43@group-1C1C96E5B142->aa0f76fc-0af9-4fba-891f-e6382fa98fe4-GrpcLogAppender: Wait interrupted by java.lang.InterruptedException
2021-09-05 01:40:19,754 [grpc-default-executor-5] INFO  server.GrpcServerProtocolService (GrpcServerProtocolService.java:onCompleted(140)) - aa0f76fc-0af9-4fba-891f-e6382fa98fe4: Completed APPEND_ENTRIES, lastRequest: 455161ce-78be-4281-bc2a-a50d1cad5e43->aa0f76fc-0af9-4fba-891f-e6382fa98fe4#1-t1,previous=(t:0, i:0),leaderCommit=0,initializing? true,entries: size=1, first=(t:1, i:0), CONFIGURATIONENTRY
2021-09-05 01:40:19,757 [grpc-default-executor-5] INFO  server.GrpcLogAppender (GrpcLogAppender.java:onCompleted(344)) - 455161ce-78be-4281-bc2a-a50d1cad5e43@group-1C1C96E5B142->aa0f76fc-0af9-4fba-891f-e6382fa98fe4-AppendLogResponseHandler: follower responses appendEntries COMPLETED
2021-09-05 01:40:19,757 [grpc-default-executor-5] INFO  leader.FollowerInfo (FollowerInfoImpl.java:lambda$new$0(46)) - 455161ce-78be-4281-bc2a-a50d1cad5e43@group-1C1C96E5B142->aa0f76fc-0af9-4fba-891f-e6382fa98fe4: nextIndex: updateUnconditionally 1 -> 0
2021-09-05 01:40:19,769 [grpc-default-executor-5] WARN  server.GrpcLogAppender (LogUtils.java:warn(122)) - aa0f76fc-0af9-4fba-891f-e6382fa98fe4@group-8DE473E54637->a394a97c-7848-4311-a24c-186851f6b492-AppendLogResponseHandler: Failed appendEntries: org.apache.ratis.thirdparty.io.grpc.StatusRuntimeException: UNAVAILABLE: io exception
2021-09-05 01:40:19,780 [grpc-default-executor-5] WARN  server.GrpcLogAppender (GrpcLogAppender.java:resetClient(111)) - aa0f76fc-0af9-4fba-891f-e6382fa98fe4@group-8DE473E54637->a394a97c-7848-4311-a24c-186851f6b492-GrpcLogAppender: Leader has not got in touch with Follower aa0f76fc-0af9-4fba-891f-e6382fa98fe4@group-8DE473E54637->a394a97c-7848-4311-a24c-186851f6b492(c0,m0,n1, attendVote=true, lastRpcSendTime=2545, lastRpcResponseTime=17640) yet, just keep nextIndex unchanged and retry.
2021-09-05 01:40:19,876 [cff69f77-ea12-413c-a988-d2a44a5ca406@group-DB0C5756557F-FollowerState] INFO  impl.FollowerState (FollowerState.java:run(134)) - cff69f77-ea12-413c-a988-d2a44a5ca406@group-DB0C5756557F-FollowerState: change to CANDIDATE, lastRpcElapsedTime:9790994021ns, electionTimeout:5139ms
2021-09-05 01:40:19,876 [cff69f77-ea12-413c-a988-d2a44a5ca406@group-DB0C5756557F-FollowerState] INFO  impl.RoleInfo (RoleInfo.java:shutdownFollowerState(108)) - cff69f77-ea12-413c-a988-d2a44a5ca406: shutdown cff69f77-ea12-413c-a988-d2a44a5ca406@group-DB0C5756557F-FollowerState
2021-09-05 01:40:19,876 [cff69f77-ea12-413c-a988-d2a44a5ca406@group-DB0C5756557F-FollowerState] INFO  server.RaftServer$Division (RaftServerImpl.java:setRole(285)) - cff69f77-ea12-413c-a988-d2a44a5ca406@group-DB0C5756557F: changes role from  FOLLOWER to CANDIDATE at term 1 for changeToCandidate
2021-09-05 01:40:19,877 [cff69f77-ea12-413c-a988-d2a44a5ca406@group-DB0C5756557F-FollowerState] INFO  server.RaftServerConfigKeys (ConfUtils.java:logGet(44)) - raft.server.leaderelection.pre-vote = false (custom)
2021-09-05 01:40:19,877 [cff69f77-ea12-413c-a988-d2a44a5ca406@group-DB0C5756557F-FollowerState] INFO  impl.RoleInfo (RoleInfo.java:updateAndGet(130)) - cff69f77-ea12-413c-a988-d2a44a5ca406: start cff69f77-ea12-413c-a988-d2a44a5ca406@group-DB0C5756557F-LeaderElection126
2021-09-05 01:40:19,895 [cff69f77-ea12-413c-a988-d2a44a5ca406@group-DB0C5756557F-LeaderElection126] INFO  server.RaftServer$Division (ServerState.java:setLeader(285)) - cff69f77-ea12-413c-a988-d2a44a5ca406@group-DB0C5756557F: change Leader from 54b0752d-9f85-41d1-82b7-176712dc42d8 to null at term 1 for ELECTION
2021-09-05 01:40:19,901 [cff69f77-ea12-413c-a988-d2a44a5ca406@group-DB0C5756557F-LeaderElection126] INFO  impl.LeaderElection (LeaderElection.java:askForVotes(306)) - cff69f77-ea12-413c-a988-d2a44a5ca406@group-DB0C5756557F-LeaderElection126 ELECTION round 0: submit vote requests at term 2 for 0: [cff69f77-ea12-413c-a988-d2a44a5ca406|rpc:10.1.0.25:34387|dataStream:|priority:0, be41d154-e08a-4361-999c-a2746058d00f|rpc:10.1.0.25:33043|dataStream:|priority:0, 54b0752d-9f85-41d1-82b7-176712dc42d8|rpc:10.1.0.25:45159|dataStream:|priority:1], old=null
2021-09-05 01:40:19,957 [cff69f77-ea12-413c-a988-d2a44a5ca406@group-DB0C5756557F-LeaderElection126] INFO  impl.LeaderElection (LogUtils.java:infoOrTrace(137)) - cff69f77-ea12-413c-a988-d2a44a5ca406@group-DB0C5756557F-LeaderElection126 got exception when requesting votes: java.util.concurrent.ExecutionException: org.apache.ratis.thirdparty.io.grpc.StatusRuntimeException: UNAVAILABLE: io exception
2021-09-05 01:40:19,957 [cff69f77-ea12-413c-a988-d2a44a5ca406@group-DB0C5756557F-LeaderElection126] INFO  impl.LeaderElection (LogUtils.java:infoOrTrace(137)) - cff69f77-ea12-413c-a988-d2a44a5ca406@group-DB0C5756557F-LeaderElection126 got exception when requesting votes: java.util.concurrent.ExecutionException: org.apache.ratis.thirdparty.io.grpc.StatusRuntimeException: UNAVAILABLE: io exception
2021-09-05 01:40:19,957 [cff69f77-ea12-413c-a988-d2a44a5ca406@group-DB0C5756557F-LeaderElection126] INFO  impl.LeaderElection (LeaderElection.java:logAndReturn(89)) - cff69f77-ea12-413c-a988-d2a44a5ca406@group-DB0C5756557F-LeaderElection126: ELECTION REJECTED received 0 response(s) and 2 exception(s):
2021-09-05 01:40:19,958 [cff69f77-ea12-413c-a988-d2a44a5ca406@group-DB0C5756557F-LeaderElection126] INFO  impl.LeaderElection (LogUtils.java:infoOrTrace(137)) -   Exception 0: java.util.concurrent.ExecutionException: org.apache.ratis.thirdparty.io.grpc.StatusRuntimeException: UNAVAILABLE: io exception
2021-09-05 01:40:19,958 [cff69f77-ea12-413c-a988-d2a44a5ca406@group-DB0C5756557F-LeaderElection126] INFO  impl.LeaderElection (LogUtils.java:infoOrTrace(137)) -   Exception 1: java.util.concurrent.ExecutionException: org.apache.ratis.thirdparty.io.grpc.StatusRuntimeException: UNAVAILABLE: io exception
2021-09-05 01:40:19,958 [cff69f77-ea12-413c-a988-d2a44a5ca406@group-DB0C5756557F-LeaderElection126] INFO  impl.LeaderElection (LeaderElection.java:askForVotes(308)) - cff69f77-ea12-413c-a988-d2a44a5ca406@group-DB0C5756557F-LeaderElection126 ELECTION round 0: result REJECTED
2021-09-05 01:40:19,958 [cff69f77-ea12-413c-a988-d2a44a5ca406@group-DB0C5756557F-LeaderElection126] INFO  server.RaftServer$Division (RaftServerImpl.java:setRole(285)) - cff69f77-ea12-413c-a988-d2a44a5ca406@group-DB0C5756557F: changes role from CANDIDATE to FOLLOWER at term 2 for REJECTED
2021-09-05 01:40:19,958 [cff69f77-ea12-413c-a988-d2a44a5ca406@group-DB0C5756557F-LeaderElection126] INFO  impl.RoleInfo (RoleInfo.java:shutdownLeaderElection(121)) - cff69f77-ea12-413c-a988-d2a44a5ca406: shutdown cff69f77-ea12-413c-a988-d2a44a5ca406@group-DB0C5756557F-LeaderElection126
2021-09-05 01:40:19,958 [cff69f77-ea12-413c-a988-d2a44a5ca406@group-DB0C5756557F-LeaderElection126] INFO  impl.RoleInfo (RoleInfo.java:updateAndGet(130)) - cff69f77-ea12-413c-a988-d2a44a5ca406: start cff69f77-ea12-413c-a988-d2a44a5ca406@group-DB0C5756557F-FollowerState
2021-09-05 01:40:20,045 [grpc-default-executor-5] WARN  server.GrpcLogAppender (LogUtils.java:warn(122)) - cff69f77-ea12-413c-a988-d2a44a5ca406@group-A2597FCC6369->be41d154-e08a-4361-999c-a2746058d00f-AppendLogResponseHandler: Failed appendEntries: org.apache.ratis.thirdparty.io.grpc.StatusRuntimeException: UNAVAILABLE: io exception
2021-09-05 01:40:20,045 [grpc-default-executor-5] WARN  server.GrpcLogAppender (GrpcLogAppender.java:resetClient(111)) - cff69f77-ea12-413c-a988-d2a44a5ca406@group-A2597FCC6369->be41d154-e08a-4361-999c-a2746058d00f-GrpcLogAppender: Leader has not got in touch with Follower cff69f77-ea12-413c-a988-d2a44a5ca406@group-A2597FCC6369->be41d154-e08a-4361-999c-a2746058d00f(c0,m0,n1, attendVote=true, lastRpcSendTime=1, lastRpcResponseTime=10027) yet, just keep nextIndex unchanged and retry.
2021-09-05 01:40:20,099 [cff69f77-ea12-413c-a988-d2a44a5ca406@group-A2597FCC6369-LeaderStateImpl] WARN  server.RaftServer$Division (LeaderStateImpl.java:checkLeadership(944)) - cff69f77-ea12-413c-a988-d2a44a5ca406@group-A2597FCC6369-LeaderStateImpl: Lost leadership on term: 1. Election timeout: 5200ms. In charge for: 15699ms. Conf: 0: [fdb9e53e-0679-45da-9a61-20e122f839df|rpc:10.1.0.25:40867|dataStream:|priority:0, cff69f77-ea12-413c-a988-d2a44a5ca406|rpc:10.1.0.25:34387|dataStream:|priority:1, be41d154-e08a-4361-999c-a2746058d00f|rpc:10.1.0.25:33043|dataStream:|priority:0], old=null
2021-09-05 01:40:20,099 [cff69f77-ea12-413c-a988-d2a44a5ca406@group-A2597FCC6369-LeaderStateImpl] WARN  server.RaftServer$Division (LeaderStateImpl.java:lambda$checkLeadership$15(948)) - Follower cff69f77-ea12-413c-a988-d2a44a5ca406@group-A2597FCC6369->fdb9e53e-0679-45da-9a61-20e122f839df(c-1,m0,n1, attendVote=true, lastRpcSendTime=469, lastRpcResponseTime=20899)
2021-09-05 01:40:20,100 [cff69f77-ea12-413c-a988-d2a44a5ca406@group-A2597FCC6369-LeaderStateImpl] WARN  server.RaftServer$Division (LeaderStateImpl.java:lambda$checkLeadership$15(948)) - Follower cff69f77-ea12-413c-a988-d2a44a5ca406@group-A2597FCC6369->be41d154-e08a-4361-999c-a2746058d00f(c0,m0,n1, attendVote=true, lastRpcSendTime=55, lastRpcResponseTime=10081)
2021-09-05 01:40:20,100 [cff69f77-ea12-413c-a988-d2a44a5ca406@group-A2597FCC6369-LeaderStateImpl] INFO  server.RaftServer$Division (RaftServerImpl.java:setRole(285)) - cff69f77-ea12-413c-a988-d2a44a5ca406@group-A2597FCC6369: changes role from    LEADER to FOLLOWER at term 1 for StepDownReason:LOST_MAJORITY_HEARTBEATS
2021-09-05 01:40:20,100 [cff69f77-ea12-413c-a988-d2a44a5ca406@group-A2597FCC6369-LeaderStateImpl] INFO  impl.RoleInfo (RoleInfo.java:shutdownLeaderState(91)) - cff69f77-ea12-413c-a988-d2a44a5ca406: shutdown cff69f77-ea12-413c-a988-d2a44a5ca406@group-A2597FCC6369-LeaderStateImpl
2021-09-05 01:40:20,100 [cff69f77-ea12-413c-a988-d2a44a5ca406@group-A2597FCC6369-LeaderStateImpl] INFO  impl.PendingRequests (PendingRequests.java:sendNotLeaderResponses(282)) - cff69f77-ea12-413c-a988-d2a44a5ca406@group-A2597FCC6369-PendingRequests: sendNotLeaderResponses
2021-09-05 01:40:20,100 [cff69f77-ea12-413c-a988-d2a44a5ca406@group-A2597FCC6369-LeaderStateImpl] INFO  impl.RoleInfo (RoleInfo.java:updateAndGet(130)) - cff69f77-ea12-413c-a988-d2a44a5ca406: start cff69f77-ea12-413c-a988-d2a44a5ca406@group-A2597FCC6369-FollowerState
2021-09-05 01:40:20,247 [Listener at 127.0.0.1/33945] INFO  ozoneimpl.OzoneContainer (OzoneContainer.java:stop(326)) - Attempting to stop container services.
2021-09-05 01:40:20,252 [Listener at 127.0.0.1/33945] INFO  server.RaftServer (RaftServerProxy.java:lambda$close$6(391)) - aa0f76fc-0af9-4fba-891f-e6382fa98fe4: close
2021-09-05 01:40:20,253 [Listener at 127.0.0.1/33945] INFO  server.RaftServer$Division (RaftServerImpl.java:lambda$close$4(407)) - aa0f76fc-0af9-4fba-891f-e6382fa98fe4@group-1C1C96E5B142: shutdown
2021-09-05 01:40:20,253 [Listener at 127.0.0.1/33945] INFO  util.JmxRegister (JmxRegister.java:unregister(73)) - Successfully un-registered JMX Bean with object name Ratis:service=RaftServer,group=group-1C1C96E5B142,id=aa0f76fc-0af9-4fba-891f-e6382fa98fe4
2021-09-05 01:40:20,253 [Listener at 127.0.0.1/33945] INFO  impl.RoleInfo (RoleInfo.java:shutdownFollowerState(108)) - aa0f76fc-0af9-4fba-891f-e6382fa98fe4: shutdown aa0f76fc-0af9-4fba-891f-e6382fa98fe4@group-1C1C96E5B142-FollowerState
2021-09-05 01:40:20,253 [Listener at 127.0.0.1/33945] INFO  impl.StateMachineUpdater (StateMachineUpdater.java:stopAndJoin(149)) - aa0f76fc-0af9-4fba-891f-e6382fa98fe4@group-1C1C96E5B142-StateMachineUpdater: set stopIndex = 0
2021-09-05 01:40:20,253 [aa0f76fc-0af9-4fba-891f-e6382fa98fe4@group-1C1C96E5B142-StateMachineUpdater] INFO  ratis.ContainerStateMachine (ContainerStateMachine.java:takeSnapshot(292)) - group-1C1C96E5B142: Taking a snapshot at:(t:1, i:0) file /home/runner/work/ozone/ozone/hadoop-ozone/integration-test/target/test-dir/MiniOzoneClusterImpl-37340386-36af-4fa8-9723-b8f583b28ff6/datanode-5/data/ratis/c580985d-0fc5-40f2-b5c7-1c1c96e5b142/sm/snapshot.1_0
2021-09-05 01:40:20,254 [aa0f76fc-0af9-4fba-891f-e6382fa98fe4@group-1C1C96E5B142-StateMachineUpdater] INFO  ratis.ContainerStateMachine (ContainerStateMachine.java:takeSnapshot(303)) - group-1C1C96E5B142: Finished taking a snapshot at:(t:1, i:0) file:/home/runner/work/ozone/ozone/hadoop-ozone/integration-test/target/test-dir/MiniOzoneClusterImpl-37340386-36af-4fa8-9723-b8f583b28ff6/datanode-5/data/ratis/c580985d-0fc5-40f2-b5c7-1c1c96e5b142/sm/snapshot.1_0 took: 0 ms
2021-09-05 01:40:20,254 [aa0f76fc-0af9-4fba-891f-e6382fa98fe4@group-1C1C96E5B142-StateMachineUpdater] INFO  impl.StateMachineUpdater (StateMachineUpdater.java:takeSnapshot(281)) - aa0f76fc-0af9-4fba-891f-e6382fa98fe4@group-1C1C96E5B142-StateMachineUpdater: Took a snapshot at index 0
2021-09-05 01:40:20,254 [aa0f76fc-0af9-4fba-891f-e6382fa98fe4@group-1C1C96E5B142-StateMachineUpdater] INFO  impl.StateMachineUpdater (StateMachineUpdater.java:lambda$new$0(89)) - aa0f76fc-0af9-4fba-891f-e6382fa98fe4@group-1C1C96E5B142-StateMachineUpdater: snapshotIndex: updateIncreasingly -1 -> 0
2021-09-05 01:40:20,255 [Listener at 127.0.0.1/33945] INFO  server.RaftServer$Division (ServerState.java:close(419)) - aa0f76fc-0af9-4fba-891f-e6382fa98fe4@group-1C1C96E5B142: closes. applyIndex: 0
2021-09-05 01:40:20,255 [aa0f76fc-0af9-4fba-891f-e6382fa98fe4@group-1C1C96E5B142-SegmentedRaftLogWorker] INFO  segmented.SegmentedRaftLogWorker (SegmentedRaftLogWorker.java:run(327)) - aa0f76fc-0af9-4fba-891f-e6382fa98fe4@group-1C1C96E5B142-SegmentedRaftLogWorker was interrupted, exiting. There are 0 tasks remaining in the queue.
2021-09-05 01:40:20,255 [Listener at 127.0.0.1/33945] INFO  segmented.SegmentedRaftLogWorker (SegmentedRaftLogWorker.java:close(237)) - aa0f76fc-0af9-4fba-891f-e6382fa98fe4@group-1C1C96E5B142-SegmentedRaftLogWorker close()
2021-09-05 01:40:20,255 [Listener at 127.0.0.1/33945] INFO  server.RaftServer$Division (RaftServerImpl.java:lambda$close$4(407)) - aa0f76fc-0af9-4fba-891f-e6382fa98fe4@group-8DE473E54637: shutdown
2021-09-05 01:40:20,255 [Listener at 127.0.0.1/33945] INFO  util.JmxRegister (JmxRegister.java:unregister(73)) - Successfully un-registered JMX Bean with object name Ratis:service=RaftServer,group=group-8DE473E54637,id=aa0f76fc-0af9-4fba-891f-e6382fa98fe4
2021-09-05 01:40:20,256 [Listener at 127.0.0.1/33945] INFO  impl.RoleInfo (RoleInfo.java:shutdownLeaderState(91)) - aa0f76fc-0af9-4fba-891f-e6382fa98fe4: shutdown aa0f76fc-0af9-4fba-891f-e6382fa98fe4@group-8DE473E54637-LeaderStateImpl
2021-09-05 01:40:20,256 [Listener at 127.0.0.1/33945] INFO  impl.PendingRequests (PendingRequests.java:sendNotLeaderResponses(282)) - aa0f76fc-0af9-4fba-891f-e6382fa98fe4@group-8DE473E54637-PendingRequests: sendNotLeaderResponses
2021-09-05 01:40:20,256 [aa0f76fc-0af9-4fba-891f-e6382fa98fe4@group-8DE473E54637->455161ce-78be-4281-bc2a-a50d1cad5e43-GrpcLogAppender-LogAppenderDaemon] WARN  server.GrpcLogAppender (GrpcLogAppender.java:mayWait(175)) - aa0f76fc-0af9-4fba-891f-e6382fa98fe4@group-8DE473E54637->455161ce-78be-4281-bc2a-a50d1cad5e43-GrpcLogAppender: Wait interrupted by java.lang.InterruptedException
2021-09-05 01:40:20,257 [grpc-default-executor-5] INFO  server.GrpcServerProtocolService (GrpcServerProtocolService.java:onCompleted(140)) - 455161ce-78be-4281-bc2a-a50d1cad5e43: Completed APPEND_ENTRIES, lastRequest: aa0f76fc-0af9-4fba-891f-e6382fa98fe4->455161ce-78be-4281-bc2a-a50d1cad5e43#1-t4,previous=(t:0, i:0),leaderCommit=-1,initializing? true,entries: size=1, first=(t:4, i:0), CONFIGURATIONENTRY
2021-09-05 01:40:20,257 [grpc-default-executor-2] INFO  server.GrpcLogAppender (GrpcLogAppender.java:onCompleted(344)) - aa0f76fc-0af9-4fba-891f-e6382fa98fe4@group-8DE473E54637->455161ce-78be-4281-bc2a-a50d1cad5e43-AppendLogResponseHandler: follower responses appendEntries COMPLETED
2021-09-05 01:40:20,257 [grpc-default-executor-2] INFO  leader.FollowerInfo (FollowerInfoImpl.java:lambda$new$0(46)) - aa0f76fc-0af9-4fba-891f-e6382fa98fe4@group-8DE473E54637->455161ce-78be-4281-bc2a-a50d1cad5e43: nextIndex: updateUnconditionally 1 -> 0
2021-09-05 01:40:20,265 [Listener at 127.0.0.1/33945] INFO  impl.StateMachineUpdater (StateMachineUpdater.java:stopAndJoin(149)) - aa0f76fc-0af9-4fba-891f-e6382fa98fe4@group-8DE473E54637-StateMachineUpdater: set stopIndex = 0
2021-09-05 01:40:20,265 [aa0f76fc-0af9-4fba-891f-e6382fa98fe4@group-8DE473E54637-StateMachineUpdater] INFO  ratis.ContainerStateMachine (ContainerStateMachine.java:takeSnapshot(292)) - group-8DE473E54637: Taking a snapshot at:(t:4, i:0) file /home/runner/work/ozone/ozone/hadoop-ozone/integration-test/target/test-dir/MiniOzoneClusterImpl-37340386-36af-4fa8-9723-b8f583b28ff6/datanode-5/data/ratis/0c96f688-2ee1-4e37-806d-8de473e54637/sm/snapshot.4_0
2021-09-05 01:40:20,268 [aa0f76fc-0af9-4fba-891f-e6382fa98fe4@group-8DE473E54637-StateMachineUpdater] INFO  ratis.ContainerStateMachine (ContainerStateMachine.java:takeSnapshot(303)) - group-8DE473E54637: Finished taking a snapshot at:(t:4, i:0) file:/home/runner/work/ozone/ozone/hadoop-ozone/integration-test/target/test-dir/MiniOzoneClusterImpl-37340386-36af-4fa8-9723-b8f583b28ff6/datanode-5/data/ratis/0c96f688-2ee1-4e37-806d-8de473e54637/sm/snapshot.4_0 took: 2 ms
2021-09-05 01:40:20,268 [aa0f76fc-0af9-4fba-891f-e6382fa98fe4@group-8DE473E54637-StateMachineUpdater] INFO  impl.StateMachineUpdater (StateMachineUpdater.java:takeSnapshot(281)) - aa0f76fc-0af9-4fba-891f-e6382fa98fe4@group-8DE473E54637-StateMachineUpdater: Took a snapshot at index 0
2021-09-05 01:40:20,268 [aa0f76fc-0af9-4fba-891f-e6382fa98fe4@group-8DE473E54637-StateMachineUpdater] INFO  impl.StateMachineUpdater (StateMachineUpdater.java:lambda$new$0(89)) - aa0f76fc-0af9-4fba-891f-e6382fa98fe4@group-8DE473E54637-StateMachineUpdater: snapshotIndex: updateIncreasingly -1 -> 0
2021-09-05 01:40:20,273 [Listener at 127.0.0.1/33945] INFO  server.RaftServer$Division (ServerState.java:close(419)) - aa0f76fc-0af9-4fba-891f-e6382fa98fe4@group-8DE473E54637: closes. applyIndex: 0
2021-09-05 01:40:20,273 [aa0f76fc-0af9-4fba-891f-e6382fa98fe4@group-8DE473E54637-SegmentedRaftLogWorker] INFO  segmented.SegmentedRaftLogWorker (SegmentedRaftLogWorker.java:run(327)) - aa0f76fc-0af9-4fba-891f-e6382fa98fe4@group-8DE473E54637-SegmentedRaftLogWorker was interrupted, exiting. There are 0 tasks remaining in the queue.
2021-09-05 01:40:20,273 [Listener at 127.0.0.1/33945] INFO  segmented.SegmentedRaftLogWorker (SegmentedRaftLogWorker.java:close(237)) - aa0f76fc-0af9-4fba-891f-e6382fa98fe4@group-8DE473E54637-SegmentedRaftLogWorker close()
2021-09-05 01:40:20,275 [Listener at 127.0.0.1/33945] INFO  server.RaftServer$Division (RaftServerImpl.java:lambda$close$4(407)) - aa0f76fc-0af9-4fba-891f-e6382fa98fe4@group-9820ECCA99ED: shutdown
2021-09-05 01:40:20,275 [Listener at 127.0.0.1/33945] INFO  util.JmxRegister (JmxRegister.java:unregister(73)) - Successfully un-registered JMX Bean with object name Ratis:service=RaftServer,group=group-9820ECCA99ED,id=aa0f76fc-0af9-4fba-891f-e6382fa98fe4
2021-09-05 01:40:20,275 [Listener at 127.0.0.1/33945] INFO  impl.RoleInfo (RoleInfo.java:shutdownLeaderState(91)) - aa0f76fc-0af9-4fba-891f-e6382fa98fe4: shutdown aa0f76fc-0af9-4fba-891f-e6382fa98fe4@group-9820ECCA99ED-LeaderStateImpl
2021-09-05 01:40:20,275 [aa0f76fc-0af9-4fba-891f-e6382fa98fe4@group-9820ECCA99ED->455161ce-78be-4281-bc2a-a50d1cad5e43-GrpcLogAppender-LogAppenderDaemon] WARN  server.GrpcLogAppender (GrpcLogAppender.java:mayWait(175)) - aa0f76fc-0af9-4fba-891f-e6382fa98fe4@group-9820ECCA99ED->455161ce-78be-4281-bc2a-a50d1cad5e43-GrpcLogAppender: Wait interrupted by java.lang.InterruptedException
2021-09-05 01:40:20,275 [Listener at 127.0.0.1/33945] INFO  impl.PendingRequests (PendingRequests.java:sendNotLeaderResponses(282)) - aa0f76fc-0af9-4fba-891f-e6382fa98fe4@group-9820ECCA99ED-PendingRequests: sendNotLeaderResponses
2021-09-05 01:40:20,312 [aa0f76fc-0af9-4fba-891f-e6382fa98fe4@group-1C1C96E5B142-FollowerState] INFO  impl.FollowerState (FollowerState.java:run(143)) - aa0f76fc-0af9-4fba-891f-e6382fa98fe4@group-1C1C96E5B142-FollowerState was interrupted: {}
java.lang.InterruptedException: sleep interrupted
	at java.lang.Thread.sleep(Native Method)
	at java.lang.Thread.sleep(Thread.java:340)
	at java.util.concurrent.TimeUnit.sleep(TimeUnit.java:386)
	at org.apache.ratis.util.TimeDuration.sleep(TimeDuration.java:324)
	at org.apache.ratis.util.TimeDuration.sleep(TimeDuration.java:309)
	at org.apache.ratis.server.impl.FollowerState.run(FollowerState.java:118)
2021-09-05 01:40:20,325 [grpc-default-executor-2] INFO  server.GrpcServerProtocolService (GrpcServerProtocolService.java:onCompleted(140)) - 455161ce-78be-4281-bc2a-a50d1cad5e43: Completed APPEND_ENTRIES, lastRequest: aa0f76fc-0af9-4fba-891f-e6382fa98fe4->455161ce-78be-4281-bc2a-a50d1cad5e43#2-t5,previous=(t:5, i:1),leaderCommit=1,initializing? true,entries: size=1, first=(t:5, i:2), METADATAENTRY(c:1)
2021-09-05 01:40:20,326 [grpc-default-executor-5] INFO  server.GrpcLogAppender (GrpcLogAppender.java:onCompleted(344)) - aa0f76fc-0af9-4fba-891f-e6382fa98fe4@group-9820ECCA99ED->455161ce-78be-4281-bc2a-a50d1cad5e43-AppendLogResponseHandler: follower responses appendEntries COMPLETED
2021-09-05 01:40:20,326 [grpc-default-executor-5] INFO  leader.FollowerInfo (FollowerInfoImpl.java:lambda$new$0(46)) - aa0f76fc-0af9-4fba-891f-e6382fa98fe4@group-9820ECCA99ED->455161ce-78be-4281-bc2a-a50d1cad5e43: nextIndex: updateUnconditionally 3 -> 2
2021-09-05 01:40:20,331 [Listener at 127.0.0.1/33945] INFO  impl.StateMachineUpdater (StateMachineUpdater.java:stopAndJoin(149)) - aa0f76fc-0af9-4fba-891f-e6382fa98fe4@group-9820ECCA99ED-StateMachineUpdater: set stopIndex = 2
2021-09-05 01:40:20,333 [aa0f76fc-0af9-4fba-891f-e6382fa98fe4@group-9820ECCA99ED-StateMachineUpdater] INFO  ratis.ContainerStateMachine (ContainerStateMachine.java:takeSnapshot(292)) - group-9820ECCA99ED: Taking a snapshot at:(t:5, i:2) file /home/runner/work/ozone/ozone/hadoop-ozone/integration-test/target/test-dir/MiniOzoneClusterImpl-37340386-36af-4fa8-9723-b8f583b28ff6/datanode-5/data/ratis/63a4ac22-0943-49cd-a4b6-9820ecca99ed/sm/snapshot.5_2
2021-09-05 01:40:20,334 [aa0f76fc-0af9-4fba-891f-e6382fa98fe4@group-9820ECCA99ED-StateMachineUpdater] INFO  ratis.ContainerStateMachine (ContainerStateMachine.java:takeSnapshot(303)) - group-9820ECCA99ED: Finished taking a snapshot at:(t:5, i:2) file:/home/runner/work/ozone/ozone/hadoop-ozone/integration-test/target/test-dir/MiniOzoneClusterImpl-37340386-36af-4fa8-9723-b8f583b28ff6/datanode-5/data/ratis/63a4ac22-0943-49cd-a4b6-9820ecca99ed/sm/snapshot.5_2 took: 2 ms
2021-09-05 01:40:20,334 [aa0f76fc-0af9-4fba-891f-e6382fa98fe4@group-9820ECCA99ED-StateMachineUpdater] INFO  impl.StateMachineUpdater (StateMachineUpdater.java:takeSnapshot(281)) - aa0f76fc-0af9-4fba-891f-e6382fa98fe4@group-9820ECCA99ED-StateMachineUpdater: Took a snapshot at index 2
2021-09-05 01:40:20,334 [aa0f76fc-0af9-4fba-891f-e6382fa98fe4@group-9820ECCA99ED-StateMachineUpdater] INFO  impl.StateMachineUpdater (StateMachineUpdater.java:lambda$new$0(89)) - aa0f76fc-0af9-4fba-891f-e6382fa98fe4@group-9820ECCA99ED-StateMachineUpdater: snapshotIndex: updateIncreasingly -1 -> 2
2021-09-05 01:40:20,335 [Listener at 127.0.0.1/33945] INFO  server.RaftServer$Division (ServerState.java:close(419)) - aa0f76fc-0af9-4fba-891f-e6382fa98fe4@group-9820ECCA99ED: closes. applyIndex: 2
2021-09-05 01:40:20,335 [aa0f76fc-0af9-4fba-891f-e6382fa98fe4@group-9820ECCA99ED-SegmentedRaftLogWorker] INFO  segmented.SegmentedRaftLogWorker (SegmentedRaftLogWorker.java:run(327)) - aa0f76fc-0af9-4fba-891f-e6382fa98fe4@group-9820ECCA99ED-SegmentedRaftLogWorker was interrupted, exiting. There are 0 tasks remaining in the queue.
2021-09-05 01:40:20,335 [Listener at 127.0.0.1/33945] INFO  segmented.SegmentedRaftLogWorker (SegmentedRaftLogWorker.java:close(237)) - aa0f76fc-0af9-4fba-891f-e6382fa98fe4@group-9820ECCA99ED-SegmentedRaftLogWorker close()
2021-09-05 01:40:20,336 [Listener at 127.0.0.1/33945] INFO  server.RaftServer$Division (RaftServerImpl.java:lambda$close$4(407)) - aa0f76fc-0af9-4fba-891f-e6382fa98fe4@group-8615E5D5F589: shutdown
2021-09-05 01:40:20,336 [Listener at 127.0.0.1/33945] INFO  util.JmxRegister (JmxRegister.java:unregister(73)) - Successfully un-registered JMX Bean with object name Ratis:service=RaftServer,group=group-8615E5D5F589,id=aa0f76fc-0af9-4fba-891f-e6382fa98fe4
2021-09-05 01:40:20,336 [Listener at 127.0.0.1/33945] INFO  impl.RoleInfo (RoleInfo.java:shutdownLeaderState(91)) - aa0f76fc-0af9-4fba-891f-e6382fa98fe4: shutdown aa0f76fc-0af9-4fba-891f-e6382fa98fe4@group-8615E5D5F589-LeaderStateImpl
2021-09-05 01:40:20,336 [Listener at 127.0.0.1/33945] INFO  impl.PendingRequests (PendingRequests.java:sendNotLeaderResponses(282)) - aa0f76fc-0af9-4fba-891f-e6382fa98fe4@group-8615E5D5F589-PendingRequests: sendNotLeaderResponses
2021-09-05 01:40:20,337 [aa0f76fc-0af9-4fba-891f-e6382fa98fe4@group-8615E5D5F589-StateMachineUpdater] INFO  ratis.ContainerStateMachine (ContainerStateMachine.java:takeSnapshot(292)) - group-8615E5D5F589: Taking a snapshot at:(t:1, i:0) file /home/runner/work/ozone/ozone/hadoop-ozone/integration-test/target/test-dir/MiniOzoneClusterImpl-37340386-36af-4fa8-9723-b8f583b28ff6/datanode-5/data/ratis/61f3a5e3-7b62-4327-9fa1-8615e5d5f589/sm/snapshot.1_0
2021-09-05 01:40:20,337 [Listener at 127.0.0.1/33945] INFO  impl.StateMachineUpdater (StateMachineUpdater.java:stopAndJoin(149)) - aa0f76fc-0af9-4fba-891f-e6382fa98fe4@group-8615E5D5F589-StateMachineUpdater: set stopIndex = 0
2021-09-05 01:40:20,338 [aa0f76fc-0af9-4fba-891f-e6382fa98fe4@group-8615E5D5F589-StateMachineUpdater] INFO  ratis.ContainerStateMachine (ContainerStateMachine.java:takeSnapshot(303)) - group-8615E5D5F589: Finished taking a snapshot at:(t:1, i:0) file:/home/runner/work/ozone/ozone/hadoop-ozone/integration-test/target/test-dir/MiniOzoneClusterImpl-37340386-36af-4fa8-9723-b8f583b28ff6/datanode-5/data/ratis/61f3a5e3-7b62-4327-9fa1-8615e5d5f589/sm/snapshot.1_0 took: 1 ms
2021-09-05 01:40:20,338 [aa0f76fc-0af9-4fba-891f-e6382fa98fe4@group-8615E5D5F589-StateMachineUpdater] INFO  impl.StateMachineUpdater (StateMachineUpdater.java:takeSnapshot(281)) - aa0f76fc-0af9-4fba-891f-e6382fa98fe4@group-8615E5D5F589-StateMachineUpdater: Took a snapshot at index 0
2021-09-05 01:40:20,338 [aa0f76fc-0af9-4fba-891f-e6382fa98fe4@group-8615E5D5F589-StateMachineUpdater] INFO  impl.StateMachineUpdater (StateMachineUpdater.java:lambda$new$0(89)) - aa0f76fc-0af9-4fba-891f-e6382fa98fe4@group-8615E5D5F589-StateMachineUpdater: snapshotIndex: updateIncreasingly -1 -> 0
2021-09-05 01:40:20,338 [Listener at 127.0.0.1/33945] INFO  server.RaftServer$Division (ServerState.java:close(419)) - aa0f76fc-0af9-4fba-891f-e6382fa98fe4@group-8615E5D5F589: closes. applyIndex: 0
2021-09-05 01:40:20,338 [aa0f76fc-0af9-4fba-891f-e6382fa98fe4@group-8615E5D5F589-SegmentedRaftLogWorker] INFO  segmented.SegmentedRaftLogWorker (SegmentedRaftLogWorker.java:run(327)) - aa0f76fc-0af9-4fba-891f-e6382fa98fe4@group-8615E5D5F589-SegmentedRaftLogWorker was interrupted, exiting. There are 0 tasks remaining in the queue.
2021-09-05 01:40:20,338 [Listener at 127.0.0.1/33945] INFO  segmented.SegmentedRaftLogWorker (SegmentedRaftLogWorker.java:close(237)) - aa0f76fc-0af9-4fba-891f-e6382fa98fe4@group-8615E5D5F589-SegmentedRaftLogWorker close()
2021-09-05 01:40:20,339 [Listener at 127.0.0.1/33945] INFO  server.GrpcService (GrpcService.java:closeImpl(262)) - aa0f76fc-0af9-4fba-891f-e6382fa98fe4: shutdown server with port 36313 now
2021-09-05 01:40:20,342 [Listener at 127.0.0.1/33945] INFO  server.GrpcService (GrpcService.java:closeImpl(271)) - aa0f76fc-0af9-4fba-891f-e6382fa98fe4: shutdown server with port 36313 successfully
2021-09-05 01:40:20,343 [org.apache.ratis.util.JvmPauseMonitor$$Lambda$531/1694950219@a2b7ef7] INFO  util.JvmPauseMonitor (JvmPauseMonitor.java:run(109)) - JvmPauseMonitor-aa0f76fc-0af9-4fba-891f-e6382fa98fe4: Stopped
2021-09-05 01:40:20,348 [Listener at 127.0.0.1/33945] INFO  utils.BackgroundService (BackgroundService.java:shutdown(132)) - Shutting down service BlockDeletingService
2021-09-05 01:40:20,436 [Command processor thread] INFO  server.RaftServer (RaftServerProxy.java:remove(106)) - cff69f77-ea12-413c-a988-d2a44a5ca406: remove  FOLLOWER cff69f77-ea12-413c-a988-d2a44a5ca406@group-A2164613B897:t3, leader=null, voted=cff69f77-ea12-413c-a988-d2a44a5ca406, raftlog=cff69f77-ea12-413c-a988-d2a44a5ca406@group-A2164613B897-SegmentedRaftLog:OPENED:c0,f0,i0, conf=0: [fdb9e53e-0679-45da-9a61-20e122f839df|rpc:10.1.0.25:40867|dataStream:|priority:1, cff69f77-ea12-413c-a988-d2a44a5ca406|rpc:10.1.0.25:34387|dataStream:|priority:0, 54b0752d-9f85-41d1-82b7-176712dc42d8|rpc:10.1.0.25:45159|dataStream:|priority:0], old=null RUNNING
2021-09-05 01:40:20,437 [Command processor thread] INFO  server.RaftServer$Division (RaftServerImpl.java:lambda$close$4(407)) - cff69f77-ea12-413c-a988-d2a44a5ca406@group-A2164613B897: shutdown
2021-09-05 01:40:20,437 [Command processor thread] INFO  util.JmxRegister (JmxRegister.java:unregister(73)) - Successfully un-registered JMX Bean with object name Ratis:service=RaftServer,group=group-A2164613B897,id=cff69f77-ea12-413c-a988-d2a44a5ca406
2021-09-05 01:40:20,437 [Command processor thread] INFO  impl.RoleInfo (RoleInfo.java:shutdownFollowerState(108)) - cff69f77-ea12-413c-a988-d2a44a5ca406: shutdown cff69f77-ea12-413c-a988-d2a44a5ca406@group-A2164613B897-FollowerState
2021-09-05 01:40:20,437 [Command processor thread] INFO  impl.StateMachineUpdater (StateMachineUpdater.java:stopAndJoin(149)) - cff69f77-ea12-413c-a988-d2a44a5ca406@group-A2164613B897-StateMachineUpdater: set stopIndex = 0
2021-09-05 01:40:20,437 [cff69f77-ea12-413c-a988-d2a44a5ca406@group-A2164613B897-FollowerState] INFO  impl.FollowerState (FollowerState.java:run(143)) - cff69f77-ea12-413c-a988-d2a44a5ca406@group-A2164613B897-FollowerState was interrupted: {}
java.lang.InterruptedException: sleep interrupted
	at java.lang.Thread.sleep(Native Method)
	at java.lang.Thread.sleep(Thread.java:340)
	at java.util.concurrent.TimeUnit.sleep(TimeUnit.java:386)
	at org.apache.ratis.util.TimeDuration.sleep(TimeDuration.java:324)
	at org.apache.ratis.util.TimeDuration.sleep(TimeDuration.java:309)
	at org.apache.ratis.server.impl.FollowerState.run(FollowerState.java:118)
2021-09-05 01:40:20,437 [cff69f77-ea12-413c-a988-d2a44a5ca406@group-A2164613B897-StateMachineUpdater] INFO  ratis.ContainerStateMachine (ContainerStateMachine.java:takeSnapshot(292)) - group-A2164613B897: Taking a snapshot at:(t:2, i:0) file /home/runner/work/ozone/ozone/hadoop-ozone/integration-test/target/test-dir/MiniOzoneClusterImpl-37340386-36af-4fa8-9723-b8f583b28ff6/datanode-0/data/ratis/d2b771ec-915a-42be-9e6e-a2164613b897/sm/snapshot.2_0
2021-09-05 01:40:20,441 [cff69f77-ea12-413c-a988-d2a44a5ca406@group-A2164613B897-StateMachineUpdater] INFO  ratis.ContainerStateMachine (ContainerStateMachine.java:takeSnapshot(303)) - group-A2164613B897: Finished taking a snapshot at:(t:2, i:0) file:/home/runner/work/ozone/ozone/hadoop-ozone/integration-test/target/test-dir/MiniOzoneClusterImpl-37340386-36af-4fa8-9723-b8f583b28ff6/datanode-0/data/ratis/d2b771ec-915a-42be-9e6e-a2164613b897/sm/snapshot.2_0 took: 4 ms
2021-09-05 01:40:20,441 [cff69f77-ea12-413c-a988-d2a44a5ca406@group-A2164613B897-StateMachineUpdater] INFO  impl.StateMachineUpdater (StateMachineUpdater.java:takeSnapshot(281)) - cff69f77-ea12-413c-a988-d2a44a5ca406@group-A2164613B897-StateMachineUpdater: Took a snapshot at index 0
2021-09-05 01:40:20,441 [cff69f77-ea12-413c-a988-d2a44a5ca406@group-A2164613B897-StateMachineUpdater] INFO  impl.StateMachineUpdater (StateMachineUpdater.java:lambda$new$0(89)) - cff69f77-ea12-413c-a988-d2a44a5ca406@group-A2164613B897-StateMachineUpdater: snapshotIndex: updateIncreasingly -1 -> 0
2021-09-05 01:40:20,445 [Command processor thread] INFO  server.RaftServer$Division (ServerState.java:close(419)) - cff69f77-ea12-413c-a988-d2a44a5ca406@group-A2164613B897: closes. applyIndex: 0
2021-09-05 01:40:20,445 [cff69f77-ea12-413c-a988-d2a44a5ca406@group-A2164613B897-SegmentedRaftLogWorker] INFO  segmented.SegmentedRaftLogWorker (SegmentedRaftLogWorker.java:run(327)) - cff69f77-ea12-413c-a988-d2a44a5ca406@group-A2164613B897-SegmentedRaftLogWorker was interrupted, exiting. There are 0 tasks remaining in the queue.
2021-09-05 01:40:20,445 [Command processor thread] INFO  segmented.SegmentedRaftLogWorker (SegmentedRaftLogWorker.java:close(237)) - cff69f77-ea12-413c-a988-d2a44a5ca406@group-A2164613B897-SegmentedRaftLogWorker close()
2021-09-05 01:40:20,445 [Command processor thread] INFO  server.RaftServer$Division (RaftServerImpl.java:groupRemove(377)) - cff69f77-ea12-413c-a988-d2a44a5ca406@group-A2164613B897: Succeed to remove RaftStorageDirectory Storage Directory /home/runner/work/ozone/ozone/hadoop-ozone/integration-test/target/test-dir/MiniOzoneClusterImpl-37340386-36af-4fa8-9723-b8f583b28ff6/datanode-0/data/ratis/d2b771ec-915a-42be-9e6e-a2164613b897
2021-09-05 01:40:20,446 [Command processor thread] INFO  commandhandler.ClosePipelineCommandHandler (ClosePipelineCommandHandler.java:handle(75)) - Close Pipeline PipelineID=d2b771ec-915a-42be-9e6e-a2164613b897 command on datanode cff69f77-ea12-413c-a988-d2a44a5ca406.
2021-09-05 01:40:20,446 [Command processor thread] INFO  server.RaftServer (RaftServerProxy.java:remove(106)) - cff69f77-ea12-413c-a988-d2a44a5ca406: remove  FOLLOWER cff69f77-ea12-413c-a988-d2a44a5ca406@group-A2597FCC6369:t1, leader=cff69f77-ea12-413c-a988-d2a44a5ca406, voted=cff69f77-ea12-413c-a988-d2a44a5ca406, raftlog=cff69f77-ea12-413c-a988-d2a44a5ca406@group-A2597FCC6369-SegmentedRaftLog:OPENED:c0,f0,i0, conf=0: [fdb9e53e-0679-45da-9a61-20e122f839df|rpc:10.1.0.25:40867|dataStream:|priority:0, cff69f77-ea12-413c-a988-d2a44a5ca406|rpc:10.1.0.25:34387|dataStream:|priority:1, be41d154-e08a-4361-999c-a2746058d00f|rpc:10.1.0.25:33043|dataStream:|priority:0], old=null RUNNING
2021-09-05 01:40:20,446 [Command processor thread] INFO  server.RaftServer$Division (RaftServerImpl.java:lambda$close$4(407)) - cff69f77-ea12-413c-a988-d2a44a5ca406@group-A2597FCC6369: shutdown
2021-09-05 01:40:20,446 [Command processor thread] INFO  util.JmxRegister (JmxRegister.java:unregister(73)) - Successfully un-registered JMX Bean with object name Ratis:service=RaftServer,group=group-A2597FCC6369,id=cff69f77-ea12-413c-a988-d2a44a5ca406
2021-09-05 01:40:20,446 [Command processor thread] INFO  impl.RoleInfo (RoleInfo.java:shutdownFollowerState(108)) - cff69f77-ea12-413c-a988-d2a44a5ca406: shutdown cff69f77-ea12-413c-a988-d2a44a5ca406@group-A2597FCC6369-FollowerState
2021-09-05 01:40:20,446 [Command processor thread] INFO  impl.StateMachineUpdater (StateMachineUpdater.java:stopAndJoin(149)) - cff69f77-ea12-413c-a988-d2a44a5ca406@group-A2597FCC6369-StateMachineUpdater: set stopIndex = 0
2021-09-05 01:40:20,446 [cff69f77-ea12-413c-a988-d2a44a5ca406@group-A2597FCC6369-FollowerState] INFO  impl.FollowerState (FollowerState.java:run(143)) - cff69f77-ea12-413c-a988-d2a44a5ca406@group-A2597FCC6369-FollowerState was interrupted: {}
java.lang.InterruptedException: sleep interrupted
	at java.lang.Thread.sleep(Native Method)
	at java.lang.Thread.sleep(Thread.java:340)
	at java.util.concurrent.TimeUnit.sleep(TimeUnit.java:386)
	at org.apache.ratis.util.TimeDuration.sleep(TimeDuration.java:324)
	at org.apache.ratis.util.TimeDuration.sleep(TimeDuration.java:309)
	at org.apache.ratis.server.impl.FollowerState.run(FollowerState.java:118)
2021-09-05 01:40:20,446 [cff69f77-ea12-413c-a988-d2a44a5ca406@group-A2597FCC6369-StateMachineUpdater] INFO  ratis.ContainerStateMachine (ContainerStateMachine.java:takeSnapshot(292)) - group-A2597FCC6369: Taking a snapshot at:(t:1, i:0) file /home/runner/work/ozone/ozone/hadoop-ozone/integration-test/target/test-dir/MiniOzoneClusterImpl-37340386-36af-4fa8-9723-b8f583b28ff6/datanode-0/data/ratis/52703f6d-9754-433b-b0cb-a2597fcc6369/sm/snapshot.1_0
2021-09-05 01:40:20,447 [cff69f77-ea12-413c-a988-d2a44a5ca406@group-A2597FCC6369-StateMachineUpdater] INFO  ratis.ContainerStateMachine (ContainerStateMachine.java:takeSnapshot(303)) - group-A2597FCC6369: Finished taking a snapshot at:(t:1, i:0) file:/home/runner/work/ozone/ozone/hadoop-ozone/integration-test/target/test-dir/MiniOzoneClusterImpl-37340386-36af-4fa8-9723-b8f583b28ff6/datanode-0/data/ratis/52703f6d-9754-433b-b0cb-a2597fcc6369/sm/snapshot.1_0 took: 0 ms
2021-09-05 01:40:20,447 [cff69f77-ea12-413c-a988-d2a44a5ca406@group-A2597FCC6369-StateMachineUpdater] INFO  impl.StateMachineUpdater (StateMachineUpdater.java:takeSnapshot(281)) - cff69f77-ea12-413c-a988-d2a44a5ca406@group-A2597FCC6369-StateMachineUpdater: Took a snapshot at index 0
2021-09-05 01:40:20,447 [cff69f77-ea12-413c-a988-d2a44a5ca406@group-A2597FCC6369-StateMachineUpdater] INFO  impl.StateMachineUpdater (StateMachineUpdater.java:lambda$new$0(89)) - cff69f77-ea12-413c-a988-d2a44a5ca406@group-A2597FCC6369-StateMachineUpdater: snapshotIndex: updateIncreasingly -1 -> 0
2021-09-05 01:40:20,448 [Command processor thread] INFO  server.RaftServer$Division (ServerState.java:close(419)) - cff69f77-ea12-413c-a988-d2a44a5ca406@group-A2597FCC6369: closes. applyIndex: 0
2021-09-05 01:40:20,448 [cff69f77-ea12-413c-a988-d2a44a5ca406@group-A2597FCC6369-SegmentedRaftLogWorker] INFO  segmented.SegmentedRaftLogWorker (SegmentedRaftLogWorker.java:run(327)) - cff69f77-ea12-413c-a988-d2a44a5ca406@group-A2597FCC6369-SegmentedRaftLogWorker was interrupted, exiting. There are 0 tasks remaining in the queue.
2021-09-05 01:40:20,448 [Command processor thread] INFO  segmented.SegmentedRaftLogWorker (SegmentedRaftLogWorker.java:close(237)) - cff69f77-ea12-413c-a988-d2a44a5ca406@group-A2597FCC6369-SegmentedRaftLogWorker close()
2021-09-05 01:40:20,448 [Command processor thread] INFO  server.RaftServer$Division (RaftServerImpl.java:groupRemove(377)) - cff69f77-ea12-413c-a988-d2a44a5ca406@group-A2597FCC6369: Succeed to remove RaftStorageDirectory Storage Directory /home/runner/work/ozone/ozone/hadoop-ozone/integration-test/target/test-dir/MiniOzoneClusterImpl-37340386-36af-4fa8-9723-b8f583b28ff6/datanode-0/data/ratis/52703f6d-9754-433b-b0cb-a2597fcc6369
2021-09-05 01:40:20,448 [Command processor thread] INFO  commandhandler.ClosePipelineCommandHandler (ClosePipelineCommandHandler.java:handle(75)) - Close Pipeline PipelineID=52703f6d-9754-433b-b0cb-a2597fcc6369 command on datanode cff69f77-ea12-413c-a988-d2a44a5ca406.
2021-09-05 01:40:23,402 [Listener at 127.0.0.1/33945] INFO  statemachine.DatanodeStateMachine (DatanodeStateMachine.java:stopDaemon(515)) - Ozone container server stopped.
2021-09-05 01:40:23,403 [Listener at 127.0.0.1/33945] INFO  handler.ContextHandler (ContextHandler.java:doStop(1153)) - Stopped o.e.j.w.WebAppContext@47501492{hddsDatanode,/,null,STOPPED}{jar:file:/home/runner/.m2/repository/org/apache/ozone/hdds-container-service/1.2.0-SNAPSHOT/hdds-container-service-1.2.0-SNAPSHOT.jar!/webapps/hddsDatanode}
2021-09-05 01:40:23,409 [Listener at 127.0.0.1/33945] INFO  server.AbstractConnector (AbstractConnector.java:doStop(381)) - Stopped ServerConnector@31265650{HTTP/1.1, (http/1.1)}{0.0.0.0:0}
2021-09-05 01:40:23,409 [Listener at 127.0.0.1/33945] INFO  server.session (HouseKeeper.java:stopScavenging(149)) - node0 Stopped scavenging
2021-09-05 01:40:23,410 [Listener at 127.0.0.1/33945] INFO  handler.ContextHandler (ContextHandler.java:doStop(1153)) - Stopped o.e.j.s.ServletContextHandler@3af1388{static,/static,jar:file:/home/runner/.m2/repository/org/apache/ozone/hdds-container-service/1.2.0-SNAPSHOT/hdds-container-service-1.2.0-SNAPSHOT.jar!/webapps/static,STOPPED}
2021-09-05 01:40:23,410 [Listener at 127.0.0.1/33945] INFO  handler.ContextHandler (ContextHandler.java:doStop(1153)) - Stopped o.e.j.s.ServletContextHandler@7c33da83{logs,/logs,file:///home/runner/work/ozone/ozone/hadoop-ozone/integration-test/target/log,STOPPED}
2021-09-05 01:40:23,701 [Datanode State Machine Thread - 0] INFO  statemachine.DatanodeStateMachine (DatanodeStateMachine.java:lambda$startDaemon$0(457)) - Ozone container server started.
2021-09-05 01:40:24,557 [EventQueue-StaleNodeForStaleNodeHandler] INFO  node.StaleNodeHandler (StaleNodeHandler.java:onMessage(58)) - Datanode aa0f76fc-0af9-4fba-891f-e6382fa98fe4{ip: 10.1.0.25, host: fv-az270-420.tacnzluakwdehk1hpragurqkma.bx.internal.cloudapp.net, ports: [REPLICATION=42149, RATIS=36313, RATIS_ADMIN=36313, RATIS_SERVER=36313, STANDALONE=35265], networkLocation: /default-rack, certSerialId: null, persistedOpState: IN_SERVICE, persistedOpStateExpiryEpochSec: 0} moved to stale state. Finalizing its pipelines [PipelineID=61f3a5e3-7b62-4327-9fa1-8615e5d5f589]
2021-09-05 01:40:24,557 [EventQueue-StaleNodeForStaleNodeHandler] INFO  pipeline.PipelineManagerImpl (PipelineManagerImpl.java:closePipeline(342)) - Pipeline Pipeline[ Id: 61f3a5e3-7b62-4327-9fa1-8615e5d5f589, Nodes: aa0f76fc-0af9-4fba-891f-e6382fa98fe4{ip: 10.1.0.25, host: fv-az270-420.tacnzluakwdehk1hpragurqkma.bx.internal.cloudapp.net, ports: [REPLICATION=42149, RATIS=36313, RATIS_ADMIN=36313, RATIS_SERVER=36313, STANDALONE=35265], networkLocation: /default-rack, certSerialId: null, persistedOpState: IN_SERVICE, persistedOpStateExpiryEpochSec: 0}, ReplicationConfig: RATIS/ONE, State:OPEN, leaderId:aa0f76fc-0af9-4fba-891f-e6382fa98fe4, CreationTimestamp2021-09-05T01:39:02.786Z[Etc/UTC]] moved to CLOSED state
2021-09-05 01:40:25,089 [cff69f77-ea12-413c-a988-d2a44a5ca406@group-DB0C5756557F-FollowerState] INFO  impl.FollowerState (FollowerState.java:run(134)) - cff69f77-ea12-413c-a988-d2a44a5ca406@group-DB0C5756557F-FollowerState: change to CANDIDATE, lastRpcElapsedTime:5131460766ns, electionTimeout:5124ms
2021-09-05 01:40:25,089 [cff69f77-ea12-413c-a988-d2a44a5ca406@group-DB0C5756557F-FollowerState] INFO  impl.RoleInfo (RoleInfo.java:shutdownFollowerState(108)) - cff69f77-ea12-413c-a988-d2a44a5ca406: shutdown cff69f77-ea12-413c-a988-d2a44a5ca406@group-DB0C5756557F-FollowerState
2021-09-05 01:40:25,090 [cff69f77-ea12-413c-a988-d2a44a5ca406@group-DB0C5756557F-FollowerState] INFO  server.RaftServer$Division (RaftServerImpl.java:setRole(285)) - cff69f77-ea12-413c-a988-d2a44a5ca406@group-DB0C5756557F: changes role from  FOLLOWER to CANDIDATE at term 2 for changeToCandidate
2021-09-05 01:40:25,090 [cff69f77-ea12-413c-a988-d2a44a5ca406@group-DB0C5756557F-FollowerState] INFO  server.RaftServerConfigKeys (ConfUtils.java:logGet(44)) - raft.server.leaderelection.pre-vote = false (custom)
2021-09-05 01:40:25,090 [cff69f77-ea12-413c-a988-d2a44a5ca406@group-DB0C5756557F-FollowerState] INFO  impl.RoleInfo (RoleInfo.java:updateAndGet(130)) - cff69f77-ea12-413c-a988-d2a44a5ca406: start cff69f77-ea12-413c-a988-d2a44a5ca406@group-DB0C5756557F-LeaderElection127
2021-09-05 01:40:25,102 [cff69f77-ea12-413c-a988-d2a44a5ca406@group-DB0C5756557F-LeaderElection127] INFO  impl.LeaderElection (LeaderElection.java:askForVotes(306)) - cff69f77-ea12-413c-a988-d2a44a5ca406@group-DB0C5756557F-LeaderElection127 ELECTION round 0: submit vote requests at term 3 for 0: [cff69f77-ea12-413c-a988-d2a44a5ca406|rpc:10.1.0.25:34387|dataStream:|priority:0, be41d154-e08a-4361-999c-a2746058d00f|rpc:10.1.0.25:33043|dataStream:|priority:0, 54b0752d-9f85-41d1-82b7-176712dc42d8|rpc:10.1.0.25:45159|dataStream:|priority:1], old=null
2021-09-05 01:40:25,125 [cff69f77-ea12-413c-a988-d2a44a5ca406@group-DB0C5756557F-LeaderElection127] INFO  impl.LeaderElection (LogUtils.java:infoOrTrace(137)) - cff69f77-ea12-413c-a988-d2a44a5ca406@group-DB0C5756557F-LeaderElection127 got exception when requesting votes: java.util.concurrent.ExecutionException: org.apache.ratis.thirdparty.io.grpc.StatusRuntimeException: UNAVAILABLE: io exception
2021-09-05 01:40:25,125 [cff69f77-ea12-413c-a988-d2a44a5ca406@group-DB0C5756557F-LeaderElection127] INFO  impl.LeaderElection (LogUtils.java:infoOrTrace(137)) - cff69f77-ea12-413c-a988-d2a44a5ca406@group-DB0C5756557F-LeaderElection127 got exception when requesting votes: java.util.concurrent.ExecutionException: org.apache.ratis.thirdparty.io.grpc.StatusRuntimeException: UNAVAILABLE: io exception
2021-09-05 01:40:25,125 [cff69f77-ea12-413c-a988-d2a44a5ca406@group-DB0C5756557F-LeaderElection127] INFO  impl.LeaderElection (LeaderElection.java:logAndReturn(89)) - cff69f77-ea12-413c-a988-d2a44a5ca406@group-DB0C5756557F-LeaderElection127: ELECTION REJECTED received 0 response(s) and 2 exception(s):
2021-09-05 01:40:25,125 [cff69f77-ea12-413c-a988-d2a44a5ca406@group-DB0C5756557F-LeaderElection127] INFO  impl.LeaderElection (LogUtils.java:infoOrTrace(137)) -   Exception 0: java.util.concurrent.ExecutionException: org.apache.ratis.thirdparty.io.grpc.StatusRuntimeException: UNAVAILABLE: io exception
2021-09-05 01:40:25,125 [cff69f77-ea12-413c-a988-d2a44a5ca406@group-DB0C5756557F-LeaderElection127] INFO  impl.LeaderElection (LogUtils.java:infoOrTrace(137)) -   Exception 1: java.util.concurrent.ExecutionException: org.apache.ratis.thirdparty.io.grpc.StatusRuntimeException: UNAVAILABLE: io exception
2021-09-05 01:40:25,125 [cff69f77-ea12-413c-a988-d2a44a5ca406@group-DB0C5756557F-LeaderElection127] INFO  impl.LeaderElection (LeaderElection.java:askForVotes(308)) - cff69f77-ea12-413c-a988-d2a44a5ca406@group-DB0C5756557F-LeaderElection127 ELECTION round 0: result REJECTED
2021-09-05 01:40:25,125 [cff69f77-ea12-413c-a988-d2a44a5ca406@group-DB0C5756557F-LeaderElection127] INFO  server.RaftServer$Division (RaftServerImpl.java:setRole(285)) - cff69f77-ea12-413c-a988-d2a44a5ca406@group-DB0C5756557F: changes role from CANDIDATE to FOLLOWER at term 3 for REJECTED
2021-09-05 01:40:25,125 [cff69f77-ea12-413c-a988-d2a44a5ca406@group-DB0C5756557F-LeaderElection127] INFO  impl.RoleInfo (RoleInfo.java:shutdownLeaderElection(121)) - cff69f77-ea12-413c-a988-d2a44a5ca406: shutdown cff69f77-ea12-413c-a988-d2a44a5ca406@group-DB0C5756557F-LeaderElection127
2021-09-05 01:40:25,125 [cff69f77-ea12-413c-a988-d2a44a5ca406@group-DB0C5756557F-LeaderElection127] INFO  impl.RoleInfo (RoleInfo.java:updateAndGet(130)) - cff69f77-ea12-413c-a988-d2a44a5ca406: start cff69f77-ea12-413c-a988-d2a44a5ca406@group-DB0C5756557F-FollowerState
2021-09-05 01:40:26,475 [EventQueue-DeadNodeForDeadNodeHandler] INFO  node.DeadNodeHandler (DeadNodeHandler.java:onMessage(80)) - A dead datanode is detected. be41d154-e08a-4361-999c-a2746058d00f{ip: 10.1.0.25, host: fv-az270-420.tacnzluakwdehk1hpragurqkma.bx.internal.cloudapp.net, ports: [REPLICATION=33191, RATIS=33043, RATIS_ADMIN=33043, RATIS_SERVER=33043, STANDALONE=37769], networkLocation: /default-rack, certSerialId: null, persistedOpState: IN_SERVICE, persistedOpStateExpiryEpochSec: 0}
2021-09-05 01:40:26,475 [EventQueue-DeadNodeForDeadNodeHandler] INFO  pipeline.RatisPipelineProvider (RatisPipelineProvider.java:lambda$close$1(222)) - Send pipeline:PipelineID=b7f1090e-520a-432c-8d7d-6d81f426558a close command to datanode be41d154-e08a-4361-999c-a2746058d00f
2021-09-05 01:40:26,475 [EventQueue-DeadNodeForDeadNodeHandler] INFO  pipeline.PipelineStateManager (PipelineStateManagerV2Impl.java:removePipeline(211)) - Pipeline Pipeline[ Id: b7f1090e-520a-432c-8d7d-6d81f426558a, Nodes: be41d154-e08a-4361-999c-a2746058d00f{ip: 10.1.0.25, host: fv-az270-420.tacnzluakwdehk1hpragurqkma.bx.internal.cloudapp.net, ports: [REPLICATION=33191, RATIS=33043, RATIS_ADMIN=33043, RATIS_SERVER=33043, STANDALONE=37769], networkLocation: /default-rack, certSerialId: null, persistedOpState: IN_SERVICE, persistedOpStateExpiryEpochSec: 0}, ReplicationConfig: RATIS/ONE, State:CLOSED, leaderId:be41d154-e08a-4361-999c-a2746058d00f, CreationTimestamp2021-09-05T01:39:00.738Z[Etc/UTC]] removed.
2021-09-05 01:40:26,476 [EventQueue-DeadNodeForDeadNodeHandler] INFO  pipeline.RatisPipelineProvider (RatisPipelineProvider.java:lambda$close$1(222)) - Send pipeline:PipelineID=970d459e-8e80-4b03-a7e8-db0c5756557f close command to datanode be41d154-e08a-4361-999c-a2746058d00f
2021-09-05 01:40:26,476 [EventQueue-DeadNodeForDeadNodeHandler] INFO  pipeline.RatisPipelineProvider (RatisPipelineProvider.java:lambda$close$1(222)) - Send pipeline:PipelineID=970d459e-8e80-4b03-a7e8-db0c5756557f close command to datanode cff69f77-ea12-413c-a988-d2a44a5ca406
2021-09-05 01:40:26,476 [EventQueue-DeadNodeForDeadNodeHandler] INFO  pipeline.RatisPipelineProvider (RatisPipelineProvider.java:lambda$close$1(222)) - Send pipeline:PipelineID=970d459e-8e80-4b03-a7e8-db0c5756557f close command to datanode 54b0752d-9f85-41d1-82b7-176712dc42d8
2021-09-05 01:40:26,476 [EventQueue-DeadNodeForDeadNodeHandler] INFO  pipeline.PipelineStateManager (PipelineStateManagerV2Impl.java:removePipeline(211)) - Pipeline Pipeline[ Id: 970d459e-8e80-4b03-a7e8-db0c5756557f, Nodes: be41d154-e08a-4361-999c-a2746058d00f{ip: 10.1.0.25, host: fv-az270-420.tacnzluakwdehk1hpragurqkma.bx.internal.cloudapp.net, ports: [REPLICATION=33191, RATIS=33043, RATIS_ADMIN=33043, RATIS_SERVER=33043, STANDALONE=37769], networkLocation: /default-rack, certSerialId: null, persistedOpState: IN_SERVICE, persistedOpStateExpiryEpochSec: 0}cff69f77-ea12-413c-a988-d2a44a5ca406{ip: 10.1.0.25, host: fv-az270-420.tacnzluakwdehk1hpragurqkma.bx.internal.cloudapp.net, ports: [REPLICATION=40651, RATIS=34387, RATIS_ADMIN=34387, RATIS_SERVER=34387, STANDALONE=34759], networkLocation: /default-rack, certSerialId: null, persistedOpState: IN_SERVICE, persistedOpStateExpiryEpochSec: 0}54b0752d-9f85-41d1-82b7-176712dc42d8{ip: 10.1.0.25, host: fv-az270-420.tacnzluakwdehk1hpragurqkma.bx.internal.cloudapp.net, ports: [REPLICATION=38415, RATIS=45159, RATIS_ADMIN=45159, RATIS_SERVER=45159, STANDALONE=37167], networkLocation: /default-rack, certSerialId: null, persistedOpState: IN_SERVICE, persistedOpStateExpiryEpochSec: 0}, ReplicationConfig: RATIS/THREE, State:CLOSED, leaderId:54b0752d-9f85-41d1-82b7-176712dc42d8, CreationTimestamp2021-09-05T01:39:57.401Z[Etc/UTC]] removed.
2021-09-05 01:40:26,476 [EventQueue-DeadNodeForDeadNodeHandler] INFO  net.NetworkTopologyImpl (NetworkTopologyImpl.java:remove(137)) - Removed a node: /default-rack/be41d154-e08a-4361-999c-a2746058d00f
2021-09-05 01:40:26,675 [EventQueue-DeadNodeForDeadNodeHandler] INFO  node.DeadNodeHandler (DeadNodeHandler.java:onMessage(80)) - A dead datanode is detected. 54b0752d-9f85-41d1-82b7-176712dc42d8{ip: 10.1.0.25, host: fv-az270-420.tacnzluakwdehk1hpragurqkma.bx.internal.cloudapp.net, ports: [REPLICATION=38415, RATIS=45159, RATIS_ADMIN=45159, RATIS_SERVER=45159, STANDALONE=37167], networkLocation: /default-rack, certSerialId: null, persistedOpState: IN_SERVICE, persistedOpStateExpiryEpochSec: 0}
2021-09-05 01:40:26,675 [EventQueue-DeadNodeForDeadNodeHandler] INFO  pipeline.RatisPipelineProvider (RatisPipelineProvider.java:lambda$close$1(222)) - Send pipeline:PipelineID=eb7b4621-d76e-4a05-a2d4-2bd2bdd8f704 close command to datanode 54b0752d-9f85-41d1-82b7-176712dc42d8
2021-09-05 01:40:26,676 [EventQueue-DeadNodeForDeadNodeHandler] INFO  pipeline.PipelineStateManager (PipelineStateManagerV2Impl.java:removePipeline(211)) - Pipeline Pipeline[ Id: eb7b4621-d76e-4a05-a2d4-2bd2bdd8f704, Nodes: 54b0752d-9f85-41d1-82b7-176712dc42d8{ip: 10.1.0.25, host: fv-az270-420.tacnzluakwdehk1hpragurqkma.bx.internal.cloudapp.net, ports: [REPLICATION=38415, RATIS=45159, RATIS_ADMIN=45159, RATIS_SERVER=45159, STANDALONE=37167], networkLocation: /default-rack, certSerialId: null, persistedOpState: IN_SERVICE, persistedOpStateExpiryEpochSec: 0}, ReplicationConfig: RATIS/ONE, State:CLOSED, leaderId:54b0752d-9f85-41d1-82b7-176712dc42d8, CreationTimestamp2021-09-05T01:39:03.456Z[Etc/UTC]] removed.
2021-09-05 01:40:26,676 [EventQueue-DeadNodeForDeadNodeHandler] INFO  net.NetworkTopologyImpl (NetworkTopologyImpl.java:remove(137)) - Removed a node: /default-rack/54b0752d-9f85-41d1-82b7-176712dc42d8
2021-09-05 01:40:28,415 [Listener at 127.0.0.1/33945] INFO  ozoneimpl.OzoneContainer (OzoneContainer.java:stop(326)) - Attempting to stop container services.
2021-09-05 01:40:28,415 [Listener at 127.0.0.1/33945] INFO  server.RaftServer (RaftServerProxy.java:lambda$close$6(391)) - 455161ce-78be-4281-bc2a-a50d1cad5e43: close
2021-09-05 01:40:28,415 [Listener at 127.0.0.1/33945] INFO  server.RaftServer$Division (RaftServerImpl.java:lambda$close$4(407)) - 455161ce-78be-4281-bc2a-a50d1cad5e43@group-F63C28EB37D3: shutdown
2021-09-05 01:40:28,416 [Listener at 127.0.0.1/33945] INFO  util.JmxRegister (JmxRegister.java:unregister(73)) - Successfully un-registered JMX Bean with object name Ratis:service=RaftServer,group=group-F63C28EB37D3,id=455161ce-78be-4281-bc2a-a50d1cad5e43
2021-09-05 01:40:28,416 [Listener at 127.0.0.1/33945] INFO  impl.RoleInfo (RoleInfo.java:shutdownLeaderState(91)) - 455161ce-78be-4281-bc2a-a50d1cad5e43: shutdown 455161ce-78be-4281-bc2a-a50d1cad5e43@group-F63C28EB37D3-LeaderStateImpl
2021-09-05 01:40:28,416 [Listener at 127.0.0.1/33945] INFO  impl.PendingRequests (PendingRequests.java:sendNotLeaderResponses(282)) - 455161ce-78be-4281-bc2a-a50d1cad5e43@group-F63C28EB37D3-PendingRequests: sendNotLeaderResponses
2021-09-05 01:40:28,417 [Listener at 127.0.0.1/33945] INFO  impl.StateMachineUpdater (StateMachineUpdater.java:stopAndJoin(149)) - 455161ce-78be-4281-bc2a-a50d1cad5e43@group-F63C28EB37D3-StateMachineUpdater: set stopIndex = 0
2021-09-05 01:40:28,417 [455161ce-78be-4281-bc2a-a50d1cad5e43@group-F63C28EB37D3-StateMachineUpdater] INFO  ratis.ContainerStateMachine (ContainerStateMachine.java:takeSnapshot(292)) - group-F63C28EB37D3: Taking a snapshot at:(t:1, i:0) file /home/runner/work/ozone/ozone/hadoop-ozone/integration-test/target/test-dir/MiniOzoneClusterImpl-37340386-36af-4fa8-9723-b8f583b28ff6/datanode-3/data/ratis/8d319538-a20b-4e4b-87a7-f63c28eb37d3/sm/snapshot.1_0
2021-09-05 01:40:28,420 [455161ce-78be-4281-bc2a-a50d1cad5e43@group-F63C28EB37D3-StateMachineUpdater] INFO  ratis.ContainerStateMachine (ContainerStateMachine.java:takeSnapshot(303)) - group-F63C28EB37D3: Finished taking a snapshot at:(t:1, i:0) file:/home/runner/work/ozone/ozone/hadoop-ozone/integration-test/target/test-dir/MiniOzoneClusterImpl-37340386-36af-4fa8-9723-b8f583b28ff6/datanode-3/data/ratis/8d319538-a20b-4e4b-87a7-f63c28eb37d3/sm/snapshot.1_0 took: 4 ms
2021-09-05 01:40:28,420 [455161ce-78be-4281-bc2a-a50d1cad5e43@group-F63C28EB37D3-StateMachineUpdater] INFO  impl.StateMachineUpdater (StateMachineUpdater.java:takeSnapshot(281)) - 455161ce-78be-4281-bc2a-a50d1cad5e43@group-F63C28EB37D3-StateMachineUpdater: Took a snapshot at index 0
2021-09-05 01:40:28,420 [455161ce-78be-4281-bc2a-a50d1cad5e43@group-F63C28EB37D3-StateMachineUpdater] INFO  impl.StateMachineUpdater (StateMachineUpdater.java:lambda$new$0(89)) - 455161ce-78be-4281-bc2a-a50d1cad5e43@group-F63C28EB37D3-StateMachineUpdater: snapshotIndex: updateIncreasingly -1 -> 0
2021-09-05 01:40:28,421 [Listener at 127.0.0.1/33945] INFO  server.RaftServer$Division (ServerState.java:close(419)) - 455161ce-78be-4281-bc2a-a50d1cad5e43@group-F63C28EB37D3: closes. applyIndex: 0
2021-09-05 01:40:28,421 [455161ce-78be-4281-bc2a-a50d1cad5e43@group-F63C28EB37D3-SegmentedRaftLogWorker] INFO  segmented.SegmentedRaftLogWorker (SegmentedRaftLogWorker.java:run(327)) - 455161ce-78be-4281-bc2a-a50d1cad5e43@group-F63C28EB37D3-SegmentedRaftLogWorker was interrupted, exiting. There are 0 tasks remaining in the queue.
2021-09-05 01:40:28,421 [Listener at 127.0.0.1/33945] INFO  segmented.SegmentedRaftLogWorker (SegmentedRaftLogWorker.java:close(237)) - 455161ce-78be-4281-bc2a-a50d1cad5e43@group-F63C28EB37D3-SegmentedRaftLogWorker close()
2021-09-05 01:40:28,421 [Listener at 127.0.0.1/33945] INFO  server.GrpcService (GrpcService.java:closeImpl(262)) - 455161ce-78be-4281-bc2a-a50d1cad5e43: shutdown server with port 40081 now
2021-09-05 01:40:28,449 [Listener at 127.0.0.1/33945] INFO  server.GrpcService (GrpcService.java:closeImpl(271)) - 455161ce-78be-4281-bc2a-a50d1cad5e43: shutdown server with port 40081 successfully
2021-09-05 01:40:28,449 [org.apache.ratis.util.JvmPauseMonitor$$Lambda$531/1694950219@77aa26e0] INFO  util.JvmPauseMonitor (JvmPauseMonitor.java:run(109)) - JvmPauseMonitor-455161ce-78be-4281-bc2a-a50d1cad5e43: Stopped
2021-09-05 01:40:28,453 [Command processor thread] INFO  server.RaftServer (RaftServerProxy.java:remove(106)) - cff69f77-ea12-413c-a988-d2a44a5ca406: remove  FOLLOWER cff69f77-ea12-413c-a988-d2a44a5ca406@group-DB0C5756557F:t3, leader=null, voted=cff69f77-ea12-413c-a988-d2a44a5ca406, raftlog=cff69f77-ea12-413c-a988-d2a44a5ca406@group-DB0C5756557F-SegmentedRaftLog:OPENED:c0,f0,i0, conf=0: [cff69f77-ea12-413c-a988-d2a44a5ca406|rpc:10.1.0.25:34387|dataStream:|priority:0, be41d154-e08a-4361-999c-a2746058d00f|rpc:10.1.0.25:33043|dataStream:|priority:0, 54b0752d-9f85-41d1-82b7-176712dc42d8|rpc:10.1.0.25:45159|dataStream:|priority:1], old=null RUNNING
2021-09-05 01:40:28,453 [Command processor thread] INFO  server.RaftServer$Division (RaftServerImpl.java:lambda$close$4(407)) - cff69f77-ea12-413c-a988-d2a44a5ca406@group-DB0C5756557F: shutdown
2021-09-05 01:40:28,453 [Command processor thread] INFO  util.JmxRegister (JmxRegister.java:unregister(73)) - Successfully un-registered JMX Bean with object name Ratis:service=RaftServer,group=group-DB0C5756557F,id=cff69f77-ea12-413c-a988-d2a44a5ca406
2021-09-05 01:40:28,454 [Command processor thread] INFO  impl.RoleInfo (RoleInfo.java:shutdownFollowerState(108)) - cff69f77-ea12-413c-a988-d2a44a5ca406: shutdown cff69f77-ea12-413c-a988-d2a44a5ca406@group-DB0C5756557F-FollowerState
2021-09-05 01:40:28,454 [Command processor thread] INFO  impl.StateMachineUpdater (StateMachineUpdater.java:stopAndJoin(149)) - cff69f77-ea12-413c-a988-d2a44a5ca406@group-DB0C5756557F-StateMachineUpdater: set stopIndex = 0
2021-09-05 01:40:28,454 [cff69f77-ea12-413c-a988-d2a44a5ca406@group-DB0C5756557F-StateMachineUpdater] INFO  ratis.ContainerStateMachine (ContainerStateMachine.java:takeSnapshot(292)) - group-DB0C5756557F: Taking a snapshot at:(t:1, i:0) file /home/runner/work/ozone/ozone/hadoop-ozone/integration-test/target/test-dir/MiniOzoneClusterImpl-37340386-36af-4fa8-9723-b8f583b28ff6/datanode-0/data/ratis/970d459e-8e80-4b03-a7e8-db0c5756557f/sm/snapshot.1_0
2021-09-05 01:40:28,454 [cff69f77-ea12-413c-a988-d2a44a5ca406@group-DB0C5756557F-FollowerState] INFO  impl.FollowerState (FollowerState.java:run(143)) - cff69f77-ea12-413c-a988-d2a44a5ca406@group-DB0C5756557F-FollowerState was interrupted: {}
java.lang.InterruptedException: sleep interrupted
	at java.lang.Thread.sleep(Native Method)
	at java.lang.Thread.sleep(Thread.java:340)
	at java.util.concurrent.TimeUnit.sleep(TimeUnit.java:386)
	at org.apache.ratis.util.TimeDuration.sleep(TimeDuration.java:324)
	at org.apache.ratis.util.TimeDuration.sleep(TimeDuration.java:309)
	at org.apache.ratis.server.impl.FollowerState.run(FollowerState.java:118)
2021-09-05 01:40:28,455 [cff69f77-ea12-413c-a988-d2a44a5ca406@group-DB0C5756557F-StateMachineUpdater] INFO  ratis.ContainerStateMachine (ContainerStateMachine.java:takeSnapshot(303)) - group-DB0C5756557F: Finished taking a snapshot at:(t:1, i:0) file:/home/runner/work/ozone/ozone/hadoop-ozone/integration-test/target/test-dir/MiniOzoneClusterImpl-37340386-36af-4fa8-9723-b8f583b28ff6/datanode-0/data/ratis/970d459e-8e80-4b03-a7e8-db0c5756557f/sm/snapshot.1_0 took: 1 ms
2021-09-05 01:40:28,455 [cff69f77-ea12-413c-a988-d2a44a5ca406@group-DB0C5756557F-StateMachineUpdater] INFO  impl.StateMachineUpdater (StateMachineUpdater.java:takeSnapshot(281)) - cff69f77-ea12-413c-a988-d2a44a5ca406@group-DB0C5756557F-StateMachineUpdater: Took a snapshot at index 0
2021-09-05 01:40:28,455 [cff69f77-ea12-413c-a988-d2a44a5ca406@group-DB0C5756557F-StateMachineUpdater] INFO  impl.StateMachineUpdater (StateMachineUpdater.java:lambda$new$0(89)) - cff69f77-ea12-413c-a988-d2a44a5ca406@group-DB0C5756557F-StateMachineUpdater: snapshotIndex: updateIncreasingly -1 -> 0
2021-09-05 01:40:28,456 [Command processor thread] INFO  server.RaftServer$Division (ServerState.java:close(419)) - cff69f77-ea12-413c-a988-d2a44a5ca406@group-DB0C5756557F: closes. applyIndex: 0
2021-09-05 01:40:28,456 [cff69f77-ea12-413c-a988-d2a44a5ca406@group-DB0C5756557F-SegmentedRaftLogWorker] INFO  segmented.SegmentedRaftLogWorker (SegmentedRaftLogWorker.java:run(327)) - cff69f77-ea12-413c-a988-d2a44a5ca406@group-DB0C5756557F-SegmentedRaftLogWorker was interrupted, exiting. There are 0 tasks remaining in the queue.
2021-09-05 01:40:28,456 [Command processor thread] INFO  segmented.SegmentedRaftLogWorker (SegmentedRaftLogWorker.java:close(237)) - cff69f77-ea12-413c-a988-d2a44a5ca406@group-DB0C5756557F-SegmentedRaftLogWorker close()
2021-09-05 01:40:28,457 [Command processor thread] INFO  server.RaftServer$Division (RaftServerImpl.java:groupRemove(377)) - cff69f77-ea12-413c-a988-d2a44a5ca406@group-DB0C5756557F: Succeed to remove RaftStorageDirectory Storage Directory /home/runner/work/ozone/ozone/hadoop-ozone/integration-test/target/test-dir/MiniOzoneClusterImpl-37340386-36af-4fa8-9723-b8f583b28ff6/datanode-0/data/ratis/970d459e-8e80-4b03-a7e8-db0c5756557f
2021-09-05 01:40:28,457 [Command processor thread] INFO  commandhandler.ClosePipelineCommandHandler (ClosePipelineCommandHandler.java:handle(75)) - Close Pipeline PipelineID=970d459e-8e80-4b03-a7e8-db0c5756557f command on datanode cff69f77-ea12-413c-a988-d2a44a5ca406.
2021-09-05 01:40:28,462 [Listener at 127.0.0.1/33945] INFO  utils.BackgroundService (BackgroundService.java:shutdown(132)) - Shutting down service BlockDeletingService
2021-09-05 01:40:31,489 [Listener at 127.0.0.1/33945] INFO  statemachine.DatanodeStateMachine (DatanodeStateMachine.java:stopDaemon(515)) - Ozone container server stopped.
2021-09-05 01:40:31,490 [Listener at 127.0.0.1/33945] INFO  handler.ContextHandler (ContextHandler.java:doStop(1153)) - Stopped o.e.j.w.WebAppContext@1a5827d8{hddsDatanode,/,null,STOPPED}{jar:file:/home/runner/.m2/repository/org/apache/ozone/hdds-container-service/1.2.0-SNAPSHOT/hdds-container-service-1.2.0-SNAPSHOT.jar!/webapps/hddsDatanode}
2021-09-05 01:40:31,491 [Listener at 127.0.0.1/33945] INFO  server.AbstractConnector (AbstractConnector.java:doStop(381)) - Stopped ServerConnector@17f7bc89{HTTP/1.1, (http/1.1)}{0.0.0.0:0}
2021-09-05 01:40:31,491 [Listener at 127.0.0.1/33945] INFO  server.session (HouseKeeper.java:stopScavenging(149)) - node0 Stopped scavenging
2021-09-05 01:40:31,491 [Listener at 127.0.0.1/33945] INFO  handler.ContextHandler (ContextHandler.java:doStop(1153)) - Stopped o.e.j.s.ServletContextHandler@5f58f0f7{static,/static,jar:file:/home/runner/.m2/repository/org/apache/ozone/hdds-container-service/1.2.0-SNAPSHOT/hdds-container-service-1.2.0-SNAPSHOT.jar!/webapps/static,STOPPED}
2021-09-05 01:40:31,491 [Listener at 127.0.0.1/33945] INFO  handler.ContextHandler (ContextHandler.java:doStop(1153)) - Stopped o.e.j.s.ServletContextHandler@16b6f432{logs,/logs,file:///home/runner/work/ozone/ozone/hadoop-ozone/integration-test/target/log,STOPPED}
2021-09-05 01:40:32,465 [Datanode State Machine Thread - 0] INFO  statemachine.DatanodeStateMachine (DatanodeStateMachine.java:lambda$startDaemon$0(457)) - Ozone container server started.
2021-09-05 01:40:32,709 [EventQueue-StaleNodeForStaleNodeHandler] INFO  node.StaleNodeHandler (StaleNodeHandler.java:onMessage(58)) - Datanode 455161ce-78be-4281-bc2a-a50d1cad5e43{ip: 10.1.0.25, host: fv-az270-420.tacnzluakwdehk1hpragurqkma.bx.internal.cloudapp.net, ports: [REPLICATION=38759, RATIS=40081, RATIS_ADMIN=40081, RATIS_SERVER=40081, STANDALONE=42933], networkLocation: /default-rack, certSerialId: null, persistedOpState: IN_SERVICE, persistedOpStateExpiryEpochSec: 0} moved to stale state. Finalizing its pipelines [PipelineID=8d319538-a20b-4e4b-87a7-f63c28eb37d3]
2021-09-05 01:40:32,710 [EventQueue-StaleNodeForStaleNodeHandler] INFO  pipeline.PipelineManagerImpl (PipelineManagerImpl.java:closePipeline(342)) - Pipeline Pipeline[ Id: 8d319538-a20b-4e4b-87a7-f63c28eb37d3, Nodes: 455161ce-78be-4281-bc2a-a50d1cad5e43{ip: 10.1.0.25, host: fv-az270-420.tacnzluakwdehk1hpragurqkma.bx.internal.cloudapp.net, ports: [REPLICATION=38759, RATIS=40081, RATIS_ADMIN=40081, RATIS_SERVER=40081, STANDALONE=42933], networkLocation: /default-rack, certSerialId: null, persistedOpState: IN_SERVICE, persistedOpStateExpiryEpochSec: 0}, ReplicationConfig: RATIS/ONE, State:OPEN, leaderId:455161ce-78be-4281-bc2a-a50d1cad5e43, CreationTimestamp2021-09-05T01:39:01.359Z[Etc/UTC]] moved to CLOSED state
2021-09-05 01:40:34,625 [EventQueue-DeadNodeForDeadNodeHandler] INFO  node.DeadNodeHandler (DeadNodeHandler.java:onMessage(80)) - A dead datanode is detected. aa0f76fc-0af9-4fba-891f-e6382fa98fe4{ip: 10.1.0.25, host: fv-az270-420.tacnzluakwdehk1hpragurqkma.bx.internal.cloudapp.net, ports: [REPLICATION=42149, RATIS=36313, RATIS_ADMIN=36313, RATIS_SERVER=36313, STANDALONE=35265], networkLocation: /default-rack, certSerialId: null, persistedOpState: IN_SERVICE, persistedOpStateExpiryEpochSec: 0}
2021-09-05 01:40:34,625 [EventQueue-DeadNodeForDeadNodeHandler] INFO  pipeline.RatisPipelineProvider (RatisPipelineProvider.java:lambda$close$1(222)) - Send pipeline:PipelineID=61f3a5e3-7b62-4327-9fa1-8615e5d5f589 close command to datanode aa0f76fc-0af9-4fba-891f-e6382fa98fe4
2021-09-05 01:40:34,625 [EventQueue-DeadNodeForDeadNodeHandler] INFO  pipeline.PipelineStateManager (PipelineStateManagerV2Impl.java:removePipeline(211)) - Pipeline Pipeline[ Id: 61f3a5e3-7b62-4327-9fa1-8615e5d5f589, Nodes: aa0f76fc-0af9-4fba-891f-e6382fa98fe4{ip: 10.1.0.25, host: fv-az270-420.tacnzluakwdehk1hpragurqkma.bx.internal.cloudapp.net, ports: [REPLICATION=42149, RATIS=36313, RATIS_ADMIN=36313, RATIS_SERVER=36313, STANDALONE=35265], networkLocation: /default-rack, certSerialId: null, persistedOpState: IN_SERVICE, persistedOpStateExpiryEpochSec: 0}, ReplicationConfig: RATIS/ONE, State:CLOSED, leaderId:aa0f76fc-0af9-4fba-891f-e6382fa98fe4, CreationTimestamp2021-09-05T01:39:02.786Z[Etc/UTC]] removed.
2021-09-05 01:40:34,626 [EventQueue-DeadNodeForDeadNodeHandler] INFO  net.NetworkTopologyImpl (NetworkTopologyImpl.java:remove(137)) - Removed a node: /default-rack/aa0f76fc-0af9-4fba-891f-e6382fa98fe4
2021-09-05 01:40:36,499 [Listener at 127.0.0.1/33945] INFO  ozoneimpl.OzoneContainer (OzoneContainer.java:stop(326)) - Attempting to stop container services.
2021-09-05 01:40:36,500 [Listener at 127.0.0.1/33945] INFO  server.RaftServer (RaftServerProxy.java:lambda$close$6(391)) - cff69f77-ea12-413c-a988-d2a44a5ca406: close
2021-09-05 01:40:36,500 [Listener at 127.0.0.1/33945] INFO  server.RaftServer$Division (RaftServerImpl.java:lambda$close$4(407)) - cff69f77-ea12-413c-a988-d2a44a5ca406@group-20F380F3B230: shutdown
2021-09-05 01:40:36,500 [Listener at 127.0.0.1/33945] INFO  util.JmxRegister (JmxRegister.java:unregister(73)) - Successfully un-registered JMX Bean with object name Ratis:service=RaftServer,group=group-20F380F3B230,id=cff69f77-ea12-413c-a988-d2a44a5ca406
2021-09-05 01:40:36,500 [Listener at 127.0.0.1/33945] INFO  impl.RoleInfo (RoleInfo.java:shutdownLeaderState(91)) - cff69f77-ea12-413c-a988-d2a44a5ca406: shutdown cff69f77-ea12-413c-a988-d2a44a5ca406@group-20F380F3B230-LeaderStateImpl
2021-09-05 01:40:36,501 [Listener at 127.0.0.1/33945] INFO  impl.PendingRequests (PendingRequests.java:sendNotLeaderResponses(282)) - cff69f77-ea12-413c-a988-d2a44a5ca406@group-20F380F3B230-PendingRequests: sendNotLeaderResponses
2021-09-05 01:40:36,501 [Listener at 127.0.0.1/33945] INFO  impl.StateMachineUpdater (StateMachineUpdater.java:stopAndJoin(149)) - cff69f77-ea12-413c-a988-d2a44a5ca406@group-20F380F3B230-StateMachineUpdater: set stopIndex = 0
2021-09-05 01:40:36,503 [cff69f77-ea12-413c-a988-d2a44a5ca406@group-20F380F3B230-StateMachineUpdater] INFO  ratis.ContainerStateMachine (ContainerStateMachine.java:takeSnapshot(292)) - group-20F380F3B230: Taking a snapshot at:(t:1, i:0) file /home/runner/work/ozone/ozone/hadoop-ozone/integration-test/target/test-dir/MiniOzoneClusterImpl-37340386-36af-4fa8-9723-b8f583b28ff6/datanode-0/data/ratis/71fff1d0-b04d-404c-8209-20f380f3b230/sm/snapshot.1_0
2021-09-05 01:40:36,504 [cff69f77-ea12-413c-a988-d2a44a5ca406@group-20F380F3B230-StateMachineUpdater] INFO  ratis.ContainerStateMachine (ContainerStateMachine.java:takeSnapshot(303)) - group-20F380F3B230: Finished taking a snapshot at:(t:1, i:0) file:/home/runner/work/ozone/ozone/hadoop-ozone/integration-test/target/test-dir/MiniOzoneClusterImpl-37340386-36af-4fa8-9723-b8f583b28ff6/datanode-0/data/ratis/71fff1d0-b04d-404c-8209-20f380f3b230/sm/snapshot.1_0 took: 1 ms
2021-09-05 01:40:36,504 [cff69f77-ea12-413c-a988-d2a44a5ca406@group-20F380F3B230-StateMachineUpdater] INFO  impl.StateMachineUpdater (StateMachineUpdater.java:takeSnapshot(281)) - cff69f77-ea12-413c-a988-d2a44a5ca406@group-20F380F3B230-StateMachineUpdater: Took a snapshot at index 0
2021-09-05 01:40:36,504 [cff69f77-ea12-413c-a988-d2a44a5ca406@group-20F380F3B230-StateMachineUpdater] INFO  impl.StateMachineUpdater (StateMachineUpdater.java:lambda$new$0(89)) - cff69f77-ea12-413c-a988-d2a44a5ca406@group-20F380F3B230-StateMachineUpdater: snapshotIndex: updateIncreasingly -1 -> 0
2021-09-05 01:40:36,505 [Listener at 127.0.0.1/33945] INFO  server.RaftServer$Division (ServerState.java:close(419)) - cff69f77-ea12-413c-a988-d2a44a5ca406@group-20F380F3B230: closes. applyIndex: 0
2021-09-05 01:40:36,511 [cff69f77-ea12-413c-a988-d2a44a5ca406@group-20F380F3B230-SegmentedRaftLogWorker] INFO  segmented.SegmentedRaftLogWorker (SegmentedRaftLogWorker.java:run(327)) - cff69f77-ea12-413c-a988-d2a44a5ca406@group-20F380F3B230-SegmentedRaftLogWorker was interrupted, exiting. There are 0 tasks remaining in the queue.
2021-09-05 01:40:36,511 [Listener at 127.0.0.1/33945] INFO  segmented.SegmentedRaftLogWorker (SegmentedRaftLogWorker.java:close(237)) - cff69f77-ea12-413c-a988-d2a44a5ca406@group-20F380F3B230-SegmentedRaftLogWorker close()
2021-09-05 01:40:36,512 [Listener at 127.0.0.1/33945] INFO  server.GrpcService (GrpcService.java:closeImpl(262)) - cff69f77-ea12-413c-a988-d2a44a5ca406: shutdown server with port 34387 now
2021-09-05 01:40:36,514 [Listener at 127.0.0.1/33945] INFO  server.GrpcService (GrpcService.java:closeImpl(271)) - cff69f77-ea12-413c-a988-d2a44a5ca406: shutdown server with port 34387 successfully
2021-09-05 01:40:36,515 [org.apache.ratis.util.JvmPauseMonitor$$Lambda$531/1694950219@67873792] INFO  util.JvmPauseMonitor (JvmPauseMonitor.java:run(109)) - JvmPauseMonitor-cff69f77-ea12-413c-a988-d2a44a5ca406: Stopped
2021-09-05 01:40:36,559 [Listener at 127.0.0.1/33945] INFO  utils.BackgroundService (BackgroundService.java:shutdown(132)) - Shutting down service BlockDeletingService
2021-09-05 01:40:39,567 [Listener at 127.0.0.1/33945] INFO  statemachine.DatanodeStateMachine (DatanodeStateMachine.java:stopDaemon(515)) - Ozone container server stopped.
2021-09-05 01:40:39,568 [Listener at 127.0.0.1/33945] INFO  handler.ContextHandler (ContextHandler.java:doStop(1153)) - Stopped o.e.j.w.WebAppContext@2d0075d{hddsDatanode,/,null,STOPPED}{jar:file:/home/runner/.m2/repository/org/apache/ozone/hdds-container-service/1.2.0-SNAPSHOT/hdds-container-service-1.2.0-SNAPSHOT.jar!/webapps/hddsDatanode}
2021-09-05 01:40:39,573 [Listener at 127.0.0.1/33945] INFO  server.AbstractConnector (AbstractConnector.java:doStop(381)) - Stopped ServerConnector@22e7f938{HTTP/1.1, (http/1.1)}{0.0.0.0:42297}
2021-09-05 01:40:39,573 [Listener at 127.0.0.1/33945] INFO  server.session (HouseKeeper.java:stopScavenging(149)) - node0 Stopped scavenging
2021-09-05 01:40:39,573 [Listener at 127.0.0.1/33945] INFO  handler.ContextHandler (ContextHandler.java:doStop(1153)) - Stopped o.e.j.s.ServletContextHandler@198510ea{static,/static,jar:file:/home/runner/.m2/repository/org/apache/ozone/hdds-container-service/1.2.0-SNAPSHOT/hdds-container-service-1.2.0-SNAPSHOT.jar!/webapps/static,STOPPED}
2021-09-05 01:40:39,574 [Listener at 127.0.0.1/33945] INFO  handler.ContextHandler (ContextHandler.java:doStop(1153)) - Stopped o.e.j.s.ServletContextHandler@5e5d423d{logs,/logs,file:///home/runner/work/ozone/ozone/hadoop-ozone/integration-test/target/log,STOPPED}
2021-09-05 01:40:41,479 [EventQueue-StaleNodeForStaleNodeHandler] INFO  node.StaleNodeHandler (StaleNodeHandler.java:onMessage(58)) - Datanode cff69f77-ea12-413c-a988-d2a44a5ca406{ip: 10.1.0.25, host: fv-az270-420.tacnzluakwdehk1hpragurqkma.bx.internal.cloudapp.net, ports: [REPLICATION=40651, RATIS=34387, RATIS_ADMIN=34387, RATIS_SERVER=34387, STANDALONE=34759], networkLocation: /default-rack, certSerialId: null, persistedOpState: IN_SERVICE, persistedOpStateExpiryEpochSec: 0} moved to stale state. Finalizing its pipelines [PipelineID=71fff1d0-b04d-404c-8209-20f380f3b230]
2021-09-05 01:40:41,480 [EventQueue-StaleNodeForStaleNodeHandler] INFO  pipeline.PipelineManagerImpl (PipelineManagerImpl.java:closePipeline(342)) - Pipeline Pipeline[ Id: 71fff1d0-b04d-404c-8209-20f380f3b230, Nodes: cff69f77-ea12-413c-a988-d2a44a5ca406{ip: 10.1.0.25, host: fv-az270-420.tacnzluakwdehk1hpragurqkma.bx.internal.cloudapp.net, ports: [REPLICATION=40651, RATIS=34387, RATIS_ADMIN=34387, RATIS_SERVER=34387, STANDALONE=34759], networkLocation: /default-rack, certSerialId: null, persistedOpState: IN_SERVICE, persistedOpStateExpiryEpochSec: 0}, ReplicationConfig: RATIS/ONE, State:OPEN, leaderId:cff69f77-ea12-413c-a988-d2a44a5ca406, CreationTimestamp2021-09-05T01:39:57.398Z[Etc/UTC]] moved to CLOSED state
2021-09-05 01:40:42,797 [EventQueue-DeadNodeForDeadNodeHandler] INFO  node.DeadNodeHandler (DeadNodeHandler.java:onMessage(80)) - A dead datanode is detected. 455161ce-78be-4281-bc2a-a50d1cad5e43{ip: 10.1.0.25, host: fv-az270-420.tacnzluakwdehk1hpragurqkma.bx.internal.cloudapp.net, ports: [REPLICATION=38759, RATIS=40081, RATIS_ADMIN=40081, RATIS_SERVER=40081, STANDALONE=42933], networkLocation: /default-rack, certSerialId: null, persistedOpState: IN_SERVICE, persistedOpStateExpiryEpochSec: 0}
2021-09-05 01:40:42,797 [EventQueue-DeadNodeForDeadNodeHandler] INFO  pipeline.RatisPipelineProvider (RatisPipelineProvider.java:lambda$close$1(222)) - Send pipeline:PipelineID=8d319538-a20b-4e4b-87a7-f63c28eb37d3 close command to datanode 455161ce-78be-4281-bc2a-a50d1cad5e43
2021-09-05 01:40:42,797 [EventQueue-DeadNodeForDeadNodeHandler] INFO  pipeline.PipelineStateManager (PipelineStateManagerV2Impl.java:removePipeline(211)) - Pipeline Pipeline[ Id: 8d319538-a20b-4e4b-87a7-f63c28eb37d3, Nodes: 455161ce-78be-4281-bc2a-a50d1cad5e43{ip: 10.1.0.25, host: fv-az270-420.tacnzluakwdehk1hpragurqkma.bx.internal.cloudapp.net, ports: [REPLICATION=38759, RATIS=40081, RATIS_ADMIN=40081, RATIS_SERVER=40081, STANDALONE=42933], networkLocation: /default-rack, certSerialId: null, persistedOpState: IN_SERVICE, persistedOpStateExpiryEpochSec: 0}, ReplicationConfig: RATIS/ONE, State:CLOSED, leaderId:455161ce-78be-4281-bc2a-a50d1cad5e43, CreationTimestamp2021-09-05T01:39:01.359Z[Etc/UTC]] removed.
2021-09-05 01:40:42,797 [EventQueue-DeadNodeForDeadNodeHandler] INFO  net.NetworkTopologyImpl (NetworkTopologyImpl.java:remove(137)) - Removed a node: /default-rack/455161ce-78be-4281-bc2a-a50d1cad5e43
2021-09-05 01:40:51,543 [EventQueue-DeadNodeForDeadNodeHandler] INFO  node.DeadNodeHandler (DeadNodeHandler.java:onMessage(80)) - A dead datanode is detected. cff69f77-ea12-413c-a988-d2a44a5ca406{ip: 10.1.0.25, host: fv-az270-420.tacnzluakwdehk1hpragurqkma.bx.internal.cloudapp.net, ports: [REPLICATION=40651, RATIS=34387, RATIS_ADMIN=34387, RATIS_SERVER=34387, STANDALONE=34759], networkLocation: /default-rack, certSerialId: null, persistedOpState: IN_SERVICE, persistedOpStateExpiryEpochSec: 0}
2021-09-05 01:40:51,543 [EventQueue-DeadNodeForDeadNodeHandler] INFO  pipeline.RatisPipelineProvider (RatisPipelineProvider.java:lambda$close$1(222)) - Send pipeline:PipelineID=71fff1d0-b04d-404c-8209-20f380f3b230 close command to datanode cff69f77-ea12-413c-a988-d2a44a5ca406
2021-09-05 01:40:51,544 [EventQueue-DeadNodeForDeadNodeHandler] INFO  pipeline.PipelineStateManager (PipelineStateManagerV2Impl.java:removePipeline(211)) - Pipeline Pipeline[ Id: 71fff1d0-b04d-404c-8209-20f380f3b230, Nodes: cff69f77-ea12-413c-a988-d2a44a5ca406{ip: 10.1.0.25, host: fv-az270-420.tacnzluakwdehk1hpragurqkma.bx.internal.cloudapp.net, ports: [REPLICATION=40651, RATIS=34387, RATIS_ADMIN=34387, RATIS_SERVER=34387, STANDALONE=34759], networkLocation: /default-rack, certSerialId: null, persistedOpState: IN_SERVICE, persistedOpStateExpiryEpochSec: 0}, ReplicationConfig: RATIS/ONE, State:CLOSED, leaderId:cff69f77-ea12-413c-a988-d2a44a5ca406, CreationTimestamp2021-09-05T01:39:57.398Z[Etc/UTC]] removed.
2021-09-05 01:40:51,544 [EventQueue-DeadNodeForDeadNodeHandler] INFO  net.NetworkTopologyImpl (NetworkTopologyImpl.java:remove(137)) - Removed a node: /default-rack/cff69f77-ea12-413c-a988-d2a44a5ca406
2021-09-05 01:41:57,402 [RatisPipelineUtilsThread - 0] ERROR scm.SCMCommonPlacementPolicy (SCMCommonPlacementPolicy.java:filterNodesWithSpace(171)) - Unable to find enough nodes that meet the space requirement of 1073741824 bytes for metadata and 5368709120 bytes for data in healthy node set. Required 3. Found 0.
]]></system-out>
    <system-err><![CDATA[Sep 05, 2021 1:39:02 AM org.apache.ratis.thirdparty.io.grpc.internal.ManagedChannelOrphanWrapper$ManagedChannelReference cleanQueue
SEVERE: *~*~*~ Channel ManagedChannelImpl{logId=287, target=10.1.0.25:36791} was not shutdown properly!!! ~*~*~*
    Make sure to call shutdown()/shutdownNow() and wait until awaitTermination() returns true.
java.lang.RuntimeException: ManagedChannel allocation site
	at org.apache.ratis.thirdparty.io.grpc.internal.ManagedChannelOrphanWrapper$ManagedChannelReference.<init>(ManagedChannelOrphanWrapper.java:93)
	at org.apache.ratis.thirdparty.io.grpc.internal.ManagedChannelOrphanWrapper.<init>(ManagedChannelOrphanWrapper.java:53)
	at org.apache.ratis.thirdparty.io.grpc.internal.ManagedChannelOrphanWrapper.<init>(ManagedChannelOrphanWrapper.java:44)
	at org.apache.ratis.thirdparty.io.grpc.internal.ManagedChannelImplBuilder.build(ManagedChannelImplBuilder.java:596)
	at org.apache.ratis.thirdparty.io.grpc.ForwardingChannelBuilder.build(ForwardingChannelBuilder.java:255)
	at org.apache.hadoop.hdds.scm.XceiverClientGrpc.connectToDatanode(XceiverClientGrpc.java:193)
	at org.apache.hadoop.hdds.scm.XceiverClientGrpc.reconnect(XceiverClientGrpc.java:551)
	at org.apache.hadoop.hdds.scm.XceiverClientGrpc.checkOpen(XceiverClientGrpc.java:542)
	at org.apache.hadoop.hdds.scm.XceiverClientGrpc.sendCommandAsync(XceiverClientGrpc.java:470)
	at org.apache.hadoop.hdds.scm.XceiverClientGrpc.sendCommandWithRetry(XceiverClientGrpc.java:377)
	at org.apache.hadoop.hdds.scm.XceiverClientGrpc.lambda$sendCommandWithTraceIDAndRetry$0(XceiverClientGrpc.java:317)
	at org.apache.hadoop.hdds.tracing.TracingUtil.executeInSpan(TracingUtil.java:174)
	at org.apache.hadoop.hdds.tracing.TracingUtil.executeInNewSpan(TracingUtil.java:148)
	at org.apache.hadoop.hdds.scm.XceiverClientGrpc.sendCommandWithTraceIDAndRetry(XceiverClientGrpc.java:311)
	at org.apache.hadoop.hdds.scm.XceiverClientGrpc.sendCommand(XceiverClientGrpc.java:292)
	at org.apache.hadoop.hdds.scm.storage.ContainerProtocolCalls.getBlock(ContainerProtocolCalls.java:106)
	at org.apache.hadoop.hdds.scm.storage.BlockInputStream.getChunkInfos(BlockInputStream.java:221)
	at org.apache.hadoop.hdds.scm.storage.BlockInputStream.initialize(BlockInputStream.java:147)
	at org.apache.hadoop.hdds.scm.storage.BlockInputStream.readWithStrategy(BlockInputStream.java:294)
	at org.apache.hadoop.hdds.scm.storage.BlockInputStream.read(BlockInputStream.java:277)
	at org.apache.hadoop.hdds.scm.storage.ByteArrayReader.readFromBlock(ByteArrayReader.java:57)
	at org.apache.hadoop.ozone.client.io.KeyInputStream.readWithStrategy(KeyInputStream.java:262)
	at org.apache.hadoop.ozone.client.io.KeyInputStream.read(KeyInputStream.java:230)
	at org.apache.hadoop.ozone.client.io.OzoneInputStream.read(OzoneInputStream.java:55)
	at java.io.InputStream.read(InputStream.java:101)
	at org.apache.hadoop.ozone.container.TestHelper.validateData(TestHelper.java:146)
	at org.apache.hadoop.ozone.client.rpc.TestBlockOutputStreamWithFailuresFlushDelay.validateData(TestBlockOutputStreamWithFailuresFlushDelay.java:872)
	at org.apache.hadoop.ozone.client.rpc.TestBlockOutputStreamWithFailuresFlushDelay.test2DatanodesFailure(TestBlockOutputStreamWithFailuresFlushDelay.java:443)
	at sun.reflect.NativeMethodAccessorImpl.invoke0(Native Method)
	at sun.reflect.NativeMethodAccessorImpl.invoke(NativeMethodAccessorImpl.java:62)
	at sun.reflect.DelegatingMethodAccessorImpl.invoke(DelegatingMethodAccessorImpl.java:43)
	at java.lang.reflect.Method.invoke(Method.java:498)
	at org.junit.runners.model.FrameworkMethod$1.runReflectiveCall(FrameworkMethod.java:59)
	at org.junit.internal.runners.model.ReflectiveCallable.run(ReflectiveCallable.java:12)
	at org.junit.runners.model.FrameworkMethod.invokeExplosively(FrameworkMethod.java:56)
	at org.junit.internal.runners.statements.InvokeMethod.evaluate(InvokeMethod.java:17)
	at org.junit.internal.runners.statements.RunBefores.evaluate(RunBefores.java:26)
	at org.junit.internal.runners.statements.RunAfters.evaluate(RunAfters.java:27)
	at org.junit.internal.runners.statements.FailOnTimeout$CallableStatement.call(FailOnTimeout.java:288)
	at org.junit.internal.runners.statements.FailOnTimeout$CallableStatement.call(FailOnTimeout.java:282)
	at java.util.concurrent.FutureTask.run(FutureTask.java:266)
	at java.lang.Thread.run(Thread.java:748)

Sep 05, 2021 1:39:02 AM org.apache.ratis.thirdparty.io.grpc.internal.ManagedChannelOrphanWrapper$ManagedChannelReference cleanQueue
SEVERE: *~*~*~ Channel ManagedChannelImpl{logId=278, target=10.1.0.25:46189} was not shutdown properly!!! ~*~*~*
    Make sure to call shutdown()/shutdownNow() and wait until awaitTermination() returns true.
java.lang.RuntimeException: ManagedChannel allocation site
	at org.apache.ratis.thirdparty.io.grpc.internal.ManagedChannelOrphanWrapper$ManagedChannelReference.<init>(ManagedChannelOrphanWrapper.java:93)
	at org.apache.ratis.thirdparty.io.grpc.internal.ManagedChannelOrphanWrapper.<init>(ManagedChannelOrphanWrapper.java:53)
	at org.apache.ratis.thirdparty.io.grpc.internal.ManagedChannelOrphanWrapper.<init>(ManagedChannelOrphanWrapper.java:44)
	at org.apache.ratis.thirdparty.io.grpc.internal.ManagedChannelImplBuilder.build(ManagedChannelImplBuilder.java:596)
	at org.apache.ratis.thirdparty.io.grpc.ForwardingChannelBuilder.build(ForwardingChannelBuilder.java:255)
	at org.apache.ratis.grpc.client.GrpcClientProtocolClient.buildChannel(GrpcClientProtocolClient.java:159)
	at org.apache.ratis.grpc.client.GrpcClientProtocolClient.<init>(GrpcClientProtocolClient.java:111)
	at org.apache.ratis.grpc.client.GrpcClientRpc.lambda$new$0(GrpcClientRpc.java:57)
	at org.apache.ratis.util.PeerProxyMap$PeerAndProxy.lambda$getProxy$0(PeerProxyMap.java:63)
	at org.apache.ratis.util.LifeCycle.startAndTransition(LifeCycle.java:270)
	at org.apache.ratis.util.PeerProxyMap$PeerAndProxy.getProxy(PeerProxyMap.java:62)
	at org.apache.ratis.util.PeerProxyMap.getProxy(PeerProxyMap.java:114)
	at org.apache.ratis.grpc.client.GrpcClientRpc.sendRequestAsync(GrpcClientRpc.java:67)
	at org.apache.ratis.client.impl.OrderedAsync.sendRequest(OrderedAsync.java:235)
	at org.apache.ratis.client.impl.OrderedAsync.sendRequestWithRetry(OrderedAsync.java:189)
	at org.apache.ratis.util.SlidingWindow$Client.sendOrDelayRequest(SlidingWindow.java:280)
	at org.apache.ratis.util.SlidingWindow$Client.submitNewRequest(SlidingWindow.java:259)
	at org.apache.ratis.client.impl.OrderedAsync.send(OrderedAsync.java:170)
	at org.apache.ratis.client.impl.OrderedAsync.newInstance(OrderedAsync.java:118)
	at org.apache.ratis.client.impl.RaftClientImpl.lambda$new$0(RaftClientImpl.java:148)
	at org.apache.ratis.util.MemoizedSupplier.get(MemoizedSupplier.java:62)
	at org.apache.ratis.client.impl.RaftClientImpl.getOrderedAsync(RaftClientImpl.java:201)
	at org.apache.ratis.client.impl.AsyncImpl.send(AsyncImpl.java:41)
	at org.apache.ratis.client.impl.AsyncImpl.send(AsyncImpl.java:46)
	at org.apache.hadoop.hdds.scm.XceiverClientRatis.lambda$sendRequestAsync$3(XceiverClientRatis.java:225)
	at org.apache.hadoop.hdds.tracing.TracingUtil.executeInNewSpan(TracingUtil.java:159)
	at org.apache.hadoop.hdds.scm.XceiverClientRatis.sendRequestAsync(XceiverClientRatis.java:210)
	at org.apache.hadoop.hdds.scm.XceiverClientRatis.sendCommandAsync(XceiverClientRatis.java:306)
	at org.apache.hadoop.hdds.scm.storage.ContainerProtocolCalls.writeChunkAsync(ContainerProtocolCalls.java:305)
	at org.apache.hadoop.hdds.scm.storage.BlockOutputStream.writeChunkToContainer(BlockOutputStream.java:658)
	at org.apache.hadoop.hdds.scm.storage.BlockOutputStream.writeChunk(BlockOutputStream.java:502)
	at org.apache.hadoop.hdds.scm.storage.BlockOutputStream.writeOnRetry(BlockOutputStream.java:306)
	at org.apache.hadoop.ozone.client.io.BlockOutputStreamEntry.writeOnRetry(BlockOutputStreamEntry.java:187)
	at org.apache.hadoop.ozone.client.io.KeyOutputStream.writeToOutputStream(KeyOutputStream.java:260)
	at org.apache.hadoop.ozone.client.io.KeyOutputStream.handleWrite(KeyOutputStream.java:240)
	at org.apache.hadoop.ozone.client.io.KeyOutputStream.handleRetry(KeyOutputStream.java:423)
	at org.apache.hadoop.ozone.client.io.KeyOutputStream.handleException(KeyOutputStream.java:368)
	at org.apache.hadoop.ozone.client.io.KeyOutputStream.handleFlushOrClose(KeyOutputStream.java:479)
	at org.apache.hadoop.ozone.client.io.KeyOutputStream.handleWrite(KeyOutputStream.java:244)
	at org.apache.hadoop.ozone.client.io.KeyOutputStream.write(KeyOutputStream.java:220)
	at org.apache.hadoop.ozone.client.io.OzoneOutputStream.write(OzoneOutputStream.java:50)
	at java.io.OutputStream.write(OutputStream.java:75)
	at org.apache.hadoop.ozone.client.rpc.TestBlockOutputStreamWithFailuresFlushDelay.test2DatanodesFailure(TestBlockOutputStreamWithFailuresFlushDelay.java:409)
	at sun.reflect.NativeMethodAccessorImpl.invoke0(Native Method)
	at sun.reflect.NativeMethodAccessorImpl.invoke(NativeMethodAccessorImpl.java:62)
	at sun.reflect.DelegatingMethodAccessorImpl.invoke(DelegatingMethodAccessorImpl.java:43)
	at java.lang.reflect.Method.invoke(Method.java:498)
	at org.junit.runners.model.FrameworkMethod$1.runReflectiveCall(FrameworkMethod.java:59)
	at org.junit.internal.runners.model.ReflectiveCallable.run(ReflectiveCallable.java:12)
	at org.junit.runners.model.FrameworkMethod.invokeExplosively(FrameworkMethod.java:56)
	at org.junit.internal.runners.statements.InvokeMethod.evaluate(InvokeMethod.java:17)
	at org.junit.internal.runners.statements.RunBefores.evaluate(RunBefores.java:26)
	at org.junit.internal.runners.statements.RunAfters.evaluate(RunAfters.java:27)
	at org.junit.internal.runners.statements.FailOnTimeout$CallableStatement.call(FailOnTimeout.java:288)
	at org.junit.internal.runners.statements.FailOnTimeout$CallableStatement.call(FailOnTimeout.java:282)
	at java.util.concurrent.FutureTask.run(FutureTask.java:266)
	at java.lang.Thread.run(Thread.java:748)

Sep 05, 2021 1:39:02 AM org.apache.ratis.thirdparty.io.grpc.internal.ManagedChannelOrphanWrapper$ManagedChannelReference cleanQueue
SEVERE: *~*~*~ Channel ManagedChannelImpl{logId=633, target=10.1.0.25:43611} was not shutdown properly!!! ~*~*~*
    Make sure to call shutdown()/shutdownNow() and wait until awaitTermination() returns true.
java.lang.RuntimeException: ManagedChannel allocation site
	at org.apache.ratis.thirdparty.io.grpc.internal.ManagedChannelOrphanWrapper$ManagedChannelReference.<init>(ManagedChannelOrphanWrapper.java:93)
	at org.apache.ratis.thirdparty.io.grpc.internal.ManagedChannelOrphanWrapper.<init>(ManagedChannelOrphanWrapper.java:53)
	at org.apache.ratis.thirdparty.io.grpc.internal.ManagedChannelOrphanWrapper.<init>(ManagedChannelOrphanWrapper.java:44)
	at org.apache.ratis.thirdparty.io.grpc.internal.ManagedChannelImplBuilder.build(ManagedChannelImplBuilder.java:596)
	at org.apache.ratis.thirdparty.io.grpc.ForwardingChannelBuilder.build(ForwardingChannelBuilder.java:255)
	at org.apache.hadoop.hdds.scm.XceiverClientGrpc.connectToDatanode(XceiverClientGrpc.java:193)
	at org.apache.hadoop.hdds.scm.XceiverClientGrpc.connect(XceiverClientGrpc.java:142)
	at org.apache.hadoop.hdds.scm.XceiverClientManager$2.call(XceiverClientManager.java:237)
	at org.apache.hadoop.hdds.scm.XceiverClientManager$2.call(XceiverClientManager.java:221)
	at com.google.common.cache.LocalCache$LocalManualCache$1.load(LocalCache.java:4864)
	at com.google.common.cache.LocalCache$LoadingValueReference.loadFuture(LocalCache.java:3529)
	at com.google.common.cache.LocalCache$Segment.loadSync(LocalCache.java:2278)
	at com.google.common.cache.LocalCache$Segment.lockedGetOrLoad(LocalCache.java:2155)
	at com.google.common.cache.LocalCache$Segment.get(LocalCache.java:2045)
	at com.google.common.cache.LocalCache.get(LocalCache.java:3962)
	at com.google.common.cache.LocalCache$LocalManualCache.get(LocalCache.java:4859)
	at org.apache.hadoop.hdds.scm.XceiverClientManager.getClient(XceiverClientManager.java:221)
	at org.apache.hadoop.hdds.scm.XceiverClientManager.acquireClient(XceiverClientManager.java:165)
	at org.apache.hadoop.hdds.scm.XceiverClientManager.acquireClientForReadData(XceiverClientManager.java:154)
	at org.apache.hadoop.hdds.scm.storage.BlockInputStream.acquireClient(BlockInputStream.java:235)
	at org.apache.hadoop.hdds.scm.storage.BlockInputStream.getChunkInfos(BlockInputStream.java:209)
	at org.apache.hadoop.hdds.scm.storage.BlockInputStream.initialize(BlockInputStream.java:147)
	at org.apache.hadoop.hdds.scm.storage.BlockInputStream.readWithStrategy(BlockInputStream.java:294)
	at org.apache.hadoop.hdds.scm.storage.BlockInputStream.read(BlockInputStream.java:277)
	at org.apache.hadoop.hdds.scm.storage.ByteArrayReader.readFromBlock(ByteArrayReader.java:57)
	at org.apache.hadoop.ozone.client.io.KeyInputStream.readWithStrategy(KeyInputStream.java:262)
	at org.apache.hadoop.ozone.client.io.KeyInputStream.read(KeyInputStream.java:230)
	at org.apache.hadoop.ozone.client.io.OzoneInputStream.read(OzoneInputStream.java:55)
	at java.io.InputStream.read(InputStream.java:101)
	at org.apache.hadoop.ozone.container.TestHelper.validateData(TestHelper.java:146)
	at org.apache.hadoop.ozone.client.rpc.TestBlockOutputStreamWithFailuresFlushDelay.validateData(TestBlockOutputStreamWithFailuresFlushDelay.java:872)
	at org.apache.hadoop.ozone.client.rpc.TestBlockOutputStreamWithFailuresFlushDelay.testDatanodeFailureWithPreAllocation(TestBlockOutputStreamWithFailuresFlushDelay.java:855)
	at sun.reflect.NativeMethodAccessorImpl.invoke0(Native Method)
	at sun.reflect.NativeMethodAccessorImpl.invoke(NativeMethodAccessorImpl.java:62)
	at sun.reflect.DelegatingMethodAccessorImpl.invoke(DelegatingMethodAccessorImpl.java:43)
	at java.lang.reflect.Method.invoke(Method.java:498)
	at org.junit.runners.model.FrameworkMethod$1.runReflectiveCall(FrameworkMethod.java:59)
	at org.junit.internal.runners.model.ReflectiveCallable.run(ReflectiveCallable.java:12)
	at org.junit.runners.model.FrameworkMethod.invokeExplosively(FrameworkMethod.java:56)
	at org.junit.internal.runners.statements.InvokeMethod.evaluate(InvokeMethod.java:17)
	at org.junit.internal.runners.statements.RunBefores.evaluate(RunBefores.java:26)
	at org.junit.internal.runners.statements.RunAfters.evaluate(RunAfters.java:27)
	at org.junit.internal.runners.statements.FailOnTimeout$CallableStatement.call(FailOnTimeout.java:288)
	at org.junit.internal.runners.statements.FailOnTimeout$CallableStatement.call(FailOnTimeout.java:282)
	at java.util.concurrent.FutureTask.run(FutureTask.java:266)
	at java.lang.Thread.run(Thread.java:748)

Sep 05, 2021 1:39:02 AM org.apache.ratis.thirdparty.io.grpc.internal.ManagedChannelOrphanWrapper$ManagedChannelReference cleanQueue
SEVERE: *~*~*~ Channel ManagedChannelImpl{logId=638, target=10.1.0.25:44973} was not shutdown properly!!! ~*~*~*
    Make sure to call shutdown()/shutdownNow() and wait until awaitTermination() returns true.
java.lang.RuntimeException: ManagedChannel allocation site
	at org.apache.ratis.thirdparty.io.grpc.internal.ManagedChannelOrphanWrapper$ManagedChannelReference.<init>(ManagedChannelOrphanWrapper.java:93)
	at org.apache.ratis.thirdparty.io.grpc.internal.ManagedChannelOrphanWrapper.<init>(ManagedChannelOrphanWrapper.java:53)
	at org.apache.ratis.thirdparty.io.grpc.internal.ManagedChannelOrphanWrapper.<init>(ManagedChannelOrphanWrapper.java:44)
	at org.apache.ratis.thirdparty.io.grpc.internal.ManagedChannelImplBuilder.build(ManagedChannelImplBuilder.java:596)
	at org.apache.ratis.thirdparty.io.grpc.ForwardingChannelBuilder.build(ForwardingChannelBuilder.java:255)
	at org.apache.hadoop.hdds.scm.XceiverClientGrpc.connectToDatanode(XceiverClientGrpc.java:193)
	at org.apache.hadoop.hdds.scm.XceiverClientGrpc.connect(XceiverClientGrpc.java:142)
	at org.apache.hadoop.hdds.scm.XceiverClientManager$2.call(XceiverClientManager.java:237)
	at org.apache.hadoop.hdds.scm.XceiverClientManager$2.call(XceiverClientManager.java:221)
	at com.google.common.cache.LocalCache$LocalManualCache$1.load(LocalCache.java:4864)
	at com.google.common.cache.LocalCache$LoadingValueReference.loadFuture(LocalCache.java:3529)
	at com.google.common.cache.LocalCache$Segment.loadSync(LocalCache.java:2278)
	at com.google.common.cache.LocalCache$Segment.lockedGetOrLoad(LocalCache.java:2155)
	at com.google.common.cache.LocalCache$Segment.get(LocalCache.java:2045)
	at com.google.common.cache.LocalCache.get(LocalCache.java:3962)
	at com.google.common.cache.LocalCache$LocalManualCache.get(LocalCache.java:4859)
	at org.apache.hadoop.hdds.scm.XceiverClientManager.getClient(XceiverClientManager.java:221)
	at org.apache.hadoop.hdds.scm.XceiverClientManager.acquireClient(XceiverClientManager.java:165)
	at org.apache.hadoop.hdds.scm.XceiverClientManager.acquireClientForReadData(XceiverClientManager.java:154)
	at org.apache.hadoop.hdds.scm.storage.BlockInputStream.acquireClient(BlockInputStream.java:235)
	at org.apache.hadoop.hdds.scm.storage.BlockInputStream.getChunkInfos(BlockInputStream.java:209)
	at org.apache.hadoop.hdds.scm.storage.BlockInputStream.initialize(BlockInputStream.java:147)
	at org.apache.hadoop.hdds.scm.storage.BlockInputStream.readWithStrategy(BlockInputStream.java:294)
	at org.apache.hadoop.hdds.scm.storage.BlockInputStream.read(BlockInputStream.java:277)
	at org.apache.hadoop.hdds.scm.storage.ByteArrayReader.readFromBlock(ByteArrayReader.java:57)
	at org.apache.hadoop.ozone.client.io.KeyInputStream.readWithStrategy(KeyInputStream.java:262)
	at org.apache.hadoop.ozone.client.io.KeyInputStream.read(KeyInputStream.java:230)
	at org.apache.hadoop.ozone.client.io.OzoneInputStream.read(OzoneInputStream.java:55)
	at java.io.InputStream.read(InputStream.java:101)
	at org.apache.hadoop.ozone.container.TestHelper.validateData(TestHelper.java:146)
	at org.apache.hadoop.ozone.client.rpc.TestBlockOutputStreamWithFailuresFlushDelay.validateData(TestBlockOutputStreamWithFailuresFlushDelay.java:872)
	at org.apache.hadoop.ozone.client.rpc.TestBlockOutputStreamWithFailuresFlushDelay.testDatanodeFailureWithPreAllocation(TestBlockOutputStreamWithFailuresFlushDelay.java:855)
	at sun.reflect.NativeMethodAccessorImpl.invoke0(Native Method)
	at sun.reflect.NativeMethodAccessorImpl.invoke(NativeMethodAccessorImpl.java:62)
	at sun.reflect.DelegatingMethodAccessorImpl.invoke(DelegatingMethodAccessorImpl.java:43)
	at java.lang.reflect.Method.invoke(Method.java:498)
	at org.junit.runners.model.FrameworkMethod$1.runReflectiveCall(FrameworkMethod.java:59)
	at org.junit.internal.runners.model.ReflectiveCallable.run(ReflectiveCallable.java:12)
	at org.junit.runners.model.FrameworkMethod.invokeExplosively(FrameworkMethod.java:56)
	at org.junit.internal.runners.statements.InvokeMethod.evaluate(InvokeMethod.java:17)
	at org.junit.internal.runners.statements.RunBefores.evaluate(RunBefores.java:26)
	at org.junit.internal.runners.statements.RunAfters.evaluate(RunAfters.java:27)
	at org.junit.internal.runners.statements.FailOnTimeout$CallableStatement.call(FailOnTimeout.java:288)
	at org.junit.internal.runners.statements.FailOnTimeout$CallableStatement.call(FailOnTimeout.java:282)
	at java.util.concurrent.FutureTask.run(FutureTask.java:266)
	at java.lang.Thread.run(Thread.java:748)

Sep 05, 2021 1:39:02 AM org.apache.ratis.thirdparty.io.grpc.internal.ManagedChannelOrphanWrapper$ManagedChannelReference cleanQueue
SEVERE: *~*~*~ Channel ManagedChannelImpl{logId=611, target=10.1.0.25:34267} was not shutdown properly!!! ~*~*~*
    Make sure to call shutdown()/shutdownNow() and wait until awaitTermination() returns true.
java.lang.RuntimeException: ManagedChannel allocation site
	at org.apache.ratis.thirdparty.io.grpc.internal.ManagedChannelOrphanWrapper$ManagedChannelReference.<init>(ManagedChannelOrphanWrapper.java:93)
	at org.apache.ratis.thirdparty.io.grpc.internal.ManagedChannelOrphanWrapper.<init>(ManagedChannelOrphanWrapper.java:53)
	at org.apache.ratis.thirdparty.io.grpc.internal.ManagedChannelOrphanWrapper.<init>(ManagedChannelOrphanWrapper.java:44)
	at org.apache.ratis.thirdparty.io.grpc.internal.ManagedChannelImplBuilder.build(ManagedChannelImplBuilder.java:596)
	at org.apache.ratis.thirdparty.io.grpc.ForwardingChannelBuilder.build(ForwardingChannelBuilder.java:255)
	at org.apache.ratis.grpc.client.GrpcClientProtocolClient.buildChannel(GrpcClientProtocolClient.java:159)
	at org.apache.ratis.grpc.client.GrpcClientProtocolClient.<init>(GrpcClientProtocolClient.java:111)
	at org.apache.ratis.grpc.client.GrpcClientRpc.lambda$new$0(GrpcClientRpc.java:57)
	at org.apache.ratis.util.PeerProxyMap$PeerAndProxy.lambda$getProxy$0(PeerProxyMap.java:63)
	at org.apache.ratis.util.LifeCycle.startAndTransition(LifeCycle.java:270)
	at org.apache.ratis.util.PeerProxyMap$PeerAndProxy.getProxy(PeerProxyMap.java:62)
	at org.apache.ratis.util.PeerProxyMap.getProxy(PeerProxyMap.java:114)
	at org.apache.ratis.grpc.client.GrpcClientRpc.sendRequestAsync(GrpcClientRpc.java:67)
	at org.apache.ratis.client.impl.OrderedAsync.sendRequest(OrderedAsync.java:235)
	at org.apache.ratis.client.impl.OrderedAsync.sendRequestWithRetry(OrderedAsync.java:189)
	at org.apache.ratis.util.SlidingWindow$Client.sendOrDelayRequest(SlidingWindow.java:280)
	at org.apache.ratis.util.SlidingWindow$Client.submitNewRequest(SlidingWindow.java:259)
	at org.apache.ratis.client.impl.OrderedAsync.send(OrderedAsync.java:170)
	at org.apache.ratis.client.impl.OrderedAsync.newInstance(OrderedAsync.java:118)
	at org.apache.ratis.client.impl.RaftClientImpl.lambda$new$0(RaftClientImpl.java:148)
	at org.apache.ratis.util.MemoizedSupplier.get(MemoizedSupplier.java:62)
	at org.apache.ratis.client.impl.RaftClientImpl.getOrderedAsync(RaftClientImpl.java:201)
	at org.apache.ratis.client.impl.AsyncImpl.send(AsyncImpl.java:41)
	at org.apache.ratis.client.impl.AsyncImpl.send(AsyncImpl.java:46)
	at org.apache.hadoop.hdds.scm.XceiverClientRatis.lambda$sendRequestAsync$3(XceiverClientRatis.java:225)
	at org.apache.hadoop.hdds.tracing.TracingUtil.executeInNewSpan(TracingUtil.java:159)
	at org.apache.hadoop.hdds.scm.XceiverClientRatis.sendRequestAsync(XceiverClientRatis.java:210)
	at org.apache.hadoop.hdds.scm.XceiverClientRatis.sendCommandAsync(XceiverClientRatis.java:306)
	at org.apache.hadoop.hdds.scm.storage.ContainerProtocolCalls.writeChunkAsync(ContainerProtocolCalls.java:305)
	at org.apache.hadoop.hdds.scm.storage.BlockOutputStream.writeChunkToContainer(BlockOutputStream.java:658)
	at org.apache.hadoop.hdds.scm.storage.BlockOutputStream.writeChunk(BlockOutputStream.java:502)
	at org.apache.hadoop.hdds.scm.storage.BlockOutputStream.writeOnRetry(BlockOutputStream.java:306)
	at org.apache.hadoop.ozone.client.io.BlockOutputStreamEntry.writeOnRetry(BlockOutputStreamEntry.java:187)
	at org.apache.hadoop.ozone.client.io.KeyOutputStream.writeToOutputStream(KeyOutputStream.java:260)
	at org.apache.hadoop.ozone.client.io.KeyOutputStream.handleWrite(KeyOutputStream.java:240)
	at org.apache.hadoop.ozone.client.io.KeyOutputStream.handleRetry(KeyOutputStream.java:423)
	at org.apache.hadoop.ozone.client.io.KeyOutputStream.handleException(KeyOutputStream.java:368)
	at org.apache.hadoop.ozone.client.io.KeyOutputStream.handleFlushOrClose(KeyOutputStream.java:479)
	at org.apache.hadoop.ozone.client.io.KeyOutputStream.handleWrite(KeyOutputStream.java:244)
	at org.apache.hadoop.ozone.client.io.KeyOutputStream.write(KeyOutputStream.java:220)
	at org.apache.hadoop.ozone.client.io.OzoneOutputStream.write(OzoneOutputStream.java:50)
	at java.io.OutputStream.write(OutputStream.java:75)
	at org.apache.hadoop.ozone.client.rpc.TestBlockOutputStreamWithFailuresFlushDelay.testDatanodeFailureWithPreAllocation(TestBlockOutputStreamWithFailuresFlushDelay.java:833)
	at sun.reflect.NativeMethodAccessorImpl.invoke0(Native Method)
	at sun.reflect.NativeMethodAccessorImpl.invoke(NativeMethodAccessorImpl.java:62)
	at sun.reflect.DelegatingMethodAccessorImpl.invoke(DelegatingMethodAccessorImpl.java:43)
	at java.lang.reflect.Method.invoke(Method.java:498)
	at org.junit.runners.model.FrameworkMethod$1.runReflectiveCall(FrameworkMethod.java:59)
	at org.junit.internal.runners.model.ReflectiveCallable.run(ReflectiveCallable.java:12)
	at org.junit.runners.model.FrameworkMethod.invokeExplosively(FrameworkMethod.java:56)
	at org.junit.internal.runners.statements.InvokeMethod.evaluate(InvokeMethod.java:17)
	at org.junit.internal.runners.statements.RunBefores.evaluate(RunBefores.java:26)
	at org.junit.internal.runners.statements.RunAfters.evaluate(RunAfters.java:27)
	at org.junit.internal.runners.statements.FailOnTimeout$CallableStatement.call(FailOnTimeout.java:288)
	at org.junit.internal.runners.statements.FailOnTimeout$CallableStatement.call(FailOnTimeout.java:282)
	at java.util.concurrent.FutureTask.run(FutureTask.java:266)
	at java.lang.Thread.run(Thread.java:748)

Sep 05, 2021 1:39:02 AM org.apache.ratis.thirdparty.io.grpc.internal.ManagedChannelOrphanWrapper$ManagedChannelReference cleanQueue
SEVERE: *~*~*~ Channel ManagedChannelImpl{logId=285, target=10.1.0.25:44679} was not shutdown properly!!! ~*~*~*
    Make sure to call shutdown()/shutdownNow() and wait until awaitTermination() returns true.
java.lang.RuntimeException: ManagedChannel allocation site
	at org.apache.ratis.thirdparty.io.grpc.internal.ManagedChannelOrphanWrapper$ManagedChannelReference.<init>(ManagedChannelOrphanWrapper.java:93)
	at org.apache.ratis.thirdparty.io.grpc.internal.ManagedChannelOrphanWrapper.<init>(ManagedChannelOrphanWrapper.java:53)
	at org.apache.ratis.thirdparty.io.grpc.internal.ManagedChannelOrphanWrapper.<init>(ManagedChannelOrphanWrapper.java:44)
	at org.apache.ratis.thirdparty.io.grpc.internal.ManagedChannelImplBuilder.build(ManagedChannelImplBuilder.java:596)
	at org.apache.ratis.thirdparty.io.grpc.ForwardingChannelBuilder.build(ForwardingChannelBuilder.java:255)
	at org.apache.hadoop.hdds.scm.XceiverClientGrpc.connectToDatanode(XceiverClientGrpc.java:193)
	at org.apache.hadoop.hdds.scm.XceiverClientGrpc.connect(XceiverClientGrpc.java:142)
	at org.apache.hadoop.hdds.scm.XceiverClientManager$2.call(XceiverClientManager.java:237)
	at org.apache.hadoop.hdds.scm.XceiverClientManager$2.call(XceiverClientManager.java:221)
	at com.google.common.cache.LocalCache$LocalManualCache$1.load(LocalCache.java:4864)
	at com.google.common.cache.LocalCache$LoadingValueReference.loadFuture(LocalCache.java:3529)
	at com.google.common.cache.LocalCache$Segment.loadSync(LocalCache.java:2278)
	at com.google.common.cache.LocalCache$Segment.lockedGetOrLoad(LocalCache.java:2155)
	at com.google.common.cache.LocalCache$Segment.get(LocalCache.java:2045)
	at com.google.common.cache.LocalCache.get(LocalCache.java:3962)
	at com.google.common.cache.LocalCache$LocalManualCache.get(LocalCache.java:4859)
	at org.apache.hadoop.hdds.scm.XceiverClientManager.getClient(XceiverClientManager.java:221)
	at org.apache.hadoop.hdds.scm.XceiverClientManager.acquireClient(XceiverClientManager.java:165)
	at org.apache.hadoop.hdds.scm.XceiverClientManager.acquireClientForReadData(XceiverClientManager.java:154)
	at org.apache.hadoop.hdds.scm.storage.BlockInputStream.acquireClient(BlockInputStream.java:235)
	at org.apache.hadoop.hdds.scm.storage.BlockInputStream.getChunkInfos(BlockInputStream.java:209)
	at org.apache.hadoop.hdds.scm.storage.BlockInputStream.initialize(BlockInputStream.java:147)
	at org.apache.hadoop.hdds.scm.storage.BlockInputStream.readWithStrategy(BlockInputStream.java:294)
	at org.apache.hadoop.hdds.scm.storage.BlockInputStream.read(BlockInputStream.java:277)
	at org.apache.hadoop.hdds.scm.storage.ByteArrayReader.readFromBlock(ByteArrayReader.java:57)
	at org.apache.hadoop.ozone.client.io.KeyInputStream.readWithStrategy(KeyInputStream.java:262)
	at org.apache.hadoop.ozone.client.io.KeyInputStream.read(KeyInputStream.java:230)
	at org.apache.hadoop.ozone.client.io.OzoneInputStream.read(OzoneInputStream.java:55)
	at java.io.InputStream.read(InputStream.java:101)
	at org.apache.hadoop.ozone.container.TestHelper.validateData(TestHelper.java:146)
	at org.apache.hadoop.ozone.client.rpc.TestBlockOutputStreamWithFailuresFlushDelay.validateData(TestBlockOutputStreamWithFailuresFlushDelay.java:872)
	at org.apache.hadoop.ozone.client.rpc.TestBlockOutputStreamWithFailuresFlushDelay.test2DatanodesFailure(TestBlockOutputStreamWithFailuresFlushDelay.java:443)
	at sun.reflect.NativeMethodAccessorImpl.invoke0(Native Method)
	at sun.reflect.NativeMethodAccessorImpl.invoke(NativeMethodAccessorImpl.java:62)
	at sun.reflect.DelegatingMethodAccessorImpl.invoke(DelegatingMethodAccessorImpl.java:43)
	at java.lang.reflect.Method.invoke(Method.java:498)
	at org.junit.runners.model.FrameworkMethod$1.runReflectiveCall(FrameworkMethod.java:59)
	at org.junit.internal.runners.model.ReflectiveCallable.run(ReflectiveCallable.java:12)
	at org.junit.runners.model.FrameworkMethod.invokeExplosively(FrameworkMethod.java:56)
	at org.junit.internal.runners.statements.InvokeMethod.evaluate(InvokeMethod.java:17)
	at org.junit.internal.runners.statements.RunBefores.evaluate(RunBefores.java:26)
	at org.junit.internal.runners.statements.RunAfters.evaluate(RunAfters.java:27)
	at org.junit.internal.runners.statements.FailOnTimeout$CallableStatement.call(FailOnTimeout.java:288)
	at org.junit.internal.runners.statements.FailOnTimeout$CallableStatement.call(FailOnTimeout.java:282)
	at java.util.concurrent.FutureTask.run(FutureTask.java:266)
	at java.lang.Thread.run(Thread.java:748)

Sep 05, 2021 1:39:02 AM org.apache.ratis.thirdparty.io.grpc.internal.ManagedChannelOrphanWrapper$ManagedChannelReference cleanQueue
SEVERE: *~*~*~ Channel ManagedChannelImpl{logId=291, target=10.1.0.25:40243} was not shutdown properly!!! ~*~*~*
    Make sure to call shutdown()/shutdownNow() and wait until awaitTermination() returns true.
java.lang.RuntimeException: ManagedChannel allocation site
	at org.apache.ratis.thirdparty.io.grpc.internal.ManagedChannelOrphanWrapper$ManagedChannelReference.<init>(ManagedChannelOrphanWrapper.java:93)
	at org.apache.ratis.thirdparty.io.grpc.internal.ManagedChannelOrphanWrapper.<init>(ManagedChannelOrphanWrapper.java:53)
	at org.apache.ratis.thirdparty.io.grpc.internal.ManagedChannelOrphanWrapper.<init>(ManagedChannelOrphanWrapper.java:44)
	at org.apache.ratis.thirdparty.io.grpc.internal.ManagedChannelImplBuilder.build(ManagedChannelImplBuilder.java:596)
	at org.apache.ratis.thirdparty.io.grpc.ForwardingChannelBuilder.build(ForwardingChannelBuilder.java:255)
	at org.apache.hadoop.hdds.scm.XceiverClientGrpc.connectToDatanode(XceiverClientGrpc.java:193)
	at org.apache.hadoop.hdds.scm.XceiverClientGrpc.reconnect(XceiverClientGrpc.java:551)
	at org.apache.hadoop.hdds.scm.XceiverClientGrpc.checkOpen(XceiverClientGrpc.java:542)
	at org.apache.hadoop.hdds.scm.XceiverClientGrpc.sendCommandAsync(XceiverClientGrpc.java:470)
	at org.apache.hadoop.hdds.scm.XceiverClientGrpc.sendCommandWithRetry(XceiverClientGrpc.java:377)
	at org.apache.hadoop.hdds.scm.XceiverClientGrpc.lambda$sendCommandWithTraceIDAndRetry$0(XceiverClientGrpc.java:317)
	at org.apache.hadoop.hdds.tracing.TracingUtil.executeInSpan(TracingUtil.java:174)
	at org.apache.hadoop.hdds.tracing.TracingUtil.executeInNewSpan(TracingUtil.java:148)
	at org.apache.hadoop.hdds.scm.XceiverClientGrpc.sendCommandWithTraceIDAndRetry(XceiverClientGrpc.java:311)
	at org.apache.hadoop.hdds.scm.XceiverClientGrpc.sendCommand(XceiverClientGrpc.java:292)
	at org.apache.hadoop.hdds.scm.storage.ContainerProtocolCalls.getBlock(ContainerProtocolCalls.java:106)
	at org.apache.hadoop.hdds.scm.storage.BlockInputStream.getChunkInfos(BlockInputStream.java:221)
	at org.apache.hadoop.hdds.scm.storage.BlockInputStream.initialize(BlockInputStream.java:147)
	at org.apache.hadoop.hdds.scm.storage.BlockInputStream.readWithStrategy(BlockInputStream.java:294)
	at org.apache.hadoop.hdds.scm.storage.BlockInputStream.read(BlockInputStream.java:277)
	at org.apache.hadoop.hdds.scm.storage.ByteArrayReader.readFromBlock(ByteArrayReader.java:57)
	at org.apache.hadoop.ozone.client.io.KeyInputStream.readWithStrategy(KeyInputStream.java:262)
	at org.apache.hadoop.ozone.client.io.KeyInputStream.read(KeyInputStream.java:230)
	at org.apache.hadoop.ozone.client.io.OzoneInputStream.read(OzoneInputStream.java:55)
	at java.io.InputStream.read(InputStream.java:101)
	at org.apache.hadoop.ozone.container.TestHelper.validateData(TestHelper.java:146)
	at org.apache.hadoop.ozone.client.rpc.TestBlockOutputStreamWithFailuresFlushDelay.validateData(TestBlockOutputStreamWithFailuresFlushDelay.java:872)
	at org.apache.hadoop.ozone.client.rpc.TestBlockOutputStreamWithFailuresFlushDelay.test2DatanodesFailure(TestBlockOutputStreamWithFailuresFlushDelay.java:443)
	at sun.reflect.NativeMethodAccessorImpl.invoke0(Native Method)
	at sun.reflect.NativeMethodAccessorImpl.invoke(NativeMethodAccessorImpl.java:62)
	at sun.reflect.DelegatingMethodAccessorImpl.invoke(DelegatingMethodAccessorImpl.java:43)
	at java.lang.reflect.Method.invoke(Method.java:498)
	at org.junit.runners.model.FrameworkMethod$1.runReflectiveCall(FrameworkMethod.java:59)
	at org.junit.internal.runners.model.ReflectiveCallable.run(ReflectiveCallable.java:12)
	at org.junit.runners.model.FrameworkMethod.invokeExplosively(FrameworkMethod.java:56)
	at org.junit.internal.runners.statements.InvokeMethod.evaluate(InvokeMethod.java:17)
	at org.junit.internal.runners.statements.RunBefores.evaluate(RunBefores.java:26)
	at org.junit.internal.runners.statements.RunAfters.evaluate(RunAfters.java:27)
	at org.junit.internal.runners.statements.FailOnTimeout$CallableStatement.call(FailOnTimeout.java:288)
	at org.junit.internal.runners.statements.FailOnTimeout$CallableStatement.call(FailOnTimeout.java:282)
	at java.util.concurrent.FutureTask.run(FutureTask.java:266)
	at java.lang.Thread.run(Thread.java:748)

]]></system-err>
  </testcase>
  <testcase name="testWatchForCommitWithSingleNodeRatis" classname="org.apache.hadoop.ozone.client.rpc.TestBlockOutputStreamWithFailuresFlushDelay" time="91.347"/>
  <testcase name="testWatchForCommitDatanodeFailure" classname="org.apache.hadoop.ozone.client.rpc.TestBlockOutputStreamWithFailuresFlushDelay" time="88.01"/>
  <testcase name="testFailureWithPrimeSizedData" classname="org.apache.hadoop.ozone.client.rpc.TestBlockOutputStreamWithFailuresFlushDelay" time="83.596"/>
  <testcase name="testWatchForCommitWithCloseContainerException" classname="org.apache.hadoop.ozone.client.rpc.TestBlockOutputStreamWithFailuresFlushDelay" time="85.642"/>
  <testcase name="testExceptionDuringClose" classname="org.apache.hadoop.ozone.client.rpc.TestBlockOutputStreamWithFailuresFlushDelay" time="83.102"/>
</testsuite>