<?xml version="1.0" encoding="UTF-8"?>
<testsuite xmlns:xsi="http://www.w3.org/2001/XMLSchema-instance" xsi:noNamespaceSchemaLocation="https://maven.apache.org/surefire/maven-surefire-plugin/xsd/surefire-test-report.xsd" name="org.apache.hadoop.ozone.scm.node.TestDecommissionAndMaintenance" time="481.699" tests="11" errors="0" skipped="0" failures="1">
  <properties>
    <property name="awt.toolkit" value="sun.awt.X11.XToolkit"/>
    <property name="file.encoding.pkg" value="sun.io"/>
    <property name="java.specification.version" value="1.8"/>
    <property name="sun.cpu.isalist" value=""/>
    <property name="sun.jnu.encoding" value="ANSI_X3.4-1968"/>
    <property name="java.class.path" value="/github/workspace/mnt/ozone/hadoop-ozone/integration-test/target/test-classes:/github/workspace/mnt/ozone/hadoop-ozone/integration-test/target/classes:/home/user/.m2/repository/org/apache/hadoop/hadoop-ozone-common/1.1.0-SNAPSHOT/hadoop-ozone-common-1.1.0-SNAPSHOT.jar:/home/user/.m2/repository/org/apache/commons/commons-compress/1.4.1/commons-compress-1.4.1.jar:/home/user/.m2/repository/org/tukaani/xz/1.0/xz-1.0.jar:/home/user/.m2/repository/org/apache/hadoop/hadoop-hdds-common/1.1.0-SNAPSHOT/hadoop-hdds-common-1.1.0-SNAPSHOT.jar:/home/user/.m2/repository/org/apache/hadoop/hadoop-hdds-client/1.1.0-SNAPSHOT/hadoop-hdds-client-1.1.0-SNAPSHOT.jar:/home/user/.m2/repository/org/apache/hadoop/hadoop-ozone-interface-client/1.1.0-SNAPSHOT/hadoop-ozone-interface-client-1.1.0-SNAPSHOT.jar:/home/user/.m2/repository/org/apache/hadoop/hadoop-hdds-test-utils/1.1.0-SNAPSHOT/hadoop-hdds-test-utils-1.1.0-SNAPSHOT.jar:/home/user/.m2/repository/com/google/guava/guava/28.2-jre/guava-28.2-jre.jar:/home/user/.m2/repository/com/google/guava/failureaccess/1.0.1/failureaccess-1.0.1.jar:/home/user/.m2/repository/com/google/guava/listenablefuture/9999.0-empty-to-avoid-conflict-with-guava/listenablefuture-9999.0-empty-to-avoid-conflict-with-guava.jar:/home/user/.m2/repository/com/google/code/findbugs/jsr305/3.0.0/jsr305-3.0.0.jar:/home/user/.m2/repository/org/checkerframework/checker-qual/2.10.0/checker-qual-2.10.0.jar:/home/user/.m2/repository/com/google/errorprone/error_prone_annotations/2.2.0/error_prone_annotations-2.2.0.jar:/home/user/.m2/repository/com/google/j2objc/j2objc-annotations/1.3/j2objc-annotations-1.3.jar:/home/user/.m2/repository/commons-io/commons-io/2.5/commons-io-2.5.jar:/home/user/.m2/repository/commons-logging/commons-logging/1.2/commons-logging-1.2.jar:/home/user/.m2/repository/log4j/log4j/1.2.17/log4j-1.2.17.jar:/home/user/.m2/repository/org/slf4j/slf4j-api/1.7.30/slf4j-api-1.7.30.jar:/home/user/.m2/repository/org/apache/hadoop/hadoop-hdds-server-scm/1.1.0-SNAPSHOT/hadoop-hdds-server-scm-1.1.0-SNAPSHOT.jar:/home/user/.m2/repository/org/apache/hadoop/hadoop-hdds-container-service/1.1.0-SNAPSHOT/hadoop-hdds-container-service-1.1.0-SNAPSHOT.jar:/home/user/.m2/repository/org/apache/hadoop/hadoop-hdds-hadoop-dependency-server/1.1.0-SNAPSHOT/hadoop-hdds-hadoop-dependency-server-1.1.0-SNAPSHOT.jar:/home/user/.m2/repository/org/apache/hadoop/hadoop-hdfs/3.2.1/hadoop-hdfs-3.2.1.jar:/home/user/.m2/repository/org/apache/hadoop/hadoop-hdds-server-framework/1.1.0-SNAPSHOT/hadoop-hdds-server-framework-1.1.0-SNAPSHOT.jar:/home/user/.m2/repository/org/apache/hadoop/hadoop-hdds-interface-server/1.1.0-SNAPSHOT/hadoop-hdds-interface-server-1.1.0-SNAPSHOT.jar:/home/user/.m2/repository/org/apache/hadoop/hadoop-hdds-interface-admin/1.1.0-SNAPSHOT/hadoop-hdds-interface-admin-1.1.0-SNAPSHOT.jar:/home/user/.m2/repository/org/eclipse/jetty/jetty-servlet/9.4.34.v20201102/jetty-servlet-9.4.34.v20201102.jar:/home/user/.m2/repository/org/eclipse/jetty/jetty-security/9.4.34.v20201102/jetty-security-9.4.34.v20201102.jar:/home/user/.m2/repository/org/rocksdb/rocksdbjni/6.8.1/rocksdbjni-6.8.1.jar:/home/user/.m2/repository/io/prometheus/simpleclient_dropwizard/0.7.0/simpleclient_dropwizard-0.7.0.jar:/home/user/.m2/repository/io/prometheus/simpleclient/0.7.0/simpleclient-0.7.0.jar:/home/user/.m2/repository/io/prometheus/simpleclient_common/0.7.0/simpleclient_common-0.7.0.jar:/home/user/.m2/repository/com/fasterxml/jackson/datatype/jackson-datatype-jsr310/2.10.3/jackson-datatype-jsr310-2.10.3.jar:/home/user/.m2/repository/io/dropwizard/metrics/metrics-core/3.2.4/metrics-core-3.2.4.jar:/home/user/.m2/repository/org/apache/hadoop/hadoop-hdfs-client/3.2.1/hadoop-hdfs-client-3.2.1.jar:/home/user/.m2/repository/org/bouncycastle/bcprov-jdk15on/1.60/bcprov-jdk15on-1.60.jar:/home/user/.m2/repository/org/apache/hadoop/hadoop-ozone-ozone-manager/1.1.0-SNAPSHOT/hadoop-ozone-ozone-manager-1.1.0-SNAPSHOT.jar:/home/user/.m2/repository/org/apache/hadoop/hadoop-hdds-interface-client/1.1.0-SNAPSHOT/hadoop-hdds-interface-client-1.1.0-SNAPSHOT.jar:/home/user/.m2/repository/org/apache/ratis/ratis-thirdparty-misc/0.6.0-SNAPSHOT/ratis-thirdparty-misc-0.6.0-SNAPSHOT.jar:/home/user/.m2/repository/org/apache/hadoop/hadoop-ozone-interface-storage/1.1.0-SNAPSHOT/hadoop-ozone-interface-storage-1.1.0-SNAPSHOT.jar:/home/user/.m2/repository/org/apache/hadoop/hadoop-minikdc/3.2.1/hadoop-minikdc-3.2.1.jar:/home/user/.m2/repository/org/apache/kerby/kerb-simplekdc/1.0.1/kerb-simplekdc-1.0.1.jar:/home/user/.m2/repository/org/apache/kerby/kerb-client/1.0.1/kerb-client-1.0.1.jar:/home/user/.m2/repository/org/apache/kerby/kerby-config/1.0.1/kerby-config-1.0.1.jar:/home/user/.m2/repository/org/apache/kerby/kerb-core/1.0.1/kerb-core-1.0.1.jar:/home/user/.m2/repository/org/apache/kerby/kerby-pkix/1.0.1/kerby-pkix-1.0.1.jar:/home/user/.m2/repository/org/apache/kerby/kerby-asn1/1.0.1/kerby-asn1-1.0.1.jar:/home/user/.m2/repository/org/apache/kerby/kerby-util/1.0.1/kerby-util-1.0.1.jar:/home/user/.m2/repository/org/apache/kerby/kerb-common/1.0.1/kerb-common-1.0.1.jar:/home/user/.m2/repository/org/apache/kerby/kerb-crypto/1.0.1/kerb-crypto-1.0.1.jar:/home/user/.m2/repository/org/apache/kerby/kerb-util/1.0.1/kerb-util-1.0.1.jar:/home/user/.m2/repository/org/apache/kerby/token-provider/1.0.1/token-provider-1.0.1.jar:/home/user/.m2/repository/org/apache/kerby/kerb-admin/1.0.1/kerb-admin-1.0.1.jar:/home/user/.m2/repository/org/apache/kerby/kerb-server/1.0.1/kerb-server-1.0.1.jar:/home/user/.m2/repository/org/apache/kerby/kerb-identity/1.0.1/kerb-identity-1.0.1.jar:/home/user/.m2/repository/org/apache/kerby/kerby-xdr/1.0.1/kerby-xdr-1.0.1.jar:/home/user/.m2/repository/org/slf4j/slf4j-log4j12/1.7.30/slf4j-log4j12-1.7.30.jar:/home/user/.m2/repository/org/apache/hadoop/hadoop-ozone-s3gateway/1.1.0-SNAPSHOT/hadoop-ozone-s3gateway-1.1.0-SNAPSHOT.jar:/home/user/.m2/repository/org/jboss/weld/servlet/weld-servlet/2.4.7.Final/weld-servlet-2.4.7.Final.jar:/home/user/.m2/repository/org/glassfish/jersey/containers/jersey-container-servlet-core/2.27/jersey-container-servlet-core-2.27.jar:/home/user/.m2/repository/org/glassfish/hk2/external/javax.inject/2.5.0-b42/javax.inject-2.5.0-b42.jar:/home/user/.m2/repository/org/glassfish/jersey/core/jersey-common/2.27/jersey-common-2.27.jar:/home/user/.m2/repository/org/glassfish/hk2/osgi-resource-locator/1.0.1/osgi-resource-locator-1.0.1.jar:/home/user/.m2/repository/javax/ws/rs/javax.ws.rs-api/2.1/javax.ws.rs-api-2.1.jar:/home/user/.m2/repository/org/glassfish/jersey/ext/cdi/jersey-cdi1x/2.27/jersey-cdi1x-2.27.jar:/home/user/.m2/repository/org/glassfish/jersey/inject/jersey-hk2/2.27/jersey-hk2-2.27.jar:/home/user/.m2/repository/org/glassfish/hk2/hk2-locator/2.5.0-b42/hk2-locator-2.5.0-b42.jar:/home/user/.m2/repository/org/javassist/javassist/3.22.0-CR2/javassist-3.22.0-CR2.jar:/home/user/.m2/repository/org/glassfish/hk2/hk2-api/2.5.0/hk2-api-2.5.0.jar:/home/user/.m2/repository/org/glassfish/hk2/external/jakarta.inject/2.5.0/jakarta.inject-2.5.0.jar:/home/user/.m2/repository/org/glassfish/hk2/hk2-utils/2.5.0/hk2-utils-2.5.0.jar:/home/user/.m2/repository/jakarta/annotation/jakarta.annotation-api/1.3.4/jakarta.annotation-api-1.3.4.jar:/home/user/.m2/repository/org/glassfish/hk2/external/aopalliance-repackaged/2.5.0/aopalliance-repackaged-2.5.0.jar:/home/user/.m2/repository/com/fasterxml/jackson/dataformat/jackson-dataformat-xml/2.10.3/jackson-dataformat-xml-2.10.3.jar:/home/user/.m2/repository/com/fasterxml/jackson/core/jackson-core/2.10.3/jackson-core-2.10.3.jar:/home/user/.m2/repository/com/fasterxml/jackson/module/jackson-module-jaxb-annotations/2.10.3/jackson-module-jaxb-annotations-2.10.3.jar:/home/user/.m2/repository/jakarta/xml/bind/jakarta.xml.bind-api/2.3.2/jakarta.xml.bind-api-2.3.2.jar:/home/user/.m2/repository/jakarta/activation/jakarta.activation-api/1.2.1/jakarta.activation-api-1.2.1.jar:/home/user/.m2/repository/org/codehaus/woodstox/stax2-api/3.1.4/stax2-api-3.1.4.jar:/home/user/.m2/repository/com/fasterxml/woodstox/woodstox-core/5.0.3/woodstox-core-5.0.3.jar:/home/user/.m2/repository/javax/enterprise/cdi-api/1.2/cdi-api-1.2.jar:/home/user/.m2/repository/javax/el/javax.el-api/3.0.0/javax.el-api-3.0.0.jar:/home/user/.m2/repository/javax/interceptor/javax.interceptor-api/1.2/javax.interceptor-api-1.2.jar:/home/user/.m2/repository/javax/inject/javax.inject/1/javax.inject-1.jar:/home/user/.m2/repository/com/sun/xml/bind/jaxb-impl/2.3.0.1/jaxb-impl-2.3.0.1.jar:/home/user/.m2/repository/com/sun/xml/bind/jaxb-core/2.3.0.1/jaxb-core-2.3.0.1.jar:/home/user/.m2/repository/javax/xml/bind/jaxb-api/2.3.0/jaxb-api-2.3.0.jar:/home/user/.m2/repository/javax/activation/activation/1.1.1/activation-1.1.1.jar:/home/user/.m2/repository/org/apache/hadoop/hadoop-ozone-csi/1.1.0-SNAPSHOT/hadoop-ozone-csi-1.1.0-SNAPSHOT.jar:/home/user/.m2/repository/com/google/protobuf/protobuf-java-util/3.11.0/protobuf-java-util-3.11.0.jar:/home/user/.m2/repository/com/google/code/gson/gson/2.2.4/gson-2.2.4.jar:/home/user/.m2/repository/org/apache/hadoop/hadoop-hdds-config/1.1.0-SNAPSHOT/hadoop-hdds-config-1.1.0-SNAPSHOT.jar:/home/user/.m2/repository/com/google/protobuf/protobuf-java/2.5.0/protobuf-java-2.5.0.jar:/home/user/.m2/repository/io/grpc/grpc-netty/1.29.0/grpc-netty-1.29.0.jar:/home/user/.m2/repository/io/grpc/grpc-core/1.29.0/grpc-core-1.29.0.jar:/home/user/.m2/repository/com/google/android/annotations/4.1.1.4/annotations-4.1.1.4.jar:/home/user/.m2/repository/io/perfmark/perfmark-api/0.19.0/perfmark-api-0.19.0.jar:/home/user/.m2/repository/io/netty/netty-codec-http2/4.1.48.Final/netty-codec-http2-4.1.48.Final.jar:/home/user/.m2/repository/io/netty/netty-codec/4.1.48.Final/netty-codec-4.1.48.Final.jar:/home/user/.m2/repository/io/netty/netty-handler/4.1.48.Final/netty-handler-4.1.48.Final.jar:/home/user/.m2/repository/io/netty/netty-codec-http/4.1.48.Final/netty-codec-http-4.1.48.Final.jar:/home/user/.m2/repository/io/netty/netty-handler-proxy/4.1.48.Final/netty-handler-proxy-4.1.48.Final.jar:/home/user/.m2/repository/io/netty/netty-codec-socks/4.1.48.Final/netty-codec-socks-4.1.48.Final.jar:/home/user/.m2/repository/io/netty/netty-transport-native-epoll/4.1.48.Final/netty-transport-native-epoll-4.1.48.Final.jar:/home/user/.m2/repository/io/netty/netty-common/4.1.48.Final/netty-common-4.1.48.Final.jar:/home/user/.m2/repository/io/netty/netty-buffer/4.1.48.Final/netty-buffer-4.1.48.Final.jar:/home/user/.m2/repository/io/netty/netty-transport/4.1.48.Final/netty-transport-4.1.48.Final.jar:/home/user/.m2/repository/io/netty/netty-resolver/4.1.48.Final/netty-resolver-4.1.48.Final.jar:/home/user/.m2/repository/io/netty/netty-transport-native-unix-common/4.1.48.Final/netty-transport-native-unix-common-4.1.48.Final.jar:/home/user/.m2/repository/io/grpc/grpc-protobuf/1.29.0/grpc-protobuf-1.29.0.jar:/home/user/.m2/repository/io/grpc/grpc-api/1.29.0/grpc-api-1.29.0.jar:/home/user/.m2/repository/io/grpc/grpc-context/1.29.0/grpc-context-1.29.0.jar:/home/user/.m2/repository/org/codehaus/mojo/animal-sniffer-annotations/1.18/animal-sniffer-annotations-1.18.jar:/home/user/.m2/repository/com/google/api/grpc/proto-google-common-protos/1.17.0/proto-google-common-protos-1.17.0.jar:/home/user/.m2/repository/io/grpc/grpc-protobuf-lite/1.29.0/grpc-protobuf-lite-1.29.0.jar:/home/user/.m2/repository/io/grpc/grpc-stub/1.29.0/grpc-stub-1.29.0.jar:/home/user/.m2/repository/org/apache/hadoop/hadoop-ozone-recon/1.1.0-SNAPSHOT/hadoop-ozone-recon-1.1.0-SNAPSHOT.jar:/home/user/.m2/repository/org/apache/hadoop/hadoop-ozone-reconcodegen/1.1.0-SNAPSHOT/hadoop-ozone-reconcodegen-1.1.0-SNAPSHOT.jar:/home/user/.m2/repository/com/google/inject/extensions/guice-multibindings/4.0/guice-multibindings-4.0.jar:/home/user/.m2/repository/com/google/inject/guice/4.0/guice-4.0.jar:/home/user/.m2/repository/aopalliance/aopalliance/1.0/aopalliance-1.0.jar:/home/user/.m2/repository/com/google/inject/extensions/guice-assistedinject/4.0/guice-assistedinject-4.0.jar:/home/user/.m2/repository/com/google/inject/extensions/guice-servlet/4.0/guice-servlet-4.0.jar:/home/user/.m2/repository/org/glassfish/jersey/containers/jersey-container-servlet/2.27/jersey-container-servlet-2.27.jar:/home/user/.m2/repository/org/glassfish/hk2/guice-bridge/2.5.0/guice-bridge-2.5.0.jar:/home/user/.m2/repository/org/glassfish/jersey/core/jersey-server/2.27/jersey-server-2.27.jar:/home/user/.m2/repository/org/glassfish/jersey/core/jersey-client/2.27/jersey-client-2.27.jar:/home/user/.m2/repository/org/glassfish/jersey/media/jersey-media-jaxb/2.27/jersey-media-jaxb-2.27.jar:/home/user/.m2/repository/javax/validation/validation-api/1.1.0.Final/validation-api-1.1.0.Final.jar:/home/user/.m2/repository/org/glassfish/jersey/media/jersey-media-json-jackson/2.27/jersey-media-json-jackson-2.27.jar:/home/user/.m2/repository/org/glassfish/jersey/ext/jersey-entity-filtering/2.27/jersey-entity-filtering-2.27.jar:/home/user/.m2/repository/org/jooq/jooq/3.11.10/jooq-3.11.10.jar:/home/user/.m2/repository/org/jooq/jooq-meta/3.11.10/jooq-meta-3.11.10.jar:/home/user/.m2/repository/org/jooq/jooq-codegen/3.11.10/jooq-codegen-3.11.10.jar:/home/user/.m2/repository/com/jolbox/bonecp/0.8.0.RELEASE/bonecp-0.8.0.RELEASE.jar:/home/user/.m2/repository/org/apache/derby/derby/10.14.2.0/derby-10.14.2.0.jar:/home/user/.m2/repository/org/xerial/sqlite-jdbc/3.25.2/sqlite-jdbc-3.25.2.jar:/home/user/.m2/repository/org/springframework/spring-jdbc/5.2.11.RELEASE/spring-jdbc-5.2.11.RELEASE.jar:/home/user/.m2/repository/org/springframework/spring-beans/5.2.11.RELEASE/spring-beans-5.2.11.RELEASE.jar:/home/user/.m2/repository/org/springframework/spring-core/5.2.11.RELEASE/spring-core-5.2.11.RELEASE.jar:/home/user/.m2/repository/org/springframework/spring-jcl/5.2.11.RELEASE/spring-jcl-5.2.11.RELEASE.jar:/home/user/.m2/repository/org/springframework/spring-tx/5.2.11.RELEASE/spring-tx-5.2.11.RELEASE.jar:/home/user/.m2/repository/org/apache/hadoop/hadoop-ozone-client/1.1.0-SNAPSHOT/hadoop-ozone-client-1.1.0-SNAPSHOT.jar:/home/user/.m2/repository/org/apache/hadoop/hadoop-ozone-filesystem/1.1.0-SNAPSHOT/hadoop-ozone-filesystem-1.1.0-SNAPSHOT.jar:/home/user/.m2/repository/org/apache/hadoop/hadoop-ozone-filesystem-common/1.1.0-SNAPSHOT/hadoop-ozone-filesystem-common-1.1.0-SNAPSHOT.jar:/home/user/.m2/repository/org/apache/hadoop/hadoop-ozone-tools/1.1.0-SNAPSHOT/hadoop-ozone-tools-1.1.0-SNAPSHOT.jar:/home/user/.m2/repository/org/apache/ratis/ratis-tools/1.1.0-913f5a4-SNAPSHOT/ratis-tools-1.1.0-913f5a4-SNAPSHOT.jar:/home/user/.m2/repository/org/apache/ratis/ratis-proto/1.1.0-913f5a4-SNAPSHOT/ratis-proto-1.1.0-913f5a4-SNAPSHOT.jar:/home/user/.m2/repository/org/apache/ratis/ratis-common/1.1.0-913f5a4-SNAPSHOT/ratis-common-1.1.0-913f5a4-SNAPSHOT.jar:/home/user/.m2/repository/com/amazonaws/aws-java-sdk-core/1.11.901/aws-java-sdk-core-1.11.901.jar:/home/user/.m2/repository/org/apache/httpcomponents/httpclient/4.5.13/httpclient-4.5.13.jar:/home/user/.m2/repository/org/apache/httpcomponents/httpcore/4.4.13/httpcore-4.4.13.jar:/home/user/.m2/repository/software/amazon/ion/ion-java/1.0.2/ion-java-1.0.2.jar:/home/user/.m2/repository/com/fasterxml/jackson/dataformat/jackson-dataformat-cbor/2.10.3/jackson-dataformat-cbor-2.10.3.jar:/home/user/.m2/repository/joda-time/joda-time/2.8.1/joda-time-2.8.1.jar:/home/user/.m2/repository/com/amazonaws/aws-java-sdk-s3/1.11.901/aws-java-sdk-s3-1.11.901.jar:/home/user/.m2/repository/com/amazonaws/aws-java-sdk-kms/1.11.901/aws-java-sdk-kms-1.11.901.jar:/home/user/.m2/repository/com/amazonaws/jmespath-java/1.11.901/jmespath-java-1.11.901.jar:/home/user/.m2/repository/org/kohsuke/metainf-services/metainf-services/1.8/metainf-services-1.8.jar:/home/user/.m2/repository/org/apache/hadoop/hadoop-hdds-tools/1.1.0-SNAPSHOT/hadoop-hdds-tools-1.1.0-SNAPSHOT.jar:/home/user/.m2/repository/commons-cli/commons-cli/1.2/commons-cli-1.2.jar:/home/user/.m2/repository/org/apache/commons/commons-lang3/3.7/commons-lang3-3.7.jar:/home/user/.m2/repository/org/apache/hadoop/hadoop-ozone-ozone-manager/1.1.0-SNAPSHOT/hadoop-ozone-ozone-manager-1.1.0-SNAPSHOT-tests.jar:/home/user/.m2/repository/org/apache/hadoop/hadoop-hdds-common/1.1.0-SNAPSHOT/hadoop-hdds-common-1.1.0-SNAPSHOT-tests.jar:/home/user/.m2/repository/org/apache/hadoop/hadoop-hdds-hadoop-dependency-client/1.1.0-SNAPSHOT/hadoop-hdds-hadoop-dependency-client-1.1.0-SNAPSHOT.jar:/home/user/.m2/repository/info/picocli/picocli/4.4.0/picocli-4.4.0.jar:/home/user/.m2/repository/com/fasterxml/jackson/core/jackson-annotations/2.10.3/jackson-annotations-2.10.3.jar:/home/user/.m2/repository/javax/annotation/javax.annotation-api/1.2/javax.annotation-api-1.2.jar:/home/user/.m2/repository/org/fusesource/leveldbjni/leveldbjni-all/1.8/leveldbjni-all-1.8.jar:/home/user/.m2/repository/org/apache/ratis/ratis-server/1.1.0-913f5a4-SNAPSHOT/ratis-server-1.1.0-913f5a4-SNAPSHOT.jar:/home/user/.m2/repository/org/apache/ratis/ratis-client/1.1.0-913f5a4-SNAPSHOT/ratis-client-1.1.0-913f5a4-SNAPSHOT.jar:/home/user/.m2/repository/org/apache/ratis/ratis-metrics/1.1.0-913f5a4-SNAPSHOT/ratis-metrics-1.1.0-913f5a4-SNAPSHOT.jar:/home/user/.m2/repository/org/apache/ratis/ratis-netty/1.1.0-913f5a4-SNAPSHOT/ratis-netty-1.1.0-913f5a4-SNAPSHOT.jar:/home/user/.m2/repository/org/apache/ratis/ratis-grpc/1.1.0-913f5a4-SNAPSHOT/ratis-grpc-1.1.0-913f5a4-SNAPSHOT.jar:/home/user/.m2/repository/org/apache/logging/log4j/log4j-api/2.13.3/log4j-api-2.13.3.jar:/home/user/.m2/repository/org/apache/logging/log4j/log4j-core/2.13.3/log4j-core-2.13.3.jar:/home/user/.m2/repository/com/lmax/disruptor/3.4.2/disruptor-3.4.2.jar:/home/user/.m2/repository/org/apache/commons/commons-pool2/2.6.0/commons-pool2-2.6.0.jar:/home/user/.m2/repository/org/bouncycastle/bcpkix-jdk15on/1.60/bcpkix-jdk15on-1.60.jar:/home/user/.m2/repository/commons-validator/commons-validator/1.6/commons-validator-1.6.jar:/home/user/.m2/repository/commons-beanutils/commons-beanutils/1.9.4/commons-beanutils-1.9.4.jar:/home/user/.m2/repository/commons-digester/commons-digester/1.8.1/commons-digester-1.8.1.jar:/home/user/.m2/repository/commons-collections/commons-collections/3.2.2/commons-collections-3.2.2.jar:/home/user/.m2/repository/io/jaegertracing/jaeger-client/1.2.0/jaeger-client-1.2.0.jar:/home/user/.m2/repository/io/jaegertracing/jaeger-thrift/1.2.0/jaeger-thrift-1.2.0.jar:/home/user/.m2/repository/org/apache/thrift/libthrift/0.13.0/libthrift-0.13.0.jar:/home/user/.m2/repository/com/squareup/okhttp3/okhttp/4.2.2/okhttp-4.2.2.jar:/home/user/.m2/repository/com/squareup/okio/okio/2.2.2/okio-2.2.2.jar:/home/user/.m2/repository/org/jetbrains/kotlin/kotlin-stdlib/1.3.50/kotlin-stdlib-1.3.50.jar:/home/user/.m2/repository/org/jetbrains/kotlin/kotlin-stdlib-common/1.3.50/kotlin-stdlib-common-1.3.50.jar:/home/user/.m2/repository/org/jetbrains/annotations/13.0/annotations-13.0.jar:/home/user/.m2/repository/io/jaegertracing/jaeger-core/1.2.0/jaeger-core-1.2.0.jar:/home/user/.m2/repository/io/jaegertracing/jaeger-tracerresolver/1.2.0/jaeger-tracerresolver-1.2.0.jar:/home/user/.m2/repository/io/opentracing/contrib/opentracing-tracerresolver/0.1.8/opentracing-tracerresolver-0.1.8.jar:/home/user/.m2/repository/io/opentracing/opentracing-util/0.33.0/opentracing-util-0.33.0.jar:/home/user/.m2/repository/io/opentracing/opentracing-api/0.33.0/opentracing-api-0.33.0.jar:/home/user/.m2/repository/io/opentracing/opentracing-noop/0.33.0/opentracing-noop-0.33.0.jar:/home/user/.m2/repository/org/yaml/snakeyaml/1.26/snakeyaml-1.26.jar:/home/user/.m2/repository/junit/junit/4.11/junit-4.11.jar:/home/user/.m2/repository/org/hamcrest/hamcrest-core/1.3/hamcrest-core-1.3.jar:/home/user/.m2/repository/org/openjdk/jmh/jmh-core/1.19/jmh-core-1.19.jar:/home/user/.m2/repository/net/sf/jopt-simple/jopt-simple/4.6/jopt-simple-4.6.jar:/home/user/.m2/repository/org/apache/commons/commons-math3/3.1.1/commons-math3-3.1.1.jar:/home/user/.m2/repository/org/openjdk/jmh/jmh-generator-annprocess/1.19/jmh-generator-annprocess-1.19.jar:/home/user/.m2/repository/org/mockito/mockito-all/1.8.5/mockito-all-1.8.5.jar:/home/user/.m2/repository/org/apache/hadoop/hadoop-kms/3.2.1/hadoop-kms-3.2.1.jar:/home/user/.m2/repository/org/apache/hadoop/hadoop-auth/3.2.1/hadoop-auth-3.2.1.jar:/home/user/.m2/repository/com/nimbusds/nimbus-jose-jwt/7.9/nimbus-jose-jwt-7.9.jar:/home/user/.m2/repository/com/github/stephenc/jcip/jcip-annotations/1.0-1/jcip-annotations-1.0-1.jar:/home/user/.m2/repository/net/minidev/json-smart/2.3/json-smart-2.3.jar:/home/user/.m2/repository/net/minidev/accessors-smart/1.2/accessors-smart-1.2.jar:/home/user/.m2/repository/org/ow2/asm/asm/5.0.4/asm-5.0.4.jar:/home/user/.m2/repository/org/apache/zookeeper/zookeeper/3.4.13/zookeeper-3.4.13.jar:/home/user/.m2/repository/org/apache/yetus/audience-annotations/0.5.0/audience-annotations-0.5.0.jar:/home/user/.m2/repository/org/apache/curator/curator-framework/2.13.0/curator-framework-2.13.0.jar:/home/user/.m2/repository/com/sun/jersey/jersey-core/1.19/jersey-core-1.19.jar:/home/user/.m2/repository/javax/ws/rs/jsr311-api/1.1.1/jsr311-api-1.1.1.jar:/home/user/.m2/repository/com/sun/jersey/jersey-server/1.19/jersey-server-1.19.jar:/home/user/.m2/repository/javax/servlet/javax.servlet-api/3.1.0/javax.servlet-api-3.1.0.jar:/home/user/.m2/repository/org/eclipse/jetty/jetty-server/9.4.34.v20201102/jetty-server-9.4.34.v20201102.jar:/home/user/.m2/repository/org/eclipse/jetty/jetty-http/9.4.34.v20201102/jetty-http-9.4.34.v20201102.jar:/home/user/.m2/repository/org/eclipse/jetty/jetty-io/9.4.34.v20201102/jetty-io-9.4.34.v20201102.jar:/home/user/.m2/repository/org/eclipse/jetty/jetty-webapp/9.4.34.v20201102/jetty-webapp-9.4.34.v20201102.jar:/home/user/.m2/repository/org/eclipse/jetty/jetty-xml/9.4.34.v20201102/jetty-xml-9.4.34.v20201102.jar:/home/user/.m2/repository/org/apache/hadoop/hadoop-common/3.2.1/hadoop-common-3.2.1.jar:/home/user/.m2/repository/commons-net/commons-net/3.6/commons-net-3.6.jar:/home/user/.m2/repository/com/sun/jersey/jersey-servlet/1.19/jersey-servlet-1.19.jar:/home/user/.m2/repository/com/sun/jersey/jersey-json/1.19/jersey-json-1.19.jar:/home/user/.m2/repository/org/codehaus/jettison/jettison/1.1/jettison-1.1.jar:/home/user/.m2/repository/org/codehaus/jackson/jackson-jaxrs/1.9.2/jackson-jaxrs-1.9.2.jar:/home/user/.m2/repository/org/codehaus/jackson/jackson-xc/1.9.2/jackson-xc-1.9.2.jar:/home/user/.m2/repository/org/apache/commons/commons-configuration2/2.1.1/commons-configuration2-2.1.1.jar:/home/user/.m2/repository/org/apache/commons/commons-text/1.4/commons-text-1.4.jar:/home/user/.m2/repository/com/google/re2j/re2j/1.1/re2j-1.1.jar:/home/user/.m2/repository/com/jcraft/jsch/0.1.54/jsch-0.1.54.jar:/home/user/.m2/repository/org/apache/curator/curator-client/2.13.0/curator-client-2.13.0.jar:/home/user/.m2/repository/org/apache/curator/curator-recipes/2.13.0/curator-recipes-2.13.0.jar:/home/user/.m2/repository/dnsjava/dnsjava/2.1.7/dnsjava-2.1.7.jar:/home/user/.m2/repository/org/slf4j/jul-to-slf4j/1.7.30/jul-to-slf4j-1.7.30.jar:/home/user/.m2/repository/org/eclipse/jetty/jetty-util/9.4.34.v20201102/jetty-util-9.4.34.v20201102.jar:/home/user/.m2/repository/com/fasterxml/jackson/core/jackson-databind/2.10.3/jackson-databind-2.10.3.jar:/home/user/.m2/repository/org/apache/hadoop/hadoop-kms/3.2.1/hadoop-kms-3.2.1-tests.jar:/home/user/.m2/repository/org/apache/hadoop/hadoop-hdds-server-scm/1.1.0-SNAPSHOT/hadoop-hdds-server-scm-1.1.0-SNAPSHOT-tests.jar:/home/user/.m2/repository/org/apache/hadoop/hadoop-hdds-container-service/1.1.0-SNAPSHOT/hadoop-hdds-container-service-1.1.0-SNAPSHOT-tests.jar:/home/user/.m2/repository/commons-codec/commons-codec/1.11/commons-codec-1.11.jar:/home/user/.m2/repository/org/apache/hadoop/hadoop-hdds-hadoop-dependency-test/1.1.0-SNAPSHOT/hadoop-hdds-hadoop-dependency-test-1.1.0-SNAPSHOT.jar:/home/user/.m2/repository/org/apache/hadoop/hadoop-common/3.2.1/hadoop-common-3.2.1-tests.jar:/home/user/.m2/repository/org/apache/hadoop/hadoop-hdfs/3.2.1/hadoop-hdfs-3.2.1-tests.jar:/home/user/.m2/repository/org/eclipse/jetty/jetty-util-ajax/9.4.34.v20201102/jetty-util-ajax-9.4.34.v20201102.jar:/home/user/.m2/repository/commons-daemon/commons-daemon/1.0.13/commons-daemon-1.0.13.jar:/home/user/.m2/repository/io/netty/netty/3.10.5.Final/netty-3.10.5.Final.jar:/home/user/.m2/repository/io/netty/netty-all/4.1.48.Final/netty-all-4.1.48.Final.jar:/home/user/.m2/repository/org/apache/htrace/htrace-core4/4.1.0-incubating/htrace-core4-4.1.0-incubating.jar:/home/user/.m2/repository/org/apache/hadoop/hadoop-distcp/3.2.1/hadoop-distcp-3.2.1.jar:/home/user/.m2/repository/org/apache/hadoop/hadoop-mapreduce-client-jobclient/3.2.1/hadoop-mapreduce-client-jobclient-3.2.1.jar:/home/user/.m2/repository/org/apache/hadoop/hadoop-mapreduce-client-common/3.2.1/hadoop-mapreduce-client-common-3.2.1.jar:/home/user/.m2/repository/org/apache/hadoop/hadoop-yarn-common/3.2.1/hadoop-yarn-common-3.2.1.jar:/home/user/.m2/repository/org/apache/hadoop/hadoop-yarn-api/3.2.1/hadoop-yarn-api-3.2.1.jar:/home/user/.m2/repository/com/sun/jersey/jersey-client/1.19/jersey-client-1.19.jar:/home/user/.m2/repository/com/sun/jersey/contribs/jersey-guice/1.19/jersey-guice-1.19.jar:/home/user/.m2/repository/com/fasterxml/jackson/jaxrs/jackson-jaxrs-json-provider/2.10.3/jackson-jaxrs-json-provider-2.10.3.jar:/home/user/.m2/repository/com/fasterxml/jackson/jaxrs/jackson-jaxrs-base/2.10.3/jackson-jaxrs-base-2.10.3.jar:/home/user/.m2/repository/org/apache/hadoop/hadoop-yarn-client/3.2.1/hadoop-yarn-client-3.2.1.jar:/home/user/.m2/repository/org/apache/hadoop/hadoop-mapreduce-client-core/3.2.1/hadoop-mapreduce-client-core-3.2.1.jar:/home/user/.m2/repository/org/apache/avro/avro/1.7.7/avro-1.7.7.jar:/home/user/.m2/repository/org/codehaus/jackson/jackson-core-asl/1.9.13/jackson-core-asl-1.9.13.jar:/home/user/.m2/repository/org/codehaus/jackson/jackson-mapper-asl/1.9.13/jackson-mapper-asl-1.9.13.jar:/home/user/.m2/repository/com/thoughtworks/paranamer/paranamer/2.3/paranamer-2.3.jar:/home/user/.m2/repository/org/xerial/snappy/snappy-java/1.0.5/snappy-java-1.0.5.jar:/home/user/.m2/repository/org/apache/hadoop/hadoop-annotations/3.2.1/hadoop-annotations-3.2.1.jar:/usr/lib/jvm/java-1.8.0-openjdk-1.8.0.232.b09-0.el7_7.x86_64/jre/../lib/tools.jar:/home/user/.m2/repository/org/apache/hadoop/hadoop-distcp/3.2.1/hadoop-distcp-3.2.1-tests.jar:"/>
    <property name="java.vm.vendor" value="Oracle Corporation"/>
    <property name="sun.arch.data.model" value="64"/>
    <property name="test.build.dir" value="/github/workspace/mnt/ozone/hadoop-ozone/integration-test/target/test-dir"/>
    <property name="test.cache.data" value=""/>
    <property name="java.vendor.url" value="http://java.oracle.com/"/>
    <property name="user.timezone" value=""/>
    <property name="java.vm.specification.version" value="1.8"/>
    <property name="os.name" value="Linux"/>
    <property name="test.build.data" value="/github/workspace/mnt/ozone/hadoop-ozone/integration-test/target/test-dir"/>
    <property name="user.country" value="US"/>
    <property name="sun.java.launcher" value="SUN_STANDARD"/>
    <property name="sun.boot.library.path" value="/usr/lib/jvm/java-1.8.0-openjdk-1.8.0.232.b09-0.el7_7.x86_64/jre/lib/amd64"/>
    <property name="sun.java.command" value="/github/workspace/mnt/ozone/hadoop-ozone/integration-test/target/surefire/surefirebooter4254059609781326242.jar /github/workspace/mnt/ozone/hadoop-ozone/integration-test/target/surefire 2020-12-15T13-08-50_377-jvmRun1 surefire5799304825745522364tmp surefire_488463320987948189131tmp"/>
    <property name="surefire.test.class.path" value="/github/workspace/mnt/ozone/hadoop-ozone/integration-test/target/test-classes:/github/workspace/mnt/ozone/hadoop-ozone/integration-test/target/classes:/home/user/.m2/repository/org/apache/hadoop/hadoop-ozone-common/1.1.0-SNAPSHOT/hadoop-ozone-common-1.1.0-SNAPSHOT.jar:/home/user/.m2/repository/org/apache/commons/commons-compress/1.4.1/commons-compress-1.4.1.jar:/home/user/.m2/repository/org/tukaani/xz/1.0/xz-1.0.jar:/home/user/.m2/repository/org/apache/hadoop/hadoop-hdds-common/1.1.0-SNAPSHOT/hadoop-hdds-common-1.1.0-SNAPSHOT.jar:/home/user/.m2/repository/org/apache/hadoop/hadoop-hdds-client/1.1.0-SNAPSHOT/hadoop-hdds-client-1.1.0-SNAPSHOT.jar:/home/user/.m2/repository/org/apache/hadoop/hadoop-ozone-interface-client/1.1.0-SNAPSHOT/hadoop-ozone-interface-client-1.1.0-SNAPSHOT.jar:/home/user/.m2/repository/org/apache/hadoop/hadoop-hdds-test-utils/1.1.0-SNAPSHOT/hadoop-hdds-test-utils-1.1.0-SNAPSHOT.jar:/home/user/.m2/repository/com/google/guava/guava/28.2-jre/guava-28.2-jre.jar:/home/user/.m2/repository/com/google/guava/failureaccess/1.0.1/failureaccess-1.0.1.jar:/home/user/.m2/repository/com/google/guava/listenablefuture/9999.0-empty-to-avoid-conflict-with-guava/listenablefuture-9999.0-empty-to-avoid-conflict-with-guava.jar:/home/user/.m2/repository/com/google/code/findbugs/jsr305/3.0.0/jsr305-3.0.0.jar:/home/user/.m2/repository/org/checkerframework/checker-qual/2.10.0/checker-qual-2.10.0.jar:/home/user/.m2/repository/com/google/errorprone/error_prone_annotations/2.2.0/error_prone_annotations-2.2.0.jar:/home/user/.m2/repository/com/google/j2objc/j2objc-annotations/1.3/j2objc-annotations-1.3.jar:/home/user/.m2/repository/commons-io/commons-io/2.5/commons-io-2.5.jar:/home/user/.m2/repository/commons-logging/commons-logging/1.2/commons-logging-1.2.jar:/home/user/.m2/repository/log4j/log4j/1.2.17/log4j-1.2.17.jar:/home/user/.m2/repository/org/slf4j/slf4j-api/1.7.30/slf4j-api-1.7.30.jar:/home/user/.m2/repository/org/apache/hadoop/hadoop-hdds-server-scm/1.1.0-SNAPSHOT/hadoop-hdds-server-scm-1.1.0-SNAPSHOT.jar:/home/user/.m2/repository/org/apache/hadoop/hadoop-hdds-container-service/1.1.0-SNAPSHOT/hadoop-hdds-container-service-1.1.0-SNAPSHOT.jar:/home/user/.m2/repository/org/apache/hadoop/hadoop-hdds-hadoop-dependency-server/1.1.0-SNAPSHOT/hadoop-hdds-hadoop-dependency-server-1.1.0-SNAPSHOT.jar:/home/user/.m2/repository/org/apache/hadoop/hadoop-hdfs/3.2.1/hadoop-hdfs-3.2.1.jar:/home/user/.m2/repository/org/apache/hadoop/hadoop-hdds-server-framework/1.1.0-SNAPSHOT/hadoop-hdds-server-framework-1.1.0-SNAPSHOT.jar:/home/user/.m2/repository/org/apache/hadoop/hadoop-hdds-interface-server/1.1.0-SNAPSHOT/hadoop-hdds-interface-server-1.1.0-SNAPSHOT.jar:/home/user/.m2/repository/org/apache/hadoop/hadoop-hdds-interface-admin/1.1.0-SNAPSHOT/hadoop-hdds-interface-admin-1.1.0-SNAPSHOT.jar:/home/user/.m2/repository/org/eclipse/jetty/jetty-servlet/9.4.34.v20201102/jetty-servlet-9.4.34.v20201102.jar:/home/user/.m2/repository/org/eclipse/jetty/jetty-security/9.4.34.v20201102/jetty-security-9.4.34.v20201102.jar:/home/user/.m2/repository/org/rocksdb/rocksdbjni/6.8.1/rocksdbjni-6.8.1.jar:/home/user/.m2/repository/io/prometheus/simpleclient_dropwizard/0.7.0/simpleclient_dropwizard-0.7.0.jar:/home/user/.m2/repository/io/prometheus/simpleclient/0.7.0/simpleclient-0.7.0.jar:/home/user/.m2/repository/io/prometheus/simpleclient_common/0.7.0/simpleclient_common-0.7.0.jar:/home/user/.m2/repository/com/fasterxml/jackson/datatype/jackson-datatype-jsr310/2.10.3/jackson-datatype-jsr310-2.10.3.jar:/home/user/.m2/repository/io/dropwizard/metrics/metrics-core/3.2.4/metrics-core-3.2.4.jar:/home/user/.m2/repository/org/apache/hadoop/hadoop-hdfs-client/3.2.1/hadoop-hdfs-client-3.2.1.jar:/home/user/.m2/repository/org/bouncycastle/bcprov-jdk15on/1.60/bcprov-jdk15on-1.60.jar:/home/user/.m2/repository/org/apache/hadoop/hadoop-ozone-ozone-manager/1.1.0-SNAPSHOT/hadoop-ozone-ozone-manager-1.1.0-SNAPSHOT.jar:/home/user/.m2/repository/org/apache/hadoop/hadoop-hdds-interface-client/1.1.0-SNAPSHOT/hadoop-hdds-interface-client-1.1.0-SNAPSHOT.jar:/home/user/.m2/repository/org/apache/ratis/ratis-thirdparty-misc/0.6.0-SNAPSHOT/ratis-thirdparty-misc-0.6.0-SNAPSHOT.jar:/home/user/.m2/repository/org/apache/hadoop/hadoop-ozone-interface-storage/1.1.0-SNAPSHOT/hadoop-ozone-interface-storage-1.1.0-SNAPSHOT.jar:/home/user/.m2/repository/org/apache/hadoop/hadoop-minikdc/3.2.1/hadoop-minikdc-3.2.1.jar:/home/user/.m2/repository/org/apache/kerby/kerb-simplekdc/1.0.1/kerb-simplekdc-1.0.1.jar:/home/user/.m2/repository/org/apache/kerby/kerb-client/1.0.1/kerb-client-1.0.1.jar:/home/user/.m2/repository/org/apache/kerby/kerby-config/1.0.1/kerby-config-1.0.1.jar:/home/user/.m2/repository/org/apache/kerby/kerb-core/1.0.1/kerb-core-1.0.1.jar:/home/user/.m2/repository/org/apache/kerby/kerby-pkix/1.0.1/kerby-pkix-1.0.1.jar:/home/user/.m2/repository/org/apache/kerby/kerby-asn1/1.0.1/kerby-asn1-1.0.1.jar:/home/user/.m2/repository/org/apache/kerby/kerby-util/1.0.1/kerby-util-1.0.1.jar:/home/user/.m2/repository/org/apache/kerby/kerb-common/1.0.1/kerb-common-1.0.1.jar:/home/user/.m2/repository/org/apache/kerby/kerb-crypto/1.0.1/kerb-crypto-1.0.1.jar:/home/user/.m2/repository/org/apache/kerby/kerb-util/1.0.1/kerb-util-1.0.1.jar:/home/user/.m2/repository/org/apache/kerby/token-provider/1.0.1/token-provider-1.0.1.jar:/home/user/.m2/repository/org/apache/kerby/kerb-admin/1.0.1/kerb-admin-1.0.1.jar:/home/user/.m2/repository/org/apache/kerby/kerb-server/1.0.1/kerb-server-1.0.1.jar:/home/user/.m2/repository/org/apache/kerby/kerb-identity/1.0.1/kerb-identity-1.0.1.jar:/home/user/.m2/repository/org/apache/kerby/kerby-xdr/1.0.1/kerby-xdr-1.0.1.jar:/home/user/.m2/repository/org/slf4j/slf4j-log4j12/1.7.30/slf4j-log4j12-1.7.30.jar:/home/user/.m2/repository/org/apache/hadoop/hadoop-ozone-s3gateway/1.1.0-SNAPSHOT/hadoop-ozone-s3gateway-1.1.0-SNAPSHOT.jar:/home/user/.m2/repository/org/jboss/weld/servlet/weld-servlet/2.4.7.Final/weld-servlet-2.4.7.Final.jar:/home/user/.m2/repository/org/glassfish/jersey/containers/jersey-container-servlet-core/2.27/jersey-container-servlet-core-2.27.jar:/home/user/.m2/repository/org/glassfish/hk2/external/javax.inject/2.5.0-b42/javax.inject-2.5.0-b42.jar:/home/user/.m2/repository/org/glassfish/jersey/core/jersey-common/2.27/jersey-common-2.27.jar:/home/user/.m2/repository/org/glassfish/hk2/osgi-resource-locator/1.0.1/osgi-resource-locator-1.0.1.jar:/home/user/.m2/repository/javax/ws/rs/javax.ws.rs-api/2.1/javax.ws.rs-api-2.1.jar:/home/user/.m2/repository/org/glassfish/jersey/ext/cdi/jersey-cdi1x/2.27/jersey-cdi1x-2.27.jar:/home/user/.m2/repository/org/glassfish/jersey/inject/jersey-hk2/2.27/jersey-hk2-2.27.jar:/home/user/.m2/repository/org/glassfish/hk2/hk2-locator/2.5.0-b42/hk2-locator-2.5.0-b42.jar:/home/user/.m2/repository/org/javassist/javassist/3.22.0-CR2/javassist-3.22.0-CR2.jar:/home/user/.m2/repository/org/glassfish/hk2/hk2-api/2.5.0/hk2-api-2.5.0.jar:/home/user/.m2/repository/org/glassfish/hk2/external/jakarta.inject/2.5.0/jakarta.inject-2.5.0.jar:/home/user/.m2/repository/org/glassfish/hk2/hk2-utils/2.5.0/hk2-utils-2.5.0.jar:/home/user/.m2/repository/jakarta/annotation/jakarta.annotation-api/1.3.4/jakarta.annotation-api-1.3.4.jar:/home/user/.m2/repository/org/glassfish/hk2/external/aopalliance-repackaged/2.5.0/aopalliance-repackaged-2.5.0.jar:/home/user/.m2/repository/com/fasterxml/jackson/dataformat/jackson-dataformat-xml/2.10.3/jackson-dataformat-xml-2.10.3.jar:/home/user/.m2/repository/com/fasterxml/jackson/core/jackson-core/2.10.3/jackson-core-2.10.3.jar:/home/user/.m2/repository/com/fasterxml/jackson/module/jackson-module-jaxb-annotations/2.10.3/jackson-module-jaxb-annotations-2.10.3.jar:/home/user/.m2/repository/jakarta/xml/bind/jakarta.xml.bind-api/2.3.2/jakarta.xml.bind-api-2.3.2.jar:/home/user/.m2/repository/jakarta/activation/jakarta.activation-api/1.2.1/jakarta.activation-api-1.2.1.jar:/home/user/.m2/repository/org/codehaus/woodstox/stax2-api/3.1.4/stax2-api-3.1.4.jar:/home/user/.m2/repository/com/fasterxml/woodstox/woodstox-core/5.0.3/woodstox-core-5.0.3.jar:/home/user/.m2/repository/javax/enterprise/cdi-api/1.2/cdi-api-1.2.jar:/home/user/.m2/repository/javax/el/javax.el-api/3.0.0/javax.el-api-3.0.0.jar:/home/user/.m2/repository/javax/interceptor/javax.interceptor-api/1.2/javax.interceptor-api-1.2.jar:/home/user/.m2/repository/javax/inject/javax.inject/1/javax.inject-1.jar:/home/user/.m2/repository/com/sun/xml/bind/jaxb-impl/2.3.0.1/jaxb-impl-2.3.0.1.jar:/home/user/.m2/repository/com/sun/xml/bind/jaxb-core/2.3.0.1/jaxb-core-2.3.0.1.jar:/home/user/.m2/repository/javax/xml/bind/jaxb-api/2.3.0/jaxb-api-2.3.0.jar:/home/user/.m2/repository/javax/activation/activation/1.1.1/activation-1.1.1.jar:/home/user/.m2/repository/org/apache/hadoop/hadoop-ozone-csi/1.1.0-SNAPSHOT/hadoop-ozone-csi-1.1.0-SNAPSHOT.jar:/home/user/.m2/repository/com/google/protobuf/protobuf-java-util/3.11.0/protobuf-java-util-3.11.0.jar:/home/user/.m2/repository/com/google/code/gson/gson/2.2.4/gson-2.2.4.jar:/home/user/.m2/repository/org/apache/hadoop/hadoop-hdds-config/1.1.0-SNAPSHOT/hadoop-hdds-config-1.1.0-SNAPSHOT.jar:/home/user/.m2/repository/com/google/protobuf/protobuf-java/2.5.0/protobuf-java-2.5.0.jar:/home/user/.m2/repository/io/grpc/grpc-netty/1.29.0/grpc-netty-1.29.0.jar:/home/user/.m2/repository/io/grpc/grpc-core/1.29.0/grpc-core-1.29.0.jar:/home/user/.m2/repository/com/google/android/annotations/4.1.1.4/annotations-4.1.1.4.jar:/home/user/.m2/repository/io/perfmark/perfmark-api/0.19.0/perfmark-api-0.19.0.jar:/home/user/.m2/repository/io/netty/netty-codec-http2/4.1.48.Final/netty-codec-http2-4.1.48.Final.jar:/home/user/.m2/repository/io/netty/netty-codec/4.1.48.Final/netty-codec-4.1.48.Final.jar:/home/user/.m2/repository/io/netty/netty-handler/4.1.48.Final/netty-handler-4.1.48.Final.jar:/home/user/.m2/repository/io/netty/netty-codec-http/4.1.48.Final/netty-codec-http-4.1.48.Final.jar:/home/user/.m2/repository/io/netty/netty-handler-proxy/4.1.48.Final/netty-handler-proxy-4.1.48.Final.jar:/home/user/.m2/repository/io/netty/netty-codec-socks/4.1.48.Final/netty-codec-socks-4.1.48.Final.jar:/home/user/.m2/repository/io/netty/netty-transport-native-epoll/4.1.48.Final/netty-transport-native-epoll-4.1.48.Final.jar:/home/user/.m2/repository/io/netty/netty-common/4.1.48.Final/netty-common-4.1.48.Final.jar:/home/user/.m2/repository/io/netty/netty-buffer/4.1.48.Final/netty-buffer-4.1.48.Final.jar:/home/user/.m2/repository/io/netty/netty-transport/4.1.48.Final/netty-transport-4.1.48.Final.jar:/home/user/.m2/repository/io/netty/netty-resolver/4.1.48.Final/netty-resolver-4.1.48.Final.jar:/home/user/.m2/repository/io/netty/netty-transport-native-unix-common/4.1.48.Final/netty-transport-native-unix-common-4.1.48.Final.jar:/home/user/.m2/repository/io/grpc/grpc-protobuf/1.29.0/grpc-protobuf-1.29.0.jar:/home/user/.m2/repository/io/grpc/grpc-api/1.29.0/grpc-api-1.29.0.jar:/home/user/.m2/repository/io/grpc/grpc-context/1.29.0/grpc-context-1.29.0.jar:/home/user/.m2/repository/org/codehaus/mojo/animal-sniffer-annotations/1.18/animal-sniffer-annotations-1.18.jar:/home/user/.m2/repository/com/google/api/grpc/proto-google-common-protos/1.17.0/proto-google-common-protos-1.17.0.jar:/home/user/.m2/repository/io/grpc/grpc-protobuf-lite/1.29.0/grpc-protobuf-lite-1.29.0.jar:/home/user/.m2/repository/io/grpc/grpc-stub/1.29.0/grpc-stub-1.29.0.jar:/home/user/.m2/repository/org/apache/hadoop/hadoop-ozone-recon/1.1.0-SNAPSHOT/hadoop-ozone-recon-1.1.0-SNAPSHOT.jar:/home/user/.m2/repository/org/apache/hadoop/hadoop-ozone-reconcodegen/1.1.0-SNAPSHOT/hadoop-ozone-reconcodegen-1.1.0-SNAPSHOT.jar:/home/user/.m2/repository/com/google/inject/extensions/guice-multibindings/4.0/guice-multibindings-4.0.jar:/home/user/.m2/repository/com/google/inject/guice/4.0/guice-4.0.jar:/home/user/.m2/repository/aopalliance/aopalliance/1.0/aopalliance-1.0.jar:/home/user/.m2/repository/com/google/inject/extensions/guice-assistedinject/4.0/guice-assistedinject-4.0.jar:/home/user/.m2/repository/com/google/inject/extensions/guice-servlet/4.0/guice-servlet-4.0.jar:/home/user/.m2/repository/org/glassfish/jersey/containers/jersey-container-servlet/2.27/jersey-container-servlet-2.27.jar:/home/user/.m2/repository/org/glassfish/hk2/guice-bridge/2.5.0/guice-bridge-2.5.0.jar:/home/user/.m2/repository/org/glassfish/jersey/core/jersey-server/2.27/jersey-server-2.27.jar:/home/user/.m2/repository/org/glassfish/jersey/core/jersey-client/2.27/jersey-client-2.27.jar:/home/user/.m2/repository/org/glassfish/jersey/media/jersey-media-jaxb/2.27/jersey-media-jaxb-2.27.jar:/home/user/.m2/repository/javax/validation/validation-api/1.1.0.Final/validation-api-1.1.0.Final.jar:/home/user/.m2/repository/org/glassfish/jersey/media/jersey-media-json-jackson/2.27/jersey-media-json-jackson-2.27.jar:/home/user/.m2/repository/org/glassfish/jersey/ext/jersey-entity-filtering/2.27/jersey-entity-filtering-2.27.jar:/home/user/.m2/repository/org/jooq/jooq/3.11.10/jooq-3.11.10.jar:/home/user/.m2/repository/org/jooq/jooq-meta/3.11.10/jooq-meta-3.11.10.jar:/home/user/.m2/repository/org/jooq/jooq-codegen/3.11.10/jooq-codegen-3.11.10.jar:/home/user/.m2/repository/com/jolbox/bonecp/0.8.0.RELEASE/bonecp-0.8.0.RELEASE.jar:/home/user/.m2/repository/org/apache/derby/derby/10.14.2.0/derby-10.14.2.0.jar:/home/user/.m2/repository/org/xerial/sqlite-jdbc/3.25.2/sqlite-jdbc-3.25.2.jar:/home/user/.m2/repository/org/springframework/spring-jdbc/5.2.11.RELEASE/spring-jdbc-5.2.11.RELEASE.jar:/home/user/.m2/repository/org/springframework/spring-beans/5.2.11.RELEASE/spring-beans-5.2.11.RELEASE.jar:/home/user/.m2/repository/org/springframework/spring-core/5.2.11.RELEASE/spring-core-5.2.11.RELEASE.jar:/home/user/.m2/repository/org/springframework/spring-jcl/5.2.11.RELEASE/spring-jcl-5.2.11.RELEASE.jar:/home/user/.m2/repository/org/springframework/spring-tx/5.2.11.RELEASE/spring-tx-5.2.11.RELEASE.jar:/home/user/.m2/repository/org/apache/hadoop/hadoop-ozone-client/1.1.0-SNAPSHOT/hadoop-ozone-client-1.1.0-SNAPSHOT.jar:/home/user/.m2/repository/org/apache/hadoop/hadoop-ozone-filesystem/1.1.0-SNAPSHOT/hadoop-ozone-filesystem-1.1.0-SNAPSHOT.jar:/home/user/.m2/repository/org/apache/hadoop/hadoop-ozone-filesystem-common/1.1.0-SNAPSHOT/hadoop-ozone-filesystem-common-1.1.0-SNAPSHOT.jar:/home/user/.m2/repository/org/apache/hadoop/hadoop-ozone-tools/1.1.0-SNAPSHOT/hadoop-ozone-tools-1.1.0-SNAPSHOT.jar:/home/user/.m2/repository/org/apache/ratis/ratis-tools/1.1.0-913f5a4-SNAPSHOT/ratis-tools-1.1.0-913f5a4-SNAPSHOT.jar:/home/user/.m2/repository/org/apache/ratis/ratis-proto/1.1.0-913f5a4-SNAPSHOT/ratis-proto-1.1.0-913f5a4-SNAPSHOT.jar:/home/user/.m2/repository/org/apache/ratis/ratis-common/1.1.0-913f5a4-SNAPSHOT/ratis-common-1.1.0-913f5a4-SNAPSHOT.jar:/home/user/.m2/repository/com/amazonaws/aws-java-sdk-core/1.11.901/aws-java-sdk-core-1.11.901.jar:/home/user/.m2/repository/org/apache/httpcomponents/httpclient/4.5.13/httpclient-4.5.13.jar:/home/user/.m2/repository/org/apache/httpcomponents/httpcore/4.4.13/httpcore-4.4.13.jar:/home/user/.m2/repository/software/amazon/ion/ion-java/1.0.2/ion-java-1.0.2.jar:/home/user/.m2/repository/com/fasterxml/jackson/dataformat/jackson-dataformat-cbor/2.10.3/jackson-dataformat-cbor-2.10.3.jar:/home/user/.m2/repository/joda-time/joda-time/2.8.1/joda-time-2.8.1.jar:/home/user/.m2/repository/com/amazonaws/aws-java-sdk-s3/1.11.901/aws-java-sdk-s3-1.11.901.jar:/home/user/.m2/repository/com/amazonaws/aws-java-sdk-kms/1.11.901/aws-java-sdk-kms-1.11.901.jar:/home/user/.m2/repository/com/amazonaws/jmespath-java/1.11.901/jmespath-java-1.11.901.jar:/home/user/.m2/repository/org/kohsuke/metainf-services/metainf-services/1.8/metainf-services-1.8.jar:/home/user/.m2/repository/org/apache/hadoop/hadoop-hdds-tools/1.1.0-SNAPSHOT/hadoop-hdds-tools-1.1.0-SNAPSHOT.jar:/home/user/.m2/repository/commons-cli/commons-cli/1.2/commons-cli-1.2.jar:/home/user/.m2/repository/org/apache/commons/commons-lang3/3.7/commons-lang3-3.7.jar:/home/user/.m2/repository/org/apache/hadoop/hadoop-ozone-ozone-manager/1.1.0-SNAPSHOT/hadoop-ozone-ozone-manager-1.1.0-SNAPSHOT-tests.jar:/home/user/.m2/repository/org/apache/hadoop/hadoop-hdds-common/1.1.0-SNAPSHOT/hadoop-hdds-common-1.1.0-SNAPSHOT-tests.jar:/home/user/.m2/repository/org/apache/hadoop/hadoop-hdds-hadoop-dependency-client/1.1.0-SNAPSHOT/hadoop-hdds-hadoop-dependency-client-1.1.0-SNAPSHOT.jar:/home/user/.m2/repository/info/picocli/picocli/4.4.0/picocli-4.4.0.jar:/home/user/.m2/repository/com/fasterxml/jackson/core/jackson-annotations/2.10.3/jackson-annotations-2.10.3.jar:/home/user/.m2/repository/javax/annotation/javax.annotation-api/1.2/javax.annotation-api-1.2.jar:/home/user/.m2/repository/org/fusesource/leveldbjni/leveldbjni-all/1.8/leveldbjni-all-1.8.jar:/home/user/.m2/repository/org/apache/ratis/ratis-server/1.1.0-913f5a4-SNAPSHOT/ratis-server-1.1.0-913f5a4-SNAPSHOT.jar:/home/user/.m2/repository/org/apache/ratis/ratis-client/1.1.0-913f5a4-SNAPSHOT/ratis-client-1.1.0-913f5a4-SNAPSHOT.jar:/home/user/.m2/repository/org/apache/ratis/ratis-metrics/1.1.0-913f5a4-SNAPSHOT/ratis-metrics-1.1.0-913f5a4-SNAPSHOT.jar:/home/user/.m2/repository/org/apache/ratis/ratis-netty/1.1.0-913f5a4-SNAPSHOT/ratis-netty-1.1.0-913f5a4-SNAPSHOT.jar:/home/user/.m2/repository/org/apache/ratis/ratis-grpc/1.1.0-913f5a4-SNAPSHOT/ratis-grpc-1.1.0-913f5a4-SNAPSHOT.jar:/home/user/.m2/repository/org/apache/logging/log4j/log4j-api/2.13.3/log4j-api-2.13.3.jar:/home/user/.m2/repository/org/apache/logging/log4j/log4j-core/2.13.3/log4j-core-2.13.3.jar:/home/user/.m2/repository/com/lmax/disruptor/3.4.2/disruptor-3.4.2.jar:/home/user/.m2/repository/org/apache/commons/commons-pool2/2.6.0/commons-pool2-2.6.0.jar:/home/user/.m2/repository/org/bouncycastle/bcpkix-jdk15on/1.60/bcpkix-jdk15on-1.60.jar:/home/user/.m2/repository/commons-validator/commons-validator/1.6/commons-validator-1.6.jar:/home/user/.m2/repository/commons-beanutils/commons-beanutils/1.9.4/commons-beanutils-1.9.4.jar:/home/user/.m2/repository/commons-digester/commons-digester/1.8.1/commons-digester-1.8.1.jar:/home/user/.m2/repository/commons-collections/commons-collections/3.2.2/commons-collections-3.2.2.jar:/home/user/.m2/repository/io/jaegertracing/jaeger-client/1.2.0/jaeger-client-1.2.0.jar:/home/user/.m2/repository/io/jaegertracing/jaeger-thrift/1.2.0/jaeger-thrift-1.2.0.jar:/home/user/.m2/repository/org/apache/thrift/libthrift/0.13.0/libthrift-0.13.0.jar:/home/user/.m2/repository/com/squareup/okhttp3/okhttp/4.2.2/okhttp-4.2.2.jar:/home/user/.m2/repository/com/squareup/okio/okio/2.2.2/okio-2.2.2.jar:/home/user/.m2/repository/org/jetbrains/kotlin/kotlin-stdlib/1.3.50/kotlin-stdlib-1.3.50.jar:/home/user/.m2/repository/org/jetbrains/kotlin/kotlin-stdlib-common/1.3.50/kotlin-stdlib-common-1.3.50.jar:/home/user/.m2/repository/org/jetbrains/annotations/13.0/annotations-13.0.jar:/home/user/.m2/repository/io/jaegertracing/jaeger-core/1.2.0/jaeger-core-1.2.0.jar:/home/user/.m2/repository/io/jaegertracing/jaeger-tracerresolver/1.2.0/jaeger-tracerresolver-1.2.0.jar:/home/user/.m2/repository/io/opentracing/contrib/opentracing-tracerresolver/0.1.8/opentracing-tracerresolver-0.1.8.jar:/home/user/.m2/repository/io/opentracing/opentracing-util/0.33.0/opentracing-util-0.33.0.jar:/home/user/.m2/repository/io/opentracing/opentracing-api/0.33.0/opentracing-api-0.33.0.jar:/home/user/.m2/repository/io/opentracing/opentracing-noop/0.33.0/opentracing-noop-0.33.0.jar:/home/user/.m2/repository/org/yaml/snakeyaml/1.26/snakeyaml-1.26.jar:/home/user/.m2/repository/junit/junit/4.11/junit-4.11.jar:/home/user/.m2/repository/org/hamcrest/hamcrest-core/1.3/hamcrest-core-1.3.jar:/home/user/.m2/repository/org/openjdk/jmh/jmh-core/1.19/jmh-core-1.19.jar:/home/user/.m2/repository/net/sf/jopt-simple/jopt-simple/4.6/jopt-simple-4.6.jar:/home/user/.m2/repository/org/apache/commons/commons-math3/3.1.1/commons-math3-3.1.1.jar:/home/user/.m2/repository/org/openjdk/jmh/jmh-generator-annprocess/1.19/jmh-generator-annprocess-1.19.jar:/home/user/.m2/repository/org/mockito/mockito-all/1.8.5/mockito-all-1.8.5.jar:/home/user/.m2/repository/org/apache/hadoop/hadoop-kms/3.2.1/hadoop-kms-3.2.1.jar:/home/user/.m2/repository/org/apache/hadoop/hadoop-auth/3.2.1/hadoop-auth-3.2.1.jar:/home/user/.m2/repository/com/nimbusds/nimbus-jose-jwt/7.9/nimbus-jose-jwt-7.9.jar:/home/user/.m2/repository/com/github/stephenc/jcip/jcip-annotations/1.0-1/jcip-annotations-1.0-1.jar:/home/user/.m2/repository/net/minidev/json-smart/2.3/json-smart-2.3.jar:/home/user/.m2/repository/net/minidev/accessors-smart/1.2/accessors-smart-1.2.jar:/home/user/.m2/repository/org/ow2/asm/asm/5.0.4/asm-5.0.4.jar:/home/user/.m2/repository/org/apache/zookeeper/zookeeper/3.4.13/zookeeper-3.4.13.jar:/home/user/.m2/repository/org/apache/yetus/audience-annotations/0.5.0/audience-annotations-0.5.0.jar:/home/user/.m2/repository/org/apache/curator/curator-framework/2.13.0/curator-framework-2.13.0.jar:/home/user/.m2/repository/com/sun/jersey/jersey-core/1.19/jersey-core-1.19.jar:/home/user/.m2/repository/javax/ws/rs/jsr311-api/1.1.1/jsr311-api-1.1.1.jar:/home/user/.m2/repository/com/sun/jersey/jersey-server/1.19/jersey-server-1.19.jar:/home/user/.m2/repository/javax/servlet/javax.servlet-api/3.1.0/javax.servlet-api-3.1.0.jar:/home/user/.m2/repository/org/eclipse/jetty/jetty-server/9.4.34.v20201102/jetty-server-9.4.34.v20201102.jar:/home/user/.m2/repository/org/eclipse/jetty/jetty-http/9.4.34.v20201102/jetty-http-9.4.34.v20201102.jar:/home/user/.m2/repository/org/eclipse/jetty/jetty-io/9.4.34.v20201102/jetty-io-9.4.34.v20201102.jar:/home/user/.m2/repository/org/eclipse/jetty/jetty-webapp/9.4.34.v20201102/jetty-webapp-9.4.34.v20201102.jar:/home/user/.m2/repository/org/eclipse/jetty/jetty-xml/9.4.34.v20201102/jetty-xml-9.4.34.v20201102.jar:/home/user/.m2/repository/org/apache/hadoop/hadoop-common/3.2.1/hadoop-common-3.2.1.jar:/home/user/.m2/repository/commons-net/commons-net/3.6/commons-net-3.6.jar:/home/user/.m2/repository/com/sun/jersey/jersey-servlet/1.19/jersey-servlet-1.19.jar:/home/user/.m2/repository/com/sun/jersey/jersey-json/1.19/jersey-json-1.19.jar:/home/user/.m2/repository/org/codehaus/jettison/jettison/1.1/jettison-1.1.jar:/home/user/.m2/repository/org/codehaus/jackson/jackson-jaxrs/1.9.2/jackson-jaxrs-1.9.2.jar:/home/user/.m2/repository/org/codehaus/jackson/jackson-xc/1.9.2/jackson-xc-1.9.2.jar:/home/user/.m2/repository/org/apache/commons/commons-configuration2/2.1.1/commons-configuration2-2.1.1.jar:/home/user/.m2/repository/org/apache/commons/commons-text/1.4/commons-text-1.4.jar:/home/user/.m2/repository/com/google/re2j/re2j/1.1/re2j-1.1.jar:/home/user/.m2/repository/com/jcraft/jsch/0.1.54/jsch-0.1.54.jar:/home/user/.m2/repository/org/apache/curator/curator-client/2.13.0/curator-client-2.13.0.jar:/home/user/.m2/repository/org/apache/curator/curator-recipes/2.13.0/curator-recipes-2.13.0.jar:/home/user/.m2/repository/dnsjava/dnsjava/2.1.7/dnsjava-2.1.7.jar:/home/user/.m2/repository/org/slf4j/jul-to-slf4j/1.7.30/jul-to-slf4j-1.7.30.jar:/home/user/.m2/repository/org/eclipse/jetty/jetty-util/9.4.34.v20201102/jetty-util-9.4.34.v20201102.jar:/home/user/.m2/repository/com/fasterxml/jackson/core/jackson-databind/2.10.3/jackson-databind-2.10.3.jar:/home/user/.m2/repository/org/apache/hadoop/hadoop-kms/3.2.1/hadoop-kms-3.2.1-tests.jar:/home/user/.m2/repository/org/apache/hadoop/hadoop-hdds-server-scm/1.1.0-SNAPSHOT/hadoop-hdds-server-scm-1.1.0-SNAPSHOT-tests.jar:/home/user/.m2/repository/org/apache/hadoop/hadoop-hdds-container-service/1.1.0-SNAPSHOT/hadoop-hdds-container-service-1.1.0-SNAPSHOT-tests.jar:/home/user/.m2/repository/commons-codec/commons-codec/1.11/commons-codec-1.11.jar:/home/user/.m2/repository/org/apache/hadoop/hadoop-hdds-hadoop-dependency-test/1.1.0-SNAPSHOT/hadoop-hdds-hadoop-dependency-test-1.1.0-SNAPSHOT.jar:/home/user/.m2/repository/org/apache/hadoop/hadoop-common/3.2.1/hadoop-common-3.2.1-tests.jar:/home/user/.m2/repository/org/apache/hadoop/hadoop-hdfs/3.2.1/hadoop-hdfs-3.2.1-tests.jar:/home/user/.m2/repository/org/eclipse/jetty/jetty-util-ajax/9.4.34.v20201102/jetty-util-ajax-9.4.34.v20201102.jar:/home/user/.m2/repository/commons-daemon/commons-daemon/1.0.13/commons-daemon-1.0.13.jar:/home/user/.m2/repository/io/netty/netty/3.10.5.Final/netty-3.10.5.Final.jar:/home/user/.m2/repository/io/netty/netty-all/4.1.48.Final/netty-all-4.1.48.Final.jar:/home/user/.m2/repository/org/apache/htrace/htrace-core4/4.1.0-incubating/htrace-core4-4.1.0-incubating.jar:/home/user/.m2/repository/org/apache/hadoop/hadoop-distcp/3.2.1/hadoop-distcp-3.2.1.jar:/home/user/.m2/repository/org/apache/hadoop/hadoop-mapreduce-client-jobclient/3.2.1/hadoop-mapreduce-client-jobclient-3.2.1.jar:/home/user/.m2/repository/org/apache/hadoop/hadoop-mapreduce-client-common/3.2.1/hadoop-mapreduce-client-common-3.2.1.jar:/home/user/.m2/repository/org/apache/hadoop/hadoop-yarn-common/3.2.1/hadoop-yarn-common-3.2.1.jar:/home/user/.m2/repository/org/apache/hadoop/hadoop-yarn-api/3.2.1/hadoop-yarn-api-3.2.1.jar:/home/user/.m2/repository/com/sun/jersey/jersey-client/1.19/jersey-client-1.19.jar:/home/user/.m2/repository/com/sun/jersey/contribs/jersey-guice/1.19/jersey-guice-1.19.jar:/home/user/.m2/repository/com/fasterxml/jackson/jaxrs/jackson-jaxrs-json-provider/2.10.3/jackson-jaxrs-json-provider-2.10.3.jar:/home/user/.m2/repository/com/fasterxml/jackson/jaxrs/jackson-jaxrs-base/2.10.3/jackson-jaxrs-base-2.10.3.jar:/home/user/.m2/repository/org/apache/hadoop/hadoop-yarn-client/3.2.1/hadoop-yarn-client-3.2.1.jar:/home/user/.m2/repository/org/apache/hadoop/hadoop-mapreduce-client-core/3.2.1/hadoop-mapreduce-client-core-3.2.1.jar:/home/user/.m2/repository/org/apache/avro/avro/1.7.7/avro-1.7.7.jar:/home/user/.m2/repository/org/codehaus/jackson/jackson-core-asl/1.9.13/jackson-core-asl-1.9.13.jar:/home/user/.m2/repository/org/codehaus/jackson/jackson-mapper-asl/1.9.13/jackson-mapper-asl-1.9.13.jar:/home/user/.m2/repository/com/thoughtworks/paranamer/paranamer/2.3/paranamer-2.3.jar:/home/user/.m2/repository/org/xerial/snappy/snappy-java/1.0.5/snappy-java-1.0.5.jar:/home/user/.m2/repository/org/apache/hadoop/hadoop-annotations/3.2.1/hadoop-annotations-3.2.1.jar:/usr/lib/jvm/java-1.8.0-openjdk-1.8.0.232.b09-0.el7_7.x86_64/jre/../lib/tools.jar:/home/user/.m2/repository/org/apache/hadoop/hadoop-distcp/3.2.1/hadoop-distcp-3.2.1-tests.jar:"/>
    <property name="sun.cpu.endian" value="little"/>
    <property name="user.home" value="/home/user"/>
    <property name="user.language" value="en"/>
    <property name="java.specification.vendor" value="Oracle Corporation"/>
    <property name="java.home" value="/usr/lib/jvm/java-1.8.0-openjdk-1.8.0.232.b09-0.el7_7.x86_64/jre"/>
    <property name="java.security.krb5.conf" value="/github/workspace/mnt/ozone/hadoop-ozone/integration-test/target/test-classes/krb5.conf"/>
    <property name="basedir" value="/github/workspace/mnt/ozone/hadoop-ozone/integration-test"/>
    <property name="file.separator" value="/"/>
    <property name="line.separator" value="&#10;"/>
    <property name="java.vm.specification.vendor" value="Oracle Corporation"/>
    <property name="java.specification.name" value="Java Platform API Specification"/>
    <property name="java.awt.graphicsenv" value="sun.awt.X11GraphicsEnvironment"/>
    <property name="skip.installnpx" value="true"/>
    <property name="surefire.real.class.path" value="/github/workspace/mnt/ozone/hadoop-ozone/integration-test/target/surefire/surefirebooter4254059609781326242.jar:/home/user/.m2/repository/org/jacoco/org.jacoco.agent/0.8.5/org.jacoco.agent-0.8.5-runtime.jar"/>
    <property name="hadoop.log.dir" value="/github/workspace/mnt/ozone/hadoop-ozone/integration-test/target/log"/>
    <property name="sun.boot.class.path" value="/usr/lib/jvm/java-1.8.0-openjdk-1.8.0.232.b09-0.el7_7.x86_64/jre/lib/resources.jar:/usr/lib/jvm/java-1.8.0-openjdk-1.8.0.232.b09-0.el7_7.x86_64/jre/lib/rt.jar:/usr/lib/jvm/java-1.8.0-openjdk-1.8.0.232.b09-0.el7_7.x86_64/jre/lib/sunrsasign.jar:/usr/lib/jvm/java-1.8.0-openjdk-1.8.0.232.b09-0.el7_7.x86_64/jre/lib/jsse.jar:/usr/lib/jvm/java-1.8.0-openjdk-1.8.0.232.b09-0.el7_7.x86_64/jre/lib/jce.jar:/usr/lib/jvm/java-1.8.0-openjdk-1.8.0.232.b09-0.el7_7.x86_64/jre/lib/charsets.jar:/usr/lib/jvm/java-1.8.0-openjdk-1.8.0.232.b09-0.el7_7.x86_64/jre/lib/jfr.jar:/usr/lib/jvm/java-1.8.0-openjdk-1.8.0.232.b09-0.el7_7.x86_64/jre/classes"/>
    <property name="sun.management.compiler" value="HotSpot 64-Bit Tiered Compilers"/>
    <property name="skip.npx" value="true"/>
    <property name="java.runtime.version" value="1.8.0_232-b09"/>
    <property name="java.net.preferIPv4Stack" value="true"/>
    <property name="user.name" value="jenkins1001"/>
    <property name="path.separator" value=":"/>
    <property name="java.security.egd" value="file:///dev/urandom"/>
    <property name="os.version" value="5.4.0-1031-azure"/>
    <property name="java.endorsed.dirs" value="/usr/lib/jvm/java-1.8.0-openjdk-1.8.0.232.b09-0.el7_7.x86_64/jre/lib/endorsed"/>
    <property name="java.runtime.name" value="OpenJDK Runtime Environment"/>
    <property name="file.encoding" value="ANSI_X3.4-1968"/>
    <property name="java.vm.name" value="OpenJDK 64-Bit Server VM"/>
    <property name="test.build.webapps" value=""/>
    <property name="localRepository" value="/home/user/.m2/repository"/>
    <property name="java.vendor.url.bug" value="http://bugreport.sun.com/bugreport/"/>
    <property name="java.io.tmpdir" value="/tmp"/>
    <property name="require.test.libhadoop" value=""/>
    <property name="java.version" value="1.8.0_232"/>
    <property name="user.dir" value="/github/workspace/mnt/ozone/hadoop-ozone/integration-test"/>
    <property name="os.arch" value="amd64"/>
    <property name="java.vm.specification.name" value="Java Virtual Machine Specification"/>
    <property name="test.build.classes" value="/github/workspace/mnt/ozone/hadoop-ozone/integration-test/target/test-classes"/>
    <property name="java.awt.printerjob" value="sun.print.PSPrinterJob"/>
    <property name="sun.os.patch.level" value="unknown"/>
    <property name="hadoop.tmp.dir" value="/github/workspace/mnt/ozone/hadoop-ozone/integration-test/target/tmp"/>
    <property name="java.library.path" value="/usr/lib:/usr/java/packages/lib/amd64:/usr/lib64:/lib64:/lib:/usr/lib"/>
    <property name="java.vm.info" value="mixed mode"/>
    <property name="java.vendor" value="Oracle Corporation"/>
    <property name="java.vm.version" value="25.232-b09"/>
    <property name="java.ext.dirs" value="/usr/lib/jvm/java-1.8.0-openjdk-1.8.0.232.b09-0.el7_7.x86_64/jre/lib/ext:/usr/java/packages/lib/ext"/>
    <property name="sun.io.unicode.encoding" value="UnicodeLittle"/>
    <property name="java.class.version" value="52.0"/>
  </properties>
  <testcase name="testStoppedMaintenanceNodeTakesScmStateOnRestart" classname="org.apache.hadoop.ozone.scm.node.TestDecommissionAndMaintenance" time="51.906"/>
  <testcase name="testContainerIsReplicatedWhenAllNodesGotoMaintenance" classname="org.apache.hadoop.ozone.scm.node.TestDecommissionAndMaintenance" time="46.138"/>
  <testcase name="testDecommissionedStateReinstatedAfterSCMRestart" classname="org.apache.hadoop.ozone.scm.node.TestDecommissionAndMaintenance" time="40.327"/>
  <testcase name="testMaintenanceEndsAutomaticallyAtTimeout" classname="org.apache.hadoop.ozone.scm.node.TestDecommissionAndMaintenance" time="56.696"/>
  <testcase name="testDecommissionedNodeCanBeRecommissioned" classname="org.apache.hadoop.ozone.scm.node.TestDecommissionAndMaintenance" time="32.372"/>
  <testcase name="testNodeWithOpenPipelineCanBeDecommissioned" classname="org.apache.hadoop.ozone.scm.node.TestDecommissionAndMaintenance" time="34.96">
    <failure message="expected:&lt;3&gt; but was:&lt;4&gt;" type="junit.framework.AssertionFailedError"><![CDATA[junit.framework.AssertionFailedError: expected:<3> but was:<4>
	at junit.framework.Assert.fail(Assert.java:57)
	at junit.framework.Assert.failNotEquals(Assert.java:329)
	at junit.framework.Assert.assertEquals(Assert.java:78)
	at junit.framework.Assert.assertEquals(Assert.java:234)
	at junit.framework.Assert.assertEquals(Assert.java:241)
	at junit.framework.TestCase.assertEquals(TestCase.java:409)
	at org.apache.hadoop.ozone.scm.node.TestDecommissionAndMaintenance.testNodeWithOpenPipelineCanBeDecommissioned(TestDecommissionAndMaintenance.java:178)
	at sun.reflect.NativeMethodAccessorImpl.invoke0(Native Method)
	at sun.reflect.NativeMethodAccessorImpl.invoke(NativeMethodAccessorImpl.java:62)
	at sun.reflect.DelegatingMethodAccessorImpl.invoke(DelegatingMethodAccessorImpl.java:43)
	at java.lang.reflect.Method.invoke(Method.java:498)
	at org.junit.runners.model.FrameworkMethod$1.runReflectiveCall(FrameworkMethod.java:47)
	at org.junit.internal.runners.model.ReflectiveCallable.run(ReflectiveCallable.java:12)
	at org.junit.runners.model.FrameworkMethod.invokeExplosively(FrameworkMethod.java:44)
	at org.junit.internal.runners.statements.InvokeMethod.evaluate(InvokeMethod.java:17)
	at org.junit.internal.runners.statements.RunBefores.evaluate(RunBefores.java:26)
	at org.junit.internal.runners.statements.RunAfters.evaluate(RunAfters.java:27)
	at org.junit.runners.ParentRunner.runLeaf(ParentRunner.java:271)
	at org.junit.runners.BlockJUnit4ClassRunner.runChild(BlockJUnit4ClassRunner.java:70)
	at org.junit.runners.BlockJUnit4ClassRunner.runChild(BlockJUnit4ClassRunner.java:50)
	at org.junit.runners.ParentRunner$3.run(ParentRunner.java:238)
	at org.junit.runners.ParentRunner$1.schedule(ParentRunner.java:63)
	at org.junit.runners.ParentRunner.runChildren(ParentRunner.java:236)
	at org.junit.runners.ParentRunner.access$000(ParentRunner.java:53)
	at org.junit.runners.ParentRunner$2.evaluate(ParentRunner.java:229)
	at org.junit.runners.ParentRunner.run(ParentRunner.java:309)
	at org.apache.maven.surefire.junit4.JUnit4Provider.execute(JUnit4Provider.java:365)
	at org.apache.maven.surefire.junit4.JUnit4Provider.executeWithRerun(JUnit4Provider.java:273)
	at org.apache.maven.surefire.junit4.JUnit4Provider.executeTestSet(JUnit4Provider.java:238)
	at org.apache.maven.surefire.junit4.JUnit4Provider.invoke(JUnit4Provider.java:159)
	at org.apache.maven.surefire.booter.ForkedBooter.invokeProviderInSameClassLoader(ForkedBooter.java:384)
	at org.apache.maven.surefire.booter.ForkedBooter.runSuitesInProcess(ForkedBooter.java:345)
	at org.apache.maven.surefire.booter.ForkedBooter.execute(ForkedBooter.java:126)
	at org.apache.maven.surefire.booter.ForkedBooter.main(ForkedBooter.java:418)
]]></failure>
    <system-out><![CDATA[2020-12-15 13:58:47,859 [Listener at 127.0.0.1/36877] WARN  server.ServerUtils (ServerUtils.java:getScmDbDir(148)) - ozone.scm.db.dirs is not configured. We recommend adding this setting. Falling back to ozone.metadata.dirs instead.
2020-12-15 13:58:47,861 [Listener at 127.0.0.1/36877] WARN  server.ServerUtils (ServerUtils.java:getScmDbDir(148)) - ozone.scm.db.dirs is not configured. We recommend adding this setting. Falling back to ozone.metadata.dirs instead.
2020-12-15 13:58:47,862 [Listener at 127.0.0.1/36877] WARN  db.DBStoreBuilder (DBStoreBuilder.java:applyDBDefinition(145)) - ozone.scm.db.dirs is not configured. We recommend adding this setting. Falling back to ozone.metadata.dirs instead.
2020-12-15 13:58:47,890 [Listener at 127.0.0.1/36877] INFO  net.NodeSchemaLoader (NodeSchemaLoader.java:loadSchemaFromFile(126)) - Loading file from sun.misc.CompoundEnumeration@147b7f3c
2020-12-15 13:58:47,890 [Listener at 127.0.0.1/36877] INFO  net.NodeSchemaLoader (NodeSchemaLoader.java:loadSchema(172)) - Loading network topology layer schema file
2020-12-15 13:58:47,897 [Listener at 127.0.0.1/36877] INFO  node.SCMNodeManager (SCMNodeManager.java:<init>(123)) - Entering startup safe mode.
2020-12-15 13:58:47,899 [Listener at 127.0.0.1/36877] INFO  algorithms.ContainerPlacementPolicyFactory (ContainerPlacementPolicyFactory.java:getPolicy(60)) - Create container placement policy of type org.apache.hadoop.hdds.scm.container.placement.algorithms.SCMContainerPlacementRandom
2020-12-15 13:58:47,899 [Listener at 127.0.0.1/36877] INFO  algorithms.LeaderChoosePolicyFactory (LeaderChoosePolicyFactory.java:getPolicy(57)) - Create leader choose policy of type org.apache.hadoop.hdds.scm.pipeline.leader.choose.algorithms.DefaultLeaderChoosePolicy
2020-12-15 13:58:47,899 [Listener at 127.0.0.1/36877] INFO  pipeline.SCMPipelineManager (SCMPipelineManager.java:initializePipelineState(161)) - No pipeline exists in current db
2020-12-15 13:58:47,899 [Listener at 127.0.0.1/36877] INFO  algorithms.PipelineChoosePolicyFactory (PipelineChoosePolicyFactory.java:createPipelineChoosePolicyFromClass(75)) - Create pipeline choose policy of type org.apache.hadoop.hdds.scm.pipeline.choose.algorithms.RandomPipelineChoosePolicy
2020-12-15 13:58:47,901 [Listener at 127.0.0.1/36877] INFO  safemode.HealthyPipelineSafeModeRule (HealthyPipelineSafeModeRule.java:<init>(89)) - Total pipeline count is 0, healthy pipeline threshold count is 0
2020-12-15 13:58:47,901 [Listener at 127.0.0.1/36877] INFO  safemode.OneReplicaPipelineSafeModeRule (OneReplicaPipelineSafeModeRule.java:<init>(84)) - Total pipeline count is 0, pipeline's with at least one datanode reported threshold count is 0
2020-12-15 13:58:47,905 [Listener at 127.0.0.1/36877] INFO  ipc.CallQueueManager (CallQueueManager.java:<init>(84)) - Using callQueue: class java.util.concurrent.LinkedBlockingQueue, queueCapacity: 2000, scheduler: class org.apache.hadoop.ipc.DefaultRpcScheduler, ipcBackoff: false.
2020-12-15 13:58:47,906 [Socket Reader #1 for port 0] INFO  ipc.Server (Server.java:run(1219)) - Starting Socket Reader #1 for port 0
2020-12-15 13:58:47,907 [Listener at 0.0.0.0/38555] INFO  ipc.CallQueueManager (CallQueueManager.java:<init>(84)) - Using callQueue: class java.util.concurrent.LinkedBlockingQueue, queueCapacity: 2000, scheduler: class org.apache.hadoop.ipc.DefaultRpcScheduler, ipcBackoff: false.
2020-12-15 13:58:47,909 [Socket Reader #1 for port 0] INFO  ipc.Server (Server.java:run(1219)) - Starting Socket Reader #1 for port 0
2020-12-15 13:58:47,912 [Listener at 0.0.0.0/43927] INFO  ipc.CallQueueManager (CallQueueManager.java:<init>(84)) - Using callQueue: class java.util.concurrent.LinkedBlockingQueue, queueCapacity: 2000, scheduler: class org.apache.hadoop.ipc.DefaultRpcScheduler, ipcBackoff: false.
2020-12-15 13:58:47,912 [Socket Reader #1 for port 0] INFO  ipc.Server (Server.java:run(1219)) - Starting Socket Reader #1 for port 0
2020-12-15 13:58:47,925 [Listener at 0.0.0.0/43329] INFO  http.BaseHttpServer (BaseHttpServer.java:newHttpServer2BuilderForOzone(207)) - Starting Web-server for scm at: http://0.0.0.0:0
2020-12-15 13:58:47,925 [Listener at 0.0.0.0/43329] INFO  http.BaseHttpServer (BaseHttpServer.java:<init>(106)) - Hadoop Security Enabled: false Ozone Security Enabled: false Ozone HTTP Security Enabled: false 
2020-12-15 13:58:47,926 [Listener at 0.0.0.0/43329] INFO  server.AuthenticationFilter (AuthenticationFilter.java:constructSecretProvider(240)) - Unable to initialize FileSignerSecretProvider, falling back to use random secrets.
2020-12-15 13:58:47,927 [Listener at 0.0.0.0/43329] WARN  http.HttpRequestLog (HttpRequestLog.java:getRequestLog(103)) - Jetty request log can only be enabled using Log4j
2020-12-15 13:58:47,928 [Listener at 0.0.0.0/43329] INFO  http.HttpServer2 (HttpServer2.java:addGlobalFilter(1020)) - Added global filter 'safety' (class=org.apache.hadoop.hdds.server.http.HttpServer2$QuotingInputFilter)
2020-12-15 13:58:47,928 [Listener at 0.0.0.0/43329] INFO  http.HttpServer2 (HttpServer2.java:addFilter(996)) - Added filter static_user_filter (class=org.apache.hadoop.http.lib.StaticUserWebFilter$StaticUserFilter) to context scm
2020-12-15 13:58:47,929 [Listener at 0.0.0.0/43329] INFO  http.HttpServer2 (HttpServer2.java:addFilter(1004)) - Added filter static_user_filter (class=org.apache.hadoop.http.lib.StaticUserWebFilter$StaticUserFilter) to context static
2020-12-15 13:58:47,929 [Listener at 0.0.0.0/43329] INFO  http.HttpServer2 (HttpServer2.java:addFilter(1004)) - Added filter static_user_filter (class=org.apache.hadoop.http.lib.StaticUserWebFilter$StaticUserFilter) to context logs
2020-12-15 13:58:47,930 [Listener at 0.0.0.0/43329] INFO  server.StorageContainerManager (StorageContainerManager.java:start(789)) - StorageContainerLocationProtocol RPC server is listening at /0.0.0.0:43329
2020-12-15 13:58:47,934 [Listener at 0.0.0.0/43329] WARN  impl.MetricsConfig (MetricsConfig.java:loadFirst(134)) - Cannot locate configuration: tried hadoop-metrics2-storagecontainermanager.properties,hadoop-metrics2.properties
2020-12-15 13:58:47,937 [Listener at 0.0.0.0/43329] INFO  impl.MetricsSystemImpl (MetricsSystemImpl.java:startTimer(374)) - Scheduled Metric snapshot period at 10 second(s).
2020-12-15 13:58:47,937 [Listener at 0.0.0.0/43329] INFO  impl.MetricsSystemImpl (MetricsSystemImpl.java:start(191)) - StorageContainerManager metrics system started
2020-12-15 13:58:47,953 [Listener at 0.0.0.0/43329] WARN  impl.MetricsSystemImpl (MetricsSystemImpl.java:register(276)) - Sink prometheus already exists!
2020-12-15 13:58:47,968 [Listener at 0.0.0.0/43329] INFO  server.SCMClientProtocolServer (SCMClientProtocolServer.java:start(159)) - RPC server for Client  is listening at /0.0.0.0:43329
2020-12-15 13:58:47,969 [IPC Server Responder] INFO  ipc.Server (Server.java:run(1460)) - IPC Server Responder: starting
2020-12-15 13:58:47,969 [IPC Server listener on 0] INFO  ipc.Server (Server.java:run(1298)) - IPC Server listener on 0: starting
2020-12-15 13:58:47,977 [Listener at 0.0.0.0/43329] INFO  server.StorageContainerManager (StorageContainerManager.java:start(801)) - ScmBlockLocationProtocol RPC server is listening at /0.0.0.0:43927
2020-12-15 13:58:47,977 [Listener at 0.0.0.0/43329] INFO  server.SCMBlockProtocolServer (SCMBlockProtocolServer.java:start(150)) - RPC server for Block Protocol is listening at /0.0.0.0:43927
2020-12-15 13:58:47,978 [IPC Server Responder] INFO  ipc.Server (Server.java:run(1460)) - IPC Server Responder: starting
2020-12-15 13:58:47,978 [IPC Server listener on 0] INFO  ipc.Server (Server.java:run(1298)) - IPC Server listener on 0: starting
2020-12-15 13:58:47,980 [Listener at 0.0.0.0/43329] INFO  server.StorageContainerManager (StorageContainerManager.java:start(807)) - ScmDatanodeProtocl RPC server is listening at /0.0.0.0:38555
2020-12-15 13:58:47,980 [Listener at 0.0.0.0/43329] INFO  server.SCMDatanodeProtocolServer (SCMDatanodeProtocolServer.java:start(174)) - RPC server for DataNodes is listening at /0.0.0.0:38555
2020-12-15 13:58:47,980 [IPC Server Responder] INFO  ipc.Server (Server.java:run(1460)) - IPC Server Responder: starting
2020-12-15 13:58:47,981 [IPC Server listener on 0] INFO  ipc.Server (Server.java:run(1298)) - IPC Server listener on 0: starting
2020-12-15 13:58:47,982 [Listener at 0.0.0.0/43329] INFO  http.HttpServer2 (HttpServer2.java:bindListener(1238)) - Jetty bound to port 41665
2020-12-15 13:58:47,983 [Listener at 0.0.0.0/43329] INFO  server.Server (Server.java:doStart(375)) - jetty-9.4.34.v20201102; built: 2020-11-02T14:15:39.302Z; git: e46af88704a893fc12cb0e3bf46e2c7b48a009e7; jvm 1.8.0_232-b09
2020-12-15 13:58:47,985 [Listener at 0.0.0.0/43329] INFO  server.session (DefaultSessionIdManager.java:doStart(334)) - DefaultSessionIdManager workerName=node0
2020-12-15 13:58:47,985 [Listener at 0.0.0.0/43329] INFO  server.session (DefaultSessionIdManager.java:doStart(339)) - No SessionScavenger set, using defaults
2020-12-15 13:58:47,986 [Listener at 0.0.0.0/43329] INFO  server.session (HouseKeeper.java:startScavenging(132)) - node0 Scavenging every 660000ms
2020-12-15 13:58:47,991 [Listener at 0.0.0.0/43329] INFO  handler.ContextHandler (ContextHandler.java:doStart(916)) - Started o.e.j.s.ServletContextHandler@3b5a4aa5{logs,/logs,file:///github/workspace/mnt/ozone/hadoop-ozone/integration-test/target/log,AVAILABLE}
2020-12-15 13:58:47,992 [Listener at 0.0.0.0/43329] INFO  handler.ContextHandler (ContextHandler.java:doStart(916)) - Started o.e.j.s.ServletContextHandler@7d2ccbcd{static,/static,file:///github/workspace/mnt/ozone/hadoop-ozone/integration-test/target/test-classes/webapps/static,AVAILABLE}
2020-12-15 13:58:47,996 [Listener at 0.0.0.0/43329] INFO  handler.ContextHandler (ContextHandler.java:doStart(916)) - Started o.e.j.w.WebAppContext@139c2c19{scm,/,file:///github/workspace/mnt/ozone/hadoop-ozone/integration-test/target/test-classes/webapps/scm/,AVAILABLE}{file:/github/workspace/mnt/ozone/hadoop-ozone/integration-test/target/test-classes/webapps/scm}
2020-12-15 13:58:47,999 [Listener at 0.0.0.0/43329] INFO  server.AbstractConnector (AbstractConnector.java:doStart(331)) - Started ServerConnector@398072c6{HTTP/1.1, (http/1.1)}{0.0.0.0:41665}
2020-12-15 13:58:47,999 [Listener at 0.0.0.0/43329] INFO  server.Server (Server.java:doStart(415)) - Started @228440ms
2020-12-15 13:58:47,999 [Listener at 0.0.0.0/43329] WARN  impl.MetricsSystemImpl (MetricsSystemImpl.java:register(276)) - Sink prometheus already exists!
2020-12-15 13:58:48,003 [Listener at 0.0.0.0/43329] INFO  http.BaseHttpServer (BaseHttpServer.java:updateConnectorAddress(327)) - HTTP server of scm listening at http://0.0.0.0:41665
2020-12-15 13:58:48,013 [Listener at 0.0.0.0/43329] WARN  server.ServerUtils (ServerUtils.java:getDBPath(225)) - ozone.om.db.dirs is not configured. We recommend adding this setting. Falling back to ozone.metadata.dirs instead.
2020-12-15 13:58:48,014 [Listener at 0.0.0.0/43329] INFO  ha.OMHANodeDetails (OMHANodeDetails.java:loadOMHAConfig(104)) - ozone.om.internal.service.id is not defined, falling back to ozone.om.service.ids to find serviceID for OzoneManager if it is HA enabled cluster
2020-12-15 13:58:48,014 [Listener at 0.0.0.0/43329] INFO  ha.OMHANodeDetails (OMHANodeDetails.java:loadOMHAConfig(213)) - Configuration either no ozone.om.address set. Falling back to the default OM address /127.0.0.1:0
2020-12-15 13:58:48,014 [Listener at 0.0.0.0/43329] INFO  ha.OMHANodeDetails (OMHANodeDetails.java:getOMNodeDetails(241)) - OM Service ID is not set. Setting it to the default ID: omServiceIdDefault
2020-12-15 13:58:48,015 [Listener at 0.0.0.0/43329] WARN  server.ServerUtils (ServerUtils.java:getDBPath(225)) - ozone.om.db.dirs is not configured. We recommend adding this setting. Falling back to ozone.metadata.dirs instead.
2020-12-15 13:58:48,015 [Listener at 0.0.0.0/43329] WARN  server.ServerUtils (ServerUtils.java:getDBPath(225)) - ozone.om.db.dirs is not configured. We recommend adding this setting. Falling back to ozone.metadata.dirs instead.
2020-12-15 13:58:48,016 [org.apache.hadoop.util.JvmPauseMonitor$Monitor@18e0d125] INFO  util.JvmPauseMonitor (JvmPauseMonitor.java:run(188)) - Starting JVM pause monitor
2020-12-15 13:58:48,027 [Listener at 0.0.0.0/43329] WARN  server.ServerUtils (ServerUtils.java:getDBPath(225)) - ozone.om.db.dirs is not configured. We recommend adding this setting. Falling back to ozone.metadata.dirs instead.
2020-12-15 13:58:48,027 [Listener at 0.0.0.0/43329] INFO  codec.OmKeyInfoCodec (OmKeyInfoCodec.java:<init>(41)) - OmKeyInfoCodec ignorePipeline = true
2020-12-15 13:58:48,027 [Listener at 0.0.0.0/43329] INFO  codec.RepeatedOmKeyInfoCodec (RepeatedOmKeyInfoCodec.java:<init>(40)) - RepeatedOmKeyInfoCodec ignorePipeline = true
2020-12-15 13:58:48,099 [Listener at 0.0.0.0/43329] INFO  om.OzoneManager (OzoneManager.java:addS3GVolumeToDB(3737)) - Created Volume s3v With Owner jenkins1001 required for S3Gateway operations.
2020-12-15 13:58:48,100 [Listener at 0.0.0.0/43329] INFO  ipc.CallQueueManager (CallQueueManager.java:<init>(84)) - Using callQueue: class java.util.concurrent.LinkedBlockingQueue, queueCapacity: 2000, scheduler: class org.apache.hadoop.ipc.DefaultRpcScheduler, ipcBackoff: false.
2020-12-15 13:58:48,106 [Socket Reader #1 for port 0] INFO  ipc.Server (Server.java:run(1219)) - Starting Socket Reader #1 for port 0
2020-12-15 13:58:48,126 [Listener at 127.0.0.1/35149] INFO  impl.MetricsSystemImpl (MetricsSystemImpl.java:init(158)) - OzoneManager metrics system started (again)
2020-12-15 13:58:48,127 [Listener at 127.0.0.1/35149] INFO  om.OzoneManager (OzoneManager.java:start(1144)) - OzoneManager RPC server is listening at localhost/127.0.0.1:35149
2020-12-15 13:58:48,132 [Listener at 127.0.0.1/35149] INFO  http.BaseHttpServer (BaseHttpServer.java:newHttpServer2BuilderForOzone(207)) - Starting Web-server for ozoneManager at: http://0.0.0.0:0
2020-12-15 13:58:48,132 [Listener at 127.0.0.1/35149] INFO  http.BaseHttpServer (BaseHttpServer.java:<init>(106)) - Hadoop Security Enabled: false Ozone Security Enabled: false Ozone HTTP Security Enabled: false 
2020-12-15 13:58:48,133 [Listener at 127.0.0.1/35149] INFO  server.AuthenticationFilter (AuthenticationFilter.java:constructSecretProvider(240)) - Unable to initialize FileSignerSecretProvider, falling back to use random secrets.
2020-12-15 13:58:48,133 [Listener at 127.0.0.1/35149] WARN  http.HttpRequestLog (HttpRequestLog.java:getRequestLog(103)) - Jetty request log can only be enabled using Log4j
2020-12-15 13:58:48,134 [Listener at 127.0.0.1/35149] INFO  http.HttpServer2 (HttpServer2.java:addGlobalFilter(1020)) - Added global filter 'safety' (class=org.apache.hadoop.hdds.server.http.HttpServer2$QuotingInputFilter)
2020-12-15 13:58:48,134 [Listener at 127.0.0.1/35149] INFO  http.HttpServer2 (HttpServer2.java:addFilter(996)) - Added filter static_user_filter (class=org.apache.hadoop.http.lib.StaticUserWebFilter$StaticUserFilter) to context ozoneManager
2020-12-15 13:58:48,135 [Listener at 127.0.0.1/35149] INFO  http.HttpServer2 (HttpServer2.java:addFilter(1004)) - Added filter static_user_filter (class=org.apache.hadoop.http.lib.StaticUserWebFilter$StaticUserFilter) to context logs
2020-12-15 13:58:48,135 [Listener at 127.0.0.1/35149] INFO  http.HttpServer2 (HttpServer2.java:addFilter(1004)) - Added filter static_user_filter (class=org.apache.hadoop.http.lib.StaticUserWebFilter$StaticUserFilter) to context static
2020-12-15 13:58:48,135 [Listener at 127.0.0.1/35149] INFO  http.HttpServer2 (HttpServer2.java:bindListener(1238)) - Jetty bound to port 36347
2020-12-15 13:58:48,135 [Listener at 127.0.0.1/35149] INFO  server.Server (Server.java:doStart(375)) - jetty-9.4.34.v20201102; built: 2020-11-02T14:15:39.302Z; git: e46af88704a893fc12cb0e3bf46e2c7b48a009e7; jvm 1.8.0_232-b09
2020-12-15 13:58:48,137 [Listener at 127.0.0.1/35149] INFO  server.session (DefaultSessionIdManager.java:doStart(334)) - DefaultSessionIdManager workerName=node0
2020-12-15 13:58:48,137 [Listener at 127.0.0.1/35149] INFO  server.session (DefaultSessionIdManager.java:doStart(339)) - No SessionScavenger set, using defaults
2020-12-15 13:58:48,137 [Listener at 127.0.0.1/35149] INFO  server.session (HouseKeeper.java:startScavenging(132)) - node0 Scavenging every 600000ms
2020-12-15 13:58:48,138 [Listener at 127.0.0.1/35149] INFO  handler.ContextHandler (ContextHandler.java:doStart(916)) - Started o.e.j.s.ServletContextHandler@4dc0c152{logs,/logs,file:///github/workspace/mnt/ozone/hadoop-ozone/integration-test/target/log,AVAILABLE}
2020-12-15 13:58:48,138 [Listener at 127.0.0.1/35149] INFO  handler.ContextHandler (ContextHandler.java:doStart(916)) - Started o.e.j.s.ServletContextHandler@6281326f{static,/static,file:///github/workspace/mnt/ozone/hadoop-ozone/integration-test/target/test-classes/webapps/static,AVAILABLE}
2020-12-15 13:58:48,140 [Listener at 127.0.0.1/35149] INFO  handler.ContextHandler (ContextHandler.java:doStart(916)) - Started o.e.j.w.WebAppContext@5de13824{ozoneManager,/,file:///github/workspace/mnt/ozone/hadoop-ozone/integration-test/target/test-classes/webapps/ozoneManager/,AVAILABLE}{file:/github/workspace/mnt/ozone/hadoop-ozone/integration-test/target/test-classes/webapps/ozoneManager}
2020-12-15 13:58:48,146 [Listener at 127.0.0.1/35149] INFO  server.AbstractConnector (AbstractConnector.java:doStart(331)) - Started ServerConnector@7bcbf479{HTTP/1.1, (http/1.1)}{0.0.0.0:36347}
2020-12-15 13:58:48,146 [Listener at 127.0.0.1/35149] INFO  server.Server (Server.java:doStart(415)) - Started @228587ms
2020-12-15 13:58:48,146 [Listener at 127.0.0.1/35149] WARN  impl.MetricsSystemImpl (MetricsSystemImpl.java:register(276)) - Sink prometheus already exists!
2020-12-15 13:58:48,149 [Listener at 127.0.0.1/35149] INFO  http.BaseHttpServer (BaseHttpServer.java:updateConnectorAddress(327)) - HTTP server of ozoneManager listening at http://0.0.0.0:36347
2020-12-15 13:58:48,150 [IPC Server Responder] INFO  ipc.Server (Server.java:run(1460)) - IPC Server Responder: starting
2020-12-15 13:58:48,150 [IPC Server listener on 0] INFO  ipc.Server (Server.java:run(1298)) - IPC Server listener on 0: starting
2020-12-15 13:58:48,153 [Listener at 127.0.0.1/35149] INFO  om.OzoneManager (OzoneManager.java:startTrashEmptier(1265)) - Trash Interval set to 0. Files deleted will not move to trash
2020-12-15 13:58:48,169 [org.apache.hadoop.util.JvmPauseMonitor$Monitor@7edf6563] INFO  util.JvmPauseMonitor (JvmPauseMonitor.java:run(188)) - Starting JVM pause monitor
2020-12-15 13:58:48,177 [Listener at 127.0.0.1/35149] INFO  impl.MetricsSystemImpl (MetricsSystemImpl.java:init(158)) - HddsDatanode metrics system started (again)
2020-12-15 13:58:48,179 [Listener at 127.0.0.1/35149] INFO  ozone.HddsDatanodeService (HddsDatanodeService.java:start(217)) - HddsDatanodeService host:b0da2dc6b281 ip:172.17.0.2
2020-12-15 13:58:48,180 [Listener at 127.0.0.1/35149] INFO  volume.HddsVolume (HddsVolume.java:<init>(176)) - Creating Volume: /github/workspace/mnt/ozone/hadoop-ozone/integration-test/target/test-dir/MiniOzoneClusterImpl-933616a4-3ca4-434e-83a8-17d3c89ffd28/datanode-0/data-0/containers/hdds of storage type : DISK and capacity : 9223372036854775807
2020-12-15 13:58:48,180 [Listener at 127.0.0.1/35149] INFO  volume.MutableVolumeSet (MutableVolumeSet.java:initializeVolumeSet(179)) - Added Volume : /github/workspace/mnt/ozone/hadoop-ozone/integration-test/target/test-dir/MiniOzoneClusterImpl-933616a4-3ca4-434e-83a8-17d3c89ffd28/datanode-0/data-0/containers/hdds to VolumeSet
2020-12-15 13:58:48,180 [Listener at 127.0.0.1/35149] INFO  volume.ThrottledAsyncChecker (ThrottledAsyncChecker.java:schedule(141)) - Scheduling a check for /github/workspace/mnt/ozone/hadoop-ozone/integration-test/target/test-dir/MiniOzoneClusterImpl-933616a4-3ca4-434e-83a8-17d3c89ffd28/datanode-0/data-0/containers/hdds
2020-12-15 13:58:48,181 [Listener at 127.0.0.1/35149] INFO  volume.HddsVolumeChecker (HddsVolumeChecker.java:checkAllVolumes(200)) - Scheduled health check for volume /github/workspace/mnt/ozone/hadoop-ozone/integration-test/target/test-dir/MiniOzoneClusterImpl-933616a4-3ca4-434e-83a8-17d3c89ffd28/datanode-0/data-0/containers/hdds
2020-12-15 13:58:48,194 [Thread-3177] INFO  ozoneimpl.ContainerReader (ContainerReader.java:readVolume(123)) - Start to verify containers on volume /github/workspace/mnt/ozone/hadoop-ozone/integration-test/target/test-dir/MiniOzoneClusterImpl-933616a4-3ca4-434e-83a8-17d3c89ffd28/datanode-0/data-0/containers/hdds
2020-12-15 13:58:48,194 [Thread-3177] INFO  ozoneimpl.ContainerReader (ContainerReader.java:readVolume(148)) - Finish verifying containers on volume /github/workspace/mnt/ozone/hadoop-ozone/integration-test/target/test-dir/MiniOzoneClusterImpl-933616a4-3ca4-434e-83a8-17d3c89ffd28/datanode-0/data-0/containers/hdds
2020-12-15 13:58:48,194 [Listener at 127.0.0.1/35149] INFO  ozoneimpl.OzoneContainer (OzoneContainer.java:buildContainerSet(194)) - Build ContainerSet costs 0s
2020-12-15 13:58:48,196 [Listener at 127.0.0.1/35149] INFO  impl.RaftServerProxy (ConfUtils.java:logGet(44)) - raft.rpc.type = GRPC (default)
2020-12-15 13:58:48,196 [Listener at 127.0.0.1/35149] INFO  grpc.GrpcFactory (GrpcFactory.java:checkPooledByteBufAllocatorUseCacheForAllThreads(45)) - PERFORMANCE WARNING: useCacheForAllThreads is true that may cause Netty to create a lot garbage objects and, as a result, trigger GC.
	It is recommended to disable useCacheForAllThreads by setting -Dorg.apache.ratis.thirdparty.io.netty.allocator.useCacheForAllThreads=false in command line.
2020-12-15 13:58:48,196 [Listener at 127.0.0.1/35149] INFO  grpc.GrpcConfigKeys (ConfUtils.java:logGet(44)) - raft.grpc.server.port = 0 (default)
2020-12-15 13:58:48,196 [Listener at 127.0.0.1/35149] INFO  server.GrpcService (ConfUtils.java:logGet(44)) - raft.grpc.message.size.max = 32MB (=33554432) (custom)
2020-12-15 13:58:48,196 [Listener at 127.0.0.1/35149] INFO  server.RaftServerConfigKeys (ConfUtils.java:logGet(44)) - raft.server.log.appender.buffer.byte-limit = 33554432 (custom)
2020-12-15 13:58:48,197 [Listener at 127.0.0.1/35149] INFO  server.GrpcService (ConfUtils.java:logGet(44)) - raft.grpc.flow.control.window = 5MB (=5242880) (custom)
2020-12-15 13:58:48,197 [Listener at 127.0.0.1/35149] INFO  server.RaftServerConfigKeys (ConfUtils.java:logGet(44)) - raft.server.rpc.request.timeout = 60s (custom)
2020-12-15 13:58:48,198 [Listener at 127.0.0.1/35149] INFO  impl.DataStreamServerImpl (ConfUtils.java:logGet(44)) - raft.datastream.type = DISABLED (default)
2020-12-15 13:58:48,198 [Listener at 127.0.0.1/35149] INFO  server.RaftServerConfigKeys (ConfUtils.java:logGet(44)) - raft.server.storage.dir = [/github/workspace/mnt/ozone/hadoop-ozone/integration-test/target/test-dir/MiniOzoneClusterImpl-933616a4-3ca4-434e-83a8-17d3c89ffd28/datanode-0/data/ratis] (custom)
2020-12-15 13:58:48,204 [Listener at 127.0.0.1/35149] INFO  http.BaseHttpServer (BaseHttpServer.java:newHttpServer2BuilderForOzone(207)) - Starting Web-server for hddsDatanode at: http://0.0.0.0:0
2020-12-15 13:58:48,204 [Listener at 127.0.0.1/35149] INFO  http.BaseHttpServer (BaseHttpServer.java:<init>(106)) - Hadoop Security Enabled: false Ozone Security Enabled: false Ozone HTTP Security Enabled: false 
2020-12-15 13:58:48,206 [Listener at 127.0.0.1/35149] INFO  server.AuthenticationFilter (AuthenticationFilter.java:constructSecretProvider(240)) - Unable to initialize FileSignerSecretProvider, falling back to use random secrets.
2020-12-15 13:58:48,207 [Listener at 127.0.0.1/35149] WARN  http.HttpRequestLog (HttpRequestLog.java:getRequestLog(103)) - Jetty request log can only be enabled using Log4j
2020-12-15 13:58:48,207 [Listener at 127.0.0.1/35149] INFO  http.HttpServer2 (HttpServer2.java:addGlobalFilter(1020)) - Added global filter 'safety' (class=org.apache.hadoop.hdds.server.http.HttpServer2$QuotingInputFilter)
2020-12-15 13:58:48,208 [Listener at 127.0.0.1/35149] INFO  http.HttpServer2 (HttpServer2.java:addFilter(996)) - Added filter static_user_filter (class=org.apache.hadoop.http.lib.StaticUserWebFilter$StaticUserFilter) to context hddsDatanode
2020-12-15 13:58:48,208 [Listener at 127.0.0.1/35149] INFO  http.HttpServer2 (HttpServer2.java:addFilter(1004)) - Added filter static_user_filter (class=org.apache.hadoop.http.lib.StaticUserWebFilter$StaticUserFilter) to context logs
2020-12-15 13:58:48,208 [Listener at 127.0.0.1/35149] INFO  http.HttpServer2 (HttpServer2.java:addFilter(1004)) - Added filter static_user_filter (class=org.apache.hadoop.http.lib.StaticUserWebFilter$StaticUserFilter) to context static
2020-12-15 13:58:48,208 [Listener at 127.0.0.1/35149] INFO  http.HttpServer2 (HttpServer2.java:bindListener(1238)) - Jetty bound to port 36121
2020-12-15 13:58:48,208 [Listener at 127.0.0.1/35149] INFO  server.Server (Server.java:doStart(375)) - jetty-9.4.34.v20201102; built: 2020-11-02T14:15:39.302Z; git: e46af88704a893fc12cb0e3bf46e2c7b48a009e7; jvm 1.8.0_232-b09
2020-12-15 13:58:48,210 [Listener at 127.0.0.1/35149] INFO  server.session (DefaultSessionIdManager.java:doStart(334)) - DefaultSessionIdManager workerName=node0
2020-12-15 13:58:48,210 [Listener at 127.0.0.1/35149] INFO  server.session (DefaultSessionIdManager.java:doStart(339)) - No SessionScavenger set, using defaults
2020-12-15 13:58:48,211 [Listener at 127.0.0.1/35149] INFO  server.session (HouseKeeper.java:startScavenging(132)) - node0 Scavenging every 660000ms
2020-12-15 13:58:48,212 [Listener at 127.0.0.1/35149] INFO  handler.ContextHandler (ContextHandler.java:doStart(916)) - Started o.e.j.s.ServletContextHandler@1bd051c4{logs,/logs,file:///github/workspace/mnt/ozone/hadoop-ozone/integration-test/target/log,AVAILABLE}
2020-12-15 13:58:48,212 [Listener at 127.0.0.1/35149] INFO  handler.ContextHandler (ContextHandler.java:doStart(916)) - Started o.e.j.s.ServletContextHandler@3be76b8d{static,/static,jar:file:/home/user/.m2/repository/org/apache/hadoop/hadoop-hdds-container-service/1.1.0-SNAPSHOT/hadoop-hdds-container-service-1.1.0-SNAPSHOT.jar!/webapps/static,AVAILABLE}
2020-12-15 13:58:48,363 [Listener at 127.0.0.1/35149] INFO  handler.ContextHandler (ContextHandler.java:doStart(916)) - Started o.e.j.w.WebAppContext@248f1090{hddsDatanode,/,file:///tmp/jetty-0_0_0_0-36121-hadoop-hdds-container-service-1_1_0-SNAPSHOT_jar-_-any-9184243078629829613/webapp/,AVAILABLE}{jar:file:/home/user/.m2/repository/org/apache/hadoop/hadoop-hdds-container-service/1.1.0-SNAPSHOT/hadoop-hdds-container-service-1.1.0-SNAPSHOT.jar!/webapps/hddsDatanode}
2020-12-15 13:58:48,365 [Listener at 127.0.0.1/35149] INFO  server.AbstractConnector (AbstractConnector.java:doStart(331)) - Started ServerConnector@3cab5869{HTTP/1.1, (http/1.1)}{0.0.0.0:36121}
2020-12-15 13:58:48,365 [Listener at 127.0.0.1/35149] INFO  server.Server (Server.java:doStart(415)) - Started @228806ms
2020-12-15 13:58:48,365 [Listener at 127.0.0.1/35149] WARN  impl.MetricsSystemImpl (MetricsSystemImpl.java:register(276)) - Sink prometheus already exists!
2020-12-15 13:58:48,369 [Listener at 127.0.0.1/35149] INFO  http.BaseHttpServer (BaseHttpServer.java:updateConnectorAddress(327)) - HTTP server of hddsDatanode listening at http://0.0.0.0:36121
2020-12-15 13:58:48,369 [Listener at 127.0.0.1/35149] INFO  impl.MetricsSystemImpl (MetricsSystemImpl.java:init(158)) - HddsDatanode metrics system started (again)
2020-12-15 13:58:48,370 [Listener at 127.0.0.1/35149] INFO  ozone.HddsDatanodeService (HddsDatanodeService.java:start(217)) - HddsDatanodeService host:b0da2dc6b281 ip:172.17.0.2
2020-12-15 13:58:48,371 [org.apache.hadoop.util.JvmPauseMonitor$Monitor@345420d3] INFO  util.JvmPauseMonitor (JvmPauseMonitor.java:run(188)) - Starting JVM pause monitor
2020-12-15 13:58:48,371 [Datanode State Machine Task Thread - 0] INFO  datanode.InitDatanodeState (InitDatanodeState.java:persistContainerDatanodeDetails(145)) - DatanodeDetails is persisted to /github/workspace/mnt/ozone/hadoop-ozone/integration-test/target/test-dir/MiniOzoneClusterImpl-933616a4-3ca4-434e-83a8-17d3c89ffd28/datanode-0/meta/datanode.id
2020-12-15 13:58:48,373 [Listener at 127.0.0.1/35149] INFO  volume.HddsVolume (HddsVolume.java:<init>(176)) - Creating Volume: /github/workspace/mnt/ozone/hadoop-ozone/integration-test/target/test-dir/MiniOzoneClusterImpl-933616a4-3ca4-434e-83a8-17d3c89ffd28/datanode-1/data-0/containers/hdds of storage type : DISK and capacity : 9223372036854775807
2020-12-15 13:58:48,373 [Listener at 127.0.0.1/35149] INFO  volume.MutableVolumeSet (MutableVolumeSet.java:initializeVolumeSet(179)) - Added Volume : /github/workspace/mnt/ozone/hadoop-ozone/integration-test/target/test-dir/MiniOzoneClusterImpl-933616a4-3ca4-434e-83a8-17d3c89ffd28/datanode-1/data-0/containers/hdds to VolumeSet
2020-12-15 13:58:48,373 [Listener at 127.0.0.1/35149] INFO  volume.ThrottledAsyncChecker (ThrottledAsyncChecker.java:schedule(141)) - Scheduling a check for /github/workspace/mnt/ozone/hadoop-ozone/integration-test/target/test-dir/MiniOzoneClusterImpl-933616a4-3ca4-434e-83a8-17d3c89ffd28/datanode-1/data-0/containers/hdds
2020-12-15 13:58:48,377 [Listener at 127.0.0.1/35149] INFO  volume.HddsVolumeChecker (HddsVolumeChecker.java:checkAllVolumes(200)) - Scheduled health check for volume /github/workspace/mnt/ozone/hadoop-ozone/integration-test/target/test-dir/MiniOzoneClusterImpl-933616a4-3ca4-434e-83a8-17d3c89ffd28/datanode-1/data-0/containers/hdds
2020-12-15 13:58:48,393 [Thread-3188] INFO  ozoneimpl.ContainerReader (ContainerReader.java:readVolume(123)) - Start to verify containers on volume /github/workspace/mnt/ozone/hadoop-ozone/integration-test/target/test-dir/MiniOzoneClusterImpl-933616a4-3ca4-434e-83a8-17d3c89ffd28/datanode-1/data-0/containers/hdds
2020-12-15 13:58:48,393 [Thread-3188] INFO  ozoneimpl.ContainerReader (ContainerReader.java:readVolume(148)) - Finish verifying containers on volume /github/workspace/mnt/ozone/hadoop-ozone/integration-test/target/test-dir/MiniOzoneClusterImpl-933616a4-3ca4-434e-83a8-17d3c89ffd28/datanode-1/data-0/containers/hdds
2020-12-15 13:58:48,393 [Listener at 127.0.0.1/35149] INFO  ozoneimpl.OzoneContainer (OzoneContainer.java:buildContainerSet(194)) - Build ContainerSet costs 0s
2020-12-15 13:58:48,395 [Listener at 127.0.0.1/35149] INFO  impl.RaftServerProxy (ConfUtils.java:logGet(44)) - raft.rpc.type = GRPC (default)
2020-12-15 13:58:48,395 [Listener at 127.0.0.1/35149] INFO  grpc.GrpcFactory (GrpcFactory.java:checkPooledByteBufAllocatorUseCacheForAllThreads(45)) - PERFORMANCE WARNING: useCacheForAllThreads is true that may cause Netty to create a lot garbage objects and, as a result, trigger GC.
	It is recommended to disable useCacheForAllThreads by setting -Dorg.apache.ratis.thirdparty.io.netty.allocator.useCacheForAllThreads=false in command line.
2020-12-15 13:58:48,395 [Listener at 127.0.0.1/35149] INFO  grpc.GrpcConfigKeys (ConfUtils.java:logGet(44)) - raft.grpc.server.port = 0 (default)
2020-12-15 13:58:48,395 [Listener at 127.0.0.1/35149] INFO  server.GrpcService (ConfUtils.java:logGet(44)) - raft.grpc.message.size.max = 32MB (=33554432) (custom)
2020-12-15 13:58:48,396 [Listener at 127.0.0.1/35149] INFO  server.RaftServerConfigKeys (ConfUtils.java:logGet(44)) - raft.server.log.appender.buffer.byte-limit = 33554432 (custom)
2020-12-15 13:58:48,396 [Listener at 127.0.0.1/35149] INFO  server.GrpcService (ConfUtils.java:logGet(44)) - raft.grpc.flow.control.window = 5MB (=5242880) (custom)
2020-12-15 13:58:48,396 [Listener at 127.0.0.1/35149] INFO  server.RaftServerConfigKeys (ConfUtils.java:logGet(44)) - raft.server.rpc.request.timeout = 60s (custom)
2020-12-15 13:58:48,397 [Listener at 127.0.0.1/35149] INFO  impl.DataStreamServerImpl (ConfUtils.java:logGet(44)) - raft.datastream.type = DISABLED (default)
2020-12-15 13:58:48,397 [Listener at 127.0.0.1/35149] INFO  server.RaftServerConfigKeys (ConfUtils.java:logGet(44)) - raft.server.storage.dir = [/github/workspace/mnt/ozone/hadoop-ozone/integration-test/target/test-dir/MiniOzoneClusterImpl-933616a4-3ca4-434e-83a8-17d3c89ffd28/datanode-1/data/ratis] (custom)
2020-12-15 13:58:48,402 [Listener at 127.0.0.1/35149] INFO  http.BaseHttpServer (BaseHttpServer.java:newHttpServer2BuilderForOzone(207)) - Starting Web-server for hddsDatanode at: http://0.0.0.0:0
2020-12-15 13:58:48,403 [Listener at 127.0.0.1/35149] INFO  http.BaseHttpServer (BaseHttpServer.java:<init>(106)) - Hadoop Security Enabled: false Ozone Security Enabled: false Ozone HTTP Security Enabled: false 
2020-12-15 13:58:48,404 [Listener at 127.0.0.1/35149] INFO  server.AuthenticationFilter (AuthenticationFilter.java:constructSecretProvider(240)) - Unable to initialize FileSignerSecretProvider, falling back to use random secrets.
2020-12-15 13:58:48,404 [Listener at 127.0.0.1/35149] WARN  http.HttpRequestLog (HttpRequestLog.java:getRequestLog(103)) - Jetty request log can only be enabled using Log4j
2020-12-15 13:58:48,405 [Listener at 127.0.0.1/35149] INFO  http.HttpServer2 (HttpServer2.java:addGlobalFilter(1020)) - Added global filter 'safety' (class=org.apache.hadoop.hdds.server.http.HttpServer2$QuotingInputFilter)
2020-12-15 13:58:48,405 [Listener at 127.0.0.1/35149] INFO  http.HttpServer2 (HttpServer2.java:addFilter(996)) - Added filter static_user_filter (class=org.apache.hadoop.http.lib.StaticUserWebFilter$StaticUserFilter) to context hddsDatanode
2020-12-15 13:58:48,405 [Listener at 127.0.0.1/35149] INFO  http.HttpServer2 (HttpServer2.java:addFilter(1004)) - Added filter static_user_filter (class=org.apache.hadoop.http.lib.StaticUserWebFilter$StaticUserFilter) to context logs
2020-12-15 13:58:48,405 [Listener at 127.0.0.1/35149] INFO  http.HttpServer2 (HttpServer2.java:addFilter(1004)) - Added filter static_user_filter (class=org.apache.hadoop.http.lib.StaticUserWebFilter$StaticUserFilter) to context static
2020-12-15 13:58:48,406 [Listener at 127.0.0.1/35149] INFO  http.HttpServer2 (HttpServer2.java:bindListener(1238)) - Jetty bound to port 38625
2020-12-15 13:58:48,406 [Listener at 127.0.0.1/35149] INFO  server.Server (Server.java:doStart(375)) - jetty-9.4.34.v20201102; built: 2020-11-02T14:15:39.302Z; git: e46af88704a893fc12cb0e3bf46e2c7b48a009e7; jvm 1.8.0_232-b09
2020-12-15 13:58:48,409 [Listener at 127.0.0.1/35149] INFO  server.session (DefaultSessionIdManager.java:doStart(334)) - DefaultSessionIdManager workerName=node0
2020-12-15 13:58:48,409 [Listener at 127.0.0.1/35149] INFO  server.session (DefaultSessionIdManager.java:doStart(339)) - No SessionScavenger set, using defaults
2020-12-15 13:58:48,409 [Listener at 127.0.0.1/35149] INFO  server.session (HouseKeeper.java:startScavenging(132)) - node0 Scavenging every 600000ms
2020-12-15 13:58:48,410 [Listener at 127.0.0.1/35149] INFO  handler.ContextHandler (ContextHandler.java:doStart(916)) - Started o.e.j.s.ServletContextHandler@7e8c7270{logs,/logs,file:///github/workspace/mnt/ozone/hadoop-ozone/integration-test/target/log,AVAILABLE}
2020-12-15 13:58:48,410 [Listener at 127.0.0.1/35149] INFO  handler.ContextHandler (ContextHandler.java:doStart(916)) - Started o.e.j.s.ServletContextHandler@259fe541{static,/static,jar:file:/home/user/.m2/repository/org/apache/hadoop/hadoop-hdds-container-service/1.1.0-SNAPSHOT/hadoop-hdds-container-service-1.1.0-SNAPSHOT.jar!/webapps/static,AVAILABLE}
2020-12-15 13:58:48,562 [Listener at 127.0.0.1/35149] INFO  handler.ContextHandler (ContextHandler.java:doStart(916)) - Started o.e.j.w.WebAppContext@3c0b230{hddsDatanode,/,file:///tmp/jetty-0_0_0_0-38625-hadoop-hdds-container-service-1_1_0-SNAPSHOT_jar-_-any-153004557913154945/webapp/,AVAILABLE}{jar:file:/home/user/.m2/repository/org/apache/hadoop/hadoop-hdds-container-service/1.1.0-SNAPSHOT/hadoop-hdds-container-service-1.1.0-SNAPSHOT.jar!/webapps/hddsDatanode}
2020-12-15 13:58:48,563 [Listener at 127.0.0.1/35149] INFO  server.AbstractConnector (AbstractConnector.java:doStart(331)) - Started ServerConnector@23dbd676{HTTP/1.1, (http/1.1)}{0.0.0.0:38625}
2020-12-15 13:58:48,563 [Listener at 127.0.0.1/35149] INFO  server.Server (Server.java:doStart(415)) - Started @229004ms
2020-12-15 13:58:48,564 [Listener at 127.0.0.1/35149] WARN  impl.MetricsSystemImpl (MetricsSystemImpl.java:register(276)) - Sink prometheus already exists!
2020-12-15 13:58:48,567 [Listener at 127.0.0.1/35149] INFO  http.BaseHttpServer (BaseHttpServer.java:updateConnectorAddress(327)) - HTTP server of hddsDatanode listening at http://0.0.0.0:38625
2020-12-15 13:58:48,570 [Listener at 127.0.0.1/35149] INFO  impl.MetricsSystemImpl (MetricsSystemImpl.java:init(158)) - HddsDatanode metrics system started (again)
2020-12-15 13:58:48,572 [Listener at 127.0.0.1/35149] INFO  ozone.HddsDatanodeService (HddsDatanodeService.java:start(217)) - HddsDatanodeService host:b0da2dc6b281 ip:172.17.0.2
2020-12-15 13:58:48,573 [Listener at 127.0.0.1/35149] INFO  volume.HddsVolume (HddsVolume.java:<init>(176)) - Creating Volume: /github/workspace/mnt/ozone/hadoop-ozone/integration-test/target/test-dir/MiniOzoneClusterImpl-933616a4-3ca4-434e-83a8-17d3c89ffd28/datanode-2/data-0/containers/hdds of storage type : DISK and capacity : 9223372036854775807
2020-12-15 13:58:48,573 [Listener at 127.0.0.1/35149] INFO  volume.MutableVolumeSet (MutableVolumeSet.java:initializeVolumeSet(179)) - Added Volume : /github/workspace/mnt/ozone/hadoop-ozone/integration-test/target/test-dir/MiniOzoneClusterImpl-933616a4-3ca4-434e-83a8-17d3c89ffd28/datanode-2/data-0/containers/hdds to VolumeSet
2020-12-15 13:58:48,573 [Listener at 127.0.0.1/35149] INFO  volume.ThrottledAsyncChecker (ThrottledAsyncChecker.java:schedule(141)) - Scheduling a check for /github/workspace/mnt/ozone/hadoop-ozone/integration-test/target/test-dir/MiniOzoneClusterImpl-933616a4-3ca4-434e-83a8-17d3c89ffd28/datanode-2/data-0/containers/hdds
2020-12-15 13:58:48,577 [Listener at 127.0.0.1/35149] INFO  volume.HddsVolumeChecker (HddsVolumeChecker.java:checkAllVolumes(200)) - Scheduled health check for volume /github/workspace/mnt/ozone/hadoop-ozone/integration-test/target/test-dir/MiniOzoneClusterImpl-933616a4-3ca4-434e-83a8-17d3c89ffd28/datanode-2/data-0/containers/hdds
2020-12-15 13:58:48,592 [org.apache.hadoop.util.JvmPauseMonitor$Monitor@3904932c] INFO  util.JvmPauseMonitor (JvmPauseMonitor.java:run(188)) - Starting JVM pause monitor
2020-12-15 13:58:48,593 [Datanode State Machine Task Thread - 0] INFO  datanode.InitDatanodeState (InitDatanodeState.java:persistContainerDatanodeDetails(145)) - DatanodeDetails is persisted to /github/workspace/mnt/ozone/hadoop-ozone/integration-test/target/test-dir/MiniOzoneClusterImpl-933616a4-3ca4-434e-83a8-17d3c89ffd28/datanode-1/meta/datanode.id
2020-12-15 13:58:48,596 [Thread-3199] INFO  ozoneimpl.ContainerReader (ContainerReader.java:readVolume(123)) - Start to verify containers on volume /github/workspace/mnt/ozone/hadoop-ozone/integration-test/target/test-dir/MiniOzoneClusterImpl-933616a4-3ca4-434e-83a8-17d3c89ffd28/datanode-2/data-0/containers/hdds
2020-12-15 13:58:48,596 [Thread-3199] INFO  ozoneimpl.ContainerReader (ContainerReader.java:readVolume(148)) - Finish verifying containers on volume /github/workspace/mnt/ozone/hadoop-ozone/integration-test/target/test-dir/MiniOzoneClusterImpl-933616a4-3ca4-434e-83a8-17d3c89ffd28/datanode-2/data-0/containers/hdds
2020-12-15 13:58:48,596 [Listener at 127.0.0.1/35149] INFO  ozoneimpl.OzoneContainer (OzoneContainer.java:buildContainerSet(194)) - Build ContainerSet costs 0s
2020-12-15 13:58:48,598 [Listener at 127.0.0.1/35149] INFO  impl.RaftServerProxy (ConfUtils.java:logGet(44)) - raft.rpc.type = GRPC (default)
2020-12-15 13:58:48,598 [Listener at 127.0.0.1/35149] INFO  grpc.GrpcFactory (GrpcFactory.java:checkPooledByteBufAllocatorUseCacheForAllThreads(45)) - PERFORMANCE WARNING: useCacheForAllThreads is true that may cause Netty to create a lot garbage objects and, as a result, trigger GC.
	It is recommended to disable useCacheForAllThreads by setting -Dorg.apache.ratis.thirdparty.io.netty.allocator.useCacheForAllThreads=false in command line.
2020-12-15 13:58:48,598 [Listener at 127.0.0.1/35149] INFO  grpc.GrpcConfigKeys (ConfUtils.java:logGet(44)) - raft.grpc.server.port = 0 (default)
2020-12-15 13:58:48,598 [Listener at 127.0.0.1/35149] INFO  server.GrpcService (ConfUtils.java:logGet(44)) - raft.grpc.message.size.max = 32MB (=33554432) (custom)
2020-12-15 13:58:48,598 [Listener at 127.0.0.1/35149] INFO  server.RaftServerConfigKeys (ConfUtils.java:logGet(44)) - raft.server.log.appender.buffer.byte-limit = 33554432 (custom)
2020-12-15 13:58:48,598 [Listener at 127.0.0.1/35149] INFO  server.GrpcService (ConfUtils.java:logGet(44)) - raft.grpc.flow.control.window = 5MB (=5242880) (custom)
2020-12-15 13:58:48,598 [Listener at 127.0.0.1/35149] INFO  server.RaftServerConfigKeys (ConfUtils.java:logGet(44)) - raft.server.rpc.request.timeout = 60s (custom)
2020-12-15 13:58:48,599 [Listener at 127.0.0.1/35149] INFO  impl.DataStreamServerImpl (ConfUtils.java:logGet(44)) - raft.datastream.type = DISABLED (default)
2020-12-15 13:58:48,599 [Listener at 127.0.0.1/35149] INFO  server.RaftServerConfigKeys (ConfUtils.java:logGet(44)) - raft.server.storage.dir = [/github/workspace/mnt/ozone/hadoop-ozone/integration-test/target/test-dir/MiniOzoneClusterImpl-933616a4-3ca4-434e-83a8-17d3c89ffd28/datanode-2/data/ratis] (custom)
2020-12-15 13:58:48,604 [Listener at 127.0.0.1/35149] INFO  http.BaseHttpServer (BaseHttpServer.java:newHttpServer2BuilderForOzone(207)) - Starting Web-server for hddsDatanode at: http://0.0.0.0:0
2020-12-15 13:58:48,604 [Listener at 127.0.0.1/35149] INFO  http.BaseHttpServer (BaseHttpServer.java:<init>(106)) - Hadoop Security Enabled: false Ozone Security Enabled: false Ozone HTTP Security Enabled: false 
2020-12-15 13:58:48,605 [Listener at 127.0.0.1/35149] INFO  server.AuthenticationFilter (AuthenticationFilter.java:constructSecretProvider(240)) - Unable to initialize FileSignerSecretProvider, falling back to use random secrets.
2020-12-15 13:58:48,605 [Listener at 127.0.0.1/35149] WARN  http.HttpRequestLog (HttpRequestLog.java:getRequestLog(103)) - Jetty request log can only be enabled using Log4j
2020-12-15 13:58:48,606 [Listener at 127.0.0.1/35149] INFO  http.HttpServer2 (HttpServer2.java:addGlobalFilter(1020)) - Added global filter 'safety' (class=org.apache.hadoop.hdds.server.http.HttpServer2$QuotingInputFilter)
2020-12-15 13:58:48,607 [Listener at 127.0.0.1/35149] INFO  http.HttpServer2 (HttpServer2.java:addFilter(996)) - Added filter static_user_filter (class=org.apache.hadoop.http.lib.StaticUserWebFilter$StaticUserFilter) to context hddsDatanode
2020-12-15 13:58:48,607 [Listener at 127.0.0.1/35149] INFO  http.HttpServer2 (HttpServer2.java:addFilter(1004)) - Added filter static_user_filter (class=org.apache.hadoop.http.lib.StaticUserWebFilter$StaticUserFilter) to context logs
2020-12-15 13:58:48,607 [Listener at 127.0.0.1/35149] INFO  http.HttpServer2 (HttpServer2.java:addFilter(1004)) - Added filter static_user_filter (class=org.apache.hadoop.http.lib.StaticUserWebFilter$StaticUserFilter) to context static
2020-12-15 13:58:48,607 [Listener at 127.0.0.1/35149] INFO  http.HttpServer2 (HttpServer2.java:bindListener(1238)) - Jetty bound to port 43501
2020-12-15 13:58:48,607 [Listener at 127.0.0.1/35149] INFO  server.Server (Server.java:doStart(375)) - jetty-9.4.34.v20201102; built: 2020-11-02T14:15:39.302Z; git: e46af88704a893fc12cb0e3bf46e2c7b48a009e7; jvm 1.8.0_232-b09
2020-12-15 13:58:48,608 [Listener at 127.0.0.1/35149] INFO  server.session (DefaultSessionIdManager.java:doStart(334)) - DefaultSessionIdManager workerName=node0
2020-12-15 13:58:48,609 [Listener at 127.0.0.1/35149] INFO  server.session (DefaultSessionIdManager.java:doStart(339)) - No SessionScavenger set, using defaults
2020-12-15 13:58:48,609 [Listener at 127.0.0.1/35149] INFO  server.session (HouseKeeper.java:startScavenging(132)) - node0 Scavenging every 600000ms
2020-12-15 13:58:48,610 [Listener at 127.0.0.1/35149] INFO  handler.ContextHandler (ContextHandler.java:doStart(916)) - Started o.e.j.s.ServletContextHandler@27169a80{logs,/logs,file:///github/workspace/mnt/ozone/hadoop-ozone/integration-test/target/log,AVAILABLE}
2020-12-15 13:58:48,610 [Listener at 127.0.0.1/35149] INFO  handler.ContextHandler (ContextHandler.java:doStart(916)) - Started o.e.j.s.ServletContextHandler@57cf5515{static,/static,jar:file:/home/user/.m2/repository/org/apache/hadoop/hadoop-hdds-container-service/1.1.0-SNAPSHOT/hadoop-hdds-container-service-1.1.0-SNAPSHOT.jar!/webapps/static,AVAILABLE}
2020-12-15 13:58:48,763 [Listener at 127.0.0.1/35149] INFO  handler.ContextHandler (ContextHandler.java:doStart(916)) - Started o.e.j.w.WebAppContext@5fe74841{hddsDatanode,/,file:///tmp/jetty-0_0_0_0-43501-hadoop-hdds-container-service-1_1_0-SNAPSHOT_jar-_-any-7414023308197094268/webapp/,AVAILABLE}{jar:file:/home/user/.m2/repository/org/apache/hadoop/hadoop-hdds-container-service/1.1.0-SNAPSHOT/hadoop-hdds-container-service-1.1.0-SNAPSHOT.jar!/webapps/hddsDatanode}
2020-12-15 13:58:48,764 [Listener at 127.0.0.1/35149] INFO  server.AbstractConnector (AbstractConnector.java:doStart(331)) - Started ServerConnector@524af1ab{HTTP/1.1, (http/1.1)}{0.0.0.0:43501}
2020-12-15 13:58:48,765 [Listener at 127.0.0.1/35149] INFO  server.Server (Server.java:doStart(415)) - Started @229205ms
2020-12-15 13:58:48,765 [Listener at 127.0.0.1/35149] WARN  impl.MetricsSystemImpl (MetricsSystemImpl.java:register(276)) - Sink prometheus already exists!
2020-12-15 13:58:48,767 [Listener at 127.0.0.1/35149] INFO  http.BaseHttpServer (BaseHttpServer.java:updateConnectorAddress(327)) - HTTP server of hddsDatanode listening at http://0.0.0.0:43501
2020-12-15 13:58:48,768 [Listener at 127.0.0.1/35149] INFO  impl.MetricsSystemImpl (MetricsSystemImpl.java:init(158)) - HddsDatanode metrics system started (again)
2020-12-15 13:58:48,769 [Listener at 127.0.0.1/35149] INFO  ozone.HddsDatanodeService (HddsDatanodeService.java:start(217)) - HddsDatanodeService host:b0da2dc6b281 ip:172.17.0.2
2020-12-15 13:58:48,770 [Listener at 127.0.0.1/35149] INFO  volume.HddsVolume (HddsVolume.java:<init>(176)) - Creating Volume: /github/workspace/mnt/ozone/hadoop-ozone/integration-test/target/test-dir/MiniOzoneClusterImpl-933616a4-3ca4-434e-83a8-17d3c89ffd28/datanode-3/data-0/containers/hdds of storage type : DISK and capacity : 9223372036854775807
2020-12-15 13:58:48,770 [Listener at 127.0.0.1/35149] INFO  volume.MutableVolumeSet (MutableVolumeSet.java:initializeVolumeSet(179)) - Added Volume : /github/workspace/mnt/ozone/hadoop-ozone/integration-test/target/test-dir/MiniOzoneClusterImpl-933616a4-3ca4-434e-83a8-17d3c89ffd28/datanode-3/data-0/containers/hdds to VolumeSet
2020-12-15 13:58:48,770 [Listener at 127.0.0.1/35149] INFO  volume.ThrottledAsyncChecker (ThrottledAsyncChecker.java:schedule(141)) - Scheduling a check for /github/workspace/mnt/ozone/hadoop-ozone/integration-test/target/test-dir/MiniOzoneClusterImpl-933616a4-3ca4-434e-83a8-17d3c89ffd28/datanode-3/data-0/containers/hdds
2020-12-15 13:58:48,773 [Listener at 127.0.0.1/35149] INFO  volume.HddsVolumeChecker (HddsVolumeChecker.java:checkAllVolumes(200)) - Scheduled health check for volume /github/workspace/mnt/ozone/hadoop-ozone/integration-test/target/test-dir/MiniOzoneClusterImpl-933616a4-3ca4-434e-83a8-17d3c89ffd28/datanode-3/data-0/containers/hdds
2020-12-15 13:58:48,796 [org.apache.hadoop.util.JvmPauseMonitor$Monitor@56645c14] INFO  util.JvmPauseMonitor (JvmPauseMonitor.java:run(188)) - Starting JVM pause monitor
2020-12-15 13:58:48,796 [Datanode State Machine Task Thread - 0] INFO  datanode.InitDatanodeState (InitDatanodeState.java:persistContainerDatanodeDetails(145)) - DatanodeDetails is persisted to /github/workspace/mnt/ozone/hadoop-ozone/integration-test/target/test-dir/MiniOzoneClusterImpl-933616a4-3ca4-434e-83a8-17d3c89ffd28/datanode-2/meta/datanode.id
2020-12-15 13:58:48,797 [Thread-3208] INFO  ozoneimpl.ContainerReader (ContainerReader.java:readVolume(123)) - Start to verify containers on volume /github/workspace/mnt/ozone/hadoop-ozone/integration-test/target/test-dir/MiniOzoneClusterImpl-933616a4-3ca4-434e-83a8-17d3c89ffd28/datanode-3/data-0/containers/hdds
2020-12-15 13:58:48,797 [Thread-3208] INFO  ozoneimpl.ContainerReader (ContainerReader.java:readVolume(148)) - Finish verifying containers on volume /github/workspace/mnt/ozone/hadoop-ozone/integration-test/target/test-dir/MiniOzoneClusterImpl-933616a4-3ca4-434e-83a8-17d3c89ffd28/datanode-3/data-0/containers/hdds
2020-12-15 13:58:48,797 [Listener at 127.0.0.1/35149] INFO  ozoneimpl.OzoneContainer (OzoneContainer.java:buildContainerSet(194)) - Build ContainerSet costs 0s
2020-12-15 13:58:48,798 [Listener at 127.0.0.1/35149] INFO  impl.RaftServerProxy (ConfUtils.java:logGet(44)) - raft.rpc.type = GRPC (default)
2020-12-15 13:58:48,798 [Listener at 127.0.0.1/35149] INFO  grpc.GrpcFactory (GrpcFactory.java:checkPooledByteBufAllocatorUseCacheForAllThreads(45)) - PERFORMANCE WARNING: useCacheForAllThreads is true that may cause Netty to create a lot garbage objects and, as a result, trigger GC.
	It is recommended to disable useCacheForAllThreads by setting -Dorg.apache.ratis.thirdparty.io.netty.allocator.useCacheForAllThreads=false in command line.
2020-12-15 13:58:48,799 [Listener at 127.0.0.1/35149] INFO  grpc.GrpcConfigKeys (ConfUtils.java:logGet(44)) - raft.grpc.server.port = 0 (default)
2020-12-15 13:58:48,799 [Listener at 127.0.0.1/35149] INFO  server.GrpcService (ConfUtils.java:logGet(44)) - raft.grpc.message.size.max = 32MB (=33554432) (custom)
2020-12-15 13:58:48,799 [Listener at 127.0.0.1/35149] INFO  server.RaftServerConfigKeys (ConfUtils.java:logGet(44)) - raft.server.log.appender.buffer.byte-limit = 33554432 (custom)
2020-12-15 13:58:48,799 [Listener at 127.0.0.1/35149] INFO  server.GrpcService (ConfUtils.java:logGet(44)) - raft.grpc.flow.control.window = 5MB (=5242880) (custom)
2020-12-15 13:58:48,799 [Listener at 127.0.0.1/35149] INFO  server.RaftServerConfigKeys (ConfUtils.java:logGet(44)) - raft.server.rpc.request.timeout = 60s (custom)
2020-12-15 13:58:48,800 [Listener at 127.0.0.1/35149] INFO  impl.DataStreamServerImpl (ConfUtils.java:logGet(44)) - raft.datastream.type = DISABLED (default)
2020-12-15 13:58:48,800 [Listener at 127.0.0.1/35149] INFO  server.RaftServerConfigKeys (ConfUtils.java:logGet(44)) - raft.server.storage.dir = [/github/workspace/mnt/ozone/hadoop-ozone/integration-test/target/test-dir/MiniOzoneClusterImpl-933616a4-3ca4-434e-83a8-17d3c89ffd28/datanode-3/data/ratis] (custom)
2020-12-15 13:58:48,804 [Listener at 127.0.0.1/35149] INFO  http.BaseHttpServer (BaseHttpServer.java:newHttpServer2BuilderForOzone(207)) - Starting Web-server for hddsDatanode at: http://0.0.0.0:0
2020-12-15 13:58:48,804 [Listener at 127.0.0.1/35149] INFO  http.BaseHttpServer (BaseHttpServer.java:<init>(106)) - Hadoop Security Enabled: false Ozone Security Enabled: false Ozone HTTP Security Enabled: false 
2020-12-15 13:58:48,806 [Listener at 127.0.0.1/35149] INFO  server.AuthenticationFilter (AuthenticationFilter.java:constructSecretProvider(240)) - Unable to initialize FileSignerSecretProvider, falling back to use random secrets.
2020-12-15 13:58:48,806 [Listener at 127.0.0.1/35149] WARN  http.HttpRequestLog (HttpRequestLog.java:getRequestLog(103)) - Jetty request log can only be enabled using Log4j
2020-12-15 13:58:48,807 [Listener at 127.0.0.1/35149] INFO  http.HttpServer2 (HttpServer2.java:addGlobalFilter(1020)) - Added global filter 'safety' (class=org.apache.hadoop.hdds.server.http.HttpServer2$QuotingInputFilter)
2020-12-15 13:58:48,807 [Listener at 127.0.0.1/35149] INFO  http.HttpServer2 (HttpServer2.java:addFilter(996)) - Added filter static_user_filter (class=org.apache.hadoop.http.lib.StaticUserWebFilter$StaticUserFilter) to context hddsDatanode
2020-12-15 13:58:48,807 [Listener at 127.0.0.1/35149] INFO  http.HttpServer2 (HttpServer2.java:addFilter(1004)) - Added filter static_user_filter (class=org.apache.hadoop.http.lib.StaticUserWebFilter$StaticUserFilter) to context logs
2020-12-15 13:58:48,808 [Listener at 127.0.0.1/35149] INFO  http.HttpServer2 (HttpServer2.java:addFilter(1004)) - Added filter static_user_filter (class=org.apache.hadoop.http.lib.StaticUserWebFilter$StaticUserFilter) to context static
2020-12-15 13:58:48,808 [Listener at 127.0.0.1/35149] INFO  http.HttpServer2 (HttpServer2.java:bindListener(1238)) - Jetty bound to port 34829
2020-12-15 13:58:48,808 [Listener at 127.0.0.1/35149] INFO  server.Server (Server.java:doStart(375)) - jetty-9.4.34.v20201102; built: 2020-11-02T14:15:39.302Z; git: e46af88704a893fc12cb0e3bf46e2c7b48a009e7; jvm 1.8.0_232-b09
2020-12-15 13:58:48,810 [Listener at 127.0.0.1/35149] INFO  server.session (DefaultSessionIdManager.java:doStart(334)) - DefaultSessionIdManager workerName=node0
2020-12-15 13:58:48,810 [Listener at 127.0.0.1/35149] INFO  server.session (DefaultSessionIdManager.java:doStart(339)) - No SessionScavenger set, using defaults
2020-12-15 13:58:48,810 [Listener at 127.0.0.1/35149] INFO  server.session (HouseKeeper.java:startScavenging(132)) - node0 Scavenging every 660000ms
2020-12-15 13:58:48,811 [Listener at 127.0.0.1/35149] INFO  handler.ContextHandler (ContextHandler.java:doStart(916)) - Started o.e.j.s.ServletContextHandler@1be66706{logs,/logs,file:///github/workspace/mnt/ozone/hadoop-ozone/integration-test/target/log,AVAILABLE}
2020-12-15 13:58:48,811 [Listener at 127.0.0.1/35149] INFO  handler.ContextHandler (ContextHandler.java:doStart(916)) - Started o.e.j.s.ServletContextHandler@8d27060{static,/static,jar:file:/home/user/.m2/repository/org/apache/hadoop/hadoop-hdds-container-service/1.1.0-SNAPSHOT/hadoop-hdds-container-service-1.1.0-SNAPSHOT.jar!/webapps/static,AVAILABLE}
2020-12-15 13:58:48,974 [Listener at 127.0.0.1/35149] INFO  handler.ContextHandler (ContextHandler.java:doStart(916)) - Started o.e.j.w.WebAppContext@601bbbb6{hddsDatanode,/,file:///tmp/jetty-0_0_0_0-34829-hadoop-hdds-container-service-1_1_0-SNAPSHOT_jar-_-any-1270383042604419785/webapp/,AVAILABLE}{jar:file:/home/user/.m2/repository/org/apache/hadoop/hadoop-hdds-container-service/1.1.0-SNAPSHOT/hadoop-hdds-container-service-1.1.0-SNAPSHOT.jar!/webapps/hddsDatanode}
2020-12-15 13:58:48,976 [Listener at 127.0.0.1/35149] INFO  server.AbstractConnector (AbstractConnector.java:doStart(331)) - Started ServerConnector@945b2f{HTTP/1.1, (http/1.1)}{0.0.0.0:34829}
2020-12-15 13:58:48,976 [Listener at 127.0.0.1/35149] INFO  server.Server (Server.java:doStart(415)) - Started @229417ms
2020-12-15 13:58:48,976 [Listener at 127.0.0.1/35149] WARN  impl.MetricsSystemImpl (MetricsSystemImpl.java:register(276)) - Sink prometheus already exists!
2020-12-15 13:58:48,980 [Listener at 127.0.0.1/35149] INFO  http.BaseHttpServer (BaseHttpServer.java:updateConnectorAddress(327)) - HTTP server of hddsDatanode listening at http://0.0.0.0:34829
2020-12-15 13:58:48,981 [Listener at 127.0.0.1/35149] INFO  impl.MetricsSystemImpl (MetricsSystemImpl.java:init(158)) - HddsDatanode metrics system started (again)
2020-12-15 13:58:48,982 [Listener at 127.0.0.1/35149] INFO  ozone.HddsDatanodeService (HddsDatanodeService.java:start(217)) - HddsDatanodeService host:b0da2dc6b281 ip:172.17.0.2
2020-12-15 13:58:48,985 [org.apache.hadoop.util.JvmPauseMonitor$Monitor@7e2719c4] INFO  util.JvmPauseMonitor (JvmPauseMonitor.java:run(188)) - Starting JVM pause monitor
2020-12-15 13:58:48,986 [Listener at 127.0.0.1/35149] INFO  volume.HddsVolume (HddsVolume.java:<init>(176)) - Creating Volume: /github/workspace/mnt/ozone/hadoop-ozone/integration-test/target/test-dir/MiniOzoneClusterImpl-933616a4-3ca4-434e-83a8-17d3c89ffd28/datanode-4/data-0/containers/hdds of storage type : DISK and capacity : 9223372036854775807
2020-12-15 13:58:48,986 [Listener at 127.0.0.1/35149] INFO  volume.MutableVolumeSet (MutableVolumeSet.java:initializeVolumeSet(179)) - Added Volume : /github/workspace/mnt/ozone/hadoop-ozone/integration-test/target/test-dir/MiniOzoneClusterImpl-933616a4-3ca4-434e-83a8-17d3c89ffd28/datanode-4/data-0/containers/hdds to VolumeSet
2020-12-15 13:58:48,986 [Listener at 127.0.0.1/35149] INFO  volume.ThrottledAsyncChecker (ThrottledAsyncChecker.java:schedule(141)) - Scheduling a check for /github/workspace/mnt/ozone/hadoop-ozone/integration-test/target/test-dir/MiniOzoneClusterImpl-933616a4-3ca4-434e-83a8-17d3c89ffd28/datanode-4/data-0/containers/hdds
2020-12-15 13:58:48,987 [Listener at 127.0.0.1/35149] INFO  volume.HddsVolumeChecker (HddsVolumeChecker.java:checkAllVolumes(200)) - Scheduled health check for volume /github/workspace/mnt/ozone/hadoop-ozone/integration-test/target/test-dir/MiniOzoneClusterImpl-933616a4-3ca4-434e-83a8-17d3c89ffd28/datanode-4/data-0/containers/hdds
2020-12-15 13:58:48,988 [Datanode State Machine Task Thread - 0] INFO  datanode.InitDatanodeState (InitDatanodeState.java:persistContainerDatanodeDetails(145)) - DatanodeDetails is persisted to /github/workspace/mnt/ozone/hadoop-ozone/integration-test/target/test-dir/MiniOzoneClusterImpl-933616a4-3ca4-434e-83a8-17d3c89ffd28/datanode-3/meta/datanode.id
2020-12-15 13:58:49,000 [Thread-3221] INFO  ozoneimpl.ContainerReader (ContainerReader.java:readVolume(123)) - Start to verify containers on volume /github/workspace/mnt/ozone/hadoop-ozone/integration-test/target/test-dir/MiniOzoneClusterImpl-933616a4-3ca4-434e-83a8-17d3c89ffd28/datanode-4/data-0/containers/hdds
2020-12-15 13:58:49,000 [Thread-3221] INFO  ozoneimpl.ContainerReader (ContainerReader.java:readVolume(148)) - Finish verifying containers on volume /github/workspace/mnt/ozone/hadoop-ozone/integration-test/target/test-dir/MiniOzoneClusterImpl-933616a4-3ca4-434e-83a8-17d3c89ffd28/datanode-4/data-0/containers/hdds
2020-12-15 13:58:49,000 [Listener at 127.0.0.1/35149] INFO  ozoneimpl.OzoneContainer (OzoneContainer.java:buildContainerSet(194)) - Build ContainerSet costs 0s
2020-12-15 13:58:49,001 [Listener at 127.0.0.1/35149] INFO  impl.RaftServerProxy (ConfUtils.java:logGet(44)) - raft.rpc.type = GRPC (default)
2020-12-15 13:58:49,002 [Listener at 127.0.0.1/35149] INFO  grpc.GrpcFactory (GrpcFactory.java:checkPooledByteBufAllocatorUseCacheForAllThreads(45)) - PERFORMANCE WARNING: useCacheForAllThreads is true that may cause Netty to create a lot garbage objects and, as a result, trigger GC.
	It is recommended to disable useCacheForAllThreads by setting -Dorg.apache.ratis.thirdparty.io.netty.allocator.useCacheForAllThreads=false in command line.
2020-12-15 13:58:49,002 [Listener at 127.0.0.1/35149] INFO  grpc.GrpcConfigKeys (ConfUtils.java:logGet(44)) - raft.grpc.server.port = 0 (default)
2020-12-15 13:58:49,002 [Listener at 127.0.0.1/35149] INFO  server.GrpcService (ConfUtils.java:logGet(44)) - raft.grpc.message.size.max = 32MB (=33554432) (custom)
2020-12-15 13:58:49,002 [Listener at 127.0.0.1/35149] INFO  server.RaftServerConfigKeys (ConfUtils.java:logGet(44)) - raft.server.log.appender.buffer.byte-limit = 33554432 (custom)
2020-12-15 13:58:49,002 [Listener at 127.0.0.1/35149] INFO  server.GrpcService (ConfUtils.java:logGet(44)) - raft.grpc.flow.control.window = 5MB (=5242880) (custom)
2020-12-15 13:58:49,002 [Listener at 127.0.0.1/35149] INFO  server.RaftServerConfigKeys (ConfUtils.java:logGet(44)) - raft.server.rpc.request.timeout = 60s (custom)
2020-12-15 13:58:49,003 [Listener at 127.0.0.1/35149] INFO  impl.DataStreamServerImpl (ConfUtils.java:logGet(44)) - raft.datastream.type = DISABLED (default)
2020-12-15 13:58:49,003 [Listener at 127.0.0.1/35149] INFO  server.RaftServerConfigKeys (ConfUtils.java:logGet(44)) - raft.server.storage.dir = [/github/workspace/mnt/ozone/hadoop-ozone/integration-test/target/test-dir/MiniOzoneClusterImpl-933616a4-3ca4-434e-83a8-17d3c89ffd28/datanode-4/data/ratis] (custom)
2020-12-15 13:58:49,008 [Listener at 127.0.0.1/35149] INFO  http.BaseHttpServer (BaseHttpServer.java:newHttpServer2BuilderForOzone(207)) - Starting Web-server for hddsDatanode at: http://0.0.0.0:0
2020-12-15 13:58:49,008 [Listener at 127.0.0.1/35149] INFO  http.BaseHttpServer (BaseHttpServer.java:<init>(106)) - Hadoop Security Enabled: false Ozone Security Enabled: false Ozone HTTP Security Enabled: false 
2020-12-15 13:58:49,009 [Listener at 127.0.0.1/35149] INFO  server.AuthenticationFilter (AuthenticationFilter.java:constructSecretProvider(240)) - Unable to initialize FileSignerSecretProvider, falling back to use random secrets.
2020-12-15 13:58:49,010 [Listener at 127.0.0.1/35149] WARN  http.HttpRequestLog (HttpRequestLog.java:getRequestLog(103)) - Jetty request log can only be enabled using Log4j
2020-12-15 13:58:49,010 [Listener at 127.0.0.1/35149] INFO  http.HttpServer2 (HttpServer2.java:addGlobalFilter(1020)) - Added global filter 'safety' (class=org.apache.hadoop.hdds.server.http.HttpServer2$QuotingInputFilter)
2020-12-15 13:58:49,011 [Listener at 127.0.0.1/35149] INFO  http.HttpServer2 (HttpServer2.java:addFilter(996)) - Added filter static_user_filter (class=org.apache.hadoop.http.lib.StaticUserWebFilter$StaticUserFilter) to context hddsDatanode
2020-12-15 13:58:49,011 [Listener at 127.0.0.1/35149] INFO  http.HttpServer2 (HttpServer2.java:addFilter(1004)) - Added filter static_user_filter (class=org.apache.hadoop.http.lib.StaticUserWebFilter$StaticUserFilter) to context static
2020-12-15 13:58:49,011 [Listener at 127.0.0.1/35149] INFO  http.HttpServer2 (HttpServer2.java:addFilter(1004)) - Added filter static_user_filter (class=org.apache.hadoop.http.lib.StaticUserWebFilter$StaticUserFilter) to context logs
2020-12-15 13:58:49,011 [Listener at 127.0.0.1/35149] INFO  http.HttpServer2 (HttpServer2.java:bindListener(1238)) - Jetty bound to port 39819
2020-12-15 13:58:49,012 [Listener at 127.0.0.1/35149] INFO  server.Server (Server.java:doStart(375)) - jetty-9.4.34.v20201102; built: 2020-11-02T14:15:39.302Z; git: e46af88704a893fc12cb0e3bf46e2c7b48a009e7; jvm 1.8.0_232-b09
2020-12-15 13:58:49,013 [Listener at 127.0.0.1/35149] INFO  server.session (DefaultSessionIdManager.java:doStart(334)) - DefaultSessionIdManager workerName=node0
2020-12-15 13:58:49,013 [Listener at 127.0.0.1/35149] INFO  server.session (DefaultSessionIdManager.java:doStart(339)) - No SessionScavenger set, using defaults
2020-12-15 13:58:49,013 [Listener at 127.0.0.1/35149] INFO  server.session (HouseKeeper.java:startScavenging(132)) - node0 Scavenging every 600000ms
2020-12-15 13:58:49,014 [Listener at 127.0.0.1/35149] INFO  handler.ContextHandler (ContextHandler.java:doStart(916)) - Started o.e.j.s.ServletContextHandler@1c37b2b{logs,/logs,file:///github/workspace/mnt/ozone/hadoop-ozone/integration-test/target/log,AVAILABLE}
2020-12-15 13:58:49,014 [Listener at 127.0.0.1/35149] INFO  handler.ContextHandler (ContextHandler.java:doStart(916)) - Started o.e.j.s.ServletContextHandler@3c83bde0{static,/static,jar:file:/home/user/.m2/repository/org/apache/hadoop/hadoop-hdds-container-service/1.1.0-SNAPSHOT/hadoop-hdds-container-service-1.1.0-SNAPSHOT.jar!/webapps/static,AVAILABLE}
2020-12-15 13:58:49,194 [Listener at 127.0.0.1/35149] INFO  handler.ContextHandler (ContextHandler.java:doStart(916)) - Started o.e.j.w.WebAppContext@25afdf7e{hddsDatanode,/,file:///tmp/jetty-0_0_0_0-39819-hadoop-hdds-container-service-1_1_0-SNAPSHOT_jar-_-any-1688408745939971723/webapp/,AVAILABLE}{jar:file:/home/user/.m2/repository/org/apache/hadoop/hadoop-hdds-container-service/1.1.0-SNAPSHOT/hadoop-hdds-container-service-1.1.0-SNAPSHOT.jar!/webapps/hddsDatanode}
2020-12-15 13:58:49,196 [Listener at 127.0.0.1/35149] INFO  server.AbstractConnector (AbstractConnector.java:doStart(331)) - Started ServerConnector@77fc3039{HTTP/1.1, (http/1.1)}{0.0.0.0:39819}
2020-12-15 13:58:49,197 [Listener at 127.0.0.1/35149] INFO  server.Server (Server.java:doStart(415)) - Started @229638ms
2020-12-15 13:58:49,197 [Listener at 127.0.0.1/35149] WARN  impl.MetricsSystemImpl (MetricsSystemImpl.java:register(276)) - Sink prometheus already exists!
2020-12-15 13:58:49,200 [Listener at 127.0.0.1/35149] INFO  http.BaseHttpServer (BaseHttpServer.java:updateConnectorAddress(327)) - HTTP server of hddsDatanode listening at http://0.0.0.0:39819
2020-12-15 13:58:49,201 [Listener at 127.0.0.1/35149] INFO  impl.MetricsSystemImpl (MetricsSystemImpl.java:init(158)) - HddsDatanode metrics system started (again)
2020-12-15 13:58:49,203 [Listener at 127.0.0.1/35149] INFO  ozone.HddsDatanodeService (HddsDatanodeService.java:start(217)) - HddsDatanodeService host:b0da2dc6b281 ip:172.17.0.2
2020-12-15 13:58:49,203 [org.apache.hadoop.util.JvmPauseMonitor$Monitor@62c434f8] INFO  util.JvmPauseMonitor (JvmPauseMonitor.java:run(188)) - Starting JVM pause monitor
2020-12-15 13:58:49,204 [Listener at 127.0.0.1/35149] INFO  volume.HddsVolume (HddsVolume.java:<init>(176)) - Creating Volume: /github/workspace/mnt/ozone/hadoop-ozone/integration-test/target/test-dir/MiniOzoneClusterImpl-933616a4-3ca4-434e-83a8-17d3c89ffd28/datanode-5/data-0/containers/hdds of storage type : DISK and capacity : 9223372036854775807
2020-12-15 13:58:49,204 [Listener at 127.0.0.1/35149] INFO  volume.MutableVolumeSet (MutableVolumeSet.java:initializeVolumeSet(179)) - Added Volume : /github/workspace/mnt/ozone/hadoop-ozone/integration-test/target/test-dir/MiniOzoneClusterImpl-933616a4-3ca4-434e-83a8-17d3c89ffd28/datanode-5/data-0/containers/hdds to VolumeSet
2020-12-15 13:58:49,204 [Listener at 127.0.0.1/35149] INFO  volume.ThrottledAsyncChecker (ThrottledAsyncChecker.java:schedule(141)) - Scheduling a check for /github/workspace/mnt/ozone/hadoop-ozone/integration-test/target/test-dir/MiniOzoneClusterImpl-933616a4-3ca4-434e-83a8-17d3c89ffd28/datanode-5/data-0/containers/hdds
2020-12-15 13:58:49,205 [Listener at 127.0.0.1/35149] INFO  volume.HddsVolumeChecker (HddsVolumeChecker.java:checkAllVolumes(200)) - Scheduled health check for volume /github/workspace/mnt/ozone/hadoop-ozone/integration-test/target/test-dir/MiniOzoneClusterImpl-933616a4-3ca4-434e-83a8-17d3c89ffd28/datanode-5/data-0/containers/hdds
2020-12-15 13:58:49,209 [Datanode State Machine Task Thread - 0] INFO  datanode.InitDatanodeState (InitDatanodeState.java:persistContainerDatanodeDetails(145)) - DatanodeDetails is persisted to /github/workspace/mnt/ozone/hadoop-ozone/integration-test/target/test-dir/MiniOzoneClusterImpl-933616a4-3ca4-434e-83a8-17d3c89ffd28/datanode-4/meta/datanode.id
2020-12-15 13:58:49,220 [Thread-3232] INFO  ozoneimpl.ContainerReader (ContainerReader.java:readVolume(123)) - Start to verify containers on volume /github/workspace/mnt/ozone/hadoop-ozone/integration-test/target/test-dir/MiniOzoneClusterImpl-933616a4-3ca4-434e-83a8-17d3c89ffd28/datanode-5/data-0/containers/hdds
2020-12-15 13:58:49,220 [Thread-3232] INFO  ozoneimpl.ContainerReader (ContainerReader.java:readVolume(148)) - Finish verifying containers on volume /github/workspace/mnt/ozone/hadoop-ozone/integration-test/target/test-dir/MiniOzoneClusterImpl-933616a4-3ca4-434e-83a8-17d3c89ffd28/datanode-5/data-0/containers/hdds
2020-12-15 13:58:49,220 [Listener at 127.0.0.1/35149] INFO  ozoneimpl.OzoneContainer (OzoneContainer.java:buildContainerSet(194)) - Build ContainerSet costs 0s
2020-12-15 13:58:49,222 [Listener at 127.0.0.1/35149] INFO  impl.RaftServerProxy (ConfUtils.java:logGet(44)) - raft.rpc.type = GRPC (default)
2020-12-15 13:58:49,222 [Listener at 127.0.0.1/35149] INFO  grpc.GrpcFactory (GrpcFactory.java:checkPooledByteBufAllocatorUseCacheForAllThreads(45)) - PERFORMANCE WARNING: useCacheForAllThreads is true that may cause Netty to create a lot garbage objects and, as a result, trigger GC.
	It is recommended to disable useCacheForAllThreads by setting -Dorg.apache.ratis.thirdparty.io.netty.allocator.useCacheForAllThreads=false in command line.
2020-12-15 13:58:49,222 [Listener at 127.0.0.1/35149] INFO  grpc.GrpcConfigKeys (ConfUtils.java:logGet(44)) - raft.grpc.server.port = 0 (default)
2020-12-15 13:58:49,222 [Listener at 127.0.0.1/35149] INFO  server.GrpcService (ConfUtils.java:logGet(44)) - raft.grpc.message.size.max = 32MB (=33554432) (custom)
2020-12-15 13:58:49,222 [Listener at 127.0.0.1/35149] INFO  server.RaftServerConfigKeys (ConfUtils.java:logGet(44)) - raft.server.log.appender.buffer.byte-limit = 33554432 (custom)
2020-12-15 13:58:49,222 [Listener at 127.0.0.1/35149] INFO  server.GrpcService (ConfUtils.java:logGet(44)) - raft.grpc.flow.control.window = 5MB (=5242880) (custom)
2020-12-15 13:58:49,222 [Listener at 127.0.0.1/35149] INFO  server.RaftServerConfigKeys (ConfUtils.java:logGet(44)) - raft.server.rpc.request.timeout = 60s (custom)
2020-12-15 13:58:49,223 [Listener at 127.0.0.1/35149] INFO  impl.DataStreamServerImpl (ConfUtils.java:logGet(44)) - raft.datastream.type = DISABLED (default)
2020-12-15 13:58:49,223 [Listener at 127.0.0.1/35149] INFO  server.RaftServerConfigKeys (ConfUtils.java:logGet(44)) - raft.server.storage.dir = [/github/workspace/mnt/ozone/hadoop-ozone/integration-test/target/test-dir/MiniOzoneClusterImpl-933616a4-3ca4-434e-83a8-17d3c89ffd28/datanode-5/data/ratis] (custom)
2020-12-15 13:58:49,230 [Listener at 127.0.0.1/35149] INFO  http.BaseHttpServer (BaseHttpServer.java:newHttpServer2BuilderForOzone(207)) - Starting Web-server for hddsDatanode at: http://0.0.0.0:0
2020-12-15 13:58:49,230 [Listener at 127.0.0.1/35149] INFO  http.BaseHttpServer (BaseHttpServer.java:<init>(106)) - Hadoop Security Enabled: false Ozone Security Enabled: false Ozone HTTP Security Enabled: false 
2020-12-15 13:58:49,231 [Listener at 127.0.0.1/35149] INFO  server.AuthenticationFilter (AuthenticationFilter.java:constructSecretProvider(240)) - Unable to initialize FileSignerSecretProvider, falling back to use random secrets.
2020-12-15 13:58:49,231 [Listener at 127.0.0.1/35149] WARN  http.HttpRequestLog (HttpRequestLog.java:getRequestLog(103)) - Jetty request log can only be enabled using Log4j
2020-12-15 13:58:49,232 [Listener at 127.0.0.1/35149] INFO  http.HttpServer2 (HttpServer2.java:addGlobalFilter(1020)) - Added global filter 'safety' (class=org.apache.hadoop.hdds.server.http.HttpServer2$QuotingInputFilter)
2020-12-15 13:58:49,232 [Listener at 127.0.0.1/35149] INFO  http.HttpServer2 (HttpServer2.java:addFilter(996)) - Added filter static_user_filter (class=org.apache.hadoop.http.lib.StaticUserWebFilter$StaticUserFilter) to context hddsDatanode
2020-12-15 13:58:49,233 [Listener at 127.0.0.1/35149] INFO  http.HttpServer2 (HttpServer2.java:addFilter(1004)) - Added filter static_user_filter (class=org.apache.hadoop.http.lib.StaticUserWebFilter$StaticUserFilter) to context logs
2020-12-15 13:58:49,233 [Listener at 127.0.0.1/35149] INFO  http.HttpServer2 (HttpServer2.java:addFilter(1004)) - Added filter static_user_filter (class=org.apache.hadoop.http.lib.StaticUserWebFilter$StaticUserFilter) to context static
2020-12-15 13:58:49,233 [Listener at 127.0.0.1/35149] INFO  http.HttpServer2 (HttpServer2.java:bindListener(1238)) - Jetty bound to port 43139
2020-12-15 13:58:49,233 [Listener at 127.0.0.1/35149] INFO  server.Server (Server.java:doStart(375)) - jetty-9.4.34.v20201102; built: 2020-11-02T14:15:39.302Z; git: e46af88704a893fc12cb0e3bf46e2c7b48a009e7; jvm 1.8.0_232-b09
2020-12-15 13:58:49,234 [Listener at 127.0.0.1/35149] INFO  server.session (DefaultSessionIdManager.java:doStart(334)) - DefaultSessionIdManager workerName=node0
2020-12-15 13:58:49,234 [Listener at 127.0.0.1/35149] INFO  server.session (DefaultSessionIdManager.java:doStart(339)) - No SessionScavenger set, using defaults
2020-12-15 13:58:49,235 [Listener at 127.0.0.1/35149] INFO  server.session (HouseKeeper.java:startScavenging(132)) - node0 Scavenging every 660000ms
2020-12-15 13:58:49,236 [Listener at 127.0.0.1/35149] INFO  handler.ContextHandler (ContextHandler.java:doStart(916)) - Started o.e.j.s.ServletContextHandler@5f566662{logs,/logs,file:///github/workspace/mnt/ozone/hadoop-ozone/integration-test/target/log,AVAILABLE}
2020-12-15 13:58:49,236 [Listener at 127.0.0.1/35149] INFO  handler.ContextHandler (ContextHandler.java:doStart(916)) - Started o.e.j.s.ServletContextHandler@6c00601e{static,/static,jar:file:/home/user/.m2/repository/org/apache/hadoop/hadoop-hdds-container-service/1.1.0-SNAPSHOT/hadoop-hdds-container-service-1.1.0-SNAPSHOT.jar!/webapps/static,AVAILABLE}
2020-12-15 13:58:49,390 [Listener at 127.0.0.1/35149] INFO  handler.ContextHandler (ContextHandler.java:doStart(916)) - Started o.e.j.w.WebAppContext@555cc0ba{hddsDatanode,/,file:///tmp/jetty-0_0_0_0-43139-hadoop-hdds-container-service-1_1_0-SNAPSHOT_jar-_-any-3918525290929077822/webapp/,AVAILABLE}{jar:file:/home/user/.m2/repository/org/apache/hadoop/hadoop-hdds-container-service/1.1.0-SNAPSHOT/hadoop-hdds-container-service-1.1.0-SNAPSHOT.jar!/webapps/hddsDatanode}
2020-12-15 13:58:49,393 [Listener at 127.0.0.1/35149] INFO  server.AbstractConnector (AbstractConnector.java:doStart(331)) - Started ServerConnector@7ee0a60a{HTTP/1.1, (http/1.1)}{0.0.0.0:43139}
2020-12-15 13:58:49,394 [Listener at 127.0.0.1/35149] INFO  server.Server (Server.java:doStart(415)) - Started @229835ms
2020-12-15 13:58:49,394 [Listener at 127.0.0.1/35149] WARN  impl.MetricsSystemImpl (MetricsSystemImpl.java:register(276)) - Sink prometheus already exists!
2020-12-15 13:58:49,397 [Listener at 127.0.0.1/35149] INFO  http.BaseHttpServer (BaseHttpServer.java:updateConnectorAddress(327)) - HTTP server of hddsDatanode listening at http://0.0.0.0:43139
2020-12-15 13:58:49,398 [Listener at 127.0.0.1/35149] INFO  ozone.MiniOzoneClusterImpl (MiniOzoneClusterImpl.java:lambda$waitForClusterToBeReady$0(178)) - Waiting for nodes to be ready. Got 0 of 6 DN Heartbeats.
2020-12-15 13:58:49,398 [Listener at 127.0.0.1/35149] INFO  ozone.MiniOzoneClusterImpl (MiniOzoneClusterImpl.java:lambda$waitForClusterToBeReady$0(181)) - Waiting for cluster to exit safe mode
2020-12-15 13:58:49,399 [org.apache.hadoop.util.JvmPauseMonitor$Monitor@4c80945f] INFO  util.JvmPauseMonitor (JvmPauseMonitor.java:run(188)) - Starting JVM pause monitor
2020-12-15 13:58:49,399 [Datanode State Machine Task Thread - 0] INFO  datanode.InitDatanodeState (InitDatanodeState.java:persistContainerDatanodeDetails(145)) - DatanodeDetails is persisted to /github/workspace/mnt/ozone/hadoop-ozone/integration-test/target/test-dir/MiniOzoneClusterImpl-933616a4-3ca4-434e-83a8-17d3c89ffd28/datanode-5/meta/datanode.id
2020-12-15 13:58:50,379 [EndpointStateMachine task thread for /0.0.0.0:38555 - 0 ] INFO  ozoneimpl.OzoneContainer (OzoneContainer.java:start(243)) - Attempting to start container services.
2020-12-15 13:58:50,379 [EndpointStateMachine task thread for /0.0.0.0:38555 - 0 ] INFO  ozoneimpl.OzoneContainer (OzoneContainer.java:startContainerScrub(207)) - Background container scanner has been disabled.
2020-12-15 13:58:50,379 [EndpointStateMachine task thread for /0.0.0.0:38555 - 0 ] INFO  ratis.XceiverServerRatis (XceiverServerRatis.java:start(456)) - Starting XceiverServerRatis 5928c4bb-8a64-400c-b032-ccd85110c165 at port 0
2020-12-15 13:58:50,387 [EndpointStateMachine task thread for /0.0.0.0:38555 - 0 ] INFO  impl.RaftServerProxy (RaftServerProxy.java:lambda$start$3(321)) - 5928c4bb-8a64-400c-b032-ccd85110c165: start RPC server
2020-12-15 13:58:50,387 [EndpointStateMachine task thread for /0.0.0.0:38555 - 0 ] INFO  server.GrpcService (GrpcService.java:startImpl(177)) - 5928c4bb-8a64-400c-b032-ccd85110c165: GrpcService started, listening on 0.0.0.0/0.0.0.0:39247
2020-12-15 13:58:50,388 [EndpointStateMachine task thread for /0.0.0.0:38555 - 0 ] INFO  ratis.XceiverServerRatis (XceiverServerRatis.java:start(468)) - XceiverServerRatis 5928c4bb-8a64-400c-b032-ccd85110c165 is started using port 39247
2020-12-15 13:58:50,388 [EndpointStateMachine task thread for /0.0.0.0:38555 - 0 ] INFO  server.XceiverServerGrpc (XceiverServerGrpc.java:start(145)) - XceiverServerGrpc 5928c4bb-8a64-400c-b032-ccd85110c165 is started using port 45951
2020-12-15 13:58:50,389 [org.apache.ratis.server.JvmPauseMonitor@67348293-Monitor] INFO  server.RaftServerConfigKeys (ConfUtils.java:logGet(44)) - raft.server.leaderelection.leader.step-down.wait-time = 10s (default)
2020-12-15 13:58:50,389 [org.apache.ratis.server.JvmPauseMonitor@67348293-Monitor] INFO  server.RaftServerConfigKeys (ConfUtils.java:logGet(44)) - raft.server.rpc.slowness.timeout = 300s (custom)
2020-12-15 13:58:50,389 [org.apache.ratis.server.JvmPauseMonitor@67348293-Monitor] INFO  server.JvmPauseMonitor (JvmPauseMonitor.java:run(129)) - Starting Ratis JVM pause monitor
2020-12-15 13:58:50,398 [Listener at 127.0.0.1/35149] INFO  ozone.MiniOzoneClusterImpl (MiniOzoneClusterImpl.java:lambda$waitForClusterToBeReady$0(178)) - Waiting for nodes to be ready. Got 0 of 6 DN Heartbeats.
2020-12-15 13:58:50,398 [Listener at 127.0.0.1/35149] INFO  ozone.MiniOzoneClusterImpl (MiniOzoneClusterImpl.java:lambda$waitForClusterToBeReady$0(181)) - Waiting for cluster to exit safe mode
2020-12-15 13:58:50,595 [EndpointStateMachine task thread for /0.0.0.0:38555 - 0 ] INFO  ozoneimpl.OzoneContainer (OzoneContainer.java:start(243)) - Attempting to start container services.
2020-12-15 13:58:50,596 [EndpointStateMachine task thread for /0.0.0.0:38555 - 0 ] INFO  ozoneimpl.OzoneContainer (OzoneContainer.java:startContainerScrub(207)) - Background container scanner has been disabled.
2020-12-15 13:58:50,596 [EndpointStateMachine task thread for /0.0.0.0:38555 - 0 ] INFO  ratis.XceiverServerRatis (XceiverServerRatis.java:start(456)) - Starting XceiverServerRatis c6e04511-2206-46f8-9e26-aeae93b0c1d5 at port 0
2020-12-15 13:58:50,597 [EndpointStateMachine task thread for /0.0.0.0:38555 - 0 ] INFO  impl.RaftServerProxy (RaftServerProxy.java:lambda$start$3(321)) - c6e04511-2206-46f8-9e26-aeae93b0c1d5: start RPC server
2020-12-15 13:58:50,599 [EndpointStateMachine task thread for /0.0.0.0:38555 - 0 ] INFO  server.GrpcService (GrpcService.java:startImpl(177)) - c6e04511-2206-46f8-9e26-aeae93b0c1d5: GrpcService started, listening on 0.0.0.0/0.0.0.0:36945
2020-12-15 13:58:50,600 [EndpointStateMachine task thread for /0.0.0.0:38555 - 0 ] INFO  ratis.XceiverServerRatis (XceiverServerRatis.java:start(468)) - XceiverServerRatis c6e04511-2206-46f8-9e26-aeae93b0c1d5 is started using port 36945
2020-12-15 13:58:50,600 [org.apache.ratis.server.JvmPauseMonitor@63b4927c-Monitor] INFO  server.RaftServerConfigKeys (ConfUtils.java:logGet(44)) - raft.server.leaderelection.leader.step-down.wait-time = 10s (default)
2020-12-15 13:58:50,600 [org.apache.ratis.server.JvmPauseMonitor@63b4927c-Monitor] INFO  server.RaftServerConfigKeys (ConfUtils.java:logGet(44)) - raft.server.rpc.slowness.timeout = 300s (custom)
2020-12-15 13:58:50,600 [org.apache.ratis.server.JvmPauseMonitor@63b4927c-Monitor] INFO  server.JvmPauseMonitor (JvmPauseMonitor.java:run(129)) - Starting Ratis JVM pause monitor
2020-12-15 13:58:50,600 [EndpointStateMachine task thread for /0.0.0.0:38555 - 0 ] INFO  server.XceiverServerGrpc (XceiverServerGrpc.java:start(145)) - XceiverServerGrpc c6e04511-2206-46f8-9e26-aeae93b0c1d5 is started using port 40193
2020-12-15 13:58:50,799 [EndpointStateMachine task thread for /0.0.0.0:38555 - 0 ] INFO  ozoneimpl.OzoneContainer (OzoneContainer.java:start(243)) - Attempting to start container services.
2020-12-15 13:58:50,799 [EndpointStateMachine task thread for /0.0.0.0:38555 - 0 ] INFO  ozoneimpl.OzoneContainer (OzoneContainer.java:startContainerScrub(207)) - Background container scanner has been disabled.
2020-12-15 13:58:50,799 [EndpointStateMachine task thread for /0.0.0.0:38555 - 0 ] INFO  ratis.XceiverServerRatis (XceiverServerRatis.java:start(456)) - Starting XceiverServerRatis bcedaf3e-3b45-4de1-8682-1fb59b13139d at port 0
2020-12-15 13:58:50,801 [EndpointStateMachine task thread for /0.0.0.0:38555 - 0 ] INFO  impl.RaftServerProxy (RaftServerProxy.java:lambda$start$3(321)) - bcedaf3e-3b45-4de1-8682-1fb59b13139d: start RPC server
2020-12-15 13:58:50,802 [EndpointStateMachine task thread for /0.0.0.0:38555 - 0 ] INFO  server.GrpcService (GrpcService.java:startImpl(177)) - bcedaf3e-3b45-4de1-8682-1fb59b13139d: GrpcService started, listening on 0.0.0.0/0.0.0.0:34627
2020-12-15 13:58:50,802 [EndpointStateMachine task thread for /0.0.0.0:38555 - 0 ] INFO  ratis.XceiverServerRatis (XceiverServerRatis.java:start(468)) - XceiverServerRatis bcedaf3e-3b45-4de1-8682-1fb59b13139d is started using port 34627
2020-12-15 13:58:50,802 [org.apache.ratis.server.JvmPauseMonitor@692479d0-Monitor] INFO  server.RaftServerConfigKeys (ConfUtils.java:logGet(44)) - raft.server.leaderelection.leader.step-down.wait-time = 10s (default)
2020-12-15 13:58:50,802 [org.apache.ratis.server.JvmPauseMonitor@692479d0-Monitor] INFO  server.RaftServerConfigKeys (ConfUtils.java:logGet(44)) - raft.server.rpc.slowness.timeout = 300s (custom)
2020-12-15 13:58:50,802 [org.apache.ratis.server.JvmPauseMonitor@692479d0-Monitor] INFO  server.JvmPauseMonitor (JvmPauseMonitor.java:run(129)) - Starting Ratis JVM pause monitor
2020-12-15 13:58:50,802 [EndpointStateMachine task thread for /0.0.0.0:38555 - 0 ] INFO  server.XceiverServerGrpc (XceiverServerGrpc.java:start(145)) - XceiverServerGrpc bcedaf3e-3b45-4de1-8682-1fb59b13139d is started using port 46299
2020-12-15 13:58:50,988 [EndpointStateMachine task thread for /0.0.0.0:38555 - 0 ] INFO  ozoneimpl.OzoneContainer (OzoneContainer.java:start(243)) - Attempting to start container services.
2020-12-15 13:58:50,989 [EndpointStateMachine task thread for /0.0.0.0:38555 - 0 ] INFO  ozoneimpl.OzoneContainer (OzoneContainer.java:startContainerScrub(207)) - Background container scanner has been disabled.
2020-12-15 13:58:50,989 [EndpointStateMachine task thread for /0.0.0.0:38555 - 0 ] INFO  ratis.XceiverServerRatis (XceiverServerRatis.java:start(456)) - Starting XceiverServerRatis b41166ab-bd26-4895-adb6-dd063c55eea5 at port 0
2020-12-15 13:58:50,993 [EndpointStateMachine task thread for /0.0.0.0:38555 - 0 ] INFO  impl.RaftServerProxy (RaftServerProxy.java:lambda$start$3(321)) - b41166ab-bd26-4895-adb6-dd063c55eea5: start RPC server
2020-12-15 13:58:50,994 [EndpointStateMachine task thread for /0.0.0.0:38555 - 0 ] INFO  server.GrpcService (GrpcService.java:startImpl(177)) - b41166ab-bd26-4895-adb6-dd063c55eea5: GrpcService started, listening on 0.0.0.0/0.0.0.0:41813
2020-12-15 13:58:50,994 [EndpointStateMachine task thread for /0.0.0.0:38555 - 0 ] INFO  ratis.XceiverServerRatis (XceiverServerRatis.java:start(468)) - XceiverServerRatis b41166ab-bd26-4895-adb6-dd063c55eea5 is started using port 41813
2020-12-15 13:58:50,994 [org.apache.ratis.server.JvmPauseMonitor@1a25dc3a-Monitor] INFO  server.RaftServerConfigKeys (ConfUtils.java:logGet(44)) - raft.server.leaderelection.leader.step-down.wait-time = 10s (default)
2020-12-15 13:58:50,994 [EndpointStateMachine task thread for /0.0.0.0:38555 - 0 ] INFO  server.XceiverServerGrpc (XceiverServerGrpc.java:start(145)) - XceiverServerGrpc b41166ab-bd26-4895-adb6-dd063c55eea5 is started using port 43193
2020-12-15 13:58:50,995 [org.apache.ratis.server.JvmPauseMonitor@1a25dc3a-Monitor] INFO  server.RaftServerConfigKeys (ConfUtils.java:logGet(44)) - raft.server.rpc.slowness.timeout = 300s (custom)
2020-12-15 13:58:50,995 [org.apache.ratis.server.JvmPauseMonitor@1a25dc3a-Monitor] INFO  server.JvmPauseMonitor (JvmPauseMonitor.java:run(129)) - Starting Ratis JVM pause monitor
2020-12-15 13:58:51,207 [EndpointStateMachine task thread for /0.0.0.0:38555 - 0 ] INFO  ozoneimpl.OzoneContainer (OzoneContainer.java:start(243)) - Attempting to start container services.
2020-12-15 13:58:51,207 [EndpointStateMachine task thread for /0.0.0.0:38555 - 0 ] INFO  ozoneimpl.OzoneContainer (OzoneContainer.java:startContainerScrub(207)) - Background container scanner has been disabled.
2020-12-15 13:58:51,207 [EndpointStateMachine task thread for /0.0.0.0:38555 - 0 ] INFO  ratis.XceiverServerRatis (XceiverServerRatis.java:start(456)) - Starting XceiverServerRatis c106af50-bceb-418e-be22-e2669d442084 at port 0
2020-12-15 13:58:51,209 [EndpointStateMachine task thread for /0.0.0.0:38555 - 0 ] INFO  impl.RaftServerProxy (RaftServerProxy.java:lambda$start$3(321)) - c106af50-bceb-418e-be22-e2669d442084: start RPC server
2020-12-15 13:58:51,209 [EndpointStateMachine task thread for /0.0.0.0:38555 - 0 ] INFO  server.GrpcService (GrpcService.java:startImpl(177)) - c106af50-bceb-418e-be22-e2669d442084: GrpcService started, listening on 0.0.0.0/0.0.0.0:40637
2020-12-15 13:58:51,211 [EndpointStateMachine task thread for /0.0.0.0:38555 - 0 ] INFO  ratis.XceiverServerRatis (XceiverServerRatis.java:start(468)) - XceiverServerRatis c106af50-bceb-418e-be22-e2669d442084 is started using port 40637
2020-12-15 13:58:51,211 [org.apache.ratis.server.JvmPauseMonitor@60503831-Monitor] INFO  server.RaftServerConfigKeys (ConfUtils.java:logGet(44)) - raft.server.leaderelection.leader.step-down.wait-time = 10s (default)
2020-12-15 13:58:51,211 [org.apache.ratis.server.JvmPauseMonitor@60503831-Monitor] INFO  server.RaftServerConfigKeys (ConfUtils.java:logGet(44)) - raft.server.rpc.slowness.timeout = 300s (custom)
2020-12-15 13:58:51,211 [org.apache.ratis.server.JvmPauseMonitor@60503831-Monitor] INFO  server.JvmPauseMonitor (JvmPauseMonitor.java:run(129)) - Starting Ratis JVM pause monitor
2020-12-15 13:58:51,211 [EndpointStateMachine task thread for /0.0.0.0:38555 - 0 ] INFO  server.XceiverServerGrpc (XceiverServerGrpc.java:start(145)) - XceiverServerGrpc c106af50-bceb-418e-be22-e2669d442084 is started using port 46263
2020-12-15 13:58:51,399 [Listener at 127.0.0.1/35149] INFO  ozone.MiniOzoneClusterImpl (MiniOzoneClusterImpl.java:lambda$waitForClusterToBeReady$0(178)) - Waiting for nodes to be ready. Got 0 of 6 DN Heartbeats.
2020-12-15 13:58:51,399 [Listener at 127.0.0.1/35149] INFO  ozone.MiniOzoneClusterImpl (MiniOzoneClusterImpl.java:lambda$waitForClusterToBeReady$0(181)) - Waiting for cluster to exit safe mode
2020-12-15 13:58:51,402 [EndpointStateMachine task thread for /0.0.0.0:38555 - 0 ] INFO  ozoneimpl.OzoneContainer (OzoneContainer.java:start(243)) - Attempting to start container services.
2020-12-15 13:58:51,402 [EndpointStateMachine task thread for /0.0.0.0:38555 - 0 ] INFO  ozoneimpl.OzoneContainer (OzoneContainer.java:startContainerScrub(207)) - Background container scanner has been disabled.
2020-12-15 13:58:51,402 [EndpointStateMachine task thread for /0.0.0.0:38555 - 0 ] INFO  ratis.XceiverServerRatis (XceiverServerRatis.java:start(456)) - Starting XceiverServerRatis d8013a59-5613-4576-849f-406a4abab1ed at port 0
2020-12-15 13:58:51,403 [EndpointStateMachine task thread for /0.0.0.0:38555 - 0 ] INFO  impl.RaftServerProxy (RaftServerProxy.java:lambda$start$3(321)) - d8013a59-5613-4576-849f-406a4abab1ed: start RPC server
2020-12-15 13:58:51,404 [EndpointStateMachine task thread for /0.0.0.0:38555 - 0 ] INFO  server.GrpcService (GrpcService.java:startImpl(177)) - d8013a59-5613-4576-849f-406a4abab1ed: GrpcService started, listening on 0.0.0.0/0.0.0.0:40939
2020-12-15 13:58:51,404 [EndpointStateMachine task thread for /0.0.0.0:38555 - 0 ] INFO  ratis.XceiverServerRatis (XceiverServerRatis.java:start(468)) - XceiverServerRatis d8013a59-5613-4576-849f-406a4abab1ed is started using port 40939
2020-12-15 13:58:51,404 [org.apache.ratis.server.JvmPauseMonitor@49a7fad4-Monitor] INFO  server.RaftServerConfigKeys (ConfUtils.java:logGet(44)) - raft.server.leaderelection.leader.step-down.wait-time = 10s (default)
2020-12-15 13:58:51,404 [org.apache.ratis.server.JvmPauseMonitor@49a7fad4-Monitor] INFO  server.RaftServerConfigKeys (ConfUtils.java:logGet(44)) - raft.server.rpc.slowness.timeout = 300s (custom)
2020-12-15 13:58:51,404 [org.apache.ratis.server.JvmPauseMonitor@49a7fad4-Monitor] INFO  server.JvmPauseMonitor (JvmPauseMonitor.java:run(129)) - Starting Ratis JVM pause monitor
2020-12-15 13:58:51,404 [EndpointStateMachine task thread for /0.0.0.0:38555 - 0 ] INFO  server.XceiverServerGrpc (XceiverServerGrpc.java:start(145)) - XceiverServerGrpc d8013a59-5613-4576-849f-406a4abab1ed is started using port 40831
2020-12-15 13:58:52,372 [IPC Server handler 2 on default port 38555] INFO  net.NetworkTopologyImpl (NetworkTopologyImpl.java:add(111)) - Added a new node: /default-rack/5928c4bb-8a64-400c-b032-ccd85110c165
2020-12-15 13:58:52,373 [IPC Server handler 2 on default port 38555] INFO  node.SCMNodeManager (SCMNodeManager.java:register(341)) - Registered Data node : 5928c4bb-8a64-400c-b032-ccd85110c165{ip: 172.17.0.2, host: b0da2dc6b281, networkLocation: /default-rack, certSerialId: null, persistedOpState: IN_SERVICE, persistedOpStateExpiryEpochSec: 0}
2020-12-15 13:58:52,374 [RatisPipelineUtilsThread] INFO  pipeline.RatisPipelineProvider (RatisPipelineProvider.java:lambda$create$0(161)) - Sending CreatePipelineCommand for pipeline:PipelineID=6a023ab8-2bcb-48ec-a7dd-1dd43d2faaf8 to datanode:5928c4bb-8a64-400c-b032-ccd85110c165
2020-12-15 13:58:52,375 [RatisPipelineUtilsThread] INFO  pipeline.PipelineStateManager (PipelineStateManager.java:addPipeline(54)) - Created pipeline Pipeline[ Id: 6a023ab8-2bcb-48ec-a7dd-1dd43d2faaf8, Nodes: 5928c4bb-8a64-400c-b032-ccd85110c165{ip: 172.17.0.2, host: b0da2dc6b281, networkLocation: /default-rack, certSerialId: null, persistedOpState: IN_SERVICE, persistedOpStateExpiryEpochSec: 0}, Type:RATIS, Factor:ONE, State:ALLOCATED, leaderId:, CreationTimestamp2020-12-15T13:58:52.374Z]
2020-12-15 13:58:52,375 [EventQueue-NodeRegistrationContainerReportForDataNodeSafeModeRule] INFO  safemode.SCMSafeModeManager (DataNodeSafeModeRule.java:process(71)) - SCM in safe mode. 1 DataNodes registered, 1 required.
2020-12-15 13:58:52,375 [EventQueue-NodeRegistrationContainerReportForDataNodeSafeModeRule] INFO  safemode.SCMSafeModeManager (SCMSafeModeManager.java:validateSafeModeExitRules(214)) - DataNodeSafeModeRule rule is successfully validated
2020-12-15 13:58:52,376 [EventQueue-NodeRegistrationContainerReportForDataNodeSafeModeRule] INFO  safemode.SCMSafeModeManager (SCMSafeModeManager.java:completePreCheck(242)) - All SCM safe mode pre check rules have passed
2020-12-15 13:58:52,377 [EventQueue-NodeRegistrationContainerReportForContainerSafeModeRule] INFO  safemode.SCMSafeModeManager (SCMSafeModeManager.java:validateSafeModeExitRules(214)) - ContainerSafeModeRule rule is successfully validated
2020-12-15 13:58:52,377 [EventQueue-PipelineReportForOneReplicaPipelineSafeModeRule] INFO  safemode.SCMSafeModeManager (SCMSafeModeManager.java:validateSafeModeExitRules(214)) - AtleastOneDatanodeReportedRule rule is successfully validated
2020-12-15 13:58:52,377 [RatisPipelineUtilsThread] WARN  pipeline.PipelinePlacementPolicy (PipelinePlacementPolicy.java:filterViableNodes(139)) - Pipeline creation failed due to no sufficient healthy datanodes. Required 3. Found 1.
2020-12-15 13:58:52,399 [Listener at 127.0.0.1/35149] INFO  ozone.MiniOzoneClusterImpl (MiniOzoneClusterImpl.java:lambda$waitForClusterToBeReady$0(178)) - Waiting for nodes to be ready. Got 1 of 6 DN Heartbeats.
2020-12-15 13:58:52,399 [Listener at 127.0.0.1/35149] INFO  ozone.MiniOzoneClusterImpl (MiniOzoneClusterImpl.java:lambda$waitForClusterToBeReady$0(181)) - Waiting for cluster to exit safe mode
2020-12-15 13:58:52,593 [IPC Server handler 3 on default port 38555] INFO  net.NetworkTopologyImpl (NetworkTopologyImpl.java:add(111)) - Added a new node: /default-rack/c6e04511-2206-46f8-9e26-aeae93b0c1d5
2020-12-15 13:58:52,593 [IPC Server handler 3 on default port 38555] INFO  node.SCMNodeManager (SCMNodeManager.java:register(341)) - Registered Data node : c6e04511-2206-46f8-9e26-aeae93b0c1d5{ip: 172.17.0.2, host: b0da2dc6b281, networkLocation: /default-rack, certSerialId: null, persistedOpState: IN_SERVICE, persistedOpStateExpiryEpochSec: 0}
2020-12-15 13:58:52,593 [EventQueue-NodeRegistrationContainerReportForContainerSafeModeRule] INFO  safemode.SCMSafeModeManager (SCMSafeModeManager.java:validateSafeModeExitRules(214)) - ContainerSafeModeRule rule is successfully validated
2020-12-15 13:58:52,593 [RatisPipelineUtilsThread] INFO  pipeline.RatisPipelineProvider (RatisPipelineProvider.java:lambda$create$0(161)) - Sending CreatePipelineCommand for pipeline:PipelineID=8abdd307-9a78-4c12-9f53-cf587590a064 to datanode:c6e04511-2206-46f8-9e26-aeae93b0c1d5
2020-12-15 13:58:52,593 [EventQueue-PipelineReportForOneReplicaPipelineSafeModeRule] INFO  safemode.SCMSafeModeManager (SCMSafeModeManager.java:validateSafeModeExitRules(214)) - AtleastOneDatanodeReportedRule rule is successfully validated
2020-12-15 13:58:52,594 [EventQueue-NodeRegistrationContainerReportForDataNodeSafeModeRule] INFO  safemode.SCMSafeModeManager (SCMSafeModeManager.java:validateSafeModeExitRules(214)) - DataNodeSafeModeRule rule is successfully validated
2020-12-15 13:58:52,594 [RatisPipelineUtilsThread] INFO  pipeline.PipelineStateManager (PipelineStateManager.java:addPipeline(54)) - Created pipeline Pipeline[ Id: 8abdd307-9a78-4c12-9f53-cf587590a064, Nodes: c6e04511-2206-46f8-9e26-aeae93b0c1d5{ip: 172.17.0.2, host: b0da2dc6b281, networkLocation: /default-rack, certSerialId: null, persistedOpState: IN_SERVICE, persistedOpStateExpiryEpochSec: 0}, Type:RATIS, Factor:ONE, State:ALLOCATED, leaderId:, CreationTimestamp2020-12-15T13:58:52.593Z]
2020-12-15 13:58:52,594 [RatisPipelineUtilsThread] WARN  pipeline.PipelinePlacementPolicy (PipelinePlacementPolicy.java:filterViableNodes(139)) - Pipeline creation failed due to no sufficient healthy datanodes. Required 3. Found 2.
2020-12-15 13:58:52,797 [IPC Server handler 4 on default port 38555] INFO  net.NetworkTopologyImpl (NetworkTopologyImpl.java:add(111)) - Added a new node: /default-rack/bcedaf3e-3b45-4de1-8682-1fb59b13139d
2020-12-15 13:58:52,797 [IPC Server handler 4 on default port 38555] INFO  node.SCMNodeManager (SCMNodeManager.java:register(341)) - Registered Data node : bcedaf3e-3b45-4de1-8682-1fb59b13139d{ip: 172.17.0.2, host: b0da2dc6b281, networkLocation: /default-rack, certSerialId: null, persistedOpState: IN_SERVICE, persistedOpStateExpiryEpochSec: 0}
2020-12-15 13:58:52,797 [RatisPipelineUtilsThread] INFO  pipeline.RatisPipelineProvider (RatisPipelineProvider.java:lambda$create$0(161)) - Sending CreatePipelineCommand for pipeline:PipelineID=135d3078-6d49-4e47-88bd-295cdd7e3229 to datanode:bcedaf3e-3b45-4de1-8682-1fb59b13139d
2020-12-15 13:58:52,798 [EventQueue-PipelineReportForOneReplicaPipelineSafeModeRule] INFO  safemode.SCMSafeModeManager (SCMSafeModeManager.java:validateSafeModeExitRules(214)) - AtleastOneDatanodeReportedRule rule is successfully validated
2020-12-15 13:58:52,798 [EventQueue-NodeRegistrationContainerReportForContainerSafeModeRule] INFO  safemode.SCMSafeModeManager (SCMSafeModeManager.java:validateSafeModeExitRules(214)) - ContainerSafeModeRule rule is successfully validated
2020-12-15 13:58:52,798 [RatisPipelineUtilsThread] INFO  pipeline.PipelineStateManager (PipelineStateManager.java:addPipeline(54)) - Created pipeline Pipeline[ Id: 135d3078-6d49-4e47-88bd-295cdd7e3229, Nodes: bcedaf3e-3b45-4de1-8682-1fb59b13139d{ip: 172.17.0.2, host: b0da2dc6b281, networkLocation: /default-rack, certSerialId: null, persistedOpState: IN_SERVICE, persistedOpStateExpiryEpochSec: 0}, Type:RATIS, Factor:ONE, State:ALLOCATED, leaderId:, CreationTimestamp2020-12-15T13:58:52.797Z]
2020-12-15 13:58:52,798 [EventQueue-NodeRegistrationContainerReportForDataNodeSafeModeRule] INFO  safemode.SCMSafeModeManager (SCMSafeModeManager.java:validateSafeModeExitRules(214)) - DataNodeSafeModeRule rule is successfully validated
2020-12-15 13:58:52,798 [RatisPipelineUtilsThread] INFO  pipeline.RatisPipelineProvider (RatisPipelineProvider.java:lambda$create$0(161)) - Sending CreatePipelineCommand for pipeline:PipelineID=fb3c94f4-49a5-4a06-87bf-66cf6cc76846 to datanode:c6e04511-2206-46f8-9e26-aeae93b0c1d5
2020-12-15 13:58:52,798 [RatisPipelineUtilsThread] INFO  pipeline.RatisPipelineProvider (RatisPipelineProvider.java:lambda$create$0(161)) - Sending CreatePipelineCommand for pipeline:PipelineID=fb3c94f4-49a5-4a06-87bf-66cf6cc76846 to datanode:5928c4bb-8a64-400c-b032-ccd85110c165
2020-12-15 13:58:52,798 [RatisPipelineUtilsThread] INFO  pipeline.RatisPipelineProvider (RatisPipelineProvider.java:lambda$create$0(161)) - Sending CreatePipelineCommand for pipeline:PipelineID=fb3c94f4-49a5-4a06-87bf-66cf6cc76846 to datanode:bcedaf3e-3b45-4de1-8682-1fb59b13139d
2020-12-15 13:58:52,799 [RatisPipelineUtilsThread] INFO  pipeline.PipelineStateManager (PipelineStateManager.java:addPipeline(54)) - Created pipeline Pipeline[ Id: fb3c94f4-49a5-4a06-87bf-66cf6cc76846, Nodes: c6e04511-2206-46f8-9e26-aeae93b0c1d5{ip: 172.17.0.2, host: b0da2dc6b281, networkLocation: /default-rack, certSerialId: null, persistedOpState: IN_SERVICE, persistedOpStateExpiryEpochSec: 0}5928c4bb-8a64-400c-b032-ccd85110c165{ip: 172.17.0.2, host: b0da2dc6b281, networkLocation: /default-rack, certSerialId: null, persistedOpState: IN_SERVICE, persistedOpStateExpiryEpochSec: 0}bcedaf3e-3b45-4de1-8682-1fb59b13139d{ip: 172.17.0.2, host: b0da2dc6b281, networkLocation: /default-rack, certSerialId: null, persistedOpState: IN_SERVICE, persistedOpStateExpiryEpochSec: 0}, Type:RATIS, Factor:THREE, State:ALLOCATED, leaderId:, CreationTimestamp2020-12-15T13:58:52.798Z]
2020-12-15 13:58:52,986 [IPC Server handler 0 on default port 38555] INFO  net.NetworkTopologyImpl (NetworkTopologyImpl.java:add(111)) - Added a new node: /default-rack/b41166ab-bd26-4895-adb6-dd063c55eea5
2020-12-15 13:58:52,986 [IPC Server handler 0 on default port 38555] INFO  node.SCMNodeManager (SCMNodeManager.java:register(341)) - Registered Data node : b41166ab-bd26-4895-adb6-dd063c55eea5{ip: 172.17.0.2, host: b0da2dc6b281, networkLocation: /default-rack, certSerialId: null, persistedOpState: IN_SERVICE, persistedOpStateExpiryEpochSec: 0}
2020-12-15 13:58:52,986 [EventQueue-NodeRegistrationContainerReportForContainerSafeModeRule] INFO  safemode.SCMSafeModeManager (SCMSafeModeManager.java:validateSafeModeExitRules(214)) - ContainerSafeModeRule rule is successfully validated
2020-12-15 13:58:52,987 [EventQueue-NodeRegistrationContainerReportForDataNodeSafeModeRule] INFO  safemode.SCMSafeModeManager (SCMSafeModeManager.java:validateSafeModeExitRules(214)) - DataNodeSafeModeRule rule is successfully validated
2020-12-15 13:58:52,988 [EventQueue-PipelineReportForOneReplicaPipelineSafeModeRule] INFO  safemode.SCMSafeModeManager (SCMSafeModeManager.java:validateSafeModeExitRules(214)) - AtleastOneDatanodeReportedRule rule is successfully validated
2020-12-15 13:58:52,988 [RatisPipelineUtilsThread] INFO  pipeline.RatisPipelineProvider (RatisPipelineProvider.java:lambda$create$0(161)) - Sending CreatePipelineCommand for pipeline:PipelineID=24afae04-ca8c-4257-8753-4f0597f0c60c to datanode:b41166ab-bd26-4895-adb6-dd063c55eea5
2020-12-15 13:58:52,989 [RatisPipelineUtilsThread] INFO  pipeline.PipelineStateManager (PipelineStateManager.java:addPipeline(54)) - Created pipeline Pipeline[ Id: 24afae04-ca8c-4257-8753-4f0597f0c60c, Nodes: b41166ab-bd26-4895-adb6-dd063c55eea5{ip: 172.17.0.2, host: b0da2dc6b281, networkLocation: /default-rack, certSerialId: null, persistedOpState: IN_SERVICE, persistedOpStateExpiryEpochSec: 0}, Type:RATIS, Factor:ONE, State:ALLOCATED, leaderId:, CreationTimestamp2020-12-15T13:58:52.988Z]
2020-12-15 13:58:53,206 [IPC Server handler 1 on default port 38555] INFO  net.NetworkTopologyImpl (NetworkTopologyImpl.java:add(111)) - Added a new node: /default-rack/c106af50-bceb-418e-be22-e2669d442084
2020-12-15 13:58:53,206 [IPC Server handler 1 on default port 38555] INFO  node.SCMNodeManager (SCMNodeManager.java:register(341)) - Registered Data node : c106af50-bceb-418e-be22-e2669d442084{ip: 172.17.0.2, host: b0da2dc6b281, networkLocation: /default-rack, certSerialId: null, persistedOpState: IN_SERVICE, persistedOpStateExpiryEpochSec: 0}
2020-12-15 13:58:53,206 [EventQueue-NodeRegistrationContainerReportForContainerSafeModeRule] INFO  safemode.SCMSafeModeManager (SCMSafeModeManager.java:validateSafeModeExitRules(214)) - ContainerSafeModeRule rule is successfully validated
2020-12-15 13:58:53,206 [EventQueue-PipelineReportForOneReplicaPipelineSafeModeRule] INFO  safemode.SCMSafeModeManager (SCMSafeModeManager.java:validateSafeModeExitRules(214)) - AtleastOneDatanodeReportedRule rule is successfully validated
2020-12-15 13:58:53,207 [RatisPipelineUtilsThread] INFO  pipeline.RatisPipelineProvider (RatisPipelineProvider.java:lambda$create$0(161)) - Sending CreatePipelineCommand for pipeline:PipelineID=76944a9b-3c87-42d9-b8f4-f1b182914105 to datanode:c106af50-bceb-418e-be22-e2669d442084
2020-12-15 13:58:53,207 [EventQueue-NodeRegistrationContainerReportForDataNodeSafeModeRule] INFO  safemode.SCMSafeModeManager (SCMSafeModeManager.java:validateSafeModeExitRules(214)) - DataNodeSafeModeRule rule is successfully validated
2020-12-15 13:58:53,207 [RatisPipelineUtilsThread] INFO  pipeline.PipelineStateManager (PipelineStateManager.java:addPipeline(54)) - Created pipeline Pipeline[ Id: 76944a9b-3c87-42d9-b8f4-f1b182914105, Nodes: c106af50-bceb-418e-be22-e2669d442084{ip: 172.17.0.2, host: b0da2dc6b281, networkLocation: /default-rack, certSerialId: null, persistedOpState: IN_SERVICE, persistedOpStateExpiryEpochSec: 0}, Type:RATIS, Factor:ONE, State:ALLOCATED, leaderId:, CreationTimestamp2020-12-15T13:58:53.206Z]
2020-12-15 13:58:53,399 [Listener at 127.0.0.1/35149] INFO  ozone.MiniOzoneClusterImpl (MiniOzoneClusterImpl.java:lambda$waitForClusterToBeReady$0(178)) - Waiting for nodes to be ready. Got 5 of 6 DN Heartbeats.
2020-12-15 13:58:53,400 [Listener at 127.0.0.1/35149] INFO  ozone.MiniOzoneClusterImpl (MiniOzoneClusterImpl.java:lambda$waitForClusterToBeReady$0(181)) - Waiting for cluster to exit safe mode
2020-12-15 13:58:53,400 [IPC Server handler 3 on default port 38555] INFO  net.NetworkTopologyImpl (NetworkTopologyImpl.java:add(111)) - Added a new node: /default-rack/d8013a59-5613-4576-849f-406a4abab1ed
2020-12-15 13:58:53,400 [IPC Server handler 3 on default port 38555] INFO  node.SCMNodeManager (SCMNodeManager.java:register(341)) - Registered Data node : d8013a59-5613-4576-849f-406a4abab1ed{ip: 172.17.0.2, host: b0da2dc6b281, networkLocation: /default-rack, certSerialId: null, persistedOpState: IN_SERVICE, persistedOpStateExpiryEpochSec: 0}
2020-12-15 13:58:53,400 [RatisPipelineUtilsThread] INFO  pipeline.RatisPipelineProvider (RatisPipelineProvider.java:lambda$create$0(161)) - Sending CreatePipelineCommand for pipeline:PipelineID=9c5ab2c2-9dca-419d-bdf0-fafa4e493f0a to datanode:d8013a59-5613-4576-849f-406a4abab1ed
2020-12-15 13:58:53,400 [RatisPipelineUtilsThread] INFO  pipeline.PipelineStateManager (PipelineStateManager.java:addPipeline(54)) - Created pipeline Pipeline[ Id: 9c5ab2c2-9dca-419d-bdf0-fafa4e493f0a, Nodes: d8013a59-5613-4576-849f-406a4abab1ed{ip: 172.17.0.2, host: b0da2dc6b281, networkLocation: /default-rack, certSerialId: null, persistedOpState: IN_SERVICE, persistedOpStateExpiryEpochSec: 0}, Type:RATIS, Factor:ONE, State:ALLOCATED, leaderId:, CreationTimestamp2020-12-15T13:58:53.400Z]
2020-12-15 13:58:53,400 [EventQueue-NodeRegistrationContainerReportForContainerSafeModeRule] INFO  safemode.SCMSafeModeManager (SCMSafeModeManager.java:validateSafeModeExitRules(214)) - ContainerSafeModeRule rule is successfully validated
2020-12-15 13:58:53,401 [EventQueue-NodeRegistrationContainerReportForDataNodeSafeModeRule] INFO  safemode.SCMSafeModeManager (SCMSafeModeManager.java:validateSafeModeExitRules(214)) - DataNodeSafeModeRule rule is successfully validated
2020-12-15 13:58:53,401 [EventQueue-PipelineReportForOneReplicaPipelineSafeModeRule] INFO  safemode.SCMSafeModeManager (SCMSafeModeManager.java:validateSafeModeExitRules(214)) - AtleastOneDatanodeReportedRule rule is successfully validated
2020-12-15 13:58:53,401 [RatisPipelineUtilsThread] INFO  pipeline.RatisPipelineProvider (RatisPipelineProvider.java:lambda$create$0(161)) - Sending CreatePipelineCommand for pipeline:PipelineID=05b9cbdf-45af-4197-b0f5-64c342b71feb to datanode:c106af50-bceb-418e-be22-e2669d442084
2020-12-15 13:58:53,401 [RatisPipelineUtilsThread] INFO  pipeline.RatisPipelineProvider (RatisPipelineProvider.java:lambda$create$0(161)) - Sending CreatePipelineCommand for pipeline:PipelineID=05b9cbdf-45af-4197-b0f5-64c342b71feb to datanode:b41166ab-bd26-4895-adb6-dd063c55eea5
2020-12-15 13:58:53,401 [RatisPipelineUtilsThread] INFO  pipeline.RatisPipelineProvider (RatisPipelineProvider.java:lambda$create$0(161)) - Sending CreatePipelineCommand for pipeline:PipelineID=05b9cbdf-45af-4197-b0f5-64c342b71feb to datanode:d8013a59-5613-4576-849f-406a4abab1ed
2020-12-15 13:58:53,401 [RatisPipelineUtilsThread] INFO  pipeline.PipelineStateManager (PipelineStateManager.java:addPipeline(54)) - Created pipeline Pipeline[ Id: 05b9cbdf-45af-4197-b0f5-64c342b71feb, Nodes: c106af50-bceb-418e-be22-e2669d442084{ip: 172.17.0.2, host: b0da2dc6b281, networkLocation: /default-rack, certSerialId: null, persistedOpState: IN_SERVICE, persistedOpStateExpiryEpochSec: 0}b41166ab-bd26-4895-adb6-dd063c55eea5{ip: 172.17.0.2, host: b0da2dc6b281, networkLocation: /default-rack, certSerialId: null, persistedOpState: IN_SERVICE, persistedOpStateExpiryEpochSec: 0}d8013a59-5613-4576-849f-406a4abab1ed{ip: 172.17.0.2, host: b0da2dc6b281, networkLocation: /default-rack, certSerialId: null, persistedOpState: IN_SERVICE, persistedOpStateExpiryEpochSec: 0}, Type:RATIS, Factor:THREE, State:ALLOCATED, leaderId:, CreationTimestamp2020-12-15T13:58:53.401Z]
2020-12-15 13:58:54,373 [EventQueue-PipelineReportForOneReplicaPipelineSafeModeRule] INFO  safemode.SCMSafeModeManager (SCMSafeModeManager.java:validateSafeModeExitRules(214)) - AtleastOneDatanodeReportedRule rule is successfully validated
2020-12-15 13:58:54,400 [Listener at 127.0.0.1/35149] INFO  ozone.MiniOzoneClusterImpl (MiniOzoneClusterImpl.java:lambda$waitForClusterToBeReady$0(178)) - Nodes are ready. Got 6 of 6 DN Heartbeats.
2020-12-15 13:58:54,401 [Listener at 127.0.0.1/35149] INFO  ozone.MiniOzoneClusterImpl (MiniOzoneClusterImpl.java:lambda$waitForClusterToBeReady$0(181)) - Waiting for cluster to exit safe mode
2020-12-15 13:58:54,592 [EventQueue-PipelineReportForOneReplicaPipelineSafeModeRule] INFO  safemode.SCMSafeModeManager (SCMSafeModeManager.java:validateSafeModeExitRules(214)) - AtleastOneDatanodeReportedRule rule is successfully validated
2020-12-15 13:58:54,797 [EventQueue-PipelineReportForOneReplicaPipelineSafeModeRule] INFO  safemode.SCMSafeModeManager (SCMSafeModeManager.java:validateSafeModeExitRules(214)) - AtleastOneDatanodeReportedRule rule is successfully validated
2020-12-15 13:58:54,986 [EventQueue-PipelineReportForOneReplicaPipelineSafeModeRule] INFO  safemode.SCMSafeModeManager (SCMSafeModeManager.java:validateSafeModeExitRules(214)) - AtleastOneDatanodeReportedRule rule is successfully validated
2020-12-15 13:58:55,206 [EventQueue-PipelineReportForOneReplicaPipelineSafeModeRule] INFO  safemode.SCMSafeModeManager (SCMSafeModeManager.java:validateSafeModeExitRules(214)) - AtleastOneDatanodeReportedRule rule is successfully validated
2020-12-15 13:58:55,372 [Command processor thread] INFO  impl.RaftServerProxy (RaftServerProxy.java:addNew(93)) - 5928c4bb-8a64-400c-b032-ccd85110c165: addNew group-1DD43D2FAAF8:[5928c4bb-8a64-400c-b032-ccd85110c165|rpc:172.17.0.2:39247] returns group-1DD43D2FAAF8:java.util.concurrent.CompletableFuture@4cd344f[Not completed]
2020-12-15 13:58:55,373 [EventQueue-PipelineReportForOneReplicaPipelineSafeModeRule] INFO  safemode.SCMSafeModeManager (SCMSafeModeManager.java:validateSafeModeExitRules(214)) - AtleastOneDatanodeReportedRule rule is successfully validated
2020-12-15 13:58:55,373 [pool-983-thread-1] INFO  impl.RaftServerImpl (RaftServerImpl.java:<init>(121)) - 5928c4bb-8a64-400c-b032-ccd85110c165: new RaftServerImpl for group-1DD43D2FAAF8:[5928c4bb-8a64-400c-b032-ccd85110c165|rpc:172.17.0.2:39247] with ContainerStateMachine:uninitialized
2020-12-15 13:58:55,373 [pool-983-thread-1] INFO  server.RaftServerConfigKeys (ConfUtils.java:logGet(44)) - raft.server.rpc.timeout.min = 5s (custom)
2020-12-15 13:58:55,373 [pool-983-thread-1] INFO  server.RaftServerConfigKeys (ConfUtils.java:logGet(44)) - raft.server.rpc.timeout.max = 5200ms (custom)
2020-12-15 13:58:55,373 [pool-983-thread-1] INFO  server.RaftServerConfigKeys (ConfUtils.java:logGet(44)) - raft.server.rpc.slowness.timeout = 300s (custom)
2020-12-15 13:58:55,374 [pool-983-thread-1] INFO  server.RaftServerConfigKeys (ConfUtils.java:logGet(44)) - raft.server.leaderelection.leader.step-down.wait-time = 10s (default)
2020-12-15 13:58:55,374 [pool-983-thread-1] INFO  server.RaftServerConfigKeys (ConfUtils.java:logGet(44)) - raft.server.sleep.deviation.threshold = 300 (default)
2020-12-15 13:58:55,374 [pool-983-thread-1] INFO  server.RaftServerConfigKeys (ConfUtils.java:logGet(44)) - raft.server.log.appender.install.snapshot.enabled = false (custom)
2020-12-15 13:58:55,374 [pool-983-thread-1] INFO  impl.RaftServerImpl (ServerState.java:<init>(104)) - 5928c4bb-8a64-400c-b032-ccd85110c165@group-1DD43D2FAAF8: ConfigurationManager, init=-1: [5928c4bb-8a64-400c-b032-ccd85110c165|rpc:172.17.0.2:39247], old=null, confs=<EMPTY_MAP>
2020-12-15 13:58:55,374 [pool-983-thread-1] INFO  server.RaftServerConfigKeys (ConfUtils.java:logGet(44)) - raft.server.storage.dir = [/github/workspace/mnt/ozone/hadoop-ozone/integration-test/target/test-dir/MiniOzoneClusterImpl-933616a4-3ca4-434e-83a8-17d3c89ffd28/datanode-0/data/ratis] (custom)
2020-12-15 13:58:55,374 [pool-983-thread-1] INFO  server.RaftServerConfigKeys (ConfUtils.java:logGet(44)) - raft.server.log.corruption.policy = EXCEPTION (default)
2020-12-15 13:58:55,374 [pool-983-thread-1] INFO  storage.RaftStorageDirectory (RaftStorageDirectory.java:analyzeStorage(261)) - The storage directory /github/workspace/mnt/ozone/hadoop-ozone/integration-test/target/test-dir/MiniOzoneClusterImpl-933616a4-3ca4-434e-83a8-17d3c89ffd28/datanode-0/data/ratis/6a023ab8-2bcb-48ec-a7dd-1dd43d2faaf8 does not exist. Creating ...
2020-12-15 13:58:55,375 [pool-983-thread-1] INFO  storage.RaftStorageDirectory (RaftStorageDirectory.java:tryLock(343)) - Lock on /github/workspace/mnt/ozone/hadoop-ozone/integration-test/target/test-dir/MiniOzoneClusterImpl-933616a4-3ca4-434e-83a8-17d3c89ffd28/datanode-0/data/ratis/6a023ab8-2bcb-48ec-a7dd-1dd43d2faaf8/in_use.lock acquired by nodename 27147@b0da2dc6b281
2020-12-15 13:58:55,376 [pool-983-thread-1] INFO  storage.RaftStorage (RaftStorage.java:format(85)) - Storage directory /github/workspace/mnt/ozone/hadoop-ozone/integration-test/target/test-dir/MiniOzoneClusterImpl-933616a4-3ca4-434e-83a8-17d3c89ffd28/datanode-0/data/ratis/6a023ab8-2bcb-48ec-a7dd-1dd43d2faaf8 has been successfully formatted.
2020-12-15 13:58:55,376 [pool-983-thread-1] INFO  ratis.ContainerStateMachine (ContainerStateMachine.java:loadSnapshot(225)) - group-1DD43D2FAAF8: The snapshot info is null. Setting the last applied indexto:(t:0, i:~)
2020-12-15 13:58:55,377 [pool-983-thread-1] INFO  server.RaftServerConfigKeys (ConfUtils.java:logGet(44)) - raft.server.notification.no-leader.timeout = 300s (custom)
2020-12-15 13:58:55,377 [pool-983-thread-1] INFO  server.RaftServerConfigKeys (ConfUtils.java:logGet(44)) - raft.server.log.use.memory = false (default)
2020-12-15 13:58:55,377 [pool-983-thread-1] INFO  server.RaftServerConfigKeys (ConfUtils.java:logGet(44)) - raft.server.log.purge.gap = 1000000 (custom)
2020-12-15 13:58:55,377 [EventQueue-PipelineReportForOneReplicaPipelineSafeModeRule] INFO  safemode.SCMSafeModeManager (SCMSafeModeManager.java:validateSafeModeExitRules(214)) - AtleastOneDatanodeReportedRule rule is successfully validated
2020-12-15 13:58:55,377 [pool-983-thread-1] INFO  metrics.RatisMetrics (RatisMetrics.java:lambda$create$0(36)) - Creating Metrics Registry : ratis.log_worker.5928c4bb-8a64-400c-b032-ccd85110c165@group-1DD43D2FAAF8
2020-12-15 13:58:55,377 [EventQueue-PipelineReportForPipelineReportHandler] INFO  pipeline.PipelineStateManager (PipelineStateManager.java:openPipeline(132)) - Pipeline Pipeline[ Id: 6a023ab8-2bcb-48ec-a7dd-1dd43d2faaf8, Nodes: 5928c4bb-8a64-400c-b032-ccd85110c165{ip: 172.17.0.2, host: b0da2dc6b281, networkLocation: /default-rack, certSerialId: null, persistedOpState: IN_SERVICE, persistedOpStateExpiryEpochSec: 0}, Type:RATIS, Factor:ONE, State:ALLOCATED, leaderId:5928c4bb-8a64-400c-b032-ccd85110c165, CreationTimestamp2020-12-15T13:58:52.374Z] moved to OPEN state
2020-12-15 13:58:55,377 [pool-983-thread-1] INFO  server.RaftServerConfigKeys (ConfUtils.java:logGet(44)) - raft.server.log.appender.buffer.byte-limit = 33554432 (custom)
2020-12-15 13:58:55,377 [pool-983-thread-1] INFO  server.RaftServerConfigKeys (ConfUtils.java:logGet(44)) - raft.server.log.segment.size.max = 1048576 (custom)
2020-12-15 13:58:55,382 [EventQueue-OpenPipelineForHealthyPipelineSafeModeRule] INFO  safemode.SCMSafeModeManager (HealthyPipelineSafeModeRule.java:process(128)) - SCM in safe mode. Healthy pipelines reported count is 0, required healthy pipeline reported count is 1
2020-12-15 13:58:55,383 [pool-983-thread-1] INFO  server.RaftServerConfigKeys (ConfUtils.java:logGet(44)) - raft.server.log.segment.cache.num.max = 2 (custom)
2020-12-15 13:58:55,383 [pool-983-thread-1] INFO  segmented.SegmentedRaftLogWorker (SegmentedRaftLogWorker.java:<init>(180)) - new 5928c4bb-8a64-400c-b032-ccd85110c165@group-1DD43D2FAAF8-SegmentedRaftLogWorker for RaftStorage:Storage Directory /github/workspace/mnt/ozone/hadoop-ozone/integration-test/target/test-dir/MiniOzoneClusterImpl-933616a4-3ca4-434e-83a8-17d3c89ffd28/datanode-0/data/ratis/6a023ab8-2bcb-48ec-a7dd-1dd43d2faaf8
2020-12-15 13:58:55,383 [pool-983-thread-1] INFO  server.RaftServerConfigKeys (ConfUtils.java:logGet(44)) - raft.server.log.queue.byte-limit = 2147483647 (custom)
2020-12-15 13:58:55,383 [pool-983-thread-1] INFO  server.RaftServerConfigKeys (ConfUtils.java:logGet(44)) - raft.server.log.queue.element-limit = 1024 (custom)
2020-12-15 13:58:55,384 [pool-983-thread-1] INFO  server.RaftServerConfigKeys (ConfUtils.java:logGet(44)) - raft.server.log.segment.size.max = 1048576 (custom)
2020-12-15 13:58:55,384 [pool-983-thread-1] INFO  server.RaftServerConfigKeys (ConfUtils.java:logGet(44)) - raft.server.log.preallocated.size = 16384 (custom)
2020-12-15 13:58:55,384 [pool-983-thread-1] INFO  server.RaftServerConfigKeys (ConfUtils.java:logGet(44)) - raft.server.log.write.buffer.size = 1048576 (custom)
2020-12-15 13:58:55,384 [pool-983-thread-1] INFO  server.RaftServerConfigKeys (ConfUtils.java:logGet(44)) - raft.server.log.force.sync.num = 128 (default)
2020-12-15 13:58:55,384 [pool-983-thread-1] INFO  server.RaftServerConfigKeys (ConfUtils.java:logGet(44)) - raft.server.log.statemachine.data.sync = true (default)
2020-12-15 13:58:55,384 [pool-983-thread-1] INFO  server.RaftServerConfigKeys (ConfUtils.java:logGet(44)) - raft.server.log.statemachine.data.sync.timeout = 10s (default)
2020-12-15 13:58:55,384 [pool-983-thread-1] INFO  server.RaftServerConfigKeys (ConfUtils.java:logGet(44)) - raft.server.log.statemachine.data.sync.timeout.retry = -1 (default)
2020-12-15 13:58:55,386 [pool-983-thread-1] INFO  server.RaftServerConfigKeys (ConfUtils.java:logGet(44)) - raft.server.log.statemachine.data.caching.enabled = true (custom)
2020-12-15 13:58:55,386 [pool-983-thread-1] INFO  segmented.SegmentedRaftLogWorker (SegmentedRaftLogWorker.java:lambda$new$0(129)) - 5928c4bb-8a64-400c-b032-ccd85110c165@group-1DD43D2FAAF8-SegmentedRaftLogWorker: flushIndex: setUnconditionally 0 -> -1
2020-12-15 13:58:55,387 [pool-983-thread-1] INFO  segmented.SegmentedRaftLogWorker (SegmentedRaftLogWorker.java:lambda$new$0(129)) - 5928c4bb-8a64-400c-b032-ccd85110c165@group-1DD43D2FAAF8-SegmentedRaftLogWorker: safeCacheEvictIndex: setUnconditionally 0 -> -1
2020-12-15 13:58:55,387 [pool-983-thread-1] INFO  server.RaftServerConfigKeys (ConfUtils.java:logGet(44)) - raft.server.snapshot.auto.trigger.enabled = true (custom)
2020-12-15 13:58:55,387 [pool-983-thread-1] INFO  server.RaftServerConfigKeys (ConfUtils.java:logGet(44)) - raft.server.snapshot.auto.trigger.threshold = 10000 (custom)
2020-12-15 13:58:55,387 [pool-983-thread-1] INFO  server.RaftServerConfigKeys (ConfUtils.java:logGet(44)) - raft.server.snapshot.retention.file.num = 5 (custom)
2020-12-15 13:58:55,387 [pool-983-thread-1] INFO  server.RaftServerConfigKeys (ConfUtils.java:logGet(44)) - raft.server.log.purge.upto.snapshot.index = false (default)
2020-12-15 13:58:55,387 [pool-983-thread-1] INFO  server.RaftServerConfigKeys (ConfUtils.java:logGet(44)) - raft.server.retrycache.expirytime = 600000ms (custom)
2020-12-15 13:58:55,387 [pool-983-thread-1] INFO  metrics.RatisMetrics (RatisMetrics.java:lambda$create$0(36)) - Creating Metrics Registry : ratis.leader_election.5928c4bb-8a64-400c-b032-ccd85110c165@group-1DD43D2FAAF8
2020-12-15 13:58:55,388 [pool-983-thread-1] INFO  metrics.RatisMetrics (RatisMetrics.java:lambda$create$0(36)) - Creating Metrics Registry : ratis.server.5928c4bb-8a64-400c-b032-ccd85110c165@group-1DD43D2FAAF8
2020-12-15 13:58:55,390 [pool-983-thread-1] INFO  impl.RaftServerImpl (RaftServerImpl.java:start(215)) - 5928c4bb-8a64-400c-b032-ccd85110c165@group-1DD43D2FAAF8: start as a follower, conf=-1: [5928c4bb-8a64-400c-b032-ccd85110c165|rpc:172.17.0.2:39247], old=null
2020-12-15 13:58:55,390 [pool-983-thread-1] INFO  impl.RaftServerImpl (RaftServerImpl.java:setRole(204)) - 5928c4bb-8a64-400c-b032-ccd85110c165@group-1DD43D2FAAF8: changes role from      null to FOLLOWER at term 0 for startAsFollower
2020-12-15 13:58:55,390 [pool-983-thread-1] INFO  impl.RoleInfo (RoleInfo.java:updateAndGet(143)) - 5928c4bb-8a64-400c-b032-ccd85110c165: start 5928c4bb-8a64-400c-b032-ccd85110c165@group-1DD43D2FAAF8-FollowerState
2020-12-15 13:58:55,390 [pool-983-thread-1] INFO  util.JmxRegister (JmxRegister.java:tryRegister(44)) - Successfully registered JMX Bean with object name Ratis:service=RaftServer,group=group-1DD43D2FAAF8,id=5928c4bb-8a64-400c-b032-ccd85110c165
2020-12-15 13:58:55,390 [pool-983-thread-1] INFO  metrics.RatisMetrics (RatisMetrics.java:lambda$create$0(36)) - Creating Metrics Registry : ratis.state_machine.5928c4bb-8a64-400c-b032-ccd85110c165@group-1DD43D2FAAF8
2020-12-15 13:58:55,391 [Command processor thread] INFO  commandhandler.CreatePipelineCommandHandler (CreatePipelineCommandHandler.java:handle(106)) - Created Pipeline RATIS ONE PipelineID=6a023ab8-2bcb-48ec-a7dd-1dd43d2faaf8.
2020-12-15 13:58:55,391 [Command processor thread] INFO  impl.RaftServerProxy (RaftServerProxy.java:addNew(93)) - 5928c4bb-8a64-400c-b032-ccd85110c165: addNew group-66CF6CC76846:[bcedaf3e-3b45-4de1-8682-1fb59b13139d|rpc:172.17.0.2:34627, c6e04511-2206-46f8-9e26-aeae93b0c1d5|rpc:172.17.0.2:36945, 5928c4bb-8a64-400c-b032-ccd85110c165|rpc:172.17.0.2:39247] returns group-66CF6CC76846:java.util.concurrent.CompletableFuture@f2a00e[Not completed]
2020-12-15 13:58:55,393 [pool-983-thread-1] INFO  impl.RaftServerImpl (RaftServerImpl.java:<init>(121)) - 5928c4bb-8a64-400c-b032-ccd85110c165: new RaftServerImpl for group-66CF6CC76846:[bcedaf3e-3b45-4de1-8682-1fb59b13139d|rpc:172.17.0.2:34627, c6e04511-2206-46f8-9e26-aeae93b0c1d5|rpc:172.17.0.2:36945, 5928c4bb-8a64-400c-b032-ccd85110c165|rpc:172.17.0.2:39247] with ContainerStateMachine:uninitialized
2020-12-15 13:58:55,393 [pool-983-thread-1] INFO  server.RaftServerConfigKeys (ConfUtils.java:logGet(44)) - raft.server.rpc.timeout.min = 5s (custom)
2020-12-15 13:58:55,393 [pool-983-thread-1] INFO  server.RaftServerConfigKeys (ConfUtils.java:logGet(44)) - raft.server.rpc.timeout.max = 5200ms (custom)
2020-12-15 13:58:55,393 [pool-983-thread-1] INFO  server.RaftServerConfigKeys (ConfUtils.java:logGet(44)) - raft.server.rpc.slowness.timeout = 300s (custom)
2020-12-15 13:58:55,393 [pool-983-thread-1] INFO  server.RaftServerConfigKeys (ConfUtils.java:logGet(44)) - raft.server.leaderelection.leader.step-down.wait-time = 10s (default)
2020-12-15 13:58:55,393 [pool-983-thread-1] INFO  server.RaftServerConfigKeys (ConfUtils.java:logGet(44)) - raft.server.sleep.deviation.threshold = 300 (default)
2020-12-15 13:58:55,393 [pool-983-thread-1] INFO  server.RaftServerConfigKeys (ConfUtils.java:logGet(44)) - raft.server.log.appender.install.snapshot.enabled = false (custom)
2020-12-15 13:58:55,394 [pool-983-thread-1] INFO  impl.RaftServerImpl (ServerState.java:<init>(104)) - 5928c4bb-8a64-400c-b032-ccd85110c165@group-66CF6CC76846: ConfigurationManager, init=-1: [bcedaf3e-3b45-4de1-8682-1fb59b13139d|rpc:172.17.0.2:34627, c6e04511-2206-46f8-9e26-aeae93b0c1d5|rpc:172.17.0.2:36945, 5928c4bb-8a64-400c-b032-ccd85110c165|rpc:172.17.0.2:39247], old=null, confs=<EMPTY_MAP>
2020-12-15 13:58:55,394 [pool-983-thread-1] INFO  server.RaftServerConfigKeys (ConfUtils.java:logGet(44)) - raft.server.storage.dir = [/github/workspace/mnt/ozone/hadoop-ozone/integration-test/target/test-dir/MiniOzoneClusterImpl-933616a4-3ca4-434e-83a8-17d3c89ffd28/datanode-0/data/ratis] (custom)
2020-12-15 13:58:55,394 [pool-983-thread-1] INFO  server.RaftServerConfigKeys (ConfUtils.java:logGet(44)) - raft.server.log.corruption.policy = EXCEPTION (default)
2020-12-15 13:58:55,394 [pool-983-thread-1] INFO  storage.RaftStorageDirectory (RaftStorageDirectory.java:analyzeStorage(261)) - The storage directory /github/workspace/mnt/ozone/hadoop-ozone/integration-test/target/test-dir/MiniOzoneClusterImpl-933616a4-3ca4-434e-83a8-17d3c89ffd28/datanode-0/data/ratis/fb3c94f4-49a5-4a06-87bf-66cf6cc76846 does not exist. Creating ...
2020-12-15 13:58:55,395 [pool-983-thread-1] INFO  storage.RaftStorageDirectory (RaftStorageDirectory.java:tryLock(343)) - Lock on /github/workspace/mnt/ozone/hadoop-ozone/integration-test/target/test-dir/MiniOzoneClusterImpl-933616a4-3ca4-434e-83a8-17d3c89ffd28/datanode-0/data/ratis/fb3c94f4-49a5-4a06-87bf-66cf6cc76846/in_use.lock acquired by nodename 27147@b0da2dc6b281
2020-12-15 13:58:55,396 [pool-983-thread-1] INFO  storage.RaftStorage (RaftStorage.java:format(85)) - Storage directory /github/workspace/mnt/ozone/hadoop-ozone/integration-test/target/test-dir/MiniOzoneClusterImpl-933616a4-3ca4-434e-83a8-17d3c89ffd28/datanode-0/data/ratis/fb3c94f4-49a5-4a06-87bf-66cf6cc76846 has been successfully formatted.
2020-12-15 13:58:55,396 [pool-983-thread-1] INFO  ratis.ContainerStateMachine (ContainerStateMachine.java:loadSnapshot(225)) - group-66CF6CC76846: The snapshot info is null. Setting the last applied indexto:(t:0, i:~)
2020-12-15 13:58:55,396 [pool-983-thread-1] INFO  server.RaftServerConfigKeys (ConfUtils.java:logGet(44)) - raft.server.notification.no-leader.timeout = 300s (custom)
2020-12-15 13:58:55,396 [pool-983-thread-1] INFO  server.RaftServerConfigKeys (ConfUtils.java:logGet(44)) - raft.server.log.use.memory = false (default)
2020-12-15 13:58:55,396 [pool-983-thread-1] INFO  server.RaftServerConfigKeys (ConfUtils.java:logGet(44)) - raft.server.log.purge.gap = 1000000 (custom)
2020-12-15 13:58:55,396 [pool-983-thread-1] INFO  metrics.RatisMetrics (RatisMetrics.java:lambda$create$0(36)) - Creating Metrics Registry : ratis.log_worker.5928c4bb-8a64-400c-b032-ccd85110c165@group-66CF6CC76846
2020-12-15 13:58:55,397 [pool-983-thread-1] INFO  server.RaftServerConfigKeys (ConfUtils.java:logGet(44)) - raft.server.log.appender.buffer.byte-limit = 33554432 (custom)
2020-12-15 13:58:55,397 [EventQueue-OpenPipelineForHealthyPipelineSafeModeRule] INFO  safemode.SCMSafeModeManager (HealthyPipelineSafeModeRule.java:process(128)) - SCM in safe mode. Healthy pipelines reported count is 0, required healthy pipeline reported count is 1
2020-12-15 13:58:55,397 [EventQueue-PipelineReportForOneReplicaPipelineSafeModeRule] INFO  safemode.SCMSafeModeManager (SCMSafeModeManager.java:validateSafeModeExitRules(214)) - AtleastOneDatanodeReportedRule rule is successfully validated
2020-12-15 13:58:55,398 [pool-983-thread-1] INFO  server.RaftServerConfigKeys (ConfUtils.java:logGet(44)) - raft.server.log.segment.size.max = 1048576 (custom)
2020-12-15 13:58:55,398 [pool-983-thread-1] INFO  server.RaftServerConfigKeys (ConfUtils.java:logGet(44)) - raft.server.log.segment.cache.num.max = 2 (custom)
2020-12-15 13:58:55,398 [pool-983-thread-1] INFO  segmented.SegmentedRaftLogWorker (SegmentedRaftLogWorker.java:<init>(180)) - new 5928c4bb-8a64-400c-b032-ccd85110c165@group-66CF6CC76846-SegmentedRaftLogWorker for RaftStorage:Storage Directory /github/workspace/mnt/ozone/hadoop-ozone/integration-test/target/test-dir/MiniOzoneClusterImpl-933616a4-3ca4-434e-83a8-17d3c89ffd28/datanode-0/data/ratis/fb3c94f4-49a5-4a06-87bf-66cf6cc76846
2020-12-15 13:58:55,399 [pool-983-thread-1] INFO  server.RaftServerConfigKeys (ConfUtils.java:logGet(44)) - raft.server.log.queue.byte-limit = 2147483647 (custom)
2020-12-15 13:58:55,399 [pool-983-thread-1] INFO  server.RaftServerConfigKeys (ConfUtils.java:logGet(44)) - raft.server.log.queue.element-limit = 1024 (custom)
2020-12-15 13:58:55,399 [pool-983-thread-1] INFO  server.RaftServerConfigKeys (ConfUtils.java:logGet(44)) - raft.server.log.segment.size.max = 1048576 (custom)
2020-12-15 13:58:55,399 [pool-983-thread-1] INFO  server.RaftServerConfigKeys (ConfUtils.java:logGet(44)) - raft.server.log.preallocated.size = 16384 (custom)
2020-12-15 13:58:55,399 [EventQueue-PipelineReportForOneReplicaPipelineSafeModeRule] INFO  safemode.SCMSafeModeManager (SCMSafeModeManager.java:validateSafeModeExitRules(214)) - AtleastOneDatanodeReportedRule rule is successfully validated
2020-12-15 13:58:55,399 [pool-983-thread-1] INFO  server.RaftServerConfigKeys (ConfUtils.java:logGet(44)) - raft.server.log.write.buffer.size = 1048576 (custom)
2020-12-15 13:58:55,399 [pool-983-thread-1] INFO  server.RaftServerConfigKeys (ConfUtils.java:logGet(44)) - raft.server.log.force.sync.num = 128 (default)
2020-12-15 13:58:55,399 [pool-983-thread-1] INFO  server.RaftServerConfigKeys (ConfUtils.java:logGet(44)) - raft.server.log.statemachine.data.sync = true (default)
2020-12-15 13:58:55,400 [pool-983-thread-1] INFO  server.RaftServerConfigKeys (ConfUtils.java:logGet(44)) - raft.server.log.statemachine.data.sync.timeout = 10s (default)
2020-12-15 13:58:55,400 [pool-983-thread-1] INFO  server.RaftServerConfigKeys (ConfUtils.java:logGet(44)) - raft.server.log.statemachine.data.sync.timeout.retry = -1 (default)
2020-12-15 13:58:55,401 [Listener at 127.0.0.1/35149] INFO  ozone.MiniOzoneClusterImpl (MiniOzoneClusterImpl.java:lambda$waitForClusterToBeReady$0(178)) - Nodes are ready. Got 6 of 6 DN Heartbeats.
2020-12-15 13:58:55,401 [Listener at 127.0.0.1/35149] INFO  ozone.MiniOzoneClusterImpl (MiniOzoneClusterImpl.java:lambda$waitForClusterToBeReady$0(181)) - Waiting for cluster to exit safe mode
2020-12-15 13:58:55,403 [pool-983-thread-1] INFO  server.RaftServerConfigKeys (ConfUtils.java:logGet(44)) - raft.server.log.statemachine.data.caching.enabled = true (custom)
2020-12-15 13:58:55,403 [pool-983-thread-1] INFO  segmented.SegmentedRaftLogWorker (SegmentedRaftLogWorker.java:lambda$new$0(129)) - 5928c4bb-8a64-400c-b032-ccd85110c165@group-66CF6CC76846-SegmentedRaftLogWorker: flushIndex: setUnconditionally 0 -> -1
2020-12-15 13:58:55,403 [pool-983-thread-1] INFO  segmented.SegmentedRaftLogWorker (SegmentedRaftLogWorker.java:lambda$new$0(129)) - 5928c4bb-8a64-400c-b032-ccd85110c165@group-66CF6CC76846-SegmentedRaftLogWorker: safeCacheEvictIndex: setUnconditionally 0 -> -1
2020-12-15 13:58:55,403 [pool-983-thread-1] INFO  server.RaftServerConfigKeys (ConfUtils.java:logGet(44)) - raft.server.snapshot.auto.trigger.enabled = true (custom)
2020-12-15 13:58:55,403 [pool-983-thread-1] INFO  server.RaftServerConfigKeys (ConfUtils.java:logGet(44)) - raft.server.snapshot.auto.trigger.threshold = 10000 (custom)
2020-12-15 13:58:55,403 [pool-983-thread-1] INFO  server.RaftServerConfigKeys (ConfUtils.java:logGet(44)) - raft.server.snapshot.retention.file.num = 5 (custom)
2020-12-15 13:58:55,403 [pool-983-thread-1] INFO  server.RaftServerConfigKeys (ConfUtils.java:logGet(44)) - raft.server.log.purge.upto.snapshot.index = false (default)
2020-12-15 13:58:55,403 [pool-983-thread-1] INFO  server.RaftServerConfigKeys (ConfUtils.java:logGet(44)) - raft.server.retrycache.expirytime = 600000ms (custom)
2020-12-15 13:58:55,403 [pool-983-thread-1] INFO  metrics.RatisMetrics (RatisMetrics.java:lambda$create$0(36)) - Creating Metrics Registry : ratis.leader_election.5928c4bb-8a64-400c-b032-ccd85110c165@group-66CF6CC76846
2020-12-15 13:58:55,404 [pool-983-thread-1] INFO  metrics.RatisMetrics (RatisMetrics.java:lambda$create$0(36)) - Creating Metrics Registry : ratis.server.5928c4bb-8a64-400c-b032-ccd85110c165@group-66CF6CC76846
2020-12-15 13:58:55,410 [pool-983-thread-1] INFO  impl.RaftServerImpl (RaftServerImpl.java:start(215)) - 5928c4bb-8a64-400c-b032-ccd85110c165@group-66CF6CC76846: start as a follower, conf=-1: [bcedaf3e-3b45-4de1-8682-1fb59b13139d|rpc:172.17.0.2:34627, c6e04511-2206-46f8-9e26-aeae93b0c1d5|rpc:172.17.0.2:36945, 5928c4bb-8a64-400c-b032-ccd85110c165|rpc:172.17.0.2:39247], old=null
2020-12-15 13:58:55,410 [pool-983-thread-1] INFO  impl.RaftServerImpl (RaftServerImpl.java:setRole(204)) - 5928c4bb-8a64-400c-b032-ccd85110c165@group-66CF6CC76846: changes role from      null to FOLLOWER at term 0 for startAsFollower
2020-12-15 13:58:55,410 [pool-983-thread-1] INFO  impl.RoleInfo (RoleInfo.java:updateAndGet(143)) - 5928c4bb-8a64-400c-b032-ccd85110c165: start 5928c4bb-8a64-400c-b032-ccd85110c165@group-66CF6CC76846-FollowerState
2020-12-15 13:58:55,417 [pool-983-thread-1] INFO  util.JmxRegister (JmxRegister.java:tryRegister(44)) - Successfully registered JMX Bean with object name Ratis:service=RaftServer,group=group-66CF6CC76846,id=5928c4bb-8a64-400c-b032-ccd85110c165
2020-12-15 13:58:55,417 [pool-983-thread-1] INFO  metrics.RatisMetrics (RatisMetrics.java:lambda$create$0(36)) - Creating Metrics Registry : ratis.state_machine.5928c4bb-8a64-400c-b032-ccd85110c165@group-66CF6CC76846
2020-12-15 13:58:55,419 [Command processor thread] INFO  metrics.RatisMetrics (RatisMetrics.java:lambda$create$0(36)) - Creating Metrics Registry : ratis.client_message_metrics.client-D98584715597->c6e04511-2206-46f8-9e26-aeae93b0c1d5
2020-12-15 13:58:55,427 [grpc-default-executor-5] INFO  metrics.RatisMetrics (RatisMetrics.java:lambda$create$0(36)) - Creating Metrics Registry : ratis.server_message_metrics.c6e04511-2206-46f8-9e26-aeae93b0c1d5
2020-12-15 13:58:55,430 [grpc-default-executor-5] INFO  impl.RaftServerProxy (RaftServerProxy.java:addNew(93)) - c6e04511-2206-46f8-9e26-aeae93b0c1d5: addNew group-66CF6CC76846:[bcedaf3e-3b45-4de1-8682-1fb59b13139d|rpc:172.17.0.2:34627|dataStream:, c6e04511-2206-46f8-9e26-aeae93b0c1d5|rpc:172.17.0.2:36945|dataStream:, 5928c4bb-8a64-400c-b032-ccd85110c165|rpc:172.17.0.2:39247|dataStream:] returns group-66CF6CC76846:java.util.concurrent.CompletableFuture@25e27323[Not completed]
2020-12-15 13:58:55,430 [pool-999-thread-1] INFO  impl.RaftServerImpl (RaftServerImpl.java:<init>(121)) - c6e04511-2206-46f8-9e26-aeae93b0c1d5: new RaftServerImpl for group-66CF6CC76846:[bcedaf3e-3b45-4de1-8682-1fb59b13139d|rpc:172.17.0.2:34627|dataStream:, c6e04511-2206-46f8-9e26-aeae93b0c1d5|rpc:172.17.0.2:36945|dataStream:, 5928c4bb-8a64-400c-b032-ccd85110c165|rpc:172.17.0.2:39247|dataStream:] with ContainerStateMachine:uninitialized
2020-12-15 13:58:55,431 [pool-999-thread-1] INFO  server.RaftServerConfigKeys (ConfUtils.java:logGet(44)) - raft.server.rpc.timeout.min = 5s (custom)
2020-12-15 13:58:55,431 [pool-999-thread-1] INFO  server.RaftServerConfigKeys (ConfUtils.java:logGet(44)) - raft.server.rpc.timeout.max = 5200ms (custom)
2020-12-15 13:58:55,431 [pool-999-thread-1] INFO  server.RaftServerConfigKeys (ConfUtils.java:logGet(44)) - raft.server.rpc.slowness.timeout = 300s (custom)
2020-12-15 13:58:55,431 [pool-999-thread-1] INFO  server.RaftServerConfigKeys (ConfUtils.java:logGet(44)) - raft.server.leaderelection.leader.step-down.wait-time = 10s (default)
2020-12-15 13:58:55,431 [pool-999-thread-1] INFO  server.RaftServerConfigKeys (ConfUtils.java:logGet(44)) - raft.server.sleep.deviation.threshold = 300 (default)
2020-12-15 13:58:55,431 [pool-999-thread-1] INFO  server.RaftServerConfigKeys (ConfUtils.java:logGet(44)) - raft.server.log.appender.install.snapshot.enabled = false (custom)
2020-12-15 13:58:55,431 [pool-999-thread-1] INFO  impl.RaftServerImpl (ServerState.java:<init>(104)) - c6e04511-2206-46f8-9e26-aeae93b0c1d5@group-66CF6CC76846: ConfigurationManager, init=-1: [bcedaf3e-3b45-4de1-8682-1fb59b13139d|rpc:172.17.0.2:34627|dataStream:, c6e04511-2206-46f8-9e26-aeae93b0c1d5|rpc:172.17.0.2:36945|dataStream:, 5928c4bb-8a64-400c-b032-ccd85110c165|rpc:172.17.0.2:39247|dataStream:], old=null, confs=<EMPTY_MAP>
2020-12-15 13:58:55,431 [pool-999-thread-1] INFO  server.RaftServerConfigKeys (ConfUtils.java:logGet(44)) - raft.server.storage.dir = [/github/workspace/mnt/ozone/hadoop-ozone/integration-test/target/test-dir/MiniOzoneClusterImpl-933616a4-3ca4-434e-83a8-17d3c89ffd28/datanode-1/data/ratis] (custom)
2020-12-15 13:58:55,431 [pool-999-thread-1] INFO  server.RaftServerConfigKeys (ConfUtils.java:logGet(44)) - raft.server.log.corruption.policy = EXCEPTION (default)
2020-12-15 13:58:55,431 [pool-999-thread-1] INFO  storage.RaftStorageDirectory (RaftStorageDirectory.java:analyzeStorage(261)) - The storage directory /github/workspace/mnt/ozone/hadoop-ozone/integration-test/target/test-dir/MiniOzoneClusterImpl-933616a4-3ca4-434e-83a8-17d3c89ffd28/datanode-1/data/ratis/fb3c94f4-49a5-4a06-87bf-66cf6cc76846 does not exist. Creating ...
2020-12-15 13:58:55,432 [pool-999-thread-1] INFO  storage.RaftStorageDirectory (RaftStorageDirectory.java:tryLock(343)) - Lock on /github/workspace/mnt/ozone/hadoop-ozone/integration-test/target/test-dir/MiniOzoneClusterImpl-933616a4-3ca4-434e-83a8-17d3c89ffd28/datanode-1/data/ratis/fb3c94f4-49a5-4a06-87bf-66cf6cc76846/in_use.lock acquired by nodename 27147@b0da2dc6b281
2020-12-15 13:58:55,434 [pool-999-thread-1] INFO  storage.RaftStorage (RaftStorage.java:format(85)) - Storage directory /github/workspace/mnt/ozone/hadoop-ozone/integration-test/target/test-dir/MiniOzoneClusterImpl-933616a4-3ca4-434e-83a8-17d3c89ffd28/datanode-1/data/ratis/fb3c94f4-49a5-4a06-87bf-66cf6cc76846 has been successfully formatted.
2020-12-15 13:58:55,434 [pool-999-thread-1] INFO  ratis.ContainerStateMachine (ContainerStateMachine.java:loadSnapshot(225)) - group-66CF6CC76846: The snapshot info is null. Setting the last applied indexto:(t:0, i:~)
2020-12-15 13:58:55,434 [pool-999-thread-1] INFO  server.RaftServerConfigKeys (ConfUtils.java:logGet(44)) - raft.server.notification.no-leader.timeout = 300s (custom)
2020-12-15 13:58:55,434 [pool-999-thread-1] INFO  server.RaftServerConfigKeys (ConfUtils.java:logGet(44)) - raft.server.log.use.memory = false (default)
2020-12-15 13:58:55,434 [pool-999-thread-1] INFO  server.RaftServerConfigKeys (ConfUtils.java:logGet(44)) - raft.server.log.purge.gap = 1000000 (custom)
2020-12-15 13:58:55,434 [pool-999-thread-1] INFO  metrics.RatisMetrics (RatisMetrics.java:lambda$create$0(36)) - Creating Metrics Registry : ratis.log_worker.c6e04511-2206-46f8-9e26-aeae93b0c1d5@group-66CF6CC76846
2020-12-15 13:58:55,434 [EventQueue-PipelineReportForOneReplicaPipelineSafeModeRule] INFO  safemode.SCMSafeModeManager (SCMSafeModeManager.java:validateSafeModeExitRules(214)) - AtleastOneDatanodeReportedRule rule is successfully validated
2020-12-15 13:58:55,435 [pool-999-thread-1] INFO  server.RaftServerConfigKeys (ConfUtils.java:logGet(44)) - raft.server.log.appender.buffer.byte-limit = 33554432 (custom)
2020-12-15 13:58:55,435 [pool-999-thread-1] INFO  server.RaftServerConfigKeys (ConfUtils.java:logGet(44)) - raft.server.log.segment.size.max = 1048576 (custom)
2020-12-15 13:58:55,436 [pool-999-thread-1] INFO  server.RaftServerConfigKeys (ConfUtils.java:logGet(44)) - raft.server.log.segment.cache.num.max = 2 (custom)
2020-12-15 13:58:55,436 [pool-999-thread-1] INFO  segmented.SegmentedRaftLogWorker (SegmentedRaftLogWorker.java:<init>(180)) - new c6e04511-2206-46f8-9e26-aeae93b0c1d5@group-66CF6CC76846-SegmentedRaftLogWorker for RaftStorage:Storage Directory /github/workspace/mnt/ozone/hadoop-ozone/integration-test/target/test-dir/MiniOzoneClusterImpl-933616a4-3ca4-434e-83a8-17d3c89ffd28/datanode-1/data/ratis/fb3c94f4-49a5-4a06-87bf-66cf6cc76846
2020-12-15 13:58:55,436 [pool-999-thread-1] INFO  server.RaftServerConfigKeys (ConfUtils.java:logGet(44)) - raft.server.log.queue.byte-limit = 2147483647 (custom)
2020-12-15 13:58:55,436 [pool-999-thread-1] INFO  server.RaftServerConfigKeys (ConfUtils.java:logGet(44)) - raft.server.log.queue.element-limit = 1024 (custom)
2020-12-15 13:58:55,436 [pool-999-thread-1] INFO  server.RaftServerConfigKeys (ConfUtils.java:logGet(44)) - raft.server.log.segment.size.max = 1048576 (custom)
2020-12-15 13:58:55,436 [pool-999-thread-1] INFO  server.RaftServerConfigKeys (ConfUtils.java:logGet(44)) - raft.server.log.preallocated.size = 16384 (custom)
2020-12-15 13:58:55,436 [pool-999-thread-1] INFO  server.RaftServerConfigKeys (ConfUtils.java:logGet(44)) - raft.server.log.write.buffer.size = 1048576 (custom)
2020-12-15 13:58:55,436 [pool-999-thread-1] INFO  server.RaftServerConfigKeys (ConfUtils.java:logGet(44)) - raft.server.log.force.sync.num = 128 (default)
2020-12-15 13:58:55,436 [pool-999-thread-1] INFO  server.RaftServerConfigKeys (ConfUtils.java:logGet(44)) - raft.server.log.statemachine.data.sync = true (default)
2020-12-15 13:58:55,436 [pool-999-thread-1] INFO  server.RaftServerConfigKeys (ConfUtils.java:logGet(44)) - raft.server.log.statemachine.data.sync.timeout = 10s (default)
2020-12-15 13:58:55,436 [pool-999-thread-1] INFO  server.RaftServerConfigKeys (ConfUtils.java:logGet(44)) - raft.server.log.statemachine.data.sync.timeout.retry = -1 (default)
2020-12-15 13:58:55,439 [pool-999-thread-1] INFO  server.RaftServerConfigKeys (ConfUtils.java:logGet(44)) - raft.server.log.statemachine.data.caching.enabled = true (custom)
2020-12-15 13:58:55,441 [pool-999-thread-1] INFO  segmented.SegmentedRaftLogWorker (SegmentedRaftLogWorker.java:lambda$new$0(129)) - c6e04511-2206-46f8-9e26-aeae93b0c1d5@group-66CF6CC76846-SegmentedRaftLogWorker: flushIndex: setUnconditionally 0 -> -1
2020-12-15 13:58:55,441 [pool-999-thread-1] INFO  segmented.SegmentedRaftLogWorker (SegmentedRaftLogWorker.java:lambda$new$0(129)) - c6e04511-2206-46f8-9e26-aeae93b0c1d5@group-66CF6CC76846-SegmentedRaftLogWorker: safeCacheEvictIndex: setUnconditionally 0 -> -1
2020-12-15 13:58:55,445 [pool-999-thread-1] INFO  server.RaftServerConfigKeys (ConfUtils.java:logGet(44)) - raft.server.snapshot.auto.trigger.enabled = true (custom)
2020-12-15 13:58:55,445 [pool-999-thread-1] INFO  server.RaftServerConfigKeys (ConfUtils.java:logGet(44)) - raft.server.snapshot.auto.trigger.threshold = 10000 (custom)
2020-12-15 13:58:55,445 [pool-999-thread-1] INFO  server.RaftServerConfigKeys (ConfUtils.java:logGet(44)) - raft.server.snapshot.retention.file.num = 5 (custom)
2020-12-15 13:58:55,445 [pool-999-thread-1] INFO  server.RaftServerConfigKeys (ConfUtils.java:logGet(44)) - raft.server.log.purge.upto.snapshot.index = false (default)
2020-12-15 13:58:55,445 [pool-999-thread-1] INFO  server.RaftServerConfigKeys (ConfUtils.java:logGet(44)) - raft.server.retrycache.expirytime = 600000ms (custom)
2020-12-15 13:58:55,445 [pool-999-thread-1] INFO  metrics.RatisMetrics (RatisMetrics.java:lambda$create$0(36)) - Creating Metrics Registry : ratis.leader_election.c6e04511-2206-46f8-9e26-aeae93b0c1d5@group-66CF6CC76846
2020-12-15 13:58:55,446 [pool-999-thread-1] INFO  metrics.RatisMetrics (RatisMetrics.java:lambda$create$0(36)) - Creating Metrics Registry : ratis.server.c6e04511-2206-46f8-9e26-aeae93b0c1d5@group-66CF6CC76846
2020-12-15 13:58:55,448 [pool-999-thread-1] INFO  impl.RaftServerImpl (RaftServerImpl.java:start(215)) - c6e04511-2206-46f8-9e26-aeae93b0c1d5@group-66CF6CC76846: start as a follower, conf=-1: [bcedaf3e-3b45-4de1-8682-1fb59b13139d|rpc:172.17.0.2:34627|dataStream:, c6e04511-2206-46f8-9e26-aeae93b0c1d5|rpc:172.17.0.2:36945|dataStream:, 5928c4bb-8a64-400c-b032-ccd85110c165|rpc:172.17.0.2:39247|dataStream:], old=null
2020-12-15 13:58:55,448 [pool-999-thread-1] INFO  impl.RaftServerImpl (RaftServerImpl.java:setRole(204)) - c6e04511-2206-46f8-9e26-aeae93b0c1d5@group-66CF6CC76846: changes role from      null to FOLLOWER at term 0 for startAsFollower
2020-12-15 13:58:55,448 [pool-999-thread-1] INFO  impl.RoleInfo (RoleInfo.java:updateAndGet(143)) - c6e04511-2206-46f8-9e26-aeae93b0c1d5: start c6e04511-2206-46f8-9e26-aeae93b0c1d5@group-66CF6CC76846-FollowerState
2020-12-15 13:58:55,448 [pool-999-thread-1] INFO  util.JmxRegister (JmxRegister.java:tryRegister(44)) - Successfully registered JMX Bean with object name Ratis:service=RaftServer,group=group-66CF6CC76846,id=c6e04511-2206-46f8-9e26-aeae93b0c1d5
2020-12-15 13:58:55,448 [pool-999-thread-1] INFO  metrics.RatisMetrics (RatisMetrics.java:lambda$create$0(36)) - Creating Metrics Registry : ratis.state_machine.c6e04511-2206-46f8-9e26-aeae93b0c1d5@group-66CF6CC76846
2020-12-15 13:58:55,464 [Command processor thread] INFO  metrics.RatisMetrics (RatisMetrics.java:lambda$create$0(36)) - Creating Metrics Registry : ratis.client_message_metrics.client-8597DA08641C->bcedaf3e-3b45-4de1-8682-1fb59b13139d
2020-12-15 13:58:55,470 [grpc-default-executor-5] INFO  metrics.RatisMetrics (RatisMetrics.java:lambda$create$0(36)) - Creating Metrics Registry : ratis.server_message_metrics.bcedaf3e-3b45-4de1-8682-1fb59b13139d
2020-12-15 13:58:55,477 [grpc-default-executor-5] INFO  impl.RaftServerProxy (RaftServerProxy.java:addNew(93)) - bcedaf3e-3b45-4de1-8682-1fb59b13139d: addNew group-66CF6CC76846:[bcedaf3e-3b45-4de1-8682-1fb59b13139d|rpc:172.17.0.2:34627|dataStream:, c6e04511-2206-46f8-9e26-aeae93b0c1d5|rpc:172.17.0.2:36945|dataStream:, 5928c4bb-8a64-400c-b032-ccd85110c165|rpc:172.17.0.2:39247|dataStream:] returns group-66CF6CC76846:java.util.concurrent.CompletableFuture@3e83765b[Not completed]
2020-12-15 13:58:55,478 [pool-1015-thread-1] INFO  impl.RaftServerImpl (RaftServerImpl.java:<init>(121)) - bcedaf3e-3b45-4de1-8682-1fb59b13139d: new RaftServerImpl for group-66CF6CC76846:[bcedaf3e-3b45-4de1-8682-1fb59b13139d|rpc:172.17.0.2:34627|dataStream:, c6e04511-2206-46f8-9e26-aeae93b0c1d5|rpc:172.17.0.2:36945|dataStream:, 5928c4bb-8a64-400c-b032-ccd85110c165|rpc:172.17.0.2:39247|dataStream:] with ContainerStateMachine:uninitialized
2020-12-15 13:58:55,478 [pool-1015-thread-1] INFO  server.RaftServerConfigKeys (ConfUtils.java:logGet(44)) - raft.server.rpc.timeout.min = 5s (custom)
2020-12-15 13:58:55,478 [pool-1015-thread-1] INFO  server.RaftServerConfigKeys (ConfUtils.java:logGet(44)) - raft.server.rpc.timeout.max = 5200ms (custom)
2020-12-15 13:58:55,478 [pool-1015-thread-1] INFO  server.RaftServerConfigKeys (ConfUtils.java:logGet(44)) - raft.server.rpc.slowness.timeout = 300s (custom)
2020-12-15 13:58:55,478 [pool-1015-thread-1] INFO  server.RaftServerConfigKeys (ConfUtils.java:logGet(44)) - raft.server.leaderelection.leader.step-down.wait-time = 10s (default)
2020-12-15 13:58:55,478 [pool-1015-thread-1] INFO  server.RaftServerConfigKeys (ConfUtils.java:logGet(44)) - raft.server.sleep.deviation.threshold = 300 (default)
2020-12-15 13:58:55,478 [pool-1015-thread-1] INFO  server.RaftServerConfigKeys (ConfUtils.java:logGet(44)) - raft.server.log.appender.install.snapshot.enabled = false (custom)
2020-12-15 13:58:55,478 [pool-1015-thread-1] INFO  impl.RaftServerImpl (ServerState.java:<init>(104)) - bcedaf3e-3b45-4de1-8682-1fb59b13139d@group-66CF6CC76846: ConfigurationManager, init=-1: [bcedaf3e-3b45-4de1-8682-1fb59b13139d|rpc:172.17.0.2:34627|dataStream:, c6e04511-2206-46f8-9e26-aeae93b0c1d5|rpc:172.17.0.2:36945|dataStream:, 5928c4bb-8a64-400c-b032-ccd85110c165|rpc:172.17.0.2:39247|dataStream:], old=null, confs=<EMPTY_MAP>
2020-12-15 13:58:55,478 [pool-1015-thread-1] INFO  server.RaftServerConfigKeys (ConfUtils.java:logGet(44)) - raft.server.storage.dir = [/github/workspace/mnt/ozone/hadoop-ozone/integration-test/target/test-dir/MiniOzoneClusterImpl-933616a4-3ca4-434e-83a8-17d3c89ffd28/datanode-2/data/ratis] (custom)
2020-12-15 13:58:55,479 [pool-1015-thread-1] INFO  server.RaftServerConfigKeys (ConfUtils.java:logGet(44)) - raft.server.log.corruption.policy = EXCEPTION (default)
2020-12-15 13:58:55,479 [pool-1015-thread-1] INFO  storage.RaftStorageDirectory (RaftStorageDirectory.java:analyzeStorage(261)) - The storage directory /github/workspace/mnt/ozone/hadoop-ozone/integration-test/target/test-dir/MiniOzoneClusterImpl-933616a4-3ca4-434e-83a8-17d3c89ffd28/datanode-2/data/ratis/fb3c94f4-49a5-4a06-87bf-66cf6cc76846 does not exist. Creating ...
2020-12-15 13:58:55,480 [pool-1015-thread-1] INFO  storage.RaftStorageDirectory (RaftStorageDirectory.java:tryLock(343)) - Lock on /github/workspace/mnt/ozone/hadoop-ozone/integration-test/target/test-dir/MiniOzoneClusterImpl-933616a4-3ca4-434e-83a8-17d3c89ffd28/datanode-2/data/ratis/fb3c94f4-49a5-4a06-87bf-66cf6cc76846/in_use.lock acquired by nodename 27147@b0da2dc6b281
2020-12-15 13:58:55,481 [pool-1015-thread-1] INFO  storage.RaftStorage (RaftStorage.java:format(85)) - Storage directory /github/workspace/mnt/ozone/hadoop-ozone/integration-test/target/test-dir/MiniOzoneClusterImpl-933616a4-3ca4-434e-83a8-17d3c89ffd28/datanode-2/data/ratis/fb3c94f4-49a5-4a06-87bf-66cf6cc76846 has been successfully formatted.
2020-12-15 13:58:55,481 [pool-1015-thread-1] INFO  ratis.ContainerStateMachine (ContainerStateMachine.java:loadSnapshot(225)) - group-66CF6CC76846: The snapshot info is null. Setting the last applied indexto:(t:0, i:~)
2020-12-15 13:58:55,481 [pool-1015-thread-1] INFO  server.RaftServerConfigKeys (ConfUtils.java:logGet(44)) - raft.server.notification.no-leader.timeout = 300s (custom)
2020-12-15 13:58:55,481 [pool-1015-thread-1] INFO  server.RaftServerConfigKeys (ConfUtils.java:logGet(44)) - raft.server.log.use.memory = false (default)
2020-12-15 13:58:55,481 [pool-1015-thread-1] INFO  server.RaftServerConfigKeys (ConfUtils.java:logGet(44)) - raft.server.log.purge.gap = 1000000 (custom)
2020-12-15 13:58:55,481 [pool-1015-thread-1] INFO  metrics.RatisMetrics (RatisMetrics.java:lambda$create$0(36)) - Creating Metrics Registry : ratis.log_worker.bcedaf3e-3b45-4de1-8682-1fb59b13139d@group-66CF6CC76846
2020-12-15 13:58:55,482 [EventQueue-PipelineReportForOneReplicaPipelineSafeModeRule] INFO  safemode.SCMSafeModeManager (SCMSafeModeManager.java:validateSafeModeExitRules(214)) - AtleastOneDatanodeReportedRule rule is successfully validated
2020-12-15 13:58:55,482 [pool-1015-thread-1] INFO  server.RaftServerConfigKeys (ConfUtils.java:logGet(44)) - raft.server.log.appender.buffer.byte-limit = 33554432 (custom)
2020-12-15 13:58:55,482 [pool-1015-thread-1] INFO  server.RaftServerConfigKeys (ConfUtils.java:logGet(44)) - raft.server.log.segment.size.max = 1048576 (custom)
2020-12-15 13:58:55,483 [pool-1015-thread-1] INFO  server.RaftServerConfigKeys (ConfUtils.java:logGet(44)) - raft.server.log.segment.cache.num.max = 2 (custom)
2020-12-15 13:58:55,483 [pool-1015-thread-1] INFO  segmented.SegmentedRaftLogWorker (SegmentedRaftLogWorker.java:<init>(180)) - new bcedaf3e-3b45-4de1-8682-1fb59b13139d@group-66CF6CC76846-SegmentedRaftLogWorker for RaftStorage:Storage Directory /github/workspace/mnt/ozone/hadoop-ozone/integration-test/target/test-dir/MiniOzoneClusterImpl-933616a4-3ca4-434e-83a8-17d3c89ffd28/datanode-2/data/ratis/fb3c94f4-49a5-4a06-87bf-66cf6cc76846
2020-12-15 13:58:55,483 [pool-1015-thread-1] INFO  server.RaftServerConfigKeys (ConfUtils.java:logGet(44)) - raft.server.log.queue.byte-limit = 2147483647 (custom)
2020-12-15 13:58:55,483 [pool-1015-thread-1] INFO  server.RaftServerConfigKeys (ConfUtils.java:logGet(44)) - raft.server.log.queue.element-limit = 1024 (custom)
2020-12-15 13:58:55,483 [pool-1015-thread-1] INFO  server.RaftServerConfigKeys (ConfUtils.java:logGet(44)) - raft.server.log.segment.size.max = 1048576 (custom)
2020-12-15 13:58:55,483 [pool-1015-thread-1] INFO  server.RaftServerConfigKeys (ConfUtils.java:logGet(44)) - raft.server.log.preallocated.size = 16384 (custom)
2020-12-15 13:58:55,483 [pool-1015-thread-1] INFO  server.RaftServerConfigKeys (ConfUtils.java:logGet(44)) - raft.server.log.write.buffer.size = 1048576 (custom)
2020-12-15 13:58:55,483 [pool-1015-thread-1] INFO  server.RaftServerConfigKeys (ConfUtils.java:logGet(44)) - raft.server.log.force.sync.num = 128 (default)
2020-12-15 13:58:55,483 [pool-1015-thread-1] INFO  server.RaftServerConfigKeys (ConfUtils.java:logGet(44)) - raft.server.log.statemachine.data.sync = true (default)
2020-12-15 13:58:55,483 [pool-1015-thread-1] INFO  server.RaftServerConfigKeys (ConfUtils.java:logGet(44)) - raft.server.log.statemachine.data.sync.timeout = 10s (default)
2020-12-15 13:58:55,483 [pool-1015-thread-1] INFO  server.RaftServerConfigKeys (ConfUtils.java:logGet(44)) - raft.server.log.statemachine.data.sync.timeout.retry = -1 (default)
2020-12-15 13:58:55,486 [pool-1015-thread-1] INFO  server.RaftServerConfigKeys (ConfUtils.java:logGet(44)) - raft.server.log.statemachine.data.caching.enabled = true (custom)
2020-12-15 13:58:55,486 [pool-1015-thread-1] INFO  segmented.SegmentedRaftLogWorker (SegmentedRaftLogWorker.java:lambda$new$0(129)) - bcedaf3e-3b45-4de1-8682-1fb59b13139d@group-66CF6CC76846-SegmentedRaftLogWorker: flushIndex: setUnconditionally 0 -> -1
2020-12-15 13:58:55,486 [pool-1015-thread-1] INFO  segmented.SegmentedRaftLogWorker (SegmentedRaftLogWorker.java:lambda$new$0(129)) - bcedaf3e-3b45-4de1-8682-1fb59b13139d@group-66CF6CC76846-SegmentedRaftLogWorker: safeCacheEvictIndex: setUnconditionally 0 -> -1
2020-12-15 13:58:55,489 [pool-1015-thread-1] INFO  server.RaftServerConfigKeys (ConfUtils.java:logGet(44)) - raft.server.snapshot.auto.trigger.enabled = true (custom)
2020-12-15 13:58:55,489 [pool-1015-thread-1] INFO  server.RaftServerConfigKeys (ConfUtils.java:logGet(44)) - raft.server.snapshot.auto.trigger.threshold = 10000 (custom)
2020-12-15 13:58:55,489 [pool-1015-thread-1] INFO  server.RaftServerConfigKeys (ConfUtils.java:logGet(44)) - raft.server.snapshot.retention.file.num = 5 (custom)
2020-12-15 13:58:55,489 [pool-1015-thread-1] INFO  server.RaftServerConfigKeys (ConfUtils.java:logGet(44)) - raft.server.log.purge.upto.snapshot.index = false (default)
2020-12-15 13:58:55,489 [pool-1015-thread-1] INFO  server.RaftServerConfigKeys (ConfUtils.java:logGet(44)) - raft.server.retrycache.expirytime = 600000ms (custom)
2020-12-15 13:58:55,489 [pool-1015-thread-1] INFO  metrics.RatisMetrics (RatisMetrics.java:lambda$create$0(36)) - Creating Metrics Registry : ratis.leader_election.bcedaf3e-3b45-4de1-8682-1fb59b13139d@group-66CF6CC76846
2020-12-15 13:58:55,490 [pool-1015-thread-1] INFO  metrics.RatisMetrics (RatisMetrics.java:lambda$create$0(36)) - Creating Metrics Registry : ratis.server.bcedaf3e-3b45-4de1-8682-1fb59b13139d@group-66CF6CC76846
2020-12-15 13:58:55,491 [pool-1015-thread-1] INFO  impl.RaftServerImpl (RaftServerImpl.java:start(215)) - bcedaf3e-3b45-4de1-8682-1fb59b13139d@group-66CF6CC76846: start as a follower, conf=-1: [bcedaf3e-3b45-4de1-8682-1fb59b13139d|rpc:172.17.0.2:34627|dataStream:, c6e04511-2206-46f8-9e26-aeae93b0c1d5|rpc:172.17.0.2:36945|dataStream:, 5928c4bb-8a64-400c-b032-ccd85110c165|rpc:172.17.0.2:39247|dataStream:], old=null
2020-12-15 13:58:55,491 [pool-1015-thread-1] INFO  impl.RaftServerImpl (RaftServerImpl.java:setRole(204)) - bcedaf3e-3b45-4de1-8682-1fb59b13139d@group-66CF6CC76846: changes role from      null to FOLLOWER at term 0 for startAsFollower
2020-12-15 13:58:55,491 [pool-1015-thread-1] INFO  impl.RoleInfo (RoleInfo.java:updateAndGet(143)) - bcedaf3e-3b45-4de1-8682-1fb59b13139d: start bcedaf3e-3b45-4de1-8682-1fb59b13139d@group-66CF6CC76846-FollowerState
2020-12-15 13:58:55,499 [pool-1015-thread-1] INFO  util.JmxRegister (JmxRegister.java:tryRegister(44)) - Successfully registered JMX Bean with object name Ratis:service=RaftServer,group=group-66CF6CC76846,id=bcedaf3e-3b45-4de1-8682-1fb59b13139d
2020-12-15 13:58:55,499 [org.apache.ratis.server.JvmPauseMonitor@1a25dc3a-Monitor] WARN  server.JvmPauseMonitor (JvmPauseMonitor.java:run(141)) - Detected pause in JVM or host machine (eg GC): pause of approximately 2ms
No GCs detected
2020-12-15 13:58:55,499 [pool-1015-thread-1] INFO  metrics.RatisMetrics (RatisMetrics.java:lambda$create$0(36)) - Creating Metrics Registry : ratis.state_machine.bcedaf3e-3b45-4de1-8682-1fb59b13139d@group-66CF6CC76846
2020-12-15 13:58:55,507 [Command processor thread] INFO  commandhandler.CreatePipelineCommandHandler (CreatePipelineCommandHandler.java:handle(106)) - Created Pipeline RATIS THREE PipelineID=fb3c94f4-49a5-4a06-87bf-66cf6cc76846.
2020-12-15 13:58:55,592 [Command processor thread] INFO  impl.RaftServerProxy (RaftServerProxy.java:addNew(93)) - c6e04511-2206-46f8-9e26-aeae93b0c1d5: addNew group-CF587590A064:[c6e04511-2206-46f8-9e26-aeae93b0c1d5|rpc:172.17.0.2:36945] returns group-CF587590A064:java.util.concurrent.CompletableFuture@40fc4f6d[Not completed]
2020-12-15 13:58:55,593 [pool-999-thread-1] INFO  impl.RaftServerImpl (RaftServerImpl.java:<init>(121)) - c6e04511-2206-46f8-9e26-aeae93b0c1d5: new RaftServerImpl for group-CF587590A064:[c6e04511-2206-46f8-9e26-aeae93b0c1d5|rpc:172.17.0.2:36945] with ContainerStateMachine:uninitialized
2020-12-15 13:58:55,593 [pool-999-thread-1] INFO  server.RaftServerConfigKeys (ConfUtils.java:logGet(44)) - raft.server.rpc.timeout.min = 5s (custom)
2020-12-15 13:58:55,593 [pool-999-thread-1] INFO  server.RaftServerConfigKeys (ConfUtils.java:logGet(44)) - raft.server.rpc.timeout.max = 5200ms (custom)
2020-12-15 13:58:55,593 [pool-999-thread-1] INFO  server.RaftServerConfigKeys (ConfUtils.java:logGet(44)) - raft.server.rpc.slowness.timeout = 300s (custom)
2020-12-15 13:58:55,593 [pool-999-thread-1] INFO  server.RaftServerConfigKeys (ConfUtils.java:logGet(44)) - raft.server.leaderelection.leader.step-down.wait-time = 10s (default)
2020-12-15 13:58:55,593 [pool-999-thread-1] INFO  server.RaftServerConfigKeys (ConfUtils.java:logGet(44)) - raft.server.sleep.deviation.threshold = 300 (default)
2020-12-15 13:58:55,593 [pool-999-thread-1] INFO  server.RaftServerConfigKeys (ConfUtils.java:logGet(44)) - raft.server.log.appender.install.snapshot.enabled = false (custom)
2020-12-15 13:58:55,593 [pool-999-thread-1] INFO  impl.RaftServerImpl (ServerState.java:<init>(104)) - c6e04511-2206-46f8-9e26-aeae93b0c1d5@group-CF587590A064: ConfigurationManager, init=-1: [c6e04511-2206-46f8-9e26-aeae93b0c1d5|rpc:172.17.0.2:36945], old=null, confs=<EMPTY_MAP>
2020-12-15 13:58:55,594 [pool-999-thread-1] INFO  server.RaftServerConfigKeys (ConfUtils.java:logGet(44)) - raft.server.storage.dir = [/github/workspace/mnt/ozone/hadoop-ozone/integration-test/target/test-dir/MiniOzoneClusterImpl-933616a4-3ca4-434e-83a8-17d3c89ffd28/datanode-1/data/ratis] (custom)
2020-12-15 13:58:55,594 [pool-999-thread-1] INFO  server.RaftServerConfigKeys (ConfUtils.java:logGet(44)) - raft.server.log.corruption.policy = EXCEPTION (default)
2020-12-15 13:58:55,594 [pool-999-thread-1] INFO  storage.RaftStorageDirectory (RaftStorageDirectory.java:analyzeStorage(261)) - The storage directory /github/workspace/mnt/ozone/hadoop-ozone/integration-test/target/test-dir/MiniOzoneClusterImpl-933616a4-3ca4-434e-83a8-17d3c89ffd28/datanode-1/data/ratis/8abdd307-9a78-4c12-9f53-cf587590a064 does not exist. Creating ...
2020-12-15 13:58:55,605 [pool-999-thread-1] INFO  storage.RaftStorageDirectory (RaftStorageDirectory.java:tryLock(343)) - Lock on /github/workspace/mnt/ozone/hadoop-ozone/integration-test/target/test-dir/MiniOzoneClusterImpl-933616a4-3ca4-434e-83a8-17d3c89ffd28/datanode-1/data/ratis/8abdd307-9a78-4c12-9f53-cf587590a064/in_use.lock acquired by nodename 27147@b0da2dc6b281
2020-12-15 13:58:55,606 [pool-999-thread-1] INFO  storage.RaftStorage (RaftStorage.java:format(85)) - Storage directory /github/workspace/mnt/ozone/hadoop-ozone/integration-test/target/test-dir/MiniOzoneClusterImpl-933616a4-3ca4-434e-83a8-17d3c89ffd28/datanode-1/data/ratis/8abdd307-9a78-4c12-9f53-cf587590a064 has been successfully formatted.
2020-12-15 13:58:55,606 [pool-999-thread-1] INFO  ratis.ContainerStateMachine (ContainerStateMachine.java:loadSnapshot(225)) - group-CF587590A064: The snapshot info is null. Setting the last applied indexto:(t:0, i:~)
2020-12-15 13:58:55,606 [pool-999-thread-1] INFO  server.RaftServerConfigKeys (ConfUtils.java:logGet(44)) - raft.server.notification.no-leader.timeout = 300s (custom)
2020-12-15 13:58:55,607 [pool-999-thread-1] INFO  server.RaftServerConfigKeys (ConfUtils.java:logGet(44)) - raft.server.log.use.memory = false (default)
2020-12-15 13:58:55,607 [pool-999-thread-1] INFO  server.RaftServerConfigKeys (ConfUtils.java:logGet(44)) - raft.server.log.purge.gap = 1000000 (custom)
2020-12-15 13:58:55,607 [EventQueue-PipelineReportForOneReplicaPipelineSafeModeRule] INFO  safemode.SCMSafeModeManager (SCMSafeModeManager.java:validateSafeModeExitRules(214)) - AtleastOneDatanodeReportedRule rule is successfully validated
2020-12-15 13:58:55,607 [EventQueue-PipelineReportForPipelineReportHandler] INFO  pipeline.PipelineStateManager (PipelineStateManager.java:openPipeline(132)) - Pipeline Pipeline[ Id: 8abdd307-9a78-4c12-9f53-cf587590a064, Nodes: c6e04511-2206-46f8-9e26-aeae93b0c1d5{ip: 172.17.0.2, host: b0da2dc6b281, networkLocation: /default-rack, certSerialId: null, persistedOpState: IN_SERVICE, persistedOpStateExpiryEpochSec: 0}, Type:RATIS, Factor:ONE, State:ALLOCATED, leaderId:c6e04511-2206-46f8-9e26-aeae93b0c1d5, CreationTimestamp2020-12-15T13:58:52.593Z] moved to OPEN state
2020-12-15 13:58:55,609 [EventQueue-OpenPipelineForHealthyPipelineSafeModeRule] INFO  safemode.SCMSafeModeManager (HealthyPipelineSafeModeRule.java:process(128)) - SCM in safe mode. Healthy pipelines reported count is 0, required healthy pipeline reported count is 1
2020-12-15 13:58:55,609 [pool-999-thread-1] INFO  metrics.RatisMetrics (RatisMetrics.java:lambda$create$0(36)) - Creating Metrics Registry : ratis.log_worker.c6e04511-2206-46f8-9e26-aeae93b0c1d5@group-CF587590A064
2020-12-15 13:58:55,610 [pool-999-thread-1] INFO  server.RaftServerConfigKeys (ConfUtils.java:logGet(44)) - raft.server.log.appender.buffer.byte-limit = 33554432 (custom)
2020-12-15 13:58:55,610 [pool-999-thread-1] INFO  server.RaftServerConfigKeys (ConfUtils.java:logGet(44)) - raft.server.log.segment.size.max = 1048576 (custom)
2020-12-15 13:58:55,611 [pool-999-thread-1] INFO  server.RaftServerConfigKeys (ConfUtils.java:logGet(44)) - raft.server.log.segment.cache.num.max = 2 (custom)
2020-12-15 13:58:55,611 [pool-999-thread-1] INFO  segmented.SegmentedRaftLogWorker (SegmentedRaftLogWorker.java:<init>(180)) - new c6e04511-2206-46f8-9e26-aeae93b0c1d5@group-CF587590A064-SegmentedRaftLogWorker for RaftStorage:Storage Directory /github/workspace/mnt/ozone/hadoop-ozone/integration-test/target/test-dir/MiniOzoneClusterImpl-933616a4-3ca4-434e-83a8-17d3c89ffd28/datanode-1/data/ratis/8abdd307-9a78-4c12-9f53-cf587590a064
2020-12-15 13:58:55,611 [pool-999-thread-1] INFO  server.RaftServerConfigKeys (ConfUtils.java:logGet(44)) - raft.server.log.queue.byte-limit = 2147483647 (custom)
2020-12-15 13:58:55,611 [pool-999-thread-1] INFO  server.RaftServerConfigKeys (ConfUtils.java:logGet(44)) - raft.server.log.queue.element-limit = 1024 (custom)
2020-12-15 13:58:55,611 [pool-999-thread-1] INFO  server.RaftServerConfigKeys (ConfUtils.java:logGet(44)) - raft.server.log.segment.size.max = 1048576 (custom)
2020-12-15 13:58:55,611 [pool-999-thread-1] INFO  server.RaftServerConfigKeys (ConfUtils.java:logGet(44)) - raft.server.log.preallocated.size = 16384 (custom)
2020-12-15 13:58:55,611 [pool-999-thread-1] INFO  server.RaftServerConfigKeys (ConfUtils.java:logGet(44)) - raft.server.log.write.buffer.size = 1048576 (custom)
2020-12-15 13:58:55,611 [pool-999-thread-1] INFO  server.RaftServerConfigKeys (ConfUtils.java:logGet(44)) - raft.server.log.force.sync.num = 128 (default)
2020-12-15 13:58:55,611 [pool-999-thread-1] INFO  server.RaftServerConfigKeys (ConfUtils.java:logGet(44)) - raft.server.log.statemachine.data.sync = true (default)
2020-12-15 13:58:55,612 [pool-999-thread-1] INFO  server.RaftServerConfigKeys (ConfUtils.java:logGet(44)) - raft.server.log.statemachine.data.sync.timeout = 10s (default)
2020-12-15 13:58:55,612 [pool-999-thread-1] INFO  server.RaftServerConfigKeys (ConfUtils.java:logGet(44)) - raft.server.log.statemachine.data.sync.timeout.retry = -1 (default)
2020-12-15 13:58:55,614 [pool-999-thread-1] INFO  server.RaftServerConfigKeys (ConfUtils.java:logGet(44)) - raft.server.log.statemachine.data.caching.enabled = true (custom)
2020-12-15 13:58:55,614 [pool-999-thread-1] INFO  segmented.SegmentedRaftLogWorker (SegmentedRaftLogWorker.java:lambda$new$0(129)) - c6e04511-2206-46f8-9e26-aeae93b0c1d5@group-CF587590A064-SegmentedRaftLogWorker: flushIndex: setUnconditionally 0 -> -1
2020-12-15 13:58:55,614 [pool-999-thread-1] INFO  segmented.SegmentedRaftLogWorker (SegmentedRaftLogWorker.java:lambda$new$0(129)) - c6e04511-2206-46f8-9e26-aeae93b0c1d5@group-CF587590A064-SegmentedRaftLogWorker: safeCacheEvictIndex: setUnconditionally 0 -> -1
2020-12-15 13:58:55,615 [pool-999-thread-1] INFO  server.RaftServerConfigKeys (ConfUtils.java:logGet(44)) - raft.server.snapshot.auto.trigger.enabled = true (custom)
2020-12-15 13:58:55,615 [pool-999-thread-1] INFO  server.RaftServerConfigKeys (ConfUtils.java:logGet(44)) - raft.server.snapshot.auto.trigger.threshold = 10000 (custom)
2020-12-15 13:58:55,615 [pool-999-thread-1] INFO  server.RaftServerConfigKeys (ConfUtils.java:logGet(44)) - raft.server.snapshot.retention.file.num = 5 (custom)
2020-12-15 13:58:55,615 [pool-999-thread-1] INFO  server.RaftServerConfigKeys (ConfUtils.java:logGet(44)) - raft.server.log.purge.upto.snapshot.index = false (default)
2020-12-15 13:58:55,615 [pool-999-thread-1] INFO  server.RaftServerConfigKeys (ConfUtils.java:logGet(44)) - raft.server.retrycache.expirytime = 600000ms (custom)
2020-12-15 13:58:55,615 [pool-999-thread-1] INFO  metrics.RatisMetrics (RatisMetrics.java:lambda$create$0(36)) - Creating Metrics Registry : ratis.leader_election.c6e04511-2206-46f8-9e26-aeae93b0c1d5@group-CF587590A064
2020-12-15 13:58:55,615 [pool-999-thread-1] INFO  metrics.RatisMetrics (RatisMetrics.java:lambda$create$0(36)) - Creating Metrics Registry : ratis.server.c6e04511-2206-46f8-9e26-aeae93b0c1d5@group-CF587590A064
2020-12-15 13:58:55,617 [pool-999-thread-1] INFO  impl.RaftServerImpl (RaftServerImpl.java:start(215)) - c6e04511-2206-46f8-9e26-aeae93b0c1d5@group-CF587590A064: start as a follower, conf=-1: [c6e04511-2206-46f8-9e26-aeae93b0c1d5|rpc:172.17.0.2:36945], old=null
2020-12-15 13:58:55,617 [pool-999-thread-1] INFO  impl.RaftServerImpl (RaftServerImpl.java:setRole(204)) - c6e04511-2206-46f8-9e26-aeae93b0c1d5@group-CF587590A064: changes role from      null to FOLLOWER at term 0 for startAsFollower
2020-12-15 13:58:55,617 [pool-999-thread-1] INFO  impl.RoleInfo (RoleInfo.java:updateAndGet(143)) - c6e04511-2206-46f8-9e26-aeae93b0c1d5: start c6e04511-2206-46f8-9e26-aeae93b0c1d5@group-CF587590A064-FollowerState
2020-12-15 13:58:55,617 [pool-999-thread-1] INFO  util.JmxRegister (JmxRegister.java:tryRegister(44)) - Successfully registered JMX Bean with object name Ratis:service=RaftServer,group=group-CF587590A064,id=c6e04511-2206-46f8-9e26-aeae93b0c1d5
2020-12-15 13:58:55,617 [pool-999-thread-1] INFO  metrics.RatisMetrics (RatisMetrics.java:lambda$create$0(36)) - Creating Metrics Registry : ratis.state_machine.c6e04511-2206-46f8-9e26-aeae93b0c1d5@group-CF587590A064
2020-12-15 13:58:55,618 [Command processor thread] INFO  commandhandler.CreatePipelineCommandHandler (CreatePipelineCommandHandler.java:handle(106)) - Created Pipeline RATIS ONE PipelineID=8abdd307-9a78-4c12-9f53-cf587590a064.
2020-12-15 13:58:55,796 [Command processor thread] INFO  impl.RaftServerProxy (RaftServerProxy.java:addNew(93)) - bcedaf3e-3b45-4de1-8682-1fb59b13139d: addNew group-295CDD7E3229:[bcedaf3e-3b45-4de1-8682-1fb59b13139d|rpc:172.17.0.2:34627] returns group-295CDD7E3229:java.util.concurrent.CompletableFuture@31620a97[Not completed]
2020-12-15 13:58:55,797 [pool-1015-thread-1] INFO  impl.RaftServerImpl (RaftServerImpl.java:<init>(121)) - bcedaf3e-3b45-4de1-8682-1fb59b13139d: new RaftServerImpl for group-295CDD7E3229:[bcedaf3e-3b45-4de1-8682-1fb59b13139d|rpc:172.17.0.2:34627] with ContainerStateMachine:uninitialized
2020-12-15 13:58:55,797 [pool-1015-thread-1] INFO  server.RaftServerConfigKeys (ConfUtils.java:logGet(44)) - raft.server.rpc.timeout.min = 5s (custom)
2020-12-15 13:58:55,797 [pool-1015-thread-1] INFO  server.RaftServerConfigKeys (ConfUtils.java:logGet(44)) - raft.server.rpc.timeout.max = 5200ms (custom)
2020-12-15 13:58:55,797 [pool-1015-thread-1] INFO  server.RaftServerConfigKeys (ConfUtils.java:logGet(44)) - raft.server.rpc.slowness.timeout = 300s (custom)
2020-12-15 13:58:55,797 [pool-1015-thread-1] INFO  server.RaftServerConfigKeys (ConfUtils.java:logGet(44)) - raft.server.leaderelection.leader.step-down.wait-time = 10s (default)
2020-12-15 13:58:55,797 [pool-1015-thread-1] INFO  server.RaftServerConfigKeys (ConfUtils.java:logGet(44)) - raft.server.sleep.deviation.threshold = 300 (default)
2020-12-15 13:58:55,797 [pool-1015-thread-1] INFO  server.RaftServerConfigKeys (ConfUtils.java:logGet(44)) - raft.server.log.appender.install.snapshot.enabled = false (custom)
2020-12-15 13:58:55,798 [pool-1015-thread-1] INFO  impl.RaftServerImpl (ServerState.java:<init>(104)) - bcedaf3e-3b45-4de1-8682-1fb59b13139d@group-295CDD7E3229: ConfigurationManager, init=-1: [bcedaf3e-3b45-4de1-8682-1fb59b13139d|rpc:172.17.0.2:34627], old=null, confs=<EMPTY_MAP>
2020-12-15 13:58:55,798 [pool-1015-thread-1] INFO  server.RaftServerConfigKeys (ConfUtils.java:logGet(44)) - raft.server.storage.dir = [/github/workspace/mnt/ozone/hadoop-ozone/integration-test/target/test-dir/MiniOzoneClusterImpl-933616a4-3ca4-434e-83a8-17d3c89ffd28/datanode-2/data/ratis] (custom)
2020-12-15 13:58:55,798 [pool-1015-thread-1] INFO  server.RaftServerConfigKeys (ConfUtils.java:logGet(44)) - raft.server.log.corruption.policy = EXCEPTION (default)
2020-12-15 13:58:55,798 [pool-1015-thread-1] INFO  storage.RaftStorageDirectory (RaftStorageDirectory.java:analyzeStorage(261)) - The storage directory /github/workspace/mnt/ozone/hadoop-ozone/integration-test/target/test-dir/MiniOzoneClusterImpl-933616a4-3ca4-434e-83a8-17d3c89ffd28/datanode-2/data/ratis/135d3078-6d49-4e47-88bd-295cdd7e3229 does not exist. Creating ...
2020-12-15 13:58:55,799 [pool-1015-thread-1] INFO  storage.RaftStorageDirectory (RaftStorageDirectory.java:tryLock(343)) - Lock on /github/workspace/mnt/ozone/hadoop-ozone/integration-test/target/test-dir/MiniOzoneClusterImpl-933616a4-3ca4-434e-83a8-17d3c89ffd28/datanode-2/data/ratis/135d3078-6d49-4e47-88bd-295cdd7e3229/in_use.lock acquired by nodename 27147@b0da2dc6b281
2020-12-15 13:58:55,801 [pool-1015-thread-1] INFO  storage.RaftStorage (RaftStorage.java:format(85)) - Storage directory /github/workspace/mnt/ozone/hadoop-ozone/integration-test/target/test-dir/MiniOzoneClusterImpl-933616a4-3ca4-434e-83a8-17d3c89ffd28/datanode-2/data/ratis/135d3078-6d49-4e47-88bd-295cdd7e3229 has been successfully formatted.
2020-12-15 13:58:55,801 [pool-1015-thread-1] INFO  ratis.ContainerStateMachine (ContainerStateMachine.java:loadSnapshot(225)) - group-295CDD7E3229: The snapshot info is null. Setting the last applied indexto:(t:0, i:~)
2020-12-15 13:58:55,801 [pool-1015-thread-1] INFO  server.RaftServerConfigKeys (ConfUtils.java:logGet(44)) - raft.server.notification.no-leader.timeout = 300s (custom)
2020-12-15 13:58:55,801 [pool-1015-thread-1] INFO  server.RaftServerConfigKeys (ConfUtils.java:logGet(44)) - raft.server.log.use.memory = false (default)
2020-12-15 13:58:55,801 [pool-1015-thread-1] INFO  server.RaftServerConfigKeys (ConfUtils.java:logGet(44)) - raft.server.log.purge.gap = 1000000 (custom)
2020-12-15 13:58:55,802 [EventQueue-PipelineReportForOneReplicaPipelineSafeModeRule] INFO  safemode.SCMSafeModeManager (SCMSafeModeManager.java:validateSafeModeExitRules(214)) - AtleastOneDatanodeReportedRule rule is successfully validated
2020-12-15 13:58:55,802 [EventQueue-PipelineReportForPipelineReportHandler] INFO  pipeline.PipelineStateManager (PipelineStateManager.java:openPipeline(132)) - Pipeline Pipeline[ Id: 135d3078-6d49-4e47-88bd-295cdd7e3229, Nodes: bcedaf3e-3b45-4de1-8682-1fb59b13139d{ip: 172.17.0.2, host: b0da2dc6b281, networkLocation: /default-rack, certSerialId: null, persistedOpState: IN_SERVICE, persistedOpStateExpiryEpochSec: 0}, Type:RATIS, Factor:ONE, State:ALLOCATED, leaderId:bcedaf3e-3b45-4de1-8682-1fb59b13139d, CreationTimestamp2020-12-15T13:58:52.797Z] moved to OPEN state
2020-12-15 13:58:55,802 [pool-1015-thread-1] INFO  metrics.RatisMetrics (RatisMetrics.java:lambda$create$0(36)) - Creating Metrics Registry : ratis.log_worker.bcedaf3e-3b45-4de1-8682-1fb59b13139d@group-295CDD7E3229
2020-12-15 13:58:55,803 [EventQueue-OpenPipelineForHealthyPipelineSafeModeRule] INFO  safemode.SCMSafeModeManager (HealthyPipelineSafeModeRule.java:process(128)) - SCM in safe mode. Healthy pipelines reported count is 0, required healthy pipeline reported count is 1
2020-12-15 13:58:55,803 [pool-1015-thread-1] INFO  server.RaftServerConfigKeys (ConfUtils.java:logGet(44)) - raft.server.log.appender.buffer.byte-limit = 33554432 (custom)
2020-12-15 13:58:55,804 [pool-1015-thread-1] INFO  server.RaftServerConfigKeys (ConfUtils.java:logGet(44)) - raft.server.log.segment.size.max = 1048576 (custom)
2020-12-15 13:58:55,805 [pool-1015-thread-1] INFO  server.RaftServerConfigKeys (ConfUtils.java:logGet(44)) - raft.server.log.segment.cache.num.max = 2 (custom)
2020-12-15 13:58:55,805 [pool-1015-thread-1] INFO  segmented.SegmentedRaftLogWorker (SegmentedRaftLogWorker.java:<init>(180)) - new bcedaf3e-3b45-4de1-8682-1fb59b13139d@group-295CDD7E3229-SegmentedRaftLogWorker for RaftStorage:Storage Directory /github/workspace/mnt/ozone/hadoop-ozone/integration-test/target/test-dir/MiniOzoneClusterImpl-933616a4-3ca4-434e-83a8-17d3c89ffd28/datanode-2/data/ratis/135d3078-6d49-4e47-88bd-295cdd7e3229
2020-12-15 13:58:55,805 [pool-1015-thread-1] INFO  server.RaftServerConfigKeys (ConfUtils.java:logGet(44)) - raft.server.log.queue.byte-limit = 2147483647 (custom)
2020-12-15 13:58:55,805 [pool-1015-thread-1] INFO  server.RaftServerConfigKeys (ConfUtils.java:logGet(44)) - raft.server.log.queue.element-limit = 1024 (custom)
2020-12-15 13:58:55,805 [pool-1015-thread-1] INFO  server.RaftServerConfigKeys (ConfUtils.java:logGet(44)) - raft.server.log.segment.size.max = 1048576 (custom)
2020-12-15 13:58:55,805 [pool-1015-thread-1] INFO  server.RaftServerConfigKeys (ConfUtils.java:logGet(44)) - raft.server.log.preallocated.size = 16384 (custom)
2020-12-15 13:58:55,805 [pool-1015-thread-1] INFO  server.RaftServerConfigKeys (ConfUtils.java:logGet(44)) - raft.server.log.write.buffer.size = 1048576 (custom)
2020-12-15 13:58:55,805 [pool-1015-thread-1] INFO  server.RaftServerConfigKeys (ConfUtils.java:logGet(44)) - raft.server.log.force.sync.num = 128 (default)
2020-12-15 13:58:55,805 [pool-1015-thread-1] INFO  server.RaftServerConfigKeys (ConfUtils.java:logGet(44)) - raft.server.log.statemachine.data.sync = true (default)
2020-12-15 13:58:55,805 [pool-1015-thread-1] INFO  server.RaftServerConfigKeys (ConfUtils.java:logGet(44)) - raft.server.log.statemachine.data.sync.timeout = 10s (default)
2020-12-15 13:58:55,805 [pool-1015-thread-1] INFO  server.RaftServerConfigKeys (ConfUtils.java:logGet(44)) - raft.server.log.statemachine.data.sync.timeout.retry = -1 (default)
2020-12-15 13:58:55,807 [pool-1015-thread-1] INFO  server.RaftServerConfigKeys (ConfUtils.java:logGet(44)) - raft.server.log.statemachine.data.caching.enabled = true (custom)
2020-12-15 13:58:55,815 [pool-1015-thread-1] INFO  segmented.SegmentedRaftLogWorker (SegmentedRaftLogWorker.java:lambda$new$0(129)) - bcedaf3e-3b45-4de1-8682-1fb59b13139d@group-295CDD7E3229-SegmentedRaftLogWorker: flushIndex: setUnconditionally 0 -> -1
2020-12-15 13:58:55,815 [pool-1015-thread-1] INFO  segmented.SegmentedRaftLogWorker (SegmentedRaftLogWorker.java:lambda$new$0(129)) - bcedaf3e-3b45-4de1-8682-1fb59b13139d@group-295CDD7E3229-SegmentedRaftLogWorker: safeCacheEvictIndex: setUnconditionally 0 -> -1
2020-12-15 13:58:55,815 [pool-1015-thread-1] INFO  server.RaftServerConfigKeys (ConfUtils.java:logGet(44)) - raft.server.snapshot.auto.trigger.enabled = true (custom)
2020-12-15 13:58:55,815 [pool-1015-thread-1] INFO  server.RaftServerConfigKeys (ConfUtils.java:logGet(44)) - raft.server.snapshot.auto.trigger.threshold = 10000 (custom)
2020-12-15 13:58:55,815 [pool-1015-thread-1] INFO  server.RaftServerConfigKeys (ConfUtils.java:logGet(44)) - raft.server.snapshot.retention.file.num = 5 (custom)
2020-12-15 13:58:55,816 [pool-1015-thread-1] INFO  server.RaftServerConfigKeys (ConfUtils.java:logGet(44)) - raft.server.log.purge.upto.snapshot.index = false (default)
2020-12-15 13:58:55,816 [pool-1015-thread-1] INFO  server.RaftServerConfigKeys (ConfUtils.java:logGet(44)) - raft.server.retrycache.expirytime = 600000ms (custom)
2020-12-15 13:58:55,816 [pool-1015-thread-1] INFO  metrics.RatisMetrics (RatisMetrics.java:lambda$create$0(36)) - Creating Metrics Registry : ratis.leader_election.bcedaf3e-3b45-4de1-8682-1fb59b13139d@group-295CDD7E3229
2020-12-15 13:58:55,816 [pool-1015-thread-1] INFO  metrics.RatisMetrics (RatisMetrics.java:lambda$create$0(36)) - Creating Metrics Registry : ratis.server.bcedaf3e-3b45-4de1-8682-1fb59b13139d@group-295CDD7E3229
2020-12-15 13:58:55,818 [pool-1015-thread-1] INFO  impl.RaftServerImpl (RaftServerImpl.java:start(215)) - bcedaf3e-3b45-4de1-8682-1fb59b13139d@group-295CDD7E3229: start as a follower, conf=-1: [bcedaf3e-3b45-4de1-8682-1fb59b13139d|rpc:172.17.0.2:34627], old=null
2020-12-15 13:58:55,818 [pool-1015-thread-1] INFO  impl.RaftServerImpl (RaftServerImpl.java:setRole(204)) - bcedaf3e-3b45-4de1-8682-1fb59b13139d@group-295CDD7E3229: changes role from      null to FOLLOWER at term 0 for startAsFollower
2020-12-15 13:58:55,818 [pool-1015-thread-1] INFO  impl.RoleInfo (RoleInfo.java:updateAndGet(143)) - bcedaf3e-3b45-4de1-8682-1fb59b13139d: start bcedaf3e-3b45-4de1-8682-1fb59b13139d@group-295CDD7E3229-FollowerState
2020-12-15 13:58:55,819 [pool-1015-thread-1] INFO  util.JmxRegister (JmxRegister.java:tryRegister(44)) - Successfully registered JMX Bean with object name Ratis:service=RaftServer,group=group-295CDD7E3229,id=bcedaf3e-3b45-4de1-8682-1fb59b13139d
2020-12-15 13:58:55,819 [pool-1015-thread-1] INFO  metrics.RatisMetrics (RatisMetrics.java:lambda$create$0(36)) - Creating Metrics Registry : ratis.state_machine.bcedaf3e-3b45-4de1-8682-1fb59b13139d@group-295CDD7E3229
2020-12-15 13:58:55,820 [Command processor thread] INFO  commandhandler.CreatePipelineCommandHandler (CreatePipelineCommandHandler.java:handle(106)) - Created Pipeline RATIS ONE PipelineID=135d3078-6d49-4e47-88bd-295cdd7e3229.
2020-12-15 13:58:55,985 [Command processor thread] INFO  impl.RaftServerProxy (RaftServerProxy.java:addNew(93)) - b41166ab-bd26-4895-adb6-dd063c55eea5: addNew group-4F0597F0C60C:[b41166ab-bd26-4895-adb6-dd063c55eea5|rpc:172.17.0.2:41813] returns group-4F0597F0C60C:java.util.concurrent.CompletableFuture@71cce8e1[Not completed]
2020-12-15 13:58:55,986 [pool-1031-thread-1] INFO  impl.RaftServerImpl (RaftServerImpl.java:<init>(121)) - b41166ab-bd26-4895-adb6-dd063c55eea5: new RaftServerImpl for group-4F0597F0C60C:[b41166ab-bd26-4895-adb6-dd063c55eea5|rpc:172.17.0.2:41813] with ContainerStateMachine:uninitialized
2020-12-15 13:58:55,986 [pool-1031-thread-1] INFO  server.RaftServerConfigKeys (ConfUtils.java:logGet(44)) - raft.server.rpc.timeout.min = 5s (custom)
2020-12-15 13:58:55,986 [pool-1031-thread-1] INFO  server.RaftServerConfigKeys (ConfUtils.java:logGet(44)) - raft.server.rpc.timeout.max = 5200ms (custom)
2020-12-15 13:58:55,986 [pool-1031-thread-1] INFO  server.RaftServerConfigKeys (ConfUtils.java:logGet(44)) - raft.server.rpc.slowness.timeout = 300s (custom)
2020-12-15 13:58:55,986 [pool-1031-thread-1] INFO  server.RaftServerConfigKeys (ConfUtils.java:logGet(44)) - raft.server.leaderelection.leader.step-down.wait-time = 10s (default)
2020-12-15 13:58:55,986 [pool-1031-thread-1] INFO  server.RaftServerConfigKeys (ConfUtils.java:logGet(44)) - raft.server.sleep.deviation.threshold = 300 (default)
2020-12-15 13:58:55,986 [pool-1031-thread-1] INFO  server.RaftServerConfigKeys (ConfUtils.java:logGet(44)) - raft.server.log.appender.install.snapshot.enabled = false (custom)
2020-12-15 13:58:55,986 [EventQueue-PipelineReportForOneReplicaPipelineSafeModeRule] INFO  safemode.SCMSafeModeManager (SCMSafeModeManager.java:validateSafeModeExitRules(214)) - AtleastOneDatanodeReportedRule rule is successfully validated
2020-12-15 13:58:55,987 [pool-1031-thread-1] INFO  impl.RaftServerImpl (ServerState.java:<init>(104)) - b41166ab-bd26-4895-adb6-dd063c55eea5@group-4F0597F0C60C: ConfigurationManager, init=-1: [b41166ab-bd26-4895-adb6-dd063c55eea5|rpc:172.17.0.2:41813], old=null, confs=<EMPTY_MAP>
2020-12-15 13:58:55,987 [pool-1031-thread-1] INFO  server.RaftServerConfigKeys (ConfUtils.java:logGet(44)) - raft.server.storage.dir = [/github/workspace/mnt/ozone/hadoop-ozone/integration-test/target/test-dir/MiniOzoneClusterImpl-933616a4-3ca4-434e-83a8-17d3c89ffd28/datanode-3/data/ratis] (custom)
2020-12-15 13:58:55,987 [pool-1031-thread-1] INFO  server.RaftServerConfigKeys (ConfUtils.java:logGet(44)) - raft.server.log.corruption.policy = EXCEPTION (default)
2020-12-15 13:58:55,987 [pool-1031-thread-1] INFO  storage.RaftStorageDirectory (RaftStorageDirectory.java:analyzeStorage(261)) - The storage directory /github/workspace/mnt/ozone/hadoop-ozone/integration-test/target/test-dir/MiniOzoneClusterImpl-933616a4-3ca4-434e-83a8-17d3c89ffd28/datanode-3/data/ratis/24afae04-ca8c-4257-8753-4f0597f0c60c does not exist. Creating ...
2020-12-15 13:58:55,988 [pool-1031-thread-1] INFO  storage.RaftStorageDirectory (RaftStorageDirectory.java:tryLock(343)) - Lock on /github/workspace/mnt/ozone/hadoop-ozone/integration-test/target/test-dir/MiniOzoneClusterImpl-933616a4-3ca4-434e-83a8-17d3c89ffd28/datanode-3/data/ratis/24afae04-ca8c-4257-8753-4f0597f0c60c/in_use.lock acquired by nodename 27147@b0da2dc6b281
2020-12-15 13:58:55,990 [pool-1031-thread-1] INFO  storage.RaftStorage (RaftStorage.java:format(85)) - Storage directory /github/workspace/mnt/ozone/hadoop-ozone/integration-test/target/test-dir/MiniOzoneClusterImpl-933616a4-3ca4-434e-83a8-17d3c89ffd28/datanode-3/data/ratis/24afae04-ca8c-4257-8753-4f0597f0c60c has been successfully formatted.
2020-12-15 13:58:55,990 [pool-1031-thread-1] INFO  ratis.ContainerStateMachine (ContainerStateMachine.java:loadSnapshot(225)) - group-4F0597F0C60C: The snapshot info is null. Setting the last applied indexto:(t:0, i:~)
2020-12-15 13:58:55,990 [pool-1031-thread-1] INFO  server.RaftServerConfigKeys (ConfUtils.java:logGet(44)) - raft.server.notification.no-leader.timeout = 300s (custom)
2020-12-15 13:58:55,991 [EventQueue-PipelineReportForPipelineReportHandler] INFO  pipeline.PipelineStateManager (PipelineStateManager.java:openPipeline(132)) - Pipeline Pipeline[ Id: 24afae04-ca8c-4257-8753-4f0597f0c60c, Nodes: b41166ab-bd26-4895-adb6-dd063c55eea5{ip: 172.17.0.2, host: b0da2dc6b281, networkLocation: /default-rack, certSerialId: null, persistedOpState: IN_SERVICE, persistedOpStateExpiryEpochSec: 0}, Type:RATIS, Factor:ONE, State:ALLOCATED, leaderId:b41166ab-bd26-4895-adb6-dd063c55eea5, CreationTimestamp2020-12-15T13:58:52.988Z] moved to OPEN state
2020-12-15 13:58:55,991 [pool-1031-thread-1] INFO  server.RaftServerConfigKeys (ConfUtils.java:logGet(44)) - raft.server.log.use.memory = false (default)
2020-12-15 13:58:55,991 [EventQueue-PipelineReportForOneReplicaPipelineSafeModeRule] INFO  safemode.SCMSafeModeManager (SCMSafeModeManager.java:validateSafeModeExitRules(214)) - AtleastOneDatanodeReportedRule rule is successfully validated
2020-12-15 13:58:55,992 [EventQueue-OpenPipelineForHealthyPipelineSafeModeRule] INFO  safemode.SCMSafeModeManager (HealthyPipelineSafeModeRule.java:process(128)) - SCM in safe mode. Healthy pipelines reported count is 0, required healthy pipeline reported count is 1
2020-12-15 13:58:55,991 [pool-1031-thread-1] INFO  server.RaftServerConfigKeys (ConfUtils.java:logGet(44)) - raft.server.log.purge.gap = 1000000 (custom)
2020-12-15 13:58:55,992 [pool-1031-thread-1] INFO  metrics.RatisMetrics (RatisMetrics.java:lambda$create$0(36)) - Creating Metrics Registry : ratis.log_worker.b41166ab-bd26-4895-adb6-dd063c55eea5@group-4F0597F0C60C
2020-12-15 13:58:55,992 [pool-1031-thread-1] INFO  server.RaftServerConfigKeys (ConfUtils.java:logGet(44)) - raft.server.log.appender.buffer.byte-limit = 33554432 (custom)
2020-12-15 13:58:55,992 [pool-1031-thread-1] INFO  server.RaftServerConfigKeys (ConfUtils.java:logGet(44)) - raft.server.log.segment.size.max = 1048576 (custom)
2020-12-15 13:58:55,993 [pool-1031-thread-1] INFO  server.RaftServerConfigKeys (ConfUtils.java:logGet(44)) - raft.server.log.segment.cache.num.max = 2 (custom)
2020-12-15 13:58:55,993 [pool-1031-thread-1] INFO  segmented.SegmentedRaftLogWorker (SegmentedRaftLogWorker.java:<init>(180)) - new b41166ab-bd26-4895-adb6-dd063c55eea5@group-4F0597F0C60C-SegmentedRaftLogWorker for RaftStorage:Storage Directory /github/workspace/mnt/ozone/hadoop-ozone/integration-test/target/test-dir/MiniOzoneClusterImpl-933616a4-3ca4-434e-83a8-17d3c89ffd28/datanode-3/data/ratis/24afae04-ca8c-4257-8753-4f0597f0c60c
2020-12-15 13:58:55,993 [pool-1031-thread-1] INFO  server.RaftServerConfigKeys (ConfUtils.java:logGet(44)) - raft.server.log.queue.byte-limit = 2147483647 (custom)
2020-12-15 13:58:55,993 [pool-1031-thread-1] INFO  server.RaftServerConfigKeys (ConfUtils.java:logGet(44)) - raft.server.log.queue.element-limit = 1024 (custom)
2020-12-15 13:58:55,993 [pool-1031-thread-1] INFO  server.RaftServerConfigKeys (ConfUtils.java:logGet(44)) - raft.server.log.segment.size.max = 1048576 (custom)
2020-12-15 13:58:55,993 [pool-1031-thread-1] INFO  server.RaftServerConfigKeys (ConfUtils.java:logGet(44)) - raft.server.log.preallocated.size = 16384 (custom)
2020-12-15 13:58:55,993 [pool-1031-thread-1] INFO  server.RaftServerConfigKeys (ConfUtils.java:logGet(44)) - raft.server.log.write.buffer.size = 1048576 (custom)
2020-12-15 13:58:55,993 [pool-1031-thread-1] INFO  server.RaftServerConfigKeys (ConfUtils.java:logGet(44)) - raft.server.log.force.sync.num = 128 (default)
2020-12-15 13:58:55,994 [pool-1031-thread-1] INFO  server.RaftServerConfigKeys (ConfUtils.java:logGet(44)) - raft.server.log.statemachine.data.sync = true (default)
2020-12-15 13:58:55,994 [pool-1031-thread-1] INFO  server.RaftServerConfigKeys (ConfUtils.java:logGet(44)) - raft.server.log.statemachine.data.sync.timeout = 10s (default)
2020-12-15 13:58:55,994 [pool-1031-thread-1] INFO  server.RaftServerConfigKeys (ConfUtils.java:logGet(44)) - raft.server.log.statemachine.data.sync.timeout.retry = -1 (default)
2020-12-15 13:58:55,999 [pool-1031-thread-1] INFO  server.RaftServerConfigKeys (ConfUtils.java:logGet(44)) - raft.server.log.statemachine.data.caching.enabled = true (custom)
2020-12-15 13:58:55,999 [pool-1031-thread-1] INFO  segmented.SegmentedRaftLogWorker (SegmentedRaftLogWorker.java:lambda$new$0(129)) - b41166ab-bd26-4895-adb6-dd063c55eea5@group-4F0597F0C60C-SegmentedRaftLogWorker: flushIndex: setUnconditionally 0 -> -1
2020-12-15 13:58:55,999 [pool-1031-thread-1] INFO  segmented.SegmentedRaftLogWorker (SegmentedRaftLogWorker.java:lambda$new$0(129)) - b41166ab-bd26-4895-adb6-dd063c55eea5@group-4F0597F0C60C-SegmentedRaftLogWorker: safeCacheEvictIndex: setUnconditionally 0 -> -1
2020-12-15 13:58:56,000 [pool-1031-thread-1] INFO  server.RaftServerConfigKeys (ConfUtils.java:logGet(44)) - raft.server.snapshot.auto.trigger.enabled = true (custom)
2020-12-15 13:58:56,000 [pool-1031-thread-1] INFO  server.RaftServerConfigKeys (ConfUtils.java:logGet(44)) - raft.server.snapshot.auto.trigger.threshold = 10000 (custom)
2020-12-15 13:58:56,000 [pool-1031-thread-1] INFO  server.RaftServerConfigKeys (ConfUtils.java:logGet(44)) - raft.server.snapshot.retention.file.num = 5 (custom)
2020-12-15 13:58:56,001 [pool-1031-thread-1] INFO  server.RaftServerConfigKeys (ConfUtils.java:logGet(44)) - raft.server.log.purge.upto.snapshot.index = false (default)
2020-12-15 13:58:56,001 [pool-1031-thread-1] INFO  server.RaftServerConfigKeys (ConfUtils.java:logGet(44)) - raft.server.retrycache.expirytime = 600000ms (custom)
2020-12-15 13:58:56,001 [pool-1031-thread-1] INFO  metrics.RatisMetrics (RatisMetrics.java:lambda$create$0(36)) - Creating Metrics Registry : ratis.leader_election.b41166ab-bd26-4895-adb6-dd063c55eea5@group-4F0597F0C60C
2020-12-15 13:58:56,003 [pool-1031-thread-1] INFO  metrics.RatisMetrics (RatisMetrics.java:lambda$create$0(36)) - Creating Metrics Registry : ratis.server.b41166ab-bd26-4895-adb6-dd063c55eea5@group-4F0597F0C60C
2020-12-15 13:58:56,007 [pool-1031-thread-1] INFO  impl.RaftServerImpl (RaftServerImpl.java:start(215)) - b41166ab-bd26-4895-adb6-dd063c55eea5@group-4F0597F0C60C: start as a follower, conf=-1: [b41166ab-bd26-4895-adb6-dd063c55eea5|rpc:172.17.0.2:41813], old=null
2020-12-15 13:58:56,008 [pool-1031-thread-1] INFO  impl.RaftServerImpl (RaftServerImpl.java:setRole(204)) - b41166ab-bd26-4895-adb6-dd063c55eea5@group-4F0597F0C60C: changes role from      null to FOLLOWER at term 0 for startAsFollower
2020-12-15 13:58:56,008 [pool-1031-thread-1] INFO  impl.RoleInfo (RoleInfo.java:updateAndGet(143)) - b41166ab-bd26-4895-adb6-dd063c55eea5: start b41166ab-bd26-4895-adb6-dd063c55eea5@group-4F0597F0C60C-FollowerState
2020-12-15 13:58:56,008 [pool-1031-thread-1] INFO  util.JmxRegister (JmxRegister.java:tryRegister(44)) - Successfully registered JMX Bean with object name Ratis:service=RaftServer,group=group-4F0597F0C60C,id=b41166ab-bd26-4895-adb6-dd063c55eea5
2020-12-15 13:58:56,008 [pool-1031-thread-1] INFO  metrics.RatisMetrics (RatisMetrics.java:lambda$create$0(36)) - Creating Metrics Registry : ratis.state_machine.b41166ab-bd26-4895-adb6-dd063c55eea5@group-4F0597F0C60C
2020-12-15 13:58:56,009 [Command processor thread] INFO  commandhandler.CreatePipelineCommandHandler (CreatePipelineCommandHandler.java:handle(106)) - Created Pipeline RATIS ONE PipelineID=24afae04-ca8c-4257-8753-4f0597f0c60c.
2020-12-15 13:58:56,009 [Command processor thread] INFO  impl.RaftServerProxy (RaftServerProxy.java:addNew(93)) - b41166ab-bd26-4895-adb6-dd063c55eea5: addNew group-64C342B71FEB:[d8013a59-5613-4576-849f-406a4abab1ed|rpc:172.17.0.2:40939, b41166ab-bd26-4895-adb6-dd063c55eea5|rpc:172.17.0.2:41813, c106af50-bceb-418e-be22-e2669d442084|rpc:172.17.0.2:40637] returns group-64C342B71FEB:java.util.concurrent.CompletableFuture@75f37200[Not completed]
2020-12-15 13:58:56,010 [pool-1031-thread-1] INFO  impl.RaftServerImpl (RaftServerImpl.java:<init>(121)) - b41166ab-bd26-4895-adb6-dd063c55eea5: new RaftServerImpl for group-64C342B71FEB:[d8013a59-5613-4576-849f-406a4abab1ed|rpc:172.17.0.2:40939, b41166ab-bd26-4895-adb6-dd063c55eea5|rpc:172.17.0.2:41813, c106af50-bceb-418e-be22-e2669d442084|rpc:172.17.0.2:40637] with ContainerStateMachine:uninitialized
2020-12-15 13:58:56,010 [pool-1031-thread-1] INFO  server.RaftServerConfigKeys (ConfUtils.java:logGet(44)) - raft.server.rpc.timeout.min = 5s (custom)
2020-12-15 13:58:56,010 [pool-1031-thread-1] INFO  server.RaftServerConfigKeys (ConfUtils.java:logGet(44)) - raft.server.rpc.timeout.max = 5200ms (custom)
2020-12-15 13:58:56,010 [pool-1031-thread-1] INFO  server.RaftServerConfigKeys (ConfUtils.java:logGet(44)) - raft.server.rpc.slowness.timeout = 300s (custom)
2020-12-15 13:58:56,010 [pool-1031-thread-1] INFO  server.RaftServerConfigKeys (ConfUtils.java:logGet(44)) - raft.server.leaderelection.leader.step-down.wait-time = 10s (default)
2020-12-15 13:58:56,010 [pool-1031-thread-1] INFO  server.RaftServerConfigKeys (ConfUtils.java:logGet(44)) - raft.server.sleep.deviation.threshold = 300 (default)
2020-12-15 13:58:56,010 [pool-1031-thread-1] INFO  server.RaftServerConfigKeys (ConfUtils.java:logGet(44)) - raft.server.log.appender.install.snapshot.enabled = false (custom)
2020-12-15 13:58:56,010 [pool-1031-thread-1] INFO  impl.RaftServerImpl (ServerState.java:<init>(104)) - b41166ab-bd26-4895-adb6-dd063c55eea5@group-64C342B71FEB: ConfigurationManager, init=-1: [d8013a59-5613-4576-849f-406a4abab1ed|rpc:172.17.0.2:40939, b41166ab-bd26-4895-adb6-dd063c55eea5|rpc:172.17.0.2:41813, c106af50-bceb-418e-be22-e2669d442084|rpc:172.17.0.2:40637], old=null, confs=<EMPTY_MAP>
2020-12-15 13:58:56,010 [pool-1031-thread-1] INFO  server.RaftServerConfigKeys (ConfUtils.java:logGet(44)) - raft.server.storage.dir = [/github/workspace/mnt/ozone/hadoop-ozone/integration-test/target/test-dir/MiniOzoneClusterImpl-933616a4-3ca4-434e-83a8-17d3c89ffd28/datanode-3/data/ratis] (custom)
2020-12-15 13:58:56,010 [pool-1031-thread-1] INFO  server.RaftServerConfigKeys (ConfUtils.java:logGet(44)) - raft.server.log.corruption.policy = EXCEPTION (default)
2020-12-15 13:58:56,011 [pool-1031-thread-1] INFO  storage.RaftStorageDirectory (RaftStorageDirectory.java:analyzeStorage(261)) - The storage directory /github/workspace/mnt/ozone/hadoop-ozone/integration-test/target/test-dir/MiniOzoneClusterImpl-933616a4-3ca4-434e-83a8-17d3c89ffd28/datanode-3/data/ratis/05b9cbdf-45af-4197-b0f5-64c342b71feb does not exist. Creating ...
2020-12-15 13:58:56,012 [pool-1031-thread-1] INFO  storage.RaftStorageDirectory (RaftStorageDirectory.java:tryLock(343)) - Lock on /github/workspace/mnt/ozone/hadoop-ozone/integration-test/target/test-dir/MiniOzoneClusterImpl-933616a4-3ca4-434e-83a8-17d3c89ffd28/datanode-3/data/ratis/05b9cbdf-45af-4197-b0f5-64c342b71feb/in_use.lock acquired by nodename 27147@b0da2dc6b281
2020-12-15 13:58:56,013 [pool-1031-thread-1] INFO  storage.RaftStorage (RaftStorage.java:format(85)) - Storage directory /github/workspace/mnt/ozone/hadoop-ozone/integration-test/target/test-dir/MiniOzoneClusterImpl-933616a4-3ca4-434e-83a8-17d3c89ffd28/datanode-3/data/ratis/05b9cbdf-45af-4197-b0f5-64c342b71feb has been successfully formatted.
2020-12-15 13:58:56,013 [pool-1031-thread-1] INFO  ratis.ContainerStateMachine (ContainerStateMachine.java:loadSnapshot(225)) - group-64C342B71FEB: The snapshot info is null. Setting the last applied indexto:(t:0, i:~)
2020-12-15 13:58:56,013 [pool-1031-thread-1] INFO  server.RaftServerConfigKeys (ConfUtils.java:logGet(44)) - raft.server.notification.no-leader.timeout = 300s (custom)
2020-12-15 13:58:56,013 [pool-1031-thread-1] INFO  server.RaftServerConfigKeys (ConfUtils.java:logGet(44)) - raft.server.log.use.memory = false (default)
2020-12-15 13:58:56,013 [pool-1031-thread-1] INFO  server.RaftServerConfigKeys (ConfUtils.java:logGet(44)) - raft.server.log.purge.gap = 1000000 (custom)
2020-12-15 13:58:56,013 [pool-1031-thread-1] INFO  metrics.RatisMetrics (RatisMetrics.java:lambda$create$0(36)) - Creating Metrics Registry : ratis.log_worker.b41166ab-bd26-4895-adb6-dd063c55eea5@group-64C342B71FEB
2020-12-15 13:58:56,013 [pool-1031-thread-1] INFO  server.RaftServerConfigKeys (ConfUtils.java:logGet(44)) - raft.server.log.appender.buffer.byte-limit = 33554432 (custom)
2020-12-15 13:58:56,013 [pool-1031-thread-1] INFO  server.RaftServerConfigKeys (ConfUtils.java:logGet(44)) - raft.server.log.segment.size.max = 1048576 (custom)
2020-12-15 13:58:56,013 [EventQueue-PipelineReportForOneReplicaPipelineSafeModeRule] INFO  safemode.SCMSafeModeManager (SCMSafeModeManager.java:validateSafeModeExitRules(214)) - AtleastOneDatanodeReportedRule rule is successfully validated
2020-12-15 13:58:56,014 [EventQueue-OpenPipelineForHealthyPipelineSafeModeRule] INFO  safemode.SCMSafeModeManager (HealthyPipelineSafeModeRule.java:process(128)) - SCM in safe mode. Healthy pipelines reported count is 0, required healthy pipeline reported count is 1
2020-12-15 13:58:56,014 [pool-1031-thread-1] INFO  server.RaftServerConfigKeys (ConfUtils.java:logGet(44)) - raft.server.log.segment.cache.num.max = 2 (custom)
2020-12-15 13:58:56,014 [pool-1031-thread-1] INFO  segmented.SegmentedRaftLogWorker (SegmentedRaftLogWorker.java:<init>(180)) - new b41166ab-bd26-4895-adb6-dd063c55eea5@group-64C342B71FEB-SegmentedRaftLogWorker for RaftStorage:Storage Directory /github/workspace/mnt/ozone/hadoop-ozone/integration-test/target/test-dir/MiniOzoneClusterImpl-933616a4-3ca4-434e-83a8-17d3c89ffd28/datanode-3/data/ratis/05b9cbdf-45af-4197-b0f5-64c342b71feb
2020-12-15 13:58:56,014 [pool-1031-thread-1] INFO  server.RaftServerConfigKeys (ConfUtils.java:logGet(44)) - raft.server.log.queue.byte-limit = 2147483647 (custom)
2020-12-15 13:58:56,014 [pool-1031-thread-1] INFO  server.RaftServerConfigKeys (ConfUtils.java:logGet(44)) - raft.server.log.queue.element-limit = 1024 (custom)
2020-12-15 13:58:56,014 [pool-1031-thread-1] INFO  server.RaftServerConfigKeys (ConfUtils.java:logGet(44)) - raft.server.log.segment.size.max = 1048576 (custom)
2020-12-15 13:58:56,014 [pool-1031-thread-1] INFO  server.RaftServerConfigKeys (ConfUtils.java:logGet(44)) - raft.server.log.preallocated.size = 16384 (custom)
2020-12-15 13:58:56,014 [pool-1031-thread-1] INFO  server.RaftServerConfigKeys (ConfUtils.java:logGet(44)) - raft.server.log.write.buffer.size = 1048576 (custom)
2020-12-15 13:58:56,014 [pool-1031-thread-1] INFO  server.RaftServerConfigKeys (ConfUtils.java:logGet(44)) - raft.server.log.force.sync.num = 128 (default)
2020-12-15 13:58:56,014 [pool-1031-thread-1] INFO  server.RaftServerConfigKeys (ConfUtils.java:logGet(44)) - raft.server.log.statemachine.data.sync = true (default)
2020-12-15 13:58:56,015 [pool-1031-thread-1] INFO  server.RaftServerConfigKeys (ConfUtils.java:logGet(44)) - raft.server.log.statemachine.data.sync.timeout = 10s (default)
2020-12-15 13:58:56,015 [pool-1031-thread-1] INFO  server.RaftServerConfigKeys (ConfUtils.java:logGet(44)) - raft.server.log.statemachine.data.sync.timeout.retry = -1 (default)
2020-12-15 13:58:56,017 [pool-1031-thread-1] INFO  server.RaftServerConfigKeys (ConfUtils.java:logGet(44)) - raft.server.log.statemachine.data.caching.enabled = true (custom)
2020-12-15 13:58:56,017 [pool-1031-thread-1] INFO  segmented.SegmentedRaftLogWorker (SegmentedRaftLogWorker.java:lambda$new$0(129)) - b41166ab-bd26-4895-adb6-dd063c55eea5@group-64C342B71FEB-SegmentedRaftLogWorker: flushIndex: setUnconditionally 0 -> -1
2020-12-15 13:58:56,017 [pool-1031-thread-1] INFO  segmented.SegmentedRaftLogWorker (SegmentedRaftLogWorker.java:lambda$new$0(129)) - b41166ab-bd26-4895-adb6-dd063c55eea5@group-64C342B71FEB-SegmentedRaftLogWorker: safeCacheEvictIndex: setUnconditionally 0 -> -1
2020-12-15 13:58:56,017 [pool-1031-thread-1] INFO  server.RaftServerConfigKeys (ConfUtils.java:logGet(44)) - raft.server.snapshot.auto.trigger.enabled = true (custom)
2020-12-15 13:58:56,018 [pool-1031-thread-1] INFO  server.RaftServerConfigKeys (ConfUtils.java:logGet(44)) - raft.server.snapshot.auto.trigger.threshold = 10000 (custom)
2020-12-15 13:58:56,018 [pool-1031-thread-1] INFO  server.RaftServerConfigKeys (ConfUtils.java:logGet(44)) - raft.server.snapshot.retention.file.num = 5 (custom)
2020-12-15 13:58:56,018 [pool-1031-thread-1] INFO  server.RaftServerConfigKeys (ConfUtils.java:logGet(44)) - raft.server.log.purge.upto.snapshot.index = false (default)
2020-12-15 13:58:56,018 [pool-1031-thread-1] INFO  server.RaftServerConfigKeys (ConfUtils.java:logGet(44)) - raft.server.retrycache.expirytime = 600000ms (custom)
2020-12-15 13:58:56,018 [pool-1031-thread-1] INFO  metrics.RatisMetrics (RatisMetrics.java:lambda$create$0(36)) - Creating Metrics Registry : ratis.leader_election.b41166ab-bd26-4895-adb6-dd063c55eea5@group-64C342B71FEB
2020-12-15 13:58:56,018 [pool-1031-thread-1] INFO  metrics.RatisMetrics (RatisMetrics.java:lambda$create$0(36)) - Creating Metrics Registry : ratis.server.b41166ab-bd26-4895-adb6-dd063c55eea5@group-64C342B71FEB
2020-12-15 13:58:56,020 [pool-1031-thread-1] INFO  impl.RaftServerImpl (RaftServerImpl.java:start(215)) - b41166ab-bd26-4895-adb6-dd063c55eea5@group-64C342B71FEB: start as a follower, conf=-1: [d8013a59-5613-4576-849f-406a4abab1ed|rpc:172.17.0.2:40939, b41166ab-bd26-4895-adb6-dd063c55eea5|rpc:172.17.0.2:41813, c106af50-bceb-418e-be22-e2669d442084|rpc:172.17.0.2:40637], old=null
2020-12-15 13:58:56,020 [pool-1031-thread-1] INFO  impl.RaftServerImpl (RaftServerImpl.java:setRole(204)) - b41166ab-bd26-4895-adb6-dd063c55eea5@group-64C342B71FEB: changes role from      null to FOLLOWER at term 0 for startAsFollower
2020-12-15 13:58:56,020 [pool-1031-thread-1] INFO  impl.RoleInfo (RoleInfo.java:updateAndGet(143)) - b41166ab-bd26-4895-adb6-dd063c55eea5: start b41166ab-bd26-4895-adb6-dd063c55eea5@group-64C342B71FEB-FollowerState
2020-12-15 13:58:56,020 [pool-1031-thread-1] INFO  util.JmxRegister (JmxRegister.java:tryRegister(44)) - Successfully registered JMX Bean with object name Ratis:service=RaftServer,group=group-64C342B71FEB,id=b41166ab-bd26-4895-adb6-dd063c55eea5
2020-12-15 13:58:56,020 [pool-1031-thread-1] INFO  metrics.RatisMetrics (RatisMetrics.java:lambda$create$0(36)) - Creating Metrics Registry : ratis.state_machine.b41166ab-bd26-4895-adb6-dd063c55eea5@group-64C342B71FEB
2020-12-15 13:58:56,022 [Command processor thread] INFO  metrics.RatisMetrics (RatisMetrics.java:lambda$create$0(36)) - Creating Metrics Registry : ratis.client_message_metrics.client-7F999612E068->c106af50-bceb-418e-be22-e2669d442084
2020-12-15 13:58:56,027 [grpc-default-executor-5] INFO  metrics.RatisMetrics (RatisMetrics.java:lambda$create$0(36)) - Creating Metrics Registry : ratis.server_message_metrics.c106af50-bceb-418e-be22-e2669d442084
2020-12-15 13:58:56,029 [grpc-default-executor-5] INFO  impl.RaftServerProxy (RaftServerProxy.java:addNew(93)) - c106af50-bceb-418e-be22-e2669d442084: addNew group-64C342B71FEB:[d8013a59-5613-4576-849f-406a4abab1ed|rpc:172.17.0.2:40939|dataStream:, b41166ab-bd26-4895-adb6-dd063c55eea5|rpc:172.17.0.2:41813|dataStream:, c106af50-bceb-418e-be22-e2669d442084|rpc:172.17.0.2:40637|dataStream:] returns group-64C342B71FEB:java.util.concurrent.CompletableFuture@6ee9e3d4[Not completed]
2020-12-15 13:58:56,029 [pool-1047-thread-1] INFO  impl.RaftServerImpl (RaftServerImpl.java:<init>(121)) - c106af50-bceb-418e-be22-e2669d442084: new RaftServerImpl for group-64C342B71FEB:[d8013a59-5613-4576-849f-406a4abab1ed|rpc:172.17.0.2:40939|dataStream:, b41166ab-bd26-4895-adb6-dd063c55eea5|rpc:172.17.0.2:41813|dataStream:, c106af50-bceb-418e-be22-e2669d442084|rpc:172.17.0.2:40637|dataStream:] with ContainerStateMachine:uninitialized
2020-12-15 13:58:56,030 [pool-1047-thread-1] INFO  server.RaftServerConfigKeys (ConfUtils.java:logGet(44)) - raft.server.rpc.timeout.min = 5s (custom)
2020-12-15 13:58:56,030 [pool-1047-thread-1] INFO  server.RaftServerConfigKeys (ConfUtils.java:logGet(44)) - raft.server.rpc.timeout.max = 5200ms (custom)
2020-12-15 13:58:56,030 [pool-1047-thread-1] INFO  server.RaftServerConfigKeys (ConfUtils.java:logGet(44)) - raft.server.rpc.slowness.timeout = 300s (custom)
2020-12-15 13:58:56,030 [pool-1047-thread-1] INFO  server.RaftServerConfigKeys (ConfUtils.java:logGet(44)) - raft.server.leaderelection.leader.step-down.wait-time = 10s (default)
2020-12-15 13:58:56,030 [pool-1047-thread-1] INFO  server.RaftServerConfigKeys (ConfUtils.java:logGet(44)) - raft.server.sleep.deviation.threshold = 300 (default)
2020-12-15 13:58:56,030 [pool-1047-thread-1] INFO  server.RaftServerConfigKeys (ConfUtils.java:logGet(44)) - raft.server.log.appender.install.snapshot.enabled = false (custom)
2020-12-15 13:58:56,030 [pool-1047-thread-1] INFO  impl.RaftServerImpl (ServerState.java:<init>(104)) - c106af50-bceb-418e-be22-e2669d442084@group-64C342B71FEB: ConfigurationManager, init=-1: [d8013a59-5613-4576-849f-406a4abab1ed|rpc:172.17.0.2:40939|dataStream:, b41166ab-bd26-4895-adb6-dd063c55eea5|rpc:172.17.0.2:41813|dataStream:, c106af50-bceb-418e-be22-e2669d442084|rpc:172.17.0.2:40637|dataStream:], old=null, confs=<EMPTY_MAP>
2020-12-15 13:58:56,030 [pool-1047-thread-1] INFO  server.RaftServerConfigKeys (ConfUtils.java:logGet(44)) - raft.server.storage.dir = [/github/workspace/mnt/ozone/hadoop-ozone/integration-test/target/test-dir/MiniOzoneClusterImpl-933616a4-3ca4-434e-83a8-17d3c89ffd28/datanode-4/data/ratis] (custom)
2020-12-15 13:58:56,030 [pool-1047-thread-1] INFO  server.RaftServerConfigKeys (ConfUtils.java:logGet(44)) - raft.server.log.corruption.policy = EXCEPTION (default)
2020-12-15 13:58:56,030 [pool-1047-thread-1] INFO  storage.RaftStorageDirectory (RaftStorageDirectory.java:analyzeStorage(261)) - The storage directory /github/workspace/mnt/ozone/hadoop-ozone/integration-test/target/test-dir/MiniOzoneClusterImpl-933616a4-3ca4-434e-83a8-17d3c89ffd28/datanode-4/data/ratis/05b9cbdf-45af-4197-b0f5-64c342b71feb does not exist. Creating ...
2020-12-15 13:58:56,031 [pool-1047-thread-1] INFO  storage.RaftStorageDirectory (RaftStorageDirectory.java:tryLock(343)) - Lock on /github/workspace/mnt/ozone/hadoop-ozone/integration-test/target/test-dir/MiniOzoneClusterImpl-933616a4-3ca4-434e-83a8-17d3c89ffd28/datanode-4/data/ratis/05b9cbdf-45af-4197-b0f5-64c342b71feb/in_use.lock acquired by nodename 27147@b0da2dc6b281
2020-12-15 13:58:56,032 [pool-1047-thread-1] INFO  storage.RaftStorage (RaftStorage.java:format(85)) - Storage directory /github/workspace/mnt/ozone/hadoop-ozone/integration-test/target/test-dir/MiniOzoneClusterImpl-933616a4-3ca4-434e-83a8-17d3c89ffd28/datanode-4/data/ratis/05b9cbdf-45af-4197-b0f5-64c342b71feb has been successfully formatted.
2020-12-15 13:58:56,033 [pool-1047-thread-1] INFO  ratis.ContainerStateMachine (ContainerStateMachine.java:loadSnapshot(225)) - group-64C342B71FEB: The snapshot info is null. Setting the last applied indexto:(t:0, i:~)
2020-12-15 13:58:56,033 [pool-1047-thread-1] INFO  server.RaftServerConfigKeys (ConfUtils.java:logGet(44)) - raft.server.notification.no-leader.timeout = 300s (custom)
2020-12-15 13:58:56,033 [pool-1047-thread-1] INFO  server.RaftServerConfigKeys (ConfUtils.java:logGet(44)) - raft.server.log.use.memory = false (default)
2020-12-15 13:58:56,033 [pool-1047-thread-1] INFO  server.RaftServerConfigKeys (ConfUtils.java:logGet(44)) - raft.server.log.purge.gap = 1000000 (custom)
2020-12-15 13:58:56,033 [pool-1047-thread-1] INFO  metrics.RatisMetrics (RatisMetrics.java:lambda$create$0(36)) - Creating Metrics Registry : ratis.log_worker.c106af50-bceb-418e-be22-e2669d442084@group-64C342B71FEB
2020-12-15 13:58:56,033 [EventQueue-PipelineReportForOneReplicaPipelineSafeModeRule] INFO  safemode.SCMSafeModeManager (SCMSafeModeManager.java:validateSafeModeExitRules(214)) - AtleastOneDatanodeReportedRule rule is successfully validated
2020-12-15 13:58:56,033 [pool-1047-thread-1] INFO  server.RaftServerConfigKeys (ConfUtils.java:logGet(44)) - raft.server.log.appender.buffer.byte-limit = 33554432 (custom)
2020-12-15 13:58:56,034 [pool-1047-thread-1] INFO  server.RaftServerConfigKeys (ConfUtils.java:logGet(44)) - raft.server.log.segment.size.max = 1048576 (custom)
2020-12-15 13:58:56,034 [pool-1047-thread-1] INFO  server.RaftServerConfigKeys (ConfUtils.java:logGet(44)) - raft.server.log.segment.cache.num.max = 2 (custom)
2020-12-15 13:58:56,034 [pool-1047-thread-1] INFO  segmented.SegmentedRaftLogWorker (SegmentedRaftLogWorker.java:<init>(180)) - new c106af50-bceb-418e-be22-e2669d442084@group-64C342B71FEB-SegmentedRaftLogWorker for RaftStorage:Storage Directory /github/workspace/mnt/ozone/hadoop-ozone/integration-test/target/test-dir/MiniOzoneClusterImpl-933616a4-3ca4-434e-83a8-17d3c89ffd28/datanode-4/data/ratis/05b9cbdf-45af-4197-b0f5-64c342b71feb
2020-12-15 13:58:56,034 [pool-1047-thread-1] INFO  server.RaftServerConfigKeys (ConfUtils.java:logGet(44)) - raft.server.log.queue.byte-limit = 2147483647 (custom)
2020-12-15 13:58:56,034 [pool-1047-thread-1] INFO  server.RaftServerConfigKeys (ConfUtils.java:logGet(44)) - raft.server.log.queue.element-limit = 1024 (custom)
2020-12-15 13:58:56,035 [pool-1047-thread-1] INFO  server.RaftServerConfigKeys (ConfUtils.java:logGet(44)) - raft.server.log.segment.size.max = 1048576 (custom)
2020-12-15 13:58:56,035 [pool-1047-thread-1] INFO  server.RaftServerConfigKeys (ConfUtils.java:logGet(44)) - raft.server.log.preallocated.size = 16384 (custom)
2020-12-15 13:58:56,035 [pool-1047-thread-1] INFO  server.RaftServerConfigKeys (ConfUtils.java:logGet(44)) - raft.server.log.write.buffer.size = 1048576 (custom)
2020-12-15 13:58:56,035 [pool-1047-thread-1] INFO  server.RaftServerConfigKeys (ConfUtils.java:logGet(44)) - raft.server.log.force.sync.num = 128 (default)
2020-12-15 13:58:56,035 [pool-1047-thread-1] INFO  server.RaftServerConfigKeys (ConfUtils.java:logGet(44)) - raft.server.log.statemachine.data.sync = true (default)
2020-12-15 13:58:56,035 [pool-1047-thread-1] INFO  server.RaftServerConfigKeys (ConfUtils.java:logGet(44)) - raft.server.log.statemachine.data.sync.timeout = 10s (default)
2020-12-15 13:58:56,035 [pool-1047-thread-1] INFO  server.RaftServerConfigKeys (ConfUtils.java:logGet(44)) - raft.server.log.statemachine.data.sync.timeout.retry = -1 (default)
2020-12-15 13:58:56,037 [pool-1047-thread-1] INFO  server.RaftServerConfigKeys (ConfUtils.java:logGet(44)) - raft.server.log.statemachine.data.caching.enabled = true (custom)
2020-12-15 13:58:56,037 [pool-1047-thread-1] INFO  segmented.SegmentedRaftLogWorker (SegmentedRaftLogWorker.java:lambda$new$0(129)) - c106af50-bceb-418e-be22-e2669d442084@group-64C342B71FEB-SegmentedRaftLogWorker: flushIndex: setUnconditionally 0 -> -1
2020-12-15 13:58:56,038 [pool-1047-thread-1] INFO  segmented.SegmentedRaftLogWorker (SegmentedRaftLogWorker.java:lambda$new$0(129)) - c106af50-bceb-418e-be22-e2669d442084@group-64C342B71FEB-SegmentedRaftLogWorker: safeCacheEvictIndex: setUnconditionally 0 -> -1
2020-12-15 13:58:56,038 [pool-1047-thread-1] INFO  server.RaftServerConfigKeys (ConfUtils.java:logGet(44)) - raft.server.snapshot.auto.trigger.enabled = true (custom)
2020-12-15 13:58:56,038 [pool-1047-thread-1] INFO  server.RaftServerConfigKeys (ConfUtils.java:logGet(44)) - raft.server.snapshot.auto.trigger.threshold = 10000 (custom)
2020-12-15 13:58:56,038 [pool-1047-thread-1] INFO  server.RaftServerConfigKeys (ConfUtils.java:logGet(44)) - raft.server.snapshot.retention.file.num = 5 (custom)
2020-12-15 13:58:56,038 [pool-1047-thread-1] INFO  server.RaftServerConfigKeys (ConfUtils.java:logGet(44)) - raft.server.log.purge.upto.snapshot.index = false (default)
2020-12-15 13:58:56,038 [pool-1047-thread-1] INFO  server.RaftServerConfigKeys (ConfUtils.java:logGet(44)) - raft.server.retrycache.expirytime = 600000ms (custom)
2020-12-15 13:58:56,038 [pool-1047-thread-1] INFO  metrics.RatisMetrics (RatisMetrics.java:lambda$create$0(36)) - Creating Metrics Registry : ratis.leader_election.c106af50-bceb-418e-be22-e2669d442084@group-64C342B71FEB
2020-12-15 13:58:56,039 [pool-1047-thread-1] INFO  metrics.RatisMetrics (RatisMetrics.java:lambda$create$0(36)) - Creating Metrics Registry : ratis.server.c106af50-bceb-418e-be22-e2669d442084@group-64C342B71FEB
2020-12-15 13:58:56,040 [pool-1047-thread-1] INFO  impl.RaftServerImpl (RaftServerImpl.java:start(215)) - c106af50-bceb-418e-be22-e2669d442084@group-64C342B71FEB: start as a follower, conf=-1: [d8013a59-5613-4576-849f-406a4abab1ed|rpc:172.17.0.2:40939|dataStream:, b41166ab-bd26-4895-adb6-dd063c55eea5|rpc:172.17.0.2:41813|dataStream:, c106af50-bceb-418e-be22-e2669d442084|rpc:172.17.0.2:40637|dataStream:], old=null
2020-12-15 13:58:56,040 [pool-1047-thread-1] INFO  impl.RaftServerImpl (RaftServerImpl.java:setRole(204)) - c106af50-bceb-418e-be22-e2669d442084@group-64C342B71FEB: changes role from      null to FOLLOWER at term 0 for startAsFollower
2020-12-15 13:58:56,040 [pool-1047-thread-1] INFO  impl.RoleInfo (RoleInfo.java:updateAndGet(143)) - c106af50-bceb-418e-be22-e2669d442084: start c106af50-bceb-418e-be22-e2669d442084@group-64C342B71FEB-FollowerState
2020-12-15 13:58:56,041 [pool-1047-thread-1] INFO  util.JmxRegister (JmxRegister.java:tryRegister(44)) - Successfully registered JMX Bean with object name Ratis:service=RaftServer,group=group-64C342B71FEB,id=c106af50-bceb-418e-be22-e2669d442084
2020-12-15 13:58:56,041 [pool-1047-thread-1] INFO  metrics.RatisMetrics (RatisMetrics.java:lambda$create$0(36)) - Creating Metrics Registry : ratis.state_machine.c106af50-bceb-418e-be22-e2669d442084@group-64C342B71FEB
2020-12-15 13:58:56,049 [Command processor thread] INFO  metrics.RatisMetrics (RatisMetrics.java:lambda$create$0(36)) - Creating Metrics Registry : ratis.client_message_metrics.client-0A27980508F5->d8013a59-5613-4576-849f-406a4abab1ed
2020-12-15 13:58:56,053 [grpc-default-executor-5] INFO  metrics.RatisMetrics (RatisMetrics.java:lambda$create$0(36)) - Creating Metrics Registry : ratis.server_message_metrics.d8013a59-5613-4576-849f-406a4abab1ed
2020-12-15 13:58:56,055 [grpc-default-executor-5] INFO  impl.RaftServerProxy (RaftServerProxy.java:addNew(93)) - d8013a59-5613-4576-849f-406a4abab1ed: addNew group-64C342B71FEB:[d8013a59-5613-4576-849f-406a4abab1ed|rpc:172.17.0.2:40939|dataStream:, b41166ab-bd26-4895-adb6-dd063c55eea5|rpc:172.17.0.2:41813|dataStream:, c106af50-bceb-418e-be22-e2669d442084|rpc:172.17.0.2:40637|dataStream:] returns group-64C342B71FEB:java.util.concurrent.CompletableFuture@7b193458[Not completed]
2020-12-15 13:58:56,056 [pool-1063-thread-1] INFO  impl.RaftServerImpl (RaftServerImpl.java:<init>(121)) - d8013a59-5613-4576-849f-406a4abab1ed: new RaftServerImpl for group-64C342B71FEB:[d8013a59-5613-4576-849f-406a4abab1ed|rpc:172.17.0.2:40939|dataStream:, b41166ab-bd26-4895-adb6-dd063c55eea5|rpc:172.17.0.2:41813|dataStream:, c106af50-bceb-418e-be22-e2669d442084|rpc:172.17.0.2:40637|dataStream:] with ContainerStateMachine:uninitialized
2020-12-15 13:58:56,056 [pool-1063-thread-1] INFO  server.RaftServerConfigKeys (ConfUtils.java:logGet(44)) - raft.server.rpc.timeout.min = 5s (custom)
2020-12-15 13:58:56,056 [pool-1063-thread-1] INFO  server.RaftServerConfigKeys (ConfUtils.java:logGet(44)) - raft.server.rpc.timeout.max = 5200ms (custom)
2020-12-15 13:58:56,056 [pool-1063-thread-1] INFO  server.RaftServerConfigKeys (ConfUtils.java:logGet(44)) - raft.server.rpc.slowness.timeout = 300s (custom)
2020-12-15 13:58:56,056 [pool-1063-thread-1] INFO  server.RaftServerConfigKeys (ConfUtils.java:logGet(44)) - raft.server.leaderelection.leader.step-down.wait-time = 10s (default)
2020-12-15 13:58:56,056 [pool-1063-thread-1] INFO  server.RaftServerConfigKeys (ConfUtils.java:logGet(44)) - raft.server.sleep.deviation.threshold = 300 (default)
2020-12-15 13:58:56,056 [pool-1063-thread-1] INFO  server.RaftServerConfigKeys (ConfUtils.java:logGet(44)) - raft.server.log.appender.install.snapshot.enabled = false (custom)
2020-12-15 13:58:56,056 [pool-1063-thread-1] INFO  impl.RaftServerImpl (ServerState.java:<init>(104)) - d8013a59-5613-4576-849f-406a4abab1ed@group-64C342B71FEB: ConfigurationManager, init=-1: [d8013a59-5613-4576-849f-406a4abab1ed|rpc:172.17.0.2:40939|dataStream:, b41166ab-bd26-4895-adb6-dd063c55eea5|rpc:172.17.0.2:41813|dataStream:, c106af50-bceb-418e-be22-e2669d442084|rpc:172.17.0.2:40637|dataStream:], old=null, confs=<EMPTY_MAP>
2020-12-15 13:58:56,056 [pool-1063-thread-1] INFO  server.RaftServerConfigKeys (ConfUtils.java:logGet(44)) - raft.server.storage.dir = [/github/workspace/mnt/ozone/hadoop-ozone/integration-test/target/test-dir/MiniOzoneClusterImpl-933616a4-3ca4-434e-83a8-17d3c89ffd28/datanode-5/data/ratis] (custom)
2020-12-15 13:58:56,057 [pool-1063-thread-1] INFO  server.RaftServerConfigKeys (ConfUtils.java:logGet(44)) - raft.server.log.corruption.policy = EXCEPTION (default)
2020-12-15 13:58:56,057 [pool-1063-thread-1] INFO  storage.RaftStorageDirectory (RaftStorageDirectory.java:analyzeStorage(261)) - The storage directory /github/workspace/mnt/ozone/hadoop-ozone/integration-test/target/test-dir/MiniOzoneClusterImpl-933616a4-3ca4-434e-83a8-17d3c89ffd28/datanode-5/data/ratis/05b9cbdf-45af-4197-b0f5-64c342b71feb does not exist. Creating ...
2020-12-15 13:58:56,058 [pool-1063-thread-1] INFO  storage.RaftStorageDirectory (RaftStorageDirectory.java:tryLock(343)) - Lock on /github/workspace/mnt/ozone/hadoop-ozone/integration-test/target/test-dir/MiniOzoneClusterImpl-933616a4-3ca4-434e-83a8-17d3c89ffd28/datanode-5/data/ratis/05b9cbdf-45af-4197-b0f5-64c342b71feb/in_use.lock acquired by nodename 27147@b0da2dc6b281
2020-12-15 13:58:56,058 [pool-1063-thread-1] INFO  storage.RaftStorage (RaftStorage.java:format(85)) - Storage directory /github/workspace/mnt/ozone/hadoop-ozone/integration-test/target/test-dir/MiniOzoneClusterImpl-933616a4-3ca4-434e-83a8-17d3c89ffd28/datanode-5/data/ratis/05b9cbdf-45af-4197-b0f5-64c342b71feb has been successfully formatted.
2020-12-15 13:58:56,059 [pool-1063-thread-1] INFO  ratis.ContainerStateMachine (ContainerStateMachine.java:loadSnapshot(225)) - group-64C342B71FEB: The snapshot info is null. Setting the last applied indexto:(t:0, i:~)
2020-12-15 13:58:56,059 [pool-1063-thread-1] INFO  server.RaftServerConfigKeys (ConfUtils.java:logGet(44)) - raft.server.notification.no-leader.timeout = 300s (custom)
2020-12-15 13:58:56,059 [pool-1063-thread-1] INFO  server.RaftServerConfigKeys (ConfUtils.java:logGet(44)) - raft.server.log.use.memory = false (default)
2020-12-15 13:58:56,059 [pool-1063-thread-1] INFO  server.RaftServerConfigKeys (ConfUtils.java:logGet(44)) - raft.server.log.purge.gap = 1000000 (custom)
2020-12-15 13:58:56,059 [pool-1063-thread-1] INFO  metrics.RatisMetrics (RatisMetrics.java:lambda$create$0(36)) - Creating Metrics Registry : ratis.log_worker.d8013a59-5613-4576-849f-406a4abab1ed@group-64C342B71FEB
2020-12-15 13:58:56,059 [pool-1063-thread-1] INFO  server.RaftServerConfigKeys (ConfUtils.java:logGet(44)) - raft.server.log.appender.buffer.byte-limit = 33554432 (custom)
2020-12-15 13:58:56,059 [pool-1063-thread-1] INFO  server.RaftServerConfigKeys (ConfUtils.java:logGet(44)) - raft.server.log.segment.size.max = 1048576 (custom)
2020-12-15 13:58:56,059 [EventQueue-PipelineReportForOneReplicaPipelineSafeModeRule] INFO  safemode.SCMSafeModeManager (SCMSafeModeManager.java:validateSafeModeExitRules(214)) - AtleastOneDatanodeReportedRule rule is successfully validated
2020-12-15 13:58:56,060 [pool-1063-thread-1] INFO  server.RaftServerConfigKeys (ConfUtils.java:logGet(44)) - raft.server.log.segment.cache.num.max = 2 (custom)
2020-12-15 13:58:56,060 [pool-1063-thread-1] INFO  segmented.SegmentedRaftLogWorker (SegmentedRaftLogWorker.java:<init>(180)) - new d8013a59-5613-4576-849f-406a4abab1ed@group-64C342B71FEB-SegmentedRaftLogWorker for RaftStorage:Storage Directory /github/workspace/mnt/ozone/hadoop-ozone/integration-test/target/test-dir/MiniOzoneClusterImpl-933616a4-3ca4-434e-83a8-17d3c89ffd28/datanode-5/data/ratis/05b9cbdf-45af-4197-b0f5-64c342b71feb
2020-12-15 13:58:56,060 [pool-1063-thread-1] INFO  server.RaftServerConfigKeys (ConfUtils.java:logGet(44)) - raft.server.log.queue.byte-limit = 2147483647 (custom)
2020-12-15 13:58:56,060 [pool-1063-thread-1] INFO  server.RaftServerConfigKeys (ConfUtils.java:logGet(44)) - raft.server.log.queue.element-limit = 1024 (custom)
2020-12-15 13:58:56,060 [pool-1063-thread-1] INFO  server.RaftServerConfigKeys (ConfUtils.java:logGet(44)) - raft.server.log.segment.size.max = 1048576 (custom)
2020-12-15 13:58:56,060 [pool-1063-thread-1] INFO  server.RaftServerConfigKeys (ConfUtils.java:logGet(44)) - raft.server.log.preallocated.size = 16384 (custom)
2020-12-15 13:58:56,060 [pool-1063-thread-1] INFO  server.RaftServerConfigKeys (ConfUtils.java:logGet(44)) - raft.server.log.write.buffer.size = 1048576 (custom)
2020-12-15 13:58:56,061 [pool-1063-thread-1] INFO  server.RaftServerConfigKeys (ConfUtils.java:logGet(44)) - raft.server.log.force.sync.num = 128 (default)
2020-12-15 13:58:56,061 [pool-1063-thread-1] INFO  server.RaftServerConfigKeys (ConfUtils.java:logGet(44)) - raft.server.log.statemachine.data.sync = true (default)
2020-12-15 13:58:56,061 [pool-1063-thread-1] INFO  server.RaftServerConfigKeys (ConfUtils.java:logGet(44)) - raft.server.log.statemachine.data.sync.timeout = 10s (default)
2020-12-15 13:58:56,061 [pool-1063-thread-1] INFO  server.RaftServerConfigKeys (ConfUtils.java:logGet(44)) - raft.server.log.statemachine.data.sync.timeout.retry = -1 (default)
2020-12-15 13:58:56,063 [pool-1063-thread-1] INFO  server.RaftServerConfigKeys (ConfUtils.java:logGet(44)) - raft.server.log.statemachine.data.caching.enabled = true (custom)
2020-12-15 13:58:56,063 [pool-1063-thread-1] INFO  segmented.SegmentedRaftLogWorker (SegmentedRaftLogWorker.java:lambda$new$0(129)) - d8013a59-5613-4576-849f-406a4abab1ed@group-64C342B71FEB-SegmentedRaftLogWorker: flushIndex: setUnconditionally 0 -> -1
2020-12-15 13:58:56,063 [pool-1063-thread-1] INFO  segmented.SegmentedRaftLogWorker (SegmentedRaftLogWorker.java:lambda$new$0(129)) - d8013a59-5613-4576-849f-406a4abab1ed@group-64C342B71FEB-SegmentedRaftLogWorker: safeCacheEvictIndex: setUnconditionally 0 -> -1
2020-12-15 13:58:56,063 [pool-1063-thread-1] INFO  server.RaftServerConfigKeys (ConfUtils.java:logGet(44)) - raft.server.snapshot.auto.trigger.enabled = true (custom)
2020-12-15 13:58:56,063 [pool-1063-thread-1] INFO  server.RaftServerConfigKeys (ConfUtils.java:logGet(44)) - raft.server.snapshot.auto.trigger.threshold = 10000 (custom)
2020-12-15 13:58:56,063 [pool-1063-thread-1] INFO  server.RaftServerConfigKeys (ConfUtils.java:logGet(44)) - raft.server.snapshot.retention.file.num = 5 (custom)
2020-12-15 13:58:56,063 [pool-1063-thread-1] INFO  server.RaftServerConfigKeys (ConfUtils.java:logGet(44)) - raft.server.log.purge.upto.snapshot.index = false (default)
2020-12-15 13:58:56,063 [pool-1063-thread-1] INFO  server.RaftServerConfigKeys (ConfUtils.java:logGet(44)) - raft.server.retrycache.expirytime = 600000ms (custom)
2020-12-15 13:58:56,063 [pool-1063-thread-1] INFO  metrics.RatisMetrics (RatisMetrics.java:lambda$create$0(36)) - Creating Metrics Registry : ratis.leader_election.d8013a59-5613-4576-849f-406a4abab1ed@group-64C342B71FEB
2020-12-15 13:58:56,064 [pool-1063-thread-1] INFO  metrics.RatisMetrics (RatisMetrics.java:lambda$create$0(36)) - Creating Metrics Registry : ratis.server.d8013a59-5613-4576-849f-406a4abab1ed@group-64C342B71FEB
2020-12-15 13:58:56,066 [pool-1063-thread-1] INFO  impl.RaftServerImpl (RaftServerImpl.java:start(215)) - d8013a59-5613-4576-849f-406a4abab1ed@group-64C342B71FEB: start as a follower, conf=-1: [d8013a59-5613-4576-849f-406a4abab1ed|rpc:172.17.0.2:40939|dataStream:, b41166ab-bd26-4895-adb6-dd063c55eea5|rpc:172.17.0.2:41813|dataStream:, c106af50-bceb-418e-be22-e2669d442084|rpc:172.17.0.2:40637|dataStream:], old=null
2020-12-15 13:58:56,066 [pool-1063-thread-1] INFO  impl.RaftServerImpl (RaftServerImpl.java:setRole(204)) - d8013a59-5613-4576-849f-406a4abab1ed@group-64C342B71FEB: changes role from      null to FOLLOWER at term 0 for startAsFollower
2020-12-15 13:58:56,066 [pool-1063-thread-1] INFO  impl.RoleInfo (RoleInfo.java:updateAndGet(143)) - d8013a59-5613-4576-849f-406a4abab1ed: start d8013a59-5613-4576-849f-406a4abab1ed@group-64C342B71FEB-FollowerState
2020-12-15 13:58:56,066 [pool-1063-thread-1] INFO  util.JmxRegister (JmxRegister.java:tryRegister(44)) - Successfully registered JMX Bean with object name Ratis:service=RaftServer,group=group-64C342B71FEB,id=d8013a59-5613-4576-849f-406a4abab1ed
2020-12-15 13:58:56,066 [pool-1063-thread-1] INFO  metrics.RatisMetrics (RatisMetrics.java:lambda$create$0(36)) - Creating Metrics Registry : ratis.state_machine.d8013a59-5613-4576-849f-406a4abab1ed@group-64C342B71FEB
2020-12-15 13:58:56,074 [Command processor thread] INFO  commandhandler.CreatePipelineCommandHandler (CreatePipelineCommandHandler.java:handle(106)) - Created Pipeline RATIS THREE PipelineID=05b9cbdf-45af-4197-b0f5-64c342b71feb.
2020-12-15 13:58:56,205 [Command processor thread] INFO  impl.RaftServerProxy (RaftServerProxy.java:addNew(93)) - c106af50-bceb-418e-be22-e2669d442084: addNew group-F1B182914105:[c106af50-bceb-418e-be22-e2669d442084|rpc:172.17.0.2:40637] returns group-F1B182914105:java.util.concurrent.CompletableFuture@4a036d03[Not completed]
2020-12-15 13:58:56,205 [pool-1047-thread-1] INFO  impl.RaftServerImpl (RaftServerImpl.java:<init>(121)) - c106af50-bceb-418e-be22-e2669d442084: new RaftServerImpl for group-F1B182914105:[c106af50-bceb-418e-be22-e2669d442084|rpc:172.17.0.2:40637] with ContainerStateMachine:uninitialized
2020-12-15 13:58:56,206 [pool-1047-thread-1] INFO  server.RaftServerConfigKeys (ConfUtils.java:logGet(44)) - raft.server.rpc.timeout.min = 5s (custom)
2020-12-15 13:58:56,206 [pool-1047-thread-1] INFO  server.RaftServerConfigKeys (ConfUtils.java:logGet(44)) - raft.server.rpc.timeout.max = 5200ms (custom)
2020-12-15 13:58:56,206 [pool-1047-thread-1] INFO  server.RaftServerConfigKeys (ConfUtils.java:logGet(44)) - raft.server.rpc.slowness.timeout = 300s (custom)
2020-12-15 13:58:56,206 [pool-1047-thread-1] INFO  server.RaftServerConfigKeys (ConfUtils.java:logGet(44)) - raft.server.leaderelection.leader.step-down.wait-time = 10s (default)
2020-12-15 13:58:56,206 [pool-1047-thread-1] INFO  server.RaftServerConfigKeys (ConfUtils.java:logGet(44)) - raft.server.sleep.deviation.threshold = 300 (default)
2020-12-15 13:58:56,206 [pool-1047-thread-1] INFO  server.RaftServerConfigKeys (ConfUtils.java:logGet(44)) - raft.server.log.appender.install.snapshot.enabled = false (custom)
2020-12-15 13:58:56,206 [pool-1047-thread-1] INFO  impl.RaftServerImpl (ServerState.java:<init>(104)) - c106af50-bceb-418e-be22-e2669d442084@group-F1B182914105: ConfigurationManager, init=-1: [c106af50-bceb-418e-be22-e2669d442084|rpc:172.17.0.2:40637], old=null, confs=<EMPTY_MAP>
2020-12-15 13:58:56,206 [pool-1047-thread-1] INFO  server.RaftServerConfigKeys (ConfUtils.java:logGet(44)) - raft.server.storage.dir = [/github/workspace/mnt/ozone/hadoop-ozone/integration-test/target/test-dir/MiniOzoneClusterImpl-933616a4-3ca4-434e-83a8-17d3c89ffd28/datanode-4/data/ratis] (custom)
2020-12-15 13:58:56,206 [pool-1047-thread-1] INFO  server.RaftServerConfigKeys (ConfUtils.java:logGet(44)) - raft.server.log.corruption.policy = EXCEPTION (default)
2020-12-15 13:58:56,206 [pool-1047-thread-1] INFO  storage.RaftStorageDirectory (RaftStorageDirectory.java:analyzeStorage(261)) - The storage directory /github/workspace/mnt/ozone/hadoop-ozone/integration-test/target/test-dir/MiniOzoneClusterImpl-933616a4-3ca4-434e-83a8-17d3c89ffd28/datanode-4/data/ratis/76944a9b-3c87-42d9-b8f4-f1b182914105 does not exist. Creating ...
2020-12-15 13:58:56,207 [pool-1047-thread-1] INFO  storage.RaftStorageDirectory (RaftStorageDirectory.java:tryLock(343)) - Lock on /github/workspace/mnt/ozone/hadoop-ozone/integration-test/target/test-dir/MiniOzoneClusterImpl-933616a4-3ca4-434e-83a8-17d3c89ffd28/datanode-4/data/ratis/76944a9b-3c87-42d9-b8f4-f1b182914105/in_use.lock acquired by nodename 27147@b0da2dc6b281
2020-12-15 13:58:56,208 [pool-1047-thread-1] INFO  storage.RaftStorage (RaftStorage.java:format(85)) - Storage directory /github/workspace/mnt/ozone/hadoop-ozone/integration-test/target/test-dir/MiniOzoneClusterImpl-933616a4-3ca4-434e-83a8-17d3c89ffd28/datanode-4/data/ratis/76944a9b-3c87-42d9-b8f4-f1b182914105 has been successfully formatted.
2020-12-15 13:58:56,208 [pool-1047-thread-1] INFO  ratis.ContainerStateMachine (ContainerStateMachine.java:loadSnapshot(225)) - group-F1B182914105: The snapshot info is null. Setting the last applied indexto:(t:0, i:~)
2020-12-15 13:58:56,208 [pool-1047-thread-1] INFO  server.RaftServerConfigKeys (ConfUtils.java:logGet(44)) - raft.server.notification.no-leader.timeout = 300s (custom)
2020-12-15 13:58:56,208 [pool-1047-thread-1] INFO  server.RaftServerConfigKeys (ConfUtils.java:logGet(44)) - raft.server.log.use.memory = false (default)
2020-12-15 13:58:56,209 [pool-1047-thread-1] INFO  server.RaftServerConfigKeys (ConfUtils.java:logGet(44)) - raft.server.log.purge.gap = 1000000 (custom)
2020-12-15 13:58:56,209 [pool-1047-thread-1] INFO  metrics.RatisMetrics (RatisMetrics.java:lambda$create$0(36)) - Creating Metrics Registry : ratis.log_worker.c106af50-bceb-418e-be22-e2669d442084@group-F1B182914105
2020-12-15 13:58:56,209 [pool-1047-thread-1] INFO  server.RaftServerConfigKeys (ConfUtils.java:logGet(44)) - raft.server.log.appender.buffer.byte-limit = 33554432 (custom)
2020-12-15 13:58:56,209 [pool-1047-thread-1] INFO  server.RaftServerConfigKeys (ConfUtils.java:logGet(44)) - raft.server.log.segment.size.max = 1048576 (custom)
2020-12-15 13:58:56,209 [EventQueue-PipelineReportForPipelineReportHandler] INFO  pipeline.PipelineStateManager (PipelineStateManager.java:openPipeline(132)) - Pipeline Pipeline[ Id: 76944a9b-3c87-42d9-b8f4-f1b182914105, Nodes: c106af50-bceb-418e-be22-e2669d442084{ip: 172.17.0.2, host: b0da2dc6b281, networkLocation: /default-rack, certSerialId: null, persistedOpState: IN_SERVICE, persistedOpStateExpiryEpochSec: 0}, Type:RATIS, Factor:ONE, State:ALLOCATED, leaderId:c106af50-bceb-418e-be22-e2669d442084, CreationTimestamp2020-12-15T13:58:53.206Z] moved to OPEN state
2020-12-15 13:58:56,209 [EventQueue-OpenPipelineForHealthyPipelineSafeModeRule] INFO  safemode.SCMSafeModeManager (HealthyPipelineSafeModeRule.java:process(128)) - SCM in safe mode. Healthy pipelines reported count is 0, required healthy pipeline reported count is 1
2020-12-15 13:58:56,209 [EventQueue-PipelineReportForOneReplicaPipelineSafeModeRule] INFO  safemode.SCMSafeModeManager (SCMSafeModeManager.java:validateSafeModeExitRules(214)) - AtleastOneDatanodeReportedRule rule is successfully validated
2020-12-15 13:58:56,217 [org.apache.ratis.server.JvmPauseMonitor@60503831-Monitor] WARN  server.JvmPauseMonitor (JvmPauseMonitor.java:run(141)) - Detected pause in JVM or host machine (eg GC): pause of approximately 4ms
No GCs detected
2020-12-15 13:58:56,218 [pool-1047-thread-1] INFO  server.RaftServerConfigKeys (ConfUtils.java:logGet(44)) - raft.server.log.segment.cache.num.max = 2 (custom)
2020-12-15 13:58:56,218 [pool-1047-thread-1] INFO  segmented.SegmentedRaftLogWorker (SegmentedRaftLogWorker.java:<init>(180)) - new c106af50-bceb-418e-be22-e2669d442084@group-F1B182914105-SegmentedRaftLogWorker for RaftStorage:Storage Directory /github/workspace/mnt/ozone/hadoop-ozone/integration-test/target/test-dir/MiniOzoneClusterImpl-933616a4-3ca4-434e-83a8-17d3c89ffd28/datanode-4/data/ratis/76944a9b-3c87-42d9-b8f4-f1b182914105
2020-12-15 13:58:56,218 [pool-1047-thread-1] INFO  server.RaftServerConfigKeys (ConfUtils.java:logGet(44)) - raft.server.log.queue.byte-limit = 2147483647 (custom)
2020-12-15 13:58:56,219 [pool-1047-thread-1] INFO  server.RaftServerConfigKeys (ConfUtils.java:logGet(44)) - raft.server.log.queue.element-limit = 1024 (custom)
2020-12-15 13:58:56,219 [pool-1047-thread-1] INFO  server.RaftServerConfigKeys (ConfUtils.java:logGet(44)) - raft.server.log.segment.size.max = 1048576 (custom)
2020-12-15 13:58:56,219 [pool-1047-thread-1] INFO  server.RaftServerConfigKeys (ConfUtils.java:logGet(44)) - raft.server.log.preallocated.size = 16384 (custom)
2020-12-15 13:58:56,219 [pool-1047-thread-1] INFO  server.RaftServerConfigKeys (ConfUtils.java:logGet(44)) - raft.server.log.write.buffer.size = 1048576 (custom)
2020-12-15 13:58:56,219 [pool-1047-thread-1] INFO  server.RaftServerConfigKeys (ConfUtils.java:logGet(44)) - raft.server.log.force.sync.num = 128 (default)
2020-12-15 13:58:56,219 [pool-1047-thread-1] INFO  server.RaftServerConfigKeys (ConfUtils.java:logGet(44)) - raft.server.log.statemachine.data.sync = true (default)
2020-12-15 13:58:56,219 [pool-1047-thread-1] INFO  server.RaftServerConfigKeys (ConfUtils.java:logGet(44)) - raft.server.log.statemachine.data.sync.timeout = 10s (default)
2020-12-15 13:58:56,219 [pool-1047-thread-1] INFO  server.RaftServerConfigKeys (ConfUtils.java:logGet(44)) - raft.server.log.statemachine.data.sync.timeout.retry = -1 (default)
2020-12-15 13:58:56,221 [pool-1047-thread-1] INFO  server.RaftServerConfigKeys (ConfUtils.java:logGet(44)) - raft.server.log.statemachine.data.caching.enabled = true (custom)
2020-12-15 13:58:56,222 [pool-1047-thread-1] INFO  segmented.SegmentedRaftLogWorker (SegmentedRaftLogWorker.java:lambda$new$0(129)) - c106af50-bceb-418e-be22-e2669d442084@group-F1B182914105-SegmentedRaftLogWorker: flushIndex: setUnconditionally 0 -> -1
2020-12-15 13:58:56,222 [pool-1047-thread-1] INFO  segmented.SegmentedRaftLogWorker (SegmentedRaftLogWorker.java:lambda$new$0(129)) - c106af50-bceb-418e-be22-e2669d442084@group-F1B182914105-SegmentedRaftLogWorker: safeCacheEvictIndex: setUnconditionally 0 -> -1
2020-12-15 13:58:56,222 [pool-1047-thread-1] INFO  server.RaftServerConfigKeys (ConfUtils.java:logGet(44)) - raft.server.snapshot.auto.trigger.enabled = true (custom)
2020-12-15 13:58:56,222 [pool-1047-thread-1] INFO  server.RaftServerConfigKeys (ConfUtils.java:logGet(44)) - raft.server.snapshot.auto.trigger.threshold = 10000 (custom)
2020-12-15 13:58:56,222 [pool-1047-thread-1] INFO  server.RaftServerConfigKeys (ConfUtils.java:logGet(44)) - raft.server.snapshot.retention.file.num = 5 (custom)
2020-12-15 13:58:56,222 [pool-1047-thread-1] INFO  server.RaftServerConfigKeys (ConfUtils.java:logGet(44)) - raft.server.log.purge.upto.snapshot.index = false (default)
2020-12-15 13:58:56,223 [pool-1047-thread-1] INFO  server.RaftServerConfigKeys (ConfUtils.java:logGet(44)) - raft.server.retrycache.expirytime = 600000ms (custom)
2020-12-15 13:58:56,223 [pool-1047-thread-1] INFO  metrics.RatisMetrics (RatisMetrics.java:lambda$create$0(36)) - Creating Metrics Registry : ratis.leader_election.c106af50-bceb-418e-be22-e2669d442084@group-F1B182914105
2020-12-15 13:58:56,223 [pool-1047-thread-1] INFO  metrics.RatisMetrics (RatisMetrics.java:lambda$create$0(36)) - Creating Metrics Registry : ratis.server.c106af50-bceb-418e-be22-e2669d442084@group-F1B182914105
2020-12-15 13:58:56,225 [pool-1047-thread-1] INFO  impl.RaftServerImpl (RaftServerImpl.java:start(215)) - c106af50-bceb-418e-be22-e2669d442084@group-F1B182914105: start as a follower, conf=-1: [c106af50-bceb-418e-be22-e2669d442084|rpc:172.17.0.2:40637], old=null
2020-12-15 13:58:56,225 [pool-1047-thread-1] INFO  impl.RaftServerImpl (RaftServerImpl.java:setRole(204)) - c106af50-bceb-418e-be22-e2669d442084@group-F1B182914105: changes role from      null to FOLLOWER at term 0 for startAsFollower
2020-12-15 13:58:56,225 [pool-1047-thread-1] INFO  impl.RoleInfo (RoleInfo.java:updateAndGet(143)) - c106af50-bceb-418e-be22-e2669d442084: start c106af50-bceb-418e-be22-e2669d442084@group-F1B182914105-FollowerState
2020-12-15 13:58:56,226 [pool-1047-thread-1] INFO  util.JmxRegister (JmxRegister.java:tryRegister(44)) - Successfully registered JMX Bean with object name Ratis:service=RaftServer,group=group-F1B182914105,id=c106af50-bceb-418e-be22-e2669d442084
2020-12-15 13:58:56,226 [pool-1047-thread-1] INFO  metrics.RatisMetrics (RatisMetrics.java:lambda$create$0(36)) - Creating Metrics Registry : ratis.state_machine.c106af50-bceb-418e-be22-e2669d442084@group-F1B182914105
2020-12-15 13:58:56,230 [Command processor thread] INFO  commandhandler.CreatePipelineCommandHandler (CreatePipelineCommandHandler.java:handle(106)) - Created Pipeline RATIS ONE PipelineID=76944a9b-3c87-42d9-b8f4-f1b182914105.
2020-12-15 13:58:56,397 [EventQueue-PipelineReportForOneReplicaPipelineSafeModeRule] INFO  safemode.SCMSafeModeManager (SCMSafeModeManager.java:validateSafeModeExitRules(214)) - AtleastOneDatanodeReportedRule rule is successfully validated
2020-12-15 13:58:56,397 [EventQueue-OpenPipelineForHealthyPipelineSafeModeRule] INFO  safemode.SCMSafeModeManager (HealthyPipelineSafeModeRule.java:process(128)) - SCM in safe mode. Healthy pipelines reported count is 0, required healthy pipeline reported count is 1
2020-12-15 13:58:56,399 [Command processor thread] INFO  impl.RaftServerProxy (RaftServerProxy.java:addNew(93)) - d8013a59-5613-4576-849f-406a4abab1ed: addNew group-FAFA4E493F0A:[d8013a59-5613-4576-849f-406a4abab1ed|rpc:172.17.0.2:40939] returns group-FAFA4E493F0A:java.util.concurrent.CompletableFuture@fd8ed43[Not completed]
2020-12-15 13:58:56,400 [pool-1063-thread-1] INFO  impl.RaftServerImpl (RaftServerImpl.java:<init>(121)) - d8013a59-5613-4576-849f-406a4abab1ed: new RaftServerImpl for group-FAFA4E493F0A:[d8013a59-5613-4576-849f-406a4abab1ed|rpc:172.17.0.2:40939] with ContainerStateMachine:uninitialized
2020-12-15 13:58:56,400 [pool-1063-thread-1] INFO  server.RaftServerConfigKeys (ConfUtils.java:logGet(44)) - raft.server.rpc.timeout.min = 5s (custom)
2020-12-15 13:58:56,400 [pool-1063-thread-1] INFO  server.RaftServerConfigKeys (ConfUtils.java:logGet(44)) - raft.server.rpc.timeout.max = 5200ms (custom)
2020-12-15 13:58:56,400 [pool-1063-thread-1] INFO  server.RaftServerConfigKeys (ConfUtils.java:logGet(44)) - raft.server.rpc.slowness.timeout = 300s (custom)
2020-12-15 13:58:56,400 [pool-1063-thread-1] INFO  server.RaftServerConfigKeys (ConfUtils.java:logGet(44)) - raft.server.leaderelection.leader.step-down.wait-time = 10s (default)
2020-12-15 13:58:56,400 [pool-1063-thread-1] INFO  server.RaftServerConfigKeys (ConfUtils.java:logGet(44)) - raft.server.sleep.deviation.threshold = 300 (default)
2020-12-15 13:58:56,400 [pool-1063-thread-1] INFO  server.RaftServerConfigKeys (ConfUtils.java:logGet(44)) - raft.server.log.appender.install.snapshot.enabled = false (custom)
2020-12-15 13:58:56,400 [pool-1063-thread-1] INFO  impl.RaftServerImpl (ServerState.java:<init>(104)) - d8013a59-5613-4576-849f-406a4abab1ed@group-FAFA4E493F0A: ConfigurationManager, init=-1: [d8013a59-5613-4576-849f-406a4abab1ed|rpc:172.17.0.2:40939], old=null, confs=<EMPTY_MAP>
2020-12-15 13:58:56,401 [pool-1063-thread-1] INFO  server.RaftServerConfigKeys (ConfUtils.java:logGet(44)) - raft.server.storage.dir = [/github/workspace/mnt/ozone/hadoop-ozone/integration-test/target/test-dir/MiniOzoneClusterImpl-933616a4-3ca4-434e-83a8-17d3c89ffd28/datanode-5/data/ratis] (custom)
2020-12-15 13:58:56,401 [pool-1063-thread-1] INFO  server.RaftServerConfigKeys (ConfUtils.java:logGet(44)) - raft.server.log.corruption.policy = EXCEPTION (default)
2020-12-15 13:58:56,401 [pool-1063-thread-1] INFO  storage.RaftStorageDirectory (RaftStorageDirectory.java:analyzeStorage(261)) - The storage directory /github/workspace/mnt/ozone/hadoop-ozone/integration-test/target/test-dir/MiniOzoneClusterImpl-933616a4-3ca4-434e-83a8-17d3c89ffd28/datanode-5/data/ratis/9c5ab2c2-9dca-419d-bdf0-fafa4e493f0a does not exist. Creating ...
2020-12-15 13:58:56,401 [Listener at 127.0.0.1/35149] INFO  ozone.MiniOzoneClusterImpl (MiniOzoneClusterImpl.java:lambda$waitForClusterToBeReady$0(178)) - Nodes are ready. Got 6 of 6 DN Heartbeats.
2020-12-15 13:58:56,402 [Listener at 127.0.0.1/35149] INFO  ozone.MiniOzoneClusterImpl (MiniOzoneClusterImpl.java:lambda$waitForClusterToBeReady$0(181)) - Waiting for cluster to exit safe mode
2020-12-15 13:58:56,402 [pool-1063-thread-1] INFO  storage.RaftStorageDirectory (RaftStorageDirectory.java:tryLock(343)) - Lock on /github/workspace/mnt/ozone/hadoop-ozone/integration-test/target/test-dir/MiniOzoneClusterImpl-933616a4-3ca4-434e-83a8-17d3c89ffd28/datanode-5/data/ratis/9c5ab2c2-9dca-419d-bdf0-fafa4e493f0a/in_use.lock acquired by nodename 27147@b0da2dc6b281
2020-12-15 13:58:56,403 [pool-1063-thread-1] INFO  storage.RaftStorage (RaftStorage.java:format(85)) - Storage directory /github/workspace/mnt/ozone/hadoop-ozone/integration-test/target/test-dir/MiniOzoneClusterImpl-933616a4-3ca4-434e-83a8-17d3c89ffd28/datanode-5/data/ratis/9c5ab2c2-9dca-419d-bdf0-fafa4e493f0a has been successfully formatted.
2020-12-15 13:58:56,403 [pool-1063-thread-1] INFO  ratis.ContainerStateMachine (ContainerStateMachine.java:loadSnapshot(225)) - group-FAFA4E493F0A: The snapshot info is null. Setting the last applied indexto:(t:0, i:~)
2020-12-15 13:58:56,403 [pool-1063-thread-1] INFO  server.RaftServerConfigKeys (ConfUtils.java:logGet(44)) - raft.server.notification.no-leader.timeout = 300s (custom)
2020-12-15 13:58:56,403 [pool-1063-thread-1] INFO  server.RaftServerConfigKeys (ConfUtils.java:logGet(44)) - raft.server.log.use.memory = false (default)
2020-12-15 13:58:56,403 [pool-1063-thread-1] INFO  server.RaftServerConfigKeys (ConfUtils.java:logGet(44)) - raft.server.log.purge.gap = 1000000 (custom)
2020-12-15 13:58:56,403 [pool-1063-thread-1] INFO  metrics.RatisMetrics (RatisMetrics.java:lambda$create$0(36)) - Creating Metrics Registry : ratis.log_worker.d8013a59-5613-4576-849f-406a4abab1ed@group-FAFA4E493F0A
2020-12-15 13:58:56,404 [pool-1063-thread-1] INFO  server.RaftServerConfigKeys (ConfUtils.java:logGet(44)) - raft.server.log.appender.buffer.byte-limit = 33554432 (custom)
2020-12-15 13:58:56,404 [pool-1063-thread-1] INFO  server.RaftServerConfigKeys (ConfUtils.java:logGet(44)) - raft.server.log.segment.size.max = 1048576 (custom)
2020-12-15 13:58:56,404 [EventQueue-PipelineReportForPipelineReportHandler] INFO  pipeline.PipelineStateManager (PipelineStateManager.java:openPipeline(132)) - Pipeline Pipeline[ Id: 9c5ab2c2-9dca-419d-bdf0-fafa4e493f0a, Nodes: d8013a59-5613-4576-849f-406a4abab1ed{ip: 172.17.0.2, host: b0da2dc6b281, networkLocation: /default-rack, certSerialId: null, persistedOpState: IN_SERVICE, persistedOpStateExpiryEpochSec: 0}, Type:RATIS, Factor:ONE, State:ALLOCATED, leaderId:d8013a59-5613-4576-849f-406a4abab1ed, CreationTimestamp2020-12-15T13:58:53.400Z] moved to OPEN state
2020-12-15 13:58:56,404 [EventQueue-PipelineReportForOneReplicaPipelineSafeModeRule] INFO  safemode.SCMSafeModeManager (SCMSafeModeManager.java:validateSafeModeExitRules(214)) - AtleastOneDatanodeReportedRule rule is successfully validated
2020-12-15 13:58:56,404 [EventQueue-OpenPipelineForHealthyPipelineSafeModeRule] INFO  safemode.SCMSafeModeManager (HealthyPipelineSafeModeRule.java:process(128)) - SCM in safe mode. Healthy pipelines reported count is 0, required healthy pipeline reported count is 1
2020-12-15 13:58:56,405 [pool-1063-thread-1] INFO  server.RaftServerConfigKeys (ConfUtils.java:logGet(44)) - raft.server.log.segment.cache.num.max = 2 (custom)
2020-12-15 13:58:56,405 [pool-1063-thread-1] INFO  segmented.SegmentedRaftLogWorker (SegmentedRaftLogWorker.java:<init>(180)) - new d8013a59-5613-4576-849f-406a4abab1ed@group-FAFA4E493F0A-SegmentedRaftLogWorker for RaftStorage:Storage Directory /github/workspace/mnt/ozone/hadoop-ozone/integration-test/target/test-dir/MiniOzoneClusterImpl-933616a4-3ca4-434e-83a8-17d3c89ffd28/datanode-5/data/ratis/9c5ab2c2-9dca-419d-bdf0-fafa4e493f0a
2020-12-15 13:58:56,405 [pool-1063-thread-1] INFO  server.RaftServerConfigKeys (ConfUtils.java:logGet(44)) - raft.server.log.queue.byte-limit = 2147483647 (custom)
2020-12-15 13:58:56,405 [pool-1063-thread-1] INFO  server.RaftServerConfigKeys (ConfUtils.java:logGet(44)) - raft.server.log.queue.element-limit = 1024 (custom)
2020-12-15 13:58:56,405 [pool-1063-thread-1] INFO  server.RaftServerConfigKeys (ConfUtils.java:logGet(44)) - raft.server.log.segment.size.max = 1048576 (custom)
2020-12-15 13:58:56,406 [pool-1063-thread-1] INFO  server.RaftServerConfigKeys (ConfUtils.java:logGet(44)) - raft.server.log.preallocated.size = 16384 (custom)
2020-12-15 13:58:56,406 [pool-1063-thread-1] INFO  server.RaftServerConfigKeys (ConfUtils.java:logGet(44)) - raft.server.log.write.buffer.size = 1048576 (custom)
2020-12-15 13:58:56,406 [pool-1063-thread-1] INFO  server.RaftServerConfigKeys (ConfUtils.java:logGet(44)) - raft.server.log.force.sync.num = 128 (default)
2020-12-15 13:58:56,406 [pool-1063-thread-1] INFO  server.RaftServerConfigKeys (ConfUtils.java:logGet(44)) - raft.server.log.statemachine.data.sync = true (default)
2020-12-15 13:58:56,406 [pool-1063-thread-1] INFO  server.RaftServerConfigKeys (ConfUtils.java:logGet(44)) - raft.server.log.statemachine.data.sync.timeout = 10s (default)
2020-12-15 13:58:56,406 [pool-1063-thread-1] INFO  server.RaftServerConfigKeys (ConfUtils.java:logGet(44)) - raft.server.log.statemachine.data.sync.timeout.retry = -1 (default)
2020-12-15 13:58:56,408 [pool-1063-thread-1] INFO  server.RaftServerConfigKeys (ConfUtils.java:logGet(44)) - raft.server.log.statemachine.data.caching.enabled = true (custom)
2020-12-15 13:58:56,409 [pool-1063-thread-1] INFO  segmented.SegmentedRaftLogWorker (SegmentedRaftLogWorker.java:lambda$new$0(129)) - d8013a59-5613-4576-849f-406a4abab1ed@group-FAFA4E493F0A-SegmentedRaftLogWorker: flushIndex: setUnconditionally 0 -> -1
2020-12-15 13:58:56,409 [pool-1063-thread-1] INFO  segmented.SegmentedRaftLogWorker (SegmentedRaftLogWorker.java:lambda$new$0(129)) - d8013a59-5613-4576-849f-406a4abab1ed@group-FAFA4E493F0A-SegmentedRaftLogWorker: safeCacheEvictIndex: setUnconditionally 0 -> -1
2020-12-15 13:58:56,409 [pool-1063-thread-1] INFO  server.RaftServerConfigKeys (ConfUtils.java:logGet(44)) - raft.server.snapshot.auto.trigger.enabled = true (custom)
2020-12-15 13:58:56,409 [pool-1063-thread-1] INFO  server.RaftServerConfigKeys (ConfUtils.java:logGet(44)) - raft.server.snapshot.auto.trigger.threshold = 10000 (custom)
2020-12-15 13:58:56,409 [pool-1063-thread-1] INFO  server.RaftServerConfigKeys (ConfUtils.java:logGet(44)) - raft.server.snapshot.retention.file.num = 5 (custom)
2020-12-15 13:58:56,409 [pool-1063-thread-1] INFO  server.RaftServerConfigKeys (ConfUtils.java:logGet(44)) - raft.server.log.purge.upto.snapshot.index = false (default)
2020-12-15 13:58:56,409 [pool-1063-thread-1] INFO  server.RaftServerConfigKeys (ConfUtils.java:logGet(44)) - raft.server.retrycache.expirytime = 600000ms (custom)
2020-12-15 13:58:56,409 [pool-1063-thread-1] INFO  metrics.RatisMetrics (RatisMetrics.java:lambda$create$0(36)) - Creating Metrics Registry : ratis.leader_election.d8013a59-5613-4576-849f-406a4abab1ed@group-FAFA4E493F0A
2020-12-15 13:58:56,410 [pool-1063-thread-1] INFO  metrics.RatisMetrics (RatisMetrics.java:lambda$create$0(36)) - Creating Metrics Registry : ratis.server.d8013a59-5613-4576-849f-406a4abab1ed@group-FAFA4E493F0A
2020-12-15 13:58:56,411 [pool-1063-thread-1] INFO  impl.RaftServerImpl (RaftServerImpl.java:start(215)) - d8013a59-5613-4576-849f-406a4abab1ed@group-FAFA4E493F0A: start as a follower, conf=-1: [d8013a59-5613-4576-849f-406a4abab1ed|rpc:172.17.0.2:40939], old=null
2020-12-15 13:58:56,411 [pool-1063-thread-1] INFO  impl.RaftServerImpl (RaftServerImpl.java:setRole(204)) - d8013a59-5613-4576-849f-406a4abab1ed@group-FAFA4E493F0A: changes role from      null to FOLLOWER at term 0 for startAsFollower
2020-12-15 13:58:56,412 [pool-1063-thread-1] INFO  impl.RoleInfo (RoleInfo.java:updateAndGet(143)) - d8013a59-5613-4576-849f-406a4abab1ed: start d8013a59-5613-4576-849f-406a4abab1ed@group-FAFA4E493F0A-FollowerState
2020-12-15 13:58:56,412 [pool-1063-thread-1] INFO  util.JmxRegister (JmxRegister.java:tryRegister(44)) - Successfully registered JMX Bean with object name Ratis:service=RaftServer,group=group-FAFA4E493F0A,id=d8013a59-5613-4576-849f-406a4abab1ed
2020-12-15 13:58:56,412 [pool-1063-thread-1] INFO  metrics.RatisMetrics (RatisMetrics.java:lambda$create$0(36)) - Creating Metrics Registry : ratis.state_machine.d8013a59-5613-4576-849f-406a4abab1ed@group-FAFA4E493F0A
2020-12-15 13:58:56,413 [Command processor thread] INFO  commandhandler.CreatePipelineCommandHandler (CreatePipelineCommandHandler.java:handle(106)) - Created Pipeline RATIS ONE PipelineID=9c5ab2c2-9dca-419d-bdf0-fafa4e493f0a.
2020-12-15 13:58:56,608 [EventQueue-PipelineReportForOneReplicaPipelineSafeModeRule] INFO  safemode.SCMSafeModeManager (SCMSafeModeManager.java:validateSafeModeExitRules(214)) - AtleastOneDatanodeReportedRule rule is successfully validated
2020-12-15 13:58:56,608 [EventQueue-OpenPipelineForHealthyPipelineSafeModeRule] INFO  safemode.SCMSafeModeManager (HealthyPipelineSafeModeRule.java:process(128)) - SCM in safe mode. Healthy pipelines reported count is 0, required healthy pipeline reported count is 1
2020-12-15 13:58:56,801 [EventQueue-PipelineReportForOneReplicaPipelineSafeModeRule] INFO  safemode.SCMSafeModeManager (SCMSafeModeManager.java:validateSafeModeExitRules(214)) - AtleastOneDatanodeReportedRule rule is successfully validated
2020-12-15 13:58:56,802 [EventQueue-OpenPipelineForHealthyPipelineSafeModeRule] INFO  safemode.SCMSafeModeManager (HealthyPipelineSafeModeRule.java:process(128)) - SCM in safe mode. Healthy pipelines reported count is 0, required healthy pipeline reported count is 1
2020-12-15 13:58:57,014 [EventQueue-PipelineReportForOneReplicaPipelineSafeModeRule] INFO  safemode.SCMSafeModeManager (SCMSafeModeManager.java:validateSafeModeExitRules(214)) - AtleastOneDatanodeReportedRule rule is successfully validated
2020-12-15 13:58:57,014 [EventQueue-OpenPipelineForHealthyPipelineSafeModeRule] INFO  safemode.SCMSafeModeManager (HealthyPipelineSafeModeRule.java:process(128)) - SCM in safe mode. Healthy pipelines reported count is 0, required healthy pipeline reported count is 1
2020-12-15 13:58:57,209 [EventQueue-OpenPipelineForHealthyPipelineSafeModeRule] INFO  safemode.SCMSafeModeManager (HealthyPipelineSafeModeRule.java:process(128)) - SCM in safe mode. Healthy pipelines reported count is 0, required healthy pipeline reported count is 1
2020-12-15 13:58:57,209 [EventQueue-PipelineReportForOneReplicaPipelineSafeModeRule] INFO  safemode.SCMSafeModeManager (SCMSafeModeManager.java:validateSafeModeExitRules(214)) - AtleastOneDatanodeReportedRule rule is successfully validated
2020-12-15 13:58:57,397 [EventQueue-PipelineReportForOneReplicaPipelineSafeModeRule] INFO  safemode.SCMSafeModeManager (SCMSafeModeManager.java:validateSafeModeExitRules(214)) - AtleastOneDatanodeReportedRule rule is successfully validated
2020-12-15 13:58:57,397 [EventQueue-OpenPipelineForHealthyPipelineSafeModeRule] INFO  safemode.SCMSafeModeManager (HealthyPipelineSafeModeRule.java:process(128)) - SCM in safe mode. Healthy pipelines reported count is 0, required healthy pipeline reported count is 1
2020-12-15 13:58:57,402 [Listener at 127.0.0.1/35149] INFO  ozone.MiniOzoneClusterImpl (MiniOzoneClusterImpl.java:lambda$waitForClusterToBeReady$0(178)) - Nodes are ready. Got 6 of 6 DN Heartbeats.
2020-12-15 13:58:57,402 [Listener at 127.0.0.1/35149] INFO  ozone.MiniOzoneClusterImpl (MiniOzoneClusterImpl.java:lambda$waitForClusterToBeReady$0(181)) - Waiting for cluster to exit safe mode
2020-12-15 13:58:57,404 [EventQueue-PipelineReportForOneReplicaPipelineSafeModeRule] INFO  safemode.SCMSafeModeManager (SCMSafeModeManager.java:validateSafeModeExitRules(214)) - AtleastOneDatanodeReportedRule rule is successfully validated
2020-12-15 13:58:57,404 [EventQueue-OpenPipelineForHealthyPipelineSafeModeRule] INFO  safemode.SCMSafeModeManager (HealthyPipelineSafeModeRule.java:process(128)) - SCM in safe mode. Healthy pipelines reported count is 0, required healthy pipeline reported count is 1
2020-12-15 13:58:57,609 [EventQueue-PipelineReportForOneReplicaPipelineSafeModeRule] INFO  safemode.SCMSafeModeManager (SCMSafeModeManager.java:validateSafeModeExitRules(214)) - AtleastOneDatanodeReportedRule rule is successfully validated
2020-12-15 13:58:57,609 [EventQueue-OpenPipelineForHealthyPipelineSafeModeRule] INFO  safemode.SCMSafeModeManager (HealthyPipelineSafeModeRule.java:process(128)) - SCM in safe mode. Healthy pipelines reported count is 0, required healthy pipeline reported count is 1
2020-12-15 13:58:57,802 [EventQueue-OpenPipelineForHealthyPipelineSafeModeRule] INFO  safemode.SCMSafeModeManager (HealthyPipelineSafeModeRule.java:process(128)) - SCM in safe mode. Healthy pipelines reported count is 0, required healthy pipeline reported count is 1
2020-12-15 13:58:57,802 [EventQueue-PipelineReportForOneReplicaPipelineSafeModeRule] INFO  safemode.SCMSafeModeManager (SCMSafeModeManager.java:validateSafeModeExitRules(214)) - AtleastOneDatanodeReportedRule rule is successfully validated
2020-12-15 13:58:58,014 [EventQueue-PipelineReportForOneReplicaPipelineSafeModeRule] INFO  safemode.SCMSafeModeManager (SCMSafeModeManager.java:validateSafeModeExitRules(214)) - AtleastOneDatanodeReportedRule rule is successfully validated
2020-12-15 13:58:58,014 [EventQueue-OpenPipelineForHealthyPipelineSafeModeRule] INFO  safemode.SCMSafeModeManager (HealthyPipelineSafeModeRule.java:process(128)) - SCM in safe mode. Healthy pipelines reported count is 0, required healthy pipeline reported count is 1
2020-12-15 13:58:58,209 [EventQueue-PipelineReportForOneReplicaPipelineSafeModeRule] INFO  safemode.SCMSafeModeManager (SCMSafeModeManager.java:validateSafeModeExitRules(214)) - AtleastOneDatanodeReportedRule rule is successfully validated
2020-12-15 13:58:58,209 [EventQueue-OpenPipelineForHealthyPipelineSafeModeRule] INFO  safemode.SCMSafeModeManager (HealthyPipelineSafeModeRule.java:process(128)) - SCM in safe mode. Healthy pipelines reported count is 0, required healthy pipeline reported count is 1
2020-12-15 13:58:58,397 [EventQueue-OpenPipelineForHealthyPipelineSafeModeRule] INFO  safemode.SCMSafeModeManager (HealthyPipelineSafeModeRule.java:process(128)) - SCM in safe mode. Healthy pipelines reported count is 0, required healthy pipeline reported count is 1
2020-12-15 13:58:58,397 [EventQueue-PipelineReportForOneReplicaPipelineSafeModeRule] INFO  safemode.SCMSafeModeManager (SCMSafeModeManager.java:validateSafeModeExitRules(214)) - AtleastOneDatanodeReportedRule rule is successfully validated
2020-12-15 13:58:58,402 [Listener at 127.0.0.1/35149] INFO  ozone.MiniOzoneClusterImpl (MiniOzoneClusterImpl.java:lambda$waitForClusterToBeReady$0(178)) - Nodes are ready. Got 6 of 6 DN Heartbeats.
2020-12-15 13:58:58,403 [Listener at 127.0.0.1/35149] INFO  ozone.MiniOzoneClusterImpl (MiniOzoneClusterImpl.java:lambda$waitForClusterToBeReady$0(181)) - Waiting for cluster to exit safe mode
2020-12-15 13:58:58,404 [EventQueue-PipelineReportForOneReplicaPipelineSafeModeRule] INFO  safemode.SCMSafeModeManager (SCMSafeModeManager.java:validateSafeModeExitRules(214)) - AtleastOneDatanodeReportedRule rule is successfully validated
2020-12-15 13:58:58,405 [EventQueue-OpenPipelineForHealthyPipelineSafeModeRule] INFO  safemode.SCMSafeModeManager (HealthyPipelineSafeModeRule.java:process(128)) - SCM in safe mode. Healthy pipelines reported count is 0, required healthy pipeline reported count is 1
2020-12-15 13:58:58,610 [EventQueue-PipelineReportForOneReplicaPipelineSafeModeRule] INFO  safemode.SCMSafeModeManager (SCMSafeModeManager.java:validateSafeModeExitRules(214)) - AtleastOneDatanodeReportedRule rule is successfully validated
2020-12-15 13:58:58,610 [EventQueue-OpenPipelineForHealthyPipelineSafeModeRule] INFO  safemode.SCMSafeModeManager (HealthyPipelineSafeModeRule.java:process(128)) - SCM in safe mode. Healthy pipelines reported count is 0, required healthy pipeline reported count is 1
2020-12-15 13:58:58,802 [EventQueue-OpenPipelineForHealthyPipelineSafeModeRule] INFO  safemode.SCMSafeModeManager (HealthyPipelineSafeModeRule.java:process(128)) - SCM in safe mode. Healthy pipelines reported count is 0, required healthy pipeline reported count is 1
2020-12-15 13:58:58,802 [EventQueue-PipelineReportForOneReplicaPipelineSafeModeRule] INFO  safemode.SCMSafeModeManager (SCMSafeModeManager.java:validateSafeModeExitRules(214)) - AtleastOneDatanodeReportedRule rule is successfully validated
2020-12-15 13:58:59,013 [EventQueue-PipelineReportForOneReplicaPipelineSafeModeRule] INFO  safemode.SCMSafeModeManager (SCMSafeModeManager.java:validateSafeModeExitRules(214)) - AtleastOneDatanodeReportedRule rule is successfully validated
2020-12-15 13:58:59,013 [EventQueue-OpenPipelineForHealthyPipelineSafeModeRule] INFO  safemode.SCMSafeModeManager (HealthyPipelineSafeModeRule.java:process(128)) - SCM in safe mode. Healthy pipelines reported count is 0, required healthy pipeline reported count is 1
2020-12-15 13:58:59,209 [EventQueue-PipelineReportForOneReplicaPipelineSafeModeRule] INFO  safemode.SCMSafeModeManager (SCMSafeModeManager.java:validateSafeModeExitRules(214)) - AtleastOneDatanodeReportedRule rule is successfully validated
2020-12-15 13:58:59,210 [EventQueue-OpenPipelineForHealthyPipelineSafeModeRule] INFO  safemode.SCMSafeModeManager (HealthyPipelineSafeModeRule.java:process(128)) - SCM in safe mode. Healthy pipelines reported count is 0, required healthy pipeline reported count is 1
2020-12-15 13:58:59,397 [EventQueue-OpenPipelineForHealthyPipelineSafeModeRule] INFO  safemode.SCMSafeModeManager (HealthyPipelineSafeModeRule.java:process(128)) - SCM in safe mode. Healthy pipelines reported count is 0, required healthy pipeline reported count is 1
2020-12-15 13:58:59,398 [EventQueue-PipelineReportForOneReplicaPipelineSafeModeRule] INFO  safemode.SCMSafeModeManager (SCMSafeModeManager.java:validateSafeModeExitRules(214)) - AtleastOneDatanodeReportedRule rule is successfully validated
2020-12-15 13:58:59,403 [Listener at 127.0.0.1/35149] INFO  ozone.MiniOzoneClusterImpl (MiniOzoneClusterImpl.java:lambda$waitForClusterToBeReady$0(178)) - Nodes are ready. Got 6 of 6 DN Heartbeats.
2020-12-15 13:58:59,403 [Listener at 127.0.0.1/35149] INFO  ozone.MiniOzoneClusterImpl (MiniOzoneClusterImpl.java:lambda$waitForClusterToBeReady$0(181)) - Waiting for cluster to exit safe mode
2020-12-15 13:58:59,404 [EventQueue-PipelineReportForOneReplicaPipelineSafeModeRule] INFO  safemode.SCMSafeModeManager (SCMSafeModeManager.java:validateSafeModeExitRules(214)) - AtleastOneDatanodeReportedRule rule is successfully validated
2020-12-15 13:58:59,405 [EventQueue-OpenPipelineForHealthyPipelineSafeModeRule] INFO  safemode.SCMSafeModeManager (HealthyPipelineSafeModeRule.java:process(128)) - SCM in safe mode. Healthy pipelines reported count is 0, required healthy pipeline reported count is 1
2020-12-15 13:58:59,610 [EventQueue-OpenPipelineForHealthyPipelineSafeModeRule] INFO  safemode.SCMSafeModeManager (HealthyPipelineSafeModeRule.java:process(128)) - SCM in safe mode. Healthy pipelines reported count is 0, required healthy pipeline reported count is 1
2020-12-15 13:58:59,610 [EventQueue-PipelineReportForOneReplicaPipelineSafeModeRule] INFO  safemode.SCMSafeModeManager (SCMSafeModeManager.java:validateSafeModeExitRules(214)) - AtleastOneDatanodeReportedRule rule is successfully validated
2020-12-15 13:58:59,801 [EventQueue-PipelineReportForOneReplicaPipelineSafeModeRule] INFO  safemode.SCMSafeModeManager (SCMSafeModeManager.java:validateSafeModeExitRules(214)) - AtleastOneDatanodeReportedRule rule is successfully validated
2020-12-15 13:58:59,801 [EventQueue-OpenPipelineForHealthyPipelineSafeModeRule] INFO  safemode.SCMSafeModeManager (HealthyPipelineSafeModeRule.java:process(128)) - SCM in safe mode. Healthy pipelines reported count is 0, required healthy pipeline reported count is 1
2020-12-15 13:59:00,013 [EventQueue-PipelineReportForOneReplicaPipelineSafeModeRule] INFO  safemode.SCMSafeModeManager (SCMSafeModeManager.java:validateSafeModeExitRules(214)) - AtleastOneDatanodeReportedRule rule is successfully validated
2020-12-15 13:59:00,013 [EventQueue-OpenPipelineForHealthyPipelineSafeModeRule] INFO  safemode.SCMSafeModeManager (HealthyPipelineSafeModeRule.java:process(128)) - SCM in safe mode. Healthy pipelines reported count is 0, required healthy pipeline reported count is 1
2020-12-15 13:59:00,209 [EventQueue-OpenPipelineForHealthyPipelineSafeModeRule] INFO  safemode.SCMSafeModeManager (HealthyPipelineSafeModeRule.java:process(128)) - SCM in safe mode. Healthy pipelines reported count is 0, required healthy pipeline reported count is 1
2020-12-15 13:59:00,210 [EventQueue-PipelineReportForOneReplicaPipelineSafeModeRule] INFO  safemode.SCMSafeModeManager (SCMSafeModeManager.java:validateSafeModeExitRules(214)) - AtleastOneDatanodeReportedRule rule is successfully validated
2020-12-15 13:59:00,398 [EventQueue-OpenPipelineForHealthyPipelineSafeModeRule] INFO  safemode.SCMSafeModeManager (HealthyPipelineSafeModeRule.java:process(128)) - SCM in safe mode. Healthy pipelines reported count is 0, required healthy pipeline reported count is 1
2020-12-15 13:59:00,398 [EventQueue-PipelineReportForOneReplicaPipelineSafeModeRule] INFO  safemode.SCMSafeModeManager (SCMSafeModeManager.java:validateSafeModeExitRules(214)) - AtleastOneDatanodeReportedRule rule is successfully validated
2020-12-15 13:59:00,403 [Listener at 127.0.0.1/35149] INFO  ozone.MiniOzoneClusterImpl (MiniOzoneClusterImpl.java:lambda$waitForClusterToBeReady$0(178)) - Nodes are ready. Got 6 of 6 DN Heartbeats.
2020-12-15 13:59:00,403 [Listener at 127.0.0.1/35149] INFO  ozone.MiniOzoneClusterImpl (MiniOzoneClusterImpl.java:lambda$waitForClusterToBeReady$0(181)) - Waiting for cluster to exit safe mode
2020-12-15 13:59:00,404 [EventQueue-OpenPipelineForHealthyPipelineSafeModeRule] INFO  safemode.SCMSafeModeManager (HealthyPipelineSafeModeRule.java:process(128)) - SCM in safe mode. Healthy pipelines reported count is 0, required healthy pipeline reported count is 1
2020-12-15 13:59:00,404 [EventQueue-PipelineReportForOneReplicaPipelineSafeModeRule] INFO  safemode.SCMSafeModeManager (SCMSafeModeManager.java:validateSafeModeExitRules(214)) - AtleastOneDatanodeReportedRule rule is successfully validated
2020-12-15 13:59:00,500 [Thread-3274] INFO  impl.FollowerState (FollowerState.java:run(128)) - 5928c4bb-8a64-400c-b032-ccd85110c165@group-66CF6CC76846-FollowerState: change to CANDIDATE, lastRpcTime:5089ms, electionTimeout:5083ms
2020-12-15 13:59:00,500 [Thread-3274] INFO  impl.RoleInfo (RoleInfo.java:shutdownFollowerState(121)) - 5928c4bb-8a64-400c-b032-ccd85110c165: shutdown 5928c4bb-8a64-400c-b032-ccd85110c165@group-66CF6CC76846-FollowerState
2020-12-15 13:59:00,500 [Thread-3274] INFO  impl.RaftServerImpl (RaftServerImpl.java:setRole(204)) - 5928c4bb-8a64-400c-b032-ccd85110c165@group-66CF6CC76846: changes role from  FOLLOWER to CANDIDATE at term 0 for changeToCandidate
2020-12-15 13:59:00,500 [Thread-3274] INFO  impl.RoleInfo (RoleInfo.java:updateAndGet(143)) - 5928c4bb-8a64-400c-b032-ccd85110c165: start 5928c4bb-8a64-400c-b032-ccd85110c165@group-66CF6CC76846-LeaderElection48
2020-12-15 13:59:00,505 [5928c4bb-8a64-400c-b032-ccd85110c165@group-66CF6CC76846-LeaderElection48] INFO  impl.LeaderElection (LeaderElection.java:askForVotes(215)) - 5928c4bb-8a64-400c-b032-ccd85110c165@group-66CF6CC76846-LeaderElection48: begin an election at term 1 for -1: [bcedaf3e-3b45-4de1-8682-1fb59b13139d|rpc:172.17.0.2:34627, c6e04511-2206-46f8-9e26-aeae93b0c1d5|rpc:172.17.0.2:36945, 5928c4bb-8a64-400c-b032-ccd85110c165|rpc:172.17.0.2:39247], old=null
2020-12-15 13:59:00,517 [grpc-default-executor-5] INFO  impl.RaftServerImpl (RaftServerImpl.java:setRole(204)) - bcedaf3e-3b45-4de1-8682-1fb59b13139d@group-66CF6CC76846: changes role from  FOLLOWER to FOLLOWER at term 1 for recognizeCandidate:5928c4bb-8a64-400c-b032-ccd85110c165
2020-12-15 13:59:00,517 [grpc-default-executor-5] INFO  impl.RoleInfo (RoleInfo.java:shutdownFollowerState(121)) - bcedaf3e-3b45-4de1-8682-1fb59b13139d: shutdown bcedaf3e-3b45-4de1-8682-1fb59b13139d@group-66CF6CC76846-FollowerState
2020-12-15 13:59:00,517 [grpc-default-executor-5] INFO  impl.RoleInfo (RoleInfo.java:updateAndGet(143)) - bcedaf3e-3b45-4de1-8682-1fb59b13139d: start bcedaf3e-3b45-4de1-8682-1fb59b13139d@group-66CF6CC76846-FollowerState
2020-12-15 13:59:00,518 [Thread-3279] INFO  impl.FollowerState (FollowerState.java:run(137)) - bcedaf3e-3b45-4de1-8682-1fb59b13139d@group-66CF6CC76846-FollowerState was interrupted: {}
java.lang.InterruptedException: sleep interrupted
	at java.lang.Thread.sleep(Native Method)
	at org.apache.ratis.util.JavaUtils.sleep(JavaUtils.java:250)
	at org.apache.ratis.server.impl.FollowerState.run(FollowerState.java:116)
2020-12-15 13:59:00,518 [grpc-default-executor-5] INFO  impl.RaftServerImpl (RaftServerImpl.java:requestVote(963)) -  FOLLOWER bcedaf3e-3b45-4de1-8682-1fb59b13139d@group-66CF6CC76846:t1, leader=null, voted=null, raftlog=bcedaf3e-3b45-4de1-8682-1fb59b13139d@group-66CF6CC76846-SegmentedRaftLog:OPENED:c-1,f-1,i0, conf=-1: [bcedaf3e-3b45-4de1-8682-1fb59b13139d|rpc:172.17.0.2:34627|dataStream:, c6e04511-2206-46f8-9e26-aeae93b0c1d5|rpc:172.17.0.2:36945|dataStream:, 5928c4bb-8a64-400c-b032-ccd85110c165|rpc:172.17.0.2:39247|dataStream:], old=null RUNNING priority:0 candidate:5928c4bb-8a64-400c-b032-ccd85110c165|rpc:172.17.0.2:39247|dataStream: candidatePriority:0 compare:0
2020-12-15 13:59:00,535 [grpc-default-executor-1] INFO  impl.RaftServerImpl (RaftServerImpl.java:setRole(204)) - c6e04511-2206-46f8-9e26-aeae93b0c1d5@group-66CF6CC76846: changes role from  FOLLOWER to FOLLOWER at term 1 for recognizeCandidate:5928c4bb-8a64-400c-b032-ccd85110c165
2020-12-15 13:59:00,535 [grpc-default-executor-1] INFO  impl.RoleInfo (RoleInfo.java:shutdownFollowerState(121)) - c6e04511-2206-46f8-9e26-aeae93b0c1d5: shutdown c6e04511-2206-46f8-9e26-aeae93b0c1d5@group-66CF6CC76846-FollowerState
2020-12-15 13:59:00,535 [grpc-default-executor-1] INFO  impl.RoleInfo (RoleInfo.java:updateAndGet(143)) - c6e04511-2206-46f8-9e26-aeae93b0c1d5: start c6e04511-2206-46f8-9e26-aeae93b0c1d5@group-66CF6CC76846-FollowerState
2020-12-15 13:59:00,535 [Thread-3276] INFO  impl.FollowerState (FollowerState.java:run(137)) - c6e04511-2206-46f8-9e26-aeae93b0c1d5@group-66CF6CC76846-FollowerState was interrupted: {}
java.lang.InterruptedException: sleep interrupted
	at java.lang.Thread.sleep(Native Method)
	at org.apache.ratis.util.JavaUtils.sleep(JavaUtils.java:250)
	at org.apache.ratis.server.impl.FollowerState.run(FollowerState.java:116)
2020-12-15 13:59:00,535 [grpc-default-executor-1] INFO  impl.RaftServerImpl (RaftServerImpl.java:requestVote(963)) -  FOLLOWER c6e04511-2206-46f8-9e26-aeae93b0c1d5@group-66CF6CC76846:t1, leader=null, voted=null, raftlog=c6e04511-2206-46f8-9e26-aeae93b0c1d5@group-66CF6CC76846-SegmentedRaftLog:OPENED:c-1,f-1,i0, conf=-1: [bcedaf3e-3b45-4de1-8682-1fb59b13139d|rpc:172.17.0.2:34627|dataStream:, c6e04511-2206-46f8-9e26-aeae93b0c1d5|rpc:172.17.0.2:36945|dataStream:, 5928c4bb-8a64-400c-b032-ccd85110c165|rpc:172.17.0.2:39247|dataStream:], old=null RUNNING priority:0 candidate:5928c4bb-8a64-400c-b032-ccd85110c165|rpc:172.17.0.2:39247|dataStream: candidatePriority:0 compare:0
2020-12-15 13:59:00,538 [5928c4bb-8a64-400c-b032-ccd85110c165@group-66CF6CC76846-LeaderElection48] INFO  impl.LeaderElection (LeaderElection.java:logAndReturn(65)) - 5928c4bb-8a64-400c-b032-ccd85110c165@group-66CF6CC76846-LeaderElection48: Election PASSED; received 1 response(s) [5928c4bb-8a64-400c-b032-ccd85110c165<-bcedaf3e-3b45-4de1-8682-1fb59b13139d#0:OK-t1] and 0 exception(s); 5928c4bb-8a64-400c-b032-ccd85110c165@group-66CF6CC76846:t1, leader=null, voted=5928c4bb-8a64-400c-b032-ccd85110c165, raftlog=5928c4bb-8a64-400c-b032-ccd85110c165@group-66CF6CC76846-SegmentedRaftLog:OPENED:c-1,f-1,i0, conf=-1: [bcedaf3e-3b45-4de1-8682-1fb59b13139d|rpc:172.17.0.2:34627, c6e04511-2206-46f8-9e26-aeae93b0c1d5|rpc:172.17.0.2:36945, 5928c4bb-8a64-400c-b032-ccd85110c165|rpc:172.17.0.2:39247], old=null
2020-12-15 13:59:00,538 [5928c4bb-8a64-400c-b032-ccd85110c165@group-66CF6CC76846-LeaderElection48] INFO  impl.RoleInfo (RoleInfo.java:shutdownLeaderElection(134)) - 5928c4bb-8a64-400c-b032-ccd85110c165: shutdown 5928c4bb-8a64-400c-b032-ccd85110c165@group-66CF6CC76846-LeaderElection48
2020-12-15 13:59:00,538 [5928c4bb-8a64-400c-b032-ccd85110c165@group-66CF6CC76846-LeaderElection48] INFO  impl.RaftServerImpl (RaftServerImpl.java:setRole(204)) - 5928c4bb-8a64-400c-b032-ccd85110c165@group-66CF6CC76846: changes role from CANDIDATE to LEADER at term 1 for changeToLeader
2020-12-15 13:59:00,539 [5928c4bb-8a64-400c-b032-ccd85110c165@group-66CF6CC76846-LeaderElection48] INFO  ratis.XceiverServerRatis (XceiverServerRatis.java:handleLeaderChangedNotification(854)) - Leader change notification received for group: group-66CF6CC76846 with new leaderId: 5928c4bb-8a64-400c-b032-ccd85110c165
2020-12-15 13:59:00,539 [5928c4bb-8a64-400c-b032-ccd85110c165@group-66CF6CC76846-LeaderElection48] INFO  impl.RaftServerImpl (ServerState.java:setLeader(256)) - 5928c4bb-8a64-400c-b032-ccd85110c165@group-66CF6CC76846: change Leader from null to 5928c4bb-8a64-400c-b032-ccd85110c165 at term 1 for becomeLeader, leader elected after 5142ms
2020-12-15 13:59:00,539 [5928c4bb-8a64-400c-b032-ccd85110c165@group-66CF6CC76846-LeaderElection48] INFO  server.RaftServerConfigKeys (ConfUtils.java:logGet(44)) - raft.server.staging.catchup.gap = 1000 (default)
2020-12-15 13:59:00,539 [5928c4bb-8a64-400c-b032-ccd85110c165@group-66CF6CC76846-LeaderElection48] INFO  server.RaftServerConfigKeys (ConfUtils.java:logGet(44)) - raft.server.rpc.sleep.time = 25ms (default)
2020-12-15 13:59:00,539 [5928c4bb-8a64-400c-b032-ccd85110c165@group-66CF6CC76846-LeaderElection48] INFO  metrics.RatisMetrics (RatisMetrics.java:lambda$create$0(36)) - Creating Metrics Registry : ratis.log_appender.5928c4bb-8a64-400c-b032-ccd85110c165@group-66CF6CC76846
2020-12-15 13:59:00,539 [5928c4bb-8a64-400c-b032-ccd85110c165@group-66CF6CC76846-LeaderElection48] INFO  server.RaftServerConfigKeys (ConfUtils.java:logGet(44)) - raft.server.write.element-limit = 1024 (custom)
2020-12-15 13:59:00,539 [EventQueue-PipelineReportForPipelineReportHandler] INFO  pipeline.PipelineStateManager (PipelineStateManager.java:openPipeline(132)) - Pipeline Pipeline[ Id: fb3c94f4-49a5-4a06-87bf-66cf6cc76846, Nodes: c6e04511-2206-46f8-9e26-aeae93b0c1d5{ip: 172.17.0.2, host: b0da2dc6b281, networkLocation: /default-rack, certSerialId: null, persistedOpState: IN_SERVICE, persistedOpStateExpiryEpochSec: 0}5928c4bb-8a64-400c-b032-ccd85110c165{ip: 172.17.0.2, host: b0da2dc6b281, networkLocation: /default-rack, certSerialId: null, persistedOpState: IN_SERVICE, persistedOpStateExpiryEpochSec: 0}bcedaf3e-3b45-4de1-8682-1fb59b13139d{ip: 172.17.0.2, host: b0da2dc6b281, networkLocation: /default-rack, certSerialId: null, persistedOpState: IN_SERVICE, persistedOpStateExpiryEpochSec: 0}, Type:RATIS, Factor:THREE, State:ALLOCATED, leaderId:5928c4bb-8a64-400c-b032-ccd85110c165, CreationTimestamp2020-12-15T13:58:52.798Z] moved to OPEN state
2020-12-15 13:59:00,540 [EventQueue-OpenPipelineForHealthyPipelineSafeModeRule] INFO  safemode.SCMSafeModeManager (HealthyPipelineSafeModeRule.java:process(128)) - SCM in safe mode. Healthy pipelines reported count is 0, required healthy pipeline reported count is 1
2020-12-15 13:59:00,540 [EventQueue-OpenPipelineForHealthyPipelineSafeModeRule] INFO  safemode.SCMSafeModeManager (HealthyPipelineSafeModeRule.java:process(128)) - SCM in safe mode. Healthy pipelines reported count is 1, required healthy pipeline reported count is 1
2020-12-15 13:59:00,539 [EventQueue-PipelineReportForOneReplicaPipelineSafeModeRule] INFO  safemode.SCMSafeModeManager (SCMSafeModeManager.java:validateSafeModeExitRules(214)) - AtleastOneDatanodeReportedRule rule is successfully validated
2020-12-15 13:59:00,540 [EventQueue-OpenPipelineForHealthyPipelineSafeModeRule] INFO  safemode.SCMSafeModeManager (SCMSafeModeManager.java:validateSafeModeExitRules(214)) - HealthyPipelineSafeModeRule rule is successfully validated
2020-12-15 13:59:00,540 [EventQueue-OpenPipelineForHealthyPipelineSafeModeRule] INFO  safemode.SCMSafeModeManager (SCMSafeModeManager.java:validateSafeModeExitRules(228)) - ScmSafeModeManager, all rules are successfully validated
2020-12-15 13:59:00,540 [EventQueue-OpenPipelineForHealthyPipelineSafeModeRule] INFO  safemode.SCMSafeModeManager (SCMSafeModeManager.java:exitSafeMode(257)) - SCM exiting safe mode.
2020-12-15 13:59:00,539 [5928c4bb-8a64-400c-b032-ccd85110c165@group-66CF6CC76846-LeaderElection48] INFO  server.RaftServerConfigKeys (ConfUtils.java:logGet(44)) - raft.server.write.byte-limit = 1073741824 (custom)
2020-12-15 13:59:00,544 [5928c4bb-8a64-400c-b032-ccd85110c165@group-66CF6CC76846-LeaderElection48] INFO  server.RaftServerConfigKeys (ConfUtils.java:logGet(44)) - raft.server.watch.timeout = 180s (custom)
2020-12-15 13:59:00,545 [5928c4bb-8a64-400c-b032-ccd85110c165@group-66CF6CC76846-LeaderElection48] INFO  server.RaftServerConfigKeys (ConfUtils.java:logGet(44)) - raft.server.watch.timeout.denomination = 1s (default)
2020-12-15 13:59:00,545 [5928c4bb-8a64-400c-b032-ccd85110c165@group-66CF6CC76846-LeaderElection48] INFO  server.RaftServerConfigKeys (ConfUtils.java:logGet(44)) - raft.server.watch.element-limit = 65536 (default)
2020-12-15 13:59:00,545 [5928c4bb-8a64-400c-b032-ccd85110c165@group-66CF6CC76846-LeaderElection48] INFO  server.RaftServerConfigKeys (ConfUtils.java:logGet(44)) - raft.server.log.appender.snapshot.chunk.size.max = 16MB (=16777216) (default)
2020-12-15 13:59:00,545 [5928c4bb-8a64-400c-b032-ccd85110c165@group-66CF6CC76846-LeaderElection48] INFO  server.RaftServerConfigKeys (ConfUtils.java:logGet(44)) - raft.server.log.appender.buffer.byte-limit = 33554432 (custom)
2020-12-15 13:59:00,545 [5928c4bb-8a64-400c-b032-ccd85110c165@group-66CF6CC76846-LeaderElection48] INFO  server.RaftServerConfigKeys (ConfUtils.java:logGet(44)) - raft.server.log.appender.buffer.element-limit = 1 (custom)
2020-12-15 13:59:00,545 [5928c4bb-8a64-400c-b032-ccd85110c165@group-66CF6CC76846-LeaderElection48] INFO  grpc.GrpcConfigKeys (ConfUtils.java:logGet(44)) - raft.grpc.server.leader.outstanding.appends.max = 128 (default)
2020-12-15 13:59:00,545 [5928c4bb-8a64-400c-b032-ccd85110c165@group-66CF6CC76846-LeaderElection48] INFO  server.RaftServerConfigKeys (ConfUtils.java:logGet(44)) - raft.server.rpc.request.timeout = 60s (custom)
2020-12-15 13:59:00,545 [5928c4bb-8a64-400c-b032-ccd85110c165@group-66CF6CC76846-LeaderElection48] INFO  server.RaftServerConfigKeys (ConfUtils.java:logGet(44)) - raft.server.log.appender.install.snapshot.enabled = false (custom)
2020-12-15 13:59:00,545 [5928c4bb-8a64-400c-b032-ccd85110c165@group-66CF6CC76846-LeaderElection48] INFO  metrics.RatisMetrics (RatisMetrics.java:lambda$create$0(36)) - Creating Metrics Registry : ratis_grpc.log_appender.5928c4bb-8a64-400c-b032-ccd85110c165@group-66CF6CC76846
2020-12-15 13:59:00,547 [5928c4bb-8a64-400c-b032-ccd85110c165@group-66CF6CC76846-LeaderElection48] INFO  server.RaftServerConfigKeys (ConfUtils.java:logGet(44)) - raft.server.log.appender.snapshot.chunk.size.max = 16MB (=16777216) (default)
2020-12-15 13:59:00,547 [5928c4bb-8a64-400c-b032-ccd85110c165@group-66CF6CC76846-LeaderElection48] INFO  server.RaftServerConfigKeys (ConfUtils.java:logGet(44)) - raft.server.log.appender.buffer.byte-limit = 33554432 (custom)
2020-12-15 13:59:00,547 [5928c4bb-8a64-400c-b032-ccd85110c165@group-66CF6CC76846-LeaderElection48] INFO  server.RaftServerConfigKeys (ConfUtils.java:logGet(44)) - raft.server.log.appender.buffer.element-limit = 1 (custom)
2020-12-15 13:59:00,547 [5928c4bb-8a64-400c-b032-ccd85110c165@group-66CF6CC76846-LeaderElection48] INFO  grpc.GrpcConfigKeys (ConfUtils.java:logGet(44)) - raft.grpc.server.leader.outstanding.appends.max = 128 (default)
2020-12-15 13:59:00,547 [5928c4bb-8a64-400c-b032-ccd85110c165@group-66CF6CC76846-LeaderElection48] INFO  server.RaftServerConfigKeys (ConfUtils.java:logGet(44)) - raft.server.rpc.request.timeout = 60s (custom)
2020-12-15 13:59:00,547 [5928c4bb-8a64-400c-b032-ccd85110c165@group-66CF6CC76846-LeaderElection48] INFO  server.RaftServerConfigKeys (ConfUtils.java:logGet(44)) - raft.server.log.appender.install.snapshot.enabled = false (custom)
2020-12-15 13:59:00,549 [5928c4bb-8a64-400c-b032-ccd85110c165@group-66CF6CC76846-LeaderElection48] INFO  impl.RoleInfo (RoleInfo.java:updateAndGet(143)) - 5928c4bb-8a64-400c-b032-ccd85110c165: start 5928c4bb-8a64-400c-b032-ccd85110c165@group-66CF6CC76846-LeaderState
2020-12-15 13:59:00,550 [5928c4bb-8a64-400c-b032-ccd85110c165@group-66CF6CC76846-LeaderElection48] INFO  segmented.SegmentedRaftLogWorker (SegmentedRaftLogWorker.java:startLogSegment(398)) - 5928c4bb-8a64-400c-b032-ccd85110c165@group-66CF6CC76846-SegmentedRaftLogWorker: Starting segment from index:0
2020-12-15 13:59:00,553 [5928c4bb-8a64-400c-b032-ccd85110c165@group-66CF6CC76846-LeaderElection48] INFO  impl.RaftServerImpl (ServerState.java:setRaftConf(374)) - 5928c4bb-8a64-400c-b032-ccd85110c165@group-66CF6CC76846: set configuration 0: [bcedaf3e-3b45-4de1-8682-1fb59b13139d|rpc:172.17.0.2:34627|dataStream:, c6e04511-2206-46f8-9e26-aeae93b0c1d5|rpc:172.17.0.2:36945|dataStream:, 5928c4bb-8a64-400c-b032-ccd85110c165|rpc:172.17.0.2:39247|dataStream:], old=null at 0
2020-12-15 13:59:00,562 [5928c4bb-8a64-400c-b032-ccd85110c165@group-66CF6CC76846-SegmentedRaftLogWorker] INFO  segmented.SegmentedRaftLogWorker (SegmentedRaftLogWorker.java:execute(597)) - 5928c4bb-8a64-400c-b032-ccd85110c165@group-66CF6CC76846-SegmentedRaftLogWorker: created new log segment /github/workspace/mnt/ozone/hadoop-ozone/integration-test/target/test-dir/MiniOzoneClusterImpl-933616a4-3ca4-434e-83a8-17d3c89ffd28/datanode-0/data/ratis/fb3c94f4-49a5-4a06-87bf-66cf6cc76846/current/log_inprogress_0
2020-12-15 13:59:00,568 [grpc-default-executor-1] INFO  ratis.XceiverServerRatis (XceiverServerRatis.java:handleLeaderChangedNotification(854)) - Leader change notification received for group: group-66CF6CC76846 with new leaderId: 5928c4bb-8a64-400c-b032-ccd85110c165
2020-12-15 13:59:00,568 [grpc-default-executor-1] INFO  impl.RaftServerImpl (ServerState.java:setLeader(256)) - bcedaf3e-3b45-4de1-8682-1fb59b13139d@group-66CF6CC76846: change Leader from null to 5928c4bb-8a64-400c-b032-ccd85110c165 at term 1 for appendEntries, leader elected after 5086ms
2020-12-15 13:59:00,573 [grpc-default-executor-5] INFO  ratis.XceiverServerRatis (XceiverServerRatis.java:handleLeaderChangedNotification(854)) - Leader change notification received for group: group-66CF6CC76846 with new leaderId: 5928c4bb-8a64-400c-b032-ccd85110c165
2020-12-15 13:59:00,573 [grpc-default-executor-5] INFO  impl.RaftServerImpl (ServerState.java:setLeader(256)) - c6e04511-2206-46f8-9e26-aeae93b0c1d5@group-66CF6CC76846: change Leader from null to 5928c4bb-8a64-400c-b032-ccd85110c165 at term 1 for appendEntries, leader elected after 5139ms
2020-12-15 13:59:00,574 [grpc-default-executor-0] INFO  impl.RaftServerImpl (ServerState.java:setRaftConf(374)) - bcedaf3e-3b45-4de1-8682-1fb59b13139d@group-66CF6CC76846: set configuration 0: [bcedaf3e-3b45-4de1-8682-1fb59b13139d|rpc:172.17.0.2:34627|dataStream:, c6e04511-2206-46f8-9e26-aeae93b0c1d5|rpc:172.17.0.2:36945|dataStream:, 5928c4bb-8a64-400c-b032-ccd85110c165|rpc:172.17.0.2:39247|dataStream:], old=null at 0
2020-12-15 13:59:00,575 [grpc-default-executor-5] INFO  impl.RaftServerImpl (ServerState.java:setRaftConf(374)) - c6e04511-2206-46f8-9e26-aeae93b0c1d5@group-66CF6CC76846: set configuration 0: [bcedaf3e-3b45-4de1-8682-1fb59b13139d|rpc:172.17.0.2:34627|dataStream:, c6e04511-2206-46f8-9e26-aeae93b0c1d5|rpc:172.17.0.2:36945|dataStream:, 5928c4bb-8a64-400c-b032-ccd85110c165|rpc:172.17.0.2:39247|dataStream:], old=null at 0
2020-12-15 13:59:00,576 [grpc-default-executor-0] INFO  segmented.SegmentedRaftLogWorker (SegmentedRaftLogWorker.java:startLogSegment(398)) - bcedaf3e-3b45-4de1-8682-1fb59b13139d@group-66CF6CC76846-SegmentedRaftLogWorker: Starting segment from index:0
2020-12-15 13:59:00,577 [grpc-default-executor-5] INFO  segmented.SegmentedRaftLogWorker (SegmentedRaftLogWorker.java:startLogSegment(398)) - c6e04511-2206-46f8-9e26-aeae93b0c1d5@group-66CF6CC76846-SegmentedRaftLogWorker: Starting segment from index:0
2020-12-15 13:59:00,578 [bcedaf3e-3b45-4de1-8682-1fb59b13139d@group-66CF6CC76846-SegmentedRaftLogWorker] INFO  segmented.SegmentedRaftLogWorker (SegmentedRaftLogWorker.java:execute(597)) - bcedaf3e-3b45-4de1-8682-1fb59b13139d@group-66CF6CC76846-SegmentedRaftLogWorker: created new log segment /github/workspace/mnt/ozone/hadoop-ozone/integration-test/target/test-dir/MiniOzoneClusterImpl-933616a4-3ca4-434e-83a8-17d3c89ffd28/datanode-2/data/ratis/fb3c94f4-49a5-4a06-87bf-66cf6cc76846/current/log_inprogress_0
2020-12-15 13:59:00,579 [c6e04511-2206-46f8-9e26-aeae93b0c1d5@group-66CF6CC76846-SegmentedRaftLogWorker] INFO  segmented.SegmentedRaftLogWorker (SegmentedRaftLogWorker.java:execute(597)) - c6e04511-2206-46f8-9e26-aeae93b0c1d5@group-66CF6CC76846-SegmentedRaftLogWorker: created new log segment /github/workspace/mnt/ozone/hadoop-ozone/integration-test/target/test-dir/MiniOzoneClusterImpl-933616a4-3ca4-434e-83a8-17d3c89ffd28/datanode-1/data/ratis/fb3c94f4-49a5-4a06-87bf-66cf6cc76846/current/log_inprogress_0
2020-12-15 13:59:00,584 [Thread-3272] INFO  impl.FollowerState (FollowerState.java:run(128)) - 5928c4bb-8a64-400c-b032-ccd85110c165@group-1DD43D2FAAF8-FollowerState: change to CANDIDATE, lastRpcTime:5194ms, electionTimeout:5194ms
2020-12-15 13:59:00,584 [Thread-3272] INFO  impl.RoleInfo (RoleInfo.java:shutdownFollowerState(121)) - 5928c4bb-8a64-400c-b032-ccd85110c165: shutdown 5928c4bb-8a64-400c-b032-ccd85110c165@group-1DD43D2FAAF8-FollowerState
2020-12-15 13:59:00,584 [Thread-3272] INFO  impl.RaftServerImpl (RaftServerImpl.java:setRole(204)) - 5928c4bb-8a64-400c-b032-ccd85110c165@group-1DD43D2FAAF8: changes role from  FOLLOWER to CANDIDATE at term 0 for changeToCandidate
2020-12-15 13:59:00,585 [Thread-3272] INFO  impl.RoleInfo (RoleInfo.java:updateAndGet(143)) - 5928c4bb-8a64-400c-b032-ccd85110c165: start 5928c4bb-8a64-400c-b032-ccd85110c165@group-1DD43D2FAAF8-LeaderElection49
2020-12-15 13:59:00,590 [5928c4bb-8a64-400c-b032-ccd85110c165@group-1DD43D2FAAF8-LeaderElection49] INFO  impl.LeaderElection (LeaderElection.java:askForVotes(215)) - 5928c4bb-8a64-400c-b032-ccd85110c165@group-1DD43D2FAAF8-LeaderElection49: begin an election at term 1 for -1: [5928c4bb-8a64-400c-b032-ccd85110c165|rpc:172.17.0.2:39247], old=null
2020-12-15 13:59:00,590 [5928c4bb-8a64-400c-b032-ccd85110c165@group-1DD43D2FAAF8-LeaderElection49] INFO  impl.RoleInfo (RoleInfo.java:shutdownLeaderElection(134)) - 5928c4bb-8a64-400c-b032-ccd85110c165: shutdown 5928c4bb-8a64-400c-b032-ccd85110c165@group-1DD43D2FAAF8-LeaderElection49
2020-12-15 13:59:00,590 [5928c4bb-8a64-400c-b032-ccd85110c165@group-1DD43D2FAAF8-LeaderElection49] INFO  impl.RaftServerImpl (RaftServerImpl.java:setRole(204)) - 5928c4bb-8a64-400c-b032-ccd85110c165@group-1DD43D2FAAF8: changes role from CANDIDATE to LEADER at term 1 for changeToLeader
2020-12-15 13:59:00,590 [5928c4bb-8a64-400c-b032-ccd85110c165@group-1DD43D2FAAF8-LeaderElection49] INFO  ratis.XceiverServerRatis (XceiverServerRatis.java:handleLeaderChangedNotification(854)) - Leader change notification received for group: group-1DD43D2FAAF8 with new leaderId: 5928c4bb-8a64-400c-b032-ccd85110c165
2020-12-15 13:59:00,590 [5928c4bb-8a64-400c-b032-ccd85110c165@group-1DD43D2FAAF8-LeaderElection49] INFO  impl.RaftServerImpl (ServerState.java:setLeader(256)) - 5928c4bb-8a64-400c-b032-ccd85110c165@group-1DD43D2FAAF8: change Leader from null to 5928c4bb-8a64-400c-b032-ccd85110c165 at term 1 for becomeLeader, leader elected after 5213ms
2020-12-15 13:59:00,590 [5928c4bb-8a64-400c-b032-ccd85110c165@group-1DD43D2FAAF8-LeaderElection49] INFO  server.RaftServerConfigKeys (ConfUtils.java:logGet(44)) - raft.server.staging.catchup.gap = 1000 (default)
2020-12-15 13:59:00,590 [5928c4bb-8a64-400c-b032-ccd85110c165@group-1DD43D2FAAF8-LeaderElection49] INFO  server.RaftServerConfigKeys (ConfUtils.java:logGet(44)) - raft.server.rpc.sleep.time = 25ms (default)
2020-12-15 13:59:00,590 [5928c4bb-8a64-400c-b032-ccd85110c165@group-1DD43D2FAAF8-LeaderElection49] INFO  metrics.RatisMetrics (RatisMetrics.java:lambda$create$0(36)) - Creating Metrics Registry : ratis.log_appender.5928c4bb-8a64-400c-b032-ccd85110c165@group-1DD43D2FAAF8
2020-12-15 13:59:00,590 [5928c4bb-8a64-400c-b032-ccd85110c165@group-1DD43D2FAAF8-LeaderElection49] INFO  server.RaftServerConfigKeys (ConfUtils.java:logGet(44)) - raft.server.write.element-limit = 1024 (custom)
2020-12-15 13:59:00,591 [5928c4bb-8a64-400c-b032-ccd85110c165@group-1DD43D2FAAF8-LeaderElection49] INFO  server.RaftServerConfigKeys (ConfUtils.java:logGet(44)) - raft.server.write.byte-limit = 1073741824 (custom)
2020-12-15 13:59:00,591 [5928c4bb-8a64-400c-b032-ccd85110c165@group-1DD43D2FAAF8-LeaderElection49] INFO  server.RaftServerConfigKeys (ConfUtils.java:logGet(44)) - raft.server.watch.timeout = 180s (custom)
2020-12-15 13:59:00,591 [5928c4bb-8a64-400c-b032-ccd85110c165@group-1DD43D2FAAF8-LeaderElection49] INFO  server.RaftServerConfigKeys (ConfUtils.java:logGet(44)) - raft.server.watch.timeout.denomination = 1s (default)
2020-12-15 13:59:00,591 [5928c4bb-8a64-400c-b032-ccd85110c165@group-1DD43D2FAAF8-LeaderElection49] INFO  server.RaftServerConfigKeys (ConfUtils.java:logGet(44)) - raft.server.watch.element-limit = 65536 (default)
2020-12-15 13:59:00,591 [5928c4bb-8a64-400c-b032-ccd85110c165@group-1DD43D2FAAF8-LeaderElection49] INFO  impl.RoleInfo (RoleInfo.java:updateAndGet(143)) - 5928c4bb-8a64-400c-b032-ccd85110c165: start 5928c4bb-8a64-400c-b032-ccd85110c165@group-1DD43D2FAAF8-LeaderState
2020-12-15 13:59:00,592 [5928c4bb-8a64-400c-b032-ccd85110c165@group-1DD43D2FAAF8-LeaderElection49] INFO  segmented.SegmentedRaftLogWorker (SegmentedRaftLogWorker.java:startLogSegment(398)) - 5928c4bb-8a64-400c-b032-ccd85110c165@group-1DD43D2FAAF8-SegmentedRaftLogWorker: Starting segment from index:0
2020-12-15 13:59:00,592 [5928c4bb-8a64-400c-b032-ccd85110c165@group-1DD43D2FAAF8-LeaderElection49] INFO  impl.RaftServerImpl (ServerState.java:setRaftConf(374)) - 5928c4bb-8a64-400c-b032-ccd85110c165@group-1DD43D2FAAF8: set configuration 0: [5928c4bb-8a64-400c-b032-ccd85110c165|rpc:172.17.0.2:39247|dataStream:], old=null at 0
2020-12-15 13:59:00,593 [5928c4bb-8a64-400c-b032-ccd85110c165@group-1DD43D2FAAF8-SegmentedRaftLogWorker] INFO  segmented.SegmentedRaftLogWorker (SegmentedRaftLogWorker.java:execute(597)) - 5928c4bb-8a64-400c-b032-ccd85110c165@group-1DD43D2FAAF8-SegmentedRaftLogWorker: created new log segment /github/workspace/mnt/ozone/hadoop-ozone/integration-test/target/test-dir/MiniOzoneClusterImpl-933616a4-3ca4-434e-83a8-17d3c89ffd28/datanode-0/data/ratis/6a023ab8-2bcb-48ec-a7dd-1dd43d2faaf8/current/log_inprogress_0
2020-12-15 13:59:00,738 [Thread-3282] INFO  impl.FollowerState (FollowerState.java:run(128)) - c6e04511-2206-46f8-9e26-aeae93b0c1d5@group-CF587590A064-FollowerState: change to CANDIDATE, lastRpcTime:5120ms, electionTimeout:5120ms
2020-12-15 13:59:00,738 [Thread-3282] INFO  impl.RoleInfo (RoleInfo.java:shutdownFollowerState(121)) - c6e04511-2206-46f8-9e26-aeae93b0c1d5: shutdown c6e04511-2206-46f8-9e26-aeae93b0c1d5@group-CF587590A064-FollowerState
2020-12-15 13:59:00,738 [Thread-3282] INFO  impl.RaftServerImpl (RaftServerImpl.java:setRole(204)) - c6e04511-2206-46f8-9e26-aeae93b0c1d5@group-CF587590A064: changes role from  FOLLOWER to CANDIDATE at term 0 for changeToCandidate
2020-12-15 13:59:00,738 [Thread-3282] INFO  impl.RoleInfo (RoleInfo.java:updateAndGet(143)) - c6e04511-2206-46f8-9e26-aeae93b0c1d5: start c6e04511-2206-46f8-9e26-aeae93b0c1d5@group-CF587590A064-LeaderElection50
2020-12-15 13:59:00,748 [c6e04511-2206-46f8-9e26-aeae93b0c1d5@group-CF587590A064-LeaderElection50] INFO  impl.LeaderElection (LeaderElection.java:askForVotes(215)) - c6e04511-2206-46f8-9e26-aeae93b0c1d5@group-CF587590A064-LeaderElection50: begin an election at term 1 for -1: [c6e04511-2206-46f8-9e26-aeae93b0c1d5|rpc:172.17.0.2:36945], old=null
2020-12-15 13:59:00,748 [c6e04511-2206-46f8-9e26-aeae93b0c1d5@group-CF587590A064-LeaderElection50] INFO  impl.RoleInfo (RoleInfo.java:shutdownLeaderElection(134)) - c6e04511-2206-46f8-9e26-aeae93b0c1d5: shutdown c6e04511-2206-46f8-9e26-aeae93b0c1d5@group-CF587590A064-LeaderElection50
2020-12-15 13:59:00,748 [c6e04511-2206-46f8-9e26-aeae93b0c1d5@group-CF587590A064-LeaderElection50] INFO  impl.RaftServerImpl (RaftServerImpl.java:setRole(204)) - c6e04511-2206-46f8-9e26-aeae93b0c1d5@group-CF587590A064: changes role from CANDIDATE to LEADER at term 1 for changeToLeader
2020-12-15 13:59:00,748 [c6e04511-2206-46f8-9e26-aeae93b0c1d5@group-CF587590A064-LeaderElection50] INFO  ratis.XceiverServerRatis (XceiverServerRatis.java:handleLeaderChangedNotification(854)) - Leader change notification received for group: group-CF587590A064 with new leaderId: c6e04511-2206-46f8-9e26-aeae93b0c1d5
2020-12-15 13:59:00,748 [c6e04511-2206-46f8-9e26-aeae93b0c1d5@group-CF587590A064-LeaderElection50] INFO  impl.RaftServerImpl (ServerState.java:setLeader(256)) - c6e04511-2206-46f8-9e26-aeae93b0c1d5@group-CF587590A064: change Leader from null to c6e04511-2206-46f8-9e26-aeae93b0c1d5 at term 1 for becomeLeader, leader elected after 5141ms
2020-12-15 13:59:00,749 [c6e04511-2206-46f8-9e26-aeae93b0c1d5@group-CF587590A064-LeaderElection50] INFO  server.RaftServerConfigKeys (ConfUtils.java:logGet(44)) - raft.server.staging.catchup.gap = 1000 (default)
2020-12-15 13:59:00,749 [c6e04511-2206-46f8-9e26-aeae93b0c1d5@group-CF587590A064-LeaderElection50] INFO  server.RaftServerConfigKeys (ConfUtils.java:logGet(44)) - raft.server.rpc.sleep.time = 25ms (default)
2020-12-15 13:59:00,749 [c6e04511-2206-46f8-9e26-aeae93b0c1d5@group-CF587590A064-LeaderElection50] INFO  metrics.RatisMetrics (RatisMetrics.java:lambda$create$0(36)) - Creating Metrics Registry : ratis.log_appender.c6e04511-2206-46f8-9e26-aeae93b0c1d5@group-CF587590A064
2020-12-15 13:59:00,749 [c6e04511-2206-46f8-9e26-aeae93b0c1d5@group-CF587590A064-LeaderElection50] INFO  server.RaftServerConfigKeys (ConfUtils.java:logGet(44)) - raft.server.write.element-limit = 1024 (custom)
2020-12-15 13:59:00,749 [c6e04511-2206-46f8-9e26-aeae93b0c1d5@group-CF587590A064-LeaderElection50] INFO  server.RaftServerConfigKeys (ConfUtils.java:logGet(44)) - raft.server.write.byte-limit = 1073741824 (custom)
2020-12-15 13:59:00,750 [c6e04511-2206-46f8-9e26-aeae93b0c1d5@group-CF587590A064-LeaderElection50] INFO  server.RaftServerConfigKeys (ConfUtils.java:logGet(44)) - raft.server.watch.timeout = 180s (custom)
2020-12-15 13:59:00,750 [c6e04511-2206-46f8-9e26-aeae93b0c1d5@group-CF587590A064-LeaderElection50] INFO  server.RaftServerConfigKeys (ConfUtils.java:logGet(44)) - raft.server.watch.timeout.denomination = 1s (default)
2020-12-15 13:59:00,750 [c6e04511-2206-46f8-9e26-aeae93b0c1d5@group-CF587590A064-LeaderElection50] INFO  server.RaftServerConfigKeys (ConfUtils.java:logGet(44)) - raft.server.watch.element-limit = 65536 (default)
2020-12-15 13:59:00,750 [c6e04511-2206-46f8-9e26-aeae93b0c1d5@group-CF587590A064-LeaderElection50] INFO  impl.RoleInfo (RoleInfo.java:updateAndGet(143)) - c6e04511-2206-46f8-9e26-aeae93b0c1d5: start c6e04511-2206-46f8-9e26-aeae93b0c1d5@group-CF587590A064-LeaderState
2020-12-15 13:59:00,751 [c6e04511-2206-46f8-9e26-aeae93b0c1d5@group-CF587590A064-LeaderElection50] INFO  segmented.SegmentedRaftLogWorker (SegmentedRaftLogWorker.java:startLogSegment(398)) - c6e04511-2206-46f8-9e26-aeae93b0c1d5@group-CF587590A064-SegmentedRaftLogWorker: Starting segment from index:0
2020-12-15 13:59:00,751 [c6e04511-2206-46f8-9e26-aeae93b0c1d5@group-CF587590A064-LeaderElection50] INFO  impl.RaftServerImpl (ServerState.java:setRaftConf(374)) - c6e04511-2206-46f8-9e26-aeae93b0c1d5@group-CF587590A064: set configuration 0: [c6e04511-2206-46f8-9e26-aeae93b0c1d5|rpc:172.17.0.2:36945|dataStream:], old=null at 0
2020-12-15 13:59:00,752 [c6e04511-2206-46f8-9e26-aeae93b0c1d5@group-CF587590A064-SegmentedRaftLogWorker] INFO  segmented.SegmentedRaftLogWorker (SegmentedRaftLogWorker.java:execute(597)) - c6e04511-2206-46f8-9e26-aeae93b0c1d5@group-CF587590A064-SegmentedRaftLogWorker: created new log segment /github/workspace/mnt/ozone/hadoop-ozone/integration-test/target/test-dir/MiniOzoneClusterImpl-933616a4-3ca4-434e-83a8-17d3c89ffd28/datanode-1/data/ratis/8abdd307-9a78-4c12-9f53-cf587590a064/current/log_inprogress_0
2020-12-15 13:59:00,887 [Thread-3284] INFO  impl.FollowerState (FollowerState.java:run(128)) - bcedaf3e-3b45-4de1-8682-1fb59b13139d@group-295CDD7E3229-FollowerState: change to CANDIDATE, lastRpcTime:5068ms, electionTimeout:5068ms
2020-12-15 13:59:00,887 [Thread-3284] INFO  impl.RoleInfo (RoleInfo.java:shutdownFollowerState(121)) - bcedaf3e-3b45-4de1-8682-1fb59b13139d: shutdown bcedaf3e-3b45-4de1-8682-1fb59b13139d@group-295CDD7E3229-FollowerState
2020-12-15 13:59:00,887 [Thread-3284] INFO  impl.RaftServerImpl (RaftServerImpl.java:setRole(204)) - bcedaf3e-3b45-4de1-8682-1fb59b13139d@group-295CDD7E3229: changes role from  FOLLOWER to CANDIDATE at term 0 for changeToCandidate
2020-12-15 13:59:00,887 [Thread-3284] INFO  impl.RoleInfo (RoleInfo.java:updateAndGet(143)) - bcedaf3e-3b45-4de1-8682-1fb59b13139d: start bcedaf3e-3b45-4de1-8682-1fb59b13139d@group-295CDD7E3229-LeaderElection51
2020-12-15 13:59:00,892 [bcedaf3e-3b45-4de1-8682-1fb59b13139d@group-295CDD7E3229-LeaderElection51] INFO  impl.LeaderElection (LeaderElection.java:askForVotes(215)) - bcedaf3e-3b45-4de1-8682-1fb59b13139d@group-295CDD7E3229-LeaderElection51: begin an election at term 1 for -1: [bcedaf3e-3b45-4de1-8682-1fb59b13139d|rpc:172.17.0.2:34627], old=null
2020-12-15 13:59:00,892 [bcedaf3e-3b45-4de1-8682-1fb59b13139d@group-295CDD7E3229-LeaderElection51] INFO  impl.RoleInfo (RoleInfo.java:shutdownLeaderElection(134)) - bcedaf3e-3b45-4de1-8682-1fb59b13139d: shutdown bcedaf3e-3b45-4de1-8682-1fb59b13139d@group-295CDD7E3229-LeaderElection51
2020-12-15 13:59:00,892 [bcedaf3e-3b45-4de1-8682-1fb59b13139d@group-295CDD7E3229-LeaderElection51] INFO  impl.RaftServerImpl (RaftServerImpl.java:setRole(204)) - bcedaf3e-3b45-4de1-8682-1fb59b13139d@group-295CDD7E3229: changes role from CANDIDATE to LEADER at term 1 for changeToLeader
2020-12-15 13:59:00,892 [bcedaf3e-3b45-4de1-8682-1fb59b13139d@group-295CDD7E3229-LeaderElection51] INFO  ratis.XceiverServerRatis (XceiverServerRatis.java:handleLeaderChangedNotification(854)) - Leader change notification received for group: group-295CDD7E3229 with new leaderId: bcedaf3e-3b45-4de1-8682-1fb59b13139d
2020-12-15 13:59:00,892 [bcedaf3e-3b45-4de1-8682-1fb59b13139d@group-295CDD7E3229-LeaderElection51] INFO  impl.RaftServerImpl (ServerState.java:setLeader(256)) - bcedaf3e-3b45-4de1-8682-1fb59b13139d@group-295CDD7E3229: change Leader from null to bcedaf3e-3b45-4de1-8682-1fb59b13139d at term 1 for becomeLeader, leader elected after 5090ms
2020-12-15 13:59:00,892 [bcedaf3e-3b45-4de1-8682-1fb59b13139d@group-295CDD7E3229-LeaderElection51] INFO  server.RaftServerConfigKeys (ConfUtils.java:logGet(44)) - raft.server.staging.catchup.gap = 1000 (default)
2020-12-15 13:59:00,892 [bcedaf3e-3b45-4de1-8682-1fb59b13139d@group-295CDD7E3229-LeaderElection51] INFO  server.RaftServerConfigKeys (ConfUtils.java:logGet(44)) - raft.server.rpc.sleep.time = 25ms (default)
2020-12-15 13:59:00,892 [bcedaf3e-3b45-4de1-8682-1fb59b13139d@group-295CDD7E3229-LeaderElection51] INFO  metrics.RatisMetrics (RatisMetrics.java:lambda$create$0(36)) - Creating Metrics Registry : ratis.log_appender.bcedaf3e-3b45-4de1-8682-1fb59b13139d@group-295CDD7E3229
2020-12-15 13:59:00,892 [bcedaf3e-3b45-4de1-8682-1fb59b13139d@group-295CDD7E3229-LeaderElection51] INFO  server.RaftServerConfigKeys (ConfUtils.java:logGet(44)) - raft.server.write.element-limit = 1024 (custom)
2020-12-15 13:59:00,892 [bcedaf3e-3b45-4de1-8682-1fb59b13139d@group-295CDD7E3229-LeaderElection51] INFO  server.RaftServerConfigKeys (ConfUtils.java:logGet(44)) - raft.server.write.byte-limit = 1073741824 (custom)
2020-12-15 13:59:00,893 [bcedaf3e-3b45-4de1-8682-1fb59b13139d@group-295CDD7E3229-LeaderElection51] INFO  server.RaftServerConfigKeys (ConfUtils.java:logGet(44)) - raft.server.watch.timeout = 180s (custom)
2020-12-15 13:59:00,893 [bcedaf3e-3b45-4de1-8682-1fb59b13139d@group-295CDD7E3229-LeaderElection51] INFO  server.RaftServerConfigKeys (ConfUtils.java:logGet(44)) - raft.server.watch.timeout.denomination = 1s (default)
2020-12-15 13:59:00,893 [bcedaf3e-3b45-4de1-8682-1fb59b13139d@group-295CDD7E3229-LeaderElection51] INFO  server.RaftServerConfigKeys (ConfUtils.java:logGet(44)) - raft.server.watch.element-limit = 65536 (default)
2020-12-15 13:59:00,893 [bcedaf3e-3b45-4de1-8682-1fb59b13139d@group-295CDD7E3229-LeaderElection51] INFO  impl.RoleInfo (RoleInfo.java:updateAndGet(143)) - bcedaf3e-3b45-4de1-8682-1fb59b13139d: start bcedaf3e-3b45-4de1-8682-1fb59b13139d@group-295CDD7E3229-LeaderState
2020-12-15 13:59:00,894 [bcedaf3e-3b45-4de1-8682-1fb59b13139d@group-295CDD7E3229-LeaderElection51] INFO  segmented.SegmentedRaftLogWorker (SegmentedRaftLogWorker.java:startLogSegment(398)) - bcedaf3e-3b45-4de1-8682-1fb59b13139d@group-295CDD7E3229-SegmentedRaftLogWorker: Starting segment from index:0
2020-12-15 13:59:00,894 [bcedaf3e-3b45-4de1-8682-1fb59b13139d@group-295CDD7E3229-LeaderElection51] INFO  impl.RaftServerImpl (ServerState.java:setRaftConf(374)) - bcedaf3e-3b45-4de1-8682-1fb59b13139d@group-295CDD7E3229: set configuration 0: [bcedaf3e-3b45-4de1-8682-1fb59b13139d|rpc:172.17.0.2:34627|dataStream:], old=null at 0
2020-12-15 13:59:00,895 [bcedaf3e-3b45-4de1-8682-1fb59b13139d@group-295CDD7E3229-SegmentedRaftLogWorker] INFO  segmented.SegmentedRaftLogWorker (SegmentedRaftLogWorker.java:execute(597)) - bcedaf3e-3b45-4de1-8682-1fb59b13139d@group-295CDD7E3229-SegmentedRaftLogWorker: created new log segment /github/workspace/mnt/ozone/hadoop-ozone/integration-test/target/test-dir/MiniOzoneClusterImpl-933616a4-3ca4-434e-83a8-17d3c89ffd28/datanode-2/data/ratis/135d3078-6d49-4e47-88bd-295cdd7e3229/current/log_inprogress_0
2020-12-15 13:59:01,025 [Thread-3288] INFO  impl.FollowerState (FollowerState.java:run(128)) - b41166ab-bd26-4895-adb6-dd063c55eea5@group-64C342B71FEB-FollowerState: change to CANDIDATE, lastRpcTime:5005ms, electionTimeout:5005ms
2020-12-15 13:59:01,026 [Thread-3288] INFO  impl.RoleInfo (RoleInfo.java:shutdownFollowerState(121)) - b41166ab-bd26-4895-adb6-dd063c55eea5: shutdown b41166ab-bd26-4895-adb6-dd063c55eea5@group-64C342B71FEB-FollowerState
2020-12-15 13:59:01,026 [Thread-3288] INFO  impl.RaftServerImpl (RaftServerImpl.java:setRole(204)) - b41166ab-bd26-4895-adb6-dd063c55eea5@group-64C342B71FEB: changes role from  FOLLOWER to CANDIDATE at term 0 for changeToCandidate
2020-12-15 13:59:01,026 [Thread-3288] INFO  impl.RoleInfo (RoleInfo.java:updateAndGet(143)) - b41166ab-bd26-4895-adb6-dd063c55eea5: start b41166ab-bd26-4895-adb6-dd063c55eea5@group-64C342B71FEB-LeaderElection52
2020-12-15 13:59:01,035 [b41166ab-bd26-4895-adb6-dd063c55eea5@group-64C342B71FEB-LeaderElection52] INFO  impl.LeaderElection (LeaderElection.java:askForVotes(215)) - b41166ab-bd26-4895-adb6-dd063c55eea5@group-64C342B71FEB-LeaderElection52: begin an election at term 1 for -1: [d8013a59-5613-4576-849f-406a4abab1ed|rpc:172.17.0.2:40939, b41166ab-bd26-4895-adb6-dd063c55eea5|rpc:172.17.0.2:41813, c106af50-bceb-418e-be22-e2669d442084|rpc:172.17.0.2:40637], old=null
2020-12-15 13:59:01,041 [grpc-default-executor-0] INFO  impl.RaftServerImpl (RaftServerImpl.java:setRole(204)) - d8013a59-5613-4576-849f-406a4abab1ed@group-64C342B71FEB: changes role from  FOLLOWER to FOLLOWER at term 1 for recognizeCandidate:b41166ab-bd26-4895-adb6-dd063c55eea5
2020-12-15 13:59:01,041 [grpc-default-executor-0] INFO  impl.RoleInfo (RoleInfo.java:shutdownFollowerState(121)) - d8013a59-5613-4576-849f-406a4abab1ed: shutdown d8013a59-5613-4576-849f-406a4abab1ed@group-64C342B71FEB-FollowerState
2020-12-15 13:59:01,041 [grpc-default-executor-0] INFO  impl.RoleInfo (RoleInfo.java:updateAndGet(143)) - d8013a59-5613-4576-849f-406a4abab1ed: start d8013a59-5613-4576-849f-406a4abab1ed@group-64C342B71FEB-FollowerState
2020-12-15 13:59:01,042 [Thread-3293] INFO  impl.FollowerState (FollowerState.java:run(137)) - d8013a59-5613-4576-849f-406a4abab1ed@group-64C342B71FEB-FollowerState was interrupted: {}
java.lang.InterruptedException: sleep interrupted
	at java.lang.Thread.sleep(Native Method)
	at org.apache.ratis.util.JavaUtils.sleep(JavaUtils.java:250)
	at org.apache.ratis.server.impl.FollowerState.run(FollowerState.java:116)
2020-12-15 13:59:01,042 [grpc-default-executor-0] INFO  impl.RaftServerImpl (RaftServerImpl.java:requestVote(963)) -  FOLLOWER d8013a59-5613-4576-849f-406a4abab1ed@group-64C342B71FEB:t1, leader=null, voted=null, raftlog=d8013a59-5613-4576-849f-406a4abab1ed@group-64C342B71FEB-SegmentedRaftLog:OPENED:c-1,f-1,i0, conf=-1: [d8013a59-5613-4576-849f-406a4abab1ed|rpc:172.17.0.2:40939|dataStream:, b41166ab-bd26-4895-adb6-dd063c55eea5|rpc:172.17.0.2:41813|dataStream:, c106af50-bceb-418e-be22-e2669d442084|rpc:172.17.0.2:40637|dataStream:], old=null RUNNING priority:0 candidate:b41166ab-bd26-4895-adb6-dd063c55eea5|rpc:172.17.0.2:41813|dataStream: candidatePriority:0 compare:0
2020-12-15 13:59:01,053 [grpc-default-executor-5] INFO  impl.RaftServerImpl (RaftServerImpl.java:setRole(204)) - c106af50-bceb-418e-be22-e2669d442084@group-64C342B71FEB: changes role from  FOLLOWER to FOLLOWER at term 1 for recognizeCandidate:b41166ab-bd26-4895-adb6-dd063c55eea5
2020-12-15 13:59:01,054 [grpc-default-executor-5] INFO  impl.RoleInfo (RoleInfo.java:shutdownFollowerState(121)) - c106af50-bceb-418e-be22-e2669d442084: shutdown c106af50-bceb-418e-be22-e2669d442084@group-64C342B71FEB-FollowerState
2020-12-15 13:59:01,054 [grpc-default-executor-5] INFO  impl.RoleInfo (RoleInfo.java:updateAndGet(143)) - c106af50-bceb-418e-be22-e2669d442084: start c106af50-bceb-418e-be22-e2669d442084@group-64C342B71FEB-FollowerState
2020-12-15 13:59:01,054 [b41166ab-bd26-4895-adb6-dd063c55eea5@group-64C342B71FEB-LeaderElection52] INFO  impl.LeaderElection (LeaderElection.java:logAndReturn(65)) - b41166ab-bd26-4895-adb6-dd063c55eea5@group-64C342B71FEB-LeaderElection52: Election PASSED; received 1 response(s) [b41166ab-bd26-4895-adb6-dd063c55eea5<-d8013a59-5613-4576-849f-406a4abab1ed#0:OK-t1] and 0 exception(s); b41166ab-bd26-4895-adb6-dd063c55eea5@group-64C342B71FEB:t1, leader=null, voted=b41166ab-bd26-4895-adb6-dd063c55eea5, raftlog=b41166ab-bd26-4895-adb6-dd063c55eea5@group-64C342B71FEB-SegmentedRaftLog:OPENED:c-1,f-1,i0, conf=-1: [d8013a59-5613-4576-849f-406a4abab1ed|rpc:172.17.0.2:40939, b41166ab-bd26-4895-adb6-dd063c55eea5|rpc:172.17.0.2:41813, c106af50-bceb-418e-be22-e2669d442084|rpc:172.17.0.2:40637], old=null
2020-12-15 13:59:01,054 [Thread-3290] INFO  impl.FollowerState (FollowerState.java:run(137)) - c106af50-bceb-418e-be22-e2669d442084@group-64C342B71FEB-FollowerState was interrupted: {}
java.lang.InterruptedException: sleep interrupted
	at java.lang.Thread.sleep(Native Method)
	at org.apache.ratis.util.JavaUtils.sleep(JavaUtils.java:250)
	at org.apache.ratis.server.impl.FollowerState.run(FollowerState.java:116)
2020-12-15 13:59:01,057 [grpc-default-executor-5] INFO  impl.RaftServerImpl (RaftServerImpl.java:requestVote(963)) -  FOLLOWER c106af50-bceb-418e-be22-e2669d442084@group-64C342B71FEB:t1, leader=null, voted=null, raftlog=c106af50-bceb-418e-be22-e2669d442084@group-64C342B71FEB-SegmentedRaftLog:OPENED:c-1,f-1,i0, conf=-1: [d8013a59-5613-4576-849f-406a4abab1ed|rpc:172.17.0.2:40939|dataStream:, b41166ab-bd26-4895-adb6-dd063c55eea5|rpc:172.17.0.2:41813|dataStream:, c106af50-bceb-418e-be22-e2669d442084|rpc:172.17.0.2:40637|dataStream:], old=null RUNNING priority:0 candidate:b41166ab-bd26-4895-adb6-dd063c55eea5|rpc:172.17.0.2:41813|dataStream: candidatePriority:0 compare:0
2020-12-15 13:59:01,060 [b41166ab-bd26-4895-adb6-dd063c55eea5@group-64C342B71FEB-LeaderElection52] INFO  impl.RoleInfo (RoleInfo.java:shutdownLeaderElection(134)) - b41166ab-bd26-4895-adb6-dd063c55eea5: shutdown b41166ab-bd26-4895-adb6-dd063c55eea5@group-64C342B71FEB-LeaderElection52
2020-12-15 13:59:01,060 [b41166ab-bd26-4895-adb6-dd063c55eea5@group-64C342B71FEB-LeaderElection52] INFO  impl.RaftServerImpl (RaftServerImpl.java:setRole(204)) - b41166ab-bd26-4895-adb6-dd063c55eea5@group-64C342B71FEB: changes role from CANDIDATE to LEADER at term 1 for changeToLeader
2020-12-15 13:59:01,060 [b41166ab-bd26-4895-adb6-dd063c55eea5@group-64C342B71FEB-LeaderElection52] INFO  ratis.XceiverServerRatis (XceiverServerRatis.java:handleLeaderChangedNotification(854)) - Leader change notification received for group: group-64C342B71FEB with new leaderId: b41166ab-bd26-4895-adb6-dd063c55eea5
2020-12-15 13:59:01,060 [b41166ab-bd26-4895-adb6-dd063c55eea5@group-64C342B71FEB-LeaderElection52] INFO  impl.RaftServerImpl (ServerState.java:setLeader(256)) - b41166ab-bd26-4895-adb6-dd063c55eea5@group-64C342B71FEB: change Leader from null to b41166ab-bd26-4895-adb6-dd063c55eea5 at term 1 for becomeLeader, leader elected after 5047ms
2020-12-15 13:59:01,060 [b41166ab-bd26-4895-adb6-dd063c55eea5@group-64C342B71FEB-LeaderElection52] INFO  server.RaftServerConfigKeys (ConfUtils.java:logGet(44)) - raft.server.staging.catchup.gap = 1000 (default)
2020-12-15 13:59:01,062 [EventQueue-PipelineReportForPipelineReportHandler] INFO  pipeline.PipelineStateManager (PipelineStateManager.java:openPipeline(132)) - Pipeline Pipeline[ Id: 05b9cbdf-45af-4197-b0f5-64c342b71feb, Nodes: c106af50-bceb-418e-be22-e2669d442084{ip: 172.17.0.2, host: b0da2dc6b281, networkLocation: /default-rack, certSerialId: null, persistedOpState: IN_SERVICE, persistedOpStateExpiryEpochSec: 0}b41166ab-bd26-4895-adb6-dd063c55eea5{ip: 172.17.0.2, host: b0da2dc6b281, networkLocation: /default-rack, certSerialId: null, persistedOpState: IN_SERVICE, persistedOpStateExpiryEpochSec: 0}d8013a59-5613-4576-849f-406a4abab1ed{ip: 172.17.0.2, host: b0da2dc6b281, networkLocation: /default-rack, certSerialId: null, persistedOpState: IN_SERVICE, persistedOpStateExpiryEpochSec: 0}, Type:RATIS, Factor:THREE, State:ALLOCATED, leaderId:b41166ab-bd26-4895-adb6-dd063c55eea5, CreationTimestamp2020-12-15T13:58:53.401Z] moved to OPEN state
2020-12-15 13:59:01,062 [b41166ab-bd26-4895-adb6-dd063c55eea5@group-64C342B71FEB-LeaderElection52] INFO  server.RaftServerConfigKeys (ConfUtils.java:logGet(44)) - raft.server.rpc.sleep.time = 25ms (default)
2020-12-15 13:59:01,062 [b41166ab-bd26-4895-adb6-dd063c55eea5@group-64C342B71FEB-LeaderElection52] INFO  metrics.RatisMetrics (RatisMetrics.java:lambda$create$0(36)) - Creating Metrics Registry : ratis.log_appender.b41166ab-bd26-4895-adb6-dd063c55eea5@group-64C342B71FEB
2020-12-15 13:59:01,063 [b41166ab-bd26-4895-adb6-dd063c55eea5@group-64C342B71FEB-LeaderElection52] INFO  server.RaftServerConfigKeys (ConfUtils.java:logGet(44)) - raft.server.write.element-limit = 1024 (custom)
2020-12-15 13:59:01,063 [b41166ab-bd26-4895-adb6-dd063c55eea5@group-64C342B71FEB-LeaderElection52] INFO  server.RaftServerConfigKeys (ConfUtils.java:logGet(44)) - raft.server.write.byte-limit = 1073741824 (custom)
2020-12-15 13:59:01,063 [b41166ab-bd26-4895-adb6-dd063c55eea5@group-64C342B71FEB-LeaderElection52] INFO  server.RaftServerConfigKeys (ConfUtils.java:logGet(44)) - raft.server.watch.timeout = 180s (custom)
2020-12-15 13:59:01,063 [b41166ab-bd26-4895-adb6-dd063c55eea5@group-64C342B71FEB-LeaderElection52] INFO  server.RaftServerConfigKeys (ConfUtils.java:logGet(44)) - raft.server.watch.timeout.denomination = 1s (default)
2020-12-15 13:59:01,063 [b41166ab-bd26-4895-adb6-dd063c55eea5@group-64C342B71FEB-LeaderElection52] INFO  server.RaftServerConfigKeys (ConfUtils.java:logGet(44)) - raft.server.watch.element-limit = 65536 (default)
2020-12-15 13:59:01,063 [b41166ab-bd26-4895-adb6-dd063c55eea5@group-64C342B71FEB-LeaderElection52] INFO  server.RaftServerConfigKeys (ConfUtils.java:logGet(44)) - raft.server.log.appender.snapshot.chunk.size.max = 16MB (=16777216) (default)
2020-12-15 13:59:01,064 [b41166ab-bd26-4895-adb6-dd063c55eea5@group-64C342B71FEB-LeaderElection52] INFO  server.RaftServerConfigKeys (ConfUtils.java:logGet(44)) - raft.server.log.appender.buffer.byte-limit = 33554432 (custom)
2020-12-15 13:59:01,064 [b41166ab-bd26-4895-adb6-dd063c55eea5@group-64C342B71FEB-LeaderElection52] INFO  server.RaftServerConfigKeys (ConfUtils.java:logGet(44)) - raft.server.log.appender.buffer.element-limit = 1 (custom)
2020-12-15 13:59:01,064 [b41166ab-bd26-4895-adb6-dd063c55eea5@group-64C342B71FEB-LeaderElection52] INFO  grpc.GrpcConfigKeys (ConfUtils.java:logGet(44)) - raft.grpc.server.leader.outstanding.appends.max = 128 (default)
2020-12-15 13:59:01,064 [b41166ab-bd26-4895-adb6-dd063c55eea5@group-64C342B71FEB-LeaderElection52] INFO  server.RaftServerConfigKeys (ConfUtils.java:logGet(44)) - raft.server.rpc.request.timeout = 60s (custom)
2020-12-15 13:59:01,064 [b41166ab-bd26-4895-adb6-dd063c55eea5@group-64C342B71FEB-LeaderElection52] INFO  server.RaftServerConfigKeys (ConfUtils.java:logGet(44)) - raft.server.log.appender.install.snapshot.enabled = false (custom)
2020-12-15 13:59:01,064 [b41166ab-bd26-4895-adb6-dd063c55eea5@group-64C342B71FEB-LeaderElection52] INFO  metrics.RatisMetrics (RatisMetrics.java:lambda$create$0(36)) - Creating Metrics Registry : ratis_grpc.log_appender.b41166ab-bd26-4895-adb6-dd063c55eea5@group-64C342B71FEB
2020-12-15 13:59:01,066 [b41166ab-bd26-4895-adb6-dd063c55eea5@group-64C342B71FEB-LeaderElection52] INFO  server.RaftServerConfigKeys (ConfUtils.java:logGet(44)) - raft.server.log.appender.snapshot.chunk.size.max = 16MB (=16777216) (default)
2020-12-15 13:59:01,066 [b41166ab-bd26-4895-adb6-dd063c55eea5@group-64C342B71FEB-LeaderElection52] INFO  server.RaftServerConfigKeys (ConfUtils.java:logGet(44)) - raft.server.log.appender.buffer.byte-limit = 33554432 (custom)
2020-12-15 13:59:01,066 [b41166ab-bd26-4895-adb6-dd063c55eea5@group-64C342B71FEB-LeaderElection52] INFO  server.RaftServerConfigKeys (ConfUtils.java:logGet(44)) - raft.server.log.appender.buffer.element-limit = 1 (custom)
2020-12-15 13:59:01,066 [b41166ab-bd26-4895-adb6-dd063c55eea5@group-64C342B71FEB-LeaderElection52] INFO  grpc.GrpcConfigKeys (ConfUtils.java:logGet(44)) - raft.grpc.server.leader.outstanding.appends.max = 128 (default)
2020-12-15 13:59:01,066 [b41166ab-bd26-4895-adb6-dd063c55eea5@group-64C342B71FEB-LeaderElection52] INFO  server.RaftServerConfigKeys (ConfUtils.java:logGet(44)) - raft.server.rpc.request.timeout = 60s (custom)
2020-12-15 13:59:01,066 [b41166ab-bd26-4895-adb6-dd063c55eea5@group-64C342B71FEB-LeaderElection52] INFO  server.RaftServerConfigKeys (ConfUtils.java:logGet(44)) - raft.server.log.appender.install.snapshot.enabled = false (custom)
2020-12-15 13:59:01,068 [b41166ab-bd26-4895-adb6-dd063c55eea5@group-64C342B71FEB-LeaderElection52] INFO  impl.RoleInfo (RoleInfo.java:updateAndGet(143)) - b41166ab-bd26-4895-adb6-dd063c55eea5: start b41166ab-bd26-4895-adb6-dd063c55eea5@group-64C342B71FEB-LeaderState
2020-12-15 13:59:01,068 [b41166ab-bd26-4895-adb6-dd063c55eea5@group-64C342B71FEB-LeaderElection52] INFO  segmented.SegmentedRaftLogWorker (SegmentedRaftLogWorker.java:startLogSegment(398)) - b41166ab-bd26-4895-adb6-dd063c55eea5@group-64C342B71FEB-SegmentedRaftLogWorker: Starting segment from index:0
2020-12-15 13:59:01,069 [b41166ab-bd26-4895-adb6-dd063c55eea5@group-64C342B71FEB-LeaderElection52] INFO  impl.RaftServerImpl (ServerState.java:setRaftConf(374)) - b41166ab-bd26-4895-adb6-dd063c55eea5@group-64C342B71FEB: set configuration 0: [d8013a59-5613-4576-849f-406a4abab1ed|rpc:172.17.0.2:40939|dataStream:, b41166ab-bd26-4895-adb6-dd063c55eea5|rpc:172.17.0.2:41813|dataStream:, c106af50-bceb-418e-be22-e2669d442084|rpc:172.17.0.2:40637|dataStream:], old=null at 0
2020-12-15 13:59:01,070 [b41166ab-bd26-4895-adb6-dd063c55eea5@group-64C342B71FEB-SegmentedRaftLogWorker] INFO  segmented.SegmentedRaftLogWorker (SegmentedRaftLogWorker.java:execute(597)) - b41166ab-bd26-4895-adb6-dd063c55eea5@group-64C342B71FEB-SegmentedRaftLogWorker: created new log segment /github/workspace/mnt/ozone/hadoop-ozone/integration-test/target/test-dir/MiniOzoneClusterImpl-933616a4-3ca4-434e-83a8-17d3c89ffd28/datanode-3/data/ratis/05b9cbdf-45af-4197-b0f5-64c342b71feb/current/log_inprogress_0
2020-12-15 13:59:01,078 [grpc-default-executor-5] INFO  ratis.XceiverServerRatis (XceiverServerRatis.java:handleLeaderChangedNotification(854)) - Leader change notification received for group: group-64C342B71FEB with new leaderId: b41166ab-bd26-4895-adb6-dd063c55eea5
2020-12-15 13:59:01,078 [grpc-default-executor-5] INFO  impl.RaftServerImpl (ServerState.java:setLeader(256)) - c106af50-bceb-418e-be22-e2669d442084@group-64C342B71FEB: change Leader from null to b41166ab-bd26-4895-adb6-dd063c55eea5 at term 1 for appendEntries, leader elected after 5045ms
2020-12-15 13:59:01,079 [grpc-default-executor-5] INFO  impl.RaftServerImpl (ServerState.java:setRaftConf(374)) - c106af50-bceb-418e-be22-e2669d442084@group-64C342B71FEB: set configuration 0: [d8013a59-5613-4576-849f-406a4abab1ed|rpc:172.17.0.2:40939|dataStream:, b41166ab-bd26-4895-adb6-dd063c55eea5|rpc:172.17.0.2:41813|dataStream:, c106af50-bceb-418e-be22-e2669d442084|rpc:172.17.0.2:40637|dataStream:], old=null at 0
2020-12-15 13:59:01,080 [grpc-default-executor-5] INFO  segmented.SegmentedRaftLogWorker (SegmentedRaftLogWorker.java:startLogSegment(398)) - c106af50-bceb-418e-be22-e2669d442084@group-64C342B71FEB-SegmentedRaftLogWorker: Starting segment from index:0
2020-12-15 13:59:01,093 [grpc-default-executor-0] INFO  ratis.XceiverServerRatis (XceiverServerRatis.java:handleLeaderChangedNotification(854)) - Leader change notification received for group: group-64C342B71FEB with new leaderId: b41166ab-bd26-4895-adb6-dd063c55eea5
2020-12-15 13:59:01,094 [c106af50-bceb-418e-be22-e2669d442084@group-64C342B71FEB-SegmentedRaftLogWorker] INFO  segmented.SegmentedRaftLogWorker (SegmentedRaftLogWorker.java:execute(597)) - c106af50-bceb-418e-be22-e2669d442084@group-64C342B71FEB-SegmentedRaftLogWorker: created new log segment /github/workspace/mnt/ozone/hadoop-ozone/integration-test/target/test-dir/MiniOzoneClusterImpl-933616a4-3ca4-434e-83a8-17d3c89ffd28/datanode-4/data/ratis/05b9cbdf-45af-4197-b0f5-64c342b71feb/current/log_inprogress_0
2020-12-15 13:59:01,094 [grpc-default-executor-0] INFO  impl.RaftServerImpl (ServerState.java:setLeader(256)) - d8013a59-5613-4576-849f-406a4abab1ed@group-64C342B71FEB: change Leader from null to b41166ab-bd26-4895-adb6-dd063c55eea5 at term 1 for appendEntries, leader elected after 5034ms
2020-12-15 13:59:01,096 [grpc-default-executor-0] INFO  impl.RaftServerImpl (ServerState.java:setRaftConf(374)) - d8013a59-5613-4576-849f-406a4abab1ed@group-64C342B71FEB: set configuration 0: [d8013a59-5613-4576-849f-406a4abab1ed|rpc:172.17.0.2:40939|dataStream:, b41166ab-bd26-4895-adb6-dd063c55eea5|rpc:172.17.0.2:41813|dataStream:, c106af50-bceb-418e-be22-e2669d442084|rpc:172.17.0.2:40637|dataStream:], old=null at 0
2020-12-15 13:59:01,097 [grpc-default-executor-0] INFO  segmented.SegmentedRaftLogWorker (SegmentedRaftLogWorker.java:startLogSegment(398)) - d8013a59-5613-4576-849f-406a4abab1ed@group-64C342B71FEB-SegmentedRaftLogWorker: Starting segment from index:0
2020-12-15 13:59:01,099 [d8013a59-5613-4576-849f-406a4abab1ed@group-64C342B71FEB-SegmentedRaftLogWorker] INFO  segmented.SegmentedRaftLogWorker (SegmentedRaftLogWorker.java:execute(597)) - d8013a59-5613-4576-849f-406a4abab1ed@group-64C342B71FEB-SegmentedRaftLogWorker: created new log segment /github/workspace/mnt/ozone/hadoop-ozone/integration-test/target/test-dir/MiniOzoneClusterImpl-933616a4-3ca4-434e-83a8-17d3c89ffd28/datanode-5/data/ratis/05b9cbdf-45af-4197-b0f5-64c342b71feb/current/log_inprogress_0
2020-12-15 13:59:01,195 [Thread-3286] INFO  impl.FollowerState (FollowerState.java:run(128)) - b41166ab-bd26-4895-adb6-dd063c55eea5@group-4F0597F0C60C-FollowerState: change to CANDIDATE, lastRpcTime:5187ms, electionTimeout:5187ms
2020-12-15 13:59:01,195 [Thread-3286] INFO  impl.RoleInfo (RoleInfo.java:shutdownFollowerState(121)) - b41166ab-bd26-4895-adb6-dd063c55eea5: shutdown b41166ab-bd26-4895-adb6-dd063c55eea5@group-4F0597F0C60C-FollowerState
2020-12-15 13:59:01,196 [Thread-3286] INFO  impl.RaftServerImpl (RaftServerImpl.java:setRole(204)) - b41166ab-bd26-4895-adb6-dd063c55eea5@group-4F0597F0C60C: changes role from  FOLLOWER to CANDIDATE at term 0 for changeToCandidate
2020-12-15 13:59:01,196 [Thread-3286] INFO  impl.RoleInfo (RoleInfo.java:updateAndGet(143)) - b41166ab-bd26-4895-adb6-dd063c55eea5: start b41166ab-bd26-4895-adb6-dd063c55eea5@group-4F0597F0C60C-LeaderElection53
2020-12-15 13:59:01,206 [b41166ab-bd26-4895-adb6-dd063c55eea5@group-4F0597F0C60C-LeaderElection53] INFO  impl.LeaderElection (LeaderElection.java:askForVotes(215)) - b41166ab-bd26-4895-adb6-dd063c55eea5@group-4F0597F0C60C-LeaderElection53: begin an election at term 1 for -1: [b41166ab-bd26-4895-adb6-dd063c55eea5|rpc:172.17.0.2:41813], old=null
2020-12-15 13:59:01,206 [b41166ab-bd26-4895-adb6-dd063c55eea5@group-4F0597F0C60C-LeaderElection53] INFO  impl.RoleInfo (RoleInfo.java:shutdownLeaderElection(134)) - b41166ab-bd26-4895-adb6-dd063c55eea5: shutdown b41166ab-bd26-4895-adb6-dd063c55eea5@group-4F0597F0C60C-LeaderElection53
2020-12-15 13:59:01,207 [b41166ab-bd26-4895-adb6-dd063c55eea5@group-4F0597F0C60C-LeaderElection53] INFO  impl.RaftServerImpl (RaftServerImpl.java:setRole(204)) - b41166ab-bd26-4895-adb6-dd063c55eea5@group-4F0597F0C60C: changes role from CANDIDATE to LEADER at term 1 for changeToLeader
2020-12-15 13:59:01,207 [b41166ab-bd26-4895-adb6-dd063c55eea5@group-4F0597F0C60C-LeaderElection53] INFO  ratis.XceiverServerRatis (XceiverServerRatis.java:handleLeaderChangedNotification(854)) - Leader change notification received for group: group-4F0597F0C60C with new leaderId: b41166ab-bd26-4895-adb6-dd063c55eea5
2020-12-15 13:59:01,207 [b41166ab-bd26-4895-adb6-dd063c55eea5@group-4F0597F0C60C-LeaderElection53] INFO  impl.RaftServerImpl (ServerState.java:setLeader(256)) - b41166ab-bd26-4895-adb6-dd063c55eea5@group-4F0597F0C60C: change Leader from null to b41166ab-bd26-4895-adb6-dd063c55eea5 at term 1 for becomeLeader, leader elected after 5216ms
2020-12-15 13:59:01,207 [b41166ab-bd26-4895-adb6-dd063c55eea5@group-4F0597F0C60C-LeaderElection53] INFO  server.RaftServerConfigKeys (ConfUtils.java:logGet(44)) - raft.server.staging.catchup.gap = 1000 (default)
2020-12-15 13:59:01,207 [b41166ab-bd26-4895-adb6-dd063c55eea5@group-4F0597F0C60C-LeaderElection53] INFO  server.RaftServerConfigKeys (ConfUtils.java:logGet(44)) - raft.server.rpc.sleep.time = 25ms (default)
2020-12-15 13:59:01,207 [b41166ab-bd26-4895-adb6-dd063c55eea5@group-4F0597F0C60C-LeaderElection53] INFO  metrics.RatisMetrics (RatisMetrics.java:lambda$create$0(36)) - Creating Metrics Registry : ratis.log_appender.b41166ab-bd26-4895-adb6-dd063c55eea5@group-4F0597F0C60C
2020-12-15 13:59:01,208 [b41166ab-bd26-4895-adb6-dd063c55eea5@group-4F0597F0C60C-LeaderElection53] INFO  server.RaftServerConfigKeys (ConfUtils.java:logGet(44)) - raft.server.write.element-limit = 1024 (custom)
2020-12-15 13:59:01,208 [b41166ab-bd26-4895-adb6-dd063c55eea5@group-4F0597F0C60C-LeaderElection53] INFO  server.RaftServerConfigKeys (ConfUtils.java:logGet(44)) - raft.server.write.byte-limit = 1073741824 (custom)
2020-12-15 13:59:01,208 [b41166ab-bd26-4895-adb6-dd063c55eea5@group-4F0597F0C60C-LeaderElection53] INFO  server.RaftServerConfigKeys (ConfUtils.java:logGet(44)) - raft.server.watch.timeout = 180s (custom)
2020-12-15 13:59:01,209 [b41166ab-bd26-4895-adb6-dd063c55eea5@group-4F0597F0C60C-LeaderElection53] INFO  server.RaftServerConfigKeys (ConfUtils.java:logGet(44)) - raft.server.watch.timeout.denomination = 1s (default)
2020-12-15 13:59:01,209 [b41166ab-bd26-4895-adb6-dd063c55eea5@group-4F0597F0C60C-LeaderElection53] INFO  server.RaftServerConfigKeys (ConfUtils.java:logGet(44)) - raft.server.watch.element-limit = 65536 (default)
2020-12-15 13:59:01,209 [b41166ab-bd26-4895-adb6-dd063c55eea5@group-4F0597F0C60C-LeaderElection53] INFO  impl.RoleInfo (RoleInfo.java:updateAndGet(143)) - b41166ab-bd26-4895-adb6-dd063c55eea5: start b41166ab-bd26-4895-adb6-dd063c55eea5@group-4F0597F0C60C-LeaderState
2020-12-15 13:59:01,209 [b41166ab-bd26-4895-adb6-dd063c55eea5@group-4F0597F0C60C-LeaderElection53] INFO  segmented.SegmentedRaftLogWorker (SegmentedRaftLogWorker.java:startLogSegment(398)) - b41166ab-bd26-4895-adb6-dd063c55eea5@group-4F0597F0C60C-SegmentedRaftLogWorker: Starting segment from index:0
2020-12-15 13:59:01,210 [b41166ab-bd26-4895-adb6-dd063c55eea5@group-4F0597F0C60C-LeaderElection53] INFO  impl.RaftServerImpl (ServerState.java:setRaftConf(374)) - b41166ab-bd26-4895-adb6-dd063c55eea5@group-4F0597F0C60C: set configuration 0: [b41166ab-bd26-4895-adb6-dd063c55eea5|rpc:172.17.0.2:41813|dataStream:], old=null at 0
2020-12-15 13:59:01,211 [b41166ab-bd26-4895-adb6-dd063c55eea5@group-4F0597F0C60C-SegmentedRaftLogWorker] INFO  segmented.SegmentedRaftLogWorker (SegmentedRaftLogWorker.java:execute(597)) - b41166ab-bd26-4895-adb6-dd063c55eea5@group-4F0597F0C60C-SegmentedRaftLogWorker: created new log segment /github/workspace/mnt/ozone/hadoop-ozone/integration-test/target/test-dir/MiniOzoneClusterImpl-933616a4-3ca4-434e-83a8-17d3c89ffd28/datanode-3/data/ratis/24afae04-ca8c-4257-8753-4f0597f0c60c/current/log_inprogress_0
2020-12-15 13:59:01,304 [Thread-3296] INFO  impl.FollowerState (FollowerState.java:run(128)) - c106af50-bceb-418e-be22-e2669d442084@group-F1B182914105-FollowerState: change to CANDIDATE, lastRpcTime:5078ms, electionTimeout:5077ms
2020-12-15 13:59:01,304 [Thread-3296] INFO  impl.RoleInfo (RoleInfo.java:shutdownFollowerState(121)) - c106af50-bceb-418e-be22-e2669d442084: shutdown c106af50-bceb-418e-be22-e2669d442084@group-F1B182914105-FollowerState
2020-12-15 13:59:01,304 [Thread-3296] INFO  impl.RaftServerImpl (RaftServerImpl.java:setRole(204)) - c106af50-bceb-418e-be22-e2669d442084@group-F1B182914105: changes role from  FOLLOWER to CANDIDATE at term 0 for changeToCandidate
2020-12-15 13:59:01,304 [Thread-3296] INFO  impl.RoleInfo (RoleInfo.java:updateAndGet(143)) - c106af50-bceb-418e-be22-e2669d442084: start c106af50-bceb-418e-be22-e2669d442084@group-F1B182914105-LeaderElection54
2020-12-15 13:59:01,308 [c106af50-bceb-418e-be22-e2669d442084@group-F1B182914105-LeaderElection54] INFO  impl.LeaderElection (LeaderElection.java:askForVotes(215)) - c106af50-bceb-418e-be22-e2669d442084@group-F1B182914105-LeaderElection54: begin an election at term 1 for -1: [c106af50-bceb-418e-be22-e2669d442084|rpc:172.17.0.2:40637], old=null
2020-12-15 13:59:01,308 [c106af50-bceb-418e-be22-e2669d442084@group-F1B182914105-LeaderElection54] INFO  impl.RoleInfo (RoleInfo.java:shutdownLeaderElection(134)) - c106af50-bceb-418e-be22-e2669d442084: shutdown c106af50-bceb-418e-be22-e2669d442084@group-F1B182914105-LeaderElection54
2020-12-15 13:59:01,308 [c106af50-bceb-418e-be22-e2669d442084@group-F1B182914105-LeaderElection54] INFO  impl.RaftServerImpl (RaftServerImpl.java:setRole(204)) - c106af50-bceb-418e-be22-e2669d442084@group-F1B182914105: changes role from CANDIDATE to LEADER at term 1 for changeToLeader
2020-12-15 13:59:01,308 [c106af50-bceb-418e-be22-e2669d442084@group-F1B182914105-LeaderElection54] INFO  ratis.XceiverServerRatis (XceiverServerRatis.java:handleLeaderChangedNotification(854)) - Leader change notification received for group: group-F1B182914105 with new leaderId: c106af50-bceb-418e-be22-e2669d442084
2020-12-15 13:59:01,308 [c106af50-bceb-418e-be22-e2669d442084@group-F1B182914105-LeaderElection54] INFO  impl.RaftServerImpl (ServerState.java:setLeader(256)) - c106af50-bceb-418e-be22-e2669d442084@group-F1B182914105: change Leader from null to c106af50-bceb-418e-be22-e2669d442084 at term 1 for becomeLeader, leader elected after 5099ms
2020-12-15 13:59:01,308 [c106af50-bceb-418e-be22-e2669d442084@group-F1B182914105-LeaderElection54] INFO  server.RaftServerConfigKeys (ConfUtils.java:logGet(44)) - raft.server.staging.catchup.gap = 1000 (default)
2020-12-15 13:59:01,308 [c106af50-bceb-418e-be22-e2669d442084@group-F1B182914105-LeaderElection54] INFO  server.RaftServerConfigKeys (ConfUtils.java:logGet(44)) - raft.server.rpc.sleep.time = 25ms (default)
2020-12-15 13:59:01,308 [c106af50-bceb-418e-be22-e2669d442084@group-F1B182914105-LeaderElection54] INFO  metrics.RatisMetrics (RatisMetrics.java:lambda$create$0(36)) - Creating Metrics Registry : ratis.log_appender.c106af50-bceb-418e-be22-e2669d442084@group-F1B182914105
2020-12-15 13:59:01,309 [c106af50-bceb-418e-be22-e2669d442084@group-F1B182914105-LeaderElection54] INFO  server.RaftServerConfigKeys (ConfUtils.java:logGet(44)) - raft.server.write.element-limit = 1024 (custom)
2020-12-15 13:59:01,309 [c106af50-bceb-418e-be22-e2669d442084@group-F1B182914105-LeaderElection54] INFO  server.RaftServerConfigKeys (ConfUtils.java:logGet(44)) - raft.server.write.byte-limit = 1073741824 (custom)
2020-12-15 13:59:01,309 [c106af50-bceb-418e-be22-e2669d442084@group-F1B182914105-LeaderElection54] INFO  server.RaftServerConfigKeys (ConfUtils.java:logGet(44)) - raft.server.watch.timeout = 180s (custom)
2020-12-15 13:59:01,309 [c106af50-bceb-418e-be22-e2669d442084@group-F1B182914105-LeaderElection54] INFO  server.RaftServerConfigKeys (ConfUtils.java:logGet(44)) - raft.server.watch.timeout.denomination = 1s (default)
2020-12-15 13:59:01,309 [c106af50-bceb-418e-be22-e2669d442084@group-F1B182914105-LeaderElection54] INFO  server.RaftServerConfigKeys (ConfUtils.java:logGet(44)) - raft.server.watch.element-limit = 65536 (default)
2020-12-15 13:59:01,310 [c106af50-bceb-418e-be22-e2669d442084@group-F1B182914105-LeaderElection54] INFO  impl.RoleInfo (RoleInfo.java:updateAndGet(143)) - c106af50-bceb-418e-be22-e2669d442084: start c106af50-bceb-418e-be22-e2669d442084@group-F1B182914105-LeaderState
2020-12-15 13:59:01,310 [c106af50-bceb-418e-be22-e2669d442084@group-F1B182914105-LeaderElection54] INFO  segmented.SegmentedRaftLogWorker (SegmentedRaftLogWorker.java:startLogSegment(398)) - c106af50-bceb-418e-be22-e2669d442084@group-F1B182914105-SegmentedRaftLogWorker: Starting segment from index:0
2020-12-15 13:59:01,311 [c106af50-bceb-418e-be22-e2669d442084@group-F1B182914105-LeaderElection54] INFO  impl.RaftServerImpl (ServerState.java:setRaftConf(374)) - c106af50-bceb-418e-be22-e2669d442084@group-F1B182914105: set configuration 0: [c106af50-bceb-418e-be22-e2669d442084|rpc:172.17.0.2:40637|dataStream:], old=null at 0
2020-12-15 13:59:01,321 [c106af50-bceb-418e-be22-e2669d442084@group-F1B182914105-SegmentedRaftLogWorker] INFO  segmented.SegmentedRaftLogWorker (SegmentedRaftLogWorker.java:execute(597)) - c106af50-bceb-418e-be22-e2669d442084@group-F1B182914105-SegmentedRaftLogWorker: created new log segment /github/workspace/mnt/ozone/hadoop-ozone/integration-test/target/test-dir/MiniOzoneClusterImpl-933616a4-3ca4-434e-83a8-17d3c89ffd28/datanode-4/data/ratis/76944a9b-3c87-42d9-b8f4-f1b182914105/current/log_inprogress_0
2020-12-15 13:59:01,404 [Listener at 127.0.0.1/35149] INFO  ozone.MiniOzoneClusterImpl (MiniOzoneClusterImpl.java:lambda$waitForClusterToBeReady$0(178)) - Nodes are ready. Got 6 of 6 DN Heartbeats.
2020-12-15 13:59:01,404 [Listener at 127.0.0.1/35149] INFO  ozone.MiniOzoneClusterImpl (MiniOzoneClusterImpl.java:lambda$waitForClusterToBeReady$0(181)) - Cluster exits safe mode
2020-12-15 13:59:01,422 [Listener at 127.0.0.1/35149] INFO  rpc.RpcClient (RpcClient.java:createVolume(273)) - Creating Volume: vol1, with user35804 as owner.
2020-12-15 13:59:01,423 [IPC Server handler 3 on default port 35149] INFO  volume.OMVolumeCreateRequest (OMVolumeCreateRequest.java:validateAndUpdateCache(196)) - created volume:vol1 for user:user35804
2020-12-15 13:59:01,431 [Listener at 127.0.0.1/35149] INFO  rpc.RpcClient (RpcClient.java:createBucket(429)) - Creating Bucket: vol1/bucket1, with Versioning false and Storage Type set to DISK and Encryption set to false 
2020-12-15 13:59:01,444 [Listener at 127.0.0.1/35149] INFO  metrics.RatisMetrics (RatisMetrics.java:lambda$create$0(36)) - Creating Metrics Registry : ratis.client_message_metrics.client-4FB74D94BF25->5928c4bb-8a64-400c-b032-ccd85110c165
2020-12-15 13:59:01,449 [grpc-default-executor-5] INFO  metrics.RatisMetrics (RatisMetrics.java:lambda$create$0(36)) - Creating Metrics Registry : ratis.server_message_metrics.5928c4bb-8a64-400c-b032-ccd85110c165
2020-12-15 13:59:01,565 [Thread-3298] INFO  impl.FollowerState (FollowerState.java:run(128)) - d8013a59-5613-4576-849f-406a4abab1ed@group-FAFA4E493F0A-FollowerState: change to CANDIDATE, lastRpcTime:5153ms, electionTimeout:5152ms
2020-12-15 13:59:01,566 [Thread-3298] INFO  impl.RoleInfo (RoleInfo.java:shutdownFollowerState(121)) - d8013a59-5613-4576-849f-406a4abab1ed: shutdown d8013a59-5613-4576-849f-406a4abab1ed@group-FAFA4E493F0A-FollowerState
2020-12-15 13:59:01,566 [Thread-3298] INFO  impl.RaftServerImpl (RaftServerImpl.java:setRole(204)) - d8013a59-5613-4576-849f-406a4abab1ed@group-FAFA4E493F0A: changes role from  FOLLOWER to CANDIDATE at term 0 for changeToCandidate
2020-12-15 13:59:01,566 [Thread-3298] INFO  impl.RoleInfo (RoleInfo.java:updateAndGet(143)) - d8013a59-5613-4576-849f-406a4abab1ed: start d8013a59-5613-4576-849f-406a4abab1ed@group-FAFA4E493F0A-LeaderElection55
2020-12-15 13:59:01,583 [d8013a59-5613-4576-849f-406a4abab1ed@group-FAFA4E493F0A-LeaderElection55] INFO  impl.LeaderElection (LeaderElection.java:askForVotes(215)) - d8013a59-5613-4576-849f-406a4abab1ed@group-FAFA4E493F0A-LeaderElection55: begin an election at term 1 for -1: [d8013a59-5613-4576-849f-406a4abab1ed|rpc:172.17.0.2:40939], old=null
2020-12-15 13:59:01,583 [d8013a59-5613-4576-849f-406a4abab1ed@group-FAFA4E493F0A-LeaderElection55] INFO  impl.RoleInfo (RoleInfo.java:shutdownLeaderElection(134)) - d8013a59-5613-4576-849f-406a4abab1ed: shutdown d8013a59-5613-4576-849f-406a4abab1ed@group-FAFA4E493F0A-LeaderElection55
2020-12-15 13:59:01,584 [d8013a59-5613-4576-849f-406a4abab1ed@group-FAFA4E493F0A-LeaderElection55] INFO  impl.RaftServerImpl (RaftServerImpl.java:setRole(204)) - d8013a59-5613-4576-849f-406a4abab1ed@group-FAFA4E493F0A: changes role from CANDIDATE to LEADER at term 1 for changeToLeader
2020-12-15 13:59:01,584 [d8013a59-5613-4576-849f-406a4abab1ed@group-FAFA4E493F0A-LeaderElection55] INFO  ratis.XceiverServerRatis (XceiverServerRatis.java:handleLeaderChangedNotification(854)) - Leader change notification received for group: group-FAFA4E493F0A with new leaderId: d8013a59-5613-4576-849f-406a4abab1ed
2020-12-15 13:59:01,584 [d8013a59-5613-4576-849f-406a4abab1ed@group-FAFA4E493F0A-LeaderElection55] INFO  impl.RaftServerImpl (ServerState.java:setLeader(256)) - d8013a59-5613-4576-849f-406a4abab1ed@group-FAFA4E493F0A: change Leader from null to d8013a59-5613-4576-849f-406a4abab1ed at term 1 for becomeLeader, leader elected after 5180ms
2020-12-15 13:59:01,584 [d8013a59-5613-4576-849f-406a4abab1ed@group-FAFA4E493F0A-LeaderElection55] INFO  server.RaftServerConfigKeys (ConfUtils.java:logGet(44)) - raft.server.staging.catchup.gap = 1000 (default)
2020-12-15 13:59:01,587 [d8013a59-5613-4576-849f-406a4abab1ed@group-FAFA4E493F0A-LeaderElection55] INFO  server.RaftServerConfigKeys (ConfUtils.java:logGet(44)) - raft.server.rpc.sleep.time = 25ms (default)
2020-12-15 13:59:01,587 [d8013a59-5613-4576-849f-406a4abab1ed@group-FAFA4E493F0A-LeaderElection55] INFO  metrics.RatisMetrics (RatisMetrics.java:lambda$create$0(36)) - Creating Metrics Registry : ratis.log_appender.d8013a59-5613-4576-849f-406a4abab1ed@group-FAFA4E493F0A
2020-12-15 13:59:01,587 [d8013a59-5613-4576-849f-406a4abab1ed@group-FAFA4E493F0A-LeaderElection55] INFO  server.RaftServerConfigKeys (ConfUtils.java:logGet(44)) - raft.server.write.element-limit = 1024 (custom)
2020-12-15 13:59:01,588 [d8013a59-5613-4576-849f-406a4abab1ed@group-FAFA4E493F0A-LeaderElection55] INFO  server.RaftServerConfigKeys (ConfUtils.java:logGet(44)) - raft.server.write.byte-limit = 1073741824 (custom)
2020-12-15 13:59:01,588 [d8013a59-5613-4576-849f-406a4abab1ed@group-FAFA4E493F0A-LeaderElection55] INFO  server.RaftServerConfigKeys (ConfUtils.java:logGet(44)) - raft.server.watch.timeout = 180s (custom)
2020-12-15 13:59:01,588 [d8013a59-5613-4576-849f-406a4abab1ed@group-FAFA4E493F0A-LeaderElection55] INFO  server.RaftServerConfigKeys (ConfUtils.java:logGet(44)) - raft.server.watch.timeout.denomination = 1s (default)
2020-12-15 13:59:01,588 [d8013a59-5613-4576-849f-406a4abab1ed@group-FAFA4E493F0A-LeaderElection55] INFO  server.RaftServerConfigKeys (ConfUtils.java:logGet(44)) - raft.server.watch.element-limit = 65536 (default)
2020-12-15 13:59:01,588 [d8013a59-5613-4576-849f-406a4abab1ed@group-FAFA4E493F0A-LeaderElection55] INFO  impl.RoleInfo (RoleInfo.java:updateAndGet(143)) - d8013a59-5613-4576-849f-406a4abab1ed: start d8013a59-5613-4576-849f-406a4abab1ed@group-FAFA4E493F0A-LeaderState
2020-12-15 13:59:01,589 [d8013a59-5613-4576-849f-406a4abab1ed@group-FAFA4E493F0A-LeaderElection55] INFO  segmented.SegmentedRaftLogWorker (SegmentedRaftLogWorker.java:startLogSegment(398)) - d8013a59-5613-4576-849f-406a4abab1ed@group-FAFA4E493F0A-SegmentedRaftLogWorker: Starting segment from index:0
2020-12-15 13:59:01,590 [d8013a59-5613-4576-849f-406a4abab1ed@group-FAFA4E493F0A-SegmentedRaftLogWorker] INFO  segmented.SegmentedRaftLogWorker (SegmentedRaftLogWorker.java:execute(597)) - d8013a59-5613-4576-849f-406a4abab1ed@group-FAFA4E493F0A-SegmentedRaftLogWorker: created new log segment /github/workspace/mnt/ozone/hadoop-ozone/integration-test/target/test-dir/MiniOzoneClusterImpl-933616a4-3ca4-434e-83a8-17d3c89ffd28/datanode-5/data/ratis/9c5ab2c2-9dca-419d-bdf0-fafa4e493f0a/current/log_inprogress_0
2020-12-15 13:59:01,598 [d8013a59-5613-4576-849f-406a4abab1ed@group-FAFA4E493F0A-LeaderElection55] INFO  impl.RaftServerImpl (ServerState.java:setRaftConf(374)) - d8013a59-5613-4576-849f-406a4abab1ed@group-FAFA4E493F0A: set configuration 0: [d8013a59-5613-4576-849f-406a4abab1ed|rpc:172.17.0.2:40939|dataStream:], old=null at 0
2020-12-15 13:59:01,634 [Listener at 127.0.0.1/35149] INFO  metrics.RatisMetrics (RatisMetrics.java:lambda$create$0(36)) - Creating Metrics Registry : ratis.client_message_metrics.client-AD386049386C->b41166ab-bd26-4895-adb6-dd063c55eea5
2020-12-15 13:59:01,639 [grpc-default-executor-0] INFO  metrics.RatisMetrics (RatisMetrics.java:lambda$create$0(36)) - Creating Metrics Registry : ratis.server_message_metrics.b41166ab-bd26-4895-adb6-dd063c55eea5
2020-12-15 13:59:01,893 [org.apache.ratis.server.JvmPauseMonitor@67348293-Monitor] WARN  server.JvmPauseMonitor (JvmPauseMonitor.java:run(141)) - Detected pause in JVM or host machine (eg GC): pause of approximately 1ms
No GCs detected
2020-12-15 13:59:03,542 [EventQueue-Delayed safe mode statusForReplicationManager] INFO  container.ReplicationManager (ReplicationManager.java:start(186)) - Starting Replication Monitor Thread.
2020-12-15 13:59:03,544 [ReplicationMonitor] INFO  container.ReplicationManager (ReplicationManager.java:run(250)) - Replication Monitor Thread took 0 milliseconds for processing 4 containers.
2020-12-15 13:59:03,794 [IPC Server handler 3 on default port 43329] INFO  node.NodeDecommissionManager (NodeDecommissionManager.java:startDecommission(258)) - Starting Decommission for node c6e04511-2206-46f8-9e26-aeae93b0c1d5{ip: 172.17.0.2, host: b0da2dc6b281, networkLocation: /default-rack, certSerialId: null, persistedOpState: IN_SERVICE, persistedOpStateExpiryEpochSec: 0}
2020-12-15 13:59:03,905 [DatanodeAdminManager-0] INFO  node.DatanodeAdminMonitorImpl (DatanodeAdminMonitorImpl.java:checkPipelinesClosedOnNode(267)) - Waiting for pipelines to close for c6e04511-2206-46f8-9e26-aeae93b0c1d5{ip: 172.17.0.2, host: b0da2dc6b281, networkLocation: /default-rack, certSerialId: null, persistedOpState: IN_SERVICE, persistedOpStateExpiryEpochSec: 0}. There are 2 pipelines
2020-12-15 13:59:03,905 [EventQueue-StartAdminOnNodeForStartDatanodeAdminHandler] INFO  node.StartDatanodeAdminHandler (StartDatanodeAdminHandler.java:onMessage(56)) - Admin start on datanode c6e04511-2206-46f8-9e26-aeae93b0c1d5{ip: 172.17.0.2, host: b0da2dc6b281, networkLocation: /default-rack, certSerialId: null, persistedOpState: IN_SERVICE, persistedOpStateExpiryEpochSec: 0}. Finalizing its pipelines [PipelineID=fb3c94f4-49a5-4a06-87bf-66cf6cc76846, PipelineID=8abdd307-9a78-4c12-9f53-cf587590a064]
2020-12-15 13:59:03,905 [DatanodeAdminManager-0] INFO  node.DatanodeAdminMonitorImpl (DatanodeAdminMonitorImpl.java:run(136)) - There are 1 nodes tracked for decommission and maintenance. 0 pending nodes.
2020-12-15 13:59:03,905 [EventQueue-StartAdminOnNodeForStartDatanodeAdminHandler] INFO  pipeline.SCMPipelineManager (SCMPipelineManager.java:finalizeAndDestroyPipeline(482)) - Destroying pipeline:Pipeline[ Id: fb3c94f4-49a5-4a06-87bf-66cf6cc76846, Nodes: c6e04511-2206-46f8-9e26-aeae93b0c1d5{ip: 172.17.0.2, host: b0da2dc6b281, networkLocation: /default-rack, certSerialId: null, persistedOpState: IN_SERVICE, persistedOpStateExpiryEpochSec: 0}5928c4bb-8a64-400c-b032-ccd85110c165{ip: 172.17.0.2, host: b0da2dc6b281, networkLocation: /default-rack, certSerialId: null, persistedOpState: IN_SERVICE, persistedOpStateExpiryEpochSec: 0}bcedaf3e-3b45-4de1-8682-1fb59b13139d{ip: 172.17.0.2, host: b0da2dc6b281, networkLocation: /default-rack, certSerialId: null, persistedOpState: IN_SERVICE, persistedOpStateExpiryEpochSec: 0}, Type:RATIS, Factor:THREE, State:OPEN, leaderId:5928c4bb-8a64-400c-b032-ccd85110c165, CreationTimestamp2020-12-15T13:58:52.798Z]
2020-12-15 13:59:03,906 [EventQueue-StartAdminOnNodeForStartDatanodeAdminHandler] INFO  pipeline.PipelineStateManager (PipelineStateManager.java:finalizePipeline(121)) - Pipeline Pipeline[ Id: fb3c94f4-49a5-4a06-87bf-66cf6cc76846, Nodes: c6e04511-2206-46f8-9e26-aeae93b0c1d5{ip: 172.17.0.2, host: b0da2dc6b281, networkLocation: /default-rack, certSerialId: null, persistedOpState: IN_SERVICE, persistedOpStateExpiryEpochSec: 0}5928c4bb-8a64-400c-b032-ccd85110c165{ip: 172.17.0.2, host: b0da2dc6b281, networkLocation: /default-rack, certSerialId: null, persistedOpState: IN_SERVICE, persistedOpStateExpiryEpochSec: 0}bcedaf3e-3b45-4de1-8682-1fb59b13139d{ip: 172.17.0.2, host: b0da2dc6b281, networkLocation: /default-rack, certSerialId: null, persistedOpState: IN_SERVICE, persistedOpStateExpiryEpochSec: 0}, Type:RATIS, Factor:THREE, State:CLOSED, leaderId:5928c4bb-8a64-400c-b032-ccd85110c165, CreationTimestamp2020-12-15T13:58:52.798Z] moved to CLOSED state
2020-12-15 13:59:03,906 [EventQueue-CloseContainerForCloseContainerEventHandler] INFO  container.CloseContainerEventHandler (CloseContainerEventHandler.java:onMessage(61)) - Close container Event triggered for container : #1
2020-12-15 13:59:03,907 [EventQueue-CloseContainerForCloseContainerEventHandler] INFO  container.CloseContainerEventHandler (CloseContainerEventHandler.java:onMessage(61)) - Close container Event triggered for container : #2
2020-12-15 13:59:03,910 [org.apache.ratis.server.JvmPauseMonitor@49a7fad4-Monitor] WARN  server.JvmPauseMonitor (JvmPauseMonitor.java:run(141)) - Detected pause in JVM or host machine (eg GC): pause of approximately 3ms
No GCs detected
2020-12-15 13:59:03,910 [EventQueue-StartAdminOnNodeForStartDatanodeAdminHandler] INFO  pipeline.RatisPipelineProvider (RatisPipelineProvider.java:lambda$close$1(199)) - Send pipeline:PipelineID=fb3c94f4-49a5-4a06-87bf-66cf6cc76846 close command to datanode c6e04511-2206-46f8-9e26-aeae93b0c1d5
2020-12-15 13:59:03,910 [EventQueue-StartAdminOnNodeForStartDatanodeAdminHandler] INFO  pipeline.RatisPipelineProvider (RatisPipelineProvider.java:lambda$close$1(199)) - Send pipeline:PipelineID=fb3c94f4-49a5-4a06-87bf-66cf6cc76846 close command to datanode 5928c4bb-8a64-400c-b032-ccd85110c165
2020-12-15 13:59:03,911 [EventQueue-StartAdminOnNodeForStartDatanodeAdminHandler] INFO  pipeline.RatisPipelineProvider (RatisPipelineProvider.java:lambda$close$1(199)) - Send pipeline:PipelineID=fb3c94f4-49a5-4a06-87bf-66cf6cc76846 close command to datanode bcedaf3e-3b45-4de1-8682-1fb59b13139d
2020-12-15 13:59:03,911 [EventQueue-StartAdminOnNodeForStartDatanodeAdminHandler] INFO  pipeline.PipelineStateManager (PipelineStateManager.java:removePipeline(106)) - Pipeline Pipeline[ Id: fb3c94f4-49a5-4a06-87bf-66cf6cc76846, Nodes: c6e04511-2206-46f8-9e26-aeae93b0c1d5{ip: 172.17.0.2, host: b0da2dc6b281, networkLocation: /default-rack, certSerialId: null, persistedOpState: IN_SERVICE, persistedOpStateExpiryEpochSec: 0}5928c4bb-8a64-400c-b032-ccd85110c165{ip: 172.17.0.2, host: b0da2dc6b281, networkLocation: /default-rack, certSerialId: null, persistedOpState: IN_SERVICE, persistedOpStateExpiryEpochSec: 0}bcedaf3e-3b45-4de1-8682-1fb59b13139d{ip: 172.17.0.2, host: b0da2dc6b281, networkLocation: /default-rack, certSerialId: null, persistedOpState: IN_SERVICE, persistedOpStateExpiryEpochSec: 0}, Type:RATIS, Factor:THREE, State:CLOSED, leaderId:5928c4bb-8a64-400c-b032-ccd85110c165, CreationTimestamp2020-12-15T13:58:52.798Z] removed from db
2020-12-15 13:59:03,912 [EventQueue-StartAdminOnNodeForStartDatanodeAdminHandler] INFO  pipeline.SCMPipelineManager (SCMPipelineManager.java:finalizeAndDestroyPipeline(482)) - Destroying pipeline:Pipeline[ Id: 8abdd307-9a78-4c12-9f53-cf587590a064, Nodes: c6e04511-2206-46f8-9e26-aeae93b0c1d5{ip: 172.17.0.2, host: b0da2dc6b281, networkLocation: /default-rack, certSerialId: null, persistedOpState: IN_SERVICE, persistedOpStateExpiryEpochSec: 0}, Type:RATIS, Factor:ONE, State:OPEN, leaderId:c6e04511-2206-46f8-9e26-aeae93b0c1d5, CreationTimestamp2020-12-15T13:58:52.593Z]
2020-12-15 13:59:03,912 [EventQueue-StartAdminOnNodeForStartDatanodeAdminHandler] INFO  pipeline.PipelineStateManager (PipelineStateManager.java:finalizePipeline(121)) - Pipeline Pipeline[ Id: 8abdd307-9a78-4c12-9f53-cf587590a064, Nodes: c6e04511-2206-46f8-9e26-aeae93b0c1d5{ip: 172.17.0.2, host: b0da2dc6b281, networkLocation: /default-rack, certSerialId: null, persistedOpState: IN_SERVICE, persistedOpStateExpiryEpochSec: 0}, Type:RATIS, Factor:ONE, State:CLOSED, leaderId:c6e04511-2206-46f8-9e26-aeae93b0c1d5, CreationTimestamp2020-12-15T13:58:52.593Z] moved to CLOSED state
2020-12-15 13:59:03,913 [EventQueue-StartAdminOnNodeForStartDatanodeAdminHandler] INFO  pipeline.RatisPipelineProvider (RatisPipelineProvider.java:lambda$close$1(199)) - Send pipeline:PipelineID=8abdd307-9a78-4c12-9f53-cf587590a064 close command to datanode c6e04511-2206-46f8-9e26-aeae93b0c1d5
2020-12-15 13:59:03,913 [EventQueue-StartAdminOnNodeForStartDatanodeAdminHandler] INFO  pipeline.PipelineStateManager (PipelineStateManager.java:removePipeline(106)) - Pipeline Pipeline[ Id: 8abdd307-9a78-4c12-9f53-cf587590a064, Nodes: c6e04511-2206-46f8-9e26-aeae93b0c1d5{ip: 172.17.0.2, host: b0da2dc6b281, networkLocation: /default-rack, certSerialId: null, persistedOpState: IN_SERVICE, persistedOpStateExpiryEpochSec: 0}, Type:RATIS, Factor:ONE, State:CLOSED, leaderId:c6e04511-2206-46f8-9e26-aeae93b0c1d5, CreationTimestamp2020-12-15T13:58:52.593Z] removed from db
2020-12-15 13:59:04,544 [ReplicationMonitor] INFO  container.ReplicationManager (ReplicationManager.java:sendCloseCommand(948)) - Sending close container command for container #1 to datanode c6e04511-2206-46f8-9e26-aeae93b0c1d5{ip: 172.17.0.2, host: b0da2dc6b281, networkLocation: /default-rack, certSerialId: null, persistedOpState: IN_SERVICE, persistedOpStateExpiryEpochSec: 0}.
2020-12-15 13:59:04,544 [ReplicationMonitor] INFO  container.ReplicationManager (ReplicationManager.java:sendCloseCommand(948)) - Sending close container command for container #1 to datanode bcedaf3e-3b45-4de1-8682-1fb59b13139d{ip: 172.17.0.2, host: b0da2dc6b281, networkLocation: /default-rack, certSerialId: null, persistedOpState: IN_SERVICE, persistedOpStateExpiryEpochSec: 0}.
2020-12-15 13:59:04,544 [ReplicationMonitor] INFO  container.ReplicationManager (ReplicationManager.java:sendCloseCommand(948)) - Sending close container command for container #1 to datanode 5928c4bb-8a64-400c-b032-ccd85110c165{ip: 172.17.0.2, host: b0da2dc6b281, networkLocation: /default-rack, certSerialId: null, persistedOpState: IN_SERVICE, persistedOpStateExpiryEpochSec: 0}.
2020-12-15 13:59:04,544 [ReplicationMonitor] INFO  container.ReplicationManager (ReplicationManager.java:sendCloseCommand(948)) - Sending close container command for container #2 to datanode c6e04511-2206-46f8-9e26-aeae93b0c1d5{ip: 172.17.0.2, host: b0da2dc6b281, networkLocation: /default-rack, certSerialId: null, persistedOpState: IN_SERVICE, persistedOpStateExpiryEpochSec: 0}.
2020-12-15 13:59:04,544 [ReplicationMonitor] INFO  container.ReplicationManager (ReplicationManager.java:sendCloseCommand(948)) - Sending close container command for container #2 to datanode 5928c4bb-8a64-400c-b032-ccd85110c165{ip: 172.17.0.2, host: b0da2dc6b281, networkLocation: /default-rack, certSerialId: null, persistedOpState: IN_SERVICE, persistedOpStateExpiryEpochSec: 0}.
2020-12-15 13:59:04,544 [ReplicationMonitor] INFO  container.ReplicationManager (ReplicationManager.java:sendCloseCommand(948)) - Sending close container command for container #2 to datanode bcedaf3e-3b45-4de1-8682-1fb59b13139d{ip: 172.17.0.2, host: b0da2dc6b281, networkLocation: /default-rack, certSerialId: null, persistedOpState: IN_SERVICE, persistedOpStateExpiryEpochSec: 0}.
2020-12-15 13:59:04,545 [ReplicationMonitor] INFO  container.ReplicationManager (ReplicationManager.java:run(250)) - Replication Monitor Thread took 1 milliseconds for processing 4 containers.
2020-12-15 13:59:04,610 [IPC Server handler 17 on default port 38555] INFO  node.SCMNodeManager (SCMNodeManager.java:updateDatanodeOpState(419)) - Scheduling a command to update the operationalState persisted on the datanode as the reported value (IN_SERVICE, 0) does not match the value stored in SCM (DECOMMISSIONING, 0)
2020-12-15 13:59:04,905 [DatanodeAdminManager-0] INFO  node.DatanodeAdminMonitorImpl (DatanodeAdminMonitorImpl.java:run(136)) - There are 1 nodes tracked for decommission and maintenance. 0 pending nodes.
2020-12-15 13:59:05,419 [org.apache.ratis.server.JvmPauseMonitor@49a7fad4-Monitor] WARN  server.JvmPauseMonitor (JvmPauseMonitor.java:run(141)) - Detected pause in JVM or host machine (eg GC): pause of approximately 8ms
No GCs detected
2020-12-15 13:59:05,545 [ReplicationMonitor] INFO  container.ReplicationManager (ReplicationManager.java:sendCloseCommand(948)) - Sending close container command for container #1 to datanode c6e04511-2206-46f8-9e26-aeae93b0c1d5{ip: 172.17.0.2, host: b0da2dc6b281, networkLocation: /default-rack, certSerialId: null, persistedOpState: IN_SERVICE, persistedOpStateExpiryEpochSec: 0}.
2020-12-15 13:59:05,545 [ReplicationMonitor] INFO  container.ReplicationManager (ReplicationManager.java:sendCloseCommand(948)) - Sending close container command for container #1 to datanode bcedaf3e-3b45-4de1-8682-1fb59b13139d{ip: 172.17.0.2, host: b0da2dc6b281, networkLocation: /default-rack, certSerialId: null, persistedOpState: IN_SERVICE, persistedOpStateExpiryEpochSec: 0}.
2020-12-15 13:59:05,545 [ReplicationMonitor] INFO  container.ReplicationManager (ReplicationManager.java:sendCloseCommand(948)) - Sending close container command for container #1 to datanode 5928c4bb-8a64-400c-b032-ccd85110c165{ip: 172.17.0.2, host: b0da2dc6b281, networkLocation: /default-rack, certSerialId: null, persistedOpState: IN_SERVICE, persistedOpStateExpiryEpochSec: 0}.
2020-12-15 13:59:05,545 [ReplicationMonitor] INFO  container.ReplicationManager (ReplicationManager.java:sendCloseCommand(948)) - Sending close container command for container #2 to datanode c6e04511-2206-46f8-9e26-aeae93b0c1d5{ip: 172.17.0.2, host: b0da2dc6b281, networkLocation: /default-rack, certSerialId: null, persistedOpState: IN_SERVICE, persistedOpStateExpiryEpochSec: 0}.
2020-12-15 13:59:05,545 [ReplicationMonitor] INFO  container.ReplicationManager (ReplicationManager.java:sendCloseCommand(948)) - Sending close container command for container #2 to datanode 5928c4bb-8a64-400c-b032-ccd85110c165{ip: 172.17.0.2, host: b0da2dc6b281, networkLocation: /default-rack, certSerialId: null, persistedOpState: IN_SERVICE, persistedOpStateExpiryEpochSec: 0}.
2020-12-15 13:59:05,545 [ReplicationMonitor] INFO  container.ReplicationManager (ReplicationManager.java:sendCloseCommand(948)) - Sending close container command for container #2 to datanode bcedaf3e-3b45-4de1-8682-1fb59b13139d{ip: 172.17.0.2, host: b0da2dc6b281, networkLocation: /default-rack, certSerialId: null, persistedOpState: IN_SERVICE, persistedOpStateExpiryEpochSec: 0}.
2020-12-15 13:59:05,545 [ReplicationMonitor] INFO  container.ReplicationManager (ReplicationManager.java:run(250)) - Replication Monitor Thread took 0 milliseconds for processing 4 containers.
2020-12-15 13:59:05,610 [IPC Server handler 17 on default port 38555] INFO  node.SCMNodeManager (SCMNodeManager.java:updateDatanodeOpState(419)) - Scheduling a command to update the operationalState persisted on the datanode as the reported value (IN_SERVICE, 0) does not match the value stored in SCM (DECOMMISSIONING, 0)
2020-12-15 13:59:05,628 [Command processor thread] INFO  impl.RaftServerProxy (RaftServerProxy.java:remove(104)) - bcedaf3e-3b45-4de1-8682-1fb59b13139d: remove  FOLLOWER bcedaf3e-3b45-4de1-8682-1fb59b13139d@group-66CF6CC76846:t1, leader=5928c4bb-8a64-400c-b032-ccd85110c165, voted=5928c4bb-8a64-400c-b032-ccd85110c165, raftlog=bcedaf3e-3b45-4de1-8682-1fb59b13139d@group-66CF6CC76846-SegmentedRaftLog:OPENED:c38,f39,i39, conf=0: [bcedaf3e-3b45-4de1-8682-1fb59b13139d|rpc:172.17.0.2:34627|dataStream:, c6e04511-2206-46f8-9e26-aeae93b0c1d5|rpc:172.17.0.2:36945|dataStream:, 5928c4bb-8a64-400c-b032-ccd85110c165|rpc:172.17.0.2:39247|dataStream:], old=null RUNNING
2020-12-15 13:59:05,628 [Command processor thread] INFO  impl.RaftServerImpl (RaftServerImpl.java:lambda$shutdown$3(328)) - bcedaf3e-3b45-4de1-8682-1fb59b13139d@group-66CF6CC76846: shutdown
2020-12-15 13:59:05,628 [Command processor thread] INFO  util.JmxRegister (JmxRegister.java:unregister(73)) - Successfully un-registered JMX Bean with object name Ratis:service=RaftServer,group=group-66CF6CC76846,id=bcedaf3e-3b45-4de1-8682-1fb59b13139d
2020-12-15 13:59:05,629 [Command processor thread] INFO  impl.RoleInfo (RoleInfo.java:shutdownFollowerState(121)) - bcedaf3e-3b45-4de1-8682-1fb59b13139d: shutdown bcedaf3e-3b45-4de1-8682-1fb59b13139d@group-66CF6CC76846-FollowerState
2020-12-15 13:59:05,629 [Command processor thread] INFO  impl.StateMachineUpdater (StateMachineUpdater.java:stopAndJoin(147)) - bcedaf3e-3b45-4de1-8682-1fb59b13139d@group-66CF6CC76846-StateMachineUpdater: set stopIndex = 38
2020-12-15 13:59:05,629 [Thread-3302] INFO  impl.FollowerState (FollowerState.java:run(137)) - bcedaf3e-3b45-4de1-8682-1fb59b13139d@group-66CF6CC76846-FollowerState was interrupted: {}
java.lang.InterruptedException: sleep interrupted
	at java.lang.Thread.sleep(Native Method)
	at org.apache.ratis.util.JavaUtils.sleep(JavaUtils.java:250)
	at org.apache.ratis.server.impl.FollowerState.run(FollowerState.java:116)
2020-12-15 13:59:05,631 [bcedaf3e-3b45-4de1-8682-1fb59b13139d@group-66CF6CC76846-StateMachineUpdater] INFO  ratis.ContainerStateMachine (ContainerStateMachine.java:takeSnapshot(293)) - group-66CF6CC76846: Taking a snapshot at:(t:1, i:38) file /github/workspace/mnt/ozone/hadoop-ozone/integration-test/target/test-dir/MiniOzoneClusterImpl-933616a4-3ca4-434e-83a8-17d3c89ffd28/datanode-2/data/ratis/fb3c94f4-49a5-4a06-87bf-66cf6cc76846/sm/snapshot.1_38
2020-12-15 13:59:05,633 [bcedaf3e-3b45-4de1-8682-1fb59b13139d@group-66CF6CC76846-StateMachineUpdater] INFO  ratis.ContainerStateMachine (ContainerStateMachine.java:takeSnapshot(304)) - group-66CF6CC76846: Finished taking a snapshot at:(t:1, i:38) file:/github/workspace/mnt/ozone/hadoop-ozone/integration-test/target/test-dir/MiniOzoneClusterImpl-933616a4-3ca4-434e-83a8-17d3c89ffd28/datanode-2/data/ratis/fb3c94f4-49a5-4a06-87bf-66cf6cc76846/sm/snapshot.1_38 time:1
2020-12-15 13:59:05,633 [bcedaf3e-3b45-4de1-8682-1fb59b13139d@group-66CF6CC76846-StateMachineUpdater] INFO  impl.StateMachineUpdater (StateMachineUpdater.java:takeSnapshot(278)) - bcedaf3e-3b45-4de1-8682-1fb59b13139d@group-66CF6CC76846-StateMachineUpdater: Took a snapshot at index 38
2020-12-15 13:59:05,633 [bcedaf3e-3b45-4de1-8682-1fb59b13139d@group-66CF6CC76846-StateMachineUpdater] INFO  impl.StateMachineUpdater (StateMachineUpdater.java:lambda$new$0(87)) - bcedaf3e-3b45-4de1-8682-1fb59b13139d@group-66CF6CC76846-StateMachineUpdater: snapshotIndex: updateIncreasingly -1 -> 38
2020-12-15 13:59:05,633 [bcedaf3e-3b45-4de1-8682-1fb59b13139d@group-66CF6CC76846-StateMachineUpdater] INFO  metrics.RatisMetrics (RatisMetrics.java:unregister(43)) - Unregistering Metrics Registry : ratis.state_machine.bcedaf3e-3b45-4de1-8682-1fb59b13139d@group-66CF6CC76846
2020-12-15 13:59:05,633 [Command processor thread] INFO  impl.RaftServerImpl (ServerState.java:close(406)) - bcedaf3e-3b45-4de1-8682-1fb59b13139d@group-66CF6CC76846: closes. applyIndex: 38
2020-12-15 13:59:05,634 [bcedaf3e-3b45-4de1-8682-1fb59b13139d@group-66CF6CC76846-SegmentedRaftLogWorker] INFO  segmented.SegmentedRaftLogWorker (SegmentedRaftLogWorker.java:run(329)) - bcedaf3e-3b45-4de1-8682-1fb59b13139d@group-66CF6CC76846-SegmentedRaftLogWorker was interrupted, exiting. There are 0 tasks remaining in the queue.
2020-12-15 13:59:05,634 [Command processor thread] INFO  segmented.SegmentedRaftLogWorker (SegmentedRaftLogWorker.java:close(235)) - bcedaf3e-3b45-4de1-8682-1fb59b13139d@group-66CF6CC76846-SegmentedRaftLogWorker close()
2020-12-15 13:59:05,635 [Command processor thread] INFO  metrics.RatisMetrics (RatisMetrics.java:unregister(43)) - Unregistering Metrics Registry : ratis.log_worker.bcedaf3e-3b45-4de1-8682-1fb59b13139d@group-66CF6CC76846
2020-12-15 13:59:05,635 [Command processor thread] INFO  metrics.RatisMetrics (RatisMetrics.java:unregister(43)) - Unregistering Metrics Registry : ratis.leader_election.bcedaf3e-3b45-4de1-8682-1fb59b13139d@group-66CF6CC76846
2020-12-15 13:59:05,635 [Command processor thread] INFO  metrics.RatisMetrics (RatisMetrics.java:unregister(43)) - Unregistering Metrics Registry : ratis.server.bcedaf3e-3b45-4de1-8682-1fb59b13139d@group-66CF6CC76846
2020-12-15 13:59:05,636 [RatisApplyTransactionExecutor 1] INFO  keyvalue.KeyValueContainer (KeyValueContainer.java:flushAndSyncDB(388)) - Container 1 is synced with bcsId 32.
2020-12-15 13:59:05,636 [RatisApplyTransactionExecutor 1] INFO  keyvalue.KeyValueContainer (KeyValueContainer.java:flushAndSyncDB(388)) - Container 1 is synced with bcsId 32.
2020-12-15 13:59:05,637 [Command processor thread] INFO  keyvalue.KeyValueContainer (KeyValueContainer.java:flushAndSyncDB(388)) - Container 1 is synced with bcsId 32.
2020-12-15 13:59:05,637 [Command processor thread] INFO  keyvalue.KeyValueContainer (KeyValueContainer.java:flushAndSyncDB(388)) - Container 1 is synced with bcsId 32.
2020-12-15 13:59:05,640 [RatisApplyTransactionExecutor 1] INFO  keyvalue.KeyValueContainer (KeyValueContainer.java:close(326)) - Container 1 is closed with bcsId 32.
2020-12-15 13:59:05,641 [EventQueue-IncrementalContainerReportForIncrementalContainerReportHandler] INFO  container.IncrementalContainerReportHandler (AbstractContainerReportHandler.java:updateContainerState(215)) - Moving container #1 to CLOSED state, datanode 5928c4bb-8a64-400c-b032-ccd85110c165{ip: 172.17.0.2, host: b0da2dc6b281, networkLocation: /default-rack, certSerialId: null, persistedOpState: IN_SERVICE, persistedOpStateExpiryEpochSec: 0} reported CLOSED replica.
2020-12-15 13:59:05,644 [IPC Server handler 4 on default port 38555] INFO  node.SCMNodeManager (SCMNodeManager.java:updateDatanodeOpState(419)) - Scheduling a command to update the operationalState persisted on the datanode as the reported value (IN_SERVICE, 0) does not match the value stored in SCM (DECOMMISSIONING, 0)
2020-12-15 13:59:05,645 [Command processor thread] INFO  keyvalue.KeyValueContainer (KeyValueContainer.java:flushAndSyncDB(388)) - Container 2 is synced with bcsId 36.
2020-12-15 13:59:05,645 [RatisApplyTransactionExecutor 1] INFO  keyvalue.KeyValueContainer (KeyValueContainer.java:flushAndSyncDB(388)) - Container 1 is synced with bcsId 32.
2020-12-15 13:59:05,645 [RatisApplyTransactionExecutor 1] INFO  keyvalue.KeyValueContainer (KeyValueContainer.java:flushAndSyncDB(388)) - Container 1 is synced with bcsId 32.
2020-12-15 13:59:05,645 [Command processor thread] INFO  keyvalue.KeyValueContainer (KeyValueContainer.java:flushAndSyncDB(388)) - Container 2 is synced with bcsId 36.
2020-12-15 13:59:05,647 [RatisApplyTransactionExecutor 2] INFO  keyvalue.KeyValueContainer (KeyValueContainer.java:flushAndSyncDB(388)) - Container 2 is synced with bcsId 36.
2020-12-15 13:59:05,647 [RatisApplyTransactionExecutor 2] INFO  keyvalue.KeyValueContainer (KeyValueContainer.java:flushAndSyncDB(388)) - Container 2 is synced with bcsId 36.
2020-12-15 13:59:05,647 [RatisApplyTransactionExecutor 1] INFO  keyvalue.KeyValueContainer (KeyValueContainer.java:close(326)) - Container 1 is closed with bcsId 32.
2020-12-15 13:59:05,648 [EventQueue-IncrementalContainerReportForIncrementalContainerReportHandler] INFO  container.IncrementalContainerReportHandler (AbstractContainerReportHandler.java:updateContainerState(208)) - Moving container #2 to QUASI_CLOSED state, datanode bcedaf3e-3b45-4de1-8682-1fb59b13139d{ip: 172.17.0.2, host: b0da2dc6b281, networkLocation: /default-rack, certSerialId: null, persistedOpState: IN_SERVICE, persistedOpStateExpiryEpochSec: 0} reported QUASI_CLOSED replica.
2020-12-15 13:59:05,649 [IPC Server handler 7 on default port 38555] INFO  node.SCMNodeManager (SCMNodeManager.java:updateDatanodeOpState(419)) - Scheduling a command to update the operationalState persisted on the datanode as the reported value (IN_SERVICE, 0) does not match the value stored in SCM (DECOMMISSIONING, 0)
2020-12-15 13:59:05,650 [Command processor thread] INFO  impl.RaftServerImpl (RaftServerImpl.java:groupRemove(299)) - bcedaf3e-3b45-4de1-8682-1fb59b13139d@group-66CF6CC76846: Succeed to remove RaftStorageDirectory Storage Directory /github/workspace/mnt/ozone/hadoop-ozone/integration-test/target/test-dir/MiniOzoneClusterImpl-933616a4-3ca4-434e-83a8-17d3c89ffd28/datanode-2/data/ratis/fb3c94f4-49a5-4a06-87bf-66cf6cc76846
2020-12-15 13:59:05,651 [Command processor thread] INFO  commandhandler.ClosePipelineCommandHandler (ClosePipelineCommandHandler.java:handle(75)) - Close Pipeline PipelineID=fb3c94f4-49a5-4a06-87bf-66cf6cc76846 command on datanode bcedaf3e-3b45-4de1-8682-1fb59b13139d.
2020-12-15 13:59:05,650 [RatisApplyTransactionExecutor 2] INFO  keyvalue.KeyValueContainer (KeyValueContainer.java:close(326)) - Container 2 is closed with bcsId 36.
2020-12-15 13:59:05,651 [Command processor thread] INFO  impl.RaftServerProxy (RaftServerProxy.java:remove(104)) - 5928c4bb-8a64-400c-b032-ccd85110c165: remove    LEADER 5928c4bb-8a64-400c-b032-ccd85110c165@group-66CF6CC76846:t1, leader=5928c4bb-8a64-400c-b032-ccd85110c165, voted=5928c4bb-8a64-400c-b032-ccd85110c165, raftlog=5928c4bb-8a64-400c-b032-ccd85110c165@group-66CF6CC76846-SegmentedRaftLog:OPENED:c42,f42,i42, conf=0: [bcedaf3e-3b45-4de1-8682-1fb59b13139d|rpc:172.17.0.2:34627|dataStream:, c6e04511-2206-46f8-9e26-aeae93b0c1d5|rpc:172.17.0.2:36945|dataStream:, 5928c4bb-8a64-400c-b032-ccd85110c165|rpc:172.17.0.2:39247|dataStream:], old=null RUNNING
2020-12-15 13:59:05,651 [Command processor thread] INFO  impl.RaftServerImpl (RaftServerImpl.java:lambda$shutdown$3(328)) - 5928c4bb-8a64-400c-b032-ccd85110c165@group-66CF6CC76846: shutdown
2020-12-15 13:59:05,652 [Command processor thread] INFO  util.JmxRegister (JmxRegister.java:unregister(73)) - Successfully un-registered JMX Bean with object name Ratis:service=RaftServer,group=group-66CF6CC76846,id=5928c4bb-8a64-400c-b032-ccd85110c165
2020-12-15 13:59:05,652 [Command processor thread] INFO  impl.RoleInfo (RoleInfo.java:shutdownLeaderState(104)) - 5928c4bb-8a64-400c-b032-ccd85110c165: shutdown 5928c4bb-8a64-400c-b032-ccd85110c165@group-66CF6CC76846-LeaderState
2020-12-15 13:59:05,651 [Command processor thread] WARN  impl.RaftServerProxy (RaftServerProxy.java:remove(99)) - bcedaf3e-3b45-4de1-8682-1fb59b13139d: does not contain group: group-66CF6CC76846
2020-12-15 13:59:05,652 [Command processor thread] INFO  metrics.RatisMetrics (RatisMetrics.java:unregister(43)) - Unregistering Metrics Registry : ratis_grpc.log_appender.5928c4bb-8a64-400c-b032-ccd85110c165@group-66CF6CC76846
2020-12-15 13:59:05,652 [RatisApplyTransactionExecutor 2] INFO  keyvalue.KeyValueContainer (KeyValueContainer.java:flushAndSyncDB(388)) - Container 2 is synced with bcsId 36.
2020-12-15 13:59:05,652 [org.apache.ratis.server.impl.LogAppender$AppenderDaemon$$Lambda$479/2118811503@678946d6] WARN  server.GrpcLogAppender (GrpcLogAppender.java:mayWait(168)) - 5928c4bb-8a64-400c-b032-ccd85110c165@group-66CF6CC76846->bcedaf3e-3b45-4de1-8682-1fb59b13139d-GrpcLogAppender: Wait interrupted by java.lang.InterruptedException
2020-12-15 13:59:05,652 [EventQueue-IncrementalContainerReportForIncrementalContainerReportHandler] INFO  container.IncrementalContainerReportHandler (AbstractContainerReportHandler.java:updateContainerState(241)) - Moving container #2 to CLOSED state, datanode 5928c4bb-8a64-400c-b032-ccd85110c165{ip: 172.17.0.2, host: b0da2dc6b281, networkLocation: /default-rack, certSerialId: null, persistedOpState: IN_SERVICE, persistedOpStateExpiryEpochSec: 0} reported CLOSED replica.
2020-12-15 13:59:05,653 [grpc-default-executor-0] INFO  server.GrpcServerProtocolService (GrpcServerProtocolService.java:onCompleted(138)) - bcedaf3e-3b45-4de1-8682-1fb59b13139d: Completed APPEND_ENTRIES, lastRequest: 5928c4bb-8a64-400c-b032-ccd85110c165->bcedaf3e-3b45-4de1-8682-1fb59b13139d#492-t1, previous=(t:1, i:41), leaderCommit=41, initializing? false, entries: size=1, first=(t:1, i:42), METADATAENTRY(c:41)
2020-12-15 13:59:05,652 [IPC Server handler 9 on default port 38555] INFO  node.SCMNodeManager (SCMNodeManager.java:updateDatanodeOpState(419)) - Scheduling a command to update the operationalState persisted on the datanode as the reported value (IN_SERVICE, 0) does not match the value stored in SCM (DECOMMISSIONING, 0)
2020-12-15 13:59:05,653 [grpc-default-executor-1] INFO  server.GrpcLogAppender (GrpcLogAppender.java:onCompleted(337)) - 5928c4bb-8a64-400c-b032-ccd85110c165@group-66CF6CC76846->bcedaf3e-3b45-4de1-8682-1fb59b13139d-AppendLogResponseHandler: follower responses appendEntries COMPLETED
2020-12-15 13:59:05,653 [grpc-default-executor-1] INFO  impl.FollowerInfo (FollowerInfo.java:lambda$new$0(51)) - 5928c4bb-8a64-400c-b032-ccd85110c165@group-66CF6CC76846->bcedaf3e-3b45-4de1-8682-1fb59b13139d: nextIndex: updateUnconditionally 43 -> 40
2020-12-15 13:59:05,652 [RatisApplyTransactionExecutor 2] INFO  keyvalue.KeyValueContainer (KeyValueContainer.java:flushAndSyncDB(388)) - Container 2 is synced with bcsId 36.
2020-12-15 13:59:05,652 [Command processor thread] INFO  metrics.RatisMetrics (RatisMetrics.java:unregister(43)) - Unregistering Metrics Registry : ratis_grpc.log_appender.5928c4bb-8a64-400c-b032-ccd85110c165@group-66CF6CC76846
2020-12-15 13:59:05,655 [Command processor thread] INFO  impl.PendingRequests (PendingRequests.java:sendNotLeaderResponses(250)) - 5928c4bb-8a64-400c-b032-ccd85110c165@group-66CF6CC76846-PendingRequests: sendNotLeaderResponses
2020-12-15 13:59:05,652 [Command processor thread] ERROR commandhandler.ClosePipelineCommandHandler (ClosePipelineCommandHandler.java:handle(78)) - Can't close pipeline PipelineID=fb3c94f4-49a5-4a06-87bf-66cf6cc76846
java.io.IOException: bcedaf3e-3b45-4de1-8682-1fb59b13139d: Group group-66CF6CC76846 not found.
	at org.apache.hadoop.ozone.container.common.transport.server.ratis.XceiverServerRatis.removeGroup(XceiverServerRatis.java:774)
	at org.apache.hadoop.ozone.container.common.statemachine.commandhandler.ClosePipelineCommandHandler.handle(ClosePipelineCommandHandler.java:74)
	at org.apache.hadoop.ozone.container.common.statemachine.commandhandler.CommandDispatcher.handle(CommandDispatcher.java:99)
	at org.apache.hadoop.ozone.container.common.statemachine.DatanodeStateMachine.lambda$initCommandHandlerThread$2(DatanodeStateMachine.java:498)
	at java.lang.Thread.run(Thread.java:748)
Caused by: org.apache.ratis.protocol.exceptions.GroupMismatchException: bcedaf3e-3b45-4de1-8682-1fb59b13139d: Group group-66CF6CC76846 not found.
	at org.apache.ratis.server.impl.RaftServerProxy.groupRemoveAsync(RaftServerProxy.java:445)
	at org.apache.ratis.server.impl.RaftServerProxy.groupManagementAsync(RaftServerProxy.java:401)
	at org.apache.ratis.server.impl.RaftServerProxy.groupManagement(RaftServerProxy.java:381)
	at org.apache.hadoop.ozone.container.common.transport.server.ratis.XceiverServerRatis.removeGroup(XceiverServerRatis.java:772)
	... 4 more
2020-12-15 13:59:05,656 [Command processor thread] WARN  impl.RaftServerProxy (RaftServerProxy.java:remove(99)) - bcedaf3e-3b45-4de1-8682-1fb59b13139d: does not contain group: group-66CF6CC76846
2020-12-15 13:59:05,656 [Command processor thread] ERROR commandhandler.ClosePipelineCommandHandler (ClosePipelineCommandHandler.java:handle(78)) - Can't close pipeline PipelineID=fb3c94f4-49a5-4a06-87bf-66cf6cc76846
java.io.IOException: bcedaf3e-3b45-4de1-8682-1fb59b13139d: Group group-66CF6CC76846 not found.
	at org.apache.hadoop.ozone.container.common.transport.server.ratis.XceiverServerRatis.removeGroup(XceiverServerRatis.java:774)
	at org.apache.hadoop.ozone.container.common.statemachine.commandhandler.ClosePipelineCommandHandler.handle(ClosePipelineCommandHandler.java:74)
	at org.apache.hadoop.ozone.container.common.statemachine.commandhandler.CommandDispatcher.handle(CommandDispatcher.java:99)
	at org.apache.hadoop.ozone.container.common.statemachine.DatanodeStateMachine.lambda$initCommandHandlerThread$2(DatanodeStateMachine.java:498)
	at java.lang.Thread.run(Thread.java:748)
Caused by: org.apache.ratis.protocol.exceptions.GroupMismatchException: bcedaf3e-3b45-4de1-8682-1fb59b13139d: Group group-66CF6CC76846 not found.
	at org.apache.ratis.server.impl.RaftServerProxy.groupRemoveAsync(RaftServerProxy.java:445)
	at org.apache.ratis.server.impl.RaftServerProxy.groupManagementAsync(RaftServerProxy.java:401)
	at org.apache.ratis.server.impl.RaftServerProxy.groupManagement(RaftServerProxy.java:381)
	at org.apache.hadoop.ozone.container.common.transport.server.ratis.XceiverServerRatis.removeGroup(XceiverServerRatis.java:772)
	... 4 more
2020-12-15 13:59:05,657 [Command processor thread] WARN  impl.RaftServerProxy (RaftServerProxy.java:remove(99)) - bcedaf3e-3b45-4de1-8682-1fb59b13139d: does not contain group: group-66CF6CC76846
2020-12-15 13:59:05,657 [Command processor thread] INFO  metrics.RatisMetrics (RatisMetrics.java:unregister(43)) - Unregistering Metrics Registry : ratis.log_appender.5928c4bb-8a64-400c-b032-ccd85110c165@group-66CF6CC76846
2020-12-15 13:59:05,657 [Command processor thread] INFO  metrics.RatisMetrics (RatisMetrics.java:unregister(43)) - Unregistering Metrics Registry : ratis.server.5928c4bb-8a64-400c-b032-ccd85110c165@group-66CF6CC76846
2020-12-15 13:59:05,655 [org.apache.ratis.server.impl.LogAppender$AppenderDaemon$$Lambda$479/2118811503@bf50b7f] WARN  server.GrpcLogAppender (GrpcLogAppender.java:mayWait(168)) - 5928c4bb-8a64-400c-b032-ccd85110c165@group-66CF6CC76846->c6e04511-2206-46f8-9e26-aeae93b0c1d5-GrpcLogAppender: Wait interrupted by java.lang.InterruptedException
2020-12-15 13:59:05,657 [Command processor thread] ERROR commandhandler.ClosePipelineCommandHandler (ClosePipelineCommandHandler.java:handle(78)) - Can't close pipeline PipelineID=fb3c94f4-49a5-4a06-87bf-66cf6cc76846
java.io.IOException: bcedaf3e-3b45-4de1-8682-1fb59b13139d: Group group-66CF6CC76846 not found.
	at org.apache.hadoop.ozone.container.common.transport.server.ratis.XceiverServerRatis.removeGroup(XceiverServerRatis.java:774)
	at org.apache.hadoop.ozone.container.common.statemachine.commandhandler.ClosePipelineCommandHandler.handle(ClosePipelineCommandHandler.java:74)
	at org.apache.hadoop.ozone.container.common.statemachine.commandhandler.CommandDispatcher.handle(CommandDispatcher.java:99)
	at org.apache.hadoop.ozone.container.common.statemachine.DatanodeStateMachine.lambda$initCommandHandlerThread$2(DatanodeStateMachine.java:498)
	at java.lang.Thread.run(Thread.java:748)
Caused by: org.apache.ratis.protocol.exceptions.GroupMismatchException: bcedaf3e-3b45-4de1-8682-1fb59b13139d: Group group-66CF6CC76846 not found.
	at org.apache.ratis.server.impl.RaftServerProxy.groupRemoveAsync(RaftServerProxy.java:445)
	at org.apache.ratis.server.impl.RaftServerProxy.groupManagementAsync(RaftServerProxy.java:401)
	at org.apache.ratis.server.impl.RaftServerProxy.groupManagement(RaftServerProxy.java:381)
	at org.apache.hadoop.ozone.container.common.transport.server.ratis.XceiverServerRatis.removeGroup(XceiverServerRatis.java:772)
	... 4 more
2020-12-15 13:59:05,658 [Command processor thread] WARN  impl.RaftServerProxy (RaftServerProxy.java:remove(99)) - bcedaf3e-3b45-4de1-8682-1fb59b13139d: does not contain group: group-66CF6CC76846
2020-12-15 13:59:05,658 [Command processor thread] ERROR commandhandler.ClosePipelineCommandHandler (ClosePipelineCommandHandler.java:handle(78)) - Can't close pipeline PipelineID=fb3c94f4-49a5-4a06-87bf-66cf6cc76846
java.io.IOException: bcedaf3e-3b45-4de1-8682-1fb59b13139d: Group group-66CF6CC76846 not found.
	at org.apache.hadoop.ozone.container.common.transport.server.ratis.XceiverServerRatis.removeGroup(XceiverServerRatis.java:774)
	at org.apache.hadoop.ozone.container.common.statemachine.commandhandler.ClosePipelineCommandHandler.handle(ClosePipelineCommandHandler.java:74)
	at org.apache.hadoop.ozone.container.common.statemachine.commandhandler.CommandDispatcher.handle(CommandDispatcher.java:99)
	at org.apache.hadoop.ozone.container.common.statemachine.DatanodeStateMachine.lambda$initCommandHandlerThread$2(DatanodeStateMachine.java:498)
	at java.lang.Thread.run(Thread.java:748)
Caused by: org.apache.ratis.protocol.exceptions.GroupMismatchException: bcedaf3e-3b45-4de1-8682-1fb59b13139d: Group group-66CF6CC76846 not found.
	at org.apache.ratis.server.impl.RaftServerProxy.groupRemoveAsync(RaftServerProxy.java:445)
	at org.apache.ratis.server.impl.RaftServerProxy.groupManagementAsync(RaftServerProxy.java:401)
	at org.apache.ratis.server.impl.RaftServerProxy.groupManagement(RaftServerProxy.java:381)
	at org.apache.hadoop.ozone.container.common.transport.server.ratis.XceiverServerRatis.removeGroup(XceiverServerRatis.java:772)
	... 4 more
2020-12-15 13:59:05,658 [Command processor thread] WARN  impl.RaftServerProxy (RaftServerProxy.java:remove(99)) - bcedaf3e-3b45-4de1-8682-1fb59b13139d: does not contain group: group-66CF6CC76846
2020-12-15 13:59:05,658 [Command processor thread] ERROR commandhandler.ClosePipelineCommandHandler (ClosePipelineCommandHandler.java:handle(78)) - Can't close pipeline PipelineID=fb3c94f4-49a5-4a06-87bf-66cf6cc76846
java.io.IOException: bcedaf3e-3b45-4de1-8682-1fb59b13139d: Group group-66CF6CC76846 not found.
	at org.apache.hadoop.ozone.container.common.transport.server.ratis.XceiverServerRatis.removeGroup(XceiverServerRatis.java:774)
	at org.apache.hadoop.ozone.container.common.statemachine.commandhandler.ClosePipelineCommandHandler.handle(ClosePipelineCommandHandler.java:74)
	at org.apache.hadoop.ozone.container.common.statemachine.commandhandler.CommandDispatcher.handle(CommandDispatcher.java:99)
	at org.apache.hadoop.ozone.container.common.statemachine.DatanodeStateMachine.lambda$initCommandHandlerThread$2(DatanodeStateMachine.java:498)
	at java.lang.Thread.run(Thread.java:748)
Caused by: org.apache.ratis.protocol.exceptions.GroupMismatchException: bcedaf3e-3b45-4de1-8682-1fb59b13139d: Group group-66CF6CC76846 not found.
	at org.apache.ratis.server.impl.RaftServerProxy.groupRemoveAsync(RaftServerProxy.java:445)
	at org.apache.ratis.server.impl.RaftServerProxy.groupManagementAsync(RaftServerProxy.java:401)
	at org.apache.ratis.server.impl.RaftServerProxy.groupManagement(RaftServerProxy.java:381)
	at org.apache.hadoop.ozone.container.common.transport.server.ratis.XceiverServerRatis.removeGroup(XceiverServerRatis.java:772)
	... 4 more
2020-12-15 13:59:05,659 [grpc-default-executor-1] INFO  server.GrpcServerProtocolService (GrpcServerProtocolService.java:onCompleted(138)) - c6e04511-2206-46f8-9e26-aeae93b0c1d5: Completed APPEND_ENTRIES, lastRequest: 5928c4bb-8a64-400c-b032-ccd85110c165->c6e04511-2206-46f8-9e26-aeae93b0c1d5#487-t1, previous=(t:1, i:41), leaderCommit=41, initializing? false, entries: size=1, first=(t:1, i:42), METADATAENTRY(c:41)
2020-12-15 13:59:05,659 [RatisApplyTransactionExecutor 2] INFO  keyvalue.KeyValueContainer (KeyValueContainer.java:close(326)) - Container 2 is closed with bcsId 36.
2020-12-15 13:59:05,660 [IPC Server handler 11 on default port 38555] INFO  node.SCMNodeManager (SCMNodeManager.java:updateDatanodeOpState(419)) - Scheduling a command to update the operationalState persisted on the datanode as the reported value (IN_SERVICE, 0) does not match the value stored in SCM (DECOMMISSIONING, 0)
2020-12-15 13:59:05,661 [grpc-default-executor-5] INFO  server.GrpcLogAppender (GrpcLogAppender.java:onCompleted(337)) - 5928c4bb-8a64-400c-b032-ccd85110c165@group-66CF6CC76846->c6e04511-2206-46f8-9e26-aeae93b0c1d5-AppendLogResponseHandler: follower responses appendEntries COMPLETED
2020-12-15 13:59:05,665 [Command processor thread] INFO  impl.StateMachineUpdater (StateMachineUpdater.java:stopAndJoin(147)) - 5928c4bb-8a64-400c-b032-ccd85110c165@group-66CF6CC76846-StateMachineUpdater: set stopIndex = 42
2020-12-15 13:59:05,666 [5928c4bb-8a64-400c-b032-ccd85110c165@group-66CF6CC76846-StateMachineUpdater] INFO  ratis.ContainerStateMachine (ContainerStateMachine.java:takeSnapshot(293)) - group-66CF6CC76846: Taking a snapshot at:(t:1, i:42) file /github/workspace/mnt/ozone/hadoop-ozone/integration-test/target/test-dir/MiniOzoneClusterImpl-933616a4-3ca4-434e-83a8-17d3c89ffd28/datanode-0/data/ratis/fb3c94f4-49a5-4a06-87bf-66cf6cc76846/sm/snapshot.1_42
2020-12-15 13:59:05,666 [grpc-default-executor-5] INFO  impl.FollowerInfo (FollowerInfo.java:lambda$new$0(51)) - 5928c4bb-8a64-400c-b032-ccd85110c165@group-66CF6CC76846->c6e04511-2206-46f8-9e26-aeae93b0c1d5: nextIndex: updateUnconditionally 43 -> 42
2020-12-15 13:59:05,666 [5928c4bb-8a64-400c-b032-ccd85110c165@group-66CF6CC76846-StateMachineUpdater] INFO  ratis.ContainerStateMachine (ContainerStateMachine.java:takeSnapshot(304)) - group-66CF6CC76846: Finished taking a snapshot at:(t:1, i:42) file:/github/workspace/mnt/ozone/hadoop-ozone/integration-test/target/test-dir/MiniOzoneClusterImpl-933616a4-3ca4-434e-83a8-17d3c89ffd28/datanode-0/data/ratis/fb3c94f4-49a5-4a06-87bf-66cf6cc76846/sm/snapshot.1_42 time:1
2020-12-15 13:59:05,667 [5928c4bb-8a64-400c-b032-ccd85110c165@group-66CF6CC76846-StateMachineUpdater] INFO  impl.StateMachineUpdater (StateMachineUpdater.java:takeSnapshot(278)) - 5928c4bb-8a64-400c-b032-ccd85110c165@group-66CF6CC76846-StateMachineUpdater: Took a snapshot at index 42
2020-12-15 13:59:05,667 [5928c4bb-8a64-400c-b032-ccd85110c165@group-66CF6CC76846-StateMachineUpdater] INFO  impl.StateMachineUpdater (StateMachineUpdater.java:lambda$new$0(87)) - 5928c4bb-8a64-400c-b032-ccd85110c165@group-66CF6CC76846-StateMachineUpdater: snapshotIndex: updateIncreasingly -1 -> 42
2020-12-15 13:59:05,667 [5928c4bb-8a64-400c-b032-ccd85110c165@group-66CF6CC76846-StateMachineUpdater] INFO  metrics.RatisMetrics (RatisMetrics.java:unregister(43)) - Unregistering Metrics Registry : ratis.state_machine.5928c4bb-8a64-400c-b032-ccd85110c165@group-66CF6CC76846
2020-12-15 13:59:05,667 [Command processor thread] INFO  impl.RaftServerImpl (ServerState.java:close(406)) - 5928c4bb-8a64-400c-b032-ccd85110c165@group-66CF6CC76846: closes. applyIndex: 42
2020-12-15 13:59:05,667 [5928c4bb-8a64-400c-b032-ccd85110c165@group-66CF6CC76846-SegmentedRaftLogWorker] INFO  segmented.SegmentedRaftLogWorker (SegmentedRaftLogWorker.java:run(329)) - 5928c4bb-8a64-400c-b032-ccd85110c165@group-66CF6CC76846-SegmentedRaftLogWorker was interrupted, exiting. There are 0 tasks remaining in the queue.
2020-12-15 13:59:05,668 [Command processor thread] INFO  segmented.SegmentedRaftLogWorker (SegmentedRaftLogWorker.java:close(235)) - 5928c4bb-8a64-400c-b032-ccd85110c165@group-66CF6CC76846-SegmentedRaftLogWorker close()
2020-12-15 13:59:05,669 [Command processor thread] INFO  metrics.RatisMetrics (RatisMetrics.java:unregister(43)) - Unregistering Metrics Registry : ratis.log_worker.5928c4bb-8a64-400c-b032-ccd85110c165@group-66CF6CC76846
2020-12-15 13:59:05,669 [Command processor thread] INFO  metrics.RatisMetrics (RatisMetrics.java:unregister(43)) - Unregistering Metrics Registry : ratis.leader_election.5928c4bb-8a64-400c-b032-ccd85110c165@group-66CF6CC76846
2020-12-15 13:59:05,669 [Command processor thread] INFO  metrics.RatisMetrics (RatisMetrics.java:unregister(43)) - Unregistering Metrics Registry : ratis.server.5928c4bb-8a64-400c-b032-ccd85110c165@group-66CF6CC76846
2020-12-15 13:59:05,670 [Command processor thread] INFO  impl.RaftServerImpl (RaftServerImpl.java:groupRemove(299)) - 5928c4bb-8a64-400c-b032-ccd85110c165@group-66CF6CC76846: Succeed to remove RaftStorageDirectory Storage Directory /github/workspace/mnt/ozone/hadoop-ozone/integration-test/target/test-dir/MiniOzoneClusterImpl-933616a4-3ca4-434e-83a8-17d3c89ffd28/datanode-0/data/ratis/fb3c94f4-49a5-4a06-87bf-66cf6cc76846
2020-12-15 13:59:05,670 [Command processor thread] INFO  commandhandler.ClosePipelineCommandHandler (ClosePipelineCommandHandler.java:handle(75)) - Close Pipeline PipelineID=fb3c94f4-49a5-4a06-87bf-66cf6cc76846 command on datanode 5928c4bb-8a64-400c-b032-ccd85110c165.
2020-12-15 13:59:05,670 [Command processor thread] WARN  impl.RaftServerProxy (RaftServerProxy.java:remove(99)) - 5928c4bb-8a64-400c-b032-ccd85110c165: does not contain group: group-66CF6CC76846
2020-12-15 13:59:05,670 [Command processor thread] ERROR commandhandler.ClosePipelineCommandHandler (ClosePipelineCommandHandler.java:handle(78)) - Can't close pipeline PipelineID=fb3c94f4-49a5-4a06-87bf-66cf6cc76846
java.io.IOException: 5928c4bb-8a64-400c-b032-ccd85110c165: Group group-66CF6CC76846 not found.
	at org.apache.hadoop.ozone.container.common.transport.server.ratis.XceiverServerRatis.removeGroup(XceiverServerRatis.java:774)
	at org.apache.hadoop.ozone.container.common.statemachine.commandhandler.ClosePipelineCommandHandler.handle(ClosePipelineCommandHandler.java:74)
	at org.apache.hadoop.ozone.container.common.statemachine.commandhandler.CommandDispatcher.handle(CommandDispatcher.java:99)
	at org.apache.hadoop.ozone.container.common.statemachine.DatanodeStateMachine.lambda$initCommandHandlerThread$2(DatanodeStateMachine.java:498)
	at java.lang.Thread.run(Thread.java:748)
Caused by: org.apache.ratis.protocol.exceptions.GroupMismatchException: 5928c4bb-8a64-400c-b032-ccd85110c165: Group group-66CF6CC76846 not found.
	at org.apache.ratis.server.impl.RaftServerProxy.groupRemoveAsync(RaftServerProxy.java:445)
	at org.apache.ratis.server.impl.RaftServerProxy.groupManagementAsync(RaftServerProxy.java:401)
	at org.apache.ratis.server.impl.RaftServerProxy.groupManagement(RaftServerProxy.java:381)
	at org.apache.hadoop.ozone.container.common.transport.server.ratis.XceiverServerRatis.removeGroup(XceiverServerRatis.java:772)
	... 4 more
2020-12-15 13:59:05,670 [Command processor thread] WARN  impl.RaftServerProxy (RaftServerProxy.java:remove(99)) - 5928c4bb-8a64-400c-b032-ccd85110c165: does not contain group: group-66CF6CC76846
2020-12-15 13:59:05,671 [Command processor thread] ERROR commandhandler.ClosePipelineCommandHandler (ClosePipelineCommandHandler.java:handle(78)) - Can't close pipeline PipelineID=fb3c94f4-49a5-4a06-87bf-66cf6cc76846
java.io.IOException: 5928c4bb-8a64-400c-b032-ccd85110c165: Group group-66CF6CC76846 not found.
	at org.apache.hadoop.ozone.container.common.transport.server.ratis.XceiverServerRatis.removeGroup(XceiverServerRatis.java:774)
	at org.apache.hadoop.ozone.container.common.statemachine.commandhandler.ClosePipelineCommandHandler.handle(ClosePipelineCommandHandler.java:74)
	at org.apache.hadoop.ozone.container.common.statemachine.commandhandler.CommandDispatcher.handle(CommandDispatcher.java:99)
	at org.apache.hadoop.ozone.container.common.statemachine.DatanodeStateMachine.lambda$initCommandHandlerThread$2(DatanodeStateMachine.java:498)
	at java.lang.Thread.run(Thread.java:748)
Caused by: org.apache.ratis.protocol.exceptions.GroupMismatchException: 5928c4bb-8a64-400c-b032-ccd85110c165: Group group-66CF6CC76846 not found.
	at org.apache.ratis.server.impl.RaftServerProxy.groupRemoveAsync(RaftServerProxy.java:445)
	at org.apache.ratis.server.impl.RaftServerProxy.groupManagementAsync(RaftServerProxy.java:401)
	at org.apache.ratis.server.impl.RaftServerProxy.groupManagement(RaftServerProxy.java:381)
	at org.apache.hadoop.ozone.container.common.transport.server.ratis.XceiverServerRatis.removeGroup(XceiverServerRatis.java:772)
	... 4 more
2020-12-15 13:59:05,671 [Command processor thread] WARN  impl.RaftServerProxy (RaftServerProxy.java:remove(99)) - 5928c4bb-8a64-400c-b032-ccd85110c165: does not contain group: group-66CF6CC76846
2020-12-15 13:59:05,671 [Command processor thread] ERROR commandhandler.ClosePipelineCommandHandler (ClosePipelineCommandHandler.java:handle(78)) - Can't close pipeline PipelineID=fb3c94f4-49a5-4a06-87bf-66cf6cc76846
java.io.IOException: 5928c4bb-8a64-400c-b032-ccd85110c165: Group group-66CF6CC76846 not found.
	at org.apache.hadoop.ozone.container.common.transport.server.ratis.XceiverServerRatis.removeGroup(XceiverServerRatis.java:774)
	at org.apache.hadoop.ozone.container.common.statemachine.commandhandler.ClosePipelineCommandHandler.handle(ClosePipelineCommandHandler.java:74)
	at org.apache.hadoop.ozone.container.common.statemachine.commandhandler.CommandDispatcher.handle(CommandDispatcher.java:99)
	at org.apache.hadoop.ozone.container.common.statemachine.DatanodeStateMachine.lambda$initCommandHandlerThread$2(DatanodeStateMachine.java:498)
	at java.lang.Thread.run(Thread.java:748)
Caused by: org.apache.ratis.protocol.exceptions.GroupMismatchException: 5928c4bb-8a64-400c-b032-ccd85110c165: Group group-66CF6CC76846 not found.
	at org.apache.ratis.server.impl.RaftServerProxy.groupRemoveAsync(RaftServerProxy.java:445)
	at org.apache.ratis.server.impl.RaftServerProxy.groupManagementAsync(RaftServerProxy.java:401)
	at org.apache.ratis.server.impl.RaftServerProxy.groupManagement(RaftServerProxy.java:381)
	at org.apache.hadoop.ozone.container.common.transport.server.ratis.XceiverServerRatis.removeGroup(XceiverServerRatis.java:772)
	... 4 more
2020-12-15 13:59:05,671 [Command processor thread] WARN  impl.RaftServerProxy (RaftServerProxy.java:remove(99)) - 5928c4bb-8a64-400c-b032-ccd85110c165: does not contain group: group-66CF6CC76846
2020-12-15 13:59:05,671 [Command processor thread] ERROR commandhandler.ClosePipelineCommandHandler (ClosePipelineCommandHandler.java:handle(78)) - Can't close pipeline PipelineID=fb3c94f4-49a5-4a06-87bf-66cf6cc76846
java.io.IOException: 5928c4bb-8a64-400c-b032-ccd85110c165: Group group-66CF6CC76846 not found.
	at org.apache.hadoop.ozone.container.common.transport.server.ratis.XceiverServerRatis.removeGroup(XceiverServerRatis.java:774)
	at org.apache.hadoop.ozone.container.common.statemachine.commandhandler.ClosePipelineCommandHandler.handle(ClosePipelineCommandHandler.java:74)
	at org.apache.hadoop.ozone.container.common.statemachine.commandhandler.CommandDispatcher.handle(CommandDispatcher.java:99)
	at org.apache.hadoop.ozone.container.common.statemachine.DatanodeStateMachine.lambda$initCommandHandlerThread$2(DatanodeStateMachine.java:498)
	at java.lang.Thread.run(Thread.java:748)
Caused by: org.apache.ratis.protocol.exceptions.GroupMismatchException: 5928c4bb-8a64-400c-b032-ccd85110c165: Group group-66CF6CC76846 not found.
	at org.apache.ratis.server.impl.RaftServerProxy.groupRemoveAsync(RaftServerProxy.java:445)
	at org.apache.ratis.server.impl.RaftServerProxy.groupManagementAsync(RaftServerProxy.java:401)
	at org.apache.ratis.server.impl.RaftServerProxy.groupManagement(RaftServerProxy.java:381)
	at org.apache.hadoop.ozone.container.common.transport.server.ratis.XceiverServerRatis.removeGroup(XceiverServerRatis.java:772)
	... 4 more
2020-12-15 13:59:05,671 [Command processor thread] WARN  impl.RaftServerProxy (RaftServerProxy.java:remove(99)) - 5928c4bb-8a64-400c-b032-ccd85110c165: does not contain group: group-66CF6CC76846
2020-12-15 13:59:05,671 [Command processor thread] ERROR commandhandler.ClosePipelineCommandHandler (ClosePipelineCommandHandler.java:handle(78)) - Can't close pipeline PipelineID=fb3c94f4-49a5-4a06-87bf-66cf6cc76846
java.io.IOException: 5928c4bb-8a64-400c-b032-ccd85110c165: Group group-66CF6CC76846 not found.
	at org.apache.hadoop.ozone.container.common.transport.server.ratis.XceiverServerRatis.removeGroup(XceiverServerRatis.java:774)
	at org.apache.hadoop.ozone.container.common.statemachine.commandhandler.ClosePipelineCommandHandler.handle(ClosePipelineCommandHandler.java:74)
	at org.apache.hadoop.ozone.container.common.statemachine.commandhandler.CommandDispatcher.handle(CommandDispatcher.java:99)
	at org.apache.hadoop.ozone.container.common.statemachine.DatanodeStateMachine.lambda$initCommandHandlerThread$2(DatanodeStateMachine.java:498)
	at java.lang.Thread.run(Thread.java:748)
Caused by: org.apache.ratis.protocol.exceptions.GroupMismatchException: 5928c4bb-8a64-400c-b032-ccd85110c165: Group group-66CF6CC76846 not found.
	at org.apache.ratis.server.impl.RaftServerProxy.groupRemoveAsync(RaftServerProxy.java:445)
	at org.apache.ratis.server.impl.RaftServerProxy.groupManagementAsync(RaftServerProxy.java:401)
	at org.apache.ratis.server.impl.RaftServerProxy.groupManagement(RaftServerProxy.java:381)
	at org.apache.hadoop.ozone.container.common.transport.server.ratis.XceiverServerRatis.removeGroup(XceiverServerRatis.java:772)
	... 4 more
2020-12-15 13:59:05,905 [DatanodeAdminManager-0] INFO  node.DatanodeAdminMonitorImpl (DatanodeAdminMonitorImpl.java:run(136)) - There are 1 nodes tracked for decommission and maintenance. 0 pending nodes.
2020-12-15 13:59:06,545 [ReplicationMonitor] INFO  container.ReplicationManager (ReplicationManager.java:sendCloseCommand(948)) - Sending close container command for container #1 to datanode c6e04511-2206-46f8-9e26-aeae93b0c1d5{ip: 172.17.0.2, host: b0da2dc6b281, networkLocation: /default-rack, certSerialId: null, persistedOpState: IN_SERVICE, persistedOpStateExpiryEpochSec: 0}.
2020-12-15 13:59:06,546 [ReplicationMonitor] INFO  container.ReplicationManager (ReplicationManager.java:sendCloseCommand(948)) - Sending close container command for container #1 to datanode bcedaf3e-3b45-4de1-8682-1fb59b13139d{ip: 172.17.0.2, host: b0da2dc6b281, networkLocation: /default-rack, certSerialId: null, persistedOpState: IN_SERVICE, persistedOpStateExpiryEpochSec: 0}.
2020-12-15 13:59:06,546 [ReplicationMonitor] INFO  container.ReplicationManager (ReplicationManager.java:sendCloseCommand(948)) - Sending close container command for container #1 to datanode 5928c4bb-8a64-400c-b032-ccd85110c165{ip: 172.17.0.2, host: b0da2dc6b281, networkLocation: /default-rack, certSerialId: null, persistedOpState: IN_SERVICE, persistedOpStateExpiryEpochSec: 0}.
2020-12-15 13:59:06,546 [ReplicationMonitor] INFO  container.ReplicationManager (ReplicationManager.java:sendCloseCommand(948)) - Sending close container command for container #2 to datanode bcedaf3e-3b45-4de1-8682-1fb59b13139d{ip: 172.17.0.2, host: b0da2dc6b281, networkLocation: /default-rack, certSerialId: null, persistedOpState: IN_SERVICE, persistedOpStateExpiryEpochSec: 0}.
2020-12-15 13:59:06,546 [ReplicationMonitor] INFO  container.ReplicationManager (ReplicationManager.java:run(250)) - Replication Monitor Thread took 0 milliseconds for processing 4 containers.
2020-12-15 13:59:06,610 [Command processor thread] INFO  impl.RaftServerProxy (RaftServerProxy.java:remove(104)) - c6e04511-2206-46f8-9e26-aeae93b0c1d5: remove  FOLLOWER c6e04511-2206-46f8-9e26-aeae93b0c1d5@group-66CF6CC76846:t1, leader=5928c4bb-8a64-400c-b032-ccd85110c165, voted=5928c4bb-8a64-400c-b032-ccd85110c165, raftlog=c6e04511-2206-46f8-9e26-aeae93b0c1d5@group-66CF6CC76846-SegmentedRaftLog:OPENED:c41,f42,i42, conf=0: [bcedaf3e-3b45-4de1-8682-1fb59b13139d|rpc:172.17.0.2:34627|dataStream:, c6e04511-2206-46f8-9e26-aeae93b0c1d5|rpc:172.17.0.2:36945|dataStream:, 5928c4bb-8a64-400c-b032-ccd85110c165|rpc:172.17.0.2:39247|dataStream:], old=null RUNNING
2020-12-15 13:59:06,611 [Command processor thread] INFO  impl.RaftServerImpl (RaftServerImpl.java:lambda$shutdown$3(328)) - c6e04511-2206-46f8-9e26-aeae93b0c1d5@group-66CF6CC76846: shutdown
2020-12-15 13:59:06,611 [Command processor thread] INFO  util.JmxRegister (JmxRegister.java:unregister(73)) - Successfully un-registered JMX Bean with object name Ratis:service=RaftServer,group=group-66CF6CC76846,id=c6e04511-2206-46f8-9e26-aeae93b0c1d5
2020-12-15 13:59:06,611 [Command processor thread] INFO  impl.RoleInfo (RoleInfo.java:shutdownFollowerState(121)) - c6e04511-2206-46f8-9e26-aeae93b0c1d5: shutdown c6e04511-2206-46f8-9e26-aeae93b0c1d5@group-66CF6CC76846-FollowerState
2020-12-15 13:59:06,611 [Command processor thread] INFO  impl.StateMachineUpdater (StateMachineUpdater.java:stopAndJoin(147)) - c6e04511-2206-46f8-9e26-aeae93b0c1d5@group-66CF6CC76846-StateMachineUpdater: set stopIndex = 41
2020-12-15 13:59:06,611 [Thread-3303] INFO  impl.FollowerState (FollowerState.java:run(137)) - c6e04511-2206-46f8-9e26-aeae93b0c1d5@group-66CF6CC76846-FollowerState was interrupted: {}
java.lang.InterruptedException: sleep interrupted
	at java.lang.Thread.sleep(Native Method)
	at org.apache.ratis.util.JavaUtils.sleep(JavaUtils.java:250)
	at org.apache.ratis.server.impl.FollowerState.run(FollowerState.java:116)
2020-12-15 13:59:06,612 [c6e04511-2206-46f8-9e26-aeae93b0c1d5@group-66CF6CC76846-StateMachineUpdater] INFO  ratis.ContainerStateMachine (ContainerStateMachine.java:takeSnapshot(293)) - group-66CF6CC76846: Taking a snapshot at:(t:1, i:41) file /github/workspace/mnt/ozone/hadoop-ozone/integration-test/target/test-dir/MiniOzoneClusterImpl-933616a4-3ca4-434e-83a8-17d3c89ffd28/datanode-1/data/ratis/fb3c94f4-49a5-4a06-87bf-66cf6cc76846/sm/snapshot.1_41
2020-12-15 13:59:06,613 [c6e04511-2206-46f8-9e26-aeae93b0c1d5@group-66CF6CC76846-StateMachineUpdater] INFO  ratis.ContainerStateMachine (ContainerStateMachine.java:takeSnapshot(304)) - group-66CF6CC76846: Finished taking a snapshot at:(t:1, i:41) file:/github/workspace/mnt/ozone/hadoop-ozone/integration-test/target/test-dir/MiniOzoneClusterImpl-933616a4-3ca4-434e-83a8-17d3c89ffd28/datanode-1/data/ratis/fb3c94f4-49a5-4a06-87bf-66cf6cc76846/sm/snapshot.1_41 time:3
2020-12-15 13:59:06,614 [c6e04511-2206-46f8-9e26-aeae93b0c1d5@group-66CF6CC76846-StateMachineUpdater] INFO  impl.StateMachineUpdater (StateMachineUpdater.java:takeSnapshot(278)) - c6e04511-2206-46f8-9e26-aeae93b0c1d5@group-66CF6CC76846-StateMachineUpdater: Took a snapshot at index 41
2020-12-15 13:59:06,614 [c6e04511-2206-46f8-9e26-aeae93b0c1d5@group-66CF6CC76846-StateMachineUpdater] INFO  impl.StateMachineUpdater (StateMachineUpdater.java:lambda$new$0(87)) - c6e04511-2206-46f8-9e26-aeae93b0c1d5@group-66CF6CC76846-StateMachineUpdater: snapshotIndex: updateIncreasingly -1 -> 41
2020-12-15 13:59:06,614 [c6e04511-2206-46f8-9e26-aeae93b0c1d5@group-66CF6CC76846-StateMachineUpdater] INFO  metrics.RatisMetrics (RatisMetrics.java:unregister(43)) - Unregistering Metrics Registry : ratis.state_machine.c6e04511-2206-46f8-9e26-aeae93b0c1d5@group-66CF6CC76846
2020-12-15 13:59:06,614 [Command processor thread] INFO  impl.RaftServerImpl (ServerState.java:close(406)) - c6e04511-2206-46f8-9e26-aeae93b0c1d5@group-66CF6CC76846: closes. applyIndex: 41
2020-12-15 13:59:06,614 [c6e04511-2206-46f8-9e26-aeae93b0c1d5@group-66CF6CC76846-SegmentedRaftLogWorker] INFO  segmented.SegmentedRaftLogWorker (SegmentedRaftLogWorker.java:run(329)) - c6e04511-2206-46f8-9e26-aeae93b0c1d5@group-66CF6CC76846-SegmentedRaftLogWorker was interrupted, exiting. There are 0 tasks remaining in the queue.
2020-12-15 13:59:06,614 [Command processor thread] INFO  segmented.SegmentedRaftLogWorker (SegmentedRaftLogWorker.java:close(235)) - c6e04511-2206-46f8-9e26-aeae93b0c1d5@group-66CF6CC76846-SegmentedRaftLogWorker close()
2020-12-15 13:59:06,615 [Command processor thread] INFO  metrics.RatisMetrics (RatisMetrics.java:unregister(43)) - Unregistering Metrics Registry : ratis.log_worker.c6e04511-2206-46f8-9e26-aeae93b0c1d5@group-66CF6CC76846
2020-12-15 13:59:06,615 [Command processor thread] INFO  metrics.RatisMetrics (RatisMetrics.java:unregister(43)) - Unregistering Metrics Registry : ratis.leader_election.c6e04511-2206-46f8-9e26-aeae93b0c1d5@group-66CF6CC76846
2020-12-15 13:59:06,615 [Command processor thread] INFO  metrics.RatisMetrics (RatisMetrics.java:unregister(43)) - Unregistering Metrics Registry : ratis.server.c6e04511-2206-46f8-9e26-aeae93b0c1d5@group-66CF6CC76846
2020-12-15 13:59:06,616 [Command processor thread] INFO  impl.RaftServerImpl (RaftServerImpl.java:groupRemove(299)) - c6e04511-2206-46f8-9e26-aeae93b0c1d5@group-66CF6CC76846: Succeed to remove RaftStorageDirectory Storage Directory /github/workspace/mnt/ozone/hadoop-ozone/integration-test/target/test-dir/MiniOzoneClusterImpl-933616a4-3ca4-434e-83a8-17d3c89ffd28/datanode-1/data/ratis/fb3c94f4-49a5-4a06-87bf-66cf6cc76846
2020-12-15 13:59:06,616 [Command processor thread] INFO  commandhandler.ClosePipelineCommandHandler (ClosePipelineCommandHandler.java:handle(75)) - Close Pipeline PipelineID=fb3c94f4-49a5-4a06-87bf-66cf6cc76846 command on datanode c6e04511-2206-46f8-9e26-aeae93b0c1d5.
2020-12-15 13:59:06,616 [Command processor thread] INFO  impl.RaftServerProxy (RaftServerProxy.java:remove(104)) - c6e04511-2206-46f8-9e26-aeae93b0c1d5: remove    LEADER c6e04511-2206-46f8-9e26-aeae93b0c1d5@group-CF587590A064:t1, leader=c6e04511-2206-46f8-9e26-aeae93b0c1d5, voted=c6e04511-2206-46f8-9e26-aeae93b0c1d5, raftlog=c6e04511-2206-46f8-9e26-aeae93b0c1d5@group-CF587590A064-SegmentedRaftLog:OPENED:c0,f0,i0, conf=0: [c6e04511-2206-46f8-9e26-aeae93b0c1d5|rpc:172.17.0.2:36945|dataStream:], old=null RUNNING
2020-12-15 13:59:06,616 [Command processor thread] INFO  impl.RaftServerImpl (RaftServerImpl.java:lambda$shutdown$3(328)) - c6e04511-2206-46f8-9e26-aeae93b0c1d5@group-CF587590A064: shutdown
2020-12-15 13:59:06,616 [Command processor thread] INFO  util.JmxRegister (JmxRegister.java:unregister(73)) - Successfully un-registered JMX Bean with object name Ratis:service=RaftServer,group=group-CF587590A064,id=c6e04511-2206-46f8-9e26-aeae93b0c1d5
2020-12-15 13:59:06,616 [Command processor thread] INFO  impl.RoleInfo (RoleInfo.java:shutdownLeaderState(104)) - c6e04511-2206-46f8-9e26-aeae93b0c1d5: shutdown c6e04511-2206-46f8-9e26-aeae93b0c1d5@group-CF587590A064-LeaderState
2020-12-15 13:59:06,617 [Command processor thread] INFO  impl.PendingRequests (PendingRequests.java:sendNotLeaderResponses(250)) - c6e04511-2206-46f8-9e26-aeae93b0c1d5@group-CF587590A064-PendingRequests: sendNotLeaderResponses
2020-12-15 13:59:06,617 [Command processor thread] INFO  metrics.RatisMetrics (RatisMetrics.java:unregister(43)) - Unregistering Metrics Registry : ratis.log_appender.c6e04511-2206-46f8-9e26-aeae93b0c1d5@group-CF587590A064
2020-12-15 13:59:06,617 [Command processor thread] INFO  metrics.RatisMetrics (RatisMetrics.java:unregister(43)) - Unregistering Metrics Registry : ratis.server.c6e04511-2206-46f8-9e26-aeae93b0c1d5@group-CF587590A064
2020-12-15 13:59:06,617 [Command processor thread] INFO  impl.StateMachineUpdater (StateMachineUpdater.java:stopAndJoin(147)) - c6e04511-2206-46f8-9e26-aeae93b0c1d5@group-CF587590A064-StateMachineUpdater: set stopIndex = 0
2020-12-15 13:59:06,618 [c6e04511-2206-46f8-9e26-aeae93b0c1d5@group-CF587590A064-StateMachineUpdater] INFO  ratis.ContainerStateMachine (ContainerStateMachine.java:takeSnapshot(293)) - group-CF587590A064: Taking a snapshot at:(t:1, i:0) file /github/workspace/mnt/ozone/hadoop-ozone/integration-test/target/test-dir/MiniOzoneClusterImpl-933616a4-3ca4-434e-83a8-17d3c89ffd28/datanode-1/data/ratis/8abdd307-9a78-4c12-9f53-cf587590a064/sm/snapshot.1_0
2020-12-15 13:59:06,624 [c6e04511-2206-46f8-9e26-aeae93b0c1d5@group-CF587590A064-StateMachineUpdater] INFO  ratis.ContainerStateMachine (ContainerStateMachine.java:takeSnapshot(304)) - group-CF587590A064: Finished taking a snapshot at:(t:1, i:0) file:/github/workspace/mnt/ozone/hadoop-ozone/integration-test/target/test-dir/MiniOzoneClusterImpl-933616a4-3ca4-434e-83a8-17d3c89ffd28/datanode-1/data/ratis/8abdd307-9a78-4c12-9f53-cf587590a064/sm/snapshot.1_0 time:6
2020-12-15 13:59:06,624 [c6e04511-2206-46f8-9e26-aeae93b0c1d5@group-CF587590A064-StateMachineUpdater] INFO  impl.StateMachineUpdater (StateMachineUpdater.java:takeSnapshot(278)) - c6e04511-2206-46f8-9e26-aeae93b0c1d5@group-CF587590A064-StateMachineUpdater: Took a snapshot at index 0
2020-12-15 13:59:06,624 [c6e04511-2206-46f8-9e26-aeae93b0c1d5@group-CF587590A064-StateMachineUpdater] INFO  impl.StateMachineUpdater (StateMachineUpdater.java:lambda$new$0(87)) - c6e04511-2206-46f8-9e26-aeae93b0c1d5@group-CF587590A064-StateMachineUpdater: snapshotIndex: updateIncreasingly -1 -> 0
2020-12-15 13:59:06,624 [c6e04511-2206-46f8-9e26-aeae93b0c1d5@group-CF587590A064-StateMachineUpdater] INFO  metrics.RatisMetrics (RatisMetrics.java:unregister(43)) - Unregistering Metrics Registry : ratis.state_machine.c6e04511-2206-46f8-9e26-aeae93b0c1d5@group-CF587590A064
2020-12-15 13:59:06,624 [Command processor thread] INFO  impl.RaftServerImpl (ServerState.java:close(406)) - c6e04511-2206-46f8-9e26-aeae93b0c1d5@group-CF587590A064: closes. applyIndex: 0
2020-12-15 13:59:06,625 [c6e04511-2206-46f8-9e26-aeae93b0c1d5@group-CF587590A064-SegmentedRaftLogWorker] INFO  segmented.SegmentedRaftLogWorker (SegmentedRaftLogWorker.java:run(329)) - c6e04511-2206-46f8-9e26-aeae93b0c1d5@group-CF587590A064-SegmentedRaftLogWorker was interrupted, exiting. There are 0 tasks remaining in the queue.
2020-12-15 13:59:06,625 [Command processor thread] INFO  segmented.SegmentedRaftLogWorker (SegmentedRaftLogWorker.java:close(235)) - c6e04511-2206-46f8-9e26-aeae93b0c1d5@group-CF587590A064-SegmentedRaftLogWorker close()
2020-12-15 13:59:06,627 [Command processor thread] INFO  metrics.RatisMetrics (RatisMetrics.java:unregister(43)) - Unregistering Metrics Registry : ratis.log_worker.c6e04511-2206-46f8-9e26-aeae93b0c1d5@group-CF587590A064
2020-12-15 13:59:06,627 [Command processor thread] INFO  metrics.RatisMetrics (RatisMetrics.java:unregister(43)) - Unregistering Metrics Registry : ratis.leader_election.c6e04511-2206-46f8-9e26-aeae93b0c1d5@group-CF587590A064
2020-12-15 13:59:06,627 [Command processor thread] INFO  metrics.RatisMetrics (RatisMetrics.java:unregister(43)) - Unregistering Metrics Registry : ratis.server.c6e04511-2206-46f8-9e26-aeae93b0c1d5@group-CF587590A064
2020-12-15 13:59:06,629 [Command processor thread] INFO  impl.RaftServerImpl (RaftServerImpl.java:groupRemove(299)) - c6e04511-2206-46f8-9e26-aeae93b0c1d5@group-CF587590A064: Succeed to remove RaftStorageDirectory Storage Directory /github/workspace/mnt/ozone/hadoop-ozone/integration-test/target/test-dir/MiniOzoneClusterImpl-933616a4-3ca4-434e-83a8-17d3c89ffd28/datanode-1/data/ratis/8abdd307-9a78-4c12-9f53-cf587590a064
2020-12-15 13:59:06,629 [Command processor thread] INFO  commandhandler.ClosePipelineCommandHandler (ClosePipelineCommandHandler.java:handle(75)) - Close Pipeline PipelineID=8abdd307-9a78-4c12-9f53-cf587590a064 command on datanode c6e04511-2206-46f8-9e26-aeae93b0c1d5.
2020-12-15 13:59:06,629 [Command processor thread] WARN  impl.RaftServerProxy (RaftServerProxy.java:remove(99)) - c6e04511-2206-46f8-9e26-aeae93b0c1d5: does not contain group: group-66CF6CC76846
2020-12-15 13:59:06,630 [Command processor thread] ERROR commandhandler.ClosePipelineCommandHandler (ClosePipelineCommandHandler.java:handle(78)) - Can't close pipeline PipelineID=fb3c94f4-49a5-4a06-87bf-66cf6cc76846
java.io.IOException: c6e04511-2206-46f8-9e26-aeae93b0c1d5: Group group-66CF6CC76846 not found.
	at org.apache.hadoop.ozone.container.common.transport.server.ratis.XceiverServerRatis.removeGroup(XceiverServerRatis.java:774)
	at org.apache.hadoop.ozone.container.common.statemachine.commandhandler.ClosePipelineCommandHandler.handle(ClosePipelineCommandHandler.java:74)
	at org.apache.hadoop.ozone.container.common.statemachine.commandhandler.CommandDispatcher.handle(CommandDispatcher.java:99)
	at org.apache.hadoop.ozone.container.common.statemachine.DatanodeStateMachine.lambda$initCommandHandlerThread$2(DatanodeStateMachine.java:498)
	at java.lang.Thread.run(Thread.java:748)
Caused by: org.apache.ratis.protocol.exceptions.GroupMismatchException: c6e04511-2206-46f8-9e26-aeae93b0c1d5: Group group-66CF6CC76846 not found.
	at org.apache.ratis.server.impl.RaftServerProxy.groupRemoveAsync(RaftServerProxy.java:445)
	at org.apache.ratis.server.impl.RaftServerProxy.groupManagementAsync(RaftServerProxy.java:401)
	at org.apache.ratis.server.impl.RaftServerProxy.groupManagement(RaftServerProxy.java:381)
	at org.apache.hadoop.ozone.container.common.transport.server.ratis.XceiverServerRatis.removeGroup(XceiverServerRatis.java:772)
	... 4 more
2020-12-15 13:59:06,630 [Command processor thread] WARN  impl.RaftServerProxy (RaftServerProxy.java:remove(99)) - c6e04511-2206-46f8-9e26-aeae93b0c1d5: does not contain group: group-CF587590A064
2020-12-15 13:59:06,630 [Command processor thread] ERROR commandhandler.ClosePipelineCommandHandler (ClosePipelineCommandHandler.java:handle(78)) - Can't close pipeline PipelineID=8abdd307-9a78-4c12-9f53-cf587590a064
java.io.IOException: c6e04511-2206-46f8-9e26-aeae93b0c1d5: Group group-CF587590A064 not found.
	at org.apache.hadoop.ozone.container.common.transport.server.ratis.XceiverServerRatis.removeGroup(XceiverServerRatis.java:774)
	at org.apache.hadoop.ozone.container.common.statemachine.commandhandler.ClosePipelineCommandHandler.handle(ClosePipelineCommandHandler.java:74)
	at org.apache.hadoop.ozone.container.common.statemachine.commandhandler.CommandDispatcher.handle(CommandDispatcher.java:99)
	at org.apache.hadoop.ozone.container.common.statemachine.DatanodeStateMachine.lambda$initCommandHandlerThread$2(DatanodeStateMachine.java:498)
	at java.lang.Thread.run(Thread.java:748)
Caused by: org.apache.ratis.protocol.exceptions.GroupMismatchException: c6e04511-2206-46f8-9e26-aeae93b0c1d5: Group group-CF587590A064 not found.
	at org.apache.ratis.server.impl.RaftServerProxy.groupRemoveAsync(RaftServerProxy.java:445)
	at org.apache.ratis.server.impl.RaftServerProxy.groupManagementAsync(RaftServerProxy.java:401)
	at org.apache.ratis.server.impl.RaftServerProxy.groupManagement(RaftServerProxy.java:381)
	at org.apache.hadoop.ozone.container.common.transport.server.ratis.XceiverServerRatis.removeGroup(XceiverServerRatis.java:772)
	... 4 more
2020-12-15 13:59:06,630 [Command processor thread] WARN  impl.RaftServerProxy (RaftServerProxy.java:remove(99)) - c6e04511-2206-46f8-9e26-aeae93b0c1d5: does not contain group: group-66CF6CC76846
2020-12-15 13:59:06,631 [Command processor thread] ERROR commandhandler.ClosePipelineCommandHandler (ClosePipelineCommandHandler.java:handle(78)) - Can't close pipeline PipelineID=fb3c94f4-49a5-4a06-87bf-66cf6cc76846
java.io.IOException: c6e04511-2206-46f8-9e26-aeae93b0c1d5: Group group-66CF6CC76846 not found.
	at org.apache.hadoop.ozone.container.common.transport.server.ratis.XceiverServerRatis.removeGroup(XceiverServerRatis.java:774)
	at org.apache.hadoop.ozone.container.common.statemachine.commandhandler.ClosePipelineCommandHandler.handle(ClosePipelineCommandHandler.java:74)
	at org.apache.hadoop.ozone.container.common.statemachine.commandhandler.CommandDispatcher.handle(CommandDispatcher.java:99)
	at org.apache.hadoop.ozone.container.common.statemachine.DatanodeStateMachine.lambda$initCommandHandlerThread$2(DatanodeStateMachine.java:498)
	at java.lang.Thread.run(Thread.java:748)
Caused by: org.apache.ratis.protocol.exceptions.GroupMismatchException: c6e04511-2206-46f8-9e26-aeae93b0c1d5: Group group-66CF6CC76846 not found.
	at org.apache.ratis.server.impl.RaftServerProxy.groupRemoveAsync(RaftServerProxy.java:445)
	at org.apache.ratis.server.impl.RaftServerProxy.groupManagementAsync(RaftServerProxy.java:401)
	at org.apache.ratis.server.impl.RaftServerProxy.groupManagement(RaftServerProxy.java:381)
	at org.apache.hadoop.ozone.container.common.transport.server.ratis.XceiverServerRatis.removeGroup(XceiverServerRatis.java:772)
	... 4 more
2020-12-15 13:59:06,631 [Command processor thread] WARN  impl.RaftServerProxy (RaftServerProxy.java:remove(99)) - c6e04511-2206-46f8-9e26-aeae93b0c1d5: does not contain group: group-CF587590A064
2020-12-15 13:59:06,631 [Command processor thread] ERROR commandhandler.ClosePipelineCommandHandler (ClosePipelineCommandHandler.java:handle(78)) - Can't close pipeline PipelineID=8abdd307-9a78-4c12-9f53-cf587590a064
java.io.IOException: c6e04511-2206-46f8-9e26-aeae93b0c1d5: Group group-CF587590A064 not found.
	at org.apache.hadoop.ozone.container.common.transport.server.ratis.XceiverServerRatis.removeGroup(XceiverServerRatis.java:774)
	at org.apache.hadoop.ozone.container.common.statemachine.commandhandler.ClosePipelineCommandHandler.handle(ClosePipelineCommandHandler.java:74)
	at org.apache.hadoop.ozone.container.common.statemachine.commandhandler.CommandDispatcher.handle(CommandDispatcher.java:99)
	at org.apache.hadoop.ozone.container.common.statemachine.DatanodeStateMachine.lambda$initCommandHandlerThread$2(DatanodeStateMachine.java:498)
	at java.lang.Thread.run(Thread.java:748)
Caused by: org.apache.ratis.protocol.exceptions.GroupMismatchException: c6e04511-2206-46f8-9e26-aeae93b0c1d5: Group group-CF587590A064 not found.
	at org.apache.ratis.server.impl.RaftServerProxy.groupRemoveAsync(RaftServerProxy.java:445)
	at org.apache.ratis.server.impl.RaftServerProxy.groupManagementAsync(RaftServerProxy.java:401)
	at org.apache.ratis.server.impl.RaftServerProxy.groupManagement(RaftServerProxy.java:381)
	at org.apache.hadoop.ozone.container.common.transport.server.ratis.XceiverServerRatis.removeGroup(XceiverServerRatis.java:772)
	... 4 more
2020-12-15 13:59:06,632 [Command processor thread] WARN  impl.RaftServerProxy (RaftServerProxy.java:remove(99)) - c6e04511-2206-46f8-9e26-aeae93b0c1d5: does not contain group: group-66CF6CC76846
2020-12-15 13:59:06,632 [Command processor thread] ERROR commandhandler.ClosePipelineCommandHandler (ClosePipelineCommandHandler.java:handle(78)) - Can't close pipeline PipelineID=fb3c94f4-49a5-4a06-87bf-66cf6cc76846
java.io.IOException: c6e04511-2206-46f8-9e26-aeae93b0c1d5: Group group-66CF6CC76846 not found.
	at org.apache.hadoop.ozone.container.common.transport.server.ratis.XceiverServerRatis.removeGroup(XceiverServerRatis.java:774)
	at org.apache.hadoop.ozone.container.common.statemachine.commandhandler.ClosePipelineCommandHandler.handle(ClosePipelineCommandHandler.java:74)
	at org.apache.hadoop.ozone.container.common.statemachine.commandhandler.CommandDispatcher.handle(CommandDispatcher.java:99)
	at org.apache.hadoop.ozone.container.common.statemachine.DatanodeStateMachine.lambda$initCommandHandlerThread$2(DatanodeStateMachine.java:498)
	at java.lang.Thread.run(Thread.java:748)
Caused by: org.apache.ratis.protocol.exceptions.GroupMismatchException: c6e04511-2206-46f8-9e26-aeae93b0c1d5: Group group-66CF6CC76846 not found.
	at org.apache.ratis.server.impl.RaftServerProxy.groupRemoveAsync(RaftServerProxy.java:445)
	at org.apache.ratis.server.impl.RaftServerProxy.groupManagementAsync(RaftServerProxy.java:401)
	at org.apache.ratis.server.impl.RaftServerProxy.groupManagement(RaftServerProxy.java:381)
	at org.apache.hadoop.ozone.container.common.transport.server.ratis.XceiverServerRatis.removeGroup(XceiverServerRatis.java:772)
	... 4 more
2020-12-15 13:59:06,632 [Command processor thread] WARN  impl.RaftServerProxy (RaftServerProxy.java:remove(99)) - c6e04511-2206-46f8-9e26-aeae93b0c1d5: does not contain group: group-CF587590A064
2020-12-15 13:59:06,632 [Command processor thread] ERROR commandhandler.ClosePipelineCommandHandler (ClosePipelineCommandHandler.java:handle(78)) - Can't close pipeline PipelineID=8abdd307-9a78-4c12-9f53-cf587590a064
java.io.IOException: c6e04511-2206-46f8-9e26-aeae93b0c1d5: Group group-CF587590A064 not found.
	at org.apache.hadoop.ozone.container.common.transport.server.ratis.XceiverServerRatis.removeGroup(XceiverServerRatis.java:774)
	at org.apache.hadoop.ozone.container.common.statemachine.commandhandler.ClosePipelineCommandHandler.handle(ClosePipelineCommandHandler.java:74)
	at org.apache.hadoop.ozone.container.common.statemachine.commandhandler.CommandDispatcher.handle(CommandDispatcher.java:99)
	at org.apache.hadoop.ozone.container.common.statemachine.DatanodeStateMachine.lambda$initCommandHandlerThread$2(DatanodeStateMachine.java:498)
	at java.lang.Thread.run(Thread.java:748)
Caused by: org.apache.ratis.protocol.exceptions.GroupMismatchException: c6e04511-2206-46f8-9e26-aeae93b0c1d5: Group group-CF587590A064 not found.
	at org.apache.ratis.server.impl.RaftServerProxy.groupRemoveAsync(RaftServerProxy.java:445)
	at org.apache.ratis.server.impl.RaftServerProxy.groupManagementAsync(RaftServerProxy.java:401)
	at org.apache.ratis.server.impl.RaftServerProxy.groupManagement(RaftServerProxy.java:381)
	at org.apache.hadoop.ozone.container.common.transport.server.ratis.XceiverServerRatis.removeGroup(XceiverServerRatis.java:772)
	... 4 more
2020-12-15 13:59:06,633 [Command processor thread] WARN  impl.RaftServerProxy (RaftServerProxy.java:remove(99)) - c6e04511-2206-46f8-9e26-aeae93b0c1d5: does not contain group: group-66CF6CC76846
2020-12-15 13:59:06,633 [Command processor thread] ERROR commandhandler.ClosePipelineCommandHandler (ClosePipelineCommandHandler.java:handle(78)) - Can't close pipeline PipelineID=fb3c94f4-49a5-4a06-87bf-66cf6cc76846
java.io.IOException: c6e04511-2206-46f8-9e26-aeae93b0c1d5: Group group-66CF6CC76846 not found.
	at org.apache.hadoop.ozone.container.common.transport.server.ratis.XceiverServerRatis.removeGroup(XceiverServerRatis.java:774)
	at org.apache.hadoop.ozone.container.common.statemachine.commandhandler.ClosePipelineCommandHandler.handle(ClosePipelineCommandHandler.java:74)
	at org.apache.hadoop.ozone.container.common.statemachine.commandhandler.CommandDispatcher.handle(CommandDispatcher.java:99)
	at org.apache.hadoop.ozone.container.common.statemachine.DatanodeStateMachine.lambda$initCommandHandlerThread$2(DatanodeStateMachine.java:498)
	at java.lang.Thread.run(Thread.java:748)
Caused by: org.apache.ratis.protocol.exceptions.GroupMismatchException: c6e04511-2206-46f8-9e26-aeae93b0c1d5: Group group-66CF6CC76846 not found.
	at org.apache.ratis.server.impl.RaftServerProxy.groupRemoveAsync(RaftServerProxy.java:445)
	at org.apache.ratis.server.impl.RaftServerProxy.groupManagementAsync(RaftServerProxy.java:401)
	at org.apache.ratis.server.impl.RaftServerProxy.groupManagement(RaftServerProxy.java:381)
	at org.apache.hadoop.ozone.container.common.transport.server.ratis.XceiverServerRatis.removeGroup(XceiverServerRatis.java:772)
	... 4 more
2020-12-15 13:59:06,633 [Command processor thread] WARN  impl.RaftServerProxy (RaftServerProxy.java:remove(99)) - c6e04511-2206-46f8-9e26-aeae93b0c1d5: does not contain group: group-CF587590A064
2020-12-15 13:59:06,633 [Command processor thread] ERROR commandhandler.ClosePipelineCommandHandler (ClosePipelineCommandHandler.java:handle(78)) - Can't close pipeline PipelineID=8abdd307-9a78-4c12-9f53-cf587590a064
java.io.IOException: c6e04511-2206-46f8-9e26-aeae93b0c1d5: Group group-CF587590A064 not found.
	at org.apache.hadoop.ozone.container.common.transport.server.ratis.XceiverServerRatis.removeGroup(XceiverServerRatis.java:774)
	at org.apache.hadoop.ozone.container.common.statemachine.commandhandler.ClosePipelineCommandHandler.handle(ClosePipelineCommandHandler.java:74)
	at org.apache.hadoop.ozone.container.common.statemachine.commandhandler.CommandDispatcher.handle(CommandDispatcher.java:99)
	at org.apache.hadoop.ozone.container.common.statemachine.DatanodeStateMachine.lambda$initCommandHandlerThread$2(DatanodeStateMachine.java:498)
	at java.lang.Thread.run(Thread.java:748)
Caused by: org.apache.ratis.protocol.exceptions.GroupMismatchException: c6e04511-2206-46f8-9e26-aeae93b0c1d5: Group group-CF587590A064 not found.
	at org.apache.ratis.server.impl.RaftServerProxy.groupRemoveAsync(RaftServerProxy.java:445)
	at org.apache.ratis.server.impl.RaftServerProxy.groupManagementAsync(RaftServerProxy.java:401)
	at org.apache.ratis.server.impl.RaftServerProxy.groupManagement(RaftServerProxy.java:381)
	at org.apache.hadoop.ozone.container.common.transport.server.ratis.XceiverServerRatis.removeGroup(XceiverServerRatis.java:772)
	... 4 more
2020-12-15 13:59:06,633 [Command processor thread] WARN  impl.RaftServerProxy (RaftServerProxy.java:remove(99)) - c6e04511-2206-46f8-9e26-aeae93b0c1d5: does not contain group: group-66CF6CC76846
2020-12-15 13:59:06,634 [Command processor thread] ERROR commandhandler.ClosePipelineCommandHandler (ClosePipelineCommandHandler.java:handle(78)) - Can't close pipeline PipelineID=fb3c94f4-49a5-4a06-87bf-66cf6cc76846
java.io.IOException: c6e04511-2206-46f8-9e26-aeae93b0c1d5: Group group-66CF6CC76846 not found.
	at org.apache.hadoop.ozone.container.common.transport.server.ratis.XceiverServerRatis.removeGroup(XceiverServerRatis.java:774)
	at org.apache.hadoop.ozone.container.common.statemachine.commandhandler.ClosePipelineCommandHandler.handle(ClosePipelineCommandHandler.java:74)
	at org.apache.hadoop.ozone.container.common.statemachine.commandhandler.CommandDispatcher.handle(CommandDispatcher.java:99)
	at org.apache.hadoop.ozone.container.common.statemachine.DatanodeStateMachine.lambda$initCommandHandlerThread$2(DatanodeStateMachine.java:498)
	at java.lang.Thread.run(Thread.java:748)
Caused by: org.apache.ratis.protocol.exceptions.GroupMismatchException: c6e04511-2206-46f8-9e26-aeae93b0c1d5: Group group-66CF6CC76846 not found.
	at org.apache.ratis.server.impl.RaftServerProxy.groupRemoveAsync(RaftServerProxy.java:445)
	at org.apache.ratis.server.impl.RaftServerProxy.groupManagementAsync(RaftServerProxy.java:401)
	at org.apache.ratis.server.impl.RaftServerProxy.groupManagement(RaftServerProxy.java:381)
	at org.apache.hadoop.ozone.container.common.transport.server.ratis.XceiverServerRatis.removeGroup(XceiverServerRatis.java:772)
	... 4 more
2020-12-15 13:59:06,634 [Command processor thread] WARN  impl.RaftServerProxy (RaftServerProxy.java:remove(99)) - c6e04511-2206-46f8-9e26-aeae93b0c1d5: does not contain group: group-CF587590A064
2020-12-15 13:59:06,634 [Command processor thread] ERROR commandhandler.ClosePipelineCommandHandler (ClosePipelineCommandHandler.java:handle(78)) - Can't close pipeline PipelineID=8abdd307-9a78-4c12-9f53-cf587590a064
java.io.IOException: c6e04511-2206-46f8-9e26-aeae93b0c1d5: Group group-CF587590A064 not found.
	at org.apache.hadoop.ozone.container.common.transport.server.ratis.XceiverServerRatis.removeGroup(XceiverServerRatis.java:774)
	at org.apache.hadoop.ozone.container.common.statemachine.commandhandler.ClosePipelineCommandHandler.handle(ClosePipelineCommandHandler.java:74)
	at org.apache.hadoop.ozone.container.common.statemachine.commandhandler.CommandDispatcher.handle(CommandDispatcher.java:99)
	at org.apache.hadoop.ozone.container.common.statemachine.DatanodeStateMachine.lambda$initCommandHandlerThread$2(DatanodeStateMachine.java:498)
	at java.lang.Thread.run(Thread.java:748)
Caused by: org.apache.ratis.protocol.exceptions.GroupMismatchException: c6e04511-2206-46f8-9e26-aeae93b0c1d5: Group group-CF587590A064 not found.
	at org.apache.ratis.server.impl.RaftServerProxy.groupRemoveAsync(RaftServerProxy.java:445)
	at org.apache.ratis.server.impl.RaftServerProxy.groupManagementAsync(RaftServerProxy.java:401)
	at org.apache.ratis.server.impl.RaftServerProxy.groupManagement(RaftServerProxy.java:381)
	at org.apache.hadoop.ozone.container.common.transport.server.ratis.XceiverServerRatis.removeGroup(XceiverServerRatis.java:772)
	... 4 more
2020-12-15 13:59:06,907 [DatanodeAdminManager-0] INFO  node.DatanodeAdminMonitorImpl (DatanodeAdminMonitorImpl.java:checkContainersReplicatedOnNode(297)) - c6e04511-2206-46f8-9e26-aeae93b0c1d5{ip: 172.17.0.2, host: b0da2dc6b281, networkLocation: /default-rack, certSerialId: null, persistedOpState: DECOMMISSIONING, persistedOpStateExpiryEpochSec: 0} has 0 sufficientlyReplicated, 2 underReplicated and 2 unhealthy containers
2020-12-15 13:59:06,907 [DatanodeAdminManager-0] INFO  node.DatanodeAdminMonitorImpl (DatanodeAdminMonitorImpl.java:run(136)) - There are 1 nodes tracked for decommission and maintenance. 0 pending nodes.
2020-12-15 13:59:07,546 [ReplicationMonitor] INFO  container.ReplicationManager (ReplicationManager.java:handleUnderReplicatedContainer(722)) - Container #1 is under replicated. Expected replica count is 3, but found 2.
2020-12-15 13:59:07,546 [ReplicationMonitor] INFO  container.ReplicationManager (ReplicationManager.java:sendReplicateCommand(970)) - Sending replicate container command for container #1 to datanode c106af50-bceb-418e-be22-e2669d442084{ip: 172.17.0.2, host: b0da2dc6b281, networkLocation: /default-rack, certSerialId: null, persistedOpState: IN_SERVICE, persistedOpStateExpiryEpochSec: 0}
2020-12-15 13:59:07,547 [ReplicationMonitor] INFO  container.ReplicationManager (ReplicationManager.java:handleUnderReplicatedContainer(722)) - Container #2 is under replicated. Expected replica count is 3, but found 2.
2020-12-15 13:59:07,547 [ReplicationMonitor] INFO  container.ReplicationManager (ReplicationManager.java:sendReplicateCommand(970)) - Sending replicate container command for container #2 to datanode d8013a59-5613-4576-849f-406a4abab1ed{ip: 172.17.0.2, host: b0da2dc6b281, networkLocation: /default-rack, certSerialId: null, persistedOpState: IN_SERVICE, persistedOpStateExpiryEpochSec: 0}
2020-12-15 13:59:07,547 [ReplicationMonitor] INFO  container.ReplicationManager (ReplicationManager.java:run(250)) - Replication Monitor Thread took 1 milliseconds for processing 4 containers.
2020-12-15 13:59:07,647 [Command processor thread] WARN  impl.RaftServerProxy (RaftServerProxy.java:remove(99)) - bcedaf3e-3b45-4de1-8682-1fb59b13139d: does not contain group: group-66CF6CC76846
2020-12-15 13:59:07,647 [Command processor thread] ERROR commandhandler.ClosePipelineCommandHandler (ClosePipelineCommandHandler.java:handle(78)) - Can't close pipeline PipelineID=fb3c94f4-49a5-4a06-87bf-66cf6cc76846
java.io.IOException: bcedaf3e-3b45-4de1-8682-1fb59b13139d: Group group-66CF6CC76846 not found.
	at org.apache.hadoop.ozone.container.common.transport.server.ratis.XceiverServerRatis.removeGroup(XceiverServerRatis.java:774)
	at org.apache.hadoop.ozone.container.common.statemachine.commandhandler.ClosePipelineCommandHandler.handle(ClosePipelineCommandHandler.java:74)
	at org.apache.hadoop.ozone.container.common.statemachine.commandhandler.CommandDispatcher.handle(CommandDispatcher.java:99)
	at org.apache.hadoop.ozone.container.common.statemachine.DatanodeStateMachine.lambda$initCommandHandlerThread$2(DatanodeStateMachine.java:498)
	at java.lang.Thread.run(Thread.java:748)
Caused by: org.apache.ratis.protocol.exceptions.GroupMismatchException: bcedaf3e-3b45-4de1-8682-1fb59b13139d: Group group-66CF6CC76846 not found.
	at org.apache.ratis.server.impl.RaftServerProxy.groupRemoveAsync(RaftServerProxy.java:445)
	at org.apache.ratis.server.impl.RaftServerProxy.groupManagementAsync(RaftServerProxy.java:401)
	at org.apache.ratis.server.impl.RaftServerProxy.groupManagement(RaftServerProxy.java:381)
	at org.apache.hadoop.ozone.container.common.transport.server.ratis.XceiverServerRatis.removeGroup(XceiverServerRatis.java:772)
	... 4 more
2020-12-15 13:59:07,648 [Command processor thread] INFO  keyvalue.KeyValueContainer (KeyValueContainer.java:flushAndSyncDB(388)) - Container 2 is synced with bcsId 36.
2020-12-15 13:59:07,648 [Command processor thread] INFO  keyvalue.KeyValueContainer (KeyValueContainer.java:flushAndSyncDB(388)) - Container 2 is synced with bcsId 36.
2020-12-15 13:59:07,650 [Command processor thread] WARN  impl.RaftServerProxy (RaftServerProxy.java:remove(99)) - 5928c4bb-8a64-400c-b032-ccd85110c165: does not contain group: group-66CF6CC76846
2020-12-15 13:59:07,650 [Command processor thread] INFO  keyvalue.KeyValueContainer (KeyValueContainer.java:close(326)) - Container 2 is closed with bcsId 36.
2020-12-15 13:59:07,651 [Command processor thread] ERROR commandhandler.ClosePipelineCommandHandler (ClosePipelineCommandHandler.java:handle(78)) - Can't close pipeline PipelineID=fb3c94f4-49a5-4a06-87bf-66cf6cc76846
java.io.IOException: 5928c4bb-8a64-400c-b032-ccd85110c165: Group group-66CF6CC76846 not found.
	at org.apache.hadoop.ozone.container.common.transport.server.ratis.XceiverServerRatis.removeGroup(XceiverServerRatis.java:774)
	at org.apache.hadoop.ozone.container.common.statemachine.commandhandler.ClosePipelineCommandHandler.handle(ClosePipelineCommandHandler.java:74)
	at org.apache.hadoop.ozone.container.common.statemachine.commandhandler.CommandDispatcher.handle(CommandDispatcher.java:99)
	at org.apache.hadoop.ozone.container.common.statemachine.DatanodeStateMachine.lambda$initCommandHandlerThread$2(DatanodeStateMachine.java:498)
	at java.lang.Thread.run(Thread.java:748)
Caused by: org.apache.ratis.protocol.exceptions.GroupMismatchException: 5928c4bb-8a64-400c-b032-ccd85110c165: Group group-66CF6CC76846 not found.
	at org.apache.ratis.server.impl.RaftServerProxy.groupRemoveAsync(RaftServerProxy.java:445)
	at org.apache.ratis.server.impl.RaftServerProxy.groupManagementAsync(RaftServerProxy.java:401)
	at org.apache.ratis.server.impl.RaftServerProxy.groupManagement(RaftServerProxy.java:381)
	at org.apache.hadoop.ozone.container.common.transport.server.ratis.XceiverServerRatis.removeGroup(XceiverServerRatis.java:772)
	... 4 more
2020-12-15 13:59:07,654 [Command processor thread] WARN  impl.RaftServerProxy (RaftServerProxy.java:remove(99)) - bcedaf3e-3b45-4de1-8682-1fb59b13139d: does not contain group: group-66CF6CC76846
2020-12-15 13:59:07,654 [Command processor thread] ERROR commandhandler.ClosePipelineCommandHandler (ClosePipelineCommandHandler.java:handle(78)) - Can't close pipeline PipelineID=fb3c94f4-49a5-4a06-87bf-66cf6cc76846
java.io.IOException: bcedaf3e-3b45-4de1-8682-1fb59b13139d: Group group-66CF6CC76846 not found.
	at org.apache.hadoop.ozone.container.common.transport.server.ratis.XceiverServerRatis.removeGroup(XceiverServerRatis.java:774)
	at org.apache.hadoop.ozone.container.common.statemachine.commandhandler.ClosePipelineCommandHandler.handle(ClosePipelineCommandHandler.java:74)
	at org.apache.hadoop.ozone.container.common.statemachine.commandhandler.CommandDispatcher.handle(CommandDispatcher.java:99)
	at org.apache.hadoop.ozone.container.common.statemachine.DatanodeStateMachine.lambda$initCommandHandlerThread$2(DatanodeStateMachine.java:498)
	at java.lang.Thread.run(Thread.java:748)
Caused by: org.apache.ratis.protocol.exceptions.GroupMismatchException: bcedaf3e-3b45-4de1-8682-1fb59b13139d: Group group-66CF6CC76846 not found.
	at org.apache.ratis.server.impl.RaftServerProxy.groupRemoveAsync(RaftServerProxy.java:445)
	at org.apache.ratis.server.impl.RaftServerProxy.groupManagementAsync(RaftServerProxy.java:401)
	at org.apache.ratis.server.impl.RaftServerProxy.groupManagement(RaftServerProxy.java:381)
	at org.apache.hadoop.ozone.container.common.transport.server.ratis.XceiverServerRatis.removeGroup(XceiverServerRatis.java:772)
	... 4 more
2020-12-15 13:59:07,659 [Command processor thread] WARN  impl.RaftServerProxy (RaftServerProxy.java:remove(99)) - c6e04511-2206-46f8-9e26-aeae93b0c1d5: does not contain group: group-66CF6CC76846
2020-12-15 13:59:07,660 [Command processor thread] ERROR commandhandler.ClosePipelineCommandHandler (ClosePipelineCommandHandler.java:handle(78)) - Can't close pipeline PipelineID=fb3c94f4-49a5-4a06-87bf-66cf6cc76846
java.io.IOException: c6e04511-2206-46f8-9e26-aeae93b0c1d5: Group group-66CF6CC76846 not found.
	at org.apache.hadoop.ozone.container.common.transport.server.ratis.XceiverServerRatis.removeGroup(XceiverServerRatis.java:774)
	at org.apache.hadoop.ozone.container.common.statemachine.commandhandler.ClosePipelineCommandHandler.handle(ClosePipelineCommandHandler.java:74)
	at org.apache.hadoop.ozone.container.common.statemachine.commandhandler.CommandDispatcher.handle(CommandDispatcher.java:99)
	at org.apache.hadoop.ozone.container.common.statemachine.DatanodeStateMachine.lambda$initCommandHandlerThread$2(DatanodeStateMachine.java:498)
	at java.lang.Thread.run(Thread.java:748)
Caused by: org.apache.ratis.protocol.exceptions.GroupMismatchException: c6e04511-2206-46f8-9e26-aeae93b0c1d5: Group group-66CF6CC76846 not found.
	at org.apache.ratis.server.impl.RaftServerProxy.groupRemoveAsync(RaftServerProxy.java:445)
	at org.apache.ratis.server.impl.RaftServerProxy.groupManagementAsync(RaftServerProxy.java:401)
	at org.apache.ratis.server.impl.RaftServerProxy.groupManagement(RaftServerProxy.java:381)
	at org.apache.hadoop.ozone.container.common.transport.server.ratis.XceiverServerRatis.removeGroup(XceiverServerRatis.java:772)
	... 4 more
2020-12-15 13:59:07,660 [Command processor thread] WARN  impl.RaftServerProxy (RaftServerProxy.java:remove(99)) - c6e04511-2206-46f8-9e26-aeae93b0c1d5: does not contain group: group-CF587590A064
2020-12-15 13:59:07,660 [Command processor thread] ERROR commandhandler.ClosePipelineCommandHandler (ClosePipelineCommandHandler.java:handle(78)) - Can't close pipeline PipelineID=8abdd307-9a78-4c12-9f53-cf587590a064
java.io.IOException: c6e04511-2206-46f8-9e26-aeae93b0c1d5: Group group-CF587590A064 not found.
	at org.apache.hadoop.ozone.container.common.transport.server.ratis.XceiverServerRatis.removeGroup(XceiverServerRatis.java:774)
	at org.apache.hadoop.ozone.container.common.statemachine.commandhandler.ClosePipelineCommandHandler.handle(ClosePipelineCommandHandler.java:74)
	at org.apache.hadoop.ozone.container.common.statemachine.commandhandler.CommandDispatcher.handle(CommandDispatcher.java:99)
	at org.apache.hadoop.ozone.container.common.statemachine.DatanodeStateMachine.lambda$initCommandHandlerThread$2(DatanodeStateMachine.java:498)
	at java.lang.Thread.run(Thread.java:748)
Caused by: org.apache.ratis.protocol.exceptions.GroupMismatchException: c6e04511-2206-46f8-9e26-aeae93b0c1d5: Group group-CF587590A064 not found.
	at org.apache.ratis.server.impl.RaftServerProxy.groupRemoveAsync(RaftServerProxy.java:445)
	at org.apache.ratis.server.impl.RaftServerProxy.groupManagementAsync(RaftServerProxy.java:401)
	at org.apache.ratis.server.impl.RaftServerProxy.groupManagement(RaftServerProxy.java:381)
	at org.apache.hadoop.ozone.container.common.transport.server.ratis.XceiverServerRatis.removeGroup(XceiverServerRatis.java:772)
	... 4 more
2020-12-15 13:59:07,905 [DatanodeAdminManager-0] INFO  node.DatanodeAdminMonitorImpl (DatanodeAdminMonitorImpl.java:checkContainersReplicatedOnNode(297)) - c6e04511-2206-46f8-9e26-aeae93b0c1d5{ip: 172.17.0.2, host: b0da2dc6b281, networkLocation: /default-rack, certSerialId: null, persistedOpState: DECOMMISSIONING, persistedOpStateExpiryEpochSec: 0} has 0 sufficientlyReplicated, 2 underReplicated and 2 unhealthy containers
2020-12-15 13:59:07,905 [DatanodeAdminManager-0] INFO  node.DatanodeAdminMonitorImpl (DatanodeAdminMonitorImpl.java:run(136)) - There are 1 nodes tracked for decommission and maintenance. 0 pending nodes.
2020-12-15 13:59:08,547 [ReplicationMonitor] INFO  container.ReplicationManager (ReplicationManager.java:run(250)) - Replication Monitor Thread took 0 milliseconds for processing 4 containers.
2020-12-15 13:59:08,905 [DatanodeAdminManager-0] INFO  node.DatanodeAdminMonitorImpl (DatanodeAdminMonitorImpl.java:checkContainersReplicatedOnNode(297)) - c6e04511-2206-46f8-9e26-aeae93b0c1d5{ip: 172.17.0.2, host: b0da2dc6b281, networkLocation: /default-rack, certSerialId: null, persistedOpState: DECOMMISSIONING, persistedOpStateExpiryEpochSec: 0} has 0 sufficientlyReplicated, 2 underReplicated and 1 unhealthy containers
2020-12-15 13:59:08,905 [DatanodeAdminManager-0] INFO  node.DatanodeAdminMonitorImpl (DatanodeAdminMonitorImpl.java:run(136)) - There are 1 nodes tracked for decommission and maintenance. 0 pending nodes.
2020-12-15 13:59:09,548 [ReplicationMonitor] INFO  container.ReplicationManager (ReplicationManager.java:run(250)) - Replication Monitor Thread took 0 milliseconds for processing 4 containers.
2020-12-15 13:59:09,660 [Command processor thread] WARN  impl.RaftServerProxy (RaftServerProxy.java:remove(99)) - c6e04511-2206-46f8-9e26-aeae93b0c1d5: does not contain group: group-66CF6CC76846
2020-12-15 13:59:09,660 [Command processor thread] ERROR commandhandler.ClosePipelineCommandHandler (ClosePipelineCommandHandler.java:handle(78)) - Can't close pipeline PipelineID=fb3c94f4-49a5-4a06-87bf-66cf6cc76846
java.io.IOException: c6e04511-2206-46f8-9e26-aeae93b0c1d5: Group group-66CF6CC76846 not found.
	at org.apache.hadoop.ozone.container.common.transport.server.ratis.XceiverServerRatis.removeGroup(XceiverServerRatis.java:774)
	at org.apache.hadoop.ozone.container.common.statemachine.commandhandler.ClosePipelineCommandHandler.handle(ClosePipelineCommandHandler.java:74)
	at org.apache.hadoop.ozone.container.common.statemachine.commandhandler.CommandDispatcher.handle(CommandDispatcher.java:99)
	at org.apache.hadoop.ozone.container.common.statemachine.DatanodeStateMachine.lambda$initCommandHandlerThread$2(DatanodeStateMachine.java:498)
	at java.lang.Thread.run(Thread.java:748)
Caused by: org.apache.ratis.protocol.exceptions.GroupMismatchException: c6e04511-2206-46f8-9e26-aeae93b0c1d5: Group group-66CF6CC76846 not found.
	at org.apache.ratis.server.impl.RaftServerProxy.groupRemoveAsync(RaftServerProxy.java:445)
	at org.apache.ratis.server.impl.RaftServerProxy.groupManagementAsync(RaftServerProxy.java:401)
	at org.apache.ratis.server.impl.RaftServerProxy.groupManagement(RaftServerProxy.java:381)
	at org.apache.hadoop.ozone.container.common.transport.server.ratis.XceiverServerRatis.removeGroup(XceiverServerRatis.java:772)
	... 4 more
2020-12-15 13:59:09,660 [Command processor thread] WARN  impl.RaftServerProxy (RaftServerProxy.java:remove(99)) - c6e04511-2206-46f8-9e26-aeae93b0c1d5: does not contain group: group-CF587590A064
2020-12-15 13:59:09,660 [Command processor thread] ERROR commandhandler.ClosePipelineCommandHandler (ClosePipelineCommandHandler.java:handle(78)) - Can't close pipeline PipelineID=8abdd307-9a78-4c12-9f53-cf587590a064
java.io.IOException: c6e04511-2206-46f8-9e26-aeae93b0c1d5: Group group-CF587590A064 not found.
	at org.apache.hadoop.ozone.container.common.transport.server.ratis.XceiverServerRatis.removeGroup(XceiverServerRatis.java:774)
	at org.apache.hadoop.ozone.container.common.statemachine.commandhandler.ClosePipelineCommandHandler.handle(ClosePipelineCommandHandler.java:74)
	at org.apache.hadoop.ozone.container.common.statemachine.commandhandler.CommandDispatcher.handle(CommandDispatcher.java:99)
	at org.apache.hadoop.ozone.container.common.statemachine.DatanodeStateMachine.lambda$initCommandHandlerThread$2(DatanodeStateMachine.java:498)
	at java.lang.Thread.run(Thread.java:748)
Caused by: org.apache.ratis.protocol.exceptions.GroupMismatchException: c6e04511-2206-46f8-9e26-aeae93b0c1d5: Group group-CF587590A064 not found.
	at org.apache.ratis.server.impl.RaftServerProxy.groupRemoveAsync(RaftServerProxy.java:445)
	at org.apache.ratis.server.impl.RaftServerProxy.groupManagementAsync(RaftServerProxy.java:401)
	at org.apache.ratis.server.impl.RaftServerProxy.groupManagement(RaftServerProxy.java:381)
	at org.apache.hadoop.ozone.container.common.transport.server.ratis.XceiverServerRatis.removeGroup(XceiverServerRatis.java:772)
	... 4 more
2020-12-15 13:59:09,854 [ContainerReplicationThread-0] INFO  replication.DownloadAndImportReplicator (DownloadAndImportReplicator.java:replicate(106)) - Starting replication of container 1 from [c6e04511-2206-46f8-9e26-aeae93b0c1d5{ip: 172.17.0.2, host: b0da2dc6b281, networkLocation: /default-rack, certSerialId: null, persistedOpState: DECOMMISSIONING, persistedOpStateExpiryEpochSec: 0}, bcedaf3e-3b45-4de1-8682-1fb59b13139d{ip: 172.17.0.2, host: b0da2dc6b281, networkLocation: /default-rack, certSerialId: null, persistedOpState: IN_SERVICE, persistedOpStateExpiryEpochSec: 0}]
2020-12-15 13:59:09,861 [grpc-default-executor-5] INFO  replication.GrpcReplicationService (GrpcReplicationService.java:download(52)) - Streaming container data (1) to other datanode
2020-12-15 13:59:09,868 [grpc-default-executor-5] INFO  replication.GrpcOutputStream (GrpcOutputStream.java:close(104)) - Sent 10961 bytes for container 1
2020-12-15 13:59:09,870 [ContainerReplicationThread-0] INFO  replication.DownloadAndImportReplicator (DownloadAndImportReplicator.java:replicate(106)) - Starting replication of container 2 from [c6e04511-2206-46f8-9e26-aeae93b0c1d5{ip: 172.17.0.2, host: b0da2dc6b281, networkLocation: /default-rack, certSerialId: null, persistedOpState: DECOMMISSIONING, persistedOpStateExpiryEpochSec: 0}, bcedaf3e-3b45-4de1-8682-1fb59b13139d{ip: 172.17.0.2, host: b0da2dc6b281, networkLocation: /default-rack, certSerialId: null, persistedOpState: IN_SERVICE, persistedOpStateExpiryEpochSec: 0}]
2020-12-15 13:59:09,871 [grpc-default-executor-1] INFO  replication.GrpcReplicationClient (GrpcReplicationClient.java:onCompleted(177)) - Container 1 is downloaded to /github/workspace/mnt/ozone/hadoop-ozone/integration-test/target/test-dir/MiniOzoneClusterImpl-933616a4-3ca4-434e-83a8-17d3c89ffd28/datanode-4/data/replication/work/container-1.tar.gz
2020-12-15 13:59:09,873 [ContainerReplicationThread-0] INFO  replication.DownloadAndImportReplicator (DownloadAndImportReplicator.java:replicate(117)) - Container 1 is downloaded, starting to import.
2020-12-15 13:59:09,901 [org.apache.ratis.server.JvmPauseMonitor@67348293-Monitor] WARN  server.JvmPauseMonitor (JvmPauseMonitor.java:run(141)) - Detected pause in JVM or host machine (eg GC): pause of approximately 6ms
No GCs detected
2020-12-15 13:59:09,903 [grpc-default-executor-1] INFO  replication.GrpcReplicationService (GrpcReplicationService.java:download(52)) - Streaming container data (2) to other datanode
2020-12-15 13:59:09,905 [DatanodeAdminManager-0] INFO  node.DatanodeAdminMonitorImpl (DatanodeAdminMonitorImpl.java:checkContainersReplicatedOnNode(297)) - c6e04511-2206-46f8-9e26-aeae93b0c1d5{ip: 172.17.0.2, host: b0da2dc6b281, networkLocation: /default-rack, certSerialId: null, persistedOpState: DECOMMISSIONING, persistedOpStateExpiryEpochSec: 0} has 0 sufficientlyReplicated, 2 underReplicated and 1 unhealthy containers
2020-12-15 13:59:09,905 [DatanodeAdminManager-0] INFO  node.DatanodeAdminMonitorImpl (DatanodeAdminMonitorImpl.java:run(136)) - There are 1 nodes tracked for decommission and maintenance. 0 pending nodes.
2020-12-15 13:59:09,910 [ContainerReplicationThread-0] INFO  replication.DownloadAndImportReplicator (DownloadAndImportReplicator.java:replicate(120)) - Container 1 is replicated successfully
2020-12-15 13:59:09,911 [ContainerReplicationThread-0] INFO  replication.ReplicationSupervisor (ReplicationSupervisor.java:run(146)) - Container 1 is replicated.
2020-12-15 13:59:09,911 [grpc-default-executor-1] INFO  replication.GrpcOutputStream (GrpcOutputStream.java:close(104)) - Sent 10872 bytes for container 2
2020-12-15 13:59:09,912 [grpc-default-executor-5] INFO  replication.GrpcReplicationClient (GrpcReplicationClient.java:onCompleted(177)) - Container 2 is downloaded to /github/workspace/mnt/ozone/hadoop-ozone/integration-test/target/test-dir/MiniOzoneClusterImpl-933616a4-3ca4-434e-83a8-17d3c89ffd28/datanode-5/data/replication/work/container-2.tar.gz
2020-12-15 13:59:09,914 [ContainerReplicationThread-0] INFO  replication.DownloadAndImportReplicator (DownloadAndImportReplicator.java:replicate(117)) - Container 2 is downloaded, starting to import.
2020-12-15 13:59:09,929 [ContainerReplicationThread-0] INFO  replication.DownloadAndImportReplicator (DownloadAndImportReplicator.java:replicate(120)) - Container 2 is replicated successfully
2020-12-15 13:59:10,024 [ContainerReplicationThread-0] INFO  replication.ReplicationSupervisor (ReplicationSupervisor.java:run(146)) - Container 2 is replicated.
2020-12-15 13:59:10,015 [org.apache.ratis.server.JvmPauseMonitor@1a25dc3a-Monitor] WARN  server.JvmPauseMonitor (JvmPauseMonitor.java:run(141)) - Detected pause in JVM or host machine (eg GC): pause of approximately 12ms
GC pool 'PS Scavenge' had collection(s): count=1 time=85ms
2020-12-15 13:59:10,550 [ReplicationMonitor] INFO  container.ReplicationManager (ReplicationManager.java:sendCloseCommand(948)) - Sending close container command for container #1 to datanode bcedaf3e-3b45-4de1-8682-1fb59b13139d{ip: 172.17.0.2, host: b0da2dc6b281, networkLocation: /default-rack, certSerialId: null, persistedOpState: IN_SERVICE, persistedOpStateExpiryEpochSec: 0}.
2020-12-15 13:59:10,550 [ReplicationMonitor] INFO  container.ReplicationManager (ReplicationManager.java:run(250)) - Replication Monitor Thread took 1 milliseconds for processing 4 containers.
2020-12-15 13:59:10,905 [DatanodeAdminManager-0] INFO  node.DatanodeAdminMonitorImpl (DatanodeAdminMonitorImpl.java:checkContainersReplicatedOnNode(297)) - c6e04511-2206-46f8-9e26-aeae93b0c1d5{ip: 172.17.0.2, host: b0da2dc6b281, networkLocation: /default-rack, certSerialId: null, persistedOpState: DECOMMISSIONING, persistedOpStateExpiryEpochSec: 0} has 1 sufficientlyReplicated, 1 underReplicated and 1 unhealthy containers
2020-12-15 13:59:10,905 [DatanodeAdminManager-0] INFO  node.DatanodeAdminMonitorImpl (DatanodeAdminMonitorImpl.java:run(136)) - There are 1 nodes tracked for decommission and maintenance. 0 pending nodes.
2020-12-15 13:59:11,551 [ReplicationMonitor] INFO  container.ReplicationManager (ReplicationManager.java:handleUnderReplicatedContainer(722)) - Container #1 is under replicated. Expected replica count is 3, but found 2.
2020-12-15 13:59:11,551 [ReplicationMonitor] INFO  container.ReplicationManager (ReplicationManager.java:sendReplicateCommand(970)) - Sending replicate container command for container #1 to datanode b41166ab-bd26-4895-adb6-dd063c55eea5{ip: 172.17.0.2, host: b0da2dc6b281, networkLocation: /default-rack, certSerialId: null, persistedOpState: IN_SERVICE, persistedOpStateExpiryEpochSec: 0}
2020-12-15 13:59:11,551 [ReplicationMonitor] INFO  container.ReplicationManager (ReplicationManager.java:run(250)) - Replication Monitor Thread took 0 milliseconds for processing 4 containers.
2020-12-15 13:59:11,655 [Command processor thread] INFO  keyvalue.KeyValueContainer (KeyValueContainer.java:flushAndSyncDB(388)) - Container 1 is synced with bcsId 32.
2020-12-15 13:59:11,656 [Command processor thread] INFO  keyvalue.KeyValueContainer (KeyValueContainer.java:flushAndSyncDB(388)) - Container 1 is synced with bcsId 32.
2020-12-15 13:59:11,657 [Command processor thread] INFO  keyvalue.KeyValueContainer (KeyValueContainer.java:close(326)) - Container 1 is closed with bcsId 32.
2020-12-15 13:59:11,905 [DatanodeAdminManager-0] INFO  node.DatanodeAdminMonitorImpl (DatanodeAdminMonitorImpl.java:checkContainersReplicatedOnNode(297)) - c6e04511-2206-46f8-9e26-aeae93b0c1d5{ip: 172.17.0.2, host: b0da2dc6b281, networkLocation: /default-rack, certSerialId: null, persistedOpState: DECOMMISSIONING, persistedOpStateExpiryEpochSec: 0} has 0 sufficientlyReplicated, 2 underReplicated and 1 unhealthy containers
2020-12-15 13:59:11,905 [DatanodeAdminManager-0] INFO  node.DatanodeAdminMonitorImpl (DatanodeAdminMonitorImpl.java:run(136)) - There are 1 nodes tracked for decommission and maintenance. 0 pending nodes.
2020-12-15 13:59:12,551 [ReplicationMonitor] INFO  container.ReplicationManager (ReplicationManager.java:sendCloseCommand(948)) - Sending close container command for container #1 to datanode bcedaf3e-3b45-4de1-8682-1fb59b13139d{ip: 172.17.0.2, host: b0da2dc6b281, networkLocation: /default-rack, certSerialId: null, persistedOpState: IN_SERVICE, persistedOpStateExpiryEpochSec: 0}.
2020-12-15 13:59:12,552 [ReplicationMonitor] INFO  container.ReplicationManager (ReplicationManager.java:run(250)) - Replication Monitor Thread took 1 milliseconds for processing 4 containers.
2020-12-15 13:59:12,905 [DatanodeAdminManager-0] INFO  node.DatanodeAdminMonitorImpl (DatanodeAdminMonitorImpl.java:checkContainersReplicatedOnNode(297)) - c6e04511-2206-46f8-9e26-aeae93b0c1d5{ip: 172.17.0.2, host: b0da2dc6b281, networkLocation: /default-rack, certSerialId: null, persistedOpState: DECOMMISSIONING, persistedOpStateExpiryEpochSec: 0} has 2 sufficientlyReplicated, 0 underReplicated and 0 unhealthy containers
2020-12-15 13:59:12,905 [DatanodeAdminManager-0] INFO  node.DatanodeAdminMonitorImpl (DatanodeAdminMonitorImpl.java:completeDecommission(306)) - Datanode c6e04511-2206-46f8-9e26-aeae93b0c1d5{ip: 172.17.0.2, host: b0da2dc6b281, networkLocation: /default-rack, certSerialId: null, persistedOpState: DECOMMISSIONING, persistedOpStateExpiryEpochSec: 0} has completed the admin workflow. The operational state has been set to DECOMMISSIONED
2020-12-15 13:59:13,552 [ReplicationMonitor] INFO  container.ReplicationManager (ReplicationManager.java:run(250)) - Replication Monitor Thread took 0 milliseconds for processing 4 containers.
2020-12-15 13:59:13,665 [Datanode State Machine Thread - 0] INFO  statemachine.DatanodeStateMachine (DatanodeStateMachine.java:lambda$startDaemon$0(408)) - Ozone container server started.
2020-12-15 13:59:13,866 [ContainerReplicationThread-0] INFO  replication.DownloadAndImportReplicator (DownloadAndImportReplicator.java:replicate(106)) - Starting replication of container 1 from [c6e04511-2206-46f8-9e26-aeae93b0c1d5{ip: 172.17.0.2, host: b0da2dc6b281, networkLocation: /default-rack, certSerialId: null, persistedOpState: DECOMMISSIONING, persistedOpStateExpiryEpochSec: 0}, bcedaf3e-3b45-4de1-8682-1fb59b13139d{ip: 172.17.0.2, host: b0da2dc6b281, networkLocation: /default-rack, certSerialId: null, persistedOpState: IN_SERVICE, persistedOpStateExpiryEpochSec: 0}, 5928c4bb-8a64-400c-b032-ccd85110c165{ip: 172.17.0.2, host: b0da2dc6b281, networkLocation: /default-rack, certSerialId: null, persistedOpState: IN_SERVICE, persistedOpStateExpiryEpochSec: 0}]
2020-12-15 13:59:13,872 [grpc-default-executor-1] INFO  replication.GrpcReplicationService (GrpcReplicationService.java:download(52)) - Streaming container data (1) to other datanode
2020-12-15 13:59:13,917 [grpc-default-executor-1] INFO  replication.GrpcOutputStream (GrpcOutputStream.java:close(104)) - Sent 18701 bytes for container 1
2020-12-15 13:59:13,918 [grpc-default-executor-5] INFO  replication.GrpcReplicationClient (GrpcReplicationClient.java:onCompleted(177)) - Container 1 is downloaded to /github/workspace/mnt/ozone/hadoop-ozone/integration-test/target/test-dir/MiniOzoneClusterImpl-933616a4-3ca4-434e-83a8-17d3c89ffd28/datanode-3/data/replication/work/container-1.tar.gz
2020-12-15 13:59:13,920 [ContainerReplicationThread-0] INFO  replication.DownloadAndImportReplicator (DownloadAndImportReplicator.java:replicate(117)) - Container 1 is downloaded, starting to import.
2020-12-15 13:59:13,934 [ContainerReplicationThread-0] INFO  replication.DownloadAndImportReplicator (DownloadAndImportReplicator.java:replicate(120)) - Container 1 is replicated successfully
2020-12-15 13:59:13,934 [ContainerReplicationThread-0] INFO  replication.ReplicationSupervisor (ReplicationSupervisor.java:run(146)) - Container 1 is replicated.
2020-12-15 13:59:14,280 [Listener at 127.0.0.1/35149] INFO  ozoneimpl.OzoneContainer (OzoneContainer.java:stop(257)) - Attempting to stop container services.
2020-12-15 13:59:14,281 [Listener at 127.0.0.1/35149] INFO  impl.RaftServerProxy (RaftServerProxy.java:lambda$close$4(338)) - c6e04511-2206-46f8-9e26-aeae93b0c1d5: close
2020-12-15 13:59:14,281 [Listener at 127.0.0.1/35149] INFO  server.GrpcService (GrpcService.java:closeImpl(184)) - c6e04511-2206-46f8-9e26-aeae93b0c1d5: shutdown server with port 36945 now
2020-12-15 13:59:14,285 [Listener at 127.0.0.1/35149] INFO  server.GrpcService (GrpcService.java:closeImpl(193)) - c6e04511-2206-46f8-9e26-aeae93b0c1d5: shutdown server with port 36945 successfully
2020-12-15 13:59:14,286 [Listener at 127.0.0.1/35149] INFO  utils.BackgroundService (BackgroundService.java:shutdown(132)) - Shutting down service BlockDeletingService
2020-12-15 13:59:14,289 [Listener at 127.0.0.1/35149] INFO  statemachine.DatanodeStateMachine (DatanodeStateMachine.java:stopDaemon(461)) - Ozone container server stopped.
2020-12-15 13:59:14,305 [Listener at 127.0.0.1/35149] INFO  handler.ContextHandler (ContextHandler.java:doStop(1154)) - Stopped o.e.j.w.WebAppContext@3c0b230{hddsDatanode,/,null,STOPPED}{jar:file:/home/user/.m2/repository/org/apache/hadoop/hadoop-hdds-container-service/1.1.0-SNAPSHOT/hadoop-hdds-container-service-1.1.0-SNAPSHOT.jar!/webapps/hddsDatanode}
2020-12-15 13:59:14,306 [Listener at 127.0.0.1/35149] INFO  server.AbstractConnector (AbstractConnector.java:doStop(381)) - Stopped ServerConnector@23dbd676{HTTP/1.1, (http/1.1)}{0.0.0.0:0}
2020-12-15 13:59:14,306 [Listener at 127.0.0.1/35149] INFO  server.session (HouseKeeper.java:stopScavenging(149)) - node0 Stopped scavenging
2020-12-15 13:59:14,306 [Listener at 127.0.0.1/35149] INFO  handler.ContextHandler (ContextHandler.java:doStop(1154)) - Stopped o.e.j.s.ServletContextHandler@259fe541{static,/static,jar:file:/home/user/.m2/repository/org/apache/hadoop/hadoop-hdds-container-service/1.1.0-SNAPSHOT/hadoop-hdds-container-service-1.1.0-SNAPSHOT.jar!/webapps/static,STOPPED}
2020-12-15 13:59:14,307 [Listener at 127.0.0.1/35149] INFO  handler.ContextHandler (ContextHandler.java:doStop(1154)) - Stopped o.e.j.s.ServletContextHandler@7e8c7270{logs,/logs,file:///github/workspace/mnt/ozone/hadoop-ozone/integration-test/target/log,STOPPED}
2020-12-15 13:59:14,552 [ReplicationMonitor] INFO  container.ReplicationManager (ReplicationManager.java:run(250)) - Replication Monitor Thread took 1 milliseconds for processing 4 containers.
2020-12-15 13:59:15,310 [org.apache.ratis.server.JvmPauseMonitor@692479d0-Monitor] WARN  server.JvmPauseMonitor (JvmPauseMonitor.java:run(141)) - Detected pause in JVM or host machine (eg GC): pause of approximately 1ms
GC pool 'PS Scavenge' had collection(s): count=1 time=85ms
2020-12-15 13:59:15,553 [ReplicationMonitor] INFO  container.ReplicationManager (ReplicationManager.java:run(250)) - Replication Monitor Thread took 0 milliseconds for processing 4 containers.
2020-12-15 13:59:15,728 [EventQueue-StaleNodeForStaleNodeHandler] INFO  node.StaleNodeHandler (StaleNodeHandler.java:onMessage(58)) - Datanode c6e04511-2206-46f8-9e26-aeae93b0c1d5{ip: 172.17.0.2, host: b0da2dc6b281, networkLocation: /default-rack, certSerialId: null, persistedOpState: DECOMMISSIONING, persistedOpStateExpiryEpochSec: 0} moved to stale state. Finalizing its pipelines []
2020-12-15 13:59:16,553 [ReplicationMonitor] INFO  container.ReplicationManager (ReplicationManager.java:handleOverReplicatedContainer(778)) - Container #1 is over replicated. Expected replica count is 3, but found 4.
2020-12-15 13:59:16,553 [ReplicationMonitor] INFO  container.ReplicationManager (ReplicationManager.java:sendDeleteCommand(993)) - Sending delete container command for container #1 to datanode b41166ab-bd26-4895-adb6-dd063c55eea5{ip: 172.17.0.2, host: b0da2dc6b281, networkLocation: /default-rack, certSerialId: null, persistedOpState: IN_SERVICE, persistedOpStateExpiryEpochSec: 0}
2020-12-15 13:59:16,554 [ReplicationMonitor] INFO  container.ReplicationManager (ReplicationManager.java:run(250)) - Replication Monitor Thread took 1 milliseconds for processing 4 containers.
2020-12-15 13:59:17,554 [ReplicationMonitor] INFO  container.ReplicationManager (ReplicationManager.java:run(250)) - Replication Monitor Thread took 0 milliseconds for processing 4 containers.
2020-12-15 13:59:18,554 [ReplicationMonitor] INFO  container.ReplicationManager (ReplicationManager.java:run(250)) - Replication Monitor Thread took 0 milliseconds for processing 4 containers.
2020-12-15 13:59:18,731 [EventQueue-DeadNodeForDeadNodeHandler] INFO  node.DeadNodeHandler (DeadNodeHandler.java:onMessage(77)) - A dead datanode is detected. c6e04511-2206-46f8-9e26-aeae93b0c1d5{ip: 172.17.0.2, host: b0da2dc6b281, networkLocation: /default-rack, certSerialId: null, persistedOpState: DECOMMISSIONING, persistedOpStateExpiryEpochSec: 0}
2020-12-15 13:59:18,912 [Listener at 127.0.0.1/35149] INFO  ozone.MiniOzoneClusterImpl (MiniOzoneClusterImpl.java:shutdown(388)) - Shutting down the Mini Ozone Cluster
2020-12-15 13:59:18,912 [Listener at 127.0.0.1/35149] INFO  ozone.MiniOzoneClusterImpl (MiniOzoneClusterImpl.java:stop(403)) - Stopping the Mini Ozone Cluster
2020-12-15 13:59:18,913 [Listener at 127.0.0.1/35149] INFO  ozone.MiniOzoneClusterImpl (MiniOzoneClusterImpl.java:stopOM(485)) - Stopping the OzoneManager
2020-12-15 13:59:18,913 [Listener at 127.0.0.1/35149] INFO  ipc.Server (Server.java:stop(3359)) - Stopping server on 35149
2020-12-15 13:59:18,916 [IPC Server Responder] INFO  ipc.Server (Server.java:run(1465)) - Stopping IPC Server Responder
2020-12-15 13:59:18,918 [IPC Server listener on 0] INFO  ipc.Server (Server.java:run(1330)) - Stopping IPC Server listener on 0
2020-12-15 13:59:18,918 [Listener at 127.0.0.1/35149] INFO  ratis.OzoneManagerDoubleBuffer (OzoneManagerDoubleBuffer.java:stop(457)) - Stopping OMDoubleBuffer flush thread
2020-12-15 13:59:18,919 [OMDoubleBufferFlushThread] INFO  ratis.OzoneManagerDoubleBuffer (OzoneManagerDoubleBuffer.java:flushTransactions(356)) - OMDoubleBuffer flush thread OMDoubleBufferFlushThread is interrupted and will exit. OMDoubleBufferFlushThread
2020-12-15 13:59:18,919 [Listener at 127.0.0.1/35149] INFO  utils.BackgroundService (BackgroundService.java:shutdown(132)) - Shutting down service KeyDeletingService
2020-12-15 13:59:18,920 [Listener at 127.0.0.1/35149] INFO  handler.ContextHandler (ContextHandler.java:doStop(1154)) - Stopped o.e.j.w.WebAppContext@5de13824{ozoneManager,/,null,STOPPED}{file:/github/workspace/mnt/ozone/hadoop-ozone/integration-test/target/test-classes/webapps/ozoneManager}
2020-12-15 13:59:18,921 [Listener at 127.0.0.1/35149] INFO  server.AbstractConnector (AbstractConnector.java:doStop(381)) - Stopped ServerConnector@7bcbf479{HTTP/1.1, (http/1.1)}{0.0.0.0:0}
2020-12-15 13:59:18,921 [Listener at 127.0.0.1/35149] INFO  server.session (HouseKeeper.java:stopScavenging(149)) - node0 Stopped scavenging
2020-12-15 13:59:18,921 [Listener at 127.0.0.1/35149] INFO  handler.ContextHandler (ContextHandler.java:doStop(1154)) - Stopped o.e.j.s.ServletContextHandler@6281326f{static,/static,file:///github/workspace/mnt/ozone/hadoop-ozone/integration-test/target/test-classes/webapps/static,STOPPED}
2020-12-15 13:59:18,921 [Listener at 127.0.0.1/35149] INFO  handler.ContextHandler (ContextHandler.java:doStop(1154)) - Stopped o.e.j.s.ServletContextHandler@4dc0c152{logs,/logs,file:///github/workspace/mnt/ozone/hadoop-ozone/integration-test/target/log,STOPPED}
2020-12-15 13:59:18,923 [Listener at 127.0.0.1/35149] INFO  ozone.MiniOzoneClusterImpl (MiniOzoneClusterImpl.java:stopDatanodes(462)) - Stopping the HddsDatanodes
2020-12-15 13:59:18,935 [Datanode State Machine Thread - 0] INFO  statemachine.DatanodeStateMachine (DatanodeStateMachine.java:lambda$startDaemon$0(408)) - Ozone container server started.
2020-12-15 13:59:19,555 [ReplicationMonitor] INFO  container.ReplicationManager (ReplicationManager.java:run(250)) - Replication Monitor Thread took 0 milliseconds for processing 4 containers.
2020-12-15 13:59:19,659 [Datanode State Machine Thread - 0] INFO  statemachine.DatanodeStateMachine (DatanodeStateMachine.java:lambda$startDaemon$0(408)) - Ozone container server started.
2020-12-15 13:59:19,928 [ForkJoinPool.commonPool-worker-1] INFO  ozoneimpl.OzoneContainer (OzoneContainer.java:stop(257)) - Attempting to stop container services.
2020-12-15 13:59:19,928 [ForkJoinPool.commonPool-worker-1] INFO  impl.RaftServerProxy (RaftServerProxy.java:lambda$close$4(338)) - bcedaf3e-3b45-4de1-8682-1fb59b13139d: close
2020-12-15 13:59:19,928 [ForkJoinPool.commonPool-worker-1] INFO  impl.RaftServerImpl (RaftServerImpl.java:lambda$shutdown$3(328)) - bcedaf3e-3b45-4de1-8682-1fb59b13139d@group-295CDD7E3229: shutdown
2020-12-15 13:59:19,928 [ForkJoinPool.commonPool-worker-1] INFO  util.JmxRegister (JmxRegister.java:unregister(73)) - Successfully un-registered JMX Bean with object name Ratis:service=RaftServer,group=group-295CDD7E3229,id=bcedaf3e-3b45-4de1-8682-1fb59b13139d
2020-12-15 13:59:19,928 [ForkJoinPool.commonPool-worker-1] INFO  impl.RoleInfo (RoleInfo.java:shutdownLeaderState(104)) - bcedaf3e-3b45-4de1-8682-1fb59b13139d: shutdown bcedaf3e-3b45-4de1-8682-1fb59b13139d@group-295CDD7E3229-LeaderState
2020-12-15 13:59:19,928 [ForkJoinPool.commonPool-worker-1] INFO  impl.PendingRequests (PendingRequests.java:sendNotLeaderResponses(250)) - bcedaf3e-3b45-4de1-8682-1fb59b13139d@group-295CDD7E3229-PendingRequests: sendNotLeaderResponses
2020-12-15 13:59:19,929 [ForkJoinPool.commonPool-worker-1] INFO  metrics.RatisMetrics (RatisMetrics.java:unregister(43)) - Unregistering Metrics Registry : ratis.log_appender.bcedaf3e-3b45-4de1-8682-1fb59b13139d@group-295CDD7E3229
2020-12-15 13:59:19,929 [ForkJoinPool.commonPool-worker-1] INFO  metrics.RatisMetrics (RatisMetrics.java:unregister(43)) - Unregistering Metrics Registry : ratis.server.bcedaf3e-3b45-4de1-8682-1fb59b13139d@group-295CDD7E3229
2020-12-15 13:59:19,930 [bcedaf3e-3b45-4de1-8682-1fb59b13139d@group-295CDD7E3229-StateMachineUpdater] INFO  ratis.ContainerStateMachine (ContainerStateMachine.java:takeSnapshot(293)) - group-295CDD7E3229: Taking a snapshot at:(t:1, i:0) file /github/workspace/mnt/ozone/hadoop-ozone/integration-test/target/test-dir/MiniOzoneClusterImpl-933616a4-3ca4-434e-83a8-17d3c89ffd28/datanode-2/data/ratis/135d3078-6d49-4e47-88bd-295cdd7e3229/sm/snapshot.1_0
2020-12-15 13:59:19,930 [ForkJoinPool.commonPool-worker-1] INFO  impl.StateMachineUpdater (StateMachineUpdater.java:stopAndJoin(147)) - bcedaf3e-3b45-4de1-8682-1fb59b13139d@group-295CDD7E3229-StateMachineUpdater: set stopIndex = 0
2020-12-15 13:59:19,931 [bcedaf3e-3b45-4de1-8682-1fb59b13139d@group-295CDD7E3229-StateMachineUpdater] INFO  ratis.ContainerStateMachine (ContainerStateMachine.java:takeSnapshot(304)) - group-295CDD7E3229: Finished taking a snapshot at:(t:1, i:0) file:/github/workspace/mnt/ozone/hadoop-ozone/integration-test/target/test-dir/MiniOzoneClusterImpl-933616a4-3ca4-434e-83a8-17d3c89ffd28/datanode-2/data/ratis/135d3078-6d49-4e47-88bd-295cdd7e3229/sm/snapshot.1_0 time:1
2020-12-15 13:59:19,931 [bcedaf3e-3b45-4de1-8682-1fb59b13139d@group-295CDD7E3229-StateMachineUpdater] INFO  impl.StateMachineUpdater (StateMachineUpdater.java:takeSnapshot(278)) - bcedaf3e-3b45-4de1-8682-1fb59b13139d@group-295CDD7E3229-StateMachineUpdater: Took a snapshot at index 0
2020-12-15 13:59:19,931 [bcedaf3e-3b45-4de1-8682-1fb59b13139d@group-295CDD7E3229-StateMachineUpdater] INFO  impl.StateMachineUpdater (StateMachineUpdater.java:lambda$new$0(87)) - bcedaf3e-3b45-4de1-8682-1fb59b13139d@group-295CDD7E3229-StateMachineUpdater: snapshotIndex: updateIncreasingly -1 -> 0
2020-12-15 13:59:19,931 [bcedaf3e-3b45-4de1-8682-1fb59b13139d@group-295CDD7E3229-StateMachineUpdater] INFO  metrics.RatisMetrics (RatisMetrics.java:unregister(43)) - Unregistering Metrics Registry : ratis.state_machine.bcedaf3e-3b45-4de1-8682-1fb59b13139d@group-295CDD7E3229
2020-12-15 13:59:19,931 [ForkJoinPool.commonPool-worker-1] INFO  impl.RaftServerImpl (ServerState.java:close(406)) - bcedaf3e-3b45-4de1-8682-1fb59b13139d@group-295CDD7E3229: closes. applyIndex: 0
2020-12-15 13:59:19,932 [bcedaf3e-3b45-4de1-8682-1fb59b13139d@group-295CDD7E3229-SegmentedRaftLogWorker] INFO  segmented.SegmentedRaftLogWorker (SegmentedRaftLogWorker.java:run(329)) - bcedaf3e-3b45-4de1-8682-1fb59b13139d@group-295CDD7E3229-SegmentedRaftLogWorker was interrupted, exiting. There are 0 tasks remaining in the queue.
2020-12-15 13:59:19,932 [ForkJoinPool.commonPool-worker-1] INFO  segmented.SegmentedRaftLogWorker (SegmentedRaftLogWorker.java:close(235)) - bcedaf3e-3b45-4de1-8682-1fb59b13139d@group-295CDD7E3229-SegmentedRaftLogWorker close()
2020-12-15 13:59:19,932 [ForkJoinPool.commonPool-worker-1] INFO  metrics.RatisMetrics (RatisMetrics.java:unregister(43)) - Unregistering Metrics Registry : ratis.log_worker.bcedaf3e-3b45-4de1-8682-1fb59b13139d@group-295CDD7E3229
2020-12-15 13:59:19,932 [ForkJoinPool.commonPool-worker-1] INFO  metrics.RatisMetrics (RatisMetrics.java:unregister(43)) - Unregistering Metrics Registry : ratis.leader_election.bcedaf3e-3b45-4de1-8682-1fb59b13139d@group-295CDD7E3229
2020-12-15 13:59:19,932 [ForkJoinPool.commonPool-worker-1] INFO  metrics.RatisMetrics (RatisMetrics.java:unregister(43)) - Unregistering Metrics Registry : ratis.server.bcedaf3e-3b45-4de1-8682-1fb59b13139d@group-295CDD7E3229
2020-12-15 13:59:19,933 [ForkJoinPool.commonPool-worker-1] INFO  server.GrpcService (GrpcService.java:closeImpl(184)) - bcedaf3e-3b45-4de1-8682-1fb59b13139d: shutdown server with port 34627 now
2020-12-15 13:59:19,934 [ForkJoinPool.commonPool-worker-1] INFO  server.GrpcService (GrpcService.java:closeImpl(193)) - bcedaf3e-3b45-4de1-8682-1fb59b13139d: shutdown server with port 34627 successfully
2020-12-15 13:59:19,936 [ForkJoinPool.commonPool-worker-1] INFO  utils.BackgroundService (BackgroundService.java:shutdown(132)) - Shutting down service BlockDeletingService
2020-12-15 13:59:19,938 [ForkJoinPool.commonPool-worker-1] INFO  statemachine.DatanodeStateMachine (DatanodeStateMachine.java:stopDaemon(461)) - Ozone container server stopped.
2020-12-15 13:59:19,948 [ForkJoinPool.commonPool-worker-1] INFO  handler.ContextHandler (ContextHandler.java:doStop(1154)) - Stopped o.e.j.w.WebAppContext@5fe74841{hddsDatanode,/,null,STOPPED}{jar:file:/home/user/.m2/repository/org/apache/hadoop/hadoop-hdds-container-service/1.1.0-SNAPSHOT/hadoop-hdds-container-service-1.1.0-SNAPSHOT.jar!/webapps/hddsDatanode}
2020-12-15 13:59:19,948 [ForkJoinPool.commonPool-worker-1] INFO  server.AbstractConnector (AbstractConnector.java:doStop(381)) - Stopped ServerConnector@524af1ab{HTTP/1.1, (http/1.1)}{0.0.0.0:0}
2020-12-15 13:59:19,948 [ForkJoinPool.commonPool-worker-1] INFO  server.session (HouseKeeper.java:stopScavenging(149)) - node0 Stopped scavenging
2020-12-15 13:59:19,951 [ForkJoinPool.commonPool-worker-1] INFO  handler.ContextHandler (ContextHandler.java:doStop(1154)) - Stopped o.e.j.s.ServletContextHandler@57cf5515{static,/static,jar:file:/home/user/.m2/repository/org/apache/hadoop/hadoop-hdds-container-service/1.1.0-SNAPSHOT/hadoop-hdds-container-service-1.1.0-SNAPSHOT.jar!/webapps/static,STOPPED}
2020-12-15 13:59:19,952 [ForkJoinPool.commonPool-worker-1] INFO  handler.ContextHandler (ContextHandler.java:doStop(1154)) - Stopped o.e.j.s.ServletContextHandler@27169a80{logs,/logs,file:///github/workspace/mnt/ozone/hadoop-ozone/integration-test/target/log,STOPPED}
2020-12-15 13:59:20,303 [Listener at 127.0.0.1/35149] INFO  ozoneimpl.OzoneContainer (OzoneContainer.java:stop(257)) - Attempting to stop container services.
2020-12-15 13:59:20,304 [Listener at 127.0.0.1/35149] INFO  impl.RaftServerProxy (RaftServerProxy.java:lambda$close$4(338)) - b41166ab-bd26-4895-adb6-dd063c55eea5: close
2020-12-15 13:59:20,304 [Listener at 127.0.0.1/35149] INFO  impl.RaftServerImpl (RaftServerImpl.java:lambda$shutdown$3(328)) - b41166ab-bd26-4895-adb6-dd063c55eea5@group-64C342B71FEB: shutdown
2020-12-15 13:59:20,304 [Listener at 127.0.0.1/35149] INFO  util.JmxRegister (JmxRegister.java:unregister(73)) - Successfully un-registered JMX Bean with object name Ratis:service=RaftServer,group=group-64C342B71FEB,id=b41166ab-bd26-4895-adb6-dd063c55eea5
2020-12-15 13:59:20,304 [Listener at 127.0.0.1/35149] INFO  impl.RoleInfo (RoleInfo.java:shutdownLeaderState(104)) - b41166ab-bd26-4895-adb6-dd063c55eea5: shutdown b41166ab-bd26-4895-adb6-dd063c55eea5@group-64C342B71FEB-LeaderState
2020-12-15 13:59:20,304 [Listener at 127.0.0.1/35149] INFO  metrics.RatisMetrics (RatisMetrics.java:unregister(43)) - Unregistering Metrics Registry : ratis_grpc.log_appender.b41166ab-bd26-4895-adb6-dd063c55eea5@group-64C342B71FEB
2020-12-15 13:59:20,304 [Listener at 127.0.0.1/35149] INFO  metrics.RatisMetrics (RatisMetrics.java:unregister(43)) - Unregistering Metrics Registry : ratis_grpc.log_appender.b41166ab-bd26-4895-adb6-dd063c55eea5@group-64C342B71FEB
2020-12-15 13:59:20,304 [org.apache.ratis.server.impl.LogAppender$AppenderDaemon$$Lambda$479/2118811503@1b25c5b5] WARN  server.GrpcLogAppender (GrpcLogAppender.java:mayWait(168)) - b41166ab-bd26-4895-adb6-dd063c55eea5@group-64C342B71FEB->d8013a59-5613-4576-849f-406a4abab1ed-GrpcLogAppender: Wait interrupted by java.lang.InterruptedException
2020-12-15 13:59:20,305 [org.apache.ratis.server.impl.LogAppender$AppenderDaemon$$Lambda$479/2118811503@34692538] WARN  server.GrpcLogAppender (GrpcLogAppender.java:mayWait(168)) - b41166ab-bd26-4895-adb6-dd063c55eea5@group-64C342B71FEB->c106af50-bceb-418e-be22-e2669d442084-GrpcLogAppender: Wait interrupted by java.lang.InterruptedException
2020-12-15 13:59:20,305 [Listener at 127.0.0.1/35149] INFO  impl.PendingRequests (PendingRequests.java:sendNotLeaderResponses(250)) - b41166ab-bd26-4895-adb6-dd063c55eea5@group-64C342B71FEB-PendingRequests: sendNotLeaderResponses
2020-12-15 13:59:20,305 [grpc-default-executor-5] INFO  server.GrpcServerProtocolService (GrpcServerProtocolService.java:onCompleted(138)) - d8013a59-5613-4576-849f-406a4abab1ed: Completed APPEND_ENTRIES, lastRequest: b41166ab-bd26-4895-adb6-dd063c55eea5->d8013a59-5613-4576-849f-406a4abab1ed#146-t1, previous=(t:1, i:38), leaderCommit=37, initializing? false, entries: size=1, first=(t:1, i:39), METADATAENTRY(c:37)
2020-12-15 13:59:20,305 [grpc-default-executor-1] INFO  server.GrpcServerProtocolService (GrpcServerProtocolService.java:onCompleted(138)) - c106af50-bceb-418e-be22-e2669d442084: Completed APPEND_ENTRIES, lastRequest: b41166ab-bd26-4895-adb6-dd063c55eea5->c106af50-bceb-418e-be22-e2669d442084#189-t1, previous=(t:1, i:38), leaderCommit=37, initializing? false, entries: size=1, first=(t:1, i:39), METADATAENTRY(c:37)
2020-12-15 13:59:20,307 [grpc-default-executor-0] INFO  server.GrpcLogAppender (GrpcLogAppender.java:onCompleted(337)) - b41166ab-bd26-4895-adb6-dd063c55eea5@group-64C342B71FEB->d8013a59-5613-4576-849f-406a4abab1ed-AppendLogResponseHandler: follower responses appendEntries COMPLETED
2020-12-15 13:59:20,307 [grpc-default-executor-0] INFO  impl.FollowerInfo (FollowerInfo.java:lambda$new$0(51)) - b41166ab-bd26-4895-adb6-dd063c55eea5@group-64C342B71FEB->d8013a59-5613-4576-849f-406a4abab1ed: nextIndex: updateUnconditionally 40 -> 39
2020-12-15 13:59:20,307 [grpc-default-executor-4] INFO  server.GrpcLogAppender (GrpcLogAppender.java:onCompleted(337)) - b41166ab-bd26-4895-adb6-dd063c55eea5@group-64C342B71FEB->c106af50-bceb-418e-be22-e2669d442084-AppendLogResponseHandler: follower responses appendEntries COMPLETED
2020-12-15 13:59:20,307 [grpc-default-executor-4] INFO  impl.FollowerInfo (FollowerInfo.java:lambda$new$0(51)) - b41166ab-bd26-4895-adb6-dd063c55eea5@group-64C342B71FEB->c106af50-bceb-418e-be22-e2669d442084: nextIndex: updateUnconditionally 40 -> 39
2020-12-15 13:59:20,313 [Listener at 127.0.0.1/35149] INFO  metrics.RatisMetrics (RatisMetrics.java:unregister(43)) - Unregistering Metrics Registry : ratis.log_appender.b41166ab-bd26-4895-adb6-dd063c55eea5@group-64C342B71FEB
2020-12-15 13:59:20,313 [Listener at 127.0.0.1/35149] INFO  metrics.RatisMetrics (RatisMetrics.java:unregister(43)) - Unregistering Metrics Registry : ratis.server.b41166ab-bd26-4895-adb6-dd063c55eea5@group-64C342B71FEB
2020-12-15 13:59:20,316 [b41166ab-bd26-4895-adb6-dd063c55eea5@group-64C342B71FEB-StateMachineUpdater] INFO  ratis.ContainerStateMachine (ContainerStateMachine.java:takeSnapshot(293)) - group-64C342B71FEB: Taking a snapshot at:(t:1, i:39) file /github/workspace/mnt/ozone/hadoop-ozone/integration-test/target/test-dir/MiniOzoneClusterImpl-933616a4-3ca4-434e-83a8-17d3c89ffd28/datanode-3/data/ratis/05b9cbdf-45af-4197-b0f5-64c342b71feb/sm/snapshot.1_39
2020-12-15 13:59:20,317 [Listener at 127.0.0.1/35149] INFO  impl.StateMachineUpdater (StateMachineUpdater.java:stopAndJoin(147)) - b41166ab-bd26-4895-adb6-dd063c55eea5@group-64C342B71FEB-StateMachineUpdater: set stopIndex = 39
2020-12-15 13:59:20,318 [b41166ab-bd26-4895-adb6-dd063c55eea5@group-64C342B71FEB-StateMachineUpdater] INFO  ratis.ContainerStateMachine (ContainerStateMachine.java:takeSnapshot(304)) - group-64C342B71FEB: Finished taking a snapshot at:(t:1, i:39) file:/github/workspace/mnt/ozone/hadoop-ozone/integration-test/target/test-dir/MiniOzoneClusterImpl-933616a4-3ca4-434e-83a8-17d3c89ffd28/datanode-3/data/ratis/05b9cbdf-45af-4197-b0f5-64c342b71feb/sm/snapshot.1_39 time:1
2020-12-15 13:59:20,318 [b41166ab-bd26-4895-adb6-dd063c55eea5@group-64C342B71FEB-StateMachineUpdater] INFO  impl.StateMachineUpdater (StateMachineUpdater.java:takeSnapshot(278)) - b41166ab-bd26-4895-adb6-dd063c55eea5@group-64C342B71FEB-StateMachineUpdater: Took a snapshot at index 39
2020-12-15 13:59:20,318 [b41166ab-bd26-4895-adb6-dd063c55eea5@group-64C342B71FEB-StateMachineUpdater] INFO  impl.StateMachineUpdater (StateMachineUpdater.java:lambda$new$0(87)) - b41166ab-bd26-4895-adb6-dd063c55eea5@group-64C342B71FEB-StateMachineUpdater: snapshotIndex: updateIncreasingly -1 -> 39
2020-12-15 13:59:20,318 [b41166ab-bd26-4895-adb6-dd063c55eea5@group-64C342B71FEB-StateMachineUpdater] INFO  metrics.RatisMetrics (RatisMetrics.java:unregister(43)) - Unregistering Metrics Registry : ratis.state_machine.b41166ab-bd26-4895-adb6-dd063c55eea5@group-64C342B71FEB
2020-12-15 13:59:20,319 [Listener at 127.0.0.1/35149] INFO  impl.RaftServerImpl (ServerState.java:close(406)) - b41166ab-bd26-4895-adb6-dd063c55eea5@group-64C342B71FEB: closes. applyIndex: 39
2020-12-15 13:59:20,320 [b41166ab-bd26-4895-adb6-dd063c55eea5@group-64C342B71FEB-SegmentedRaftLogWorker] INFO  segmented.SegmentedRaftLogWorker (SegmentedRaftLogWorker.java:run(329)) - b41166ab-bd26-4895-adb6-dd063c55eea5@group-64C342B71FEB-SegmentedRaftLogWorker was interrupted, exiting. There are 0 tasks remaining in the queue.
2020-12-15 13:59:20,320 [Listener at 127.0.0.1/35149] INFO  segmented.SegmentedRaftLogWorker (SegmentedRaftLogWorker.java:close(235)) - b41166ab-bd26-4895-adb6-dd063c55eea5@group-64C342B71FEB-SegmentedRaftLogWorker close()
2020-12-15 13:59:20,320 [Listener at 127.0.0.1/35149] INFO  metrics.RatisMetrics (RatisMetrics.java:unregister(43)) - Unregistering Metrics Registry : ratis.log_worker.b41166ab-bd26-4895-adb6-dd063c55eea5@group-64C342B71FEB
2020-12-15 13:59:20,320 [Listener at 127.0.0.1/35149] INFO  metrics.RatisMetrics (RatisMetrics.java:unregister(43)) - Unregistering Metrics Registry : ratis.leader_election.b41166ab-bd26-4895-adb6-dd063c55eea5@group-64C342B71FEB
2020-12-15 13:59:20,321 [Listener at 127.0.0.1/35149] INFO  metrics.RatisMetrics (RatisMetrics.java:unregister(43)) - Unregistering Metrics Registry : ratis.server.b41166ab-bd26-4895-adb6-dd063c55eea5@group-64C342B71FEB
2020-12-15 13:59:20,321 [Listener at 127.0.0.1/35149] INFO  impl.RaftServerImpl (RaftServerImpl.java:lambda$shutdown$3(328)) - b41166ab-bd26-4895-adb6-dd063c55eea5@group-4F0597F0C60C: shutdown
2020-12-15 13:59:20,322 [Listener at 127.0.0.1/35149] INFO  util.JmxRegister (JmxRegister.java:unregister(73)) - Successfully un-registered JMX Bean with object name Ratis:service=RaftServer,group=group-4F0597F0C60C,id=b41166ab-bd26-4895-adb6-dd063c55eea5
2020-12-15 13:59:20,322 [Listener at 127.0.0.1/35149] INFO  impl.RoleInfo (RoleInfo.java:shutdownLeaderState(104)) - b41166ab-bd26-4895-adb6-dd063c55eea5: shutdown b41166ab-bd26-4895-adb6-dd063c55eea5@group-4F0597F0C60C-LeaderState
2020-12-15 13:59:20,322 [Listener at 127.0.0.1/35149] INFO  impl.PendingRequests (PendingRequests.java:sendNotLeaderResponses(250)) - b41166ab-bd26-4895-adb6-dd063c55eea5@group-4F0597F0C60C-PendingRequests: sendNotLeaderResponses
2020-12-15 13:59:20,323 [Listener at 127.0.0.1/35149] INFO  metrics.RatisMetrics (RatisMetrics.java:unregister(43)) - Unregistering Metrics Registry : ratis.log_appender.b41166ab-bd26-4895-adb6-dd063c55eea5@group-4F0597F0C60C
2020-12-15 13:59:20,323 [Listener at 127.0.0.1/35149] INFO  metrics.RatisMetrics (RatisMetrics.java:unregister(43)) - Unregistering Metrics Registry : ratis.server.b41166ab-bd26-4895-adb6-dd063c55eea5@group-4F0597F0C60C
2020-12-15 13:59:20,325 [b41166ab-bd26-4895-adb6-dd063c55eea5@group-4F0597F0C60C-StateMachineUpdater] INFO  ratis.ContainerStateMachine (ContainerStateMachine.java:takeSnapshot(293)) - group-4F0597F0C60C: Taking a snapshot at:(t:1, i:0) file /github/workspace/mnt/ozone/hadoop-ozone/integration-test/target/test-dir/MiniOzoneClusterImpl-933616a4-3ca4-434e-83a8-17d3c89ffd28/datanode-3/data/ratis/24afae04-ca8c-4257-8753-4f0597f0c60c/sm/snapshot.1_0
2020-12-15 13:59:20,326 [Listener at 127.0.0.1/35149] INFO  impl.StateMachineUpdater (StateMachineUpdater.java:stopAndJoin(147)) - b41166ab-bd26-4895-adb6-dd063c55eea5@group-4F0597F0C60C-StateMachineUpdater: set stopIndex = 0
2020-12-15 13:59:20,327 [b41166ab-bd26-4895-adb6-dd063c55eea5@group-4F0597F0C60C-StateMachineUpdater] INFO  ratis.ContainerStateMachine (ContainerStateMachine.java:takeSnapshot(304)) - group-4F0597F0C60C: Finished taking a snapshot at:(t:1, i:0) file:/github/workspace/mnt/ozone/hadoop-ozone/integration-test/target/test-dir/MiniOzoneClusterImpl-933616a4-3ca4-434e-83a8-17d3c89ffd28/datanode-3/data/ratis/24afae04-ca8c-4257-8753-4f0597f0c60c/sm/snapshot.1_0 time:1
2020-12-15 13:59:20,327 [b41166ab-bd26-4895-adb6-dd063c55eea5@group-4F0597F0C60C-StateMachineUpdater] INFO  impl.StateMachineUpdater (StateMachineUpdater.java:takeSnapshot(278)) - b41166ab-bd26-4895-adb6-dd063c55eea5@group-4F0597F0C60C-StateMachineUpdater: Took a snapshot at index 0
2020-12-15 13:59:20,327 [b41166ab-bd26-4895-adb6-dd063c55eea5@group-4F0597F0C60C-StateMachineUpdater] INFO  impl.StateMachineUpdater (StateMachineUpdater.java:lambda$new$0(87)) - b41166ab-bd26-4895-adb6-dd063c55eea5@group-4F0597F0C60C-StateMachineUpdater: snapshotIndex: updateIncreasingly -1 -> 0
2020-12-15 13:59:20,327 [b41166ab-bd26-4895-adb6-dd063c55eea5@group-4F0597F0C60C-StateMachineUpdater] INFO  metrics.RatisMetrics (RatisMetrics.java:unregister(43)) - Unregistering Metrics Registry : ratis.state_machine.b41166ab-bd26-4895-adb6-dd063c55eea5@group-4F0597F0C60C
2020-12-15 13:59:20,327 [Listener at 127.0.0.1/35149] INFO  impl.RaftServerImpl (ServerState.java:close(406)) - b41166ab-bd26-4895-adb6-dd063c55eea5@group-4F0597F0C60C: closes. applyIndex: 0
2020-12-15 13:59:20,328 [b41166ab-bd26-4895-adb6-dd063c55eea5@group-4F0597F0C60C-SegmentedRaftLogWorker] INFO  segmented.SegmentedRaftLogWorker (SegmentedRaftLogWorker.java:run(329)) - b41166ab-bd26-4895-adb6-dd063c55eea5@group-4F0597F0C60C-SegmentedRaftLogWorker was interrupted, exiting. There are 0 tasks remaining in the queue.
2020-12-15 13:59:20,328 [Listener at 127.0.0.1/35149] INFO  segmented.SegmentedRaftLogWorker (SegmentedRaftLogWorker.java:close(235)) - b41166ab-bd26-4895-adb6-dd063c55eea5@group-4F0597F0C60C-SegmentedRaftLogWorker close()
2020-12-15 13:59:20,328 [Listener at 127.0.0.1/35149] INFO  metrics.RatisMetrics (RatisMetrics.java:unregister(43)) - Unregistering Metrics Registry : ratis.log_worker.b41166ab-bd26-4895-adb6-dd063c55eea5@group-4F0597F0C60C
2020-12-15 13:59:20,328 [Listener at 127.0.0.1/35149] INFO  metrics.RatisMetrics (RatisMetrics.java:unregister(43)) - Unregistering Metrics Registry : ratis.leader_election.b41166ab-bd26-4895-adb6-dd063c55eea5@group-4F0597F0C60C
2020-12-15 13:59:20,329 [Listener at 127.0.0.1/35149] INFO  metrics.RatisMetrics (RatisMetrics.java:unregister(43)) - Unregistering Metrics Registry : ratis.server.b41166ab-bd26-4895-adb6-dd063c55eea5@group-4F0597F0C60C
2020-12-15 13:59:20,329 [Listener at 127.0.0.1/35149] INFO  server.GrpcService (GrpcService.java:closeImpl(184)) - b41166ab-bd26-4895-adb6-dd063c55eea5: shutdown server with port 41813 now
2020-12-15 13:59:20,331 [grpc-default-executor-5] WARN  client.GrpcClientProtocolService (LogUtils.java:warn(122)) - 1-UnorderedRequestStreamObserver1: onError: org.apache.ratis.thirdparty.io.grpc.StatusRuntimeException: CANCELLED: cancelled before receiving half close
2020-12-15 13:59:20,336 [Listener at 127.0.0.1/35149] INFO  server.GrpcService (GrpcService.java:closeImpl(193)) - b41166ab-bd26-4895-adb6-dd063c55eea5: shutdown server with port 41813 successfully
2020-12-15 13:59:20,337 [Listener at 127.0.0.1/35149] INFO  utils.BackgroundService (BackgroundService.java:shutdown(132)) - Shutting down service BlockDeletingService
2020-12-15 13:59:20,340 [Listener at 127.0.0.1/35149] INFO  statemachine.DatanodeStateMachine (DatanodeStateMachine.java:stopDaemon(461)) - Ozone container server stopped.
2020-12-15 13:59:20,348 [Listener at 127.0.0.1/35149] INFO  handler.ContextHandler (ContextHandler.java:doStop(1154)) - Stopped o.e.j.w.WebAppContext@601bbbb6{hddsDatanode,/,null,STOPPED}{jar:file:/home/user/.m2/repository/org/apache/hadoop/hadoop-hdds-container-service/1.1.0-SNAPSHOT/hadoop-hdds-container-service-1.1.0-SNAPSHOT.jar!/webapps/hddsDatanode}
2020-12-15 13:59:20,349 [Listener at 127.0.0.1/35149] INFO  server.AbstractConnector (AbstractConnector.java:doStop(381)) - Stopped ServerConnector@945b2f{HTTP/1.1, (http/1.1)}{0.0.0.0:0}
2020-12-15 13:59:20,349 [Listener at 127.0.0.1/35149] INFO  server.session (HouseKeeper.java:stopScavenging(149)) - node0 Stopped scavenging
2020-12-15 13:59:20,349 [Listener at 127.0.0.1/35149] INFO  handler.ContextHandler (ContextHandler.java:doStop(1154)) - Stopped o.e.j.s.ServletContextHandler@8d27060{static,/static,jar:file:/home/user/.m2/repository/org/apache/hadoop/hadoop-hdds-container-service/1.1.0-SNAPSHOT/hadoop-hdds-container-service-1.1.0-SNAPSHOT.jar!/webapps/static,STOPPED}
2020-12-15 13:59:20,350 [Listener at 127.0.0.1/35149] INFO  handler.ContextHandler (ContextHandler.java:doStop(1154)) - Stopped o.e.j.s.ServletContextHandler@1be66706{logs,/logs,file:///github/workspace/mnt/ozone/hadoop-ozone/integration-test/target/log,STOPPED}
2020-12-15 13:59:20,555 [ReplicationMonitor] INFO  container.ReplicationManager (ReplicationManager.java:run(250)) - Replication Monitor Thread took 1 milliseconds for processing 4 containers.
2020-12-15 13:59:20,656 [Datanode State Machine Thread - 0] INFO  statemachine.DatanodeStateMachine (DatanodeStateMachine.java:lambda$startDaemon$0(408)) - Ozone container server started.
2020-12-15 13:59:20,931 [Datanode State Machine Thread - 0] INFO  statemachine.DatanodeStateMachine (DatanodeStateMachine.java:lambda$startDaemon$0(408)) - Ozone container server started.
2020-12-15 13:59:21,035 [EventQueue-StaleNodeForStaleNodeHandler] INFO  node.StaleNodeHandler (StaleNodeHandler.java:onMessage(58)) - Datanode b41166ab-bd26-4895-adb6-dd063c55eea5{ip: 172.17.0.2, host: b0da2dc6b281, networkLocation: /default-rack, certSerialId: null, persistedOpState: IN_SERVICE, persistedOpStateExpiryEpochSec: 0} moved to stale state. Finalizing its pipelines [PipelineID=05b9cbdf-45af-4197-b0f5-64c342b71feb, PipelineID=24afae04-ca8c-4257-8753-4f0597f0c60c]
2020-12-15 13:59:21,035 [EventQueue-StaleNodeForStaleNodeHandler] INFO  pipeline.SCMPipelineManager (SCMPipelineManager.java:finalizeAndDestroyPipeline(482)) - Destroying pipeline:Pipeline[ Id: 05b9cbdf-45af-4197-b0f5-64c342b71feb, Nodes: c106af50-bceb-418e-be22-e2669d442084{ip: 172.17.0.2, host: b0da2dc6b281, networkLocation: /default-rack, certSerialId: null, persistedOpState: IN_SERVICE, persistedOpStateExpiryEpochSec: 0}b41166ab-bd26-4895-adb6-dd063c55eea5{ip: 172.17.0.2, host: b0da2dc6b281, networkLocation: /default-rack, certSerialId: null, persistedOpState: IN_SERVICE, persistedOpStateExpiryEpochSec: 0}d8013a59-5613-4576-849f-406a4abab1ed{ip: 172.17.0.2, host: b0da2dc6b281, networkLocation: /default-rack, certSerialId: null, persistedOpState: IN_SERVICE, persistedOpStateExpiryEpochSec: 0}, Type:RATIS, Factor:THREE, State:OPEN, leaderId:b41166ab-bd26-4895-adb6-dd063c55eea5, CreationTimestamp2020-12-15T13:58:53.401Z]
2020-12-15 13:59:21,035 [EventQueue-StaleNodeForStaleNodeHandler] INFO  pipeline.PipelineStateManager (PipelineStateManager.java:finalizePipeline(121)) - Pipeline Pipeline[ Id: 05b9cbdf-45af-4197-b0f5-64c342b71feb, Nodes: c106af50-bceb-418e-be22-e2669d442084{ip: 172.17.0.2, host: b0da2dc6b281, networkLocation: /default-rack, certSerialId: null, persistedOpState: IN_SERVICE, persistedOpStateExpiryEpochSec: 0}b41166ab-bd26-4895-adb6-dd063c55eea5{ip: 172.17.0.2, host: b0da2dc6b281, networkLocation: /default-rack, certSerialId: null, persistedOpState: IN_SERVICE, persistedOpStateExpiryEpochSec: 0}d8013a59-5613-4576-849f-406a4abab1ed{ip: 172.17.0.2, host: b0da2dc6b281, networkLocation: /default-rack, certSerialId: null, persistedOpState: IN_SERVICE, persistedOpStateExpiryEpochSec: 0}, Type:RATIS, Factor:THREE, State:CLOSED, leaderId:b41166ab-bd26-4895-adb6-dd063c55eea5, CreationTimestamp2020-12-15T13:58:53.401Z] moved to CLOSED state
2020-12-15 13:59:21,035 [EventQueue-CloseContainerForCloseContainerEventHandler] INFO  container.CloseContainerEventHandler (CloseContainerEventHandler.java:onMessage(61)) - Close container Event triggered for container : #3
2020-12-15 13:59:21,035 [EventQueue-StaleNodeForStaleNodeHandler] INFO  pipeline.SCMPipelineManager (SCMPipelineManager.java:finalizeAndDestroyPipeline(482)) - Destroying pipeline:Pipeline[ Id: 24afae04-ca8c-4257-8753-4f0597f0c60c, Nodes: b41166ab-bd26-4895-adb6-dd063c55eea5{ip: 172.17.0.2, host: b0da2dc6b281, networkLocation: /default-rack, certSerialId: null, persistedOpState: IN_SERVICE, persistedOpStateExpiryEpochSec: 0}, Type:RATIS, Factor:ONE, State:OPEN, leaderId:b41166ab-bd26-4895-adb6-dd063c55eea5, CreationTimestamp2020-12-15T13:58:52.988Z]
2020-12-15 13:59:21,036 [EventQueue-StaleNodeForStaleNodeHandler] INFO  pipeline.PipelineStateManager (PipelineStateManager.java:finalizePipeline(121)) - Pipeline Pipeline[ Id: 24afae04-ca8c-4257-8753-4f0597f0c60c, Nodes: b41166ab-bd26-4895-adb6-dd063c55eea5{ip: 172.17.0.2, host: b0da2dc6b281, networkLocation: /default-rack, certSerialId: null, persistedOpState: IN_SERVICE, persistedOpStateExpiryEpochSec: 0}, Type:RATIS, Factor:ONE, State:CLOSED, leaderId:b41166ab-bd26-4895-adb6-dd063c55eea5, CreationTimestamp2020-12-15T13:58:52.988Z] moved to CLOSED state
2020-12-15 13:59:21,038 [EventQueue-CloseContainerForCloseContainerEventHandler] INFO  container.CloseContainerEventHandler (CloseContainerEventHandler.java:onMessage(61)) - Close container Event triggered for container : #4
2020-12-15 13:59:21,044 [ForkJoinPool.commonPool-worker-1] INFO  ozoneimpl.OzoneContainer (OzoneContainer.java:stop(257)) - Attempting to stop container services.
2020-12-15 13:59:21,044 [ForkJoinPool.commonPool-worker-1] INFO  impl.RaftServerProxy (RaftServerProxy.java:lambda$close$4(338)) - 5928c4bb-8a64-400c-b032-ccd85110c165: close
2020-12-15 13:59:21,044 [ForkJoinPool.commonPool-worker-1] INFO  impl.RaftServerImpl (RaftServerImpl.java:lambda$shutdown$3(328)) - 5928c4bb-8a64-400c-b032-ccd85110c165@group-1DD43D2FAAF8: shutdown
2020-12-15 13:59:21,045 [ForkJoinPool.commonPool-worker-1] INFO  util.JmxRegister (JmxRegister.java:unregister(73)) - Successfully un-registered JMX Bean with object name Ratis:service=RaftServer,group=group-1DD43D2FAAF8,id=5928c4bb-8a64-400c-b032-ccd85110c165
2020-12-15 13:59:21,045 [ForkJoinPool.commonPool-worker-1] INFO  impl.RoleInfo (RoleInfo.java:shutdownLeaderState(104)) - 5928c4bb-8a64-400c-b032-ccd85110c165: shutdown 5928c4bb-8a64-400c-b032-ccd85110c165@group-1DD43D2FAAF8-LeaderState
2020-12-15 13:59:21,045 [ForkJoinPool.commonPool-worker-1] INFO  impl.PendingRequests (PendingRequests.java:sendNotLeaderResponses(250)) - 5928c4bb-8a64-400c-b032-ccd85110c165@group-1DD43D2FAAF8-PendingRequests: sendNotLeaderResponses
2020-12-15 13:59:21,045 [ForkJoinPool.commonPool-worker-1] INFO  metrics.RatisMetrics (RatisMetrics.java:unregister(43)) - Unregistering Metrics Registry : ratis.log_appender.5928c4bb-8a64-400c-b032-ccd85110c165@group-1DD43D2FAAF8
2020-12-15 13:59:21,045 [ForkJoinPool.commonPool-worker-1] INFO  metrics.RatisMetrics (RatisMetrics.java:unregister(43)) - Unregistering Metrics Registry : ratis.server.5928c4bb-8a64-400c-b032-ccd85110c165@group-1DD43D2FAAF8
2020-12-15 13:59:21,046 [ForkJoinPool.commonPool-worker-1] INFO  impl.StateMachineUpdater (StateMachineUpdater.java:stopAndJoin(147)) - 5928c4bb-8a64-400c-b032-ccd85110c165@group-1DD43D2FAAF8-StateMachineUpdater: set stopIndex = 0
2020-12-15 13:59:21,046 [5928c4bb-8a64-400c-b032-ccd85110c165@group-1DD43D2FAAF8-StateMachineUpdater] INFO  ratis.ContainerStateMachine (ContainerStateMachine.java:takeSnapshot(293)) - group-1DD43D2FAAF8: Taking a snapshot at:(t:1, i:0) file /github/workspace/mnt/ozone/hadoop-ozone/integration-test/target/test-dir/MiniOzoneClusterImpl-933616a4-3ca4-434e-83a8-17d3c89ffd28/datanode-0/data/ratis/6a023ab8-2bcb-48ec-a7dd-1dd43d2faaf8/sm/snapshot.1_0
2020-12-15 13:59:21,047 [5928c4bb-8a64-400c-b032-ccd85110c165@group-1DD43D2FAAF8-StateMachineUpdater] INFO  ratis.ContainerStateMachine (ContainerStateMachine.java:takeSnapshot(304)) - group-1DD43D2FAAF8: Finished taking a snapshot at:(t:1, i:0) file:/github/workspace/mnt/ozone/hadoop-ozone/integration-test/target/test-dir/MiniOzoneClusterImpl-933616a4-3ca4-434e-83a8-17d3c89ffd28/datanode-0/data/ratis/6a023ab8-2bcb-48ec-a7dd-1dd43d2faaf8/sm/snapshot.1_0 time:1
2020-12-15 13:59:21,047 [5928c4bb-8a64-400c-b032-ccd85110c165@group-1DD43D2FAAF8-StateMachineUpdater] INFO  impl.StateMachineUpdater (StateMachineUpdater.java:takeSnapshot(278)) - 5928c4bb-8a64-400c-b032-ccd85110c165@group-1DD43D2FAAF8-StateMachineUpdater: Took a snapshot at index 0
2020-12-15 13:59:21,047 [5928c4bb-8a64-400c-b032-ccd85110c165@group-1DD43D2FAAF8-StateMachineUpdater] INFO  impl.StateMachineUpdater (StateMachineUpdater.java:lambda$new$0(87)) - 5928c4bb-8a64-400c-b032-ccd85110c165@group-1DD43D2FAAF8-StateMachineUpdater: snapshotIndex: updateIncreasingly -1 -> 0
2020-12-15 13:59:21,047 [5928c4bb-8a64-400c-b032-ccd85110c165@group-1DD43D2FAAF8-StateMachineUpdater] INFO  metrics.RatisMetrics (RatisMetrics.java:unregister(43)) - Unregistering Metrics Registry : ratis.state_machine.5928c4bb-8a64-400c-b032-ccd85110c165@group-1DD43D2FAAF8
2020-12-15 13:59:21,048 [ForkJoinPool.commonPool-worker-1] INFO  impl.RaftServerImpl (ServerState.java:close(406)) - 5928c4bb-8a64-400c-b032-ccd85110c165@group-1DD43D2FAAF8: closes. applyIndex: 0
2020-12-15 13:59:21,048 [5928c4bb-8a64-400c-b032-ccd85110c165@group-1DD43D2FAAF8-SegmentedRaftLogWorker] INFO  segmented.SegmentedRaftLogWorker (SegmentedRaftLogWorker.java:run(329)) - 5928c4bb-8a64-400c-b032-ccd85110c165@group-1DD43D2FAAF8-SegmentedRaftLogWorker was interrupted, exiting. There are 0 tasks remaining in the queue.
2020-12-15 13:59:21,048 [ForkJoinPool.commonPool-worker-1] INFO  segmented.SegmentedRaftLogWorker (SegmentedRaftLogWorker.java:close(235)) - 5928c4bb-8a64-400c-b032-ccd85110c165@group-1DD43D2FAAF8-SegmentedRaftLogWorker close()
2020-12-15 13:59:21,049 [ForkJoinPool.commonPool-worker-1] INFO  metrics.RatisMetrics (RatisMetrics.java:unregister(43)) - Unregistering Metrics Registry : ratis.log_worker.5928c4bb-8a64-400c-b032-ccd85110c165@group-1DD43D2FAAF8
2020-12-15 13:59:21,049 [ForkJoinPool.commonPool-worker-1] INFO  metrics.RatisMetrics (RatisMetrics.java:unregister(43)) - Unregistering Metrics Registry : ratis.leader_election.5928c4bb-8a64-400c-b032-ccd85110c165@group-1DD43D2FAAF8
2020-12-15 13:59:21,049 [ForkJoinPool.commonPool-worker-1] INFO  metrics.RatisMetrics (RatisMetrics.java:unregister(43)) - Unregistering Metrics Registry : ratis.server.5928c4bb-8a64-400c-b032-ccd85110c165@group-1DD43D2FAAF8
2020-12-15 13:59:21,049 [ForkJoinPool.commonPool-worker-1] INFO  server.GrpcService (GrpcService.java:closeImpl(184)) - 5928c4bb-8a64-400c-b032-ccd85110c165: shutdown server with port 39247 now
2020-12-15 13:59:21,051 [grpc-default-executor-5] WARN  client.GrpcClientProtocolService (LogUtils.java:warn(122)) - 1-UnorderedRequestStreamObserver1: onError: org.apache.ratis.thirdparty.io.grpc.StatusRuntimeException: CANCELLED: cancelled before receiving half close
2020-12-15 13:59:21,053 [ForkJoinPool.commonPool-worker-1] INFO  server.GrpcService (GrpcService.java:closeImpl(193)) - 5928c4bb-8a64-400c-b032-ccd85110c165: shutdown server with port 39247 successfully
2020-12-15 13:59:21,054 [ForkJoinPool.commonPool-worker-1] INFO  utils.BackgroundService (BackgroundService.java:shutdown(132)) - Shutting down service BlockDeletingService
2020-12-15 13:59:21,057 [ForkJoinPool.commonPool-worker-1] INFO  statemachine.DatanodeStateMachine (DatanodeStateMachine.java:stopDaemon(461)) - Ozone container server stopped.
2020-12-15 13:59:21,067 [ForkJoinPool.commonPool-worker-1] INFO  handler.ContextHandler (ContextHandler.java:doStop(1154)) - Stopped o.e.j.w.WebAppContext@248f1090{hddsDatanode,/,null,STOPPED}{jar:file:/home/user/.m2/repository/org/apache/hadoop/hadoop-hdds-container-service/1.1.0-SNAPSHOT/hadoop-hdds-container-service-1.1.0-SNAPSHOT.jar!/webapps/hddsDatanode}
2020-12-15 13:59:21,068 [ForkJoinPool.commonPool-worker-1] INFO  server.AbstractConnector (AbstractConnector.java:doStop(381)) - Stopped ServerConnector@3cab5869{HTTP/1.1, (http/1.1)}{0.0.0.0:0}
2020-12-15 13:59:21,068 [ForkJoinPool.commonPool-worker-1] INFO  server.session (HouseKeeper.java:stopScavenging(149)) - node0 Stopped scavenging
2020-12-15 13:59:21,070 [ForkJoinPool.commonPool-worker-1] INFO  handler.ContextHandler (ContextHandler.java:doStop(1154)) - Stopped o.e.j.s.ServletContextHandler@3be76b8d{static,/static,jar:file:/home/user/.m2/repository/org/apache/hadoop/hadoop-hdds-container-service/1.1.0-SNAPSHOT/hadoop-hdds-container-service-1.1.0-SNAPSHOT.jar!/webapps/static,STOPPED}
2020-12-15 13:59:21,070 [ForkJoinPool.commonPool-worker-1] INFO  handler.ContextHandler (ContextHandler.java:doStop(1154)) - Stopped o.e.j.s.ServletContextHandler@1bd051c4{logs,/logs,file:///github/workspace/mnt/ozone/hadoop-ozone/integration-test/target/log,STOPPED}
2020-12-15 13:59:21,071 [Listener at 127.0.0.1/35149] INFO  ozoneimpl.OzoneContainer (OzoneContainer.java:stop(257)) - Attempting to stop container services.
2020-12-15 13:59:21,071 [Listener at 127.0.0.1/35149] INFO  impl.RaftServerProxy (RaftServerProxy.java:lambda$close$4(338)) - d8013a59-5613-4576-849f-406a4abab1ed: close
2020-12-15 13:59:21,071 [Listener at 127.0.0.1/35149] INFO  impl.RaftServerImpl (RaftServerImpl.java:lambda$shutdown$3(328)) - d8013a59-5613-4576-849f-406a4abab1ed@group-64C342B71FEB: shutdown
2020-12-15 13:59:21,072 [Listener at 127.0.0.1/35149] INFO  util.JmxRegister (JmxRegister.java:unregister(73)) - Successfully un-registered JMX Bean with object name Ratis:service=RaftServer,group=group-64C342B71FEB,id=d8013a59-5613-4576-849f-406a4abab1ed
2020-12-15 13:59:21,072 [Listener at 127.0.0.1/35149] INFO  impl.RoleInfo (RoleInfo.java:shutdownFollowerState(121)) - d8013a59-5613-4576-849f-406a4abab1ed: shutdown d8013a59-5613-4576-849f-406a4abab1ed@group-64C342B71FEB-FollowerState
2020-12-15 13:59:21,072 [Thread-3323] INFO  impl.FollowerState (FollowerState.java:run(137)) - d8013a59-5613-4576-849f-406a4abab1ed@group-64C342B71FEB-FollowerState was interrupted: {}
java.lang.InterruptedException: sleep interrupted
	at java.lang.Thread.sleep(Native Method)
	at org.apache.ratis.util.JavaUtils.sleep(JavaUtils.java:250)
	at org.apache.ratis.server.impl.FollowerState.run(FollowerState.java:116)
2020-12-15 13:59:21,072 [Listener at 127.0.0.1/35149] INFO  impl.StateMachineUpdater (StateMachineUpdater.java:stopAndJoin(147)) - d8013a59-5613-4576-849f-406a4abab1ed@group-64C342B71FEB-StateMachineUpdater: set stopIndex = 39
2020-12-15 13:59:21,073 [d8013a59-5613-4576-849f-406a4abab1ed@group-64C342B71FEB-StateMachineUpdater] INFO  ratis.ContainerStateMachine (ContainerStateMachine.java:takeSnapshot(293)) - group-64C342B71FEB: Taking a snapshot at:(t:1, i:39) file /github/workspace/mnt/ozone/hadoop-ozone/integration-test/target/test-dir/MiniOzoneClusterImpl-933616a4-3ca4-434e-83a8-17d3c89ffd28/datanode-5/data/ratis/05b9cbdf-45af-4197-b0f5-64c342b71feb/sm/snapshot.1_39
2020-12-15 13:59:21,090 [d8013a59-5613-4576-849f-406a4abab1ed@group-64C342B71FEB-StateMachineUpdater] INFO  ratis.ContainerStateMachine (ContainerStateMachine.java:takeSnapshot(304)) - group-64C342B71FEB: Finished taking a snapshot at:(t:1, i:39) file:/github/workspace/mnt/ozone/hadoop-ozone/integration-test/target/test-dir/MiniOzoneClusterImpl-933616a4-3ca4-434e-83a8-17d3c89ffd28/datanode-5/data/ratis/05b9cbdf-45af-4197-b0f5-64c342b71feb/sm/snapshot.1_39 time:17
2020-12-15 13:59:21,090 [d8013a59-5613-4576-849f-406a4abab1ed@group-64C342B71FEB-StateMachineUpdater] INFO  impl.StateMachineUpdater (StateMachineUpdater.java:takeSnapshot(278)) - d8013a59-5613-4576-849f-406a4abab1ed@group-64C342B71FEB-StateMachineUpdater: Took a snapshot at index 39
2020-12-15 13:59:21,090 [d8013a59-5613-4576-849f-406a4abab1ed@group-64C342B71FEB-StateMachineUpdater] INFO  impl.StateMachineUpdater (StateMachineUpdater.java:lambda$new$0(87)) - d8013a59-5613-4576-849f-406a4abab1ed@group-64C342B71FEB-StateMachineUpdater: snapshotIndex: updateIncreasingly -1 -> 39
2020-12-15 13:59:21,090 [d8013a59-5613-4576-849f-406a4abab1ed@group-64C342B71FEB-StateMachineUpdater] INFO  metrics.RatisMetrics (RatisMetrics.java:unregister(43)) - Unregistering Metrics Registry : ratis.state_machine.d8013a59-5613-4576-849f-406a4abab1ed@group-64C342B71FEB
2020-12-15 13:59:21,090 [Listener at 127.0.0.1/35149] INFO  impl.RaftServerImpl (ServerState.java:close(406)) - d8013a59-5613-4576-849f-406a4abab1ed@group-64C342B71FEB: closes. applyIndex: 39
2020-12-15 13:59:21,091 [d8013a59-5613-4576-849f-406a4abab1ed@group-64C342B71FEB-SegmentedRaftLogWorker] INFO  segmented.SegmentedRaftLogWorker (SegmentedRaftLogWorker.java:run(329)) - d8013a59-5613-4576-849f-406a4abab1ed@group-64C342B71FEB-SegmentedRaftLogWorker was interrupted, exiting. There are 0 tasks remaining in the queue.
2020-12-15 13:59:21,091 [Listener at 127.0.0.1/35149] INFO  segmented.SegmentedRaftLogWorker (SegmentedRaftLogWorker.java:close(235)) - d8013a59-5613-4576-849f-406a4abab1ed@group-64C342B71FEB-SegmentedRaftLogWorker close()
2020-12-15 13:59:21,091 [Listener at 127.0.0.1/35149] INFO  metrics.RatisMetrics (RatisMetrics.java:unregister(43)) - Unregistering Metrics Registry : ratis.log_worker.d8013a59-5613-4576-849f-406a4abab1ed@group-64C342B71FEB
2020-12-15 13:59:21,091 [Listener at 127.0.0.1/35149] INFO  metrics.RatisMetrics (RatisMetrics.java:unregister(43)) - Unregistering Metrics Registry : ratis.leader_election.d8013a59-5613-4576-849f-406a4abab1ed@group-64C342B71FEB
2020-12-15 13:59:21,092 [Listener at 127.0.0.1/35149] INFO  metrics.RatisMetrics (RatisMetrics.java:unregister(43)) - Unregistering Metrics Registry : ratis.server.d8013a59-5613-4576-849f-406a4abab1ed@group-64C342B71FEB
2020-12-15 13:59:21,092 [Listener at 127.0.0.1/35149] INFO  impl.RaftServerImpl (RaftServerImpl.java:lambda$shutdown$3(328)) - d8013a59-5613-4576-849f-406a4abab1ed@group-FAFA4E493F0A: shutdown
2020-12-15 13:59:21,092 [Listener at 127.0.0.1/35149] INFO  util.JmxRegister (JmxRegister.java:unregister(73)) - Successfully un-registered JMX Bean with object name Ratis:service=RaftServer,group=group-FAFA4E493F0A,id=d8013a59-5613-4576-849f-406a4abab1ed
2020-12-15 13:59:21,092 [Listener at 127.0.0.1/35149] INFO  impl.RoleInfo (RoleInfo.java:shutdownLeaderState(104)) - d8013a59-5613-4576-849f-406a4abab1ed: shutdown d8013a59-5613-4576-849f-406a4abab1ed@group-FAFA4E493F0A-LeaderState
2020-12-15 13:59:21,092 [Listener at 127.0.0.1/35149] INFO  impl.PendingRequests (PendingRequests.java:sendNotLeaderResponses(250)) - d8013a59-5613-4576-849f-406a4abab1ed@group-FAFA4E493F0A-PendingRequests: sendNotLeaderResponses
2020-12-15 13:59:21,092 [Listener at 127.0.0.1/35149] INFO  metrics.RatisMetrics (RatisMetrics.java:unregister(43)) - Unregistering Metrics Registry : ratis.log_appender.d8013a59-5613-4576-849f-406a4abab1ed@group-FAFA4E493F0A
2020-12-15 13:59:21,093 [Listener at 127.0.0.1/35149] INFO  metrics.RatisMetrics (RatisMetrics.java:unregister(43)) - Unregistering Metrics Registry : ratis.server.d8013a59-5613-4576-849f-406a4abab1ed@group-FAFA4E493F0A
2020-12-15 13:59:21,094 [Listener at 127.0.0.1/35149] INFO  impl.StateMachineUpdater (StateMachineUpdater.java:stopAndJoin(147)) - d8013a59-5613-4576-849f-406a4abab1ed@group-FAFA4E493F0A-StateMachineUpdater: set stopIndex = 0
2020-12-15 13:59:21,094 [d8013a59-5613-4576-849f-406a4abab1ed@group-FAFA4E493F0A-StateMachineUpdater] INFO  ratis.ContainerStateMachine (ContainerStateMachine.java:takeSnapshot(293)) - group-FAFA4E493F0A: Taking a snapshot at:(t:1, i:0) file /github/workspace/mnt/ozone/hadoop-ozone/integration-test/target/test-dir/MiniOzoneClusterImpl-933616a4-3ca4-434e-83a8-17d3c89ffd28/datanode-5/data/ratis/9c5ab2c2-9dca-419d-bdf0-fafa4e493f0a/sm/snapshot.1_0
2020-12-15 13:59:21,095 [d8013a59-5613-4576-849f-406a4abab1ed@group-FAFA4E493F0A-StateMachineUpdater] INFO  ratis.ContainerStateMachine (ContainerStateMachine.java:takeSnapshot(304)) - group-FAFA4E493F0A: Finished taking a snapshot at:(t:1, i:0) file:/github/workspace/mnt/ozone/hadoop-ozone/integration-test/target/test-dir/MiniOzoneClusterImpl-933616a4-3ca4-434e-83a8-17d3c89ffd28/datanode-5/data/ratis/9c5ab2c2-9dca-419d-bdf0-fafa4e493f0a/sm/snapshot.1_0 time:1
2020-12-15 13:59:21,095 [d8013a59-5613-4576-849f-406a4abab1ed@group-FAFA4E493F0A-StateMachineUpdater] INFO  impl.StateMachineUpdater (StateMachineUpdater.java:takeSnapshot(278)) - d8013a59-5613-4576-849f-406a4abab1ed@group-FAFA4E493F0A-StateMachineUpdater: Took a snapshot at index 0
2020-12-15 13:59:21,095 [d8013a59-5613-4576-849f-406a4abab1ed@group-FAFA4E493F0A-StateMachineUpdater] INFO  impl.StateMachineUpdater (StateMachineUpdater.java:lambda$new$0(87)) - d8013a59-5613-4576-849f-406a4abab1ed@group-FAFA4E493F0A-StateMachineUpdater: snapshotIndex: updateIncreasingly -1 -> 0
2020-12-15 13:59:21,095 [d8013a59-5613-4576-849f-406a4abab1ed@group-FAFA4E493F0A-StateMachineUpdater] INFO  metrics.RatisMetrics (RatisMetrics.java:unregister(43)) - Unregistering Metrics Registry : ratis.state_machine.d8013a59-5613-4576-849f-406a4abab1ed@group-FAFA4E493F0A
2020-12-15 13:59:21,096 [Listener at 127.0.0.1/35149] INFO  impl.RaftServerImpl (ServerState.java:close(406)) - d8013a59-5613-4576-849f-406a4abab1ed@group-FAFA4E493F0A: closes. applyIndex: 0
2020-12-15 13:59:21,096 [d8013a59-5613-4576-849f-406a4abab1ed@group-FAFA4E493F0A-SegmentedRaftLogWorker] INFO  segmented.SegmentedRaftLogWorker (SegmentedRaftLogWorker.java:run(329)) - d8013a59-5613-4576-849f-406a4abab1ed@group-FAFA4E493F0A-SegmentedRaftLogWorker was interrupted, exiting. There are 0 tasks remaining in the queue.
2020-12-15 13:59:21,096 [Listener at 127.0.0.1/35149] INFO  segmented.SegmentedRaftLogWorker (SegmentedRaftLogWorker.java:close(235)) - d8013a59-5613-4576-849f-406a4abab1ed@group-FAFA4E493F0A-SegmentedRaftLogWorker close()
2020-12-15 13:59:21,097 [Listener at 127.0.0.1/35149] INFO  metrics.RatisMetrics (RatisMetrics.java:unregister(43)) - Unregistering Metrics Registry : ratis.log_worker.d8013a59-5613-4576-849f-406a4abab1ed@group-FAFA4E493F0A
2020-12-15 13:59:21,097 [Listener at 127.0.0.1/35149] INFO  metrics.RatisMetrics (RatisMetrics.java:unregister(43)) - Unregistering Metrics Registry : ratis.leader_election.d8013a59-5613-4576-849f-406a4abab1ed@group-FAFA4E493F0A
2020-12-15 13:59:21,097 [Listener at 127.0.0.1/35149] INFO  metrics.RatisMetrics (RatisMetrics.java:unregister(43)) - Unregistering Metrics Registry : ratis.server.d8013a59-5613-4576-849f-406a4abab1ed@group-FAFA4E493F0A
2020-12-15 13:59:21,097 [Listener at 127.0.0.1/35149] INFO  server.GrpcService (GrpcService.java:closeImpl(184)) - d8013a59-5613-4576-849f-406a4abab1ed: shutdown server with port 40939 now
2020-12-15 13:59:21,101 [Listener at 127.0.0.1/35149] INFO  server.GrpcService (GrpcService.java:closeImpl(193)) - d8013a59-5613-4576-849f-406a4abab1ed: shutdown server with port 40939 successfully
2020-12-15 13:59:21,102 [Listener at 127.0.0.1/35149] INFO  utils.BackgroundService (BackgroundService.java:shutdown(132)) - Shutting down service BlockDeletingService
2020-12-15 13:59:21,103 [Listener at 127.0.0.1/35149] INFO  statemachine.DatanodeStateMachine (DatanodeStateMachine.java:stopDaemon(461)) - Ozone container server stopped.
2020-12-15 13:59:21,114 [Listener at 127.0.0.1/35149] INFO  handler.ContextHandler (ContextHandler.java:doStop(1154)) - Stopped o.e.j.w.WebAppContext@555cc0ba{hddsDatanode,/,null,STOPPED}{jar:file:/home/user/.m2/repository/org/apache/hadoop/hadoop-hdds-container-service/1.1.0-SNAPSHOT/hadoop-hdds-container-service-1.1.0-SNAPSHOT.jar!/webapps/hddsDatanode}
2020-12-15 13:59:21,117 [Listener at 127.0.0.1/35149] INFO  server.AbstractConnector (AbstractConnector.java:doStop(381)) - Stopped ServerConnector@7ee0a60a{HTTP/1.1, (http/1.1)}{0.0.0.0:0}
2020-12-15 13:59:21,117 [Listener at 127.0.0.1/35149] INFO  server.session (HouseKeeper.java:stopScavenging(149)) - node0 Stopped scavenging
2020-12-15 13:59:21,117 [Listener at 127.0.0.1/35149] INFO  handler.ContextHandler (ContextHandler.java:doStop(1154)) - Stopped o.e.j.s.ServletContextHandler@6c00601e{static,/static,jar:file:/home/user/.m2/repository/org/apache/hadoop/hadoop-hdds-container-service/1.1.0-SNAPSHOT/hadoop-hdds-container-service-1.1.0-SNAPSHOT.jar!/webapps/static,STOPPED}
2020-12-15 13:59:21,119 [Listener at 127.0.0.1/35149] INFO  handler.ContextHandler (ContextHandler.java:doStop(1154)) - Stopped o.e.j.s.ServletContextHandler@5f566662{logs,/logs,file:///github/workspace/mnt/ozone/hadoop-ozone/integration-test/target/log,STOPPED}
2020-12-15 13:59:21,556 [ReplicationMonitor] INFO  container.ReplicationManager (ReplicationManager.java:handleOverReplicatedContainer(778)) - Container #1 is over replicated. Expected replica count is 3, but found 4.
2020-12-15 13:59:21,556 [ReplicationMonitor] INFO  container.ReplicationManager (ReplicationManager.java:sendDeleteCommand(993)) - Sending delete container command for container #1 to datanode b41166ab-bd26-4895-adb6-dd063c55eea5{ip: 172.17.0.2, host: b0da2dc6b281, networkLocation: /default-rack, certSerialId: null, persistedOpState: IN_SERVICE, persistedOpStateExpiryEpochSec: 0}
2020-12-15 13:59:21,556 [ReplicationMonitor] INFO  container.ReplicationManager (ReplicationManager.java:sendCloseCommand(948)) - Sending close container command for container #3 to datanode b41166ab-bd26-4895-adb6-dd063c55eea5{ip: 172.17.0.2, host: b0da2dc6b281, networkLocation: /default-rack, certSerialId: null, persistedOpState: IN_SERVICE, persistedOpStateExpiryEpochSec: 0}.
2020-12-15 13:59:21,556 [ReplicationMonitor] INFO  container.ReplicationManager (ReplicationManager.java:sendCloseCommand(948)) - Sending close container command for container #3 to datanode d8013a59-5613-4576-849f-406a4abab1ed{ip: 172.17.0.2, host: b0da2dc6b281, networkLocation: /default-rack, certSerialId: null, persistedOpState: IN_SERVICE, persistedOpStateExpiryEpochSec: 0}.
2020-12-15 13:59:21,556 [ReplicationMonitor] INFO  container.ReplicationManager (ReplicationManager.java:sendCloseCommand(948)) - Sending close container command for container #3 to datanode c106af50-bceb-418e-be22-e2669d442084{ip: 172.17.0.2, host: b0da2dc6b281, networkLocation: /default-rack, certSerialId: null, persistedOpState: IN_SERVICE, persistedOpStateExpiryEpochSec: 0}.
2020-12-15 13:59:21,556 [ReplicationMonitor] INFO  container.ReplicationManager (ReplicationManager.java:sendCloseCommand(948)) - Sending close container command for container #4 to datanode c106af50-bceb-418e-be22-e2669d442084{ip: 172.17.0.2, host: b0da2dc6b281, networkLocation: /default-rack, certSerialId: null, persistedOpState: IN_SERVICE, persistedOpStateExpiryEpochSec: 0}.
2020-12-15 13:59:21,556 [ReplicationMonitor] INFO  container.ReplicationManager (ReplicationManager.java:sendCloseCommand(948)) - Sending close container command for container #4 to datanode b41166ab-bd26-4895-adb6-dd063c55eea5{ip: 172.17.0.2, host: b0da2dc6b281, networkLocation: /default-rack, certSerialId: null, persistedOpState: IN_SERVICE, persistedOpStateExpiryEpochSec: 0}.
2020-12-15 13:59:21,556 [ReplicationMonitor] INFO  container.ReplicationManager (ReplicationManager.java:sendCloseCommand(948)) - Sending close container command for container #4 to datanode d8013a59-5613-4576-849f-406a4abab1ed{ip: 172.17.0.2, host: b0da2dc6b281, networkLocation: /default-rack, certSerialId: null, persistedOpState: IN_SERVICE, persistedOpStateExpiryEpochSec: 0}.
2020-12-15 13:59:21,556 [ReplicationMonitor] INFO  container.ReplicationManager (ReplicationManager.java:run(250)) - Replication Monitor Thread took 1 milliseconds for processing 4 containers.
2020-12-15 13:59:21,736 [EventQueue-StaleNodeForStaleNodeHandler] INFO  node.StaleNodeHandler (StaleNodeHandler.java:onMessage(58)) - Datanode bcedaf3e-3b45-4de1-8682-1fb59b13139d{ip: 172.17.0.2, host: b0da2dc6b281, networkLocation: /default-rack, certSerialId: null, persistedOpState: IN_SERVICE, persistedOpStateExpiryEpochSec: 0} moved to stale state. Finalizing its pipelines [PipelineID=135d3078-6d49-4e47-88bd-295cdd7e3229]
2020-12-15 13:59:21,736 [EventQueue-StaleNodeForStaleNodeHandler] INFO  pipeline.SCMPipelineManager (SCMPipelineManager.java:finalizeAndDestroyPipeline(482)) - Destroying pipeline:Pipeline[ Id: 135d3078-6d49-4e47-88bd-295cdd7e3229, Nodes: bcedaf3e-3b45-4de1-8682-1fb59b13139d{ip: 172.17.0.2, host: b0da2dc6b281, networkLocation: /default-rack, certSerialId: null, persistedOpState: IN_SERVICE, persistedOpStateExpiryEpochSec: 0}, Type:RATIS, Factor:ONE, State:OPEN, leaderId:bcedaf3e-3b45-4de1-8682-1fb59b13139d, CreationTimestamp2020-12-15T13:58:52.797Z]
2020-12-15 13:59:21,736 [EventQueue-StaleNodeForStaleNodeHandler] INFO  pipeline.PipelineStateManager (PipelineStateManager.java:finalizePipeline(121)) - Pipeline Pipeline[ Id: 135d3078-6d49-4e47-88bd-295cdd7e3229, Nodes: bcedaf3e-3b45-4de1-8682-1fb59b13139d{ip: 172.17.0.2, host: b0da2dc6b281, networkLocation: /default-rack, certSerialId: null, persistedOpState: IN_SERVICE, persistedOpStateExpiryEpochSec: 0}, Type:RATIS, Factor:ONE, State:CLOSED, leaderId:bcedaf3e-3b45-4de1-8682-1fb59b13139d, CreationTimestamp2020-12-15T13:58:52.797Z] moved to CLOSED state
2020-12-15 13:59:21,909 [Datanode State Machine Thread - 0] INFO  statemachine.DatanodeStateMachine (DatanodeStateMachine.java:lambda$startDaemon$0(408)) - Ozone container server started.
2020-12-15 13:59:22,557 [ReplicationMonitor] INFO  container.ReplicationManager (ReplicationManager.java:handleOverReplicatedContainer(778)) - Container #1 is over replicated. Expected replica count is 3, but found 4.
2020-12-15 13:59:22,557 [ReplicationMonitor] INFO  container.ReplicationManager (ReplicationManager.java:sendDeleteCommand(993)) - Sending delete container command for container #1 to datanode b41166ab-bd26-4895-adb6-dd063c55eea5{ip: 172.17.0.2, host: b0da2dc6b281, networkLocation: /default-rack, certSerialId: null, persistedOpState: IN_SERVICE, persistedOpStateExpiryEpochSec: 0}
2020-12-15 13:59:22,557 [ReplicationMonitor] INFO  container.ReplicationManager (ReplicationManager.java:sendCloseCommand(948)) - Sending close container command for container #3 to datanode b41166ab-bd26-4895-adb6-dd063c55eea5{ip: 172.17.0.2, host: b0da2dc6b281, networkLocation: /default-rack, certSerialId: null, persistedOpState: IN_SERVICE, persistedOpStateExpiryEpochSec: 0}.
2020-12-15 13:59:22,557 [ReplicationMonitor] INFO  container.ReplicationManager (ReplicationManager.java:sendCloseCommand(948)) - Sending close container command for container #3 to datanode d8013a59-5613-4576-849f-406a4abab1ed{ip: 172.17.0.2, host: b0da2dc6b281, networkLocation: /default-rack, certSerialId: null, persistedOpState: IN_SERVICE, persistedOpStateExpiryEpochSec: 0}.
2020-12-15 13:59:22,557 [ReplicationMonitor] INFO  container.ReplicationManager (ReplicationManager.java:sendCloseCommand(948)) - Sending close container command for container #3 to datanode c106af50-bceb-418e-be22-e2669d442084{ip: 172.17.0.2, host: b0da2dc6b281, networkLocation: /default-rack, certSerialId: null, persistedOpState: IN_SERVICE, persistedOpStateExpiryEpochSec: 0}.
2020-12-15 13:59:22,557 [ReplicationMonitor] INFO  container.ReplicationManager (ReplicationManager.java:sendCloseCommand(948)) - Sending close container command for container #4 to datanode c106af50-bceb-418e-be22-e2669d442084{ip: 172.17.0.2, host: b0da2dc6b281, networkLocation: /default-rack, certSerialId: null, persistedOpState: IN_SERVICE, persistedOpStateExpiryEpochSec: 0}.
2020-12-15 13:59:22,557 [ReplicationMonitor] INFO  container.ReplicationManager (ReplicationManager.java:sendCloseCommand(948)) - Sending close container command for container #4 to datanode b41166ab-bd26-4895-adb6-dd063c55eea5{ip: 172.17.0.2, host: b0da2dc6b281, networkLocation: /default-rack, certSerialId: null, persistedOpState: IN_SERVICE, persistedOpStateExpiryEpochSec: 0}.
2020-12-15 13:59:22,557 [ReplicationMonitor] INFO  container.ReplicationManager (ReplicationManager.java:sendCloseCommand(948)) - Sending close container command for container #4 to datanode d8013a59-5613-4576-849f-406a4abab1ed{ip: 172.17.0.2, host: b0da2dc6b281, networkLocation: /default-rack, certSerialId: null, persistedOpState: IN_SERVICE, persistedOpStateExpiryEpochSec: 0}.
2020-12-15 13:59:22,557 [ReplicationMonitor] INFO  container.ReplicationManager (ReplicationManager.java:run(250)) - Replication Monitor Thread took 1 milliseconds for processing 4 containers.
2020-12-15 13:59:22,690 [ForkJoinPool.commonPool-worker-1] INFO  ozoneimpl.OzoneContainer (OzoneContainer.java:stop(257)) - Attempting to stop container services.
2020-12-15 13:59:22,690 [ForkJoinPool.commonPool-worker-1] INFO  impl.RaftServerProxy (RaftServerProxy.java:lambda$close$4(338)) - c106af50-bceb-418e-be22-e2669d442084: close
2020-12-15 13:59:22,690 [ForkJoinPool.commonPool-worker-1] INFO  impl.RaftServerImpl (RaftServerImpl.java:lambda$shutdown$3(328)) - c106af50-bceb-418e-be22-e2669d442084@group-F1B182914105: shutdown
2020-12-15 13:59:22,691 [ForkJoinPool.commonPool-worker-1] INFO  util.JmxRegister (JmxRegister.java:unregister(73)) - Successfully un-registered JMX Bean with object name Ratis:service=RaftServer,group=group-F1B182914105,id=c106af50-bceb-418e-be22-e2669d442084
2020-12-15 13:59:22,691 [ForkJoinPool.commonPool-worker-1] INFO  impl.RoleInfo (RoleInfo.java:shutdownLeaderState(104)) - c106af50-bceb-418e-be22-e2669d442084: shutdown c106af50-bceb-418e-be22-e2669d442084@group-F1B182914105-LeaderState
2020-12-15 13:59:22,691 [ForkJoinPool.commonPool-worker-1] INFO  impl.PendingRequests (PendingRequests.java:sendNotLeaderResponses(250)) - c106af50-bceb-418e-be22-e2669d442084@group-F1B182914105-PendingRequests: sendNotLeaderResponses
2020-12-15 13:59:22,691 [ForkJoinPool.commonPool-worker-1] INFO  metrics.RatisMetrics (RatisMetrics.java:unregister(43)) - Unregistering Metrics Registry : ratis.log_appender.c106af50-bceb-418e-be22-e2669d442084@group-F1B182914105
2020-12-15 13:59:22,691 [ForkJoinPool.commonPool-worker-1] INFO  metrics.RatisMetrics (RatisMetrics.java:unregister(43)) - Unregistering Metrics Registry : ratis.server.c106af50-bceb-418e-be22-e2669d442084@group-F1B182914105
2020-12-15 13:59:22,692 [ForkJoinPool.commonPool-worker-1] INFO  impl.StateMachineUpdater (StateMachineUpdater.java:stopAndJoin(147)) - c106af50-bceb-418e-be22-e2669d442084@group-F1B182914105-StateMachineUpdater: set stopIndex = 0
2020-12-15 13:59:22,692 [c106af50-bceb-418e-be22-e2669d442084@group-F1B182914105-StateMachineUpdater] INFO  ratis.ContainerStateMachine (ContainerStateMachine.java:takeSnapshot(293)) - group-F1B182914105: Taking a snapshot at:(t:1, i:0) file /github/workspace/mnt/ozone/hadoop-ozone/integration-test/target/test-dir/MiniOzoneClusterImpl-933616a4-3ca4-434e-83a8-17d3c89ffd28/datanode-4/data/ratis/76944a9b-3c87-42d9-b8f4-f1b182914105/sm/snapshot.1_0
2020-12-15 13:59:22,694 [c106af50-bceb-418e-be22-e2669d442084@group-F1B182914105-StateMachineUpdater] INFO  ratis.ContainerStateMachine (ContainerStateMachine.java:takeSnapshot(304)) - group-F1B182914105: Finished taking a snapshot at:(t:1, i:0) file:/github/workspace/mnt/ozone/hadoop-ozone/integration-test/target/test-dir/MiniOzoneClusterImpl-933616a4-3ca4-434e-83a8-17d3c89ffd28/datanode-4/data/ratis/76944a9b-3c87-42d9-b8f4-f1b182914105/sm/snapshot.1_0 time:1
2020-12-15 13:59:22,694 [c106af50-bceb-418e-be22-e2669d442084@group-F1B182914105-StateMachineUpdater] INFO  impl.StateMachineUpdater (StateMachineUpdater.java:takeSnapshot(278)) - c106af50-bceb-418e-be22-e2669d442084@group-F1B182914105-StateMachineUpdater: Took a snapshot at index 0
2020-12-15 13:59:22,694 [c106af50-bceb-418e-be22-e2669d442084@group-F1B182914105-StateMachineUpdater] INFO  impl.StateMachineUpdater (StateMachineUpdater.java:lambda$new$0(87)) - c106af50-bceb-418e-be22-e2669d442084@group-F1B182914105-StateMachineUpdater: snapshotIndex: updateIncreasingly -1 -> 0
2020-12-15 13:59:22,694 [c106af50-bceb-418e-be22-e2669d442084@group-F1B182914105-StateMachineUpdater] INFO  metrics.RatisMetrics (RatisMetrics.java:unregister(43)) - Unregistering Metrics Registry : ratis.state_machine.c106af50-bceb-418e-be22-e2669d442084@group-F1B182914105
2020-12-15 13:59:22,695 [ForkJoinPool.commonPool-worker-1] INFO  impl.RaftServerImpl (ServerState.java:close(406)) - c106af50-bceb-418e-be22-e2669d442084@group-F1B182914105: closes. applyIndex: 0
2020-12-15 13:59:22,695 [c106af50-bceb-418e-be22-e2669d442084@group-F1B182914105-SegmentedRaftLogWorker] INFO  segmented.SegmentedRaftLogWorker (SegmentedRaftLogWorker.java:run(329)) - c106af50-bceb-418e-be22-e2669d442084@group-F1B182914105-SegmentedRaftLogWorker was interrupted, exiting. There are 0 tasks remaining in the queue.
2020-12-15 13:59:22,695 [ForkJoinPool.commonPool-worker-1] INFO  segmented.SegmentedRaftLogWorker (SegmentedRaftLogWorker.java:close(235)) - c106af50-bceb-418e-be22-e2669d442084@group-F1B182914105-SegmentedRaftLogWorker close()
2020-12-15 13:59:22,695 [ForkJoinPool.commonPool-worker-1] INFO  metrics.RatisMetrics (RatisMetrics.java:unregister(43)) - Unregistering Metrics Registry : ratis.log_worker.c106af50-bceb-418e-be22-e2669d442084@group-F1B182914105
2020-12-15 13:59:22,695 [ForkJoinPool.commonPool-worker-1] INFO  metrics.RatisMetrics (RatisMetrics.java:unregister(43)) - Unregistering Metrics Registry : ratis.leader_election.c106af50-bceb-418e-be22-e2669d442084@group-F1B182914105
2020-12-15 13:59:22,695 [ForkJoinPool.commonPool-worker-1] INFO  metrics.RatisMetrics (RatisMetrics.java:unregister(43)) - Unregistering Metrics Registry : ratis.server.c106af50-bceb-418e-be22-e2669d442084@group-F1B182914105
2020-12-15 13:59:22,695 [ForkJoinPool.commonPool-worker-1] INFO  impl.RaftServerImpl (RaftServerImpl.java:lambda$shutdown$3(328)) - c106af50-bceb-418e-be22-e2669d442084@group-64C342B71FEB: shutdown
2020-12-15 13:59:22,696 [ForkJoinPool.commonPool-worker-1] INFO  util.JmxRegister (JmxRegister.java:unregister(73)) - Successfully un-registered JMX Bean with object name Ratis:service=RaftServer,group=group-64C342B71FEB,id=c106af50-bceb-418e-be22-e2669d442084
2020-12-15 13:59:22,696 [ForkJoinPool.commonPool-worker-1] INFO  impl.RoleInfo (RoleInfo.java:shutdownFollowerState(121)) - c106af50-bceb-418e-be22-e2669d442084: shutdown c106af50-bceb-418e-be22-e2669d442084@group-64C342B71FEB-FollowerState
2020-12-15 13:59:22,696 [ForkJoinPool.commonPool-worker-1] INFO  impl.StateMachineUpdater (StateMachineUpdater.java:stopAndJoin(147)) - c106af50-bceb-418e-be22-e2669d442084@group-64C342B71FEB-StateMachineUpdater: set stopIndex = 39
2020-12-15 13:59:22,696 [Thread-3324] INFO  impl.FollowerState (FollowerState.java:run(137)) - c106af50-bceb-418e-be22-e2669d442084@group-64C342B71FEB-FollowerState was interrupted: {}
java.lang.InterruptedException: sleep interrupted
	at java.lang.Thread.sleep(Native Method)
	at org.apache.ratis.util.JavaUtils.sleep(JavaUtils.java:250)
	at org.apache.ratis.server.impl.FollowerState.run(FollowerState.java:116)
2020-12-15 13:59:22,697 [c106af50-bceb-418e-be22-e2669d442084@group-64C342B71FEB-StateMachineUpdater] INFO  ratis.ContainerStateMachine (ContainerStateMachine.java:takeSnapshot(293)) - group-64C342B71FEB: Taking a snapshot at:(t:1, i:39) file /github/workspace/mnt/ozone/hadoop-ozone/integration-test/target/test-dir/MiniOzoneClusterImpl-933616a4-3ca4-434e-83a8-17d3c89ffd28/datanode-4/data/ratis/05b9cbdf-45af-4197-b0f5-64c342b71feb/sm/snapshot.1_39
2020-12-15 13:59:22,704 [c106af50-bceb-418e-be22-e2669d442084@group-64C342B71FEB-StateMachineUpdater] INFO  ratis.ContainerStateMachine (ContainerStateMachine.java:takeSnapshot(304)) - group-64C342B71FEB: Finished taking a snapshot at:(t:1, i:39) file:/github/workspace/mnt/ozone/hadoop-ozone/integration-test/target/test-dir/MiniOzoneClusterImpl-933616a4-3ca4-434e-83a8-17d3c89ffd28/datanode-4/data/ratis/05b9cbdf-45af-4197-b0f5-64c342b71feb/sm/snapshot.1_39 time:7
2020-12-15 13:59:22,704 [c106af50-bceb-418e-be22-e2669d442084@group-64C342B71FEB-StateMachineUpdater] INFO  impl.StateMachineUpdater (StateMachineUpdater.java:takeSnapshot(278)) - c106af50-bceb-418e-be22-e2669d442084@group-64C342B71FEB-StateMachineUpdater: Took a snapshot at index 39
2020-12-15 13:59:22,704 [c106af50-bceb-418e-be22-e2669d442084@group-64C342B71FEB-StateMachineUpdater] INFO  impl.StateMachineUpdater (StateMachineUpdater.java:lambda$new$0(87)) - c106af50-bceb-418e-be22-e2669d442084@group-64C342B71FEB-StateMachineUpdater: snapshotIndex: updateIncreasingly -1 -> 39
2020-12-15 13:59:22,704 [c106af50-bceb-418e-be22-e2669d442084@group-64C342B71FEB-StateMachineUpdater] INFO  metrics.RatisMetrics (RatisMetrics.java:unregister(43)) - Unregistering Metrics Registry : ratis.state_machine.c106af50-bceb-418e-be22-e2669d442084@group-64C342B71FEB
2020-12-15 13:59:22,705 [ForkJoinPool.commonPool-worker-1] INFO  impl.RaftServerImpl (ServerState.java:close(406)) - c106af50-bceb-418e-be22-e2669d442084@group-64C342B71FEB: closes. applyIndex: 39
2020-12-15 13:59:22,705 [c106af50-bceb-418e-be22-e2669d442084@group-64C342B71FEB-SegmentedRaftLogWorker] INFO  segmented.SegmentedRaftLogWorker (SegmentedRaftLogWorker.java:run(329)) - c106af50-bceb-418e-be22-e2669d442084@group-64C342B71FEB-SegmentedRaftLogWorker was interrupted, exiting. There are 0 tasks remaining in the queue.
2020-12-15 13:59:22,705 [ForkJoinPool.commonPool-worker-1] INFO  segmented.SegmentedRaftLogWorker (SegmentedRaftLogWorker.java:close(235)) - c106af50-bceb-418e-be22-e2669d442084@group-64C342B71FEB-SegmentedRaftLogWorker close()
2020-12-15 13:59:22,705 [ForkJoinPool.commonPool-worker-1] INFO  metrics.RatisMetrics (RatisMetrics.java:unregister(43)) - Unregistering Metrics Registry : ratis.log_worker.c106af50-bceb-418e-be22-e2669d442084@group-64C342B71FEB
2020-12-15 13:59:22,705 [ForkJoinPool.commonPool-worker-1] INFO  metrics.RatisMetrics (RatisMetrics.java:unregister(43)) - Unregistering Metrics Registry : ratis.leader_election.c106af50-bceb-418e-be22-e2669d442084@group-64C342B71FEB
2020-12-15 13:59:22,706 [ForkJoinPool.commonPool-worker-1] INFO  metrics.RatisMetrics (RatisMetrics.java:unregister(43)) - Unregistering Metrics Registry : ratis.server.c106af50-bceb-418e-be22-e2669d442084@group-64C342B71FEB
2020-12-15 13:59:22,706 [ForkJoinPool.commonPool-worker-1] INFO  server.GrpcService (GrpcService.java:closeImpl(184)) - c106af50-bceb-418e-be22-e2669d442084: shutdown server with port 40637 now
2020-12-15 13:59:22,711 [ForkJoinPool.commonPool-worker-1] INFO  server.GrpcService (GrpcService.java:closeImpl(193)) - c106af50-bceb-418e-be22-e2669d442084: shutdown server with port 40637 successfully
2020-12-15 13:59:22,713 [ForkJoinPool.commonPool-worker-1] INFO  utils.BackgroundService (BackgroundService.java:shutdown(132)) - Shutting down service BlockDeletingService
2020-12-15 13:59:22,715 [ForkJoinPool.commonPool-worker-1] INFO  statemachine.DatanodeStateMachine (DatanodeStateMachine.java:stopDaemon(461)) - Ozone container server stopped.
2020-12-15 13:59:22,725 [ForkJoinPool.commonPool-worker-1] INFO  handler.ContextHandler (ContextHandler.java:doStop(1154)) - Stopped o.e.j.w.WebAppContext@25afdf7e{hddsDatanode,/,null,STOPPED}{jar:file:/home/user/.m2/repository/org/apache/hadoop/hadoop-hdds-container-service/1.1.0-SNAPSHOT/hadoop-hdds-container-service-1.1.0-SNAPSHOT.jar!/webapps/hddsDatanode}
2020-12-15 13:59:22,725 [ForkJoinPool.commonPool-worker-1] INFO  server.AbstractConnector (AbstractConnector.java:doStop(381)) - Stopped ServerConnector@77fc3039{HTTP/1.1, (http/1.1)}{0.0.0.0:0}
2020-12-15 13:59:22,725 [ForkJoinPool.commonPool-worker-1] INFO  server.session (HouseKeeper.java:stopScavenging(149)) - node0 Stopped scavenging
2020-12-15 13:59:22,725 [ForkJoinPool.commonPool-worker-1] INFO  handler.ContextHandler (ContextHandler.java:doStop(1154)) - Stopped o.e.j.s.ServletContextHandler@3c83bde0{static,/static,jar:file:/home/user/.m2/repository/org/apache/hadoop/hadoop-hdds-container-service/1.1.0-SNAPSHOT/hadoop-hdds-container-service-1.1.0-SNAPSHOT.jar!/webapps/static,STOPPED}
2020-12-15 13:59:22,726 [ForkJoinPool.commonPool-worker-1] INFO  handler.ContextHandler (ContextHandler.java:doStop(1154)) - Stopped o.e.j.s.ServletContextHandler@1c37b2b{logs,/logs,file:///github/workspace/mnt/ozone/hadoop-ozone/integration-test/target/log,STOPPED}
2020-12-15 13:59:22,726 [Listener at 127.0.0.1/35149] INFO  ozone.MiniOzoneClusterImpl (MiniOzoneClusterImpl.java:stopSCM(477)) - Stopping the StorageContainerManager
2020-12-15 13:59:22,727 [Listener at 127.0.0.1/35149] INFO  server.StorageContainerManager (StorageContainerManager.java:stop(832)) - Stopping Replication Manager Service.
2020-12-15 13:59:22,727 [Listener at 127.0.0.1/35149] INFO  container.ReplicationManager (ReplicationManager.java:stop(227)) - Stopping Replication Monitor Thread.
2020-12-15 13:59:22,727 [Listener at 127.0.0.1/35149] INFO  server.StorageContainerManager (StorageContainerManager.java:stop(839)) - Stopping the Datanode Admin Monitor.
2020-12-15 13:59:22,727 [Listener at 127.0.0.1/35149] INFO  server.StorageContainerManager (StorageContainerManager.java:stop(846)) - Stopping Lease Manager of the command watchers
2020-12-15 13:59:22,727 [Listener at 127.0.0.1/35149] INFO  server.StorageContainerManager (StorageContainerManager.java:stop(853)) - Stopping datanode service RPC server
2020-12-15 13:59:22,727 [Listener at 127.0.0.1/35149] INFO  server.SCMDatanodeProtocolServer (SCMDatanodeProtocolServer.java:stop(369)) - Stopping the RPC server for DataNodes
2020-12-15 13:59:22,727 [Listener at 127.0.0.1/35149] INFO  ipc.Server (Server.java:stop(3359)) - Stopping server on 38555
2020-12-15 13:59:22,729 [IPC Server listener on 0] INFO  ipc.Server (Server.java:run(1330)) - Stopping IPC Server listener on 0
2020-12-15 13:59:22,730 [IPC Server Responder] INFO  ipc.Server (Server.java:run(1465)) - Stopping IPC Server Responder
2020-12-15 13:59:22,737 [SCM Heartbeat Processing Thread - 0] WARN  node.NodeStateManager (NodeStateManager.java:scheduleNextHealthCheck(688)) - Current Thread is interrupted, shutting down HB processing thread for Node Manager.
2020-12-15 13:59:22,738 [EventQueue-StaleNodeForStaleNodeHandler] INFO  node.StaleNodeHandler (StaleNodeHandler.java:onMessage(58)) - Datanode 5928c4bb-8a64-400c-b032-ccd85110c165{ip: 172.17.0.2, host: b0da2dc6b281, networkLocation: /default-rack, certSerialId: null, persistedOpState: IN_SERVICE, persistedOpStateExpiryEpochSec: 0} moved to stale state. Finalizing its pipelines [PipelineID=6a023ab8-2bcb-48ec-a7dd-1dd43d2faaf8]
2020-12-15 13:59:22,738 [EventQueue-StaleNodeForStaleNodeHandler] INFO  pipeline.SCMPipelineManager (SCMPipelineManager.java:finalizeAndDestroyPipeline(482)) - Destroying pipeline:Pipeline[ Id: 6a023ab8-2bcb-48ec-a7dd-1dd43d2faaf8, Nodes: 5928c4bb-8a64-400c-b032-ccd85110c165{ip: 172.17.0.2, host: b0da2dc6b281, networkLocation: /default-rack, certSerialId: null, persistedOpState: IN_SERVICE, persistedOpStateExpiryEpochSec: 0}, Type:RATIS, Factor:ONE, State:OPEN, leaderId:5928c4bb-8a64-400c-b032-ccd85110c165, CreationTimestamp2020-12-15T13:58:52.374Z]
2020-12-15 13:59:22,738 [EventQueue-StaleNodeForStaleNodeHandler] INFO  pipeline.PipelineStateManager (PipelineStateManager.java:finalizePipeline(121)) - Pipeline Pipeline[ Id: 6a023ab8-2bcb-48ec-a7dd-1dd43d2faaf8, Nodes: 5928c4bb-8a64-400c-b032-ccd85110c165{ip: 172.17.0.2, host: b0da2dc6b281, networkLocation: /default-rack, certSerialId: null, persistedOpState: IN_SERVICE, persistedOpStateExpiryEpochSec: 0}, Type:RATIS, Factor:ONE, State:CLOSED, leaderId:5928c4bb-8a64-400c-b032-ccd85110c165, CreationTimestamp2020-12-15T13:58:52.374Z] moved to CLOSED state
2020-12-15 13:59:22,738 [Listener at 127.0.0.1/35149] INFO  server.StorageContainerManager (StorageContainerManager.java:stop(861)) - Stopping block service RPC server
2020-12-15 13:59:22,738 [Listener at 127.0.0.1/35149] INFO  server.SCMBlockProtocolServer (SCMBlockProtocolServer.java:stop(159)) - Stopping the RPC server for Block Protocol
2020-12-15 13:59:22,738 [Listener at 127.0.0.1/35149] INFO  ipc.Server (Server.java:stop(3359)) - Stopping server on 43927
2020-12-15 13:59:22,741 [IPC Server listener on 0] INFO  ipc.Server (Server.java:run(1330)) - Stopping IPC Server listener on 0
2020-12-15 13:59:22,741 [Listener at 127.0.0.1/35149] INFO  server.StorageContainerManager (StorageContainerManager.java:stop(868)) - Stopping the StorageContainerLocationProtocol RPC server
2020-12-15 13:59:22,741 [Listener at 127.0.0.1/35149] INFO  server.SCMClientProtocolServer (SCMClientProtocolServer.java:stop(168)) - Stopping the RPC server for Client Protocol
2020-12-15 13:59:22,741 [Listener at 127.0.0.1/35149] INFO  ipc.Server (Server.java:stop(3359)) - Stopping server on 43329
2020-12-15 13:59:22,741 [IPC Server Responder] INFO  ipc.Server (Server.java:run(1465)) - Stopping IPC Server Responder
2020-12-15 13:59:22,743 [IPC Server listener on 0] INFO  ipc.Server (Server.java:run(1330)) - Stopping IPC Server listener on 0
2020-12-15 13:59:22,743 [IPC Server Responder] INFO  ipc.Server (Server.java:run(1465)) - Stopping IPC Server Responder
2020-12-15 13:59:22,744 [Listener at 127.0.0.1/35149] INFO  server.StorageContainerManager (StorageContainerManager.java:stop(875)) - Stopping Storage Container Manager HTTP server.
2020-12-15 13:59:22,745 [Listener at 127.0.0.1/35149] INFO  handler.ContextHandler (ContextHandler.java:doStop(1154)) - Stopped o.e.j.w.WebAppContext@139c2c19{scm,/,null,STOPPED}{file:/github/workspace/mnt/ozone/hadoop-ozone/integration-test/target/test-classes/webapps/scm}
2020-12-15 13:59:22,745 [Listener at 127.0.0.1/35149] INFO  server.AbstractConnector (AbstractConnector.java:doStop(381)) - Stopped ServerConnector@398072c6{HTTP/1.1, (http/1.1)}{0.0.0.0:0}
2020-12-15 13:59:22,745 [Listener at 127.0.0.1/35149] INFO  server.session (HouseKeeper.java:stopScavenging(149)) - node0 Stopped scavenging
2020-12-15 13:59:22,750 [Listener at 127.0.0.1/35149] INFO  handler.ContextHandler (ContextHandler.java:doStop(1154)) - Stopped o.e.j.s.ServletContextHandler@7d2ccbcd{static,/static,file:///github/workspace/mnt/ozone/hadoop-ozone/integration-test/target/test-classes/webapps/static,STOPPED}
2020-12-15 13:59:22,750 [Listener at 127.0.0.1/35149] INFO  handler.ContextHandler (ContextHandler.java:doStop(1154)) - Stopped o.e.j.s.ServletContextHandler@3b5a4aa5{logs,/logs,file:///github/workspace/mnt/ozone/hadoop-ozone/integration-test/target/log,STOPPED}
2020-12-15 13:59:22,751 [Listener at 127.0.0.1/35149] INFO  server.StorageContainerManager (StorageContainerManager.java:stop(886)) - Stopping Block Manager Service.
2020-12-15 13:59:22,751 [Listener at 127.0.0.1/35149] INFO  utils.BackgroundService (BackgroundService.java:shutdown(132)) - Shutting down service SCMBlockDeletingService
2020-12-15 13:59:22,751 [Listener at 127.0.0.1/35149] INFO  utils.BackgroundService (BackgroundService.java:shutdown(132)) - Shutting down service SCMBlockDeletingService
2020-12-15 13:59:22,752 [Listener at 127.0.0.1/35149] INFO  server.StorageContainerManager (StorageContainerManager.java:stop(911)) - Stopping SCM Event Queue.
2020-12-15 13:59:22,756 [Listener at 127.0.0.1/35149] INFO  impl.MetricsSystemImpl (MetricsSystemImpl.java:stop(210)) - Stopping HddsDatanode metrics system...
2020-12-15 13:59:22,768 [Listener at 127.0.0.1/35149] INFO  impl.MetricsSystemImpl (MetricsSystemImpl.java:stop(216)) - HddsDatanode metrics system stopped.
]]></system-out>
  </testcase>
  <testcase name="testSingleNodeWithOpenPipelineCanGotoMaintenance" classname="org.apache.hadoop.ozone.scm.node.TestDecommissionAndMaintenance" time="39.367"/>
  <testcase name="testSCMHandlesRestartForMaintenanceNode" classname="org.apache.hadoop.ozone.scm.node.TestDecommissionAndMaintenance" time="52.465"/>
  <testcase name="testStoppedDecommissionedNodeTakesSCMStateOnRestart" classname="org.apache.hadoop.ozone.scm.node.TestDecommissionAndMaintenance" time="49.486"/>
  <testcase name="testEnteringMaintenanceNodeCompletesAfterSCMRestart" classname="org.apache.hadoop.ozone.scm.node.TestDecommissionAndMaintenance" time="38.938"/>
  <testcase name="testDecommissioningNodesCompleteDecommissionOnSCMRestart" classname="org.apache.hadoop.ozone.scm.node.TestDecommissionAndMaintenance" time="38.866"/>
</testsuite>