<?xml version="1.0" encoding="UTF-8"?>
<testsuite xmlns:xsi="http://www.w3.org/2001/XMLSchema-instance" xsi:noNamespaceSchemaLocation="https://maven.apache.org/surefire/maven-surefire-plugin/xsd/surefire-test-report.xsd" name="org.apache.hadoop.fs.ozone.TestRootedOzoneFileSystem" time="327.729" tests="160" errors="1" skipped="18" failures="1">
  <properties>
    <property name="awt.toolkit" value="sun.awt.X11.XToolkit"/>
    <property name="file.encoding.pkg" value="sun.io"/>
    <property name="java.specification.version" value="1.8"/>
    <property name="sun.cpu.isalist" value=""/>
    <property name="sun.jnu.encoding" value="UTF-8"/>
    <property name="java.class.path" value="/home/runner/work/ozone/ozone/hadoop-ozone/integration-test/target/test-classes:/home/runner/work/ozone/ozone/hadoop-ozone/integration-test/target/classes:/home/runner/.m2/repository/org/apache/ozone/ozone-common/1.3.0-SNAPSHOT/ozone-common-1.3.0-SNAPSHOT.jar:/home/runner/.m2/repository/org/apache/commons/commons-compress/1.21/commons-compress-1.21.jar:/home/runner/.m2/repository/org/apache/ozone/hdds-common/1.3.0-SNAPSHOT/hdds-common-1.3.0-SNAPSHOT.jar:/home/runner/.m2/repository/org/apache/ozone/hdds-client/1.3.0-SNAPSHOT/hdds-client-1.3.0-SNAPSHOT.jar:/home/runner/.m2/repository/org/apache/ozone/ozone-interface-client/1.3.0-SNAPSHOT/ozone-interface-client-1.3.0-SNAPSHOT.jar:/home/runner/.m2/repository/org/apache/ozone/hdds-test-utils/1.3.0-SNAPSHOT/hdds-test-utils-1.3.0-SNAPSHOT.jar:/home/runner/.m2/repository/com/google/guava/guava/30.1.1-jre/guava-30.1.1-jre.jar:/home/runner/.m2/repository/com/google/guava/failureaccess/1.0.1/failureaccess-1.0.1.jar:/home/runner/.m2/repository/com/google/guava/listenablefuture/9999.0-empty-to-avoid-conflict-with-guava/listenablefuture-9999.0-empty-to-avoid-conflict-with-guava.jar:/home/runner/.m2/repository/com/google/code/findbugs/jsr305/3.0.0/jsr305-3.0.0.jar:/home/runner/.m2/repository/org/checkerframework/checker-qual/3.8.0/checker-qual-3.8.0.jar:/home/runner/.m2/repository/com/google/errorprone/error_prone_annotations/2.2.0/error_prone_annotations-2.2.0.jar:/home/runner/.m2/repository/com/google/j2objc/j2objc-annotations/1.3/j2objc-annotations-1.3.jar:/home/runner/.m2/repository/commons-io/commons-io/2.11.0/commons-io-2.11.0.jar:/home/runner/.m2/repository/commons-logging/commons-logging/1.2/commons-logging-1.2.jar:/home/runner/.m2/repository/log4j/log4j/1.2.17/log4j-1.2.17.jar:/home/runner/.m2/repository/org/slf4j/slf4j-api/1.7.30/slf4j-api-1.7.30.jar:/home/runner/.m2/repository/org/apache/ozone/hdds-server-scm/1.3.0-SNAPSHOT/hdds-server-scm-1.3.0-SNAPSHOT.jar:/home/runner/.m2/repository/org/apache/ozone/hdds-container-service/1.3.0-SNAPSHOT/hdds-container-service-1.3.0-SNAPSHOT.jar:/home/runner/.m2/repository/org/apache/ozone/hdds-hadoop-dependency-server/1.3.0-SNAPSHOT/hdds-hadoop-dependency-server-1.3.0-SNAPSHOT.jar:/home/runner/.m2/repository/org/apache/hadoop/hadoop-hdfs/3.3.1/hadoop-hdfs-3.3.1.jar:/home/runner/.m2/repository/org/apache/ozone/hdds-server-framework/1.3.0-SNAPSHOT/hdds-server-framework-1.3.0-SNAPSHOT.jar:/home/runner/.m2/repository/org/apache/ozone/hdds-interface-server/1.3.0-SNAPSHOT/hdds-interface-server-1.3.0-SNAPSHOT.jar:/home/runner/.m2/repository/org/eclipse/jetty/jetty-servlet/9.4.43.v20210629/jetty-servlet-9.4.43.v20210629.jar:/home/runner/.m2/repository/org/eclipse/jetty/jetty-security/9.4.43.v20210629/jetty-security-9.4.43.v20210629.jar:/home/runner/.m2/repository/org/rocksdb/rocksdbjni/6.25.3/rocksdbjni-6.25.3.jar:/home/runner/.m2/repository/io/prometheus/simpleclient_dropwizard/0.7.0/simpleclient_dropwizard-0.7.0.jar:/home/runner/.m2/repository/io/prometheus/simpleclient/0.7.0/simpleclient-0.7.0.jar:/home/runner/.m2/repository/io/prometheus/simpleclient_common/0.7.0/simpleclient_common-0.7.0.jar:/home/runner/.m2/repository/com/fasterxml/jackson/datatype/jackson-datatype-jsr310/2.12.1/jackson-datatype-jsr310-2.12.1.jar:/home/runner/.m2/repository/io/dropwizard/metrics/metrics-core/3.2.4/metrics-core-3.2.4.jar:/home/runner/.m2/repository/org/apache/hadoop/hadoop-hdfs-client/3.3.1/hadoop-hdfs-client-3.3.1.jar:/home/runner/.m2/repository/org/bouncycastle/bcprov-jdk15on/1.67/bcprov-jdk15on-1.67.jar:/home/runner/.m2/repository/com/google/protobuf/protobuf-java/2.5.0/protobuf-java-2.5.0.jar:/home/runner/.m2/repository/org/apache/ozone/ozone-manager/1.3.0-SNAPSHOT/ozone-manager-1.3.0-SNAPSHOT.jar:/home/runner/.m2/repository/org/aspectj/aspectjrt/1.9.7/aspectjrt-1.9.7.jar:/home/runner/.m2/repository/org/aspectj/aspectjweaver/1.9.7/aspectjweaver-1.9.7.jar:/home/runner/.m2/repository/org/apache/ozone/hdds-interface-client/1.3.0-SNAPSHOT/hdds-interface-client-1.3.0-SNAPSHOT.jar:/home/runner/.m2/repository/org/apache/hadoop/thirdparty/hadoop-shaded-protobuf_3_7/1.1.1/hadoop-shaded-protobuf_3_7-1.1.1.jar:/home/runner/.m2/repository/org/apache/ozone/ozone-interface-storage/1.3.0-SNAPSHOT/ozone-interface-storage-1.3.0-SNAPSHOT.jar:/home/runner/.m2/repository/org/reflections/reflections/0.9.11/reflections-0.9.11.jar:/home/runner/.m2/repository/org/apache/hadoop/hadoop-minikdc/3.3.1/hadoop-minikdc-3.3.1.jar:/home/runner/.m2/repository/org/apache/kerby/kerb-simplekdc/1.0.1/kerb-simplekdc-1.0.1.jar:/home/runner/.m2/repository/org/apache/kerby/kerb-client/1.0.1/kerb-client-1.0.1.jar:/home/runner/.m2/repository/org/apache/kerby/kerby-config/1.0.1/kerby-config-1.0.1.jar:/home/runner/.m2/repository/org/apache/kerby/kerb-common/1.0.1/kerb-common-1.0.1.jar:/home/runner/.m2/repository/org/apache/kerby/kerb-crypto/1.0.1/kerb-crypto-1.0.1.jar:/home/runner/.m2/repository/org/apache/kerby/kerb-util/1.0.1/kerb-util-1.0.1.jar:/home/runner/.m2/repository/org/apache/kerby/token-provider/1.0.1/token-provider-1.0.1.jar:/home/runner/.m2/repository/org/apache/kerby/kerb-admin/1.0.1/kerb-admin-1.0.1.jar:/home/runner/.m2/repository/org/apache/kerby/kerb-server/1.0.1/kerb-server-1.0.1.jar:/home/runner/.m2/repository/org/apache/kerby/kerb-identity/1.0.1/kerb-identity-1.0.1.jar:/home/runner/.m2/repository/org/apache/kerby/kerby-xdr/1.0.1/kerby-xdr-1.0.1.jar:/home/runner/.m2/repository/org/slf4j/slf4j-log4j12/1.7.30/slf4j-log4j12-1.7.30.jar:/home/runner/.m2/repository/org/apache/ozone/ozone-s3gateway/1.3.0-SNAPSHOT/ozone-s3gateway-1.3.0-SNAPSHOT.jar:/home/runner/.m2/repository/org/javassist/javassist/3.21.0-GA/javassist-3.21.0-GA.jar:/home/runner/.m2/repository/org/jboss/weld/servlet/weld-servlet/2.4.7.Final/weld-servlet-2.4.7.Final.jar:/home/runner/.m2/repository/org/glassfish/jersey/containers/jersey-container-servlet-core/2.33/jersey-container-servlet-core-2.33.jar:/home/runner/.m2/repository/org/glassfish/hk2/external/jakarta.inject/2.6.1/jakarta.inject-2.6.1.jar:/home/runner/.m2/repository/org/glassfish/jersey/core/jersey-common/2.33/jersey-common-2.33.jar:/home/runner/.m2/repository/jakarta/ws/rs/jakarta.ws.rs-api/2.1.6/jakarta.ws.rs-api-2.1.6.jar:/home/runner/.m2/repository/org/glassfish/jersey/ext/cdi/jersey-cdi1x/2.33/jersey-cdi1x-2.33.jar:/home/runner/.m2/repository/org/glassfish/jersey/inject/jersey-hk2/2.33/jersey-hk2-2.33.jar:/home/runner/.m2/repository/org/glassfish/hk2/hk2-locator/2.6.1/hk2-locator-2.6.1.jar:/home/runner/.m2/repository/org/glassfish/jersey/media/jersey-media-jaxb/2.33/jersey-media-jaxb-2.33.jar:/home/runner/.m2/repository/org/glassfish/hk2/osgi-resource-locator/1.0.3/osgi-resource-locator-1.0.3.jar:/home/runner/.m2/repository/org/glassfish/hk2/hk2-api/2.5.0/hk2-api-2.5.0.jar:/home/runner/.m2/repository/org/glassfish/hk2/hk2-utils/2.5.0/hk2-utils-2.5.0.jar:/home/runner/.m2/repository/org/glassfish/hk2/external/aopalliance-repackaged/2.5.0/aopalliance-repackaged-2.5.0.jar:/home/runner/.m2/repository/com/fasterxml/jackson/dataformat/jackson-dataformat-xml/2.12.1/jackson-dataformat-xml-2.12.1.jar:/home/runner/.m2/repository/com/fasterxml/jackson/core/jackson-core/2.12.1/jackson-core-2.12.1.jar:/home/runner/.m2/repository/com/fasterxml/jackson/module/jackson-module-jaxb-annotations/2.12.1/jackson-module-jaxb-annotations-2.12.1.jar:/home/runner/.m2/repository/jakarta/xml/bind/jakarta.xml.bind-api/2.3.2/jakarta.xml.bind-api-2.3.2.jar:/home/runner/.m2/repository/org/codehaus/woodstox/stax2-api/3.1.4/stax2-api-3.1.4.jar:/home/runner/.m2/repository/com/fasterxml/woodstox/woodstox-core/5.0.3/woodstox-core-5.0.3.jar:/home/runner/.m2/repository/javax/enterprise/cdi-api/1.2/cdi-api-1.2.jar:/home/runner/.m2/repository/javax/el/javax.el-api/3.0.0/javax.el-api-3.0.0.jar:/home/runner/.m2/repository/javax/interceptor/javax.interceptor-api/1.2/javax.interceptor-api-1.2.jar:/home/runner/.m2/repository/javax/inject/javax.inject/1/javax.inject-1.jar:/home/runner/.m2/repository/javax/xml/bind/jaxb-api/2.3.0/jaxb-api-2.3.0.jar:/home/runner/.m2/repository/org/glassfish/jaxb/jaxb-runtime/2.3.0.1/jaxb-runtime-2.3.0.1.jar:/home/runner/.m2/repository/org/glassfish/jaxb/jaxb-core/2.3.0.1/jaxb-core-2.3.0.1.jar:/home/runner/.m2/repository/org/glassfish/jaxb/txw2/2.3.0.1/txw2-2.3.0.1.jar:/home/runner/.m2/repository/com/sun/istack/istack-commons-runtime/3.0.5/istack-commons-runtime-3.0.5.jar:/home/runner/.m2/repository/org/jvnet/staxex/stax-ex/1.7.8/stax-ex-1.7.8.jar:/home/runner/.m2/repository/com/sun/xml/fastinfoset/FastInfoset/1.2.13/FastInfoset-1.2.13.jar:/home/runner/.m2/repository/javax/activation/activation/1.1.1/activation-1.1.1.jar:/home/runner/.m2/repository/org/apache/ozone/ozone-csi/1.3.0-SNAPSHOT/ozone-csi-1.3.0-SNAPSHOT.jar:/home/runner/.m2/repository/com/google/protobuf/protobuf-java-util/3.12.0/protobuf-java-util-3.12.0.jar:/home/runner/.m2/repository/com/google/code/gson/gson/2.2.4/gson-2.2.4.jar:/home/runner/.m2/repository/org/apache/ozone/hdds-config/1.3.0-SNAPSHOT/hdds-config-1.3.0-SNAPSHOT.jar:/home/runner/.m2/repository/io/grpc/grpc-netty/1.33.0/grpc-netty-1.33.0.jar:/home/runner/.m2/repository/io/grpc/grpc-core/1.33.0/grpc-core-1.33.0.jar:/home/runner/.m2/repository/com/google/android/annotations/4.1.1.4/annotations-4.1.1.4.jar:/home/runner/.m2/repository/io/netty/netty-codec-http2/4.1.63.Final/netty-codec-http2-4.1.63.Final.jar:/home/runner/.m2/repository/io/netty/netty-codec-http/4.1.63.Final/netty-codec-http-4.1.63.Final.jar:/home/runner/.m2/repository/io/netty/netty-handler-proxy/4.1.63.Final/netty-handler-proxy-4.1.63.Final.jar:/home/runner/.m2/repository/io/netty/netty-codec-socks/4.1.63.Final/netty-codec-socks-4.1.63.Final.jar:/home/runner/.m2/repository/io/perfmark/perfmark-api/0.19.0/perfmark-api-0.19.0.jar:/home/runner/.m2/repository/org/codehaus/mojo/animal-sniffer-annotations/1.18/animal-sniffer-annotations-1.18.jar:/home/runner/.m2/repository/io/netty/netty-transport-native-epoll/4.1.63.Final/netty-transport-native-epoll-4.1.63.Final.jar:/home/runner/.m2/repository/io/netty/netty-common/4.1.63.Final/netty-common-4.1.63.Final.jar:/home/runner/.m2/repository/io/netty/netty-buffer/4.1.63.Final/netty-buffer-4.1.63.Final.jar:/home/runner/.m2/repository/io/netty/netty-transport-native-unix-common/4.1.63.Final/netty-transport-native-unix-common-4.1.63.Final.jar:/home/runner/.m2/repository/io/grpc/grpc-protobuf/1.33.0/grpc-protobuf-1.33.0.jar:/home/runner/.m2/repository/io/grpc/grpc-api/1.33.0/grpc-api-1.33.0.jar:/home/runner/.m2/repository/io/grpc/grpc-context/1.33.0/grpc-context-1.33.0.jar:/home/runner/.m2/repository/com/google/api/grpc/proto-google-common-protos/1.17.0/proto-google-common-protos-1.17.0.jar:/home/runner/.m2/repository/io/grpc/grpc-protobuf-lite/1.33.0/grpc-protobuf-lite-1.33.0.jar:/home/runner/.m2/repository/io/grpc/grpc-stub/1.33.0/grpc-stub-1.33.0.jar:/home/runner/.m2/repository/org/apache/ozone/ozone-recon/1.3.0-SNAPSHOT/ozone-recon-1.3.0-SNAPSHOT.jar:/home/runner/.m2/repository/org/apache/ozone/ozone-reconcodegen/1.3.0-SNAPSHOT/ozone-reconcodegen-1.3.0-SNAPSHOT.jar:/home/runner/.m2/repository/com/google/inject/extensions/guice-multibindings/4.0/guice-multibindings-4.0.jar:/home/runner/.m2/repository/com/google/inject/guice/4.0/guice-4.0.jar:/home/runner/.m2/repository/aopalliance/aopalliance/1.0/aopalliance-1.0.jar:/home/runner/.m2/repository/com/google/inject/extensions/guice-assistedinject/4.0/guice-assistedinject-4.0.jar:/home/runner/.m2/repository/com/google/inject/extensions/guice-servlet/4.0/guice-servlet-4.0.jar:/home/runner/.m2/repository/org/glassfish/jersey/containers/jersey-container-servlet/2.33/jersey-container-servlet-2.33.jar:/home/runner/.m2/repository/org/glassfish/hk2/guice-bridge/2.5.0/guice-bridge-2.5.0.jar:/home/runner/.m2/repository/org/glassfish/jersey/core/jersey-server/2.33/jersey-server-2.33.jar:/home/runner/.m2/repository/org/glassfish/jersey/core/jersey-client/2.33/jersey-client-2.33.jar:/home/runner/.m2/repository/jakarta/annotation/jakarta.annotation-api/1.3.5/jakarta.annotation-api-1.3.5.jar:/home/runner/.m2/repository/jakarta/validation/jakarta.validation-api/2.0.2/jakarta.validation-api-2.0.2.jar:/home/runner/.m2/repository/org/glassfish/jersey/media/jersey-media-json-jackson/2.33/jersey-media-json-jackson-2.33.jar:/home/runner/.m2/repository/org/glassfish/jersey/ext/jersey-entity-filtering/2.33/jersey-entity-filtering-2.33.jar:/home/runner/.m2/repository/org/jooq/jooq/3.11.10/jooq-3.11.10.jar:/home/runner/.m2/repository/org/jooq/jooq-meta/3.11.10/jooq-meta-3.11.10.jar:/home/runner/.m2/repository/org/jooq/jooq-codegen/3.11.10/jooq-codegen-3.11.10.jar:/home/runner/.m2/repository/com/jolbox/bonecp/0.8.0.RELEASE/bonecp-0.8.0.RELEASE.jar:/home/runner/.m2/repository/org/apache/derby/derby/10.14.2.0/derby-10.14.2.0.jar:/home/runner/.m2/repository/org/xerial/sqlite-jdbc/3.25.2/sqlite-jdbc-3.25.2.jar:/home/runner/.m2/repository/org/springframework/spring-jdbc/5.2.18.RELEASE/spring-jdbc-5.2.18.RELEASE.jar:/home/runner/.m2/repository/org/springframework/spring-beans/5.2.18.RELEASE/spring-beans-5.2.18.RELEASE.jar:/home/runner/.m2/repository/org/springframework/spring-core/5.2.18.RELEASE/spring-core-5.2.18.RELEASE.jar:/home/runner/.m2/repository/org/springframework/spring-jcl/5.2.18.RELEASE/spring-jcl-5.2.18.RELEASE.jar:/home/runner/.m2/repository/org/springframework/spring-tx/5.2.18.RELEASE/spring-tx-5.2.18.RELEASE.jar:/home/runner/.m2/repository/org/apache/ozone/ozone-client/1.3.0-SNAPSHOT/ozone-client-1.3.0-SNAPSHOT.jar:/home/runner/.m2/repository/org/apache/ozone/ozone-filesystem/1.3.0-SNAPSHOT/ozone-filesystem-1.3.0-SNAPSHOT.jar:/home/runner/.m2/repository/org/apache/ozone/ozone-filesystem-common/1.3.0-SNAPSHOT/ozone-filesystem-common-1.3.0-SNAPSHOT.jar:/home/runner/.m2/repository/org/apache/ozone/ozone-tools/1.3.0-SNAPSHOT/ozone-tools-1.3.0-SNAPSHOT.jar:/home/runner/.m2/repository/org/apache/ratis/ratis-tools/2.2.0/ratis-tools-2.2.0.jar:/home/runner/.m2/repository/com/amazonaws/aws-java-sdk-core/1.12.124/aws-java-sdk-core-1.12.124.jar:/home/runner/.m2/repository/org/apache/httpcomponents/httpclient/4.5.13/httpclient-4.5.13.jar:/home/runner/.m2/repository/org/apache/httpcomponents/httpcore/4.4.13/httpcore-4.4.13.jar:/home/runner/.m2/repository/software/amazon/ion/ion-java/1.0.2/ion-java-1.0.2.jar:/home/runner/.m2/repository/com/fasterxml/jackson/dataformat/jackson-dataformat-cbor/2.12.1/jackson-dataformat-cbor-2.12.1.jar:/home/runner/.m2/repository/joda-time/joda-time/2.8.1/joda-time-2.8.1.jar:/home/runner/.m2/repository/com/amazonaws/aws-java-sdk-s3/1.12.124/aws-java-sdk-s3-1.12.124.jar:/home/runner/.m2/repository/com/amazonaws/aws-java-sdk-kms/1.12.124/aws-java-sdk-kms-1.12.124.jar:/home/runner/.m2/repository/com/amazonaws/jmespath-java/1.12.124/jmespath-java-1.12.124.jar:/home/runner/.m2/repository/org/kohsuke/metainf-services/metainf-services/1.8/metainf-services-1.8.jar:/home/runner/.m2/repository/org/apache/ozone/hdds-tools/1.3.0-SNAPSHOT/hdds-tools-1.3.0-SNAPSHOT.jar:/home/runner/.m2/repository/commons-cli/commons-cli/1.2/commons-cli-1.2.jar:/home/runner/.m2/repository/org/apache/commons/commons-lang3/3.7/commons-lang3-3.7.jar:/home/runner/.m2/repository/org/apache/ozone/ozone-manager/1.3.0-SNAPSHOT/ozone-manager-1.3.0-SNAPSHOT-tests.jar:/home/runner/.m2/repository/org/apache/ozone/hdds-common/1.3.0-SNAPSHOT/hdds-common-1.3.0-SNAPSHOT-tests.jar:/home/runner/.m2/repository/org/apache/ozone/hdds-hadoop-dependency-client/1.3.0-SNAPSHOT/hdds-hadoop-dependency-client-1.3.0-SNAPSHOT.jar:/home/runner/.m2/repository/info/picocli/picocli/4.6.1/picocli-4.6.1.jar:/home/runner/.m2/repository/com/fasterxml/jackson/core/jackson-annotations/2.12.1/jackson-annotations-2.12.1.jar:/home/runner/.m2/repository/javax/annotation/javax.annotation-api/1.2/javax.annotation-api-1.2.jar:/home/runner/.m2/repository/org/apache/ratis/ratis-server/2.2.0/ratis-server-2.2.0.jar:/home/runner/.m2/repository/org/apache/ratis/ratis-client/2.2.0/ratis-client-2.2.0.jar:/home/runner/.m2/repository/org/apache/ratis/ratis-server-api/2.2.0/ratis-server-api-2.2.0.jar:/home/runner/.m2/repository/org/apache/ratis/ratis-metrics/2.2.0/ratis-metrics-2.2.0.jar:/home/runner/.m2/repository/org/apache/ratis/ratis-netty/2.2.0/ratis-netty-2.2.0.jar:/home/runner/.m2/repository/org/apache/ratis/ratis-grpc/2.2.0/ratis-grpc-2.2.0.jar:/home/runner/.m2/repository/org/apache/logging/log4j/log4j-api/2.17.1/log4j-api-2.17.1.jar:/home/runner/.m2/repository/org/apache/logging/log4j/log4j-core/2.17.1/log4j-core-2.17.1.jar:/home/runner/.m2/repository/com/lmax/disruptor/3.4.2/disruptor-3.4.2.jar:/home/runner/.m2/repository/org/apache/commons/commons-pool2/2.6.0/commons-pool2-2.6.0.jar:/home/runner/.m2/repository/org/bouncycastle/bcpkix-jdk15on/1.67/bcpkix-jdk15on-1.67.jar:/home/runner/.m2/repository/commons-validator/commons-validator/1.6/commons-validator-1.6.jar:/home/runner/.m2/repository/commons-beanutils/commons-beanutils/1.9.4/commons-beanutils-1.9.4.jar:/home/runner/.m2/repository/commons-digester/commons-digester/1.8.1/commons-digester-1.8.1.jar:/home/runner/.m2/repository/commons-collections/commons-collections/3.2.2/commons-collections-3.2.2.jar:/home/runner/.m2/repository/io/jaegertracing/jaeger-client/1.6.0/jaeger-client-1.6.0.jar:/home/runner/.m2/repository/io/jaegertracing/jaeger-thrift/1.6.0/jaeger-thrift-1.6.0.jar:/home/runner/.m2/repository/org/apache/thrift/libthrift/0.14.1/libthrift-0.14.1.jar:/home/runner/.m2/repository/com/squareup/okhttp3/okhttp/4.9.0/okhttp-4.9.0.jar:/home/runner/.m2/repository/com/squareup/okio/okio/2.8.0/okio-2.8.0.jar:/home/runner/.m2/repository/io/jaegertracing/jaeger-core/1.6.0/jaeger-core-1.6.0.jar:/home/runner/.m2/repository/io/jaegertracing/jaeger-tracerresolver/1.6.0/jaeger-tracerresolver-1.6.0.jar:/home/runner/.m2/repository/io/opentracing/contrib/opentracing-tracerresolver/0.1.8/opentracing-tracerresolver-0.1.8.jar:/home/runner/.m2/repository/org/jetbrains/kotlin/kotlin-stdlib/1.4.31/kotlin-stdlib-1.4.31.jar:/home/runner/.m2/repository/org/jetbrains/kotlin/kotlin-stdlib-common/1.4.31/kotlin-stdlib-common-1.4.31.jar:/home/runner/.m2/repository/org/jetbrains/annotations/13.0/annotations-13.0.jar:/home/runner/.m2/repository/io/opentracing/opentracing-util/0.33.0/opentracing-util-0.33.0.jar:/home/runner/.m2/repository/io/opentracing/opentracing-api/0.33.0/opentracing-api-0.33.0.jar:/home/runner/.m2/repository/io/opentracing/opentracing-noop/0.33.0/opentracing-noop-0.33.0.jar:/home/runner/.m2/repository/org/yaml/snakeyaml/1.26/snakeyaml-1.26.jar:/home/runner/.m2/repository/org/apache/ozone/hdds-interface-admin/1.3.0-SNAPSHOT/hdds-interface-admin-1.3.0-SNAPSHOT.jar:/home/runner/.m2/repository/junit/junit/4.13.1/junit-4.13.1.jar:/home/runner/.m2/repository/org/hamcrest/hamcrest-core/1.3/hamcrest-core-1.3.jar:/home/runner/.m2/repository/org/junit/jupiter/junit-jupiter-api/5.7.0/junit-jupiter-api-5.7.0.jar:/home/runner/.m2/repository/org/apiguardian/apiguardian-api/1.1.0/apiguardian-api-1.1.0.jar:/home/runner/.m2/repository/org/opentest4j/opentest4j/1.2.0/opentest4j-1.2.0.jar:/home/runner/.m2/repository/org/junit/platform/junit-platform-commons/1.7.0/junit-platform-commons-1.7.0.jar:/home/runner/.m2/repository/org/junit/jupiter/junit-jupiter-engine/5.7.0/junit-jupiter-engine-5.7.0.jar:/home/runner/.m2/repository/org/junit/platform/junit-platform-engine/1.7.0/junit-platform-engine-1.7.0.jar:/home/runner/.m2/repository/org/junit/vintage/junit-vintage-engine/5.7.0/junit-vintage-engine-5.7.0.jar:/home/runner/.m2/repository/org/junit/platform/junit-platform-launcher/1.7.0/junit-platform-launcher-1.7.0.jar:/home/runner/.m2/repository/org/mockito/mockito-core/2.28.2/mockito-core-2.28.2.jar:/home/runner/.m2/repository/net/bytebuddy/byte-buddy/1.9.10/byte-buddy-1.9.10.jar:/home/runner/.m2/repository/net/bytebuddy/byte-buddy-agent/1.9.10/byte-buddy-agent-1.9.10.jar:/home/runner/.m2/repository/org/objenesis/objenesis/1.0/objenesis-1.0.jar:/home/runner/.m2/repository/org/apache/hadoop/hadoop-kms/3.3.1/hadoop-kms-3.3.1.jar:/home/runner/.m2/repository/org/apache/hadoop/hadoop-auth/3.3.1/hadoop-auth-3.3.1.jar:/home/runner/.m2/repository/com/nimbusds/nimbus-jose-jwt/7.9/nimbus-jose-jwt-7.9.jar:/home/runner/.m2/repository/com/github/stephenc/jcip/jcip-annotations/1.0-1/jcip-annotations-1.0-1.jar:/home/runner/.m2/repository/net/minidev/json-smart/2.4.7/json-smart-2.4.7.jar:/home/runner/.m2/repository/net/minidev/accessors-smart/2.4.7/accessors-smart-2.4.7.jar:/home/runner/.m2/repository/org/ow2/asm/asm/5.0.4/asm-5.0.4.jar:/home/runner/.m2/repository/org/apache/zookeeper/zookeeper/3.5.6/zookeeper-3.5.6.jar:/home/runner/.m2/repository/org/apache/zookeeper/zookeeper-jute/3.5.6/zookeeper-jute-3.5.6.jar:/home/runner/.m2/repository/org/apache/yetus/audience-annotations/0.5.0/audience-annotations-0.5.0.jar:/home/runner/.m2/repository/org/apache/curator/curator-framework/4.2.0/curator-framework-4.2.0.jar:/home/runner/.m2/repository/org/apache/hadoop/thirdparty/hadoop-shaded-guava/1.1.1/hadoop-shaded-guava-1.1.1.jar:/home/runner/.m2/repository/com/sun/jersey/jersey-core/1.19/jersey-core-1.19.jar:/home/runner/.m2/repository/javax/ws/rs/jsr311-api/1.1.1/jsr311-api-1.1.1.jar:/home/runner/.m2/repository/com/sun/jersey/jersey-server/1.19/jersey-server-1.19.jar:/home/runner/.m2/repository/javax/servlet/javax.servlet-api/3.1.0/javax.servlet-api-3.1.0.jar:/home/runner/.m2/repository/org/eclipse/jetty/jetty-server/9.4.43.v20210629/jetty-server-9.4.43.v20210629.jar:/home/runner/.m2/repository/org/eclipse/jetty/jetty-http/9.4.43.v20210629/jetty-http-9.4.43.v20210629.jar:/home/runner/.m2/repository/org/eclipse/jetty/jetty-io/9.4.43.v20210629/jetty-io-9.4.43.v20210629.jar:/home/runner/.m2/repository/org/eclipse/jetty/jetty-webapp/9.4.43.v20210629/jetty-webapp-9.4.43.v20210629.jar:/home/runner/.m2/repository/org/eclipse/jetty/jetty-xml/9.4.43.v20210629/jetty-xml-9.4.43.v20210629.jar:/home/runner/.m2/repository/org/apache/hadoop/hadoop-common/3.3.1/hadoop-common-3.3.1.jar:/home/runner/.m2/repository/org/apache/commons/commons-math3/3.1.1/commons-math3-3.1.1.jar:/home/runner/.m2/repository/commons-net/commons-net/3.6/commons-net-3.6.jar:/home/runner/.m2/repository/jakarta/activation/jakarta.activation-api/1.2.1/jakarta.activation-api-1.2.1.jar:/home/runner/.m2/repository/com/sun/jersey/jersey-servlet/1.19/jersey-servlet-1.19.jar:/home/runner/.m2/repository/com/sun/jersey/jersey-json/1.19/jersey-json-1.19.jar:/home/runner/.m2/repository/org/codehaus/jettison/jettison/1.1/jettison-1.1.jar:/home/runner/.m2/repository/com/sun/xml/bind/jaxb-impl/2.2.3-1/jaxb-impl-2.2.3-1.jar:/home/runner/.m2/repository/org/codehaus/jackson/jackson-jaxrs/1.9.2/jackson-jaxrs-1.9.2.jar:/home/runner/.m2/repository/org/codehaus/jackson/jackson-xc/1.9.2/jackson-xc-1.9.2.jar:/home/runner/.m2/repository/org/apache/commons/commons-configuration2/2.1.1/commons-configuration2-2.1.1.jar:/home/runner/.m2/repository/org/apache/commons/commons-text/1.4/commons-text-1.4.jar:/home/runner/.m2/repository/com/google/re2j/re2j/1.1/re2j-1.1.jar:/home/runner/.m2/repository/com/jcraft/jsch/0.1.54/jsch-0.1.54.jar:/home/runner/.m2/repository/org/apache/curator/curator-client/4.2.0/curator-client-4.2.0.jar:/home/runner/.m2/repository/org/apache/curator/curator-recipes/4.2.0/curator-recipes-4.2.0.jar:/home/runner/.m2/repository/org/apache/kerby/kerb-core/1.0.1/kerb-core-1.0.1.jar:/home/runner/.m2/repository/org/apache/kerby/kerby-pkix/1.0.1/kerby-pkix-1.0.1.jar:/home/runner/.m2/repository/org/apache/kerby/kerby-asn1/1.0.1/kerby-asn1-1.0.1.jar:/home/runner/.m2/repository/org/apache/kerby/kerby-util/1.0.1/kerby-util-1.0.1.jar:/home/runner/.m2/repository/dnsjava/dnsjava/2.1.7/dnsjava-2.1.7.jar:/home/runner/.m2/repository/org/xerial/snappy/snappy-java/1.1.8.2/snappy-java-1.1.8.2.jar:/home/runner/.m2/repository/org/slf4j/jul-to-slf4j/1.7.30/jul-to-slf4j-1.7.30.jar:/home/runner/.m2/repository/org/eclipse/jetty/jetty-util/9.4.43.v20210629/jetty-util-9.4.43.v20210629.jar:/home/runner/.m2/repository/com/fasterxml/jackson/core/jackson-databind/2.12.1/jackson-databind-2.12.1.jar:/home/runner/.m2/repository/org/apache/hadoop/hadoop-kms/3.3.1/hadoop-kms-3.3.1-tests.jar:/home/runner/.m2/repository/org/apache/ozone/hdds-server-scm/1.3.0-SNAPSHOT/hdds-server-scm-1.3.0-SNAPSHOT-tests.jar:/home/runner/.m2/repository/org/apache/ozone/hdds-container-service/1.3.0-SNAPSHOT/hdds-container-service-1.3.0-SNAPSHOT-tests.jar:/home/runner/.m2/repository/commons-codec/commons-codec/1.11/commons-codec-1.11.jar:/home/runner/.m2/repository/io/netty/netty-transport/4.1.63.Final/netty-transport-4.1.63.Final.jar:/home/runner/.m2/repository/io/netty/netty-resolver/4.1.63.Final/netty-resolver-4.1.63.Final.jar:/home/runner/.m2/repository/io/netty/netty-codec/4.1.63.Final/netty-codec-4.1.63.Final.jar:/home/runner/.m2/repository/io/netty/netty-handler/4.1.63.Final/netty-handler-4.1.63.Final.jar:/home/runner/.m2/repository/org/apache/ozone/hdds-hadoop-dependency-test/1.3.0-SNAPSHOT/hdds-hadoop-dependency-test-1.3.0-SNAPSHOT.jar:/home/runner/.m2/repository/org/apache/hadoop/hadoop-common/3.3.1/hadoop-common-3.3.1-tests.jar:/home/runner/.m2/repository/org/assertj/assertj-core/3.12.2/assertj-core-3.12.2.jar:/home/runner/.m2/repository/org/apache/hadoop/hadoop-hdfs/3.3.1/hadoop-hdfs-3.3.1-tests.jar:/home/runner/.m2/repository/org/eclipse/jetty/jetty-util-ajax/9.4.43.v20210629/jetty-util-ajax-9.4.43.v20210629.jar:/home/runner/.m2/repository/commons-daemon/commons-daemon/1.0.13/commons-daemon-1.0.13.jar:/home/runner/.m2/repository/io/netty/netty/3.10.6.Final/netty-3.10.6.Final.jar:/home/runner/.m2/repository/io/netty/netty-all/4.1.63.Final/netty-all-4.1.63.Final.jar:/home/runner/.m2/repository/org/apache/htrace/htrace-core4/4.1.0-incubating/htrace-core4-4.1.0-incubating.jar:/home/runner/.m2/repository/org/fusesource/leveldbjni/leveldbjni-all/1.8/leveldbjni-all-1.8.jar:/home/runner/.m2/repository/org/apache/hadoop/hadoop-distcp/3.3.1/hadoop-distcp-3.3.1.jar:/home/runner/.m2/repository/org/apache/hadoop/hadoop-mapreduce-client-jobclient/3.3.1/hadoop-mapreduce-client-jobclient-3.3.1.jar:/home/runner/.m2/repository/org/apache/hadoop/hadoop-mapreduce-client-common/3.3.1/hadoop-mapreduce-client-common-3.3.1.jar:/home/runner/.m2/repository/org/apache/hadoop/hadoop-yarn-common/3.3.1/hadoop-yarn-common-3.3.1.jar:/home/runner/.m2/repository/org/apache/hadoop/hadoop-yarn-api/3.3.1/hadoop-yarn-api-3.3.1.jar:/home/runner/.m2/repository/com/sun/jersey/jersey-client/1.19/jersey-client-1.19.jar:/home/runner/.m2/repository/com/sun/jersey/contribs/jersey-guice/1.19/jersey-guice-1.19.jar:/home/runner/.m2/repository/com/fasterxml/jackson/jaxrs/jackson-jaxrs-json-provider/2.12.1/jackson-jaxrs-json-provider-2.12.1.jar:/home/runner/.m2/repository/com/fasterxml/jackson/jaxrs/jackson-jaxrs-base/2.12.1/jackson-jaxrs-base-2.12.1.jar:/home/runner/.m2/repository/org/apache/hadoop/hadoop-yarn-client/3.3.1/hadoop-yarn-client-3.3.1.jar:/home/runner/.m2/repository/org/eclipse/jetty/websocket/websocket-client/9.4.40.v20210413/websocket-client-9.4.40.v20210413.jar:/home/runner/.m2/repository/org/eclipse/jetty/jetty-client/9.4.40.v20210413/jetty-client-9.4.40.v20210413.jar:/home/runner/.m2/repository/org/eclipse/jetty/websocket/websocket-common/9.4.40.v20210413/websocket-common-9.4.40.v20210413.jar:/home/runner/.m2/repository/org/eclipse/jetty/websocket/websocket-api/9.4.40.v20210413/websocket-api-9.4.40.v20210413.jar:/home/runner/.m2/repository/org/jline/jline/3.9.0/jline-3.9.0.jar:/home/runner/.m2/repository/org/apache/hadoop/hadoop-mapreduce-client-core/3.3.1/hadoop-mapreduce-client-core-3.3.1.jar:/home/runner/.m2/repository/org/apache/avro/avro/1.7.7/avro-1.7.7.jar:/home/runner/.m2/repository/org/codehaus/jackson/jackson-core-asl/1.9.13/jackson-core-asl-1.9.13.jar:/home/runner/.m2/repository/org/codehaus/jackson/jackson-mapper-asl/1.9.13/jackson-mapper-asl-1.9.13.jar:/home/runner/.m2/repository/com/thoughtworks/paranamer/paranamer/2.3/paranamer-2.3.jar:/home/runner/.m2/repository/org/apache/hadoop/hadoop-annotations/3.3.1/hadoop-annotations-3.3.1.jar:/usr/lib/jvm/temurin-8-jdk-amd64/jre/../lib/tools.jar:/home/runner/.m2/repository/org/apache/hadoop/hadoop-distcp/3.3.1/hadoop-distcp-3.3.1-tests.jar:/home/runner/.m2/repository/org/apache/ratis/ratis-common/2.2.0/ratis-common-2.2.0.jar:/home/runner/.m2/repository/org/apache/ratis/ratis-thirdparty-misc/0.7.0/ratis-thirdparty-misc-0.7.0.jar:/home/runner/.m2/repository/org/apache/ratis/ratis-proto/2.2.0/ratis-proto-2.2.0.jar:"/>
    <property name="java.vm.vendor" value="Temurin"/>
    <property name="sun.arch.data.model" value="64"/>
    <property name="test.build.dir" value="/home/runner/work/ozone/ozone/hadoop-ozone/integration-test/target/test-dir"/>
    <property name="test.cache.data" value=""/>
    <property name="java.vendor.url" value="https://adoptium.net/"/>
    <property name="user.timezone" value=""/>
    <property name="java.vm.specification.version" value="1.8"/>
    <property name="os.name" value="Linux"/>
    <property name="test.build.data" value="/home/runner/work/ozone/ozone/hadoop-ozone/integration-test/target/test-dir"/>
    <property name="sun.java.launcher" value="SUN_STANDARD"/>
    <property name="sun.boot.library.path" value="/usr/lib/jvm/temurin-8-jdk-amd64/jre/lib/amd64"/>
    <property name="sun.java.command" value="/home/runner/work/ozone/ozone/hadoop-ozone/integration-test/target/surefire/surefirebooter5843273337433230636.jar /home/runner/work/ozone/ozone/hadoop-ozone/integration-test/target/surefire 2022-02-20T10-22-43_430-jvmRun1 surefire4652085401823218909tmp surefire_458488544655762882986tmp"/>
    <property name="surefire.test.class.path" value="/home/runner/work/ozone/ozone/hadoop-ozone/integration-test/target/test-classes:/home/runner/work/ozone/ozone/hadoop-ozone/integration-test/target/classes:/home/runner/.m2/repository/org/apache/ozone/ozone-common/1.3.0-SNAPSHOT/ozone-common-1.3.0-SNAPSHOT.jar:/home/runner/.m2/repository/org/apache/commons/commons-compress/1.21/commons-compress-1.21.jar:/home/runner/.m2/repository/org/apache/ozone/hdds-common/1.3.0-SNAPSHOT/hdds-common-1.3.0-SNAPSHOT.jar:/home/runner/.m2/repository/org/apache/ozone/hdds-client/1.3.0-SNAPSHOT/hdds-client-1.3.0-SNAPSHOT.jar:/home/runner/.m2/repository/org/apache/ozone/ozone-interface-client/1.3.0-SNAPSHOT/ozone-interface-client-1.3.0-SNAPSHOT.jar:/home/runner/.m2/repository/org/apache/ozone/hdds-test-utils/1.3.0-SNAPSHOT/hdds-test-utils-1.3.0-SNAPSHOT.jar:/home/runner/.m2/repository/com/google/guava/guava/30.1.1-jre/guava-30.1.1-jre.jar:/home/runner/.m2/repository/com/google/guava/failureaccess/1.0.1/failureaccess-1.0.1.jar:/home/runner/.m2/repository/com/google/guava/listenablefuture/9999.0-empty-to-avoid-conflict-with-guava/listenablefuture-9999.0-empty-to-avoid-conflict-with-guava.jar:/home/runner/.m2/repository/com/google/code/findbugs/jsr305/3.0.0/jsr305-3.0.0.jar:/home/runner/.m2/repository/org/checkerframework/checker-qual/3.8.0/checker-qual-3.8.0.jar:/home/runner/.m2/repository/com/google/errorprone/error_prone_annotations/2.2.0/error_prone_annotations-2.2.0.jar:/home/runner/.m2/repository/com/google/j2objc/j2objc-annotations/1.3/j2objc-annotations-1.3.jar:/home/runner/.m2/repository/commons-io/commons-io/2.11.0/commons-io-2.11.0.jar:/home/runner/.m2/repository/commons-logging/commons-logging/1.2/commons-logging-1.2.jar:/home/runner/.m2/repository/log4j/log4j/1.2.17/log4j-1.2.17.jar:/home/runner/.m2/repository/org/slf4j/slf4j-api/1.7.30/slf4j-api-1.7.30.jar:/home/runner/.m2/repository/org/apache/ozone/hdds-server-scm/1.3.0-SNAPSHOT/hdds-server-scm-1.3.0-SNAPSHOT.jar:/home/runner/.m2/repository/org/apache/ozone/hdds-container-service/1.3.0-SNAPSHOT/hdds-container-service-1.3.0-SNAPSHOT.jar:/home/runner/.m2/repository/org/apache/ozone/hdds-hadoop-dependency-server/1.3.0-SNAPSHOT/hdds-hadoop-dependency-server-1.3.0-SNAPSHOT.jar:/home/runner/.m2/repository/org/apache/hadoop/hadoop-hdfs/3.3.1/hadoop-hdfs-3.3.1.jar:/home/runner/.m2/repository/org/apache/ozone/hdds-server-framework/1.3.0-SNAPSHOT/hdds-server-framework-1.3.0-SNAPSHOT.jar:/home/runner/.m2/repository/org/apache/ozone/hdds-interface-server/1.3.0-SNAPSHOT/hdds-interface-server-1.3.0-SNAPSHOT.jar:/home/runner/.m2/repository/org/eclipse/jetty/jetty-servlet/9.4.43.v20210629/jetty-servlet-9.4.43.v20210629.jar:/home/runner/.m2/repository/org/eclipse/jetty/jetty-security/9.4.43.v20210629/jetty-security-9.4.43.v20210629.jar:/home/runner/.m2/repository/org/rocksdb/rocksdbjni/6.25.3/rocksdbjni-6.25.3.jar:/home/runner/.m2/repository/io/prometheus/simpleclient_dropwizard/0.7.0/simpleclient_dropwizard-0.7.0.jar:/home/runner/.m2/repository/io/prometheus/simpleclient/0.7.0/simpleclient-0.7.0.jar:/home/runner/.m2/repository/io/prometheus/simpleclient_common/0.7.0/simpleclient_common-0.7.0.jar:/home/runner/.m2/repository/com/fasterxml/jackson/datatype/jackson-datatype-jsr310/2.12.1/jackson-datatype-jsr310-2.12.1.jar:/home/runner/.m2/repository/io/dropwizard/metrics/metrics-core/3.2.4/metrics-core-3.2.4.jar:/home/runner/.m2/repository/org/apache/hadoop/hadoop-hdfs-client/3.3.1/hadoop-hdfs-client-3.3.1.jar:/home/runner/.m2/repository/org/bouncycastle/bcprov-jdk15on/1.67/bcprov-jdk15on-1.67.jar:/home/runner/.m2/repository/com/google/protobuf/protobuf-java/2.5.0/protobuf-java-2.5.0.jar:/home/runner/.m2/repository/org/apache/ozone/ozone-manager/1.3.0-SNAPSHOT/ozone-manager-1.3.0-SNAPSHOT.jar:/home/runner/.m2/repository/org/aspectj/aspectjrt/1.9.7/aspectjrt-1.9.7.jar:/home/runner/.m2/repository/org/aspectj/aspectjweaver/1.9.7/aspectjweaver-1.9.7.jar:/home/runner/.m2/repository/org/apache/ozone/hdds-interface-client/1.3.0-SNAPSHOT/hdds-interface-client-1.3.0-SNAPSHOT.jar:/home/runner/.m2/repository/org/apache/hadoop/thirdparty/hadoop-shaded-protobuf_3_7/1.1.1/hadoop-shaded-protobuf_3_7-1.1.1.jar:/home/runner/.m2/repository/org/apache/ozone/ozone-interface-storage/1.3.0-SNAPSHOT/ozone-interface-storage-1.3.0-SNAPSHOT.jar:/home/runner/.m2/repository/org/reflections/reflections/0.9.11/reflections-0.9.11.jar:/home/runner/.m2/repository/org/apache/hadoop/hadoop-minikdc/3.3.1/hadoop-minikdc-3.3.1.jar:/home/runner/.m2/repository/org/apache/kerby/kerb-simplekdc/1.0.1/kerb-simplekdc-1.0.1.jar:/home/runner/.m2/repository/org/apache/kerby/kerb-client/1.0.1/kerb-client-1.0.1.jar:/home/runner/.m2/repository/org/apache/kerby/kerby-config/1.0.1/kerby-config-1.0.1.jar:/home/runner/.m2/repository/org/apache/kerby/kerb-common/1.0.1/kerb-common-1.0.1.jar:/home/runner/.m2/repository/org/apache/kerby/kerb-crypto/1.0.1/kerb-crypto-1.0.1.jar:/home/runner/.m2/repository/org/apache/kerby/kerb-util/1.0.1/kerb-util-1.0.1.jar:/home/runner/.m2/repository/org/apache/kerby/token-provider/1.0.1/token-provider-1.0.1.jar:/home/runner/.m2/repository/org/apache/kerby/kerb-admin/1.0.1/kerb-admin-1.0.1.jar:/home/runner/.m2/repository/org/apache/kerby/kerb-server/1.0.1/kerb-server-1.0.1.jar:/home/runner/.m2/repository/org/apache/kerby/kerb-identity/1.0.1/kerb-identity-1.0.1.jar:/home/runner/.m2/repository/org/apache/kerby/kerby-xdr/1.0.1/kerby-xdr-1.0.1.jar:/home/runner/.m2/repository/org/slf4j/slf4j-log4j12/1.7.30/slf4j-log4j12-1.7.30.jar:/home/runner/.m2/repository/org/apache/ozone/ozone-s3gateway/1.3.0-SNAPSHOT/ozone-s3gateway-1.3.0-SNAPSHOT.jar:/home/runner/.m2/repository/org/javassist/javassist/3.21.0-GA/javassist-3.21.0-GA.jar:/home/runner/.m2/repository/org/jboss/weld/servlet/weld-servlet/2.4.7.Final/weld-servlet-2.4.7.Final.jar:/home/runner/.m2/repository/org/glassfish/jersey/containers/jersey-container-servlet-core/2.33/jersey-container-servlet-core-2.33.jar:/home/runner/.m2/repository/org/glassfish/hk2/external/jakarta.inject/2.6.1/jakarta.inject-2.6.1.jar:/home/runner/.m2/repository/org/glassfish/jersey/core/jersey-common/2.33/jersey-common-2.33.jar:/home/runner/.m2/repository/jakarta/ws/rs/jakarta.ws.rs-api/2.1.6/jakarta.ws.rs-api-2.1.6.jar:/home/runner/.m2/repository/org/glassfish/jersey/ext/cdi/jersey-cdi1x/2.33/jersey-cdi1x-2.33.jar:/home/runner/.m2/repository/org/glassfish/jersey/inject/jersey-hk2/2.33/jersey-hk2-2.33.jar:/home/runner/.m2/repository/org/glassfish/hk2/hk2-locator/2.6.1/hk2-locator-2.6.1.jar:/home/runner/.m2/repository/org/glassfish/jersey/media/jersey-media-jaxb/2.33/jersey-media-jaxb-2.33.jar:/home/runner/.m2/repository/org/glassfish/hk2/osgi-resource-locator/1.0.3/osgi-resource-locator-1.0.3.jar:/home/runner/.m2/repository/org/glassfish/hk2/hk2-api/2.5.0/hk2-api-2.5.0.jar:/home/runner/.m2/repository/org/glassfish/hk2/hk2-utils/2.5.0/hk2-utils-2.5.0.jar:/home/runner/.m2/repository/org/glassfish/hk2/external/aopalliance-repackaged/2.5.0/aopalliance-repackaged-2.5.0.jar:/home/runner/.m2/repository/com/fasterxml/jackson/dataformat/jackson-dataformat-xml/2.12.1/jackson-dataformat-xml-2.12.1.jar:/home/runner/.m2/repository/com/fasterxml/jackson/core/jackson-core/2.12.1/jackson-core-2.12.1.jar:/home/runner/.m2/repository/com/fasterxml/jackson/module/jackson-module-jaxb-annotations/2.12.1/jackson-module-jaxb-annotations-2.12.1.jar:/home/runner/.m2/repository/jakarta/xml/bind/jakarta.xml.bind-api/2.3.2/jakarta.xml.bind-api-2.3.2.jar:/home/runner/.m2/repository/org/codehaus/woodstox/stax2-api/3.1.4/stax2-api-3.1.4.jar:/home/runner/.m2/repository/com/fasterxml/woodstox/woodstox-core/5.0.3/woodstox-core-5.0.3.jar:/home/runner/.m2/repository/javax/enterprise/cdi-api/1.2/cdi-api-1.2.jar:/home/runner/.m2/repository/javax/el/javax.el-api/3.0.0/javax.el-api-3.0.0.jar:/home/runner/.m2/repository/javax/interceptor/javax.interceptor-api/1.2/javax.interceptor-api-1.2.jar:/home/runner/.m2/repository/javax/inject/javax.inject/1/javax.inject-1.jar:/home/runner/.m2/repository/javax/xml/bind/jaxb-api/2.3.0/jaxb-api-2.3.0.jar:/home/runner/.m2/repository/org/glassfish/jaxb/jaxb-runtime/2.3.0.1/jaxb-runtime-2.3.0.1.jar:/home/runner/.m2/repository/org/glassfish/jaxb/jaxb-core/2.3.0.1/jaxb-core-2.3.0.1.jar:/home/runner/.m2/repository/org/glassfish/jaxb/txw2/2.3.0.1/txw2-2.3.0.1.jar:/home/runner/.m2/repository/com/sun/istack/istack-commons-runtime/3.0.5/istack-commons-runtime-3.0.5.jar:/home/runner/.m2/repository/org/jvnet/staxex/stax-ex/1.7.8/stax-ex-1.7.8.jar:/home/runner/.m2/repository/com/sun/xml/fastinfoset/FastInfoset/1.2.13/FastInfoset-1.2.13.jar:/home/runner/.m2/repository/javax/activation/activation/1.1.1/activation-1.1.1.jar:/home/runner/.m2/repository/org/apache/ozone/ozone-csi/1.3.0-SNAPSHOT/ozone-csi-1.3.0-SNAPSHOT.jar:/home/runner/.m2/repository/com/google/protobuf/protobuf-java-util/3.12.0/protobuf-java-util-3.12.0.jar:/home/runner/.m2/repository/com/google/code/gson/gson/2.2.4/gson-2.2.4.jar:/home/runner/.m2/repository/org/apache/ozone/hdds-config/1.3.0-SNAPSHOT/hdds-config-1.3.0-SNAPSHOT.jar:/home/runner/.m2/repository/io/grpc/grpc-netty/1.33.0/grpc-netty-1.33.0.jar:/home/runner/.m2/repository/io/grpc/grpc-core/1.33.0/grpc-core-1.33.0.jar:/home/runner/.m2/repository/com/google/android/annotations/4.1.1.4/annotations-4.1.1.4.jar:/home/runner/.m2/repository/io/netty/netty-codec-http2/4.1.63.Final/netty-codec-http2-4.1.63.Final.jar:/home/runner/.m2/repository/io/netty/netty-codec-http/4.1.63.Final/netty-codec-http-4.1.63.Final.jar:/home/runner/.m2/repository/io/netty/netty-handler-proxy/4.1.63.Final/netty-handler-proxy-4.1.63.Final.jar:/home/runner/.m2/repository/io/netty/netty-codec-socks/4.1.63.Final/netty-codec-socks-4.1.63.Final.jar:/home/runner/.m2/repository/io/perfmark/perfmark-api/0.19.0/perfmark-api-0.19.0.jar:/home/runner/.m2/repository/org/codehaus/mojo/animal-sniffer-annotations/1.18/animal-sniffer-annotations-1.18.jar:/home/runner/.m2/repository/io/netty/netty-transport-native-epoll/4.1.63.Final/netty-transport-native-epoll-4.1.63.Final.jar:/home/runner/.m2/repository/io/netty/netty-common/4.1.63.Final/netty-common-4.1.63.Final.jar:/home/runner/.m2/repository/io/netty/netty-buffer/4.1.63.Final/netty-buffer-4.1.63.Final.jar:/home/runner/.m2/repository/io/netty/netty-transport-native-unix-common/4.1.63.Final/netty-transport-native-unix-common-4.1.63.Final.jar:/home/runner/.m2/repository/io/grpc/grpc-protobuf/1.33.0/grpc-protobuf-1.33.0.jar:/home/runner/.m2/repository/io/grpc/grpc-api/1.33.0/grpc-api-1.33.0.jar:/home/runner/.m2/repository/io/grpc/grpc-context/1.33.0/grpc-context-1.33.0.jar:/home/runner/.m2/repository/com/google/api/grpc/proto-google-common-protos/1.17.0/proto-google-common-protos-1.17.0.jar:/home/runner/.m2/repository/io/grpc/grpc-protobuf-lite/1.33.0/grpc-protobuf-lite-1.33.0.jar:/home/runner/.m2/repository/io/grpc/grpc-stub/1.33.0/grpc-stub-1.33.0.jar:/home/runner/.m2/repository/org/apache/ozone/ozone-recon/1.3.0-SNAPSHOT/ozone-recon-1.3.0-SNAPSHOT.jar:/home/runner/.m2/repository/org/apache/ozone/ozone-reconcodegen/1.3.0-SNAPSHOT/ozone-reconcodegen-1.3.0-SNAPSHOT.jar:/home/runner/.m2/repository/com/google/inject/extensions/guice-multibindings/4.0/guice-multibindings-4.0.jar:/home/runner/.m2/repository/com/google/inject/guice/4.0/guice-4.0.jar:/home/runner/.m2/repository/aopalliance/aopalliance/1.0/aopalliance-1.0.jar:/home/runner/.m2/repository/com/google/inject/extensions/guice-assistedinject/4.0/guice-assistedinject-4.0.jar:/home/runner/.m2/repository/com/google/inject/extensions/guice-servlet/4.0/guice-servlet-4.0.jar:/home/runner/.m2/repository/org/glassfish/jersey/containers/jersey-container-servlet/2.33/jersey-container-servlet-2.33.jar:/home/runner/.m2/repository/org/glassfish/hk2/guice-bridge/2.5.0/guice-bridge-2.5.0.jar:/home/runner/.m2/repository/org/glassfish/jersey/core/jersey-server/2.33/jersey-server-2.33.jar:/home/runner/.m2/repository/org/glassfish/jersey/core/jersey-client/2.33/jersey-client-2.33.jar:/home/runner/.m2/repository/jakarta/annotation/jakarta.annotation-api/1.3.5/jakarta.annotation-api-1.3.5.jar:/home/runner/.m2/repository/jakarta/validation/jakarta.validation-api/2.0.2/jakarta.validation-api-2.0.2.jar:/home/runner/.m2/repository/org/glassfish/jersey/media/jersey-media-json-jackson/2.33/jersey-media-json-jackson-2.33.jar:/home/runner/.m2/repository/org/glassfish/jersey/ext/jersey-entity-filtering/2.33/jersey-entity-filtering-2.33.jar:/home/runner/.m2/repository/org/jooq/jooq/3.11.10/jooq-3.11.10.jar:/home/runner/.m2/repository/org/jooq/jooq-meta/3.11.10/jooq-meta-3.11.10.jar:/home/runner/.m2/repository/org/jooq/jooq-codegen/3.11.10/jooq-codegen-3.11.10.jar:/home/runner/.m2/repository/com/jolbox/bonecp/0.8.0.RELEASE/bonecp-0.8.0.RELEASE.jar:/home/runner/.m2/repository/org/apache/derby/derby/10.14.2.0/derby-10.14.2.0.jar:/home/runner/.m2/repository/org/xerial/sqlite-jdbc/3.25.2/sqlite-jdbc-3.25.2.jar:/home/runner/.m2/repository/org/springframework/spring-jdbc/5.2.18.RELEASE/spring-jdbc-5.2.18.RELEASE.jar:/home/runner/.m2/repository/org/springframework/spring-beans/5.2.18.RELEASE/spring-beans-5.2.18.RELEASE.jar:/home/runner/.m2/repository/org/springframework/spring-core/5.2.18.RELEASE/spring-core-5.2.18.RELEASE.jar:/home/runner/.m2/repository/org/springframework/spring-jcl/5.2.18.RELEASE/spring-jcl-5.2.18.RELEASE.jar:/home/runner/.m2/repository/org/springframework/spring-tx/5.2.18.RELEASE/spring-tx-5.2.18.RELEASE.jar:/home/runner/.m2/repository/org/apache/ozone/ozone-client/1.3.0-SNAPSHOT/ozone-client-1.3.0-SNAPSHOT.jar:/home/runner/.m2/repository/org/apache/ozone/ozone-filesystem/1.3.0-SNAPSHOT/ozone-filesystem-1.3.0-SNAPSHOT.jar:/home/runner/.m2/repository/org/apache/ozone/ozone-filesystem-common/1.3.0-SNAPSHOT/ozone-filesystem-common-1.3.0-SNAPSHOT.jar:/home/runner/.m2/repository/org/apache/ozone/ozone-tools/1.3.0-SNAPSHOT/ozone-tools-1.3.0-SNAPSHOT.jar:/home/runner/.m2/repository/org/apache/ratis/ratis-tools/2.2.0/ratis-tools-2.2.0.jar:/home/runner/.m2/repository/com/amazonaws/aws-java-sdk-core/1.12.124/aws-java-sdk-core-1.12.124.jar:/home/runner/.m2/repository/org/apache/httpcomponents/httpclient/4.5.13/httpclient-4.5.13.jar:/home/runner/.m2/repository/org/apache/httpcomponents/httpcore/4.4.13/httpcore-4.4.13.jar:/home/runner/.m2/repository/software/amazon/ion/ion-java/1.0.2/ion-java-1.0.2.jar:/home/runner/.m2/repository/com/fasterxml/jackson/dataformat/jackson-dataformat-cbor/2.12.1/jackson-dataformat-cbor-2.12.1.jar:/home/runner/.m2/repository/joda-time/joda-time/2.8.1/joda-time-2.8.1.jar:/home/runner/.m2/repository/com/amazonaws/aws-java-sdk-s3/1.12.124/aws-java-sdk-s3-1.12.124.jar:/home/runner/.m2/repository/com/amazonaws/aws-java-sdk-kms/1.12.124/aws-java-sdk-kms-1.12.124.jar:/home/runner/.m2/repository/com/amazonaws/jmespath-java/1.12.124/jmespath-java-1.12.124.jar:/home/runner/.m2/repository/org/kohsuke/metainf-services/metainf-services/1.8/metainf-services-1.8.jar:/home/runner/.m2/repository/org/apache/ozone/hdds-tools/1.3.0-SNAPSHOT/hdds-tools-1.3.0-SNAPSHOT.jar:/home/runner/.m2/repository/commons-cli/commons-cli/1.2/commons-cli-1.2.jar:/home/runner/.m2/repository/org/apache/commons/commons-lang3/3.7/commons-lang3-3.7.jar:/home/runner/.m2/repository/org/apache/ozone/ozone-manager/1.3.0-SNAPSHOT/ozone-manager-1.3.0-SNAPSHOT-tests.jar:/home/runner/.m2/repository/org/apache/ozone/hdds-common/1.3.0-SNAPSHOT/hdds-common-1.3.0-SNAPSHOT-tests.jar:/home/runner/.m2/repository/org/apache/ozone/hdds-hadoop-dependency-client/1.3.0-SNAPSHOT/hdds-hadoop-dependency-client-1.3.0-SNAPSHOT.jar:/home/runner/.m2/repository/info/picocli/picocli/4.6.1/picocli-4.6.1.jar:/home/runner/.m2/repository/com/fasterxml/jackson/core/jackson-annotations/2.12.1/jackson-annotations-2.12.1.jar:/home/runner/.m2/repository/javax/annotation/javax.annotation-api/1.2/javax.annotation-api-1.2.jar:/home/runner/.m2/repository/org/apache/ratis/ratis-server/2.2.0/ratis-server-2.2.0.jar:/home/runner/.m2/repository/org/apache/ratis/ratis-client/2.2.0/ratis-client-2.2.0.jar:/home/runner/.m2/repository/org/apache/ratis/ratis-server-api/2.2.0/ratis-server-api-2.2.0.jar:/home/runner/.m2/repository/org/apache/ratis/ratis-metrics/2.2.0/ratis-metrics-2.2.0.jar:/home/runner/.m2/repository/org/apache/ratis/ratis-netty/2.2.0/ratis-netty-2.2.0.jar:/home/runner/.m2/repository/org/apache/ratis/ratis-grpc/2.2.0/ratis-grpc-2.2.0.jar:/home/runner/.m2/repository/org/apache/logging/log4j/log4j-api/2.17.1/log4j-api-2.17.1.jar:/home/runner/.m2/repository/org/apache/logging/log4j/log4j-core/2.17.1/log4j-core-2.17.1.jar:/home/runner/.m2/repository/com/lmax/disruptor/3.4.2/disruptor-3.4.2.jar:/home/runner/.m2/repository/org/apache/commons/commons-pool2/2.6.0/commons-pool2-2.6.0.jar:/home/runner/.m2/repository/org/bouncycastle/bcpkix-jdk15on/1.67/bcpkix-jdk15on-1.67.jar:/home/runner/.m2/repository/commons-validator/commons-validator/1.6/commons-validator-1.6.jar:/home/runner/.m2/repository/commons-beanutils/commons-beanutils/1.9.4/commons-beanutils-1.9.4.jar:/home/runner/.m2/repository/commons-digester/commons-digester/1.8.1/commons-digester-1.8.1.jar:/home/runner/.m2/repository/commons-collections/commons-collections/3.2.2/commons-collections-3.2.2.jar:/home/runner/.m2/repository/io/jaegertracing/jaeger-client/1.6.0/jaeger-client-1.6.0.jar:/home/runner/.m2/repository/io/jaegertracing/jaeger-thrift/1.6.0/jaeger-thrift-1.6.0.jar:/home/runner/.m2/repository/org/apache/thrift/libthrift/0.14.1/libthrift-0.14.1.jar:/home/runner/.m2/repository/com/squareup/okhttp3/okhttp/4.9.0/okhttp-4.9.0.jar:/home/runner/.m2/repository/com/squareup/okio/okio/2.8.0/okio-2.8.0.jar:/home/runner/.m2/repository/io/jaegertracing/jaeger-core/1.6.0/jaeger-core-1.6.0.jar:/home/runner/.m2/repository/io/jaegertracing/jaeger-tracerresolver/1.6.0/jaeger-tracerresolver-1.6.0.jar:/home/runner/.m2/repository/io/opentracing/contrib/opentracing-tracerresolver/0.1.8/opentracing-tracerresolver-0.1.8.jar:/home/runner/.m2/repository/org/jetbrains/kotlin/kotlin-stdlib/1.4.31/kotlin-stdlib-1.4.31.jar:/home/runner/.m2/repository/org/jetbrains/kotlin/kotlin-stdlib-common/1.4.31/kotlin-stdlib-common-1.4.31.jar:/home/runner/.m2/repository/org/jetbrains/annotations/13.0/annotations-13.0.jar:/home/runner/.m2/repository/io/opentracing/opentracing-util/0.33.0/opentracing-util-0.33.0.jar:/home/runner/.m2/repository/io/opentracing/opentracing-api/0.33.0/opentracing-api-0.33.0.jar:/home/runner/.m2/repository/io/opentracing/opentracing-noop/0.33.0/opentracing-noop-0.33.0.jar:/home/runner/.m2/repository/org/yaml/snakeyaml/1.26/snakeyaml-1.26.jar:/home/runner/.m2/repository/org/apache/ozone/hdds-interface-admin/1.3.0-SNAPSHOT/hdds-interface-admin-1.3.0-SNAPSHOT.jar:/home/runner/.m2/repository/junit/junit/4.13.1/junit-4.13.1.jar:/home/runner/.m2/repository/org/hamcrest/hamcrest-core/1.3/hamcrest-core-1.3.jar:/home/runner/.m2/repository/org/junit/jupiter/junit-jupiter-api/5.7.0/junit-jupiter-api-5.7.0.jar:/home/runner/.m2/repository/org/apiguardian/apiguardian-api/1.1.0/apiguardian-api-1.1.0.jar:/home/runner/.m2/repository/org/opentest4j/opentest4j/1.2.0/opentest4j-1.2.0.jar:/home/runner/.m2/repository/org/junit/platform/junit-platform-commons/1.7.0/junit-platform-commons-1.7.0.jar:/home/runner/.m2/repository/org/junit/jupiter/junit-jupiter-engine/5.7.0/junit-jupiter-engine-5.7.0.jar:/home/runner/.m2/repository/org/junit/platform/junit-platform-engine/1.7.0/junit-platform-engine-1.7.0.jar:/home/runner/.m2/repository/org/junit/vintage/junit-vintage-engine/5.7.0/junit-vintage-engine-5.7.0.jar:/home/runner/.m2/repository/org/junit/platform/junit-platform-launcher/1.7.0/junit-platform-launcher-1.7.0.jar:/home/runner/.m2/repository/org/mockito/mockito-core/2.28.2/mockito-core-2.28.2.jar:/home/runner/.m2/repository/net/bytebuddy/byte-buddy/1.9.10/byte-buddy-1.9.10.jar:/home/runner/.m2/repository/net/bytebuddy/byte-buddy-agent/1.9.10/byte-buddy-agent-1.9.10.jar:/home/runner/.m2/repository/org/objenesis/objenesis/1.0/objenesis-1.0.jar:/home/runner/.m2/repository/org/apache/hadoop/hadoop-kms/3.3.1/hadoop-kms-3.3.1.jar:/home/runner/.m2/repository/org/apache/hadoop/hadoop-auth/3.3.1/hadoop-auth-3.3.1.jar:/home/runner/.m2/repository/com/nimbusds/nimbus-jose-jwt/7.9/nimbus-jose-jwt-7.9.jar:/home/runner/.m2/repository/com/github/stephenc/jcip/jcip-annotations/1.0-1/jcip-annotations-1.0-1.jar:/home/runner/.m2/repository/net/minidev/json-smart/2.4.7/json-smart-2.4.7.jar:/home/runner/.m2/repository/net/minidev/accessors-smart/2.4.7/accessors-smart-2.4.7.jar:/home/runner/.m2/repository/org/ow2/asm/asm/5.0.4/asm-5.0.4.jar:/home/runner/.m2/repository/org/apache/zookeeper/zookeeper/3.5.6/zookeeper-3.5.6.jar:/home/runner/.m2/repository/org/apache/zookeeper/zookeeper-jute/3.5.6/zookeeper-jute-3.5.6.jar:/home/runner/.m2/repository/org/apache/yetus/audience-annotations/0.5.0/audience-annotations-0.5.0.jar:/home/runner/.m2/repository/org/apache/curator/curator-framework/4.2.0/curator-framework-4.2.0.jar:/home/runner/.m2/repository/org/apache/hadoop/thirdparty/hadoop-shaded-guava/1.1.1/hadoop-shaded-guava-1.1.1.jar:/home/runner/.m2/repository/com/sun/jersey/jersey-core/1.19/jersey-core-1.19.jar:/home/runner/.m2/repository/javax/ws/rs/jsr311-api/1.1.1/jsr311-api-1.1.1.jar:/home/runner/.m2/repository/com/sun/jersey/jersey-server/1.19/jersey-server-1.19.jar:/home/runner/.m2/repository/javax/servlet/javax.servlet-api/3.1.0/javax.servlet-api-3.1.0.jar:/home/runner/.m2/repository/org/eclipse/jetty/jetty-server/9.4.43.v20210629/jetty-server-9.4.43.v20210629.jar:/home/runner/.m2/repository/org/eclipse/jetty/jetty-http/9.4.43.v20210629/jetty-http-9.4.43.v20210629.jar:/home/runner/.m2/repository/org/eclipse/jetty/jetty-io/9.4.43.v20210629/jetty-io-9.4.43.v20210629.jar:/home/runner/.m2/repository/org/eclipse/jetty/jetty-webapp/9.4.43.v20210629/jetty-webapp-9.4.43.v20210629.jar:/home/runner/.m2/repository/org/eclipse/jetty/jetty-xml/9.4.43.v20210629/jetty-xml-9.4.43.v20210629.jar:/home/runner/.m2/repository/org/apache/hadoop/hadoop-common/3.3.1/hadoop-common-3.3.1.jar:/home/runner/.m2/repository/org/apache/commons/commons-math3/3.1.1/commons-math3-3.1.1.jar:/home/runner/.m2/repository/commons-net/commons-net/3.6/commons-net-3.6.jar:/home/runner/.m2/repository/jakarta/activation/jakarta.activation-api/1.2.1/jakarta.activation-api-1.2.1.jar:/home/runner/.m2/repository/com/sun/jersey/jersey-servlet/1.19/jersey-servlet-1.19.jar:/home/runner/.m2/repository/com/sun/jersey/jersey-json/1.19/jersey-json-1.19.jar:/home/runner/.m2/repository/org/codehaus/jettison/jettison/1.1/jettison-1.1.jar:/home/runner/.m2/repository/com/sun/xml/bind/jaxb-impl/2.2.3-1/jaxb-impl-2.2.3-1.jar:/home/runner/.m2/repository/org/codehaus/jackson/jackson-jaxrs/1.9.2/jackson-jaxrs-1.9.2.jar:/home/runner/.m2/repository/org/codehaus/jackson/jackson-xc/1.9.2/jackson-xc-1.9.2.jar:/home/runner/.m2/repository/org/apache/commons/commons-configuration2/2.1.1/commons-configuration2-2.1.1.jar:/home/runner/.m2/repository/org/apache/commons/commons-text/1.4/commons-text-1.4.jar:/home/runner/.m2/repository/com/google/re2j/re2j/1.1/re2j-1.1.jar:/home/runner/.m2/repository/com/jcraft/jsch/0.1.54/jsch-0.1.54.jar:/home/runner/.m2/repository/org/apache/curator/curator-client/4.2.0/curator-client-4.2.0.jar:/home/runner/.m2/repository/org/apache/curator/curator-recipes/4.2.0/curator-recipes-4.2.0.jar:/home/runner/.m2/repository/org/apache/kerby/kerb-core/1.0.1/kerb-core-1.0.1.jar:/home/runner/.m2/repository/org/apache/kerby/kerby-pkix/1.0.1/kerby-pkix-1.0.1.jar:/home/runner/.m2/repository/org/apache/kerby/kerby-asn1/1.0.1/kerby-asn1-1.0.1.jar:/home/runner/.m2/repository/org/apache/kerby/kerby-util/1.0.1/kerby-util-1.0.1.jar:/home/runner/.m2/repository/dnsjava/dnsjava/2.1.7/dnsjava-2.1.7.jar:/home/runner/.m2/repository/org/xerial/snappy/snappy-java/1.1.8.2/snappy-java-1.1.8.2.jar:/home/runner/.m2/repository/org/slf4j/jul-to-slf4j/1.7.30/jul-to-slf4j-1.7.30.jar:/home/runner/.m2/repository/org/eclipse/jetty/jetty-util/9.4.43.v20210629/jetty-util-9.4.43.v20210629.jar:/home/runner/.m2/repository/com/fasterxml/jackson/core/jackson-databind/2.12.1/jackson-databind-2.12.1.jar:/home/runner/.m2/repository/org/apache/hadoop/hadoop-kms/3.3.1/hadoop-kms-3.3.1-tests.jar:/home/runner/.m2/repository/org/apache/ozone/hdds-server-scm/1.3.0-SNAPSHOT/hdds-server-scm-1.3.0-SNAPSHOT-tests.jar:/home/runner/.m2/repository/org/apache/ozone/hdds-container-service/1.3.0-SNAPSHOT/hdds-container-service-1.3.0-SNAPSHOT-tests.jar:/home/runner/.m2/repository/commons-codec/commons-codec/1.11/commons-codec-1.11.jar:/home/runner/.m2/repository/io/netty/netty-transport/4.1.63.Final/netty-transport-4.1.63.Final.jar:/home/runner/.m2/repository/io/netty/netty-resolver/4.1.63.Final/netty-resolver-4.1.63.Final.jar:/home/runner/.m2/repository/io/netty/netty-codec/4.1.63.Final/netty-codec-4.1.63.Final.jar:/home/runner/.m2/repository/io/netty/netty-handler/4.1.63.Final/netty-handler-4.1.63.Final.jar:/home/runner/.m2/repository/org/apache/ozone/hdds-hadoop-dependency-test/1.3.0-SNAPSHOT/hdds-hadoop-dependency-test-1.3.0-SNAPSHOT.jar:/home/runner/.m2/repository/org/apache/hadoop/hadoop-common/3.3.1/hadoop-common-3.3.1-tests.jar:/home/runner/.m2/repository/org/assertj/assertj-core/3.12.2/assertj-core-3.12.2.jar:/home/runner/.m2/repository/org/apache/hadoop/hadoop-hdfs/3.3.1/hadoop-hdfs-3.3.1-tests.jar:/home/runner/.m2/repository/org/eclipse/jetty/jetty-util-ajax/9.4.43.v20210629/jetty-util-ajax-9.4.43.v20210629.jar:/home/runner/.m2/repository/commons-daemon/commons-daemon/1.0.13/commons-daemon-1.0.13.jar:/home/runner/.m2/repository/io/netty/netty/3.10.6.Final/netty-3.10.6.Final.jar:/home/runner/.m2/repository/io/netty/netty-all/4.1.63.Final/netty-all-4.1.63.Final.jar:/home/runner/.m2/repository/org/apache/htrace/htrace-core4/4.1.0-incubating/htrace-core4-4.1.0-incubating.jar:/home/runner/.m2/repository/org/fusesource/leveldbjni/leveldbjni-all/1.8/leveldbjni-all-1.8.jar:/home/runner/.m2/repository/org/apache/hadoop/hadoop-distcp/3.3.1/hadoop-distcp-3.3.1.jar:/home/runner/.m2/repository/org/apache/hadoop/hadoop-mapreduce-client-jobclient/3.3.1/hadoop-mapreduce-client-jobclient-3.3.1.jar:/home/runner/.m2/repository/org/apache/hadoop/hadoop-mapreduce-client-common/3.3.1/hadoop-mapreduce-client-common-3.3.1.jar:/home/runner/.m2/repository/org/apache/hadoop/hadoop-yarn-common/3.3.1/hadoop-yarn-common-3.3.1.jar:/home/runner/.m2/repository/org/apache/hadoop/hadoop-yarn-api/3.3.1/hadoop-yarn-api-3.3.1.jar:/home/runner/.m2/repository/com/sun/jersey/jersey-client/1.19/jersey-client-1.19.jar:/home/runner/.m2/repository/com/sun/jersey/contribs/jersey-guice/1.19/jersey-guice-1.19.jar:/home/runner/.m2/repository/com/fasterxml/jackson/jaxrs/jackson-jaxrs-json-provider/2.12.1/jackson-jaxrs-json-provider-2.12.1.jar:/home/runner/.m2/repository/com/fasterxml/jackson/jaxrs/jackson-jaxrs-base/2.12.1/jackson-jaxrs-base-2.12.1.jar:/home/runner/.m2/repository/org/apache/hadoop/hadoop-yarn-client/3.3.1/hadoop-yarn-client-3.3.1.jar:/home/runner/.m2/repository/org/eclipse/jetty/websocket/websocket-client/9.4.40.v20210413/websocket-client-9.4.40.v20210413.jar:/home/runner/.m2/repository/org/eclipse/jetty/jetty-client/9.4.40.v20210413/jetty-client-9.4.40.v20210413.jar:/home/runner/.m2/repository/org/eclipse/jetty/websocket/websocket-common/9.4.40.v20210413/websocket-common-9.4.40.v20210413.jar:/home/runner/.m2/repository/org/eclipse/jetty/websocket/websocket-api/9.4.40.v20210413/websocket-api-9.4.40.v20210413.jar:/home/runner/.m2/repository/org/jline/jline/3.9.0/jline-3.9.0.jar:/home/runner/.m2/repository/org/apache/hadoop/hadoop-mapreduce-client-core/3.3.1/hadoop-mapreduce-client-core-3.3.1.jar:/home/runner/.m2/repository/org/apache/avro/avro/1.7.7/avro-1.7.7.jar:/home/runner/.m2/repository/org/codehaus/jackson/jackson-core-asl/1.9.13/jackson-core-asl-1.9.13.jar:/home/runner/.m2/repository/org/codehaus/jackson/jackson-mapper-asl/1.9.13/jackson-mapper-asl-1.9.13.jar:/home/runner/.m2/repository/com/thoughtworks/paranamer/paranamer/2.3/paranamer-2.3.jar:/home/runner/.m2/repository/org/apache/hadoop/hadoop-annotations/3.3.1/hadoop-annotations-3.3.1.jar:/usr/lib/jvm/temurin-8-jdk-amd64/jre/../lib/tools.jar:/home/runner/.m2/repository/org/apache/hadoop/hadoop-distcp/3.3.1/hadoop-distcp-3.3.1-tests.jar:/home/runner/.m2/repository/org/apache/ratis/ratis-common/2.2.0/ratis-common-2.2.0.jar:/home/runner/.m2/repository/org/apache/ratis/ratis-thirdparty-misc/0.7.0/ratis-thirdparty-misc-0.7.0.jar:/home/runner/.m2/repository/org/apache/ratis/ratis-proto/2.2.0/ratis-proto-2.2.0.jar:"/>
    <property name="sun.cpu.endian" value="little"/>
    <property name="user.home" value="/home/runner"/>
    <property name="user.language" value="en"/>
    <property name="java.specification.vendor" value="Oracle Corporation"/>
    <property name="java.home" value="/usr/lib/jvm/temurin-8-jdk-amd64/jre"/>
    <property name="java.security.krb5.conf" value="/home/runner/work/ozone/ozone/hadoop-ozone/integration-test/target/test-classes/krb5.conf"/>
    <property name="basedir" value="/home/runner/work/ozone/ozone/hadoop-ozone/integration-test"/>
    <property name="file.separator" value="/"/>
    <property name="line.separator" value="&#10;"/>
    <property name="java.vm.specification.vendor" value="Oracle Corporation"/>
    <property name="java.specification.name" value="Java Platform API Specification"/>
    <property name="java.awt.graphicsenv" value="sun.awt.X11GraphicsEnvironment"/>
    <property name="skip.installnpx" value="true"/>
    <property name="surefire.real.class.path" value="/home/runner/work/ozone/ozone/hadoop-ozone/integration-test/target/surefire/surefirebooter5843273337433230636.jar:/home/runner/.m2/repository/org/jacoco/org.jacoco.agent/0.8.5/org.jacoco.agent-0.8.5-runtime.jar"/>
    <property name="hadoop.log.dir" value="/home/runner/work/ozone/ozone/hadoop-ozone/integration-test/target/log"/>
    <property name="sun.boot.class.path" value="/usr/lib/jvm/temurin-8-jdk-amd64/jre/lib/resources.jar:/usr/lib/jvm/temurin-8-jdk-amd64/jre/lib/rt.jar:/usr/lib/jvm/temurin-8-jdk-amd64/jre/lib/sunrsasign.jar:/usr/lib/jvm/temurin-8-jdk-amd64/jre/lib/jsse.jar:/usr/lib/jvm/temurin-8-jdk-amd64/jre/lib/jce.jar:/usr/lib/jvm/temurin-8-jdk-amd64/jre/lib/charsets.jar:/usr/lib/jvm/temurin-8-jdk-amd64/jre/lib/jfr.jar:/usr/lib/jvm/temurin-8-jdk-amd64/jre/classes"/>
    <property name="sun.management.compiler" value="HotSpot 64-Bit Tiered Compilers"/>
    <property name="skip.npx" value="true"/>
    <property name="java.runtime.version" value="1.8.0_322-b06"/>
    <property name="java.net.preferIPv4Stack" value="true"/>
    <property name="user.name" value="runner"/>
    <property name="path.separator" value=":"/>
    <property name="java.security.egd" value="file:///dev/urandom"/>
    <property name="os.version" value="5.4.0-1069-azure"/>
    <property name="java.endorsed.dirs" value="/usr/lib/jvm/temurin-8-jdk-amd64/jre/lib/endorsed"/>
    <property name="java.runtime.name" value="OpenJDK Runtime Environment"/>
    <property name="file.encoding" value="UTF-8"/>
    <property name="java.vm.name" value="OpenJDK 64-Bit Server VM"/>
    <property name="test.build.webapps" value=""/>
    <property name="localRepository" value="/home/runner/.m2/repository"/>
    <property name="java.vendor.url.bug" value="https://github.com/adoptium/adoptium-support/issues"/>
    <property name="java.io.tmpdir" value="/tmp"/>
    <property name="require.test.libhadoop" value=""/>
    <property name="java.version" value="1.8.0_322"/>
    <property name="user.dir" value="/home/runner/work/ozone/ozone/hadoop-ozone/integration-test"/>
    <property name="os.arch" value="amd64"/>
    <property name="java.vm.specification.name" value="Java Virtual Machine Specification"/>
    <property name="test.build.classes" value="/home/runner/work/ozone/ozone/hadoop-ozone/integration-test/target/test-classes"/>
    <property name="java.awt.printerjob" value="sun.print.PSPrinterJob"/>
    <property name="sun.os.patch.level" value="unknown"/>
    <property name="hadoop.tmp.dir" value="/home/runner/work/ozone/ozone/hadoop-ozone/integration-test/target/tmp"/>
    <property name="java.library.path" value="/usr/java/packages/lib/amd64:/usr/lib64:/lib64:/lib:/usr/lib"/>
    <property name="java.vm.info" value="mixed mode"/>
    <property name="java.vendor" value="Temurin"/>
    <property name="java.vm.version" value="25.322-b06"/>
    <property name="java.ext.dirs" value="/usr/lib/jvm/temurin-8-jdk-amd64/jre/lib/ext:/usr/java/packages/lib/ext"/>
    <property name="sun.io.unicode.encoding" value="UnicodeLittle"/>
    <property name="java.class.version" value="52.0"/>
  </properties>
  <testcase name="testNonPrivilegedUserMkdirCreateBucket[0]" classname="org.apache.hadoop.fs.ozone.TestRootedOzoneFileSystem" time="0.056"/>
  <testcase name="testRenameFile[0]" classname="org.apache.hadoop.fs.ozone.TestRootedOzoneFileSystem" time="0.316"/>
  <testcase name="testListStatusRootAndVolumeRecursive[0]" classname="org.apache.hadoop.fs.ozone.TestRootedOzoneFileSystem" time="0.899">
    <error message="Bucket is not empty" type="BUCKET_NOT_EMPTY org.apache.hadoop.ozone.om.exceptions.OMException">BUCKET_NOT_EMPTY org.apache.hadoop.ozone.om.exceptions.OMException: Bucket is not empty
	at org.apache.hadoop.ozone.om.protocolPB.OzoneManagerProtocolClientSideTranslatorPB.handleError(OzoneManagerProtocolClientSideTranslatorPB.java:663)
	at org.apache.hadoop.ozone.om.protocolPB.OzoneManagerProtocolClientSideTranslatorPB.deleteBucket(OzoneManagerProtocolClientSideTranslatorPB.java:865)
	at org.apache.hadoop.ozone.client.rpc.RpcClient.deleteBucket(RpcClient.java:756)
	at org.apache.hadoop.ozone.client.OzoneVolume.deleteBucket(OzoneVolume.java:444)
	at org.apache.hadoop.fs.ozone.TestRootedOzoneFileSystem.teardownVolumeBucketWithDir(TestRootedOzoneFileSystem.java:724)
	at org.apache.hadoop.fs.ozone.TestRootedOzoneFileSystem.testListStatusRootAndVolumeRecursive(TestRootedOzoneFileSystem.java:852)
	at sun.reflect.NativeMethodAccessorImpl.invoke0(Native Method)
	at sun.reflect.NativeMethodAccessorImpl.invoke(NativeMethodAccessorImpl.java:62)
	at sun.reflect.DelegatingMethodAccessorImpl.invoke(DelegatingMethodAccessorImpl.java:43)
	at java.lang.reflect.Method.invoke(Method.java:498)
	at org.junit.runners.model.FrameworkMethod$1.runReflectiveCall(FrameworkMethod.java:59)
	at org.junit.internal.runners.model.ReflectiveCallable.run(ReflectiveCallable.java:12)
	at org.junit.runners.model.FrameworkMethod.invokeExplosively(FrameworkMethod.java:56)
	at org.junit.internal.runners.statements.InvokeMethod.evaluate(InvokeMethod.java:17)
	at org.junit.internal.runners.statements.FailOnTimeout$CallableStatement.call(FailOnTimeout.java:288)
	at org.junit.internal.runners.statements.FailOnTimeout$CallableStatement.call(FailOnTimeout.java:282)
	at java.util.concurrent.FutureTask.run(FutureTask.java:266)
	at java.lang.Thread.run(Thread.java:750)
</error>
    <system-out><![CDATA[2022-02-20 11:32:20,962 [Time-limited test] INFO  rpc.RpcClient (RpcClient.java:createVolume(399)) - Creating Volume: volume-44519, with runner as owner and space quota set to -1 bytes, counts quota set to -1
2022-02-20 11:32:20,965 [OM StateMachine ApplyTransaction Thread - 0] INFO  volume.OMVolumeCreateRequest (OMVolumeCreateRequest.java:validateAndUpdateCache(195)) - created volume:volume-44519 for user:runner
2022-02-20 11:32:20,967 [Time-limited test] INFO  rpc.RpcClient (RpcClient.java:createBucket(562)) - Creating Bucket: volume-44519/bucket-82058, with runner as owner and Versioning false and Storage Type set to DISK and Encryption set to false 
2022-02-20 11:32:21,019 [Time-limited test] INFO  impl.MetricsSystemImpl (MetricsSystemImpl.java:init(158)) - XceiverClientMetrics metrics system started (again)
2022-02-20 11:32:21,411 [Time-limited test] INFO  rpc.RpcClient (RpcClient.java:createVolume(399)) - Creating Volume: volume-36056, with runner as owner and space quota set to -1 bytes, counts quota set to -1
2022-02-20 11:32:21,413 [OM StateMachine ApplyTransaction Thread - 0] INFO  volume.OMVolumeCreateRequest (OMVolumeCreateRequest.java:validateAndUpdateCache(195)) - created volume:volume-36056 for user:runner
2022-02-20 11:32:21,416 [Time-limited test] INFO  rpc.RpcClient (RpcClient.java:createBucket(562)) - Creating Bucket: volume-36056/bucket-38589, with runner as owner and Versioning false and Storage Type set to DISK and Encryption set to false 
11:32:21.843 [OM StateMachine ApplyTransaction Thread - 0] ERROR OMAudit - user=runner | ip=127.0.0.1 | op=DELETE_BUCKET {volume=volume-36056, bucket=bucket-38589} | ret=FAILURE
org.apache.hadoop.ozone.om.exceptions.OMException: Bucket is not empty
	at org.apache.hadoop.ozone.om.request.bucket.OMBucketDeleteRequest.validateAndUpdateCache(OMBucketDeleteRequest.java:125) ~[ozone-manager-1.3.0-SNAPSHOT.jar:?]
	at org.apache.hadoop.ozone.protocolPB.OzoneManagerRequestHandler.handleWriteRequest(OzoneManagerRequestHandler.java:244) ~[ozone-manager-1.3.0-SNAPSHOT.jar:?]
	at org.apache.hadoop.ozone.om.ratis.OzoneManagerStateMachine.runCommand(OzoneManagerStateMachine.java:502) ~[ozone-manager-1.3.0-SNAPSHOT.jar:?]
	at org.apache.hadoop.ozone.om.ratis.OzoneManagerStateMachine.lambda$2(OzoneManagerStateMachine.java:312) ~[ozone-manager-1.3.0-SNAPSHOT.jar:?]
	at java.util.concurrent.CompletableFuture$AsyncSupply.run(CompletableFuture.java:1604) [?:1.8.0_322]
	at java.util.concurrent.ThreadPoolExecutor.runWorker(ThreadPoolExecutor.java:1149) [?:1.8.0_322]
	at java.util.concurrent.ThreadPoolExecutor$Worker.run(ThreadPoolExecutor.java:624) [?:1.8.0_322]
	at java.lang.Thread.run(Thread.java:750) [?:1.8.0_322]
2022-02-20 11:32:21,844 [OM StateMachine ApplyTransaction Thread - 0] ERROR bucket.OMBucketDeleteRequest (OMBucketDeleteRequest.java:validateAndUpdateCache(182)) - Delete bucket failed for bucket:bucket-38589 in volume:volume-36056
BUCKET_NOT_EMPTY org.apache.hadoop.ozone.om.exceptions.OMException: Bucket is not empty
	at org.apache.hadoop.ozone.om.request.bucket.OMBucketDeleteRequest.validateAndUpdateCache(OMBucketDeleteRequest.java:125)
	at org.apache.hadoop.ozone.protocolPB.OzoneManagerRequestHandler.handleWriteRequest(OzoneManagerRequestHandler.java:244)
	at org.apache.hadoop.ozone.om.ratis.OzoneManagerStateMachine.runCommand(OzoneManagerStateMachine.java:502)
	at org.apache.hadoop.ozone.om.ratis.OzoneManagerStateMachine.lambda$2(OzoneManagerStateMachine.java:312)
	at java.util.concurrent.CompletableFuture$AsyncSupply.run(CompletableFuture.java:1604)
	at java.util.concurrent.ThreadPoolExecutor.runWorker(ThreadPoolExecutor.java:1149)
	at java.util.concurrent.ThreadPoolExecutor$Worker.run(ThreadPoolExecutor.java:624)
	at java.lang.Thread.run(Thread.java:750)
]]></system-out>
  </testcase>
  <testcase name="testTempMount[0]" classname="org.apache.hadoop.fs.ozone.TestRootedOzoneFileSystem" time="0.109"/>
  <testcase name="testListStatusRootAndVolumeNonRecursive[0]" classname="org.apache.hadoop.fs.ozone.TestRootedOzoneFileSystem" time="0.197">
    <failure message="expected:&lt;4&gt; but was:&lt;6&gt;" type="java.lang.AssertionError"><![CDATA[java.lang.AssertionError: expected:<4> but was:<6>
	at org.junit.Assert.fail(Assert.java:89)
	at org.junit.Assert.failNotEquals(Assert.java:835)
	at org.junit.Assert.assertEquals(Assert.java:647)
	at org.junit.Assert.assertEquals(Assert.java:633)
	at org.apache.hadoop.fs.ozone.TestRootedOzoneFileSystem.testListStatusRootAndVolumeNonRecursive(TestRootedOzoneFileSystem.java:773)
	at sun.reflect.NativeMethodAccessorImpl.invoke0(Native Method)
	at sun.reflect.NativeMethodAccessorImpl.invoke(NativeMethodAccessorImpl.java:62)
	at sun.reflect.DelegatingMethodAccessorImpl.invoke(DelegatingMethodAccessorImpl.java:43)
	at java.lang.reflect.Method.invoke(Method.java:498)
	at org.junit.runners.model.FrameworkMethod$1.runReflectiveCall(FrameworkMethod.java:59)
	at org.junit.internal.runners.model.ReflectiveCallable.run(ReflectiveCallable.java:12)
	at org.junit.runners.model.FrameworkMethod.invokeExplosively(FrameworkMethod.java:56)
	at org.junit.internal.runners.statements.InvokeMethod.evaluate(InvokeMethod.java:17)
	at org.junit.internal.runners.statements.FailOnTimeout$CallableStatement.call(FailOnTimeout.java:288)
	at org.junit.internal.runners.statements.FailOnTimeout$CallableStatement.call(FailOnTimeout.java:282)
	at java.util.concurrent.FutureTask.run(FutureTask.java:266)
	at java.lang.Thread.run(Thread.java:750)
]]></failure>
    <system-out><![CDATA[2022-02-20 11:32:21,971 [Time-limited test] INFO  rpc.RpcClient (RpcClient.java:createVolume(399)) - Creating Volume: volume-54445, with runner as owner and space quota set to -1 bytes, counts quota set to -1
2022-02-20 11:32:21,973 [OM StateMachine ApplyTransaction Thread - 0] INFO  volume.OMVolumeCreateRequest (OMVolumeCreateRequest.java:validateAndUpdateCache(195)) - created volume:volume-54445 for user:runner
2022-02-20 11:32:21,975 [Time-limited test] INFO  rpc.RpcClient (RpcClient.java:createBucket(562)) - Creating Bucket: volume-54445/bucket-86743, with runner as owner and Versioning false and Storage Type set to DISK and Encryption set to false 
2022-02-20 11:32:22,052 [Time-limited test] INFO  rpc.RpcClient (RpcClient.java:createVolume(399)) - Creating Volume: volume-92771, with runner as owner and space quota set to -1 bytes, counts quota set to -1
2022-02-20 11:32:22,056 [OM StateMachine ApplyTransaction Thread - 0] INFO  volume.OMVolumeCreateRequest (OMVolumeCreateRequest.java:validateAndUpdateCache(195)) - created volume:volume-92771 for user:runner
2022-02-20 11:32:22,058 [Time-limited test] INFO  rpc.RpcClient (RpcClient.java:createBucket(562)) - Creating Bucket: volume-92771/bucket-00233, with runner as owner and Versioning false and Storage Type set to DISK and Encryption set to false 
]]></system-out>
  </testcase>
  <testcase name="testDeleteVolumeAndBucket[0]" classname="org.apache.hadoop.fs.ozone.TestRootedOzoneFileSystem" time="0.041"/>
  <testcase name="testRenameDirToItsOwnSubDir[0]" classname="org.apache.hadoop.fs.ozone.TestRootedOzoneFileSystem" time="0.022"/>
  <testcase name="testOzoneFsServiceLoader[0]" classname="org.apache.hadoop.fs.ozone.TestRootedOzoneFileSystem" time="0.02"/>
  <testcase name="testTrash[0]" classname="org.apache.hadoop.fs.ozone.TestRootedOzoneFileSystem" time="0">
    <skipped/>
  </testcase>
  <testcase name="testRenameDestinationParentDoesntExist[0]" classname="org.apache.hadoop.fs.ozone.TestRootedOzoneFileSystem" time="0.04"/>
  <testcase name="testGetFileStatusRoot[0]" classname="org.apache.hadoop.fs.ozone.TestRootedOzoneFileSystem" time="0.006"/>
  <testcase name="testCreateWithInvalidPaths[0]" classname="org.apache.hadoop.fs.ozone.TestRootedOzoneFileSystem" time="0.01"/>
  <testcase name="testDeleteEmptyVolume[0]" classname="org.apache.hadoop.fs.ozone.TestRootedOzoneFileSystem" time="0.016"/>
  <testcase name="testListStatusRootAndVolumeContinuation[0]" classname="org.apache.hadoop.fs.ozone.TestRootedOzoneFileSystem" time="0">
    <skipped message="FS Path is enabled. Skipping this test as it is not tuned for FS Path yet" type="org.junit.AssumptionViolatedException">org.junit.AssumptionViolatedException: FS Path is enabled. Skipping this test as it is not tuned for FS Path yet
	at org.junit.Assume.assumeTrue(Assume.java:68)
	at org.apache.hadoop.fs.ozone.TestRootedOzoneFileSystem.testListStatusRootAndVolumeContinuation(TestRootedOzoneFileSystem.java:887)
	at sun.reflect.NativeMethodAccessorImpl.invoke0(Native Method)
	at sun.reflect.NativeMethodAccessorImpl.invoke(NativeMethodAccessorImpl.java:62)
	at sun.reflect.DelegatingMethodAccessorImpl.invoke(DelegatingMethodAccessorImpl.java:43)
	at java.lang.reflect.Method.invoke(Method.java:498)
	at org.junit.runners.model.FrameworkMethod$1.runReflectiveCall(FrameworkMethod.java:59)
	at org.junit.internal.runners.model.ReflectiveCallable.run(ReflectiveCallable.java:12)
	at org.junit.runners.model.FrameworkMethod.invokeExplosively(FrameworkMethod.java:56)
	at org.junit.internal.runners.statements.InvokeMethod.evaluate(InvokeMethod.java:17)
	at org.junit.internal.runners.statements.FailOnTimeout$CallableStatement.call(FailOnTimeout.java:288)
	at org.junit.internal.runners.statements.FailOnTimeout$CallableStatement.call(FailOnTimeout.java:282)
	at java.util.concurrent.FutureTask.run(FutureTask.java:266)
	at java.lang.Thread.run(Thread.java:750)
</skipped>
  </testcase>
  <testcase name="testDeleteVolumeBucketAndKey[0]" classname="org.apache.hadoop.fs.ozone.TestRootedOzoneFileSystem" time="0.113"/>
  <testcase name="testRenameToParentDir[0]" classname="org.apache.hadoop.fs.ozone.TestRootedOzoneFileSystem" time="0.086"/>
  <testcase name="testMkdirNonExistentVolumeBucket[0]" classname="org.apache.hadoop.fs.ozone.TestRootedOzoneFileSystem" time="0.019"/>
  <testcase name="testFailToDeleteRoot[0]" classname="org.apache.hadoop.fs.ozone.TestRootedOzoneFileSystem" time="0.002"/>
  <testcase name="testListStatusOnSubDirs[0]" classname="org.apache.hadoop.fs.ozone.TestRootedOzoneFileSystem" time="0.062"/>
  <testcase name="testListStatus[0]" classname="org.apache.hadoop.fs.ozone.TestRootedOzoneFileSystem" time="0.07"/>
  <testcase name="testGetTrashRoots[0]" classname="org.apache.hadoop.fs.ozone.TestRootedOzoneFileSystem" time="0.837"/>
  <testcase name="testCreateDoesNotAddParentDirKeys[0]" classname="org.apache.hadoop.fs.ozone.TestRootedOzoneFileSystem" time="0.062"/>
  <testcase name="testMkdirNonExistentVolume[0]" classname="org.apache.hadoop.fs.ozone.TestRootedOzoneFileSystem" time="0.008"/>
  <testcase name="testDeleteCreatesFakeParentDir[0]" classname="org.apache.hadoop.fs.ozone.TestRootedOzoneFileSystem" time="0">
    <skipped message="FS Path is enabled. Skipping this test as it is not tuned for FS Path yet" type="org.junit.AssumptionViolatedException">org.junit.AssumptionViolatedException: FS Path is enabled. Skipping this test as it is not tuned for FS Path yet
	at org.junit.Assume.assumeTrue(Assume.java:68)
	at org.apache.hadoop.fs.ozone.TestRootedOzoneFileSystem.testDeleteCreatesFakeParentDir(TestRootedOzoneFileSystem.java:302)
	at sun.reflect.NativeMethodAccessorImpl.invoke0(Native Method)
	at sun.reflect.NativeMethodAccessorImpl.invoke(NativeMethodAccessorImpl.java:62)
	at sun.reflect.DelegatingMethodAccessorImpl.invoke(DelegatingMethodAccessorImpl.java:43)
	at java.lang.reflect.Method.invoke(Method.java:498)
	at org.junit.runners.model.FrameworkMethod$1.runReflectiveCall(FrameworkMethod.java:59)
	at org.junit.internal.runners.model.ReflectiveCallable.run(ReflectiveCallable.java:12)
	at org.junit.runners.model.FrameworkMethod.invokeExplosively(FrameworkMethod.java:56)
	at org.junit.internal.runners.statements.InvokeMethod.evaluate(InvokeMethod.java:17)
	at org.junit.internal.runners.statements.FailOnTimeout$CallableStatement.call(FailOnTimeout.java:288)
	at org.junit.internal.runners.statements.FailOnTimeout$CallableStatement.call(FailOnTimeout.java:282)
	at java.util.concurrent.FutureTask.run(FutureTask.java:266)
	at java.lang.Thread.run(Thread.java:750)
</skipped>
  </testcase>
  <testcase name="testNonExplicitlyCreatedPathExistsAfterItsLeafsWereRemoved[0]" classname="org.apache.hadoop.fs.ozone.TestRootedOzoneFileSystem" time="0.054"/>
  <testcase name="testFileDelete[0]" classname="org.apache.hadoop.fs.ozone.TestRootedOzoneFileSystem" time="0.167"/>
  <testcase name="testRenameToTrashEnabled[0]" classname="org.apache.hadoop.fs.ozone.TestRootedOzoneFileSystem" time="0.174"/>
  <testcase name="testMkdirOnNonExistentVolumeBucketDir[0]" classname="org.apache.hadoop.fs.ozone.TestRootedOzoneFileSystem" time="0">
    <skipped message="FS Path is enabled. Skipping this test as it is not tuned for FS Path yet" type="org.junit.AssumptionViolatedException">org.junit.AssumptionViolatedException: FS Path is enabled. Skipping this test as it is not tuned for FS Path yet
	at org.junit.Assume.assumeTrue(Assume.java:68)
	at org.apache.hadoop.fs.ozone.TestRootedOzoneFileSystem.testMkdirOnNonExistentVolumeBucketDir(TestRootedOzoneFileSystem.java:405)
	at sun.reflect.NativeMethodAccessorImpl.invoke0(Native Method)
	at sun.reflect.NativeMethodAccessorImpl.invoke(NativeMethodAccessorImpl.java:62)
	at sun.reflect.DelegatingMethodAccessorImpl.invoke(DelegatingMethodAccessorImpl.java:43)
	at java.lang.reflect.Method.invoke(Method.java:498)
	at org.junit.runners.model.FrameworkMethod$1.runReflectiveCall(FrameworkMethod.java:59)
	at org.junit.internal.runners.model.ReflectiveCallable.run(ReflectiveCallable.java:12)
	at org.junit.runners.model.FrameworkMethod.invokeExplosively(FrameworkMethod.java:56)
	at org.junit.internal.runners.statements.InvokeMethod.evaluate(InvokeMethod.java:17)
	at org.junit.internal.runners.statements.FailOnTimeout$CallableStatement.call(FailOnTimeout.java:288)
	at org.junit.internal.runners.statements.FailOnTimeout$CallableStatement.call(FailOnTimeout.java:282)
	at java.util.concurrent.FutureTask.run(FutureTask.java:266)
	at java.lang.Thread.run(Thread.java:750)
</skipped>
  </testcase>
  <testcase name="testListStatusOnLargeDirectory[0]" classname="org.apache.hadoop.fs.ozone.TestRootedOzoneFileSystem" time="11.572"/>
  <testcase name="testRenameToDifferentBucket[0]" classname="org.apache.hadoop.fs.ozone.TestRootedOzoneFileSystem" time="0.018"/>
  <testcase name="testListStatusInBucket[0]" classname="org.apache.hadoop.fs.ozone.TestRootedOzoneFileSystem" time="0.01"/>
  <testcase name="testRenameFileToDir[0]" classname="org.apache.hadoop.fs.ozone.TestRootedOzoneFileSystem" time="0.039"/>
  <testcase name="testNonPrivilegedUserMkdirCreateBucket[1]" classname="org.apache.hadoop.fs.ozone.TestRootedOzoneFileSystem" time="0">
    <skipped message="ACL is not enabled. Skipping this test as it requires ACL to be enabled to be meaningful." type="org.junit.AssumptionViolatedException">org.junit.AssumptionViolatedException: ACL is not enabled. Skipping this test as it requires ACL to be enabled to be meaningful.
	at org.junit.Assume.assumeTrue(Assume.java:68)
	at org.apache.hadoop.fs.ozone.TestRootedOzoneFileSystem.testNonPrivilegedUserMkdirCreateBucket(TestRootedOzoneFileSystem.java:1582)
	at sun.reflect.NativeMethodAccessorImpl.invoke0(Native Method)
	at sun.reflect.NativeMethodAccessorImpl.invoke(NativeMethodAccessorImpl.java:62)
	at sun.reflect.DelegatingMethodAccessorImpl.invoke(DelegatingMethodAccessorImpl.java:43)
	at java.lang.reflect.Method.invoke(Method.java:498)
	at org.junit.runners.model.FrameworkMethod$1.runReflectiveCall(FrameworkMethod.java:59)
	at org.junit.internal.runners.model.ReflectiveCallable.run(ReflectiveCallable.java:12)
	at org.junit.runners.model.FrameworkMethod.invokeExplosively(FrameworkMethod.java:56)
	at org.junit.internal.runners.statements.InvokeMethod.evaluate(InvokeMethod.java:17)
	at org.junit.internal.runners.statements.FailOnTimeout$CallableStatement.call(FailOnTimeout.java:288)
	at org.junit.internal.runners.statements.FailOnTimeout$CallableStatement.call(FailOnTimeout.java:282)
	at java.util.concurrent.FutureTask.run(FutureTask.java:266)
	at java.lang.Thread.run(Thread.java:750)
</skipped>
    <system-out><![CDATA[2022-02-20 11:32:35,619 [Listener at 127.0.0.1/46345] INFO  ozone.MiniOzoneClusterImpl (MiniOzoneClusterImpl.java:shutdown(437)) - Shutting down the Mini Ozone Cluster
2022-02-20 11:32:35,621 [Listener at 127.0.0.1/46345] INFO  ozone.MiniOzoneClusterImpl (MiniOzoneClusterImpl.java:stop(452)) - Stopping the Mini Ozone Cluster
2022-02-20 11:32:35,621 [Listener at 127.0.0.1/46345] INFO  ozone.MiniOzoneClusterImpl (MiniOzoneClusterImpl.java:stopOM(534)) - Stopping the OzoneManager
2022-02-20 11:32:35,621 [Listener at 127.0.0.1/46345] INFO  om.OzoneManager (OzoneManager.java:stop(1893)) - om1[localhost:0]: Stopping Ozone Manager
2022-02-20 11:32:35,621 [Listener at 127.0.0.1/46345] INFO  ipc.Server (Server.java:stop(3414)) - Stopping server on 46345
2022-02-20 11:32:35,625 [IPC Server Responder] INFO  ipc.Server (Server.java:run(1512)) - Stopping IPC Server Responder
2022-02-20 11:32:35,625 [IPC Server listener on 0] INFO  ipc.Server (Server.java:run(1376)) - Stopping IPC Server listener on 0
2022-02-20 11:32:35,626 [Listener at 127.0.0.1/46345] INFO  server.RaftServer (RaftServerProxy.java:lambda$close$6(391)) - om1: close
2022-02-20 11:32:35,626 [Listener at 127.0.0.1/46345] INFO  server.RaftServer$Division (RaftServerImpl.java:lambda$close$4(412)) - om1@group-C5BA1605619E: shutdown
2022-02-20 11:32:35,626 [Listener at 127.0.0.1/46345] INFO  util.JmxRegister (JmxRegister.java:unregister(73)) - Successfully un-registered JMX Bean with object name Ratis:service=RaftServer,group=group-C5BA1605619E,id=om1
2022-02-20 11:32:35,626 [Listener at 127.0.0.1/46345] INFO  impl.RoleInfo (RoleInfo.java:shutdownLeaderState(91)) - om1: shutdown om1@group-C5BA1605619E-LeaderStateImpl
2022-02-20 11:32:35,627 [Listener at 127.0.0.1/46345] INFO  impl.PendingRequests (PendingRequests.java:sendNotLeaderResponses(282)) - om1@group-C5BA1605619E-PendingRequests: sendNotLeaderResponses
2022-02-20 11:32:35,629 [Listener at 127.0.0.1/46345] INFO  impl.StateMachineUpdater (StateMachineUpdater.java:stopAndJoin(149)) - om1@group-C5BA1605619E-StateMachineUpdater: set stopIndex = 6536
2022-02-20 11:32:35,629 [om1@group-C5BA1605619E-StateMachineUpdater] INFO  ratis.OzoneManagerStateMachine (OzoneManagerStateMachine.java:takeSnapshot(417)) - Current Snapshot Index (t:1, i:6536)
2022-02-20 11:32:35,631 [om1@group-C5BA1605619E-StateMachineUpdater] INFO  impl.StateMachineUpdater (StateMachineUpdater.java:takeSnapshot(281)) - om1@group-C5BA1605619E-StateMachineUpdater: Took a snapshot at index 6536
2022-02-20 11:32:35,631 [om1@group-C5BA1605619E-StateMachineUpdater] INFO  impl.StateMachineUpdater (StateMachineUpdater.java:lambda$new$0(89)) - om1@group-C5BA1605619E-StateMachineUpdater: snapshotIndex: updateIncreasingly -1 -> 6536
2022-02-20 11:32:35,631 [om1@group-C5BA1605619E-StateMachineUpdater] INFO  ratis.OzoneManagerStateMachine (OzoneManagerStateMachine.java:close(471)) - StateMachine has shutdown. Shutdown OzoneManager if not already shutdown.
2022-02-20 11:32:35,631 [Listener at 127.0.0.1/46345] INFO  server.RaftServer$Division (ServerState.java:close(419)) - om1@group-C5BA1605619E: closes. applyIndex: 6536
2022-02-20 11:32:35,635 [om1@group-C5BA1605619E-SegmentedRaftLogWorker] INFO  segmented.SegmentedRaftLogWorker (SegmentedRaftLogWorker.java:run(327)) - om1@group-C5BA1605619E-SegmentedRaftLogWorker was interrupted, exiting. There are 0 tasks remaining in the queue.
2022-02-20 11:32:35,636 [Listener at 127.0.0.1/46345] INFO  segmented.SegmentedRaftLogWorker (SegmentedRaftLogWorker.java:close(237)) - om1@group-C5BA1605619E-SegmentedRaftLogWorker close()
2022-02-20 11:32:35,637 [Listener at 127.0.0.1/46345] INFO  server.GrpcService (GrpcService.java:closeImpl(262)) - om1: shutdown server with port 9872 now
2022-02-20 11:32:35,637 [Listener at 127.0.0.1/46345] INFO  server.GrpcService (GrpcService.java:closeImpl(271)) - om1: shutdown server with port 9872 successfully
2022-02-20 11:32:35,638 [org.apache.ratis.util.JvmPauseMonitor$$Lambda$421/295700833@7bf75275] INFO  util.JvmPauseMonitor (JvmPauseMonitor.java:run(109)) - JvmPauseMonitor-om1: Stopped
2022-02-20 11:32:35,638 [Listener at 127.0.0.1/46345] INFO  ratis.OzoneManagerDoubleBuffer (OzoneManagerDoubleBuffer.java:stop(437)) - Stopping OMDoubleBuffer flush thread
2022-02-20 11:32:35,639 [OMDoubleBufferFlushThread] INFO  ratis.OzoneManagerDoubleBuffer (OzoneManagerDoubleBuffer.java:flushTransactions(356)) - OMDoubleBuffer flush thread OMDoubleBufferFlushThread is interrupted and will exit. OMDoubleBufferFlushThread
2022-02-20 11:32:35,640 [Listener at 127.0.0.1/46345] INFO  utils.BackgroundService (BackgroundService.java:shutdown(132)) - Shutting down service KeyDeletingService
2022-02-20 11:32:35,640 [Listener at 127.0.0.1/46345] INFO  utils.BackgroundService (BackgroundService.java:shutdown(132)) - Shutting down service DirectoryDeletingService
2022-02-20 11:32:35,643 [Listener at 127.0.0.1/46345] INFO  handler.ContextHandler (ContextHandler.java:doStop(1153)) - Stopped o.e.j.w.WebAppContext@78a6ffe3{ozoneManager,/,null,STOPPED}{file:/home/runner/work/ozone/ozone/hadoop-ozone/integration-test/target/test-classes/webapps/ozoneManager}
2022-02-20 11:32:35,647 [Listener at 127.0.0.1/46345] INFO  server.AbstractConnector (AbstractConnector.java:doStop(381)) - Stopped ServerConnector@73c7a727{HTTP/1.1, (http/1.1)}{0.0.0.0:0}
2022-02-20 11:32:35,647 [Listener at 127.0.0.1/46345] INFO  server.session (HouseKeeper.java:stopScavenging(149)) - node0 Stopped scavenging
2022-02-20 11:32:35,647 [Listener at 127.0.0.1/46345] INFO  handler.ContextHandler (ContextHandler.java:doStop(1153)) - Stopped o.e.j.s.ServletContextHandler@1c16b2f7{static,/static,file:///home/runner/work/ozone/ozone/hadoop-ozone/integration-test/target/test-classes/webapps/static,STOPPED}
2022-02-20 11:32:35,647 [Listener at 127.0.0.1/46345] INFO  handler.ContextHandler (ContextHandler.java:doStop(1153)) - Stopped o.e.j.s.ServletContextHandler@f905f3e{logs,/logs,file:///home/runner/work/ozone/ozone/hadoop-ozone/integration-test/target/log,STOPPED}
2022-02-20 11:32:35,651 [Trash Emptier] ERROR util.ExitUtils (ExitUtils.java:terminate(133)) - Terminating with exit status -1: Thread[Trash Emptier,5,main] has thrown an uncaught exception
java.lang.UnsupportedOperationException: fs.getUri() not implemented in TrashOzoneFileSystem
	at org.apache.hadoop.ozone.om.TrashOzoneFileSystem.getUri(TrashOzoneFileSystem.java:124)
	at org.apache.hadoop.fs.FileSystem.close(FileSystem.java:2592)
	at org.apache.hadoop.ozone.om.TrashPolicyOzone$Emptier.run(TrashPolicyOzone.java:243)
	at java.lang.Thread.run(Thread.java:750)
2022-02-20 11:32:35,653 [Listener at 127.0.0.1/46345] INFO  ozone.MiniOzoneClusterImpl (MiniOzoneClusterImpl.java:stopDatanodes(511)) - Stopping the HddsDatanodes
2022-02-20 11:32:39,122 [bd1d4b4e-78ee-4572-afee-37a4a97c8ffa@group-FA55FFB73685-FollowerState] INFO  impl.FollowerState (FollowerState.java:run(134)) - bd1d4b4e-78ee-4572-afee-37a4a97c8ffa@group-FA55FFB73685-FollowerState: change to CANDIDATE, lastRpcElapsedTime:5035945631ns, electionTimeout:5030ms
2022-02-20 11:32:39,122 [bd1d4b4e-78ee-4572-afee-37a4a97c8ffa@group-FA55FFB73685-FollowerState] INFO  impl.RoleInfo (RoleInfo.java:shutdownFollowerState(108)) - bd1d4b4e-78ee-4572-afee-37a4a97c8ffa: shutdown bd1d4b4e-78ee-4572-afee-37a4a97c8ffa@group-FA55FFB73685-FollowerState
2022-02-20 11:32:39,123 [bd1d4b4e-78ee-4572-afee-37a4a97c8ffa@group-FA55FFB73685-FollowerState] INFO  server.RaftServer$Division (RaftServerImpl.java:setRole(290)) - bd1d4b4e-78ee-4572-afee-37a4a97c8ffa@group-FA55FFB73685: changes role from  FOLLOWER to CANDIDATE at term 4 for changeToCandidate
2022-02-20 11:32:39,123 [bd1d4b4e-78ee-4572-afee-37a4a97c8ffa@group-FA55FFB73685-FollowerState] INFO  server.RaftServerConfigKeys (ConfUtils.java:logGet(44)) - raft.server.leaderelection.pre-vote = false (custom)
2022-02-20 11:32:39,123 [bd1d4b4e-78ee-4572-afee-37a4a97c8ffa@group-FA55FFB73685-FollowerState] INFO  impl.RoleInfo (RoleInfo.java:updateAndGet(130)) - bd1d4b4e-78ee-4572-afee-37a4a97c8ffa: start bd1d4b4e-78ee-4572-afee-37a4a97c8ffa@group-FA55FFB73685-LeaderElection14
2022-02-20 11:32:39,125 [bd1d4b4e-78ee-4572-afee-37a4a97c8ffa@group-FA55FFB73685-LeaderElection14] INFO  impl.LeaderElection (LeaderElection.java:askForVotes(306)) - bd1d4b4e-78ee-4572-afee-37a4a97c8ffa@group-FA55FFB73685-LeaderElection14 ELECTION round 0: submit vote requests at term 5 for -1: [148351a4-1c01-4f9f-b80e-69b9846bf8c9|rpc:10.1.0.4:33161|priority:0, bd1d4b4e-78ee-4572-afee-37a4a97c8ffa|rpc:10.1.0.4:43203|priority:1, 2ad27f69-16d7-4031-a909-05da4d943227|rpc:10.1.0.4:45275|priority:0], old=null
2022-02-20 11:32:39,128 [grpc-default-executor-0] INFO  server.RaftServer$Division (RaftServerImpl.java:requestVote(1046)) - 148351a4-1c01-4f9f-b80e-69b9846bf8c9@group-FA55FFB73685: receive requestVote(ELECTION, bd1d4b4e-78ee-4572-afee-37a4a97c8ffa, group-FA55FFB73685, 5, (t:0, i:0))
2022-02-20 11:32:39,129 [grpc-default-executor-0] INFO  impl.VoteContext (VoteContext.java:log(48)) - 148351a4-1c01-4f9f-b80e-69b9846bf8c9@group-FA55FFB73685-FOLLOWER: accept ELECTION from bd1d4b4e-78ee-4572-afee-37a4a97c8ffa: our priority 0 <= candidate's priority 1
2022-02-20 11:32:39,129 [grpc-default-executor-0] INFO  server.RaftServer$Division (RaftServerImpl.java:setRole(290)) - 148351a4-1c01-4f9f-b80e-69b9846bf8c9@group-FA55FFB73685: changes role from  FOLLOWER to FOLLOWER at term 5 for candidate:bd1d4b4e-78ee-4572-afee-37a4a97c8ffa
2022-02-20 11:32:39,129 [grpc-default-executor-0] INFO  impl.RoleInfo (RoleInfo.java:shutdownFollowerState(108)) - 148351a4-1c01-4f9f-b80e-69b9846bf8c9: shutdown 148351a4-1c01-4f9f-b80e-69b9846bf8c9@group-FA55FFB73685-FollowerState
2022-02-20 11:32:39,129 [grpc-default-executor-0] INFO  impl.RoleInfo (RoleInfo.java:updateAndGet(130)) - 148351a4-1c01-4f9f-b80e-69b9846bf8c9: start 148351a4-1c01-4f9f-b80e-69b9846bf8c9@group-FA55FFB73685-FollowerState
2022-02-20 11:32:39,129 [148351a4-1c01-4f9f-b80e-69b9846bf8c9@group-FA55FFB73685-FollowerState] INFO  impl.FollowerState (FollowerState.java:run(143)) - 148351a4-1c01-4f9f-b80e-69b9846bf8c9@group-FA55FFB73685-FollowerState was interrupted: {}
java.lang.InterruptedException: sleep interrupted
	at java.lang.Thread.sleep(Native Method)
	at java.lang.Thread.sleep(Thread.java:342)
	at java.util.concurrent.TimeUnit.sleep(TimeUnit.java:386)
	at org.apache.ratis.util.TimeDuration.sleep(TimeDuration.java:324)
	at org.apache.ratis.util.TimeDuration.sleep(TimeDuration.java:309)
	at org.apache.ratis.server.impl.FollowerState.run(FollowerState.java:118)
2022-02-20 11:32:39,130 [grpc-default-executor-0] INFO  server.RaftServer$Division (RaftServerImpl.java:requestVote(1078)) - 148351a4-1c01-4f9f-b80e-69b9846bf8c9@group-FA55FFB73685 replies to ELECTION vote request: bd1d4b4e-78ee-4572-afee-37a4a97c8ffa<-148351a4-1c01-4f9f-b80e-69b9846bf8c9#0:OK-t5. Peer's state: 148351a4-1c01-4f9f-b80e-69b9846bf8c9@group-FA55FFB73685:t5, leader=null, voted=bd1d4b4e-78ee-4572-afee-37a4a97c8ffa, raftlog=148351a4-1c01-4f9f-b80e-69b9846bf8c9@group-FA55FFB73685-SegmentedRaftLog:OPENED:c-1, conf=-1: [148351a4-1c01-4f9f-b80e-69b9846bf8c9|rpc:10.1.0.4:33161|priority:0, bd1d4b4e-78ee-4572-afee-37a4a97c8ffa|rpc:10.1.0.4:43203|priority:1, 2ad27f69-16d7-4031-a909-05da4d943227|rpc:10.1.0.4:45275|priority:0], old=null
2022-02-20 11:32:39,132 [bd1d4b4e-78ee-4572-afee-37a4a97c8ffa@group-FA55FFB73685-LeaderElection14] INFO  impl.LeaderElection (LeaderElection.java:logAndReturn(89)) - bd1d4b4e-78ee-4572-afee-37a4a97c8ffa@group-FA55FFB73685-LeaderElection14: ELECTION PASSED received 1 response(s) and 0 exception(s):
2022-02-20 11:32:39,132 [bd1d4b4e-78ee-4572-afee-37a4a97c8ffa@group-FA55FFB73685-LeaderElection14] INFO  impl.LeaderElection (LeaderElection.java:logAndReturn(93)) -   Response 0: bd1d4b4e-78ee-4572-afee-37a4a97c8ffa<-148351a4-1c01-4f9f-b80e-69b9846bf8c9#0:OK-t5
2022-02-20 11:32:39,132 [bd1d4b4e-78ee-4572-afee-37a4a97c8ffa@group-FA55FFB73685-LeaderElection14] INFO  impl.LeaderElection (LeaderElection.java:askForVotes(308)) - bd1d4b4e-78ee-4572-afee-37a4a97c8ffa@group-FA55FFB73685-LeaderElection14 ELECTION round 0: result PASSED
2022-02-20 11:32:39,132 [bd1d4b4e-78ee-4572-afee-37a4a97c8ffa@group-FA55FFB73685-LeaderElection14] INFO  impl.RoleInfo (RoleInfo.java:shutdownLeaderElection(121)) - bd1d4b4e-78ee-4572-afee-37a4a97c8ffa: shutdown bd1d4b4e-78ee-4572-afee-37a4a97c8ffa@group-FA55FFB73685-LeaderElection14
2022-02-20 11:32:39,133 [bd1d4b4e-78ee-4572-afee-37a4a97c8ffa@group-FA55FFB73685-LeaderElection14] INFO  server.RaftServer$Division (RaftServerImpl.java:setRole(290)) - bd1d4b4e-78ee-4572-afee-37a4a97c8ffa@group-FA55FFB73685: changes role from CANDIDATE to LEADER at term 5 for changeToLeader
2022-02-20 11:32:39,133 [grpc-default-executor-4] INFO  server.RaftServer$Division (RaftServerImpl.java:requestVote(1046)) - 2ad27f69-16d7-4031-a909-05da4d943227@group-FA55FFB73685: receive requestVote(ELECTION, bd1d4b4e-78ee-4572-afee-37a4a97c8ffa, group-FA55FFB73685, 5, (t:0, i:0))
2022-02-20 11:32:39,133 [grpc-default-executor-4] INFO  impl.VoteContext (VoteContext.java:log(48)) - 2ad27f69-16d7-4031-a909-05da4d943227@group-FA55FFB73685-FOLLOWER: accept ELECTION from bd1d4b4e-78ee-4572-afee-37a4a97c8ffa: our priority 0 <= candidate's priority 1
2022-02-20 11:32:39,133 [grpc-default-executor-4] INFO  server.RaftServer$Division (RaftServerImpl.java:setRole(290)) - 2ad27f69-16d7-4031-a909-05da4d943227@group-FA55FFB73685: changes role from  FOLLOWER to FOLLOWER at term 5 for candidate:bd1d4b4e-78ee-4572-afee-37a4a97c8ffa
2022-02-20 11:32:39,133 [grpc-default-executor-4] INFO  impl.RoleInfo (RoleInfo.java:shutdownFollowerState(108)) - 2ad27f69-16d7-4031-a909-05da4d943227: shutdown 2ad27f69-16d7-4031-a909-05da4d943227@group-FA55FFB73685-FollowerState
2022-02-20 11:32:39,133 [grpc-default-executor-4] INFO  impl.RoleInfo (RoleInfo.java:updateAndGet(130)) - 2ad27f69-16d7-4031-a909-05da4d943227: start 2ad27f69-16d7-4031-a909-05da4d943227@group-FA55FFB73685-FollowerState
2022-02-20 11:32:39,134 [2ad27f69-16d7-4031-a909-05da4d943227@group-FA55FFB73685-FollowerState] INFO  impl.FollowerState (FollowerState.java:run(143)) - 2ad27f69-16d7-4031-a909-05da4d943227@group-FA55FFB73685-FollowerState was interrupted: {}
java.lang.InterruptedException: sleep interrupted
	at java.lang.Thread.sleep(Native Method)
	at java.lang.Thread.sleep(Thread.java:342)
	at java.util.concurrent.TimeUnit.sleep(TimeUnit.java:386)
	at org.apache.ratis.util.TimeDuration.sleep(TimeDuration.java:324)
	at org.apache.ratis.util.TimeDuration.sleep(TimeDuration.java:309)
	at org.apache.ratis.server.impl.FollowerState.run(FollowerState.java:118)
2022-02-20 11:32:39,133 [bd1d4b4e-78ee-4572-afee-37a4a97c8ffa@group-FA55FFB73685-LeaderElection14] INFO  ratis.XceiverServerRatis (XceiverServerRatis.java:handleLeaderChangedNotification(867)) - Leader change notification received for group: group-FA55FFB73685 with new leaderId: bd1d4b4e-78ee-4572-afee-37a4a97c8ffa
2022-02-20 11:32:39,135 [bd1d4b4e-78ee-4572-afee-37a4a97c8ffa@group-FA55FFB73685-LeaderElection14] INFO  server.RaftServer$Division (ServerState.java:setLeader(285)) - bd1d4b4e-78ee-4572-afee-37a4a97c8ffa@group-FA55FFB73685: change Leader from null to bd1d4b4e-78ee-4572-afee-37a4a97c8ffa at term 5 for becomeLeader, leader elected after 25132ms
2022-02-20 11:32:39,135 [bd1d4b4e-78ee-4572-afee-37a4a97c8ffa@group-FA55FFB73685-LeaderElection14] INFO  server.RaftServerConfigKeys (ConfUtils.java:logGet(44)) - raft.server.staging.catchup.gap = 1000 (default)
2022-02-20 11:32:39,135 [bd1d4b4e-78ee-4572-afee-37a4a97c8ffa@group-FA55FFB73685-LeaderElection14] INFO  server.RaftServerConfigKeys (ConfUtils.java:logGet(44)) - raft.server.write.element-limit = 1024 (custom)
2022-02-20 11:32:39,135 [bd1d4b4e-78ee-4572-afee-37a4a97c8ffa@group-FA55FFB73685-LeaderElection14] INFO  server.RaftServerConfigKeys (ConfUtils.java:logGet(44)) - raft.server.write.byte-limit = 1024 M (=1073741824) (custom)
2022-02-20 11:32:39,135 [bd1d4b4e-78ee-4572-afee-37a4a97c8ffa@group-FA55FFB73685-LeaderElection14] INFO  server.RaftServerConfigKeys (ConfUtils.java:logGet(44)) - raft.server.watch.timeout = 180s (custom)
2022-02-20 11:32:39,135 [bd1d4b4e-78ee-4572-afee-37a4a97c8ffa@group-FA55FFB73685-LeaderElection14] INFO  server.RaftServerConfigKeys (ConfUtils.java:logGet(44)) - raft.server.watch.timeout.denomination = 1s (default)
2022-02-20 11:32:39,135 [grpc-default-executor-4] INFO  server.RaftServer$Division (RaftServerImpl.java:requestVote(1078)) - 2ad27f69-16d7-4031-a909-05da4d943227@group-FA55FFB73685 replies to ELECTION vote request: bd1d4b4e-78ee-4572-afee-37a4a97c8ffa<-2ad27f69-16d7-4031-a909-05da4d943227#0:OK-t5. Peer's state: 2ad27f69-16d7-4031-a909-05da4d943227@group-FA55FFB73685:t5, leader=null, voted=bd1d4b4e-78ee-4572-afee-37a4a97c8ffa, raftlog=2ad27f69-16d7-4031-a909-05da4d943227@group-FA55FFB73685-SegmentedRaftLog:OPENED:c-1, conf=-1: [148351a4-1c01-4f9f-b80e-69b9846bf8c9|rpc:10.1.0.4:33161|priority:0, bd1d4b4e-78ee-4572-afee-37a4a97c8ffa|rpc:10.1.0.4:43203|priority:1, 2ad27f69-16d7-4031-a909-05da4d943227|rpc:10.1.0.4:45275|priority:0], old=null
2022-02-20 11:32:39,135 [bd1d4b4e-78ee-4572-afee-37a4a97c8ffa@group-FA55FFB73685-LeaderElection14] INFO  server.RaftServerConfigKeys (ConfUtils.java:logGet(44)) - raft.server.watch.element-limit = 65536 (default)
2022-02-20 11:32:39,136 [bd1d4b4e-78ee-4572-afee-37a4a97c8ffa@group-FA55FFB73685-LeaderElection14] INFO  server.RaftServerConfigKeys (ConfUtils.java:logGet(44)) - raft.server.write.element-limit = 1024 (custom)
2022-02-20 11:32:39,137 [bd1d4b4e-78ee-4572-afee-37a4a97c8ffa@group-FA55FFB73685-LeaderElection14] INFO  server.RaftServerConfigKeys (ConfUtils.java:logGet(44)) - raft.server.write.follower.gap.ratio.max = -1.0 (default)
2022-02-20 11:32:39,137 [bd1d4b4e-78ee-4572-afee-37a4a97c8ffa@group-FA55FFB73685-LeaderElection14] INFO  server.RaftServerConfigKeys (ConfUtils.java:logGet(44)) - raft.server.log.appender.snapshot.chunk.size.max = 16MB (=16777216) (default)
2022-02-20 11:32:39,137 [bd1d4b4e-78ee-4572-afee-37a4a97c8ffa@group-FA55FFB73685-LeaderElection14] INFO  server.RaftServerConfigKeys (ConfUtils.java:logGet(44)) - raft.server.log.appender.buffer.byte-limit = 33554432 (custom)
2022-02-20 11:32:39,137 [bd1d4b4e-78ee-4572-afee-37a4a97c8ffa@group-FA55FFB73685-LeaderElection14] INFO  server.RaftServerConfigKeys (ConfUtils.java:logGet(44)) - raft.server.log.appender.buffer.element-limit = 1 (custom)
2022-02-20 11:32:39,137 [bd1d4b4e-78ee-4572-afee-37a4a97c8ffa@group-FA55FFB73685-LeaderElection14] INFO  grpc.GrpcConfigKeys (ConfUtils.java:logGet(44)) - raft.grpc.server.leader.outstanding.appends.max = 128 (default)
2022-02-20 11:32:39,137 [bd1d4b4e-78ee-4572-afee-37a4a97c8ffa@group-FA55FFB73685-LeaderElection14] INFO  server.RaftServerConfigKeys (ConfUtils.java:logGet(44)) - raft.server.rpc.request.timeout = 60s (custom)
2022-02-20 11:32:39,137 [bd1d4b4e-78ee-4572-afee-37a4a97c8ffa@group-FA55FFB73685-LeaderElection14] INFO  server.RaftServerConfigKeys (ConfUtils.java:logGet(44)) - raft.server.log.appender.install.snapshot.enabled = false (custom)
2022-02-20 11:32:39,138 [bd1d4b4e-78ee-4572-afee-37a4a97c8ffa@group-FA55FFB73685-LeaderElection14] INFO  server.RaftServerConfigKeys (ConfUtils.java:logGet(44)) - raft.server.log.appender.snapshot.chunk.size.max = 16MB (=16777216) (default)
2022-02-20 11:32:39,138 [bd1d4b4e-78ee-4572-afee-37a4a97c8ffa@group-FA55FFB73685-LeaderElection14] INFO  server.RaftServerConfigKeys (ConfUtils.java:logGet(44)) - raft.server.log.appender.buffer.byte-limit = 33554432 (custom)
2022-02-20 11:32:39,138 [bd1d4b4e-78ee-4572-afee-37a4a97c8ffa@group-FA55FFB73685-LeaderElection14] INFO  server.RaftServerConfigKeys (ConfUtils.java:logGet(44)) - raft.server.log.appender.buffer.element-limit = 1 (custom)
2022-02-20 11:32:39,138 [bd1d4b4e-78ee-4572-afee-37a4a97c8ffa@group-FA55FFB73685-LeaderElection14] INFO  grpc.GrpcConfigKeys (ConfUtils.java:logGet(44)) - raft.grpc.server.leader.outstanding.appends.max = 128 (default)
2022-02-20 11:32:39,138 [bd1d4b4e-78ee-4572-afee-37a4a97c8ffa@group-FA55FFB73685-LeaderElection14] INFO  server.RaftServerConfigKeys (ConfUtils.java:logGet(44)) - raft.server.rpc.request.timeout = 60s (custom)
2022-02-20 11:32:39,138 [bd1d4b4e-78ee-4572-afee-37a4a97c8ffa@group-FA55FFB73685-LeaderElection14] INFO  server.RaftServerConfigKeys (ConfUtils.java:logGet(44)) - raft.server.log.appender.install.snapshot.enabled = false (custom)
2022-02-20 11:32:39,138 [bd1d4b4e-78ee-4572-afee-37a4a97c8ffa@group-FA55FFB73685-LeaderElection14] INFO  impl.RoleInfo (RoleInfo.java:updateAndGet(130)) - bd1d4b4e-78ee-4572-afee-37a4a97c8ffa: start bd1d4b4e-78ee-4572-afee-37a4a97c8ffa@group-FA55FFB73685-LeaderStateImpl
2022-02-20 11:32:39,139 [bd1d4b4e-78ee-4572-afee-37a4a97c8ffa@group-FA55FFB73685-LeaderElection14] INFO  segmented.SegmentedRaftLogWorker (SegmentedRaftLogWorker.java:startLogSegment(394)) - bd1d4b4e-78ee-4572-afee-37a4a97c8ffa@group-FA55FFB73685-SegmentedRaftLogWorker: Starting segment from index:0
2022-02-20 11:32:39,139 [EventQueue-PipelineReportForPipelineReportHandler] INFO  pipeline.PipelineManagerImpl (PipelineManagerImpl.java:openPipeline(291)) - Pipeline Pipeline[ Id: ee769b1f-eec9-4c9d-aaf1-fa55ffb73685, Nodes: 148351a4-1c01-4f9f-b80e-69b9846bf8c9{ip: 10.1.0.4, host: fv-az59-849.csjynl4pkq3e1pkirw3ssqjfoh.cx.internal.cloudapp.net, ports: [REPLICATION=46647, RATIS=33161, RATIS_ADMIN=33161, RATIS_SERVER=33161, STANDALONE=36741], networkLocation: /default-rack, certSerialId: null, persistedOpState: IN_SERVICE, persistedOpStateExpiryEpochSec: 0}2ad27f69-16d7-4031-a909-05da4d943227{ip: 10.1.0.4, host: fv-az59-849.csjynl4pkq3e1pkirw3ssqjfoh.cx.internal.cloudapp.net, ports: [REPLICATION=36115, RATIS=45275, RATIS_ADMIN=45275, RATIS_SERVER=45275, STANDALONE=40273], networkLocation: /default-rack, certSerialId: null, persistedOpState: IN_SERVICE, persistedOpStateExpiryEpochSec: 0}bd1d4b4e-78ee-4572-afee-37a4a97c8ffa{ip: 10.1.0.4, host: fv-az59-849.csjynl4pkq3e1pkirw3ssqjfoh.cx.internal.cloudapp.net, ports: [REPLICATION=32941, RATIS=43203, RATIS_ADMIN=43203, RATIS_SERVER=43203, STANDALONE=35557], networkLocation: /default-rack, certSerialId: null, persistedOpState: IN_SERVICE, persistedOpStateExpiryEpochSec: 0}, ReplicationConfig: RATIS/THREE, State:ALLOCATED, leaderId:bd1d4b4e-78ee-4572-afee-37a4a97c8ffa, CreationTimestamp2022-02-20T11:32:10.939Z[Etc/UTC]] moved to OPEN state
2022-02-20 11:32:39,150 [bd1d4b4e-78ee-4572-afee-37a4a97c8ffa@group-FA55FFB73685-LeaderElection14] INFO  server.RaftServer$Division (ServerState.java:setRaftConf(387)) - bd1d4b4e-78ee-4572-afee-37a4a97c8ffa@group-FA55FFB73685: set configuration 0: [148351a4-1c01-4f9f-b80e-69b9846bf8c9|rpc:10.1.0.4:33161|dataStream:|priority:0, bd1d4b4e-78ee-4572-afee-37a4a97c8ffa|rpc:10.1.0.4:43203|dataStream:|priority:1, 2ad27f69-16d7-4031-a909-05da4d943227|rpc:10.1.0.4:45275|dataStream:|priority:0], old=null
2022-02-20 11:32:39,151 [bd1d4b4e-78ee-4572-afee-37a4a97c8ffa@group-FA55FFB73685-SegmentedRaftLogWorker] INFO  segmented.SegmentedRaftLogWorker (SegmentedRaftLogWorker.java:execute(601)) - bd1d4b4e-78ee-4572-afee-37a4a97c8ffa@group-FA55FFB73685-SegmentedRaftLogWorker: created new log segment /home/runner/work/ozone/ozone/hadoop-ozone/integration-test/target/test-dir/MiniOzoneClusterImpl-03d7189f-112e-476d-bd22-2d3bdbce709e/datanode-2/data/ratis/ee769b1f-eec9-4c9d-aaf1-fa55ffb73685/current/log_inprogress_0
2022-02-20 11:32:39,155 [grpc-default-executor-3] INFO  ratis.XceiverServerRatis (XceiverServerRatis.java:handleLeaderChangedNotification(867)) - Leader change notification received for group: group-FA55FFB73685 with new leaderId: bd1d4b4e-78ee-4572-afee-37a4a97c8ffa
2022-02-20 11:32:39,155 [grpc-default-executor-3] INFO  server.RaftServer$Division (ServerState.java:setLeader(285)) - 2ad27f69-16d7-4031-a909-05da4d943227@group-FA55FFB73685: change Leader from null to bd1d4b4e-78ee-4572-afee-37a4a97c8ffa at term 5 for appendEntries, leader elected after 25349ms
2022-02-20 11:32:39,157 [grpc-default-executor-4] INFO  ratis.XceiverServerRatis (XceiverServerRatis.java:handleLeaderChangedNotification(867)) - Leader change notification received for group: group-FA55FFB73685 with new leaderId: bd1d4b4e-78ee-4572-afee-37a4a97c8ffa
2022-02-20 11:32:39,157 [grpc-default-executor-4] INFO  server.RaftServer$Division (ServerState.java:setLeader(285)) - 148351a4-1c01-4f9f-b80e-69b9846bf8c9@group-FA55FFB73685: change Leader from null to bd1d4b4e-78ee-4572-afee-37a4a97c8ffa at term 5 for appendEntries, leader elected after 25611ms
2022-02-20 11:32:39,165 [grpc-default-executor-3] INFO  server.RaftServer$Division (ServerState.java:setRaftConf(387)) - 2ad27f69-16d7-4031-a909-05da4d943227@group-FA55FFB73685: set configuration 0: [148351a4-1c01-4f9f-b80e-69b9846bf8c9|rpc:10.1.0.4:33161|dataStream:|priority:0, bd1d4b4e-78ee-4572-afee-37a4a97c8ffa|rpc:10.1.0.4:43203|dataStream:|priority:1, 2ad27f69-16d7-4031-a909-05da4d943227|rpc:10.1.0.4:45275|dataStream:|priority:0], old=null
2022-02-20 11:32:39,165 [grpc-default-executor-3] INFO  segmented.SegmentedRaftLogWorker (SegmentedRaftLogWorker.java:startLogSegment(394)) - 2ad27f69-16d7-4031-a909-05da4d943227@group-FA55FFB73685-SegmentedRaftLogWorker: Starting segment from index:0
2022-02-20 11:32:39,170 [grpc-default-executor-4] INFO  server.RaftServer$Division (ServerState.java:setRaftConf(387)) - 148351a4-1c01-4f9f-b80e-69b9846bf8c9@group-FA55FFB73685: set configuration 0: [148351a4-1c01-4f9f-b80e-69b9846bf8c9|rpc:10.1.0.4:33161|dataStream:|priority:0, bd1d4b4e-78ee-4572-afee-37a4a97c8ffa|rpc:10.1.0.4:43203|dataStream:|priority:1, 2ad27f69-16d7-4031-a909-05da4d943227|rpc:10.1.0.4:45275|dataStream:|priority:0], old=null
2022-02-20 11:32:39,170 [grpc-default-executor-4] INFO  segmented.SegmentedRaftLogWorker (SegmentedRaftLogWorker.java:startLogSegment(394)) - 148351a4-1c01-4f9f-b80e-69b9846bf8c9@group-FA55FFB73685-SegmentedRaftLogWorker: Starting segment from index:0
2022-02-20 11:32:39,171 [2ad27f69-16d7-4031-a909-05da4d943227@group-FA55FFB73685-SegmentedRaftLogWorker] INFO  segmented.SegmentedRaftLogWorker (SegmentedRaftLogWorker.java:execute(601)) - 2ad27f69-16d7-4031-a909-05da4d943227@group-FA55FFB73685-SegmentedRaftLogWorker: created new log segment /home/runner/work/ozone/ozone/hadoop-ozone/integration-test/target/test-dir/MiniOzoneClusterImpl-03d7189f-112e-476d-bd22-2d3bdbce709e/datanode-1/data/ratis/ee769b1f-eec9-4c9d-aaf1-fa55ffb73685/current/log_inprogress_0
2022-02-20 11:32:39,172 [148351a4-1c01-4f9f-b80e-69b9846bf8c9@group-FA55FFB73685-SegmentedRaftLogWorker] INFO  segmented.SegmentedRaftLogWorker (SegmentedRaftLogWorker.java:execute(601)) - 148351a4-1c01-4f9f-b80e-69b9846bf8c9@group-FA55FFB73685-SegmentedRaftLogWorker: created new log segment /home/runner/work/ozone/ozone/hadoop-ozone/integration-test/target/test-dir/MiniOzoneClusterImpl-03d7189f-112e-476d-bd22-2d3bdbce709e/datanode-0/data/ratis/ee769b1f-eec9-4c9d-aaf1-fa55ffb73685/current/log_inprogress_0
2022-02-20 11:32:40,655 [Listener at 127.0.0.1/46345] INFO  ozoneimpl.OzoneContainer (OzoneContainer.java:stop(351)) - Attempting to stop container services.
2022-02-20 11:32:40,655 [ForkJoinPool.commonPool-worker-1] INFO  ozoneimpl.OzoneContainer (OzoneContainer.java:stop(351)) - Attempting to stop container services.
2022-02-20 11:32:40,656 [Listener at 127.0.0.1/46345] INFO  server.RaftServer (RaftServerProxy.java:lambda$close$6(391)) - 2ad27f69-16d7-4031-a909-05da4d943227: close
2022-02-20 11:32:40,657 [Listener at 127.0.0.1/46345] INFO  server.RaftServer$Division (RaftServerImpl.java:lambda$close$4(412)) - 2ad27f69-16d7-4031-a909-05da4d943227@group-68BB44CC63BC: shutdown
2022-02-20 11:32:40,657 [ForkJoinPool.commonPool-worker-1] INFO  server.RaftServer (RaftServerProxy.java:lambda$close$6(391)) - 148351a4-1c01-4f9f-b80e-69b9846bf8c9: close
2022-02-20 11:32:40,657 [ForkJoinPool.commonPool-worker-1] INFO  server.RaftServer$Division (RaftServerImpl.java:lambda$close$4(412)) - 148351a4-1c01-4f9f-b80e-69b9846bf8c9@group-68BB44CC63BC: shutdown
2022-02-20 11:32:40,661 [ForkJoinPool.commonPool-worker-1] INFO  util.JmxRegister (JmxRegister.java:unregister(73)) - Successfully un-registered JMX Bean with object name Ratis:service=RaftServer,group=group-68BB44CC63BC,id=148351a4-1c01-4f9f-b80e-69b9846bf8c9
2022-02-20 11:32:40,661 [ForkJoinPool.commonPool-worker-1] INFO  impl.RoleInfo (RoleInfo.java:shutdownLeaderState(91)) - 148351a4-1c01-4f9f-b80e-69b9846bf8c9: shutdown 148351a4-1c01-4f9f-b80e-69b9846bf8c9@group-68BB44CC63BC-LeaderStateImpl
2022-02-20 11:32:40,662 [148351a4-1c01-4f9f-b80e-69b9846bf8c9@group-68BB44CC63BC->bd1d4b4e-78ee-4572-afee-37a4a97c8ffa-GrpcLogAppender-LogAppenderDaemon] WARN  server.GrpcLogAppender (GrpcLogAppender.java:mayWait(177)) - 148351a4-1c01-4f9f-b80e-69b9846bf8c9@group-68BB44CC63BC->bd1d4b4e-78ee-4572-afee-37a4a97c8ffa-GrpcLogAppender: Wait interrupted by java.lang.InterruptedException
2022-02-20 11:32:40,661 [Listener at 127.0.0.1/46345] INFO  util.JmxRegister (JmxRegister.java:unregister(73)) - Successfully un-registered JMX Bean with object name Ratis:service=RaftServer,group=group-68BB44CC63BC,id=2ad27f69-16d7-4031-a909-05da4d943227
2022-02-20 11:32:40,663 [Listener at 127.0.0.1/46345] INFO  impl.RoleInfo (RoleInfo.java:shutdownFollowerState(108)) - 2ad27f69-16d7-4031-a909-05da4d943227: shutdown 2ad27f69-16d7-4031-a909-05da4d943227@group-68BB44CC63BC-FollowerState
2022-02-20 11:32:40,662 [148351a4-1c01-4f9f-b80e-69b9846bf8c9@group-68BB44CC63BC->2ad27f69-16d7-4031-a909-05da4d943227-GrpcLogAppender-LogAppenderDaemon] WARN  server.GrpcLogAppender (GrpcLogAppender.java:mayWait(177)) - 148351a4-1c01-4f9f-b80e-69b9846bf8c9@group-68BB44CC63BC->2ad27f69-16d7-4031-a909-05da4d943227-GrpcLogAppender: Wait interrupted by java.lang.InterruptedException
2022-02-20 11:32:40,662 [ForkJoinPool.commonPool-worker-1] INFO  impl.PendingRequests (PendingRequests.java:sendNotLeaderResponses(282)) - 148351a4-1c01-4f9f-b80e-69b9846bf8c9@group-68BB44CC63BC-PendingRequests: sendNotLeaderResponses
2022-02-20 11:32:40,664 [2ad27f69-16d7-4031-a909-05da4d943227@group-68BB44CC63BC-FollowerState] INFO  impl.FollowerState (FollowerState.java:run(143)) - 2ad27f69-16d7-4031-a909-05da4d943227@group-68BB44CC63BC-FollowerState was interrupted: {}
java.lang.InterruptedException: sleep interrupted
	at java.lang.Thread.sleep(Native Method)
	at java.lang.Thread.sleep(Thread.java:342)
	at java.util.concurrent.TimeUnit.sleep(TimeUnit.java:386)
	at org.apache.ratis.util.TimeDuration.sleep(TimeDuration.java:324)
	at org.apache.ratis.util.TimeDuration.sleep(TimeDuration.java:309)
	at org.apache.ratis.server.impl.FollowerState.run(FollowerState.java:118)
2022-02-20 11:32:40,667 [grpc-default-executor-3] INFO  server.GrpcServerProtocolService (GrpcServerProtocolService.java:onCompleted(140)) - 2ad27f69-16d7-4031-a909-05da4d943227: Completed APPEND_ENTRIES, lastRequest: 148351a4-1c01-4f9f-b80e-69b9846bf8c9->2ad27f69-16d7-4031-a909-05da4d943227#288-t1,previous=(t:1, i:27),leaderCommit=27,initializing? true,entries: size=1, first=(t:1, i:28), METADATAENTRY(c:26)
2022-02-20 11:32:40,668 [Listener at 127.0.0.1/46345] INFO  impl.StateMachineUpdater (StateMachineUpdater.java:stopAndJoin(149)) - 2ad27f69-16d7-4031-a909-05da4d943227@group-68BB44CC63BC-StateMachineUpdater: set stopIndex = 28
2022-02-20 11:32:40,669 [grpc-default-executor-4] INFO  server.GrpcServerProtocolService (GrpcServerProtocolService.java:onCompleted(140)) - bd1d4b4e-78ee-4572-afee-37a4a97c8ffa: Completed APPEND_ENTRIES, lastRequest: 148351a4-1c01-4f9f-b80e-69b9846bf8c9->bd1d4b4e-78ee-4572-afee-37a4a97c8ffa#296-t1,previous=(t:1, i:27),leaderCommit=27,initializing? true,entries: size=1, first=(t:1, i:28), METADATAENTRY(c:26)
2022-02-20 11:32:40,670 [2ad27f69-16d7-4031-a909-05da4d943227@group-68BB44CC63BC-StateMachineUpdater] INFO  ratis.ContainerStateMachine (ContainerStateMachine.java:takeSnapshot(304)) - group-68BB44CC63BC: Taking a snapshot at:(t:1, i:28) file /home/runner/work/ozone/ozone/hadoop-ozone/integration-test/target/test-dir/MiniOzoneClusterImpl-03d7189f-112e-476d-bd22-2d3bdbce709e/datanode-1/data/ratis/a2849537-affd-4ab5-ba54-68bb44cc63bc/sm/snapshot.1_28
2022-02-20 11:32:40,672 [grpc-default-executor-2] INFO  server.GrpcLogAppender (GrpcLogAppender.java:onCompleted(346)) - 148351a4-1c01-4f9f-b80e-69b9846bf8c9@group-68BB44CC63BC->bd1d4b4e-78ee-4572-afee-37a4a97c8ffa-AppendLogResponseHandler: follower responses appendEntries COMPLETED
2022-02-20 11:32:40,672 [grpc-default-executor-0] INFO  server.GrpcLogAppender (GrpcLogAppender.java:onCompleted(346)) - 148351a4-1c01-4f9f-b80e-69b9846bf8c9@group-68BB44CC63BC->2ad27f69-16d7-4031-a909-05da4d943227-AppendLogResponseHandler: follower responses appendEntries COMPLETED
2022-02-20 11:32:40,675 [grpc-default-executor-2] INFO  leader.FollowerInfo (FollowerInfoImpl.java:lambda$new$0(47)) - 148351a4-1c01-4f9f-b80e-69b9846bf8c9@group-68BB44CC63BC->bd1d4b4e-78ee-4572-afee-37a4a97c8ffa: nextIndex: updateUnconditionally 29 -> 28
2022-02-20 11:32:40,676 [grpc-default-executor-0] INFO  leader.FollowerInfo (FollowerInfoImpl.java:lambda$new$0(47)) - 148351a4-1c01-4f9f-b80e-69b9846bf8c9@group-68BB44CC63BC->2ad27f69-16d7-4031-a909-05da4d943227: nextIndex: updateUnconditionally 29 -> 28
2022-02-20 11:32:40,677 [ForkJoinPool.commonPool-worker-1] INFO  impl.StateMachineUpdater (StateMachineUpdater.java:stopAndJoin(149)) - 148351a4-1c01-4f9f-b80e-69b9846bf8c9@group-68BB44CC63BC-StateMachineUpdater: set stopIndex = 28
2022-02-20 11:32:40,677 [148351a4-1c01-4f9f-b80e-69b9846bf8c9@group-68BB44CC63BC-StateMachineUpdater] INFO  ratis.ContainerStateMachine (ContainerStateMachine.java:takeSnapshot(304)) - group-68BB44CC63BC: Taking a snapshot at:(t:1, i:28) file /home/runner/work/ozone/ozone/hadoop-ozone/integration-test/target/test-dir/MiniOzoneClusterImpl-03d7189f-112e-476d-bd22-2d3bdbce709e/datanode-0/data/ratis/a2849537-affd-4ab5-ba54-68bb44cc63bc/sm/snapshot.1_28
2022-02-20 11:32:40,718 [148351a4-1c01-4f9f-b80e-69b9846bf8c9@group-68BB44CC63BC-StateMachineUpdater] INFO  ratis.ContainerStateMachine (ContainerStateMachine.java:takeSnapshot(315)) - group-68BB44CC63BC: Finished taking a snapshot at:(t:1, i:28) file:/home/runner/work/ozone/ozone/hadoop-ozone/integration-test/target/test-dir/MiniOzoneClusterImpl-03d7189f-112e-476d-bd22-2d3bdbce709e/datanode-0/data/ratis/a2849537-affd-4ab5-ba54-68bb44cc63bc/sm/snapshot.1_28 took: 40 ms
2022-02-20 11:32:40,719 [148351a4-1c01-4f9f-b80e-69b9846bf8c9@group-68BB44CC63BC-StateMachineUpdater] INFO  impl.StateMachineUpdater (StateMachineUpdater.java:takeSnapshot(281)) - 148351a4-1c01-4f9f-b80e-69b9846bf8c9@group-68BB44CC63BC-StateMachineUpdater: Took a snapshot at index 28
2022-02-20 11:32:40,719 [148351a4-1c01-4f9f-b80e-69b9846bf8c9@group-68BB44CC63BC-StateMachineUpdater] INFO  impl.StateMachineUpdater (StateMachineUpdater.java:lambda$new$0(89)) - 148351a4-1c01-4f9f-b80e-69b9846bf8c9@group-68BB44CC63BC-StateMachineUpdater: snapshotIndex: updateIncreasingly -1 -> 28
2022-02-20 11:32:40,719 [2ad27f69-16d7-4031-a909-05da4d943227@group-68BB44CC63BC-StateMachineUpdater] INFO  ratis.ContainerStateMachine (ContainerStateMachine.java:takeSnapshot(315)) - group-68BB44CC63BC: Finished taking a snapshot at:(t:1, i:28) file:/home/runner/work/ozone/ozone/hadoop-ozone/integration-test/target/test-dir/MiniOzoneClusterImpl-03d7189f-112e-476d-bd22-2d3bdbce709e/datanode-1/data/ratis/a2849537-affd-4ab5-ba54-68bb44cc63bc/sm/snapshot.1_28 took: 49 ms
2022-02-20 11:32:40,719 [2ad27f69-16d7-4031-a909-05da4d943227@group-68BB44CC63BC-StateMachineUpdater] INFO  impl.StateMachineUpdater (StateMachineUpdater.java:takeSnapshot(281)) - 2ad27f69-16d7-4031-a909-05da4d943227@group-68BB44CC63BC-StateMachineUpdater: Took a snapshot at index 28
2022-02-20 11:32:40,720 [2ad27f69-16d7-4031-a909-05da4d943227@group-68BB44CC63BC-StateMachineUpdater] INFO  impl.StateMachineUpdater (StateMachineUpdater.java:lambda$new$0(89)) - 2ad27f69-16d7-4031-a909-05da4d943227@group-68BB44CC63BC-StateMachineUpdater: snapshotIndex: updateIncreasingly -1 -> 28
2022-02-20 11:32:40,720 [ForkJoinPool.commonPool-worker-1] INFO  server.RaftServer$Division (ServerState.java:close(419)) - 148351a4-1c01-4f9f-b80e-69b9846bf8c9@group-68BB44CC63BC: closes. applyIndex: 28
2022-02-20 11:32:40,721 [148351a4-1c01-4f9f-b80e-69b9846bf8c9@group-68BB44CC63BC-SegmentedRaftLogWorker] INFO  segmented.SegmentedRaftLogWorker (SegmentedRaftLogWorker.java:run(327)) - 148351a4-1c01-4f9f-b80e-69b9846bf8c9@group-68BB44CC63BC-SegmentedRaftLogWorker was interrupted, exiting. There are 0 tasks remaining in the queue.
2022-02-20 11:32:40,721 [Listener at 127.0.0.1/46345] INFO  server.RaftServer$Division (ServerState.java:close(419)) - 2ad27f69-16d7-4031-a909-05da4d943227@group-68BB44CC63BC: closes. applyIndex: 28
2022-02-20 11:32:40,722 [2ad27f69-16d7-4031-a909-05da4d943227@group-68BB44CC63BC-SegmentedRaftLogWorker] INFO  segmented.SegmentedRaftLogWorker (SegmentedRaftLogWorker.java:run(327)) - 2ad27f69-16d7-4031-a909-05da4d943227@group-68BB44CC63BC-SegmentedRaftLogWorker was interrupted, exiting. There are 0 tasks remaining in the queue.
2022-02-20 11:32:40,723 [Listener at 127.0.0.1/46345] INFO  segmented.SegmentedRaftLogWorker (SegmentedRaftLogWorker.java:close(237)) - 2ad27f69-16d7-4031-a909-05da4d943227@group-68BB44CC63BC-SegmentedRaftLogWorker close()
2022-02-20 11:32:40,723 [ForkJoinPool.commonPool-worker-1] INFO  segmented.SegmentedRaftLogWorker (SegmentedRaftLogWorker.java:close(237)) - 148351a4-1c01-4f9f-b80e-69b9846bf8c9@group-68BB44CC63BC-SegmentedRaftLogWorker close()
2022-02-20 11:32:40,724 [Listener at 127.0.0.1/46345] INFO  server.RaftServer$Division (RaftServerImpl.java:lambda$close$4(412)) - 2ad27f69-16d7-4031-a909-05da4d943227@group-D8BAA79D0A49: shutdown
2022-02-20 11:32:40,724 [Listener at 127.0.0.1/46345] INFO  util.JmxRegister (JmxRegister.java:unregister(73)) - Successfully un-registered JMX Bean with object name Ratis:service=RaftServer,group=group-D8BAA79D0A49,id=2ad27f69-16d7-4031-a909-05da4d943227
2022-02-20 11:32:40,724 [Listener at 127.0.0.1/46345] INFO  impl.RoleInfo (RoleInfo.java:shutdownLeaderState(91)) - 2ad27f69-16d7-4031-a909-05da4d943227: shutdown 2ad27f69-16d7-4031-a909-05da4d943227@group-D8BAA79D0A49-LeaderStateImpl
2022-02-20 11:32:40,724 [Listener at 127.0.0.1/46345] INFO  impl.PendingRequests (PendingRequests.java:sendNotLeaderResponses(282)) - 2ad27f69-16d7-4031-a909-05da4d943227@group-D8BAA79D0A49-PendingRequests: sendNotLeaderResponses
2022-02-20 11:32:40,725 [Listener at 127.0.0.1/46345] INFO  impl.StateMachineUpdater (StateMachineUpdater.java:stopAndJoin(149)) - 2ad27f69-16d7-4031-a909-05da4d943227@group-D8BAA79D0A49-StateMachineUpdater: set stopIndex = 0
2022-02-20 11:32:40,725 [2ad27f69-16d7-4031-a909-05da4d943227@group-D8BAA79D0A49-StateMachineUpdater] INFO  ratis.ContainerStateMachine (ContainerStateMachine.java:takeSnapshot(304)) - group-D8BAA79D0A49: Taking a snapshot at:(t:1, i:0) file /home/runner/work/ozone/ozone/hadoop-ozone/integration-test/target/test-dir/MiniOzoneClusterImpl-03d7189f-112e-476d-bd22-2d3bdbce709e/datanode-1/data/ratis/afc5ca16-780e-4199-ae2c-d8baa79d0a49/sm/snapshot.1_0
2022-02-20 11:32:40,726 [ForkJoinPool.commonPool-worker-1] INFO  server.RaftServer$Division (RaftServerImpl.java:lambda$close$4(412)) - 148351a4-1c01-4f9f-b80e-69b9846bf8c9@group-5AA541B06BF7: shutdown
2022-02-20 11:32:40,726 [ForkJoinPool.commonPool-worker-1] INFO  util.JmxRegister (JmxRegister.java:unregister(73)) - Successfully un-registered JMX Bean with object name Ratis:service=RaftServer,group=group-5AA541B06BF7,id=148351a4-1c01-4f9f-b80e-69b9846bf8c9
2022-02-20 11:32:40,726 [ForkJoinPool.commonPool-worker-1] INFO  impl.RoleInfo (RoleInfo.java:shutdownLeaderState(91)) - 148351a4-1c01-4f9f-b80e-69b9846bf8c9: shutdown 148351a4-1c01-4f9f-b80e-69b9846bf8c9@group-5AA541B06BF7-LeaderStateImpl
2022-02-20 11:32:40,726 [ForkJoinPool.commonPool-worker-1] INFO  impl.PendingRequests (PendingRequests.java:sendNotLeaderResponses(282)) - 148351a4-1c01-4f9f-b80e-69b9846bf8c9@group-5AA541B06BF7-PendingRequests: sendNotLeaderResponses
2022-02-20 11:32:40,726 [ForkJoinPool.commonPool-worker-1] INFO  impl.StateMachineUpdater (StateMachineUpdater.java:stopAndJoin(149)) - 148351a4-1c01-4f9f-b80e-69b9846bf8c9@group-5AA541B06BF7-StateMachineUpdater: set stopIndex = 0
2022-02-20 11:32:40,726 [2ad27f69-16d7-4031-a909-05da4d943227@group-D8BAA79D0A49-StateMachineUpdater] INFO  ratis.ContainerStateMachine (ContainerStateMachine.java:takeSnapshot(315)) - group-D8BAA79D0A49: Finished taking a snapshot at:(t:1, i:0) file:/home/runner/work/ozone/ozone/hadoop-ozone/integration-test/target/test-dir/MiniOzoneClusterImpl-03d7189f-112e-476d-bd22-2d3bdbce709e/datanode-1/data/ratis/afc5ca16-780e-4199-ae2c-d8baa79d0a49/sm/snapshot.1_0 took: 1 ms
2022-02-20 11:32:40,726 [148351a4-1c01-4f9f-b80e-69b9846bf8c9@group-5AA541B06BF7-StateMachineUpdater] INFO  ratis.ContainerStateMachine (ContainerStateMachine.java:takeSnapshot(304)) - group-5AA541B06BF7: Taking a snapshot at:(t:1, i:0) file /home/runner/work/ozone/ozone/hadoop-ozone/integration-test/target/test-dir/MiniOzoneClusterImpl-03d7189f-112e-476d-bd22-2d3bdbce709e/datanode-0/data/ratis/3a858c9c-9a9d-4c7c-a662-5aa541b06bf7/sm/snapshot.1_0
2022-02-20 11:32:40,727 [2ad27f69-16d7-4031-a909-05da4d943227@group-D8BAA79D0A49-StateMachineUpdater] INFO  impl.StateMachineUpdater (StateMachineUpdater.java:takeSnapshot(281)) - 2ad27f69-16d7-4031-a909-05da4d943227@group-D8BAA79D0A49-StateMachineUpdater: Took a snapshot at index 0
2022-02-20 11:32:40,727 [2ad27f69-16d7-4031-a909-05da4d943227@group-D8BAA79D0A49-StateMachineUpdater] INFO  impl.StateMachineUpdater (StateMachineUpdater.java:lambda$new$0(89)) - 2ad27f69-16d7-4031-a909-05da4d943227@group-D8BAA79D0A49-StateMachineUpdater: snapshotIndex: updateIncreasingly -1 -> 0
2022-02-20 11:32:40,727 [Listener at 127.0.0.1/46345] INFO  server.RaftServer$Division (ServerState.java:close(419)) - 2ad27f69-16d7-4031-a909-05da4d943227@group-D8BAA79D0A49: closes. applyIndex: 0
2022-02-20 11:32:40,727 [2ad27f69-16d7-4031-a909-05da4d943227@group-D8BAA79D0A49-SegmentedRaftLogWorker] INFO  segmented.SegmentedRaftLogWorker (SegmentedRaftLogWorker.java:run(327)) - 2ad27f69-16d7-4031-a909-05da4d943227@group-D8BAA79D0A49-SegmentedRaftLogWorker was interrupted, exiting. There are 0 tasks remaining in the queue.
2022-02-20 11:32:40,727 [148351a4-1c01-4f9f-b80e-69b9846bf8c9@group-5AA541B06BF7-StateMachineUpdater] INFO  ratis.ContainerStateMachine (ContainerStateMachine.java:takeSnapshot(315)) - group-5AA541B06BF7: Finished taking a snapshot at:(t:1, i:0) file:/home/runner/work/ozone/ozone/hadoop-ozone/integration-test/target/test-dir/MiniOzoneClusterImpl-03d7189f-112e-476d-bd22-2d3bdbce709e/datanode-0/data/ratis/3a858c9c-9a9d-4c7c-a662-5aa541b06bf7/sm/snapshot.1_0 took: 1 ms
2022-02-20 11:32:40,727 [148351a4-1c01-4f9f-b80e-69b9846bf8c9@group-5AA541B06BF7-StateMachineUpdater] INFO  impl.StateMachineUpdater (StateMachineUpdater.java:takeSnapshot(281)) - 148351a4-1c01-4f9f-b80e-69b9846bf8c9@group-5AA541B06BF7-StateMachineUpdater: Took a snapshot at index 0
2022-02-20 11:32:40,727 [148351a4-1c01-4f9f-b80e-69b9846bf8c9@group-5AA541B06BF7-StateMachineUpdater] INFO  impl.StateMachineUpdater (StateMachineUpdater.java:lambda$new$0(89)) - 148351a4-1c01-4f9f-b80e-69b9846bf8c9@group-5AA541B06BF7-StateMachineUpdater: snapshotIndex: updateIncreasingly -1 -> 0
2022-02-20 11:32:40,728 [ForkJoinPool.commonPool-worker-1] INFO  server.RaftServer$Division (ServerState.java:close(419)) - 148351a4-1c01-4f9f-b80e-69b9846bf8c9@group-5AA541B06BF7: closes. applyIndex: 0
2022-02-20 11:32:40,728 [148351a4-1c01-4f9f-b80e-69b9846bf8c9@group-5AA541B06BF7-SegmentedRaftLogWorker] INFO  segmented.SegmentedRaftLogWorker (SegmentedRaftLogWorker.java:run(327)) - 148351a4-1c01-4f9f-b80e-69b9846bf8c9@group-5AA541B06BF7-SegmentedRaftLogWorker was interrupted, exiting. There are 0 tasks remaining in the queue.
2022-02-20 11:32:40,728 [ForkJoinPool.commonPool-worker-1] INFO  segmented.SegmentedRaftLogWorker (SegmentedRaftLogWorker.java:close(237)) - 148351a4-1c01-4f9f-b80e-69b9846bf8c9@group-5AA541B06BF7-SegmentedRaftLogWorker close()
2022-02-20 11:32:40,729 [ForkJoinPool.commonPool-worker-1] INFO  server.RaftServer$Division (RaftServerImpl.java:lambda$close$4(412)) - 148351a4-1c01-4f9f-b80e-69b9846bf8c9@group-FA55FFB73685: shutdown
2022-02-20 11:32:40,729 [ForkJoinPool.commonPool-worker-1] INFO  util.JmxRegister (JmxRegister.java:unregister(73)) - Successfully un-registered JMX Bean with object name Ratis:service=RaftServer,group=group-FA55FFB73685,id=148351a4-1c01-4f9f-b80e-69b9846bf8c9
2022-02-20 11:32:40,729 [ForkJoinPool.commonPool-worker-1] INFO  impl.RoleInfo (RoleInfo.java:shutdownFollowerState(108)) - 148351a4-1c01-4f9f-b80e-69b9846bf8c9: shutdown 148351a4-1c01-4f9f-b80e-69b9846bf8c9@group-FA55FFB73685-FollowerState
2022-02-20 11:32:40,729 [ForkJoinPool.commonPool-worker-1] INFO  impl.StateMachineUpdater (StateMachineUpdater.java:stopAndJoin(149)) - 148351a4-1c01-4f9f-b80e-69b9846bf8c9@group-FA55FFB73685-StateMachineUpdater: set stopIndex = 0
2022-02-20 11:32:40,729 [148351a4-1c01-4f9f-b80e-69b9846bf8c9@group-FA55FFB73685-FollowerState] INFO  impl.FollowerState (FollowerState.java:run(143)) - 148351a4-1c01-4f9f-b80e-69b9846bf8c9@group-FA55FFB73685-FollowerState was interrupted: {}
java.lang.InterruptedException: sleep interrupted
	at java.lang.Thread.sleep(Native Method)
	at java.lang.Thread.sleep(Thread.java:342)
	at java.util.concurrent.TimeUnit.sleep(TimeUnit.java:386)
	at org.apache.ratis.util.TimeDuration.sleep(TimeDuration.java:324)
	at org.apache.ratis.util.TimeDuration.sleep(TimeDuration.java:309)
	at org.apache.ratis.server.impl.FollowerState.run(FollowerState.java:118)
2022-02-20 11:32:40,730 [Listener at 127.0.0.1/46345] INFO  segmented.SegmentedRaftLogWorker (SegmentedRaftLogWorker.java:close(237)) - 2ad27f69-16d7-4031-a909-05da4d943227@group-D8BAA79D0A49-SegmentedRaftLogWorker close()
2022-02-20 11:32:40,730 [148351a4-1c01-4f9f-b80e-69b9846bf8c9@group-FA55FFB73685-StateMachineUpdater] INFO  ratis.ContainerStateMachine (ContainerStateMachine.java:takeSnapshot(304)) - group-FA55FFB73685: Taking a snapshot at:(t:5, i:0) file /home/runner/work/ozone/ozone/hadoop-ozone/integration-test/target/test-dir/MiniOzoneClusterImpl-03d7189f-112e-476d-bd22-2d3bdbce709e/datanode-0/data/ratis/ee769b1f-eec9-4c9d-aaf1-fa55ffb73685/sm/snapshot.5_0
2022-02-20 11:32:40,735 [Listener at 127.0.0.1/46345] INFO  server.RaftServer$Division (RaftServerImpl.java:lambda$close$4(412)) - 2ad27f69-16d7-4031-a909-05da4d943227@group-FA55FFB73685: shutdown
2022-02-20 11:32:40,735 [Listener at 127.0.0.1/46345] INFO  util.JmxRegister (JmxRegister.java:unregister(73)) - Successfully un-registered JMX Bean with object name Ratis:service=RaftServer,group=group-FA55FFB73685,id=2ad27f69-16d7-4031-a909-05da4d943227
2022-02-20 11:32:40,736 [Listener at 127.0.0.1/46345] INFO  impl.RoleInfo (RoleInfo.java:shutdownFollowerState(108)) - 2ad27f69-16d7-4031-a909-05da4d943227: shutdown 2ad27f69-16d7-4031-a909-05da4d943227@group-FA55FFB73685-FollowerState
2022-02-20 11:32:40,736 [Listener at 127.0.0.1/46345] INFO  impl.StateMachineUpdater (StateMachineUpdater.java:stopAndJoin(149)) - 2ad27f69-16d7-4031-a909-05da4d943227@group-FA55FFB73685-StateMachineUpdater: set stopIndex = 0
2022-02-20 11:32:40,736 [2ad27f69-16d7-4031-a909-05da4d943227@group-FA55FFB73685-StateMachineUpdater] INFO  ratis.ContainerStateMachine (ContainerStateMachine.java:takeSnapshot(304)) - group-FA55FFB73685: Taking a snapshot at:(t:5, i:0) file /home/runner/work/ozone/ozone/hadoop-ozone/integration-test/target/test-dir/MiniOzoneClusterImpl-03d7189f-112e-476d-bd22-2d3bdbce709e/datanode-1/data/ratis/ee769b1f-eec9-4c9d-aaf1-fa55ffb73685/sm/snapshot.5_0
2022-02-20 11:32:40,736 [2ad27f69-16d7-4031-a909-05da4d943227@group-FA55FFB73685-FollowerState] INFO  impl.FollowerState (FollowerState.java:run(143)) - 2ad27f69-16d7-4031-a909-05da4d943227@group-FA55FFB73685-FollowerState was interrupted: {}
java.lang.InterruptedException: sleep interrupted
	at java.lang.Thread.sleep(Native Method)
	at java.lang.Thread.sleep(Thread.java:342)
	at java.util.concurrent.TimeUnit.sleep(TimeUnit.java:386)
	at org.apache.ratis.util.TimeDuration.sleep(TimeDuration.java:324)
	at org.apache.ratis.util.TimeDuration.sleep(TimeDuration.java:309)
	at org.apache.ratis.server.impl.FollowerState.run(FollowerState.java:118)
2022-02-20 11:32:40,736 [148351a4-1c01-4f9f-b80e-69b9846bf8c9@group-FA55FFB73685-StateMachineUpdater] INFO  ratis.ContainerStateMachine (ContainerStateMachine.java:takeSnapshot(315)) - group-FA55FFB73685: Finished taking a snapshot at:(t:5, i:0) file:/home/runner/work/ozone/ozone/hadoop-ozone/integration-test/target/test-dir/MiniOzoneClusterImpl-03d7189f-112e-476d-bd22-2d3bdbce709e/datanode-0/data/ratis/ee769b1f-eec9-4c9d-aaf1-fa55ffb73685/sm/snapshot.5_0 took: 6 ms
2022-02-20 11:32:40,736 [148351a4-1c01-4f9f-b80e-69b9846bf8c9@group-FA55FFB73685-StateMachineUpdater] INFO  impl.StateMachineUpdater (StateMachineUpdater.java:takeSnapshot(281)) - 148351a4-1c01-4f9f-b80e-69b9846bf8c9@group-FA55FFB73685-StateMachineUpdater: Took a snapshot at index 0
2022-02-20 11:32:40,737 [148351a4-1c01-4f9f-b80e-69b9846bf8c9@group-FA55FFB73685-StateMachineUpdater] INFO  impl.StateMachineUpdater (StateMachineUpdater.java:lambda$new$0(89)) - 148351a4-1c01-4f9f-b80e-69b9846bf8c9@group-FA55FFB73685-StateMachineUpdater: snapshotIndex: updateIncreasingly -1 -> 0
2022-02-20 11:32:40,736 [2ad27f69-16d7-4031-a909-05da4d943227@group-FA55FFB73685-StateMachineUpdater] INFO  ratis.ContainerStateMachine (ContainerStateMachine.java:takeSnapshot(315)) - group-FA55FFB73685: Finished taking a snapshot at:(t:5, i:0) file:/home/runner/work/ozone/ozone/hadoop-ozone/integration-test/target/test-dir/MiniOzoneClusterImpl-03d7189f-112e-476d-bd22-2d3bdbce709e/datanode-1/data/ratis/ee769b1f-eec9-4c9d-aaf1-fa55ffb73685/sm/snapshot.5_0 took: 0 ms
2022-02-20 11:32:40,737 [2ad27f69-16d7-4031-a909-05da4d943227@group-FA55FFB73685-StateMachineUpdater] INFO  impl.StateMachineUpdater (StateMachineUpdater.java:takeSnapshot(281)) - 2ad27f69-16d7-4031-a909-05da4d943227@group-FA55FFB73685-StateMachineUpdater: Took a snapshot at index 0
2022-02-20 11:32:40,737 [2ad27f69-16d7-4031-a909-05da4d943227@group-FA55FFB73685-StateMachineUpdater] INFO  impl.StateMachineUpdater (StateMachineUpdater.java:lambda$new$0(89)) - 2ad27f69-16d7-4031-a909-05da4d943227@group-FA55FFB73685-StateMachineUpdater: snapshotIndex: updateIncreasingly -1 -> 0
2022-02-20 11:32:40,737 [ForkJoinPool.commonPool-worker-1] INFO  server.RaftServer$Division (ServerState.java:close(419)) - 148351a4-1c01-4f9f-b80e-69b9846bf8c9@group-FA55FFB73685: closes. applyIndex: 0
2022-02-20 11:32:40,737 [Listener at 127.0.0.1/46345] INFO  server.RaftServer$Division (ServerState.java:close(419)) - 2ad27f69-16d7-4031-a909-05da4d943227@group-FA55FFB73685: closes. applyIndex: 0
2022-02-20 11:32:40,737 [148351a4-1c01-4f9f-b80e-69b9846bf8c9@group-FA55FFB73685-SegmentedRaftLogWorker] INFO  segmented.SegmentedRaftLogWorker (SegmentedRaftLogWorker.java:run(327)) - 148351a4-1c01-4f9f-b80e-69b9846bf8c9@group-FA55FFB73685-SegmentedRaftLogWorker was interrupted, exiting. There are 0 tasks remaining in the queue.
2022-02-20 11:32:40,738 [2ad27f69-16d7-4031-a909-05da4d943227@group-FA55FFB73685-SegmentedRaftLogWorker] INFO  segmented.SegmentedRaftLogWorker (SegmentedRaftLogWorker.java:run(327)) - 2ad27f69-16d7-4031-a909-05da4d943227@group-FA55FFB73685-SegmentedRaftLogWorker was interrupted, exiting. There are 0 tasks remaining in the queue.
2022-02-20 11:32:40,738 [ForkJoinPool.commonPool-worker-1] INFO  segmented.SegmentedRaftLogWorker (SegmentedRaftLogWorker.java:close(237)) - 148351a4-1c01-4f9f-b80e-69b9846bf8c9@group-FA55FFB73685-SegmentedRaftLogWorker close()
2022-02-20 11:32:40,739 [Listener at 127.0.0.1/46345] INFO  segmented.SegmentedRaftLogWorker (SegmentedRaftLogWorker.java:close(237)) - 2ad27f69-16d7-4031-a909-05da4d943227@group-FA55FFB73685-SegmentedRaftLogWorker close()
2022-02-20 11:32:40,741 [ForkJoinPool.commonPool-worker-1] INFO  server.GrpcService (GrpcService.java:closeImpl(262)) - 148351a4-1c01-4f9f-b80e-69b9846bf8c9: shutdown server with port 33161 now
2022-02-20 11:32:40,742 [Listener at 127.0.0.1/46345] INFO  server.GrpcService (GrpcService.java:closeImpl(262)) - 2ad27f69-16d7-4031-a909-05da4d943227: shutdown server with port 45275 now
2022-02-20 11:32:40,750 [grpc-default-executor-4] WARN  server.GrpcServerProtocolService (LogUtils.java:warn(122)) - 2ad27f69-16d7-4031-a909-05da4d943227: installSnapshot onError, lastRequest: bd1d4b4e-78ee-4572-afee-37a4a97c8ffa->2ad27f69-16d7-4031-a909-05da4d943227#1-t5,previous=(t:0, i:0),leaderCommit=0,initializing? true,entries: size=1, first=(t:5, i:0), CONFIGURATIONENTRY: org.apache.ratis.thirdparty.io.grpc.StatusRuntimeException: CANCELLED: client cancelled
2022-02-20 11:32:40,751 [grpc-default-executor-2] WARN  client.GrpcClientProtocolService (LogUtils.java:warn(122)) - 1-UnorderedRequestStreamObserver1: onError: org.apache.ratis.thirdparty.io.grpc.StatusRuntimeException: CANCELLED: client cancelled
2022-02-20 11:32:40,751 [grpc-default-executor-3] WARN  server.GrpcServerProtocolService (LogUtils.java:warn(122)) - 148351a4-1c01-4f9f-b80e-69b9846bf8c9: installSnapshot onError, lastRequest: bd1d4b4e-78ee-4572-afee-37a4a97c8ffa->148351a4-1c01-4f9f-b80e-69b9846bf8c9#1-t5,previous=(t:0, i:0),leaderCommit=0,initializing? true,entries: size=1, first=(t:5, i:0), CONFIGURATIONENTRY: org.apache.ratis.thirdparty.io.grpc.StatusRuntimeException: CANCELLED: client cancelled
2022-02-20 11:32:40,755 [grpc-default-executor-2] WARN  server.GrpcLogAppender (LogUtils.java:warn(122)) - bd1d4b4e-78ee-4572-afee-37a4a97c8ffa@group-FA55FFB73685->148351a4-1c01-4f9f-b80e-69b9846bf8c9-AppendLogResponseHandler: Failed appendEntries: org.apache.ratis.thirdparty.io.grpc.StatusRuntimeException: CANCELLED: HTTP/2 error code: CANCEL
Received Rst Stream
2022-02-20 11:32:40,755 [grpc-default-executor-2] WARN  server.GrpcLogAppender (GrpcLogAppender.java:resetClient(110)) - bd1d4b4e-78ee-4572-afee-37a4a97c8ffa@group-FA55FFB73685->148351a4-1c01-4f9f-b80e-69b9846bf8c9-GrpcLogAppender: Leader has not got in touch with Follower bd1d4b4e-78ee-4572-afee-37a4a97c8ffa@group-FA55FFB73685->148351a4-1c01-4f9f-b80e-69b9846bf8c9(c0,m0,n1, attendVote=true, lastRpcSendTime=1597, lastRpcResponseTime=1574) yet, just keep nextIndex unchanged and retry.
2022-02-20 11:32:40,756 [Listener at 127.0.0.1/46345] INFO  server.GrpcService (GrpcService.java:closeImpl(271)) - 2ad27f69-16d7-4031-a909-05da4d943227: shutdown server with port 45275 successfully
2022-02-20 11:32:40,756 [org.apache.ratis.util.JvmPauseMonitor$$Lambda$421/295700833@6a6b93ff] INFO  util.JvmPauseMonitor (JvmPauseMonitor.java:run(109)) - JvmPauseMonitor-2ad27f69-16d7-4031-a909-05da4d943227: Stopped
2022-02-20 11:32:40,766 [grpc-default-executor-4] WARN  server.GrpcLogAppender (LogUtils.java:warn(122)) - bd1d4b4e-78ee-4572-afee-37a4a97c8ffa@group-FA55FFB73685->2ad27f69-16d7-4031-a909-05da4d943227-AppendLogResponseHandler: Failed appendEntries: org.apache.ratis.thirdparty.io.grpc.StatusRuntimeException: CANCELLED: HTTP/2 error code: CANCEL
Received Rst Stream
2022-02-20 11:32:40,766 [grpc-default-executor-4] WARN  server.GrpcLogAppender (GrpcLogAppender.java:resetClient(110)) - bd1d4b4e-78ee-4572-afee-37a4a97c8ffa@group-FA55FFB73685->2ad27f69-16d7-4031-a909-05da4d943227-GrpcLogAppender: Leader has not got in touch with Follower bd1d4b4e-78ee-4572-afee-37a4a97c8ffa@group-FA55FFB73685->2ad27f69-16d7-4031-a909-05da4d943227(c0,m0,n1, attendVote=true, lastRpcSendTime=1608, lastRpcResponseTime=1587) yet, just keep nextIndex unchanged and retry.
2022-02-20 11:32:40,778 [ForkJoinPool.commonPool-worker-1] INFO  server.GrpcService (GrpcService.java:closeImpl(271)) - 148351a4-1c01-4f9f-b80e-69b9846bf8c9: shutdown server with port 33161 successfully
2022-02-20 11:32:40,778 [org.apache.ratis.util.JvmPauseMonitor$$Lambda$421/295700833@50ce7d78] INFO  util.JvmPauseMonitor (JvmPauseMonitor.java:run(109)) - JvmPauseMonitor-148351a4-1c01-4f9f-b80e-69b9846bf8c9: Stopped
2022-02-20 11:32:41,690 [grpc-default-executor-2] WARN  server.GrpcLogAppender (LogUtils.java:warn(122)) - bd1d4b4e-78ee-4572-afee-37a4a97c8ffa@group-FA55FFB73685->2ad27f69-16d7-4031-a909-05da4d943227-AppendLogResponseHandler: Failed appendEntries: org.apache.ratis.thirdparty.io.grpc.StatusRuntimeException: UNAVAILABLE: io exception
2022-02-20 11:32:41,691 [grpc-default-executor-2] WARN  server.GrpcLogAppender (GrpcLogAppender.java:resetClient(110)) - bd1d4b4e-78ee-4572-afee-37a4a97c8ffa@group-FA55FFB73685->2ad27f69-16d7-4031-a909-05da4d943227-GrpcLogAppender: Leader has not got in touch with Follower bd1d4b4e-78ee-4572-afee-37a4a97c8ffa@group-FA55FFB73685->2ad27f69-16d7-4031-a909-05da4d943227(c0,m0,n1, attendVote=true, lastRpcSendTime=0, lastRpcResponseTime=2512) yet, just keep nextIndex unchanged and retry.
2022-02-20 11:32:41,691 [grpc-default-executor-0] WARN  server.GrpcLogAppender (LogUtils.java:warn(122)) - bd1d4b4e-78ee-4572-afee-37a4a97c8ffa@group-FA55FFB73685->148351a4-1c01-4f9f-b80e-69b9846bf8c9-AppendLogResponseHandler: Failed appendEntries: org.apache.ratis.thirdparty.io.grpc.StatusRuntimeException: UNAVAILABLE: io exception
2022-02-20 11:32:41,691 [grpc-default-executor-0] WARN  server.GrpcLogAppender (GrpcLogAppender.java:resetClient(110)) - bd1d4b4e-78ee-4572-afee-37a4a97c8ffa@group-FA55FFB73685->148351a4-1c01-4f9f-b80e-69b9846bf8c9-GrpcLogAppender: Leader has not got in touch with Follower bd1d4b4e-78ee-4572-afee-37a4a97c8ffa@group-FA55FFB73685->148351a4-1c01-4f9f-b80e-69b9846bf8c9(c0,m0,n1, attendVote=true, lastRpcSendTime=9, lastRpcResponseTime=2511) yet, just keep nextIndex unchanged and retry.
2022-02-20 11:32:42,806 [Listener at 127.0.0.1/46345] INFO  utils.BackgroundService (BackgroundService.java:shutdown(132)) - Shutting down service BlockDeletingService
2022-02-20 11:32:42,824 [ForkJoinPool.commonPool-worker-1] INFO  utils.BackgroundService (BackgroundService.java:shutdown(132)) - Shutting down service BlockDeletingService
2022-02-20 11:32:44,190 [grpc-default-executor-0] WARN  server.GrpcLogAppender (LogUtils.java:warn(122)) - bd1d4b4e-78ee-4572-afee-37a4a97c8ffa@group-FA55FFB73685->148351a4-1c01-4f9f-b80e-69b9846bf8c9-AppendLogResponseHandler: Failed appendEntries: org.apache.ratis.thirdparty.io.grpc.StatusRuntimeException: UNAVAILABLE: io exception
2022-02-20 11:32:44,191 [grpc-default-executor-0] WARN  server.GrpcLogAppender (GrpcLogAppender.java:resetClient(110)) - bd1d4b4e-78ee-4572-afee-37a4a97c8ffa@group-FA55FFB73685->148351a4-1c01-4f9f-b80e-69b9846bf8c9-GrpcLogAppender: Leader has not got in touch with Follower bd1d4b4e-78ee-4572-afee-37a4a97c8ffa@group-FA55FFB73685->148351a4-1c01-4f9f-b80e-69b9846bf8c9(c0,m0,n1, attendVote=true, lastRpcSendTime=2508, lastRpcResponseTime=5010) yet, just keep nextIndex unchanged and retry.
2022-02-20 11:32:44,202 [grpc-default-executor-0] WARN  server.GrpcLogAppender (LogUtils.java:warn(122)) - bd1d4b4e-78ee-4572-afee-37a4a97c8ffa@group-FA55FFB73685->2ad27f69-16d7-4031-a909-05da4d943227-AppendLogResponseHandler: Failed appendEntries: org.apache.ratis.thirdparty.io.grpc.StatusRuntimeException: UNAVAILABLE: io exception
2022-02-20 11:32:44,202 [grpc-default-executor-0] WARN  server.GrpcLogAppender (GrpcLogAppender.java:resetClient(110)) - bd1d4b4e-78ee-4572-afee-37a4a97c8ffa@group-FA55FFB73685->2ad27f69-16d7-4031-a909-05da4d943227-GrpcLogAppender: Leader has not got in touch with Follower bd1d4b4e-78ee-4572-afee-37a4a97c8ffa@group-FA55FFB73685->2ad27f69-16d7-4031-a909-05da4d943227(c0,m0,n1, attendVote=true, lastRpcSendTime=2512, lastRpcResponseTime=5024) yet, just keep nextIndex unchanged and retry.
2022-02-20 11:32:44,860 [bd1d4b4e-78ee-4572-afee-37a4a97c8ffa@group-68BB44CC63BC-FollowerState] INFO  impl.FollowerState (FollowerState.java:run(134)) - bd1d4b4e-78ee-4572-afee-37a4a97c8ffa@group-68BB44CC63BC-FollowerState: change to CANDIDATE, lastRpcElapsedTime:5969783931ns, electionTimeout:5008ms
2022-02-20 11:32:44,860 [bd1d4b4e-78ee-4572-afee-37a4a97c8ffa@group-68BB44CC63BC-FollowerState] INFO  impl.RoleInfo (RoleInfo.java:shutdownFollowerState(108)) - bd1d4b4e-78ee-4572-afee-37a4a97c8ffa: shutdown bd1d4b4e-78ee-4572-afee-37a4a97c8ffa@group-68BB44CC63BC-FollowerState
2022-02-20 11:32:44,861 [bd1d4b4e-78ee-4572-afee-37a4a97c8ffa@group-68BB44CC63BC-FollowerState] INFO  server.RaftServer$Division (RaftServerImpl.java:setRole(290)) - bd1d4b4e-78ee-4572-afee-37a4a97c8ffa@group-68BB44CC63BC: changes role from  FOLLOWER to CANDIDATE at term 1 for changeToCandidate
2022-02-20 11:32:44,861 [bd1d4b4e-78ee-4572-afee-37a4a97c8ffa@group-68BB44CC63BC-FollowerState] INFO  server.RaftServerConfigKeys (ConfUtils.java:logGet(44)) - raft.server.leaderelection.pre-vote = false (custom)
2022-02-20 11:32:44,861 [bd1d4b4e-78ee-4572-afee-37a4a97c8ffa@group-68BB44CC63BC-FollowerState] INFO  impl.RoleInfo (RoleInfo.java:updateAndGet(130)) - bd1d4b4e-78ee-4572-afee-37a4a97c8ffa: start bd1d4b4e-78ee-4572-afee-37a4a97c8ffa@group-68BB44CC63BC-LeaderElection15
2022-02-20 11:32:44,870 [bd1d4b4e-78ee-4572-afee-37a4a97c8ffa@group-68BB44CC63BC-LeaderElection15] INFO  server.RaftServer$Division (ServerState.java:setLeader(285)) - bd1d4b4e-78ee-4572-afee-37a4a97c8ffa@group-68BB44CC63BC: change Leader from 148351a4-1c01-4f9f-b80e-69b9846bf8c9 to null at term 1 for ELECTION
2022-02-20 11:32:44,872 [bd1d4b4e-78ee-4572-afee-37a4a97c8ffa@group-68BB44CC63BC-LeaderElection15] INFO  impl.LeaderElection (LeaderElection.java:askForVotes(306)) - bd1d4b4e-78ee-4572-afee-37a4a97c8ffa@group-68BB44CC63BC-LeaderElection15 ELECTION round 0: submit vote requests at term 2 for 0: [148351a4-1c01-4f9f-b80e-69b9846bf8c9|rpc:10.1.0.4:33161|dataStream:|priority:1, bd1d4b4e-78ee-4572-afee-37a4a97c8ffa|rpc:10.1.0.4:43203|dataStream:|priority:0, 2ad27f69-16d7-4031-a909-05da4d943227|rpc:10.1.0.4:45275|dataStream:|priority:0], old=null
2022-02-20 11:32:44,890 [bd1d4b4e-78ee-4572-afee-37a4a97c8ffa@group-68BB44CC63BC-LeaderElection15] INFO  impl.LeaderElection (LogUtils.java:infoOrTrace(137)) - bd1d4b4e-78ee-4572-afee-37a4a97c8ffa@group-68BB44CC63BC-LeaderElection15 got exception when requesting votes: java.util.concurrent.ExecutionException: org.apache.ratis.thirdparty.io.grpc.StatusRuntimeException: UNAVAILABLE: io exception
2022-02-20 11:32:44,892 [bd1d4b4e-78ee-4572-afee-37a4a97c8ffa@group-68BB44CC63BC-LeaderElection15] INFO  impl.LeaderElection (LogUtils.java:infoOrTrace(137)) - bd1d4b4e-78ee-4572-afee-37a4a97c8ffa@group-68BB44CC63BC-LeaderElection15 got exception when requesting votes: java.util.concurrent.ExecutionException: org.apache.ratis.thirdparty.io.grpc.StatusRuntimeException: UNAVAILABLE: io exception
2022-02-20 11:32:44,892 [bd1d4b4e-78ee-4572-afee-37a4a97c8ffa@group-68BB44CC63BC-LeaderElection15] INFO  impl.LeaderElection (LeaderElection.java:logAndReturn(89)) - bd1d4b4e-78ee-4572-afee-37a4a97c8ffa@group-68BB44CC63BC-LeaderElection15: ELECTION REJECTED received 0 response(s) and 2 exception(s):
2022-02-20 11:32:44,892 [bd1d4b4e-78ee-4572-afee-37a4a97c8ffa@group-68BB44CC63BC-LeaderElection15] INFO  impl.LeaderElection (LogUtils.java:infoOrTrace(137)) -   Exception 0: java.util.concurrent.ExecutionException: org.apache.ratis.thirdparty.io.grpc.StatusRuntimeException: UNAVAILABLE: io exception
2022-02-20 11:32:44,892 [bd1d4b4e-78ee-4572-afee-37a4a97c8ffa@group-68BB44CC63BC-LeaderElection15] INFO  impl.LeaderElection (LogUtils.java:infoOrTrace(137)) -   Exception 1: java.util.concurrent.ExecutionException: org.apache.ratis.thirdparty.io.grpc.StatusRuntimeException: UNAVAILABLE: io exception
2022-02-20 11:32:44,892 [bd1d4b4e-78ee-4572-afee-37a4a97c8ffa@group-68BB44CC63BC-LeaderElection15] INFO  impl.LeaderElection (LeaderElection.java:askForVotes(308)) - bd1d4b4e-78ee-4572-afee-37a4a97c8ffa@group-68BB44CC63BC-LeaderElection15 ELECTION round 0: result REJECTED
2022-02-20 11:32:44,893 [bd1d4b4e-78ee-4572-afee-37a4a97c8ffa@group-68BB44CC63BC-LeaderElection15] INFO  server.RaftServer$Division (RaftServerImpl.java:setRole(290)) - bd1d4b4e-78ee-4572-afee-37a4a97c8ffa@group-68BB44CC63BC: changes role from CANDIDATE to FOLLOWER at term 2 for REJECTED
2022-02-20 11:32:44,893 [bd1d4b4e-78ee-4572-afee-37a4a97c8ffa@group-68BB44CC63BC-LeaderElection15] INFO  impl.RoleInfo (RoleInfo.java:shutdownLeaderElection(121)) - bd1d4b4e-78ee-4572-afee-37a4a97c8ffa: shutdown bd1d4b4e-78ee-4572-afee-37a4a97c8ffa@group-68BB44CC63BC-LeaderElection15
2022-02-20 11:32:44,893 [bd1d4b4e-78ee-4572-afee-37a4a97c8ffa@group-68BB44CC63BC-LeaderElection15] INFO  impl.RoleInfo (RoleInfo.java:updateAndGet(130)) - bd1d4b4e-78ee-4572-afee-37a4a97c8ffa: start bd1d4b4e-78ee-4572-afee-37a4a97c8ffa@group-68BB44CC63BC-FollowerState
2022-02-20 11:32:45,813 [Listener at 127.0.0.1/46345] INFO  statemachine.DatanodeStateMachine (DatanodeStateMachine.java:stopDaemon(529)) - Ozone container server stopped.
2022-02-20 11:32:45,815 [Listener at 127.0.0.1/46345] INFO  handler.ContextHandler (ContextHandler.java:doStop(1153)) - Stopped o.e.j.w.WebAppContext@656096e1{hddsDatanode,/,null,STOPPED}{jar:file:/home/runner/.m2/repository/org/apache/ozone/hdds-container-service/1.3.0-SNAPSHOT/hdds-container-service-1.3.0-SNAPSHOT.jar!/webapps/hddsDatanode}
2022-02-20 11:32:45,818 [Listener at 127.0.0.1/46345] INFO  server.AbstractConnector (AbstractConnector.java:doStop(381)) - Stopped ServerConnector@700df0dd{HTTP/1.1, (http/1.1)}{0.0.0.0:0}
2022-02-20 11:32:45,818 [Listener at 127.0.0.1/46345] INFO  server.session (HouseKeeper.java:stopScavenging(149)) - node0 Stopped scavenging
2022-02-20 11:32:45,819 [Listener at 127.0.0.1/46345] INFO  handler.ContextHandler (ContextHandler.java:doStop(1153)) - Stopped o.e.j.s.ServletContextHandler@2ae032c4{static,/static,jar:file:/home/runner/.m2/repository/org/apache/ozone/hdds-container-service/1.3.0-SNAPSHOT/hdds-container-service-1.3.0-SNAPSHOT.jar!/webapps/static,STOPPED}
2022-02-20 11:32:45,820 [Listener at 127.0.0.1/46345] INFO  handler.ContextHandler (ContextHandler.java:doStop(1153)) - Stopped o.e.j.s.ServletContextHandler@2ac974bc{logs,/logs,file:///home/runner/work/ozone/ozone/hadoop-ozone/integration-test/target/log,STOPPED}
2022-02-20 11:32:45,886 [ForkJoinPool.commonPool-worker-1] INFO  statemachine.DatanodeStateMachine (DatanodeStateMachine.java:stopDaemon(529)) - Ozone container server stopped.
2022-02-20 11:32:45,910 [ForkJoinPool.commonPool-worker-1] INFO  handler.ContextHandler (ContextHandler.java:doStop(1153)) - Stopped o.e.j.w.WebAppContext@293f855b{hddsDatanode,/,null,STOPPED}{jar:file:/home/runner/.m2/repository/org/apache/ozone/hdds-container-service/1.3.0-SNAPSHOT/hdds-container-service-1.3.0-SNAPSHOT.jar!/webapps/hddsDatanode}
2022-02-20 11:32:45,911 [ForkJoinPool.commonPool-worker-1] INFO  server.AbstractConnector (AbstractConnector.java:doStop(381)) - Stopped ServerConnector@571f925f{HTTP/1.1, (http/1.1)}{0.0.0.0:0}
2022-02-20 11:32:45,914 [ForkJoinPool.commonPool-worker-1] INFO  server.session (HouseKeeper.java:stopScavenging(149)) - node0 Stopped scavenging
2022-02-20 11:32:45,915 [ForkJoinPool.commonPool-worker-1] INFO  handler.ContextHandler (ContextHandler.java:doStop(1153)) - Stopped o.e.j.s.ServletContextHandler@27d9ba11{static,/static,jar:file:/home/runner/.m2/repository/org/apache/ozone/hdds-container-service/1.3.0-SNAPSHOT/hdds-container-service-1.3.0-SNAPSHOT.jar!/webapps/static,STOPPED}
2022-02-20 11:32:45,916 [ForkJoinPool.commonPool-worker-1] INFO  handler.ContextHandler (ContextHandler.java:doStop(1153)) - Stopped o.e.j.s.ServletContextHandler@363b24aa{logs,/logs,file:///home/runner/work/ozone/ozone/hadoop-ozone/integration-test/target/log,STOPPED}
2022-02-20 11:32:46,692 [grpc-default-executor-0] WARN  server.GrpcLogAppender (LogUtils.java:warn(122)) - bd1d4b4e-78ee-4572-afee-37a4a97c8ffa@group-FA55FFB73685->148351a4-1c01-4f9f-b80e-69b9846bf8c9-AppendLogResponseHandler: Failed appendEntries: org.apache.ratis.thirdparty.io.grpc.StatusRuntimeException: UNAVAILABLE: io exception
2022-02-20 11:32:46,692 [grpc-default-executor-0] WARN  server.GrpcLogAppender (GrpcLogAppender.java:resetClient(110)) - bd1d4b4e-78ee-4572-afee-37a4a97c8ffa@group-FA55FFB73685->148351a4-1c01-4f9f-b80e-69b9846bf8c9-GrpcLogAppender: Leader has not got in touch with Follower bd1d4b4e-78ee-4572-afee-37a4a97c8ffa@group-FA55FFB73685->148351a4-1c01-4f9f-b80e-69b9846bf8c9(c0,m0,n1, attendVote=true, lastRpcSendTime=0, lastRpcResponseTime=7512) yet, just keep nextIndex unchanged and retry.
2022-02-20 11:32:46,708 [grpc-default-executor-0] WARN  server.GrpcLogAppender (LogUtils.java:warn(122)) - bd1d4b4e-78ee-4572-afee-37a4a97c8ffa@group-FA55FFB73685->2ad27f69-16d7-4031-a909-05da4d943227-AppendLogResponseHandler: Failed appendEntries: org.apache.ratis.thirdparty.io.grpc.StatusRuntimeException: UNAVAILABLE: io exception
2022-02-20 11:32:46,709 [grpc-default-executor-0] WARN  server.GrpcLogAppender (GrpcLogAppender.java:resetClient(110)) - bd1d4b4e-78ee-4572-afee-37a4a97c8ffa@group-FA55FFB73685->2ad27f69-16d7-4031-a909-05da4d943227-GrpcLogAppender: Leader has not got in touch with Follower bd1d4b4e-78ee-4572-afee-37a4a97c8ffa@group-FA55FFB73685->2ad27f69-16d7-4031-a909-05da4d943227(c0,m0,n1, attendVote=true, lastRpcSendTime=2505, lastRpcResponseTime=7530) yet, just keep nextIndex unchanged and retry.
2022-02-20 11:32:49,193 [grpc-default-executor-0] WARN  server.GrpcLogAppender (LogUtils.java:warn(122)) - bd1d4b4e-78ee-4572-afee-37a4a97c8ffa@group-FA55FFB73685->148351a4-1c01-4f9f-b80e-69b9846bf8c9-AppendLogResponseHandler: Failed appendEntries: org.apache.ratis.thirdparty.io.grpc.StatusRuntimeException: UNAVAILABLE: io exception
2022-02-20 11:32:49,194 [grpc-default-executor-0] WARN  server.GrpcLogAppender (GrpcLogAppender.java:resetClient(110)) - bd1d4b4e-78ee-4572-afee-37a4a97c8ffa@group-FA55FFB73685->148351a4-1c01-4f9f-b80e-69b9846bf8c9-GrpcLogAppender: Leader has not got in touch with Follower bd1d4b4e-78ee-4572-afee-37a4a97c8ffa@group-FA55FFB73685->148351a4-1c01-4f9f-b80e-69b9846bf8c9(c0,m0,n1, attendVote=true, lastRpcSendTime=2502, lastRpcResponseTime=10014) yet, just keep nextIndex unchanged and retry.
2022-02-20 11:32:49,218 [grpc-default-executor-0] WARN  server.GrpcLogAppender (LogUtils.java:warn(122)) - bd1d4b4e-78ee-4572-afee-37a4a97c8ffa@group-FA55FFB73685->2ad27f69-16d7-4031-a909-05da4d943227-AppendLogResponseHandler: Failed appendEntries: org.apache.ratis.thirdparty.io.grpc.StatusRuntimeException: UNAVAILABLE: io exception
2022-02-20 11:32:49,218 [grpc-default-executor-0] WARN  server.GrpcLogAppender (GrpcLogAppender.java:resetClient(110)) - bd1d4b4e-78ee-4572-afee-37a4a97c8ffa@group-FA55FFB73685->2ad27f69-16d7-4031-a909-05da4d943227-GrpcLogAppender: Leader has not got in touch with Follower bd1d4b4e-78ee-4572-afee-37a4a97c8ffa@group-FA55FFB73685->2ad27f69-16d7-4031-a909-05da4d943227(c0,m0,n1, attendVote=true, lastRpcSendTime=0, lastRpcResponseTime=10039) yet, just keep nextIndex unchanged and retry.
2022-02-20 11:32:49,553 [bd1d4b4e-78ee-4572-afee-37a4a97c8ffa@group-FA55FFB73685-LeaderStateImpl] WARN  server.RaftServer$Division (LeaderStateImpl.java:checkLeadership(974)) - bd1d4b4e-78ee-4572-afee-37a4a97c8ffa@group-FA55FFB73685-LeaderStateImpl: Lost leadership on term: 5. Election timeout: 5200ms. In charge for: 10420ms. Conf: 0: [148351a4-1c01-4f9f-b80e-69b9846bf8c9|rpc:10.1.0.4:33161|dataStream:|priority:0, bd1d4b4e-78ee-4572-afee-37a4a97c8ffa|rpc:10.1.0.4:43203|dataStream:|priority:1, 2ad27f69-16d7-4031-a909-05da4d943227|rpc:10.1.0.4:45275|dataStream:|priority:0], old=null
2022-02-20 11:32:49,554 [bd1d4b4e-78ee-4572-afee-37a4a97c8ffa@group-FA55FFB73685-LeaderStateImpl] WARN  server.RaftServer$Division (LeaderStateImpl.java:lambda$checkLeadership$15(978)) - Follower bd1d4b4e-78ee-4572-afee-37a4a97c8ffa@group-FA55FFB73685->148351a4-1c01-4f9f-b80e-69b9846bf8c9(c0,m0,n1, attendVote=true, lastRpcSendTime=357, lastRpcResponseTime=10373)
2022-02-20 11:32:49,554 [bd1d4b4e-78ee-4572-afee-37a4a97c8ffa@group-FA55FFB73685-LeaderStateImpl] WARN  server.RaftServer$Division (LeaderStateImpl.java:lambda$checkLeadership$15(978)) - Follower bd1d4b4e-78ee-4572-afee-37a4a97c8ffa@group-FA55FFB73685->2ad27f69-16d7-4031-a909-05da4d943227(c0,m0,n1, attendVote=true, lastRpcSendTime=336, lastRpcResponseTime=10375)
2022-02-20 11:32:49,554 [bd1d4b4e-78ee-4572-afee-37a4a97c8ffa@group-FA55FFB73685-LeaderStateImpl] INFO  server.RaftServer$Division (RaftServerImpl.java:setRole(290)) - bd1d4b4e-78ee-4572-afee-37a4a97c8ffa@group-FA55FFB73685: changes role from    LEADER to FOLLOWER at term 5 for StepDownReason:LOST_MAJORITY_HEARTBEATS
2022-02-20 11:32:49,554 [bd1d4b4e-78ee-4572-afee-37a4a97c8ffa@group-FA55FFB73685-LeaderStateImpl] INFO  impl.RoleInfo (RoleInfo.java:shutdownLeaderState(91)) - bd1d4b4e-78ee-4572-afee-37a4a97c8ffa: shutdown bd1d4b4e-78ee-4572-afee-37a4a97c8ffa@group-FA55FFB73685-LeaderStateImpl
2022-02-20 11:32:49,566 [bd1d4b4e-78ee-4572-afee-37a4a97c8ffa@group-FA55FFB73685-LeaderStateImpl] INFO  impl.PendingRequests (PendingRequests.java:sendNotLeaderResponses(282)) - bd1d4b4e-78ee-4572-afee-37a4a97c8ffa@group-FA55FFB73685-PendingRequests: sendNotLeaderResponses
2022-02-20 11:32:49,566 [bd1d4b4e-78ee-4572-afee-37a4a97c8ffa@group-FA55FFB73685-LeaderStateImpl] INFO  impl.RoleInfo (RoleInfo.java:updateAndGet(130)) - bd1d4b4e-78ee-4572-afee-37a4a97c8ffa: start bd1d4b4e-78ee-4572-afee-37a4a97c8ffa@group-FA55FFB73685-FollowerState
2022-02-20 11:32:50,060 [bd1d4b4e-78ee-4572-afee-37a4a97c8ffa@group-68BB44CC63BC-FollowerState] INFO  impl.FollowerState (FollowerState.java:run(134)) - bd1d4b4e-78ee-4572-afee-37a4a97c8ffa@group-68BB44CC63BC-FollowerState: change to CANDIDATE, lastRpcElapsedTime:5167754146ns, electionTimeout:5132ms
2022-02-20 11:32:50,061 [bd1d4b4e-78ee-4572-afee-37a4a97c8ffa@group-68BB44CC63BC-FollowerState] INFO  impl.RoleInfo (RoleInfo.java:shutdownFollowerState(108)) - bd1d4b4e-78ee-4572-afee-37a4a97c8ffa: shutdown bd1d4b4e-78ee-4572-afee-37a4a97c8ffa@group-68BB44CC63BC-FollowerState
2022-02-20 11:32:50,061 [bd1d4b4e-78ee-4572-afee-37a4a97c8ffa@group-68BB44CC63BC-FollowerState] INFO  server.RaftServer$Division (RaftServerImpl.java:setRole(290)) - bd1d4b4e-78ee-4572-afee-37a4a97c8ffa@group-68BB44CC63BC: changes role from  FOLLOWER to CANDIDATE at term 2 for changeToCandidate
2022-02-20 11:32:50,061 [bd1d4b4e-78ee-4572-afee-37a4a97c8ffa@group-68BB44CC63BC-FollowerState] INFO  server.RaftServerConfigKeys (ConfUtils.java:logGet(44)) - raft.server.leaderelection.pre-vote = false (custom)
2022-02-20 11:32:50,061 [bd1d4b4e-78ee-4572-afee-37a4a97c8ffa@group-68BB44CC63BC-FollowerState] INFO  impl.RoleInfo (RoleInfo.java:updateAndGet(130)) - bd1d4b4e-78ee-4572-afee-37a4a97c8ffa: start bd1d4b4e-78ee-4572-afee-37a4a97c8ffa@group-68BB44CC63BC-LeaderElection16
2022-02-20 11:32:50,084 [bd1d4b4e-78ee-4572-afee-37a4a97c8ffa@group-68BB44CC63BC-LeaderElection16] INFO  impl.LeaderElection (LeaderElection.java:askForVotes(306)) - bd1d4b4e-78ee-4572-afee-37a4a97c8ffa@group-68BB44CC63BC-LeaderElection16 ELECTION round 0: submit vote requests at term 3 for 0: [148351a4-1c01-4f9f-b80e-69b9846bf8c9|rpc:10.1.0.4:33161|dataStream:|priority:1, bd1d4b4e-78ee-4572-afee-37a4a97c8ffa|rpc:10.1.0.4:43203|dataStream:|priority:0, 2ad27f69-16d7-4031-a909-05da4d943227|rpc:10.1.0.4:45275|dataStream:|priority:0], old=null
2022-02-20 11:32:50,094 [bd1d4b4e-78ee-4572-afee-37a4a97c8ffa@group-68BB44CC63BC-LeaderElection16] INFO  impl.LeaderElection (LogUtils.java:infoOrTrace(137)) - bd1d4b4e-78ee-4572-afee-37a4a97c8ffa@group-68BB44CC63BC-LeaderElection16 got exception when requesting votes: java.util.concurrent.ExecutionException: org.apache.ratis.thirdparty.io.grpc.StatusRuntimeException: UNAVAILABLE: io exception
2022-02-20 11:32:50,094 [bd1d4b4e-78ee-4572-afee-37a4a97c8ffa@group-68BB44CC63BC-LeaderElection16] INFO  impl.LeaderElection (LogUtils.java:infoOrTrace(137)) - bd1d4b4e-78ee-4572-afee-37a4a97c8ffa@group-68BB44CC63BC-LeaderElection16 got exception when requesting votes: java.util.concurrent.ExecutionException: org.apache.ratis.thirdparty.io.grpc.StatusRuntimeException: UNAVAILABLE: io exception
2022-02-20 11:32:50,094 [bd1d4b4e-78ee-4572-afee-37a4a97c8ffa@group-68BB44CC63BC-LeaderElection16] INFO  impl.LeaderElection (LeaderElection.java:logAndReturn(89)) - bd1d4b4e-78ee-4572-afee-37a4a97c8ffa@group-68BB44CC63BC-LeaderElection16: ELECTION REJECTED received 0 response(s) and 2 exception(s):
2022-02-20 11:32:50,094 [bd1d4b4e-78ee-4572-afee-37a4a97c8ffa@group-68BB44CC63BC-LeaderElection16] INFO  impl.LeaderElection (LogUtils.java:infoOrTrace(137)) -   Exception 0: java.util.concurrent.ExecutionException: org.apache.ratis.thirdparty.io.grpc.StatusRuntimeException: UNAVAILABLE: io exception
2022-02-20 11:32:50,094 [bd1d4b4e-78ee-4572-afee-37a4a97c8ffa@group-68BB44CC63BC-LeaderElection16] INFO  impl.LeaderElection (LogUtils.java:infoOrTrace(137)) -   Exception 1: java.util.concurrent.ExecutionException: org.apache.ratis.thirdparty.io.grpc.StatusRuntimeException: UNAVAILABLE: io exception
2022-02-20 11:32:50,094 [bd1d4b4e-78ee-4572-afee-37a4a97c8ffa@group-68BB44CC63BC-LeaderElection16] INFO  impl.LeaderElection (LeaderElection.java:askForVotes(308)) - bd1d4b4e-78ee-4572-afee-37a4a97c8ffa@group-68BB44CC63BC-LeaderElection16 ELECTION round 0: result REJECTED
2022-02-20 11:32:50,094 [bd1d4b4e-78ee-4572-afee-37a4a97c8ffa@group-68BB44CC63BC-LeaderElection16] INFO  server.RaftServer$Division (RaftServerImpl.java:setRole(290)) - bd1d4b4e-78ee-4572-afee-37a4a97c8ffa@group-68BB44CC63BC: changes role from CANDIDATE to FOLLOWER at term 3 for REJECTED
2022-02-20 11:32:50,094 [bd1d4b4e-78ee-4572-afee-37a4a97c8ffa@group-68BB44CC63BC-LeaderElection16] INFO  impl.RoleInfo (RoleInfo.java:shutdownLeaderElection(121)) - bd1d4b4e-78ee-4572-afee-37a4a97c8ffa: shutdown bd1d4b4e-78ee-4572-afee-37a4a97c8ffa@group-68BB44CC63BC-LeaderElection16
2022-02-20 11:32:50,094 [bd1d4b4e-78ee-4572-afee-37a4a97c8ffa@group-68BB44CC63BC-LeaderElection16] INFO  impl.RoleInfo (RoleInfo.java:updateAndGet(130)) - bd1d4b4e-78ee-4572-afee-37a4a97c8ffa: start bd1d4b4e-78ee-4572-afee-37a4a97c8ffa@group-68BB44CC63BC-FollowerState
2022-02-20 11:32:50,822 [Listener at 127.0.0.1/46345] INFO  ozoneimpl.OzoneContainer (OzoneContainer.java:stop(351)) - Attempting to stop container services.
2022-02-20 11:32:50,823 [Listener at 127.0.0.1/46345] INFO  server.RaftServer (RaftServerProxy.java:lambda$close$6(391)) - bd1d4b4e-78ee-4572-afee-37a4a97c8ffa: close
2022-02-20 11:32:50,823 [Listener at 127.0.0.1/46345] INFO  server.RaftServer$Division (RaftServerImpl.java:lambda$close$4(412)) - bd1d4b4e-78ee-4572-afee-37a4a97c8ffa@group-68BB44CC63BC: shutdown
2022-02-20 11:32:50,824 [Listener at 127.0.0.1/46345] INFO  util.JmxRegister (JmxRegister.java:unregister(73)) - Successfully un-registered JMX Bean with object name Ratis:service=RaftServer,group=group-68BB44CC63BC,id=bd1d4b4e-78ee-4572-afee-37a4a97c8ffa
2022-02-20 11:32:50,824 [Listener at 127.0.0.1/46345] INFO  impl.RoleInfo (RoleInfo.java:shutdownFollowerState(108)) - bd1d4b4e-78ee-4572-afee-37a4a97c8ffa: shutdown bd1d4b4e-78ee-4572-afee-37a4a97c8ffa@group-68BB44CC63BC-FollowerState
2022-02-20 11:32:50,824 [Listener at 127.0.0.1/46345] INFO  impl.StateMachineUpdater (StateMachineUpdater.java:stopAndJoin(149)) - bd1d4b4e-78ee-4572-afee-37a4a97c8ffa@group-68BB44CC63BC-StateMachineUpdater: set stopIndex = 28
2022-02-20 11:32:50,824 [ForkJoinPool.commonPool-worker-0] INFO  server.RaftServer$Division (RaftServerImpl.java:lambda$close$4(412)) - bd1d4b4e-78ee-4572-afee-37a4a97c8ffa@group-FA55FFB73685: shutdown
2022-02-20 11:32:50,824 [ForkJoinPool.commonPool-worker-0] INFO  util.JmxRegister (JmxRegister.java:unregister(73)) - Successfully un-registered JMX Bean with object name Ratis:service=RaftServer,group=group-FA55FFB73685,id=bd1d4b4e-78ee-4572-afee-37a4a97c8ffa
2022-02-20 11:32:50,824 [ForkJoinPool.commonPool-worker-0] INFO  impl.RoleInfo (RoleInfo.java:shutdownFollowerState(108)) - bd1d4b4e-78ee-4572-afee-37a4a97c8ffa: shutdown bd1d4b4e-78ee-4572-afee-37a4a97c8ffa@group-FA55FFB73685-FollowerState
2022-02-20 11:32:50,824 [bd1d4b4e-78ee-4572-afee-37a4a97c8ffa@group-68BB44CC63BC-StateMachineUpdater] INFO  ratis.ContainerStateMachine (ContainerStateMachine.java:takeSnapshot(304)) - group-68BB44CC63BC: Taking a snapshot at:(t:1, i:28) file /home/runner/work/ozone/ozone/hadoop-ozone/integration-test/target/test-dir/MiniOzoneClusterImpl-03d7189f-112e-476d-bd22-2d3bdbce709e/datanode-2/data/ratis/a2849537-affd-4ab5-ba54-68bb44cc63bc/sm/snapshot.1_28
2022-02-20 11:32:50,825 [bd1d4b4e-78ee-4572-afee-37a4a97c8ffa@group-FA55FFB73685-FollowerState] INFO  impl.FollowerState (FollowerState.java:run(143)) - bd1d4b4e-78ee-4572-afee-37a4a97c8ffa@group-FA55FFB73685-FollowerState was interrupted: {}
java.lang.InterruptedException: sleep interrupted
	at java.lang.Thread.sleep(Native Method)
	at java.lang.Thread.sleep(Thread.java:342)
	at java.util.concurrent.TimeUnit.sleep(TimeUnit.java:386)
	at org.apache.ratis.util.TimeDuration.sleep(TimeDuration.java:324)
	at org.apache.ratis.util.TimeDuration.sleep(TimeDuration.java:309)
	at org.apache.ratis.server.impl.FollowerState.run(FollowerState.java:118)
2022-02-20 11:32:50,824 [bd1d4b4e-78ee-4572-afee-37a4a97c8ffa@group-68BB44CC63BC-FollowerState] INFO  impl.FollowerState (FollowerState.java:run(143)) - bd1d4b4e-78ee-4572-afee-37a4a97c8ffa@group-68BB44CC63BC-FollowerState was interrupted: {}
java.lang.InterruptedException: sleep interrupted
	at java.lang.Thread.sleep(Native Method)
	at java.lang.Thread.sleep(Thread.java:342)
	at java.util.concurrent.TimeUnit.sleep(TimeUnit.java:386)
	at org.apache.ratis.util.TimeDuration.sleep(TimeDuration.java:324)
	at org.apache.ratis.util.TimeDuration.sleep(TimeDuration.java:309)
	at org.apache.ratis.server.impl.FollowerState.run(FollowerState.java:118)
2022-02-20 11:32:50,826 [bd1d4b4e-78ee-4572-afee-37a4a97c8ffa@group-FA55FFB73685-StateMachineUpdater] INFO  ratis.ContainerStateMachine (ContainerStateMachine.java:takeSnapshot(304)) - group-FA55FFB73685: Taking a snapshot at:(t:5, i:0) file /home/runner/work/ozone/ozone/hadoop-ozone/integration-test/target/test-dir/MiniOzoneClusterImpl-03d7189f-112e-476d-bd22-2d3bdbce709e/datanode-2/data/ratis/ee769b1f-eec9-4c9d-aaf1-fa55ffb73685/sm/snapshot.5_0
2022-02-20 11:32:50,825 [bd1d4b4e-78ee-4572-afee-37a4a97c8ffa@group-68BB44CC63BC-StateMachineUpdater] INFO  ratis.ContainerStateMachine (ContainerStateMachine.java:takeSnapshot(315)) - group-68BB44CC63BC: Finished taking a snapshot at:(t:1, i:28) file:/home/runner/work/ozone/ozone/hadoop-ozone/integration-test/target/test-dir/MiniOzoneClusterImpl-03d7189f-112e-476d-bd22-2d3bdbce709e/datanode-2/data/ratis/a2849537-affd-4ab5-ba54-68bb44cc63bc/sm/snapshot.1_28 took: 1 ms
2022-02-20 11:32:50,824 [ForkJoinPool.commonPool-worker-0] INFO  impl.StateMachineUpdater (StateMachineUpdater.java:stopAndJoin(149)) - bd1d4b4e-78ee-4572-afee-37a4a97c8ffa@group-FA55FFB73685-StateMachineUpdater: set stopIndex = 0
2022-02-20 11:32:50,828 [bd1d4b4e-78ee-4572-afee-37a4a97c8ffa@group-FA55FFB73685-StateMachineUpdater] INFO  ratis.ContainerStateMachine (ContainerStateMachine.java:takeSnapshot(315)) - group-FA55FFB73685: Finished taking a snapshot at:(t:5, i:0) file:/home/runner/work/ozone/ozone/hadoop-ozone/integration-test/target/test-dir/MiniOzoneClusterImpl-03d7189f-112e-476d-bd22-2d3bdbce709e/datanode-2/data/ratis/ee769b1f-eec9-4c9d-aaf1-fa55ffb73685/sm/snapshot.5_0 took: 2 ms
2022-02-20 11:32:50,828 [bd1d4b4e-78ee-4572-afee-37a4a97c8ffa@group-FA55FFB73685-StateMachineUpdater] INFO  impl.StateMachineUpdater (StateMachineUpdater.java:takeSnapshot(281)) - bd1d4b4e-78ee-4572-afee-37a4a97c8ffa@group-FA55FFB73685-StateMachineUpdater: Took a snapshot at index 0
2022-02-20 11:32:50,828 [bd1d4b4e-78ee-4572-afee-37a4a97c8ffa@group-FA55FFB73685-StateMachineUpdater] INFO  impl.StateMachineUpdater (StateMachineUpdater.java:lambda$new$0(89)) - bd1d4b4e-78ee-4572-afee-37a4a97c8ffa@group-FA55FFB73685-StateMachineUpdater: snapshotIndex: updateIncreasingly -1 -> 0
2022-02-20 11:32:50,828 [ForkJoinPool.commonPool-worker-0] INFO  server.RaftServer$Division (ServerState.java:close(419)) - bd1d4b4e-78ee-4572-afee-37a4a97c8ffa@group-FA55FFB73685: closes. applyIndex: 0
2022-02-20 11:32:50,828 [bd1d4b4e-78ee-4572-afee-37a4a97c8ffa@group-FA55FFB73685-SegmentedRaftLogWorker] INFO  segmented.SegmentedRaftLogWorker (SegmentedRaftLogWorker.java:run(327)) - bd1d4b4e-78ee-4572-afee-37a4a97c8ffa@group-FA55FFB73685-SegmentedRaftLogWorker was interrupted, exiting. There are 0 tasks remaining in the queue.
2022-02-20 11:32:50,828 [bd1d4b4e-78ee-4572-afee-37a4a97c8ffa@group-68BB44CC63BC-StateMachineUpdater] INFO  impl.StateMachineUpdater (StateMachineUpdater.java:takeSnapshot(281)) - bd1d4b4e-78ee-4572-afee-37a4a97c8ffa@group-68BB44CC63BC-StateMachineUpdater: Took a snapshot at index 28
2022-02-20 11:32:50,828 [bd1d4b4e-78ee-4572-afee-37a4a97c8ffa@group-68BB44CC63BC-StateMachineUpdater] INFO  impl.StateMachineUpdater (StateMachineUpdater.java:lambda$new$0(89)) - bd1d4b4e-78ee-4572-afee-37a4a97c8ffa@group-68BB44CC63BC-StateMachineUpdater: snapshotIndex: updateIncreasingly -1 -> 28
2022-02-20 11:32:50,829 [Listener at 127.0.0.1/46345] INFO  server.RaftServer$Division (ServerState.java:close(419)) - bd1d4b4e-78ee-4572-afee-37a4a97c8ffa@group-68BB44CC63BC: closes. applyIndex: 28
2022-02-20 11:32:50,829 [bd1d4b4e-78ee-4572-afee-37a4a97c8ffa@group-68BB44CC63BC-SegmentedRaftLogWorker] INFO  segmented.SegmentedRaftLogWorker (SegmentedRaftLogWorker.java:run(327)) - bd1d4b4e-78ee-4572-afee-37a4a97c8ffa@group-68BB44CC63BC-SegmentedRaftLogWorker was interrupted, exiting. There are 0 tasks remaining in the queue.
2022-02-20 11:32:50,830 [ForkJoinPool.commonPool-worker-0] INFO  segmented.SegmentedRaftLogWorker (SegmentedRaftLogWorker.java:close(237)) - bd1d4b4e-78ee-4572-afee-37a4a97c8ffa@group-FA55FFB73685-SegmentedRaftLogWorker close()
2022-02-20 11:32:50,833 [Listener at 127.0.0.1/46345] INFO  segmented.SegmentedRaftLogWorker (SegmentedRaftLogWorker.java:close(237)) - bd1d4b4e-78ee-4572-afee-37a4a97c8ffa@group-68BB44CC63BC-SegmentedRaftLogWorker close()
2022-02-20 11:32:50,836 [ForkJoinPool.commonPool-worker-0] INFO  server.RaftServer$Division (RaftServerImpl.java:lambda$close$4(412)) - bd1d4b4e-78ee-4572-afee-37a4a97c8ffa@group-62FB91F0BFD0: shutdown
2022-02-20 11:32:50,836 [ForkJoinPool.commonPool-worker-0] INFO  util.JmxRegister (JmxRegister.java:unregister(73)) - Successfully un-registered JMX Bean with object name Ratis:service=RaftServer,group=group-62FB91F0BFD0,id=bd1d4b4e-78ee-4572-afee-37a4a97c8ffa
2022-02-20 11:32:50,836 [ForkJoinPool.commonPool-worker-0] INFO  impl.RoleInfo (RoleInfo.java:shutdownLeaderState(91)) - bd1d4b4e-78ee-4572-afee-37a4a97c8ffa: shutdown bd1d4b4e-78ee-4572-afee-37a4a97c8ffa@group-62FB91F0BFD0-LeaderStateImpl
2022-02-20 11:32:50,837 [ForkJoinPool.commonPool-worker-0] INFO  impl.PendingRequests (PendingRequests.java:sendNotLeaderResponses(282)) - bd1d4b4e-78ee-4572-afee-37a4a97c8ffa@group-62FB91F0BFD0-PendingRequests: sendNotLeaderResponses
2022-02-20 11:32:50,837 [ForkJoinPool.commonPool-worker-0] INFO  impl.StateMachineUpdater (StateMachineUpdater.java:stopAndJoin(149)) - bd1d4b4e-78ee-4572-afee-37a4a97c8ffa@group-62FB91F0BFD0-StateMachineUpdater: set stopIndex = 0
2022-02-20 11:32:50,837 [bd1d4b4e-78ee-4572-afee-37a4a97c8ffa@group-62FB91F0BFD0-StateMachineUpdater] INFO  ratis.ContainerStateMachine (ContainerStateMachine.java:takeSnapshot(304)) - group-62FB91F0BFD0: Taking a snapshot at:(t:1, i:0) file /home/runner/work/ozone/ozone/hadoop-ozone/integration-test/target/test-dir/MiniOzoneClusterImpl-03d7189f-112e-476d-bd22-2d3bdbce709e/datanode-2/data/ratis/c1e45e74-3a21-496d-807b-62fb91f0bfd0/sm/snapshot.1_0
2022-02-20 11:32:50,838 [bd1d4b4e-78ee-4572-afee-37a4a97c8ffa@group-62FB91F0BFD0-StateMachineUpdater] INFO  ratis.ContainerStateMachine (ContainerStateMachine.java:takeSnapshot(315)) - group-62FB91F0BFD0: Finished taking a snapshot at:(t:1, i:0) file:/home/runner/work/ozone/ozone/hadoop-ozone/integration-test/target/test-dir/MiniOzoneClusterImpl-03d7189f-112e-476d-bd22-2d3bdbce709e/datanode-2/data/ratis/c1e45e74-3a21-496d-807b-62fb91f0bfd0/sm/snapshot.1_0 took: 0 ms
2022-02-20 11:32:50,838 [bd1d4b4e-78ee-4572-afee-37a4a97c8ffa@group-62FB91F0BFD0-StateMachineUpdater] INFO  impl.StateMachineUpdater (StateMachineUpdater.java:takeSnapshot(281)) - bd1d4b4e-78ee-4572-afee-37a4a97c8ffa@group-62FB91F0BFD0-StateMachineUpdater: Took a snapshot at index 0
2022-02-20 11:32:50,838 [bd1d4b4e-78ee-4572-afee-37a4a97c8ffa@group-62FB91F0BFD0-StateMachineUpdater] INFO  impl.StateMachineUpdater (StateMachineUpdater.java:lambda$new$0(89)) - bd1d4b4e-78ee-4572-afee-37a4a97c8ffa@group-62FB91F0BFD0-StateMachineUpdater: snapshotIndex: updateIncreasingly -1 -> 0
2022-02-20 11:32:50,838 [ForkJoinPool.commonPool-worker-0] INFO  server.RaftServer$Division (ServerState.java:close(419)) - bd1d4b4e-78ee-4572-afee-37a4a97c8ffa@group-62FB91F0BFD0: closes. applyIndex: 0
2022-02-20 11:32:50,838 [bd1d4b4e-78ee-4572-afee-37a4a97c8ffa@group-62FB91F0BFD0-SegmentedRaftLogWorker] INFO  segmented.SegmentedRaftLogWorker (SegmentedRaftLogWorker.java:run(327)) - bd1d4b4e-78ee-4572-afee-37a4a97c8ffa@group-62FB91F0BFD0-SegmentedRaftLogWorker was interrupted, exiting. There are 0 tasks remaining in the queue.
2022-02-20 11:32:50,838 [ForkJoinPool.commonPool-worker-0] INFO  segmented.SegmentedRaftLogWorker (SegmentedRaftLogWorker.java:close(237)) - bd1d4b4e-78ee-4572-afee-37a4a97c8ffa@group-62FB91F0BFD0-SegmentedRaftLogWorker close()
2022-02-20 11:32:50,839 [Listener at 127.0.0.1/46345] INFO  server.GrpcService (GrpcService.java:closeImpl(262)) - bd1d4b4e-78ee-4572-afee-37a4a97c8ffa: shutdown server with port 43203 now
2022-02-20 11:32:50,841 [Listener at 127.0.0.1/46345] INFO  server.GrpcService (GrpcService.java:closeImpl(271)) - bd1d4b4e-78ee-4572-afee-37a4a97c8ffa: shutdown server with port 43203 successfully
2022-02-20 11:32:50,841 [org.apache.ratis.util.JvmPauseMonitor$$Lambda$421/295700833@611c16a2] INFO  util.JvmPauseMonitor (JvmPauseMonitor.java:run(109)) - JvmPauseMonitor-bd1d4b4e-78ee-4572-afee-37a4a97c8ffa: Stopped
2022-02-20 11:32:52,854 [Listener at 127.0.0.1/46345] INFO  utils.BackgroundService (BackgroundService.java:shutdown(132)) - Shutting down service BlockDeletingService
2022-02-20 11:32:55,858 [Listener at 127.0.0.1/46345] INFO  statemachine.DatanodeStateMachine (DatanodeStateMachine.java:stopDaemon(529)) - Ozone container server stopped.
2022-02-20 11:32:55,859 [Listener at 127.0.0.1/46345] INFO  handler.ContextHandler (ContextHandler.java:doStop(1153)) - Stopped o.e.j.w.WebAppContext@73a0353f{hddsDatanode,/,null,STOPPED}{jar:file:/home/runner/.m2/repository/org/apache/ozone/hdds-container-service/1.3.0-SNAPSHOT/hdds-container-service-1.3.0-SNAPSHOT.jar!/webapps/hddsDatanode}
2022-02-20 11:32:55,861 [Listener at 127.0.0.1/46345] INFO  server.AbstractConnector (AbstractConnector.java:doStop(381)) - Stopped ServerConnector@709d5848{HTTP/1.1, (http/1.1)}{0.0.0.0:0}
2022-02-20 11:32:55,861 [Listener at 127.0.0.1/46345] INFO  server.session (HouseKeeper.java:stopScavenging(149)) - node0 Stopped scavenging
2022-02-20 11:32:55,861 [Listener at 127.0.0.1/46345] INFO  handler.ContextHandler (ContextHandler.java:doStop(1153)) - Stopped o.e.j.s.ServletContextHandler@332b01b7{static,/static,jar:file:/home/runner/.m2/repository/org/apache/ozone/hdds-container-service/1.3.0-SNAPSHOT/hdds-container-service-1.3.0-SNAPSHOT.jar!/webapps/static,STOPPED}
2022-02-20 11:32:55,861 [Listener at 127.0.0.1/46345] INFO  handler.ContextHandler (ContextHandler.java:doStop(1153)) - Stopped o.e.j.s.ServletContextHandler@4325de9e{logs,/logs,file:///home/runner/work/ozone/ozone/hadoop-ozone/integration-test/target/log,STOPPED}
2022-02-20 11:32:55,863 [Listener at 127.0.0.1/46345] INFO  ozone.MiniOzoneClusterImpl (MiniOzoneClusterImpl.java:stopSCM(526)) - Stopping the StorageContainerManager
2022-02-20 11:32:55,863 [Listener at 127.0.0.1/46345] INFO  server.StorageContainerManager (StorageContainerManager.java:stop(1390)) - Stopping Container Balancer service.
2022-02-20 11:32:55,863 [Listener at 127.0.0.1/46345] INFO  balancer.ContainerBalancer (ContainerBalancer.java:stop(751)) - Container Balancer is not running.
2022-02-20 11:32:55,863 [Listener at 127.0.0.1/46345] INFO  server.StorageContainerManager (StorageContainerManager.java:stop(1397)) - Stopping Replication Manager Service.
2022-02-20 11:32:55,863 [Listener at 127.0.0.1/46345] INFO  container.ReplicationManager (ReplicationManager.java:stop(357)) - Stopping Replication Monitor Thread.
2022-02-20 11:32:55,864 [Listener at 127.0.0.1/46345] INFO  server.StorageContainerManager (StorageContainerManager.java:stop(1404)) - Stopping the Datanode Admin Monitor.
2022-02-20 11:32:55,864 [Listener at 127.0.0.1/46345] INFO  server.StorageContainerManager (StorageContainerManager.java:stop(1411)) - Stopping Lease Manager of the command watchers
2022-02-20 11:32:55,864 [Listener at 127.0.0.1/46345] INFO  server.StorageContainerManager (StorageContainerManager.java:stop(1418)) - Stopping datanode service RPC server
2022-02-20 11:32:55,864 [Listener at 127.0.0.1/46345] INFO  server.SCMDatanodeProtocolServer (SCMDatanodeProtocolServer.java:stop(390)) - Stopping the RPC server for DataNodes
2022-02-20 11:32:55,864 [Listener at 127.0.0.1/46345] INFO  ipc.Server (Server.java:stop(3414)) - Stopping server on 40771
2022-02-20 11:32:55,870 [IPC Server listener on 0] INFO  ipc.Server (Server.java:run(1376)) - Stopping IPC Server listener on 0
2022-02-20 11:32:55,874 [IPC Server Responder] INFO  ipc.Server (Server.java:run(1512)) - Stopping IPC Server Responder
2022-02-20 11:32:55,943 [SCM Heartbeat Processing Thread - 0] WARN  node.NodeStateManager (NodeStateManager.java:scheduleNextHealthCheck(799)) - Current Thread is interrupted, shutting down HB processing thread for Node Manager.
2022-02-20 11:32:55,944 [Listener at 127.0.0.1/46345] INFO  server.StorageContainerManager (StorageContainerManager.java:stop(1426)) - Stopping block service RPC server
2022-02-20 11:32:55,944 [Listener at 127.0.0.1/46345] INFO  server.SCMBlockProtocolServer (SCMBlockProtocolServer.java:stop(160)) - Stopping the RPC server for Block Protocol
2022-02-20 11:32:55,945 [Listener at 127.0.0.1/46345] INFO  ipc.Server (Server.java:stop(3414)) - Stopping server on 36823
2022-02-20 11:32:55,948 [Listener at 127.0.0.1/46345] INFO  server.StorageContainerManager (StorageContainerManager.java:stop(1433)) - Stopping the StorageContainerLocationProtocol RPC server
2022-02-20 11:32:55,948 [Listener at 127.0.0.1/46345] INFO  server.SCMClientProtocolServer (SCMClientProtocolServer.java:stop(174)) - Stopping the RPC server for Client Protocol
2022-02-20 11:32:55,948 [Listener at 127.0.0.1/46345] INFO  ipc.Server (Server.java:stop(3414)) - Stopping server on 46175
2022-02-20 11:32:55,948 [IPC Server Responder] INFO  ipc.Server (Server.java:run(1512)) - Stopping IPC Server Responder
2022-02-20 11:32:55,950 [IPC Server listener on 0] INFO  ipc.Server (Server.java:run(1376)) - Stopping IPC Server listener on 0
2022-02-20 11:32:55,959 [Listener at 127.0.0.1/46345] INFO  server.StorageContainerManager (StorageContainerManager.java:stop(1440)) - Stopping Storage Container Manager HTTP server.
2022-02-20 11:32:55,959 [Listener at 127.0.0.1/46345] INFO  handler.ContextHandler (ContextHandler.java:doStop(1153)) - Stopped o.e.j.w.WebAppContext@7cab8d52{scm,/,null,STOPPED}{file:/home/runner/work/ozone/ozone/hadoop-ozone/integration-test/target/test-classes/webapps/scm}
2022-02-20 11:32:55,960 [IPC Server Responder] INFO  ipc.Server (Server.java:run(1512)) - Stopping IPC Server Responder
2022-02-20 11:32:55,962 [IPC Server listener on 0] INFO  ipc.Server (Server.java:run(1376)) - Stopping IPC Server listener on 0
2022-02-20 11:32:55,970 [Listener at 127.0.0.1/46345] INFO  server.AbstractConnector (AbstractConnector.java:doStop(381)) - Stopped ServerConnector@6fd37997{HTTP/1.1, (http/1.1)}{0.0.0.0:0}
2022-02-20 11:32:55,970 [Listener at 127.0.0.1/46345] INFO  server.session (HouseKeeper.java:stopScavenging(149)) - node0 Stopped scavenging
2022-02-20 11:32:55,970 [Listener at 127.0.0.1/46345] INFO  handler.ContextHandler (ContextHandler.java:doStop(1153)) - Stopped o.e.j.s.ServletContextHandler@1bfb60b7{static,/static,file:///home/runner/work/ozone/ozone/hadoop-ozone/integration-test/target/test-classes/webapps/static,STOPPED}
2022-02-20 11:32:55,970 [Listener at 127.0.0.1/46345] INFO  handler.ContextHandler (ContextHandler.java:doStop(1153)) - Stopped o.e.j.s.ServletContextHandler@c3114ea{logs,/logs,file:///home/runner/work/ozone/ozone/hadoop-ozone/integration-test/target/log,STOPPED}
2022-02-20 11:32:55,972 [Listener at 127.0.0.1/46345] INFO  server.StorageContainerManager (StorageContainerManager.java:stop(1451)) - Stopping Block Manager Service.
2022-02-20 11:32:55,972 [Listener at 127.0.0.1/46345] INFO  utils.BackgroundService (BackgroundService.java:shutdown(132)) - Shutting down service SCMBlockDeletingService
2022-02-20 11:32:55,973 [Listener at 127.0.0.1/46345] INFO  utils.BackgroundService (BackgroundService.java:shutdown(132)) - Shutting down service SCMBlockDeletingService
2022-02-20 11:32:55,973 [Listener at 127.0.0.1/46345] INFO  server.StorageContainerManager (StorageContainerManager.java:stop(1478)) - Stopping SCM Event Queue.
2022-02-20 11:32:55,976 [Listener at 127.0.0.1/46345] INFO  server.StorageContainerManager (StorageContainerManager.java:stop(1489)) - Stopping SCM HA services.
2022-02-20 11:32:55,976 [Listener at 127.0.0.1/46345] INFO  ha.SCMRatisServerImpl (SCMRatisServerImpl.java:stop(236)) - stopping ratis server 0.0.0.0:9894
2022-02-20 11:32:55,976 [Listener at 127.0.0.1/46345] INFO  server.RaftServer (RaftServerProxy.java:lambda$close$6(391)) - fc8dbe18-4648-4564-8f9d-fb4971573c51: close
2022-02-20 11:32:55,976 [Listener at 127.0.0.1/46345] INFO  server.RaftServer$Division (RaftServerImpl.java:lambda$close$4(412)) - fc8dbe18-4648-4564-8f9d-fb4971573c51@group-2D3BDBCE709E: shutdown
2022-02-20 11:32:55,976 [Listener at 127.0.0.1/46345] INFO  util.JmxRegister (JmxRegister.java:unregister(73)) - Successfully un-registered JMX Bean with object name Ratis:service=RaftServer,group=group-2D3BDBCE709E,id=fc8dbe18-4648-4564-8f9d-fb4971573c51
2022-02-20 11:32:55,976 [Listener at 127.0.0.1/46345] INFO  impl.RoleInfo (RoleInfo.java:shutdownLeaderState(91)) - fc8dbe18-4648-4564-8f9d-fb4971573c51: shutdown fc8dbe18-4648-4564-8f9d-fb4971573c51@group-2D3BDBCE709E-LeaderStateImpl
2022-02-20 11:32:55,977 [Listener at 127.0.0.1/46345] INFO  impl.PendingRequests (PendingRequests.java:sendNotLeaderResponses(282)) - fc8dbe18-4648-4564-8f9d-fb4971573c51@group-2D3BDBCE709E-PendingRequests: sendNotLeaderResponses
2022-02-20 11:32:55,977 [Listener at 127.0.0.1/46345] INFO  ha.SCMStateMachine (SCMStateMachine.java:notifyNotLeader(190)) - current leader SCM steps down.
2022-02-20 11:32:55,977 [Listener at 127.0.0.1/46345] INFO  ha.SCMContext (SCMContext.java:updateLeaderAndTerm(90)) - update <isLeader,term> from <true,2> to <false,0>
2022-02-20 11:32:55,977 [Listener at 127.0.0.1/46345] INFO  ha.SCMContext (SCMContext.java:updateLeaderAndTerm(97)) - update <isLeaderReady> from <false> to <false>
2022-02-20 11:32:55,978 [Listener at 127.0.0.1/46345] INFO  impl.StateMachineUpdater (StateMachineUpdater.java:stopAndJoin(149)) - fc8dbe18-4648-4564-8f9d-fb4971573c51@group-2D3BDBCE709E-StateMachineUpdater: set stopIndex = 32
2022-02-20 11:32:55,978 [fc8dbe18-4648-4564-8f9d-fb4971573c51@group-2D3BDBCE709E-StateMachineUpdater] INFO  ha.SCMStateMachine (SCMStateMachine.java:takeSnapshot(297)) - Current Snapshot Index 32, takeSnapshot took 0 ms
2022-02-20 11:32:55,979 [fc8dbe18-4648-4564-8f9d-fb4971573c51@group-2D3BDBCE709E-StateMachineUpdater] INFO  impl.StateMachineUpdater (StateMachineUpdater.java:takeSnapshot(281)) - fc8dbe18-4648-4564-8f9d-fb4971573c51@group-2D3BDBCE709E-StateMachineUpdater: Took a snapshot at index 32
2022-02-20 11:32:55,979 [fc8dbe18-4648-4564-8f9d-fb4971573c51@group-2D3BDBCE709E-StateMachineUpdater] INFO  impl.StateMachineUpdater (StateMachineUpdater.java:lambda$new$0(89)) - fc8dbe18-4648-4564-8f9d-fb4971573c51@group-2D3BDBCE709E-StateMachineUpdater: snapshotIndex: updateIncreasingly -1 -> 32
2022-02-20 11:32:55,982 [Listener at 127.0.0.1/46345] INFO  server.RaftServer$Division (ServerState.java:close(419)) - fc8dbe18-4648-4564-8f9d-fb4971573c51@group-2D3BDBCE709E: closes. applyIndex: 32
2022-02-20 11:32:55,984 [fc8dbe18-4648-4564-8f9d-fb4971573c51@group-2D3BDBCE709E-SegmentedRaftLogWorker] INFO  segmented.SegmentedRaftLogWorker (SegmentedRaftLogWorker.java:run(327)) - fc8dbe18-4648-4564-8f9d-fb4971573c51@group-2D3BDBCE709E-SegmentedRaftLogWorker was interrupted, exiting. There are 0 tasks remaining in the queue.
2022-02-20 11:32:55,984 [Listener at 127.0.0.1/46345] INFO  segmented.SegmentedRaftLogWorker (SegmentedRaftLogWorker.java:close(237)) - fc8dbe18-4648-4564-8f9d-fb4971573c51@group-2D3BDBCE709E-SegmentedRaftLogWorker close()
2022-02-20 11:32:55,991 [Listener at 127.0.0.1/46345] INFO  server.GrpcService (GrpcService.java:closeImpl(262)) - fc8dbe18-4648-4564-8f9d-fb4971573c51: shutdown server with port 9894 now
2022-02-20 11:32:55,993 [Listener at 127.0.0.1/46345] INFO  server.GrpcService (GrpcService.java:closeImpl(271)) - fc8dbe18-4648-4564-8f9d-fb4971573c51: shutdown server with port 9894 successfully
2022-02-20 11:32:55,993 [org.apache.ratis.util.JvmPauseMonitor$$Lambda$421/295700833@698e1bf5] INFO  util.JvmPauseMonitor (JvmPauseMonitor.java:run(109)) - JvmPauseMonitor-fc8dbe18-4648-4564-8f9d-fb4971573c51: Stopped
2022-02-20 11:32:56,002 [Listener at 127.0.0.1/46345] INFO  pipeline.BackgroundPipelineCreator (BackgroundPipelineCreator.java:stop(158)) - Stopping RatisPipelineUtilsThread.
2022-02-20 11:32:56,009 [Listener at 127.0.0.1/46345] INFO  server.StorageContainerManager (StorageContainerManager.java:stop(1499)) - Stopping SCM MetadataStore.
2022-02-20 11:32:56,010 [Listener at 127.0.0.1/46345] INFO  impl.MetricsSystemImpl (MetricsSystemImpl.java:stop(210)) - Stopping XceiverClientMetrics metrics system...
2022-02-20 11:32:56,026 [prometheus] INFO  impl.MetricsSinkAdapter (MetricsSinkAdapter.java:publishMetricsFromQueue(141)) - prometheus thread interrupted.
2022-02-20 11:32:56,026 [Listener at 127.0.0.1/46345] INFO  impl.MetricsSystemImpl (MetricsSystemImpl.java:stop(216)) - XceiverClientMetrics metrics system stopped.
2022-02-20 11:32:56,170 [Listener at 127.0.0.1/46345] WARN  server.ServerUtils (ServerUtils.java:getScmDbDir(148)) - ozone.scm.db.dirs is not configured. We recommend adding this setting. Falling back to ozone.metadata.dirs instead.
2022-02-20 11:32:56,174 [Listener at 127.0.0.1/46345] INFO  ha.SCMHANodeDetails (SCMHANodeDetails.java:loadSCMHAConfig(157)) - ServiceID for StorageContainerManager is null
2022-02-20 11:32:56,174 [Listener at 127.0.0.1/46345] INFO  ha.SCMHANodeDetails (SCMHANodeDetails.java:loadSCMHAConfig(162)) - ozone.scm.default.service.id is not defined, falling back to ozone.scm.service.ids to find serviceID for StorageContainerManager if it is HA enabled cluster
2022-02-20 11:32:56,176 [Listener at 127.0.0.1/46345] INFO  server.RaftServer (ConfUtils.java:logGet(44)) - raft.rpc.type = GRPC (default)
2022-02-20 11:32:56,176 [Listener at 127.0.0.1/46345] INFO  grpc.GrpcFactory (GrpcFactory.java:checkPooledByteBufAllocatorUseCacheForAllThreads(48)) - PERFORMANCE WARNING: useCacheForAllThreads is true that may cause Netty to create a lot garbage objects and, as a result, trigger GC.
	It is recommended to disable useCacheForAllThreads by setting -Dorg.apache.ratis.thirdparty.io.netty.allocator.useCacheForAllThreads=false in command line.
2022-02-20 11:32:56,176 [Listener at 127.0.0.1/46345] INFO  grpc.GrpcConfigKeys (ConfUtils.java:logGet(44)) - raft.grpc.admin.port = -1 (default)
2022-02-20 11:32:56,176 [Listener at 127.0.0.1/46345] INFO  grpc.GrpcConfigKeys (ConfUtils.java:logGet(44)) - raft.grpc.server.port = 9894 (custom)
2022-02-20 11:32:56,176 [Listener at 127.0.0.1/46345] INFO  grpc.GrpcConfigKeys (ConfUtils.java:logGet(44)) - raft.grpc.client.port = -1 (default)
2022-02-20 11:32:56,176 [Listener at 127.0.0.1/46345] INFO  grpc.GrpcConfigKeys (ConfUtils.java:logGet(44)) - raft.grpc.server.port = 9894 (custom)
2022-02-20 11:32:56,176 [Listener at 127.0.0.1/46345] INFO  grpc.GrpcConfigKeys (ConfUtils.java:logGet(44)) - raft.grpc.server.port = 9894 (custom)
2022-02-20 11:32:56,176 [Listener at 127.0.0.1/46345] INFO  server.GrpcService (ConfUtils.java:logGet(44)) - raft.grpc.message.size.max = 32m (=33554432) (custom)
2022-02-20 11:32:56,177 [Listener at 127.0.0.1/46345] INFO  server.RaftServerConfigKeys (ConfUtils.java:logGet(44)) - raft.server.log.appender.buffer.byte-limit = 33554432 (custom)
2022-02-20 11:32:56,177 [Listener at 127.0.0.1/46345] INFO  server.GrpcService (ConfUtils.java:logGet(44)) - raft.grpc.flow.control.window = 1MB (=1048576) (default)
2022-02-20 11:32:56,177 [Listener at 127.0.0.1/46345] INFO  server.RaftServerConfigKeys (ConfUtils.java:logGet(44)) - raft.server.rpc.request.timeout = 30000ms (custom)
2022-02-20 11:32:56,178 [Listener at 127.0.0.1/46345] INFO  impl.DataStreamServerImpl (ConfUtils.java:logGet(44)) - raft.datastream.type = DISABLED (default)
2022-02-20 11:32:56,178 [Listener at 127.0.0.1/46345] INFO  server.RaftServerConfigKeys (ConfUtils.java:logGet(44)) - raft.server.rpc.slowness.timeout = 120000ms (custom)
2022-02-20 11:32:56,182 [Listener at 127.0.0.1/46345] INFO  server.RaftServerConfigKeys (ConfUtils.java:logGet(44)) - raft.server.leaderelection.leader.step-down.wait-time = 10s (default)
2022-02-20 11:32:56,182 [Listener at 127.0.0.1/46345] INFO  server.RaftServerConfigKeys (ConfUtils.java:logGet(44)) - raft.server.storage.dir = [/home/runner/work/ozone/ozone/hadoop-ozone/integration-test/target/test-dir/MiniOzoneClusterImpl-35320b25-8391-4d91-bc43-1aeffe704654/ozone-meta/scm-ha] (custom)
2022-02-20 11:32:56,190 [Listener at 127.0.0.1/46345] INFO  server.RaftServer (RaftServerProxy.java:addNew(95)) - f6ba6412-eb1e-4081-be92-513fc63bde1b: addNew group-1AEFFE704654:[f6ba6412-eb1e-4081-be92-513fc63bde1b|rpc:fv-az59-849:9894|priority:0] returns group-1AEFFE704654:java.util.concurrent.CompletableFuture@3a01f6f3[Not completed]
2022-02-20 11:32:56,190 [pool-154-thread-1] INFO  server.RaftServer$Division (RaftServerImpl.java:<init>(184)) - f6ba6412-eb1e-4081-be92-513fc63bde1b: new RaftServerImpl for group-1AEFFE704654:[f6ba6412-eb1e-4081-be92-513fc63bde1b|rpc:fv-az59-849:9894|priority:0] with SCMStateMachine:uninitialized
2022-02-20 11:32:56,194 [pool-154-thread-1] INFO  server.RaftServerConfigKeys (ConfUtils.java:logGet(44)) - raft.server.rpc.timeout.min = 5000ms (custom)
2022-02-20 11:32:56,194 [pool-154-thread-1] INFO  server.RaftServerConfigKeys (ConfUtils.java:logGet(44)) - raft.server.rpc.timeout.max = 5200ms (custom)
2022-02-20 11:32:56,194 [pool-154-thread-1] INFO  server.RaftServerConfigKeys (ConfUtils.java:logGet(44)) - raft.server.rpc.sleep.time = 25ms (default)
2022-02-20 11:32:56,194 [pool-154-thread-1] INFO  server.RaftServerConfigKeys (ConfUtils.java:logGet(44)) - raft.server.rpc.slowness.timeout = 120000ms (custom)
2022-02-20 11:32:56,195 [pool-154-thread-1] INFO  server.RaftServerConfigKeys (ConfUtils.java:logGet(44)) - raft.server.leaderelection.leader.step-down.wait-time = 10s (default)
2022-02-20 11:32:56,198 [pool-154-thread-1] INFO  server.RaftServerConfigKeys (ConfUtils.java:logGet(44)) - raft.server.sleep.deviation.threshold = 300ms (default)
2022-02-20 11:32:56,198 [pool-154-thread-1] INFO  server.RaftServerConfigKeys (ConfUtils.java:logGet(44)) - raft.server.log.appender.install.snapshot.enabled = false (custom)
2022-02-20 11:32:56,198 [pool-154-thread-1] INFO  server.RaftServer$Division (ServerState.java:<init>(105)) - f6ba6412-eb1e-4081-be92-513fc63bde1b@group-1AEFFE704654: ConfigurationManager, init=-1: [f6ba6412-eb1e-4081-be92-513fc63bde1b|rpc:fv-az59-849:9894|priority:0], old=null, confs=<EMPTY_MAP>
2022-02-20 11:32:56,198 [pool-154-thread-1] INFO  server.RaftServerConfigKeys (ConfUtils.java:logGet(44)) - raft.server.storage.dir = [/home/runner/work/ozone/ozone/hadoop-ozone/integration-test/target/test-dir/MiniOzoneClusterImpl-35320b25-8391-4d91-bc43-1aeffe704654/ozone-meta/scm-ha] (custom)
2022-02-20 11:32:56,199 [pool-154-thread-1] INFO  server.RaftServerConfigKeys (ConfUtils.java:logGet(44)) - raft.server.log.corruption.policy = EXCEPTION (default)
2022-02-20 11:32:56,199 [pool-154-thread-1] INFO  server.RaftServerConfigKeys (ConfUtils.java:logGet(44)) - raft.server.storage.free-space.min = 0MB (=0) (default)
2022-02-20 11:32:56,199 [pool-154-thread-1] INFO  storage.RaftStorageDirectory (RaftStorageDirectoryImpl.java:analyzeStorage(135)) - The storage directory /home/runner/work/ozone/ozone/hadoop-ozone/integration-test/target/test-dir/MiniOzoneClusterImpl-35320b25-8391-4d91-bc43-1aeffe704654/ozone-meta/scm-ha/35320b25-8391-4d91-bc43-1aeffe704654 does not exist. Creating ...
2022-02-20 11:32:56,200 [pool-154-thread-1] INFO  storage.RaftStorageDirectory (RaftStorageDirectoryImpl.java:tryLock(230)) - Lock on /home/runner/work/ozone/ozone/hadoop-ozone/integration-test/target/test-dir/MiniOzoneClusterImpl-35320b25-8391-4d91-bc43-1aeffe704654/ozone-meta/scm-ha/35320b25-8391-4d91-bc43-1aeffe704654/in_use.lock acquired by nodename 9434@fv-az59-849
2022-02-20 11:32:56,201 [pool-154-thread-1] INFO  storage.RaftStorage (RaftStorageImpl.java:format(89)) - Storage directory /home/runner/work/ozone/ozone/hadoop-ozone/integration-test/target/test-dir/MiniOzoneClusterImpl-35320b25-8391-4d91-bc43-1aeffe704654/ozone-meta/scm-ha/35320b25-8391-4d91-bc43-1aeffe704654 has been successfully formatted.
2022-02-20 11:32:56,202 [pool-154-thread-1] INFO  server.RaftServerConfigKeys (ConfUtils.java:logGet(44)) - raft.server.notification.no-leader.timeout = 60s (default)
2022-02-20 11:32:56,202 [pool-154-thread-1] INFO  server.RaftServerConfigKeys (ConfUtils.java:logGet(44)) - raft.server.log.use.memory = false (default)
2022-02-20 11:32:56,202 [pool-154-thread-1] INFO  server.RaftServerConfigKeys (ConfUtils.java:logGet(44)) - raft.server.log.purge.gap = 1000000 (custom)
2022-02-20 11:32:56,202 [pool-154-thread-1] INFO  server.RaftServerConfigKeys (ConfUtils.java:logGet(44)) - raft.server.log.appender.buffer.byte-limit = 33554432 (custom)
2022-02-20 11:32:56,202 [pool-154-thread-1] INFO  server.RaftServerConfigKeys (ConfUtils.java:logGet(44)) - raft.server.log.segment.size.max = 4194304 (custom)
2022-02-20 11:32:56,202 [pool-154-thread-1] INFO  server.RaftServerConfigKeys (ConfUtils.java:logGet(44)) - raft.server.log.segment.cache.num.max = 2 (custom)
2022-02-20 11:32:56,202 [pool-154-thread-1] INFO  server.RaftServerConfigKeys (ConfUtils.java:logGet(44)) - raft.server.log.segment.cache.size.max = 200MB (=209715200) (default)
2022-02-20 11:32:56,202 [pool-154-thread-1] INFO  segmented.SegmentedRaftLogWorker (SegmentedRaftLogWorker.java:<init>(182)) - new f6ba6412-eb1e-4081-be92-513fc63bde1b@group-1AEFFE704654-SegmentedRaftLogWorker for RaftStorageImpl:Storage Directory /home/runner/work/ozone/ozone/hadoop-ozone/integration-test/target/test-dir/MiniOzoneClusterImpl-35320b25-8391-4d91-bc43-1aeffe704654/ozone-meta/scm-ha/35320b25-8391-4d91-bc43-1aeffe704654
2022-02-20 11:32:56,202 [pool-154-thread-1] INFO  server.RaftServerConfigKeys (ConfUtils.java:logGet(44)) - raft.server.log.queue.byte-limit = 64MB (=67108864) (default)
2022-02-20 11:32:56,202 [pool-154-thread-1] INFO  server.RaftServerConfigKeys (ConfUtils.java:logGet(44)) - raft.server.log.queue.element-limit = 4096 (default)
2022-02-20 11:32:56,203 [pool-154-thread-1] INFO  server.RaftServerConfigKeys (ConfUtils.java:logGet(44)) - raft.server.log.segment.size.max = 4194304 (custom)
2022-02-20 11:32:56,203 [pool-154-thread-1] INFO  server.RaftServerConfigKeys (ConfUtils.java:logGet(44)) - raft.server.log.preallocated.size = 4194304 (custom)
2022-02-20 11:32:56,203 [pool-154-thread-1] INFO  server.RaftServerConfigKeys (ConfUtils.java:logGet(44)) - raft.server.log.force.sync.num = 128 (default)
2022-02-20 11:32:56,203 [pool-154-thread-1] INFO  server.RaftServerConfigKeys (ConfUtils.java:logGet(44)) - raft.server.log.statemachine.data.sync = true (default)
2022-02-20 11:32:56,203 [pool-154-thread-1] INFO  server.RaftServerConfigKeys (ConfUtils.java:logGet(44)) - raft.server.log.statemachine.data.sync.timeout = 10s (default)
2022-02-20 11:32:56,203 [pool-154-thread-1] INFO  server.RaftServerConfigKeys (ConfUtils.java:logGet(44)) - raft.server.log.statemachine.data.sync.timeout.retry = -1 (default)
2022-02-20 11:32:56,203 [pool-154-thread-1] INFO  server.RaftServerConfigKeys (ConfUtils.java:logGet(44)) - raft.server.log.write.buffer.size = 64KB (=65536) (default)
2022-02-20 11:32:56,203 [pool-154-thread-1] INFO  server.RaftServerConfigKeys (ConfUtils.java:logGet(44)) - raft.server.log.statemachine.data.caching.enabled = false (default)
2022-02-20 11:32:56,204 [pool-154-thread-1] INFO  segmented.SegmentedRaftLogWorker (SegmentedRaftLogWorker.java:lambda$new$0(133)) - f6ba6412-eb1e-4081-be92-513fc63bde1b@group-1AEFFE704654-SegmentedRaftLogWorker: flushIndex: setUnconditionally 0 -> -1
2022-02-20 11:32:56,204 [pool-154-thread-1] INFO  segmented.SegmentedRaftLogWorker (SegmentedRaftLogWorker.java:lambda$new$0(133)) - f6ba6412-eb1e-4081-be92-513fc63bde1b@group-1AEFFE704654-SegmentedRaftLogWorker: safeCacheEvictIndex: setUnconditionally 0 -> -1
2022-02-20 11:32:56,217 [pool-154-thread-1] INFO  server.RaftServerConfigKeys (ConfUtils.java:logGet(44)) - raft.server.snapshot.auto.trigger.enabled = true (custom)
2022-02-20 11:32:56,217 [pool-154-thread-1] INFO  server.RaftServerConfigKeys (ConfUtils.java:logGet(44)) - raft.server.snapshot.auto.trigger.threshold = 1000 (custom)
2022-02-20 11:32:56,217 [pool-154-thread-1] INFO  server.RaftServerConfigKeys (ConfUtils.java:logGet(44)) - raft.server.snapshot.retention.file.num = -1 (default)
2022-02-20 11:32:56,217 [pool-154-thread-1] INFO  server.RaftServerConfigKeys (ConfUtils.java:logGet(44)) - raft.server.log.purge.upto.snapshot.index = false (default)
2022-02-20 11:32:56,217 [pool-154-thread-1] INFO  server.RaftServerConfigKeys (ConfUtils.java:logGet(44)) - raft.server.retrycache.expirytime = 60000ms (default)
2022-02-20 11:32:56,217 [pool-154-thread-1] INFO  server.RaftServerConfigKeys (ConfUtils.java:logGet(44)) - raft.server.retrycache.statistics.expirytime = 100μs (default)
2022-02-20 11:32:56,218 [Listener at 127.0.0.1/46345] INFO  server.RaftServer$Division (RaftServerImpl.java:start(301)) - f6ba6412-eb1e-4081-be92-513fc63bde1b@group-1AEFFE704654: start as a follower, conf=-1: [f6ba6412-eb1e-4081-be92-513fc63bde1b|rpc:fv-az59-849:9894|priority:0], old=null
2022-02-20 11:32:56,218 [Listener at 127.0.0.1/46345] INFO  server.RaftServer$Division (RaftServerImpl.java:setRole(290)) - f6ba6412-eb1e-4081-be92-513fc63bde1b@group-1AEFFE704654: changes role from      null to FOLLOWER at term 0 for startAsFollower
2022-02-20 11:32:56,219 [Listener at 127.0.0.1/46345] INFO  impl.RoleInfo (RoleInfo.java:updateAndGet(130)) - f6ba6412-eb1e-4081-be92-513fc63bde1b: start f6ba6412-eb1e-4081-be92-513fc63bde1b@group-1AEFFE704654-FollowerState
2022-02-20 11:32:56,230 [Listener at 127.0.0.1/46345] INFO  util.JmxRegister (JmxRegister.java:tryRegister(44)) - Successfully registered JMX Bean with object name Ratis:service=RaftServer,group=group-1AEFFE704654,id=f6ba6412-eb1e-4081-be92-513fc63bde1b
2022-02-20 11:32:56,236 [Listener at 127.0.0.1/46345] INFO  server.RaftServer (RaftServerProxy.java:lambda$start$5(374)) - f6ba6412-eb1e-4081-be92-513fc63bde1b: start RPC server
2022-02-20 11:32:56,237 [Listener at 127.0.0.1/46345] INFO  server.GrpcService (GrpcService.java:startImpl(253)) - f6ba6412-eb1e-4081-be92-513fc63bde1b: GrpcService started, listening on 9894
2022-02-20 11:32:56,248 [org.apache.ratis.util.JvmPauseMonitor$$Lambda$421/295700833@6e7103dd] INFO  util.JvmPauseMonitor (JvmPauseMonitor.java:run(103)) - JvmPauseMonitor-f6ba6412-eb1e-4081-be92-513fc63bde1b: Started
2022-02-20 11:33:01,425 [f6ba6412-eb1e-4081-be92-513fc63bde1b@group-1AEFFE704654-FollowerState] INFO  impl.FollowerState (FollowerState.java:run(134)) - f6ba6412-eb1e-4081-be92-513fc63bde1b@group-1AEFFE704654-FollowerState: change to CANDIDATE, lastRpcElapsedTime:5206216027ns, electionTimeout:5194ms
2022-02-20 11:33:01,425 [f6ba6412-eb1e-4081-be92-513fc63bde1b@group-1AEFFE704654-FollowerState] INFO  impl.RoleInfo (RoleInfo.java:shutdownFollowerState(108)) - f6ba6412-eb1e-4081-be92-513fc63bde1b: shutdown f6ba6412-eb1e-4081-be92-513fc63bde1b@group-1AEFFE704654-FollowerState
2022-02-20 11:33:01,425 [f6ba6412-eb1e-4081-be92-513fc63bde1b@group-1AEFFE704654-FollowerState] INFO  server.RaftServer$Division (RaftServerImpl.java:setRole(290)) - f6ba6412-eb1e-4081-be92-513fc63bde1b@group-1AEFFE704654: changes role from  FOLLOWER to CANDIDATE at term 0 for changeToCandidate
2022-02-20 11:33:01,425 [f6ba6412-eb1e-4081-be92-513fc63bde1b@group-1AEFFE704654-FollowerState] INFO  server.RaftServerConfigKeys (ConfUtils.java:logGet(44)) - raft.server.leaderelection.pre-vote = false (custom)
2022-02-20 11:33:01,426 [f6ba6412-eb1e-4081-be92-513fc63bde1b@group-1AEFFE704654-FollowerState] INFO  impl.RoleInfo (RoleInfo.java:updateAndGet(130)) - f6ba6412-eb1e-4081-be92-513fc63bde1b: start f6ba6412-eb1e-4081-be92-513fc63bde1b@group-1AEFFE704654-LeaderElection17
2022-02-20 11:33:01,438 [f6ba6412-eb1e-4081-be92-513fc63bde1b@group-1AEFFE704654-LeaderElection17] INFO  impl.LeaderElection (LeaderElection.java:askForVotes(306)) - f6ba6412-eb1e-4081-be92-513fc63bde1b@group-1AEFFE704654-LeaderElection17 ELECTION round 0: submit vote requests at term 1 for -1: [f6ba6412-eb1e-4081-be92-513fc63bde1b|rpc:fv-az59-849:9894|priority:0], old=null
2022-02-20 11:33:01,438 [f6ba6412-eb1e-4081-be92-513fc63bde1b@group-1AEFFE704654-LeaderElection17] INFO  impl.LeaderElection (LeaderElection.java:askForVotes(308)) - f6ba6412-eb1e-4081-be92-513fc63bde1b@group-1AEFFE704654-LeaderElection17 ELECTION round 0: result PASSED (term=1)
2022-02-20 11:33:01,438 [f6ba6412-eb1e-4081-be92-513fc63bde1b@group-1AEFFE704654-LeaderElection17] INFO  impl.RoleInfo (RoleInfo.java:shutdownLeaderElection(121)) - f6ba6412-eb1e-4081-be92-513fc63bde1b: shutdown f6ba6412-eb1e-4081-be92-513fc63bde1b@group-1AEFFE704654-LeaderElection17
2022-02-20 11:33:01,438 [f6ba6412-eb1e-4081-be92-513fc63bde1b@group-1AEFFE704654-LeaderElection17] INFO  server.RaftServer$Division (RaftServerImpl.java:setRole(290)) - f6ba6412-eb1e-4081-be92-513fc63bde1b@group-1AEFFE704654: changes role from CANDIDATE to LEADER at term 1 for changeToLeader
2022-02-20 11:33:01,438 [f6ba6412-eb1e-4081-be92-513fc63bde1b@group-1AEFFE704654-LeaderElection17] INFO  server.RaftServer$Division (ServerState.java:setLeader(285)) - f6ba6412-eb1e-4081-be92-513fc63bde1b@group-1AEFFE704654: change Leader from null to f6ba6412-eb1e-4081-be92-513fc63bde1b at term 1 for becomeLeader, leader elected after 5236ms
2022-02-20 11:33:01,438 [f6ba6412-eb1e-4081-be92-513fc63bde1b@group-1AEFFE704654-LeaderElection17] INFO  server.RaftServerConfigKeys (ConfUtils.java:logGet(44)) - raft.server.staging.catchup.gap = 1000 (default)
2022-02-20 11:33:01,442 [f6ba6412-eb1e-4081-be92-513fc63bde1b@group-1AEFFE704654-LeaderElection17] INFO  server.RaftServerConfigKeys (ConfUtils.java:logGet(44)) - raft.server.write.element-limit = 4096 (default)
2022-02-20 11:33:01,442 [f6ba6412-eb1e-4081-be92-513fc63bde1b@group-1AEFFE704654-LeaderElection17] INFO  server.RaftServerConfigKeys (ConfUtils.java:logGet(44)) - raft.server.write.byte-limit = 64MB (=67108864) (default)
2022-02-20 11:33:01,442 [f6ba6412-eb1e-4081-be92-513fc63bde1b@group-1AEFFE704654-LeaderElection17] INFO  server.RaftServerConfigKeys (ConfUtils.java:logGet(44)) - raft.server.watch.timeout = 10s (default)
2022-02-20 11:33:01,442 [f6ba6412-eb1e-4081-be92-513fc63bde1b@group-1AEFFE704654-LeaderElection17] INFO  server.RaftServerConfigKeys (ConfUtils.java:logGet(44)) - raft.server.watch.timeout.denomination = 1s (default)
2022-02-20 11:33:01,442 [f6ba6412-eb1e-4081-be92-513fc63bde1b@group-1AEFFE704654-LeaderElection17] INFO  server.RaftServerConfigKeys (ConfUtils.java:logGet(44)) - raft.server.watch.element-limit = 65536 (default)
2022-02-20 11:33:01,442 [f6ba6412-eb1e-4081-be92-513fc63bde1b@group-1AEFFE704654-LeaderElection17] INFO  server.RaftServerConfigKeys (ConfUtils.java:logGet(44)) - raft.server.write.element-limit = 4096 (default)
2022-02-20 11:33:01,442 [f6ba6412-eb1e-4081-be92-513fc63bde1b@group-1AEFFE704654-LeaderElection17] INFO  server.RaftServerConfigKeys (ConfUtils.java:logGet(44)) - raft.server.write.follower.gap.ratio.max = -1.0 (default)
2022-02-20 11:33:01,442 [f6ba6412-eb1e-4081-be92-513fc63bde1b@group-1AEFFE704654-LeaderElection17] INFO  impl.RoleInfo (RoleInfo.java:updateAndGet(130)) - f6ba6412-eb1e-4081-be92-513fc63bde1b: start f6ba6412-eb1e-4081-be92-513fc63bde1b@group-1AEFFE704654-LeaderStateImpl
2022-02-20 11:33:01,443 [f6ba6412-eb1e-4081-be92-513fc63bde1b@group-1AEFFE704654-LeaderElection17] INFO  segmented.SegmentedRaftLogWorker (SegmentedRaftLogWorker.java:startLogSegment(394)) - f6ba6412-eb1e-4081-be92-513fc63bde1b@group-1AEFFE704654-SegmentedRaftLogWorker: Starting segment from index:0
2022-02-20 11:33:01,456 [f6ba6412-eb1e-4081-be92-513fc63bde1b@group-1AEFFE704654-SegmentedRaftLogWorker] INFO  segmented.SegmentedRaftLogWorker (SegmentedRaftLogWorker.java:execute(601)) - f6ba6412-eb1e-4081-be92-513fc63bde1b@group-1AEFFE704654-SegmentedRaftLogWorker: created new log segment /home/runner/work/ozone/ozone/hadoop-ozone/integration-test/target/test-dir/MiniOzoneClusterImpl-35320b25-8391-4d91-bc43-1aeffe704654/ozone-meta/scm-ha/35320b25-8391-4d91-bc43-1aeffe704654/current/log_inprogress_0
2022-02-20 11:33:01,462 [f6ba6412-eb1e-4081-be92-513fc63bde1b@group-1AEFFE704654-LeaderElection17] INFO  server.RaftServer$Division (ServerState.java:setRaftConf(387)) - f6ba6412-eb1e-4081-be92-513fc63bde1b@group-1AEFFE704654: set configuration 0: [f6ba6412-eb1e-4081-be92-513fc63bde1b|rpc:fv-az59-849:9894|admin:|client:|dataStream:|priority:0], old=null
2022-02-20 11:33:02,249 [Listener at 127.0.0.1/46345] INFO  server.RaftServer (RaftServerProxy.java:lambda$close$6(391)) - f6ba6412-eb1e-4081-be92-513fc63bde1b: close
2022-02-20 11:33:02,249 [Listener at 127.0.0.1/46345] INFO  server.RaftServer$Division (RaftServerImpl.java:lambda$close$4(412)) - f6ba6412-eb1e-4081-be92-513fc63bde1b@group-1AEFFE704654: shutdown
2022-02-20 11:33:02,249 [Listener at 127.0.0.1/46345] INFO  util.JmxRegister (JmxRegister.java:unregister(73)) - Successfully un-registered JMX Bean with object name Ratis:service=RaftServer,group=group-1AEFFE704654,id=f6ba6412-eb1e-4081-be92-513fc63bde1b
2022-02-20 11:33:02,249 [Listener at 127.0.0.1/46345] INFO  impl.RoleInfo (RoleInfo.java:shutdownLeaderState(91)) - f6ba6412-eb1e-4081-be92-513fc63bde1b: shutdown f6ba6412-eb1e-4081-be92-513fc63bde1b@group-1AEFFE704654-LeaderStateImpl
2022-02-20 11:33:02,249 [Listener at 127.0.0.1/46345] INFO  impl.PendingRequests (PendingRequests.java:sendNotLeaderResponses(282)) - f6ba6412-eb1e-4081-be92-513fc63bde1b@group-1AEFFE704654-PendingRequests: sendNotLeaderResponses
2022-02-20 11:33:02,250 [Listener at 127.0.0.1/46345] INFO  impl.StateMachineUpdater (StateMachineUpdater.java:stopAndJoin(149)) - f6ba6412-eb1e-4081-be92-513fc63bde1b@group-1AEFFE704654-StateMachineUpdater: set stopIndex = 0
2022-02-20 11:33:02,250 [f6ba6412-eb1e-4081-be92-513fc63bde1b@group-1AEFFE704654-StateMachineUpdater] INFO  impl.StateMachineUpdater (StateMachineUpdater.java:takeSnapshot(281)) - f6ba6412-eb1e-4081-be92-513fc63bde1b@group-1AEFFE704654-StateMachineUpdater: Took a snapshot at index 0
2022-02-20 11:33:02,250 [f6ba6412-eb1e-4081-be92-513fc63bde1b@group-1AEFFE704654-StateMachineUpdater] INFO  impl.StateMachineUpdater (StateMachineUpdater.java:lambda$new$0(89)) - f6ba6412-eb1e-4081-be92-513fc63bde1b@group-1AEFFE704654-StateMachineUpdater: snapshotIndex: updateIncreasingly -1 -> 0
2022-02-20 11:33:02,251 [Listener at 127.0.0.1/46345] INFO  server.RaftServer$Division (ServerState.java:close(419)) - f6ba6412-eb1e-4081-be92-513fc63bde1b@group-1AEFFE704654: closes. applyIndex: 0
2022-02-20 11:33:02,251 [f6ba6412-eb1e-4081-be92-513fc63bde1b@group-1AEFFE704654-SegmentedRaftLogWorker] INFO  segmented.SegmentedRaftLogWorker (SegmentedRaftLogWorker.java:run(327)) - f6ba6412-eb1e-4081-be92-513fc63bde1b@group-1AEFFE704654-SegmentedRaftLogWorker was interrupted, exiting. There are 0 tasks remaining in the queue.
2022-02-20 11:33:02,252 [Listener at 127.0.0.1/46345] INFO  segmented.SegmentedRaftLogWorker (SegmentedRaftLogWorker.java:close(237)) - f6ba6412-eb1e-4081-be92-513fc63bde1b@group-1AEFFE704654-SegmentedRaftLogWorker close()
2022-02-20 11:33:02,253 [Listener at 127.0.0.1/46345] INFO  server.GrpcService (GrpcService.java:closeImpl(262)) - f6ba6412-eb1e-4081-be92-513fc63bde1b: shutdown server with port 9894 now
2022-02-20 11:33:02,253 [Listener at 127.0.0.1/46345] INFO  server.GrpcService (GrpcService.java:closeImpl(271)) - f6ba6412-eb1e-4081-be92-513fc63bde1b: shutdown server with port 9894 successfully
2022-02-20 11:33:02,253 [org.apache.ratis.util.JvmPauseMonitor$$Lambda$421/295700833@6e7103dd] INFO  util.JvmPauseMonitor (JvmPauseMonitor.java:run(109)) - JvmPauseMonitor-f6ba6412-eb1e-4081-be92-513fc63bde1b: Stopped
2022-02-20 11:33:02,254 [Listener at 127.0.0.1/46345] INFO  ha.SCMHANodeDetails (SCMHANodeDetails.java:loadSCMHAConfig(157)) - ServiceID for StorageContainerManager is null
2022-02-20 11:33:02,254 [Listener at 127.0.0.1/46345] INFO  ha.SCMHANodeDetails (SCMHANodeDetails.java:loadSCMHAConfig(162)) - ozone.scm.default.service.id is not defined, falling back to ozone.scm.service.ids to find serviceID for StorageContainerManager if it is HA enabled cluster
2022-02-20 11:33:02,254 [Listener at 127.0.0.1/46345] WARN  server.ServerUtils (ServerUtils.java:getScmDbDir(148)) - ozone.scm.db.dirs is not configured. We recommend adding this setting. Falling back to ozone.metadata.dirs instead.
2022-02-20 11:33:02,255 [Listener at 127.0.0.1/46345] INFO  upgrade.AbstractLayoutVersionManager (AbstractLayoutVersionManager.java:init(79)) - Initializing Layout version manager with metadata layout = SCM_HA (version = 2), software layout = SCM_HA (version = 2)
2022-02-20 11:33:02,339 [Listener at 127.0.0.1/46345] INFO  reflections.Reflections (Reflections.java:scan(232)) - Reflections took 83 ms to scan 7 urls, producing 121 keys and 284 values 
2022-02-20 11:33:02,352 [Listener at 127.0.0.1/46345] WARN  utils.HAUtils (HAUtils.java:getMetaDir(342)) - ozone.scm.db.dirs is not configured. We recommend adding this setting. Falling back to ozone.metadata.dirs instead.
2022-02-20 11:33:02,366 [Listener at 127.0.0.1/46345] WARN  db.DBStoreBuilder (DBStoreBuilder.java:applyDBDefinition(145)) - ozone.scm.db.dirs is not configured. We recommend adding this setting. Falling back to ozone.metadata.dirs instead.
2022-02-20 11:33:02,461 [Listener at 127.0.0.1/46345] INFO  net.NodeSchemaLoader (NodeSchemaLoader.java:loadSchemaFromFile(129)) - Loading schema from [jar:file:/home/runner/.m2/repository/org/apache/ozone/hdds-common/1.3.0-SNAPSHOT/hdds-common-1.3.0-SNAPSHOT.jar!/network-topology-default.xml]
2022-02-20 11:33:02,470 [Listener at 127.0.0.1/46345] INFO  net.NodeSchemaLoader (NodeSchemaLoader.java:loadSchema(176)) - Loading network topology layer schema file
2022-02-20 11:33:02,475 [Listener at 127.0.0.1/46345] INFO  ha.SCMRatisServerImpl (SCMRatisServerImpl.java:<init>(87)) - starting Raft server for scm:f6ba6412-eb1e-4081-be92-513fc63bde1b
2022-02-20 11:33:02,476 [Listener at 127.0.0.1/46345] INFO  server.RaftServer (ConfUtils.java:logGet(44)) - raft.rpc.type = GRPC (default)
2022-02-20 11:33:02,477 [Listener at 127.0.0.1/46345] INFO  grpc.GrpcFactory (GrpcFactory.java:checkPooledByteBufAllocatorUseCacheForAllThreads(48)) - PERFORMANCE WARNING: useCacheForAllThreads is true that may cause Netty to create a lot garbage objects and, as a result, trigger GC.
	It is recommended to disable useCacheForAllThreads by setting -Dorg.apache.ratis.thirdparty.io.netty.allocator.useCacheForAllThreads=false in command line.
2022-02-20 11:33:02,477 [Listener at 127.0.0.1/46345] INFO  grpc.GrpcConfigKeys (ConfUtils.java:logGet(44)) - raft.grpc.admin.port = -1 (default)
2022-02-20 11:33:02,477 [Listener at 127.0.0.1/46345] INFO  grpc.GrpcConfigKeys (ConfUtils.java:logGet(44)) - raft.grpc.server.port = 9894 (custom)
2022-02-20 11:33:02,477 [Listener at 127.0.0.1/46345] INFO  grpc.GrpcConfigKeys (ConfUtils.java:logGet(44)) - raft.grpc.client.port = -1 (default)
2022-02-20 11:33:02,477 [Listener at 127.0.0.1/46345] INFO  grpc.GrpcConfigKeys (ConfUtils.java:logGet(44)) - raft.grpc.server.port = 9894 (custom)
2022-02-20 11:33:02,477 [Listener at 127.0.0.1/46345] INFO  grpc.GrpcConfigKeys (ConfUtils.java:logGet(44)) - raft.grpc.server.port = 9894 (custom)
2022-02-20 11:33:02,478 [Listener at 127.0.0.1/46345] INFO  server.GrpcService (ConfUtils.java:logGet(44)) - raft.grpc.message.size.max = 32m (=33554432) (custom)
2022-02-20 11:33:02,478 [Listener at 127.0.0.1/46345] INFO  server.RaftServerConfigKeys (ConfUtils.java:logGet(44)) - raft.server.log.appender.buffer.byte-limit = 33554432 (custom)
2022-02-20 11:33:02,478 [Listener at 127.0.0.1/46345] INFO  server.GrpcService (ConfUtils.java:logGet(44)) - raft.grpc.flow.control.window = 1MB (=1048576) (default)
2022-02-20 11:33:02,478 [Listener at 127.0.0.1/46345] INFO  server.RaftServerConfigKeys (ConfUtils.java:logGet(44)) - raft.server.rpc.request.timeout = 30000ms (custom)
2022-02-20 11:33:02,479 [Listener at 127.0.0.1/46345] INFO  impl.DataStreamServerImpl (ConfUtils.java:logGet(44)) - raft.datastream.type = DISABLED (default)
2022-02-20 11:33:02,479 [Listener at 127.0.0.1/46345] INFO  server.RaftServerConfigKeys (ConfUtils.java:logGet(44)) - raft.server.rpc.slowness.timeout = 120000ms (custom)
2022-02-20 11:33:02,479 [Listener at 127.0.0.1/46345] INFO  server.RaftServerConfigKeys (ConfUtils.java:logGet(44)) - raft.server.leaderelection.leader.step-down.wait-time = 10s (default)
2022-02-20 11:33:02,480 [Listener at 127.0.0.1/46345] INFO  server.RaftServerConfigKeys (ConfUtils.java:logGet(44)) - raft.server.storage.dir = [/home/runner/work/ozone/ozone/hadoop-ozone/integration-test/target/test-dir/MiniOzoneClusterImpl-35320b25-8391-4d91-bc43-1aeffe704654/ozone-meta/scm-ha] (custom)
2022-02-20 11:33:02,480 [Listener at 127.0.0.1/46345] INFO  server.RaftServer (RaftServerProxy.java:lambda$null$1(235)) - f6ba6412-eb1e-4081-be92-513fc63bde1b: found a subdirectory /home/runner/work/ozone/ozone/hadoop-ozone/integration-test/target/test-dir/MiniOzoneClusterImpl-35320b25-8391-4d91-bc43-1aeffe704654/ozone-meta/scm-ha/35320b25-8391-4d91-bc43-1aeffe704654
2022-02-20 11:33:02,490 [Listener at 127.0.0.1/46345] INFO  server.RaftServer (RaftServerProxy.java:addNew(95)) - f6ba6412-eb1e-4081-be92-513fc63bde1b: addNew group-1AEFFE704654:[] returns group-1AEFFE704654:java.util.concurrent.CompletableFuture@69242944[Not completed]
2022-02-20 11:33:02,491 [pool-167-thread-1] INFO  server.RaftServer$Division (RaftServerImpl.java:<init>(184)) - f6ba6412-eb1e-4081-be92-513fc63bde1b: new RaftServerImpl for group-1AEFFE704654:[] with SCMStateMachine:uninitialized
2022-02-20 11:33:02,498 [pool-167-thread-1] INFO  server.RaftServerConfigKeys (ConfUtils.java:logGet(44)) - raft.server.rpc.timeout.min = 5000ms (custom)
2022-02-20 11:33:02,498 [pool-167-thread-1] INFO  server.RaftServerConfigKeys (ConfUtils.java:logGet(44)) - raft.server.rpc.timeout.max = 5200ms (custom)
2022-02-20 11:33:02,498 [pool-167-thread-1] INFO  server.RaftServerConfigKeys (ConfUtils.java:logGet(44)) - raft.server.rpc.sleep.time = 25ms (default)
2022-02-20 11:33:02,498 [pool-167-thread-1] INFO  server.RaftServerConfigKeys (ConfUtils.java:logGet(44)) - raft.server.rpc.slowness.timeout = 120000ms (custom)
2022-02-20 11:33:02,498 [pool-167-thread-1] INFO  server.RaftServerConfigKeys (ConfUtils.java:logGet(44)) - raft.server.leaderelection.leader.step-down.wait-time = 10s (default)
2022-02-20 11:33:02,498 [pool-167-thread-1] INFO  server.RaftServerConfigKeys (ConfUtils.java:logGet(44)) - raft.server.sleep.deviation.threshold = 300ms (default)
2022-02-20 11:33:02,498 [pool-167-thread-1] INFO  server.RaftServerConfigKeys (ConfUtils.java:logGet(44)) - raft.server.log.appender.install.snapshot.enabled = false (custom)
2022-02-20 11:33:02,498 [pool-167-thread-1] INFO  server.RaftServer$Division (ServerState.java:<init>(105)) - f6ba6412-eb1e-4081-be92-513fc63bde1b@group-1AEFFE704654: ConfigurationManager, init=-1: [], old=null, confs=<EMPTY_MAP>
2022-02-20 11:33:02,498 [pool-167-thread-1] INFO  server.RaftServerConfigKeys (ConfUtils.java:logGet(44)) - raft.server.storage.dir = [/home/runner/work/ozone/ozone/hadoop-ozone/integration-test/target/test-dir/MiniOzoneClusterImpl-35320b25-8391-4d91-bc43-1aeffe704654/ozone-meta/scm-ha] (custom)
2022-02-20 11:33:02,498 [pool-167-thread-1] INFO  server.RaftServerConfigKeys (ConfUtils.java:logGet(44)) - raft.server.log.corruption.policy = EXCEPTION (default)
2022-02-20 11:33:02,498 [pool-167-thread-1] INFO  server.RaftServerConfigKeys (ConfUtils.java:logGet(44)) - raft.server.storage.free-space.min = 0MB (=0) (default)
2022-02-20 11:33:02,499 [pool-167-thread-1] INFO  storage.RaftStorageDirectory (RaftStorageDirectoryImpl.java:tryLock(230)) - Lock on /home/runner/work/ozone/ozone/hadoop-ozone/integration-test/target/test-dir/MiniOzoneClusterImpl-35320b25-8391-4d91-bc43-1aeffe704654/ozone-meta/scm-ha/35320b25-8391-4d91-bc43-1aeffe704654/in_use.lock acquired by nodename 9434@fv-az59-849
2022-02-20 11:33:02,500 [pool-167-thread-1] INFO  storage.RaftStorage (RaftStorageImpl.java:analyzeAndRecoverStorage(110)) - Read RaftStorageMetadata{term=1, votedFor=f6ba6412-eb1e-4081-be92-513fc63bde1b} from /home/runner/work/ozone/ozone/hadoop-ozone/integration-test/target/test-dir/MiniOzoneClusterImpl-35320b25-8391-4d91-bc43-1aeffe704654/ozone-meta/scm-ha/35320b25-8391-4d91-bc43-1aeffe704654/current/raft-meta
2022-02-20 11:33:02,500 [pool-167-thread-1] INFO  server.RaftServer$Division (ServerState.java:setRaftConf(387)) - f6ba6412-eb1e-4081-be92-513fc63bde1b@group-1AEFFE704654: set configuration 0: [f6ba6412-eb1e-4081-be92-513fc63bde1b|rpc:fv-az59-849:9894|admin:|client:|dataStream:|priority:0], old=null
2022-02-20 11:33:02,500 [pool-167-thread-1] INFO  server.RaftServerConfigKeys (ConfUtils.java:logGet(44)) - raft.server.notification.no-leader.timeout = 60s (default)
2022-02-20 11:33:02,500 [pool-167-thread-1] INFO  server.RaftServerConfigKeys (ConfUtils.java:logGet(44)) - raft.server.log.use.memory = false (default)
2022-02-20 11:33:02,500 [pool-167-thread-1] INFO  server.RaftServerConfigKeys (ConfUtils.java:logGet(44)) - raft.server.log.purge.gap = 1000000 (custom)
2022-02-20 11:33:02,500 [pool-167-thread-1] INFO  server.RaftServerConfigKeys (ConfUtils.java:logGet(44)) - raft.server.log.appender.buffer.byte-limit = 33554432 (custom)
2022-02-20 11:33:02,501 [pool-167-thread-1] INFO  server.RaftServerConfigKeys (ConfUtils.java:logGet(44)) - raft.server.log.segment.size.max = 4194304 (custom)
2022-02-20 11:33:02,501 [pool-167-thread-1] INFO  server.RaftServerConfigKeys (ConfUtils.java:logGet(44)) - raft.server.log.segment.cache.num.max = 2 (custom)
2022-02-20 11:33:02,501 [pool-167-thread-1] INFO  server.RaftServerConfigKeys (ConfUtils.java:logGet(44)) - raft.server.log.segment.cache.size.max = 200MB (=209715200) (default)
2022-02-20 11:33:02,501 [pool-167-thread-1] INFO  segmented.SegmentedRaftLogWorker (SegmentedRaftLogWorker.java:<init>(182)) - new f6ba6412-eb1e-4081-be92-513fc63bde1b@group-1AEFFE704654-SegmentedRaftLogWorker for RaftStorageImpl:Storage Directory /home/runner/work/ozone/ozone/hadoop-ozone/integration-test/target/test-dir/MiniOzoneClusterImpl-35320b25-8391-4d91-bc43-1aeffe704654/ozone-meta/scm-ha/35320b25-8391-4d91-bc43-1aeffe704654
2022-02-20 11:33:02,501 [pool-167-thread-1] INFO  server.RaftServerConfigKeys (ConfUtils.java:logGet(44)) - raft.server.log.queue.byte-limit = 64MB (=67108864) (default)
2022-02-20 11:33:02,501 [pool-167-thread-1] INFO  server.RaftServerConfigKeys (ConfUtils.java:logGet(44)) - raft.server.log.queue.element-limit = 4096 (default)
2022-02-20 11:33:02,504 [pool-167-thread-1] INFO  server.RaftServerConfigKeys (ConfUtils.java:logGet(44)) - raft.server.log.segment.size.max = 4194304 (custom)
2022-02-20 11:33:02,505 [pool-167-thread-1] INFO  server.RaftServerConfigKeys (ConfUtils.java:logGet(44)) - raft.server.log.preallocated.size = 4194304 (custom)
2022-02-20 11:33:02,505 [pool-167-thread-1] INFO  server.RaftServerConfigKeys (ConfUtils.java:logGet(44)) - raft.server.log.force.sync.num = 128 (default)
2022-02-20 11:33:02,505 [pool-167-thread-1] INFO  server.RaftServerConfigKeys (ConfUtils.java:logGet(44)) - raft.server.log.statemachine.data.sync = true (default)
2022-02-20 11:33:02,505 [pool-167-thread-1] INFO  server.RaftServerConfigKeys (ConfUtils.java:logGet(44)) - raft.server.log.statemachine.data.sync.timeout = 10s (default)
2022-02-20 11:33:02,505 [pool-167-thread-1] INFO  server.RaftServerConfigKeys (ConfUtils.java:logGet(44)) - raft.server.log.statemachine.data.sync.timeout.retry = -1 (default)
2022-02-20 11:33:02,506 [pool-167-thread-1] INFO  server.RaftServerConfigKeys (ConfUtils.java:logGet(44)) - raft.server.log.write.buffer.size = 64KB (=65536) (default)
2022-02-20 11:33:02,514 [pool-167-thread-1] INFO  server.RaftServerConfigKeys (ConfUtils.java:logGet(44)) - raft.server.log.statemachine.data.caching.enabled = false (default)
2022-02-20 11:33:02,514 [pool-167-thread-1] INFO  server.RaftServer$Division (ServerState.java:setRaftConf(387)) - f6ba6412-eb1e-4081-be92-513fc63bde1b@group-1AEFFE704654: set configuration 0: [f6ba6412-eb1e-4081-be92-513fc63bde1b|rpc:fv-az59-849:9894|admin:|client:|dataStream:|priority:0], old=null
2022-02-20 11:33:02,515 [pool-167-thread-1] INFO  segmented.LogSegment (LogSegment.java:loadSegment(173)) - Successfully read 1 entries from segment file /home/runner/work/ozone/ozone/hadoop-ozone/integration-test/target/test-dir/MiniOzoneClusterImpl-35320b25-8391-4d91-bc43-1aeffe704654/ozone-meta/scm-ha/35320b25-8391-4d91-bc43-1aeffe704654/current/log_inprogress_0
2022-02-20 11:33:02,515 [pool-167-thread-1] INFO  segmented.SegmentedRaftLogWorker (SegmentedRaftLogWorker.java:lambda$new$0(133)) - f6ba6412-eb1e-4081-be92-513fc63bde1b@group-1AEFFE704654-SegmentedRaftLogWorker: flushIndex: setUnconditionally 0 -> 0
2022-02-20 11:33:02,515 [pool-167-thread-1] INFO  segmented.SegmentedRaftLogWorker (SegmentedRaftLogWorker.java:lambda$new$0(133)) - f6ba6412-eb1e-4081-be92-513fc63bde1b@group-1AEFFE704654-SegmentedRaftLogWorker: safeCacheEvictIndex: setUnconditionally 0 -> -1
2022-02-20 11:33:02,515 [pool-167-thread-1] INFO  server.RaftServerConfigKeys (ConfUtils.java:logGet(44)) - raft.server.snapshot.auto.trigger.enabled = true (custom)
2022-02-20 11:33:02,515 [pool-167-thread-1] INFO  server.RaftServerConfigKeys (ConfUtils.java:logGet(44)) - raft.server.snapshot.auto.trigger.threshold = 1000 (custom)
2022-02-20 11:33:02,515 [pool-167-thread-1] INFO  server.RaftServerConfigKeys (ConfUtils.java:logGet(44)) - raft.server.snapshot.retention.file.num = -1 (default)
2022-02-20 11:33:02,515 [pool-167-thread-1] INFO  server.RaftServerConfigKeys (ConfUtils.java:logGet(44)) - raft.server.log.purge.upto.snapshot.index = false (default)
2022-02-20 11:33:02,515 [pool-167-thread-1] INFO  server.RaftServerConfigKeys (ConfUtils.java:logGet(44)) - raft.server.retrycache.expirytime = 60000ms (default)
2022-02-20 11:33:02,515 [pool-167-thread-1] INFO  server.RaftServerConfigKeys (ConfUtils.java:logGet(44)) - raft.server.retrycache.statistics.expirytime = 100μs (default)
2022-02-20 11:33:02,516 [Listener at 127.0.0.1/46345] INFO  ha.SCMSnapshotProvider (SCMSnapshotProvider.java:<init>(66)) - Initializing SCM Snapshot Provider
2022-02-20 11:33:02,516 [Listener at 127.0.0.1/46345] WARN  server.ServerUtils (ServerUtils.java:getDefaultRatisDirectory(237)) - Storage directory for Ratis is not configured. It is a good idea to map this to an SSD disk. Falling back to ozone.metadata.dirs
2022-02-20 11:33:02,516 [Listener at 127.0.0.1/46345] WARN  ha.SCMHAUtils (SCMHAUtils.java:getSCMRatisSnapshotDirectory(151)) - SCM snapshot dir is not configured. Falling back to ozone.metadata.dirs config
2022-02-20 11:33:02,518 [Listener at 127.0.0.1/46345] INFO  ha.SequenceIdGenerator (SequenceIdGenerator.java:upgradeToSequenceId(347)) - upgrade localId to 109611004723200000
2022-02-20 11:33:02,518 [Listener at 127.0.0.1/46345] INFO  ha.SequenceIdGenerator (SequenceIdGenerator.java:upgradeToSequenceId(357)) - upgrade delTxnId to 0
2022-02-20 11:33:02,518 [Listener at 127.0.0.1/46345] INFO  ha.SequenceIdGenerator (SequenceIdGenerator.java:upgradeToSequenceId(371)) - upgrade containerId to 0
2022-02-20 11:33:02,518 [Listener at 127.0.0.1/46345] INFO  ha.SequenceIdGenerator (SequenceIdGenerator.java:<init>(218)) - Init the HA SequenceIdGenerator.
2022-02-20 11:33:02,519 [Listener at 127.0.0.1/46345] WARN  server.ServerUtils (ServerUtils.java:sanitizeUserArgs(73)) - ozone.scm.stale.node.interval value = 300000 is larger than max = 100000 based on the key value of ozone.scm.heartbeat.thread.interval, reset to the max value 100000.
2022-02-20 11:33:02,519 [Listener at 127.0.0.1/46345] WARN  server.ServerUtils (ServerUtils.java:sanitizeUserArgs(73)) - ozone.scm.stale.node.interval value = 300000 is larger than max = 100000 based on the key value of ozone.scm.heartbeat.thread.interval, reset to the max value 100000.
2022-02-20 11:33:02,523 [Listener at 127.0.0.1/46345] INFO  node.SCMNodeManager (SCMNodeManager.java:<init>(144)) - Entering startup safe mode.
2022-02-20 11:33:02,524 [Listener at 127.0.0.1/46345] INFO  algorithms.ContainerPlacementPolicyFactory (ContainerPlacementPolicyFactory.java:getPolicy(60)) - Create container placement policy of type org.apache.hadoop.hdds.scm.container.placement.algorithms.SCMContainerPlacementRandom
2022-02-20 11:33:02,524 [Listener at 127.0.0.1/46345] INFO  pipeline.PipelineStateManagerImpl (PipelineStateManagerImpl.java:initialize(78)) - No pipeline exists in current db
2022-02-20 11:33:02,529 [Listener at 127.0.0.1/46345] INFO  algorithms.LeaderChoosePolicyFactory (LeaderChoosePolicyFactory.java:getPolicy(57)) - Create leader choose policy of type org.apache.hadoop.hdds.scm.pipeline.leader.choose.algorithms.MinLeaderCountChoosePolicy
2022-02-20 11:33:02,530 [Listener at 127.0.0.1/46345] INFO  ha.SCMServiceManager (SCMServiceManager.java:register(42)) - Registering service BackgroundPipelineCreator.
2022-02-20 11:33:02,530 [Listener at 127.0.0.1/46345] INFO  pipeline.BackgroundPipelineCreator (BackgroundPipelineCreator.java:start(130)) - Starting RatisPipelineUtilsThread.
2022-02-20 11:33:02,532 [Listener at 127.0.0.1/46345] INFO  algorithms.PipelineChoosePolicyFactory (PipelineChoosePolicyFactory.java:createPipelineChoosePolicyFromClass(73)) - Create pipeline choose policy of type org.apache.hadoop.hdds.scm.pipeline.choose.algorithms.RandomPipelineChoosePolicy
2022-02-20 11:33:02,532 [Listener at 127.0.0.1/46345] INFO  ha.SCMServiceManager (SCMServiceManager.java:register(42)) - Registering service SCMBlockDeletingService.
2022-02-20 11:33:02,533 [Listener at 127.0.0.1/46345] INFO  ha.SCMServiceManager (SCMServiceManager.java:register(42)) - Registering service ReplicationManager.
2022-02-20 11:33:02,533 [Listener at 127.0.0.1/46345] INFO  container.ReplicationManager (ReplicationManager.java:start(326)) - Starting Replication Monitor Thread.
2022-02-20 11:33:02,534 [Listener at 127.0.0.1/46345] INFO  safemode.ContainerSafeModeRule (ContainerSafeModeRule.java:<init>(89)) - containers with one replica threshold count 0
2022-02-20 11:33:02,534 [Listener at 127.0.0.1/46345] INFO  safemode.HealthyPipelineSafeModeRule (HealthyPipelineSafeModeRule.java:initializeRule(156)) - Total pipeline count is 0, healthy pipeline threshold count is 1
2022-02-20 11:33:02,534 [Listener at 127.0.0.1/46345] INFO  safemode.OneReplicaPipelineSafeModeRule (OneReplicaPipelineSafeModeRule.java:initializeRule(180)) - Total pipeline count is 0, pipeline's with at least one datanode reported threshold count is 0
2022-02-20 11:33:02,537 [Listener at 127.0.0.1/46345] INFO  ipc.CallQueueManager (CallQueueManager.java:<init>(90)) - Using callQueue: class java.util.concurrent.LinkedBlockingQueue, queueCapacity: 2000, scheduler: class org.apache.hadoop.ipc.DefaultRpcScheduler, ipcBackoff: false.
2022-02-20 11:33:02,540 [ReplicationMonitor] INFO  container.ReplicationManager (ReplicationManager.java:processAll(374)) - Replication Manager is not ready to run until 3000ms after safemode exit
2022-02-20 11:33:02,544 [Socket Reader #1 for port 0] INFO  ipc.Server (Server.java:run(1265)) - Starting Socket Reader #1 for port 0
2022-02-20 11:33:02,564 [Listener at 0.0.0.0/40811] INFO  ipc.CallQueueManager (CallQueueManager.java:<init>(90)) - Using callQueue: class java.util.concurrent.LinkedBlockingQueue, queueCapacity: 2000, scheduler: class org.apache.hadoop.ipc.DefaultRpcScheduler, ipcBackoff: false.
2022-02-20 11:33:02,573 [Socket Reader #1 for port 0] INFO  ipc.Server (Server.java:run(1265)) - Starting Socket Reader #1 for port 0
2022-02-20 11:33:02,574 [Listener at 0.0.0.0/38501] INFO  ipc.CallQueueManager (CallQueueManager.java:<init>(90)) - Using callQueue: class java.util.concurrent.LinkedBlockingQueue, queueCapacity: 2000, scheduler: class org.apache.hadoop.ipc.DefaultRpcScheduler, ipcBackoff: false.
2022-02-20 11:33:02,574 [Socket Reader #1 for port 0] INFO  ipc.Server (Server.java:run(1265)) - Starting Socket Reader #1 for port 0
2022-02-20 11:33:02,605 [Listener at 0.0.0.0/34635] INFO  algorithms.ContainerPlacementPolicyFactory (ContainerPlacementPolicyFactory.java:getPolicy(60)) - Create container placement policy of type org.apache.hadoop.hdds.scm.container.placement.algorithms.SCMContainerPlacementRandom
2022-02-20 11:33:02,613 [Listener at 0.0.0.0/34635] INFO  server.StorageContainerManager (StorageContainerManager.java:<init>(388)) - 
Container Balancer status:
Key                            Value
Running                        false
Container Balancer Configuration values:
Key                                                Value
Threshold                                          10
Max Datanodes to Involve per Iteration(percent)    20
Max Size to Move per Iteration                     500GB
Max Size Entering Target per Iteration             26GB
Max Size Leaving Source per Iteration              26GB

2022-02-20 11:33:02,614 [Listener at 0.0.0.0/34635] WARN  events.EventQueue (EventQueue.java:fireEvent(194)) - No event handler registered for event TypedEvent{payloadType=SafeModeStatus, name='Safe mode status'}
2022-02-20 11:33:02,614 [Listener at 0.0.0.0/34635] INFO  ha.SCMContext (SCMContext.java:updateSafeModeStatus(211)) - Update SafeModeStatus from SafeModeStatus{safeModeStatus=true, preCheckPassed=false} to SafeModeStatus{safeModeStatus=true, preCheckPassed=false}.
2022-02-20 11:33:02,614 [Listener at 0.0.0.0/34635] INFO  server.StorageContainerManager (StorageContainerManager.java:start(1303)) - StorageContainerLocationProtocol RPC server is listening at /0.0.0.0:34635
2022-02-20 11:33:02,614 [Listener at 0.0.0.0/34635] INFO  ha.SCMRatisServerImpl (SCMRatisServerImpl.java:start(177)) - starting ratis server 0.0.0.0:9894
2022-02-20 11:33:02,619 [Listener at 0.0.0.0/34635] INFO  server.RaftServer$Division (RaftServerImpl.java:start(301)) - f6ba6412-eb1e-4081-be92-513fc63bde1b@group-1AEFFE704654: start as a follower, conf=0: [f6ba6412-eb1e-4081-be92-513fc63bde1b|rpc:fv-az59-849:9894|admin:|client:|dataStream:|priority:0], old=null
2022-02-20 11:33:02,619 [Listener at 0.0.0.0/34635] INFO  server.RaftServer$Division (RaftServerImpl.java:setRole(290)) - f6ba6412-eb1e-4081-be92-513fc63bde1b@group-1AEFFE704654: changes role from      null to FOLLOWER at term 1 for startAsFollower
2022-02-20 11:33:02,619 [Listener at 0.0.0.0/34635] INFO  impl.RoleInfo (RoleInfo.java:updateAndGet(130)) - f6ba6412-eb1e-4081-be92-513fc63bde1b: start f6ba6412-eb1e-4081-be92-513fc63bde1b@group-1AEFFE704654-FollowerState
2022-02-20 11:33:02,622 [Listener at 0.0.0.0/34635] INFO  util.JmxRegister (JmxRegister.java:tryRegister(44)) - Successfully registered JMX Bean with object name Ratis:service=RaftServer,group=group-1AEFFE704654,id=f6ba6412-eb1e-4081-be92-513fc63bde1b
2022-02-20 11:33:02,629 [Listener at 0.0.0.0/34635] INFO  server.RaftServer (RaftServerProxy.java:lambda$start$5(374)) - f6ba6412-eb1e-4081-be92-513fc63bde1b: start RPC server
2022-02-20 11:33:02,631 [Listener at 0.0.0.0/34635] INFO  server.GrpcService (GrpcService.java:startImpl(253)) - f6ba6412-eb1e-4081-be92-513fc63bde1b: GrpcService started, listening on 9894
2022-02-20 11:33:02,650 [Listener at 0.0.0.0/34635] INFO  ha.SCMHAManagerImpl (SCMHAManagerImpl.java:start(121)) -  scm role is FOLLOWER peers [f6ba6412-eb1e-4081-be92-513fc63bde1b|rpc:fv-az59-849:9894|admin:|client:|dataStream:|priority:0]
2022-02-20 11:33:02,650 [org.apache.ratis.util.JvmPauseMonitor$$Lambda$421/295700833@644a6ddb] INFO  util.JvmPauseMonitor (JvmPauseMonitor.java:run(103)) - JvmPauseMonitor-f6ba6412-eb1e-4081-be92-513fc63bde1b: Started
2022-02-20 11:33:02,650 [Listener at 0.0.0.0/34635] INFO  ha.InterSCMGrpcService (InterSCMGrpcProtocolService.java:start(94)) - Starting SCM Grpc Service at port 9895
2022-02-20 11:33:02,653 [Listener at 0.0.0.0/34635] WARN  impl.MetricsConfig (MetricsConfig.java:loadFirst(136)) - Cannot locate configuration: tried hadoop-metrics2-storagecontainermanager.properties,hadoop-metrics2.properties
2022-02-20 11:33:02,653 [Listener at 0.0.0.0/34635] INFO  impl.MetricsSystemImpl (MetricsSystemImpl.java:startTimer(378)) - Scheduled Metric snapshot period at 10 second(s).
2022-02-20 11:33:02,653 [Listener at 0.0.0.0/34635] INFO  impl.MetricsSystemImpl (MetricsSystemImpl.java:start(191)) - StorageContainerManager metrics system started
2022-02-20 11:33:02,690 [Listener at 0.0.0.0/34635] INFO  impl.MetricsSinkAdapter (MetricsSinkAdapter.java:start(204)) - Sink prometheus started
2022-02-20 11:33:02,690 [Listener at 0.0.0.0/34635] INFO  impl.MetricsSystemImpl (MetricsSystemImpl.java:registerSink(305)) - Registered sink prometheus
2022-02-20 11:33:02,717 [Listener at 0.0.0.0/34635] INFO  server.SCMClientProtocolServer (SCMClientProtocolServer.java:start(165)) - RPC server for Client  is listening at /0.0.0.0:34635
2022-02-20 11:33:02,717 [IPC Server Responder] INFO  ipc.Server (Server.java:run(1507)) - IPC Server Responder: starting
2022-02-20 11:33:02,717 [IPC Server listener on 0] INFO  ipc.Server (Server.java:run(1344)) - IPC Server listener on 0: starting
2022-02-20 11:33:02,720 [Listener at 0.0.0.0/34635] INFO  server.StorageContainerManager (StorageContainerManager.java:start(1318)) - ScmBlockLocationProtocol RPC server is listening at /0.0.0.0:38501
2022-02-20 11:33:02,720 [Listener at 0.0.0.0/34635] INFO  server.SCMBlockProtocolServer (SCMBlockProtocolServer.java:start(151)) - RPC server for Block Protocol is listening at /0.0.0.0:38501
2022-02-20 11:33:02,720 [IPC Server Responder] INFO  ipc.Server (Server.java:run(1507)) - IPC Server Responder: starting
2022-02-20 11:33:02,721 [IPC Server listener on 0] INFO  ipc.Server (Server.java:run(1344)) - IPC Server listener on 0: starting
2022-02-20 11:33:02,735 [Listener at 0.0.0.0/34635] INFO  http.BaseHttpServer (BaseHttpServer.java:newHttpServer2BuilderForOzone(209)) - Starting Web-server for scm at: http://0.0.0.0:0
2022-02-20 11:33:02,735 [Listener at 0.0.0.0/34635] INFO  http.BaseHttpServer (BaseHttpServer.java:<init>(107)) - Hadoop Security Enabled: false Ozone Security Enabled: false Ozone HTTP Security Enabled: false 
2022-02-20 11:33:02,736 [Listener at 0.0.0.0/34635] INFO  server.AuthenticationFilter (AuthenticationFilter.java:constructSecretProvider(240)) - Unable to initialize FileSignerSecretProvider, falling back to use random secrets.
2022-02-20 11:33:02,739 [org.apache.hadoop.util.JvmPauseMonitor$Monitor@229d81e3] INFO  util.JvmPauseMonitor (JvmPauseMonitor.java:run(188)) - Starting JVM pause monitor
2022-02-20 11:33:02,746 [Listener at 0.0.0.0/34635] WARN  http.HttpRequestLog (HttpRequestLog.java:getRequestLog(103)) - Jetty request log can only be enabled using Log4j
2022-02-20 11:33:02,747 [Listener at 0.0.0.0/34635] INFO  http.HttpServer2 (HttpServer2.java:addGlobalFilter(1030)) - Added global filter 'safety' (class=org.apache.hadoop.hdds.server.http.HttpServer2$QuotingInputFilter)
2022-02-20 11:33:02,748 [Listener at 0.0.0.0/34635] INFO  http.HttpServer2 (HttpServer2.java:addFilter(1006)) - Added filter static_user_filter (class=org.apache.hadoop.http.lib.StaticUserWebFilter$StaticUserFilter) to context scm
2022-02-20 11:33:02,748 [Listener at 0.0.0.0/34635] INFO  http.HttpServer2 (HttpServer2.java:addFilter(1014)) - Added filter static_user_filter (class=org.apache.hadoop.http.lib.StaticUserWebFilter$StaticUserFilter) to context logs
2022-02-20 11:33:02,748 [Listener at 0.0.0.0/34635] INFO  http.HttpServer2 (HttpServer2.java:addFilter(1014)) - Added filter static_user_filter (class=org.apache.hadoop.http.lib.StaticUserWebFilter$StaticUserFilter) to context static
2022-02-20 11:33:02,749 [Listener at 0.0.0.0/34635] INFO  http.HttpServer2 (HttpServer2.java:bindListener(1249)) - Jetty bound to port 38321
2022-02-20 11:33:02,749 [Listener at 0.0.0.0/34635] INFO  server.Server (Server.java:doStart(375)) - jetty-9.4.43.v20210629; built: 2021-06-30T11:07:22.254Z; git: 526006ecfa3af7f1a27ef3a288e2bef7ea9dd7e8; jvm 1.8.0_322-b06
2022-02-20 11:33:02,768 [Listener at 0.0.0.0/34635] INFO  server.session (DefaultSessionIdManager.java:doStart(334)) - DefaultSessionIdManager workerName=node0
2022-02-20 11:33:02,769 [Listener at 0.0.0.0/34635] INFO  server.session (DefaultSessionIdManager.java:doStart(339)) - No SessionScavenger set, using defaults
2022-02-20 11:33:02,769 [Listener at 0.0.0.0/34635] INFO  server.session (HouseKeeper.java:startScavenging(132)) - node0 Scavenging every 600000ms
2022-02-20 11:33:02,769 [Listener at 0.0.0.0/34635] INFO  handler.ContextHandler (ContextHandler.java:doStart(915)) - Started o.e.j.s.ServletContextHandler@41c10341{logs,/logs,file:///home/runner/work/ozone/ozone/hadoop-ozone/integration-test/target/log,AVAILABLE}
2022-02-20 11:33:02,770 [Listener at 0.0.0.0/34635] INFO  handler.ContextHandler (ContextHandler.java:doStart(915)) - Started o.e.j.s.ServletContextHandler@51ca6673{static,/static,file:///home/runner/work/ozone/ozone/hadoop-ozone/integration-test/target/test-classes/webapps/static,AVAILABLE}
2022-02-20 11:33:02,775 [Listener at 0.0.0.0/34635] INFO  handler.ContextHandler (ContextHandler.java:doStart(915)) - Started o.e.j.w.WebAppContext@72577420{scm,/,file:///home/runner/work/ozone/ozone/hadoop-ozone/integration-test/target/test-classes/webapps/scm/,AVAILABLE}{file:/home/runner/work/ozone/ozone/hadoop-ozone/integration-test/target/test-classes/webapps/scm}
2022-02-20 11:33:02,793 [Listener at 0.0.0.0/34635] INFO  server.AbstractConnector (AbstractConnector.java:doStart(331)) - Started ServerConnector@3343ad78{HTTP/1.1, (http/1.1)}{0.0.0.0:38321}
2022-02-20 11:33:02,794 [Listener at 0.0.0.0/34635] INFO  server.Server (Server.java:doStart(415)) - Started @72982ms
2022-02-20 11:33:02,794 [Listener at 0.0.0.0/34635] WARN  impl.MetricsSystemImpl (MetricsSystemImpl.java:register(279)) - Sink prometheus already exists!
2022-02-20 11:33:02,794 [Listener at 0.0.0.0/34635] INFO  http.BaseHttpServer (BaseHttpServer.java:updateConnectorAddress(329)) - HTTP server of scm listening at http://0.0.0.0:38321
2022-02-20 11:33:02,794 [Listener at 0.0.0.0/34635] WARN  server.ServerUtils (ServerUtils.java:getDBPath(225)) - ozone.om.db.dirs is not configured. We recommend adding this setting. Falling back to ozone.metadata.dirs instead.
2022-02-20 11:33:02,800 [Listener at 0.0.0.0/34635] INFO  ha.OMHANodeDetails (OMHANodeDetails.java:loadOMHAConfig(112)) - ozone.om.internal.service.id is not defined, falling back to ozone.om.service.ids to find serviceID for OzoneManager if it is HA enabled cluster
2022-02-20 11:33:02,800 [Listener at 0.0.0.0/34635] INFO  ha.OMHANodeDetails (OMHANodeDetails.java:loadOMHAConfig(218)) - Configuration does not have ozone.om.address set. Falling back to the default OM address /127.0.0.1:0
2022-02-20 11:33:02,800 [Listener at 0.0.0.0/34635] INFO  ha.OMHANodeDetails (OMHANodeDetails.java:getOMNodeDetailsForNonHA(246)) - OM Service ID is not set. Setting it to the default ID: omServiceIdDefault
2022-02-20 11:33:02,800 [Listener at 0.0.0.0/34635] INFO  ha.OMHANodeDetails (OMHANodeDetails.java:getOMNodeDetailsForNonHA(253)) - OM Node ID is not set. Setting it to the default ID: om1
2022-02-20 11:33:02,801 [Listener at 0.0.0.0/34635] WARN  server.ServerUtils (ServerUtils.java:getDBPath(225)) - ozone.om.db.dirs is not configured. We recommend adding this setting. Falling back to ozone.metadata.dirs instead.
2022-02-20 11:33:02,801 [Listener at 0.0.0.0/34635] INFO  upgrade.AbstractLayoutVersionManager (AbstractLayoutVersionManager.java:init(79)) - Initializing Layout version manager with metadata layout = INITIAL_VERSION (version = 0), software layout = INITIAL_VERSION (version = 0)
2022-02-20 11:33:02,893 [Listener at 0.0.0.0/34635] INFO  reflections.Reflections (Reflections.java:scan(232)) - Reflections took 91 ms to scan 2 urls, producing 133 keys and 348 values [using 2 cores]
2022-02-20 11:33:02,894 [Listener at 0.0.0.0/34635] INFO  upgrade.OMLayoutVersionManager (OMLayoutVersionManager.java:lambda$0(115)) - Skipping Upgrade Action MockOmUpgradeAction since it has been finalized.
2022-02-20 11:33:02,894 [Listener at 0.0.0.0/34635] WARN  server.ServerUtils (ServerUtils.java:getDBPath(225)) - ozone.om.db.dirs is not configured. We recommend adding this setting. Falling back to ozone.metadata.dirs instead.
2022-02-20 11:33:04,941 [Listener at 0.0.0.0/34635] INFO  retry.RetryInvocationHandler (RetryInvocationHandler.java:log(411)) - com.google.protobuf.ServiceException: org.apache.hadoop.ipc.RemoteException(org.apache.hadoop.hdds.ratis.ServerNotLeaderException): Server:f6ba6412-eb1e-4081-be92-513fc63bde1b is not the leader. Could not determine the leader node.
	at org.apache.hadoop.hdds.ratis.ServerNotLeaderException.convertToNotLeaderException(ServerNotLeaderException.java:109)
	at org.apache.hadoop.hdds.scm.ha.RatisUtil.checkRatisException(RatisUtil.java:246)
	at org.apache.hadoop.hdds.scm.protocol.ScmBlockLocationProtocolServerSideTranslatorPB.send(ScmBlockLocationProtocolServerSideTranslatorPB.java:108)
	at org.apache.hadoop.hdds.protocol.proto.ScmBlockLocationProtocolProtos$ScmBlockLocationProtocolService$2.callBlockingMethod(ScmBlockLocationProtocolProtos.java:13937)
	at org.apache.hadoop.ipc.ProtobufRpcEngine$Server.processCall(ProtobufRpcEngine.java:466)
	at org.apache.hadoop.ipc.ProtobufRpcEngine2$Server$ProtoBufRpcInvoker.call(ProtobufRpcEngine2.java:574)
	at org.apache.hadoop.ipc.ProtobufRpcEngine2$Server$ProtoBufRpcInvoker.call(ProtobufRpcEngine2.java:552)
	at org.apache.hadoop.ipc.RPC$Server.call(RPC.java:1093)
	at org.apache.hadoop.ipc.Server$RpcCall.run(Server.java:1035)
	at org.apache.hadoop.ipc.Server$RpcCall.run(Server.java:963)
	at java.security.AccessController.doPrivileged(Native Method)
	at javax.security.auth.Subject.doAs(Subject.java:422)
	at org.apache.hadoop.security.UserGroupInformation.doAs(UserGroupInformation.java:1878)
	at org.apache.hadoop.ipc.Server$Handler.run(Server.java:2966)
, while invoking $Proxy46.send over nodeId=scmNodeId,nodeAddress=/0.0.0.0:38501 after 1 failover attempts. Trying to failover after sleeping for 2000ms.
2022-02-20 11:33:06,947 [Listener at 0.0.0.0/34635] INFO  retry.RetryInvocationHandler (RetryInvocationHandler.java:log(411)) - com.google.protobuf.ServiceException: org.apache.hadoop.ipc.RemoteException(org.apache.hadoop.hdds.ratis.ServerNotLeaderException): Server:f6ba6412-eb1e-4081-be92-513fc63bde1b is not the leader. Could not determine the leader node.
	at org.apache.hadoop.hdds.ratis.ServerNotLeaderException.convertToNotLeaderException(ServerNotLeaderException.java:109)
	at org.apache.hadoop.hdds.scm.ha.RatisUtil.checkRatisException(RatisUtil.java:246)
	at org.apache.hadoop.hdds.scm.protocol.ScmBlockLocationProtocolServerSideTranslatorPB.send(ScmBlockLocationProtocolServerSideTranslatorPB.java:108)
	at org.apache.hadoop.hdds.protocol.proto.ScmBlockLocationProtocolProtos$ScmBlockLocationProtocolService$2.callBlockingMethod(ScmBlockLocationProtocolProtos.java:13937)
	at org.apache.hadoop.ipc.ProtobufRpcEngine$Server.processCall(ProtobufRpcEngine.java:466)
	at org.apache.hadoop.ipc.ProtobufRpcEngine2$Server$ProtoBufRpcInvoker.call(ProtobufRpcEngine2.java:574)
	at org.apache.hadoop.ipc.ProtobufRpcEngine2$Server$ProtoBufRpcInvoker.call(ProtobufRpcEngine2.java:552)
	at org.apache.hadoop.ipc.RPC$Server.call(RPC.java:1093)
	at org.apache.hadoop.ipc.Server$RpcCall.run(Server.java:1035)
	at org.apache.hadoop.ipc.Server$RpcCall.run(Server.java:963)
	at java.security.AccessController.doPrivileged(Native Method)
	at javax.security.auth.Subject.doAs(Subject.java:422)
	at org.apache.hadoop.security.UserGroupInformation.doAs(UserGroupInformation.java:1878)
	at org.apache.hadoop.ipc.Server$Handler.run(Server.java:2966)
, while invoking $Proxy46.send over nodeId=scmNodeId,nodeAddress=/0.0.0.0:38501 after 2 failover attempts. Trying to failover after sleeping for 2000ms.
2022-02-20 11:33:07,627 [f6ba6412-eb1e-4081-be92-513fc63bde1b@group-1AEFFE704654-FollowerState] INFO  impl.FollowerState (FollowerState.java:run(134)) - f6ba6412-eb1e-4081-be92-513fc63bde1b@group-1AEFFE704654-FollowerState: change to CANDIDATE, lastRpcElapsedTime:5007580074ns, electionTimeout:5004ms
2022-02-20 11:33:07,630 [f6ba6412-eb1e-4081-be92-513fc63bde1b@group-1AEFFE704654-FollowerState] INFO  impl.RoleInfo (RoleInfo.java:shutdownFollowerState(108)) - f6ba6412-eb1e-4081-be92-513fc63bde1b: shutdown f6ba6412-eb1e-4081-be92-513fc63bde1b@group-1AEFFE704654-FollowerState
2022-02-20 11:33:07,631 [f6ba6412-eb1e-4081-be92-513fc63bde1b@group-1AEFFE704654-FollowerState] INFO  server.RaftServer$Division (RaftServerImpl.java:setRole(290)) - f6ba6412-eb1e-4081-be92-513fc63bde1b@group-1AEFFE704654: changes role from  FOLLOWER to CANDIDATE at term 1 for changeToCandidate
2022-02-20 11:33:07,631 [f6ba6412-eb1e-4081-be92-513fc63bde1b@group-1AEFFE704654-FollowerState] INFO  server.RaftServerConfigKeys (ConfUtils.java:logGet(44)) - raft.server.leaderelection.pre-vote = false (custom)
2022-02-20 11:33:07,631 [f6ba6412-eb1e-4081-be92-513fc63bde1b@group-1AEFFE704654-FollowerState] INFO  impl.RoleInfo (RoleInfo.java:updateAndGet(130)) - f6ba6412-eb1e-4081-be92-513fc63bde1b: start f6ba6412-eb1e-4081-be92-513fc63bde1b@group-1AEFFE704654-LeaderElection18
2022-02-20 11:33:07,658 [f6ba6412-eb1e-4081-be92-513fc63bde1b@group-1AEFFE704654-LeaderElection18] INFO  impl.LeaderElection (LeaderElection.java:askForVotes(306)) - f6ba6412-eb1e-4081-be92-513fc63bde1b@group-1AEFFE704654-LeaderElection18 ELECTION round 0: submit vote requests at term 2 for 0: [f6ba6412-eb1e-4081-be92-513fc63bde1b|rpc:fv-az59-849:9894|admin:|client:|dataStream:|priority:0], old=null
2022-02-20 11:33:07,658 [f6ba6412-eb1e-4081-be92-513fc63bde1b@group-1AEFFE704654-LeaderElection18] INFO  impl.LeaderElection (LeaderElection.java:askForVotes(308)) - f6ba6412-eb1e-4081-be92-513fc63bde1b@group-1AEFFE704654-LeaderElection18 ELECTION round 0: result PASSED (term=2)
2022-02-20 11:33:07,658 [f6ba6412-eb1e-4081-be92-513fc63bde1b@group-1AEFFE704654-LeaderElection18] INFO  impl.RoleInfo (RoleInfo.java:shutdownLeaderElection(121)) - f6ba6412-eb1e-4081-be92-513fc63bde1b: shutdown f6ba6412-eb1e-4081-be92-513fc63bde1b@group-1AEFFE704654-LeaderElection18
2022-02-20 11:33:07,658 [f6ba6412-eb1e-4081-be92-513fc63bde1b@group-1AEFFE704654-LeaderElection18] INFO  server.RaftServer$Division (RaftServerImpl.java:setRole(290)) - f6ba6412-eb1e-4081-be92-513fc63bde1b@group-1AEFFE704654: changes role from CANDIDATE to LEADER at term 2 for changeToLeader
2022-02-20 11:33:07,658 [f6ba6412-eb1e-4081-be92-513fc63bde1b@group-1AEFFE704654-LeaderElection18] INFO  ha.SCMStateMachine (SCMStateMachine.java:notifyLeaderChanged(259)) - current SCM becomes leader of term 2.
2022-02-20 11:33:07,658 [f6ba6412-eb1e-4081-be92-513fc63bde1b@group-1AEFFE704654-LeaderElection18] INFO  ha.SCMContext (SCMContext.java:updateLeaderAndTerm(90)) - update <isLeader,term> from <false,0> to <true,2>
2022-02-20 11:33:07,658 [f6ba6412-eb1e-4081-be92-513fc63bde1b@group-1AEFFE704654-LeaderElection18] INFO  server.RaftServer$Division (ServerState.java:setLeader(285)) - f6ba6412-eb1e-4081-be92-513fc63bde1b@group-1AEFFE704654: change Leader from null to f6ba6412-eb1e-4081-be92-513fc63bde1b at term 2 for becomeLeader, leader elected after 5158ms
2022-02-20 11:33:07,659 [f6ba6412-eb1e-4081-be92-513fc63bde1b@group-1AEFFE704654-LeaderElection18] INFO  server.RaftServerConfigKeys (ConfUtils.java:logGet(44)) - raft.server.staging.catchup.gap = 1000 (default)
2022-02-20 11:33:07,659 [f6ba6412-eb1e-4081-be92-513fc63bde1b@group-1AEFFE704654-LeaderElection18] INFO  server.RaftServerConfigKeys (ConfUtils.java:logGet(44)) - raft.server.write.element-limit = 4096 (default)
2022-02-20 11:33:07,659 [f6ba6412-eb1e-4081-be92-513fc63bde1b@group-1AEFFE704654-LeaderElection18] INFO  server.RaftServerConfigKeys (ConfUtils.java:logGet(44)) - raft.server.write.byte-limit = 64MB (=67108864) (default)
2022-02-20 11:33:07,659 [f6ba6412-eb1e-4081-be92-513fc63bde1b@group-1AEFFE704654-LeaderElection18] INFO  server.RaftServerConfigKeys (ConfUtils.java:logGet(44)) - raft.server.watch.timeout = 10s (default)
2022-02-20 11:33:07,659 [f6ba6412-eb1e-4081-be92-513fc63bde1b@group-1AEFFE704654-LeaderElection18] INFO  server.RaftServerConfigKeys (ConfUtils.java:logGet(44)) - raft.server.watch.timeout.denomination = 1s (default)
2022-02-20 11:33:07,659 [f6ba6412-eb1e-4081-be92-513fc63bde1b@group-1AEFFE704654-LeaderElection18] INFO  server.RaftServerConfigKeys (ConfUtils.java:logGet(44)) - raft.server.watch.element-limit = 65536 (default)
2022-02-20 11:33:07,659 [f6ba6412-eb1e-4081-be92-513fc63bde1b@group-1AEFFE704654-LeaderElection18] INFO  server.RaftServerConfigKeys (ConfUtils.java:logGet(44)) - raft.server.write.element-limit = 4096 (default)
2022-02-20 11:33:07,659 [f6ba6412-eb1e-4081-be92-513fc63bde1b@group-1AEFFE704654-LeaderElection18] INFO  server.RaftServerConfigKeys (ConfUtils.java:logGet(44)) - raft.server.write.follower.gap.ratio.max = -1.0 (default)
2022-02-20 11:33:07,659 [f6ba6412-eb1e-4081-be92-513fc63bde1b@group-1AEFFE704654-LeaderElection18] INFO  impl.RoleInfo (RoleInfo.java:updateAndGet(130)) - f6ba6412-eb1e-4081-be92-513fc63bde1b: start f6ba6412-eb1e-4081-be92-513fc63bde1b@group-1AEFFE704654-LeaderStateImpl
2022-02-20 11:33:07,660 [f6ba6412-eb1e-4081-be92-513fc63bde1b@group-1AEFFE704654-LeaderElection18] INFO  segmented.SegmentedRaftLogWorker (SegmentedRaftLogWorker.java:rollLogSegment(399)) - f6ba6412-eb1e-4081-be92-513fc63bde1b@group-1AEFFE704654-SegmentedRaftLogWorker: Rolling segment log-0_0 to index:0
2022-02-20 11:33:07,661 [f6ba6412-eb1e-4081-be92-513fc63bde1b@group-1AEFFE704654-SegmentedRaftLogWorker] INFO  segmented.SegmentedRaftLogWorker (SegmentedRaftLogWorker.java:execute(558)) - f6ba6412-eb1e-4081-be92-513fc63bde1b@group-1AEFFE704654-SegmentedRaftLogWorker: Rolled log segment from /home/runner/work/ozone/ozone/hadoop-ozone/integration-test/target/test-dir/MiniOzoneClusterImpl-35320b25-8391-4d91-bc43-1aeffe704654/ozone-meta/scm-ha/35320b25-8391-4d91-bc43-1aeffe704654/current/log_inprogress_0 to /home/runner/work/ozone/ozone/hadoop-ozone/integration-test/target/test-dir/MiniOzoneClusterImpl-35320b25-8391-4d91-bc43-1aeffe704654/ozone-meta/scm-ha/35320b25-8391-4d91-bc43-1aeffe704654/current/log_0-0
2022-02-20 11:33:07,676 [f6ba6412-eb1e-4081-be92-513fc63bde1b@group-1AEFFE704654-LeaderElection18] INFO  server.RaftServer$Division (ServerState.java:setRaftConf(387)) - f6ba6412-eb1e-4081-be92-513fc63bde1b@group-1AEFFE704654: set configuration 1: [f6ba6412-eb1e-4081-be92-513fc63bde1b|rpc:fv-az59-849:9894|admin:|client:|dataStream:|priority:0], old=null
2022-02-20 11:33:07,679 [f6ba6412-eb1e-4081-be92-513fc63bde1b@group-1AEFFE704654-SegmentedRaftLogWorker] INFO  segmented.SegmentedRaftLogWorker (SegmentedRaftLogWorker.java:execute(601)) - f6ba6412-eb1e-4081-be92-513fc63bde1b@group-1AEFFE704654-SegmentedRaftLogWorker: created new log segment /home/runner/work/ozone/ozone/hadoop-ozone/integration-test/target/test-dir/MiniOzoneClusterImpl-35320b25-8391-4d91-bc43-1aeffe704654/ozone-meta/scm-ha/35320b25-8391-4d91-bc43-1aeffe704654/current/log_inprogress_1
2022-02-20 11:33:07,681 [f6ba6412-eb1e-4081-be92-513fc63bde1b@group-1AEFFE704654-StateMachineUpdater] INFO  ha.SCMContext (SCMContext.java:setLeaderReady(117)) - update <isLeaderReady> from <false> to <true>
2022-02-20 11:33:07,684 [f6ba6412-eb1e-4081-be92-513fc63bde1b@group-1AEFFE704654-StateMachineUpdater] INFO  pipeline.BackgroundPipelineCreator (BackgroundPipelineCreator.java:notifyStatusChanged(264)) - Service BackgroundPipelineCreator transitions to RUNNING.
2022-02-20 11:33:07,684 [f6ba6412-eb1e-4081-be92-513fc63bde1b@group-1AEFFE704654-StateMachineUpdater] INFO  safemode.HealthyPipelineSafeModeRule (HealthyPipelineSafeModeRule.java:initializeRule(152)) - Refreshed total pipeline count is 0, healthy pipeline threshold count is 1
2022-02-20 11:33:07,684 [f6ba6412-eb1e-4081-be92-513fc63bde1b@group-1AEFFE704654-StateMachineUpdater] INFO  safemode.ContainerSafeModeRule (ContainerSafeModeRule.java:reInitializeRule(177)) - Refreshed one replica container threshold 0, currentThreshold 0
2022-02-20 11:33:07,684 [f6ba6412-eb1e-4081-be92-513fc63bde1b@group-1AEFFE704654-StateMachineUpdater] INFO  safemode.OneReplicaPipelineSafeModeRule (OneReplicaPipelineSafeModeRule.java:initializeRule(176)) - Refreshed Total pipeline count is 0, pipeline's with at least one datanode reported threshold count is 0
2022-02-20 11:33:07,684 [f6ba6412-eb1e-4081-be92-513fc63bde1b@group-1AEFFE704654-StateMachineUpdater] INFO  server.SCMDatanodeProtocolServer (SCMDatanodeProtocolServer.java:start(181)) - ScmDatanodeProtocol RPC server for DataNodes is listening at /0.0.0.0:40811
2022-02-20 11:33:07,703 [IPC Server listener on 0] INFO  ipc.Server (Server.java:run(1344)) - IPC Server listener on 0: starting
2022-02-20 11:33:07,719 [IPC Server Responder] INFO  ipc.Server (Server.java:run(1507)) - IPC Server Responder: starting
2022-02-20 11:33:08,952 [Listener at 0.0.0.0/34635] WARN  server.ServerUtils (ServerUtils.java:getDBPath(225)) - ozone.om.db.dirs is not configured. We recommend adding this setting. Falling back to ozone.metadata.dirs instead.
2022-02-20 11:33:08,952 [Listener at 0.0.0.0/34635] INFO  codec.OmKeyInfoCodec (OmKeyInfoCodec.java:<init>(50)) - OmKeyInfoCodec ignorePipeline = true
2022-02-20 11:33:08,952 [Listener at 0.0.0.0/34635] INFO  codec.RepeatedOmKeyInfoCodec (RepeatedOmKeyInfoCodec.java:<init>(42)) - RepeatedOmKeyInfoCodec ignorePipeline = true
2022-02-20 11:33:09,158 [Listener at 0.0.0.0/34635] INFO  om.OzoneManager (OzoneManager.java:addS3GVolumeToDB(3732)) - Created Volume s3v With Owner runner required for S3Gateway operations.
2022-02-20 11:33:09,158 [Listener at 0.0.0.0/34635] WARN  server.ServerUtils (ServerUtils.java:getDefaultRatisDirectory(237)) - Storage directory for Ratis is not configured. It is a good idea to map this to an SSD disk. Falling back to ozone.metadata.dirs
2022-02-20 11:33:09,158 [Listener at 0.0.0.0/34635] WARN  utils.OzoneManagerRatisUtils (OzoneManagerRatisUtils.java:getOMRatisSnapshotDirectory(330)) - ozone.om.ratis.snapshot.dir is not configured. Falling back to ozone.metadata.dirs config
2022-02-20 11:33:09,159 [Listener at 0.0.0.0/34635] WARN  impl.MetricRegistriesImpl (MetricRegistriesImpl.java:addReporterRegistration(111)) - New reporters are added after registries were created. Some metrics will be missing from the reporter. Please add reporter before adding any new registry.
2022-02-20 11:33:09,159 [Listener at 0.0.0.0/34635] WARN  impl.MetricRegistriesImpl (MetricRegistriesImpl.java:addReporterRegistration(111)) - New reporters are added after registries were created. Some metrics will be missing from the reporter. Please add reporter before adding any new registry.
2022-02-20 11:33:09,159 [Listener at 0.0.0.0/34635] WARN  server.ServerUtils (ServerUtils.java:getDefaultRatisDirectory(237)) - Storage directory for Ratis is not configured. It is a good idea to map this to an SSD disk. Falling back to ozone.metadata.dirs
2022-02-20 11:33:09,168 [Listener at 0.0.0.0/34635] INFO  ratis.OzoneManagerRatisServer (OzoneManagerRatisServer.java:<init>(159)) - Instantiating OM Ratis server with groupID: omServiceIdDefault and peers: localhost:9872
2022-02-20 11:33:09,168 [Listener at 0.0.0.0/34635] INFO  ratis.OzoneManagerStateMachine (OzoneManagerStateMachine.java:loadSnapshotInfoFromDB(605)) - LastAppliedIndex is set from TransactionInfo from OM DB as (t:0, i:~)
2022-02-20 11:33:09,169 [Listener at 0.0.0.0/34635] INFO  server.RaftServer (ConfUtils.java:logGet(44)) - raft.rpc.type = GRPC (default)
2022-02-20 11:33:09,169 [Listener at 0.0.0.0/34635] INFO  grpc.GrpcFactory (GrpcFactory.java:checkPooledByteBufAllocatorUseCacheForAllThreads(48)) - PERFORMANCE WARNING: useCacheForAllThreads is true that may cause Netty to create a lot garbage objects and, as a result, trigger GC.
	It is recommended to disable useCacheForAllThreads by setting -Dorg.apache.ratis.thirdparty.io.netty.allocator.useCacheForAllThreads=false in command line.
2022-02-20 11:33:09,169 [Listener at 0.0.0.0/34635] INFO  grpc.GrpcConfigKeys (ConfUtils.java:logGet(44)) - raft.grpc.admin.port = -1 (default)
2022-02-20 11:33:09,169 [Listener at 0.0.0.0/34635] INFO  grpc.GrpcConfigKeys (ConfUtils.java:logGet(44)) - raft.grpc.server.port = 9872 (custom)
2022-02-20 11:33:09,169 [Listener at 0.0.0.0/34635] INFO  grpc.GrpcConfigKeys (ConfUtils.java:logGet(44)) - raft.grpc.client.port = -1 (default)
2022-02-20 11:33:09,169 [Listener at 0.0.0.0/34635] INFO  grpc.GrpcConfigKeys (ConfUtils.java:logGet(44)) - raft.grpc.server.port = 9872 (custom)
2022-02-20 11:33:09,169 [Listener at 0.0.0.0/34635] INFO  grpc.GrpcConfigKeys (ConfUtils.java:logGet(44)) - raft.grpc.server.port = 9872 (custom)
2022-02-20 11:33:09,170 [Listener at 0.0.0.0/34635] INFO  server.GrpcService (ConfUtils.java:logGet(44)) - raft.grpc.message.size.max = 33554432 (custom)
2022-02-20 11:33:09,170 [Listener at 0.0.0.0/34635] INFO  server.RaftServerConfigKeys (ConfUtils.java:logGet(44)) - raft.server.log.appender.buffer.byte-limit = 33554432 (custom)
2022-02-20 11:33:09,170 [Listener at 0.0.0.0/34635] INFO  server.GrpcService (ConfUtils.java:logGet(44)) - raft.grpc.flow.control.window = 1MB (=1048576) (default)
2022-02-20 11:33:09,170 [Listener at 0.0.0.0/34635] INFO  server.RaftServerConfigKeys (ConfUtils.java:logGet(44)) - raft.server.rpc.request.timeout = 3000ms (default)
2022-02-20 11:33:09,174 [Listener at 0.0.0.0/34635] INFO  impl.DataStreamServerImpl (ConfUtils.java:logGet(44)) - raft.datastream.type = DISABLED (default)
2022-02-20 11:33:09,174 [Listener at 0.0.0.0/34635] INFO  server.RaftServerConfigKeys (ConfUtils.java:logGet(44)) - raft.server.rpc.slowness.timeout = 120s (custom)
2022-02-20 11:33:09,174 [Listener at 0.0.0.0/34635] INFO  server.RaftServerConfigKeys (ConfUtils.java:logGet(44)) - raft.server.leaderelection.leader.step-down.wait-time = 10s (default)
2022-02-20 11:33:09,174 [Listener at 0.0.0.0/34635] INFO  server.RaftServerConfigKeys (ConfUtils.java:logGet(44)) - raft.server.storage.dir = [/home/runner/work/ozone/ozone/hadoop-ozone/integration-test/target/test-dir/MiniOzoneClusterImpl-35320b25-8391-4d91-bc43-1aeffe704654/ozone-meta/ratis] (custom)
2022-02-20 11:33:09,182 [Listener at 0.0.0.0/34635] INFO  server.RaftServer (RaftServerProxy.java:addNew(95)) - om1: addNew group-C5BA1605619E:[om1|rpc:localhost:9872|priority:0] returns group-C5BA1605619E:java.util.concurrent.CompletableFuture@6a7488a0[Not completed]
2022-02-20 11:33:09,182 [pool-193-thread-1] INFO  server.RaftServer$Division (RaftServerImpl.java:<init>(184)) - om1: new RaftServerImpl for group-C5BA1605619E:[om1|rpc:localhost:9872|priority:0] with OzoneManagerStateMachine:uninitialized
2022-02-20 11:33:09,182 [Listener at 0.0.0.0/34635] INFO  om.OzoneManager (OzoneManager.java:initializeRatisServer(1834)) - OzoneManager Ratis server initialized at port 9872
2022-02-20 11:33:09,184 [Listener at 0.0.0.0/34635] INFO  ipc.CallQueueManager (CallQueueManager.java:<init>(90)) - Using callQueue: class java.util.concurrent.LinkedBlockingQueue, queueCapacity: 2000, scheduler: class org.apache.hadoop.ipc.DefaultRpcScheduler, ipcBackoff: false.
2022-02-20 11:33:09,189 [Socket Reader #1 for port 0] INFO  ipc.Server (Server.java:run(1265)) - Starting Socket Reader #1 for port 0
2022-02-20 11:33:09,205 [pool-193-thread-1] INFO  server.RaftServerConfigKeys (ConfUtils.java:logGet(44)) - raft.server.rpc.timeout.min = 1s (custom)
2022-02-20 11:33:09,205 [pool-193-thread-1] INFO  server.RaftServerConfigKeys (ConfUtils.java:logGet(44)) - raft.server.rpc.timeout.max = 1200ms (custom)
2022-02-20 11:33:09,205 [pool-193-thread-1] INFO  server.RaftServerConfigKeys (ConfUtils.java:logGet(44)) - raft.server.rpc.sleep.time = 25ms (default)
2022-02-20 11:33:09,205 [pool-193-thread-1] INFO  server.RaftServerConfigKeys (ConfUtils.java:logGet(44)) - raft.server.rpc.slowness.timeout = 120s (custom)
2022-02-20 11:33:09,205 [pool-193-thread-1] INFO  server.RaftServerConfigKeys (ConfUtils.java:logGet(44)) - raft.server.leaderelection.leader.step-down.wait-time = 10s (default)
2022-02-20 11:33:09,205 [pool-193-thread-1] INFO  server.RaftServerConfigKeys (ConfUtils.java:logGet(44)) - raft.server.sleep.deviation.threshold = 300ms (default)
2022-02-20 11:33:09,205 [pool-193-thread-1] INFO  server.RaftServerConfigKeys (ConfUtils.java:logGet(44)) - raft.server.log.appender.install.snapshot.enabled = false (custom)
2022-02-20 11:33:09,205 [pool-193-thread-1] INFO  server.RaftServer$Division (ServerState.java:<init>(105)) - om1@group-C5BA1605619E: ConfigurationManager, init=-1: [om1|rpc:localhost:9872|priority:0], old=null, confs=<EMPTY_MAP>
2022-02-20 11:33:09,205 [pool-193-thread-1] INFO  server.RaftServerConfigKeys (ConfUtils.java:logGet(44)) - raft.server.storage.dir = [/home/runner/work/ozone/ozone/hadoop-ozone/integration-test/target/test-dir/MiniOzoneClusterImpl-35320b25-8391-4d91-bc43-1aeffe704654/ozone-meta/ratis] (custom)
2022-02-20 11:33:09,205 [pool-193-thread-1] INFO  server.RaftServerConfigKeys (ConfUtils.java:logGet(44)) - raft.server.log.corruption.policy = EXCEPTION (default)
2022-02-20 11:33:09,205 [pool-193-thread-1] INFO  server.RaftServerConfigKeys (ConfUtils.java:logGet(44)) - raft.server.storage.free-space.min = 0MB (=0) (default)
2022-02-20 11:33:09,205 [pool-193-thread-1] INFO  storage.RaftStorageDirectory (RaftStorageDirectoryImpl.java:analyzeStorage(135)) - The storage directory /home/runner/work/ozone/ozone/hadoop-ozone/integration-test/target/test-dir/MiniOzoneClusterImpl-35320b25-8391-4d91-bc43-1aeffe704654/ozone-meta/ratis/bf265839-605b-3f16-9796-c5ba1605619e does not exist. Creating ...
2022-02-20 11:33:09,212 [pool-193-thread-1] INFO  storage.RaftStorageDirectory (RaftStorageDirectoryImpl.java:tryLock(230)) - Lock on /home/runner/work/ozone/ozone/hadoop-ozone/integration-test/target/test-dir/MiniOzoneClusterImpl-35320b25-8391-4d91-bc43-1aeffe704654/ozone-meta/ratis/bf265839-605b-3f16-9796-c5ba1605619e/in_use.lock acquired by nodename 9434@fv-az59-849
2022-02-20 11:33:09,213 [pool-193-thread-1] INFO  storage.RaftStorage (RaftStorageImpl.java:format(89)) - Storage directory /home/runner/work/ozone/ozone/hadoop-ozone/integration-test/target/test-dir/MiniOzoneClusterImpl-35320b25-8391-4d91-bc43-1aeffe704654/ozone-meta/ratis/bf265839-605b-3f16-9796-c5ba1605619e has been successfully formatted.
2022-02-20 11:33:09,214 [pool-193-thread-1] INFO  server.RaftServerConfigKeys (ConfUtils.java:logGet(44)) - raft.server.notification.no-leader.timeout = 120s (custom)
2022-02-20 11:33:09,214 [pool-193-thread-1] INFO  server.RaftServerConfigKeys (ConfUtils.java:logGet(44)) - raft.server.log.use.memory = false (default)
2022-02-20 11:33:09,214 [pool-193-thread-1] INFO  server.RaftServerConfigKeys (ConfUtils.java:logGet(44)) - raft.server.log.purge.gap = 1000000 (custom)
2022-02-20 11:33:09,214 [pool-193-thread-1] INFO  server.RaftServerConfigKeys (ConfUtils.java:logGet(44)) - raft.server.log.appender.buffer.byte-limit = 33554432 (custom)
2022-02-20 11:33:09,214 [pool-193-thread-1] INFO  server.RaftServerConfigKeys (ConfUtils.java:logGet(44)) - raft.server.log.segment.size.max = 4194304 (custom)
2022-02-20 11:33:09,215 [pool-193-thread-1] INFO  server.RaftServerConfigKeys (ConfUtils.java:logGet(44)) - raft.server.log.segment.cache.num.max = 2 (custom)
2022-02-20 11:33:09,215 [pool-193-thread-1] INFO  server.RaftServerConfigKeys (ConfUtils.java:logGet(44)) - raft.server.log.segment.cache.size.max = 200MB (=209715200) (default)
2022-02-20 11:33:09,215 [pool-193-thread-1] INFO  segmented.SegmentedRaftLogWorker (SegmentedRaftLogWorker.java:<init>(182)) - new om1@group-C5BA1605619E-SegmentedRaftLogWorker for RaftStorageImpl:Storage Directory /home/runner/work/ozone/ozone/hadoop-ozone/integration-test/target/test-dir/MiniOzoneClusterImpl-35320b25-8391-4d91-bc43-1aeffe704654/ozone-meta/ratis/bf265839-605b-3f16-9796-c5ba1605619e
2022-02-20 11:33:09,215 [pool-193-thread-1] INFO  server.RaftServerConfigKeys (ConfUtils.java:logGet(44)) - raft.server.log.queue.byte-limit = 64MB (=67108864) (default)
2022-02-20 11:33:09,215 [pool-193-thread-1] INFO  server.RaftServerConfigKeys (ConfUtils.java:logGet(44)) - raft.server.log.queue.element-limit = 4096 (default)
2022-02-20 11:33:09,215 [pool-193-thread-1] INFO  server.RaftServerConfigKeys (ConfUtils.java:logGet(44)) - raft.server.log.segment.size.max = 4194304 (custom)
2022-02-20 11:33:09,215 [pool-193-thread-1] INFO  server.RaftServerConfigKeys (ConfUtils.java:logGet(44)) - raft.server.log.preallocated.size = 4194304 (custom)
2022-02-20 11:33:09,215 [pool-193-thread-1] INFO  server.RaftServerConfigKeys (ConfUtils.java:logGet(44)) - raft.server.log.force.sync.num = 128 (default)
2022-02-20 11:33:09,215 [pool-193-thread-1] INFO  server.RaftServerConfigKeys (ConfUtils.java:logGet(44)) - raft.server.log.statemachine.data.sync = true (default)
2022-02-20 11:33:09,215 [pool-193-thread-1] INFO  server.RaftServerConfigKeys (ConfUtils.java:logGet(44)) - raft.server.log.statemachine.data.sync.timeout = 10s (default)
2022-02-20 11:33:09,215 [pool-193-thread-1] INFO  server.RaftServerConfigKeys (ConfUtils.java:logGet(44)) - raft.server.log.statemachine.data.sync.timeout.retry = -1 (default)
2022-02-20 11:33:09,216 [pool-193-thread-1] INFO  server.RaftServerConfigKeys (ConfUtils.java:logGet(44)) - raft.server.log.write.buffer.size = 64KB (=65536) (default)
2022-02-20 11:33:09,216 [pool-193-thread-1] INFO  server.RaftServerConfigKeys (ConfUtils.java:logGet(44)) - raft.server.log.statemachine.data.caching.enabled = false (default)
2022-02-20 11:33:09,216 [pool-193-thread-1] INFO  segmented.SegmentedRaftLogWorker (SegmentedRaftLogWorker.java:lambda$new$0(133)) - om1@group-C5BA1605619E-SegmentedRaftLogWorker: flushIndex: setUnconditionally 0 -> -1
2022-02-20 11:33:09,216 [pool-193-thread-1] INFO  segmented.SegmentedRaftLogWorker (SegmentedRaftLogWorker.java:lambda$new$0(133)) - om1@group-C5BA1605619E-SegmentedRaftLogWorker: safeCacheEvictIndex: setUnconditionally 0 -> -1
2022-02-20 11:33:09,221 [pool-193-thread-1] INFO  server.RaftServerConfigKeys (ConfUtils.java:logGet(44)) - raft.server.snapshot.auto.trigger.enabled = true (custom)
2022-02-20 11:33:09,221 [pool-193-thread-1] INFO  server.RaftServerConfigKeys (ConfUtils.java:logGet(44)) - raft.server.snapshot.auto.trigger.threshold = 400000 (default)
2022-02-20 11:33:09,221 [pool-193-thread-1] INFO  server.RaftServerConfigKeys (ConfUtils.java:logGet(44)) - raft.server.snapshot.retention.file.num = -1 (default)
2022-02-20 11:33:09,221 [pool-193-thread-1] INFO  server.RaftServerConfigKeys (ConfUtils.java:logGet(44)) - raft.server.log.purge.upto.snapshot.index = true (custom)
2022-02-20 11:33:09,221 [pool-193-thread-1] INFO  server.RaftServerConfigKeys (ConfUtils.java:logGet(44)) - raft.server.retrycache.expirytime = 300s (custom)
2022-02-20 11:33:09,221 [pool-193-thread-1] INFO  server.RaftServerConfigKeys (ConfUtils.java:logGet(44)) - raft.server.retrycache.statistics.expirytime = 100μs (default)
2022-02-20 11:33:09,241 [Listener at 127.0.0.1/34313] INFO  impl.MetricsSystemImpl (MetricsSystemImpl.java:init(158)) - OzoneManager metrics system started (again)
2022-02-20 11:33:09,270 [Listener at 127.0.0.1/34313] INFO  om.OzoneManager (OzoneManager.java:start(1365)) - OzoneManager RPC server is listening at localhost/127.0.0.1:34313
2022-02-20 11:33:09,270 [Listener at 127.0.0.1/34313] INFO  ratis.OzoneManagerRatisServer (OzoneManagerRatisServer.java:start(554)) - Starting OzoneManagerRatisServer om1 at port 9872
2022-02-20 11:33:09,271 [Listener at 127.0.0.1/34313] INFO  server.RaftServer$Division (RaftServerImpl.java:start(301)) - om1@group-C5BA1605619E: start as a follower, conf=-1: [om1|rpc:localhost:9872|priority:0], old=null
2022-02-20 11:33:09,271 [Listener at 127.0.0.1/34313] INFO  server.RaftServer$Division (RaftServerImpl.java:setRole(290)) - om1@group-C5BA1605619E: changes role from      null to FOLLOWER at term 0 for startAsFollower
2022-02-20 11:33:09,271 [Listener at 127.0.0.1/34313] INFO  impl.RoleInfo (RoleInfo.java:updateAndGet(130)) - om1: start om1@group-C5BA1605619E-FollowerState
2022-02-20 11:33:09,286 [Listener at 127.0.0.1/34313] INFO  util.JmxRegister (JmxRegister.java:tryRegister(44)) - Successfully registered JMX Bean with object name Ratis:service=RaftServer,group=group-C5BA1605619E,id=om1
2022-02-20 11:33:09,290 [Listener at 127.0.0.1/34313] INFO  server.RaftServer (RaftServerProxy.java:lambda$start$5(374)) - om1: start RPC server
2022-02-20 11:33:09,290 [Listener at 127.0.0.1/34313] INFO  server.GrpcService (GrpcService.java:startImpl(253)) - om1: GrpcService started, listening on 9872
2022-02-20 11:33:09,298 [Listener at 127.0.0.1/34313] INFO  om.OzoneManager (OzoneManager.java:start(1381)) - Version File has different layout version (0) than OM DB (null). That is expected if this OM has never been finalized to a newer layout version.
2022-02-20 11:33:09,298 [org.apache.ratis.util.JvmPauseMonitor$$Lambda$421/295700833@49b257f9] INFO  util.JvmPauseMonitor (JvmPauseMonitor.java:run(103)) - JvmPauseMonitor-om1: Started
2022-02-20 11:33:09,321 [Listener at 127.0.0.1/34313] INFO  http.BaseHttpServer (BaseHttpServer.java:newHttpServer2BuilderForOzone(209)) - Starting Web-server for ozoneManager at: http://0.0.0.0:0
2022-02-20 11:33:09,321 [Listener at 127.0.0.1/34313] INFO  http.BaseHttpServer (BaseHttpServer.java:<init>(107)) - Hadoop Security Enabled: false Ozone Security Enabled: false Ozone HTTP Security Enabled: false 
2022-02-20 11:33:09,323 [Listener at 127.0.0.1/34313] INFO  server.AuthenticationFilter (AuthenticationFilter.java:constructSecretProvider(240)) - Unable to initialize FileSignerSecretProvider, falling back to use random secrets.
2022-02-20 11:33:09,330 [Listener at 127.0.0.1/34313] WARN  http.HttpRequestLog (HttpRequestLog.java:getRequestLog(103)) - Jetty request log can only be enabled using Log4j
2022-02-20 11:33:09,331 [Listener at 127.0.0.1/34313] INFO  http.HttpServer2 (HttpServer2.java:addGlobalFilter(1030)) - Added global filter 'safety' (class=org.apache.hadoop.hdds.server.http.HttpServer2$QuotingInputFilter)
2022-02-20 11:33:09,332 [Listener at 127.0.0.1/34313] INFO  http.HttpServer2 (HttpServer2.java:addFilter(1006)) - Added filter static_user_filter (class=org.apache.hadoop.http.lib.StaticUserWebFilter$StaticUserFilter) to context ozoneManager
2022-02-20 11:33:09,332 [Listener at 127.0.0.1/34313] INFO  http.HttpServer2 (HttpServer2.java:addFilter(1014)) - Added filter static_user_filter (class=org.apache.hadoop.http.lib.StaticUserWebFilter$StaticUserFilter) to context logs
2022-02-20 11:33:09,332 [Listener at 127.0.0.1/34313] INFO  http.HttpServer2 (HttpServer2.java:addFilter(1014)) - Added filter static_user_filter (class=org.apache.hadoop.http.lib.StaticUserWebFilter$StaticUserFilter) to context static
2022-02-20 11:33:09,332 [Listener at 127.0.0.1/34313] INFO  http.HttpServer2 (HttpServer2.java:bindListener(1249)) - Jetty bound to port 45777
2022-02-20 11:33:09,332 [Listener at 127.0.0.1/34313] INFO  server.Server (Server.java:doStart(375)) - jetty-9.4.43.v20210629; built: 2021-06-30T11:07:22.254Z; git: 526006ecfa3af7f1a27ef3a288e2bef7ea9dd7e8; jvm 1.8.0_322-b06
2022-02-20 11:33:09,381 [Listener at 127.0.0.1/34313] INFO  server.session (DefaultSessionIdManager.java:doStart(334)) - DefaultSessionIdManager workerName=node0
2022-02-20 11:33:09,381 [Listener at 127.0.0.1/34313] INFO  server.session (DefaultSessionIdManager.java:doStart(339)) - No SessionScavenger set, using defaults
2022-02-20 11:33:09,381 [Listener at 127.0.0.1/34313] INFO  server.session (HouseKeeper.java:startScavenging(132)) - node0 Scavenging every 600000ms
2022-02-20 11:33:09,385 [Listener at 127.0.0.1/34313] INFO  handler.ContextHandler (ContextHandler.java:doStart(915)) - Started o.e.j.s.ServletContextHandler@55986028{logs,/logs,file:///home/runner/work/ozone/ozone/hadoop-ozone/integration-test/target/log,AVAILABLE}
2022-02-20 11:33:09,385 [Listener at 127.0.0.1/34313] INFO  handler.ContextHandler (ContextHandler.java:doStart(915)) - Started o.e.j.s.ServletContextHandler@7d7761d6{static,/static,file:///home/runner/work/ozone/ozone/hadoop-ozone/integration-test/target/test-classes/webapps/static,AVAILABLE}
2022-02-20 11:33:09,389 [Listener at 127.0.0.1/34313] INFO  handler.ContextHandler (ContextHandler.java:doStart(915)) - Started o.e.j.w.WebAppContext@57caa7{ozoneManager,/,file:///home/runner/work/ozone/ozone/hadoop-ozone/integration-test/target/test-classes/webapps/ozoneManager/,AVAILABLE}{file:/home/runner/work/ozone/ozone/hadoop-ozone/integration-test/target/test-classes/webapps/ozoneManager}
2022-02-20 11:33:09,398 [Listener at 127.0.0.1/34313] INFO  server.AbstractConnector (AbstractConnector.java:doStart(331)) - Started ServerConnector@2781feae{HTTP/1.1, (http/1.1)}{0.0.0.0:45777}
2022-02-20 11:33:09,398 [Listener at 127.0.0.1/34313] INFO  server.Server (Server.java:doStart(415)) - Started @79586ms
2022-02-20 11:33:09,398 [Listener at 127.0.0.1/34313] WARN  impl.MetricsSystemImpl (MetricsSystemImpl.java:register(279)) - Sink prometheus already exists!
2022-02-20 11:33:09,399 [Listener at 127.0.0.1/34313] INFO  http.BaseHttpServer (BaseHttpServer.java:updateConnectorAddress(329)) - HTTP server of ozoneManager listening at http://0.0.0.0:45777
2022-02-20 11:33:09,405 [IPC Server Responder] INFO  ipc.Server (Server.java:run(1507)) - IPC Server Responder: starting
2022-02-20 11:33:09,422 [IPC Server listener on 0] INFO  ipc.Server (Server.java:run(1344)) - IPC Server listener on 0: starting
2022-02-20 11:33:09,439 [Listener at 127.0.0.1/34313] INFO  om.TrashPolicyOzone (TrashPolicyOzone.java:<init>(178)) - Ozone Manager trash configuration: Deletion interval = 0 minutes, Emptier interval = 0 minutes.
2022-02-20 11:33:09,457 [Listener at 127.0.0.1/34313] WARN  impl.MetricRegistriesImpl (MetricRegistriesImpl.java:addReporterRegistration(111)) - New reporters are added after registries were created. Some metrics will be missing from the reporter. Please add reporter before adding any new registry.
2022-02-20 11:33:09,469 [Listener at 127.0.0.1/34313] WARN  impl.MetricRegistriesImpl (MetricRegistriesImpl.java:addReporterRegistration(111)) - New reporters are added after registries were created. Some metrics will be missing from the reporter. Please add reporter before adding any new registry.
2022-02-20 11:33:09,470 [Listener at 127.0.0.1/34313] INFO  impl.MetricsSystemImpl (MetricsSystemImpl.java:init(158)) - HddsDatanode metrics system started (again)
2022-02-20 11:33:09,466 [org.apache.hadoop.util.JvmPauseMonitor$Monitor@5080dc92] INFO  util.JvmPauseMonitor (JvmPauseMonitor.java:run(188)) - Starting JVM pause monitor
2022-02-20 11:33:09,497 [Listener at 127.0.0.1/34313] INFO  ozone.HddsDatanodeService (HddsDatanodeService.java:start(233)) - HddsDatanodeService host:fv-az59-849.csjynl4pkq3e1pkirw3ssqjfoh.cx.internal.cloudapp.net ip:10.1.0.4
2022-02-20 11:33:09,539 [Listener at 127.0.0.1/34313] INFO  upgrade.AbstractLayoutVersionManager (AbstractLayoutVersionManager.java:init(79)) - Initializing Layout version manager with metadata layout = SCM_HA (version = 2), software layout = SCM_HA (version = 2)
2022-02-20 11:33:09,601 [Listener at 127.0.0.1/34313] INFO  reflections.Reflections (Reflections.java:scan(232)) - Reflections took 61 ms to scan 7 urls, producing 121 keys and 284 values 
2022-02-20 11:33:09,603 [Listener at 127.0.0.1/34313] INFO  statemachine.DatanodeStateMachine (DatanodeStateMachine.java:getEndPointTaskThreadPoolSize(222)) - Datanode State Machine Task Thread Pool size 2
2022-02-20 11:33:09,614 [Listener at 127.0.0.1/34313] INFO  volume.HddsVolume (HddsVolume.java:<init>(120)) - Creating HddsVolume: /home/runner/work/ozone/ozone/hadoop-ozone/integration-test/target/test-dir/MiniOzoneClusterImpl-35320b25-8391-4d91-bc43-1aeffe704654/datanode-0/data-0/containers/hdds of storage type : DISK capacity : 9223372036854775807
2022-02-20 11:33:09,614 [Listener at 127.0.0.1/34313] INFO  volume.MutableVolumeSet (MutableVolumeSet.java:initializeVolumeSet(168)) - Added Volume : /home/runner/work/ozone/ozone/hadoop-ozone/integration-test/target/test-dir/MiniOzoneClusterImpl-35320b25-8391-4d91-bc43-1aeffe704654/datanode-0/data-0/containers/hdds to VolumeSet
2022-02-20 11:33:09,614 [Listener at 127.0.0.1/34313] INFO  volume.ThrottledAsyncChecker (ThrottledAsyncChecker.java:schedule(141)) - Scheduling a check for /home/runner/work/ozone/ozone/hadoop-ozone/integration-test/target/test-dir/MiniOzoneClusterImpl-35320b25-8391-4d91-bc43-1aeffe704654/datanode-0/data-0/containers/hdds
2022-02-20 11:33:09,622 [Listener at 127.0.0.1/34313] INFO  volume.StorageVolumeChecker (StorageVolumeChecker.java:checkAllVolumes(202)) - Scheduled health check for volume /home/runner/work/ozone/ozone/hadoop-ozone/integration-test/target/test-dir/MiniOzoneClusterImpl-35320b25-8391-4d91-bc43-1aeffe704654/datanode-0/data-0/containers/hdds
2022-02-20 11:33:09,633 [Listener at 127.0.0.1/34313] INFO  volume.MutableVolumeSet (MutableVolumeSet.java:initializeVolumeSet(168)) - Added Volume : /home/runner/work/ozone/ozone/hadoop-ozone/integration-test/target/test-dir/MiniOzoneClusterImpl-35320b25-8391-4d91-bc43-1aeffe704654/datanode-0/data/ratis to VolumeSet
2022-02-20 11:33:09,633 [Listener at 127.0.0.1/34313] INFO  volume.ThrottledAsyncChecker (ThrottledAsyncChecker.java:schedule(141)) - Scheduling a check for /home/runner/work/ozone/ozone/hadoop-ozone/integration-test/target/test-dir/MiniOzoneClusterImpl-35320b25-8391-4d91-bc43-1aeffe704654/datanode-0/data/ratis
2022-02-20 11:33:09,636 [Listener at 127.0.0.1/34313] INFO  volume.StorageVolumeChecker (StorageVolumeChecker.java:checkAllVolumes(202)) - Scheduled health check for volume /home/runner/work/ozone/ozone/hadoop-ozone/integration-test/target/test-dir/MiniOzoneClusterImpl-35320b25-8391-4d91-bc43-1aeffe704654/datanode-0/data/ratis
2022-02-20 11:33:09,674 [Thread-533] INFO  ozoneimpl.ContainerReader (ContainerReader.java:readVolume(172)) - Finish verifying containers on volume /home/runner/work/ozone/ozone/hadoop-ozone/integration-test/target/test-dir/MiniOzoneClusterImpl-35320b25-8391-4d91-bc43-1aeffe704654/datanode-0/data-0/containers/hdds
2022-02-20 11:33:09,674 [Listener at 127.0.0.1/34313] INFO  ozoneimpl.OzoneContainer (OzoneContainer.java:buildContainerSet(252)) - Build ContainerSet costs 0s
2022-02-20 11:33:09,676 [Listener at 127.0.0.1/34313] INFO  server.RaftServer (ConfUtils.java:logGet(44)) - raft.rpc.type = GRPC (default)
2022-02-20 11:33:09,677 [Listener at 127.0.0.1/34313] INFO  grpc.GrpcFactory (GrpcFactory.java:checkPooledByteBufAllocatorUseCacheForAllThreads(48)) - PERFORMANCE WARNING: useCacheForAllThreads is true that may cause Netty to create a lot garbage objects and, as a result, trigger GC.
	It is recommended to disable useCacheForAllThreads by setting -Dorg.apache.ratis.thirdparty.io.netty.allocator.useCacheForAllThreads=false in command line.
2022-02-20 11:33:09,677 [Listener at 127.0.0.1/34313] INFO  grpc.GrpcConfigKeys (ConfUtils.java:logGet(44)) - raft.grpc.admin.port = 0 (custom)
2022-02-20 11:33:09,677 [Listener at 127.0.0.1/34313] INFO  grpc.GrpcConfigKeys (ConfUtils.java:logGet(44)) - raft.grpc.client.port = 0 (custom)
2022-02-20 11:33:09,677 [Listener at 127.0.0.1/34313] INFO  grpc.GrpcConfigKeys (ConfUtils.java:logGet(44)) - raft.grpc.server.port = 0 (default)
2022-02-20 11:33:09,677 [Listener at 127.0.0.1/34313] INFO  server.GrpcService (ConfUtils.java:logGet(44)) - raft.grpc.message.size.max = 32MB (=33554432) (custom)
2022-02-20 11:33:09,677 [Listener at 127.0.0.1/34313] INFO  server.RaftServerConfigKeys (ConfUtils.java:logGet(44)) - raft.server.log.appender.buffer.byte-limit = 33554432 (custom)
2022-02-20 11:33:09,677 [Listener at 127.0.0.1/34313] INFO  server.GrpcService (ConfUtils.java:logGet(44)) - raft.grpc.flow.control.window = 5MB (=5242880) (custom)
2022-02-20 11:33:09,677 [Listener at 127.0.0.1/34313] INFO  server.RaftServerConfigKeys (ConfUtils.java:logGet(44)) - raft.server.rpc.request.timeout = 60s (custom)
2022-02-20 11:33:09,678 [Listener at 127.0.0.1/34313] INFO  impl.DataStreamServerImpl (ConfUtils.java:logGet(44)) - raft.datastream.type = DISABLED (default)
2022-02-20 11:33:09,678 [Listener at 127.0.0.1/34313] INFO  server.RaftServerConfigKeys (ConfUtils.java:logGet(44)) - raft.server.rpc.slowness.timeout = 300s (custom)
2022-02-20 11:33:09,679 [Listener at 127.0.0.1/34313] INFO  server.RaftServerConfigKeys (ConfUtils.java:logGet(44)) - raft.server.leaderelection.leader.step-down.wait-time = 10s (default)
2022-02-20 11:33:09,679 [Listener at 127.0.0.1/34313] INFO  server.RaftServerConfigKeys (ConfUtils.java:logGet(44)) - raft.server.storage.dir = [/home/runner/work/ozone/ozone/hadoop-ozone/integration-test/target/test-dir/MiniOzoneClusterImpl-35320b25-8391-4d91-bc43-1aeffe704654/datanode-0/data/ratis] (custom)
2022-02-20 11:33:09,680 [Listener at 127.0.0.1/34313] INFO  server.XceiverServerGrpc (XceiverServerGrpc.java:<init>(132)) - GrpcServer channel type EpollServerSocketChannel
2022-02-20 11:33:09,694 [Listener at 127.0.0.1/34313] INFO  http.BaseHttpServer (BaseHttpServer.java:newHttpServer2BuilderForOzone(209)) - Starting Web-server for hddsDatanode at: http://0.0.0.0:0
2022-02-20 11:33:09,694 [Listener at 127.0.0.1/34313] INFO  http.BaseHttpServer (BaseHttpServer.java:<init>(107)) - Hadoop Security Enabled: false Ozone Security Enabled: false Ozone HTTP Security Enabled: false 
2022-02-20 11:33:09,696 [Listener at 127.0.0.1/34313] INFO  server.AuthenticationFilter (AuthenticationFilter.java:constructSecretProvider(240)) - Unable to initialize FileSignerSecretProvider, falling back to use random secrets.
2022-02-20 11:33:09,697 [Listener at 127.0.0.1/34313] WARN  http.HttpRequestLog (HttpRequestLog.java:getRequestLog(103)) - Jetty request log can only be enabled using Log4j
2022-02-20 11:33:09,698 [Listener at 127.0.0.1/34313] INFO  http.HttpServer2 (HttpServer2.java:addGlobalFilter(1030)) - Added global filter 'safety' (class=org.apache.hadoop.hdds.server.http.HttpServer2$QuotingInputFilter)
2022-02-20 11:33:09,699 [Listener at 127.0.0.1/34313] INFO  http.HttpServer2 (HttpServer2.java:addFilter(1006)) - Added filter static_user_filter (class=org.apache.hadoop.http.lib.StaticUserWebFilter$StaticUserFilter) to context hddsDatanode
2022-02-20 11:33:09,699 [Listener at 127.0.0.1/34313] INFO  http.HttpServer2 (HttpServer2.java:addFilter(1014)) - Added filter static_user_filter (class=org.apache.hadoop.http.lib.StaticUserWebFilter$StaticUserFilter) to context logs
2022-02-20 11:33:09,699 [Listener at 127.0.0.1/34313] INFO  http.HttpServer2 (HttpServer2.java:addFilter(1014)) - Added filter static_user_filter (class=org.apache.hadoop.http.lib.StaticUserWebFilter$StaticUserFilter) to context static
2022-02-20 11:33:09,700 [Listener at 127.0.0.1/34313] INFO  http.HttpServer2 (HttpServer2.java:bindListener(1249)) - Jetty bound to port 34299
2022-02-20 11:33:09,700 [Listener at 127.0.0.1/34313] INFO  server.Server (Server.java:doStart(375)) - jetty-9.4.43.v20210629; built: 2021-06-30T11:07:22.254Z; git: 526006ecfa3af7f1a27ef3a288e2bef7ea9dd7e8; jvm 1.8.0_322-b06
2022-02-20 11:33:09,702 [Listener at 127.0.0.1/34313] INFO  server.session (DefaultSessionIdManager.java:doStart(334)) - DefaultSessionIdManager workerName=node0
2022-02-20 11:33:09,702 [Listener at 127.0.0.1/34313] INFO  server.session (DefaultSessionIdManager.java:doStart(339)) - No SessionScavenger set, using defaults
2022-02-20 11:33:09,702 [Listener at 127.0.0.1/34313] INFO  server.session (HouseKeeper.java:startScavenging(132)) - node0 Scavenging every 660000ms
2022-02-20 11:33:09,703 [Listener at 127.0.0.1/34313] INFO  handler.ContextHandler (ContextHandler.java:doStart(915)) - Started o.e.j.s.ServletContextHandler@41756187{logs,/logs,file:///home/runner/work/ozone/ozone/hadoop-ozone/integration-test/target/log,AVAILABLE}
2022-02-20 11:33:09,703 [Listener at 127.0.0.1/34313] INFO  handler.ContextHandler (ContextHandler.java:doStart(915)) - Started o.e.j.s.ServletContextHandler@65377a33{static,/static,jar:file:/home/runner/.m2/repository/org/apache/ozone/hdds-container-service/1.3.0-SNAPSHOT/hdds-container-service-1.3.0-SNAPSHOT.jar!/webapps/static,AVAILABLE}
2022-02-20 11:33:09,842 [Listener at 127.0.0.1/34313] INFO  handler.ContextHandler (ContextHandler.java:doStart(915)) - Started o.e.j.w.WebAppContext@5ff6431a{hddsDatanode,/,file:///tmp/jetty-0_0_0_0-34299-hdds-container-service-1_3_0-SNAPSHOT_jar-_-any-7072170409464409161/webapp/,AVAILABLE}{jar:file:/home/runner/.m2/repository/org/apache/ozone/hdds-container-service/1.3.0-SNAPSHOT/hdds-container-service-1.3.0-SNAPSHOT.jar!/webapps/hddsDatanode}
2022-02-20 11:33:09,850 [Listener at 127.0.0.1/34313] INFO  server.AbstractConnector (AbstractConnector.java:doStart(331)) - Started ServerConnector@5c806f1d{HTTP/1.1, (http/1.1)}{0.0.0.0:34299}
2022-02-20 11:33:09,850 [Listener at 127.0.0.1/34313] INFO  server.Server (Server.java:doStart(415)) - Started @80038ms
2022-02-20 11:33:09,850 [Listener at 127.0.0.1/34313] WARN  impl.MetricsSystemImpl (MetricsSystemImpl.java:register(279)) - Sink prometheus already exists!
2022-02-20 11:33:09,851 [Listener at 127.0.0.1/34313] INFO  http.BaseHttpServer (BaseHttpServer.java:updateConnectorAddress(329)) - HTTP server of hddsDatanode listening at http://0.0.0.0:34299
2022-02-20 11:33:09,858 [Datanode State Machine Daemon Thread] INFO  statemachine.DatanodeStateMachine (DatanodeStateMachine.java:lambda$startDaemon$0(470)) - Ozone container server started.
2022-02-20 11:33:09,858 [Listener at 127.0.0.1/34313] WARN  impl.MetricRegistriesImpl (MetricRegistriesImpl.java:addReporterRegistration(111)) - New reporters are added after registries were created. Some metrics will be missing from the reporter. Please add reporter before adding any new registry.
2022-02-20 11:33:09,858 [Listener at 127.0.0.1/34313] WARN  impl.MetricRegistriesImpl (MetricRegistriesImpl.java:addReporterRegistration(111)) - New reporters are added after registries were created. Some metrics will be missing from the reporter. Please add reporter before adding any new registry.
2022-02-20 11:33:09,858 [Listener at 127.0.0.1/34313] INFO  impl.MetricsSystemImpl (MetricsSystemImpl.java:init(158)) - HddsDatanode metrics system started (again)
2022-02-20 11:33:09,902 [org.apache.hadoop.util.JvmPauseMonitor$Monitor@48084847] INFO  util.JvmPauseMonitor (JvmPauseMonitor.java:run(188)) - Starting JVM pause monitor
2022-02-20 11:33:09,927 [Datanode State Machine Task Thread - 0] INFO  datanode.InitDatanodeState (InitDatanodeState.java:persistContainerDatanodeDetails(138)) - DatanodeDetails is persisted to /home/runner/work/ozone/ozone/hadoop-ozone/integration-test/target/test-dir/MiniOzoneClusterImpl-35320b25-8391-4d91-bc43-1aeffe704654/datanode-0/meta/datanode.id
2022-02-20 11:33:09,937 [Listener at 127.0.0.1/34313] INFO  ozone.HddsDatanodeService (HddsDatanodeService.java:start(233)) - HddsDatanodeService host:fv-az59-849.csjynl4pkq3e1pkirw3ssqjfoh.cx.internal.cloudapp.net ip:10.1.0.4
2022-02-20 11:33:09,973 [Listener at 127.0.0.1/34313] INFO  upgrade.AbstractLayoutVersionManager (AbstractLayoutVersionManager.java:init(79)) - Initializing Layout version manager with metadata layout = SCM_HA (version = 2), software layout = SCM_HA (version = 2)
2022-02-20 11:33:10,058 [Listener at 127.0.0.1/34313] INFO  reflections.Reflections (Reflections.java:scan(232)) - Reflections took 74 ms to scan 7 urls, producing 121 keys and 284 values 
2022-02-20 11:33:10,060 [Listener at 127.0.0.1/34313] INFO  statemachine.DatanodeStateMachine (DatanodeStateMachine.java:getEndPointTaskThreadPoolSize(222)) - Datanode State Machine Task Thread Pool size 2
2022-02-20 11:33:10,063 [Listener at 127.0.0.1/34313] INFO  volume.HddsVolume (HddsVolume.java:<init>(120)) - Creating HddsVolume: /home/runner/work/ozone/ozone/hadoop-ozone/integration-test/target/test-dir/MiniOzoneClusterImpl-35320b25-8391-4d91-bc43-1aeffe704654/datanode-1/data-0/containers/hdds of storage type : DISK capacity : 9223372036854775807
2022-02-20 11:33:10,064 [Listener at 127.0.0.1/34313] INFO  volume.MutableVolumeSet (MutableVolumeSet.java:initializeVolumeSet(168)) - Added Volume : /home/runner/work/ozone/ozone/hadoop-ozone/integration-test/target/test-dir/MiniOzoneClusterImpl-35320b25-8391-4d91-bc43-1aeffe704654/datanode-1/data-0/containers/hdds to VolumeSet
2022-02-20 11:33:10,064 [Listener at 127.0.0.1/34313] INFO  volume.ThrottledAsyncChecker (ThrottledAsyncChecker.java:schedule(141)) - Scheduling a check for /home/runner/work/ozone/ozone/hadoop-ozone/integration-test/target/test-dir/MiniOzoneClusterImpl-35320b25-8391-4d91-bc43-1aeffe704654/datanode-1/data-0/containers/hdds
2022-02-20 11:33:10,069 [Listener at 127.0.0.1/34313] INFO  volume.StorageVolumeChecker (StorageVolumeChecker.java:checkAllVolumes(202)) - Scheduled health check for volume /home/runner/work/ozone/ozone/hadoop-ozone/integration-test/target/test-dir/MiniOzoneClusterImpl-35320b25-8391-4d91-bc43-1aeffe704654/datanode-1/data-0/containers/hdds
2022-02-20 11:33:10,081 [Listener at 127.0.0.1/34313] INFO  volume.MutableVolumeSet (MutableVolumeSet.java:initializeVolumeSet(168)) - Added Volume : /home/runner/work/ozone/ozone/hadoop-ozone/integration-test/target/test-dir/MiniOzoneClusterImpl-35320b25-8391-4d91-bc43-1aeffe704654/datanode-1/data/ratis to VolumeSet
2022-02-20 11:33:10,085 [Listener at 127.0.0.1/34313] INFO  volume.ThrottledAsyncChecker (ThrottledAsyncChecker.java:schedule(141)) - Scheduling a check for /home/runner/work/ozone/ozone/hadoop-ozone/integration-test/target/test-dir/MiniOzoneClusterImpl-35320b25-8391-4d91-bc43-1aeffe704654/datanode-1/data/ratis
2022-02-20 11:33:10,085 [Listener at 127.0.0.1/34313] INFO  volume.StorageVolumeChecker (StorageVolumeChecker.java:checkAllVolumes(202)) - Scheduled health check for volume /home/runner/work/ozone/ozone/hadoop-ozone/integration-test/target/test-dir/MiniOzoneClusterImpl-35320b25-8391-4d91-bc43-1aeffe704654/datanode-1/data/ratis
2022-02-20 11:33:10,097 [Thread-545] INFO  ozoneimpl.ContainerReader (ContainerReader.java:readVolume(172)) - Finish verifying containers on volume /home/runner/work/ozone/ozone/hadoop-ozone/integration-test/target/test-dir/MiniOzoneClusterImpl-35320b25-8391-4d91-bc43-1aeffe704654/datanode-1/data-0/containers/hdds
2022-02-20 11:33:10,097 [Listener at 127.0.0.1/34313] INFO  ozoneimpl.OzoneContainer (OzoneContainer.java:buildContainerSet(252)) - Build ContainerSet costs 0s
2022-02-20 11:33:10,100 [Listener at 127.0.0.1/34313] INFO  server.RaftServer (ConfUtils.java:logGet(44)) - raft.rpc.type = GRPC (default)
2022-02-20 11:33:10,102 [Listener at 127.0.0.1/34313] INFO  grpc.GrpcFactory (GrpcFactory.java:checkPooledByteBufAllocatorUseCacheForAllThreads(48)) - PERFORMANCE WARNING: useCacheForAllThreads is true that may cause Netty to create a lot garbage objects and, as a result, trigger GC.
	It is recommended to disable useCacheForAllThreads by setting -Dorg.apache.ratis.thirdparty.io.netty.allocator.useCacheForAllThreads=false in command line.
2022-02-20 11:33:10,103 [Listener at 127.0.0.1/34313] INFO  grpc.GrpcConfigKeys (ConfUtils.java:logGet(44)) - raft.grpc.admin.port = 0 (custom)
2022-02-20 11:33:10,103 [Listener at 127.0.0.1/34313] INFO  grpc.GrpcConfigKeys (ConfUtils.java:logGet(44)) - raft.grpc.client.port = 0 (custom)
2022-02-20 11:33:10,103 [Listener at 127.0.0.1/34313] INFO  grpc.GrpcConfigKeys (ConfUtils.java:logGet(44)) - raft.grpc.server.port = 0 (default)
2022-02-20 11:33:10,103 [Listener at 127.0.0.1/34313] INFO  server.GrpcService (ConfUtils.java:logGet(44)) - raft.grpc.message.size.max = 32MB (=33554432) (custom)
2022-02-20 11:33:10,103 [Listener at 127.0.0.1/34313] INFO  server.RaftServerConfigKeys (ConfUtils.java:logGet(44)) - raft.server.log.appender.buffer.byte-limit = 33554432 (custom)
2022-02-20 11:33:10,103 [Listener at 127.0.0.1/34313] INFO  server.GrpcService (ConfUtils.java:logGet(44)) - raft.grpc.flow.control.window = 5MB (=5242880) (custom)
2022-02-20 11:33:10,103 [Listener at 127.0.0.1/34313] INFO  server.RaftServerConfigKeys (ConfUtils.java:logGet(44)) - raft.server.rpc.request.timeout = 60s (custom)
2022-02-20 11:33:10,105 [Listener at 127.0.0.1/34313] INFO  impl.DataStreamServerImpl (ConfUtils.java:logGet(44)) - raft.datastream.type = DISABLED (default)
2022-02-20 11:33:10,105 [Listener at 127.0.0.1/34313] INFO  server.RaftServerConfigKeys (ConfUtils.java:logGet(44)) - raft.server.rpc.slowness.timeout = 300s (custom)
2022-02-20 11:33:10,105 [Listener at 127.0.0.1/34313] INFO  server.RaftServerConfigKeys (ConfUtils.java:logGet(44)) - raft.server.leaderelection.leader.step-down.wait-time = 10s (default)
2022-02-20 11:33:10,106 [Listener at 127.0.0.1/34313] INFO  server.RaftServerConfigKeys (ConfUtils.java:logGet(44)) - raft.server.storage.dir = [/home/runner/work/ozone/ozone/hadoop-ozone/integration-test/target/test-dir/MiniOzoneClusterImpl-35320b25-8391-4d91-bc43-1aeffe704654/datanode-1/data/ratis] (custom)
2022-02-20 11:33:10,107 [Listener at 127.0.0.1/34313] INFO  server.XceiverServerGrpc (XceiverServerGrpc.java:<init>(132)) - GrpcServer channel type EpollServerSocketChannel
2022-02-20 11:33:10,112 [Listener at 127.0.0.1/34313] INFO  http.BaseHttpServer (BaseHttpServer.java:newHttpServer2BuilderForOzone(209)) - Starting Web-server for hddsDatanode at: http://0.0.0.0:0
2022-02-20 11:33:10,112 [Listener at 127.0.0.1/34313] INFO  http.BaseHttpServer (BaseHttpServer.java:<init>(107)) - Hadoop Security Enabled: false Ozone Security Enabled: false Ozone HTTP Security Enabled: false 
2022-02-20 11:33:10,113 [Listener at 127.0.0.1/34313] INFO  server.AuthenticationFilter (AuthenticationFilter.java:constructSecretProvider(240)) - Unable to initialize FileSignerSecretProvider, falling back to use random secrets.
2022-02-20 11:33:10,114 [Listener at 127.0.0.1/34313] WARN  http.HttpRequestLog (HttpRequestLog.java:getRequestLog(103)) - Jetty request log can only be enabled using Log4j
2022-02-20 11:33:10,114 [Listener at 127.0.0.1/34313] INFO  http.HttpServer2 (HttpServer2.java:addGlobalFilter(1030)) - Added global filter 'safety' (class=org.apache.hadoop.hdds.server.http.HttpServer2$QuotingInputFilter)
2022-02-20 11:33:10,115 [Listener at 127.0.0.1/34313] INFO  http.HttpServer2 (HttpServer2.java:addFilter(1006)) - Added filter static_user_filter (class=org.apache.hadoop.http.lib.StaticUserWebFilter$StaticUserFilter) to context hddsDatanode
2022-02-20 11:33:10,115 [Listener at 127.0.0.1/34313] INFO  http.HttpServer2 (HttpServer2.java:addFilter(1014)) - Added filter static_user_filter (class=org.apache.hadoop.http.lib.StaticUserWebFilter$StaticUserFilter) to context static
2022-02-20 11:33:10,115 [Listener at 127.0.0.1/34313] INFO  http.HttpServer2 (HttpServer2.java:addFilter(1014)) - Added filter static_user_filter (class=org.apache.hadoop.http.lib.StaticUserWebFilter$StaticUserFilter) to context logs
2022-02-20 11:33:10,116 [Listener at 127.0.0.1/34313] INFO  http.HttpServer2 (HttpServer2.java:bindListener(1249)) - Jetty bound to port 46149
2022-02-20 11:33:10,116 [Listener at 127.0.0.1/34313] INFO  server.Server (Server.java:doStart(375)) - jetty-9.4.43.v20210629; built: 2021-06-30T11:07:22.254Z; git: 526006ecfa3af7f1a27ef3a288e2bef7ea9dd7e8; jvm 1.8.0_322-b06
2022-02-20 11:33:10,131 [Listener at 127.0.0.1/34313] INFO  server.session (DefaultSessionIdManager.java:doStart(334)) - DefaultSessionIdManager workerName=node0
2022-02-20 11:33:10,131 [Listener at 127.0.0.1/34313] INFO  server.session (DefaultSessionIdManager.java:doStart(339)) - No SessionScavenger set, using defaults
2022-02-20 11:33:10,131 [Listener at 127.0.0.1/34313] INFO  server.session (HouseKeeper.java:startScavenging(132)) - node0 Scavenging every 600000ms
2022-02-20 11:33:10,136 [Listener at 127.0.0.1/34313] INFO  handler.ContextHandler (ContextHandler.java:doStart(915)) - Started o.e.j.s.ServletContextHandler@4b6cb496{logs,/logs,file:///home/runner/work/ozone/ozone/hadoop-ozone/integration-test/target/log,AVAILABLE}
2022-02-20 11:33:10,137 [Listener at 127.0.0.1/34313] INFO  handler.ContextHandler (ContextHandler.java:doStart(915)) - Started o.e.j.s.ServletContextHandler@7d3a52aa{static,/static,jar:file:/home/runner/.m2/repository/org/apache/ozone/hdds-container-service/1.3.0-SNAPSHOT/hdds-container-service-1.3.0-SNAPSHOT.jar!/webapps/static,AVAILABLE}
2022-02-20 11:33:10,182 [Listener at 127.0.0.1/34313] INFO  handler.ContextHandler (ContextHandler.java:doStart(915)) - Started o.e.j.w.WebAppContext@6a49bf51{hddsDatanode,/,file:///tmp/jetty-0_0_0_0-46149-hdds-container-service-1_3_0-SNAPSHOT_jar-_-any-2597255941231366450/webapp/,AVAILABLE}{jar:file:/home/runner/.m2/repository/org/apache/ozone/hdds-container-service/1.3.0-SNAPSHOT/hdds-container-service-1.3.0-SNAPSHOT.jar!/webapps/hddsDatanode}
2022-02-20 11:33:10,185 [Listener at 127.0.0.1/34313] INFO  server.AbstractConnector (AbstractConnector.java:doStart(331)) - Started ServerConnector@e661ee5{HTTP/1.1, (http/1.1)}{0.0.0.0:46149}
2022-02-20 11:33:10,185 [Listener at 127.0.0.1/34313] INFO  server.Server (Server.java:doStart(415)) - Started @80374ms
2022-02-20 11:33:10,185 [Listener at 127.0.0.1/34313] WARN  impl.MetricsSystemImpl (MetricsSystemImpl.java:register(279)) - Sink prometheus already exists!
2022-02-20 11:33:10,194 [Listener at 127.0.0.1/34313] INFO  http.BaseHttpServer (BaseHttpServer.java:updateConnectorAddress(329)) - HTTP server of hddsDatanode listening at http://0.0.0.0:46149
2022-02-20 11:33:10,202 [Datanode State Machine Daemon Thread] INFO  statemachine.DatanodeStateMachine (DatanodeStateMachine.java:lambda$startDaemon$0(470)) - Ozone container server started.
2022-02-20 11:33:10,202 [Listener at 127.0.0.1/34313] WARN  impl.MetricRegistriesImpl (MetricRegistriesImpl.java:addReporterRegistration(111)) - New reporters are added after registries were created. Some metrics will be missing from the reporter. Please add reporter before adding any new registry.
2022-02-20 11:33:10,206 [Listener at 127.0.0.1/34313] WARN  impl.MetricRegistriesImpl (MetricRegistriesImpl.java:addReporterRegistration(111)) - New reporters are added after registries were created. Some metrics will be missing from the reporter. Please add reporter before adding any new registry.
2022-02-20 11:33:10,206 [Listener at 127.0.0.1/34313] INFO  impl.MetricsSystemImpl (MetricsSystemImpl.java:init(158)) - HddsDatanode metrics system started (again)
2022-02-20 11:33:10,239 [Listener at 127.0.0.1/34313] INFO  ozone.HddsDatanodeService (HddsDatanodeService.java:start(233)) - HddsDatanodeService host:fv-az59-849.csjynl4pkq3e1pkirw3ssqjfoh.cx.internal.cloudapp.net ip:10.1.0.4
2022-02-20 11:33:10,254 [org.apache.hadoop.util.JvmPauseMonitor$Monitor@447d19f6] INFO  util.JvmPauseMonitor (JvmPauseMonitor.java:run(188)) - Starting JVM pause monitor
2022-02-20 11:33:10,266 [Datanode State Machine Task Thread - 0] INFO  datanode.InitDatanodeState (InitDatanodeState.java:persistContainerDatanodeDetails(138)) - DatanodeDetails is persisted to /home/runner/work/ozone/ozone/hadoop-ozone/integration-test/target/test-dir/MiniOzoneClusterImpl-35320b25-8391-4d91-bc43-1aeffe704654/datanode-1/meta/datanode.id
2022-02-20 11:33:10,287 [Listener at 127.0.0.1/34313] INFO  upgrade.AbstractLayoutVersionManager (AbstractLayoutVersionManager.java:init(79)) - Initializing Layout version manager with metadata layout = SCM_HA (version = 2), software layout = SCM_HA (version = 2)
2022-02-20 11:33:10,350 [om1@group-C5BA1605619E-FollowerState] INFO  impl.FollowerState (FollowerState.java:run(134)) - om1@group-C5BA1605619E-FollowerState: change to CANDIDATE, lastRpcElapsedTime:1078757415ns, electionTimeout:1063ms
2022-02-20 11:33:10,350 [om1@group-C5BA1605619E-FollowerState] INFO  impl.RoleInfo (RoleInfo.java:shutdownFollowerState(108)) - om1: shutdown om1@group-C5BA1605619E-FollowerState
2022-02-20 11:33:10,350 [om1@group-C5BA1605619E-FollowerState] INFO  server.RaftServer$Division (RaftServerImpl.java:setRole(290)) - om1@group-C5BA1605619E: changes role from  FOLLOWER to CANDIDATE at term 0 for changeToCandidate
2022-02-20 11:33:10,350 [om1@group-C5BA1605619E-FollowerState] INFO  server.RaftServerConfigKeys (ConfUtils.java:logGet(44)) - raft.server.leaderelection.pre-vote = false (custom)
2022-02-20 11:33:10,350 [om1@group-C5BA1605619E-FollowerState] INFO  impl.RoleInfo (RoleInfo.java:updateAndGet(130)) - om1: start om1@group-C5BA1605619E-LeaderElection19
2022-02-20 11:33:10,374 [om1@group-C5BA1605619E-LeaderElection19] INFO  impl.LeaderElection (LeaderElection.java:askForVotes(306)) - om1@group-C5BA1605619E-LeaderElection19 ELECTION round 0: submit vote requests at term 1 for -1: [om1|rpc:localhost:9872|priority:0], old=null
2022-02-20 11:33:10,375 [om1@group-C5BA1605619E-LeaderElection19] INFO  impl.LeaderElection (LeaderElection.java:askForVotes(308)) - om1@group-C5BA1605619E-LeaderElection19 ELECTION round 0: result PASSED (term=1)
2022-02-20 11:33:10,375 [om1@group-C5BA1605619E-LeaderElection19] INFO  impl.RoleInfo (RoleInfo.java:shutdownLeaderElection(121)) - om1: shutdown om1@group-C5BA1605619E-LeaderElection19
2022-02-20 11:33:10,375 [om1@group-C5BA1605619E-LeaderElection19] INFO  server.RaftServer$Division (RaftServerImpl.java:setRole(290)) - om1@group-C5BA1605619E: changes role from CANDIDATE to LEADER at term 1 for changeToLeader
2022-02-20 11:33:10,375 [om1@group-C5BA1605619E-LeaderElection19] INFO  server.RaftServer$Division (ServerState.java:setLeader(285)) - om1@group-C5BA1605619E: change Leader from null to om1 at term 1 for becomeLeader, leader elected after 1161ms
2022-02-20 11:33:10,375 [om1@group-C5BA1605619E-LeaderElection19] INFO  server.RaftServerConfigKeys (ConfUtils.java:logGet(44)) - raft.server.staging.catchup.gap = 1000 (default)
2022-02-20 11:33:10,385 [Listener at 127.0.0.1/34313] INFO  reflections.Reflections (Reflections.java:scan(232)) - Reflections took 97 ms to scan 7 urls, producing 121 keys and 284 values 
2022-02-20 11:33:10,385 [om1@group-C5BA1605619E-LeaderElection19] INFO  server.RaftServerConfigKeys (ConfUtils.java:logGet(44)) - raft.server.write.element-limit = 4096 (default)
2022-02-20 11:33:10,386 [om1@group-C5BA1605619E-LeaderElection19] INFO  server.RaftServerConfigKeys (ConfUtils.java:logGet(44)) - raft.server.write.byte-limit = 64MB (=67108864) (default)
2022-02-20 11:33:10,386 [om1@group-C5BA1605619E-LeaderElection19] INFO  server.RaftServerConfigKeys (ConfUtils.java:logGet(44)) - raft.server.watch.timeout = 10s (default)
2022-02-20 11:33:10,386 [om1@group-C5BA1605619E-LeaderElection19] INFO  server.RaftServerConfigKeys (ConfUtils.java:logGet(44)) - raft.server.watch.timeout.denomination = 1s (default)
2022-02-20 11:33:10,386 [om1@group-C5BA1605619E-LeaderElection19] INFO  server.RaftServerConfigKeys (ConfUtils.java:logGet(44)) - raft.server.watch.element-limit = 65536 (default)
2022-02-20 11:33:10,386 [om1@group-C5BA1605619E-LeaderElection19] INFO  server.RaftServerConfigKeys (ConfUtils.java:logGet(44)) - raft.server.write.element-limit = 4096 (default)
2022-02-20 11:33:10,386 [om1@group-C5BA1605619E-LeaderElection19] INFO  server.RaftServerConfigKeys (ConfUtils.java:logGet(44)) - raft.server.write.follower.gap.ratio.max = -1.0 (default)
2022-02-20 11:33:10,386 [om1@group-C5BA1605619E-LeaderElection19] INFO  impl.RoleInfo (RoleInfo.java:updateAndGet(130)) - om1: start om1@group-C5BA1605619E-LeaderStateImpl
2022-02-20 11:33:10,387 [om1@group-C5BA1605619E-LeaderElection19] INFO  segmented.SegmentedRaftLogWorker (SegmentedRaftLogWorker.java:startLogSegment(394)) - om1@group-C5BA1605619E-SegmentedRaftLogWorker: Starting segment from index:0
2022-02-20 11:33:10,390 [Listener at 127.0.0.1/34313] INFO  statemachine.DatanodeStateMachine (DatanodeStateMachine.java:getEndPointTaskThreadPoolSize(222)) - Datanode State Machine Task Thread Pool size 2
2022-02-20 11:33:10,394 [om1@group-C5BA1605619E-LeaderElection19] INFO  server.RaftServer$Division (ServerState.java:setRaftConf(387)) - om1@group-C5BA1605619E: set configuration 0: [om1|rpc:localhost:9872|admin:|client:|dataStream:|priority:0], old=null
2022-02-20 11:33:10,409 [om1@group-C5BA1605619E-SegmentedRaftLogWorker] INFO  segmented.SegmentedRaftLogWorker (SegmentedRaftLogWorker.java:execute(601)) - om1@group-C5BA1605619E-SegmentedRaftLogWorker: created new log segment /home/runner/work/ozone/ozone/hadoop-ozone/integration-test/target/test-dir/MiniOzoneClusterImpl-35320b25-8391-4d91-bc43-1aeffe704654/ozone-meta/ratis/bf265839-605b-3f16-9796-c5ba1605619e/current/log_inprogress_0
2022-02-20 11:33:10,411 [Listener at 127.0.0.1/34313] INFO  volume.HddsVolume (HddsVolume.java:<init>(120)) - Creating HddsVolume: /home/runner/work/ozone/ozone/hadoop-ozone/integration-test/target/test-dir/MiniOzoneClusterImpl-35320b25-8391-4d91-bc43-1aeffe704654/datanode-2/data-0/containers/hdds of storage type : DISK capacity : 9223372036854775807
2022-02-20 11:33:10,411 [Listener at 127.0.0.1/34313] INFO  volume.MutableVolumeSet (MutableVolumeSet.java:initializeVolumeSet(168)) - Added Volume : /home/runner/work/ozone/ozone/hadoop-ozone/integration-test/target/test-dir/MiniOzoneClusterImpl-35320b25-8391-4d91-bc43-1aeffe704654/datanode-2/data-0/containers/hdds to VolumeSet
2022-02-20 11:33:10,411 [Listener at 127.0.0.1/34313] INFO  volume.ThrottledAsyncChecker (ThrottledAsyncChecker.java:schedule(141)) - Scheduling a check for /home/runner/work/ozone/ozone/hadoop-ozone/integration-test/target/test-dir/MiniOzoneClusterImpl-35320b25-8391-4d91-bc43-1aeffe704654/datanode-2/data-0/containers/hdds
2022-02-20 11:33:10,412 [om1@group-C5BA1605619E-StateMachineUpdater] INFO  ratis.OzoneManagerStateMachine (OzoneManagerStateMachine.java:notifyConfigurationChanged(188)) - Received Configuration change notification from Ratis. New Peer list:
[id: "om1"
address: "localhost:9872"
]
2022-02-20 11:33:10,419 [Listener at 127.0.0.1/34313] INFO  volume.StorageVolumeChecker (StorageVolumeChecker.java:checkAllVolumes(202)) - Scheduled health check for volume /home/runner/work/ozone/ozone/hadoop-ozone/integration-test/target/test-dir/MiniOzoneClusterImpl-35320b25-8391-4d91-bc43-1aeffe704654/datanode-2/data-0/containers/hdds
2022-02-20 11:33:10,431 [Listener at 127.0.0.1/34313] INFO  volume.MutableVolumeSet (MutableVolumeSet.java:initializeVolumeSet(168)) - Added Volume : /home/runner/work/ozone/ozone/hadoop-ozone/integration-test/target/test-dir/MiniOzoneClusterImpl-35320b25-8391-4d91-bc43-1aeffe704654/datanode-2/data/ratis to VolumeSet
2022-02-20 11:33:10,431 [Listener at 127.0.0.1/34313] INFO  volume.ThrottledAsyncChecker (ThrottledAsyncChecker.java:schedule(141)) - Scheduling a check for /home/runner/work/ozone/ozone/hadoop-ozone/integration-test/target/test-dir/MiniOzoneClusterImpl-35320b25-8391-4d91-bc43-1aeffe704654/datanode-2/data/ratis
2022-02-20 11:33:10,431 [Listener at 127.0.0.1/34313] INFO  volume.StorageVolumeChecker (StorageVolumeChecker.java:checkAllVolumes(202)) - Scheduled health check for volume /home/runner/work/ozone/ozone/hadoop-ozone/integration-test/target/test-dir/MiniOzoneClusterImpl-35320b25-8391-4d91-bc43-1aeffe704654/datanode-2/data/ratis
2022-02-20 11:33:10,456 [Thread-559] INFO  ozoneimpl.ContainerReader (ContainerReader.java:readVolume(172)) - Finish verifying containers on volume /home/runner/work/ozone/ozone/hadoop-ozone/integration-test/target/test-dir/MiniOzoneClusterImpl-35320b25-8391-4d91-bc43-1aeffe704654/datanode-2/data-0/containers/hdds
2022-02-20 11:33:10,456 [Listener at 127.0.0.1/34313] INFO  ozoneimpl.OzoneContainer (OzoneContainer.java:buildContainerSet(252)) - Build ContainerSet costs 0s
2022-02-20 11:33:10,464 [Listener at 127.0.0.1/34313] INFO  server.RaftServer (ConfUtils.java:logGet(44)) - raft.rpc.type = GRPC (default)
2022-02-20 11:33:10,470 [Listener at 127.0.0.1/34313] INFO  grpc.GrpcFactory (GrpcFactory.java:checkPooledByteBufAllocatorUseCacheForAllThreads(48)) - PERFORMANCE WARNING: useCacheForAllThreads is true that may cause Netty to create a lot garbage objects and, as a result, trigger GC.
	It is recommended to disable useCacheForAllThreads by setting -Dorg.apache.ratis.thirdparty.io.netty.allocator.useCacheForAllThreads=false in command line.
2022-02-20 11:33:10,470 [Listener at 127.0.0.1/34313] INFO  grpc.GrpcConfigKeys (ConfUtils.java:logGet(44)) - raft.grpc.admin.port = 0 (custom)
2022-02-20 11:33:10,470 [Listener at 127.0.0.1/34313] INFO  grpc.GrpcConfigKeys (ConfUtils.java:logGet(44)) - raft.grpc.client.port = 0 (custom)
2022-02-20 11:33:10,470 [Listener at 127.0.0.1/34313] INFO  grpc.GrpcConfigKeys (ConfUtils.java:logGet(44)) - raft.grpc.server.port = 0 (default)
2022-02-20 11:33:10,470 [Listener at 127.0.0.1/34313] INFO  server.GrpcService (ConfUtils.java:logGet(44)) - raft.grpc.message.size.max = 32MB (=33554432) (custom)
2022-02-20 11:33:10,470 [Listener at 127.0.0.1/34313] INFO  server.RaftServerConfigKeys (ConfUtils.java:logGet(44)) - raft.server.log.appender.buffer.byte-limit = 33554432 (custom)
2022-02-20 11:33:10,471 [Listener at 127.0.0.1/34313] INFO  server.GrpcService (ConfUtils.java:logGet(44)) - raft.grpc.flow.control.window = 5MB (=5242880) (custom)
2022-02-20 11:33:10,471 [Listener at 127.0.0.1/34313] INFO  server.RaftServerConfigKeys (ConfUtils.java:logGet(44)) - raft.server.rpc.request.timeout = 60s (custom)
2022-02-20 11:33:10,472 [Listener at 127.0.0.1/34313] INFO  impl.DataStreamServerImpl (ConfUtils.java:logGet(44)) - raft.datastream.type = DISABLED (default)
2022-02-20 11:33:10,472 [Listener at 127.0.0.1/34313] INFO  server.RaftServerConfigKeys (ConfUtils.java:logGet(44)) - raft.server.rpc.slowness.timeout = 300s (custom)
2022-02-20 11:33:10,472 [Listener at 127.0.0.1/34313] INFO  server.RaftServerConfigKeys (ConfUtils.java:logGet(44)) - raft.server.leaderelection.leader.step-down.wait-time = 10s (default)
2022-02-20 11:33:10,472 [Listener at 127.0.0.1/34313] INFO  server.RaftServerConfigKeys (ConfUtils.java:logGet(44)) - raft.server.storage.dir = [/home/runner/work/ozone/ozone/hadoop-ozone/integration-test/target/test-dir/MiniOzoneClusterImpl-35320b25-8391-4d91-bc43-1aeffe704654/datanode-2/data/ratis] (custom)
2022-02-20 11:33:10,473 [Listener at 127.0.0.1/34313] INFO  server.XceiverServerGrpc (XceiverServerGrpc.java:<init>(132)) - GrpcServer channel type EpollServerSocketChannel
2022-02-20 11:33:10,480 [Listener at 127.0.0.1/34313] INFO  http.BaseHttpServer (BaseHttpServer.java:newHttpServer2BuilderForOzone(209)) - Starting Web-server for hddsDatanode at: http://0.0.0.0:0
2022-02-20 11:33:10,480 [Listener at 127.0.0.1/34313] INFO  http.BaseHttpServer (BaseHttpServer.java:<init>(107)) - Hadoop Security Enabled: false Ozone Security Enabled: false Ozone HTTP Security Enabled: false 
2022-02-20 11:33:10,481 [Listener at 127.0.0.1/34313] INFO  server.AuthenticationFilter (AuthenticationFilter.java:constructSecretProvider(240)) - Unable to initialize FileSignerSecretProvider, falling back to use random secrets.
2022-02-20 11:33:10,487 [Listener at 127.0.0.1/34313] WARN  http.HttpRequestLog (HttpRequestLog.java:getRequestLog(103)) - Jetty request log can only be enabled using Log4j
2022-02-20 11:33:10,488 [Listener at 127.0.0.1/34313] INFO  http.HttpServer2 (HttpServer2.java:addGlobalFilter(1030)) - Added global filter 'safety' (class=org.apache.hadoop.hdds.server.http.HttpServer2$QuotingInputFilter)
2022-02-20 11:33:10,488 [Listener at 127.0.0.1/34313] INFO  http.HttpServer2 (HttpServer2.java:addFilter(1006)) - Added filter static_user_filter (class=org.apache.hadoop.http.lib.StaticUserWebFilter$StaticUserFilter) to context hddsDatanode
2022-02-20 11:33:10,488 [Listener at 127.0.0.1/34313] INFO  http.HttpServer2 (HttpServer2.java:addFilter(1014)) - Added filter static_user_filter (class=org.apache.hadoop.http.lib.StaticUserWebFilter$StaticUserFilter) to context logs
2022-02-20 11:33:10,488 [Listener at 127.0.0.1/34313] INFO  http.HttpServer2 (HttpServer2.java:addFilter(1014)) - Added filter static_user_filter (class=org.apache.hadoop.http.lib.StaticUserWebFilter$StaticUserFilter) to context static
2022-02-20 11:33:10,489 [Listener at 127.0.0.1/34313] INFO  http.HttpServer2 (HttpServer2.java:bindListener(1249)) - Jetty bound to port 35787
2022-02-20 11:33:10,489 [Listener at 127.0.0.1/34313] INFO  server.Server (Server.java:doStart(375)) - jetty-9.4.43.v20210629; built: 2021-06-30T11:07:22.254Z; git: 526006ecfa3af7f1a27ef3a288e2bef7ea9dd7e8; jvm 1.8.0_322-b06
2022-02-20 11:33:10,522 [Listener at 127.0.0.1/34313] INFO  server.session (DefaultSessionIdManager.java:doStart(334)) - DefaultSessionIdManager workerName=node0
2022-02-20 11:33:10,522 [Listener at 127.0.0.1/34313] INFO  server.session (DefaultSessionIdManager.java:doStart(339)) - No SessionScavenger set, using defaults
2022-02-20 11:33:10,522 [Listener at 127.0.0.1/34313] INFO  server.session (HouseKeeper.java:startScavenging(132)) - node0 Scavenging every 660000ms
2022-02-20 11:33:10,526 [Listener at 127.0.0.1/34313] INFO  handler.ContextHandler (ContextHandler.java:doStart(915)) - Started o.e.j.s.ServletContextHandler@6cb48bf4{logs,/logs,file:///home/runner/work/ozone/ozone/hadoop-ozone/integration-test/target/log,AVAILABLE}
2022-02-20 11:33:10,526 [Listener at 127.0.0.1/34313] INFO  handler.ContextHandler (ContextHandler.java:doStart(915)) - Started o.e.j.s.ServletContextHandler@1b9892b4{static,/static,jar:file:/home/runner/.m2/repository/org/apache/ozone/hdds-container-service/1.3.0-SNAPSHOT/hdds-container-service-1.3.0-SNAPSHOT.jar!/webapps/static,AVAILABLE}
2022-02-20 11:33:10,601 [Listener at 127.0.0.1/34313] INFO  handler.ContextHandler (ContextHandler.java:doStart(915)) - Started o.e.j.w.WebAppContext@888925d{hddsDatanode,/,file:///tmp/jetty-0_0_0_0-35787-hdds-container-service-1_3_0-SNAPSHOT_jar-_-any-7467140285384118739/webapp/,AVAILABLE}{jar:file:/home/runner/.m2/repository/org/apache/ozone/hdds-container-service/1.3.0-SNAPSHOT/hdds-container-service-1.3.0-SNAPSHOT.jar!/webapps/hddsDatanode}
2022-02-20 11:33:10,612 [Listener at 127.0.0.1/34313] INFO  server.AbstractConnector (AbstractConnector.java:doStart(331)) - Started ServerConnector@3e9e3a4b{HTTP/1.1, (http/1.1)}{0.0.0.0:35787}
2022-02-20 11:33:10,613 [Listener at 127.0.0.1/34313] INFO  server.Server (Server.java:doStart(415)) - Started @80802ms
2022-02-20 11:33:10,622 [Listener at 127.0.0.1/34313] WARN  impl.MetricsSystemImpl (MetricsSystemImpl.java:register(279)) - Sink prometheus already exists!
2022-02-20 11:33:10,622 [Listener at 127.0.0.1/34313] INFO  http.BaseHttpServer (BaseHttpServer.java:updateConnectorAddress(329)) - HTTP server of hddsDatanode listening at http://0.0.0.0:35787
2022-02-20 11:33:10,634 [Listener at 127.0.0.1/34313] INFO  ozone.MiniOzoneClusterImpl (MiniOzoneClusterImpl.java:lambda$waitForClusterToBeReady$0(219)) - Waiting for nodes to be ready. Got 0 of 3 DN Heartbeats.
2022-02-20 11:33:10,634 [Listener at 127.0.0.1/34313] INFO  ozone.MiniOzoneClusterImpl (MiniOzoneClusterImpl.java:lambda$waitForClusterToBeReady$0(222)) - Waiting for cluster to exit safe mode
2022-02-20 11:33:10,634 [Listener at 127.0.0.1/34313] INFO  ozone.MiniOzoneClusterImpl (MiniOzoneClusterImpl.java:lambda$waitForClusterToBeReady$0(224)) - SCM became leader
2022-02-20 11:33:10,634 [Datanode State Machine Daemon Thread] INFO  statemachine.DatanodeStateMachine (DatanodeStateMachine.java:lambda$startDaemon$0(470)) - Ozone container server started.
2022-02-20 11:33:10,666 [org.apache.hadoop.util.JvmPauseMonitor$Monitor@6d7d2ff] INFO  util.JvmPauseMonitor (JvmPauseMonitor.java:run(188)) - Starting JVM pause monitor
2022-02-20 11:33:10,670 [Datanode State Machine Task Thread - 0] INFO  datanode.InitDatanodeState (InitDatanodeState.java:persistContainerDatanodeDetails(138)) - DatanodeDetails is persisted to /home/runner/work/ozone/ozone/hadoop-ozone/integration-test/target/test-dir/MiniOzoneClusterImpl-35320b25-8391-4d91-bc43-1aeffe704654/datanode-2/meta/datanode.id
2022-02-20 11:33:11,634 [Listener at 127.0.0.1/34313] INFO  ozone.MiniOzoneClusterImpl (MiniOzoneClusterImpl.java:lambda$waitForClusterToBeReady$0(219)) - Waiting for nodes to be ready. Got 0 of 3 DN Heartbeats.
2022-02-20 11:33:11,635 [Listener at 127.0.0.1/34313] INFO  ozone.MiniOzoneClusterImpl (MiniOzoneClusterImpl.java:lambda$waitForClusterToBeReady$0(222)) - Waiting for cluster to exit safe mode
2022-02-20 11:33:11,635 [Listener at 127.0.0.1/34313] INFO  ozone.MiniOzoneClusterImpl (MiniOzoneClusterImpl.java:lambda$waitForClusterToBeReady$0(224)) - SCM became leader
2022-02-20 11:33:11,916 [EndpointStateMachine task thread for /0.0.0.0:40811 - 0 ] INFO  ozoneimpl.OzoneContainer (OzoneContainer.java:start(330)) - Attempting to start container services.
2022-02-20 11:33:11,917 [EndpointStateMachine task thread for /0.0.0.0:40811 - 0 ] INFO  ozoneimpl.OzoneContainer (OzoneContainer.java:startContainerScrub(265)) - Background container scanner has been disabled.
2022-02-20 11:33:11,918 [EndpointStateMachine task thread for /0.0.0.0:40811 - 0 ] INFO  replication.ReplicationServer (ReplicationServer.java:start(111)) - ReplicationServer is started using port 34649
2022-02-20 11:33:11,919 [EndpointStateMachine task thread for /0.0.0.0:40811 - 0 ] INFO  ratis.XceiverServerRatis (XceiverServerRatis.java:start(485)) - Starting XceiverServerRatis 9e38299b-d888-4111-a9fe-1064c77c0439
2022-02-20 11:33:11,922 [EndpointStateMachine task thread for /0.0.0.0:40811 - 0 ] INFO  server.RaftServer (RaftServerProxy.java:lambda$start$5(374)) - 9e38299b-d888-4111-a9fe-1064c77c0439: start RPC server
2022-02-20 11:33:11,923 [EndpointStateMachine task thread for /0.0.0.0:40811 - 0 ] INFO  server.GrpcService (GrpcService.java:startImpl(253)) - 9e38299b-d888-4111-a9fe-1064c77c0439: GrpcService started, listening on 37023
2022-02-20 11:33:11,923 [EndpointStateMachine task thread for /0.0.0.0:40811 - 0 ] INFO  ratis.XceiverServerRatis (XceiverServerRatis.java:getRealPort(506)) - XceiverServerRatis 9e38299b-d888-4111-a9fe-1064c77c0439 is started using port 37023 for RATIS
2022-02-20 11:33:11,923 [EndpointStateMachine task thread for /0.0.0.0:40811 - 0 ] INFO  ratis.XceiverServerRatis (XceiverServerRatis.java:getRealPort(506)) - XceiverServerRatis 9e38299b-d888-4111-a9fe-1064c77c0439 is started using port 37023 for RATIS_ADMIN
2022-02-20 11:33:11,924 [EndpointStateMachine task thread for /0.0.0.0:40811 - 0 ] INFO  ratis.XceiverServerRatis (XceiverServerRatis.java:getRealPort(506)) - XceiverServerRatis 9e38299b-d888-4111-a9fe-1064c77c0439 is started using port 37023 for RATIS_SERVER
2022-02-20 11:33:11,924 [org.apache.ratis.util.JvmPauseMonitor$$Lambda$421/295700833@531bb44f] INFO  util.JvmPauseMonitor (JvmPauseMonitor.java:run(103)) - JvmPauseMonitor-9e38299b-d888-4111-a9fe-1064c77c0439: Started
2022-02-20 11:33:11,930 [EndpointStateMachine task thread for /0.0.0.0:40811 - 0 ] INFO  server.XceiverServerGrpc (XceiverServerGrpc.java:start(180)) - XceiverServerGrpc 9e38299b-d888-4111-a9fe-1064c77c0439 is started using port 43753
2022-02-20 11:33:12,265 [EndpointStateMachine task thread for /0.0.0.0:40811 - 0 ] INFO  ozoneimpl.OzoneContainer (OzoneContainer.java:start(330)) - Attempting to start container services.
2022-02-20 11:33:12,265 [EndpointStateMachine task thread for /0.0.0.0:40811 - 0 ] INFO  ozoneimpl.OzoneContainer (OzoneContainer.java:startContainerScrub(265)) - Background container scanner has been disabled.
2022-02-20 11:33:12,274 [EndpointStateMachine task thread for /0.0.0.0:40811 - 0 ] INFO  replication.ReplicationServer (ReplicationServer.java:start(111)) - ReplicationServer is started using port 46519
2022-02-20 11:33:12,282 [EndpointStateMachine task thread for /0.0.0.0:40811 - 0 ] INFO  ratis.XceiverServerRatis (XceiverServerRatis.java:start(485)) - Starting XceiverServerRatis 8ab36e9f-68be-4dfb-8773-5c952908b11c
2022-02-20 11:33:12,291 [EndpointStateMachine task thread for /0.0.0.0:40811 - 0 ] INFO  server.RaftServer (RaftServerProxy.java:lambda$start$5(374)) - 8ab36e9f-68be-4dfb-8773-5c952908b11c: start RPC server
2022-02-20 11:33:12,293 [EndpointStateMachine task thread for /0.0.0.0:40811 - 0 ] INFO  server.GrpcService (GrpcService.java:startImpl(253)) - 8ab36e9f-68be-4dfb-8773-5c952908b11c: GrpcService started, listening on 45831
2022-02-20 11:33:12,298 [EndpointStateMachine task thread for /0.0.0.0:40811 - 0 ] INFO  ratis.XceiverServerRatis (XceiverServerRatis.java:getRealPort(506)) - XceiverServerRatis 8ab36e9f-68be-4dfb-8773-5c952908b11c is started using port 45831 for RATIS
2022-02-20 11:33:12,298 [EndpointStateMachine task thread for /0.0.0.0:40811 - 0 ] INFO  ratis.XceiverServerRatis (XceiverServerRatis.java:getRealPort(506)) - XceiverServerRatis 8ab36e9f-68be-4dfb-8773-5c952908b11c is started using port 45831 for RATIS_ADMIN
2022-02-20 11:33:12,298 [EndpointStateMachine task thread for /0.0.0.0:40811 - 0 ] INFO  ratis.XceiverServerRatis (XceiverServerRatis.java:getRealPort(506)) - XceiverServerRatis 8ab36e9f-68be-4dfb-8773-5c952908b11c is started using port 45831 for RATIS_SERVER
2022-02-20 11:33:12,303 [org.apache.ratis.util.JvmPauseMonitor$$Lambda$421/295700833@6789885b] INFO  util.JvmPauseMonitor (JvmPauseMonitor.java:run(103)) - JvmPauseMonitor-8ab36e9f-68be-4dfb-8773-5c952908b11c: Started
2022-02-20 11:33:12,306 [EndpointStateMachine task thread for /0.0.0.0:40811 - 0 ] INFO  server.XceiverServerGrpc (XceiverServerGrpc.java:start(180)) - XceiverServerGrpc 8ab36e9f-68be-4dfb-8773-5c952908b11c is started using port 32979
2022-02-20 11:33:12,635 [Listener at 127.0.0.1/34313] INFO  ozone.MiniOzoneClusterImpl (MiniOzoneClusterImpl.java:lambda$waitForClusterToBeReady$0(219)) - Waiting for nodes to be ready. Got 0 of 3 DN Heartbeats.
2022-02-20 11:33:12,635 [Listener at 127.0.0.1/34313] INFO  ozone.MiniOzoneClusterImpl (MiniOzoneClusterImpl.java:lambda$waitForClusterToBeReady$0(222)) - Waiting for cluster to exit safe mode
2022-02-20 11:33:12,635 [Listener at 127.0.0.1/34313] INFO  ozone.MiniOzoneClusterImpl (MiniOzoneClusterImpl.java:lambda$waitForClusterToBeReady$0(224)) - SCM became leader
2022-02-20 11:33:12,710 [EndpointStateMachine task thread for /0.0.0.0:40811 - 0 ] INFO  ozoneimpl.OzoneContainer (OzoneContainer.java:start(330)) - Attempting to start container services.
2022-02-20 11:33:12,710 [EndpointStateMachine task thread for /0.0.0.0:40811 - 0 ] INFO  ozoneimpl.OzoneContainer (OzoneContainer.java:startContainerScrub(265)) - Background container scanner has been disabled.
2022-02-20 11:33:12,711 [EndpointStateMachine task thread for /0.0.0.0:40811 - 0 ] INFO  replication.ReplicationServer (ReplicationServer.java:start(111)) - ReplicationServer is started using port 40105
2022-02-20 11:33:12,717 [EndpointStateMachine task thread for /0.0.0.0:40811 - 0 ] INFO  ratis.XceiverServerRatis (XceiverServerRatis.java:start(485)) - Starting XceiverServerRatis 51457756-efc1-4f69-a8e1-a5f06e10f3ec
2022-02-20 11:33:12,740 [EndpointStateMachine task thread for /0.0.0.0:40811 - 0 ] INFO  server.RaftServer (RaftServerProxy.java:lambda$start$5(374)) - 51457756-efc1-4f69-a8e1-a5f06e10f3ec: start RPC server
2022-02-20 11:33:12,751 [EndpointStateMachine task thread for /0.0.0.0:40811 - 0 ] INFO  server.GrpcService (GrpcService.java:startImpl(253)) - 51457756-efc1-4f69-a8e1-a5f06e10f3ec: GrpcService started, listening on 32965
2022-02-20 11:33:12,754 [EndpointStateMachine task thread for /0.0.0.0:40811 - 0 ] INFO  ratis.XceiverServerRatis (XceiverServerRatis.java:getRealPort(506)) - XceiverServerRatis 51457756-efc1-4f69-a8e1-a5f06e10f3ec is started using port 32965 for RATIS
2022-02-20 11:33:12,754 [EndpointStateMachine task thread for /0.0.0.0:40811 - 0 ] INFO  ratis.XceiverServerRatis (XceiverServerRatis.java:getRealPort(506)) - XceiverServerRatis 51457756-efc1-4f69-a8e1-a5f06e10f3ec is started using port 32965 for RATIS_ADMIN
2022-02-20 11:33:12,754 [EndpointStateMachine task thread for /0.0.0.0:40811 - 0 ] INFO  ratis.XceiverServerRatis (XceiverServerRatis.java:getRealPort(506)) - XceiverServerRatis 51457756-efc1-4f69-a8e1-a5f06e10f3ec is started using port 32965 for RATIS_SERVER
2022-02-20 11:33:12,754 [org.apache.ratis.util.JvmPauseMonitor$$Lambda$421/295700833@17fa11e9] INFO  util.JvmPauseMonitor (JvmPauseMonitor.java:run(103)) - JvmPauseMonitor-51457756-efc1-4f69-a8e1-a5f06e10f3ec: Started
2022-02-20 11:33:12,773 [EndpointStateMachine task thread for /0.0.0.0:40811 - 0 ] INFO  server.XceiverServerGrpc (XceiverServerGrpc.java:start(180)) - XceiverServerGrpc 51457756-efc1-4f69-a8e1-a5f06e10f3ec is started using port 44425
2022-02-20 11:33:13,638 [Listener at 127.0.0.1/34313] INFO  ozone.MiniOzoneClusterImpl (MiniOzoneClusterImpl.java:lambda$waitForClusterToBeReady$0(219)) - Waiting for nodes to be ready. Got 0 of 3 DN Heartbeats.
2022-02-20 11:33:13,638 [Listener at 127.0.0.1/34313] INFO  ozone.MiniOzoneClusterImpl (MiniOzoneClusterImpl.java:lambda$waitForClusterToBeReady$0(222)) - Waiting for cluster to exit safe mode
2022-02-20 11:33:13,638 [Listener at 127.0.0.1/34313] INFO  ozone.MiniOzoneClusterImpl (MiniOzoneClusterImpl.java:lambda$waitForClusterToBeReady$0(224)) - SCM became leader
2022-02-20 11:33:13,907 [IPC Server handler 2 on default port 40811] INFO  net.NetworkTopologyImpl (NetworkTopologyImpl.java:add(112)) - Added a new node: /default-rack/9e38299b-d888-4111-a9fe-1064c77c0439
2022-02-20 11:33:13,907 [IPC Server handler 2 on default port 40811] INFO  node.SCMNodeManager (SCMNodeManager.java:register(389)) - Registered Data node : 9e38299b-d888-4111-a9fe-1064c77c0439{ip: 10.1.0.4, host: fv-az59-849.csjynl4pkq3e1pkirw3ssqjfoh.cx.internal.cloudapp.net, ports: [REPLICATION=34649, RATIS=37023, RATIS_ADMIN=37023, RATIS_SERVER=37023, STANDALONE=43753], networkLocation: /default-rack, certSerialId: null, persistedOpState: null, persistedOpStateExpiryEpochSec: 0}
2022-02-20 11:33:13,911 [EventQueue-NewNodeForNewNodeHandler] INFO  pipeline.BackgroundPipelineCreator (BackgroundPipelineCreator.java:notifyEventTriggered(285)) - trigger a one-shot run on RatisPipelineUtilsThread.
2022-02-20 11:33:13,911 [RatisPipelineUtilsThread - 0] INFO  pipeline.RatisPipelineProvider (RatisPipelineProvider.java:lambda$create$0(183)) - Sending CreatePipelineCommand for pipeline:PipelineID=26845308-c60e-4638-aa38-67460d34cea8 to datanode:9e38299b-d888-4111-a9fe-1064c77c0439
2022-02-20 11:33:13,912 [EventQueue-NodeRegistrationContainerReportForDataNodeSafeModeRule] INFO  safemode.SCMSafeModeManager (DataNodeSafeModeRule.java:process(71)) - SCM in safe mode. 1 DataNodes registered, 3 required.
2022-02-20 11:33:13,927 [EventQueue-NodeRegistrationContainerReportForContainerSafeModeRule] INFO  safemode.SCMSafeModeManager (SCMSafeModeManager.java:validateSafeModeExitRules(204)) - ContainerSafeModeRule rule is successfully validated
2022-02-20 11:33:13,937 [EventQueue-PipelineReportForOneReplicaPipelineSafeModeRule] INFO  safemode.SCMSafeModeManager (SCMSafeModeManager.java:validateSafeModeExitRules(204)) - AtleastOneDatanodeReportedRule rule is successfully validated
2022-02-20 11:33:13,954 [f6ba6412-eb1e-4081-be92-513fc63bde1b@group-1AEFFE704654-StateMachineUpdater] INFO  pipeline.PipelineStateManagerImpl (PipelineStateManagerImpl.java:addPipeline(101)) - Created pipeline Pipeline[ Id: 26845308-c60e-4638-aa38-67460d34cea8, Nodes: 9e38299b-d888-4111-a9fe-1064c77c0439{ip: 10.1.0.4, host: fv-az59-849.csjynl4pkq3e1pkirw3ssqjfoh.cx.internal.cloudapp.net, ports: [REPLICATION=34649, RATIS=37023, RATIS_ADMIN=37023, RATIS_SERVER=37023, STANDALONE=43753], networkLocation: /default-rack, certSerialId: null, persistedOpState: IN_SERVICE, persistedOpStateExpiryEpochSec: 0}, ReplicationConfig: RATIS/ONE, State:ALLOCATED, leaderId:, CreationTimestamp2022-02-20T11:33:13.911Z[Etc/UTC]].
2022-02-20 11:33:13,954 [f6ba6412-eb1e-4081-be92-513fc63bde1b@group-1AEFFE704654-StateMachineUpdater] INFO  safemode.HealthyPipelineSafeModeRule (HealthyPipelineSafeModeRule.java:initializeRule(152)) - Refreshed total pipeline count is 0, healthy pipeline threshold count is 1
2022-02-20 11:33:14,252 [IPC Server handler 0 on default port 40811] INFO  net.NetworkTopologyImpl (NetworkTopologyImpl.java:add(112)) - Added a new node: /default-rack/8ab36e9f-68be-4dfb-8773-5c952908b11c
2022-02-20 11:33:14,253 [IPC Server handler 0 on default port 40811] INFO  node.SCMNodeManager (SCMNodeManager.java:register(389)) - Registered Data node : 8ab36e9f-68be-4dfb-8773-5c952908b11c{ip: 10.1.0.4, host: fv-az59-849.csjynl4pkq3e1pkirw3ssqjfoh.cx.internal.cloudapp.net, ports: [REPLICATION=46519, RATIS=45831, RATIS_ADMIN=45831, RATIS_SERVER=45831, STANDALONE=32979], networkLocation: /default-rack, certSerialId: null, persistedOpState: null, persistedOpStateExpiryEpochSec: 0}
2022-02-20 11:33:14,254 [EventQueue-NewNodeForNewNodeHandler] INFO  pipeline.BackgroundPipelineCreator (BackgroundPipelineCreator.java:notifyEventTriggered(285)) - trigger a one-shot run on RatisPipelineUtilsThread.
2022-02-20 11:33:14,263 [EventQueue-NodeRegistrationContainerReportForDataNodeSafeModeRule] INFO  safemode.SCMSafeModeManager (DataNodeSafeModeRule.java:process(71)) - SCM in safe mode. 2 DataNodes registered, 3 required.
2022-02-20 11:33:14,282 [RatisPipelineUtilsThread - 0] INFO  pipeline.RatisPipelineProvider (RatisPipelineProvider.java:lambda$create$0(183)) - Sending CreatePipelineCommand for pipeline:PipelineID=907b8d04-c96b-45d0-a760-556eca2ed168 to datanode:8ab36e9f-68be-4dfb-8773-5c952908b11c
2022-02-20 11:33:14,284 [f6ba6412-eb1e-4081-be92-513fc63bde1b@group-1AEFFE704654-StateMachineUpdater] INFO  pipeline.PipelineStateManagerImpl (PipelineStateManagerImpl.java:addPipeline(101)) - Created pipeline Pipeline[ Id: 907b8d04-c96b-45d0-a760-556eca2ed168, Nodes: 8ab36e9f-68be-4dfb-8773-5c952908b11c{ip: 10.1.0.4, host: fv-az59-849.csjynl4pkq3e1pkirw3ssqjfoh.cx.internal.cloudapp.net, ports: [REPLICATION=46519, RATIS=45831, RATIS_ADMIN=45831, RATIS_SERVER=45831, STANDALONE=32979], networkLocation: /default-rack, certSerialId: null, persistedOpState: IN_SERVICE, persistedOpStateExpiryEpochSec: 0}, ReplicationConfig: RATIS/ONE, State:ALLOCATED, leaderId:, CreationTimestamp2022-02-20T11:33:14.282Z[Etc/UTC]].
2022-02-20 11:33:14,284 [f6ba6412-eb1e-4081-be92-513fc63bde1b@group-1AEFFE704654-StateMachineUpdater] INFO  safemode.HealthyPipelineSafeModeRule (HealthyPipelineSafeModeRule.java:initializeRule(152)) - Refreshed total pipeline count is 0, healthy pipeline threshold count is 1
2022-02-20 11:33:14,639 [Listener at 127.0.0.1/34313] INFO  ozone.MiniOzoneClusterImpl (MiniOzoneClusterImpl.java:lambda$waitForClusterToBeReady$0(219)) - Waiting for nodes to be ready. Got 2 of 3 DN Heartbeats.
2022-02-20 11:33:14,640 [Listener at 127.0.0.1/34313] INFO  ozone.MiniOzoneClusterImpl (MiniOzoneClusterImpl.java:lambda$waitForClusterToBeReady$0(222)) - Waiting for cluster to exit safe mode
2022-02-20 11:33:14,640 [Listener at 127.0.0.1/34313] INFO  ozone.MiniOzoneClusterImpl (MiniOzoneClusterImpl.java:lambda$waitForClusterToBeReady$0(224)) - SCM became leader
2022-02-20 11:33:14,664 [IPC Server handler 1 on default port 40811] INFO  net.NetworkTopologyImpl (NetworkTopologyImpl.java:add(112)) - Added a new node: /default-rack/51457756-efc1-4f69-a8e1-a5f06e10f3ec
2022-02-20 11:33:14,664 [IPC Server handler 1 on default port 40811] INFO  node.SCMNodeManager (SCMNodeManager.java:register(389)) - Registered Data node : 51457756-efc1-4f69-a8e1-a5f06e10f3ec{ip: 10.1.0.4, host: fv-az59-849.csjynl4pkq3e1pkirw3ssqjfoh.cx.internal.cloudapp.net, ports: [REPLICATION=40105, RATIS=32965, RATIS_ADMIN=32965, RATIS_SERVER=32965, STANDALONE=44425], networkLocation: /default-rack, certSerialId: null, persistedOpState: null, persistedOpStateExpiryEpochSec: 0}
2022-02-20 11:33:14,665 [EventQueue-NewNodeForNewNodeHandler] INFO  pipeline.BackgroundPipelineCreator (BackgroundPipelineCreator.java:notifyEventTriggered(285)) - trigger a one-shot run on RatisPipelineUtilsThread.
2022-02-20 11:33:14,666 [RatisPipelineUtilsThread - 0] INFO  pipeline.RatisPipelineProvider (RatisPipelineProvider.java:lambda$create$0(183)) - Sending CreatePipelineCommand for pipeline:PipelineID=5492d464-c93c-49b9-9007-6a00235ace13 to datanode:51457756-efc1-4f69-a8e1-a5f06e10f3ec
2022-02-20 11:33:14,668 [f6ba6412-eb1e-4081-be92-513fc63bde1b@group-1AEFFE704654-StateMachineUpdater] INFO  pipeline.PipelineStateManagerImpl (PipelineStateManagerImpl.java:addPipeline(101)) - Created pipeline Pipeline[ Id: 5492d464-c93c-49b9-9007-6a00235ace13, Nodes: 51457756-efc1-4f69-a8e1-a5f06e10f3ec{ip: 10.1.0.4, host: fv-az59-849.csjynl4pkq3e1pkirw3ssqjfoh.cx.internal.cloudapp.net, ports: [REPLICATION=40105, RATIS=32965, RATIS_ADMIN=32965, RATIS_SERVER=32965, STANDALONE=44425], networkLocation: /default-rack, certSerialId: null, persistedOpState: IN_SERVICE, persistedOpStateExpiryEpochSec: 0}, ReplicationConfig: RATIS/ONE, State:ALLOCATED, leaderId:, CreationTimestamp2022-02-20T11:33:14.666Z[Etc/UTC]].
2022-02-20 11:33:14,668 [f6ba6412-eb1e-4081-be92-513fc63bde1b@group-1AEFFE704654-StateMachineUpdater] INFO  safemode.HealthyPipelineSafeModeRule (HealthyPipelineSafeModeRule.java:initializeRule(152)) - Refreshed total pipeline count is 0, healthy pipeline threshold count is 1
2022-02-20 11:33:14,669 [EventQueue-NodeRegistrationContainerReportForDataNodeSafeModeRule] INFO  safemode.SCMSafeModeManager (DataNodeSafeModeRule.java:process(71)) - SCM in safe mode. 3 DataNodes registered, 3 required.
2022-02-20 11:33:14,669 [EventQueue-NodeRegistrationContainerReportForDataNodeSafeModeRule] INFO  safemode.SCMSafeModeManager (SCMSafeModeManager.java:validateSafeModeExitRules(204)) - DataNodeSafeModeRule rule is successfully validated
2022-02-20 11:33:14,670 [EventQueue-NodeRegistrationContainerReportForDataNodeSafeModeRule] INFO  safemode.SCMSafeModeManager (SCMSafeModeManager.java:completePreCheck(233)) - All SCM safe mode pre check rules have passed
2022-02-20 11:33:14,670 [EventQueue-NodeRegistrationContainerReportForDataNodeSafeModeRule] WARN  events.EventQueue (EventQueue.java:fireEvent(194)) - No event handler registered for event TypedEvent{payloadType=SafeModeStatus, name='Safe mode status'}
2022-02-20 11:33:14,670 [EventQueue-NodeRegistrationContainerReportForDataNodeSafeModeRule] INFO  ha.SCMContext (SCMContext.java:updateSafeModeStatus(211)) - Update SafeModeStatus from SafeModeStatus{safeModeStatus=true, preCheckPassed=false} to SafeModeStatus{safeModeStatus=true, preCheckPassed=true}.
2022-02-20 11:33:14,670 [EventQueue-NodeRegistrationContainerReportForDataNodeSafeModeRule] INFO  pipeline.BackgroundPipelineCreator (BackgroundPipelineCreator.java:notifyEventTriggered(285)) - trigger a one-shot run on RatisPipelineUtilsThread.
2022-02-20 11:33:14,678 [RatisPipelineUtilsThread - 0] INFO  pipeline.RatisPipelineProvider (RatisPipelineProvider.java:lambda$create$0(183)) - Sending CreatePipelineCommand for pipeline:PipelineID=fc9bec6b-4603-4bd7-b0ea-c5c00bfcd4d9 to datanode:9e38299b-d888-4111-a9fe-1064c77c0439
2022-02-20 11:33:14,678 [RatisPipelineUtilsThread - 0] INFO  pipeline.RatisPipelineProvider (RatisPipelineProvider.java:lambda$create$0(183)) - Sending CreatePipelineCommand for pipeline:PipelineID=fc9bec6b-4603-4bd7-b0ea-c5c00bfcd4d9 to datanode:51457756-efc1-4f69-a8e1-a5f06e10f3ec
2022-02-20 11:33:14,678 [RatisPipelineUtilsThread - 0] INFO  pipeline.RatisPipelineProvider (RatisPipelineProvider.java:lambda$create$0(183)) - Sending CreatePipelineCommand for pipeline:PipelineID=fc9bec6b-4603-4bd7-b0ea-c5c00bfcd4d9 to datanode:8ab36e9f-68be-4dfb-8773-5c952908b11c
2022-02-20 11:33:14,680 [f6ba6412-eb1e-4081-be92-513fc63bde1b@group-1AEFFE704654-StateMachineUpdater] INFO  pipeline.PipelineStateManagerImpl (PipelineStateManagerImpl.java:addPipeline(101)) - Created pipeline Pipeline[ Id: fc9bec6b-4603-4bd7-b0ea-c5c00bfcd4d9, Nodes: 9e38299b-d888-4111-a9fe-1064c77c0439{ip: 10.1.0.4, host: fv-az59-849.csjynl4pkq3e1pkirw3ssqjfoh.cx.internal.cloudapp.net, ports: [REPLICATION=34649, RATIS=37023, RATIS_ADMIN=37023, RATIS_SERVER=37023, STANDALONE=43753], networkLocation: /default-rack, certSerialId: null, persistedOpState: IN_SERVICE, persistedOpStateExpiryEpochSec: 0}51457756-efc1-4f69-a8e1-a5f06e10f3ec{ip: 10.1.0.4, host: fv-az59-849.csjynl4pkq3e1pkirw3ssqjfoh.cx.internal.cloudapp.net, ports: [REPLICATION=40105, RATIS=32965, RATIS_ADMIN=32965, RATIS_SERVER=32965, STANDALONE=44425], networkLocation: /default-rack, certSerialId: null, persistedOpState: IN_SERVICE, persistedOpStateExpiryEpochSec: 0}8ab36e9f-68be-4dfb-8773-5c952908b11c{ip: 10.1.0.4, host: fv-az59-849.csjynl4pkq3e1pkirw3ssqjfoh.cx.internal.cloudapp.net, ports: [REPLICATION=46519, RATIS=45831, RATIS_ADMIN=45831, RATIS_SERVER=45831, STANDALONE=32979], networkLocation: /default-rack, certSerialId: null, persistedOpState: IN_SERVICE, persistedOpStateExpiryEpochSec: 0}, ReplicationConfig: RATIS/THREE, State:ALLOCATED, leaderId:, CreationTimestamp2022-02-20T11:33:14.678Z[Etc/UTC]].
2022-02-20 11:33:14,680 [f6ba6412-eb1e-4081-be92-513fc63bde1b@group-1AEFFE704654-StateMachineUpdater] INFO  safemode.HealthyPipelineSafeModeRule (HealthyPipelineSafeModeRule.java:initializeRule(152)) - Refreshed total pipeline count is 0, healthy pipeline threshold count is 1
2022-02-20 11:33:14,680 [RatisPipelineUtilsThread - 0] INFO  pipeline.RatisPipelineProvider (RatisPipelineProvider.java:lambda$create$0(183)) - Sending CreatePipelineCommand for pipeline:PipelineID=809d6a05-08ae-4253-b4a5-9d528ad3d8b2 to datanode:9e38299b-d888-4111-a9fe-1064c77c0439
2022-02-20 11:33:14,686 [RatisPipelineUtilsThread - 0] INFO  pipeline.RatisPipelineProvider (RatisPipelineProvider.java:lambda$create$0(183)) - Sending CreatePipelineCommand for pipeline:PipelineID=809d6a05-08ae-4253-b4a5-9d528ad3d8b2 to datanode:51457756-efc1-4f69-a8e1-a5f06e10f3ec
2022-02-20 11:33:14,686 [RatisPipelineUtilsThread - 0] INFO  pipeline.RatisPipelineProvider (RatisPipelineProvider.java:lambda$create$0(183)) - Sending CreatePipelineCommand for pipeline:PipelineID=809d6a05-08ae-4253-b4a5-9d528ad3d8b2 to datanode:8ab36e9f-68be-4dfb-8773-5c952908b11c
2022-02-20 11:33:14,691 [f6ba6412-eb1e-4081-be92-513fc63bde1b@group-1AEFFE704654-StateMachineUpdater] INFO  pipeline.PipelineStateManagerImpl (PipelineStateManagerImpl.java:addPipeline(101)) - Created pipeline Pipeline[ Id: 809d6a05-08ae-4253-b4a5-9d528ad3d8b2, Nodes: 9e38299b-d888-4111-a9fe-1064c77c0439{ip: 10.1.0.4, host: fv-az59-849.csjynl4pkq3e1pkirw3ssqjfoh.cx.internal.cloudapp.net, ports: [REPLICATION=34649, RATIS=37023, RATIS_ADMIN=37023, RATIS_SERVER=37023, STANDALONE=43753], networkLocation: /default-rack, certSerialId: null, persistedOpState: IN_SERVICE, persistedOpStateExpiryEpochSec: 0}51457756-efc1-4f69-a8e1-a5f06e10f3ec{ip: 10.1.0.4, host: fv-az59-849.csjynl4pkq3e1pkirw3ssqjfoh.cx.internal.cloudapp.net, ports: [REPLICATION=40105, RATIS=32965, RATIS_ADMIN=32965, RATIS_SERVER=32965, STANDALONE=44425], networkLocation: /default-rack, certSerialId: null, persistedOpState: IN_SERVICE, persistedOpStateExpiryEpochSec: 0}8ab36e9f-68be-4dfb-8773-5c952908b11c{ip: 10.1.0.4, host: fv-az59-849.csjynl4pkq3e1pkirw3ssqjfoh.cx.internal.cloudapp.net, ports: [REPLICATION=46519, RATIS=45831, RATIS_ADMIN=45831, RATIS_SERVER=45831, STANDALONE=32979], networkLocation: /default-rack, certSerialId: null, persistedOpState: IN_SERVICE, persistedOpStateExpiryEpochSec: 0}, ReplicationConfig: RATIS/THREE, State:ALLOCATED, leaderId:, CreationTimestamp2022-02-20T11:33:14.680Z[Etc/UTC]].
2022-02-20 11:33:14,691 [f6ba6412-eb1e-4081-be92-513fc63bde1b@group-1AEFFE704654-StateMachineUpdater] INFO  safemode.HealthyPipelineSafeModeRule (HealthyPipelineSafeModeRule.java:initializeRule(152)) - Refreshed total pipeline count is 0, healthy pipeline threshold count is 1
2022-02-20 11:33:14,691 [RatisPipelineUtilsThread - 0] INFO  pipeline.PipelineManagerImpl (PipelineManagerImpl.java:recordMetricsForPipeline(639)) - Pipeline: PipelineID=809d6a05-08ae-4253-b4a5-9d528ad3d8b2 contains same datanodes as previous pipelines: PipelineID=fc9bec6b-4603-4bd7-b0ea-c5c00bfcd4d9 nodeIds: 9e38299b-d888-4111-a9fe-1064c77c0439, 51457756-efc1-4f69-a8e1-a5f06e10f3ec, 8ab36e9f-68be-4dfb-8773-5c952908b11c
2022-02-20 11:33:15,640 [Listener at 127.0.0.1/34313] INFO  ozone.MiniOzoneClusterImpl (MiniOzoneClusterImpl.java:lambda$waitForClusterToBeReady$0(219)) - Nodes are ready. Got 3 of 3 DN Heartbeats.
2022-02-20 11:33:15,640 [Listener at 127.0.0.1/34313] INFO  ozone.MiniOzoneClusterImpl (MiniOzoneClusterImpl.java:lambda$waitForClusterToBeReady$0(222)) - Waiting for cluster to exit safe mode
2022-02-20 11:33:15,640 [Listener at 127.0.0.1/34313] INFO  ozone.MiniOzoneClusterImpl (MiniOzoneClusterImpl.java:lambda$waitForClusterToBeReady$0(224)) - SCM became leader
2022-02-20 11:33:16,641 [Listener at 127.0.0.1/34313] INFO  ozone.MiniOzoneClusterImpl (MiniOzoneClusterImpl.java:lambda$waitForClusterToBeReady$0(219)) - Nodes are ready. Got 3 of 3 DN Heartbeats.
2022-02-20 11:33:16,641 [Listener at 127.0.0.1/34313] INFO  ozone.MiniOzoneClusterImpl (MiniOzoneClusterImpl.java:lambda$waitForClusterToBeReady$0(222)) - Waiting for cluster to exit safe mode
2022-02-20 11:33:16,641 [Listener at 127.0.0.1/34313] INFO  ozone.MiniOzoneClusterImpl (MiniOzoneClusterImpl.java:lambda$waitForClusterToBeReady$0(224)) - SCM became leader
2022-02-20 11:33:16,903 [Command processor thread] INFO  server.RaftServer (RaftServerProxy.java:addNew(95)) - 9e38299b-d888-4111-a9fe-1064c77c0439: addNew group-67460D34CEA8:[9e38299b-d888-4111-a9fe-1064c77c0439|rpc:10.1.0.4:37023|priority:1] returns group-67460D34CEA8:java.util.concurrent.CompletableFuture@630558b6[Not completed]
2022-02-20 11:33:16,905 [pool-207-thread-1] INFO  server.RaftServer$Division (RaftServerImpl.java:<init>(184)) - 9e38299b-d888-4111-a9fe-1064c77c0439: new RaftServerImpl for group-67460D34CEA8:[9e38299b-d888-4111-a9fe-1064c77c0439|rpc:10.1.0.4:37023|priority:1] with ContainerStateMachine:uninitialized
2022-02-20 11:33:16,914 [pool-207-thread-1] INFO  server.RaftServerConfigKeys (ConfUtils.java:logGet(44)) - raft.server.rpc.timeout.min = 5s (custom)
2022-02-20 11:33:16,914 [pool-207-thread-1] INFO  server.RaftServerConfigKeys (ConfUtils.java:logGet(44)) - raft.server.rpc.timeout.max = 5200ms (custom)
2022-02-20 11:33:16,914 [pool-207-thread-1] INFO  server.RaftServerConfigKeys (ConfUtils.java:logGet(44)) - raft.server.rpc.sleep.time = 25ms (default)
2022-02-20 11:33:16,914 [pool-207-thread-1] INFO  server.RaftServerConfigKeys (ConfUtils.java:logGet(44)) - raft.server.rpc.slowness.timeout = 300s (custom)
2022-02-20 11:33:16,914 [pool-207-thread-1] INFO  server.RaftServerConfigKeys (ConfUtils.java:logGet(44)) - raft.server.leaderelection.leader.step-down.wait-time = 10s (default)
2022-02-20 11:33:16,914 [pool-207-thread-1] INFO  server.RaftServerConfigKeys (ConfUtils.java:logGet(44)) - raft.server.sleep.deviation.threshold = 300ms (default)
2022-02-20 11:33:16,914 [pool-207-thread-1] INFO  server.RaftServerConfigKeys (ConfUtils.java:logGet(44)) - raft.server.log.appender.install.snapshot.enabled = false (custom)
2022-02-20 11:33:16,914 [pool-207-thread-1] INFO  server.RaftServer$Division (ServerState.java:<init>(105)) - 9e38299b-d888-4111-a9fe-1064c77c0439@group-67460D34CEA8: ConfigurationManager, init=-1: [9e38299b-d888-4111-a9fe-1064c77c0439|rpc:10.1.0.4:37023|priority:1], old=null, confs=<EMPTY_MAP>
2022-02-20 11:33:16,914 [pool-207-thread-1] INFO  server.RaftServerConfigKeys (ConfUtils.java:logGet(44)) - raft.server.storage.dir = [/home/runner/work/ozone/ozone/hadoop-ozone/integration-test/target/test-dir/MiniOzoneClusterImpl-35320b25-8391-4d91-bc43-1aeffe704654/datanode-0/data/ratis] (custom)
2022-02-20 11:33:16,914 [pool-207-thread-1] INFO  server.RaftServerConfigKeys (ConfUtils.java:logGet(44)) - raft.server.log.corruption.policy = EXCEPTION (default)
2022-02-20 11:33:16,915 [pool-207-thread-1] INFO  server.RaftServerConfigKeys (ConfUtils.java:logGet(44)) - raft.server.storage.free-space.min = 0MB (=0) (default)
2022-02-20 11:33:16,915 [pool-207-thread-1] INFO  storage.RaftStorageDirectory (RaftStorageDirectoryImpl.java:analyzeStorage(135)) - The storage directory /home/runner/work/ozone/ozone/hadoop-ozone/integration-test/target/test-dir/MiniOzoneClusterImpl-35320b25-8391-4d91-bc43-1aeffe704654/datanode-0/data/ratis/26845308-c60e-4638-aa38-67460d34cea8 does not exist. Creating ...
2022-02-20 11:33:16,920 [pool-207-thread-1] INFO  storage.RaftStorageDirectory (RaftStorageDirectoryImpl.java:tryLock(230)) - Lock on /home/runner/work/ozone/ozone/hadoop-ozone/integration-test/target/test-dir/MiniOzoneClusterImpl-35320b25-8391-4d91-bc43-1aeffe704654/datanode-0/data/ratis/26845308-c60e-4638-aa38-67460d34cea8/in_use.lock acquired by nodename 9434@fv-az59-849
2022-02-20 11:33:16,921 [pool-207-thread-1] INFO  storage.RaftStorage (RaftStorageImpl.java:format(89)) - Storage directory /home/runner/work/ozone/ozone/hadoop-ozone/integration-test/target/test-dir/MiniOzoneClusterImpl-35320b25-8391-4d91-bc43-1aeffe704654/datanode-0/data/ratis/26845308-c60e-4638-aa38-67460d34cea8 has been successfully formatted.
2022-02-20 11:33:16,922 [pool-207-thread-1] INFO  ratis.ContainerStateMachine (ContainerStateMachine.java:loadSnapshot(236)) - group-67460D34CEA8: The snapshot info is null. Setting the last applied indexto:(t:0, i:~)
2022-02-20 11:33:16,922 [pool-207-thread-1] INFO  server.RaftServerConfigKeys (ConfUtils.java:logGet(44)) - raft.server.notification.no-leader.timeout = 300s (custom)
2022-02-20 11:33:16,922 [pool-207-thread-1] INFO  server.RaftServerConfigKeys (ConfUtils.java:logGet(44)) - raft.server.log.use.memory = false (default)
2022-02-20 11:33:16,922 [pool-207-thread-1] INFO  server.RaftServerConfigKeys (ConfUtils.java:logGet(44)) - raft.server.log.purge.gap = 1000000 (custom)
2022-02-20 11:33:16,922 [pool-207-thread-1] INFO  server.RaftServerConfigKeys (ConfUtils.java:logGet(44)) - raft.server.log.appender.buffer.byte-limit = 33554432 (custom)
2022-02-20 11:33:16,923 [pool-207-thread-1] INFO  server.RaftServerConfigKeys (ConfUtils.java:logGet(44)) - raft.server.log.segment.size.max = 1048576 (custom)
2022-02-20 11:33:16,923 [pool-207-thread-1] INFO  server.RaftServerConfigKeys (ConfUtils.java:logGet(44)) - raft.server.log.segment.cache.num.max = 2 (custom)
2022-02-20 11:33:16,923 [pool-207-thread-1] INFO  server.RaftServerConfigKeys (ConfUtils.java:logGet(44)) - raft.server.log.segment.cache.size.max = 200MB (=209715200) (default)
2022-02-20 11:33:16,923 [pool-207-thread-1] INFO  segmented.SegmentedRaftLogWorker (SegmentedRaftLogWorker.java:<init>(182)) - new 9e38299b-d888-4111-a9fe-1064c77c0439@group-67460D34CEA8-SegmentedRaftLogWorker for RaftStorageImpl:Storage Directory /home/runner/work/ozone/ozone/hadoop-ozone/integration-test/target/test-dir/MiniOzoneClusterImpl-35320b25-8391-4d91-bc43-1aeffe704654/datanode-0/data/ratis/26845308-c60e-4638-aa38-67460d34cea8
2022-02-20 11:33:16,923 [pool-207-thread-1] INFO  server.RaftServerConfigKeys (ConfUtils.java:logGet(44)) - raft.server.log.queue.byte-limit = 4294967296 (custom)
2022-02-20 11:33:16,923 [pool-207-thread-1] INFO  server.RaftServerConfigKeys (ConfUtils.java:logGet(44)) - raft.server.log.queue.element-limit = 1024 (custom)
2022-02-20 11:33:16,923 [pool-207-thread-1] INFO  server.RaftServerConfigKeys (ConfUtils.java:logGet(44)) - raft.server.log.segment.size.max = 1048576 (custom)
2022-02-20 11:33:16,923 [pool-207-thread-1] INFO  server.RaftServerConfigKeys (ConfUtils.java:logGet(44)) - raft.server.log.preallocated.size = 16384 (custom)
2022-02-20 11:33:16,923 [pool-207-thread-1] INFO  server.RaftServerConfigKeys (ConfUtils.java:logGet(44)) - raft.server.log.force.sync.num = 128 (default)
2022-02-20 11:33:16,923 [pool-207-thread-1] INFO  server.RaftServerConfigKeys (ConfUtils.java:logGet(44)) - raft.server.log.statemachine.data.sync = true (default)
2022-02-20 11:33:16,923 [pool-207-thread-1] INFO  server.RaftServerConfigKeys (ConfUtils.java:logGet(44)) - raft.server.log.statemachine.data.sync.timeout = 10s (default)
2022-02-20 11:33:16,923 [pool-207-thread-1] INFO  server.RaftServerConfigKeys (ConfUtils.java:logGet(44)) - raft.server.log.statemachine.data.sync.timeout.retry = -1 (default)
2022-02-20 11:33:16,924 [pool-207-thread-1] INFO  server.RaftServerConfigKeys (ConfUtils.java:logGet(44)) - raft.server.log.write.buffer.size = 1048576 (custom)
2022-02-20 11:33:16,924 [pool-207-thread-1] INFO  server.RaftServerConfigKeys (ConfUtils.java:logGet(44)) - raft.server.log.statemachine.data.caching.enabled = true (custom)
2022-02-20 11:33:16,924 [pool-207-thread-1] INFO  segmented.SegmentedRaftLogWorker (SegmentedRaftLogWorker.java:lambda$new$0(133)) - 9e38299b-d888-4111-a9fe-1064c77c0439@group-67460D34CEA8-SegmentedRaftLogWorker: flushIndex: setUnconditionally 0 -> -1
2022-02-20 11:33:16,924 [pool-207-thread-1] INFO  segmented.SegmentedRaftLogWorker (SegmentedRaftLogWorker.java:lambda$new$0(133)) - 9e38299b-d888-4111-a9fe-1064c77c0439@group-67460D34CEA8-SegmentedRaftLogWorker: safeCacheEvictIndex: setUnconditionally 0 -> -1
2022-02-20 11:33:16,926 [EventQueue-PipelineReportForPipelineReportHandler] INFO  pipeline.PipelineManagerImpl (PipelineManagerImpl.java:openPipeline(291)) - Pipeline Pipeline[ Id: 26845308-c60e-4638-aa38-67460d34cea8, Nodes: 9e38299b-d888-4111-a9fe-1064c77c0439{ip: 10.1.0.4, host: fv-az59-849.csjynl4pkq3e1pkirw3ssqjfoh.cx.internal.cloudapp.net, ports: [REPLICATION=34649, RATIS=37023, RATIS_ADMIN=37023, RATIS_SERVER=37023, STANDALONE=43753], networkLocation: /default-rack, certSerialId: null, persistedOpState: IN_SERVICE, persistedOpStateExpiryEpochSec: 0}, ReplicationConfig: RATIS/ONE, State:ALLOCATED, leaderId:9e38299b-d888-4111-a9fe-1064c77c0439, CreationTimestamp2022-02-20T11:33:13.911Z[Etc/UTC]] moved to OPEN state
2022-02-20 11:33:16,929 [pool-207-thread-1] INFO  server.RaftServerConfigKeys (ConfUtils.java:logGet(44)) - raft.server.snapshot.auto.trigger.enabled = true (custom)
2022-02-20 11:33:16,929 [pool-207-thread-1] INFO  server.RaftServerConfigKeys (ConfUtils.java:logGet(44)) - raft.server.snapshot.auto.trigger.threshold = 10000 (custom)
2022-02-20 11:33:16,929 [pool-207-thread-1] INFO  server.RaftServerConfigKeys (ConfUtils.java:logGet(44)) - raft.server.snapshot.retention.file.num = 5 (custom)
2022-02-20 11:33:16,929 [pool-207-thread-1] INFO  server.RaftServerConfigKeys (ConfUtils.java:logGet(44)) - raft.server.log.purge.upto.snapshot.index = false (default)
2022-02-20 11:33:16,929 [pool-207-thread-1] INFO  server.RaftServerConfigKeys (ConfUtils.java:logGet(44)) - raft.server.retrycache.expirytime = 600000ms (custom)
2022-02-20 11:33:16,929 [pool-207-thread-1] INFO  server.RaftServerConfigKeys (ConfUtils.java:logGet(44)) - raft.server.retrycache.statistics.expirytime = 100μs (default)
2022-02-20 11:33:16,940 [pool-207-thread-1] INFO  server.RaftServer$Division (RaftServerImpl.java:start(301)) - 9e38299b-d888-4111-a9fe-1064c77c0439@group-67460D34CEA8: start as a follower, conf=-1: [9e38299b-d888-4111-a9fe-1064c77c0439|rpc:10.1.0.4:37023|priority:1], old=null
2022-02-20 11:33:16,940 [pool-207-thread-1] INFO  server.RaftServer$Division (RaftServerImpl.java:setRole(290)) - 9e38299b-d888-4111-a9fe-1064c77c0439@group-67460D34CEA8: changes role from      null to FOLLOWER at term 0 for startAsFollower
2022-02-20 11:33:16,940 [pool-207-thread-1] INFO  impl.RoleInfo (RoleInfo.java:updateAndGet(130)) - 9e38299b-d888-4111-a9fe-1064c77c0439: start 9e38299b-d888-4111-a9fe-1064c77c0439@group-67460D34CEA8-FollowerState
2022-02-20 11:33:16,941 [pool-207-thread-1] INFO  util.JmxRegister (JmxRegister.java:tryRegister(44)) - Successfully registered JMX Bean with object name Ratis:service=RaftServer,group=group-67460D34CEA8,id=9e38299b-d888-4111-a9fe-1064c77c0439
2022-02-20 11:33:16,950 [f6ba6412-eb1e-4081-be92-513fc63bde1b@group-1AEFFE704654-StateMachineUpdater] INFO  safemode.HealthyPipelineSafeModeRule (HealthyPipelineSafeModeRule.java:initializeRule(152)) - Refreshed total pipeline count is 0, healthy pipeline threshold count is 1
2022-02-20 11:33:16,958 [Command processor thread] INFO  ratis.XceiverServerRatis (XceiverServerRatis.java:addGroup(769)) - Created group PipelineID=26845308-c60e-4638-aa38-67460d34cea8
2022-02-20 11:33:16,961 [Command processor thread] INFO  commandhandler.CreatePipelineCommandHandler (CreatePipelineCommandHandler.java:handle(106)) - Created Pipeline RATIS ONE PipelineID=26845308-c60e-4638-aa38-67460d34cea8.
2022-02-20 11:33:16,961 [Command processor thread] INFO  server.RaftServer (RaftServerProxy.java:addNew(95)) - 9e38299b-d888-4111-a9fe-1064c77c0439: addNew group-C5C00BFCD4D9:[8ab36e9f-68be-4dfb-8773-5c952908b11c|rpc:10.1.0.4:45831|priority:0, 51457756-efc1-4f69-a8e1-a5f06e10f3ec|rpc:10.1.0.4:32965|priority:0, 9e38299b-d888-4111-a9fe-1064c77c0439|rpc:10.1.0.4:37023|priority:1] returns group-C5C00BFCD4D9:java.util.concurrent.CompletableFuture@673ad00e[Not completed]
2022-02-20 11:33:16,963 [EventQueue-OpenPipelineForHealthyPipelineSafeModeRule] INFO  safemode.SCMSafeModeManager (HealthyPipelineSafeModeRule.java:process(124)) - SCM in safe mode. Healthy pipelines reported count is 0, required healthy pipeline reported count is 1
2022-02-20 11:33:16,966 [pool-207-thread-1] INFO  server.RaftServer$Division (RaftServerImpl.java:<init>(184)) - 9e38299b-d888-4111-a9fe-1064c77c0439: new RaftServerImpl for group-C5C00BFCD4D9:[8ab36e9f-68be-4dfb-8773-5c952908b11c|rpc:10.1.0.4:45831|priority:0, 51457756-efc1-4f69-a8e1-a5f06e10f3ec|rpc:10.1.0.4:32965|priority:0, 9e38299b-d888-4111-a9fe-1064c77c0439|rpc:10.1.0.4:37023|priority:1] with ContainerStateMachine:uninitialized
2022-02-20 11:33:16,966 [pool-207-thread-1] INFO  server.RaftServerConfigKeys (ConfUtils.java:logGet(44)) - raft.server.rpc.timeout.min = 5s (custom)
2022-02-20 11:33:16,966 [pool-207-thread-1] INFO  server.RaftServerConfigKeys (ConfUtils.java:logGet(44)) - raft.server.rpc.timeout.max = 5200ms (custom)
2022-02-20 11:33:16,966 [pool-207-thread-1] INFO  server.RaftServerConfigKeys (ConfUtils.java:logGet(44)) - raft.server.rpc.sleep.time = 25ms (default)
2022-02-20 11:33:16,966 [pool-207-thread-1] INFO  server.RaftServerConfigKeys (ConfUtils.java:logGet(44)) - raft.server.rpc.slowness.timeout = 300s (custom)
2022-02-20 11:33:16,966 [pool-207-thread-1] INFO  server.RaftServerConfigKeys (ConfUtils.java:logGet(44)) - raft.server.leaderelection.leader.step-down.wait-time = 10s (default)
2022-02-20 11:33:16,966 [pool-207-thread-1] INFO  server.RaftServerConfigKeys (ConfUtils.java:logGet(44)) - raft.server.sleep.deviation.threshold = 300ms (default)
2022-02-20 11:33:16,966 [pool-207-thread-1] INFO  server.RaftServerConfigKeys (ConfUtils.java:logGet(44)) - raft.server.log.appender.install.snapshot.enabled = false (custom)
2022-02-20 11:33:16,966 [pool-207-thread-1] INFO  server.RaftServer$Division (ServerState.java:<init>(105)) - 9e38299b-d888-4111-a9fe-1064c77c0439@group-C5C00BFCD4D9: ConfigurationManager, init=-1: [8ab36e9f-68be-4dfb-8773-5c952908b11c|rpc:10.1.0.4:45831|priority:0, 51457756-efc1-4f69-a8e1-a5f06e10f3ec|rpc:10.1.0.4:32965|priority:0, 9e38299b-d888-4111-a9fe-1064c77c0439|rpc:10.1.0.4:37023|priority:1], old=null, confs=<EMPTY_MAP>
2022-02-20 11:33:16,966 [pool-207-thread-1] INFO  server.RaftServerConfigKeys (ConfUtils.java:logGet(44)) - raft.server.storage.dir = [/home/runner/work/ozone/ozone/hadoop-ozone/integration-test/target/test-dir/MiniOzoneClusterImpl-35320b25-8391-4d91-bc43-1aeffe704654/datanode-0/data/ratis] (custom)
2022-02-20 11:33:16,966 [pool-207-thread-1] INFO  server.RaftServerConfigKeys (ConfUtils.java:logGet(44)) - raft.server.log.corruption.policy = EXCEPTION (default)
2022-02-20 11:33:16,966 [pool-207-thread-1] INFO  server.RaftServerConfigKeys (ConfUtils.java:logGet(44)) - raft.server.storage.free-space.min = 0MB (=0) (default)
2022-02-20 11:33:16,967 [pool-207-thread-1] INFO  storage.RaftStorageDirectory (RaftStorageDirectoryImpl.java:analyzeStorage(135)) - The storage directory /home/runner/work/ozone/ozone/hadoop-ozone/integration-test/target/test-dir/MiniOzoneClusterImpl-35320b25-8391-4d91-bc43-1aeffe704654/datanode-0/data/ratis/fc9bec6b-4603-4bd7-b0ea-c5c00bfcd4d9 does not exist. Creating ...
2022-02-20 11:33:16,967 [pool-207-thread-1] INFO  storage.RaftStorageDirectory (RaftStorageDirectoryImpl.java:tryLock(230)) - Lock on /home/runner/work/ozone/ozone/hadoop-ozone/integration-test/target/test-dir/MiniOzoneClusterImpl-35320b25-8391-4d91-bc43-1aeffe704654/datanode-0/data/ratis/fc9bec6b-4603-4bd7-b0ea-c5c00bfcd4d9/in_use.lock acquired by nodename 9434@fv-az59-849
2022-02-20 11:33:16,968 [pool-207-thread-1] INFO  storage.RaftStorage (RaftStorageImpl.java:format(89)) - Storage directory /home/runner/work/ozone/ozone/hadoop-ozone/integration-test/target/test-dir/MiniOzoneClusterImpl-35320b25-8391-4d91-bc43-1aeffe704654/datanode-0/data/ratis/fc9bec6b-4603-4bd7-b0ea-c5c00bfcd4d9 has been successfully formatted.
2022-02-20 11:33:16,968 [pool-207-thread-1] INFO  ratis.ContainerStateMachine (ContainerStateMachine.java:loadSnapshot(236)) - group-C5C00BFCD4D9: The snapshot info is null. Setting the last applied indexto:(t:0, i:~)
2022-02-20 11:33:16,968 [pool-207-thread-1] INFO  server.RaftServerConfigKeys (ConfUtils.java:logGet(44)) - raft.server.notification.no-leader.timeout = 300s (custom)
2022-02-20 11:33:16,968 [pool-207-thread-1] INFO  server.RaftServerConfigKeys (ConfUtils.java:logGet(44)) - raft.server.log.use.memory = false (default)
2022-02-20 11:33:16,969 [pool-207-thread-1] INFO  server.RaftServerConfigKeys (ConfUtils.java:logGet(44)) - raft.server.log.purge.gap = 1000000 (custom)
2022-02-20 11:33:16,969 [pool-207-thread-1] INFO  server.RaftServerConfigKeys (ConfUtils.java:logGet(44)) - raft.server.log.appender.buffer.byte-limit = 33554432 (custom)
2022-02-20 11:33:16,969 [pool-207-thread-1] INFO  server.RaftServerConfigKeys (ConfUtils.java:logGet(44)) - raft.server.log.segment.size.max = 1048576 (custom)
2022-02-20 11:33:16,970 [pool-207-thread-1] INFO  server.RaftServerConfigKeys (ConfUtils.java:logGet(44)) - raft.server.log.segment.cache.num.max = 2 (custom)
2022-02-20 11:33:16,970 [pool-207-thread-1] INFO  server.RaftServerConfigKeys (ConfUtils.java:logGet(44)) - raft.server.log.segment.cache.size.max = 200MB (=209715200) (default)
2022-02-20 11:33:16,970 [pool-207-thread-1] INFO  segmented.SegmentedRaftLogWorker (SegmentedRaftLogWorker.java:<init>(182)) - new 9e38299b-d888-4111-a9fe-1064c77c0439@group-C5C00BFCD4D9-SegmentedRaftLogWorker for RaftStorageImpl:Storage Directory /home/runner/work/ozone/ozone/hadoop-ozone/integration-test/target/test-dir/MiniOzoneClusterImpl-35320b25-8391-4d91-bc43-1aeffe704654/datanode-0/data/ratis/fc9bec6b-4603-4bd7-b0ea-c5c00bfcd4d9
2022-02-20 11:33:16,970 [pool-207-thread-1] INFO  server.RaftServerConfigKeys (ConfUtils.java:logGet(44)) - raft.server.log.queue.byte-limit = 4294967296 (custom)
2022-02-20 11:33:16,971 [pool-207-thread-1] INFO  server.RaftServerConfigKeys (ConfUtils.java:logGet(44)) - raft.server.log.queue.element-limit = 1024 (custom)
2022-02-20 11:33:16,971 [pool-207-thread-1] INFO  server.RaftServerConfigKeys (ConfUtils.java:logGet(44)) - raft.server.log.segment.size.max = 1048576 (custom)
2022-02-20 11:33:16,971 [pool-207-thread-1] INFO  server.RaftServerConfigKeys (ConfUtils.java:logGet(44)) - raft.server.log.preallocated.size = 16384 (custom)
2022-02-20 11:33:16,971 [pool-207-thread-1] INFO  server.RaftServerConfigKeys (ConfUtils.java:logGet(44)) - raft.server.log.force.sync.num = 128 (default)
2022-02-20 11:33:16,971 [pool-207-thread-1] INFO  server.RaftServerConfigKeys (ConfUtils.java:logGet(44)) - raft.server.log.statemachine.data.sync = true (default)
2022-02-20 11:33:16,971 [pool-207-thread-1] INFO  server.RaftServerConfigKeys (ConfUtils.java:logGet(44)) - raft.server.log.statemachine.data.sync.timeout = 10s (default)
2022-02-20 11:33:16,971 [pool-207-thread-1] INFO  server.RaftServerConfigKeys (ConfUtils.java:logGet(44)) - raft.server.log.statemachine.data.sync.timeout.retry = -1 (default)
2022-02-20 11:33:16,972 [pool-207-thread-1] INFO  server.RaftServerConfigKeys (ConfUtils.java:logGet(44)) - raft.server.log.write.buffer.size = 1048576 (custom)
2022-02-20 11:33:16,972 [pool-207-thread-1] INFO  server.RaftServerConfigKeys (ConfUtils.java:logGet(44)) - raft.server.log.statemachine.data.caching.enabled = true (custom)
2022-02-20 11:33:16,972 [pool-207-thread-1] INFO  segmented.SegmentedRaftLogWorker (SegmentedRaftLogWorker.java:lambda$new$0(133)) - 9e38299b-d888-4111-a9fe-1064c77c0439@group-C5C00BFCD4D9-SegmentedRaftLogWorker: flushIndex: setUnconditionally 0 -> -1
2022-02-20 11:33:16,972 [pool-207-thread-1] INFO  segmented.SegmentedRaftLogWorker (SegmentedRaftLogWorker.java:lambda$new$0(133)) - 9e38299b-d888-4111-a9fe-1064c77c0439@group-C5C00BFCD4D9-SegmentedRaftLogWorker: safeCacheEvictIndex: setUnconditionally 0 -> -1
2022-02-20 11:33:16,972 [EventQueue-OpenPipelineForHealthyPipelineSafeModeRule] INFO  safemode.SCMSafeModeManager (HealthyPipelineSafeModeRule.java:process(124)) - SCM in safe mode. Healthy pipelines reported count is 0, required healthy pipeline reported count is 1
2022-02-20 11:33:16,978 [pool-207-thread-1] INFO  server.RaftServerConfigKeys (ConfUtils.java:logGet(44)) - raft.server.snapshot.auto.trigger.enabled = true (custom)
2022-02-20 11:33:16,978 [pool-207-thread-1] INFO  server.RaftServerConfigKeys (ConfUtils.java:logGet(44)) - raft.server.snapshot.auto.trigger.threshold = 10000 (custom)
2022-02-20 11:33:16,978 [pool-207-thread-1] INFO  server.RaftServerConfigKeys (ConfUtils.java:logGet(44)) - raft.server.snapshot.retention.file.num = 5 (custom)
2022-02-20 11:33:16,978 [pool-207-thread-1] INFO  server.RaftServerConfigKeys (ConfUtils.java:logGet(44)) - raft.server.log.purge.upto.snapshot.index = false (default)
2022-02-20 11:33:16,978 [pool-207-thread-1] INFO  server.RaftServerConfigKeys (ConfUtils.java:logGet(44)) - raft.server.retrycache.expirytime = 600000ms (custom)
2022-02-20 11:33:16,978 [pool-207-thread-1] INFO  server.RaftServerConfigKeys (ConfUtils.java:logGet(44)) - raft.server.retrycache.statistics.expirytime = 100μs (default)
2022-02-20 11:33:16,979 [pool-207-thread-1] INFO  server.RaftServer$Division (RaftServerImpl.java:start(301)) - 9e38299b-d888-4111-a9fe-1064c77c0439@group-C5C00BFCD4D9: start as a follower, conf=-1: [8ab36e9f-68be-4dfb-8773-5c952908b11c|rpc:10.1.0.4:45831|priority:0, 51457756-efc1-4f69-a8e1-a5f06e10f3ec|rpc:10.1.0.4:32965|priority:0, 9e38299b-d888-4111-a9fe-1064c77c0439|rpc:10.1.0.4:37023|priority:1], old=null
2022-02-20 11:33:16,979 [pool-207-thread-1] INFO  server.RaftServer$Division (RaftServerImpl.java:setRole(290)) - 9e38299b-d888-4111-a9fe-1064c77c0439@group-C5C00BFCD4D9: changes role from      null to FOLLOWER at term 0 for startAsFollower
2022-02-20 11:33:16,979 [pool-207-thread-1] INFO  impl.RoleInfo (RoleInfo.java:updateAndGet(130)) - 9e38299b-d888-4111-a9fe-1064c77c0439: start 9e38299b-d888-4111-a9fe-1064c77c0439@group-C5C00BFCD4D9-FollowerState
2022-02-20 11:33:16,981 [pool-207-thread-1] INFO  util.JmxRegister (JmxRegister.java:tryRegister(44)) - Successfully registered JMX Bean with object name Ratis:service=RaftServer,group=group-C5C00BFCD4D9,id=9e38299b-d888-4111-a9fe-1064c77c0439
2022-02-20 11:33:16,986 [Command processor thread] INFO  ratis.XceiverServerRatis (XceiverServerRatis.java:addGroup(769)) - Created group PipelineID=fc9bec6b-4603-4bd7-b0ea-c5c00bfcd4d9
2022-02-20 11:33:17,015 [grpc-default-executor-0] INFO  server.RaftServer (RaftServerProxy.java:addNew(95)) - 51457756-efc1-4f69-a8e1-a5f06e10f3ec: addNew group-C5C00BFCD4D9:[8ab36e9f-68be-4dfb-8773-5c952908b11c|rpc:10.1.0.4:45831|dataStream:|priority:0, 51457756-efc1-4f69-a8e1-a5f06e10f3ec|rpc:10.1.0.4:32965|dataStream:|priority:0, 9e38299b-d888-4111-a9fe-1064c77c0439|rpc:10.1.0.4:37023|dataStream:|priority:1] returns group-C5C00BFCD4D9:java.util.concurrent.CompletableFuture@371c1d05[Not completed]
2022-02-20 11:33:17,020 [pool-249-thread-1] INFO  server.RaftServer$Division (RaftServerImpl.java:<init>(184)) - 51457756-efc1-4f69-a8e1-a5f06e10f3ec: new RaftServerImpl for group-C5C00BFCD4D9:[8ab36e9f-68be-4dfb-8773-5c952908b11c|rpc:10.1.0.4:45831|dataStream:|priority:0, 51457756-efc1-4f69-a8e1-a5f06e10f3ec|rpc:10.1.0.4:32965|dataStream:|priority:0, 9e38299b-d888-4111-a9fe-1064c77c0439|rpc:10.1.0.4:37023|dataStream:|priority:1] with ContainerStateMachine:uninitialized
2022-02-20 11:33:17,021 [pool-249-thread-1] INFO  server.RaftServerConfigKeys (ConfUtils.java:logGet(44)) - raft.server.rpc.timeout.min = 5s (custom)
2022-02-20 11:33:17,021 [pool-249-thread-1] INFO  server.RaftServerConfigKeys (ConfUtils.java:logGet(44)) - raft.server.rpc.timeout.max = 5200ms (custom)
2022-02-20 11:33:17,021 [pool-249-thread-1] INFO  server.RaftServerConfigKeys (ConfUtils.java:logGet(44)) - raft.server.rpc.sleep.time = 25ms (default)
2022-02-20 11:33:17,021 [pool-249-thread-1] INFO  server.RaftServerConfigKeys (ConfUtils.java:logGet(44)) - raft.server.rpc.slowness.timeout = 300s (custom)
2022-02-20 11:33:17,021 [pool-249-thread-1] INFO  server.RaftServerConfigKeys (ConfUtils.java:logGet(44)) - raft.server.leaderelection.leader.step-down.wait-time = 10s (default)
2022-02-20 11:33:17,021 [pool-249-thread-1] INFO  server.RaftServerConfigKeys (ConfUtils.java:logGet(44)) - raft.server.sleep.deviation.threshold = 300ms (default)
2022-02-20 11:33:17,021 [pool-249-thread-1] INFO  server.RaftServerConfigKeys (ConfUtils.java:logGet(44)) - raft.server.log.appender.install.snapshot.enabled = false (custom)
2022-02-20 11:33:17,021 [pool-249-thread-1] INFO  server.RaftServer$Division (ServerState.java:<init>(105)) - 51457756-efc1-4f69-a8e1-a5f06e10f3ec@group-C5C00BFCD4D9: ConfigurationManager, init=-1: [8ab36e9f-68be-4dfb-8773-5c952908b11c|rpc:10.1.0.4:45831|dataStream:|priority:0, 51457756-efc1-4f69-a8e1-a5f06e10f3ec|rpc:10.1.0.4:32965|dataStream:|priority:0, 9e38299b-d888-4111-a9fe-1064c77c0439|rpc:10.1.0.4:37023|dataStream:|priority:1], old=null, confs=<EMPTY_MAP>
2022-02-20 11:33:17,021 [pool-249-thread-1] INFO  server.RaftServerConfigKeys (ConfUtils.java:logGet(44)) - raft.server.storage.dir = [/home/runner/work/ozone/ozone/hadoop-ozone/integration-test/target/test-dir/MiniOzoneClusterImpl-35320b25-8391-4d91-bc43-1aeffe704654/datanode-2/data/ratis] (custom)
2022-02-20 11:33:17,022 [pool-249-thread-1] INFO  server.RaftServerConfigKeys (ConfUtils.java:logGet(44)) - raft.server.log.corruption.policy = EXCEPTION (default)
2022-02-20 11:33:17,022 [pool-249-thread-1] INFO  server.RaftServerConfigKeys (ConfUtils.java:logGet(44)) - raft.server.storage.free-space.min = 0MB (=0) (default)
2022-02-20 11:33:17,022 [pool-249-thread-1] INFO  storage.RaftStorageDirectory (RaftStorageDirectoryImpl.java:analyzeStorage(135)) - The storage directory /home/runner/work/ozone/ozone/hadoop-ozone/integration-test/target/test-dir/MiniOzoneClusterImpl-35320b25-8391-4d91-bc43-1aeffe704654/datanode-2/data/ratis/fc9bec6b-4603-4bd7-b0ea-c5c00bfcd4d9 does not exist. Creating ...
2022-02-20 11:33:17,030 [pool-249-thread-1] INFO  storage.RaftStorageDirectory (RaftStorageDirectoryImpl.java:tryLock(230)) - Lock on /home/runner/work/ozone/ozone/hadoop-ozone/integration-test/target/test-dir/MiniOzoneClusterImpl-35320b25-8391-4d91-bc43-1aeffe704654/datanode-2/data/ratis/fc9bec6b-4603-4bd7-b0ea-c5c00bfcd4d9/in_use.lock acquired by nodename 9434@fv-az59-849
2022-02-20 11:33:17,037 [pool-249-thread-1] INFO  storage.RaftStorage (RaftStorageImpl.java:format(89)) - Storage directory /home/runner/work/ozone/ozone/hadoop-ozone/integration-test/target/test-dir/MiniOzoneClusterImpl-35320b25-8391-4d91-bc43-1aeffe704654/datanode-2/data/ratis/fc9bec6b-4603-4bd7-b0ea-c5c00bfcd4d9 has been successfully formatted.
2022-02-20 11:33:17,037 [pool-249-thread-1] INFO  ratis.ContainerStateMachine (ContainerStateMachine.java:loadSnapshot(236)) - group-C5C00BFCD4D9: The snapshot info is null. Setting the last applied indexto:(t:0, i:~)
2022-02-20 11:33:17,037 [pool-249-thread-1] INFO  server.RaftServerConfigKeys (ConfUtils.java:logGet(44)) - raft.server.notification.no-leader.timeout = 300s (custom)
2022-02-20 11:33:17,038 [pool-249-thread-1] INFO  server.RaftServerConfigKeys (ConfUtils.java:logGet(44)) - raft.server.log.use.memory = false (default)
2022-02-20 11:33:17,038 [pool-249-thread-1] INFO  server.RaftServerConfigKeys (ConfUtils.java:logGet(44)) - raft.server.log.purge.gap = 1000000 (custom)
2022-02-20 11:33:17,038 [pool-249-thread-1] INFO  server.RaftServerConfigKeys (ConfUtils.java:logGet(44)) - raft.server.log.appender.buffer.byte-limit = 33554432 (custom)
2022-02-20 11:33:17,038 [pool-249-thread-1] INFO  server.RaftServerConfigKeys (ConfUtils.java:logGet(44)) - raft.server.log.segment.size.max = 1048576 (custom)
2022-02-20 11:33:17,038 [pool-249-thread-1] INFO  server.RaftServerConfigKeys (ConfUtils.java:logGet(44)) - raft.server.log.segment.cache.num.max = 2 (custom)
2022-02-20 11:33:17,038 [pool-249-thread-1] INFO  server.RaftServerConfigKeys (ConfUtils.java:logGet(44)) - raft.server.log.segment.cache.size.max = 200MB (=209715200) (default)
2022-02-20 11:33:17,038 [pool-249-thread-1] INFO  segmented.SegmentedRaftLogWorker (SegmentedRaftLogWorker.java:<init>(182)) - new 51457756-efc1-4f69-a8e1-a5f06e10f3ec@group-C5C00BFCD4D9-SegmentedRaftLogWorker for RaftStorageImpl:Storage Directory /home/runner/work/ozone/ozone/hadoop-ozone/integration-test/target/test-dir/MiniOzoneClusterImpl-35320b25-8391-4d91-bc43-1aeffe704654/datanode-2/data/ratis/fc9bec6b-4603-4bd7-b0ea-c5c00bfcd4d9
2022-02-20 11:33:17,038 [pool-249-thread-1] INFO  server.RaftServerConfigKeys (ConfUtils.java:logGet(44)) - raft.server.log.queue.byte-limit = 4294967296 (custom)
2022-02-20 11:33:17,038 [pool-249-thread-1] INFO  server.RaftServerConfigKeys (ConfUtils.java:logGet(44)) - raft.server.log.queue.element-limit = 1024 (custom)
2022-02-20 11:33:17,038 [pool-249-thread-1] INFO  server.RaftServerConfigKeys (ConfUtils.java:logGet(44)) - raft.server.log.segment.size.max = 1048576 (custom)
2022-02-20 11:33:17,038 [pool-249-thread-1] INFO  server.RaftServerConfigKeys (ConfUtils.java:logGet(44)) - raft.server.log.preallocated.size = 16384 (custom)
2022-02-20 11:33:17,038 [pool-249-thread-1] INFO  server.RaftServerConfigKeys (ConfUtils.java:logGet(44)) - raft.server.log.force.sync.num = 128 (default)
2022-02-20 11:33:17,039 [pool-249-thread-1] INFO  server.RaftServerConfigKeys (ConfUtils.java:logGet(44)) - raft.server.log.statemachine.data.sync = true (default)
2022-02-20 11:33:17,039 [pool-249-thread-1] INFO  server.RaftServerConfigKeys (ConfUtils.java:logGet(44)) - raft.server.log.statemachine.data.sync.timeout = 10s (default)
2022-02-20 11:33:17,039 [pool-249-thread-1] INFO  server.RaftServerConfigKeys (ConfUtils.java:logGet(44)) - raft.server.log.statemachine.data.sync.timeout.retry = -1 (default)
2022-02-20 11:33:17,039 [pool-249-thread-1] INFO  server.RaftServerConfigKeys (ConfUtils.java:logGet(44)) - raft.server.log.write.buffer.size = 1048576 (custom)
2022-02-20 11:33:17,039 [pool-249-thread-1] INFO  server.RaftServerConfigKeys (ConfUtils.java:logGet(44)) - raft.server.log.statemachine.data.caching.enabled = true (custom)
2022-02-20 11:33:17,040 [pool-249-thread-1] INFO  segmented.SegmentedRaftLogWorker (SegmentedRaftLogWorker.java:lambda$new$0(133)) - 51457756-efc1-4f69-a8e1-a5f06e10f3ec@group-C5C00BFCD4D9-SegmentedRaftLogWorker: flushIndex: setUnconditionally 0 -> -1
2022-02-20 11:33:17,040 [pool-249-thread-1] INFO  segmented.SegmentedRaftLogWorker (SegmentedRaftLogWorker.java:lambda$new$0(133)) - 51457756-efc1-4f69-a8e1-a5f06e10f3ec@group-C5C00BFCD4D9-SegmentedRaftLogWorker: safeCacheEvictIndex: setUnconditionally 0 -> -1
2022-02-20 11:33:17,041 [pool-249-thread-1] INFO  server.RaftServerConfigKeys (ConfUtils.java:logGet(44)) - raft.server.snapshot.auto.trigger.enabled = true (custom)
2022-02-20 11:33:17,041 [pool-249-thread-1] INFO  server.RaftServerConfigKeys (ConfUtils.java:logGet(44)) - raft.server.snapshot.auto.trigger.threshold = 10000 (custom)
2022-02-20 11:33:17,041 [pool-249-thread-1] INFO  server.RaftServerConfigKeys (ConfUtils.java:logGet(44)) - raft.server.snapshot.retention.file.num = 5 (custom)
2022-02-20 11:33:17,041 [pool-249-thread-1] INFO  server.RaftServerConfigKeys (ConfUtils.java:logGet(44)) - raft.server.log.purge.upto.snapshot.index = false (default)
2022-02-20 11:33:17,041 [pool-249-thread-1] INFO  server.RaftServerConfigKeys (ConfUtils.java:logGet(44)) - raft.server.retrycache.expirytime = 600000ms (custom)
2022-02-20 11:33:17,041 [pool-249-thread-1] INFO  server.RaftServerConfigKeys (ConfUtils.java:logGet(44)) - raft.server.retrycache.statistics.expirytime = 100μs (default)
2022-02-20 11:33:17,042 [pool-249-thread-1] INFO  server.RaftServer$Division (RaftServerImpl.java:start(301)) - 51457756-efc1-4f69-a8e1-a5f06e10f3ec@group-C5C00BFCD4D9: start as a follower, conf=-1: [8ab36e9f-68be-4dfb-8773-5c952908b11c|rpc:10.1.0.4:45831|dataStream:|priority:0, 51457756-efc1-4f69-a8e1-a5f06e10f3ec|rpc:10.1.0.4:32965|dataStream:|priority:0, 9e38299b-d888-4111-a9fe-1064c77c0439|rpc:10.1.0.4:37023|dataStream:|priority:1], old=null
2022-02-20 11:33:17,042 [pool-249-thread-1] INFO  server.RaftServer$Division (RaftServerImpl.java:setRole(290)) - 51457756-efc1-4f69-a8e1-a5f06e10f3ec@group-C5C00BFCD4D9: changes role from      null to FOLLOWER at term 0 for startAsFollower
2022-02-20 11:33:17,042 [pool-249-thread-1] INFO  impl.RoleInfo (RoleInfo.java:updateAndGet(130)) - 51457756-efc1-4f69-a8e1-a5f06e10f3ec: start 51457756-efc1-4f69-a8e1-a5f06e10f3ec@group-C5C00BFCD4D9-FollowerState
2022-02-20 11:33:17,042 [pool-249-thread-1] INFO  util.JmxRegister (JmxRegister.java:tryRegister(44)) - Successfully registered JMX Bean with object name Ratis:service=RaftServer,group=group-C5C00BFCD4D9,id=51457756-efc1-4f69-a8e1-a5f06e10f3ec
2022-02-20 11:33:17,083 [grpc-default-executor-0] INFO  server.RaftServer (RaftServerProxy.java:addNew(95)) - 8ab36e9f-68be-4dfb-8773-5c952908b11c: addNew group-C5C00BFCD4D9:[8ab36e9f-68be-4dfb-8773-5c952908b11c|rpc:10.1.0.4:45831|dataStream:|priority:0, 51457756-efc1-4f69-a8e1-a5f06e10f3ec|rpc:10.1.0.4:32965|dataStream:|priority:0, 9e38299b-d888-4111-a9fe-1064c77c0439|rpc:10.1.0.4:37023|dataStream:|priority:1] returns group-C5C00BFCD4D9:java.util.concurrent.CompletableFuture@3660cfb[Not completed]
2022-02-20 11:33:17,084 [pool-228-thread-1] INFO  server.RaftServer$Division (RaftServerImpl.java:<init>(184)) - 8ab36e9f-68be-4dfb-8773-5c952908b11c: new RaftServerImpl for group-C5C00BFCD4D9:[8ab36e9f-68be-4dfb-8773-5c952908b11c|rpc:10.1.0.4:45831|dataStream:|priority:0, 51457756-efc1-4f69-a8e1-a5f06e10f3ec|rpc:10.1.0.4:32965|dataStream:|priority:0, 9e38299b-d888-4111-a9fe-1064c77c0439|rpc:10.1.0.4:37023|dataStream:|priority:1] with ContainerStateMachine:uninitialized
2022-02-20 11:33:17,095 [pool-228-thread-1] INFO  server.RaftServerConfigKeys (ConfUtils.java:logGet(44)) - raft.server.rpc.timeout.min = 5s (custom)
2022-02-20 11:33:17,096 [pool-228-thread-1] INFO  server.RaftServerConfigKeys (ConfUtils.java:logGet(44)) - raft.server.rpc.timeout.max = 5200ms (custom)
2022-02-20 11:33:17,096 [pool-228-thread-1] INFO  server.RaftServerConfigKeys (ConfUtils.java:logGet(44)) - raft.server.rpc.sleep.time = 25ms (default)
2022-02-20 11:33:17,096 [pool-228-thread-1] INFO  server.RaftServerConfigKeys (ConfUtils.java:logGet(44)) - raft.server.rpc.slowness.timeout = 300s (custom)
2022-02-20 11:33:17,096 [pool-228-thread-1] INFO  server.RaftServerConfigKeys (ConfUtils.java:logGet(44)) - raft.server.leaderelection.leader.step-down.wait-time = 10s (default)
2022-02-20 11:33:17,096 [pool-228-thread-1] INFO  server.RaftServerConfigKeys (ConfUtils.java:logGet(44)) - raft.server.sleep.deviation.threshold = 300ms (default)
2022-02-20 11:33:17,096 [pool-228-thread-1] INFO  server.RaftServerConfigKeys (ConfUtils.java:logGet(44)) - raft.server.log.appender.install.snapshot.enabled = false (custom)
2022-02-20 11:33:17,096 [pool-228-thread-1] INFO  server.RaftServer$Division (ServerState.java:<init>(105)) - 8ab36e9f-68be-4dfb-8773-5c952908b11c@group-C5C00BFCD4D9: ConfigurationManager, init=-1: [8ab36e9f-68be-4dfb-8773-5c952908b11c|rpc:10.1.0.4:45831|dataStream:|priority:0, 51457756-efc1-4f69-a8e1-a5f06e10f3ec|rpc:10.1.0.4:32965|dataStream:|priority:0, 9e38299b-d888-4111-a9fe-1064c77c0439|rpc:10.1.0.4:37023|dataStream:|priority:1], old=null, confs=<EMPTY_MAP>
2022-02-20 11:33:17,096 [pool-228-thread-1] INFO  server.RaftServerConfigKeys (ConfUtils.java:logGet(44)) - raft.server.storage.dir = [/home/runner/work/ozone/ozone/hadoop-ozone/integration-test/target/test-dir/MiniOzoneClusterImpl-35320b25-8391-4d91-bc43-1aeffe704654/datanode-1/data/ratis] (custom)
2022-02-20 11:33:17,096 [pool-228-thread-1] INFO  server.RaftServerConfigKeys (ConfUtils.java:logGet(44)) - raft.server.log.corruption.policy = EXCEPTION (default)
2022-02-20 11:33:17,096 [pool-228-thread-1] INFO  server.RaftServerConfigKeys (ConfUtils.java:logGet(44)) - raft.server.storage.free-space.min = 0MB (=0) (default)
2022-02-20 11:33:17,098 [pool-228-thread-1] INFO  storage.RaftStorageDirectory (RaftStorageDirectoryImpl.java:analyzeStorage(135)) - The storage directory /home/runner/work/ozone/ozone/hadoop-ozone/integration-test/target/test-dir/MiniOzoneClusterImpl-35320b25-8391-4d91-bc43-1aeffe704654/datanode-1/data/ratis/fc9bec6b-4603-4bd7-b0ea-c5c00bfcd4d9 does not exist. Creating ...
2022-02-20 11:33:17,100 [pool-228-thread-1] INFO  storage.RaftStorageDirectory (RaftStorageDirectoryImpl.java:tryLock(230)) - Lock on /home/runner/work/ozone/ozone/hadoop-ozone/integration-test/target/test-dir/MiniOzoneClusterImpl-35320b25-8391-4d91-bc43-1aeffe704654/datanode-1/data/ratis/fc9bec6b-4603-4bd7-b0ea-c5c00bfcd4d9/in_use.lock acquired by nodename 9434@fv-az59-849
2022-02-20 11:33:17,102 [pool-228-thread-1] INFO  storage.RaftStorage (RaftStorageImpl.java:format(89)) - Storage directory /home/runner/work/ozone/ozone/hadoop-ozone/integration-test/target/test-dir/MiniOzoneClusterImpl-35320b25-8391-4d91-bc43-1aeffe704654/datanode-1/data/ratis/fc9bec6b-4603-4bd7-b0ea-c5c00bfcd4d9 has been successfully formatted.
2022-02-20 11:33:17,110 [pool-228-thread-1] INFO  ratis.ContainerStateMachine (ContainerStateMachine.java:loadSnapshot(236)) - group-C5C00BFCD4D9: The snapshot info is null. Setting the last applied indexto:(t:0, i:~)
2022-02-20 11:33:17,110 [pool-228-thread-1] INFO  server.RaftServerConfigKeys (ConfUtils.java:logGet(44)) - raft.server.notification.no-leader.timeout = 300s (custom)
2022-02-20 11:33:17,110 [pool-228-thread-1] INFO  server.RaftServerConfigKeys (ConfUtils.java:logGet(44)) - raft.server.log.use.memory = false (default)
2022-02-20 11:33:17,110 [pool-228-thread-1] INFO  server.RaftServerConfigKeys (ConfUtils.java:logGet(44)) - raft.server.log.purge.gap = 1000000 (custom)
2022-02-20 11:33:17,110 [pool-228-thread-1] INFO  server.RaftServerConfigKeys (ConfUtils.java:logGet(44)) - raft.server.log.appender.buffer.byte-limit = 33554432 (custom)
2022-02-20 11:33:17,110 [pool-228-thread-1] INFO  server.RaftServerConfigKeys (ConfUtils.java:logGet(44)) - raft.server.log.segment.size.max = 1048576 (custom)
2022-02-20 11:33:17,110 [pool-228-thread-1] INFO  server.RaftServerConfigKeys (ConfUtils.java:logGet(44)) - raft.server.log.segment.cache.num.max = 2 (custom)
2022-02-20 11:33:17,110 [pool-228-thread-1] INFO  server.RaftServerConfigKeys (ConfUtils.java:logGet(44)) - raft.server.log.segment.cache.size.max = 200MB (=209715200) (default)
2022-02-20 11:33:17,111 [pool-228-thread-1] INFO  segmented.SegmentedRaftLogWorker (SegmentedRaftLogWorker.java:<init>(182)) - new 8ab36e9f-68be-4dfb-8773-5c952908b11c@group-C5C00BFCD4D9-SegmentedRaftLogWorker for RaftStorageImpl:Storage Directory /home/runner/work/ozone/ozone/hadoop-ozone/integration-test/target/test-dir/MiniOzoneClusterImpl-35320b25-8391-4d91-bc43-1aeffe704654/datanode-1/data/ratis/fc9bec6b-4603-4bd7-b0ea-c5c00bfcd4d9
2022-02-20 11:33:17,111 [pool-228-thread-1] INFO  server.RaftServerConfigKeys (ConfUtils.java:logGet(44)) - raft.server.log.queue.byte-limit = 4294967296 (custom)
2022-02-20 11:33:17,111 [pool-228-thread-1] INFO  server.RaftServerConfigKeys (ConfUtils.java:logGet(44)) - raft.server.log.queue.element-limit = 1024 (custom)
2022-02-20 11:33:17,111 [pool-228-thread-1] INFO  server.RaftServerConfigKeys (ConfUtils.java:logGet(44)) - raft.server.log.segment.size.max = 1048576 (custom)
2022-02-20 11:33:17,111 [pool-228-thread-1] INFO  server.RaftServerConfigKeys (ConfUtils.java:logGet(44)) - raft.server.log.preallocated.size = 16384 (custom)
2022-02-20 11:33:17,111 [pool-228-thread-1] INFO  server.RaftServerConfigKeys (ConfUtils.java:logGet(44)) - raft.server.log.force.sync.num = 128 (default)
2022-02-20 11:33:17,111 [pool-228-thread-1] INFO  server.RaftServerConfigKeys (ConfUtils.java:logGet(44)) - raft.server.log.statemachine.data.sync = true (default)
2022-02-20 11:33:17,111 [pool-228-thread-1] INFO  server.RaftServerConfigKeys (ConfUtils.java:logGet(44)) - raft.server.log.statemachine.data.sync.timeout = 10s (default)
2022-02-20 11:33:17,111 [pool-228-thread-1] INFO  server.RaftServerConfigKeys (ConfUtils.java:logGet(44)) - raft.server.log.statemachine.data.sync.timeout.retry = -1 (default)
2022-02-20 11:33:17,111 [pool-228-thread-1] INFO  server.RaftServerConfigKeys (ConfUtils.java:logGet(44)) - raft.server.log.write.buffer.size = 1048576 (custom)
2022-02-20 11:33:17,112 [pool-228-thread-1] INFO  server.RaftServerConfigKeys (ConfUtils.java:logGet(44)) - raft.server.log.statemachine.data.caching.enabled = true (custom)
2022-02-20 11:33:17,112 [pool-228-thread-1] INFO  segmented.SegmentedRaftLogWorker (SegmentedRaftLogWorker.java:lambda$new$0(133)) - 8ab36e9f-68be-4dfb-8773-5c952908b11c@group-C5C00BFCD4D9-SegmentedRaftLogWorker: flushIndex: setUnconditionally 0 -> -1
2022-02-20 11:33:17,112 [pool-228-thread-1] INFO  segmented.SegmentedRaftLogWorker (SegmentedRaftLogWorker.java:lambda$new$0(133)) - 8ab36e9f-68be-4dfb-8773-5c952908b11c@group-C5C00BFCD4D9-SegmentedRaftLogWorker: safeCacheEvictIndex: setUnconditionally 0 -> -1
2022-02-20 11:33:17,130 [pool-228-thread-1] INFO  server.RaftServerConfigKeys (ConfUtils.java:logGet(44)) - raft.server.snapshot.auto.trigger.enabled = true (custom)
2022-02-20 11:33:17,130 [pool-228-thread-1] INFO  server.RaftServerConfigKeys (ConfUtils.java:logGet(44)) - raft.server.snapshot.auto.trigger.threshold = 10000 (custom)
2022-02-20 11:33:17,130 [pool-228-thread-1] INFO  server.RaftServerConfigKeys (ConfUtils.java:logGet(44)) - raft.server.snapshot.retention.file.num = 5 (custom)
2022-02-20 11:33:17,130 [pool-228-thread-1] INFO  server.RaftServerConfigKeys (ConfUtils.java:logGet(44)) - raft.server.log.purge.upto.snapshot.index = false (default)
2022-02-20 11:33:17,130 [pool-228-thread-1] INFO  server.RaftServerConfigKeys (ConfUtils.java:logGet(44)) - raft.server.retrycache.expirytime = 600000ms (custom)
2022-02-20 11:33:17,130 [pool-228-thread-1] INFO  server.RaftServerConfigKeys (ConfUtils.java:logGet(44)) - raft.server.retrycache.statistics.expirytime = 100μs (default)
2022-02-20 11:33:17,131 [pool-228-thread-1] INFO  server.RaftServer$Division (RaftServerImpl.java:start(301)) - 8ab36e9f-68be-4dfb-8773-5c952908b11c@group-C5C00BFCD4D9: start as a follower, conf=-1: [8ab36e9f-68be-4dfb-8773-5c952908b11c|rpc:10.1.0.4:45831|dataStream:|priority:0, 51457756-efc1-4f69-a8e1-a5f06e10f3ec|rpc:10.1.0.4:32965|dataStream:|priority:0, 9e38299b-d888-4111-a9fe-1064c77c0439|rpc:10.1.0.4:37023|dataStream:|priority:1], old=null
2022-02-20 11:33:17,131 [pool-228-thread-1] INFO  server.RaftServer$Division (RaftServerImpl.java:setRole(290)) - 8ab36e9f-68be-4dfb-8773-5c952908b11c@group-C5C00BFCD4D9: changes role from      null to FOLLOWER at term 0 for startAsFollower
2022-02-20 11:33:17,131 [pool-228-thread-1] INFO  impl.RoleInfo (RoleInfo.java:updateAndGet(130)) - 8ab36e9f-68be-4dfb-8773-5c952908b11c: start 8ab36e9f-68be-4dfb-8773-5c952908b11c@group-C5C00BFCD4D9-FollowerState
2022-02-20 11:33:17,136 [pool-228-thread-1] INFO  util.JmxRegister (JmxRegister.java:tryRegister(44)) - Successfully registered JMX Bean with object name Ratis:service=RaftServer,group=group-C5C00BFCD4D9,id=8ab36e9f-68be-4dfb-8773-5c952908b11c
2022-02-20 11:33:17,148 [Command processor thread] INFO  commandhandler.CreatePipelineCommandHandler (CreatePipelineCommandHandler.java:handle(106)) - Created Pipeline RATIS THREE PipelineID=fc9bec6b-4603-4bd7-b0ea-c5c00bfcd4d9.
2022-02-20 11:33:17,148 [Command processor thread] INFO  server.RaftServer (RaftServerProxy.java:addNew(95)) - 9e38299b-d888-4111-a9fe-1064c77c0439: addNew group-9D528AD3D8B2:[8ab36e9f-68be-4dfb-8773-5c952908b11c|rpc:10.1.0.4:45831|priority:0, 51457756-efc1-4f69-a8e1-a5f06e10f3ec|rpc:10.1.0.4:32965|priority:1, 9e38299b-d888-4111-a9fe-1064c77c0439|rpc:10.1.0.4:37023|priority:0] returns group-9D528AD3D8B2:java.util.concurrent.CompletableFuture@70d1c21a[Not completed]
2022-02-20 11:33:17,149 [pool-207-thread-1] INFO  server.RaftServer$Division (RaftServerImpl.java:<init>(184)) - 9e38299b-d888-4111-a9fe-1064c77c0439: new RaftServerImpl for group-9D528AD3D8B2:[8ab36e9f-68be-4dfb-8773-5c952908b11c|rpc:10.1.0.4:45831|priority:0, 51457756-efc1-4f69-a8e1-a5f06e10f3ec|rpc:10.1.0.4:32965|priority:1, 9e38299b-d888-4111-a9fe-1064c77c0439|rpc:10.1.0.4:37023|priority:0] with ContainerStateMachine:uninitialized
2022-02-20 11:33:17,149 [pool-207-thread-1] INFO  server.RaftServerConfigKeys (ConfUtils.java:logGet(44)) - raft.server.rpc.timeout.min = 5s (custom)
2022-02-20 11:33:17,149 [pool-207-thread-1] INFO  server.RaftServerConfigKeys (ConfUtils.java:logGet(44)) - raft.server.rpc.timeout.max = 5200ms (custom)
2022-02-20 11:33:17,149 [pool-207-thread-1] INFO  server.RaftServerConfigKeys (ConfUtils.java:logGet(44)) - raft.server.rpc.sleep.time = 25ms (default)
2022-02-20 11:33:17,149 [pool-207-thread-1] INFO  server.RaftServerConfigKeys (ConfUtils.java:logGet(44)) - raft.server.rpc.slowness.timeout = 300s (custom)
2022-02-20 11:33:17,149 [pool-207-thread-1] INFO  server.RaftServerConfigKeys (ConfUtils.java:logGet(44)) - raft.server.leaderelection.leader.step-down.wait-time = 10s (default)
2022-02-20 11:33:17,149 [pool-207-thread-1] INFO  server.RaftServerConfigKeys (ConfUtils.java:logGet(44)) - raft.server.sleep.deviation.threshold = 300ms (default)
2022-02-20 11:33:17,150 [pool-207-thread-1] INFO  server.RaftServerConfigKeys (ConfUtils.java:logGet(44)) - raft.server.log.appender.install.snapshot.enabled = false (custom)
2022-02-20 11:33:17,150 [pool-207-thread-1] INFO  server.RaftServer$Division (ServerState.java:<init>(105)) - 9e38299b-d888-4111-a9fe-1064c77c0439@group-9D528AD3D8B2: ConfigurationManager, init=-1: [8ab36e9f-68be-4dfb-8773-5c952908b11c|rpc:10.1.0.4:45831|priority:0, 51457756-efc1-4f69-a8e1-a5f06e10f3ec|rpc:10.1.0.4:32965|priority:1, 9e38299b-d888-4111-a9fe-1064c77c0439|rpc:10.1.0.4:37023|priority:0], old=null, confs=<EMPTY_MAP>
2022-02-20 11:33:17,150 [pool-207-thread-1] INFO  server.RaftServerConfigKeys (ConfUtils.java:logGet(44)) - raft.server.storage.dir = [/home/runner/work/ozone/ozone/hadoop-ozone/integration-test/target/test-dir/MiniOzoneClusterImpl-35320b25-8391-4d91-bc43-1aeffe704654/datanode-0/data/ratis] (custom)
2022-02-20 11:33:17,150 [pool-207-thread-1] INFO  server.RaftServerConfigKeys (ConfUtils.java:logGet(44)) - raft.server.log.corruption.policy = EXCEPTION (default)
2022-02-20 11:33:17,150 [pool-207-thread-1] INFO  server.RaftServerConfigKeys (ConfUtils.java:logGet(44)) - raft.server.storage.free-space.min = 0MB (=0) (default)
2022-02-20 11:33:17,150 [pool-207-thread-1] INFO  storage.RaftStorageDirectory (RaftStorageDirectoryImpl.java:analyzeStorage(135)) - The storage directory /home/runner/work/ozone/ozone/hadoop-ozone/integration-test/target/test-dir/MiniOzoneClusterImpl-35320b25-8391-4d91-bc43-1aeffe704654/datanode-0/data/ratis/809d6a05-08ae-4253-b4a5-9d528ad3d8b2 does not exist. Creating ...
2022-02-20 11:33:17,151 [pool-207-thread-1] INFO  storage.RaftStorageDirectory (RaftStorageDirectoryImpl.java:tryLock(230)) - Lock on /home/runner/work/ozone/ozone/hadoop-ozone/integration-test/target/test-dir/MiniOzoneClusterImpl-35320b25-8391-4d91-bc43-1aeffe704654/datanode-0/data/ratis/809d6a05-08ae-4253-b4a5-9d528ad3d8b2/in_use.lock acquired by nodename 9434@fv-az59-849
2022-02-20 11:33:17,152 [pool-207-thread-1] INFO  storage.RaftStorage (RaftStorageImpl.java:format(89)) - Storage directory /home/runner/work/ozone/ozone/hadoop-ozone/integration-test/target/test-dir/MiniOzoneClusterImpl-35320b25-8391-4d91-bc43-1aeffe704654/datanode-0/data/ratis/809d6a05-08ae-4253-b4a5-9d528ad3d8b2 has been successfully formatted.
2022-02-20 11:33:17,152 [pool-207-thread-1] INFO  ratis.ContainerStateMachine (ContainerStateMachine.java:loadSnapshot(236)) - group-9D528AD3D8B2: The snapshot info is null. Setting the last applied indexto:(t:0, i:~)
2022-02-20 11:33:17,152 [pool-207-thread-1] INFO  server.RaftServerConfigKeys (ConfUtils.java:logGet(44)) - raft.server.notification.no-leader.timeout = 300s (custom)
2022-02-20 11:33:17,152 [pool-207-thread-1] INFO  server.RaftServerConfigKeys (ConfUtils.java:logGet(44)) - raft.server.log.use.memory = false (default)
2022-02-20 11:33:17,152 [pool-207-thread-1] INFO  server.RaftServerConfigKeys (ConfUtils.java:logGet(44)) - raft.server.log.purge.gap = 1000000 (custom)
2022-02-20 11:33:17,152 [pool-207-thread-1] INFO  server.RaftServerConfigKeys (ConfUtils.java:logGet(44)) - raft.server.log.appender.buffer.byte-limit = 33554432 (custom)
2022-02-20 11:33:17,152 [pool-207-thread-1] INFO  server.RaftServerConfigKeys (ConfUtils.java:logGet(44)) - raft.server.log.segment.size.max = 1048576 (custom)
2022-02-20 11:33:17,153 [EventQueue-OpenPipelineForHealthyPipelineSafeModeRule] INFO  safemode.SCMSafeModeManager (HealthyPipelineSafeModeRule.java:process(124)) - SCM in safe mode. Healthy pipelines reported count is 0, required healthy pipeline reported count is 1
2022-02-20 11:33:17,153 [pool-207-thread-1] INFO  server.RaftServerConfigKeys (ConfUtils.java:logGet(44)) - raft.server.log.segment.cache.num.max = 2 (custom)
2022-02-20 11:33:17,154 [pool-207-thread-1] INFO  server.RaftServerConfigKeys (ConfUtils.java:logGet(44)) - raft.server.log.segment.cache.size.max = 200MB (=209715200) (default)
2022-02-20 11:33:17,154 [pool-207-thread-1] INFO  segmented.SegmentedRaftLogWorker (SegmentedRaftLogWorker.java:<init>(182)) - new 9e38299b-d888-4111-a9fe-1064c77c0439@group-9D528AD3D8B2-SegmentedRaftLogWorker for RaftStorageImpl:Storage Directory /home/runner/work/ozone/ozone/hadoop-ozone/integration-test/target/test-dir/MiniOzoneClusterImpl-35320b25-8391-4d91-bc43-1aeffe704654/datanode-0/data/ratis/809d6a05-08ae-4253-b4a5-9d528ad3d8b2
2022-02-20 11:33:17,154 [pool-207-thread-1] INFO  server.RaftServerConfigKeys (ConfUtils.java:logGet(44)) - raft.server.log.queue.byte-limit = 4294967296 (custom)
2022-02-20 11:33:17,154 [pool-207-thread-1] INFO  server.RaftServerConfigKeys (ConfUtils.java:logGet(44)) - raft.server.log.queue.element-limit = 1024 (custom)
2022-02-20 11:33:17,154 [pool-207-thread-1] INFO  server.RaftServerConfigKeys (ConfUtils.java:logGet(44)) - raft.server.log.segment.size.max = 1048576 (custom)
2022-02-20 11:33:17,154 [pool-207-thread-1] INFO  server.RaftServerConfigKeys (ConfUtils.java:logGet(44)) - raft.server.log.preallocated.size = 16384 (custom)
2022-02-20 11:33:17,154 [pool-207-thread-1] INFO  server.RaftServerConfigKeys (ConfUtils.java:logGet(44)) - raft.server.log.force.sync.num = 128 (default)
2022-02-20 11:33:17,154 [pool-207-thread-1] INFO  server.RaftServerConfigKeys (ConfUtils.java:logGet(44)) - raft.server.log.statemachine.data.sync = true (default)
2022-02-20 11:33:17,154 [pool-207-thread-1] INFO  server.RaftServerConfigKeys (ConfUtils.java:logGet(44)) - raft.server.log.statemachine.data.sync.timeout = 10s (default)
2022-02-20 11:33:17,154 [pool-207-thread-1] INFO  server.RaftServerConfigKeys (ConfUtils.java:logGet(44)) - raft.server.log.statemachine.data.sync.timeout.retry = -1 (default)
2022-02-20 11:33:17,155 [pool-207-thread-1] INFO  server.RaftServerConfigKeys (ConfUtils.java:logGet(44)) - raft.server.log.write.buffer.size = 1048576 (custom)
2022-02-20 11:33:17,155 [pool-207-thread-1] INFO  server.RaftServerConfigKeys (ConfUtils.java:logGet(44)) - raft.server.log.statemachine.data.caching.enabled = true (custom)
2022-02-20 11:33:17,155 [pool-207-thread-1] INFO  segmented.SegmentedRaftLogWorker (SegmentedRaftLogWorker.java:lambda$new$0(133)) - 9e38299b-d888-4111-a9fe-1064c77c0439@group-9D528AD3D8B2-SegmentedRaftLogWorker: flushIndex: setUnconditionally 0 -> -1
2022-02-20 11:33:17,155 [pool-207-thread-1] INFO  segmented.SegmentedRaftLogWorker (SegmentedRaftLogWorker.java:lambda$new$0(133)) - 9e38299b-d888-4111-a9fe-1064c77c0439@group-9D528AD3D8B2-SegmentedRaftLogWorker: safeCacheEvictIndex: setUnconditionally 0 -> -1
2022-02-20 11:33:17,161 [pool-207-thread-1] INFO  server.RaftServerConfigKeys (ConfUtils.java:logGet(44)) - raft.server.snapshot.auto.trigger.enabled = true (custom)
2022-02-20 11:33:17,161 [pool-207-thread-1] INFO  server.RaftServerConfigKeys (ConfUtils.java:logGet(44)) - raft.server.snapshot.auto.trigger.threshold = 10000 (custom)
2022-02-20 11:33:17,161 [pool-207-thread-1] INFO  server.RaftServerConfigKeys (ConfUtils.java:logGet(44)) - raft.server.snapshot.retention.file.num = 5 (custom)
2022-02-20 11:33:17,161 [pool-207-thread-1] INFO  server.RaftServerConfigKeys (ConfUtils.java:logGet(44)) - raft.server.log.purge.upto.snapshot.index = false (default)
2022-02-20 11:33:17,161 [pool-207-thread-1] INFO  server.RaftServerConfigKeys (ConfUtils.java:logGet(44)) - raft.server.retrycache.expirytime = 600000ms (custom)
2022-02-20 11:33:17,161 [pool-207-thread-1] INFO  server.RaftServerConfigKeys (ConfUtils.java:logGet(44)) - raft.server.retrycache.statistics.expirytime = 100μs (default)
2022-02-20 11:33:17,162 [pool-207-thread-1] INFO  server.RaftServer$Division (RaftServerImpl.java:start(301)) - 9e38299b-d888-4111-a9fe-1064c77c0439@group-9D528AD3D8B2: start as a follower, conf=-1: [8ab36e9f-68be-4dfb-8773-5c952908b11c|rpc:10.1.0.4:45831|priority:0, 51457756-efc1-4f69-a8e1-a5f06e10f3ec|rpc:10.1.0.4:32965|priority:1, 9e38299b-d888-4111-a9fe-1064c77c0439|rpc:10.1.0.4:37023|priority:0], old=null
2022-02-20 11:33:17,162 [pool-207-thread-1] INFO  server.RaftServer$Division (RaftServerImpl.java:setRole(290)) - 9e38299b-d888-4111-a9fe-1064c77c0439@group-9D528AD3D8B2: changes role from      null to FOLLOWER at term 0 for startAsFollower
2022-02-20 11:33:17,162 [pool-207-thread-1] INFO  impl.RoleInfo (RoleInfo.java:updateAndGet(130)) - 9e38299b-d888-4111-a9fe-1064c77c0439: start 9e38299b-d888-4111-a9fe-1064c77c0439@group-9D528AD3D8B2-FollowerState
2022-02-20 11:33:17,174 [pool-207-thread-1] INFO  util.JmxRegister (JmxRegister.java:tryRegister(44)) - Successfully registered JMX Bean with object name Ratis:service=RaftServer,group=group-9D528AD3D8B2,id=9e38299b-d888-4111-a9fe-1064c77c0439
2022-02-20 11:33:17,176 [Command processor thread] INFO  ratis.XceiverServerRatis (XceiverServerRatis.java:addGroup(769)) - Created group PipelineID=809d6a05-08ae-4253-b4a5-9d528ad3d8b2
2022-02-20 11:33:17,187 [grpc-default-executor-0] INFO  server.RaftServer (RaftServerProxy.java:addNew(95)) - 51457756-efc1-4f69-a8e1-a5f06e10f3ec: addNew group-9D528AD3D8B2:[8ab36e9f-68be-4dfb-8773-5c952908b11c|rpc:10.1.0.4:45831|dataStream:|priority:0, 51457756-efc1-4f69-a8e1-a5f06e10f3ec|rpc:10.1.0.4:32965|dataStream:|priority:1, 9e38299b-d888-4111-a9fe-1064c77c0439|rpc:10.1.0.4:37023|dataStream:|priority:0] returns group-9D528AD3D8B2:java.util.concurrent.CompletableFuture@ec79c26[Not completed]
2022-02-20 11:33:17,188 [pool-249-thread-1] INFO  server.RaftServer$Division (RaftServerImpl.java:<init>(184)) - 51457756-efc1-4f69-a8e1-a5f06e10f3ec: new RaftServerImpl for group-9D528AD3D8B2:[8ab36e9f-68be-4dfb-8773-5c952908b11c|rpc:10.1.0.4:45831|dataStream:|priority:0, 51457756-efc1-4f69-a8e1-a5f06e10f3ec|rpc:10.1.0.4:32965|dataStream:|priority:1, 9e38299b-d888-4111-a9fe-1064c77c0439|rpc:10.1.0.4:37023|dataStream:|priority:0] with ContainerStateMachine:uninitialized
2022-02-20 11:33:17,188 [pool-249-thread-1] INFO  server.RaftServerConfigKeys (ConfUtils.java:logGet(44)) - raft.server.rpc.timeout.min = 5s (custom)
2022-02-20 11:33:17,188 [pool-249-thread-1] INFO  server.RaftServerConfigKeys (ConfUtils.java:logGet(44)) - raft.server.rpc.timeout.max = 5200ms (custom)
2022-02-20 11:33:17,188 [pool-249-thread-1] INFO  server.RaftServerConfigKeys (ConfUtils.java:logGet(44)) - raft.server.rpc.sleep.time = 25ms (default)
2022-02-20 11:33:17,188 [pool-249-thread-1] INFO  server.RaftServerConfigKeys (ConfUtils.java:logGet(44)) - raft.server.rpc.slowness.timeout = 300s (custom)
2022-02-20 11:33:17,188 [pool-249-thread-1] INFO  server.RaftServerConfigKeys (ConfUtils.java:logGet(44)) - raft.server.leaderelection.leader.step-down.wait-time = 10s (default)
2022-02-20 11:33:17,188 [pool-249-thread-1] INFO  server.RaftServerConfigKeys (ConfUtils.java:logGet(44)) - raft.server.sleep.deviation.threshold = 300ms (default)
2022-02-20 11:33:17,188 [pool-249-thread-1] INFO  server.RaftServerConfigKeys (ConfUtils.java:logGet(44)) - raft.server.log.appender.install.snapshot.enabled = false (custom)
2022-02-20 11:33:17,188 [pool-249-thread-1] INFO  server.RaftServer$Division (ServerState.java:<init>(105)) - 51457756-efc1-4f69-a8e1-a5f06e10f3ec@group-9D528AD3D8B2: ConfigurationManager, init=-1: [8ab36e9f-68be-4dfb-8773-5c952908b11c|rpc:10.1.0.4:45831|dataStream:|priority:0, 51457756-efc1-4f69-a8e1-a5f06e10f3ec|rpc:10.1.0.4:32965|dataStream:|priority:1, 9e38299b-d888-4111-a9fe-1064c77c0439|rpc:10.1.0.4:37023|dataStream:|priority:0], old=null, confs=<EMPTY_MAP>
2022-02-20 11:33:17,188 [pool-249-thread-1] INFO  server.RaftServerConfigKeys (ConfUtils.java:logGet(44)) - raft.server.storage.dir = [/home/runner/work/ozone/ozone/hadoop-ozone/integration-test/target/test-dir/MiniOzoneClusterImpl-35320b25-8391-4d91-bc43-1aeffe704654/datanode-2/data/ratis] (custom)
2022-02-20 11:33:17,188 [pool-249-thread-1] INFO  server.RaftServerConfigKeys (ConfUtils.java:logGet(44)) - raft.server.log.corruption.policy = EXCEPTION (default)
2022-02-20 11:33:17,188 [pool-249-thread-1] INFO  server.RaftServerConfigKeys (ConfUtils.java:logGet(44)) - raft.server.storage.free-space.min = 0MB (=0) (default)
2022-02-20 11:33:17,188 [pool-249-thread-1] INFO  storage.RaftStorageDirectory (RaftStorageDirectoryImpl.java:analyzeStorage(135)) - The storage directory /home/runner/work/ozone/ozone/hadoop-ozone/integration-test/target/test-dir/MiniOzoneClusterImpl-35320b25-8391-4d91-bc43-1aeffe704654/datanode-2/data/ratis/809d6a05-08ae-4253-b4a5-9d528ad3d8b2 does not exist. Creating ...
2022-02-20 11:33:17,189 [pool-249-thread-1] INFO  storage.RaftStorageDirectory (RaftStorageDirectoryImpl.java:tryLock(230)) - Lock on /home/runner/work/ozone/ozone/hadoop-ozone/integration-test/target/test-dir/MiniOzoneClusterImpl-35320b25-8391-4d91-bc43-1aeffe704654/datanode-2/data/ratis/809d6a05-08ae-4253-b4a5-9d528ad3d8b2/in_use.lock acquired by nodename 9434@fv-az59-849
2022-02-20 11:33:17,190 [pool-249-thread-1] INFO  storage.RaftStorage (RaftStorageImpl.java:format(89)) - Storage directory /home/runner/work/ozone/ozone/hadoop-ozone/integration-test/target/test-dir/MiniOzoneClusterImpl-35320b25-8391-4d91-bc43-1aeffe704654/datanode-2/data/ratis/809d6a05-08ae-4253-b4a5-9d528ad3d8b2 has been successfully formatted.
2022-02-20 11:33:17,190 [pool-249-thread-1] INFO  ratis.ContainerStateMachine (ContainerStateMachine.java:loadSnapshot(236)) - group-9D528AD3D8B2: The snapshot info is null. Setting the last applied indexto:(t:0, i:~)
2022-02-20 11:33:17,190 [pool-249-thread-1] INFO  server.RaftServerConfigKeys (ConfUtils.java:logGet(44)) - raft.server.notification.no-leader.timeout = 300s (custom)
2022-02-20 11:33:17,190 [pool-249-thread-1] INFO  server.RaftServerConfigKeys (ConfUtils.java:logGet(44)) - raft.server.log.use.memory = false (default)
2022-02-20 11:33:17,190 [pool-249-thread-1] INFO  server.RaftServerConfigKeys (ConfUtils.java:logGet(44)) - raft.server.log.purge.gap = 1000000 (custom)
2022-02-20 11:33:17,190 [pool-249-thread-1] INFO  server.RaftServerConfigKeys (ConfUtils.java:logGet(44)) - raft.server.log.appender.buffer.byte-limit = 33554432 (custom)
2022-02-20 11:33:17,191 [pool-249-thread-1] INFO  server.RaftServerConfigKeys (ConfUtils.java:logGet(44)) - raft.server.log.segment.size.max = 1048576 (custom)
2022-02-20 11:33:17,191 [pool-249-thread-1] INFO  server.RaftServerConfigKeys (ConfUtils.java:logGet(44)) - raft.server.log.segment.cache.num.max = 2 (custom)
2022-02-20 11:33:17,191 [pool-249-thread-1] INFO  server.RaftServerConfigKeys (ConfUtils.java:logGet(44)) - raft.server.log.segment.cache.size.max = 200MB (=209715200) (default)
2022-02-20 11:33:17,191 [pool-249-thread-1] INFO  segmented.SegmentedRaftLogWorker (SegmentedRaftLogWorker.java:<init>(182)) - new 51457756-efc1-4f69-a8e1-a5f06e10f3ec@group-9D528AD3D8B2-SegmentedRaftLogWorker for RaftStorageImpl:Storage Directory /home/runner/work/ozone/ozone/hadoop-ozone/integration-test/target/test-dir/MiniOzoneClusterImpl-35320b25-8391-4d91-bc43-1aeffe704654/datanode-2/data/ratis/809d6a05-08ae-4253-b4a5-9d528ad3d8b2
2022-02-20 11:33:17,191 [pool-249-thread-1] INFO  server.RaftServerConfigKeys (ConfUtils.java:logGet(44)) - raft.server.log.queue.byte-limit = 4294967296 (custom)
2022-02-20 11:33:17,191 [pool-249-thread-1] INFO  server.RaftServerConfigKeys (ConfUtils.java:logGet(44)) - raft.server.log.queue.element-limit = 1024 (custom)
2022-02-20 11:33:17,191 [pool-249-thread-1] INFO  server.RaftServerConfigKeys (ConfUtils.java:logGet(44)) - raft.server.log.segment.size.max = 1048576 (custom)
2022-02-20 11:33:17,191 [pool-249-thread-1] INFO  server.RaftServerConfigKeys (ConfUtils.java:logGet(44)) - raft.server.log.preallocated.size = 16384 (custom)
2022-02-20 11:33:17,191 [pool-249-thread-1] INFO  server.RaftServerConfigKeys (ConfUtils.java:logGet(44)) - raft.server.log.force.sync.num = 128 (default)
2022-02-20 11:33:17,191 [pool-249-thread-1] INFO  server.RaftServerConfigKeys (ConfUtils.java:logGet(44)) - raft.server.log.statemachine.data.sync = true (default)
2022-02-20 11:33:17,191 [pool-249-thread-1] INFO  server.RaftServerConfigKeys (ConfUtils.java:logGet(44)) - raft.server.log.statemachine.data.sync.timeout = 10s (default)
2022-02-20 11:33:17,191 [pool-249-thread-1] INFO  server.RaftServerConfigKeys (ConfUtils.java:logGet(44)) - raft.server.log.statemachine.data.sync.timeout.retry = -1 (default)
2022-02-20 11:33:17,192 [pool-249-thread-1] INFO  server.RaftServerConfigKeys (ConfUtils.java:logGet(44)) - raft.server.log.write.buffer.size = 1048576 (custom)
2022-02-20 11:33:17,192 [pool-249-thread-1] INFO  server.RaftServerConfigKeys (ConfUtils.java:logGet(44)) - raft.server.log.statemachine.data.caching.enabled = true (custom)
2022-02-20 11:33:17,192 [pool-249-thread-1] INFO  segmented.SegmentedRaftLogWorker (SegmentedRaftLogWorker.java:lambda$new$0(133)) - 51457756-efc1-4f69-a8e1-a5f06e10f3ec@group-9D528AD3D8B2-SegmentedRaftLogWorker: flushIndex: setUnconditionally 0 -> -1
2022-02-20 11:33:17,192 [pool-249-thread-1] INFO  segmented.SegmentedRaftLogWorker (SegmentedRaftLogWorker.java:lambda$new$0(133)) - 51457756-efc1-4f69-a8e1-a5f06e10f3ec@group-9D528AD3D8B2-SegmentedRaftLogWorker: safeCacheEvictIndex: setUnconditionally 0 -> -1
2022-02-20 11:33:17,198 [pool-249-thread-1] INFO  server.RaftServerConfigKeys (ConfUtils.java:logGet(44)) - raft.server.snapshot.auto.trigger.enabled = true (custom)
2022-02-20 11:33:17,198 [pool-249-thread-1] INFO  server.RaftServerConfigKeys (ConfUtils.java:logGet(44)) - raft.server.snapshot.auto.trigger.threshold = 10000 (custom)
2022-02-20 11:33:17,198 [pool-249-thread-1] INFO  server.RaftServerConfigKeys (ConfUtils.java:logGet(44)) - raft.server.snapshot.retention.file.num = 5 (custom)
2022-02-20 11:33:17,198 [pool-249-thread-1] INFO  server.RaftServerConfigKeys (ConfUtils.java:logGet(44)) - raft.server.log.purge.upto.snapshot.index = false (default)
2022-02-20 11:33:17,198 [pool-249-thread-1] INFO  server.RaftServerConfigKeys (ConfUtils.java:logGet(44)) - raft.server.retrycache.expirytime = 600000ms (custom)
2022-02-20 11:33:17,198 [pool-249-thread-1] INFO  server.RaftServerConfigKeys (ConfUtils.java:logGet(44)) - raft.server.retrycache.statistics.expirytime = 100μs (default)
2022-02-20 11:33:17,199 [pool-249-thread-1] INFO  server.RaftServer$Division (RaftServerImpl.java:start(301)) - 51457756-efc1-4f69-a8e1-a5f06e10f3ec@group-9D528AD3D8B2: start as a follower, conf=-1: [8ab36e9f-68be-4dfb-8773-5c952908b11c|rpc:10.1.0.4:45831|dataStream:|priority:0, 51457756-efc1-4f69-a8e1-a5f06e10f3ec|rpc:10.1.0.4:32965|dataStream:|priority:1, 9e38299b-d888-4111-a9fe-1064c77c0439|rpc:10.1.0.4:37023|dataStream:|priority:0], old=null
2022-02-20 11:33:17,199 [pool-249-thread-1] INFO  server.RaftServer$Division (RaftServerImpl.java:setRole(290)) - 51457756-efc1-4f69-a8e1-a5f06e10f3ec@group-9D528AD3D8B2: changes role from      null to FOLLOWER at term 0 for startAsFollower
2022-02-20 11:33:17,199 [pool-249-thread-1] INFO  impl.RoleInfo (RoleInfo.java:updateAndGet(130)) - 51457756-efc1-4f69-a8e1-a5f06e10f3ec: start 51457756-efc1-4f69-a8e1-a5f06e10f3ec@group-9D528AD3D8B2-FollowerState
2022-02-20 11:33:17,204 [pool-249-thread-1] INFO  util.JmxRegister (JmxRegister.java:tryRegister(44)) - Successfully registered JMX Bean with object name Ratis:service=RaftServer,group=group-9D528AD3D8B2,id=51457756-efc1-4f69-a8e1-a5f06e10f3ec
2022-02-20 11:33:17,252 [Command processor thread] INFO  server.RaftServer (RaftServerProxy.java:addNew(95)) - 8ab36e9f-68be-4dfb-8773-5c952908b11c: addNew group-556ECA2ED168:[8ab36e9f-68be-4dfb-8773-5c952908b11c|rpc:10.1.0.4:45831|priority:1] returns group-556ECA2ED168:java.util.concurrent.CompletableFuture@26ababee[Not completed]
2022-02-20 11:33:17,253 [grpc-default-executor-0] INFO  server.RaftServer (RaftServerProxy.java:addNew(95)) - 8ab36e9f-68be-4dfb-8773-5c952908b11c: addNew group-9D528AD3D8B2:[8ab36e9f-68be-4dfb-8773-5c952908b11c|rpc:10.1.0.4:45831|dataStream:|priority:0, 51457756-efc1-4f69-a8e1-a5f06e10f3ec|rpc:10.1.0.4:32965|dataStream:|priority:1, 9e38299b-d888-4111-a9fe-1064c77c0439|rpc:10.1.0.4:37023|dataStream:|priority:0] returns group-9D528AD3D8B2:java.util.concurrent.CompletableFuture@5e45f542[Not completed]
2022-02-20 11:33:17,253 [pool-228-thread-1] INFO  server.RaftServer$Division (RaftServerImpl.java:<init>(184)) - 8ab36e9f-68be-4dfb-8773-5c952908b11c: new RaftServerImpl for group-556ECA2ED168:[8ab36e9f-68be-4dfb-8773-5c952908b11c|rpc:10.1.0.4:45831|priority:1] with ContainerStateMachine:uninitialized
2022-02-20 11:33:17,253 [pool-228-thread-1] INFO  server.RaftServerConfigKeys (ConfUtils.java:logGet(44)) - raft.server.rpc.timeout.min = 5s (custom)
2022-02-20 11:33:17,253 [pool-228-thread-1] INFO  server.RaftServerConfigKeys (ConfUtils.java:logGet(44)) - raft.server.rpc.timeout.max = 5200ms (custom)
2022-02-20 11:33:17,253 [pool-228-thread-1] INFO  server.RaftServerConfigKeys (ConfUtils.java:logGet(44)) - raft.server.rpc.sleep.time = 25ms (default)
2022-02-20 11:33:17,253 [pool-228-thread-1] INFO  server.RaftServerConfigKeys (ConfUtils.java:logGet(44)) - raft.server.rpc.slowness.timeout = 300s (custom)
2022-02-20 11:33:17,253 [pool-228-thread-1] INFO  server.RaftServerConfigKeys (ConfUtils.java:logGet(44)) - raft.server.leaderelection.leader.step-down.wait-time = 10s (default)
2022-02-20 11:33:17,253 [pool-228-thread-1] INFO  server.RaftServerConfigKeys (ConfUtils.java:logGet(44)) - raft.server.sleep.deviation.threshold = 300ms (default)
2022-02-20 11:33:17,253 [pool-228-thread-1] INFO  server.RaftServerConfigKeys (ConfUtils.java:logGet(44)) - raft.server.log.appender.install.snapshot.enabled = false (custom)
2022-02-20 11:33:17,254 [pool-228-thread-1] INFO  server.RaftServer$Division (ServerState.java:<init>(105)) - 8ab36e9f-68be-4dfb-8773-5c952908b11c@group-556ECA2ED168: ConfigurationManager, init=-1: [8ab36e9f-68be-4dfb-8773-5c952908b11c|rpc:10.1.0.4:45831|priority:1], old=null, confs=<EMPTY_MAP>
2022-02-20 11:33:17,254 [pool-228-thread-1] INFO  server.RaftServerConfigKeys (ConfUtils.java:logGet(44)) - raft.server.storage.dir = [/home/runner/work/ozone/ozone/hadoop-ozone/integration-test/target/test-dir/MiniOzoneClusterImpl-35320b25-8391-4d91-bc43-1aeffe704654/datanode-1/data/ratis] (custom)
2022-02-20 11:33:17,254 [pool-228-thread-1] INFO  server.RaftServerConfigKeys (ConfUtils.java:logGet(44)) - raft.server.log.corruption.policy = EXCEPTION (default)
2022-02-20 11:33:17,254 [pool-228-thread-1] INFO  server.RaftServerConfigKeys (ConfUtils.java:logGet(44)) - raft.server.storage.free-space.min = 0MB (=0) (default)
2022-02-20 11:33:17,254 [pool-228-thread-1] INFO  storage.RaftStorageDirectory (RaftStorageDirectoryImpl.java:analyzeStorage(135)) - The storage directory /home/runner/work/ozone/ozone/hadoop-ozone/integration-test/target/test-dir/MiniOzoneClusterImpl-35320b25-8391-4d91-bc43-1aeffe704654/datanode-1/data/ratis/907b8d04-c96b-45d0-a760-556eca2ed168 does not exist. Creating ...
2022-02-20 11:33:17,255 [pool-228-thread-1] INFO  storage.RaftStorageDirectory (RaftStorageDirectoryImpl.java:tryLock(230)) - Lock on /home/runner/work/ozone/ozone/hadoop-ozone/integration-test/target/test-dir/MiniOzoneClusterImpl-35320b25-8391-4d91-bc43-1aeffe704654/datanode-1/data/ratis/907b8d04-c96b-45d0-a760-556eca2ed168/in_use.lock acquired by nodename 9434@fv-az59-849
2022-02-20 11:33:17,258 [pool-228-thread-1] INFO  storage.RaftStorage (RaftStorageImpl.java:format(89)) - Storage directory /home/runner/work/ozone/ozone/hadoop-ozone/integration-test/target/test-dir/MiniOzoneClusterImpl-35320b25-8391-4d91-bc43-1aeffe704654/datanode-1/data/ratis/907b8d04-c96b-45d0-a760-556eca2ed168 has been successfully formatted.
2022-02-20 11:33:17,258 [pool-228-thread-1] INFO  ratis.ContainerStateMachine (ContainerStateMachine.java:loadSnapshot(236)) - group-556ECA2ED168: The snapshot info is null. Setting the last applied indexto:(t:0, i:~)
2022-02-20 11:33:17,259 [pool-228-thread-1] INFO  server.RaftServerConfigKeys (ConfUtils.java:logGet(44)) - raft.server.notification.no-leader.timeout = 300s (custom)
2022-02-20 11:33:17,259 [pool-228-thread-1] INFO  server.RaftServerConfigKeys (ConfUtils.java:logGet(44)) - raft.server.log.use.memory = false (default)
2022-02-20 11:33:17,259 [pool-228-thread-1] INFO  server.RaftServerConfigKeys (ConfUtils.java:logGet(44)) - raft.server.log.purge.gap = 1000000 (custom)
2022-02-20 11:33:17,259 [pool-228-thread-1] INFO  server.RaftServerConfigKeys (ConfUtils.java:logGet(44)) - raft.server.log.appender.buffer.byte-limit = 33554432 (custom)
2022-02-20 11:33:17,259 [pool-228-thread-1] INFO  server.RaftServerConfigKeys (ConfUtils.java:logGet(44)) - raft.server.log.segment.size.max = 1048576 (custom)
2022-02-20 11:33:17,259 [EventQueue-PipelineReportForPipelineReportHandler] INFO  pipeline.PipelineManagerImpl (PipelineManagerImpl.java:openPipeline(291)) - Pipeline Pipeline[ Id: 907b8d04-c96b-45d0-a760-556eca2ed168, Nodes: 8ab36e9f-68be-4dfb-8773-5c952908b11c{ip: 10.1.0.4, host: fv-az59-849.csjynl4pkq3e1pkirw3ssqjfoh.cx.internal.cloudapp.net, ports: [REPLICATION=46519, RATIS=45831, RATIS_ADMIN=45831, RATIS_SERVER=45831, STANDALONE=32979], networkLocation: /default-rack, certSerialId: null, persistedOpState: IN_SERVICE, persistedOpStateExpiryEpochSec: 0}, ReplicationConfig: RATIS/ONE, State:ALLOCATED, leaderId:8ab36e9f-68be-4dfb-8773-5c952908b11c, CreationTimestamp2022-02-20T11:33:14.282Z[Etc/UTC]] moved to OPEN state
2022-02-20 11:33:17,261 [f6ba6412-eb1e-4081-be92-513fc63bde1b@group-1AEFFE704654-StateMachineUpdater] INFO  safemode.HealthyPipelineSafeModeRule (HealthyPipelineSafeModeRule.java:initializeRule(152)) - Refreshed total pipeline count is 0, healthy pipeline threshold count is 1
2022-02-20 11:33:17,261 [EventQueue-OpenPipelineForHealthyPipelineSafeModeRule] INFO  safemode.SCMSafeModeManager (HealthyPipelineSafeModeRule.java:process(124)) - SCM in safe mode. Healthy pipelines reported count is 0, required healthy pipeline reported count is 1
2022-02-20 11:33:17,261 [pool-228-thread-1] INFO  server.RaftServerConfigKeys (ConfUtils.java:logGet(44)) - raft.server.log.segment.cache.num.max = 2 (custom)
2022-02-20 11:33:17,263 [pool-228-thread-1] INFO  server.RaftServerConfigKeys (ConfUtils.java:logGet(44)) - raft.server.log.segment.cache.size.max = 200MB (=209715200) (default)
2022-02-20 11:33:17,263 [pool-228-thread-1] INFO  segmented.SegmentedRaftLogWorker (SegmentedRaftLogWorker.java:<init>(182)) - new 8ab36e9f-68be-4dfb-8773-5c952908b11c@group-556ECA2ED168-SegmentedRaftLogWorker for RaftStorageImpl:Storage Directory /home/runner/work/ozone/ozone/hadoop-ozone/integration-test/target/test-dir/MiniOzoneClusterImpl-35320b25-8391-4d91-bc43-1aeffe704654/datanode-1/data/ratis/907b8d04-c96b-45d0-a760-556eca2ed168
2022-02-20 11:33:17,263 [pool-228-thread-1] INFO  server.RaftServerConfigKeys (ConfUtils.java:logGet(44)) - raft.server.log.queue.byte-limit = 4294967296 (custom)
2022-02-20 11:33:17,263 [pool-228-thread-1] INFO  server.RaftServerConfigKeys (ConfUtils.java:logGet(44)) - raft.server.log.queue.element-limit = 1024 (custom)
2022-02-20 11:33:17,263 [pool-228-thread-1] INFO  server.RaftServerConfigKeys (ConfUtils.java:logGet(44)) - raft.server.log.segment.size.max = 1048576 (custom)
2022-02-20 11:33:17,263 [pool-228-thread-1] INFO  server.RaftServerConfigKeys (ConfUtils.java:logGet(44)) - raft.server.log.preallocated.size = 16384 (custom)
2022-02-20 11:33:17,263 [pool-228-thread-1] INFO  server.RaftServerConfigKeys (ConfUtils.java:logGet(44)) - raft.server.log.force.sync.num = 128 (default)
2022-02-20 11:33:17,263 [pool-228-thread-1] INFO  server.RaftServerConfigKeys (ConfUtils.java:logGet(44)) - raft.server.log.statemachine.data.sync = true (default)
2022-02-20 11:33:17,263 [pool-228-thread-1] INFO  server.RaftServerConfigKeys (ConfUtils.java:logGet(44)) - raft.server.log.statemachine.data.sync.timeout = 10s (default)
2022-02-20 11:33:17,263 [pool-228-thread-1] INFO  server.RaftServerConfigKeys (ConfUtils.java:logGet(44)) - raft.server.log.statemachine.data.sync.timeout.retry = -1 (default)
2022-02-20 11:33:17,264 [pool-228-thread-1] INFO  server.RaftServerConfigKeys (ConfUtils.java:logGet(44)) - raft.server.log.write.buffer.size = 1048576 (custom)
2022-02-20 11:33:17,264 [pool-228-thread-1] INFO  server.RaftServerConfigKeys (ConfUtils.java:logGet(44)) - raft.server.log.statemachine.data.caching.enabled = true (custom)
2022-02-20 11:33:17,264 [pool-228-thread-1] INFO  segmented.SegmentedRaftLogWorker (SegmentedRaftLogWorker.java:lambda$new$0(133)) - 8ab36e9f-68be-4dfb-8773-5c952908b11c@group-556ECA2ED168-SegmentedRaftLogWorker: flushIndex: setUnconditionally 0 -> -1
2022-02-20 11:33:17,264 [pool-228-thread-1] INFO  segmented.SegmentedRaftLogWorker (SegmentedRaftLogWorker.java:lambda$new$0(133)) - 8ab36e9f-68be-4dfb-8773-5c952908b11c@group-556ECA2ED168-SegmentedRaftLogWorker: safeCacheEvictIndex: setUnconditionally 0 -> -1
2022-02-20 11:33:17,265 [pool-228-thread-1] INFO  server.RaftServerConfigKeys (ConfUtils.java:logGet(44)) - raft.server.snapshot.auto.trigger.enabled = true (custom)
2022-02-20 11:33:17,265 [pool-228-thread-1] INFO  server.RaftServerConfigKeys (ConfUtils.java:logGet(44)) - raft.server.snapshot.auto.trigger.threshold = 10000 (custom)
2022-02-20 11:33:17,265 [pool-228-thread-1] INFO  server.RaftServerConfigKeys (ConfUtils.java:logGet(44)) - raft.server.snapshot.retention.file.num = 5 (custom)
2022-02-20 11:33:17,265 [pool-228-thread-1] INFO  server.RaftServerConfigKeys (ConfUtils.java:logGet(44)) - raft.server.log.purge.upto.snapshot.index = false (default)
2022-02-20 11:33:17,265 [pool-228-thread-1] INFO  server.RaftServerConfigKeys (ConfUtils.java:logGet(44)) - raft.server.retrycache.expirytime = 600000ms (custom)
2022-02-20 11:33:17,265 [pool-228-thread-1] INFO  server.RaftServerConfigKeys (ConfUtils.java:logGet(44)) - raft.server.retrycache.statistics.expirytime = 100μs (default)
2022-02-20 11:33:17,271 [pool-228-thread-1] INFO  server.RaftServer$Division (RaftServerImpl.java:<init>(184)) - 8ab36e9f-68be-4dfb-8773-5c952908b11c: new RaftServerImpl for group-9D528AD3D8B2:[8ab36e9f-68be-4dfb-8773-5c952908b11c|rpc:10.1.0.4:45831|dataStream:|priority:0, 51457756-efc1-4f69-a8e1-a5f06e10f3ec|rpc:10.1.0.4:32965|dataStream:|priority:1, 9e38299b-d888-4111-a9fe-1064c77c0439|rpc:10.1.0.4:37023|dataStream:|priority:0] with ContainerStateMachine:uninitialized
2022-02-20 11:33:17,271 [pool-228-thread-1] INFO  server.RaftServerConfigKeys (ConfUtils.java:logGet(44)) - raft.server.rpc.timeout.min = 5s (custom)
2022-02-20 11:33:17,271 [pool-228-thread-1] INFO  server.RaftServerConfigKeys (ConfUtils.java:logGet(44)) - raft.server.rpc.timeout.max = 5200ms (custom)
2022-02-20 11:33:17,271 [pool-228-thread-1] INFO  server.RaftServerConfigKeys (ConfUtils.java:logGet(44)) - raft.server.rpc.sleep.time = 25ms (default)
2022-02-20 11:33:17,271 [pool-228-thread-1] INFO  server.RaftServerConfigKeys (ConfUtils.java:logGet(44)) - raft.server.rpc.slowness.timeout = 300s (custom)
2022-02-20 11:33:17,271 [pool-228-thread-1] INFO  server.RaftServerConfigKeys (ConfUtils.java:logGet(44)) - raft.server.leaderelection.leader.step-down.wait-time = 10s (default)
2022-02-20 11:33:17,271 [pool-228-thread-1] INFO  server.RaftServerConfigKeys (ConfUtils.java:logGet(44)) - raft.server.sleep.deviation.threshold = 300ms (default)
2022-02-20 11:33:17,272 [pool-228-thread-1] INFO  server.RaftServerConfigKeys (ConfUtils.java:logGet(44)) - raft.server.log.appender.install.snapshot.enabled = false (custom)
2022-02-20 11:33:17,272 [pool-228-thread-1] INFO  server.RaftServer$Division (ServerState.java:<init>(105)) - 8ab36e9f-68be-4dfb-8773-5c952908b11c@group-9D528AD3D8B2: ConfigurationManager, init=-1: [8ab36e9f-68be-4dfb-8773-5c952908b11c|rpc:10.1.0.4:45831|dataStream:|priority:0, 51457756-efc1-4f69-a8e1-a5f06e10f3ec|rpc:10.1.0.4:32965|dataStream:|priority:1, 9e38299b-d888-4111-a9fe-1064c77c0439|rpc:10.1.0.4:37023|dataStream:|priority:0], old=null, confs=<EMPTY_MAP>
2022-02-20 11:33:17,272 [pool-228-thread-1] INFO  server.RaftServerConfigKeys (ConfUtils.java:logGet(44)) - raft.server.storage.dir = [/home/runner/work/ozone/ozone/hadoop-ozone/integration-test/target/test-dir/MiniOzoneClusterImpl-35320b25-8391-4d91-bc43-1aeffe704654/datanode-1/data/ratis] (custom)
2022-02-20 11:33:17,272 [pool-228-thread-1] INFO  server.RaftServerConfigKeys (ConfUtils.java:logGet(44)) - raft.server.log.corruption.policy = EXCEPTION (default)
2022-02-20 11:33:17,272 [pool-228-thread-1] INFO  server.RaftServerConfigKeys (ConfUtils.java:logGet(44)) - raft.server.storage.free-space.min = 0MB (=0) (default)
2022-02-20 11:33:17,272 [pool-228-thread-1] INFO  storage.RaftStorageDirectory (RaftStorageDirectoryImpl.java:analyzeStorage(135)) - The storage directory /home/runner/work/ozone/ozone/hadoop-ozone/integration-test/target/test-dir/MiniOzoneClusterImpl-35320b25-8391-4d91-bc43-1aeffe704654/datanode-1/data/ratis/809d6a05-08ae-4253-b4a5-9d528ad3d8b2 does not exist. Creating ...
2022-02-20 11:33:17,273 [pool-228-thread-1] INFO  storage.RaftStorageDirectory (RaftStorageDirectoryImpl.java:tryLock(230)) - Lock on /home/runner/work/ozone/ozone/hadoop-ozone/integration-test/target/test-dir/MiniOzoneClusterImpl-35320b25-8391-4d91-bc43-1aeffe704654/datanode-1/data/ratis/809d6a05-08ae-4253-b4a5-9d528ad3d8b2/in_use.lock acquired by nodename 9434@fv-az59-849
2022-02-20 11:33:17,274 [pool-228-thread-1] INFO  storage.RaftStorage (RaftStorageImpl.java:format(89)) - Storage directory /home/runner/work/ozone/ozone/hadoop-ozone/integration-test/target/test-dir/MiniOzoneClusterImpl-35320b25-8391-4d91-bc43-1aeffe704654/datanode-1/data/ratis/809d6a05-08ae-4253-b4a5-9d528ad3d8b2 has been successfully formatted.
2022-02-20 11:33:17,274 [pool-228-thread-1] INFO  ratis.ContainerStateMachine (ContainerStateMachine.java:loadSnapshot(236)) - group-9D528AD3D8B2: The snapshot info is null. Setting the last applied indexto:(t:0, i:~)
2022-02-20 11:33:17,274 [pool-228-thread-1] INFO  server.RaftServerConfigKeys (ConfUtils.java:logGet(44)) - raft.server.notification.no-leader.timeout = 300s (custom)
2022-02-20 11:33:17,274 [pool-228-thread-1] INFO  server.RaftServerConfigKeys (ConfUtils.java:logGet(44)) - raft.server.log.use.memory = false (default)
2022-02-20 11:33:17,274 [pool-228-thread-1] INFO  server.RaftServerConfigKeys (ConfUtils.java:logGet(44)) - raft.server.log.purge.gap = 1000000 (custom)
2022-02-20 11:33:17,275 [pool-228-thread-1] INFO  server.RaftServerConfigKeys (ConfUtils.java:logGet(44)) - raft.server.log.appender.buffer.byte-limit = 33554432 (custom)
2022-02-20 11:33:17,275 [pool-228-thread-1] INFO  server.RaftServerConfigKeys (ConfUtils.java:logGet(44)) - raft.server.log.segment.size.max = 1048576 (custom)
2022-02-20 11:33:17,275 [pool-228-thread-1] INFO  server.RaftServerConfigKeys (ConfUtils.java:logGet(44)) - raft.server.log.segment.cache.num.max = 2 (custom)
2022-02-20 11:33:17,275 [pool-228-thread-1] INFO  server.RaftServerConfigKeys (ConfUtils.java:logGet(44)) - raft.server.log.segment.cache.size.max = 200MB (=209715200) (default)
2022-02-20 11:33:17,275 [pool-228-thread-1] INFO  segmented.SegmentedRaftLogWorker (SegmentedRaftLogWorker.java:<init>(182)) - new 8ab36e9f-68be-4dfb-8773-5c952908b11c@group-9D528AD3D8B2-SegmentedRaftLogWorker for RaftStorageImpl:Storage Directory /home/runner/work/ozone/ozone/hadoop-ozone/integration-test/target/test-dir/MiniOzoneClusterImpl-35320b25-8391-4d91-bc43-1aeffe704654/datanode-1/data/ratis/809d6a05-08ae-4253-b4a5-9d528ad3d8b2
2022-02-20 11:33:17,275 [pool-228-thread-1] INFO  server.RaftServerConfigKeys (ConfUtils.java:logGet(44)) - raft.server.log.queue.byte-limit = 4294967296 (custom)
2022-02-20 11:33:17,275 [pool-228-thread-1] INFO  server.RaftServerConfigKeys (ConfUtils.java:logGet(44)) - raft.server.log.queue.element-limit = 1024 (custom)
2022-02-20 11:33:17,275 [pool-228-thread-1] INFO  server.RaftServerConfigKeys (ConfUtils.java:logGet(44)) - raft.server.log.segment.size.max = 1048576 (custom)
2022-02-20 11:33:17,275 [pool-228-thread-1] INFO  server.RaftServerConfigKeys (ConfUtils.java:logGet(44)) - raft.server.log.preallocated.size = 16384 (custom)
2022-02-20 11:33:17,275 [pool-228-thread-1] INFO  server.RaftServerConfigKeys (ConfUtils.java:logGet(44)) - raft.server.log.force.sync.num = 128 (default)
2022-02-20 11:33:17,275 [pool-228-thread-1] INFO  server.RaftServerConfigKeys (ConfUtils.java:logGet(44)) - raft.server.log.statemachine.data.sync = true (default)
2022-02-20 11:33:17,276 [pool-228-thread-1] INFO  server.RaftServerConfigKeys (ConfUtils.java:logGet(44)) - raft.server.log.statemachine.data.sync.timeout = 10s (default)
2022-02-20 11:33:17,276 [pool-228-thread-1] INFO  server.RaftServerConfigKeys (ConfUtils.java:logGet(44)) - raft.server.log.statemachine.data.sync.timeout.retry = -1 (default)
2022-02-20 11:33:17,276 [pool-228-thread-1] INFO  server.RaftServerConfigKeys (ConfUtils.java:logGet(44)) - raft.server.log.write.buffer.size = 1048576 (custom)
2022-02-20 11:33:17,278 [pool-228-thread-1] INFO  server.RaftServerConfigKeys (ConfUtils.java:logGet(44)) - raft.server.log.statemachine.data.caching.enabled = true (custom)
2022-02-20 11:33:17,278 [pool-228-thread-1] INFO  segmented.SegmentedRaftLogWorker (SegmentedRaftLogWorker.java:lambda$new$0(133)) - 8ab36e9f-68be-4dfb-8773-5c952908b11c@group-9D528AD3D8B2-SegmentedRaftLogWorker: flushIndex: setUnconditionally 0 -> -1
2022-02-20 11:33:17,278 [pool-228-thread-1] INFO  segmented.SegmentedRaftLogWorker (SegmentedRaftLogWorker.java:lambda$new$0(133)) - 8ab36e9f-68be-4dfb-8773-5c952908b11c@group-9D528AD3D8B2-SegmentedRaftLogWorker: safeCacheEvictIndex: setUnconditionally 0 -> -1
2022-02-20 11:33:17,282 [pool-228-thread-1] INFO  server.RaftServerConfigKeys (ConfUtils.java:logGet(44)) - raft.server.snapshot.auto.trigger.enabled = true (custom)
2022-02-20 11:33:17,282 [pool-228-thread-1] INFO  server.RaftServerConfigKeys (ConfUtils.java:logGet(44)) - raft.server.snapshot.auto.trigger.threshold = 10000 (custom)
2022-02-20 11:33:17,282 [pool-228-thread-1] INFO  server.RaftServerConfigKeys (ConfUtils.java:logGet(44)) - raft.server.snapshot.retention.file.num = 5 (custom)
2022-02-20 11:33:17,282 [pool-228-thread-1] INFO  server.RaftServerConfigKeys (ConfUtils.java:logGet(44)) - raft.server.log.purge.upto.snapshot.index = false (default)
2022-02-20 11:33:17,282 [pool-228-thread-1] INFO  server.RaftServerConfigKeys (ConfUtils.java:logGet(44)) - raft.server.retrycache.expirytime = 600000ms (custom)
2022-02-20 11:33:17,282 [pool-228-thread-1] INFO  server.RaftServerConfigKeys (ConfUtils.java:logGet(44)) - raft.server.retrycache.statistics.expirytime = 100μs (default)
2022-02-20 11:33:17,283 [pool-228-thread-1] INFO  server.RaftServer$Division (RaftServerImpl.java:start(301)) - 8ab36e9f-68be-4dfb-8773-5c952908b11c@group-556ECA2ED168: start as a follower, conf=-1: [8ab36e9f-68be-4dfb-8773-5c952908b11c|rpc:10.1.0.4:45831|priority:1], old=null
2022-02-20 11:33:17,283 [pool-228-thread-1] INFO  server.RaftServer$Division (RaftServerImpl.java:setRole(290)) - 8ab36e9f-68be-4dfb-8773-5c952908b11c@group-556ECA2ED168: changes role from      null to FOLLOWER at term 0 for startAsFollower
2022-02-20 11:33:17,283 [pool-228-thread-1] INFO  impl.RoleInfo (RoleInfo.java:updateAndGet(130)) - 8ab36e9f-68be-4dfb-8773-5c952908b11c: start 8ab36e9f-68be-4dfb-8773-5c952908b11c@group-556ECA2ED168-FollowerState
2022-02-20 11:33:17,286 [pool-228-thread-1] INFO  util.JmxRegister (JmxRegister.java:tryRegister(44)) - Successfully registered JMX Bean with object name Ratis:service=RaftServer,group=group-556ECA2ED168,id=8ab36e9f-68be-4dfb-8773-5c952908b11c
2022-02-20 11:33:17,286 [pool-228-thread-1] INFO  server.RaftServer$Division (RaftServerImpl.java:start(301)) - 8ab36e9f-68be-4dfb-8773-5c952908b11c@group-9D528AD3D8B2: start as a follower, conf=-1: [8ab36e9f-68be-4dfb-8773-5c952908b11c|rpc:10.1.0.4:45831|dataStream:|priority:0, 51457756-efc1-4f69-a8e1-a5f06e10f3ec|rpc:10.1.0.4:32965|dataStream:|priority:1, 9e38299b-d888-4111-a9fe-1064c77c0439|rpc:10.1.0.4:37023|dataStream:|priority:0], old=null
2022-02-20 11:33:17,286 [pool-228-thread-1] INFO  server.RaftServer$Division (RaftServerImpl.java:setRole(290)) - 8ab36e9f-68be-4dfb-8773-5c952908b11c@group-9D528AD3D8B2: changes role from      null to FOLLOWER at term 0 for startAsFollower
2022-02-20 11:33:17,286 [pool-228-thread-1] INFO  impl.RoleInfo (RoleInfo.java:updateAndGet(130)) - 8ab36e9f-68be-4dfb-8773-5c952908b11c: start 8ab36e9f-68be-4dfb-8773-5c952908b11c@group-9D528AD3D8B2-FollowerState
2022-02-20 11:33:17,286 [Command processor thread] INFO  ratis.XceiverServerRatis (XceiverServerRatis.java:addGroup(769)) - Created group PipelineID=907b8d04-c96b-45d0-a760-556eca2ed168
2022-02-20 11:33:17,286 [Command processor thread] INFO  commandhandler.CreatePipelineCommandHandler (CreatePipelineCommandHandler.java:handle(106)) - Created Pipeline RATIS ONE PipelineID=907b8d04-c96b-45d0-a760-556eca2ed168.
2022-02-20 11:33:17,288 [pool-228-thread-1] INFO  util.JmxRegister (JmxRegister.java:tryRegister(44)) - Successfully registered JMX Bean with object name Ratis:service=RaftServer,group=group-9D528AD3D8B2,id=8ab36e9f-68be-4dfb-8773-5c952908b11c
2022-02-20 11:33:17,303 [EventQueue-OpenPipelineForHealthyPipelineSafeModeRule] INFO  safemode.SCMSafeModeManager (HealthyPipelineSafeModeRule.java:process(124)) - SCM in safe mode. Healthy pipelines reported count is 0, required healthy pipeline reported count is 1
2022-02-20 11:33:17,306 [Command processor thread] INFO  commandhandler.CreatePipelineCommandHandler (CreatePipelineCommandHandler.java:handle(106)) - Created Pipeline RATIS THREE PipelineID=809d6a05-08ae-4253-b4a5-9d528ad3d8b2.
2022-02-20 11:33:17,641 [Listener at 127.0.0.1/34313] INFO  ozone.MiniOzoneClusterImpl (MiniOzoneClusterImpl.java:lambda$waitForClusterToBeReady$0(219)) - Nodes are ready. Got 3 of 3 DN Heartbeats.
2022-02-20 11:33:17,642 [Listener at 127.0.0.1/34313] INFO  ozone.MiniOzoneClusterImpl (MiniOzoneClusterImpl.java:lambda$waitForClusterToBeReady$0(222)) - Waiting for cluster to exit safe mode
2022-02-20 11:33:17,642 [Listener at 127.0.0.1/34313] INFO  ozone.MiniOzoneClusterImpl (MiniOzoneClusterImpl.java:lambda$waitForClusterToBeReady$0(224)) - SCM became leader
2022-02-20 11:33:17,664 [Command processor thread] INFO  server.RaftServer (RaftServerProxy.java:addNew(95)) - 51457756-efc1-4f69-a8e1-a5f06e10f3ec: addNew group-6A00235ACE13:[51457756-efc1-4f69-a8e1-a5f06e10f3ec|rpc:10.1.0.4:32965|priority:1] returns group-6A00235ACE13:java.util.concurrent.CompletableFuture@6321bbf5[Not completed]
2022-02-20 11:33:17,665 [pool-249-thread-1] INFO  server.RaftServer$Division (RaftServerImpl.java:<init>(184)) - 51457756-efc1-4f69-a8e1-a5f06e10f3ec: new RaftServerImpl for group-6A00235ACE13:[51457756-efc1-4f69-a8e1-a5f06e10f3ec|rpc:10.1.0.4:32965|priority:1] with ContainerStateMachine:uninitialized
2022-02-20 11:33:17,665 [pool-249-thread-1] INFO  server.RaftServerConfigKeys (ConfUtils.java:logGet(44)) - raft.server.rpc.timeout.min = 5s (custom)
2022-02-20 11:33:17,665 [pool-249-thread-1] INFO  server.RaftServerConfigKeys (ConfUtils.java:logGet(44)) - raft.server.rpc.timeout.max = 5200ms (custom)
2022-02-20 11:33:17,665 [pool-249-thread-1] INFO  server.RaftServerConfigKeys (ConfUtils.java:logGet(44)) - raft.server.rpc.sleep.time = 25ms (default)
2022-02-20 11:33:17,665 [pool-249-thread-1] INFO  server.RaftServerConfigKeys (ConfUtils.java:logGet(44)) - raft.server.rpc.slowness.timeout = 300s (custom)
2022-02-20 11:33:17,665 [pool-249-thread-1] INFO  server.RaftServerConfigKeys (ConfUtils.java:logGet(44)) - raft.server.leaderelection.leader.step-down.wait-time = 10s (default)
2022-02-20 11:33:17,665 [pool-249-thread-1] INFO  server.RaftServerConfigKeys (ConfUtils.java:logGet(44)) - raft.server.sleep.deviation.threshold = 300ms (default)
2022-02-20 11:33:17,665 [pool-249-thread-1] INFO  server.RaftServerConfigKeys (ConfUtils.java:logGet(44)) - raft.server.log.appender.install.snapshot.enabled = false (custom)
2022-02-20 11:33:17,666 [pool-249-thread-1] INFO  server.RaftServer$Division (ServerState.java:<init>(105)) - 51457756-efc1-4f69-a8e1-a5f06e10f3ec@group-6A00235ACE13: ConfigurationManager, init=-1: [51457756-efc1-4f69-a8e1-a5f06e10f3ec|rpc:10.1.0.4:32965|priority:1], old=null, confs=<EMPTY_MAP>
2022-02-20 11:33:17,666 [pool-249-thread-1] INFO  server.RaftServerConfigKeys (ConfUtils.java:logGet(44)) - raft.server.storage.dir = [/home/runner/work/ozone/ozone/hadoop-ozone/integration-test/target/test-dir/MiniOzoneClusterImpl-35320b25-8391-4d91-bc43-1aeffe704654/datanode-2/data/ratis] (custom)
2022-02-20 11:33:17,666 [pool-249-thread-1] INFO  server.RaftServerConfigKeys (ConfUtils.java:logGet(44)) - raft.server.log.corruption.policy = EXCEPTION (default)
2022-02-20 11:33:17,666 [pool-249-thread-1] INFO  server.RaftServerConfigKeys (ConfUtils.java:logGet(44)) - raft.server.storage.free-space.min = 0MB (=0) (default)
2022-02-20 11:33:17,666 [pool-249-thread-1] INFO  storage.RaftStorageDirectory (RaftStorageDirectoryImpl.java:analyzeStorage(135)) - The storage directory /home/runner/work/ozone/ozone/hadoop-ozone/integration-test/target/test-dir/MiniOzoneClusterImpl-35320b25-8391-4d91-bc43-1aeffe704654/datanode-2/data/ratis/5492d464-c93c-49b9-9007-6a00235ace13 does not exist. Creating ...
2022-02-20 11:33:17,667 [pool-249-thread-1] INFO  storage.RaftStorageDirectory (RaftStorageDirectoryImpl.java:tryLock(230)) - Lock on /home/runner/work/ozone/ozone/hadoop-ozone/integration-test/target/test-dir/MiniOzoneClusterImpl-35320b25-8391-4d91-bc43-1aeffe704654/datanode-2/data/ratis/5492d464-c93c-49b9-9007-6a00235ace13/in_use.lock acquired by nodename 9434@fv-az59-849
2022-02-20 11:33:17,668 [pool-249-thread-1] INFO  storage.RaftStorage (RaftStorageImpl.java:format(89)) - Storage directory /home/runner/work/ozone/ozone/hadoop-ozone/integration-test/target/test-dir/MiniOzoneClusterImpl-35320b25-8391-4d91-bc43-1aeffe704654/datanode-2/data/ratis/5492d464-c93c-49b9-9007-6a00235ace13 has been successfully formatted.
2022-02-20 11:33:17,669 [pool-249-thread-1] INFO  ratis.ContainerStateMachine (ContainerStateMachine.java:loadSnapshot(236)) - group-6A00235ACE13: The snapshot info is null. Setting the last applied indexto:(t:0, i:~)
2022-02-20 11:33:17,669 [pool-249-thread-1] INFO  server.RaftServerConfigKeys (ConfUtils.java:logGet(44)) - raft.server.notification.no-leader.timeout = 300s (custom)
2022-02-20 11:33:17,669 [pool-249-thread-1] INFO  server.RaftServerConfigKeys (ConfUtils.java:logGet(44)) - raft.server.log.use.memory = false (default)
2022-02-20 11:33:17,669 [pool-249-thread-1] INFO  server.RaftServerConfigKeys (ConfUtils.java:logGet(44)) - raft.server.log.purge.gap = 1000000 (custom)
2022-02-20 11:33:17,669 [pool-249-thread-1] INFO  server.RaftServerConfigKeys (ConfUtils.java:logGet(44)) - raft.server.log.appender.buffer.byte-limit = 33554432 (custom)
2022-02-20 11:33:17,669 [pool-249-thread-1] INFO  server.RaftServerConfigKeys (ConfUtils.java:logGet(44)) - raft.server.log.segment.size.max = 1048576 (custom)
2022-02-20 11:33:17,669 [pool-249-thread-1] INFO  server.RaftServerConfigKeys (ConfUtils.java:logGet(44)) - raft.server.log.segment.cache.num.max = 2 (custom)
2022-02-20 11:33:17,669 [pool-249-thread-1] INFO  server.RaftServerConfigKeys (ConfUtils.java:logGet(44)) - raft.server.log.segment.cache.size.max = 200MB (=209715200) (default)
2022-02-20 11:33:17,670 [pool-249-thread-1] INFO  segmented.SegmentedRaftLogWorker (SegmentedRaftLogWorker.java:<init>(182)) - new 51457756-efc1-4f69-a8e1-a5f06e10f3ec@group-6A00235ACE13-SegmentedRaftLogWorker for RaftStorageImpl:Storage Directory /home/runner/work/ozone/ozone/hadoop-ozone/integration-test/target/test-dir/MiniOzoneClusterImpl-35320b25-8391-4d91-bc43-1aeffe704654/datanode-2/data/ratis/5492d464-c93c-49b9-9007-6a00235ace13
2022-02-20 11:33:17,670 [pool-249-thread-1] INFO  server.RaftServerConfigKeys (ConfUtils.java:logGet(44)) - raft.server.log.queue.byte-limit = 4294967296 (custom)
2022-02-20 11:33:17,670 [pool-249-thread-1] INFO  server.RaftServerConfigKeys (ConfUtils.java:logGet(44)) - raft.server.log.queue.element-limit = 1024 (custom)
2022-02-20 11:33:17,670 [pool-249-thread-1] INFO  server.RaftServerConfigKeys (ConfUtils.java:logGet(44)) - raft.server.log.segment.size.max = 1048576 (custom)
2022-02-20 11:33:17,670 [pool-249-thread-1] INFO  server.RaftServerConfigKeys (ConfUtils.java:logGet(44)) - raft.server.log.preallocated.size = 16384 (custom)
2022-02-20 11:33:17,670 [pool-249-thread-1] INFO  server.RaftServerConfigKeys (ConfUtils.java:logGet(44)) - raft.server.log.force.sync.num = 128 (default)
2022-02-20 11:33:17,670 [pool-249-thread-1] INFO  server.RaftServerConfigKeys (ConfUtils.java:logGet(44)) - raft.server.log.statemachine.data.sync = true (default)
2022-02-20 11:33:17,670 [pool-249-thread-1] INFO  server.RaftServerConfigKeys (ConfUtils.java:logGet(44)) - raft.server.log.statemachine.data.sync.timeout = 10s (default)
2022-02-20 11:33:17,670 [pool-249-thread-1] INFO  server.RaftServerConfigKeys (ConfUtils.java:logGet(44)) - raft.server.log.statemachine.data.sync.timeout.retry = -1 (default)
2022-02-20 11:33:17,672 [EventQueue-PipelineReportForPipelineReportHandler] INFO  pipeline.PipelineManagerImpl (PipelineManagerImpl.java:openPipeline(291)) - Pipeline Pipeline[ Id: 5492d464-c93c-49b9-9007-6a00235ace13, Nodes: 51457756-efc1-4f69-a8e1-a5f06e10f3ec{ip: 10.1.0.4, host: fv-az59-849.csjynl4pkq3e1pkirw3ssqjfoh.cx.internal.cloudapp.net, ports: [REPLICATION=40105, RATIS=32965, RATIS_ADMIN=32965, RATIS_SERVER=32965, STANDALONE=44425], networkLocation: /default-rack, certSerialId: null, persistedOpState: IN_SERVICE, persistedOpStateExpiryEpochSec: 0}, ReplicationConfig: RATIS/ONE, State:ALLOCATED, leaderId:51457756-efc1-4f69-a8e1-a5f06e10f3ec, CreationTimestamp2022-02-20T11:33:14.666Z[Etc/UTC]] moved to OPEN state
2022-02-20 11:33:17,673 [f6ba6412-eb1e-4081-be92-513fc63bde1b@group-1AEFFE704654-StateMachineUpdater] INFO  safemode.HealthyPipelineSafeModeRule (HealthyPipelineSafeModeRule.java:initializeRule(152)) - Refreshed total pipeline count is 0, healthy pipeline threshold count is 1
2022-02-20 11:33:17,673 [EventQueue-OpenPipelineForHealthyPipelineSafeModeRule] INFO  safemode.SCMSafeModeManager (HealthyPipelineSafeModeRule.java:process(124)) - SCM in safe mode. Healthy pipelines reported count is 0, required healthy pipeline reported count is 1
2022-02-20 11:33:17,683 [pool-249-thread-1] INFO  server.RaftServerConfigKeys (ConfUtils.java:logGet(44)) - raft.server.log.write.buffer.size = 1048576 (custom)
2022-02-20 11:33:17,683 [pool-249-thread-1] INFO  server.RaftServerConfigKeys (ConfUtils.java:logGet(44)) - raft.server.log.statemachine.data.caching.enabled = true (custom)
2022-02-20 11:33:17,683 [pool-249-thread-1] INFO  segmented.SegmentedRaftLogWorker (SegmentedRaftLogWorker.java:lambda$new$0(133)) - 51457756-efc1-4f69-a8e1-a5f06e10f3ec@group-6A00235ACE13-SegmentedRaftLogWorker: flushIndex: setUnconditionally 0 -> -1
2022-02-20 11:33:17,684 [pool-249-thread-1] INFO  segmented.SegmentedRaftLogWorker (SegmentedRaftLogWorker.java:lambda$new$0(133)) - 51457756-efc1-4f69-a8e1-a5f06e10f3ec@group-6A00235ACE13-SegmentedRaftLogWorker: safeCacheEvictIndex: setUnconditionally 0 -> -1
2022-02-20 11:33:17,690 [pool-249-thread-1] INFO  server.RaftServerConfigKeys (ConfUtils.java:logGet(44)) - raft.server.snapshot.auto.trigger.enabled = true (custom)
2022-02-20 11:33:17,690 [pool-249-thread-1] INFO  server.RaftServerConfigKeys (ConfUtils.java:logGet(44)) - raft.server.snapshot.auto.trigger.threshold = 10000 (custom)
2022-02-20 11:33:17,690 [pool-249-thread-1] INFO  server.RaftServerConfigKeys (ConfUtils.java:logGet(44)) - raft.server.snapshot.retention.file.num = 5 (custom)
2022-02-20 11:33:17,690 [pool-249-thread-1] INFO  server.RaftServerConfigKeys (ConfUtils.java:logGet(44)) - raft.server.log.purge.upto.snapshot.index = false (default)
2022-02-20 11:33:17,690 [pool-249-thread-1] INFO  server.RaftServerConfigKeys (ConfUtils.java:logGet(44)) - raft.server.retrycache.expirytime = 600000ms (custom)
2022-02-20 11:33:17,690 [pool-249-thread-1] INFO  server.RaftServerConfigKeys (ConfUtils.java:logGet(44)) - raft.server.retrycache.statistics.expirytime = 100μs (default)
2022-02-20 11:33:17,691 [pool-249-thread-1] INFO  server.RaftServer$Division (RaftServerImpl.java:start(301)) - 51457756-efc1-4f69-a8e1-a5f06e10f3ec@group-6A00235ACE13: start as a follower, conf=-1: [51457756-efc1-4f69-a8e1-a5f06e10f3ec|rpc:10.1.0.4:32965|priority:1], old=null
2022-02-20 11:33:17,691 [pool-249-thread-1] INFO  server.RaftServer$Division (RaftServerImpl.java:setRole(290)) - 51457756-efc1-4f69-a8e1-a5f06e10f3ec@group-6A00235ACE13: changes role from      null to FOLLOWER at term 0 for startAsFollower
2022-02-20 11:33:17,691 [pool-249-thread-1] INFO  impl.RoleInfo (RoleInfo.java:updateAndGet(130)) - 51457756-efc1-4f69-a8e1-a5f06e10f3ec: start 51457756-efc1-4f69-a8e1-a5f06e10f3ec@group-6A00235ACE13-FollowerState
2022-02-20 11:33:17,691 [pool-249-thread-1] INFO  util.JmxRegister (JmxRegister.java:tryRegister(44)) - Successfully registered JMX Bean with object name Ratis:service=RaftServer,group=group-6A00235ACE13,id=51457756-efc1-4f69-a8e1-a5f06e10f3ec
2022-02-20 11:33:17,695 [Command processor thread] INFO  ratis.XceiverServerRatis (XceiverServerRatis.java:addGroup(769)) - Created group PipelineID=5492d464-c93c-49b9-9007-6a00235ace13
2022-02-20 11:33:17,695 [Command processor thread] INFO  commandhandler.CreatePipelineCommandHandler (CreatePipelineCommandHandler.java:handle(106)) - Created Pipeline RATIS ONE PipelineID=5492d464-c93c-49b9-9007-6a00235ace13.
2022-02-20 11:33:18,642 [Listener at 127.0.0.1/34313] INFO  ozone.MiniOzoneClusterImpl (MiniOzoneClusterImpl.java:lambda$waitForClusterToBeReady$0(219)) - Nodes are ready. Got 3 of 3 DN Heartbeats.
2022-02-20 11:33:18,642 [Listener at 127.0.0.1/34313] INFO  ozone.MiniOzoneClusterImpl (MiniOzoneClusterImpl.java:lambda$waitForClusterToBeReady$0(222)) - Waiting for cluster to exit safe mode
2022-02-20 11:33:18,642 [Listener at 127.0.0.1/34313] INFO  ozone.MiniOzoneClusterImpl (MiniOzoneClusterImpl.java:lambda$waitForClusterToBeReady$0(224)) - SCM became leader
2022-02-20 11:33:19,643 [Listener at 127.0.0.1/34313] INFO  ozone.MiniOzoneClusterImpl (MiniOzoneClusterImpl.java:lambda$waitForClusterToBeReady$0(219)) - Nodes are ready. Got 3 of 3 DN Heartbeats.
2022-02-20 11:33:19,643 [Listener at 127.0.0.1/34313] INFO  ozone.MiniOzoneClusterImpl (MiniOzoneClusterImpl.java:lambda$waitForClusterToBeReady$0(222)) - Waiting for cluster to exit safe mode
2022-02-20 11:33:19,643 [Listener at 127.0.0.1/34313] INFO  ozone.MiniOzoneClusterImpl (MiniOzoneClusterImpl.java:lambda$waitForClusterToBeReady$0(224)) - SCM became leader
2022-02-20 11:33:20,643 [Listener at 127.0.0.1/34313] INFO  ozone.MiniOzoneClusterImpl (MiniOzoneClusterImpl.java:lambda$waitForClusterToBeReady$0(219)) - Nodes are ready. Got 3 of 3 DN Heartbeats.
2022-02-20 11:33:20,644 [Listener at 127.0.0.1/34313] INFO  ozone.MiniOzoneClusterImpl (MiniOzoneClusterImpl.java:lambda$waitForClusterToBeReady$0(222)) - Waiting for cluster to exit safe mode
2022-02-20 11:33:20,644 [Listener at 127.0.0.1/34313] INFO  ozone.MiniOzoneClusterImpl (MiniOzoneClusterImpl.java:lambda$waitForClusterToBeReady$0(224)) - SCM became leader
2022-02-20 11:33:21,644 [Listener at 127.0.0.1/34313] INFO  ozone.MiniOzoneClusterImpl (MiniOzoneClusterImpl.java:lambda$waitForClusterToBeReady$0(219)) - Nodes are ready. Got 3 of 3 DN Heartbeats.
2022-02-20 11:33:21,644 [Listener at 127.0.0.1/34313] INFO  ozone.MiniOzoneClusterImpl (MiniOzoneClusterImpl.java:lambda$waitForClusterToBeReady$0(222)) - Waiting for cluster to exit safe mode
2022-02-20 11:33:21,644 [Listener at 127.0.0.1/34313] INFO  ozone.MiniOzoneClusterImpl (MiniOzoneClusterImpl.java:lambda$waitForClusterToBeReady$0(224)) - SCM became leader
2022-02-20 11:33:22,089 [9e38299b-d888-4111-a9fe-1064c77c0439@group-C5C00BFCD4D9-FollowerState] INFO  impl.FollowerState (FollowerState.java:run(134)) - 9e38299b-d888-4111-a9fe-1064c77c0439@group-C5C00BFCD4D9-FollowerState: change to CANDIDATE, lastRpcElapsedTime:5110320034ns, electionTimeout:5108ms
2022-02-20 11:33:22,090 [9e38299b-d888-4111-a9fe-1064c77c0439@group-C5C00BFCD4D9-FollowerState] INFO  impl.RoleInfo (RoleInfo.java:shutdownFollowerState(108)) - 9e38299b-d888-4111-a9fe-1064c77c0439: shutdown 9e38299b-d888-4111-a9fe-1064c77c0439@group-C5C00BFCD4D9-FollowerState
2022-02-20 11:33:22,090 [9e38299b-d888-4111-a9fe-1064c77c0439@group-C5C00BFCD4D9-FollowerState] INFO  server.RaftServer$Division (RaftServerImpl.java:setRole(290)) - 9e38299b-d888-4111-a9fe-1064c77c0439@group-C5C00BFCD4D9: changes role from  FOLLOWER to CANDIDATE at term 0 for changeToCandidate
2022-02-20 11:33:22,090 [9e38299b-d888-4111-a9fe-1064c77c0439@group-C5C00BFCD4D9-FollowerState] INFO  server.RaftServerConfigKeys (ConfUtils.java:logGet(44)) - raft.server.leaderelection.pre-vote = false (custom)
2022-02-20 11:33:22,090 [9e38299b-d888-4111-a9fe-1064c77c0439@group-C5C00BFCD4D9-FollowerState] INFO  impl.RoleInfo (RoleInfo.java:updateAndGet(130)) - 9e38299b-d888-4111-a9fe-1064c77c0439: start 9e38299b-d888-4111-a9fe-1064c77c0439@group-C5C00BFCD4D9-LeaderElection20
2022-02-20 11:33:22,092 [9e38299b-d888-4111-a9fe-1064c77c0439@group-67460D34CEA8-FollowerState] INFO  impl.FollowerState (FollowerState.java:run(134)) - 9e38299b-d888-4111-a9fe-1064c77c0439@group-67460D34CEA8-FollowerState: change to CANDIDATE, lastRpcElapsedTime:5151853422ns, electionTimeout:5132ms
2022-02-20 11:33:22,092 [9e38299b-d888-4111-a9fe-1064c77c0439@group-67460D34CEA8-FollowerState] INFO  impl.RoleInfo (RoleInfo.java:shutdownFollowerState(108)) - 9e38299b-d888-4111-a9fe-1064c77c0439: shutdown 9e38299b-d888-4111-a9fe-1064c77c0439@group-67460D34CEA8-FollowerState
2022-02-20 11:33:22,092 [9e38299b-d888-4111-a9fe-1064c77c0439@group-67460D34CEA8-FollowerState] INFO  server.RaftServer$Division (RaftServerImpl.java:setRole(290)) - 9e38299b-d888-4111-a9fe-1064c77c0439@group-67460D34CEA8: changes role from  FOLLOWER to CANDIDATE at term 0 for changeToCandidate
2022-02-20 11:33:22,101 [9e38299b-d888-4111-a9fe-1064c77c0439@group-67460D34CEA8-FollowerState] INFO  server.RaftServerConfigKeys (ConfUtils.java:logGet(44)) - raft.server.leaderelection.pre-vote = false (custom)
2022-02-20 11:33:22,101 [9e38299b-d888-4111-a9fe-1064c77c0439@group-67460D34CEA8-FollowerState] INFO  impl.RoleInfo (RoleInfo.java:updateAndGet(130)) - 9e38299b-d888-4111-a9fe-1064c77c0439: start 9e38299b-d888-4111-a9fe-1064c77c0439@group-67460D34CEA8-LeaderElection21
2022-02-20 11:33:22,123 [9e38299b-d888-4111-a9fe-1064c77c0439@group-C5C00BFCD4D9-LeaderElection20] INFO  impl.LeaderElection (LeaderElection.java:askForVotes(306)) - 9e38299b-d888-4111-a9fe-1064c77c0439@group-C5C00BFCD4D9-LeaderElection20 ELECTION round 0: submit vote requests at term 1 for -1: [8ab36e9f-68be-4dfb-8773-5c952908b11c|rpc:10.1.0.4:45831|priority:0, 51457756-efc1-4f69-a8e1-a5f06e10f3ec|rpc:10.1.0.4:32965|priority:0, 9e38299b-d888-4111-a9fe-1064c77c0439|rpc:10.1.0.4:37023|priority:1], old=null
2022-02-20 11:33:22,125 [9e38299b-d888-4111-a9fe-1064c77c0439@group-67460D34CEA8-LeaderElection21] INFO  impl.LeaderElection (LeaderElection.java:askForVotes(306)) - 9e38299b-d888-4111-a9fe-1064c77c0439@group-67460D34CEA8-LeaderElection21 ELECTION round 0: submit vote requests at term 1 for -1: [9e38299b-d888-4111-a9fe-1064c77c0439|rpc:10.1.0.4:37023|priority:1], old=null
2022-02-20 11:33:22,125 [9e38299b-d888-4111-a9fe-1064c77c0439@group-67460D34CEA8-LeaderElection21] INFO  impl.LeaderElection (LeaderElection.java:askForVotes(308)) - 9e38299b-d888-4111-a9fe-1064c77c0439@group-67460D34CEA8-LeaderElection21 ELECTION round 0: result PASSED (term=1)
2022-02-20 11:33:22,125 [9e38299b-d888-4111-a9fe-1064c77c0439@group-67460D34CEA8-LeaderElection21] INFO  impl.RoleInfo (RoleInfo.java:shutdownLeaderElection(121)) - 9e38299b-d888-4111-a9fe-1064c77c0439: shutdown 9e38299b-d888-4111-a9fe-1064c77c0439@group-67460D34CEA8-LeaderElection21
2022-02-20 11:33:22,125 [9e38299b-d888-4111-a9fe-1064c77c0439@group-67460D34CEA8-LeaderElection21] INFO  server.RaftServer$Division (RaftServerImpl.java:setRole(290)) - 9e38299b-d888-4111-a9fe-1064c77c0439@group-67460D34CEA8: changes role from CANDIDATE to LEADER at term 1 for changeToLeader
2022-02-20 11:33:22,125 [9e38299b-d888-4111-a9fe-1064c77c0439@group-67460D34CEA8-LeaderElection21] INFO  ratis.XceiverServerRatis (XceiverServerRatis.java:handleLeaderChangedNotification(867)) - Leader change notification received for group: group-67460D34CEA8 with new leaderId: 9e38299b-d888-4111-a9fe-1064c77c0439
2022-02-20 11:33:22,136 [9e38299b-d888-4111-a9fe-1064c77c0439@group-67460D34CEA8-LeaderElection21] INFO  server.RaftServer$Division (ServerState.java:setLeader(285)) - 9e38299b-d888-4111-a9fe-1064c77c0439@group-67460D34CEA8: change Leader from null to 9e38299b-d888-4111-a9fe-1064c77c0439 at term 1 for becomeLeader, leader elected after 5202ms
2022-02-20 11:33:22,136 [9e38299b-d888-4111-a9fe-1064c77c0439@group-67460D34CEA8-LeaderElection21] INFO  server.RaftServerConfigKeys (ConfUtils.java:logGet(44)) - raft.server.staging.catchup.gap = 1000 (default)
2022-02-20 11:33:22,136 [9e38299b-d888-4111-a9fe-1064c77c0439@group-67460D34CEA8-LeaderElection21] INFO  server.RaftServerConfigKeys (ConfUtils.java:logGet(44)) - raft.server.write.element-limit = 1024 (custom)
2022-02-20 11:33:22,136 [9e38299b-d888-4111-a9fe-1064c77c0439@group-67460D34CEA8-LeaderElection21] INFO  server.RaftServerConfigKeys (ConfUtils.java:logGet(44)) - raft.server.write.byte-limit = 1024 M (=1073741824) (custom)
2022-02-20 11:33:22,136 [9e38299b-d888-4111-a9fe-1064c77c0439@group-67460D34CEA8-LeaderElection21] INFO  server.RaftServerConfigKeys (ConfUtils.java:logGet(44)) - raft.server.watch.timeout = 180s (custom)
2022-02-20 11:33:22,136 [9e38299b-d888-4111-a9fe-1064c77c0439@group-67460D34CEA8-LeaderElection21] INFO  server.RaftServerConfigKeys (ConfUtils.java:logGet(44)) - raft.server.watch.timeout.denomination = 1s (default)
2022-02-20 11:33:22,137 [9e38299b-d888-4111-a9fe-1064c77c0439@group-67460D34CEA8-LeaderElection21] INFO  server.RaftServerConfigKeys (ConfUtils.java:logGet(44)) - raft.server.watch.element-limit = 65536 (default)
2022-02-20 11:33:22,137 [9e38299b-d888-4111-a9fe-1064c77c0439@group-67460D34CEA8-LeaderElection21] INFO  server.RaftServerConfigKeys (ConfUtils.java:logGet(44)) - raft.server.write.element-limit = 1024 (custom)
2022-02-20 11:33:22,137 [9e38299b-d888-4111-a9fe-1064c77c0439@group-67460D34CEA8-LeaderElection21] INFO  server.RaftServerConfigKeys (ConfUtils.java:logGet(44)) - raft.server.write.follower.gap.ratio.max = -1.0 (default)
2022-02-20 11:33:22,137 [9e38299b-d888-4111-a9fe-1064c77c0439@group-67460D34CEA8-LeaderElection21] INFO  impl.RoleInfo (RoleInfo.java:updateAndGet(130)) - 9e38299b-d888-4111-a9fe-1064c77c0439: start 9e38299b-d888-4111-a9fe-1064c77c0439@group-67460D34CEA8-LeaderStateImpl
2022-02-20 11:33:22,137 [9e38299b-d888-4111-a9fe-1064c77c0439@group-67460D34CEA8-LeaderElection21] INFO  segmented.SegmentedRaftLogWorker (SegmentedRaftLogWorker.java:startLogSegment(394)) - 9e38299b-d888-4111-a9fe-1064c77c0439@group-67460D34CEA8-SegmentedRaftLogWorker: Starting segment from index:0
2022-02-20 11:33:22,139 [9e38299b-d888-4111-a9fe-1064c77c0439@group-67460D34CEA8-LeaderElection21] INFO  server.RaftServer$Division (ServerState.java:setRaftConf(387)) - 9e38299b-d888-4111-a9fe-1064c77c0439@group-67460D34CEA8: set configuration 0: [9e38299b-d888-4111-a9fe-1064c77c0439|rpc:10.1.0.4:37023|dataStream:|priority:1], old=null
2022-02-20 11:33:22,140 [grpc-default-executor-0] INFO  server.RaftServer$Division (RaftServerImpl.java:requestVote(1046)) - 8ab36e9f-68be-4dfb-8773-5c952908b11c@group-C5C00BFCD4D9: receive requestVote(ELECTION, 9e38299b-d888-4111-a9fe-1064c77c0439, group-C5C00BFCD4D9, 1, (t:0, i:0))
2022-02-20 11:33:22,140 [grpc-default-executor-0] INFO  impl.VoteContext (VoteContext.java:log(48)) - 8ab36e9f-68be-4dfb-8773-5c952908b11c@group-C5C00BFCD4D9-FOLLOWER: accept ELECTION from 9e38299b-d888-4111-a9fe-1064c77c0439: our priority 0 <= candidate's priority 1
2022-02-20 11:33:22,140 [grpc-default-executor-0] INFO  server.RaftServer$Division (RaftServerImpl.java:setRole(290)) - 8ab36e9f-68be-4dfb-8773-5c952908b11c@group-C5C00BFCD4D9: changes role from  FOLLOWER to FOLLOWER at term 1 for candidate:9e38299b-d888-4111-a9fe-1064c77c0439
2022-02-20 11:33:22,140 [grpc-default-executor-0] INFO  impl.RoleInfo (RoleInfo.java:shutdownFollowerState(108)) - 8ab36e9f-68be-4dfb-8773-5c952908b11c: shutdown 8ab36e9f-68be-4dfb-8773-5c952908b11c@group-C5C00BFCD4D9-FollowerState
2022-02-20 11:33:22,140 [grpc-default-executor-0] INFO  impl.RoleInfo (RoleInfo.java:updateAndGet(130)) - 8ab36e9f-68be-4dfb-8773-5c952908b11c: start 8ab36e9f-68be-4dfb-8773-5c952908b11c@group-C5C00BFCD4D9-FollowerState
2022-02-20 11:33:22,140 [8ab36e9f-68be-4dfb-8773-5c952908b11c@group-C5C00BFCD4D9-FollowerState] INFO  impl.FollowerState (FollowerState.java:run(143)) - 8ab36e9f-68be-4dfb-8773-5c952908b11c@group-C5C00BFCD4D9-FollowerState was interrupted: {}
java.lang.InterruptedException: sleep interrupted
	at java.lang.Thread.sleep(Native Method)
	at java.lang.Thread.sleep(Thread.java:342)
	at java.util.concurrent.TimeUnit.sleep(TimeUnit.java:386)
	at org.apache.ratis.util.TimeDuration.sleep(TimeDuration.java:324)
	at org.apache.ratis.util.TimeDuration.sleep(TimeDuration.java:309)
	at org.apache.ratis.server.impl.FollowerState.run(FollowerState.java:118)
2022-02-20 11:33:22,143 [grpc-default-executor-0] INFO  server.RaftServer$Division (RaftServerImpl.java:requestVote(1078)) - 8ab36e9f-68be-4dfb-8773-5c952908b11c@group-C5C00BFCD4D9 replies to ELECTION vote request: 9e38299b-d888-4111-a9fe-1064c77c0439<-8ab36e9f-68be-4dfb-8773-5c952908b11c#0:OK-t1. Peer's state: 8ab36e9f-68be-4dfb-8773-5c952908b11c@group-C5C00BFCD4D9:t1, leader=null, voted=9e38299b-d888-4111-a9fe-1064c77c0439, raftlog=8ab36e9f-68be-4dfb-8773-5c952908b11c@group-C5C00BFCD4D9-SegmentedRaftLog:OPENED:c-1, conf=-1: [8ab36e9f-68be-4dfb-8773-5c952908b11c|rpc:10.1.0.4:45831|dataStream:|priority:0, 51457756-efc1-4f69-a8e1-a5f06e10f3ec|rpc:10.1.0.4:32965|dataStream:|priority:0, 9e38299b-d888-4111-a9fe-1064c77c0439|rpc:10.1.0.4:37023|dataStream:|priority:1], old=null
2022-02-20 11:33:22,144 [EventQueue-OpenPipelineForHealthyPipelineSafeModeRule] INFO  safemode.SCMSafeModeManager (HealthyPipelineSafeModeRule.java:process(124)) - SCM in safe mode. Healthy pipelines reported count is 0, required healthy pipeline reported count is 1
2022-02-20 11:33:22,145 [9e38299b-d888-4111-a9fe-1064c77c0439@group-67460D34CEA8-SegmentedRaftLogWorker] INFO  segmented.SegmentedRaftLogWorker (SegmentedRaftLogWorker.java:execute(601)) - 9e38299b-d888-4111-a9fe-1064c77c0439@group-67460D34CEA8-SegmentedRaftLogWorker: created new log segment /home/runner/work/ozone/ozone/hadoop-ozone/integration-test/target/test-dir/MiniOzoneClusterImpl-35320b25-8391-4d91-bc43-1aeffe704654/datanode-0/data/ratis/26845308-c60e-4638-aa38-67460d34cea8/current/log_inprogress_0
2022-02-20 11:33:22,155 [9e38299b-d888-4111-a9fe-1064c77c0439@group-C5C00BFCD4D9-LeaderElection20] INFO  impl.LeaderElection (LeaderElection.java:logAndReturn(89)) - 9e38299b-d888-4111-a9fe-1064c77c0439@group-C5C00BFCD4D9-LeaderElection20: ELECTION PASSED received 1 response(s) and 0 exception(s):
2022-02-20 11:33:22,155 [9e38299b-d888-4111-a9fe-1064c77c0439@group-C5C00BFCD4D9-LeaderElection20] INFO  impl.LeaderElection (LeaderElection.java:logAndReturn(93)) -   Response 0: 9e38299b-d888-4111-a9fe-1064c77c0439<-8ab36e9f-68be-4dfb-8773-5c952908b11c#0:OK-t1
2022-02-20 11:33:22,155 [9e38299b-d888-4111-a9fe-1064c77c0439@group-C5C00BFCD4D9-LeaderElection20] INFO  impl.LeaderElection (LeaderElection.java:askForVotes(308)) - 9e38299b-d888-4111-a9fe-1064c77c0439@group-C5C00BFCD4D9-LeaderElection20 ELECTION round 0: result PASSED
2022-02-20 11:33:22,155 [9e38299b-d888-4111-a9fe-1064c77c0439@group-C5C00BFCD4D9-LeaderElection20] INFO  impl.RoleInfo (RoleInfo.java:shutdownLeaderElection(121)) - 9e38299b-d888-4111-a9fe-1064c77c0439: shutdown 9e38299b-d888-4111-a9fe-1064c77c0439@group-C5C00BFCD4D9-LeaderElection20
2022-02-20 11:33:22,155 [9e38299b-d888-4111-a9fe-1064c77c0439@group-C5C00BFCD4D9-LeaderElection20] INFO  server.RaftServer$Division (RaftServerImpl.java:setRole(290)) - 9e38299b-d888-4111-a9fe-1064c77c0439@group-C5C00BFCD4D9: changes role from CANDIDATE to LEADER at term 1 for changeToLeader
2022-02-20 11:33:22,155 [9e38299b-d888-4111-a9fe-1064c77c0439@group-C5C00BFCD4D9-LeaderElection20] INFO  ratis.XceiverServerRatis (XceiverServerRatis.java:handleLeaderChangedNotification(867)) - Leader change notification received for group: group-C5C00BFCD4D9 with new leaderId: 9e38299b-d888-4111-a9fe-1064c77c0439
2022-02-20 11:33:22,155 [9e38299b-d888-4111-a9fe-1064c77c0439@group-C5C00BFCD4D9-LeaderElection20] INFO  server.RaftServer$Division (ServerState.java:setLeader(285)) - 9e38299b-d888-4111-a9fe-1064c77c0439@group-C5C00BFCD4D9: change Leader from null to 9e38299b-d888-4111-a9fe-1064c77c0439 at term 1 for becomeLeader, leader elected after 5186ms
2022-02-20 11:33:22,155 [9e38299b-d888-4111-a9fe-1064c77c0439@group-C5C00BFCD4D9-LeaderElection20] INFO  server.RaftServerConfigKeys (ConfUtils.java:logGet(44)) - raft.server.staging.catchup.gap = 1000 (default)
2022-02-20 11:33:22,155 [9e38299b-d888-4111-a9fe-1064c77c0439@group-C5C00BFCD4D9-LeaderElection20] INFO  server.RaftServerConfigKeys (ConfUtils.java:logGet(44)) - raft.server.write.element-limit = 1024 (custom)
2022-02-20 11:33:22,155 [9e38299b-d888-4111-a9fe-1064c77c0439@group-C5C00BFCD4D9-LeaderElection20] INFO  server.RaftServerConfigKeys (ConfUtils.java:logGet(44)) - raft.server.write.byte-limit = 1024 M (=1073741824) (custom)
2022-02-20 11:33:22,156 [9e38299b-d888-4111-a9fe-1064c77c0439@group-C5C00BFCD4D9-LeaderElection20] INFO  server.RaftServerConfigKeys (ConfUtils.java:logGet(44)) - raft.server.watch.timeout = 180s (custom)
2022-02-20 11:33:22,156 [9e38299b-d888-4111-a9fe-1064c77c0439@group-C5C00BFCD4D9-LeaderElection20] INFO  server.RaftServerConfigKeys (ConfUtils.java:logGet(44)) - raft.server.watch.timeout.denomination = 1s (default)
2022-02-20 11:33:22,156 [9e38299b-d888-4111-a9fe-1064c77c0439@group-C5C00BFCD4D9-LeaderElection20] INFO  server.RaftServerConfigKeys (ConfUtils.java:logGet(44)) - raft.server.watch.element-limit = 65536 (default)
2022-02-20 11:33:22,156 [9e38299b-d888-4111-a9fe-1064c77c0439@group-C5C00BFCD4D9-LeaderElection20] INFO  server.RaftServerConfigKeys (ConfUtils.java:logGet(44)) - raft.server.write.element-limit = 1024 (custom)
2022-02-20 11:33:22,156 [9e38299b-d888-4111-a9fe-1064c77c0439@group-C5C00BFCD4D9-LeaderElection20] INFO  server.RaftServerConfigKeys (ConfUtils.java:logGet(44)) - raft.server.write.follower.gap.ratio.max = -1.0 (default)
2022-02-20 11:33:22,157 [9e38299b-d888-4111-a9fe-1064c77c0439@group-C5C00BFCD4D9-LeaderElection20] INFO  server.RaftServerConfigKeys (ConfUtils.java:logGet(44)) - raft.server.log.appender.snapshot.chunk.size.max = 16MB (=16777216) (default)
2022-02-20 11:33:22,157 [9e38299b-d888-4111-a9fe-1064c77c0439@group-C5C00BFCD4D9-LeaderElection20] INFO  server.RaftServerConfigKeys (ConfUtils.java:logGet(44)) - raft.server.log.appender.buffer.byte-limit = 33554432 (custom)
2022-02-20 11:33:22,157 [9e38299b-d888-4111-a9fe-1064c77c0439@group-C5C00BFCD4D9-LeaderElection20] INFO  server.RaftServerConfigKeys (ConfUtils.java:logGet(44)) - raft.server.log.appender.buffer.element-limit = 1 (custom)
2022-02-20 11:33:22,157 [9e38299b-d888-4111-a9fe-1064c77c0439@group-C5C00BFCD4D9-LeaderElection20] INFO  grpc.GrpcConfigKeys (ConfUtils.java:logGet(44)) - raft.grpc.server.leader.outstanding.appends.max = 128 (default)
2022-02-20 11:33:22,157 [9e38299b-d888-4111-a9fe-1064c77c0439@group-C5C00BFCD4D9-LeaderElection20] INFO  server.RaftServerConfigKeys (ConfUtils.java:logGet(44)) - raft.server.rpc.request.timeout = 60s (custom)
2022-02-20 11:33:22,157 [9e38299b-d888-4111-a9fe-1064c77c0439@group-C5C00BFCD4D9-LeaderElection20] INFO  server.RaftServerConfigKeys (ConfUtils.java:logGet(44)) - raft.server.log.appender.install.snapshot.enabled = false (custom)
2022-02-20 11:33:22,158 [EventQueue-PipelineReportForPipelineReportHandler] INFO  pipeline.PipelineManagerImpl (PipelineManagerImpl.java:openPipeline(291)) - Pipeline Pipeline[ Id: fc9bec6b-4603-4bd7-b0ea-c5c00bfcd4d9, Nodes: 9e38299b-d888-4111-a9fe-1064c77c0439{ip: 10.1.0.4, host: fv-az59-849.csjynl4pkq3e1pkirw3ssqjfoh.cx.internal.cloudapp.net, ports: [REPLICATION=34649, RATIS=37023, RATIS_ADMIN=37023, RATIS_SERVER=37023, STANDALONE=43753], networkLocation: /default-rack, certSerialId: null, persistedOpState: IN_SERVICE, persistedOpStateExpiryEpochSec: 0}51457756-efc1-4f69-a8e1-a5f06e10f3ec{ip: 10.1.0.4, host: fv-az59-849.csjynl4pkq3e1pkirw3ssqjfoh.cx.internal.cloudapp.net, ports: [REPLICATION=40105, RATIS=32965, RATIS_ADMIN=32965, RATIS_SERVER=32965, STANDALONE=44425], networkLocation: /default-rack, certSerialId: null, persistedOpState: IN_SERVICE, persistedOpStateExpiryEpochSec: 0}8ab36e9f-68be-4dfb-8773-5c952908b11c{ip: 10.1.0.4, host: fv-az59-849.csjynl4pkq3e1pkirw3ssqjfoh.cx.internal.cloudapp.net, ports: [REPLICATION=46519, RATIS=45831, RATIS_ADMIN=45831, RATIS_SERVER=45831, STANDALONE=32979], networkLocation: /default-rack, certSerialId: null, persistedOpState: IN_SERVICE, persistedOpStateExpiryEpochSec: 0}, ReplicationConfig: RATIS/THREE, State:ALLOCATED, leaderId:9e38299b-d888-4111-a9fe-1064c77c0439, CreationTimestamp2022-02-20T11:33:14.678Z[Etc/UTC]] moved to OPEN state
2022-02-20 11:33:22,158 [EventQueue-OpenPipelineForHealthyPipelineSafeModeRule] INFO  safemode.SCMSafeModeManager (HealthyPipelineSafeModeRule.java:process(124)) - SCM in safe mode. Healthy pipelines reported count is 0, required healthy pipeline reported count is 1
2022-02-20 11:33:22,159 [f6ba6412-eb1e-4081-be92-513fc63bde1b@group-1AEFFE704654-StateMachineUpdater] INFO  safemode.HealthyPipelineSafeModeRule (HealthyPipelineSafeModeRule.java:initializeRule(152)) - Refreshed total pipeline count is 1, healthy pipeline threshold count is 1
2022-02-20 11:33:22,160 [EventQueue-OpenPipelineForHealthyPipelineSafeModeRule] INFO  safemode.SCMSafeModeManager (HealthyPipelineSafeModeRule.java:process(124)) - SCM in safe mode. Healthy pipelines reported count is 1, required healthy pipeline reported count is 1
2022-02-20 11:33:22,160 [EventQueue-OpenPipelineForHealthyPipelineSafeModeRule] INFO  safemode.SCMSafeModeManager (SCMSafeModeManager.java:validateSafeModeExitRules(204)) - HealthyPipelineSafeModeRule rule is successfully validated
2022-02-20 11:33:22,160 [EventQueue-OpenPipelineForHealthyPipelineSafeModeRule] INFO  safemode.SCMSafeModeManager (SCMSafeModeManager.java:validateSafeModeExitRules(219)) - ScmSafeModeManager, all rules are successfully validated
2022-02-20 11:33:22,160 [EventQueue-OpenPipelineForHealthyPipelineSafeModeRule] INFO  safemode.SCMSafeModeManager (SCMSafeModeManager.java:exitSafeMode(248)) - SCM exiting safe mode.
2022-02-20 11:33:22,160 [EventQueue-OpenPipelineForHealthyPipelineSafeModeRule] WARN  events.EventQueue (EventQueue.java:fireEvent(194)) - No event handler registered for event TypedEvent{payloadType=SafeModeStatus, name='Safe mode status'}
2022-02-20 11:33:22,160 [EventQueue-OpenPipelineForHealthyPipelineSafeModeRule] INFO  ha.SCMContext (SCMContext.java:updateSafeModeStatus(211)) - Update SafeModeStatus from SafeModeStatus{safeModeStatus=true, preCheckPassed=true} to SafeModeStatus{safeModeStatus=false, preCheckPassed=true}.
2022-02-20 11:33:22,160 [EventQueue-OpenPipelineForHealthyPipelineSafeModeRule] INFO  container.ReplicationManager (ReplicationManager.java:notifyStatusChanged(1807)) - Service ReplicationManager transitions to RUNNING.
2022-02-20 11:33:22,166 [grpc-default-executor-2] INFO  server.RaftServer$Division (RaftServerImpl.java:requestVote(1046)) - 51457756-efc1-4f69-a8e1-a5f06e10f3ec@group-C5C00BFCD4D9: receive requestVote(ELECTION, 9e38299b-d888-4111-a9fe-1064c77c0439, group-C5C00BFCD4D9, 1, (t:0, i:0))
2022-02-20 11:33:22,166 [grpc-default-executor-2] INFO  impl.VoteContext (VoteContext.java:log(48)) - 51457756-efc1-4f69-a8e1-a5f06e10f3ec@group-C5C00BFCD4D9-FOLLOWER: accept ELECTION from 9e38299b-d888-4111-a9fe-1064c77c0439: our priority 0 <= candidate's priority 1
2022-02-20 11:33:22,166 [grpc-default-executor-2] INFO  server.RaftServer$Division (RaftServerImpl.java:setRole(290)) - 51457756-efc1-4f69-a8e1-a5f06e10f3ec@group-C5C00BFCD4D9: changes role from  FOLLOWER to FOLLOWER at term 1 for candidate:9e38299b-d888-4111-a9fe-1064c77c0439
2022-02-20 11:33:22,166 [grpc-default-executor-2] INFO  impl.RoleInfo (RoleInfo.java:shutdownFollowerState(108)) - 51457756-efc1-4f69-a8e1-a5f06e10f3ec: shutdown 51457756-efc1-4f69-a8e1-a5f06e10f3ec@group-C5C00BFCD4D9-FollowerState
2022-02-20 11:33:22,167 [grpc-default-executor-2] INFO  impl.RoleInfo (RoleInfo.java:updateAndGet(130)) - 51457756-efc1-4f69-a8e1-a5f06e10f3ec: start 51457756-efc1-4f69-a8e1-a5f06e10f3ec@group-C5C00BFCD4D9-FollowerState
2022-02-20 11:33:22,167 [51457756-efc1-4f69-a8e1-a5f06e10f3ec@group-C5C00BFCD4D9-FollowerState] INFO  impl.FollowerState (FollowerState.java:run(143)) - 51457756-efc1-4f69-a8e1-a5f06e10f3ec@group-C5C00BFCD4D9-FollowerState was interrupted: {}
java.lang.InterruptedException: sleep interrupted
	at java.lang.Thread.sleep(Native Method)
	at java.lang.Thread.sleep(Thread.java:342)
	at java.util.concurrent.TimeUnit.sleep(TimeUnit.java:386)
	at org.apache.ratis.util.TimeDuration.sleep(TimeDuration.java:324)
	at org.apache.ratis.util.TimeDuration.sleep(TimeDuration.java:309)
	at org.apache.ratis.server.impl.FollowerState.run(FollowerState.java:118)
2022-02-20 11:33:22,168 [9e38299b-d888-4111-a9fe-1064c77c0439@group-C5C00BFCD4D9-LeaderElection20] INFO  server.RaftServerConfigKeys (ConfUtils.java:logGet(44)) - raft.server.log.appender.snapshot.chunk.size.max = 16MB (=16777216) (default)
2022-02-20 11:33:22,168 [9e38299b-d888-4111-a9fe-1064c77c0439@group-C5C00BFCD4D9-LeaderElection20] INFO  server.RaftServerConfigKeys (ConfUtils.java:logGet(44)) - raft.server.log.appender.buffer.byte-limit = 33554432 (custom)
2022-02-20 11:33:22,168 [9e38299b-d888-4111-a9fe-1064c77c0439@group-C5C00BFCD4D9-LeaderElection20] INFO  server.RaftServerConfigKeys (ConfUtils.java:logGet(44)) - raft.server.log.appender.buffer.element-limit = 1 (custom)
2022-02-20 11:33:22,169 [9e38299b-d888-4111-a9fe-1064c77c0439@group-C5C00BFCD4D9-LeaderElection20] INFO  grpc.GrpcConfigKeys (ConfUtils.java:logGet(44)) - raft.grpc.server.leader.outstanding.appends.max = 128 (default)
2022-02-20 11:33:22,169 [9e38299b-d888-4111-a9fe-1064c77c0439@group-C5C00BFCD4D9-LeaderElection20] INFO  server.RaftServerConfigKeys (ConfUtils.java:logGet(44)) - raft.server.rpc.request.timeout = 60s (custom)
2022-02-20 11:33:22,169 [9e38299b-d888-4111-a9fe-1064c77c0439@group-C5C00BFCD4D9-LeaderElection20] INFO  server.RaftServerConfigKeys (ConfUtils.java:logGet(44)) - raft.server.log.appender.install.snapshot.enabled = false (custom)
2022-02-20 11:33:22,169 [9e38299b-d888-4111-a9fe-1064c77c0439@group-C5C00BFCD4D9-LeaderElection20] INFO  impl.RoleInfo (RoleInfo.java:updateAndGet(130)) - 9e38299b-d888-4111-a9fe-1064c77c0439: start 9e38299b-d888-4111-a9fe-1064c77c0439@group-C5C00BFCD4D9-LeaderStateImpl
2022-02-20 11:33:22,169 [9e38299b-d888-4111-a9fe-1064c77c0439@group-C5C00BFCD4D9-LeaderElection20] INFO  segmented.SegmentedRaftLogWorker (SegmentedRaftLogWorker.java:startLogSegment(394)) - 9e38299b-d888-4111-a9fe-1064c77c0439@group-C5C00BFCD4D9-SegmentedRaftLogWorker: Starting segment from index:0
2022-02-20 11:33:22,170 [grpc-default-executor-2] INFO  server.RaftServer$Division (RaftServerImpl.java:requestVote(1078)) - 51457756-efc1-4f69-a8e1-a5f06e10f3ec@group-C5C00BFCD4D9 replies to ELECTION vote request: 9e38299b-d888-4111-a9fe-1064c77c0439<-51457756-efc1-4f69-a8e1-a5f06e10f3ec#0:OK-t1. Peer's state: 51457756-efc1-4f69-a8e1-a5f06e10f3ec@group-C5C00BFCD4D9:t1, leader=null, voted=9e38299b-d888-4111-a9fe-1064c77c0439, raftlog=51457756-efc1-4f69-a8e1-a5f06e10f3ec@group-C5C00BFCD4D9-SegmentedRaftLog:OPENED:c-1, conf=-1: [8ab36e9f-68be-4dfb-8773-5c952908b11c|rpc:10.1.0.4:45831|dataStream:|priority:0, 51457756-efc1-4f69-a8e1-a5f06e10f3ec|rpc:10.1.0.4:32965|dataStream:|priority:0, 9e38299b-d888-4111-a9fe-1064c77c0439|rpc:10.1.0.4:37023|dataStream:|priority:1], old=null
2022-02-20 11:33:22,171 [9e38299b-d888-4111-a9fe-1064c77c0439@group-C5C00BFCD4D9-SegmentedRaftLogWorker] INFO  segmented.SegmentedRaftLogWorker (SegmentedRaftLogWorker.java:execute(601)) - 9e38299b-d888-4111-a9fe-1064c77c0439@group-C5C00BFCD4D9-SegmentedRaftLogWorker: created new log segment /home/runner/work/ozone/ozone/hadoop-ozone/integration-test/target/test-dir/MiniOzoneClusterImpl-35320b25-8391-4d91-bc43-1aeffe704654/datanode-0/data/ratis/fc9bec6b-4603-4bd7-b0ea-c5c00bfcd4d9/current/log_inprogress_0
2022-02-20 11:33:22,242 [grpc-default-executor-0] INFO  ratis.XceiverServerRatis (XceiverServerRatis.java:handleLeaderChangedNotification(867)) - Leader change notification received for group: group-C5C00BFCD4D9 with new leaderId: 9e38299b-d888-4111-a9fe-1064c77c0439
2022-02-20 11:33:22,243 [grpc-default-executor-0] INFO  server.RaftServer$Division (ServerState.java:setLeader(285)) - 51457756-efc1-4f69-a8e1-a5f06e10f3ec@group-C5C00BFCD4D9: change Leader from null to 9e38299b-d888-4111-a9fe-1064c77c0439 at term 1 for appendEntries, leader elected after 5204ms
2022-02-20 11:33:22,250 [9e38299b-d888-4111-a9fe-1064c77c0439@group-C5C00BFCD4D9-LeaderElection20] INFO  server.RaftServer$Division (ServerState.java:setRaftConf(387)) - 9e38299b-d888-4111-a9fe-1064c77c0439@group-C5C00BFCD4D9: set configuration 0: [8ab36e9f-68be-4dfb-8773-5c952908b11c|rpc:10.1.0.4:45831|dataStream:|priority:0, 51457756-efc1-4f69-a8e1-a5f06e10f3ec|rpc:10.1.0.4:32965|dataStream:|priority:0, 9e38299b-d888-4111-a9fe-1064c77c0439|rpc:10.1.0.4:37023|dataStream:|priority:1], old=null
2022-02-20 11:33:22,250 [grpc-default-executor-0] INFO  server.RaftServer$Division (ServerState.java:setRaftConf(387)) - 51457756-efc1-4f69-a8e1-a5f06e10f3ec@group-C5C00BFCD4D9: set configuration 0: [8ab36e9f-68be-4dfb-8773-5c952908b11c|rpc:10.1.0.4:45831|dataStream:|priority:0, 51457756-efc1-4f69-a8e1-a5f06e10f3ec|rpc:10.1.0.4:32965|dataStream:|priority:0, 9e38299b-d888-4111-a9fe-1064c77c0439|rpc:10.1.0.4:37023|dataStream:|priority:1], old=null
2022-02-20 11:33:22,251 [grpc-default-executor-0] INFO  segmented.SegmentedRaftLogWorker (SegmentedRaftLogWorker.java:startLogSegment(394)) - 51457756-efc1-4f69-a8e1-a5f06e10f3ec@group-C5C00BFCD4D9-SegmentedRaftLogWorker: Starting segment from index:0
2022-02-20 11:33:22,252 [grpc-default-executor-2] INFO  ratis.XceiverServerRatis (XceiverServerRatis.java:handleLeaderChangedNotification(867)) - Leader change notification received for group: group-C5C00BFCD4D9 with new leaderId: 9e38299b-d888-4111-a9fe-1064c77c0439
2022-02-20 11:33:22,252 [grpc-default-executor-2] INFO  server.RaftServer$Division (ServerState.java:setLeader(285)) - 8ab36e9f-68be-4dfb-8773-5c952908b11c@group-C5C00BFCD4D9: change Leader from null to 9e38299b-d888-4111-a9fe-1064c77c0439 at term 1 for appendEntries, leader elected after 5141ms
2022-02-20 11:33:22,252 [51457756-efc1-4f69-a8e1-a5f06e10f3ec@group-C5C00BFCD4D9-SegmentedRaftLogWorker] INFO  segmented.SegmentedRaftLogWorker (SegmentedRaftLogWorker.java:execute(601)) - 51457756-efc1-4f69-a8e1-a5f06e10f3ec@group-C5C00BFCD4D9-SegmentedRaftLogWorker: created new log segment /home/runner/work/ozone/ozone/hadoop-ozone/integration-test/target/test-dir/MiniOzoneClusterImpl-35320b25-8391-4d91-bc43-1aeffe704654/datanode-2/data/ratis/fc9bec6b-4603-4bd7-b0ea-c5c00bfcd4d9/current/log_inprogress_0
2022-02-20 11:33:22,275 [grpc-default-executor-2] INFO  server.RaftServer$Division (ServerState.java:setRaftConf(387)) - 8ab36e9f-68be-4dfb-8773-5c952908b11c@group-C5C00BFCD4D9: set configuration 0: [8ab36e9f-68be-4dfb-8773-5c952908b11c|rpc:10.1.0.4:45831|dataStream:|priority:0, 51457756-efc1-4f69-a8e1-a5f06e10f3ec|rpc:10.1.0.4:32965|dataStream:|priority:0, 9e38299b-d888-4111-a9fe-1064c77c0439|rpc:10.1.0.4:37023|dataStream:|priority:1], old=null
2022-02-20 11:33:22,275 [grpc-default-executor-2] INFO  segmented.SegmentedRaftLogWorker (SegmentedRaftLogWorker.java:startLogSegment(394)) - 8ab36e9f-68be-4dfb-8773-5c952908b11c@group-C5C00BFCD4D9-SegmentedRaftLogWorker: Starting segment from index:0
2022-02-20 11:33:22,278 [8ab36e9f-68be-4dfb-8773-5c952908b11c@group-C5C00BFCD4D9-SegmentedRaftLogWorker] INFO  segmented.SegmentedRaftLogWorker (SegmentedRaftLogWorker.java:execute(601)) - 8ab36e9f-68be-4dfb-8773-5c952908b11c@group-C5C00BFCD4D9-SegmentedRaftLogWorker: created new log segment /home/runner/work/ozone/ozone/hadoop-ozone/integration-test/target/test-dir/MiniOzoneClusterImpl-35320b25-8391-4d91-bc43-1aeffe704654/datanode-1/data/ratis/fc9bec6b-4603-4bd7-b0ea-c5c00bfcd4d9/current/log_inprogress_0
2022-02-20 11:33:22,301 [9e38299b-d888-4111-a9fe-1064c77c0439@group-9D528AD3D8B2-FollowerState] INFO  impl.FollowerState (FollowerState.java:run(134)) - 9e38299b-d888-4111-a9fe-1064c77c0439@group-9D528AD3D8B2-FollowerState: change to CANDIDATE, lastRpcElapsedTime:5139053165ns, electionTimeout:5127ms
2022-02-20 11:33:22,307 [9e38299b-d888-4111-a9fe-1064c77c0439@group-9D528AD3D8B2-FollowerState] INFO  impl.RoleInfo (RoleInfo.java:shutdownFollowerState(108)) - 9e38299b-d888-4111-a9fe-1064c77c0439: shutdown 9e38299b-d888-4111-a9fe-1064c77c0439@group-9D528AD3D8B2-FollowerState
2022-02-20 11:33:22,307 [9e38299b-d888-4111-a9fe-1064c77c0439@group-9D528AD3D8B2-FollowerState] INFO  server.RaftServer$Division (RaftServerImpl.java:setRole(290)) - 9e38299b-d888-4111-a9fe-1064c77c0439@group-9D528AD3D8B2: changes role from  FOLLOWER to CANDIDATE at term 0 for changeToCandidate
2022-02-20 11:33:22,307 [9e38299b-d888-4111-a9fe-1064c77c0439@group-9D528AD3D8B2-FollowerState] INFO  server.RaftServerConfigKeys (ConfUtils.java:logGet(44)) - raft.server.leaderelection.pre-vote = false (custom)
2022-02-20 11:33:22,307 [9e38299b-d888-4111-a9fe-1064c77c0439@group-9D528AD3D8B2-FollowerState] INFO  impl.RoleInfo (RoleInfo.java:updateAndGet(130)) - 9e38299b-d888-4111-a9fe-1064c77c0439: start 9e38299b-d888-4111-a9fe-1064c77c0439@group-9D528AD3D8B2-LeaderElection22
2022-02-20 11:33:22,323 [9e38299b-d888-4111-a9fe-1064c77c0439@group-9D528AD3D8B2-LeaderElection22] INFO  impl.LeaderElection (LeaderElection.java:askForVotes(306)) - 9e38299b-d888-4111-a9fe-1064c77c0439@group-9D528AD3D8B2-LeaderElection22 ELECTION round 0: submit vote requests at term 1 for -1: [8ab36e9f-68be-4dfb-8773-5c952908b11c|rpc:10.1.0.4:45831|priority:0, 51457756-efc1-4f69-a8e1-a5f06e10f3ec|rpc:10.1.0.4:32965|priority:1, 9e38299b-d888-4111-a9fe-1064c77c0439|rpc:10.1.0.4:37023|priority:0], old=null
2022-02-20 11:33:22,338 [51457756-efc1-4f69-a8e1-a5f06e10f3ec@group-9D528AD3D8B2-FollowerState] INFO  impl.FollowerState (FollowerState.java:run(134)) - 51457756-efc1-4f69-a8e1-a5f06e10f3ec@group-9D528AD3D8B2-FollowerState: change to CANDIDATE, lastRpcElapsedTime:5138846761ns, electionTimeout:5124ms
2022-02-20 11:33:22,338 [51457756-efc1-4f69-a8e1-a5f06e10f3ec@group-9D528AD3D8B2-FollowerState] INFO  impl.RoleInfo (RoleInfo.java:shutdownFollowerState(108)) - 51457756-efc1-4f69-a8e1-a5f06e10f3ec: shutdown 51457756-efc1-4f69-a8e1-a5f06e10f3ec@group-9D528AD3D8B2-FollowerState
2022-02-20 11:33:22,338 [51457756-efc1-4f69-a8e1-a5f06e10f3ec@group-9D528AD3D8B2-FollowerState] INFO  server.RaftServer$Division (RaftServerImpl.java:setRole(290)) - 51457756-efc1-4f69-a8e1-a5f06e10f3ec@group-9D528AD3D8B2: changes role from  FOLLOWER to CANDIDATE at term 0 for changeToCandidate
2022-02-20 11:33:22,338 [51457756-efc1-4f69-a8e1-a5f06e10f3ec@group-9D528AD3D8B2-FollowerState] INFO  server.RaftServerConfigKeys (ConfUtils.java:logGet(44)) - raft.server.leaderelection.pre-vote = false (custom)
2022-02-20 11:33:22,338 [51457756-efc1-4f69-a8e1-a5f06e10f3ec@group-9D528AD3D8B2-FollowerState] INFO  impl.RoleInfo (RoleInfo.java:updateAndGet(130)) - 51457756-efc1-4f69-a8e1-a5f06e10f3ec: start 51457756-efc1-4f69-a8e1-a5f06e10f3ec@group-9D528AD3D8B2-LeaderElection23
2022-02-20 11:33:22,345 [grpc-default-executor-2] INFO  server.RaftServer$Division (RaftServerImpl.java:requestVote(1046)) - 8ab36e9f-68be-4dfb-8773-5c952908b11c@group-9D528AD3D8B2: receive requestVote(ELECTION, 9e38299b-d888-4111-a9fe-1064c77c0439, group-9D528AD3D8B2, 1, (t:0, i:0))
2022-02-20 11:33:22,345 [grpc-default-executor-2] INFO  impl.VoteContext (VoteContext.java:log(48)) - 8ab36e9f-68be-4dfb-8773-5c952908b11c@group-9D528AD3D8B2-FOLLOWER: accept ELECTION from 9e38299b-d888-4111-a9fe-1064c77c0439: our priority 0 <= candidate's priority 0
2022-02-20 11:33:22,345 [grpc-default-executor-2] INFO  server.RaftServer$Division (RaftServerImpl.java:setRole(290)) - 8ab36e9f-68be-4dfb-8773-5c952908b11c@group-9D528AD3D8B2: changes role from  FOLLOWER to FOLLOWER at term 1 for candidate:9e38299b-d888-4111-a9fe-1064c77c0439
2022-02-20 11:33:22,345 [grpc-default-executor-2] INFO  impl.RoleInfo (RoleInfo.java:shutdownFollowerState(108)) - 8ab36e9f-68be-4dfb-8773-5c952908b11c: shutdown 8ab36e9f-68be-4dfb-8773-5c952908b11c@group-9D528AD3D8B2-FollowerState
2022-02-20 11:33:22,345 [grpc-default-executor-2] INFO  impl.RoleInfo (RoleInfo.java:updateAndGet(130)) - 8ab36e9f-68be-4dfb-8773-5c952908b11c: start 8ab36e9f-68be-4dfb-8773-5c952908b11c@group-9D528AD3D8B2-FollowerState
2022-02-20 11:33:22,347 [grpc-default-executor-2] INFO  server.RaftServer$Division (RaftServerImpl.java:requestVote(1078)) - 8ab36e9f-68be-4dfb-8773-5c952908b11c@group-9D528AD3D8B2 replies to ELECTION vote request: 9e38299b-d888-4111-a9fe-1064c77c0439<-8ab36e9f-68be-4dfb-8773-5c952908b11c#0:OK-t1. Peer's state: 8ab36e9f-68be-4dfb-8773-5c952908b11c@group-9D528AD3D8B2:t1, leader=null, voted=9e38299b-d888-4111-a9fe-1064c77c0439, raftlog=8ab36e9f-68be-4dfb-8773-5c952908b11c@group-9D528AD3D8B2-SegmentedRaftLog:OPENED:c-1, conf=-1: [8ab36e9f-68be-4dfb-8773-5c952908b11c|rpc:10.1.0.4:45831|dataStream:|priority:0, 51457756-efc1-4f69-a8e1-a5f06e10f3ec|rpc:10.1.0.4:32965|dataStream:|priority:1, 9e38299b-d888-4111-a9fe-1064c77c0439|rpc:10.1.0.4:37023|dataStream:|priority:0], old=null
2022-02-20 11:33:22,358 [grpc-default-executor-0] INFO  server.RaftServer$Division (RaftServerImpl.java:requestVote(1046)) - 51457756-efc1-4f69-a8e1-a5f06e10f3ec@group-9D528AD3D8B2: receive requestVote(ELECTION, 9e38299b-d888-4111-a9fe-1064c77c0439, group-9D528AD3D8B2, 1, (t:0, i:0))
2022-02-20 11:33:22,358 [8ab36e9f-68be-4dfb-8773-5c952908b11c@group-9D528AD3D8B2-FollowerState] INFO  impl.FollowerState (FollowerState.java:run(143)) - 8ab36e9f-68be-4dfb-8773-5c952908b11c@group-9D528AD3D8B2-FollowerState was interrupted: {}
java.lang.InterruptedException: sleep interrupted
	at java.lang.Thread.sleep(Native Method)
	at java.lang.Thread.sleep(Thread.java:342)
	at java.util.concurrent.TimeUnit.sleep(TimeUnit.java:386)
	at org.apache.ratis.util.TimeDuration.sleep(TimeDuration.java:324)
	at org.apache.ratis.util.TimeDuration.sleep(TimeDuration.java:309)
	at org.apache.ratis.server.impl.FollowerState.run(FollowerState.java:118)
2022-02-20 11:33:22,369 [8ab36e9f-68be-4dfb-8773-5c952908b11c@group-556ECA2ED168-FollowerState] INFO  impl.FollowerState (FollowerState.java:run(134)) - 8ab36e9f-68be-4dfb-8773-5c952908b11c@group-556ECA2ED168-FollowerState: change to CANDIDATE, lastRpcElapsedTime:5085364732ns, electionTimeout:5082ms
2022-02-20 11:33:22,374 [8ab36e9f-68be-4dfb-8773-5c952908b11c@group-556ECA2ED168-FollowerState] INFO  impl.RoleInfo (RoleInfo.java:shutdownFollowerState(108)) - 8ab36e9f-68be-4dfb-8773-5c952908b11c: shutdown 8ab36e9f-68be-4dfb-8773-5c952908b11c@group-556ECA2ED168-FollowerState
2022-02-20 11:33:22,374 [8ab36e9f-68be-4dfb-8773-5c952908b11c@group-556ECA2ED168-FollowerState] INFO  server.RaftServer$Division (RaftServerImpl.java:setRole(290)) - 8ab36e9f-68be-4dfb-8773-5c952908b11c@group-556ECA2ED168: changes role from  FOLLOWER to CANDIDATE at term 0 for changeToCandidate
2022-02-20 11:33:22,374 [8ab36e9f-68be-4dfb-8773-5c952908b11c@group-556ECA2ED168-FollowerState] INFO  server.RaftServerConfigKeys (ConfUtils.java:logGet(44)) - raft.server.leaderelection.pre-vote = false (custom)
2022-02-20 11:33:22,374 [8ab36e9f-68be-4dfb-8773-5c952908b11c@group-556ECA2ED168-FollowerState] INFO  impl.RoleInfo (RoleInfo.java:updateAndGet(130)) - 8ab36e9f-68be-4dfb-8773-5c952908b11c: start 8ab36e9f-68be-4dfb-8773-5c952908b11c@group-556ECA2ED168-LeaderElection24
2022-02-20 11:33:22,375 [51457756-efc1-4f69-a8e1-a5f06e10f3ec@group-9D528AD3D8B2-LeaderElection23] INFO  impl.LeaderElection (LeaderElection.java:askForVotes(306)) - 51457756-efc1-4f69-a8e1-a5f06e10f3ec@group-9D528AD3D8B2-LeaderElection23 ELECTION round 0: submit vote requests at term 1 for -1: [8ab36e9f-68be-4dfb-8773-5c952908b11c|rpc:10.1.0.4:45831|dataStream:|priority:0, 51457756-efc1-4f69-a8e1-a5f06e10f3ec|rpc:10.1.0.4:32965|dataStream:|priority:1, 9e38299b-d888-4111-a9fe-1064c77c0439|rpc:10.1.0.4:37023|dataStream:|priority:0], old=null
2022-02-20 11:33:22,375 [grpc-default-executor-0] INFO  impl.VoteContext (VoteContext.java:log(48)) - 51457756-efc1-4f69-a8e1-a5f06e10f3ec@group-9D528AD3D8B2-CANDIDATE: reject ELECTION from 9e38299b-d888-4111-a9fe-1064c77c0439: already has voted for 51457756-efc1-4f69-a8e1-a5f06e10f3ec at current term 1
2022-02-20 11:33:22,375 [grpc-default-executor-0] INFO  server.RaftServer$Division (RaftServerImpl.java:requestVote(1078)) - 51457756-efc1-4f69-a8e1-a5f06e10f3ec@group-9D528AD3D8B2 replies to ELECTION vote request: 9e38299b-d888-4111-a9fe-1064c77c0439<-51457756-efc1-4f69-a8e1-a5f06e10f3ec#0:FAIL-t1. Peer's state: 51457756-efc1-4f69-a8e1-a5f06e10f3ec@group-9D528AD3D8B2:t1, leader=null, voted=51457756-efc1-4f69-a8e1-a5f06e10f3ec, raftlog=51457756-efc1-4f69-a8e1-a5f06e10f3ec@group-9D528AD3D8B2-SegmentedRaftLog:OPENED:c-1, conf=-1: [8ab36e9f-68be-4dfb-8773-5c952908b11c|rpc:10.1.0.4:45831|dataStream:|priority:0, 51457756-efc1-4f69-a8e1-a5f06e10f3ec|rpc:10.1.0.4:32965|dataStream:|priority:1, 9e38299b-d888-4111-a9fe-1064c77c0439|rpc:10.1.0.4:37023|dataStream:|priority:0], old=null
2022-02-20 11:33:22,382 [9e38299b-d888-4111-a9fe-1064c77c0439@group-9D528AD3D8B2-LeaderElection22] INFO  impl.LeaderElection (LeaderElection.java:logAndReturn(89)) - 9e38299b-d888-4111-a9fe-1064c77c0439@group-9D528AD3D8B2-LeaderElection22: ELECTION REJECTED received 2 response(s) and 0 exception(s):
2022-02-20 11:33:22,402 [9e38299b-d888-4111-a9fe-1064c77c0439@group-9D528AD3D8B2-LeaderElection22] INFO  impl.LeaderElection (LeaderElection.java:logAndReturn(93)) -   Response 0: 9e38299b-d888-4111-a9fe-1064c77c0439<-8ab36e9f-68be-4dfb-8773-5c952908b11c#0:OK-t1
2022-02-20 11:33:22,402 [9e38299b-d888-4111-a9fe-1064c77c0439@group-9D528AD3D8B2-LeaderElection22] INFO  impl.LeaderElection (LeaderElection.java:logAndReturn(93)) -   Response 1: 9e38299b-d888-4111-a9fe-1064c77c0439<-51457756-efc1-4f69-a8e1-a5f06e10f3ec#0:FAIL-t1
2022-02-20 11:33:22,402 [9e38299b-d888-4111-a9fe-1064c77c0439@group-9D528AD3D8B2-LeaderElection22] INFO  impl.LeaderElection (LeaderElection.java:askForVotes(308)) - 9e38299b-d888-4111-a9fe-1064c77c0439@group-9D528AD3D8B2-LeaderElection22 ELECTION round 0: result REJECTED
2022-02-20 11:33:22,402 [9e38299b-d888-4111-a9fe-1064c77c0439@group-9D528AD3D8B2-LeaderElection22] INFO  server.RaftServer$Division (RaftServerImpl.java:setRole(290)) - 9e38299b-d888-4111-a9fe-1064c77c0439@group-9D528AD3D8B2: changes role from CANDIDATE to FOLLOWER at term 1 for REJECTED
2022-02-20 11:33:22,402 [9e38299b-d888-4111-a9fe-1064c77c0439@group-9D528AD3D8B2-LeaderElection22] INFO  impl.RoleInfo (RoleInfo.java:shutdownLeaderElection(121)) - 9e38299b-d888-4111-a9fe-1064c77c0439: shutdown 9e38299b-d888-4111-a9fe-1064c77c0439@group-9D528AD3D8B2-LeaderElection22
2022-02-20 11:33:22,402 [9e38299b-d888-4111-a9fe-1064c77c0439@group-9D528AD3D8B2-LeaderElection22] INFO  impl.RoleInfo (RoleInfo.java:updateAndGet(130)) - 9e38299b-d888-4111-a9fe-1064c77c0439: start 9e38299b-d888-4111-a9fe-1064c77c0439@group-9D528AD3D8B2-FollowerState
2022-02-20 11:33:22,403 [8ab36e9f-68be-4dfb-8773-5c952908b11c@group-556ECA2ED168-LeaderElection24] INFO  impl.LeaderElection (LeaderElection.java:askForVotes(306)) - 8ab36e9f-68be-4dfb-8773-5c952908b11c@group-556ECA2ED168-LeaderElection24 ELECTION round 0: submit vote requests at term 1 for -1: [8ab36e9f-68be-4dfb-8773-5c952908b11c|rpc:10.1.0.4:45831|priority:1], old=null
2022-02-20 11:33:22,406 [8ab36e9f-68be-4dfb-8773-5c952908b11c@group-556ECA2ED168-LeaderElection24] INFO  impl.LeaderElection (LeaderElection.java:askForVotes(308)) - 8ab36e9f-68be-4dfb-8773-5c952908b11c@group-556ECA2ED168-LeaderElection24 ELECTION round 0: result PASSED (term=1)
2022-02-20 11:33:22,406 [8ab36e9f-68be-4dfb-8773-5c952908b11c@group-556ECA2ED168-LeaderElection24] INFO  impl.RoleInfo (RoleInfo.java:shutdownLeaderElection(121)) - 8ab36e9f-68be-4dfb-8773-5c952908b11c: shutdown 8ab36e9f-68be-4dfb-8773-5c952908b11c@group-556ECA2ED168-LeaderElection24
2022-02-20 11:33:22,406 [8ab36e9f-68be-4dfb-8773-5c952908b11c@group-556ECA2ED168-LeaderElection24] INFO  server.RaftServer$Division (RaftServerImpl.java:setRole(290)) - 8ab36e9f-68be-4dfb-8773-5c952908b11c@group-556ECA2ED168: changes role from CANDIDATE to LEADER at term 1 for changeToLeader
2022-02-20 11:33:22,406 [8ab36e9f-68be-4dfb-8773-5c952908b11c@group-556ECA2ED168-LeaderElection24] INFO  ratis.XceiverServerRatis (XceiverServerRatis.java:handleLeaderChangedNotification(867)) - Leader change notification received for group: group-556ECA2ED168 with new leaderId: 8ab36e9f-68be-4dfb-8773-5c952908b11c
2022-02-20 11:33:22,406 [8ab36e9f-68be-4dfb-8773-5c952908b11c@group-556ECA2ED168-LeaderElection24] INFO  server.RaftServer$Division (ServerState.java:setLeader(285)) - 8ab36e9f-68be-4dfb-8773-5c952908b11c@group-556ECA2ED168: change Leader from null to 8ab36e9f-68be-4dfb-8773-5c952908b11c at term 1 for becomeLeader, leader elected after 5147ms
2022-02-20 11:33:22,406 [8ab36e9f-68be-4dfb-8773-5c952908b11c@group-556ECA2ED168-LeaderElection24] INFO  server.RaftServerConfigKeys (ConfUtils.java:logGet(44)) - raft.server.staging.catchup.gap = 1000 (default)
2022-02-20 11:33:22,407 [8ab36e9f-68be-4dfb-8773-5c952908b11c@group-556ECA2ED168-LeaderElection24] INFO  server.RaftServerConfigKeys (ConfUtils.java:logGet(44)) - raft.server.write.element-limit = 1024 (custom)
2022-02-20 11:33:22,407 [8ab36e9f-68be-4dfb-8773-5c952908b11c@group-556ECA2ED168-LeaderElection24] INFO  server.RaftServerConfigKeys (ConfUtils.java:logGet(44)) - raft.server.write.byte-limit = 1024 M (=1073741824) (custom)
2022-02-20 11:33:22,407 [8ab36e9f-68be-4dfb-8773-5c952908b11c@group-556ECA2ED168-LeaderElection24] INFO  server.RaftServerConfigKeys (ConfUtils.java:logGet(44)) - raft.server.watch.timeout = 180s (custom)
2022-02-20 11:33:22,407 [8ab36e9f-68be-4dfb-8773-5c952908b11c@group-556ECA2ED168-LeaderElection24] INFO  server.RaftServerConfigKeys (ConfUtils.java:logGet(44)) - raft.server.watch.timeout.denomination = 1s (default)
2022-02-20 11:33:22,407 [8ab36e9f-68be-4dfb-8773-5c952908b11c@group-556ECA2ED168-LeaderElection24] INFO  server.RaftServerConfigKeys (ConfUtils.java:logGet(44)) - raft.server.watch.element-limit = 65536 (default)
2022-02-20 11:33:22,407 [8ab36e9f-68be-4dfb-8773-5c952908b11c@group-556ECA2ED168-LeaderElection24] INFO  server.RaftServerConfigKeys (ConfUtils.java:logGet(44)) - raft.server.write.element-limit = 1024 (custom)
2022-02-20 11:33:22,407 [8ab36e9f-68be-4dfb-8773-5c952908b11c@group-556ECA2ED168-LeaderElection24] INFO  server.RaftServerConfigKeys (ConfUtils.java:logGet(44)) - raft.server.write.follower.gap.ratio.max = -1.0 (default)
2022-02-20 11:33:22,407 [8ab36e9f-68be-4dfb-8773-5c952908b11c@group-556ECA2ED168-LeaderElection24] INFO  impl.RoleInfo (RoleInfo.java:updateAndGet(130)) - 8ab36e9f-68be-4dfb-8773-5c952908b11c: start 8ab36e9f-68be-4dfb-8773-5c952908b11c@group-556ECA2ED168-LeaderStateImpl
2022-02-20 11:33:22,407 [8ab36e9f-68be-4dfb-8773-5c952908b11c@group-556ECA2ED168-LeaderElection24] INFO  segmented.SegmentedRaftLogWorker (SegmentedRaftLogWorker.java:startLogSegment(394)) - 8ab36e9f-68be-4dfb-8773-5c952908b11c@group-556ECA2ED168-SegmentedRaftLogWorker: Starting segment from index:0
2022-02-20 11:33:22,413 [8ab36e9f-68be-4dfb-8773-5c952908b11c@group-556ECA2ED168-LeaderElection24] INFO  server.RaftServer$Division (ServerState.java:setRaftConf(387)) - 8ab36e9f-68be-4dfb-8773-5c952908b11c@group-556ECA2ED168: set configuration 0: [8ab36e9f-68be-4dfb-8773-5c952908b11c|rpc:10.1.0.4:45831|dataStream:|priority:1], old=null
2022-02-20 11:33:22,424 [8ab36e9f-68be-4dfb-8773-5c952908b11c@group-556ECA2ED168-SegmentedRaftLogWorker] INFO  segmented.SegmentedRaftLogWorker (SegmentedRaftLogWorker.java:execute(601)) - 8ab36e9f-68be-4dfb-8773-5c952908b11c@group-556ECA2ED168-SegmentedRaftLogWorker: created new log segment /home/runner/work/ozone/ozone/hadoop-ozone/integration-test/target/test-dir/MiniOzoneClusterImpl-35320b25-8391-4d91-bc43-1aeffe704654/datanode-1/data/ratis/907b8d04-c96b-45d0-a760-556eca2ed168/current/log_inprogress_0
2022-02-20 11:33:22,434 [grpc-default-executor-0] INFO  server.RaftServer$Division (RaftServerImpl.java:requestVote(1046)) - 8ab36e9f-68be-4dfb-8773-5c952908b11c@group-9D528AD3D8B2: receive requestVote(ELECTION, 51457756-efc1-4f69-a8e1-a5f06e10f3ec, group-9D528AD3D8B2, 1, (t:0, i:0))
2022-02-20 11:33:22,434 [grpc-default-executor-0] INFO  impl.VoteContext (VoteContext.java:log(48)) - 8ab36e9f-68be-4dfb-8773-5c952908b11c@group-9D528AD3D8B2-FOLLOWER: reject ELECTION from 51457756-efc1-4f69-a8e1-a5f06e10f3ec: already has voted for 9e38299b-d888-4111-a9fe-1064c77c0439 at current term 1
2022-02-20 11:33:22,434 [grpc-default-executor-0] INFO  server.RaftServer$Division (RaftServerImpl.java:requestVote(1078)) - 8ab36e9f-68be-4dfb-8773-5c952908b11c@group-9D528AD3D8B2 replies to ELECTION vote request: 51457756-efc1-4f69-a8e1-a5f06e10f3ec<-8ab36e9f-68be-4dfb-8773-5c952908b11c#0:FAIL-t1. Peer's state: 8ab36e9f-68be-4dfb-8773-5c952908b11c@group-9D528AD3D8B2:t1, leader=null, voted=9e38299b-d888-4111-a9fe-1064c77c0439, raftlog=8ab36e9f-68be-4dfb-8773-5c952908b11c@group-9D528AD3D8B2-SegmentedRaftLog:OPENED:c-1, conf=-1: [8ab36e9f-68be-4dfb-8773-5c952908b11c|rpc:10.1.0.4:45831|dataStream:|priority:0, 51457756-efc1-4f69-a8e1-a5f06e10f3ec|rpc:10.1.0.4:32965|dataStream:|priority:1, 9e38299b-d888-4111-a9fe-1064c77c0439|rpc:10.1.0.4:37023|dataStream:|priority:0], old=null
2022-02-20 11:33:22,440 [grpc-default-executor-0] INFO  server.RaftServer$Division (RaftServerImpl.java:requestVote(1046)) - 9e38299b-d888-4111-a9fe-1064c77c0439@group-9D528AD3D8B2: receive requestVote(ELECTION, 51457756-efc1-4f69-a8e1-a5f06e10f3ec, group-9D528AD3D8B2, 1, (t:0, i:0))
2022-02-20 11:33:22,440 [grpc-default-executor-0] INFO  impl.VoteContext (VoteContext.java:log(48)) - 9e38299b-d888-4111-a9fe-1064c77c0439@group-9D528AD3D8B2-FOLLOWER: reject ELECTION from 51457756-efc1-4f69-a8e1-a5f06e10f3ec: already has voted for 9e38299b-d888-4111-a9fe-1064c77c0439 at current term 1
2022-02-20 11:33:22,441 [grpc-default-executor-0] INFO  server.RaftServer$Division (RaftServerImpl.java:requestVote(1078)) - 9e38299b-d888-4111-a9fe-1064c77c0439@group-9D528AD3D8B2 replies to ELECTION vote request: 51457756-efc1-4f69-a8e1-a5f06e10f3ec<-9e38299b-d888-4111-a9fe-1064c77c0439#0:FAIL-t1. Peer's state: 9e38299b-d888-4111-a9fe-1064c77c0439@group-9D528AD3D8B2:t1, leader=null, voted=9e38299b-d888-4111-a9fe-1064c77c0439, raftlog=9e38299b-d888-4111-a9fe-1064c77c0439@group-9D528AD3D8B2-SegmentedRaftLog:OPENED:c-1, conf=-1: [8ab36e9f-68be-4dfb-8773-5c952908b11c|rpc:10.1.0.4:45831|priority:0, 51457756-efc1-4f69-a8e1-a5f06e10f3ec|rpc:10.1.0.4:32965|priority:1, 9e38299b-d888-4111-a9fe-1064c77c0439|rpc:10.1.0.4:37023|priority:0], old=null
2022-02-20 11:33:22,444 [51457756-efc1-4f69-a8e1-a5f06e10f3ec@group-9D528AD3D8B2-LeaderElection23] INFO  impl.LeaderElection (LeaderElection.java:logAndReturn(89)) - 51457756-efc1-4f69-a8e1-a5f06e10f3ec@group-9D528AD3D8B2-LeaderElection23: ELECTION REJECTED received 2 response(s) and 0 exception(s):
2022-02-20 11:33:22,446 [51457756-efc1-4f69-a8e1-a5f06e10f3ec@group-9D528AD3D8B2-LeaderElection23] INFO  impl.LeaderElection (LeaderElection.java:logAndReturn(93)) -   Response 0: 51457756-efc1-4f69-a8e1-a5f06e10f3ec<-8ab36e9f-68be-4dfb-8773-5c952908b11c#0:FAIL-t1
2022-02-20 11:33:22,446 [51457756-efc1-4f69-a8e1-a5f06e10f3ec@group-9D528AD3D8B2-LeaderElection23] INFO  impl.LeaderElection (LeaderElection.java:logAndReturn(93)) -   Response 1: 51457756-efc1-4f69-a8e1-a5f06e10f3ec<-9e38299b-d888-4111-a9fe-1064c77c0439#0:FAIL-t1
2022-02-20 11:33:22,446 [51457756-efc1-4f69-a8e1-a5f06e10f3ec@group-9D528AD3D8B2-LeaderElection23] INFO  impl.LeaderElection (LeaderElection.java:askForVotes(308)) - 51457756-efc1-4f69-a8e1-a5f06e10f3ec@group-9D528AD3D8B2-LeaderElection23 ELECTION round 0: result REJECTED
2022-02-20 11:33:22,446 [51457756-efc1-4f69-a8e1-a5f06e10f3ec@group-9D528AD3D8B2-LeaderElection23] INFO  server.RaftServer$Division (RaftServerImpl.java:setRole(290)) - 51457756-efc1-4f69-a8e1-a5f06e10f3ec@group-9D528AD3D8B2: changes role from CANDIDATE to FOLLOWER at term 1 for REJECTED
2022-02-20 11:33:22,446 [51457756-efc1-4f69-a8e1-a5f06e10f3ec@group-9D528AD3D8B2-LeaderElection23] INFO  impl.RoleInfo (RoleInfo.java:shutdownLeaderElection(121)) - 51457756-efc1-4f69-a8e1-a5f06e10f3ec: shutdown 51457756-efc1-4f69-a8e1-a5f06e10f3ec@group-9D528AD3D8B2-LeaderElection23
2022-02-20 11:33:22,446 [51457756-efc1-4f69-a8e1-a5f06e10f3ec@group-9D528AD3D8B2-LeaderElection23] INFO  impl.RoleInfo (RoleInfo.java:updateAndGet(130)) - 51457756-efc1-4f69-a8e1-a5f06e10f3ec: start 51457756-efc1-4f69-a8e1-a5f06e10f3ec@group-9D528AD3D8B2-FollowerState
2022-02-20 11:33:22,644 [Listener at 127.0.0.1/34313] INFO  ozone.MiniOzoneClusterImpl (MiniOzoneClusterImpl.java:lambda$waitForClusterToBeReady$0(219)) - Nodes are ready. Got 3 of 3 DN Heartbeats.
2022-02-20 11:33:22,646 [Listener at 127.0.0.1/34313] INFO  ozone.MiniOzoneClusterImpl (MiniOzoneClusterImpl.java:lambda$waitForClusterToBeReady$0(222)) - Cluster exits safe mode
2022-02-20 11:33:22,646 [Listener at 127.0.0.1/34313] INFO  ozone.MiniOzoneClusterImpl (MiniOzoneClusterImpl.java:lambda$waitForClusterToBeReady$0(224)) - SCM became leader
2022-02-20 11:33:22,698 [Listener at 127.0.0.1/34313] INFO  rpc.RpcClient (RpcClient.java:createVolume(399)) - Creating Volume: volume07067, with user96217 as owner and space quota set to -1 bytes, counts quota set to -1
2022-02-20 11:33:22,726 [OM StateMachine ApplyTransaction Thread - 0] INFO  volume.OMVolumeCreateRequest (OMVolumeCreateRequest.java:validateAndUpdateCache(195)) - created volume:volume07067 for user:user96217
2022-02-20 11:33:22,739 [Listener at 127.0.0.1/34313] INFO  rpc.RpcClient (RpcClient.java:createBucket(562)) - Creating Bucket: volume07067/bucket72563, with runner as owner and Versioning false and Storage Type set to DISK and Encryption set to false 
]]></system-out>
  </testcase>
  <testcase name="testRenameFile[1]" classname="org.apache.hadoop.fs.ozone.TestRootedOzoneFileSystem" time="0.15"/>
  <testcase name="testListStatusRootAndVolumeRecursive[1]" classname="org.apache.hadoop.fs.ozone.TestRootedOzoneFileSystem" time="0.711"/>
  <testcase name="testTempMount[1]" classname="org.apache.hadoop.fs.ozone.TestRootedOzoneFileSystem" time="0.201"/>
  <testcase name="testListStatusRootAndVolumeNonRecursive[1]" classname="org.apache.hadoop.fs.ozone.TestRootedOzoneFileSystem" time="0.439"/>
  <testcase name="testDeleteVolumeAndBucket[1]" classname="org.apache.hadoop.fs.ozone.TestRootedOzoneFileSystem" time="0.026"/>
  <testcase name="testRenameDirToItsOwnSubDir[1]" classname="org.apache.hadoop.fs.ozone.TestRootedOzoneFileSystem" time="0.011"/>
  <testcase name="testOzoneFsServiceLoader[1]" classname="org.apache.hadoop.fs.ozone.TestRootedOzoneFileSystem" time="0.064"/>
  <testcase name="testTrash[1]" classname="org.apache.hadoop.fs.ozone.TestRootedOzoneFileSystem" time="0">
    <skipped/>
  </testcase>
  <testcase name="testRenameDestinationParentDoesntExist[1]" classname="org.apache.hadoop.fs.ozone.TestRootedOzoneFileSystem" time="0.036"/>
  <testcase name="testGetFileStatusRoot[1]" classname="org.apache.hadoop.fs.ozone.TestRootedOzoneFileSystem" time="0.01"/>
  <testcase name="testCreateWithInvalidPaths[1]" classname="org.apache.hadoop.fs.ozone.TestRootedOzoneFileSystem" time="0.01"/>
  <testcase name="testDeleteEmptyVolume[1]" classname="org.apache.hadoop.fs.ozone.TestRootedOzoneFileSystem" time="0.018"/>
  <testcase name="testListStatusRootAndVolumeContinuation[1]" classname="org.apache.hadoop.fs.ozone.TestRootedOzoneFileSystem" time="0">
    <skipped message="FS Path is enabled. Skipping this test as it is not tuned for FS Path yet" type="org.junit.AssumptionViolatedException">org.junit.AssumptionViolatedException: FS Path is enabled. Skipping this test as it is not tuned for FS Path yet
	at org.junit.Assume.assumeTrue(Assume.java:68)
	at org.apache.hadoop.fs.ozone.TestRootedOzoneFileSystem.testListStatusRootAndVolumeContinuation(TestRootedOzoneFileSystem.java:887)
	at sun.reflect.NativeMethodAccessorImpl.invoke0(Native Method)
	at sun.reflect.NativeMethodAccessorImpl.invoke(NativeMethodAccessorImpl.java:62)
	at sun.reflect.DelegatingMethodAccessorImpl.invoke(DelegatingMethodAccessorImpl.java:43)
	at java.lang.reflect.Method.invoke(Method.java:498)
	at org.junit.runners.model.FrameworkMethod$1.runReflectiveCall(FrameworkMethod.java:59)
	at org.junit.internal.runners.model.ReflectiveCallable.run(ReflectiveCallable.java:12)
	at org.junit.runners.model.FrameworkMethod.invokeExplosively(FrameworkMethod.java:56)
	at org.junit.internal.runners.statements.InvokeMethod.evaluate(InvokeMethod.java:17)
	at org.junit.internal.runners.statements.FailOnTimeout$CallableStatement.call(FailOnTimeout.java:288)
	at org.junit.internal.runners.statements.FailOnTimeout$CallableStatement.call(FailOnTimeout.java:282)
	at java.util.concurrent.FutureTask.run(FutureTask.java:266)
	at java.lang.Thread.run(Thread.java:750)
</skipped>
  </testcase>
  <testcase name="testDeleteVolumeBucketAndKey[1]" classname="org.apache.hadoop.fs.ozone.TestRootedOzoneFileSystem" time="0.058"/>
  <testcase name="testRenameToParentDir[1]" classname="org.apache.hadoop.fs.ozone.TestRootedOzoneFileSystem" time="0.062"/>
  <testcase name="testMkdirNonExistentVolumeBucket[1]" classname="org.apache.hadoop.fs.ozone.TestRootedOzoneFileSystem" time="0.017"/>
  <testcase name="testFailToDeleteRoot[1]" classname="org.apache.hadoop.fs.ozone.TestRootedOzoneFileSystem" time="0.012"/>
  <testcase name="testListStatusOnSubDirs[1]" classname="org.apache.hadoop.fs.ozone.TestRootedOzoneFileSystem" time="0.045"/>
  <testcase name="testListStatus[1]" classname="org.apache.hadoop.fs.ozone.TestRootedOzoneFileSystem" time="0.049"/>
  <testcase name="testGetTrashRoots[1]" classname="org.apache.hadoop.fs.ozone.TestRootedOzoneFileSystem" time="0.499"/>
  <testcase name="testCreateDoesNotAddParentDirKeys[1]" classname="org.apache.hadoop.fs.ozone.TestRootedOzoneFileSystem" time="0.074"/>
  <testcase name="testMkdirNonExistentVolume[1]" classname="org.apache.hadoop.fs.ozone.TestRootedOzoneFileSystem" time="0.013"/>
  <testcase name="testDeleteCreatesFakeParentDir[1]" classname="org.apache.hadoop.fs.ozone.TestRootedOzoneFileSystem" time="0">
    <skipped message="FS Path is enabled. Skipping this test as it is not tuned for FS Path yet" type="org.junit.AssumptionViolatedException">org.junit.AssumptionViolatedException: FS Path is enabled. Skipping this test as it is not tuned for FS Path yet
	at org.junit.Assume.assumeTrue(Assume.java:68)
	at org.apache.hadoop.fs.ozone.TestRootedOzoneFileSystem.testDeleteCreatesFakeParentDir(TestRootedOzoneFileSystem.java:302)
	at sun.reflect.NativeMethodAccessorImpl.invoke0(Native Method)
	at sun.reflect.NativeMethodAccessorImpl.invoke(NativeMethodAccessorImpl.java:62)
	at sun.reflect.DelegatingMethodAccessorImpl.invoke(DelegatingMethodAccessorImpl.java:43)
	at java.lang.reflect.Method.invoke(Method.java:498)
	at org.junit.runners.model.FrameworkMethod$1.runReflectiveCall(FrameworkMethod.java:59)
	at org.junit.internal.runners.model.ReflectiveCallable.run(ReflectiveCallable.java:12)
	at org.junit.runners.model.FrameworkMethod.invokeExplosively(FrameworkMethod.java:56)
	at org.junit.internal.runners.statements.InvokeMethod.evaluate(InvokeMethod.java:17)
	at org.junit.internal.runners.statements.FailOnTimeout$CallableStatement.call(FailOnTimeout.java:288)
	at org.junit.internal.runners.statements.FailOnTimeout$CallableStatement.call(FailOnTimeout.java:282)
	at java.util.concurrent.FutureTask.run(FutureTask.java:266)
	at java.lang.Thread.run(Thread.java:750)
</skipped>
  </testcase>
  <testcase name="testNonExplicitlyCreatedPathExistsAfterItsLeafsWereRemoved[1]" classname="org.apache.hadoop.fs.ozone.TestRootedOzoneFileSystem" time="0.043"/>
  <testcase name="testFileDelete[1]" classname="org.apache.hadoop.fs.ozone.TestRootedOzoneFileSystem" time="0.123"/>
  <testcase name="testRenameToTrashEnabled[1]" classname="org.apache.hadoop.fs.ozone.TestRootedOzoneFileSystem" time="0.124"/>
  <testcase name="testMkdirOnNonExistentVolumeBucketDir[1]" classname="org.apache.hadoop.fs.ozone.TestRootedOzoneFileSystem" time="0">
    <skipped message="FS Path is enabled. Skipping this test as it is not tuned for FS Path yet" type="org.junit.AssumptionViolatedException">org.junit.AssumptionViolatedException: FS Path is enabled. Skipping this test as it is not tuned for FS Path yet
	at org.junit.Assume.assumeTrue(Assume.java:68)
	at org.apache.hadoop.fs.ozone.TestRootedOzoneFileSystem.testMkdirOnNonExistentVolumeBucketDir(TestRootedOzoneFileSystem.java:405)
	at sun.reflect.NativeMethodAccessorImpl.invoke0(Native Method)
	at sun.reflect.NativeMethodAccessorImpl.invoke(NativeMethodAccessorImpl.java:62)
	at sun.reflect.DelegatingMethodAccessorImpl.invoke(DelegatingMethodAccessorImpl.java:43)
	at java.lang.reflect.Method.invoke(Method.java:498)
	at org.junit.runners.model.FrameworkMethod$1.runReflectiveCall(FrameworkMethod.java:59)
	at org.junit.internal.runners.model.ReflectiveCallable.run(ReflectiveCallable.java:12)
	at org.junit.runners.model.FrameworkMethod.invokeExplosively(FrameworkMethod.java:56)
	at org.junit.internal.runners.statements.InvokeMethod.evaluate(InvokeMethod.java:17)
	at org.junit.internal.runners.statements.FailOnTimeout$CallableStatement.call(FailOnTimeout.java:288)
	at org.junit.internal.runners.statements.FailOnTimeout$CallableStatement.call(FailOnTimeout.java:282)
	at java.util.concurrent.FutureTask.run(FutureTask.java:266)
	at java.lang.Thread.run(Thread.java:750)
</skipped>
  </testcase>
  <testcase name="testListStatusOnLargeDirectory[1]" classname="org.apache.hadoop.fs.ozone.TestRootedOzoneFileSystem" time="8.928"/>
  <testcase name="testRenameToDifferentBucket[1]" classname="org.apache.hadoop.fs.ozone.TestRootedOzoneFileSystem" time="0.035"/>
  <testcase name="testListStatusInBucket[1]" classname="org.apache.hadoop.fs.ozone.TestRootedOzoneFileSystem" time="0.012"/>
  <testcase name="testRenameFileToDir[1]" classname="org.apache.hadoop.fs.ozone.TestRootedOzoneFileSystem" time="0.048"/>
  <testcase name="testNonPrivilegedUserMkdirCreateBucket[2]" classname="org.apache.hadoop.fs.ozone.TestRootedOzoneFileSystem" time="0">
    <skipped message="ACL is not enabled. Skipping this test as it requires ACL to be enabled to be meaningful." type="org.junit.AssumptionViolatedException">org.junit.AssumptionViolatedException: ACL is not enabled. Skipping this test as it requires ACL to be enabled to be meaningful.
	at org.junit.Assume.assumeTrue(Assume.java:68)
	at org.apache.hadoop.fs.ozone.TestRootedOzoneFileSystem.testNonPrivilegedUserMkdirCreateBucket(TestRootedOzoneFileSystem.java:1582)
	at sun.reflect.NativeMethodAccessorImpl.invoke0(Native Method)
	at sun.reflect.NativeMethodAccessorImpl.invoke(NativeMethodAccessorImpl.java:62)
	at sun.reflect.DelegatingMethodAccessorImpl.invoke(DelegatingMethodAccessorImpl.java:43)
	at java.lang.reflect.Method.invoke(Method.java:498)
	at org.junit.runners.model.FrameworkMethod$1.runReflectiveCall(FrameworkMethod.java:59)
	at org.junit.internal.runners.model.ReflectiveCallable.run(ReflectiveCallable.java:12)
	at org.junit.runners.model.FrameworkMethod.invokeExplosively(FrameworkMethod.java:56)
	at org.junit.internal.runners.statements.InvokeMethod.evaluate(InvokeMethod.java:17)
	at org.junit.internal.runners.statements.FailOnTimeout$CallableStatement.call(FailOnTimeout.java:288)
	at org.junit.internal.runners.statements.FailOnTimeout$CallableStatement.call(FailOnTimeout.java:282)
	at java.util.concurrent.FutureTask.run(FutureTask.java:266)
	at java.lang.Thread.run(Thread.java:750)
</skipped>
    <system-out><![CDATA[2022-02-20 11:33:34,645 [Listener at 127.0.0.1/34313] INFO  ozone.MiniOzoneClusterImpl (MiniOzoneClusterImpl.java:shutdown(437)) - Shutting down the Mini Ozone Cluster
2022-02-20 11:33:34,645 [Listener at 127.0.0.1/34313] INFO  ozone.MiniOzoneClusterImpl (MiniOzoneClusterImpl.java:stop(452)) - Stopping the Mini Ozone Cluster
2022-02-20 11:33:34,645 [Listener at 127.0.0.1/34313] INFO  ozone.MiniOzoneClusterImpl (MiniOzoneClusterImpl.java:stopOM(534)) - Stopping the OzoneManager
2022-02-20 11:33:34,645 [Listener at 127.0.0.1/34313] INFO  om.OzoneManager (OzoneManager.java:stop(1893)) - om1[localhost:0]: Stopping Ozone Manager
2022-02-20 11:33:34,645 [Listener at 127.0.0.1/34313] INFO  ipc.Server (Server.java:stop(3414)) - Stopping server on 34313
2022-02-20 11:33:34,660 [IPC Server listener on 0] INFO  ipc.Server (Server.java:run(1376)) - Stopping IPC Server listener on 0
2022-02-20 11:33:34,660 [Listener at 127.0.0.1/34313] INFO  server.RaftServer (RaftServerProxy.java:lambda$close$6(391)) - om1: close
2022-02-20 11:33:34,662 [Listener at 127.0.0.1/34313] INFO  server.RaftServer$Division (RaftServerImpl.java:lambda$close$4(412)) - om1@group-C5BA1605619E: shutdown
2022-02-20 11:33:34,662 [Listener at 127.0.0.1/34313] INFO  util.JmxRegister (JmxRegister.java:unregister(73)) - Successfully un-registered JMX Bean with object name Ratis:service=RaftServer,group=group-C5BA1605619E,id=om1
2022-02-20 11:33:34,662 [Listener at 127.0.0.1/34313] INFO  impl.RoleInfo (RoleInfo.java:shutdownLeaderState(91)) - om1: shutdown om1@group-C5BA1605619E-LeaderStateImpl
2022-02-20 11:33:34,660 [IPC Server Responder] INFO  ipc.Server (Server.java:run(1512)) - Stopping IPC Server Responder
2022-02-20 11:33:34,662 [Listener at 127.0.0.1/34313] INFO  impl.PendingRequests (PendingRequests.java:sendNotLeaderResponses(282)) - om1@group-C5BA1605619E-PendingRequests: sendNotLeaderResponses
2022-02-20 11:33:34,673 [Listener at 127.0.0.1/34313] INFO  impl.StateMachineUpdater (StateMachineUpdater.java:stopAndJoin(149)) - om1@group-C5BA1605619E-StateMachineUpdater: set stopIndex = 6554
2022-02-20 11:33:34,673 [om1@group-C5BA1605619E-StateMachineUpdater] INFO  ratis.OzoneManagerStateMachine (OzoneManagerStateMachine.java:takeSnapshot(417)) - Current Snapshot Index (t:1, i:6554)
2022-02-20 11:33:34,673 [om1@group-C5BA1605619E-StateMachineUpdater] INFO  impl.StateMachineUpdater (StateMachineUpdater.java:takeSnapshot(281)) - om1@group-C5BA1605619E-StateMachineUpdater: Took a snapshot at index 6554
2022-02-20 11:33:34,673 [om1@group-C5BA1605619E-StateMachineUpdater] INFO  impl.StateMachineUpdater (StateMachineUpdater.java:lambda$new$0(89)) - om1@group-C5BA1605619E-StateMachineUpdater: snapshotIndex: updateIncreasingly -1 -> 6554
2022-02-20 11:33:34,673 [om1@group-C5BA1605619E-StateMachineUpdater] INFO  ratis.OzoneManagerStateMachine (OzoneManagerStateMachine.java:close(471)) - StateMachine has shutdown. Shutdown OzoneManager if not already shutdown.
2022-02-20 11:33:34,674 [Listener at 127.0.0.1/34313] INFO  server.RaftServer$Division (ServerState.java:close(419)) - om1@group-C5BA1605619E: closes. applyIndex: 6554
2022-02-20 11:33:34,674 [om1@group-C5BA1605619E-SegmentedRaftLogWorker] INFO  segmented.SegmentedRaftLogWorker (SegmentedRaftLogWorker.java:run(327)) - om1@group-C5BA1605619E-SegmentedRaftLogWorker was interrupted, exiting. There are 0 tasks remaining in the queue.
2022-02-20 11:33:34,686 [Listener at 127.0.0.1/34313] INFO  segmented.SegmentedRaftLogWorker (SegmentedRaftLogWorker.java:close(237)) - om1@group-C5BA1605619E-SegmentedRaftLogWorker close()
2022-02-20 11:33:34,687 [Listener at 127.0.0.1/34313] INFO  server.GrpcService (GrpcService.java:closeImpl(262)) - om1: shutdown server with port 9872 now
2022-02-20 11:33:34,687 [Listener at 127.0.0.1/34313] INFO  server.GrpcService (GrpcService.java:closeImpl(271)) - om1: shutdown server with port 9872 successfully
2022-02-20 11:33:34,689 [org.apache.ratis.util.JvmPauseMonitor$$Lambda$421/295700833@49b257f9] INFO  util.JvmPauseMonitor (JvmPauseMonitor.java:run(109)) - JvmPauseMonitor-om1: Stopped
2022-02-20 11:33:34,689 [Listener at 127.0.0.1/34313] INFO  ratis.OzoneManagerDoubleBuffer (OzoneManagerDoubleBuffer.java:stop(437)) - Stopping OMDoubleBuffer flush thread
2022-02-20 11:33:34,689 [OMDoubleBufferFlushThread] INFO  ratis.OzoneManagerDoubleBuffer (OzoneManagerDoubleBuffer.java:flushTransactions(356)) - OMDoubleBuffer flush thread OMDoubleBufferFlushThread is interrupted and will exit. OMDoubleBufferFlushThread
2022-02-20 11:33:34,689 [Listener at 127.0.0.1/34313] INFO  utils.BackgroundService (BackgroundService.java:shutdown(132)) - Shutting down service KeyDeletingService
2022-02-20 11:33:34,689 [Listener at 127.0.0.1/34313] INFO  utils.BackgroundService (BackgroundService.java:shutdown(132)) - Shutting down service DirectoryDeletingService
2022-02-20 11:33:34,690 [Listener at 127.0.0.1/34313] INFO  handler.ContextHandler (ContextHandler.java:doStop(1153)) - Stopped o.e.j.w.WebAppContext@57caa7{ozoneManager,/,null,STOPPED}{file:/home/runner/work/ozone/ozone/hadoop-ozone/integration-test/target/test-classes/webapps/ozoneManager}
2022-02-20 11:33:34,691 [Listener at 127.0.0.1/34313] INFO  server.AbstractConnector (AbstractConnector.java:doStop(381)) - Stopped ServerConnector@2781feae{HTTP/1.1, (http/1.1)}{0.0.0.0:0}
2022-02-20 11:33:34,691 [Listener at 127.0.0.1/34313] INFO  server.session (HouseKeeper.java:stopScavenging(149)) - node0 Stopped scavenging
2022-02-20 11:33:34,691 [Listener at 127.0.0.1/34313] INFO  handler.ContextHandler (ContextHandler.java:doStop(1153)) - Stopped o.e.j.s.ServletContextHandler@7d7761d6{static,/static,file:///home/runner/work/ozone/ozone/hadoop-ozone/integration-test/target/test-classes/webapps/static,STOPPED}
2022-02-20 11:33:34,691 [Listener at 127.0.0.1/34313] INFO  handler.ContextHandler (ContextHandler.java:doStop(1153)) - Stopped o.e.j.s.ServletContextHandler@55986028{logs,/logs,file:///home/runner/work/ozone/ozone/hadoop-ozone/integration-test/target/log,STOPPED}
2022-02-20 11:33:34,695 [Trash Emptier] ERROR util.ExitUtils (ExitUtils.java:terminate(133)) - Terminating with exit status -1: Thread[Trash Emptier,5,main] has thrown an uncaught exception
java.lang.UnsupportedOperationException: fs.getUri() not implemented in TrashOzoneFileSystem
	at org.apache.hadoop.ozone.om.TrashOzoneFileSystem.getUri(TrashOzoneFileSystem.java:124)
	at org.apache.hadoop.fs.FileSystem.close(FileSystem.java:2592)
	at org.apache.hadoop.ozone.om.TrashPolicyOzone$Emptier.run(TrashPolicyOzone.java:243)
	at java.lang.Thread.run(Thread.java:750)
2022-02-20 11:33:34,714 [Listener at 127.0.0.1/34313] INFO  ozone.MiniOzoneClusterImpl (MiniOzoneClusterImpl.java:stopDatanodes(511)) - Stopping the HddsDatanodes
2022-02-20 11:33:37,676 [8ab36e9f-68be-4dfb-8773-5c952908b11c@group-9D528AD3D8B2-FollowerState] INFO  impl.FollowerState (FollowerState.java:run(134)) - 8ab36e9f-68be-4dfb-8773-5c952908b11c@group-9D528AD3D8B2-FollowerState: change to CANDIDATE, lastRpcElapsedTime:5031343238ns, electionTimeout:5029ms
2022-02-20 11:33:37,676 [8ab36e9f-68be-4dfb-8773-5c952908b11c@group-9D528AD3D8B2-FollowerState] INFO  impl.RoleInfo (RoleInfo.java:shutdownFollowerState(108)) - 8ab36e9f-68be-4dfb-8773-5c952908b11c: shutdown 8ab36e9f-68be-4dfb-8773-5c952908b11c@group-9D528AD3D8B2-FollowerState
2022-02-20 11:33:37,676 [8ab36e9f-68be-4dfb-8773-5c952908b11c@group-9D528AD3D8B2-FollowerState] INFO  server.RaftServer$Division (RaftServerImpl.java:setRole(290)) - 8ab36e9f-68be-4dfb-8773-5c952908b11c@group-9D528AD3D8B2: changes role from  FOLLOWER to CANDIDATE at term 3 for changeToCandidate
2022-02-20 11:33:37,676 [8ab36e9f-68be-4dfb-8773-5c952908b11c@group-9D528AD3D8B2-FollowerState] INFO  server.RaftServerConfigKeys (ConfUtils.java:logGet(44)) - raft.server.leaderelection.pre-vote = false (custom)
2022-02-20 11:33:37,676 [8ab36e9f-68be-4dfb-8773-5c952908b11c@group-9D528AD3D8B2-FollowerState] INFO  impl.RoleInfo (RoleInfo.java:updateAndGet(130)) - 8ab36e9f-68be-4dfb-8773-5c952908b11c: start 8ab36e9f-68be-4dfb-8773-5c952908b11c@group-9D528AD3D8B2-LeaderElection30
2022-02-20 11:33:37,688 [8ab36e9f-68be-4dfb-8773-5c952908b11c@group-9D528AD3D8B2-LeaderElection30] INFO  impl.LeaderElection (LeaderElection.java:askForVotes(306)) - 8ab36e9f-68be-4dfb-8773-5c952908b11c@group-9D528AD3D8B2-LeaderElection30 ELECTION round 0: submit vote requests at term 4 for -1: [8ab36e9f-68be-4dfb-8773-5c952908b11c|rpc:10.1.0.4:45831|dataStream:|priority:0, 51457756-efc1-4f69-a8e1-a5f06e10f3ec|rpc:10.1.0.4:32965|dataStream:|priority:1, 9e38299b-d888-4111-a9fe-1064c77c0439|rpc:10.1.0.4:37023|dataStream:|priority:0], old=null
2022-02-20 11:33:37,701 [grpc-default-executor-0] INFO  server.RaftServer$Division (RaftServerImpl.java:requestVote(1046)) - 51457756-efc1-4f69-a8e1-a5f06e10f3ec@group-9D528AD3D8B2: receive requestVote(ELECTION, 8ab36e9f-68be-4dfb-8773-5c952908b11c, group-9D528AD3D8B2, 4, (t:0, i:0))
2022-02-20 11:33:37,702 [grpc-default-executor-0] INFO  impl.VoteContext (VoteContext.java:log(48)) - 51457756-efc1-4f69-a8e1-a5f06e10f3ec@group-9D528AD3D8B2-FOLLOWER: reject ELECTION from 8ab36e9f-68be-4dfb-8773-5c952908b11c: our priority 1 > candidate's priority 0
2022-02-20 11:33:37,702 [grpc-default-executor-0] INFO  server.RaftServer$Division (RaftServerImpl.java:setRole(290)) - 51457756-efc1-4f69-a8e1-a5f06e10f3ec@group-9D528AD3D8B2: changes role from  FOLLOWER to FOLLOWER at term 4 for candidate:8ab36e9f-68be-4dfb-8773-5c952908b11c
2022-02-20 11:33:37,702 [grpc-default-executor-0] INFO  impl.RoleInfo (RoleInfo.java:shutdownFollowerState(108)) - 51457756-efc1-4f69-a8e1-a5f06e10f3ec: shutdown 51457756-efc1-4f69-a8e1-a5f06e10f3ec@group-9D528AD3D8B2-FollowerState
2022-02-20 11:33:37,702 [grpc-default-executor-0] INFO  impl.RoleInfo (RoleInfo.java:updateAndGet(130)) - 51457756-efc1-4f69-a8e1-a5f06e10f3ec: start 51457756-efc1-4f69-a8e1-a5f06e10f3ec@group-9D528AD3D8B2-FollowerState
2022-02-20 11:33:37,702 [51457756-efc1-4f69-a8e1-a5f06e10f3ec@group-9D528AD3D8B2-FollowerState] INFO  impl.FollowerState (FollowerState.java:run(143)) - 51457756-efc1-4f69-a8e1-a5f06e10f3ec@group-9D528AD3D8B2-FollowerState was interrupted: {}
java.lang.InterruptedException: sleep interrupted
	at java.lang.Thread.sleep(Native Method)
	at java.lang.Thread.sleep(Thread.java:342)
	at java.util.concurrent.TimeUnit.sleep(TimeUnit.java:386)
	at org.apache.ratis.util.TimeDuration.sleep(TimeDuration.java:324)
	at org.apache.ratis.util.TimeDuration.sleep(TimeDuration.java:309)
	at org.apache.ratis.server.impl.FollowerState.run(FollowerState.java:118)
2022-02-20 11:33:37,704 [grpc-default-executor-0] INFO  server.RaftServer$Division (RaftServerImpl.java:requestVote(1078)) - 51457756-efc1-4f69-a8e1-a5f06e10f3ec@group-9D528AD3D8B2 replies to ELECTION vote request: 8ab36e9f-68be-4dfb-8773-5c952908b11c<-51457756-efc1-4f69-a8e1-a5f06e10f3ec#0:FAIL-t4. Peer's state: 51457756-efc1-4f69-a8e1-a5f06e10f3ec@group-9D528AD3D8B2:t4, leader=null, voted=null, raftlog=51457756-efc1-4f69-a8e1-a5f06e10f3ec@group-9D528AD3D8B2-SegmentedRaftLog:OPENED:c-1, conf=-1: [8ab36e9f-68be-4dfb-8773-5c952908b11c|rpc:10.1.0.4:45831|dataStream:|priority:0, 51457756-efc1-4f69-a8e1-a5f06e10f3ec|rpc:10.1.0.4:32965|dataStream:|priority:1, 9e38299b-d888-4111-a9fe-1064c77c0439|rpc:10.1.0.4:37023|dataStream:|priority:0], old=null
2022-02-20 11:33:37,722 [grpc-default-executor-4] INFO  server.RaftServer$Division (RaftServerImpl.java:requestVote(1046)) - 9e38299b-d888-4111-a9fe-1064c77c0439@group-9D528AD3D8B2: receive requestVote(ELECTION, 8ab36e9f-68be-4dfb-8773-5c952908b11c, group-9D528AD3D8B2, 4, (t:0, i:0))
2022-02-20 11:33:37,723 [grpc-default-executor-4] INFO  impl.VoteContext (VoteContext.java:log(48)) - 9e38299b-d888-4111-a9fe-1064c77c0439@group-9D528AD3D8B2-FOLLOWER: accept ELECTION from 8ab36e9f-68be-4dfb-8773-5c952908b11c: our priority 0 <= candidate's priority 0
2022-02-20 11:33:37,723 [grpc-default-executor-4] INFO  server.RaftServer$Division (RaftServerImpl.java:setRole(290)) - 9e38299b-d888-4111-a9fe-1064c77c0439@group-9D528AD3D8B2: changes role from  FOLLOWER to FOLLOWER at term 4 for candidate:8ab36e9f-68be-4dfb-8773-5c952908b11c
2022-02-20 11:33:37,723 [grpc-default-executor-4] INFO  impl.RoleInfo (RoleInfo.java:shutdownFollowerState(108)) - 9e38299b-d888-4111-a9fe-1064c77c0439: shutdown 9e38299b-d888-4111-a9fe-1064c77c0439@group-9D528AD3D8B2-FollowerState
2022-02-20 11:33:37,723 [grpc-default-executor-4] INFO  impl.RoleInfo (RoleInfo.java:updateAndGet(130)) - 9e38299b-d888-4111-a9fe-1064c77c0439: start 9e38299b-d888-4111-a9fe-1064c77c0439@group-9D528AD3D8B2-FollowerState
2022-02-20 11:33:37,723 [9e38299b-d888-4111-a9fe-1064c77c0439@group-9D528AD3D8B2-FollowerState] INFO  impl.FollowerState (FollowerState.java:run(143)) - 9e38299b-d888-4111-a9fe-1064c77c0439@group-9D528AD3D8B2-FollowerState was interrupted: {}
java.lang.InterruptedException: sleep interrupted
	at java.lang.Thread.sleep(Native Method)
	at java.lang.Thread.sleep(Thread.java:342)
	at java.util.concurrent.TimeUnit.sleep(TimeUnit.java:386)
	at org.apache.ratis.util.TimeDuration.sleep(TimeDuration.java:324)
	at org.apache.ratis.util.TimeDuration.sleep(TimeDuration.java:309)
	at org.apache.ratis.server.impl.FollowerState.run(FollowerState.java:118)
2022-02-20 11:33:37,731 [grpc-default-executor-4] INFO  server.RaftServer$Division (RaftServerImpl.java:requestVote(1078)) - 9e38299b-d888-4111-a9fe-1064c77c0439@group-9D528AD3D8B2 replies to ELECTION vote request: 8ab36e9f-68be-4dfb-8773-5c952908b11c<-9e38299b-d888-4111-a9fe-1064c77c0439#0:OK-t4. Peer's state: 9e38299b-d888-4111-a9fe-1064c77c0439@group-9D528AD3D8B2:t4, leader=null, voted=8ab36e9f-68be-4dfb-8773-5c952908b11c, raftlog=9e38299b-d888-4111-a9fe-1064c77c0439@group-9D528AD3D8B2-SegmentedRaftLog:OPENED:c-1, conf=-1: [8ab36e9f-68be-4dfb-8773-5c952908b11c|rpc:10.1.0.4:45831|priority:0, 51457756-efc1-4f69-a8e1-a5f06e10f3ec|rpc:10.1.0.4:32965|priority:1, 9e38299b-d888-4111-a9fe-1064c77c0439|rpc:10.1.0.4:37023|priority:0], old=null
2022-02-20 11:33:37,731 [8ab36e9f-68be-4dfb-8773-5c952908b11c@group-9D528AD3D8B2-LeaderElection30] INFO  impl.LeaderElection (LeaderElection.java:logAndReturn(89)) - 8ab36e9f-68be-4dfb-8773-5c952908b11c@group-9D528AD3D8B2-LeaderElection30: ELECTION REJECTED received 1 response(s) and 0 exception(s):
2022-02-20 11:33:37,732 [8ab36e9f-68be-4dfb-8773-5c952908b11c@group-9D528AD3D8B2-LeaderElection30] INFO  impl.LeaderElection (LeaderElection.java:logAndReturn(93)) -   Response 0: 8ab36e9f-68be-4dfb-8773-5c952908b11c<-51457756-efc1-4f69-a8e1-a5f06e10f3ec#0:FAIL-t4
2022-02-20 11:33:37,732 [8ab36e9f-68be-4dfb-8773-5c952908b11c@group-9D528AD3D8B2-LeaderElection30] INFO  impl.LeaderElection (LeaderElection.java:askForVotes(308)) - 8ab36e9f-68be-4dfb-8773-5c952908b11c@group-9D528AD3D8B2-LeaderElection30 ELECTION round 0: result REJECTED
2022-02-20 11:33:37,732 [8ab36e9f-68be-4dfb-8773-5c952908b11c@group-9D528AD3D8B2-LeaderElection30] INFO  server.RaftServer$Division (RaftServerImpl.java:setRole(290)) - 8ab36e9f-68be-4dfb-8773-5c952908b11c@group-9D528AD3D8B2: changes role from CANDIDATE to FOLLOWER at term 4 for REJECTED
2022-02-20 11:33:37,732 [8ab36e9f-68be-4dfb-8773-5c952908b11c@group-9D528AD3D8B2-LeaderElection30] INFO  impl.RoleInfo (RoleInfo.java:shutdownLeaderElection(121)) - 8ab36e9f-68be-4dfb-8773-5c952908b11c: shutdown 8ab36e9f-68be-4dfb-8773-5c952908b11c@group-9D528AD3D8B2-LeaderElection30
2022-02-20 11:33:37,732 [8ab36e9f-68be-4dfb-8773-5c952908b11c@group-9D528AD3D8B2-LeaderElection30] INFO  impl.RoleInfo (RoleInfo.java:updateAndGet(130)) - 8ab36e9f-68be-4dfb-8773-5c952908b11c: start 8ab36e9f-68be-4dfb-8773-5c952908b11c@group-9D528AD3D8B2-FollowerState
2022-02-20 11:33:39,718 [ForkJoinPool.commonPool-worker-0] INFO  ozoneimpl.OzoneContainer (OzoneContainer.java:stop(351)) - Attempting to stop container services.
2022-02-20 11:33:39,720 [Listener at 127.0.0.1/34313] INFO  ozoneimpl.OzoneContainer (OzoneContainer.java:stop(351)) - Attempting to stop container services.
2022-02-20 11:33:39,720 [ForkJoinPool.commonPool-worker-0] INFO  server.RaftServer (RaftServerProxy.java:lambda$close$6(391)) - 9e38299b-d888-4111-a9fe-1064c77c0439: close
2022-02-20 11:33:39,720 [ForkJoinPool.commonPool-worker-0] INFO  server.RaftServer$Division (RaftServerImpl.java:lambda$close$4(412)) - 9e38299b-d888-4111-a9fe-1064c77c0439@group-9D528AD3D8B2: shutdown
2022-02-20 11:33:39,720 [ForkJoinPool.commonPool-worker-0] INFO  util.JmxRegister (JmxRegister.java:unregister(73)) - Successfully un-registered JMX Bean with object name Ratis:service=RaftServer,group=group-9D528AD3D8B2,id=9e38299b-d888-4111-a9fe-1064c77c0439
2022-02-20 11:33:39,720 [ForkJoinPool.commonPool-worker-0] INFO  impl.RoleInfo (RoleInfo.java:shutdownFollowerState(108)) - 9e38299b-d888-4111-a9fe-1064c77c0439: shutdown 9e38299b-d888-4111-a9fe-1064c77c0439@group-9D528AD3D8B2-FollowerState
2022-02-20 11:33:39,720 [ForkJoinPool.commonPool-worker-0] INFO  impl.StateMachineUpdater (StateMachineUpdater.java:stopAndJoin(149)) - 9e38299b-d888-4111-a9fe-1064c77c0439@group-9D528AD3D8B2-StateMachineUpdater: set stopIndex = -1
2022-02-20 11:33:39,720 [9e38299b-d888-4111-a9fe-1064c77c0439@group-9D528AD3D8B2-FollowerState] INFO  impl.FollowerState (FollowerState.java:run(143)) - 9e38299b-d888-4111-a9fe-1064c77c0439@group-9D528AD3D8B2-FollowerState was interrupted: {}
java.lang.InterruptedException: sleep interrupted
	at java.lang.Thread.sleep(Native Method)
	at java.lang.Thread.sleep(Thread.java:342)
	at java.util.concurrent.TimeUnit.sleep(TimeUnit.java:386)
	at org.apache.ratis.util.TimeDuration.sleep(TimeDuration.java:324)
	at org.apache.ratis.util.TimeDuration.sleep(TimeDuration.java:309)
	at org.apache.ratis.server.impl.FollowerState.run(FollowerState.java:118)
2022-02-20 11:33:39,721 [Listener at 127.0.0.1/34313] INFO  server.RaftServer (RaftServerProxy.java:lambda$close$6(391)) - 8ab36e9f-68be-4dfb-8773-5c952908b11c: close
2022-02-20 11:33:39,721 [Listener at 127.0.0.1/34313] INFO  server.RaftServer$Division (RaftServerImpl.java:lambda$close$4(412)) - 8ab36e9f-68be-4dfb-8773-5c952908b11c@group-9D528AD3D8B2: shutdown
2022-02-20 11:33:39,722 [Listener at 127.0.0.1/34313] INFO  util.JmxRegister (JmxRegister.java:unregister(73)) - Successfully un-registered JMX Bean with object name Ratis:service=RaftServer,group=group-9D528AD3D8B2,id=8ab36e9f-68be-4dfb-8773-5c952908b11c
2022-02-20 11:33:39,722 [Listener at 127.0.0.1/34313] INFO  impl.RoleInfo (RoleInfo.java:shutdownFollowerState(108)) - 8ab36e9f-68be-4dfb-8773-5c952908b11c: shutdown 8ab36e9f-68be-4dfb-8773-5c952908b11c@group-9D528AD3D8B2-FollowerState
2022-02-20 11:33:39,722 [Listener at 127.0.0.1/34313] INFO  impl.StateMachineUpdater (StateMachineUpdater.java:stopAndJoin(149)) - 8ab36e9f-68be-4dfb-8773-5c952908b11c@group-9D528AD3D8B2-StateMachineUpdater: set stopIndex = -1
2022-02-20 11:33:39,722 [8ab36e9f-68be-4dfb-8773-5c952908b11c@group-9D528AD3D8B2-FollowerState] INFO  impl.FollowerState (FollowerState.java:run(143)) - 8ab36e9f-68be-4dfb-8773-5c952908b11c@group-9D528AD3D8B2-FollowerState was interrupted: {}
java.lang.InterruptedException: sleep interrupted
	at java.lang.Thread.sleep(Native Method)
	at java.lang.Thread.sleep(Thread.java:342)
	at java.util.concurrent.TimeUnit.sleep(TimeUnit.java:386)
	at org.apache.ratis.util.TimeDuration.sleep(TimeDuration.java:324)
	at org.apache.ratis.util.TimeDuration.sleep(TimeDuration.java:309)
	at org.apache.ratis.server.impl.FollowerState.run(FollowerState.java:118)
2022-02-20 11:33:39,722 [Listener at 127.0.0.1/34313] INFO  server.RaftServer$Division (ServerState.java:close(419)) - 8ab36e9f-68be-4dfb-8773-5c952908b11c@group-9D528AD3D8B2: closes. applyIndex: -1
2022-02-20 11:33:39,723 [8ab36e9f-68be-4dfb-8773-5c952908b11c@group-9D528AD3D8B2-SegmentedRaftLogWorker] INFO  segmented.SegmentedRaftLogWorker (SegmentedRaftLogWorker.java:run(327)) - 8ab36e9f-68be-4dfb-8773-5c952908b11c@group-9D528AD3D8B2-SegmentedRaftLogWorker was interrupted, exiting. There are 0 tasks remaining in the queue.
2022-02-20 11:33:39,723 [Listener at 127.0.0.1/34313] INFO  segmented.SegmentedRaftLogWorker (SegmentedRaftLogWorker.java:close(237)) - 8ab36e9f-68be-4dfb-8773-5c952908b11c@group-9D528AD3D8B2-SegmentedRaftLogWorker close()
2022-02-20 11:33:39,723 [ForkJoinPool.commonPool-worker-0] INFO  server.RaftServer$Division (ServerState.java:close(419)) - 9e38299b-d888-4111-a9fe-1064c77c0439@group-9D528AD3D8B2: closes. applyIndex: -1
2022-02-20 11:33:39,724 [9e38299b-d888-4111-a9fe-1064c77c0439@group-9D528AD3D8B2-SegmentedRaftLogWorker] INFO  segmented.SegmentedRaftLogWorker (SegmentedRaftLogWorker.java:run(327)) - 9e38299b-d888-4111-a9fe-1064c77c0439@group-9D528AD3D8B2-SegmentedRaftLogWorker was interrupted, exiting. There are 0 tasks remaining in the queue.
2022-02-20 11:33:39,724 [ForkJoinPool.commonPool-worker-0] INFO  segmented.SegmentedRaftLogWorker (SegmentedRaftLogWorker.java:close(237)) - 9e38299b-d888-4111-a9fe-1064c77c0439@group-9D528AD3D8B2-SegmentedRaftLogWorker close()
2022-02-20 11:33:39,725 [Listener at 127.0.0.1/34313] INFO  server.RaftServer$Division (RaftServerImpl.java:lambda$close$4(412)) - 8ab36e9f-68be-4dfb-8773-5c952908b11c@group-C5C00BFCD4D9: shutdown
2022-02-20 11:33:39,725 [Listener at 127.0.0.1/34313] INFO  util.JmxRegister (JmxRegister.java:unregister(73)) - Successfully un-registered JMX Bean with object name Ratis:service=RaftServer,group=group-C5C00BFCD4D9,id=8ab36e9f-68be-4dfb-8773-5c952908b11c
2022-02-20 11:33:39,725 [Listener at 127.0.0.1/34313] INFO  impl.RoleInfo (RoleInfo.java:shutdownFollowerState(108)) - 8ab36e9f-68be-4dfb-8773-5c952908b11c: shutdown 8ab36e9f-68be-4dfb-8773-5c952908b11c@group-C5C00BFCD4D9-FollowerState
2022-02-20 11:33:39,726 [Listener at 127.0.0.1/34313] INFO  impl.StateMachineUpdater (StateMachineUpdater.java:stopAndJoin(149)) - 8ab36e9f-68be-4dfb-8773-5c952908b11c@group-C5C00BFCD4D9-StateMachineUpdater: set stopIndex = 27
2022-02-20 11:33:39,726 [8ab36e9f-68be-4dfb-8773-5c952908b11c@group-C5C00BFCD4D9-FollowerState] INFO  impl.FollowerState (FollowerState.java:run(143)) - 8ab36e9f-68be-4dfb-8773-5c952908b11c@group-C5C00BFCD4D9-FollowerState was interrupted: {}
java.lang.InterruptedException: sleep interrupted
	at java.lang.Thread.sleep(Native Method)
	at java.lang.Thread.sleep(Thread.java:342)
	at java.util.concurrent.TimeUnit.sleep(TimeUnit.java:386)
	at org.apache.ratis.util.TimeDuration.sleep(TimeDuration.java:324)
	at org.apache.ratis.util.TimeDuration.sleep(TimeDuration.java:309)
	at org.apache.ratis.server.impl.FollowerState.run(FollowerState.java:118)
2022-02-20 11:33:39,726 [8ab36e9f-68be-4dfb-8773-5c952908b11c@group-C5C00BFCD4D9-StateMachineUpdater] INFO  ratis.ContainerStateMachine (ContainerStateMachine.java:takeSnapshot(304)) - group-C5C00BFCD4D9: Taking a snapshot at:(t:1, i:27) file /home/runner/work/ozone/ozone/hadoop-ozone/integration-test/target/test-dir/MiniOzoneClusterImpl-35320b25-8391-4d91-bc43-1aeffe704654/datanode-1/data/ratis/fc9bec6b-4603-4bd7-b0ea-c5c00bfcd4d9/sm/snapshot.1_27
2022-02-20 11:33:39,726 [ForkJoinPool.commonPool-worker-0] INFO  server.RaftServer$Division (RaftServerImpl.java:lambda$close$4(412)) - 9e38299b-d888-4111-a9fe-1064c77c0439@group-67460D34CEA8: shutdown
2022-02-20 11:33:39,727 [ForkJoinPool.commonPool-worker-0] INFO  util.JmxRegister (JmxRegister.java:unregister(73)) - Successfully un-registered JMX Bean with object name Ratis:service=RaftServer,group=group-67460D34CEA8,id=9e38299b-d888-4111-a9fe-1064c77c0439
2022-02-20 11:33:39,727 [ForkJoinPool.commonPool-worker-0] INFO  impl.RoleInfo (RoleInfo.java:shutdownLeaderState(91)) - 9e38299b-d888-4111-a9fe-1064c77c0439: shutdown 9e38299b-d888-4111-a9fe-1064c77c0439@group-67460D34CEA8-LeaderStateImpl
2022-02-20 11:33:39,727 [ForkJoinPool.commonPool-worker-0] INFO  impl.PendingRequests (PendingRequests.java:sendNotLeaderResponses(282)) - 9e38299b-d888-4111-a9fe-1064c77c0439@group-67460D34CEA8-PendingRequests: sendNotLeaderResponses
2022-02-20 11:33:39,727 [ForkJoinPool.commonPool-worker-0] INFO  impl.StateMachineUpdater (StateMachineUpdater.java:stopAndJoin(149)) - 9e38299b-d888-4111-a9fe-1064c77c0439@group-67460D34CEA8-StateMachineUpdater: set stopIndex = 0
2022-02-20 11:33:39,727 [9e38299b-d888-4111-a9fe-1064c77c0439@group-67460D34CEA8-StateMachineUpdater] INFO  ratis.ContainerStateMachine (ContainerStateMachine.java:takeSnapshot(304)) - group-67460D34CEA8: Taking a snapshot at:(t:1, i:0) file /home/runner/work/ozone/ozone/hadoop-ozone/integration-test/target/test-dir/MiniOzoneClusterImpl-35320b25-8391-4d91-bc43-1aeffe704654/datanode-0/data/ratis/26845308-c60e-4638-aa38-67460d34cea8/sm/snapshot.1_0
2022-02-20 11:33:39,728 [8ab36e9f-68be-4dfb-8773-5c952908b11c@group-C5C00BFCD4D9-StateMachineUpdater] INFO  ratis.ContainerStateMachine (ContainerStateMachine.java:takeSnapshot(315)) - group-C5C00BFCD4D9: Finished taking a snapshot at:(t:1, i:27) file:/home/runner/work/ozone/ozone/hadoop-ozone/integration-test/target/test-dir/MiniOzoneClusterImpl-35320b25-8391-4d91-bc43-1aeffe704654/datanode-1/data/ratis/fc9bec6b-4603-4bd7-b0ea-c5c00bfcd4d9/sm/snapshot.1_27 took: 2 ms
2022-02-20 11:33:39,728 [8ab36e9f-68be-4dfb-8773-5c952908b11c@group-C5C00BFCD4D9-StateMachineUpdater] INFO  impl.StateMachineUpdater (StateMachineUpdater.java:takeSnapshot(281)) - 8ab36e9f-68be-4dfb-8773-5c952908b11c@group-C5C00BFCD4D9-StateMachineUpdater: Took a snapshot at index 27
2022-02-20 11:33:39,728 [8ab36e9f-68be-4dfb-8773-5c952908b11c@group-C5C00BFCD4D9-StateMachineUpdater] INFO  impl.StateMachineUpdater (StateMachineUpdater.java:lambda$new$0(89)) - 8ab36e9f-68be-4dfb-8773-5c952908b11c@group-C5C00BFCD4D9-StateMachineUpdater: snapshotIndex: updateIncreasingly -1 -> 27
2022-02-20 11:33:39,729 [Listener at 127.0.0.1/34313] INFO  server.RaftServer$Division (ServerState.java:close(419)) - 8ab36e9f-68be-4dfb-8773-5c952908b11c@group-C5C00BFCD4D9: closes. applyIndex: 27
2022-02-20 11:33:39,729 [8ab36e9f-68be-4dfb-8773-5c952908b11c@group-C5C00BFCD4D9-SegmentedRaftLogWorker] INFO  segmented.SegmentedRaftLogWorker (SegmentedRaftLogWorker.java:run(327)) - 8ab36e9f-68be-4dfb-8773-5c952908b11c@group-C5C00BFCD4D9-SegmentedRaftLogWorker was interrupted, exiting. There are 0 tasks remaining in the queue.
2022-02-20 11:33:39,730 [Listener at 127.0.0.1/34313] INFO  segmented.SegmentedRaftLogWorker (SegmentedRaftLogWorker.java:close(237)) - 8ab36e9f-68be-4dfb-8773-5c952908b11c@group-C5C00BFCD4D9-SegmentedRaftLogWorker close()
2022-02-20 11:33:39,731 [Listener at 127.0.0.1/34313] INFO  server.RaftServer$Division (RaftServerImpl.java:lambda$close$4(412)) - 8ab36e9f-68be-4dfb-8773-5c952908b11c@group-556ECA2ED168: shutdown
2022-02-20 11:33:39,731 [Listener at 127.0.0.1/34313] INFO  util.JmxRegister (JmxRegister.java:unregister(73)) - Successfully un-registered JMX Bean with object name Ratis:service=RaftServer,group=group-556ECA2ED168,id=8ab36e9f-68be-4dfb-8773-5c952908b11c
2022-02-20 11:33:39,731 [Listener at 127.0.0.1/34313] INFO  impl.RoleInfo (RoleInfo.java:shutdownLeaderState(91)) - 8ab36e9f-68be-4dfb-8773-5c952908b11c: shutdown 8ab36e9f-68be-4dfb-8773-5c952908b11c@group-556ECA2ED168-LeaderStateImpl
2022-02-20 11:33:39,731 [Listener at 127.0.0.1/34313] INFO  impl.PendingRequests (PendingRequests.java:sendNotLeaderResponses(282)) - 8ab36e9f-68be-4dfb-8773-5c952908b11c@group-556ECA2ED168-PendingRequests: sendNotLeaderResponses
2022-02-20 11:33:39,732 [Listener at 127.0.0.1/34313] INFO  impl.StateMachineUpdater (StateMachineUpdater.java:stopAndJoin(149)) - 8ab36e9f-68be-4dfb-8773-5c952908b11c@group-556ECA2ED168-StateMachineUpdater: set stopIndex = 0
2022-02-20 11:33:39,732 [8ab36e9f-68be-4dfb-8773-5c952908b11c@group-556ECA2ED168-StateMachineUpdater] INFO  ratis.ContainerStateMachine (ContainerStateMachine.java:takeSnapshot(304)) - group-556ECA2ED168: Taking a snapshot at:(t:1, i:0) file /home/runner/work/ozone/ozone/hadoop-ozone/integration-test/target/test-dir/MiniOzoneClusterImpl-35320b25-8391-4d91-bc43-1aeffe704654/datanode-1/data/ratis/907b8d04-c96b-45d0-a760-556eca2ed168/sm/snapshot.1_0
2022-02-20 11:33:39,733 [8ab36e9f-68be-4dfb-8773-5c952908b11c@group-556ECA2ED168-StateMachineUpdater] INFO  ratis.ContainerStateMachine (ContainerStateMachine.java:takeSnapshot(315)) - group-556ECA2ED168: Finished taking a snapshot at:(t:1, i:0) file:/home/runner/work/ozone/ozone/hadoop-ozone/integration-test/target/test-dir/MiniOzoneClusterImpl-35320b25-8391-4d91-bc43-1aeffe704654/datanode-1/data/ratis/907b8d04-c96b-45d0-a760-556eca2ed168/sm/snapshot.1_0 took: 0 ms
2022-02-20 11:33:39,733 [8ab36e9f-68be-4dfb-8773-5c952908b11c@group-556ECA2ED168-StateMachineUpdater] INFO  impl.StateMachineUpdater (StateMachineUpdater.java:takeSnapshot(281)) - 8ab36e9f-68be-4dfb-8773-5c952908b11c@group-556ECA2ED168-StateMachineUpdater: Took a snapshot at index 0
2022-02-20 11:33:39,733 [8ab36e9f-68be-4dfb-8773-5c952908b11c@group-556ECA2ED168-StateMachineUpdater] INFO  impl.StateMachineUpdater (StateMachineUpdater.java:lambda$new$0(89)) - 8ab36e9f-68be-4dfb-8773-5c952908b11c@group-556ECA2ED168-StateMachineUpdater: snapshotIndex: updateIncreasingly -1 -> 0
2022-02-20 11:33:39,733 [9e38299b-d888-4111-a9fe-1064c77c0439@group-67460D34CEA8-StateMachineUpdater] INFO  ratis.ContainerStateMachine (ContainerStateMachine.java:takeSnapshot(315)) - group-67460D34CEA8: Finished taking a snapshot at:(t:1, i:0) file:/home/runner/work/ozone/ozone/hadoop-ozone/integration-test/target/test-dir/MiniOzoneClusterImpl-35320b25-8391-4d91-bc43-1aeffe704654/datanode-0/data/ratis/26845308-c60e-4638-aa38-67460d34cea8/sm/snapshot.1_0 took: 6 ms
2022-02-20 11:33:39,733 [Listener at 127.0.0.1/34313] INFO  server.RaftServer$Division (ServerState.java:close(419)) - 8ab36e9f-68be-4dfb-8773-5c952908b11c@group-556ECA2ED168: closes. applyIndex: 0
2022-02-20 11:33:39,733 [8ab36e9f-68be-4dfb-8773-5c952908b11c@group-556ECA2ED168-SegmentedRaftLogWorker] INFO  segmented.SegmentedRaftLogWorker (SegmentedRaftLogWorker.java:run(327)) - 8ab36e9f-68be-4dfb-8773-5c952908b11c@group-556ECA2ED168-SegmentedRaftLogWorker was interrupted, exiting. There are 0 tasks remaining in the queue.
2022-02-20 11:33:39,733 [9e38299b-d888-4111-a9fe-1064c77c0439@group-67460D34CEA8-StateMachineUpdater] INFO  impl.StateMachineUpdater (StateMachineUpdater.java:takeSnapshot(281)) - 9e38299b-d888-4111-a9fe-1064c77c0439@group-67460D34CEA8-StateMachineUpdater: Took a snapshot at index 0
2022-02-20 11:33:39,733 [9e38299b-d888-4111-a9fe-1064c77c0439@group-67460D34CEA8-StateMachineUpdater] INFO  impl.StateMachineUpdater (StateMachineUpdater.java:lambda$new$0(89)) - 9e38299b-d888-4111-a9fe-1064c77c0439@group-67460D34CEA8-StateMachineUpdater: snapshotIndex: updateIncreasingly -1 -> 0
2022-02-20 11:33:39,734 [ForkJoinPool.commonPool-worker-0] INFO  server.RaftServer$Division (ServerState.java:close(419)) - 9e38299b-d888-4111-a9fe-1064c77c0439@group-67460D34CEA8: closes. applyIndex: 0
2022-02-20 11:33:39,734 [Listener at 127.0.0.1/34313] INFO  segmented.SegmentedRaftLogWorker (SegmentedRaftLogWorker.java:close(237)) - 8ab36e9f-68be-4dfb-8773-5c952908b11c@group-556ECA2ED168-SegmentedRaftLogWorker close()
2022-02-20 11:33:39,735 [Listener at 127.0.0.1/34313] INFO  server.GrpcService (GrpcService.java:closeImpl(262)) - 8ab36e9f-68be-4dfb-8773-5c952908b11c: shutdown server with port 45831 now
2022-02-20 11:33:39,738 [grpc-default-executor-0] WARN  server.GrpcServerProtocolService (LogUtils.java:warn(122)) - 8ab36e9f-68be-4dfb-8773-5c952908b11c: installSnapshot onError, lastRequest: 9e38299b-d888-4111-a9fe-1064c77c0439->8ab36e9f-68be-4dfb-8773-5c952908b11c#344-t1,previous=(t:1, i:26),leaderCommit=26,initializing? true,entries: size=1, first=(t:1, i:27), METADATAENTRY(c:26): org.apache.ratis.thirdparty.io.grpc.StatusRuntimeException: CANCELLED: client cancelled
2022-02-20 11:33:39,738 [grpc-default-executor-2] WARN  server.GrpcLogAppender (LogUtils.java:warn(122)) - 9e38299b-d888-4111-a9fe-1064c77c0439@group-C5C00BFCD4D9->8ab36e9f-68be-4dfb-8773-5c952908b11c-AppendLogResponseHandler: Failed appendEntries: org.apache.ratis.thirdparty.io.grpc.StatusRuntimeException: CANCELLED: HTTP/2 error code: CANCEL
Received Rst Stream
2022-02-20 11:33:39,738 [grpc-default-executor-2] INFO  leader.FollowerInfo (FollowerInfoImpl.java:lambda$new$0(47)) - 9e38299b-d888-4111-a9fe-1064c77c0439@group-C5C00BFCD4D9->8ab36e9f-68be-4dfb-8773-5c952908b11c: nextIndex: updateUnconditionally 28 -> 27
2022-02-20 11:33:39,740 [9e38299b-d888-4111-a9fe-1064c77c0439@group-67460D34CEA8-SegmentedRaftLogWorker] INFO  segmented.SegmentedRaftLogWorker (SegmentedRaftLogWorker.java:run(327)) - 9e38299b-d888-4111-a9fe-1064c77c0439@group-67460D34CEA8-SegmentedRaftLogWorker was interrupted, exiting. There are 0 tasks remaining in the queue.
2022-02-20 11:33:39,740 [ForkJoinPool.commonPool-worker-0] INFO  segmented.SegmentedRaftLogWorker (SegmentedRaftLogWorker.java:close(237)) - 9e38299b-d888-4111-a9fe-1064c77c0439@group-67460D34CEA8-SegmentedRaftLogWorker close()
2022-02-20 11:33:39,741 [ForkJoinPool.commonPool-worker-0] INFO  server.RaftServer$Division (RaftServerImpl.java:lambda$close$4(412)) - 9e38299b-d888-4111-a9fe-1064c77c0439@group-C5C00BFCD4D9: shutdown
2022-02-20 11:33:39,741 [ForkJoinPool.commonPool-worker-0] INFO  util.JmxRegister (JmxRegister.java:unregister(73)) - Successfully un-registered JMX Bean with object name Ratis:service=RaftServer,group=group-C5C00BFCD4D9,id=9e38299b-d888-4111-a9fe-1064c77c0439
2022-02-20 11:33:39,741 [ForkJoinPool.commonPool-worker-0] INFO  impl.RoleInfo (RoleInfo.java:shutdownLeaderState(91)) - 9e38299b-d888-4111-a9fe-1064c77c0439: shutdown 9e38299b-d888-4111-a9fe-1064c77c0439@group-C5C00BFCD4D9-LeaderStateImpl
2022-02-20 11:33:39,741 [ForkJoinPool.commonPool-worker-0] INFO  impl.PendingRequests (PendingRequests.java:sendNotLeaderResponses(282)) - 9e38299b-d888-4111-a9fe-1064c77c0439@group-C5C00BFCD4D9-PendingRequests: sendNotLeaderResponses
2022-02-20 11:33:39,742 [9e38299b-d888-4111-a9fe-1064c77c0439@group-C5C00BFCD4D9->8ab36e9f-68be-4dfb-8773-5c952908b11c-GrpcLogAppender-LogAppenderDaemon] WARN  server.GrpcLogAppender (GrpcLogAppender.java:mayWait(177)) - 9e38299b-d888-4111-a9fe-1064c77c0439@group-C5C00BFCD4D9->8ab36e9f-68be-4dfb-8773-5c952908b11c-GrpcLogAppender: Wait interrupted by java.lang.InterruptedException
2022-02-20 11:33:39,742 [9e38299b-d888-4111-a9fe-1064c77c0439@group-C5C00BFCD4D9->51457756-efc1-4f69-a8e1-a5f06e10f3ec-GrpcLogAppender-LogAppenderDaemon] WARN  server.GrpcLogAppender (GrpcLogAppender.java:mayWait(177)) - 9e38299b-d888-4111-a9fe-1064c77c0439@group-C5C00BFCD4D9->51457756-efc1-4f69-a8e1-a5f06e10f3ec-GrpcLogAppender: Wait interrupted by java.lang.InterruptedException
2022-02-20 11:33:39,745 [9e38299b-d888-4111-a9fe-1064c77c0439@group-C5C00BFCD4D9-StateMachineUpdater] INFO  ratis.ContainerStateMachine (ContainerStateMachine.java:takeSnapshot(304)) - group-C5C00BFCD4D9: Taking a snapshot at:(t:1, i:27) file /home/runner/work/ozone/ozone/hadoop-ozone/integration-test/target/test-dir/MiniOzoneClusterImpl-35320b25-8391-4d91-bc43-1aeffe704654/datanode-0/data/ratis/fc9bec6b-4603-4bd7-b0ea-c5c00bfcd4d9/sm/snapshot.1_27
2022-02-20 11:33:39,745 [ForkJoinPool.commonPool-worker-0] INFO  impl.StateMachineUpdater (StateMachineUpdater.java:stopAndJoin(149)) - 9e38299b-d888-4111-a9fe-1064c77c0439@group-C5C00BFCD4D9-StateMachineUpdater: set stopIndex = 27
2022-02-20 11:33:39,745 [grpc-default-executor-0] INFO  server.GrpcLogAppender (GrpcLogAppender.java:onError(335)) - 9e38299b-d888-4111-a9fe-1064c77c0439@group-C5C00BFCD4D9->8ab36e9f-68be-4dfb-8773-5c952908b11c-GrpcLogAppender is stopped
2022-02-20 11:33:39,746 [9e38299b-d888-4111-a9fe-1064c77c0439@group-C5C00BFCD4D9-StateMachineUpdater] INFO  ratis.ContainerStateMachine (ContainerStateMachine.java:takeSnapshot(315)) - group-C5C00BFCD4D9: Finished taking a snapshot at:(t:1, i:27) file:/home/runner/work/ozone/ozone/hadoop-ozone/integration-test/target/test-dir/MiniOzoneClusterImpl-35320b25-8391-4d91-bc43-1aeffe704654/datanode-0/data/ratis/fc9bec6b-4603-4bd7-b0ea-c5c00bfcd4d9/sm/snapshot.1_27 took: 1 ms
2022-02-20 11:33:39,746 [9e38299b-d888-4111-a9fe-1064c77c0439@group-C5C00BFCD4D9-StateMachineUpdater] INFO  impl.StateMachineUpdater (StateMachineUpdater.java:takeSnapshot(281)) - 9e38299b-d888-4111-a9fe-1064c77c0439@group-C5C00BFCD4D9-StateMachineUpdater: Took a snapshot at index 27
2022-02-20 11:33:39,746 [9e38299b-d888-4111-a9fe-1064c77c0439@group-C5C00BFCD4D9-StateMachineUpdater] INFO  impl.StateMachineUpdater (StateMachineUpdater.java:lambda$new$0(89)) - 9e38299b-d888-4111-a9fe-1064c77c0439@group-C5C00BFCD4D9-StateMachineUpdater: snapshotIndex: updateIncreasingly -1 -> 27
2022-02-20 11:33:39,747 [ForkJoinPool.commonPool-worker-0] INFO  server.RaftServer$Division (ServerState.java:close(419)) - 9e38299b-d888-4111-a9fe-1064c77c0439@group-C5C00BFCD4D9: closes. applyIndex: 27
2022-02-20 11:33:39,747 [9e38299b-d888-4111-a9fe-1064c77c0439@group-C5C00BFCD4D9-SegmentedRaftLogWorker] INFO  segmented.SegmentedRaftLogWorker (SegmentedRaftLogWorker.java:run(327)) - 9e38299b-d888-4111-a9fe-1064c77c0439@group-C5C00BFCD4D9-SegmentedRaftLogWorker was interrupted, exiting. There are 0 tasks remaining in the queue.
2022-02-20 11:33:39,747 [grpc-default-executor-0] INFO  server.GrpcServerProtocolService (GrpcServerProtocolService.java:onCompleted(140)) - 51457756-efc1-4f69-a8e1-a5f06e10f3ec: Completed APPEND_ENTRIES, lastRequest: 9e38299b-d888-4111-a9fe-1064c77c0439->51457756-efc1-4f69-a8e1-a5f06e10f3ec#268-t1,previous=(t:1, i:26),leaderCommit=26,initializing? true,entries: size=1, first=(t:1, i:27), METADATAENTRY(c:26)
2022-02-20 11:33:39,749 [grpc-default-executor-0] INFO  server.GrpcLogAppender (GrpcLogAppender.java:onCompleted(346)) - 9e38299b-d888-4111-a9fe-1064c77c0439@group-C5C00BFCD4D9->51457756-efc1-4f69-a8e1-a5f06e10f3ec-AppendLogResponseHandler: follower responses appendEntries COMPLETED
2022-02-20 11:33:39,749 [grpc-default-executor-0] INFO  leader.FollowerInfo (FollowerInfoImpl.java:lambda$new$0(47)) - 9e38299b-d888-4111-a9fe-1064c77c0439@group-C5C00BFCD4D9->51457756-efc1-4f69-a8e1-a5f06e10f3ec: nextIndex: updateUnconditionally 28 -> 27
2022-02-20 11:33:39,751 [ForkJoinPool.commonPool-worker-0] INFO  segmented.SegmentedRaftLogWorker (SegmentedRaftLogWorker.java:close(237)) - 9e38299b-d888-4111-a9fe-1064c77c0439@group-C5C00BFCD4D9-SegmentedRaftLogWorker close()
2022-02-20 11:33:39,753 [ForkJoinPool.commonPool-worker-0] INFO  server.GrpcService (GrpcService.java:closeImpl(262)) - 9e38299b-d888-4111-a9fe-1064c77c0439: shutdown server with port 37023 now
2022-02-20 11:33:39,754 [grpc-default-executor-4] WARN  client.GrpcClientProtocolService (LogUtils.java:warn(122)) - 1-UnorderedRequestStreamObserver1: onError: org.apache.ratis.thirdparty.io.grpc.StatusRuntimeException: CANCELLED: client cancelled
2022-02-20 11:33:39,760 [Listener at 127.0.0.1/34313] INFO  server.GrpcService (GrpcService.java:closeImpl(271)) - 8ab36e9f-68be-4dfb-8773-5c952908b11c: shutdown server with port 45831 successfully
2022-02-20 11:33:39,760 [org.apache.ratis.util.JvmPauseMonitor$$Lambda$421/295700833@6789885b] INFO  util.JvmPauseMonitor (JvmPauseMonitor.java:run(109)) - JvmPauseMonitor-8ab36e9f-68be-4dfb-8773-5c952908b11c: Stopped
2022-02-20 11:33:39,777 [ForkJoinPool.commonPool-worker-0] INFO  server.GrpcService (GrpcService.java:closeImpl(271)) - 9e38299b-d888-4111-a9fe-1064c77c0439: shutdown server with port 37023 successfully
2022-02-20 11:33:39,777 [org.apache.ratis.util.JvmPauseMonitor$$Lambda$421/295700833@531bb44f] INFO  util.JvmPauseMonitor (JvmPauseMonitor.java:run(109)) - JvmPauseMonitor-9e38299b-d888-4111-a9fe-1064c77c0439: Stopped
2022-02-20 11:33:41,774 [Listener at 127.0.0.1/34313] INFO  utils.BackgroundService (BackgroundService.java:shutdown(132)) - Shutting down service BlockDeletingService
2022-02-20 11:33:41,803 [ForkJoinPool.commonPool-worker-0] INFO  utils.BackgroundService (BackgroundService.java:shutdown(132)) - Shutting down service BlockDeletingService
2022-02-20 11:33:42,874 [51457756-efc1-4f69-a8e1-a5f06e10f3ec@group-9D528AD3D8B2-FollowerState] INFO  impl.FollowerState (FollowerState.java:run(134)) - 51457756-efc1-4f69-a8e1-a5f06e10f3ec@group-9D528AD3D8B2-FollowerState: change to CANDIDATE, lastRpcElapsedTime:5171985419ns, electionTimeout:5141ms
2022-02-20 11:33:42,874 [51457756-efc1-4f69-a8e1-a5f06e10f3ec@group-9D528AD3D8B2-FollowerState] INFO  impl.RoleInfo (RoleInfo.java:shutdownFollowerState(108)) - 51457756-efc1-4f69-a8e1-a5f06e10f3ec: shutdown 51457756-efc1-4f69-a8e1-a5f06e10f3ec@group-9D528AD3D8B2-FollowerState
2022-02-20 11:33:42,874 [51457756-efc1-4f69-a8e1-a5f06e10f3ec@group-9D528AD3D8B2-FollowerState] INFO  server.RaftServer$Division (RaftServerImpl.java:setRole(290)) - 51457756-efc1-4f69-a8e1-a5f06e10f3ec@group-9D528AD3D8B2: changes role from  FOLLOWER to CANDIDATE at term 4 for changeToCandidate
2022-02-20 11:33:42,874 [51457756-efc1-4f69-a8e1-a5f06e10f3ec@group-9D528AD3D8B2-FollowerState] INFO  server.RaftServerConfigKeys (ConfUtils.java:logGet(44)) - raft.server.leaderelection.pre-vote = false (custom)
2022-02-20 11:33:42,874 [51457756-efc1-4f69-a8e1-a5f06e10f3ec@group-9D528AD3D8B2-FollowerState] INFO  impl.RoleInfo (RoleInfo.java:updateAndGet(130)) - 51457756-efc1-4f69-a8e1-a5f06e10f3ec: start 51457756-efc1-4f69-a8e1-a5f06e10f3ec@group-9D528AD3D8B2-LeaderElection31
2022-02-20 11:33:42,893 [51457756-efc1-4f69-a8e1-a5f06e10f3ec@group-9D528AD3D8B2-LeaderElection31] INFO  impl.LeaderElection (LeaderElection.java:askForVotes(306)) - 51457756-efc1-4f69-a8e1-a5f06e10f3ec@group-9D528AD3D8B2-LeaderElection31 ELECTION round 0: submit vote requests at term 5 for -1: [8ab36e9f-68be-4dfb-8773-5c952908b11c|rpc:10.1.0.4:45831|dataStream:|priority:0, 51457756-efc1-4f69-a8e1-a5f06e10f3ec|rpc:10.1.0.4:32965|dataStream:|priority:1, 9e38299b-d888-4111-a9fe-1064c77c0439|rpc:10.1.0.4:37023|dataStream:|priority:0], old=null
2022-02-20 11:33:42,936 [51457756-efc1-4f69-a8e1-a5f06e10f3ec@group-9D528AD3D8B2-LeaderElection31] INFO  impl.LeaderElection (LogUtils.java:infoOrTrace(137)) - 51457756-efc1-4f69-a8e1-a5f06e10f3ec@group-9D528AD3D8B2-LeaderElection31 got exception when requesting votes: java.util.concurrent.ExecutionException: org.apache.ratis.thirdparty.io.grpc.StatusRuntimeException: UNAVAILABLE: io exception
2022-02-20 11:33:42,958 [51457756-efc1-4f69-a8e1-a5f06e10f3ec@group-9D528AD3D8B2-LeaderElection31] INFO  impl.LeaderElection (LogUtils.java:infoOrTrace(137)) - 51457756-efc1-4f69-a8e1-a5f06e10f3ec@group-9D528AD3D8B2-LeaderElection31 got exception when requesting votes: java.util.concurrent.ExecutionException: org.apache.ratis.thirdparty.io.grpc.StatusRuntimeException: UNAVAILABLE: io exception
2022-02-20 11:33:42,958 [51457756-efc1-4f69-a8e1-a5f06e10f3ec@group-9D528AD3D8B2-LeaderElection31] INFO  impl.LeaderElection (LeaderElection.java:logAndReturn(89)) - 51457756-efc1-4f69-a8e1-a5f06e10f3ec@group-9D528AD3D8B2-LeaderElection31: ELECTION REJECTED received 0 response(s) and 2 exception(s):
2022-02-20 11:33:42,958 [51457756-efc1-4f69-a8e1-a5f06e10f3ec@group-9D528AD3D8B2-LeaderElection31] INFO  impl.LeaderElection (LogUtils.java:infoOrTrace(137)) -   Exception 0: java.util.concurrent.ExecutionException: org.apache.ratis.thirdparty.io.grpc.StatusRuntimeException: UNAVAILABLE: io exception
2022-02-20 11:33:42,958 [51457756-efc1-4f69-a8e1-a5f06e10f3ec@group-9D528AD3D8B2-LeaderElection31] INFO  impl.LeaderElection (LogUtils.java:infoOrTrace(137)) -   Exception 1: java.util.concurrent.ExecutionException: org.apache.ratis.thirdparty.io.grpc.StatusRuntimeException: UNAVAILABLE: io exception
2022-02-20 11:33:42,958 [51457756-efc1-4f69-a8e1-a5f06e10f3ec@group-9D528AD3D8B2-LeaderElection31] INFO  impl.LeaderElection (LeaderElection.java:askForVotes(308)) - 51457756-efc1-4f69-a8e1-a5f06e10f3ec@group-9D528AD3D8B2-LeaderElection31 ELECTION round 0: result REJECTED
2022-02-20 11:33:42,958 [51457756-efc1-4f69-a8e1-a5f06e10f3ec@group-9D528AD3D8B2-LeaderElection31] INFO  server.RaftServer$Division (RaftServerImpl.java:setRole(290)) - 51457756-efc1-4f69-a8e1-a5f06e10f3ec@group-9D528AD3D8B2: changes role from CANDIDATE to FOLLOWER at term 5 for REJECTED
2022-02-20 11:33:42,958 [51457756-efc1-4f69-a8e1-a5f06e10f3ec@group-9D528AD3D8B2-LeaderElection31] INFO  impl.RoleInfo (RoleInfo.java:shutdownLeaderElection(121)) - 51457756-efc1-4f69-a8e1-a5f06e10f3ec: shutdown 51457756-efc1-4f69-a8e1-a5f06e10f3ec@group-9D528AD3D8B2-LeaderElection31
2022-02-20 11:33:42,958 [51457756-efc1-4f69-a8e1-a5f06e10f3ec@group-9D528AD3D8B2-LeaderElection31] INFO  impl.RoleInfo (RoleInfo.java:updateAndGet(130)) - 51457756-efc1-4f69-a8e1-a5f06e10f3ec: start 51457756-efc1-4f69-a8e1-a5f06e10f3ec@group-9D528AD3D8B2-FollowerState
2022-02-20 11:33:44,794 [Listener at 127.0.0.1/34313] INFO  statemachine.DatanodeStateMachine (DatanodeStateMachine.java:stopDaemon(529)) - Ozone container server stopped.
2022-02-20 11:33:44,796 [Listener at 127.0.0.1/34313] INFO  handler.ContextHandler (ContextHandler.java:doStop(1153)) - Stopped o.e.j.w.WebAppContext@6a49bf51{hddsDatanode,/,null,STOPPED}{jar:file:/home/runner/.m2/repository/org/apache/ozone/hdds-container-service/1.3.0-SNAPSHOT/hdds-container-service-1.3.0-SNAPSHOT.jar!/webapps/hddsDatanode}
2022-02-20 11:33:44,798 [Listener at 127.0.0.1/34313] INFO  server.AbstractConnector (AbstractConnector.java:doStop(381)) - Stopped ServerConnector@e661ee5{HTTP/1.1, (http/1.1)}{0.0.0.0:0}
2022-02-20 11:33:44,798 [Listener at 127.0.0.1/34313] INFO  server.session (HouseKeeper.java:stopScavenging(149)) - node0 Stopped scavenging
2022-02-20 11:33:44,798 [Listener at 127.0.0.1/34313] INFO  handler.ContextHandler (ContextHandler.java:doStop(1153)) - Stopped o.e.j.s.ServletContextHandler@7d3a52aa{static,/static,jar:file:/home/runner/.m2/repository/org/apache/ozone/hdds-container-service/1.3.0-SNAPSHOT/hdds-container-service-1.3.0-SNAPSHOT.jar!/webapps/static,STOPPED}
2022-02-20 11:33:44,798 [Listener at 127.0.0.1/34313] INFO  handler.ContextHandler (ContextHandler.java:doStop(1153)) - Stopped o.e.j.s.ServletContextHandler@4b6cb496{logs,/logs,file:///home/runner/work/ozone/ozone/hadoop-ozone/integration-test/target/log,STOPPED}
2022-02-20 11:33:44,825 [ForkJoinPool.commonPool-worker-0] INFO  statemachine.DatanodeStateMachine (DatanodeStateMachine.java:stopDaemon(529)) - Ozone container server stopped.
2022-02-20 11:33:44,832 [ForkJoinPool.commonPool-worker-0] INFO  handler.ContextHandler (ContextHandler.java:doStop(1153)) - Stopped o.e.j.w.WebAppContext@5ff6431a{hddsDatanode,/,null,STOPPED}{jar:file:/home/runner/.m2/repository/org/apache/ozone/hdds-container-service/1.3.0-SNAPSHOT/hdds-container-service-1.3.0-SNAPSHOT.jar!/webapps/hddsDatanode}
2022-02-20 11:33:44,833 [ForkJoinPool.commonPool-worker-0] INFO  server.AbstractConnector (AbstractConnector.java:doStop(381)) - Stopped ServerConnector@5c806f1d{HTTP/1.1, (http/1.1)}{0.0.0.0:0}
2022-02-20 11:33:44,833 [ForkJoinPool.commonPool-worker-0] INFO  server.session (HouseKeeper.java:stopScavenging(149)) - node0 Stopped scavenging
2022-02-20 11:33:44,837 [ForkJoinPool.commonPool-worker-0] INFO  handler.ContextHandler (ContextHandler.java:doStop(1153)) - Stopped o.e.j.s.ServletContextHandler@65377a33{static,/static,jar:file:/home/runner/.m2/repository/org/apache/ozone/hdds-container-service/1.3.0-SNAPSHOT/hdds-container-service-1.3.0-SNAPSHOT.jar!/webapps/static,STOPPED}
2022-02-20 11:33:44,840 [ForkJoinPool.commonPool-worker-0] INFO  handler.ContextHandler (ContextHandler.java:doStop(1153)) - Stopped o.e.j.s.ServletContextHandler@41756187{logs,/logs,file:///home/runner/work/ozone/ozone/hadoop-ozone/integration-test/target/log,STOPPED}
2022-02-20 11:33:47,553 [51457756-efc1-4f69-a8e1-a5f06e10f3ec@group-C5C00BFCD4D9-FollowerState] INFO  impl.FollowerState (FollowerState.java:run(134)) - 51457756-efc1-4f69-a8e1-a5f06e10f3ec@group-C5C00BFCD4D9-FollowerState: change to CANDIDATE, lastRpcElapsedTime:9468401937ns, electionTimeout:5040ms
2022-02-20 11:33:47,554 [51457756-efc1-4f69-a8e1-a5f06e10f3ec@group-C5C00BFCD4D9-FollowerState] INFO  impl.RoleInfo (RoleInfo.java:shutdownFollowerState(108)) - 51457756-efc1-4f69-a8e1-a5f06e10f3ec: shutdown 51457756-efc1-4f69-a8e1-a5f06e10f3ec@group-C5C00BFCD4D9-FollowerState
2022-02-20 11:33:47,554 [51457756-efc1-4f69-a8e1-a5f06e10f3ec@group-C5C00BFCD4D9-FollowerState] INFO  server.RaftServer$Division (RaftServerImpl.java:setRole(290)) - 51457756-efc1-4f69-a8e1-a5f06e10f3ec@group-C5C00BFCD4D9: changes role from  FOLLOWER to CANDIDATE at term 1 for changeToCandidate
2022-02-20 11:33:47,554 [51457756-efc1-4f69-a8e1-a5f06e10f3ec@group-C5C00BFCD4D9-FollowerState] INFO  server.RaftServerConfigKeys (ConfUtils.java:logGet(44)) - raft.server.leaderelection.pre-vote = false (custom)
2022-02-20 11:33:47,554 [51457756-efc1-4f69-a8e1-a5f06e10f3ec@group-C5C00BFCD4D9-FollowerState] INFO  impl.RoleInfo (RoleInfo.java:updateAndGet(130)) - 51457756-efc1-4f69-a8e1-a5f06e10f3ec: start 51457756-efc1-4f69-a8e1-a5f06e10f3ec@group-C5C00BFCD4D9-LeaderElection32
2022-02-20 11:33:47,555 [51457756-efc1-4f69-a8e1-a5f06e10f3ec@group-C5C00BFCD4D9-LeaderElection32] INFO  server.RaftServer$Division (ServerState.java:setLeader(285)) - 51457756-efc1-4f69-a8e1-a5f06e10f3ec@group-C5C00BFCD4D9: change Leader from 9e38299b-d888-4111-a9fe-1064c77c0439 to null at term 1 for ELECTION
2022-02-20 11:33:47,559 [51457756-efc1-4f69-a8e1-a5f06e10f3ec@group-C5C00BFCD4D9-LeaderElection32] INFO  impl.LeaderElection (LeaderElection.java:askForVotes(306)) - 51457756-efc1-4f69-a8e1-a5f06e10f3ec@group-C5C00BFCD4D9-LeaderElection32 ELECTION round 0: submit vote requests at term 2 for 0: [8ab36e9f-68be-4dfb-8773-5c952908b11c|rpc:10.1.0.4:45831|dataStream:|priority:0, 51457756-efc1-4f69-a8e1-a5f06e10f3ec|rpc:10.1.0.4:32965|dataStream:|priority:0, 9e38299b-d888-4111-a9fe-1064c77c0439|rpc:10.1.0.4:37023|dataStream:|priority:1], old=null
2022-02-20 11:33:47,562 [51457756-efc1-4f69-a8e1-a5f06e10f3ec@group-C5C00BFCD4D9-LeaderElection32] INFO  impl.LeaderElection (LogUtils.java:infoOrTrace(137)) - 51457756-efc1-4f69-a8e1-a5f06e10f3ec@group-C5C00BFCD4D9-LeaderElection32 got exception when requesting votes: java.util.concurrent.ExecutionException: org.apache.ratis.thirdparty.io.grpc.StatusRuntimeException: UNAVAILABLE: io exception
2022-02-20 11:33:47,562 [51457756-efc1-4f69-a8e1-a5f06e10f3ec@group-C5C00BFCD4D9-LeaderElection32] INFO  impl.LeaderElection (LogUtils.java:infoOrTrace(137)) - 51457756-efc1-4f69-a8e1-a5f06e10f3ec@group-C5C00BFCD4D9-LeaderElection32 got exception when requesting votes: java.util.concurrent.ExecutionException: org.apache.ratis.thirdparty.io.grpc.StatusRuntimeException: UNAVAILABLE: io exception
2022-02-20 11:33:47,562 [51457756-efc1-4f69-a8e1-a5f06e10f3ec@group-C5C00BFCD4D9-LeaderElection32] INFO  impl.LeaderElection (LeaderElection.java:logAndReturn(89)) - 51457756-efc1-4f69-a8e1-a5f06e10f3ec@group-C5C00BFCD4D9-LeaderElection32: ELECTION REJECTED received 0 response(s) and 2 exception(s):
2022-02-20 11:33:47,562 [51457756-efc1-4f69-a8e1-a5f06e10f3ec@group-C5C00BFCD4D9-LeaderElection32] INFO  impl.LeaderElection (LogUtils.java:infoOrTrace(137)) -   Exception 0: java.util.concurrent.ExecutionException: org.apache.ratis.thirdparty.io.grpc.StatusRuntimeException: UNAVAILABLE: io exception
2022-02-20 11:33:47,562 [51457756-efc1-4f69-a8e1-a5f06e10f3ec@group-C5C00BFCD4D9-LeaderElection32] INFO  impl.LeaderElection (LogUtils.java:infoOrTrace(137)) -   Exception 1: java.util.concurrent.ExecutionException: org.apache.ratis.thirdparty.io.grpc.StatusRuntimeException: UNAVAILABLE: io exception
2022-02-20 11:33:47,562 [51457756-efc1-4f69-a8e1-a5f06e10f3ec@group-C5C00BFCD4D9-LeaderElection32] INFO  impl.LeaderElection (LeaderElection.java:askForVotes(308)) - 51457756-efc1-4f69-a8e1-a5f06e10f3ec@group-C5C00BFCD4D9-LeaderElection32 ELECTION round 0: result REJECTED
2022-02-20 11:33:47,563 [51457756-efc1-4f69-a8e1-a5f06e10f3ec@group-C5C00BFCD4D9-LeaderElection32] INFO  server.RaftServer$Division (RaftServerImpl.java:setRole(290)) - 51457756-efc1-4f69-a8e1-a5f06e10f3ec@group-C5C00BFCD4D9: changes role from CANDIDATE to FOLLOWER at term 2 for REJECTED
2022-02-20 11:33:47,563 [51457756-efc1-4f69-a8e1-a5f06e10f3ec@group-C5C00BFCD4D9-LeaderElection32] INFO  impl.RoleInfo (RoleInfo.java:shutdownLeaderElection(121)) - 51457756-efc1-4f69-a8e1-a5f06e10f3ec: shutdown 51457756-efc1-4f69-a8e1-a5f06e10f3ec@group-C5C00BFCD4D9-LeaderElection32
2022-02-20 11:33:47,563 [51457756-efc1-4f69-a8e1-a5f06e10f3ec@group-C5C00BFCD4D9-LeaderElection32] INFO  impl.RoleInfo (RoleInfo.java:updateAndGet(130)) - 51457756-efc1-4f69-a8e1-a5f06e10f3ec: start 51457756-efc1-4f69-a8e1-a5f06e10f3ec@group-C5C00BFCD4D9-FollowerState
2022-02-20 11:33:48,103 [51457756-efc1-4f69-a8e1-a5f06e10f3ec@group-9D528AD3D8B2-FollowerState] INFO  impl.FollowerState (FollowerState.java:run(134)) - 51457756-efc1-4f69-a8e1-a5f06e10f3ec@group-9D528AD3D8B2-FollowerState: change to CANDIDATE, lastRpcElapsedTime:5144977548ns, electionTimeout:5144ms
2022-02-20 11:33:48,104 [51457756-efc1-4f69-a8e1-a5f06e10f3ec@group-9D528AD3D8B2-FollowerState] INFO  impl.RoleInfo (RoleInfo.java:shutdownFollowerState(108)) - 51457756-efc1-4f69-a8e1-a5f06e10f3ec: shutdown 51457756-efc1-4f69-a8e1-a5f06e10f3ec@group-9D528AD3D8B2-FollowerState
2022-02-20 11:33:48,104 [51457756-efc1-4f69-a8e1-a5f06e10f3ec@group-9D528AD3D8B2-FollowerState] INFO  server.RaftServer$Division (RaftServerImpl.java:setRole(290)) - 51457756-efc1-4f69-a8e1-a5f06e10f3ec@group-9D528AD3D8B2: changes role from  FOLLOWER to CANDIDATE at term 5 for changeToCandidate
2022-02-20 11:33:48,105 [51457756-efc1-4f69-a8e1-a5f06e10f3ec@group-9D528AD3D8B2-FollowerState] INFO  server.RaftServerConfigKeys (ConfUtils.java:logGet(44)) - raft.server.leaderelection.pre-vote = false (custom)
2022-02-20 11:33:48,105 [51457756-efc1-4f69-a8e1-a5f06e10f3ec@group-9D528AD3D8B2-FollowerState] INFO  impl.RoleInfo (RoleInfo.java:updateAndGet(130)) - 51457756-efc1-4f69-a8e1-a5f06e10f3ec: start 51457756-efc1-4f69-a8e1-a5f06e10f3ec@group-9D528AD3D8B2-LeaderElection33
2022-02-20 11:33:48,117 [51457756-efc1-4f69-a8e1-a5f06e10f3ec@group-9D528AD3D8B2-LeaderElection33] INFO  impl.LeaderElection (LeaderElection.java:askForVotes(306)) - 51457756-efc1-4f69-a8e1-a5f06e10f3ec@group-9D528AD3D8B2-LeaderElection33 ELECTION round 0: submit vote requests at term 6 for -1: [8ab36e9f-68be-4dfb-8773-5c952908b11c|rpc:10.1.0.4:45831|dataStream:|priority:0, 51457756-efc1-4f69-a8e1-a5f06e10f3ec|rpc:10.1.0.4:32965|dataStream:|priority:1, 9e38299b-d888-4111-a9fe-1064c77c0439|rpc:10.1.0.4:37023|dataStream:|priority:0], old=null
2022-02-20 11:33:48,118 [51457756-efc1-4f69-a8e1-a5f06e10f3ec@group-9D528AD3D8B2-LeaderElection33] INFO  impl.LeaderElection (LogUtils.java:infoOrTrace(137)) - 51457756-efc1-4f69-a8e1-a5f06e10f3ec@group-9D528AD3D8B2-LeaderElection33 got exception when requesting votes: java.util.concurrent.ExecutionException: org.apache.ratis.thirdparty.io.grpc.StatusRuntimeException: UNAVAILABLE: io exception
2022-02-20 11:33:48,119 [51457756-efc1-4f69-a8e1-a5f06e10f3ec@group-9D528AD3D8B2-LeaderElection33] INFO  impl.LeaderElection (LogUtils.java:infoOrTrace(137)) - 51457756-efc1-4f69-a8e1-a5f06e10f3ec@group-9D528AD3D8B2-LeaderElection33 got exception when requesting votes: java.util.concurrent.ExecutionException: org.apache.ratis.thirdparty.io.grpc.StatusRuntimeException: UNAVAILABLE: io exception
2022-02-20 11:33:48,119 [51457756-efc1-4f69-a8e1-a5f06e10f3ec@group-9D528AD3D8B2-LeaderElection33] INFO  impl.LeaderElection (LeaderElection.java:logAndReturn(89)) - 51457756-efc1-4f69-a8e1-a5f06e10f3ec@group-9D528AD3D8B2-LeaderElection33: ELECTION REJECTED received 0 response(s) and 2 exception(s):
2022-02-20 11:33:48,119 [51457756-efc1-4f69-a8e1-a5f06e10f3ec@group-9D528AD3D8B2-LeaderElection33] INFO  impl.LeaderElection (LogUtils.java:infoOrTrace(137)) -   Exception 0: java.util.concurrent.ExecutionException: org.apache.ratis.thirdparty.io.grpc.StatusRuntimeException: UNAVAILABLE: io exception
2022-02-20 11:33:48,119 [51457756-efc1-4f69-a8e1-a5f06e10f3ec@group-9D528AD3D8B2-LeaderElection33] INFO  impl.LeaderElection (LogUtils.java:infoOrTrace(137)) -   Exception 1: java.util.concurrent.ExecutionException: org.apache.ratis.thirdparty.io.grpc.StatusRuntimeException: UNAVAILABLE: io exception
2022-02-20 11:33:48,119 [51457756-efc1-4f69-a8e1-a5f06e10f3ec@group-9D528AD3D8B2-LeaderElection33] INFO  impl.LeaderElection (LeaderElection.java:askForVotes(308)) - 51457756-efc1-4f69-a8e1-a5f06e10f3ec@group-9D528AD3D8B2-LeaderElection33 ELECTION round 0: result REJECTED
2022-02-20 11:33:48,119 [51457756-efc1-4f69-a8e1-a5f06e10f3ec@group-9D528AD3D8B2-LeaderElection33] INFO  server.RaftServer$Division (RaftServerImpl.java:setRole(290)) - 51457756-efc1-4f69-a8e1-a5f06e10f3ec@group-9D528AD3D8B2: changes role from CANDIDATE to FOLLOWER at term 6 for REJECTED
2022-02-20 11:33:48,119 [51457756-efc1-4f69-a8e1-a5f06e10f3ec@group-9D528AD3D8B2-LeaderElection33] INFO  impl.RoleInfo (RoleInfo.java:shutdownLeaderElection(121)) - 51457756-efc1-4f69-a8e1-a5f06e10f3ec: shutdown 51457756-efc1-4f69-a8e1-a5f06e10f3ec@group-9D528AD3D8B2-LeaderElection33
2022-02-20 11:33:48,119 [51457756-efc1-4f69-a8e1-a5f06e10f3ec@group-9D528AD3D8B2-LeaderElection33] INFO  impl.RoleInfo (RoleInfo.java:updateAndGet(130)) - 51457756-efc1-4f69-a8e1-a5f06e10f3ec: start 51457756-efc1-4f69-a8e1-a5f06e10f3ec@group-9D528AD3D8B2-FollowerState
2022-02-20 11:33:49,800 [Listener at 127.0.0.1/34313] INFO  ozoneimpl.OzoneContainer (OzoneContainer.java:stop(351)) - Attempting to stop container services.
2022-02-20 11:33:49,810 [Listener at 127.0.0.1/34313] INFO  server.RaftServer (RaftServerProxy.java:lambda$close$6(391)) - 51457756-efc1-4f69-a8e1-a5f06e10f3ec: close
2022-02-20 11:33:49,814 [Listener at 127.0.0.1/34313] INFO  server.RaftServer$Division (RaftServerImpl.java:lambda$close$4(412)) - 51457756-efc1-4f69-a8e1-a5f06e10f3ec@group-9D528AD3D8B2: shutdown
2022-02-20 11:33:49,814 [Listener at 127.0.0.1/34313] INFO  util.JmxRegister (JmxRegister.java:unregister(73)) - Successfully un-registered JMX Bean with object name Ratis:service=RaftServer,group=group-9D528AD3D8B2,id=51457756-efc1-4f69-a8e1-a5f06e10f3ec
2022-02-20 11:33:49,814 [Listener at 127.0.0.1/34313] INFO  impl.RoleInfo (RoleInfo.java:shutdownFollowerState(108)) - 51457756-efc1-4f69-a8e1-a5f06e10f3ec: shutdown 51457756-efc1-4f69-a8e1-a5f06e10f3ec@group-9D528AD3D8B2-FollowerState
2022-02-20 11:33:49,814 [Listener at 127.0.0.1/34313] INFO  impl.StateMachineUpdater (StateMachineUpdater.java:stopAndJoin(149)) - 51457756-efc1-4f69-a8e1-a5f06e10f3ec@group-9D528AD3D8B2-StateMachineUpdater: set stopIndex = -1
2022-02-20 11:33:49,814 [Listener at 127.0.0.1/34313] INFO  server.RaftServer$Division (ServerState.java:close(419)) - 51457756-efc1-4f69-a8e1-a5f06e10f3ec@group-9D528AD3D8B2: closes. applyIndex: -1
2022-02-20 11:33:49,815 [51457756-efc1-4f69-a8e1-a5f06e10f3ec@group-9D528AD3D8B2-FollowerState] INFO  impl.FollowerState (FollowerState.java:run(143)) - 51457756-efc1-4f69-a8e1-a5f06e10f3ec@group-9D528AD3D8B2-FollowerState was interrupted: {}
java.lang.InterruptedException: sleep interrupted
	at java.lang.Thread.sleep(Native Method)
	at java.lang.Thread.sleep(Thread.java:342)
	at java.util.concurrent.TimeUnit.sleep(TimeUnit.java:386)
	at org.apache.ratis.util.TimeDuration.sleep(TimeDuration.java:324)
	at org.apache.ratis.util.TimeDuration.sleep(TimeDuration.java:309)
	at org.apache.ratis.server.impl.FollowerState.run(FollowerState.java:118)
2022-02-20 11:33:49,815 [51457756-efc1-4f69-a8e1-a5f06e10f3ec@group-9D528AD3D8B2-SegmentedRaftLogWorker] INFO  segmented.SegmentedRaftLogWorker (SegmentedRaftLogWorker.java:run(327)) - 51457756-efc1-4f69-a8e1-a5f06e10f3ec@group-9D528AD3D8B2-SegmentedRaftLogWorker was interrupted, exiting. There are 0 tasks remaining in the queue.
2022-02-20 11:33:49,816 [Listener at 127.0.0.1/34313] INFO  segmented.SegmentedRaftLogWorker (SegmentedRaftLogWorker.java:close(237)) - 51457756-efc1-4f69-a8e1-a5f06e10f3ec@group-9D528AD3D8B2-SegmentedRaftLogWorker close()
2022-02-20 11:33:49,817 [Listener at 127.0.0.1/34313] INFO  server.RaftServer$Division (RaftServerImpl.java:lambda$close$4(412)) - 51457756-efc1-4f69-a8e1-a5f06e10f3ec@group-C5C00BFCD4D9: shutdown
2022-02-20 11:33:49,818 [Listener at 127.0.0.1/34313] INFO  util.JmxRegister (JmxRegister.java:unregister(73)) - Successfully un-registered JMX Bean with object name Ratis:service=RaftServer,group=group-C5C00BFCD4D9,id=51457756-efc1-4f69-a8e1-a5f06e10f3ec
2022-02-20 11:33:49,818 [Listener at 127.0.0.1/34313] INFO  impl.RoleInfo (RoleInfo.java:shutdownFollowerState(108)) - 51457756-efc1-4f69-a8e1-a5f06e10f3ec: shutdown 51457756-efc1-4f69-a8e1-a5f06e10f3ec@group-C5C00BFCD4D9-FollowerState
2022-02-20 11:33:49,818 [Listener at 127.0.0.1/34313] INFO  impl.StateMachineUpdater (StateMachineUpdater.java:stopAndJoin(149)) - 51457756-efc1-4f69-a8e1-a5f06e10f3ec@group-C5C00BFCD4D9-StateMachineUpdater: set stopIndex = 27
2022-02-20 11:33:49,818 [51457756-efc1-4f69-a8e1-a5f06e10f3ec@group-C5C00BFCD4D9-StateMachineUpdater] INFO  ratis.ContainerStateMachine (ContainerStateMachine.java:takeSnapshot(304)) - group-C5C00BFCD4D9: Taking a snapshot at:(t:1, i:27) file /home/runner/work/ozone/ozone/hadoop-ozone/integration-test/target/test-dir/MiniOzoneClusterImpl-35320b25-8391-4d91-bc43-1aeffe704654/datanode-2/data/ratis/fc9bec6b-4603-4bd7-b0ea-c5c00bfcd4d9/sm/snapshot.1_27
2022-02-20 11:33:49,819 [51457756-efc1-4f69-a8e1-a5f06e10f3ec@group-C5C00BFCD4D9-FollowerState] INFO  impl.FollowerState (FollowerState.java:run(143)) - 51457756-efc1-4f69-a8e1-a5f06e10f3ec@group-C5C00BFCD4D9-FollowerState was interrupted: {}
java.lang.InterruptedException: sleep interrupted
	at java.lang.Thread.sleep(Native Method)
	at java.lang.Thread.sleep(Thread.java:342)
	at java.util.concurrent.TimeUnit.sleep(TimeUnit.java:386)
	at org.apache.ratis.util.TimeDuration.sleep(TimeDuration.java:324)
	at org.apache.ratis.util.TimeDuration.sleep(TimeDuration.java:309)
	at org.apache.ratis.server.impl.FollowerState.run(FollowerState.java:118)
2022-02-20 11:33:49,825 [51457756-efc1-4f69-a8e1-a5f06e10f3ec@group-C5C00BFCD4D9-StateMachineUpdater] INFO  ratis.ContainerStateMachine (ContainerStateMachine.java:takeSnapshot(315)) - group-C5C00BFCD4D9: Finished taking a snapshot at:(t:1, i:27) file:/home/runner/work/ozone/ozone/hadoop-ozone/integration-test/target/test-dir/MiniOzoneClusterImpl-35320b25-8391-4d91-bc43-1aeffe704654/datanode-2/data/ratis/fc9bec6b-4603-4bd7-b0ea-c5c00bfcd4d9/sm/snapshot.1_27 took: 7 ms
2022-02-20 11:33:49,826 [51457756-efc1-4f69-a8e1-a5f06e10f3ec@group-C5C00BFCD4D9-StateMachineUpdater] INFO  impl.StateMachineUpdater (StateMachineUpdater.java:takeSnapshot(281)) - 51457756-efc1-4f69-a8e1-a5f06e10f3ec@group-C5C00BFCD4D9-StateMachineUpdater: Took a snapshot at index 27
2022-02-20 11:33:49,826 [51457756-efc1-4f69-a8e1-a5f06e10f3ec@group-C5C00BFCD4D9-StateMachineUpdater] INFO  impl.StateMachineUpdater (StateMachineUpdater.java:lambda$new$0(89)) - 51457756-efc1-4f69-a8e1-a5f06e10f3ec@group-C5C00BFCD4D9-StateMachineUpdater: snapshotIndex: updateIncreasingly -1 -> 27
2022-02-20 11:33:49,826 [Listener at 127.0.0.1/34313] INFO  server.RaftServer$Division (ServerState.java:close(419)) - 51457756-efc1-4f69-a8e1-a5f06e10f3ec@group-C5C00BFCD4D9: closes. applyIndex: 27
2022-02-20 11:33:49,828 [51457756-efc1-4f69-a8e1-a5f06e10f3ec@group-C5C00BFCD4D9-SegmentedRaftLogWorker] INFO  segmented.SegmentedRaftLogWorker (SegmentedRaftLogWorker.java:run(327)) - 51457756-efc1-4f69-a8e1-a5f06e10f3ec@group-C5C00BFCD4D9-SegmentedRaftLogWorker was interrupted, exiting. There are 0 tasks remaining in the queue.
2022-02-20 11:33:49,831 [Listener at 127.0.0.1/34313] INFO  segmented.SegmentedRaftLogWorker (SegmentedRaftLogWorker.java:close(237)) - 51457756-efc1-4f69-a8e1-a5f06e10f3ec@group-C5C00BFCD4D9-SegmentedRaftLogWorker close()
2022-02-20 11:33:49,831 [Listener at 127.0.0.1/34313] INFO  server.RaftServer$Division (RaftServerImpl.java:lambda$close$4(412)) - 51457756-efc1-4f69-a8e1-a5f06e10f3ec@group-6A00235ACE13: shutdown
2022-02-20 11:33:49,831 [Listener at 127.0.0.1/34313] INFO  util.JmxRegister (JmxRegister.java:unregister(73)) - Successfully un-registered JMX Bean with object name Ratis:service=RaftServer,group=group-6A00235ACE13,id=51457756-efc1-4f69-a8e1-a5f06e10f3ec
2022-02-20 11:33:49,831 [Listener at 127.0.0.1/34313] INFO  impl.RoleInfo (RoleInfo.java:shutdownLeaderState(91)) - 51457756-efc1-4f69-a8e1-a5f06e10f3ec: shutdown 51457756-efc1-4f69-a8e1-a5f06e10f3ec@group-6A00235ACE13-LeaderStateImpl
2022-02-20 11:33:49,832 [Listener at 127.0.0.1/34313] INFO  impl.PendingRequests (PendingRequests.java:sendNotLeaderResponses(282)) - 51457756-efc1-4f69-a8e1-a5f06e10f3ec@group-6A00235ACE13-PendingRequests: sendNotLeaderResponses
2022-02-20 11:33:49,832 [Listener at 127.0.0.1/34313] INFO  impl.StateMachineUpdater (StateMachineUpdater.java:stopAndJoin(149)) - 51457756-efc1-4f69-a8e1-a5f06e10f3ec@group-6A00235ACE13-StateMachineUpdater: set stopIndex = 0
2022-02-20 11:33:49,832 [51457756-efc1-4f69-a8e1-a5f06e10f3ec@group-6A00235ACE13-StateMachineUpdater] INFO  ratis.ContainerStateMachine (ContainerStateMachine.java:takeSnapshot(304)) - group-6A00235ACE13: Taking a snapshot at:(t:1, i:0) file /home/runner/work/ozone/ozone/hadoop-ozone/integration-test/target/test-dir/MiniOzoneClusterImpl-35320b25-8391-4d91-bc43-1aeffe704654/datanode-2/data/ratis/5492d464-c93c-49b9-9007-6a00235ace13/sm/snapshot.1_0
2022-02-20 11:33:49,833 [51457756-efc1-4f69-a8e1-a5f06e10f3ec@group-6A00235ACE13-StateMachineUpdater] INFO  ratis.ContainerStateMachine (ContainerStateMachine.java:takeSnapshot(315)) - group-6A00235ACE13: Finished taking a snapshot at:(t:1, i:0) file:/home/runner/work/ozone/ozone/hadoop-ozone/integration-test/target/test-dir/MiniOzoneClusterImpl-35320b25-8391-4d91-bc43-1aeffe704654/datanode-2/data/ratis/5492d464-c93c-49b9-9007-6a00235ace13/sm/snapshot.1_0 took: 1 ms
2022-02-20 11:33:49,833 [51457756-efc1-4f69-a8e1-a5f06e10f3ec@group-6A00235ACE13-StateMachineUpdater] INFO  impl.StateMachineUpdater (StateMachineUpdater.java:takeSnapshot(281)) - 51457756-efc1-4f69-a8e1-a5f06e10f3ec@group-6A00235ACE13-StateMachineUpdater: Took a snapshot at index 0
2022-02-20 11:33:49,833 [51457756-efc1-4f69-a8e1-a5f06e10f3ec@group-6A00235ACE13-StateMachineUpdater] INFO  impl.StateMachineUpdater (StateMachineUpdater.java:lambda$new$0(89)) - 51457756-efc1-4f69-a8e1-a5f06e10f3ec@group-6A00235ACE13-StateMachineUpdater: snapshotIndex: updateIncreasingly -1 -> 0
2022-02-20 11:33:49,834 [Listener at 127.0.0.1/34313] INFO  server.RaftServer$Division (ServerState.java:close(419)) - 51457756-efc1-4f69-a8e1-a5f06e10f3ec@group-6A00235ACE13: closes. applyIndex: 0
2022-02-20 11:33:49,834 [51457756-efc1-4f69-a8e1-a5f06e10f3ec@group-6A00235ACE13-SegmentedRaftLogWorker] INFO  segmented.SegmentedRaftLogWorker (SegmentedRaftLogWorker.java:run(327)) - 51457756-efc1-4f69-a8e1-a5f06e10f3ec@group-6A00235ACE13-SegmentedRaftLogWorker was interrupted, exiting. There are 0 tasks remaining in the queue.
2022-02-20 11:33:49,834 [Listener at 127.0.0.1/34313] INFO  segmented.SegmentedRaftLogWorker (SegmentedRaftLogWorker.java:close(237)) - 51457756-efc1-4f69-a8e1-a5f06e10f3ec@group-6A00235ACE13-SegmentedRaftLogWorker close()
2022-02-20 11:33:49,834 [Listener at 127.0.0.1/34313] INFO  server.GrpcService (GrpcService.java:closeImpl(262)) - 51457756-efc1-4f69-a8e1-a5f06e10f3ec: shutdown server with port 32965 now
2022-02-20 11:33:49,840 [Listener at 127.0.0.1/34313] INFO  server.GrpcService (GrpcService.java:closeImpl(271)) - 51457756-efc1-4f69-a8e1-a5f06e10f3ec: shutdown server with port 32965 successfully
2022-02-20 11:33:49,840 [org.apache.ratis.util.JvmPauseMonitor$$Lambda$421/295700833@17fa11e9] INFO  util.JvmPauseMonitor (JvmPauseMonitor.java:run(109)) - JvmPauseMonitor-51457756-efc1-4f69-a8e1-a5f06e10f3ec: Stopped
2022-02-20 11:33:51,845 [Listener at 127.0.0.1/34313] INFO  utils.BackgroundService (BackgroundService.java:shutdown(132)) - Shutting down service BlockDeletingService
2022-02-20 11:33:54,878 [Listener at 127.0.0.1/34313] INFO  statemachine.DatanodeStateMachine (DatanodeStateMachine.java:stopDaemon(529)) - Ozone container server stopped.
2022-02-20 11:33:54,879 [Listener at 127.0.0.1/34313] INFO  handler.ContextHandler (ContextHandler.java:doStop(1153)) - Stopped o.e.j.w.WebAppContext@888925d{hddsDatanode,/,null,STOPPED}{jar:file:/home/runner/.m2/repository/org/apache/ozone/hdds-container-service/1.3.0-SNAPSHOT/hdds-container-service-1.3.0-SNAPSHOT.jar!/webapps/hddsDatanode}
2022-02-20 11:33:54,882 [Listener at 127.0.0.1/34313] INFO  server.AbstractConnector (AbstractConnector.java:doStop(381)) - Stopped ServerConnector@3e9e3a4b{HTTP/1.1, (http/1.1)}{0.0.0.0:0}
2022-02-20 11:33:54,882 [Listener at 127.0.0.1/34313] INFO  server.session (HouseKeeper.java:stopScavenging(149)) - node0 Stopped scavenging
2022-02-20 11:33:54,882 [Listener at 127.0.0.1/34313] INFO  handler.ContextHandler (ContextHandler.java:doStop(1153)) - Stopped o.e.j.s.ServletContextHandler@1b9892b4{static,/static,jar:file:/home/runner/.m2/repository/org/apache/ozone/hdds-container-service/1.3.0-SNAPSHOT/hdds-container-service-1.3.0-SNAPSHOT.jar!/webapps/static,STOPPED}
2022-02-20 11:33:54,882 [Listener at 127.0.0.1/34313] INFO  handler.ContextHandler (ContextHandler.java:doStop(1153)) - Stopped o.e.j.s.ServletContextHandler@6cb48bf4{logs,/logs,file:///home/runner/work/ozone/ozone/hadoop-ozone/integration-test/target/log,STOPPED}
2022-02-20 11:33:54,884 [Listener at 127.0.0.1/34313] INFO  ozone.MiniOzoneClusterImpl (MiniOzoneClusterImpl.java:stopSCM(526)) - Stopping the StorageContainerManager
2022-02-20 11:33:54,884 [Listener at 127.0.0.1/34313] INFO  server.StorageContainerManager (StorageContainerManager.java:stop(1390)) - Stopping Container Balancer service.
2022-02-20 11:33:54,884 [Listener at 127.0.0.1/34313] INFO  balancer.ContainerBalancer (ContainerBalancer.java:stop(751)) - Container Balancer is not running.
2022-02-20 11:33:54,884 [Listener at 127.0.0.1/34313] INFO  server.StorageContainerManager (StorageContainerManager.java:stop(1397)) - Stopping Replication Manager Service.
2022-02-20 11:33:54,885 [Listener at 127.0.0.1/34313] INFO  container.ReplicationManager (ReplicationManager.java:stop(357)) - Stopping Replication Monitor Thread.
2022-02-20 11:33:54,885 [Listener at 127.0.0.1/34313] INFO  server.StorageContainerManager (StorageContainerManager.java:stop(1404)) - Stopping the Datanode Admin Monitor.
2022-02-20 11:33:54,885 [Listener at 127.0.0.1/34313] INFO  server.StorageContainerManager (StorageContainerManager.java:stop(1411)) - Stopping Lease Manager of the command watchers
2022-02-20 11:33:54,885 [Listener at 127.0.0.1/34313] INFO  server.StorageContainerManager (StorageContainerManager.java:stop(1418)) - Stopping datanode service RPC server
2022-02-20 11:33:54,885 [Listener at 127.0.0.1/34313] INFO  server.SCMDatanodeProtocolServer (SCMDatanodeProtocolServer.java:stop(390)) - Stopping the RPC server for DataNodes
2022-02-20 11:33:54,885 [Listener at 127.0.0.1/34313] INFO  ipc.Server (Server.java:stop(3414)) - Stopping server on 40811
2022-02-20 11:33:54,887 [IPC Server listener on 0] INFO  ipc.Server (Server.java:run(1376)) - Stopping IPC Server listener on 0
2022-02-20 11:33:54,895 [IPC Server Responder] INFO  ipc.Server (Server.java:run(1512)) - Stopping IPC Server Responder
2022-02-20 11:33:54,939 [SCM Heartbeat Processing Thread - 0] WARN  node.NodeStateManager (NodeStateManager.java:scheduleNextHealthCheck(799)) - Current Thread is interrupted, shutting down HB processing thread for Node Manager.
2022-02-20 11:33:54,940 [Listener at 127.0.0.1/34313] INFO  server.StorageContainerManager (StorageContainerManager.java:stop(1426)) - Stopping block service RPC server
2022-02-20 11:33:54,941 [Listener at 127.0.0.1/34313] INFO  server.SCMBlockProtocolServer (SCMBlockProtocolServer.java:stop(160)) - Stopping the RPC server for Block Protocol
2022-02-20 11:33:54,941 [Listener at 127.0.0.1/34313] INFO  ipc.Server (Server.java:stop(3414)) - Stopping server on 38501
2022-02-20 11:33:54,943 [IPC Server Responder] INFO  ipc.Server (Server.java:run(1512)) - Stopping IPC Server Responder
2022-02-20 11:33:54,943 [Listener at 127.0.0.1/34313] INFO  server.StorageContainerManager (StorageContainerManager.java:stop(1433)) - Stopping the StorageContainerLocationProtocol RPC server
2022-02-20 11:33:54,944 [Listener at 127.0.0.1/34313] INFO  server.SCMClientProtocolServer (SCMClientProtocolServer.java:stop(174)) - Stopping the RPC server for Client Protocol
2022-02-20 11:33:54,944 [Listener at 127.0.0.1/34313] INFO  ipc.Server (Server.java:stop(3414)) - Stopping server on 34635
2022-02-20 11:33:54,945 [IPC Server listener on 0] INFO  ipc.Server (Server.java:run(1376)) - Stopping IPC Server listener on 0
2022-02-20 11:33:54,954 [IPC Server listener on 0] INFO  ipc.Server (Server.java:run(1376)) - Stopping IPC Server listener on 0
2022-02-20 11:33:54,954 [Listener at 127.0.0.1/34313] INFO  server.StorageContainerManager (StorageContainerManager.java:stop(1440)) - Stopping Storage Container Manager HTTP server.
2022-02-20 11:33:54,955 [Listener at 127.0.0.1/34313] INFO  handler.ContextHandler (ContextHandler.java:doStop(1153)) - Stopped o.e.j.w.WebAppContext@72577420{scm,/,null,STOPPED}{file:/home/runner/work/ozone/ozone/hadoop-ozone/integration-test/target/test-classes/webapps/scm}
2022-02-20 11:33:54,955 [IPC Server Responder] INFO  ipc.Server (Server.java:run(1512)) - Stopping IPC Server Responder
2022-02-20 11:33:54,956 [Listener at 127.0.0.1/34313] INFO  server.AbstractConnector (AbstractConnector.java:doStop(381)) - Stopped ServerConnector@3343ad78{HTTP/1.1, (http/1.1)}{0.0.0.0:0}
2022-02-20 11:33:54,956 [Listener at 127.0.0.1/34313] INFO  server.session (HouseKeeper.java:stopScavenging(149)) - node0 Stopped scavenging
2022-02-20 11:33:54,959 [Listener at 127.0.0.1/34313] INFO  handler.ContextHandler (ContextHandler.java:doStop(1153)) - Stopped o.e.j.s.ServletContextHandler@51ca6673{static,/static,file:///home/runner/work/ozone/ozone/hadoop-ozone/integration-test/target/test-classes/webapps/static,STOPPED}
2022-02-20 11:33:54,959 [Listener at 127.0.0.1/34313] INFO  handler.ContextHandler (ContextHandler.java:doStop(1153)) - Stopped o.e.j.s.ServletContextHandler@41c10341{logs,/logs,file:///home/runner/work/ozone/ozone/hadoop-ozone/integration-test/target/log,STOPPED}
2022-02-20 11:33:54,960 [Listener at 127.0.0.1/34313] INFO  server.StorageContainerManager (StorageContainerManager.java:stop(1451)) - Stopping Block Manager Service.
2022-02-20 11:33:54,960 [Listener at 127.0.0.1/34313] INFO  utils.BackgroundService (BackgroundService.java:shutdown(132)) - Shutting down service SCMBlockDeletingService
2022-02-20 11:33:54,961 [Listener at 127.0.0.1/34313] INFO  utils.BackgroundService (BackgroundService.java:shutdown(132)) - Shutting down service SCMBlockDeletingService
2022-02-20 11:33:54,961 [Listener at 127.0.0.1/34313] INFO  server.StorageContainerManager (StorageContainerManager.java:stop(1478)) - Stopping SCM Event Queue.
2022-02-20 11:33:54,962 [Listener at 127.0.0.1/34313] INFO  server.StorageContainerManager (StorageContainerManager.java:stop(1489)) - Stopping SCM HA services.
2022-02-20 11:33:54,963 [Listener at 127.0.0.1/34313] INFO  ha.SCMRatisServerImpl (SCMRatisServerImpl.java:stop(236)) - stopping ratis server 0.0.0.0:9894
2022-02-20 11:33:54,963 [Listener at 127.0.0.1/34313] INFO  server.RaftServer (RaftServerProxy.java:lambda$close$6(391)) - f6ba6412-eb1e-4081-be92-513fc63bde1b: close
2022-02-20 11:33:54,963 [Listener at 127.0.0.1/34313] INFO  server.RaftServer$Division (RaftServerImpl.java:lambda$close$4(412)) - f6ba6412-eb1e-4081-be92-513fc63bde1b@group-1AEFFE704654: shutdown
2022-02-20 11:33:54,963 [Listener at 127.0.0.1/34313] INFO  util.JmxRegister (JmxRegister.java:unregister(73)) - Successfully un-registered JMX Bean with object name Ratis:service=RaftServer,group=group-1AEFFE704654,id=f6ba6412-eb1e-4081-be92-513fc63bde1b
2022-02-20 11:33:54,963 [Listener at 127.0.0.1/34313] INFO  impl.RoleInfo (RoleInfo.java:shutdownLeaderState(91)) - f6ba6412-eb1e-4081-be92-513fc63bde1b: shutdown f6ba6412-eb1e-4081-be92-513fc63bde1b@group-1AEFFE704654-LeaderStateImpl
2022-02-20 11:33:54,963 [Listener at 127.0.0.1/34313] INFO  impl.PendingRequests (PendingRequests.java:sendNotLeaderResponses(282)) - f6ba6412-eb1e-4081-be92-513fc63bde1b@group-1AEFFE704654-PendingRequests: sendNotLeaderResponses
2022-02-20 11:33:54,964 [Listener at 127.0.0.1/34313] INFO  ha.SCMStateMachine (SCMStateMachine.java:notifyNotLeader(190)) - current leader SCM steps down.
2022-02-20 11:33:54,964 [Listener at 127.0.0.1/34313] INFO  ha.SCMContext (SCMContext.java:updateLeaderAndTerm(90)) - update <isLeader,term> from <true,2> to <false,0>
2022-02-20 11:33:54,964 [Listener at 127.0.0.1/34313] INFO  ha.SCMContext (SCMContext.java:updateLeaderAndTerm(97)) - update <isLeaderReady> from <false> to <false>
2022-02-20 11:33:54,964 [Listener at 127.0.0.1/34313] INFO  impl.StateMachineUpdater (StateMachineUpdater.java:stopAndJoin(149)) - f6ba6412-eb1e-4081-be92-513fc63bde1b@group-1AEFFE704654-StateMachineUpdater: set stopIndex = 30
2022-02-20 11:33:54,965 [f6ba6412-eb1e-4081-be92-513fc63bde1b@group-1AEFFE704654-StateMachineUpdater] INFO  ha.SCMStateMachine (SCMStateMachine.java:takeSnapshot(297)) - Current Snapshot Index 30, takeSnapshot took 0 ms
2022-02-20 11:33:54,965 [f6ba6412-eb1e-4081-be92-513fc63bde1b@group-1AEFFE704654-StateMachineUpdater] INFO  impl.StateMachineUpdater (StateMachineUpdater.java:takeSnapshot(281)) - f6ba6412-eb1e-4081-be92-513fc63bde1b@group-1AEFFE704654-StateMachineUpdater: Took a snapshot at index 30
2022-02-20 11:33:54,965 [f6ba6412-eb1e-4081-be92-513fc63bde1b@group-1AEFFE704654-StateMachineUpdater] INFO  impl.StateMachineUpdater (StateMachineUpdater.java:lambda$new$0(89)) - f6ba6412-eb1e-4081-be92-513fc63bde1b@group-1AEFFE704654-StateMachineUpdater: snapshotIndex: updateIncreasingly -1 -> 30
2022-02-20 11:33:54,974 [Listener at 127.0.0.1/34313] INFO  server.RaftServer$Division (ServerState.java:close(419)) - f6ba6412-eb1e-4081-be92-513fc63bde1b@group-1AEFFE704654: closes. applyIndex: 30
2022-02-20 11:33:54,974 [f6ba6412-eb1e-4081-be92-513fc63bde1b@group-1AEFFE704654-SegmentedRaftLogWorker] INFO  segmented.SegmentedRaftLogWorker (SegmentedRaftLogWorker.java:run(327)) - f6ba6412-eb1e-4081-be92-513fc63bde1b@group-1AEFFE704654-SegmentedRaftLogWorker was interrupted, exiting. There are 0 tasks remaining in the queue.
2022-02-20 11:33:54,978 [Listener at 127.0.0.1/34313] INFO  segmented.SegmentedRaftLogWorker (SegmentedRaftLogWorker.java:close(237)) - f6ba6412-eb1e-4081-be92-513fc63bde1b@group-1AEFFE704654-SegmentedRaftLogWorker close()
2022-02-20 11:33:54,979 [Listener at 127.0.0.1/34313] INFO  server.GrpcService (GrpcService.java:closeImpl(262)) - f6ba6412-eb1e-4081-be92-513fc63bde1b: shutdown server with port 9894 now
2022-02-20 11:33:54,982 [Listener at 127.0.0.1/34313] INFO  server.GrpcService (GrpcService.java:closeImpl(271)) - f6ba6412-eb1e-4081-be92-513fc63bde1b: shutdown server with port 9894 successfully
2022-02-20 11:33:54,982 [org.apache.ratis.util.JvmPauseMonitor$$Lambda$421/295700833@644a6ddb] INFO  util.JvmPauseMonitor (JvmPauseMonitor.java:run(109)) - JvmPauseMonitor-f6ba6412-eb1e-4081-be92-513fc63bde1b: Stopped
2022-02-20 11:33:54,986 [Listener at 127.0.0.1/34313] INFO  pipeline.BackgroundPipelineCreator (BackgroundPipelineCreator.java:stop(158)) - Stopping RatisPipelineUtilsThread.
2022-02-20 11:33:54,986 [Listener at 127.0.0.1/34313] INFO  server.StorageContainerManager (StorageContainerManager.java:stop(1499)) - Stopping SCM MetadataStore.
2022-02-20 11:33:54,987 [Listener at 127.0.0.1/34313] INFO  impl.MetricsSystemImpl (MetricsSystemImpl.java:stop(210)) - Stopping HddsDatanode metrics system...
2022-02-20 11:33:55,002 [prometheus] INFO  impl.MetricsSinkAdapter (MetricsSinkAdapter.java:publishMetricsFromQueue(141)) - prometheus thread interrupted.
2022-02-20 11:33:55,002 [Listener at 127.0.0.1/34313] INFO  impl.MetricsSystemImpl (MetricsSystemImpl.java:stop(216)) - HddsDatanode metrics system stopped.
2022-02-20 11:33:55,083 [Listener at 127.0.0.1/34313] WARN  server.ServerUtils (ServerUtils.java:getScmDbDir(148)) - ozone.scm.db.dirs is not configured. We recommend adding this setting. Falling back to ozone.metadata.dirs instead.
2022-02-20 11:33:55,106 [Listener at 127.0.0.1/34313] INFO  ha.SCMHANodeDetails (SCMHANodeDetails.java:loadSCMHAConfig(157)) - ServiceID for StorageContainerManager is null
2022-02-20 11:33:55,106 [Listener at 127.0.0.1/34313] INFO  ha.SCMHANodeDetails (SCMHANodeDetails.java:loadSCMHAConfig(162)) - ozone.scm.default.service.id is not defined, falling back to ozone.scm.service.ids to find serviceID for StorageContainerManager if it is HA enabled cluster
2022-02-20 11:33:55,107 [Listener at 127.0.0.1/34313] INFO  server.RaftServer (ConfUtils.java:logGet(44)) - raft.rpc.type = GRPC (default)
2022-02-20 11:33:55,107 [Listener at 127.0.0.1/34313] INFO  grpc.GrpcFactory (GrpcFactory.java:checkPooledByteBufAllocatorUseCacheForAllThreads(48)) - PERFORMANCE WARNING: useCacheForAllThreads is true that may cause Netty to create a lot garbage objects and, as a result, trigger GC.
	It is recommended to disable useCacheForAllThreads by setting -Dorg.apache.ratis.thirdparty.io.netty.allocator.useCacheForAllThreads=false in command line.
2022-02-20 11:33:55,108 [Listener at 127.0.0.1/34313] INFO  grpc.GrpcConfigKeys (ConfUtils.java:logGet(44)) - raft.grpc.admin.port = -1 (default)
2022-02-20 11:33:55,108 [Listener at 127.0.0.1/34313] INFO  grpc.GrpcConfigKeys (ConfUtils.java:logGet(44)) - raft.grpc.server.port = 9894 (custom)
2022-02-20 11:33:55,108 [Listener at 127.0.0.1/34313] INFO  grpc.GrpcConfigKeys (ConfUtils.java:logGet(44)) - raft.grpc.client.port = -1 (default)
2022-02-20 11:33:55,108 [Listener at 127.0.0.1/34313] INFO  grpc.GrpcConfigKeys (ConfUtils.java:logGet(44)) - raft.grpc.server.port = 9894 (custom)
2022-02-20 11:33:55,108 [Listener at 127.0.0.1/34313] INFO  grpc.GrpcConfigKeys (ConfUtils.java:logGet(44)) - raft.grpc.server.port = 9894 (custom)
2022-02-20 11:33:55,114 [Listener at 127.0.0.1/34313] INFO  server.GrpcService (ConfUtils.java:logGet(44)) - raft.grpc.message.size.max = 32m (=33554432) (custom)
2022-02-20 11:33:55,114 [Listener at 127.0.0.1/34313] INFO  server.RaftServerConfigKeys (ConfUtils.java:logGet(44)) - raft.server.log.appender.buffer.byte-limit = 33554432 (custom)
2022-02-20 11:33:55,114 [Listener at 127.0.0.1/34313] INFO  server.GrpcService (ConfUtils.java:logGet(44)) - raft.grpc.flow.control.window = 1MB (=1048576) (default)
2022-02-20 11:33:55,114 [Listener at 127.0.0.1/34313] INFO  server.RaftServerConfigKeys (ConfUtils.java:logGet(44)) - raft.server.rpc.request.timeout = 30000ms (custom)
2022-02-20 11:33:55,115 [Listener at 127.0.0.1/34313] INFO  impl.DataStreamServerImpl (ConfUtils.java:logGet(44)) - raft.datastream.type = DISABLED (default)
2022-02-20 11:33:55,116 [Listener at 127.0.0.1/34313] INFO  server.RaftServerConfigKeys (ConfUtils.java:logGet(44)) - raft.server.rpc.slowness.timeout = 120000ms (custom)
2022-02-20 11:33:55,116 [Listener at 127.0.0.1/34313] INFO  server.RaftServerConfigKeys (ConfUtils.java:logGet(44)) - raft.server.leaderelection.leader.step-down.wait-time = 10s (default)
2022-02-20 11:33:55,116 [Listener at 127.0.0.1/34313] INFO  server.RaftServerConfigKeys (ConfUtils.java:logGet(44)) - raft.server.storage.dir = [/home/runner/work/ozone/ozone/hadoop-ozone/integration-test/target/test-dir/MiniOzoneClusterImpl-1758c66c-c060-455a-9a5e-da5efc64e117/ozone-meta/scm-ha] (custom)
2022-02-20 11:33:55,138 [Listener at 127.0.0.1/34313] INFO  server.RaftServer (RaftServerProxy.java:addNew(95)) - 060d77b2-bb29-40c6-b5bc-e873045ad83d: addNew group-DA5EFC64E117:[060d77b2-bb29-40c6-b5bc-e873045ad83d|rpc:fv-az59-849:9894|priority:0] returns group-DA5EFC64E117:java.util.concurrent.CompletableFuture@37559504[Not completed]
2022-02-20 11:33:55,138 [pool-299-thread-1] INFO  server.RaftServer$Division (RaftServerImpl.java:<init>(184)) - 060d77b2-bb29-40c6-b5bc-e873045ad83d: new RaftServerImpl for group-DA5EFC64E117:[060d77b2-bb29-40c6-b5bc-e873045ad83d|rpc:fv-az59-849:9894|priority:0] with SCMStateMachine:uninitialized
2022-02-20 11:33:55,157 [pool-299-thread-1] INFO  server.RaftServerConfigKeys (ConfUtils.java:logGet(44)) - raft.server.rpc.timeout.min = 5000ms (custom)
2022-02-20 11:33:55,157 [pool-299-thread-1] INFO  server.RaftServerConfigKeys (ConfUtils.java:logGet(44)) - raft.server.rpc.timeout.max = 5200ms (custom)
2022-02-20 11:33:55,157 [pool-299-thread-1] INFO  server.RaftServerConfigKeys (ConfUtils.java:logGet(44)) - raft.server.rpc.sleep.time = 25ms (default)
2022-02-20 11:33:55,157 [pool-299-thread-1] INFO  server.RaftServerConfigKeys (ConfUtils.java:logGet(44)) - raft.server.rpc.slowness.timeout = 120000ms (custom)
2022-02-20 11:33:55,158 [pool-299-thread-1] INFO  server.RaftServerConfigKeys (ConfUtils.java:logGet(44)) - raft.server.leaderelection.leader.step-down.wait-time = 10s (default)
2022-02-20 11:33:55,158 [pool-299-thread-1] INFO  server.RaftServerConfigKeys (ConfUtils.java:logGet(44)) - raft.server.sleep.deviation.threshold = 300ms (default)
2022-02-20 11:33:55,158 [pool-299-thread-1] INFO  server.RaftServerConfigKeys (ConfUtils.java:logGet(44)) - raft.server.log.appender.install.snapshot.enabled = false (custom)
2022-02-20 11:33:55,158 [pool-299-thread-1] INFO  server.RaftServer$Division (ServerState.java:<init>(105)) - 060d77b2-bb29-40c6-b5bc-e873045ad83d@group-DA5EFC64E117: ConfigurationManager, init=-1: [060d77b2-bb29-40c6-b5bc-e873045ad83d|rpc:fv-az59-849:9894|priority:0], old=null, confs=<EMPTY_MAP>
2022-02-20 11:33:55,158 [pool-299-thread-1] INFO  server.RaftServerConfigKeys (ConfUtils.java:logGet(44)) - raft.server.storage.dir = [/home/runner/work/ozone/ozone/hadoop-ozone/integration-test/target/test-dir/MiniOzoneClusterImpl-1758c66c-c060-455a-9a5e-da5efc64e117/ozone-meta/scm-ha] (custom)
2022-02-20 11:33:55,158 [pool-299-thread-1] INFO  server.RaftServerConfigKeys (ConfUtils.java:logGet(44)) - raft.server.log.corruption.policy = EXCEPTION (default)
2022-02-20 11:33:55,158 [pool-299-thread-1] INFO  server.RaftServerConfigKeys (ConfUtils.java:logGet(44)) - raft.server.storage.free-space.min = 0MB (=0) (default)
2022-02-20 11:33:55,158 [pool-299-thread-1] INFO  storage.RaftStorageDirectory (RaftStorageDirectoryImpl.java:analyzeStorage(135)) - The storage directory /home/runner/work/ozone/ozone/hadoop-ozone/integration-test/target/test-dir/MiniOzoneClusterImpl-1758c66c-c060-455a-9a5e-da5efc64e117/ozone-meta/scm-ha/1758c66c-c060-455a-9a5e-da5efc64e117 does not exist. Creating ...
2022-02-20 11:33:55,159 [pool-299-thread-1] INFO  storage.RaftStorageDirectory (RaftStorageDirectoryImpl.java:tryLock(230)) - Lock on /home/runner/work/ozone/ozone/hadoop-ozone/integration-test/target/test-dir/MiniOzoneClusterImpl-1758c66c-c060-455a-9a5e-da5efc64e117/ozone-meta/scm-ha/1758c66c-c060-455a-9a5e-da5efc64e117/in_use.lock acquired by nodename 9434@fv-az59-849
2022-02-20 11:33:55,162 [pool-299-thread-1] INFO  storage.RaftStorage (RaftStorageImpl.java:format(89)) - Storage directory /home/runner/work/ozone/ozone/hadoop-ozone/integration-test/target/test-dir/MiniOzoneClusterImpl-1758c66c-c060-455a-9a5e-da5efc64e117/ozone-meta/scm-ha/1758c66c-c060-455a-9a5e-da5efc64e117 has been successfully formatted.
2022-02-20 11:33:55,162 [pool-299-thread-1] INFO  server.RaftServerConfigKeys (ConfUtils.java:logGet(44)) - raft.server.notification.no-leader.timeout = 60s (default)
2022-02-20 11:33:55,162 [pool-299-thread-1] INFO  server.RaftServerConfigKeys (ConfUtils.java:logGet(44)) - raft.server.log.use.memory = false (default)
2022-02-20 11:33:55,162 [pool-299-thread-1] INFO  server.RaftServerConfigKeys (ConfUtils.java:logGet(44)) - raft.server.log.purge.gap = 1000000 (custom)
2022-02-20 11:33:55,163 [pool-299-thread-1] INFO  server.RaftServerConfigKeys (ConfUtils.java:logGet(44)) - raft.server.log.appender.buffer.byte-limit = 33554432 (custom)
2022-02-20 11:33:55,163 [pool-299-thread-1] INFO  server.RaftServerConfigKeys (ConfUtils.java:logGet(44)) - raft.server.log.segment.size.max = 4194304 (custom)
2022-02-20 11:33:55,163 [pool-299-thread-1] INFO  server.RaftServerConfigKeys (ConfUtils.java:logGet(44)) - raft.server.log.segment.cache.num.max = 2 (custom)
2022-02-20 11:33:55,163 [pool-299-thread-1] INFO  server.RaftServerConfigKeys (ConfUtils.java:logGet(44)) - raft.server.log.segment.cache.size.max = 200MB (=209715200) (default)
2022-02-20 11:33:55,163 [pool-299-thread-1] INFO  segmented.SegmentedRaftLogWorker (SegmentedRaftLogWorker.java:<init>(182)) - new 060d77b2-bb29-40c6-b5bc-e873045ad83d@group-DA5EFC64E117-SegmentedRaftLogWorker for RaftStorageImpl:Storage Directory /home/runner/work/ozone/ozone/hadoop-ozone/integration-test/target/test-dir/MiniOzoneClusterImpl-1758c66c-c060-455a-9a5e-da5efc64e117/ozone-meta/scm-ha/1758c66c-c060-455a-9a5e-da5efc64e117
2022-02-20 11:33:55,163 [pool-299-thread-1] INFO  server.RaftServerConfigKeys (ConfUtils.java:logGet(44)) - raft.server.log.queue.byte-limit = 64MB (=67108864) (default)
2022-02-20 11:33:55,163 [pool-299-thread-1] INFO  server.RaftServerConfigKeys (ConfUtils.java:logGet(44)) - raft.server.log.queue.element-limit = 4096 (default)
2022-02-20 11:33:55,163 [pool-299-thread-1] INFO  server.RaftServerConfigKeys (ConfUtils.java:logGet(44)) - raft.server.log.segment.size.max = 4194304 (custom)
2022-02-20 11:33:55,163 [pool-299-thread-1] INFO  server.RaftServerConfigKeys (ConfUtils.java:logGet(44)) - raft.server.log.preallocated.size = 4194304 (custom)
2022-02-20 11:33:55,163 [pool-299-thread-1] INFO  server.RaftServerConfigKeys (ConfUtils.java:logGet(44)) - raft.server.log.force.sync.num = 128 (default)
2022-02-20 11:33:55,164 [pool-299-thread-1] INFO  server.RaftServerConfigKeys (ConfUtils.java:logGet(44)) - raft.server.log.statemachine.data.sync = true (default)
2022-02-20 11:33:55,164 [pool-299-thread-1] INFO  server.RaftServerConfigKeys (ConfUtils.java:logGet(44)) - raft.server.log.statemachine.data.sync.timeout = 10s (default)
2022-02-20 11:33:55,164 [pool-299-thread-1] INFO  server.RaftServerConfigKeys (ConfUtils.java:logGet(44)) - raft.server.log.statemachine.data.sync.timeout.retry = -1 (default)
2022-02-20 11:33:55,164 [pool-299-thread-1] INFO  server.RaftServerConfigKeys (ConfUtils.java:logGet(44)) - raft.server.log.write.buffer.size = 64KB (=65536) (default)
2022-02-20 11:33:55,164 [pool-299-thread-1] INFO  server.RaftServerConfigKeys (ConfUtils.java:logGet(44)) - raft.server.log.statemachine.data.caching.enabled = false (default)
2022-02-20 11:33:55,164 [pool-299-thread-1] INFO  segmented.SegmentedRaftLogWorker (SegmentedRaftLogWorker.java:lambda$new$0(133)) - 060d77b2-bb29-40c6-b5bc-e873045ad83d@group-DA5EFC64E117-SegmentedRaftLogWorker: flushIndex: setUnconditionally 0 -> -1
2022-02-20 11:33:55,165 [pool-299-thread-1] INFO  segmented.SegmentedRaftLogWorker (SegmentedRaftLogWorker.java:lambda$new$0(133)) - 060d77b2-bb29-40c6-b5bc-e873045ad83d@group-DA5EFC64E117-SegmentedRaftLogWorker: safeCacheEvictIndex: setUnconditionally 0 -> -1
2022-02-20 11:33:55,173 [pool-299-thread-1] INFO  server.RaftServerConfigKeys (ConfUtils.java:logGet(44)) - raft.server.snapshot.auto.trigger.enabled = true (custom)
2022-02-20 11:33:55,173 [pool-299-thread-1] INFO  server.RaftServerConfigKeys (ConfUtils.java:logGet(44)) - raft.server.snapshot.auto.trigger.threshold = 1000 (custom)
2022-02-20 11:33:55,173 [pool-299-thread-1] INFO  server.RaftServerConfigKeys (ConfUtils.java:logGet(44)) - raft.server.snapshot.retention.file.num = -1 (default)
2022-02-20 11:33:55,173 [pool-299-thread-1] INFO  server.RaftServerConfigKeys (ConfUtils.java:logGet(44)) - raft.server.log.purge.upto.snapshot.index = false (default)
2022-02-20 11:33:55,173 [pool-299-thread-1] INFO  server.RaftServerConfigKeys (ConfUtils.java:logGet(44)) - raft.server.retrycache.expirytime = 60000ms (default)
2022-02-20 11:33:55,173 [pool-299-thread-1] INFO  server.RaftServerConfigKeys (ConfUtils.java:logGet(44)) - raft.server.retrycache.statistics.expirytime = 100μs (default)
2022-02-20 11:33:55,174 [Listener at 127.0.0.1/34313] INFO  server.RaftServer$Division (RaftServerImpl.java:start(301)) - 060d77b2-bb29-40c6-b5bc-e873045ad83d@group-DA5EFC64E117: start as a follower, conf=-1: [060d77b2-bb29-40c6-b5bc-e873045ad83d|rpc:fv-az59-849:9894|priority:0], old=null
2022-02-20 11:33:55,174 [Listener at 127.0.0.1/34313] INFO  server.RaftServer$Division (RaftServerImpl.java:setRole(290)) - 060d77b2-bb29-40c6-b5bc-e873045ad83d@group-DA5EFC64E117: changes role from      null to FOLLOWER at term 0 for startAsFollower
2022-02-20 11:33:55,174 [Listener at 127.0.0.1/34313] INFO  impl.RoleInfo (RoleInfo.java:updateAndGet(130)) - 060d77b2-bb29-40c6-b5bc-e873045ad83d: start 060d77b2-bb29-40c6-b5bc-e873045ad83d@group-DA5EFC64E117-FollowerState
2022-02-20 11:33:55,185 [Listener at 127.0.0.1/34313] INFO  util.JmxRegister (JmxRegister.java:tryRegister(44)) - Successfully registered JMX Bean with object name Ratis:service=RaftServer,group=group-DA5EFC64E117,id=060d77b2-bb29-40c6-b5bc-e873045ad83d
2022-02-20 11:33:55,194 [Listener at 127.0.0.1/34313] INFO  server.RaftServer (RaftServerProxy.java:lambda$start$5(374)) - 060d77b2-bb29-40c6-b5bc-e873045ad83d: start RPC server
2022-02-20 11:33:55,194 [Listener at 127.0.0.1/34313] INFO  server.GrpcService (GrpcService.java:startImpl(253)) - 060d77b2-bb29-40c6-b5bc-e873045ad83d: GrpcService started, listening on 9894
2022-02-20 11:33:55,208 [org.apache.ratis.util.JvmPauseMonitor$$Lambda$421/295700833@796f34dd] INFO  util.JvmPauseMonitor (JvmPauseMonitor.java:run(103)) - JvmPauseMonitor-060d77b2-bb29-40c6-b5bc-e873045ad83d: Started
2022-02-20 11:34:00,336 [060d77b2-bb29-40c6-b5bc-e873045ad83d@group-DA5EFC64E117-FollowerState] INFO  impl.FollowerState (FollowerState.java:run(134)) - 060d77b2-bb29-40c6-b5bc-e873045ad83d@group-DA5EFC64E117-FollowerState: change to CANDIDATE, lastRpcElapsedTime:5161656381ns, electionTimeout:5150ms
2022-02-20 11:34:00,336 [060d77b2-bb29-40c6-b5bc-e873045ad83d@group-DA5EFC64E117-FollowerState] INFO  impl.RoleInfo (RoleInfo.java:shutdownFollowerState(108)) - 060d77b2-bb29-40c6-b5bc-e873045ad83d: shutdown 060d77b2-bb29-40c6-b5bc-e873045ad83d@group-DA5EFC64E117-FollowerState
2022-02-20 11:34:00,336 [060d77b2-bb29-40c6-b5bc-e873045ad83d@group-DA5EFC64E117-FollowerState] INFO  server.RaftServer$Division (RaftServerImpl.java:setRole(290)) - 060d77b2-bb29-40c6-b5bc-e873045ad83d@group-DA5EFC64E117: changes role from  FOLLOWER to CANDIDATE at term 0 for changeToCandidate
2022-02-20 11:34:00,336 [060d77b2-bb29-40c6-b5bc-e873045ad83d@group-DA5EFC64E117-FollowerState] INFO  server.RaftServerConfigKeys (ConfUtils.java:logGet(44)) - raft.server.leaderelection.pre-vote = false (custom)
2022-02-20 11:34:00,336 [060d77b2-bb29-40c6-b5bc-e873045ad83d@group-DA5EFC64E117-FollowerState] INFO  impl.RoleInfo (RoleInfo.java:updateAndGet(130)) - 060d77b2-bb29-40c6-b5bc-e873045ad83d: start 060d77b2-bb29-40c6-b5bc-e873045ad83d@group-DA5EFC64E117-LeaderElection34
2022-02-20 11:34:00,348 [060d77b2-bb29-40c6-b5bc-e873045ad83d@group-DA5EFC64E117-LeaderElection34] INFO  impl.LeaderElection (LeaderElection.java:askForVotes(306)) - 060d77b2-bb29-40c6-b5bc-e873045ad83d@group-DA5EFC64E117-LeaderElection34 ELECTION round 0: submit vote requests at term 1 for -1: [060d77b2-bb29-40c6-b5bc-e873045ad83d|rpc:fv-az59-849:9894|priority:0], old=null
2022-02-20 11:34:00,348 [060d77b2-bb29-40c6-b5bc-e873045ad83d@group-DA5EFC64E117-LeaderElection34] INFO  impl.LeaderElection (LeaderElection.java:askForVotes(308)) - 060d77b2-bb29-40c6-b5bc-e873045ad83d@group-DA5EFC64E117-LeaderElection34 ELECTION round 0: result PASSED (term=1)
2022-02-20 11:34:00,348 [060d77b2-bb29-40c6-b5bc-e873045ad83d@group-DA5EFC64E117-LeaderElection34] INFO  impl.RoleInfo (RoleInfo.java:shutdownLeaderElection(121)) - 060d77b2-bb29-40c6-b5bc-e873045ad83d: shutdown 060d77b2-bb29-40c6-b5bc-e873045ad83d@group-DA5EFC64E117-LeaderElection34
2022-02-20 11:34:00,348 [060d77b2-bb29-40c6-b5bc-e873045ad83d@group-DA5EFC64E117-LeaderElection34] INFO  server.RaftServer$Division (RaftServerImpl.java:setRole(290)) - 060d77b2-bb29-40c6-b5bc-e873045ad83d@group-DA5EFC64E117: changes role from CANDIDATE to LEADER at term 1 for changeToLeader
2022-02-20 11:34:00,348 [060d77b2-bb29-40c6-b5bc-e873045ad83d@group-DA5EFC64E117-LeaderElection34] INFO  server.RaftServer$Division (ServerState.java:setLeader(285)) - 060d77b2-bb29-40c6-b5bc-e873045ad83d@group-DA5EFC64E117: change Leader from null to 060d77b2-bb29-40c6-b5bc-e873045ad83d at term 1 for becomeLeader, leader elected after 5186ms
2022-02-20 11:34:00,348 [060d77b2-bb29-40c6-b5bc-e873045ad83d@group-DA5EFC64E117-LeaderElection34] INFO  server.RaftServerConfigKeys (ConfUtils.java:logGet(44)) - raft.server.staging.catchup.gap = 1000 (default)
2022-02-20 11:34:00,349 [060d77b2-bb29-40c6-b5bc-e873045ad83d@group-DA5EFC64E117-LeaderElection34] INFO  server.RaftServerConfigKeys (ConfUtils.java:logGet(44)) - raft.server.write.element-limit = 4096 (default)
2022-02-20 11:34:00,349 [060d77b2-bb29-40c6-b5bc-e873045ad83d@group-DA5EFC64E117-LeaderElection34] INFO  server.RaftServerConfigKeys (ConfUtils.java:logGet(44)) - raft.server.write.byte-limit = 64MB (=67108864) (default)
2022-02-20 11:34:00,349 [060d77b2-bb29-40c6-b5bc-e873045ad83d@group-DA5EFC64E117-LeaderElection34] INFO  server.RaftServerConfigKeys (ConfUtils.java:logGet(44)) - raft.server.watch.timeout = 10s (default)
2022-02-20 11:34:00,349 [060d77b2-bb29-40c6-b5bc-e873045ad83d@group-DA5EFC64E117-LeaderElection34] INFO  server.RaftServerConfigKeys (ConfUtils.java:logGet(44)) - raft.server.watch.timeout.denomination = 1s (default)
2022-02-20 11:34:00,349 [060d77b2-bb29-40c6-b5bc-e873045ad83d@group-DA5EFC64E117-LeaderElection34] INFO  server.RaftServerConfigKeys (ConfUtils.java:logGet(44)) - raft.server.watch.element-limit = 65536 (default)
2022-02-20 11:34:00,349 [060d77b2-bb29-40c6-b5bc-e873045ad83d@group-DA5EFC64E117-LeaderElection34] INFO  server.RaftServerConfigKeys (ConfUtils.java:logGet(44)) - raft.server.write.element-limit = 4096 (default)
2022-02-20 11:34:00,349 [060d77b2-bb29-40c6-b5bc-e873045ad83d@group-DA5EFC64E117-LeaderElection34] INFO  server.RaftServerConfigKeys (ConfUtils.java:logGet(44)) - raft.server.write.follower.gap.ratio.max = -1.0 (default)
2022-02-20 11:34:00,349 [060d77b2-bb29-40c6-b5bc-e873045ad83d@group-DA5EFC64E117-LeaderElection34] INFO  impl.RoleInfo (RoleInfo.java:updateAndGet(130)) - 060d77b2-bb29-40c6-b5bc-e873045ad83d: start 060d77b2-bb29-40c6-b5bc-e873045ad83d@group-DA5EFC64E117-LeaderStateImpl
2022-02-20 11:34:00,350 [060d77b2-bb29-40c6-b5bc-e873045ad83d@group-DA5EFC64E117-LeaderElection34] INFO  segmented.SegmentedRaftLogWorker (SegmentedRaftLogWorker.java:startLogSegment(394)) - 060d77b2-bb29-40c6-b5bc-e873045ad83d@group-DA5EFC64E117-SegmentedRaftLogWorker: Starting segment from index:0
2022-02-20 11:34:00,360 [060d77b2-bb29-40c6-b5bc-e873045ad83d@group-DA5EFC64E117-SegmentedRaftLogWorker] INFO  segmented.SegmentedRaftLogWorker (SegmentedRaftLogWorker.java:execute(601)) - 060d77b2-bb29-40c6-b5bc-e873045ad83d@group-DA5EFC64E117-SegmentedRaftLogWorker: created new log segment /home/runner/work/ozone/ozone/hadoop-ozone/integration-test/target/test-dir/MiniOzoneClusterImpl-1758c66c-c060-455a-9a5e-da5efc64e117/ozone-meta/scm-ha/1758c66c-c060-455a-9a5e-da5efc64e117/current/log_inprogress_0
2022-02-20 11:34:00,378 [060d77b2-bb29-40c6-b5bc-e873045ad83d@group-DA5EFC64E117-LeaderElection34] INFO  server.RaftServer$Division (ServerState.java:setRaftConf(387)) - 060d77b2-bb29-40c6-b5bc-e873045ad83d@group-DA5EFC64E117: set configuration 0: [060d77b2-bb29-40c6-b5bc-e873045ad83d|rpc:fv-az59-849:9894|admin:|client:|dataStream:|priority:0], old=null
2022-02-20 11:34:01,208 [Listener at 127.0.0.1/34313] INFO  server.RaftServer (RaftServerProxy.java:lambda$close$6(391)) - 060d77b2-bb29-40c6-b5bc-e873045ad83d: close
2022-02-20 11:34:01,209 [Listener at 127.0.0.1/34313] INFO  server.RaftServer$Division (RaftServerImpl.java:lambda$close$4(412)) - 060d77b2-bb29-40c6-b5bc-e873045ad83d@group-DA5EFC64E117: shutdown
2022-02-20 11:34:01,209 [Listener at 127.0.0.1/34313] INFO  util.JmxRegister (JmxRegister.java:unregister(73)) - Successfully un-registered JMX Bean with object name Ratis:service=RaftServer,group=group-DA5EFC64E117,id=060d77b2-bb29-40c6-b5bc-e873045ad83d
2022-02-20 11:34:01,209 [Listener at 127.0.0.1/34313] INFO  impl.RoleInfo (RoleInfo.java:shutdownLeaderState(91)) - 060d77b2-bb29-40c6-b5bc-e873045ad83d: shutdown 060d77b2-bb29-40c6-b5bc-e873045ad83d@group-DA5EFC64E117-LeaderStateImpl
2022-02-20 11:34:01,209 [Listener at 127.0.0.1/34313] INFO  impl.PendingRequests (PendingRequests.java:sendNotLeaderResponses(282)) - 060d77b2-bb29-40c6-b5bc-e873045ad83d@group-DA5EFC64E117-PendingRequests: sendNotLeaderResponses
2022-02-20 11:34:01,210 [Listener at 127.0.0.1/34313] INFO  impl.StateMachineUpdater (StateMachineUpdater.java:stopAndJoin(149)) - 060d77b2-bb29-40c6-b5bc-e873045ad83d@group-DA5EFC64E117-StateMachineUpdater: set stopIndex = 0
2022-02-20 11:34:01,210 [060d77b2-bb29-40c6-b5bc-e873045ad83d@group-DA5EFC64E117-StateMachineUpdater] INFO  impl.StateMachineUpdater (StateMachineUpdater.java:takeSnapshot(281)) - 060d77b2-bb29-40c6-b5bc-e873045ad83d@group-DA5EFC64E117-StateMachineUpdater: Took a snapshot at index 0
2022-02-20 11:34:01,210 [060d77b2-bb29-40c6-b5bc-e873045ad83d@group-DA5EFC64E117-StateMachineUpdater] INFO  impl.StateMachineUpdater (StateMachineUpdater.java:lambda$new$0(89)) - 060d77b2-bb29-40c6-b5bc-e873045ad83d@group-DA5EFC64E117-StateMachineUpdater: snapshotIndex: updateIncreasingly -1 -> 0
2022-02-20 11:34:01,214 [Listener at 127.0.0.1/34313] INFO  server.RaftServer$Division (ServerState.java:close(419)) - 060d77b2-bb29-40c6-b5bc-e873045ad83d@group-DA5EFC64E117: closes. applyIndex: 0
2022-02-20 11:34:01,214 [060d77b2-bb29-40c6-b5bc-e873045ad83d@group-DA5EFC64E117-SegmentedRaftLogWorker] INFO  segmented.SegmentedRaftLogWorker (SegmentedRaftLogWorker.java:run(327)) - 060d77b2-bb29-40c6-b5bc-e873045ad83d@group-DA5EFC64E117-SegmentedRaftLogWorker was interrupted, exiting. There are 0 tasks remaining in the queue.
2022-02-20 11:34:01,216 [Listener at 127.0.0.1/34313] INFO  segmented.SegmentedRaftLogWorker (SegmentedRaftLogWorker.java:close(237)) - 060d77b2-bb29-40c6-b5bc-e873045ad83d@group-DA5EFC64E117-SegmentedRaftLogWorker close()
2022-02-20 11:34:01,222 [Listener at 127.0.0.1/34313] INFO  server.GrpcService (GrpcService.java:closeImpl(262)) - 060d77b2-bb29-40c6-b5bc-e873045ad83d: shutdown server with port 9894 now
2022-02-20 11:34:01,223 [Listener at 127.0.0.1/34313] INFO  server.GrpcService (GrpcService.java:closeImpl(271)) - 060d77b2-bb29-40c6-b5bc-e873045ad83d: shutdown server with port 9894 successfully
2022-02-20 11:34:01,224 [org.apache.ratis.util.JvmPauseMonitor$$Lambda$421/295700833@796f34dd] INFO  util.JvmPauseMonitor (JvmPauseMonitor.java:run(109)) - JvmPauseMonitor-060d77b2-bb29-40c6-b5bc-e873045ad83d: Stopped
2022-02-20 11:34:01,224 [Listener at 127.0.0.1/34313] INFO  ha.SCMHANodeDetails (SCMHANodeDetails.java:loadSCMHAConfig(157)) - ServiceID for StorageContainerManager is null
2022-02-20 11:34:01,224 [Listener at 127.0.0.1/34313] INFO  ha.SCMHANodeDetails (SCMHANodeDetails.java:loadSCMHAConfig(162)) - ozone.scm.default.service.id is not defined, falling back to ozone.scm.service.ids to find serviceID for StorageContainerManager if it is HA enabled cluster
2022-02-20 11:34:01,226 [Listener at 127.0.0.1/34313] WARN  server.ServerUtils (ServerUtils.java:getScmDbDir(148)) - ozone.scm.db.dirs is not configured. We recommend adding this setting. Falling back to ozone.metadata.dirs instead.
2022-02-20 11:34:01,226 [Listener at 127.0.0.1/34313] INFO  upgrade.AbstractLayoutVersionManager (AbstractLayoutVersionManager.java:init(79)) - Initializing Layout version manager with metadata layout = SCM_HA (version = 2), software layout = SCM_HA (version = 2)
2022-02-20 11:34:01,341 [Listener at 127.0.0.1/34313] INFO  reflections.Reflections (Reflections.java:scan(232)) - Reflections took 114 ms to scan 7 urls, producing 121 keys and 284 values 
2022-02-20 11:34:01,354 [Listener at 127.0.0.1/34313] WARN  utils.HAUtils (HAUtils.java:getMetaDir(342)) - ozone.scm.db.dirs is not configured. We recommend adding this setting. Falling back to ozone.metadata.dirs instead.
2022-02-20 11:34:01,355 [Listener at 127.0.0.1/34313] WARN  db.DBStoreBuilder (DBStoreBuilder.java:applyDBDefinition(145)) - ozone.scm.db.dirs is not configured. We recommend adding this setting. Falling back to ozone.metadata.dirs instead.
2022-02-20 11:34:01,476 [Listener at 127.0.0.1/34313] INFO  net.NodeSchemaLoader (NodeSchemaLoader.java:loadSchemaFromFile(129)) - Loading schema from [jar:file:/home/runner/.m2/repository/org/apache/ozone/hdds-common/1.3.0-SNAPSHOT/hdds-common-1.3.0-SNAPSHOT.jar!/network-topology-default.xml]
2022-02-20 11:34:01,476 [Listener at 127.0.0.1/34313] INFO  net.NodeSchemaLoader (NodeSchemaLoader.java:loadSchema(176)) - Loading network topology layer schema file
2022-02-20 11:34:01,491 [Listener at 127.0.0.1/34313] INFO  ha.SCMRatisServerImpl (SCMRatisServerImpl.java:<init>(87)) - starting Raft server for scm:060d77b2-bb29-40c6-b5bc-e873045ad83d
2022-02-20 11:34:01,497 [Listener at 127.0.0.1/34313] INFO  server.RaftServer (ConfUtils.java:logGet(44)) - raft.rpc.type = GRPC (default)
2022-02-20 11:34:01,497 [Listener at 127.0.0.1/34313] INFO  grpc.GrpcFactory (GrpcFactory.java:checkPooledByteBufAllocatorUseCacheForAllThreads(48)) - PERFORMANCE WARNING: useCacheForAllThreads is true that may cause Netty to create a lot garbage objects and, as a result, trigger GC.
	It is recommended to disable useCacheForAllThreads by setting -Dorg.apache.ratis.thirdparty.io.netty.allocator.useCacheForAllThreads=false in command line.
2022-02-20 11:34:01,497 [Listener at 127.0.0.1/34313] INFO  grpc.GrpcConfigKeys (ConfUtils.java:logGet(44)) - raft.grpc.admin.port = -1 (default)
2022-02-20 11:34:01,497 [Listener at 127.0.0.1/34313] INFO  grpc.GrpcConfigKeys (ConfUtils.java:logGet(44)) - raft.grpc.server.port = 9894 (custom)
2022-02-20 11:34:01,497 [Listener at 127.0.0.1/34313] INFO  grpc.GrpcConfigKeys (ConfUtils.java:logGet(44)) - raft.grpc.client.port = -1 (default)
2022-02-20 11:34:01,498 [Listener at 127.0.0.1/34313] INFO  grpc.GrpcConfigKeys (ConfUtils.java:logGet(44)) - raft.grpc.server.port = 9894 (custom)
2022-02-20 11:34:01,498 [Listener at 127.0.0.1/34313] INFO  grpc.GrpcConfigKeys (ConfUtils.java:logGet(44)) - raft.grpc.server.port = 9894 (custom)
2022-02-20 11:34:01,498 [Listener at 127.0.0.1/34313] INFO  server.GrpcService (ConfUtils.java:logGet(44)) - raft.grpc.message.size.max = 32m (=33554432) (custom)
2022-02-20 11:34:01,498 [Listener at 127.0.0.1/34313] INFO  server.RaftServerConfigKeys (ConfUtils.java:logGet(44)) - raft.server.log.appender.buffer.byte-limit = 33554432 (custom)
2022-02-20 11:34:01,498 [Listener at 127.0.0.1/34313] INFO  server.GrpcService (ConfUtils.java:logGet(44)) - raft.grpc.flow.control.window = 1MB (=1048576) (default)
2022-02-20 11:34:01,498 [Listener at 127.0.0.1/34313] INFO  server.RaftServerConfigKeys (ConfUtils.java:logGet(44)) - raft.server.rpc.request.timeout = 30000ms (custom)
2022-02-20 11:34:01,500 [Listener at 127.0.0.1/34313] INFO  impl.DataStreamServerImpl (ConfUtils.java:logGet(44)) - raft.datastream.type = DISABLED (default)
2022-02-20 11:34:01,500 [Listener at 127.0.0.1/34313] INFO  server.RaftServerConfigKeys (ConfUtils.java:logGet(44)) - raft.server.rpc.slowness.timeout = 120000ms (custom)
2022-02-20 11:34:01,500 [Listener at 127.0.0.1/34313] INFO  server.RaftServerConfigKeys (ConfUtils.java:logGet(44)) - raft.server.leaderelection.leader.step-down.wait-time = 10s (default)
2022-02-20 11:34:01,500 [Listener at 127.0.0.1/34313] INFO  server.RaftServerConfigKeys (ConfUtils.java:logGet(44)) - raft.server.storage.dir = [/home/runner/work/ozone/ozone/hadoop-ozone/integration-test/target/test-dir/MiniOzoneClusterImpl-1758c66c-c060-455a-9a5e-da5efc64e117/ozone-meta/scm-ha] (custom)
2022-02-20 11:34:01,500 [Listener at 127.0.0.1/34313] INFO  server.RaftServer (RaftServerProxy.java:lambda$null$1(235)) - 060d77b2-bb29-40c6-b5bc-e873045ad83d: found a subdirectory /home/runner/work/ozone/ozone/hadoop-ozone/integration-test/target/test-dir/MiniOzoneClusterImpl-1758c66c-c060-455a-9a5e-da5efc64e117/ozone-meta/scm-ha/1758c66c-c060-455a-9a5e-da5efc64e117
2022-02-20 11:34:01,501 [Listener at 127.0.0.1/34313] INFO  server.RaftServer (RaftServerProxy.java:addNew(95)) - 060d77b2-bb29-40c6-b5bc-e873045ad83d: addNew group-DA5EFC64E117:[] returns group-DA5EFC64E117:java.util.concurrent.CompletableFuture@5c3930f9[Not completed]
2022-02-20 11:34:01,514 [pool-312-thread-1] INFO  server.RaftServer$Division (RaftServerImpl.java:<init>(184)) - 060d77b2-bb29-40c6-b5bc-e873045ad83d: new RaftServerImpl for group-DA5EFC64E117:[] with SCMStateMachine:uninitialized
2022-02-20 11:34:01,530 [pool-312-thread-1] INFO  server.RaftServerConfigKeys (ConfUtils.java:logGet(44)) - raft.server.rpc.timeout.min = 5000ms (custom)
2022-02-20 11:34:01,530 [pool-312-thread-1] INFO  server.RaftServerConfigKeys (ConfUtils.java:logGet(44)) - raft.server.rpc.timeout.max = 5200ms (custom)
2022-02-20 11:34:01,530 [pool-312-thread-1] INFO  server.RaftServerConfigKeys (ConfUtils.java:logGet(44)) - raft.server.rpc.sleep.time = 25ms (default)
2022-02-20 11:34:01,530 [pool-312-thread-1] INFO  server.RaftServerConfigKeys (ConfUtils.java:logGet(44)) - raft.server.rpc.slowness.timeout = 120000ms (custom)
2022-02-20 11:34:01,530 [pool-312-thread-1] INFO  server.RaftServerConfigKeys (ConfUtils.java:logGet(44)) - raft.server.leaderelection.leader.step-down.wait-time = 10s (default)
2022-02-20 11:34:01,530 [pool-312-thread-1] INFO  server.RaftServerConfigKeys (ConfUtils.java:logGet(44)) - raft.server.sleep.deviation.threshold = 300ms (default)
2022-02-20 11:34:01,530 [pool-312-thread-1] INFO  server.RaftServerConfigKeys (ConfUtils.java:logGet(44)) - raft.server.log.appender.install.snapshot.enabled = false (custom)
2022-02-20 11:34:01,530 [pool-312-thread-1] INFO  server.RaftServer$Division (ServerState.java:<init>(105)) - 060d77b2-bb29-40c6-b5bc-e873045ad83d@group-DA5EFC64E117: ConfigurationManager, init=-1: [], old=null, confs=<EMPTY_MAP>
2022-02-20 11:34:01,530 [pool-312-thread-1] INFO  server.RaftServerConfigKeys (ConfUtils.java:logGet(44)) - raft.server.storage.dir = [/home/runner/work/ozone/ozone/hadoop-ozone/integration-test/target/test-dir/MiniOzoneClusterImpl-1758c66c-c060-455a-9a5e-da5efc64e117/ozone-meta/scm-ha] (custom)
2022-02-20 11:34:01,530 [pool-312-thread-1] INFO  server.RaftServerConfigKeys (ConfUtils.java:logGet(44)) - raft.server.log.corruption.policy = EXCEPTION (default)
2022-02-20 11:34:01,530 [pool-312-thread-1] INFO  server.RaftServerConfigKeys (ConfUtils.java:logGet(44)) - raft.server.storage.free-space.min = 0MB (=0) (default)
2022-02-20 11:34:01,531 [pool-312-thread-1] INFO  storage.RaftStorageDirectory (RaftStorageDirectoryImpl.java:tryLock(230)) - Lock on /home/runner/work/ozone/ozone/hadoop-ozone/integration-test/target/test-dir/MiniOzoneClusterImpl-1758c66c-c060-455a-9a5e-da5efc64e117/ozone-meta/scm-ha/1758c66c-c060-455a-9a5e-da5efc64e117/in_use.lock acquired by nodename 9434@fv-az59-849
2022-02-20 11:34:01,532 [pool-312-thread-1] INFO  storage.RaftStorage (RaftStorageImpl.java:analyzeAndRecoverStorage(110)) - Read RaftStorageMetadata{term=1, votedFor=060d77b2-bb29-40c6-b5bc-e873045ad83d} from /home/runner/work/ozone/ozone/hadoop-ozone/integration-test/target/test-dir/MiniOzoneClusterImpl-1758c66c-c060-455a-9a5e-da5efc64e117/ozone-meta/scm-ha/1758c66c-c060-455a-9a5e-da5efc64e117/current/raft-meta
2022-02-20 11:34:01,532 [pool-312-thread-1] INFO  server.RaftServer$Division (ServerState.java:setRaftConf(387)) - 060d77b2-bb29-40c6-b5bc-e873045ad83d@group-DA5EFC64E117: set configuration 0: [060d77b2-bb29-40c6-b5bc-e873045ad83d|rpc:fv-az59-849:9894|admin:|client:|dataStream:|priority:0], old=null
2022-02-20 11:34:01,532 [pool-312-thread-1] INFO  server.RaftServerConfigKeys (ConfUtils.java:logGet(44)) - raft.server.notification.no-leader.timeout = 60s (default)
2022-02-20 11:34:01,532 [pool-312-thread-1] INFO  server.RaftServerConfigKeys (ConfUtils.java:logGet(44)) - raft.server.log.use.memory = false (default)
2022-02-20 11:34:01,532 [pool-312-thread-1] INFO  server.RaftServerConfigKeys (ConfUtils.java:logGet(44)) - raft.server.log.purge.gap = 1000000 (custom)
2022-02-20 11:34:01,532 [pool-312-thread-1] INFO  server.RaftServerConfigKeys (ConfUtils.java:logGet(44)) - raft.server.log.appender.buffer.byte-limit = 33554432 (custom)
2022-02-20 11:34:01,532 [pool-312-thread-1] INFO  server.RaftServerConfigKeys (ConfUtils.java:logGet(44)) - raft.server.log.segment.size.max = 4194304 (custom)
2022-02-20 11:34:01,533 [pool-312-thread-1] INFO  server.RaftServerConfigKeys (ConfUtils.java:logGet(44)) - raft.server.log.segment.cache.num.max = 2 (custom)
2022-02-20 11:34:01,533 [pool-312-thread-1] INFO  server.RaftServerConfigKeys (ConfUtils.java:logGet(44)) - raft.server.log.segment.cache.size.max = 200MB (=209715200) (default)
2022-02-20 11:34:01,533 [pool-312-thread-1] INFO  segmented.SegmentedRaftLogWorker (SegmentedRaftLogWorker.java:<init>(182)) - new 060d77b2-bb29-40c6-b5bc-e873045ad83d@group-DA5EFC64E117-SegmentedRaftLogWorker for RaftStorageImpl:Storage Directory /home/runner/work/ozone/ozone/hadoop-ozone/integration-test/target/test-dir/MiniOzoneClusterImpl-1758c66c-c060-455a-9a5e-da5efc64e117/ozone-meta/scm-ha/1758c66c-c060-455a-9a5e-da5efc64e117
2022-02-20 11:34:01,533 [pool-312-thread-1] INFO  server.RaftServerConfigKeys (ConfUtils.java:logGet(44)) - raft.server.log.queue.byte-limit = 64MB (=67108864) (default)
2022-02-20 11:34:01,533 [pool-312-thread-1] INFO  server.RaftServerConfigKeys (ConfUtils.java:logGet(44)) - raft.server.log.queue.element-limit = 4096 (default)
2022-02-20 11:34:01,533 [pool-312-thread-1] INFO  server.RaftServerConfigKeys (ConfUtils.java:logGet(44)) - raft.server.log.segment.size.max = 4194304 (custom)
2022-02-20 11:34:01,533 [pool-312-thread-1] INFO  server.RaftServerConfigKeys (ConfUtils.java:logGet(44)) - raft.server.log.preallocated.size = 4194304 (custom)
2022-02-20 11:34:01,533 [pool-312-thread-1] INFO  server.RaftServerConfigKeys (ConfUtils.java:logGet(44)) - raft.server.log.force.sync.num = 128 (default)
2022-02-20 11:34:01,533 [pool-312-thread-1] INFO  server.RaftServerConfigKeys (ConfUtils.java:logGet(44)) - raft.server.log.statemachine.data.sync = true (default)
2022-02-20 11:34:01,533 [pool-312-thread-1] INFO  server.RaftServerConfigKeys (ConfUtils.java:logGet(44)) - raft.server.log.statemachine.data.sync.timeout = 10s (default)
2022-02-20 11:34:01,533 [pool-312-thread-1] INFO  server.RaftServerConfigKeys (ConfUtils.java:logGet(44)) - raft.server.log.statemachine.data.sync.timeout.retry = -1 (default)
2022-02-20 11:34:01,534 [pool-312-thread-1] INFO  server.RaftServerConfigKeys (ConfUtils.java:logGet(44)) - raft.server.log.write.buffer.size = 64KB (=65536) (default)
2022-02-20 11:34:01,534 [pool-312-thread-1] INFO  server.RaftServerConfigKeys (ConfUtils.java:logGet(44)) - raft.server.log.statemachine.data.caching.enabled = false (default)
2022-02-20 11:34:01,535 [pool-312-thread-1] INFO  server.RaftServer$Division (ServerState.java:setRaftConf(387)) - 060d77b2-bb29-40c6-b5bc-e873045ad83d@group-DA5EFC64E117: set configuration 0: [060d77b2-bb29-40c6-b5bc-e873045ad83d|rpc:fv-az59-849:9894|admin:|client:|dataStream:|priority:0], old=null
2022-02-20 11:34:01,535 [pool-312-thread-1] INFO  segmented.LogSegment (LogSegment.java:loadSegment(173)) - Successfully read 1 entries from segment file /home/runner/work/ozone/ozone/hadoop-ozone/integration-test/target/test-dir/MiniOzoneClusterImpl-1758c66c-c060-455a-9a5e-da5efc64e117/ozone-meta/scm-ha/1758c66c-c060-455a-9a5e-da5efc64e117/current/log_inprogress_0
2022-02-20 11:34:01,535 [pool-312-thread-1] INFO  segmented.SegmentedRaftLogWorker (SegmentedRaftLogWorker.java:lambda$new$0(133)) - 060d77b2-bb29-40c6-b5bc-e873045ad83d@group-DA5EFC64E117-SegmentedRaftLogWorker: flushIndex: setUnconditionally 0 -> 0
2022-02-20 11:34:01,535 [pool-312-thread-1] INFO  segmented.SegmentedRaftLogWorker (SegmentedRaftLogWorker.java:lambda$new$0(133)) - 060d77b2-bb29-40c6-b5bc-e873045ad83d@group-DA5EFC64E117-SegmentedRaftLogWorker: safeCacheEvictIndex: setUnconditionally 0 -> -1
2022-02-20 11:34:01,549 [pool-312-thread-1] INFO  server.RaftServerConfigKeys (ConfUtils.java:logGet(44)) - raft.server.snapshot.auto.trigger.enabled = true (custom)
2022-02-20 11:34:01,549 [pool-312-thread-1] INFO  server.RaftServerConfigKeys (ConfUtils.java:logGet(44)) - raft.server.snapshot.auto.trigger.threshold = 1000 (custom)
2022-02-20 11:34:01,549 [pool-312-thread-1] INFO  server.RaftServerConfigKeys (ConfUtils.java:logGet(44)) - raft.server.snapshot.retention.file.num = -1 (default)
2022-02-20 11:34:01,549 [pool-312-thread-1] INFO  server.RaftServerConfigKeys (ConfUtils.java:logGet(44)) - raft.server.log.purge.upto.snapshot.index = false (default)
2022-02-20 11:34:01,549 [pool-312-thread-1] INFO  server.RaftServerConfigKeys (ConfUtils.java:logGet(44)) - raft.server.retrycache.expirytime = 60000ms (default)
2022-02-20 11:34:01,549 [pool-312-thread-1] INFO  server.RaftServerConfigKeys (ConfUtils.java:logGet(44)) - raft.server.retrycache.statistics.expirytime = 100μs (default)
2022-02-20 11:34:01,550 [Listener at 127.0.0.1/34313] INFO  ha.SCMSnapshotProvider (SCMSnapshotProvider.java:<init>(66)) - Initializing SCM Snapshot Provider
2022-02-20 11:34:01,550 [Listener at 127.0.0.1/34313] WARN  server.ServerUtils (ServerUtils.java:getDefaultRatisDirectory(237)) - Storage directory for Ratis is not configured. It is a good idea to map this to an SSD disk. Falling back to ozone.metadata.dirs
2022-02-20 11:34:01,550 [Listener at 127.0.0.1/34313] WARN  ha.SCMHAUtils (SCMHAUtils.java:getSCMRatisSnapshotDirectory(151)) - SCM snapshot dir is not configured. Falling back to ozone.metadata.dirs config
2022-02-20 11:34:01,552 [Listener at 127.0.0.1/34313] INFO  ha.SequenceIdGenerator (SequenceIdGenerator.java:upgradeToSequenceId(347)) - upgrade localId to 109611004723200000
2022-02-20 11:34:01,552 [Listener at 127.0.0.1/34313] INFO  ha.SequenceIdGenerator (SequenceIdGenerator.java:upgradeToSequenceId(357)) - upgrade delTxnId to 0
2022-02-20 11:34:01,552 [Listener at 127.0.0.1/34313] INFO  ha.SequenceIdGenerator (SequenceIdGenerator.java:upgradeToSequenceId(371)) - upgrade containerId to 0
2022-02-20 11:34:01,552 [Listener at 127.0.0.1/34313] INFO  ha.SequenceIdGenerator (SequenceIdGenerator.java:<init>(218)) - Init the HA SequenceIdGenerator.
2022-02-20 11:34:01,552 [Listener at 127.0.0.1/34313] WARN  server.ServerUtils (ServerUtils.java:sanitizeUserArgs(73)) - ozone.scm.stale.node.interval value = 300000 is larger than max = 100000 based on the key value of ozone.scm.heartbeat.thread.interval, reset to the max value 100000.
2022-02-20 11:34:01,552 [Listener at 127.0.0.1/34313] WARN  server.ServerUtils (ServerUtils.java:sanitizeUserArgs(73)) - ozone.scm.stale.node.interval value = 300000 is larger than max = 100000 based on the key value of ozone.scm.heartbeat.thread.interval, reset to the max value 100000.
2022-02-20 11:34:01,566 [Listener at 127.0.0.1/34313] INFO  node.SCMNodeManager (SCMNodeManager.java:<init>(144)) - Entering startup safe mode.
2022-02-20 11:34:01,566 [Listener at 127.0.0.1/34313] INFO  algorithms.ContainerPlacementPolicyFactory (ContainerPlacementPolicyFactory.java:getPolicy(60)) - Create container placement policy of type org.apache.hadoop.hdds.scm.container.placement.algorithms.SCMContainerPlacementRandom
2022-02-20 11:34:01,566 [Listener at 127.0.0.1/34313] INFO  pipeline.PipelineStateManagerImpl (PipelineStateManagerImpl.java:initialize(78)) - No pipeline exists in current db
2022-02-20 11:34:01,567 [Listener at 127.0.0.1/34313] INFO  algorithms.LeaderChoosePolicyFactory (LeaderChoosePolicyFactory.java:getPolicy(57)) - Create leader choose policy of type org.apache.hadoop.hdds.scm.pipeline.leader.choose.algorithms.MinLeaderCountChoosePolicy
2022-02-20 11:34:01,567 [Listener at 127.0.0.1/34313] INFO  ha.SCMServiceManager (SCMServiceManager.java:register(42)) - Registering service BackgroundPipelineCreator.
2022-02-20 11:34:01,567 [Listener at 127.0.0.1/34313] INFO  pipeline.BackgroundPipelineCreator (BackgroundPipelineCreator.java:start(130)) - Starting RatisPipelineUtilsThread.
2022-02-20 11:34:01,586 [Listener at 127.0.0.1/34313] INFO  algorithms.PipelineChoosePolicyFactory (PipelineChoosePolicyFactory.java:createPipelineChoosePolicyFromClass(73)) - Create pipeline choose policy of type org.apache.hadoop.hdds.scm.pipeline.choose.algorithms.RandomPipelineChoosePolicy
2022-02-20 11:34:01,587 [Listener at 127.0.0.1/34313] INFO  ha.SCMServiceManager (SCMServiceManager.java:register(42)) - Registering service SCMBlockDeletingService.
2022-02-20 11:34:01,587 [Listener at 127.0.0.1/34313] INFO  ha.SCMServiceManager (SCMServiceManager.java:register(42)) - Registering service ReplicationManager.
2022-02-20 11:34:01,587 [Listener at 127.0.0.1/34313] INFO  container.ReplicationManager (ReplicationManager.java:start(326)) - Starting Replication Monitor Thread.
2022-02-20 11:34:01,594 [Listener at 127.0.0.1/34313] INFO  safemode.ContainerSafeModeRule (ContainerSafeModeRule.java:<init>(89)) - containers with one replica threshold count 0
2022-02-20 11:34:01,594 [Listener at 127.0.0.1/34313] INFO  safemode.HealthyPipelineSafeModeRule (HealthyPipelineSafeModeRule.java:initializeRule(156)) - Total pipeline count is 0, healthy pipeline threshold count is 1
2022-02-20 11:34:01,594 [Listener at 127.0.0.1/34313] INFO  safemode.OneReplicaPipelineSafeModeRule (OneReplicaPipelineSafeModeRule.java:initializeRule(180)) - Total pipeline count is 0, pipeline's with at least one datanode reported threshold count is 0
2022-02-20 11:34:01,601 [ReplicationMonitor] INFO  container.ReplicationManager (ReplicationManager.java:processAll(374)) - Replication Manager is not ready to run until 3000ms after safemode exit
2022-02-20 11:34:01,608 [Listener at 127.0.0.1/34313] INFO  ipc.CallQueueManager (CallQueueManager.java:<init>(90)) - Using callQueue: class java.util.concurrent.LinkedBlockingQueue, queueCapacity: 2000, scheduler: class org.apache.hadoop.ipc.DefaultRpcScheduler, ipcBackoff: false.
2022-02-20 11:34:01,610 [Socket Reader #1 for port 0] INFO  ipc.Server (Server.java:run(1265)) - Starting Socket Reader #1 for port 0
2022-02-20 11:34:01,611 [Listener at 0.0.0.0/44551] INFO  ipc.CallQueueManager (CallQueueManager.java:<init>(90)) - Using callQueue: class java.util.concurrent.LinkedBlockingQueue, queueCapacity: 2000, scheduler: class org.apache.hadoop.ipc.DefaultRpcScheduler, ipcBackoff: false.
2022-02-20 11:34:01,611 [Socket Reader #1 for port 0] INFO  ipc.Server (Server.java:run(1265)) - Starting Socket Reader #1 for port 0
2022-02-20 11:34:01,612 [Listener at 0.0.0.0/35749] INFO  ipc.CallQueueManager (CallQueueManager.java:<init>(90)) - Using callQueue: class java.util.concurrent.LinkedBlockingQueue, queueCapacity: 2000, scheduler: class org.apache.hadoop.ipc.DefaultRpcScheduler, ipcBackoff: false.
2022-02-20 11:34:01,613 [Socket Reader #1 for port 0] INFO  ipc.Server (Server.java:run(1265)) - Starting Socket Reader #1 for port 0
2022-02-20 11:34:01,688 [Listener at 0.0.0.0/45473] INFO  algorithms.ContainerPlacementPolicyFactory (ContainerPlacementPolicyFactory.java:getPolicy(60)) - Create container placement policy of type org.apache.hadoop.hdds.scm.container.placement.algorithms.SCMContainerPlacementRandom
2022-02-20 11:34:01,690 [Listener at 0.0.0.0/45473] INFO  server.StorageContainerManager (StorageContainerManager.java:<init>(388)) - 
Container Balancer status:
Key                            Value
Running                        false
Container Balancer Configuration values:
Key                                                Value
Threshold                                          10
Max Datanodes to Involve per Iteration(percent)    20
Max Size to Move per Iteration                     500GB
Max Size Entering Target per Iteration             26GB
Max Size Leaving Source per Iteration              26GB

2022-02-20 11:34:01,690 [Listener at 0.0.0.0/45473] WARN  events.EventQueue (EventQueue.java:fireEvent(194)) - No event handler registered for event TypedEvent{payloadType=SafeModeStatus, name='Safe mode status'}
2022-02-20 11:34:01,690 [Listener at 0.0.0.0/45473] INFO  ha.SCMContext (SCMContext.java:updateSafeModeStatus(211)) - Update SafeModeStatus from SafeModeStatus{safeModeStatus=true, preCheckPassed=false} to SafeModeStatus{safeModeStatus=true, preCheckPassed=false}.
2022-02-20 11:34:01,691 [Listener at 0.0.0.0/45473] INFO  server.StorageContainerManager (StorageContainerManager.java:start(1303)) - StorageContainerLocationProtocol RPC server is listening at /0.0.0.0:45473
2022-02-20 11:34:01,691 [Listener at 0.0.0.0/45473] INFO  ha.SCMRatisServerImpl (SCMRatisServerImpl.java:start(177)) - starting ratis server 0.0.0.0:9894
2022-02-20 11:34:01,691 [Listener at 0.0.0.0/45473] INFO  server.RaftServer$Division (RaftServerImpl.java:start(301)) - 060d77b2-bb29-40c6-b5bc-e873045ad83d@group-DA5EFC64E117: start as a follower, conf=0: [060d77b2-bb29-40c6-b5bc-e873045ad83d|rpc:fv-az59-849:9894|admin:|client:|dataStream:|priority:0], old=null
2022-02-20 11:34:01,691 [Listener at 0.0.0.0/45473] INFO  server.RaftServer$Division (RaftServerImpl.java:setRole(290)) - 060d77b2-bb29-40c6-b5bc-e873045ad83d@group-DA5EFC64E117: changes role from      null to FOLLOWER at term 1 for startAsFollower
2022-02-20 11:34:01,691 [Listener at 0.0.0.0/45473] INFO  impl.RoleInfo (RoleInfo.java:updateAndGet(130)) - 060d77b2-bb29-40c6-b5bc-e873045ad83d: start 060d77b2-bb29-40c6-b5bc-e873045ad83d@group-DA5EFC64E117-FollowerState
2022-02-20 11:34:01,692 [Listener at 0.0.0.0/45473] INFO  util.JmxRegister (JmxRegister.java:tryRegister(44)) - Successfully registered JMX Bean with object name Ratis:service=RaftServer,group=group-DA5EFC64E117,id=060d77b2-bb29-40c6-b5bc-e873045ad83d
2022-02-20 11:34:01,704 [Listener at 0.0.0.0/45473] INFO  server.RaftServer (RaftServerProxy.java:lambda$start$5(374)) - 060d77b2-bb29-40c6-b5bc-e873045ad83d: start RPC server
2022-02-20 11:34:01,705 [Listener at 0.0.0.0/45473] INFO  server.GrpcService (GrpcService.java:startImpl(253)) - 060d77b2-bb29-40c6-b5bc-e873045ad83d: GrpcService started, listening on 9894
2022-02-20 11:34:01,718 [Listener at 0.0.0.0/45473] INFO  ha.SCMHAManagerImpl (SCMHAManagerImpl.java:start(121)) -  scm role is FOLLOWER peers [060d77b2-bb29-40c6-b5bc-e873045ad83d|rpc:fv-az59-849:9894|admin:|client:|dataStream:|priority:0]
2022-02-20 11:34:01,718 [Listener at 0.0.0.0/45473] INFO  ha.InterSCMGrpcService (InterSCMGrpcProtocolService.java:start(94)) - Starting SCM Grpc Service at port 9895
2022-02-20 11:34:01,719 [Listener at 0.0.0.0/45473] WARN  impl.MetricsConfig (MetricsConfig.java:loadFirst(136)) - Cannot locate configuration: tried hadoop-metrics2-storagecontainermanager.properties,hadoop-metrics2.properties
2022-02-20 11:34:01,721 [org.apache.ratis.util.JvmPauseMonitor$$Lambda$421/295700833@44747589] INFO  util.JvmPauseMonitor (JvmPauseMonitor.java:run(103)) - JvmPauseMonitor-060d77b2-bb29-40c6-b5bc-e873045ad83d: Started
2022-02-20 11:34:01,722 [Listener at 0.0.0.0/45473] INFO  impl.MetricsSystemImpl (MetricsSystemImpl.java:startTimer(378)) - Scheduled Metric snapshot period at 10 second(s).
2022-02-20 11:34:01,727 [Listener at 0.0.0.0/45473] INFO  impl.MetricsSystemImpl (MetricsSystemImpl.java:start(191)) - StorageContainerManager metrics system started
2022-02-20 11:34:01,750 [Listener at 0.0.0.0/45473] INFO  impl.MetricsSinkAdapter (MetricsSinkAdapter.java:start(204)) - Sink prometheus started
2022-02-20 11:34:01,750 [Listener at 0.0.0.0/45473] INFO  impl.MetricsSystemImpl (MetricsSystemImpl.java:registerSink(305)) - Registered sink prometheus
2022-02-20 11:34:01,789 [Listener at 0.0.0.0/45473] INFO  server.SCMClientProtocolServer (SCMClientProtocolServer.java:start(165)) - RPC server for Client  is listening at /0.0.0.0:45473
2022-02-20 11:34:01,790 [IPC Server Responder] INFO  ipc.Server (Server.java:run(1507)) - IPC Server Responder: starting
2022-02-20 11:34:01,790 [IPC Server listener on 0] INFO  ipc.Server (Server.java:run(1344)) - IPC Server listener on 0: starting
2022-02-20 11:34:01,836 [Listener at 0.0.0.0/45473] INFO  server.StorageContainerManager (StorageContainerManager.java:start(1318)) - ScmBlockLocationProtocol RPC server is listening at /0.0.0.0:35749
2022-02-20 11:34:01,837 [Listener at 0.0.0.0/45473] INFO  server.SCMBlockProtocolServer (SCMBlockProtocolServer.java:start(151)) - RPC server for Block Protocol is listening at /0.0.0.0:35749
2022-02-20 11:34:01,838 [IPC Server Responder] INFO  ipc.Server (Server.java:run(1507)) - IPC Server Responder: starting
2022-02-20 11:34:01,842 [IPC Server listener on 0] INFO  ipc.Server (Server.java:run(1344)) - IPC Server listener on 0: starting
2022-02-20 11:34:01,882 [org.apache.hadoop.util.JvmPauseMonitor$Monitor@550b7a92] INFO  util.JvmPauseMonitor (JvmPauseMonitor.java:run(188)) - Starting JVM pause monitor
2022-02-20 11:34:01,890 [Listener at 0.0.0.0/45473] INFO  http.BaseHttpServer (BaseHttpServer.java:newHttpServer2BuilderForOzone(209)) - Starting Web-server for scm at: http://0.0.0.0:0
2022-02-20 11:34:01,890 [Listener at 0.0.0.0/45473] INFO  http.BaseHttpServer (BaseHttpServer.java:<init>(107)) - Hadoop Security Enabled: false Ozone Security Enabled: false Ozone HTTP Security Enabled: false 
2022-02-20 11:34:01,891 [Listener at 0.0.0.0/45473] INFO  server.AuthenticationFilter (AuthenticationFilter.java:constructSecretProvider(240)) - Unable to initialize FileSignerSecretProvider, falling back to use random secrets.
2022-02-20 11:34:01,895 [Listener at 0.0.0.0/45473] WARN  http.HttpRequestLog (HttpRequestLog.java:getRequestLog(103)) - Jetty request log can only be enabled using Log4j
2022-02-20 11:34:01,897 [Listener at 0.0.0.0/45473] INFO  http.HttpServer2 (HttpServer2.java:addGlobalFilter(1030)) - Added global filter 'safety' (class=org.apache.hadoop.hdds.server.http.HttpServer2$QuotingInputFilter)
2022-02-20 11:34:01,901 [Listener at 0.0.0.0/45473] INFO  http.HttpServer2 (HttpServer2.java:addFilter(1006)) - Added filter static_user_filter (class=org.apache.hadoop.http.lib.StaticUserWebFilter$StaticUserFilter) to context scm
2022-02-20 11:34:01,902 [Listener at 0.0.0.0/45473] INFO  http.HttpServer2 (HttpServer2.java:addFilter(1014)) - Added filter static_user_filter (class=org.apache.hadoop.http.lib.StaticUserWebFilter$StaticUserFilter) to context static
2022-02-20 11:34:01,902 [Listener at 0.0.0.0/45473] INFO  http.HttpServer2 (HttpServer2.java:addFilter(1014)) - Added filter static_user_filter (class=org.apache.hadoop.http.lib.StaticUserWebFilter$StaticUserFilter) to context logs
2022-02-20 11:34:01,907 [Listener at 0.0.0.0/45473] INFO  http.HttpServer2 (HttpServer2.java:bindListener(1249)) - Jetty bound to port 36807
2022-02-20 11:34:01,907 [Listener at 0.0.0.0/45473] INFO  server.Server (Server.java:doStart(375)) - jetty-9.4.43.v20210629; built: 2021-06-30T11:07:22.254Z; git: 526006ecfa3af7f1a27ef3a288e2bef7ea9dd7e8; jvm 1.8.0_322-b06
2022-02-20 11:34:01,959 [Listener at 0.0.0.0/45473] INFO  server.session (DefaultSessionIdManager.java:doStart(334)) - DefaultSessionIdManager workerName=node0
2022-02-20 11:34:01,959 [Listener at 0.0.0.0/45473] INFO  server.session (DefaultSessionIdManager.java:doStart(339)) - No SessionScavenger set, using defaults
2022-02-20 11:34:01,960 [Listener at 0.0.0.0/45473] INFO  server.session (HouseKeeper.java:startScavenging(132)) - node0 Scavenging every 660000ms
2022-02-20 11:34:01,960 [Listener at 0.0.0.0/45473] INFO  handler.ContextHandler (ContextHandler.java:doStart(915)) - Started o.e.j.s.ServletContextHandler@5803867a{logs,/logs,file:///home/runner/work/ozone/ozone/hadoop-ozone/integration-test/target/log,AVAILABLE}
2022-02-20 11:34:01,961 [Listener at 0.0.0.0/45473] INFO  handler.ContextHandler (ContextHandler.java:doStart(915)) - Started o.e.j.s.ServletContextHandler@24fad029{static,/static,file:///home/runner/work/ozone/ozone/hadoop-ozone/integration-test/target/test-classes/webapps/static,AVAILABLE}
2022-02-20 11:34:01,964 [Listener at 0.0.0.0/45473] INFO  handler.ContextHandler (ContextHandler.java:doStart(915)) - Started o.e.j.w.WebAppContext@73350232{scm,/,file:///home/runner/work/ozone/ozone/hadoop-ozone/integration-test/target/test-classes/webapps/scm/,AVAILABLE}{file:/home/runner/work/ozone/ozone/hadoop-ozone/integration-test/target/test-classes/webapps/scm}
2022-02-20 11:34:01,970 [Listener at 0.0.0.0/45473] INFO  server.AbstractConnector (AbstractConnector.java:doStart(331)) - Started ServerConnector@7fa21def{HTTP/1.1, (http/1.1)}{0.0.0.0:36807}
2022-02-20 11:34:01,970 [Listener at 0.0.0.0/45473] INFO  server.Server (Server.java:doStart(415)) - Started @132159ms
2022-02-20 11:34:01,970 [Listener at 0.0.0.0/45473] WARN  impl.MetricsSystemImpl (MetricsSystemImpl.java:register(279)) - Sink prometheus already exists!
2022-02-20 11:34:01,983 [Listener at 0.0.0.0/45473] INFO  http.BaseHttpServer (BaseHttpServer.java:updateConnectorAddress(329)) - HTTP server of scm listening at http://0.0.0.0:36807
2022-02-20 11:34:01,984 [Listener at 0.0.0.0/45473] WARN  server.ServerUtils (ServerUtils.java:getDBPath(225)) - ozone.om.db.dirs is not configured. We recommend adding this setting. Falling back to ozone.metadata.dirs instead.
2022-02-20 11:34:01,985 [Listener at 0.0.0.0/45473] INFO  ha.OMHANodeDetails (OMHANodeDetails.java:loadOMHAConfig(112)) - ozone.om.internal.service.id is not defined, falling back to ozone.om.service.ids to find serviceID for OzoneManager if it is HA enabled cluster
2022-02-20 11:34:01,985 [Listener at 0.0.0.0/45473] INFO  ha.OMHANodeDetails (OMHANodeDetails.java:loadOMHAConfig(218)) - Configuration does not have ozone.om.address set. Falling back to the default OM address /127.0.0.1:0
2022-02-20 11:34:01,985 [Listener at 0.0.0.0/45473] INFO  ha.OMHANodeDetails (OMHANodeDetails.java:getOMNodeDetailsForNonHA(246)) - OM Service ID is not set. Setting it to the default ID: omServiceIdDefault
2022-02-20 11:34:01,985 [Listener at 0.0.0.0/45473] INFO  ha.OMHANodeDetails (OMHANodeDetails.java:getOMNodeDetailsForNonHA(253)) - OM Node ID is not set. Setting it to the default ID: om1
2022-02-20 11:34:01,986 [Listener at 0.0.0.0/45473] WARN  server.ServerUtils (ServerUtils.java:getDBPath(225)) - ozone.om.db.dirs is not configured. We recommend adding this setting. Falling back to ozone.metadata.dirs instead.
2022-02-20 11:34:01,986 [Listener at 0.0.0.0/45473] INFO  upgrade.AbstractLayoutVersionManager (AbstractLayoutVersionManager.java:init(79)) - Initializing Layout version manager with metadata layout = INITIAL_VERSION (version = 0), software layout = INITIAL_VERSION (version = 0)
2022-02-20 11:34:02,075 [Listener at 0.0.0.0/45473] INFO  reflections.Reflections (Reflections.java:scan(232)) - Reflections took 88 ms to scan 2 urls, producing 133 keys and 348 values [using 2 cores]
2022-02-20 11:34:02,075 [Listener at 0.0.0.0/45473] INFO  upgrade.OMLayoutVersionManager (OMLayoutVersionManager.java:lambda$0(115)) - Skipping Upgrade Action MockOmUpgradeAction since it has been finalized.
2022-02-20 11:34:02,075 [Listener at 0.0.0.0/45473] WARN  server.ServerUtils (ServerUtils.java:getDBPath(225)) - ozone.om.db.dirs is not configured. We recommend adding this setting. Falling back to ozone.metadata.dirs instead.
2022-02-20 11:34:04,114 [Listener at 0.0.0.0/45473] INFO  retry.RetryInvocationHandler (RetryInvocationHandler.java:log(411)) - com.google.protobuf.ServiceException: org.apache.hadoop.ipc.RemoteException(org.apache.hadoop.hdds.ratis.ServerNotLeaderException): Server:060d77b2-bb29-40c6-b5bc-e873045ad83d is not the leader. Could not determine the leader node.
	at org.apache.hadoop.hdds.ratis.ServerNotLeaderException.convertToNotLeaderException(ServerNotLeaderException.java:109)
	at org.apache.hadoop.hdds.scm.ha.RatisUtil.checkRatisException(RatisUtil.java:246)
	at org.apache.hadoop.hdds.scm.protocol.ScmBlockLocationProtocolServerSideTranslatorPB.send(ScmBlockLocationProtocolServerSideTranslatorPB.java:108)
	at org.apache.hadoop.hdds.protocol.proto.ScmBlockLocationProtocolProtos$ScmBlockLocationProtocolService$2.callBlockingMethod(ScmBlockLocationProtocolProtos.java:13937)
	at org.apache.hadoop.ipc.ProtobufRpcEngine$Server.processCall(ProtobufRpcEngine.java:466)
	at org.apache.hadoop.ipc.ProtobufRpcEngine2$Server$ProtoBufRpcInvoker.call(ProtobufRpcEngine2.java:574)
	at org.apache.hadoop.ipc.ProtobufRpcEngine2$Server$ProtoBufRpcInvoker.call(ProtobufRpcEngine2.java:552)
	at org.apache.hadoop.ipc.RPC$Server.call(RPC.java:1093)
	at org.apache.hadoop.ipc.Server$RpcCall.run(Server.java:1035)
	at org.apache.hadoop.ipc.Server$RpcCall.run(Server.java:963)
	at java.security.AccessController.doPrivileged(Native Method)
	at javax.security.auth.Subject.doAs(Subject.java:422)
	at org.apache.hadoop.security.UserGroupInformation.doAs(UserGroupInformation.java:1878)
	at org.apache.hadoop.ipc.Server$Handler.run(Server.java:2966)
, while invoking $Proxy46.send over nodeId=scmNodeId,nodeAddress=/0.0.0.0:35749 after 1 failover attempts. Trying to failover after sleeping for 2000ms.
2022-02-20 11:34:06,117 [Listener at 0.0.0.0/45473] INFO  retry.RetryInvocationHandler (RetryInvocationHandler.java:log(411)) - com.google.protobuf.ServiceException: org.apache.hadoop.ipc.RemoteException(org.apache.hadoop.hdds.ratis.ServerNotLeaderException): Server:060d77b2-bb29-40c6-b5bc-e873045ad83d is not the leader. Could not determine the leader node.
	at org.apache.hadoop.hdds.ratis.ServerNotLeaderException.convertToNotLeaderException(ServerNotLeaderException.java:109)
	at org.apache.hadoop.hdds.scm.ha.RatisUtil.checkRatisException(RatisUtil.java:246)
	at org.apache.hadoop.hdds.scm.protocol.ScmBlockLocationProtocolServerSideTranslatorPB.send(ScmBlockLocationProtocolServerSideTranslatorPB.java:108)
	at org.apache.hadoop.hdds.protocol.proto.ScmBlockLocationProtocolProtos$ScmBlockLocationProtocolService$2.callBlockingMethod(ScmBlockLocationProtocolProtos.java:13937)
	at org.apache.hadoop.ipc.ProtobufRpcEngine$Server.processCall(ProtobufRpcEngine.java:466)
	at org.apache.hadoop.ipc.ProtobufRpcEngine2$Server$ProtoBufRpcInvoker.call(ProtobufRpcEngine2.java:574)
	at org.apache.hadoop.ipc.ProtobufRpcEngine2$Server$ProtoBufRpcInvoker.call(ProtobufRpcEngine2.java:552)
	at org.apache.hadoop.ipc.RPC$Server.call(RPC.java:1093)
	at org.apache.hadoop.ipc.Server$RpcCall.run(Server.java:1035)
	at org.apache.hadoop.ipc.Server$RpcCall.run(Server.java:963)
	at java.security.AccessController.doPrivileged(Native Method)
	at javax.security.auth.Subject.doAs(Subject.java:422)
	at org.apache.hadoop.security.UserGroupInformation.doAs(UserGroupInformation.java:1878)
	at org.apache.hadoop.ipc.Server$Handler.run(Server.java:2966)
, while invoking $Proxy46.send over nodeId=scmNodeId,nodeAddress=/0.0.0.0:35749 after 2 failover attempts. Trying to failover after sleeping for 2000ms.
2022-02-20 11:34:06,705 [060d77b2-bb29-40c6-b5bc-e873045ad83d@group-DA5EFC64E117-FollowerState] INFO  impl.FollowerState (FollowerState.java:run(134)) - 060d77b2-bb29-40c6-b5bc-e873045ad83d@group-DA5EFC64E117-FollowerState: change to CANDIDATE, lastRpcElapsedTime:5013728900ns, electionTimeout:5012ms
2022-02-20 11:34:06,706 [060d77b2-bb29-40c6-b5bc-e873045ad83d@group-DA5EFC64E117-FollowerState] INFO  impl.RoleInfo (RoleInfo.java:shutdownFollowerState(108)) - 060d77b2-bb29-40c6-b5bc-e873045ad83d: shutdown 060d77b2-bb29-40c6-b5bc-e873045ad83d@group-DA5EFC64E117-FollowerState
2022-02-20 11:34:06,706 [060d77b2-bb29-40c6-b5bc-e873045ad83d@group-DA5EFC64E117-FollowerState] INFO  server.RaftServer$Division (RaftServerImpl.java:setRole(290)) - 060d77b2-bb29-40c6-b5bc-e873045ad83d@group-DA5EFC64E117: changes role from  FOLLOWER to CANDIDATE at term 1 for changeToCandidate
2022-02-20 11:34:06,706 [060d77b2-bb29-40c6-b5bc-e873045ad83d@group-DA5EFC64E117-FollowerState] INFO  server.RaftServerConfigKeys (ConfUtils.java:logGet(44)) - raft.server.leaderelection.pre-vote = false (custom)
2022-02-20 11:34:06,706 [060d77b2-bb29-40c6-b5bc-e873045ad83d@group-DA5EFC64E117-FollowerState] INFO  impl.RoleInfo (RoleInfo.java:updateAndGet(130)) - 060d77b2-bb29-40c6-b5bc-e873045ad83d: start 060d77b2-bb29-40c6-b5bc-e873045ad83d@group-DA5EFC64E117-LeaderElection35
2022-02-20 11:34:06,728 [060d77b2-bb29-40c6-b5bc-e873045ad83d@group-DA5EFC64E117-LeaderElection35] INFO  impl.LeaderElection (LeaderElection.java:askForVotes(306)) - 060d77b2-bb29-40c6-b5bc-e873045ad83d@group-DA5EFC64E117-LeaderElection35 ELECTION round 0: submit vote requests at term 2 for 0: [060d77b2-bb29-40c6-b5bc-e873045ad83d|rpc:fv-az59-849:9894|admin:|client:|dataStream:|priority:0], old=null
2022-02-20 11:34:06,728 [060d77b2-bb29-40c6-b5bc-e873045ad83d@group-DA5EFC64E117-LeaderElection35] INFO  impl.LeaderElection (LeaderElection.java:askForVotes(308)) - 060d77b2-bb29-40c6-b5bc-e873045ad83d@group-DA5EFC64E117-LeaderElection35 ELECTION round 0: result PASSED (term=2)
2022-02-20 11:34:06,728 [060d77b2-bb29-40c6-b5bc-e873045ad83d@group-DA5EFC64E117-LeaderElection35] INFO  impl.RoleInfo (RoleInfo.java:shutdownLeaderElection(121)) - 060d77b2-bb29-40c6-b5bc-e873045ad83d: shutdown 060d77b2-bb29-40c6-b5bc-e873045ad83d@group-DA5EFC64E117-LeaderElection35
2022-02-20 11:34:06,728 [060d77b2-bb29-40c6-b5bc-e873045ad83d@group-DA5EFC64E117-LeaderElection35] INFO  server.RaftServer$Division (RaftServerImpl.java:setRole(290)) - 060d77b2-bb29-40c6-b5bc-e873045ad83d@group-DA5EFC64E117: changes role from CANDIDATE to LEADER at term 2 for changeToLeader
2022-02-20 11:34:06,728 [060d77b2-bb29-40c6-b5bc-e873045ad83d@group-DA5EFC64E117-LeaderElection35] INFO  ha.SCMStateMachine (SCMStateMachine.java:notifyLeaderChanged(259)) - current SCM becomes leader of term 2.
2022-02-20 11:34:06,728 [060d77b2-bb29-40c6-b5bc-e873045ad83d@group-DA5EFC64E117-LeaderElection35] INFO  ha.SCMContext (SCMContext.java:updateLeaderAndTerm(90)) - update <isLeader,term> from <false,0> to <true,2>
2022-02-20 11:34:06,728 [060d77b2-bb29-40c6-b5bc-e873045ad83d@group-DA5EFC64E117-LeaderElection35] INFO  server.RaftServer$Division (ServerState.java:setLeader(285)) - 060d77b2-bb29-40c6-b5bc-e873045ad83d@group-DA5EFC64E117: change Leader from null to 060d77b2-bb29-40c6-b5bc-e873045ad83d at term 2 for becomeLeader, leader elected after 5196ms
2022-02-20 11:34:06,729 [060d77b2-bb29-40c6-b5bc-e873045ad83d@group-DA5EFC64E117-LeaderElection35] INFO  server.RaftServerConfigKeys (ConfUtils.java:logGet(44)) - raft.server.staging.catchup.gap = 1000 (default)
2022-02-20 11:34:06,729 [060d77b2-bb29-40c6-b5bc-e873045ad83d@group-DA5EFC64E117-LeaderElection35] INFO  server.RaftServerConfigKeys (ConfUtils.java:logGet(44)) - raft.server.write.element-limit = 4096 (default)
2022-02-20 11:34:06,729 [060d77b2-bb29-40c6-b5bc-e873045ad83d@group-DA5EFC64E117-LeaderElection35] INFO  server.RaftServerConfigKeys (ConfUtils.java:logGet(44)) - raft.server.write.byte-limit = 64MB (=67108864) (default)
2022-02-20 11:34:06,729 [060d77b2-bb29-40c6-b5bc-e873045ad83d@group-DA5EFC64E117-LeaderElection35] INFO  server.RaftServerConfigKeys (ConfUtils.java:logGet(44)) - raft.server.watch.timeout = 10s (default)
2022-02-20 11:34:06,729 [060d77b2-bb29-40c6-b5bc-e873045ad83d@group-DA5EFC64E117-LeaderElection35] INFO  server.RaftServerConfigKeys (ConfUtils.java:logGet(44)) - raft.server.watch.timeout.denomination = 1s (default)
2022-02-20 11:34:06,729 [060d77b2-bb29-40c6-b5bc-e873045ad83d@group-DA5EFC64E117-LeaderElection35] INFO  server.RaftServerConfigKeys (ConfUtils.java:logGet(44)) - raft.server.watch.element-limit = 65536 (default)
2022-02-20 11:34:06,729 [060d77b2-bb29-40c6-b5bc-e873045ad83d@group-DA5EFC64E117-LeaderElection35] INFO  server.RaftServerConfigKeys (ConfUtils.java:logGet(44)) - raft.server.write.element-limit = 4096 (default)
2022-02-20 11:34:06,729 [060d77b2-bb29-40c6-b5bc-e873045ad83d@group-DA5EFC64E117-LeaderElection35] INFO  server.RaftServerConfigKeys (ConfUtils.java:logGet(44)) - raft.server.write.follower.gap.ratio.max = -1.0 (default)
2022-02-20 11:34:06,729 [060d77b2-bb29-40c6-b5bc-e873045ad83d@group-DA5EFC64E117-LeaderElection35] INFO  impl.RoleInfo (RoleInfo.java:updateAndGet(130)) - 060d77b2-bb29-40c6-b5bc-e873045ad83d: start 060d77b2-bb29-40c6-b5bc-e873045ad83d@group-DA5EFC64E117-LeaderStateImpl
2022-02-20 11:34:06,750 [060d77b2-bb29-40c6-b5bc-e873045ad83d@group-DA5EFC64E117-LeaderElection35] INFO  segmented.SegmentedRaftLogWorker (SegmentedRaftLogWorker.java:rollLogSegment(399)) - 060d77b2-bb29-40c6-b5bc-e873045ad83d@group-DA5EFC64E117-SegmentedRaftLogWorker: Rolling segment log-0_0 to index:0
2022-02-20 11:34:06,751 [060d77b2-bb29-40c6-b5bc-e873045ad83d@group-DA5EFC64E117-SegmentedRaftLogWorker] INFO  segmented.SegmentedRaftLogWorker (SegmentedRaftLogWorker.java:execute(558)) - 060d77b2-bb29-40c6-b5bc-e873045ad83d@group-DA5EFC64E117-SegmentedRaftLogWorker: Rolled log segment from /home/runner/work/ozone/ozone/hadoop-ozone/integration-test/target/test-dir/MiniOzoneClusterImpl-1758c66c-c060-455a-9a5e-da5efc64e117/ozone-meta/scm-ha/1758c66c-c060-455a-9a5e-da5efc64e117/current/log_inprogress_0 to /home/runner/work/ozone/ozone/hadoop-ozone/integration-test/target/test-dir/MiniOzoneClusterImpl-1758c66c-c060-455a-9a5e-da5efc64e117/ozone-meta/scm-ha/1758c66c-c060-455a-9a5e-da5efc64e117/current/log_0-0
2022-02-20 11:34:06,761 [060d77b2-bb29-40c6-b5bc-e873045ad83d@group-DA5EFC64E117-SegmentedRaftLogWorker] INFO  segmented.SegmentedRaftLogWorker (SegmentedRaftLogWorker.java:execute(601)) - 060d77b2-bb29-40c6-b5bc-e873045ad83d@group-DA5EFC64E117-SegmentedRaftLogWorker: created new log segment /home/runner/work/ozone/ozone/hadoop-ozone/integration-test/target/test-dir/MiniOzoneClusterImpl-1758c66c-c060-455a-9a5e-da5efc64e117/ozone-meta/scm-ha/1758c66c-c060-455a-9a5e-da5efc64e117/current/log_inprogress_1
2022-02-20 11:34:06,780 [060d77b2-bb29-40c6-b5bc-e873045ad83d@group-DA5EFC64E117-LeaderElection35] INFO  server.RaftServer$Division (ServerState.java:setRaftConf(387)) - 060d77b2-bb29-40c6-b5bc-e873045ad83d@group-DA5EFC64E117: set configuration 1: [060d77b2-bb29-40c6-b5bc-e873045ad83d|rpc:fv-az59-849:9894|admin:|client:|dataStream:|priority:0], old=null
2022-02-20 11:34:06,802 [060d77b2-bb29-40c6-b5bc-e873045ad83d@group-DA5EFC64E117-StateMachineUpdater] INFO  ha.SCMContext (SCMContext.java:setLeaderReady(117)) - update <isLeaderReady> from <false> to <true>
2022-02-20 11:34:06,807 [060d77b2-bb29-40c6-b5bc-e873045ad83d@group-DA5EFC64E117-StateMachineUpdater] INFO  pipeline.BackgroundPipelineCreator (BackgroundPipelineCreator.java:notifyStatusChanged(264)) - Service BackgroundPipelineCreator transitions to RUNNING.
2022-02-20 11:34:06,810 [060d77b2-bb29-40c6-b5bc-e873045ad83d@group-DA5EFC64E117-StateMachineUpdater] INFO  safemode.HealthyPipelineSafeModeRule (HealthyPipelineSafeModeRule.java:initializeRule(152)) - Refreshed total pipeline count is 0, healthy pipeline threshold count is 1
2022-02-20 11:34:06,810 [060d77b2-bb29-40c6-b5bc-e873045ad83d@group-DA5EFC64E117-StateMachineUpdater] INFO  safemode.ContainerSafeModeRule (ContainerSafeModeRule.java:reInitializeRule(177)) - Refreshed one replica container threshold 0, currentThreshold 0
2022-02-20 11:34:06,810 [060d77b2-bb29-40c6-b5bc-e873045ad83d@group-DA5EFC64E117-StateMachineUpdater] INFO  safemode.OneReplicaPipelineSafeModeRule (OneReplicaPipelineSafeModeRule.java:initializeRule(176)) - Refreshed Total pipeline count is 0, pipeline's with at least one datanode reported threshold count is 0
2022-02-20 11:34:06,810 [060d77b2-bb29-40c6-b5bc-e873045ad83d@group-DA5EFC64E117-StateMachineUpdater] INFO  server.SCMDatanodeProtocolServer (SCMDatanodeProtocolServer.java:start(181)) - ScmDatanodeProtocol RPC server for DataNodes is listening at /0.0.0.0:44551
2022-02-20 11:34:06,837 [IPC Server Responder] INFO  ipc.Server (Server.java:run(1507)) - IPC Server Responder: starting
2022-02-20 11:34:06,850 [IPC Server listener on 0] INFO  ipc.Server (Server.java:run(1344)) - IPC Server listener on 0: starting
2022-02-20 11:34:08,119 [Listener at 0.0.0.0/45473] WARN  server.ServerUtils (ServerUtils.java:getDBPath(225)) - ozone.om.db.dirs is not configured. We recommend adding this setting. Falling back to ozone.metadata.dirs instead.
2022-02-20 11:34:08,120 [Listener at 0.0.0.0/45473] INFO  codec.OmKeyInfoCodec (OmKeyInfoCodec.java:<init>(50)) - OmKeyInfoCodec ignorePipeline = true
2022-02-20 11:34:08,120 [Listener at 0.0.0.0/45473] INFO  codec.RepeatedOmKeyInfoCodec (RepeatedOmKeyInfoCodec.java:<init>(42)) - RepeatedOmKeyInfoCodec ignorePipeline = true
2022-02-20 11:34:08,390 [Listener at 0.0.0.0/45473] INFO  om.OzoneManager (OzoneManager.java:addS3GVolumeToDB(3732)) - Created Volume s3v With Owner runner required for S3Gateway operations.
2022-02-20 11:34:08,396 [Listener at 0.0.0.0/45473] INFO  ipc.CallQueueManager (CallQueueManager.java:<init>(90)) - Using callQueue: class java.util.concurrent.LinkedBlockingQueue, queueCapacity: 2000, scheduler: class org.apache.hadoop.ipc.DefaultRpcScheduler, ipcBackoff: false.
2022-02-20 11:34:08,403 [Socket Reader #1 for port 0] INFO  ipc.Server (Server.java:run(1265)) - Starting Socket Reader #1 for port 0
2022-02-20 11:34:08,473 [Listener at 127.0.0.1/43731] INFO  impl.MetricsSystemImpl (MetricsSystemImpl.java:init(158)) - OzoneManager metrics system started (again)
2022-02-20 11:34:08,499 [Listener at 127.0.0.1/43731] INFO  om.OzoneManager (OzoneManager.java:start(1365)) - OzoneManager RPC server is listening at localhost/127.0.0.1:43731
2022-02-20 11:34:08,500 [Listener at 127.0.0.1/43731] INFO  om.OzoneManager (OzoneManager.java:start(1381)) - Version File has different layout version (0) than OM DB (null). That is expected if this OM has never been finalized to a newer layout version.
2022-02-20 11:34:08,502 [Listener at 127.0.0.1/43731] INFO  http.BaseHttpServer (BaseHttpServer.java:newHttpServer2BuilderForOzone(209)) - Starting Web-server for ozoneManager at: http://0.0.0.0:0
2022-02-20 11:34:08,502 [Listener at 127.0.0.1/43731] INFO  http.BaseHttpServer (BaseHttpServer.java:<init>(107)) - Hadoop Security Enabled: false Ozone Security Enabled: false Ozone HTTP Security Enabled: false 
2022-02-20 11:34:08,503 [Listener at 127.0.0.1/43731] INFO  server.AuthenticationFilter (AuthenticationFilter.java:constructSecretProvider(240)) - Unable to initialize FileSignerSecretProvider, falling back to use random secrets.
2022-02-20 11:34:08,515 [Listener at 127.0.0.1/43731] WARN  http.HttpRequestLog (HttpRequestLog.java:getRequestLog(103)) - Jetty request log can only be enabled using Log4j
2022-02-20 11:34:08,516 [Listener at 127.0.0.1/43731] INFO  http.HttpServer2 (HttpServer2.java:addGlobalFilter(1030)) - Added global filter 'safety' (class=org.apache.hadoop.hdds.server.http.HttpServer2$QuotingInputFilter)
2022-02-20 11:34:08,516 [Listener at 127.0.0.1/43731] INFO  http.HttpServer2 (HttpServer2.java:addFilter(1006)) - Added filter static_user_filter (class=org.apache.hadoop.http.lib.StaticUserWebFilter$StaticUserFilter) to context ozoneManager
2022-02-20 11:34:08,516 [Listener at 127.0.0.1/43731] INFO  http.HttpServer2 (HttpServer2.java:addFilter(1014)) - Added filter static_user_filter (class=org.apache.hadoop.http.lib.StaticUserWebFilter$StaticUserFilter) to context logs
2022-02-20 11:34:08,517 [Listener at 127.0.0.1/43731] INFO  http.HttpServer2 (HttpServer2.java:addFilter(1014)) - Added filter static_user_filter (class=org.apache.hadoop.http.lib.StaticUserWebFilter$StaticUserFilter) to context static
2022-02-20 11:34:08,517 [Listener at 127.0.0.1/43731] INFO  http.HttpServer2 (HttpServer2.java:bindListener(1249)) - Jetty bound to port 41743
2022-02-20 11:34:08,517 [Listener at 127.0.0.1/43731] INFO  server.Server (Server.java:doStart(375)) - jetty-9.4.43.v20210629; built: 2021-06-30T11:07:22.254Z; git: 526006ecfa3af7f1a27ef3a288e2bef7ea9dd7e8; jvm 1.8.0_322-b06
2022-02-20 11:34:08,534 [Listener at 127.0.0.1/43731] INFO  server.session (DefaultSessionIdManager.java:doStart(334)) - DefaultSessionIdManager workerName=node0
2022-02-20 11:34:08,534 [Listener at 127.0.0.1/43731] INFO  server.session (DefaultSessionIdManager.java:doStart(339)) - No SessionScavenger set, using defaults
2022-02-20 11:34:08,534 [Listener at 127.0.0.1/43731] INFO  server.session (HouseKeeper.java:startScavenging(132)) - node0 Scavenging every 660000ms
2022-02-20 11:34:08,536 [Listener at 127.0.0.1/43731] INFO  handler.ContextHandler (ContextHandler.java:doStart(915)) - Started o.e.j.s.ServletContextHandler@58d4ee83{logs,/logs,file:///home/runner/work/ozone/ozone/hadoop-ozone/integration-test/target/log,AVAILABLE}
2022-02-20 11:34:08,536 [Listener at 127.0.0.1/43731] INFO  handler.ContextHandler (ContextHandler.java:doStart(915)) - Started o.e.j.s.ServletContextHandler@51aa6e1{static,/static,file:///home/runner/work/ozone/ozone/hadoop-ozone/integration-test/target/test-classes/webapps/static,AVAILABLE}
2022-02-20 11:34:08,539 [Listener at 127.0.0.1/43731] INFO  handler.ContextHandler (ContextHandler.java:doStart(915)) - Started o.e.j.w.WebAppContext@45456cd1{ozoneManager,/,file:///home/runner/work/ozone/ozone/hadoop-ozone/integration-test/target/test-classes/webapps/ozoneManager/,AVAILABLE}{file:/home/runner/work/ozone/ozone/hadoop-ozone/integration-test/target/test-classes/webapps/ozoneManager}
2022-02-20 11:34:08,544 [Listener at 127.0.0.1/43731] INFO  server.AbstractConnector (AbstractConnector.java:doStart(331)) - Started ServerConnector@1e441f46{HTTP/1.1, (http/1.1)}{0.0.0.0:41743}
2022-02-20 11:34:08,558 [Listener at 127.0.0.1/43731] INFO  server.Server (Server.java:doStart(415)) - Started @138746ms
2022-02-20 11:34:08,558 [Listener at 127.0.0.1/43731] WARN  impl.MetricsSystemImpl (MetricsSystemImpl.java:register(279)) - Sink prometheus already exists!
2022-02-20 11:34:08,567 [Listener at 127.0.0.1/43731] INFO  http.BaseHttpServer (BaseHttpServer.java:updateConnectorAddress(329)) - HTTP server of ozoneManager listening at http://0.0.0.0:41743
2022-02-20 11:34:08,573 [IPC Server Responder] INFO  ipc.Server (Server.java:run(1507)) - IPC Server Responder: starting
2022-02-20 11:34:08,574 [IPC Server listener on 0] INFO  ipc.Server (Server.java:run(1344)) - IPC Server listener on 0: starting
2022-02-20 11:34:08,576 [Listener at 127.0.0.1/43731] INFO  om.TrashPolicyOzone (TrashPolicyOzone.java:<init>(178)) - Ozone Manager trash configuration: Deletion interval = 0 minutes, Emptier interval = 0 minutes.
2022-02-20 11:34:08,590 [org.apache.hadoop.util.JvmPauseMonitor$Monitor@94e90c0] INFO  util.JvmPauseMonitor (JvmPauseMonitor.java:run(188)) - Starting JVM pause monitor
2022-02-20 11:34:08,610 [Listener at 127.0.0.1/43731] WARN  impl.MetricRegistriesImpl (MetricRegistriesImpl.java:addReporterRegistration(111)) - New reporters are added after registries were created. Some metrics will be missing from the reporter. Please add reporter before adding any new registry.
2022-02-20 11:34:08,610 [Listener at 127.0.0.1/43731] WARN  impl.MetricRegistriesImpl (MetricRegistriesImpl.java:addReporterRegistration(111)) - New reporters are added after registries were created. Some metrics will be missing from the reporter. Please add reporter before adding any new registry.
2022-02-20 11:34:08,610 [Listener at 127.0.0.1/43731] INFO  impl.MetricsSystemImpl (MetricsSystemImpl.java:init(158)) - HddsDatanode metrics system started (again)
2022-02-20 11:34:08,621 [Listener at 127.0.0.1/43731] INFO  ozone.HddsDatanodeService (HddsDatanodeService.java:start(233)) - HddsDatanodeService host:fv-az59-849.csjynl4pkq3e1pkirw3ssqjfoh.cx.internal.cloudapp.net ip:10.1.0.4
2022-02-20 11:34:08,687 [Listener at 127.0.0.1/43731] INFO  upgrade.AbstractLayoutVersionManager (AbstractLayoutVersionManager.java:init(79)) - Initializing Layout version manager with metadata layout = SCM_HA (version = 2), software layout = SCM_HA (version = 2)
2022-02-20 11:34:08,782 [Listener at 127.0.0.1/43731] INFO  reflections.Reflections (Reflections.java:scan(232)) - Reflections took 94 ms to scan 7 urls, producing 121 keys and 284 values 
2022-02-20 11:34:08,793 [Listener at 127.0.0.1/43731] INFO  statemachine.DatanodeStateMachine (DatanodeStateMachine.java:getEndPointTaskThreadPoolSize(222)) - Datanode State Machine Task Thread Pool size 2
2022-02-20 11:34:08,798 [Listener at 127.0.0.1/43731] INFO  volume.HddsVolume (HddsVolume.java:<init>(120)) - Creating HddsVolume: /home/runner/work/ozone/ozone/hadoop-ozone/integration-test/target/test-dir/MiniOzoneClusterImpl-1758c66c-c060-455a-9a5e-da5efc64e117/datanode-0/data-0/containers/hdds of storage type : DISK capacity : 9223372036854775807
2022-02-20 11:34:08,799 [Listener at 127.0.0.1/43731] INFO  volume.MutableVolumeSet (MutableVolumeSet.java:initializeVolumeSet(168)) - Added Volume : /home/runner/work/ozone/ozone/hadoop-ozone/integration-test/target/test-dir/MiniOzoneClusterImpl-1758c66c-c060-455a-9a5e-da5efc64e117/datanode-0/data-0/containers/hdds to VolumeSet
2022-02-20 11:34:08,799 [Listener at 127.0.0.1/43731] INFO  volume.ThrottledAsyncChecker (ThrottledAsyncChecker.java:schedule(141)) - Scheduling a check for /home/runner/work/ozone/ozone/hadoop-ozone/integration-test/target/test-dir/MiniOzoneClusterImpl-1758c66c-c060-455a-9a5e-da5efc64e117/datanode-0/data-0/containers/hdds
2022-02-20 11:34:08,803 [Listener at 127.0.0.1/43731] INFO  volume.StorageVolumeChecker (StorageVolumeChecker.java:checkAllVolumes(202)) - Scheduled health check for volume /home/runner/work/ozone/ozone/hadoop-ozone/integration-test/target/test-dir/MiniOzoneClusterImpl-1758c66c-c060-455a-9a5e-da5efc64e117/datanode-0/data-0/containers/hdds
2022-02-20 11:34:08,820 [Listener at 127.0.0.1/43731] INFO  volume.MutableVolumeSet (MutableVolumeSet.java:initializeVolumeSet(168)) - Added Volume : /home/runner/work/ozone/ozone/hadoop-ozone/integration-test/target/test-dir/MiniOzoneClusterImpl-1758c66c-c060-455a-9a5e-da5efc64e117/datanode-0/data/ratis to VolumeSet
2022-02-20 11:34:08,821 [Listener at 127.0.0.1/43731] INFO  volume.ThrottledAsyncChecker (ThrottledAsyncChecker.java:schedule(141)) - Scheduling a check for /home/runner/work/ozone/ozone/hadoop-ozone/integration-test/target/test-dir/MiniOzoneClusterImpl-1758c66c-c060-455a-9a5e-da5efc64e117/datanode-0/data/ratis
2022-02-20 11:34:08,821 [Listener at 127.0.0.1/43731] INFO  volume.StorageVolumeChecker (StorageVolumeChecker.java:checkAllVolumes(202)) - Scheduled health check for volume /home/runner/work/ozone/ozone/hadoop-ozone/integration-test/target/test-dir/MiniOzoneClusterImpl-1758c66c-c060-455a-9a5e-da5efc64e117/datanode-0/data/ratis
2022-02-20 11:34:08,868 [Thread-906] INFO  ozoneimpl.ContainerReader (ContainerReader.java:readVolume(172)) - Finish verifying containers on volume /home/runner/work/ozone/ozone/hadoop-ozone/integration-test/target/test-dir/MiniOzoneClusterImpl-1758c66c-c060-455a-9a5e-da5efc64e117/datanode-0/data-0/containers/hdds
2022-02-20 11:34:08,868 [Listener at 127.0.0.1/43731] INFO  ozoneimpl.OzoneContainer (OzoneContainer.java:buildContainerSet(252)) - Build ContainerSet costs 0s
2022-02-20 11:34:08,880 [Listener at 127.0.0.1/43731] INFO  server.RaftServer (ConfUtils.java:logGet(44)) - raft.rpc.type = GRPC (default)
2022-02-20 11:34:08,886 [Listener at 127.0.0.1/43731] INFO  grpc.GrpcFactory (GrpcFactory.java:checkPooledByteBufAllocatorUseCacheForAllThreads(48)) - PERFORMANCE WARNING: useCacheForAllThreads is true that may cause Netty to create a lot garbage objects and, as a result, trigger GC.
	It is recommended to disable useCacheForAllThreads by setting -Dorg.apache.ratis.thirdparty.io.netty.allocator.useCacheForAllThreads=false in command line.
2022-02-20 11:34:08,887 [Listener at 127.0.0.1/43731] INFO  grpc.GrpcConfigKeys (ConfUtils.java:logGet(44)) - raft.grpc.admin.port = 0 (custom)
2022-02-20 11:34:08,887 [Listener at 127.0.0.1/43731] INFO  grpc.GrpcConfigKeys (ConfUtils.java:logGet(44)) - raft.grpc.client.port = 0 (custom)
2022-02-20 11:34:08,888 [Listener at 127.0.0.1/43731] INFO  grpc.GrpcConfigKeys (ConfUtils.java:logGet(44)) - raft.grpc.server.port = 0 (default)
2022-02-20 11:34:08,888 [Listener at 127.0.0.1/43731] INFO  server.GrpcService (ConfUtils.java:logGet(44)) - raft.grpc.message.size.max = 32MB (=33554432) (custom)
2022-02-20 11:34:08,888 [Listener at 127.0.0.1/43731] INFO  server.RaftServerConfigKeys (ConfUtils.java:logGet(44)) - raft.server.log.appender.buffer.byte-limit = 33554432 (custom)
2022-02-20 11:34:08,888 [Listener at 127.0.0.1/43731] INFO  server.GrpcService (ConfUtils.java:logGet(44)) - raft.grpc.flow.control.window = 5MB (=5242880) (custom)
2022-02-20 11:34:08,888 [Listener at 127.0.0.1/43731] INFO  server.RaftServerConfigKeys (ConfUtils.java:logGet(44)) - raft.server.rpc.request.timeout = 60s (custom)
2022-02-20 11:34:08,892 [Listener at 127.0.0.1/43731] INFO  impl.DataStreamServerImpl (ConfUtils.java:logGet(44)) - raft.datastream.type = DISABLED (default)
2022-02-20 11:34:08,892 [Listener at 127.0.0.1/43731] INFO  server.RaftServerConfigKeys (ConfUtils.java:logGet(44)) - raft.server.rpc.slowness.timeout = 300s (custom)
2022-02-20 11:34:08,892 [Listener at 127.0.0.1/43731] INFO  server.RaftServerConfigKeys (ConfUtils.java:logGet(44)) - raft.server.leaderelection.leader.step-down.wait-time = 10s (default)
2022-02-20 11:34:08,892 [Listener at 127.0.0.1/43731] INFO  server.RaftServerConfigKeys (ConfUtils.java:logGet(44)) - raft.server.storage.dir = [/home/runner/work/ozone/ozone/hadoop-ozone/integration-test/target/test-dir/MiniOzoneClusterImpl-1758c66c-c060-455a-9a5e-da5efc64e117/datanode-0/data/ratis] (custom)
2022-02-20 11:34:08,893 [Listener at 127.0.0.1/43731] INFO  server.XceiverServerGrpc (XceiverServerGrpc.java:<init>(132)) - GrpcServer channel type EpollServerSocketChannel
2022-02-20 11:34:08,918 [Listener at 127.0.0.1/43731] INFO  http.BaseHttpServer (BaseHttpServer.java:newHttpServer2BuilderForOzone(209)) - Starting Web-server for hddsDatanode at: http://0.0.0.0:0
2022-02-20 11:34:08,918 [Listener at 127.0.0.1/43731] INFO  http.BaseHttpServer (BaseHttpServer.java:<init>(107)) - Hadoop Security Enabled: false Ozone Security Enabled: false Ozone HTTP Security Enabled: false 
2022-02-20 11:34:08,919 [Listener at 127.0.0.1/43731] INFO  server.AuthenticationFilter (AuthenticationFilter.java:constructSecretProvider(240)) - Unable to initialize FileSignerSecretProvider, falling back to use random secrets.
2022-02-20 11:34:08,924 [Listener at 127.0.0.1/43731] WARN  http.HttpRequestLog (HttpRequestLog.java:getRequestLog(103)) - Jetty request log can only be enabled using Log4j
2022-02-20 11:34:08,925 [Listener at 127.0.0.1/43731] INFO  http.HttpServer2 (HttpServer2.java:addGlobalFilter(1030)) - Added global filter 'safety' (class=org.apache.hadoop.hdds.server.http.HttpServer2$QuotingInputFilter)
2022-02-20 11:34:08,925 [Listener at 127.0.0.1/43731] INFO  http.HttpServer2 (HttpServer2.java:addFilter(1006)) - Added filter static_user_filter (class=org.apache.hadoop.http.lib.StaticUserWebFilter$StaticUserFilter) to context hddsDatanode
2022-02-20 11:34:08,925 [Listener at 127.0.0.1/43731] INFO  http.HttpServer2 (HttpServer2.java:addFilter(1014)) - Added filter static_user_filter (class=org.apache.hadoop.http.lib.StaticUserWebFilter$StaticUserFilter) to context logs
2022-02-20 11:34:08,925 [Listener at 127.0.0.1/43731] INFO  http.HttpServer2 (HttpServer2.java:addFilter(1014)) - Added filter static_user_filter (class=org.apache.hadoop.http.lib.StaticUserWebFilter$StaticUserFilter) to context static
2022-02-20 11:34:08,926 [Listener at 127.0.0.1/43731] INFO  http.HttpServer2 (HttpServer2.java:bindListener(1249)) - Jetty bound to port 45071
2022-02-20 11:34:08,926 [Listener at 127.0.0.1/43731] INFO  server.Server (Server.java:doStart(375)) - jetty-9.4.43.v20210629; built: 2021-06-30T11:07:22.254Z; git: 526006ecfa3af7f1a27ef3a288e2bef7ea9dd7e8; jvm 1.8.0_322-b06
2022-02-20 11:34:08,931 [Listener at 127.0.0.1/43731] INFO  server.session (DefaultSessionIdManager.java:doStart(334)) - DefaultSessionIdManager workerName=node0
2022-02-20 11:34:08,931 [Listener at 127.0.0.1/43731] INFO  server.session (DefaultSessionIdManager.java:doStart(339)) - No SessionScavenger set, using defaults
2022-02-20 11:34:08,931 [Listener at 127.0.0.1/43731] INFO  server.session (HouseKeeper.java:startScavenging(132)) - node0 Scavenging every 600000ms
2022-02-20 11:34:08,933 [Listener at 127.0.0.1/43731] INFO  handler.ContextHandler (ContextHandler.java:doStart(915)) - Started o.e.j.s.ServletContextHandler@4d6ad67b{logs,/logs,file:///home/runner/work/ozone/ozone/hadoop-ozone/integration-test/target/log,AVAILABLE}
2022-02-20 11:34:08,933 [Listener at 127.0.0.1/43731] INFO  handler.ContextHandler (ContextHandler.java:doStart(915)) - Started o.e.j.s.ServletContextHandler@3842317{static,/static,jar:file:/home/runner/.m2/repository/org/apache/ozone/hdds-container-service/1.3.0-SNAPSHOT/hdds-container-service-1.3.0-SNAPSHOT.jar!/webapps/static,AVAILABLE}
2022-02-20 11:34:09,075 [Listener at 127.0.0.1/43731] INFO  handler.ContextHandler (ContextHandler.java:doStart(915)) - Started o.e.j.w.WebAppContext@2b17b49e{hddsDatanode,/,file:///tmp/jetty-0_0_0_0-45071-hdds-container-service-1_3_0-SNAPSHOT_jar-_-any-8549198351992447109/webapp/,AVAILABLE}{jar:file:/home/runner/.m2/repository/org/apache/ozone/hdds-container-service/1.3.0-SNAPSHOT/hdds-container-service-1.3.0-SNAPSHOT.jar!/webapps/hddsDatanode}
2022-02-20 11:34:09,086 [Listener at 127.0.0.1/43731] INFO  server.AbstractConnector (AbstractConnector.java:doStart(331)) - Started ServerConnector@1b500d69{HTTP/1.1, (http/1.1)}{0.0.0.0:45071}
2022-02-20 11:34:09,090 [Listener at 127.0.0.1/43731] INFO  server.Server (Server.java:doStart(415)) - Started @139278ms
2022-02-20 11:34:09,093 [Listener at 127.0.0.1/43731] WARN  impl.MetricsSystemImpl (MetricsSystemImpl.java:register(279)) - Sink prometheus already exists!
2022-02-20 11:34:09,094 [Listener at 127.0.0.1/43731] INFO  http.BaseHttpServer (BaseHttpServer.java:updateConnectorAddress(329)) - HTTP server of hddsDatanode listening at http://0.0.0.0:45071
2022-02-20 11:34:09,102 [Listener at 127.0.0.1/43731] WARN  impl.MetricRegistriesImpl (MetricRegistriesImpl.java:addReporterRegistration(111)) - New reporters are added after registries were created. Some metrics will be missing from the reporter. Please add reporter before adding any new registry.
2022-02-20 11:34:09,102 [Listener at 127.0.0.1/43731] WARN  impl.MetricRegistriesImpl (MetricRegistriesImpl.java:addReporterRegistration(111)) - New reporters are added after registries were created. Some metrics will be missing from the reporter. Please add reporter before adding any new registry.
2022-02-20 11:34:09,102 [Listener at 127.0.0.1/43731] INFO  impl.MetricsSystemImpl (MetricsSystemImpl.java:init(158)) - HddsDatanode metrics system started (again)
2022-02-20 11:34:09,110 [Datanode State Machine Daemon Thread] INFO  statemachine.DatanodeStateMachine (DatanodeStateMachine.java:lambda$startDaemon$0(470)) - Ozone container server started.
2022-02-20 11:34:09,122 [Listener at 127.0.0.1/43731] INFO  ozone.HddsDatanodeService (HddsDatanodeService.java:start(233)) - HddsDatanodeService host:fv-az59-849.csjynl4pkq3e1pkirw3ssqjfoh.cx.internal.cloudapp.net ip:10.1.0.4
2022-02-20 11:34:09,165 [org.apache.hadoop.util.JvmPauseMonitor$Monitor@71987cdb] INFO  util.JvmPauseMonitor (JvmPauseMonitor.java:run(188)) - Starting JVM pause monitor
2022-02-20 11:34:09,174 [Datanode State Machine Task Thread - 0] INFO  datanode.InitDatanodeState (InitDatanodeState.java:persistContainerDatanodeDetails(138)) - DatanodeDetails is persisted to /home/runner/work/ozone/ozone/hadoop-ozone/integration-test/target/test-dir/MiniOzoneClusterImpl-1758c66c-c060-455a-9a5e-da5efc64e117/datanode-0/meta/datanode.id
2022-02-20 11:34:09,183 [Listener at 127.0.0.1/43731] INFO  upgrade.AbstractLayoutVersionManager (AbstractLayoutVersionManager.java:init(79)) - Initializing Layout version manager with metadata layout = SCM_HA (version = 2), software layout = SCM_HA (version = 2)
2022-02-20 11:34:09,283 [Listener at 127.0.0.1/43731] INFO  reflections.Reflections (Reflections.java:scan(232)) - Reflections took 96 ms to scan 7 urls, producing 121 keys and 284 values 
2022-02-20 11:34:09,290 [Listener at 127.0.0.1/43731] INFO  statemachine.DatanodeStateMachine (DatanodeStateMachine.java:getEndPointTaskThreadPoolSize(222)) - Datanode State Machine Task Thread Pool size 2
2022-02-20 11:34:09,301 [Listener at 127.0.0.1/43731] INFO  volume.HddsVolume (HddsVolume.java:<init>(120)) - Creating HddsVolume: /home/runner/work/ozone/ozone/hadoop-ozone/integration-test/target/test-dir/MiniOzoneClusterImpl-1758c66c-c060-455a-9a5e-da5efc64e117/datanode-1/data-0/containers/hdds of storage type : DISK capacity : 9223372036854775807
2022-02-20 11:34:09,301 [Listener at 127.0.0.1/43731] INFO  volume.MutableVolumeSet (MutableVolumeSet.java:initializeVolumeSet(168)) - Added Volume : /home/runner/work/ozone/ozone/hadoop-ozone/integration-test/target/test-dir/MiniOzoneClusterImpl-1758c66c-c060-455a-9a5e-da5efc64e117/datanode-1/data-0/containers/hdds to VolumeSet
2022-02-20 11:34:09,302 [Listener at 127.0.0.1/43731] INFO  volume.ThrottledAsyncChecker (ThrottledAsyncChecker.java:schedule(141)) - Scheduling a check for /home/runner/work/ozone/ozone/hadoop-ozone/integration-test/target/test-dir/MiniOzoneClusterImpl-1758c66c-c060-455a-9a5e-da5efc64e117/datanode-1/data-0/containers/hdds
2022-02-20 11:34:09,310 [Listener at 127.0.0.1/43731] INFO  volume.StorageVolumeChecker (StorageVolumeChecker.java:checkAllVolumes(202)) - Scheduled health check for volume /home/runner/work/ozone/ozone/hadoop-ozone/integration-test/target/test-dir/MiniOzoneClusterImpl-1758c66c-c060-455a-9a5e-da5efc64e117/datanode-1/data-0/containers/hdds
2022-02-20 11:34:09,325 [Listener at 127.0.0.1/43731] INFO  volume.MutableVolumeSet (MutableVolumeSet.java:initializeVolumeSet(168)) - Added Volume : /home/runner/work/ozone/ozone/hadoop-ozone/integration-test/target/test-dir/MiniOzoneClusterImpl-1758c66c-c060-455a-9a5e-da5efc64e117/datanode-1/data/ratis to VolumeSet
2022-02-20 11:34:09,325 [Listener at 127.0.0.1/43731] INFO  volume.ThrottledAsyncChecker (ThrottledAsyncChecker.java:schedule(141)) - Scheduling a check for /home/runner/work/ozone/ozone/hadoop-ozone/integration-test/target/test-dir/MiniOzoneClusterImpl-1758c66c-c060-455a-9a5e-da5efc64e117/datanode-1/data/ratis
2022-02-20 11:34:09,325 [Listener at 127.0.0.1/43731] INFO  volume.StorageVolumeChecker (StorageVolumeChecker.java:checkAllVolumes(202)) - Scheduled health check for volume /home/runner/work/ozone/ozone/hadoop-ozone/integration-test/target/test-dir/MiniOzoneClusterImpl-1758c66c-c060-455a-9a5e-da5efc64e117/datanode-1/data/ratis
2022-02-20 11:34:09,369 [Thread-918] INFO  ozoneimpl.ContainerReader (ContainerReader.java:readVolume(172)) - Finish verifying containers on volume /home/runner/work/ozone/ozone/hadoop-ozone/integration-test/target/test-dir/MiniOzoneClusterImpl-1758c66c-c060-455a-9a5e-da5efc64e117/datanode-1/data-0/containers/hdds
2022-02-20 11:34:09,369 [Listener at 127.0.0.1/43731] INFO  ozoneimpl.OzoneContainer (OzoneContainer.java:buildContainerSet(252)) - Build ContainerSet costs 0s
2022-02-20 11:34:09,372 [Listener at 127.0.0.1/43731] INFO  server.RaftServer (ConfUtils.java:logGet(44)) - raft.rpc.type = GRPC (default)
2022-02-20 11:34:09,373 [Listener at 127.0.0.1/43731] INFO  grpc.GrpcFactory (GrpcFactory.java:checkPooledByteBufAllocatorUseCacheForAllThreads(48)) - PERFORMANCE WARNING: useCacheForAllThreads is true that may cause Netty to create a lot garbage objects and, as a result, trigger GC.
	It is recommended to disable useCacheForAllThreads by setting -Dorg.apache.ratis.thirdparty.io.netty.allocator.useCacheForAllThreads=false in command line.
2022-02-20 11:34:09,373 [Listener at 127.0.0.1/43731] INFO  grpc.GrpcConfigKeys (ConfUtils.java:logGet(44)) - raft.grpc.admin.port = 0 (custom)
2022-02-20 11:34:09,373 [Listener at 127.0.0.1/43731] INFO  grpc.GrpcConfigKeys (ConfUtils.java:logGet(44)) - raft.grpc.client.port = 0 (custom)
2022-02-20 11:34:09,373 [Listener at 127.0.0.1/43731] INFO  grpc.GrpcConfigKeys (ConfUtils.java:logGet(44)) - raft.grpc.server.port = 0 (default)
2022-02-20 11:34:09,373 [Listener at 127.0.0.1/43731] INFO  server.GrpcService (ConfUtils.java:logGet(44)) - raft.grpc.message.size.max = 32MB (=33554432) (custom)
2022-02-20 11:34:09,373 [Listener at 127.0.0.1/43731] INFO  server.RaftServerConfigKeys (ConfUtils.java:logGet(44)) - raft.server.log.appender.buffer.byte-limit = 33554432 (custom)
2022-02-20 11:34:09,373 [Listener at 127.0.0.1/43731] INFO  server.GrpcService (ConfUtils.java:logGet(44)) - raft.grpc.flow.control.window = 5MB (=5242880) (custom)
2022-02-20 11:34:09,373 [Listener at 127.0.0.1/43731] INFO  server.RaftServerConfigKeys (ConfUtils.java:logGet(44)) - raft.server.rpc.request.timeout = 60s (custom)
2022-02-20 11:34:09,378 [Listener at 127.0.0.1/43731] INFO  impl.DataStreamServerImpl (ConfUtils.java:logGet(44)) - raft.datastream.type = DISABLED (default)
2022-02-20 11:34:09,379 [Listener at 127.0.0.1/43731] INFO  server.RaftServerConfigKeys (ConfUtils.java:logGet(44)) - raft.server.rpc.slowness.timeout = 300s (custom)
2022-02-20 11:34:09,380 [Listener at 127.0.0.1/43731] INFO  server.RaftServerConfigKeys (ConfUtils.java:logGet(44)) - raft.server.leaderelection.leader.step-down.wait-time = 10s (default)
2022-02-20 11:34:09,380 [Listener at 127.0.0.1/43731] INFO  server.RaftServerConfigKeys (ConfUtils.java:logGet(44)) - raft.server.storage.dir = [/home/runner/work/ozone/ozone/hadoop-ozone/integration-test/target/test-dir/MiniOzoneClusterImpl-1758c66c-c060-455a-9a5e-da5efc64e117/datanode-1/data/ratis] (custom)
2022-02-20 11:34:09,382 [Listener at 127.0.0.1/43731] INFO  server.XceiverServerGrpc (XceiverServerGrpc.java:<init>(132)) - GrpcServer channel type EpollServerSocketChannel
2022-02-20 11:34:09,410 [Listener at 127.0.0.1/43731] INFO  http.BaseHttpServer (BaseHttpServer.java:newHttpServer2BuilderForOzone(209)) - Starting Web-server for hddsDatanode at: http://0.0.0.0:0
2022-02-20 11:34:09,411 [Listener at 127.0.0.1/43731] INFO  http.BaseHttpServer (BaseHttpServer.java:<init>(107)) - Hadoop Security Enabled: false Ozone Security Enabled: false Ozone HTTP Security Enabled: false 
2022-02-20 11:34:09,412 [Listener at 127.0.0.1/43731] INFO  server.AuthenticationFilter (AuthenticationFilter.java:constructSecretProvider(240)) - Unable to initialize FileSignerSecretProvider, falling back to use random secrets.
2022-02-20 11:34:09,418 [Listener at 127.0.0.1/43731] WARN  http.HttpRequestLog (HttpRequestLog.java:getRequestLog(103)) - Jetty request log can only be enabled using Log4j
2022-02-20 11:34:09,419 [Listener at 127.0.0.1/43731] INFO  http.HttpServer2 (HttpServer2.java:addGlobalFilter(1030)) - Added global filter 'safety' (class=org.apache.hadoop.hdds.server.http.HttpServer2$QuotingInputFilter)
2022-02-20 11:34:09,419 [Listener at 127.0.0.1/43731] INFO  http.HttpServer2 (HttpServer2.java:addFilter(1006)) - Added filter static_user_filter (class=org.apache.hadoop.http.lib.StaticUserWebFilter$StaticUserFilter) to context hddsDatanode
2022-02-20 11:34:09,419 [Listener at 127.0.0.1/43731] INFO  http.HttpServer2 (HttpServer2.java:addFilter(1014)) - Added filter static_user_filter (class=org.apache.hadoop.http.lib.StaticUserWebFilter$StaticUserFilter) to context logs
2022-02-20 11:34:09,420 [Listener at 127.0.0.1/43731] INFO  http.HttpServer2 (HttpServer2.java:addFilter(1014)) - Added filter static_user_filter (class=org.apache.hadoop.http.lib.StaticUserWebFilter$StaticUserFilter) to context static
2022-02-20 11:34:09,420 [Listener at 127.0.0.1/43731] INFO  http.HttpServer2 (HttpServer2.java:bindListener(1249)) - Jetty bound to port 34051
2022-02-20 11:34:09,420 [Listener at 127.0.0.1/43731] INFO  server.Server (Server.java:doStart(375)) - jetty-9.4.43.v20210629; built: 2021-06-30T11:07:22.254Z; git: 526006ecfa3af7f1a27ef3a288e2bef7ea9dd7e8; jvm 1.8.0_322-b06
2022-02-20 11:34:09,474 [Listener at 127.0.0.1/43731] INFO  server.session (DefaultSessionIdManager.java:doStart(334)) - DefaultSessionIdManager workerName=node0
2022-02-20 11:34:09,474 [Listener at 127.0.0.1/43731] INFO  server.session (DefaultSessionIdManager.java:doStart(339)) - No SessionScavenger set, using defaults
2022-02-20 11:34:09,474 [Listener at 127.0.0.1/43731] INFO  server.session (HouseKeeper.java:startScavenging(132)) - node0 Scavenging every 660000ms
2022-02-20 11:34:09,481 [Listener at 127.0.0.1/43731] INFO  handler.ContextHandler (ContextHandler.java:doStart(915)) - Started o.e.j.s.ServletContextHandler@27cd312c{logs,/logs,file:///home/runner/work/ozone/ozone/hadoop-ozone/integration-test/target/log,AVAILABLE}
2022-02-20 11:34:09,481 [Listener at 127.0.0.1/43731] INFO  handler.ContextHandler (ContextHandler.java:doStart(915)) - Started o.e.j.s.ServletContextHandler@3dee2f62{static,/static,jar:file:/home/runner/.m2/repository/org/apache/ozone/hdds-container-service/1.3.0-SNAPSHOT/hdds-container-service-1.3.0-SNAPSHOT.jar!/webapps/static,AVAILABLE}
2022-02-20 11:34:09,622 [Listener at 127.0.0.1/43731] INFO  handler.ContextHandler (ContextHandler.java:doStart(915)) - Started o.e.j.w.WebAppContext@6516dd09{hddsDatanode,/,file:///tmp/jetty-0_0_0_0-34051-hdds-container-service-1_3_0-SNAPSHOT_jar-_-any-2693675647305916046/webapp/,AVAILABLE}{jar:file:/home/runner/.m2/repository/org/apache/ozone/hdds-container-service/1.3.0-SNAPSHOT/hdds-container-service-1.3.0-SNAPSHOT.jar!/webapps/hddsDatanode}
2022-02-20 11:34:09,634 [Listener at 127.0.0.1/43731] INFO  server.AbstractConnector (AbstractConnector.java:doStart(331)) - Started ServerConnector@3cc3f137{HTTP/1.1, (http/1.1)}{0.0.0.0:34051}
2022-02-20 11:34:09,634 [Listener at 127.0.0.1/43731] INFO  server.Server (Server.java:doStart(415)) - Started @139822ms
2022-02-20 11:34:09,634 [Listener at 127.0.0.1/43731] WARN  impl.MetricsSystemImpl (MetricsSystemImpl.java:register(279)) - Sink prometheus already exists!
2022-02-20 11:34:09,635 [Listener at 127.0.0.1/43731] INFO  http.BaseHttpServer (BaseHttpServer.java:updateConnectorAddress(329)) - HTTP server of hddsDatanode listening at http://0.0.0.0:34051
2022-02-20 11:34:09,653 [Listener at 127.0.0.1/43731] WARN  impl.MetricRegistriesImpl (MetricRegistriesImpl.java:addReporterRegistration(111)) - New reporters are added after registries were created. Some metrics will be missing from the reporter. Please add reporter before adding any new registry.
2022-02-20 11:34:09,653 [Listener at 127.0.0.1/43731] WARN  impl.MetricRegistriesImpl (MetricRegistriesImpl.java:addReporterRegistration(111)) - New reporters are added after registries were created. Some metrics will be missing from the reporter. Please add reporter before adding any new registry.
2022-02-20 11:34:09,653 [Listener at 127.0.0.1/43731] INFO  impl.MetricsSystemImpl (MetricsSystemImpl.java:init(158)) - HddsDatanode metrics system started (again)
2022-02-20 11:34:09,658 [Datanode State Machine Daemon Thread] INFO  statemachine.DatanodeStateMachine (DatanodeStateMachine.java:lambda$startDaemon$0(470)) - Ozone container server started.
2022-02-20 11:34:09,688 [Listener at 127.0.0.1/43731] INFO  ozone.HddsDatanodeService (HddsDatanodeService.java:start(233)) - HddsDatanodeService host:fv-az59-849.csjynl4pkq3e1pkirw3ssqjfoh.cx.internal.cloudapp.net ip:10.1.0.4
2022-02-20 11:34:09,706 [org.apache.hadoop.util.JvmPauseMonitor$Monitor@29a44781] INFO  util.JvmPauseMonitor (JvmPauseMonitor.java:run(188)) - Starting JVM pause monitor
2022-02-20 11:34:09,734 [Datanode State Machine Task Thread - 0] INFO  datanode.InitDatanodeState (InitDatanodeState.java:persistContainerDatanodeDetails(138)) - DatanodeDetails is persisted to /home/runner/work/ozone/ozone/hadoop-ozone/integration-test/target/test-dir/MiniOzoneClusterImpl-1758c66c-c060-455a-9a5e-da5efc64e117/datanode-1/meta/datanode.id
2022-02-20 11:34:09,744 [Listener at 127.0.0.1/43731] INFO  upgrade.AbstractLayoutVersionManager (AbstractLayoutVersionManager.java:init(79)) - Initializing Layout version manager with metadata layout = SCM_HA (version = 2), software layout = SCM_HA (version = 2)
2022-02-20 11:34:09,779 [Listener at 127.0.0.1/43731] INFO  reflections.Reflections (Reflections.java:scan(232)) - Reflections took 34 ms to scan 7 urls, producing 121 keys and 284 values 
2022-02-20 11:34:09,780 [Listener at 127.0.0.1/43731] INFO  statemachine.DatanodeStateMachine (DatanodeStateMachine.java:getEndPointTaskThreadPoolSize(222)) - Datanode State Machine Task Thread Pool size 2
2022-02-20 11:34:09,783 [Listener at 127.0.0.1/43731] INFO  volume.HddsVolume (HddsVolume.java:<init>(120)) - Creating HddsVolume: /home/runner/work/ozone/ozone/hadoop-ozone/integration-test/target/test-dir/MiniOzoneClusterImpl-1758c66c-c060-455a-9a5e-da5efc64e117/datanode-2/data-0/containers/hdds of storage type : DISK capacity : 9223372036854775807
2022-02-20 11:34:09,783 [Listener at 127.0.0.1/43731] INFO  volume.MutableVolumeSet (MutableVolumeSet.java:initializeVolumeSet(168)) - Added Volume : /home/runner/work/ozone/ozone/hadoop-ozone/integration-test/target/test-dir/MiniOzoneClusterImpl-1758c66c-c060-455a-9a5e-da5efc64e117/datanode-2/data-0/containers/hdds to VolumeSet
2022-02-20 11:34:09,783 [Listener at 127.0.0.1/43731] INFO  volume.ThrottledAsyncChecker (ThrottledAsyncChecker.java:schedule(141)) - Scheduling a check for /home/runner/work/ozone/ozone/hadoop-ozone/integration-test/target/test-dir/MiniOzoneClusterImpl-1758c66c-c060-455a-9a5e-da5efc64e117/datanode-2/data-0/containers/hdds
2022-02-20 11:34:09,786 [Listener at 127.0.0.1/43731] INFO  volume.StorageVolumeChecker (StorageVolumeChecker.java:checkAllVolumes(202)) - Scheduled health check for volume /home/runner/work/ozone/ozone/hadoop-ozone/integration-test/target/test-dir/MiniOzoneClusterImpl-1758c66c-c060-455a-9a5e-da5efc64e117/datanode-2/data-0/containers/hdds
2022-02-20 11:34:09,798 [Listener at 127.0.0.1/43731] INFO  volume.MutableVolumeSet (MutableVolumeSet.java:initializeVolumeSet(168)) - Added Volume : /home/runner/work/ozone/ozone/hadoop-ozone/integration-test/target/test-dir/MiniOzoneClusterImpl-1758c66c-c060-455a-9a5e-da5efc64e117/datanode-2/data/ratis to VolumeSet
2022-02-20 11:34:09,798 [Listener at 127.0.0.1/43731] INFO  volume.ThrottledAsyncChecker (ThrottledAsyncChecker.java:schedule(141)) - Scheduling a check for /home/runner/work/ozone/ozone/hadoop-ozone/integration-test/target/test-dir/MiniOzoneClusterImpl-1758c66c-c060-455a-9a5e-da5efc64e117/datanode-2/data/ratis
2022-02-20 11:34:09,798 [Listener at 127.0.0.1/43731] INFO  volume.StorageVolumeChecker (StorageVolumeChecker.java:checkAllVolumes(202)) - Scheduled health check for volume /home/runner/work/ozone/ozone/hadoop-ozone/integration-test/target/test-dir/MiniOzoneClusterImpl-1758c66c-c060-455a-9a5e-da5efc64e117/datanode-2/data/ratis
2022-02-20 11:34:09,850 [Thread-930] INFO  ozoneimpl.ContainerReader (ContainerReader.java:readVolume(172)) - Finish verifying containers on volume /home/runner/work/ozone/ozone/hadoop-ozone/integration-test/target/test-dir/MiniOzoneClusterImpl-1758c66c-c060-455a-9a5e-da5efc64e117/datanode-2/data-0/containers/hdds
2022-02-20 11:34:09,850 [Listener at 127.0.0.1/43731] INFO  ozoneimpl.OzoneContainer (OzoneContainer.java:buildContainerSet(252)) - Build ContainerSet costs 0s
2022-02-20 11:34:09,852 [Listener at 127.0.0.1/43731] INFO  server.RaftServer (ConfUtils.java:logGet(44)) - raft.rpc.type = GRPC (default)
2022-02-20 11:34:09,852 [Listener at 127.0.0.1/43731] INFO  grpc.GrpcFactory (GrpcFactory.java:checkPooledByteBufAllocatorUseCacheForAllThreads(48)) - PERFORMANCE WARNING: useCacheForAllThreads is true that may cause Netty to create a lot garbage objects and, as a result, trigger GC.
	It is recommended to disable useCacheForAllThreads by setting -Dorg.apache.ratis.thirdparty.io.netty.allocator.useCacheForAllThreads=false in command line.
2022-02-20 11:34:09,852 [Listener at 127.0.0.1/43731] INFO  grpc.GrpcConfigKeys (ConfUtils.java:logGet(44)) - raft.grpc.admin.port = 0 (custom)
2022-02-20 11:34:09,852 [Listener at 127.0.0.1/43731] INFO  grpc.GrpcConfigKeys (ConfUtils.java:logGet(44)) - raft.grpc.client.port = 0 (custom)
2022-02-20 11:34:09,852 [Listener at 127.0.0.1/43731] INFO  grpc.GrpcConfigKeys (ConfUtils.java:logGet(44)) - raft.grpc.server.port = 0 (default)
2022-02-20 11:34:09,852 [Listener at 127.0.0.1/43731] INFO  server.GrpcService (ConfUtils.java:logGet(44)) - raft.grpc.message.size.max = 32MB (=33554432) (custom)
2022-02-20 11:34:09,853 [Listener at 127.0.0.1/43731] INFO  server.RaftServerConfigKeys (ConfUtils.java:logGet(44)) - raft.server.log.appender.buffer.byte-limit = 33554432 (custom)
2022-02-20 11:34:09,853 [Listener at 127.0.0.1/43731] INFO  server.GrpcService (ConfUtils.java:logGet(44)) - raft.grpc.flow.control.window = 5MB (=5242880) (custom)
2022-02-20 11:34:09,853 [Listener at 127.0.0.1/43731] INFO  server.RaftServerConfigKeys (ConfUtils.java:logGet(44)) - raft.server.rpc.request.timeout = 60s (custom)
2022-02-20 11:34:09,854 [Listener at 127.0.0.1/43731] INFO  impl.DataStreamServerImpl (ConfUtils.java:logGet(44)) - raft.datastream.type = DISABLED (default)
2022-02-20 11:34:09,854 [Listener at 127.0.0.1/43731] INFO  server.RaftServerConfigKeys (ConfUtils.java:logGet(44)) - raft.server.rpc.slowness.timeout = 300s (custom)
2022-02-20 11:34:09,854 [Listener at 127.0.0.1/43731] INFO  server.RaftServerConfigKeys (ConfUtils.java:logGet(44)) - raft.server.leaderelection.leader.step-down.wait-time = 10s (default)
2022-02-20 11:34:09,854 [Listener at 127.0.0.1/43731] INFO  server.RaftServerConfigKeys (ConfUtils.java:logGet(44)) - raft.server.storage.dir = [/home/runner/work/ozone/ozone/hadoop-ozone/integration-test/target/test-dir/MiniOzoneClusterImpl-1758c66c-c060-455a-9a5e-da5efc64e117/datanode-2/data/ratis] (custom)
2022-02-20 11:34:09,856 [Listener at 127.0.0.1/43731] INFO  server.XceiverServerGrpc (XceiverServerGrpc.java:<init>(132)) - GrpcServer channel type EpollServerSocketChannel
2022-02-20 11:34:09,866 [Listener at 127.0.0.1/43731] INFO  http.BaseHttpServer (BaseHttpServer.java:newHttpServer2BuilderForOzone(209)) - Starting Web-server for hddsDatanode at: http://0.0.0.0:0
2022-02-20 11:34:09,867 [Listener at 127.0.0.1/43731] INFO  http.BaseHttpServer (BaseHttpServer.java:<init>(107)) - Hadoop Security Enabled: false Ozone Security Enabled: false Ozone HTTP Security Enabled: false 
2022-02-20 11:34:09,868 [Listener at 127.0.0.1/43731] INFO  server.AuthenticationFilter (AuthenticationFilter.java:constructSecretProvider(240)) - Unable to initialize FileSignerSecretProvider, falling back to use random secrets.
2022-02-20 11:34:09,876 [Listener at 127.0.0.1/43731] WARN  http.HttpRequestLog (HttpRequestLog.java:getRequestLog(103)) - Jetty request log can only be enabled using Log4j
2022-02-20 11:34:09,877 [Listener at 127.0.0.1/43731] INFO  http.HttpServer2 (HttpServer2.java:addGlobalFilter(1030)) - Added global filter 'safety' (class=org.apache.hadoop.hdds.server.http.HttpServer2$QuotingInputFilter)
2022-02-20 11:34:09,877 [Listener at 127.0.0.1/43731] INFO  http.HttpServer2 (HttpServer2.java:addFilter(1006)) - Added filter static_user_filter (class=org.apache.hadoop.http.lib.StaticUserWebFilter$StaticUserFilter) to context hddsDatanode
2022-02-20 11:34:09,877 [Listener at 127.0.0.1/43731] INFO  http.HttpServer2 (HttpServer2.java:addFilter(1014)) - Added filter static_user_filter (class=org.apache.hadoop.http.lib.StaticUserWebFilter$StaticUserFilter) to context logs
2022-02-20 11:34:09,877 [Listener at 127.0.0.1/43731] INFO  http.HttpServer2 (HttpServer2.java:addFilter(1014)) - Added filter static_user_filter (class=org.apache.hadoop.http.lib.StaticUserWebFilter$StaticUserFilter) to context static
2022-02-20 11:34:09,878 [Listener at 127.0.0.1/43731] INFO  http.HttpServer2 (HttpServer2.java:bindListener(1249)) - Jetty bound to port 39547
2022-02-20 11:34:09,878 [Listener at 127.0.0.1/43731] INFO  server.Server (Server.java:doStart(375)) - jetty-9.4.43.v20210629; built: 2021-06-30T11:07:22.254Z; git: 526006ecfa3af7f1a27ef3a288e2bef7ea9dd7e8; jvm 1.8.0_322-b06
2022-02-20 11:34:09,938 [Listener at 127.0.0.1/43731] INFO  server.session (DefaultSessionIdManager.java:doStart(334)) - DefaultSessionIdManager workerName=node0
2022-02-20 11:34:09,938 [Listener at 127.0.0.1/43731] INFO  server.session (DefaultSessionIdManager.java:doStart(339)) - No SessionScavenger set, using defaults
2022-02-20 11:34:09,938 [Listener at 127.0.0.1/43731] INFO  server.session (HouseKeeper.java:startScavenging(132)) - node0 Scavenging every 660000ms
2022-02-20 11:34:09,953 [Listener at 127.0.0.1/43731] INFO  handler.ContextHandler (ContextHandler.java:doStart(915)) - Started o.e.j.s.ServletContextHandler@7dd1b3c0{logs,/logs,file:///home/runner/work/ozone/ozone/hadoop-ozone/integration-test/target/log,AVAILABLE}
2022-02-20 11:34:09,954 [Listener at 127.0.0.1/43731] INFO  handler.ContextHandler (ContextHandler.java:doStart(915)) - Started o.e.j.s.ServletContextHandler@35f6a35e{static,/static,jar:file:/home/runner/.m2/repository/org/apache/ozone/hdds-container-service/1.3.0-SNAPSHOT/hdds-container-service-1.3.0-SNAPSHOT.jar!/webapps/static,AVAILABLE}
2022-02-20 11:34:10,069 [Listener at 127.0.0.1/43731] INFO  handler.ContextHandler (ContextHandler.java:doStart(915)) - Started o.e.j.w.WebAppContext@4c155287{hddsDatanode,/,file:///tmp/jetty-0_0_0_0-39547-hdds-container-service-1_3_0-SNAPSHOT_jar-_-any-5013028806904258306/webapp/,AVAILABLE}{jar:file:/home/runner/.m2/repository/org/apache/ozone/hdds-container-service/1.3.0-SNAPSHOT/hdds-container-service-1.3.0-SNAPSHOT.jar!/webapps/hddsDatanode}
2022-02-20 11:34:10,075 [Listener at 127.0.0.1/43731] INFO  server.AbstractConnector (AbstractConnector.java:doStart(331)) - Started ServerConnector@17bbb291{HTTP/1.1, (http/1.1)}{0.0.0.0:39547}
2022-02-20 11:34:10,075 [Listener at 127.0.0.1/43731] INFO  server.Server (Server.java:doStart(415)) - Started @140264ms
2022-02-20 11:34:10,075 [Listener at 127.0.0.1/43731] WARN  impl.MetricsSystemImpl (MetricsSystemImpl.java:register(279)) - Sink prometheus already exists!
2022-02-20 11:34:10,082 [Listener at 127.0.0.1/43731] INFO  http.BaseHttpServer (BaseHttpServer.java:updateConnectorAddress(329)) - HTTP server of hddsDatanode listening at http://0.0.0.0:39547
2022-02-20 11:34:10,092 [Datanode State Machine Daemon Thread] INFO  statemachine.DatanodeStateMachine (DatanodeStateMachine.java:lambda$startDaemon$0(470)) - Ozone container server started.
2022-02-20 11:34:10,093 [Listener at 127.0.0.1/43731] INFO  ozone.MiniOzoneClusterImpl (MiniOzoneClusterImpl.java:lambda$waitForClusterToBeReady$0(219)) - Waiting for nodes to be ready. Got 0 of 3 DN Heartbeats.
2022-02-20 11:34:10,093 [Listener at 127.0.0.1/43731] INFO  ozone.MiniOzoneClusterImpl (MiniOzoneClusterImpl.java:lambda$waitForClusterToBeReady$0(222)) - Waiting for cluster to exit safe mode
2022-02-20 11:34:10,093 [Listener at 127.0.0.1/43731] INFO  ozone.MiniOzoneClusterImpl (MiniOzoneClusterImpl.java:lambda$waitForClusterToBeReady$0(224)) - SCM became leader
2022-02-20 11:34:10,122 [org.apache.hadoop.util.JvmPauseMonitor$Monitor@172db38c] INFO  util.JvmPauseMonitor (JvmPauseMonitor.java:run(188)) - Starting JVM pause monitor
2022-02-20 11:34:10,123 [Datanode State Machine Task Thread - 0] INFO  datanode.InitDatanodeState (InitDatanodeState.java:persistContainerDatanodeDetails(138)) - DatanodeDetails is persisted to /home/runner/work/ozone/ozone/hadoop-ozone/integration-test/target/test-dir/MiniOzoneClusterImpl-1758c66c-c060-455a-9a5e-da5efc64e117/datanode-2/meta/datanode.id
2022-02-20 11:34:11,093 [Listener at 127.0.0.1/43731] INFO  ozone.MiniOzoneClusterImpl (MiniOzoneClusterImpl.java:lambda$waitForClusterToBeReady$0(219)) - Waiting for nodes to be ready. Got 0 of 3 DN Heartbeats.
2022-02-20 11:34:11,093 [Listener at 127.0.0.1/43731] INFO  ozone.MiniOzoneClusterImpl (MiniOzoneClusterImpl.java:lambda$waitForClusterToBeReady$0(222)) - Waiting for cluster to exit safe mode
2022-02-20 11:34:11,094 [Listener at 127.0.0.1/43731] INFO  ozone.MiniOzoneClusterImpl (MiniOzoneClusterImpl.java:lambda$waitForClusterToBeReady$0(224)) - SCM became leader
2022-02-20 11:34:11,178 [EndpointStateMachine task thread for /0.0.0.0:44551 - 0 ] INFO  ozoneimpl.OzoneContainer (OzoneContainer.java:start(330)) - Attempting to start container services.
2022-02-20 11:34:11,178 [EndpointStateMachine task thread for /0.0.0.0:44551 - 0 ] INFO  ozoneimpl.OzoneContainer (OzoneContainer.java:startContainerScrub(265)) - Background container scanner has been disabled.
2022-02-20 11:34:11,179 [EndpointStateMachine task thread for /0.0.0.0:44551 - 0 ] INFO  replication.ReplicationServer (ReplicationServer.java:start(111)) - ReplicationServer is started using port 38543
2022-02-20 11:34:11,179 [EndpointStateMachine task thread for /0.0.0.0:44551 - 0 ] INFO  ratis.XceiverServerRatis (XceiverServerRatis.java:start(485)) - Starting XceiverServerRatis 0f4f0202-97f3-46c0-a5a3-20f1e8134cab
2022-02-20 11:34:11,180 [EndpointStateMachine task thread for /0.0.0.0:44551 - 0 ] INFO  server.RaftServer (RaftServerProxy.java:lambda$start$5(374)) - 0f4f0202-97f3-46c0-a5a3-20f1e8134cab: start RPC server
2022-02-20 11:34:11,182 [EndpointStateMachine task thread for /0.0.0.0:44551 - 0 ] INFO  server.GrpcService (GrpcService.java:startImpl(253)) - 0f4f0202-97f3-46c0-a5a3-20f1e8134cab: GrpcService started, listening on 36831
2022-02-20 11:34:11,185 [EndpointStateMachine task thread for /0.0.0.0:44551 - 0 ] INFO  ratis.XceiverServerRatis (XceiverServerRatis.java:getRealPort(506)) - XceiverServerRatis 0f4f0202-97f3-46c0-a5a3-20f1e8134cab is started using port 36831 for RATIS
2022-02-20 11:34:11,185 [EndpointStateMachine task thread for /0.0.0.0:44551 - 0 ] INFO  ratis.XceiverServerRatis (XceiverServerRatis.java:getRealPort(506)) - XceiverServerRatis 0f4f0202-97f3-46c0-a5a3-20f1e8134cab is started using port 36831 for RATIS_ADMIN
2022-02-20 11:34:11,185 [EndpointStateMachine task thread for /0.0.0.0:44551 - 0 ] INFO  ratis.XceiverServerRatis (XceiverServerRatis.java:getRealPort(506)) - XceiverServerRatis 0f4f0202-97f3-46c0-a5a3-20f1e8134cab is started using port 36831 for RATIS_SERVER
2022-02-20 11:34:11,187 [org.apache.ratis.util.JvmPauseMonitor$$Lambda$421/295700833@1a60e96] INFO  util.JvmPauseMonitor (JvmPauseMonitor.java:run(103)) - JvmPauseMonitor-0f4f0202-97f3-46c0-a5a3-20f1e8134cab: Started
2022-02-20 11:34:11,194 [EndpointStateMachine task thread for /0.0.0.0:44551 - 0 ] INFO  server.XceiverServerGrpc (XceiverServerGrpc.java:start(180)) - XceiverServerGrpc 0f4f0202-97f3-46c0-a5a3-20f1e8134cab is started using port 38077
2022-02-20 11:34:11,750 [EndpointStateMachine task thread for /0.0.0.0:44551 - 0 ] INFO  ozoneimpl.OzoneContainer (OzoneContainer.java:start(330)) - Attempting to start container services.
2022-02-20 11:34:11,750 [EndpointStateMachine task thread for /0.0.0.0:44551 - 0 ] INFO  ozoneimpl.OzoneContainer (OzoneContainer.java:startContainerScrub(265)) - Background container scanner has been disabled.
2022-02-20 11:34:11,759 [EndpointStateMachine task thread for /0.0.0.0:44551 - 0 ] INFO  replication.ReplicationServer (ReplicationServer.java:start(111)) - ReplicationServer is started using port 35173
2022-02-20 11:34:11,759 [EndpointStateMachine task thread for /0.0.0.0:44551 - 0 ] INFO  ratis.XceiverServerRatis (XceiverServerRatis.java:start(485)) - Starting XceiverServerRatis 8f886335-0d74-45a2-bb32-11e9ae69e2a1
2022-02-20 11:34:11,794 [EndpointStateMachine task thread for /0.0.0.0:44551 - 0 ] INFO  server.RaftServer (RaftServerProxy.java:lambda$start$5(374)) - 8f886335-0d74-45a2-bb32-11e9ae69e2a1: start RPC server
2022-02-20 11:34:11,801 [EndpointStateMachine task thread for /0.0.0.0:44551 - 0 ] INFO  server.GrpcService (GrpcService.java:startImpl(253)) - 8f886335-0d74-45a2-bb32-11e9ae69e2a1: GrpcService started, listening on 40283
2022-02-20 11:34:11,806 [EndpointStateMachine task thread for /0.0.0.0:44551 - 0 ] INFO  ratis.XceiverServerRatis (XceiverServerRatis.java:getRealPort(506)) - XceiverServerRatis 8f886335-0d74-45a2-bb32-11e9ae69e2a1 is started using port 40283 for RATIS
2022-02-20 11:34:11,806 [EndpointStateMachine task thread for /0.0.0.0:44551 - 0 ] INFO  ratis.XceiverServerRatis (XceiverServerRatis.java:getRealPort(506)) - XceiverServerRatis 8f886335-0d74-45a2-bb32-11e9ae69e2a1 is started using port 40283 for RATIS_ADMIN
2022-02-20 11:34:11,806 [EndpointStateMachine task thread for /0.0.0.0:44551 - 0 ] INFO  ratis.XceiverServerRatis (XceiverServerRatis.java:getRealPort(506)) - XceiverServerRatis 8f886335-0d74-45a2-bb32-11e9ae69e2a1 is started using port 40283 for RATIS_SERVER
2022-02-20 11:34:11,806 [org.apache.ratis.util.JvmPauseMonitor$$Lambda$421/295700833@ac9d769] INFO  util.JvmPauseMonitor (JvmPauseMonitor.java:run(103)) - JvmPauseMonitor-8f886335-0d74-45a2-bb32-11e9ae69e2a1: Started
2022-02-20 11:34:11,842 [EndpointStateMachine task thread for /0.0.0.0:44551 - 0 ] INFO  server.XceiverServerGrpc (XceiverServerGrpc.java:start(180)) - XceiverServerGrpc 8f886335-0d74-45a2-bb32-11e9ae69e2a1 is started using port 45871
2022-02-20 11:34:12,094 [Listener at 127.0.0.1/43731] INFO  ozone.MiniOzoneClusterImpl (MiniOzoneClusterImpl.java:lambda$waitForClusterToBeReady$0(219)) - Waiting for nodes to be ready. Got 0 of 3 DN Heartbeats.
2022-02-20 11:34:12,094 [Listener at 127.0.0.1/43731] INFO  ozone.MiniOzoneClusterImpl (MiniOzoneClusterImpl.java:lambda$waitForClusterToBeReady$0(222)) - Waiting for cluster to exit safe mode
2022-02-20 11:34:12,094 [Listener at 127.0.0.1/43731] INFO  ozone.MiniOzoneClusterImpl (MiniOzoneClusterImpl.java:lambda$waitForClusterToBeReady$0(224)) - SCM became leader
2022-02-20 11:34:12,130 [EndpointStateMachine task thread for /0.0.0.0:44551 - 0 ] INFO  ozoneimpl.OzoneContainer (OzoneContainer.java:start(330)) - Attempting to start container services.
2022-02-20 11:34:12,130 [EndpointStateMachine task thread for /0.0.0.0:44551 - 0 ] INFO  ozoneimpl.OzoneContainer (OzoneContainer.java:startContainerScrub(265)) - Background container scanner has been disabled.
2022-02-20 11:34:12,133 [EndpointStateMachine task thread for /0.0.0.0:44551 - 0 ] INFO  replication.ReplicationServer (ReplicationServer.java:start(111)) - ReplicationServer is started using port 37167
2022-02-20 11:34:12,146 [EndpointStateMachine task thread for /0.0.0.0:44551 - 0 ] INFO  ratis.XceiverServerRatis (XceiverServerRatis.java:start(485)) - Starting XceiverServerRatis cd8e4231-c3e1-41c4-9d8d-fd2befed4677
2022-02-20 11:34:12,152 [EndpointStateMachine task thread for /0.0.0.0:44551 - 0 ] INFO  server.RaftServer (RaftServerProxy.java:lambda$start$5(374)) - cd8e4231-c3e1-41c4-9d8d-fd2befed4677: start RPC server
2022-02-20 11:34:12,153 [EndpointStateMachine task thread for /0.0.0.0:44551 - 0 ] INFO  server.GrpcService (GrpcService.java:startImpl(253)) - cd8e4231-c3e1-41c4-9d8d-fd2befed4677: GrpcService started, listening on 36213
2022-02-20 11:34:12,154 [EndpointStateMachine task thread for /0.0.0.0:44551 - 0 ] INFO  ratis.XceiverServerRatis (XceiverServerRatis.java:getRealPort(506)) - XceiverServerRatis cd8e4231-c3e1-41c4-9d8d-fd2befed4677 is started using port 36213 for RATIS
2022-02-20 11:34:12,154 [EndpointStateMachine task thread for /0.0.0.0:44551 - 0 ] INFO  ratis.XceiverServerRatis (XceiverServerRatis.java:getRealPort(506)) - XceiverServerRatis cd8e4231-c3e1-41c4-9d8d-fd2befed4677 is started using port 36213 for RATIS_ADMIN
2022-02-20 11:34:12,154 [EndpointStateMachine task thread for /0.0.0.0:44551 - 0 ] INFO  ratis.XceiverServerRatis (XceiverServerRatis.java:getRealPort(506)) - XceiverServerRatis cd8e4231-c3e1-41c4-9d8d-fd2befed4677 is started using port 36213 for RATIS_SERVER
2022-02-20 11:34:12,154 [org.apache.ratis.util.JvmPauseMonitor$$Lambda$421/295700833@572b6fd8] INFO  util.JvmPauseMonitor (JvmPauseMonitor.java:run(103)) - JvmPauseMonitor-cd8e4231-c3e1-41c4-9d8d-fd2befed4677: Started
2022-02-20 11:34:12,155 [EndpointStateMachine task thread for /0.0.0.0:44551 - 0 ] INFO  server.XceiverServerGrpc (XceiverServerGrpc.java:start(180)) - XceiverServerGrpc cd8e4231-c3e1-41c4-9d8d-fd2befed4677 is started using port 33857
2022-02-20 11:34:13,094 [Listener at 127.0.0.1/43731] INFO  ozone.MiniOzoneClusterImpl (MiniOzoneClusterImpl.java:lambda$waitForClusterToBeReady$0(219)) - Waiting for nodes to be ready. Got 0 of 3 DN Heartbeats.
2022-02-20 11:34:13,095 [Listener at 127.0.0.1/43731] INFO  ozone.MiniOzoneClusterImpl (MiniOzoneClusterImpl.java:lambda$waitForClusterToBeReady$0(222)) - Waiting for cluster to exit safe mode
2022-02-20 11:34:13,095 [Listener at 127.0.0.1/43731] INFO  ozone.MiniOzoneClusterImpl (MiniOzoneClusterImpl.java:lambda$waitForClusterToBeReady$0(224)) - SCM became leader
2022-02-20 11:34:13,168 [IPC Server handler 1 on default port 44551] INFO  net.NetworkTopologyImpl (NetworkTopologyImpl.java:add(112)) - Added a new node: /default-rack/0f4f0202-97f3-46c0-a5a3-20f1e8134cab
2022-02-20 11:34:13,168 [IPC Server handler 1 on default port 44551] INFO  node.SCMNodeManager (SCMNodeManager.java:register(389)) - Registered Data node : 0f4f0202-97f3-46c0-a5a3-20f1e8134cab{ip: 10.1.0.4, host: fv-az59-849.csjynl4pkq3e1pkirw3ssqjfoh.cx.internal.cloudapp.net, ports: [REPLICATION=38543, RATIS=36831, RATIS_ADMIN=36831, RATIS_SERVER=36831, STANDALONE=38077], networkLocation: /default-rack, certSerialId: null, persistedOpState: null, persistedOpStateExpiryEpochSec: 0}
2022-02-20 11:34:13,170 [EventQueue-NewNodeForNewNodeHandler] INFO  pipeline.BackgroundPipelineCreator (BackgroundPipelineCreator.java:notifyEventTriggered(285)) - trigger a one-shot run on RatisPipelineUtilsThread.
2022-02-20 11:34:13,170 [EventQueue-NodeRegistrationContainerReportForDataNodeSafeModeRule] INFO  safemode.SCMSafeModeManager (DataNodeSafeModeRule.java:process(71)) - SCM in safe mode. 1 DataNodes registered, 3 required.
2022-02-20 11:34:13,170 [RatisPipelineUtilsThread - 0] INFO  pipeline.RatisPipelineProvider (RatisPipelineProvider.java:lambda$create$0(183)) - Sending CreatePipelineCommand for pipeline:PipelineID=ad0f9b61-c2d3-448c-ab6f-1882a2b98e6b to datanode:0f4f0202-97f3-46c0-a5a3-20f1e8134cab
2022-02-20 11:34:13,179 [EventQueue-NodeRegistrationContainerReportForContainerSafeModeRule] INFO  safemode.SCMSafeModeManager (SCMSafeModeManager.java:validateSafeModeExitRules(204)) - ContainerSafeModeRule rule is successfully validated
2022-02-20 11:34:13,202 [EventQueue-PipelineReportForOneReplicaPipelineSafeModeRule] INFO  safemode.SCMSafeModeManager (SCMSafeModeManager.java:validateSafeModeExitRules(204)) - AtleastOneDatanodeReportedRule rule is successfully validated
2022-02-20 11:34:13,229 [060d77b2-bb29-40c6-b5bc-e873045ad83d@group-DA5EFC64E117-StateMachineUpdater] INFO  pipeline.PipelineStateManagerImpl (PipelineStateManagerImpl.java:addPipeline(101)) - Created pipeline Pipeline[ Id: ad0f9b61-c2d3-448c-ab6f-1882a2b98e6b, Nodes: 0f4f0202-97f3-46c0-a5a3-20f1e8134cab{ip: 10.1.0.4, host: fv-az59-849.csjynl4pkq3e1pkirw3ssqjfoh.cx.internal.cloudapp.net, ports: [REPLICATION=38543, RATIS=36831, RATIS_ADMIN=36831, RATIS_SERVER=36831, STANDALONE=38077], networkLocation: /default-rack, certSerialId: null, persistedOpState: IN_SERVICE, persistedOpStateExpiryEpochSec: 0}, ReplicationConfig: RATIS/ONE, State:ALLOCATED, leaderId:, CreationTimestamp2022-02-20T11:34:13.170Z[Etc/UTC]].
2022-02-20 11:34:13,229 [060d77b2-bb29-40c6-b5bc-e873045ad83d@group-DA5EFC64E117-StateMachineUpdater] INFO  safemode.HealthyPipelineSafeModeRule (HealthyPipelineSafeModeRule.java:initializeRule(152)) - Refreshed total pipeline count is 0, healthy pipeline threshold count is 1
2022-02-20 11:34:13,708 [IPC Server handler 2 on default port 44551] INFO  net.NetworkTopologyImpl (NetworkTopologyImpl.java:add(112)) - Added a new node: /default-rack/8f886335-0d74-45a2-bb32-11e9ae69e2a1
2022-02-20 11:34:13,709 [IPC Server handler 2 on default port 44551] INFO  node.SCMNodeManager (SCMNodeManager.java:register(389)) - Registered Data node : 8f886335-0d74-45a2-bb32-11e9ae69e2a1{ip: 10.1.0.4, host: fv-az59-849.csjynl4pkq3e1pkirw3ssqjfoh.cx.internal.cloudapp.net, ports: [REPLICATION=35173, RATIS=40283, RATIS_ADMIN=40283, RATIS_SERVER=40283, STANDALONE=45871], networkLocation: /default-rack, certSerialId: null, persistedOpState: null, persistedOpStateExpiryEpochSec: 0}
2022-02-20 11:34:13,709 [EventQueue-NewNodeForNewNodeHandler] INFO  pipeline.BackgroundPipelineCreator (BackgroundPipelineCreator.java:notifyEventTriggered(285)) - trigger a one-shot run on RatisPipelineUtilsThread.
2022-02-20 11:34:13,710 [EventQueue-NodeRegistrationContainerReportForDataNodeSafeModeRule] INFO  safemode.SCMSafeModeManager (DataNodeSafeModeRule.java:process(71)) - SCM in safe mode. 2 DataNodes registered, 3 required.
2022-02-20 11:34:13,722 [RatisPipelineUtilsThread - 0] INFO  pipeline.RatisPipelineProvider (RatisPipelineProvider.java:lambda$create$0(183)) - Sending CreatePipelineCommand for pipeline:PipelineID=278130bd-a2c5-4823-907d-dc9ba1d6bb8c to datanode:8f886335-0d74-45a2-bb32-11e9ae69e2a1
2022-02-20 11:34:13,726 [060d77b2-bb29-40c6-b5bc-e873045ad83d@group-DA5EFC64E117-StateMachineUpdater] INFO  pipeline.PipelineStateManagerImpl (PipelineStateManagerImpl.java:addPipeline(101)) - Created pipeline Pipeline[ Id: 278130bd-a2c5-4823-907d-dc9ba1d6bb8c, Nodes: 8f886335-0d74-45a2-bb32-11e9ae69e2a1{ip: 10.1.0.4, host: fv-az59-849.csjynl4pkq3e1pkirw3ssqjfoh.cx.internal.cloudapp.net, ports: [REPLICATION=35173, RATIS=40283, RATIS_ADMIN=40283, RATIS_SERVER=40283, STANDALONE=45871], networkLocation: /default-rack, certSerialId: null, persistedOpState: IN_SERVICE, persistedOpStateExpiryEpochSec: 0}, ReplicationConfig: RATIS/ONE, State:ALLOCATED, leaderId:, CreationTimestamp2022-02-20T11:34:13.722Z[Etc/UTC]].
2022-02-20 11:34:13,726 [060d77b2-bb29-40c6-b5bc-e873045ad83d@group-DA5EFC64E117-StateMachineUpdater] INFO  safemode.HealthyPipelineSafeModeRule (HealthyPipelineSafeModeRule.java:initializeRule(152)) - Refreshed total pipeline count is 0, healthy pipeline threshold count is 1
2022-02-20 11:34:14,095 [Listener at 127.0.0.1/43731] INFO  ozone.MiniOzoneClusterImpl (MiniOzoneClusterImpl.java:lambda$waitForClusterToBeReady$0(219)) - Waiting for nodes to be ready. Got 2 of 3 DN Heartbeats.
2022-02-20 11:34:14,096 [Listener at 127.0.0.1/43731] INFO  ozone.MiniOzoneClusterImpl (MiniOzoneClusterImpl.java:lambda$waitForClusterToBeReady$0(222)) - Waiting for cluster to exit safe mode
2022-02-20 11:34:14,096 [Listener at 127.0.0.1/43731] INFO  ozone.MiniOzoneClusterImpl (MiniOzoneClusterImpl.java:lambda$waitForClusterToBeReady$0(224)) - SCM became leader
2022-02-20 11:34:14,124 [IPC Server handler 0 on default port 44551] INFO  net.NetworkTopologyImpl (NetworkTopologyImpl.java:add(112)) - Added a new node: /default-rack/cd8e4231-c3e1-41c4-9d8d-fd2befed4677
2022-02-20 11:34:14,124 [IPC Server handler 0 on default port 44551] INFO  node.SCMNodeManager (SCMNodeManager.java:register(389)) - Registered Data node : cd8e4231-c3e1-41c4-9d8d-fd2befed4677{ip: 10.1.0.4, host: fv-az59-849.csjynl4pkq3e1pkirw3ssqjfoh.cx.internal.cloudapp.net, ports: [REPLICATION=37167, RATIS=36213, RATIS_ADMIN=36213, RATIS_SERVER=36213, STANDALONE=33857], networkLocation: /default-rack, certSerialId: null, persistedOpState: null, persistedOpStateExpiryEpochSec: 0}
2022-02-20 11:34:14,124 [EventQueue-NewNodeForNewNodeHandler] INFO  pipeline.BackgroundPipelineCreator (BackgroundPipelineCreator.java:notifyEventTriggered(285)) - trigger a one-shot run on RatisPipelineUtilsThread.
2022-02-20 11:34:14,125 [RatisPipelineUtilsThread - 0] INFO  pipeline.RatisPipelineProvider (RatisPipelineProvider.java:lambda$create$0(183)) - Sending CreatePipelineCommand for pipeline:PipelineID=e9e156cc-6260-4b9d-bcfb-dc78f364798c to datanode:cd8e4231-c3e1-41c4-9d8d-fd2befed4677
2022-02-20 11:34:14,129 [060d77b2-bb29-40c6-b5bc-e873045ad83d@group-DA5EFC64E117-StateMachineUpdater] INFO  pipeline.PipelineStateManagerImpl (PipelineStateManagerImpl.java:addPipeline(101)) - Created pipeline Pipeline[ Id: e9e156cc-6260-4b9d-bcfb-dc78f364798c, Nodes: cd8e4231-c3e1-41c4-9d8d-fd2befed4677{ip: 10.1.0.4, host: fv-az59-849.csjynl4pkq3e1pkirw3ssqjfoh.cx.internal.cloudapp.net, ports: [REPLICATION=37167, RATIS=36213, RATIS_ADMIN=36213, RATIS_SERVER=36213, STANDALONE=33857], networkLocation: /default-rack, certSerialId: null, persistedOpState: IN_SERVICE, persistedOpStateExpiryEpochSec: 0}, ReplicationConfig: RATIS/ONE, State:ALLOCATED, leaderId:, CreationTimestamp2022-02-20T11:34:14.125Z[Etc/UTC]].
2022-02-20 11:34:14,129 [060d77b2-bb29-40c6-b5bc-e873045ad83d@group-DA5EFC64E117-StateMachineUpdater] INFO  safemode.HealthyPipelineSafeModeRule (HealthyPipelineSafeModeRule.java:initializeRule(152)) - Refreshed total pipeline count is 0, healthy pipeline threshold count is 1
2022-02-20 11:34:14,136 [EventQueue-NodeRegistrationContainerReportForDataNodeSafeModeRule] INFO  safemode.SCMSafeModeManager (DataNodeSafeModeRule.java:process(71)) - SCM in safe mode. 3 DataNodes registered, 3 required.
2022-02-20 11:34:14,138 [EventQueue-NodeRegistrationContainerReportForDataNodeSafeModeRule] INFO  safemode.SCMSafeModeManager (SCMSafeModeManager.java:validateSafeModeExitRules(204)) - DataNodeSafeModeRule rule is successfully validated
2022-02-20 11:34:14,138 [EventQueue-NodeRegistrationContainerReportForDataNodeSafeModeRule] INFO  safemode.SCMSafeModeManager (SCMSafeModeManager.java:completePreCheck(233)) - All SCM safe mode pre check rules have passed
2022-02-20 11:34:14,138 [EventQueue-NodeRegistrationContainerReportForDataNodeSafeModeRule] WARN  events.EventQueue (EventQueue.java:fireEvent(194)) - No event handler registered for event TypedEvent{payloadType=SafeModeStatus, name='Safe mode status'}
2022-02-20 11:34:14,138 [EventQueue-NodeRegistrationContainerReportForDataNodeSafeModeRule] INFO  ha.SCMContext (SCMContext.java:updateSafeModeStatus(211)) - Update SafeModeStatus from SafeModeStatus{safeModeStatus=true, preCheckPassed=false} to SafeModeStatus{safeModeStatus=true, preCheckPassed=true}.
2022-02-20 11:34:14,138 [EventQueue-NodeRegistrationContainerReportForDataNodeSafeModeRule] INFO  pipeline.BackgroundPipelineCreator (BackgroundPipelineCreator.java:notifyEventTriggered(285)) - trigger a one-shot run on RatisPipelineUtilsThread.
2022-02-20 11:34:14,146 [RatisPipelineUtilsThread - 0] INFO  pipeline.RatisPipelineProvider (RatisPipelineProvider.java:lambda$create$0(183)) - Sending CreatePipelineCommand for pipeline:PipelineID=2ecf511a-45da-4206-b697-2163299401a3 to datanode:cd8e4231-c3e1-41c4-9d8d-fd2befed4677
2022-02-20 11:34:14,146 [RatisPipelineUtilsThread - 0] INFO  pipeline.RatisPipelineProvider (RatisPipelineProvider.java:lambda$create$0(183)) - Sending CreatePipelineCommand for pipeline:PipelineID=2ecf511a-45da-4206-b697-2163299401a3 to datanode:0f4f0202-97f3-46c0-a5a3-20f1e8134cab
2022-02-20 11:34:14,146 [RatisPipelineUtilsThread - 0] INFO  pipeline.RatisPipelineProvider (RatisPipelineProvider.java:lambda$create$0(183)) - Sending CreatePipelineCommand for pipeline:PipelineID=2ecf511a-45da-4206-b697-2163299401a3 to datanode:8f886335-0d74-45a2-bb32-11e9ae69e2a1
2022-02-20 11:34:14,147 [060d77b2-bb29-40c6-b5bc-e873045ad83d@group-DA5EFC64E117-StateMachineUpdater] INFO  pipeline.PipelineStateManagerImpl (PipelineStateManagerImpl.java:addPipeline(101)) - Created pipeline Pipeline[ Id: 2ecf511a-45da-4206-b697-2163299401a3, Nodes: cd8e4231-c3e1-41c4-9d8d-fd2befed4677{ip: 10.1.0.4, host: fv-az59-849.csjynl4pkq3e1pkirw3ssqjfoh.cx.internal.cloudapp.net, ports: [REPLICATION=37167, RATIS=36213, RATIS_ADMIN=36213, RATIS_SERVER=36213, STANDALONE=33857], networkLocation: /default-rack, certSerialId: null, persistedOpState: IN_SERVICE, persistedOpStateExpiryEpochSec: 0}0f4f0202-97f3-46c0-a5a3-20f1e8134cab{ip: 10.1.0.4, host: fv-az59-849.csjynl4pkq3e1pkirw3ssqjfoh.cx.internal.cloudapp.net, ports: [REPLICATION=38543, RATIS=36831, RATIS_ADMIN=36831, RATIS_SERVER=36831, STANDALONE=38077], networkLocation: /default-rack, certSerialId: null, persistedOpState: IN_SERVICE, persistedOpStateExpiryEpochSec: 0}8f886335-0d74-45a2-bb32-11e9ae69e2a1{ip: 10.1.0.4, host: fv-az59-849.csjynl4pkq3e1pkirw3ssqjfoh.cx.internal.cloudapp.net, ports: [REPLICATION=35173, RATIS=40283, RATIS_ADMIN=40283, RATIS_SERVER=40283, STANDALONE=45871], networkLocation: /default-rack, certSerialId: null, persistedOpState: IN_SERVICE, persistedOpStateExpiryEpochSec: 0}, ReplicationConfig: RATIS/THREE, State:ALLOCATED, leaderId:, CreationTimestamp2022-02-20T11:34:14.146Z[Etc/UTC]].
2022-02-20 11:34:14,148 [060d77b2-bb29-40c6-b5bc-e873045ad83d@group-DA5EFC64E117-StateMachineUpdater] INFO  safemode.HealthyPipelineSafeModeRule (HealthyPipelineSafeModeRule.java:initializeRule(152)) - Refreshed total pipeline count is 0, healthy pipeline threshold count is 1
2022-02-20 11:34:14,148 [RatisPipelineUtilsThread - 0] INFO  pipeline.RatisPipelineProvider (RatisPipelineProvider.java:lambda$create$0(183)) - Sending CreatePipelineCommand for pipeline:PipelineID=5bc82543-a77a-4869-9da5-58ed901e1311 to datanode:8f886335-0d74-45a2-bb32-11e9ae69e2a1
2022-02-20 11:34:14,149 [RatisPipelineUtilsThread - 0] INFO  pipeline.RatisPipelineProvider (RatisPipelineProvider.java:lambda$create$0(183)) - Sending CreatePipelineCommand for pipeline:PipelineID=5bc82543-a77a-4869-9da5-58ed901e1311 to datanode:cd8e4231-c3e1-41c4-9d8d-fd2befed4677
2022-02-20 11:34:14,149 [RatisPipelineUtilsThread - 0] INFO  pipeline.RatisPipelineProvider (RatisPipelineProvider.java:lambda$create$0(183)) - Sending CreatePipelineCommand for pipeline:PipelineID=5bc82543-a77a-4869-9da5-58ed901e1311 to datanode:0f4f0202-97f3-46c0-a5a3-20f1e8134cab
2022-02-20 11:34:14,154 [060d77b2-bb29-40c6-b5bc-e873045ad83d@group-DA5EFC64E117-StateMachineUpdater] INFO  pipeline.PipelineStateManagerImpl (PipelineStateManagerImpl.java:addPipeline(101)) - Created pipeline Pipeline[ Id: 5bc82543-a77a-4869-9da5-58ed901e1311, Nodes: 8f886335-0d74-45a2-bb32-11e9ae69e2a1{ip: 10.1.0.4, host: fv-az59-849.csjynl4pkq3e1pkirw3ssqjfoh.cx.internal.cloudapp.net, ports: [REPLICATION=35173, RATIS=40283, RATIS_ADMIN=40283, RATIS_SERVER=40283, STANDALONE=45871], networkLocation: /default-rack, certSerialId: null, persistedOpState: IN_SERVICE, persistedOpStateExpiryEpochSec: 0}cd8e4231-c3e1-41c4-9d8d-fd2befed4677{ip: 10.1.0.4, host: fv-az59-849.csjynl4pkq3e1pkirw3ssqjfoh.cx.internal.cloudapp.net, ports: [REPLICATION=37167, RATIS=36213, RATIS_ADMIN=36213, RATIS_SERVER=36213, STANDALONE=33857], networkLocation: /default-rack, certSerialId: null, persistedOpState: IN_SERVICE, persistedOpStateExpiryEpochSec: 0}0f4f0202-97f3-46c0-a5a3-20f1e8134cab{ip: 10.1.0.4, host: fv-az59-849.csjynl4pkq3e1pkirw3ssqjfoh.cx.internal.cloudapp.net, ports: [REPLICATION=38543, RATIS=36831, RATIS_ADMIN=36831, RATIS_SERVER=36831, STANDALONE=38077], networkLocation: /default-rack, certSerialId: null, persistedOpState: IN_SERVICE, persistedOpStateExpiryEpochSec: 0}, ReplicationConfig: RATIS/THREE, State:ALLOCATED, leaderId:, CreationTimestamp2022-02-20T11:34:14.148Z[Etc/UTC]].
2022-02-20 11:34:14,154 [060d77b2-bb29-40c6-b5bc-e873045ad83d@group-DA5EFC64E117-StateMachineUpdater] INFO  safemode.HealthyPipelineSafeModeRule (HealthyPipelineSafeModeRule.java:initializeRule(152)) - Refreshed total pipeline count is 0, healthy pipeline threshold count is 1
2022-02-20 11:34:14,154 [RatisPipelineUtilsThread - 0] INFO  pipeline.PipelineManagerImpl (PipelineManagerImpl.java:recordMetricsForPipeline(639)) - Pipeline: PipelineID=5bc82543-a77a-4869-9da5-58ed901e1311 contains same datanodes as previous pipelines: PipelineID=2ecf511a-45da-4206-b697-2163299401a3 nodeIds: 8f886335-0d74-45a2-bb32-11e9ae69e2a1, cd8e4231-c3e1-41c4-9d8d-fd2befed4677, 0f4f0202-97f3-46c0-a5a3-20f1e8134cab
2022-02-20 11:34:15,097 [Listener at 127.0.0.1/43731] INFO  ozone.MiniOzoneClusterImpl (MiniOzoneClusterImpl.java:lambda$waitForClusterToBeReady$0(219)) - Nodes are ready. Got 3 of 3 DN Heartbeats.
2022-02-20 11:34:15,097 [Listener at 127.0.0.1/43731] INFO  ozone.MiniOzoneClusterImpl (MiniOzoneClusterImpl.java:lambda$waitForClusterToBeReady$0(222)) - Waiting for cluster to exit safe mode
2022-02-20 11:34:15,097 [Listener at 127.0.0.1/43731] INFO  ozone.MiniOzoneClusterImpl (MiniOzoneClusterImpl.java:lambda$waitForClusterToBeReady$0(224)) - SCM became leader
2022-02-20 11:34:16,097 [Listener at 127.0.0.1/43731] INFO  ozone.MiniOzoneClusterImpl (MiniOzoneClusterImpl.java:lambda$waitForClusterToBeReady$0(219)) - Nodes are ready. Got 3 of 3 DN Heartbeats.
2022-02-20 11:34:16,098 [Listener at 127.0.0.1/43731] INFO  ozone.MiniOzoneClusterImpl (MiniOzoneClusterImpl.java:lambda$waitForClusterToBeReady$0(222)) - Waiting for cluster to exit safe mode
2022-02-20 11:34:16,098 [Listener at 127.0.0.1/43731] INFO  ozone.MiniOzoneClusterImpl (MiniOzoneClusterImpl.java:lambda$waitForClusterToBeReady$0(224)) - SCM became leader
2022-02-20 11:34:16,166 [Command processor thread] INFO  server.RaftServer (RaftServerProxy.java:addNew(95)) - 0f4f0202-97f3-46c0-a5a3-20f1e8134cab: addNew group-1882A2B98E6B:[0f4f0202-97f3-46c0-a5a3-20f1e8134cab|rpc:10.1.0.4:36831|priority:1] returns group-1882A2B98E6B:java.util.concurrent.CompletableFuture@6b9d73cc[Not completed]
2022-02-20 11:34:16,180 [pool-349-thread-1] INFO  server.RaftServer$Division (RaftServerImpl.java:<init>(184)) - 0f4f0202-97f3-46c0-a5a3-20f1e8134cab: new RaftServerImpl for group-1882A2B98E6B:[0f4f0202-97f3-46c0-a5a3-20f1e8134cab|rpc:10.1.0.4:36831|priority:1] with ContainerStateMachine:uninitialized
2022-02-20 11:34:16,187 [pool-349-thread-1] INFO  server.RaftServerConfigKeys (ConfUtils.java:logGet(44)) - raft.server.rpc.timeout.min = 5s (custom)
2022-02-20 11:34:16,187 [pool-349-thread-1] INFO  server.RaftServerConfigKeys (ConfUtils.java:logGet(44)) - raft.server.rpc.timeout.max = 5200ms (custom)
2022-02-20 11:34:16,187 [pool-349-thread-1] INFO  server.RaftServerConfigKeys (ConfUtils.java:logGet(44)) - raft.server.rpc.sleep.time = 25ms (default)
2022-02-20 11:34:16,187 [pool-349-thread-1] INFO  server.RaftServerConfigKeys (ConfUtils.java:logGet(44)) - raft.server.rpc.slowness.timeout = 300s (custom)
2022-02-20 11:34:16,189 [pool-349-thread-1] INFO  server.RaftServerConfigKeys (ConfUtils.java:logGet(44)) - raft.server.leaderelection.leader.step-down.wait-time = 10s (default)
2022-02-20 11:34:16,189 [pool-349-thread-1] INFO  server.RaftServerConfigKeys (ConfUtils.java:logGet(44)) - raft.server.sleep.deviation.threshold = 300ms (default)
2022-02-20 11:34:16,189 [pool-349-thread-1] INFO  server.RaftServerConfigKeys (ConfUtils.java:logGet(44)) - raft.server.log.appender.install.snapshot.enabled = false (custom)
2022-02-20 11:34:16,189 [pool-349-thread-1] INFO  server.RaftServer$Division (ServerState.java:<init>(105)) - 0f4f0202-97f3-46c0-a5a3-20f1e8134cab@group-1882A2B98E6B: ConfigurationManager, init=-1: [0f4f0202-97f3-46c0-a5a3-20f1e8134cab|rpc:10.1.0.4:36831|priority:1], old=null, confs=<EMPTY_MAP>
2022-02-20 11:34:16,189 [pool-349-thread-1] INFO  server.RaftServerConfigKeys (ConfUtils.java:logGet(44)) - raft.server.storage.dir = [/home/runner/work/ozone/ozone/hadoop-ozone/integration-test/target/test-dir/MiniOzoneClusterImpl-1758c66c-c060-455a-9a5e-da5efc64e117/datanode-0/data/ratis] (custom)
2022-02-20 11:34:16,189 [pool-349-thread-1] INFO  server.RaftServerConfigKeys (ConfUtils.java:logGet(44)) - raft.server.log.corruption.policy = EXCEPTION (default)
2022-02-20 11:34:16,189 [pool-349-thread-1] INFO  server.RaftServerConfigKeys (ConfUtils.java:logGet(44)) - raft.server.storage.free-space.min = 0MB (=0) (default)
2022-02-20 11:34:16,190 [pool-349-thread-1] INFO  storage.RaftStorageDirectory (RaftStorageDirectoryImpl.java:analyzeStorage(135)) - The storage directory /home/runner/work/ozone/ozone/hadoop-ozone/integration-test/target/test-dir/MiniOzoneClusterImpl-1758c66c-c060-455a-9a5e-da5efc64e117/datanode-0/data/ratis/ad0f9b61-c2d3-448c-ab6f-1882a2b98e6b does not exist. Creating ...
2022-02-20 11:34:16,191 [pool-349-thread-1] INFO  storage.RaftStorageDirectory (RaftStorageDirectoryImpl.java:tryLock(230)) - Lock on /home/runner/work/ozone/ozone/hadoop-ozone/integration-test/target/test-dir/MiniOzoneClusterImpl-1758c66c-c060-455a-9a5e-da5efc64e117/datanode-0/data/ratis/ad0f9b61-c2d3-448c-ab6f-1882a2b98e6b/in_use.lock acquired by nodename 9434@fv-az59-849
2022-02-20 11:34:16,192 [pool-349-thread-1] INFO  storage.RaftStorage (RaftStorageImpl.java:format(89)) - Storage directory /home/runner/work/ozone/ozone/hadoop-ozone/integration-test/target/test-dir/MiniOzoneClusterImpl-1758c66c-c060-455a-9a5e-da5efc64e117/datanode-0/data/ratis/ad0f9b61-c2d3-448c-ab6f-1882a2b98e6b has been successfully formatted.
2022-02-20 11:34:16,199 [pool-349-thread-1] INFO  ratis.ContainerStateMachine (ContainerStateMachine.java:loadSnapshot(236)) - group-1882A2B98E6B: The snapshot info is null. Setting the last applied indexto:(t:0, i:~)
2022-02-20 11:34:16,199 [pool-349-thread-1] INFO  server.RaftServerConfigKeys (ConfUtils.java:logGet(44)) - raft.server.notification.no-leader.timeout = 300s (custom)
2022-02-20 11:34:16,200 [pool-349-thread-1] INFO  server.RaftServerConfigKeys (ConfUtils.java:logGet(44)) - raft.server.log.use.memory = false (default)
2022-02-20 11:34:16,200 [pool-349-thread-1] INFO  server.RaftServerConfigKeys (ConfUtils.java:logGet(44)) - raft.server.log.purge.gap = 1000000 (custom)
2022-02-20 11:34:16,200 [pool-349-thread-1] INFO  server.RaftServerConfigKeys (ConfUtils.java:logGet(44)) - raft.server.log.appender.buffer.byte-limit = 33554432 (custom)
2022-02-20 11:34:16,200 [pool-349-thread-1] INFO  server.RaftServerConfigKeys (ConfUtils.java:logGet(44)) - raft.server.log.segment.size.max = 1048576 (custom)
2022-02-20 11:34:16,200 [pool-349-thread-1] INFO  server.RaftServerConfigKeys (ConfUtils.java:logGet(44)) - raft.server.log.segment.cache.num.max = 2 (custom)
2022-02-20 11:34:16,200 [pool-349-thread-1] INFO  server.RaftServerConfigKeys (ConfUtils.java:logGet(44)) - raft.server.log.segment.cache.size.max = 200MB (=209715200) (default)
2022-02-20 11:34:16,200 [pool-349-thread-1] INFO  segmented.SegmentedRaftLogWorker (SegmentedRaftLogWorker.java:<init>(182)) - new 0f4f0202-97f3-46c0-a5a3-20f1e8134cab@group-1882A2B98E6B-SegmentedRaftLogWorker for RaftStorageImpl:Storage Directory /home/runner/work/ozone/ozone/hadoop-ozone/integration-test/target/test-dir/MiniOzoneClusterImpl-1758c66c-c060-455a-9a5e-da5efc64e117/datanode-0/data/ratis/ad0f9b61-c2d3-448c-ab6f-1882a2b98e6b
2022-02-20 11:34:16,200 [pool-349-thread-1] INFO  server.RaftServerConfigKeys (ConfUtils.java:logGet(44)) - raft.server.log.queue.byte-limit = 4294967296 (custom)
2022-02-20 11:34:16,200 [pool-349-thread-1] INFO  server.RaftServerConfigKeys (ConfUtils.java:logGet(44)) - raft.server.log.queue.element-limit = 1024 (custom)
2022-02-20 11:34:16,201 [pool-349-thread-1] INFO  server.RaftServerConfigKeys (ConfUtils.java:logGet(44)) - raft.server.log.segment.size.max = 1048576 (custom)
2022-02-20 11:34:16,201 [pool-349-thread-1] INFO  server.RaftServerConfigKeys (ConfUtils.java:logGet(44)) - raft.server.log.preallocated.size = 16384 (custom)
2022-02-20 11:34:16,201 [pool-349-thread-1] INFO  server.RaftServerConfigKeys (ConfUtils.java:logGet(44)) - raft.server.log.force.sync.num = 128 (default)
2022-02-20 11:34:16,201 [pool-349-thread-1] INFO  server.RaftServerConfigKeys (ConfUtils.java:logGet(44)) - raft.server.log.statemachine.data.sync = true (default)
2022-02-20 11:34:16,201 [pool-349-thread-1] INFO  server.RaftServerConfigKeys (ConfUtils.java:logGet(44)) - raft.server.log.statemachine.data.sync.timeout = 10s (default)
2022-02-20 11:34:16,201 [pool-349-thread-1] INFO  server.RaftServerConfigKeys (ConfUtils.java:logGet(44)) - raft.server.log.statemachine.data.sync.timeout.retry = -1 (default)
2022-02-20 11:34:16,202 [EventQueue-PipelineReportForPipelineReportHandler] INFO  pipeline.PipelineManagerImpl (PipelineManagerImpl.java:openPipeline(291)) - Pipeline Pipeline[ Id: ad0f9b61-c2d3-448c-ab6f-1882a2b98e6b, Nodes: 0f4f0202-97f3-46c0-a5a3-20f1e8134cab{ip: 10.1.0.4, host: fv-az59-849.csjynl4pkq3e1pkirw3ssqjfoh.cx.internal.cloudapp.net, ports: [REPLICATION=38543, RATIS=36831, RATIS_ADMIN=36831, RATIS_SERVER=36831, STANDALONE=38077], networkLocation: /default-rack, certSerialId: null, persistedOpState: IN_SERVICE, persistedOpStateExpiryEpochSec: 0}, ReplicationConfig: RATIS/ONE, State:ALLOCATED, leaderId:0f4f0202-97f3-46c0-a5a3-20f1e8134cab, CreationTimestamp2022-02-20T11:34:13.170Z[Etc/UTC]] moved to OPEN state
2022-02-20 11:34:16,228 [060d77b2-bb29-40c6-b5bc-e873045ad83d@group-DA5EFC64E117-StateMachineUpdater] INFO  safemode.HealthyPipelineSafeModeRule (HealthyPipelineSafeModeRule.java:initializeRule(152)) - Refreshed total pipeline count is 0, healthy pipeline threshold count is 1
2022-02-20 11:34:16,229 [pool-349-thread-1] INFO  server.RaftServerConfigKeys (ConfUtils.java:logGet(44)) - raft.server.log.write.buffer.size = 1048576 (custom)
2022-02-20 11:34:16,230 [pool-349-thread-1] INFO  server.RaftServerConfigKeys (ConfUtils.java:logGet(44)) - raft.server.log.statemachine.data.caching.enabled = true (custom)
2022-02-20 11:34:16,231 [pool-349-thread-1] INFO  segmented.SegmentedRaftLogWorker (SegmentedRaftLogWorker.java:lambda$new$0(133)) - 0f4f0202-97f3-46c0-a5a3-20f1e8134cab@group-1882A2B98E6B-SegmentedRaftLogWorker: flushIndex: setUnconditionally 0 -> -1
2022-02-20 11:34:16,231 [pool-349-thread-1] INFO  segmented.SegmentedRaftLogWorker (SegmentedRaftLogWorker.java:lambda$new$0(133)) - 0f4f0202-97f3-46c0-a5a3-20f1e8134cab@group-1882A2B98E6B-SegmentedRaftLogWorker: safeCacheEvictIndex: setUnconditionally 0 -> -1
2022-02-20 11:34:16,231 [pool-349-thread-1] INFO  server.RaftServerConfigKeys (ConfUtils.java:logGet(44)) - raft.server.snapshot.auto.trigger.enabled = true (custom)
2022-02-20 11:34:16,231 [pool-349-thread-1] INFO  server.RaftServerConfigKeys (ConfUtils.java:logGet(44)) - raft.server.snapshot.auto.trigger.threshold = 10000 (custom)
2022-02-20 11:34:16,231 [pool-349-thread-1] INFO  server.RaftServerConfigKeys (ConfUtils.java:logGet(44)) - raft.server.snapshot.retention.file.num = 5 (custom)
2022-02-20 11:34:16,231 [pool-349-thread-1] INFO  server.RaftServerConfigKeys (ConfUtils.java:logGet(44)) - raft.server.log.purge.upto.snapshot.index = false (default)
2022-02-20 11:34:16,231 [pool-349-thread-1] INFO  server.RaftServerConfigKeys (ConfUtils.java:logGet(44)) - raft.server.retrycache.expirytime = 600000ms (custom)
2022-02-20 11:34:16,231 [pool-349-thread-1] INFO  server.RaftServerConfigKeys (ConfUtils.java:logGet(44)) - raft.server.retrycache.statistics.expirytime = 100μs (default)
2022-02-20 11:34:16,232 [pool-349-thread-1] INFO  server.RaftServer$Division (RaftServerImpl.java:start(301)) - 0f4f0202-97f3-46c0-a5a3-20f1e8134cab@group-1882A2B98E6B: start as a follower, conf=-1: [0f4f0202-97f3-46c0-a5a3-20f1e8134cab|rpc:10.1.0.4:36831|priority:1], old=null
2022-02-20 11:34:16,232 [pool-349-thread-1] INFO  server.RaftServer$Division (RaftServerImpl.java:setRole(290)) - 0f4f0202-97f3-46c0-a5a3-20f1e8134cab@group-1882A2B98E6B: changes role from      null to FOLLOWER at term 0 for startAsFollower
2022-02-20 11:34:16,232 [pool-349-thread-1] INFO  impl.RoleInfo (RoleInfo.java:updateAndGet(130)) - 0f4f0202-97f3-46c0-a5a3-20f1e8134cab: start 0f4f0202-97f3-46c0-a5a3-20f1e8134cab@group-1882A2B98E6B-FollowerState
2022-02-20 11:34:16,232 [pool-349-thread-1] INFO  util.JmxRegister (JmxRegister.java:tryRegister(44)) - Successfully registered JMX Bean with object name Ratis:service=RaftServer,group=group-1882A2B98E6B,id=0f4f0202-97f3-46c0-a5a3-20f1e8134cab
2022-02-20 11:34:16,236 [Command processor thread] INFO  ratis.XceiverServerRatis (XceiverServerRatis.java:addGroup(769)) - Created group PipelineID=ad0f9b61-c2d3-448c-ab6f-1882a2b98e6b
2022-02-20 11:34:16,236 [Command processor thread] INFO  commandhandler.CreatePipelineCommandHandler (CreatePipelineCommandHandler.java:handle(106)) - Created Pipeline RATIS ONE PipelineID=ad0f9b61-c2d3-448c-ab6f-1882a2b98e6b.
2022-02-20 11:34:16,236 [Command processor thread] INFO  server.RaftServer (RaftServerProxy.java:addNew(95)) - 0f4f0202-97f3-46c0-a5a3-20f1e8134cab: addNew group-2163299401A3:[cd8e4231-c3e1-41c4-9d8d-fd2befed4677|rpc:10.1.0.4:36213|priority:0, 0f4f0202-97f3-46c0-a5a3-20f1e8134cab|rpc:10.1.0.4:36831|priority:1, 8f886335-0d74-45a2-bb32-11e9ae69e2a1|rpc:10.1.0.4:40283|priority:0] returns group-2163299401A3:java.util.concurrent.CompletableFuture@6fa2fa67[Not completed]
2022-02-20 11:34:16,238 [pool-349-thread-1] INFO  server.RaftServer$Division (RaftServerImpl.java:<init>(184)) - 0f4f0202-97f3-46c0-a5a3-20f1e8134cab: new RaftServerImpl for group-2163299401A3:[cd8e4231-c3e1-41c4-9d8d-fd2befed4677|rpc:10.1.0.4:36213|priority:0, 0f4f0202-97f3-46c0-a5a3-20f1e8134cab|rpc:10.1.0.4:36831|priority:1, 8f886335-0d74-45a2-bb32-11e9ae69e2a1|rpc:10.1.0.4:40283|priority:0] with ContainerStateMachine:uninitialized
2022-02-20 11:34:16,238 [pool-349-thread-1] INFO  server.RaftServerConfigKeys (ConfUtils.java:logGet(44)) - raft.server.rpc.timeout.min = 5s (custom)
2022-02-20 11:34:16,239 [pool-349-thread-1] INFO  server.RaftServerConfigKeys (ConfUtils.java:logGet(44)) - raft.server.rpc.timeout.max = 5200ms (custom)
2022-02-20 11:34:16,239 [pool-349-thread-1] INFO  server.RaftServerConfigKeys (ConfUtils.java:logGet(44)) - raft.server.rpc.sleep.time = 25ms (default)
2022-02-20 11:34:16,239 [pool-349-thread-1] INFO  server.RaftServerConfigKeys (ConfUtils.java:logGet(44)) - raft.server.rpc.slowness.timeout = 300s (custom)
2022-02-20 11:34:16,239 [pool-349-thread-1] INFO  server.RaftServerConfigKeys (ConfUtils.java:logGet(44)) - raft.server.leaderelection.leader.step-down.wait-time = 10s (default)
2022-02-20 11:34:16,239 [pool-349-thread-1] INFO  server.RaftServerConfigKeys (ConfUtils.java:logGet(44)) - raft.server.sleep.deviation.threshold = 300ms (default)
2022-02-20 11:34:16,239 [pool-349-thread-1] INFO  server.RaftServerConfigKeys (ConfUtils.java:logGet(44)) - raft.server.log.appender.install.snapshot.enabled = false (custom)
2022-02-20 11:34:16,239 [pool-349-thread-1] INFO  server.RaftServer$Division (ServerState.java:<init>(105)) - 0f4f0202-97f3-46c0-a5a3-20f1e8134cab@group-2163299401A3: ConfigurationManager, init=-1: [cd8e4231-c3e1-41c4-9d8d-fd2befed4677|rpc:10.1.0.4:36213|priority:0, 0f4f0202-97f3-46c0-a5a3-20f1e8134cab|rpc:10.1.0.4:36831|priority:1, 8f886335-0d74-45a2-bb32-11e9ae69e2a1|rpc:10.1.0.4:40283|priority:0], old=null, confs=<EMPTY_MAP>
2022-02-20 11:34:16,239 [pool-349-thread-1] INFO  server.RaftServerConfigKeys (ConfUtils.java:logGet(44)) - raft.server.storage.dir = [/home/runner/work/ozone/ozone/hadoop-ozone/integration-test/target/test-dir/MiniOzoneClusterImpl-1758c66c-c060-455a-9a5e-da5efc64e117/datanode-0/data/ratis] (custom)
2022-02-20 11:34:16,239 [pool-349-thread-1] INFO  server.RaftServerConfigKeys (ConfUtils.java:logGet(44)) - raft.server.log.corruption.policy = EXCEPTION (default)
2022-02-20 11:34:16,239 [pool-349-thread-1] INFO  server.RaftServerConfigKeys (ConfUtils.java:logGet(44)) - raft.server.storage.free-space.min = 0MB (=0) (default)
2022-02-20 11:34:16,239 [pool-349-thread-1] INFO  storage.RaftStorageDirectory (RaftStorageDirectoryImpl.java:analyzeStorage(135)) - The storage directory /home/runner/work/ozone/ozone/hadoop-ozone/integration-test/target/test-dir/MiniOzoneClusterImpl-1758c66c-c060-455a-9a5e-da5efc64e117/datanode-0/data/ratis/2ecf511a-45da-4206-b697-2163299401a3 does not exist. Creating ...
2022-02-20 11:34:16,244 [pool-349-thread-1] INFO  storage.RaftStorageDirectory (RaftStorageDirectoryImpl.java:tryLock(230)) - Lock on /home/runner/work/ozone/ozone/hadoop-ozone/integration-test/target/test-dir/MiniOzoneClusterImpl-1758c66c-c060-455a-9a5e-da5efc64e117/datanode-0/data/ratis/2ecf511a-45da-4206-b697-2163299401a3/in_use.lock acquired by nodename 9434@fv-az59-849
2022-02-20 11:34:16,244 [EventQueue-OpenPipelineForHealthyPipelineSafeModeRule] INFO  safemode.SCMSafeModeManager (HealthyPipelineSafeModeRule.java:process(124)) - SCM in safe mode. Healthy pipelines reported count is 0, required healthy pipeline reported count is 1
2022-02-20 11:34:16,245 [pool-349-thread-1] INFO  storage.RaftStorage (RaftStorageImpl.java:format(89)) - Storage directory /home/runner/work/ozone/ozone/hadoop-ozone/integration-test/target/test-dir/MiniOzoneClusterImpl-1758c66c-c060-455a-9a5e-da5efc64e117/datanode-0/data/ratis/2ecf511a-45da-4206-b697-2163299401a3 has been successfully formatted.
2022-02-20 11:34:16,245 [pool-349-thread-1] INFO  ratis.ContainerStateMachine (ContainerStateMachine.java:loadSnapshot(236)) - group-2163299401A3: The snapshot info is null. Setting the last applied indexto:(t:0, i:~)
2022-02-20 11:34:16,245 [pool-349-thread-1] INFO  server.RaftServerConfigKeys (ConfUtils.java:logGet(44)) - raft.server.notification.no-leader.timeout = 300s (custom)
2022-02-20 11:34:16,245 [pool-349-thread-1] INFO  server.RaftServerConfigKeys (ConfUtils.java:logGet(44)) - raft.server.log.use.memory = false (default)
2022-02-20 11:34:16,245 [pool-349-thread-1] INFO  server.RaftServerConfigKeys (ConfUtils.java:logGet(44)) - raft.server.log.purge.gap = 1000000 (custom)
2022-02-20 11:34:16,245 [pool-349-thread-1] INFO  server.RaftServerConfigKeys (ConfUtils.java:logGet(44)) - raft.server.log.appender.buffer.byte-limit = 33554432 (custom)
2022-02-20 11:34:16,245 [pool-349-thread-1] INFO  server.RaftServerConfigKeys (ConfUtils.java:logGet(44)) - raft.server.log.segment.size.max = 1048576 (custom)
2022-02-20 11:34:16,246 [pool-349-thread-1] INFO  server.RaftServerConfigKeys (ConfUtils.java:logGet(44)) - raft.server.log.segment.cache.num.max = 2 (custom)
2022-02-20 11:34:16,246 [pool-349-thread-1] INFO  server.RaftServerConfigKeys (ConfUtils.java:logGet(44)) - raft.server.log.segment.cache.size.max = 200MB (=209715200) (default)
2022-02-20 11:34:16,246 [pool-349-thread-1] INFO  segmented.SegmentedRaftLogWorker (SegmentedRaftLogWorker.java:<init>(182)) - new 0f4f0202-97f3-46c0-a5a3-20f1e8134cab@group-2163299401A3-SegmentedRaftLogWorker for RaftStorageImpl:Storage Directory /home/runner/work/ozone/ozone/hadoop-ozone/integration-test/target/test-dir/MiniOzoneClusterImpl-1758c66c-c060-455a-9a5e-da5efc64e117/datanode-0/data/ratis/2ecf511a-45da-4206-b697-2163299401a3
2022-02-20 11:34:16,246 [pool-349-thread-1] INFO  server.RaftServerConfigKeys (ConfUtils.java:logGet(44)) - raft.server.log.queue.byte-limit = 4294967296 (custom)
2022-02-20 11:34:16,246 [pool-349-thread-1] INFO  server.RaftServerConfigKeys (ConfUtils.java:logGet(44)) - raft.server.log.queue.element-limit = 1024 (custom)
2022-02-20 11:34:16,246 [pool-349-thread-1] INFO  server.RaftServerConfigKeys (ConfUtils.java:logGet(44)) - raft.server.log.segment.size.max = 1048576 (custom)
2022-02-20 11:34:16,246 [pool-349-thread-1] INFO  server.RaftServerConfigKeys (ConfUtils.java:logGet(44)) - raft.server.log.preallocated.size = 16384 (custom)
2022-02-20 11:34:16,246 [pool-349-thread-1] INFO  server.RaftServerConfigKeys (ConfUtils.java:logGet(44)) - raft.server.log.force.sync.num = 128 (default)
2022-02-20 11:34:16,246 [pool-349-thread-1] INFO  server.RaftServerConfigKeys (ConfUtils.java:logGet(44)) - raft.server.log.statemachine.data.sync = true (default)
2022-02-20 11:34:16,246 [pool-349-thread-1] INFO  server.RaftServerConfigKeys (ConfUtils.java:logGet(44)) - raft.server.log.statemachine.data.sync.timeout = 10s (default)
2022-02-20 11:34:16,246 [pool-349-thread-1] INFO  server.RaftServerConfigKeys (ConfUtils.java:logGet(44)) - raft.server.log.statemachine.data.sync.timeout.retry = -1 (default)
2022-02-20 11:34:16,247 [pool-349-thread-1] INFO  server.RaftServerConfigKeys (ConfUtils.java:logGet(44)) - raft.server.log.write.buffer.size = 1048576 (custom)
2022-02-20 11:34:16,247 [pool-349-thread-1] INFO  server.RaftServerConfigKeys (ConfUtils.java:logGet(44)) - raft.server.log.statemachine.data.caching.enabled = true (custom)
2022-02-20 11:34:16,247 [pool-349-thread-1] INFO  segmented.SegmentedRaftLogWorker (SegmentedRaftLogWorker.java:lambda$new$0(133)) - 0f4f0202-97f3-46c0-a5a3-20f1e8134cab@group-2163299401A3-SegmentedRaftLogWorker: flushIndex: setUnconditionally 0 -> -1
2022-02-20 11:34:16,247 [pool-349-thread-1] INFO  segmented.SegmentedRaftLogWorker (SegmentedRaftLogWorker.java:lambda$new$0(133)) - 0f4f0202-97f3-46c0-a5a3-20f1e8134cab@group-2163299401A3-SegmentedRaftLogWorker: safeCacheEvictIndex: setUnconditionally 0 -> -1
2022-02-20 11:34:16,250 [EventQueue-OpenPipelineForHealthyPipelineSafeModeRule] INFO  safemode.SCMSafeModeManager (HealthyPipelineSafeModeRule.java:process(124)) - SCM in safe mode. Healthy pipelines reported count is 0, required healthy pipeline reported count is 1
2022-02-20 11:34:16,256 [pool-349-thread-1] INFO  server.RaftServerConfigKeys (ConfUtils.java:logGet(44)) - raft.server.snapshot.auto.trigger.enabled = true (custom)
2022-02-20 11:34:16,256 [pool-349-thread-1] INFO  server.RaftServerConfigKeys (ConfUtils.java:logGet(44)) - raft.server.snapshot.auto.trigger.threshold = 10000 (custom)
2022-02-20 11:34:16,256 [pool-349-thread-1] INFO  server.RaftServerConfigKeys (ConfUtils.java:logGet(44)) - raft.server.snapshot.retention.file.num = 5 (custom)
2022-02-20 11:34:16,256 [pool-349-thread-1] INFO  server.RaftServerConfigKeys (ConfUtils.java:logGet(44)) - raft.server.log.purge.upto.snapshot.index = false (default)
2022-02-20 11:34:16,256 [pool-349-thread-1] INFO  server.RaftServerConfigKeys (ConfUtils.java:logGet(44)) - raft.server.retrycache.expirytime = 600000ms (custom)
2022-02-20 11:34:16,256 [pool-349-thread-1] INFO  server.RaftServerConfigKeys (ConfUtils.java:logGet(44)) - raft.server.retrycache.statistics.expirytime = 100μs (default)
2022-02-20 11:34:16,257 [pool-349-thread-1] INFO  server.RaftServer$Division (RaftServerImpl.java:start(301)) - 0f4f0202-97f3-46c0-a5a3-20f1e8134cab@group-2163299401A3: start as a follower, conf=-1: [cd8e4231-c3e1-41c4-9d8d-fd2befed4677|rpc:10.1.0.4:36213|priority:0, 0f4f0202-97f3-46c0-a5a3-20f1e8134cab|rpc:10.1.0.4:36831|priority:1, 8f886335-0d74-45a2-bb32-11e9ae69e2a1|rpc:10.1.0.4:40283|priority:0], old=null
2022-02-20 11:34:16,257 [pool-349-thread-1] INFO  server.RaftServer$Division (RaftServerImpl.java:setRole(290)) - 0f4f0202-97f3-46c0-a5a3-20f1e8134cab@group-2163299401A3: changes role from      null to FOLLOWER at term 0 for startAsFollower
2022-02-20 11:34:16,257 [pool-349-thread-1] INFO  impl.RoleInfo (RoleInfo.java:updateAndGet(130)) - 0f4f0202-97f3-46c0-a5a3-20f1e8134cab: start 0f4f0202-97f3-46c0-a5a3-20f1e8134cab@group-2163299401A3-FollowerState
2022-02-20 11:34:16,270 [pool-349-thread-1] INFO  util.JmxRegister (JmxRegister.java:tryRegister(44)) - Successfully registered JMX Bean with object name Ratis:service=RaftServer,group=group-2163299401A3,id=0f4f0202-97f3-46c0-a5a3-20f1e8134cab
2022-02-20 11:34:16,282 [Command processor thread] INFO  ratis.XceiverServerRatis (XceiverServerRatis.java:addGroup(769)) - Created group PipelineID=2ecf511a-45da-4206-b697-2163299401a3
2022-02-20 11:34:16,315 [grpc-default-executor-4] INFO  server.RaftServer (RaftServerProxy.java:addNew(95)) - cd8e4231-c3e1-41c4-9d8d-fd2befed4677: addNew group-2163299401A3:[cd8e4231-c3e1-41c4-9d8d-fd2befed4677|rpc:10.1.0.4:36213|dataStream:|priority:0, 0f4f0202-97f3-46c0-a5a3-20f1e8134cab|rpc:10.1.0.4:36831|dataStream:|priority:1, 8f886335-0d74-45a2-bb32-11e9ae69e2a1|rpc:10.1.0.4:40283|dataStream:|priority:0] returns group-2163299401A3:java.util.concurrent.CompletableFuture@625ca331[Not completed]
2022-02-20 11:34:16,326 [pool-391-thread-1] INFO  server.RaftServer$Division (RaftServerImpl.java:<init>(184)) - cd8e4231-c3e1-41c4-9d8d-fd2befed4677: new RaftServerImpl for group-2163299401A3:[cd8e4231-c3e1-41c4-9d8d-fd2befed4677|rpc:10.1.0.4:36213|dataStream:|priority:0, 0f4f0202-97f3-46c0-a5a3-20f1e8134cab|rpc:10.1.0.4:36831|dataStream:|priority:1, 8f886335-0d74-45a2-bb32-11e9ae69e2a1|rpc:10.1.0.4:40283|dataStream:|priority:0] with ContainerStateMachine:uninitialized
2022-02-20 11:34:16,338 [pool-391-thread-1] INFO  server.RaftServerConfigKeys (ConfUtils.java:logGet(44)) - raft.server.rpc.timeout.min = 5s (custom)
2022-02-20 11:34:16,339 [pool-391-thread-1] INFO  server.RaftServerConfigKeys (ConfUtils.java:logGet(44)) - raft.server.rpc.timeout.max = 5200ms (custom)
2022-02-20 11:34:16,339 [pool-391-thread-1] INFO  server.RaftServerConfigKeys (ConfUtils.java:logGet(44)) - raft.server.rpc.sleep.time = 25ms (default)
2022-02-20 11:34:16,339 [pool-391-thread-1] INFO  server.RaftServerConfigKeys (ConfUtils.java:logGet(44)) - raft.server.rpc.slowness.timeout = 300s (custom)
2022-02-20 11:34:16,343 [pool-391-thread-1] INFO  server.RaftServerConfigKeys (ConfUtils.java:logGet(44)) - raft.server.leaderelection.leader.step-down.wait-time = 10s (default)
2022-02-20 11:34:16,343 [pool-391-thread-1] INFO  server.RaftServerConfigKeys (ConfUtils.java:logGet(44)) - raft.server.sleep.deviation.threshold = 300ms (default)
2022-02-20 11:34:16,343 [pool-391-thread-1] INFO  server.RaftServerConfigKeys (ConfUtils.java:logGet(44)) - raft.server.log.appender.install.snapshot.enabled = false (custom)
2022-02-20 11:34:16,343 [pool-391-thread-1] INFO  server.RaftServer$Division (ServerState.java:<init>(105)) - cd8e4231-c3e1-41c4-9d8d-fd2befed4677@group-2163299401A3: ConfigurationManager, init=-1: [cd8e4231-c3e1-41c4-9d8d-fd2befed4677|rpc:10.1.0.4:36213|dataStream:|priority:0, 0f4f0202-97f3-46c0-a5a3-20f1e8134cab|rpc:10.1.0.4:36831|dataStream:|priority:1, 8f886335-0d74-45a2-bb32-11e9ae69e2a1|rpc:10.1.0.4:40283|dataStream:|priority:0], old=null, confs=<EMPTY_MAP>
2022-02-20 11:34:16,343 [pool-391-thread-1] INFO  server.RaftServerConfigKeys (ConfUtils.java:logGet(44)) - raft.server.storage.dir = [/home/runner/work/ozone/ozone/hadoop-ozone/integration-test/target/test-dir/MiniOzoneClusterImpl-1758c66c-c060-455a-9a5e-da5efc64e117/datanode-2/data/ratis] (custom)
2022-02-20 11:34:16,343 [pool-391-thread-1] INFO  server.RaftServerConfigKeys (ConfUtils.java:logGet(44)) - raft.server.log.corruption.policy = EXCEPTION (default)
2022-02-20 11:34:16,343 [pool-391-thread-1] INFO  server.RaftServerConfigKeys (ConfUtils.java:logGet(44)) - raft.server.storage.free-space.min = 0MB (=0) (default)
2022-02-20 11:34:16,344 [pool-391-thread-1] INFO  storage.RaftStorageDirectory (RaftStorageDirectoryImpl.java:analyzeStorage(135)) - The storage directory /home/runner/work/ozone/ozone/hadoop-ozone/integration-test/target/test-dir/MiniOzoneClusterImpl-1758c66c-c060-455a-9a5e-da5efc64e117/datanode-2/data/ratis/2ecf511a-45da-4206-b697-2163299401a3 does not exist. Creating ...
2022-02-20 11:34:16,344 [pool-391-thread-1] INFO  storage.RaftStorageDirectory (RaftStorageDirectoryImpl.java:tryLock(230)) - Lock on /home/runner/work/ozone/ozone/hadoop-ozone/integration-test/target/test-dir/MiniOzoneClusterImpl-1758c66c-c060-455a-9a5e-da5efc64e117/datanode-2/data/ratis/2ecf511a-45da-4206-b697-2163299401a3/in_use.lock acquired by nodename 9434@fv-az59-849
2022-02-20 11:34:16,346 [pool-391-thread-1] INFO  storage.RaftStorage (RaftStorageImpl.java:format(89)) - Storage directory /home/runner/work/ozone/ozone/hadoop-ozone/integration-test/target/test-dir/MiniOzoneClusterImpl-1758c66c-c060-455a-9a5e-da5efc64e117/datanode-2/data/ratis/2ecf511a-45da-4206-b697-2163299401a3 has been successfully formatted.
2022-02-20 11:34:16,354 [pool-391-thread-1] INFO  ratis.ContainerStateMachine (ContainerStateMachine.java:loadSnapshot(236)) - group-2163299401A3: The snapshot info is null. Setting the last applied indexto:(t:0, i:~)
2022-02-20 11:34:16,354 [pool-391-thread-1] INFO  server.RaftServerConfigKeys (ConfUtils.java:logGet(44)) - raft.server.notification.no-leader.timeout = 300s (custom)
2022-02-20 11:34:16,354 [pool-391-thread-1] INFO  server.RaftServerConfigKeys (ConfUtils.java:logGet(44)) - raft.server.log.use.memory = false (default)
2022-02-20 11:34:16,354 [pool-391-thread-1] INFO  server.RaftServerConfigKeys (ConfUtils.java:logGet(44)) - raft.server.log.purge.gap = 1000000 (custom)
2022-02-20 11:34:16,354 [pool-391-thread-1] INFO  server.RaftServerConfigKeys (ConfUtils.java:logGet(44)) - raft.server.log.appender.buffer.byte-limit = 33554432 (custom)
2022-02-20 11:34:16,354 [pool-391-thread-1] INFO  server.RaftServerConfigKeys (ConfUtils.java:logGet(44)) - raft.server.log.segment.size.max = 1048576 (custom)
2022-02-20 11:34:16,355 [pool-391-thread-1] INFO  server.RaftServerConfigKeys (ConfUtils.java:logGet(44)) - raft.server.log.segment.cache.num.max = 2 (custom)
2022-02-20 11:34:16,355 [pool-391-thread-1] INFO  server.RaftServerConfigKeys (ConfUtils.java:logGet(44)) - raft.server.log.segment.cache.size.max = 200MB (=209715200) (default)
2022-02-20 11:34:16,355 [pool-391-thread-1] INFO  segmented.SegmentedRaftLogWorker (SegmentedRaftLogWorker.java:<init>(182)) - new cd8e4231-c3e1-41c4-9d8d-fd2befed4677@group-2163299401A3-SegmentedRaftLogWorker for RaftStorageImpl:Storage Directory /home/runner/work/ozone/ozone/hadoop-ozone/integration-test/target/test-dir/MiniOzoneClusterImpl-1758c66c-c060-455a-9a5e-da5efc64e117/datanode-2/data/ratis/2ecf511a-45da-4206-b697-2163299401a3
2022-02-20 11:34:16,355 [pool-391-thread-1] INFO  server.RaftServerConfigKeys (ConfUtils.java:logGet(44)) - raft.server.log.queue.byte-limit = 4294967296 (custom)
2022-02-20 11:34:16,355 [pool-391-thread-1] INFO  server.RaftServerConfigKeys (ConfUtils.java:logGet(44)) - raft.server.log.queue.element-limit = 1024 (custom)
2022-02-20 11:34:16,355 [pool-391-thread-1] INFO  server.RaftServerConfigKeys (ConfUtils.java:logGet(44)) - raft.server.log.segment.size.max = 1048576 (custom)
2022-02-20 11:34:16,355 [pool-391-thread-1] INFO  server.RaftServerConfigKeys (ConfUtils.java:logGet(44)) - raft.server.log.preallocated.size = 16384 (custom)
2022-02-20 11:34:16,355 [pool-391-thread-1] INFO  server.RaftServerConfigKeys (ConfUtils.java:logGet(44)) - raft.server.log.force.sync.num = 128 (default)
2022-02-20 11:34:16,355 [pool-391-thread-1] INFO  server.RaftServerConfigKeys (ConfUtils.java:logGet(44)) - raft.server.log.statemachine.data.sync = true (default)
2022-02-20 11:34:16,355 [pool-391-thread-1] INFO  server.RaftServerConfigKeys (ConfUtils.java:logGet(44)) - raft.server.log.statemachine.data.sync.timeout = 10s (default)
2022-02-20 11:34:16,356 [pool-391-thread-1] INFO  server.RaftServerConfigKeys (ConfUtils.java:logGet(44)) - raft.server.log.statemachine.data.sync.timeout.retry = -1 (default)
2022-02-20 11:34:16,356 [pool-391-thread-1] INFO  server.RaftServerConfigKeys (ConfUtils.java:logGet(44)) - raft.server.log.write.buffer.size = 1048576 (custom)
2022-02-20 11:34:16,357 [pool-391-thread-1] INFO  server.RaftServerConfigKeys (ConfUtils.java:logGet(44)) - raft.server.log.statemachine.data.caching.enabled = true (custom)
2022-02-20 11:34:16,357 [pool-391-thread-1] INFO  segmented.SegmentedRaftLogWorker (SegmentedRaftLogWorker.java:lambda$new$0(133)) - cd8e4231-c3e1-41c4-9d8d-fd2befed4677@group-2163299401A3-SegmentedRaftLogWorker: flushIndex: setUnconditionally 0 -> -1
2022-02-20 11:34:16,362 [pool-391-thread-1] INFO  segmented.SegmentedRaftLogWorker (SegmentedRaftLogWorker.java:lambda$new$0(133)) - cd8e4231-c3e1-41c4-9d8d-fd2befed4677@group-2163299401A3-SegmentedRaftLogWorker: safeCacheEvictIndex: setUnconditionally 0 -> -1
2022-02-20 11:34:16,366 [pool-391-thread-1] INFO  server.RaftServerConfigKeys (ConfUtils.java:logGet(44)) - raft.server.snapshot.auto.trigger.enabled = true (custom)
2022-02-20 11:34:16,366 [pool-391-thread-1] INFO  server.RaftServerConfigKeys (ConfUtils.java:logGet(44)) - raft.server.snapshot.auto.trigger.threshold = 10000 (custom)
2022-02-20 11:34:16,366 [pool-391-thread-1] INFO  server.RaftServerConfigKeys (ConfUtils.java:logGet(44)) - raft.server.snapshot.retention.file.num = 5 (custom)
2022-02-20 11:34:16,366 [pool-391-thread-1] INFO  server.RaftServerConfigKeys (ConfUtils.java:logGet(44)) - raft.server.log.purge.upto.snapshot.index = false (default)
2022-02-20 11:34:16,366 [pool-391-thread-1] INFO  server.RaftServerConfigKeys (ConfUtils.java:logGet(44)) - raft.server.retrycache.expirytime = 600000ms (custom)
2022-02-20 11:34:16,366 [pool-391-thread-1] INFO  server.RaftServerConfigKeys (ConfUtils.java:logGet(44)) - raft.server.retrycache.statistics.expirytime = 100μs (default)
2022-02-20 11:34:16,367 [pool-391-thread-1] INFO  server.RaftServer$Division (RaftServerImpl.java:start(301)) - cd8e4231-c3e1-41c4-9d8d-fd2befed4677@group-2163299401A3: start as a follower, conf=-1: [cd8e4231-c3e1-41c4-9d8d-fd2befed4677|rpc:10.1.0.4:36213|dataStream:|priority:0, 0f4f0202-97f3-46c0-a5a3-20f1e8134cab|rpc:10.1.0.4:36831|dataStream:|priority:1, 8f886335-0d74-45a2-bb32-11e9ae69e2a1|rpc:10.1.0.4:40283|dataStream:|priority:0], old=null
2022-02-20 11:34:16,367 [pool-391-thread-1] INFO  server.RaftServer$Division (RaftServerImpl.java:setRole(290)) - cd8e4231-c3e1-41c4-9d8d-fd2befed4677@group-2163299401A3: changes role from      null to FOLLOWER at term 0 for startAsFollower
2022-02-20 11:34:16,367 [pool-391-thread-1] INFO  impl.RoleInfo (RoleInfo.java:updateAndGet(130)) - cd8e4231-c3e1-41c4-9d8d-fd2befed4677: start cd8e4231-c3e1-41c4-9d8d-fd2befed4677@group-2163299401A3-FollowerState
2022-02-20 11:34:16,368 [pool-391-thread-1] INFO  util.JmxRegister (JmxRegister.java:tryRegister(44)) - Successfully registered JMX Bean with object name Ratis:service=RaftServer,group=group-2163299401A3,id=cd8e4231-c3e1-41c4-9d8d-fd2befed4677
2022-02-20 11:34:16,406 [grpc-default-executor-4] INFO  server.RaftServer (RaftServerProxy.java:addNew(95)) - 8f886335-0d74-45a2-bb32-11e9ae69e2a1: addNew group-2163299401A3:[cd8e4231-c3e1-41c4-9d8d-fd2befed4677|rpc:10.1.0.4:36213|dataStream:|priority:0, 0f4f0202-97f3-46c0-a5a3-20f1e8134cab|rpc:10.1.0.4:36831|dataStream:|priority:1, 8f886335-0d74-45a2-bb32-11e9ae69e2a1|rpc:10.1.0.4:40283|dataStream:|priority:0] returns group-2163299401A3:java.util.concurrent.CompletableFuture@f13253b[Not completed]
2022-02-20 11:34:16,410 [pool-370-thread-1] INFO  server.RaftServer$Division (RaftServerImpl.java:<init>(184)) - 8f886335-0d74-45a2-bb32-11e9ae69e2a1: new RaftServerImpl for group-2163299401A3:[cd8e4231-c3e1-41c4-9d8d-fd2befed4677|rpc:10.1.0.4:36213|dataStream:|priority:0, 0f4f0202-97f3-46c0-a5a3-20f1e8134cab|rpc:10.1.0.4:36831|dataStream:|priority:1, 8f886335-0d74-45a2-bb32-11e9ae69e2a1|rpc:10.1.0.4:40283|dataStream:|priority:0] with ContainerStateMachine:uninitialized
2022-02-20 11:34:16,411 [pool-370-thread-1] INFO  server.RaftServerConfigKeys (ConfUtils.java:logGet(44)) - raft.server.rpc.timeout.min = 5s (custom)
2022-02-20 11:34:16,411 [pool-370-thread-1] INFO  server.RaftServerConfigKeys (ConfUtils.java:logGet(44)) - raft.server.rpc.timeout.max = 5200ms (custom)
2022-02-20 11:34:16,411 [pool-370-thread-1] INFO  server.RaftServerConfigKeys (ConfUtils.java:logGet(44)) - raft.server.rpc.sleep.time = 25ms (default)
2022-02-20 11:34:16,411 [pool-370-thread-1] INFO  server.RaftServerConfigKeys (ConfUtils.java:logGet(44)) - raft.server.rpc.slowness.timeout = 300s (custom)
2022-02-20 11:34:16,411 [pool-370-thread-1] INFO  server.RaftServerConfigKeys (ConfUtils.java:logGet(44)) - raft.server.leaderelection.leader.step-down.wait-time = 10s (default)
2022-02-20 11:34:16,411 [pool-370-thread-1] INFO  server.RaftServerConfigKeys (ConfUtils.java:logGet(44)) - raft.server.sleep.deviation.threshold = 300ms (default)
2022-02-20 11:34:16,411 [pool-370-thread-1] INFO  server.RaftServerConfigKeys (ConfUtils.java:logGet(44)) - raft.server.log.appender.install.snapshot.enabled = false (custom)
2022-02-20 11:34:16,412 [pool-370-thread-1] INFO  server.RaftServer$Division (ServerState.java:<init>(105)) - 8f886335-0d74-45a2-bb32-11e9ae69e2a1@group-2163299401A3: ConfigurationManager, init=-1: [cd8e4231-c3e1-41c4-9d8d-fd2befed4677|rpc:10.1.0.4:36213|dataStream:|priority:0, 0f4f0202-97f3-46c0-a5a3-20f1e8134cab|rpc:10.1.0.4:36831|dataStream:|priority:1, 8f886335-0d74-45a2-bb32-11e9ae69e2a1|rpc:10.1.0.4:40283|dataStream:|priority:0], old=null, confs=<EMPTY_MAP>
2022-02-20 11:34:16,412 [pool-370-thread-1] INFO  server.RaftServerConfigKeys (ConfUtils.java:logGet(44)) - raft.server.storage.dir = [/home/runner/work/ozone/ozone/hadoop-ozone/integration-test/target/test-dir/MiniOzoneClusterImpl-1758c66c-c060-455a-9a5e-da5efc64e117/datanode-1/data/ratis] (custom)
2022-02-20 11:34:16,412 [pool-370-thread-1] INFO  server.RaftServerConfigKeys (ConfUtils.java:logGet(44)) - raft.server.log.corruption.policy = EXCEPTION (default)
2022-02-20 11:34:16,412 [pool-370-thread-1] INFO  server.RaftServerConfigKeys (ConfUtils.java:logGet(44)) - raft.server.storage.free-space.min = 0MB (=0) (default)
2022-02-20 11:34:16,413 [pool-370-thread-1] INFO  storage.RaftStorageDirectory (RaftStorageDirectoryImpl.java:analyzeStorage(135)) - The storage directory /home/runner/work/ozone/ozone/hadoop-ozone/integration-test/target/test-dir/MiniOzoneClusterImpl-1758c66c-c060-455a-9a5e-da5efc64e117/datanode-1/data/ratis/2ecf511a-45da-4206-b697-2163299401a3 does not exist. Creating ...
2022-02-20 11:34:16,430 [pool-370-thread-1] INFO  storage.RaftStorageDirectory (RaftStorageDirectoryImpl.java:tryLock(230)) - Lock on /home/runner/work/ozone/ozone/hadoop-ozone/integration-test/target/test-dir/MiniOzoneClusterImpl-1758c66c-c060-455a-9a5e-da5efc64e117/datanode-1/data/ratis/2ecf511a-45da-4206-b697-2163299401a3/in_use.lock acquired by nodename 9434@fv-az59-849
2022-02-20 11:34:16,436 [pool-370-thread-1] INFO  storage.RaftStorage (RaftStorageImpl.java:format(89)) - Storage directory /home/runner/work/ozone/ozone/hadoop-ozone/integration-test/target/test-dir/MiniOzoneClusterImpl-1758c66c-c060-455a-9a5e-da5efc64e117/datanode-1/data/ratis/2ecf511a-45da-4206-b697-2163299401a3 has been successfully formatted.
2022-02-20 11:34:16,443 [pool-370-thread-1] INFO  ratis.ContainerStateMachine (ContainerStateMachine.java:loadSnapshot(236)) - group-2163299401A3: The snapshot info is null. Setting the last applied indexto:(t:0, i:~)
2022-02-20 11:34:16,443 [pool-370-thread-1] INFO  server.RaftServerConfigKeys (ConfUtils.java:logGet(44)) - raft.server.notification.no-leader.timeout = 300s (custom)
2022-02-20 11:34:16,443 [pool-370-thread-1] INFO  server.RaftServerConfigKeys (ConfUtils.java:logGet(44)) - raft.server.log.use.memory = false (default)
2022-02-20 11:34:16,443 [pool-370-thread-1] INFO  server.RaftServerConfigKeys (ConfUtils.java:logGet(44)) - raft.server.log.purge.gap = 1000000 (custom)
2022-02-20 11:34:16,443 [pool-370-thread-1] INFO  server.RaftServerConfigKeys (ConfUtils.java:logGet(44)) - raft.server.log.appender.buffer.byte-limit = 33554432 (custom)
2022-02-20 11:34:16,443 [pool-370-thread-1] INFO  server.RaftServerConfigKeys (ConfUtils.java:logGet(44)) - raft.server.log.segment.size.max = 1048576 (custom)
2022-02-20 11:34:16,444 [pool-370-thread-1] INFO  server.RaftServerConfigKeys (ConfUtils.java:logGet(44)) - raft.server.log.segment.cache.num.max = 2 (custom)
2022-02-20 11:34:16,444 [pool-370-thread-1] INFO  server.RaftServerConfigKeys (ConfUtils.java:logGet(44)) - raft.server.log.segment.cache.size.max = 200MB (=209715200) (default)
2022-02-20 11:34:16,444 [pool-370-thread-1] INFO  segmented.SegmentedRaftLogWorker (SegmentedRaftLogWorker.java:<init>(182)) - new 8f886335-0d74-45a2-bb32-11e9ae69e2a1@group-2163299401A3-SegmentedRaftLogWorker for RaftStorageImpl:Storage Directory /home/runner/work/ozone/ozone/hadoop-ozone/integration-test/target/test-dir/MiniOzoneClusterImpl-1758c66c-c060-455a-9a5e-da5efc64e117/datanode-1/data/ratis/2ecf511a-45da-4206-b697-2163299401a3
2022-02-20 11:34:16,444 [pool-370-thread-1] INFO  server.RaftServerConfigKeys (ConfUtils.java:logGet(44)) - raft.server.log.queue.byte-limit = 4294967296 (custom)
2022-02-20 11:34:16,444 [pool-370-thread-1] INFO  server.RaftServerConfigKeys (ConfUtils.java:logGet(44)) - raft.server.log.queue.element-limit = 1024 (custom)
2022-02-20 11:34:16,444 [pool-370-thread-1] INFO  server.RaftServerConfigKeys (ConfUtils.java:logGet(44)) - raft.server.log.segment.size.max = 1048576 (custom)
2022-02-20 11:34:16,444 [pool-370-thread-1] INFO  server.RaftServerConfigKeys (ConfUtils.java:logGet(44)) - raft.server.log.preallocated.size = 16384 (custom)
2022-02-20 11:34:16,444 [pool-370-thread-1] INFO  server.RaftServerConfigKeys (ConfUtils.java:logGet(44)) - raft.server.log.force.sync.num = 128 (default)
2022-02-20 11:34:16,444 [pool-370-thread-1] INFO  server.RaftServerConfigKeys (ConfUtils.java:logGet(44)) - raft.server.log.statemachine.data.sync = true (default)
2022-02-20 11:34:16,444 [pool-370-thread-1] INFO  server.RaftServerConfigKeys (ConfUtils.java:logGet(44)) - raft.server.log.statemachine.data.sync.timeout = 10s (default)
2022-02-20 11:34:16,444 [pool-370-thread-1] INFO  server.RaftServerConfigKeys (ConfUtils.java:logGet(44)) - raft.server.log.statemachine.data.sync.timeout.retry = -1 (default)
2022-02-20 11:34:16,445 [pool-370-thread-1] INFO  server.RaftServerConfigKeys (ConfUtils.java:logGet(44)) - raft.server.log.write.buffer.size = 1048576 (custom)
2022-02-20 11:34:16,445 [pool-370-thread-1] INFO  server.RaftServerConfigKeys (ConfUtils.java:logGet(44)) - raft.server.log.statemachine.data.caching.enabled = true (custom)
2022-02-20 11:34:16,445 [pool-370-thread-1] INFO  segmented.SegmentedRaftLogWorker (SegmentedRaftLogWorker.java:lambda$new$0(133)) - 8f886335-0d74-45a2-bb32-11e9ae69e2a1@group-2163299401A3-SegmentedRaftLogWorker: flushIndex: setUnconditionally 0 -> -1
2022-02-20 11:34:16,445 [pool-370-thread-1] INFO  segmented.SegmentedRaftLogWorker (SegmentedRaftLogWorker.java:lambda$new$0(133)) - 8f886335-0d74-45a2-bb32-11e9ae69e2a1@group-2163299401A3-SegmentedRaftLogWorker: safeCacheEvictIndex: setUnconditionally 0 -> -1
2022-02-20 11:34:16,454 [pool-370-thread-1] INFO  server.RaftServerConfigKeys (ConfUtils.java:logGet(44)) - raft.server.snapshot.auto.trigger.enabled = true (custom)
2022-02-20 11:34:16,454 [pool-370-thread-1] INFO  server.RaftServerConfigKeys (ConfUtils.java:logGet(44)) - raft.server.snapshot.auto.trigger.threshold = 10000 (custom)
2022-02-20 11:34:16,454 [pool-370-thread-1] INFO  server.RaftServerConfigKeys (ConfUtils.java:logGet(44)) - raft.server.snapshot.retention.file.num = 5 (custom)
2022-02-20 11:34:16,454 [pool-370-thread-1] INFO  server.RaftServerConfigKeys (ConfUtils.java:logGet(44)) - raft.server.log.purge.upto.snapshot.index = false (default)
2022-02-20 11:34:16,454 [pool-370-thread-1] INFO  server.RaftServerConfigKeys (ConfUtils.java:logGet(44)) - raft.server.retrycache.expirytime = 600000ms (custom)
2022-02-20 11:34:16,454 [pool-370-thread-1] INFO  server.RaftServerConfigKeys (ConfUtils.java:logGet(44)) - raft.server.retrycache.statistics.expirytime = 100μs (default)
2022-02-20 11:34:16,455 [pool-370-thread-1] INFO  server.RaftServer$Division (RaftServerImpl.java:start(301)) - 8f886335-0d74-45a2-bb32-11e9ae69e2a1@group-2163299401A3: start as a follower, conf=-1: [cd8e4231-c3e1-41c4-9d8d-fd2befed4677|rpc:10.1.0.4:36213|dataStream:|priority:0, 0f4f0202-97f3-46c0-a5a3-20f1e8134cab|rpc:10.1.0.4:36831|dataStream:|priority:1, 8f886335-0d74-45a2-bb32-11e9ae69e2a1|rpc:10.1.0.4:40283|dataStream:|priority:0], old=null
2022-02-20 11:34:16,455 [pool-370-thread-1] INFO  server.RaftServer$Division (RaftServerImpl.java:setRole(290)) - 8f886335-0d74-45a2-bb32-11e9ae69e2a1@group-2163299401A3: changes role from      null to FOLLOWER at term 0 for startAsFollower
2022-02-20 11:34:16,455 [pool-370-thread-1] INFO  impl.RoleInfo (RoleInfo.java:updateAndGet(130)) - 8f886335-0d74-45a2-bb32-11e9ae69e2a1: start 8f886335-0d74-45a2-bb32-11e9ae69e2a1@group-2163299401A3-FollowerState
2022-02-20 11:34:16,457 [pool-370-thread-1] INFO  util.JmxRegister (JmxRegister.java:tryRegister(44)) - Successfully registered JMX Bean with object name Ratis:service=RaftServer,group=group-2163299401A3,id=8f886335-0d74-45a2-bb32-11e9ae69e2a1
2022-02-20 11:34:16,500 [Command processor thread] INFO  commandhandler.CreatePipelineCommandHandler (CreatePipelineCommandHandler.java:handle(106)) - Created Pipeline RATIS THREE PipelineID=2ecf511a-45da-4206-b697-2163299401a3.
2022-02-20 11:34:16,500 [Command processor thread] INFO  server.RaftServer (RaftServerProxy.java:addNew(95)) - 0f4f0202-97f3-46c0-a5a3-20f1e8134cab: addNew group-58ED901E1311:[cd8e4231-c3e1-41c4-9d8d-fd2befed4677|rpc:10.1.0.4:36213|priority:1, 0f4f0202-97f3-46c0-a5a3-20f1e8134cab|rpc:10.1.0.4:36831|priority:0, 8f886335-0d74-45a2-bb32-11e9ae69e2a1|rpc:10.1.0.4:40283|priority:0] returns group-58ED901E1311:java.util.concurrent.CompletableFuture@272e3fcc[Not completed]
2022-02-20 11:34:16,501 [pool-349-thread-1] INFO  server.RaftServer$Division (RaftServerImpl.java:<init>(184)) - 0f4f0202-97f3-46c0-a5a3-20f1e8134cab: new RaftServerImpl for group-58ED901E1311:[cd8e4231-c3e1-41c4-9d8d-fd2befed4677|rpc:10.1.0.4:36213|priority:1, 0f4f0202-97f3-46c0-a5a3-20f1e8134cab|rpc:10.1.0.4:36831|priority:0, 8f886335-0d74-45a2-bb32-11e9ae69e2a1|rpc:10.1.0.4:40283|priority:0] with ContainerStateMachine:uninitialized
2022-02-20 11:34:16,501 [pool-349-thread-1] INFO  server.RaftServerConfigKeys (ConfUtils.java:logGet(44)) - raft.server.rpc.timeout.min = 5s (custom)
2022-02-20 11:34:16,501 [pool-349-thread-1] INFO  server.RaftServerConfigKeys (ConfUtils.java:logGet(44)) - raft.server.rpc.timeout.max = 5200ms (custom)
2022-02-20 11:34:16,501 [pool-349-thread-1] INFO  server.RaftServerConfigKeys (ConfUtils.java:logGet(44)) - raft.server.rpc.sleep.time = 25ms (default)
2022-02-20 11:34:16,501 [pool-349-thread-1] INFO  server.RaftServerConfigKeys (ConfUtils.java:logGet(44)) - raft.server.rpc.slowness.timeout = 300s (custom)
2022-02-20 11:34:16,501 [pool-349-thread-1] INFO  server.RaftServerConfigKeys (ConfUtils.java:logGet(44)) - raft.server.leaderelection.leader.step-down.wait-time = 10s (default)
2022-02-20 11:34:16,501 [pool-349-thread-1] INFO  server.RaftServerConfigKeys (ConfUtils.java:logGet(44)) - raft.server.sleep.deviation.threshold = 300ms (default)
2022-02-20 11:34:16,501 [pool-349-thread-1] INFO  server.RaftServerConfigKeys (ConfUtils.java:logGet(44)) - raft.server.log.appender.install.snapshot.enabled = false (custom)
2022-02-20 11:34:16,501 [pool-349-thread-1] INFO  server.RaftServer$Division (ServerState.java:<init>(105)) - 0f4f0202-97f3-46c0-a5a3-20f1e8134cab@group-58ED901E1311: ConfigurationManager, init=-1: [cd8e4231-c3e1-41c4-9d8d-fd2befed4677|rpc:10.1.0.4:36213|priority:1, 0f4f0202-97f3-46c0-a5a3-20f1e8134cab|rpc:10.1.0.4:36831|priority:0, 8f886335-0d74-45a2-bb32-11e9ae69e2a1|rpc:10.1.0.4:40283|priority:0], old=null, confs=<EMPTY_MAP>
2022-02-20 11:34:16,501 [pool-349-thread-1] INFO  server.RaftServerConfigKeys (ConfUtils.java:logGet(44)) - raft.server.storage.dir = [/home/runner/work/ozone/ozone/hadoop-ozone/integration-test/target/test-dir/MiniOzoneClusterImpl-1758c66c-c060-455a-9a5e-da5efc64e117/datanode-0/data/ratis] (custom)
2022-02-20 11:34:16,501 [pool-349-thread-1] INFO  server.RaftServerConfigKeys (ConfUtils.java:logGet(44)) - raft.server.log.corruption.policy = EXCEPTION (default)
2022-02-20 11:34:16,501 [pool-349-thread-1] INFO  server.RaftServerConfigKeys (ConfUtils.java:logGet(44)) - raft.server.storage.free-space.min = 0MB (=0) (default)
2022-02-20 11:34:16,502 [pool-349-thread-1] INFO  storage.RaftStorageDirectory (RaftStorageDirectoryImpl.java:analyzeStorage(135)) - The storage directory /home/runner/work/ozone/ozone/hadoop-ozone/integration-test/target/test-dir/MiniOzoneClusterImpl-1758c66c-c060-455a-9a5e-da5efc64e117/datanode-0/data/ratis/5bc82543-a77a-4869-9da5-58ed901e1311 does not exist. Creating ...
2022-02-20 11:34:16,502 [pool-349-thread-1] INFO  storage.RaftStorageDirectory (RaftStorageDirectoryImpl.java:tryLock(230)) - Lock on /home/runner/work/ozone/ozone/hadoop-ozone/integration-test/target/test-dir/MiniOzoneClusterImpl-1758c66c-c060-455a-9a5e-da5efc64e117/datanode-0/data/ratis/5bc82543-a77a-4869-9da5-58ed901e1311/in_use.lock acquired by nodename 9434@fv-az59-849
2022-02-20 11:34:16,506 [pool-349-thread-1] INFO  storage.RaftStorage (RaftStorageImpl.java:format(89)) - Storage directory /home/runner/work/ozone/ozone/hadoop-ozone/integration-test/target/test-dir/MiniOzoneClusterImpl-1758c66c-c060-455a-9a5e-da5efc64e117/datanode-0/data/ratis/5bc82543-a77a-4869-9da5-58ed901e1311 has been successfully formatted.
2022-02-20 11:34:16,507 [pool-349-thread-1] INFO  ratis.ContainerStateMachine (ContainerStateMachine.java:loadSnapshot(236)) - group-58ED901E1311: The snapshot info is null. Setting the last applied indexto:(t:0, i:~)
2022-02-20 11:34:16,507 [pool-349-thread-1] INFO  server.RaftServerConfigKeys (ConfUtils.java:logGet(44)) - raft.server.notification.no-leader.timeout = 300s (custom)
2022-02-20 11:34:16,507 [pool-349-thread-1] INFO  server.RaftServerConfigKeys (ConfUtils.java:logGet(44)) - raft.server.log.use.memory = false (default)
2022-02-20 11:34:16,507 [EventQueue-OpenPipelineForHealthyPipelineSafeModeRule] INFO  safemode.SCMSafeModeManager (HealthyPipelineSafeModeRule.java:process(124)) - SCM in safe mode. Healthy pipelines reported count is 0, required healthy pipeline reported count is 1
2022-02-20 11:34:16,508 [pool-349-thread-1] INFO  server.RaftServerConfigKeys (ConfUtils.java:logGet(44)) - raft.server.log.purge.gap = 1000000 (custom)
2022-02-20 11:34:16,508 [pool-349-thread-1] INFO  server.RaftServerConfigKeys (ConfUtils.java:logGet(44)) - raft.server.log.appender.buffer.byte-limit = 33554432 (custom)
2022-02-20 11:34:16,508 [pool-349-thread-1] INFO  server.RaftServerConfigKeys (ConfUtils.java:logGet(44)) - raft.server.log.segment.size.max = 1048576 (custom)
2022-02-20 11:34:16,508 [pool-349-thread-1] INFO  server.RaftServerConfigKeys (ConfUtils.java:logGet(44)) - raft.server.log.segment.cache.num.max = 2 (custom)
2022-02-20 11:34:16,508 [pool-349-thread-1] INFO  server.RaftServerConfigKeys (ConfUtils.java:logGet(44)) - raft.server.log.segment.cache.size.max = 200MB (=209715200) (default)
2022-02-20 11:34:16,508 [pool-349-thread-1] INFO  segmented.SegmentedRaftLogWorker (SegmentedRaftLogWorker.java:<init>(182)) - new 0f4f0202-97f3-46c0-a5a3-20f1e8134cab@group-58ED901E1311-SegmentedRaftLogWorker for RaftStorageImpl:Storage Directory /home/runner/work/ozone/ozone/hadoop-ozone/integration-test/target/test-dir/MiniOzoneClusterImpl-1758c66c-c060-455a-9a5e-da5efc64e117/datanode-0/data/ratis/5bc82543-a77a-4869-9da5-58ed901e1311
2022-02-20 11:34:16,508 [pool-349-thread-1] INFO  server.RaftServerConfigKeys (ConfUtils.java:logGet(44)) - raft.server.log.queue.byte-limit = 4294967296 (custom)
2022-02-20 11:34:16,508 [pool-349-thread-1] INFO  server.RaftServerConfigKeys (ConfUtils.java:logGet(44)) - raft.server.log.queue.element-limit = 1024 (custom)
2022-02-20 11:34:16,508 [pool-349-thread-1] INFO  server.RaftServerConfigKeys (ConfUtils.java:logGet(44)) - raft.server.log.segment.size.max = 1048576 (custom)
2022-02-20 11:34:16,509 [pool-349-thread-1] INFO  server.RaftServerConfigKeys (ConfUtils.java:logGet(44)) - raft.server.log.preallocated.size = 16384 (custom)
2022-02-20 11:34:16,509 [pool-349-thread-1] INFO  server.RaftServerConfigKeys (ConfUtils.java:logGet(44)) - raft.server.log.force.sync.num = 128 (default)
2022-02-20 11:34:16,509 [pool-349-thread-1] INFO  server.RaftServerConfigKeys (ConfUtils.java:logGet(44)) - raft.server.log.statemachine.data.sync = true (default)
2022-02-20 11:34:16,509 [pool-349-thread-1] INFO  server.RaftServerConfigKeys (ConfUtils.java:logGet(44)) - raft.server.log.statemachine.data.sync.timeout = 10s (default)
2022-02-20 11:34:16,509 [pool-349-thread-1] INFO  server.RaftServerConfigKeys (ConfUtils.java:logGet(44)) - raft.server.log.statemachine.data.sync.timeout.retry = -1 (default)
2022-02-20 11:34:16,509 [pool-349-thread-1] INFO  server.RaftServerConfigKeys (ConfUtils.java:logGet(44)) - raft.server.log.write.buffer.size = 1048576 (custom)
2022-02-20 11:34:16,510 [pool-349-thread-1] INFO  server.RaftServerConfigKeys (ConfUtils.java:logGet(44)) - raft.server.log.statemachine.data.caching.enabled = true (custom)
2022-02-20 11:34:16,514 [pool-349-thread-1] INFO  segmented.SegmentedRaftLogWorker (SegmentedRaftLogWorker.java:lambda$new$0(133)) - 0f4f0202-97f3-46c0-a5a3-20f1e8134cab@group-58ED901E1311-SegmentedRaftLogWorker: flushIndex: setUnconditionally 0 -> -1
2022-02-20 11:34:16,514 [pool-349-thread-1] INFO  segmented.SegmentedRaftLogWorker (SegmentedRaftLogWorker.java:lambda$new$0(133)) - 0f4f0202-97f3-46c0-a5a3-20f1e8134cab@group-58ED901E1311-SegmentedRaftLogWorker: safeCacheEvictIndex: setUnconditionally 0 -> -1
2022-02-20 11:34:16,525 [pool-349-thread-1] INFO  server.RaftServerConfigKeys (ConfUtils.java:logGet(44)) - raft.server.snapshot.auto.trigger.enabled = true (custom)
2022-02-20 11:34:16,525 [pool-349-thread-1] INFO  server.RaftServerConfigKeys (ConfUtils.java:logGet(44)) - raft.server.snapshot.auto.trigger.threshold = 10000 (custom)
2022-02-20 11:34:16,525 [pool-349-thread-1] INFO  server.RaftServerConfigKeys (ConfUtils.java:logGet(44)) - raft.server.snapshot.retention.file.num = 5 (custom)
2022-02-20 11:34:16,525 [pool-349-thread-1] INFO  server.RaftServerConfigKeys (ConfUtils.java:logGet(44)) - raft.server.log.purge.upto.snapshot.index = false (default)
2022-02-20 11:34:16,525 [pool-349-thread-1] INFO  server.RaftServerConfigKeys (ConfUtils.java:logGet(44)) - raft.server.retrycache.expirytime = 600000ms (custom)
2022-02-20 11:34:16,525 [pool-349-thread-1] INFO  server.RaftServerConfigKeys (ConfUtils.java:logGet(44)) - raft.server.retrycache.statistics.expirytime = 100μs (default)
2022-02-20 11:34:16,526 [pool-349-thread-1] INFO  server.RaftServer$Division (RaftServerImpl.java:start(301)) - 0f4f0202-97f3-46c0-a5a3-20f1e8134cab@group-58ED901E1311: start as a follower, conf=-1: [cd8e4231-c3e1-41c4-9d8d-fd2befed4677|rpc:10.1.0.4:36213|priority:1, 0f4f0202-97f3-46c0-a5a3-20f1e8134cab|rpc:10.1.0.4:36831|priority:0, 8f886335-0d74-45a2-bb32-11e9ae69e2a1|rpc:10.1.0.4:40283|priority:0], old=null
2022-02-20 11:34:16,526 [pool-349-thread-1] INFO  server.RaftServer$Division (RaftServerImpl.java:setRole(290)) - 0f4f0202-97f3-46c0-a5a3-20f1e8134cab@group-58ED901E1311: changes role from      null to FOLLOWER at term 0 for startAsFollower
2022-02-20 11:34:16,526 [pool-349-thread-1] INFO  impl.RoleInfo (RoleInfo.java:updateAndGet(130)) - 0f4f0202-97f3-46c0-a5a3-20f1e8134cab: start 0f4f0202-97f3-46c0-a5a3-20f1e8134cab@group-58ED901E1311-FollowerState
2022-02-20 11:34:16,538 [pool-349-thread-1] INFO  util.JmxRegister (JmxRegister.java:tryRegister(44)) - Successfully registered JMX Bean with object name Ratis:service=RaftServer,group=group-58ED901E1311,id=0f4f0202-97f3-46c0-a5a3-20f1e8134cab
2022-02-20 11:34:16,558 [Command processor thread] INFO  ratis.XceiverServerRatis (XceiverServerRatis.java:addGroup(769)) - Created group PipelineID=5bc82543-a77a-4869-9da5-58ed901e1311
2022-02-20 11:34:16,572 [grpc-default-executor-4] INFO  server.RaftServer (RaftServerProxy.java:addNew(95)) - 8f886335-0d74-45a2-bb32-11e9ae69e2a1: addNew group-58ED901E1311:[cd8e4231-c3e1-41c4-9d8d-fd2befed4677|rpc:10.1.0.4:36213|dataStream:|priority:1, 0f4f0202-97f3-46c0-a5a3-20f1e8134cab|rpc:10.1.0.4:36831|dataStream:|priority:0, 8f886335-0d74-45a2-bb32-11e9ae69e2a1|rpc:10.1.0.4:40283|dataStream:|priority:0] returns group-58ED901E1311:java.util.concurrent.CompletableFuture@5645e61d[Not completed]
2022-02-20 11:34:16,572 [pool-370-thread-1] INFO  server.RaftServer$Division (RaftServerImpl.java:<init>(184)) - 8f886335-0d74-45a2-bb32-11e9ae69e2a1: new RaftServerImpl for group-58ED901E1311:[cd8e4231-c3e1-41c4-9d8d-fd2befed4677|rpc:10.1.0.4:36213|dataStream:|priority:1, 0f4f0202-97f3-46c0-a5a3-20f1e8134cab|rpc:10.1.0.4:36831|dataStream:|priority:0, 8f886335-0d74-45a2-bb32-11e9ae69e2a1|rpc:10.1.0.4:40283|dataStream:|priority:0] with ContainerStateMachine:uninitialized
2022-02-20 11:34:16,572 [pool-370-thread-1] INFO  server.RaftServerConfigKeys (ConfUtils.java:logGet(44)) - raft.server.rpc.timeout.min = 5s (custom)
2022-02-20 11:34:16,573 [pool-370-thread-1] INFO  server.RaftServerConfigKeys (ConfUtils.java:logGet(44)) - raft.server.rpc.timeout.max = 5200ms (custom)
2022-02-20 11:34:16,573 [pool-370-thread-1] INFO  server.RaftServerConfigKeys (ConfUtils.java:logGet(44)) - raft.server.rpc.sleep.time = 25ms (default)
2022-02-20 11:34:16,575 [pool-370-thread-1] INFO  server.RaftServerConfigKeys (ConfUtils.java:logGet(44)) - raft.server.rpc.slowness.timeout = 300s (custom)
2022-02-20 11:34:16,575 [pool-370-thread-1] INFO  server.RaftServerConfigKeys (ConfUtils.java:logGet(44)) - raft.server.leaderelection.leader.step-down.wait-time = 10s (default)
2022-02-20 11:34:16,575 [pool-370-thread-1] INFO  server.RaftServerConfigKeys (ConfUtils.java:logGet(44)) - raft.server.sleep.deviation.threshold = 300ms (default)
2022-02-20 11:34:16,575 [pool-370-thread-1] INFO  server.RaftServerConfigKeys (ConfUtils.java:logGet(44)) - raft.server.log.appender.install.snapshot.enabled = false (custom)
2022-02-20 11:34:16,575 [pool-370-thread-1] INFO  server.RaftServer$Division (ServerState.java:<init>(105)) - 8f886335-0d74-45a2-bb32-11e9ae69e2a1@group-58ED901E1311: ConfigurationManager, init=-1: [cd8e4231-c3e1-41c4-9d8d-fd2befed4677|rpc:10.1.0.4:36213|dataStream:|priority:1, 0f4f0202-97f3-46c0-a5a3-20f1e8134cab|rpc:10.1.0.4:36831|dataStream:|priority:0, 8f886335-0d74-45a2-bb32-11e9ae69e2a1|rpc:10.1.0.4:40283|dataStream:|priority:0], old=null, confs=<EMPTY_MAP>
2022-02-20 11:34:16,575 [pool-370-thread-1] INFO  server.RaftServerConfigKeys (ConfUtils.java:logGet(44)) - raft.server.storage.dir = [/home/runner/work/ozone/ozone/hadoop-ozone/integration-test/target/test-dir/MiniOzoneClusterImpl-1758c66c-c060-455a-9a5e-da5efc64e117/datanode-1/data/ratis] (custom)
2022-02-20 11:34:16,575 [pool-370-thread-1] INFO  server.RaftServerConfigKeys (ConfUtils.java:logGet(44)) - raft.server.log.corruption.policy = EXCEPTION (default)
2022-02-20 11:34:16,575 [pool-370-thread-1] INFO  server.RaftServerConfigKeys (ConfUtils.java:logGet(44)) - raft.server.storage.free-space.min = 0MB (=0) (default)
2022-02-20 11:34:16,575 [pool-370-thread-1] INFO  storage.RaftStorageDirectory (RaftStorageDirectoryImpl.java:analyzeStorage(135)) - The storage directory /home/runner/work/ozone/ozone/hadoop-ozone/integration-test/target/test-dir/MiniOzoneClusterImpl-1758c66c-c060-455a-9a5e-da5efc64e117/datanode-1/data/ratis/5bc82543-a77a-4869-9da5-58ed901e1311 does not exist. Creating ...
2022-02-20 11:34:16,578 [pool-370-thread-1] INFO  storage.RaftStorageDirectory (RaftStorageDirectoryImpl.java:tryLock(230)) - Lock on /home/runner/work/ozone/ozone/hadoop-ozone/integration-test/target/test-dir/MiniOzoneClusterImpl-1758c66c-c060-455a-9a5e-da5efc64e117/datanode-1/data/ratis/5bc82543-a77a-4869-9da5-58ed901e1311/in_use.lock acquired by nodename 9434@fv-az59-849
2022-02-20 11:34:16,578 [pool-370-thread-1] INFO  storage.RaftStorage (RaftStorageImpl.java:format(89)) - Storage directory /home/runner/work/ozone/ozone/hadoop-ozone/integration-test/target/test-dir/MiniOzoneClusterImpl-1758c66c-c060-455a-9a5e-da5efc64e117/datanode-1/data/ratis/5bc82543-a77a-4869-9da5-58ed901e1311 has been successfully formatted.
2022-02-20 11:34:16,579 [pool-370-thread-1] INFO  ratis.ContainerStateMachine (ContainerStateMachine.java:loadSnapshot(236)) - group-58ED901E1311: The snapshot info is null. Setting the last applied indexto:(t:0, i:~)
2022-02-20 11:34:16,579 [pool-370-thread-1] INFO  server.RaftServerConfigKeys (ConfUtils.java:logGet(44)) - raft.server.notification.no-leader.timeout = 300s (custom)
2022-02-20 11:34:16,579 [pool-370-thread-1] INFO  server.RaftServerConfigKeys (ConfUtils.java:logGet(44)) - raft.server.log.use.memory = false (default)
2022-02-20 11:34:16,579 [pool-370-thread-1] INFO  server.RaftServerConfigKeys (ConfUtils.java:logGet(44)) - raft.server.log.purge.gap = 1000000 (custom)
2022-02-20 11:34:16,579 [pool-370-thread-1] INFO  server.RaftServerConfigKeys (ConfUtils.java:logGet(44)) - raft.server.log.appender.buffer.byte-limit = 33554432 (custom)
2022-02-20 11:34:16,579 [pool-370-thread-1] INFO  server.RaftServerConfigKeys (ConfUtils.java:logGet(44)) - raft.server.log.segment.size.max = 1048576 (custom)
2022-02-20 11:34:16,579 [pool-370-thread-1] INFO  server.RaftServerConfigKeys (ConfUtils.java:logGet(44)) - raft.server.log.segment.cache.num.max = 2 (custom)
2022-02-20 11:34:16,579 [pool-370-thread-1] INFO  server.RaftServerConfigKeys (ConfUtils.java:logGet(44)) - raft.server.log.segment.cache.size.max = 200MB (=209715200) (default)
2022-02-20 11:34:16,580 [pool-370-thread-1] INFO  segmented.SegmentedRaftLogWorker (SegmentedRaftLogWorker.java:<init>(182)) - new 8f886335-0d74-45a2-bb32-11e9ae69e2a1@group-58ED901E1311-SegmentedRaftLogWorker for RaftStorageImpl:Storage Directory /home/runner/work/ozone/ozone/hadoop-ozone/integration-test/target/test-dir/MiniOzoneClusterImpl-1758c66c-c060-455a-9a5e-da5efc64e117/datanode-1/data/ratis/5bc82543-a77a-4869-9da5-58ed901e1311
2022-02-20 11:34:16,580 [pool-370-thread-1] INFO  server.RaftServerConfigKeys (ConfUtils.java:logGet(44)) - raft.server.log.queue.byte-limit = 4294967296 (custom)
2022-02-20 11:34:16,580 [pool-370-thread-1] INFO  server.RaftServerConfigKeys (ConfUtils.java:logGet(44)) - raft.server.log.queue.element-limit = 1024 (custom)
2022-02-20 11:34:16,580 [pool-370-thread-1] INFO  server.RaftServerConfigKeys (ConfUtils.java:logGet(44)) - raft.server.log.segment.size.max = 1048576 (custom)
2022-02-20 11:34:16,580 [pool-370-thread-1] INFO  server.RaftServerConfigKeys (ConfUtils.java:logGet(44)) - raft.server.log.preallocated.size = 16384 (custom)
2022-02-20 11:34:16,580 [pool-370-thread-1] INFO  server.RaftServerConfigKeys (ConfUtils.java:logGet(44)) - raft.server.log.force.sync.num = 128 (default)
2022-02-20 11:34:16,580 [pool-370-thread-1] INFO  server.RaftServerConfigKeys (ConfUtils.java:logGet(44)) - raft.server.log.statemachine.data.sync = true (default)
2022-02-20 11:34:16,580 [pool-370-thread-1] INFO  server.RaftServerConfigKeys (ConfUtils.java:logGet(44)) - raft.server.log.statemachine.data.sync.timeout = 10s (default)
2022-02-20 11:34:16,580 [pool-370-thread-1] INFO  server.RaftServerConfigKeys (ConfUtils.java:logGet(44)) - raft.server.log.statemachine.data.sync.timeout.retry = -1 (default)
2022-02-20 11:34:16,580 [pool-370-thread-1] INFO  server.RaftServerConfigKeys (ConfUtils.java:logGet(44)) - raft.server.log.write.buffer.size = 1048576 (custom)
2022-02-20 11:34:16,581 [pool-370-thread-1] INFO  server.RaftServerConfigKeys (ConfUtils.java:logGet(44)) - raft.server.log.statemachine.data.caching.enabled = true (custom)
2022-02-20 11:34:16,586 [pool-370-thread-1] INFO  segmented.SegmentedRaftLogWorker (SegmentedRaftLogWorker.java:lambda$new$0(133)) - 8f886335-0d74-45a2-bb32-11e9ae69e2a1@group-58ED901E1311-SegmentedRaftLogWorker: flushIndex: setUnconditionally 0 -> -1
2022-02-20 11:34:16,586 [pool-370-thread-1] INFO  segmented.SegmentedRaftLogWorker (SegmentedRaftLogWorker.java:lambda$new$0(133)) - 8f886335-0d74-45a2-bb32-11e9ae69e2a1@group-58ED901E1311-SegmentedRaftLogWorker: safeCacheEvictIndex: setUnconditionally 0 -> -1
2022-02-20 11:34:16,596 [pool-370-thread-1] INFO  server.RaftServerConfigKeys (ConfUtils.java:logGet(44)) - raft.server.snapshot.auto.trigger.enabled = true (custom)
2022-02-20 11:34:16,596 [pool-370-thread-1] INFO  server.RaftServerConfigKeys (ConfUtils.java:logGet(44)) - raft.server.snapshot.auto.trigger.threshold = 10000 (custom)
2022-02-20 11:34:16,596 [pool-370-thread-1] INFO  server.RaftServerConfigKeys (ConfUtils.java:logGet(44)) - raft.server.snapshot.retention.file.num = 5 (custom)
2022-02-20 11:34:16,596 [pool-370-thread-1] INFO  server.RaftServerConfigKeys (ConfUtils.java:logGet(44)) - raft.server.log.purge.upto.snapshot.index = false (default)
2022-02-20 11:34:16,596 [pool-370-thread-1] INFO  server.RaftServerConfigKeys (ConfUtils.java:logGet(44)) - raft.server.retrycache.expirytime = 600000ms (custom)
2022-02-20 11:34:16,596 [pool-370-thread-1] INFO  server.RaftServerConfigKeys (ConfUtils.java:logGet(44)) - raft.server.retrycache.statistics.expirytime = 100μs (default)
2022-02-20 11:34:16,597 [pool-370-thread-1] INFO  server.RaftServer$Division (RaftServerImpl.java:start(301)) - 8f886335-0d74-45a2-bb32-11e9ae69e2a1@group-58ED901E1311: start as a follower, conf=-1: [cd8e4231-c3e1-41c4-9d8d-fd2befed4677|rpc:10.1.0.4:36213|dataStream:|priority:1, 0f4f0202-97f3-46c0-a5a3-20f1e8134cab|rpc:10.1.0.4:36831|dataStream:|priority:0, 8f886335-0d74-45a2-bb32-11e9ae69e2a1|rpc:10.1.0.4:40283|dataStream:|priority:0], old=null
2022-02-20 11:34:16,597 [pool-370-thread-1] INFO  server.RaftServer$Division (RaftServerImpl.java:setRole(290)) - 8f886335-0d74-45a2-bb32-11e9ae69e2a1@group-58ED901E1311: changes role from      null to FOLLOWER at term 0 for startAsFollower
2022-02-20 11:34:16,597 [pool-370-thread-1] INFO  impl.RoleInfo (RoleInfo.java:updateAndGet(130)) - 8f886335-0d74-45a2-bb32-11e9ae69e2a1: start 8f886335-0d74-45a2-bb32-11e9ae69e2a1@group-58ED901E1311-FollowerState
2022-02-20 11:34:16,600 [pool-370-thread-1] INFO  util.JmxRegister (JmxRegister.java:tryRegister(44)) - Successfully registered JMX Bean with object name Ratis:service=RaftServer,group=group-58ED901E1311,id=8f886335-0d74-45a2-bb32-11e9ae69e2a1
2022-02-20 11:34:16,630 [grpc-default-executor-4] INFO  server.RaftServer (RaftServerProxy.java:addNew(95)) - cd8e4231-c3e1-41c4-9d8d-fd2befed4677: addNew group-58ED901E1311:[cd8e4231-c3e1-41c4-9d8d-fd2befed4677|rpc:10.1.0.4:36213|dataStream:|priority:1, 0f4f0202-97f3-46c0-a5a3-20f1e8134cab|rpc:10.1.0.4:36831|dataStream:|priority:0, 8f886335-0d74-45a2-bb32-11e9ae69e2a1|rpc:10.1.0.4:40283|dataStream:|priority:0] returns group-58ED901E1311:java.util.concurrent.CompletableFuture@12fcc020[Not completed]
2022-02-20 11:34:16,631 [pool-391-thread-1] INFO  server.RaftServer$Division (RaftServerImpl.java:<init>(184)) - cd8e4231-c3e1-41c4-9d8d-fd2befed4677: new RaftServerImpl for group-58ED901E1311:[cd8e4231-c3e1-41c4-9d8d-fd2befed4677|rpc:10.1.0.4:36213|dataStream:|priority:1, 0f4f0202-97f3-46c0-a5a3-20f1e8134cab|rpc:10.1.0.4:36831|dataStream:|priority:0, 8f886335-0d74-45a2-bb32-11e9ae69e2a1|rpc:10.1.0.4:40283|dataStream:|priority:0] with ContainerStateMachine:uninitialized
2022-02-20 11:34:16,631 [pool-391-thread-1] INFO  server.RaftServerConfigKeys (ConfUtils.java:logGet(44)) - raft.server.rpc.timeout.min = 5s (custom)
2022-02-20 11:34:16,631 [pool-391-thread-1] INFO  server.RaftServerConfigKeys (ConfUtils.java:logGet(44)) - raft.server.rpc.timeout.max = 5200ms (custom)
2022-02-20 11:34:16,631 [pool-391-thread-1] INFO  server.RaftServerConfigKeys (ConfUtils.java:logGet(44)) - raft.server.rpc.sleep.time = 25ms (default)
2022-02-20 11:34:16,631 [pool-391-thread-1] INFO  server.RaftServerConfigKeys (ConfUtils.java:logGet(44)) - raft.server.rpc.slowness.timeout = 300s (custom)
2022-02-20 11:34:16,631 [pool-391-thread-1] INFO  server.RaftServerConfigKeys (ConfUtils.java:logGet(44)) - raft.server.leaderelection.leader.step-down.wait-time = 10s (default)
2022-02-20 11:34:16,631 [pool-391-thread-1] INFO  server.RaftServerConfigKeys (ConfUtils.java:logGet(44)) - raft.server.sleep.deviation.threshold = 300ms (default)
2022-02-20 11:34:16,631 [pool-391-thread-1] INFO  server.RaftServerConfigKeys (ConfUtils.java:logGet(44)) - raft.server.log.appender.install.snapshot.enabled = false (custom)
2022-02-20 11:34:16,632 [pool-391-thread-1] INFO  server.RaftServer$Division (ServerState.java:<init>(105)) - cd8e4231-c3e1-41c4-9d8d-fd2befed4677@group-58ED901E1311: ConfigurationManager, init=-1: [cd8e4231-c3e1-41c4-9d8d-fd2befed4677|rpc:10.1.0.4:36213|dataStream:|priority:1, 0f4f0202-97f3-46c0-a5a3-20f1e8134cab|rpc:10.1.0.4:36831|dataStream:|priority:0, 8f886335-0d74-45a2-bb32-11e9ae69e2a1|rpc:10.1.0.4:40283|dataStream:|priority:0], old=null, confs=<EMPTY_MAP>
2022-02-20 11:34:16,632 [pool-391-thread-1] INFO  server.RaftServerConfigKeys (ConfUtils.java:logGet(44)) - raft.server.storage.dir = [/home/runner/work/ozone/ozone/hadoop-ozone/integration-test/target/test-dir/MiniOzoneClusterImpl-1758c66c-c060-455a-9a5e-da5efc64e117/datanode-2/data/ratis] (custom)
2022-02-20 11:34:16,632 [pool-391-thread-1] INFO  server.RaftServerConfigKeys (ConfUtils.java:logGet(44)) - raft.server.log.corruption.policy = EXCEPTION (default)
2022-02-20 11:34:16,632 [pool-391-thread-1] INFO  server.RaftServerConfigKeys (ConfUtils.java:logGet(44)) - raft.server.storage.free-space.min = 0MB (=0) (default)
2022-02-20 11:34:16,632 [pool-391-thread-1] INFO  storage.RaftStorageDirectory (RaftStorageDirectoryImpl.java:analyzeStorage(135)) - The storage directory /home/runner/work/ozone/ozone/hadoop-ozone/integration-test/target/test-dir/MiniOzoneClusterImpl-1758c66c-c060-455a-9a5e-da5efc64e117/datanode-2/data/ratis/5bc82543-a77a-4869-9da5-58ed901e1311 does not exist. Creating ...
2022-02-20 11:34:16,633 [pool-391-thread-1] INFO  storage.RaftStorageDirectory (RaftStorageDirectoryImpl.java:tryLock(230)) - Lock on /home/runner/work/ozone/ozone/hadoop-ozone/integration-test/target/test-dir/MiniOzoneClusterImpl-1758c66c-c060-455a-9a5e-da5efc64e117/datanode-2/data/ratis/5bc82543-a77a-4869-9da5-58ed901e1311/in_use.lock acquired by nodename 9434@fv-az59-849
2022-02-20 11:34:16,634 [pool-391-thread-1] INFO  storage.RaftStorage (RaftStorageImpl.java:format(89)) - Storage directory /home/runner/work/ozone/ozone/hadoop-ozone/integration-test/target/test-dir/MiniOzoneClusterImpl-1758c66c-c060-455a-9a5e-da5efc64e117/datanode-2/data/ratis/5bc82543-a77a-4869-9da5-58ed901e1311 has been successfully formatted.
2022-02-20 11:34:16,635 [pool-391-thread-1] INFO  ratis.ContainerStateMachine (ContainerStateMachine.java:loadSnapshot(236)) - group-58ED901E1311: The snapshot info is null. Setting the last applied indexto:(t:0, i:~)
2022-02-20 11:34:16,635 [pool-391-thread-1] INFO  server.RaftServerConfigKeys (ConfUtils.java:logGet(44)) - raft.server.notification.no-leader.timeout = 300s (custom)
2022-02-20 11:34:16,635 [pool-391-thread-1] INFO  server.RaftServerConfigKeys (ConfUtils.java:logGet(44)) - raft.server.log.use.memory = false (default)
2022-02-20 11:34:16,635 [pool-391-thread-1] INFO  server.RaftServerConfigKeys (ConfUtils.java:logGet(44)) - raft.server.log.purge.gap = 1000000 (custom)
2022-02-20 11:34:16,636 [pool-391-thread-1] INFO  server.RaftServerConfigKeys (ConfUtils.java:logGet(44)) - raft.server.log.appender.buffer.byte-limit = 33554432 (custom)
2022-02-20 11:34:16,636 [pool-391-thread-1] INFO  server.RaftServerConfigKeys (ConfUtils.java:logGet(44)) - raft.server.log.segment.size.max = 1048576 (custom)
2022-02-20 11:34:16,636 [pool-391-thread-1] INFO  server.RaftServerConfigKeys (ConfUtils.java:logGet(44)) - raft.server.log.segment.cache.num.max = 2 (custom)
2022-02-20 11:34:16,636 [pool-391-thread-1] INFO  server.RaftServerConfigKeys (ConfUtils.java:logGet(44)) - raft.server.log.segment.cache.size.max = 200MB (=209715200) (default)
2022-02-20 11:34:16,637 [pool-391-thread-1] INFO  segmented.SegmentedRaftLogWorker (SegmentedRaftLogWorker.java:<init>(182)) - new cd8e4231-c3e1-41c4-9d8d-fd2befed4677@group-58ED901E1311-SegmentedRaftLogWorker for RaftStorageImpl:Storage Directory /home/runner/work/ozone/ozone/hadoop-ozone/integration-test/target/test-dir/MiniOzoneClusterImpl-1758c66c-c060-455a-9a5e-da5efc64e117/datanode-2/data/ratis/5bc82543-a77a-4869-9da5-58ed901e1311
2022-02-20 11:34:16,637 [pool-391-thread-1] INFO  server.RaftServerConfigKeys (ConfUtils.java:logGet(44)) - raft.server.log.queue.byte-limit = 4294967296 (custom)
2022-02-20 11:34:16,637 [pool-391-thread-1] INFO  server.RaftServerConfigKeys (ConfUtils.java:logGet(44)) - raft.server.log.queue.element-limit = 1024 (custom)
2022-02-20 11:34:16,637 [pool-391-thread-1] INFO  server.RaftServerConfigKeys (ConfUtils.java:logGet(44)) - raft.server.log.segment.size.max = 1048576 (custom)
2022-02-20 11:34:16,637 [pool-391-thread-1] INFO  server.RaftServerConfigKeys (ConfUtils.java:logGet(44)) - raft.server.log.preallocated.size = 16384 (custom)
2022-02-20 11:34:16,637 [pool-391-thread-1] INFO  server.RaftServerConfigKeys (ConfUtils.java:logGet(44)) - raft.server.log.force.sync.num = 128 (default)
2022-02-20 11:34:16,637 [pool-391-thread-1] INFO  server.RaftServerConfigKeys (ConfUtils.java:logGet(44)) - raft.server.log.statemachine.data.sync = true (default)
2022-02-20 11:34:16,637 [pool-391-thread-1] INFO  server.RaftServerConfigKeys (ConfUtils.java:logGet(44)) - raft.server.log.statemachine.data.sync.timeout = 10s (default)
2022-02-20 11:34:16,637 [pool-391-thread-1] INFO  server.RaftServerConfigKeys (ConfUtils.java:logGet(44)) - raft.server.log.statemachine.data.sync.timeout.retry = -1 (default)
2022-02-20 11:34:16,638 [pool-391-thread-1] INFO  server.RaftServerConfigKeys (ConfUtils.java:logGet(44)) - raft.server.log.write.buffer.size = 1048576 (custom)
2022-02-20 11:34:16,638 [pool-391-thread-1] INFO  server.RaftServerConfigKeys (ConfUtils.java:logGet(44)) - raft.server.log.statemachine.data.caching.enabled = true (custom)
2022-02-20 11:34:16,638 [pool-391-thread-1] INFO  segmented.SegmentedRaftLogWorker (SegmentedRaftLogWorker.java:lambda$new$0(133)) - cd8e4231-c3e1-41c4-9d8d-fd2befed4677@group-58ED901E1311-SegmentedRaftLogWorker: flushIndex: setUnconditionally 0 -> -1
2022-02-20 11:34:16,638 [pool-391-thread-1] INFO  segmented.SegmentedRaftLogWorker (SegmentedRaftLogWorker.java:lambda$new$0(133)) - cd8e4231-c3e1-41c4-9d8d-fd2befed4677@group-58ED901E1311-SegmentedRaftLogWorker: safeCacheEvictIndex: setUnconditionally 0 -> -1
2022-02-20 11:34:16,642 [pool-391-thread-1] INFO  server.RaftServerConfigKeys (ConfUtils.java:logGet(44)) - raft.server.snapshot.auto.trigger.enabled = true (custom)
2022-02-20 11:34:16,642 [pool-391-thread-1] INFO  server.RaftServerConfigKeys (ConfUtils.java:logGet(44)) - raft.server.snapshot.auto.trigger.threshold = 10000 (custom)
2022-02-20 11:34:16,642 [pool-391-thread-1] INFO  server.RaftServerConfigKeys (ConfUtils.java:logGet(44)) - raft.server.snapshot.retention.file.num = 5 (custom)
2022-02-20 11:34:16,642 [pool-391-thread-1] INFO  server.RaftServerConfigKeys (ConfUtils.java:logGet(44)) - raft.server.log.purge.upto.snapshot.index = false (default)
2022-02-20 11:34:16,642 [pool-391-thread-1] INFO  server.RaftServerConfigKeys (ConfUtils.java:logGet(44)) - raft.server.retrycache.expirytime = 600000ms (custom)
2022-02-20 11:34:16,642 [pool-391-thread-1] INFO  server.RaftServerConfigKeys (ConfUtils.java:logGet(44)) - raft.server.retrycache.statistics.expirytime = 100μs (default)
2022-02-20 11:34:16,643 [pool-391-thread-1] INFO  server.RaftServer$Division (RaftServerImpl.java:start(301)) - cd8e4231-c3e1-41c4-9d8d-fd2befed4677@group-58ED901E1311: start as a follower, conf=-1: [cd8e4231-c3e1-41c4-9d8d-fd2befed4677|rpc:10.1.0.4:36213|dataStream:|priority:1, 0f4f0202-97f3-46c0-a5a3-20f1e8134cab|rpc:10.1.0.4:36831|dataStream:|priority:0, 8f886335-0d74-45a2-bb32-11e9ae69e2a1|rpc:10.1.0.4:40283|dataStream:|priority:0], old=null
2022-02-20 11:34:16,643 [pool-391-thread-1] INFO  server.RaftServer$Division (RaftServerImpl.java:setRole(290)) - cd8e4231-c3e1-41c4-9d8d-fd2befed4677@group-58ED901E1311: changes role from      null to FOLLOWER at term 0 for startAsFollower
2022-02-20 11:34:16,643 [pool-391-thread-1] INFO  impl.RoleInfo (RoleInfo.java:updateAndGet(130)) - cd8e4231-c3e1-41c4-9d8d-fd2befed4677: start cd8e4231-c3e1-41c4-9d8d-fd2befed4677@group-58ED901E1311-FollowerState
2022-02-20 11:34:16,647 [pool-391-thread-1] INFO  util.JmxRegister (JmxRegister.java:tryRegister(44)) - Successfully registered JMX Bean with object name Ratis:service=RaftServer,group=group-58ED901E1311,id=cd8e4231-c3e1-41c4-9d8d-fd2befed4677
2022-02-20 11:34:16,670 [Command processor thread] INFO  commandhandler.CreatePipelineCommandHandler (CreatePipelineCommandHandler.java:handle(106)) - Created Pipeline RATIS THREE PipelineID=5bc82543-a77a-4869-9da5-58ed901e1311.
2022-02-20 11:34:16,705 [Command processor thread] INFO  server.RaftServer (RaftServerProxy.java:addNew(95)) - 8f886335-0d74-45a2-bb32-11e9ae69e2a1: addNew group-DC9BA1D6BB8C:[8f886335-0d74-45a2-bb32-11e9ae69e2a1|rpc:10.1.0.4:40283|priority:1] returns group-DC9BA1D6BB8C:java.util.concurrent.CompletableFuture@e007b5e[Not completed]
2022-02-20 11:34:16,706 [pool-370-thread-1] INFO  server.RaftServer$Division (RaftServerImpl.java:<init>(184)) - 8f886335-0d74-45a2-bb32-11e9ae69e2a1: new RaftServerImpl for group-DC9BA1D6BB8C:[8f886335-0d74-45a2-bb32-11e9ae69e2a1|rpc:10.1.0.4:40283|priority:1] with ContainerStateMachine:uninitialized
2022-02-20 11:34:16,706 [pool-370-thread-1] INFO  server.RaftServerConfigKeys (ConfUtils.java:logGet(44)) - raft.server.rpc.timeout.min = 5s (custom)
2022-02-20 11:34:16,706 [pool-370-thread-1] INFO  server.RaftServerConfigKeys (ConfUtils.java:logGet(44)) - raft.server.rpc.timeout.max = 5200ms (custom)
2022-02-20 11:34:16,706 [pool-370-thread-1] INFO  server.RaftServerConfigKeys (ConfUtils.java:logGet(44)) - raft.server.rpc.sleep.time = 25ms (default)
2022-02-20 11:34:16,706 [pool-370-thread-1] INFO  server.RaftServerConfigKeys (ConfUtils.java:logGet(44)) - raft.server.rpc.slowness.timeout = 300s (custom)
2022-02-20 11:34:16,706 [pool-370-thread-1] INFO  server.RaftServerConfigKeys (ConfUtils.java:logGet(44)) - raft.server.leaderelection.leader.step-down.wait-time = 10s (default)
2022-02-20 11:34:16,706 [pool-370-thread-1] INFO  server.RaftServerConfigKeys (ConfUtils.java:logGet(44)) - raft.server.sleep.deviation.threshold = 300ms (default)
2022-02-20 11:34:16,706 [pool-370-thread-1] INFO  server.RaftServerConfigKeys (ConfUtils.java:logGet(44)) - raft.server.log.appender.install.snapshot.enabled = false (custom)
2022-02-20 11:34:16,706 [pool-370-thread-1] INFO  server.RaftServer$Division (ServerState.java:<init>(105)) - 8f886335-0d74-45a2-bb32-11e9ae69e2a1@group-DC9BA1D6BB8C: ConfigurationManager, init=-1: [8f886335-0d74-45a2-bb32-11e9ae69e2a1|rpc:10.1.0.4:40283|priority:1], old=null, confs=<EMPTY_MAP>
2022-02-20 11:34:16,706 [pool-370-thread-1] INFO  server.RaftServerConfigKeys (ConfUtils.java:logGet(44)) - raft.server.storage.dir = [/home/runner/work/ozone/ozone/hadoop-ozone/integration-test/target/test-dir/MiniOzoneClusterImpl-1758c66c-c060-455a-9a5e-da5efc64e117/datanode-1/data/ratis] (custom)
2022-02-20 11:34:16,706 [pool-370-thread-1] INFO  server.RaftServerConfigKeys (ConfUtils.java:logGet(44)) - raft.server.log.corruption.policy = EXCEPTION (default)
2022-02-20 11:34:16,707 [pool-370-thread-1] INFO  server.RaftServerConfigKeys (ConfUtils.java:logGet(44)) - raft.server.storage.free-space.min = 0MB (=0) (default)
2022-02-20 11:34:16,707 [pool-370-thread-1] INFO  storage.RaftStorageDirectory (RaftStorageDirectoryImpl.java:analyzeStorage(135)) - The storage directory /home/runner/work/ozone/ozone/hadoop-ozone/integration-test/target/test-dir/MiniOzoneClusterImpl-1758c66c-c060-455a-9a5e-da5efc64e117/datanode-1/data/ratis/278130bd-a2c5-4823-907d-dc9ba1d6bb8c does not exist. Creating ...
2022-02-20 11:34:16,714 [pool-370-thread-1] INFO  storage.RaftStorageDirectory (RaftStorageDirectoryImpl.java:tryLock(230)) - Lock on /home/runner/work/ozone/ozone/hadoop-ozone/integration-test/target/test-dir/MiniOzoneClusterImpl-1758c66c-c060-455a-9a5e-da5efc64e117/datanode-1/data/ratis/278130bd-a2c5-4823-907d-dc9ba1d6bb8c/in_use.lock acquired by nodename 9434@fv-az59-849
2022-02-20 11:34:16,715 [pool-370-thread-1] INFO  storage.RaftStorage (RaftStorageImpl.java:format(89)) - Storage directory /home/runner/work/ozone/ozone/hadoop-ozone/integration-test/target/test-dir/MiniOzoneClusterImpl-1758c66c-c060-455a-9a5e-da5efc64e117/datanode-1/data/ratis/278130bd-a2c5-4823-907d-dc9ba1d6bb8c has been successfully formatted.
2022-02-20 11:34:16,715 [pool-370-thread-1] INFO  ratis.ContainerStateMachine (ContainerStateMachine.java:loadSnapshot(236)) - group-DC9BA1D6BB8C: The snapshot info is null. Setting the last applied indexto:(t:0, i:~)
2022-02-20 11:34:16,715 [pool-370-thread-1] INFO  server.RaftServerConfigKeys (ConfUtils.java:logGet(44)) - raft.server.notification.no-leader.timeout = 300s (custom)
2022-02-20 11:34:16,715 [pool-370-thread-1] INFO  server.RaftServerConfigKeys (ConfUtils.java:logGet(44)) - raft.server.log.use.memory = false (default)
2022-02-20 11:34:16,715 [pool-370-thread-1] INFO  server.RaftServerConfigKeys (ConfUtils.java:logGet(44)) - raft.server.log.purge.gap = 1000000 (custom)
2022-02-20 11:34:16,716 [pool-370-thread-1] INFO  server.RaftServerConfigKeys (ConfUtils.java:logGet(44)) - raft.server.log.appender.buffer.byte-limit = 33554432 (custom)
2022-02-20 11:34:16,716 [pool-370-thread-1] INFO  server.RaftServerConfigKeys (ConfUtils.java:logGet(44)) - raft.server.log.segment.size.max = 1048576 (custom)
2022-02-20 11:34:16,716 [pool-370-thread-1] INFO  server.RaftServerConfigKeys (ConfUtils.java:logGet(44)) - raft.server.log.segment.cache.num.max = 2 (custom)
2022-02-20 11:34:16,716 [pool-370-thread-1] INFO  server.RaftServerConfigKeys (ConfUtils.java:logGet(44)) - raft.server.log.segment.cache.size.max = 200MB (=209715200) (default)
2022-02-20 11:34:16,716 [pool-370-thread-1] INFO  segmented.SegmentedRaftLogWorker (SegmentedRaftLogWorker.java:<init>(182)) - new 8f886335-0d74-45a2-bb32-11e9ae69e2a1@group-DC9BA1D6BB8C-SegmentedRaftLogWorker for RaftStorageImpl:Storage Directory /home/runner/work/ozone/ozone/hadoop-ozone/integration-test/target/test-dir/MiniOzoneClusterImpl-1758c66c-c060-455a-9a5e-da5efc64e117/datanode-1/data/ratis/278130bd-a2c5-4823-907d-dc9ba1d6bb8c
2022-02-20 11:34:16,716 [pool-370-thread-1] INFO  server.RaftServerConfigKeys (ConfUtils.java:logGet(44)) - raft.server.log.queue.byte-limit = 4294967296 (custom)
2022-02-20 11:34:16,716 [pool-370-thread-1] INFO  server.RaftServerConfigKeys (ConfUtils.java:logGet(44)) - raft.server.log.queue.element-limit = 1024 (custom)
2022-02-20 11:34:16,716 [pool-370-thread-1] INFO  server.RaftServerConfigKeys (ConfUtils.java:logGet(44)) - raft.server.log.segment.size.max = 1048576 (custom)
2022-02-20 11:34:16,716 [pool-370-thread-1] INFO  server.RaftServerConfigKeys (ConfUtils.java:logGet(44)) - raft.server.log.preallocated.size = 16384 (custom)
2022-02-20 11:34:16,716 [pool-370-thread-1] INFO  server.RaftServerConfigKeys (ConfUtils.java:logGet(44)) - raft.server.log.force.sync.num = 128 (default)
2022-02-20 11:34:16,716 [pool-370-thread-1] INFO  server.RaftServerConfigKeys (ConfUtils.java:logGet(44)) - raft.server.log.statemachine.data.sync = true (default)
2022-02-20 11:34:16,716 [pool-370-thread-1] INFO  server.RaftServerConfigKeys (ConfUtils.java:logGet(44)) - raft.server.log.statemachine.data.sync.timeout = 10s (default)
2022-02-20 11:34:16,716 [pool-370-thread-1] INFO  server.RaftServerConfigKeys (ConfUtils.java:logGet(44)) - raft.server.log.statemachine.data.sync.timeout.retry = -1 (default)
2022-02-20 11:34:16,717 [pool-370-thread-1] INFO  server.RaftServerConfigKeys (ConfUtils.java:logGet(44)) - raft.server.log.write.buffer.size = 1048576 (custom)
2022-02-20 11:34:16,717 [pool-370-thread-1] INFO  server.RaftServerConfigKeys (ConfUtils.java:logGet(44)) - raft.server.log.statemachine.data.caching.enabled = true (custom)
2022-02-20 11:34:16,717 [pool-370-thread-1] INFO  segmented.SegmentedRaftLogWorker (SegmentedRaftLogWorker.java:lambda$new$0(133)) - 8f886335-0d74-45a2-bb32-11e9ae69e2a1@group-DC9BA1D6BB8C-SegmentedRaftLogWorker: flushIndex: setUnconditionally 0 -> -1
2022-02-20 11:34:16,717 [pool-370-thread-1] INFO  segmented.SegmentedRaftLogWorker (SegmentedRaftLogWorker.java:lambda$new$0(133)) - 8f886335-0d74-45a2-bb32-11e9ae69e2a1@group-DC9BA1D6BB8C-SegmentedRaftLogWorker: safeCacheEvictIndex: setUnconditionally 0 -> -1
2022-02-20 11:34:16,718 [pool-370-thread-1] INFO  server.RaftServerConfigKeys (ConfUtils.java:logGet(44)) - raft.server.snapshot.auto.trigger.enabled = true (custom)
2022-02-20 11:34:16,718 [pool-370-thread-1] INFO  server.RaftServerConfigKeys (ConfUtils.java:logGet(44)) - raft.server.snapshot.auto.trigger.threshold = 10000 (custom)
2022-02-20 11:34:16,718 [pool-370-thread-1] INFO  server.RaftServerConfigKeys (ConfUtils.java:logGet(44)) - raft.server.snapshot.retention.file.num = 5 (custom)
2022-02-20 11:34:16,718 [pool-370-thread-1] INFO  server.RaftServerConfigKeys (ConfUtils.java:logGet(44)) - raft.server.log.purge.upto.snapshot.index = false (default)
2022-02-20 11:34:16,718 [pool-370-thread-1] INFO  server.RaftServerConfigKeys (ConfUtils.java:logGet(44)) - raft.server.retrycache.expirytime = 600000ms (custom)
2022-02-20 11:34:16,718 [pool-370-thread-1] INFO  server.RaftServerConfigKeys (ConfUtils.java:logGet(44)) - raft.server.retrycache.statistics.expirytime = 100μs (default)
2022-02-20 11:34:16,719 [EventQueue-PipelineReportForPipelineReportHandler] INFO  pipeline.PipelineManagerImpl (PipelineManagerImpl.java:openPipeline(291)) - Pipeline Pipeline[ Id: 278130bd-a2c5-4823-907d-dc9ba1d6bb8c, Nodes: 8f886335-0d74-45a2-bb32-11e9ae69e2a1{ip: 10.1.0.4, host: fv-az59-849.csjynl4pkq3e1pkirw3ssqjfoh.cx.internal.cloudapp.net, ports: [REPLICATION=35173, RATIS=40283, RATIS_ADMIN=40283, RATIS_SERVER=40283, STANDALONE=45871], networkLocation: /default-rack, certSerialId: null, persistedOpState: IN_SERVICE, persistedOpStateExpiryEpochSec: 0}, ReplicationConfig: RATIS/ONE, State:ALLOCATED, leaderId:8f886335-0d74-45a2-bb32-11e9ae69e2a1, CreationTimestamp2022-02-20T11:34:13.722Z[Etc/UTC]] moved to OPEN state
2022-02-20 11:34:16,720 [060d77b2-bb29-40c6-b5bc-e873045ad83d@group-DA5EFC64E117-StateMachineUpdater] INFO  safemode.HealthyPipelineSafeModeRule (HealthyPipelineSafeModeRule.java:initializeRule(152)) - Refreshed total pipeline count is 0, healthy pipeline threshold count is 1
2022-02-20 11:34:16,720 [EventQueue-OpenPipelineForHealthyPipelineSafeModeRule] INFO  safemode.SCMSafeModeManager (HealthyPipelineSafeModeRule.java:process(124)) - SCM in safe mode. Healthy pipelines reported count is 0, required healthy pipeline reported count is 1
2022-02-20 11:34:16,735 [pool-370-thread-1] INFO  server.RaftServer$Division (RaftServerImpl.java:start(301)) - 8f886335-0d74-45a2-bb32-11e9ae69e2a1@group-DC9BA1D6BB8C: start as a follower, conf=-1: [8f886335-0d74-45a2-bb32-11e9ae69e2a1|rpc:10.1.0.4:40283|priority:1], old=null
2022-02-20 11:34:16,735 [pool-370-thread-1] INFO  server.RaftServer$Division (RaftServerImpl.java:setRole(290)) - 8f886335-0d74-45a2-bb32-11e9ae69e2a1@group-DC9BA1D6BB8C: changes role from      null to FOLLOWER at term 0 for startAsFollower
2022-02-20 11:34:16,735 [pool-370-thread-1] INFO  impl.RoleInfo (RoleInfo.java:updateAndGet(130)) - 8f886335-0d74-45a2-bb32-11e9ae69e2a1: start 8f886335-0d74-45a2-bb32-11e9ae69e2a1@group-DC9BA1D6BB8C-FollowerState
2022-02-20 11:34:16,754 [pool-370-thread-1] INFO  util.JmxRegister (JmxRegister.java:tryRegister(44)) - Successfully registered JMX Bean with object name Ratis:service=RaftServer,group=group-DC9BA1D6BB8C,id=8f886335-0d74-45a2-bb32-11e9ae69e2a1
2022-02-20 11:34:16,756 [Command processor thread] INFO  ratis.XceiverServerRatis (XceiverServerRatis.java:addGroup(769)) - Created group PipelineID=278130bd-a2c5-4823-907d-dc9ba1d6bb8c
2022-02-20 11:34:16,757 [Command processor thread] INFO  commandhandler.CreatePipelineCommandHandler (CreatePipelineCommandHandler.java:handle(106)) - Created Pipeline RATIS ONE PipelineID=278130bd-a2c5-4823-907d-dc9ba1d6bb8c.
2022-02-20 11:34:17,098 [Listener at 127.0.0.1/43731] INFO  ozone.MiniOzoneClusterImpl (MiniOzoneClusterImpl.java:lambda$waitForClusterToBeReady$0(219)) - Nodes are ready. Got 3 of 3 DN Heartbeats.
2022-02-20 11:34:17,098 [Listener at 127.0.0.1/43731] INFO  ozone.MiniOzoneClusterImpl (MiniOzoneClusterImpl.java:lambda$waitForClusterToBeReady$0(222)) - Waiting for cluster to exit safe mode
2022-02-20 11:34:17,098 [Listener at 127.0.0.1/43731] INFO  ozone.MiniOzoneClusterImpl (MiniOzoneClusterImpl.java:lambda$waitForClusterToBeReady$0(224)) - SCM became leader
2022-02-20 11:34:17,122 [Command processor thread] INFO  server.RaftServer (RaftServerProxy.java:addNew(95)) - cd8e4231-c3e1-41c4-9d8d-fd2befed4677: addNew group-DC78F364798C:[cd8e4231-c3e1-41c4-9d8d-fd2befed4677|rpc:10.1.0.4:36213|priority:1] returns group-DC78F364798C:java.util.concurrent.CompletableFuture@2d3dc669[Not completed]
2022-02-20 11:34:17,123 [pool-391-thread-1] INFO  server.RaftServer$Division (RaftServerImpl.java:<init>(184)) - cd8e4231-c3e1-41c4-9d8d-fd2befed4677: new RaftServerImpl for group-DC78F364798C:[cd8e4231-c3e1-41c4-9d8d-fd2befed4677|rpc:10.1.0.4:36213|priority:1] with ContainerStateMachine:uninitialized
2022-02-20 11:34:17,123 [pool-391-thread-1] INFO  server.RaftServerConfigKeys (ConfUtils.java:logGet(44)) - raft.server.rpc.timeout.min = 5s (custom)
2022-02-20 11:34:17,123 [pool-391-thread-1] INFO  server.RaftServerConfigKeys (ConfUtils.java:logGet(44)) - raft.server.rpc.timeout.max = 5200ms (custom)
2022-02-20 11:34:17,123 [pool-391-thread-1] INFO  server.RaftServerConfigKeys (ConfUtils.java:logGet(44)) - raft.server.rpc.sleep.time = 25ms (default)
2022-02-20 11:34:17,123 [pool-391-thread-1] INFO  server.RaftServerConfigKeys (ConfUtils.java:logGet(44)) - raft.server.rpc.slowness.timeout = 300s (custom)
2022-02-20 11:34:17,124 [pool-391-thread-1] INFO  server.RaftServerConfigKeys (ConfUtils.java:logGet(44)) - raft.server.leaderelection.leader.step-down.wait-time = 10s (default)
2022-02-20 11:34:17,124 [pool-391-thread-1] INFO  server.RaftServerConfigKeys (ConfUtils.java:logGet(44)) - raft.server.sleep.deviation.threshold = 300ms (default)
2022-02-20 11:34:17,124 [pool-391-thread-1] INFO  server.RaftServerConfigKeys (ConfUtils.java:logGet(44)) - raft.server.log.appender.install.snapshot.enabled = false (custom)
2022-02-20 11:34:17,124 [pool-391-thread-1] INFO  server.RaftServer$Division (ServerState.java:<init>(105)) - cd8e4231-c3e1-41c4-9d8d-fd2befed4677@group-DC78F364798C: ConfigurationManager, init=-1: [cd8e4231-c3e1-41c4-9d8d-fd2befed4677|rpc:10.1.0.4:36213|priority:1], old=null, confs=<EMPTY_MAP>
2022-02-20 11:34:17,124 [pool-391-thread-1] INFO  server.RaftServerConfigKeys (ConfUtils.java:logGet(44)) - raft.server.storage.dir = [/home/runner/work/ozone/ozone/hadoop-ozone/integration-test/target/test-dir/MiniOzoneClusterImpl-1758c66c-c060-455a-9a5e-da5efc64e117/datanode-2/data/ratis] (custom)
2022-02-20 11:34:17,124 [pool-391-thread-1] INFO  server.RaftServerConfigKeys (ConfUtils.java:logGet(44)) - raft.server.log.corruption.policy = EXCEPTION (default)
2022-02-20 11:34:17,124 [pool-391-thread-1] INFO  server.RaftServerConfigKeys (ConfUtils.java:logGet(44)) - raft.server.storage.free-space.min = 0MB (=0) (default)
2022-02-20 11:34:17,124 [pool-391-thread-1] INFO  storage.RaftStorageDirectory (RaftStorageDirectoryImpl.java:analyzeStorage(135)) - The storage directory /home/runner/work/ozone/ozone/hadoop-ozone/integration-test/target/test-dir/MiniOzoneClusterImpl-1758c66c-c060-455a-9a5e-da5efc64e117/datanode-2/data/ratis/e9e156cc-6260-4b9d-bcfb-dc78f364798c does not exist. Creating ...
2022-02-20 11:34:17,125 [pool-391-thread-1] INFO  storage.RaftStorageDirectory (RaftStorageDirectoryImpl.java:tryLock(230)) - Lock on /home/runner/work/ozone/ozone/hadoop-ozone/integration-test/target/test-dir/MiniOzoneClusterImpl-1758c66c-c060-455a-9a5e-da5efc64e117/datanode-2/data/ratis/e9e156cc-6260-4b9d-bcfb-dc78f364798c/in_use.lock acquired by nodename 9434@fv-az59-849
2022-02-20 11:34:17,126 [pool-391-thread-1] INFO  storage.RaftStorage (RaftStorageImpl.java:format(89)) - Storage directory /home/runner/work/ozone/ozone/hadoop-ozone/integration-test/target/test-dir/MiniOzoneClusterImpl-1758c66c-c060-455a-9a5e-da5efc64e117/datanode-2/data/ratis/e9e156cc-6260-4b9d-bcfb-dc78f364798c has been successfully formatted.
2022-02-20 11:34:17,126 [pool-391-thread-1] INFO  ratis.ContainerStateMachine (ContainerStateMachine.java:loadSnapshot(236)) - group-DC78F364798C: The snapshot info is null. Setting the last applied indexto:(t:0, i:~)
2022-02-20 11:34:17,126 [pool-391-thread-1] INFO  server.RaftServerConfigKeys (ConfUtils.java:logGet(44)) - raft.server.notification.no-leader.timeout = 300s (custom)
2022-02-20 11:34:17,126 [pool-391-thread-1] INFO  server.RaftServerConfigKeys (ConfUtils.java:logGet(44)) - raft.server.log.use.memory = false (default)
2022-02-20 11:34:17,126 [pool-391-thread-1] INFO  server.RaftServerConfigKeys (ConfUtils.java:logGet(44)) - raft.server.log.purge.gap = 1000000 (custom)
2022-02-20 11:34:17,126 [pool-391-thread-1] INFO  server.RaftServerConfigKeys (ConfUtils.java:logGet(44)) - raft.server.log.appender.buffer.byte-limit = 33554432 (custom)
2022-02-20 11:34:17,127 [pool-391-thread-1] INFO  server.RaftServerConfigKeys (ConfUtils.java:logGet(44)) - raft.server.log.segment.size.max = 1048576 (custom)
2022-02-20 11:34:17,127 [pool-391-thread-1] INFO  server.RaftServerConfigKeys (ConfUtils.java:logGet(44)) - raft.server.log.segment.cache.num.max = 2 (custom)
2022-02-20 11:34:17,127 [pool-391-thread-1] INFO  server.RaftServerConfigKeys (ConfUtils.java:logGet(44)) - raft.server.log.segment.cache.size.max = 200MB (=209715200) (default)
2022-02-20 11:34:17,127 [pool-391-thread-1] INFO  segmented.SegmentedRaftLogWorker (SegmentedRaftLogWorker.java:<init>(182)) - new cd8e4231-c3e1-41c4-9d8d-fd2befed4677@group-DC78F364798C-SegmentedRaftLogWorker for RaftStorageImpl:Storage Directory /home/runner/work/ozone/ozone/hadoop-ozone/integration-test/target/test-dir/MiniOzoneClusterImpl-1758c66c-c060-455a-9a5e-da5efc64e117/datanode-2/data/ratis/e9e156cc-6260-4b9d-bcfb-dc78f364798c
2022-02-20 11:34:17,127 [pool-391-thread-1] INFO  server.RaftServerConfigKeys (ConfUtils.java:logGet(44)) - raft.server.log.queue.byte-limit = 4294967296 (custom)
2022-02-20 11:34:17,127 [pool-391-thread-1] INFO  server.RaftServerConfigKeys (ConfUtils.java:logGet(44)) - raft.server.log.queue.element-limit = 1024 (custom)
2022-02-20 11:34:17,127 [pool-391-thread-1] INFO  server.RaftServerConfigKeys (ConfUtils.java:logGet(44)) - raft.server.log.segment.size.max = 1048576 (custom)
2022-02-20 11:34:17,127 [pool-391-thread-1] INFO  server.RaftServerConfigKeys (ConfUtils.java:logGet(44)) - raft.server.log.preallocated.size = 16384 (custom)
2022-02-20 11:34:17,127 [pool-391-thread-1] INFO  server.RaftServerConfigKeys (ConfUtils.java:logGet(44)) - raft.server.log.force.sync.num = 128 (default)
2022-02-20 11:34:17,127 [pool-391-thread-1] INFO  server.RaftServerConfigKeys (ConfUtils.java:logGet(44)) - raft.server.log.statemachine.data.sync = true (default)
2022-02-20 11:34:17,128 [EventQueue-PipelineReportForPipelineReportHandler] INFO  pipeline.PipelineManagerImpl (PipelineManagerImpl.java:openPipeline(291)) - Pipeline Pipeline[ Id: e9e156cc-6260-4b9d-bcfb-dc78f364798c, Nodes: cd8e4231-c3e1-41c4-9d8d-fd2befed4677{ip: 10.1.0.4, host: fv-az59-849.csjynl4pkq3e1pkirw3ssqjfoh.cx.internal.cloudapp.net, ports: [REPLICATION=37167, RATIS=36213, RATIS_ADMIN=36213, RATIS_SERVER=36213, STANDALONE=33857], networkLocation: /default-rack, certSerialId: null, persistedOpState: IN_SERVICE, persistedOpStateExpiryEpochSec: 0}, ReplicationConfig: RATIS/ONE, State:ALLOCATED, leaderId:cd8e4231-c3e1-41c4-9d8d-fd2befed4677, CreationTimestamp2022-02-20T11:34:14.125Z[Etc/UTC]] moved to OPEN state
2022-02-20 11:34:17,129 [060d77b2-bb29-40c6-b5bc-e873045ad83d@group-DA5EFC64E117-StateMachineUpdater] INFO  safemode.HealthyPipelineSafeModeRule (HealthyPipelineSafeModeRule.java:initializeRule(152)) - Refreshed total pipeline count is 0, healthy pipeline threshold count is 1
2022-02-20 11:34:17,130 [pool-391-thread-1] INFO  server.RaftServerConfigKeys (ConfUtils.java:logGet(44)) - raft.server.log.statemachine.data.sync.timeout = 10s (default)
2022-02-20 11:34:17,131 [pool-391-thread-1] INFO  server.RaftServerConfigKeys (ConfUtils.java:logGet(44)) - raft.server.log.statemachine.data.sync.timeout.retry = -1 (default)
2022-02-20 11:34:17,136 [EventQueue-OpenPipelineForHealthyPipelineSafeModeRule] INFO  safemode.SCMSafeModeManager (HealthyPipelineSafeModeRule.java:process(124)) - SCM in safe mode. Healthy pipelines reported count is 0, required healthy pipeline reported count is 1
2022-02-20 11:34:17,139 [pool-391-thread-1] INFO  server.RaftServerConfigKeys (ConfUtils.java:logGet(44)) - raft.server.log.write.buffer.size = 1048576 (custom)
2022-02-20 11:34:17,139 [pool-391-thread-1] INFO  server.RaftServerConfigKeys (ConfUtils.java:logGet(44)) - raft.server.log.statemachine.data.caching.enabled = true (custom)
2022-02-20 11:34:17,139 [pool-391-thread-1] INFO  segmented.SegmentedRaftLogWorker (SegmentedRaftLogWorker.java:lambda$new$0(133)) - cd8e4231-c3e1-41c4-9d8d-fd2befed4677@group-DC78F364798C-SegmentedRaftLogWorker: flushIndex: setUnconditionally 0 -> -1
2022-02-20 11:34:17,139 [pool-391-thread-1] INFO  segmented.SegmentedRaftLogWorker (SegmentedRaftLogWorker.java:lambda$new$0(133)) - cd8e4231-c3e1-41c4-9d8d-fd2befed4677@group-DC78F364798C-SegmentedRaftLogWorker: safeCacheEvictIndex: setUnconditionally 0 -> -1
2022-02-20 11:34:17,159 [pool-391-thread-1] INFO  server.RaftServerConfigKeys (ConfUtils.java:logGet(44)) - raft.server.snapshot.auto.trigger.enabled = true (custom)
2022-02-20 11:34:17,159 [pool-391-thread-1] INFO  server.RaftServerConfigKeys (ConfUtils.java:logGet(44)) - raft.server.snapshot.auto.trigger.threshold = 10000 (custom)
2022-02-20 11:34:17,159 [pool-391-thread-1] INFO  server.RaftServerConfigKeys (ConfUtils.java:logGet(44)) - raft.server.snapshot.retention.file.num = 5 (custom)
2022-02-20 11:34:17,159 [pool-391-thread-1] INFO  server.RaftServerConfigKeys (ConfUtils.java:logGet(44)) - raft.server.log.purge.upto.snapshot.index = false (default)
2022-02-20 11:34:17,159 [pool-391-thread-1] INFO  server.RaftServerConfigKeys (ConfUtils.java:logGet(44)) - raft.server.retrycache.expirytime = 600000ms (custom)
2022-02-20 11:34:17,159 [pool-391-thread-1] INFO  server.RaftServerConfigKeys (ConfUtils.java:logGet(44)) - raft.server.retrycache.statistics.expirytime = 100μs (default)
2022-02-20 11:34:17,160 [pool-391-thread-1] INFO  server.RaftServer$Division (RaftServerImpl.java:start(301)) - cd8e4231-c3e1-41c4-9d8d-fd2befed4677@group-DC78F364798C: start as a follower, conf=-1: [cd8e4231-c3e1-41c4-9d8d-fd2befed4677|rpc:10.1.0.4:36213|priority:1], old=null
2022-02-20 11:34:17,160 [pool-391-thread-1] INFO  server.RaftServer$Division (RaftServerImpl.java:setRole(290)) - cd8e4231-c3e1-41c4-9d8d-fd2befed4677@group-DC78F364798C: changes role from      null to FOLLOWER at term 0 for startAsFollower
2022-02-20 11:34:17,160 [pool-391-thread-1] INFO  impl.RoleInfo (RoleInfo.java:updateAndGet(130)) - cd8e4231-c3e1-41c4-9d8d-fd2befed4677: start cd8e4231-c3e1-41c4-9d8d-fd2befed4677@group-DC78F364798C-FollowerState
2022-02-20 11:34:17,170 [pool-391-thread-1] INFO  util.JmxRegister (JmxRegister.java:tryRegister(44)) - Successfully registered JMX Bean with object name Ratis:service=RaftServer,group=group-DC78F364798C,id=cd8e4231-c3e1-41c4-9d8d-fd2befed4677
2022-02-20 11:34:17,171 [Command processor thread] INFO  ratis.XceiverServerRatis (XceiverServerRatis.java:addGroup(769)) - Created group PipelineID=e9e156cc-6260-4b9d-bcfb-dc78f364798c
2022-02-20 11:34:17,171 [Command processor thread] INFO  commandhandler.CreatePipelineCommandHandler (CreatePipelineCommandHandler.java:handle(106)) - Created Pipeline RATIS ONE PipelineID=e9e156cc-6260-4b9d-bcfb-dc78f364798c.
2022-02-20 11:34:18,102 [Listener at 127.0.0.1/43731] INFO  ozone.MiniOzoneClusterImpl (MiniOzoneClusterImpl.java:lambda$waitForClusterToBeReady$0(219)) - Nodes are ready. Got 3 of 3 DN Heartbeats.
2022-02-20 11:34:18,102 [Listener at 127.0.0.1/43731] INFO  ozone.MiniOzoneClusterImpl (MiniOzoneClusterImpl.java:lambda$waitForClusterToBeReady$0(222)) - Waiting for cluster to exit safe mode
2022-02-20 11:34:18,102 [Listener at 127.0.0.1/43731] INFO  ozone.MiniOzoneClusterImpl (MiniOzoneClusterImpl.java:lambda$waitForClusterToBeReady$0(224)) - SCM became leader
2022-02-20 11:34:19,105 [Listener at 127.0.0.1/43731] INFO  ozone.MiniOzoneClusterImpl (MiniOzoneClusterImpl.java:lambda$waitForClusterToBeReady$0(219)) - Nodes are ready. Got 3 of 3 DN Heartbeats.
2022-02-20 11:34:19,106 [Listener at 127.0.0.1/43731] INFO  ozone.MiniOzoneClusterImpl (MiniOzoneClusterImpl.java:lambda$waitForClusterToBeReady$0(222)) - Waiting for cluster to exit safe mode
2022-02-20 11:34:19,106 [Listener at 127.0.0.1/43731] INFO  ozone.MiniOzoneClusterImpl (MiniOzoneClusterImpl.java:lambda$waitForClusterToBeReady$0(224)) - SCM became leader
2022-02-20 11:34:20,106 [Listener at 127.0.0.1/43731] INFO  ozone.MiniOzoneClusterImpl (MiniOzoneClusterImpl.java:lambda$waitForClusterToBeReady$0(219)) - Nodes are ready. Got 3 of 3 DN Heartbeats.
2022-02-20 11:34:20,106 [Listener at 127.0.0.1/43731] INFO  ozone.MiniOzoneClusterImpl (MiniOzoneClusterImpl.java:lambda$waitForClusterToBeReady$0(222)) - Waiting for cluster to exit safe mode
2022-02-20 11:34:20,106 [Listener at 127.0.0.1/43731] INFO  ozone.MiniOzoneClusterImpl (MiniOzoneClusterImpl.java:lambda$waitForClusterToBeReady$0(224)) - SCM became leader
2022-02-20 11:34:21,107 [Listener at 127.0.0.1/43731] INFO  ozone.MiniOzoneClusterImpl (MiniOzoneClusterImpl.java:lambda$waitForClusterToBeReady$0(219)) - Nodes are ready. Got 3 of 3 DN Heartbeats.
2022-02-20 11:34:21,107 [Listener at 127.0.0.1/43731] INFO  ozone.MiniOzoneClusterImpl (MiniOzoneClusterImpl.java:lambda$waitForClusterToBeReady$0(222)) - Waiting for cluster to exit safe mode
2022-02-20 11:34:21,107 [Listener at 127.0.0.1/43731] INFO  ozone.MiniOzoneClusterImpl (MiniOzoneClusterImpl.java:lambda$waitForClusterToBeReady$0(224)) - SCM became leader
2022-02-20 11:34:21,286 [0f4f0202-97f3-46c0-a5a3-20f1e8134cab@group-2163299401A3-FollowerState] INFO  impl.FollowerState (FollowerState.java:run(134)) - 0f4f0202-97f3-46c0-a5a3-20f1e8134cab@group-2163299401A3-FollowerState: change to CANDIDATE, lastRpcElapsedTime:5029725380ns, electionTimeout:5015ms
2022-02-20 11:34:21,287 [0f4f0202-97f3-46c0-a5a3-20f1e8134cab@group-2163299401A3-FollowerState] INFO  impl.RoleInfo (RoleInfo.java:shutdownFollowerState(108)) - 0f4f0202-97f3-46c0-a5a3-20f1e8134cab: shutdown 0f4f0202-97f3-46c0-a5a3-20f1e8134cab@group-2163299401A3-FollowerState
2022-02-20 11:34:21,287 [0f4f0202-97f3-46c0-a5a3-20f1e8134cab@group-2163299401A3-FollowerState] INFO  server.RaftServer$Division (RaftServerImpl.java:setRole(290)) - 0f4f0202-97f3-46c0-a5a3-20f1e8134cab@group-2163299401A3: changes role from  FOLLOWER to CANDIDATE at term 0 for changeToCandidate
2022-02-20 11:34:21,287 [0f4f0202-97f3-46c0-a5a3-20f1e8134cab@group-2163299401A3-FollowerState] INFO  server.RaftServerConfigKeys (ConfUtils.java:logGet(44)) - raft.server.leaderelection.pre-vote = false (custom)
2022-02-20 11:34:21,287 [0f4f0202-97f3-46c0-a5a3-20f1e8134cab@group-2163299401A3-FollowerState] INFO  impl.RoleInfo (RoleInfo.java:updateAndGet(130)) - 0f4f0202-97f3-46c0-a5a3-20f1e8134cab: start 0f4f0202-97f3-46c0-a5a3-20f1e8134cab@group-2163299401A3-LeaderElection36
2022-02-20 11:34:21,300 [0f4f0202-97f3-46c0-a5a3-20f1e8134cab@group-1882A2B98E6B-FollowerState] INFO  impl.FollowerState (FollowerState.java:run(134)) - 0f4f0202-97f3-46c0-a5a3-20f1e8134cab@group-1882A2B98E6B-FollowerState: change to CANDIDATE, lastRpcElapsedTime:5067906816ns, electionTimeout:5067ms
2022-02-20 11:34:21,300 [0f4f0202-97f3-46c0-a5a3-20f1e8134cab@group-1882A2B98E6B-FollowerState] INFO  impl.RoleInfo (RoleInfo.java:shutdownFollowerState(108)) - 0f4f0202-97f3-46c0-a5a3-20f1e8134cab: shutdown 0f4f0202-97f3-46c0-a5a3-20f1e8134cab@group-1882A2B98E6B-FollowerState
2022-02-20 11:34:21,300 [0f4f0202-97f3-46c0-a5a3-20f1e8134cab@group-1882A2B98E6B-FollowerState] INFO  server.RaftServer$Division (RaftServerImpl.java:setRole(290)) - 0f4f0202-97f3-46c0-a5a3-20f1e8134cab@group-1882A2B98E6B: changes role from  FOLLOWER to CANDIDATE at term 0 for changeToCandidate
2022-02-20 11:34:21,300 [0f4f0202-97f3-46c0-a5a3-20f1e8134cab@group-1882A2B98E6B-FollowerState] INFO  server.RaftServerConfigKeys (ConfUtils.java:logGet(44)) - raft.server.leaderelection.pre-vote = false (custom)
2022-02-20 11:34:21,300 [0f4f0202-97f3-46c0-a5a3-20f1e8134cab@group-1882A2B98E6B-FollowerState] INFO  impl.RoleInfo (RoleInfo.java:updateAndGet(130)) - 0f4f0202-97f3-46c0-a5a3-20f1e8134cab: start 0f4f0202-97f3-46c0-a5a3-20f1e8134cab@group-1882A2B98E6B-LeaderElection37
2022-02-20 11:34:21,310 [0f4f0202-97f3-46c0-a5a3-20f1e8134cab@group-2163299401A3-LeaderElection36] INFO  impl.LeaderElection (LeaderElection.java:askForVotes(306)) - 0f4f0202-97f3-46c0-a5a3-20f1e8134cab@group-2163299401A3-LeaderElection36 ELECTION round 0: submit vote requests at term 1 for -1: [cd8e4231-c3e1-41c4-9d8d-fd2befed4677|rpc:10.1.0.4:36213|priority:0, 0f4f0202-97f3-46c0-a5a3-20f1e8134cab|rpc:10.1.0.4:36831|priority:1, 8f886335-0d74-45a2-bb32-11e9ae69e2a1|rpc:10.1.0.4:40283|priority:0], old=null
2022-02-20 11:34:21,323 [0f4f0202-97f3-46c0-a5a3-20f1e8134cab@group-1882A2B98E6B-LeaderElection37] INFO  impl.LeaderElection (LeaderElection.java:askForVotes(306)) - 0f4f0202-97f3-46c0-a5a3-20f1e8134cab@group-1882A2B98E6B-LeaderElection37 ELECTION round 0: submit vote requests at term 1 for -1: [0f4f0202-97f3-46c0-a5a3-20f1e8134cab|rpc:10.1.0.4:36831|priority:1], old=null
2022-02-20 11:34:21,323 [0f4f0202-97f3-46c0-a5a3-20f1e8134cab@group-1882A2B98E6B-LeaderElection37] INFO  impl.LeaderElection (LeaderElection.java:askForVotes(308)) - 0f4f0202-97f3-46c0-a5a3-20f1e8134cab@group-1882A2B98E6B-LeaderElection37 ELECTION round 0: result PASSED (term=1)
2022-02-20 11:34:21,323 [0f4f0202-97f3-46c0-a5a3-20f1e8134cab@group-1882A2B98E6B-LeaderElection37] INFO  impl.RoleInfo (RoleInfo.java:shutdownLeaderElection(121)) - 0f4f0202-97f3-46c0-a5a3-20f1e8134cab: shutdown 0f4f0202-97f3-46c0-a5a3-20f1e8134cab@group-1882A2B98E6B-LeaderElection37
2022-02-20 11:34:21,323 [0f4f0202-97f3-46c0-a5a3-20f1e8134cab@group-1882A2B98E6B-LeaderElection37] INFO  server.RaftServer$Division (RaftServerImpl.java:setRole(290)) - 0f4f0202-97f3-46c0-a5a3-20f1e8134cab@group-1882A2B98E6B: changes role from CANDIDATE to LEADER at term 1 for changeToLeader
2022-02-20 11:34:21,323 [0f4f0202-97f3-46c0-a5a3-20f1e8134cab@group-1882A2B98E6B-LeaderElection37] INFO  ratis.XceiverServerRatis (XceiverServerRatis.java:handleLeaderChangedNotification(867)) - Leader change notification received for group: group-1882A2B98E6B with new leaderId: 0f4f0202-97f3-46c0-a5a3-20f1e8134cab
2022-02-20 11:34:21,323 [0f4f0202-97f3-46c0-a5a3-20f1e8134cab@group-1882A2B98E6B-LeaderElection37] INFO  server.RaftServer$Division (ServerState.java:setLeader(285)) - 0f4f0202-97f3-46c0-a5a3-20f1e8134cab@group-1882A2B98E6B: change Leader from null to 0f4f0202-97f3-46c0-a5a3-20f1e8134cab at term 1 for becomeLeader, leader elected after 5123ms
2022-02-20 11:34:21,323 [0f4f0202-97f3-46c0-a5a3-20f1e8134cab@group-1882A2B98E6B-LeaderElection37] INFO  server.RaftServerConfigKeys (ConfUtils.java:logGet(44)) - raft.server.staging.catchup.gap = 1000 (default)
2022-02-20 11:34:21,323 [0f4f0202-97f3-46c0-a5a3-20f1e8134cab@group-1882A2B98E6B-LeaderElection37] INFO  server.RaftServerConfigKeys (ConfUtils.java:logGet(44)) - raft.server.write.element-limit = 1024 (custom)
2022-02-20 11:34:21,323 [0f4f0202-97f3-46c0-a5a3-20f1e8134cab@group-1882A2B98E6B-LeaderElection37] INFO  server.RaftServerConfigKeys (ConfUtils.java:logGet(44)) - raft.server.write.byte-limit = 1024 M (=1073741824) (custom)
2022-02-20 11:34:21,323 [0f4f0202-97f3-46c0-a5a3-20f1e8134cab@group-1882A2B98E6B-LeaderElection37] INFO  server.RaftServerConfigKeys (ConfUtils.java:logGet(44)) - raft.server.watch.timeout = 180s (custom)
2022-02-20 11:34:21,323 [0f4f0202-97f3-46c0-a5a3-20f1e8134cab@group-1882A2B98E6B-LeaderElection37] INFO  server.RaftServerConfigKeys (ConfUtils.java:logGet(44)) - raft.server.watch.timeout.denomination = 1s (default)
2022-02-20 11:34:21,323 [0f4f0202-97f3-46c0-a5a3-20f1e8134cab@group-1882A2B98E6B-LeaderElection37] INFO  server.RaftServerConfigKeys (ConfUtils.java:logGet(44)) - raft.server.watch.element-limit = 65536 (default)
2022-02-20 11:34:21,324 [0f4f0202-97f3-46c0-a5a3-20f1e8134cab@group-1882A2B98E6B-LeaderElection37] INFO  server.RaftServerConfigKeys (ConfUtils.java:logGet(44)) - raft.server.write.element-limit = 1024 (custom)
2022-02-20 11:34:21,324 [0f4f0202-97f3-46c0-a5a3-20f1e8134cab@group-1882A2B98E6B-LeaderElection37] INFO  server.RaftServerConfigKeys (ConfUtils.java:logGet(44)) - raft.server.write.follower.gap.ratio.max = -1.0 (default)
2022-02-20 11:34:21,324 [0f4f0202-97f3-46c0-a5a3-20f1e8134cab@group-1882A2B98E6B-LeaderElection37] INFO  impl.RoleInfo (RoleInfo.java:updateAndGet(130)) - 0f4f0202-97f3-46c0-a5a3-20f1e8134cab: start 0f4f0202-97f3-46c0-a5a3-20f1e8134cab@group-1882A2B98E6B-LeaderStateImpl
2022-02-20 11:34:21,324 [0f4f0202-97f3-46c0-a5a3-20f1e8134cab@group-1882A2B98E6B-LeaderElection37] INFO  segmented.SegmentedRaftLogWorker (SegmentedRaftLogWorker.java:startLogSegment(394)) - 0f4f0202-97f3-46c0-a5a3-20f1e8134cab@group-1882A2B98E6B-SegmentedRaftLogWorker: Starting segment from index:0
2022-02-20 11:34:21,325 [EventQueue-OpenPipelineForHealthyPipelineSafeModeRule] INFO  safemode.SCMSafeModeManager (HealthyPipelineSafeModeRule.java:process(124)) - SCM in safe mode. Healthy pipelines reported count is 0, required healthy pipeline reported count is 1
2022-02-20 11:34:21,326 [0f4f0202-97f3-46c0-a5a3-20f1e8134cab@group-1882A2B98E6B-SegmentedRaftLogWorker] INFO  segmented.SegmentedRaftLogWorker (SegmentedRaftLogWorker.java:execute(601)) - 0f4f0202-97f3-46c0-a5a3-20f1e8134cab@group-1882A2B98E6B-SegmentedRaftLogWorker: created new log segment /home/runner/work/ozone/ozone/hadoop-ozone/integration-test/target/test-dir/MiniOzoneClusterImpl-1758c66c-c060-455a-9a5e-da5efc64e117/datanode-0/data/ratis/ad0f9b61-c2d3-448c-ab6f-1882a2b98e6b/current/log_inprogress_0
2022-02-20 11:34:21,330 [0f4f0202-97f3-46c0-a5a3-20f1e8134cab@group-1882A2B98E6B-LeaderElection37] INFO  server.RaftServer$Division (ServerState.java:setRaftConf(387)) - 0f4f0202-97f3-46c0-a5a3-20f1e8134cab@group-1882A2B98E6B: set configuration 0: [0f4f0202-97f3-46c0-a5a3-20f1e8134cab|rpc:10.1.0.4:36831|dataStream:|priority:1], old=null
2022-02-20 11:34:21,351 [grpc-default-executor-4] INFO  server.RaftServer$Division (RaftServerImpl.java:requestVote(1046)) - cd8e4231-c3e1-41c4-9d8d-fd2befed4677@group-2163299401A3: receive requestVote(ELECTION, 0f4f0202-97f3-46c0-a5a3-20f1e8134cab, group-2163299401A3, 1, (t:0, i:0))
2022-02-20 11:34:21,352 [grpc-default-executor-4] INFO  impl.VoteContext (VoteContext.java:log(48)) - cd8e4231-c3e1-41c4-9d8d-fd2befed4677@group-2163299401A3-FOLLOWER: accept ELECTION from 0f4f0202-97f3-46c0-a5a3-20f1e8134cab: our priority 0 <= candidate's priority 1
2022-02-20 11:34:21,352 [grpc-default-executor-4] INFO  server.RaftServer$Division (RaftServerImpl.java:setRole(290)) - cd8e4231-c3e1-41c4-9d8d-fd2befed4677@group-2163299401A3: changes role from  FOLLOWER to FOLLOWER at term 1 for candidate:0f4f0202-97f3-46c0-a5a3-20f1e8134cab
2022-02-20 11:34:21,352 [grpc-default-executor-4] INFO  impl.RoleInfo (RoleInfo.java:shutdownFollowerState(108)) - cd8e4231-c3e1-41c4-9d8d-fd2befed4677: shutdown cd8e4231-c3e1-41c4-9d8d-fd2befed4677@group-2163299401A3-FollowerState
2022-02-20 11:34:21,352 [grpc-default-executor-4] INFO  impl.RoleInfo (RoleInfo.java:updateAndGet(130)) - cd8e4231-c3e1-41c4-9d8d-fd2befed4677: start cd8e4231-c3e1-41c4-9d8d-fd2befed4677@group-2163299401A3-FollowerState
2022-02-20 11:34:21,352 [cd8e4231-c3e1-41c4-9d8d-fd2befed4677@group-2163299401A3-FollowerState] INFO  impl.FollowerState (FollowerState.java:run(143)) - cd8e4231-c3e1-41c4-9d8d-fd2befed4677@group-2163299401A3-FollowerState was interrupted: {}
java.lang.InterruptedException: sleep interrupted
	at java.lang.Thread.sleep(Native Method)
	at java.lang.Thread.sleep(Thread.java:342)
	at java.util.concurrent.TimeUnit.sleep(TimeUnit.java:386)
	at org.apache.ratis.util.TimeDuration.sleep(TimeDuration.java:324)
	at org.apache.ratis.util.TimeDuration.sleep(TimeDuration.java:309)
	at org.apache.ratis.server.impl.FollowerState.run(FollowerState.java:118)
2022-02-20 11:34:21,358 [grpc-default-executor-0] INFO  server.RaftServer$Division (RaftServerImpl.java:requestVote(1046)) - 8f886335-0d74-45a2-bb32-11e9ae69e2a1@group-2163299401A3: receive requestVote(ELECTION, 0f4f0202-97f3-46c0-a5a3-20f1e8134cab, group-2163299401A3, 1, (t:0, i:0))
2022-02-20 11:34:21,359 [grpc-default-executor-0] INFO  impl.VoteContext (VoteContext.java:log(48)) - 8f886335-0d74-45a2-bb32-11e9ae69e2a1@group-2163299401A3-FOLLOWER: accept ELECTION from 0f4f0202-97f3-46c0-a5a3-20f1e8134cab: our priority 0 <= candidate's priority 1
2022-02-20 11:34:21,359 [grpc-default-executor-0] INFO  server.RaftServer$Division (RaftServerImpl.java:setRole(290)) - 8f886335-0d74-45a2-bb32-11e9ae69e2a1@group-2163299401A3: changes role from  FOLLOWER to FOLLOWER at term 1 for candidate:0f4f0202-97f3-46c0-a5a3-20f1e8134cab
2022-02-20 11:34:21,359 [grpc-default-executor-0] INFO  impl.RoleInfo (RoleInfo.java:shutdownFollowerState(108)) - 8f886335-0d74-45a2-bb32-11e9ae69e2a1: shutdown 8f886335-0d74-45a2-bb32-11e9ae69e2a1@group-2163299401A3-FollowerState
2022-02-20 11:34:21,359 [8f886335-0d74-45a2-bb32-11e9ae69e2a1@group-2163299401A3-FollowerState] INFO  impl.FollowerState (FollowerState.java:run(143)) - 8f886335-0d74-45a2-bb32-11e9ae69e2a1@group-2163299401A3-FollowerState was interrupted: {}
java.lang.InterruptedException: sleep interrupted
	at java.lang.Thread.sleep(Native Method)
	at java.lang.Thread.sleep(Thread.java:342)
	at java.util.concurrent.TimeUnit.sleep(TimeUnit.java:386)
	at org.apache.ratis.util.TimeDuration.sleep(TimeDuration.java:324)
	at org.apache.ratis.util.TimeDuration.sleep(TimeDuration.java:309)
	at org.apache.ratis.server.impl.FollowerState.run(FollowerState.java:118)
2022-02-20 11:34:21,359 [grpc-default-executor-0] INFO  impl.RoleInfo (RoleInfo.java:updateAndGet(130)) - 8f886335-0d74-45a2-bb32-11e9ae69e2a1: start 8f886335-0d74-45a2-bb32-11e9ae69e2a1@group-2163299401A3-FollowerState
2022-02-20 11:34:21,360 [grpc-default-executor-0] INFO  server.RaftServer$Division (RaftServerImpl.java:requestVote(1078)) - 8f886335-0d74-45a2-bb32-11e9ae69e2a1@group-2163299401A3 replies to ELECTION vote request: 0f4f0202-97f3-46c0-a5a3-20f1e8134cab<-8f886335-0d74-45a2-bb32-11e9ae69e2a1#0:OK-t1. Peer's state: 8f886335-0d74-45a2-bb32-11e9ae69e2a1@group-2163299401A3:t1, leader=null, voted=0f4f0202-97f3-46c0-a5a3-20f1e8134cab, raftlog=8f886335-0d74-45a2-bb32-11e9ae69e2a1@group-2163299401A3-SegmentedRaftLog:OPENED:c-1, conf=-1: [cd8e4231-c3e1-41c4-9d8d-fd2befed4677|rpc:10.1.0.4:36213|dataStream:|priority:0, 0f4f0202-97f3-46c0-a5a3-20f1e8134cab|rpc:10.1.0.4:36831|dataStream:|priority:1, 8f886335-0d74-45a2-bb32-11e9ae69e2a1|rpc:10.1.0.4:40283|dataStream:|priority:0], old=null
2022-02-20 11:34:21,370 [grpc-default-executor-4] INFO  server.RaftServer$Division (RaftServerImpl.java:requestVote(1078)) - cd8e4231-c3e1-41c4-9d8d-fd2befed4677@group-2163299401A3 replies to ELECTION vote request: 0f4f0202-97f3-46c0-a5a3-20f1e8134cab<-cd8e4231-c3e1-41c4-9d8d-fd2befed4677#0:OK-t1. Peer's state: cd8e4231-c3e1-41c4-9d8d-fd2befed4677@group-2163299401A3:t1, leader=null, voted=0f4f0202-97f3-46c0-a5a3-20f1e8134cab, raftlog=cd8e4231-c3e1-41c4-9d8d-fd2befed4677@group-2163299401A3-SegmentedRaftLog:OPENED:c-1, conf=-1: [cd8e4231-c3e1-41c4-9d8d-fd2befed4677|rpc:10.1.0.4:36213|dataStream:|priority:0, 0f4f0202-97f3-46c0-a5a3-20f1e8134cab|rpc:10.1.0.4:36831|dataStream:|priority:1, 8f886335-0d74-45a2-bb32-11e9ae69e2a1|rpc:10.1.0.4:40283|dataStream:|priority:0], old=null
2022-02-20 11:34:21,403 [0f4f0202-97f3-46c0-a5a3-20f1e8134cab@group-2163299401A3-LeaderElection36] INFO  impl.LeaderElection (LeaderElection.java:logAndReturn(89)) - 0f4f0202-97f3-46c0-a5a3-20f1e8134cab@group-2163299401A3-LeaderElection36: ELECTION PASSED received 1 response(s) and 0 exception(s):
2022-02-20 11:34:21,403 [0f4f0202-97f3-46c0-a5a3-20f1e8134cab@group-2163299401A3-LeaderElection36] INFO  impl.LeaderElection (LeaderElection.java:logAndReturn(93)) -   Response 0: 0f4f0202-97f3-46c0-a5a3-20f1e8134cab<-8f886335-0d74-45a2-bb32-11e9ae69e2a1#0:OK-t1
2022-02-20 11:34:21,403 [0f4f0202-97f3-46c0-a5a3-20f1e8134cab@group-2163299401A3-LeaderElection36] INFO  impl.LeaderElection (LeaderElection.java:askForVotes(308)) - 0f4f0202-97f3-46c0-a5a3-20f1e8134cab@group-2163299401A3-LeaderElection36 ELECTION round 0: result PASSED
2022-02-20 11:34:21,404 [0f4f0202-97f3-46c0-a5a3-20f1e8134cab@group-2163299401A3-LeaderElection36] INFO  impl.RoleInfo (RoleInfo.java:shutdownLeaderElection(121)) - 0f4f0202-97f3-46c0-a5a3-20f1e8134cab: shutdown 0f4f0202-97f3-46c0-a5a3-20f1e8134cab@group-2163299401A3-LeaderElection36
2022-02-20 11:34:21,404 [0f4f0202-97f3-46c0-a5a3-20f1e8134cab@group-2163299401A3-LeaderElection36] INFO  server.RaftServer$Division (RaftServerImpl.java:setRole(290)) - 0f4f0202-97f3-46c0-a5a3-20f1e8134cab@group-2163299401A3: changes role from CANDIDATE to LEADER at term 1 for changeToLeader
2022-02-20 11:34:21,404 [0f4f0202-97f3-46c0-a5a3-20f1e8134cab@group-2163299401A3-LeaderElection36] INFO  ratis.XceiverServerRatis (XceiverServerRatis.java:handleLeaderChangedNotification(867)) - Leader change notification received for group: group-2163299401A3 with new leaderId: 0f4f0202-97f3-46c0-a5a3-20f1e8134cab
2022-02-20 11:34:21,404 [0f4f0202-97f3-46c0-a5a3-20f1e8134cab@group-2163299401A3-LeaderElection36] INFO  server.RaftServer$Division (ServerState.java:setLeader(285)) - 0f4f0202-97f3-46c0-a5a3-20f1e8134cab@group-2163299401A3: change Leader from null to 0f4f0202-97f3-46c0-a5a3-20f1e8134cab at term 1 for becomeLeader, leader elected after 5158ms
2022-02-20 11:34:21,404 [0f4f0202-97f3-46c0-a5a3-20f1e8134cab@group-2163299401A3-LeaderElection36] INFO  server.RaftServerConfigKeys (ConfUtils.java:logGet(44)) - raft.server.staging.catchup.gap = 1000 (default)
2022-02-20 11:34:21,404 [0f4f0202-97f3-46c0-a5a3-20f1e8134cab@group-2163299401A3-LeaderElection36] INFO  server.RaftServerConfigKeys (ConfUtils.java:logGet(44)) - raft.server.write.element-limit = 1024 (custom)
2022-02-20 11:34:21,404 [0f4f0202-97f3-46c0-a5a3-20f1e8134cab@group-2163299401A3-LeaderElection36] INFO  server.RaftServerConfigKeys (ConfUtils.java:logGet(44)) - raft.server.write.byte-limit = 1024 M (=1073741824) (custom)
2022-02-20 11:34:21,404 [0f4f0202-97f3-46c0-a5a3-20f1e8134cab@group-2163299401A3-LeaderElection36] INFO  server.RaftServerConfigKeys (ConfUtils.java:logGet(44)) - raft.server.watch.timeout = 180s (custom)
2022-02-20 11:34:21,404 [0f4f0202-97f3-46c0-a5a3-20f1e8134cab@group-2163299401A3-LeaderElection36] INFO  server.RaftServerConfigKeys (ConfUtils.java:logGet(44)) - raft.server.watch.timeout.denomination = 1s (default)
2022-02-20 11:34:21,404 [0f4f0202-97f3-46c0-a5a3-20f1e8134cab@group-2163299401A3-LeaderElection36] INFO  server.RaftServerConfigKeys (ConfUtils.java:logGet(44)) - raft.server.watch.element-limit = 65536 (default)
2022-02-20 11:34:21,405 [0f4f0202-97f3-46c0-a5a3-20f1e8134cab@group-2163299401A3-LeaderElection36] INFO  server.RaftServerConfigKeys (ConfUtils.java:logGet(44)) - raft.server.write.element-limit = 1024 (custom)
2022-02-20 11:34:21,405 [0f4f0202-97f3-46c0-a5a3-20f1e8134cab@group-2163299401A3-LeaderElection36] INFO  server.RaftServerConfigKeys (ConfUtils.java:logGet(44)) - raft.server.write.follower.gap.ratio.max = -1.0 (default)
2022-02-20 11:34:21,405 [0f4f0202-97f3-46c0-a5a3-20f1e8134cab@group-2163299401A3-LeaderElection36] INFO  server.RaftServerConfigKeys (ConfUtils.java:logGet(44)) - raft.server.log.appender.snapshot.chunk.size.max = 16MB (=16777216) (default)
2022-02-20 11:34:21,405 [0f4f0202-97f3-46c0-a5a3-20f1e8134cab@group-2163299401A3-LeaderElection36] INFO  server.RaftServerConfigKeys (ConfUtils.java:logGet(44)) - raft.server.log.appender.buffer.byte-limit = 33554432 (custom)
2022-02-20 11:34:21,405 [0f4f0202-97f3-46c0-a5a3-20f1e8134cab@group-2163299401A3-LeaderElection36] INFO  server.RaftServerConfigKeys (ConfUtils.java:logGet(44)) - raft.server.log.appender.buffer.element-limit = 1 (custom)
2022-02-20 11:34:21,405 [0f4f0202-97f3-46c0-a5a3-20f1e8134cab@group-2163299401A3-LeaderElection36] INFO  grpc.GrpcConfigKeys (ConfUtils.java:logGet(44)) - raft.grpc.server.leader.outstanding.appends.max = 128 (default)
2022-02-20 11:34:21,405 [0f4f0202-97f3-46c0-a5a3-20f1e8134cab@group-2163299401A3-LeaderElection36] INFO  server.RaftServerConfigKeys (ConfUtils.java:logGet(44)) - raft.server.rpc.request.timeout = 60s (custom)
2022-02-20 11:34:21,405 [0f4f0202-97f3-46c0-a5a3-20f1e8134cab@group-2163299401A3-LeaderElection36] INFO  server.RaftServerConfigKeys (ConfUtils.java:logGet(44)) - raft.server.log.appender.install.snapshot.enabled = false (custom)
2022-02-20 11:34:21,406 [0f4f0202-97f3-46c0-a5a3-20f1e8134cab@group-2163299401A3-LeaderElection36] INFO  server.RaftServerConfigKeys (ConfUtils.java:logGet(44)) - raft.server.log.appender.snapshot.chunk.size.max = 16MB (=16777216) (default)
2022-02-20 11:34:21,406 [0f4f0202-97f3-46c0-a5a3-20f1e8134cab@group-2163299401A3-LeaderElection36] INFO  server.RaftServerConfigKeys (ConfUtils.java:logGet(44)) - raft.server.log.appender.buffer.byte-limit = 33554432 (custom)
2022-02-20 11:34:21,406 [0f4f0202-97f3-46c0-a5a3-20f1e8134cab@group-2163299401A3-LeaderElection36] INFO  server.RaftServerConfigKeys (ConfUtils.java:logGet(44)) - raft.server.log.appender.buffer.element-limit = 1 (custom)
2022-02-20 11:34:21,406 [0f4f0202-97f3-46c0-a5a3-20f1e8134cab@group-2163299401A3-LeaderElection36] INFO  grpc.GrpcConfigKeys (ConfUtils.java:logGet(44)) - raft.grpc.server.leader.outstanding.appends.max = 128 (default)
2022-02-20 11:34:21,406 [0f4f0202-97f3-46c0-a5a3-20f1e8134cab@group-2163299401A3-LeaderElection36] INFO  server.RaftServerConfigKeys (ConfUtils.java:logGet(44)) - raft.server.rpc.request.timeout = 60s (custom)
2022-02-20 11:34:21,406 [0f4f0202-97f3-46c0-a5a3-20f1e8134cab@group-2163299401A3-LeaderElection36] INFO  server.RaftServerConfigKeys (ConfUtils.java:logGet(44)) - raft.server.log.appender.install.snapshot.enabled = false (custom)
2022-02-20 11:34:21,407 [0f4f0202-97f3-46c0-a5a3-20f1e8134cab@group-2163299401A3-LeaderElection36] INFO  impl.RoleInfo (RoleInfo.java:updateAndGet(130)) - 0f4f0202-97f3-46c0-a5a3-20f1e8134cab: start 0f4f0202-97f3-46c0-a5a3-20f1e8134cab@group-2163299401A3-LeaderStateImpl
2022-02-20 11:34:21,407 [0f4f0202-97f3-46c0-a5a3-20f1e8134cab@group-2163299401A3-LeaderElection36] INFO  segmented.SegmentedRaftLogWorker (SegmentedRaftLogWorker.java:startLogSegment(394)) - 0f4f0202-97f3-46c0-a5a3-20f1e8134cab@group-2163299401A3-SegmentedRaftLogWorker: Starting segment from index:0
2022-02-20 11:34:21,408 [EventQueue-PipelineReportForPipelineReportHandler] INFO  pipeline.PipelineManagerImpl (PipelineManagerImpl.java:openPipeline(291)) - Pipeline Pipeline[ Id: 2ecf511a-45da-4206-b697-2163299401a3, Nodes: cd8e4231-c3e1-41c4-9d8d-fd2befed4677{ip: 10.1.0.4, host: fv-az59-849.csjynl4pkq3e1pkirw3ssqjfoh.cx.internal.cloudapp.net, ports: [REPLICATION=37167, RATIS=36213, RATIS_ADMIN=36213, RATIS_SERVER=36213, STANDALONE=33857], networkLocation: /default-rack, certSerialId: null, persistedOpState: IN_SERVICE, persistedOpStateExpiryEpochSec: 0}0f4f0202-97f3-46c0-a5a3-20f1e8134cab{ip: 10.1.0.4, host: fv-az59-849.csjynl4pkq3e1pkirw3ssqjfoh.cx.internal.cloudapp.net, ports: [REPLICATION=38543, RATIS=36831, RATIS_ADMIN=36831, RATIS_SERVER=36831, STANDALONE=38077], networkLocation: /default-rack, certSerialId: null, persistedOpState: IN_SERVICE, persistedOpStateExpiryEpochSec: 0}8f886335-0d74-45a2-bb32-11e9ae69e2a1{ip: 10.1.0.4, host: fv-az59-849.csjynl4pkq3e1pkirw3ssqjfoh.cx.internal.cloudapp.net, ports: [REPLICATION=35173, RATIS=40283, RATIS_ADMIN=40283, RATIS_SERVER=40283, STANDALONE=45871], networkLocation: /default-rack, certSerialId: null, persistedOpState: IN_SERVICE, persistedOpStateExpiryEpochSec: 0}, ReplicationConfig: RATIS/THREE, State:ALLOCATED, leaderId:0f4f0202-97f3-46c0-a5a3-20f1e8134cab, CreationTimestamp2022-02-20T11:34:14.146Z[Etc/UTC]] moved to OPEN state
2022-02-20 11:34:21,458 [grpc-default-executor-0] INFO  ratis.XceiverServerRatis (XceiverServerRatis.java:handleLeaderChangedNotification(867)) - Leader change notification received for group: group-2163299401A3 with new leaderId: 0f4f0202-97f3-46c0-a5a3-20f1e8134cab
2022-02-20 11:34:21,474 [grpc-default-executor-0] INFO  server.RaftServer$Division (ServerState.java:setLeader(285)) - 8f886335-0d74-45a2-bb32-11e9ae69e2a1@group-2163299401A3: change Leader from null to 0f4f0202-97f3-46c0-a5a3-20f1e8134cab at term 1 for appendEntries, leader elected after 5015ms
2022-02-20 11:34:21,408 [0f4f0202-97f3-46c0-a5a3-20f1e8134cab@group-2163299401A3-SegmentedRaftLogWorker] INFO  segmented.SegmentedRaftLogWorker (SegmentedRaftLogWorker.java:execute(601)) - 0f4f0202-97f3-46c0-a5a3-20f1e8134cab@group-2163299401A3-SegmentedRaftLogWorker: created new log segment /home/runner/work/ozone/ozone/hadoop-ozone/integration-test/target/test-dir/MiniOzoneClusterImpl-1758c66c-c060-455a-9a5e-da5efc64e117/datanode-0/data/ratis/2ecf511a-45da-4206-b697-2163299401a3/current/log_inprogress_0
2022-02-20 11:34:21,518 [grpc-default-executor-2] INFO  ratis.XceiverServerRatis (XceiverServerRatis.java:handleLeaderChangedNotification(867)) - Leader change notification received for group: group-2163299401A3 with new leaderId: 0f4f0202-97f3-46c0-a5a3-20f1e8134cab
2022-02-20 11:34:21,518 [grpc-default-executor-2] INFO  server.RaftServer$Division (ServerState.java:setLeader(285)) - cd8e4231-c3e1-41c4-9d8d-fd2befed4677@group-2163299401A3: change Leader from null to 0f4f0202-97f3-46c0-a5a3-20f1e8134cab at term 1 for appendEntries, leader elected after 5164ms
2022-02-20 11:34:21,518 [0f4f0202-97f3-46c0-a5a3-20f1e8134cab@group-2163299401A3-LeaderElection36] INFO  server.RaftServer$Division (ServerState.java:setRaftConf(387)) - 0f4f0202-97f3-46c0-a5a3-20f1e8134cab@group-2163299401A3: set configuration 0: [cd8e4231-c3e1-41c4-9d8d-fd2befed4677|rpc:10.1.0.4:36213|dataStream:|priority:0, 0f4f0202-97f3-46c0-a5a3-20f1e8134cab|rpc:10.1.0.4:36831|dataStream:|priority:1, 8f886335-0d74-45a2-bb32-11e9ae69e2a1|rpc:10.1.0.4:40283|dataStream:|priority:0], old=null
2022-02-20 11:34:21,476 [060d77b2-bb29-40c6-b5bc-e873045ad83d@group-DA5EFC64E117-StateMachineUpdater] INFO  safemode.HealthyPipelineSafeModeRule (HealthyPipelineSafeModeRule.java:initializeRule(152)) - Refreshed total pipeline count is 1, healthy pipeline threshold count is 1
2022-02-20 11:34:21,519 [EventQueue-OpenPipelineForHealthyPipelineSafeModeRule] INFO  safemode.SCMSafeModeManager (HealthyPipelineSafeModeRule.java:process(124)) - SCM in safe mode. Healthy pipelines reported count is 1, required healthy pipeline reported count is 1
2022-02-20 11:34:21,519 [EventQueue-OpenPipelineForHealthyPipelineSafeModeRule] INFO  safemode.SCMSafeModeManager (SCMSafeModeManager.java:validateSafeModeExitRules(204)) - HealthyPipelineSafeModeRule rule is successfully validated
2022-02-20 11:34:21,519 [EventQueue-OpenPipelineForHealthyPipelineSafeModeRule] INFO  safemode.SCMSafeModeManager (SCMSafeModeManager.java:validateSafeModeExitRules(219)) - ScmSafeModeManager, all rules are successfully validated
2022-02-20 11:34:21,519 [EventQueue-OpenPipelineForHealthyPipelineSafeModeRule] INFO  safemode.SCMSafeModeManager (SCMSafeModeManager.java:exitSafeMode(248)) - SCM exiting safe mode.
2022-02-20 11:34:21,519 [EventQueue-OpenPipelineForHealthyPipelineSafeModeRule] WARN  events.EventQueue (EventQueue.java:fireEvent(194)) - No event handler registered for event TypedEvent{payloadType=SafeModeStatus, name='Safe mode status'}
2022-02-20 11:34:21,519 [EventQueue-OpenPipelineForHealthyPipelineSafeModeRule] INFO  ha.SCMContext (SCMContext.java:updateSafeModeStatus(211)) - Update SafeModeStatus from SafeModeStatus{safeModeStatus=true, preCheckPassed=true} to SafeModeStatus{safeModeStatus=false, preCheckPassed=true}.
2022-02-20 11:34:21,519 [EventQueue-OpenPipelineForHealthyPipelineSafeModeRule] INFO  container.ReplicationManager (ReplicationManager.java:notifyStatusChanged(1807)) - Service ReplicationManager transitions to RUNNING.
2022-02-20 11:34:21,529 [grpc-default-executor-0] INFO  server.RaftServer$Division (ServerState.java:setRaftConf(387)) - 8f886335-0d74-45a2-bb32-11e9ae69e2a1@group-2163299401A3: set configuration 0: [cd8e4231-c3e1-41c4-9d8d-fd2befed4677|rpc:10.1.0.4:36213|dataStream:|priority:0, 0f4f0202-97f3-46c0-a5a3-20f1e8134cab|rpc:10.1.0.4:36831|dataStream:|priority:1, 8f886335-0d74-45a2-bb32-11e9ae69e2a1|rpc:10.1.0.4:40283|dataStream:|priority:0], old=null
2022-02-20 11:34:21,529 [grpc-default-executor-0] INFO  segmented.SegmentedRaftLogWorker (SegmentedRaftLogWorker.java:startLogSegment(394)) - 8f886335-0d74-45a2-bb32-11e9ae69e2a1@group-2163299401A3-SegmentedRaftLogWorker: Starting segment from index:0
2022-02-20 11:34:21,532 [8f886335-0d74-45a2-bb32-11e9ae69e2a1@group-2163299401A3-SegmentedRaftLogWorker] INFO  segmented.SegmentedRaftLogWorker (SegmentedRaftLogWorker.java:execute(601)) - 8f886335-0d74-45a2-bb32-11e9ae69e2a1@group-2163299401A3-SegmentedRaftLogWorker: created new log segment /home/runner/work/ozone/ozone/hadoop-ozone/integration-test/target/test-dir/MiniOzoneClusterImpl-1758c66c-c060-455a-9a5e-da5efc64e117/datanode-1/data/ratis/2ecf511a-45da-4206-b697-2163299401a3/current/log_inprogress_0
2022-02-20 11:34:21,570 [grpc-default-executor-2] INFO  server.RaftServer$Division (ServerState.java:setRaftConf(387)) - cd8e4231-c3e1-41c4-9d8d-fd2befed4677@group-2163299401A3: set configuration 0: [cd8e4231-c3e1-41c4-9d8d-fd2befed4677|rpc:10.1.0.4:36213|dataStream:|priority:0, 0f4f0202-97f3-46c0-a5a3-20f1e8134cab|rpc:10.1.0.4:36831|dataStream:|priority:1, 8f886335-0d74-45a2-bb32-11e9ae69e2a1|rpc:10.1.0.4:40283|dataStream:|priority:0], old=null
2022-02-20 11:34:21,570 [grpc-default-executor-2] INFO  segmented.SegmentedRaftLogWorker (SegmentedRaftLogWorker.java:startLogSegment(394)) - cd8e4231-c3e1-41c4-9d8d-fd2befed4677@group-2163299401A3-SegmentedRaftLogWorker: Starting segment from index:0
2022-02-20 11:34:21,572 [cd8e4231-c3e1-41c4-9d8d-fd2befed4677@group-2163299401A3-SegmentedRaftLogWorker] INFO  segmented.SegmentedRaftLogWorker (SegmentedRaftLogWorker.java:execute(601)) - cd8e4231-c3e1-41c4-9d8d-fd2befed4677@group-2163299401A3-SegmentedRaftLogWorker: created new log segment /home/runner/work/ozone/ozone/hadoop-ozone/integration-test/target/test-dir/MiniOzoneClusterImpl-1758c66c-c060-455a-9a5e-da5efc64e117/datanode-2/data/ratis/2ecf511a-45da-4206-b697-2163299401a3/current/log_inprogress_0
2022-02-20 11:34:21,607 [8f886335-0d74-45a2-bb32-11e9ae69e2a1@group-58ED901E1311-FollowerState] INFO  impl.FollowerState (FollowerState.java:run(134)) - 8f886335-0d74-45a2-bb32-11e9ae69e2a1@group-58ED901E1311-FollowerState: change to CANDIDATE, lastRpcElapsedTime:5010240550ns, electionTimeout:5007ms
2022-02-20 11:34:21,608 [8f886335-0d74-45a2-bb32-11e9ae69e2a1@group-58ED901E1311-FollowerState] INFO  impl.RoleInfo (RoleInfo.java:shutdownFollowerState(108)) - 8f886335-0d74-45a2-bb32-11e9ae69e2a1: shutdown 8f886335-0d74-45a2-bb32-11e9ae69e2a1@group-58ED901E1311-FollowerState
2022-02-20 11:34:21,608 [8f886335-0d74-45a2-bb32-11e9ae69e2a1@group-58ED901E1311-FollowerState] INFO  server.RaftServer$Division (RaftServerImpl.java:setRole(290)) - 8f886335-0d74-45a2-bb32-11e9ae69e2a1@group-58ED901E1311: changes role from  FOLLOWER to CANDIDATE at term 0 for changeToCandidate
2022-02-20 11:34:21,608 [8f886335-0d74-45a2-bb32-11e9ae69e2a1@group-58ED901E1311-FollowerState] INFO  server.RaftServerConfigKeys (ConfUtils.java:logGet(44)) - raft.server.leaderelection.pre-vote = false (custom)
2022-02-20 11:34:21,608 [8f886335-0d74-45a2-bb32-11e9ae69e2a1@group-58ED901E1311-FollowerState] INFO  impl.RoleInfo (RoleInfo.java:updateAndGet(130)) - 8f886335-0d74-45a2-bb32-11e9ae69e2a1: start 8f886335-0d74-45a2-bb32-11e9ae69e2a1@group-58ED901E1311-LeaderElection38
2022-02-20 11:34:21,642 [8f886335-0d74-45a2-bb32-11e9ae69e2a1@group-58ED901E1311-LeaderElection38] INFO  impl.LeaderElection (LeaderElection.java:askForVotes(306)) - 8f886335-0d74-45a2-bb32-11e9ae69e2a1@group-58ED901E1311-LeaderElection38 ELECTION round 0: submit vote requests at term 1 for -1: [cd8e4231-c3e1-41c4-9d8d-fd2befed4677|rpc:10.1.0.4:36213|dataStream:|priority:1, 0f4f0202-97f3-46c0-a5a3-20f1e8134cab|rpc:10.1.0.4:36831|dataStream:|priority:0, 8f886335-0d74-45a2-bb32-11e9ae69e2a1|rpc:10.1.0.4:40283|dataStream:|priority:0], old=null
2022-02-20 11:34:21,670 [grpc-default-executor-0] INFO  server.RaftServer$Division (RaftServerImpl.java:requestVote(1046)) - cd8e4231-c3e1-41c4-9d8d-fd2befed4677@group-58ED901E1311: receive requestVote(ELECTION, 8f886335-0d74-45a2-bb32-11e9ae69e2a1, group-58ED901E1311, 1, (t:0, i:0))
2022-02-20 11:34:21,670 [grpc-default-executor-0] INFO  impl.VoteContext (VoteContext.java:log(48)) - cd8e4231-c3e1-41c4-9d8d-fd2befed4677@group-58ED901E1311-FOLLOWER: reject ELECTION from 8f886335-0d74-45a2-bb32-11e9ae69e2a1: our priority 1 > candidate's priority 0
2022-02-20 11:34:21,670 [grpc-default-executor-0] INFO  server.RaftServer$Division (RaftServerImpl.java:setRole(290)) - cd8e4231-c3e1-41c4-9d8d-fd2befed4677@group-58ED901E1311: changes role from  FOLLOWER to FOLLOWER at term 1 for candidate:8f886335-0d74-45a2-bb32-11e9ae69e2a1
2022-02-20 11:34:21,670 [grpc-default-executor-0] INFO  impl.RoleInfo (RoleInfo.java:shutdownFollowerState(108)) - cd8e4231-c3e1-41c4-9d8d-fd2befed4677: shutdown cd8e4231-c3e1-41c4-9d8d-fd2befed4677@group-58ED901E1311-FollowerState
2022-02-20 11:34:21,670 [grpc-default-executor-0] INFO  impl.RoleInfo (RoleInfo.java:updateAndGet(130)) - cd8e4231-c3e1-41c4-9d8d-fd2befed4677: start cd8e4231-c3e1-41c4-9d8d-fd2befed4677@group-58ED901E1311-FollowerState
2022-02-20 11:34:21,670 [cd8e4231-c3e1-41c4-9d8d-fd2befed4677@group-58ED901E1311-FollowerState] INFO  impl.FollowerState (FollowerState.java:run(143)) - cd8e4231-c3e1-41c4-9d8d-fd2befed4677@group-58ED901E1311-FollowerState was interrupted: {}
java.lang.InterruptedException: sleep interrupted
	at java.lang.Thread.sleep(Native Method)
	at java.lang.Thread.sleep(Thread.java:342)
	at java.util.concurrent.TimeUnit.sleep(TimeUnit.java:386)
	at org.apache.ratis.util.TimeDuration.sleep(TimeDuration.java:324)
	at org.apache.ratis.util.TimeDuration.sleep(TimeDuration.java:309)
	at org.apache.ratis.server.impl.FollowerState.run(FollowerState.java:118)
2022-02-20 11:34:21,678 [grpc-default-executor-0] INFO  server.RaftServer$Division (RaftServerImpl.java:requestVote(1078)) - cd8e4231-c3e1-41c4-9d8d-fd2befed4677@group-58ED901E1311 replies to ELECTION vote request: 8f886335-0d74-45a2-bb32-11e9ae69e2a1<-cd8e4231-c3e1-41c4-9d8d-fd2befed4677#0:FAIL-t1. Peer's state: cd8e4231-c3e1-41c4-9d8d-fd2befed4677@group-58ED901E1311:t1, leader=null, voted=null, raftlog=cd8e4231-c3e1-41c4-9d8d-fd2befed4677@group-58ED901E1311-SegmentedRaftLog:OPENED:c-1, conf=-1: [cd8e4231-c3e1-41c4-9d8d-fd2befed4677|rpc:10.1.0.4:36213|dataStream:|priority:1, 0f4f0202-97f3-46c0-a5a3-20f1e8134cab|rpc:10.1.0.4:36831|dataStream:|priority:0, 8f886335-0d74-45a2-bb32-11e9ae69e2a1|rpc:10.1.0.4:40283|dataStream:|priority:0], old=null
2022-02-20 11:34:21,687 [8f886335-0d74-45a2-bb32-11e9ae69e2a1@group-58ED901E1311-LeaderElection38] INFO  impl.LeaderElection (LeaderElection.java:logAndReturn(89)) - 8f886335-0d74-45a2-bb32-11e9ae69e2a1@group-58ED901E1311-LeaderElection38: ELECTION REJECTED received 1 response(s) and 0 exception(s):
2022-02-20 11:34:21,687 [8f886335-0d74-45a2-bb32-11e9ae69e2a1@group-58ED901E1311-LeaderElection38] INFO  impl.LeaderElection (LeaderElection.java:logAndReturn(93)) -   Response 0: 8f886335-0d74-45a2-bb32-11e9ae69e2a1<-cd8e4231-c3e1-41c4-9d8d-fd2befed4677#0:FAIL-t1
2022-02-20 11:34:21,687 [8f886335-0d74-45a2-bb32-11e9ae69e2a1@group-58ED901E1311-LeaderElection38] INFO  impl.LeaderElection (LeaderElection.java:askForVotes(308)) - 8f886335-0d74-45a2-bb32-11e9ae69e2a1@group-58ED901E1311-LeaderElection38 ELECTION round 0: result REJECTED
2022-02-20 11:34:21,687 [8f886335-0d74-45a2-bb32-11e9ae69e2a1@group-58ED901E1311-LeaderElection38] INFO  server.RaftServer$Division (RaftServerImpl.java:setRole(290)) - 8f886335-0d74-45a2-bb32-11e9ae69e2a1@group-58ED901E1311: changes role from CANDIDATE to FOLLOWER at term 1 for REJECTED
2022-02-20 11:34:21,687 [8f886335-0d74-45a2-bb32-11e9ae69e2a1@group-58ED901E1311-LeaderElection38] INFO  impl.RoleInfo (RoleInfo.java:shutdownLeaderElection(121)) - 8f886335-0d74-45a2-bb32-11e9ae69e2a1: shutdown 8f886335-0d74-45a2-bb32-11e9ae69e2a1@group-58ED901E1311-LeaderElection38
2022-02-20 11:34:21,687 [8f886335-0d74-45a2-bb32-11e9ae69e2a1@group-58ED901E1311-LeaderElection38] INFO  impl.RoleInfo (RoleInfo.java:updateAndGet(130)) - 8f886335-0d74-45a2-bb32-11e9ae69e2a1: start 8f886335-0d74-45a2-bb32-11e9ae69e2a1@group-58ED901E1311-FollowerState
2022-02-20 11:34:21,703 [grpc-default-executor-0] INFO  server.RaftServer$Division (RaftServerImpl.java:requestVote(1046)) - 0f4f0202-97f3-46c0-a5a3-20f1e8134cab@group-58ED901E1311: receive requestVote(ELECTION, 8f886335-0d74-45a2-bb32-11e9ae69e2a1, group-58ED901E1311, 1, (t:0, i:0))
2022-02-20 11:34:21,703 [grpc-default-executor-0] INFO  impl.VoteContext (VoteContext.java:log(48)) - 0f4f0202-97f3-46c0-a5a3-20f1e8134cab@group-58ED901E1311-FOLLOWER: accept ELECTION from 8f886335-0d74-45a2-bb32-11e9ae69e2a1: our priority 0 <= candidate's priority 0
2022-02-20 11:34:21,703 [grpc-default-executor-0] INFO  server.RaftServer$Division (RaftServerImpl.java:setRole(290)) - 0f4f0202-97f3-46c0-a5a3-20f1e8134cab@group-58ED901E1311: changes role from  FOLLOWER to FOLLOWER at term 1 for candidate:8f886335-0d74-45a2-bb32-11e9ae69e2a1
2022-02-20 11:34:21,703 [grpc-default-executor-0] INFO  impl.RoleInfo (RoleInfo.java:shutdownFollowerState(108)) - 0f4f0202-97f3-46c0-a5a3-20f1e8134cab: shutdown 0f4f0202-97f3-46c0-a5a3-20f1e8134cab@group-58ED901E1311-FollowerState
2022-02-20 11:34:21,703 [grpc-default-executor-0] INFO  impl.RoleInfo (RoleInfo.java:updateAndGet(130)) - 0f4f0202-97f3-46c0-a5a3-20f1e8134cab: start 0f4f0202-97f3-46c0-a5a3-20f1e8134cab@group-58ED901E1311-FollowerState
2022-02-20 11:34:21,704 [0f4f0202-97f3-46c0-a5a3-20f1e8134cab@group-58ED901E1311-FollowerState] INFO  impl.FollowerState (FollowerState.java:run(143)) - 0f4f0202-97f3-46c0-a5a3-20f1e8134cab@group-58ED901E1311-FollowerState was interrupted: {}
java.lang.InterruptedException: sleep interrupted
	at java.lang.Thread.sleep(Native Method)
	at java.lang.Thread.sleep(Thread.java:342)
	at java.util.concurrent.TimeUnit.sleep(TimeUnit.java:386)
	at org.apache.ratis.util.TimeDuration.sleep(TimeDuration.java:324)
	at org.apache.ratis.util.TimeDuration.sleep(TimeDuration.java:309)
	at org.apache.ratis.server.impl.FollowerState.run(FollowerState.java:118)
2022-02-20 11:34:21,721 [grpc-default-executor-0] INFO  server.RaftServer$Division (RaftServerImpl.java:requestVote(1078)) - 0f4f0202-97f3-46c0-a5a3-20f1e8134cab@group-58ED901E1311 replies to ELECTION vote request: 8f886335-0d74-45a2-bb32-11e9ae69e2a1<-0f4f0202-97f3-46c0-a5a3-20f1e8134cab#0:OK-t1. Peer's state: 0f4f0202-97f3-46c0-a5a3-20f1e8134cab@group-58ED901E1311:t1, leader=null, voted=8f886335-0d74-45a2-bb32-11e9ae69e2a1, raftlog=0f4f0202-97f3-46c0-a5a3-20f1e8134cab@group-58ED901E1311-SegmentedRaftLog:OPENED:c-1, conf=-1: [cd8e4231-c3e1-41c4-9d8d-fd2befed4677|rpc:10.1.0.4:36213|priority:1, 0f4f0202-97f3-46c0-a5a3-20f1e8134cab|rpc:10.1.0.4:36831|priority:0, 8f886335-0d74-45a2-bb32-11e9ae69e2a1|rpc:10.1.0.4:40283|priority:0], old=null
2022-02-20 11:34:21,854 [8f886335-0d74-45a2-bb32-11e9ae69e2a1@group-DC9BA1D6BB8C-FollowerState] INFO  impl.FollowerState (FollowerState.java:run(134)) - 8f886335-0d74-45a2-bb32-11e9ae69e2a1@group-DC9BA1D6BB8C-FollowerState: change to CANDIDATE, lastRpcElapsedTime:5119573489ns, electionTimeout:5100ms
2022-02-20 11:34:21,855 [8f886335-0d74-45a2-bb32-11e9ae69e2a1@group-DC9BA1D6BB8C-FollowerState] INFO  impl.RoleInfo (RoleInfo.java:shutdownFollowerState(108)) - 8f886335-0d74-45a2-bb32-11e9ae69e2a1: shutdown 8f886335-0d74-45a2-bb32-11e9ae69e2a1@group-DC9BA1D6BB8C-FollowerState
2022-02-20 11:34:21,855 [8f886335-0d74-45a2-bb32-11e9ae69e2a1@group-DC9BA1D6BB8C-FollowerState] INFO  server.RaftServer$Division (RaftServerImpl.java:setRole(290)) - 8f886335-0d74-45a2-bb32-11e9ae69e2a1@group-DC9BA1D6BB8C: changes role from  FOLLOWER to CANDIDATE at term 0 for changeToCandidate
2022-02-20 11:34:21,855 [8f886335-0d74-45a2-bb32-11e9ae69e2a1@group-DC9BA1D6BB8C-FollowerState] INFO  server.RaftServerConfigKeys (ConfUtils.java:logGet(44)) - raft.server.leaderelection.pre-vote = false (custom)
2022-02-20 11:34:21,855 [8f886335-0d74-45a2-bb32-11e9ae69e2a1@group-DC9BA1D6BB8C-FollowerState] INFO  impl.RoleInfo (RoleInfo.java:updateAndGet(130)) - 8f886335-0d74-45a2-bb32-11e9ae69e2a1: start 8f886335-0d74-45a2-bb32-11e9ae69e2a1@group-DC9BA1D6BB8C-LeaderElection39
2022-02-20 11:34:21,872 [8f886335-0d74-45a2-bb32-11e9ae69e2a1@group-DC9BA1D6BB8C-LeaderElection39] INFO  impl.LeaderElection (LeaderElection.java:askForVotes(306)) - 8f886335-0d74-45a2-bb32-11e9ae69e2a1@group-DC9BA1D6BB8C-LeaderElection39 ELECTION round 0: submit vote requests at term 1 for -1: [8f886335-0d74-45a2-bb32-11e9ae69e2a1|rpc:10.1.0.4:40283|priority:1], old=null
2022-02-20 11:34:21,874 [8f886335-0d74-45a2-bb32-11e9ae69e2a1@group-DC9BA1D6BB8C-LeaderElection39] INFO  impl.LeaderElection (LeaderElection.java:askForVotes(308)) - 8f886335-0d74-45a2-bb32-11e9ae69e2a1@group-DC9BA1D6BB8C-LeaderElection39 ELECTION round 0: result PASSED (term=1)
2022-02-20 11:34:21,874 [8f886335-0d74-45a2-bb32-11e9ae69e2a1@group-DC9BA1D6BB8C-LeaderElection39] INFO  impl.RoleInfo (RoleInfo.java:shutdownLeaderElection(121)) - 8f886335-0d74-45a2-bb32-11e9ae69e2a1: shutdown 8f886335-0d74-45a2-bb32-11e9ae69e2a1@group-DC9BA1D6BB8C-LeaderElection39
2022-02-20 11:34:21,874 [8f886335-0d74-45a2-bb32-11e9ae69e2a1@group-DC9BA1D6BB8C-LeaderElection39] INFO  server.RaftServer$Division (RaftServerImpl.java:setRole(290)) - 8f886335-0d74-45a2-bb32-11e9ae69e2a1@group-DC9BA1D6BB8C: changes role from CANDIDATE to LEADER at term 1 for changeToLeader
2022-02-20 11:34:21,874 [8f886335-0d74-45a2-bb32-11e9ae69e2a1@group-DC9BA1D6BB8C-LeaderElection39] INFO  ratis.XceiverServerRatis (XceiverServerRatis.java:handleLeaderChangedNotification(867)) - Leader change notification received for group: group-DC9BA1D6BB8C with new leaderId: 8f886335-0d74-45a2-bb32-11e9ae69e2a1
2022-02-20 11:34:21,874 [8f886335-0d74-45a2-bb32-11e9ae69e2a1@group-DC9BA1D6BB8C-LeaderElection39] INFO  server.RaftServer$Division (ServerState.java:setLeader(285)) - 8f886335-0d74-45a2-bb32-11e9ae69e2a1@group-DC9BA1D6BB8C: change Leader from null to 8f886335-0d74-45a2-bb32-11e9ae69e2a1 at term 1 for becomeLeader, leader elected after 5158ms
2022-02-20 11:34:21,875 [8f886335-0d74-45a2-bb32-11e9ae69e2a1@group-DC9BA1D6BB8C-LeaderElection39] INFO  server.RaftServerConfigKeys (ConfUtils.java:logGet(44)) - raft.server.staging.catchup.gap = 1000 (default)
2022-02-20 11:34:21,875 [8f886335-0d74-45a2-bb32-11e9ae69e2a1@group-DC9BA1D6BB8C-LeaderElection39] INFO  server.RaftServerConfigKeys (ConfUtils.java:logGet(44)) - raft.server.write.element-limit = 1024 (custom)
2022-02-20 11:34:21,875 [8f886335-0d74-45a2-bb32-11e9ae69e2a1@group-DC9BA1D6BB8C-LeaderElection39] INFO  server.RaftServerConfigKeys (ConfUtils.java:logGet(44)) - raft.server.write.byte-limit = 1024 M (=1073741824) (custom)
2022-02-20 11:34:21,875 [8f886335-0d74-45a2-bb32-11e9ae69e2a1@group-DC9BA1D6BB8C-LeaderElection39] INFO  server.RaftServerConfigKeys (ConfUtils.java:logGet(44)) - raft.server.watch.timeout = 180s (custom)
2022-02-20 11:34:21,875 [8f886335-0d74-45a2-bb32-11e9ae69e2a1@group-DC9BA1D6BB8C-LeaderElection39] INFO  server.RaftServerConfigKeys (ConfUtils.java:logGet(44)) - raft.server.watch.timeout.denomination = 1s (default)
2022-02-20 11:34:21,875 [8f886335-0d74-45a2-bb32-11e9ae69e2a1@group-DC9BA1D6BB8C-LeaderElection39] INFO  server.RaftServerConfigKeys (ConfUtils.java:logGet(44)) - raft.server.watch.element-limit = 65536 (default)
2022-02-20 11:34:21,875 [8f886335-0d74-45a2-bb32-11e9ae69e2a1@group-DC9BA1D6BB8C-LeaderElection39] INFO  server.RaftServerConfigKeys (ConfUtils.java:logGet(44)) - raft.server.write.element-limit = 1024 (custom)
2022-02-20 11:34:21,875 [8f886335-0d74-45a2-bb32-11e9ae69e2a1@group-DC9BA1D6BB8C-LeaderElection39] INFO  server.RaftServerConfigKeys (ConfUtils.java:logGet(44)) - raft.server.write.follower.gap.ratio.max = -1.0 (default)
2022-02-20 11:34:21,875 [8f886335-0d74-45a2-bb32-11e9ae69e2a1@group-DC9BA1D6BB8C-LeaderElection39] INFO  impl.RoleInfo (RoleInfo.java:updateAndGet(130)) - 8f886335-0d74-45a2-bb32-11e9ae69e2a1: start 8f886335-0d74-45a2-bb32-11e9ae69e2a1@group-DC9BA1D6BB8C-LeaderStateImpl
2022-02-20 11:34:21,876 [8f886335-0d74-45a2-bb32-11e9ae69e2a1@group-DC9BA1D6BB8C-LeaderElection39] INFO  segmented.SegmentedRaftLogWorker (SegmentedRaftLogWorker.java:startLogSegment(394)) - 8f886335-0d74-45a2-bb32-11e9ae69e2a1@group-DC9BA1D6BB8C-SegmentedRaftLogWorker: Starting segment from index:0
2022-02-20 11:34:21,878 [8f886335-0d74-45a2-bb32-11e9ae69e2a1@group-DC9BA1D6BB8C-LeaderElection39] INFO  server.RaftServer$Division (ServerState.java:setRaftConf(387)) - 8f886335-0d74-45a2-bb32-11e9ae69e2a1@group-DC9BA1D6BB8C: set configuration 0: [8f886335-0d74-45a2-bb32-11e9ae69e2a1|rpc:10.1.0.4:40283|dataStream:|priority:1], old=null
2022-02-20 11:34:21,882 [8f886335-0d74-45a2-bb32-11e9ae69e2a1@group-DC9BA1D6BB8C-SegmentedRaftLogWorker] INFO  segmented.SegmentedRaftLogWorker (SegmentedRaftLogWorker.java:execute(601)) - 8f886335-0d74-45a2-bb32-11e9ae69e2a1@group-DC9BA1D6BB8C-SegmentedRaftLogWorker: created new log segment /home/runner/work/ozone/ozone/hadoop-ozone/integration-test/target/test-dir/MiniOzoneClusterImpl-1758c66c-c060-455a-9a5e-da5efc64e117/datanode-1/data/ratis/278130bd-a2c5-4823-907d-dc9ba1d6bb8c/current/log_inprogress_0
2022-02-20 11:34:22,107 [Listener at 127.0.0.1/43731] INFO  ozone.MiniOzoneClusterImpl (MiniOzoneClusterImpl.java:lambda$waitForClusterToBeReady$0(219)) - Nodes are ready. Got 3 of 3 DN Heartbeats.
2022-02-20 11:34:22,108 [Listener at 127.0.0.1/43731] INFO  ozone.MiniOzoneClusterImpl (MiniOzoneClusterImpl.java:lambda$waitForClusterToBeReady$0(222)) - Cluster exits safe mode
2022-02-20 11:34:22,108 [Listener at 127.0.0.1/43731] INFO  ozone.MiniOzoneClusterImpl (MiniOzoneClusterImpl.java:lambda$waitForClusterToBeReady$0(224)) - SCM became leader
2022-02-20 11:34:22,130 [Listener at 127.0.0.1/43731] INFO  rpc.RpcClient (RpcClient.java:createVolume(399)) - Creating Volume: volume36187, with user49489 as owner and space quota set to -1 bytes, counts quota set to -1
2022-02-20 11:34:22,137 [IPC Server handler 0 on default port 43731] INFO  volume.OMVolumeCreateRequest (OMVolumeCreateRequest.java:validateAndUpdateCache(195)) - created volume:volume36187 for user:user49489
2022-02-20 11:34:22,175 [Listener at 127.0.0.1/43731] INFO  rpc.RpcClient (RpcClient.java:createBucket(562)) - Creating Bucket: volume36187/bucket74644, with runner as owner and Versioning false and Storage Type set to DISK and Encryption set to false 
]]></system-out>
  </testcase>
  <testcase name="testRenameFile[2]" classname="org.apache.hadoop.fs.ozone.TestRootedOzoneFileSystem" time="0.123"/>
  <testcase name="testListStatusRootAndVolumeRecursive[2]" classname="org.apache.hadoop.fs.ozone.TestRootedOzoneFileSystem" time="0.868"/>
  <testcase name="testTempMount[2]" classname="org.apache.hadoop.fs.ozone.TestRootedOzoneFileSystem" time="0.249"/>
  <testcase name="testListStatusRootAndVolumeNonRecursive[2]" classname="org.apache.hadoop.fs.ozone.TestRootedOzoneFileSystem" time="0.523"/>
  <testcase name="testDeleteVolumeAndBucket[2]" classname="org.apache.hadoop.fs.ozone.TestRootedOzoneFileSystem" time="0.032"/>
  <testcase name="testRenameDirToItsOwnSubDir[2]" classname="org.apache.hadoop.fs.ozone.TestRootedOzoneFileSystem" time="0.007"/>
  <testcase name="testOzoneFsServiceLoader[2]" classname="org.apache.hadoop.fs.ozone.TestRootedOzoneFileSystem" time="0.089"/>
  <testcase name="testTrash[2]" classname="org.apache.hadoop.fs.ozone.TestRootedOzoneFileSystem" time="0">
    <skipped/>
  </testcase>
  <testcase name="testRenameDestinationParentDoesntExist[2]" classname="org.apache.hadoop.fs.ozone.TestRootedOzoneFileSystem" time="0.043"/>
  <testcase name="testGetFileStatusRoot[2]" classname="org.apache.hadoop.fs.ozone.TestRootedOzoneFileSystem" time="0.011"/>
  <testcase name="testCreateWithInvalidPaths[2]" classname="org.apache.hadoop.fs.ozone.TestRootedOzoneFileSystem" time="0.017"/>
  <testcase name="testDeleteEmptyVolume[2]" classname="org.apache.hadoop.fs.ozone.TestRootedOzoneFileSystem" time="0.035"/>
  <testcase name="testListStatusRootAndVolumeContinuation[2]" classname="org.apache.hadoop.fs.ozone.TestRootedOzoneFileSystem" time="0">
    <skipped message="FS Path is enabled. Skipping this test as it is not tuned for FS Path yet" type="org.junit.AssumptionViolatedException">org.junit.AssumptionViolatedException: FS Path is enabled. Skipping this test as it is not tuned for FS Path yet
	at org.junit.Assume.assumeTrue(Assume.java:68)
	at org.apache.hadoop.fs.ozone.TestRootedOzoneFileSystem.testListStatusRootAndVolumeContinuation(TestRootedOzoneFileSystem.java:887)
	at sun.reflect.NativeMethodAccessorImpl.invoke0(Native Method)
	at sun.reflect.NativeMethodAccessorImpl.invoke(NativeMethodAccessorImpl.java:62)
	at sun.reflect.DelegatingMethodAccessorImpl.invoke(DelegatingMethodAccessorImpl.java:43)
	at java.lang.reflect.Method.invoke(Method.java:498)
	at org.junit.runners.model.FrameworkMethod$1.runReflectiveCall(FrameworkMethod.java:59)
	at org.junit.internal.runners.model.ReflectiveCallable.run(ReflectiveCallable.java:12)
	at org.junit.runners.model.FrameworkMethod.invokeExplosively(FrameworkMethod.java:56)
	at org.junit.internal.runners.statements.InvokeMethod.evaluate(InvokeMethod.java:17)
	at org.junit.internal.runners.statements.FailOnTimeout$CallableStatement.call(FailOnTimeout.java:288)
	at org.junit.internal.runners.statements.FailOnTimeout$CallableStatement.call(FailOnTimeout.java:282)
	at java.util.concurrent.FutureTask.run(FutureTask.java:266)
	at java.lang.Thread.run(Thread.java:750)
</skipped>
  </testcase>
  <testcase name="testDeleteVolumeBucketAndKey[2]" classname="org.apache.hadoop.fs.ozone.TestRootedOzoneFileSystem" time="0.112"/>
  <testcase name="testRenameToParentDir[2]" classname="org.apache.hadoop.fs.ozone.TestRootedOzoneFileSystem" time="0.029"/>
  <testcase name="testMkdirNonExistentVolumeBucket[2]" classname="org.apache.hadoop.fs.ozone.TestRootedOzoneFileSystem" time="0.025"/>
  <testcase name="testFailToDeleteRoot[2]" classname="org.apache.hadoop.fs.ozone.TestRootedOzoneFileSystem" time="0.022"/>
  <testcase name="testListStatusOnSubDirs[2]" classname="org.apache.hadoop.fs.ozone.TestRootedOzoneFileSystem" time="0.058"/>
  <testcase name="testListStatus[2]" classname="org.apache.hadoop.fs.ozone.TestRootedOzoneFileSystem" time="0.054"/>
  <testcase name="testGetTrashRoots[2]" classname="org.apache.hadoop.fs.ozone.TestRootedOzoneFileSystem" time="0.515"/>
  <testcase name="testCreateDoesNotAddParentDirKeys[2]" classname="org.apache.hadoop.fs.ozone.TestRootedOzoneFileSystem" time="0.082"/>
  <testcase name="testMkdirNonExistentVolume[2]" classname="org.apache.hadoop.fs.ozone.TestRootedOzoneFileSystem" time="0.028"/>
  <testcase name="testDeleteCreatesFakeParentDir[2]" classname="org.apache.hadoop.fs.ozone.TestRootedOzoneFileSystem" time="0">
    <skipped message="FS Path is enabled. Skipping this test as it is not tuned for FS Path yet" type="org.junit.AssumptionViolatedException">org.junit.AssumptionViolatedException: FS Path is enabled. Skipping this test as it is not tuned for FS Path yet
	at org.junit.Assume.assumeTrue(Assume.java:68)
	at org.apache.hadoop.fs.ozone.TestRootedOzoneFileSystem.testDeleteCreatesFakeParentDir(TestRootedOzoneFileSystem.java:302)
	at sun.reflect.NativeMethodAccessorImpl.invoke0(Native Method)
	at sun.reflect.NativeMethodAccessorImpl.invoke(NativeMethodAccessorImpl.java:62)
	at sun.reflect.DelegatingMethodAccessorImpl.invoke(DelegatingMethodAccessorImpl.java:43)
	at java.lang.reflect.Method.invoke(Method.java:498)
	at org.junit.runners.model.FrameworkMethod$1.runReflectiveCall(FrameworkMethod.java:59)
	at org.junit.internal.runners.model.ReflectiveCallable.run(ReflectiveCallable.java:12)
	at org.junit.runners.model.FrameworkMethod.invokeExplosively(FrameworkMethod.java:56)
	at org.junit.internal.runners.statements.InvokeMethod.evaluate(InvokeMethod.java:17)
	at org.junit.internal.runners.statements.FailOnTimeout$CallableStatement.call(FailOnTimeout.java:288)
	at org.junit.internal.runners.statements.FailOnTimeout$CallableStatement.call(FailOnTimeout.java:282)
	at java.util.concurrent.FutureTask.run(FutureTask.java:266)
	at java.lang.Thread.run(Thread.java:750)
</skipped>
  </testcase>
  <testcase name="testNonExplicitlyCreatedPathExistsAfterItsLeafsWereRemoved[2]" classname="org.apache.hadoop.fs.ozone.TestRootedOzoneFileSystem" time="0.046"/>
  <testcase name="testFileDelete[2]" classname="org.apache.hadoop.fs.ozone.TestRootedOzoneFileSystem" time="0.156"/>
  <testcase name="testRenameToTrashEnabled[2]" classname="org.apache.hadoop.fs.ozone.TestRootedOzoneFileSystem" time="0.21"/>
  <testcase name="testMkdirOnNonExistentVolumeBucketDir[2]" classname="org.apache.hadoop.fs.ozone.TestRootedOzoneFileSystem" time="0">
    <skipped message="FS Path is enabled. Skipping this test as it is not tuned for FS Path yet" type="org.junit.AssumptionViolatedException">org.junit.AssumptionViolatedException: FS Path is enabled. Skipping this test as it is not tuned for FS Path yet
	at org.junit.Assume.assumeTrue(Assume.java:68)
	at org.apache.hadoop.fs.ozone.TestRootedOzoneFileSystem.testMkdirOnNonExistentVolumeBucketDir(TestRootedOzoneFileSystem.java:405)
	at sun.reflect.NativeMethodAccessorImpl.invoke0(Native Method)
	at sun.reflect.NativeMethodAccessorImpl.invoke(NativeMethodAccessorImpl.java:62)
	at sun.reflect.DelegatingMethodAccessorImpl.invoke(DelegatingMethodAccessorImpl.java:43)
	at java.lang.reflect.Method.invoke(Method.java:498)
	at org.junit.runners.model.FrameworkMethod$1.runReflectiveCall(FrameworkMethod.java:59)
	at org.junit.internal.runners.model.ReflectiveCallable.run(ReflectiveCallable.java:12)
	at org.junit.runners.model.FrameworkMethod.invokeExplosively(FrameworkMethod.java:56)
	at org.junit.internal.runners.statements.InvokeMethod.evaluate(InvokeMethod.java:17)
	at org.junit.internal.runners.statements.FailOnTimeout$CallableStatement.call(FailOnTimeout.java:288)
	at org.junit.internal.runners.statements.FailOnTimeout$CallableStatement.call(FailOnTimeout.java:282)
	at java.util.concurrent.FutureTask.run(FutureTask.java:266)
	at java.lang.Thread.run(Thread.java:750)
</skipped>
  </testcase>
  <testcase name="testListStatusOnLargeDirectory[2]" classname="org.apache.hadoop.fs.ozone.TestRootedOzoneFileSystem" time="9.074"/>
  <testcase name="testRenameToDifferentBucket[2]" classname="org.apache.hadoop.fs.ozone.TestRootedOzoneFileSystem" time="0.049"/>
  <testcase name="testListStatusInBucket[2]" classname="org.apache.hadoop.fs.ozone.TestRootedOzoneFileSystem" time="0.013"/>
  <testcase name="testRenameFileToDir[2]" classname="org.apache.hadoop.fs.ozone.TestRootedOzoneFileSystem" time="0.051"/>
  <testcase name="testNonPrivilegedUserMkdirCreateBucket[3]" classname="org.apache.hadoop.fs.ozone.TestRootedOzoneFileSystem" time="0">
    <skipped message="ACL is not enabled. Skipping this test as it requires ACL to be enabled to be meaningful." type="org.junit.AssumptionViolatedException">org.junit.AssumptionViolatedException: ACL is not enabled. Skipping this test as it requires ACL to be enabled to be meaningful.
	at org.junit.Assume.assumeTrue(Assume.java:68)
	at org.apache.hadoop.fs.ozone.TestRootedOzoneFileSystem.testNonPrivilegedUserMkdirCreateBucket(TestRootedOzoneFileSystem.java:1582)
	at sun.reflect.NativeMethodAccessorImpl.invoke0(Native Method)
	at sun.reflect.NativeMethodAccessorImpl.invoke(NativeMethodAccessorImpl.java:62)
	at sun.reflect.DelegatingMethodAccessorImpl.invoke(DelegatingMethodAccessorImpl.java:43)
	at java.lang.reflect.Method.invoke(Method.java:498)
	at org.junit.runners.model.FrameworkMethod$1.runReflectiveCall(FrameworkMethod.java:59)
	at org.junit.internal.runners.model.ReflectiveCallable.run(ReflectiveCallable.java:12)
	at org.junit.runners.model.FrameworkMethod.invokeExplosively(FrameworkMethod.java:56)
	at org.junit.internal.runners.statements.InvokeMethod.evaluate(InvokeMethod.java:17)
	at org.junit.internal.runners.statements.FailOnTimeout$CallableStatement.call(FailOnTimeout.java:288)
	at org.junit.internal.runners.statements.FailOnTimeout$CallableStatement.call(FailOnTimeout.java:282)
	at java.util.concurrent.FutureTask.run(FutureTask.java:266)
	at java.lang.Thread.run(Thread.java:750)
</skipped>
    <system-out><![CDATA[2022-02-20 11:34:34,846 [Listener at 127.0.0.1/43731] INFO  ozone.MiniOzoneClusterImpl (MiniOzoneClusterImpl.java:shutdown(437)) - Shutting down the Mini Ozone Cluster
2022-02-20 11:34:34,850 [Listener at 127.0.0.1/43731] INFO  ozone.MiniOzoneClusterImpl (MiniOzoneClusterImpl.java:stop(452)) - Stopping the Mini Ozone Cluster
2022-02-20 11:34:34,851 [Listener at 127.0.0.1/43731] INFO  ozone.MiniOzoneClusterImpl (MiniOzoneClusterImpl.java:stopOM(534)) - Stopping the OzoneManager
2022-02-20 11:34:34,851 [Listener at 127.0.0.1/43731] INFO  om.OzoneManager (OzoneManager.java:stop(1893)) - om1[localhost:0]: Stopping Ozone Manager
2022-02-20 11:34:34,851 [Listener at 127.0.0.1/43731] INFO  ipc.Server (Server.java:stop(3414)) - Stopping server on 43731
2022-02-20 11:34:34,860 [Listener at 127.0.0.1/43731] INFO  ratis.OzoneManagerDoubleBuffer (OzoneManagerDoubleBuffer.java:stop(437)) - Stopping OMDoubleBuffer flush thread
2022-02-20 11:34:34,860 [IPC Server listener on 0] INFO  ipc.Server (Server.java:run(1376)) - Stopping IPC Server listener on 0
2022-02-20 11:34:34,862 [IPC Server Responder] INFO  ipc.Server (Server.java:run(1512)) - Stopping IPC Server Responder
2022-02-20 11:34:34,863 [OMDoubleBufferFlushThread] INFO  ratis.OzoneManagerDoubleBuffer (OzoneManagerDoubleBuffer.java:flushTransactions(356)) - OMDoubleBuffer flush thread OMDoubleBufferFlushThread is interrupted and will exit. OMDoubleBufferFlushThread
2022-02-20 11:34:34,863 [Listener at 127.0.0.1/43731] INFO  utils.BackgroundService (BackgroundService.java:shutdown(132)) - Shutting down service KeyDeletingService
2022-02-20 11:34:34,864 [Listener at 127.0.0.1/43731] INFO  utils.BackgroundService (BackgroundService.java:shutdown(132)) - Shutting down service DirectoryDeletingService
2022-02-20 11:34:34,864 [Listener at 127.0.0.1/43731] INFO  handler.ContextHandler (ContextHandler.java:doStop(1153)) - Stopped o.e.j.w.WebAppContext@45456cd1{ozoneManager,/,null,STOPPED}{file:/home/runner/work/ozone/ozone/hadoop-ozone/integration-test/target/test-classes/webapps/ozoneManager}
2022-02-20 11:34:34,870 [Listener at 127.0.0.1/43731] INFO  server.AbstractConnector (AbstractConnector.java:doStop(381)) - Stopped ServerConnector@1e441f46{HTTP/1.1, (http/1.1)}{0.0.0.0:0}
2022-02-20 11:34:34,870 [Listener at 127.0.0.1/43731] INFO  server.session (HouseKeeper.java:stopScavenging(149)) - node0 Stopped scavenging
2022-02-20 11:34:34,870 [Listener at 127.0.0.1/43731] INFO  handler.ContextHandler (ContextHandler.java:doStop(1153)) - Stopped o.e.j.s.ServletContextHandler@51aa6e1{static,/static,file:///home/runner/work/ozone/ozone/hadoop-ozone/integration-test/target/test-classes/webapps/static,STOPPED}
2022-02-20 11:34:34,870 [Listener at 127.0.0.1/43731] INFO  handler.ContextHandler (ContextHandler.java:doStop(1153)) - Stopped o.e.j.s.ServletContextHandler@58d4ee83{logs,/logs,file:///home/runner/work/ozone/ozone/hadoop-ozone/integration-test/target/log,STOPPED}
2022-02-20 11:34:34,875 [Trash Emptier] ERROR util.ExitUtils (ExitUtils.java:terminate(133)) - Terminating with exit status -1: Thread[Trash Emptier,5,main] has thrown an uncaught exception
java.lang.UnsupportedOperationException: fs.getUri() not implemented in TrashOzoneFileSystem
	at org.apache.hadoop.ozone.om.TrashOzoneFileSystem.getUri(TrashOzoneFileSystem.java:124)
	at org.apache.hadoop.fs.FileSystem.close(FileSystem.java:2592)
	at org.apache.hadoop.ozone.om.TrashPolicyOzone$Emptier.run(TrashPolicyOzone.java:243)
	at java.lang.Thread.run(Thread.java:750)
2022-02-20 11:34:34,888 [Listener at 127.0.0.1/43731] INFO  ozone.MiniOzoneClusterImpl (MiniOzoneClusterImpl.java:stopDatanodes(511)) - Stopping the HddsDatanodes
2022-02-20 11:34:37,252 [8f886335-0d74-45a2-bb32-11e9ae69e2a1@group-58ED901E1311-FollowerState] INFO  impl.FollowerState (FollowerState.java:run(134)) - 8f886335-0d74-45a2-bb32-11e9ae69e2a1@group-58ED901E1311-FollowerState: change to CANDIDATE, lastRpcElapsedTime:5171433256ns, electionTimeout:5134ms
2022-02-20 11:34:37,253 [8f886335-0d74-45a2-bb32-11e9ae69e2a1@group-58ED901E1311-FollowerState] INFO  impl.RoleInfo (RoleInfo.java:shutdownFollowerState(108)) - 8f886335-0d74-45a2-bb32-11e9ae69e2a1: shutdown 8f886335-0d74-45a2-bb32-11e9ae69e2a1@group-58ED901E1311-FollowerState
2022-02-20 11:34:37,253 [8f886335-0d74-45a2-bb32-11e9ae69e2a1@group-58ED901E1311-FollowerState] INFO  server.RaftServer$Division (RaftServerImpl.java:setRole(290)) - 8f886335-0d74-45a2-bb32-11e9ae69e2a1@group-58ED901E1311: changes role from  FOLLOWER to CANDIDATE at term 3 for changeToCandidate
2022-02-20 11:34:37,253 [8f886335-0d74-45a2-bb32-11e9ae69e2a1@group-58ED901E1311-FollowerState] INFO  server.RaftServerConfigKeys (ConfUtils.java:logGet(44)) - raft.server.leaderelection.pre-vote = false (custom)
2022-02-20 11:34:37,253 [8f886335-0d74-45a2-bb32-11e9ae69e2a1@group-58ED901E1311-FollowerState] INFO  impl.RoleInfo (RoleInfo.java:updateAndGet(130)) - 8f886335-0d74-45a2-bb32-11e9ae69e2a1: start 8f886335-0d74-45a2-bb32-11e9ae69e2a1@group-58ED901E1311-LeaderElection46
2022-02-20 11:34:37,254 [0f4f0202-97f3-46c0-a5a3-20f1e8134cab@group-58ED901E1311-FollowerState] INFO  impl.FollowerState (FollowerState.java:run(134)) - 0f4f0202-97f3-46c0-a5a3-20f1e8134cab@group-58ED901E1311-FollowerState: change to CANDIDATE, lastRpcElapsedTime:5089956034ns, electionTimeout:5062ms
2022-02-20 11:34:37,254 [0f4f0202-97f3-46c0-a5a3-20f1e8134cab@group-58ED901E1311-FollowerState] INFO  impl.RoleInfo (RoleInfo.java:shutdownFollowerState(108)) - 0f4f0202-97f3-46c0-a5a3-20f1e8134cab: shutdown 0f4f0202-97f3-46c0-a5a3-20f1e8134cab@group-58ED901E1311-FollowerState
2022-02-20 11:34:37,254 [0f4f0202-97f3-46c0-a5a3-20f1e8134cab@group-58ED901E1311-FollowerState] INFO  server.RaftServer$Division (RaftServerImpl.java:setRole(290)) - 0f4f0202-97f3-46c0-a5a3-20f1e8134cab@group-58ED901E1311: changes role from  FOLLOWER to CANDIDATE at term 3 for changeToCandidate
2022-02-20 11:34:37,261 [cd8e4231-c3e1-41c4-9d8d-fd2befed4677@group-58ED901E1311-FollowerState] INFO  impl.FollowerState (FollowerState.java:run(134)) - cd8e4231-c3e1-41c4-9d8d-fd2befed4677@group-58ED901E1311-FollowerState: change to CANDIDATE, lastRpcElapsedTime:5131501404ns, electionTimeout:5096ms
2022-02-20 11:34:37,261 [cd8e4231-c3e1-41c4-9d8d-fd2befed4677@group-58ED901E1311-FollowerState] INFO  impl.RoleInfo (RoleInfo.java:shutdownFollowerState(108)) - cd8e4231-c3e1-41c4-9d8d-fd2befed4677: shutdown cd8e4231-c3e1-41c4-9d8d-fd2befed4677@group-58ED901E1311-FollowerState
2022-02-20 11:34:37,261 [cd8e4231-c3e1-41c4-9d8d-fd2befed4677@group-58ED901E1311-FollowerState] INFO  server.RaftServer$Division (RaftServerImpl.java:setRole(290)) - cd8e4231-c3e1-41c4-9d8d-fd2befed4677@group-58ED901E1311: changes role from  FOLLOWER to CANDIDATE at term 3 for changeToCandidate
2022-02-20 11:34:37,261 [cd8e4231-c3e1-41c4-9d8d-fd2befed4677@group-58ED901E1311-FollowerState] INFO  server.RaftServerConfigKeys (ConfUtils.java:logGet(44)) - raft.server.leaderelection.pre-vote = false (custom)
2022-02-20 11:34:37,261 [cd8e4231-c3e1-41c4-9d8d-fd2befed4677@group-58ED901E1311-FollowerState] INFO  impl.RoleInfo (RoleInfo.java:updateAndGet(130)) - cd8e4231-c3e1-41c4-9d8d-fd2befed4677: start cd8e4231-c3e1-41c4-9d8d-fd2befed4677@group-58ED901E1311-LeaderElection48
2022-02-20 11:34:37,272 [0f4f0202-97f3-46c0-a5a3-20f1e8134cab@group-58ED901E1311-FollowerState] INFO  server.RaftServerConfigKeys (ConfUtils.java:logGet(44)) - raft.server.leaderelection.pre-vote = false (custom)
2022-02-20 11:34:37,272 [0f4f0202-97f3-46c0-a5a3-20f1e8134cab@group-58ED901E1311-FollowerState] INFO  impl.RoleInfo (RoleInfo.java:updateAndGet(130)) - 0f4f0202-97f3-46c0-a5a3-20f1e8134cab: start 0f4f0202-97f3-46c0-a5a3-20f1e8134cab@group-58ED901E1311-LeaderElection47
2022-02-20 11:34:37,273 [8f886335-0d74-45a2-bb32-11e9ae69e2a1@group-58ED901E1311-LeaderElection46] INFO  impl.LeaderElection (LeaderElection.java:askForVotes(306)) - 8f886335-0d74-45a2-bb32-11e9ae69e2a1@group-58ED901E1311-LeaderElection46 ELECTION round 0: submit vote requests at term 4 for -1: [cd8e4231-c3e1-41c4-9d8d-fd2befed4677|rpc:10.1.0.4:36213|dataStream:|priority:1, 0f4f0202-97f3-46c0-a5a3-20f1e8134cab|rpc:10.1.0.4:36831|dataStream:|priority:0, 8f886335-0d74-45a2-bb32-11e9ae69e2a1|rpc:10.1.0.4:40283|dataStream:|priority:0], old=null
2022-02-20 11:34:37,294 [0f4f0202-97f3-46c0-a5a3-20f1e8134cab@group-58ED901E1311-LeaderElection47] INFO  impl.LeaderElection (LeaderElection.java:askForVotes(306)) - 0f4f0202-97f3-46c0-a5a3-20f1e8134cab@group-58ED901E1311-LeaderElection47 ELECTION round 0: submit vote requests at term 4 for -1: [cd8e4231-c3e1-41c4-9d8d-fd2befed4677|rpc:10.1.0.4:36213|priority:1, 0f4f0202-97f3-46c0-a5a3-20f1e8134cab|rpc:10.1.0.4:36831|priority:0, 8f886335-0d74-45a2-bb32-11e9ae69e2a1|rpc:10.1.0.4:40283|priority:0], old=null
2022-02-20 11:34:37,296 [cd8e4231-c3e1-41c4-9d8d-fd2befed4677@group-58ED901E1311-LeaderElection48] INFO  impl.LeaderElection (LeaderElection.java:askForVotes(306)) - cd8e4231-c3e1-41c4-9d8d-fd2befed4677@group-58ED901E1311-LeaderElection48 ELECTION round 0: submit vote requests at term 4 for -1: [cd8e4231-c3e1-41c4-9d8d-fd2befed4677|rpc:10.1.0.4:36213|dataStream:|priority:1, 0f4f0202-97f3-46c0-a5a3-20f1e8134cab|rpc:10.1.0.4:36831|dataStream:|priority:0, 8f886335-0d74-45a2-bb32-11e9ae69e2a1|rpc:10.1.0.4:40283|dataStream:|priority:0], old=null
2022-02-20 11:34:37,309 [grpc-default-executor-4] INFO  server.RaftServer$Division (RaftServerImpl.java:requestVote(1046)) - cd8e4231-c3e1-41c4-9d8d-fd2befed4677@group-58ED901E1311: receive requestVote(ELECTION, 8f886335-0d74-45a2-bb32-11e9ae69e2a1, group-58ED901E1311, 4, (t:0, i:0))
2022-02-20 11:34:37,309 [grpc-default-executor-4] INFO  impl.VoteContext (VoteContext.java:log(48)) - cd8e4231-c3e1-41c4-9d8d-fd2befed4677@group-58ED901E1311-CANDIDATE: reject ELECTION from 8f886335-0d74-45a2-bb32-11e9ae69e2a1: already has voted for cd8e4231-c3e1-41c4-9d8d-fd2befed4677 at current term 4
2022-02-20 11:34:37,309 [grpc-default-executor-4] INFO  server.RaftServer$Division (RaftServerImpl.java:requestVote(1078)) - cd8e4231-c3e1-41c4-9d8d-fd2befed4677@group-58ED901E1311 replies to ELECTION vote request: 8f886335-0d74-45a2-bb32-11e9ae69e2a1<-cd8e4231-c3e1-41c4-9d8d-fd2befed4677#0:FAIL-t4. Peer's state: cd8e4231-c3e1-41c4-9d8d-fd2befed4677@group-58ED901E1311:t4, leader=null, voted=cd8e4231-c3e1-41c4-9d8d-fd2befed4677, raftlog=cd8e4231-c3e1-41c4-9d8d-fd2befed4677@group-58ED901E1311-SegmentedRaftLog:OPENED:c-1, conf=-1: [cd8e4231-c3e1-41c4-9d8d-fd2befed4677|rpc:10.1.0.4:36213|dataStream:|priority:1, 0f4f0202-97f3-46c0-a5a3-20f1e8134cab|rpc:10.1.0.4:36831|dataStream:|priority:0, 8f886335-0d74-45a2-bb32-11e9ae69e2a1|rpc:10.1.0.4:40283|dataStream:|priority:0], old=null
2022-02-20 11:34:37,351 [8f886335-0d74-45a2-bb32-11e9ae69e2a1@group-58ED901E1311-LeaderElection46] INFO  impl.LeaderElection (LeaderElection.java:logAndReturn(89)) - 8f886335-0d74-45a2-bb32-11e9ae69e2a1@group-58ED901E1311-LeaderElection46: ELECTION REJECTED received 1 response(s) and 0 exception(s):
2022-02-20 11:34:37,399 [8f886335-0d74-45a2-bb32-11e9ae69e2a1@group-58ED901E1311-LeaderElection46] INFO  impl.LeaderElection (LeaderElection.java:logAndReturn(93)) -   Response 0: 8f886335-0d74-45a2-bb32-11e9ae69e2a1<-cd8e4231-c3e1-41c4-9d8d-fd2befed4677#0:FAIL-t4
2022-02-20 11:34:37,399 [8f886335-0d74-45a2-bb32-11e9ae69e2a1@group-58ED901E1311-LeaderElection46] INFO  impl.LeaderElection (LeaderElection.java:askForVotes(308)) - 8f886335-0d74-45a2-bb32-11e9ae69e2a1@group-58ED901E1311-LeaderElection46 ELECTION round 0: result REJECTED
2022-02-20 11:34:37,399 [8f886335-0d74-45a2-bb32-11e9ae69e2a1@group-58ED901E1311-LeaderElection46] INFO  server.RaftServer$Division (RaftServerImpl.java:setRole(290)) - 8f886335-0d74-45a2-bb32-11e9ae69e2a1@group-58ED901E1311: changes role from CANDIDATE to FOLLOWER at term 4 for REJECTED
2022-02-20 11:34:37,399 [8f886335-0d74-45a2-bb32-11e9ae69e2a1@group-58ED901E1311-LeaderElection46] INFO  impl.RoleInfo (RoleInfo.java:shutdownLeaderElection(121)) - 8f886335-0d74-45a2-bb32-11e9ae69e2a1: shutdown 8f886335-0d74-45a2-bb32-11e9ae69e2a1@group-58ED901E1311-LeaderElection46
2022-02-20 11:34:37,399 [8f886335-0d74-45a2-bb32-11e9ae69e2a1@group-58ED901E1311-LeaderElection46] INFO  impl.RoleInfo (RoleInfo.java:updateAndGet(130)) - 8f886335-0d74-45a2-bb32-11e9ae69e2a1: start 8f886335-0d74-45a2-bb32-11e9ae69e2a1@group-58ED901E1311-FollowerState
2022-02-20 11:34:37,398 [grpc-default-executor-0] INFO  server.RaftServer$Division (RaftServerImpl.java:requestVote(1046)) - 8f886335-0d74-45a2-bb32-11e9ae69e2a1@group-58ED901E1311: receive requestVote(ELECTION, 0f4f0202-97f3-46c0-a5a3-20f1e8134cab, group-58ED901E1311, 4, (t:0, i:0))
2022-02-20 11:34:37,398 [grpc-default-executor-2] INFO  server.RaftServer$Division (RaftServerImpl.java:requestVote(1046)) - 0f4f0202-97f3-46c0-a5a3-20f1e8134cab@group-58ED901E1311: receive requestVote(ELECTION, 8f886335-0d74-45a2-bb32-11e9ae69e2a1, group-58ED901E1311, 4, (t:0, i:0))
2022-02-20 11:34:37,426 [grpc-default-executor-2] INFO  impl.VoteContext (VoteContext.java:log(48)) - 0f4f0202-97f3-46c0-a5a3-20f1e8134cab@group-58ED901E1311-CANDIDATE: reject ELECTION from 8f886335-0d74-45a2-bb32-11e9ae69e2a1: already has voted for 0f4f0202-97f3-46c0-a5a3-20f1e8134cab at current term 4
2022-02-20 11:34:37,426 [grpc-default-executor-2] INFO  server.RaftServer$Division (RaftServerImpl.java:requestVote(1078)) - 0f4f0202-97f3-46c0-a5a3-20f1e8134cab@group-58ED901E1311 replies to ELECTION vote request: 8f886335-0d74-45a2-bb32-11e9ae69e2a1<-0f4f0202-97f3-46c0-a5a3-20f1e8134cab#0:FAIL-t4. Peer's state: 0f4f0202-97f3-46c0-a5a3-20f1e8134cab@group-58ED901E1311:t4, leader=null, voted=0f4f0202-97f3-46c0-a5a3-20f1e8134cab, raftlog=0f4f0202-97f3-46c0-a5a3-20f1e8134cab@group-58ED901E1311-SegmentedRaftLog:OPENED:c-1, conf=-1: [cd8e4231-c3e1-41c4-9d8d-fd2befed4677|rpc:10.1.0.4:36213|priority:1, 0f4f0202-97f3-46c0-a5a3-20f1e8134cab|rpc:10.1.0.4:36831|priority:0, 8f886335-0d74-45a2-bb32-11e9ae69e2a1|rpc:10.1.0.4:40283|priority:0], old=null
2022-02-20 11:34:37,398 [grpc-default-executor-4] INFO  server.RaftServer$Division (RaftServerImpl.java:requestVote(1046)) - cd8e4231-c3e1-41c4-9d8d-fd2befed4677@group-58ED901E1311: receive requestVote(ELECTION, 0f4f0202-97f3-46c0-a5a3-20f1e8134cab, group-58ED901E1311, 4, (t:0, i:0))
2022-02-20 11:34:37,427 [grpc-default-executor-4] INFO  impl.VoteContext (VoteContext.java:log(48)) - cd8e4231-c3e1-41c4-9d8d-fd2befed4677@group-58ED901E1311-CANDIDATE: reject ELECTION from 0f4f0202-97f3-46c0-a5a3-20f1e8134cab: already has voted for cd8e4231-c3e1-41c4-9d8d-fd2befed4677 at current term 4
2022-02-20 11:34:37,427 [grpc-default-executor-4] INFO  server.RaftServer$Division (RaftServerImpl.java:requestVote(1078)) - cd8e4231-c3e1-41c4-9d8d-fd2befed4677@group-58ED901E1311 replies to ELECTION vote request: 0f4f0202-97f3-46c0-a5a3-20f1e8134cab<-cd8e4231-c3e1-41c4-9d8d-fd2befed4677#0:FAIL-t4. Peer's state: cd8e4231-c3e1-41c4-9d8d-fd2befed4677@group-58ED901E1311:t4, leader=null, voted=cd8e4231-c3e1-41c4-9d8d-fd2befed4677, raftlog=cd8e4231-c3e1-41c4-9d8d-fd2befed4677@group-58ED901E1311-SegmentedRaftLog:OPENED:c-1, conf=-1: [cd8e4231-c3e1-41c4-9d8d-fd2befed4677|rpc:10.1.0.4:36213|dataStream:|priority:1, 0f4f0202-97f3-46c0-a5a3-20f1e8134cab|rpc:10.1.0.4:36831|dataStream:|priority:0, 8f886335-0d74-45a2-bb32-11e9ae69e2a1|rpc:10.1.0.4:40283|dataStream:|priority:0], old=null
2022-02-20 11:34:37,427 [grpc-default-executor-0] INFO  impl.VoteContext (VoteContext.java:log(48)) - 8f886335-0d74-45a2-bb32-11e9ae69e2a1@group-58ED901E1311-FOLLOWER: reject ELECTION from 0f4f0202-97f3-46c0-a5a3-20f1e8134cab: already has voted for 8f886335-0d74-45a2-bb32-11e9ae69e2a1 at current term 4
2022-02-20 11:34:37,443 [grpc-default-executor-0] INFO  server.RaftServer$Division (RaftServerImpl.java:requestVote(1078)) - 8f886335-0d74-45a2-bb32-11e9ae69e2a1@group-58ED901E1311 replies to ELECTION vote request: 0f4f0202-97f3-46c0-a5a3-20f1e8134cab<-8f886335-0d74-45a2-bb32-11e9ae69e2a1#0:FAIL-t4. Peer's state: 8f886335-0d74-45a2-bb32-11e9ae69e2a1@group-58ED901E1311:t4, leader=null, voted=8f886335-0d74-45a2-bb32-11e9ae69e2a1, raftlog=8f886335-0d74-45a2-bb32-11e9ae69e2a1@group-58ED901E1311-SegmentedRaftLog:OPENED:c-1, conf=-1: [cd8e4231-c3e1-41c4-9d8d-fd2befed4677|rpc:10.1.0.4:36213|dataStream:|priority:1, 0f4f0202-97f3-46c0-a5a3-20f1e8134cab|rpc:10.1.0.4:36831|dataStream:|priority:0, 8f886335-0d74-45a2-bb32-11e9ae69e2a1|rpc:10.1.0.4:40283|dataStream:|priority:0], old=null
2022-02-20 11:34:37,443 [grpc-default-executor-4] INFO  server.RaftServer$Division (RaftServerImpl.java:requestVote(1046)) - 8f886335-0d74-45a2-bb32-11e9ae69e2a1@group-58ED901E1311: receive requestVote(ELECTION, cd8e4231-c3e1-41c4-9d8d-fd2befed4677, group-58ED901E1311, 4, (t:0, i:0))
2022-02-20 11:34:37,445 [grpc-default-executor-4] INFO  impl.VoteContext (VoteContext.java:log(48)) - 8f886335-0d74-45a2-bb32-11e9ae69e2a1@group-58ED901E1311-FOLLOWER: reject ELECTION from cd8e4231-c3e1-41c4-9d8d-fd2befed4677: already has voted for 8f886335-0d74-45a2-bb32-11e9ae69e2a1 at current term 4
2022-02-20 11:34:37,445 [grpc-default-executor-4] INFO  server.RaftServer$Division (RaftServerImpl.java:requestVote(1078)) - 8f886335-0d74-45a2-bb32-11e9ae69e2a1@group-58ED901E1311 replies to ELECTION vote request: cd8e4231-c3e1-41c4-9d8d-fd2befed4677<-8f886335-0d74-45a2-bb32-11e9ae69e2a1#0:FAIL-t4. Peer's state: 8f886335-0d74-45a2-bb32-11e9ae69e2a1@group-58ED901E1311:t4, leader=null, voted=8f886335-0d74-45a2-bb32-11e9ae69e2a1, raftlog=8f886335-0d74-45a2-bb32-11e9ae69e2a1@group-58ED901E1311-SegmentedRaftLog:OPENED:c-1, conf=-1: [cd8e4231-c3e1-41c4-9d8d-fd2befed4677|rpc:10.1.0.4:36213|dataStream:|priority:1, 0f4f0202-97f3-46c0-a5a3-20f1e8134cab|rpc:10.1.0.4:36831|dataStream:|priority:0, 8f886335-0d74-45a2-bb32-11e9ae69e2a1|rpc:10.1.0.4:40283|dataStream:|priority:0], old=null
2022-02-20 11:34:37,428 [0f4f0202-97f3-46c0-a5a3-20f1e8134cab@group-58ED901E1311-LeaderElection47] INFO  impl.LeaderElection (LeaderElection.java:logAndReturn(89)) - 0f4f0202-97f3-46c0-a5a3-20f1e8134cab@group-58ED901E1311-LeaderElection47: ELECTION REJECTED received 1 response(s) and 0 exception(s):
2022-02-20 11:34:37,446 [0f4f0202-97f3-46c0-a5a3-20f1e8134cab@group-58ED901E1311-LeaderElection47] INFO  impl.LeaderElection (LeaderElection.java:logAndReturn(93)) -   Response 0: 0f4f0202-97f3-46c0-a5a3-20f1e8134cab<-cd8e4231-c3e1-41c4-9d8d-fd2befed4677#0:FAIL-t4
2022-02-20 11:34:37,446 [0f4f0202-97f3-46c0-a5a3-20f1e8134cab@group-58ED901E1311-LeaderElection47] INFO  impl.LeaderElection (LeaderElection.java:askForVotes(308)) - 0f4f0202-97f3-46c0-a5a3-20f1e8134cab@group-58ED901E1311-LeaderElection47 ELECTION round 0: result REJECTED
2022-02-20 11:34:37,446 [0f4f0202-97f3-46c0-a5a3-20f1e8134cab@group-58ED901E1311-LeaderElection47] INFO  server.RaftServer$Division (RaftServerImpl.java:setRole(290)) - 0f4f0202-97f3-46c0-a5a3-20f1e8134cab@group-58ED901E1311: changes role from CANDIDATE to FOLLOWER at term 4 for REJECTED
2022-02-20 11:34:37,446 [0f4f0202-97f3-46c0-a5a3-20f1e8134cab@group-58ED901E1311-LeaderElection47] INFO  impl.RoleInfo (RoleInfo.java:shutdownLeaderElection(121)) - 0f4f0202-97f3-46c0-a5a3-20f1e8134cab: shutdown 0f4f0202-97f3-46c0-a5a3-20f1e8134cab@group-58ED901E1311-LeaderElection47
2022-02-20 11:34:37,446 [0f4f0202-97f3-46c0-a5a3-20f1e8134cab@group-58ED901E1311-LeaderElection47] INFO  impl.RoleInfo (RoleInfo.java:updateAndGet(130)) - 0f4f0202-97f3-46c0-a5a3-20f1e8134cab: start 0f4f0202-97f3-46c0-a5a3-20f1e8134cab@group-58ED901E1311-FollowerState
2022-02-20 11:34:37,458 [grpc-default-executor-6] INFO  server.RaftServer$Division (RaftServerImpl.java:requestVote(1046)) - 0f4f0202-97f3-46c0-a5a3-20f1e8134cab@group-58ED901E1311: receive requestVote(ELECTION, cd8e4231-c3e1-41c4-9d8d-fd2befed4677, group-58ED901E1311, 4, (t:0, i:0))
2022-02-20 11:34:37,460 [grpc-default-executor-6] INFO  impl.VoteContext (VoteContext.java:log(48)) - 0f4f0202-97f3-46c0-a5a3-20f1e8134cab@group-58ED901E1311-FOLLOWER: reject ELECTION from cd8e4231-c3e1-41c4-9d8d-fd2befed4677: already has voted for 0f4f0202-97f3-46c0-a5a3-20f1e8134cab at current term 4
2022-02-20 11:34:37,460 [grpc-default-executor-6] INFO  server.RaftServer$Division (RaftServerImpl.java:requestVote(1078)) - 0f4f0202-97f3-46c0-a5a3-20f1e8134cab@group-58ED901E1311 replies to ELECTION vote request: cd8e4231-c3e1-41c4-9d8d-fd2befed4677<-0f4f0202-97f3-46c0-a5a3-20f1e8134cab#0:FAIL-t4. Peer's state: 0f4f0202-97f3-46c0-a5a3-20f1e8134cab@group-58ED901E1311:t4, leader=null, voted=0f4f0202-97f3-46c0-a5a3-20f1e8134cab, raftlog=0f4f0202-97f3-46c0-a5a3-20f1e8134cab@group-58ED901E1311-SegmentedRaftLog:OPENED:c-1, conf=-1: [cd8e4231-c3e1-41c4-9d8d-fd2befed4677|rpc:10.1.0.4:36213|priority:1, 0f4f0202-97f3-46c0-a5a3-20f1e8134cab|rpc:10.1.0.4:36831|priority:0, 8f886335-0d74-45a2-bb32-11e9ae69e2a1|rpc:10.1.0.4:40283|priority:0], old=null
2022-02-20 11:34:37,471 [cd8e4231-c3e1-41c4-9d8d-fd2befed4677@group-58ED901E1311-LeaderElection48] INFO  impl.LeaderElection (LeaderElection.java:logAndReturn(89)) - cd8e4231-c3e1-41c4-9d8d-fd2befed4677@group-58ED901E1311-LeaderElection48: ELECTION REJECTED received 2 response(s) and 0 exception(s):
2022-02-20 11:34:37,471 [cd8e4231-c3e1-41c4-9d8d-fd2befed4677@group-58ED901E1311-LeaderElection48] INFO  impl.LeaderElection (LeaderElection.java:logAndReturn(93)) -   Response 0: cd8e4231-c3e1-41c4-9d8d-fd2befed4677<-0f4f0202-97f3-46c0-a5a3-20f1e8134cab#0:FAIL-t4
2022-02-20 11:34:37,471 [cd8e4231-c3e1-41c4-9d8d-fd2befed4677@group-58ED901E1311-LeaderElection48] INFO  impl.LeaderElection (LeaderElection.java:logAndReturn(93)) -   Response 1: cd8e4231-c3e1-41c4-9d8d-fd2befed4677<-8f886335-0d74-45a2-bb32-11e9ae69e2a1#0:FAIL-t4
2022-02-20 11:34:37,471 [cd8e4231-c3e1-41c4-9d8d-fd2befed4677@group-58ED901E1311-LeaderElection48] INFO  impl.LeaderElection (LeaderElection.java:askForVotes(308)) - cd8e4231-c3e1-41c4-9d8d-fd2befed4677@group-58ED901E1311-LeaderElection48 ELECTION round 0: result REJECTED
2022-02-20 11:34:37,471 [cd8e4231-c3e1-41c4-9d8d-fd2befed4677@group-58ED901E1311-LeaderElection48] INFO  server.RaftServer$Division (RaftServerImpl.java:setRole(290)) - cd8e4231-c3e1-41c4-9d8d-fd2befed4677@group-58ED901E1311: changes role from CANDIDATE to FOLLOWER at term 4 for REJECTED
2022-02-20 11:34:37,471 [cd8e4231-c3e1-41c4-9d8d-fd2befed4677@group-58ED901E1311-LeaderElection48] INFO  impl.RoleInfo (RoleInfo.java:shutdownLeaderElection(121)) - cd8e4231-c3e1-41c4-9d8d-fd2befed4677: shutdown cd8e4231-c3e1-41c4-9d8d-fd2befed4677@group-58ED901E1311-LeaderElection48
2022-02-20 11:34:37,471 [cd8e4231-c3e1-41c4-9d8d-fd2befed4677@group-58ED901E1311-LeaderElection48] INFO  impl.RoleInfo (RoleInfo.java:updateAndGet(130)) - cd8e4231-c3e1-41c4-9d8d-fd2befed4677: start cd8e4231-c3e1-41c4-9d8d-fd2befed4677@group-58ED901E1311-FollowerState
2022-02-20 11:34:39,913 [ForkJoinPool.commonPool-worker-1] INFO  ozoneimpl.OzoneContainer (OzoneContainer.java:stop(351)) - Attempting to stop container services.
2022-02-20 11:34:39,913 [Listener at 127.0.0.1/43731] INFO  ozoneimpl.OzoneContainer (OzoneContainer.java:stop(351)) - Attempting to stop container services.
2022-02-20 11:34:39,922 [Listener at 127.0.0.1/43731] INFO  server.RaftServer (RaftServerProxy.java:lambda$close$6(391)) - 8f886335-0d74-45a2-bb32-11e9ae69e2a1: close
2022-02-20 11:34:39,923 [Listener at 127.0.0.1/43731] INFO  server.RaftServer$Division (RaftServerImpl.java:lambda$close$4(412)) - 8f886335-0d74-45a2-bb32-11e9ae69e2a1@group-DC9BA1D6BB8C: shutdown
2022-02-20 11:34:39,923 [Listener at 127.0.0.1/43731] INFO  util.JmxRegister (JmxRegister.java:unregister(73)) - Successfully un-registered JMX Bean with object name Ratis:service=RaftServer,group=group-DC9BA1D6BB8C,id=8f886335-0d74-45a2-bb32-11e9ae69e2a1
2022-02-20 11:34:39,923 [Listener at 127.0.0.1/43731] INFO  impl.RoleInfo (RoleInfo.java:shutdownLeaderState(91)) - 8f886335-0d74-45a2-bb32-11e9ae69e2a1: shutdown 8f886335-0d74-45a2-bb32-11e9ae69e2a1@group-DC9BA1D6BB8C-LeaderStateImpl
2022-02-20 11:34:39,923 [Listener at 127.0.0.1/43731] INFO  impl.PendingRequests (PendingRequests.java:sendNotLeaderResponses(282)) - 8f886335-0d74-45a2-bb32-11e9ae69e2a1@group-DC9BA1D6BB8C-PendingRequests: sendNotLeaderResponses
2022-02-20 11:34:39,924 [Listener at 127.0.0.1/43731] INFO  impl.StateMachineUpdater (StateMachineUpdater.java:stopAndJoin(149)) - 8f886335-0d74-45a2-bb32-11e9ae69e2a1@group-DC9BA1D6BB8C-StateMachineUpdater: set stopIndex = 0
2022-02-20 11:34:39,924 [8f886335-0d74-45a2-bb32-11e9ae69e2a1@group-DC9BA1D6BB8C-StateMachineUpdater] INFO  ratis.ContainerStateMachine (ContainerStateMachine.java:takeSnapshot(304)) - group-DC9BA1D6BB8C: Taking a snapshot at:(t:1, i:0) file /home/runner/work/ozone/ozone/hadoop-ozone/integration-test/target/test-dir/MiniOzoneClusterImpl-1758c66c-c060-455a-9a5e-da5efc64e117/datanode-1/data/ratis/278130bd-a2c5-4823-907d-dc9ba1d6bb8c/sm/snapshot.1_0
2022-02-20 11:34:39,924 [ForkJoinPool.commonPool-worker-1] INFO  server.RaftServer (RaftServerProxy.java:lambda$close$6(391)) - 0f4f0202-97f3-46c0-a5a3-20f1e8134cab: close
2022-02-20 11:34:39,925 [ForkJoinPool.commonPool-worker-1] INFO  server.RaftServer$Division (RaftServerImpl.java:lambda$close$4(412)) - 0f4f0202-97f3-46c0-a5a3-20f1e8134cab@group-2163299401A3: shutdown
2022-02-20 11:34:39,925 [ForkJoinPool.commonPool-worker-1] INFO  util.JmxRegister (JmxRegister.java:unregister(73)) - Successfully un-registered JMX Bean with object name Ratis:service=RaftServer,group=group-2163299401A3,id=0f4f0202-97f3-46c0-a5a3-20f1e8134cab
2022-02-20 11:34:39,925 [ForkJoinPool.commonPool-worker-1] INFO  impl.RoleInfo (RoleInfo.java:shutdownLeaderState(91)) - 0f4f0202-97f3-46c0-a5a3-20f1e8134cab: shutdown 0f4f0202-97f3-46c0-a5a3-20f1e8134cab@group-2163299401A3-LeaderStateImpl
2022-02-20 11:34:39,925 [8f886335-0d74-45a2-bb32-11e9ae69e2a1@group-DC9BA1D6BB8C-StateMachineUpdater] INFO  ratis.ContainerStateMachine (ContainerStateMachine.java:takeSnapshot(315)) - group-DC9BA1D6BB8C: Finished taking a snapshot at:(t:1, i:0) file:/home/runner/work/ozone/ozone/hadoop-ozone/integration-test/target/test-dir/MiniOzoneClusterImpl-1758c66c-c060-455a-9a5e-da5efc64e117/datanode-1/data/ratis/278130bd-a2c5-4823-907d-dc9ba1d6bb8c/sm/snapshot.1_0 took: 1 ms
2022-02-20 11:34:39,925 [8f886335-0d74-45a2-bb32-11e9ae69e2a1@group-DC9BA1D6BB8C-StateMachineUpdater] INFO  impl.StateMachineUpdater (StateMachineUpdater.java:takeSnapshot(281)) - 8f886335-0d74-45a2-bb32-11e9ae69e2a1@group-DC9BA1D6BB8C-StateMachineUpdater: Took a snapshot at index 0
2022-02-20 11:34:39,925 [8f886335-0d74-45a2-bb32-11e9ae69e2a1@group-DC9BA1D6BB8C-StateMachineUpdater] INFO  impl.StateMachineUpdater (StateMachineUpdater.java:lambda$new$0(89)) - 8f886335-0d74-45a2-bb32-11e9ae69e2a1@group-DC9BA1D6BB8C-StateMachineUpdater: snapshotIndex: updateIncreasingly -1 -> 0
2022-02-20 11:34:39,926 [ForkJoinPool.commonPool-worker-1] INFO  impl.PendingRequests (PendingRequests.java:sendNotLeaderResponses(282)) - 0f4f0202-97f3-46c0-a5a3-20f1e8134cab@group-2163299401A3-PendingRequests: sendNotLeaderResponses
2022-02-20 11:34:39,926 [0f4f0202-97f3-46c0-a5a3-20f1e8134cab@group-2163299401A3->cd8e4231-c3e1-41c4-9d8d-fd2befed4677-GrpcLogAppender-LogAppenderDaemon] WARN  server.GrpcLogAppender (GrpcLogAppender.java:mayWait(177)) - 0f4f0202-97f3-46c0-a5a3-20f1e8134cab@group-2163299401A3->cd8e4231-c3e1-41c4-9d8d-fd2befed4677-GrpcLogAppender: Wait interrupted by java.lang.InterruptedException
2022-02-20 11:34:39,938 [Listener at 127.0.0.1/43731] INFO  server.RaftServer$Division (ServerState.java:close(419)) - 8f886335-0d74-45a2-bb32-11e9ae69e2a1@group-DC9BA1D6BB8C: closes. applyIndex: 0
2022-02-20 11:34:39,938 [8f886335-0d74-45a2-bb32-11e9ae69e2a1@group-DC9BA1D6BB8C-SegmentedRaftLogWorker] INFO  segmented.SegmentedRaftLogWorker (SegmentedRaftLogWorker.java:run(327)) - 8f886335-0d74-45a2-bb32-11e9ae69e2a1@group-DC9BA1D6BB8C-SegmentedRaftLogWorker was interrupted, exiting. There are 0 tasks remaining in the queue.
2022-02-20 11:34:39,939 [ForkJoinPool.commonPool-worker-1] INFO  impl.StateMachineUpdater (StateMachineUpdater.java:stopAndJoin(149)) - 0f4f0202-97f3-46c0-a5a3-20f1e8134cab@group-2163299401A3-StateMachineUpdater: set stopIndex = 28
2022-02-20 11:34:39,939 [0f4f0202-97f3-46c0-a5a3-20f1e8134cab@group-2163299401A3-StateMachineUpdater] INFO  ratis.ContainerStateMachine (ContainerStateMachine.java:takeSnapshot(304)) - group-2163299401A3: Taking a snapshot at:(t:1, i:28) file /home/runner/work/ozone/ozone/hadoop-ozone/integration-test/target/test-dir/MiniOzoneClusterImpl-1758c66c-c060-455a-9a5e-da5efc64e117/datanode-0/data/ratis/2ecf511a-45da-4206-b697-2163299401a3/sm/snapshot.1_28
2022-02-20 11:34:39,938 [0f4f0202-97f3-46c0-a5a3-20f1e8134cab@group-2163299401A3->8f886335-0d74-45a2-bb32-11e9ae69e2a1-GrpcLogAppender-LogAppenderDaemon] WARN  server.GrpcLogAppender (GrpcLogAppender.java:mayWait(177)) - 0f4f0202-97f3-46c0-a5a3-20f1e8134cab@group-2163299401A3->8f886335-0d74-45a2-bb32-11e9ae69e2a1-GrpcLogAppender: Wait interrupted by java.lang.InterruptedException
2022-02-20 11:34:39,939 [Listener at 127.0.0.1/43731] INFO  segmented.SegmentedRaftLogWorker (SegmentedRaftLogWorker.java:close(237)) - 8f886335-0d74-45a2-bb32-11e9ae69e2a1@group-DC9BA1D6BB8C-SegmentedRaftLogWorker close()
2022-02-20 11:34:39,942 [0f4f0202-97f3-46c0-a5a3-20f1e8134cab@group-2163299401A3-StateMachineUpdater] INFO  ratis.ContainerStateMachine (ContainerStateMachine.java:takeSnapshot(315)) - group-2163299401A3: Finished taking a snapshot at:(t:1, i:28) file:/home/runner/work/ozone/ozone/hadoop-ozone/integration-test/target/test-dir/MiniOzoneClusterImpl-1758c66c-c060-455a-9a5e-da5efc64e117/datanode-0/data/ratis/2ecf511a-45da-4206-b697-2163299401a3/sm/snapshot.1_28 took: 3 ms
2022-02-20 11:34:39,942 [0f4f0202-97f3-46c0-a5a3-20f1e8134cab@group-2163299401A3-StateMachineUpdater] INFO  impl.StateMachineUpdater (StateMachineUpdater.java:takeSnapshot(281)) - 0f4f0202-97f3-46c0-a5a3-20f1e8134cab@group-2163299401A3-StateMachineUpdater: Took a snapshot at index 28
2022-02-20 11:34:39,942 [0f4f0202-97f3-46c0-a5a3-20f1e8134cab@group-2163299401A3-StateMachineUpdater] INFO  impl.StateMachineUpdater (StateMachineUpdater.java:lambda$new$0(89)) - 0f4f0202-97f3-46c0-a5a3-20f1e8134cab@group-2163299401A3-StateMachineUpdater: snapshotIndex: updateIncreasingly -1 -> 28
2022-02-20 11:34:39,942 [Listener at 127.0.0.1/43731] INFO  server.RaftServer$Division (RaftServerImpl.java:lambda$close$4(412)) - 8f886335-0d74-45a2-bb32-11e9ae69e2a1@group-2163299401A3: shutdown
2022-02-20 11:34:39,943 [Listener at 127.0.0.1/43731] INFO  util.JmxRegister (JmxRegister.java:unregister(73)) - Successfully un-registered JMX Bean with object name Ratis:service=RaftServer,group=group-2163299401A3,id=8f886335-0d74-45a2-bb32-11e9ae69e2a1
2022-02-20 11:34:39,943 [Listener at 127.0.0.1/43731] INFO  impl.RoleInfo (RoleInfo.java:shutdownFollowerState(108)) - 8f886335-0d74-45a2-bb32-11e9ae69e2a1: shutdown 8f886335-0d74-45a2-bb32-11e9ae69e2a1@group-2163299401A3-FollowerState
2022-02-20 11:34:39,943 [Listener at 127.0.0.1/43731] INFO  impl.StateMachineUpdater (StateMachineUpdater.java:stopAndJoin(149)) - 8f886335-0d74-45a2-bb32-11e9ae69e2a1@group-2163299401A3-StateMachineUpdater: set stopIndex = 28
2022-02-20 11:34:39,943 [8f886335-0d74-45a2-bb32-11e9ae69e2a1@group-2163299401A3-FollowerState] INFO  impl.FollowerState (FollowerState.java:run(143)) - 8f886335-0d74-45a2-bb32-11e9ae69e2a1@group-2163299401A3-FollowerState was interrupted: {}
java.lang.InterruptedException: sleep interrupted
	at java.lang.Thread.sleep(Native Method)
	at java.lang.Thread.sleep(Thread.java:342)
	at java.util.concurrent.TimeUnit.sleep(TimeUnit.java:386)
	at org.apache.ratis.util.TimeDuration.sleep(TimeDuration.java:324)
	at org.apache.ratis.util.TimeDuration.sleep(TimeDuration.java:309)
	at org.apache.ratis.server.impl.FollowerState.run(FollowerState.java:118)
2022-02-20 11:34:39,944 [8f886335-0d74-45a2-bb32-11e9ae69e2a1@group-2163299401A3-StateMachineUpdater] INFO  ratis.ContainerStateMachine (ContainerStateMachine.java:takeSnapshot(304)) - group-2163299401A3: Taking a snapshot at:(t:1, i:28) file /home/runner/work/ozone/ozone/hadoop-ozone/integration-test/target/test-dir/MiniOzoneClusterImpl-1758c66c-c060-455a-9a5e-da5efc64e117/datanode-1/data/ratis/2ecf511a-45da-4206-b697-2163299401a3/sm/snapshot.1_28
2022-02-20 11:34:39,944 [ForkJoinPool.commonPool-worker-1] INFO  server.RaftServer$Division (ServerState.java:close(419)) - 0f4f0202-97f3-46c0-a5a3-20f1e8134cab@group-2163299401A3: closes. applyIndex: 28
2022-02-20 11:34:39,944 [8f886335-0d74-45a2-bb32-11e9ae69e2a1@group-2163299401A3-StateMachineUpdater] INFO  ratis.ContainerStateMachine (ContainerStateMachine.java:takeSnapshot(315)) - group-2163299401A3: Finished taking a snapshot at:(t:1, i:28) file:/home/runner/work/ozone/ozone/hadoop-ozone/integration-test/target/test-dir/MiniOzoneClusterImpl-1758c66c-c060-455a-9a5e-da5efc64e117/datanode-1/data/ratis/2ecf511a-45da-4206-b697-2163299401a3/sm/snapshot.1_28 took: 1 ms
2022-02-20 11:34:39,945 [8f886335-0d74-45a2-bb32-11e9ae69e2a1@group-2163299401A3-StateMachineUpdater] INFO  impl.StateMachineUpdater (StateMachineUpdater.java:takeSnapshot(281)) - 8f886335-0d74-45a2-bb32-11e9ae69e2a1@group-2163299401A3-StateMachineUpdater: Took a snapshot at index 28
2022-02-20 11:34:39,945 [8f886335-0d74-45a2-bb32-11e9ae69e2a1@group-2163299401A3-StateMachineUpdater] INFO  impl.StateMachineUpdater (StateMachineUpdater.java:lambda$new$0(89)) - 8f886335-0d74-45a2-bb32-11e9ae69e2a1@group-2163299401A3-StateMachineUpdater: snapshotIndex: updateIncreasingly -1 -> 28
2022-02-20 11:34:39,946 [Listener at 127.0.0.1/43731] INFO  server.RaftServer$Division (ServerState.java:close(419)) - 8f886335-0d74-45a2-bb32-11e9ae69e2a1@group-2163299401A3: closes. applyIndex: 28
2022-02-20 11:34:39,948 [8f886335-0d74-45a2-bb32-11e9ae69e2a1@group-2163299401A3-SegmentedRaftLogWorker] INFO  segmented.SegmentedRaftLogWorker (SegmentedRaftLogWorker.java:run(327)) - 8f886335-0d74-45a2-bb32-11e9ae69e2a1@group-2163299401A3-SegmentedRaftLogWorker was interrupted, exiting. There are 0 tasks remaining in the queue.
2022-02-20 11:34:39,949 [Listener at 127.0.0.1/43731] INFO  segmented.SegmentedRaftLogWorker (SegmentedRaftLogWorker.java:close(237)) - 8f886335-0d74-45a2-bb32-11e9ae69e2a1@group-2163299401A3-SegmentedRaftLogWorker close()
2022-02-20 11:34:39,953 [grpc-default-executor-6] INFO  server.GrpcServerProtocolService (GrpcServerProtocolService.java:onCompleted(140)) - 8f886335-0d74-45a2-bb32-11e9ae69e2a1: Completed APPEND_ENTRIES, lastRequest: 0f4f0202-97f3-46c0-a5a3-20f1e8134cab->8f886335-0d74-45a2-bb32-11e9ae69e2a1#302-t1,previous=(t:1, i:27),leaderCommit=26,initializing? true,entries: size=1, first=(t:1, i:28), METADATAENTRY(c:26)
2022-02-20 11:34:39,958 [Listener at 127.0.0.1/43731] INFO  server.RaftServer$Division (RaftServerImpl.java:lambda$close$4(412)) - 8f886335-0d74-45a2-bb32-11e9ae69e2a1@group-58ED901E1311: shutdown
2022-02-20 11:34:39,958 [Listener at 127.0.0.1/43731] INFO  util.JmxRegister (JmxRegister.java:unregister(73)) - Successfully un-registered JMX Bean with object name Ratis:service=RaftServer,group=group-58ED901E1311,id=8f886335-0d74-45a2-bb32-11e9ae69e2a1
2022-02-20 11:34:39,958 [Listener at 127.0.0.1/43731] INFO  impl.RoleInfo (RoleInfo.java:shutdownFollowerState(108)) - 8f886335-0d74-45a2-bb32-11e9ae69e2a1: shutdown 8f886335-0d74-45a2-bb32-11e9ae69e2a1@group-58ED901E1311-FollowerState
2022-02-20 11:34:39,958 [Listener at 127.0.0.1/43731] INFO  impl.StateMachineUpdater (StateMachineUpdater.java:stopAndJoin(149)) - 8f886335-0d74-45a2-bb32-11e9ae69e2a1@group-58ED901E1311-StateMachineUpdater: set stopIndex = -1
2022-02-20 11:34:39,958 [Listener at 127.0.0.1/43731] INFO  server.RaftServer$Division (ServerState.java:close(419)) - 8f886335-0d74-45a2-bb32-11e9ae69e2a1@group-58ED901E1311: closes. applyIndex: -1
2022-02-20 11:34:39,958 [8f886335-0d74-45a2-bb32-11e9ae69e2a1@group-58ED901E1311-FollowerState] INFO  impl.FollowerState (FollowerState.java:run(143)) - 8f886335-0d74-45a2-bb32-11e9ae69e2a1@group-58ED901E1311-FollowerState was interrupted: {}
java.lang.InterruptedException: sleep interrupted
	at java.lang.Thread.sleep(Native Method)
	at java.lang.Thread.sleep(Thread.java:342)
	at java.util.concurrent.TimeUnit.sleep(TimeUnit.java:386)
	at org.apache.ratis.util.TimeDuration.sleep(TimeDuration.java:324)
	at org.apache.ratis.util.TimeDuration.sleep(TimeDuration.java:309)
	at org.apache.ratis.server.impl.FollowerState.run(FollowerState.java:118)
2022-02-20 11:34:39,958 [8f886335-0d74-45a2-bb32-11e9ae69e2a1@group-58ED901E1311-SegmentedRaftLogWorker] INFO  segmented.SegmentedRaftLogWorker (SegmentedRaftLogWorker.java:run(327)) - 8f886335-0d74-45a2-bb32-11e9ae69e2a1@group-58ED901E1311-SegmentedRaftLogWorker was interrupted, exiting. There are 0 tasks remaining in the queue.
2022-02-20 11:34:39,962 [0f4f0202-97f3-46c0-a5a3-20f1e8134cab@group-2163299401A3-SegmentedRaftLogWorker] INFO  segmented.SegmentedRaftLogWorker (SegmentedRaftLogWorker.java:run(327)) - 0f4f0202-97f3-46c0-a5a3-20f1e8134cab@group-2163299401A3-SegmentedRaftLogWorker was interrupted, exiting. There are 0 tasks remaining in the queue.
2022-02-20 11:34:39,963 [Listener at 127.0.0.1/43731] INFO  segmented.SegmentedRaftLogWorker (SegmentedRaftLogWorker.java:close(237)) - 8f886335-0d74-45a2-bb32-11e9ae69e2a1@group-58ED901E1311-SegmentedRaftLogWorker close()
2022-02-20 11:34:39,965 [ForkJoinPool.commonPool-worker-1] INFO  segmented.SegmentedRaftLogWorker (SegmentedRaftLogWorker.java:close(237)) - 0f4f0202-97f3-46c0-a5a3-20f1e8134cab@group-2163299401A3-SegmentedRaftLogWorker close()
2022-02-20 11:34:39,965 [Listener at 127.0.0.1/43731] INFO  server.GrpcService (GrpcService.java:closeImpl(262)) - 8f886335-0d74-45a2-bb32-11e9ae69e2a1: shutdown server with port 40283 now
2022-02-20 11:34:39,966 [ForkJoinPool.commonPool-worker-1] INFO  server.RaftServer$Division (RaftServerImpl.java:lambda$close$4(412)) - 0f4f0202-97f3-46c0-a5a3-20f1e8134cab@group-1882A2B98E6B: shutdown
2022-02-20 11:34:39,966 [ForkJoinPool.commonPool-worker-1] INFO  util.JmxRegister (JmxRegister.java:unregister(73)) - Successfully un-registered JMX Bean with object name Ratis:service=RaftServer,group=group-1882A2B98E6B,id=0f4f0202-97f3-46c0-a5a3-20f1e8134cab
2022-02-20 11:34:39,966 [ForkJoinPool.commonPool-worker-1] INFO  impl.RoleInfo (RoleInfo.java:shutdownLeaderState(91)) - 0f4f0202-97f3-46c0-a5a3-20f1e8134cab: shutdown 0f4f0202-97f3-46c0-a5a3-20f1e8134cab@group-1882A2B98E6B-LeaderStateImpl
2022-02-20 11:34:39,966 [ForkJoinPool.commonPool-worker-1] INFO  impl.PendingRequests (PendingRequests.java:sendNotLeaderResponses(282)) - 0f4f0202-97f3-46c0-a5a3-20f1e8134cab@group-1882A2B98E6B-PendingRequests: sendNotLeaderResponses
2022-02-20 11:34:39,966 [grpc-default-executor-4] INFO  server.GrpcLogAppender (GrpcLogAppender.java:onCompleted(346)) - 0f4f0202-97f3-46c0-a5a3-20f1e8134cab@group-2163299401A3->8f886335-0d74-45a2-bb32-11e9ae69e2a1-AppendLogResponseHandler: follower responses appendEntries COMPLETED
2022-02-20 11:34:39,966 [grpc-default-executor-4] INFO  leader.FollowerInfo (FollowerInfoImpl.java:lambda$new$0(47)) - 0f4f0202-97f3-46c0-a5a3-20f1e8134cab@group-2163299401A3->8f886335-0d74-45a2-bb32-11e9ae69e2a1: nextIndex: updateUnconditionally 29 -> 28
2022-02-20 11:34:39,971 [grpc-default-executor-0] INFO  server.GrpcServerProtocolService (GrpcServerProtocolService.java:onCompleted(140)) - cd8e4231-c3e1-41c4-9d8d-fd2befed4677: Completed APPEND_ENTRIES, lastRequest: 0f4f0202-97f3-46c0-a5a3-20f1e8134cab->cd8e4231-c3e1-41c4-9d8d-fd2befed4677#305-t1,previous=(t:1, i:27),leaderCommit=26,initializing? true,entries: size=1, first=(t:1, i:28), METADATAENTRY(c:26)
2022-02-20 11:34:39,975 [grpc-default-executor-0] INFO  server.GrpcLogAppender (GrpcLogAppender.java:onCompleted(346)) - 0f4f0202-97f3-46c0-a5a3-20f1e8134cab@group-2163299401A3->cd8e4231-c3e1-41c4-9d8d-fd2befed4677-AppendLogResponseHandler: follower responses appendEntries COMPLETED
2022-02-20 11:34:39,975 [grpc-default-executor-0] INFO  leader.FollowerInfo (FollowerInfoImpl.java:lambda$new$0(47)) - 0f4f0202-97f3-46c0-a5a3-20f1e8134cab@group-2163299401A3->cd8e4231-c3e1-41c4-9d8d-fd2befed4677: nextIndex: updateUnconditionally 29 -> 28
2022-02-20 11:34:39,975 [ForkJoinPool.commonPool-worker-1] INFO  impl.StateMachineUpdater (StateMachineUpdater.java:stopAndJoin(149)) - 0f4f0202-97f3-46c0-a5a3-20f1e8134cab@group-1882A2B98E6B-StateMachineUpdater: set stopIndex = 0
2022-02-20 11:34:39,975 [0f4f0202-97f3-46c0-a5a3-20f1e8134cab@group-1882A2B98E6B-StateMachineUpdater] INFO  ratis.ContainerStateMachine (ContainerStateMachine.java:takeSnapshot(304)) - group-1882A2B98E6B: Taking a snapshot at:(t:1, i:0) file /home/runner/work/ozone/ozone/hadoop-ozone/integration-test/target/test-dir/MiniOzoneClusterImpl-1758c66c-c060-455a-9a5e-da5efc64e117/datanode-0/data/ratis/ad0f9b61-c2d3-448c-ab6f-1882a2b98e6b/sm/snapshot.1_0
2022-02-20 11:34:39,976 [0f4f0202-97f3-46c0-a5a3-20f1e8134cab@group-1882A2B98E6B-StateMachineUpdater] INFO  ratis.ContainerStateMachine (ContainerStateMachine.java:takeSnapshot(315)) - group-1882A2B98E6B: Finished taking a snapshot at:(t:1, i:0) file:/home/runner/work/ozone/ozone/hadoop-ozone/integration-test/target/test-dir/MiniOzoneClusterImpl-1758c66c-c060-455a-9a5e-da5efc64e117/datanode-0/data/ratis/ad0f9b61-c2d3-448c-ab6f-1882a2b98e6b/sm/snapshot.1_0 took: 1 ms
2022-02-20 11:34:39,976 [0f4f0202-97f3-46c0-a5a3-20f1e8134cab@group-1882A2B98E6B-StateMachineUpdater] INFO  impl.StateMachineUpdater (StateMachineUpdater.java:takeSnapshot(281)) - 0f4f0202-97f3-46c0-a5a3-20f1e8134cab@group-1882A2B98E6B-StateMachineUpdater: Took a snapshot at index 0
2022-02-20 11:34:39,976 [0f4f0202-97f3-46c0-a5a3-20f1e8134cab@group-1882A2B98E6B-StateMachineUpdater] INFO  impl.StateMachineUpdater (StateMachineUpdater.java:lambda$new$0(89)) - 0f4f0202-97f3-46c0-a5a3-20f1e8134cab@group-1882A2B98E6B-StateMachineUpdater: snapshotIndex: updateIncreasingly -1 -> 0
2022-02-20 11:34:39,976 [ForkJoinPool.commonPool-worker-1] INFO  server.RaftServer$Division (ServerState.java:close(419)) - 0f4f0202-97f3-46c0-a5a3-20f1e8134cab@group-1882A2B98E6B: closes. applyIndex: 0
2022-02-20 11:34:39,990 [0f4f0202-97f3-46c0-a5a3-20f1e8134cab@group-1882A2B98E6B-SegmentedRaftLogWorker] INFO  segmented.SegmentedRaftLogWorker (SegmentedRaftLogWorker.java:run(327)) - 0f4f0202-97f3-46c0-a5a3-20f1e8134cab@group-1882A2B98E6B-SegmentedRaftLogWorker was interrupted, exiting. There are 0 tasks remaining in the queue.
2022-02-20 11:34:39,990 [ForkJoinPool.commonPool-worker-1] INFO  segmented.SegmentedRaftLogWorker (SegmentedRaftLogWorker.java:close(237)) - 0f4f0202-97f3-46c0-a5a3-20f1e8134cab@group-1882A2B98E6B-SegmentedRaftLogWorker close()
2022-02-20 11:34:39,991 [ForkJoinPool.commonPool-worker-1] INFO  server.RaftServer$Division (RaftServerImpl.java:lambda$close$4(412)) - 0f4f0202-97f3-46c0-a5a3-20f1e8134cab@group-58ED901E1311: shutdown
2022-02-20 11:34:40,005 [ForkJoinPool.commonPool-worker-1] INFO  util.JmxRegister (JmxRegister.java:unregister(73)) - Successfully un-registered JMX Bean with object name Ratis:service=RaftServer,group=group-58ED901E1311,id=0f4f0202-97f3-46c0-a5a3-20f1e8134cab
2022-02-20 11:34:40,005 [ForkJoinPool.commonPool-worker-1] INFO  impl.RoleInfo (RoleInfo.java:shutdownFollowerState(108)) - 0f4f0202-97f3-46c0-a5a3-20f1e8134cab: shutdown 0f4f0202-97f3-46c0-a5a3-20f1e8134cab@group-58ED901E1311-FollowerState
2022-02-20 11:34:40,005 [ForkJoinPool.commonPool-worker-1] INFO  impl.StateMachineUpdater (StateMachineUpdater.java:stopAndJoin(149)) - 0f4f0202-97f3-46c0-a5a3-20f1e8134cab@group-58ED901E1311-StateMachineUpdater: set stopIndex = -1
2022-02-20 11:34:40,005 [0f4f0202-97f3-46c0-a5a3-20f1e8134cab@group-58ED901E1311-FollowerState] INFO  impl.FollowerState (FollowerState.java:run(143)) - 0f4f0202-97f3-46c0-a5a3-20f1e8134cab@group-58ED901E1311-FollowerState was interrupted: {}
java.lang.InterruptedException: sleep interrupted
	at java.lang.Thread.sleep(Native Method)
	at java.lang.Thread.sleep(Thread.java:342)
	at java.util.concurrent.TimeUnit.sleep(TimeUnit.java:386)
	at org.apache.ratis.util.TimeDuration.sleep(TimeDuration.java:324)
	at org.apache.ratis.util.TimeDuration.sleep(TimeDuration.java:309)
	at org.apache.ratis.server.impl.FollowerState.run(FollowerState.java:118)
2022-02-20 11:34:40,005 [ForkJoinPool.commonPool-worker-1] INFO  server.RaftServer$Division (ServerState.java:close(419)) - 0f4f0202-97f3-46c0-a5a3-20f1e8134cab@group-58ED901E1311: closes. applyIndex: -1
2022-02-20 11:34:40,018 [0f4f0202-97f3-46c0-a5a3-20f1e8134cab@group-58ED901E1311-SegmentedRaftLogWorker] INFO  segmented.SegmentedRaftLogWorker (SegmentedRaftLogWorker.java:run(327)) - 0f4f0202-97f3-46c0-a5a3-20f1e8134cab@group-58ED901E1311-SegmentedRaftLogWorker was interrupted, exiting. There are 0 tasks remaining in the queue.
2022-02-20 11:34:40,019 [Listener at 127.0.0.1/43731] INFO  server.GrpcService (GrpcService.java:closeImpl(271)) - 8f886335-0d74-45a2-bb32-11e9ae69e2a1: shutdown server with port 40283 successfully
2022-02-20 11:34:40,019 [ForkJoinPool.commonPool-worker-1] INFO  segmented.SegmentedRaftLogWorker (SegmentedRaftLogWorker.java:close(237)) - 0f4f0202-97f3-46c0-a5a3-20f1e8134cab@group-58ED901E1311-SegmentedRaftLogWorker close()
2022-02-20 11:34:40,020 [org.apache.ratis.util.JvmPauseMonitor$$Lambda$421/295700833@ac9d769] INFO  util.JvmPauseMonitor (JvmPauseMonitor.java:run(109)) - JvmPauseMonitor-8f886335-0d74-45a2-bb32-11e9ae69e2a1: Stopped
2022-02-20 11:34:40,020 [ForkJoinPool.commonPool-worker-1] INFO  server.GrpcService (GrpcService.java:closeImpl(262)) - 0f4f0202-97f3-46c0-a5a3-20f1e8134cab: shutdown server with port 36831 now
2022-02-20 11:34:40,050 [ForkJoinPool.commonPool-worker-1] INFO  server.GrpcService (GrpcService.java:closeImpl(271)) - 0f4f0202-97f3-46c0-a5a3-20f1e8134cab: shutdown server with port 36831 successfully
2022-02-20 11:34:40,050 [org.apache.ratis.util.JvmPauseMonitor$$Lambda$421/295700833@1a60e96] INFO  util.JvmPauseMonitor (JvmPauseMonitor.java:run(109)) - JvmPauseMonitor-0f4f0202-97f3-46c0-a5a3-20f1e8134cab: Stopped
2022-02-20 11:34:40,066 [grpc-default-executor-6] WARN  client.GrpcClientProtocolService (LogUtils.java:warn(122)) - 1-UnorderedRequestStreamObserver1: onError: org.apache.ratis.thirdparty.io.grpc.StatusRuntimeException: CANCELLED: client cancelled
2022-02-20 11:34:42,120 [ForkJoinPool.commonPool-worker-1] INFO  utils.BackgroundService (BackgroundService.java:shutdown(132)) - Shutting down service BlockDeletingService
2022-02-20 11:34:42,121 [Listener at 127.0.0.1/43731] INFO  utils.BackgroundService (BackgroundService.java:shutdown(132)) - Shutting down service BlockDeletingService
2022-02-20 11:34:42,658 [cd8e4231-c3e1-41c4-9d8d-fd2befed4677@group-58ED901E1311-FollowerState] INFO  impl.FollowerState (FollowerState.java:run(134)) - cd8e4231-c3e1-41c4-9d8d-fd2befed4677@group-58ED901E1311-FollowerState: change to CANDIDATE, lastRpcElapsedTime:5186333379ns, electionTimeout:5176ms
2022-02-20 11:34:42,658 [cd8e4231-c3e1-41c4-9d8d-fd2befed4677@group-58ED901E1311-FollowerState] INFO  impl.RoleInfo (RoleInfo.java:shutdownFollowerState(108)) - cd8e4231-c3e1-41c4-9d8d-fd2befed4677: shutdown cd8e4231-c3e1-41c4-9d8d-fd2befed4677@group-58ED901E1311-FollowerState
2022-02-20 11:34:42,658 [cd8e4231-c3e1-41c4-9d8d-fd2befed4677@group-58ED901E1311-FollowerState] INFO  server.RaftServer$Division (RaftServerImpl.java:setRole(290)) - cd8e4231-c3e1-41c4-9d8d-fd2befed4677@group-58ED901E1311: changes role from  FOLLOWER to CANDIDATE at term 4 for changeToCandidate
2022-02-20 11:34:42,658 [cd8e4231-c3e1-41c4-9d8d-fd2befed4677@group-58ED901E1311-FollowerState] INFO  server.RaftServerConfigKeys (ConfUtils.java:logGet(44)) - raft.server.leaderelection.pre-vote = false (custom)
2022-02-20 11:34:42,658 [cd8e4231-c3e1-41c4-9d8d-fd2befed4677@group-58ED901E1311-FollowerState] INFO  impl.RoleInfo (RoleInfo.java:updateAndGet(130)) - cd8e4231-c3e1-41c4-9d8d-fd2befed4677: start cd8e4231-c3e1-41c4-9d8d-fd2befed4677@group-58ED901E1311-LeaderElection49
2022-02-20 11:34:42,694 [cd8e4231-c3e1-41c4-9d8d-fd2befed4677@group-58ED901E1311-LeaderElection49] INFO  impl.LeaderElection (LeaderElection.java:askForVotes(306)) - cd8e4231-c3e1-41c4-9d8d-fd2befed4677@group-58ED901E1311-LeaderElection49 ELECTION round 0: submit vote requests at term 5 for -1: [cd8e4231-c3e1-41c4-9d8d-fd2befed4677|rpc:10.1.0.4:36213|dataStream:|priority:1, 0f4f0202-97f3-46c0-a5a3-20f1e8134cab|rpc:10.1.0.4:36831|dataStream:|priority:0, 8f886335-0d74-45a2-bb32-11e9ae69e2a1|rpc:10.1.0.4:40283|dataStream:|priority:0], old=null
2022-02-20 11:34:42,739 [cd8e4231-c3e1-41c4-9d8d-fd2befed4677@group-58ED901E1311-LeaderElection49] INFO  impl.LeaderElection (LogUtils.java:infoOrTrace(137)) - cd8e4231-c3e1-41c4-9d8d-fd2befed4677@group-58ED901E1311-LeaderElection49 got exception when requesting votes: java.util.concurrent.ExecutionException: org.apache.ratis.thirdparty.io.grpc.StatusRuntimeException: UNAVAILABLE: io exception
2022-02-20 11:34:42,739 [cd8e4231-c3e1-41c4-9d8d-fd2befed4677@group-58ED901E1311-LeaderElection49] INFO  impl.LeaderElection (LogUtils.java:infoOrTrace(137)) - cd8e4231-c3e1-41c4-9d8d-fd2befed4677@group-58ED901E1311-LeaderElection49 got exception when requesting votes: java.util.concurrent.ExecutionException: org.apache.ratis.thirdparty.io.grpc.StatusRuntimeException: UNAVAILABLE: io exception
2022-02-20 11:34:42,739 [cd8e4231-c3e1-41c4-9d8d-fd2befed4677@group-58ED901E1311-LeaderElection49] INFO  impl.LeaderElection (LeaderElection.java:logAndReturn(89)) - cd8e4231-c3e1-41c4-9d8d-fd2befed4677@group-58ED901E1311-LeaderElection49: ELECTION REJECTED received 0 response(s) and 2 exception(s):
2022-02-20 11:34:42,739 [cd8e4231-c3e1-41c4-9d8d-fd2befed4677@group-58ED901E1311-LeaderElection49] INFO  impl.LeaderElection (LogUtils.java:infoOrTrace(137)) -   Exception 0: java.util.concurrent.ExecutionException: org.apache.ratis.thirdparty.io.grpc.StatusRuntimeException: UNAVAILABLE: io exception
2022-02-20 11:34:42,739 [cd8e4231-c3e1-41c4-9d8d-fd2befed4677@group-58ED901E1311-LeaderElection49] INFO  impl.LeaderElection (LogUtils.java:infoOrTrace(137)) -   Exception 1: java.util.concurrent.ExecutionException: org.apache.ratis.thirdparty.io.grpc.StatusRuntimeException: UNAVAILABLE: io exception
2022-02-20 11:34:42,739 [cd8e4231-c3e1-41c4-9d8d-fd2befed4677@group-58ED901E1311-LeaderElection49] INFO  impl.LeaderElection (LeaderElection.java:askForVotes(308)) - cd8e4231-c3e1-41c4-9d8d-fd2befed4677@group-58ED901E1311-LeaderElection49 ELECTION round 0: result REJECTED
2022-02-20 11:34:42,739 [cd8e4231-c3e1-41c4-9d8d-fd2befed4677@group-58ED901E1311-LeaderElection49] INFO  server.RaftServer$Division (RaftServerImpl.java:setRole(290)) - cd8e4231-c3e1-41c4-9d8d-fd2befed4677@group-58ED901E1311: changes role from CANDIDATE to FOLLOWER at term 5 for REJECTED
2022-02-20 11:34:42,739 [cd8e4231-c3e1-41c4-9d8d-fd2befed4677@group-58ED901E1311-LeaderElection49] INFO  impl.RoleInfo (RoleInfo.java:shutdownLeaderElection(121)) - cd8e4231-c3e1-41c4-9d8d-fd2befed4677: shutdown cd8e4231-c3e1-41c4-9d8d-fd2befed4677@group-58ED901E1311-LeaderElection49
2022-02-20 11:34:42,739 [cd8e4231-c3e1-41c4-9d8d-fd2befed4677@group-58ED901E1311-LeaderElection49] INFO  impl.RoleInfo (RoleInfo.java:updateAndGet(130)) - cd8e4231-c3e1-41c4-9d8d-fd2befed4677: start cd8e4231-c3e1-41c4-9d8d-fd2befed4677@group-58ED901E1311-FollowerState
2022-02-20 11:34:45,124 [Listener at 127.0.0.1/43731] INFO  statemachine.DatanodeStateMachine (DatanodeStateMachine.java:stopDaemon(529)) - Ozone container server stopped.
2022-02-20 11:34:45,125 [Listener at 127.0.0.1/43731] INFO  handler.ContextHandler (ContextHandler.java:doStop(1153)) - Stopped o.e.j.w.WebAppContext@6516dd09{hddsDatanode,/,null,STOPPED}{jar:file:/home/runner/.m2/repository/org/apache/ozone/hdds-container-service/1.3.0-SNAPSHOT/hdds-container-service-1.3.0-SNAPSHOT.jar!/webapps/hddsDatanode}
2022-02-20 11:34:45,125 [ForkJoinPool.commonPool-worker-1] INFO  statemachine.DatanodeStateMachine (DatanodeStateMachine.java:stopDaemon(529)) - Ozone container server stopped.
2022-02-20 11:34:45,128 [Listener at 127.0.0.1/43731] INFO  server.AbstractConnector (AbstractConnector.java:doStop(381)) - Stopped ServerConnector@3cc3f137{HTTP/1.1, (http/1.1)}{0.0.0.0:0}
2022-02-20 11:34:45,129 [Listener at 127.0.0.1/43731] INFO  server.session (HouseKeeper.java:stopScavenging(149)) - node0 Stopped scavenging
2022-02-20 11:34:45,129 [Listener at 127.0.0.1/43731] INFO  handler.ContextHandler (ContextHandler.java:doStop(1153)) - Stopped o.e.j.s.ServletContextHandler@3dee2f62{static,/static,jar:file:/home/runner/.m2/repository/org/apache/ozone/hdds-container-service/1.3.0-SNAPSHOT/hdds-container-service-1.3.0-SNAPSHOT.jar!/webapps/static,STOPPED}
2022-02-20 11:34:45,129 [Listener at 127.0.0.1/43731] INFO  handler.ContextHandler (ContextHandler.java:doStop(1153)) - Stopped o.e.j.s.ServletContextHandler@27cd312c{logs,/logs,file:///home/runner/work/ozone/ozone/hadoop-ozone/integration-test/target/log,STOPPED}
2022-02-20 11:34:45,132 [ForkJoinPool.commonPool-worker-1] INFO  handler.ContextHandler (ContextHandler.java:doStop(1153)) - Stopped o.e.j.w.WebAppContext@2b17b49e{hddsDatanode,/,null,STOPPED}{jar:file:/home/runner/.m2/repository/org/apache/ozone/hdds-container-service/1.3.0-SNAPSHOT/hdds-container-service-1.3.0-SNAPSHOT.jar!/webapps/hddsDatanode}
2022-02-20 11:34:45,134 [ForkJoinPool.commonPool-worker-1] INFO  server.AbstractConnector (AbstractConnector.java:doStop(381)) - Stopped ServerConnector@1b500d69{HTTP/1.1, (http/1.1)}{0.0.0.0:0}
2022-02-20 11:34:45,134 [ForkJoinPool.commonPool-worker-1] INFO  server.session (HouseKeeper.java:stopScavenging(149)) - node0 Stopped scavenging
2022-02-20 11:34:45,135 [ForkJoinPool.commonPool-worker-1] INFO  handler.ContextHandler (ContextHandler.java:doStop(1153)) - Stopped o.e.j.s.ServletContextHandler@3842317{static,/static,jar:file:/home/runner/.m2/repository/org/apache/ozone/hdds-container-service/1.3.0-SNAPSHOT/hdds-container-service-1.3.0-SNAPSHOT.jar!/webapps/static,STOPPED}
2022-02-20 11:34:45,136 [ForkJoinPool.commonPool-worker-1] INFO  handler.ContextHandler (ContextHandler.java:doStop(1153)) - Stopped o.e.j.s.ServletContextHandler@4d6ad67b{logs,/logs,file:///home/runner/work/ozone/ozone/hadoop-ozone/integration-test/target/log,STOPPED}
2022-02-20 11:34:46,813 [cd8e4231-c3e1-41c4-9d8d-fd2befed4677@group-2163299401A3-FollowerState] INFO  impl.FollowerState (FollowerState.java:run(134)) - cd8e4231-c3e1-41c4-9d8d-fd2befed4677@group-2163299401A3-FollowerState: change to CANDIDATE, lastRpcElapsedTime:8749672350ns, electionTimeout:5098ms
2022-02-20 11:34:46,813 [cd8e4231-c3e1-41c4-9d8d-fd2befed4677@group-2163299401A3-FollowerState] INFO  impl.RoleInfo (RoleInfo.java:shutdownFollowerState(108)) - cd8e4231-c3e1-41c4-9d8d-fd2befed4677: shutdown cd8e4231-c3e1-41c4-9d8d-fd2befed4677@group-2163299401A3-FollowerState
2022-02-20 11:34:46,813 [cd8e4231-c3e1-41c4-9d8d-fd2befed4677@group-2163299401A3-FollowerState] INFO  server.RaftServer$Division (RaftServerImpl.java:setRole(290)) - cd8e4231-c3e1-41c4-9d8d-fd2befed4677@group-2163299401A3: changes role from  FOLLOWER to CANDIDATE at term 1 for changeToCandidate
2022-02-20 11:34:46,813 [cd8e4231-c3e1-41c4-9d8d-fd2befed4677@group-2163299401A3-FollowerState] INFO  server.RaftServerConfigKeys (ConfUtils.java:logGet(44)) - raft.server.leaderelection.pre-vote = false (custom)
2022-02-20 11:34:46,814 [cd8e4231-c3e1-41c4-9d8d-fd2befed4677@group-2163299401A3-FollowerState] INFO  impl.RoleInfo (RoleInfo.java:updateAndGet(130)) - cd8e4231-c3e1-41c4-9d8d-fd2befed4677: start cd8e4231-c3e1-41c4-9d8d-fd2befed4677@group-2163299401A3-LeaderElection50
2022-02-20 11:34:46,818 [cd8e4231-c3e1-41c4-9d8d-fd2befed4677@group-2163299401A3-LeaderElection50] INFO  server.RaftServer$Division (ServerState.java:setLeader(285)) - cd8e4231-c3e1-41c4-9d8d-fd2befed4677@group-2163299401A3: change Leader from 0f4f0202-97f3-46c0-a5a3-20f1e8134cab to null at term 1 for ELECTION
2022-02-20 11:34:46,825 [cd8e4231-c3e1-41c4-9d8d-fd2befed4677@group-2163299401A3-LeaderElection50] INFO  impl.LeaderElection (LeaderElection.java:askForVotes(306)) - cd8e4231-c3e1-41c4-9d8d-fd2befed4677@group-2163299401A3-LeaderElection50 ELECTION round 0: submit vote requests at term 2 for 0: [cd8e4231-c3e1-41c4-9d8d-fd2befed4677|rpc:10.1.0.4:36213|dataStream:|priority:0, 0f4f0202-97f3-46c0-a5a3-20f1e8134cab|rpc:10.1.0.4:36831|dataStream:|priority:1, 8f886335-0d74-45a2-bb32-11e9ae69e2a1|rpc:10.1.0.4:40283|dataStream:|priority:0], old=null
2022-02-20 11:34:46,830 [cd8e4231-c3e1-41c4-9d8d-fd2befed4677@group-2163299401A3-LeaderElection50] INFO  impl.LeaderElection (LogUtils.java:infoOrTrace(137)) - cd8e4231-c3e1-41c4-9d8d-fd2befed4677@group-2163299401A3-LeaderElection50 got exception when requesting votes: java.util.concurrent.ExecutionException: org.apache.ratis.thirdparty.io.grpc.StatusRuntimeException: UNAVAILABLE: io exception
2022-02-20 11:34:46,831 [cd8e4231-c3e1-41c4-9d8d-fd2befed4677@group-2163299401A3-LeaderElection50] INFO  impl.LeaderElection (LogUtils.java:infoOrTrace(137)) - cd8e4231-c3e1-41c4-9d8d-fd2befed4677@group-2163299401A3-LeaderElection50 got exception when requesting votes: java.util.concurrent.ExecutionException: org.apache.ratis.thirdparty.io.grpc.StatusRuntimeException: UNAVAILABLE: io exception
2022-02-20 11:34:46,831 [cd8e4231-c3e1-41c4-9d8d-fd2befed4677@group-2163299401A3-LeaderElection50] INFO  impl.LeaderElection (LeaderElection.java:logAndReturn(89)) - cd8e4231-c3e1-41c4-9d8d-fd2befed4677@group-2163299401A3-LeaderElection50: ELECTION REJECTED received 0 response(s) and 2 exception(s):
2022-02-20 11:34:46,831 [cd8e4231-c3e1-41c4-9d8d-fd2befed4677@group-2163299401A3-LeaderElection50] INFO  impl.LeaderElection (LogUtils.java:infoOrTrace(137)) -   Exception 0: java.util.concurrent.ExecutionException: org.apache.ratis.thirdparty.io.grpc.StatusRuntimeException: UNAVAILABLE: io exception
2022-02-20 11:34:46,831 [cd8e4231-c3e1-41c4-9d8d-fd2befed4677@group-2163299401A3-LeaderElection50] INFO  impl.LeaderElection (LogUtils.java:infoOrTrace(137)) -   Exception 1: java.util.concurrent.ExecutionException: org.apache.ratis.thirdparty.io.grpc.StatusRuntimeException: UNAVAILABLE: io exception
2022-02-20 11:34:46,831 [cd8e4231-c3e1-41c4-9d8d-fd2befed4677@group-2163299401A3-LeaderElection50] INFO  impl.LeaderElection (LeaderElection.java:askForVotes(308)) - cd8e4231-c3e1-41c4-9d8d-fd2befed4677@group-2163299401A3-LeaderElection50 ELECTION round 0: result REJECTED
2022-02-20 11:34:46,831 [cd8e4231-c3e1-41c4-9d8d-fd2befed4677@group-2163299401A3-LeaderElection50] INFO  server.RaftServer$Division (RaftServerImpl.java:setRole(290)) - cd8e4231-c3e1-41c4-9d8d-fd2befed4677@group-2163299401A3: changes role from CANDIDATE to FOLLOWER at term 2 for REJECTED
2022-02-20 11:34:46,831 [cd8e4231-c3e1-41c4-9d8d-fd2befed4677@group-2163299401A3-LeaderElection50] INFO  impl.RoleInfo (RoleInfo.java:shutdownLeaderElection(121)) - cd8e4231-c3e1-41c4-9d8d-fd2befed4677: shutdown cd8e4231-c3e1-41c4-9d8d-fd2befed4677@group-2163299401A3-LeaderElection50
2022-02-20 11:34:46,831 [cd8e4231-c3e1-41c4-9d8d-fd2befed4677@group-2163299401A3-LeaderElection50] INFO  impl.RoleInfo (RoleInfo.java:updateAndGet(130)) - cd8e4231-c3e1-41c4-9d8d-fd2befed4677: start cd8e4231-c3e1-41c4-9d8d-fd2befed4677@group-2163299401A3-FollowerState
2022-02-20 11:34:47,770 [cd8e4231-c3e1-41c4-9d8d-fd2befed4677@group-58ED901E1311-FollowerState] INFO  impl.FollowerState (FollowerState.java:run(134)) - cd8e4231-c3e1-41c4-9d8d-fd2befed4677@group-58ED901E1311-FollowerState: change to CANDIDATE, lastRpcElapsedTime:5030630189ns, electionTimeout:5024ms
2022-02-20 11:34:47,770 [cd8e4231-c3e1-41c4-9d8d-fd2befed4677@group-58ED901E1311-FollowerState] INFO  impl.RoleInfo (RoleInfo.java:shutdownFollowerState(108)) - cd8e4231-c3e1-41c4-9d8d-fd2befed4677: shutdown cd8e4231-c3e1-41c4-9d8d-fd2befed4677@group-58ED901E1311-FollowerState
2022-02-20 11:34:47,770 [cd8e4231-c3e1-41c4-9d8d-fd2befed4677@group-58ED901E1311-FollowerState] INFO  server.RaftServer$Division (RaftServerImpl.java:setRole(290)) - cd8e4231-c3e1-41c4-9d8d-fd2befed4677@group-58ED901E1311: changes role from  FOLLOWER to CANDIDATE at term 5 for changeToCandidate
2022-02-20 11:34:47,770 [cd8e4231-c3e1-41c4-9d8d-fd2befed4677@group-58ED901E1311-FollowerState] INFO  server.RaftServerConfigKeys (ConfUtils.java:logGet(44)) - raft.server.leaderelection.pre-vote = false (custom)
2022-02-20 11:34:47,770 [cd8e4231-c3e1-41c4-9d8d-fd2befed4677@group-58ED901E1311-FollowerState] INFO  impl.RoleInfo (RoleInfo.java:updateAndGet(130)) - cd8e4231-c3e1-41c4-9d8d-fd2befed4677: start cd8e4231-c3e1-41c4-9d8d-fd2befed4677@group-58ED901E1311-LeaderElection51
2022-02-20 11:34:47,803 [cd8e4231-c3e1-41c4-9d8d-fd2befed4677@group-58ED901E1311-LeaderElection51] INFO  impl.LeaderElection (LeaderElection.java:askForVotes(306)) - cd8e4231-c3e1-41c4-9d8d-fd2befed4677@group-58ED901E1311-LeaderElection51 ELECTION round 0: submit vote requests at term 6 for -1: [cd8e4231-c3e1-41c4-9d8d-fd2befed4677|rpc:10.1.0.4:36213|dataStream:|priority:1, 0f4f0202-97f3-46c0-a5a3-20f1e8134cab|rpc:10.1.0.4:36831|dataStream:|priority:0, 8f886335-0d74-45a2-bb32-11e9ae69e2a1|rpc:10.1.0.4:40283|dataStream:|priority:0], old=null
2022-02-20 11:34:47,810 [cd8e4231-c3e1-41c4-9d8d-fd2befed4677@group-58ED901E1311-LeaderElection51] INFO  impl.LeaderElection (LogUtils.java:infoOrTrace(137)) - cd8e4231-c3e1-41c4-9d8d-fd2befed4677@group-58ED901E1311-LeaderElection51 got exception when requesting votes: java.util.concurrent.ExecutionException: org.apache.ratis.thirdparty.io.grpc.StatusRuntimeException: UNAVAILABLE: io exception
2022-02-20 11:34:47,811 [cd8e4231-c3e1-41c4-9d8d-fd2befed4677@group-58ED901E1311-LeaderElection51] INFO  impl.LeaderElection (LogUtils.java:infoOrTrace(137)) - cd8e4231-c3e1-41c4-9d8d-fd2befed4677@group-58ED901E1311-LeaderElection51 got exception when requesting votes: java.util.concurrent.ExecutionException: org.apache.ratis.thirdparty.io.grpc.StatusRuntimeException: UNAVAILABLE: io exception
2022-02-20 11:34:47,811 [cd8e4231-c3e1-41c4-9d8d-fd2befed4677@group-58ED901E1311-LeaderElection51] INFO  impl.LeaderElection (LeaderElection.java:logAndReturn(89)) - cd8e4231-c3e1-41c4-9d8d-fd2befed4677@group-58ED901E1311-LeaderElection51: ELECTION REJECTED received 0 response(s) and 2 exception(s):
2022-02-20 11:34:47,811 [cd8e4231-c3e1-41c4-9d8d-fd2befed4677@group-58ED901E1311-LeaderElection51] INFO  impl.LeaderElection (LogUtils.java:infoOrTrace(137)) -   Exception 0: java.util.concurrent.ExecutionException: org.apache.ratis.thirdparty.io.grpc.StatusRuntimeException: UNAVAILABLE: io exception
2022-02-20 11:34:47,811 [cd8e4231-c3e1-41c4-9d8d-fd2befed4677@group-58ED901E1311-LeaderElection51] INFO  impl.LeaderElection (LogUtils.java:infoOrTrace(137)) -   Exception 1: java.util.concurrent.ExecutionException: org.apache.ratis.thirdparty.io.grpc.StatusRuntimeException: UNAVAILABLE: io exception
2022-02-20 11:34:47,811 [cd8e4231-c3e1-41c4-9d8d-fd2befed4677@group-58ED901E1311-LeaderElection51] INFO  impl.LeaderElection (LeaderElection.java:askForVotes(308)) - cd8e4231-c3e1-41c4-9d8d-fd2befed4677@group-58ED901E1311-LeaderElection51 ELECTION round 0: result REJECTED
2022-02-20 11:34:47,811 [cd8e4231-c3e1-41c4-9d8d-fd2befed4677@group-58ED901E1311-LeaderElection51] INFO  server.RaftServer$Division (RaftServerImpl.java:setRole(290)) - cd8e4231-c3e1-41c4-9d8d-fd2befed4677@group-58ED901E1311: changes role from CANDIDATE to FOLLOWER at term 6 for REJECTED
2022-02-20 11:34:47,811 [cd8e4231-c3e1-41c4-9d8d-fd2befed4677@group-58ED901E1311-LeaderElection51] INFO  impl.RoleInfo (RoleInfo.java:shutdownLeaderElection(121)) - cd8e4231-c3e1-41c4-9d8d-fd2befed4677: shutdown cd8e4231-c3e1-41c4-9d8d-fd2befed4677@group-58ED901E1311-LeaderElection51
2022-02-20 11:34:47,811 [cd8e4231-c3e1-41c4-9d8d-fd2befed4677@group-58ED901E1311-LeaderElection51] INFO  impl.RoleInfo (RoleInfo.java:updateAndGet(130)) - cd8e4231-c3e1-41c4-9d8d-fd2befed4677: start cd8e4231-c3e1-41c4-9d8d-fd2befed4677@group-58ED901E1311-FollowerState
2022-02-20 11:34:50,137 [ForkJoinPool.commonPool-worker-1] INFO  ozoneimpl.OzoneContainer (OzoneContainer.java:stop(351)) - Attempting to stop container services.
2022-02-20 11:34:50,138 [ForkJoinPool.commonPool-worker-1] INFO  server.RaftServer (RaftServerProxy.java:lambda$close$6(391)) - cd8e4231-c3e1-41c4-9d8d-fd2befed4677: close
2022-02-20 11:34:50,138 [ForkJoinPool.commonPool-worker-1] INFO  server.RaftServer$Division (RaftServerImpl.java:lambda$close$4(412)) - cd8e4231-c3e1-41c4-9d8d-fd2befed4677@group-2163299401A3: shutdown
2022-02-20 11:34:50,139 [ForkJoinPool.commonPool-worker-1] INFO  util.JmxRegister (JmxRegister.java:unregister(73)) - Successfully un-registered JMX Bean with object name Ratis:service=RaftServer,group=group-2163299401A3,id=cd8e4231-c3e1-41c4-9d8d-fd2befed4677
2022-02-20 11:34:50,139 [ForkJoinPool.commonPool-worker-1] INFO  impl.RoleInfo (RoleInfo.java:shutdownFollowerState(108)) - cd8e4231-c3e1-41c4-9d8d-fd2befed4677: shutdown cd8e4231-c3e1-41c4-9d8d-fd2befed4677@group-2163299401A3-FollowerState
2022-02-20 11:34:50,139 [ForkJoinPool.commonPool-worker-1] INFO  impl.StateMachineUpdater (StateMachineUpdater.java:stopAndJoin(149)) - cd8e4231-c3e1-41c4-9d8d-fd2befed4677@group-2163299401A3-StateMachineUpdater: set stopIndex = 28
2022-02-20 11:34:50,139 [cd8e4231-c3e1-41c4-9d8d-fd2befed4677@group-2163299401A3-FollowerState] INFO  impl.FollowerState (FollowerState.java:run(143)) - cd8e4231-c3e1-41c4-9d8d-fd2befed4677@group-2163299401A3-FollowerState was interrupted: {}
java.lang.InterruptedException: sleep interrupted
	at java.lang.Thread.sleep(Native Method)
	at java.lang.Thread.sleep(Thread.java:342)
	at java.util.concurrent.TimeUnit.sleep(TimeUnit.java:386)
	at org.apache.ratis.util.TimeDuration.sleep(TimeDuration.java:324)
	at org.apache.ratis.util.TimeDuration.sleep(TimeDuration.java:309)
	at org.apache.ratis.server.impl.FollowerState.run(FollowerState.java:118)
2022-02-20 11:34:50,146 [cd8e4231-c3e1-41c4-9d8d-fd2befed4677@group-2163299401A3-StateMachineUpdater] INFO  ratis.ContainerStateMachine (ContainerStateMachine.java:takeSnapshot(304)) - group-2163299401A3: Taking a snapshot at:(t:1, i:28) file /home/runner/work/ozone/ozone/hadoop-ozone/integration-test/target/test-dir/MiniOzoneClusterImpl-1758c66c-c060-455a-9a5e-da5efc64e117/datanode-2/data/ratis/2ecf511a-45da-4206-b697-2163299401a3/sm/snapshot.1_28
2022-02-20 11:34:50,148 [cd8e4231-c3e1-41c4-9d8d-fd2befed4677@group-2163299401A3-StateMachineUpdater] INFO  ratis.ContainerStateMachine (ContainerStateMachine.java:takeSnapshot(315)) - group-2163299401A3: Finished taking a snapshot at:(t:1, i:28) file:/home/runner/work/ozone/ozone/hadoop-ozone/integration-test/target/test-dir/MiniOzoneClusterImpl-1758c66c-c060-455a-9a5e-da5efc64e117/datanode-2/data/ratis/2ecf511a-45da-4206-b697-2163299401a3/sm/snapshot.1_28 took: 2 ms
2022-02-20 11:34:50,148 [cd8e4231-c3e1-41c4-9d8d-fd2befed4677@group-2163299401A3-StateMachineUpdater] INFO  impl.StateMachineUpdater (StateMachineUpdater.java:takeSnapshot(281)) - cd8e4231-c3e1-41c4-9d8d-fd2befed4677@group-2163299401A3-StateMachineUpdater: Took a snapshot at index 28
2022-02-20 11:34:50,148 [cd8e4231-c3e1-41c4-9d8d-fd2befed4677@group-2163299401A3-StateMachineUpdater] INFO  impl.StateMachineUpdater (StateMachineUpdater.java:lambda$new$0(89)) - cd8e4231-c3e1-41c4-9d8d-fd2befed4677@group-2163299401A3-StateMachineUpdater: snapshotIndex: updateIncreasingly -1 -> 28
2022-02-20 11:34:50,149 [ForkJoinPool.commonPool-worker-1] INFO  server.RaftServer$Division (ServerState.java:close(419)) - cd8e4231-c3e1-41c4-9d8d-fd2befed4677@group-2163299401A3: closes. applyIndex: 28
2022-02-20 11:34:50,150 [cd8e4231-c3e1-41c4-9d8d-fd2befed4677@group-2163299401A3-SegmentedRaftLogWorker] INFO  segmented.SegmentedRaftLogWorker (SegmentedRaftLogWorker.java:run(327)) - cd8e4231-c3e1-41c4-9d8d-fd2befed4677@group-2163299401A3-SegmentedRaftLogWorker was interrupted, exiting. There are 0 tasks remaining in the queue.
2022-02-20 11:34:50,151 [ForkJoinPool.commonPool-worker-1] INFO  segmented.SegmentedRaftLogWorker (SegmentedRaftLogWorker.java:close(237)) - cd8e4231-c3e1-41c4-9d8d-fd2befed4677@group-2163299401A3-SegmentedRaftLogWorker close()
2022-02-20 11:34:50,154 [ForkJoinPool.commonPool-worker-1] INFO  server.RaftServer$Division (RaftServerImpl.java:lambda$close$4(412)) - cd8e4231-c3e1-41c4-9d8d-fd2befed4677@group-DC78F364798C: shutdown
2022-02-20 11:34:50,154 [ForkJoinPool.commonPool-worker-1] INFO  util.JmxRegister (JmxRegister.java:unregister(73)) - Successfully un-registered JMX Bean with object name Ratis:service=RaftServer,group=group-DC78F364798C,id=cd8e4231-c3e1-41c4-9d8d-fd2befed4677
2022-02-20 11:34:50,154 [ForkJoinPool.commonPool-worker-1] INFO  impl.RoleInfo (RoleInfo.java:shutdownLeaderState(91)) - cd8e4231-c3e1-41c4-9d8d-fd2befed4677: shutdown cd8e4231-c3e1-41c4-9d8d-fd2befed4677@group-DC78F364798C-LeaderStateImpl
2022-02-20 11:34:50,154 [ForkJoinPool.commonPool-worker-1] INFO  impl.PendingRequests (PendingRequests.java:sendNotLeaderResponses(282)) - cd8e4231-c3e1-41c4-9d8d-fd2befed4677@group-DC78F364798C-PendingRequests: sendNotLeaderResponses
2022-02-20 11:34:50,154 [ForkJoinPool.commonPool-worker-1] INFO  impl.StateMachineUpdater (StateMachineUpdater.java:stopAndJoin(149)) - cd8e4231-c3e1-41c4-9d8d-fd2befed4677@group-DC78F364798C-StateMachineUpdater: set stopIndex = 0
2022-02-20 11:34:50,157 [cd8e4231-c3e1-41c4-9d8d-fd2befed4677@group-DC78F364798C-StateMachineUpdater] INFO  ratis.ContainerStateMachine (ContainerStateMachine.java:takeSnapshot(304)) - group-DC78F364798C: Taking a snapshot at:(t:1, i:0) file /home/runner/work/ozone/ozone/hadoop-ozone/integration-test/target/test-dir/MiniOzoneClusterImpl-1758c66c-c060-455a-9a5e-da5efc64e117/datanode-2/data/ratis/e9e156cc-6260-4b9d-bcfb-dc78f364798c/sm/snapshot.1_0
2022-02-20 11:34:50,158 [cd8e4231-c3e1-41c4-9d8d-fd2befed4677@group-DC78F364798C-StateMachineUpdater] INFO  ratis.ContainerStateMachine (ContainerStateMachine.java:takeSnapshot(315)) - group-DC78F364798C: Finished taking a snapshot at:(t:1, i:0) file:/home/runner/work/ozone/ozone/hadoop-ozone/integration-test/target/test-dir/MiniOzoneClusterImpl-1758c66c-c060-455a-9a5e-da5efc64e117/datanode-2/data/ratis/e9e156cc-6260-4b9d-bcfb-dc78f364798c/sm/snapshot.1_0 took: 1 ms
2022-02-20 11:34:50,159 [cd8e4231-c3e1-41c4-9d8d-fd2befed4677@group-DC78F364798C-StateMachineUpdater] INFO  impl.StateMachineUpdater (StateMachineUpdater.java:takeSnapshot(281)) - cd8e4231-c3e1-41c4-9d8d-fd2befed4677@group-DC78F364798C-StateMachineUpdater: Took a snapshot at index 0
2022-02-20 11:34:50,159 [cd8e4231-c3e1-41c4-9d8d-fd2befed4677@group-DC78F364798C-StateMachineUpdater] INFO  impl.StateMachineUpdater (StateMachineUpdater.java:lambda$new$0(89)) - cd8e4231-c3e1-41c4-9d8d-fd2befed4677@group-DC78F364798C-StateMachineUpdater: snapshotIndex: updateIncreasingly -1 -> 0
2022-02-20 11:34:50,159 [ForkJoinPool.commonPool-worker-1] INFO  server.RaftServer$Division (ServerState.java:close(419)) - cd8e4231-c3e1-41c4-9d8d-fd2befed4677@group-DC78F364798C: closes. applyIndex: 0
2022-02-20 11:34:50,159 [cd8e4231-c3e1-41c4-9d8d-fd2befed4677@group-DC78F364798C-SegmentedRaftLogWorker] INFO  segmented.SegmentedRaftLogWorker (SegmentedRaftLogWorker.java:run(327)) - cd8e4231-c3e1-41c4-9d8d-fd2befed4677@group-DC78F364798C-SegmentedRaftLogWorker was interrupted, exiting. There are 0 tasks remaining in the queue.
2022-02-20 11:34:50,159 [ForkJoinPool.commonPool-worker-1] INFO  segmented.SegmentedRaftLogWorker (SegmentedRaftLogWorker.java:close(237)) - cd8e4231-c3e1-41c4-9d8d-fd2befed4677@group-DC78F364798C-SegmentedRaftLogWorker close()
2022-02-20 11:34:50,160 [ForkJoinPool.commonPool-worker-1] INFO  server.RaftServer$Division (RaftServerImpl.java:lambda$close$4(412)) - cd8e4231-c3e1-41c4-9d8d-fd2befed4677@group-58ED901E1311: shutdown
2022-02-20 11:34:50,160 [ForkJoinPool.commonPool-worker-1] INFO  util.JmxRegister (JmxRegister.java:unregister(73)) - Successfully un-registered JMX Bean with object name Ratis:service=RaftServer,group=group-58ED901E1311,id=cd8e4231-c3e1-41c4-9d8d-fd2befed4677
2022-02-20 11:34:50,160 [ForkJoinPool.commonPool-worker-1] INFO  impl.RoleInfo (RoleInfo.java:shutdownFollowerState(108)) - cd8e4231-c3e1-41c4-9d8d-fd2befed4677: shutdown cd8e4231-c3e1-41c4-9d8d-fd2befed4677@group-58ED901E1311-FollowerState
2022-02-20 11:34:50,160 [ForkJoinPool.commonPool-worker-1] INFO  impl.StateMachineUpdater (StateMachineUpdater.java:stopAndJoin(149)) - cd8e4231-c3e1-41c4-9d8d-fd2befed4677@group-58ED901E1311-StateMachineUpdater: set stopIndex = -1
2022-02-20 11:34:50,160 [cd8e4231-c3e1-41c4-9d8d-fd2befed4677@group-58ED901E1311-FollowerState] INFO  impl.FollowerState (FollowerState.java:run(143)) - cd8e4231-c3e1-41c4-9d8d-fd2befed4677@group-58ED901E1311-FollowerState was interrupted: {}
java.lang.InterruptedException: sleep interrupted
	at java.lang.Thread.sleep(Native Method)
	at java.lang.Thread.sleep(Thread.java:342)
	at java.util.concurrent.TimeUnit.sleep(TimeUnit.java:386)
	at org.apache.ratis.util.TimeDuration.sleep(TimeDuration.java:324)
	at org.apache.ratis.util.TimeDuration.sleep(TimeDuration.java:309)
	at org.apache.ratis.server.impl.FollowerState.run(FollowerState.java:118)
2022-02-20 11:34:50,161 [ForkJoinPool.commonPool-worker-1] INFO  server.RaftServer$Division (ServerState.java:close(419)) - cd8e4231-c3e1-41c4-9d8d-fd2befed4677@group-58ED901E1311: closes. applyIndex: -1
2022-02-20 11:34:50,170 [cd8e4231-c3e1-41c4-9d8d-fd2befed4677@group-58ED901E1311-SegmentedRaftLogWorker] INFO  segmented.SegmentedRaftLogWorker (SegmentedRaftLogWorker.java:run(327)) - cd8e4231-c3e1-41c4-9d8d-fd2befed4677@group-58ED901E1311-SegmentedRaftLogWorker was interrupted, exiting. There are 0 tasks remaining in the queue.
2022-02-20 11:34:50,170 [ForkJoinPool.commonPool-worker-1] INFO  segmented.SegmentedRaftLogWorker (SegmentedRaftLogWorker.java:close(237)) - cd8e4231-c3e1-41c4-9d8d-fd2befed4677@group-58ED901E1311-SegmentedRaftLogWorker close()
2022-02-20 11:34:50,174 [ForkJoinPool.commonPool-worker-1] INFO  server.GrpcService (GrpcService.java:closeImpl(262)) - cd8e4231-c3e1-41c4-9d8d-fd2befed4677: shutdown server with port 36213 now
2022-02-20 11:34:50,180 [ForkJoinPool.commonPool-worker-1] INFO  server.GrpcService (GrpcService.java:closeImpl(271)) - cd8e4231-c3e1-41c4-9d8d-fd2befed4677: shutdown server with port 36213 successfully
2022-02-20 11:34:50,180 [org.apache.ratis.util.JvmPauseMonitor$$Lambda$421/295700833@572b6fd8] INFO  util.JvmPauseMonitor (JvmPauseMonitor.java:run(109)) - JvmPauseMonitor-cd8e4231-c3e1-41c4-9d8d-fd2befed4677: Stopped
2022-02-20 11:34:52,218 [ForkJoinPool.commonPool-worker-1] INFO  utils.BackgroundService (BackgroundService.java:shutdown(132)) - Shutting down service BlockDeletingService
2022-02-20 11:34:55,235 [ForkJoinPool.commonPool-worker-1] INFO  statemachine.DatanodeStateMachine (DatanodeStateMachine.java:stopDaemon(529)) - Ozone container server stopped.
2022-02-20 11:34:55,238 [ForkJoinPool.commonPool-worker-1] INFO  handler.ContextHandler (ContextHandler.java:doStop(1153)) - Stopped o.e.j.w.WebAppContext@4c155287{hddsDatanode,/,null,STOPPED}{jar:file:/home/runner/.m2/repository/org/apache/ozone/hdds-container-service/1.3.0-SNAPSHOT/hdds-container-service-1.3.0-SNAPSHOT.jar!/webapps/hddsDatanode}
2022-02-20 11:34:55,244 [ForkJoinPool.commonPool-worker-1] INFO  server.AbstractConnector (AbstractConnector.java:doStop(381)) - Stopped ServerConnector@17bbb291{HTTP/1.1, (http/1.1)}{0.0.0.0:0}
2022-02-20 11:34:55,244 [ForkJoinPool.commonPool-worker-1] INFO  server.session (HouseKeeper.java:stopScavenging(149)) - node0 Stopped scavenging
2022-02-20 11:34:55,246 [ForkJoinPool.commonPool-worker-1] INFO  handler.ContextHandler (ContextHandler.java:doStop(1153)) - Stopped o.e.j.s.ServletContextHandler@35f6a35e{static,/static,jar:file:/home/runner/.m2/repository/org/apache/ozone/hdds-container-service/1.3.0-SNAPSHOT/hdds-container-service-1.3.0-SNAPSHOT.jar!/webapps/static,STOPPED}
2022-02-20 11:34:55,247 [ForkJoinPool.commonPool-worker-1] INFO  handler.ContextHandler (ContextHandler.java:doStop(1153)) - Stopped o.e.j.s.ServletContextHandler@7dd1b3c0{logs,/logs,file:///home/runner/work/ozone/ozone/hadoop-ozone/integration-test/target/log,STOPPED}
2022-02-20 11:34:55,254 [Listener at 127.0.0.1/43731] INFO  ozone.MiniOzoneClusterImpl (MiniOzoneClusterImpl.java:stopSCM(526)) - Stopping the StorageContainerManager
2022-02-20 11:34:55,254 [Listener at 127.0.0.1/43731] INFO  server.StorageContainerManager (StorageContainerManager.java:stop(1390)) - Stopping Container Balancer service.
2022-02-20 11:34:55,255 [Listener at 127.0.0.1/43731] INFO  balancer.ContainerBalancer (ContainerBalancer.java:stop(751)) - Container Balancer is not running.
2022-02-20 11:34:55,255 [Listener at 127.0.0.1/43731] INFO  server.StorageContainerManager (StorageContainerManager.java:stop(1397)) - Stopping Replication Manager Service.
2022-02-20 11:34:55,255 [Listener at 127.0.0.1/43731] INFO  container.ReplicationManager (ReplicationManager.java:stop(357)) - Stopping Replication Monitor Thread.
2022-02-20 11:34:55,255 [Listener at 127.0.0.1/43731] INFO  server.StorageContainerManager (StorageContainerManager.java:stop(1404)) - Stopping the Datanode Admin Monitor.
2022-02-20 11:34:55,255 [Listener at 127.0.0.1/43731] INFO  server.StorageContainerManager (StorageContainerManager.java:stop(1411)) - Stopping Lease Manager of the command watchers
2022-02-20 11:34:55,255 [Listener at 127.0.0.1/43731] INFO  server.StorageContainerManager (StorageContainerManager.java:stop(1418)) - Stopping datanode service RPC server
2022-02-20 11:34:55,255 [Listener at 127.0.0.1/43731] INFO  server.SCMDatanodeProtocolServer (SCMDatanodeProtocolServer.java:stop(390)) - Stopping the RPC server for DataNodes
2022-02-20 11:34:55,255 [Listener at 127.0.0.1/43731] INFO  ipc.Server (Server.java:stop(3414)) - Stopping server on 44551
2022-02-20 11:34:55,270 [IPC Server Responder] INFO  ipc.Server (Server.java:run(1512)) - Stopping IPC Server Responder
2022-02-20 11:34:55,270 [IPC Server listener on 0] INFO  ipc.Server (Server.java:run(1376)) - Stopping IPC Server listener on 0
2022-02-20 11:34:55,326 [SCM Heartbeat Processing Thread - 0] WARN  node.NodeStateManager (NodeStateManager.java:scheduleNextHealthCheck(799)) - Current Thread is interrupted, shutting down HB processing thread for Node Manager.
2022-02-20 11:34:55,329 [Listener at 127.0.0.1/43731] INFO  server.StorageContainerManager (StorageContainerManager.java:stop(1426)) - Stopping block service RPC server
2022-02-20 11:34:55,330 [Listener at 127.0.0.1/43731] INFO  server.SCMBlockProtocolServer (SCMBlockProtocolServer.java:stop(160)) - Stopping the RPC server for Block Protocol
2022-02-20 11:34:55,330 [Listener at 127.0.0.1/43731] INFO  ipc.Server (Server.java:stop(3414)) - Stopping server on 35749
2022-02-20 11:34:55,332 [IPC Server Responder] INFO  ipc.Server (Server.java:run(1512)) - Stopping IPC Server Responder
2022-02-20 11:34:55,332 [Listener at 127.0.0.1/43731] INFO  server.StorageContainerManager (StorageContainerManager.java:stop(1433)) - Stopping the StorageContainerLocationProtocol RPC server
2022-02-20 11:34:55,332 [Listener at 127.0.0.1/43731] INFO  server.SCMClientProtocolServer (SCMClientProtocolServer.java:stop(174)) - Stopping the RPC server for Client Protocol
2022-02-20 11:34:55,332 [Listener at 127.0.0.1/43731] INFO  ipc.Server (Server.java:stop(3414)) - Stopping server on 45473
2022-02-20 11:34:55,333 [IPC Server listener on 0] INFO  ipc.Server (Server.java:run(1376)) - Stopping IPC Server listener on 0
2022-02-20 11:34:55,357 [Listener at 127.0.0.1/43731] INFO  server.StorageContainerManager (StorageContainerManager.java:stop(1440)) - Stopping Storage Container Manager HTTP server.
2022-02-20 11:34:55,357 [Listener at 127.0.0.1/43731] INFO  handler.ContextHandler (ContextHandler.java:doStop(1153)) - Stopped o.e.j.w.WebAppContext@73350232{scm,/,null,STOPPED}{file:/home/runner/work/ozone/ozone/hadoop-ozone/integration-test/target/test-classes/webapps/scm}
2022-02-20 11:34:55,357 [IPC Server listener on 0] INFO  ipc.Server (Server.java:run(1376)) - Stopping IPC Server listener on 0
2022-02-20 11:34:55,358 [IPC Server Responder] INFO  ipc.Server (Server.java:run(1512)) - Stopping IPC Server Responder
2022-02-20 11:34:55,373 [Listener at 127.0.0.1/43731] INFO  server.AbstractConnector (AbstractConnector.java:doStop(381)) - Stopped ServerConnector@7fa21def{HTTP/1.1, (http/1.1)}{0.0.0.0:0}
2022-02-20 11:34:55,373 [Listener at 127.0.0.1/43731] INFO  server.session (HouseKeeper.java:stopScavenging(149)) - node0 Stopped scavenging
2022-02-20 11:34:55,373 [Listener at 127.0.0.1/43731] INFO  handler.ContextHandler (ContextHandler.java:doStop(1153)) - Stopped o.e.j.s.ServletContextHandler@24fad029{static,/static,file:///home/runner/work/ozone/ozone/hadoop-ozone/integration-test/target/test-classes/webapps/static,STOPPED}
2022-02-20 11:34:55,373 [Listener at 127.0.0.1/43731] INFO  handler.ContextHandler (ContextHandler.java:doStop(1153)) - Stopped o.e.j.s.ServletContextHandler@5803867a{logs,/logs,file:///home/runner/work/ozone/ozone/hadoop-ozone/integration-test/target/log,STOPPED}
2022-02-20 11:34:55,374 [Listener at 127.0.0.1/43731] INFO  server.StorageContainerManager (StorageContainerManager.java:stop(1451)) - Stopping Block Manager Service.
2022-02-20 11:34:55,374 [Listener at 127.0.0.1/43731] INFO  utils.BackgroundService (BackgroundService.java:shutdown(132)) - Shutting down service SCMBlockDeletingService
2022-02-20 11:34:55,374 [Listener at 127.0.0.1/43731] INFO  utils.BackgroundService (BackgroundService.java:shutdown(132)) - Shutting down service SCMBlockDeletingService
2022-02-20 11:34:55,375 [Listener at 127.0.0.1/43731] INFO  server.StorageContainerManager (StorageContainerManager.java:stop(1478)) - Stopping SCM Event Queue.
2022-02-20 11:34:55,376 [Listener at 127.0.0.1/43731] INFO  server.StorageContainerManager (StorageContainerManager.java:stop(1489)) - Stopping SCM HA services.
2022-02-20 11:34:55,376 [Listener at 127.0.0.1/43731] INFO  ha.SCMRatisServerImpl (SCMRatisServerImpl.java:stop(236)) - stopping ratis server 0.0.0.0:9894
2022-02-20 11:34:55,376 [Listener at 127.0.0.1/43731] INFO  server.RaftServer (RaftServerProxy.java:lambda$close$6(391)) - 060d77b2-bb29-40c6-b5bc-e873045ad83d: close
2022-02-20 11:34:55,376 [Listener at 127.0.0.1/43731] INFO  server.RaftServer$Division (RaftServerImpl.java:lambda$close$4(412)) - 060d77b2-bb29-40c6-b5bc-e873045ad83d@group-DA5EFC64E117: shutdown
2022-02-20 11:34:55,376 [Listener at 127.0.0.1/43731] INFO  util.JmxRegister (JmxRegister.java:unregister(73)) - Successfully un-registered JMX Bean with object name Ratis:service=RaftServer,group=group-DA5EFC64E117,id=060d77b2-bb29-40c6-b5bc-e873045ad83d
2022-02-20 11:34:55,376 [Listener at 127.0.0.1/43731] INFO  impl.RoleInfo (RoleInfo.java:shutdownLeaderState(91)) - 060d77b2-bb29-40c6-b5bc-e873045ad83d: shutdown 060d77b2-bb29-40c6-b5bc-e873045ad83d@group-DA5EFC64E117-LeaderStateImpl
2022-02-20 11:34:55,376 [Listener at 127.0.0.1/43731] INFO  impl.PendingRequests (PendingRequests.java:sendNotLeaderResponses(282)) - 060d77b2-bb29-40c6-b5bc-e873045ad83d@group-DA5EFC64E117-PendingRequests: sendNotLeaderResponses
2022-02-20 11:34:55,376 [Listener at 127.0.0.1/43731] INFO  ha.SCMStateMachine (SCMStateMachine.java:notifyNotLeader(190)) - current leader SCM steps down.
2022-02-20 11:34:55,376 [Listener at 127.0.0.1/43731] INFO  ha.SCMContext (SCMContext.java:updateLeaderAndTerm(90)) - update <isLeader,term> from <true,2> to <false,0>
2022-02-20 11:34:55,377 [Listener at 127.0.0.1/43731] INFO  ha.SCMContext (SCMContext.java:updateLeaderAndTerm(97)) - update <isLeaderReady> from <false> to <false>
2022-02-20 11:34:55,399 [Listener at 127.0.0.1/43731] INFO  impl.StateMachineUpdater (StateMachineUpdater.java:stopAndJoin(149)) - 060d77b2-bb29-40c6-b5bc-e873045ad83d@group-DA5EFC64E117-StateMachineUpdater: set stopIndex = 30
2022-02-20 11:34:55,399 [060d77b2-bb29-40c6-b5bc-e873045ad83d@group-DA5EFC64E117-StateMachineUpdater] INFO  ha.SCMStateMachine (SCMStateMachine.java:takeSnapshot(297)) - Current Snapshot Index 30, takeSnapshot took 0 ms
2022-02-20 11:34:55,400 [060d77b2-bb29-40c6-b5bc-e873045ad83d@group-DA5EFC64E117-StateMachineUpdater] INFO  impl.StateMachineUpdater (StateMachineUpdater.java:takeSnapshot(281)) - 060d77b2-bb29-40c6-b5bc-e873045ad83d@group-DA5EFC64E117-StateMachineUpdater: Took a snapshot at index 30
2022-02-20 11:34:55,400 [060d77b2-bb29-40c6-b5bc-e873045ad83d@group-DA5EFC64E117-StateMachineUpdater] INFO  impl.StateMachineUpdater (StateMachineUpdater.java:lambda$new$0(89)) - 060d77b2-bb29-40c6-b5bc-e873045ad83d@group-DA5EFC64E117-StateMachineUpdater: snapshotIndex: updateIncreasingly -1 -> 30
2022-02-20 11:34:55,401 [Listener at 127.0.0.1/43731] INFO  server.RaftServer$Division (ServerState.java:close(419)) - 060d77b2-bb29-40c6-b5bc-e873045ad83d@group-DA5EFC64E117: closes. applyIndex: 30
2022-02-20 11:34:55,401 [060d77b2-bb29-40c6-b5bc-e873045ad83d@group-DA5EFC64E117-SegmentedRaftLogWorker] INFO  segmented.SegmentedRaftLogWorker (SegmentedRaftLogWorker.java:run(327)) - 060d77b2-bb29-40c6-b5bc-e873045ad83d@group-DA5EFC64E117-SegmentedRaftLogWorker was interrupted, exiting. There are 0 tasks remaining in the queue.
2022-02-20 11:34:55,402 [Listener at 127.0.0.1/43731] INFO  segmented.SegmentedRaftLogWorker (SegmentedRaftLogWorker.java:close(237)) - 060d77b2-bb29-40c6-b5bc-e873045ad83d@group-DA5EFC64E117-SegmentedRaftLogWorker close()
2022-02-20 11:34:55,403 [Listener at 127.0.0.1/43731] INFO  server.GrpcService (GrpcService.java:closeImpl(262)) - 060d77b2-bb29-40c6-b5bc-e873045ad83d: shutdown server with port 9894 now
2022-02-20 11:34:55,403 [Listener at 127.0.0.1/43731] INFO  server.GrpcService (GrpcService.java:closeImpl(271)) - 060d77b2-bb29-40c6-b5bc-e873045ad83d: shutdown server with port 9894 successfully
2022-02-20 11:34:55,403 [org.apache.ratis.util.JvmPauseMonitor$$Lambda$421/295700833@44747589] INFO  util.JvmPauseMonitor (JvmPauseMonitor.java:run(109)) - JvmPauseMonitor-060d77b2-bb29-40c6-b5bc-e873045ad83d: Stopped
2022-02-20 11:34:55,404 [Listener at 127.0.0.1/43731] INFO  pipeline.BackgroundPipelineCreator (BackgroundPipelineCreator.java:stop(158)) - Stopping RatisPipelineUtilsThread.
2022-02-20 11:34:55,404 [Listener at 127.0.0.1/43731] INFO  server.StorageContainerManager (StorageContainerManager.java:stop(1499)) - Stopping SCM MetadataStore.
2022-02-20 11:34:55,405 [Listener at 127.0.0.1/43731] INFO  impl.MetricsSystemImpl (MetricsSystemImpl.java:stop(210)) - Stopping HddsDatanode metrics system...
2022-02-20 11:34:55,443 [prometheus] INFO  impl.MetricsSinkAdapter (MetricsSinkAdapter.java:publishMetricsFromQueue(141)) - prometheus thread interrupted.
2022-02-20 11:34:55,443 [Listener at 127.0.0.1/43731] INFO  impl.MetricsSystemImpl (MetricsSystemImpl.java:stop(216)) - HddsDatanode metrics system stopped.
2022-02-20 11:34:55,550 [Listener at 127.0.0.1/43731] WARN  server.ServerUtils (ServerUtils.java:getScmDbDir(148)) - ozone.scm.db.dirs is not configured. We recommend adding this setting. Falling back to ozone.metadata.dirs instead.
2022-02-20 11:34:55,558 [Listener at 127.0.0.1/43731] INFO  ha.SCMHANodeDetails (SCMHANodeDetails.java:loadSCMHAConfig(157)) - ServiceID for StorageContainerManager is null
2022-02-20 11:34:55,558 [Listener at 127.0.0.1/43731] INFO  ha.SCMHANodeDetails (SCMHANodeDetails.java:loadSCMHAConfig(162)) - ozone.scm.default.service.id is not defined, falling back to ozone.scm.service.ids to find serviceID for StorageContainerManager if it is HA enabled cluster
2022-02-20 11:34:55,559 [Listener at 127.0.0.1/43731] INFO  server.RaftServer (ConfUtils.java:logGet(44)) - raft.rpc.type = GRPC (default)
2022-02-20 11:34:55,559 [Listener at 127.0.0.1/43731] INFO  grpc.GrpcFactory (GrpcFactory.java:checkPooledByteBufAllocatorUseCacheForAllThreads(48)) - PERFORMANCE WARNING: useCacheForAllThreads is true that may cause Netty to create a lot garbage objects and, as a result, trigger GC.
	It is recommended to disable useCacheForAllThreads by setting -Dorg.apache.ratis.thirdparty.io.netty.allocator.useCacheForAllThreads=false in command line.
2022-02-20 11:34:55,559 [Listener at 127.0.0.1/43731] INFO  grpc.GrpcConfigKeys (ConfUtils.java:logGet(44)) - raft.grpc.admin.port = -1 (default)
2022-02-20 11:34:55,560 [Listener at 127.0.0.1/43731] INFO  grpc.GrpcConfigKeys (ConfUtils.java:logGet(44)) - raft.grpc.server.port = 9894 (custom)
2022-02-20 11:34:55,560 [Listener at 127.0.0.1/43731] INFO  grpc.GrpcConfigKeys (ConfUtils.java:logGet(44)) - raft.grpc.client.port = -1 (default)
2022-02-20 11:34:55,560 [Listener at 127.0.0.1/43731] INFO  grpc.GrpcConfigKeys (ConfUtils.java:logGet(44)) - raft.grpc.server.port = 9894 (custom)
2022-02-20 11:34:55,560 [Listener at 127.0.0.1/43731] INFO  grpc.GrpcConfigKeys (ConfUtils.java:logGet(44)) - raft.grpc.server.port = 9894 (custom)
2022-02-20 11:34:55,560 [Listener at 127.0.0.1/43731] INFO  server.GrpcService (ConfUtils.java:logGet(44)) - raft.grpc.message.size.max = 32m (=33554432) (custom)
2022-02-20 11:34:55,560 [Listener at 127.0.0.1/43731] INFO  server.RaftServerConfigKeys (ConfUtils.java:logGet(44)) - raft.server.log.appender.buffer.byte-limit = 33554432 (custom)
2022-02-20 11:34:55,560 [Listener at 127.0.0.1/43731] INFO  server.GrpcService (ConfUtils.java:logGet(44)) - raft.grpc.flow.control.window = 1MB (=1048576) (default)
2022-02-20 11:34:55,560 [Listener at 127.0.0.1/43731] INFO  server.RaftServerConfigKeys (ConfUtils.java:logGet(44)) - raft.server.rpc.request.timeout = 30000ms (custom)
2022-02-20 11:34:55,561 [Listener at 127.0.0.1/43731] INFO  impl.DataStreamServerImpl (ConfUtils.java:logGet(44)) - raft.datastream.type = DISABLED (default)
2022-02-20 11:34:55,566 [Listener at 127.0.0.1/43731] INFO  server.RaftServerConfigKeys (ConfUtils.java:logGet(44)) - raft.server.rpc.slowness.timeout = 120000ms (custom)
2022-02-20 11:34:55,566 [Listener at 127.0.0.1/43731] INFO  server.RaftServerConfigKeys (ConfUtils.java:logGet(44)) - raft.server.leaderelection.leader.step-down.wait-time = 10s (default)
2022-02-20 11:34:55,566 [Listener at 127.0.0.1/43731] INFO  server.RaftServerConfigKeys (ConfUtils.java:logGet(44)) - raft.server.storage.dir = [/home/runner/work/ozone/ozone/hadoop-ozone/integration-test/target/test-dir/MiniOzoneClusterImpl-ef7d9b18-b883-481c-b364-f8f997331ef1/ozone-meta/scm-ha] (custom)
2022-02-20 11:34:55,574 [Listener at 127.0.0.1/43731] INFO  server.RaftServer (RaftServerProxy.java:addNew(95)) - b9b7942b-4a56-45eb-a5c8-33194168f403: addNew group-F8F997331EF1:[b9b7942b-4a56-45eb-a5c8-33194168f403|rpc:fv-az59-849:9894|priority:0] returns group-F8F997331EF1:java.util.concurrent.CompletableFuture@460064f9[Not completed]
2022-02-20 11:34:55,574 [pool-441-thread-1] INFO  server.RaftServer$Division (RaftServerImpl.java:<init>(184)) - b9b7942b-4a56-45eb-a5c8-33194168f403: new RaftServerImpl for group-F8F997331EF1:[b9b7942b-4a56-45eb-a5c8-33194168f403|rpc:fv-az59-849:9894|priority:0] with SCMStateMachine:uninitialized
2022-02-20 11:34:55,582 [pool-441-thread-1] INFO  server.RaftServerConfigKeys (ConfUtils.java:logGet(44)) - raft.server.rpc.timeout.min = 5000ms (custom)
2022-02-20 11:34:55,582 [pool-441-thread-1] INFO  server.RaftServerConfigKeys (ConfUtils.java:logGet(44)) - raft.server.rpc.timeout.max = 5200ms (custom)
2022-02-20 11:34:55,582 [pool-441-thread-1] INFO  server.RaftServerConfigKeys (ConfUtils.java:logGet(44)) - raft.server.rpc.sleep.time = 25ms (default)
2022-02-20 11:34:55,582 [pool-441-thread-1] INFO  server.RaftServerConfigKeys (ConfUtils.java:logGet(44)) - raft.server.rpc.slowness.timeout = 120000ms (custom)
2022-02-20 11:34:55,582 [pool-441-thread-1] INFO  server.RaftServerConfigKeys (ConfUtils.java:logGet(44)) - raft.server.leaderelection.leader.step-down.wait-time = 10s (default)
2022-02-20 11:34:55,582 [pool-441-thread-1] INFO  server.RaftServerConfigKeys (ConfUtils.java:logGet(44)) - raft.server.sleep.deviation.threshold = 300ms (default)
2022-02-20 11:34:55,582 [pool-441-thread-1] INFO  server.RaftServerConfigKeys (ConfUtils.java:logGet(44)) - raft.server.log.appender.install.snapshot.enabled = false (custom)
2022-02-20 11:34:55,582 [pool-441-thread-1] INFO  server.RaftServer$Division (ServerState.java:<init>(105)) - b9b7942b-4a56-45eb-a5c8-33194168f403@group-F8F997331EF1: ConfigurationManager, init=-1: [b9b7942b-4a56-45eb-a5c8-33194168f403|rpc:fv-az59-849:9894|priority:0], old=null, confs=<EMPTY_MAP>
2022-02-20 11:34:55,582 [pool-441-thread-1] INFO  server.RaftServerConfigKeys (ConfUtils.java:logGet(44)) - raft.server.storage.dir = [/home/runner/work/ozone/ozone/hadoop-ozone/integration-test/target/test-dir/MiniOzoneClusterImpl-ef7d9b18-b883-481c-b364-f8f997331ef1/ozone-meta/scm-ha] (custom)
2022-02-20 11:34:55,582 [pool-441-thread-1] INFO  server.RaftServerConfigKeys (ConfUtils.java:logGet(44)) - raft.server.log.corruption.policy = EXCEPTION (default)
2022-02-20 11:34:55,582 [pool-441-thread-1] INFO  server.RaftServerConfigKeys (ConfUtils.java:logGet(44)) - raft.server.storage.free-space.min = 0MB (=0) (default)
2022-02-20 11:34:55,583 [pool-441-thread-1] INFO  storage.RaftStorageDirectory (RaftStorageDirectoryImpl.java:analyzeStorage(135)) - The storage directory /home/runner/work/ozone/ozone/hadoop-ozone/integration-test/target/test-dir/MiniOzoneClusterImpl-ef7d9b18-b883-481c-b364-f8f997331ef1/ozone-meta/scm-ha/ef7d9b18-b883-481c-b364-f8f997331ef1 does not exist. Creating ...
2022-02-20 11:34:55,591 [pool-441-thread-1] INFO  storage.RaftStorageDirectory (RaftStorageDirectoryImpl.java:tryLock(230)) - Lock on /home/runner/work/ozone/ozone/hadoop-ozone/integration-test/target/test-dir/MiniOzoneClusterImpl-ef7d9b18-b883-481c-b364-f8f997331ef1/ozone-meta/scm-ha/ef7d9b18-b883-481c-b364-f8f997331ef1/in_use.lock acquired by nodename 9434@fv-az59-849
2022-02-20 11:34:55,592 [pool-441-thread-1] INFO  storage.RaftStorage (RaftStorageImpl.java:format(89)) - Storage directory /home/runner/work/ozone/ozone/hadoop-ozone/integration-test/target/test-dir/MiniOzoneClusterImpl-ef7d9b18-b883-481c-b364-f8f997331ef1/ozone-meta/scm-ha/ef7d9b18-b883-481c-b364-f8f997331ef1 has been successfully formatted.
2022-02-20 11:34:55,592 [pool-441-thread-1] INFO  server.RaftServerConfigKeys (ConfUtils.java:logGet(44)) - raft.server.notification.no-leader.timeout = 60s (default)
2022-02-20 11:34:55,593 [pool-441-thread-1] INFO  server.RaftServerConfigKeys (ConfUtils.java:logGet(44)) - raft.server.log.use.memory = false (default)
2022-02-20 11:34:55,593 [pool-441-thread-1] INFO  server.RaftServerConfigKeys (ConfUtils.java:logGet(44)) - raft.server.log.purge.gap = 1000000 (custom)
2022-02-20 11:34:55,593 [pool-441-thread-1] INFO  server.RaftServerConfigKeys (ConfUtils.java:logGet(44)) - raft.server.log.appender.buffer.byte-limit = 33554432 (custom)
2022-02-20 11:34:55,593 [pool-441-thread-1] INFO  server.RaftServerConfigKeys (ConfUtils.java:logGet(44)) - raft.server.log.segment.size.max = 4194304 (custom)
2022-02-20 11:34:55,593 [pool-441-thread-1] INFO  server.RaftServerConfigKeys (ConfUtils.java:logGet(44)) - raft.server.log.segment.cache.num.max = 2 (custom)
2022-02-20 11:34:55,593 [pool-441-thread-1] INFO  server.RaftServerConfigKeys (ConfUtils.java:logGet(44)) - raft.server.log.segment.cache.size.max = 200MB (=209715200) (default)
2022-02-20 11:34:55,593 [pool-441-thread-1] INFO  segmented.SegmentedRaftLogWorker (SegmentedRaftLogWorker.java:<init>(182)) - new b9b7942b-4a56-45eb-a5c8-33194168f403@group-F8F997331EF1-SegmentedRaftLogWorker for RaftStorageImpl:Storage Directory /home/runner/work/ozone/ozone/hadoop-ozone/integration-test/target/test-dir/MiniOzoneClusterImpl-ef7d9b18-b883-481c-b364-f8f997331ef1/ozone-meta/scm-ha/ef7d9b18-b883-481c-b364-f8f997331ef1
2022-02-20 11:34:55,593 [pool-441-thread-1] INFO  server.RaftServerConfigKeys (ConfUtils.java:logGet(44)) - raft.server.log.queue.byte-limit = 64MB (=67108864) (default)
2022-02-20 11:34:55,593 [pool-441-thread-1] INFO  server.RaftServerConfigKeys (ConfUtils.java:logGet(44)) - raft.server.log.queue.element-limit = 4096 (default)
2022-02-20 11:34:55,593 [pool-441-thread-1] INFO  server.RaftServerConfigKeys (ConfUtils.java:logGet(44)) - raft.server.log.segment.size.max = 4194304 (custom)
2022-02-20 11:34:55,594 [pool-441-thread-1] INFO  server.RaftServerConfigKeys (ConfUtils.java:logGet(44)) - raft.server.log.preallocated.size = 4194304 (custom)
2022-02-20 11:34:55,594 [pool-441-thread-1] INFO  server.RaftServerConfigKeys (ConfUtils.java:logGet(44)) - raft.server.log.force.sync.num = 128 (default)
2022-02-20 11:34:55,594 [pool-441-thread-1] INFO  server.RaftServerConfigKeys (ConfUtils.java:logGet(44)) - raft.server.log.statemachine.data.sync = true (default)
2022-02-20 11:34:55,594 [pool-441-thread-1] INFO  server.RaftServerConfigKeys (ConfUtils.java:logGet(44)) - raft.server.log.statemachine.data.sync.timeout = 10s (default)
2022-02-20 11:34:55,594 [pool-441-thread-1] INFO  server.RaftServerConfigKeys (ConfUtils.java:logGet(44)) - raft.server.log.statemachine.data.sync.timeout.retry = -1 (default)
2022-02-20 11:34:55,594 [pool-441-thread-1] INFO  server.RaftServerConfigKeys (ConfUtils.java:logGet(44)) - raft.server.log.write.buffer.size = 64KB (=65536) (default)
2022-02-20 11:34:55,594 [pool-441-thread-1] INFO  server.RaftServerConfigKeys (ConfUtils.java:logGet(44)) - raft.server.log.statemachine.data.caching.enabled = false (default)
2022-02-20 11:34:55,595 [pool-441-thread-1] INFO  segmented.SegmentedRaftLogWorker (SegmentedRaftLogWorker.java:lambda$new$0(133)) - b9b7942b-4a56-45eb-a5c8-33194168f403@group-F8F997331EF1-SegmentedRaftLogWorker: flushIndex: setUnconditionally 0 -> -1
2022-02-20 11:34:55,595 [pool-441-thread-1] INFO  segmented.SegmentedRaftLogWorker (SegmentedRaftLogWorker.java:lambda$new$0(133)) - b9b7942b-4a56-45eb-a5c8-33194168f403@group-F8F997331EF1-SegmentedRaftLogWorker: safeCacheEvictIndex: setUnconditionally 0 -> -1
2022-02-20 11:34:55,595 [pool-441-thread-1] INFO  server.RaftServerConfigKeys (ConfUtils.java:logGet(44)) - raft.server.snapshot.auto.trigger.enabled = true (custom)
2022-02-20 11:34:55,595 [pool-441-thread-1] INFO  server.RaftServerConfigKeys (ConfUtils.java:logGet(44)) - raft.server.snapshot.auto.trigger.threshold = 1000 (custom)
2022-02-20 11:34:55,595 [pool-441-thread-1] INFO  server.RaftServerConfigKeys (ConfUtils.java:logGet(44)) - raft.server.snapshot.retention.file.num = -1 (default)
2022-02-20 11:34:55,595 [pool-441-thread-1] INFO  server.RaftServerConfigKeys (ConfUtils.java:logGet(44)) - raft.server.log.purge.upto.snapshot.index = false (default)
2022-02-20 11:34:55,595 [pool-441-thread-1] INFO  server.RaftServerConfigKeys (ConfUtils.java:logGet(44)) - raft.server.retrycache.expirytime = 60000ms (default)
2022-02-20 11:34:55,595 [pool-441-thread-1] INFO  server.RaftServerConfigKeys (ConfUtils.java:logGet(44)) - raft.server.retrycache.statistics.expirytime = 100μs (default)
2022-02-20 11:34:55,596 [Listener at 127.0.0.1/43731] INFO  server.RaftServer$Division (RaftServerImpl.java:start(301)) - b9b7942b-4a56-45eb-a5c8-33194168f403@group-F8F997331EF1: start as a follower, conf=-1: [b9b7942b-4a56-45eb-a5c8-33194168f403|rpc:fv-az59-849:9894|priority:0], old=null
2022-02-20 11:34:55,596 [Listener at 127.0.0.1/43731] INFO  server.RaftServer$Division (RaftServerImpl.java:setRole(290)) - b9b7942b-4a56-45eb-a5c8-33194168f403@group-F8F997331EF1: changes role from      null to FOLLOWER at term 0 for startAsFollower
2022-02-20 11:34:55,596 [Listener at 127.0.0.1/43731] INFO  impl.RoleInfo (RoleInfo.java:updateAndGet(130)) - b9b7942b-4a56-45eb-a5c8-33194168f403: start b9b7942b-4a56-45eb-a5c8-33194168f403@group-F8F997331EF1-FollowerState
2022-02-20 11:34:55,598 [Listener at 127.0.0.1/43731] INFO  util.JmxRegister (JmxRegister.java:tryRegister(44)) - Successfully registered JMX Bean with object name Ratis:service=RaftServer,group=group-F8F997331EF1,id=b9b7942b-4a56-45eb-a5c8-33194168f403
2022-02-20 11:34:55,602 [Listener at 127.0.0.1/43731] INFO  server.RaftServer (RaftServerProxy.java:lambda$start$5(374)) - b9b7942b-4a56-45eb-a5c8-33194168f403: start RPC server
2022-02-20 11:34:55,603 [Listener at 127.0.0.1/43731] INFO  server.GrpcService (GrpcService.java:startImpl(253)) - b9b7942b-4a56-45eb-a5c8-33194168f403: GrpcService started, listening on 9894
2022-02-20 11:34:55,604 [org.apache.ratis.util.JvmPauseMonitor$$Lambda$421/295700833@64cacea1] INFO  util.JvmPauseMonitor (JvmPauseMonitor.java:run(103)) - JvmPauseMonitor-b9b7942b-4a56-45eb-a5c8-33194168f403: Started
2022-02-20 11:35:00,682 [b9b7942b-4a56-45eb-a5c8-33194168f403@group-F8F997331EF1-FollowerState] INFO  impl.FollowerState (FollowerState.java:run(134)) - b9b7942b-4a56-45eb-a5c8-33194168f403@group-F8F997331EF1-FollowerState: change to CANDIDATE, lastRpcElapsedTime:5085395472ns, electionTimeout:5083ms
2022-02-20 11:35:00,682 [b9b7942b-4a56-45eb-a5c8-33194168f403@group-F8F997331EF1-FollowerState] INFO  impl.RoleInfo (RoleInfo.java:shutdownFollowerState(108)) - b9b7942b-4a56-45eb-a5c8-33194168f403: shutdown b9b7942b-4a56-45eb-a5c8-33194168f403@group-F8F997331EF1-FollowerState
2022-02-20 11:35:00,682 [b9b7942b-4a56-45eb-a5c8-33194168f403@group-F8F997331EF1-FollowerState] INFO  server.RaftServer$Division (RaftServerImpl.java:setRole(290)) - b9b7942b-4a56-45eb-a5c8-33194168f403@group-F8F997331EF1: changes role from  FOLLOWER to CANDIDATE at term 0 for changeToCandidate
2022-02-20 11:35:00,682 [b9b7942b-4a56-45eb-a5c8-33194168f403@group-F8F997331EF1-FollowerState] INFO  server.RaftServerConfigKeys (ConfUtils.java:logGet(44)) - raft.server.leaderelection.pre-vote = false (custom)
2022-02-20 11:35:00,682 [b9b7942b-4a56-45eb-a5c8-33194168f403@group-F8F997331EF1-FollowerState] INFO  impl.RoleInfo (RoleInfo.java:updateAndGet(130)) - b9b7942b-4a56-45eb-a5c8-33194168f403: start b9b7942b-4a56-45eb-a5c8-33194168f403@group-F8F997331EF1-LeaderElection52
2022-02-20 11:35:00,699 [b9b7942b-4a56-45eb-a5c8-33194168f403@group-F8F997331EF1-LeaderElection52] INFO  impl.LeaderElection (LeaderElection.java:askForVotes(306)) - b9b7942b-4a56-45eb-a5c8-33194168f403@group-F8F997331EF1-LeaderElection52 ELECTION round 0: submit vote requests at term 1 for -1: [b9b7942b-4a56-45eb-a5c8-33194168f403|rpc:fv-az59-849:9894|priority:0], old=null
2022-02-20 11:35:00,699 [b9b7942b-4a56-45eb-a5c8-33194168f403@group-F8F997331EF1-LeaderElection52] INFO  impl.LeaderElection (LeaderElection.java:askForVotes(308)) - b9b7942b-4a56-45eb-a5c8-33194168f403@group-F8F997331EF1-LeaderElection52 ELECTION round 0: result PASSED (term=1)
2022-02-20 11:35:00,699 [b9b7942b-4a56-45eb-a5c8-33194168f403@group-F8F997331EF1-LeaderElection52] INFO  impl.RoleInfo (RoleInfo.java:shutdownLeaderElection(121)) - b9b7942b-4a56-45eb-a5c8-33194168f403: shutdown b9b7942b-4a56-45eb-a5c8-33194168f403@group-F8F997331EF1-LeaderElection52
2022-02-20 11:35:00,700 [b9b7942b-4a56-45eb-a5c8-33194168f403@group-F8F997331EF1-LeaderElection52] INFO  server.RaftServer$Division (RaftServerImpl.java:setRole(290)) - b9b7942b-4a56-45eb-a5c8-33194168f403@group-F8F997331EF1: changes role from CANDIDATE to LEADER at term 1 for changeToLeader
2022-02-20 11:35:00,700 [b9b7942b-4a56-45eb-a5c8-33194168f403@group-F8F997331EF1-LeaderElection52] INFO  server.RaftServer$Division (ServerState.java:setLeader(285)) - b9b7942b-4a56-45eb-a5c8-33194168f403@group-F8F997331EF1: change Leader from null to b9b7942b-4a56-45eb-a5c8-33194168f403 at term 1 for becomeLeader, leader elected after 5107ms
2022-02-20 11:35:00,700 [b9b7942b-4a56-45eb-a5c8-33194168f403@group-F8F997331EF1-LeaderElection52] INFO  server.RaftServerConfigKeys (ConfUtils.java:logGet(44)) - raft.server.staging.catchup.gap = 1000 (default)
2022-02-20 11:35:00,700 [b9b7942b-4a56-45eb-a5c8-33194168f403@group-F8F997331EF1-LeaderElection52] INFO  server.RaftServerConfigKeys (ConfUtils.java:logGet(44)) - raft.server.write.element-limit = 4096 (default)
2022-02-20 11:35:00,700 [b9b7942b-4a56-45eb-a5c8-33194168f403@group-F8F997331EF1-LeaderElection52] INFO  server.RaftServerConfigKeys (ConfUtils.java:logGet(44)) - raft.server.write.byte-limit = 64MB (=67108864) (default)
2022-02-20 11:35:00,700 [b9b7942b-4a56-45eb-a5c8-33194168f403@group-F8F997331EF1-LeaderElection52] INFO  server.RaftServerConfigKeys (ConfUtils.java:logGet(44)) - raft.server.watch.timeout = 10s (default)
2022-02-20 11:35:00,700 [b9b7942b-4a56-45eb-a5c8-33194168f403@group-F8F997331EF1-LeaderElection52] INFO  server.RaftServerConfigKeys (ConfUtils.java:logGet(44)) - raft.server.watch.timeout.denomination = 1s (default)
2022-02-20 11:35:00,700 [b9b7942b-4a56-45eb-a5c8-33194168f403@group-F8F997331EF1-LeaderElection52] INFO  server.RaftServerConfigKeys (ConfUtils.java:logGet(44)) - raft.server.watch.element-limit = 65536 (default)
2022-02-20 11:35:00,700 [b9b7942b-4a56-45eb-a5c8-33194168f403@group-F8F997331EF1-LeaderElection52] INFO  server.RaftServerConfigKeys (ConfUtils.java:logGet(44)) - raft.server.write.element-limit = 4096 (default)
2022-02-20 11:35:00,700 [b9b7942b-4a56-45eb-a5c8-33194168f403@group-F8F997331EF1-LeaderElection52] INFO  server.RaftServerConfigKeys (ConfUtils.java:logGet(44)) - raft.server.write.follower.gap.ratio.max = -1.0 (default)
2022-02-20 11:35:00,700 [b9b7942b-4a56-45eb-a5c8-33194168f403@group-F8F997331EF1-LeaderElection52] INFO  impl.RoleInfo (RoleInfo.java:updateAndGet(130)) - b9b7942b-4a56-45eb-a5c8-33194168f403: start b9b7942b-4a56-45eb-a5c8-33194168f403@group-F8F997331EF1-LeaderStateImpl
2022-02-20 11:35:00,701 [b9b7942b-4a56-45eb-a5c8-33194168f403@group-F8F997331EF1-LeaderElection52] INFO  segmented.SegmentedRaftLogWorker (SegmentedRaftLogWorker.java:startLogSegment(394)) - b9b7942b-4a56-45eb-a5c8-33194168f403@group-F8F997331EF1-SegmentedRaftLogWorker: Starting segment from index:0
2022-02-20 11:35:00,714 [b9b7942b-4a56-45eb-a5c8-33194168f403@group-F8F997331EF1-LeaderElection52] INFO  server.RaftServer$Division (ServerState.java:setRaftConf(387)) - b9b7942b-4a56-45eb-a5c8-33194168f403@group-F8F997331EF1: set configuration 0: [b9b7942b-4a56-45eb-a5c8-33194168f403|rpc:fv-az59-849:9894|admin:|client:|dataStream:|priority:0], old=null
2022-02-20 11:35:00,725 [b9b7942b-4a56-45eb-a5c8-33194168f403@group-F8F997331EF1-SegmentedRaftLogWorker] INFO  segmented.SegmentedRaftLogWorker (SegmentedRaftLogWorker.java:execute(601)) - b9b7942b-4a56-45eb-a5c8-33194168f403@group-F8F997331EF1-SegmentedRaftLogWorker: created new log segment /home/runner/work/ozone/ozone/hadoop-ozone/integration-test/target/test-dir/MiniOzoneClusterImpl-ef7d9b18-b883-481c-b364-f8f997331ef1/ozone-meta/scm-ha/ef7d9b18-b883-481c-b364-f8f997331ef1/current/log_inprogress_0
2022-02-20 11:35:01,604 [Listener at 127.0.0.1/43731] INFO  server.RaftServer (RaftServerProxy.java:lambda$close$6(391)) - b9b7942b-4a56-45eb-a5c8-33194168f403: close
2022-02-20 11:35:01,604 [Listener at 127.0.0.1/43731] INFO  server.RaftServer$Division (RaftServerImpl.java:lambda$close$4(412)) - b9b7942b-4a56-45eb-a5c8-33194168f403@group-F8F997331EF1: shutdown
2022-02-20 11:35:01,605 [Listener at 127.0.0.1/43731] INFO  util.JmxRegister (JmxRegister.java:unregister(73)) - Successfully un-registered JMX Bean with object name Ratis:service=RaftServer,group=group-F8F997331EF1,id=b9b7942b-4a56-45eb-a5c8-33194168f403
2022-02-20 11:35:01,605 [Listener at 127.0.0.1/43731] INFO  impl.RoleInfo (RoleInfo.java:shutdownLeaderState(91)) - b9b7942b-4a56-45eb-a5c8-33194168f403: shutdown b9b7942b-4a56-45eb-a5c8-33194168f403@group-F8F997331EF1-LeaderStateImpl
2022-02-20 11:35:01,605 [Listener at 127.0.0.1/43731] INFO  impl.PendingRequests (PendingRequests.java:sendNotLeaderResponses(282)) - b9b7942b-4a56-45eb-a5c8-33194168f403@group-F8F997331EF1-PendingRequests: sendNotLeaderResponses
2022-02-20 11:35:01,606 [Listener at 127.0.0.1/43731] INFO  impl.StateMachineUpdater (StateMachineUpdater.java:stopAndJoin(149)) - b9b7942b-4a56-45eb-a5c8-33194168f403@group-F8F997331EF1-StateMachineUpdater: set stopIndex = 0
2022-02-20 11:35:01,606 [b9b7942b-4a56-45eb-a5c8-33194168f403@group-F8F997331EF1-StateMachineUpdater] INFO  impl.StateMachineUpdater (StateMachineUpdater.java:takeSnapshot(281)) - b9b7942b-4a56-45eb-a5c8-33194168f403@group-F8F997331EF1-StateMachineUpdater: Took a snapshot at index 0
2022-02-20 11:35:01,606 [b9b7942b-4a56-45eb-a5c8-33194168f403@group-F8F997331EF1-StateMachineUpdater] INFO  impl.StateMachineUpdater (StateMachineUpdater.java:lambda$new$0(89)) - b9b7942b-4a56-45eb-a5c8-33194168f403@group-F8F997331EF1-StateMachineUpdater: snapshotIndex: updateIncreasingly -1 -> 0
2022-02-20 11:35:01,606 [Listener at 127.0.0.1/43731] INFO  server.RaftServer$Division (ServerState.java:close(419)) - b9b7942b-4a56-45eb-a5c8-33194168f403@group-F8F997331EF1: closes. applyIndex: 0
2022-02-20 11:35:01,606 [b9b7942b-4a56-45eb-a5c8-33194168f403@group-F8F997331EF1-SegmentedRaftLogWorker] INFO  segmented.SegmentedRaftLogWorker (SegmentedRaftLogWorker.java:run(327)) - b9b7942b-4a56-45eb-a5c8-33194168f403@group-F8F997331EF1-SegmentedRaftLogWorker was interrupted, exiting. There are 0 tasks remaining in the queue.
2022-02-20 11:35:01,608 [Listener at 127.0.0.1/43731] INFO  segmented.SegmentedRaftLogWorker (SegmentedRaftLogWorker.java:close(237)) - b9b7942b-4a56-45eb-a5c8-33194168f403@group-F8F997331EF1-SegmentedRaftLogWorker close()
2022-02-20 11:35:01,626 [Listener at 127.0.0.1/43731] INFO  server.GrpcService (GrpcService.java:closeImpl(262)) - b9b7942b-4a56-45eb-a5c8-33194168f403: shutdown server with port 9894 now
2022-02-20 11:35:01,626 [Listener at 127.0.0.1/43731] INFO  server.GrpcService (GrpcService.java:closeImpl(271)) - b9b7942b-4a56-45eb-a5c8-33194168f403: shutdown server with port 9894 successfully
2022-02-20 11:35:01,626 [org.apache.ratis.util.JvmPauseMonitor$$Lambda$421/295700833@64cacea1] INFO  util.JvmPauseMonitor (JvmPauseMonitor.java:run(109)) - JvmPauseMonitor-b9b7942b-4a56-45eb-a5c8-33194168f403: Stopped
2022-02-20 11:35:01,627 [Listener at 127.0.0.1/43731] INFO  ha.SCMHANodeDetails (SCMHANodeDetails.java:loadSCMHAConfig(157)) - ServiceID for StorageContainerManager is null
2022-02-20 11:35:01,627 [Listener at 127.0.0.1/43731] INFO  ha.SCMHANodeDetails (SCMHANodeDetails.java:loadSCMHAConfig(162)) - ozone.scm.default.service.id is not defined, falling back to ozone.scm.service.ids to find serviceID for StorageContainerManager if it is HA enabled cluster
2022-02-20 11:35:01,627 [Listener at 127.0.0.1/43731] WARN  server.ServerUtils (ServerUtils.java:getScmDbDir(148)) - ozone.scm.db.dirs is not configured. We recommend adding this setting. Falling back to ozone.metadata.dirs instead.
2022-02-20 11:35:01,628 [Listener at 127.0.0.1/43731] INFO  upgrade.AbstractLayoutVersionManager (AbstractLayoutVersionManager.java:init(79)) - Initializing Layout version manager with metadata layout = SCM_HA (version = 2), software layout = SCM_HA (version = 2)
2022-02-20 11:35:01,759 [Listener at 127.0.0.1/43731] INFO  reflections.Reflections (Reflections.java:scan(232)) - Reflections took 130 ms to scan 7 urls, producing 121 keys and 284 values 
2022-02-20 11:35:01,763 [Listener at 127.0.0.1/43731] WARN  utils.HAUtils (HAUtils.java:getMetaDir(342)) - ozone.scm.db.dirs is not configured. We recommend adding this setting. Falling back to ozone.metadata.dirs instead.
2022-02-20 11:35:01,764 [Listener at 127.0.0.1/43731] WARN  db.DBStoreBuilder (DBStoreBuilder.java:applyDBDefinition(145)) - ozone.scm.db.dirs is not configured. We recommend adding this setting. Falling back to ozone.metadata.dirs instead.
2022-02-20 11:35:01,962 [Listener at 127.0.0.1/43731] INFO  net.NodeSchemaLoader (NodeSchemaLoader.java:loadSchemaFromFile(129)) - Loading schema from [jar:file:/home/runner/.m2/repository/org/apache/ozone/hdds-common/1.3.0-SNAPSHOT/hdds-common-1.3.0-SNAPSHOT.jar!/network-topology-default.xml]
2022-02-20 11:35:01,963 [Listener at 127.0.0.1/43731] INFO  net.NodeSchemaLoader (NodeSchemaLoader.java:loadSchema(176)) - Loading network topology layer schema file
2022-02-20 11:35:01,975 [Listener at 127.0.0.1/43731] INFO  ha.SCMRatisServerImpl (SCMRatisServerImpl.java:<init>(87)) - starting Raft server for scm:b9b7942b-4a56-45eb-a5c8-33194168f403
2022-02-20 11:35:01,975 [Listener at 127.0.0.1/43731] INFO  server.RaftServer (ConfUtils.java:logGet(44)) - raft.rpc.type = GRPC (default)
2022-02-20 11:35:01,976 [Listener at 127.0.0.1/43731] INFO  grpc.GrpcFactory (GrpcFactory.java:checkPooledByteBufAllocatorUseCacheForAllThreads(48)) - PERFORMANCE WARNING: useCacheForAllThreads is true that may cause Netty to create a lot garbage objects and, as a result, trigger GC.
	It is recommended to disable useCacheForAllThreads by setting -Dorg.apache.ratis.thirdparty.io.netty.allocator.useCacheForAllThreads=false in command line.
2022-02-20 11:35:01,976 [Listener at 127.0.0.1/43731] INFO  grpc.GrpcConfigKeys (ConfUtils.java:logGet(44)) - raft.grpc.admin.port = -1 (default)
2022-02-20 11:35:01,976 [Listener at 127.0.0.1/43731] INFO  grpc.GrpcConfigKeys (ConfUtils.java:logGet(44)) - raft.grpc.server.port = 9894 (custom)
2022-02-20 11:35:01,980 [Listener at 127.0.0.1/43731] INFO  grpc.GrpcConfigKeys (ConfUtils.java:logGet(44)) - raft.grpc.client.port = -1 (default)
2022-02-20 11:35:01,980 [Listener at 127.0.0.1/43731] INFO  grpc.GrpcConfigKeys (ConfUtils.java:logGet(44)) - raft.grpc.server.port = 9894 (custom)
2022-02-20 11:35:01,980 [Listener at 127.0.0.1/43731] INFO  grpc.GrpcConfigKeys (ConfUtils.java:logGet(44)) - raft.grpc.server.port = 9894 (custom)
2022-02-20 11:35:01,980 [Listener at 127.0.0.1/43731] INFO  server.GrpcService (ConfUtils.java:logGet(44)) - raft.grpc.message.size.max = 32m (=33554432) (custom)
2022-02-20 11:35:01,980 [Listener at 127.0.0.1/43731] INFO  server.RaftServerConfigKeys (ConfUtils.java:logGet(44)) - raft.server.log.appender.buffer.byte-limit = 33554432 (custom)
2022-02-20 11:35:01,981 [Listener at 127.0.0.1/43731] INFO  server.GrpcService (ConfUtils.java:logGet(44)) - raft.grpc.flow.control.window = 1MB (=1048576) (default)
2022-02-20 11:35:01,981 [Listener at 127.0.0.1/43731] INFO  server.RaftServerConfigKeys (ConfUtils.java:logGet(44)) - raft.server.rpc.request.timeout = 30000ms (custom)
2022-02-20 11:35:01,982 [Listener at 127.0.0.1/43731] INFO  impl.DataStreamServerImpl (ConfUtils.java:logGet(44)) - raft.datastream.type = DISABLED (default)
2022-02-20 11:35:01,982 [Listener at 127.0.0.1/43731] INFO  server.RaftServerConfigKeys (ConfUtils.java:logGet(44)) - raft.server.rpc.slowness.timeout = 120000ms (custom)
2022-02-20 11:35:01,982 [Listener at 127.0.0.1/43731] INFO  server.RaftServerConfigKeys (ConfUtils.java:logGet(44)) - raft.server.leaderelection.leader.step-down.wait-time = 10s (default)
2022-02-20 11:35:01,982 [Listener at 127.0.0.1/43731] INFO  server.RaftServerConfigKeys (ConfUtils.java:logGet(44)) - raft.server.storage.dir = [/home/runner/work/ozone/ozone/hadoop-ozone/integration-test/target/test-dir/MiniOzoneClusterImpl-ef7d9b18-b883-481c-b364-f8f997331ef1/ozone-meta/scm-ha] (custom)
2022-02-20 11:35:01,982 [Listener at 127.0.0.1/43731] INFO  server.RaftServer (RaftServerProxy.java:lambda$null$1(235)) - b9b7942b-4a56-45eb-a5c8-33194168f403: found a subdirectory /home/runner/work/ozone/ozone/hadoop-ozone/integration-test/target/test-dir/MiniOzoneClusterImpl-ef7d9b18-b883-481c-b364-f8f997331ef1/ozone-meta/scm-ha/ef7d9b18-b883-481c-b364-f8f997331ef1
2022-02-20 11:35:01,997 [Listener at 127.0.0.1/43731] INFO  server.RaftServer (RaftServerProxy.java:addNew(95)) - b9b7942b-4a56-45eb-a5c8-33194168f403: addNew group-F8F997331EF1:[] returns group-F8F997331EF1:java.util.concurrent.CompletableFuture@4a02814e[Not completed]
2022-02-20 11:35:01,998 [pool-454-thread-1] INFO  server.RaftServer$Division (RaftServerImpl.java:<init>(184)) - b9b7942b-4a56-45eb-a5c8-33194168f403: new RaftServerImpl for group-F8F997331EF1:[] with SCMStateMachine:uninitialized
2022-02-20 11:35:02,014 [pool-454-thread-1] INFO  server.RaftServerConfigKeys (ConfUtils.java:logGet(44)) - raft.server.rpc.timeout.min = 5000ms (custom)
2022-02-20 11:35:02,014 [pool-454-thread-1] INFO  server.RaftServerConfigKeys (ConfUtils.java:logGet(44)) - raft.server.rpc.timeout.max = 5200ms (custom)
2022-02-20 11:35:02,014 [pool-454-thread-1] INFO  server.RaftServerConfigKeys (ConfUtils.java:logGet(44)) - raft.server.rpc.sleep.time = 25ms (default)
2022-02-20 11:35:02,014 [pool-454-thread-1] INFO  server.RaftServerConfigKeys (ConfUtils.java:logGet(44)) - raft.server.rpc.slowness.timeout = 120000ms (custom)
2022-02-20 11:35:02,014 [pool-454-thread-1] INFO  server.RaftServerConfigKeys (ConfUtils.java:logGet(44)) - raft.server.leaderelection.leader.step-down.wait-time = 10s (default)
2022-02-20 11:35:02,014 [pool-454-thread-1] INFO  server.RaftServerConfigKeys (ConfUtils.java:logGet(44)) - raft.server.sleep.deviation.threshold = 300ms (default)
2022-02-20 11:35:02,014 [pool-454-thread-1] INFO  server.RaftServerConfigKeys (ConfUtils.java:logGet(44)) - raft.server.log.appender.install.snapshot.enabled = false (custom)
2022-02-20 11:35:02,014 [pool-454-thread-1] INFO  server.RaftServer$Division (ServerState.java:<init>(105)) - b9b7942b-4a56-45eb-a5c8-33194168f403@group-F8F997331EF1: ConfigurationManager, init=-1: [], old=null, confs=<EMPTY_MAP>
2022-02-20 11:35:02,014 [pool-454-thread-1] INFO  server.RaftServerConfigKeys (ConfUtils.java:logGet(44)) - raft.server.storage.dir = [/home/runner/work/ozone/ozone/hadoop-ozone/integration-test/target/test-dir/MiniOzoneClusterImpl-ef7d9b18-b883-481c-b364-f8f997331ef1/ozone-meta/scm-ha] (custom)
2022-02-20 11:35:02,014 [pool-454-thread-1] INFO  server.RaftServerConfigKeys (ConfUtils.java:logGet(44)) - raft.server.log.corruption.policy = EXCEPTION (default)
2022-02-20 11:35:02,014 [pool-454-thread-1] INFO  server.RaftServerConfigKeys (ConfUtils.java:logGet(44)) - raft.server.storage.free-space.min = 0MB (=0) (default)
2022-02-20 11:35:02,018 [pool-454-thread-1] INFO  storage.RaftStorageDirectory (RaftStorageDirectoryImpl.java:tryLock(230)) - Lock on /home/runner/work/ozone/ozone/hadoop-ozone/integration-test/target/test-dir/MiniOzoneClusterImpl-ef7d9b18-b883-481c-b364-f8f997331ef1/ozone-meta/scm-ha/ef7d9b18-b883-481c-b364-f8f997331ef1/in_use.lock acquired by nodename 9434@fv-az59-849
2022-02-20 11:35:02,018 [pool-454-thread-1] INFO  storage.RaftStorage (RaftStorageImpl.java:analyzeAndRecoverStorage(110)) - Read RaftStorageMetadata{term=1, votedFor=b9b7942b-4a56-45eb-a5c8-33194168f403} from /home/runner/work/ozone/ozone/hadoop-ozone/integration-test/target/test-dir/MiniOzoneClusterImpl-ef7d9b18-b883-481c-b364-f8f997331ef1/ozone-meta/scm-ha/ef7d9b18-b883-481c-b364-f8f997331ef1/current/raft-meta
2022-02-20 11:35:02,018 [pool-454-thread-1] INFO  server.RaftServer$Division (ServerState.java:setRaftConf(387)) - b9b7942b-4a56-45eb-a5c8-33194168f403@group-F8F997331EF1: set configuration 0: [b9b7942b-4a56-45eb-a5c8-33194168f403|rpc:fv-az59-849:9894|admin:|client:|dataStream:|priority:0], old=null
2022-02-20 11:35:02,018 [pool-454-thread-1] INFO  server.RaftServerConfigKeys (ConfUtils.java:logGet(44)) - raft.server.notification.no-leader.timeout = 60s (default)
2022-02-20 11:35:02,018 [pool-454-thread-1] INFO  server.RaftServerConfigKeys (ConfUtils.java:logGet(44)) - raft.server.log.use.memory = false (default)
2022-02-20 11:35:02,018 [pool-454-thread-1] INFO  server.RaftServerConfigKeys (ConfUtils.java:logGet(44)) - raft.server.log.purge.gap = 1000000 (custom)
2022-02-20 11:35:02,018 [pool-454-thread-1] INFO  server.RaftServerConfigKeys (ConfUtils.java:logGet(44)) - raft.server.log.appender.buffer.byte-limit = 33554432 (custom)
2022-02-20 11:35:02,018 [pool-454-thread-1] INFO  server.RaftServerConfigKeys (ConfUtils.java:logGet(44)) - raft.server.log.segment.size.max = 4194304 (custom)
2022-02-20 11:35:02,019 [pool-454-thread-1] INFO  server.RaftServerConfigKeys (ConfUtils.java:logGet(44)) - raft.server.log.segment.cache.num.max = 2 (custom)
2022-02-20 11:35:02,019 [pool-454-thread-1] INFO  server.RaftServerConfigKeys (ConfUtils.java:logGet(44)) - raft.server.log.segment.cache.size.max = 200MB (=209715200) (default)
2022-02-20 11:35:02,019 [pool-454-thread-1] INFO  segmented.SegmentedRaftLogWorker (SegmentedRaftLogWorker.java:<init>(182)) - new b9b7942b-4a56-45eb-a5c8-33194168f403@group-F8F997331EF1-SegmentedRaftLogWorker for RaftStorageImpl:Storage Directory /home/runner/work/ozone/ozone/hadoop-ozone/integration-test/target/test-dir/MiniOzoneClusterImpl-ef7d9b18-b883-481c-b364-f8f997331ef1/ozone-meta/scm-ha/ef7d9b18-b883-481c-b364-f8f997331ef1
2022-02-20 11:35:02,019 [pool-454-thread-1] INFO  server.RaftServerConfigKeys (ConfUtils.java:logGet(44)) - raft.server.log.queue.byte-limit = 64MB (=67108864) (default)
2022-02-20 11:35:02,019 [pool-454-thread-1] INFO  server.RaftServerConfigKeys (ConfUtils.java:logGet(44)) - raft.server.log.queue.element-limit = 4096 (default)
2022-02-20 11:35:02,019 [pool-454-thread-1] INFO  server.RaftServerConfigKeys (ConfUtils.java:logGet(44)) - raft.server.log.segment.size.max = 4194304 (custom)
2022-02-20 11:35:02,019 [pool-454-thread-1] INFO  server.RaftServerConfigKeys (ConfUtils.java:logGet(44)) - raft.server.log.preallocated.size = 4194304 (custom)
2022-02-20 11:35:02,019 [pool-454-thread-1] INFO  server.RaftServerConfigKeys (ConfUtils.java:logGet(44)) - raft.server.log.force.sync.num = 128 (default)
2022-02-20 11:35:02,019 [pool-454-thread-1] INFO  server.RaftServerConfigKeys (ConfUtils.java:logGet(44)) - raft.server.log.statemachine.data.sync = true (default)
2022-02-20 11:35:02,019 [pool-454-thread-1] INFO  server.RaftServerConfigKeys (ConfUtils.java:logGet(44)) - raft.server.log.statemachine.data.sync.timeout = 10s (default)
2022-02-20 11:35:02,019 [pool-454-thread-1] INFO  server.RaftServerConfigKeys (ConfUtils.java:logGet(44)) - raft.server.log.statemachine.data.sync.timeout.retry = -1 (default)
2022-02-20 11:35:02,020 [pool-454-thread-1] INFO  server.RaftServerConfigKeys (ConfUtils.java:logGet(44)) - raft.server.log.write.buffer.size = 64KB (=65536) (default)
2022-02-20 11:35:02,020 [pool-454-thread-1] INFO  server.RaftServerConfigKeys (ConfUtils.java:logGet(44)) - raft.server.log.statemachine.data.caching.enabled = false (default)
2022-02-20 11:35:02,020 [pool-454-thread-1] INFO  server.RaftServer$Division (ServerState.java:setRaftConf(387)) - b9b7942b-4a56-45eb-a5c8-33194168f403@group-F8F997331EF1: set configuration 0: [b9b7942b-4a56-45eb-a5c8-33194168f403|rpc:fv-az59-849:9894|admin:|client:|dataStream:|priority:0], old=null
2022-02-20 11:35:02,020 [pool-454-thread-1] INFO  segmented.LogSegment (LogSegment.java:loadSegment(173)) - Successfully read 1 entries from segment file /home/runner/work/ozone/ozone/hadoop-ozone/integration-test/target/test-dir/MiniOzoneClusterImpl-ef7d9b18-b883-481c-b364-f8f997331ef1/ozone-meta/scm-ha/ef7d9b18-b883-481c-b364-f8f997331ef1/current/log_inprogress_0
2022-02-20 11:35:02,036 [pool-454-thread-1] INFO  segmented.SegmentedRaftLogWorker (SegmentedRaftLogWorker.java:lambda$new$0(133)) - b9b7942b-4a56-45eb-a5c8-33194168f403@group-F8F997331EF1-SegmentedRaftLogWorker: flushIndex: setUnconditionally 0 -> 0
2022-02-20 11:35:02,036 [pool-454-thread-1] INFO  segmented.SegmentedRaftLogWorker (SegmentedRaftLogWorker.java:lambda$new$0(133)) - b9b7942b-4a56-45eb-a5c8-33194168f403@group-F8F997331EF1-SegmentedRaftLogWorker: safeCacheEvictIndex: setUnconditionally 0 -> -1
2022-02-20 11:35:02,038 [pool-454-thread-1] INFO  server.RaftServerConfigKeys (ConfUtils.java:logGet(44)) - raft.server.snapshot.auto.trigger.enabled = true (custom)
2022-02-20 11:35:02,038 [pool-454-thread-1] INFO  server.RaftServerConfigKeys (ConfUtils.java:logGet(44)) - raft.server.snapshot.auto.trigger.threshold = 1000 (custom)
2022-02-20 11:35:02,038 [pool-454-thread-1] INFO  server.RaftServerConfigKeys (ConfUtils.java:logGet(44)) - raft.server.snapshot.retention.file.num = -1 (default)
2022-02-20 11:35:02,038 [pool-454-thread-1] INFO  server.RaftServerConfigKeys (ConfUtils.java:logGet(44)) - raft.server.log.purge.upto.snapshot.index = false (default)
2022-02-20 11:35:02,038 [pool-454-thread-1] INFO  server.RaftServerConfigKeys (ConfUtils.java:logGet(44)) - raft.server.retrycache.expirytime = 60000ms (default)
2022-02-20 11:35:02,038 [pool-454-thread-1] INFO  server.RaftServerConfigKeys (ConfUtils.java:logGet(44)) - raft.server.retrycache.statistics.expirytime = 100μs (default)
2022-02-20 11:35:02,040 [Listener at 127.0.0.1/43731] INFO  ha.SCMSnapshotProvider (SCMSnapshotProvider.java:<init>(66)) - Initializing SCM Snapshot Provider
2022-02-20 11:35:02,040 [Listener at 127.0.0.1/43731] WARN  server.ServerUtils (ServerUtils.java:getDefaultRatisDirectory(237)) - Storage directory for Ratis is not configured. It is a good idea to map this to an SSD disk. Falling back to ozone.metadata.dirs
2022-02-20 11:35:02,040 [Listener at 127.0.0.1/43731] WARN  ha.SCMHAUtils (SCMHAUtils.java:getSCMRatisSnapshotDirectory(151)) - SCM snapshot dir is not configured. Falling back to ozone.metadata.dirs config
2022-02-20 11:35:02,041 [Listener at 127.0.0.1/43731] INFO  ha.SequenceIdGenerator (SequenceIdGenerator.java:upgradeToSequenceId(347)) - upgrade localId to 109611004723200000
2022-02-20 11:35:02,041 [Listener at 127.0.0.1/43731] INFO  ha.SequenceIdGenerator (SequenceIdGenerator.java:upgradeToSequenceId(357)) - upgrade delTxnId to 0
2022-02-20 11:35:02,042 [Listener at 127.0.0.1/43731] INFO  ha.SequenceIdGenerator (SequenceIdGenerator.java:upgradeToSequenceId(371)) - upgrade containerId to 0
2022-02-20 11:35:02,042 [Listener at 127.0.0.1/43731] INFO  ha.SequenceIdGenerator (SequenceIdGenerator.java:<init>(218)) - Init the HA SequenceIdGenerator.
2022-02-20 11:35:02,042 [Listener at 127.0.0.1/43731] WARN  server.ServerUtils (ServerUtils.java:sanitizeUserArgs(73)) - ozone.scm.stale.node.interval value = 300000 is larger than max = 100000 based on the key value of ozone.scm.heartbeat.thread.interval, reset to the max value 100000.
2022-02-20 11:35:02,042 [Listener at 127.0.0.1/43731] WARN  server.ServerUtils (ServerUtils.java:sanitizeUserArgs(73)) - ozone.scm.stale.node.interval value = 300000 is larger than max = 100000 based on the key value of ozone.scm.heartbeat.thread.interval, reset to the max value 100000.
2022-02-20 11:35:02,045 [Listener at 127.0.0.1/43731] INFO  node.SCMNodeManager (SCMNodeManager.java:<init>(144)) - Entering startup safe mode.
2022-02-20 11:35:02,045 [Listener at 127.0.0.1/43731] INFO  algorithms.ContainerPlacementPolicyFactory (ContainerPlacementPolicyFactory.java:getPolicy(60)) - Create container placement policy of type org.apache.hadoop.hdds.scm.container.placement.algorithms.SCMContainerPlacementRandom
2022-02-20 11:35:02,045 [Listener at 127.0.0.1/43731] INFO  pipeline.PipelineStateManagerImpl (PipelineStateManagerImpl.java:initialize(78)) - No pipeline exists in current db
2022-02-20 11:35:02,046 [Listener at 127.0.0.1/43731] INFO  algorithms.LeaderChoosePolicyFactory (LeaderChoosePolicyFactory.java:getPolicy(57)) - Create leader choose policy of type org.apache.hadoop.hdds.scm.pipeline.leader.choose.algorithms.MinLeaderCountChoosePolicy
2022-02-20 11:35:02,049 [Listener at 127.0.0.1/43731] INFO  ha.SCMServiceManager (SCMServiceManager.java:register(42)) - Registering service BackgroundPipelineCreator.
2022-02-20 11:35:02,050 [Listener at 127.0.0.1/43731] INFO  pipeline.BackgroundPipelineCreator (BackgroundPipelineCreator.java:start(130)) - Starting RatisPipelineUtilsThread.
2022-02-20 11:35:02,056 [Listener at 127.0.0.1/43731] INFO  algorithms.PipelineChoosePolicyFactory (PipelineChoosePolicyFactory.java:createPipelineChoosePolicyFromClass(73)) - Create pipeline choose policy of type org.apache.hadoop.hdds.scm.pipeline.choose.algorithms.RandomPipelineChoosePolicy
2022-02-20 11:35:02,056 [Listener at 127.0.0.1/43731] INFO  ha.SCMServiceManager (SCMServiceManager.java:register(42)) - Registering service SCMBlockDeletingService.
2022-02-20 11:35:02,056 [Listener at 127.0.0.1/43731] INFO  ha.SCMServiceManager (SCMServiceManager.java:register(42)) - Registering service ReplicationManager.
2022-02-20 11:35:02,056 [Listener at 127.0.0.1/43731] INFO  container.ReplicationManager (ReplicationManager.java:start(326)) - Starting Replication Monitor Thread.
2022-02-20 11:35:02,065 [Listener at 127.0.0.1/43731] INFO  safemode.ContainerSafeModeRule (ContainerSafeModeRule.java:<init>(89)) - containers with one replica threshold count 0
2022-02-20 11:35:02,066 [Listener at 127.0.0.1/43731] INFO  safemode.HealthyPipelineSafeModeRule (HealthyPipelineSafeModeRule.java:initializeRule(156)) - Total pipeline count is 0, healthy pipeline threshold count is 1
2022-02-20 11:35:02,066 [Listener at 127.0.0.1/43731] INFO  safemode.OneReplicaPipelineSafeModeRule (OneReplicaPipelineSafeModeRule.java:initializeRule(180)) - Total pipeline count is 0, pipeline's with at least one datanode reported threshold count is 0
2022-02-20 11:35:02,066 [Listener at 127.0.0.1/43731] INFO  ipc.CallQueueManager (CallQueueManager.java:<init>(90)) - Using callQueue: class java.util.concurrent.LinkedBlockingQueue, queueCapacity: 2000, scheduler: class org.apache.hadoop.ipc.DefaultRpcScheduler, ipcBackoff: false.
2022-02-20 11:35:02,067 [Socket Reader #1 for port 0] INFO  ipc.Server (Server.java:run(1265)) - Starting Socket Reader #1 for port 0
2022-02-20 11:35:02,067 [Listener at 0.0.0.0/34839] INFO  ipc.CallQueueManager (CallQueueManager.java:<init>(90)) - Using callQueue: class java.util.concurrent.LinkedBlockingQueue, queueCapacity: 2000, scheduler: class org.apache.hadoop.ipc.DefaultRpcScheduler, ipcBackoff: false.
2022-02-20 11:35:02,068 [Socket Reader #1 for port 0] INFO  ipc.Server (Server.java:run(1265)) - Starting Socket Reader #1 for port 0
2022-02-20 11:35:02,069 [Listener at 0.0.0.0/41993] INFO  ipc.CallQueueManager (CallQueueManager.java:<init>(90)) - Using callQueue: class java.util.concurrent.LinkedBlockingQueue, queueCapacity: 2000, scheduler: class org.apache.hadoop.ipc.DefaultRpcScheduler, ipcBackoff: false.
2022-02-20 11:35:02,069 [Socket Reader #1 for port 0] INFO  ipc.Server (Server.java:run(1265)) - Starting Socket Reader #1 for port 0
2022-02-20 11:35:02,074 [ReplicationMonitor] INFO  container.ReplicationManager (ReplicationManager.java:processAll(374)) - Replication Manager is not ready to run until 3000ms after safemode exit
2022-02-20 11:35:02,146 [Listener at 0.0.0.0/38737] INFO  algorithms.ContainerPlacementPolicyFactory (ContainerPlacementPolicyFactory.java:getPolicy(60)) - Create container placement policy of type org.apache.hadoop.hdds.scm.container.placement.algorithms.SCMContainerPlacementRandom
2022-02-20 11:35:02,148 [Listener at 0.0.0.0/38737] INFO  server.StorageContainerManager (StorageContainerManager.java:<init>(388)) - 
Container Balancer status:
Key                            Value
Running                        false
Container Balancer Configuration values:
Key                                                Value
Threshold                                          10
Max Datanodes to Involve per Iteration(percent)    20
Max Size to Move per Iteration                     500GB
Max Size Entering Target per Iteration             26GB
Max Size Leaving Source per Iteration              26GB

2022-02-20 11:35:02,148 [Listener at 0.0.0.0/38737] WARN  events.EventQueue (EventQueue.java:fireEvent(194)) - No event handler registered for event TypedEvent{payloadType=SafeModeStatus, name='Safe mode status'}
2022-02-20 11:35:02,148 [Listener at 0.0.0.0/38737] INFO  ha.SCMContext (SCMContext.java:updateSafeModeStatus(211)) - Update SafeModeStatus from SafeModeStatus{safeModeStatus=true, preCheckPassed=false} to SafeModeStatus{safeModeStatus=true, preCheckPassed=false}.
2022-02-20 11:35:02,149 [Listener at 0.0.0.0/38737] INFO  server.StorageContainerManager (StorageContainerManager.java:start(1303)) - StorageContainerLocationProtocol RPC server is listening at /0.0.0.0:38737
2022-02-20 11:35:02,149 [Listener at 0.0.0.0/38737] INFO  ha.SCMRatisServerImpl (SCMRatisServerImpl.java:start(177)) - starting ratis server 0.0.0.0:9894
2022-02-20 11:35:02,149 [Listener at 0.0.0.0/38737] INFO  server.RaftServer$Division (RaftServerImpl.java:start(301)) - b9b7942b-4a56-45eb-a5c8-33194168f403@group-F8F997331EF1: start as a follower, conf=0: [b9b7942b-4a56-45eb-a5c8-33194168f403|rpc:fv-az59-849:9894|admin:|client:|dataStream:|priority:0], old=null
2022-02-20 11:35:02,150 [Listener at 0.0.0.0/38737] INFO  server.RaftServer$Division (RaftServerImpl.java:setRole(290)) - b9b7942b-4a56-45eb-a5c8-33194168f403@group-F8F997331EF1: changes role from      null to FOLLOWER at term 1 for startAsFollower
2022-02-20 11:35:02,150 [Listener at 0.0.0.0/38737] INFO  impl.RoleInfo (RoleInfo.java:updateAndGet(130)) - b9b7942b-4a56-45eb-a5c8-33194168f403: start b9b7942b-4a56-45eb-a5c8-33194168f403@group-F8F997331EF1-FollowerState
2022-02-20 11:35:02,150 [Listener at 0.0.0.0/38737] INFO  util.JmxRegister (JmxRegister.java:tryRegister(44)) - Successfully registered JMX Bean with object name Ratis:service=RaftServer,group=group-F8F997331EF1,id=b9b7942b-4a56-45eb-a5c8-33194168f403
2022-02-20 11:35:02,151 [Listener at 0.0.0.0/38737] INFO  server.RaftServer (RaftServerProxy.java:lambda$start$5(374)) - b9b7942b-4a56-45eb-a5c8-33194168f403: start RPC server
2022-02-20 11:35:02,151 [Listener at 0.0.0.0/38737] INFO  server.GrpcService (GrpcService.java:startImpl(253)) - b9b7942b-4a56-45eb-a5c8-33194168f403: GrpcService started, listening on 9894
2022-02-20 11:35:02,152 [Listener at 0.0.0.0/38737] INFO  ha.SCMHAManagerImpl (SCMHAManagerImpl.java:start(121)) -  scm role is FOLLOWER peers [b9b7942b-4a56-45eb-a5c8-33194168f403|rpc:fv-az59-849:9894|admin:|client:|dataStream:|priority:0]
2022-02-20 11:35:02,152 [Listener at 0.0.0.0/38737] INFO  ha.InterSCMGrpcService (InterSCMGrpcProtocolService.java:start(94)) - Starting SCM Grpc Service at port 9895
2022-02-20 11:35:02,154 [Listener at 0.0.0.0/38737] WARN  impl.MetricsConfig (MetricsConfig.java:loadFirst(136)) - Cannot locate configuration: tried hadoop-metrics2-storagecontainermanager.properties,hadoop-metrics2.properties
2022-02-20 11:35:02,161 [org.apache.ratis.util.JvmPauseMonitor$$Lambda$421/295700833@15915959] INFO  util.JvmPauseMonitor (JvmPauseMonitor.java:run(103)) - JvmPauseMonitor-b9b7942b-4a56-45eb-a5c8-33194168f403: Started
2022-02-20 11:35:02,162 [Listener at 0.0.0.0/38737] INFO  impl.MetricsSystemImpl (MetricsSystemImpl.java:startTimer(378)) - Scheduled Metric snapshot period at 10 second(s).
2022-02-20 11:35:02,162 [Listener at 0.0.0.0/38737] INFO  impl.MetricsSystemImpl (MetricsSystemImpl.java:start(191)) - StorageContainerManager metrics system started
2022-02-20 11:35:02,176 [Listener at 0.0.0.0/38737] INFO  impl.MetricsSinkAdapter (MetricsSinkAdapter.java:start(204)) - Sink prometheus started
2022-02-20 11:35:02,176 [Listener at 0.0.0.0/38737] INFO  impl.MetricsSystemImpl (MetricsSystemImpl.java:registerSink(305)) - Registered sink prometheus
2022-02-20 11:35:02,205 [Listener at 0.0.0.0/38737] INFO  server.SCMClientProtocolServer (SCMClientProtocolServer.java:start(165)) - RPC server for Client  is listening at /0.0.0.0:38737
2022-02-20 11:35:02,206 [IPC Server Responder] INFO  ipc.Server (Server.java:run(1507)) - IPC Server Responder: starting
2022-02-20 11:35:02,210 [IPC Server listener on 0] INFO  ipc.Server (Server.java:run(1344)) - IPC Server listener on 0: starting
2022-02-20 11:35:02,214 [Listener at 0.0.0.0/38737] INFO  server.StorageContainerManager (StorageContainerManager.java:start(1318)) - ScmBlockLocationProtocol RPC server is listening at /0.0.0.0:41993
2022-02-20 11:35:02,214 [Listener at 0.0.0.0/38737] INFO  server.SCMBlockProtocolServer (SCMBlockProtocolServer.java:start(151)) - RPC server for Block Protocol is listening at /0.0.0.0:41993
2022-02-20 11:35:02,230 [IPC Server Responder] INFO  ipc.Server (Server.java:run(1507)) - IPC Server Responder: starting
2022-02-20 11:35:02,239 [IPC Server listener on 0] INFO  ipc.Server (Server.java:run(1344)) - IPC Server listener on 0: starting
2022-02-20 11:35:02,264 [Listener at 0.0.0.0/38737] INFO  http.BaseHttpServer (BaseHttpServer.java:newHttpServer2BuilderForOzone(209)) - Starting Web-server for scm at: http://0.0.0.0:0
2022-02-20 11:35:02,264 [Listener at 0.0.0.0/38737] INFO  http.BaseHttpServer (BaseHttpServer.java:<init>(107)) - Hadoop Security Enabled: false Ozone Security Enabled: false Ozone HTTP Security Enabled: false 
2022-02-20 11:35:02,265 [Listener at 0.0.0.0/38737] INFO  server.AuthenticationFilter (AuthenticationFilter.java:constructSecretProvider(240)) - Unable to initialize FileSignerSecretProvider, falling back to use random secrets.
2022-02-20 11:35:02,274 [org.apache.hadoop.util.JvmPauseMonitor$Monitor@639e05e3] INFO  util.JvmPauseMonitor (JvmPauseMonitor.java:run(188)) - Starting JVM pause monitor
2022-02-20 11:35:02,283 [Listener at 0.0.0.0/38737] WARN  http.HttpRequestLog (HttpRequestLog.java:getRequestLog(103)) - Jetty request log can only be enabled using Log4j
2022-02-20 11:35:02,283 [Listener at 0.0.0.0/38737] INFO  http.HttpServer2 (HttpServer2.java:addGlobalFilter(1030)) - Added global filter 'safety' (class=org.apache.hadoop.hdds.server.http.HttpServer2$QuotingInputFilter)
2022-02-20 11:35:02,284 [Listener at 0.0.0.0/38737] INFO  http.HttpServer2 (HttpServer2.java:addFilter(1006)) - Added filter static_user_filter (class=org.apache.hadoop.http.lib.StaticUserWebFilter$StaticUserFilter) to context scm
2022-02-20 11:35:02,284 [Listener at 0.0.0.0/38737] INFO  http.HttpServer2 (HttpServer2.java:addFilter(1014)) - Added filter static_user_filter (class=org.apache.hadoop.http.lib.StaticUserWebFilter$StaticUserFilter) to context logs
2022-02-20 11:35:02,284 [Listener at 0.0.0.0/38737] INFO  http.HttpServer2 (HttpServer2.java:addFilter(1014)) - Added filter static_user_filter (class=org.apache.hadoop.http.lib.StaticUserWebFilter$StaticUserFilter) to context static
2022-02-20 11:35:02,285 [Listener at 0.0.0.0/38737] INFO  http.HttpServer2 (HttpServer2.java:bindListener(1249)) - Jetty bound to port 39347
2022-02-20 11:35:02,285 [Listener at 0.0.0.0/38737] INFO  server.Server (Server.java:doStart(375)) - jetty-9.4.43.v20210629; built: 2021-06-30T11:07:22.254Z; git: 526006ecfa3af7f1a27ef3a288e2bef7ea9dd7e8; jvm 1.8.0_322-b06
2022-02-20 11:35:02,342 [Listener at 0.0.0.0/38737] INFO  server.session (DefaultSessionIdManager.java:doStart(334)) - DefaultSessionIdManager workerName=node0
2022-02-20 11:35:02,342 [Listener at 0.0.0.0/38737] INFO  server.session (DefaultSessionIdManager.java:doStart(339)) - No SessionScavenger set, using defaults
2022-02-20 11:35:02,342 [Listener at 0.0.0.0/38737] INFO  server.session (HouseKeeper.java:startScavenging(132)) - node0 Scavenging every 660000ms
2022-02-20 11:35:02,362 [Listener at 0.0.0.0/38737] INFO  handler.ContextHandler (ContextHandler.java:doStart(915)) - Started o.e.j.s.ServletContextHandler@4153d05{logs,/logs,file:///home/runner/work/ozone/ozone/hadoop-ozone/integration-test/target/log,AVAILABLE}
2022-02-20 11:35:02,363 [Listener at 0.0.0.0/38737] INFO  handler.ContextHandler (ContextHandler.java:doStart(915)) - Started o.e.j.s.ServletContextHandler@2152797{static,/static,file:///home/runner/work/ozone/ozone/hadoop-ozone/integration-test/target/test-classes/webapps/static,AVAILABLE}
2022-02-20 11:35:02,369 [Listener at 0.0.0.0/38737] INFO  handler.ContextHandler (ContextHandler.java:doStart(915)) - Started o.e.j.w.WebAppContext@fdacdbb{scm,/,file:///home/runner/work/ozone/ozone/hadoop-ozone/integration-test/target/test-classes/webapps/scm/,AVAILABLE}{file:/home/runner/work/ozone/ozone/hadoop-ozone/integration-test/target/test-classes/webapps/scm}
2022-02-20 11:35:02,370 [Listener at 0.0.0.0/38737] INFO  server.AbstractConnector (AbstractConnector.java:doStart(331)) - Started ServerConnector@6b0a6523{HTTP/1.1, (http/1.1)}{0.0.0.0:39347}
2022-02-20 11:35:02,370 [Listener at 0.0.0.0/38737] INFO  server.Server (Server.java:doStart(415)) - Started @192558ms
2022-02-20 11:35:02,370 [Listener at 0.0.0.0/38737] WARN  impl.MetricsSystemImpl (MetricsSystemImpl.java:register(279)) - Sink prometheus already exists!
2022-02-20 11:35:02,371 [Listener at 0.0.0.0/38737] INFO  http.BaseHttpServer (BaseHttpServer.java:updateConnectorAddress(329)) - HTTP server of scm listening at http://0.0.0.0:39347
2022-02-20 11:35:02,371 [Listener at 0.0.0.0/38737] WARN  server.ServerUtils (ServerUtils.java:getDBPath(225)) - ozone.om.db.dirs is not configured. We recommend adding this setting. Falling back to ozone.metadata.dirs instead.
2022-02-20 11:35:02,377 [Listener at 0.0.0.0/38737] INFO  ha.OMHANodeDetails (OMHANodeDetails.java:loadOMHAConfig(112)) - ozone.om.internal.service.id is not defined, falling back to ozone.om.service.ids to find serviceID for OzoneManager if it is HA enabled cluster
2022-02-20 11:35:02,377 [Listener at 0.0.0.0/38737] INFO  ha.OMHANodeDetails (OMHANodeDetails.java:loadOMHAConfig(218)) - Configuration does not have ozone.om.address set. Falling back to the default OM address /127.0.0.1:0
2022-02-20 11:35:02,377 [Listener at 0.0.0.0/38737] INFO  ha.OMHANodeDetails (OMHANodeDetails.java:getOMNodeDetailsForNonHA(246)) - OM Service ID is not set. Setting it to the default ID: omServiceIdDefault
2022-02-20 11:35:02,377 [Listener at 0.0.0.0/38737] INFO  ha.OMHANodeDetails (OMHANodeDetails.java:getOMNodeDetailsForNonHA(253)) - OM Node ID is not set. Setting it to the default ID: om1
2022-02-20 11:35:02,378 [Listener at 0.0.0.0/38737] WARN  server.ServerUtils (ServerUtils.java:getDBPath(225)) - ozone.om.db.dirs is not configured. We recommend adding this setting. Falling back to ozone.metadata.dirs instead.
2022-02-20 11:35:02,378 [Listener at 0.0.0.0/38737] INFO  upgrade.AbstractLayoutVersionManager (AbstractLayoutVersionManager.java:init(79)) - Initializing Layout version manager with metadata layout = INITIAL_VERSION (version = 0), software layout = INITIAL_VERSION (version = 0)
2022-02-20 11:35:02,500 [Listener at 0.0.0.0/38737] INFO  reflections.Reflections (Reflections.java:scan(232)) - Reflections took 120 ms to scan 2 urls, producing 133 keys and 348 values [using 2 cores]
2022-02-20 11:35:02,500 [Listener at 0.0.0.0/38737] INFO  upgrade.OMLayoutVersionManager (OMLayoutVersionManager.java:lambda$0(115)) - Skipping Upgrade Action MockOmUpgradeAction since it has been finalized.
2022-02-20 11:35:02,500 [Listener at 0.0.0.0/38737] WARN  server.ServerUtils (ServerUtils.java:getDBPath(225)) - ozone.om.db.dirs is not configured. We recommend adding this setting. Falling back to ozone.metadata.dirs instead.
2022-02-20 11:35:04,547 [Listener at 0.0.0.0/38737] INFO  retry.RetryInvocationHandler (RetryInvocationHandler.java:log(411)) - com.google.protobuf.ServiceException: org.apache.hadoop.ipc.RemoteException(org.apache.hadoop.hdds.ratis.ServerNotLeaderException): Server:b9b7942b-4a56-45eb-a5c8-33194168f403 is not the leader. Could not determine the leader node.
	at org.apache.hadoop.hdds.ratis.ServerNotLeaderException.convertToNotLeaderException(ServerNotLeaderException.java:109)
	at org.apache.hadoop.hdds.scm.ha.RatisUtil.checkRatisException(RatisUtil.java:246)
	at org.apache.hadoop.hdds.scm.protocol.ScmBlockLocationProtocolServerSideTranslatorPB.send(ScmBlockLocationProtocolServerSideTranslatorPB.java:108)
	at org.apache.hadoop.hdds.protocol.proto.ScmBlockLocationProtocolProtos$ScmBlockLocationProtocolService$2.callBlockingMethod(ScmBlockLocationProtocolProtos.java:13937)
	at org.apache.hadoop.ipc.ProtobufRpcEngine$Server.processCall(ProtobufRpcEngine.java:466)
	at org.apache.hadoop.ipc.ProtobufRpcEngine2$Server$ProtoBufRpcInvoker.call(ProtobufRpcEngine2.java:574)
	at org.apache.hadoop.ipc.ProtobufRpcEngine2$Server$ProtoBufRpcInvoker.call(ProtobufRpcEngine2.java:552)
	at org.apache.hadoop.ipc.RPC$Server.call(RPC.java:1093)
	at org.apache.hadoop.ipc.Server$RpcCall.run(Server.java:1035)
	at org.apache.hadoop.ipc.Server$RpcCall.run(Server.java:963)
	at java.security.AccessController.doPrivileged(Native Method)
	at javax.security.auth.Subject.doAs(Subject.java:422)
	at org.apache.hadoop.security.UserGroupInformation.doAs(UserGroupInformation.java:1878)
	at org.apache.hadoop.ipc.Server$Handler.run(Server.java:2966)
, while invoking $Proxy46.send over nodeId=scmNodeId,nodeAddress=/0.0.0.0:41993 after 1 failover attempts. Trying to failover after sleeping for 2000ms.
2022-02-20 11:35:06,551 [Listener at 0.0.0.0/38737] INFO  retry.RetryInvocationHandler (RetryInvocationHandler.java:log(411)) - com.google.protobuf.ServiceException: org.apache.hadoop.ipc.RemoteException(org.apache.hadoop.hdds.ratis.ServerNotLeaderException): Server:b9b7942b-4a56-45eb-a5c8-33194168f403 is not the leader. Could not determine the leader node.
	at org.apache.hadoop.hdds.ratis.ServerNotLeaderException.convertToNotLeaderException(ServerNotLeaderException.java:109)
	at org.apache.hadoop.hdds.scm.ha.RatisUtil.checkRatisException(RatisUtil.java:246)
	at org.apache.hadoop.hdds.scm.protocol.ScmBlockLocationProtocolServerSideTranslatorPB.send(ScmBlockLocationProtocolServerSideTranslatorPB.java:108)
	at org.apache.hadoop.hdds.protocol.proto.ScmBlockLocationProtocolProtos$ScmBlockLocationProtocolService$2.callBlockingMethod(ScmBlockLocationProtocolProtos.java:13937)
	at org.apache.hadoop.ipc.ProtobufRpcEngine$Server.processCall(ProtobufRpcEngine.java:466)
	at org.apache.hadoop.ipc.ProtobufRpcEngine2$Server$ProtoBufRpcInvoker.call(ProtobufRpcEngine2.java:574)
	at org.apache.hadoop.ipc.ProtobufRpcEngine2$Server$ProtoBufRpcInvoker.call(ProtobufRpcEngine2.java:552)
	at org.apache.hadoop.ipc.RPC$Server.call(RPC.java:1093)
	at org.apache.hadoop.ipc.Server$RpcCall.run(Server.java:1035)
	at org.apache.hadoop.ipc.Server$RpcCall.run(Server.java:963)
	at java.security.AccessController.doPrivileged(Native Method)
	at javax.security.auth.Subject.doAs(Subject.java:422)
	at org.apache.hadoop.security.UserGroupInformation.doAs(UserGroupInformation.java:1878)
	at org.apache.hadoop.ipc.Server$Handler.run(Server.java:2966)
, while invoking $Proxy46.send over nodeId=scmNodeId,nodeAddress=/0.0.0.0:41993 after 2 failover attempts. Trying to failover after sleeping for 2000ms.
2022-02-20 11:35:07,266 [b9b7942b-4a56-45eb-a5c8-33194168f403@group-F8F997331EF1-FollowerState] INFO  impl.FollowerState (FollowerState.java:run(134)) - b9b7942b-4a56-45eb-a5c8-33194168f403@group-F8F997331EF1-FollowerState: change to CANDIDATE, lastRpcElapsedTime:5116183649ns, electionTimeout:5115ms
2022-02-20 11:35:07,266 [b9b7942b-4a56-45eb-a5c8-33194168f403@group-F8F997331EF1-FollowerState] INFO  impl.RoleInfo (RoleInfo.java:shutdownFollowerState(108)) - b9b7942b-4a56-45eb-a5c8-33194168f403: shutdown b9b7942b-4a56-45eb-a5c8-33194168f403@group-F8F997331EF1-FollowerState
2022-02-20 11:35:07,266 [b9b7942b-4a56-45eb-a5c8-33194168f403@group-F8F997331EF1-FollowerState] INFO  server.RaftServer$Division (RaftServerImpl.java:setRole(290)) - b9b7942b-4a56-45eb-a5c8-33194168f403@group-F8F997331EF1: changes role from  FOLLOWER to CANDIDATE at term 1 for changeToCandidate
2022-02-20 11:35:07,266 [b9b7942b-4a56-45eb-a5c8-33194168f403@group-F8F997331EF1-FollowerState] INFO  server.RaftServerConfigKeys (ConfUtils.java:logGet(44)) - raft.server.leaderelection.pre-vote = false (custom)
2022-02-20 11:35:07,266 [b9b7942b-4a56-45eb-a5c8-33194168f403@group-F8F997331EF1-FollowerState] INFO  impl.RoleInfo (RoleInfo.java:updateAndGet(130)) - b9b7942b-4a56-45eb-a5c8-33194168f403: start b9b7942b-4a56-45eb-a5c8-33194168f403@group-F8F997331EF1-LeaderElection53
2022-02-20 11:35:07,294 [b9b7942b-4a56-45eb-a5c8-33194168f403@group-F8F997331EF1-LeaderElection53] INFO  impl.LeaderElection (LeaderElection.java:askForVotes(306)) - b9b7942b-4a56-45eb-a5c8-33194168f403@group-F8F997331EF1-LeaderElection53 ELECTION round 0: submit vote requests at term 2 for 0: [b9b7942b-4a56-45eb-a5c8-33194168f403|rpc:fv-az59-849:9894|admin:|client:|dataStream:|priority:0], old=null
2022-02-20 11:35:07,294 [b9b7942b-4a56-45eb-a5c8-33194168f403@group-F8F997331EF1-LeaderElection53] INFO  impl.LeaderElection (LeaderElection.java:askForVotes(308)) - b9b7942b-4a56-45eb-a5c8-33194168f403@group-F8F997331EF1-LeaderElection53 ELECTION round 0: result PASSED (term=2)
2022-02-20 11:35:07,294 [b9b7942b-4a56-45eb-a5c8-33194168f403@group-F8F997331EF1-LeaderElection53] INFO  impl.RoleInfo (RoleInfo.java:shutdownLeaderElection(121)) - b9b7942b-4a56-45eb-a5c8-33194168f403: shutdown b9b7942b-4a56-45eb-a5c8-33194168f403@group-F8F997331EF1-LeaderElection53
2022-02-20 11:35:07,294 [b9b7942b-4a56-45eb-a5c8-33194168f403@group-F8F997331EF1-LeaderElection53] INFO  server.RaftServer$Division (RaftServerImpl.java:setRole(290)) - b9b7942b-4a56-45eb-a5c8-33194168f403@group-F8F997331EF1: changes role from CANDIDATE to LEADER at term 2 for changeToLeader
2022-02-20 11:35:07,294 [b9b7942b-4a56-45eb-a5c8-33194168f403@group-F8F997331EF1-LeaderElection53] INFO  ha.SCMStateMachine (SCMStateMachine.java:notifyLeaderChanged(259)) - current SCM becomes leader of term 2.
2022-02-20 11:35:07,294 [b9b7942b-4a56-45eb-a5c8-33194168f403@group-F8F997331EF1-LeaderElection53] INFO  ha.SCMContext (SCMContext.java:updateLeaderAndTerm(90)) - update <isLeader,term> from <false,0> to <true,2>
2022-02-20 11:35:07,294 [b9b7942b-4a56-45eb-a5c8-33194168f403@group-F8F997331EF1-LeaderElection53] INFO  server.RaftServer$Division (ServerState.java:setLeader(285)) - b9b7942b-4a56-45eb-a5c8-33194168f403@group-F8F997331EF1: change Leader from null to b9b7942b-4a56-45eb-a5c8-33194168f403 at term 2 for becomeLeader, leader elected after 5275ms
2022-02-20 11:35:07,294 [b9b7942b-4a56-45eb-a5c8-33194168f403@group-F8F997331EF1-LeaderElection53] INFO  server.RaftServerConfigKeys (ConfUtils.java:logGet(44)) - raft.server.staging.catchup.gap = 1000 (default)
2022-02-20 11:35:07,295 [b9b7942b-4a56-45eb-a5c8-33194168f403@group-F8F997331EF1-LeaderElection53] INFO  server.RaftServerConfigKeys (ConfUtils.java:logGet(44)) - raft.server.write.element-limit = 4096 (default)
2022-02-20 11:35:07,295 [b9b7942b-4a56-45eb-a5c8-33194168f403@group-F8F997331EF1-LeaderElection53] INFO  server.RaftServerConfigKeys (ConfUtils.java:logGet(44)) - raft.server.write.byte-limit = 64MB (=67108864) (default)
2022-02-20 11:35:07,295 [b9b7942b-4a56-45eb-a5c8-33194168f403@group-F8F997331EF1-LeaderElection53] INFO  server.RaftServerConfigKeys (ConfUtils.java:logGet(44)) - raft.server.watch.timeout = 10s (default)
2022-02-20 11:35:07,295 [b9b7942b-4a56-45eb-a5c8-33194168f403@group-F8F997331EF1-LeaderElection53] INFO  server.RaftServerConfigKeys (ConfUtils.java:logGet(44)) - raft.server.watch.timeout.denomination = 1s (default)
2022-02-20 11:35:07,295 [b9b7942b-4a56-45eb-a5c8-33194168f403@group-F8F997331EF1-LeaderElection53] INFO  server.RaftServerConfigKeys (ConfUtils.java:logGet(44)) - raft.server.watch.element-limit = 65536 (default)
2022-02-20 11:35:07,295 [b9b7942b-4a56-45eb-a5c8-33194168f403@group-F8F997331EF1-LeaderElection53] INFO  server.RaftServerConfigKeys (ConfUtils.java:logGet(44)) - raft.server.write.element-limit = 4096 (default)
2022-02-20 11:35:07,295 [b9b7942b-4a56-45eb-a5c8-33194168f403@group-F8F997331EF1-LeaderElection53] INFO  server.RaftServerConfigKeys (ConfUtils.java:logGet(44)) - raft.server.write.follower.gap.ratio.max = -1.0 (default)
2022-02-20 11:35:07,295 [b9b7942b-4a56-45eb-a5c8-33194168f403@group-F8F997331EF1-LeaderElection53] INFO  impl.RoleInfo (RoleInfo.java:updateAndGet(130)) - b9b7942b-4a56-45eb-a5c8-33194168f403: start b9b7942b-4a56-45eb-a5c8-33194168f403@group-F8F997331EF1-LeaderStateImpl
2022-02-20 11:35:07,296 [b9b7942b-4a56-45eb-a5c8-33194168f403@group-F8F997331EF1-LeaderElection53] INFO  segmented.SegmentedRaftLogWorker (SegmentedRaftLogWorker.java:rollLogSegment(399)) - b9b7942b-4a56-45eb-a5c8-33194168f403@group-F8F997331EF1-SegmentedRaftLogWorker: Rolling segment log-0_0 to index:0
2022-02-20 11:35:07,297 [b9b7942b-4a56-45eb-a5c8-33194168f403@group-F8F997331EF1-SegmentedRaftLogWorker] INFO  segmented.SegmentedRaftLogWorker (SegmentedRaftLogWorker.java:execute(558)) - b9b7942b-4a56-45eb-a5c8-33194168f403@group-F8F997331EF1-SegmentedRaftLogWorker: Rolled log segment from /home/runner/work/ozone/ozone/hadoop-ozone/integration-test/target/test-dir/MiniOzoneClusterImpl-ef7d9b18-b883-481c-b364-f8f997331ef1/ozone-meta/scm-ha/ef7d9b18-b883-481c-b364-f8f997331ef1/current/log_inprogress_0 to /home/runner/work/ozone/ozone/hadoop-ozone/integration-test/target/test-dir/MiniOzoneClusterImpl-ef7d9b18-b883-481c-b364-f8f997331ef1/ozone-meta/scm-ha/ef7d9b18-b883-481c-b364-f8f997331ef1/current/log_0-0
2022-02-20 11:35:07,338 [b9b7942b-4a56-45eb-a5c8-33194168f403@group-F8F997331EF1-LeaderElection53] INFO  server.RaftServer$Division (ServerState.java:setRaftConf(387)) - b9b7942b-4a56-45eb-a5c8-33194168f403@group-F8F997331EF1: set configuration 1: [b9b7942b-4a56-45eb-a5c8-33194168f403|rpc:fv-az59-849:9894|admin:|client:|dataStream:|priority:0], old=null
2022-02-20 11:35:07,341 [b9b7942b-4a56-45eb-a5c8-33194168f403@group-F8F997331EF1-SegmentedRaftLogWorker] INFO  segmented.SegmentedRaftLogWorker (SegmentedRaftLogWorker.java:execute(601)) - b9b7942b-4a56-45eb-a5c8-33194168f403@group-F8F997331EF1-SegmentedRaftLogWorker: created new log segment /home/runner/work/ozone/ozone/hadoop-ozone/integration-test/target/test-dir/MiniOzoneClusterImpl-ef7d9b18-b883-481c-b364-f8f997331ef1/ozone-meta/scm-ha/ef7d9b18-b883-481c-b364-f8f997331ef1/current/log_inprogress_1
2022-02-20 11:35:07,342 [b9b7942b-4a56-45eb-a5c8-33194168f403@group-F8F997331EF1-StateMachineUpdater] INFO  ha.SCMContext (SCMContext.java:setLeaderReady(117)) - update <isLeaderReady> from <false> to <true>
2022-02-20 11:35:07,354 [b9b7942b-4a56-45eb-a5c8-33194168f403@group-F8F997331EF1-StateMachineUpdater] INFO  pipeline.BackgroundPipelineCreator (BackgroundPipelineCreator.java:notifyStatusChanged(264)) - Service BackgroundPipelineCreator transitions to RUNNING.
2022-02-20 11:35:07,358 [b9b7942b-4a56-45eb-a5c8-33194168f403@group-F8F997331EF1-StateMachineUpdater] INFO  safemode.HealthyPipelineSafeModeRule (HealthyPipelineSafeModeRule.java:initializeRule(152)) - Refreshed total pipeline count is 0, healthy pipeline threshold count is 1
2022-02-20 11:35:07,358 [b9b7942b-4a56-45eb-a5c8-33194168f403@group-F8F997331EF1-StateMachineUpdater] INFO  safemode.ContainerSafeModeRule (ContainerSafeModeRule.java:reInitializeRule(177)) - Refreshed one replica container threshold 0, currentThreshold 0
2022-02-20 11:35:07,358 [b9b7942b-4a56-45eb-a5c8-33194168f403@group-F8F997331EF1-StateMachineUpdater] INFO  safemode.OneReplicaPipelineSafeModeRule (OneReplicaPipelineSafeModeRule.java:initializeRule(176)) - Refreshed Total pipeline count is 0, pipeline's with at least one datanode reported threshold count is 0
2022-02-20 11:35:07,358 [b9b7942b-4a56-45eb-a5c8-33194168f403@group-F8F997331EF1-StateMachineUpdater] INFO  server.SCMDatanodeProtocolServer (SCMDatanodeProtocolServer.java:start(181)) - ScmDatanodeProtocol RPC server for DataNodes is listening at /0.0.0.0:34839
2022-02-20 11:35:07,386 [IPC Server listener on 0] INFO  ipc.Server (Server.java:run(1344)) - IPC Server listener on 0: starting
2022-02-20 11:35:07,414 [IPC Server Responder] INFO  ipc.Server (Server.java:run(1507)) - IPC Server Responder: starting
2022-02-20 11:35:08,553 [Listener at 0.0.0.0/38737] WARN  server.ServerUtils (ServerUtils.java:getDBPath(225)) - ozone.om.db.dirs is not configured. We recommend adding this setting. Falling back to ozone.metadata.dirs instead.
2022-02-20 11:35:08,553 [Listener at 0.0.0.0/38737] INFO  codec.OmKeyInfoCodec (OmKeyInfoCodec.java:<init>(50)) - OmKeyInfoCodec ignorePipeline = true
2022-02-20 11:35:08,554 [Listener at 0.0.0.0/38737] INFO  codec.RepeatedOmKeyInfoCodec (RepeatedOmKeyInfoCodec.java:<init>(42)) - RepeatedOmKeyInfoCodec ignorePipeline = true
2022-02-20 11:35:08,845 [Listener at 0.0.0.0/38737] INFO  om.OzoneManager (OzoneManager.java:addS3GVolumeToDB(3732)) - Created Volume s3v With Owner runner required for S3Gateway operations.
2022-02-20 11:35:08,845 [Listener at 0.0.0.0/38737] WARN  server.ServerUtils (ServerUtils.java:getDefaultRatisDirectory(237)) - Storage directory for Ratis is not configured. It is a good idea to map this to an SSD disk. Falling back to ozone.metadata.dirs
2022-02-20 11:35:08,859 [Listener at 0.0.0.0/38737] WARN  utils.OzoneManagerRatisUtils (OzoneManagerRatisUtils.java:getOMRatisSnapshotDirectory(330)) - ozone.om.ratis.snapshot.dir is not configured. Falling back to ozone.metadata.dirs config
2022-02-20 11:35:08,860 [Listener at 0.0.0.0/38737] WARN  impl.MetricRegistriesImpl (MetricRegistriesImpl.java:addReporterRegistration(111)) - New reporters are added after registries were created. Some metrics will be missing from the reporter. Please add reporter before adding any new registry.
2022-02-20 11:35:08,860 [Listener at 0.0.0.0/38737] WARN  impl.MetricRegistriesImpl (MetricRegistriesImpl.java:addReporterRegistration(111)) - New reporters are added after registries were created. Some metrics will be missing from the reporter. Please add reporter before adding any new registry.
2022-02-20 11:35:08,860 [Listener at 0.0.0.0/38737] WARN  server.ServerUtils (ServerUtils.java:getDefaultRatisDirectory(237)) - Storage directory for Ratis is not configured. It is a good idea to map this to an SSD disk. Falling back to ozone.metadata.dirs
2022-02-20 11:35:08,861 [Listener at 0.0.0.0/38737] INFO  ratis.OzoneManagerRatisServer (OzoneManagerRatisServer.java:<init>(159)) - Instantiating OM Ratis server with groupID: omServiceIdDefault and peers: localhost:9872
2022-02-20 11:35:08,861 [Listener at 0.0.0.0/38737] INFO  ratis.OzoneManagerStateMachine (OzoneManagerStateMachine.java:loadSnapshotInfoFromDB(605)) - LastAppliedIndex is set from TransactionInfo from OM DB as (t:0, i:~)
2022-02-20 11:35:08,862 [Listener at 0.0.0.0/38737] INFO  server.RaftServer (ConfUtils.java:logGet(44)) - raft.rpc.type = GRPC (default)
2022-02-20 11:35:08,862 [Listener at 0.0.0.0/38737] INFO  grpc.GrpcFactory (GrpcFactory.java:checkPooledByteBufAllocatorUseCacheForAllThreads(48)) - PERFORMANCE WARNING: useCacheForAllThreads is true that may cause Netty to create a lot garbage objects and, as a result, trigger GC.
	It is recommended to disable useCacheForAllThreads by setting -Dorg.apache.ratis.thirdparty.io.netty.allocator.useCacheForAllThreads=false in command line.
2022-02-20 11:35:08,862 [Listener at 0.0.0.0/38737] INFO  grpc.GrpcConfigKeys (ConfUtils.java:logGet(44)) - raft.grpc.admin.port = -1 (default)
2022-02-20 11:35:08,862 [Listener at 0.0.0.0/38737] INFO  grpc.GrpcConfigKeys (ConfUtils.java:logGet(44)) - raft.grpc.server.port = 9872 (custom)
2022-02-20 11:35:08,862 [Listener at 0.0.0.0/38737] INFO  grpc.GrpcConfigKeys (ConfUtils.java:logGet(44)) - raft.grpc.client.port = -1 (default)
2022-02-20 11:35:08,862 [Listener at 0.0.0.0/38737] INFO  grpc.GrpcConfigKeys (ConfUtils.java:logGet(44)) - raft.grpc.server.port = 9872 (custom)
2022-02-20 11:35:08,863 [Listener at 0.0.0.0/38737] INFO  grpc.GrpcConfigKeys (ConfUtils.java:logGet(44)) - raft.grpc.server.port = 9872 (custom)
2022-02-20 11:35:08,863 [Listener at 0.0.0.0/38737] INFO  server.GrpcService (ConfUtils.java:logGet(44)) - raft.grpc.message.size.max = 33554432 (custom)
2022-02-20 11:35:08,863 [Listener at 0.0.0.0/38737] INFO  server.RaftServerConfigKeys (ConfUtils.java:logGet(44)) - raft.server.log.appender.buffer.byte-limit = 33554432 (custom)
2022-02-20 11:35:08,863 [Listener at 0.0.0.0/38737] INFO  server.GrpcService (ConfUtils.java:logGet(44)) - raft.grpc.flow.control.window = 1MB (=1048576) (default)
2022-02-20 11:35:08,863 [Listener at 0.0.0.0/38737] INFO  server.RaftServerConfigKeys (ConfUtils.java:logGet(44)) - raft.server.rpc.request.timeout = 3000ms (default)
2022-02-20 11:35:08,864 [Listener at 0.0.0.0/38737] INFO  impl.DataStreamServerImpl (ConfUtils.java:logGet(44)) - raft.datastream.type = DISABLED (default)
2022-02-20 11:35:08,864 [Listener at 0.0.0.0/38737] INFO  server.RaftServerConfigKeys (ConfUtils.java:logGet(44)) - raft.server.rpc.slowness.timeout = 120s (custom)
2022-02-20 11:35:08,865 [Listener at 0.0.0.0/38737] INFO  server.RaftServerConfigKeys (ConfUtils.java:logGet(44)) - raft.server.leaderelection.leader.step-down.wait-time = 10s (default)
2022-02-20 11:35:08,865 [Listener at 0.0.0.0/38737] INFO  server.RaftServerConfigKeys (ConfUtils.java:logGet(44)) - raft.server.storage.dir = [/home/runner/work/ozone/ozone/hadoop-ozone/integration-test/target/test-dir/MiniOzoneClusterImpl-ef7d9b18-b883-481c-b364-f8f997331ef1/ozone-meta/ratis] (custom)
2022-02-20 11:35:08,865 [Listener at 0.0.0.0/38737] INFO  server.RaftServer (RaftServerProxy.java:addNew(95)) - om1: addNew group-C5BA1605619E:[om1|rpc:localhost:9872|priority:0] returns group-C5BA1605619E:java.util.concurrent.CompletableFuture@1360f246[Not completed]
2022-02-20 11:35:08,865 [Listener at 0.0.0.0/38737] INFO  om.OzoneManager (OzoneManager.java:initializeRatisServer(1834)) - OzoneManager Ratis server initialized at port 9872
2022-02-20 11:35:08,867 [Listener at 0.0.0.0/38737] INFO  ipc.CallQueueManager (CallQueueManager.java:<init>(90)) - Using callQueue: class java.util.concurrent.LinkedBlockingQueue, queueCapacity: 2000, scheduler: class org.apache.hadoop.ipc.DefaultRpcScheduler, ipcBackoff: false.
2022-02-20 11:35:08,867 [pool-480-thread-1] INFO  server.RaftServer$Division (RaftServerImpl.java:<init>(184)) - om1: new RaftServerImpl for group-C5BA1605619E:[om1|rpc:localhost:9872|priority:0] with OzoneManagerStateMachine:uninitialized
2022-02-20 11:35:08,868 [Socket Reader #1 for port 0] INFO  ipc.Server (Server.java:run(1265)) - Starting Socket Reader #1 for port 0
2022-02-20 11:35:08,886 [pool-480-thread-1] INFO  server.RaftServerConfigKeys (ConfUtils.java:logGet(44)) - raft.server.rpc.timeout.min = 1s (custom)
2022-02-20 11:35:08,886 [pool-480-thread-1] INFO  server.RaftServerConfigKeys (ConfUtils.java:logGet(44)) - raft.server.rpc.timeout.max = 1200ms (custom)
2022-02-20 11:35:08,886 [pool-480-thread-1] INFO  server.RaftServerConfigKeys (ConfUtils.java:logGet(44)) - raft.server.rpc.sleep.time = 25ms (default)
2022-02-20 11:35:08,886 [pool-480-thread-1] INFO  server.RaftServerConfigKeys (ConfUtils.java:logGet(44)) - raft.server.rpc.slowness.timeout = 120s (custom)
2022-02-20 11:35:08,886 [pool-480-thread-1] INFO  server.RaftServerConfigKeys (ConfUtils.java:logGet(44)) - raft.server.leaderelection.leader.step-down.wait-time = 10s (default)
2022-02-20 11:35:08,886 [pool-480-thread-1] INFO  server.RaftServerConfigKeys (ConfUtils.java:logGet(44)) - raft.server.sleep.deviation.threshold = 300ms (default)
2022-02-20 11:35:08,886 [pool-480-thread-1] INFO  server.RaftServerConfigKeys (ConfUtils.java:logGet(44)) - raft.server.log.appender.install.snapshot.enabled = false (custom)
2022-02-20 11:35:08,886 [pool-480-thread-1] INFO  server.RaftServer$Division (ServerState.java:<init>(105)) - om1@group-C5BA1605619E: ConfigurationManager, init=-1: [om1|rpc:localhost:9872|priority:0], old=null, confs=<EMPTY_MAP>
2022-02-20 11:35:08,886 [pool-480-thread-1] INFO  server.RaftServerConfigKeys (ConfUtils.java:logGet(44)) - raft.server.storage.dir = [/home/runner/work/ozone/ozone/hadoop-ozone/integration-test/target/test-dir/MiniOzoneClusterImpl-ef7d9b18-b883-481c-b364-f8f997331ef1/ozone-meta/ratis] (custom)
2022-02-20 11:35:08,886 [pool-480-thread-1] INFO  server.RaftServerConfigKeys (ConfUtils.java:logGet(44)) - raft.server.log.corruption.policy = EXCEPTION (default)
2022-02-20 11:35:08,886 [pool-480-thread-1] INFO  server.RaftServerConfigKeys (ConfUtils.java:logGet(44)) - raft.server.storage.free-space.min = 0MB (=0) (default)
2022-02-20 11:35:08,886 [pool-480-thread-1] INFO  storage.RaftStorageDirectory (RaftStorageDirectoryImpl.java:analyzeStorage(135)) - The storage directory /home/runner/work/ozone/ozone/hadoop-ozone/integration-test/target/test-dir/MiniOzoneClusterImpl-ef7d9b18-b883-481c-b364-f8f997331ef1/ozone-meta/ratis/bf265839-605b-3f16-9796-c5ba1605619e does not exist. Creating ...
2022-02-20 11:35:08,887 [pool-480-thread-1] INFO  storage.RaftStorageDirectory (RaftStorageDirectoryImpl.java:tryLock(230)) - Lock on /home/runner/work/ozone/ozone/hadoop-ozone/integration-test/target/test-dir/MiniOzoneClusterImpl-ef7d9b18-b883-481c-b364-f8f997331ef1/ozone-meta/ratis/bf265839-605b-3f16-9796-c5ba1605619e/in_use.lock acquired by nodename 9434@fv-az59-849
2022-02-20 11:35:08,898 [pool-480-thread-1] INFO  storage.RaftStorage (RaftStorageImpl.java:format(89)) - Storage directory /home/runner/work/ozone/ozone/hadoop-ozone/integration-test/target/test-dir/MiniOzoneClusterImpl-ef7d9b18-b883-481c-b364-f8f997331ef1/ozone-meta/ratis/bf265839-605b-3f16-9796-c5ba1605619e has been successfully formatted.
2022-02-20 11:35:08,899 [pool-480-thread-1] INFO  server.RaftServerConfigKeys (ConfUtils.java:logGet(44)) - raft.server.notification.no-leader.timeout = 120s (custom)
2022-02-20 11:35:08,899 [pool-480-thread-1] INFO  server.RaftServerConfigKeys (ConfUtils.java:logGet(44)) - raft.server.log.use.memory = false (default)
2022-02-20 11:35:08,899 [pool-480-thread-1] INFO  server.RaftServerConfigKeys (ConfUtils.java:logGet(44)) - raft.server.log.purge.gap = 1000000 (custom)
2022-02-20 11:35:08,899 [pool-480-thread-1] INFO  server.RaftServerConfigKeys (ConfUtils.java:logGet(44)) - raft.server.log.appender.buffer.byte-limit = 33554432 (custom)
2022-02-20 11:35:08,899 [pool-480-thread-1] INFO  server.RaftServerConfigKeys (ConfUtils.java:logGet(44)) - raft.server.log.segment.size.max = 4194304 (custom)
2022-02-20 11:35:08,899 [pool-480-thread-1] INFO  server.RaftServerConfigKeys (ConfUtils.java:logGet(44)) - raft.server.log.segment.cache.num.max = 2 (custom)
2022-02-20 11:35:08,906 [pool-480-thread-1] INFO  server.RaftServerConfigKeys (ConfUtils.java:logGet(44)) - raft.server.log.segment.cache.size.max = 200MB (=209715200) (default)
2022-02-20 11:35:08,906 [pool-480-thread-1] INFO  segmented.SegmentedRaftLogWorker (SegmentedRaftLogWorker.java:<init>(182)) - new om1@group-C5BA1605619E-SegmentedRaftLogWorker for RaftStorageImpl:Storage Directory /home/runner/work/ozone/ozone/hadoop-ozone/integration-test/target/test-dir/MiniOzoneClusterImpl-ef7d9b18-b883-481c-b364-f8f997331ef1/ozone-meta/ratis/bf265839-605b-3f16-9796-c5ba1605619e
2022-02-20 11:35:08,906 [pool-480-thread-1] INFO  server.RaftServerConfigKeys (ConfUtils.java:logGet(44)) - raft.server.log.queue.byte-limit = 64MB (=67108864) (default)
2022-02-20 11:35:08,906 [pool-480-thread-1] INFO  server.RaftServerConfigKeys (ConfUtils.java:logGet(44)) - raft.server.log.queue.element-limit = 4096 (default)
2022-02-20 11:35:08,906 [pool-480-thread-1] INFO  server.RaftServerConfigKeys (ConfUtils.java:logGet(44)) - raft.server.log.segment.size.max = 4194304 (custom)
2022-02-20 11:35:08,906 [pool-480-thread-1] INFO  server.RaftServerConfigKeys (ConfUtils.java:logGet(44)) - raft.server.log.preallocated.size = 4194304 (custom)
2022-02-20 11:35:08,906 [pool-480-thread-1] INFO  server.RaftServerConfigKeys (ConfUtils.java:logGet(44)) - raft.server.log.force.sync.num = 128 (default)
2022-02-20 11:35:08,906 [pool-480-thread-1] INFO  server.RaftServerConfigKeys (ConfUtils.java:logGet(44)) - raft.server.log.statemachine.data.sync = true (default)
2022-02-20 11:35:08,906 [pool-480-thread-1] INFO  server.RaftServerConfigKeys (ConfUtils.java:logGet(44)) - raft.server.log.statemachine.data.sync.timeout = 10s (default)
2022-02-20 11:35:08,906 [pool-480-thread-1] INFO  server.RaftServerConfigKeys (ConfUtils.java:logGet(44)) - raft.server.log.statemachine.data.sync.timeout.retry = -1 (default)
2022-02-20 11:35:08,907 [pool-480-thread-1] INFO  server.RaftServerConfigKeys (ConfUtils.java:logGet(44)) - raft.server.log.write.buffer.size = 64KB (=65536) (default)
2022-02-20 11:35:08,907 [pool-480-thread-1] INFO  server.RaftServerConfigKeys (ConfUtils.java:logGet(44)) - raft.server.log.statemachine.data.caching.enabled = false (default)
2022-02-20 11:35:08,907 [pool-480-thread-1] INFO  segmented.SegmentedRaftLogWorker (SegmentedRaftLogWorker.java:lambda$new$0(133)) - om1@group-C5BA1605619E-SegmentedRaftLogWorker: flushIndex: setUnconditionally 0 -> -1
2022-02-20 11:35:08,914 [pool-480-thread-1] INFO  segmented.SegmentedRaftLogWorker (SegmentedRaftLogWorker.java:lambda$new$0(133)) - om1@group-C5BA1605619E-SegmentedRaftLogWorker: safeCacheEvictIndex: setUnconditionally 0 -> -1
2022-02-20 11:35:08,922 [pool-480-thread-1] INFO  server.RaftServerConfigKeys (ConfUtils.java:logGet(44)) - raft.server.snapshot.auto.trigger.enabled = true (custom)
2022-02-20 11:35:08,922 [pool-480-thread-1] INFO  server.RaftServerConfigKeys (ConfUtils.java:logGet(44)) - raft.server.snapshot.auto.trigger.threshold = 400000 (default)
2022-02-20 11:35:08,922 [pool-480-thread-1] INFO  server.RaftServerConfigKeys (ConfUtils.java:logGet(44)) - raft.server.snapshot.retention.file.num = -1 (default)
2022-02-20 11:35:08,922 [pool-480-thread-1] INFO  server.RaftServerConfigKeys (ConfUtils.java:logGet(44)) - raft.server.log.purge.upto.snapshot.index = true (custom)
2022-02-20 11:35:08,922 [pool-480-thread-1] INFO  server.RaftServerConfigKeys (ConfUtils.java:logGet(44)) - raft.server.retrycache.expirytime = 300s (custom)
2022-02-20 11:35:08,922 [pool-480-thread-1] INFO  server.RaftServerConfigKeys (ConfUtils.java:logGet(44)) - raft.server.retrycache.statistics.expirytime = 100μs (default)
2022-02-20 11:35:08,931 [Listener at 127.0.0.1/34383] INFO  impl.MetricsSystemImpl (MetricsSystemImpl.java:init(158)) - OzoneManager metrics system started (again)
2022-02-20 11:35:08,969 [Listener at 127.0.0.1/34383] INFO  om.OzoneManager (OzoneManager.java:start(1365)) - OzoneManager RPC server is listening at localhost/127.0.0.1:34383
2022-02-20 11:35:08,969 [Listener at 127.0.0.1/34383] INFO  ratis.OzoneManagerRatisServer (OzoneManagerRatisServer.java:start(554)) - Starting OzoneManagerRatisServer om1 at port 9872
2022-02-20 11:35:08,970 [Listener at 127.0.0.1/34383] INFO  server.RaftServer$Division (RaftServerImpl.java:start(301)) - om1@group-C5BA1605619E: start as a follower, conf=-1: [om1|rpc:localhost:9872|priority:0], old=null
2022-02-20 11:35:08,979 [Listener at 127.0.0.1/34383] INFO  server.RaftServer$Division (RaftServerImpl.java:setRole(290)) - om1@group-C5BA1605619E: changes role from      null to FOLLOWER at term 0 for startAsFollower
2022-02-20 11:35:08,979 [Listener at 127.0.0.1/34383] INFO  impl.RoleInfo (RoleInfo.java:updateAndGet(130)) - om1: start om1@group-C5BA1605619E-FollowerState
2022-02-20 11:35:08,998 [Listener at 127.0.0.1/34383] INFO  util.JmxRegister (JmxRegister.java:tryRegister(44)) - Successfully registered JMX Bean with object name Ratis:service=RaftServer,group=group-C5BA1605619E,id=om1
2022-02-20 11:35:09,026 [Listener at 127.0.0.1/34383] INFO  server.RaftServer (RaftServerProxy.java:lambda$start$5(374)) - om1: start RPC server
2022-02-20 11:35:09,027 [Listener at 127.0.0.1/34383] INFO  server.GrpcService (GrpcService.java:startImpl(253)) - om1: GrpcService started, listening on 9872
2022-02-20 11:35:09,030 [Listener at 127.0.0.1/34383] INFO  om.OzoneManager (OzoneManager.java:start(1381)) - Version File has different layout version (0) than OM DB (null). That is expected if this OM has never been finalized to a newer layout version.
2022-02-20 11:35:09,030 [org.apache.ratis.util.JvmPauseMonitor$$Lambda$421/295700833@541439f4] INFO  util.JvmPauseMonitor (JvmPauseMonitor.java:run(103)) - JvmPauseMonitor-om1: Started
2022-02-20 11:35:09,032 [Listener at 127.0.0.1/34383] INFO  http.BaseHttpServer (BaseHttpServer.java:newHttpServer2BuilderForOzone(209)) - Starting Web-server for ozoneManager at: http://0.0.0.0:0
2022-02-20 11:35:09,032 [Listener at 127.0.0.1/34383] INFO  http.BaseHttpServer (BaseHttpServer.java:<init>(107)) - Hadoop Security Enabled: false Ozone Security Enabled: false Ozone HTTP Security Enabled: false 
2022-02-20 11:35:09,033 [Listener at 127.0.0.1/34383] INFO  server.AuthenticationFilter (AuthenticationFilter.java:constructSecretProvider(240)) - Unable to initialize FileSignerSecretProvider, falling back to use random secrets.
2022-02-20 11:35:09,050 [Listener at 127.0.0.1/34383] WARN  http.HttpRequestLog (HttpRequestLog.java:getRequestLog(103)) - Jetty request log can only be enabled using Log4j
2022-02-20 11:35:09,062 [Listener at 127.0.0.1/34383] INFO  http.HttpServer2 (HttpServer2.java:addGlobalFilter(1030)) - Added global filter 'safety' (class=org.apache.hadoop.hdds.server.http.HttpServer2$QuotingInputFilter)
2022-02-20 11:35:09,063 [Listener at 127.0.0.1/34383] INFO  http.HttpServer2 (HttpServer2.java:addFilter(1006)) - Added filter static_user_filter (class=org.apache.hadoop.http.lib.StaticUserWebFilter$StaticUserFilter) to context ozoneManager
2022-02-20 11:35:09,063 [Listener at 127.0.0.1/34383] INFO  http.HttpServer2 (HttpServer2.java:addFilter(1014)) - Added filter static_user_filter (class=org.apache.hadoop.http.lib.StaticUserWebFilter$StaticUserFilter) to context static
2022-02-20 11:35:09,063 [Listener at 127.0.0.1/34383] INFO  http.HttpServer2 (HttpServer2.java:addFilter(1014)) - Added filter static_user_filter (class=org.apache.hadoop.http.lib.StaticUserWebFilter$StaticUserFilter) to context logs
2022-02-20 11:35:09,064 [Listener at 127.0.0.1/34383] INFO  http.HttpServer2 (HttpServer2.java:bindListener(1249)) - Jetty bound to port 40953
2022-02-20 11:35:09,064 [Listener at 127.0.0.1/34383] INFO  server.Server (Server.java:doStart(375)) - jetty-9.4.43.v20210629; built: 2021-06-30T11:07:22.254Z; git: 526006ecfa3af7f1a27ef3a288e2bef7ea9dd7e8; jvm 1.8.0_322-b06
2022-02-20 11:35:09,130 [Listener at 127.0.0.1/34383] INFO  server.session (DefaultSessionIdManager.java:doStart(334)) - DefaultSessionIdManager workerName=node0
2022-02-20 11:35:09,130 [Listener at 127.0.0.1/34383] INFO  server.session (DefaultSessionIdManager.java:doStart(339)) - No SessionScavenger set, using defaults
2022-02-20 11:35:09,130 [Listener at 127.0.0.1/34383] INFO  server.session (HouseKeeper.java:startScavenging(132)) - node0 Scavenging every 660000ms
2022-02-20 11:35:09,138 [Listener at 127.0.0.1/34383] INFO  handler.ContextHandler (ContextHandler.java:doStart(915)) - Started o.e.j.s.ServletContextHandler@720aa646{logs,/logs,file:///home/runner/work/ozone/ozone/hadoop-ozone/integration-test/target/log,AVAILABLE}
2022-02-20 11:35:09,138 [Listener at 127.0.0.1/34383] INFO  handler.ContextHandler (ContextHandler.java:doStart(915)) - Started o.e.j.s.ServletContextHandler@103109d3{static,/static,file:///home/runner/work/ozone/ozone/hadoop-ozone/integration-test/target/test-classes/webapps/static,AVAILABLE}
2022-02-20 11:35:09,141 [Listener at 127.0.0.1/34383] INFO  handler.ContextHandler (ContextHandler.java:doStart(915)) - Started o.e.j.w.WebAppContext@29528773{ozoneManager,/,file:///home/runner/work/ozone/ozone/hadoop-ozone/integration-test/target/test-classes/webapps/ozoneManager/,AVAILABLE}{file:/home/runner/work/ozone/ozone/hadoop-ozone/integration-test/target/test-classes/webapps/ozoneManager}
2022-02-20 11:35:09,148 [Listener at 127.0.0.1/34383] INFO  server.AbstractConnector (AbstractConnector.java:doStart(331)) - Started ServerConnector@ee021ff{HTTP/1.1, (http/1.1)}{0.0.0.0:40953}
2022-02-20 11:35:09,148 [Listener at 127.0.0.1/34383] INFO  server.Server (Server.java:doStart(415)) - Started @199337ms
2022-02-20 11:35:09,148 [Listener at 127.0.0.1/34383] WARN  impl.MetricsSystemImpl (MetricsSystemImpl.java:register(279)) - Sink prometheus already exists!
2022-02-20 11:35:09,149 [Listener at 127.0.0.1/34383] INFO  http.BaseHttpServer (BaseHttpServer.java:updateConnectorAddress(329)) - HTTP server of ozoneManager listening at http://0.0.0.0:40953
2022-02-20 11:35:09,166 [IPC Server Responder] INFO  ipc.Server (Server.java:run(1507)) - IPC Server Responder: starting
2022-02-20 11:35:09,174 [IPC Server listener on 0] INFO  ipc.Server (Server.java:run(1344)) - IPC Server listener on 0: starting
2022-02-20 11:35:09,189 [Listener at 127.0.0.1/34383] INFO  om.TrashPolicyOzone (TrashPolicyOzone.java:<init>(178)) - Ozone Manager trash configuration: Deletion interval = 0 minutes, Emptier interval = 0 minutes.
2022-02-20 11:35:09,214 [org.apache.hadoop.util.JvmPauseMonitor$Monitor@31f3a0d3] INFO  util.JvmPauseMonitor (JvmPauseMonitor.java:run(188)) - Starting JVM pause monitor
2022-02-20 11:35:09,227 [Listener at 127.0.0.1/34383] WARN  impl.MetricRegistriesImpl (MetricRegistriesImpl.java:addReporterRegistration(111)) - New reporters are added after registries were created. Some metrics will be missing from the reporter. Please add reporter before adding any new registry.
2022-02-20 11:35:09,227 [Listener at 127.0.0.1/34383] WARN  impl.MetricRegistriesImpl (MetricRegistriesImpl.java:addReporterRegistration(111)) - New reporters are added after registries were created. Some metrics will be missing from the reporter. Please add reporter before adding any new registry.
2022-02-20 11:35:09,227 [Listener at 127.0.0.1/34383] INFO  impl.MetricsSystemImpl (MetricsSystemImpl.java:init(158)) - HddsDatanode metrics system started (again)
2022-02-20 11:35:09,244 [Listener at 127.0.0.1/34383] INFO  ozone.HddsDatanodeService (HddsDatanodeService.java:start(233)) - HddsDatanodeService host:fv-az59-849.csjynl4pkq3e1pkirw3ssqjfoh.cx.internal.cloudapp.net ip:10.1.0.4
2022-02-20 11:35:09,306 [Listener at 127.0.0.1/34383] INFO  upgrade.AbstractLayoutVersionManager (AbstractLayoutVersionManager.java:init(79)) - Initializing Layout version manager with metadata layout = SCM_HA (version = 2), software layout = SCM_HA (version = 2)
2022-02-20 11:35:09,404 [Listener at 127.0.0.1/34383] INFO  reflections.Reflections (Reflections.java:scan(232)) - Reflections took 92 ms to scan 7 urls, producing 121 keys and 284 values 
2022-02-20 11:35:09,410 [Listener at 127.0.0.1/34383] INFO  statemachine.DatanodeStateMachine (DatanodeStateMachine.java:getEndPointTaskThreadPoolSize(222)) - Datanode State Machine Task Thread Pool size 2
2022-02-20 11:35:09,420 [Listener at 127.0.0.1/34383] INFO  volume.HddsVolume (HddsVolume.java:<init>(120)) - Creating HddsVolume: /home/runner/work/ozone/ozone/hadoop-ozone/integration-test/target/test-dir/MiniOzoneClusterImpl-ef7d9b18-b883-481c-b364-f8f997331ef1/datanode-0/data-0/containers/hdds of storage type : DISK capacity : 9223372036854775807
2022-02-20 11:35:09,420 [Listener at 127.0.0.1/34383] INFO  volume.MutableVolumeSet (MutableVolumeSet.java:initializeVolumeSet(168)) - Added Volume : /home/runner/work/ozone/ozone/hadoop-ozone/integration-test/target/test-dir/MiniOzoneClusterImpl-ef7d9b18-b883-481c-b364-f8f997331ef1/datanode-0/data-0/containers/hdds to VolumeSet
2022-02-20 11:35:09,420 [Listener at 127.0.0.1/34383] INFO  volume.ThrottledAsyncChecker (ThrottledAsyncChecker.java:schedule(141)) - Scheduling a check for /home/runner/work/ozone/ozone/hadoop-ozone/integration-test/target/test-dir/MiniOzoneClusterImpl-ef7d9b18-b883-481c-b364-f8f997331ef1/datanode-0/data-0/containers/hdds
2022-02-20 11:35:09,438 [Listener at 127.0.0.1/34383] INFO  volume.StorageVolumeChecker (StorageVolumeChecker.java:checkAllVolumes(202)) - Scheduled health check for volume /home/runner/work/ozone/ozone/hadoop-ozone/integration-test/target/test-dir/MiniOzoneClusterImpl-ef7d9b18-b883-481c-b364-f8f997331ef1/datanode-0/data-0/containers/hdds
2022-02-20 11:35:09,475 [Listener at 127.0.0.1/34383] INFO  volume.MutableVolumeSet (MutableVolumeSet.java:initializeVolumeSet(168)) - Added Volume : /home/runner/work/ozone/ozone/hadoop-ozone/integration-test/target/test-dir/MiniOzoneClusterImpl-ef7d9b18-b883-481c-b364-f8f997331ef1/datanode-0/data/ratis to VolumeSet
2022-02-20 11:35:09,476 [Listener at 127.0.0.1/34383] INFO  volume.ThrottledAsyncChecker (ThrottledAsyncChecker.java:schedule(141)) - Scheduling a check for /home/runner/work/ozone/ozone/hadoop-ozone/integration-test/target/test-dir/MiniOzoneClusterImpl-ef7d9b18-b883-481c-b364-f8f997331ef1/datanode-0/data/ratis
2022-02-20 11:35:09,476 [Listener at 127.0.0.1/34383] INFO  volume.StorageVolumeChecker (StorageVolumeChecker.java:checkAllVolumes(202)) - Scheduled health check for volume /home/runner/work/ozone/ozone/hadoop-ozone/integration-test/target/test-dir/MiniOzoneClusterImpl-ef7d9b18-b883-481c-b364-f8f997331ef1/datanode-0/data/ratis
2022-02-20 11:35:09,509 [Thread-1285] INFO  ozoneimpl.ContainerReader (ContainerReader.java:readVolume(172)) - Finish verifying containers on volume /home/runner/work/ozone/ozone/hadoop-ozone/integration-test/target/test-dir/MiniOzoneClusterImpl-ef7d9b18-b883-481c-b364-f8f997331ef1/datanode-0/data-0/containers/hdds
2022-02-20 11:35:09,509 [Listener at 127.0.0.1/34383] INFO  ozoneimpl.OzoneContainer (OzoneContainer.java:buildContainerSet(252)) - Build ContainerSet costs 0s
2022-02-20 11:35:09,510 [Listener at 127.0.0.1/34383] INFO  server.RaftServer (ConfUtils.java:logGet(44)) - raft.rpc.type = GRPC (default)
2022-02-20 11:35:09,511 [Listener at 127.0.0.1/34383] INFO  grpc.GrpcFactory (GrpcFactory.java:checkPooledByteBufAllocatorUseCacheForAllThreads(48)) - PERFORMANCE WARNING: useCacheForAllThreads is true that may cause Netty to create a lot garbage objects and, as a result, trigger GC.
	It is recommended to disable useCacheForAllThreads by setting -Dorg.apache.ratis.thirdparty.io.netty.allocator.useCacheForAllThreads=false in command line.
2022-02-20 11:35:09,511 [Listener at 127.0.0.1/34383] INFO  grpc.GrpcConfigKeys (ConfUtils.java:logGet(44)) - raft.grpc.admin.port = 0 (custom)
2022-02-20 11:35:09,511 [Listener at 127.0.0.1/34383] INFO  grpc.GrpcConfigKeys (ConfUtils.java:logGet(44)) - raft.grpc.client.port = 0 (custom)
2022-02-20 11:35:09,511 [Listener at 127.0.0.1/34383] INFO  grpc.GrpcConfigKeys (ConfUtils.java:logGet(44)) - raft.grpc.server.port = 0 (default)
2022-02-20 11:35:09,511 [Listener at 127.0.0.1/34383] INFO  server.GrpcService (ConfUtils.java:logGet(44)) - raft.grpc.message.size.max = 32MB (=33554432) (custom)
2022-02-20 11:35:09,511 [Listener at 127.0.0.1/34383] INFO  server.RaftServerConfigKeys (ConfUtils.java:logGet(44)) - raft.server.log.appender.buffer.byte-limit = 33554432 (custom)
2022-02-20 11:35:09,511 [Listener at 127.0.0.1/34383] INFO  server.GrpcService (ConfUtils.java:logGet(44)) - raft.grpc.flow.control.window = 5MB (=5242880) (custom)
2022-02-20 11:35:09,511 [Listener at 127.0.0.1/34383] INFO  server.RaftServerConfigKeys (ConfUtils.java:logGet(44)) - raft.server.rpc.request.timeout = 60s (custom)
2022-02-20 11:35:09,512 [Listener at 127.0.0.1/34383] INFO  impl.DataStreamServerImpl (ConfUtils.java:logGet(44)) - raft.datastream.type = DISABLED (default)
2022-02-20 11:35:09,512 [Listener at 127.0.0.1/34383] INFO  server.RaftServerConfigKeys (ConfUtils.java:logGet(44)) - raft.server.rpc.slowness.timeout = 300s (custom)
2022-02-20 11:35:09,513 [Listener at 127.0.0.1/34383] INFO  server.RaftServerConfigKeys (ConfUtils.java:logGet(44)) - raft.server.leaderelection.leader.step-down.wait-time = 10s (default)
2022-02-20 11:35:09,513 [Listener at 127.0.0.1/34383] INFO  server.RaftServerConfigKeys (ConfUtils.java:logGet(44)) - raft.server.storage.dir = [/home/runner/work/ozone/ozone/hadoop-ozone/integration-test/target/test-dir/MiniOzoneClusterImpl-ef7d9b18-b883-481c-b364-f8f997331ef1/datanode-0/data/ratis] (custom)
2022-02-20 11:35:09,514 [Listener at 127.0.0.1/34383] INFO  server.XceiverServerGrpc (XceiverServerGrpc.java:<init>(132)) - GrpcServer channel type EpollServerSocketChannel
2022-02-20 11:35:09,522 [Listener at 127.0.0.1/34383] INFO  http.BaseHttpServer (BaseHttpServer.java:newHttpServer2BuilderForOzone(209)) - Starting Web-server for hddsDatanode at: http://0.0.0.0:0
2022-02-20 11:35:09,522 [Listener at 127.0.0.1/34383] INFO  http.BaseHttpServer (BaseHttpServer.java:<init>(107)) - Hadoop Security Enabled: false Ozone Security Enabled: false Ozone HTTP Security Enabled: false 
2022-02-20 11:35:09,523 [Listener at 127.0.0.1/34383] INFO  server.AuthenticationFilter (AuthenticationFilter.java:constructSecretProvider(240)) - Unable to initialize FileSignerSecretProvider, falling back to use random secrets.
2022-02-20 11:35:09,537 [Listener at 127.0.0.1/34383] WARN  http.HttpRequestLog (HttpRequestLog.java:getRequestLog(103)) - Jetty request log can only be enabled using Log4j
2022-02-20 11:35:09,537 [Listener at 127.0.0.1/34383] INFO  http.HttpServer2 (HttpServer2.java:addGlobalFilter(1030)) - Added global filter 'safety' (class=org.apache.hadoop.hdds.server.http.HttpServer2$QuotingInputFilter)
2022-02-20 11:35:09,538 [Listener at 127.0.0.1/34383] INFO  http.HttpServer2 (HttpServer2.java:addFilter(1006)) - Added filter static_user_filter (class=org.apache.hadoop.http.lib.StaticUserWebFilter$StaticUserFilter) to context hddsDatanode
2022-02-20 11:35:09,538 [Listener at 127.0.0.1/34383] INFO  http.HttpServer2 (HttpServer2.java:addFilter(1014)) - Added filter static_user_filter (class=org.apache.hadoop.http.lib.StaticUserWebFilter$StaticUserFilter) to context logs
2022-02-20 11:35:09,538 [Listener at 127.0.0.1/34383] INFO  http.HttpServer2 (HttpServer2.java:addFilter(1014)) - Added filter static_user_filter (class=org.apache.hadoop.http.lib.StaticUserWebFilter$StaticUserFilter) to context static
2022-02-20 11:35:09,538 [Listener at 127.0.0.1/34383] INFO  http.HttpServer2 (HttpServer2.java:bindListener(1249)) - Jetty bound to port 40735
2022-02-20 11:35:09,539 [Listener at 127.0.0.1/34383] INFO  server.Server (Server.java:doStart(375)) - jetty-9.4.43.v20210629; built: 2021-06-30T11:07:22.254Z; git: 526006ecfa3af7f1a27ef3a288e2bef7ea9dd7e8; jvm 1.8.0_322-b06
2022-02-20 11:35:09,541 [Listener at 127.0.0.1/34383] INFO  server.session (DefaultSessionIdManager.java:doStart(334)) - DefaultSessionIdManager workerName=node0
2022-02-20 11:35:09,541 [Listener at 127.0.0.1/34383] INFO  server.session (DefaultSessionIdManager.java:doStart(339)) - No SessionScavenger set, using defaults
2022-02-20 11:35:09,541 [Listener at 127.0.0.1/34383] INFO  server.session (HouseKeeper.java:startScavenging(132)) - node0 Scavenging every 600000ms
2022-02-20 11:35:09,542 [Listener at 127.0.0.1/34383] INFO  handler.ContextHandler (ContextHandler.java:doStart(915)) - Started o.e.j.s.ServletContextHandler@3961c19f{logs,/logs,file:///home/runner/work/ozone/ozone/hadoop-ozone/integration-test/target/log,AVAILABLE}
2022-02-20 11:35:09,542 [Listener at 127.0.0.1/34383] INFO  handler.ContextHandler (ContextHandler.java:doStart(915)) - Started o.e.j.s.ServletContextHandler@ad9f257{static,/static,jar:file:/home/runner/.m2/repository/org/apache/ozone/hdds-container-service/1.3.0-SNAPSHOT/hdds-container-service-1.3.0-SNAPSHOT.jar!/webapps/static,AVAILABLE}
2022-02-20 11:35:09,612 [Listener at 127.0.0.1/34383] INFO  handler.ContextHandler (ContextHandler.java:doStart(915)) - Started o.e.j.w.WebAppContext@478fdd4e{hddsDatanode,/,file:///tmp/jetty-0_0_0_0-40735-hdds-container-service-1_3_0-SNAPSHOT_jar-_-any-6391740021817973748/webapp/,AVAILABLE}{jar:file:/home/runner/.m2/repository/org/apache/ozone/hdds-container-service/1.3.0-SNAPSHOT/hdds-container-service-1.3.0-SNAPSHOT.jar!/webapps/hddsDatanode}
2022-02-20 11:35:09,618 [Listener at 127.0.0.1/34383] INFO  server.AbstractConnector (AbstractConnector.java:doStart(331)) - Started ServerConnector@77cf68c6{HTTP/1.1, (http/1.1)}{0.0.0.0:40735}
2022-02-20 11:35:09,618 [Listener at 127.0.0.1/34383] INFO  server.Server (Server.java:doStart(415)) - Started @199806ms
2022-02-20 11:35:09,618 [Listener at 127.0.0.1/34383] WARN  impl.MetricsSystemImpl (MetricsSystemImpl.java:register(279)) - Sink prometheus already exists!
2022-02-20 11:35:09,626 [Listener at 127.0.0.1/34383] INFO  http.BaseHttpServer (BaseHttpServer.java:updateConnectorAddress(329)) - HTTP server of hddsDatanode listening at http://0.0.0.0:40735
2022-02-20 11:35:09,630 [Listener at 127.0.0.1/34383] WARN  impl.MetricRegistriesImpl (MetricRegistriesImpl.java:addReporterRegistration(111)) - New reporters are added after registries were created. Some metrics will be missing from the reporter. Please add reporter before adding any new registry.
2022-02-20 11:35:09,631 [Listener at 127.0.0.1/34383] WARN  impl.MetricRegistriesImpl (MetricRegistriesImpl.java:addReporterRegistration(111)) - New reporters are added after registries were created. Some metrics will be missing from the reporter. Please add reporter before adding any new registry.
2022-02-20 11:35:09,631 [Listener at 127.0.0.1/34383] INFO  impl.MetricsSystemImpl (MetricsSystemImpl.java:init(158)) - HddsDatanode metrics system started (again)
2022-02-20 11:35:09,636 [Datanode State Machine Daemon Thread] INFO  statemachine.DatanodeStateMachine (DatanodeStateMachine.java:lambda$startDaemon$0(470)) - Ozone container server started.
2022-02-20 11:35:09,675 [Listener at 127.0.0.1/34383] INFO  ozone.HddsDatanodeService (HddsDatanodeService.java:start(233)) - HddsDatanodeService host:fv-az59-849.csjynl4pkq3e1pkirw3ssqjfoh.cx.internal.cloudapp.net ip:10.1.0.4
2022-02-20 11:35:09,677 [org.apache.hadoop.util.JvmPauseMonitor$Monitor@6d6b7297] INFO  util.JvmPauseMonitor (JvmPauseMonitor.java:run(188)) - Starting JVM pause monitor
2022-02-20 11:35:09,680 [Datanode State Machine Task Thread - 0] INFO  datanode.InitDatanodeState (InitDatanodeState.java:persistContainerDatanodeDetails(138)) - DatanodeDetails is persisted to /home/runner/work/ozone/ozone/hadoop-ozone/integration-test/target/test-dir/MiniOzoneClusterImpl-ef7d9b18-b883-481c-b364-f8f997331ef1/datanode-0/meta/datanode.id
2022-02-20 11:35:09,732 [Listener at 127.0.0.1/34383] INFO  upgrade.AbstractLayoutVersionManager (AbstractLayoutVersionManager.java:init(79)) - Initializing Layout version manager with metadata layout = SCM_HA (version = 2), software layout = SCM_HA (version = 2)
2022-02-20 11:35:09,814 [Listener at 127.0.0.1/34383] INFO  reflections.Reflections (Reflections.java:scan(232)) - Reflections took 80 ms to scan 7 urls, producing 121 keys and 284 values 
2022-02-20 11:35:09,816 [Listener at 127.0.0.1/34383] INFO  statemachine.DatanodeStateMachine (DatanodeStateMachine.java:getEndPointTaskThreadPoolSize(222)) - Datanode State Machine Task Thread Pool size 2
2022-02-20 11:35:09,817 [Listener at 127.0.0.1/34383] INFO  volume.HddsVolume (HddsVolume.java:<init>(120)) - Creating HddsVolume: /home/runner/work/ozone/ozone/hadoop-ozone/integration-test/target/test-dir/MiniOzoneClusterImpl-ef7d9b18-b883-481c-b364-f8f997331ef1/datanode-1/data-0/containers/hdds of storage type : DISK capacity : 9223372036854775807
2022-02-20 11:35:09,817 [Listener at 127.0.0.1/34383] INFO  volume.MutableVolumeSet (MutableVolumeSet.java:initializeVolumeSet(168)) - Added Volume : /home/runner/work/ozone/ozone/hadoop-ozone/integration-test/target/test-dir/MiniOzoneClusterImpl-ef7d9b18-b883-481c-b364-f8f997331ef1/datanode-1/data-0/containers/hdds to VolumeSet
2022-02-20 11:35:09,817 [Listener at 127.0.0.1/34383] INFO  volume.ThrottledAsyncChecker (ThrottledAsyncChecker.java:schedule(141)) - Scheduling a check for /home/runner/work/ozone/ozone/hadoop-ozone/integration-test/target/test-dir/MiniOzoneClusterImpl-ef7d9b18-b883-481c-b364-f8f997331ef1/datanode-1/data-0/containers/hdds
2022-02-20 11:35:09,842 [Listener at 127.0.0.1/34383] INFO  volume.StorageVolumeChecker (StorageVolumeChecker.java:checkAllVolumes(202)) - Scheduled health check for volume /home/runner/work/ozone/ozone/hadoop-ozone/integration-test/target/test-dir/MiniOzoneClusterImpl-ef7d9b18-b883-481c-b364-f8f997331ef1/datanode-1/data-0/containers/hdds
2022-02-20 11:35:09,854 [Listener at 127.0.0.1/34383] INFO  volume.MutableVolumeSet (MutableVolumeSet.java:initializeVolumeSet(168)) - Added Volume : /home/runner/work/ozone/ozone/hadoop-ozone/integration-test/target/test-dir/MiniOzoneClusterImpl-ef7d9b18-b883-481c-b364-f8f997331ef1/datanode-1/data/ratis to VolumeSet
2022-02-20 11:35:09,854 [Listener at 127.0.0.1/34383] INFO  volume.ThrottledAsyncChecker (ThrottledAsyncChecker.java:schedule(141)) - Scheduling a check for /home/runner/work/ozone/ozone/hadoop-ozone/integration-test/target/test-dir/MiniOzoneClusterImpl-ef7d9b18-b883-481c-b364-f8f997331ef1/datanode-1/data/ratis
2022-02-20 11:35:09,855 [Listener at 127.0.0.1/34383] INFO  volume.StorageVolumeChecker (StorageVolumeChecker.java:checkAllVolumes(202)) - Scheduled health check for volume /home/runner/work/ozone/ozone/hadoop-ozone/integration-test/target/test-dir/MiniOzoneClusterImpl-ef7d9b18-b883-481c-b364-f8f997331ef1/datanode-1/data/ratis
2022-02-20 11:35:09,867 [Thread-1297] INFO  ozoneimpl.ContainerReader (ContainerReader.java:readVolume(172)) - Finish verifying containers on volume /home/runner/work/ozone/ozone/hadoop-ozone/integration-test/target/test-dir/MiniOzoneClusterImpl-ef7d9b18-b883-481c-b364-f8f997331ef1/datanode-1/data-0/containers/hdds
2022-02-20 11:35:09,867 [Listener at 127.0.0.1/34383] INFO  ozoneimpl.OzoneContainer (OzoneContainer.java:buildContainerSet(252)) - Build ContainerSet costs 0s
2022-02-20 11:35:09,869 [Listener at 127.0.0.1/34383] INFO  server.RaftServer (ConfUtils.java:logGet(44)) - raft.rpc.type = GRPC (default)
2022-02-20 11:35:09,869 [Listener at 127.0.0.1/34383] INFO  grpc.GrpcFactory (GrpcFactory.java:checkPooledByteBufAllocatorUseCacheForAllThreads(48)) - PERFORMANCE WARNING: useCacheForAllThreads is true that may cause Netty to create a lot garbage objects and, as a result, trigger GC.
	It is recommended to disable useCacheForAllThreads by setting -Dorg.apache.ratis.thirdparty.io.netty.allocator.useCacheForAllThreads=false in command line.
2022-02-20 11:35:09,869 [Listener at 127.0.0.1/34383] INFO  grpc.GrpcConfigKeys (ConfUtils.java:logGet(44)) - raft.grpc.admin.port = 0 (custom)
2022-02-20 11:35:09,870 [Listener at 127.0.0.1/34383] INFO  grpc.GrpcConfigKeys (ConfUtils.java:logGet(44)) - raft.grpc.client.port = 0 (custom)
2022-02-20 11:35:09,873 [Listener at 127.0.0.1/34383] INFO  grpc.GrpcConfigKeys (ConfUtils.java:logGet(44)) - raft.grpc.server.port = 0 (default)
2022-02-20 11:35:09,874 [Listener at 127.0.0.1/34383] INFO  server.GrpcService (ConfUtils.java:logGet(44)) - raft.grpc.message.size.max = 32MB (=33554432) (custom)
2022-02-20 11:35:09,874 [Listener at 127.0.0.1/34383] INFO  server.RaftServerConfigKeys (ConfUtils.java:logGet(44)) - raft.server.log.appender.buffer.byte-limit = 33554432 (custom)
2022-02-20 11:35:09,874 [Listener at 127.0.0.1/34383] INFO  server.GrpcService (ConfUtils.java:logGet(44)) - raft.grpc.flow.control.window = 5MB (=5242880) (custom)
2022-02-20 11:35:09,874 [Listener at 127.0.0.1/34383] INFO  server.RaftServerConfigKeys (ConfUtils.java:logGet(44)) - raft.server.rpc.request.timeout = 60s (custom)
2022-02-20 11:35:09,875 [Listener at 127.0.0.1/34383] INFO  impl.DataStreamServerImpl (ConfUtils.java:logGet(44)) - raft.datastream.type = DISABLED (default)
2022-02-20 11:35:09,876 [Listener at 127.0.0.1/34383] INFO  server.RaftServerConfigKeys (ConfUtils.java:logGet(44)) - raft.server.rpc.slowness.timeout = 300s (custom)
2022-02-20 11:35:09,876 [Listener at 127.0.0.1/34383] INFO  server.RaftServerConfigKeys (ConfUtils.java:logGet(44)) - raft.server.leaderelection.leader.step-down.wait-time = 10s (default)
2022-02-20 11:35:09,876 [Listener at 127.0.0.1/34383] INFO  server.RaftServerConfigKeys (ConfUtils.java:logGet(44)) - raft.server.storage.dir = [/home/runner/work/ozone/ozone/hadoop-ozone/integration-test/target/test-dir/MiniOzoneClusterImpl-ef7d9b18-b883-481c-b364-f8f997331ef1/datanode-1/data/ratis] (custom)
2022-02-20 11:35:09,877 [Listener at 127.0.0.1/34383] INFO  server.XceiverServerGrpc (XceiverServerGrpc.java:<init>(132)) - GrpcServer channel type EpollServerSocketChannel
2022-02-20 11:35:09,902 [Listener at 127.0.0.1/34383] INFO  http.BaseHttpServer (BaseHttpServer.java:newHttpServer2BuilderForOzone(209)) - Starting Web-server for hddsDatanode at: http://0.0.0.0:0
2022-02-20 11:35:09,902 [Listener at 127.0.0.1/34383] INFO  http.BaseHttpServer (BaseHttpServer.java:<init>(107)) - Hadoop Security Enabled: false Ozone Security Enabled: false Ozone HTTP Security Enabled: false 
2022-02-20 11:35:09,903 [Listener at 127.0.0.1/34383] INFO  server.AuthenticationFilter (AuthenticationFilter.java:constructSecretProvider(240)) - Unable to initialize FileSignerSecretProvider, falling back to use random secrets.
2022-02-20 11:35:09,914 [Listener at 127.0.0.1/34383] WARN  http.HttpRequestLog (HttpRequestLog.java:getRequestLog(103)) - Jetty request log can only be enabled using Log4j
2022-02-20 11:35:09,914 [Listener at 127.0.0.1/34383] INFO  http.HttpServer2 (HttpServer2.java:addGlobalFilter(1030)) - Added global filter 'safety' (class=org.apache.hadoop.hdds.server.http.HttpServer2$QuotingInputFilter)
2022-02-20 11:35:09,915 [Listener at 127.0.0.1/34383] INFO  http.HttpServer2 (HttpServer2.java:addFilter(1006)) - Added filter static_user_filter (class=org.apache.hadoop.http.lib.StaticUserWebFilter$StaticUserFilter) to context hddsDatanode
2022-02-20 11:35:09,915 [Listener at 127.0.0.1/34383] INFO  http.HttpServer2 (HttpServer2.java:addFilter(1014)) - Added filter static_user_filter (class=org.apache.hadoop.http.lib.StaticUserWebFilter$StaticUserFilter) to context static
2022-02-20 11:35:09,915 [Listener at 127.0.0.1/34383] INFO  http.HttpServer2 (HttpServer2.java:addFilter(1014)) - Added filter static_user_filter (class=org.apache.hadoop.http.lib.StaticUserWebFilter$StaticUserFilter) to context logs
2022-02-20 11:35:09,915 [Listener at 127.0.0.1/34383] INFO  http.HttpServer2 (HttpServer2.java:bindListener(1249)) - Jetty bound to port 39799
2022-02-20 11:35:09,916 [Listener at 127.0.0.1/34383] INFO  server.Server (Server.java:doStart(375)) - jetty-9.4.43.v20210629; built: 2021-06-30T11:07:22.254Z; git: 526006ecfa3af7f1a27ef3a288e2bef7ea9dd7e8; jvm 1.8.0_322-b06
2022-02-20 11:35:09,926 [Listener at 127.0.0.1/34383] INFO  server.session (DefaultSessionIdManager.java:doStart(334)) - DefaultSessionIdManager workerName=node0
2022-02-20 11:35:09,926 [Listener at 127.0.0.1/34383] INFO  server.session (DefaultSessionIdManager.java:doStart(339)) - No SessionScavenger set, using defaults
2022-02-20 11:35:09,926 [Listener at 127.0.0.1/34383] INFO  server.session (HouseKeeper.java:startScavenging(132)) - node0 Scavenging every 660000ms
2022-02-20 11:35:09,939 [Listener at 127.0.0.1/34383] INFO  handler.ContextHandler (ContextHandler.java:doStart(915)) - Started o.e.j.s.ServletContextHandler@2e8edc36{logs,/logs,file:///home/runner/work/ozone/ozone/hadoop-ozone/integration-test/target/log,AVAILABLE}
2022-02-20 11:35:09,939 [Listener at 127.0.0.1/34383] INFO  handler.ContextHandler (ContextHandler.java:doStart(915)) - Started o.e.j.s.ServletContextHandler@31d8ff7a{static,/static,jar:file:/home/runner/.m2/repository/org/apache/ozone/hdds-container-service/1.3.0-SNAPSHOT/hdds-container-service-1.3.0-SNAPSHOT.jar!/webapps/static,AVAILABLE}
2022-02-20 11:35:09,997 [Listener at 127.0.0.1/34383] INFO  handler.ContextHandler (ContextHandler.java:doStart(915)) - Started o.e.j.w.WebAppContext@4da3f4e7{hddsDatanode,/,file:///tmp/jetty-0_0_0_0-39799-hdds-container-service-1_3_0-SNAPSHOT_jar-_-any-5866094826774425119/webapp/,AVAILABLE}{jar:file:/home/runner/.m2/repository/org/apache/ozone/hdds-container-service/1.3.0-SNAPSHOT/hdds-container-service-1.3.0-SNAPSHOT.jar!/webapps/hddsDatanode}
2022-02-20 11:35:09,998 [Listener at 127.0.0.1/34383] INFO  server.AbstractConnector (AbstractConnector.java:doStart(331)) - Started ServerConnector@1b4d1b22{HTTP/1.1, (http/1.1)}{0.0.0.0:39799}
2022-02-20 11:35:09,998 [Listener at 127.0.0.1/34383] INFO  server.Server (Server.java:doStart(415)) - Started @200187ms
2022-02-20 11:35:09,999 [Listener at 127.0.0.1/34383] WARN  impl.MetricsSystemImpl (MetricsSystemImpl.java:register(279)) - Sink prometheus already exists!
2022-02-20 11:35:09,999 [Listener at 127.0.0.1/34383] INFO  http.BaseHttpServer (BaseHttpServer.java:updateConnectorAddress(329)) - HTTP server of hddsDatanode listening at http://0.0.0.0:39799
2022-02-20 11:35:10,000 [Listener at 127.0.0.1/34383] WARN  impl.MetricRegistriesImpl (MetricRegistriesImpl.java:addReporterRegistration(111)) - New reporters are added after registries were created. Some metrics will be missing from the reporter. Please add reporter before adding any new registry.
2022-02-20 11:35:10,000 [Listener at 127.0.0.1/34383] WARN  impl.MetricRegistriesImpl (MetricRegistriesImpl.java:addReporterRegistration(111)) - New reporters are added after registries were created. Some metrics will be missing from the reporter. Please add reporter before adding any new registry.
2022-02-20 11:35:10,000 [Listener at 127.0.0.1/34383] INFO  impl.MetricsSystemImpl (MetricsSystemImpl.java:init(158)) - HddsDatanode metrics system started (again)
2022-02-20 11:35:10,006 [Datanode State Machine Daemon Thread] INFO  statemachine.DatanodeStateMachine (DatanodeStateMachine.java:lambda$startDaemon$0(470)) - Ozone container server started.
2022-02-20 11:35:10,040 [Listener at 127.0.0.1/34383] INFO  ozone.HddsDatanodeService (HddsDatanodeService.java:start(233)) - HddsDatanodeService host:fv-az59-849.csjynl4pkq3e1pkirw3ssqjfoh.cx.internal.cloudapp.net ip:10.1.0.4
2022-02-20 11:35:10,041 [org.apache.hadoop.util.JvmPauseMonitor$Monitor@22949bf8] INFO  util.JvmPauseMonitor (JvmPauseMonitor.java:run(188)) - Starting JVM pause monitor
2022-02-20 11:35:10,071 [Datanode State Machine Task Thread - 0] INFO  datanode.InitDatanodeState (InitDatanodeState.java:persistContainerDatanodeDetails(138)) - DatanodeDetails is persisted to /home/runner/work/ozone/ozone/hadoop-ozone/integration-test/target/test-dir/MiniOzoneClusterImpl-ef7d9b18-b883-481c-b364-f8f997331ef1/datanode-1/meta/datanode.id
2022-02-20 11:35:10,100 [Listener at 127.0.0.1/34383] INFO  upgrade.AbstractLayoutVersionManager (AbstractLayoutVersionManager.java:init(79)) - Initializing Layout version manager with metadata layout = SCM_HA (version = 2), software layout = SCM_HA (version = 2)
2022-02-20 11:35:10,102 [om1@group-C5BA1605619E-FollowerState] INFO  impl.FollowerState (FollowerState.java:run(134)) - om1@group-C5BA1605619E-FollowerState: change to CANDIDATE, lastRpcElapsedTime:1122457589ns, electionTimeout:1103ms
2022-02-20 11:35:10,102 [om1@group-C5BA1605619E-FollowerState] INFO  impl.RoleInfo (RoleInfo.java:shutdownFollowerState(108)) - om1: shutdown om1@group-C5BA1605619E-FollowerState
2022-02-20 11:35:10,102 [om1@group-C5BA1605619E-FollowerState] INFO  server.RaftServer$Division (RaftServerImpl.java:setRole(290)) - om1@group-C5BA1605619E: changes role from  FOLLOWER to CANDIDATE at term 0 for changeToCandidate
2022-02-20 11:35:10,102 [om1@group-C5BA1605619E-FollowerState] INFO  server.RaftServerConfigKeys (ConfUtils.java:logGet(44)) - raft.server.leaderelection.pre-vote = false (custom)
2022-02-20 11:35:10,102 [om1@group-C5BA1605619E-FollowerState] INFO  impl.RoleInfo (RoleInfo.java:updateAndGet(130)) - om1: start om1@group-C5BA1605619E-LeaderElection54
2022-02-20 11:35:10,133 [om1@group-C5BA1605619E-LeaderElection54] INFO  impl.LeaderElection (LeaderElection.java:askForVotes(306)) - om1@group-C5BA1605619E-LeaderElection54 ELECTION round 0: submit vote requests at term 1 for -1: [om1|rpc:localhost:9872|priority:0], old=null
2022-02-20 11:35:10,133 [om1@group-C5BA1605619E-LeaderElection54] INFO  impl.LeaderElection (LeaderElection.java:askForVotes(308)) - om1@group-C5BA1605619E-LeaderElection54 ELECTION round 0: result PASSED (term=1)
2022-02-20 11:35:10,133 [om1@group-C5BA1605619E-LeaderElection54] INFO  impl.RoleInfo (RoleInfo.java:shutdownLeaderElection(121)) - om1: shutdown om1@group-C5BA1605619E-LeaderElection54
2022-02-20 11:35:10,133 [om1@group-C5BA1605619E-LeaderElection54] INFO  server.RaftServer$Division (RaftServerImpl.java:setRole(290)) - om1@group-C5BA1605619E: changes role from CANDIDATE to LEADER at term 1 for changeToLeader
2022-02-20 11:35:10,133 [om1@group-C5BA1605619E-LeaderElection54] INFO  server.RaftServer$Division (ServerState.java:setLeader(285)) - om1@group-C5BA1605619E: change Leader from null to om1 at term 1 for becomeLeader, leader elected after 1234ms
2022-02-20 11:35:10,133 [om1@group-C5BA1605619E-LeaderElection54] INFO  server.RaftServerConfigKeys (ConfUtils.java:logGet(44)) - raft.server.staging.catchup.gap = 1000 (default)
2022-02-20 11:35:10,133 [om1@group-C5BA1605619E-LeaderElection54] INFO  server.RaftServerConfigKeys (ConfUtils.java:logGet(44)) - raft.server.write.element-limit = 4096 (default)
2022-02-20 11:35:10,133 [om1@group-C5BA1605619E-LeaderElection54] INFO  server.RaftServerConfigKeys (ConfUtils.java:logGet(44)) - raft.server.write.byte-limit = 64MB (=67108864) (default)
2022-02-20 11:35:10,134 [om1@group-C5BA1605619E-LeaderElection54] INFO  server.RaftServerConfigKeys (ConfUtils.java:logGet(44)) - raft.server.watch.timeout = 10s (default)
2022-02-20 11:35:10,134 [om1@group-C5BA1605619E-LeaderElection54] INFO  server.RaftServerConfigKeys (ConfUtils.java:logGet(44)) - raft.server.watch.timeout.denomination = 1s (default)
2022-02-20 11:35:10,134 [om1@group-C5BA1605619E-LeaderElection54] INFO  server.RaftServerConfigKeys (ConfUtils.java:logGet(44)) - raft.server.watch.element-limit = 65536 (default)
2022-02-20 11:35:10,134 [om1@group-C5BA1605619E-LeaderElection54] INFO  server.RaftServerConfigKeys (ConfUtils.java:logGet(44)) - raft.server.write.element-limit = 4096 (default)
2022-02-20 11:35:10,134 [om1@group-C5BA1605619E-LeaderElection54] INFO  server.RaftServerConfigKeys (ConfUtils.java:logGet(44)) - raft.server.write.follower.gap.ratio.max = -1.0 (default)
2022-02-20 11:35:10,134 [om1@group-C5BA1605619E-LeaderElection54] INFO  impl.RoleInfo (RoleInfo.java:updateAndGet(130)) - om1: start om1@group-C5BA1605619E-LeaderStateImpl
2022-02-20 11:35:10,134 [om1@group-C5BA1605619E-LeaderElection54] INFO  segmented.SegmentedRaftLogWorker (SegmentedRaftLogWorker.java:startLogSegment(394)) - om1@group-C5BA1605619E-SegmentedRaftLogWorker: Starting segment from index:0
2022-02-20 11:35:10,145 [om1@group-C5BA1605619E-SegmentedRaftLogWorker] INFO  segmented.SegmentedRaftLogWorker (SegmentedRaftLogWorker.java:execute(601)) - om1@group-C5BA1605619E-SegmentedRaftLogWorker: created new log segment /home/runner/work/ozone/ozone/hadoop-ozone/integration-test/target/test-dir/MiniOzoneClusterImpl-ef7d9b18-b883-481c-b364-f8f997331ef1/ozone-meta/ratis/bf265839-605b-3f16-9796-c5ba1605619e/current/log_inprogress_0
2022-02-20 11:35:10,151 [om1@group-C5BA1605619E-LeaderElection54] INFO  server.RaftServer$Division (ServerState.java:setRaftConf(387)) - om1@group-C5BA1605619E: set configuration 0: [om1|rpc:localhost:9872|admin:|client:|dataStream:|priority:0], old=null
2022-02-20 11:35:10,154 [om1@group-C5BA1605619E-StateMachineUpdater] INFO  ratis.OzoneManagerStateMachine (OzoneManagerStateMachine.java:notifyConfigurationChanged(188)) - Received Configuration change notification from Ratis. New Peer list:
[id: "om1"
address: "localhost:9872"
]
2022-02-20 11:35:10,181 [Listener at 127.0.0.1/34383] INFO  reflections.Reflections (Reflections.java:scan(232)) - Reflections took 79 ms to scan 7 urls, producing 121 keys and 284 values 
2022-02-20 11:35:10,184 [Listener at 127.0.0.1/34383] INFO  statemachine.DatanodeStateMachine (DatanodeStateMachine.java:getEndPointTaskThreadPoolSize(222)) - Datanode State Machine Task Thread Pool size 2
2022-02-20 11:35:10,185 [Listener at 127.0.0.1/34383] INFO  volume.HddsVolume (HddsVolume.java:<init>(120)) - Creating HddsVolume: /home/runner/work/ozone/ozone/hadoop-ozone/integration-test/target/test-dir/MiniOzoneClusterImpl-ef7d9b18-b883-481c-b364-f8f997331ef1/datanode-2/data-0/containers/hdds of storage type : DISK capacity : 9223372036854775807
2022-02-20 11:35:10,185 [Listener at 127.0.0.1/34383] INFO  volume.MutableVolumeSet (MutableVolumeSet.java:initializeVolumeSet(168)) - Added Volume : /home/runner/work/ozone/ozone/hadoop-ozone/integration-test/target/test-dir/MiniOzoneClusterImpl-ef7d9b18-b883-481c-b364-f8f997331ef1/datanode-2/data-0/containers/hdds to VolumeSet
2022-02-20 11:35:10,185 [Listener at 127.0.0.1/34383] INFO  volume.ThrottledAsyncChecker (ThrottledAsyncChecker.java:schedule(141)) - Scheduling a check for /home/runner/work/ozone/ozone/hadoop-ozone/integration-test/target/test-dir/MiniOzoneClusterImpl-ef7d9b18-b883-481c-b364-f8f997331ef1/datanode-2/data-0/containers/hdds
2022-02-20 11:35:10,202 [Listener at 127.0.0.1/34383] INFO  volume.StorageVolumeChecker (StorageVolumeChecker.java:checkAllVolumes(202)) - Scheduled health check for volume /home/runner/work/ozone/ozone/hadoop-ozone/integration-test/target/test-dir/MiniOzoneClusterImpl-ef7d9b18-b883-481c-b364-f8f997331ef1/datanode-2/data-0/containers/hdds
2022-02-20 11:35:10,233 [Listener at 127.0.0.1/34383] INFO  volume.MutableVolumeSet (MutableVolumeSet.java:initializeVolumeSet(168)) - Added Volume : /home/runner/work/ozone/ozone/hadoop-ozone/integration-test/target/test-dir/MiniOzoneClusterImpl-ef7d9b18-b883-481c-b364-f8f997331ef1/datanode-2/data/ratis to VolumeSet
2022-02-20 11:35:10,238 [Listener at 127.0.0.1/34383] INFO  volume.ThrottledAsyncChecker (ThrottledAsyncChecker.java:schedule(141)) - Scheduling a check for /home/runner/work/ozone/ozone/hadoop-ozone/integration-test/target/test-dir/MiniOzoneClusterImpl-ef7d9b18-b883-481c-b364-f8f997331ef1/datanode-2/data/ratis
2022-02-20 11:35:10,239 [Listener at 127.0.0.1/34383] INFO  volume.StorageVolumeChecker (StorageVolumeChecker.java:checkAllVolumes(202)) - Scheduled health check for volume /home/runner/work/ozone/ozone/hadoop-ozone/integration-test/target/test-dir/MiniOzoneClusterImpl-ef7d9b18-b883-481c-b364-f8f997331ef1/datanode-2/data/ratis
2022-02-20 11:35:10,261 [Thread-1311] INFO  ozoneimpl.ContainerReader (ContainerReader.java:readVolume(172)) - Finish verifying containers on volume /home/runner/work/ozone/ozone/hadoop-ozone/integration-test/target/test-dir/MiniOzoneClusterImpl-ef7d9b18-b883-481c-b364-f8f997331ef1/datanode-2/data-0/containers/hdds
2022-02-20 11:35:10,261 [Listener at 127.0.0.1/34383] INFO  ozoneimpl.OzoneContainer (OzoneContainer.java:buildContainerSet(252)) - Build ContainerSet costs 0s
2022-02-20 11:35:10,265 [Listener at 127.0.0.1/34383] INFO  server.RaftServer (ConfUtils.java:logGet(44)) - raft.rpc.type = GRPC (default)
2022-02-20 11:35:10,265 [Listener at 127.0.0.1/34383] INFO  grpc.GrpcFactory (GrpcFactory.java:checkPooledByteBufAllocatorUseCacheForAllThreads(48)) - PERFORMANCE WARNING: useCacheForAllThreads is true that may cause Netty to create a lot garbage objects and, as a result, trigger GC.
	It is recommended to disable useCacheForAllThreads by setting -Dorg.apache.ratis.thirdparty.io.netty.allocator.useCacheForAllThreads=false in command line.
2022-02-20 11:35:10,265 [Listener at 127.0.0.1/34383] INFO  grpc.GrpcConfigKeys (ConfUtils.java:logGet(44)) - raft.grpc.admin.port = 0 (custom)
2022-02-20 11:35:10,265 [Listener at 127.0.0.1/34383] INFO  grpc.GrpcConfigKeys (ConfUtils.java:logGet(44)) - raft.grpc.client.port = 0 (custom)
2022-02-20 11:35:10,265 [Listener at 127.0.0.1/34383] INFO  grpc.GrpcConfigKeys (ConfUtils.java:logGet(44)) - raft.grpc.server.port = 0 (default)
2022-02-20 11:35:10,266 [Listener at 127.0.0.1/34383] INFO  server.GrpcService (ConfUtils.java:logGet(44)) - raft.grpc.message.size.max = 32MB (=33554432) (custom)
2022-02-20 11:35:10,269 [Listener at 127.0.0.1/34383] INFO  server.RaftServerConfigKeys (ConfUtils.java:logGet(44)) - raft.server.log.appender.buffer.byte-limit = 33554432 (custom)
2022-02-20 11:35:10,269 [Listener at 127.0.0.1/34383] INFO  server.GrpcService (ConfUtils.java:logGet(44)) - raft.grpc.flow.control.window = 5MB (=5242880) (custom)
2022-02-20 11:35:10,269 [Listener at 127.0.0.1/34383] INFO  server.RaftServerConfigKeys (ConfUtils.java:logGet(44)) - raft.server.rpc.request.timeout = 60s (custom)
2022-02-20 11:35:10,270 [Listener at 127.0.0.1/34383] INFO  impl.DataStreamServerImpl (ConfUtils.java:logGet(44)) - raft.datastream.type = DISABLED (default)
2022-02-20 11:35:10,270 [Listener at 127.0.0.1/34383] INFO  server.RaftServerConfigKeys (ConfUtils.java:logGet(44)) - raft.server.rpc.slowness.timeout = 300s (custom)
2022-02-20 11:35:10,270 [Listener at 127.0.0.1/34383] INFO  server.RaftServerConfigKeys (ConfUtils.java:logGet(44)) - raft.server.leaderelection.leader.step-down.wait-time = 10s (default)
2022-02-20 11:35:10,270 [Listener at 127.0.0.1/34383] INFO  server.RaftServerConfigKeys (ConfUtils.java:logGet(44)) - raft.server.storage.dir = [/home/runner/work/ozone/ozone/hadoop-ozone/integration-test/target/test-dir/MiniOzoneClusterImpl-ef7d9b18-b883-481c-b364-f8f997331ef1/datanode-2/data/ratis] (custom)
2022-02-20 11:35:10,272 [Listener at 127.0.0.1/34383] INFO  server.XceiverServerGrpc (XceiverServerGrpc.java:<init>(132)) - GrpcServer channel type EpollServerSocketChannel
2022-02-20 11:35:10,274 [Listener at 127.0.0.1/34383] INFO  http.BaseHttpServer (BaseHttpServer.java:newHttpServer2BuilderForOzone(209)) - Starting Web-server for hddsDatanode at: http://0.0.0.0:0
2022-02-20 11:35:10,274 [Listener at 127.0.0.1/34383] INFO  http.BaseHttpServer (BaseHttpServer.java:<init>(107)) - Hadoop Security Enabled: false Ozone Security Enabled: false Ozone HTTP Security Enabled: false 
2022-02-20 11:35:10,277 [Listener at 127.0.0.1/34383] INFO  server.AuthenticationFilter (AuthenticationFilter.java:constructSecretProvider(240)) - Unable to initialize FileSignerSecretProvider, falling back to use random secrets.
2022-02-20 11:35:10,278 [Listener at 127.0.0.1/34383] WARN  http.HttpRequestLog (HttpRequestLog.java:getRequestLog(103)) - Jetty request log can only be enabled using Log4j
2022-02-20 11:35:10,286 [Listener at 127.0.0.1/34383] INFO  http.HttpServer2 (HttpServer2.java:addGlobalFilter(1030)) - Added global filter 'safety' (class=org.apache.hadoop.hdds.server.http.HttpServer2$QuotingInputFilter)
2022-02-20 11:35:10,287 [Listener at 127.0.0.1/34383] INFO  http.HttpServer2 (HttpServer2.java:addFilter(1006)) - Added filter static_user_filter (class=org.apache.hadoop.http.lib.StaticUserWebFilter$StaticUserFilter) to context hddsDatanode
2022-02-20 11:35:10,287 [Listener at 127.0.0.1/34383] INFO  http.HttpServer2 (HttpServer2.java:addFilter(1014)) - Added filter static_user_filter (class=org.apache.hadoop.http.lib.StaticUserWebFilter$StaticUserFilter) to context static
2022-02-20 11:35:10,287 [Listener at 127.0.0.1/34383] INFO  http.HttpServer2 (HttpServer2.java:addFilter(1014)) - Added filter static_user_filter (class=org.apache.hadoop.http.lib.StaticUserWebFilter$StaticUserFilter) to context logs
2022-02-20 11:35:10,287 [Listener at 127.0.0.1/34383] INFO  http.HttpServer2 (HttpServer2.java:bindListener(1249)) - Jetty bound to port 42517
2022-02-20 11:35:10,288 [Listener at 127.0.0.1/34383] INFO  server.Server (Server.java:doStart(375)) - jetty-9.4.43.v20210629; built: 2021-06-30T11:07:22.254Z; git: 526006ecfa3af7f1a27ef3a288e2bef7ea9dd7e8; jvm 1.8.0_322-b06
2022-02-20 11:35:10,305 [Listener at 127.0.0.1/34383] INFO  server.session (DefaultSessionIdManager.java:doStart(334)) - DefaultSessionIdManager workerName=node0
2022-02-20 11:35:10,305 [Listener at 127.0.0.1/34383] INFO  server.session (DefaultSessionIdManager.java:doStart(339)) - No SessionScavenger set, using defaults
2022-02-20 11:35:10,309 [Listener at 127.0.0.1/34383] INFO  server.session (HouseKeeper.java:startScavenging(132)) - node0 Scavenging every 600000ms
2022-02-20 11:35:10,310 [Listener at 127.0.0.1/34383] INFO  handler.ContextHandler (ContextHandler.java:doStart(915)) - Started o.e.j.s.ServletContextHandler@6b0b6001{logs,/logs,file:///home/runner/work/ozone/ozone/hadoop-ozone/integration-test/target/log,AVAILABLE}
2022-02-20 11:35:10,311 [Listener at 127.0.0.1/34383] INFO  handler.ContextHandler (ContextHandler.java:doStart(915)) - Started o.e.j.s.ServletContextHandler@534463c0{static,/static,jar:file:/home/runner/.m2/repository/org/apache/ozone/hdds-container-service/1.3.0-SNAPSHOT/hdds-container-service-1.3.0-SNAPSHOT.jar!/webapps/static,AVAILABLE}
2022-02-20 11:35:10,435 [Listener at 127.0.0.1/34383] INFO  handler.ContextHandler (ContextHandler.java:doStart(915)) - Started o.e.j.w.WebAppContext@49614b44{hddsDatanode,/,file:///tmp/jetty-0_0_0_0-42517-hdds-container-service-1_3_0-SNAPSHOT_jar-_-any-3929140778605699045/webapp/,AVAILABLE}{jar:file:/home/runner/.m2/repository/org/apache/ozone/hdds-container-service/1.3.0-SNAPSHOT/hdds-container-service-1.3.0-SNAPSHOT.jar!/webapps/hddsDatanode}
2022-02-20 11:35:10,478 [Listener at 127.0.0.1/34383] INFO  server.AbstractConnector (AbstractConnector.java:doStart(331)) - Started ServerConnector@31b7f472{HTTP/1.1, (http/1.1)}{0.0.0.0:42517}
2022-02-20 11:35:10,478 [Listener at 127.0.0.1/34383] INFO  server.Server (Server.java:doStart(415)) - Started @200666ms
2022-02-20 11:35:10,478 [Listener at 127.0.0.1/34383] WARN  impl.MetricsSystemImpl (MetricsSystemImpl.java:register(279)) - Sink prometheus already exists!
2022-02-20 11:35:10,481 [Listener at 127.0.0.1/34383] INFO  http.BaseHttpServer (BaseHttpServer.java:updateConnectorAddress(329)) - HTTP server of hddsDatanode listening at http://0.0.0.0:42517
2022-02-20 11:35:10,484 [Listener at 127.0.0.1/34383] INFO  ozone.MiniOzoneClusterImpl (MiniOzoneClusterImpl.java:lambda$waitForClusterToBeReady$0(219)) - Waiting for nodes to be ready. Got 0 of 3 DN Heartbeats.
2022-02-20 11:35:10,484 [Listener at 127.0.0.1/34383] INFO  ozone.MiniOzoneClusterImpl (MiniOzoneClusterImpl.java:lambda$waitForClusterToBeReady$0(222)) - Waiting for cluster to exit safe mode
2022-02-20 11:35:10,484 [Listener at 127.0.0.1/34383] INFO  ozone.MiniOzoneClusterImpl (MiniOzoneClusterImpl.java:lambda$waitForClusterToBeReady$0(224)) - SCM became leader
2022-02-20 11:35:10,484 [Datanode State Machine Daemon Thread] INFO  statemachine.DatanodeStateMachine (DatanodeStateMachine.java:lambda$startDaemon$0(470)) - Ozone container server started.
2022-02-20 11:35:10,501 [org.apache.hadoop.util.JvmPauseMonitor$Monitor@6fcb2846] INFO  util.JvmPauseMonitor (JvmPauseMonitor.java:run(188)) - Starting JVM pause monitor
2022-02-20 11:35:10,502 [Datanode State Machine Task Thread - 0] INFO  datanode.InitDatanodeState (InitDatanodeState.java:persistContainerDatanodeDetails(138)) - DatanodeDetails is persisted to /home/runner/work/ozone/ozone/hadoop-ozone/integration-test/target/test-dir/MiniOzoneClusterImpl-ef7d9b18-b883-481c-b364-f8f997331ef1/datanode-2/meta/datanode.id
2022-02-20 11:35:11,484 [Listener at 127.0.0.1/34383] INFO  ozone.MiniOzoneClusterImpl (MiniOzoneClusterImpl.java:lambda$waitForClusterToBeReady$0(219)) - Waiting for nodes to be ready. Got 0 of 3 DN Heartbeats.
2022-02-20 11:35:11,485 [Listener at 127.0.0.1/34383] INFO  ozone.MiniOzoneClusterImpl (MiniOzoneClusterImpl.java:lambda$waitForClusterToBeReady$0(222)) - Waiting for cluster to exit safe mode
2022-02-20 11:35:11,485 [Listener at 127.0.0.1/34383] INFO  ozone.MiniOzoneClusterImpl (MiniOzoneClusterImpl.java:lambda$waitForClusterToBeReady$0(224)) - SCM became leader
2022-02-20 11:35:11,727 [EndpointStateMachine task thread for /0.0.0.0:34839 - 0 ] INFO  ozoneimpl.OzoneContainer (OzoneContainer.java:start(330)) - Attempting to start container services.
2022-02-20 11:35:11,728 [EndpointStateMachine task thread for /0.0.0.0:34839 - 0 ] INFO  ozoneimpl.OzoneContainer (OzoneContainer.java:startContainerScrub(265)) - Background container scanner has been disabled.
2022-02-20 11:35:11,728 [EndpointStateMachine task thread for /0.0.0.0:34839 - 0 ] INFO  replication.ReplicationServer (ReplicationServer.java:start(111)) - ReplicationServer is started using port 32963
2022-02-20 11:35:11,729 [EndpointStateMachine task thread for /0.0.0.0:34839 - 0 ] INFO  ratis.XceiverServerRatis (XceiverServerRatis.java:start(485)) - Starting XceiverServerRatis 2d03a53d-46d4-463d-bb09-340522a9c0f9
2022-02-20 11:35:11,734 [EndpointStateMachine task thread for /0.0.0.0:34839 - 0 ] INFO  server.RaftServer (RaftServerProxy.java:lambda$start$5(374)) - 2d03a53d-46d4-463d-bb09-340522a9c0f9: start RPC server
2022-02-20 11:35:11,738 [EndpointStateMachine task thread for /0.0.0.0:34839 - 0 ] INFO  server.GrpcService (GrpcService.java:startImpl(253)) - 2d03a53d-46d4-463d-bb09-340522a9c0f9: GrpcService started, listening on 36421
2022-02-20 11:35:11,742 [EndpointStateMachine task thread for /0.0.0.0:34839 - 0 ] INFO  ratis.XceiverServerRatis (XceiverServerRatis.java:getRealPort(506)) - XceiverServerRatis 2d03a53d-46d4-463d-bb09-340522a9c0f9 is started using port 36421 for RATIS
2022-02-20 11:35:11,742 [EndpointStateMachine task thread for /0.0.0.0:34839 - 0 ] INFO  ratis.XceiverServerRatis (XceiverServerRatis.java:getRealPort(506)) - XceiverServerRatis 2d03a53d-46d4-463d-bb09-340522a9c0f9 is started using port 36421 for RATIS_ADMIN
2022-02-20 11:35:11,742 [EndpointStateMachine task thread for /0.0.0.0:34839 - 0 ] INFO  ratis.XceiverServerRatis (XceiverServerRatis.java:getRealPort(506)) - XceiverServerRatis 2d03a53d-46d4-463d-bb09-340522a9c0f9 is started using port 36421 for RATIS_SERVER
2022-02-20 11:35:11,743 [org.apache.ratis.util.JvmPauseMonitor$$Lambda$421/295700833@583cd6d0] INFO  util.JvmPauseMonitor (JvmPauseMonitor.java:run(103)) - JvmPauseMonitor-2d03a53d-46d4-463d-bb09-340522a9c0f9: Started
2022-02-20 11:35:11,744 [EndpointStateMachine task thread for /0.0.0.0:34839 - 0 ] INFO  server.XceiverServerGrpc (XceiverServerGrpc.java:start(180)) - XceiverServerGrpc 2d03a53d-46d4-463d-bb09-340522a9c0f9 is started using port 41423
2022-02-20 11:35:12,073 [EndpointStateMachine task thread for /0.0.0.0:34839 - 0 ] INFO  ozoneimpl.OzoneContainer (OzoneContainer.java:start(330)) - Attempting to start container services.
2022-02-20 11:35:12,074 [EndpointStateMachine task thread for /0.0.0.0:34839 - 0 ] INFO  ozoneimpl.OzoneContainer (OzoneContainer.java:startContainerScrub(265)) - Background container scanner has been disabled.
2022-02-20 11:35:12,074 [EndpointStateMachine task thread for /0.0.0.0:34839 - 0 ] INFO  replication.ReplicationServer (ReplicationServer.java:start(111)) - ReplicationServer is started using port 37483
2022-02-20 11:35:12,082 [EndpointStateMachine task thread for /0.0.0.0:34839 - 0 ] INFO  ratis.XceiverServerRatis (XceiverServerRatis.java:start(485)) - Starting XceiverServerRatis b8fdba17-8d93-448f-ac2b-c9170093642a
2022-02-20 11:35:12,084 [EndpointStateMachine task thread for /0.0.0.0:34839 - 0 ] INFO  server.RaftServer (RaftServerProxy.java:lambda$start$5(374)) - b8fdba17-8d93-448f-ac2b-c9170093642a: start RPC server
2022-02-20 11:35:12,087 [EndpointStateMachine task thread for /0.0.0.0:34839 - 0 ] INFO  server.GrpcService (GrpcService.java:startImpl(253)) - b8fdba17-8d93-448f-ac2b-c9170093642a: GrpcService started, listening on 42573
2022-02-20 11:35:12,090 [EndpointStateMachine task thread for /0.0.0.0:34839 - 0 ] INFO  ratis.XceiverServerRatis (XceiverServerRatis.java:getRealPort(506)) - XceiverServerRatis b8fdba17-8d93-448f-ac2b-c9170093642a is started using port 42573 for RATIS
2022-02-20 11:35:12,090 [EndpointStateMachine task thread for /0.0.0.0:34839 - 0 ] INFO  ratis.XceiverServerRatis (XceiverServerRatis.java:getRealPort(506)) - XceiverServerRatis b8fdba17-8d93-448f-ac2b-c9170093642a is started using port 42573 for RATIS_ADMIN
2022-02-20 11:35:12,090 [EndpointStateMachine task thread for /0.0.0.0:34839 - 0 ] INFO  ratis.XceiverServerRatis (XceiverServerRatis.java:getRealPort(506)) - XceiverServerRatis b8fdba17-8d93-448f-ac2b-c9170093642a is started using port 42573 for RATIS_SERVER
2022-02-20 11:35:12,106 [org.apache.ratis.util.JvmPauseMonitor$$Lambda$421/295700833@6e3e514c] INFO  util.JvmPauseMonitor (JvmPauseMonitor.java:run(103)) - JvmPauseMonitor-b8fdba17-8d93-448f-ac2b-c9170093642a: Started
2022-02-20 11:35:12,124 [EndpointStateMachine task thread for /0.0.0.0:34839 - 0 ] INFO  server.XceiverServerGrpc (XceiverServerGrpc.java:start(180)) - XceiverServerGrpc b8fdba17-8d93-448f-ac2b-c9170093642a is started using port 45845
2022-02-20 11:35:12,485 [Listener at 127.0.0.1/34383] INFO  ozone.MiniOzoneClusterImpl (MiniOzoneClusterImpl.java:lambda$waitForClusterToBeReady$0(219)) - Waiting for nodes to be ready. Got 0 of 3 DN Heartbeats.
2022-02-20 11:35:12,485 [Listener at 127.0.0.1/34383] INFO  ozone.MiniOzoneClusterImpl (MiniOzoneClusterImpl.java:lambda$waitForClusterToBeReady$0(222)) - Waiting for cluster to exit safe mode
2022-02-20 11:35:12,485 [Listener at 127.0.0.1/34383] INFO  ozone.MiniOzoneClusterImpl (MiniOzoneClusterImpl.java:lambda$waitForClusterToBeReady$0(224)) - SCM became leader
2022-02-20 11:35:12,520 [EndpointStateMachine task thread for /0.0.0.0:34839 - 0 ] INFO  ozoneimpl.OzoneContainer (OzoneContainer.java:start(330)) - Attempting to start container services.
2022-02-20 11:35:12,520 [EndpointStateMachine task thread for /0.0.0.0:34839 - 0 ] INFO  ozoneimpl.OzoneContainer (OzoneContainer.java:startContainerScrub(265)) - Background container scanner has been disabled.
2022-02-20 11:35:12,526 [EndpointStateMachine task thread for /0.0.0.0:34839 - 0 ] INFO  replication.ReplicationServer (ReplicationServer.java:start(111)) - ReplicationServer is started using port 41829
2022-02-20 11:35:12,527 [EndpointStateMachine task thread for /0.0.0.0:34839 - 0 ] INFO  ratis.XceiverServerRatis (XceiverServerRatis.java:start(485)) - Starting XceiverServerRatis 5b575dfa-70dc-4a83-a3ea-105d5dbe372d
2022-02-20 11:35:12,536 [EndpointStateMachine task thread for /0.0.0.0:34839 - 0 ] INFO  server.RaftServer (RaftServerProxy.java:lambda$start$5(374)) - 5b575dfa-70dc-4a83-a3ea-105d5dbe372d: start RPC server
2022-02-20 11:35:12,546 [EndpointStateMachine task thread for /0.0.0.0:34839 - 0 ] INFO  server.GrpcService (GrpcService.java:startImpl(253)) - 5b575dfa-70dc-4a83-a3ea-105d5dbe372d: GrpcService started, listening on 41217
2022-02-20 11:35:12,555 [EndpointStateMachine task thread for /0.0.0.0:34839 - 0 ] INFO  ratis.XceiverServerRatis (XceiverServerRatis.java:getRealPort(506)) - XceiverServerRatis 5b575dfa-70dc-4a83-a3ea-105d5dbe372d is started using port 41217 for RATIS
2022-02-20 11:35:12,555 [EndpointStateMachine task thread for /0.0.0.0:34839 - 0 ] INFO  ratis.XceiverServerRatis (XceiverServerRatis.java:getRealPort(506)) - XceiverServerRatis 5b575dfa-70dc-4a83-a3ea-105d5dbe372d is started using port 41217 for RATIS_ADMIN
2022-02-20 11:35:12,555 [EndpointStateMachine task thread for /0.0.0.0:34839 - 0 ] INFO  ratis.XceiverServerRatis (XceiverServerRatis.java:getRealPort(506)) - XceiverServerRatis 5b575dfa-70dc-4a83-a3ea-105d5dbe372d is started using port 41217 for RATIS_SERVER
2022-02-20 11:35:12,555 [org.apache.ratis.util.JvmPauseMonitor$$Lambda$421/295700833@15908486] INFO  util.JvmPauseMonitor (JvmPauseMonitor.java:run(103)) - JvmPauseMonitor-5b575dfa-70dc-4a83-a3ea-105d5dbe372d: Started
2022-02-20 11:35:12,555 [EndpointStateMachine task thread for /0.0.0.0:34839 - 0 ] INFO  server.XceiverServerGrpc (XceiverServerGrpc.java:start(180)) - XceiverServerGrpc 5b575dfa-70dc-4a83-a3ea-105d5dbe372d is started using port 41919
2022-02-20 11:35:13,485 [Listener at 127.0.0.1/34383] INFO  ozone.MiniOzoneClusterImpl (MiniOzoneClusterImpl.java:lambda$waitForClusterToBeReady$0(219)) - Waiting for nodes to be ready. Got 0 of 3 DN Heartbeats.
2022-02-20 11:35:13,486 [Listener at 127.0.0.1/34383] INFO  ozone.MiniOzoneClusterImpl (MiniOzoneClusterImpl.java:lambda$waitForClusterToBeReady$0(222)) - Waiting for cluster to exit safe mode
2022-02-20 11:35:13,486 [Listener at 127.0.0.1/34383] INFO  ozone.MiniOzoneClusterImpl (MiniOzoneClusterImpl.java:lambda$waitForClusterToBeReady$0(224)) - SCM became leader
2022-02-20 11:35:13,678 [IPC Server handler 1 on default port 34839] INFO  net.NetworkTopologyImpl (NetworkTopologyImpl.java:add(112)) - Added a new node: /default-rack/2d03a53d-46d4-463d-bb09-340522a9c0f9
2022-02-20 11:35:13,679 [IPC Server handler 1 on default port 34839] INFO  node.SCMNodeManager (SCMNodeManager.java:register(389)) - Registered Data node : 2d03a53d-46d4-463d-bb09-340522a9c0f9{ip: 10.1.0.4, host: fv-az59-849.csjynl4pkq3e1pkirw3ssqjfoh.cx.internal.cloudapp.net, ports: [REPLICATION=32963, RATIS=36421, RATIS_ADMIN=36421, RATIS_SERVER=36421, STANDALONE=41423], networkLocation: /default-rack, certSerialId: null, persistedOpState: null, persistedOpStateExpiryEpochSec: 0}
2022-02-20 11:35:13,681 [EventQueue-NodeRegistrationContainerReportForDataNodeSafeModeRule] INFO  safemode.SCMSafeModeManager (DataNodeSafeModeRule.java:process(71)) - SCM in safe mode. 1 DataNodes registered, 3 required.
2022-02-20 11:35:13,702 [EventQueue-NodeRegistrationContainerReportForContainerSafeModeRule] INFO  safemode.SCMSafeModeManager (SCMSafeModeManager.java:validateSafeModeExitRules(204)) - ContainerSafeModeRule rule is successfully validated
2022-02-20 11:35:13,710 [EventQueue-PipelineReportForOneReplicaPipelineSafeModeRule] INFO  safemode.SCMSafeModeManager (SCMSafeModeManager.java:validateSafeModeExitRules(204)) - AtleastOneDatanodeReportedRule rule is successfully validated
2022-02-20 11:35:13,714 [EventQueue-NewNodeForNewNodeHandler] INFO  pipeline.BackgroundPipelineCreator (BackgroundPipelineCreator.java:notifyEventTriggered(285)) - trigger a one-shot run on RatisPipelineUtilsThread.
2022-02-20 11:35:13,714 [RatisPipelineUtilsThread - 0] INFO  pipeline.RatisPipelineProvider (RatisPipelineProvider.java:lambda$create$0(183)) - Sending CreatePipelineCommand for pipeline:PipelineID=c643546e-8c00-43c5-af70-1b6214cb4f9d to datanode:2d03a53d-46d4-463d-bb09-340522a9c0f9
2022-02-20 11:35:13,751 [b9b7942b-4a56-45eb-a5c8-33194168f403@group-F8F997331EF1-StateMachineUpdater] INFO  pipeline.PipelineStateManagerImpl (PipelineStateManagerImpl.java:addPipeline(101)) - Created pipeline Pipeline[ Id: c643546e-8c00-43c5-af70-1b6214cb4f9d, Nodes: 2d03a53d-46d4-463d-bb09-340522a9c0f9{ip: 10.1.0.4, host: fv-az59-849.csjynl4pkq3e1pkirw3ssqjfoh.cx.internal.cloudapp.net, ports: [REPLICATION=32963, RATIS=36421, RATIS_ADMIN=36421, RATIS_SERVER=36421, STANDALONE=41423], networkLocation: /default-rack, certSerialId: null, persistedOpState: IN_SERVICE, persistedOpStateExpiryEpochSec: 0}, ReplicationConfig: RATIS/ONE, State:ALLOCATED, leaderId:, CreationTimestamp2022-02-20T11:35:13.714Z[Etc/UTC]].
2022-02-20 11:35:13,751 [b9b7942b-4a56-45eb-a5c8-33194168f403@group-F8F997331EF1-StateMachineUpdater] INFO  safemode.HealthyPipelineSafeModeRule (HealthyPipelineSafeModeRule.java:initializeRule(152)) - Refreshed total pipeline count is 0, healthy pipeline threshold count is 1
2022-02-20 11:35:14,052 [IPC Server handler 2 on default port 34839] INFO  net.NetworkTopologyImpl (NetworkTopologyImpl.java:add(112)) - Added a new node: /default-rack/b8fdba17-8d93-448f-ac2b-c9170093642a
2022-02-20 11:35:14,053 [IPC Server handler 2 on default port 34839] INFO  node.SCMNodeManager (SCMNodeManager.java:register(389)) - Registered Data node : b8fdba17-8d93-448f-ac2b-c9170093642a{ip: 10.1.0.4, host: fv-az59-849.csjynl4pkq3e1pkirw3ssqjfoh.cx.internal.cloudapp.net, ports: [REPLICATION=37483, RATIS=42573, RATIS_ADMIN=42573, RATIS_SERVER=42573, STANDALONE=45845], networkLocation: /default-rack, certSerialId: null, persistedOpState: null, persistedOpStateExpiryEpochSec: 0}
2022-02-20 11:35:14,053 [EventQueue-NewNodeForNewNodeHandler] INFO  pipeline.BackgroundPipelineCreator (BackgroundPipelineCreator.java:notifyEventTriggered(285)) - trigger a one-shot run on RatisPipelineUtilsThread.
2022-02-20 11:35:14,057 [EventQueue-NodeRegistrationContainerReportForDataNodeSafeModeRule] INFO  safemode.SCMSafeModeManager (DataNodeSafeModeRule.java:process(71)) - SCM in safe mode. 2 DataNodes registered, 3 required.
2022-02-20 11:35:14,065 [RatisPipelineUtilsThread - 0] INFO  pipeline.RatisPipelineProvider (RatisPipelineProvider.java:lambda$create$0(183)) - Sending CreatePipelineCommand for pipeline:PipelineID=dc30ef09-880c-4b07-8b3e-7855af18b3f7 to datanode:b8fdba17-8d93-448f-ac2b-c9170093642a
2022-02-20 11:35:14,066 [b9b7942b-4a56-45eb-a5c8-33194168f403@group-F8F997331EF1-StateMachineUpdater] INFO  pipeline.PipelineStateManagerImpl (PipelineStateManagerImpl.java:addPipeline(101)) - Created pipeline Pipeline[ Id: dc30ef09-880c-4b07-8b3e-7855af18b3f7, Nodes: b8fdba17-8d93-448f-ac2b-c9170093642a{ip: 10.1.0.4, host: fv-az59-849.csjynl4pkq3e1pkirw3ssqjfoh.cx.internal.cloudapp.net, ports: [REPLICATION=37483, RATIS=42573, RATIS_ADMIN=42573, RATIS_SERVER=42573, STANDALONE=45845], networkLocation: /default-rack, certSerialId: null, persistedOpState: IN_SERVICE, persistedOpStateExpiryEpochSec: 0}, ReplicationConfig: RATIS/ONE, State:ALLOCATED, leaderId:, CreationTimestamp2022-02-20T11:35:14.065Z[Etc/UTC]].
2022-02-20 11:35:14,066 [b9b7942b-4a56-45eb-a5c8-33194168f403@group-F8F997331EF1-StateMachineUpdater] INFO  safemode.HealthyPipelineSafeModeRule (HealthyPipelineSafeModeRule.java:initializeRule(152)) - Refreshed total pipeline count is 0, healthy pipeline threshold count is 1
2022-02-20 11:35:14,486 [Listener at 127.0.0.1/34383] INFO  ozone.MiniOzoneClusterImpl (MiniOzoneClusterImpl.java:lambda$waitForClusterToBeReady$0(219)) - Waiting for nodes to be ready. Got 2 of 3 DN Heartbeats.
2022-02-20 11:35:14,486 [Listener at 127.0.0.1/34383] INFO  ozone.MiniOzoneClusterImpl (MiniOzoneClusterImpl.java:lambda$waitForClusterToBeReady$0(222)) - Waiting for cluster to exit safe mode
2022-02-20 11:35:14,486 [Listener at 127.0.0.1/34383] INFO  ozone.MiniOzoneClusterImpl (MiniOzoneClusterImpl.java:lambda$waitForClusterToBeReady$0(224)) - SCM became leader
2022-02-20 11:35:14,502 [IPC Server handler 0 on default port 34839] INFO  net.NetworkTopologyImpl (NetworkTopologyImpl.java:add(112)) - Added a new node: /default-rack/5b575dfa-70dc-4a83-a3ea-105d5dbe372d
2022-02-20 11:35:14,502 [IPC Server handler 0 on default port 34839] INFO  node.SCMNodeManager (SCMNodeManager.java:register(389)) - Registered Data node : 5b575dfa-70dc-4a83-a3ea-105d5dbe372d{ip: 10.1.0.4, host: fv-az59-849.csjynl4pkq3e1pkirw3ssqjfoh.cx.internal.cloudapp.net, ports: [REPLICATION=41829, RATIS=41217, RATIS_ADMIN=41217, RATIS_SERVER=41217, STANDALONE=41919], networkLocation: /default-rack, certSerialId: null, persistedOpState: null, persistedOpStateExpiryEpochSec: 0}
2022-02-20 11:35:14,502 [EventQueue-NewNodeForNewNodeHandler] INFO  pipeline.BackgroundPipelineCreator (BackgroundPipelineCreator.java:notifyEventTriggered(285)) - trigger a one-shot run on RatisPipelineUtilsThread.
2022-02-20 11:35:14,508 [RatisPipelineUtilsThread - 0] INFO  pipeline.RatisPipelineProvider (RatisPipelineProvider.java:lambda$create$0(183)) - Sending CreatePipelineCommand for pipeline:PipelineID=1ddb1207-4d2e-4c4b-a852-a48b719a0fc5 to datanode:5b575dfa-70dc-4a83-a3ea-105d5dbe372d
2022-02-20 11:35:14,509 [EventQueue-NodeRegistrationContainerReportForDataNodeSafeModeRule] INFO  safemode.SCMSafeModeManager (DataNodeSafeModeRule.java:process(71)) - SCM in safe mode. 3 DataNodes registered, 3 required.
2022-02-20 11:35:14,509 [EventQueue-NodeRegistrationContainerReportForDataNodeSafeModeRule] INFO  safemode.SCMSafeModeManager (SCMSafeModeManager.java:validateSafeModeExitRules(204)) - DataNodeSafeModeRule rule is successfully validated
2022-02-20 11:35:14,509 [EventQueue-NodeRegistrationContainerReportForDataNodeSafeModeRule] INFO  safemode.SCMSafeModeManager (SCMSafeModeManager.java:completePreCheck(233)) - All SCM safe mode pre check rules have passed
2022-02-20 11:35:14,509 [EventQueue-NodeRegistrationContainerReportForDataNodeSafeModeRule] WARN  events.EventQueue (EventQueue.java:fireEvent(194)) - No event handler registered for event TypedEvent{payloadType=SafeModeStatus, name='Safe mode status'}
2022-02-20 11:35:14,509 [EventQueue-NodeRegistrationContainerReportForDataNodeSafeModeRule] INFO  ha.SCMContext (SCMContext.java:updateSafeModeStatus(211)) - Update SafeModeStatus from SafeModeStatus{safeModeStatus=true, preCheckPassed=false} to SafeModeStatus{safeModeStatus=true, preCheckPassed=true}.
2022-02-20 11:35:14,509 [EventQueue-NodeRegistrationContainerReportForDataNodeSafeModeRule] INFO  pipeline.BackgroundPipelineCreator (BackgroundPipelineCreator.java:notifyEventTriggered(285)) - trigger a one-shot run on RatisPipelineUtilsThread.
2022-02-20 11:35:14,510 [b9b7942b-4a56-45eb-a5c8-33194168f403@group-F8F997331EF1-StateMachineUpdater] INFO  pipeline.PipelineStateManagerImpl (PipelineStateManagerImpl.java:addPipeline(101)) - Created pipeline Pipeline[ Id: 1ddb1207-4d2e-4c4b-a852-a48b719a0fc5, Nodes: 5b575dfa-70dc-4a83-a3ea-105d5dbe372d{ip: 10.1.0.4, host: fv-az59-849.csjynl4pkq3e1pkirw3ssqjfoh.cx.internal.cloudapp.net, ports: [REPLICATION=41829, RATIS=41217, RATIS_ADMIN=41217, RATIS_SERVER=41217, STANDALONE=41919], networkLocation: /default-rack, certSerialId: null, persistedOpState: IN_SERVICE, persistedOpStateExpiryEpochSec: 0}, ReplicationConfig: RATIS/ONE, State:ALLOCATED, leaderId:, CreationTimestamp2022-02-20T11:35:14.508Z[Etc/UTC]].
2022-02-20 11:35:14,510 [b9b7942b-4a56-45eb-a5c8-33194168f403@group-F8F997331EF1-StateMachineUpdater] INFO  safemode.HealthyPipelineSafeModeRule (HealthyPipelineSafeModeRule.java:initializeRule(152)) - Refreshed total pipeline count is 0, healthy pipeline threshold count is 1
2022-02-20 11:35:14,514 [RatisPipelineUtilsThread - 0] INFO  pipeline.RatisPipelineProvider (RatisPipelineProvider.java:lambda$create$0(183)) - Sending CreatePipelineCommand for pipeline:PipelineID=9af08ad9-a716-4365-beb3-bbf4ad563052 to datanode:5b575dfa-70dc-4a83-a3ea-105d5dbe372d
2022-02-20 11:35:14,514 [RatisPipelineUtilsThread - 0] INFO  pipeline.RatisPipelineProvider (RatisPipelineProvider.java:lambda$create$0(183)) - Sending CreatePipelineCommand for pipeline:PipelineID=9af08ad9-a716-4365-beb3-bbf4ad563052 to datanode:b8fdba17-8d93-448f-ac2b-c9170093642a
2022-02-20 11:35:14,514 [RatisPipelineUtilsThread - 0] INFO  pipeline.RatisPipelineProvider (RatisPipelineProvider.java:lambda$create$0(183)) - Sending CreatePipelineCommand for pipeline:PipelineID=9af08ad9-a716-4365-beb3-bbf4ad563052 to datanode:2d03a53d-46d4-463d-bb09-340522a9c0f9
2022-02-20 11:35:14,519 [b9b7942b-4a56-45eb-a5c8-33194168f403@group-F8F997331EF1-StateMachineUpdater] INFO  pipeline.PipelineStateManagerImpl (PipelineStateManagerImpl.java:addPipeline(101)) - Created pipeline Pipeline[ Id: 9af08ad9-a716-4365-beb3-bbf4ad563052, Nodes: 5b575dfa-70dc-4a83-a3ea-105d5dbe372d{ip: 10.1.0.4, host: fv-az59-849.csjynl4pkq3e1pkirw3ssqjfoh.cx.internal.cloudapp.net, ports: [REPLICATION=41829, RATIS=41217, RATIS_ADMIN=41217, RATIS_SERVER=41217, STANDALONE=41919], networkLocation: /default-rack, certSerialId: null, persistedOpState: IN_SERVICE, persistedOpStateExpiryEpochSec: 0}b8fdba17-8d93-448f-ac2b-c9170093642a{ip: 10.1.0.4, host: fv-az59-849.csjynl4pkq3e1pkirw3ssqjfoh.cx.internal.cloudapp.net, ports: [REPLICATION=37483, RATIS=42573, RATIS_ADMIN=42573, RATIS_SERVER=42573, STANDALONE=45845], networkLocation: /default-rack, certSerialId: null, persistedOpState: IN_SERVICE, persistedOpStateExpiryEpochSec: 0}2d03a53d-46d4-463d-bb09-340522a9c0f9{ip: 10.1.0.4, host: fv-az59-849.csjynl4pkq3e1pkirw3ssqjfoh.cx.internal.cloudapp.net, ports: [REPLICATION=32963, RATIS=36421, RATIS_ADMIN=36421, RATIS_SERVER=36421, STANDALONE=41423], networkLocation: /default-rack, certSerialId: null, persistedOpState: IN_SERVICE, persistedOpStateExpiryEpochSec: 0}, ReplicationConfig: RATIS/THREE, State:ALLOCATED, leaderId:, CreationTimestamp2022-02-20T11:35:14.514Z[Etc/UTC]].
2022-02-20 11:35:14,519 [b9b7942b-4a56-45eb-a5c8-33194168f403@group-F8F997331EF1-StateMachineUpdater] INFO  safemode.HealthyPipelineSafeModeRule (HealthyPipelineSafeModeRule.java:initializeRule(152)) - Refreshed total pipeline count is 0, healthy pipeline threshold count is 1
2022-02-20 11:35:14,520 [RatisPipelineUtilsThread - 0] INFO  pipeline.RatisPipelineProvider (RatisPipelineProvider.java:lambda$create$0(183)) - Sending CreatePipelineCommand for pipeline:PipelineID=294ebe98-57e6-4d56-8a6d-f08c7e998d85 to datanode:b8fdba17-8d93-448f-ac2b-c9170093642a
2022-02-20 11:35:14,520 [RatisPipelineUtilsThread - 0] INFO  pipeline.RatisPipelineProvider (RatisPipelineProvider.java:lambda$create$0(183)) - Sending CreatePipelineCommand for pipeline:PipelineID=294ebe98-57e6-4d56-8a6d-f08c7e998d85 to datanode:5b575dfa-70dc-4a83-a3ea-105d5dbe372d
2022-02-20 11:35:14,520 [RatisPipelineUtilsThread - 0] INFO  pipeline.RatisPipelineProvider (RatisPipelineProvider.java:lambda$create$0(183)) - Sending CreatePipelineCommand for pipeline:PipelineID=294ebe98-57e6-4d56-8a6d-f08c7e998d85 to datanode:2d03a53d-46d4-463d-bb09-340522a9c0f9
2022-02-20 11:35:14,522 [b9b7942b-4a56-45eb-a5c8-33194168f403@group-F8F997331EF1-StateMachineUpdater] INFO  pipeline.PipelineStateManagerImpl (PipelineStateManagerImpl.java:addPipeline(101)) - Created pipeline Pipeline[ Id: 294ebe98-57e6-4d56-8a6d-f08c7e998d85, Nodes: b8fdba17-8d93-448f-ac2b-c9170093642a{ip: 10.1.0.4, host: fv-az59-849.csjynl4pkq3e1pkirw3ssqjfoh.cx.internal.cloudapp.net, ports: [REPLICATION=37483, RATIS=42573, RATIS_ADMIN=42573, RATIS_SERVER=42573, STANDALONE=45845], networkLocation: /default-rack, certSerialId: null, persistedOpState: IN_SERVICE, persistedOpStateExpiryEpochSec: 0}5b575dfa-70dc-4a83-a3ea-105d5dbe372d{ip: 10.1.0.4, host: fv-az59-849.csjynl4pkq3e1pkirw3ssqjfoh.cx.internal.cloudapp.net, ports: [REPLICATION=41829, RATIS=41217, RATIS_ADMIN=41217, RATIS_SERVER=41217, STANDALONE=41919], networkLocation: /default-rack, certSerialId: null, persistedOpState: IN_SERVICE, persistedOpStateExpiryEpochSec: 0}2d03a53d-46d4-463d-bb09-340522a9c0f9{ip: 10.1.0.4, host: fv-az59-849.csjynl4pkq3e1pkirw3ssqjfoh.cx.internal.cloudapp.net, ports: [REPLICATION=32963, RATIS=36421, RATIS_ADMIN=36421, RATIS_SERVER=36421, STANDALONE=41423], networkLocation: /default-rack, certSerialId: null, persistedOpState: IN_SERVICE, persistedOpStateExpiryEpochSec: 0}, ReplicationConfig: RATIS/THREE, State:ALLOCATED, leaderId:, CreationTimestamp2022-02-20T11:35:14.520Z[Etc/UTC]].
2022-02-20 11:35:14,522 [b9b7942b-4a56-45eb-a5c8-33194168f403@group-F8F997331EF1-StateMachineUpdater] INFO  safemode.HealthyPipelineSafeModeRule (HealthyPipelineSafeModeRule.java:initializeRule(152)) - Refreshed total pipeline count is 0, healthy pipeline threshold count is 1
2022-02-20 11:35:14,523 [RatisPipelineUtilsThread - 0] INFO  pipeline.PipelineManagerImpl (PipelineManagerImpl.java:recordMetricsForPipeline(639)) - Pipeline: PipelineID=294ebe98-57e6-4d56-8a6d-f08c7e998d85 contains same datanodes as previous pipelines: PipelineID=9af08ad9-a716-4365-beb3-bbf4ad563052 nodeIds: b8fdba17-8d93-448f-ac2b-c9170093642a, 5b575dfa-70dc-4a83-a3ea-105d5dbe372d, 2d03a53d-46d4-463d-bb09-340522a9c0f9
2022-02-20 11:35:15,487 [Listener at 127.0.0.1/34383] INFO  ozone.MiniOzoneClusterImpl (MiniOzoneClusterImpl.java:lambda$waitForClusterToBeReady$0(219)) - Nodes are ready. Got 3 of 3 DN Heartbeats.
2022-02-20 11:35:15,487 [Listener at 127.0.0.1/34383] INFO  ozone.MiniOzoneClusterImpl (MiniOzoneClusterImpl.java:lambda$waitForClusterToBeReady$0(222)) - Waiting for cluster to exit safe mode
2022-02-20 11:35:15,487 [Listener at 127.0.0.1/34383] INFO  ozone.MiniOzoneClusterImpl (MiniOzoneClusterImpl.java:lambda$waitForClusterToBeReady$0(224)) - SCM became leader
2022-02-20 11:35:16,487 [Listener at 127.0.0.1/34383] INFO  ozone.MiniOzoneClusterImpl (MiniOzoneClusterImpl.java:lambda$waitForClusterToBeReady$0(219)) - Nodes are ready. Got 3 of 3 DN Heartbeats.
2022-02-20 11:35:16,488 [Listener at 127.0.0.1/34383] INFO  ozone.MiniOzoneClusterImpl (MiniOzoneClusterImpl.java:lambda$waitForClusterToBeReady$0(222)) - Waiting for cluster to exit safe mode
2022-02-20 11:35:16,488 [Listener at 127.0.0.1/34383] INFO  ozone.MiniOzoneClusterImpl (MiniOzoneClusterImpl.java:lambda$waitForClusterToBeReady$0(224)) - SCM became leader
2022-02-20 11:35:16,679 [Command processor thread] INFO  server.RaftServer (RaftServerProxy.java:addNew(95)) - 2d03a53d-46d4-463d-bb09-340522a9c0f9: addNew group-1B6214CB4F9D:[2d03a53d-46d4-463d-bb09-340522a9c0f9|rpc:10.1.0.4:36421|priority:1] returns group-1B6214CB4F9D:java.util.concurrent.CompletableFuture@1200e343[Not completed]
2022-02-20 11:35:16,691 [pool-494-thread-1] INFO  server.RaftServer$Division (RaftServerImpl.java:<init>(184)) - 2d03a53d-46d4-463d-bb09-340522a9c0f9: new RaftServerImpl for group-1B6214CB4F9D:[2d03a53d-46d4-463d-bb09-340522a9c0f9|rpc:10.1.0.4:36421|priority:1] with ContainerStateMachine:uninitialized
2022-02-20 11:35:16,702 [pool-494-thread-1] INFO  server.RaftServerConfigKeys (ConfUtils.java:logGet(44)) - raft.server.rpc.timeout.min = 5s (custom)
2022-02-20 11:35:16,702 [pool-494-thread-1] INFO  server.RaftServerConfigKeys (ConfUtils.java:logGet(44)) - raft.server.rpc.timeout.max = 5200ms (custom)
2022-02-20 11:35:16,702 [pool-494-thread-1] INFO  server.RaftServerConfigKeys (ConfUtils.java:logGet(44)) - raft.server.rpc.sleep.time = 25ms (default)
2022-02-20 11:35:16,702 [pool-494-thread-1] INFO  server.RaftServerConfigKeys (ConfUtils.java:logGet(44)) - raft.server.rpc.slowness.timeout = 300s (custom)
2022-02-20 11:35:16,702 [pool-494-thread-1] INFO  server.RaftServerConfigKeys (ConfUtils.java:logGet(44)) - raft.server.leaderelection.leader.step-down.wait-time = 10s (default)
2022-02-20 11:35:16,703 [pool-494-thread-1] INFO  server.RaftServerConfigKeys (ConfUtils.java:logGet(44)) - raft.server.sleep.deviation.threshold = 300ms (default)
2022-02-20 11:35:16,703 [pool-494-thread-1] INFO  server.RaftServerConfigKeys (ConfUtils.java:logGet(44)) - raft.server.log.appender.install.snapshot.enabled = false (custom)
2022-02-20 11:35:16,703 [pool-494-thread-1] INFO  server.RaftServer$Division (ServerState.java:<init>(105)) - 2d03a53d-46d4-463d-bb09-340522a9c0f9@group-1B6214CB4F9D: ConfigurationManager, init=-1: [2d03a53d-46d4-463d-bb09-340522a9c0f9|rpc:10.1.0.4:36421|priority:1], old=null, confs=<EMPTY_MAP>
2022-02-20 11:35:16,703 [pool-494-thread-1] INFO  server.RaftServerConfigKeys (ConfUtils.java:logGet(44)) - raft.server.storage.dir = [/home/runner/work/ozone/ozone/hadoop-ozone/integration-test/target/test-dir/MiniOzoneClusterImpl-ef7d9b18-b883-481c-b364-f8f997331ef1/datanode-0/data/ratis] (custom)
2022-02-20 11:35:16,703 [pool-494-thread-1] INFO  server.RaftServerConfigKeys (ConfUtils.java:logGet(44)) - raft.server.log.corruption.policy = EXCEPTION (default)
2022-02-20 11:35:16,703 [pool-494-thread-1] INFO  server.RaftServerConfigKeys (ConfUtils.java:logGet(44)) - raft.server.storage.free-space.min = 0MB (=0) (default)
2022-02-20 11:35:16,703 [pool-494-thread-1] INFO  storage.RaftStorageDirectory (RaftStorageDirectoryImpl.java:analyzeStorage(135)) - The storage directory /home/runner/work/ozone/ozone/hadoop-ozone/integration-test/target/test-dir/MiniOzoneClusterImpl-ef7d9b18-b883-481c-b364-f8f997331ef1/datanode-0/data/ratis/c643546e-8c00-43c5-af70-1b6214cb4f9d does not exist. Creating ...
2022-02-20 11:35:16,713 [pool-494-thread-1] INFO  storage.RaftStorageDirectory (RaftStorageDirectoryImpl.java:tryLock(230)) - Lock on /home/runner/work/ozone/ozone/hadoop-ozone/integration-test/target/test-dir/MiniOzoneClusterImpl-ef7d9b18-b883-481c-b364-f8f997331ef1/datanode-0/data/ratis/c643546e-8c00-43c5-af70-1b6214cb4f9d/in_use.lock acquired by nodename 9434@fv-az59-849
2022-02-20 11:35:16,716 [pool-494-thread-1] INFO  storage.RaftStorage (RaftStorageImpl.java:format(89)) - Storage directory /home/runner/work/ozone/ozone/hadoop-ozone/integration-test/target/test-dir/MiniOzoneClusterImpl-ef7d9b18-b883-481c-b364-f8f997331ef1/datanode-0/data/ratis/c643546e-8c00-43c5-af70-1b6214cb4f9d has been successfully formatted.
2022-02-20 11:35:16,730 [pool-494-thread-1] INFO  ratis.ContainerStateMachine (ContainerStateMachine.java:loadSnapshot(236)) - group-1B6214CB4F9D: The snapshot info is null. Setting the last applied indexto:(t:0, i:~)
2022-02-20 11:35:16,730 [pool-494-thread-1] INFO  server.RaftServerConfigKeys (ConfUtils.java:logGet(44)) - raft.server.notification.no-leader.timeout = 300s (custom)
2022-02-20 11:35:16,730 [pool-494-thread-1] INFO  server.RaftServerConfigKeys (ConfUtils.java:logGet(44)) - raft.server.log.use.memory = false (default)
2022-02-20 11:35:16,730 [pool-494-thread-1] INFO  server.RaftServerConfigKeys (ConfUtils.java:logGet(44)) - raft.server.log.purge.gap = 1000000 (custom)
2022-02-20 11:35:16,730 [pool-494-thread-1] INFO  server.RaftServerConfigKeys (ConfUtils.java:logGet(44)) - raft.server.log.appender.buffer.byte-limit = 33554432 (custom)
2022-02-20 11:35:16,730 [pool-494-thread-1] INFO  server.RaftServerConfigKeys (ConfUtils.java:logGet(44)) - raft.server.log.segment.size.max = 1048576 (custom)
2022-02-20 11:35:16,731 [pool-494-thread-1] INFO  server.RaftServerConfigKeys (ConfUtils.java:logGet(44)) - raft.server.log.segment.cache.num.max = 2 (custom)
2022-02-20 11:35:16,731 [EventQueue-PipelineReportForPipelineReportHandler] INFO  pipeline.PipelineManagerImpl (PipelineManagerImpl.java:openPipeline(291)) - Pipeline Pipeline[ Id: c643546e-8c00-43c5-af70-1b6214cb4f9d, Nodes: 2d03a53d-46d4-463d-bb09-340522a9c0f9{ip: 10.1.0.4, host: fv-az59-849.csjynl4pkq3e1pkirw3ssqjfoh.cx.internal.cloudapp.net, ports: [REPLICATION=32963, RATIS=36421, RATIS_ADMIN=36421, RATIS_SERVER=36421, STANDALONE=41423], networkLocation: /default-rack, certSerialId: null, persistedOpState: IN_SERVICE, persistedOpStateExpiryEpochSec: 0}, ReplicationConfig: RATIS/ONE, State:ALLOCATED, leaderId:2d03a53d-46d4-463d-bb09-340522a9c0f9, CreationTimestamp2022-02-20T11:35:13.714Z[Etc/UTC]] moved to OPEN state
2022-02-20 11:35:16,731 [pool-494-thread-1] INFO  server.RaftServerConfigKeys (ConfUtils.java:logGet(44)) - raft.server.log.segment.cache.size.max = 200MB (=209715200) (default)
2022-02-20 11:35:16,731 [pool-494-thread-1] INFO  segmented.SegmentedRaftLogWorker (SegmentedRaftLogWorker.java:<init>(182)) - new 2d03a53d-46d4-463d-bb09-340522a9c0f9@group-1B6214CB4F9D-SegmentedRaftLogWorker for RaftStorageImpl:Storage Directory /home/runner/work/ozone/ozone/hadoop-ozone/integration-test/target/test-dir/MiniOzoneClusterImpl-ef7d9b18-b883-481c-b364-f8f997331ef1/datanode-0/data/ratis/c643546e-8c00-43c5-af70-1b6214cb4f9d
2022-02-20 11:35:16,731 [pool-494-thread-1] INFO  server.RaftServerConfigKeys (ConfUtils.java:logGet(44)) - raft.server.log.queue.byte-limit = 4294967296 (custom)
2022-02-20 11:35:16,731 [pool-494-thread-1] INFO  server.RaftServerConfigKeys (ConfUtils.java:logGet(44)) - raft.server.log.queue.element-limit = 1024 (custom)
2022-02-20 11:35:16,731 [pool-494-thread-1] INFO  server.RaftServerConfigKeys (ConfUtils.java:logGet(44)) - raft.server.log.segment.size.max = 1048576 (custom)
2022-02-20 11:35:16,731 [pool-494-thread-1] INFO  server.RaftServerConfigKeys (ConfUtils.java:logGet(44)) - raft.server.log.preallocated.size = 16384 (custom)
2022-02-20 11:35:16,731 [pool-494-thread-1] INFO  server.RaftServerConfigKeys (ConfUtils.java:logGet(44)) - raft.server.log.force.sync.num = 128 (default)
2022-02-20 11:35:16,731 [pool-494-thread-1] INFO  server.RaftServerConfigKeys (ConfUtils.java:logGet(44)) - raft.server.log.statemachine.data.sync = true (default)
2022-02-20 11:35:16,731 [pool-494-thread-1] INFO  server.RaftServerConfigKeys (ConfUtils.java:logGet(44)) - raft.server.log.statemachine.data.sync.timeout = 10s (default)
2022-02-20 11:35:16,731 [pool-494-thread-1] INFO  server.RaftServerConfigKeys (ConfUtils.java:logGet(44)) - raft.server.log.statemachine.data.sync.timeout.retry = -1 (default)
2022-02-20 11:35:16,737 [b9b7942b-4a56-45eb-a5c8-33194168f403@group-F8F997331EF1-StateMachineUpdater] INFO  safemode.HealthyPipelineSafeModeRule (HealthyPipelineSafeModeRule.java:initializeRule(152)) - Refreshed total pipeline count is 0, healthy pipeline threshold count is 1
2022-02-20 11:35:16,739 [pool-494-thread-1] INFO  server.RaftServerConfigKeys (ConfUtils.java:logGet(44)) - raft.server.log.write.buffer.size = 1048576 (custom)
2022-02-20 11:35:16,742 [pool-494-thread-1] INFO  server.RaftServerConfigKeys (ConfUtils.java:logGet(44)) - raft.server.log.statemachine.data.caching.enabled = true (custom)
2022-02-20 11:35:16,742 [pool-494-thread-1] INFO  segmented.SegmentedRaftLogWorker (SegmentedRaftLogWorker.java:lambda$new$0(133)) - 2d03a53d-46d4-463d-bb09-340522a9c0f9@group-1B6214CB4F9D-SegmentedRaftLogWorker: flushIndex: setUnconditionally 0 -> -1
2022-02-20 11:35:16,742 [pool-494-thread-1] INFO  segmented.SegmentedRaftLogWorker (SegmentedRaftLogWorker.java:lambda$new$0(133)) - 2d03a53d-46d4-463d-bb09-340522a9c0f9@group-1B6214CB4F9D-SegmentedRaftLogWorker: safeCacheEvictIndex: setUnconditionally 0 -> -1
2022-02-20 11:35:16,742 [EventQueue-OpenPipelineForHealthyPipelineSafeModeRule] INFO  safemode.SCMSafeModeManager (HealthyPipelineSafeModeRule.java:process(124)) - SCM in safe mode. Healthy pipelines reported count is 0, required healthy pipeline reported count is 1
2022-02-20 11:35:16,746 [pool-494-thread-1] INFO  server.RaftServerConfigKeys (ConfUtils.java:logGet(44)) - raft.server.snapshot.auto.trigger.enabled = true (custom)
2022-02-20 11:35:16,746 [pool-494-thread-1] INFO  server.RaftServerConfigKeys (ConfUtils.java:logGet(44)) - raft.server.snapshot.auto.trigger.threshold = 10000 (custom)
2022-02-20 11:35:16,746 [pool-494-thread-1] INFO  server.RaftServerConfigKeys (ConfUtils.java:logGet(44)) - raft.server.snapshot.retention.file.num = 5 (custom)
2022-02-20 11:35:16,746 [pool-494-thread-1] INFO  server.RaftServerConfigKeys (ConfUtils.java:logGet(44)) - raft.server.log.purge.upto.snapshot.index = false (default)
2022-02-20 11:35:16,746 [pool-494-thread-1] INFO  server.RaftServerConfigKeys (ConfUtils.java:logGet(44)) - raft.server.retrycache.expirytime = 600000ms (custom)
2022-02-20 11:35:16,747 [pool-494-thread-1] INFO  server.RaftServerConfigKeys (ConfUtils.java:logGet(44)) - raft.server.retrycache.statistics.expirytime = 100μs (default)
2022-02-20 11:35:16,748 [pool-494-thread-1] INFO  server.RaftServer$Division (RaftServerImpl.java:start(301)) - 2d03a53d-46d4-463d-bb09-340522a9c0f9@group-1B6214CB4F9D: start as a follower, conf=-1: [2d03a53d-46d4-463d-bb09-340522a9c0f9|rpc:10.1.0.4:36421|priority:1], old=null
2022-02-20 11:35:16,748 [pool-494-thread-1] INFO  server.RaftServer$Division (RaftServerImpl.java:setRole(290)) - 2d03a53d-46d4-463d-bb09-340522a9c0f9@group-1B6214CB4F9D: changes role from      null to FOLLOWER at term 0 for startAsFollower
2022-02-20 11:35:16,748 [pool-494-thread-1] INFO  impl.RoleInfo (RoleInfo.java:updateAndGet(130)) - 2d03a53d-46d4-463d-bb09-340522a9c0f9: start 2d03a53d-46d4-463d-bb09-340522a9c0f9@group-1B6214CB4F9D-FollowerState
2022-02-20 11:35:16,748 [pool-494-thread-1] INFO  util.JmxRegister (JmxRegister.java:tryRegister(44)) - Successfully registered JMX Bean with object name Ratis:service=RaftServer,group=group-1B6214CB4F9D,id=2d03a53d-46d4-463d-bb09-340522a9c0f9
2022-02-20 11:35:16,749 [Command processor thread] INFO  ratis.XceiverServerRatis (XceiverServerRatis.java:addGroup(769)) - Created group PipelineID=c643546e-8c00-43c5-af70-1b6214cb4f9d
2022-02-20 11:35:16,749 [Command processor thread] INFO  commandhandler.CreatePipelineCommandHandler (CreatePipelineCommandHandler.java:handle(106)) - Created Pipeline RATIS ONE PipelineID=c643546e-8c00-43c5-af70-1b6214cb4f9d.
2022-02-20 11:35:16,749 [Command processor thread] INFO  server.RaftServer (RaftServerProxy.java:addNew(95)) - 2d03a53d-46d4-463d-bb09-340522a9c0f9: addNew group-BBF4AD563052:[b8fdba17-8d93-448f-ac2b-c9170093642a|rpc:10.1.0.4:42573|priority:1, 2d03a53d-46d4-463d-bb09-340522a9c0f9|rpc:10.1.0.4:36421|priority:0, 5b575dfa-70dc-4a83-a3ea-105d5dbe372d|rpc:10.1.0.4:41217|priority:0] returns group-BBF4AD563052:java.util.concurrent.CompletableFuture@163f75db[Not completed]
2022-02-20 11:35:16,750 [pool-494-thread-1] INFO  server.RaftServer$Division (RaftServerImpl.java:<init>(184)) - 2d03a53d-46d4-463d-bb09-340522a9c0f9: new RaftServerImpl for group-BBF4AD563052:[b8fdba17-8d93-448f-ac2b-c9170093642a|rpc:10.1.0.4:42573|priority:1, 2d03a53d-46d4-463d-bb09-340522a9c0f9|rpc:10.1.0.4:36421|priority:0, 5b575dfa-70dc-4a83-a3ea-105d5dbe372d|rpc:10.1.0.4:41217|priority:0] with ContainerStateMachine:uninitialized
2022-02-20 11:35:16,750 [pool-494-thread-1] INFO  server.RaftServerConfigKeys (ConfUtils.java:logGet(44)) - raft.server.rpc.timeout.min = 5s (custom)
2022-02-20 11:35:16,750 [pool-494-thread-1] INFO  server.RaftServerConfigKeys (ConfUtils.java:logGet(44)) - raft.server.rpc.timeout.max = 5200ms (custom)
2022-02-20 11:35:16,750 [pool-494-thread-1] INFO  server.RaftServerConfigKeys (ConfUtils.java:logGet(44)) - raft.server.rpc.sleep.time = 25ms (default)
2022-02-20 11:35:16,750 [pool-494-thread-1] INFO  server.RaftServerConfigKeys (ConfUtils.java:logGet(44)) - raft.server.rpc.slowness.timeout = 300s (custom)
2022-02-20 11:35:16,750 [pool-494-thread-1] INFO  server.RaftServerConfigKeys (ConfUtils.java:logGet(44)) - raft.server.leaderelection.leader.step-down.wait-time = 10s (default)
2022-02-20 11:35:16,750 [pool-494-thread-1] INFO  server.RaftServerConfigKeys (ConfUtils.java:logGet(44)) - raft.server.sleep.deviation.threshold = 300ms (default)
2022-02-20 11:35:16,750 [pool-494-thread-1] INFO  server.RaftServerConfigKeys (ConfUtils.java:logGet(44)) - raft.server.log.appender.install.snapshot.enabled = false (custom)
2022-02-20 11:35:16,750 [pool-494-thread-1] INFO  server.RaftServer$Division (ServerState.java:<init>(105)) - 2d03a53d-46d4-463d-bb09-340522a9c0f9@group-BBF4AD563052: ConfigurationManager, init=-1: [b8fdba17-8d93-448f-ac2b-c9170093642a|rpc:10.1.0.4:42573|priority:1, 2d03a53d-46d4-463d-bb09-340522a9c0f9|rpc:10.1.0.4:36421|priority:0, 5b575dfa-70dc-4a83-a3ea-105d5dbe372d|rpc:10.1.0.4:41217|priority:0], old=null, confs=<EMPTY_MAP>
2022-02-20 11:35:16,750 [pool-494-thread-1] INFO  server.RaftServerConfigKeys (ConfUtils.java:logGet(44)) - raft.server.storage.dir = [/home/runner/work/ozone/ozone/hadoop-ozone/integration-test/target/test-dir/MiniOzoneClusterImpl-ef7d9b18-b883-481c-b364-f8f997331ef1/datanode-0/data/ratis] (custom)
2022-02-20 11:35:16,751 [pool-494-thread-1] INFO  server.RaftServerConfigKeys (ConfUtils.java:logGet(44)) - raft.server.log.corruption.policy = EXCEPTION (default)
2022-02-20 11:35:16,751 [pool-494-thread-1] INFO  server.RaftServerConfigKeys (ConfUtils.java:logGet(44)) - raft.server.storage.free-space.min = 0MB (=0) (default)
2022-02-20 11:35:16,751 [pool-494-thread-1] INFO  storage.RaftStorageDirectory (RaftStorageDirectoryImpl.java:analyzeStorage(135)) - The storage directory /home/runner/work/ozone/ozone/hadoop-ozone/integration-test/target/test-dir/MiniOzoneClusterImpl-ef7d9b18-b883-481c-b364-f8f997331ef1/datanode-0/data/ratis/9af08ad9-a716-4365-beb3-bbf4ad563052 does not exist. Creating ...
2022-02-20 11:35:16,753 [pool-494-thread-1] INFO  storage.RaftStorageDirectory (RaftStorageDirectoryImpl.java:tryLock(230)) - Lock on /home/runner/work/ozone/ozone/hadoop-ozone/integration-test/target/test-dir/MiniOzoneClusterImpl-ef7d9b18-b883-481c-b364-f8f997331ef1/datanode-0/data/ratis/9af08ad9-a716-4365-beb3-bbf4ad563052/in_use.lock acquired by nodename 9434@fv-az59-849
2022-02-20 11:35:16,762 [pool-494-thread-1] INFO  storage.RaftStorage (RaftStorageImpl.java:format(89)) - Storage directory /home/runner/work/ozone/ozone/hadoop-ozone/integration-test/target/test-dir/MiniOzoneClusterImpl-ef7d9b18-b883-481c-b364-f8f997331ef1/datanode-0/data/ratis/9af08ad9-a716-4365-beb3-bbf4ad563052 has been successfully formatted.
2022-02-20 11:35:16,763 [pool-494-thread-1] INFO  ratis.ContainerStateMachine (ContainerStateMachine.java:loadSnapshot(236)) - group-BBF4AD563052: The snapshot info is null. Setting the last applied indexto:(t:0, i:~)
2022-02-20 11:35:16,763 [pool-494-thread-1] INFO  server.RaftServerConfigKeys (ConfUtils.java:logGet(44)) - raft.server.notification.no-leader.timeout = 300s (custom)
2022-02-20 11:35:16,763 [pool-494-thread-1] INFO  server.RaftServerConfigKeys (ConfUtils.java:logGet(44)) - raft.server.log.use.memory = false (default)
2022-02-20 11:35:16,763 [EventQueue-OpenPipelineForHealthyPipelineSafeModeRule] INFO  safemode.SCMSafeModeManager (HealthyPipelineSafeModeRule.java:process(124)) - SCM in safe mode. Healthy pipelines reported count is 0, required healthy pipeline reported count is 1
2022-02-20 11:35:16,770 [pool-494-thread-1] INFO  server.RaftServerConfigKeys (ConfUtils.java:logGet(44)) - raft.server.log.purge.gap = 1000000 (custom)
2022-02-20 11:35:16,770 [pool-494-thread-1] INFO  server.RaftServerConfigKeys (ConfUtils.java:logGet(44)) - raft.server.log.appender.buffer.byte-limit = 33554432 (custom)
2022-02-20 11:35:16,770 [pool-494-thread-1] INFO  server.RaftServerConfigKeys (ConfUtils.java:logGet(44)) - raft.server.log.segment.size.max = 1048576 (custom)
2022-02-20 11:35:16,770 [pool-494-thread-1] INFO  server.RaftServerConfigKeys (ConfUtils.java:logGet(44)) - raft.server.log.segment.cache.num.max = 2 (custom)
2022-02-20 11:35:16,771 [pool-494-thread-1] INFO  server.RaftServerConfigKeys (ConfUtils.java:logGet(44)) - raft.server.log.segment.cache.size.max = 200MB (=209715200) (default)
2022-02-20 11:35:16,771 [pool-494-thread-1] INFO  segmented.SegmentedRaftLogWorker (SegmentedRaftLogWorker.java:<init>(182)) - new 2d03a53d-46d4-463d-bb09-340522a9c0f9@group-BBF4AD563052-SegmentedRaftLogWorker for RaftStorageImpl:Storage Directory /home/runner/work/ozone/ozone/hadoop-ozone/integration-test/target/test-dir/MiniOzoneClusterImpl-ef7d9b18-b883-481c-b364-f8f997331ef1/datanode-0/data/ratis/9af08ad9-a716-4365-beb3-bbf4ad563052
2022-02-20 11:35:16,771 [pool-494-thread-1] INFO  server.RaftServerConfigKeys (ConfUtils.java:logGet(44)) - raft.server.log.queue.byte-limit = 4294967296 (custom)
2022-02-20 11:35:16,771 [pool-494-thread-1] INFO  server.RaftServerConfigKeys (ConfUtils.java:logGet(44)) - raft.server.log.queue.element-limit = 1024 (custom)
2022-02-20 11:35:16,771 [pool-494-thread-1] INFO  server.RaftServerConfigKeys (ConfUtils.java:logGet(44)) - raft.server.log.segment.size.max = 1048576 (custom)
2022-02-20 11:35:16,771 [pool-494-thread-1] INFO  server.RaftServerConfigKeys (ConfUtils.java:logGet(44)) - raft.server.log.preallocated.size = 16384 (custom)
2022-02-20 11:35:16,771 [pool-494-thread-1] INFO  server.RaftServerConfigKeys (ConfUtils.java:logGet(44)) - raft.server.log.force.sync.num = 128 (default)
2022-02-20 11:35:16,771 [pool-494-thread-1] INFO  server.RaftServerConfigKeys (ConfUtils.java:logGet(44)) - raft.server.log.statemachine.data.sync = true (default)
2022-02-20 11:35:16,771 [pool-494-thread-1] INFO  server.RaftServerConfigKeys (ConfUtils.java:logGet(44)) - raft.server.log.statemachine.data.sync.timeout = 10s (default)
2022-02-20 11:35:16,771 [pool-494-thread-1] INFO  server.RaftServerConfigKeys (ConfUtils.java:logGet(44)) - raft.server.log.statemachine.data.sync.timeout.retry = -1 (default)
2022-02-20 11:35:16,772 [pool-494-thread-1] INFO  server.RaftServerConfigKeys (ConfUtils.java:logGet(44)) - raft.server.log.write.buffer.size = 1048576 (custom)
2022-02-20 11:35:16,772 [pool-494-thread-1] INFO  server.RaftServerConfigKeys (ConfUtils.java:logGet(44)) - raft.server.log.statemachine.data.caching.enabled = true (custom)
2022-02-20 11:35:16,772 [pool-494-thread-1] INFO  segmented.SegmentedRaftLogWorker (SegmentedRaftLogWorker.java:lambda$new$0(133)) - 2d03a53d-46d4-463d-bb09-340522a9c0f9@group-BBF4AD563052-SegmentedRaftLogWorker: flushIndex: setUnconditionally 0 -> -1
2022-02-20 11:35:16,772 [pool-494-thread-1] INFO  segmented.SegmentedRaftLogWorker (SegmentedRaftLogWorker.java:lambda$new$0(133)) - 2d03a53d-46d4-463d-bb09-340522a9c0f9@group-BBF4AD563052-SegmentedRaftLogWorker: safeCacheEvictIndex: setUnconditionally 0 -> -1
2022-02-20 11:35:16,778 [pool-494-thread-1] INFO  server.RaftServerConfigKeys (ConfUtils.java:logGet(44)) - raft.server.snapshot.auto.trigger.enabled = true (custom)
2022-02-20 11:35:16,778 [pool-494-thread-1] INFO  server.RaftServerConfigKeys (ConfUtils.java:logGet(44)) - raft.server.snapshot.auto.trigger.threshold = 10000 (custom)
2022-02-20 11:35:16,778 [pool-494-thread-1] INFO  server.RaftServerConfigKeys (ConfUtils.java:logGet(44)) - raft.server.snapshot.retention.file.num = 5 (custom)
2022-02-20 11:35:16,778 [pool-494-thread-1] INFO  server.RaftServerConfigKeys (ConfUtils.java:logGet(44)) - raft.server.log.purge.upto.snapshot.index = false (default)
2022-02-20 11:35:16,778 [pool-494-thread-1] INFO  server.RaftServerConfigKeys (ConfUtils.java:logGet(44)) - raft.server.retrycache.expirytime = 600000ms (custom)
2022-02-20 11:35:16,778 [pool-494-thread-1] INFO  server.RaftServerConfigKeys (ConfUtils.java:logGet(44)) - raft.server.retrycache.statistics.expirytime = 100μs (default)
2022-02-20 11:35:16,779 [pool-494-thread-1] INFO  server.RaftServer$Division (RaftServerImpl.java:start(301)) - 2d03a53d-46d4-463d-bb09-340522a9c0f9@group-BBF4AD563052: start as a follower, conf=-1: [b8fdba17-8d93-448f-ac2b-c9170093642a|rpc:10.1.0.4:42573|priority:1, 2d03a53d-46d4-463d-bb09-340522a9c0f9|rpc:10.1.0.4:36421|priority:0, 5b575dfa-70dc-4a83-a3ea-105d5dbe372d|rpc:10.1.0.4:41217|priority:0], old=null
2022-02-20 11:35:16,779 [pool-494-thread-1] INFO  server.RaftServer$Division (RaftServerImpl.java:setRole(290)) - 2d03a53d-46d4-463d-bb09-340522a9c0f9@group-BBF4AD563052: changes role from      null to FOLLOWER at term 0 for startAsFollower
2022-02-20 11:35:16,779 [pool-494-thread-1] INFO  impl.RoleInfo (RoleInfo.java:updateAndGet(130)) - 2d03a53d-46d4-463d-bb09-340522a9c0f9: start 2d03a53d-46d4-463d-bb09-340522a9c0f9@group-BBF4AD563052-FollowerState
2022-02-20 11:35:16,786 [pool-494-thread-1] INFO  util.JmxRegister (JmxRegister.java:tryRegister(44)) - Successfully registered JMX Bean with object name Ratis:service=RaftServer,group=group-BBF4AD563052,id=2d03a53d-46d4-463d-bb09-340522a9c0f9
2022-02-20 11:35:16,787 [Command processor thread] INFO  ratis.XceiverServerRatis (XceiverServerRatis.java:addGroup(769)) - Created group PipelineID=9af08ad9-a716-4365-beb3-bbf4ad563052
2022-02-20 11:35:16,833 [grpc-default-executor-6] INFO  server.RaftServer (RaftServerProxy.java:addNew(95)) - 5b575dfa-70dc-4a83-a3ea-105d5dbe372d: addNew group-BBF4AD563052:[b8fdba17-8d93-448f-ac2b-c9170093642a|rpc:10.1.0.4:42573|dataStream:|priority:1, 2d03a53d-46d4-463d-bb09-340522a9c0f9|rpc:10.1.0.4:36421|dataStream:|priority:0, 5b575dfa-70dc-4a83-a3ea-105d5dbe372d|rpc:10.1.0.4:41217|dataStream:|priority:0] returns group-BBF4AD563052:java.util.concurrent.CompletableFuture@24328e01[Not completed]
2022-02-20 11:35:16,837 [pool-536-thread-1] INFO  server.RaftServer$Division (RaftServerImpl.java:<init>(184)) - 5b575dfa-70dc-4a83-a3ea-105d5dbe372d: new RaftServerImpl for group-BBF4AD563052:[b8fdba17-8d93-448f-ac2b-c9170093642a|rpc:10.1.0.4:42573|dataStream:|priority:1, 2d03a53d-46d4-463d-bb09-340522a9c0f9|rpc:10.1.0.4:36421|dataStream:|priority:0, 5b575dfa-70dc-4a83-a3ea-105d5dbe372d|rpc:10.1.0.4:41217|dataStream:|priority:0] with ContainerStateMachine:uninitialized
2022-02-20 11:35:16,860 [pool-536-thread-1] INFO  server.RaftServerConfigKeys (ConfUtils.java:logGet(44)) - raft.server.rpc.timeout.min = 5s (custom)
2022-02-20 11:35:16,860 [pool-536-thread-1] INFO  server.RaftServerConfigKeys (ConfUtils.java:logGet(44)) - raft.server.rpc.timeout.max = 5200ms (custom)
2022-02-20 11:35:16,860 [pool-536-thread-1] INFO  server.RaftServerConfigKeys (ConfUtils.java:logGet(44)) - raft.server.rpc.sleep.time = 25ms (default)
2022-02-20 11:35:16,860 [pool-536-thread-1] INFO  server.RaftServerConfigKeys (ConfUtils.java:logGet(44)) - raft.server.rpc.slowness.timeout = 300s (custom)
2022-02-20 11:35:16,860 [pool-536-thread-1] INFO  server.RaftServerConfigKeys (ConfUtils.java:logGet(44)) - raft.server.leaderelection.leader.step-down.wait-time = 10s (default)
2022-02-20 11:35:16,860 [pool-536-thread-1] INFO  server.RaftServerConfigKeys (ConfUtils.java:logGet(44)) - raft.server.sleep.deviation.threshold = 300ms (default)
2022-02-20 11:35:16,860 [pool-536-thread-1] INFO  server.RaftServerConfigKeys (ConfUtils.java:logGet(44)) - raft.server.log.appender.install.snapshot.enabled = false (custom)
2022-02-20 11:35:16,860 [pool-536-thread-1] INFO  server.RaftServer$Division (ServerState.java:<init>(105)) - 5b575dfa-70dc-4a83-a3ea-105d5dbe372d@group-BBF4AD563052: ConfigurationManager, init=-1: [b8fdba17-8d93-448f-ac2b-c9170093642a|rpc:10.1.0.4:42573|dataStream:|priority:1, 2d03a53d-46d4-463d-bb09-340522a9c0f9|rpc:10.1.0.4:36421|dataStream:|priority:0, 5b575dfa-70dc-4a83-a3ea-105d5dbe372d|rpc:10.1.0.4:41217|dataStream:|priority:0], old=null, confs=<EMPTY_MAP>
2022-02-20 11:35:16,860 [pool-536-thread-1] INFO  server.RaftServerConfigKeys (ConfUtils.java:logGet(44)) - raft.server.storage.dir = [/home/runner/work/ozone/ozone/hadoop-ozone/integration-test/target/test-dir/MiniOzoneClusterImpl-ef7d9b18-b883-481c-b364-f8f997331ef1/datanode-2/data/ratis] (custom)
2022-02-20 11:35:16,860 [pool-536-thread-1] INFO  server.RaftServerConfigKeys (ConfUtils.java:logGet(44)) - raft.server.log.corruption.policy = EXCEPTION (default)
2022-02-20 11:35:16,861 [pool-536-thread-1] INFO  server.RaftServerConfigKeys (ConfUtils.java:logGet(44)) - raft.server.storage.free-space.min = 0MB (=0) (default)
2022-02-20 11:35:16,861 [pool-536-thread-1] INFO  storage.RaftStorageDirectory (RaftStorageDirectoryImpl.java:analyzeStorage(135)) - The storage directory /home/runner/work/ozone/ozone/hadoop-ozone/integration-test/target/test-dir/MiniOzoneClusterImpl-ef7d9b18-b883-481c-b364-f8f997331ef1/datanode-2/data/ratis/9af08ad9-a716-4365-beb3-bbf4ad563052 does not exist. Creating ...
2022-02-20 11:35:16,862 [pool-536-thread-1] INFO  storage.RaftStorageDirectory (RaftStorageDirectoryImpl.java:tryLock(230)) - Lock on /home/runner/work/ozone/ozone/hadoop-ozone/integration-test/target/test-dir/MiniOzoneClusterImpl-ef7d9b18-b883-481c-b364-f8f997331ef1/datanode-2/data/ratis/9af08ad9-a716-4365-beb3-bbf4ad563052/in_use.lock acquired by nodename 9434@fv-az59-849
2022-02-20 11:35:16,863 [pool-536-thread-1] INFO  storage.RaftStorage (RaftStorageImpl.java:format(89)) - Storage directory /home/runner/work/ozone/ozone/hadoop-ozone/integration-test/target/test-dir/MiniOzoneClusterImpl-ef7d9b18-b883-481c-b364-f8f997331ef1/datanode-2/data/ratis/9af08ad9-a716-4365-beb3-bbf4ad563052 has been successfully formatted.
2022-02-20 11:35:16,864 [pool-536-thread-1] INFO  ratis.ContainerStateMachine (ContainerStateMachine.java:loadSnapshot(236)) - group-BBF4AD563052: The snapshot info is null. Setting the last applied indexto:(t:0, i:~)
2022-02-20 11:35:16,865 [pool-536-thread-1] INFO  server.RaftServerConfigKeys (ConfUtils.java:logGet(44)) - raft.server.notification.no-leader.timeout = 300s (custom)
2022-02-20 11:35:16,865 [pool-536-thread-1] INFO  server.RaftServerConfigKeys (ConfUtils.java:logGet(44)) - raft.server.log.use.memory = false (default)
2022-02-20 11:35:16,865 [pool-536-thread-1] INFO  server.RaftServerConfigKeys (ConfUtils.java:logGet(44)) - raft.server.log.purge.gap = 1000000 (custom)
2022-02-20 11:35:16,866 [pool-536-thread-1] INFO  server.RaftServerConfigKeys (ConfUtils.java:logGet(44)) - raft.server.log.appender.buffer.byte-limit = 33554432 (custom)
2022-02-20 11:35:16,866 [pool-536-thread-1] INFO  server.RaftServerConfigKeys (ConfUtils.java:logGet(44)) - raft.server.log.segment.size.max = 1048576 (custom)
2022-02-20 11:35:16,866 [pool-536-thread-1] INFO  server.RaftServerConfigKeys (ConfUtils.java:logGet(44)) - raft.server.log.segment.cache.num.max = 2 (custom)
2022-02-20 11:35:16,866 [pool-536-thread-1] INFO  server.RaftServerConfigKeys (ConfUtils.java:logGet(44)) - raft.server.log.segment.cache.size.max = 200MB (=209715200) (default)
2022-02-20 11:35:16,866 [pool-536-thread-1] INFO  segmented.SegmentedRaftLogWorker (SegmentedRaftLogWorker.java:<init>(182)) - new 5b575dfa-70dc-4a83-a3ea-105d5dbe372d@group-BBF4AD563052-SegmentedRaftLogWorker for RaftStorageImpl:Storage Directory /home/runner/work/ozone/ozone/hadoop-ozone/integration-test/target/test-dir/MiniOzoneClusterImpl-ef7d9b18-b883-481c-b364-f8f997331ef1/datanode-2/data/ratis/9af08ad9-a716-4365-beb3-bbf4ad563052
2022-02-20 11:35:16,866 [pool-536-thread-1] INFO  server.RaftServerConfigKeys (ConfUtils.java:logGet(44)) - raft.server.log.queue.byte-limit = 4294967296 (custom)
2022-02-20 11:35:16,867 [pool-536-thread-1] INFO  server.RaftServerConfigKeys (ConfUtils.java:logGet(44)) - raft.server.log.queue.element-limit = 1024 (custom)
2022-02-20 11:35:16,867 [pool-536-thread-1] INFO  server.RaftServerConfigKeys (ConfUtils.java:logGet(44)) - raft.server.log.segment.size.max = 1048576 (custom)
2022-02-20 11:35:16,867 [pool-536-thread-1] INFO  server.RaftServerConfigKeys (ConfUtils.java:logGet(44)) - raft.server.log.preallocated.size = 16384 (custom)
2022-02-20 11:35:16,867 [pool-536-thread-1] INFO  server.RaftServerConfigKeys (ConfUtils.java:logGet(44)) - raft.server.log.force.sync.num = 128 (default)
2022-02-20 11:35:16,867 [pool-536-thread-1] INFO  server.RaftServerConfigKeys (ConfUtils.java:logGet(44)) - raft.server.log.statemachine.data.sync = true (default)
2022-02-20 11:35:16,867 [pool-536-thread-1] INFO  server.RaftServerConfigKeys (ConfUtils.java:logGet(44)) - raft.server.log.statemachine.data.sync.timeout = 10s (default)
2022-02-20 11:35:16,867 [pool-536-thread-1] INFO  server.RaftServerConfigKeys (ConfUtils.java:logGet(44)) - raft.server.log.statemachine.data.sync.timeout.retry = -1 (default)
2022-02-20 11:35:16,879 [pool-536-thread-1] INFO  server.RaftServerConfigKeys (ConfUtils.java:logGet(44)) - raft.server.log.write.buffer.size = 1048576 (custom)
2022-02-20 11:35:16,880 [pool-536-thread-1] INFO  server.RaftServerConfigKeys (ConfUtils.java:logGet(44)) - raft.server.log.statemachine.data.caching.enabled = true (custom)
2022-02-20 11:35:16,880 [pool-536-thread-1] INFO  segmented.SegmentedRaftLogWorker (SegmentedRaftLogWorker.java:lambda$new$0(133)) - 5b575dfa-70dc-4a83-a3ea-105d5dbe372d@group-BBF4AD563052-SegmentedRaftLogWorker: flushIndex: setUnconditionally 0 -> -1
2022-02-20 11:35:16,880 [pool-536-thread-1] INFO  segmented.SegmentedRaftLogWorker (SegmentedRaftLogWorker.java:lambda$new$0(133)) - 5b575dfa-70dc-4a83-a3ea-105d5dbe372d@group-BBF4AD563052-SegmentedRaftLogWorker: safeCacheEvictIndex: setUnconditionally 0 -> -1
2022-02-20 11:35:16,880 [pool-536-thread-1] INFO  server.RaftServerConfigKeys (ConfUtils.java:logGet(44)) - raft.server.snapshot.auto.trigger.enabled = true (custom)
2022-02-20 11:35:16,880 [pool-536-thread-1] INFO  server.RaftServerConfigKeys (ConfUtils.java:logGet(44)) - raft.server.snapshot.auto.trigger.threshold = 10000 (custom)
2022-02-20 11:35:16,881 [pool-536-thread-1] INFO  server.RaftServerConfigKeys (ConfUtils.java:logGet(44)) - raft.server.snapshot.retention.file.num = 5 (custom)
2022-02-20 11:35:16,881 [pool-536-thread-1] INFO  server.RaftServerConfigKeys (ConfUtils.java:logGet(44)) - raft.server.log.purge.upto.snapshot.index = false (default)
2022-02-20 11:35:16,881 [pool-536-thread-1] INFO  server.RaftServerConfigKeys (ConfUtils.java:logGet(44)) - raft.server.retrycache.expirytime = 600000ms (custom)
2022-02-20 11:35:16,881 [pool-536-thread-1] INFO  server.RaftServerConfigKeys (ConfUtils.java:logGet(44)) - raft.server.retrycache.statistics.expirytime = 100μs (default)
2022-02-20 11:35:16,882 [pool-536-thread-1] INFO  server.RaftServer$Division (RaftServerImpl.java:start(301)) - 5b575dfa-70dc-4a83-a3ea-105d5dbe372d@group-BBF4AD563052: start as a follower, conf=-1: [b8fdba17-8d93-448f-ac2b-c9170093642a|rpc:10.1.0.4:42573|dataStream:|priority:1, 2d03a53d-46d4-463d-bb09-340522a9c0f9|rpc:10.1.0.4:36421|dataStream:|priority:0, 5b575dfa-70dc-4a83-a3ea-105d5dbe372d|rpc:10.1.0.4:41217|dataStream:|priority:0], old=null
2022-02-20 11:35:16,882 [pool-536-thread-1] INFO  server.RaftServer$Division (RaftServerImpl.java:setRole(290)) - 5b575dfa-70dc-4a83-a3ea-105d5dbe372d@group-BBF4AD563052: changes role from      null to FOLLOWER at term 0 for startAsFollower
2022-02-20 11:35:16,882 [pool-536-thread-1] INFO  impl.RoleInfo (RoleInfo.java:updateAndGet(130)) - 5b575dfa-70dc-4a83-a3ea-105d5dbe372d: start 5b575dfa-70dc-4a83-a3ea-105d5dbe372d@group-BBF4AD563052-FollowerState
2022-02-20 11:35:16,882 [pool-536-thread-1] INFO  util.JmxRegister (JmxRegister.java:tryRegister(44)) - Successfully registered JMX Bean with object name Ratis:service=RaftServer,group=group-BBF4AD563052,id=5b575dfa-70dc-4a83-a3ea-105d5dbe372d
2022-02-20 11:35:16,934 [grpc-default-executor-6] INFO  server.RaftServer (RaftServerProxy.java:addNew(95)) - b8fdba17-8d93-448f-ac2b-c9170093642a: addNew group-BBF4AD563052:[b8fdba17-8d93-448f-ac2b-c9170093642a|rpc:10.1.0.4:42573|dataStream:|priority:1, 2d03a53d-46d4-463d-bb09-340522a9c0f9|rpc:10.1.0.4:36421|dataStream:|priority:0, 5b575dfa-70dc-4a83-a3ea-105d5dbe372d|rpc:10.1.0.4:41217|dataStream:|priority:0] returns group-BBF4AD563052:java.util.concurrent.CompletableFuture@2ee3420a[Not completed]
2022-02-20 11:35:16,946 [pool-515-thread-1] INFO  server.RaftServer$Division (RaftServerImpl.java:<init>(184)) - b8fdba17-8d93-448f-ac2b-c9170093642a: new RaftServerImpl for group-BBF4AD563052:[b8fdba17-8d93-448f-ac2b-c9170093642a|rpc:10.1.0.4:42573|dataStream:|priority:1, 2d03a53d-46d4-463d-bb09-340522a9c0f9|rpc:10.1.0.4:36421|dataStream:|priority:0, 5b575dfa-70dc-4a83-a3ea-105d5dbe372d|rpc:10.1.0.4:41217|dataStream:|priority:0] with ContainerStateMachine:uninitialized
2022-02-20 11:35:16,948 [pool-515-thread-1] INFO  server.RaftServerConfigKeys (ConfUtils.java:logGet(44)) - raft.server.rpc.timeout.min = 5s (custom)
2022-02-20 11:35:16,948 [pool-515-thread-1] INFO  server.RaftServerConfigKeys (ConfUtils.java:logGet(44)) - raft.server.rpc.timeout.max = 5200ms (custom)
2022-02-20 11:35:16,948 [pool-515-thread-1] INFO  server.RaftServerConfigKeys (ConfUtils.java:logGet(44)) - raft.server.rpc.sleep.time = 25ms (default)
2022-02-20 11:35:16,948 [pool-515-thread-1] INFO  server.RaftServerConfigKeys (ConfUtils.java:logGet(44)) - raft.server.rpc.slowness.timeout = 300s (custom)
2022-02-20 11:35:16,948 [pool-515-thread-1] INFO  server.RaftServerConfigKeys (ConfUtils.java:logGet(44)) - raft.server.leaderelection.leader.step-down.wait-time = 10s (default)
2022-02-20 11:35:16,948 [pool-515-thread-1] INFO  server.RaftServerConfigKeys (ConfUtils.java:logGet(44)) - raft.server.sleep.deviation.threshold = 300ms (default)
2022-02-20 11:35:16,948 [pool-515-thread-1] INFO  server.RaftServerConfigKeys (ConfUtils.java:logGet(44)) - raft.server.log.appender.install.snapshot.enabled = false (custom)
2022-02-20 11:35:16,948 [pool-515-thread-1] INFO  server.RaftServer$Division (ServerState.java:<init>(105)) - b8fdba17-8d93-448f-ac2b-c9170093642a@group-BBF4AD563052: ConfigurationManager, init=-1: [b8fdba17-8d93-448f-ac2b-c9170093642a|rpc:10.1.0.4:42573|dataStream:|priority:1, 2d03a53d-46d4-463d-bb09-340522a9c0f9|rpc:10.1.0.4:36421|dataStream:|priority:0, 5b575dfa-70dc-4a83-a3ea-105d5dbe372d|rpc:10.1.0.4:41217|dataStream:|priority:0], old=null, confs=<EMPTY_MAP>
2022-02-20 11:35:16,948 [pool-515-thread-1] INFO  server.RaftServerConfigKeys (ConfUtils.java:logGet(44)) - raft.server.storage.dir = [/home/runner/work/ozone/ozone/hadoop-ozone/integration-test/target/test-dir/MiniOzoneClusterImpl-ef7d9b18-b883-481c-b364-f8f997331ef1/datanode-1/data/ratis] (custom)
2022-02-20 11:35:16,948 [pool-515-thread-1] INFO  server.RaftServerConfigKeys (ConfUtils.java:logGet(44)) - raft.server.log.corruption.policy = EXCEPTION (default)
2022-02-20 11:35:16,948 [pool-515-thread-1] INFO  server.RaftServerConfigKeys (ConfUtils.java:logGet(44)) - raft.server.storage.free-space.min = 0MB (=0) (default)
2022-02-20 11:35:16,948 [pool-515-thread-1] INFO  storage.RaftStorageDirectory (RaftStorageDirectoryImpl.java:analyzeStorage(135)) - The storage directory /home/runner/work/ozone/ozone/hadoop-ozone/integration-test/target/test-dir/MiniOzoneClusterImpl-ef7d9b18-b883-481c-b364-f8f997331ef1/datanode-1/data/ratis/9af08ad9-a716-4365-beb3-bbf4ad563052 does not exist. Creating ...
2022-02-20 11:35:16,958 [pool-515-thread-1] INFO  storage.RaftStorageDirectory (RaftStorageDirectoryImpl.java:tryLock(230)) - Lock on /home/runner/work/ozone/ozone/hadoop-ozone/integration-test/target/test-dir/MiniOzoneClusterImpl-ef7d9b18-b883-481c-b364-f8f997331ef1/datanode-1/data/ratis/9af08ad9-a716-4365-beb3-bbf4ad563052/in_use.lock acquired by nodename 9434@fv-az59-849
2022-02-20 11:35:16,959 [pool-515-thread-1] INFO  storage.RaftStorage (RaftStorageImpl.java:format(89)) - Storage directory /home/runner/work/ozone/ozone/hadoop-ozone/integration-test/target/test-dir/MiniOzoneClusterImpl-ef7d9b18-b883-481c-b364-f8f997331ef1/datanode-1/data/ratis/9af08ad9-a716-4365-beb3-bbf4ad563052 has been successfully formatted.
2022-02-20 11:35:16,961 [pool-515-thread-1] INFO  ratis.ContainerStateMachine (ContainerStateMachine.java:loadSnapshot(236)) - group-BBF4AD563052: The snapshot info is null. Setting the last applied indexto:(t:0, i:~)
2022-02-20 11:35:16,961 [pool-515-thread-1] INFO  server.RaftServerConfigKeys (ConfUtils.java:logGet(44)) - raft.server.notification.no-leader.timeout = 300s (custom)
2022-02-20 11:35:16,961 [pool-515-thread-1] INFO  server.RaftServerConfigKeys (ConfUtils.java:logGet(44)) - raft.server.log.use.memory = false (default)
2022-02-20 11:35:16,961 [pool-515-thread-1] INFO  server.RaftServerConfigKeys (ConfUtils.java:logGet(44)) - raft.server.log.purge.gap = 1000000 (custom)
2022-02-20 11:35:16,961 [pool-515-thread-1] INFO  server.RaftServerConfigKeys (ConfUtils.java:logGet(44)) - raft.server.log.appender.buffer.byte-limit = 33554432 (custom)
2022-02-20 11:35:16,961 [pool-515-thread-1] INFO  server.RaftServerConfigKeys (ConfUtils.java:logGet(44)) - raft.server.log.segment.size.max = 1048576 (custom)
2022-02-20 11:35:16,961 [pool-515-thread-1] INFO  server.RaftServerConfigKeys (ConfUtils.java:logGet(44)) - raft.server.log.segment.cache.num.max = 2 (custom)
2022-02-20 11:35:16,961 [pool-515-thread-1] INFO  server.RaftServerConfigKeys (ConfUtils.java:logGet(44)) - raft.server.log.segment.cache.size.max = 200MB (=209715200) (default)
2022-02-20 11:35:16,961 [pool-515-thread-1] INFO  segmented.SegmentedRaftLogWorker (SegmentedRaftLogWorker.java:<init>(182)) - new b8fdba17-8d93-448f-ac2b-c9170093642a@group-BBF4AD563052-SegmentedRaftLogWorker for RaftStorageImpl:Storage Directory /home/runner/work/ozone/ozone/hadoop-ozone/integration-test/target/test-dir/MiniOzoneClusterImpl-ef7d9b18-b883-481c-b364-f8f997331ef1/datanode-1/data/ratis/9af08ad9-a716-4365-beb3-bbf4ad563052
2022-02-20 11:35:16,962 [pool-515-thread-1] INFO  server.RaftServerConfigKeys (ConfUtils.java:logGet(44)) - raft.server.log.queue.byte-limit = 4294967296 (custom)
2022-02-20 11:35:16,962 [pool-515-thread-1] INFO  server.RaftServerConfigKeys (ConfUtils.java:logGet(44)) - raft.server.log.queue.element-limit = 1024 (custom)
2022-02-20 11:35:16,962 [pool-515-thread-1] INFO  server.RaftServerConfigKeys (ConfUtils.java:logGet(44)) - raft.server.log.segment.size.max = 1048576 (custom)
2022-02-20 11:35:16,962 [pool-515-thread-1] INFO  server.RaftServerConfigKeys (ConfUtils.java:logGet(44)) - raft.server.log.preallocated.size = 16384 (custom)
2022-02-20 11:35:16,962 [pool-515-thread-1] INFO  server.RaftServerConfigKeys (ConfUtils.java:logGet(44)) - raft.server.log.force.sync.num = 128 (default)
2022-02-20 11:35:16,962 [pool-515-thread-1] INFO  server.RaftServerConfigKeys (ConfUtils.java:logGet(44)) - raft.server.log.statemachine.data.sync = true (default)
2022-02-20 11:35:16,962 [pool-515-thread-1] INFO  server.RaftServerConfigKeys (ConfUtils.java:logGet(44)) - raft.server.log.statemachine.data.sync.timeout = 10s (default)
2022-02-20 11:35:16,962 [pool-515-thread-1] INFO  server.RaftServerConfigKeys (ConfUtils.java:logGet(44)) - raft.server.log.statemachine.data.sync.timeout.retry = -1 (default)
2022-02-20 11:35:16,968 [pool-515-thread-1] INFO  server.RaftServerConfigKeys (ConfUtils.java:logGet(44)) - raft.server.log.write.buffer.size = 1048576 (custom)
2022-02-20 11:35:16,969 [pool-515-thread-1] INFO  server.RaftServerConfigKeys (ConfUtils.java:logGet(44)) - raft.server.log.statemachine.data.caching.enabled = true (custom)
2022-02-20 11:35:16,974 [pool-515-thread-1] INFO  segmented.SegmentedRaftLogWorker (SegmentedRaftLogWorker.java:lambda$new$0(133)) - b8fdba17-8d93-448f-ac2b-c9170093642a@group-BBF4AD563052-SegmentedRaftLogWorker: flushIndex: setUnconditionally 0 -> -1
2022-02-20 11:35:16,974 [pool-515-thread-1] INFO  segmented.SegmentedRaftLogWorker (SegmentedRaftLogWorker.java:lambda$new$0(133)) - b8fdba17-8d93-448f-ac2b-c9170093642a@group-BBF4AD563052-SegmentedRaftLogWorker: safeCacheEvictIndex: setUnconditionally 0 -> -1
2022-02-20 11:35:16,982 [pool-515-thread-1] INFO  server.RaftServerConfigKeys (ConfUtils.java:logGet(44)) - raft.server.snapshot.auto.trigger.enabled = true (custom)
2022-02-20 11:35:16,982 [pool-515-thread-1] INFO  server.RaftServerConfigKeys (ConfUtils.java:logGet(44)) - raft.server.snapshot.auto.trigger.threshold = 10000 (custom)
2022-02-20 11:35:16,982 [pool-515-thread-1] INFO  server.RaftServerConfigKeys (ConfUtils.java:logGet(44)) - raft.server.snapshot.retention.file.num = 5 (custom)
2022-02-20 11:35:16,982 [pool-515-thread-1] INFO  server.RaftServerConfigKeys (ConfUtils.java:logGet(44)) - raft.server.log.purge.upto.snapshot.index = false (default)
2022-02-20 11:35:16,982 [pool-515-thread-1] INFO  server.RaftServerConfigKeys (ConfUtils.java:logGet(44)) - raft.server.retrycache.expirytime = 600000ms (custom)
2022-02-20 11:35:16,982 [pool-515-thread-1] INFO  server.RaftServerConfigKeys (ConfUtils.java:logGet(44)) - raft.server.retrycache.statistics.expirytime = 100μs (default)
2022-02-20 11:35:16,983 [pool-515-thread-1] INFO  server.RaftServer$Division (RaftServerImpl.java:start(301)) - b8fdba17-8d93-448f-ac2b-c9170093642a@group-BBF4AD563052: start as a follower, conf=-1: [b8fdba17-8d93-448f-ac2b-c9170093642a|rpc:10.1.0.4:42573|dataStream:|priority:1, 2d03a53d-46d4-463d-bb09-340522a9c0f9|rpc:10.1.0.4:36421|dataStream:|priority:0, 5b575dfa-70dc-4a83-a3ea-105d5dbe372d|rpc:10.1.0.4:41217|dataStream:|priority:0], old=null
2022-02-20 11:35:16,983 [pool-515-thread-1] INFO  server.RaftServer$Division (RaftServerImpl.java:setRole(290)) - b8fdba17-8d93-448f-ac2b-c9170093642a@group-BBF4AD563052: changes role from      null to FOLLOWER at term 0 for startAsFollower
2022-02-20 11:35:16,983 [pool-515-thread-1] INFO  impl.RoleInfo (RoleInfo.java:updateAndGet(130)) - b8fdba17-8d93-448f-ac2b-c9170093642a: start b8fdba17-8d93-448f-ac2b-c9170093642a@group-BBF4AD563052-FollowerState
2022-02-20 11:35:16,990 [pool-515-thread-1] INFO  util.JmxRegister (JmxRegister.java:tryRegister(44)) - Successfully registered JMX Bean with object name Ratis:service=RaftServer,group=group-BBF4AD563052,id=b8fdba17-8d93-448f-ac2b-c9170093642a
2022-02-20 11:35:17,016 [Command processor thread] INFO  commandhandler.CreatePipelineCommandHandler (CreatePipelineCommandHandler.java:handle(106)) - Created Pipeline RATIS THREE PipelineID=9af08ad9-a716-4365-beb3-bbf4ad563052.
2022-02-20 11:35:17,016 [Command processor thread] INFO  server.RaftServer (RaftServerProxy.java:addNew(95)) - 2d03a53d-46d4-463d-bb09-340522a9c0f9: addNew group-F08C7E998D85:[b8fdba17-8d93-448f-ac2b-c9170093642a|rpc:10.1.0.4:42573|priority:0, 2d03a53d-46d4-463d-bb09-340522a9c0f9|rpc:10.1.0.4:36421|priority:0, 5b575dfa-70dc-4a83-a3ea-105d5dbe372d|rpc:10.1.0.4:41217|priority:1] returns group-F08C7E998D85:java.util.concurrent.CompletableFuture@a58d7b8[Not completed]
2022-02-20 11:35:17,017 [pool-494-thread-1] INFO  server.RaftServer$Division (RaftServerImpl.java:<init>(184)) - 2d03a53d-46d4-463d-bb09-340522a9c0f9: new RaftServerImpl for group-F08C7E998D85:[b8fdba17-8d93-448f-ac2b-c9170093642a|rpc:10.1.0.4:42573|priority:0, 2d03a53d-46d4-463d-bb09-340522a9c0f9|rpc:10.1.0.4:36421|priority:0, 5b575dfa-70dc-4a83-a3ea-105d5dbe372d|rpc:10.1.0.4:41217|priority:1] with ContainerStateMachine:uninitialized
2022-02-20 11:35:17,017 [pool-494-thread-1] INFO  server.RaftServerConfigKeys (ConfUtils.java:logGet(44)) - raft.server.rpc.timeout.min = 5s (custom)
2022-02-20 11:35:17,017 [pool-494-thread-1] INFO  server.RaftServerConfigKeys (ConfUtils.java:logGet(44)) - raft.server.rpc.timeout.max = 5200ms (custom)
2022-02-20 11:35:17,017 [pool-494-thread-1] INFO  server.RaftServerConfigKeys (ConfUtils.java:logGet(44)) - raft.server.rpc.sleep.time = 25ms (default)
2022-02-20 11:35:17,017 [pool-494-thread-1] INFO  server.RaftServerConfigKeys (ConfUtils.java:logGet(44)) - raft.server.rpc.slowness.timeout = 300s (custom)
2022-02-20 11:35:17,017 [pool-494-thread-1] INFO  server.RaftServerConfigKeys (ConfUtils.java:logGet(44)) - raft.server.leaderelection.leader.step-down.wait-time = 10s (default)
2022-02-20 11:35:17,017 [pool-494-thread-1] INFO  server.RaftServerConfigKeys (ConfUtils.java:logGet(44)) - raft.server.sleep.deviation.threshold = 300ms (default)
2022-02-20 11:35:17,017 [pool-494-thread-1] INFO  server.RaftServerConfigKeys (ConfUtils.java:logGet(44)) - raft.server.log.appender.install.snapshot.enabled = false (custom)
2022-02-20 11:35:17,017 [pool-494-thread-1] INFO  server.RaftServer$Division (ServerState.java:<init>(105)) - 2d03a53d-46d4-463d-bb09-340522a9c0f9@group-F08C7E998D85: ConfigurationManager, init=-1: [b8fdba17-8d93-448f-ac2b-c9170093642a|rpc:10.1.0.4:42573|priority:0, 2d03a53d-46d4-463d-bb09-340522a9c0f9|rpc:10.1.0.4:36421|priority:0, 5b575dfa-70dc-4a83-a3ea-105d5dbe372d|rpc:10.1.0.4:41217|priority:1], old=null, confs=<EMPTY_MAP>
2022-02-20 11:35:17,017 [pool-494-thread-1] INFO  server.RaftServerConfigKeys (ConfUtils.java:logGet(44)) - raft.server.storage.dir = [/home/runner/work/ozone/ozone/hadoop-ozone/integration-test/target/test-dir/MiniOzoneClusterImpl-ef7d9b18-b883-481c-b364-f8f997331ef1/datanode-0/data/ratis] (custom)
2022-02-20 11:35:17,017 [pool-494-thread-1] INFO  server.RaftServerConfigKeys (ConfUtils.java:logGet(44)) - raft.server.log.corruption.policy = EXCEPTION (default)
2022-02-20 11:35:17,017 [pool-494-thread-1] INFO  server.RaftServerConfigKeys (ConfUtils.java:logGet(44)) - raft.server.storage.free-space.min = 0MB (=0) (default)
2022-02-20 11:35:17,018 [pool-494-thread-1] INFO  storage.RaftStorageDirectory (RaftStorageDirectoryImpl.java:analyzeStorage(135)) - The storage directory /home/runner/work/ozone/ozone/hadoop-ozone/integration-test/target/test-dir/MiniOzoneClusterImpl-ef7d9b18-b883-481c-b364-f8f997331ef1/datanode-0/data/ratis/294ebe98-57e6-4d56-8a6d-f08c7e998d85 does not exist. Creating ...
2022-02-20 11:35:17,022 [pool-494-thread-1] INFO  storage.RaftStorageDirectory (RaftStorageDirectoryImpl.java:tryLock(230)) - Lock on /home/runner/work/ozone/ozone/hadoop-ozone/integration-test/target/test-dir/MiniOzoneClusterImpl-ef7d9b18-b883-481c-b364-f8f997331ef1/datanode-0/data/ratis/294ebe98-57e6-4d56-8a6d-f08c7e998d85/in_use.lock acquired by nodename 9434@fv-az59-849
2022-02-20 11:35:17,030 [pool-494-thread-1] INFO  storage.RaftStorage (RaftStorageImpl.java:format(89)) - Storage directory /home/runner/work/ozone/ozone/hadoop-ozone/integration-test/target/test-dir/MiniOzoneClusterImpl-ef7d9b18-b883-481c-b364-f8f997331ef1/datanode-0/data/ratis/294ebe98-57e6-4d56-8a6d-f08c7e998d85 has been successfully formatted.
2022-02-20 11:35:17,030 [pool-494-thread-1] INFO  ratis.ContainerStateMachine (ContainerStateMachine.java:loadSnapshot(236)) - group-F08C7E998D85: The snapshot info is null. Setting the last applied indexto:(t:0, i:~)
2022-02-20 11:35:17,041 [Command processor thread] INFO  server.RaftServer (RaftServerProxy.java:addNew(95)) - b8fdba17-8d93-448f-ac2b-c9170093642a: addNew group-7855AF18B3F7:[b8fdba17-8d93-448f-ac2b-c9170093642a|rpc:10.1.0.4:42573|priority:1] returns group-7855AF18B3F7:java.util.concurrent.CompletableFuture@27699bc7[Not completed]
2022-02-20 11:35:17,042 [pool-515-thread-1] INFO  server.RaftServer$Division (RaftServerImpl.java:<init>(184)) - b8fdba17-8d93-448f-ac2b-c9170093642a: new RaftServerImpl for group-7855AF18B3F7:[b8fdba17-8d93-448f-ac2b-c9170093642a|rpc:10.1.0.4:42573|priority:1] with ContainerStateMachine:uninitialized
2022-02-20 11:35:17,042 [pool-515-thread-1] INFO  server.RaftServerConfigKeys (ConfUtils.java:logGet(44)) - raft.server.rpc.timeout.min = 5s (custom)
2022-02-20 11:35:17,042 [pool-515-thread-1] INFO  server.RaftServerConfigKeys (ConfUtils.java:logGet(44)) - raft.server.rpc.timeout.max = 5200ms (custom)
2022-02-20 11:35:17,042 [pool-515-thread-1] INFO  server.RaftServerConfigKeys (ConfUtils.java:logGet(44)) - raft.server.rpc.sleep.time = 25ms (default)
2022-02-20 11:35:17,042 [pool-515-thread-1] INFO  server.RaftServerConfigKeys (ConfUtils.java:logGet(44)) - raft.server.rpc.slowness.timeout = 300s (custom)
2022-02-20 11:35:17,042 [pool-515-thread-1] INFO  server.RaftServerConfigKeys (ConfUtils.java:logGet(44)) - raft.server.leaderelection.leader.step-down.wait-time = 10s (default)
2022-02-20 11:35:17,042 [pool-515-thread-1] INFO  server.RaftServerConfigKeys (ConfUtils.java:logGet(44)) - raft.server.sleep.deviation.threshold = 300ms (default)
2022-02-20 11:35:17,042 [pool-515-thread-1] INFO  server.RaftServerConfigKeys (ConfUtils.java:logGet(44)) - raft.server.log.appender.install.snapshot.enabled = false (custom)
2022-02-20 11:35:17,042 [pool-515-thread-1] INFO  server.RaftServer$Division (ServerState.java:<init>(105)) - b8fdba17-8d93-448f-ac2b-c9170093642a@group-7855AF18B3F7: ConfigurationManager, init=-1: [b8fdba17-8d93-448f-ac2b-c9170093642a|rpc:10.1.0.4:42573|priority:1], old=null, confs=<EMPTY_MAP>
2022-02-20 11:35:17,042 [pool-515-thread-1] INFO  server.RaftServerConfigKeys (ConfUtils.java:logGet(44)) - raft.server.storage.dir = [/home/runner/work/ozone/ozone/hadoop-ozone/integration-test/target/test-dir/MiniOzoneClusterImpl-ef7d9b18-b883-481c-b364-f8f997331ef1/datanode-1/data/ratis] (custom)
2022-02-20 11:35:17,042 [pool-515-thread-1] INFO  server.RaftServerConfigKeys (ConfUtils.java:logGet(44)) - raft.server.log.corruption.policy = EXCEPTION (default)
2022-02-20 11:35:17,042 [pool-515-thread-1] INFO  server.RaftServerConfigKeys (ConfUtils.java:logGet(44)) - raft.server.storage.free-space.min = 0MB (=0) (default)
2022-02-20 11:35:17,043 [pool-515-thread-1] INFO  storage.RaftStorageDirectory (RaftStorageDirectoryImpl.java:analyzeStorage(135)) - The storage directory /home/runner/work/ozone/ozone/hadoop-ozone/integration-test/target/test-dir/MiniOzoneClusterImpl-ef7d9b18-b883-481c-b364-f8f997331ef1/datanode-1/data/ratis/dc30ef09-880c-4b07-8b3e-7855af18b3f7 does not exist. Creating ...
2022-02-20 11:35:17,045 [pool-515-thread-1] INFO  storage.RaftStorageDirectory (RaftStorageDirectoryImpl.java:tryLock(230)) - Lock on /home/runner/work/ozone/ozone/hadoop-ozone/integration-test/target/test-dir/MiniOzoneClusterImpl-ef7d9b18-b883-481c-b364-f8f997331ef1/datanode-1/data/ratis/dc30ef09-880c-4b07-8b3e-7855af18b3f7/in_use.lock acquired by nodename 9434@fv-az59-849
2022-02-20 11:35:17,045 [pool-494-thread-1] INFO  server.RaftServerConfigKeys (ConfUtils.java:logGet(44)) - raft.server.notification.no-leader.timeout = 300s (custom)
2022-02-20 11:35:17,045 [pool-494-thread-1] INFO  server.RaftServerConfigKeys (ConfUtils.java:logGet(44)) - raft.server.log.use.memory = false (default)
2022-02-20 11:35:17,045 [pool-494-thread-1] INFO  server.RaftServerConfigKeys (ConfUtils.java:logGet(44)) - raft.server.log.purge.gap = 1000000 (custom)
2022-02-20 11:35:17,045 [pool-494-thread-1] INFO  server.RaftServerConfigKeys (ConfUtils.java:logGet(44)) - raft.server.log.appender.buffer.byte-limit = 33554432 (custom)
2022-02-20 11:35:17,045 [EventQueue-OpenPipelineForHealthyPipelineSafeModeRule] INFO  safemode.SCMSafeModeManager (HealthyPipelineSafeModeRule.java:process(124)) - SCM in safe mode. Healthy pipelines reported count is 0, required healthy pipeline reported count is 1
2022-02-20 11:35:17,045 [pool-494-thread-1] INFO  server.RaftServerConfigKeys (ConfUtils.java:logGet(44)) - raft.server.log.segment.size.max = 1048576 (custom)
2022-02-20 11:35:17,046 [pool-515-thread-1] INFO  storage.RaftStorage (RaftStorageImpl.java:format(89)) - Storage directory /home/runner/work/ozone/ozone/hadoop-ozone/integration-test/target/test-dir/MiniOzoneClusterImpl-ef7d9b18-b883-481c-b364-f8f997331ef1/datanode-1/data/ratis/dc30ef09-880c-4b07-8b3e-7855af18b3f7 has been successfully formatted.
2022-02-20 11:35:17,046 [pool-515-thread-1] INFO  ratis.ContainerStateMachine (ContainerStateMachine.java:loadSnapshot(236)) - group-7855AF18B3F7: The snapshot info is null. Setting the last applied indexto:(t:0, i:~)
2022-02-20 11:35:17,046 [pool-515-thread-1] INFO  server.RaftServerConfigKeys (ConfUtils.java:logGet(44)) - raft.server.notification.no-leader.timeout = 300s (custom)
2022-02-20 11:35:17,047 [EventQueue-PipelineReportForPipelineReportHandler] INFO  pipeline.PipelineManagerImpl (PipelineManagerImpl.java:openPipeline(291)) - Pipeline Pipeline[ Id: dc30ef09-880c-4b07-8b3e-7855af18b3f7, Nodes: b8fdba17-8d93-448f-ac2b-c9170093642a{ip: 10.1.0.4, host: fv-az59-849.csjynl4pkq3e1pkirw3ssqjfoh.cx.internal.cloudapp.net, ports: [REPLICATION=37483, RATIS=42573, RATIS_ADMIN=42573, RATIS_SERVER=42573, STANDALONE=45845], networkLocation: /default-rack, certSerialId: null, persistedOpState: IN_SERVICE, persistedOpStateExpiryEpochSec: 0}, ReplicationConfig: RATIS/ONE, State:ALLOCATED, leaderId:b8fdba17-8d93-448f-ac2b-c9170093642a, CreationTimestamp2022-02-20T11:35:14.065Z[Etc/UTC]] moved to OPEN state
2022-02-20 11:35:17,048 [b9b7942b-4a56-45eb-a5c8-33194168f403@group-F8F997331EF1-StateMachineUpdater] INFO  safemode.HealthyPipelineSafeModeRule (HealthyPipelineSafeModeRule.java:initializeRule(152)) - Refreshed total pipeline count is 0, healthy pipeline threshold count is 1
2022-02-20 11:35:17,048 [EventQueue-OpenPipelineForHealthyPipelineSafeModeRule] INFO  safemode.SCMSafeModeManager (HealthyPipelineSafeModeRule.java:process(124)) - SCM in safe mode. Healthy pipelines reported count is 0, required healthy pipeline reported count is 1
2022-02-20 11:35:17,048 [pool-515-thread-1] INFO  server.RaftServerConfigKeys (ConfUtils.java:logGet(44)) - raft.server.log.use.memory = false (default)
2022-02-20 11:35:17,048 [pool-515-thread-1] INFO  server.RaftServerConfigKeys (ConfUtils.java:logGet(44)) - raft.server.log.purge.gap = 1000000 (custom)
2022-02-20 11:35:17,048 [pool-515-thread-1] INFO  server.RaftServerConfigKeys (ConfUtils.java:logGet(44)) - raft.server.log.appender.buffer.byte-limit = 33554432 (custom)
2022-02-20 11:35:17,049 [pool-515-thread-1] INFO  server.RaftServerConfigKeys (ConfUtils.java:logGet(44)) - raft.server.log.segment.size.max = 1048576 (custom)
2022-02-20 11:35:17,049 [pool-494-thread-1] INFO  server.RaftServerConfigKeys (ConfUtils.java:logGet(44)) - raft.server.log.segment.cache.num.max = 2 (custom)
2022-02-20 11:35:17,050 [pool-494-thread-1] INFO  server.RaftServerConfigKeys (ConfUtils.java:logGet(44)) - raft.server.log.segment.cache.size.max = 200MB (=209715200) (default)
2022-02-20 11:35:17,050 [pool-494-thread-1] INFO  segmented.SegmentedRaftLogWorker (SegmentedRaftLogWorker.java:<init>(182)) - new 2d03a53d-46d4-463d-bb09-340522a9c0f9@group-F08C7E998D85-SegmentedRaftLogWorker for RaftStorageImpl:Storage Directory /home/runner/work/ozone/ozone/hadoop-ozone/integration-test/target/test-dir/MiniOzoneClusterImpl-ef7d9b18-b883-481c-b364-f8f997331ef1/datanode-0/data/ratis/294ebe98-57e6-4d56-8a6d-f08c7e998d85
2022-02-20 11:35:17,050 [pool-494-thread-1] INFO  server.RaftServerConfigKeys (ConfUtils.java:logGet(44)) - raft.server.log.queue.byte-limit = 4294967296 (custom)
2022-02-20 11:35:17,050 [pool-494-thread-1] INFO  server.RaftServerConfigKeys (ConfUtils.java:logGet(44)) - raft.server.log.queue.element-limit = 1024 (custom)
2022-02-20 11:35:17,051 [pool-494-thread-1] INFO  server.RaftServerConfigKeys (ConfUtils.java:logGet(44)) - raft.server.log.segment.size.max = 1048576 (custom)
2022-02-20 11:35:17,051 [pool-494-thread-1] INFO  server.RaftServerConfigKeys (ConfUtils.java:logGet(44)) - raft.server.log.preallocated.size = 16384 (custom)
2022-02-20 11:35:17,053 [pool-494-thread-1] INFO  server.RaftServerConfigKeys (ConfUtils.java:logGet(44)) - raft.server.log.force.sync.num = 128 (default)
2022-02-20 11:35:17,053 [pool-494-thread-1] INFO  server.RaftServerConfigKeys (ConfUtils.java:logGet(44)) - raft.server.log.statemachine.data.sync = true (default)
2022-02-20 11:35:17,054 [pool-494-thread-1] INFO  server.RaftServerConfigKeys (ConfUtils.java:logGet(44)) - raft.server.log.statemachine.data.sync.timeout = 10s (default)
2022-02-20 11:35:17,054 [pool-494-thread-1] INFO  server.RaftServerConfigKeys (ConfUtils.java:logGet(44)) - raft.server.log.statemachine.data.sync.timeout.retry = -1 (default)
2022-02-20 11:35:17,057 [pool-494-thread-1] INFO  server.RaftServerConfigKeys (ConfUtils.java:logGet(44)) - raft.server.log.write.buffer.size = 1048576 (custom)
2022-02-20 11:35:17,057 [pool-494-thread-1] INFO  server.RaftServerConfigKeys (ConfUtils.java:logGet(44)) - raft.server.log.statemachine.data.caching.enabled = true (custom)
2022-02-20 11:35:17,049 [pool-515-thread-1] INFO  server.RaftServerConfigKeys (ConfUtils.java:logGet(44)) - raft.server.log.segment.cache.num.max = 2 (custom)
2022-02-20 11:35:17,057 [pool-515-thread-1] INFO  server.RaftServerConfigKeys (ConfUtils.java:logGet(44)) - raft.server.log.segment.cache.size.max = 200MB (=209715200) (default)
2022-02-20 11:35:17,057 [pool-515-thread-1] INFO  segmented.SegmentedRaftLogWorker (SegmentedRaftLogWorker.java:<init>(182)) - new b8fdba17-8d93-448f-ac2b-c9170093642a@group-7855AF18B3F7-SegmentedRaftLogWorker for RaftStorageImpl:Storage Directory /home/runner/work/ozone/ozone/hadoop-ozone/integration-test/target/test-dir/MiniOzoneClusterImpl-ef7d9b18-b883-481c-b364-f8f997331ef1/datanode-1/data/ratis/dc30ef09-880c-4b07-8b3e-7855af18b3f7
2022-02-20 11:35:17,058 [pool-515-thread-1] INFO  server.RaftServerConfigKeys (ConfUtils.java:logGet(44)) - raft.server.log.queue.byte-limit = 4294967296 (custom)
2022-02-20 11:35:17,058 [pool-515-thread-1] INFO  server.RaftServerConfigKeys (ConfUtils.java:logGet(44)) - raft.server.log.queue.element-limit = 1024 (custom)
2022-02-20 11:35:17,058 [pool-515-thread-1] INFO  server.RaftServerConfigKeys (ConfUtils.java:logGet(44)) - raft.server.log.segment.size.max = 1048576 (custom)
2022-02-20 11:35:17,058 [pool-515-thread-1] INFO  server.RaftServerConfigKeys (ConfUtils.java:logGet(44)) - raft.server.log.preallocated.size = 16384 (custom)
2022-02-20 11:35:17,058 [pool-515-thread-1] INFO  server.RaftServerConfigKeys (ConfUtils.java:logGet(44)) - raft.server.log.force.sync.num = 128 (default)
2022-02-20 11:35:17,058 [pool-515-thread-1] INFO  server.RaftServerConfigKeys (ConfUtils.java:logGet(44)) - raft.server.log.statemachine.data.sync = true (default)
2022-02-20 11:35:17,058 [pool-515-thread-1] INFO  server.RaftServerConfigKeys (ConfUtils.java:logGet(44)) - raft.server.log.statemachine.data.sync.timeout = 10s (default)
2022-02-20 11:35:17,058 [pool-515-thread-1] INFO  server.RaftServerConfigKeys (ConfUtils.java:logGet(44)) - raft.server.log.statemachine.data.sync.timeout.retry = -1 (default)
2022-02-20 11:35:17,059 [pool-515-thread-1] INFO  server.RaftServerConfigKeys (ConfUtils.java:logGet(44)) - raft.server.log.write.buffer.size = 1048576 (custom)
2022-02-20 11:35:17,059 [pool-515-thread-1] INFO  server.RaftServerConfigKeys (ConfUtils.java:logGet(44)) - raft.server.log.statemachine.data.caching.enabled = true (custom)
2022-02-20 11:35:17,059 [pool-515-thread-1] INFO  segmented.SegmentedRaftLogWorker (SegmentedRaftLogWorker.java:lambda$new$0(133)) - b8fdba17-8d93-448f-ac2b-c9170093642a@group-7855AF18B3F7-SegmentedRaftLogWorker: flushIndex: setUnconditionally 0 -> -1
2022-02-20 11:35:17,059 [pool-515-thread-1] INFO  segmented.SegmentedRaftLogWorker (SegmentedRaftLogWorker.java:lambda$new$0(133)) - b8fdba17-8d93-448f-ac2b-c9170093642a@group-7855AF18B3F7-SegmentedRaftLogWorker: safeCacheEvictIndex: setUnconditionally 0 -> -1
2022-02-20 11:35:17,060 [pool-494-thread-1] INFO  segmented.SegmentedRaftLogWorker (SegmentedRaftLogWorker.java:lambda$new$0(133)) - 2d03a53d-46d4-463d-bb09-340522a9c0f9@group-F08C7E998D85-SegmentedRaftLogWorker: flushIndex: setUnconditionally 0 -> -1
2022-02-20 11:35:17,060 [pool-494-thread-1] INFO  segmented.SegmentedRaftLogWorker (SegmentedRaftLogWorker.java:lambda$new$0(133)) - 2d03a53d-46d4-463d-bb09-340522a9c0f9@group-F08C7E998D85-SegmentedRaftLogWorker: safeCacheEvictIndex: setUnconditionally 0 -> -1
2022-02-20 11:35:17,060 [pool-515-thread-1] INFO  server.RaftServerConfigKeys (ConfUtils.java:logGet(44)) - raft.server.snapshot.auto.trigger.enabled = true (custom)
2022-02-20 11:35:17,060 [pool-515-thread-1] INFO  server.RaftServerConfigKeys (ConfUtils.java:logGet(44)) - raft.server.snapshot.auto.trigger.threshold = 10000 (custom)
2022-02-20 11:35:17,060 [pool-515-thread-1] INFO  server.RaftServerConfigKeys (ConfUtils.java:logGet(44)) - raft.server.snapshot.retention.file.num = 5 (custom)
2022-02-20 11:35:17,060 [pool-515-thread-1] INFO  server.RaftServerConfigKeys (ConfUtils.java:logGet(44)) - raft.server.log.purge.upto.snapshot.index = false (default)
2022-02-20 11:35:17,060 [pool-515-thread-1] INFO  server.RaftServerConfigKeys (ConfUtils.java:logGet(44)) - raft.server.retrycache.expirytime = 600000ms (custom)
2022-02-20 11:35:17,060 [pool-515-thread-1] INFO  server.RaftServerConfigKeys (ConfUtils.java:logGet(44)) - raft.server.retrycache.statistics.expirytime = 100μs (default)
2022-02-20 11:35:17,061 [pool-515-thread-1] INFO  server.RaftServer$Division (RaftServerImpl.java:start(301)) - b8fdba17-8d93-448f-ac2b-c9170093642a@group-7855AF18B3F7: start as a follower, conf=-1: [b8fdba17-8d93-448f-ac2b-c9170093642a|rpc:10.1.0.4:42573|priority:1], old=null
2022-02-20 11:35:17,061 [pool-515-thread-1] INFO  server.RaftServer$Division (RaftServerImpl.java:setRole(290)) - b8fdba17-8d93-448f-ac2b-c9170093642a@group-7855AF18B3F7: changes role from      null to FOLLOWER at term 0 for startAsFollower
2022-02-20 11:35:17,061 [pool-494-thread-1] INFO  server.RaftServerConfigKeys (ConfUtils.java:logGet(44)) - raft.server.snapshot.auto.trigger.enabled = true (custom)
2022-02-20 11:35:17,061 [pool-494-thread-1] INFO  server.RaftServerConfigKeys (ConfUtils.java:logGet(44)) - raft.server.snapshot.auto.trigger.threshold = 10000 (custom)
2022-02-20 11:35:17,061 [pool-494-thread-1] INFO  server.RaftServerConfigKeys (ConfUtils.java:logGet(44)) - raft.server.snapshot.retention.file.num = 5 (custom)
2022-02-20 11:35:17,061 [pool-494-thread-1] INFO  server.RaftServerConfigKeys (ConfUtils.java:logGet(44)) - raft.server.log.purge.upto.snapshot.index = false (default)
2022-02-20 11:35:17,062 [pool-494-thread-1] INFO  server.RaftServerConfigKeys (ConfUtils.java:logGet(44)) - raft.server.retrycache.expirytime = 600000ms (custom)
2022-02-20 11:35:17,062 [pool-494-thread-1] INFO  server.RaftServerConfigKeys (ConfUtils.java:logGet(44)) - raft.server.retrycache.statistics.expirytime = 100μs (default)
2022-02-20 11:35:17,063 [pool-494-thread-1] INFO  server.RaftServer$Division (RaftServerImpl.java:start(301)) - 2d03a53d-46d4-463d-bb09-340522a9c0f9@group-F08C7E998D85: start as a follower, conf=-1: [b8fdba17-8d93-448f-ac2b-c9170093642a|rpc:10.1.0.4:42573|priority:0, 2d03a53d-46d4-463d-bb09-340522a9c0f9|rpc:10.1.0.4:36421|priority:0, 5b575dfa-70dc-4a83-a3ea-105d5dbe372d|rpc:10.1.0.4:41217|priority:1], old=null
2022-02-20 11:35:17,063 [pool-494-thread-1] INFO  server.RaftServer$Division (RaftServerImpl.java:setRole(290)) - 2d03a53d-46d4-463d-bb09-340522a9c0f9@group-F08C7E998D85: changes role from      null to FOLLOWER at term 0 for startAsFollower
2022-02-20 11:35:17,063 [pool-494-thread-1] INFO  impl.RoleInfo (RoleInfo.java:updateAndGet(130)) - 2d03a53d-46d4-463d-bb09-340522a9c0f9: start 2d03a53d-46d4-463d-bb09-340522a9c0f9@group-F08C7E998D85-FollowerState
2022-02-20 11:35:17,066 [pool-494-thread-1] INFO  util.JmxRegister (JmxRegister.java:tryRegister(44)) - Successfully registered JMX Bean with object name Ratis:service=RaftServer,group=group-F08C7E998D85,id=2d03a53d-46d4-463d-bb09-340522a9c0f9
2022-02-20 11:35:17,082 [pool-515-thread-1] INFO  impl.RoleInfo (RoleInfo.java:updateAndGet(130)) - b8fdba17-8d93-448f-ac2b-c9170093642a: start b8fdba17-8d93-448f-ac2b-c9170093642a@group-7855AF18B3F7-FollowerState
2022-02-20 11:35:17,082 [Command processor thread] INFO  ratis.XceiverServerRatis (XceiverServerRatis.java:addGroup(769)) - Created group PipelineID=294ebe98-57e6-4d56-8a6d-f08c7e998d85
2022-02-20 11:35:17,118 [pool-515-thread-1] INFO  util.JmxRegister (JmxRegister.java:tryRegister(44)) - Successfully registered JMX Bean with object name Ratis:service=RaftServer,group=group-7855AF18B3F7,id=b8fdba17-8d93-448f-ac2b-c9170093642a
2022-02-20 11:35:17,118 [grpc-default-executor-6] INFO  server.RaftServer (RaftServerProxy.java:addNew(95)) - b8fdba17-8d93-448f-ac2b-c9170093642a: addNew group-F08C7E998D85:[b8fdba17-8d93-448f-ac2b-c9170093642a|rpc:10.1.0.4:42573|dataStream:|priority:0, 2d03a53d-46d4-463d-bb09-340522a9c0f9|rpc:10.1.0.4:36421|dataStream:|priority:0, 5b575dfa-70dc-4a83-a3ea-105d5dbe372d|rpc:10.1.0.4:41217|dataStream:|priority:1] returns group-F08C7E998D85:java.util.concurrent.CompletableFuture@367c8154[Not completed]
2022-02-20 11:35:17,122 [Command processor thread] INFO  ratis.XceiverServerRatis (XceiverServerRatis.java:addGroup(769)) - Created group PipelineID=dc30ef09-880c-4b07-8b3e-7855af18b3f7
2022-02-20 11:35:17,122 [Command processor thread] INFO  commandhandler.CreatePipelineCommandHandler (CreatePipelineCommandHandler.java:handle(106)) - Created Pipeline RATIS ONE PipelineID=dc30ef09-880c-4b07-8b3e-7855af18b3f7.
2022-02-20 11:35:17,123 [pool-515-thread-1] INFO  server.RaftServer$Division (RaftServerImpl.java:<init>(184)) - b8fdba17-8d93-448f-ac2b-c9170093642a: new RaftServerImpl for group-F08C7E998D85:[b8fdba17-8d93-448f-ac2b-c9170093642a|rpc:10.1.0.4:42573|dataStream:|priority:0, 2d03a53d-46d4-463d-bb09-340522a9c0f9|rpc:10.1.0.4:36421|dataStream:|priority:0, 5b575dfa-70dc-4a83-a3ea-105d5dbe372d|rpc:10.1.0.4:41217|dataStream:|priority:1] with ContainerStateMachine:uninitialized
2022-02-20 11:35:17,123 [pool-515-thread-1] INFO  server.RaftServerConfigKeys (ConfUtils.java:logGet(44)) - raft.server.rpc.timeout.min = 5s (custom)
2022-02-20 11:35:17,123 [pool-515-thread-1] INFO  server.RaftServerConfigKeys (ConfUtils.java:logGet(44)) - raft.server.rpc.timeout.max = 5200ms (custom)
2022-02-20 11:35:17,123 [pool-515-thread-1] INFO  server.RaftServerConfigKeys (ConfUtils.java:logGet(44)) - raft.server.rpc.sleep.time = 25ms (default)
2022-02-20 11:35:17,123 [pool-515-thread-1] INFO  server.RaftServerConfigKeys (ConfUtils.java:logGet(44)) - raft.server.rpc.slowness.timeout = 300s (custom)
2022-02-20 11:35:17,123 [pool-515-thread-1] INFO  server.RaftServerConfigKeys (ConfUtils.java:logGet(44)) - raft.server.leaderelection.leader.step-down.wait-time = 10s (default)
2022-02-20 11:35:17,123 [pool-515-thread-1] INFO  server.RaftServerConfigKeys (ConfUtils.java:logGet(44)) - raft.server.sleep.deviation.threshold = 300ms (default)
2022-02-20 11:35:17,123 [pool-515-thread-1] INFO  server.RaftServerConfigKeys (ConfUtils.java:logGet(44)) - raft.server.log.appender.install.snapshot.enabled = false (custom)
2022-02-20 11:35:17,123 [pool-515-thread-1] INFO  server.RaftServer$Division (ServerState.java:<init>(105)) - b8fdba17-8d93-448f-ac2b-c9170093642a@group-F08C7E998D85: ConfigurationManager, init=-1: [b8fdba17-8d93-448f-ac2b-c9170093642a|rpc:10.1.0.4:42573|dataStream:|priority:0, 2d03a53d-46d4-463d-bb09-340522a9c0f9|rpc:10.1.0.4:36421|dataStream:|priority:0, 5b575dfa-70dc-4a83-a3ea-105d5dbe372d|rpc:10.1.0.4:41217|dataStream:|priority:1], old=null, confs=<EMPTY_MAP>
2022-02-20 11:35:17,123 [pool-515-thread-1] INFO  server.RaftServerConfigKeys (ConfUtils.java:logGet(44)) - raft.server.storage.dir = [/home/runner/work/ozone/ozone/hadoop-ozone/integration-test/target/test-dir/MiniOzoneClusterImpl-ef7d9b18-b883-481c-b364-f8f997331ef1/datanode-1/data/ratis] (custom)
2022-02-20 11:35:17,123 [pool-515-thread-1] INFO  server.RaftServerConfigKeys (ConfUtils.java:logGet(44)) - raft.server.log.corruption.policy = EXCEPTION (default)
2022-02-20 11:35:17,123 [pool-515-thread-1] INFO  server.RaftServerConfigKeys (ConfUtils.java:logGet(44)) - raft.server.storage.free-space.min = 0MB (=0) (default)
2022-02-20 11:35:17,123 [pool-515-thread-1] INFO  storage.RaftStorageDirectory (RaftStorageDirectoryImpl.java:analyzeStorage(135)) - The storage directory /home/runner/work/ozone/ozone/hadoop-ozone/integration-test/target/test-dir/MiniOzoneClusterImpl-ef7d9b18-b883-481c-b364-f8f997331ef1/datanode-1/data/ratis/294ebe98-57e6-4d56-8a6d-f08c7e998d85 does not exist. Creating ...
2022-02-20 11:35:17,124 [pool-515-thread-1] INFO  storage.RaftStorageDirectory (RaftStorageDirectoryImpl.java:tryLock(230)) - Lock on /home/runner/work/ozone/ozone/hadoop-ozone/integration-test/target/test-dir/MiniOzoneClusterImpl-ef7d9b18-b883-481c-b364-f8f997331ef1/datanode-1/data/ratis/294ebe98-57e6-4d56-8a6d-f08c7e998d85/in_use.lock acquired by nodename 9434@fv-az59-849
2022-02-20 11:35:17,145 [pool-515-thread-1] INFO  storage.RaftStorage (RaftStorageImpl.java:format(89)) - Storage directory /home/runner/work/ozone/ozone/hadoop-ozone/integration-test/target/test-dir/MiniOzoneClusterImpl-ef7d9b18-b883-481c-b364-f8f997331ef1/datanode-1/data/ratis/294ebe98-57e6-4d56-8a6d-f08c7e998d85 has been successfully formatted.
2022-02-20 11:35:17,145 [pool-515-thread-1] INFO  ratis.ContainerStateMachine (ContainerStateMachine.java:loadSnapshot(236)) - group-F08C7E998D85: The snapshot info is null. Setting the last applied indexto:(t:0, i:~)
2022-02-20 11:35:17,146 [EventQueue-OpenPipelineForHealthyPipelineSafeModeRule] INFO  safemode.SCMSafeModeManager (HealthyPipelineSafeModeRule.java:process(124)) - SCM in safe mode. Healthy pipelines reported count is 0, required healthy pipeline reported count is 1
2022-02-20 11:35:17,147 [pool-515-thread-1] INFO  server.RaftServerConfigKeys (ConfUtils.java:logGet(44)) - raft.server.notification.no-leader.timeout = 300s (custom)
2022-02-20 11:35:17,147 [pool-515-thread-1] INFO  server.RaftServerConfigKeys (ConfUtils.java:logGet(44)) - raft.server.log.use.memory = false (default)
2022-02-20 11:35:17,147 [pool-515-thread-1] INFO  server.RaftServerConfigKeys (ConfUtils.java:logGet(44)) - raft.server.log.purge.gap = 1000000 (custom)
2022-02-20 11:35:17,147 [pool-515-thread-1] INFO  server.RaftServerConfigKeys (ConfUtils.java:logGet(44)) - raft.server.log.appender.buffer.byte-limit = 33554432 (custom)
2022-02-20 11:35:17,147 [pool-515-thread-1] INFO  server.RaftServerConfigKeys (ConfUtils.java:logGet(44)) - raft.server.log.segment.size.max = 1048576 (custom)
2022-02-20 11:35:17,148 [pool-515-thread-1] INFO  server.RaftServerConfigKeys (ConfUtils.java:logGet(44)) - raft.server.log.segment.cache.num.max = 2 (custom)
2022-02-20 11:35:17,148 [pool-515-thread-1] INFO  server.RaftServerConfigKeys (ConfUtils.java:logGet(44)) - raft.server.log.segment.cache.size.max = 200MB (=209715200) (default)
2022-02-20 11:35:17,148 [pool-515-thread-1] INFO  segmented.SegmentedRaftLogWorker (SegmentedRaftLogWorker.java:<init>(182)) - new b8fdba17-8d93-448f-ac2b-c9170093642a@group-F08C7E998D85-SegmentedRaftLogWorker for RaftStorageImpl:Storage Directory /home/runner/work/ozone/ozone/hadoop-ozone/integration-test/target/test-dir/MiniOzoneClusterImpl-ef7d9b18-b883-481c-b364-f8f997331ef1/datanode-1/data/ratis/294ebe98-57e6-4d56-8a6d-f08c7e998d85
2022-02-20 11:35:17,148 [pool-515-thread-1] INFO  server.RaftServerConfigKeys (ConfUtils.java:logGet(44)) - raft.server.log.queue.byte-limit = 4294967296 (custom)
2022-02-20 11:35:17,148 [pool-515-thread-1] INFO  server.RaftServerConfigKeys (ConfUtils.java:logGet(44)) - raft.server.log.queue.element-limit = 1024 (custom)
2022-02-20 11:35:17,148 [pool-515-thread-1] INFO  server.RaftServerConfigKeys (ConfUtils.java:logGet(44)) - raft.server.log.segment.size.max = 1048576 (custom)
2022-02-20 11:35:17,148 [pool-515-thread-1] INFO  server.RaftServerConfigKeys (ConfUtils.java:logGet(44)) - raft.server.log.preallocated.size = 16384 (custom)
2022-02-20 11:35:17,148 [pool-515-thread-1] INFO  server.RaftServerConfigKeys (ConfUtils.java:logGet(44)) - raft.server.log.force.sync.num = 128 (default)
2022-02-20 11:35:17,148 [pool-515-thread-1] INFO  server.RaftServerConfigKeys (ConfUtils.java:logGet(44)) - raft.server.log.statemachine.data.sync = true (default)
2022-02-20 11:35:17,148 [pool-515-thread-1] INFO  server.RaftServerConfigKeys (ConfUtils.java:logGet(44)) - raft.server.log.statemachine.data.sync.timeout = 10s (default)
2022-02-20 11:35:17,148 [pool-515-thread-1] INFO  server.RaftServerConfigKeys (ConfUtils.java:logGet(44)) - raft.server.log.statemachine.data.sync.timeout.retry = -1 (default)
2022-02-20 11:35:17,149 [pool-515-thread-1] INFO  server.RaftServerConfigKeys (ConfUtils.java:logGet(44)) - raft.server.log.write.buffer.size = 1048576 (custom)
2022-02-20 11:35:17,150 [pool-515-thread-1] INFO  server.RaftServerConfigKeys (ConfUtils.java:logGet(44)) - raft.server.log.statemachine.data.caching.enabled = true (custom)
2022-02-20 11:35:17,151 [pool-515-thread-1] INFO  segmented.SegmentedRaftLogWorker (SegmentedRaftLogWorker.java:lambda$new$0(133)) - b8fdba17-8d93-448f-ac2b-c9170093642a@group-F08C7E998D85-SegmentedRaftLogWorker: flushIndex: setUnconditionally 0 -> -1
2022-02-20 11:35:17,160 [pool-515-thread-1] INFO  segmented.SegmentedRaftLogWorker (SegmentedRaftLogWorker.java:lambda$new$0(133)) - b8fdba17-8d93-448f-ac2b-c9170093642a@group-F08C7E998D85-SegmentedRaftLogWorker: safeCacheEvictIndex: setUnconditionally 0 -> -1
2022-02-20 11:35:17,161 [pool-515-thread-1] INFO  server.RaftServerConfigKeys (ConfUtils.java:logGet(44)) - raft.server.snapshot.auto.trigger.enabled = true (custom)
2022-02-20 11:35:17,161 [pool-515-thread-1] INFO  server.RaftServerConfigKeys (ConfUtils.java:logGet(44)) - raft.server.snapshot.auto.trigger.threshold = 10000 (custom)
2022-02-20 11:35:17,161 [pool-515-thread-1] INFO  server.RaftServerConfigKeys (ConfUtils.java:logGet(44)) - raft.server.snapshot.retention.file.num = 5 (custom)
2022-02-20 11:35:17,161 [pool-515-thread-1] INFO  server.RaftServerConfigKeys (ConfUtils.java:logGet(44)) - raft.server.log.purge.upto.snapshot.index = false (default)
2022-02-20 11:35:17,161 [pool-515-thread-1] INFO  server.RaftServerConfigKeys (ConfUtils.java:logGet(44)) - raft.server.retrycache.expirytime = 600000ms (custom)
2022-02-20 11:35:17,161 [pool-515-thread-1] INFO  server.RaftServerConfigKeys (ConfUtils.java:logGet(44)) - raft.server.retrycache.statistics.expirytime = 100μs (default)
2022-02-20 11:35:17,162 [pool-515-thread-1] INFO  server.RaftServer$Division (RaftServerImpl.java:start(301)) - b8fdba17-8d93-448f-ac2b-c9170093642a@group-F08C7E998D85: start as a follower, conf=-1: [b8fdba17-8d93-448f-ac2b-c9170093642a|rpc:10.1.0.4:42573|dataStream:|priority:0, 2d03a53d-46d4-463d-bb09-340522a9c0f9|rpc:10.1.0.4:36421|dataStream:|priority:0, 5b575dfa-70dc-4a83-a3ea-105d5dbe372d|rpc:10.1.0.4:41217|dataStream:|priority:1], old=null
2022-02-20 11:35:17,162 [pool-515-thread-1] INFO  server.RaftServer$Division (RaftServerImpl.java:setRole(290)) - b8fdba17-8d93-448f-ac2b-c9170093642a@group-F08C7E998D85: changes role from      null to FOLLOWER at term 0 for startAsFollower
2022-02-20 11:35:17,162 [pool-515-thread-1] INFO  impl.RoleInfo (RoleInfo.java:updateAndGet(130)) - b8fdba17-8d93-448f-ac2b-c9170093642a: start b8fdba17-8d93-448f-ac2b-c9170093642a@group-F08C7E998D85-FollowerState
2022-02-20 11:35:17,163 [pool-515-thread-1] INFO  util.JmxRegister (JmxRegister.java:tryRegister(44)) - Successfully registered JMX Bean with object name Ratis:service=RaftServer,group=group-F08C7E998D85,id=b8fdba17-8d93-448f-ac2b-c9170093642a
2022-02-20 11:35:17,207 [grpc-default-executor-6] INFO  server.RaftServer (RaftServerProxy.java:addNew(95)) - 5b575dfa-70dc-4a83-a3ea-105d5dbe372d: addNew group-F08C7E998D85:[b8fdba17-8d93-448f-ac2b-c9170093642a|rpc:10.1.0.4:42573|dataStream:|priority:0, 2d03a53d-46d4-463d-bb09-340522a9c0f9|rpc:10.1.0.4:36421|dataStream:|priority:0, 5b575dfa-70dc-4a83-a3ea-105d5dbe372d|rpc:10.1.0.4:41217|dataStream:|priority:1] returns group-F08C7E998D85:java.util.concurrent.CompletableFuture@3ce33fee[Not completed]
2022-02-20 11:35:17,207 [pool-536-thread-1] INFO  server.RaftServer$Division (RaftServerImpl.java:<init>(184)) - 5b575dfa-70dc-4a83-a3ea-105d5dbe372d: new RaftServerImpl for group-F08C7E998D85:[b8fdba17-8d93-448f-ac2b-c9170093642a|rpc:10.1.0.4:42573|dataStream:|priority:0, 2d03a53d-46d4-463d-bb09-340522a9c0f9|rpc:10.1.0.4:36421|dataStream:|priority:0, 5b575dfa-70dc-4a83-a3ea-105d5dbe372d|rpc:10.1.0.4:41217|dataStream:|priority:1] with ContainerStateMachine:uninitialized
2022-02-20 11:35:17,208 [pool-536-thread-1] INFO  server.RaftServerConfigKeys (ConfUtils.java:logGet(44)) - raft.server.rpc.timeout.min = 5s (custom)
2022-02-20 11:35:17,208 [pool-536-thread-1] INFO  server.RaftServerConfigKeys (ConfUtils.java:logGet(44)) - raft.server.rpc.timeout.max = 5200ms (custom)
2022-02-20 11:35:17,208 [pool-536-thread-1] INFO  server.RaftServerConfigKeys (ConfUtils.java:logGet(44)) - raft.server.rpc.sleep.time = 25ms (default)
2022-02-20 11:35:17,208 [pool-536-thread-1] INFO  server.RaftServerConfigKeys (ConfUtils.java:logGet(44)) - raft.server.rpc.slowness.timeout = 300s (custom)
2022-02-20 11:35:17,208 [pool-536-thread-1] INFO  server.RaftServerConfigKeys (ConfUtils.java:logGet(44)) - raft.server.leaderelection.leader.step-down.wait-time = 10s (default)
2022-02-20 11:35:17,208 [pool-536-thread-1] INFO  server.RaftServerConfigKeys (ConfUtils.java:logGet(44)) - raft.server.sleep.deviation.threshold = 300ms (default)
2022-02-20 11:35:17,208 [pool-536-thread-1] INFO  server.RaftServerConfigKeys (ConfUtils.java:logGet(44)) - raft.server.log.appender.install.snapshot.enabled = false (custom)
2022-02-20 11:35:17,208 [pool-536-thread-1] INFO  server.RaftServer$Division (ServerState.java:<init>(105)) - 5b575dfa-70dc-4a83-a3ea-105d5dbe372d@group-F08C7E998D85: ConfigurationManager, init=-1: [b8fdba17-8d93-448f-ac2b-c9170093642a|rpc:10.1.0.4:42573|dataStream:|priority:0, 2d03a53d-46d4-463d-bb09-340522a9c0f9|rpc:10.1.0.4:36421|dataStream:|priority:0, 5b575dfa-70dc-4a83-a3ea-105d5dbe372d|rpc:10.1.0.4:41217|dataStream:|priority:1], old=null, confs=<EMPTY_MAP>
2022-02-20 11:35:17,208 [pool-536-thread-1] INFO  server.RaftServerConfigKeys (ConfUtils.java:logGet(44)) - raft.server.storage.dir = [/home/runner/work/ozone/ozone/hadoop-ozone/integration-test/target/test-dir/MiniOzoneClusterImpl-ef7d9b18-b883-481c-b364-f8f997331ef1/datanode-2/data/ratis] (custom)
2022-02-20 11:35:17,208 [pool-536-thread-1] INFO  server.RaftServerConfigKeys (ConfUtils.java:logGet(44)) - raft.server.log.corruption.policy = EXCEPTION (default)
2022-02-20 11:35:17,208 [pool-536-thread-1] INFO  server.RaftServerConfigKeys (ConfUtils.java:logGet(44)) - raft.server.storage.free-space.min = 0MB (=0) (default)
2022-02-20 11:35:17,208 [pool-536-thread-1] INFO  storage.RaftStorageDirectory (RaftStorageDirectoryImpl.java:analyzeStorage(135)) - The storage directory /home/runner/work/ozone/ozone/hadoop-ozone/integration-test/target/test-dir/MiniOzoneClusterImpl-ef7d9b18-b883-481c-b364-f8f997331ef1/datanode-2/data/ratis/294ebe98-57e6-4d56-8a6d-f08c7e998d85 does not exist. Creating ...
2022-02-20 11:35:17,209 [pool-536-thread-1] INFO  storage.RaftStorageDirectory (RaftStorageDirectoryImpl.java:tryLock(230)) - Lock on /home/runner/work/ozone/ozone/hadoop-ozone/integration-test/target/test-dir/MiniOzoneClusterImpl-ef7d9b18-b883-481c-b364-f8f997331ef1/datanode-2/data/ratis/294ebe98-57e6-4d56-8a6d-f08c7e998d85/in_use.lock acquired by nodename 9434@fv-az59-849
2022-02-20 11:35:17,210 [pool-536-thread-1] INFO  storage.RaftStorage (RaftStorageImpl.java:format(89)) - Storage directory /home/runner/work/ozone/ozone/hadoop-ozone/integration-test/target/test-dir/MiniOzoneClusterImpl-ef7d9b18-b883-481c-b364-f8f997331ef1/datanode-2/data/ratis/294ebe98-57e6-4d56-8a6d-f08c7e998d85 has been successfully formatted.
2022-02-20 11:35:17,219 [pool-536-thread-1] INFO  ratis.ContainerStateMachine (ContainerStateMachine.java:loadSnapshot(236)) - group-F08C7E998D85: The snapshot info is null. Setting the last applied indexto:(t:0, i:~)
2022-02-20 11:35:17,220 [pool-536-thread-1] INFO  server.RaftServerConfigKeys (ConfUtils.java:logGet(44)) - raft.server.notification.no-leader.timeout = 300s (custom)
2022-02-20 11:35:17,220 [pool-536-thread-1] INFO  server.RaftServerConfigKeys (ConfUtils.java:logGet(44)) - raft.server.log.use.memory = false (default)
2022-02-20 11:35:17,220 [pool-536-thread-1] INFO  server.RaftServerConfigKeys (ConfUtils.java:logGet(44)) - raft.server.log.purge.gap = 1000000 (custom)
2022-02-20 11:35:17,220 [pool-536-thread-1] INFO  server.RaftServerConfigKeys (ConfUtils.java:logGet(44)) - raft.server.log.appender.buffer.byte-limit = 33554432 (custom)
2022-02-20 11:35:17,221 [pool-536-thread-1] INFO  server.RaftServerConfigKeys (ConfUtils.java:logGet(44)) - raft.server.log.segment.size.max = 1048576 (custom)
2022-02-20 11:35:17,221 [pool-536-thread-1] INFO  server.RaftServerConfigKeys (ConfUtils.java:logGet(44)) - raft.server.log.segment.cache.num.max = 2 (custom)
2022-02-20 11:35:17,221 [pool-536-thread-1] INFO  server.RaftServerConfigKeys (ConfUtils.java:logGet(44)) - raft.server.log.segment.cache.size.max = 200MB (=209715200) (default)
2022-02-20 11:35:17,221 [pool-536-thread-1] INFO  segmented.SegmentedRaftLogWorker (SegmentedRaftLogWorker.java:<init>(182)) - new 5b575dfa-70dc-4a83-a3ea-105d5dbe372d@group-F08C7E998D85-SegmentedRaftLogWorker for RaftStorageImpl:Storage Directory /home/runner/work/ozone/ozone/hadoop-ozone/integration-test/target/test-dir/MiniOzoneClusterImpl-ef7d9b18-b883-481c-b364-f8f997331ef1/datanode-2/data/ratis/294ebe98-57e6-4d56-8a6d-f08c7e998d85
2022-02-20 11:35:17,221 [pool-536-thread-1] INFO  server.RaftServerConfigKeys (ConfUtils.java:logGet(44)) - raft.server.log.queue.byte-limit = 4294967296 (custom)
2022-02-20 11:35:17,222 [pool-536-thread-1] INFO  server.RaftServerConfigKeys (ConfUtils.java:logGet(44)) - raft.server.log.queue.element-limit = 1024 (custom)
2022-02-20 11:35:17,222 [pool-536-thread-1] INFO  server.RaftServerConfigKeys (ConfUtils.java:logGet(44)) - raft.server.log.segment.size.max = 1048576 (custom)
2022-02-20 11:35:17,222 [pool-536-thread-1] INFO  server.RaftServerConfigKeys (ConfUtils.java:logGet(44)) - raft.server.log.preallocated.size = 16384 (custom)
2022-02-20 11:35:17,222 [pool-536-thread-1] INFO  server.RaftServerConfigKeys (ConfUtils.java:logGet(44)) - raft.server.log.force.sync.num = 128 (default)
2022-02-20 11:35:17,222 [pool-536-thread-1] INFO  server.RaftServerConfigKeys (ConfUtils.java:logGet(44)) - raft.server.log.statemachine.data.sync = true (default)
2022-02-20 11:35:17,222 [pool-536-thread-1] INFO  server.RaftServerConfigKeys (ConfUtils.java:logGet(44)) - raft.server.log.statemachine.data.sync.timeout = 10s (default)
2022-02-20 11:35:17,222 [pool-536-thread-1] INFO  server.RaftServerConfigKeys (ConfUtils.java:logGet(44)) - raft.server.log.statemachine.data.sync.timeout.retry = -1 (default)
2022-02-20 11:35:17,223 [pool-536-thread-1] INFO  server.RaftServerConfigKeys (ConfUtils.java:logGet(44)) - raft.server.log.write.buffer.size = 1048576 (custom)
2022-02-20 11:35:17,224 [pool-536-thread-1] INFO  server.RaftServerConfigKeys (ConfUtils.java:logGet(44)) - raft.server.log.statemachine.data.caching.enabled = true (custom)
2022-02-20 11:35:17,224 [pool-536-thread-1] INFO  segmented.SegmentedRaftLogWorker (SegmentedRaftLogWorker.java:lambda$new$0(133)) - 5b575dfa-70dc-4a83-a3ea-105d5dbe372d@group-F08C7E998D85-SegmentedRaftLogWorker: flushIndex: setUnconditionally 0 -> -1
2022-02-20 11:35:17,230 [pool-536-thread-1] INFO  segmented.SegmentedRaftLogWorker (SegmentedRaftLogWorker.java:lambda$new$0(133)) - 5b575dfa-70dc-4a83-a3ea-105d5dbe372d@group-F08C7E998D85-SegmentedRaftLogWorker: safeCacheEvictIndex: setUnconditionally 0 -> -1
2022-02-20 11:35:17,242 [pool-536-thread-1] INFO  server.RaftServerConfigKeys (ConfUtils.java:logGet(44)) - raft.server.snapshot.auto.trigger.enabled = true (custom)
2022-02-20 11:35:17,242 [pool-536-thread-1] INFO  server.RaftServerConfigKeys (ConfUtils.java:logGet(44)) - raft.server.snapshot.auto.trigger.threshold = 10000 (custom)
2022-02-20 11:35:17,242 [pool-536-thread-1] INFO  server.RaftServerConfigKeys (ConfUtils.java:logGet(44)) - raft.server.snapshot.retention.file.num = 5 (custom)
2022-02-20 11:35:17,242 [pool-536-thread-1] INFO  server.RaftServerConfigKeys (ConfUtils.java:logGet(44)) - raft.server.log.purge.upto.snapshot.index = false (default)
2022-02-20 11:35:17,242 [pool-536-thread-1] INFO  server.RaftServerConfigKeys (ConfUtils.java:logGet(44)) - raft.server.retrycache.expirytime = 600000ms (custom)
2022-02-20 11:35:17,242 [pool-536-thread-1] INFO  server.RaftServerConfigKeys (ConfUtils.java:logGet(44)) - raft.server.retrycache.statistics.expirytime = 100μs (default)
2022-02-20 11:35:17,244 [pool-536-thread-1] INFO  server.RaftServer$Division (RaftServerImpl.java:start(301)) - 5b575dfa-70dc-4a83-a3ea-105d5dbe372d@group-F08C7E998D85: start as a follower, conf=-1: [b8fdba17-8d93-448f-ac2b-c9170093642a|rpc:10.1.0.4:42573|dataStream:|priority:0, 2d03a53d-46d4-463d-bb09-340522a9c0f9|rpc:10.1.0.4:36421|dataStream:|priority:0, 5b575dfa-70dc-4a83-a3ea-105d5dbe372d|rpc:10.1.0.4:41217|dataStream:|priority:1], old=null
2022-02-20 11:35:17,244 [pool-536-thread-1] INFO  server.RaftServer$Division (RaftServerImpl.java:setRole(290)) - 5b575dfa-70dc-4a83-a3ea-105d5dbe372d@group-F08C7E998D85: changes role from      null to FOLLOWER at term 0 for startAsFollower
2022-02-20 11:35:17,244 [pool-536-thread-1] INFO  impl.RoleInfo (RoleInfo.java:updateAndGet(130)) - 5b575dfa-70dc-4a83-a3ea-105d5dbe372d: start 5b575dfa-70dc-4a83-a3ea-105d5dbe372d@group-F08C7E998D85-FollowerState
2022-02-20 11:35:17,250 [pool-536-thread-1] INFO  util.JmxRegister (JmxRegister.java:tryRegister(44)) - Successfully registered JMX Bean with object name Ratis:service=RaftServer,group=group-F08C7E998D85,id=5b575dfa-70dc-4a83-a3ea-105d5dbe372d
2022-02-20 11:35:17,298 [Command processor thread] INFO  commandhandler.CreatePipelineCommandHandler (CreatePipelineCommandHandler.java:handle(106)) - Created Pipeline RATIS THREE PipelineID=294ebe98-57e6-4d56-8a6d-f08c7e998d85.
2022-02-20 11:35:17,488 [Listener at 127.0.0.1/34383] INFO  ozone.MiniOzoneClusterImpl (MiniOzoneClusterImpl.java:lambda$waitForClusterToBeReady$0(219)) - Nodes are ready. Got 3 of 3 DN Heartbeats.
2022-02-20 11:35:17,488 [Listener at 127.0.0.1/34383] INFO  ozone.MiniOzoneClusterImpl (MiniOzoneClusterImpl.java:lambda$waitForClusterToBeReady$0(222)) - Waiting for cluster to exit safe mode
2022-02-20 11:35:17,488 [Listener at 127.0.0.1/34383] INFO  ozone.MiniOzoneClusterImpl (MiniOzoneClusterImpl.java:lambda$waitForClusterToBeReady$0(224)) - SCM became leader
2022-02-20 11:35:17,501 [Command processor thread] INFO  server.RaftServer (RaftServerProxy.java:addNew(95)) - 5b575dfa-70dc-4a83-a3ea-105d5dbe372d: addNew group-A48B719A0FC5:[5b575dfa-70dc-4a83-a3ea-105d5dbe372d|rpc:10.1.0.4:41217|priority:1] returns group-A48B719A0FC5:java.util.concurrent.CompletableFuture@3447dbd1[Not completed]
2022-02-20 11:35:17,502 [pool-536-thread-1] INFO  server.RaftServer$Division (RaftServerImpl.java:<init>(184)) - 5b575dfa-70dc-4a83-a3ea-105d5dbe372d: new RaftServerImpl for group-A48B719A0FC5:[5b575dfa-70dc-4a83-a3ea-105d5dbe372d|rpc:10.1.0.4:41217|priority:1] with ContainerStateMachine:uninitialized
2022-02-20 11:35:17,502 [pool-536-thread-1] INFO  server.RaftServerConfigKeys (ConfUtils.java:logGet(44)) - raft.server.rpc.timeout.min = 5s (custom)
2022-02-20 11:35:17,502 [pool-536-thread-1] INFO  server.RaftServerConfigKeys (ConfUtils.java:logGet(44)) - raft.server.rpc.timeout.max = 5200ms (custom)
2022-02-20 11:35:17,502 [pool-536-thread-1] INFO  server.RaftServerConfigKeys (ConfUtils.java:logGet(44)) - raft.server.rpc.sleep.time = 25ms (default)
2022-02-20 11:35:17,502 [pool-536-thread-1] INFO  server.RaftServerConfigKeys (ConfUtils.java:logGet(44)) - raft.server.rpc.slowness.timeout = 300s (custom)
2022-02-20 11:35:17,502 [pool-536-thread-1] INFO  server.RaftServerConfigKeys (ConfUtils.java:logGet(44)) - raft.server.leaderelection.leader.step-down.wait-time = 10s (default)
2022-02-20 11:35:17,502 [pool-536-thread-1] INFO  server.RaftServerConfigKeys (ConfUtils.java:logGet(44)) - raft.server.sleep.deviation.threshold = 300ms (default)
2022-02-20 11:35:17,502 [pool-536-thread-1] INFO  server.RaftServerConfigKeys (ConfUtils.java:logGet(44)) - raft.server.log.appender.install.snapshot.enabled = false (custom)
2022-02-20 11:35:17,502 [pool-536-thread-1] INFO  server.RaftServer$Division (ServerState.java:<init>(105)) - 5b575dfa-70dc-4a83-a3ea-105d5dbe372d@group-A48B719A0FC5: ConfigurationManager, init=-1: [5b575dfa-70dc-4a83-a3ea-105d5dbe372d|rpc:10.1.0.4:41217|priority:1], old=null, confs=<EMPTY_MAP>
2022-02-20 11:35:17,502 [pool-536-thread-1] INFO  server.RaftServerConfigKeys (ConfUtils.java:logGet(44)) - raft.server.storage.dir = [/home/runner/work/ozone/ozone/hadoop-ozone/integration-test/target/test-dir/MiniOzoneClusterImpl-ef7d9b18-b883-481c-b364-f8f997331ef1/datanode-2/data/ratis] (custom)
2022-02-20 11:35:17,502 [pool-536-thread-1] INFO  server.RaftServerConfigKeys (ConfUtils.java:logGet(44)) - raft.server.log.corruption.policy = EXCEPTION (default)
2022-02-20 11:35:17,502 [pool-536-thread-1] INFO  server.RaftServerConfigKeys (ConfUtils.java:logGet(44)) - raft.server.storage.free-space.min = 0MB (=0) (default)
2022-02-20 11:35:17,503 [pool-536-thread-1] INFO  storage.RaftStorageDirectory (RaftStorageDirectoryImpl.java:analyzeStorage(135)) - The storage directory /home/runner/work/ozone/ozone/hadoop-ozone/integration-test/target/test-dir/MiniOzoneClusterImpl-ef7d9b18-b883-481c-b364-f8f997331ef1/datanode-2/data/ratis/1ddb1207-4d2e-4c4b-a852-a48b719a0fc5 does not exist. Creating ...
2022-02-20 11:35:17,505 [pool-536-thread-1] INFO  storage.RaftStorageDirectory (RaftStorageDirectoryImpl.java:tryLock(230)) - Lock on /home/runner/work/ozone/ozone/hadoop-ozone/integration-test/target/test-dir/MiniOzoneClusterImpl-ef7d9b18-b883-481c-b364-f8f997331ef1/datanode-2/data/ratis/1ddb1207-4d2e-4c4b-a852-a48b719a0fc5/in_use.lock acquired by nodename 9434@fv-az59-849
2022-02-20 11:35:17,507 [pool-536-thread-1] INFO  storage.RaftStorage (RaftStorageImpl.java:format(89)) - Storage directory /home/runner/work/ozone/ozone/hadoop-ozone/integration-test/target/test-dir/MiniOzoneClusterImpl-ef7d9b18-b883-481c-b364-f8f997331ef1/datanode-2/data/ratis/1ddb1207-4d2e-4c4b-a852-a48b719a0fc5 has been successfully formatted.
2022-02-20 11:35:17,508 [pool-536-thread-1] INFO  ratis.ContainerStateMachine (ContainerStateMachine.java:loadSnapshot(236)) - group-A48B719A0FC5: The snapshot info is null. Setting the last applied indexto:(t:0, i:~)
2022-02-20 11:35:17,508 [pool-536-thread-1] INFO  server.RaftServerConfigKeys (ConfUtils.java:logGet(44)) - raft.server.notification.no-leader.timeout = 300s (custom)
2022-02-20 11:35:17,508 [pool-536-thread-1] INFO  server.RaftServerConfigKeys (ConfUtils.java:logGet(44)) - raft.server.log.use.memory = false (default)
2022-02-20 11:35:17,508 [pool-536-thread-1] INFO  server.RaftServerConfigKeys (ConfUtils.java:logGet(44)) - raft.server.log.purge.gap = 1000000 (custom)
2022-02-20 11:35:17,508 [pool-536-thread-1] INFO  server.RaftServerConfigKeys (ConfUtils.java:logGet(44)) - raft.server.log.appender.buffer.byte-limit = 33554432 (custom)
2022-02-20 11:35:17,508 [pool-536-thread-1] INFO  server.RaftServerConfigKeys (ConfUtils.java:logGet(44)) - raft.server.log.segment.size.max = 1048576 (custom)
2022-02-20 11:35:17,509 [pool-536-thread-1] INFO  server.RaftServerConfigKeys (ConfUtils.java:logGet(44)) - raft.server.log.segment.cache.num.max = 2 (custom)
2022-02-20 11:35:17,509 [pool-536-thread-1] INFO  server.RaftServerConfigKeys (ConfUtils.java:logGet(44)) - raft.server.log.segment.cache.size.max = 200MB (=209715200) (default)
2022-02-20 11:35:17,509 [EventQueue-PipelineReportForPipelineReportHandler] INFO  pipeline.PipelineManagerImpl (PipelineManagerImpl.java:openPipeline(291)) - Pipeline Pipeline[ Id: 1ddb1207-4d2e-4c4b-a852-a48b719a0fc5, Nodes: 5b575dfa-70dc-4a83-a3ea-105d5dbe372d{ip: 10.1.0.4, host: fv-az59-849.csjynl4pkq3e1pkirw3ssqjfoh.cx.internal.cloudapp.net, ports: [REPLICATION=41829, RATIS=41217, RATIS_ADMIN=41217, RATIS_SERVER=41217, STANDALONE=41919], networkLocation: /default-rack, certSerialId: null, persistedOpState: IN_SERVICE, persistedOpStateExpiryEpochSec: 0}, ReplicationConfig: RATIS/ONE, State:ALLOCATED, leaderId:5b575dfa-70dc-4a83-a3ea-105d5dbe372d, CreationTimestamp2022-02-20T11:35:14.508Z[Etc/UTC]] moved to OPEN state
2022-02-20 11:35:17,509 [pool-536-thread-1] INFO  segmented.SegmentedRaftLogWorker (SegmentedRaftLogWorker.java:<init>(182)) - new 5b575dfa-70dc-4a83-a3ea-105d5dbe372d@group-A48B719A0FC5-SegmentedRaftLogWorker for RaftStorageImpl:Storage Directory /home/runner/work/ozone/ozone/hadoop-ozone/integration-test/target/test-dir/MiniOzoneClusterImpl-ef7d9b18-b883-481c-b364-f8f997331ef1/datanode-2/data/ratis/1ddb1207-4d2e-4c4b-a852-a48b719a0fc5
2022-02-20 11:35:17,509 [pool-536-thread-1] INFO  server.RaftServerConfigKeys (ConfUtils.java:logGet(44)) - raft.server.log.queue.byte-limit = 4294967296 (custom)
2022-02-20 11:35:17,509 [pool-536-thread-1] INFO  server.RaftServerConfigKeys (ConfUtils.java:logGet(44)) - raft.server.log.queue.element-limit = 1024 (custom)
2022-02-20 11:35:17,509 [pool-536-thread-1] INFO  server.RaftServerConfigKeys (ConfUtils.java:logGet(44)) - raft.server.log.segment.size.max = 1048576 (custom)
2022-02-20 11:35:17,509 [pool-536-thread-1] INFO  server.RaftServerConfigKeys (ConfUtils.java:logGet(44)) - raft.server.log.preallocated.size = 16384 (custom)
2022-02-20 11:35:17,509 [pool-536-thread-1] INFO  server.RaftServerConfigKeys (ConfUtils.java:logGet(44)) - raft.server.log.force.sync.num = 128 (default)
2022-02-20 11:35:17,509 [pool-536-thread-1] INFO  server.RaftServerConfigKeys (ConfUtils.java:logGet(44)) - raft.server.log.statemachine.data.sync = true (default)
2022-02-20 11:35:17,509 [pool-536-thread-1] INFO  server.RaftServerConfigKeys (ConfUtils.java:logGet(44)) - raft.server.log.statemachine.data.sync.timeout = 10s (default)
2022-02-20 11:35:17,509 [pool-536-thread-1] INFO  server.RaftServerConfigKeys (ConfUtils.java:logGet(44)) - raft.server.log.statemachine.data.sync.timeout.retry = -1 (default)
2022-02-20 11:35:17,510 [pool-536-thread-1] INFO  server.RaftServerConfigKeys (ConfUtils.java:logGet(44)) - raft.server.log.write.buffer.size = 1048576 (custom)
2022-02-20 11:35:17,511 [b9b7942b-4a56-45eb-a5c8-33194168f403@group-F8F997331EF1-StateMachineUpdater] INFO  safemode.HealthyPipelineSafeModeRule (HealthyPipelineSafeModeRule.java:initializeRule(152)) - Refreshed total pipeline count is 0, healthy pipeline threshold count is 1
2022-02-20 11:35:17,511 [pool-536-thread-1] INFO  server.RaftServerConfigKeys (ConfUtils.java:logGet(44)) - raft.server.log.statemachine.data.caching.enabled = true (custom)
2022-02-20 11:35:17,511 [pool-536-thread-1] INFO  segmented.SegmentedRaftLogWorker (SegmentedRaftLogWorker.java:lambda$new$0(133)) - 5b575dfa-70dc-4a83-a3ea-105d5dbe372d@group-A48B719A0FC5-SegmentedRaftLogWorker: flushIndex: setUnconditionally 0 -> -1
2022-02-20 11:35:17,511 [pool-536-thread-1] INFO  segmented.SegmentedRaftLogWorker (SegmentedRaftLogWorker.java:lambda$new$0(133)) - 5b575dfa-70dc-4a83-a3ea-105d5dbe372d@group-A48B719A0FC5-SegmentedRaftLogWorker: safeCacheEvictIndex: setUnconditionally 0 -> -1
2022-02-20 11:35:17,512 [EventQueue-OpenPipelineForHealthyPipelineSafeModeRule] INFO  safemode.SCMSafeModeManager (HealthyPipelineSafeModeRule.java:process(124)) - SCM in safe mode. Healthy pipelines reported count is 0, required healthy pipeline reported count is 1
2022-02-20 11:35:17,527 [pool-536-thread-1] INFO  server.RaftServerConfigKeys (ConfUtils.java:logGet(44)) - raft.server.snapshot.auto.trigger.enabled = true (custom)
2022-02-20 11:35:17,527 [pool-536-thread-1] INFO  server.RaftServerConfigKeys (ConfUtils.java:logGet(44)) - raft.server.snapshot.auto.trigger.threshold = 10000 (custom)
2022-02-20 11:35:17,527 [pool-536-thread-1] INFO  server.RaftServerConfigKeys (ConfUtils.java:logGet(44)) - raft.server.snapshot.retention.file.num = 5 (custom)
2022-02-20 11:35:17,527 [pool-536-thread-1] INFO  server.RaftServerConfigKeys (ConfUtils.java:logGet(44)) - raft.server.log.purge.upto.snapshot.index = false (default)
2022-02-20 11:35:17,527 [pool-536-thread-1] INFO  server.RaftServerConfigKeys (ConfUtils.java:logGet(44)) - raft.server.retrycache.expirytime = 600000ms (custom)
2022-02-20 11:35:17,527 [pool-536-thread-1] INFO  server.RaftServerConfigKeys (ConfUtils.java:logGet(44)) - raft.server.retrycache.statistics.expirytime = 100μs (default)
2022-02-20 11:35:17,528 [pool-536-thread-1] INFO  server.RaftServer$Division (RaftServerImpl.java:start(301)) - 5b575dfa-70dc-4a83-a3ea-105d5dbe372d@group-A48B719A0FC5: start as a follower, conf=-1: [5b575dfa-70dc-4a83-a3ea-105d5dbe372d|rpc:10.1.0.4:41217|priority:1], old=null
2022-02-20 11:35:17,528 [pool-536-thread-1] INFO  server.RaftServer$Division (RaftServerImpl.java:setRole(290)) - 5b575dfa-70dc-4a83-a3ea-105d5dbe372d@group-A48B719A0FC5: changes role from      null to FOLLOWER at term 0 for startAsFollower
2022-02-20 11:35:17,528 [pool-536-thread-1] INFO  impl.RoleInfo (RoleInfo.java:updateAndGet(130)) - 5b575dfa-70dc-4a83-a3ea-105d5dbe372d: start 5b575dfa-70dc-4a83-a3ea-105d5dbe372d@group-A48B719A0FC5-FollowerState
2022-02-20 11:35:17,535 [pool-536-thread-1] INFO  util.JmxRegister (JmxRegister.java:tryRegister(44)) - Successfully registered JMX Bean with object name Ratis:service=RaftServer,group=group-A48B719A0FC5,id=5b575dfa-70dc-4a83-a3ea-105d5dbe372d
2022-02-20 11:35:17,543 [Command processor thread] INFO  ratis.XceiverServerRatis (XceiverServerRatis.java:addGroup(769)) - Created group PipelineID=1ddb1207-4d2e-4c4b-a852-a48b719a0fc5
2022-02-20 11:35:17,543 [Command processor thread] INFO  commandhandler.CreatePipelineCommandHandler (CreatePipelineCommandHandler.java:handle(106)) - Created Pipeline RATIS ONE PipelineID=1ddb1207-4d2e-4c4b-a852-a48b719a0fc5.
2022-02-20 11:35:18,488 [Listener at 127.0.0.1/34383] INFO  ozone.MiniOzoneClusterImpl (MiniOzoneClusterImpl.java:lambda$waitForClusterToBeReady$0(219)) - Nodes are ready. Got 3 of 3 DN Heartbeats.
2022-02-20 11:35:18,489 [Listener at 127.0.0.1/34383] INFO  ozone.MiniOzoneClusterImpl (MiniOzoneClusterImpl.java:lambda$waitForClusterToBeReady$0(222)) - Waiting for cluster to exit safe mode
2022-02-20 11:35:18,489 [Listener at 127.0.0.1/34383] INFO  ozone.MiniOzoneClusterImpl (MiniOzoneClusterImpl.java:lambda$waitForClusterToBeReady$0(224)) - SCM became leader
2022-02-20 11:35:19,489 [Listener at 127.0.0.1/34383] INFO  ozone.MiniOzoneClusterImpl (MiniOzoneClusterImpl.java:lambda$waitForClusterToBeReady$0(219)) - Nodes are ready. Got 3 of 3 DN Heartbeats.
2022-02-20 11:35:19,489 [Listener at 127.0.0.1/34383] INFO  ozone.MiniOzoneClusterImpl (MiniOzoneClusterImpl.java:lambda$waitForClusterToBeReady$0(222)) - Waiting for cluster to exit safe mode
2022-02-20 11:35:19,489 [Listener at 127.0.0.1/34383] INFO  ozone.MiniOzoneClusterImpl (MiniOzoneClusterImpl.java:lambda$waitForClusterToBeReady$0(224)) - SCM became leader
2022-02-20 11:35:20,490 [Listener at 127.0.0.1/34383] INFO  ozone.MiniOzoneClusterImpl (MiniOzoneClusterImpl.java:lambda$waitForClusterToBeReady$0(219)) - Nodes are ready. Got 3 of 3 DN Heartbeats.
2022-02-20 11:35:20,490 [Listener at 127.0.0.1/34383] INFO  ozone.MiniOzoneClusterImpl (MiniOzoneClusterImpl.java:lambda$waitForClusterToBeReady$0(222)) - Waiting for cluster to exit safe mode
2022-02-20 11:35:20,490 [Listener at 127.0.0.1/34383] INFO  ozone.MiniOzoneClusterImpl (MiniOzoneClusterImpl.java:lambda$waitForClusterToBeReady$0(224)) - SCM became leader
2022-02-20 11:35:21,492 [Listener at 127.0.0.1/34383] INFO  ozone.MiniOzoneClusterImpl (MiniOzoneClusterImpl.java:lambda$waitForClusterToBeReady$0(219)) - Nodes are ready. Got 3 of 3 DN Heartbeats.
2022-02-20 11:35:21,493 [Listener at 127.0.0.1/34383] INFO  ozone.MiniOzoneClusterImpl (MiniOzoneClusterImpl.java:lambda$waitForClusterToBeReady$0(222)) - Waiting for cluster to exit safe mode
2022-02-20 11:35:21,493 [Listener at 127.0.0.1/34383] INFO  ozone.MiniOzoneClusterImpl (MiniOzoneClusterImpl.java:lambda$waitForClusterToBeReady$0(224)) - SCM became leader
2022-02-20 11:35:21,826 [2d03a53d-46d4-463d-bb09-340522a9c0f9@group-BBF4AD563052-FollowerState] INFO  impl.FollowerState (FollowerState.java:run(134)) - 2d03a53d-46d4-463d-bb09-340522a9c0f9@group-BBF4AD563052-FollowerState: change to CANDIDATE, lastRpcElapsedTime:5046412112ns, electionTimeout:5039ms
2022-02-20 11:35:21,826 [2d03a53d-46d4-463d-bb09-340522a9c0f9@group-BBF4AD563052-FollowerState] INFO  impl.RoleInfo (RoleInfo.java:shutdownFollowerState(108)) - 2d03a53d-46d4-463d-bb09-340522a9c0f9: shutdown 2d03a53d-46d4-463d-bb09-340522a9c0f9@group-BBF4AD563052-FollowerState
2022-02-20 11:35:21,826 [2d03a53d-46d4-463d-bb09-340522a9c0f9@group-BBF4AD563052-FollowerState] INFO  server.RaftServer$Division (RaftServerImpl.java:setRole(290)) - 2d03a53d-46d4-463d-bb09-340522a9c0f9@group-BBF4AD563052: changes role from  FOLLOWER to CANDIDATE at term 0 for changeToCandidate
2022-02-20 11:35:21,826 [2d03a53d-46d4-463d-bb09-340522a9c0f9@group-BBF4AD563052-FollowerState] INFO  server.RaftServerConfigKeys (ConfUtils.java:logGet(44)) - raft.server.leaderelection.pre-vote = false (custom)
2022-02-20 11:35:21,826 [2d03a53d-46d4-463d-bb09-340522a9c0f9@group-BBF4AD563052-FollowerState] INFO  impl.RoleInfo (RoleInfo.java:updateAndGet(130)) - 2d03a53d-46d4-463d-bb09-340522a9c0f9: start 2d03a53d-46d4-463d-bb09-340522a9c0f9@group-BBF4AD563052-LeaderElection55
2022-02-20 11:35:21,873 [2d03a53d-46d4-463d-bb09-340522a9c0f9@group-BBF4AD563052-LeaderElection55] INFO  impl.LeaderElection (LeaderElection.java:askForVotes(306)) - 2d03a53d-46d4-463d-bb09-340522a9c0f9@group-BBF4AD563052-LeaderElection55 ELECTION round 0: submit vote requests at term 1 for -1: [b8fdba17-8d93-448f-ac2b-c9170093642a|rpc:10.1.0.4:42573|priority:1, 2d03a53d-46d4-463d-bb09-340522a9c0f9|rpc:10.1.0.4:36421|priority:0, 5b575dfa-70dc-4a83-a3ea-105d5dbe372d|rpc:10.1.0.4:41217|priority:0], old=null
2022-02-20 11:35:21,892 [2d03a53d-46d4-463d-bb09-340522a9c0f9@group-1B6214CB4F9D-FollowerState] INFO  impl.FollowerState (FollowerState.java:run(134)) - 2d03a53d-46d4-463d-bb09-340522a9c0f9@group-1B6214CB4F9D-FollowerState: change to CANDIDATE, lastRpcElapsedTime:5143644090ns, electionTimeout:5141ms
2022-02-20 11:35:21,892 [2d03a53d-46d4-463d-bb09-340522a9c0f9@group-1B6214CB4F9D-FollowerState] INFO  impl.RoleInfo (RoleInfo.java:shutdownFollowerState(108)) - 2d03a53d-46d4-463d-bb09-340522a9c0f9: shutdown 2d03a53d-46d4-463d-bb09-340522a9c0f9@group-1B6214CB4F9D-FollowerState
2022-02-20 11:35:21,892 [2d03a53d-46d4-463d-bb09-340522a9c0f9@group-1B6214CB4F9D-FollowerState] INFO  server.RaftServer$Division (RaftServerImpl.java:setRole(290)) - 2d03a53d-46d4-463d-bb09-340522a9c0f9@group-1B6214CB4F9D: changes role from  FOLLOWER to CANDIDATE at term 0 for changeToCandidate
2022-02-20 11:35:21,892 [2d03a53d-46d4-463d-bb09-340522a9c0f9@group-1B6214CB4F9D-FollowerState] INFO  server.RaftServerConfigKeys (ConfUtils.java:logGet(44)) - raft.server.leaderelection.pre-vote = false (custom)
2022-02-20 11:35:21,892 [2d03a53d-46d4-463d-bb09-340522a9c0f9@group-1B6214CB4F9D-FollowerState] INFO  impl.RoleInfo (RoleInfo.java:updateAndGet(130)) - 2d03a53d-46d4-463d-bb09-340522a9c0f9: start 2d03a53d-46d4-463d-bb09-340522a9c0f9@group-1B6214CB4F9D-LeaderElection56
2022-02-20 11:35:21,927 [grpc-default-executor-6] INFO  server.RaftServer$Division (RaftServerImpl.java:requestVote(1046)) - 5b575dfa-70dc-4a83-a3ea-105d5dbe372d@group-BBF4AD563052: receive requestVote(ELECTION, 2d03a53d-46d4-463d-bb09-340522a9c0f9, group-BBF4AD563052, 1, (t:0, i:0))
2022-02-20 11:35:21,927 [grpc-default-executor-6] INFO  impl.VoteContext (VoteContext.java:log(48)) - 5b575dfa-70dc-4a83-a3ea-105d5dbe372d@group-BBF4AD563052-FOLLOWER: accept ELECTION from 2d03a53d-46d4-463d-bb09-340522a9c0f9: our priority 0 <= candidate's priority 0
2022-02-20 11:35:21,927 [grpc-default-executor-6] INFO  server.RaftServer$Division (RaftServerImpl.java:setRole(290)) - 5b575dfa-70dc-4a83-a3ea-105d5dbe372d@group-BBF4AD563052: changes role from  FOLLOWER to FOLLOWER at term 1 for candidate:2d03a53d-46d4-463d-bb09-340522a9c0f9
2022-02-20 11:35:21,927 [grpc-default-executor-6] INFO  impl.RoleInfo (RoleInfo.java:shutdownFollowerState(108)) - 5b575dfa-70dc-4a83-a3ea-105d5dbe372d: shutdown 5b575dfa-70dc-4a83-a3ea-105d5dbe372d@group-BBF4AD563052-FollowerState
2022-02-20 11:35:21,927 [grpc-default-executor-6] INFO  impl.RoleInfo (RoleInfo.java:updateAndGet(130)) - 5b575dfa-70dc-4a83-a3ea-105d5dbe372d: start 5b575dfa-70dc-4a83-a3ea-105d5dbe372d@group-BBF4AD563052-FollowerState
2022-02-20 11:35:21,934 [2d03a53d-46d4-463d-bb09-340522a9c0f9@group-1B6214CB4F9D-LeaderElection56] INFO  impl.LeaderElection (LeaderElection.java:askForVotes(306)) - 2d03a53d-46d4-463d-bb09-340522a9c0f9@group-1B6214CB4F9D-LeaderElection56 ELECTION round 0: submit vote requests at term 1 for -1: [2d03a53d-46d4-463d-bb09-340522a9c0f9|rpc:10.1.0.4:36421|priority:1], old=null
2022-02-20 11:35:21,934 [2d03a53d-46d4-463d-bb09-340522a9c0f9@group-1B6214CB4F9D-LeaderElection56] INFO  impl.LeaderElection (LeaderElection.java:askForVotes(308)) - 2d03a53d-46d4-463d-bb09-340522a9c0f9@group-1B6214CB4F9D-LeaderElection56 ELECTION round 0: result PASSED (term=1)
2022-02-20 11:35:21,934 [2d03a53d-46d4-463d-bb09-340522a9c0f9@group-1B6214CB4F9D-LeaderElection56] INFO  impl.RoleInfo (RoleInfo.java:shutdownLeaderElection(121)) - 2d03a53d-46d4-463d-bb09-340522a9c0f9: shutdown 2d03a53d-46d4-463d-bb09-340522a9c0f9@group-1B6214CB4F9D-LeaderElection56
2022-02-20 11:35:21,934 [2d03a53d-46d4-463d-bb09-340522a9c0f9@group-1B6214CB4F9D-LeaderElection56] INFO  server.RaftServer$Division (RaftServerImpl.java:setRole(290)) - 2d03a53d-46d4-463d-bb09-340522a9c0f9@group-1B6214CB4F9D: changes role from CANDIDATE to LEADER at term 1 for changeToLeader
2022-02-20 11:35:21,934 [2d03a53d-46d4-463d-bb09-340522a9c0f9@group-1B6214CB4F9D-LeaderElection56] INFO  ratis.XceiverServerRatis (XceiverServerRatis.java:handleLeaderChangedNotification(867)) - Leader change notification received for group: group-1B6214CB4F9D with new leaderId: 2d03a53d-46d4-463d-bb09-340522a9c0f9
2022-02-20 11:35:21,934 [2d03a53d-46d4-463d-bb09-340522a9c0f9@group-1B6214CB4F9D-LeaderElection56] INFO  server.RaftServer$Division (ServerState.java:setLeader(285)) - 2d03a53d-46d4-463d-bb09-340522a9c0f9@group-1B6214CB4F9D: change Leader from null to 2d03a53d-46d4-463d-bb09-340522a9c0f9 at term 1 for becomeLeader, leader elected after 5204ms
2022-02-20 11:35:21,934 [2d03a53d-46d4-463d-bb09-340522a9c0f9@group-1B6214CB4F9D-LeaderElection56] INFO  server.RaftServerConfigKeys (ConfUtils.java:logGet(44)) - raft.server.staging.catchup.gap = 1000 (default)
2022-02-20 11:35:21,934 [2d03a53d-46d4-463d-bb09-340522a9c0f9@group-1B6214CB4F9D-LeaderElection56] INFO  server.RaftServerConfigKeys (ConfUtils.java:logGet(44)) - raft.server.write.element-limit = 1024 (custom)
2022-02-20 11:35:21,934 [2d03a53d-46d4-463d-bb09-340522a9c0f9@group-1B6214CB4F9D-LeaderElection56] INFO  server.RaftServerConfigKeys (ConfUtils.java:logGet(44)) - raft.server.write.byte-limit = 1024 M (=1073741824) (custom)
2022-02-20 11:35:21,935 [2d03a53d-46d4-463d-bb09-340522a9c0f9@group-1B6214CB4F9D-LeaderElection56] INFO  server.RaftServerConfigKeys (ConfUtils.java:logGet(44)) - raft.server.watch.timeout = 180s (custom)
2022-02-20 11:35:21,935 [2d03a53d-46d4-463d-bb09-340522a9c0f9@group-1B6214CB4F9D-LeaderElection56] INFO  server.RaftServerConfigKeys (ConfUtils.java:logGet(44)) - raft.server.watch.timeout.denomination = 1s (default)
2022-02-20 11:35:21,935 [2d03a53d-46d4-463d-bb09-340522a9c0f9@group-1B6214CB4F9D-LeaderElection56] INFO  server.RaftServerConfigKeys (ConfUtils.java:logGet(44)) - raft.server.watch.element-limit = 65536 (default)
2022-02-20 11:35:21,935 [2d03a53d-46d4-463d-bb09-340522a9c0f9@group-1B6214CB4F9D-LeaderElection56] INFO  server.RaftServerConfigKeys (ConfUtils.java:logGet(44)) - raft.server.write.element-limit = 1024 (custom)
2022-02-20 11:35:21,935 [2d03a53d-46d4-463d-bb09-340522a9c0f9@group-1B6214CB4F9D-LeaderElection56] INFO  server.RaftServerConfigKeys (ConfUtils.java:logGet(44)) - raft.server.write.follower.gap.ratio.max = -1.0 (default)
2022-02-20 11:35:21,935 [2d03a53d-46d4-463d-bb09-340522a9c0f9@group-1B6214CB4F9D-LeaderElection56] INFO  impl.RoleInfo (RoleInfo.java:updateAndGet(130)) - 2d03a53d-46d4-463d-bb09-340522a9c0f9: start 2d03a53d-46d4-463d-bb09-340522a9c0f9@group-1B6214CB4F9D-LeaderStateImpl
2022-02-20 11:35:21,935 [2d03a53d-46d4-463d-bb09-340522a9c0f9@group-1B6214CB4F9D-LeaderElection56] INFO  segmented.SegmentedRaftLogWorker (SegmentedRaftLogWorker.java:startLogSegment(394)) - 2d03a53d-46d4-463d-bb09-340522a9c0f9@group-1B6214CB4F9D-SegmentedRaftLogWorker: Starting segment from index:0
2022-02-20 11:35:21,938 [5b575dfa-70dc-4a83-a3ea-105d5dbe372d@group-BBF4AD563052-FollowerState] INFO  impl.FollowerState (FollowerState.java:run(143)) - 5b575dfa-70dc-4a83-a3ea-105d5dbe372d@group-BBF4AD563052-FollowerState was interrupted: {}
java.lang.InterruptedException: sleep interrupted
	at java.lang.Thread.sleep(Native Method)
	at java.lang.Thread.sleep(Thread.java:342)
	at java.util.concurrent.TimeUnit.sleep(TimeUnit.java:386)
	at org.apache.ratis.util.TimeDuration.sleep(TimeDuration.java:324)
	at org.apache.ratis.util.TimeDuration.sleep(TimeDuration.java:309)
	at org.apache.ratis.server.impl.FollowerState.run(FollowerState.java:118)
2022-02-20 11:35:21,939 [grpc-default-executor-6] INFO  server.RaftServer$Division (RaftServerImpl.java:requestVote(1078)) - 5b575dfa-70dc-4a83-a3ea-105d5dbe372d@group-BBF4AD563052 replies to ELECTION vote request: 2d03a53d-46d4-463d-bb09-340522a9c0f9<-5b575dfa-70dc-4a83-a3ea-105d5dbe372d#0:OK-t1. Peer's state: 5b575dfa-70dc-4a83-a3ea-105d5dbe372d@group-BBF4AD563052:t1, leader=null, voted=2d03a53d-46d4-463d-bb09-340522a9c0f9, raftlog=5b575dfa-70dc-4a83-a3ea-105d5dbe372d@group-BBF4AD563052-SegmentedRaftLog:OPENED:c-1, conf=-1: [b8fdba17-8d93-448f-ac2b-c9170093642a|rpc:10.1.0.4:42573|dataStream:|priority:1, 2d03a53d-46d4-463d-bb09-340522a9c0f9|rpc:10.1.0.4:36421|dataStream:|priority:0, 5b575dfa-70dc-4a83-a3ea-105d5dbe372d|rpc:10.1.0.4:41217|dataStream:|priority:0], old=null
2022-02-20 11:35:21,940 [EventQueue-OpenPipelineForHealthyPipelineSafeModeRule] INFO  safemode.SCMSafeModeManager (HealthyPipelineSafeModeRule.java:process(124)) - SCM in safe mode. Healthy pipelines reported count is 0, required healthy pipeline reported count is 1
2022-02-20 11:35:21,940 [2d03a53d-46d4-463d-bb09-340522a9c0f9@group-1B6214CB4F9D-SegmentedRaftLogWorker] INFO  segmented.SegmentedRaftLogWorker (SegmentedRaftLogWorker.java:execute(601)) - 2d03a53d-46d4-463d-bb09-340522a9c0f9@group-1B6214CB4F9D-SegmentedRaftLogWorker: created new log segment /home/runner/work/ozone/ozone/hadoop-ozone/integration-test/target/test-dir/MiniOzoneClusterImpl-ef7d9b18-b883-481c-b364-f8f997331ef1/datanode-0/data/ratis/c643546e-8c00-43c5-af70-1b6214cb4f9d/current/log_inprogress_0
2022-02-20 11:35:21,946 [grpc-default-executor-0] INFO  server.RaftServer$Division (RaftServerImpl.java:requestVote(1046)) - b8fdba17-8d93-448f-ac2b-c9170093642a@group-BBF4AD563052: receive requestVote(ELECTION, 2d03a53d-46d4-463d-bb09-340522a9c0f9, group-BBF4AD563052, 1, (t:0, i:0))
2022-02-20 11:35:21,946 [grpc-default-executor-0] INFO  impl.VoteContext (VoteContext.java:log(48)) - b8fdba17-8d93-448f-ac2b-c9170093642a@group-BBF4AD563052-FOLLOWER: reject ELECTION from 2d03a53d-46d4-463d-bb09-340522a9c0f9: our priority 1 > candidate's priority 0
2022-02-20 11:35:21,946 [grpc-default-executor-0] INFO  server.RaftServer$Division (RaftServerImpl.java:setRole(290)) - b8fdba17-8d93-448f-ac2b-c9170093642a@group-BBF4AD563052: changes role from  FOLLOWER to FOLLOWER at term 1 for candidate:2d03a53d-46d4-463d-bb09-340522a9c0f9
2022-02-20 11:35:21,946 [grpc-default-executor-0] INFO  impl.RoleInfo (RoleInfo.java:shutdownFollowerState(108)) - b8fdba17-8d93-448f-ac2b-c9170093642a: shutdown b8fdba17-8d93-448f-ac2b-c9170093642a@group-BBF4AD563052-FollowerState
2022-02-20 11:35:21,946 [grpc-default-executor-0] INFO  impl.RoleInfo (RoleInfo.java:updateAndGet(130)) - b8fdba17-8d93-448f-ac2b-c9170093642a: start b8fdba17-8d93-448f-ac2b-c9170093642a@group-BBF4AD563052-FollowerState
2022-02-20 11:35:21,946 [2d03a53d-46d4-463d-bb09-340522a9c0f9@group-1B6214CB4F9D-LeaderElection56] INFO  server.RaftServer$Division (ServerState.java:setRaftConf(387)) - 2d03a53d-46d4-463d-bb09-340522a9c0f9@group-1B6214CB4F9D: set configuration 0: [2d03a53d-46d4-463d-bb09-340522a9c0f9|rpc:10.1.0.4:36421|dataStream:|priority:1], old=null
2022-02-20 11:35:21,946 [b8fdba17-8d93-448f-ac2b-c9170093642a@group-BBF4AD563052-FollowerState] INFO  impl.FollowerState (FollowerState.java:run(143)) - b8fdba17-8d93-448f-ac2b-c9170093642a@group-BBF4AD563052-FollowerState was interrupted: {}
java.lang.InterruptedException: sleep interrupted
	at java.lang.Thread.sleep(Native Method)
	at java.lang.Thread.sleep(Thread.java:342)
	at java.util.concurrent.TimeUnit.sleep(TimeUnit.java:386)
	at org.apache.ratis.util.TimeDuration.sleep(TimeDuration.java:324)
	at org.apache.ratis.util.TimeDuration.sleep(TimeDuration.java:309)
	at org.apache.ratis.server.impl.FollowerState.run(FollowerState.java:118)
2022-02-20 11:35:21,950 [grpc-default-executor-0] INFO  server.RaftServer$Division (RaftServerImpl.java:requestVote(1078)) - b8fdba17-8d93-448f-ac2b-c9170093642a@group-BBF4AD563052 replies to ELECTION vote request: 2d03a53d-46d4-463d-bb09-340522a9c0f9<-b8fdba17-8d93-448f-ac2b-c9170093642a#0:FAIL-t1. Peer's state: b8fdba17-8d93-448f-ac2b-c9170093642a@group-BBF4AD563052:t1, leader=null, voted=null, raftlog=b8fdba17-8d93-448f-ac2b-c9170093642a@group-BBF4AD563052-SegmentedRaftLog:OPENED:c-1, conf=-1: [b8fdba17-8d93-448f-ac2b-c9170093642a|rpc:10.1.0.4:42573|dataStream:|priority:1, 2d03a53d-46d4-463d-bb09-340522a9c0f9|rpc:10.1.0.4:36421|dataStream:|priority:0, 5b575dfa-70dc-4a83-a3ea-105d5dbe372d|rpc:10.1.0.4:41217|dataStream:|priority:0], old=null
2022-02-20 11:35:21,965 [2d03a53d-46d4-463d-bb09-340522a9c0f9@group-BBF4AD563052-LeaderElection55] INFO  impl.LeaderElection (LeaderElection.java:logAndReturn(89)) - 2d03a53d-46d4-463d-bb09-340522a9c0f9@group-BBF4AD563052-LeaderElection55: ELECTION REJECTED received 2 response(s) and 0 exception(s):
2022-02-20 11:35:21,965 [2d03a53d-46d4-463d-bb09-340522a9c0f9@group-BBF4AD563052-LeaderElection55] INFO  impl.LeaderElection (LeaderElection.java:logAndReturn(93)) -   Response 0: 2d03a53d-46d4-463d-bb09-340522a9c0f9<-b8fdba17-8d93-448f-ac2b-c9170093642a#0:FAIL-t1
2022-02-20 11:35:21,965 [2d03a53d-46d4-463d-bb09-340522a9c0f9@group-BBF4AD563052-LeaderElection55] INFO  impl.LeaderElection (LeaderElection.java:logAndReturn(93)) -   Response 1: 2d03a53d-46d4-463d-bb09-340522a9c0f9<-5b575dfa-70dc-4a83-a3ea-105d5dbe372d#0:OK-t1
2022-02-20 11:35:21,965 [2d03a53d-46d4-463d-bb09-340522a9c0f9@group-BBF4AD563052-LeaderElection55] INFO  impl.LeaderElection (LeaderElection.java:askForVotes(308)) - 2d03a53d-46d4-463d-bb09-340522a9c0f9@group-BBF4AD563052-LeaderElection55 ELECTION round 0: result REJECTED
2022-02-20 11:35:21,965 [2d03a53d-46d4-463d-bb09-340522a9c0f9@group-BBF4AD563052-LeaderElection55] INFO  server.RaftServer$Division (RaftServerImpl.java:setRole(290)) - 2d03a53d-46d4-463d-bb09-340522a9c0f9@group-BBF4AD563052: changes role from CANDIDATE to FOLLOWER at term 1 for REJECTED
2022-02-20 11:35:21,965 [2d03a53d-46d4-463d-bb09-340522a9c0f9@group-BBF4AD563052-LeaderElection55] INFO  impl.RoleInfo (RoleInfo.java:shutdownLeaderElection(121)) - 2d03a53d-46d4-463d-bb09-340522a9c0f9: shutdown 2d03a53d-46d4-463d-bb09-340522a9c0f9@group-BBF4AD563052-LeaderElection55
2022-02-20 11:35:21,965 [2d03a53d-46d4-463d-bb09-340522a9c0f9@group-BBF4AD563052-LeaderElection55] INFO  impl.RoleInfo (RoleInfo.java:updateAndGet(130)) - 2d03a53d-46d4-463d-bb09-340522a9c0f9: start 2d03a53d-46d4-463d-bb09-340522a9c0f9@group-BBF4AD563052-FollowerState
2022-02-20 11:35:22,253 [2d03a53d-46d4-463d-bb09-340522a9c0f9@group-F08C7E998D85-FollowerState] INFO  impl.FollowerState (FollowerState.java:run(134)) - 2d03a53d-46d4-463d-bb09-340522a9c0f9@group-F08C7E998D85-FollowerState: change to CANDIDATE, lastRpcElapsedTime:5190654301ns, electionTimeout:5187ms
2022-02-20 11:35:22,257 [2d03a53d-46d4-463d-bb09-340522a9c0f9@group-F08C7E998D85-FollowerState] INFO  impl.RoleInfo (RoleInfo.java:shutdownFollowerState(108)) - 2d03a53d-46d4-463d-bb09-340522a9c0f9: shutdown 2d03a53d-46d4-463d-bb09-340522a9c0f9@group-F08C7E998D85-FollowerState
2022-02-20 11:35:22,257 [2d03a53d-46d4-463d-bb09-340522a9c0f9@group-F08C7E998D85-FollowerState] INFO  server.RaftServer$Division (RaftServerImpl.java:setRole(290)) - 2d03a53d-46d4-463d-bb09-340522a9c0f9@group-F08C7E998D85: changes role from  FOLLOWER to CANDIDATE at term 0 for changeToCandidate
2022-02-20 11:35:22,257 [2d03a53d-46d4-463d-bb09-340522a9c0f9@group-F08C7E998D85-FollowerState] INFO  server.RaftServerConfigKeys (ConfUtils.java:logGet(44)) - raft.server.leaderelection.pre-vote = false (custom)
2022-02-20 11:35:22,257 [2d03a53d-46d4-463d-bb09-340522a9c0f9@group-F08C7E998D85-FollowerState] INFO  impl.RoleInfo (RoleInfo.java:updateAndGet(130)) - 2d03a53d-46d4-463d-bb09-340522a9c0f9: start 2d03a53d-46d4-463d-bb09-340522a9c0f9@group-F08C7E998D85-LeaderElection57
2022-02-20 11:35:22,257 [b8fdba17-8d93-448f-ac2b-c9170093642a@group-F08C7E998D85-FollowerState] INFO  impl.FollowerState (FollowerState.java:run(134)) - b8fdba17-8d93-448f-ac2b-c9170093642a@group-F08C7E998D85-FollowerState: change to CANDIDATE, lastRpcElapsedTime:5094961140ns, electionTimeout:5094ms
2022-02-20 11:35:22,257 [b8fdba17-8d93-448f-ac2b-c9170093642a@group-F08C7E998D85-FollowerState] INFO  impl.RoleInfo (RoleInfo.java:shutdownFollowerState(108)) - b8fdba17-8d93-448f-ac2b-c9170093642a: shutdown b8fdba17-8d93-448f-ac2b-c9170093642a@group-F08C7E998D85-FollowerState
2022-02-20 11:35:22,257 [b8fdba17-8d93-448f-ac2b-c9170093642a@group-F08C7E998D85-FollowerState] INFO  server.RaftServer$Division (RaftServerImpl.java:setRole(290)) - b8fdba17-8d93-448f-ac2b-c9170093642a@group-F08C7E998D85: changes role from  FOLLOWER to CANDIDATE at term 0 for changeToCandidate
2022-02-20 11:35:22,273 [b8fdba17-8d93-448f-ac2b-c9170093642a@group-F08C7E998D85-FollowerState] INFO  server.RaftServerConfigKeys (ConfUtils.java:logGet(44)) - raft.server.leaderelection.pre-vote = false (custom)
2022-02-20 11:35:22,273 [b8fdba17-8d93-448f-ac2b-c9170093642a@group-F08C7E998D85-FollowerState] INFO  impl.RoleInfo (RoleInfo.java:updateAndGet(130)) - b8fdba17-8d93-448f-ac2b-c9170093642a: start b8fdba17-8d93-448f-ac2b-c9170093642a@group-F08C7E998D85-LeaderElection58
2022-02-20 11:35:22,294 [b8fdba17-8d93-448f-ac2b-c9170093642a@group-7855AF18B3F7-FollowerState] INFO  impl.FollowerState (FollowerState.java:run(134)) - b8fdba17-8d93-448f-ac2b-c9170093642a@group-7855AF18B3F7-FollowerState: change to CANDIDATE, lastRpcElapsedTime:5212571243ns, electionTimeout:5166ms
2022-02-20 11:35:22,294 [b8fdba17-8d93-448f-ac2b-c9170093642a@group-7855AF18B3F7-FollowerState] INFO  impl.RoleInfo (RoleInfo.java:shutdownFollowerState(108)) - b8fdba17-8d93-448f-ac2b-c9170093642a: shutdown b8fdba17-8d93-448f-ac2b-c9170093642a@group-7855AF18B3F7-FollowerState
2022-02-20 11:35:22,294 [b8fdba17-8d93-448f-ac2b-c9170093642a@group-7855AF18B3F7-FollowerState] INFO  server.RaftServer$Division (RaftServerImpl.java:setRole(290)) - b8fdba17-8d93-448f-ac2b-c9170093642a@group-7855AF18B3F7: changes role from  FOLLOWER to CANDIDATE at term 0 for changeToCandidate
2022-02-20 11:35:22,295 [b8fdba17-8d93-448f-ac2b-c9170093642a@group-7855AF18B3F7-FollowerState] INFO  server.RaftServerConfigKeys (ConfUtils.java:logGet(44)) - raft.server.leaderelection.pre-vote = false (custom)
2022-02-20 11:35:22,295 [b8fdba17-8d93-448f-ac2b-c9170093642a@group-7855AF18B3F7-FollowerState] INFO  impl.RoleInfo (RoleInfo.java:updateAndGet(130)) - b8fdba17-8d93-448f-ac2b-c9170093642a: start b8fdba17-8d93-448f-ac2b-c9170093642a@group-7855AF18B3F7-LeaderElection59
2022-02-20 11:35:22,322 [2d03a53d-46d4-463d-bb09-340522a9c0f9@group-F08C7E998D85-LeaderElection57] INFO  impl.LeaderElection (LeaderElection.java:askForVotes(306)) - 2d03a53d-46d4-463d-bb09-340522a9c0f9@group-F08C7E998D85-LeaderElection57 ELECTION round 0: submit vote requests at term 1 for -1: [b8fdba17-8d93-448f-ac2b-c9170093642a|rpc:10.1.0.4:42573|priority:0, 2d03a53d-46d4-463d-bb09-340522a9c0f9|rpc:10.1.0.4:36421|priority:0, 5b575dfa-70dc-4a83-a3ea-105d5dbe372d|rpc:10.1.0.4:41217|priority:1], old=null
2022-02-20 11:35:22,345 [grpc-default-executor-0] INFO  server.RaftServer$Division (RaftServerImpl.java:requestVote(1046)) - b8fdba17-8d93-448f-ac2b-c9170093642a@group-F08C7E998D85: receive requestVote(ELECTION, 2d03a53d-46d4-463d-bb09-340522a9c0f9, group-F08C7E998D85, 1, (t:0, i:0))
2022-02-20 11:35:22,350 [b8fdba17-8d93-448f-ac2b-c9170093642a@group-7855AF18B3F7-LeaderElection59] INFO  impl.LeaderElection (LeaderElection.java:askForVotes(306)) - b8fdba17-8d93-448f-ac2b-c9170093642a@group-7855AF18B3F7-LeaderElection59 ELECTION round 0: submit vote requests at term 1 for -1: [b8fdba17-8d93-448f-ac2b-c9170093642a|rpc:10.1.0.4:42573|priority:1], old=null
2022-02-20 11:35:22,350 [b8fdba17-8d93-448f-ac2b-c9170093642a@group-7855AF18B3F7-LeaderElection59] INFO  impl.LeaderElection (LeaderElection.java:askForVotes(308)) - b8fdba17-8d93-448f-ac2b-c9170093642a@group-7855AF18B3F7-LeaderElection59 ELECTION round 0: result PASSED (term=1)
2022-02-20 11:35:22,350 [b8fdba17-8d93-448f-ac2b-c9170093642a@group-7855AF18B3F7-LeaderElection59] INFO  impl.RoleInfo (RoleInfo.java:shutdownLeaderElection(121)) - b8fdba17-8d93-448f-ac2b-c9170093642a: shutdown b8fdba17-8d93-448f-ac2b-c9170093642a@group-7855AF18B3F7-LeaderElection59
2022-02-20 11:35:22,350 [b8fdba17-8d93-448f-ac2b-c9170093642a@group-7855AF18B3F7-LeaderElection59] INFO  server.RaftServer$Division (RaftServerImpl.java:setRole(290)) - b8fdba17-8d93-448f-ac2b-c9170093642a@group-7855AF18B3F7: changes role from CANDIDATE to LEADER at term 1 for changeToLeader
2022-02-20 11:35:22,350 [b8fdba17-8d93-448f-ac2b-c9170093642a@group-7855AF18B3F7-LeaderElection59] INFO  ratis.XceiverServerRatis (XceiverServerRatis.java:handleLeaderChangedNotification(867)) - Leader change notification received for group: group-7855AF18B3F7 with new leaderId: b8fdba17-8d93-448f-ac2b-c9170093642a
2022-02-20 11:35:22,350 [b8fdba17-8d93-448f-ac2b-c9170093642a@group-7855AF18B3F7-LeaderElection59] INFO  server.RaftServer$Division (ServerState.java:setLeader(285)) - b8fdba17-8d93-448f-ac2b-c9170093642a@group-7855AF18B3F7: change Leader from null to b8fdba17-8d93-448f-ac2b-c9170093642a at term 1 for becomeLeader, leader elected after 5303ms
2022-02-20 11:35:22,350 [b8fdba17-8d93-448f-ac2b-c9170093642a@group-7855AF18B3F7-LeaderElection59] INFO  server.RaftServerConfigKeys (ConfUtils.java:logGet(44)) - raft.server.staging.catchup.gap = 1000 (default)
2022-02-20 11:35:22,350 [b8fdba17-8d93-448f-ac2b-c9170093642a@group-7855AF18B3F7-LeaderElection59] INFO  server.RaftServerConfigKeys (ConfUtils.java:logGet(44)) - raft.server.write.element-limit = 1024 (custom)
2022-02-20 11:35:22,350 [b8fdba17-8d93-448f-ac2b-c9170093642a@group-7855AF18B3F7-LeaderElection59] INFO  server.RaftServerConfigKeys (ConfUtils.java:logGet(44)) - raft.server.write.byte-limit = 1024 M (=1073741824) (custom)
2022-02-20 11:35:22,351 [b8fdba17-8d93-448f-ac2b-c9170093642a@group-7855AF18B3F7-LeaderElection59] INFO  server.RaftServerConfigKeys (ConfUtils.java:logGet(44)) - raft.server.watch.timeout = 180s (custom)
2022-02-20 11:35:22,351 [b8fdba17-8d93-448f-ac2b-c9170093642a@group-7855AF18B3F7-LeaderElection59] INFO  server.RaftServerConfigKeys (ConfUtils.java:logGet(44)) - raft.server.watch.timeout.denomination = 1s (default)
2022-02-20 11:35:22,351 [b8fdba17-8d93-448f-ac2b-c9170093642a@group-7855AF18B3F7-LeaderElection59] INFO  server.RaftServerConfigKeys (ConfUtils.java:logGet(44)) - raft.server.watch.element-limit = 65536 (default)
2022-02-20 11:35:22,351 [b8fdba17-8d93-448f-ac2b-c9170093642a@group-7855AF18B3F7-LeaderElection59] INFO  server.RaftServerConfigKeys (ConfUtils.java:logGet(44)) - raft.server.write.element-limit = 1024 (custom)
2022-02-20 11:35:22,351 [b8fdba17-8d93-448f-ac2b-c9170093642a@group-7855AF18B3F7-LeaderElection59] INFO  server.RaftServerConfigKeys (ConfUtils.java:logGet(44)) - raft.server.write.follower.gap.ratio.max = -1.0 (default)
2022-02-20 11:35:22,351 [b8fdba17-8d93-448f-ac2b-c9170093642a@group-7855AF18B3F7-LeaderElection59] INFO  impl.RoleInfo (RoleInfo.java:updateAndGet(130)) - b8fdba17-8d93-448f-ac2b-c9170093642a: start b8fdba17-8d93-448f-ac2b-c9170093642a@group-7855AF18B3F7-LeaderStateImpl
2022-02-20 11:35:22,351 [b8fdba17-8d93-448f-ac2b-c9170093642a@group-7855AF18B3F7-LeaderElection59] INFO  segmented.SegmentedRaftLogWorker (SegmentedRaftLogWorker.java:startLogSegment(394)) - b8fdba17-8d93-448f-ac2b-c9170093642a@group-7855AF18B3F7-SegmentedRaftLogWorker: Starting segment from index:0
2022-02-20 11:35:22,355 [b8fdba17-8d93-448f-ac2b-c9170093642a@group-7855AF18B3F7-SegmentedRaftLogWorker] INFO  segmented.SegmentedRaftLogWorker (SegmentedRaftLogWorker.java:execute(601)) - b8fdba17-8d93-448f-ac2b-c9170093642a@group-7855AF18B3F7-SegmentedRaftLogWorker: created new log segment /home/runner/work/ozone/ozone/hadoop-ozone/integration-test/target/test-dir/MiniOzoneClusterImpl-ef7d9b18-b883-481c-b364-f8f997331ef1/datanode-1/data/ratis/dc30ef09-880c-4b07-8b3e-7855af18b3f7/current/log_inprogress_0
2022-02-20 11:35:22,359 [b8fdba17-8d93-448f-ac2b-c9170093642a@group-7855AF18B3F7-LeaderElection59] INFO  server.RaftServer$Division (ServerState.java:setRaftConf(387)) - b8fdba17-8d93-448f-ac2b-c9170093642a@group-7855AF18B3F7: set configuration 0: [b8fdba17-8d93-448f-ac2b-c9170093642a|rpc:10.1.0.4:42573|dataStream:|priority:1], old=null
2022-02-20 11:35:22,362 [b8fdba17-8d93-448f-ac2b-c9170093642a@group-F08C7E998D85-LeaderElection58] INFO  impl.LeaderElection (LeaderElection.java:askForVotes(306)) - b8fdba17-8d93-448f-ac2b-c9170093642a@group-F08C7E998D85-LeaderElection58 ELECTION round 0: submit vote requests at term 1 for -1: [b8fdba17-8d93-448f-ac2b-c9170093642a|rpc:10.1.0.4:42573|dataStream:|priority:0, 2d03a53d-46d4-463d-bb09-340522a9c0f9|rpc:10.1.0.4:36421|dataStream:|priority:0, 5b575dfa-70dc-4a83-a3ea-105d5dbe372d|rpc:10.1.0.4:41217|dataStream:|priority:1], old=null
2022-02-20 11:35:22,363 [grpc-default-executor-0] INFO  impl.VoteContext (VoteContext.java:log(48)) - b8fdba17-8d93-448f-ac2b-c9170093642a@group-F08C7E998D85-CANDIDATE: reject ELECTION from 2d03a53d-46d4-463d-bb09-340522a9c0f9: already has voted for b8fdba17-8d93-448f-ac2b-c9170093642a at current term 1
2022-02-20 11:35:22,363 [grpc-default-executor-0] INFO  server.RaftServer$Division (RaftServerImpl.java:requestVote(1078)) - b8fdba17-8d93-448f-ac2b-c9170093642a@group-F08C7E998D85 replies to ELECTION vote request: 2d03a53d-46d4-463d-bb09-340522a9c0f9<-b8fdba17-8d93-448f-ac2b-c9170093642a#0:FAIL-t1. Peer's state: b8fdba17-8d93-448f-ac2b-c9170093642a@group-F08C7E998D85:t1, leader=null, voted=b8fdba17-8d93-448f-ac2b-c9170093642a, raftlog=b8fdba17-8d93-448f-ac2b-c9170093642a@group-F08C7E998D85-SegmentedRaftLog:OPENED:c-1, conf=-1: [b8fdba17-8d93-448f-ac2b-c9170093642a|rpc:10.1.0.4:42573|dataStream:|priority:0, 2d03a53d-46d4-463d-bb09-340522a9c0f9|rpc:10.1.0.4:36421|dataStream:|priority:0, 5b575dfa-70dc-4a83-a3ea-105d5dbe372d|rpc:10.1.0.4:41217|dataStream:|priority:1], old=null
2022-02-20 11:35:22,373 [EventQueue-OpenPipelineForHealthyPipelineSafeModeRule] INFO  safemode.SCMSafeModeManager (HealthyPipelineSafeModeRule.java:process(124)) - SCM in safe mode. Healthy pipelines reported count is 0, required healthy pipeline reported count is 1
2022-02-20 11:35:22,379 [grpc-default-executor-6] INFO  server.RaftServer$Division (RaftServerImpl.java:requestVote(1046)) - 5b575dfa-70dc-4a83-a3ea-105d5dbe372d@group-F08C7E998D85: receive requestVote(ELECTION, 2d03a53d-46d4-463d-bb09-340522a9c0f9, group-F08C7E998D85, 1, (t:0, i:0))
2022-02-20 11:35:22,399 [grpc-default-executor-6] INFO  impl.VoteContext (VoteContext.java:log(48)) - 5b575dfa-70dc-4a83-a3ea-105d5dbe372d@group-F08C7E998D85-FOLLOWER: reject ELECTION from 2d03a53d-46d4-463d-bb09-340522a9c0f9: our priority 1 > candidate's priority 0
2022-02-20 11:35:22,399 [grpc-default-executor-6] INFO  server.RaftServer$Division (RaftServerImpl.java:setRole(290)) - 5b575dfa-70dc-4a83-a3ea-105d5dbe372d@group-F08C7E998D85: changes role from  FOLLOWER to FOLLOWER at term 1 for candidate:2d03a53d-46d4-463d-bb09-340522a9c0f9
2022-02-20 11:35:22,399 [grpc-default-executor-6] INFO  impl.RoleInfo (RoleInfo.java:shutdownFollowerState(108)) - 5b575dfa-70dc-4a83-a3ea-105d5dbe372d: shutdown 5b575dfa-70dc-4a83-a3ea-105d5dbe372d@group-F08C7E998D85-FollowerState
2022-02-20 11:35:22,399 [grpc-default-executor-6] INFO  impl.RoleInfo (RoleInfo.java:updateAndGet(130)) - 5b575dfa-70dc-4a83-a3ea-105d5dbe372d: start 5b575dfa-70dc-4a83-a3ea-105d5dbe372d@group-F08C7E998D85-FollowerState
2022-02-20 11:35:22,400 [5b575dfa-70dc-4a83-a3ea-105d5dbe372d@group-F08C7E998D85-FollowerState] INFO  impl.FollowerState (FollowerState.java:run(143)) - 5b575dfa-70dc-4a83-a3ea-105d5dbe372d@group-F08C7E998D85-FollowerState was interrupted: {}
java.lang.InterruptedException: sleep interrupted
	at java.lang.Thread.sleep(Native Method)
	at java.lang.Thread.sleep(Thread.java:342)
	at java.util.concurrent.TimeUnit.sleep(TimeUnit.java:386)
	at org.apache.ratis.util.TimeDuration.sleep(TimeDuration.java:324)
	at org.apache.ratis.util.TimeDuration.sleep(TimeDuration.java:309)
	at org.apache.ratis.server.impl.FollowerState.run(FollowerState.java:118)
2022-02-20 11:35:22,403 [grpc-default-executor-6] INFO  server.RaftServer$Division (RaftServerImpl.java:requestVote(1078)) - 5b575dfa-70dc-4a83-a3ea-105d5dbe372d@group-F08C7E998D85 replies to ELECTION vote request: 2d03a53d-46d4-463d-bb09-340522a9c0f9<-5b575dfa-70dc-4a83-a3ea-105d5dbe372d#0:FAIL-t1. Peer's state: 5b575dfa-70dc-4a83-a3ea-105d5dbe372d@group-F08C7E998D85:t1, leader=null, voted=null, raftlog=5b575dfa-70dc-4a83-a3ea-105d5dbe372d@group-F08C7E998D85-SegmentedRaftLog:OPENED:c-1, conf=-1: [b8fdba17-8d93-448f-ac2b-c9170093642a|rpc:10.1.0.4:42573|dataStream:|priority:0, 2d03a53d-46d4-463d-bb09-340522a9c0f9|rpc:10.1.0.4:36421|dataStream:|priority:0, 5b575dfa-70dc-4a83-a3ea-105d5dbe372d|rpc:10.1.0.4:41217|dataStream:|priority:1], old=null
2022-02-20 11:35:22,417 [2d03a53d-46d4-463d-bb09-340522a9c0f9@group-F08C7E998D85-LeaderElection57] INFO  impl.LeaderElection (LeaderElection.java:logAndReturn(89)) - 2d03a53d-46d4-463d-bb09-340522a9c0f9@group-F08C7E998D85-LeaderElection57: ELECTION REJECTED received 2 response(s) and 0 exception(s):
2022-02-20 11:35:22,417 [2d03a53d-46d4-463d-bb09-340522a9c0f9@group-F08C7E998D85-LeaderElection57] INFO  impl.LeaderElection (LeaderElection.java:logAndReturn(93)) -   Response 0: 2d03a53d-46d4-463d-bb09-340522a9c0f9<-b8fdba17-8d93-448f-ac2b-c9170093642a#0:FAIL-t1
2022-02-20 11:35:22,417 [2d03a53d-46d4-463d-bb09-340522a9c0f9@group-F08C7E998D85-LeaderElection57] INFO  impl.LeaderElection (LeaderElection.java:logAndReturn(93)) -   Response 1: 2d03a53d-46d4-463d-bb09-340522a9c0f9<-5b575dfa-70dc-4a83-a3ea-105d5dbe372d#0:FAIL-t1
2022-02-20 11:35:22,417 [2d03a53d-46d4-463d-bb09-340522a9c0f9@group-F08C7E998D85-LeaderElection57] INFO  impl.LeaderElection (LeaderElection.java:askForVotes(308)) - 2d03a53d-46d4-463d-bb09-340522a9c0f9@group-F08C7E998D85-LeaderElection57 ELECTION round 0: result REJECTED
2022-02-20 11:35:22,418 [2d03a53d-46d4-463d-bb09-340522a9c0f9@group-F08C7E998D85-LeaderElection57] INFO  server.RaftServer$Division (RaftServerImpl.java:setRole(290)) - 2d03a53d-46d4-463d-bb09-340522a9c0f9@group-F08C7E998D85: changes role from CANDIDATE to FOLLOWER at term 1 for REJECTED
2022-02-20 11:35:22,418 [2d03a53d-46d4-463d-bb09-340522a9c0f9@group-F08C7E998D85-LeaderElection57] INFO  impl.RoleInfo (RoleInfo.java:shutdownLeaderElection(121)) - 2d03a53d-46d4-463d-bb09-340522a9c0f9: shutdown 2d03a53d-46d4-463d-bb09-340522a9c0f9@group-F08C7E998D85-LeaderElection57
2022-02-20 11:35:22,418 [2d03a53d-46d4-463d-bb09-340522a9c0f9@group-F08C7E998D85-LeaderElection57] INFO  impl.RoleInfo (RoleInfo.java:updateAndGet(130)) - 2d03a53d-46d4-463d-bb09-340522a9c0f9: start 2d03a53d-46d4-463d-bb09-340522a9c0f9@group-F08C7E998D85-FollowerState
2022-02-20 11:35:22,438 [grpc-default-executor-4] INFO  server.RaftServer$Division (RaftServerImpl.java:requestVote(1046)) - 5b575dfa-70dc-4a83-a3ea-105d5dbe372d@group-F08C7E998D85: receive requestVote(ELECTION, b8fdba17-8d93-448f-ac2b-c9170093642a, group-F08C7E998D85, 1, (t:0, i:0))
2022-02-20 11:35:22,450 [grpc-default-executor-0] INFO  server.RaftServer$Division (RaftServerImpl.java:requestVote(1046)) - 2d03a53d-46d4-463d-bb09-340522a9c0f9@group-F08C7E998D85: receive requestVote(ELECTION, b8fdba17-8d93-448f-ac2b-c9170093642a, group-F08C7E998D85, 1, (t:0, i:0))
2022-02-20 11:35:22,450 [grpc-default-executor-0] INFO  impl.VoteContext (VoteContext.java:log(48)) - 2d03a53d-46d4-463d-bb09-340522a9c0f9@group-F08C7E998D85-FOLLOWER: reject ELECTION from b8fdba17-8d93-448f-ac2b-c9170093642a: already has voted for 2d03a53d-46d4-463d-bb09-340522a9c0f9 at current term 1
2022-02-20 11:35:22,450 [grpc-default-executor-0] INFO  server.RaftServer$Division (RaftServerImpl.java:requestVote(1078)) - 2d03a53d-46d4-463d-bb09-340522a9c0f9@group-F08C7E998D85 replies to ELECTION vote request: b8fdba17-8d93-448f-ac2b-c9170093642a<-2d03a53d-46d4-463d-bb09-340522a9c0f9#0:FAIL-t1. Peer's state: 2d03a53d-46d4-463d-bb09-340522a9c0f9@group-F08C7E998D85:t1, leader=null, voted=2d03a53d-46d4-463d-bb09-340522a9c0f9, raftlog=2d03a53d-46d4-463d-bb09-340522a9c0f9@group-F08C7E998D85-SegmentedRaftLog:OPENED:c-1, conf=-1: [b8fdba17-8d93-448f-ac2b-c9170093642a|rpc:10.1.0.4:42573|priority:0, 2d03a53d-46d4-463d-bb09-340522a9c0f9|rpc:10.1.0.4:36421|priority:0, 5b575dfa-70dc-4a83-a3ea-105d5dbe372d|rpc:10.1.0.4:41217|priority:1], old=null
2022-02-20 11:35:22,451 [grpc-default-executor-4] INFO  impl.VoteContext (VoteContext.java:log(48)) - 5b575dfa-70dc-4a83-a3ea-105d5dbe372d@group-F08C7E998D85-FOLLOWER: reject ELECTION from b8fdba17-8d93-448f-ac2b-c9170093642a: our priority 1 > candidate's priority 0
2022-02-20 11:35:22,451 [grpc-default-executor-4] INFO  server.RaftServer$Division (RaftServerImpl.java:setRole(290)) - 5b575dfa-70dc-4a83-a3ea-105d5dbe372d@group-F08C7E998D85: changes role from  FOLLOWER to FOLLOWER at term 1 for candidate:b8fdba17-8d93-448f-ac2b-c9170093642a
2022-02-20 11:35:22,451 [grpc-default-executor-4] INFO  impl.RoleInfo (RoleInfo.java:shutdownFollowerState(108)) - 5b575dfa-70dc-4a83-a3ea-105d5dbe372d: shutdown 5b575dfa-70dc-4a83-a3ea-105d5dbe372d@group-F08C7E998D85-FollowerState
2022-02-20 11:35:22,451 [grpc-default-executor-4] INFO  impl.RoleInfo (RoleInfo.java:updateAndGet(130)) - 5b575dfa-70dc-4a83-a3ea-105d5dbe372d: start 5b575dfa-70dc-4a83-a3ea-105d5dbe372d@group-F08C7E998D85-FollowerState
2022-02-20 11:35:22,451 [5b575dfa-70dc-4a83-a3ea-105d5dbe372d@group-F08C7E998D85-FollowerState] INFO  impl.FollowerState (FollowerState.java:run(143)) - 5b575dfa-70dc-4a83-a3ea-105d5dbe372d@group-F08C7E998D85-FollowerState was interrupted: {}
java.lang.InterruptedException: sleep interrupted
	at java.lang.Thread.sleep(Native Method)
	at java.lang.Thread.sleep(Thread.java:342)
	at java.util.concurrent.TimeUnit.sleep(TimeUnit.java:386)
	at org.apache.ratis.util.TimeDuration.sleep(TimeDuration.java:324)
	at org.apache.ratis.util.TimeDuration.sleep(TimeDuration.java:309)
	at org.apache.ratis.server.impl.FollowerState.run(FollowerState.java:118)
2022-02-20 11:35:22,456 [grpc-default-executor-4] INFO  server.RaftServer$Division (RaftServerImpl.java:requestVote(1078)) - 5b575dfa-70dc-4a83-a3ea-105d5dbe372d@group-F08C7E998D85 replies to ELECTION vote request: b8fdba17-8d93-448f-ac2b-c9170093642a<-5b575dfa-70dc-4a83-a3ea-105d5dbe372d#0:FAIL-t1. Peer's state: 5b575dfa-70dc-4a83-a3ea-105d5dbe372d@group-F08C7E998D85:t1, leader=null, voted=null, raftlog=5b575dfa-70dc-4a83-a3ea-105d5dbe372d@group-F08C7E998D85-SegmentedRaftLog:OPENED:c-1, conf=-1: [b8fdba17-8d93-448f-ac2b-c9170093642a|rpc:10.1.0.4:42573|dataStream:|priority:0, 2d03a53d-46d4-463d-bb09-340522a9c0f9|rpc:10.1.0.4:36421|dataStream:|priority:0, 5b575dfa-70dc-4a83-a3ea-105d5dbe372d|rpc:10.1.0.4:41217|dataStream:|priority:1], old=null
2022-02-20 11:35:22,474 [b8fdba17-8d93-448f-ac2b-c9170093642a@group-F08C7E998D85-LeaderElection58] INFO  impl.LeaderElection (LeaderElection.java:logAndReturn(89)) - b8fdba17-8d93-448f-ac2b-c9170093642a@group-F08C7E998D85-LeaderElection58: ELECTION REJECTED received 2 response(s) and 0 exception(s):
2022-02-20 11:35:22,474 [b8fdba17-8d93-448f-ac2b-c9170093642a@group-F08C7E998D85-LeaderElection58] INFO  impl.LeaderElection (LeaderElection.java:logAndReturn(93)) -   Response 0: b8fdba17-8d93-448f-ac2b-c9170093642a<-2d03a53d-46d4-463d-bb09-340522a9c0f9#0:FAIL-t1
2022-02-20 11:35:22,474 [b8fdba17-8d93-448f-ac2b-c9170093642a@group-F08C7E998D85-LeaderElection58] INFO  impl.LeaderElection (LeaderElection.java:logAndReturn(93)) -   Response 1: b8fdba17-8d93-448f-ac2b-c9170093642a<-5b575dfa-70dc-4a83-a3ea-105d5dbe372d#0:FAIL-t1
2022-02-20 11:35:22,474 [b8fdba17-8d93-448f-ac2b-c9170093642a@group-F08C7E998D85-LeaderElection58] INFO  impl.LeaderElection (LeaderElection.java:askForVotes(308)) - b8fdba17-8d93-448f-ac2b-c9170093642a@group-F08C7E998D85-LeaderElection58 ELECTION round 0: result REJECTED
2022-02-20 11:35:22,474 [b8fdba17-8d93-448f-ac2b-c9170093642a@group-F08C7E998D85-LeaderElection58] INFO  server.RaftServer$Division (RaftServerImpl.java:setRole(290)) - b8fdba17-8d93-448f-ac2b-c9170093642a@group-F08C7E998D85: changes role from CANDIDATE to FOLLOWER at term 1 for REJECTED
2022-02-20 11:35:22,474 [b8fdba17-8d93-448f-ac2b-c9170093642a@group-F08C7E998D85-LeaderElection58] INFO  impl.RoleInfo (RoleInfo.java:shutdownLeaderElection(121)) - b8fdba17-8d93-448f-ac2b-c9170093642a: shutdown b8fdba17-8d93-448f-ac2b-c9170093642a@group-F08C7E998D85-LeaderElection58
2022-02-20 11:35:22,474 [b8fdba17-8d93-448f-ac2b-c9170093642a@group-F08C7E998D85-LeaderElection58] INFO  impl.RoleInfo (RoleInfo.java:updateAndGet(130)) - b8fdba17-8d93-448f-ac2b-c9170093642a: start b8fdba17-8d93-448f-ac2b-c9170093642a@group-F08C7E998D85-FollowerState
2022-02-20 11:35:22,493 [Listener at 127.0.0.1/34383] INFO  ozone.MiniOzoneClusterImpl (MiniOzoneClusterImpl.java:lambda$waitForClusterToBeReady$0(219)) - Nodes are ready. Got 3 of 3 DN Heartbeats.
2022-02-20 11:35:22,493 [Listener at 127.0.0.1/34383] INFO  ozone.MiniOzoneClusterImpl (MiniOzoneClusterImpl.java:lambda$waitForClusterToBeReady$0(222)) - Waiting for cluster to exit safe mode
2022-02-20 11:35:22,493 [Listener at 127.0.0.1/34383] INFO  ozone.MiniOzoneClusterImpl (MiniOzoneClusterImpl.java:lambda$waitForClusterToBeReady$0(224)) - SCM became leader
2022-02-20 11:35:22,586 [5b575dfa-70dc-4a83-a3ea-105d5dbe372d@group-A48B719A0FC5-FollowerState] INFO  impl.FollowerState (FollowerState.java:run(134)) - 5b575dfa-70dc-4a83-a3ea-105d5dbe372d@group-A48B719A0FC5-FollowerState: change to CANDIDATE, lastRpcElapsedTime:5058035323ns, electionTimeout:5050ms
2022-02-20 11:35:22,586 [5b575dfa-70dc-4a83-a3ea-105d5dbe372d@group-A48B719A0FC5-FollowerState] INFO  impl.RoleInfo (RoleInfo.java:shutdownFollowerState(108)) - 5b575dfa-70dc-4a83-a3ea-105d5dbe372d: shutdown 5b575dfa-70dc-4a83-a3ea-105d5dbe372d@group-A48B719A0FC5-FollowerState
2022-02-20 11:35:22,586 [5b575dfa-70dc-4a83-a3ea-105d5dbe372d@group-A48B719A0FC5-FollowerState] INFO  server.RaftServer$Division (RaftServerImpl.java:setRole(290)) - 5b575dfa-70dc-4a83-a3ea-105d5dbe372d@group-A48B719A0FC5: changes role from  FOLLOWER to CANDIDATE at term 0 for changeToCandidate
2022-02-20 11:35:22,586 [5b575dfa-70dc-4a83-a3ea-105d5dbe372d@group-A48B719A0FC5-FollowerState] INFO  server.RaftServerConfigKeys (ConfUtils.java:logGet(44)) - raft.server.leaderelection.pre-vote = false (custom)
2022-02-20 11:35:22,587 [5b575dfa-70dc-4a83-a3ea-105d5dbe372d@group-A48B719A0FC5-FollowerState] INFO  impl.RoleInfo (RoleInfo.java:updateAndGet(130)) - 5b575dfa-70dc-4a83-a3ea-105d5dbe372d: start 5b575dfa-70dc-4a83-a3ea-105d5dbe372d@group-A48B719A0FC5-LeaderElection60
2022-02-20 11:35:22,622 [5b575dfa-70dc-4a83-a3ea-105d5dbe372d@group-A48B719A0FC5-LeaderElection60] INFO  impl.LeaderElection (LeaderElection.java:askForVotes(306)) - 5b575dfa-70dc-4a83-a3ea-105d5dbe372d@group-A48B719A0FC5-LeaderElection60 ELECTION round 0: submit vote requests at term 1 for -1: [5b575dfa-70dc-4a83-a3ea-105d5dbe372d|rpc:10.1.0.4:41217|priority:1], old=null
2022-02-20 11:35:22,622 [5b575dfa-70dc-4a83-a3ea-105d5dbe372d@group-A48B719A0FC5-LeaderElection60] INFO  impl.LeaderElection (LeaderElection.java:askForVotes(308)) - 5b575dfa-70dc-4a83-a3ea-105d5dbe372d@group-A48B719A0FC5-LeaderElection60 ELECTION round 0: result PASSED (term=1)
2022-02-20 11:35:22,622 [5b575dfa-70dc-4a83-a3ea-105d5dbe372d@group-A48B719A0FC5-LeaderElection60] INFO  impl.RoleInfo (RoleInfo.java:shutdownLeaderElection(121)) - 5b575dfa-70dc-4a83-a3ea-105d5dbe372d: shutdown 5b575dfa-70dc-4a83-a3ea-105d5dbe372d@group-A48B719A0FC5-LeaderElection60
2022-02-20 11:35:22,622 [5b575dfa-70dc-4a83-a3ea-105d5dbe372d@group-A48B719A0FC5-LeaderElection60] INFO  server.RaftServer$Division (RaftServerImpl.java:setRole(290)) - 5b575dfa-70dc-4a83-a3ea-105d5dbe372d@group-A48B719A0FC5: changes role from CANDIDATE to LEADER at term 1 for changeToLeader
2022-02-20 11:35:22,622 [5b575dfa-70dc-4a83-a3ea-105d5dbe372d@group-A48B719A0FC5-LeaderElection60] INFO  ratis.XceiverServerRatis (XceiverServerRatis.java:handleLeaderChangedNotification(867)) - Leader change notification received for group: group-A48B719A0FC5 with new leaderId: 5b575dfa-70dc-4a83-a3ea-105d5dbe372d
2022-02-20 11:35:22,623 [5b575dfa-70dc-4a83-a3ea-105d5dbe372d@group-A48B719A0FC5-LeaderElection60] INFO  server.RaftServer$Division (ServerState.java:setLeader(285)) - 5b575dfa-70dc-4a83-a3ea-105d5dbe372d@group-A48B719A0FC5: change Leader from null to 5b575dfa-70dc-4a83-a3ea-105d5dbe372d at term 1 for becomeLeader, leader elected after 5114ms
2022-02-20 11:35:22,623 [5b575dfa-70dc-4a83-a3ea-105d5dbe372d@group-A48B719A0FC5-LeaderElection60] INFO  server.RaftServerConfigKeys (ConfUtils.java:logGet(44)) - raft.server.staging.catchup.gap = 1000 (default)
2022-02-20 11:35:22,623 [5b575dfa-70dc-4a83-a3ea-105d5dbe372d@group-A48B719A0FC5-LeaderElection60] INFO  server.RaftServerConfigKeys (ConfUtils.java:logGet(44)) - raft.server.write.element-limit = 1024 (custom)
2022-02-20 11:35:22,623 [5b575dfa-70dc-4a83-a3ea-105d5dbe372d@group-A48B719A0FC5-LeaderElection60] INFO  server.RaftServerConfigKeys (ConfUtils.java:logGet(44)) - raft.server.write.byte-limit = 1024 M (=1073741824) (custom)
2022-02-20 11:35:22,623 [5b575dfa-70dc-4a83-a3ea-105d5dbe372d@group-A48B719A0FC5-LeaderElection60] INFO  server.RaftServerConfigKeys (ConfUtils.java:logGet(44)) - raft.server.watch.timeout = 180s (custom)
2022-02-20 11:35:22,623 [5b575dfa-70dc-4a83-a3ea-105d5dbe372d@group-A48B719A0FC5-LeaderElection60] INFO  server.RaftServerConfigKeys (ConfUtils.java:logGet(44)) - raft.server.watch.timeout.denomination = 1s (default)
2022-02-20 11:35:22,623 [5b575dfa-70dc-4a83-a3ea-105d5dbe372d@group-A48B719A0FC5-LeaderElection60] INFO  server.RaftServerConfigKeys (ConfUtils.java:logGet(44)) - raft.server.watch.element-limit = 65536 (default)
2022-02-20 11:35:22,623 [5b575dfa-70dc-4a83-a3ea-105d5dbe372d@group-A48B719A0FC5-LeaderElection60] INFO  server.RaftServerConfigKeys (ConfUtils.java:logGet(44)) - raft.server.write.element-limit = 1024 (custom)
2022-02-20 11:35:22,623 [5b575dfa-70dc-4a83-a3ea-105d5dbe372d@group-A48B719A0FC5-LeaderElection60] INFO  server.RaftServerConfigKeys (ConfUtils.java:logGet(44)) - raft.server.write.follower.gap.ratio.max = -1.0 (default)
2022-02-20 11:35:22,623 [5b575dfa-70dc-4a83-a3ea-105d5dbe372d@group-A48B719A0FC5-LeaderElection60] INFO  impl.RoleInfo (RoleInfo.java:updateAndGet(130)) - 5b575dfa-70dc-4a83-a3ea-105d5dbe372d: start 5b575dfa-70dc-4a83-a3ea-105d5dbe372d@group-A48B719A0FC5-LeaderStateImpl
2022-02-20 11:35:22,624 [5b575dfa-70dc-4a83-a3ea-105d5dbe372d@group-A48B719A0FC5-LeaderElection60] INFO  segmented.SegmentedRaftLogWorker (SegmentedRaftLogWorker.java:startLogSegment(394)) - 5b575dfa-70dc-4a83-a3ea-105d5dbe372d@group-A48B719A0FC5-SegmentedRaftLogWorker: Starting segment from index:0
2022-02-20 11:35:22,625 [EventQueue-OpenPipelineForHealthyPipelineSafeModeRule] INFO  safemode.SCMSafeModeManager (HealthyPipelineSafeModeRule.java:process(124)) - SCM in safe mode. Healthy pipelines reported count is 0, required healthy pipeline reported count is 1
2022-02-20 11:35:22,630 [5b575dfa-70dc-4a83-a3ea-105d5dbe372d@group-A48B719A0FC5-SegmentedRaftLogWorker] INFO  segmented.SegmentedRaftLogWorker (SegmentedRaftLogWorker.java:execute(601)) - 5b575dfa-70dc-4a83-a3ea-105d5dbe372d@group-A48B719A0FC5-SegmentedRaftLogWorker: created new log segment /home/runner/work/ozone/ozone/hadoop-ozone/integration-test/target/test-dir/MiniOzoneClusterImpl-ef7d9b18-b883-481c-b364-f8f997331ef1/datanode-2/data/ratis/1ddb1207-4d2e-4c4b-a852-a48b719a0fc5/current/log_inprogress_0
2022-02-20 11:35:22,650 [5b575dfa-70dc-4a83-a3ea-105d5dbe372d@group-A48B719A0FC5-LeaderElection60] INFO  server.RaftServer$Division (ServerState.java:setRaftConf(387)) - 5b575dfa-70dc-4a83-a3ea-105d5dbe372d@group-A48B719A0FC5: set configuration 0: [5b575dfa-70dc-4a83-a3ea-105d5dbe372d|rpc:10.1.0.4:41217|dataStream:|priority:1], old=null
2022-02-20 11:35:23,494 [Listener at 127.0.0.1/34383] INFO  ozone.MiniOzoneClusterImpl (MiniOzoneClusterImpl.java:lambda$waitForClusterToBeReady$0(219)) - Nodes are ready. Got 3 of 3 DN Heartbeats.
2022-02-20 11:35:23,494 [Listener at 127.0.0.1/34383] INFO  ozone.MiniOzoneClusterImpl (MiniOzoneClusterImpl.java:lambda$waitForClusterToBeReady$0(222)) - Waiting for cluster to exit safe mode
2022-02-20 11:35:23,494 [Listener at 127.0.0.1/34383] INFO  ozone.MiniOzoneClusterImpl (MiniOzoneClusterImpl.java:lambda$waitForClusterToBeReady$0(224)) - SCM became leader
2022-02-20 11:35:24,496 [Listener at 127.0.0.1/34383] INFO  ozone.MiniOzoneClusterImpl (MiniOzoneClusterImpl.java:lambda$waitForClusterToBeReady$0(219)) - Nodes are ready. Got 3 of 3 DN Heartbeats.
2022-02-20 11:35:24,496 [Listener at 127.0.0.1/34383] INFO  ozone.MiniOzoneClusterImpl (MiniOzoneClusterImpl.java:lambda$waitForClusterToBeReady$0(222)) - Waiting for cluster to exit safe mode
2022-02-20 11:35:24,496 [Listener at 127.0.0.1/34383] INFO  ozone.MiniOzoneClusterImpl (MiniOzoneClusterImpl.java:lambda$waitForClusterToBeReady$0(224)) - SCM became leader
2022-02-20 11:35:25,496 [Listener at 127.0.0.1/34383] INFO  ozone.MiniOzoneClusterImpl (MiniOzoneClusterImpl.java:lambda$waitForClusterToBeReady$0(219)) - Nodes are ready. Got 3 of 3 DN Heartbeats.
2022-02-20 11:35:25,497 [Listener at 127.0.0.1/34383] INFO  ozone.MiniOzoneClusterImpl (MiniOzoneClusterImpl.java:lambda$waitForClusterToBeReady$0(222)) - Waiting for cluster to exit safe mode
2022-02-20 11:35:25,497 [Listener at 127.0.0.1/34383] INFO  ozone.MiniOzoneClusterImpl (MiniOzoneClusterImpl.java:lambda$waitForClusterToBeReady$0(224)) - SCM became leader
2022-02-20 11:35:26,497 [Listener at 127.0.0.1/34383] INFO  ozone.MiniOzoneClusterImpl (MiniOzoneClusterImpl.java:lambda$waitForClusterToBeReady$0(219)) - Nodes are ready. Got 3 of 3 DN Heartbeats.
2022-02-20 11:35:26,497 [Listener at 127.0.0.1/34383] INFO  ozone.MiniOzoneClusterImpl (MiniOzoneClusterImpl.java:lambda$waitForClusterToBeReady$0(222)) - Waiting for cluster to exit safe mode
2022-02-20 11:35:26,497 [Listener at 127.0.0.1/34383] INFO  ozone.MiniOzoneClusterImpl (MiniOzoneClusterImpl.java:lambda$waitForClusterToBeReady$0(224)) - SCM became leader
2022-02-20 11:35:27,054 [b8fdba17-8d93-448f-ac2b-c9170093642a@group-BBF4AD563052-FollowerState] INFO  impl.FollowerState (FollowerState.java:run(134)) - b8fdba17-8d93-448f-ac2b-c9170093642a@group-BBF4AD563052-FollowerState: change to CANDIDATE, lastRpcElapsedTime:5107557963ns, electionTimeout:5099ms
2022-02-20 11:35:27,054 [b8fdba17-8d93-448f-ac2b-c9170093642a@group-BBF4AD563052-FollowerState] INFO  impl.RoleInfo (RoleInfo.java:shutdownFollowerState(108)) - b8fdba17-8d93-448f-ac2b-c9170093642a: shutdown b8fdba17-8d93-448f-ac2b-c9170093642a@group-BBF4AD563052-FollowerState
2022-02-20 11:35:27,054 [b8fdba17-8d93-448f-ac2b-c9170093642a@group-BBF4AD563052-FollowerState] INFO  server.RaftServer$Division (RaftServerImpl.java:setRole(290)) - b8fdba17-8d93-448f-ac2b-c9170093642a@group-BBF4AD563052: changes role from  FOLLOWER to CANDIDATE at term 1 for changeToCandidate
2022-02-20 11:35:27,054 [b8fdba17-8d93-448f-ac2b-c9170093642a@group-BBF4AD563052-FollowerState] INFO  server.RaftServerConfigKeys (ConfUtils.java:logGet(44)) - raft.server.leaderelection.pre-vote = false (custom)
2022-02-20 11:35:27,054 [b8fdba17-8d93-448f-ac2b-c9170093642a@group-BBF4AD563052-FollowerState] INFO  impl.RoleInfo (RoleInfo.java:updateAndGet(130)) - b8fdba17-8d93-448f-ac2b-c9170093642a: start b8fdba17-8d93-448f-ac2b-c9170093642a@group-BBF4AD563052-LeaderElection61
2022-02-20 11:35:27,057 [5b575dfa-70dc-4a83-a3ea-105d5dbe372d@group-BBF4AD563052-FollowerState] INFO  impl.FollowerState (FollowerState.java:run(134)) - 5b575dfa-70dc-4a83-a3ea-105d5dbe372d@group-BBF4AD563052-FollowerState: change to CANDIDATE, lastRpcElapsedTime:5117769975ns, electionTimeout:5117ms
2022-02-20 11:35:27,057 [5b575dfa-70dc-4a83-a3ea-105d5dbe372d@group-BBF4AD563052-FollowerState] INFO  impl.RoleInfo (RoleInfo.java:shutdownFollowerState(108)) - 5b575dfa-70dc-4a83-a3ea-105d5dbe372d: shutdown 5b575dfa-70dc-4a83-a3ea-105d5dbe372d@group-BBF4AD563052-FollowerState
2022-02-20 11:35:27,057 [5b575dfa-70dc-4a83-a3ea-105d5dbe372d@group-BBF4AD563052-FollowerState] INFO  server.RaftServer$Division (RaftServerImpl.java:setRole(290)) - 5b575dfa-70dc-4a83-a3ea-105d5dbe372d@group-BBF4AD563052: changes role from  FOLLOWER to CANDIDATE at term 1 for changeToCandidate
2022-02-20 11:35:27,065 [5b575dfa-70dc-4a83-a3ea-105d5dbe372d@group-BBF4AD563052-FollowerState] INFO  server.RaftServerConfigKeys (ConfUtils.java:logGet(44)) - raft.server.leaderelection.pre-vote = false (custom)
2022-02-20 11:35:27,065 [5b575dfa-70dc-4a83-a3ea-105d5dbe372d@group-BBF4AD563052-FollowerState] INFO  impl.RoleInfo (RoleInfo.java:updateAndGet(130)) - 5b575dfa-70dc-4a83-a3ea-105d5dbe372d: start 5b575dfa-70dc-4a83-a3ea-105d5dbe372d@group-BBF4AD563052-LeaderElection62
2022-02-20 11:35:27,096 [b8fdba17-8d93-448f-ac2b-c9170093642a@group-BBF4AD563052-LeaderElection61] INFO  impl.LeaderElection (LeaderElection.java:askForVotes(306)) - b8fdba17-8d93-448f-ac2b-c9170093642a@group-BBF4AD563052-LeaderElection61 ELECTION round 0: submit vote requests at term 2 for -1: [b8fdba17-8d93-448f-ac2b-c9170093642a|rpc:10.1.0.4:42573|dataStream:|priority:1, 2d03a53d-46d4-463d-bb09-340522a9c0f9|rpc:10.1.0.4:36421|dataStream:|priority:0, 5b575dfa-70dc-4a83-a3ea-105d5dbe372d|rpc:10.1.0.4:41217|dataStream:|priority:0], old=null
2022-02-20 11:35:27,136 [grpc-default-executor-4] INFO  server.RaftServer$Division (RaftServerImpl.java:requestVote(1046)) - 2d03a53d-46d4-463d-bb09-340522a9c0f9@group-BBF4AD563052: receive requestVote(ELECTION, b8fdba17-8d93-448f-ac2b-c9170093642a, group-BBF4AD563052, 2, (t:0, i:0))
2022-02-20 11:35:27,136 [grpc-default-executor-4] INFO  impl.VoteContext (VoteContext.java:log(48)) - 2d03a53d-46d4-463d-bb09-340522a9c0f9@group-BBF4AD563052-FOLLOWER: accept ELECTION from b8fdba17-8d93-448f-ac2b-c9170093642a: our priority 0 <= candidate's priority 1
2022-02-20 11:35:27,136 [grpc-default-executor-4] INFO  server.RaftServer$Division (RaftServerImpl.java:setRole(290)) - 2d03a53d-46d4-463d-bb09-340522a9c0f9@group-BBF4AD563052: changes role from  FOLLOWER to FOLLOWER at term 2 for candidate:b8fdba17-8d93-448f-ac2b-c9170093642a
2022-02-20 11:35:27,136 [grpc-default-executor-4] INFO  impl.RoleInfo (RoleInfo.java:shutdownFollowerState(108)) - 2d03a53d-46d4-463d-bb09-340522a9c0f9: shutdown 2d03a53d-46d4-463d-bb09-340522a9c0f9@group-BBF4AD563052-FollowerState
2022-02-20 11:35:27,136 [grpc-default-executor-4] INFO  impl.RoleInfo (RoleInfo.java:updateAndGet(130)) - 2d03a53d-46d4-463d-bb09-340522a9c0f9: start 2d03a53d-46d4-463d-bb09-340522a9c0f9@group-BBF4AD563052-FollowerState
2022-02-20 11:35:27,136 [grpc-default-executor-0] INFO  server.RaftServer$Division (RaftServerImpl.java:requestVote(1046)) - 5b575dfa-70dc-4a83-a3ea-105d5dbe372d@group-BBF4AD563052: receive requestVote(ELECTION, b8fdba17-8d93-448f-ac2b-c9170093642a, group-BBF4AD563052, 2, (t:0, i:0))
2022-02-20 11:35:27,136 [2d03a53d-46d4-463d-bb09-340522a9c0f9@group-BBF4AD563052-FollowerState] INFO  impl.FollowerState (FollowerState.java:run(143)) - 2d03a53d-46d4-463d-bb09-340522a9c0f9@group-BBF4AD563052-FollowerState was interrupted: {}
java.lang.InterruptedException: sleep interrupted
	at java.lang.Thread.sleep(Native Method)
	at java.lang.Thread.sleep(Thread.java:342)
	at java.util.concurrent.TimeUnit.sleep(TimeUnit.java:386)
	at org.apache.ratis.util.TimeDuration.sleep(TimeDuration.java:324)
	at org.apache.ratis.util.TimeDuration.sleep(TimeDuration.java:309)
	at org.apache.ratis.server.impl.FollowerState.run(FollowerState.java:118)
2022-02-20 11:35:27,137 [5b575dfa-70dc-4a83-a3ea-105d5dbe372d@group-BBF4AD563052-LeaderElection62] INFO  impl.LeaderElection (LeaderElection.java:askForVotes(306)) - 5b575dfa-70dc-4a83-a3ea-105d5dbe372d@group-BBF4AD563052-LeaderElection62 ELECTION round 0: submit vote requests at term 2 for -1: [b8fdba17-8d93-448f-ac2b-c9170093642a|rpc:10.1.0.4:42573|dataStream:|priority:1, 2d03a53d-46d4-463d-bb09-340522a9c0f9|rpc:10.1.0.4:36421|dataStream:|priority:0, 5b575dfa-70dc-4a83-a3ea-105d5dbe372d|rpc:10.1.0.4:41217|dataStream:|priority:0], old=null
2022-02-20 11:35:27,137 [grpc-default-executor-0] INFO  impl.VoteContext (VoteContext.java:log(48)) - 5b575dfa-70dc-4a83-a3ea-105d5dbe372d@group-BBF4AD563052-CANDIDATE: reject ELECTION from b8fdba17-8d93-448f-ac2b-c9170093642a: already has voted for 5b575dfa-70dc-4a83-a3ea-105d5dbe372d at current term 2
2022-02-20 11:35:27,137 [grpc-default-executor-0] INFO  server.RaftServer$Division (RaftServerImpl.java:requestVote(1078)) - 5b575dfa-70dc-4a83-a3ea-105d5dbe372d@group-BBF4AD563052 replies to ELECTION vote request: b8fdba17-8d93-448f-ac2b-c9170093642a<-5b575dfa-70dc-4a83-a3ea-105d5dbe372d#0:FAIL-t2. Peer's state: 5b575dfa-70dc-4a83-a3ea-105d5dbe372d@group-BBF4AD563052:t2, leader=null, voted=5b575dfa-70dc-4a83-a3ea-105d5dbe372d, raftlog=5b575dfa-70dc-4a83-a3ea-105d5dbe372d@group-BBF4AD563052-SegmentedRaftLog:OPENED:c-1, conf=-1: [b8fdba17-8d93-448f-ac2b-c9170093642a|rpc:10.1.0.4:42573|dataStream:|priority:1, 2d03a53d-46d4-463d-bb09-340522a9c0f9|rpc:10.1.0.4:36421|dataStream:|priority:0, 5b575dfa-70dc-4a83-a3ea-105d5dbe372d|rpc:10.1.0.4:41217|dataStream:|priority:0], old=null
2022-02-20 11:35:27,149 [grpc-default-executor-4] INFO  server.RaftServer$Division (RaftServerImpl.java:requestVote(1078)) - 2d03a53d-46d4-463d-bb09-340522a9c0f9@group-BBF4AD563052 replies to ELECTION vote request: b8fdba17-8d93-448f-ac2b-c9170093642a<-2d03a53d-46d4-463d-bb09-340522a9c0f9#0:OK-t2. Peer's state: 2d03a53d-46d4-463d-bb09-340522a9c0f9@group-BBF4AD563052:t2, leader=null, voted=b8fdba17-8d93-448f-ac2b-c9170093642a, raftlog=2d03a53d-46d4-463d-bb09-340522a9c0f9@group-BBF4AD563052-SegmentedRaftLog:OPENED:c-1, conf=-1: [b8fdba17-8d93-448f-ac2b-c9170093642a|rpc:10.1.0.4:42573|priority:1, 2d03a53d-46d4-463d-bb09-340522a9c0f9|rpc:10.1.0.4:36421|priority:0, 5b575dfa-70dc-4a83-a3ea-105d5dbe372d|rpc:10.1.0.4:41217|priority:0], old=null
2022-02-20 11:35:27,183 [b8fdba17-8d93-448f-ac2b-c9170093642a@group-BBF4AD563052-LeaderElection61] INFO  impl.LeaderElection (LeaderElection.java:logAndReturn(89)) - b8fdba17-8d93-448f-ac2b-c9170093642a@group-BBF4AD563052-LeaderElection61: ELECTION PASSED received 2 response(s) and 0 exception(s):
2022-02-20 11:35:27,183 [b8fdba17-8d93-448f-ac2b-c9170093642a@group-BBF4AD563052-LeaderElection61] INFO  impl.LeaderElection (LeaderElection.java:logAndReturn(93)) -   Response 0: b8fdba17-8d93-448f-ac2b-c9170093642a<-2d03a53d-46d4-463d-bb09-340522a9c0f9#0:OK-t2
2022-02-20 11:35:27,183 [b8fdba17-8d93-448f-ac2b-c9170093642a@group-BBF4AD563052-LeaderElection61] INFO  impl.LeaderElection (LeaderElection.java:logAndReturn(93)) -   Response 1: b8fdba17-8d93-448f-ac2b-c9170093642a<-5b575dfa-70dc-4a83-a3ea-105d5dbe372d#0:FAIL-t2
2022-02-20 11:35:27,183 [b8fdba17-8d93-448f-ac2b-c9170093642a@group-BBF4AD563052-LeaderElection61] INFO  impl.LeaderElection (LeaderElection.java:askForVotes(308)) - b8fdba17-8d93-448f-ac2b-c9170093642a@group-BBF4AD563052-LeaderElection61 ELECTION round 0: result PASSED
2022-02-20 11:35:27,183 [b8fdba17-8d93-448f-ac2b-c9170093642a@group-BBF4AD563052-LeaderElection61] INFO  impl.RoleInfo (RoleInfo.java:shutdownLeaderElection(121)) - b8fdba17-8d93-448f-ac2b-c9170093642a: shutdown b8fdba17-8d93-448f-ac2b-c9170093642a@group-BBF4AD563052-LeaderElection61
2022-02-20 11:35:27,183 [b8fdba17-8d93-448f-ac2b-c9170093642a@group-BBF4AD563052-LeaderElection61] INFO  server.RaftServer$Division (RaftServerImpl.java:setRole(290)) - b8fdba17-8d93-448f-ac2b-c9170093642a@group-BBF4AD563052: changes role from CANDIDATE to LEADER at term 2 for changeToLeader
2022-02-20 11:35:27,183 [b8fdba17-8d93-448f-ac2b-c9170093642a@group-BBF4AD563052-LeaderElection61] INFO  ratis.XceiverServerRatis (XceiverServerRatis.java:handleLeaderChangedNotification(867)) - Leader change notification received for group: group-BBF4AD563052 with new leaderId: b8fdba17-8d93-448f-ac2b-c9170093642a
2022-02-20 11:35:27,183 [b8fdba17-8d93-448f-ac2b-c9170093642a@group-BBF4AD563052-LeaderElection61] INFO  server.RaftServer$Division (ServerState.java:setLeader(285)) - b8fdba17-8d93-448f-ac2b-c9170093642a@group-BBF4AD563052: change Leader from null to b8fdba17-8d93-448f-ac2b-c9170093642a at term 2 for becomeLeader, leader elected after 10222ms
2022-02-20 11:35:27,183 [b8fdba17-8d93-448f-ac2b-c9170093642a@group-BBF4AD563052-LeaderElection61] INFO  server.RaftServerConfigKeys (ConfUtils.java:logGet(44)) - raft.server.staging.catchup.gap = 1000 (default)
2022-02-20 11:35:27,183 [b8fdba17-8d93-448f-ac2b-c9170093642a@group-BBF4AD563052-LeaderElection61] INFO  server.RaftServerConfigKeys (ConfUtils.java:logGet(44)) - raft.server.write.element-limit = 1024 (custom)
2022-02-20 11:35:27,183 [b8fdba17-8d93-448f-ac2b-c9170093642a@group-BBF4AD563052-LeaderElection61] INFO  server.RaftServerConfigKeys (ConfUtils.java:logGet(44)) - raft.server.write.byte-limit = 1024 M (=1073741824) (custom)
2022-02-20 11:35:27,184 [b8fdba17-8d93-448f-ac2b-c9170093642a@group-BBF4AD563052-LeaderElection61] INFO  server.RaftServerConfigKeys (ConfUtils.java:logGet(44)) - raft.server.watch.timeout = 180s (custom)
2022-02-20 11:35:27,184 [b8fdba17-8d93-448f-ac2b-c9170093642a@group-BBF4AD563052-LeaderElection61] INFO  server.RaftServerConfigKeys (ConfUtils.java:logGet(44)) - raft.server.watch.timeout.denomination = 1s (default)
2022-02-20 11:35:27,184 [b8fdba17-8d93-448f-ac2b-c9170093642a@group-BBF4AD563052-LeaderElection61] INFO  server.RaftServerConfigKeys (ConfUtils.java:logGet(44)) - raft.server.watch.element-limit = 65536 (default)
2022-02-20 11:35:27,184 [b8fdba17-8d93-448f-ac2b-c9170093642a@group-BBF4AD563052-LeaderElection61] INFO  server.RaftServerConfigKeys (ConfUtils.java:logGet(44)) - raft.server.write.element-limit = 1024 (custom)
2022-02-20 11:35:27,184 [b8fdba17-8d93-448f-ac2b-c9170093642a@group-BBF4AD563052-LeaderElection61] INFO  server.RaftServerConfigKeys (ConfUtils.java:logGet(44)) - raft.server.write.follower.gap.ratio.max = -1.0 (default)
2022-02-20 11:35:27,184 [b8fdba17-8d93-448f-ac2b-c9170093642a@group-BBF4AD563052-LeaderElection61] INFO  server.RaftServerConfigKeys (ConfUtils.java:logGet(44)) - raft.server.log.appender.snapshot.chunk.size.max = 16MB (=16777216) (default)
2022-02-20 11:35:27,184 [b8fdba17-8d93-448f-ac2b-c9170093642a@group-BBF4AD563052-LeaderElection61] INFO  server.RaftServerConfigKeys (ConfUtils.java:logGet(44)) - raft.server.log.appender.buffer.byte-limit = 33554432 (custom)
2022-02-20 11:35:27,184 [b8fdba17-8d93-448f-ac2b-c9170093642a@group-BBF4AD563052-LeaderElection61] INFO  server.RaftServerConfigKeys (ConfUtils.java:logGet(44)) - raft.server.log.appender.buffer.element-limit = 1 (custom)
2022-02-20 11:35:27,184 [b8fdba17-8d93-448f-ac2b-c9170093642a@group-BBF4AD563052-LeaderElection61] INFO  grpc.GrpcConfigKeys (ConfUtils.java:logGet(44)) - raft.grpc.server.leader.outstanding.appends.max = 128 (default)
2022-02-20 11:35:27,184 [b8fdba17-8d93-448f-ac2b-c9170093642a@group-BBF4AD563052-LeaderElection61] INFO  server.RaftServerConfigKeys (ConfUtils.java:logGet(44)) - raft.server.rpc.request.timeout = 60s (custom)
2022-02-20 11:35:27,184 [b8fdba17-8d93-448f-ac2b-c9170093642a@group-BBF4AD563052-LeaderElection61] INFO  server.RaftServerConfigKeys (ConfUtils.java:logGet(44)) - raft.server.log.appender.install.snapshot.enabled = false (custom)
2022-02-20 11:35:27,185 [b8fdba17-8d93-448f-ac2b-c9170093642a@group-BBF4AD563052-LeaderElection61] INFO  server.RaftServerConfigKeys (ConfUtils.java:logGet(44)) - raft.server.log.appender.snapshot.chunk.size.max = 16MB (=16777216) (default)
2022-02-20 11:35:27,185 [b8fdba17-8d93-448f-ac2b-c9170093642a@group-BBF4AD563052-LeaderElection61] INFO  server.RaftServerConfigKeys (ConfUtils.java:logGet(44)) - raft.server.log.appender.buffer.byte-limit = 33554432 (custom)
2022-02-20 11:35:27,185 [b8fdba17-8d93-448f-ac2b-c9170093642a@group-BBF4AD563052-LeaderElection61] INFO  server.RaftServerConfigKeys (ConfUtils.java:logGet(44)) - raft.server.log.appender.buffer.element-limit = 1 (custom)
2022-02-20 11:35:27,185 [b8fdba17-8d93-448f-ac2b-c9170093642a@group-BBF4AD563052-LeaderElection61] INFO  grpc.GrpcConfigKeys (ConfUtils.java:logGet(44)) - raft.grpc.server.leader.outstanding.appends.max = 128 (default)
2022-02-20 11:35:27,185 [b8fdba17-8d93-448f-ac2b-c9170093642a@group-BBF4AD563052-LeaderElection61] INFO  server.RaftServerConfigKeys (ConfUtils.java:logGet(44)) - raft.server.rpc.request.timeout = 60s (custom)
2022-02-20 11:35:27,185 [b8fdba17-8d93-448f-ac2b-c9170093642a@group-BBF4AD563052-LeaderElection61] INFO  server.RaftServerConfigKeys (ConfUtils.java:logGet(44)) - raft.server.log.appender.install.snapshot.enabled = false (custom)
2022-02-20 11:35:27,193 [b8fdba17-8d93-448f-ac2b-c9170093642a@group-BBF4AD563052-LeaderElection61] INFO  impl.RoleInfo (RoleInfo.java:updateAndGet(130)) - b8fdba17-8d93-448f-ac2b-c9170093642a: start b8fdba17-8d93-448f-ac2b-c9170093642a@group-BBF4AD563052-LeaderStateImpl
2022-02-20 11:35:27,193 [b8fdba17-8d93-448f-ac2b-c9170093642a@group-BBF4AD563052-LeaderElection61] INFO  segmented.SegmentedRaftLogWorker (SegmentedRaftLogWorker.java:startLogSegment(394)) - b8fdba17-8d93-448f-ac2b-c9170093642a@group-BBF4AD563052-SegmentedRaftLogWorker: Starting segment from index:0
2022-02-20 11:35:27,195 [b8fdba17-8d93-448f-ac2b-c9170093642a@group-BBF4AD563052-SegmentedRaftLogWorker] INFO  segmented.SegmentedRaftLogWorker (SegmentedRaftLogWorker.java:execute(601)) - b8fdba17-8d93-448f-ac2b-c9170093642a@group-BBF4AD563052-SegmentedRaftLogWorker: created new log segment /home/runner/work/ozone/ozone/hadoop-ozone/integration-test/target/test-dir/MiniOzoneClusterImpl-ef7d9b18-b883-481c-b364-f8f997331ef1/datanode-1/data/ratis/9af08ad9-a716-4365-beb3-bbf4ad563052/current/log_inprogress_0
2022-02-20 11:35:27,208 [grpc-default-executor-4] INFO  server.RaftServer$Division (RaftServerImpl.java:requestVote(1046)) - b8fdba17-8d93-448f-ac2b-c9170093642a@group-BBF4AD563052: receive requestVote(ELECTION, 5b575dfa-70dc-4a83-a3ea-105d5dbe372d, group-BBF4AD563052, 2, (t:0, i:0))
2022-02-20 11:35:27,211 [EventQueue-PipelineReportForPipelineReportHandler] INFO  pipeline.PipelineManagerImpl (PipelineManagerImpl.java:openPipeline(291)) - Pipeline Pipeline[ Id: 9af08ad9-a716-4365-beb3-bbf4ad563052, Nodes: 5b575dfa-70dc-4a83-a3ea-105d5dbe372d{ip: 10.1.0.4, host: fv-az59-849.csjynl4pkq3e1pkirw3ssqjfoh.cx.internal.cloudapp.net, ports: [REPLICATION=41829, RATIS=41217, RATIS_ADMIN=41217, RATIS_SERVER=41217, STANDALONE=41919], networkLocation: /default-rack, certSerialId: null, persistedOpState: IN_SERVICE, persistedOpStateExpiryEpochSec: 0}b8fdba17-8d93-448f-ac2b-c9170093642a{ip: 10.1.0.4, host: fv-az59-849.csjynl4pkq3e1pkirw3ssqjfoh.cx.internal.cloudapp.net, ports: [REPLICATION=37483, RATIS=42573, RATIS_ADMIN=42573, RATIS_SERVER=42573, STANDALONE=45845], networkLocation: /default-rack, certSerialId: null, persistedOpState: IN_SERVICE, persistedOpStateExpiryEpochSec: 0}2d03a53d-46d4-463d-bb09-340522a9c0f9{ip: 10.1.0.4, host: fv-az59-849.csjynl4pkq3e1pkirw3ssqjfoh.cx.internal.cloudapp.net, ports: [REPLICATION=32963, RATIS=36421, RATIS_ADMIN=36421, RATIS_SERVER=36421, STANDALONE=41423], networkLocation: /default-rack, certSerialId: null, persistedOpState: IN_SERVICE, persistedOpStateExpiryEpochSec: 0}, ReplicationConfig: RATIS/THREE, State:ALLOCATED, leaderId:b8fdba17-8d93-448f-ac2b-c9170093642a, CreationTimestamp2022-02-20T11:35:14.514Z[Etc/UTC]] moved to OPEN state
2022-02-20 11:35:27,211 [EventQueue-OpenPipelineForHealthyPipelineSafeModeRule] INFO  safemode.SCMSafeModeManager (HealthyPipelineSafeModeRule.java:process(124)) - SCM in safe mode. Healthy pipelines reported count is 0, required healthy pipeline reported count is 1
2022-02-20 11:35:27,213 [b9b7942b-4a56-45eb-a5c8-33194168f403@group-F8F997331EF1-StateMachineUpdater] INFO  safemode.HealthyPipelineSafeModeRule (HealthyPipelineSafeModeRule.java:initializeRule(152)) - Refreshed total pipeline count is 1, healthy pipeline threshold count is 1
2022-02-20 11:35:27,213 [EventQueue-OpenPipelineForHealthyPipelineSafeModeRule] INFO  safemode.SCMSafeModeManager (HealthyPipelineSafeModeRule.java:process(124)) - SCM in safe mode. Healthy pipelines reported count is 1, required healthy pipeline reported count is 1
2022-02-20 11:35:27,213 [EventQueue-OpenPipelineForHealthyPipelineSafeModeRule] INFO  safemode.SCMSafeModeManager (SCMSafeModeManager.java:validateSafeModeExitRules(204)) - HealthyPipelineSafeModeRule rule is successfully validated
2022-02-20 11:35:27,213 [EventQueue-OpenPipelineForHealthyPipelineSafeModeRule] INFO  safemode.SCMSafeModeManager (SCMSafeModeManager.java:validateSafeModeExitRules(219)) - ScmSafeModeManager, all rules are successfully validated
2022-02-20 11:35:27,213 [EventQueue-OpenPipelineForHealthyPipelineSafeModeRule] INFO  safemode.SCMSafeModeManager (SCMSafeModeManager.java:exitSafeMode(248)) - SCM exiting safe mode.
2022-02-20 11:35:27,214 [EventQueue-OpenPipelineForHealthyPipelineSafeModeRule] WARN  events.EventQueue (EventQueue.java:fireEvent(194)) - No event handler registered for event TypedEvent{payloadType=SafeModeStatus, name='Safe mode status'}
2022-02-20 11:35:27,214 [EventQueue-OpenPipelineForHealthyPipelineSafeModeRule] INFO  ha.SCMContext (SCMContext.java:updateSafeModeStatus(211)) - Update SafeModeStatus from SafeModeStatus{safeModeStatus=true, preCheckPassed=true} to SafeModeStatus{safeModeStatus=false, preCheckPassed=true}.
2022-02-20 11:35:27,214 [EventQueue-OpenPipelineForHealthyPipelineSafeModeRule] INFO  container.ReplicationManager (ReplicationManager.java:notifyStatusChanged(1807)) - Service ReplicationManager transitions to RUNNING.
2022-02-20 11:35:27,227 [grpc-default-executor-0] INFO  server.RaftServer$Division (RaftServerImpl.java:setRole(290)) - 5b575dfa-70dc-4a83-a3ea-105d5dbe372d@group-BBF4AD563052: changes role from CANDIDATE to FOLLOWER at term 2 for appendEntries
2022-02-20 11:35:27,227 [grpc-default-executor-0] INFO  impl.RoleInfo (RoleInfo.java:shutdownLeaderElection(121)) - 5b575dfa-70dc-4a83-a3ea-105d5dbe372d: shutdown 5b575dfa-70dc-4a83-a3ea-105d5dbe372d@group-BBF4AD563052-LeaderElection62
2022-02-20 11:35:27,234 [b8fdba17-8d93-448f-ac2b-c9170093642a@group-BBF4AD563052-LeaderElection61] INFO  server.RaftServer$Division (ServerState.java:setRaftConf(387)) - b8fdba17-8d93-448f-ac2b-c9170093642a@group-BBF4AD563052: set configuration 0: [b8fdba17-8d93-448f-ac2b-c9170093642a|rpc:10.1.0.4:42573|dataStream:|priority:1, 2d03a53d-46d4-463d-bb09-340522a9c0f9|rpc:10.1.0.4:36421|dataStream:|priority:0, 5b575dfa-70dc-4a83-a3ea-105d5dbe372d|rpc:10.1.0.4:41217|dataStream:|priority:0], old=null
2022-02-20 11:35:27,235 [grpc-default-executor-4] INFO  impl.VoteContext (VoteContext.java:log(48)) - b8fdba17-8d93-448f-ac2b-c9170093642a@group-BBF4AD563052-LEADER: reject ELECTION from 5b575dfa-70dc-4a83-a3ea-105d5dbe372d: already has voted for b8fdba17-8d93-448f-ac2b-c9170093642a at current term 2
2022-02-20 11:35:27,235 [grpc-default-executor-4] INFO  server.RaftServer$Division (RaftServerImpl.java:requestVote(1078)) - b8fdba17-8d93-448f-ac2b-c9170093642a@group-BBF4AD563052 replies to ELECTION vote request: 5b575dfa-70dc-4a83-a3ea-105d5dbe372d<-b8fdba17-8d93-448f-ac2b-c9170093642a#0:FAIL-t2. Peer's state: b8fdba17-8d93-448f-ac2b-c9170093642a@group-BBF4AD563052:t2, leader=b8fdba17-8d93-448f-ac2b-c9170093642a, voted=b8fdba17-8d93-448f-ac2b-c9170093642a, raftlog=b8fdba17-8d93-448f-ac2b-c9170093642a@group-BBF4AD563052-SegmentedRaftLog:OPENED:c-1, conf=0: [b8fdba17-8d93-448f-ac2b-c9170093642a|rpc:10.1.0.4:42573|dataStream:|priority:1, 2d03a53d-46d4-463d-bb09-340522a9c0f9|rpc:10.1.0.4:36421|dataStream:|priority:0, 5b575dfa-70dc-4a83-a3ea-105d5dbe372d|rpc:10.1.0.4:41217|dataStream:|priority:0], old=null
2022-02-20 11:35:27,235 [grpc-default-executor-0] INFO  impl.RoleInfo (RoleInfo.java:updateAndGet(130)) - 5b575dfa-70dc-4a83-a3ea-105d5dbe372d: start 5b575dfa-70dc-4a83-a3ea-105d5dbe372d@group-BBF4AD563052-FollowerState
2022-02-20 11:35:27,235 [grpc-default-executor-0] INFO  ratis.XceiverServerRatis (XceiverServerRatis.java:handleLeaderChangedNotification(867)) - Leader change notification received for group: group-BBF4AD563052 with new leaderId: b8fdba17-8d93-448f-ac2b-c9170093642a
2022-02-20 11:35:27,235 [grpc-default-executor-0] INFO  server.RaftServer$Division (ServerState.java:setLeader(285)) - 5b575dfa-70dc-4a83-a3ea-105d5dbe372d@group-BBF4AD563052: change Leader from null to b8fdba17-8d93-448f-ac2b-c9170093642a at term 2 for appendEntries, leader elected after 10370ms
2022-02-20 11:35:27,252 [grpc-default-executor-0] INFO  server.RaftServer$Division (ServerState.java:setRaftConf(387)) - 5b575dfa-70dc-4a83-a3ea-105d5dbe372d@group-BBF4AD563052: set configuration 0: [b8fdba17-8d93-448f-ac2b-c9170093642a|rpc:10.1.0.4:42573|dataStream:|priority:1, 2d03a53d-46d4-463d-bb09-340522a9c0f9|rpc:10.1.0.4:36421|dataStream:|priority:0, 5b575dfa-70dc-4a83-a3ea-105d5dbe372d|rpc:10.1.0.4:41217|dataStream:|priority:0], old=null
2022-02-20 11:35:27,252 [grpc-default-executor-0] INFO  segmented.SegmentedRaftLogWorker (SegmentedRaftLogWorker.java:startLogSegment(394)) - 5b575dfa-70dc-4a83-a3ea-105d5dbe372d@group-BBF4AD563052-SegmentedRaftLogWorker: Starting segment from index:0
2022-02-20 11:35:27,257 [5b575dfa-70dc-4a83-a3ea-105d5dbe372d@group-BBF4AD563052-SegmentedRaftLogWorker] INFO  segmented.SegmentedRaftLogWorker (SegmentedRaftLogWorker.java:execute(601)) - 5b575dfa-70dc-4a83-a3ea-105d5dbe372d@group-BBF4AD563052-SegmentedRaftLogWorker: created new log segment /home/runner/work/ozone/ozone/hadoop-ozone/integration-test/target/test-dir/MiniOzoneClusterImpl-ef7d9b18-b883-481c-b364-f8f997331ef1/datanode-2/data/ratis/9af08ad9-a716-4365-beb3-bbf4ad563052/current/log_inprogress_0
2022-02-20 11:35:27,259 [5b575dfa-70dc-4a83-a3ea-105d5dbe372d@group-BBF4AD563052-LeaderElection62] INFO  impl.LeaderElection (LeaderElection.java:logAndReturn(89)) - 5b575dfa-70dc-4a83-a3ea-105d5dbe372d@group-BBF4AD563052-LeaderElection62: ELECTION REJECTED received 1 response(s) and 0 exception(s):
2022-02-20 11:35:27,259 [5b575dfa-70dc-4a83-a3ea-105d5dbe372d@group-BBF4AD563052-LeaderElection62] INFO  impl.LeaderElection (LeaderElection.java:logAndReturn(93)) -   Response 0: 5b575dfa-70dc-4a83-a3ea-105d5dbe372d<-b8fdba17-8d93-448f-ac2b-c9170093642a#0:FAIL-t2
2022-02-20 11:35:27,259 [5b575dfa-70dc-4a83-a3ea-105d5dbe372d@group-BBF4AD563052-LeaderElection62] INFO  impl.LeaderElection (LeaderElection.java:askForVotes(308)) - 5b575dfa-70dc-4a83-a3ea-105d5dbe372d@group-BBF4AD563052-LeaderElection62 ELECTION round 0: result REJECTED
2022-02-20 11:35:27,262 [grpc-default-executor-4] INFO  ratis.XceiverServerRatis (XceiverServerRatis.java:handleLeaderChangedNotification(867)) - Leader change notification received for group: group-BBF4AD563052 with new leaderId: b8fdba17-8d93-448f-ac2b-c9170093642a
2022-02-20 11:35:27,262 [grpc-default-executor-4] INFO  server.RaftServer$Division (ServerState.java:setLeader(285)) - 2d03a53d-46d4-463d-bb09-340522a9c0f9@group-BBF4AD563052: change Leader from null to b8fdba17-8d93-448f-ac2b-c9170093642a at term 2 for appendEntries, leader elected after 10498ms
2022-02-20 11:35:27,275 [grpc-default-executor-6] INFO  server.RaftServer$Division (RaftServerImpl.java:requestVote(1046)) - 2d03a53d-46d4-463d-bb09-340522a9c0f9@group-BBF4AD563052: receive requestVote(ELECTION, 5b575dfa-70dc-4a83-a3ea-105d5dbe372d, group-BBF4AD563052, 2, (t:0, i:0))
2022-02-20 11:35:27,275 [grpc-default-executor-6] INFO  impl.VoteContext (VoteContext.java:log(48)) - 2d03a53d-46d4-463d-bb09-340522a9c0f9@group-BBF4AD563052-FOLLOWER: reject ELECTION from 5b575dfa-70dc-4a83-a3ea-105d5dbe372d: already has voted for b8fdba17-8d93-448f-ac2b-c9170093642a at current term 2
2022-02-20 11:35:27,275 [grpc-default-executor-6] INFO  server.RaftServer$Division (RaftServerImpl.java:requestVote(1078)) - 2d03a53d-46d4-463d-bb09-340522a9c0f9@group-BBF4AD563052 replies to ELECTION vote request: 5b575dfa-70dc-4a83-a3ea-105d5dbe372d<-2d03a53d-46d4-463d-bb09-340522a9c0f9#0:FAIL-t2. Peer's state: 2d03a53d-46d4-463d-bb09-340522a9c0f9@group-BBF4AD563052:t2, leader=b8fdba17-8d93-448f-ac2b-c9170093642a, voted=b8fdba17-8d93-448f-ac2b-c9170093642a, raftlog=2d03a53d-46d4-463d-bb09-340522a9c0f9@group-BBF4AD563052-SegmentedRaftLog:OPENED:c-1, conf=-1: [b8fdba17-8d93-448f-ac2b-c9170093642a|rpc:10.1.0.4:42573|priority:1, 2d03a53d-46d4-463d-bb09-340522a9c0f9|rpc:10.1.0.4:36421|priority:0, 5b575dfa-70dc-4a83-a3ea-105d5dbe372d|rpc:10.1.0.4:41217|priority:0], old=null
2022-02-20 11:35:27,276 [grpc-default-executor-6] INFO  server.RaftServer$Division (ServerState.java:setRaftConf(387)) - 2d03a53d-46d4-463d-bb09-340522a9c0f9@group-BBF4AD563052: set configuration 0: [b8fdba17-8d93-448f-ac2b-c9170093642a|rpc:10.1.0.4:42573|dataStream:|priority:1, 2d03a53d-46d4-463d-bb09-340522a9c0f9|rpc:10.1.0.4:36421|dataStream:|priority:0, 5b575dfa-70dc-4a83-a3ea-105d5dbe372d|rpc:10.1.0.4:41217|dataStream:|priority:0], old=null
2022-02-20 11:35:27,278 [grpc-default-executor-6] INFO  segmented.SegmentedRaftLogWorker (SegmentedRaftLogWorker.java:startLogSegment(394)) - 2d03a53d-46d4-463d-bb09-340522a9c0f9@group-BBF4AD563052-SegmentedRaftLogWorker: Starting segment from index:0
2022-02-20 11:35:27,282 [2d03a53d-46d4-463d-bb09-340522a9c0f9@group-BBF4AD563052-SegmentedRaftLogWorker] INFO  segmented.SegmentedRaftLogWorker (SegmentedRaftLogWorker.java:execute(601)) - 2d03a53d-46d4-463d-bb09-340522a9c0f9@group-BBF4AD563052-SegmentedRaftLogWorker: created new log segment /home/runner/work/ozone/ozone/hadoop-ozone/integration-test/target/test-dir/MiniOzoneClusterImpl-ef7d9b18-b883-481c-b364-f8f997331ef1/datanode-0/data/ratis/9af08ad9-a716-4365-beb3-bbf4ad563052/current/log_inprogress_0
2022-02-20 11:35:27,498 [Listener at 127.0.0.1/34383] INFO  ozone.MiniOzoneClusterImpl (MiniOzoneClusterImpl.java:lambda$waitForClusterToBeReady$0(219)) - Nodes are ready. Got 3 of 3 DN Heartbeats.
2022-02-20 11:35:27,498 [Listener at 127.0.0.1/34383] INFO  ozone.MiniOzoneClusterImpl (MiniOzoneClusterImpl.java:lambda$waitForClusterToBeReady$0(222)) - Cluster exits safe mode
2022-02-20 11:35:27,498 [Listener at 127.0.0.1/34383] INFO  ozone.MiniOzoneClusterImpl (MiniOzoneClusterImpl.java:lambda$waitForClusterToBeReady$0(224)) - SCM became leader
2022-02-20 11:35:27,564 [b8fdba17-8d93-448f-ac2b-c9170093642a@group-F08C7E998D85-FollowerState] INFO  impl.FollowerState (FollowerState.java:run(134)) - b8fdba17-8d93-448f-ac2b-c9170093642a@group-F08C7E998D85-FollowerState: change to CANDIDATE, lastRpcElapsedTime:5089620452ns, electionTimeout:5081ms
2022-02-20 11:35:27,564 [b8fdba17-8d93-448f-ac2b-c9170093642a@group-F08C7E998D85-FollowerState] INFO  impl.RoleInfo (RoleInfo.java:shutdownFollowerState(108)) - b8fdba17-8d93-448f-ac2b-c9170093642a: shutdown b8fdba17-8d93-448f-ac2b-c9170093642a@group-F08C7E998D85-FollowerState
2022-02-20 11:35:27,564 [b8fdba17-8d93-448f-ac2b-c9170093642a@group-F08C7E998D85-FollowerState] INFO  server.RaftServer$Division (RaftServerImpl.java:setRole(290)) - b8fdba17-8d93-448f-ac2b-c9170093642a@group-F08C7E998D85: changes role from  FOLLOWER to CANDIDATE at term 1 for changeToCandidate
2022-02-20 11:35:27,564 [b8fdba17-8d93-448f-ac2b-c9170093642a@group-F08C7E998D85-FollowerState] INFO  server.RaftServerConfigKeys (ConfUtils.java:logGet(44)) - raft.server.leaderelection.pre-vote = false (custom)
2022-02-20 11:35:27,564 [b8fdba17-8d93-448f-ac2b-c9170093642a@group-F08C7E998D85-FollowerState] INFO  impl.RoleInfo (RoleInfo.java:updateAndGet(130)) - b8fdba17-8d93-448f-ac2b-c9170093642a: start b8fdba17-8d93-448f-ac2b-c9170093642a@group-F08C7E998D85-LeaderElection63
2022-02-20 11:35:27,583 [Listener at 127.0.0.1/34383] INFO  rpc.RpcClient (RpcClient.java:createVolume(399)) - Creating Volume: volume99161, with user25562 as owner and space quota set to -1 bytes, counts quota set to -1
2022-02-20 11:35:27,590 [5b575dfa-70dc-4a83-a3ea-105d5dbe372d@group-F08C7E998D85-FollowerState] INFO  impl.FollowerState (FollowerState.java:run(134)) - 5b575dfa-70dc-4a83-a3ea-105d5dbe372d@group-F08C7E998D85-FollowerState: change to CANDIDATE, lastRpcElapsedTime:5138607993ns, electionTimeout:5093ms
2022-02-20 11:35:27,590 [5b575dfa-70dc-4a83-a3ea-105d5dbe372d@group-F08C7E998D85-FollowerState] INFO  impl.RoleInfo (RoleInfo.java:shutdownFollowerState(108)) - 5b575dfa-70dc-4a83-a3ea-105d5dbe372d: shutdown 5b575dfa-70dc-4a83-a3ea-105d5dbe372d@group-F08C7E998D85-FollowerState
2022-02-20 11:35:27,590 [5b575dfa-70dc-4a83-a3ea-105d5dbe372d@group-F08C7E998D85-FollowerState] INFO  server.RaftServer$Division (RaftServerImpl.java:setRole(290)) - 5b575dfa-70dc-4a83-a3ea-105d5dbe372d@group-F08C7E998D85: changes role from  FOLLOWER to CANDIDATE at term 1 for changeToCandidate
2022-02-20 11:35:27,590 [5b575dfa-70dc-4a83-a3ea-105d5dbe372d@group-F08C7E998D85-FollowerState] INFO  server.RaftServerConfigKeys (ConfUtils.java:logGet(44)) - raft.server.leaderelection.pre-vote = false (custom)
2022-02-20 11:35:27,590 [5b575dfa-70dc-4a83-a3ea-105d5dbe372d@group-F08C7E998D85-FollowerState] INFO  impl.RoleInfo (RoleInfo.java:updateAndGet(130)) - 5b575dfa-70dc-4a83-a3ea-105d5dbe372d: start 5b575dfa-70dc-4a83-a3ea-105d5dbe372d@group-F08C7E998D85-LeaderElection64
2022-02-20 11:35:27,607 [2d03a53d-46d4-463d-bb09-340522a9c0f9@group-F08C7E998D85-FollowerState] INFO  impl.FollowerState (FollowerState.java:run(134)) - 2d03a53d-46d4-463d-bb09-340522a9c0f9@group-F08C7E998D85-FollowerState: change to CANDIDATE, lastRpcElapsedTime:5189647958ns, electionTimeout:5159ms
2022-02-20 11:35:27,607 [2d03a53d-46d4-463d-bb09-340522a9c0f9@group-F08C7E998D85-FollowerState] INFO  impl.RoleInfo (RoleInfo.java:shutdownFollowerState(108)) - 2d03a53d-46d4-463d-bb09-340522a9c0f9: shutdown 2d03a53d-46d4-463d-bb09-340522a9c0f9@group-F08C7E998D85-FollowerState
2022-02-20 11:35:27,607 [2d03a53d-46d4-463d-bb09-340522a9c0f9@group-F08C7E998D85-FollowerState] INFO  server.RaftServer$Division (RaftServerImpl.java:setRole(290)) - 2d03a53d-46d4-463d-bb09-340522a9c0f9@group-F08C7E998D85: changes role from  FOLLOWER to CANDIDATE at term 1 for changeToCandidate
2022-02-20 11:35:27,608 [2d03a53d-46d4-463d-bb09-340522a9c0f9@group-F08C7E998D85-FollowerState] INFO  server.RaftServerConfigKeys (ConfUtils.java:logGet(44)) - raft.server.leaderelection.pre-vote = false (custom)
2022-02-20 11:35:27,608 [2d03a53d-46d4-463d-bb09-340522a9c0f9@group-F08C7E998D85-FollowerState] INFO  impl.RoleInfo (RoleInfo.java:updateAndGet(130)) - 2d03a53d-46d4-463d-bb09-340522a9c0f9: start 2d03a53d-46d4-463d-bb09-340522a9c0f9@group-F08C7E998D85-LeaderElection65
2022-02-20 11:35:27,643 [OM StateMachine ApplyTransaction Thread - 0] INFO  volume.OMVolumeCreateRequest (OMVolumeCreateRequest.java:validateAndUpdateCache(195)) - created volume:volume99161 for user:user25562
2022-02-20 11:35:27,663 [5b575dfa-70dc-4a83-a3ea-105d5dbe372d@group-F08C7E998D85-LeaderElection64] INFO  impl.LeaderElection (LeaderElection.java:askForVotes(306)) - 5b575dfa-70dc-4a83-a3ea-105d5dbe372d@group-F08C7E998D85-LeaderElection64 ELECTION round 0: submit vote requests at term 2 for -1: [b8fdba17-8d93-448f-ac2b-c9170093642a|rpc:10.1.0.4:42573|dataStream:|priority:0, 2d03a53d-46d4-463d-bb09-340522a9c0f9|rpc:10.1.0.4:36421|dataStream:|priority:0, 5b575dfa-70dc-4a83-a3ea-105d5dbe372d|rpc:10.1.0.4:41217|dataStream:|priority:1], old=null
2022-02-20 11:35:27,666 [b8fdba17-8d93-448f-ac2b-c9170093642a@group-F08C7E998D85-LeaderElection63] INFO  impl.LeaderElection (LeaderElection.java:askForVotes(306)) - b8fdba17-8d93-448f-ac2b-c9170093642a@group-F08C7E998D85-LeaderElection63 ELECTION round 0: submit vote requests at term 2 for -1: [b8fdba17-8d93-448f-ac2b-c9170093642a|rpc:10.1.0.4:42573|dataStream:|priority:0, 2d03a53d-46d4-463d-bb09-340522a9c0f9|rpc:10.1.0.4:36421|dataStream:|priority:0, 5b575dfa-70dc-4a83-a3ea-105d5dbe372d|rpc:10.1.0.4:41217|dataStream:|priority:1], old=null
2022-02-20 11:35:27,685 [grpc-default-executor-4] INFO  server.RaftServer$Division (RaftServerImpl.java:requestVote(1046)) - b8fdba17-8d93-448f-ac2b-c9170093642a@group-F08C7E998D85: receive requestVote(ELECTION, 5b575dfa-70dc-4a83-a3ea-105d5dbe372d, group-F08C7E998D85, 2, (t:0, i:0))
2022-02-20 11:35:27,685 [grpc-default-executor-4] INFO  impl.VoteContext (VoteContext.java:log(48)) - b8fdba17-8d93-448f-ac2b-c9170093642a@group-F08C7E998D85-CANDIDATE: reject ELECTION from 5b575dfa-70dc-4a83-a3ea-105d5dbe372d: already has voted for b8fdba17-8d93-448f-ac2b-c9170093642a at current term 2
2022-02-20 11:35:27,685 [grpc-default-executor-4] INFO  server.RaftServer$Division (RaftServerImpl.java:requestVote(1078)) - b8fdba17-8d93-448f-ac2b-c9170093642a@group-F08C7E998D85 replies to ELECTION vote request: 5b575dfa-70dc-4a83-a3ea-105d5dbe372d<-b8fdba17-8d93-448f-ac2b-c9170093642a#0:FAIL-t2. Peer's state: b8fdba17-8d93-448f-ac2b-c9170093642a@group-F08C7E998D85:t2, leader=null, voted=b8fdba17-8d93-448f-ac2b-c9170093642a, raftlog=b8fdba17-8d93-448f-ac2b-c9170093642a@group-F08C7E998D85-SegmentedRaftLog:OPENED:c-1, conf=-1: [b8fdba17-8d93-448f-ac2b-c9170093642a|rpc:10.1.0.4:42573|dataStream:|priority:0, 2d03a53d-46d4-463d-bb09-340522a9c0f9|rpc:10.1.0.4:36421|dataStream:|priority:0, 5b575dfa-70dc-4a83-a3ea-105d5dbe372d|rpc:10.1.0.4:41217|dataStream:|priority:1], old=null
2022-02-20 11:35:27,695 [2d03a53d-46d4-463d-bb09-340522a9c0f9@group-F08C7E998D85-LeaderElection65] INFO  impl.LeaderElection (LeaderElection.java:askForVotes(306)) - 2d03a53d-46d4-463d-bb09-340522a9c0f9@group-F08C7E998D85-LeaderElection65 ELECTION round 0: submit vote requests at term 2 for -1: [b8fdba17-8d93-448f-ac2b-c9170093642a|rpc:10.1.0.4:42573|priority:0, 2d03a53d-46d4-463d-bb09-340522a9c0f9|rpc:10.1.0.4:36421|priority:0, 5b575dfa-70dc-4a83-a3ea-105d5dbe372d|rpc:10.1.0.4:41217|priority:1], old=null
2022-02-20 11:35:27,711 [grpc-default-executor-4] INFO  server.RaftServer$Division (RaftServerImpl.java:requestVote(1046)) - 2d03a53d-46d4-463d-bb09-340522a9c0f9@group-F08C7E998D85: receive requestVote(ELECTION, b8fdba17-8d93-448f-ac2b-c9170093642a, group-F08C7E998D85, 2, (t:0, i:0))
2022-02-20 11:35:27,711 [grpc-default-executor-4] INFO  impl.VoteContext (VoteContext.java:log(48)) - 2d03a53d-46d4-463d-bb09-340522a9c0f9@group-F08C7E998D85-CANDIDATE: reject ELECTION from b8fdba17-8d93-448f-ac2b-c9170093642a: already has voted for 2d03a53d-46d4-463d-bb09-340522a9c0f9 at current term 2
2022-02-20 11:35:27,711 [grpc-default-executor-4] INFO  server.RaftServer$Division (RaftServerImpl.java:requestVote(1078)) - 2d03a53d-46d4-463d-bb09-340522a9c0f9@group-F08C7E998D85 replies to ELECTION vote request: b8fdba17-8d93-448f-ac2b-c9170093642a<-2d03a53d-46d4-463d-bb09-340522a9c0f9#0:FAIL-t2. Peer's state: 2d03a53d-46d4-463d-bb09-340522a9c0f9@group-F08C7E998D85:t2, leader=null, voted=2d03a53d-46d4-463d-bb09-340522a9c0f9, raftlog=2d03a53d-46d4-463d-bb09-340522a9c0f9@group-F08C7E998D85-SegmentedRaftLog:OPENED:c-1, conf=-1: [b8fdba17-8d93-448f-ac2b-c9170093642a|rpc:10.1.0.4:42573|priority:0, 2d03a53d-46d4-463d-bb09-340522a9c0f9|rpc:10.1.0.4:36421|priority:0, 5b575dfa-70dc-4a83-a3ea-105d5dbe372d|rpc:10.1.0.4:41217|priority:1], old=null
2022-02-20 11:35:27,725 [grpc-default-executor-6] INFO  server.RaftServer$Division (RaftServerImpl.java:requestVote(1046)) - 5b575dfa-70dc-4a83-a3ea-105d5dbe372d@group-F08C7E998D85: receive requestVote(ELECTION, b8fdba17-8d93-448f-ac2b-c9170093642a, group-F08C7E998D85, 2, (t:0, i:0))
2022-02-20 11:35:27,725 [grpc-default-executor-6] INFO  impl.VoteContext (VoteContext.java:log(48)) - 5b575dfa-70dc-4a83-a3ea-105d5dbe372d@group-F08C7E998D85-CANDIDATE: reject ELECTION from b8fdba17-8d93-448f-ac2b-c9170093642a: already has voted for 5b575dfa-70dc-4a83-a3ea-105d5dbe372d at current term 2
2022-02-20 11:35:27,725 [grpc-default-executor-6] INFO  server.RaftServer$Division (RaftServerImpl.java:requestVote(1078)) - 5b575dfa-70dc-4a83-a3ea-105d5dbe372d@group-F08C7E998D85 replies to ELECTION vote request: b8fdba17-8d93-448f-ac2b-c9170093642a<-5b575dfa-70dc-4a83-a3ea-105d5dbe372d#0:FAIL-t2. Peer's state: 5b575dfa-70dc-4a83-a3ea-105d5dbe372d@group-F08C7E998D85:t2, leader=null, voted=5b575dfa-70dc-4a83-a3ea-105d5dbe372d, raftlog=5b575dfa-70dc-4a83-a3ea-105d5dbe372d@group-F08C7E998D85-SegmentedRaftLog:OPENED:c-1, conf=-1: [b8fdba17-8d93-448f-ac2b-c9170093642a|rpc:10.1.0.4:42573|dataStream:|priority:0, 2d03a53d-46d4-463d-bb09-340522a9c0f9|rpc:10.1.0.4:36421|dataStream:|priority:0, 5b575dfa-70dc-4a83-a3ea-105d5dbe372d|rpc:10.1.0.4:41217|dataStream:|priority:1], old=null
2022-02-20 11:35:27,725 [grpc-default-executor-0] INFO  server.RaftServer$Division (RaftServerImpl.java:requestVote(1046)) - 2d03a53d-46d4-463d-bb09-340522a9c0f9@group-F08C7E998D85: receive requestVote(ELECTION, 5b575dfa-70dc-4a83-a3ea-105d5dbe372d, group-F08C7E998D85, 2, (t:0, i:0))
2022-02-20 11:35:27,725 [grpc-default-executor-0] INFO  impl.VoteContext (VoteContext.java:log(48)) - 2d03a53d-46d4-463d-bb09-340522a9c0f9@group-F08C7E998D85-CANDIDATE: reject ELECTION from 5b575dfa-70dc-4a83-a3ea-105d5dbe372d: already has voted for 2d03a53d-46d4-463d-bb09-340522a9c0f9 at current term 2
2022-02-20 11:35:27,725 [grpc-default-executor-0] INFO  server.RaftServer$Division (RaftServerImpl.java:requestVote(1078)) - 2d03a53d-46d4-463d-bb09-340522a9c0f9@group-F08C7E998D85 replies to ELECTION vote request: 5b575dfa-70dc-4a83-a3ea-105d5dbe372d<-2d03a53d-46d4-463d-bb09-340522a9c0f9#0:FAIL-t2. Peer's state: 2d03a53d-46d4-463d-bb09-340522a9c0f9@group-F08C7E998D85:t2, leader=null, voted=2d03a53d-46d4-463d-bb09-340522a9c0f9, raftlog=2d03a53d-46d4-463d-bb09-340522a9c0f9@group-F08C7E998D85-SegmentedRaftLog:OPENED:c-1, conf=-1: [b8fdba17-8d93-448f-ac2b-c9170093642a|rpc:10.1.0.4:42573|priority:0, 2d03a53d-46d4-463d-bb09-340522a9c0f9|rpc:10.1.0.4:36421|priority:0, 5b575dfa-70dc-4a83-a3ea-105d5dbe372d|rpc:10.1.0.4:41217|priority:1], old=null
2022-02-20 11:35:27,738 [grpc-default-executor-4] INFO  server.RaftServer$Division (RaftServerImpl.java:requestVote(1046)) - 5b575dfa-70dc-4a83-a3ea-105d5dbe372d@group-F08C7E998D85: receive requestVote(ELECTION, 2d03a53d-46d4-463d-bb09-340522a9c0f9, group-F08C7E998D85, 2, (t:0, i:0))
2022-02-20 11:35:27,738 [grpc-default-executor-4] INFO  impl.VoteContext (VoteContext.java:log(48)) - 5b575dfa-70dc-4a83-a3ea-105d5dbe372d@group-F08C7E998D85-CANDIDATE: reject ELECTION from 2d03a53d-46d4-463d-bb09-340522a9c0f9: already has voted for 5b575dfa-70dc-4a83-a3ea-105d5dbe372d at current term 2
2022-02-20 11:35:27,738 [grpc-default-executor-4] INFO  server.RaftServer$Division (RaftServerImpl.java:requestVote(1078)) - 5b575dfa-70dc-4a83-a3ea-105d5dbe372d@group-F08C7E998D85 replies to ELECTION vote request: 2d03a53d-46d4-463d-bb09-340522a9c0f9<-5b575dfa-70dc-4a83-a3ea-105d5dbe372d#0:FAIL-t2. Peer's state: 5b575dfa-70dc-4a83-a3ea-105d5dbe372d@group-F08C7E998D85:t2, leader=null, voted=5b575dfa-70dc-4a83-a3ea-105d5dbe372d, raftlog=5b575dfa-70dc-4a83-a3ea-105d5dbe372d@group-F08C7E998D85-SegmentedRaftLog:OPENED:c-1, conf=-1: [b8fdba17-8d93-448f-ac2b-c9170093642a|rpc:10.1.0.4:42573|dataStream:|priority:0, 2d03a53d-46d4-463d-bb09-340522a9c0f9|rpc:10.1.0.4:36421|dataStream:|priority:0, 5b575dfa-70dc-4a83-a3ea-105d5dbe372d|rpc:10.1.0.4:41217|dataStream:|priority:1], old=null
2022-02-20 11:35:27,738 [b8fdba17-8d93-448f-ac2b-c9170093642a@group-F08C7E998D85-LeaderElection63] INFO  impl.LeaderElection (LeaderElection.java:logAndReturn(89)) - b8fdba17-8d93-448f-ac2b-c9170093642a@group-F08C7E998D85-LeaderElection63: ELECTION REJECTED received 2 response(s) and 0 exception(s):
2022-02-20 11:35:27,738 [b8fdba17-8d93-448f-ac2b-c9170093642a@group-F08C7E998D85-LeaderElection63] INFO  impl.LeaderElection (LeaderElection.java:logAndReturn(93)) -   Response 0: b8fdba17-8d93-448f-ac2b-c9170093642a<-2d03a53d-46d4-463d-bb09-340522a9c0f9#0:FAIL-t2
2022-02-20 11:35:27,738 [b8fdba17-8d93-448f-ac2b-c9170093642a@group-F08C7E998D85-LeaderElection63] INFO  impl.LeaderElection (LeaderElection.java:logAndReturn(93)) -   Response 1: b8fdba17-8d93-448f-ac2b-c9170093642a<-5b575dfa-70dc-4a83-a3ea-105d5dbe372d#0:FAIL-t2
2022-02-20 11:35:27,738 [b8fdba17-8d93-448f-ac2b-c9170093642a@group-F08C7E998D85-LeaderElection63] INFO  impl.LeaderElection (LeaderElection.java:askForVotes(308)) - b8fdba17-8d93-448f-ac2b-c9170093642a@group-F08C7E998D85-LeaderElection63 ELECTION round 0: result REJECTED
2022-02-20 11:35:27,738 [b8fdba17-8d93-448f-ac2b-c9170093642a@group-F08C7E998D85-LeaderElection63] INFO  server.RaftServer$Division (RaftServerImpl.java:setRole(290)) - b8fdba17-8d93-448f-ac2b-c9170093642a@group-F08C7E998D85: changes role from CANDIDATE to FOLLOWER at term 2 for REJECTED
2022-02-20 11:35:27,738 [b8fdba17-8d93-448f-ac2b-c9170093642a@group-F08C7E998D85-LeaderElection63] INFO  impl.RoleInfo (RoleInfo.java:shutdownLeaderElection(121)) - b8fdba17-8d93-448f-ac2b-c9170093642a: shutdown b8fdba17-8d93-448f-ac2b-c9170093642a@group-F08C7E998D85-LeaderElection63
2022-02-20 11:35:27,739 [b8fdba17-8d93-448f-ac2b-c9170093642a@group-F08C7E998D85-LeaderElection63] INFO  impl.RoleInfo (RoleInfo.java:updateAndGet(130)) - b8fdba17-8d93-448f-ac2b-c9170093642a: start b8fdba17-8d93-448f-ac2b-c9170093642a@group-F08C7E998D85-FollowerState
2022-02-20 11:35:27,746 [grpc-default-executor-2] INFO  server.RaftServer$Division (RaftServerImpl.java:requestVote(1046)) - b8fdba17-8d93-448f-ac2b-c9170093642a@group-F08C7E998D85: receive requestVote(ELECTION, 2d03a53d-46d4-463d-bb09-340522a9c0f9, group-F08C7E998D85, 2, (t:0, i:0))
2022-02-20 11:35:27,746 [grpc-default-executor-2] INFO  impl.VoteContext (VoteContext.java:log(48)) - b8fdba17-8d93-448f-ac2b-c9170093642a@group-F08C7E998D85-FOLLOWER: reject ELECTION from 2d03a53d-46d4-463d-bb09-340522a9c0f9: already has voted for b8fdba17-8d93-448f-ac2b-c9170093642a at current term 2
2022-02-20 11:35:27,746 [grpc-default-executor-2] INFO  server.RaftServer$Division (RaftServerImpl.java:requestVote(1078)) - b8fdba17-8d93-448f-ac2b-c9170093642a@group-F08C7E998D85 replies to ELECTION vote request: 2d03a53d-46d4-463d-bb09-340522a9c0f9<-b8fdba17-8d93-448f-ac2b-c9170093642a#0:FAIL-t2. Peer's state: b8fdba17-8d93-448f-ac2b-c9170093642a@group-F08C7E998D85:t2, leader=null, voted=b8fdba17-8d93-448f-ac2b-c9170093642a, raftlog=b8fdba17-8d93-448f-ac2b-c9170093642a@group-F08C7E998D85-SegmentedRaftLog:OPENED:c-1, conf=-1: [b8fdba17-8d93-448f-ac2b-c9170093642a|rpc:10.1.0.4:42573|dataStream:|priority:0, 2d03a53d-46d4-463d-bb09-340522a9c0f9|rpc:10.1.0.4:36421|dataStream:|priority:0, 5b575dfa-70dc-4a83-a3ea-105d5dbe372d|rpc:10.1.0.4:41217|dataStream:|priority:1], old=null
2022-02-20 11:35:27,746 [5b575dfa-70dc-4a83-a3ea-105d5dbe372d@group-F08C7E998D85-LeaderElection64] INFO  impl.LeaderElection (LeaderElection.java:logAndReturn(89)) - 5b575dfa-70dc-4a83-a3ea-105d5dbe372d@group-F08C7E998D85-LeaderElection64: ELECTION REJECTED received 2 response(s) and 0 exception(s):
2022-02-20 11:35:27,746 [5b575dfa-70dc-4a83-a3ea-105d5dbe372d@group-F08C7E998D85-LeaderElection64] INFO  impl.LeaderElection (LeaderElection.java:logAndReturn(93)) -   Response 0: 5b575dfa-70dc-4a83-a3ea-105d5dbe372d<-b8fdba17-8d93-448f-ac2b-c9170093642a#0:FAIL-t2
2022-02-20 11:35:27,746 [5b575dfa-70dc-4a83-a3ea-105d5dbe372d@group-F08C7E998D85-LeaderElection64] INFO  impl.LeaderElection (LeaderElection.java:logAndReturn(93)) -   Response 1: 5b575dfa-70dc-4a83-a3ea-105d5dbe372d<-2d03a53d-46d4-463d-bb09-340522a9c0f9#0:FAIL-t2
2022-02-20 11:35:27,746 [5b575dfa-70dc-4a83-a3ea-105d5dbe372d@group-F08C7E998D85-LeaderElection64] INFO  impl.LeaderElection (LeaderElection.java:askForVotes(308)) - 5b575dfa-70dc-4a83-a3ea-105d5dbe372d@group-F08C7E998D85-LeaderElection64 ELECTION round 0: result REJECTED
2022-02-20 11:35:27,747 [2d03a53d-46d4-463d-bb09-340522a9c0f9@group-F08C7E998D85-LeaderElection65] INFO  impl.LeaderElection (LeaderElection.java:logAndReturn(89)) - 2d03a53d-46d4-463d-bb09-340522a9c0f9@group-F08C7E998D85-LeaderElection65: ELECTION REJECTED received 1 response(s) and 0 exception(s):
2022-02-20 11:35:27,747 [2d03a53d-46d4-463d-bb09-340522a9c0f9@group-F08C7E998D85-LeaderElection65] INFO  impl.LeaderElection (LeaderElection.java:logAndReturn(93)) -   Response 0: 2d03a53d-46d4-463d-bb09-340522a9c0f9<-5b575dfa-70dc-4a83-a3ea-105d5dbe372d#0:FAIL-t2
2022-02-20 11:35:27,747 [2d03a53d-46d4-463d-bb09-340522a9c0f9@group-F08C7E998D85-LeaderElection65] INFO  impl.LeaderElection (LeaderElection.java:askForVotes(308)) - 2d03a53d-46d4-463d-bb09-340522a9c0f9@group-F08C7E998D85-LeaderElection65 ELECTION round 0: result REJECTED
2022-02-20 11:35:27,782 [2d03a53d-46d4-463d-bb09-340522a9c0f9@group-F08C7E998D85-LeaderElection65] INFO  server.RaftServer$Division (RaftServerImpl.java:setRole(290)) - 2d03a53d-46d4-463d-bb09-340522a9c0f9@group-F08C7E998D85: changes role from CANDIDATE to FOLLOWER at term 2 for REJECTED
2022-02-20 11:35:27,782 [2d03a53d-46d4-463d-bb09-340522a9c0f9@group-F08C7E998D85-LeaderElection65] INFO  impl.RoleInfo (RoleInfo.java:shutdownLeaderElection(121)) - 2d03a53d-46d4-463d-bb09-340522a9c0f9: shutdown 2d03a53d-46d4-463d-bb09-340522a9c0f9@group-F08C7E998D85-LeaderElection65
2022-02-20 11:35:27,782 [5b575dfa-70dc-4a83-a3ea-105d5dbe372d@group-F08C7E998D85-LeaderElection64] INFO  server.RaftServer$Division (RaftServerImpl.java:setRole(290)) - 5b575dfa-70dc-4a83-a3ea-105d5dbe372d@group-F08C7E998D85: changes role from CANDIDATE to FOLLOWER at term 2 for REJECTED
2022-02-20 11:35:27,782 [5b575dfa-70dc-4a83-a3ea-105d5dbe372d@group-F08C7E998D85-LeaderElection64] INFO  impl.RoleInfo (RoleInfo.java:shutdownLeaderElection(121)) - 5b575dfa-70dc-4a83-a3ea-105d5dbe372d: shutdown 5b575dfa-70dc-4a83-a3ea-105d5dbe372d@group-F08C7E998D85-LeaderElection64
2022-02-20 11:35:27,782 [2d03a53d-46d4-463d-bb09-340522a9c0f9@group-F08C7E998D85-LeaderElection65] INFO  impl.RoleInfo (RoleInfo.java:updateAndGet(130)) - 2d03a53d-46d4-463d-bb09-340522a9c0f9: start 2d03a53d-46d4-463d-bb09-340522a9c0f9@group-F08C7E998D85-FollowerState
2022-02-20 11:35:27,782 [5b575dfa-70dc-4a83-a3ea-105d5dbe372d@group-F08C7E998D85-LeaderElection64] INFO  impl.RoleInfo (RoleInfo.java:updateAndGet(130)) - 5b575dfa-70dc-4a83-a3ea-105d5dbe372d: start 5b575dfa-70dc-4a83-a3ea-105d5dbe372d@group-F08C7E998D85-FollowerState
2022-02-20 11:35:27,794 [Listener at 127.0.0.1/34383] INFO  rpc.RpcClient (RpcClient.java:createBucket(562)) - Creating Bucket: volume99161/bucket85641, with runner as owner and Versioning false and Storage Type set to DISK and Encryption set to false 
]]></system-out>
  </testcase>
  <testcase name="testRenameFile[3]" classname="org.apache.hadoop.fs.ozone.TestRootedOzoneFileSystem" time="0.231"/>
  <testcase name="testListStatusRootAndVolumeRecursive[3]" classname="org.apache.hadoop.fs.ozone.TestRootedOzoneFileSystem" time="1.045"/>
  <testcase name="testTempMount[3]" classname="org.apache.hadoop.fs.ozone.TestRootedOzoneFileSystem" time="0.252"/>
  <testcase name="testListStatusRootAndVolumeNonRecursive[3]" classname="org.apache.hadoop.fs.ozone.TestRootedOzoneFileSystem" time="0.786"/>
  <testcase name="testDeleteVolumeAndBucket[3]" classname="org.apache.hadoop.fs.ozone.TestRootedOzoneFileSystem" time="0.055"/>
  <testcase name="testRenameDirToItsOwnSubDir[3]" classname="org.apache.hadoop.fs.ozone.TestRootedOzoneFileSystem" time="0.075"/>
  <testcase name="testOzoneFsServiceLoader[3]" classname="org.apache.hadoop.fs.ozone.TestRootedOzoneFileSystem" time="0.038"/>
  <testcase name="testTrash[3]" classname="org.apache.hadoop.fs.ozone.TestRootedOzoneFileSystem" time="0">
    <skipped/>
  </testcase>
  <testcase name="testRenameDestinationParentDoesntExist[3]" classname="org.apache.hadoop.fs.ozone.TestRootedOzoneFileSystem" time="0.044"/>
  <testcase name="testGetFileStatusRoot[3]" classname="org.apache.hadoop.fs.ozone.TestRootedOzoneFileSystem" time="0.019"/>
  <testcase name="testCreateWithInvalidPaths[3]" classname="org.apache.hadoop.fs.ozone.TestRootedOzoneFileSystem" time="0.005"/>
  <testcase name="testDeleteEmptyVolume[3]" classname="org.apache.hadoop.fs.ozone.TestRootedOzoneFileSystem" time="0.026"/>
  <testcase name="testListStatusRootAndVolumeContinuation[3]" classname="org.apache.hadoop.fs.ozone.TestRootedOzoneFileSystem" time="1.158"/>
  <testcase name="testDeleteVolumeBucketAndKey[3]" classname="org.apache.hadoop.fs.ozone.TestRootedOzoneFileSystem" time="0.086"/>
  <testcase name="testRenameToParentDir[3]" classname="org.apache.hadoop.fs.ozone.TestRootedOzoneFileSystem" time="0.07"/>
  <testcase name="testMkdirNonExistentVolumeBucket[3]" classname="org.apache.hadoop.fs.ozone.TestRootedOzoneFileSystem" time="0.032"/>
  <testcase name="testFailToDeleteRoot[3]" classname="org.apache.hadoop.fs.ozone.TestRootedOzoneFileSystem" time="0.035"/>
  <testcase name="testListStatusOnSubDirs[3]" classname="org.apache.hadoop.fs.ozone.TestRootedOzoneFileSystem" time="0.086"/>
  <testcase name="testListStatus[3]" classname="org.apache.hadoop.fs.ozone.TestRootedOzoneFileSystem" time="0.069"/>
  <testcase name="testGetTrashRoots[3]" classname="org.apache.hadoop.fs.ozone.TestRootedOzoneFileSystem" time="3.167"/>
  <testcase name="testCreateDoesNotAddParentDirKeys[3]" classname="org.apache.hadoop.fs.ozone.TestRootedOzoneFileSystem" time="0.121"/>
  <testcase name="testMkdirNonExistentVolume[3]" classname="org.apache.hadoop.fs.ozone.TestRootedOzoneFileSystem" time="0.032"/>
  <testcase name="testDeleteCreatesFakeParentDir[3]" classname="org.apache.hadoop.fs.ozone.TestRootedOzoneFileSystem" time="0.144"/>
  <testcase name="testNonExplicitlyCreatedPathExistsAfterItsLeafsWereRemoved[3]" classname="org.apache.hadoop.fs.ozone.TestRootedOzoneFileSystem" time="0.098"/>
  <testcase name="testFileDelete[3]" classname="org.apache.hadoop.fs.ozone.TestRootedOzoneFileSystem" time="0.199"/>
  <testcase name="testRenameToTrashEnabled[3]" classname="org.apache.hadoop.fs.ozone.TestRootedOzoneFileSystem" time="0.292"/>
  <testcase name="testMkdirOnNonExistentVolumeBucketDir[3]" classname="org.apache.hadoop.fs.ozone.TestRootedOzoneFileSystem" time="0.109"/>
  <testcase name="testListStatusOnLargeDirectory[3]" classname="org.apache.hadoop.fs.ozone.TestRootedOzoneFileSystem" time="13.016"/>
  <testcase name="testRenameToDifferentBucket[3]" classname="org.apache.hadoop.fs.ozone.TestRootedOzoneFileSystem" time="0.039"/>
  <testcase name="testListStatusInBucket[3]" classname="org.apache.hadoop.fs.ozone.TestRootedOzoneFileSystem" time="0.012"/>
  <testcase name="testRenameFileToDir[3]" classname="org.apache.hadoop.fs.ozone.TestRootedOzoneFileSystem" time="0.092"/>
  <testcase name="testNonPrivilegedUserMkdirCreateBucket[4]" classname="org.apache.hadoop.fs.ozone.TestRootedOzoneFileSystem" time="0">
    <skipped message="ACL is not enabled. Skipping this test as it requires ACL to be enabled to be meaningful." type="org.junit.AssumptionViolatedException">org.junit.AssumptionViolatedException: ACL is not enabled. Skipping this test as it requires ACL to be enabled to be meaningful.
	at org.junit.Assume.assumeTrue(Assume.java:68)
	at org.apache.hadoop.fs.ozone.TestRootedOzoneFileSystem.testNonPrivilegedUserMkdirCreateBucket(TestRootedOzoneFileSystem.java:1582)
	at sun.reflect.NativeMethodAccessorImpl.invoke0(Native Method)
	at sun.reflect.NativeMethodAccessorImpl.invoke(NativeMethodAccessorImpl.java:62)
	at sun.reflect.DelegatingMethodAccessorImpl.invoke(DelegatingMethodAccessorImpl.java:43)
	at java.lang.reflect.Method.invoke(Method.java:498)
	at org.junit.runners.model.FrameworkMethod$1.runReflectiveCall(FrameworkMethod.java:59)
	at org.junit.internal.runners.model.ReflectiveCallable.run(ReflectiveCallable.java:12)
	at org.junit.runners.model.FrameworkMethod.invokeExplosively(FrameworkMethod.java:56)
	at org.junit.internal.runners.statements.InvokeMethod.evaluate(InvokeMethod.java:17)
	at org.junit.internal.runners.statements.FailOnTimeout$CallableStatement.call(FailOnTimeout.java:288)
	at org.junit.internal.runners.statements.FailOnTimeout$CallableStatement.call(FailOnTimeout.java:282)
	at java.util.concurrent.FutureTask.run(FutureTask.java:266)
	at java.lang.Thread.run(Thread.java:750)
</skipped>
    <system-out><![CDATA[2022-02-20 11:35:49,271 [Listener at 127.0.0.1/34383] INFO  ozone.MiniOzoneClusterImpl (MiniOzoneClusterImpl.java:shutdown(437)) - Shutting down the Mini Ozone Cluster
2022-02-20 11:35:49,272 [Listener at 127.0.0.1/34383] INFO  ozone.MiniOzoneClusterImpl (MiniOzoneClusterImpl.java:stop(452)) - Stopping the Mini Ozone Cluster
2022-02-20 11:35:49,272 [Listener at 127.0.0.1/34383] INFO  ozone.MiniOzoneClusterImpl (MiniOzoneClusterImpl.java:stopOM(534)) - Stopping the OzoneManager
2022-02-20 11:35:49,272 [Listener at 127.0.0.1/34383] INFO  om.OzoneManager (OzoneManager.java:stop(1893)) - om1[localhost:0]: Stopping Ozone Manager
2022-02-20 11:35:49,272 [Listener at 127.0.0.1/34383] INFO  ipc.Server (Server.java:stop(3414)) - Stopping server on 34383
2022-02-20 11:35:49,290 [IPC Server Responder] INFO  ipc.Server (Server.java:run(1512)) - Stopping IPC Server Responder
2022-02-20 11:35:49,291 [IPC Server listener on 0] INFO  ipc.Server (Server.java:run(1376)) - Stopping IPC Server listener on 0
2022-02-20 11:35:49,291 [Listener at 127.0.0.1/34383] INFO  server.RaftServer (RaftServerProxy.java:lambda$close$6(391)) - om1: close
2022-02-20 11:35:49,291 [Listener at 127.0.0.1/34383] INFO  server.RaftServer$Division (RaftServerImpl.java:lambda$close$4(412)) - om1@group-C5BA1605619E: shutdown
2022-02-20 11:35:49,291 [Listener at 127.0.0.1/34383] INFO  util.JmxRegister (JmxRegister.java:unregister(73)) - Successfully un-registered JMX Bean with object name Ratis:service=RaftServer,group=group-C5BA1605619E,id=om1
2022-02-20 11:35:49,291 [Listener at 127.0.0.1/34383] INFO  impl.RoleInfo (RoleInfo.java:shutdownLeaderState(91)) - om1: shutdown om1@group-C5BA1605619E-LeaderStateImpl
2022-02-20 11:35:49,292 [Listener at 127.0.0.1/34383] INFO  impl.PendingRequests (PendingRequests.java:sendNotLeaderResponses(282)) - om1@group-C5BA1605619E-PendingRequests: sendNotLeaderResponses
2022-02-20 11:35:49,306 [Listener at 127.0.0.1/34383] INFO  impl.StateMachineUpdater (StateMachineUpdater.java:stopAndJoin(149)) - om1@group-C5BA1605619E-StateMachineUpdater: set stopIndex = 6688
2022-02-20 11:35:49,306 [om1@group-C5BA1605619E-StateMachineUpdater] INFO  ratis.OzoneManagerStateMachine (OzoneManagerStateMachine.java:takeSnapshot(417)) - Current Snapshot Index (t:1, i:6688)
2022-02-20 11:35:49,306 [om1@group-C5BA1605619E-StateMachineUpdater] INFO  impl.StateMachineUpdater (StateMachineUpdater.java:takeSnapshot(281)) - om1@group-C5BA1605619E-StateMachineUpdater: Took a snapshot at index 6688
2022-02-20 11:35:49,306 [om1@group-C5BA1605619E-StateMachineUpdater] INFO  impl.StateMachineUpdater (StateMachineUpdater.java:lambda$new$0(89)) - om1@group-C5BA1605619E-StateMachineUpdater: snapshotIndex: updateIncreasingly -1 -> 6688
2022-02-20 11:35:49,306 [om1@group-C5BA1605619E-StateMachineUpdater] INFO  ratis.OzoneManagerStateMachine (OzoneManagerStateMachine.java:close(471)) - StateMachine has shutdown. Shutdown OzoneManager if not already shutdown.
2022-02-20 11:35:49,307 [Listener at 127.0.0.1/34383] INFO  server.RaftServer$Division (ServerState.java:close(419)) - om1@group-C5BA1605619E: closes. applyIndex: 6688
2022-02-20 11:35:49,342 [om1@group-C5BA1605619E-SegmentedRaftLogWorker] INFO  segmented.SegmentedRaftLogWorker (SegmentedRaftLogWorker.java:run(327)) - om1@group-C5BA1605619E-SegmentedRaftLogWorker was interrupted, exiting. There are 0 tasks remaining in the queue.
2022-02-20 11:35:49,342 [Listener at 127.0.0.1/34383] INFO  segmented.SegmentedRaftLogWorker (SegmentedRaftLogWorker.java:close(237)) - om1@group-C5BA1605619E-SegmentedRaftLogWorker close()
2022-02-20 11:35:49,344 [Listener at 127.0.0.1/34383] INFO  server.GrpcService (GrpcService.java:closeImpl(262)) - om1: shutdown server with port 9872 now
2022-02-20 11:35:49,344 [Listener at 127.0.0.1/34383] INFO  server.GrpcService (GrpcService.java:closeImpl(271)) - om1: shutdown server with port 9872 successfully
2022-02-20 11:35:49,344 [org.apache.ratis.util.JvmPauseMonitor$$Lambda$421/295700833@541439f4] INFO  util.JvmPauseMonitor (JvmPauseMonitor.java:run(109)) - JvmPauseMonitor-om1: Stopped
2022-02-20 11:35:49,344 [Listener at 127.0.0.1/34383] INFO  ratis.OzoneManagerDoubleBuffer (OzoneManagerDoubleBuffer.java:stop(437)) - Stopping OMDoubleBuffer flush thread
2022-02-20 11:35:49,345 [OMDoubleBufferFlushThread] INFO  ratis.OzoneManagerDoubleBuffer (OzoneManagerDoubleBuffer.java:flushTransactions(356)) - OMDoubleBuffer flush thread OMDoubleBufferFlushThread is interrupted and will exit. OMDoubleBufferFlushThread
2022-02-20 11:35:49,350 [Listener at 127.0.0.1/34383] INFO  utils.BackgroundService (BackgroundService.java:shutdown(132)) - Shutting down service KeyDeletingService
2022-02-20 11:35:49,350 [Listener at 127.0.0.1/34383] INFO  utils.BackgroundService (BackgroundService.java:shutdown(132)) - Shutting down service DirectoryDeletingService
2022-02-20 11:35:49,350 [Listener at 127.0.0.1/34383] INFO  handler.ContextHandler (ContextHandler.java:doStop(1153)) - Stopped o.e.j.w.WebAppContext@29528773{ozoneManager,/,null,STOPPED}{file:/home/runner/work/ozone/ozone/hadoop-ozone/integration-test/target/test-classes/webapps/ozoneManager}
2022-02-20 11:35:49,351 [Listener at 127.0.0.1/34383] INFO  server.AbstractConnector (AbstractConnector.java:doStop(381)) - Stopped ServerConnector@ee021ff{HTTP/1.1, (http/1.1)}{0.0.0.0:0}
2022-02-20 11:35:49,351 [Listener at 127.0.0.1/34383] INFO  server.session (HouseKeeper.java:stopScavenging(149)) - node0 Stopped scavenging
2022-02-20 11:35:49,352 [Listener at 127.0.0.1/34383] INFO  handler.ContextHandler (ContextHandler.java:doStop(1153)) - Stopped o.e.j.s.ServletContextHandler@103109d3{static,/static,file:///home/runner/work/ozone/ozone/hadoop-ozone/integration-test/target/test-classes/webapps/static,STOPPED}
2022-02-20 11:35:49,352 [Listener at 127.0.0.1/34383] INFO  handler.ContextHandler (ContextHandler.java:doStop(1153)) - Stopped o.e.j.s.ServletContextHandler@720aa646{logs,/logs,file:///home/runner/work/ozone/ozone/hadoop-ozone/integration-test/target/log,STOPPED}
2022-02-20 11:35:49,363 [Listener at 127.0.0.1/34383] INFO  ozone.MiniOzoneClusterImpl (MiniOzoneClusterImpl.java:stopDatanodes(511)) - Stopping the HddsDatanodes
2022-02-20 11:35:49,386 [Trash Emptier] ERROR om.TrashPolicyOzone (TrashPolicyOzone.java:run(251)) - Error attempting to shutdown
java.lang.InterruptedException
	at java.util.concurrent.locks.AbstractQueuedSynchronizer$ConditionObject.awaitNanos(AbstractQueuedSynchronizer.java:2067)
	at java.util.concurrent.ThreadPoolExecutor.awaitTermination(ThreadPoolExecutor.java:1475)
	at org.apache.hadoop.ozone.om.TrashPolicyOzone$Emptier.run(TrashPolicyOzone.java:249)
	at java.lang.Thread.run(Thread.java:750)
2022-02-20 11:35:49,394 [Trash Emptier] ERROR util.ExitUtils (ExitUtils.java:terminate(133)) - Terminating with exit status -1: Thread[Trash Emptier,5,main] has thrown an uncaught exception
java.lang.UnsupportedOperationException: fs.getUri() not implemented in TrashOzoneFileSystem
	at org.apache.hadoop.ozone.om.TrashOzoneFileSystem.getUri(TrashOzoneFileSystem.java:124)
	at org.apache.hadoop.fs.FileSystem.close(FileSystem.java:2592)
	at org.apache.hadoop.ozone.om.TrashPolicyOzone$Emptier.run(TrashPolicyOzone.java:243)
	at java.lang.Thread.run(Thread.java:750)
2022-02-20 11:35:54,383 [Listener at 127.0.0.1/34383] INFO  ozoneimpl.OzoneContainer (OzoneContainer.java:stop(351)) - Attempting to stop container services.
2022-02-20 11:35:54,384 [Listener at 127.0.0.1/34383] INFO  server.RaftServer (RaftServerProxy.java:lambda$close$6(391)) - b8fdba17-8d93-448f-ac2b-c9170093642a: close
2022-02-20 11:35:54,384 [Listener at 127.0.0.1/34383] INFO  server.RaftServer$Division (RaftServerImpl.java:lambda$close$4(412)) - b8fdba17-8d93-448f-ac2b-c9170093642a@group-7855AF18B3F7: shutdown
2022-02-20 11:35:54,384 [Listener at 127.0.0.1/34383] INFO  util.JmxRegister (JmxRegister.java:unregister(73)) - Successfully un-registered JMX Bean with object name Ratis:service=RaftServer,group=group-7855AF18B3F7,id=b8fdba17-8d93-448f-ac2b-c9170093642a
2022-02-20 11:35:54,384 [Listener at 127.0.0.1/34383] INFO  impl.RoleInfo (RoleInfo.java:shutdownLeaderState(91)) - b8fdba17-8d93-448f-ac2b-c9170093642a: shutdown b8fdba17-8d93-448f-ac2b-c9170093642a@group-7855AF18B3F7-LeaderStateImpl
2022-02-20 11:35:54,384 [Listener at 127.0.0.1/34383] INFO  impl.PendingRequests (PendingRequests.java:sendNotLeaderResponses(282)) - b8fdba17-8d93-448f-ac2b-c9170093642a@group-7855AF18B3F7-PendingRequests: sendNotLeaderResponses
2022-02-20 11:35:54,386 [b8fdba17-8d93-448f-ac2b-c9170093642a@group-7855AF18B3F7-StateMachineUpdater] INFO  ratis.ContainerStateMachine (ContainerStateMachine.java:takeSnapshot(304)) - group-7855AF18B3F7: Taking a snapshot at:(t:1, i:0) file /home/runner/work/ozone/ozone/hadoop-ozone/integration-test/target/test-dir/MiniOzoneClusterImpl-ef7d9b18-b883-481c-b364-f8f997331ef1/datanode-1/data/ratis/dc30ef09-880c-4b07-8b3e-7855af18b3f7/sm/snapshot.1_0
2022-02-20 11:35:54,387 [b8fdba17-8d93-448f-ac2b-c9170093642a@group-7855AF18B3F7-StateMachineUpdater] INFO  ratis.ContainerStateMachine (ContainerStateMachine.java:takeSnapshot(315)) - group-7855AF18B3F7: Finished taking a snapshot at:(t:1, i:0) file:/home/runner/work/ozone/ozone/hadoop-ozone/integration-test/target/test-dir/MiniOzoneClusterImpl-ef7d9b18-b883-481c-b364-f8f997331ef1/datanode-1/data/ratis/dc30ef09-880c-4b07-8b3e-7855af18b3f7/sm/snapshot.1_0 took: 1 ms
2022-02-20 11:35:54,387 [b8fdba17-8d93-448f-ac2b-c9170093642a@group-7855AF18B3F7-StateMachineUpdater] INFO  impl.StateMachineUpdater (StateMachineUpdater.java:takeSnapshot(281)) - b8fdba17-8d93-448f-ac2b-c9170093642a@group-7855AF18B3F7-StateMachineUpdater: Took a snapshot at index 0
2022-02-20 11:35:54,388 [b8fdba17-8d93-448f-ac2b-c9170093642a@group-7855AF18B3F7-StateMachineUpdater] INFO  impl.StateMachineUpdater (StateMachineUpdater.java:lambda$new$0(89)) - b8fdba17-8d93-448f-ac2b-c9170093642a@group-7855AF18B3F7-StateMachineUpdater: snapshotIndex: updateIncreasingly -1 -> 0
2022-02-20 11:35:54,388 [Listener at 127.0.0.1/34383] INFO  impl.StateMachineUpdater (StateMachineUpdater.java:stopAndJoin(149)) - b8fdba17-8d93-448f-ac2b-c9170093642a@group-7855AF18B3F7-StateMachineUpdater: set stopIndex = 0
2022-02-20 11:35:54,388 [Listener at 127.0.0.1/34383] INFO  server.RaftServer$Division (ServerState.java:close(419)) - b8fdba17-8d93-448f-ac2b-c9170093642a@group-7855AF18B3F7: closes. applyIndex: 0
2022-02-20 11:35:54,388 [b8fdba17-8d93-448f-ac2b-c9170093642a@group-7855AF18B3F7-SegmentedRaftLogWorker] INFO  segmented.SegmentedRaftLogWorker (SegmentedRaftLogWorker.java:run(327)) - b8fdba17-8d93-448f-ac2b-c9170093642a@group-7855AF18B3F7-SegmentedRaftLogWorker was interrupted, exiting. There are 0 tasks remaining in the queue.
2022-02-20 11:35:54,389 [Listener at 127.0.0.1/34383] INFO  segmented.SegmentedRaftLogWorker (SegmentedRaftLogWorker.java:close(237)) - b8fdba17-8d93-448f-ac2b-c9170093642a@group-7855AF18B3F7-SegmentedRaftLogWorker close()
2022-02-20 11:35:54,398 [Listener at 127.0.0.1/34383] INFO  server.RaftServer$Division (RaftServerImpl.java:lambda$close$4(412)) - b8fdba17-8d93-448f-ac2b-c9170093642a@group-BBF4AD563052: shutdown
2022-02-20 11:35:54,398 [Listener at 127.0.0.1/34383] INFO  util.JmxRegister (JmxRegister.java:unregister(73)) - Successfully un-registered JMX Bean with object name Ratis:service=RaftServer,group=group-BBF4AD563052,id=b8fdba17-8d93-448f-ac2b-c9170093642a
2022-02-20 11:35:54,398 [Listener at 127.0.0.1/34383] INFO  impl.RoleInfo (RoleInfo.java:shutdownLeaderState(91)) - b8fdba17-8d93-448f-ac2b-c9170093642a: shutdown b8fdba17-8d93-448f-ac2b-c9170093642a@group-BBF4AD563052-LeaderStateImpl
2022-02-20 11:35:54,399 [b8fdba17-8d93-448f-ac2b-c9170093642a@group-BBF4AD563052->5b575dfa-70dc-4a83-a3ea-105d5dbe372d-GrpcLogAppender-LogAppenderDaemon] WARN  server.GrpcLogAppender (GrpcLogAppender.java:mayWait(177)) - b8fdba17-8d93-448f-ac2b-c9170093642a@group-BBF4AD563052->5b575dfa-70dc-4a83-a3ea-105d5dbe372d-GrpcLogAppender: Wait interrupted by java.lang.InterruptedException
2022-02-20 11:35:54,399 [Listener at 127.0.0.1/34383] INFO  impl.PendingRequests (PendingRequests.java:sendNotLeaderResponses(282)) - b8fdba17-8d93-448f-ac2b-c9170093642a@group-BBF4AD563052-PendingRequests: sendNotLeaderResponses
2022-02-20 11:35:54,399 [b8fdba17-8d93-448f-ac2b-c9170093642a@group-BBF4AD563052->2d03a53d-46d4-463d-bb09-340522a9c0f9-GrpcLogAppender-LogAppenderDaemon] WARN  server.GrpcLogAppender (GrpcLogAppender.java:mayWait(177)) - b8fdba17-8d93-448f-ac2b-c9170093642a@group-BBF4AD563052->2d03a53d-46d4-463d-bb09-340522a9c0f9-GrpcLogAppender: Wait interrupted by java.lang.InterruptedException
2022-02-20 11:35:54,401 [Listener at 127.0.0.1/34383] INFO  impl.StateMachineUpdater (StateMachineUpdater.java:stopAndJoin(149)) - b8fdba17-8d93-448f-ac2b-c9170093642a@group-BBF4AD563052-StateMachineUpdater: set stopIndex = 47
2022-02-20 11:35:54,401 [b8fdba17-8d93-448f-ac2b-c9170093642a@group-BBF4AD563052-StateMachineUpdater] INFO  ratis.ContainerStateMachine (ContainerStateMachine.java:takeSnapshot(304)) - group-BBF4AD563052: Taking a snapshot at:(t:2, i:47) file /home/runner/work/ozone/ozone/hadoop-ozone/integration-test/target/test-dir/MiniOzoneClusterImpl-ef7d9b18-b883-481c-b364-f8f997331ef1/datanode-1/data/ratis/9af08ad9-a716-4365-beb3-bbf4ad563052/sm/snapshot.2_47
2022-02-20 11:35:54,401 [grpc-default-executor-2] INFO  server.GrpcServerProtocolService (GrpcServerProtocolService.java:onCompleted(140)) - 5b575dfa-70dc-4a83-a3ea-105d5dbe372d: Completed APPEND_ENTRIES, lastRequest: b8fdba17-8d93-448f-ac2b-c9170093642a->5b575dfa-70dc-4a83-a3ea-105d5dbe372d#607-t2,previous=(t:2, i:46),leaderCommit=45,initializing? true,entries: size=1, first=(t:2, i:47), METADATAENTRY(c:45)
2022-02-20 11:35:54,401 [grpc-default-executor-6] INFO  server.GrpcServerProtocolService (GrpcServerProtocolService.java:onCompleted(140)) - 2d03a53d-46d4-463d-bb09-340522a9c0f9: Completed APPEND_ENTRIES, lastRequest: b8fdba17-8d93-448f-ac2b-c9170093642a->2d03a53d-46d4-463d-bb09-340522a9c0f9#607-t2,previous=(t:2, i:46),leaderCommit=45,initializing? true,entries: size=1, first=(t:2, i:47), METADATAENTRY(c:45)
2022-02-20 11:35:54,402 [b8fdba17-8d93-448f-ac2b-c9170093642a@group-BBF4AD563052-StateMachineUpdater] INFO  ratis.ContainerStateMachine (ContainerStateMachine.java:takeSnapshot(315)) - group-BBF4AD563052: Finished taking a snapshot at:(t:2, i:47) file:/home/runner/work/ozone/ozone/hadoop-ozone/integration-test/target/test-dir/MiniOzoneClusterImpl-ef7d9b18-b883-481c-b364-f8f997331ef1/datanode-1/data/ratis/9af08ad9-a716-4365-beb3-bbf4ad563052/sm/snapshot.2_47 took: 1 ms
2022-02-20 11:35:54,402 [b8fdba17-8d93-448f-ac2b-c9170093642a@group-BBF4AD563052-StateMachineUpdater] INFO  impl.StateMachineUpdater (StateMachineUpdater.java:takeSnapshot(281)) - b8fdba17-8d93-448f-ac2b-c9170093642a@group-BBF4AD563052-StateMachineUpdater: Took a snapshot at index 47
2022-02-20 11:35:54,402 [b8fdba17-8d93-448f-ac2b-c9170093642a@group-BBF4AD563052-StateMachineUpdater] INFO  impl.StateMachineUpdater (StateMachineUpdater.java:lambda$new$0(89)) - b8fdba17-8d93-448f-ac2b-c9170093642a@group-BBF4AD563052-StateMachineUpdater: snapshotIndex: updateIncreasingly -1 -> 47
2022-02-20 11:35:54,403 [Listener at 127.0.0.1/34383] INFO  server.RaftServer$Division (ServerState.java:close(419)) - b8fdba17-8d93-448f-ac2b-c9170093642a@group-BBF4AD563052: closes. applyIndex: 47
2022-02-20 11:35:54,403 [b8fdba17-8d93-448f-ac2b-c9170093642a@group-BBF4AD563052-SegmentedRaftLogWorker] INFO  segmented.SegmentedRaftLogWorker (SegmentedRaftLogWorker.java:run(327)) - b8fdba17-8d93-448f-ac2b-c9170093642a@group-BBF4AD563052-SegmentedRaftLogWorker was interrupted, exiting. There are 0 tasks remaining in the queue.
2022-02-20 11:35:54,403 [Listener at 127.0.0.1/34383] INFO  segmented.SegmentedRaftLogWorker (SegmentedRaftLogWorker.java:close(237)) - b8fdba17-8d93-448f-ac2b-c9170093642a@group-BBF4AD563052-SegmentedRaftLogWorker close()
2022-02-20 11:35:54,404 [grpc-default-executor-6] INFO  server.GrpcLogAppender (GrpcLogAppender.java:onCompleted(346)) - b8fdba17-8d93-448f-ac2b-c9170093642a@group-BBF4AD563052->2d03a53d-46d4-463d-bb09-340522a9c0f9-AppendLogResponseHandler: follower responses appendEntries COMPLETED
2022-02-20 11:35:54,404 [grpc-default-executor-6] INFO  leader.FollowerInfo (FollowerInfoImpl.java:lambda$new$0(47)) - b8fdba17-8d93-448f-ac2b-c9170093642a@group-BBF4AD563052->2d03a53d-46d4-463d-bb09-340522a9c0f9: nextIndex: updateUnconditionally 48 -> 47
2022-02-20 11:35:54,404 [grpc-default-executor-2] INFO  server.GrpcLogAppender (GrpcLogAppender.java:onCompleted(346)) - b8fdba17-8d93-448f-ac2b-c9170093642a@group-BBF4AD563052->5b575dfa-70dc-4a83-a3ea-105d5dbe372d-AppendLogResponseHandler: follower responses appendEntries COMPLETED
2022-02-20 11:35:54,404 [grpc-default-executor-2] INFO  leader.FollowerInfo (FollowerInfoImpl.java:lambda$new$0(47)) - b8fdba17-8d93-448f-ac2b-c9170093642a@group-BBF4AD563052->5b575dfa-70dc-4a83-a3ea-105d5dbe372d: nextIndex: updateUnconditionally 48 -> 47
2022-02-20 11:35:54,406 [Listener at 127.0.0.1/34383] INFO  server.RaftServer$Division (RaftServerImpl.java:lambda$close$4(412)) - b8fdba17-8d93-448f-ac2b-c9170093642a@group-F08C7E998D85: shutdown
2022-02-20 11:35:54,406 [Listener at 127.0.0.1/34383] INFO  util.JmxRegister (JmxRegister.java:unregister(73)) - Successfully un-registered JMX Bean with object name Ratis:service=RaftServer,group=group-F08C7E998D85,id=b8fdba17-8d93-448f-ac2b-c9170093642a
2022-02-20 11:35:54,406 [Listener at 127.0.0.1/34383] INFO  impl.RoleInfo (RoleInfo.java:shutdownFollowerState(108)) - b8fdba17-8d93-448f-ac2b-c9170093642a: shutdown b8fdba17-8d93-448f-ac2b-c9170093642a@group-F08C7E998D85-FollowerState
2022-02-20 11:35:54,406 [Listener at 127.0.0.1/34383] INFO  impl.StateMachineUpdater (StateMachineUpdater.java:stopAndJoin(149)) - b8fdba17-8d93-448f-ac2b-c9170093642a@group-F08C7E998D85-StateMachineUpdater: set stopIndex = 0
2022-02-20 11:35:54,407 [b8fdba17-8d93-448f-ac2b-c9170093642a@group-F08C7E998D85-FollowerState] INFO  impl.FollowerState (FollowerState.java:run(143)) - b8fdba17-8d93-448f-ac2b-c9170093642a@group-F08C7E998D85-FollowerState was interrupted: {}
java.lang.InterruptedException: sleep interrupted
	at java.lang.Thread.sleep(Native Method)
	at java.lang.Thread.sleep(Thread.java:342)
	at java.util.concurrent.TimeUnit.sleep(TimeUnit.java:386)
	at org.apache.ratis.util.TimeDuration.sleep(TimeDuration.java:324)
	at org.apache.ratis.util.TimeDuration.sleep(TimeDuration.java:309)
	at org.apache.ratis.server.impl.FollowerState.run(FollowerState.java:118)
2022-02-20 11:35:54,407 [b8fdba17-8d93-448f-ac2b-c9170093642a@group-F08C7E998D85-StateMachineUpdater] INFO  ratis.ContainerStateMachine (ContainerStateMachine.java:takeSnapshot(304)) - group-F08C7E998D85: Taking a snapshot at:(t:4, i:0) file /home/runner/work/ozone/ozone/hadoop-ozone/integration-test/target/test-dir/MiniOzoneClusterImpl-ef7d9b18-b883-481c-b364-f8f997331ef1/datanode-1/data/ratis/294ebe98-57e6-4d56-8a6d-f08c7e998d85/sm/snapshot.4_0
2022-02-20 11:35:54,417 [b8fdba17-8d93-448f-ac2b-c9170093642a@group-F08C7E998D85-StateMachineUpdater] INFO  ratis.ContainerStateMachine (ContainerStateMachine.java:takeSnapshot(315)) - group-F08C7E998D85: Finished taking a snapshot at:(t:4, i:0) file:/home/runner/work/ozone/ozone/hadoop-ozone/integration-test/target/test-dir/MiniOzoneClusterImpl-ef7d9b18-b883-481c-b364-f8f997331ef1/datanode-1/data/ratis/294ebe98-57e6-4d56-8a6d-f08c7e998d85/sm/snapshot.4_0 took: 11 ms
2022-02-20 11:35:54,418 [b8fdba17-8d93-448f-ac2b-c9170093642a@group-F08C7E998D85-StateMachineUpdater] INFO  impl.StateMachineUpdater (StateMachineUpdater.java:takeSnapshot(281)) - b8fdba17-8d93-448f-ac2b-c9170093642a@group-F08C7E998D85-StateMachineUpdater: Took a snapshot at index 0
2022-02-20 11:35:54,418 [b8fdba17-8d93-448f-ac2b-c9170093642a@group-F08C7E998D85-StateMachineUpdater] INFO  impl.StateMachineUpdater (StateMachineUpdater.java:lambda$new$0(89)) - b8fdba17-8d93-448f-ac2b-c9170093642a@group-F08C7E998D85-StateMachineUpdater: snapshotIndex: updateIncreasingly -1 -> 0
2022-02-20 11:35:54,421 [Listener at 127.0.0.1/34383] INFO  server.RaftServer$Division (ServerState.java:close(419)) - b8fdba17-8d93-448f-ac2b-c9170093642a@group-F08C7E998D85: closes. applyIndex: 0
2022-02-20 11:35:54,421 [b8fdba17-8d93-448f-ac2b-c9170093642a@group-F08C7E998D85-SegmentedRaftLogWorker] INFO  segmented.SegmentedRaftLogWorker (SegmentedRaftLogWorker.java:run(327)) - b8fdba17-8d93-448f-ac2b-c9170093642a@group-F08C7E998D85-SegmentedRaftLogWorker was interrupted, exiting. There are 0 tasks remaining in the queue.
2022-02-20 11:35:54,422 [Listener at 127.0.0.1/34383] INFO  segmented.SegmentedRaftLogWorker (SegmentedRaftLogWorker.java:close(237)) - b8fdba17-8d93-448f-ac2b-c9170093642a@group-F08C7E998D85-SegmentedRaftLogWorker close()
2022-02-20 11:35:54,423 [Listener at 127.0.0.1/34383] INFO  server.GrpcService (GrpcService.java:closeImpl(262)) - b8fdba17-8d93-448f-ac2b-c9170093642a: shutdown server with port 42573 now
2022-02-20 11:35:54,424 [ForkJoinPool.commonPool-worker-1] INFO  ozoneimpl.OzoneContainer (OzoneContainer.java:stop(351)) - Attempting to stop container services.
2022-02-20 11:35:54,425 [grpc-default-executor-2] WARN  server.GrpcServerProtocolService (LogUtils.java:warn(122)) - b8fdba17-8d93-448f-ac2b-c9170093642a: installSnapshot onError, lastRequest: 5b575dfa-70dc-4a83-a3ea-105d5dbe372d->b8fdba17-8d93-448f-ac2b-c9170093642a#1-t4,previous=(t:0, i:0),leaderCommit=0,initializing? true,entries: size=1, first=(t:4, i:0), CONFIGURATIONENTRY: org.apache.ratis.thirdparty.io.grpc.StatusRuntimeException: CANCELLED: client cancelled
2022-02-20 11:35:54,426 [grpc-default-executor-0] WARN  client.GrpcClientProtocolService (LogUtils.java:warn(122)) - 1-UnorderedRequestStreamObserver1: onError: org.apache.ratis.thirdparty.io.grpc.StatusRuntimeException: CANCELLED: client cancelled
2022-02-20 11:35:54,442 [ForkJoinPool.commonPool-worker-1] INFO  server.RaftServer (RaftServerProxy.java:lambda$close$6(391)) - 2d03a53d-46d4-463d-bb09-340522a9c0f9: close
2022-02-20 11:35:54,442 [ForkJoinPool.commonPool-worker-1] INFO  server.RaftServer$Division (RaftServerImpl.java:lambda$close$4(412)) - 2d03a53d-46d4-463d-bb09-340522a9c0f9@group-BBF4AD563052: shutdown
2022-02-20 11:35:54,442 [ForkJoinPool.commonPool-worker-1] INFO  util.JmxRegister (JmxRegister.java:unregister(73)) - Successfully un-registered JMX Bean with object name Ratis:service=RaftServer,group=group-BBF4AD563052,id=2d03a53d-46d4-463d-bb09-340522a9c0f9
2022-02-20 11:35:54,442 [ForkJoinPool.commonPool-worker-1] INFO  impl.RoleInfo (RoleInfo.java:shutdownFollowerState(108)) - 2d03a53d-46d4-463d-bb09-340522a9c0f9: shutdown 2d03a53d-46d4-463d-bb09-340522a9c0f9@group-BBF4AD563052-FollowerState
2022-02-20 11:35:54,442 [ForkJoinPool.commonPool-worker-1] INFO  impl.StateMachineUpdater (StateMachineUpdater.java:stopAndJoin(149)) - 2d03a53d-46d4-463d-bb09-340522a9c0f9@group-BBF4AD563052-StateMachineUpdater: set stopIndex = 47
2022-02-20 11:35:54,442 [2d03a53d-46d4-463d-bb09-340522a9c0f9@group-BBF4AD563052-FollowerState] INFO  impl.FollowerState (FollowerState.java:run(143)) - 2d03a53d-46d4-463d-bb09-340522a9c0f9@group-BBF4AD563052-FollowerState was interrupted: {}
java.lang.InterruptedException: sleep interrupted
	at java.lang.Thread.sleep(Native Method)
	at java.lang.Thread.sleep(Thread.java:342)
	at java.util.concurrent.TimeUnit.sleep(TimeUnit.java:386)
	at org.apache.ratis.util.TimeDuration.sleep(TimeDuration.java:324)
	at org.apache.ratis.util.TimeDuration.sleep(TimeDuration.java:309)
	at org.apache.ratis.server.impl.FollowerState.run(FollowerState.java:118)
2022-02-20 11:35:54,442 [2d03a53d-46d4-463d-bb09-340522a9c0f9@group-BBF4AD563052-StateMachineUpdater] INFO  ratis.ContainerStateMachine (ContainerStateMachine.java:takeSnapshot(304)) - group-BBF4AD563052: Taking a snapshot at:(t:2, i:47) file /home/runner/work/ozone/ozone/hadoop-ozone/integration-test/target/test-dir/MiniOzoneClusterImpl-ef7d9b18-b883-481c-b364-f8f997331ef1/datanode-0/data/ratis/9af08ad9-a716-4365-beb3-bbf4ad563052/sm/snapshot.2_47
2022-02-20 11:35:54,442 [Listener at 127.0.0.1/34383] INFO  server.GrpcService (GrpcService.java:closeImpl(271)) - b8fdba17-8d93-448f-ac2b-c9170093642a: shutdown server with port 42573 successfully
2022-02-20 11:35:54,443 [org.apache.ratis.util.JvmPauseMonitor$$Lambda$421/295700833@6e3e514c] INFO  util.JvmPauseMonitor (JvmPauseMonitor.java:run(109)) - JvmPauseMonitor-b8fdba17-8d93-448f-ac2b-c9170093642a: Stopped
2022-02-20 11:35:54,443 [2d03a53d-46d4-463d-bb09-340522a9c0f9@group-BBF4AD563052-StateMachineUpdater] INFO  ratis.ContainerStateMachine (ContainerStateMachine.java:takeSnapshot(315)) - group-BBF4AD563052: Finished taking a snapshot at:(t:2, i:47) file:/home/runner/work/ozone/ozone/hadoop-ozone/integration-test/target/test-dir/MiniOzoneClusterImpl-ef7d9b18-b883-481c-b364-f8f997331ef1/datanode-0/data/ratis/9af08ad9-a716-4365-beb3-bbf4ad563052/sm/snapshot.2_47 took: 1 ms
2022-02-20 11:35:54,444 [2d03a53d-46d4-463d-bb09-340522a9c0f9@group-BBF4AD563052-StateMachineUpdater] INFO  impl.StateMachineUpdater (StateMachineUpdater.java:takeSnapshot(281)) - 2d03a53d-46d4-463d-bb09-340522a9c0f9@group-BBF4AD563052-StateMachineUpdater: Took a snapshot at index 47
2022-02-20 11:35:54,444 [2d03a53d-46d4-463d-bb09-340522a9c0f9@group-BBF4AD563052-StateMachineUpdater] INFO  impl.StateMachineUpdater (StateMachineUpdater.java:lambda$new$0(89)) - 2d03a53d-46d4-463d-bb09-340522a9c0f9@group-BBF4AD563052-StateMachineUpdater: snapshotIndex: updateIncreasingly -1 -> 47
2022-02-20 11:35:54,444 [ForkJoinPool.commonPool-worker-1] INFO  server.RaftServer$Division (ServerState.java:close(419)) - 2d03a53d-46d4-463d-bb09-340522a9c0f9@group-BBF4AD563052: closes. applyIndex: 47
2022-02-20 11:35:54,445 [2d03a53d-46d4-463d-bb09-340522a9c0f9@group-BBF4AD563052-SegmentedRaftLogWorker] INFO  segmented.SegmentedRaftLogWorker (SegmentedRaftLogWorker.java:run(327)) - 2d03a53d-46d4-463d-bb09-340522a9c0f9@group-BBF4AD563052-SegmentedRaftLogWorker was interrupted, exiting. There are 0 tasks remaining in the queue.
2022-02-20 11:35:54,446 [ForkJoinPool.commonPool-worker-1] INFO  segmented.SegmentedRaftLogWorker (SegmentedRaftLogWorker.java:close(237)) - 2d03a53d-46d4-463d-bb09-340522a9c0f9@group-BBF4AD563052-SegmentedRaftLogWorker close()
2022-02-20 11:35:54,446 [ForkJoinPool.commonPool-worker-1] INFO  server.RaftServer$Division (RaftServerImpl.java:lambda$close$4(412)) - 2d03a53d-46d4-463d-bb09-340522a9c0f9@group-F08C7E998D85: shutdown
2022-02-20 11:35:54,446 [ForkJoinPool.commonPool-worker-1] INFO  util.JmxRegister (JmxRegister.java:unregister(73)) - Successfully un-registered JMX Bean with object name Ratis:service=RaftServer,group=group-F08C7E998D85,id=2d03a53d-46d4-463d-bb09-340522a9c0f9
2022-02-20 11:35:54,446 [ForkJoinPool.commonPool-worker-1] INFO  impl.RoleInfo (RoleInfo.java:shutdownFollowerState(108)) - 2d03a53d-46d4-463d-bb09-340522a9c0f9: shutdown 2d03a53d-46d4-463d-bb09-340522a9c0f9@group-F08C7E998D85-FollowerState
2022-02-20 11:35:54,446 [ForkJoinPool.commonPool-worker-1] INFO  impl.StateMachineUpdater (StateMachineUpdater.java:stopAndJoin(149)) - 2d03a53d-46d4-463d-bb09-340522a9c0f9@group-F08C7E998D85-StateMachineUpdater: set stopIndex = 0
2022-02-20 11:35:54,447 [2d03a53d-46d4-463d-bb09-340522a9c0f9@group-F08C7E998D85-FollowerState] INFO  impl.FollowerState (FollowerState.java:run(143)) - 2d03a53d-46d4-463d-bb09-340522a9c0f9@group-F08C7E998D85-FollowerState was interrupted: {}
java.lang.InterruptedException: sleep interrupted
	at java.lang.Thread.sleep(Native Method)
	at java.lang.Thread.sleep(Thread.java:342)
	at java.util.concurrent.TimeUnit.sleep(TimeUnit.java:386)
	at org.apache.ratis.util.TimeDuration.sleep(TimeDuration.java:324)
	at org.apache.ratis.util.TimeDuration.sleep(TimeDuration.java:309)
	at org.apache.ratis.server.impl.FollowerState.run(FollowerState.java:118)
2022-02-20 11:35:54,447 [2d03a53d-46d4-463d-bb09-340522a9c0f9@group-F08C7E998D85-StateMachineUpdater] INFO  ratis.ContainerStateMachine (ContainerStateMachine.java:takeSnapshot(304)) - group-F08C7E998D85: Taking a snapshot at:(t:4, i:0) file /home/runner/work/ozone/ozone/hadoop-ozone/integration-test/target/test-dir/MiniOzoneClusterImpl-ef7d9b18-b883-481c-b364-f8f997331ef1/datanode-0/data/ratis/294ebe98-57e6-4d56-8a6d-f08c7e998d85/sm/snapshot.4_0
2022-02-20 11:35:54,447 [2d03a53d-46d4-463d-bb09-340522a9c0f9@group-F08C7E998D85-StateMachineUpdater] INFO  ratis.ContainerStateMachine (ContainerStateMachine.java:takeSnapshot(315)) - group-F08C7E998D85: Finished taking a snapshot at:(t:4, i:0) file:/home/runner/work/ozone/ozone/hadoop-ozone/integration-test/target/test-dir/MiniOzoneClusterImpl-ef7d9b18-b883-481c-b364-f8f997331ef1/datanode-0/data/ratis/294ebe98-57e6-4d56-8a6d-f08c7e998d85/sm/snapshot.4_0 took: 0 ms
2022-02-20 11:35:54,448 [2d03a53d-46d4-463d-bb09-340522a9c0f9@group-F08C7E998D85-StateMachineUpdater] INFO  impl.StateMachineUpdater (StateMachineUpdater.java:takeSnapshot(281)) - 2d03a53d-46d4-463d-bb09-340522a9c0f9@group-F08C7E998D85-StateMachineUpdater: Took a snapshot at index 0
2022-02-20 11:35:54,448 [2d03a53d-46d4-463d-bb09-340522a9c0f9@group-F08C7E998D85-StateMachineUpdater] INFO  impl.StateMachineUpdater (StateMachineUpdater.java:lambda$new$0(89)) - 2d03a53d-46d4-463d-bb09-340522a9c0f9@group-F08C7E998D85-StateMachineUpdater: snapshotIndex: updateIncreasingly -1 -> 0
2022-02-20 11:35:54,448 [ForkJoinPool.commonPool-worker-1] INFO  server.RaftServer$Division (ServerState.java:close(419)) - 2d03a53d-46d4-463d-bb09-340522a9c0f9@group-F08C7E998D85: closes. applyIndex: 0
2022-02-20 11:35:54,448 [2d03a53d-46d4-463d-bb09-340522a9c0f9@group-F08C7E998D85-SegmentedRaftLogWorker] INFO  segmented.SegmentedRaftLogWorker (SegmentedRaftLogWorker.java:run(327)) - 2d03a53d-46d4-463d-bb09-340522a9c0f9@group-F08C7E998D85-SegmentedRaftLogWorker was interrupted, exiting. There are 0 tasks remaining in the queue.
2022-02-20 11:35:54,448 [ForkJoinPool.commonPool-worker-1] INFO  segmented.SegmentedRaftLogWorker (SegmentedRaftLogWorker.java:close(237)) - 2d03a53d-46d4-463d-bb09-340522a9c0f9@group-F08C7E998D85-SegmentedRaftLogWorker close()
2022-02-20 11:35:54,448 [grpc-default-executor-4] WARN  server.GrpcLogAppender (LogUtils.java:warn(122)) - 5b575dfa-70dc-4a83-a3ea-105d5dbe372d@group-F08C7E998D85->b8fdba17-8d93-448f-ac2b-c9170093642a-AppendLogResponseHandler: Failed appendEntries: org.apache.ratis.thirdparty.io.grpc.StatusRuntimeException: CANCELLED: HTTP/2 error code: CANCEL
Received Rst Stream
2022-02-20 11:35:54,448 [grpc-default-executor-4] WARN  server.GrpcLogAppender (GrpcLogAppender.java:resetClient(110)) - 5b575dfa-70dc-4a83-a3ea-105d5dbe372d@group-F08C7E998D85->b8fdba17-8d93-448f-ac2b-c9170093642a-GrpcLogAppender: Leader has not got in touch with Follower 5b575dfa-70dc-4a83-a3ea-105d5dbe372d@group-F08C7E998D85->b8fdba17-8d93-448f-ac2b-c9170093642a(c0,m0,n1, attendVote=true, lastRpcSendTime=1186, lastRpcResponseTime=1162) yet, just keep nextIndex unchanged and retry.
2022-02-20 11:35:54,462 [ForkJoinPool.commonPool-worker-1] INFO  server.RaftServer$Division (RaftServerImpl.java:lambda$close$4(412)) - 2d03a53d-46d4-463d-bb09-340522a9c0f9@group-1B6214CB4F9D: shutdown
2022-02-20 11:35:54,462 [ForkJoinPool.commonPool-worker-1] INFO  util.JmxRegister (JmxRegister.java:unregister(73)) - Successfully un-registered JMX Bean with object name Ratis:service=RaftServer,group=group-1B6214CB4F9D,id=2d03a53d-46d4-463d-bb09-340522a9c0f9
2022-02-20 11:35:54,462 [ForkJoinPool.commonPool-worker-1] INFO  impl.RoleInfo (RoleInfo.java:shutdownLeaderState(91)) - 2d03a53d-46d4-463d-bb09-340522a9c0f9: shutdown 2d03a53d-46d4-463d-bb09-340522a9c0f9@group-1B6214CB4F9D-LeaderStateImpl
2022-02-20 11:35:54,462 [ForkJoinPool.commonPool-worker-1] INFO  impl.PendingRequests (PendingRequests.java:sendNotLeaderResponses(282)) - 2d03a53d-46d4-463d-bb09-340522a9c0f9@group-1B6214CB4F9D-PendingRequests: sendNotLeaderResponses
2022-02-20 11:35:54,463 [ForkJoinPool.commonPool-worker-1] INFO  impl.StateMachineUpdater (StateMachineUpdater.java:stopAndJoin(149)) - 2d03a53d-46d4-463d-bb09-340522a9c0f9@group-1B6214CB4F9D-StateMachineUpdater: set stopIndex = 0
2022-02-20 11:35:54,463 [2d03a53d-46d4-463d-bb09-340522a9c0f9@group-1B6214CB4F9D-StateMachineUpdater] INFO  ratis.ContainerStateMachine (ContainerStateMachine.java:takeSnapshot(304)) - group-1B6214CB4F9D: Taking a snapshot at:(t:1, i:0) file /home/runner/work/ozone/ozone/hadoop-ozone/integration-test/target/test-dir/MiniOzoneClusterImpl-ef7d9b18-b883-481c-b364-f8f997331ef1/datanode-0/data/ratis/c643546e-8c00-43c5-af70-1b6214cb4f9d/sm/snapshot.1_0
2022-02-20 11:35:54,466 [2d03a53d-46d4-463d-bb09-340522a9c0f9@group-1B6214CB4F9D-StateMachineUpdater] INFO  ratis.ContainerStateMachine (ContainerStateMachine.java:takeSnapshot(315)) - group-1B6214CB4F9D: Finished taking a snapshot at:(t:1, i:0) file:/home/runner/work/ozone/ozone/hadoop-ozone/integration-test/target/test-dir/MiniOzoneClusterImpl-ef7d9b18-b883-481c-b364-f8f997331ef1/datanode-0/data/ratis/c643546e-8c00-43c5-af70-1b6214cb4f9d/sm/snapshot.1_0 took: 2 ms
2022-02-20 11:35:54,466 [2d03a53d-46d4-463d-bb09-340522a9c0f9@group-1B6214CB4F9D-StateMachineUpdater] INFO  impl.StateMachineUpdater (StateMachineUpdater.java:takeSnapshot(281)) - 2d03a53d-46d4-463d-bb09-340522a9c0f9@group-1B6214CB4F9D-StateMachineUpdater: Took a snapshot at index 0
2022-02-20 11:35:54,466 [2d03a53d-46d4-463d-bb09-340522a9c0f9@group-1B6214CB4F9D-StateMachineUpdater] INFO  impl.StateMachineUpdater (StateMachineUpdater.java:lambda$new$0(89)) - 2d03a53d-46d4-463d-bb09-340522a9c0f9@group-1B6214CB4F9D-StateMachineUpdater: snapshotIndex: updateIncreasingly -1 -> 0
2022-02-20 11:35:54,487 [ForkJoinPool.commonPool-worker-1] INFO  server.RaftServer$Division (ServerState.java:close(419)) - 2d03a53d-46d4-463d-bb09-340522a9c0f9@group-1B6214CB4F9D: closes. applyIndex: 0
2022-02-20 11:35:54,487 [2d03a53d-46d4-463d-bb09-340522a9c0f9@group-1B6214CB4F9D-SegmentedRaftLogWorker] INFO  segmented.SegmentedRaftLogWorker (SegmentedRaftLogWorker.java:run(327)) - 2d03a53d-46d4-463d-bb09-340522a9c0f9@group-1B6214CB4F9D-SegmentedRaftLogWorker was interrupted, exiting. There are 0 tasks remaining in the queue.
2022-02-20 11:35:54,488 [ForkJoinPool.commonPool-worker-1] INFO  segmented.SegmentedRaftLogWorker (SegmentedRaftLogWorker.java:close(237)) - 2d03a53d-46d4-463d-bb09-340522a9c0f9@group-1B6214CB4F9D-SegmentedRaftLogWorker close()
2022-02-20 11:35:54,497 [ForkJoinPool.commonPool-worker-1] INFO  server.GrpcService (GrpcService.java:closeImpl(262)) - 2d03a53d-46d4-463d-bb09-340522a9c0f9: shutdown server with port 36421 now
2022-02-20 11:35:54,498 [grpc-default-executor-6] WARN  server.GrpcServerProtocolService (LogUtils.java:warn(122)) - 2d03a53d-46d4-463d-bb09-340522a9c0f9: installSnapshot onError, lastRequest: 5b575dfa-70dc-4a83-a3ea-105d5dbe372d->2d03a53d-46d4-463d-bb09-340522a9c0f9#1-t4,previous=(t:0, i:0),leaderCommit=0,initializing? true,entries: size=1, first=(t:4, i:0), CONFIGURATIONENTRY: org.apache.ratis.thirdparty.io.grpc.StatusRuntimeException: CANCELLED: client cancelled
2022-02-20 11:35:54,498 [grpc-default-executor-0] WARN  server.GrpcLogAppender (LogUtils.java:warn(122)) - 5b575dfa-70dc-4a83-a3ea-105d5dbe372d@group-F08C7E998D85->2d03a53d-46d4-463d-bb09-340522a9c0f9-AppendLogResponseHandler: Failed appendEntries: org.apache.ratis.thirdparty.io.grpc.StatusRuntimeException: CANCELLED: HTTP/2 error code: CANCEL
Received Rst Stream
2022-02-20 11:35:54,498 [grpc-default-executor-0] WARN  server.GrpcLogAppender (GrpcLogAppender.java:resetClient(110)) - 5b575dfa-70dc-4a83-a3ea-105d5dbe372d@group-F08C7E998D85->2d03a53d-46d4-463d-bb09-340522a9c0f9-GrpcLogAppender: Leader has not got in touch with Follower 5b575dfa-70dc-4a83-a3ea-105d5dbe372d@group-F08C7E998D85->2d03a53d-46d4-463d-bb09-340522a9c0f9(c0,m0,n1, attendVote=true, lastRpcSendTime=1235, lastRpcResponseTime=1207) yet, just keep nextIndex unchanged and retry.
2022-02-20 11:35:54,518 [ForkJoinPool.commonPool-worker-1] INFO  server.GrpcService (GrpcService.java:closeImpl(271)) - 2d03a53d-46d4-463d-bb09-340522a9c0f9: shutdown server with port 36421 successfully
2022-02-20 11:35:54,518 [org.apache.ratis.util.JvmPauseMonitor$$Lambda$421/295700833@583cd6d0] INFO  util.JvmPauseMonitor (JvmPauseMonitor.java:run(109)) - JvmPauseMonitor-2d03a53d-46d4-463d-bb09-340522a9c0f9: Stopped
2022-02-20 11:35:55,829 [grpc-default-executor-6] WARN  server.GrpcLogAppender (LogUtils.java:warn(122)) - 5b575dfa-70dc-4a83-a3ea-105d5dbe372d@group-F08C7E998D85->2d03a53d-46d4-463d-bb09-340522a9c0f9-AppendLogResponseHandler: Failed appendEntries: org.apache.ratis.thirdparty.io.grpc.StatusRuntimeException: UNAVAILABLE: io exception
2022-02-20 11:35:55,829 [grpc-default-executor-6] WARN  server.GrpcLogAppender (GrpcLogAppender.java:resetClient(110)) - 5b575dfa-70dc-4a83-a3ea-105d5dbe372d@group-F08C7E998D85->2d03a53d-46d4-463d-bb09-340522a9c0f9-GrpcLogAppender: Leader has not got in touch with Follower 5b575dfa-70dc-4a83-a3ea-105d5dbe372d@group-F08C7E998D85->2d03a53d-46d4-463d-bb09-340522a9c0f9(c0,m0,n1, attendVote=true, lastRpcSendTime=0, lastRpcResponseTime=2538) yet, just keep nextIndex unchanged and retry.
2022-02-20 11:35:55,876 [grpc-default-executor-6] WARN  server.GrpcLogAppender (LogUtils.java:warn(122)) - 5b575dfa-70dc-4a83-a3ea-105d5dbe372d@group-F08C7E998D85->b8fdba17-8d93-448f-ac2b-c9170093642a-AppendLogResponseHandler: Failed appendEntries: org.apache.ratis.thirdparty.io.grpc.StatusRuntimeException: UNAVAILABLE: io exception
2022-02-20 11:35:55,876 [grpc-default-executor-6] WARN  server.GrpcLogAppender (GrpcLogAppender.java:resetClient(110)) - 5b575dfa-70dc-4a83-a3ea-105d5dbe372d@group-F08C7E998D85->b8fdba17-8d93-448f-ac2b-c9170093642a-GrpcLogAppender: Leader has not got in touch with Follower 5b575dfa-70dc-4a83-a3ea-105d5dbe372d@group-F08C7E998D85->b8fdba17-8d93-448f-ac2b-c9170093642a(c0,m0,n1, attendVote=true, lastRpcSendTime=0, lastRpcResponseTime=2590) yet, just keep nextIndex unchanged and retry.
2022-02-20 11:35:56,491 [Listener at 127.0.0.1/34383] INFO  utils.BackgroundService (BackgroundService.java:shutdown(132)) - Shutting down service BlockDeletingService
2022-02-20 11:35:56,547 [ForkJoinPool.commonPool-worker-1] INFO  utils.BackgroundService (BackgroundService.java:shutdown(132)) - Shutting down service BlockDeletingService
2022-02-20 11:35:58,334 [grpc-default-executor-6] WARN  server.GrpcLogAppender (LogUtils.java:warn(122)) - 5b575dfa-70dc-4a83-a3ea-105d5dbe372d@group-F08C7E998D85->2d03a53d-46d4-463d-bb09-340522a9c0f9-AppendLogResponseHandler: Failed appendEntries: org.apache.ratis.thirdparty.io.grpc.StatusRuntimeException: UNAVAILABLE: io exception
2022-02-20 11:35:58,335 [grpc-default-executor-6] WARN  server.GrpcLogAppender (GrpcLogAppender.java:resetClient(110)) - 5b575dfa-70dc-4a83-a3ea-105d5dbe372d@group-F08C7E998D85->2d03a53d-46d4-463d-bb09-340522a9c0f9-GrpcLogAppender: Leader has not got in touch with Follower 5b575dfa-70dc-4a83-a3ea-105d5dbe372d@group-F08C7E998D85->2d03a53d-46d4-463d-bb09-340522a9c0f9(c0,m0,n1, attendVote=true, lastRpcSendTime=2506, lastRpcResponseTime=5044) yet, just keep nextIndex unchanged and retry.
2022-02-20 11:35:58,399 [grpc-default-executor-6] WARN  server.GrpcLogAppender (LogUtils.java:warn(122)) - 5b575dfa-70dc-4a83-a3ea-105d5dbe372d@group-F08C7E998D85->b8fdba17-8d93-448f-ac2b-c9170093642a-AppendLogResponseHandler: Failed appendEntries: org.apache.ratis.thirdparty.io.grpc.StatusRuntimeException: UNAVAILABLE: io exception
2022-02-20 11:35:58,399 [grpc-default-executor-6] WARN  server.GrpcLogAppender (GrpcLogAppender.java:resetClient(110)) - 5b575dfa-70dc-4a83-a3ea-105d5dbe372d@group-F08C7E998D85->b8fdba17-8d93-448f-ac2b-c9170093642a-GrpcLogAppender: Leader has not got in touch with Follower 5b575dfa-70dc-4a83-a3ea-105d5dbe372d@group-F08C7E998D85->b8fdba17-8d93-448f-ac2b-c9170093642a(c0,m0,n1, attendVote=true, lastRpcSendTime=2523, lastRpcResponseTime=5113) yet, just keep nextIndex unchanged and retry.
2022-02-20 11:35:58,910 [5b575dfa-70dc-4a83-a3ea-105d5dbe372d@group-F08C7E998D85-LeaderStateImpl] WARN  server.RaftServer$Division (LeaderStateImpl.java:checkLeadership(974)) - 5b575dfa-70dc-4a83-a3ea-105d5dbe372d@group-F08C7E998D85-LeaderStateImpl: Lost leadership on term: 4. Election timeout: 5200ms. In charge for: 20835ms. Conf: 0: [b8fdba17-8d93-448f-ac2b-c9170093642a|rpc:10.1.0.4:42573|dataStream:|priority:0, 2d03a53d-46d4-463d-bb09-340522a9c0f9|rpc:10.1.0.4:36421|dataStream:|priority:0, 5b575dfa-70dc-4a83-a3ea-105d5dbe372d|rpc:10.1.0.4:41217|dataStream:|priority:1], old=null
2022-02-20 11:35:58,910 [5b575dfa-70dc-4a83-a3ea-105d5dbe372d@group-F08C7E998D85-LeaderStateImpl] WARN  server.RaftServer$Division (LeaderStateImpl.java:lambda$checkLeadership$15(978)) - Follower 5b575dfa-70dc-4a83-a3ea-105d5dbe372d@group-F08C7E998D85->b8fdba17-8d93-448f-ac2b-c9170093642a(c0,m0,n1, attendVote=true, lastRpcSendTime=507, lastRpcResponseTime=5624)
2022-02-20 11:35:58,910 [5b575dfa-70dc-4a83-a3ea-105d5dbe372d@group-F08C7E998D85-LeaderStateImpl] WARN  server.RaftServer$Division (LeaderStateImpl.java:lambda$checkLeadership$15(978)) - Follower 5b575dfa-70dc-4a83-a3ea-105d5dbe372d@group-F08C7E998D85->2d03a53d-46d4-463d-bb09-340522a9c0f9(c0,m0,n1, attendVote=true, lastRpcSendTime=574, lastRpcResponseTime=5620)
2022-02-20 11:35:58,910 [5b575dfa-70dc-4a83-a3ea-105d5dbe372d@group-F08C7E998D85-LeaderStateImpl] INFO  server.RaftServer$Division (RaftServerImpl.java:setRole(290)) - 5b575dfa-70dc-4a83-a3ea-105d5dbe372d@group-F08C7E998D85: changes role from    LEADER to FOLLOWER at term 4 for StepDownReason:LOST_MAJORITY_HEARTBEATS
2022-02-20 11:35:58,910 [5b575dfa-70dc-4a83-a3ea-105d5dbe372d@group-F08C7E998D85-LeaderStateImpl] INFO  impl.RoleInfo (RoleInfo.java:shutdownLeaderState(91)) - 5b575dfa-70dc-4a83-a3ea-105d5dbe372d: shutdown 5b575dfa-70dc-4a83-a3ea-105d5dbe372d@group-F08C7E998D85-LeaderStateImpl
2022-02-20 11:35:58,911 [5b575dfa-70dc-4a83-a3ea-105d5dbe372d@group-F08C7E998D85-LeaderStateImpl] INFO  impl.PendingRequests (PendingRequests.java:sendNotLeaderResponses(282)) - 5b575dfa-70dc-4a83-a3ea-105d5dbe372d@group-F08C7E998D85-PendingRequests: sendNotLeaderResponses
2022-02-20 11:35:58,911 [5b575dfa-70dc-4a83-a3ea-105d5dbe372d@group-F08C7E998D85-LeaderStateImpl] INFO  impl.RoleInfo (RoleInfo.java:updateAndGet(130)) - 5b575dfa-70dc-4a83-a3ea-105d5dbe372d: start 5b575dfa-70dc-4a83-a3ea-105d5dbe372d@group-F08C7E998D85-FollowerState
2022-02-20 11:35:59,501 [Listener at 127.0.0.1/34383] INFO  statemachine.DatanodeStateMachine (DatanodeStateMachine.java:stopDaemon(529)) - Ozone container server stopped.
2022-02-20 11:35:59,502 [Listener at 127.0.0.1/34383] INFO  handler.ContextHandler (ContextHandler.java:doStop(1153)) - Stopped o.e.j.w.WebAppContext@4da3f4e7{hddsDatanode,/,null,STOPPED}{jar:file:/home/runner/.m2/repository/org/apache/ozone/hdds-container-service/1.3.0-SNAPSHOT/hdds-container-service-1.3.0-SNAPSHOT.jar!/webapps/hddsDatanode}
2022-02-20 11:35:59,503 [Listener at 127.0.0.1/34383] INFO  server.AbstractConnector (AbstractConnector.java:doStop(381)) - Stopped ServerConnector@1b4d1b22{HTTP/1.1, (http/1.1)}{0.0.0.0:0}
2022-02-20 11:35:59,503 [Listener at 127.0.0.1/34383] INFO  server.session (HouseKeeper.java:stopScavenging(149)) - node0 Stopped scavenging
2022-02-20 11:35:59,503 [Listener at 127.0.0.1/34383] INFO  handler.ContextHandler (ContextHandler.java:doStop(1153)) - Stopped o.e.j.s.ServletContextHandler@31d8ff7a{static,/static,jar:file:/home/runner/.m2/repository/org/apache/ozone/hdds-container-service/1.3.0-SNAPSHOT/hdds-container-service-1.3.0-SNAPSHOT.jar!/webapps/static,STOPPED}
2022-02-20 11:35:59,503 [Listener at 127.0.0.1/34383] INFO  handler.ContextHandler (ContextHandler.java:doStop(1153)) - Stopped o.e.j.s.ServletContextHandler@2e8edc36{logs,/logs,file:///home/runner/work/ozone/ozone/hadoop-ozone/integration-test/target/log,STOPPED}
2022-02-20 11:35:59,596 [ForkJoinPool.commonPool-worker-1] INFO  statemachine.DatanodeStateMachine (DatanodeStateMachine.java:stopDaemon(529)) - Ozone container server stopped.
2022-02-20 11:35:59,622 [ForkJoinPool.commonPool-worker-1] INFO  handler.ContextHandler (ContextHandler.java:doStop(1153)) - Stopped o.e.j.w.WebAppContext@478fdd4e{hddsDatanode,/,null,STOPPED}{jar:file:/home/runner/.m2/repository/org/apache/ozone/hdds-container-service/1.3.0-SNAPSHOT/hdds-container-service-1.3.0-SNAPSHOT.jar!/webapps/hddsDatanode}
2022-02-20 11:35:59,622 [ForkJoinPool.commonPool-worker-1] INFO  server.AbstractConnector (AbstractConnector.java:doStop(381)) - Stopped ServerConnector@77cf68c6{HTTP/1.1, (http/1.1)}{0.0.0.0:0}
2022-02-20 11:35:59,622 [ForkJoinPool.commonPool-worker-1] INFO  server.session (HouseKeeper.java:stopScavenging(149)) - node0 Stopped scavenging
2022-02-20 11:35:59,623 [ForkJoinPool.commonPool-worker-1] INFO  handler.ContextHandler (ContextHandler.java:doStop(1153)) - Stopped o.e.j.s.ServletContextHandler@ad9f257{static,/static,jar:file:/home/runner/.m2/repository/org/apache/ozone/hdds-container-service/1.3.0-SNAPSHOT/hdds-container-service-1.3.0-SNAPSHOT.jar!/webapps/static,STOPPED}
2022-02-20 11:35:59,624 [ForkJoinPool.commonPool-worker-1] INFO  handler.ContextHandler (ContextHandler.java:doStop(1153)) - Stopped o.e.j.s.ServletContextHandler@3961c19f{logs,/logs,file:///home/runner/work/ozone/ozone/hadoop-ozone/integration-test/target/log,STOPPED}
2022-02-20 11:36:02,817 [5b575dfa-70dc-4a83-a3ea-105d5dbe372d@group-BBF4AD563052-FollowerState] INFO  impl.FollowerState (FollowerState.java:run(134)) - 5b575dfa-70dc-4a83-a3ea-105d5dbe372d@group-BBF4AD563052-FollowerState: change to CANDIDATE, lastRpcElapsedTime:9336586868ns, electionTimeout:5000ms
2022-02-20 11:36:02,817 [5b575dfa-70dc-4a83-a3ea-105d5dbe372d@group-BBF4AD563052-FollowerState] INFO  impl.RoleInfo (RoleInfo.java:shutdownFollowerState(108)) - 5b575dfa-70dc-4a83-a3ea-105d5dbe372d: shutdown 5b575dfa-70dc-4a83-a3ea-105d5dbe372d@group-BBF4AD563052-FollowerState
2022-02-20 11:36:02,817 [5b575dfa-70dc-4a83-a3ea-105d5dbe372d@group-BBF4AD563052-FollowerState] INFO  server.RaftServer$Division (RaftServerImpl.java:setRole(290)) - 5b575dfa-70dc-4a83-a3ea-105d5dbe372d@group-BBF4AD563052: changes role from  FOLLOWER to CANDIDATE at term 2 for changeToCandidate
2022-02-20 11:36:02,817 [5b575dfa-70dc-4a83-a3ea-105d5dbe372d@group-BBF4AD563052-FollowerState] INFO  server.RaftServerConfigKeys (ConfUtils.java:logGet(44)) - raft.server.leaderelection.pre-vote = false (custom)
2022-02-20 11:36:02,817 [5b575dfa-70dc-4a83-a3ea-105d5dbe372d@group-BBF4AD563052-FollowerState] INFO  impl.RoleInfo (RoleInfo.java:updateAndGet(130)) - 5b575dfa-70dc-4a83-a3ea-105d5dbe372d: start 5b575dfa-70dc-4a83-a3ea-105d5dbe372d@group-BBF4AD563052-LeaderElection69
2022-02-20 11:36:02,818 [5b575dfa-70dc-4a83-a3ea-105d5dbe372d@group-BBF4AD563052-LeaderElection69] INFO  server.RaftServer$Division (ServerState.java:setLeader(285)) - 5b575dfa-70dc-4a83-a3ea-105d5dbe372d@group-BBF4AD563052: change Leader from b8fdba17-8d93-448f-ac2b-c9170093642a to null at term 2 for ELECTION
2022-02-20 11:36:02,839 [5b575dfa-70dc-4a83-a3ea-105d5dbe372d@group-BBF4AD563052-LeaderElection69] INFO  impl.LeaderElection (LeaderElection.java:askForVotes(306)) - 5b575dfa-70dc-4a83-a3ea-105d5dbe372d@group-BBF4AD563052-LeaderElection69 ELECTION round 0: submit vote requests at term 3 for 0: [b8fdba17-8d93-448f-ac2b-c9170093642a|rpc:10.1.0.4:42573|dataStream:|priority:1, 2d03a53d-46d4-463d-bb09-340522a9c0f9|rpc:10.1.0.4:36421|dataStream:|priority:0, 5b575dfa-70dc-4a83-a3ea-105d5dbe372d|rpc:10.1.0.4:41217|dataStream:|priority:0], old=null
2022-02-20 11:36:02,851 [5b575dfa-70dc-4a83-a3ea-105d5dbe372d@group-BBF4AD563052-LeaderElection69] INFO  impl.LeaderElection (LogUtils.java:infoOrTrace(137)) - 5b575dfa-70dc-4a83-a3ea-105d5dbe372d@group-BBF4AD563052-LeaderElection69 got exception when requesting votes: java.util.concurrent.ExecutionException: org.apache.ratis.thirdparty.io.grpc.StatusRuntimeException: UNAVAILABLE: io exception
2022-02-20 11:36:02,851 [5b575dfa-70dc-4a83-a3ea-105d5dbe372d@group-BBF4AD563052-LeaderElection69] INFO  impl.LeaderElection (LogUtils.java:infoOrTrace(137)) - 5b575dfa-70dc-4a83-a3ea-105d5dbe372d@group-BBF4AD563052-LeaderElection69 got exception when requesting votes: java.util.concurrent.ExecutionException: org.apache.ratis.thirdparty.io.grpc.StatusRuntimeException: UNAVAILABLE: io exception
2022-02-20 11:36:02,851 [5b575dfa-70dc-4a83-a3ea-105d5dbe372d@group-BBF4AD563052-LeaderElection69] INFO  impl.LeaderElection (LeaderElection.java:logAndReturn(89)) - 5b575dfa-70dc-4a83-a3ea-105d5dbe372d@group-BBF4AD563052-LeaderElection69: ELECTION REJECTED received 0 response(s) and 2 exception(s):
2022-02-20 11:36:02,851 [5b575dfa-70dc-4a83-a3ea-105d5dbe372d@group-BBF4AD563052-LeaderElection69] INFO  impl.LeaderElection (LogUtils.java:infoOrTrace(137)) -   Exception 0: java.util.concurrent.ExecutionException: org.apache.ratis.thirdparty.io.grpc.StatusRuntimeException: UNAVAILABLE: io exception
2022-02-20 11:36:02,851 [5b575dfa-70dc-4a83-a3ea-105d5dbe372d@group-BBF4AD563052-LeaderElection69] INFO  impl.LeaderElection (LogUtils.java:infoOrTrace(137)) -   Exception 1: java.util.concurrent.ExecutionException: org.apache.ratis.thirdparty.io.grpc.StatusRuntimeException: UNAVAILABLE: io exception
2022-02-20 11:36:02,851 [5b575dfa-70dc-4a83-a3ea-105d5dbe372d@group-BBF4AD563052-LeaderElection69] INFO  impl.LeaderElection (LeaderElection.java:askForVotes(308)) - 5b575dfa-70dc-4a83-a3ea-105d5dbe372d@group-BBF4AD563052-LeaderElection69 ELECTION round 0: result REJECTED
2022-02-20 11:36:02,851 [5b575dfa-70dc-4a83-a3ea-105d5dbe372d@group-BBF4AD563052-LeaderElection69] INFO  server.RaftServer$Division (RaftServerImpl.java:setRole(290)) - 5b575dfa-70dc-4a83-a3ea-105d5dbe372d@group-BBF4AD563052: changes role from CANDIDATE to FOLLOWER at term 3 for REJECTED
2022-02-20 11:36:02,851 [5b575dfa-70dc-4a83-a3ea-105d5dbe372d@group-BBF4AD563052-LeaderElection69] INFO  impl.RoleInfo (RoleInfo.java:shutdownLeaderElection(121)) - 5b575dfa-70dc-4a83-a3ea-105d5dbe372d: shutdown 5b575dfa-70dc-4a83-a3ea-105d5dbe372d@group-BBF4AD563052-LeaderElection69
2022-02-20 11:36:02,851 [5b575dfa-70dc-4a83-a3ea-105d5dbe372d@group-BBF4AD563052-LeaderElection69] INFO  impl.RoleInfo (RoleInfo.java:updateAndGet(130)) - 5b575dfa-70dc-4a83-a3ea-105d5dbe372d: start 5b575dfa-70dc-4a83-a3ea-105d5dbe372d@group-BBF4AD563052-FollowerState
2022-02-20 11:36:04,138 [5b575dfa-70dc-4a83-a3ea-105d5dbe372d@group-F08C7E998D85-FollowerState] INFO  impl.FollowerState (FollowerState.java:lostMajorityHeartbeatsRecently(107)) - 5b575dfa-70dc-4a83-a3ea-105d5dbe372d@group-F08C7E998D85-FollowerState: Skipping leader election since it stepped down recently (elapsed = 5226ms < waitTime = 10s)
2022-02-20 11:36:04,527 [Listener at 127.0.0.1/34383] INFO  ozoneimpl.OzoneContainer (OzoneContainer.java:stop(351)) - Attempting to stop container services.
2022-02-20 11:36:04,527 [Listener at 127.0.0.1/34383] INFO  server.RaftServer (RaftServerProxy.java:lambda$close$6(391)) - 5b575dfa-70dc-4a83-a3ea-105d5dbe372d: close
2022-02-20 11:36:04,528 [Listener at 127.0.0.1/34383] INFO  server.RaftServer$Division (RaftServerImpl.java:lambda$close$4(412)) - 5b575dfa-70dc-4a83-a3ea-105d5dbe372d@group-BBF4AD563052: shutdown
2022-02-20 11:36:04,528 [Listener at 127.0.0.1/34383] INFO  util.JmxRegister (JmxRegister.java:unregister(73)) - Successfully un-registered JMX Bean with object name Ratis:service=RaftServer,group=group-BBF4AD563052,id=5b575dfa-70dc-4a83-a3ea-105d5dbe372d
2022-02-20 11:36:04,528 [Listener at 127.0.0.1/34383] INFO  impl.RoleInfo (RoleInfo.java:shutdownFollowerState(108)) - 5b575dfa-70dc-4a83-a3ea-105d5dbe372d: shutdown 5b575dfa-70dc-4a83-a3ea-105d5dbe372d@group-BBF4AD563052-FollowerState
2022-02-20 11:36:04,528 [Listener at 127.0.0.1/34383] INFO  impl.StateMachineUpdater (StateMachineUpdater.java:stopAndJoin(149)) - 5b575dfa-70dc-4a83-a3ea-105d5dbe372d@group-BBF4AD563052-StateMachineUpdater: set stopIndex = 47
2022-02-20 11:36:04,528 [5b575dfa-70dc-4a83-a3ea-105d5dbe372d@group-BBF4AD563052-FollowerState] INFO  impl.FollowerState (FollowerState.java:run(143)) - 5b575dfa-70dc-4a83-a3ea-105d5dbe372d@group-BBF4AD563052-FollowerState was interrupted: {}
java.lang.InterruptedException: sleep interrupted
	at java.lang.Thread.sleep(Native Method)
	at java.lang.Thread.sleep(Thread.java:342)
	at java.util.concurrent.TimeUnit.sleep(TimeUnit.java:386)
	at org.apache.ratis.util.TimeDuration.sleep(TimeDuration.java:324)
	at org.apache.ratis.util.TimeDuration.sleep(TimeDuration.java:309)
	at org.apache.ratis.server.impl.FollowerState.run(FollowerState.java:118)
2022-02-20 11:36:04,529 [5b575dfa-70dc-4a83-a3ea-105d5dbe372d@group-BBF4AD563052-StateMachineUpdater] INFO  ratis.ContainerStateMachine (ContainerStateMachine.java:takeSnapshot(304)) - group-BBF4AD563052: Taking a snapshot at:(t:2, i:47) file /home/runner/work/ozone/ozone/hadoop-ozone/integration-test/target/test-dir/MiniOzoneClusterImpl-ef7d9b18-b883-481c-b364-f8f997331ef1/datanode-2/data/ratis/9af08ad9-a716-4365-beb3-bbf4ad563052/sm/snapshot.2_47
2022-02-20 11:36:04,551 [5b575dfa-70dc-4a83-a3ea-105d5dbe372d@group-BBF4AD563052-StateMachineUpdater] INFO  ratis.ContainerStateMachine (ContainerStateMachine.java:takeSnapshot(315)) - group-BBF4AD563052: Finished taking a snapshot at:(t:2, i:47) file:/home/runner/work/ozone/ozone/hadoop-ozone/integration-test/target/test-dir/MiniOzoneClusterImpl-ef7d9b18-b883-481c-b364-f8f997331ef1/datanode-2/data/ratis/9af08ad9-a716-4365-beb3-bbf4ad563052/sm/snapshot.2_47 took: 23 ms
2022-02-20 11:36:04,551 [5b575dfa-70dc-4a83-a3ea-105d5dbe372d@group-BBF4AD563052-StateMachineUpdater] INFO  impl.StateMachineUpdater (StateMachineUpdater.java:takeSnapshot(281)) - 5b575dfa-70dc-4a83-a3ea-105d5dbe372d@group-BBF4AD563052-StateMachineUpdater: Took a snapshot at index 47
2022-02-20 11:36:04,551 [5b575dfa-70dc-4a83-a3ea-105d5dbe372d@group-BBF4AD563052-StateMachineUpdater] INFO  impl.StateMachineUpdater (StateMachineUpdater.java:lambda$new$0(89)) - 5b575dfa-70dc-4a83-a3ea-105d5dbe372d@group-BBF4AD563052-StateMachineUpdater: snapshotIndex: updateIncreasingly -1 -> 47
2022-02-20 11:36:04,551 [Listener at 127.0.0.1/34383] INFO  server.RaftServer$Division (ServerState.java:close(419)) - 5b575dfa-70dc-4a83-a3ea-105d5dbe372d@group-BBF4AD563052: closes. applyIndex: 47
2022-02-20 11:36:04,558 [5b575dfa-70dc-4a83-a3ea-105d5dbe372d@group-BBF4AD563052-SegmentedRaftLogWorker] INFO  segmented.SegmentedRaftLogWorker (SegmentedRaftLogWorker.java:run(327)) - 5b575dfa-70dc-4a83-a3ea-105d5dbe372d@group-BBF4AD563052-SegmentedRaftLogWorker was interrupted, exiting. There are 0 tasks remaining in the queue.
2022-02-20 11:36:04,558 [Listener at 127.0.0.1/34383] INFO  segmented.SegmentedRaftLogWorker (SegmentedRaftLogWorker.java:close(237)) - 5b575dfa-70dc-4a83-a3ea-105d5dbe372d@group-BBF4AD563052-SegmentedRaftLogWorker close()
2022-02-20 11:36:04,560 [Listener at 127.0.0.1/34383] INFO  server.RaftServer$Division (RaftServerImpl.java:lambda$close$4(412)) - 5b575dfa-70dc-4a83-a3ea-105d5dbe372d@group-F08C7E998D85: shutdown
2022-02-20 11:36:04,560 [Listener at 127.0.0.1/34383] INFO  util.JmxRegister (JmxRegister.java:unregister(73)) - Successfully un-registered JMX Bean with object name Ratis:service=RaftServer,group=group-F08C7E998D85,id=5b575dfa-70dc-4a83-a3ea-105d5dbe372d
2022-02-20 11:36:04,560 [Listener at 127.0.0.1/34383] INFO  impl.RoleInfo (RoleInfo.java:shutdownFollowerState(108)) - 5b575dfa-70dc-4a83-a3ea-105d5dbe372d: shutdown 5b575dfa-70dc-4a83-a3ea-105d5dbe372d@group-F08C7E998D85-FollowerState
2022-02-20 11:36:04,560 [Listener at 127.0.0.1/34383] INFO  impl.StateMachineUpdater (StateMachineUpdater.java:stopAndJoin(149)) - 5b575dfa-70dc-4a83-a3ea-105d5dbe372d@group-F08C7E998D85-StateMachineUpdater: set stopIndex = 0
2022-02-20 11:36:04,560 [5b575dfa-70dc-4a83-a3ea-105d5dbe372d@group-F08C7E998D85-FollowerState] INFO  impl.FollowerState (FollowerState.java:run(143)) - 5b575dfa-70dc-4a83-a3ea-105d5dbe372d@group-F08C7E998D85-FollowerState was interrupted: {}
java.lang.InterruptedException: sleep interrupted
	at java.lang.Thread.sleep(Native Method)
	at java.lang.Thread.sleep(Thread.java:342)
	at java.util.concurrent.TimeUnit.sleep(TimeUnit.java:386)
	at org.apache.ratis.util.TimeDuration.sleep(TimeDuration.java:324)
	at org.apache.ratis.util.TimeDuration.sleep(TimeDuration.java:309)
	at org.apache.ratis.server.impl.FollowerState.run(FollowerState.java:118)
2022-02-20 11:36:04,560 [5b575dfa-70dc-4a83-a3ea-105d5dbe372d@group-F08C7E998D85-StateMachineUpdater] INFO  ratis.ContainerStateMachine (ContainerStateMachine.java:takeSnapshot(304)) - group-F08C7E998D85: Taking a snapshot at:(t:4, i:0) file /home/runner/work/ozone/ozone/hadoop-ozone/integration-test/target/test-dir/MiniOzoneClusterImpl-ef7d9b18-b883-481c-b364-f8f997331ef1/datanode-2/data/ratis/294ebe98-57e6-4d56-8a6d-f08c7e998d85/sm/snapshot.4_0
2022-02-20 11:36:04,582 [5b575dfa-70dc-4a83-a3ea-105d5dbe372d@group-F08C7E998D85-StateMachineUpdater] INFO  ratis.ContainerStateMachine (ContainerStateMachine.java:takeSnapshot(315)) - group-F08C7E998D85: Finished taking a snapshot at:(t:4, i:0) file:/home/runner/work/ozone/ozone/hadoop-ozone/integration-test/target/test-dir/MiniOzoneClusterImpl-ef7d9b18-b883-481c-b364-f8f997331ef1/datanode-2/data/ratis/294ebe98-57e6-4d56-8a6d-f08c7e998d85/sm/snapshot.4_0 took: 22 ms
2022-02-20 11:36:04,582 [5b575dfa-70dc-4a83-a3ea-105d5dbe372d@group-F08C7E998D85-StateMachineUpdater] INFO  impl.StateMachineUpdater (StateMachineUpdater.java:takeSnapshot(281)) - 5b575dfa-70dc-4a83-a3ea-105d5dbe372d@group-F08C7E998D85-StateMachineUpdater: Took a snapshot at index 0
2022-02-20 11:36:04,606 [5b575dfa-70dc-4a83-a3ea-105d5dbe372d@group-F08C7E998D85-StateMachineUpdater] INFO  impl.StateMachineUpdater (StateMachineUpdater.java:lambda$new$0(89)) - 5b575dfa-70dc-4a83-a3ea-105d5dbe372d@group-F08C7E998D85-StateMachineUpdater: snapshotIndex: updateIncreasingly -1 -> 0
2022-02-20 11:36:04,606 [Listener at 127.0.0.1/34383] INFO  server.RaftServer$Division (ServerState.java:close(419)) - 5b575dfa-70dc-4a83-a3ea-105d5dbe372d@group-F08C7E998D85: closes. applyIndex: 0
2022-02-20 11:36:04,607 [5b575dfa-70dc-4a83-a3ea-105d5dbe372d@group-F08C7E998D85-SegmentedRaftLogWorker] INFO  segmented.SegmentedRaftLogWorker (SegmentedRaftLogWorker.java:run(327)) - 5b575dfa-70dc-4a83-a3ea-105d5dbe372d@group-F08C7E998D85-SegmentedRaftLogWorker was interrupted, exiting. There are 0 tasks remaining in the queue.
2022-02-20 11:36:04,607 [Listener at 127.0.0.1/34383] INFO  segmented.SegmentedRaftLogWorker (SegmentedRaftLogWorker.java:close(237)) - 5b575dfa-70dc-4a83-a3ea-105d5dbe372d@group-F08C7E998D85-SegmentedRaftLogWorker close()
2022-02-20 11:36:04,609 [Listener at 127.0.0.1/34383] INFO  server.RaftServer$Division (RaftServerImpl.java:lambda$close$4(412)) - 5b575dfa-70dc-4a83-a3ea-105d5dbe372d@group-A48B719A0FC5: shutdown
2022-02-20 11:36:04,609 [Listener at 127.0.0.1/34383] INFO  util.JmxRegister (JmxRegister.java:unregister(73)) - Successfully un-registered JMX Bean with object name Ratis:service=RaftServer,group=group-A48B719A0FC5,id=5b575dfa-70dc-4a83-a3ea-105d5dbe372d
2022-02-20 11:36:04,609 [Listener at 127.0.0.1/34383] INFO  impl.RoleInfo (RoleInfo.java:shutdownLeaderState(91)) - 5b575dfa-70dc-4a83-a3ea-105d5dbe372d: shutdown 5b575dfa-70dc-4a83-a3ea-105d5dbe372d@group-A48B719A0FC5-LeaderStateImpl
2022-02-20 11:36:04,609 [Listener at 127.0.0.1/34383] INFO  impl.PendingRequests (PendingRequests.java:sendNotLeaderResponses(282)) - 5b575dfa-70dc-4a83-a3ea-105d5dbe372d@group-A48B719A0FC5-PendingRequests: sendNotLeaderResponses
2022-02-20 11:36:04,610 [Listener at 127.0.0.1/34383] INFO  impl.StateMachineUpdater (StateMachineUpdater.java:stopAndJoin(149)) - 5b575dfa-70dc-4a83-a3ea-105d5dbe372d@group-A48B719A0FC5-StateMachineUpdater: set stopIndex = 0
2022-02-20 11:36:04,610 [5b575dfa-70dc-4a83-a3ea-105d5dbe372d@group-A48B719A0FC5-StateMachineUpdater] INFO  ratis.ContainerStateMachine (ContainerStateMachine.java:takeSnapshot(304)) - group-A48B719A0FC5: Taking a snapshot at:(t:1, i:0) file /home/runner/work/ozone/ozone/hadoop-ozone/integration-test/target/test-dir/MiniOzoneClusterImpl-ef7d9b18-b883-481c-b364-f8f997331ef1/datanode-2/data/ratis/1ddb1207-4d2e-4c4b-a852-a48b719a0fc5/sm/snapshot.1_0
2022-02-20 11:36:04,611 [5b575dfa-70dc-4a83-a3ea-105d5dbe372d@group-A48B719A0FC5-StateMachineUpdater] INFO  ratis.ContainerStateMachine (ContainerStateMachine.java:takeSnapshot(315)) - group-A48B719A0FC5: Finished taking a snapshot at:(t:1, i:0) file:/home/runner/work/ozone/ozone/hadoop-ozone/integration-test/target/test-dir/MiniOzoneClusterImpl-ef7d9b18-b883-481c-b364-f8f997331ef1/datanode-2/data/ratis/1ddb1207-4d2e-4c4b-a852-a48b719a0fc5/sm/snapshot.1_0 took: 0 ms
2022-02-20 11:36:04,611 [5b575dfa-70dc-4a83-a3ea-105d5dbe372d@group-A48B719A0FC5-StateMachineUpdater] INFO  impl.StateMachineUpdater (StateMachineUpdater.java:takeSnapshot(281)) - 5b575dfa-70dc-4a83-a3ea-105d5dbe372d@group-A48B719A0FC5-StateMachineUpdater: Took a snapshot at index 0
2022-02-20 11:36:04,611 [5b575dfa-70dc-4a83-a3ea-105d5dbe372d@group-A48B719A0FC5-StateMachineUpdater] INFO  impl.StateMachineUpdater (StateMachineUpdater.java:lambda$new$0(89)) - 5b575dfa-70dc-4a83-a3ea-105d5dbe372d@group-A48B719A0FC5-StateMachineUpdater: snapshotIndex: updateIncreasingly -1 -> 0
2022-02-20 11:36:04,614 [Listener at 127.0.0.1/34383] INFO  server.RaftServer$Division (ServerState.java:close(419)) - 5b575dfa-70dc-4a83-a3ea-105d5dbe372d@group-A48B719A0FC5: closes. applyIndex: 0
2022-02-20 11:36:04,614 [5b575dfa-70dc-4a83-a3ea-105d5dbe372d@group-A48B719A0FC5-SegmentedRaftLogWorker] INFO  segmented.SegmentedRaftLogWorker (SegmentedRaftLogWorker.java:run(327)) - 5b575dfa-70dc-4a83-a3ea-105d5dbe372d@group-A48B719A0FC5-SegmentedRaftLogWorker was interrupted, exiting. There are 0 tasks remaining in the queue.
2022-02-20 11:36:04,614 [Listener at 127.0.0.1/34383] INFO  segmented.SegmentedRaftLogWorker (SegmentedRaftLogWorker.java:close(237)) - 5b575dfa-70dc-4a83-a3ea-105d5dbe372d@group-A48B719A0FC5-SegmentedRaftLogWorker close()
2022-02-20 11:36:04,614 [Listener at 127.0.0.1/34383] INFO  server.GrpcService (GrpcService.java:closeImpl(262)) - 5b575dfa-70dc-4a83-a3ea-105d5dbe372d: shutdown server with port 41217 now
2022-02-20 11:36:04,622 [Listener at 127.0.0.1/34383] INFO  server.GrpcService (GrpcService.java:closeImpl(271)) - 5b575dfa-70dc-4a83-a3ea-105d5dbe372d: shutdown server with port 41217 successfully
2022-02-20 11:36:04,622 [org.apache.ratis.util.JvmPauseMonitor$$Lambda$421/295700833@15908486] INFO  util.JvmPauseMonitor (JvmPauseMonitor.java:run(109)) - JvmPauseMonitor-5b575dfa-70dc-4a83-a3ea-105d5dbe372d: Stopped
2022-02-20 11:36:06,637 [Listener at 127.0.0.1/34383] INFO  utils.BackgroundService (BackgroundService.java:shutdown(132)) - Shutting down service BlockDeletingService
2022-02-20 11:36:09,668 [Listener at 127.0.0.1/34383] INFO  statemachine.DatanodeStateMachine (DatanodeStateMachine.java:stopDaemon(529)) - Ozone container server stopped.
2022-02-20 11:36:09,669 [Listener at 127.0.0.1/34383] INFO  handler.ContextHandler (ContextHandler.java:doStop(1153)) - Stopped o.e.j.w.WebAppContext@49614b44{hddsDatanode,/,null,STOPPED}{jar:file:/home/runner/.m2/repository/org/apache/ozone/hdds-container-service/1.3.0-SNAPSHOT/hdds-container-service-1.3.0-SNAPSHOT.jar!/webapps/hddsDatanode}
2022-02-20 11:36:09,674 [Listener at 127.0.0.1/34383] INFO  server.AbstractConnector (AbstractConnector.java:doStop(381)) - Stopped ServerConnector@31b7f472{HTTP/1.1, (http/1.1)}{0.0.0.0:0}
2022-02-20 11:36:09,674 [Listener at 127.0.0.1/34383] INFO  server.session (HouseKeeper.java:stopScavenging(149)) - node0 Stopped scavenging
2022-02-20 11:36:09,674 [Listener at 127.0.0.1/34383] INFO  handler.ContextHandler (ContextHandler.java:doStop(1153)) - Stopped o.e.j.s.ServletContextHandler@534463c0{static,/static,jar:file:/home/runner/.m2/repository/org/apache/ozone/hdds-container-service/1.3.0-SNAPSHOT/hdds-container-service-1.3.0-SNAPSHOT.jar!/webapps/static,STOPPED}
2022-02-20 11:36:09,674 [Listener at 127.0.0.1/34383] INFO  handler.ContextHandler (ContextHandler.java:doStop(1153)) - Stopped o.e.j.s.ServletContextHandler@6b0b6001{logs,/logs,file:///home/runner/work/ozone/ozone/hadoop-ozone/integration-test/target/log,STOPPED}
2022-02-20 11:36:09,676 [Listener at 127.0.0.1/34383] INFO  ozone.MiniOzoneClusterImpl (MiniOzoneClusterImpl.java:stopSCM(526)) - Stopping the StorageContainerManager
2022-02-20 11:36:09,676 [Listener at 127.0.0.1/34383] INFO  server.StorageContainerManager (StorageContainerManager.java:stop(1390)) - Stopping Container Balancer service.
2022-02-20 11:36:09,676 [Listener at 127.0.0.1/34383] INFO  balancer.ContainerBalancer (ContainerBalancer.java:stop(751)) - Container Balancer is not running.
2022-02-20 11:36:09,676 [Listener at 127.0.0.1/34383] INFO  server.StorageContainerManager (StorageContainerManager.java:stop(1397)) - Stopping Replication Manager Service.
2022-02-20 11:36:09,676 [Listener at 127.0.0.1/34383] INFO  container.ReplicationManager (ReplicationManager.java:stop(357)) - Stopping Replication Monitor Thread.
2022-02-20 11:36:09,676 [Listener at 127.0.0.1/34383] INFO  server.StorageContainerManager (StorageContainerManager.java:stop(1404)) - Stopping the Datanode Admin Monitor.
2022-02-20 11:36:09,677 [Listener at 127.0.0.1/34383] INFO  server.StorageContainerManager (StorageContainerManager.java:stop(1411)) - Stopping Lease Manager of the command watchers
2022-02-20 11:36:09,677 [Listener at 127.0.0.1/34383] INFO  server.StorageContainerManager (StorageContainerManager.java:stop(1418)) - Stopping datanode service RPC server
2022-02-20 11:36:09,677 [Listener at 127.0.0.1/34383] INFO  server.SCMDatanodeProtocolServer (SCMDatanodeProtocolServer.java:stop(390)) - Stopping the RPC server for DataNodes
2022-02-20 11:36:09,677 [Listener at 127.0.0.1/34383] INFO  ipc.Server (Server.java:stop(3414)) - Stopping server on 34839
2022-02-20 11:36:09,678 [IPC Server listener on 0] INFO  ipc.Server (Server.java:run(1376)) - Stopping IPC Server listener on 0
2022-02-20 11:36:09,681 [IPC Server Responder] INFO  ipc.Server (Server.java:run(1512)) - Stopping IPC Server Responder
2022-02-20 11:36:09,757 [SCM Heartbeat Processing Thread - 0] WARN  node.NodeStateManager (NodeStateManager.java:scheduleNextHealthCheck(799)) - Current Thread is interrupted, shutting down HB processing thread for Node Manager.
2022-02-20 11:36:09,762 [Listener at 127.0.0.1/34383] INFO  server.StorageContainerManager (StorageContainerManager.java:stop(1426)) - Stopping block service RPC server
2022-02-20 11:36:09,762 [Listener at 127.0.0.1/34383] INFO  server.SCMBlockProtocolServer (SCMBlockProtocolServer.java:stop(160)) - Stopping the RPC server for Block Protocol
2022-02-20 11:36:09,762 [Listener at 127.0.0.1/34383] INFO  ipc.Server (Server.java:stop(3414)) - Stopping server on 41993
2022-02-20 11:36:09,766 [IPC Server Responder] INFO  ipc.Server (Server.java:run(1512)) - Stopping IPC Server Responder
2022-02-20 11:36:09,766 [Listener at 127.0.0.1/34383] INFO  server.StorageContainerManager (StorageContainerManager.java:stop(1433)) - Stopping the StorageContainerLocationProtocol RPC server
2022-02-20 11:36:09,766 [Listener at 127.0.0.1/34383] INFO  server.SCMClientProtocolServer (SCMClientProtocolServer.java:stop(174)) - Stopping the RPC server for Client Protocol
2022-02-20 11:36:09,766 [Listener at 127.0.0.1/34383] INFO  ipc.Server (Server.java:stop(3414)) - Stopping server on 38737
2022-02-20 11:36:09,767 [IPC Server listener on 0] INFO  ipc.Server (Server.java:run(1376)) - Stopping IPC Server listener on 0
2022-02-20 11:36:09,773 [Listener at 127.0.0.1/34383] INFO  server.StorageContainerManager (StorageContainerManager.java:stop(1440)) - Stopping Storage Container Manager HTTP server.
2022-02-20 11:36:09,774 [Listener at 127.0.0.1/34383] INFO  handler.ContextHandler (ContextHandler.java:doStop(1153)) - Stopped o.e.j.w.WebAppContext@fdacdbb{scm,/,null,STOPPED}{file:/home/runner/work/ozone/ozone/hadoop-ozone/integration-test/target/test-classes/webapps/scm}
2022-02-20 11:36:09,774 [IPC Server Responder] INFO  ipc.Server (Server.java:run(1512)) - Stopping IPC Server Responder
2022-02-20 11:36:09,774 [IPC Server listener on 0] INFO  ipc.Server (Server.java:run(1376)) - Stopping IPC Server listener on 0
2022-02-20 11:36:09,775 [Listener at 127.0.0.1/34383] INFO  server.AbstractConnector (AbstractConnector.java:doStop(381)) - Stopped ServerConnector@6b0a6523{HTTP/1.1, (http/1.1)}{0.0.0.0:0}
2022-02-20 11:36:09,775 [Listener at 127.0.0.1/34383] INFO  server.session (HouseKeeper.java:stopScavenging(149)) - node0 Stopped scavenging
2022-02-20 11:36:09,775 [Listener at 127.0.0.1/34383] INFO  handler.ContextHandler (ContextHandler.java:doStop(1153)) - Stopped o.e.j.s.ServletContextHandler@2152797{static,/static,file:///home/runner/work/ozone/ozone/hadoop-ozone/integration-test/target/test-classes/webapps/static,STOPPED}
2022-02-20 11:36:09,776 [Listener at 127.0.0.1/34383] INFO  handler.ContextHandler (ContextHandler.java:doStop(1153)) - Stopped o.e.j.s.ServletContextHandler@4153d05{logs,/logs,file:///home/runner/work/ozone/ozone/hadoop-ozone/integration-test/target/log,STOPPED}
2022-02-20 11:36:09,776 [Listener at 127.0.0.1/34383] INFO  server.StorageContainerManager (StorageContainerManager.java:stop(1451)) - Stopping Block Manager Service.
2022-02-20 11:36:09,777 [Listener at 127.0.0.1/34383] INFO  utils.BackgroundService (BackgroundService.java:shutdown(132)) - Shutting down service SCMBlockDeletingService
2022-02-20 11:36:09,777 [Listener at 127.0.0.1/34383] INFO  utils.BackgroundService (BackgroundService.java:shutdown(132)) - Shutting down service SCMBlockDeletingService
2022-02-20 11:36:09,777 [Listener at 127.0.0.1/34383] INFO  server.StorageContainerManager (StorageContainerManager.java:stop(1478)) - Stopping SCM Event Queue.
2022-02-20 11:36:09,803 [Listener at 127.0.0.1/34383] INFO  server.StorageContainerManager (StorageContainerManager.java:stop(1489)) - Stopping SCM HA services.
2022-02-20 11:36:09,803 [Listener at 127.0.0.1/34383] INFO  ha.SCMRatisServerImpl (SCMRatisServerImpl.java:stop(236)) - stopping ratis server 0.0.0.0:9894
2022-02-20 11:36:09,804 [Listener at 127.0.0.1/34383] INFO  server.RaftServer (RaftServerProxy.java:lambda$close$6(391)) - b9b7942b-4a56-45eb-a5c8-33194168f403: close
2022-02-20 11:36:09,804 [Listener at 127.0.0.1/34383] INFO  server.RaftServer$Division (RaftServerImpl.java:lambda$close$4(412)) - b9b7942b-4a56-45eb-a5c8-33194168f403@group-F8F997331EF1: shutdown
2022-02-20 11:36:09,804 [Listener at 127.0.0.1/34383] INFO  util.JmxRegister (JmxRegister.java:unregister(73)) - Successfully un-registered JMX Bean with object name Ratis:service=RaftServer,group=group-F8F997331EF1,id=b9b7942b-4a56-45eb-a5c8-33194168f403
2022-02-20 11:36:09,804 [Listener at 127.0.0.1/34383] INFO  impl.RoleInfo (RoleInfo.java:shutdownLeaderState(91)) - b9b7942b-4a56-45eb-a5c8-33194168f403: shutdown b9b7942b-4a56-45eb-a5c8-33194168f403@group-F8F997331EF1-LeaderStateImpl
2022-02-20 11:36:09,804 [Listener at 127.0.0.1/34383] INFO  impl.PendingRequests (PendingRequests.java:sendNotLeaderResponses(282)) - b9b7942b-4a56-45eb-a5c8-33194168f403@group-F8F997331EF1-PendingRequests: sendNotLeaderResponses
2022-02-20 11:36:09,804 [Listener at 127.0.0.1/34383] INFO  ha.SCMStateMachine (SCMStateMachine.java:notifyNotLeader(190)) - current leader SCM steps down.
2022-02-20 11:36:09,804 [Listener at 127.0.0.1/34383] INFO  ha.SCMContext (SCMContext.java:updateLeaderAndTerm(90)) - update <isLeader,term> from <true,2> to <false,0>
2022-02-20 11:36:09,804 [Listener at 127.0.0.1/34383] INFO  ha.SCMContext (SCMContext.java:updateLeaderAndTerm(97)) - update <isLeaderReady> from <false> to <false>
2022-02-20 11:36:09,807 [Listener at 127.0.0.1/34383] INFO  impl.StateMachineUpdater (StateMachineUpdater.java:stopAndJoin(149)) - b9b7942b-4a56-45eb-a5c8-33194168f403@group-F8F997331EF1-StateMachineUpdater: set stopIndex = 34
2022-02-20 11:36:09,810 [b9b7942b-4a56-45eb-a5c8-33194168f403@group-F8F997331EF1-StateMachineUpdater] INFO  ha.SCMStateMachine (SCMStateMachine.java:takeSnapshot(297)) - Current Snapshot Index 34, takeSnapshot took 0 ms
2022-02-20 11:36:09,810 [b9b7942b-4a56-45eb-a5c8-33194168f403@group-F8F997331EF1-StateMachineUpdater] INFO  impl.StateMachineUpdater (StateMachineUpdater.java:takeSnapshot(281)) - b9b7942b-4a56-45eb-a5c8-33194168f403@group-F8F997331EF1-StateMachineUpdater: Took a snapshot at index 34
2022-02-20 11:36:09,810 [b9b7942b-4a56-45eb-a5c8-33194168f403@group-F8F997331EF1-StateMachineUpdater] INFO  impl.StateMachineUpdater (StateMachineUpdater.java:lambda$new$0(89)) - b9b7942b-4a56-45eb-a5c8-33194168f403@group-F8F997331EF1-StateMachineUpdater: snapshotIndex: updateIncreasingly -1 -> 34
2022-02-20 11:36:09,811 [Listener at 127.0.0.1/34383] INFO  server.RaftServer$Division (ServerState.java:close(419)) - b9b7942b-4a56-45eb-a5c8-33194168f403@group-F8F997331EF1: closes. applyIndex: 34
2022-02-20 11:36:09,812 [b9b7942b-4a56-45eb-a5c8-33194168f403@group-F8F997331EF1-SegmentedRaftLogWorker] INFO  segmented.SegmentedRaftLogWorker (SegmentedRaftLogWorker.java:run(327)) - b9b7942b-4a56-45eb-a5c8-33194168f403@group-F8F997331EF1-SegmentedRaftLogWorker was interrupted, exiting. There are 0 tasks remaining in the queue.
2022-02-20 11:36:09,813 [Listener at 127.0.0.1/34383] INFO  segmented.SegmentedRaftLogWorker (SegmentedRaftLogWorker.java:close(237)) - b9b7942b-4a56-45eb-a5c8-33194168f403@group-F8F997331EF1-SegmentedRaftLogWorker close()
2022-02-20 11:36:09,813 [Listener at 127.0.0.1/34383] INFO  server.GrpcService (GrpcService.java:closeImpl(262)) - b9b7942b-4a56-45eb-a5c8-33194168f403: shutdown server with port 9894 now
2022-02-20 11:36:09,813 [Listener at 127.0.0.1/34383] INFO  server.GrpcService (GrpcService.java:closeImpl(271)) - b9b7942b-4a56-45eb-a5c8-33194168f403: shutdown server with port 9894 successfully
2022-02-20 11:36:09,813 [org.apache.ratis.util.JvmPauseMonitor$$Lambda$421/295700833@15915959] INFO  util.JvmPauseMonitor (JvmPauseMonitor.java:run(109)) - JvmPauseMonitor-b9b7942b-4a56-45eb-a5c8-33194168f403: Stopped
2022-02-20 11:36:09,820 [Listener at 127.0.0.1/34383] INFO  pipeline.BackgroundPipelineCreator (BackgroundPipelineCreator.java:stop(158)) - Stopping RatisPipelineUtilsThread.
2022-02-20 11:36:09,821 [Listener at 127.0.0.1/34383] INFO  server.StorageContainerManager (StorageContainerManager.java:stop(1499)) - Stopping SCM MetadataStore.
2022-02-20 11:36:09,821 [Listener at 127.0.0.1/34383] INFO  impl.MetricsSystemImpl (MetricsSystemImpl.java:stop(210)) - Stopping HddsDatanode metrics system...
2022-02-20 11:36:09,854 [prometheus] INFO  impl.MetricsSinkAdapter (MetricsSinkAdapter.java:publishMetricsFromQueue(141)) - prometheus thread interrupted.
2022-02-20 11:36:09,855 [Listener at 127.0.0.1/34383] INFO  impl.MetricsSystemImpl (MetricsSystemImpl.java:stop(216)) - HddsDatanode metrics system stopped.
2022-02-20 11:36:10,013 [Listener at 127.0.0.1/34383] WARN  server.ServerUtils (ServerUtils.java:getScmDbDir(148)) - ozone.scm.db.dirs is not configured. We recommend adding this setting. Falling back to ozone.metadata.dirs instead.
2022-02-20 11:36:10,017 [Listener at 127.0.0.1/34383] INFO  ha.SCMHANodeDetails (SCMHANodeDetails.java:loadSCMHAConfig(157)) - ServiceID for StorageContainerManager is null
2022-02-20 11:36:10,017 [Listener at 127.0.0.1/34383] INFO  ha.SCMHANodeDetails (SCMHANodeDetails.java:loadSCMHAConfig(162)) - ozone.scm.default.service.id is not defined, falling back to ozone.scm.service.ids to find serviceID for StorageContainerManager if it is HA enabled cluster
2022-02-20 11:36:10,018 [Listener at 127.0.0.1/34383] INFO  server.RaftServer (ConfUtils.java:logGet(44)) - raft.rpc.type = GRPC (default)
2022-02-20 11:36:10,018 [Listener at 127.0.0.1/34383] INFO  grpc.GrpcFactory (GrpcFactory.java:checkPooledByteBufAllocatorUseCacheForAllThreads(48)) - PERFORMANCE WARNING: useCacheForAllThreads is true that may cause Netty to create a lot garbage objects and, as a result, trigger GC.
	It is recommended to disable useCacheForAllThreads by setting -Dorg.apache.ratis.thirdparty.io.netty.allocator.useCacheForAllThreads=false in command line.
2022-02-20 11:36:10,018 [Listener at 127.0.0.1/34383] INFO  grpc.GrpcConfigKeys (ConfUtils.java:logGet(44)) - raft.grpc.admin.port = -1 (default)
2022-02-20 11:36:10,019 [Listener at 127.0.0.1/34383] INFO  grpc.GrpcConfigKeys (ConfUtils.java:logGet(44)) - raft.grpc.server.port = 9894 (custom)
2022-02-20 11:36:10,019 [Listener at 127.0.0.1/34383] INFO  grpc.GrpcConfigKeys (ConfUtils.java:logGet(44)) - raft.grpc.client.port = -1 (default)
2022-02-20 11:36:10,019 [Listener at 127.0.0.1/34383] INFO  grpc.GrpcConfigKeys (ConfUtils.java:logGet(44)) - raft.grpc.server.port = 9894 (custom)
2022-02-20 11:36:10,030 [Listener at 127.0.0.1/34383] INFO  grpc.GrpcConfigKeys (ConfUtils.java:logGet(44)) - raft.grpc.server.port = 9894 (custom)
2022-02-20 11:36:10,030 [Listener at 127.0.0.1/34383] INFO  server.GrpcService (ConfUtils.java:logGet(44)) - raft.grpc.message.size.max = 32m (=33554432) (custom)
2022-02-20 11:36:10,030 [Listener at 127.0.0.1/34383] INFO  server.RaftServerConfigKeys (ConfUtils.java:logGet(44)) - raft.server.log.appender.buffer.byte-limit = 33554432 (custom)
2022-02-20 11:36:10,030 [Listener at 127.0.0.1/34383] INFO  server.GrpcService (ConfUtils.java:logGet(44)) - raft.grpc.flow.control.window = 1MB (=1048576) (default)
2022-02-20 11:36:10,030 [Listener at 127.0.0.1/34383] INFO  server.RaftServerConfigKeys (ConfUtils.java:logGet(44)) - raft.server.rpc.request.timeout = 30000ms (custom)
2022-02-20 11:36:10,031 [Listener at 127.0.0.1/34383] INFO  impl.DataStreamServerImpl (ConfUtils.java:logGet(44)) - raft.datastream.type = DISABLED (default)
2022-02-20 11:36:10,032 [Listener at 127.0.0.1/34383] INFO  server.RaftServerConfigKeys (ConfUtils.java:logGet(44)) - raft.server.rpc.slowness.timeout = 120000ms (custom)
2022-02-20 11:36:10,032 [Listener at 127.0.0.1/34383] INFO  server.RaftServerConfigKeys (ConfUtils.java:logGet(44)) - raft.server.leaderelection.leader.step-down.wait-time = 10s (default)
2022-02-20 11:36:10,032 [Listener at 127.0.0.1/34383] INFO  server.RaftServerConfigKeys (ConfUtils.java:logGet(44)) - raft.server.storage.dir = [/home/runner/work/ozone/ozone/hadoop-ozone/integration-test/target/test-dir/MiniOzoneClusterImpl-abb31ffe-caed-4032-89a4-e53f0d8a9600/ozone-meta/scm-ha] (custom)
2022-02-20 11:36:10,048 [Listener at 127.0.0.1/34383] INFO  server.RaftServer (RaftServerProxy.java:addNew(95)) - 7c3d7c22-ea0f-4f16-8203-6756703758f3: addNew group-E53F0D8A9600:[7c3d7c22-ea0f-4f16-8203-6756703758f3|rpc:fv-az59-849:9894|priority:0] returns group-E53F0D8A9600:java.util.concurrent.CompletableFuture@27b6b0de[Not completed]
2022-02-20 11:36:10,049 [pool-591-thread-1] INFO  server.RaftServer$Division (RaftServerImpl.java:<init>(184)) - 7c3d7c22-ea0f-4f16-8203-6756703758f3: new RaftServerImpl for group-E53F0D8A9600:[7c3d7c22-ea0f-4f16-8203-6756703758f3|rpc:fv-az59-849:9894|priority:0] with SCMStateMachine:uninitialized
2022-02-20 11:36:10,069 [pool-591-thread-1] INFO  server.RaftServerConfigKeys (ConfUtils.java:logGet(44)) - raft.server.rpc.timeout.min = 5000ms (custom)
2022-02-20 11:36:10,069 [pool-591-thread-1] INFO  server.RaftServerConfigKeys (ConfUtils.java:logGet(44)) - raft.server.rpc.timeout.max = 5200ms (custom)
2022-02-20 11:36:10,069 [pool-591-thread-1] INFO  server.RaftServerConfigKeys (ConfUtils.java:logGet(44)) - raft.server.rpc.sleep.time = 25ms (default)
2022-02-20 11:36:10,069 [pool-591-thread-1] INFO  server.RaftServerConfigKeys (ConfUtils.java:logGet(44)) - raft.server.rpc.slowness.timeout = 120000ms (custom)
2022-02-20 11:36:10,069 [pool-591-thread-1] INFO  server.RaftServerConfigKeys (ConfUtils.java:logGet(44)) - raft.server.leaderelection.leader.step-down.wait-time = 10s (default)
2022-02-20 11:36:10,069 [pool-591-thread-1] INFO  server.RaftServerConfigKeys (ConfUtils.java:logGet(44)) - raft.server.sleep.deviation.threshold = 300ms (default)
2022-02-20 11:36:10,069 [pool-591-thread-1] INFO  server.RaftServerConfigKeys (ConfUtils.java:logGet(44)) - raft.server.log.appender.install.snapshot.enabled = false (custom)
2022-02-20 11:36:10,069 [pool-591-thread-1] INFO  server.RaftServer$Division (ServerState.java:<init>(105)) - 7c3d7c22-ea0f-4f16-8203-6756703758f3@group-E53F0D8A9600: ConfigurationManager, init=-1: [7c3d7c22-ea0f-4f16-8203-6756703758f3|rpc:fv-az59-849:9894|priority:0], old=null, confs=<EMPTY_MAP>
2022-02-20 11:36:10,069 [pool-591-thread-1] INFO  server.RaftServerConfigKeys (ConfUtils.java:logGet(44)) - raft.server.storage.dir = [/home/runner/work/ozone/ozone/hadoop-ozone/integration-test/target/test-dir/MiniOzoneClusterImpl-abb31ffe-caed-4032-89a4-e53f0d8a9600/ozone-meta/scm-ha] (custom)
2022-02-20 11:36:10,069 [pool-591-thread-1] INFO  server.RaftServerConfigKeys (ConfUtils.java:logGet(44)) - raft.server.log.corruption.policy = EXCEPTION (default)
2022-02-20 11:36:10,069 [pool-591-thread-1] INFO  server.RaftServerConfigKeys (ConfUtils.java:logGet(44)) - raft.server.storage.free-space.min = 0MB (=0) (default)
2022-02-20 11:36:10,069 [pool-591-thread-1] INFO  storage.RaftStorageDirectory (RaftStorageDirectoryImpl.java:analyzeStorage(135)) - The storage directory /home/runner/work/ozone/ozone/hadoop-ozone/integration-test/target/test-dir/MiniOzoneClusterImpl-abb31ffe-caed-4032-89a4-e53f0d8a9600/ozone-meta/scm-ha/abb31ffe-caed-4032-89a4-e53f0d8a9600 does not exist. Creating ...
2022-02-20 11:36:10,070 [pool-591-thread-1] INFO  storage.RaftStorageDirectory (RaftStorageDirectoryImpl.java:tryLock(230)) - Lock on /home/runner/work/ozone/ozone/hadoop-ozone/integration-test/target/test-dir/MiniOzoneClusterImpl-abb31ffe-caed-4032-89a4-e53f0d8a9600/ozone-meta/scm-ha/abb31ffe-caed-4032-89a4-e53f0d8a9600/in_use.lock acquired by nodename 9434@fv-az59-849
2022-02-20 11:36:10,071 [pool-591-thread-1] INFO  storage.RaftStorage (RaftStorageImpl.java:format(89)) - Storage directory /home/runner/work/ozone/ozone/hadoop-ozone/integration-test/target/test-dir/MiniOzoneClusterImpl-abb31ffe-caed-4032-89a4-e53f0d8a9600/ozone-meta/scm-ha/abb31ffe-caed-4032-89a4-e53f0d8a9600 has been successfully formatted.
2022-02-20 11:36:10,071 [pool-591-thread-1] INFO  server.RaftServerConfigKeys (ConfUtils.java:logGet(44)) - raft.server.notification.no-leader.timeout = 60s (default)
2022-02-20 11:36:10,072 [pool-591-thread-1] INFO  server.RaftServerConfigKeys (ConfUtils.java:logGet(44)) - raft.server.log.use.memory = false (default)
2022-02-20 11:36:10,072 [pool-591-thread-1] INFO  server.RaftServerConfigKeys (ConfUtils.java:logGet(44)) - raft.server.log.purge.gap = 1000000 (custom)
2022-02-20 11:36:10,072 [pool-591-thread-1] INFO  server.RaftServerConfigKeys (ConfUtils.java:logGet(44)) - raft.server.log.appender.buffer.byte-limit = 33554432 (custom)
2022-02-20 11:36:10,072 [pool-591-thread-1] INFO  server.RaftServerConfigKeys (ConfUtils.java:logGet(44)) - raft.server.log.segment.size.max = 4194304 (custom)
2022-02-20 11:36:10,072 [pool-591-thread-1] INFO  server.RaftServerConfigKeys (ConfUtils.java:logGet(44)) - raft.server.log.segment.cache.num.max = 2 (custom)
2022-02-20 11:36:10,072 [pool-591-thread-1] INFO  server.RaftServerConfigKeys (ConfUtils.java:logGet(44)) - raft.server.log.segment.cache.size.max = 200MB (=209715200) (default)
2022-02-20 11:36:10,072 [pool-591-thread-1] INFO  segmented.SegmentedRaftLogWorker (SegmentedRaftLogWorker.java:<init>(182)) - new 7c3d7c22-ea0f-4f16-8203-6756703758f3@group-E53F0D8A9600-SegmentedRaftLogWorker for RaftStorageImpl:Storage Directory /home/runner/work/ozone/ozone/hadoop-ozone/integration-test/target/test-dir/MiniOzoneClusterImpl-abb31ffe-caed-4032-89a4-e53f0d8a9600/ozone-meta/scm-ha/abb31ffe-caed-4032-89a4-e53f0d8a9600
2022-02-20 11:36:10,072 [pool-591-thread-1] INFO  server.RaftServerConfigKeys (ConfUtils.java:logGet(44)) - raft.server.log.queue.byte-limit = 64MB (=67108864) (default)
2022-02-20 11:36:10,072 [pool-591-thread-1] INFO  server.RaftServerConfigKeys (ConfUtils.java:logGet(44)) - raft.server.log.queue.element-limit = 4096 (default)
2022-02-20 11:36:10,073 [pool-591-thread-1] INFO  server.RaftServerConfigKeys (ConfUtils.java:logGet(44)) - raft.server.log.segment.size.max = 4194304 (custom)
2022-02-20 11:36:10,073 [pool-591-thread-1] INFO  server.RaftServerConfigKeys (ConfUtils.java:logGet(44)) - raft.server.log.preallocated.size = 4194304 (custom)
2022-02-20 11:36:10,073 [pool-591-thread-1] INFO  server.RaftServerConfigKeys (ConfUtils.java:logGet(44)) - raft.server.log.force.sync.num = 128 (default)
2022-02-20 11:36:10,073 [pool-591-thread-1] INFO  server.RaftServerConfigKeys (ConfUtils.java:logGet(44)) - raft.server.log.statemachine.data.sync = true (default)
2022-02-20 11:36:10,073 [pool-591-thread-1] INFO  server.RaftServerConfigKeys (ConfUtils.java:logGet(44)) - raft.server.log.statemachine.data.sync.timeout = 10s (default)
2022-02-20 11:36:10,073 [pool-591-thread-1] INFO  server.RaftServerConfigKeys (ConfUtils.java:logGet(44)) - raft.server.log.statemachine.data.sync.timeout.retry = -1 (default)
2022-02-20 11:36:10,073 [pool-591-thread-1] INFO  server.RaftServerConfigKeys (ConfUtils.java:logGet(44)) - raft.server.log.write.buffer.size = 64KB (=65536) (default)
2022-02-20 11:36:10,074 [pool-591-thread-1] INFO  server.RaftServerConfigKeys (ConfUtils.java:logGet(44)) - raft.server.log.statemachine.data.caching.enabled = false (default)
2022-02-20 11:36:10,074 [pool-591-thread-1] INFO  segmented.SegmentedRaftLogWorker (SegmentedRaftLogWorker.java:lambda$new$0(133)) - 7c3d7c22-ea0f-4f16-8203-6756703758f3@group-E53F0D8A9600-SegmentedRaftLogWorker: flushIndex: setUnconditionally 0 -> -1
2022-02-20 11:36:10,074 [pool-591-thread-1] INFO  segmented.SegmentedRaftLogWorker (SegmentedRaftLogWorker.java:lambda$new$0(133)) - 7c3d7c22-ea0f-4f16-8203-6756703758f3@group-E53F0D8A9600-SegmentedRaftLogWorker: safeCacheEvictIndex: setUnconditionally 0 -> -1
2022-02-20 11:36:10,074 [pool-591-thread-1] INFO  server.RaftServerConfigKeys (ConfUtils.java:logGet(44)) - raft.server.snapshot.auto.trigger.enabled = true (custom)
2022-02-20 11:36:10,074 [pool-591-thread-1] INFO  server.RaftServerConfigKeys (ConfUtils.java:logGet(44)) - raft.server.snapshot.auto.trigger.threshold = 1000 (custom)
2022-02-20 11:36:10,074 [pool-591-thread-1] INFO  server.RaftServerConfigKeys (ConfUtils.java:logGet(44)) - raft.server.snapshot.retention.file.num = -1 (default)
2022-02-20 11:36:10,074 [pool-591-thread-1] INFO  server.RaftServerConfigKeys (ConfUtils.java:logGet(44)) - raft.server.log.purge.upto.snapshot.index = false (default)
2022-02-20 11:36:10,074 [pool-591-thread-1] INFO  server.RaftServerConfigKeys (ConfUtils.java:logGet(44)) - raft.server.retrycache.expirytime = 60000ms (default)
2022-02-20 11:36:10,074 [pool-591-thread-1] INFO  server.RaftServerConfigKeys (ConfUtils.java:logGet(44)) - raft.server.retrycache.statistics.expirytime = 100μs (default)
2022-02-20 11:36:10,075 [Listener at 127.0.0.1/34383] INFO  server.RaftServer$Division (RaftServerImpl.java:start(301)) - 7c3d7c22-ea0f-4f16-8203-6756703758f3@group-E53F0D8A9600: start as a follower, conf=-1: [7c3d7c22-ea0f-4f16-8203-6756703758f3|rpc:fv-az59-849:9894|priority:0], old=null
2022-02-20 11:36:10,075 [Listener at 127.0.0.1/34383] INFO  server.RaftServer$Division (RaftServerImpl.java:setRole(290)) - 7c3d7c22-ea0f-4f16-8203-6756703758f3@group-E53F0D8A9600: changes role from      null to FOLLOWER at term 0 for startAsFollower
2022-02-20 11:36:10,075 [Listener at 127.0.0.1/34383] INFO  impl.RoleInfo (RoleInfo.java:updateAndGet(130)) - 7c3d7c22-ea0f-4f16-8203-6756703758f3: start 7c3d7c22-ea0f-4f16-8203-6756703758f3@group-E53F0D8A9600-FollowerState
2022-02-20 11:36:10,076 [Listener at 127.0.0.1/34383] INFO  util.JmxRegister (JmxRegister.java:tryRegister(44)) - Successfully registered JMX Bean with object name Ratis:service=RaftServer,group=group-E53F0D8A9600,id=7c3d7c22-ea0f-4f16-8203-6756703758f3
2022-02-20 11:36:10,077 [Listener at 127.0.0.1/34383] INFO  server.RaftServer (RaftServerProxy.java:lambda$start$5(374)) - 7c3d7c22-ea0f-4f16-8203-6756703758f3: start RPC server
2022-02-20 11:36:10,080 [Listener at 127.0.0.1/34383] INFO  server.GrpcService (GrpcService.java:startImpl(253)) - 7c3d7c22-ea0f-4f16-8203-6756703758f3: GrpcService started, listening on 9894
2022-02-20 11:36:10,094 [org.apache.ratis.util.JvmPauseMonitor$$Lambda$421/295700833@18087347] INFO  util.JvmPauseMonitor (JvmPauseMonitor.java:run(103)) - JvmPauseMonitor-7c3d7c22-ea0f-4f16-8203-6756703758f3: Started
2022-02-20 11:36:15,114 [7c3d7c22-ea0f-4f16-8203-6756703758f3@group-E53F0D8A9600-FollowerState] INFO  impl.FollowerState (FollowerState.java:run(134)) - 7c3d7c22-ea0f-4f16-8203-6756703758f3@group-E53F0D8A9600-FollowerState: change to CANDIDATE, lastRpcElapsedTime:5038224297ns, electionTimeout:5037ms
2022-02-20 11:36:15,114 [7c3d7c22-ea0f-4f16-8203-6756703758f3@group-E53F0D8A9600-FollowerState] INFO  impl.RoleInfo (RoleInfo.java:shutdownFollowerState(108)) - 7c3d7c22-ea0f-4f16-8203-6756703758f3: shutdown 7c3d7c22-ea0f-4f16-8203-6756703758f3@group-E53F0D8A9600-FollowerState
2022-02-20 11:36:15,114 [7c3d7c22-ea0f-4f16-8203-6756703758f3@group-E53F0D8A9600-FollowerState] INFO  server.RaftServer$Division (RaftServerImpl.java:setRole(290)) - 7c3d7c22-ea0f-4f16-8203-6756703758f3@group-E53F0D8A9600: changes role from  FOLLOWER to CANDIDATE at term 0 for changeToCandidate
2022-02-20 11:36:15,114 [7c3d7c22-ea0f-4f16-8203-6756703758f3@group-E53F0D8A9600-FollowerState] INFO  server.RaftServerConfigKeys (ConfUtils.java:logGet(44)) - raft.server.leaderelection.pre-vote = false (custom)
2022-02-20 11:36:15,114 [7c3d7c22-ea0f-4f16-8203-6756703758f3@group-E53F0D8A9600-FollowerState] INFO  impl.RoleInfo (RoleInfo.java:updateAndGet(130)) - 7c3d7c22-ea0f-4f16-8203-6756703758f3: start 7c3d7c22-ea0f-4f16-8203-6756703758f3@group-E53F0D8A9600-LeaderElection70
2022-02-20 11:36:15,152 [7c3d7c22-ea0f-4f16-8203-6756703758f3@group-E53F0D8A9600-LeaderElection70] INFO  impl.LeaderElection (LeaderElection.java:askForVotes(306)) - 7c3d7c22-ea0f-4f16-8203-6756703758f3@group-E53F0D8A9600-LeaderElection70 ELECTION round 0: submit vote requests at term 1 for -1: [7c3d7c22-ea0f-4f16-8203-6756703758f3|rpc:fv-az59-849:9894|priority:0], old=null
2022-02-20 11:36:15,152 [7c3d7c22-ea0f-4f16-8203-6756703758f3@group-E53F0D8A9600-LeaderElection70] INFO  impl.LeaderElection (LeaderElection.java:askForVotes(308)) - 7c3d7c22-ea0f-4f16-8203-6756703758f3@group-E53F0D8A9600-LeaderElection70 ELECTION round 0: result PASSED (term=1)
2022-02-20 11:36:15,152 [7c3d7c22-ea0f-4f16-8203-6756703758f3@group-E53F0D8A9600-LeaderElection70] INFO  impl.RoleInfo (RoleInfo.java:shutdownLeaderElection(121)) - 7c3d7c22-ea0f-4f16-8203-6756703758f3: shutdown 7c3d7c22-ea0f-4f16-8203-6756703758f3@group-E53F0D8A9600-LeaderElection70
2022-02-20 11:36:15,152 [7c3d7c22-ea0f-4f16-8203-6756703758f3@group-E53F0D8A9600-LeaderElection70] INFO  server.RaftServer$Division (RaftServerImpl.java:setRole(290)) - 7c3d7c22-ea0f-4f16-8203-6756703758f3@group-E53F0D8A9600: changes role from CANDIDATE to LEADER at term 1 for changeToLeader
2022-02-20 11:36:15,152 [7c3d7c22-ea0f-4f16-8203-6756703758f3@group-E53F0D8A9600-LeaderElection70] INFO  server.RaftServer$Division (ServerState.java:setLeader(285)) - 7c3d7c22-ea0f-4f16-8203-6756703758f3@group-E53F0D8A9600: change Leader from null to 7c3d7c22-ea0f-4f16-8203-6756703758f3 at term 1 for becomeLeader, leader elected after 5080ms
2022-02-20 11:36:15,152 [7c3d7c22-ea0f-4f16-8203-6756703758f3@group-E53F0D8A9600-LeaderElection70] INFO  server.RaftServerConfigKeys (ConfUtils.java:logGet(44)) - raft.server.staging.catchup.gap = 1000 (default)
2022-02-20 11:36:15,152 [7c3d7c22-ea0f-4f16-8203-6756703758f3@group-E53F0D8A9600-LeaderElection70] INFO  server.RaftServerConfigKeys (ConfUtils.java:logGet(44)) - raft.server.write.element-limit = 4096 (default)
2022-02-20 11:36:15,152 [7c3d7c22-ea0f-4f16-8203-6756703758f3@group-E53F0D8A9600-LeaderElection70] INFO  server.RaftServerConfigKeys (ConfUtils.java:logGet(44)) - raft.server.write.byte-limit = 64MB (=67108864) (default)
2022-02-20 11:36:15,153 [7c3d7c22-ea0f-4f16-8203-6756703758f3@group-E53F0D8A9600-LeaderElection70] INFO  server.RaftServerConfigKeys (ConfUtils.java:logGet(44)) - raft.server.watch.timeout = 10s (default)
2022-02-20 11:36:15,153 [7c3d7c22-ea0f-4f16-8203-6756703758f3@group-E53F0D8A9600-LeaderElection70] INFO  server.RaftServerConfigKeys (ConfUtils.java:logGet(44)) - raft.server.watch.timeout.denomination = 1s (default)
2022-02-20 11:36:15,153 [7c3d7c22-ea0f-4f16-8203-6756703758f3@group-E53F0D8A9600-LeaderElection70] INFO  server.RaftServerConfigKeys (ConfUtils.java:logGet(44)) - raft.server.watch.element-limit = 65536 (default)
2022-02-20 11:36:15,153 [7c3d7c22-ea0f-4f16-8203-6756703758f3@group-E53F0D8A9600-LeaderElection70] INFO  server.RaftServerConfigKeys (ConfUtils.java:logGet(44)) - raft.server.write.element-limit = 4096 (default)
2022-02-20 11:36:15,153 [7c3d7c22-ea0f-4f16-8203-6756703758f3@group-E53F0D8A9600-LeaderElection70] INFO  server.RaftServerConfigKeys (ConfUtils.java:logGet(44)) - raft.server.write.follower.gap.ratio.max = -1.0 (default)
2022-02-20 11:36:15,153 [7c3d7c22-ea0f-4f16-8203-6756703758f3@group-E53F0D8A9600-LeaderElection70] INFO  impl.RoleInfo (RoleInfo.java:updateAndGet(130)) - 7c3d7c22-ea0f-4f16-8203-6756703758f3: start 7c3d7c22-ea0f-4f16-8203-6756703758f3@group-E53F0D8A9600-LeaderStateImpl
2022-02-20 11:36:15,153 [7c3d7c22-ea0f-4f16-8203-6756703758f3@group-E53F0D8A9600-LeaderElection70] INFO  segmented.SegmentedRaftLogWorker (SegmentedRaftLogWorker.java:startLogSegment(394)) - 7c3d7c22-ea0f-4f16-8203-6756703758f3@group-E53F0D8A9600-SegmentedRaftLogWorker: Starting segment from index:0
2022-02-20 11:36:15,171 [7c3d7c22-ea0f-4f16-8203-6756703758f3@group-E53F0D8A9600-LeaderElection70] INFO  server.RaftServer$Division (ServerState.java:setRaftConf(387)) - 7c3d7c22-ea0f-4f16-8203-6756703758f3@group-E53F0D8A9600: set configuration 0: [7c3d7c22-ea0f-4f16-8203-6756703758f3|rpc:fv-az59-849:9894|admin:|client:|dataStream:|priority:0], old=null
2022-02-20 11:36:15,185 [7c3d7c22-ea0f-4f16-8203-6756703758f3@group-E53F0D8A9600-SegmentedRaftLogWorker] INFO  segmented.SegmentedRaftLogWorker (SegmentedRaftLogWorker.java:execute(601)) - 7c3d7c22-ea0f-4f16-8203-6756703758f3@group-E53F0D8A9600-SegmentedRaftLogWorker: created new log segment /home/runner/work/ozone/ozone/hadoop-ozone/integration-test/target/test-dir/MiniOzoneClusterImpl-abb31ffe-caed-4032-89a4-e53f0d8a9600/ozone-meta/scm-ha/abb31ffe-caed-4032-89a4-e53f0d8a9600/current/log_inprogress_0
2022-02-20 11:36:16,094 [Listener at 127.0.0.1/34383] INFO  server.RaftServer (RaftServerProxy.java:lambda$close$6(391)) - 7c3d7c22-ea0f-4f16-8203-6756703758f3: close
2022-02-20 11:36:16,094 [Listener at 127.0.0.1/34383] INFO  server.RaftServer$Division (RaftServerImpl.java:lambda$close$4(412)) - 7c3d7c22-ea0f-4f16-8203-6756703758f3@group-E53F0D8A9600: shutdown
2022-02-20 11:36:16,095 [Listener at 127.0.0.1/34383] INFO  util.JmxRegister (JmxRegister.java:unregister(73)) - Successfully un-registered JMX Bean with object name Ratis:service=RaftServer,group=group-E53F0D8A9600,id=7c3d7c22-ea0f-4f16-8203-6756703758f3
2022-02-20 11:36:16,095 [Listener at 127.0.0.1/34383] INFO  impl.RoleInfo (RoleInfo.java:shutdownLeaderState(91)) - 7c3d7c22-ea0f-4f16-8203-6756703758f3: shutdown 7c3d7c22-ea0f-4f16-8203-6756703758f3@group-E53F0D8A9600-LeaderStateImpl
2022-02-20 11:36:16,095 [Listener at 127.0.0.1/34383] INFO  impl.PendingRequests (PendingRequests.java:sendNotLeaderResponses(282)) - 7c3d7c22-ea0f-4f16-8203-6756703758f3@group-E53F0D8A9600-PendingRequests: sendNotLeaderResponses
2022-02-20 11:36:16,095 [Listener at 127.0.0.1/34383] INFO  impl.StateMachineUpdater (StateMachineUpdater.java:stopAndJoin(149)) - 7c3d7c22-ea0f-4f16-8203-6756703758f3@group-E53F0D8A9600-StateMachineUpdater: set stopIndex = 0
2022-02-20 11:36:16,096 [7c3d7c22-ea0f-4f16-8203-6756703758f3@group-E53F0D8A9600-StateMachineUpdater] INFO  impl.StateMachineUpdater (StateMachineUpdater.java:takeSnapshot(281)) - 7c3d7c22-ea0f-4f16-8203-6756703758f3@group-E53F0D8A9600-StateMachineUpdater: Took a snapshot at index 0
2022-02-20 11:36:16,096 [7c3d7c22-ea0f-4f16-8203-6756703758f3@group-E53F0D8A9600-StateMachineUpdater] INFO  impl.StateMachineUpdater (StateMachineUpdater.java:lambda$new$0(89)) - 7c3d7c22-ea0f-4f16-8203-6756703758f3@group-E53F0D8A9600-StateMachineUpdater: snapshotIndex: updateIncreasingly -1 -> 0
2022-02-20 11:36:16,096 [Listener at 127.0.0.1/34383] INFO  server.RaftServer$Division (ServerState.java:close(419)) - 7c3d7c22-ea0f-4f16-8203-6756703758f3@group-E53F0D8A9600: closes. applyIndex: 0
2022-02-20 11:36:16,096 [7c3d7c22-ea0f-4f16-8203-6756703758f3@group-E53F0D8A9600-SegmentedRaftLogWorker] INFO  segmented.SegmentedRaftLogWorker (SegmentedRaftLogWorker.java:run(327)) - 7c3d7c22-ea0f-4f16-8203-6756703758f3@group-E53F0D8A9600-SegmentedRaftLogWorker was interrupted, exiting. There are 0 tasks remaining in the queue.
2022-02-20 11:36:16,097 [Listener at 127.0.0.1/34383] INFO  segmented.SegmentedRaftLogWorker (SegmentedRaftLogWorker.java:close(237)) - 7c3d7c22-ea0f-4f16-8203-6756703758f3@group-E53F0D8A9600-SegmentedRaftLogWorker close()
2022-02-20 11:36:16,098 [Listener at 127.0.0.1/34383] INFO  server.GrpcService (GrpcService.java:closeImpl(262)) - 7c3d7c22-ea0f-4f16-8203-6756703758f3: shutdown server with port 9894 now
2022-02-20 11:36:16,099 [Listener at 127.0.0.1/34383] INFO  server.GrpcService (GrpcService.java:closeImpl(271)) - 7c3d7c22-ea0f-4f16-8203-6756703758f3: shutdown server with port 9894 successfully
2022-02-20 11:36:16,104 [org.apache.ratis.util.JvmPauseMonitor$$Lambda$421/295700833@18087347] INFO  util.JvmPauseMonitor (JvmPauseMonitor.java:run(109)) - JvmPauseMonitor-7c3d7c22-ea0f-4f16-8203-6756703758f3: Stopped
2022-02-20 11:36:16,104 [Listener at 127.0.0.1/34383] INFO  ha.SCMHANodeDetails (SCMHANodeDetails.java:loadSCMHAConfig(157)) - ServiceID for StorageContainerManager is null
2022-02-20 11:36:16,104 [Listener at 127.0.0.1/34383] INFO  ha.SCMHANodeDetails (SCMHANodeDetails.java:loadSCMHAConfig(162)) - ozone.scm.default.service.id is not defined, falling back to ozone.scm.service.ids to find serviceID for StorageContainerManager if it is HA enabled cluster
2022-02-20 11:36:16,105 [Listener at 127.0.0.1/34383] WARN  server.ServerUtils (ServerUtils.java:getScmDbDir(148)) - ozone.scm.db.dirs is not configured. We recommend adding this setting. Falling back to ozone.metadata.dirs instead.
2022-02-20 11:36:16,105 [Listener at 127.0.0.1/34383] INFO  upgrade.AbstractLayoutVersionManager (AbstractLayoutVersionManager.java:init(79)) - Initializing Layout version manager with metadata layout = SCM_HA (version = 2), software layout = SCM_HA (version = 2)
2022-02-20 11:36:16,170 [Listener at 127.0.0.1/34383] INFO  reflections.Reflections (Reflections.java:scan(232)) - Reflections took 57 ms to scan 7 urls, producing 121 keys and 284 values 
2022-02-20 11:36:16,171 [Listener at 127.0.0.1/34383] WARN  utils.HAUtils (HAUtils.java:getMetaDir(342)) - ozone.scm.db.dirs is not configured. We recommend adding this setting. Falling back to ozone.metadata.dirs instead.
2022-02-20 11:36:16,193 [Listener at 127.0.0.1/34383] WARN  db.DBStoreBuilder (DBStoreBuilder.java:applyDBDefinition(145)) - ozone.scm.db.dirs is not configured. We recommend adding this setting. Falling back to ozone.metadata.dirs instead.
2022-02-20 11:36:16,415 [Listener at 127.0.0.1/34383] INFO  net.NodeSchemaLoader (NodeSchemaLoader.java:loadSchemaFromFile(129)) - Loading schema from [jar:file:/home/runner/.m2/repository/org/apache/ozone/hdds-common/1.3.0-SNAPSHOT/hdds-common-1.3.0-SNAPSHOT.jar!/network-topology-default.xml]
2022-02-20 11:36:16,416 [Listener at 127.0.0.1/34383] INFO  net.NodeSchemaLoader (NodeSchemaLoader.java:loadSchema(176)) - Loading network topology layer schema file
2022-02-20 11:36:16,434 [Listener at 127.0.0.1/34383] INFO  ha.SCMRatisServerImpl (SCMRatisServerImpl.java:<init>(87)) - starting Raft server for scm:7c3d7c22-ea0f-4f16-8203-6756703758f3
2022-02-20 11:36:16,435 [Listener at 127.0.0.1/34383] INFO  server.RaftServer (ConfUtils.java:logGet(44)) - raft.rpc.type = GRPC (default)
2022-02-20 11:36:16,435 [Listener at 127.0.0.1/34383] INFO  grpc.GrpcFactory (GrpcFactory.java:checkPooledByteBufAllocatorUseCacheForAllThreads(48)) - PERFORMANCE WARNING: useCacheForAllThreads is true that may cause Netty to create a lot garbage objects and, as a result, trigger GC.
	It is recommended to disable useCacheForAllThreads by setting -Dorg.apache.ratis.thirdparty.io.netty.allocator.useCacheForAllThreads=false in command line.
2022-02-20 11:36:16,435 [Listener at 127.0.0.1/34383] INFO  grpc.GrpcConfigKeys (ConfUtils.java:logGet(44)) - raft.grpc.admin.port = -1 (default)
2022-02-20 11:36:16,435 [Listener at 127.0.0.1/34383] INFO  grpc.GrpcConfigKeys (ConfUtils.java:logGet(44)) - raft.grpc.server.port = 9894 (custom)
2022-02-20 11:36:16,436 [Listener at 127.0.0.1/34383] INFO  grpc.GrpcConfigKeys (ConfUtils.java:logGet(44)) - raft.grpc.client.port = -1 (default)
2022-02-20 11:36:16,436 [Listener at 127.0.0.1/34383] INFO  grpc.GrpcConfigKeys (ConfUtils.java:logGet(44)) - raft.grpc.server.port = 9894 (custom)
2022-02-20 11:36:16,436 [Listener at 127.0.0.1/34383] INFO  grpc.GrpcConfigKeys (ConfUtils.java:logGet(44)) - raft.grpc.server.port = 9894 (custom)
2022-02-20 11:36:16,436 [Listener at 127.0.0.1/34383] INFO  server.GrpcService (ConfUtils.java:logGet(44)) - raft.grpc.message.size.max = 32m (=33554432) (custom)
2022-02-20 11:36:16,436 [Listener at 127.0.0.1/34383] INFO  server.RaftServerConfigKeys (ConfUtils.java:logGet(44)) - raft.server.log.appender.buffer.byte-limit = 33554432 (custom)
2022-02-20 11:36:16,436 [Listener at 127.0.0.1/34383] INFO  server.GrpcService (ConfUtils.java:logGet(44)) - raft.grpc.flow.control.window = 1MB (=1048576) (default)
2022-02-20 11:36:16,440 [Listener at 127.0.0.1/34383] INFO  server.RaftServerConfigKeys (ConfUtils.java:logGet(44)) - raft.server.rpc.request.timeout = 30000ms (custom)
2022-02-20 11:36:16,458 [Listener at 127.0.0.1/34383] INFO  impl.DataStreamServerImpl (ConfUtils.java:logGet(44)) - raft.datastream.type = DISABLED (default)
2022-02-20 11:36:16,458 [Listener at 127.0.0.1/34383] INFO  server.RaftServerConfigKeys (ConfUtils.java:logGet(44)) - raft.server.rpc.slowness.timeout = 120000ms (custom)
2022-02-20 11:36:16,458 [Listener at 127.0.0.1/34383] INFO  server.RaftServerConfigKeys (ConfUtils.java:logGet(44)) - raft.server.leaderelection.leader.step-down.wait-time = 10s (default)
2022-02-20 11:36:16,458 [Listener at 127.0.0.1/34383] INFO  server.RaftServerConfigKeys (ConfUtils.java:logGet(44)) - raft.server.storage.dir = [/home/runner/work/ozone/ozone/hadoop-ozone/integration-test/target/test-dir/MiniOzoneClusterImpl-abb31ffe-caed-4032-89a4-e53f0d8a9600/ozone-meta/scm-ha] (custom)
2022-02-20 11:36:16,458 [Listener at 127.0.0.1/34383] INFO  server.RaftServer (RaftServerProxy.java:lambda$null$1(235)) - 7c3d7c22-ea0f-4f16-8203-6756703758f3: found a subdirectory /home/runner/work/ozone/ozone/hadoop-ozone/integration-test/target/test-dir/MiniOzoneClusterImpl-abb31ffe-caed-4032-89a4-e53f0d8a9600/ozone-meta/scm-ha/abb31ffe-caed-4032-89a4-e53f0d8a9600
2022-02-20 11:36:16,459 [Listener at 127.0.0.1/34383] INFO  server.RaftServer (RaftServerProxy.java:addNew(95)) - 7c3d7c22-ea0f-4f16-8203-6756703758f3: addNew group-E53F0D8A9600:[] returns group-E53F0D8A9600:java.util.concurrent.CompletableFuture@41e95d06[Not completed]
2022-02-20 11:36:16,459 [pool-604-thread-1] INFO  server.RaftServer$Division (RaftServerImpl.java:<init>(184)) - 7c3d7c22-ea0f-4f16-8203-6756703758f3: new RaftServerImpl for group-E53F0D8A9600:[] with SCMStateMachine:uninitialized
2022-02-20 11:36:16,472 [pool-604-thread-1] INFO  server.RaftServerConfigKeys (ConfUtils.java:logGet(44)) - raft.server.rpc.timeout.min = 5000ms (custom)
2022-02-20 11:36:16,472 [pool-604-thread-1] INFO  server.RaftServerConfigKeys (ConfUtils.java:logGet(44)) - raft.server.rpc.timeout.max = 5200ms (custom)
2022-02-20 11:36:16,472 [pool-604-thread-1] INFO  server.RaftServerConfigKeys (ConfUtils.java:logGet(44)) - raft.server.rpc.sleep.time = 25ms (default)
2022-02-20 11:36:16,472 [pool-604-thread-1] INFO  server.RaftServerConfigKeys (ConfUtils.java:logGet(44)) - raft.server.rpc.slowness.timeout = 120000ms (custom)
2022-02-20 11:36:16,473 [pool-604-thread-1] INFO  server.RaftServerConfigKeys (ConfUtils.java:logGet(44)) - raft.server.leaderelection.leader.step-down.wait-time = 10s (default)
2022-02-20 11:36:16,473 [pool-604-thread-1] INFO  server.RaftServerConfigKeys (ConfUtils.java:logGet(44)) - raft.server.sleep.deviation.threshold = 300ms (default)
2022-02-20 11:36:16,473 [pool-604-thread-1] INFO  server.RaftServerConfigKeys (ConfUtils.java:logGet(44)) - raft.server.log.appender.install.snapshot.enabled = false (custom)
2022-02-20 11:36:16,473 [pool-604-thread-1] INFO  server.RaftServer$Division (ServerState.java:<init>(105)) - 7c3d7c22-ea0f-4f16-8203-6756703758f3@group-E53F0D8A9600: ConfigurationManager, init=-1: [], old=null, confs=<EMPTY_MAP>
2022-02-20 11:36:16,473 [pool-604-thread-1] INFO  server.RaftServerConfigKeys (ConfUtils.java:logGet(44)) - raft.server.storage.dir = [/home/runner/work/ozone/ozone/hadoop-ozone/integration-test/target/test-dir/MiniOzoneClusterImpl-abb31ffe-caed-4032-89a4-e53f0d8a9600/ozone-meta/scm-ha] (custom)
2022-02-20 11:36:16,473 [pool-604-thread-1] INFO  server.RaftServerConfigKeys (ConfUtils.java:logGet(44)) - raft.server.log.corruption.policy = EXCEPTION (default)
2022-02-20 11:36:16,473 [pool-604-thread-1] INFO  server.RaftServerConfigKeys (ConfUtils.java:logGet(44)) - raft.server.storage.free-space.min = 0MB (=0) (default)
2022-02-20 11:36:16,475 [pool-604-thread-1] INFO  storage.RaftStorageDirectory (RaftStorageDirectoryImpl.java:tryLock(230)) - Lock on /home/runner/work/ozone/ozone/hadoop-ozone/integration-test/target/test-dir/MiniOzoneClusterImpl-abb31ffe-caed-4032-89a4-e53f0d8a9600/ozone-meta/scm-ha/abb31ffe-caed-4032-89a4-e53f0d8a9600/in_use.lock acquired by nodename 9434@fv-az59-849
2022-02-20 11:36:16,475 [pool-604-thread-1] INFO  storage.RaftStorage (RaftStorageImpl.java:analyzeAndRecoverStorage(110)) - Read RaftStorageMetadata{term=1, votedFor=7c3d7c22-ea0f-4f16-8203-6756703758f3} from /home/runner/work/ozone/ozone/hadoop-ozone/integration-test/target/test-dir/MiniOzoneClusterImpl-abb31ffe-caed-4032-89a4-e53f0d8a9600/ozone-meta/scm-ha/abb31ffe-caed-4032-89a4-e53f0d8a9600/current/raft-meta
2022-02-20 11:36:16,476 [pool-604-thread-1] INFO  server.RaftServer$Division (ServerState.java:setRaftConf(387)) - 7c3d7c22-ea0f-4f16-8203-6756703758f3@group-E53F0D8A9600: set configuration 0: [7c3d7c22-ea0f-4f16-8203-6756703758f3|rpc:fv-az59-849:9894|admin:|client:|dataStream:|priority:0], old=null
2022-02-20 11:36:16,476 [pool-604-thread-1] INFO  server.RaftServerConfigKeys (ConfUtils.java:logGet(44)) - raft.server.notification.no-leader.timeout = 60s (default)
2022-02-20 11:36:16,476 [pool-604-thread-1] INFO  server.RaftServerConfigKeys (ConfUtils.java:logGet(44)) - raft.server.log.use.memory = false (default)
2022-02-20 11:36:16,476 [pool-604-thread-1] INFO  server.RaftServerConfigKeys (ConfUtils.java:logGet(44)) - raft.server.log.purge.gap = 1000000 (custom)
2022-02-20 11:36:16,476 [pool-604-thread-1] INFO  server.RaftServerConfigKeys (ConfUtils.java:logGet(44)) - raft.server.log.appender.buffer.byte-limit = 33554432 (custom)
2022-02-20 11:36:16,476 [pool-604-thread-1] INFO  server.RaftServerConfigKeys (ConfUtils.java:logGet(44)) - raft.server.log.segment.size.max = 4194304 (custom)
2022-02-20 11:36:16,476 [pool-604-thread-1] INFO  server.RaftServerConfigKeys (ConfUtils.java:logGet(44)) - raft.server.log.segment.cache.num.max = 2 (custom)
2022-02-20 11:36:16,476 [pool-604-thread-1] INFO  server.RaftServerConfigKeys (ConfUtils.java:logGet(44)) - raft.server.log.segment.cache.size.max = 200MB (=209715200) (default)
2022-02-20 11:36:16,476 [pool-604-thread-1] INFO  segmented.SegmentedRaftLogWorker (SegmentedRaftLogWorker.java:<init>(182)) - new 7c3d7c22-ea0f-4f16-8203-6756703758f3@group-E53F0D8A9600-SegmentedRaftLogWorker for RaftStorageImpl:Storage Directory /home/runner/work/ozone/ozone/hadoop-ozone/integration-test/target/test-dir/MiniOzoneClusterImpl-abb31ffe-caed-4032-89a4-e53f0d8a9600/ozone-meta/scm-ha/abb31ffe-caed-4032-89a4-e53f0d8a9600
2022-02-20 11:36:16,476 [pool-604-thread-1] INFO  server.RaftServerConfigKeys (ConfUtils.java:logGet(44)) - raft.server.log.queue.byte-limit = 64MB (=67108864) (default)
2022-02-20 11:36:16,477 [pool-604-thread-1] INFO  server.RaftServerConfigKeys (ConfUtils.java:logGet(44)) - raft.server.log.queue.element-limit = 4096 (default)
2022-02-20 11:36:16,477 [pool-604-thread-1] INFO  server.RaftServerConfigKeys (ConfUtils.java:logGet(44)) - raft.server.log.segment.size.max = 4194304 (custom)
2022-02-20 11:36:16,477 [pool-604-thread-1] INFO  server.RaftServerConfigKeys (ConfUtils.java:logGet(44)) - raft.server.log.preallocated.size = 4194304 (custom)
2022-02-20 11:36:16,477 [pool-604-thread-1] INFO  server.RaftServerConfigKeys (ConfUtils.java:logGet(44)) - raft.server.log.force.sync.num = 128 (default)
2022-02-20 11:36:16,477 [pool-604-thread-1] INFO  server.RaftServerConfigKeys (ConfUtils.java:logGet(44)) - raft.server.log.statemachine.data.sync = true (default)
2022-02-20 11:36:16,477 [pool-604-thread-1] INFO  server.RaftServerConfigKeys (ConfUtils.java:logGet(44)) - raft.server.log.statemachine.data.sync.timeout = 10s (default)
2022-02-20 11:36:16,477 [pool-604-thread-1] INFO  server.RaftServerConfigKeys (ConfUtils.java:logGet(44)) - raft.server.log.statemachine.data.sync.timeout.retry = -1 (default)
2022-02-20 11:36:16,477 [pool-604-thread-1] INFO  server.RaftServerConfigKeys (ConfUtils.java:logGet(44)) - raft.server.log.write.buffer.size = 64KB (=65536) (default)
2022-02-20 11:36:16,477 [pool-604-thread-1] INFO  server.RaftServerConfigKeys (ConfUtils.java:logGet(44)) - raft.server.log.statemachine.data.caching.enabled = false (default)
2022-02-20 11:36:16,479 [pool-604-thread-1] INFO  server.RaftServer$Division (ServerState.java:setRaftConf(387)) - 7c3d7c22-ea0f-4f16-8203-6756703758f3@group-E53F0D8A9600: set configuration 0: [7c3d7c22-ea0f-4f16-8203-6756703758f3|rpc:fv-az59-849:9894|admin:|client:|dataStream:|priority:0], old=null
2022-02-20 11:36:16,479 [pool-604-thread-1] INFO  segmented.LogSegment (LogSegment.java:loadSegment(173)) - Successfully read 1 entries from segment file /home/runner/work/ozone/ozone/hadoop-ozone/integration-test/target/test-dir/MiniOzoneClusterImpl-abb31ffe-caed-4032-89a4-e53f0d8a9600/ozone-meta/scm-ha/abb31ffe-caed-4032-89a4-e53f0d8a9600/current/log_inprogress_0
2022-02-20 11:36:16,479 [pool-604-thread-1] INFO  segmented.SegmentedRaftLogWorker (SegmentedRaftLogWorker.java:lambda$new$0(133)) - 7c3d7c22-ea0f-4f16-8203-6756703758f3@group-E53F0D8A9600-SegmentedRaftLogWorker: flushIndex: setUnconditionally 0 -> 0
2022-02-20 11:36:16,479 [pool-604-thread-1] INFO  segmented.SegmentedRaftLogWorker (SegmentedRaftLogWorker.java:lambda$new$0(133)) - 7c3d7c22-ea0f-4f16-8203-6756703758f3@group-E53F0D8A9600-SegmentedRaftLogWorker: safeCacheEvictIndex: setUnconditionally 0 -> -1
2022-02-20 11:36:16,479 [pool-604-thread-1] INFO  server.RaftServerConfigKeys (ConfUtils.java:logGet(44)) - raft.server.snapshot.auto.trigger.enabled = true (custom)
2022-02-20 11:36:16,479 [pool-604-thread-1] INFO  server.RaftServerConfigKeys (ConfUtils.java:logGet(44)) - raft.server.snapshot.auto.trigger.threshold = 1000 (custom)
2022-02-20 11:36:16,479 [pool-604-thread-1] INFO  server.RaftServerConfigKeys (ConfUtils.java:logGet(44)) - raft.server.snapshot.retention.file.num = -1 (default)
2022-02-20 11:36:16,479 [pool-604-thread-1] INFO  server.RaftServerConfigKeys (ConfUtils.java:logGet(44)) - raft.server.log.purge.upto.snapshot.index = false (default)
2022-02-20 11:36:16,479 [pool-604-thread-1] INFO  server.RaftServerConfigKeys (ConfUtils.java:logGet(44)) - raft.server.retrycache.expirytime = 60000ms (default)
2022-02-20 11:36:16,479 [pool-604-thread-1] INFO  server.RaftServerConfigKeys (ConfUtils.java:logGet(44)) - raft.server.retrycache.statistics.expirytime = 100μs (default)
2022-02-20 11:36:16,480 [Listener at 127.0.0.1/34383] INFO  ha.SCMSnapshotProvider (SCMSnapshotProvider.java:<init>(66)) - Initializing SCM Snapshot Provider
2022-02-20 11:36:16,481 [Listener at 127.0.0.1/34383] WARN  server.ServerUtils (ServerUtils.java:getDefaultRatisDirectory(237)) - Storage directory for Ratis is not configured. It is a good idea to map this to an SSD disk. Falling back to ozone.metadata.dirs
2022-02-20 11:36:16,481 [Listener at 127.0.0.1/34383] WARN  ha.SCMHAUtils (SCMHAUtils.java:getSCMRatisSnapshotDirectory(151)) - SCM snapshot dir is not configured. Falling back to ozone.metadata.dirs config
2022-02-20 11:36:16,482 [Listener at 127.0.0.1/34383] INFO  ha.SequenceIdGenerator (SequenceIdGenerator.java:upgradeToSequenceId(347)) - upgrade localId to 109611004723200000
2022-02-20 11:36:16,482 [Listener at 127.0.0.1/34383] INFO  ha.SequenceIdGenerator (SequenceIdGenerator.java:upgradeToSequenceId(357)) - upgrade delTxnId to 0
2022-02-20 11:36:16,483 [Listener at 127.0.0.1/34383] INFO  ha.SequenceIdGenerator (SequenceIdGenerator.java:upgradeToSequenceId(371)) - upgrade containerId to 0
2022-02-20 11:36:16,483 [Listener at 127.0.0.1/34383] INFO  ha.SequenceIdGenerator (SequenceIdGenerator.java:<init>(218)) - Init the HA SequenceIdGenerator.
2022-02-20 11:36:16,485 [Listener at 127.0.0.1/34383] WARN  server.ServerUtils (ServerUtils.java:sanitizeUserArgs(73)) - ozone.scm.stale.node.interval value = 300000 is larger than max = 100000 based on the key value of ozone.scm.heartbeat.thread.interval, reset to the max value 100000.
2022-02-20 11:36:16,485 [Listener at 127.0.0.1/34383] WARN  server.ServerUtils (ServerUtils.java:sanitizeUserArgs(73)) - ozone.scm.stale.node.interval value = 300000 is larger than max = 100000 based on the key value of ozone.scm.heartbeat.thread.interval, reset to the max value 100000.
2022-02-20 11:36:16,485 [Listener at 127.0.0.1/34383] INFO  node.SCMNodeManager (SCMNodeManager.java:<init>(144)) - Entering startup safe mode.
2022-02-20 11:36:16,486 [Listener at 127.0.0.1/34383] INFO  algorithms.ContainerPlacementPolicyFactory (ContainerPlacementPolicyFactory.java:getPolicy(60)) - Create container placement policy of type org.apache.hadoop.hdds.scm.container.placement.algorithms.SCMContainerPlacementRandom
2022-02-20 11:36:16,486 [Listener at 127.0.0.1/34383] INFO  pipeline.PipelineStateManagerImpl (PipelineStateManagerImpl.java:initialize(78)) - No pipeline exists in current db
2022-02-20 11:36:16,486 [Listener at 127.0.0.1/34383] INFO  algorithms.LeaderChoosePolicyFactory (LeaderChoosePolicyFactory.java:getPolicy(57)) - Create leader choose policy of type org.apache.hadoop.hdds.scm.pipeline.leader.choose.algorithms.MinLeaderCountChoosePolicy
2022-02-20 11:36:16,486 [Listener at 127.0.0.1/34383] INFO  ha.SCMServiceManager (SCMServiceManager.java:register(42)) - Registering service BackgroundPipelineCreator.
2022-02-20 11:36:16,486 [Listener at 127.0.0.1/34383] INFO  pipeline.BackgroundPipelineCreator (BackgroundPipelineCreator.java:start(130)) - Starting RatisPipelineUtilsThread.
2022-02-20 11:36:16,498 [Listener at 127.0.0.1/34383] INFO  algorithms.PipelineChoosePolicyFactory (PipelineChoosePolicyFactory.java:createPipelineChoosePolicyFromClass(73)) - Create pipeline choose policy of type org.apache.hadoop.hdds.scm.pipeline.choose.algorithms.RandomPipelineChoosePolicy
2022-02-20 11:36:16,499 [Listener at 127.0.0.1/34383] INFO  ha.SCMServiceManager (SCMServiceManager.java:register(42)) - Registering service SCMBlockDeletingService.
2022-02-20 11:36:16,499 [Listener at 127.0.0.1/34383] INFO  ha.SCMServiceManager (SCMServiceManager.java:register(42)) - Registering service ReplicationManager.
2022-02-20 11:36:16,499 [Listener at 127.0.0.1/34383] INFO  container.ReplicationManager (ReplicationManager.java:start(326)) - Starting Replication Monitor Thread.
2022-02-20 11:36:16,508 [Listener at 127.0.0.1/34383] INFO  safemode.ContainerSafeModeRule (ContainerSafeModeRule.java:<init>(89)) - containers with one replica threshold count 0
2022-02-20 11:36:16,509 [Listener at 127.0.0.1/34383] INFO  safemode.HealthyPipelineSafeModeRule (HealthyPipelineSafeModeRule.java:initializeRule(156)) - Total pipeline count is 0, healthy pipeline threshold count is 1
2022-02-20 11:36:16,509 [Listener at 127.0.0.1/34383] INFO  safemode.OneReplicaPipelineSafeModeRule (OneReplicaPipelineSafeModeRule.java:initializeRule(180)) - Total pipeline count is 0, pipeline's with at least one datanode reported threshold count is 0
2022-02-20 11:36:16,530 [Listener at 127.0.0.1/34383] INFO  ipc.CallQueueManager (CallQueueManager.java:<init>(90)) - Using callQueue: class java.util.concurrent.LinkedBlockingQueue, queueCapacity: 2000, scheduler: class org.apache.hadoop.ipc.DefaultRpcScheduler, ipcBackoff: false.
2022-02-20 11:36:16,538 [Socket Reader #1 for port 0] INFO  ipc.Server (Server.java:run(1265)) - Starting Socket Reader #1 for port 0
2022-02-20 11:36:16,542 [Listener at 0.0.0.0/42063] INFO  ipc.CallQueueManager (CallQueueManager.java:<init>(90)) - Using callQueue: class java.util.concurrent.LinkedBlockingQueue, queueCapacity: 2000, scheduler: class org.apache.hadoop.ipc.DefaultRpcScheduler, ipcBackoff: false.
2022-02-20 11:36:16,546 [Socket Reader #1 for port 0] INFO  ipc.Server (Server.java:run(1265)) - Starting Socket Reader #1 for port 0
2022-02-20 11:36:16,547 [Listener at 0.0.0.0/34789] INFO  ipc.CallQueueManager (CallQueueManager.java:<init>(90)) - Using callQueue: class java.util.concurrent.LinkedBlockingQueue, queueCapacity: 2000, scheduler: class org.apache.hadoop.ipc.DefaultRpcScheduler, ipcBackoff: false.
2022-02-20 11:36:16,548 [Socket Reader #1 for port 0] INFO  ipc.Server (Server.java:run(1265)) - Starting Socket Reader #1 for port 0
2022-02-20 11:36:16,557 [ReplicationMonitor] INFO  container.ReplicationManager (ReplicationManager.java:processAll(374)) - Replication Manager is not ready to run until 3000ms after safemode exit
2022-02-20 11:36:16,615 [Listener at 0.0.0.0/44875] INFO  algorithms.ContainerPlacementPolicyFactory (ContainerPlacementPolicyFactory.java:getPolicy(60)) - Create container placement policy of type org.apache.hadoop.hdds.scm.container.placement.algorithms.SCMContainerPlacementRandom
2022-02-20 11:36:16,634 [Listener at 0.0.0.0/44875] INFO  server.StorageContainerManager (StorageContainerManager.java:<init>(388)) - 
Container Balancer status:
Key                            Value
Running                        false
Container Balancer Configuration values:
Key                                                Value
Threshold                                          10
Max Datanodes to Involve per Iteration(percent)    20
Max Size to Move per Iteration                     500GB
Max Size Entering Target per Iteration             26GB
Max Size Leaving Source per Iteration              26GB

2022-02-20 11:36:16,634 [Listener at 0.0.0.0/44875] WARN  events.EventQueue (EventQueue.java:fireEvent(194)) - No event handler registered for event TypedEvent{payloadType=SafeModeStatus, name='Safe mode status'}
2022-02-20 11:36:16,634 [Listener at 0.0.0.0/44875] INFO  ha.SCMContext (SCMContext.java:updateSafeModeStatus(211)) - Update SafeModeStatus from SafeModeStatus{safeModeStatus=true, preCheckPassed=false} to SafeModeStatus{safeModeStatus=true, preCheckPassed=false}.
2022-02-20 11:36:16,634 [Listener at 0.0.0.0/44875] INFO  server.StorageContainerManager (StorageContainerManager.java:start(1303)) - StorageContainerLocationProtocol RPC server is listening at /0.0.0.0:44875
2022-02-20 11:36:16,634 [Listener at 0.0.0.0/44875] INFO  ha.SCMRatisServerImpl (SCMRatisServerImpl.java:start(177)) - starting ratis server 0.0.0.0:9894
2022-02-20 11:36:16,635 [Listener at 0.0.0.0/44875] INFO  server.RaftServer$Division (RaftServerImpl.java:start(301)) - 7c3d7c22-ea0f-4f16-8203-6756703758f3@group-E53F0D8A9600: start as a follower, conf=0: [7c3d7c22-ea0f-4f16-8203-6756703758f3|rpc:fv-az59-849:9894|admin:|client:|dataStream:|priority:0], old=null
2022-02-20 11:36:16,635 [Listener at 0.0.0.0/44875] INFO  server.RaftServer$Division (RaftServerImpl.java:setRole(290)) - 7c3d7c22-ea0f-4f16-8203-6756703758f3@group-E53F0D8A9600: changes role from      null to FOLLOWER at term 1 for startAsFollower
2022-02-20 11:36:16,635 [Listener at 0.0.0.0/44875] INFO  impl.RoleInfo (RoleInfo.java:updateAndGet(130)) - 7c3d7c22-ea0f-4f16-8203-6756703758f3: start 7c3d7c22-ea0f-4f16-8203-6756703758f3@group-E53F0D8A9600-FollowerState
2022-02-20 11:36:16,658 [Listener at 0.0.0.0/44875] INFO  util.JmxRegister (JmxRegister.java:tryRegister(44)) - Successfully registered JMX Bean with object name Ratis:service=RaftServer,group=group-E53F0D8A9600,id=7c3d7c22-ea0f-4f16-8203-6756703758f3
2022-02-20 11:36:16,662 [Listener at 0.0.0.0/44875] INFO  server.RaftServer (RaftServerProxy.java:lambda$start$5(374)) - 7c3d7c22-ea0f-4f16-8203-6756703758f3: start RPC server
2022-02-20 11:36:16,664 [Listener at 0.0.0.0/44875] INFO  server.GrpcService (GrpcService.java:startImpl(253)) - 7c3d7c22-ea0f-4f16-8203-6756703758f3: GrpcService started, listening on 9894
2022-02-20 11:36:16,664 [Listener at 0.0.0.0/44875] INFO  ha.SCMHAManagerImpl (SCMHAManagerImpl.java:start(121)) -  scm role is FOLLOWER peers [7c3d7c22-ea0f-4f16-8203-6756703758f3|rpc:fv-az59-849:9894|admin:|client:|dataStream:|priority:0]
2022-02-20 11:36:16,664 [Listener at 0.0.0.0/44875] INFO  ha.InterSCMGrpcService (InterSCMGrpcProtocolService.java:start(94)) - Starting SCM Grpc Service at port 9895
2022-02-20 11:36:16,666 [Listener at 0.0.0.0/44875] WARN  impl.MetricsConfig (MetricsConfig.java:loadFirst(136)) - Cannot locate configuration: tried hadoop-metrics2-storagecontainermanager.properties,hadoop-metrics2.properties
2022-02-20 11:36:16,669 [org.apache.ratis.util.JvmPauseMonitor$$Lambda$421/295700833@34cd7055] INFO  util.JvmPauseMonitor (JvmPauseMonitor.java:run(103)) - JvmPauseMonitor-7c3d7c22-ea0f-4f16-8203-6756703758f3: Started
2022-02-20 11:36:16,669 [Listener at 0.0.0.0/44875] INFO  impl.MetricsSystemImpl (MetricsSystemImpl.java:startTimer(378)) - Scheduled Metric snapshot period at 10 second(s).
2022-02-20 11:36:16,669 [Listener at 0.0.0.0/44875] INFO  impl.MetricsSystemImpl (MetricsSystemImpl.java:start(191)) - StorageContainerManager metrics system started
2022-02-20 11:36:16,699 [Listener at 0.0.0.0/44875] INFO  impl.MetricsSinkAdapter (MetricsSinkAdapter.java:start(204)) - Sink prometheus started
2022-02-20 11:36:16,699 [Listener at 0.0.0.0/44875] INFO  impl.MetricsSystemImpl (MetricsSystemImpl.java:registerSink(305)) - Registered sink prometheus
2022-02-20 11:36:16,748 [Listener at 0.0.0.0/44875] INFO  server.SCMClientProtocolServer (SCMClientProtocolServer.java:start(165)) - RPC server for Client  is listening at /0.0.0.0:44875
2022-02-20 11:36:16,762 [IPC Server Responder] INFO  ipc.Server (Server.java:run(1507)) - IPC Server Responder: starting
2022-02-20 11:36:16,768 [IPC Server listener on 0] INFO  ipc.Server (Server.java:run(1344)) - IPC Server listener on 0: starting
2022-02-20 11:36:16,847 [Listener at 0.0.0.0/44875] INFO  server.StorageContainerManager (StorageContainerManager.java:start(1318)) - ScmBlockLocationProtocol RPC server is listening at /0.0.0.0:34789
2022-02-20 11:36:16,848 [Listener at 0.0.0.0/44875] INFO  server.SCMBlockProtocolServer (SCMBlockProtocolServer.java:start(151)) - RPC server for Block Protocol is listening at /0.0.0.0:34789
2022-02-20 11:36:16,848 [IPC Server Responder] INFO  ipc.Server (Server.java:run(1507)) - IPC Server Responder: starting
2022-02-20 11:36:16,858 [IPC Server listener on 0] INFO  ipc.Server (Server.java:run(1344)) - IPC Server listener on 0: starting
2022-02-20 11:36:16,871 [Listener at 0.0.0.0/44875] INFO  http.BaseHttpServer (BaseHttpServer.java:newHttpServer2BuilderForOzone(209)) - Starting Web-server for scm at: http://0.0.0.0:0
2022-02-20 11:36:16,872 [Listener at 0.0.0.0/44875] INFO  http.BaseHttpServer (BaseHttpServer.java:<init>(107)) - Hadoop Security Enabled: false Ozone Security Enabled: false Ozone HTTP Security Enabled: false 
2022-02-20 11:36:16,873 [Listener at 0.0.0.0/44875] INFO  server.AuthenticationFilter (AuthenticationFilter.java:constructSecretProvider(240)) - Unable to initialize FileSignerSecretProvider, falling back to use random secrets.
2022-02-20 11:36:16,880 [org.apache.hadoop.util.JvmPauseMonitor$Monitor@e5a570] INFO  util.JvmPauseMonitor (JvmPauseMonitor.java:run(188)) - Starting JVM pause monitor
2022-02-20 11:36:16,895 [Listener at 0.0.0.0/44875] WARN  http.HttpRequestLog (HttpRequestLog.java:getRequestLog(103)) - Jetty request log can only be enabled using Log4j
2022-02-20 11:36:16,896 [Listener at 0.0.0.0/44875] INFO  http.HttpServer2 (HttpServer2.java:addGlobalFilter(1030)) - Added global filter 'safety' (class=org.apache.hadoop.hdds.server.http.HttpServer2$QuotingInputFilter)
2022-02-20 11:36:16,897 [Listener at 0.0.0.0/44875] INFO  http.HttpServer2 (HttpServer2.java:addFilter(1006)) - Added filter static_user_filter (class=org.apache.hadoop.http.lib.StaticUserWebFilter$StaticUserFilter) to context scm
2022-02-20 11:36:16,897 [Listener at 0.0.0.0/44875] INFO  http.HttpServer2 (HttpServer2.java:addFilter(1014)) - Added filter static_user_filter (class=org.apache.hadoop.http.lib.StaticUserWebFilter$StaticUserFilter) to context static
2022-02-20 11:36:16,897 [Listener at 0.0.0.0/44875] INFO  http.HttpServer2 (HttpServer2.java:addFilter(1014)) - Added filter static_user_filter (class=org.apache.hadoop.http.lib.StaticUserWebFilter$StaticUserFilter) to context logs
2022-02-20 11:36:16,897 [Listener at 0.0.0.0/44875] INFO  http.HttpServer2 (HttpServer2.java:bindListener(1249)) - Jetty bound to port 38735
2022-02-20 11:36:16,897 [Listener at 0.0.0.0/44875] INFO  server.Server (Server.java:doStart(375)) - jetty-9.4.43.v20210629; built: 2021-06-30T11:07:22.254Z; git: 526006ecfa3af7f1a27ef3a288e2bef7ea9dd7e8; jvm 1.8.0_322-b06
2022-02-20 11:36:16,899 [Listener at 0.0.0.0/44875] INFO  server.session (DefaultSessionIdManager.java:doStart(334)) - DefaultSessionIdManager workerName=node0
2022-02-20 11:36:16,899 [Listener at 0.0.0.0/44875] INFO  server.session (DefaultSessionIdManager.java:doStart(339)) - No SessionScavenger set, using defaults
2022-02-20 11:36:16,900 [Listener at 0.0.0.0/44875] INFO  server.session (HouseKeeper.java:startScavenging(132)) - node0 Scavenging every 660000ms
2022-02-20 11:36:16,900 [Listener at 0.0.0.0/44875] INFO  handler.ContextHandler (ContextHandler.java:doStart(915)) - Started o.e.j.s.ServletContextHandler@3cf8b6d5{logs,/logs,file:///home/runner/work/ozone/ozone/hadoop-ozone/integration-test/target/log,AVAILABLE}
2022-02-20 11:36:16,901 [Listener at 0.0.0.0/44875] INFO  handler.ContextHandler (ContextHandler.java:doStart(915)) - Started o.e.j.s.ServletContextHandler@579e065f{static,/static,file:///home/runner/work/ozone/ozone/hadoop-ozone/integration-test/target/test-classes/webapps/static,AVAILABLE}
2022-02-20 11:36:16,928 [Listener at 0.0.0.0/44875] INFO  handler.ContextHandler (ContextHandler.java:doStart(915)) - Started o.e.j.w.WebAppContext@1f3c0098{scm,/,file:///home/runner/work/ozone/ozone/hadoop-ozone/integration-test/target/test-classes/webapps/scm/,AVAILABLE}{file:/home/runner/work/ozone/ozone/hadoop-ozone/integration-test/target/test-classes/webapps/scm}
2022-02-20 11:36:16,930 [Listener at 0.0.0.0/44875] INFO  server.AbstractConnector (AbstractConnector.java:doStart(331)) - Started ServerConnector@749c9289{HTTP/1.1, (http/1.1)}{0.0.0.0:38735}
2022-02-20 11:36:16,942 [Listener at 0.0.0.0/44875] INFO  server.Server (Server.java:doStart(415)) - Started @267130ms
2022-02-20 11:36:16,946 [Listener at 0.0.0.0/44875] WARN  impl.MetricsSystemImpl (MetricsSystemImpl.java:register(279)) - Sink prometheus already exists!
2022-02-20 11:36:16,954 [Listener at 0.0.0.0/44875] INFO  http.BaseHttpServer (BaseHttpServer.java:updateConnectorAddress(329)) - HTTP server of scm listening at http://0.0.0.0:38735
2022-02-20 11:36:16,954 [Listener at 0.0.0.0/44875] WARN  server.ServerUtils (ServerUtils.java:getDBPath(225)) - ozone.om.db.dirs is not configured. We recommend adding this setting. Falling back to ozone.metadata.dirs instead.
2022-02-20 11:36:16,962 [Listener at 0.0.0.0/44875] INFO  ha.OMHANodeDetails (OMHANodeDetails.java:loadOMHAConfig(112)) - ozone.om.internal.service.id is not defined, falling back to ozone.om.service.ids to find serviceID for OzoneManager if it is HA enabled cluster
2022-02-20 11:36:16,962 [Listener at 0.0.0.0/44875] INFO  ha.OMHANodeDetails (OMHANodeDetails.java:loadOMHAConfig(218)) - Configuration does not have ozone.om.address set. Falling back to the default OM address /127.0.0.1:0
2022-02-20 11:36:16,962 [Listener at 0.0.0.0/44875] INFO  ha.OMHANodeDetails (OMHANodeDetails.java:getOMNodeDetailsForNonHA(246)) - OM Service ID is not set. Setting it to the default ID: omServiceIdDefault
2022-02-20 11:36:16,963 [Listener at 0.0.0.0/44875] INFO  ha.OMHANodeDetails (OMHANodeDetails.java:getOMNodeDetailsForNonHA(253)) - OM Node ID is not set. Setting it to the default ID: om1
2022-02-20 11:36:16,963 [Listener at 0.0.0.0/44875] WARN  server.ServerUtils (ServerUtils.java:getDBPath(225)) - ozone.om.db.dirs is not configured. We recommend adding this setting. Falling back to ozone.metadata.dirs instead.
2022-02-20 11:36:16,965 [Listener at 0.0.0.0/44875] INFO  upgrade.AbstractLayoutVersionManager (AbstractLayoutVersionManager.java:init(79)) - Initializing Layout version manager with metadata layout = INITIAL_VERSION (version = 0), software layout = INITIAL_VERSION (version = 0)
2022-02-20 11:36:17,085 [Listener at 0.0.0.0/44875] INFO  reflections.Reflections (Reflections.java:scan(232)) - Reflections took 115 ms to scan 2 urls, producing 133 keys and 348 values [using 2 cores]
2022-02-20 11:36:17,085 [Listener at 0.0.0.0/44875] INFO  upgrade.OMLayoutVersionManager (OMLayoutVersionManager.java:lambda$0(115)) - Skipping Upgrade Action MockOmUpgradeAction since it has been finalized.
2022-02-20 11:36:17,085 [Listener at 0.0.0.0/44875] WARN  server.ServerUtils (ServerUtils.java:getDBPath(225)) - ozone.om.db.dirs is not configured. We recommend adding this setting. Falling back to ozone.metadata.dirs instead.
2022-02-20 11:36:19,138 [Listener at 0.0.0.0/44875] INFO  retry.RetryInvocationHandler (RetryInvocationHandler.java:log(411)) - com.google.protobuf.ServiceException: org.apache.hadoop.ipc.RemoteException(org.apache.hadoop.hdds.ratis.ServerNotLeaderException): Server:7c3d7c22-ea0f-4f16-8203-6756703758f3 is not the leader. Could not determine the leader node.
	at org.apache.hadoop.hdds.ratis.ServerNotLeaderException.convertToNotLeaderException(ServerNotLeaderException.java:109)
	at org.apache.hadoop.hdds.scm.ha.RatisUtil.checkRatisException(RatisUtil.java:246)
	at org.apache.hadoop.hdds.scm.protocol.ScmBlockLocationProtocolServerSideTranslatorPB.send(ScmBlockLocationProtocolServerSideTranslatorPB.java:108)
	at org.apache.hadoop.hdds.protocol.proto.ScmBlockLocationProtocolProtos$ScmBlockLocationProtocolService$2.callBlockingMethod(ScmBlockLocationProtocolProtos.java:13937)
	at org.apache.hadoop.ipc.ProtobufRpcEngine$Server.processCall(ProtobufRpcEngine.java:466)
	at org.apache.hadoop.ipc.ProtobufRpcEngine2$Server$ProtoBufRpcInvoker.call(ProtobufRpcEngine2.java:574)
	at org.apache.hadoop.ipc.ProtobufRpcEngine2$Server$ProtoBufRpcInvoker.call(ProtobufRpcEngine2.java:552)
	at org.apache.hadoop.ipc.RPC$Server.call(RPC.java:1093)
	at org.apache.hadoop.ipc.Server$RpcCall.run(Server.java:1035)
	at org.apache.hadoop.ipc.Server$RpcCall.run(Server.java:963)
	at java.security.AccessController.doPrivileged(Native Method)
	at javax.security.auth.Subject.doAs(Subject.java:422)
	at org.apache.hadoop.security.UserGroupInformation.doAs(UserGroupInformation.java:1878)
	at org.apache.hadoop.ipc.Server$Handler.run(Server.java:2966)
, while invoking $Proxy46.send over nodeId=scmNodeId,nodeAddress=/0.0.0.0:34789 after 1 failover attempts. Trying to failover after sleeping for 2000ms.
2022-02-20 11:36:21,147 [Listener at 0.0.0.0/44875] INFO  retry.RetryInvocationHandler (RetryInvocationHandler.java:log(411)) - com.google.protobuf.ServiceException: org.apache.hadoop.ipc.RemoteException(org.apache.hadoop.hdds.ratis.ServerNotLeaderException): Server:7c3d7c22-ea0f-4f16-8203-6756703758f3 is not the leader. Could not determine the leader node.
	at org.apache.hadoop.hdds.ratis.ServerNotLeaderException.convertToNotLeaderException(ServerNotLeaderException.java:109)
	at org.apache.hadoop.hdds.scm.ha.RatisUtil.checkRatisException(RatisUtil.java:246)
	at org.apache.hadoop.hdds.scm.protocol.ScmBlockLocationProtocolServerSideTranslatorPB.send(ScmBlockLocationProtocolServerSideTranslatorPB.java:108)
	at org.apache.hadoop.hdds.protocol.proto.ScmBlockLocationProtocolProtos$ScmBlockLocationProtocolService$2.callBlockingMethod(ScmBlockLocationProtocolProtos.java:13937)
	at org.apache.hadoop.ipc.ProtobufRpcEngine$Server.processCall(ProtobufRpcEngine.java:466)
	at org.apache.hadoop.ipc.ProtobufRpcEngine2$Server$ProtoBufRpcInvoker.call(ProtobufRpcEngine2.java:574)
	at org.apache.hadoop.ipc.ProtobufRpcEngine2$Server$ProtoBufRpcInvoker.call(ProtobufRpcEngine2.java:552)
	at org.apache.hadoop.ipc.RPC$Server.call(RPC.java:1093)
	at org.apache.hadoop.ipc.Server$RpcCall.run(Server.java:1035)
	at org.apache.hadoop.ipc.Server$RpcCall.run(Server.java:963)
	at java.security.AccessController.doPrivileged(Native Method)
	at javax.security.auth.Subject.doAs(Subject.java:422)
	at org.apache.hadoop.security.UserGroupInformation.doAs(UserGroupInformation.java:1878)
	at org.apache.hadoop.ipc.Server$Handler.run(Server.java:2966)
, while invoking $Proxy46.send over nodeId=scmNodeId,nodeAddress=/0.0.0.0:34789 after 2 failover attempts. Trying to failover after sleeping for 2000ms.
2022-02-20 11:36:21,829 [7c3d7c22-ea0f-4f16-8203-6756703758f3@group-E53F0D8A9600-FollowerState] INFO  impl.FollowerState (FollowerState.java:run(134)) - 7c3d7c22-ea0f-4f16-8203-6756703758f3@group-E53F0D8A9600-FollowerState: change to CANDIDATE, lastRpcElapsedTime:5194427941ns, electionTimeout:5170ms
2022-02-20 11:36:21,829 [7c3d7c22-ea0f-4f16-8203-6756703758f3@group-E53F0D8A9600-FollowerState] INFO  impl.RoleInfo (RoleInfo.java:shutdownFollowerState(108)) - 7c3d7c22-ea0f-4f16-8203-6756703758f3: shutdown 7c3d7c22-ea0f-4f16-8203-6756703758f3@group-E53F0D8A9600-FollowerState
2022-02-20 11:36:21,829 [7c3d7c22-ea0f-4f16-8203-6756703758f3@group-E53F0D8A9600-FollowerState] INFO  server.RaftServer$Division (RaftServerImpl.java:setRole(290)) - 7c3d7c22-ea0f-4f16-8203-6756703758f3@group-E53F0D8A9600: changes role from  FOLLOWER to CANDIDATE at term 1 for changeToCandidate
2022-02-20 11:36:21,830 [7c3d7c22-ea0f-4f16-8203-6756703758f3@group-E53F0D8A9600-FollowerState] INFO  server.RaftServerConfigKeys (ConfUtils.java:logGet(44)) - raft.server.leaderelection.pre-vote = false (custom)
2022-02-20 11:36:21,830 [7c3d7c22-ea0f-4f16-8203-6756703758f3@group-E53F0D8A9600-FollowerState] INFO  impl.RoleInfo (RoleInfo.java:updateAndGet(130)) - 7c3d7c22-ea0f-4f16-8203-6756703758f3: start 7c3d7c22-ea0f-4f16-8203-6756703758f3@group-E53F0D8A9600-LeaderElection71
2022-02-20 11:36:21,886 [7c3d7c22-ea0f-4f16-8203-6756703758f3@group-E53F0D8A9600-LeaderElection71] INFO  impl.LeaderElection (LeaderElection.java:askForVotes(306)) - 7c3d7c22-ea0f-4f16-8203-6756703758f3@group-E53F0D8A9600-LeaderElection71 ELECTION round 0: submit vote requests at term 2 for 0: [7c3d7c22-ea0f-4f16-8203-6756703758f3|rpc:fv-az59-849:9894|admin:|client:|dataStream:|priority:0], old=null
2022-02-20 11:36:21,887 [7c3d7c22-ea0f-4f16-8203-6756703758f3@group-E53F0D8A9600-LeaderElection71] INFO  impl.LeaderElection (LeaderElection.java:askForVotes(308)) - 7c3d7c22-ea0f-4f16-8203-6756703758f3@group-E53F0D8A9600-LeaderElection71 ELECTION round 0: result PASSED (term=2)
2022-02-20 11:36:21,887 [7c3d7c22-ea0f-4f16-8203-6756703758f3@group-E53F0D8A9600-LeaderElection71] INFO  impl.RoleInfo (RoleInfo.java:shutdownLeaderElection(121)) - 7c3d7c22-ea0f-4f16-8203-6756703758f3: shutdown 7c3d7c22-ea0f-4f16-8203-6756703758f3@group-E53F0D8A9600-LeaderElection71
2022-02-20 11:36:21,887 [7c3d7c22-ea0f-4f16-8203-6756703758f3@group-E53F0D8A9600-LeaderElection71] INFO  server.RaftServer$Division (RaftServerImpl.java:setRole(290)) - 7c3d7c22-ea0f-4f16-8203-6756703758f3@group-E53F0D8A9600: changes role from CANDIDATE to LEADER at term 2 for changeToLeader
2022-02-20 11:36:21,887 [7c3d7c22-ea0f-4f16-8203-6756703758f3@group-E53F0D8A9600-LeaderElection71] INFO  ha.SCMStateMachine (SCMStateMachine.java:notifyLeaderChanged(259)) - current SCM becomes leader of term 2.
2022-02-20 11:36:21,887 [7c3d7c22-ea0f-4f16-8203-6756703758f3@group-E53F0D8A9600-LeaderElection71] INFO  ha.SCMContext (SCMContext.java:updateLeaderAndTerm(90)) - update <isLeader,term> from <false,0> to <true,2>
2022-02-20 11:36:21,887 [7c3d7c22-ea0f-4f16-8203-6756703758f3@group-E53F0D8A9600-LeaderElection71] INFO  server.RaftServer$Division (ServerState.java:setLeader(285)) - 7c3d7c22-ea0f-4f16-8203-6756703758f3@group-E53F0D8A9600: change Leader from null to 7c3d7c22-ea0f-4f16-8203-6756703758f3 at term 2 for becomeLeader, leader elected after 5411ms
2022-02-20 11:36:21,887 [7c3d7c22-ea0f-4f16-8203-6756703758f3@group-E53F0D8A9600-LeaderElection71] INFO  server.RaftServerConfigKeys (ConfUtils.java:logGet(44)) - raft.server.staging.catchup.gap = 1000 (default)
2022-02-20 11:36:21,887 [7c3d7c22-ea0f-4f16-8203-6756703758f3@group-E53F0D8A9600-LeaderElection71] INFO  server.RaftServerConfigKeys (ConfUtils.java:logGet(44)) - raft.server.write.element-limit = 4096 (default)
2022-02-20 11:36:21,887 [7c3d7c22-ea0f-4f16-8203-6756703758f3@group-E53F0D8A9600-LeaderElection71] INFO  server.RaftServerConfigKeys (ConfUtils.java:logGet(44)) - raft.server.write.byte-limit = 64MB (=67108864) (default)
2022-02-20 11:36:21,888 [7c3d7c22-ea0f-4f16-8203-6756703758f3@group-E53F0D8A9600-LeaderElection71] INFO  server.RaftServerConfigKeys (ConfUtils.java:logGet(44)) - raft.server.watch.timeout = 10s (default)
2022-02-20 11:36:21,888 [7c3d7c22-ea0f-4f16-8203-6756703758f3@group-E53F0D8A9600-LeaderElection71] INFO  server.RaftServerConfigKeys (ConfUtils.java:logGet(44)) - raft.server.watch.timeout.denomination = 1s (default)
2022-02-20 11:36:21,888 [7c3d7c22-ea0f-4f16-8203-6756703758f3@group-E53F0D8A9600-LeaderElection71] INFO  server.RaftServerConfigKeys (ConfUtils.java:logGet(44)) - raft.server.watch.element-limit = 65536 (default)
2022-02-20 11:36:21,888 [7c3d7c22-ea0f-4f16-8203-6756703758f3@group-E53F0D8A9600-LeaderElection71] INFO  server.RaftServerConfigKeys (ConfUtils.java:logGet(44)) - raft.server.write.element-limit = 4096 (default)
2022-02-20 11:36:21,888 [7c3d7c22-ea0f-4f16-8203-6756703758f3@group-E53F0D8A9600-LeaderElection71] INFO  server.RaftServerConfigKeys (ConfUtils.java:logGet(44)) - raft.server.write.follower.gap.ratio.max = -1.0 (default)
2022-02-20 11:36:21,888 [7c3d7c22-ea0f-4f16-8203-6756703758f3@group-E53F0D8A9600-LeaderElection71] INFO  impl.RoleInfo (RoleInfo.java:updateAndGet(130)) - 7c3d7c22-ea0f-4f16-8203-6756703758f3: start 7c3d7c22-ea0f-4f16-8203-6756703758f3@group-E53F0D8A9600-LeaderStateImpl
2022-02-20 11:36:21,888 [7c3d7c22-ea0f-4f16-8203-6756703758f3@group-E53F0D8A9600-LeaderElection71] INFO  segmented.SegmentedRaftLogWorker (SegmentedRaftLogWorker.java:rollLogSegment(399)) - 7c3d7c22-ea0f-4f16-8203-6756703758f3@group-E53F0D8A9600-SegmentedRaftLogWorker: Rolling segment log-0_0 to index:0
2022-02-20 11:36:21,889 [7c3d7c22-ea0f-4f16-8203-6756703758f3@group-E53F0D8A9600-SegmentedRaftLogWorker] INFO  segmented.SegmentedRaftLogWorker (SegmentedRaftLogWorker.java:execute(558)) - 7c3d7c22-ea0f-4f16-8203-6756703758f3@group-E53F0D8A9600-SegmentedRaftLogWorker: Rolled log segment from /home/runner/work/ozone/ozone/hadoop-ozone/integration-test/target/test-dir/MiniOzoneClusterImpl-abb31ffe-caed-4032-89a4-e53f0d8a9600/ozone-meta/scm-ha/abb31ffe-caed-4032-89a4-e53f0d8a9600/current/log_inprogress_0 to /home/runner/work/ozone/ozone/hadoop-ozone/integration-test/target/test-dir/MiniOzoneClusterImpl-abb31ffe-caed-4032-89a4-e53f0d8a9600/ozone-meta/scm-ha/abb31ffe-caed-4032-89a4-e53f0d8a9600/current/log_0-0
2022-02-20 11:36:21,922 [7c3d7c22-ea0f-4f16-8203-6756703758f3@group-E53F0D8A9600-SegmentedRaftLogWorker] INFO  segmented.SegmentedRaftLogWorker (SegmentedRaftLogWorker.java:execute(601)) - 7c3d7c22-ea0f-4f16-8203-6756703758f3@group-E53F0D8A9600-SegmentedRaftLogWorker: created new log segment /home/runner/work/ozone/ozone/hadoop-ozone/integration-test/target/test-dir/MiniOzoneClusterImpl-abb31ffe-caed-4032-89a4-e53f0d8a9600/ozone-meta/scm-ha/abb31ffe-caed-4032-89a4-e53f0d8a9600/current/log_inprogress_1
2022-02-20 11:36:21,923 [7c3d7c22-ea0f-4f16-8203-6756703758f3@group-E53F0D8A9600-LeaderElection71] INFO  server.RaftServer$Division (ServerState.java:setRaftConf(387)) - 7c3d7c22-ea0f-4f16-8203-6756703758f3@group-E53F0D8A9600: set configuration 1: [7c3d7c22-ea0f-4f16-8203-6756703758f3|rpc:fv-az59-849:9894|admin:|client:|dataStream:|priority:0], old=null
2022-02-20 11:36:21,923 [7c3d7c22-ea0f-4f16-8203-6756703758f3@group-E53F0D8A9600-StateMachineUpdater] INFO  ha.SCMContext (SCMContext.java:setLeaderReady(117)) - update <isLeaderReady> from <false> to <true>
2022-02-20 11:36:21,925 [7c3d7c22-ea0f-4f16-8203-6756703758f3@group-E53F0D8A9600-StateMachineUpdater] INFO  pipeline.BackgroundPipelineCreator (BackgroundPipelineCreator.java:notifyStatusChanged(264)) - Service BackgroundPipelineCreator transitions to RUNNING.
2022-02-20 11:36:21,925 [7c3d7c22-ea0f-4f16-8203-6756703758f3@group-E53F0D8A9600-StateMachineUpdater] INFO  safemode.HealthyPipelineSafeModeRule (HealthyPipelineSafeModeRule.java:initializeRule(152)) - Refreshed total pipeline count is 0, healthy pipeline threshold count is 1
2022-02-20 11:36:21,925 [7c3d7c22-ea0f-4f16-8203-6756703758f3@group-E53F0D8A9600-StateMachineUpdater] INFO  safemode.ContainerSafeModeRule (ContainerSafeModeRule.java:reInitializeRule(177)) - Refreshed one replica container threshold 0, currentThreshold 0
2022-02-20 11:36:21,925 [7c3d7c22-ea0f-4f16-8203-6756703758f3@group-E53F0D8A9600-StateMachineUpdater] INFO  safemode.OneReplicaPipelineSafeModeRule (OneReplicaPipelineSafeModeRule.java:initializeRule(176)) - Refreshed Total pipeline count is 0, pipeline's with at least one datanode reported threshold count is 0
2022-02-20 11:36:21,925 [7c3d7c22-ea0f-4f16-8203-6756703758f3@group-E53F0D8A9600-StateMachineUpdater] INFO  server.SCMDatanodeProtocolServer (SCMDatanodeProtocolServer.java:start(181)) - ScmDatanodeProtocol RPC server for DataNodes is listening at /0.0.0.0:42063
2022-02-20 11:36:21,960 [IPC Server Responder] INFO  ipc.Server (Server.java:run(1507)) - IPC Server Responder: starting
2022-02-20 11:36:21,961 [IPC Server listener on 0] INFO  ipc.Server (Server.java:run(1344)) - IPC Server listener on 0: starting
2022-02-20 11:36:23,151 [Listener at 0.0.0.0/44875] WARN  server.ServerUtils (ServerUtils.java:getDBPath(225)) - ozone.om.db.dirs is not configured. We recommend adding this setting. Falling back to ozone.metadata.dirs instead.
2022-02-20 11:36:23,152 [Listener at 0.0.0.0/44875] INFO  codec.OmKeyInfoCodec (OmKeyInfoCodec.java:<init>(50)) - OmKeyInfoCodec ignorePipeline = true
2022-02-20 11:36:23,152 [Listener at 0.0.0.0/44875] INFO  codec.RepeatedOmKeyInfoCodec (RepeatedOmKeyInfoCodec.java:<init>(42)) - RepeatedOmKeyInfoCodec ignorePipeline = true
2022-02-20 11:36:23,464 [Listener at 0.0.0.0/44875] INFO  om.OzoneManager (OzoneManager.java:addS3GVolumeToDB(3732)) - Created Volume s3v With Owner runner required for S3Gateway operations.
2022-02-20 11:36:23,465 [Listener at 0.0.0.0/44875] INFO  ipc.CallQueueManager (CallQueueManager.java:<init>(90)) - Using callQueue: class java.util.concurrent.LinkedBlockingQueue, queueCapacity: 2000, scheduler: class org.apache.hadoop.ipc.DefaultRpcScheduler, ipcBackoff: false.
2022-02-20 11:36:23,502 [Socket Reader #1 for port 0] INFO  ipc.Server (Server.java:run(1265)) - Starting Socket Reader #1 for port 0
2022-02-20 11:36:23,555 [Listener at 127.0.0.1/46775] INFO  impl.MetricsSystemImpl (MetricsSystemImpl.java:init(158)) - OzoneManager metrics system started (again)
2022-02-20 11:36:23,609 [Listener at 127.0.0.1/46775] INFO  om.OzoneManager (OzoneManager.java:start(1365)) - OzoneManager RPC server is listening at localhost/127.0.0.1:46775
2022-02-20 11:36:23,609 [Listener at 127.0.0.1/46775] INFO  om.OzoneManager (OzoneManager.java:start(1381)) - Version File has different layout version (0) than OM DB (null). That is expected if this OM has never been finalized to a newer layout version.
2022-02-20 11:36:23,653 [Listener at 127.0.0.1/46775] INFO  http.BaseHttpServer (BaseHttpServer.java:newHttpServer2BuilderForOzone(209)) - Starting Web-server for ozoneManager at: http://0.0.0.0:0
2022-02-20 11:36:23,653 [Listener at 127.0.0.1/46775] INFO  http.BaseHttpServer (BaseHttpServer.java:<init>(107)) - Hadoop Security Enabled: false Ozone Security Enabled: false Ozone HTTP Security Enabled: false 
2022-02-20 11:36:23,654 [Listener at 127.0.0.1/46775] INFO  server.AuthenticationFilter (AuthenticationFilter.java:constructSecretProvider(240)) - Unable to initialize FileSignerSecretProvider, falling back to use random secrets.
2022-02-20 11:36:23,661 [Listener at 127.0.0.1/46775] WARN  http.HttpRequestLog (HttpRequestLog.java:getRequestLog(103)) - Jetty request log can only be enabled using Log4j
2022-02-20 11:36:23,662 [Listener at 127.0.0.1/46775] INFO  http.HttpServer2 (HttpServer2.java:addGlobalFilter(1030)) - Added global filter 'safety' (class=org.apache.hadoop.hdds.server.http.HttpServer2$QuotingInputFilter)
2022-02-20 11:36:23,662 [Listener at 127.0.0.1/46775] INFO  http.HttpServer2 (HttpServer2.java:addFilter(1006)) - Added filter static_user_filter (class=org.apache.hadoop.http.lib.StaticUserWebFilter$StaticUserFilter) to context ozoneManager
2022-02-20 11:36:23,662 [Listener at 127.0.0.1/46775] INFO  http.HttpServer2 (HttpServer2.java:addFilter(1014)) - Added filter static_user_filter (class=org.apache.hadoop.http.lib.StaticUserWebFilter$StaticUserFilter) to context logs
2022-02-20 11:36:23,662 [Listener at 127.0.0.1/46775] INFO  http.HttpServer2 (HttpServer2.java:addFilter(1014)) - Added filter static_user_filter (class=org.apache.hadoop.http.lib.StaticUserWebFilter$StaticUserFilter) to context static
2022-02-20 11:36:23,663 [Listener at 127.0.0.1/46775] INFO  http.HttpServer2 (HttpServer2.java:bindListener(1249)) - Jetty bound to port 36713
2022-02-20 11:36:23,663 [Listener at 127.0.0.1/46775] INFO  server.Server (Server.java:doStart(375)) - jetty-9.4.43.v20210629; built: 2021-06-30T11:07:22.254Z; git: 526006ecfa3af7f1a27ef3a288e2bef7ea9dd7e8; jvm 1.8.0_322-b06
2022-02-20 11:36:23,665 [Listener at 127.0.0.1/46775] INFO  server.session (DefaultSessionIdManager.java:doStart(334)) - DefaultSessionIdManager workerName=node0
2022-02-20 11:36:23,665 [Listener at 127.0.0.1/46775] INFO  server.session (DefaultSessionIdManager.java:doStart(339)) - No SessionScavenger set, using defaults
2022-02-20 11:36:23,665 [Listener at 127.0.0.1/46775] INFO  server.session (HouseKeeper.java:startScavenging(132)) - node0 Scavenging every 600000ms
2022-02-20 11:36:23,666 [Listener at 127.0.0.1/46775] INFO  handler.ContextHandler (ContextHandler.java:doStart(915)) - Started o.e.j.s.ServletContextHandler@5ed3696c{logs,/logs,file:///home/runner/work/ozone/ozone/hadoop-ozone/integration-test/target/log,AVAILABLE}
2022-02-20 11:36:23,666 [Listener at 127.0.0.1/46775] INFO  handler.ContextHandler (ContextHandler.java:doStart(915)) - Started o.e.j.s.ServletContextHandler@11eb6744{static,/static,file:///home/runner/work/ozone/ozone/hadoop-ozone/integration-test/target/test-classes/webapps/static,AVAILABLE}
2022-02-20 11:36:23,674 [Listener at 127.0.0.1/46775] INFO  handler.ContextHandler (ContextHandler.java:doStart(915)) - Started o.e.j.w.WebAppContext@59e9bb43{ozoneManager,/,file:///home/runner/work/ozone/ozone/hadoop-ozone/integration-test/target/test-classes/webapps/ozoneManager/,AVAILABLE}{file:/home/runner/work/ozone/ozone/hadoop-ozone/integration-test/target/test-classes/webapps/ozoneManager}
2022-02-20 11:36:23,679 [Listener at 127.0.0.1/46775] INFO  server.AbstractConnector (AbstractConnector.java:doStart(331)) - Started ServerConnector@4e59cfdd{HTTP/1.1, (http/1.1)}{0.0.0.0:36713}
2022-02-20 11:36:23,679 [Listener at 127.0.0.1/46775] INFO  server.Server (Server.java:doStart(415)) - Started @273867ms
2022-02-20 11:36:23,679 [Listener at 127.0.0.1/46775] WARN  impl.MetricsSystemImpl (MetricsSystemImpl.java:register(279)) - Sink prometheus already exists!
2022-02-20 11:36:23,686 [Listener at 127.0.0.1/46775] INFO  http.BaseHttpServer (BaseHttpServer.java:updateConnectorAddress(329)) - HTTP server of ozoneManager listening at http://0.0.0.0:36713
2022-02-20 11:36:23,693 [IPC Server Responder] INFO  ipc.Server (Server.java:run(1507)) - IPC Server Responder: starting
2022-02-20 11:36:23,693 [IPC Server listener on 0] INFO  ipc.Server (Server.java:run(1344)) - IPC Server listener on 0: starting
2022-02-20 11:36:23,772 [Listener at 127.0.0.1/46775] INFO  om.TrashPolicyOzone (TrashPolicyOzone.java:<init>(178)) - Ozone Manager trash configuration: Deletion interval = 0 minutes, Emptier interval = 0 minutes.
2022-02-20 11:36:23,786 [org.apache.hadoop.util.JvmPauseMonitor$Monitor@5e3b689a] INFO  util.JvmPauseMonitor (JvmPauseMonitor.java:run(188)) - Starting JVM pause monitor
2022-02-20 11:36:23,794 [Listener at 127.0.0.1/46775] WARN  impl.MetricRegistriesImpl (MetricRegistriesImpl.java:addReporterRegistration(111)) - New reporters are added after registries were created. Some metrics will be missing from the reporter. Please add reporter before adding any new registry.
2022-02-20 11:36:23,794 [Listener at 127.0.0.1/46775] WARN  impl.MetricRegistriesImpl (MetricRegistriesImpl.java:addReporterRegistration(111)) - New reporters are added after registries were created. Some metrics will be missing from the reporter. Please add reporter before adding any new registry.
2022-02-20 11:36:23,794 [Listener at 127.0.0.1/46775] INFO  impl.MetricsSystemImpl (MetricsSystemImpl.java:init(158)) - HddsDatanode metrics system started (again)
2022-02-20 11:36:23,805 [Listener at 127.0.0.1/46775] INFO  ozone.HddsDatanodeService (HddsDatanodeService.java:start(233)) - HddsDatanodeService host:fv-az59-849.csjynl4pkq3e1pkirw3ssqjfoh.cx.internal.cloudapp.net ip:10.1.0.4
2022-02-20 11:36:23,868 [Listener at 127.0.0.1/46775] INFO  upgrade.AbstractLayoutVersionManager (AbstractLayoutVersionManager.java:init(79)) - Initializing Layout version manager with metadata layout = SCM_HA (version = 2), software layout = SCM_HA (version = 2)
2022-02-20 11:36:23,967 [Listener at 127.0.0.1/46775] INFO  reflections.Reflections (Reflections.java:scan(232)) - Reflections took 98 ms to scan 7 urls, producing 121 keys and 284 values 
2022-02-20 11:36:23,968 [Listener at 127.0.0.1/46775] INFO  statemachine.DatanodeStateMachine (DatanodeStateMachine.java:getEndPointTaskThreadPoolSize(222)) - Datanode State Machine Task Thread Pool size 2
2022-02-20 11:36:23,969 [Listener at 127.0.0.1/46775] INFO  volume.HddsVolume (HddsVolume.java:<init>(120)) - Creating HddsVolume: /home/runner/work/ozone/ozone/hadoop-ozone/integration-test/target/test-dir/MiniOzoneClusterImpl-abb31ffe-caed-4032-89a4-e53f0d8a9600/datanode-0/data-0/containers/hdds of storage type : DISK capacity : 9223372036854775807
2022-02-20 11:36:23,970 [Listener at 127.0.0.1/46775] INFO  volume.MutableVolumeSet (MutableVolumeSet.java:initializeVolumeSet(168)) - Added Volume : /home/runner/work/ozone/ozone/hadoop-ozone/integration-test/target/test-dir/MiniOzoneClusterImpl-abb31ffe-caed-4032-89a4-e53f0d8a9600/datanode-0/data-0/containers/hdds to VolumeSet
2022-02-20 11:36:23,970 [Listener at 127.0.0.1/46775] INFO  volume.ThrottledAsyncChecker (ThrottledAsyncChecker.java:schedule(141)) - Scheduling a check for /home/runner/work/ozone/ozone/hadoop-ozone/integration-test/target/test-dir/MiniOzoneClusterImpl-abb31ffe-caed-4032-89a4-e53f0d8a9600/datanode-0/data-0/containers/hdds
2022-02-20 11:36:23,970 [Listener at 127.0.0.1/46775] INFO  volume.StorageVolumeChecker (StorageVolumeChecker.java:checkAllVolumes(202)) - Scheduled health check for volume /home/runner/work/ozone/ozone/hadoop-ozone/integration-test/target/test-dir/MiniOzoneClusterImpl-abb31ffe-caed-4032-89a4-e53f0d8a9600/datanode-0/data-0/containers/hdds
2022-02-20 11:36:23,985 [Listener at 127.0.0.1/46775] INFO  volume.MutableVolumeSet (MutableVolumeSet.java:initializeVolumeSet(168)) - Added Volume : /home/runner/work/ozone/ozone/hadoop-ozone/integration-test/target/test-dir/MiniOzoneClusterImpl-abb31ffe-caed-4032-89a4-e53f0d8a9600/datanode-0/data/ratis to VolumeSet
2022-02-20 11:36:23,985 [Listener at 127.0.0.1/46775] INFO  volume.ThrottledAsyncChecker (ThrottledAsyncChecker.java:schedule(141)) - Scheduling a check for /home/runner/work/ozone/ozone/hadoop-ozone/integration-test/target/test-dir/MiniOzoneClusterImpl-abb31ffe-caed-4032-89a4-e53f0d8a9600/datanode-0/data/ratis
2022-02-20 11:36:23,985 [Listener at 127.0.0.1/46775] INFO  volume.StorageVolumeChecker (StorageVolumeChecker.java:checkAllVolumes(202)) - Scheduled health check for volume /home/runner/work/ozone/ozone/hadoop-ozone/integration-test/target/test-dir/MiniOzoneClusterImpl-abb31ffe-caed-4032-89a4-e53f0d8a9600/datanode-0/data/ratis
2022-02-20 11:36:24,036 [Thread-1750] INFO  ozoneimpl.ContainerReader (ContainerReader.java:readVolume(172)) - Finish verifying containers on volume /home/runner/work/ozone/ozone/hadoop-ozone/integration-test/target/test-dir/MiniOzoneClusterImpl-abb31ffe-caed-4032-89a4-e53f0d8a9600/datanode-0/data-0/containers/hdds
2022-02-20 11:36:24,037 [Listener at 127.0.0.1/46775] INFO  ozoneimpl.OzoneContainer (OzoneContainer.java:buildContainerSet(252)) - Build ContainerSet costs 0s
2022-02-20 11:36:24,038 [Listener at 127.0.0.1/46775] INFO  server.RaftServer (ConfUtils.java:logGet(44)) - raft.rpc.type = GRPC (default)
2022-02-20 11:36:24,038 [Listener at 127.0.0.1/46775] INFO  grpc.GrpcFactory (GrpcFactory.java:checkPooledByteBufAllocatorUseCacheForAllThreads(48)) - PERFORMANCE WARNING: useCacheForAllThreads is true that may cause Netty to create a lot garbage objects and, as a result, trigger GC.
	It is recommended to disable useCacheForAllThreads by setting -Dorg.apache.ratis.thirdparty.io.netty.allocator.useCacheForAllThreads=false in command line.
2022-02-20 11:36:24,038 [Listener at 127.0.0.1/46775] INFO  grpc.GrpcConfigKeys (ConfUtils.java:logGet(44)) - raft.grpc.admin.port = 0 (custom)
2022-02-20 11:36:24,039 [Listener at 127.0.0.1/46775] INFO  grpc.GrpcConfigKeys (ConfUtils.java:logGet(44)) - raft.grpc.client.port = 0 (custom)
2022-02-20 11:36:24,039 [Listener at 127.0.0.1/46775] INFO  grpc.GrpcConfigKeys (ConfUtils.java:logGet(44)) - raft.grpc.server.port = 0 (default)
2022-02-20 11:36:24,039 [Listener at 127.0.0.1/46775] INFO  server.GrpcService (ConfUtils.java:logGet(44)) - raft.grpc.message.size.max = 32MB (=33554432) (custom)
2022-02-20 11:36:24,039 [Listener at 127.0.0.1/46775] INFO  server.RaftServerConfigKeys (ConfUtils.java:logGet(44)) - raft.server.log.appender.buffer.byte-limit = 33554432 (custom)
2022-02-20 11:36:24,039 [Listener at 127.0.0.1/46775] INFO  server.GrpcService (ConfUtils.java:logGet(44)) - raft.grpc.flow.control.window = 5MB (=5242880) (custom)
2022-02-20 11:36:24,039 [Listener at 127.0.0.1/46775] INFO  server.RaftServerConfigKeys (ConfUtils.java:logGet(44)) - raft.server.rpc.request.timeout = 60s (custom)
2022-02-20 11:36:24,040 [Listener at 127.0.0.1/46775] INFO  impl.DataStreamServerImpl (ConfUtils.java:logGet(44)) - raft.datastream.type = DISABLED (default)
2022-02-20 11:36:24,040 [Listener at 127.0.0.1/46775] INFO  server.RaftServerConfigKeys (ConfUtils.java:logGet(44)) - raft.server.rpc.slowness.timeout = 300s (custom)
2022-02-20 11:36:24,040 [Listener at 127.0.0.1/46775] INFO  server.RaftServerConfigKeys (ConfUtils.java:logGet(44)) - raft.server.leaderelection.leader.step-down.wait-time = 10s (default)
2022-02-20 11:36:24,040 [Listener at 127.0.0.1/46775] INFO  server.RaftServerConfigKeys (ConfUtils.java:logGet(44)) - raft.server.storage.dir = [/home/runner/work/ozone/ozone/hadoop-ozone/integration-test/target/test-dir/MiniOzoneClusterImpl-abb31ffe-caed-4032-89a4-e53f0d8a9600/datanode-0/data/ratis] (custom)
2022-02-20 11:36:24,041 [Listener at 127.0.0.1/46775] INFO  server.XceiverServerGrpc (XceiverServerGrpc.java:<init>(132)) - GrpcServer channel type EpollServerSocketChannel
2022-02-20 11:36:24,056 [Listener at 127.0.0.1/46775] INFO  http.BaseHttpServer (BaseHttpServer.java:newHttpServer2BuilderForOzone(209)) - Starting Web-server for hddsDatanode at: http://0.0.0.0:0
2022-02-20 11:36:24,056 [Listener at 127.0.0.1/46775] INFO  http.BaseHttpServer (BaseHttpServer.java:<init>(107)) - Hadoop Security Enabled: false Ozone Security Enabled: false Ozone HTTP Security Enabled: false 
2022-02-20 11:36:24,057 [Listener at 127.0.0.1/46775] INFO  server.AuthenticationFilter (AuthenticationFilter.java:constructSecretProvider(240)) - Unable to initialize FileSignerSecretProvider, falling back to use random secrets.
2022-02-20 11:36:24,071 [Listener at 127.0.0.1/46775] WARN  http.HttpRequestLog (HttpRequestLog.java:getRequestLog(103)) - Jetty request log can only be enabled using Log4j
2022-02-20 11:36:24,072 [Listener at 127.0.0.1/46775] INFO  http.HttpServer2 (HttpServer2.java:addGlobalFilter(1030)) - Added global filter 'safety' (class=org.apache.hadoop.hdds.server.http.HttpServer2$QuotingInputFilter)
2022-02-20 11:36:24,072 [Listener at 127.0.0.1/46775] INFO  http.HttpServer2 (HttpServer2.java:addFilter(1006)) - Added filter static_user_filter (class=org.apache.hadoop.http.lib.StaticUserWebFilter$StaticUserFilter) to context hddsDatanode
2022-02-20 11:36:24,072 [Listener at 127.0.0.1/46775] INFO  http.HttpServer2 (HttpServer2.java:addFilter(1014)) - Added filter static_user_filter (class=org.apache.hadoop.http.lib.StaticUserWebFilter$StaticUserFilter) to context logs
2022-02-20 11:36:24,072 [Listener at 127.0.0.1/46775] INFO  http.HttpServer2 (HttpServer2.java:addFilter(1014)) - Added filter static_user_filter (class=org.apache.hadoop.http.lib.StaticUserWebFilter$StaticUserFilter) to context static
2022-02-20 11:36:24,073 [Listener at 127.0.0.1/46775] INFO  http.HttpServer2 (HttpServer2.java:bindListener(1249)) - Jetty bound to port 42625
2022-02-20 11:36:24,073 [Listener at 127.0.0.1/46775] INFO  server.Server (Server.java:doStart(375)) - jetty-9.4.43.v20210629; built: 2021-06-30T11:07:22.254Z; git: 526006ecfa3af7f1a27ef3a288e2bef7ea9dd7e8; jvm 1.8.0_322-b06
2022-02-20 11:36:24,101 [Listener at 127.0.0.1/46775] INFO  server.session (DefaultSessionIdManager.java:doStart(334)) - DefaultSessionIdManager workerName=node0
2022-02-20 11:36:24,101 [Listener at 127.0.0.1/46775] INFO  server.session (DefaultSessionIdManager.java:doStart(339)) - No SessionScavenger set, using defaults
2022-02-20 11:36:24,101 [Listener at 127.0.0.1/46775] INFO  server.session (HouseKeeper.java:startScavenging(132)) - node0 Scavenging every 600000ms
2022-02-20 11:36:24,107 [Listener at 127.0.0.1/46775] INFO  handler.ContextHandler (ContextHandler.java:doStart(915)) - Started o.e.j.s.ServletContextHandler@bd9e37b{logs,/logs,file:///home/runner/work/ozone/ozone/hadoop-ozone/integration-test/target/log,AVAILABLE}
2022-02-20 11:36:24,108 [Listener at 127.0.0.1/46775] INFO  handler.ContextHandler (ContextHandler.java:doStart(915)) - Started o.e.j.s.ServletContextHandler@7d8abe58{static,/static,jar:file:/home/runner/.m2/repository/org/apache/ozone/hdds-container-service/1.3.0-SNAPSHOT/hdds-container-service-1.3.0-SNAPSHOT.jar!/webapps/static,AVAILABLE}
2022-02-20 11:36:24,208 [Listener at 127.0.0.1/46775] INFO  handler.ContextHandler (ContextHandler.java:doStart(915)) - Started o.e.j.w.WebAppContext@5460c665{hddsDatanode,/,file:///tmp/jetty-0_0_0_0-42625-hdds-container-service-1_3_0-SNAPSHOT_jar-_-any-5117109914037175297/webapp/,AVAILABLE}{jar:file:/home/runner/.m2/repository/org/apache/ozone/hdds-container-service/1.3.0-SNAPSHOT/hdds-container-service-1.3.0-SNAPSHOT.jar!/webapps/hddsDatanode}
2022-02-20 11:36:24,230 [Listener at 127.0.0.1/46775] INFO  server.AbstractConnector (AbstractConnector.java:doStart(331)) - Started ServerConnector@13d4bf8{HTTP/1.1, (http/1.1)}{0.0.0.0:42625}
2022-02-20 11:36:24,231 [Listener at 127.0.0.1/46775] INFO  server.Server (Server.java:doStart(415)) - Started @274419ms
2022-02-20 11:36:24,231 [Listener at 127.0.0.1/46775] WARN  impl.MetricsSystemImpl (MetricsSystemImpl.java:register(279)) - Sink prometheus already exists!
2022-02-20 11:36:24,231 [Listener at 127.0.0.1/46775] INFO  http.BaseHttpServer (BaseHttpServer.java:updateConnectorAddress(329)) - HTTP server of hddsDatanode listening at http://0.0.0.0:42625
2022-02-20 11:36:24,238 [Listener at 127.0.0.1/46775] WARN  impl.MetricRegistriesImpl (MetricRegistriesImpl.java:addReporterRegistration(111)) - New reporters are added after registries were created. Some metrics will be missing from the reporter. Please add reporter before adding any new registry.
2022-02-20 11:36:24,238 [Listener at 127.0.0.1/46775] WARN  impl.MetricRegistriesImpl (MetricRegistriesImpl.java:addReporterRegistration(111)) - New reporters are added after registries were created. Some metrics will be missing from the reporter. Please add reporter before adding any new registry.
2022-02-20 11:36:24,238 [Listener at 127.0.0.1/46775] INFO  impl.MetricsSystemImpl (MetricsSystemImpl.java:init(158)) - HddsDatanode metrics system started (again)
2022-02-20 11:36:24,249 [Listener at 127.0.0.1/46775] INFO  ozone.HddsDatanodeService (HddsDatanodeService.java:start(233)) - HddsDatanodeService host:fv-az59-849.csjynl4pkq3e1pkirw3ssqjfoh.cx.internal.cloudapp.net ip:10.1.0.4
2022-02-20 11:36:24,258 [Datanode State Machine Daemon Thread] INFO  statemachine.DatanodeStateMachine (DatanodeStateMachine.java:lambda$startDaemon$0(470)) - Ozone container server started.
2022-02-20 11:36:24,293 [Listener at 127.0.0.1/46775] INFO  upgrade.AbstractLayoutVersionManager (AbstractLayoutVersionManager.java:init(79)) - Initializing Layout version manager with metadata layout = SCM_HA (version = 2), software layout = SCM_HA (version = 2)
2022-02-20 11:36:24,322 [org.apache.hadoop.util.JvmPauseMonitor$Monitor@38df18be] INFO  util.JvmPauseMonitor (JvmPauseMonitor.java:run(188)) - Starting JVM pause monitor
2022-02-20 11:36:24,328 [Listener at 127.0.0.1/46775] INFO  reflections.Reflections (Reflections.java:scan(232)) - Reflections took 34 ms to scan 7 urls, producing 121 keys and 284 values 
2022-02-20 11:36:24,336 [Datanode State Machine Task Thread - 0] INFO  datanode.InitDatanodeState (InitDatanodeState.java:persistContainerDatanodeDetails(138)) - DatanodeDetails is persisted to /home/runner/work/ozone/ozone/hadoop-ozone/integration-test/target/test-dir/MiniOzoneClusterImpl-abb31ffe-caed-4032-89a4-e53f0d8a9600/datanode-0/meta/datanode.id
2022-02-20 11:36:24,343 [Listener at 127.0.0.1/46775] INFO  statemachine.DatanodeStateMachine (DatanodeStateMachine.java:getEndPointTaskThreadPoolSize(222)) - Datanode State Machine Task Thread Pool size 2
2022-02-20 11:36:24,347 [Listener at 127.0.0.1/46775] INFO  volume.HddsVolume (HddsVolume.java:<init>(120)) - Creating HddsVolume: /home/runner/work/ozone/ozone/hadoop-ozone/integration-test/target/test-dir/MiniOzoneClusterImpl-abb31ffe-caed-4032-89a4-e53f0d8a9600/datanode-1/data-0/containers/hdds of storage type : DISK capacity : 9223372036854775807
2022-02-20 11:36:24,347 [Listener at 127.0.0.1/46775] INFO  volume.MutableVolumeSet (MutableVolumeSet.java:initializeVolumeSet(168)) - Added Volume : /home/runner/work/ozone/ozone/hadoop-ozone/integration-test/target/test-dir/MiniOzoneClusterImpl-abb31ffe-caed-4032-89a4-e53f0d8a9600/datanode-1/data-0/containers/hdds to VolumeSet
2022-02-20 11:36:24,347 [Listener at 127.0.0.1/46775] INFO  volume.ThrottledAsyncChecker (ThrottledAsyncChecker.java:schedule(141)) - Scheduling a check for /home/runner/work/ozone/ozone/hadoop-ozone/integration-test/target/test-dir/MiniOzoneClusterImpl-abb31ffe-caed-4032-89a4-e53f0d8a9600/datanode-1/data-0/containers/hdds
2022-02-20 11:36:24,367 [Listener at 127.0.0.1/46775] INFO  volume.StorageVolumeChecker (StorageVolumeChecker.java:checkAllVolumes(202)) - Scheduled health check for volume /home/runner/work/ozone/ozone/hadoop-ozone/integration-test/target/test-dir/MiniOzoneClusterImpl-abb31ffe-caed-4032-89a4-e53f0d8a9600/datanode-1/data-0/containers/hdds
2022-02-20 11:36:24,383 [Listener at 127.0.0.1/46775] INFO  volume.MutableVolumeSet (MutableVolumeSet.java:initializeVolumeSet(168)) - Added Volume : /home/runner/work/ozone/ozone/hadoop-ozone/integration-test/target/test-dir/MiniOzoneClusterImpl-abb31ffe-caed-4032-89a4-e53f0d8a9600/datanode-1/data/ratis to VolumeSet
2022-02-20 11:36:24,386 [Listener at 127.0.0.1/46775] INFO  volume.ThrottledAsyncChecker (ThrottledAsyncChecker.java:schedule(141)) - Scheduling a check for /home/runner/work/ozone/ozone/hadoop-ozone/integration-test/target/test-dir/MiniOzoneClusterImpl-abb31ffe-caed-4032-89a4-e53f0d8a9600/datanode-1/data/ratis
2022-02-20 11:36:24,386 [Listener at 127.0.0.1/46775] INFO  volume.StorageVolumeChecker (StorageVolumeChecker.java:checkAllVolumes(202)) - Scheduled health check for volume /home/runner/work/ozone/ozone/hadoop-ozone/integration-test/target/test-dir/MiniOzoneClusterImpl-abb31ffe-caed-4032-89a4-e53f0d8a9600/datanode-1/data/ratis
2022-02-20 11:36:24,428 [Thread-1762] INFO  ozoneimpl.ContainerReader (ContainerReader.java:readVolume(172)) - Finish verifying containers on volume /home/runner/work/ozone/ozone/hadoop-ozone/integration-test/target/test-dir/MiniOzoneClusterImpl-abb31ffe-caed-4032-89a4-e53f0d8a9600/datanode-1/data-0/containers/hdds
2022-02-20 11:36:24,429 [Listener at 127.0.0.1/46775] INFO  ozoneimpl.OzoneContainer (OzoneContainer.java:buildContainerSet(252)) - Build ContainerSet costs 0s
2022-02-20 11:36:24,430 [Listener at 127.0.0.1/46775] INFO  server.RaftServer (ConfUtils.java:logGet(44)) - raft.rpc.type = GRPC (default)
2022-02-20 11:36:24,430 [Listener at 127.0.0.1/46775] INFO  grpc.GrpcFactory (GrpcFactory.java:checkPooledByteBufAllocatorUseCacheForAllThreads(48)) - PERFORMANCE WARNING: useCacheForAllThreads is true that may cause Netty to create a lot garbage objects and, as a result, trigger GC.
	It is recommended to disable useCacheForAllThreads by setting -Dorg.apache.ratis.thirdparty.io.netty.allocator.useCacheForAllThreads=false in command line.
2022-02-20 11:36:24,431 [Listener at 127.0.0.1/46775] INFO  grpc.GrpcConfigKeys (ConfUtils.java:logGet(44)) - raft.grpc.admin.port = 0 (custom)
2022-02-20 11:36:24,431 [Listener at 127.0.0.1/46775] INFO  grpc.GrpcConfigKeys (ConfUtils.java:logGet(44)) - raft.grpc.client.port = 0 (custom)
2022-02-20 11:36:24,431 [Listener at 127.0.0.1/46775] INFO  grpc.GrpcConfigKeys (ConfUtils.java:logGet(44)) - raft.grpc.server.port = 0 (default)
2022-02-20 11:36:24,431 [Listener at 127.0.0.1/46775] INFO  server.GrpcService (ConfUtils.java:logGet(44)) - raft.grpc.message.size.max = 32MB (=33554432) (custom)
2022-02-20 11:36:24,431 [Listener at 127.0.0.1/46775] INFO  server.RaftServerConfigKeys (ConfUtils.java:logGet(44)) - raft.server.log.appender.buffer.byte-limit = 33554432 (custom)
2022-02-20 11:36:24,431 [Listener at 127.0.0.1/46775] INFO  server.GrpcService (ConfUtils.java:logGet(44)) - raft.grpc.flow.control.window = 5MB (=5242880) (custom)
2022-02-20 11:36:24,431 [Listener at 127.0.0.1/46775] INFO  server.RaftServerConfigKeys (ConfUtils.java:logGet(44)) - raft.server.rpc.request.timeout = 60s (custom)
2022-02-20 11:36:24,432 [Listener at 127.0.0.1/46775] INFO  impl.DataStreamServerImpl (ConfUtils.java:logGet(44)) - raft.datastream.type = DISABLED (default)
2022-02-20 11:36:24,432 [Listener at 127.0.0.1/46775] INFO  server.RaftServerConfigKeys (ConfUtils.java:logGet(44)) - raft.server.rpc.slowness.timeout = 300s (custom)
2022-02-20 11:36:24,432 [Listener at 127.0.0.1/46775] INFO  server.RaftServerConfigKeys (ConfUtils.java:logGet(44)) - raft.server.leaderelection.leader.step-down.wait-time = 10s (default)
2022-02-20 11:36:24,432 [Listener at 127.0.0.1/46775] INFO  server.RaftServerConfigKeys (ConfUtils.java:logGet(44)) - raft.server.storage.dir = [/home/runner/work/ozone/ozone/hadoop-ozone/integration-test/target/test-dir/MiniOzoneClusterImpl-abb31ffe-caed-4032-89a4-e53f0d8a9600/datanode-1/data/ratis] (custom)
2022-02-20 11:36:24,433 [Listener at 127.0.0.1/46775] INFO  server.XceiverServerGrpc (XceiverServerGrpc.java:<init>(132)) - GrpcServer channel type EpollServerSocketChannel
2022-02-20 11:36:24,497 [Listener at 127.0.0.1/46775] INFO  http.BaseHttpServer (BaseHttpServer.java:newHttpServer2BuilderForOzone(209)) - Starting Web-server for hddsDatanode at: http://0.0.0.0:0
2022-02-20 11:36:24,497 [Listener at 127.0.0.1/46775] INFO  http.BaseHttpServer (BaseHttpServer.java:<init>(107)) - Hadoop Security Enabled: false Ozone Security Enabled: false Ozone HTTP Security Enabled: false 
2022-02-20 11:36:24,500 [Listener at 127.0.0.1/46775] INFO  server.AuthenticationFilter (AuthenticationFilter.java:constructSecretProvider(240)) - Unable to initialize FileSignerSecretProvider, falling back to use random secrets.
2022-02-20 11:36:24,501 [Listener at 127.0.0.1/46775] WARN  http.HttpRequestLog (HttpRequestLog.java:getRequestLog(103)) - Jetty request log can only be enabled using Log4j
2022-02-20 11:36:24,501 [Listener at 127.0.0.1/46775] INFO  http.HttpServer2 (HttpServer2.java:addGlobalFilter(1030)) - Added global filter 'safety' (class=org.apache.hadoop.hdds.server.http.HttpServer2$QuotingInputFilter)
2022-02-20 11:36:24,502 [Listener at 127.0.0.1/46775] INFO  http.HttpServer2 (HttpServer2.java:addFilter(1006)) - Added filter static_user_filter (class=org.apache.hadoop.http.lib.StaticUserWebFilter$StaticUserFilter) to context hddsDatanode
2022-02-20 11:36:24,502 [Listener at 127.0.0.1/46775] INFO  http.HttpServer2 (HttpServer2.java:addFilter(1014)) - Added filter static_user_filter (class=org.apache.hadoop.http.lib.StaticUserWebFilter$StaticUserFilter) to context logs
2022-02-20 11:36:24,502 [Listener at 127.0.0.1/46775] INFO  http.HttpServer2 (HttpServer2.java:addFilter(1014)) - Added filter static_user_filter (class=org.apache.hadoop.http.lib.StaticUserWebFilter$StaticUserFilter) to context static
2022-02-20 11:36:24,502 [Listener at 127.0.0.1/46775] INFO  http.HttpServer2 (HttpServer2.java:bindListener(1249)) - Jetty bound to port 35513
2022-02-20 11:36:24,502 [Listener at 127.0.0.1/46775] INFO  server.Server (Server.java:doStart(375)) - jetty-9.4.43.v20210629; built: 2021-06-30T11:07:22.254Z; git: 526006ecfa3af7f1a27ef3a288e2bef7ea9dd7e8; jvm 1.8.0_322-b06
2022-02-20 11:36:24,519 [Listener at 127.0.0.1/46775] INFO  server.session (DefaultSessionIdManager.java:doStart(334)) - DefaultSessionIdManager workerName=node0
2022-02-20 11:36:24,519 [Listener at 127.0.0.1/46775] INFO  server.session (DefaultSessionIdManager.java:doStart(339)) - No SessionScavenger set, using defaults
2022-02-20 11:36:24,519 [Listener at 127.0.0.1/46775] INFO  server.session (HouseKeeper.java:startScavenging(132)) - node0 Scavenging every 600000ms
2022-02-20 11:36:24,520 [Listener at 127.0.0.1/46775] INFO  handler.ContextHandler (ContextHandler.java:doStart(915)) - Started o.e.j.s.ServletContextHandler@27a60d16{logs,/logs,file:///home/runner/work/ozone/ozone/hadoop-ozone/integration-test/target/log,AVAILABLE}
2022-02-20 11:36:24,520 [Listener at 127.0.0.1/46775] INFO  handler.ContextHandler (ContextHandler.java:doStart(915)) - Started o.e.j.s.ServletContextHandler@35730a4d{static,/static,jar:file:/home/runner/.m2/repository/org/apache/ozone/hdds-container-service/1.3.0-SNAPSHOT/hdds-container-service-1.3.0-SNAPSHOT.jar!/webapps/static,AVAILABLE}
2022-02-20 11:36:24,622 [Listener at 127.0.0.1/46775] INFO  handler.ContextHandler (ContextHandler.java:doStart(915)) - Started o.e.j.w.WebAppContext@5170c12d{hddsDatanode,/,file:///tmp/jetty-0_0_0_0-35513-hdds-container-service-1_3_0-SNAPSHOT_jar-_-any-4078851326409132970/webapp/,AVAILABLE}{jar:file:/home/runner/.m2/repository/org/apache/ozone/hdds-container-service/1.3.0-SNAPSHOT/hdds-container-service-1.3.0-SNAPSHOT.jar!/webapps/hddsDatanode}
2022-02-20 11:36:24,632 [Listener at 127.0.0.1/46775] INFO  server.AbstractConnector (AbstractConnector.java:doStart(331)) - Started ServerConnector@2568d45a{HTTP/1.1, (http/1.1)}{0.0.0.0:35513}
2022-02-20 11:36:24,632 [Listener at 127.0.0.1/46775] INFO  server.Server (Server.java:doStart(415)) - Started @274820ms
2022-02-20 11:36:24,632 [Listener at 127.0.0.1/46775] WARN  impl.MetricsSystemImpl (MetricsSystemImpl.java:register(279)) - Sink prometheus already exists!
2022-02-20 11:36:24,633 [Listener at 127.0.0.1/46775] INFO  http.BaseHttpServer (BaseHttpServer.java:updateConnectorAddress(329)) - HTTP server of hddsDatanode listening at http://0.0.0.0:35513
2022-02-20 11:36:24,646 [Listener at 127.0.0.1/46775] WARN  impl.MetricRegistriesImpl (MetricRegistriesImpl.java:addReporterRegistration(111)) - New reporters are added after registries were created. Some metrics will be missing from the reporter. Please add reporter before adding any new registry.
2022-02-20 11:36:24,646 [Listener at 127.0.0.1/46775] WARN  impl.MetricRegistriesImpl (MetricRegistriesImpl.java:addReporterRegistration(111)) - New reporters are added after registries were created. Some metrics will be missing from the reporter. Please add reporter before adding any new registry.
2022-02-20 11:36:24,646 [Listener at 127.0.0.1/46775] INFO  impl.MetricsSystemImpl (MetricsSystemImpl.java:init(158)) - HddsDatanode metrics system started (again)
2022-02-20 11:36:24,660 [Datanode State Machine Daemon Thread] INFO  statemachine.DatanodeStateMachine (DatanodeStateMachine.java:lambda$startDaemon$0(470)) - Ozone container server started.
2022-02-20 11:36:24,726 [org.apache.hadoop.util.JvmPauseMonitor$Monitor@72e52f88] INFO  util.JvmPauseMonitor (JvmPauseMonitor.java:run(188)) - Starting JVM pause monitor
2022-02-20 11:36:24,736 [Listener at 127.0.0.1/46775] INFO  ozone.HddsDatanodeService (HddsDatanodeService.java:start(233)) - HddsDatanodeService host:fv-az59-849.csjynl4pkq3e1pkirw3ssqjfoh.cx.internal.cloudapp.net ip:10.1.0.4
2022-02-20 11:36:24,762 [Datanode State Machine Task Thread - 0] INFO  datanode.InitDatanodeState (InitDatanodeState.java:persistContainerDatanodeDetails(138)) - DatanodeDetails is persisted to /home/runner/work/ozone/ozone/hadoop-ozone/integration-test/target/test-dir/MiniOzoneClusterImpl-abb31ffe-caed-4032-89a4-e53f0d8a9600/datanode-1/meta/datanode.id
2022-02-20 11:36:24,789 [Listener at 127.0.0.1/46775] INFO  upgrade.AbstractLayoutVersionManager (AbstractLayoutVersionManager.java:init(79)) - Initializing Layout version manager with metadata layout = SCM_HA (version = 2), software layout = SCM_HA (version = 2)
2022-02-20 11:36:24,847 [Listener at 127.0.0.1/46775] INFO  reflections.Reflections (Reflections.java:scan(232)) - Reflections took 56 ms to scan 7 urls, producing 121 keys and 284 values 
2022-02-20 11:36:24,848 [Listener at 127.0.0.1/46775] INFO  statemachine.DatanodeStateMachine (DatanodeStateMachine.java:getEndPointTaskThreadPoolSize(222)) - Datanode State Machine Task Thread Pool size 2
2022-02-20 11:36:24,874 [Listener at 127.0.0.1/46775] INFO  volume.HddsVolume (HddsVolume.java:<init>(120)) - Creating HddsVolume: /home/runner/work/ozone/ozone/hadoop-ozone/integration-test/target/test-dir/MiniOzoneClusterImpl-abb31ffe-caed-4032-89a4-e53f0d8a9600/datanode-2/data-0/containers/hdds of storage type : DISK capacity : 9223372036854775807
2022-02-20 11:36:24,882 [Listener at 127.0.0.1/46775] INFO  volume.MutableVolumeSet (MutableVolumeSet.java:initializeVolumeSet(168)) - Added Volume : /home/runner/work/ozone/ozone/hadoop-ozone/integration-test/target/test-dir/MiniOzoneClusterImpl-abb31ffe-caed-4032-89a4-e53f0d8a9600/datanode-2/data-0/containers/hdds to VolumeSet
2022-02-20 11:36:24,882 [Listener at 127.0.0.1/46775] INFO  volume.ThrottledAsyncChecker (ThrottledAsyncChecker.java:schedule(141)) - Scheduling a check for /home/runner/work/ozone/ozone/hadoop-ozone/integration-test/target/test-dir/MiniOzoneClusterImpl-abb31ffe-caed-4032-89a4-e53f0d8a9600/datanode-2/data-0/containers/hdds
2022-02-20 11:36:24,883 [Listener at 127.0.0.1/46775] INFO  volume.StorageVolumeChecker (StorageVolumeChecker.java:checkAllVolumes(202)) - Scheduled health check for volume /home/runner/work/ozone/ozone/hadoop-ozone/integration-test/target/test-dir/MiniOzoneClusterImpl-abb31ffe-caed-4032-89a4-e53f0d8a9600/datanode-2/data-0/containers/hdds
2022-02-20 11:36:24,911 [Listener at 127.0.0.1/46775] INFO  volume.MutableVolumeSet (MutableVolumeSet.java:initializeVolumeSet(168)) - Added Volume : /home/runner/work/ozone/ozone/hadoop-ozone/integration-test/target/test-dir/MiniOzoneClusterImpl-abb31ffe-caed-4032-89a4-e53f0d8a9600/datanode-2/data/ratis to VolumeSet
2022-02-20 11:36:24,912 [Listener at 127.0.0.1/46775] INFO  volume.ThrottledAsyncChecker (ThrottledAsyncChecker.java:schedule(141)) - Scheduling a check for /home/runner/work/ozone/ozone/hadoop-ozone/integration-test/target/test-dir/MiniOzoneClusterImpl-abb31ffe-caed-4032-89a4-e53f0d8a9600/datanode-2/data/ratis
2022-02-20 11:36:24,912 [Listener at 127.0.0.1/46775] INFO  volume.StorageVolumeChecker (StorageVolumeChecker.java:checkAllVolumes(202)) - Scheduled health check for volume /home/runner/work/ozone/ozone/hadoop-ozone/integration-test/target/test-dir/MiniOzoneClusterImpl-abb31ffe-caed-4032-89a4-e53f0d8a9600/datanode-2/data/ratis
2022-02-20 11:36:24,931 [Thread-1774] INFO  ozoneimpl.ContainerReader (ContainerReader.java:readVolume(172)) - Finish verifying containers on volume /home/runner/work/ozone/ozone/hadoop-ozone/integration-test/target/test-dir/MiniOzoneClusterImpl-abb31ffe-caed-4032-89a4-e53f0d8a9600/datanode-2/data-0/containers/hdds
2022-02-20 11:36:24,931 [Listener at 127.0.0.1/46775] INFO  ozoneimpl.OzoneContainer (OzoneContainer.java:buildContainerSet(252)) - Build ContainerSet costs 0s
2022-02-20 11:36:24,932 [Listener at 127.0.0.1/46775] INFO  server.RaftServer (ConfUtils.java:logGet(44)) - raft.rpc.type = GRPC (default)
2022-02-20 11:36:24,933 [Listener at 127.0.0.1/46775] INFO  grpc.GrpcFactory (GrpcFactory.java:checkPooledByteBufAllocatorUseCacheForAllThreads(48)) - PERFORMANCE WARNING: useCacheForAllThreads is true that may cause Netty to create a lot garbage objects and, as a result, trigger GC.
	It is recommended to disable useCacheForAllThreads by setting -Dorg.apache.ratis.thirdparty.io.netty.allocator.useCacheForAllThreads=false in command line.
2022-02-20 11:36:24,933 [Listener at 127.0.0.1/46775] INFO  grpc.GrpcConfigKeys (ConfUtils.java:logGet(44)) - raft.grpc.admin.port = 0 (custom)
2022-02-20 11:36:24,933 [Listener at 127.0.0.1/46775] INFO  grpc.GrpcConfigKeys (ConfUtils.java:logGet(44)) - raft.grpc.client.port = 0 (custom)
2022-02-20 11:36:24,933 [Listener at 127.0.0.1/46775] INFO  grpc.GrpcConfigKeys (ConfUtils.java:logGet(44)) - raft.grpc.server.port = 0 (default)
2022-02-20 11:36:24,933 [Listener at 127.0.0.1/46775] INFO  server.GrpcService (ConfUtils.java:logGet(44)) - raft.grpc.message.size.max = 32MB (=33554432) (custom)
2022-02-20 11:36:24,933 [Listener at 127.0.0.1/46775] INFO  server.RaftServerConfigKeys (ConfUtils.java:logGet(44)) - raft.server.log.appender.buffer.byte-limit = 33554432 (custom)
2022-02-20 11:36:24,933 [Listener at 127.0.0.1/46775] INFO  server.GrpcService (ConfUtils.java:logGet(44)) - raft.grpc.flow.control.window = 5MB (=5242880) (custom)
2022-02-20 11:36:24,933 [Listener at 127.0.0.1/46775] INFO  server.RaftServerConfigKeys (ConfUtils.java:logGet(44)) - raft.server.rpc.request.timeout = 60s (custom)
2022-02-20 11:36:24,934 [Listener at 127.0.0.1/46775] INFO  impl.DataStreamServerImpl (ConfUtils.java:logGet(44)) - raft.datastream.type = DISABLED (default)
2022-02-20 11:36:24,934 [Listener at 127.0.0.1/46775] INFO  server.RaftServerConfigKeys (ConfUtils.java:logGet(44)) - raft.server.rpc.slowness.timeout = 300s (custom)
2022-02-20 11:36:24,935 [Listener at 127.0.0.1/46775] INFO  server.RaftServerConfigKeys (ConfUtils.java:logGet(44)) - raft.server.leaderelection.leader.step-down.wait-time = 10s (default)
2022-02-20 11:36:24,935 [Listener at 127.0.0.1/46775] INFO  server.RaftServerConfigKeys (ConfUtils.java:logGet(44)) - raft.server.storage.dir = [/home/runner/work/ozone/ozone/hadoop-ozone/integration-test/target/test-dir/MiniOzoneClusterImpl-abb31ffe-caed-4032-89a4-e53f0d8a9600/datanode-2/data/ratis] (custom)
2022-02-20 11:36:24,936 [Listener at 127.0.0.1/46775] INFO  server.XceiverServerGrpc (XceiverServerGrpc.java:<init>(132)) - GrpcServer channel type EpollServerSocketChannel
2022-02-20 11:36:24,974 [Listener at 127.0.0.1/46775] INFO  http.BaseHttpServer (BaseHttpServer.java:newHttpServer2BuilderForOzone(209)) - Starting Web-server for hddsDatanode at: http://0.0.0.0:0
2022-02-20 11:36:24,974 [Listener at 127.0.0.1/46775] INFO  http.BaseHttpServer (BaseHttpServer.java:<init>(107)) - Hadoop Security Enabled: false Ozone Security Enabled: false Ozone HTTP Security Enabled: false 
2022-02-20 11:36:24,975 [Listener at 127.0.0.1/46775] INFO  server.AuthenticationFilter (AuthenticationFilter.java:constructSecretProvider(240)) - Unable to initialize FileSignerSecretProvider, falling back to use random secrets.
2022-02-20 11:36:24,982 [Listener at 127.0.0.1/46775] WARN  http.HttpRequestLog (HttpRequestLog.java:getRequestLog(103)) - Jetty request log can only be enabled using Log4j
2022-02-20 11:36:24,982 [Listener at 127.0.0.1/46775] INFO  http.HttpServer2 (HttpServer2.java:addGlobalFilter(1030)) - Added global filter 'safety' (class=org.apache.hadoop.hdds.server.http.HttpServer2$QuotingInputFilter)
2022-02-20 11:36:24,983 [Listener at 127.0.0.1/46775] INFO  http.HttpServer2 (HttpServer2.java:addFilter(1006)) - Added filter static_user_filter (class=org.apache.hadoop.http.lib.StaticUserWebFilter$StaticUserFilter) to context hddsDatanode
2022-02-20 11:36:24,983 [Listener at 127.0.0.1/46775] INFO  http.HttpServer2 (HttpServer2.java:addFilter(1014)) - Added filter static_user_filter (class=org.apache.hadoop.http.lib.StaticUserWebFilter$StaticUserFilter) to context static
2022-02-20 11:36:24,983 [Listener at 127.0.0.1/46775] INFO  http.HttpServer2 (HttpServer2.java:addFilter(1014)) - Added filter static_user_filter (class=org.apache.hadoop.http.lib.StaticUserWebFilter$StaticUserFilter) to context logs
2022-02-20 11:36:24,985 [Listener at 127.0.0.1/46775] INFO  http.HttpServer2 (HttpServer2.java:bindListener(1249)) - Jetty bound to port 36475
2022-02-20 11:36:24,985 [Listener at 127.0.0.1/46775] INFO  server.Server (Server.java:doStart(375)) - jetty-9.4.43.v20210629; built: 2021-06-30T11:07:22.254Z; git: 526006ecfa3af7f1a27ef3a288e2bef7ea9dd7e8; jvm 1.8.0_322-b06
2022-02-20 11:36:25,000 [Listener at 127.0.0.1/46775] INFO  server.session (DefaultSessionIdManager.java:doStart(334)) - DefaultSessionIdManager workerName=node0
2022-02-20 11:36:25,000 [Listener at 127.0.0.1/46775] INFO  server.session (DefaultSessionIdManager.java:doStart(339)) - No SessionScavenger set, using defaults
2022-02-20 11:36:25,000 [Listener at 127.0.0.1/46775] INFO  server.session (HouseKeeper.java:startScavenging(132)) - node0 Scavenging every 660000ms
2022-02-20 11:36:25,004 [Listener at 127.0.0.1/46775] INFO  handler.ContextHandler (ContextHandler.java:doStart(915)) - Started o.e.j.s.ServletContextHandler@7faa2af0{logs,/logs,file:///home/runner/work/ozone/ozone/hadoop-ozone/integration-test/target/log,AVAILABLE}
2022-02-20 11:36:25,004 [Listener at 127.0.0.1/46775] INFO  handler.ContextHandler (ContextHandler.java:doStart(915)) - Started o.e.j.s.ServletContextHandler@3a64c797{static,/static,jar:file:/home/runner/.m2/repository/org/apache/ozone/hdds-container-service/1.3.0-SNAPSHOT/hdds-container-service-1.3.0-SNAPSHOT.jar!/webapps/static,AVAILABLE}
2022-02-20 11:36:25,098 [Listener at 127.0.0.1/46775] INFO  handler.ContextHandler (ContextHandler.java:doStart(915)) - Started o.e.j.w.WebAppContext@73b02395{hddsDatanode,/,file:///tmp/jetty-0_0_0_0-36475-hdds-container-service-1_3_0-SNAPSHOT_jar-_-any-3479024683842365552/webapp/,AVAILABLE}{jar:file:/home/runner/.m2/repository/org/apache/ozone/hdds-container-service/1.3.0-SNAPSHOT/hdds-container-service-1.3.0-SNAPSHOT.jar!/webapps/hddsDatanode}
2022-02-20 11:36:25,105 [Listener at 127.0.0.1/46775] INFO  server.AbstractConnector (AbstractConnector.java:doStart(331)) - Started ServerConnector@5cbbe7b7{HTTP/1.1, (http/1.1)}{0.0.0.0:36475}
2022-02-20 11:36:25,106 [Listener at 127.0.0.1/46775] INFO  server.Server (Server.java:doStart(415)) - Started @275294ms
2022-02-20 11:36:25,106 [Listener at 127.0.0.1/46775] WARN  impl.MetricsSystemImpl (MetricsSystemImpl.java:register(279)) - Sink prometheus already exists!
2022-02-20 11:36:25,107 [Listener at 127.0.0.1/46775] INFO  http.BaseHttpServer (BaseHttpServer.java:updateConnectorAddress(329)) - HTTP server of hddsDatanode listening at http://0.0.0.0:36475
2022-02-20 11:36:25,118 [Listener at 127.0.0.1/46775] INFO  ozone.MiniOzoneClusterImpl (MiniOzoneClusterImpl.java:lambda$waitForClusterToBeReady$0(219)) - Waiting for nodes to be ready. Got 0 of 3 DN Heartbeats.
2022-02-20 11:36:25,118 [Listener at 127.0.0.1/46775] INFO  ozone.MiniOzoneClusterImpl (MiniOzoneClusterImpl.java:lambda$waitForClusterToBeReady$0(222)) - Waiting for cluster to exit safe mode
2022-02-20 11:36:25,118 [Listener at 127.0.0.1/46775] INFO  ozone.MiniOzoneClusterImpl (MiniOzoneClusterImpl.java:lambda$waitForClusterToBeReady$0(224)) - SCM became leader
2022-02-20 11:36:25,122 [Datanode State Machine Daemon Thread] INFO  statemachine.DatanodeStateMachine (DatanodeStateMachine.java:lambda$startDaemon$0(470)) - Ozone container server started.
2022-02-20 11:36:25,158 [org.apache.hadoop.util.JvmPauseMonitor$Monitor@3a6d4d4f] INFO  util.JvmPauseMonitor (JvmPauseMonitor.java:run(188)) - Starting JVM pause monitor
2022-02-20 11:36:25,173 [Datanode State Machine Task Thread - 0] INFO  datanode.InitDatanodeState (InitDatanodeState.java:persistContainerDatanodeDetails(138)) - DatanodeDetails is persisted to /home/runner/work/ozone/ozone/hadoop-ozone/integration-test/target/test-dir/MiniOzoneClusterImpl-abb31ffe-caed-4032-89a4-e53f0d8a9600/datanode-2/meta/datanode.id
2022-02-20 11:36:26,118 [Listener at 127.0.0.1/46775] INFO  ozone.MiniOzoneClusterImpl (MiniOzoneClusterImpl.java:lambda$waitForClusterToBeReady$0(219)) - Waiting for nodes to be ready. Got 0 of 3 DN Heartbeats.
2022-02-20 11:36:26,119 [Listener at 127.0.0.1/46775] INFO  ozone.MiniOzoneClusterImpl (MiniOzoneClusterImpl.java:lambda$waitForClusterToBeReady$0(222)) - Waiting for cluster to exit safe mode
2022-02-20 11:36:26,119 [Listener at 127.0.0.1/46775] INFO  ozone.MiniOzoneClusterImpl (MiniOzoneClusterImpl.java:lambda$waitForClusterToBeReady$0(224)) - SCM became leader
2022-02-20 11:36:26,368 [EndpointStateMachine task thread for /0.0.0.0:42063 - 0 ] INFO  ozoneimpl.OzoneContainer (OzoneContainer.java:start(330)) - Attempting to start container services.
2022-02-20 11:36:26,368 [EndpointStateMachine task thread for /0.0.0.0:42063 - 0 ] INFO  ozoneimpl.OzoneContainer (OzoneContainer.java:startContainerScrub(265)) - Background container scanner has been disabled.
2022-02-20 11:36:26,368 [EndpointStateMachine task thread for /0.0.0.0:42063 - 0 ] INFO  replication.ReplicationServer (ReplicationServer.java:start(111)) - ReplicationServer is started using port 45801
2022-02-20 11:36:26,369 [EndpointStateMachine task thread for /0.0.0.0:42063 - 0 ] INFO  ratis.XceiverServerRatis (XceiverServerRatis.java:start(485)) - Starting XceiverServerRatis 85b3ffbc-a464-405b-ab42-d4ee67435d88
2022-02-20 11:36:26,370 [EndpointStateMachine task thread for /0.0.0.0:42063 - 0 ] INFO  server.RaftServer (RaftServerProxy.java:lambda$start$5(374)) - 85b3ffbc-a464-405b-ab42-d4ee67435d88: start RPC server
2022-02-20 11:36:26,391 [EndpointStateMachine task thread for /0.0.0.0:42063 - 0 ] INFO  server.GrpcService (GrpcService.java:startImpl(253)) - 85b3ffbc-a464-405b-ab42-d4ee67435d88: GrpcService started, listening on 34567
2022-02-20 11:36:26,392 [EndpointStateMachine task thread for /0.0.0.0:42063 - 0 ] INFO  ratis.XceiverServerRatis (XceiverServerRatis.java:getRealPort(506)) - XceiverServerRatis 85b3ffbc-a464-405b-ab42-d4ee67435d88 is started using port 34567 for RATIS
2022-02-20 11:36:26,392 [EndpointStateMachine task thread for /0.0.0.0:42063 - 0 ] INFO  ratis.XceiverServerRatis (XceiverServerRatis.java:getRealPort(506)) - XceiverServerRatis 85b3ffbc-a464-405b-ab42-d4ee67435d88 is started using port 34567 for RATIS_ADMIN
2022-02-20 11:36:26,392 [EndpointStateMachine task thread for /0.0.0.0:42063 - 0 ] INFO  ratis.XceiverServerRatis (XceiverServerRatis.java:getRealPort(506)) - XceiverServerRatis 85b3ffbc-a464-405b-ab42-d4ee67435d88 is started using port 34567 for RATIS_SERVER
2022-02-20 11:36:26,392 [org.apache.ratis.util.JvmPauseMonitor$$Lambda$421/295700833@346fa9f2] INFO  util.JvmPauseMonitor (JvmPauseMonitor.java:run(103)) - JvmPauseMonitor-85b3ffbc-a464-405b-ab42-d4ee67435d88: Started
2022-02-20 11:36:26,394 [EndpointStateMachine task thread for /0.0.0.0:42063 - 0 ] INFO  server.XceiverServerGrpc (XceiverServerGrpc.java:start(180)) - XceiverServerGrpc 85b3ffbc-a464-405b-ab42-d4ee67435d88 is started using port 38781
2022-02-20 11:36:26,855 [EndpointStateMachine task thread for /0.0.0.0:42063 - 0 ] INFO  ozoneimpl.OzoneContainer (OzoneContainer.java:start(330)) - Attempting to start container services.
2022-02-20 11:36:26,855 [EndpointStateMachine task thread for /0.0.0.0:42063 - 0 ] INFO  ozoneimpl.OzoneContainer (OzoneContainer.java:startContainerScrub(265)) - Background container scanner has been disabled.
2022-02-20 11:36:26,858 [EndpointStateMachine task thread for /0.0.0.0:42063 - 0 ] INFO  replication.ReplicationServer (ReplicationServer.java:start(111)) - ReplicationServer is started using port 36079
2022-02-20 11:36:26,872 [EndpointStateMachine task thread for /0.0.0.0:42063 - 0 ] INFO  ratis.XceiverServerRatis (XceiverServerRatis.java:start(485)) - Starting XceiverServerRatis 1f66905d-0d72-4cea-86d4-72815b371c35
2022-02-20 11:36:26,873 [EndpointStateMachine task thread for /0.0.0.0:42063 - 0 ] INFO  server.RaftServer (RaftServerProxy.java:lambda$start$5(374)) - 1f66905d-0d72-4cea-86d4-72815b371c35: start RPC server
2022-02-20 11:36:26,898 [EndpointStateMachine task thread for /0.0.0.0:42063 - 0 ] INFO  server.GrpcService (GrpcService.java:startImpl(253)) - 1f66905d-0d72-4cea-86d4-72815b371c35: GrpcService started, listening on 42545
2022-02-20 11:36:26,898 [EndpointStateMachine task thread for /0.0.0.0:42063 - 0 ] INFO  ratis.XceiverServerRatis (XceiverServerRatis.java:getRealPort(506)) - XceiverServerRatis 1f66905d-0d72-4cea-86d4-72815b371c35 is started using port 42545 for RATIS
2022-02-20 11:36:26,898 [EndpointStateMachine task thread for /0.0.0.0:42063 - 0 ] INFO  ratis.XceiverServerRatis (XceiverServerRatis.java:getRealPort(506)) - XceiverServerRatis 1f66905d-0d72-4cea-86d4-72815b371c35 is started using port 42545 for RATIS_ADMIN
2022-02-20 11:36:26,898 [EndpointStateMachine task thread for /0.0.0.0:42063 - 0 ] INFO  ratis.XceiverServerRatis (XceiverServerRatis.java:getRealPort(506)) - XceiverServerRatis 1f66905d-0d72-4cea-86d4-72815b371c35 is started using port 42545 for RATIS_SERVER
2022-02-20 11:36:26,898 [org.apache.ratis.util.JvmPauseMonitor$$Lambda$421/295700833@7104c29e] INFO  util.JvmPauseMonitor (JvmPauseMonitor.java:run(103)) - JvmPauseMonitor-1f66905d-0d72-4cea-86d4-72815b371c35: Started
2022-02-20 11:36:26,902 [EndpointStateMachine task thread for /0.0.0.0:42063 - 0 ] INFO  server.XceiverServerGrpc (XceiverServerGrpc.java:start(180)) - XceiverServerGrpc 1f66905d-0d72-4cea-86d4-72815b371c35 is started using port 44127
2022-02-20 11:36:27,120 [Listener at 127.0.0.1/46775] INFO  ozone.MiniOzoneClusterImpl (MiniOzoneClusterImpl.java:lambda$waitForClusterToBeReady$0(219)) - Waiting for nodes to be ready. Got 0 of 3 DN Heartbeats.
2022-02-20 11:36:27,120 [Listener at 127.0.0.1/46775] INFO  ozone.MiniOzoneClusterImpl (MiniOzoneClusterImpl.java:lambda$waitForClusterToBeReady$0(222)) - Waiting for cluster to exit safe mode
2022-02-20 11:36:27,120 [Listener at 127.0.0.1/46775] INFO  ozone.MiniOzoneClusterImpl (MiniOzoneClusterImpl.java:lambda$waitForClusterToBeReady$0(224)) - SCM became leader
2022-02-20 11:36:27,190 [EndpointStateMachine task thread for /0.0.0.0:42063 - 0 ] INFO  ozoneimpl.OzoneContainer (OzoneContainer.java:start(330)) - Attempting to start container services.
2022-02-20 11:36:27,191 [EndpointStateMachine task thread for /0.0.0.0:42063 - 0 ] INFO  ozoneimpl.OzoneContainer (OzoneContainer.java:startContainerScrub(265)) - Background container scanner has been disabled.
2022-02-20 11:36:27,194 [EndpointStateMachine task thread for /0.0.0.0:42063 - 0 ] INFO  replication.ReplicationServer (ReplicationServer.java:start(111)) - ReplicationServer is started using port 33545
2022-02-20 11:36:27,201 [EndpointStateMachine task thread for /0.0.0.0:42063 - 0 ] INFO  ratis.XceiverServerRatis (XceiverServerRatis.java:start(485)) - Starting XceiverServerRatis 23fe3dad-a04c-4c09-8b28-891f29035d1b
2022-02-20 11:36:27,210 [EndpointStateMachine task thread for /0.0.0.0:42063 - 0 ] INFO  server.RaftServer (RaftServerProxy.java:lambda$start$5(374)) - 23fe3dad-a04c-4c09-8b28-891f29035d1b: start RPC server
2022-02-20 11:36:27,216 [EndpointStateMachine task thread for /0.0.0.0:42063 - 0 ] INFO  server.GrpcService (GrpcService.java:startImpl(253)) - 23fe3dad-a04c-4c09-8b28-891f29035d1b: GrpcService started, listening on 44281
2022-02-20 11:36:27,222 [EndpointStateMachine task thread for /0.0.0.0:42063 - 0 ] INFO  ratis.XceiverServerRatis (XceiverServerRatis.java:getRealPort(506)) - XceiverServerRatis 23fe3dad-a04c-4c09-8b28-891f29035d1b is started using port 44281 for RATIS
2022-02-20 11:36:27,222 [EndpointStateMachine task thread for /0.0.0.0:42063 - 0 ] INFO  ratis.XceiverServerRatis (XceiverServerRatis.java:getRealPort(506)) - XceiverServerRatis 23fe3dad-a04c-4c09-8b28-891f29035d1b is started using port 44281 for RATIS_ADMIN
2022-02-20 11:36:27,222 [EndpointStateMachine task thread for /0.0.0.0:42063 - 0 ] INFO  ratis.XceiverServerRatis (XceiverServerRatis.java:getRealPort(506)) - XceiverServerRatis 23fe3dad-a04c-4c09-8b28-891f29035d1b is started using port 44281 for RATIS_SERVER
2022-02-20 11:36:27,222 [org.apache.ratis.util.JvmPauseMonitor$$Lambda$421/295700833@57c4bac8] INFO  util.JvmPauseMonitor (JvmPauseMonitor.java:run(103)) - JvmPauseMonitor-23fe3dad-a04c-4c09-8b28-891f29035d1b: Started
2022-02-20 11:36:27,230 [EndpointStateMachine task thread for /0.0.0.0:42063 - 0 ] INFO  server.XceiverServerGrpc (XceiverServerGrpc.java:start(180)) - XceiverServerGrpc 23fe3dad-a04c-4c09-8b28-891f29035d1b is started using port 39591
2022-02-20 11:36:28,120 [Listener at 127.0.0.1/46775] INFO  ozone.MiniOzoneClusterImpl (MiniOzoneClusterImpl.java:lambda$waitForClusterToBeReady$0(219)) - Waiting for nodes to be ready. Got 0 of 3 DN Heartbeats.
2022-02-20 11:36:28,121 [Listener at 127.0.0.1/46775] INFO  ozone.MiniOzoneClusterImpl (MiniOzoneClusterImpl.java:lambda$waitForClusterToBeReady$0(222)) - Waiting for cluster to exit safe mode
2022-02-20 11:36:28,121 [Listener at 127.0.0.1/46775] INFO  ozone.MiniOzoneClusterImpl (MiniOzoneClusterImpl.java:lambda$waitForClusterToBeReady$0(224)) - SCM became leader
2022-02-20 11:36:28,326 [IPC Server handler 1 on default port 42063] INFO  net.NetworkTopologyImpl (NetworkTopologyImpl.java:add(112)) - Added a new node: /default-rack/85b3ffbc-a464-405b-ab42-d4ee67435d88
2022-02-20 11:36:28,326 [IPC Server handler 1 on default port 42063] INFO  node.SCMNodeManager (SCMNodeManager.java:register(389)) - Registered Data node : 85b3ffbc-a464-405b-ab42-d4ee67435d88{ip: 10.1.0.4, host: fv-az59-849.csjynl4pkq3e1pkirw3ssqjfoh.cx.internal.cloudapp.net, ports: [REPLICATION=45801, RATIS=34567, RATIS_ADMIN=34567, RATIS_SERVER=34567, STANDALONE=38781], networkLocation: /default-rack, certSerialId: null, persistedOpState: null, persistedOpStateExpiryEpochSec: 0}
2022-02-20 11:36:28,330 [EventQueue-NewNodeForNewNodeHandler] INFO  pipeline.BackgroundPipelineCreator (BackgroundPipelineCreator.java:notifyEventTriggered(285)) - trigger a one-shot run on RatisPipelineUtilsThread.
2022-02-20 11:36:28,331 [RatisPipelineUtilsThread - 0] INFO  pipeline.RatisPipelineProvider (RatisPipelineProvider.java:lambda$create$0(183)) - Sending CreatePipelineCommand for pipeline:PipelineID=57fe0ea4-fc94-41bc-a727-34316ad8ee22 to datanode:85b3ffbc-a464-405b-ab42-d4ee67435d88
2022-02-20 11:36:28,334 [EventQueue-NodeRegistrationContainerReportForDataNodeSafeModeRule] INFO  safemode.SCMSafeModeManager (DataNodeSafeModeRule.java:process(71)) - SCM in safe mode. 1 DataNodes registered, 3 required.
2022-02-20 11:36:28,355 [EventQueue-NodeRegistrationContainerReportForContainerSafeModeRule] INFO  safemode.SCMSafeModeManager (SCMSafeModeManager.java:validateSafeModeExitRules(204)) - ContainerSafeModeRule rule is successfully validated
2022-02-20 11:36:28,355 [EventQueue-PipelineReportForOneReplicaPipelineSafeModeRule] INFO  safemode.SCMSafeModeManager (SCMSafeModeManager.java:validateSafeModeExitRules(204)) - AtleastOneDatanodeReportedRule rule is successfully validated
2022-02-20 11:36:28,421 [7c3d7c22-ea0f-4f16-8203-6756703758f3@group-E53F0D8A9600-StateMachineUpdater] INFO  pipeline.PipelineStateManagerImpl (PipelineStateManagerImpl.java:addPipeline(101)) - Created pipeline Pipeline[ Id: 57fe0ea4-fc94-41bc-a727-34316ad8ee22, Nodes: 85b3ffbc-a464-405b-ab42-d4ee67435d88{ip: 10.1.0.4, host: fv-az59-849.csjynl4pkq3e1pkirw3ssqjfoh.cx.internal.cloudapp.net, ports: [REPLICATION=45801, RATIS=34567, RATIS_ADMIN=34567, RATIS_SERVER=34567, STANDALONE=38781], networkLocation: /default-rack, certSerialId: null, persistedOpState: IN_SERVICE, persistedOpStateExpiryEpochSec: 0}, ReplicationConfig: RATIS/ONE, State:ALLOCATED, leaderId:, CreationTimestamp2022-02-20T11:36:28.331Z[Etc/UTC]].
2022-02-20 11:36:28,421 [7c3d7c22-ea0f-4f16-8203-6756703758f3@group-E53F0D8A9600-StateMachineUpdater] INFO  safemode.HealthyPipelineSafeModeRule (HealthyPipelineSafeModeRule.java:initializeRule(152)) - Refreshed total pipeline count is 0, healthy pipeline threshold count is 1
2022-02-20 11:36:28,728 [IPC Server handler 2 on default port 42063] INFO  net.NetworkTopologyImpl (NetworkTopologyImpl.java:add(112)) - Added a new node: /default-rack/1f66905d-0d72-4cea-86d4-72815b371c35
2022-02-20 11:36:28,728 [IPC Server handler 2 on default port 42063] INFO  node.SCMNodeManager (SCMNodeManager.java:register(389)) - Registered Data node : 1f66905d-0d72-4cea-86d4-72815b371c35{ip: 10.1.0.4, host: fv-az59-849.csjynl4pkq3e1pkirw3ssqjfoh.cx.internal.cloudapp.net, ports: [REPLICATION=36079, RATIS=42545, RATIS_ADMIN=42545, RATIS_SERVER=42545, STANDALONE=44127], networkLocation: /default-rack, certSerialId: null, persistedOpState: null, persistedOpStateExpiryEpochSec: 0}
2022-02-20 11:36:28,728 [EventQueue-NewNodeForNewNodeHandler] INFO  pipeline.BackgroundPipelineCreator (BackgroundPipelineCreator.java:notifyEventTriggered(285)) - trigger a one-shot run on RatisPipelineUtilsThread.
2022-02-20 11:36:28,734 [EventQueue-NodeRegistrationContainerReportForDataNodeSafeModeRule] INFO  safemode.SCMSafeModeManager (DataNodeSafeModeRule.java:process(71)) - SCM in safe mode. 2 DataNodes registered, 3 required.
2022-02-20 11:36:28,743 [RatisPipelineUtilsThread - 0] INFO  pipeline.RatisPipelineProvider (RatisPipelineProvider.java:lambda$create$0(183)) - Sending CreatePipelineCommand for pipeline:PipelineID=ce0ce395-900d-4f05-abf7-fa389181a26c to datanode:1f66905d-0d72-4cea-86d4-72815b371c35
2022-02-20 11:36:28,746 [7c3d7c22-ea0f-4f16-8203-6756703758f3@group-E53F0D8A9600-StateMachineUpdater] INFO  pipeline.PipelineStateManagerImpl (PipelineStateManagerImpl.java:addPipeline(101)) - Created pipeline Pipeline[ Id: ce0ce395-900d-4f05-abf7-fa389181a26c, Nodes: 1f66905d-0d72-4cea-86d4-72815b371c35{ip: 10.1.0.4, host: fv-az59-849.csjynl4pkq3e1pkirw3ssqjfoh.cx.internal.cloudapp.net, ports: [REPLICATION=36079, RATIS=42545, RATIS_ADMIN=42545, RATIS_SERVER=42545, STANDALONE=44127], networkLocation: /default-rack, certSerialId: null, persistedOpState: IN_SERVICE, persistedOpStateExpiryEpochSec: 0}, ReplicationConfig: RATIS/ONE, State:ALLOCATED, leaderId:, CreationTimestamp2022-02-20T11:36:28.743Z[Etc/UTC]].
2022-02-20 11:36:28,746 [7c3d7c22-ea0f-4f16-8203-6756703758f3@group-E53F0D8A9600-StateMachineUpdater] INFO  safemode.HealthyPipelineSafeModeRule (HealthyPipelineSafeModeRule.java:initializeRule(152)) - Refreshed total pipeline count is 0, healthy pipeline threshold count is 1
2022-02-20 11:36:29,121 [Listener at 127.0.0.1/46775] INFO  ozone.MiniOzoneClusterImpl (MiniOzoneClusterImpl.java:lambda$waitForClusterToBeReady$0(219)) - Waiting for nodes to be ready. Got 2 of 3 DN Heartbeats.
2022-02-20 11:36:29,121 [Listener at 127.0.0.1/46775] INFO  ozone.MiniOzoneClusterImpl (MiniOzoneClusterImpl.java:lambda$waitForClusterToBeReady$0(222)) - Waiting for cluster to exit safe mode
2022-02-20 11:36:29,121 [Listener at 127.0.0.1/46775] INFO  ozone.MiniOzoneClusterImpl (MiniOzoneClusterImpl.java:lambda$waitForClusterToBeReady$0(224)) - SCM became leader
2022-02-20 11:36:29,160 [IPC Server handler 0 on default port 42063] INFO  net.NetworkTopologyImpl (NetworkTopologyImpl.java:add(112)) - Added a new node: /default-rack/23fe3dad-a04c-4c09-8b28-891f29035d1b
2022-02-20 11:36:29,160 [IPC Server handler 0 on default port 42063] INFO  node.SCMNodeManager (SCMNodeManager.java:register(389)) - Registered Data node : 23fe3dad-a04c-4c09-8b28-891f29035d1b{ip: 10.1.0.4, host: fv-az59-849.csjynl4pkq3e1pkirw3ssqjfoh.cx.internal.cloudapp.net, ports: [REPLICATION=33545, RATIS=44281, RATIS_ADMIN=44281, RATIS_SERVER=44281, STANDALONE=39591], networkLocation: /default-rack, certSerialId: null, persistedOpState: null, persistedOpStateExpiryEpochSec: 0}
2022-02-20 11:36:29,160 [EventQueue-NewNodeForNewNodeHandler] INFO  pipeline.BackgroundPipelineCreator (BackgroundPipelineCreator.java:notifyEventTriggered(285)) - trigger a one-shot run on RatisPipelineUtilsThread.
2022-02-20 11:36:29,160 [RatisPipelineUtilsThread - 0] INFO  pipeline.RatisPipelineProvider (RatisPipelineProvider.java:lambda$create$0(183)) - Sending CreatePipelineCommand for pipeline:PipelineID=3e199b62-4db9-4cc5-88a0-46c4ef8c9305 to datanode:23fe3dad-a04c-4c09-8b28-891f29035d1b
2022-02-20 11:36:29,162 [EventQueue-NodeRegistrationContainerReportForDataNodeSafeModeRule] INFO  safemode.SCMSafeModeManager (DataNodeSafeModeRule.java:process(71)) - SCM in safe mode. 3 DataNodes registered, 3 required.
2022-02-20 11:36:29,162 [7c3d7c22-ea0f-4f16-8203-6756703758f3@group-E53F0D8A9600-StateMachineUpdater] INFO  pipeline.PipelineStateManagerImpl (PipelineStateManagerImpl.java:addPipeline(101)) - Created pipeline Pipeline[ Id: 3e199b62-4db9-4cc5-88a0-46c4ef8c9305, Nodes: 23fe3dad-a04c-4c09-8b28-891f29035d1b{ip: 10.1.0.4, host: fv-az59-849.csjynl4pkq3e1pkirw3ssqjfoh.cx.internal.cloudapp.net, ports: [REPLICATION=33545, RATIS=44281, RATIS_ADMIN=44281, RATIS_SERVER=44281, STANDALONE=39591], networkLocation: /default-rack, certSerialId: null, persistedOpState: IN_SERVICE, persistedOpStateExpiryEpochSec: 0}, ReplicationConfig: RATIS/ONE, State:ALLOCATED, leaderId:, CreationTimestamp2022-02-20T11:36:29.160Z[Etc/UTC]].
2022-02-20 11:36:29,162 [EventQueue-NodeRegistrationContainerReportForDataNodeSafeModeRule] INFO  safemode.SCMSafeModeManager (SCMSafeModeManager.java:validateSafeModeExitRules(204)) - DataNodeSafeModeRule rule is successfully validated
2022-02-20 11:36:29,162 [EventQueue-NodeRegistrationContainerReportForDataNodeSafeModeRule] INFO  safemode.SCMSafeModeManager (SCMSafeModeManager.java:completePreCheck(233)) - All SCM safe mode pre check rules have passed
2022-02-20 11:36:29,162 [EventQueue-NodeRegistrationContainerReportForDataNodeSafeModeRule] WARN  events.EventQueue (EventQueue.java:fireEvent(194)) - No event handler registered for event TypedEvent{payloadType=SafeModeStatus, name='Safe mode status'}
2022-02-20 11:36:29,162 [EventQueue-NodeRegistrationContainerReportForDataNodeSafeModeRule] INFO  ha.SCMContext (SCMContext.java:updateSafeModeStatus(211)) - Update SafeModeStatus from SafeModeStatus{safeModeStatus=true, preCheckPassed=false} to SafeModeStatus{safeModeStatus=true, preCheckPassed=true}.
2022-02-20 11:36:29,162 [EventQueue-NodeRegistrationContainerReportForDataNodeSafeModeRule] INFO  pipeline.BackgroundPipelineCreator (BackgroundPipelineCreator.java:notifyEventTriggered(285)) - trigger a one-shot run on RatisPipelineUtilsThread.
2022-02-20 11:36:29,162 [7c3d7c22-ea0f-4f16-8203-6756703758f3@group-E53F0D8A9600-StateMachineUpdater] INFO  safemode.HealthyPipelineSafeModeRule (HealthyPipelineSafeModeRule.java:initializeRule(152)) - Refreshed total pipeline count is 0, healthy pipeline threshold count is 1
2022-02-20 11:36:29,163 [RatisPipelineUtilsThread - 0] INFO  pipeline.RatisPipelineProvider (RatisPipelineProvider.java:lambda$create$0(183)) - Sending CreatePipelineCommand for pipeline:PipelineID=f23259ec-8c19-4588-9900-a42d657d65bb to datanode:23fe3dad-a04c-4c09-8b28-891f29035d1b
2022-02-20 11:36:29,163 [RatisPipelineUtilsThread - 0] INFO  pipeline.RatisPipelineProvider (RatisPipelineProvider.java:lambda$create$0(183)) - Sending CreatePipelineCommand for pipeline:PipelineID=f23259ec-8c19-4588-9900-a42d657d65bb to datanode:1f66905d-0d72-4cea-86d4-72815b371c35
2022-02-20 11:36:29,163 [RatisPipelineUtilsThread - 0] INFO  pipeline.RatisPipelineProvider (RatisPipelineProvider.java:lambda$create$0(183)) - Sending CreatePipelineCommand for pipeline:PipelineID=f23259ec-8c19-4588-9900-a42d657d65bb to datanode:85b3ffbc-a464-405b-ab42-d4ee67435d88
2022-02-20 11:36:29,164 [7c3d7c22-ea0f-4f16-8203-6756703758f3@group-E53F0D8A9600-StateMachineUpdater] INFO  pipeline.PipelineStateManagerImpl (PipelineStateManagerImpl.java:addPipeline(101)) - Created pipeline Pipeline[ Id: f23259ec-8c19-4588-9900-a42d657d65bb, Nodes: 23fe3dad-a04c-4c09-8b28-891f29035d1b{ip: 10.1.0.4, host: fv-az59-849.csjynl4pkq3e1pkirw3ssqjfoh.cx.internal.cloudapp.net, ports: [REPLICATION=33545, RATIS=44281, RATIS_ADMIN=44281, RATIS_SERVER=44281, STANDALONE=39591], networkLocation: /default-rack, certSerialId: null, persistedOpState: IN_SERVICE, persistedOpStateExpiryEpochSec: 0}1f66905d-0d72-4cea-86d4-72815b371c35{ip: 10.1.0.4, host: fv-az59-849.csjynl4pkq3e1pkirw3ssqjfoh.cx.internal.cloudapp.net, ports: [REPLICATION=36079, RATIS=42545, RATIS_ADMIN=42545, RATIS_SERVER=42545, STANDALONE=44127], networkLocation: /default-rack, certSerialId: null, persistedOpState: IN_SERVICE, persistedOpStateExpiryEpochSec: 0}85b3ffbc-a464-405b-ab42-d4ee67435d88{ip: 10.1.0.4, host: fv-az59-849.csjynl4pkq3e1pkirw3ssqjfoh.cx.internal.cloudapp.net, ports: [REPLICATION=45801, RATIS=34567, RATIS_ADMIN=34567, RATIS_SERVER=34567, STANDALONE=38781], networkLocation: /default-rack, certSerialId: null, persistedOpState: IN_SERVICE, persistedOpStateExpiryEpochSec: 0}, ReplicationConfig: RATIS/THREE, State:ALLOCATED, leaderId:, CreationTimestamp2022-02-20T11:36:29.163Z[Etc/UTC]].
2022-02-20 11:36:29,164 [7c3d7c22-ea0f-4f16-8203-6756703758f3@group-E53F0D8A9600-StateMachineUpdater] INFO  safemode.HealthyPipelineSafeModeRule (HealthyPipelineSafeModeRule.java:initializeRule(152)) - Refreshed total pipeline count is 0, healthy pipeline threshold count is 1
2022-02-20 11:36:29,165 [RatisPipelineUtilsThread - 0] INFO  pipeline.RatisPipelineProvider (RatisPipelineProvider.java:lambda$create$0(183)) - Sending CreatePipelineCommand for pipeline:PipelineID=1c4d3833-3eb2-473a-b6e5-53290ec893cb to datanode:85b3ffbc-a464-405b-ab42-d4ee67435d88
2022-02-20 11:36:29,165 [RatisPipelineUtilsThread - 0] INFO  pipeline.RatisPipelineProvider (RatisPipelineProvider.java:lambda$create$0(183)) - Sending CreatePipelineCommand for pipeline:PipelineID=1c4d3833-3eb2-473a-b6e5-53290ec893cb to datanode:23fe3dad-a04c-4c09-8b28-891f29035d1b
2022-02-20 11:36:29,165 [RatisPipelineUtilsThread - 0] INFO  pipeline.RatisPipelineProvider (RatisPipelineProvider.java:lambda$create$0(183)) - Sending CreatePipelineCommand for pipeline:PipelineID=1c4d3833-3eb2-473a-b6e5-53290ec893cb to datanode:1f66905d-0d72-4cea-86d4-72815b371c35
2022-02-20 11:36:29,166 [7c3d7c22-ea0f-4f16-8203-6756703758f3@group-E53F0D8A9600-StateMachineUpdater] INFO  pipeline.PipelineStateManagerImpl (PipelineStateManagerImpl.java:addPipeline(101)) - Created pipeline Pipeline[ Id: 1c4d3833-3eb2-473a-b6e5-53290ec893cb, Nodes: 85b3ffbc-a464-405b-ab42-d4ee67435d88{ip: 10.1.0.4, host: fv-az59-849.csjynl4pkq3e1pkirw3ssqjfoh.cx.internal.cloudapp.net, ports: [REPLICATION=45801, RATIS=34567, RATIS_ADMIN=34567, RATIS_SERVER=34567, STANDALONE=38781], networkLocation: /default-rack, certSerialId: null, persistedOpState: IN_SERVICE, persistedOpStateExpiryEpochSec: 0}23fe3dad-a04c-4c09-8b28-891f29035d1b{ip: 10.1.0.4, host: fv-az59-849.csjynl4pkq3e1pkirw3ssqjfoh.cx.internal.cloudapp.net, ports: [REPLICATION=33545, RATIS=44281, RATIS_ADMIN=44281, RATIS_SERVER=44281, STANDALONE=39591], networkLocation: /default-rack, certSerialId: null, persistedOpState: IN_SERVICE, persistedOpStateExpiryEpochSec: 0}1f66905d-0d72-4cea-86d4-72815b371c35{ip: 10.1.0.4, host: fv-az59-849.csjynl4pkq3e1pkirw3ssqjfoh.cx.internal.cloudapp.net, ports: [REPLICATION=36079, RATIS=42545, RATIS_ADMIN=42545, RATIS_SERVER=42545, STANDALONE=44127], networkLocation: /default-rack, certSerialId: null, persistedOpState: IN_SERVICE, persistedOpStateExpiryEpochSec: 0}, ReplicationConfig: RATIS/THREE, State:ALLOCATED, leaderId:, CreationTimestamp2022-02-20T11:36:29.165Z[Etc/UTC]].
2022-02-20 11:36:29,166 [7c3d7c22-ea0f-4f16-8203-6756703758f3@group-E53F0D8A9600-StateMachineUpdater] INFO  safemode.HealthyPipelineSafeModeRule (HealthyPipelineSafeModeRule.java:initializeRule(152)) - Refreshed total pipeline count is 0, healthy pipeline threshold count is 1
2022-02-20 11:36:29,166 [RatisPipelineUtilsThread - 0] INFO  pipeline.PipelineManagerImpl (PipelineManagerImpl.java:recordMetricsForPipeline(639)) - Pipeline: PipelineID=1c4d3833-3eb2-473a-b6e5-53290ec893cb contains same datanodes as previous pipelines: PipelineID=f23259ec-8c19-4588-9900-a42d657d65bb nodeIds: 85b3ffbc-a464-405b-ab42-d4ee67435d88, 23fe3dad-a04c-4c09-8b28-891f29035d1b, 1f66905d-0d72-4cea-86d4-72815b371c35
2022-02-20 11:36:30,121 [Listener at 127.0.0.1/46775] INFO  ozone.MiniOzoneClusterImpl (MiniOzoneClusterImpl.java:lambda$waitForClusterToBeReady$0(219)) - Nodes are ready. Got 3 of 3 DN Heartbeats.
2022-02-20 11:36:30,122 [Listener at 127.0.0.1/46775] INFO  ozone.MiniOzoneClusterImpl (MiniOzoneClusterImpl.java:lambda$waitForClusterToBeReady$0(222)) - Waiting for cluster to exit safe mode
2022-02-20 11:36:30,122 [Listener at 127.0.0.1/46775] INFO  ozone.MiniOzoneClusterImpl (MiniOzoneClusterImpl.java:lambda$waitForClusterToBeReady$0(224)) - SCM became leader
2022-02-20 11:36:31,122 [Listener at 127.0.0.1/46775] INFO  ozone.MiniOzoneClusterImpl (MiniOzoneClusterImpl.java:lambda$waitForClusterToBeReady$0(219)) - Nodes are ready. Got 3 of 3 DN Heartbeats.
2022-02-20 11:36:31,122 [Listener at 127.0.0.1/46775] INFO  ozone.MiniOzoneClusterImpl (MiniOzoneClusterImpl.java:lambda$waitForClusterToBeReady$0(222)) - Waiting for cluster to exit safe mode
2022-02-20 11:36:31,122 [Listener at 127.0.0.1/46775] INFO  ozone.MiniOzoneClusterImpl (MiniOzoneClusterImpl.java:lambda$waitForClusterToBeReady$0(224)) - SCM became leader
2022-02-20 11:36:31,328 [Command processor thread] INFO  server.RaftServer (RaftServerProxy.java:addNew(95)) - 85b3ffbc-a464-405b-ab42-d4ee67435d88: addNew group-34316AD8EE22:[85b3ffbc-a464-405b-ab42-d4ee67435d88|rpc:10.1.0.4:34567|priority:1] returns group-34316AD8EE22:java.util.concurrent.CompletableFuture@7facb5e7[Not completed]
2022-02-20 11:36:31,329 [pool-641-thread-1] INFO  server.RaftServer$Division (RaftServerImpl.java:<init>(184)) - 85b3ffbc-a464-405b-ab42-d4ee67435d88: new RaftServerImpl for group-34316AD8EE22:[85b3ffbc-a464-405b-ab42-d4ee67435d88|rpc:10.1.0.4:34567|priority:1] with ContainerStateMachine:uninitialized
2022-02-20 11:36:31,351 [pool-641-thread-1] INFO  server.RaftServerConfigKeys (ConfUtils.java:logGet(44)) - raft.server.rpc.timeout.min = 5s (custom)
2022-02-20 11:36:31,351 [pool-641-thread-1] INFO  server.RaftServerConfigKeys (ConfUtils.java:logGet(44)) - raft.server.rpc.timeout.max = 5200ms (custom)
2022-02-20 11:36:31,351 [pool-641-thread-1] INFO  server.RaftServerConfigKeys (ConfUtils.java:logGet(44)) - raft.server.rpc.sleep.time = 25ms (default)
2022-02-20 11:36:31,351 [pool-641-thread-1] INFO  server.RaftServerConfigKeys (ConfUtils.java:logGet(44)) - raft.server.rpc.slowness.timeout = 300s (custom)
2022-02-20 11:36:31,351 [pool-641-thread-1] INFO  server.RaftServerConfigKeys (ConfUtils.java:logGet(44)) - raft.server.leaderelection.leader.step-down.wait-time = 10s (default)
2022-02-20 11:36:31,351 [pool-641-thread-1] INFO  server.RaftServerConfigKeys (ConfUtils.java:logGet(44)) - raft.server.sleep.deviation.threshold = 300ms (default)
2022-02-20 11:36:31,351 [pool-641-thread-1] INFO  server.RaftServerConfigKeys (ConfUtils.java:logGet(44)) - raft.server.log.appender.install.snapshot.enabled = false (custom)
2022-02-20 11:36:31,351 [pool-641-thread-1] INFO  server.RaftServer$Division (ServerState.java:<init>(105)) - 85b3ffbc-a464-405b-ab42-d4ee67435d88@group-34316AD8EE22: ConfigurationManager, init=-1: [85b3ffbc-a464-405b-ab42-d4ee67435d88|rpc:10.1.0.4:34567|priority:1], old=null, confs=<EMPTY_MAP>
2022-02-20 11:36:31,351 [pool-641-thread-1] INFO  server.RaftServerConfigKeys (ConfUtils.java:logGet(44)) - raft.server.storage.dir = [/home/runner/work/ozone/ozone/hadoop-ozone/integration-test/target/test-dir/MiniOzoneClusterImpl-abb31ffe-caed-4032-89a4-e53f0d8a9600/datanode-0/data/ratis] (custom)
2022-02-20 11:36:31,352 [pool-641-thread-1] INFO  server.RaftServerConfigKeys (ConfUtils.java:logGet(44)) - raft.server.log.corruption.policy = EXCEPTION (default)
2022-02-20 11:36:31,352 [pool-641-thread-1] INFO  server.RaftServerConfigKeys (ConfUtils.java:logGet(44)) - raft.server.storage.free-space.min = 0MB (=0) (default)
2022-02-20 11:36:31,352 [pool-641-thread-1] INFO  storage.RaftStorageDirectory (RaftStorageDirectoryImpl.java:analyzeStorage(135)) - The storage directory /home/runner/work/ozone/ozone/hadoop-ozone/integration-test/target/test-dir/MiniOzoneClusterImpl-abb31ffe-caed-4032-89a4-e53f0d8a9600/datanode-0/data/ratis/57fe0ea4-fc94-41bc-a727-34316ad8ee22 does not exist. Creating ...
2022-02-20 11:36:31,360 [pool-641-thread-1] INFO  storage.RaftStorageDirectory (RaftStorageDirectoryImpl.java:tryLock(230)) - Lock on /home/runner/work/ozone/ozone/hadoop-ozone/integration-test/target/test-dir/MiniOzoneClusterImpl-abb31ffe-caed-4032-89a4-e53f0d8a9600/datanode-0/data/ratis/57fe0ea4-fc94-41bc-a727-34316ad8ee22/in_use.lock acquired by nodename 9434@fv-az59-849
2022-02-20 11:36:31,367 [pool-641-thread-1] INFO  storage.RaftStorage (RaftStorageImpl.java:format(89)) - Storage directory /home/runner/work/ozone/ozone/hadoop-ozone/integration-test/target/test-dir/MiniOzoneClusterImpl-abb31ffe-caed-4032-89a4-e53f0d8a9600/datanode-0/data/ratis/57fe0ea4-fc94-41bc-a727-34316ad8ee22 has been successfully formatted.
2022-02-20 11:36:31,386 [pool-641-thread-1] INFO  ratis.ContainerStateMachine (ContainerStateMachine.java:loadSnapshot(236)) - group-34316AD8EE22: The snapshot info is null. Setting the last applied indexto:(t:0, i:~)
2022-02-20 11:36:31,386 [pool-641-thread-1] INFO  server.RaftServerConfigKeys (ConfUtils.java:logGet(44)) - raft.server.notification.no-leader.timeout = 300s (custom)
2022-02-20 11:36:31,386 [pool-641-thread-1] INFO  server.RaftServerConfigKeys (ConfUtils.java:logGet(44)) - raft.server.log.use.memory = false (default)
2022-02-20 11:36:31,386 [EventQueue-PipelineReportForPipelineReportHandler] INFO  pipeline.PipelineManagerImpl (PipelineManagerImpl.java:openPipeline(291)) - Pipeline Pipeline[ Id: 57fe0ea4-fc94-41bc-a727-34316ad8ee22, Nodes: 85b3ffbc-a464-405b-ab42-d4ee67435d88{ip: 10.1.0.4, host: fv-az59-849.csjynl4pkq3e1pkirw3ssqjfoh.cx.internal.cloudapp.net, ports: [REPLICATION=45801, RATIS=34567, RATIS_ADMIN=34567, RATIS_SERVER=34567, STANDALONE=38781], networkLocation: /default-rack, certSerialId: null, persistedOpState: IN_SERVICE, persistedOpStateExpiryEpochSec: 0}, ReplicationConfig: RATIS/ONE, State:ALLOCATED, leaderId:85b3ffbc-a464-405b-ab42-d4ee67435d88, CreationTimestamp2022-02-20T11:36:28.331Z[Etc/UTC]] moved to OPEN state
2022-02-20 11:36:31,394 [7c3d7c22-ea0f-4f16-8203-6756703758f3@group-E53F0D8A9600-StateMachineUpdater] INFO  safemode.HealthyPipelineSafeModeRule (HealthyPipelineSafeModeRule.java:initializeRule(152)) - Refreshed total pipeline count is 0, healthy pipeline threshold count is 1
2022-02-20 11:36:31,402 [EventQueue-OpenPipelineForHealthyPipelineSafeModeRule] INFO  safemode.SCMSafeModeManager (HealthyPipelineSafeModeRule.java:process(124)) - SCM in safe mode. Healthy pipelines reported count is 0, required healthy pipeline reported count is 1
2022-02-20 11:36:31,414 [pool-641-thread-1] INFO  server.RaftServerConfigKeys (ConfUtils.java:logGet(44)) - raft.server.log.purge.gap = 1000000 (custom)
2022-02-20 11:36:31,414 [pool-641-thread-1] INFO  server.RaftServerConfigKeys (ConfUtils.java:logGet(44)) - raft.server.log.appender.buffer.byte-limit = 33554432 (custom)
2022-02-20 11:36:31,414 [pool-641-thread-1] INFO  server.RaftServerConfigKeys (ConfUtils.java:logGet(44)) - raft.server.log.segment.size.max = 1048576 (custom)
2022-02-20 11:36:31,414 [pool-641-thread-1] INFO  server.RaftServerConfigKeys (ConfUtils.java:logGet(44)) - raft.server.log.segment.cache.num.max = 2 (custom)
2022-02-20 11:36:31,414 [pool-641-thread-1] INFO  server.RaftServerConfigKeys (ConfUtils.java:logGet(44)) - raft.server.log.segment.cache.size.max = 200MB (=209715200) (default)
2022-02-20 11:36:31,414 [pool-641-thread-1] INFO  segmented.SegmentedRaftLogWorker (SegmentedRaftLogWorker.java:<init>(182)) - new 85b3ffbc-a464-405b-ab42-d4ee67435d88@group-34316AD8EE22-SegmentedRaftLogWorker for RaftStorageImpl:Storage Directory /home/runner/work/ozone/ozone/hadoop-ozone/integration-test/target/test-dir/MiniOzoneClusterImpl-abb31ffe-caed-4032-89a4-e53f0d8a9600/datanode-0/data/ratis/57fe0ea4-fc94-41bc-a727-34316ad8ee22
2022-02-20 11:36:31,414 [pool-641-thread-1] INFO  server.RaftServerConfigKeys (ConfUtils.java:logGet(44)) - raft.server.log.queue.byte-limit = 4294967296 (custom)
2022-02-20 11:36:31,414 [pool-641-thread-1] INFO  server.RaftServerConfigKeys (ConfUtils.java:logGet(44)) - raft.server.log.queue.element-limit = 1024 (custom)
2022-02-20 11:36:31,415 [pool-641-thread-1] INFO  server.RaftServerConfigKeys (ConfUtils.java:logGet(44)) - raft.server.log.segment.size.max = 1048576 (custom)
2022-02-20 11:36:31,415 [pool-641-thread-1] INFO  server.RaftServerConfigKeys (ConfUtils.java:logGet(44)) - raft.server.log.preallocated.size = 16384 (custom)
2022-02-20 11:36:31,415 [pool-641-thread-1] INFO  server.RaftServerConfigKeys (ConfUtils.java:logGet(44)) - raft.server.log.force.sync.num = 128 (default)
2022-02-20 11:36:31,415 [pool-641-thread-1] INFO  server.RaftServerConfigKeys (ConfUtils.java:logGet(44)) - raft.server.log.statemachine.data.sync = true (default)
2022-02-20 11:36:31,415 [pool-641-thread-1] INFO  server.RaftServerConfigKeys (ConfUtils.java:logGet(44)) - raft.server.log.statemachine.data.sync.timeout = 10s (default)
2022-02-20 11:36:31,415 [pool-641-thread-1] INFO  server.RaftServerConfigKeys (ConfUtils.java:logGet(44)) - raft.server.log.statemachine.data.sync.timeout.retry = -1 (default)
2022-02-20 11:36:31,416 [pool-641-thread-1] INFO  server.RaftServerConfigKeys (ConfUtils.java:logGet(44)) - raft.server.log.write.buffer.size = 1048576 (custom)
2022-02-20 11:36:31,416 [pool-641-thread-1] INFO  server.RaftServerConfigKeys (ConfUtils.java:logGet(44)) - raft.server.log.statemachine.data.caching.enabled = true (custom)
2022-02-20 11:36:31,416 [pool-641-thread-1] INFO  segmented.SegmentedRaftLogWorker (SegmentedRaftLogWorker.java:lambda$new$0(133)) - 85b3ffbc-a464-405b-ab42-d4ee67435d88@group-34316AD8EE22-SegmentedRaftLogWorker: flushIndex: setUnconditionally 0 -> -1
2022-02-20 11:36:31,416 [pool-641-thread-1] INFO  segmented.SegmentedRaftLogWorker (SegmentedRaftLogWorker.java:lambda$new$0(133)) - 85b3ffbc-a464-405b-ab42-d4ee67435d88@group-34316AD8EE22-SegmentedRaftLogWorker: safeCacheEvictIndex: setUnconditionally 0 -> -1
2022-02-20 11:36:31,421 [pool-641-thread-1] INFO  server.RaftServerConfigKeys (ConfUtils.java:logGet(44)) - raft.server.snapshot.auto.trigger.enabled = true (custom)
2022-02-20 11:36:31,427 [pool-641-thread-1] INFO  server.RaftServerConfigKeys (ConfUtils.java:logGet(44)) - raft.server.snapshot.auto.trigger.threshold = 10000 (custom)
2022-02-20 11:36:31,427 [pool-641-thread-1] INFO  server.RaftServerConfigKeys (ConfUtils.java:logGet(44)) - raft.server.snapshot.retention.file.num = 5 (custom)
2022-02-20 11:36:31,427 [pool-641-thread-1] INFO  server.RaftServerConfigKeys (ConfUtils.java:logGet(44)) - raft.server.log.purge.upto.snapshot.index = false (default)
2022-02-20 11:36:31,427 [pool-641-thread-1] INFO  server.RaftServerConfigKeys (ConfUtils.java:logGet(44)) - raft.server.retrycache.expirytime = 600000ms (custom)
2022-02-20 11:36:31,427 [pool-641-thread-1] INFO  server.RaftServerConfigKeys (ConfUtils.java:logGet(44)) - raft.server.retrycache.statistics.expirytime = 100μs (default)
2022-02-20 11:36:31,429 [pool-641-thread-1] INFO  server.RaftServer$Division (RaftServerImpl.java:start(301)) - 85b3ffbc-a464-405b-ab42-d4ee67435d88@group-34316AD8EE22: start as a follower, conf=-1: [85b3ffbc-a464-405b-ab42-d4ee67435d88|rpc:10.1.0.4:34567|priority:1], old=null
2022-02-20 11:36:31,429 [pool-641-thread-1] INFO  server.RaftServer$Division (RaftServerImpl.java:setRole(290)) - 85b3ffbc-a464-405b-ab42-d4ee67435d88@group-34316AD8EE22: changes role from      null to FOLLOWER at term 0 for startAsFollower
2022-02-20 11:36:31,429 [pool-641-thread-1] INFO  impl.RoleInfo (RoleInfo.java:updateAndGet(130)) - 85b3ffbc-a464-405b-ab42-d4ee67435d88: start 85b3ffbc-a464-405b-ab42-d4ee67435d88@group-34316AD8EE22-FollowerState
2022-02-20 11:36:31,431 [pool-641-thread-1] INFO  util.JmxRegister (JmxRegister.java:tryRegister(44)) - Successfully registered JMX Bean with object name Ratis:service=RaftServer,group=group-34316AD8EE22,id=85b3ffbc-a464-405b-ab42-d4ee67435d88
2022-02-20 11:36:31,440 [Command processor thread] INFO  ratis.XceiverServerRatis (XceiverServerRatis.java:addGroup(769)) - Created group PipelineID=57fe0ea4-fc94-41bc-a727-34316ad8ee22
2022-02-20 11:36:31,440 [Command processor thread] INFO  commandhandler.CreatePipelineCommandHandler (CreatePipelineCommandHandler.java:handle(106)) - Created Pipeline RATIS ONE PipelineID=57fe0ea4-fc94-41bc-a727-34316ad8ee22.
2022-02-20 11:36:31,441 [Command processor thread] INFO  server.RaftServer (RaftServerProxy.java:addNew(95)) - 85b3ffbc-a464-405b-ab42-d4ee67435d88: addNew group-A42D657D65BB:[23fe3dad-a04c-4c09-8b28-891f29035d1b|rpc:10.1.0.4:44281|priority:0, 85b3ffbc-a464-405b-ab42-d4ee67435d88|rpc:10.1.0.4:34567|priority:0, 1f66905d-0d72-4cea-86d4-72815b371c35|rpc:10.1.0.4:42545|priority:1] returns group-A42D657D65BB:java.util.concurrent.CompletableFuture@7b933eca[Not completed]
2022-02-20 11:36:31,441 [pool-641-thread-1] INFO  server.RaftServer$Division (RaftServerImpl.java:<init>(184)) - 85b3ffbc-a464-405b-ab42-d4ee67435d88: new RaftServerImpl for group-A42D657D65BB:[23fe3dad-a04c-4c09-8b28-891f29035d1b|rpc:10.1.0.4:44281|priority:0, 85b3ffbc-a464-405b-ab42-d4ee67435d88|rpc:10.1.0.4:34567|priority:0, 1f66905d-0d72-4cea-86d4-72815b371c35|rpc:10.1.0.4:42545|priority:1] with ContainerStateMachine:uninitialized
2022-02-20 11:36:31,441 [pool-641-thread-1] INFO  server.RaftServerConfigKeys (ConfUtils.java:logGet(44)) - raft.server.rpc.timeout.min = 5s (custom)
2022-02-20 11:36:31,442 [pool-641-thread-1] INFO  server.RaftServerConfigKeys (ConfUtils.java:logGet(44)) - raft.server.rpc.timeout.max = 5200ms (custom)
2022-02-20 11:36:31,442 [pool-641-thread-1] INFO  server.RaftServerConfigKeys (ConfUtils.java:logGet(44)) - raft.server.rpc.sleep.time = 25ms (default)
2022-02-20 11:36:31,442 [pool-641-thread-1] INFO  server.RaftServerConfigKeys (ConfUtils.java:logGet(44)) - raft.server.rpc.slowness.timeout = 300s (custom)
2022-02-20 11:36:31,442 [pool-641-thread-1] INFO  server.RaftServerConfigKeys (ConfUtils.java:logGet(44)) - raft.server.leaderelection.leader.step-down.wait-time = 10s (default)
2022-02-20 11:36:31,442 [pool-641-thread-1] INFO  server.RaftServerConfigKeys (ConfUtils.java:logGet(44)) - raft.server.sleep.deviation.threshold = 300ms (default)
2022-02-20 11:36:31,442 [pool-641-thread-1] INFO  server.RaftServerConfigKeys (ConfUtils.java:logGet(44)) - raft.server.log.appender.install.snapshot.enabled = false (custom)
2022-02-20 11:36:31,442 [pool-641-thread-1] INFO  server.RaftServer$Division (ServerState.java:<init>(105)) - 85b3ffbc-a464-405b-ab42-d4ee67435d88@group-A42D657D65BB: ConfigurationManager, init=-1: [23fe3dad-a04c-4c09-8b28-891f29035d1b|rpc:10.1.0.4:44281|priority:0, 85b3ffbc-a464-405b-ab42-d4ee67435d88|rpc:10.1.0.4:34567|priority:0, 1f66905d-0d72-4cea-86d4-72815b371c35|rpc:10.1.0.4:42545|priority:1], old=null, confs=<EMPTY_MAP>
2022-02-20 11:36:31,442 [pool-641-thread-1] INFO  server.RaftServerConfigKeys (ConfUtils.java:logGet(44)) - raft.server.storage.dir = [/home/runner/work/ozone/ozone/hadoop-ozone/integration-test/target/test-dir/MiniOzoneClusterImpl-abb31ffe-caed-4032-89a4-e53f0d8a9600/datanode-0/data/ratis] (custom)
2022-02-20 11:36:31,442 [pool-641-thread-1] INFO  server.RaftServerConfigKeys (ConfUtils.java:logGet(44)) - raft.server.log.corruption.policy = EXCEPTION (default)
2022-02-20 11:36:31,442 [pool-641-thread-1] INFO  server.RaftServerConfigKeys (ConfUtils.java:logGet(44)) - raft.server.storage.free-space.min = 0MB (=0) (default)
2022-02-20 11:36:31,442 [pool-641-thread-1] INFO  storage.RaftStorageDirectory (RaftStorageDirectoryImpl.java:analyzeStorage(135)) - The storage directory /home/runner/work/ozone/ozone/hadoop-ozone/integration-test/target/test-dir/MiniOzoneClusterImpl-abb31ffe-caed-4032-89a4-e53f0d8a9600/datanode-0/data/ratis/f23259ec-8c19-4588-9900-a42d657d65bb does not exist. Creating ...
2022-02-20 11:36:31,443 [pool-641-thread-1] INFO  storage.RaftStorageDirectory (RaftStorageDirectoryImpl.java:tryLock(230)) - Lock on /home/runner/work/ozone/ozone/hadoop-ozone/integration-test/target/test-dir/MiniOzoneClusterImpl-abb31ffe-caed-4032-89a4-e53f0d8a9600/datanode-0/data/ratis/f23259ec-8c19-4588-9900-a42d657d65bb/in_use.lock acquired by nodename 9434@fv-az59-849
2022-02-20 11:36:31,445 [pool-641-thread-1] INFO  storage.RaftStorage (RaftStorageImpl.java:format(89)) - Storage directory /home/runner/work/ozone/ozone/hadoop-ozone/integration-test/target/test-dir/MiniOzoneClusterImpl-abb31ffe-caed-4032-89a4-e53f0d8a9600/datanode-0/data/ratis/f23259ec-8c19-4588-9900-a42d657d65bb has been successfully formatted.
2022-02-20 11:36:31,446 [pool-641-thread-1] INFO  ratis.ContainerStateMachine (ContainerStateMachine.java:loadSnapshot(236)) - group-A42D657D65BB: The snapshot info is null. Setting the last applied indexto:(t:0, i:~)
2022-02-20 11:36:31,446 [pool-641-thread-1] INFO  server.RaftServerConfigKeys (ConfUtils.java:logGet(44)) - raft.server.notification.no-leader.timeout = 300s (custom)
2022-02-20 11:36:31,446 [pool-641-thread-1] INFO  server.RaftServerConfigKeys (ConfUtils.java:logGet(44)) - raft.server.log.use.memory = false (default)
2022-02-20 11:36:31,446 [pool-641-thread-1] INFO  server.RaftServerConfigKeys (ConfUtils.java:logGet(44)) - raft.server.log.purge.gap = 1000000 (custom)
2022-02-20 11:36:31,446 [pool-641-thread-1] INFO  server.RaftServerConfigKeys (ConfUtils.java:logGet(44)) - raft.server.log.appender.buffer.byte-limit = 33554432 (custom)
2022-02-20 11:36:31,446 [pool-641-thread-1] INFO  server.RaftServerConfigKeys (ConfUtils.java:logGet(44)) - raft.server.log.segment.size.max = 1048576 (custom)
2022-02-20 11:36:31,446 [EventQueue-OpenPipelineForHealthyPipelineSafeModeRule] INFO  safemode.SCMSafeModeManager (HealthyPipelineSafeModeRule.java:process(124)) - SCM in safe mode. Healthy pipelines reported count is 0, required healthy pipeline reported count is 1
2022-02-20 11:36:31,447 [pool-641-thread-1] INFO  server.RaftServerConfigKeys (ConfUtils.java:logGet(44)) - raft.server.log.segment.cache.num.max = 2 (custom)
2022-02-20 11:36:31,447 [pool-641-thread-1] INFO  server.RaftServerConfigKeys (ConfUtils.java:logGet(44)) - raft.server.log.segment.cache.size.max = 200MB (=209715200) (default)
2022-02-20 11:36:31,447 [pool-641-thread-1] INFO  segmented.SegmentedRaftLogWorker (SegmentedRaftLogWorker.java:<init>(182)) - new 85b3ffbc-a464-405b-ab42-d4ee67435d88@group-A42D657D65BB-SegmentedRaftLogWorker for RaftStorageImpl:Storage Directory /home/runner/work/ozone/ozone/hadoop-ozone/integration-test/target/test-dir/MiniOzoneClusterImpl-abb31ffe-caed-4032-89a4-e53f0d8a9600/datanode-0/data/ratis/f23259ec-8c19-4588-9900-a42d657d65bb
2022-02-20 11:36:31,447 [pool-641-thread-1] INFO  server.RaftServerConfigKeys (ConfUtils.java:logGet(44)) - raft.server.log.queue.byte-limit = 4294967296 (custom)
2022-02-20 11:36:31,447 [pool-641-thread-1] INFO  server.RaftServerConfigKeys (ConfUtils.java:logGet(44)) - raft.server.log.queue.element-limit = 1024 (custom)
2022-02-20 11:36:31,449 [pool-641-thread-1] INFO  server.RaftServerConfigKeys (ConfUtils.java:logGet(44)) - raft.server.log.segment.size.max = 1048576 (custom)
2022-02-20 11:36:31,449 [pool-641-thread-1] INFO  server.RaftServerConfigKeys (ConfUtils.java:logGet(44)) - raft.server.log.preallocated.size = 16384 (custom)
2022-02-20 11:36:31,449 [pool-641-thread-1] INFO  server.RaftServerConfigKeys (ConfUtils.java:logGet(44)) - raft.server.log.force.sync.num = 128 (default)
2022-02-20 11:36:31,449 [pool-641-thread-1] INFO  server.RaftServerConfigKeys (ConfUtils.java:logGet(44)) - raft.server.log.statemachine.data.sync = true (default)
2022-02-20 11:36:31,449 [pool-641-thread-1] INFO  server.RaftServerConfigKeys (ConfUtils.java:logGet(44)) - raft.server.log.statemachine.data.sync.timeout = 10s (default)
2022-02-20 11:36:31,449 [pool-641-thread-1] INFO  server.RaftServerConfigKeys (ConfUtils.java:logGet(44)) - raft.server.log.statemachine.data.sync.timeout.retry = -1 (default)
2022-02-20 11:36:31,450 [pool-641-thread-1] INFO  server.RaftServerConfigKeys (ConfUtils.java:logGet(44)) - raft.server.log.write.buffer.size = 1048576 (custom)
2022-02-20 11:36:31,450 [pool-641-thread-1] INFO  server.RaftServerConfigKeys (ConfUtils.java:logGet(44)) - raft.server.log.statemachine.data.caching.enabled = true (custom)
2022-02-20 11:36:31,450 [pool-641-thread-1] INFO  segmented.SegmentedRaftLogWorker (SegmentedRaftLogWorker.java:lambda$new$0(133)) - 85b3ffbc-a464-405b-ab42-d4ee67435d88@group-A42D657D65BB-SegmentedRaftLogWorker: flushIndex: setUnconditionally 0 -> -1
2022-02-20 11:36:31,458 [pool-641-thread-1] INFO  segmented.SegmentedRaftLogWorker (SegmentedRaftLogWorker.java:lambda$new$0(133)) - 85b3ffbc-a464-405b-ab42-d4ee67435d88@group-A42D657D65BB-SegmentedRaftLogWorker: safeCacheEvictIndex: setUnconditionally 0 -> -1
2022-02-20 11:36:31,459 [pool-641-thread-1] INFO  server.RaftServerConfigKeys (ConfUtils.java:logGet(44)) - raft.server.snapshot.auto.trigger.enabled = true (custom)
2022-02-20 11:36:31,459 [pool-641-thread-1] INFO  server.RaftServerConfigKeys (ConfUtils.java:logGet(44)) - raft.server.snapshot.auto.trigger.threshold = 10000 (custom)
2022-02-20 11:36:31,459 [pool-641-thread-1] INFO  server.RaftServerConfigKeys (ConfUtils.java:logGet(44)) - raft.server.snapshot.retention.file.num = 5 (custom)
2022-02-20 11:36:31,459 [pool-641-thread-1] INFO  server.RaftServerConfigKeys (ConfUtils.java:logGet(44)) - raft.server.log.purge.upto.snapshot.index = false (default)
2022-02-20 11:36:31,459 [pool-641-thread-1] INFO  server.RaftServerConfigKeys (ConfUtils.java:logGet(44)) - raft.server.retrycache.expirytime = 600000ms (custom)
2022-02-20 11:36:31,459 [pool-641-thread-1] INFO  server.RaftServerConfigKeys (ConfUtils.java:logGet(44)) - raft.server.retrycache.statistics.expirytime = 100μs (default)
2022-02-20 11:36:31,461 [pool-641-thread-1] INFO  server.RaftServer$Division (RaftServerImpl.java:start(301)) - 85b3ffbc-a464-405b-ab42-d4ee67435d88@group-A42D657D65BB: start as a follower, conf=-1: [23fe3dad-a04c-4c09-8b28-891f29035d1b|rpc:10.1.0.4:44281|priority:0, 85b3ffbc-a464-405b-ab42-d4ee67435d88|rpc:10.1.0.4:34567|priority:0, 1f66905d-0d72-4cea-86d4-72815b371c35|rpc:10.1.0.4:42545|priority:1], old=null
2022-02-20 11:36:31,461 [pool-641-thread-1] INFO  server.RaftServer$Division (RaftServerImpl.java:setRole(290)) - 85b3ffbc-a464-405b-ab42-d4ee67435d88@group-A42D657D65BB: changes role from      null to FOLLOWER at term 0 for startAsFollower
2022-02-20 11:36:31,461 [pool-641-thread-1] INFO  impl.RoleInfo (RoleInfo.java:updateAndGet(130)) - 85b3ffbc-a464-405b-ab42-d4ee67435d88: start 85b3ffbc-a464-405b-ab42-d4ee67435d88@group-A42D657D65BB-FollowerState
2022-02-20 11:36:31,467 [pool-641-thread-1] INFO  util.JmxRegister (JmxRegister.java:tryRegister(44)) - Successfully registered JMX Bean with object name Ratis:service=RaftServer,group=group-A42D657D65BB,id=85b3ffbc-a464-405b-ab42-d4ee67435d88
2022-02-20 11:36:31,467 [Command processor thread] INFO  ratis.XceiverServerRatis (XceiverServerRatis.java:addGroup(769)) - Created group PipelineID=f23259ec-8c19-4588-9900-a42d657d65bb
2022-02-20 11:36:31,499 [grpc-default-executor-6] INFO  server.RaftServer (RaftServerProxy.java:addNew(95)) - 23fe3dad-a04c-4c09-8b28-891f29035d1b: addNew group-A42D657D65BB:[23fe3dad-a04c-4c09-8b28-891f29035d1b|rpc:10.1.0.4:44281|dataStream:|priority:0, 85b3ffbc-a464-405b-ab42-d4ee67435d88|rpc:10.1.0.4:34567|dataStream:|priority:0, 1f66905d-0d72-4cea-86d4-72815b371c35|rpc:10.1.0.4:42545|dataStream:|priority:1] returns group-A42D657D65BB:java.util.concurrent.CompletableFuture@76dedcbb[Not completed]
2022-02-20 11:36:31,503 [pool-683-thread-1] INFO  server.RaftServer$Division (RaftServerImpl.java:<init>(184)) - 23fe3dad-a04c-4c09-8b28-891f29035d1b: new RaftServerImpl for group-A42D657D65BB:[23fe3dad-a04c-4c09-8b28-891f29035d1b|rpc:10.1.0.4:44281|dataStream:|priority:0, 85b3ffbc-a464-405b-ab42-d4ee67435d88|rpc:10.1.0.4:34567|dataStream:|priority:0, 1f66905d-0d72-4cea-86d4-72815b371c35|rpc:10.1.0.4:42545|dataStream:|priority:1] with ContainerStateMachine:uninitialized
2022-02-20 11:36:31,522 [pool-683-thread-1] INFO  server.RaftServerConfigKeys (ConfUtils.java:logGet(44)) - raft.server.rpc.timeout.min = 5s (custom)
2022-02-20 11:36:31,522 [pool-683-thread-1] INFO  server.RaftServerConfigKeys (ConfUtils.java:logGet(44)) - raft.server.rpc.timeout.max = 5200ms (custom)
2022-02-20 11:36:31,522 [pool-683-thread-1] INFO  server.RaftServerConfigKeys (ConfUtils.java:logGet(44)) - raft.server.rpc.sleep.time = 25ms (default)
2022-02-20 11:36:31,522 [pool-683-thread-1] INFO  server.RaftServerConfigKeys (ConfUtils.java:logGet(44)) - raft.server.rpc.slowness.timeout = 300s (custom)
2022-02-20 11:36:31,522 [pool-683-thread-1] INFO  server.RaftServerConfigKeys (ConfUtils.java:logGet(44)) - raft.server.leaderelection.leader.step-down.wait-time = 10s (default)
2022-02-20 11:36:31,522 [pool-683-thread-1] INFO  server.RaftServerConfigKeys (ConfUtils.java:logGet(44)) - raft.server.sleep.deviation.threshold = 300ms (default)
2022-02-20 11:36:31,522 [pool-683-thread-1] INFO  server.RaftServerConfigKeys (ConfUtils.java:logGet(44)) - raft.server.log.appender.install.snapshot.enabled = false (custom)
2022-02-20 11:36:31,522 [pool-683-thread-1] INFO  server.RaftServer$Division (ServerState.java:<init>(105)) - 23fe3dad-a04c-4c09-8b28-891f29035d1b@group-A42D657D65BB: ConfigurationManager, init=-1: [23fe3dad-a04c-4c09-8b28-891f29035d1b|rpc:10.1.0.4:44281|dataStream:|priority:0, 85b3ffbc-a464-405b-ab42-d4ee67435d88|rpc:10.1.0.4:34567|dataStream:|priority:0, 1f66905d-0d72-4cea-86d4-72815b371c35|rpc:10.1.0.4:42545|dataStream:|priority:1], old=null, confs=<EMPTY_MAP>
2022-02-20 11:36:31,522 [pool-683-thread-1] INFO  server.RaftServerConfigKeys (ConfUtils.java:logGet(44)) - raft.server.storage.dir = [/home/runner/work/ozone/ozone/hadoop-ozone/integration-test/target/test-dir/MiniOzoneClusterImpl-abb31ffe-caed-4032-89a4-e53f0d8a9600/datanode-2/data/ratis] (custom)
2022-02-20 11:36:31,522 [pool-683-thread-1] INFO  server.RaftServerConfigKeys (ConfUtils.java:logGet(44)) - raft.server.log.corruption.policy = EXCEPTION (default)
2022-02-20 11:36:31,522 [pool-683-thread-1] INFO  server.RaftServerConfigKeys (ConfUtils.java:logGet(44)) - raft.server.storage.free-space.min = 0MB (=0) (default)
2022-02-20 11:36:31,522 [pool-683-thread-1] INFO  storage.RaftStorageDirectory (RaftStorageDirectoryImpl.java:analyzeStorage(135)) - The storage directory /home/runner/work/ozone/ozone/hadoop-ozone/integration-test/target/test-dir/MiniOzoneClusterImpl-abb31ffe-caed-4032-89a4-e53f0d8a9600/datanode-2/data/ratis/f23259ec-8c19-4588-9900-a42d657d65bb does not exist. Creating ...
2022-02-20 11:36:31,523 [pool-683-thread-1] INFO  storage.RaftStorageDirectory (RaftStorageDirectoryImpl.java:tryLock(230)) - Lock on /home/runner/work/ozone/ozone/hadoop-ozone/integration-test/target/test-dir/MiniOzoneClusterImpl-abb31ffe-caed-4032-89a4-e53f0d8a9600/datanode-2/data/ratis/f23259ec-8c19-4588-9900-a42d657d65bb/in_use.lock acquired by nodename 9434@fv-az59-849
2022-02-20 11:36:31,524 [pool-683-thread-1] INFO  storage.RaftStorage (RaftStorageImpl.java:format(89)) - Storage directory /home/runner/work/ozone/ozone/hadoop-ozone/integration-test/target/test-dir/MiniOzoneClusterImpl-abb31ffe-caed-4032-89a4-e53f0d8a9600/datanode-2/data/ratis/f23259ec-8c19-4588-9900-a42d657d65bb has been successfully formatted.
2022-02-20 11:36:31,552 [pool-683-thread-1] INFO  ratis.ContainerStateMachine (ContainerStateMachine.java:loadSnapshot(236)) - group-A42D657D65BB: The snapshot info is null. Setting the last applied indexto:(t:0, i:~)
2022-02-20 11:36:31,552 [pool-683-thread-1] INFO  server.RaftServerConfigKeys (ConfUtils.java:logGet(44)) - raft.server.notification.no-leader.timeout = 300s (custom)
2022-02-20 11:36:31,552 [pool-683-thread-1] INFO  server.RaftServerConfigKeys (ConfUtils.java:logGet(44)) - raft.server.log.use.memory = false (default)
2022-02-20 11:36:31,552 [pool-683-thread-1] INFO  server.RaftServerConfigKeys (ConfUtils.java:logGet(44)) - raft.server.log.purge.gap = 1000000 (custom)
2022-02-20 11:36:31,552 [pool-683-thread-1] INFO  server.RaftServerConfigKeys (ConfUtils.java:logGet(44)) - raft.server.log.appender.buffer.byte-limit = 33554432 (custom)
2022-02-20 11:36:31,552 [pool-683-thread-1] INFO  server.RaftServerConfigKeys (ConfUtils.java:logGet(44)) - raft.server.log.segment.size.max = 1048576 (custom)
2022-02-20 11:36:31,553 [pool-683-thread-1] INFO  server.RaftServerConfigKeys (ConfUtils.java:logGet(44)) - raft.server.log.segment.cache.num.max = 2 (custom)
2022-02-20 11:36:31,553 [pool-683-thread-1] INFO  server.RaftServerConfigKeys (ConfUtils.java:logGet(44)) - raft.server.log.segment.cache.size.max = 200MB (=209715200) (default)
2022-02-20 11:36:31,553 [pool-683-thread-1] INFO  segmented.SegmentedRaftLogWorker (SegmentedRaftLogWorker.java:<init>(182)) - new 23fe3dad-a04c-4c09-8b28-891f29035d1b@group-A42D657D65BB-SegmentedRaftLogWorker for RaftStorageImpl:Storage Directory /home/runner/work/ozone/ozone/hadoop-ozone/integration-test/target/test-dir/MiniOzoneClusterImpl-abb31ffe-caed-4032-89a4-e53f0d8a9600/datanode-2/data/ratis/f23259ec-8c19-4588-9900-a42d657d65bb
2022-02-20 11:36:31,553 [pool-683-thread-1] INFO  server.RaftServerConfigKeys (ConfUtils.java:logGet(44)) - raft.server.log.queue.byte-limit = 4294967296 (custom)
2022-02-20 11:36:31,553 [pool-683-thread-1] INFO  server.RaftServerConfigKeys (ConfUtils.java:logGet(44)) - raft.server.log.queue.element-limit = 1024 (custom)
2022-02-20 11:36:31,553 [pool-683-thread-1] INFO  server.RaftServerConfigKeys (ConfUtils.java:logGet(44)) - raft.server.log.segment.size.max = 1048576 (custom)
2022-02-20 11:36:31,553 [pool-683-thread-1] INFO  server.RaftServerConfigKeys (ConfUtils.java:logGet(44)) - raft.server.log.preallocated.size = 16384 (custom)
2022-02-20 11:36:31,553 [pool-683-thread-1] INFO  server.RaftServerConfigKeys (ConfUtils.java:logGet(44)) - raft.server.log.force.sync.num = 128 (default)
2022-02-20 11:36:31,553 [pool-683-thread-1] INFO  server.RaftServerConfigKeys (ConfUtils.java:logGet(44)) - raft.server.log.statemachine.data.sync = true (default)
2022-02-20 11:36:31,553 [pool-683-thread-1] INFO  server.RaftServerConfigKeys (ConfUtils.java:logGet(44)) - raft.server.log.statemachine.data.sync.timeout = 10s (default)
2022-02-20 11:36:31,553 [pool-683-thread-1] INFO  server.RaftServerConfigKeys (ConfUtils.java:logGet(44)) - raft.server.log.statemachine.data.sync.timeout.retry = -1 (default)
2022-02-20 11:36:31,554 [pool-683-thread-1] INFO  server.RaftServerConfigKeys (ConfUtils.java:logGet(44)) - raft.server.log.write.buffer.size = 1048576 (custom)
2022-02-20 11:36:31,555 [pool-683-thread-1] INFO  server.RaftServerConfigKeys (ConfUtils.java:logGet(44)) - raft.server.log.statemachine.data.caching.enabled = true (custom)
2022-02-20 11:36:31,555 [pool-683-thread-1] INFO  segmented.SegmentedRaftLogWorker (SegmentedRaftLogWorker.java:lambda$new$0(133)) - 23fe3dad-a04c-4c09-8b28-891f29035d1b@group-A42D657D65BB-SegmentedRaftLogWorker: flushIndex: setUnconditionally 0 -> -1
2022-02-20 11:36:31,555 [pool-683-thread-1] INFO  segmented.SegmentedRaftLogWorker (SegmentedRaftLogWorker.java:lambda$new$0(133)) - 23fe3dad-a04c-4c09-8b28-891f29035d1b@group-A42D657D65BB-SegmentedRaftLogWorker: safeCacheEvictIndex: setUnconditionally 0 -> -1
2022-02-20 11:36:31,566 [pool-683-thread-1] INFO  server.RaftServerConfigKeys (ConfUtils.java:logGet(44)) - raft.server.snapshot.auto.trigger.enabled = true (custom)
2022-02-20 11:36:31,566 [pool-683-thread-1] INFO  server.RaftServerConfigKeys (ConfUtils.java:logGet(44)) - raft.server.snapshot.auto.trigger.threshold = 10000 (custom)
2022-02-20 11:36:31,566 [pool-683-thread-1] INFO  server.RaftServerConfigKeys (ConfUtils.java:logGet(44)) - raft.server.snapshot.retention.file.num = 5 (custom)
2022-02-20 11:36:31,566 [pool-683-thread-1] INFO  server.RaftServerConfigKeys (ConfUtils.java:logGet(44)) - raft.server.log.purge.upto.snapshot.index = false (default)
2022-02-20 11:36:31,567 [pool-683-thread-1] INFO  server.RaftServerConfigKeys (ConfUtils.java:logGet(44)) - raft.server.retrycache.expirytime = 600000ms (custom)
2022-02-20 11:36:31,567 [pool-683-thread-1] INFO  server.RaftServerConfigKeys (ConfUtils.java:logGet(44)) - raft.server.retrycache.statistics.expirytime = 100μs (default)
2022-02-20 11:36:31,568 [pool-683-thread-1] INFO  server.RaftServer$Division (RaftServerImpl.java:start(301)) - 23fe3dad-a04c-4c09-8b28-891f29035d1b@group-A42D657D65BB: start as a follower, conf=-1: [23fe3dad-a04c-4c09-8b28-891f29035d1b|rpc:10.1.0.4:44281|dataStream:|priority:0, 85b3ffbc-a464-405b-ab42-d4ee67435d88|rpc:10.1.0.4:34567|dataStream:|priority:0, 1f66905d-0d72-4cea-86d4-72815b371c35|rpc:10.1.0.4:42545|dataStream:|priority:1], old=null
2022-02-20 11:36:31,568 [pool-683-thread-1] INFO  server.RaftServer$Division (RaftServerImpl.java:setRole(290)) - 23fe3dad-a04c-4c09-8b28-891f29035d1b@group-A42D657D65BB: changes role from      null to FOLLOWER at term 0 for startAsFollower
2022-02-20 11:36:31,568 [pool-683-thread-1] INFO  impl.RoleInfo (RoleInfo.java:updateAndGet(130)) - 23fe3dad-a04c-4c09-8b28-891f29035d1b: start 23fe3dad-a04c-4c09-8b28-891f29035d1b@group-A42D657D65BB-FollowerState
2022-02-20 11:36:31,571 [pool-683-thread-1] INFO  util.JmxRegister (JmxRegister.java:tryRegister(44)) - Successfully registered JMX Bean with object name Ratis:service=RaftServer,group=group-A42D657D65BB,id=23fe3dad-a04c-4c09-8b28-891f29035d1b
2022-02-20 11:36:31,661 [grpc-default-executor-6] INFO  server.RaftServer (RaftServerProxy.java:addNew(95)) - 1f66905d-0d72-4cea-86d4-72815b371c35: addNew group-A42D657D65BB:[23fe3dad-a04c-4c09-8b28-891f29035d1b|rpc:10.1.0.4:44281|dataStream:|priority:0, 85b3ffbc-a464-405b-ab42-d4ee67435d88|rpc:10.1.0.4:34567|dataStream:|priority:0, 1f66905d-0d72-4cea-86d4-72815b371c35|rpc:10.1.0.4:42545|dataStream:|priority:1] returns group-A42D657D65BB:java.util.concurrent.CompletableFuture@742a2128[Not completed]
2022-02-20 11:36:31,680 [pool-662-thread-1] INFO  server.RaftServer$Division (RaftServerImpl.java:<init>(184)) - 1f66905d-0d72-4cea-86d4-72815b371c35: new RaftServerImpl for group-A42D657D65BB:[23fe3dad-a04c-4c09-8b28-891f29035d1b|rpc:10.1.0.4:44281|dataStream:|priority:0, 85b3ffbc-a464-405b-ab42-d4ee67435d88|rpc:10.1.0.4:34567|dataStream:|priority:0, 1f66905d-0d72-4cea-86d4-72815b371c35|rpc:10.1.0.4:42545|dataStream:|priority:1] with ContainerStateMachine:uninitialized
2022-02-20 11:36:31,689 [pool-662-thread-1] INFO  server.RaftServerConfigKeys (ConfUtils.java:logGet(44)) - raft.server.rpc.timeout.min = 5s (custom)
2022-02-20 11:36:31,697 [pool-662-thread-1] INFO  server.RaftServerConfigKeys (ConfUtils.java:logGet(44)) - raft.server.rpc.timeout.max = 5200ms (custom)
2022-02-20 11:36:31,697 [pool-662-thread-1] INFO  server.RaftServerConfigKeys (ConfUtils.java:logGet(44)) - raft.server.rpc.sleep.time = 25ms (default)
2022-02-20 11:36:31,697 [pool-662-thread-1] INFO  server.RaftServerConfigKeys (ConfUtils.java:logGet(44)) - raft.server.rpc.slowness.timeout = 300s (custom)
2022-02-20 11:36:31,697 [pool-662-thread-1] INFO  server.RaftServerConfigKeys (ConfUtils.java:logGet(44)) - raft.server.leaderelection.leader.step-down.wait-time = 10s (default)
2022-02-20 11:36:31,697 [pool-662-thread-1] INFO  server.RaftServerConfigKeys (ConfUtils.java:logGet(44)) - raft.server.sleep.deviation.threshold = 300ms (default)
2022-02-20 11:36:31,697 [pool-662-thread-1] INFO  server.RaftServerConfigKeys (ConfUtils.java:logGet(44)) - raft.server.log.appender.install.snapshot.enabled = false (custom)
2022-02-20 11:36:31,697 [pool-662-thread-1] INFO  server.RaftServer$Division (ServerState.java:<init>(105)) - 1f66905d-0d72-4cea-86d4-72815b371c35@group-A42D657D65BB: ConfigurationManager, init=-1: [23fe3dad-a04c-4c09-8b28-891f29035d1b|rpc:10.1.0.4:44281|dataStream:|priority:0, 85b3ffbc-a464-405b-ab42-d4ee67435d88|rpc:10.1.0.4:34567|dataStream:|priority:0, 1f66905d-0d72-4cea-86d4-72815b371c35|rpc:10.1.0.4:42545|dataStream:|priority:1], old=null, confs=<EMPTY_MAP>
2022-02-20 11:36:31,697 [pool-662-thread-1] INFO  server.RaftServerConfigKeys (ConfUtils.java:logGet(44)) - raft.server.storage.dir = [/home/runner/work/ozone/ozone/hadoop-ozone/integration-test/target/test-dir/MiniOzoneClusterImpl-abb31ffe-caed-4032-89a4-e53f0d8a9600/datanode-1/data/ratis] (custom)
2022-02-20 11:36:31,697 [pool-662-thread-1] INFO  server.RaftServerConfigKeys (ConfUtils.java:logGet(44)) - raft.server.log.corruption.policy = EXCEPTION (default)
2022-02-20 11:36:31,697 [pool-662-thread-1] INFO  server.RaftServerConfigKeys (ConfUtils.java:logGet(44)) - raft.server.storage.free-space.min = 0MB (=0) (default)
2022-02-20 11:36:31,697 [pool-662-thread-1] INFO  storage.RaftStorageDirectory (RaftStorageDirectoryImpl.java:analyzeStorage(135)) - The storage directory /home/runner/work/ozone/ozone/hadoop-ozone/integration-test/target/test-dir/MiniOzoneClusterImpl-abb31ffe-caed-4032-89a4-e53f0d8a9600/datanode-1/data/ratis/f23259ec-8c19-4588-9900-a42d657d65bb does not exist. Creating ...
2022-02-20 11:36:31,703 [pool-662-thread-1] INFO  storage.RaftStorageDirectory (RaftStorageDirectoryImpl.java:tryLock(230)) - Lock on /home/runner/work/ozone/ozone/hadoop-ozone/integration-test/target/test-dir/MiniOzoneClusterImpl-abb31ffe-caed-4032-89a4-e53f0d8a9600/datanode-1/data/ratis/f23259ec-8c19-4588-9900-a42d657d65bb/in_use.lock acquired by nodename 9434@fv-az59-849
2022-02-20 11:36:31,705 [pool-662-thread-1] INFO  storage.RaftStorage (RaftStorageImpl.java:format(89)) - Storage directory /home/runner/work/ozone/ozone/hadoop-ozone/integration-test/target/test-dir/MiniOzoneClusterImpl-abb31ffe-caed-4032-89a4-e53f0d8a9600/datanode-1/data/ratis/f23259ec-8c19-4588-9900-a42d657d65bb has been successfully formatted.
2022-02-20 11:36:31,712 [pool-662-thread-1] INFO  ratis.ContainerStateMachine (ContainerStateMachine.java:loadSnapshot(236)) - group-A42D657D65BB: The snapshot info is null. Setting the last applied indexto:(t:0, i:~)
2022-02-20 11:36:31,713 [pool-662-thread-1] INFO  server.RaftServerConfigKeys (ConfUtils.java:logGet(44)) - raft.server.notification.no-leader.timeout = 300s (custom)
2022-02-20 11:36:31,713 [pool-662-thread-1] INFO  server.RaftServerConfigKeys (ConfUtils.java:logGet(44)) - raft.server.log.use.memory = false (default)
2022-02-20 11:36:31,713 [pool-662-thread-1] INFO  server.RaftServerConfigKeys (ConfUtils.java:logGet(44)) - raft.server.log.purge.gap = 1000000 (custom)
2022-02-20 11:36:31,713 [pool-662-thread-1] INFO  server.RaftServerConfigKeys (ConfUtils.java:logGet(44)) - raft.server.log.appender.buffer.byte-limit = 33554432 (custom)
2022-02-20 11:36:31,713 [pool-662-thread-1] INFO  server.RaftServerConfigKeys (ConfUtils.java:logGet(44)) - raft.server.log.segment.size.max = 1048576 (custom)
2022-02-20 11:36:31,713 [pool-662-thread-1] INFO  server.RaftServerConfigKeys (ConfUtils.java:logGet(44)) - raft.server.log.segment.cache.num.max = 2 (custom)
2022-02-20 11:36:31,713 [pool-662-thread-1] INFO  server.RaftServerConfigKeys (ConfUtils.java:logGet(44)) - raft.server.log.segment.cache.size.max = 200MB (=209715200) (default)
2022-02-20 11:36:31,713 [pool-662-thread-1] INFO  segmented.SegmentedRaftLogWorker (SegmentedRaftLogWorker.java:<init>(182)) - new 1f66905d-0d72-4cea-86d4-72815b371c35@group-A42D657D65BB-SegmentedRaftLogWorker for RaftStorageImpl:Storage Directory /home/runner/work/ozone/ozone/hadoop-ozone/integration-test/target/test-dir/MiniOzoneClusterImpl-abb31ffe-caed-4032-89a4-e53f0d8a9600/datanode-1/data/ratis/f23259ec-8c19-4588-9900-a42d657d65bb
2022-02-20 11:36:31,713 [pool-662-thread-1] INFO  server.RaftServerConfigKeys (ConfUtils.java:logGet(44)) - raft.server.log.queue.byte-limit = 4294967296 (custom)
2022-02-20 11:36:31,713 [pool-662-thread-1] INFO  server.RaftServerConfigKeys (ConfUtils.java:logGet(44)) - raft.server.log.queue.element-limit = 1024 (custom)
2022-02-20 11:36:31,713 [pool-662-thread-1] INFO  server.RaftServerConfigKeys (ConfUtils.java:logGet(44)) - raft.server.log.segment.size.max = 1048576 (custom)
2022-02-20 11:36:31,713 [pool-662-thread-1] INFO  server.RaftServerConfigKeys (ConfUtils.java:logGet(44)) - raft.server.log.preallocated.size = 16384 (custom)
2022-02-20 11:36:31,713 [pool-662-thread-1] INFO  server.RaftServerConfigKeys (ConfUtils.java:logGet(44)) - raft.server.log.force.sync.num = 128 (default)
2022-02-20 11:36:31,714 [pool-662-thread-1] INFO  server.RaftServerConfigKeys (ConfUtils.java:logGet(44)) - raft.server.log.statemachine.data.sync = true (default)
2022-02-20 11:36:31,714 [pool-662-thread-1] INFO  server.RaftServerConfigKeys (ConfUtils.java:logGet(44)) - raft.server.log.statemachine.data.sync.timeout = 10s (default)
2022-02-20 11:36:31,714 [pool-662-thread-1] INFO  server.RaftServerConfigKeys (ConfUtils.java:logGet(44)) - raft.server.log.statemachine.data.sync.timeout.retry = -1 (default)
2022-02-20 11:36:31,714 [pool-662-thread-1] INFO  server.RaftServerConfigKeys (ConfUtils.java:logGet(44)) - raft.server.log.write.buffer.size = 1048576 (custom)
2022-02-20 11:36:31,715 [pool-662-thread-1] INFO  server.RaftServerConfigKeys (ConfUtils.java:logGet(44)) - raft.server.log.statemachine.data.caching.enabled = true (custom)
2022-02-20 11:36:31,715 [pool-662-thread-1] INFO  segmented.SegmentedRaftLogWorker (SegmentedRaftLogWorker.java:lambda$new$0(133)) - 1f66905d-0d72-4cea-86d4-72815b371c35@group-A42D657D65BB-SegmentedRaftLogWorker: flushIndex: setUnconditionally 0 -> -1
2022-02-20 11:36:31,715 [pool-662-thread-1] INFO  segmented.SegmentedRaftLogWorker (SegmentedRaftLogWorker.java:lambda$new$0(133)) - 1f66905d-0d72-4cea-86d4-72815b371c35@group-A42D657D65BB-SegmentedRaftLogWorker: safeCacheEvictIndex: setUnconditionally 0 -> -1
2022-02-20 11:36:31,726 [pool-662-thread-1] INFO  server.RaftServerConfigKeys (ConfUtils.java:logGet(44)) - raft.server.snapshot.auto.trigger.enabled = true (custom)
2022-02-20 11:36:31,726 [pool-662-thread-1] INFO  server.RaftServerConfigKeys (ConfUtils.java:logGet(44)) - raft.server.snapshot.auto.trigger.threshold = 10000 (custom)
2022-02-20 11:36:31,726 [pool-662-thread-1] INFO  server.RaftServerConfigKeys (ConfUtils.java:logGet(44)) - raft.server.snapshot.retention.file.num = 5 (custom)
2022-02-20 11:36:31,726 [pool-662-thread-1] INFO  server.RaftServerConfigKeys (ConfUtils.java:logGet(44)) - raft.server.log.purge.upto.snapshot.index = false (default)
2022-02-20 11:36:31,726 [pool-662-thread-1] INFO  server.RaftServerConfigKeys (ConfUtils.java:logGet(44)) - raft.server.retrycache.expirytime = 600000ms (custom)
2022-02-20 11:36:31,726 [pool-662-thread-1] INFO  server.RaftServerConfigKeys (ConfUtils.java:logGet(44)) - raft.server.retrycache.statistics.expirytime = 100μs (default)
2022-02-20 11:36:31,726 [Command processor thread] INFO  server.RaftServer (RaftServerProxy.java:addNew(95)) - 1f66905d-0d72-4cea-86d4-72815b371c35: addNew group-FA389181A26C:[1f66905d-0d72-4cea-86d4-72815b371c35|rpc:10.1.0.4:42545|priority:1] returns group-FA389181A26C:java.util.concurrent.CompletableFuture@166c2fd7[Not completed]
2022-02-20 11:36:31,728 [pool-662-thread-1] INFO  server.RaftServer$Division (RaftServerImpl.java:<init>(184)) - 1f66905d-0d72-4cea-86d4-72815b371c35: new RaftServerImpl for group-FA389181A26C:[1f66905d-0d72-4cea-86d4-72815b371c35|rpc:10.1.0.4:42545|priority:1] with ContainerStateMachine:uninitialized
2022-02-20 11:36:31,728 [pool-662-thread-1] INFO  server.RaftServerConfigKeys (ConfUtils.java:logGet(44)) - raft.server.rpc.timeout.min = 5s (custom)
2022-02-20 11:36:31,728 [pool-662-thread-1] INFO  server.RaftServerConfigKeys (ConfUtils.java:logGet(44)) - raft.server.rpc.timeout.max = 5200ms (custom)
2022-02-20 11:36:31,728 [pool-662-thread-1] INFO  server.RaftServerConfigKeys (ConfUtils.java:logGet(44)) - raft.server.rpc.sleep.time = 25ms (default)
2022-02-20 11:36:31,728 [pool-662-thread-1] INFO  server.RaftServerConfigKeys (ConfUtils.java:logGet(44)) - raft.server.rpc.slowness.timeout = 300s (custom)
2022-02-20 11:36:31,728 [pool-662-thread-1] INFO  server.RaftServerConfigKeys (ConfUtils.java:logGet(44)) - raft.server.leaderelection.leader.step-down.wait-time = 10s (default)
2022-02-20 11:36:31,728 [pool-662-thread-1] INFO  server.RaftServerConfigKeys (ConfUtils.java:logGet(44)) - raft.server.sleep.deviation.threshold = 300ms (default)
2022-02-20 11:36:31,728 [pool-662-thread-1] INFO  server.RaftServerConfigKeys (ConfUtils.java:logGet(44)) - raft.server.log.appender.install.snapshot.enabled = false (custom)
2022-02-20 11:36:31,728 [pool-662-thread-1] INFO  server.RaftServer$Division (ServerState.java:<init>(105)) - 1f66905d-0d72-4cea-86d4-72815b371c35@group-FA389181A26C: ConfigurationManager, init=-1: [1f66905d-0d72-4cea-86d4-72815b371c35|rpc:10.1.0.4:42545|priority:1], old=null, confs=<EMPTY_MAP>
2022-02-20 11:36:31,728 [pool-662-thread-1] INFO  server.RaftServerConfigKeys (ConfUtils.java:logGet(44)) - raft.server.storage.dir = [/home/runner/work/ozone/ozone/hadoop-ozone/integration-test/target/test-dir/MiniOzoneClusterImpl-abb31ffe-caed-4032-89a4-e53f0d8a9600/datanode-1/data/ratis] (custom)
2022-02-20 11:36:31,728 [pool-662-thread-1] INFO  server.RaftServerConfigKeys (ConfUtils.java:logGet(44)) - raft.server.log.corruption.policy = EXCEPTION (default)
2022-02-20 11:36:31,728 [pool-662-thread-1] INFO  server.RaftServerConfigKeys (ConfUtils.java:logGet(44)) - raft.server.storage.free-space.min = 0MB (=0) (default)
2022-02-20 11:36:31,728 [pool-662-thread-1] INFO  storage.RaftStorageDirectory (RaftStorageDirectoryImpl.java:analyzeStorage(135)) - The storage directory /home/runner/work/ozone/ozone/hadoop-ozone/integration-test/target/test-dir/MiniOzoneClusterImpl-abb31ffe-caed-4032-89a4-e53f0d8a9600/datanode-1/data/ratis/ce0ce395-900d-4f05-abf7-fa389181a26c does not exist. Creating ...
2022-02-20 11:36:31,742 [pool-662-thread-1] INFO  storage.RaftStorageDirectory (RaftStorageDirectoryImpl.java:tryLock(230)) - Lock on /home/runner/work/ozone/ozone/hadoop-ozone/integration-test/target/test-dir/MiniOzoneClusterImpl-abb31ffe-caed-4032-89a4-e53f0d8a9600/datanode-1/data/ratis/ce0ce395-900d-4f05-abf7-fa389181a26c/in_use.lock acquired by nodename 9434@fv-az59-849
2022-02-20 11:36:31,750 [pool-662-thread-1] INFO  storage.RaftStorage (RaftStorageImpl.java:format(89)) - Storage directory /home/runner/work/ozone/ozone/hadoop-ozone/integration-test/target/test-dir/MiniOzoneClusterImpl-abb31ffe-caed-4032-89a4-e53f0d8a9600/datanode-1/data/ratis/ce0ce395-900d-4f05-abf7-fa389181a26c has been successfully formatted.
2022-02-20 11:36:31,750 [pool-662-thread-1] INFO  ratis.ContainerStateMachine (ContainerStateMachine.java:loadSnapshot(236)) - group-FA389181A26C: The snapshot info is null. Setting the last applied indexto:(t:0, i:~)
2022-02-20 11:36:31,751 [EventQueue-PipelineReportForPipelineReportHandler] INFO  pipeline.PipelineManagerImpl (PipelineManagerImpl.java:openPipeline(291)) - Pipeline Pipeline[ Id: ce0ce395-900d-4f05-abf7-fa389181a26c, Nodes: 1f66905d-0d72-4cea-86d4-72815b371c35{ip: 10.1.0.4, host: fv-az59-849.csjynl4pkq3e1pkirw3ssqjfoh.cx.internal.cloudapp.net, ports: [REPLICATION=36079, RATIS=42545, RATIS_ADMIN=42545, RATIS_SERVER=42545, STANDALONE=44127], networkLocation: /default-rack, certSerialId: null, persistedOpState: IN_SERVICE, persistedOpStateExpiryEpochSec: 0}, ReplicationConfig: RATIS/ONE, State:ALLOCATED, leaderId:1f66905d-0d72-4cea-86d4-72815b371c35, CreationTimestamp2022-02-20T11:36:28.743Z[Etc/UTC]] moved to OPEN state
2022-02-20 11:36:31,752 [7c3d7c22-ea0f-4f16-8203-6756703758f3@group-E53F0D8A9600-StateMachineUpdater] INFO  safemode.HealthyPipelineSafeModeRule (HealthyPipelineSafeModeRule.java:initializeRule(152)) - Refreshed total pipeline count is 0, healthy pipeline threshold count is 1
2022-02-20 11:36:31,752 [EventQueue-OpenPipelineForHealthyPipelineSafeModeRule] INFO  safemode.SCMSafeModeManager (HealthyPipelineSafeModeRule.java:process(124)) - SCM in safe mode. Healthy pipelines reported count is 0, required healthy pipeline reported count is 1
2022-02-20 11:36:31,752 [pool-662-thread-1] INFO  server.RaftServerConfigKeys (ConfUtils.java:logGet(44)) - raft.server.notification.no-leader.timeout = 300s (custom)
2022-02-20 11:36:31,752 [pool-662-thread-1] INFO  server.RaftServerConfigKeys (ConfUtils.java:logGet(44)) - raft.server.log.use.memory = false (default)
2022-02-20 11:36:31,752 [pool-662-thread-1] INFO  server.RaftServerConfigKeys (ConfUtils.java:logGet(44)) - raft.server.log.purge.gap = 1000000 (custom)
2022-02-20 11:36:31,752 [pool-662-thread-1] INFO  server.RaftServerConfigKeys (ConfUtils.java:logGet(44)) - raft.server.log.appender.buffer.byte-limit = 33554432 (custom)
2022-02-20 11:36:31,764 [pool-662-thread-1] INFO  server.RaftServerConfigKeys (ConfUtils.java:logGet(44)) - raft.server.log.segment.size.max = 1048576 (custom)
2022-02-20 11:36:31,764 [pool-662-thread-1] INFO  server.RaftServerConfigKeys (ConfUtils.java:logGet(44)) - raft.server.log.segment.cache.num.max = 2 (custom)
2022-02-20 11:36:31,764 [pool-662-thread-1] INFO  server.RaftServerConfigKeys (ConfUtils.java:logGet(44)) - raft.server.log.segment.cache.size.max = 200MB (=209715200) (default)
2022-02-20 11:36:31,764 [pool-662-thread-1] INFO  segmented.SegmentedRaftLogWorker (SegmentedRaftLogWorker.java:<init>(182)) - new 1f66905d-0d72-4cea-86d4-72815b371c35@group-FA389181A26C-SegmentedRaftLogWorker for RaftStorageImpl:Storage Directory /home/runner/work/ozone/ozone/hadoop-ozone/integration-test/target/test-dir/MiniOzoneClusterImpl-abb31ffe-caed-4032-89a4-e53f0d8a9600/datanode-1/data/ratis/ce0ce395-900d-4f05-abf7-fa389181a26c
2022-02-20 11:36:31,764 [pool-662-thread-1] INFO  server.RaftServerConfigKeys (ConfUtils.java:logGet(44)) - raft.server.log.queue.byte-limit = 4294967296 (custom)
2022-02-20 11:36:31,764 [pool-662-thread-1] INFO  server.RaftServerConfigKeys (ConfUtils.java:logGet(44)) - raft.server.log.queue.element-limit = 1024 (custom)
2022-02-20 11:36:31,764 [pool-662-thread-1] INFO  server.RaftServerConfigKeys (ConfUtils.java:logGet(44)) - raft.server.log.segment.size.max = 1048576 (custom)
2022-02-20 11:36:31,764 [pool-662-thread-1] INFO  server.RaftServerConfigKeys (ConfUtils.java:logGet(44)) - raft.server.log.preallocated.size = 16384 (custom)
2022-02-20 11:36:31,764 [pool-662-thread-1] INFO  server.RaftServerConfigKeys (ConfUtils.java:logGet(44)) - raft.server.log.force.sync.num = 128 (default)
2022-02-20 11:36:31,764 [pool-662-thread-1] INFO  server.RaftServerConfigKeys (ConfUtils.java:logGet(44)) - raft.server.log.statemachine.data.sync = true (default)
2022-02-20 11:36:31,764 [pool-662-thread-1] INFO  server.RaftServerConfigKeys (ConfUtils.java:logGet(44)) - raft.server.log.statemachine.data.sync.timeout = 10s (default)
2022-02-20 11:36:31,764 [pool-662-thread-1] INFO  server.RaftServerConfigKeys (ConfUtils.java:logGet(44)) - raft.server.log.statemachine.data.sync.timeout.retry = -1 (default)
2022-02-20 11:36:31,765 [pool-662-thread-1] INFO  server.RaftServerConfigKeys (ConfUtils.java:logGet(44)) - raft.server.log.write.buffer.size = 1048576 (custom)
2022-02-20 11:36:31,770 [pool-662-thread-1] INFO  server.RaftServerConfigKeys (ConfUtils.java:logGet(44)) - raft.server.log.statemachine.data.caching.enabled = true (custom)
2022-02-20 11:36:31,774 [pool-662-thread-1] INFO  segmented.SegmentedRaftLogWorker (SegmentedRaftLogWorker.java:lambda$new$0(133)) - 1f66905d-0d72-4cea-86d4-72815b371c35@group-FA389181A26C-SegmentedRaftLogWorker: flushIndex: setUnconditionally 0 -> -1
2022-02-20 11:36:31,774 [pool-662-thread-1] INFO  segmented.SegmentedRaftLogWorker (SegmentedRaftLogWorker.java:lambda$new$0(133)) - 1f66905d-0d72-4cea-86d4-72815b371c35@group-FA389181A26C-SegmentedRaftLogWorker: safeCacheEvictIndex: setUnconditionally 0 -> -1
2022-02-20 11:36:31,786 [pool-662-thread-1] INFO  server.RaftServerConfigKeys (ConfUtils.java:logGet(44)) - raft.server.snapshot.auto.trigger.enabled = true (custom)
2022-02-20 11:36:31,787 [pool-662-thread-1] INFO  server.RaftServerConfigKeys (ConfUtils.java:logGet(44)) - raft.server.snapshot.auto.trigger.threshold = 10000 (custom)
2022-02-20 11:36:31,787 [pool-662-thread-1] INFO  server.RaftServerConfigKeys (ConfUtils.java:logGet(44)) - raft.server.snapshot.retention.file.num = 5 (custom)
2022-02-20 11:36:31,788 [pool-662-thread-1] INFO  server.RaftServerConfigKeys (ConfUtils.java:logGet(44)) - raft.server.log.purge.upto.snapshot.index = false (default)
2022-02-20 11:36:31,788 [pool-662-thread-1] INFO  server.RaftServerConfigKeys (ConfUtils.java:logGet(44)) - raft.server.retrycache.expirytime = 600000ms (custom)
2022-02-20 11:36:31,788 [pool-662-thread-1] INFO  server.RaftServerConfigKeys (ConfUtils.java:logGet(44)) - raft.server.retrycache.statistics.expirytime = 100μs (default)
2022-02-20 11:36:31,789 [pool-662-thread-1] INFO  server.RaftServer$Division (RaftServerImpl.java:start(301)) - 1f66905d-0d72-4cea-86d4-72815b371c35@group-A42D657D65BB: start as a follower, conf=-1: [23fe3dad-a04c-4c09-8b28-891f29035d1b|rpc:10.1.0.4:44281|dataStream:|priority:0, 85b3ffbc-a464-405b-ab42-d4ee67435d88|rpc:10.1.0.4:34567|dataStream:|priority:0, 1f66905d-0d72-4cea-86d4-72815b371c35|rpc:10.1.0.4:42545|dataStream:|priority:1], old=null
2022-02-20 11:36:31,789 [pool-662-thread-1] INFO  server.RaftServer$Division (RaftServerImpl.java:setRole(290)) - 1f66905d-0d72-4cea-86d4-72815b371c35@group-A42D657D65BB: changes role from      null to FOLLOWER at term 0 for startAsFollower
2022-02-20 11:36:31,789 [pool-662-thread-1] INFO  impl.RoleInfo (RoleInfo.java:updateAndGet(130)) - 1f66905d-0d72-4cea-86d4-72815b371c35: start 1f66905d-0d72-4cea-86d4-72815b371c35@group-A42D657D65BB-FollowerState
2022-02-20 11:36:31,789 [pool-662-thread-1] INFO  util.JmxRegister (JmxRegister.java:tryRegister(44)) - Successfully registered JMX Bean with object name Ratis:service=RaftServer,group=group-A42D657D65BB,id=1f66905d-0d72-4cea-86d4-72815b371c35
2022-02-20 11:36:31,793 [pool-662-thread-1] INFO  server.RaftServer$Division (RaftServerImpl.java:start(301)) - 1f66905d-0d72-4cea-86d4-72815b371c35@group-FA389181A26C: start as a follower, conf=-1: [1f66905d-0d72-4cea-86d4-72815b371c35|rpc:10.1.0.4:42545|priority:1], old=null
2022-02-20 11:36:31,793 [pool-662-thread-1] INFO  server.RaftServer$Division (RaftServerImpl.java:setRole(290)) - 1f66905d-0d72-4cea-86d4-72815b371c35@group-FA389181A26C: changes role from      null to FOLLOWER at term 0 for startAsFollower
2022-02-20 11:36:31,793 [pool-662-thread-1] INFO  impl.RoleInfo (RoleInfo.java:updateAndGet(130)) - 1f66905d-0d72-4cea-86d4-72815b371c35: start 1f66905d-0d72-4cea-86d4-72815b371c35@group-FA389181A26C-FollowerState
2022-02-20 11:36:31,794 [pool-662-thread-1] INFO  util.JmxRegister (JmxRegister.java:tryRegister(44)) - Successfully registered JMX Bean with object name Ratis:service=RaftServer,group=group-FA389181A26C,id=1f66905d-0d72-4cea-86d4-72815b371c35
2022-02-20 11:36:31,823 [Command processor thread] INFO  commandhandler.CreatePipelineCommandHandler (CreatePipelineCommandHandler.java:handle(106)) - Created Pipeline RATIS THREE PipelineID=f23259ec-8c19-4588-9900-a42d657d65bb.
2022-02-20 11:36:31,823 [Command processor thread] INFO  server.RaftServer (RaftServerProxy.java:addNew(95)) - 85b3ffbc-a464-405b-ab42-d4ee67435d88: addNew group-53290EC893CB:[85b3ffbc-a464-405b-ab42-d4ee67435d88|rpc:10.1.0.4:34567|priority:1, 23fe3dad-a04c-4c09-8b28-891f29035d1b|rpc:10.1.0.4:44281|priority:0, 1f66905d-0d72-4cea-86d4-72815b371c35|rpc:10.1.0.4:42545|priority:0] returns group-53290EC893CB:java.util.concurrent.CompletableFuture@718a30e5[Not completed]
2022-02-20 11:36:31,823 [pool-641-thread-1] INFO  server.RaftServer$Division (RaftServerImpl.java:<init>(184)) - 85b3ffbc-a464-405b-ab42-d4ee67435d88: new RaftServerImpl for group-53290EC893CB:[85b3ffbc-a464-405b-ab42-d4ee67435d88|rpc:10.1.0.4:34567|priority:1, 23fe3dad-a04c-4c09-8b28-891f29035d1b|rpc:10.1.0.4:44281|priority:0, 1f66905d-0d72-4cea-86d4-72815b371c35|rpc:10.1.0.4:42545|priority:0] with ContainerStateMachine:uninitialized
2022-02-20 11:36:31,824 [pool-641-thread-1] INFO  server.RaftServerConfigKeys (ConfUtils.java:logGet(44)) - raft.server.rpc.timeout.min = 5s (custom)
2022-02-20 11:36:31,824 [pool-641-thread-1] INFO  server.RaftServerConfigKeys (ConfUtils.java:logGet(44)) - raft.server.rpc.timeout.max = 5200ms (custom)
2022-02-20 11:36:31,824 [pool-641-thread-1] INFO  server.RaftServerConfigKeys (ConfUtils.java:logGet(44)) - raft.server.rpc.sleep.time = 25ms (default)
2022-02-20 11:36:31,824 [pool-641-thread-1] INFO  server.RaftServerConfigKeys (ConfUtils.java:logGet(44)) - raft.server.rpc.slowness.timeout = 300s (custom)
2022-02-20 11:36:31,824 [pool-641-thread-1] INFO  server.RaftServerConfigKeys (ConfUtils.java:logGet(44)) - raft.server.leaderelection.leader.step-down.wait-time = 10s (default)
2022-02-20 11:36:31,824 [pool-641-thread-1] INFO  server.RaftServerConfigKeys (ConfUtils.java:logGet(44)) - raft.server.sleep.deviation.threshold = 300ms (default)
2022-02-20 11:36:31,824 [pool-641-thread-1] INFO  server.RaftServerConfigKeys (ConfUtils.java:logGet(44)) - raft.server.log.appender.install.snapshot.enabled = false (custom)
2022-02-20 11:36:31,824 [pool-641-thread-1] INFO  server.RaftServer$Division (ServerState.java:<init>(105)) - 85b3ffbc-a464-405b-ab42-d4ee67435d88@group-53290EC893CB: ConfigurationManager, init=-1: [85b3ffbc-a464-405b-ab42-d4ee67435d88|rpc:10.1.0.4:34567|priority:1, 23fe3dad-a04c-4c09-8b28-891f29035d1b|rpc:10.1.0.4:44281|priority:0, 1f66905d-0d72-4cea-86d4-72815b371c35|rpc:10.1.0.4:42545|priority:0], old=null, confs=<EMPTY_MAP>
2022-02-20 11:36:31,824 [pool-641-thread-1] INFO  server.RaftServerConfigKeys (ConfUtils.java:logGet(44)) - raft.server.storage.dir = [/home/runner/work/ozone/ozone/hadoop-ozone/integration-test/target/test-dir/MiniOzoneClusterImpl-abb31ffe-caed-4032-89a4-e53f0d8a9600/datanode-0/data/ratis] (custom)
2022-02-20 11:36:31,824 [pool-641-thread-1] INFO  server.RaftServerConfigKeys (ConfUtils.java:logGet(44)) - raft.server.log.corruption.policy = EXCEPTION (default)
2022-02-20 11:36:31,824 [pool-641-thread-1] INFO  server.RaftServerConfigKeys (ConfUtils.java:logGet(44)) - raft.server.storage.free-space.min = 0MB (=0) (default)
2022-02-20 11:36:31,824 [pool-641-thread-1] INFO  storage.RaftStorageDirectory (RaftStorageDirectoryImpl.java:analyzeStorage(135)) - The storage directory /home/runner/work/ozone/ozone/hadoop-ozone/integration-test/target/test-dir/MiniOzoneClusterImpl-abb31ffe-caed-4032-89a4-e53f0d8a9600/datanode-0/data/ratis/1c4d3833-3eb2-473a-b6e5-53290ec893cb does not exist. Creating ...
2022-02-20 11:36:31,826 [pool-641-thread-1] INFO  storage.RaftStorageDirectory (RaftStorageDirectoryImpl.java:tryLock(230)) - Lock on /home/runner/work/ozone/ozone/hadoop-ozone/integration-test/target/test-dir/MiniOzoneClusterImpl-abb31ffe-caed-4032-89a4-e53f0d8a9600/datanode-0/data/ratis/1c4d3833-3eb2-473a-b6e5-53290ec893cb/in_use.lock acquired by nodename 9434@fv-az59-849
2022-02-20 11:36:31,827 [pool-641-thread-1] INFO  storage.RaftStorage (RaftStorageImpl.java:format(89)) - Storage directory /home/runner/work/ozone/ozone/hadoop-ozone/integration-test/target/test-dir/MiniOzoneClusterImpl-abb31ffe-caed-4032-89a4-e53f0d8a9600/datanode-0/data/ratis/1c4d3833-3eb2-473a-b6e5-53290ec893cb has been successfully formatted.
2022-02-20 11:36:31,827 [pool-641-thread-1] INFO  ratis.ContainerStateMachine (ContainerStateMachine.java:loadSnapshot(236)) - group-53290EC893CB: The snapshot info is null. Setting the last applied indexto:(t:0, i:~)
2022-02-20 11:36:31,827 [Command processor thread] INFO  ratis.XceiverServerRatis (XceiverServerRatis.java:addGroup(769)) - Created group PipelineID=ce0ce395-900d-4f05-abf7-fa389181a26c
2022-02-20 11:36:31,827 [Command processor thread] INFO  commandhandler.CreatePipelineCommandHandler (CreatePipelineCommandHandler.java:handle(106)) - Created Pipeline RATIS ONE PipelineID=ce0ce395-900d-4f05-abf7-fa389181a26c.
2022-02-20 11:36:31,827 [Command processor thread] INFO  server.RaftServer (RaftServerProxy.java:addNew(95)) - 1f66905d-0d72-4cea-86d4-72815b371c35: addNew group-53290EC893CB:[85b3ffbc-a464-405b-ab42-d4ee67435d88|rpc:10.1.0.4:34567|priority:1, 23fe3dad-a04c-4c09-8b28-891f29035d1b|rpc:10.1.0.4:44281|priority:0, 1f66905d-0d72-4cea-86d4-72815b371c35|rpc:10.1.0.4:42545|priority:0] returns group-53290EC893CB:java.util.concurrent.CompletableFuture@18abd36a[Not completed]
2022-02-20 11:36:31,828 [pool-662-thread-1] INFO  server.RaftServer$Division (RaftServerImpl.java:<init>(184)) - 1f66905d-0d72-4cea-86d4-72815b371c35: new RaftServerImpl for group-53290EC893CB:[85b3ffbc-a464-405b-ab42-d4ee67435d88|rpc:10.1.0.4:34567|priority:1, 23fe3dad-a04c-4c09-8b28-891f29035d1b|rpc:10.1.0.4:44281|priority:0, 1f66905d-0d72-4cea-86d4-72815b371c35|rpc:10.1.0.4:42545|priority:0] with ContainerStateMachine:uninitialized
2022-02-20 11:36:31,828 [pool-662-thread-1] INFO  server.RaftServerConfigKeys (ConfUtils.java:logGet(44)) - raft.server.rpc.timeout.min = 5s (custom)
2022-02-20 11:36:31,828 [pool-662-thread-1] INFO  server.RaftServerConfigKeys (ConfUtils.java:logGet(44)) - raft.server.rpc.timeout.max = 5200ms (custom)
2022-02-20 11:36:31,828 [pool-662-thread-1] INFO  server.RaftServerConfigKeys (ConfUtils.java:logGet(44)) - raft.server.rpc.sleep.time = 25ms (default)
2022-02-20 11:36:31,828 [pool-662-thread-1] INFO  server.RaftServerConfigKeys (ConfUtils.java:logGet(44)) - raft.server.rpc.slowness.timeout = 300s (custom)
2022-02-20 11:36:31,828 [pool-662-thread-1] INFO  server.RaftServerConfigKeys (ConfUtils.java:logGet(44)) - raft.server.leaderelection.leader.step-down.wait-time = 10s (default)
2022-02-20 11:36:31,828 [pool-662-thread-1] INFO  server.RaftServerConfigKeys (ConfUtils.java:logGet(44)) - raft.server.sleep.deviation.threshold = 300ms (default)
2022-02-20 11:36:31,828 [pool-662-thread-1] INFO  server.RaftServerConfigKeys (ConfUtils.java:logGet(44)) - raft.server.log.appender.install.snapshot.enabled = false (custom)
2022-02-20 11:36:31,828 [pool-662-thread-1] INFO  server.RaftServer$Division (ServerState.java:<init>(105)) - 1f66905d-0d72-4cea-86d4-72815b371c35@group-53290EC893CB: ConfigurationManager, init=-1: [85b3ffbc-a464-405b-ab42-d4ee67435d88|rpc:10.1.0.4:34567|priority:1, 23fe3dad-a04c-4c09-8b28-891f29035d1b|rpc:10.1.0.4:44281|priority:0, 1f66905d-0d72-4cea-86d4-72815b371c35|rpc:10.1.0.4:42545|priority:0], old=null, confs=<EMPTY_MAP>
2022-02-20 11:36:31,829 [pool-662-thread-1] INFO  server.RaftServerConfigKeys (ConfUtils.java:logGet(44)) - raft.server.storage.dir = [/home/runner/work/ozone/ozone/hadoop-ozone/integration-test/target/test-dir/MiniOzoneClusterImpl-abb31ffe-caed-4032-89a4-e53f0d8a9600/datanode-1/data/ratis] (custom)
2022-02-20 11:36:31,829 [pool-662-thread-1] INFO  server.RaftServerConfigKeys (ConfUtils.java:logGet(44)) - raft.server.log.corruption.policy = EXCEPTION (default)
2022-02-20 11:36:31,829 [pool-662-thread-1] INFO  server.RaftServerConfigKeys (ConfUtils.java:logGet(44)) - raft.server.storage.free-space.min = 0MB (=0) (default)
2022-02-20 11:36:31,829 [pool-662-thread-1] INFO  storage.RaftStorageDirectory (RaftStorageDirectoryImpl.java:analyzeStorage(135)) - The storage directory /home/runner/work/ozone/ozone/hadoop-ozone/integration-test/target/test-dir/MiniOzoneClusterImpl-abb31ffe-caed-4032-89a4-e53f0d8a9600/datanode-1/data/ratis/1c4d3833-3eb2-473a-b6e5-53290ec893cb does not exist. Creating ...
2022-02-20 11:36:31,829 [EventQueue-OpenPipelineForHealthyPipelineSafeModeRule] INFO  safemode.SCMSafeModeManager (HealthyPipelineSafeModeRule.java:process(124)) - SCM in safe mode. Healthy pipelines reported count is 0, required healthy pipeline reported count is 1
2022-02-20 11:36:31,834 [pool-641-thread-1] INFO  server.RaftServerConfigKeys (ConfUtils.java:logGet(44)) - raft.server.notification.no-leader.timeout = 300s (custom)
2022-02-20 11:36:31,834 [pool-641-thread-1] INFO  server.RaftServerConfigKeys (ConfUtils.java:logGet(44)) - raft.server.log.use.memory = false (default)
2022-02-20 11:36:31,834 [pool-662-thread-1] INFO  storage.RaftStorageDirectory (RaftStorageDirectoryImpl.java:tryLock(230)) - Lock on /home/runner/work/ozone/ozone/hadoop-ozone/integration-test/target/test-dir/MiniOzoneClusterImpl-abb31ffe-caed-4032-89a4-e53f0d8a9600/datanode-1/data/ratis/1c4d3833-3eb2-473a-b6e5-53290ec893cb/in_use.lock acquired by nodename 9434@fv-az59-849
2022-02-20 11:36:31,834 [pool-641-thread-1] INFO  server.RaftServerConfigKeys (ConfUtils.java:logGet(44)) - raft.server.log.purge.gap = 1000000 (custom)
2022-02-20 11:36:31,834 [pool-641-thread-1] INFO  server.RaftServerConfigKeys (ConfUtils.java:logGet(44)) - raft.server.log.appender.buffer.byte-limit = 33554432 (custom)
2022-02-20 11:36:31,835 [pool-662-thread-1] INFO  storage.RaftStorage (RaftStorageImpl.java:format(89)) - Storage directory /home/runner/work/ozone/ozone/hadoop-ozone/integration-test/target/test-dir/MiniOzoneClusterImpl-abb31ffe-caed-4032-89a4-e53f0d8a9600/datanode-1/data/ratis/1c4d3833-3eb2-473a-b6e5-53290ec893cb has been successfully formatted.
2022-02-20 11:36:31,835 [pool-662-thread-1] INFO  ratis.ContainerStateMachine (ContainerStateMachine.java:loadSnapshot(236)) - group-53290EC893CB: The snapshot info is null. Setting the last applied indexto:(t:0, i:~)
2022-02-20 11:36:31,835 [pool-662-thread-1] INFO  server.RaftServerConfigKeys (ConfUtils.java:logGet(44)) - raft.server.notification.no-leader.timeout = 300s (custom)
2022-02-20 11:36:31,835 [pool-662-thread-1] INFO  server.RaftServerConfigKeys (ConfUtils.java:logGet(44)) - raft.server.log.use.memory = false (default)
2022-02-20 11:36:31,835 [pool-662-thread-1] INFO  server.RaftServerConfigKeys (ConfUtils.java:logGet(44)) - raft.server.log.purge.gap = 1000000 (custom)
2022-02-20 11:36:31,835 [pool-662-thread-1] INFO  server.RaftServerConfigKeys (ConfUtils.java:logGet(44)) - raft.server.log.appender.buffer.byte-limit = 33554432 (custom)
2022-02-20 11:36:31,835 [pool-641-thread-1] INFO  server.RaftServerConfigKeys (ConfUtils.java:logGet(44)) - raft.server.log.segment.size.max = 1048576 (custom)
2022-02-20 11:36:31,836 [pool-641-thread-1] INFO  server.RaftServerConfigKeys (ConfUtils.java:logGet(44)) - raft.server.log.segment.cache.num.max = 2 (custom)
2022-02-20 11:36:31,836 [pool-641-thread-1] INFO  server.RaftServerConfigKeys (ConfUtils.java:logGet(44)) - raft.server.log.segment.cache.size.max = 200MB (=209715200) (default)
2022-02-20 11:36:31,836 [pool-641-thread-1] INFO  segmented.SegmentedRaftLogWorker (SegmentedRaftLogWorker.java:<init>(182)) - new 85b3ffbc-a464-405b-ab42-d4ee67435d88@group-53290EC893CB-SegmentedRaftLogWorker for RaftStorageImpl:Storage Directory /home/runner/work/ozone/ozone/hadoop-ozone/integration-test/target/test-dir/MiniOzoneClusterImpl-abb31ffe-caed-4032-89a4-e53f0d8a9600/datanode-0/data/ratis/1c4d3833-3eb2-473a-b6e5-53290ec893cb
2022-02-20 11:36:31,836 [pool-641-thread-1] INFO  server.RaftServerConfigKeys (ConfUtils.java:logGet(44)) - raft.server.log.queue.byte-limit = 4294967296 (custom)
2022-02-20 11:36:31,836 [pool-641-thread-1] INFO  server.RaftServerConfigKeys (ConfUtils.java:logGet(44)) - raft.server.log.queue.element-limit = 1024 (custom)
2022-02-20 11:36:31,836 [pool-641-thread-1] INFO  server.RaftServerConfigKeys (ConfUtils.java:logGet(44)) - raft.server.log.segment.size.max = 1048576 (custom)
2022-02-20 11:36:31,836 [pool-641-thread-1] INFO  server.RaftServerConfigKeys (ConfUtils.java:logGet(44)) - raft.server.log.preallocated.size = 16384 (custom)
2022-02-20 11:36:31,836 [pool-641-thread-1] INFO  server.RaftServerConfigKeys (ConfUtils.java:logGet(44)) - raft.server.log.force.sync.num = 128 (default)
2022-02-20 11:36:31,836 [pool-641-thread-1] INFO  server.RaftServerConfigKeys (ConfUtils.java:logGet(44)) - raft.server.log.statemachine.data.sync = true (default)
2022-02-20 11:36:31,836 [pool-641-thread-1] INFO  server.RaftServerConfigKeys (ConfUtils.java:logGet(44)) - raft.server.log.statemachine.data.sync.timeout = 10s (default)
2022-02-20 11:36:31,836 [pool-641-thread-1] INFO  server.RaftServerConfigKeys (ConfUtils.java:logGet(44)) - raft.server.log.statemachine.data.sync.timeout.retry = -1 (default)
2022-02-20 11:36:31,837 [EventQueue-OpenPipelineForHealthyPipelineSafeModeRule] INFO  safemode.SCMSafeModeManager (HealthyPipelineSafeModeRule.java:process(124)) - SCM in safe mode. Healthy pipelines reported count is 0, required healthy pipeline reported count is 1
2022-02-20 11:36:31,835 [pool-662-thread-1] INFO  server.RaftServerConfigKeys (ConfUtils.java:logGet(44)) - raft.server.log.segment.size.max = 1048576 (custom)
2022-02-20 11:36:31,837 [pool-662-thread-1] INFO  server.RaftServerConfigKeys (ConfUtils.java:logGet(44)) - raft.server.log.segment.cache.num.max = 2 (custom)
2022-02-20 11:36:31,838 [pool-662-thread-1] INFO  server.RaftServerConfigKeys (ConfUtils.java:logGet(44)) - raft.server.log.segment.cache.size.max = 200MB (=209715200) (default)
2022-02-20 11:36:31,838 [pool-662-thread-1] INFO  segmented.SegmentedRaftLogWorker (SegmentedRaftLogWorker.java:<init>(182)) - new 1f66905d-0d72-4cea-86d4-72815b371c35@group-53290EC893CB-SegmentedRaftLogWorker for RaftStorageImpl:Storage Directory /home/runner/work/ozone/ozone/hadoop-ozone/integration-test/target/test-dir/MiniOzoneClusterImpl-abb31ffe-caed-4032-89a4-e53f0d8a9600/datanode-1/data/ratis/1c4d3833-3eb2-473a-b6e5-53290ec893cb
2022-02-20 11:36:31,838 [pool-662-thread-1] INFO  server.RaftServerConfigKeys (ConfUtils.java:logGet(44)) - raft.server.log.queue.byte-limit = 4294967296 (custom)
2022-02-20 11:36:31,838 [pool-662-thread-1] INFO  server.RaftServerConfigKeys (ConfUtils.java:logGet(44)) - raft.server.log.queue.element-limit = 1024 (custom)
2022-02-20 11:36:31,838 [pool-662-thread-1] INFO  server.RaftServerConfigKeys (ConfUtils.java:logGet(44)) - raft.server.log.segment.size.max = 1048576 (custom)
2022-02-20 11:36:31,838 [pool-662-thread-1] INFO  server.RaftServerConfigKeys (ConfUtils.java:logGet(44)) - raft.server.log.preallocated.size = 16384 (custom)
2022-02-20 11:36:31,838 [pool-662-thread-1] INFO  server.RaftServerConfigKeys (ConfUtils.java:logGet(44)) - raft.server.log.force.sync.num = 128 (default)
2022-02-20 11:36:31,838 [pool-662-thread-1] INFO  server.RaftServerConfigKeys (ConfUtils.java:logGet(44)) - raft.server.log.statemachine.data.sync = true (default)
2022-02-20 11:36:31,838 [pool-662-thread-1] INFO  server.RaftServerConfigKeys (ConfUtils.java:logGet(44)) - raft.server.log.statemachine.data.sync.timeout = 10s (default)
2022-02-20 11:36:31,838 [pool-662-thread-1] INFO  server.RaftServerConfigKeys (ConfUtils.java:logGet(44)) - raft.server.log.statemachine.data.sync.timeout.retry = -1 (default)
2022-02-20 11:36:31,839 [pool-662-thread-1] INFO  server.RaftServerConfigKeys (ConfUtils.java:logGet(44)) - raft.server.log.write.buffer.size = 1048576 (custom)
2022-02-20 11:36:31,840 [pool-662-thread-1] INFO  server.RaftServerConfigKeys (ConfUtils.java:logGet(44)) - raft.server.log.statemachine.data.caching.enabled = true (custom)
2022-02-20 11:36:31,842 [pool-662-thread-1] INFO  segmented.SegmentedRaftLogWorker (SegmentedRaftLogWorker.java:lambda$new$0(133)) - 1f66905d-0d72-4cea-86d4-72815b371c35@group-53290EC893CB-SegmentedRaftLogWorker: flushIndex: setUnconditionally 0 -> -1
2022-02-20 11:36:31,842 [pool-662-thread-1] INFO  segmented.SegmentedRaftLogWorker (SegmentedRaftLogWorker.java:lambda$new$0(133)) - 1f66905d-0d72-4cea-86d4-72815b371c35@group-53290EC893CB-SegmentedRaftLogWorker: safeCacheEvictIndex: setUnconditionally 0 -> -1
2022-02-20 11:36:31,840 [pool-641-thread-1] INFO  server.RaftServerConfigKeys (ConfUtils.java:logGet(44)) - raft.server.log.write.buffer.size = 1048576 (custom)
2022-02-20 11:36:31,843 [pool-641-thread-1] INFO  server.RaftServerConfigKeys (ConfUtils.java:logGet(44)) - raft.server.log.statemachine.data.caching.enabled = true (custom)
2022-02-20 11:36:31,847 [pool-641-thread-1] INFO  segmented.SegmentedRaftLogWorker (SegmentedRaftLogWorker.java:lambda$new$0(133)) - 85b3ffbc-a464-405b-ab42-d4ee67435d88@group-53290EC893CB-SegmentedRaftLogWorker: flushIndex: setUnconditionally 0 -> -1
2022-02-20 11:36:31,849 [pool-641-thread-1] INFO  segmented.SegmentedRaftLogWorker (SegmentedRaftLogWorker.java:lambda$new$0(133)) - 85b3ffbc-a464-405b-ab42-d4ee67435d88@group-53290EC893CB-SegmentedRaftLogWorker: safeCacheEvictIndex: setUnconditionally 0 -> -1
2022-02-20 11:36:31,858 [pool-662-thread-1] INFO  server.RaftServerConfigKeys (ConfUtils.java:logGet(44)) - raft.server.snapshot.auto.trigger.enabled = true (custom)
2022-02-20 11:36:31,860 [pool-662-thread-1] INFO  server.RaftServerConfigKeys (ConfUtils.java:logGet(44)) - raft.server.snapshot.auto.trigger.threshold = 10000 (custom)
2022-02-20 11:36:31,860 [pool-662-thread-1] INFO  server.RaftServerConfigKeys (ConfUtils.java:logGet(44)) - raft.server.snapshot.retention.file.num = 5 (custom)
2022-02-20 11:36:31,860 [pool-662-thread-1] INFO  server.RaftServerConfigKeys (ConfUtils.java:logGet(44)) - raft.server.log.purge.upto.snapshot.index = false (default)
2022-02-20 11:36:31,860 [pool-662-thread-1] INFO  server.RaftServerConfigKeys (ConfUtils.java:logGet(44)) - raft.server.retrycache.expirytime = 600000ms (custom)
2022-02-20 11:36:31,860 [pool-662-thread-1] INFO  server.RaftServerConfigKeys (ConfUtils.java:logGet(44)) - raft.server.retrycache.statistics.expirytime = 100μs (default)
2022-02-20 11:36:31,862 [pool-662-thread-1] INFO  server.RaftServer$Division (RaftServerImpl.java:start(301)) - 1f66905d-0d72-4cea-86d4-72815b371c35@group-53290EC893CB: start as a follower, conf=-1: [85b3ffbc-a464-405b-ab42-d4ee67435d88|rpc:10.1.0.4:34567|priority:1, 23fe3dad-a04c-4c09-8b28-891f29035d1b|rpc:10.1.0.4:44281|priority:0, 1f66905d-0d72-4cea-86d4-72815b371c35|rpc:10.1.0.4:42545|priority:0], old=null
2022-02-20 11:36:31,862 [pool-662-thread-1] INFO  server.RaftServer$Division (RaftServerImpl.java:setRole(290)) - 1f66905d-0d72-4cea-86d4-72815b371c35@group-53290EC893CB: changes role from      null to FOLLOWER at term 0 for startAsFollower
2022-02-20 11:36:31,862 [pool-662-thread-1] INFO  impl.RoleInfo (RoleInfo.java:updateAndGet(130)) - 1f66905d-0d72-4cea-86d4-72815b371c35: start 1f66905d-0d72-4cea-86d4-72815b371c35@group-53290EC893CB-FollowerState
2022-02-20 11:36:31,869 [pool-662-thread-1] INFO  util.JmxRegister (JmxRegister.java:tryRegister(44)) - Successfully registered JMX Bean with object name Ratis:service=RaftServer,group=group-53290EC893CB,id=1f66905d-0d72-4cea-86d4-72815b371c35
2022-02-20 11:36:31,876 [pool-641-thread-1] INFO  server.RaftServerConfigKeys (ConfUtils.java:logGet(44)) - raft.server.snapshot.auto.trigger.enabled = true (custom)
2022-02-20 11:36:31,876 [pool-641-thread-1] INFO  server.RaftServerConfigKeys (ConfUtils.java:logGet(44)) - raft.server.snapshot.auto.trigger.threshold = 10000 (custom)
2022-02-20 11:36:31,876 [pool-641-thread-1] INFO  server.RaftServerConfigKeys (ConfUtils.java:logGet(44)) - raft.server.snapshot.retention.file.num = 5 (custom)
2022-02-20 11:36:31,876 [pool-641-thread-1] INFO  server.RaftServerConfigKeys (ConfUtils.java:logGet(44)) - raft.server.log.purge.upto.snapshot.index = false (default)
2022-02-20 11:36:31,876 [pool-641-thread-1] INFO  server.RaftServerConfigKeys (ConfUtils.java:logGet(44)) - raft.server.retrycache.expirytime = 600000ms (custom)
2022-02-20 11:36:31,876 [pool-641-thread-1] INFO  server.RaftServerConfigKeys (ConfUtils.java:logGet(44)) - raft.server.retrycache.statistics.expirytime = 100μs (default)
2022-02-20 11:36:31,877 [pool-641-thread-1] INFO  server.RaftServer$Division (RaftServerImpl.java:start(301)) - 85b3ffbc-a464-405b-ab42-d4ee67435d88@group-53290EC893CB: start as a follower, conf=-1: [85b3ffbc-a464-405b-ab42-d4ee67435d88|rpc:10.1.0.4:34567|priority:1, 23fe3dad-a04c-4c09-8b28-891f29035d1b|rpc:10.1.0.4:44281|priority:0, 1f66905d-0d72-4cea-86d4-72815b371c35|rpc:10.1.0.4:42545|priority:0], old=null
2022-02-20 11:36:31,877 [pool-641-thread-1] INFO  server.RaftServer$Division (RaftServerImpl.java:setRole(290)) - 85b3ffbc-a464-405b-ab42-d4ee67435d88@group-53290EC893CB: changes role from      null to FOLLOWER at term 0 for startAsFollower
2022-02-20 11:36:31,877 [pool-641-thread-1] INFO  impl.RoleInfo (RoleInfo.java:updateAndGet(130)) - 85b3ffbc-a464-405b-ab42-d4ee67435d88: start 85b3ffbc-a464-405b-ab42-d4ee67435d88@group-53290EC893CB-FollowerState
2022-02-20 11:36:31,877 [pool-641-thread-1] INFO  util.JmxRegister (JmxRegister.java:tryRegister(44)) - Successfully registered JMX Bean with object name Ratis:service=RaftServer,group=group-53290EC893CB,id=85b3ffbc-a464-405b-ab42-d4ee67435d88
2022-02-20 11:36:31,878 [Command processor thread] INFO  ratis.XceiverServerRatis (XceiverServerRatis.java:addGroup(769)) - Created group PipelineID=1c4d3833-3eb2-473a-b6e5-53290ec893cb
2022-02-20 11:36:31,887 [grpc-default-executor-6] INFO  server.RaftServer (RaftServerProxy.java:addNew(95)) - 23fe3dad-a04c-4c09-8b28-891f29035d1b: addNew group-53290EC893CB:[85b3ffbc-a464-405b-ab42-d4ee67435d88|rpc:10.1.0.4:34567|dataStream:|priority:1, 23fe3dad-a04c-4c09-8b28-891f29035d1b|rpc:10.1.0.4:44281|dataStream:|priority:0, 1f66905d-0d72-4cea-86d4-72815b371c35|rpc:10.1.0.4:42545|dataStream:|priority:0] returns group-53290EC893CB:java.util.concurrent.CompletableFuture@7bc5771[Not completed]
2022-02-20 11:36:31,887 [pool-683-thread-1] INFO  server.RaftServer$Division (RaftServerImpl.java:<init>(184)) - 23fe3dad-a04c-4c09-8b28-891f29035d1b: new RaftServerImpl for group-53290EC893CB:[85b3ffbc-a464-405b-ab42-d4ee67435d88|rpc:10.1.0.4:34567|dataStream:|priority:1, 23fe3dad-a04c-4c09-8b28-891f29035d1b|rpc:10.1.0.4:44281|dataStream:|priority:0, 1f66905d-0d72-4cea-86d4-72815b371c35|rpc:10.1.0.4:42545|dataStream:|priority:0] with ContainerStateMachine:uninitialized
2022-02-20 11:36:31,887 [pool-683-thread-1] INFO  server.RaftServerConfigKeys (ConfUtils.java:logGet(44)) - raft.server.rpc.timeout.min = 5s (custom)
2022-02-20 11:36:31,887 [pool-683-thread-1] INFO  server.RaftServerConfigKeys (ConfUtils.java:logGet(44)) - raft.server.rpc.timeout.max = 5200ms (custom)
2022-02-20 11:36:31,887 [pool-683-thread-1] INFO  server.RaftServerConfigKeys (ConfUtils.java:logGet(44)) - raft.server.rpc.sleep.time = 25ms (default)
2022-02-20 11:36:31,887 [pool-683-thread-1] INFO  server.RaftServerConfigKeys (ConfUtils.java:logGet(44)) - raft.server.rpc.slowness.timeout = 300s (custom)
2022-02-20 11:36:31,887 [pool-683-thread-1] INFO  server.RaftServerConfigKeys (ConfUtils.java:logGet(44)) - raft.server.leaderelection.leader.step-down.wait-time = 10s (default)
2022-02-20 11:36:31,888 [pool-683-thread-1] INFO  server.RaftServerConfigKeys (ConfUtils.java:logGet(44)) - raft.server.sleep.deviation.threshold = 300ms (default)
2022-02-20 11:36:31,888 [pool-683-thread-1] INFO  server.RaftServerConfigKeys (ConfUtils.java:logGet(44)) - raft.server.log.appender.install.snapshot.enabled = false (custom)
2022-02-20 11:36:31,888 [pool-683-thread-1] INFO  server.RaftServer$Division (ServerState.java:<init>(105)) - 23fe3dad-a04c-4c09-8b28-891f29035d1b@group-53290EC893CB: ConfigurationManager, init=-1: [85b3ffbc-a464-405b-ab42-d4ee67435d88|rpc:10.1.0.4:34567|dataStream:|priority:1, 23fe3dad-a04c-4c09-8b28-891f29035d1b|rpc:10.1.0.4:44281|dataStream:|priority:0, 1f66905d-0d72-4cea-86d4-72815b371c35|rpc:10.1.0.4:42545|dataStream:|priority:0], old=null, confs=<EMPTY_MAP>
2022-02-20 11:36:31,888 [pool-683-thread-1] INFO  server.RaftServerConfigKeys (ConfUtils.java:logGet(44)) - raft.server.storage.dir = [/home/runner/work/ozone/ozone/hadoop-ozone/integration-test/target/test-dir/MiniOzoneClusterImpl-abb31ffe-caed-4032-89a4-e53f0d8a9600/datanode-2/data/ratis] (custom)
2022-02-20 11:36:31,888 [pool-683-thread-1] INFO  server.RaftServerConfigKeys (ConfUtils.java:logGet(44)) - raft.server.log.corruption.policy = EXCEPTION (default)
2022-02-20 11:36:31,888 [pool-683-thread-1] INFO  server.RaftServerConfigKeys (ConfUtils.java:logGet(44)) - raft.server.storage.free-space.min = 0MB (=0) (default)
2022-02-20 11:36:31,888 [pool-683-thread-1] INFO  storage.RaftStorageDirectory (RaftStorageDirectoryImpl.java:analyzeStorage(135)) - The storage directory /home/runner/work/ozone/ozone/hadoop-ozone/integration-test/target/test-dir/MiniOzoneClusterImpl-abb31ffe-caed-4032-89a4-e53f0d8a9600/datanode-2/data/ratis/1c4d3833-3eb2-473a-b6e5-53290ec893cb does not exist. Creating ...
2022-02-20 11:36:31,891 [pool-683-thread-1] INFO  storage.RaftStorageDirectory (RaftStorageDirectoryImpl.java:tryLock(230)) - Lock on /home/runner/work/ozone/ozone/hadoop-ozone/integration-test/target/test-dir/MiniOzoneClusterImpl-abb31ffe-caed-4032-89a4-e53f0d8a9600/datanode-2/data/ratis/1c4d3833-3eb2-473a-b6e5-53290ec893cb/in_use.lock acquired by nodename 9434@fv-az59-849
2022-02-20 11:36:31,894 [pool-683-thread-1] INFO  storage.RaftStorage (RaftStorageImpl.java:format(89)) - Storage directory /home/runner/work/ozone/ozone/hadoop-ozone/integration-test/target/test-dir/MiniOzoneClusterImpl-abb31ffe-caed-4032-89a4-e53f0d8a9600/datanode-2/data/ratis/1c4d3833-3eb2-473a-b6e5-53290ec893cb has been successfully formatted.
2022-02-20 11:36:31,894 [pool-683-thread-1] INFO  ratis.ContainerStateMachine (ContainerStateMachine.java:loadSnapshot(236)) - group-53290EC893CB: The snapshot info is null. Setting the last applied indexto:(t:0, i:~)
2022-02-20 11:36:31,894 [pool-683-thread-1] INFO  server.RaftServerConfigKeys (ConfUtils.java:logGet(44)) - raft.server.notification.no-leader.timeout = 300s (custom)
2022-02-20 11:36:31,895 [pool-683-thread-1] INFO  server.RaftServerConfigKeys (ConfUtils.java:logGet(44)) - raft.server.log.use.memory = false (default)
2022-02-20 11:36:31,895 [pool-683-thread-1] INFO  server.RaftServerConfigKeys (ConfUtils.java:logGet(44)) - raft.server.log.purge.gap = 1000000 (custom)
2022-02-20 11:36:31,895 [pool-683-thread-1] INFO  server.RaftServerConfigKeys (ConfUtils.java:logGet(44)) - raft.server.log.appender.buffer.byte-limit = 33554432 (custom)
2022-02-20 11:36:31,895 [pool-683-thread-1] INFO  server.RaftServerConfigKeys (ConfUtils.java:logGet(44)) - raft.server.log.segment.size.max = 1048576 (custom)
2022-02-20 11:36:31,895 [pool-683-thread-1] INFO  server.RaftServerConfigKeys (ConfUtils.java:logGet(44)) - raft.server.log.segment.cache.num.max = 2 (custom)
2022-02-20 11:36:31,895 [pool-683-thread-1] INFO  server.RaftServerConfigKeys (ConfUtils.java:logGet(44)) - raft.server.log.segment.cache.size.max = 200MB (=209715200) (default)
2022-02-20 11:36:31,895 [pool-683-thread-1] INFO  segmented.SegmentedRaftLogWorker (SegmentedRaftLogWorker.java:<init>(182)) - new 23fe3dad-a04c-4c09-8b28-891f29035d1b@group-53290EC893CB-SegmentedRaftLogWorker for RaftStorageImpl:Storage Directory /home/runner/work/ozone/ozone/hadoop-ozone/integration-test/target/test-dir/MiniOzoneClusterImpl-abb31ffe-caed-4032-89a4-e53f0d8a9600/datanode-2/data/ratis/1c4d3833-3eb2-473a-b6e5-53290ec893cb
2022-02-20 11:36:31,896 [pool-683-thread-1] INFO  server.RaftServerConfigKeys (ConfUtils.java:logGet(44)) - raft.server.log.queue.byte-limit = 4294967296 (custom)
2022-02-20 11:36:31,896 [pool-683-thread-1] INFO  server.RaftServerConfigKeys (ConfUtils.java:logGet(44)) - raft.server.log.queue.element-limit = 1024 (custom)
2022-02-20 11:36:31,896 [pool-683-thread-1] INFO  server.RaftServerConfigKeys (ConfUtils.java:logGet(44)) - raft.server.log.segment.size.max = 1048576 (custom)
2022-02-20 11:36:31,896 [pool-683-thread-1] INFO  server.RaftServerConfigKeys (ConfUtils.java:logGet(44)) - raft.server.log.preallocated.size = 16384 (custom)
2022-02-20 11:36:31,896 [pool-683-thread-1] INFO  server.RaftServerConfigKeys (ConfUtils.java:logGet(44)) - raft.server.log.force.sync.num = 128 (default)
2022-02-20 11:36:31,896 [pool-683-thread-1] INFO  server.RaftServerConfigKeys (ConfUtils.java:logGet(44)) - raft.server.log.statemachine.data.sync = true (default)
2022-02-20 11:36:31,896 [pool-683-thread-1] INFO  server.RaftServerConfigKeys (ConfUtils.java:logGet(44)) - raft.server.log.statemachine.data.sync.timeout = 10s (default)
2022-02-20 11:36:31,896 [pool-683-thread-1] INFO  server.RaftServerConfigKeys (ConfUtils.java:logGet(44)) - raft.server.log.statemachine.data.sync.timeout.retry = -1 (default)
2022-02-20 11:36:31,897 [pool-683-thread-1] INFO  server.RaftServerConfigKeys (ConfUtils.java:logGet(44)) - raft.server.log.write.buffer.size = 1048576 (custom)
2022-02-20 11:36:31,899 [pool-683-thread-1] INFO  server.RaftServerConfigKeys (ConfUtils.java:logGet(44)) - raft.server.log.statemachine.data.caching.enabled = true (custom)
2022-02-20 11:36:31,909 [pool-683-thread-1] INFO  segmented.SegmentedRaftLogWorker (SegmentedRaftLogWorker.java:lambda$new$0(133)) - 23fe3dad-a04c-4c09-8b28-891f29035d1b@group-53290EC893CB-SegmentedRaftLogWorker: flushIndex: setUnconditionally 0 -> -1
2022-02-20 11:36:31,909 [pool-683-thread-1] INFO  segmented.SegmentedRaftLogWorker (SegmentedRaftLogWorker.java:lambda$new$0(133)) - 23fe3dad-a04c-4c09-8b28-891f29035d1b@group-53290EC893CB-SegmentedRaftLogWorker: safeCacheEvictIndex: setUnconditionally 0 -> -1
2022-02-20 11:36:31,917 [Command processor thread] INFO  ratis.XceiverServerRatis (XceiverServerRatis.java:addGroup(769)) - Created group PipelineID=1c4d3833-3eb2-473a-b6e5-53290ec893cb
2022-02-20 11:36:31,917 [pool-683-thread-1] INFO  server.RaftServerConfigKeys (ConfUtils.java:logGet(44)) - raft.server.snapshot.auto.trigger.enabled = true (custom)
2022-02-20 11:36:31,917 [pool-683-thread-1] INFO  server.RaftServerConfigKeys (ConfUtils.java:logGet(44)) - raft.server.snapshot.auto.trigger.threshold = 10000 (custom)
2022-02-20 11:36:31,919 [pool-683-thread-1] INFO  server.RaftServerConfigKeys (ConfUtils.java:logGet(44)) - raft.server.snapshot.retention.file.num = 5 (custom)
2022-02-20 11:36:31,919 [pool-683-thread-1] INFO  server.RaftServerConfigKeys (ConfUtils.java:logGet(44)) - raft.server.log.purge.upto.snapshot.index = false (default)
2022-02-20 11:36:31,919 [pool-683-thread-1] INFO  server.RaftServerConfigKeys (ConfUtils.java:logGet(44)) - raft.server.retrycache.expirytime = 600000ms (custom)
2022-02-20 11:36:31,924 [pool-683-thread-1] INFO  server.RaftServerConfigKeys (ConfUtils.java:logGet(44)) - raft.server.retrycache.statistics.expirytime = 100μs (default)
2022-02-20 11:36:31,925 [pool-683-thread-1] INFO  server.RaftServer$Division (RaftServerImpl.java:start(301)) - 23fe3dad-a04c-4c09-8b28-891f29035d1b@group-53290EC893CB: start as a follower, conf=-1: [85b3ffbc-a464-405b-ab42-d4ee67435d88|rpc:10.1.0.4:34567|dataStream:|priority:1, 23fe3dad-a04c-4c09-8b28-891f29035d1b|rpc:10.1.0.4:44281|dataStream:|priority:0, 1f66905d-0d72-4cea-86d4-72815b371c35|rpc:10.1.0.4:42545|dataStream:|priority:0], old=null
2022-02-20 11:36:31,938 [pool-683-thread-1] INFO  server.RaftServer$Division (RaftServerImpl.java:setRole(290)) - 23fe3dad-a04c-4c09-8b28-891f29035d1b@group-53290EC893CB: changes role from      null to FOLLOWER at term 0 for startAsFollower
2022-02-20 11:36:31,938 [pool-683-thread-1] INFO  impl.RoleInfo (RoleInfo.java:updateAndGet(130)) - 23fe3dad-a04c-4c09-8b28-891f29035d1b: start 23fe3dad-a04c-4c09-8b28-891f29035d1b@group-53290EC893CB-FollowerState
2022-02-20 11:36:31,939 [pool-683-thread-1] INFO  util.JmxRegister (JmxRegister.java:tryRegister(44)) - Successfully registered JMX Bean with object name Ratis:service=RaftServer,group=group-53290EC893CB,id=23fe3dad-a04c-4c09-8b28-891f29035d1b
2022-02-20 11:36:32,110 [Command processor thread] INFO  commandhandler.CreatePipelineCommandHandler (CreatePipelineCommandHandler.java:handle(106)) - Created Pipeline RATIS THREE PipelineID=1c4d3833-3eb2-473a-b6e5-53290ec893cb.
2022-02-20 11:36:32,119 [Command processor thread] INFO  commandhandler.CreatePipelineCommandHandler (CreatePipelineCommandHandler.java:handle(106)) - Created Pipeline RATIS THREE PipelineID=1c4d3833-3eb2-473a-b6e5-53290ec893cb.
2022-02-20 11:36:32,123 [Listener at 127.0.0.1/46775] INFO  ozone.MiniOzoneClusterImpl (MiniOzoneClusterImpl.java:lambda$waitForClusterToBeReady$0(219)) - Nodes are ready. Got 3 of 3 DN Heartbeats.
2022-02-20 11:36:32,123 [Listener at 127.0.0.1/46775] INFO  ozone.MiniOzoneClusterImpl (MiniOzoneClusterImpl.java:lambda$waitForClusterToBeReady$0(222)) - Waiting for cluster to exit safe mode
2022-02-20 11:36:32,123 [Listener at 127.0.0.1/46775] INFO  ozone.MiniOzoneClusterImpl (MiniOzoneClusterImpl.java:lambda$waitForClusterToBeReady$0(224)) - SCM became leader
2022-02-20 11:36:32,159 [Command processor thread] INFO  server.RaftServer (RaftServerProxy.java:addNew(95)) - 23fe3dad-a04c-4c09-8b28-891f29035d1b: addNew group-46C4EF8C9305:[23fe3dad-a04c-4c09-8b28-891f29035d1b|rpc:10.1.0.4:44281|priority:1] returns group-46C4EF8C9305:java.util.concurrent.CompletableFuture@55ac3f41[Not completed]
2022-02-20 11:36:32,159 [pool-683-thread-1] INFO  server.RaftServer$Division (RaftServerImpl.java:<init>(184)) - 23fe3dad-a04c-4c09-8b28-891f29035d1b: new RaftServerImpl for group-46C4EF8C9305:[23fe3dad-a04c-4c09-8b28-891f29035d1b|rpc:10.1.0.4:44281|priority:1] with ContainerStateMachine:uninitialized
2022-02-20 11:36:32,160 [pool-683-thread-1] INFO  server.RaftServerConfigKeys (ConfUtils.java:logGet(44)) - raft.server.rpc.timeout.min = 5s (custom)
2022-02-20 11:36:32,160 [pool-683-thread-1] INFO  server.RaftServerConfigKeys (ConfUtils.java:logGet(44)) - raft.server.rpc.timeout.max = 5200ms (custom)
2022-02-20 11:36:32,160 [pool-683-thread-1] INFO  server.RaftServerConfigKeys (ConfUtils.java:logGet(44)) - raft.server.rpc.sleep.time = 25ms (default)
2022-02-20 11:36:32,160 [pool-683-thread-1] INFO  server.RaftServerConfigKeys (ConfUtils.java:logGet(44)) - raft.server.rpc.slowness.timeout = 300s (custom)
2022-02-20 11:36:32,160 [pool-683-thread-1] INFO  server.RaftServerConfigKeys (ConfUtils.java:logGet(44)) - raft.server.leaderelection.leader.step-down.wait-time = 10s (default)
2022-02-20 11:36:32,160 [pool-683-thread-1] INFO  server.RaftServerConfigKeys (ConfUtils.java:logGet(44)) - raft.server.sleep.deviation.threshold = 300ms (default)
2022-02-20 11:36:32,160 [pool-683-thread-1] INFO  server.RaftServerConfigKeys (ConfUtils.java:logGet(44)) - raft.server.log.appender.install.snapshot.enabled = false (custom)
2022-02-20 11:36:32,160 [pool-683-thread-1] INFO  server.RaftServer$Division (ServerState.java:<init>(105)) - 23fe3dad-a04c-4c09-8b28-891f29035d1b@group-46C4EF8C9305: ConfigurationManager, init=-1: [23fe3dad-a04c-4c09-8b28-891f29035d1b|rpc:10.1.0.4:44281|priority:1], old=null, confs=<EMPTY_MAP>
2022-02-20 11:36:32,166 [pool-683-thread-1] INFO  server.RaftServerConfigKeys (ConfUtils.java:logGet(44)) - raft.server.storage.dir = [/home/runner/work/ozone/ozone/hadoop-ozone/integration-test/target/test-dir/MiniOzoneClusterImpl-abb31ffe-caed-4032-89a4-e53f0d8a9600/datanode-2/data/ratis] (custom)
2022-02-20 11:36:32,166 [pool-683-thread-1] INFO  server.RaftServerConfigKeys (ConfUtils.java:logGet(44)) - raft.server.log.corruption.policy = EXCEPTION (default)
2022-02-20 11:36:32,166 [pool-683-thread-1] INFO  server.RaftServerConfigKeys (ConfUtils.java:logGet(44)) - raft.server.storage.free-space.min = 0MB (=0) (default)
2022-02-20 11:36:32,166 [pool-683-thread-1] INFO  storage.RaftStorageDirectory (RaftStorageDirectoryImpl.java:analyzeStorage(135)) - The storage directory /home/runner/work/ozone/ozone/hadoop-ozone/integration-test/target/test-dir/MiniOzoneClusterImpl-abb31ffe-caed-4032-89a4-e53f0d8a9600/datanode-2/data/ratis/3e199b62-4db9-4cc5-88a0-46c4ef8c9305 does not exist. Creating ...
2022-02-20 11:36:32,170 [pool-683-thread-1] INFO  storage.RaftStorageDirectory (RaftStorageDirectoryImpl.java:tryLock(230)) - Lock on /home/runner/work/ozone/ozone/hadoop-ozone/integration-test/target/test-dir/MiniOzoneClusterImpl-abb31ffe-caed-4032-89a4-e53f0d8a9600/datanode-2/data/ratis/3e199b62-4db9-4cc5-88a0-46c4ef8c9305/in_use.lock acquired by nodename 9434@fv-az59-849
2022-02-20 11:36:32,171 [pool-683-thread-1] INFO  storage.RaftStorage (RaftStorageImpl.java:format(89)) - Storage directory /home/runner/work/ozone/ozone/hadoop-ozone/integration-test/target/test-dir/MiniOzoneClusterImpl-abb31ffe-caed-4032-89a4-e53f0d8a9600/datanode-2/data/ratis/3e199b62-4db9-4cc5-88a0-46c4ef8c9305 has been successfully formatted.
2022-02-20 11:36:32,172 [EventQueue-PipelineReportForPipelineReportHandler] INFO  pipeline.PipelineManagerImpl (PipelineManagerImpl.java:openPipeline(291)) - Pipeline Pipeline[ Id: 3e199b62-4db9-4cc5-88a0-46c4ef8c9305, Nodes: 23fe3dad-a04c-4c09-8b28-891f29035d1b{ip: 10.1.0.4, host: fv-az59-849.csjynl4pkq3e1pkirw3ssqjfoh.cx.internal.cloudapp.net, ports: [REPLICATION=33545, RATIS=44281, RATIS_ADMIN=44281, RATIS_SERVER=44281, STANDALONE=39591], networkLocation: /default-rack, certSerialId: null, persistedOpState: IN_SERVICE, persistedOpStateExpiryEpochSec: 0}, ReplicationConfig: RATIS/ONE, State:ALLOCATED, leaderId:23fe3dad-a04c-4c09-8b28-891f29035d1b, CreationTimestamp2022-02-20T11:36:29.160Z[Etc/UTC]] moved to OPEN state
2022-02-20 11:36:32,173 [pool-683-thread-1] INFO  ratis.ContainerStateMachine (ContainerStateMachine.java:loadSnapshot(236)) - group-46C4EF8C9305: The snapshot info is null. Setting the last applied indexto:(t:0, i:~)
2022-02-20 11:36:32,174 [pool-683-thread-1] INFO  server.RaftServerConfigKeys (ConfUtils.java:logGet(44)) - raft.server.notification.no-leader.timeout = 300s (custom)
2022-02-20 11:36:32,173 [7c3d7c22-ea0f-4f16-8203-6756703758f3@group-E53F0D8A9600-StateMachineUpdater] INFO  safemode.HealthyPipelineSafeModeRule (HealthyPipelineSafeModeRule.java:initializeRule(152)) - Refreshed total pipeline count is 0, healthy pipeline threshold count is 1
2022-02-20 11:36:32,175 [EventQueue-OpenPipelineForHealthyPipelineSafeModeRule] INFO  safemode.SCMSafeModeManager (HealthyPipelineSafeModeRule.java:process(124)) - SCM in safe mode. Healthy pipelines reported count is 0, required healthy pipeline reported count is 1
2022-02-20 11:36:32,175 [pool-683-thread-1] INFO  server.RaftServerConfigKeys (ConfUtils.java:logGet(44)) - raft.server.log.use.memory = false (default)
2022-02-20 11:36:32,175 [pool-683-thread-1] INFO  server.RaftServerConfigKeys (ConfUtils.java:logGet(44)) - raft.server.log.purge.gap = 1000000 (custom)
2022-02-20 11:36:32,175 [pool-683-thread-1] INFO  server.RaftServerConfigKeys (ConfUtils.java:logGet(44)) - raft.server.log.appender.buffer.byte-limit = 33554432 (custom)
2022-02-20 11:36:32,175 [pool-683-thread-1] INFO  server.RaftServerConfigKeys (ConfUtils.java:logGet(44)) - raft.server.log.segment.size.max = 1048576 (custom)
2022-02-20 11:36:32,175 [pool-683-thread-1] INFO  server.RaftServerConfigKeys (ConfUtils.java:logGet(44)) - raft.server.log.segment.cache.num.max = 2 (custom)
2022-02-20 11:36:32,176 [pool-683-thread-1] INFO  server.RaftServerConfigKeys (ConfUtils.java:logGet(44)) - raft.server.log.segment.cache.size.max = 200MB (=209715200) (default)
2022-02-20 11:36:32,176 [pool-683-thread-1] INFO  segmented.SegmentedRaftLogWorker (SegmentedRaftLogWorker.java:<init>(182)) - new 23fe3dad-a04c-4c09-8b28-891f29035d1b@group-46C4EF8C9305-SegmentedRaftLogWorker for RaftStorageImpl:Storage Directory /home/runner/work/ozone/ozone/hadoop-ozone/integration-test/target/test-dir/MiniOzoneClusterImpl-abb31ffe-caed-4032-89a4-e53f0d8a9600/datanode-2/data/ratis/3e199b62-4db9-4cc5-88a0-46c4ef8c9305
2022-02-20 11:36:32,176 [pool-683-thread-1] INFO  server.RaftServerConfigKeys (ConfUtils.java:logGet(44)) - raft.server.log.queue.byte-limit = 4294967296 (custom)
2022-02-20 11:36:32,176 [pool-683-thread-1] INFO  server.RaftServerConfigKeys (ConfUtils.java:logGet(44)) - raft.server.log.queue.element-limit = 1024 (custom)
2022-02-20 11:36:32,176 [pool-683-thread-1] INFO  server.RaftServerConfigKeys (ConfUtils.java:logGet(44)) - raft.server.log.segment.size.max = 1048576 (custom)
2022-02-20 11:36:32,176 [pool-683-thread-1] INFO  server.RaftServerConfigKeys (ConfUtils.java:logGet(44)) - raft.server.log.preallocated.size = 16384 (custom)
2022-02-20 11:36:32,176 [pool-683-thread-1] INFO  server.RaftServerConfigKeys (ConfUtils.java:logGet(44)) - raft.server.log.force.sync.num = 128 (default)
2022-02-20 11:36:32,176 [pool-683-thread-1] INFO  server.RaftServerConfigKeys (ConfUtils.java:logGet(44)) - raft.server.log.statemachine.data.sync = true (default)
2022-02-20 11:36:32,176 [pool-683-thread-1] INFO  server.RaftServerConfigKeys (ConfUtils.java:logGet(44)) - raft.server.log.statemachine.data.sync.timeout = 10s (default)
2022-02-20 11:36:32,176 [pool-683-thread-1] INFO  server.RaftServerConfigKeys (ConfUtils.java:logGet(44)) - raft.server.log.statemachine.data.sync.timeout.retry = -1 (default)
2022-02-20 11:36:32,177 [pool-683-thread-1] INFO  server.RaftServerConfigKeys (ConfUtils.java:logGet(44)) - raft.server.log.write.buffer.size = 1048576 (custom)
2022-02-20 11:36:32,178 [pool-683-thread-1] INFO  server.RaftServerConfigKeys (ConfUtils.java:logGet(44)) - raft.server.log.statemachine.data.caching.enabled = true (custom)
2022-02-20 11:36:32,178 [pool-683-thread-1] INFO  segmented.SegmentedRaftLogWorker (SegmentedRaftLogWorker.java:lambda$new$0(133)) - 23fe3dad-a04c-4c09-8b28-891f29035d1b@group-46C4EF8C9305-SegmentedRaftLogWorker: flushIndex: setUnconditionally 0 -> -1
2022-02-20 11:36:32,178 [pool-683-thread-1] INFO  segmented.SegmentedRaftLogWorker (SegmentedRaftLogWorker.java:lambda$new$0(133)) - 23fe3dad-a04c-4c09-8b28-891f29035d1b@group-46C4EF8C9305-SegmentedRaftLogWorker: safeCacheEvictIndex: setUnconditionally 0 -> -1
2022-02-20 11:36:32,186 [pool-683-thread-1] INFO  server.RaftServerConfigKeys (ConfUtils.java:logGet(44)) - raft.server.snapshot.auto.trigger.enabled = true (custom)
2022-02-20 11:36:32,190 [pool-683-thread-1] INFO  server.RaftServerConfigKeys (ConfUtils.java:logGet(44)) - raft.server.snapshot.auto.trigger.threshold = 10000 (custom)
2022-02-20 11:36:32,190 [pool-683-thread-1] INFO  server.RaftServerConfigKeys (ConfUtils.java:logGet(44)) - raft.server.snapshot.retention.file.num = 5 (custom)
2022-02-20 11:36:32,190 [pool-683-thread-1] INFO  server.RaftServerConfigKeys (ConfUtils.java:logGet(44)) - raft.server.log.purge.upto.snapshot.index = false (default)
2022-02-20 11:36:32,190 [pool-683-thread-1] INFO  server.RaftServerConfigKeys (ConfUtils.java:logGet(44)) - raft.server.retrycache.expirytime = 600000ms (custom)
2022-02-20 11:36:32,190 [pool-683-thread-1] INFO  server.RaftServerConfigKeys (ConfUtils.java:logGet(44)) - raft.server.retrycache.statistics.expirytime = 100μs (default)
2022-02-20 11:36:32,191 [pool-683-thread-1] INFO  server.RaftServer$Division (RaftServerImpl.java:start(301)) - 23fe3dad-a04c-4c09-8b28-891f29035d1b@group-46C4EF8C9305: start as a follower, conf=-1: [23fe3dad-a04c-4c09-8b28-891f29035d1b|rpc:10.1.0.4:44281|priority:1], old=null
2022-02-20 11:36:32,191 [pool-683-thread-1] INFO  server.RaftServer$Division (RaftServerImpl.java:setRole(290)) - 23fe3dad-a04c-4c09-8b28-891f29035d1b@group-46C4EF8C9305: changes role from      null to FOLLOWER at term 0 for startAsFollower
2022-02-20 11:36:32,191 [pool-683-thread-1] INFO  impl.RoleInfo (RoleInfo.java:updateAndGet(130)) - 23fe3dad-a04c-4c09-8b28-891f29035d1b: start 23fe3dad-a04c-4c09-8b28-891f29035d1b@group-46C4EF8C9305-FollowerState
2022-02-20 11:36:32,202 [pool-683-thread-1] INFO  util.JmxRegister (JmxRegister.java:tryRegister(44)) - Successfully registered JMX Bean with object name Ratis:service=RaftServer,group=group-46C4EF8C9305,id=23fe3dad-a04c-4c09-8b28-891f29035d1b
2022-02-20 11:36:32,206 [Command processor thread] INFO  ratis.XceiverServerRatis (XceiverServerRatis.java:addGroup(769)) - Created group PipelineID=3e199b62-4db9-4cc5-88a0-46c4ef8c9305
2022-02-20 11:36:32,206 [Command processor thread] INFO  commandhandler.CreatePipelineCommandHandler (CreatePipelineCommandHandler.java:handle(106)) - Created Pipeline RATIS ONE PipelineID=3e199b62-4db9-4cc5-88a0-46c4ef8c9305.
2022-02-20 11:36:33,123 [Listener at 127.0.0.1/46775] INFO  ozone.MiniOzoneClusterImpl (MiniOzoneClusterImpl.java:lambda$waitForClusterToBeReady$0(219)) - Nodes are ready. Got 3 of 3 DN Heartbeats.
2022-02-20 11:36:33,123 [Listener at 127.0.0.1/46775] INFO  ozone.MiniOzoneClusterImpl (MiniOzoneClusterImpl.java:lambda$waitForClusterToBeReady$0(222)) - Waiting for cluster to exit safe mode
2022-02-20 11:36:33,123 [Listener at 127.0.0.1/46775] INFO  ozone.MiniOzoneClusterImpl (MiniOzoneClusterImpl.java:lambda$waitForClusterToBeReady$0(224)) - SCM became leader
2022-02-20 11:36:34,124 [Listener at 127.0.0.1/46775] INFO  ozone.MiniOzoneClusterImpl (MiniOzoneClusterImpl.java:lambda$waitForClusterToBeReady$0(219)) - Nodes are ready. Got 3 of 3 DN Heartbeats.
2022-02-20 11:36:34,124 [Listener at 127.0.0.1/46775] INFO  ozone.MiniOzoneClusterImpl (MiniOzoneClusterImpl.java:lambda$waitForClusterToBeReady$0(222)) - Waiting for cluster to exit safe mode
2022-02-20 11:36:34,124 [Listener at 127.0.0.1/46775] INFO  ozone.MiniOzoneClusterImpl (MiniOzoneClusterImpl.java:lambda$waitForClusterToBeReady$0(224)) - SCM became leader
2022-02-20 11:36:35,125 [Listener at 127.0.0.1/46775] INFO  ozone.MiniOzoneClusterImpl (MiniOzoneClusterImpl.java:lambda$waitForClusterToBeReady$0(219)) - Nodes are ready. Got 3 of 3 DN Heartbeats.
2022-02-20 11:36:35,125 [Listener at 127.0.0.1/46775] INFO  ozone.MiniOzoneClusterImpl (MiniOzoneClusterImpl.java:lambda$waitForClusterToBeReady$0(222)) - Waiting for cluster to exit safe mode
2022-02-20 11:36:35,125 [Listener at 127.0.0.1/46775] INFO  ozone.MiniOzoneClusterImpl (MiniOzoneClusterImpl.java:lambda$waitForClusterToBeReady$0(224)) - SCM became leader
2022-02-20 11:36:36,126 [Listener at 127.0.0.1/46775] INFO  ozone.MiniOzoneClusterImpl (MiniOzoneClusterImpl.java:lambda$waitForClusterToBeReady$0(219)) - Nodes are ready. Got 3 of 3 DN Heartbeats.
2022-02-20 11:36:36,126 [Listener at 127.0.0.1/46775] INFO  ozone.MiniOzoneClusterImpl (MiniOzoneClusterImpl.java:lambda$waitForClusterToBeReady$0(222)) - Waiting for cluster to exit safe mode
2022-02-20 11:36:36,126 [Listener at 127.0.0.1/46775] INFO  ozone.MiniOzoneClusterImpl (MiniOzoneClusterImpl.java:lambda$waitForClusterToBeReady$0(224)) - SCM became leader
2022-02-20 11:36:36,449 [85b3ffbc-a464-405b-ab42-d4ee67435d88@group-34316AD8EE22-FollowerState] INFO  impl.FollowerState (FollowerState.java:run(134)) - 85b3ffbc-a464-405b-ab42-d4ee67435d88@group-34316AD8EE22-FollowerState: change to CANDIDATE, lastRpcElapsedTime:5020097145ns, electionTimeout:5017ms
2022-02-20 11:36:36,449 [85b3ffbc-a464-405b-ab42-d4ee67435d88@group-34316AD8EE22-FollowerState] INFO  impl.RoleInfo (RoleInfo.java:shutdownFollowerState(108)) - 85b3ffbc-a464-405b-ab42-d4ee67435d88: shutdown 85b3ffbc-a464-405b-ab42-d4ee67435d88@group-34316AD8EE22-FollowerState
2022-02-20 11:36:36,449 [85b3ffbc-a464-405b-ab42-d4ee67435d88@group-34316AD8EE22-FollowerState] INFO  server.RaftServer$Division (RaftServerImpl.java:setRole(290)) - 85b3ffbc-a464-405b-ab42-d4ee67435d88@group-34316AD8EE22: changes role from  FOLLOWER to CANDIDATE at term 0 for changeToCandidate
2022-02-20 11:36:36,449 [85b3ffbc-a464-405b-ab42-d4ee67435d88@group-34316AD8EE22-FollowerState] INFO  server.RaftServerConfigKeys (ConfUtils.java:logGet(44)) - raft.server.leaderelection.pre-vote = false (custom)
2022-02-20 11:36:36,449 [85b3ffbc-a464-405b-ab42-d4ee67435d88@group-34316AD8EE22-FollowerState] INFO  impl.RoleInfo (RoleInfo.java:updateAndGet(130)) - 85b3ffbc-a464-405b-ab42-d4ee67435d88: start 85b3ffbc-a464-405b-ab42-d4ee67435d88@group-34316AD8EE22-LeaderElection72
2022-02-20 11:36:36,485 [85b3ffbc-a464-405b-ab42-d4ee67435d88@group-34316AD8EE22-LeaderElection72] INFO  impl.LeaderElection (LeaderElection.java:askForVotes(306)) - 85b3ffbc-a464-405b-ab42-d4ee67435d88@group-34316AD8EE22-LeaderElection72 ELECTION round 0: submit vote requests at term 1 for -1: [85b3ffbc-a464-405b-ab42-d4ee67435d88|rpc:10.1.0.4:34567|priority:1], old=null
2022-02-20 11:36:36,485 [85b3ffbc-a464-405b-ab42-d4ee67435d88@group-34316AD8EE22-LeaderElection72] INFO  impl.LeaderElection (LeaderElection.java:askForVotes(308)) - 85b3ffbc-a464-405b-ab42-d4ee67435d88@group-34316AD8EE22-LeaderElection72 ELECTION round 0: result PASSED (term=1)
2022-02-20 11:36:36,485 [85b3ffbc-a464-405b-ab42-d4ee67435d88@group-34316AD8EE22-LeaderElection72] INFO  impl.RoleInfo (RoleInfo.java:shutdownLeaderElection(121)) - 85b3ffbc-a464-405b-ab42-d4ee67435d88: shutdown 85b3ffbc-a464-405b-ab42-d4ee67435d88@group-34316AD8EE22-LeaderElection72
2022-02-20 11:36:36,485 [85b3ffbc-a464-405b-ab42-d4ee67435d88@group-34316AD8EE22-LeaderElection72] INFO  server.RaftServer$Division (RaftServerImpl.java:setRole(290)) - 85b3ffbc-a464-405b-ab42-d4ee67435d88@group-34316AD8EE22: changes role from CANDIDATE to LEADER at term 1 for changeToLeader
2022-02-20 11:36:36,485 [85b3ffbc-a464-405b-ab42-d4ee67435d88@group-34316AD8EE22-LeaderElection72] INFO  ratis.XceiverServerRatis (XceiverServerRatis.java:handleLeaderChangedNotification(867)) - Leader change notification received for group: group-34316AD8EE22 with new leaderId: 85b3ffbc-a464-405b-ab42-d4ee67435d88
2022-02-20 11:36:36,485 [85b3ffbc-a464-405b-ab42-d4ee67435d88@group-34316AD8EE22-LeaderElection72] INFO  server.RaftServer$Division (ServerState.java:setLeader(285)) - 85b3ffbc-a464-405b-ab42-d4ee67435d88@group-34316AD8EE22: change Leader from null to 85b3ffbc-a464-405b-ab42-d4ee67435d88 at term 1 for becomeLeader, leader elected after 5099ms
2022-02-20 11:36:36,485 [85b3ffbc-a464-405b-ab42-d4ee67435d88@group-34316AD8EE22-LeaderElection72] INFO  server.RaftServerConfigKeys (ConfUtils.java:logGet(44)) - raft.server.staging.catchup.gap = 1000 (default)
2022-02-20 11:36:36,486 [85b3ffbc-a464-405b-ab42-d4ee67435d88@group-34316AD8EE22-LeaderElection72] INFO  server.RaftServerConfigKeys (ConfUtils.java:logGet(44)) - raft.server.write.element-limit = 1024 (custom)
2022-02-20 11:36:36,486 [85b3ffbc-a464-405b-ab42-d4ee67435d88@group-34316AD8EE22-LeaderElection72] INFO  server.RaftServerConfigKeys (ConfUtils.java:logGet(44)) - raft.server.write.byte-limit = 1024 M (=1073741824) (custom)
2022-02-20 11:36:36,486 [85b3ffbc-a464-405b-ab42-d4ee67435d88@group-34316AD8EE22-LeaderElection72] INFO  server.RaftServerConfigKeys (ConfUtils.java:logGet(44)) - raft.server.watch.timeout = 180s (custom)
2022-02-20 11:36:36,486 [85b3ffbc-a464-405b-ab42-d4ee67435d88@group-34316AD8EE22-LeaderElection72] INFO  server.RaftServerConfigKeys (ConfUtils.java:logGet(44)) - raft.server.watch.timeout.denomination = 1s (default)
2022-02-20 11:36:36,486 [85b3ffbc-a464-405b-ab42-d4ee67435d88@group-34316AD8EE22-LeaderElection72] INFO  server.RaftServerConfigKeys (ConfUtils.java:logGet(44)) - raft.server.watch.element-limit = 65536 (default)
2022-02-20 11:36:36,486 [85b3ffbc-a464-405b-ab42-d4ee67435d88@group-34316AD8EE22-LeaderElection72] INFO  server.RaftServerConfigKeys (ConfUtils.java:logGet(44)) - raft.server.write.element-limit = 1024 (custom)
2022-02-20 11:36:36,486 [85b3ffbc-a464-405b-ab42-d4ee67435d88@group-34316AD8EE22-LeaderElection72] INFO  server.RaftServerConfigKeys (ConfUtils.java:logGet(44)) - raft.server.write.follower.gap.ratio.max = -1.0 (default)
2022-02-20 11:36:36,486 [85b3ffbc-a464-405b-ab42-d4ee67435d88@group-34316AD8EE22-LeaderElection72] INFO  impl.RoleInfo (RoleInfo.java:updateAndGet(130)) - 85b3ffbc-a464-405b-ab42-d4ee67435d88: start 85b3ffbc-a464-405b-ab42-d4ee67435d88@group-34316AD8EE22-LeaderStateImpl
2022-02-20 11:36:36,487 [85b3ffbc-a464-405b-ab42-d4ee67435d88@group-34316AD8EE22-LeaderElection72] INFO  segmented.SegmentedRaftLogWorker (SegmentedRaftLogWorker.java:startLogSegment(394)) - 85b3ffbc-a464-405b-ab42-d4ee67435d88@group-34316AD8EE22-SegmentedRaftLogWorker: Starting segment from index:0
2022-02-20 11:36:36,513 [85b3ffbc-a464-405b-ab42-d4ee67435d88@group-34316AD8EE22-SegmentedRaftLogWorker] INFO  segmented.SegmentedRaftLogWorker (SegmentedRaftLogWorker.java:execute(601)) - 85b3ffbc-a464-405b-ab42-d4ee67435d88@group-34316AD8EE22-SegmentedRaftLogWorker: created new log segment /home/runner/work/ozone/ozone/hadoop-ozone/integration-test/target/test-dir/MiniOzoneClusterImpl-abb31ffe-caed-4032-89a4-e53f0d8a9600/datanode-0/data/ratis/57fe0ea4-fc94-41bc-a727-34316ad8ee22/current/log_inprogress_0
2022-02-20 11:36:36,514 [EventQueue-OpenPipelineForHealthyPipelineSafeModeRule] INFO  safemode.SCMSafeModeManager (HealthyPipelineSafeModeRule.java:process(124)) - SCM in safe mode. Healthy pipelines reported count is 0, required healthy pipeline reported count is 1
2022-02-20 11:36:36,515 [85b3ffbc-a464-405b-ab42-d4ee67435d88@group-34316AD8EE22-LeaderElection72] INFO  server.RaftServer$Division (ServerState.java:setRaftConf(387)) - 85b3ffbc-a464-405b-ab42-d4ee67435d88@group-34316AD8EE22: set configuration 0: [85b3ffbc-a464-405b-ab42-d4ee67435d88|rpc:10.1.0.4:34567|dataStream:|priority:1], old=null
2022-02-20 11:36:36,612 [23fe3dad-a04c-4c09-8b28-891f29035d1b@group-A42D657D65BB-FollowerState] INFO  impl.FollowerState (FollowerState.java:run(134)) - 23fe3dad-a04c-4c09-8b28-891f29035d1b@group-A42D657D65BB-FollowerState: change to CANDIDATE, lastRpcElapsedTime:5044423904ns, electionTimeout:5041ms
2022-02-20 11:36:36,613 [23fe3dad-a04c-4c09-8b28-891f29035d1b@group-A42D657D65BB-FollowerState] INFO  impl.RoleInfo (RoleInfo.java:shutdownFollowerState(108)) - 23fe3dad-a04c-4c09-8b28-891f29035d1b: shutdown 23fe3dad-a04c-4c09-8b28-891f29035d1b@group-A42D657D65BB-FollowerState
2022-02-20 11:36:36,613 [23fe3dad-a04c-4c09-8b28-891f29035d1b@group-A42D657D65BB-FollowerState] INFO  server.RaftServer$Division (RaftServerImpl.java:setRole(290)) - 23fe3dad-a04c-4c09-8b28-891f29035d1b@group-A42D657D65BB: changes role from  FOLLOWER to CANDIDATE at term 0 for changeToCandidate
2022-02-20 11:36:36,613 [23fe3dad-a04c-4c09-8b28-891f29035d1b@group-A42D657D65BB-FollowerState] INFO  server.RaftServerConfigKeys (ConfUtils.java:logGet(44)) - raft.server.leaderelection.pre-vote = false (custom)
2022-02-20 11:36:36,613 [23fe3dad-a04c-4c09-8b28-891f29035d1b@group-A42D657D65BB-FollowerState] INFO  impl.RoleInfo (RoleInfo.java:updateAndGet(130)) - 23fe3dad-a04c-4c09-8b28-891f29035d1b: start 23fe3dad-a04c-4c09-8b28-891f29035d1b@group-A42D657D65BB-LeaderElection73
2022-02-20 11:36:36,629 [85b3ffbc-a464-405b-ab42-d4ee67435d88@group-A42D657D65BB-FollowerState] INFO  impl.FollowerState (FollowerState.java:run(134)) - 85b3ffbc-a464-405b-ab42-d4ee67435d88@group-A42D657D65BB-FollowerState: change to CANDIDATE, lastRpcElapsedTime:5168188935ns, electionTimeout:5155ms
2022-02-20 11:36:36,629 [85b3ffbc-a464-405b-ab42-d4ee67435d88@group-A42D657D65BB-FollowerState] INFO  impl.RoleInfo (RoleInfo.java:shutdownFollowerState(108)) - 85b3ffbc-a464-405b-ab42-d4ee67435d88: shutdown 85b3ffbc-a464-405b-ab42-d4ee67435d88@group-A42D657D65BB-FollowerState
2022-02-20 11:36:36,629 [85b3ffbc-a464-405b-ab42-d4ee67435d88@group-A42D657D65BB-FollowerState] INFO  server.RaftServer$Division (RaftServerImpl.java:setRole(290)) - 85b3ffbc-a464-405b-ab42-d4ee67435d88@group-A42D657D65BB: changes role from  FOLLOWER to CANDIDATE at term 0 for changeToCandidate
2022-02-20 11:36:36,629 [85b3ffbc-a464-405b-ab42-d4ee67435d88@group-A42D657D65BB-FollowerState] INFO  server.RaftServerConfigKeys (ConfUtils.java:logGet(44)) - raft.server.leaderelection.pre-vote = false (custom)
2022-02-20 11:36:36,629 [85b3ffbc-a464-405b-ab42-d4ee67435d88@group-A42D657D65BB-FollowerState] INFO  impl.RoleInfo (RoleInfo.java:updateAndGet(130)) - 85b3ffbc-a464-405b-ab42-d4ee67435d88: start 85b3ffbc-a464-405b-ab42-d4ee67435d88@group-A42D657D65BB-LeaderElection74
2022-02-20 11:36:36,674 [23fe3dad-a04c-4c09-8b28-891f29035d1b@group-A42D657D65BB-LeaderElection73] INFO  impl.LeaderElection (LeaderElection.java:askForVotes(306)) - 23fe3dad-a04c-4c09-8b28-891f29035d1b@group-A42D657D65BB-LeaderElection73 ELECTION round 0: submit vote requests at term 1 for -1: [23fe3dad-a04c-4c09-8b28-891f29035d1b|rpc:10.1.0.4:44281|dataStream:|priority:0, 85b3ffbc-a464-405b-ab42-d4ee67435d88|rpc:10.1.0.4:34567|dataStream:|priority:0, 1f66905d-0d72-4cea-86d4-72815b371c35|rpc:10.1.0.4:42545|dataStream:|priority:1], old=null
2022-02-20 11:36:36,689 [85b3ffbc-a464-405b-ab42-d4ee67435d88@group-A42D657D65BB-LeaderElection74] INFO  impl.LeaderElection (LeaderElection.java:askForVotes(306)) - 85b3ffbc-a464-405b-ab42-d4ee67435d88@group-A42D657D65BB-LeaderElection74 ELECTION round 0: submit vote requests at term 1 for -1: [23fe3dad-a04c-4c09-8b28-891f29035d1b|rpc:10.1.0.4:44281|priority:0, 85b3ffbc-a464-405b-ab42-d4ee67435d88|rpc:10.1.0.4:34567|priority:0, 1f66905d-0d72-4cea-86d4-72815b371c35|rpc:10.1.0.4:42545|priority:1], old=null
2022-02-20 11:36:36,726 [grpc-default-executor-4] INFO  server.RaftServer$Division (RaftServerImpl.java:requestVote(1046)) - 85b3ffbc-a464-405b-ab42-d4ee67435d88@group-A42D657D65BB: receive requestVote(ELECTION, 23fe3dad-a04c-4c09-8b28-891f29035d1b, group-A42D657D65BB, 1, (t:0, i:0))
2022-02-20 11:36:36,726 [grpc-default-executor-4] INFO  impl.VoteContext (VoteContext.java:log(48)) - 85b3ffbc-a464-405b-ab42-d4ee67435d88@group-A42D657D65BB-CANDIDATE: reject ELECTION from 23fe3dad-a04c-4c09-8b28-891f29035d1b: already has voted for 85b3ffbc-a464-405b-ab42-d4ee67435d88 at current term 1
2022-02-20 11:36:36,726 [grpc-default-executor-4] INFO  server.RaftServer$Division (RaftServerImpl.java:requestVote(1078)) - 85b3ffbc-a464-405b-ab42-d4ee67435d88@group-A42D657D65BB replies to ELECTION vote request: 23fe3dad-a04c-4c09-8b28-891f29035d1b<-85b3ffbc-a464-405b-ab42-d4ee67435d88#0:FAIL-t1. Peer's state: 85b3ffbc-a464-405b-ab42-d4ee67435d88@group-A42D657D65BB:t1, leader=null, voted=85b3ffbc-a464-405b-ab42-d4ee67435d88, raftlog=85b3ffbc-a464-405b-ab42-d4ee67435d88@group-A42D657D65BB-SegmentedRaftLog:OPENED:c-1, conf=-1: [23fe3dad-a04c-4c09-8b28-891f29035d1b|rpc:10.1.0.4:44281|priority:0, 85b3ffbc-a464-405b-ab42-d4ee67435d88|rpc:10.1.0.4:34567|priority:0, 1f66905d-0d72-4cea-86d4-72815b371c35|rpc:10.1.0.4:42545|priority:1], old=null
2022-02-20 11:36:36,769 [grpc-default-executor-6] INFO  server.RaftServer$Division (RaftServerImpl.java:requestVote(1046)) - 23fe3dad-a04c-4c09-8b28-891f29035d1b@group-A42D657D65BB: receive requestVote(ELECTION, 85b3ffbc-a464-405b-ab42-d4ee67435d88, group-A42D657D65BB, 1, (t:0, i:0))
2022-02-20 11:36:36,769 [grpc-default-executor-6] INFO  impl.VoteContext (VoteContext.java:log(48)) - 23fe3dad-a04c-4c09-8b28-891f29035d1b@group-A42D657D65BB-CANDIDATE: reject ELECTION from 85b3ffbc-a464-405b-ab42-d4ee67435d88: already has voted for 23fe3dad-a04c-4c09-8b28-891f29035d1b at current term 1
2022-02-20 11:36:36,769 [grpc-default-executor-6] INFO  server.RaftServer$Division (RaftServerImpl.java:requestVote(1078)) - 23fe3dad-a04c-4c09-8b28-891f29035d1b@group-A42D657D65BB replies to ELECTION vote request: 85b3ffbc-a464-405b-ab42-d4ee67435d88<-23fe3dad-a04c-4c09-8b28-891f29035d1b#0:FAIL-t1. Peer's state: 23fe3dad-a04c-4c09-8b28-891f29035d1b@group-A42D657D65BB:t1, leader=null, voted=23fe3dad-a04c-4c09-8b28-891f29035d1b, raftlog=23fe3dad-a04c-4c09-8b28-891f29035d1b@group-A42D657D65BB-SegmentedRaftLog:OPENED:c-1, conf=-1: [23fe3dad-a04c-4c09-8b28-891f29035d1b|rpc:10.1.0.4:44281|dataStream:|priority:0, 85b3ffbc-a464-405b-ab42-d4ee67435d88|rpc:10.1.0.4:34567|dataStream:|priority:0, 1f66905d-0d72-4cea-86d4-72815b371c35|rpc:10.1.0.4:42545|dataStream:|priority:1], old=null
2022-02-20 11:36:36,770 [grpc-default-executor-4] INFO  server.RaftServer$Division (RaftServerImpl.java:requestVote(1046)) - 1f66905d-0d72-4cea-86d4-72815b371c35@group-A42D657D65BB: receive requestVote(ELECTION, 23fe3dad-a04c-4c09-8b28-891f29035d1b, group-A42D657D65BB, 1, (t:0, i:0))
2022-02-20 11:36:36,770 [grpc-default-executor-4] INFO  impl.VoteContext (VoteContext.java:log(48)) - 1f66905d-0d72-4cea-86d4-72815b371c35@group-A42D657D65BB-FOLLOWER: reject ELECTION from 23fe3dad-a04c-4c09-8b28-891f29035d1b: our priority 1 > candidate's priority 0
2022-02-20 11:36:36,770 [grpc-default-executor-4] INFO  server.RaftServer$Division (RaftServerImpl.java:setRole(290)) - 1f66905d-0d72-4cea-86d4-72815b371c35@group-A42D657D65BB: changes role from  FOLLOWER to FOLLOWER at term 1 for candidate:23fe3dad-a04c-4c09-8b28-891f29035d1b
2022-02-20 11:36:36,770 [grpc-default-executor-4] INFO  impl.RoleInfo (RoleInfo.java:shutdownFollowerState(108)) - 1f66905d-0d72-4cea-86d4-72815b371c35: shutdown 1f66905d-0d72-4cea-86d4-72815b371c35@group-A42D657D65BB-FollowerState
2022-02-20 11:36:36,770 [grpc-default-executor-4] INFO  impl.RoleInfo (RoleInfo.java:updateAndGet(130)) - 1f66905d-0d72-4cea-86d4-72815b371c35: start 1f66905d-0d72-4cea-86d4-72815b371c35@group-A42D657D65BB-FollowerState
2022-02-20 11:36:36,770 [1f66905d-0d72-4cea-86d4-72815b371c35@group-A42D657D65BB-FollowerState] INFO  impl.FollowerState (FollowerState.java:run(143)) - 1f66905d-0d72-4cea-86d4-72815b371c35@group-A42D657D65BB-FollowerState was interrupted: {}
java.lang.InterruptedException: sleep interrupted
	at java.lang.Thread.sleep(Native Method)
	at java.lang.Thread.sleep(Thread.java:342)
	at java.util.concurrent.TimeUnit.sleep(TimeUnit.java:386)
	at org.apache.ratis.util.TimeDuration.sleep(TimeDuration.java:324)
	at org.apache.ratis.util.TimeDuration.sleep(TimeDuration.java:309)
	at org.apache.ratis.server.impl.FollowerState.run(FollowerState.java:118)
2022-02-20 11:36:36,776 [grpc-default-executor-4] INFO  server.RaftServer$Division (RaftServerImpl.java:requestVote(1078)) - 1f66905d-0d72-4cea-86d4-72815b371c35@group-A42D657D65BB replies to ELECTION vote request: 23fe3dad-a04c-4c09-8b28-891f29035d1b<-1f66905d-0d72-4cea-86d4-72815b371c35#0:FAIL-t1. Peer's state: 1f66905d-0d72-4cea-86d4-72815b371c35@group-A42D657D65BB:t1, leader=null, voted=null, raftlog=1f66905d-0d72-4cea-86d4-72815b371c35@group-A42D657D65BB-SegmentedRaftLog:OPENED:c-1, conf=-1: [23fe3dad-a04c-4c09-8b28-891f29035d1b|rpc:10.1.0.4:44281|dataStream:|priority:0, 85b3ffbc-a464-405b-ab42-d4ee67435d88|rpc:10.1.0.4:34567|dataStream:|priority:0, 1f66905d-0d72-4cea-86d4-72815b371c35|rpc:10.1.0.4:42545|dataStream:|priority:1], old=null
2022-02-20 11:36:36,842 [23fe3dad-a04c-4c09-8b28-891f29035d1b@group-A42D657D65BB-LeaderElection73] INFO  impl.LeaderElection (LeaderElection.java:logAndReturn(89)) - 23fe3dad-a04c-4c09-8b28-891f29035d1b@group-A42D657D65BB-LeaderElection73: ELECTION REJECTED received 2 response(s) and 0 exception(s):
2022-02-20 11:36:36,842 [23fe3dad-a04c-4c09-8b28-891f29035d1b@group-A42D657D65BB-LeaderElection73] INFO  impl.LeaderElection (LeaderElection.java:logAndReturn(93)) -   Response 0: 23fe3dad-a04c-4c09-8b28-891f29035d1b<-85b3ffbc-a464-405b-ab42-d4ee67435d88#0:FAIL-t1
2022-02-20 11:36:36,842 [23fe3dad-a04c-4c09-8b28-891f29035d1b@group-A42D657D65BB-LeaderElection73] INFO  impl.LeaderElection (LeaderElection.java:logAndReturn(93)) -   Response 1: 23fe3dad-a04c-4c09-8b28-891f29035d1b<-1f66905d-0d72-4cea-86d4-72815b371c35#0:FAIL-t1
2022-02-20 11:36:36,842 [23fe3dad-a04c-4c09-8b28-891f29035d1b@group-A42D657D65BB-LeaderElection73] INFO  impl.LeaderElection (LeaderElection.java:askForVotes(308)) - 23fe3dad-a04c-4c09-8b28-891f29035d1b@group-A42D657D65BB-LeaderElection73 ELECTION round 0: result REJECTED
2022-02-20 11:36:36,842 [23fe3dad-a04c-4c09-8b28-891f29035d1b@group-A42D657D65BB-LeaderElection73] INFO  server.RaftServer$Division (RaftServerImpl.java:setRole(290)) - 23fe3dad-a04c-4c09-8b28-891f29035d1b@group-A42D657D65BB: changes role from CANDIDATE to FOLLOWER at term 1 for REJECTED
2022-02-20 11:36:36,842 [23fe3dad-a04c-4c09-8b28-891f29035d1b@group-A42D657D65BB-LeaderElection73] INFO  impl.RoleInfo (RoleInfo.java:shutdownLeaderElection(121)) - 23fe3dad-a04c-4c09-8b28-891f29035d1b: shutdown 23fe3dad-a04c-4c09-8b28-891f29035d1b@group-A42D657D65BB-LeaderElection73
2022-02-20 11:36:36,842 [23fe3dad-a04c-4c09-8b28-891f29035d1b@group-A42D657D65BB-LeaderElection73] INFO  impl.RoleInfo (RoleInfo.java:updateAndGet(130)) - 23fe3dad-a04c-4c09-8b28-891f29035d1b: start 23fe3dad-a04c-4c09-8b28-891f29035d1b@group-A42D657D65BB-FollowerState
2022-02-20 11:36:36,882 [grpc-default-executor-4] INFO  server.RaftServer$Division (RaftServerImpl.java:requestVote(1046)) - 1f66905d-0d72-4cea-86d4-72815b371c35@group-A42D657D65BB: receive requestVote(ELECTION, 85b3ffbc-a464-405b-ab42-d4ee67435d88, group-A42D657D65BB, 1, (t:0, i:0))
2022-02-20 11:36:36,883 [grpc-default-executor-4] INFO  impl.VoteContext (VoteContext.java:log(48)) - 1f66905d-0d72-4cea-86d4-72815b371c35@group-A42D657D65BB-FOLLOWER: reject ELECTION from 85b3ffbc-a464-405b-ab42-d4ee67435d88: our priority 1 > candidate's priority 0
2022-02-20 11:36:36,883 [grpc-default-executor-4] INFO  server.RaftServer$Division (RaftServerImpl.java:setRole(290)) - 1f66905d-0d72-4cea-86d4-72815b371c35@group-A42D657D65BB: changes role from  FOLLOWER to FOLLOWER at term 1 for candidate:85b3ffbc-a464-405b-ab42-d4ee67435d88
2022-02-20 11:36:36,883 [grpc-default-executor-4] INFO  impl.RoleInfo (RoleInfo.java:shutdownFollowerState(108)) - 1f66905d-0d72-4cea-86d4-72815b371c35: shutdown 1f66905d-0d72-4cea-86d4-72815b371c35@group-A42D657D65BB-FollowerState
2022-02-20 11:36:36,883 [grpc-default-executor-4] INFO  impl.RoleInfo (RoleInfo.java:updateAndGet(130)) - 1f66905d-0d72-4cea-86d4-72815b371c35: start 1f66905d-0d72-4cea-86d4-72815b371c35@group-A42D657D65BB-FollowerState
2022-02-20 11:36:36,883 [1f66905d-0d72-4cea-86d4-72815b371c35@group-A42D657D65BB-FollowerState] INFO  impl.FollowerState (FollowerState.java:run(143)) - 1f66905d-0d72-4cea-86d4-72815b371c35@group-A42D657D65BB-FollowerState was interrupted: {}
java.lang.InterruptedException: sleep interrupted
	at java.lang.Thread.sleep(Native Method)
	at java.lang.Thread.sleep(Thread.java:342)
	at java.util.concurrent.TimeUnit.sleep(TimeUnit.java:386)
	at org.apache.ratis.util.TimeDuration.sleep(TimeDuration.java:324)
	at org.apache.ratis.util.TimeDuration.sleep(TimeDuration.java:309)
	at org.apache.ratis.server.impl.FollowerState.run(FollowerState.java:118)
2022-02-20 11:36:36,910 [grpc-default-executor-4] INFO  server.RaftServer$Division (RaftServerImpl.java:requestVote(1078)) - 1f66905d-0d72-4cea-86d4-72815b371c35@group-A42D657D65BB replies to ELECTION vote request: 85b3ffbc-a464-405b-ab42-d4ee67435d88<-1f66905d-0d72-4cea-86d4-72815b371c35#0:FAIL-t1. Peer's state: 1f66905d-0d72-4cea-86d4-72815b371c35@group-A42D657D65BB:t1, leader=null, voted=null, raftlog=1f66905d-0d72-4cea-86d4-72815b371c35@group-A42D657D65BB-SegmentedRaftLog:OPENED:c-1, conf=-1: [23fe3dad-a04c-4c09-8b28-891f29035d1b|rpc:10.1.0.4:44281|dataStream:|priority:0, 85b3ffbc-a464-405b-ab42-d4ee67435d88|rpc:10.1.0.4:34567|dataStream:|priority:0, 1f66905d-0d72-4cea-86d4-72815b371c35|rpc:10.1.0.4:42545|dataStream:|priority:1], old=null
2022-02-20 11:36:36,930 [85b3ffbc-a464-405b-ab42-d4ee67435d88@group-A42D657D65BB-LeaderElection74] INFO  impl.LeaderElection (LeaderElection.java:logAndReturn(89)) - 85b3ffbc-a464-405b-ab42-d4ee67435d88@group-A42D657D65BB-LeaderElection74: ELECTION REJECTED received 2 response(s) and 0 exception(s):
2022-02-20 11:36:36,930 [85b3ffbc-a464-405b-ab42-d4ee67435d88@group-A42D657D65BB-LeaderElection74] INFO  impl.LeaderElection (LeaderElection.java:logAndReturn(93)) -   Response 0: 85b3ffbc-a464-405b-ab42-d4ee67435d88<-23fe3dad-a04c-4c09-8b28-891f29035d1b#0:FAIL-t1
2022-02-20 11:36:36,930 [85b3ffbc-a464-405b-ab42-d4ee67435d88@group-A42D657D65BB-LeaderElection74] INFO  impl.LeaderElection (LeaderElection.java:logAndReturn(93)) -   Response 1: 85b3ffbc-a464-405b-ab42-d4ee67435d88<-1f66905d-0d72-4cea-86d4-72815b371c35#0:FAIL-t1
2022-02-20 11:36:36,930 [85b3ffbc-a464-405b-ab42-d4ee67435d88@group-A42D657D65BB-LeaderElection74] INFO  impl.LeaderElection (LeaderElection.java:askForVotes(308)) - 85b3ffbc-a464-405b-ab42-d4ee67435d88@group-A42D657D65BB-LeaderElection74 ELECTION round 0: result REJECTED
2022-02-20 11:36:36,930 [85b3ffbc-a464-405b-ab42-d4ee67435d88@group-A42D657D65BB-LeaderElection74] INFO  server.RaftServer$Division (RaftServerImpl.java:setRole(290)) - 85b3ffbc-a464-405b-ab42-d4ee67435d88@group-A42D657D65BB: changes role from CANDIDATE to FOLLOWER at term 1 for REJECTED
2022-02-20 11:36:36,930 [85b3ffbc-a464-405b-ab42-d4ee67435d88@group-A42D657D65BB-LeaderElection74] INFO  impl.RoleInfo (RoleInfo.java:shutdownLeaderElection(121)) - 85b3ffbc-a464-405b-ab42-d4ee67435d88: shutdown 85b3ffbc-a464-405b-ab42-d4ee67435d88@group-A42D657D65BB-LeaderElection74
2022-02-20 11:36:36,930 [85b3ffbc-a464-405b-ab42-d4ee67435d88@group-A42D657D65BB-LeaderElection74] INFO  impl.RoleInfo (RoleInfo.java:updateAndGet(130)) - 85b3ffbc-a464-405b-ab42-d4ee67435d88: start 85b3ffbc-a464-405b-ab42-d4ee67435d88@group-A42D657D65BB-FollowerState
2022-02-20 11:36:36,959 [85b3ffbc-a464-405b-ab42-d4ee67435d88@group-53290EC893CB-FollowerState] INFO  impl.FollowerState (FollowerState.java:run(134)) - 85b3ffbc-a464-405b-ab42-d4ee67435d88@group-53290EC893CB-FollowerState: change to CANDIDATE, lastRpcElapsedTime:5081923200ns, electionTimeout:5081ms
2022-02-20 11:36:36,959 [85b3ffbc-a464-405b-ab42-d4ee67435d88@group-53290EC893CB-FollowerState] INFO  impl.RoleInfo (RoleInfo.java:shutdownFollowerState(108)) - 85b3ffbc-a464-405b-ab42-d4ee67435d88: shutdown 85b3ffbc-a464-405b-ab42-d4ee67435d88@group-53290EC893CB-FollowerState
2022-02-20 11:36:36,959 [85b3ffbc-a464-405b-ab42-d4ee67435d88@group-53290EC893CB-FollowerState] INFO  server.RaftServer$Division (RaftServerImpl.java:setRole(290)) - 85b3ffbc-a464-405b-ab42-d4ee67435d88@group-53290EC893CB: changes role from  FOLLOWER to CANDIDATE at term 0 for changeToCandidate
2022-02-20 11:36:36,959 [85b3ffbc-a464-405b-ab42-d4ee67435d88@group-53290EC893CB-FollowerState] INFO  server.RaftServerConfigKeys (ConfUtils.java:logGet(44)) - raft.server.leaderelection.pre-vote = false (custom)
2022-02-20 11:36:36,959 [85b3ffbc-a464-405b-ab42-d4ee67435d88@group-53290EC893CB-FollowerState] INFO  impl.RoleInfo (RoleInfo.java:updateAndGet(130)) - 85b3ffbc-a464-405b-ab42-d4ee67435d88: start 85b3ffbc-a464-405b-ab42-d4ee67435d88@group-53290EC893CB-LeaderElection75
2022-02-20 11:36:36,967 [23fe3dad-a04c-4c09-8b28-891f29035d1b@group-53290EC893CB-FollowerState] INFO  impl.FollowerState (FollowerState.java:run(134)) - 23fe3dad-a04c-4c09-8b28-891f29035d1b@group-53290EC893CB-FollowerState: change to CANDIDATE, lastRpcElapsedTime:5029357435ns, electionTimeout:5028ms
2022-02-20 11:36:36,975 [23fe3dad-a04c-4c09-8b28-891f29035d1b@group-53290EC893CB-FollowerState] INFO  impl.RoleInfo (RoleInfo.java:shutdownFollowerState(108)) - 23fe3dad-a04c-4c09-8b28-891f29035d1b: shutdown 23fe3dad-a04c-4c09-8b28-891f29035d1b@group-53290EC893CB-FollowerState
2022-02-20 11:36:36,975 [23fe3dad-a04c-4c09-8b28-891f29035d1b@group-53290EC893CB-FollowerState] INFO  server.RaftServer$Division (RaftServerImpl.java:setRole(290)) - 23fe3dad-a04c-4c09-8b28-891f29035d1b@group-53290EC893CB: changes role from  FOLLOWER to CANDIDATE at term 0 for changeToCandidate
2022-02-20 11:36:36,975 [23fe3dad-a04c-4c09-8b28-891f29035d1b@group-53290EC893CB-FollowerState] INFO  server.RaftServerConfigKeys (ConfUtils.java:logGet(44)) - raft.server.leaderelection.pre-vote = false (custom)
2022-02-20 11:36:36,975 [23fe3dad-a04c-4c09-8b28-891f29035d1b@group-53290EC893CB-FollowerState] INFO  impl.RoleInfo (RoleInfo.java:updateAndGet(130)) - 23fe3dad-a04c-4c09-8b28-891f29035d1b: start 23fe3dad-a04c-4c09-8b28-891f29035d1b@group-53290EC893CB-LeaderElection76
2022-02-20 11:36:36,975 [1f66905d-0d72-4cea-86d4-72815b371c35@group-FA389181A26C-FollowerState] INFO  impl.FollowerState (FollowerState.java:run(134)) - 1f66905d-0d72-4cea-86d4-72815b371c35@group-FA389181A26C-FollowerState: change to CANDIDATE, lastRpcElapsedTime:5181866775ns, electionTimeout:5180ms
2022-02-20 11:36:36,975 [1f66905d-0d72-4cea-86d4-72815b371c35@group-FA389181A26C-FollowerState] INFO  impl.RoleInfo (RoleInfo.java:shutdownFollowerState(108)) - 1f66905d-0d72-4cea-86d4-72815b371c35: shutdown 1f66905d-0d72-4cea-86d4-72815b371c35@group-FA389181A26C-FollowerState
2022-02-20 11:36:36,975 [1f66905d-0d72-4cea-86d4-72815b371c35@group-FA389181A26C-FollowerState] INFO  server.RaftServer$Division (RaftServerImpl.java:setRole(290)) - 1f66905d-0d72-4cea-86d4-72815b371c35@group-FA389181A26C: changes role from  FOLLOWER to CANDIDATE at term 0 for changeToCandidate
2022-02-20 11:36:37,000 [1f66905d-0d72-4cea-86d4-72815b371c35@group-FA389181A26C-FollowerState] INFO  server.RaftServerConfigKeys (ConfUtils.java:logGet(44)) - raft.server.leaderelection.pre-vote = false (custom)
2022-02-20 11:36:37,000 [1f66905d-0d72-4cea-86d4-72815b371c35@group-FA389181A26C-FollowerState] INFO  impl.RoleInfo (RoleInfo.java:updateAndGet(130)) - 1f66905d-0d72-4cea-86d4-72815b371c35: start 1f66905d-0d72-4cea-86d4-72815b371c35@group-FA389181A26C-LeaderElection77
2022-02-20 11:36:37,018 [85b3ffbc-a464-405b-ab42-d4ee67435d88@group-53290EC893CB-LeaderElection75] INFO  impl.LeaderElection (LeaderElection.java:askForVotes(306)) - 85b3ffbc-a464-405b-ab42-d4ee67435d88@group-53290EC893CB-LeaderElection75 ELECTION round 0: submit vote requests at term 1 for -1: [85b3ffbc-a464-405b-ab42-d4ee67435d88|rpc:10.1.0.4:34567|priority:1, 23fe3dad-a04c-4c09-8b28-891f29035d1b|rpc:10.1.0.4:44281|priority:0, 1f66905d-0d72-4cea-86d4-72815b371c35|rpc:10.1.0.4:42545|priority:0], old=null
2022-02-20 11:36:37,018 [23fe3dad-a04c-4c09-8b28-891f29035d1b@group-53290EC893CB-LeaderElection76] INFO  impl.LeaderElection (LeaderElection.java:askForVotes(306)) - 23fe3dad-a04c-4c09-8b28-891f29035d1b@group-53290EC893CB-LeaderElection76 ELECTION round 0: submit vote requests at term 1 for -1: [85b3ffbc-a464-405b-ab42-d4ee67435d88|rpc:10.1.0.4:34567|dataStream:|priority:1, 23fe3dad-a04c-4c09-8b28-891f29035d1b|rpc:10.1.0.4:44281|dataStream:|priority:0, 1f66905d-0d72-4cea-86d4-72815b371c35|rpc:10.1.0.4:42545|dataStream:|priority:0], old=null
2022-02-20 11:36:37,025 [1f66905d-0d72-4cea-86d4-72815b371c35@group-FA389181A26C-LeaderElection77] INFO  impl.LeaderElection (LeaderElection.java:askForVotes(306)) - 1f66905d-0d72-4cea-86d4-72815b371c35@group-FA389181A26C-LeaderElection77 ELECTION round 0: submit vote requests at term 1 for -1: [1f66905d-0d72-4cea-86d4-72815b371c35|rpc:10.1.0.4:42545|priority:1], old=null
2022-02-20 11:36:37,025 [1f66905d-0d72-4cea-86d4-72815b371c35@group-FA389181A26C-LeaderElection77] INFO  impl.LeaderElection (LeaderElection.java:askForVotes(308)) - 1f66905d-0d72-4cea-86d4-72815b371c35@group-FA389181A26C-LeaderElection77 ELECTION round 0: result PASSED (term=1)
2022-02-20 11:36:37,025 [1f66905d-0d72-4cea-86d4-72815b371c35@group-FA389181A26C-LeaderElection77] INFO  impl.RoleInfo (RoleInfo.java:shutdownLeaderElection(121)) - 1f66905d-0d72-4cea-86d4-72815b371c35: shutdown 1f66905d-0d72-4cea-86d4-72815b371c35@group-FA389181A26C-LeaderElection77
2022-02-20 11:36:37,025 [1f66905d-0d72-4cea-86d4-72815b371c35@group-FA389181A26C-LeaderElection77] INFO  server.RaftServer$Division (RaftServerImpl.java:setRole(290)) - 1f66905d-0d72-4cea-86d4-72815b371c35@group-FA389181A26C: changes role from CANDIDATE to LEADER at term 1 for changeToLeader
2022-02-20 11:36:37,025 [1f66905d-0d72-4cea-86d4-72815b371c35@group-FA389181A26C-LeaderElection77] INFO  ratis.XceiverServerRatis (XceiverServerRatis.java:handleLeaderChangedNotification(867)) - Leader change notification received for group: group-FA389181A26C with new leaderId: 1f66905d-0d72-4cea-86d4-72815b371c35
2022-02-20 11:36:37,047 [grpc-default-executor-6] INFO  server.RaftServer$Division (RaftServerImpl.java:requestVote(1046)) - 1f66905d-0d72-4cea-86d4-72815b371c35@group-53290EC893CB: receive requestVote(ELECTION, 85b3ffbc-a464-405b-ab42-d4ee67435d88, group-53290EC893CB, 1, (t:0, i:0))
2022-02-20 11:36:37,047 [grpc-default-executor-6] INFO  impl.VoteContext (VoteContext.java:log(48)) - 1f66905d-0d72-4cea-86d4-72815b371c35@group-53290EC893CB-FOLLOWER: accept ELECTION from 85b3ffbc-a464-405b-ab42-d4ee67435d88: our priority 0 <= candidate's priority 1
2022-02-20 11:36:37,047 [grpc-default-executor-6] INFO  server.RaftServer$Division (RaftServerImpl.java:setRole(290)) - 1f66905d-0d72-4cea-86d4-72815b371c35@group-53290EC893CB: changes role from  FOLLOWER to FOLLOWER at term 1 for candidate:85b3ffbc-a464-405b-ab42-d4ee67435d88
2022-02-20 11:36:37,047 [grpc-default-executor-6] INFO  impl.RoleInfo (RoleInfo.java:shutdownFollowerState(108)) - 1f66905d-0d72-4cea-86d4-72815b371c35: shutdown 1f66905d-0d72-4cea-86d4-72815b371c35@group-53290EC893CB-FollowerState
2022-02-20 11:36:37,047 [1f66905d-0d72-4cea-86d4-72815b371c35@group-FA389181A26C-LeaderElection77] INFO  server.RaftServer$Division (ServerState.java:setLeader(285)) - 1f66905d-0d72-4cea-86d4-72815b371c35@group-FA389181A26C: change Leader from null to 1f66905d-0d72-4cea-86d4-72815b371c35 at term 1 for becomeLeader, leader elected after 5273ms
2022-02-20 11:36:37,047 [1f66905d-0d72-4cea-86d4-72815b371c35@group-FA389181A26C-LeaderElection77] INFO  server.RaftServerConfigKeys (ConfUtils.java:logGet(44)) - raft.server.staging.catchup.gap = 1000 (default)
2022-02-20 11:36:37,047 [grpc-default-executor-4] INFO  server.RaftServer$Division (RaftServerImpl.java:requestVote(1046)) - 23fe3dad-a04c-4c09-8b28-891f29035d1b@group-53290EC893CB: receive requestVote(ELECTION, 85b3ffbc-a464-405b-ab42-d4ee67435d88, group-53290EC893CB, 1, (t:0, i:0))
2022-02-20 11:36:37,047 [grpc-default-executor-4] INFO  impl.VoteContext (VoteContext.java:log(48)) - 23fe3dad-a04c-4c09-8b28-891f29035d1b@group-53290EC893CB-CANDIDATE: reject ELECTION from 85b3ffbc-a464-405b-ab42-d4ee67435d88: already has voted for 23fe3dad-a04c-4c09-8b28-891f29035d1b at current term 1
2022-02-20 11:36:37,048 [grpc-default-executor-4] INFO  server.RaftServer$Division (RaftServerImpl.java:requestVote(1078)) - 23fe3dad-a04c-4c09-8b28-891f29035d1b@group-53290EC893CB replies to ELECTION vote request: 85b3ffbc-a464-405b-ab42-d4ee67435d88<-23fe3dad-a04c-4c09-8b28-891f29035d1b#0:FAIL-t1. Peer's state: 23fe3dad-a04c-4c09-8b28-891f29035d1b@group-53290EC893CB:t1, leader=null, voted=23fe3dad-a04c-4c09-8b28-891f29035d1b, raftlog=23fe3dad-a04c-4c09-8b28-891f29035d1b@group-53290EC893CB-SegmentedRaftLog:OPENED:c-1, conf=-1: [85b3ffbc-a464-405b-ab42-d4ee67435d88|rpc:10.1.0.4:34567|dataStream:|priority:1, 23fe3dad-a04c-4c09-8b28-891f29035d1b|rpc:10.1.0.4:44281|dataStream:|priority:0, 1f66905d-0d72-4cea-86d4-72815b371c35|rpc:10.1.0.4:42545|dataStream:|priority:0], old=null
2022-02-20 11:36:37,048 [EventQueue-OpenPipelineForHealthyPipelineSafeModeRule] INFO  safemode.SCMSafeModeManager (HealthyPipelineSafeModeRule.java:process(124)) - SCM in safe mode. Healthy pipelines reported count is 0, required healthy pipeline reported count is 1
2022-02-20 11:36:37,056 [1f66905d-0d72-4cea-86d4-72815b371c35@group-53290EC893CB-FollowerState] INFO  impl.FollowerState (FollowerState.java:run(127)) - 1f66905d-0d72-4cea-86d4-72815b371c35@group-53290EC893CB-FollowerState: Stopping now (isRunning? false, isFollower? true)
2022-02-20 11:36:37,076 [1f66905d-0d72-4cea-86d4-72815b371c35@group-FA389181A26C-LeaderElection77] INFO  server.RaftServerConfigKeys (ConfUtils.java:logGet(44)) - raft.server.write.element-limit = 1024 (custom)
2022-02-20 11:36:37,077 [1f66905d-0d72-4cea-86d4-72815b371c35@group-FA389181A26C-LeaderElection77] INFO  server.RaftServerConfigKeys (ConfUtils.java:logGet(44)) - raft.server.write.byte-limit = 1024 M (=1073741824) (custom)
2022-02-20 11:36:37,077 [1f66905d-0d72-4cea-86d4-72815b371c35@group-FA389181A26C-LeaderElection77] INFO  server.RaftServerConfigKeys (ConfUtils.java:logGet(44)) - raft.server.watch.timeout = 180s (custom)
2022-02-20 11:36:37,077 [1f66905d-0d72-4cea-86d4-72815b371c35@group-FA389181A26C-LeaderElection77] INFO  server.RaftServerConfigKeys (ConfUtils.java:logGet(44)) - raft.server.watch.timeout.denomination = 1s (default)
2022-02-20 11:36:37,077 [1f66905d-0d72-4cea-86d4-72815b371c35@group-FA389181A26C-LeaderElection77] INFO  server.RaftServerConfigKeys (ConfUtils.java:logGet(44)) - raft.server.watch.element-limit = 65536 (default)
2022-02-20 11:36:37,077 [1f66905d-0d72-4cea-86d4-72815b371c35@group-FA389181A26C-LeaderElection77] INFO  server.RaftServerConfigKeys (ConfUtils.java:logGet(44)) - raft.server.write.element-limit = 1024 (custom)
2022-02-20 11:36:37,077 [1f66905d-0d72-4cea-86d4-72815b371c35@group-FA389181A26C-LeaderElection77] INFO  server.RaftServerConfigKeys (ConfUtils.java:logGet(44)) - raft.server.write.follower.gap.ratio.max = -1.0 (default)
2022-02-20 11:36:37,077 [1f66905d-0d72-4cea-86d4-72815b371c35@group-FA389181A26C-LeaderElection77] INFO  impl.RoleInfo (RoleInfo.java:updateAndGet(130)) - 1f66905d-0d72-4cea-86d4-72815b371c35: start 1f66905d-0d72-4cea-86d4-72815b371c35@group-FA389181A26C-LeaderStateImpl
2022-02-20 11:36:37,077 [grpc-default-executor-6] INFO  impl.RoleInfo (RoleInfo.java:updateAndGet(130)) - 1f66905d-0d72-4cea-86d4-72815b371c35: start 1f66905d-0d72-4cea-86d4-72815b371c35@group-53290EC893CB-FollowerState
2022-02-20 11:36:37,077 [1f66905d-0d72-4cea-86d4-72815b371c35@group-FA389181A26C-LeaderElection77] INFO  segmented.SegmentedRaftLogWorker (SegmentedRaftLogWorker.java:startLogSegment(394)) - 1f66905d-0d72-4cea-86d4-72815b371c35@group-FA389181A26C-SegmentedRaftLogWorker: Starting segment from index:0
2022-02-20 11:36:37,084 [grpc-default-executor-4] INFO  server.RaftServer$Division (RaftServerImpl.java:requestVote(1046)) - 1f66905d-0d72-4cea-86d4-72815b371c35@group-53290EC893CB: receive requestVote(ELECTION, 23fe3dad-a04c-4c09-8b28-891f29035d1b, group-53290EC893CB, 1, (t:0, i:0))
2022-02-20 11:36:37,084 [grpc-default-executor-0] INFO  server.RaftServer$Division (RaftServerImpl.java:requestVote(1046)) - 85b3ffbc-a464-405b-ab42-d4ee67435d88@group-53290EC893CB: receive requestVote(ELECTION, 23fe3dad-a04c-4c09-8b28-891f29035d1b, group-53290EC893CB, 1, (t:0, i:0))
2022-02-20 11:36:37,085 [grpc-default-executor-0] INFO  impl.VoteContext (VoteContext.java:log(48)) - 85b3ffbc-a464-405b-ab42-d4ee67435d88@group-53290EC893CB-CANDIDATE: reject ELECTION from 23fe3dad-a04c-4c09-8b28-891f29035d1b: already has voted for 85b3ffbc-a464-405b-ab42-d4ee67435d88 at current term 1
2022-02-20 11:36:37,085 [grpc-default-executor-0] INFO  server.RaftServer$Division (RaftServerImpl.java:requestVote(1078)) - 85b3ffbc-a464-405b-ab42-d4ee67435d88@group-53290EC893CB replies to ELECTION vote request: 23fe3dad-a04c-4c09-8b28-891f29035d1b<-85b3ffbc-a464-405b-ab42-d4ee67435d88#0:FAIL-t1. Peer's state: 85b3ffbc-a464-405b-ab42-d4ee67435d88@group-53290EC893CB:t1, leader=null, voted=85b3ffbc-a464-405b-ab42-d4ee67435d88, raftlog=85b3ffbc-a464-405b-ab42-d4ee67435d88@group-53290EC893CB-SegmentedRaftLog:OPENED:c-1, conf=-1: [85b3ffbc-a464-405b-ab42-d4ee67435d88|rpc:10.1.0.4:34567|priority:1, 23fe3dad-a04c-4c09-8b28-891f29035d1b|rpc:10.1.0.4:44281|priority:0, 1f66905d-0d72-4cea-86d4-72815b371c35|rpc:10.1.0.4:42545|priority:0], old=null
2022-02-20 11:36:37,085 [1f66905d-0d72-4cea-86d4-72815b371c35@group-FA389181A26C-SegmentedRaftLogWorker] INFO  segmented.SegmentedRaftLogWorker (SegmentedRaftLogWorker.java:execute(601)) - 1f66905d-0d72-4cea-86d4-72815b371c35@group-FA389181A26C-SegmentedRaftLogWorker: created new log segment /home/runner/work/ozone/ozone/hadoop-ozone/integration-test/target/test-dir/MiniOzoneClusterImpl-abb31ffe-caed-4032-89a4-e53f0d8a9600/datanode-1/data/ratis/ce0ce395-900d-4f05-abf7-fa389181a26c/current/log_inprogress_0
2022-02-20 11:36:37,086 [23fe3dad-a04c-4c09-8b28-891f29035d1b@group-53290EC893CB-LeaderElection76] INFO  impl.LeaderElection (LeaderElection.java:logAndReturn(89)) - 23fe3dad-a04c-4c09-8b28-891f29035d1b@group-53290EC893CB-LeaderElection76: ELECTION REJECTED received 1 response(s) and 0 exception(s):
2022-02-20 11:36:37,086 [23fe3dad-a04c-4c09-8b28-891f29035d1b@group-53290EC893CB-LeaderElection76] INFO  impl.LeaderElection (LeaderElection.java:logAndReturn(93)) -   Response 0: 23fe3dad-a04c-4c09-8b28-891f29035d1b<-85b3ffbc-a464-405b-ab42-d4ee67435d88#0:FAIL-t1
2022-02-20 11:36:37,086 [23fe3dad-a04c-4c09-8b28-891f29035d1b@group-53290EC893CB-LeaderElection76] INFO  impl.LeaderElection (LeaderElection.java:askForVotes(308)) - 23fe3dad-a04c-4c09-8b28-891f29035d1b@group-53290EC893CB-LeaderElection76 ELECTION round 0: result REJECTED
2022-02-20 11:36:37,086 [23fe3dad-a04c-4c09-8b28-891f29035d1b@group-53290EC893CB-LeaderElection76] INFO  server.RaftServer$Division (RaftServerImpl.java:setRole(290)) - 23fe3dad-a04c-4c09-8b28-891f29035d1b@group-53290EC893CB: changes role from CANDIDATE to FOLLOWER at term 1 for REJECTED
2022-02-20 11:36:37,086 [23fe3dad-a04c-4c09-8b28-891f29035d1b@group-53290EC893CB-LeaderElection76] INFO  impl.RoleInfo (RoleInfo.java:shutdownLeaderElection(121)) - 23fe3dad-a04c-4c09-8b28-891f29035d1b: shutdown 23fe3dad-a04c-4c09-8b28-891f29035d1b@group-53290EC893CB-LeaderElection76
2022-02-20 11:36:37,086 [23fe3dad-a04c-4c09-8b28-891f29035d1b@group-53290EC893CB-LeaderElection76] INFO  impl.RoleInfo (RoleInfo.java:updateAndGet(130)) - 23fe3dad-a04c-4c09-8b28-891f29035d1b: start 23fe3dad-a04c-4c09-8b28-891f29035d1b@group-53290EC893CB-FollowerState
2022-02-20 11:36:37,086 [grpc-default-executor-6] INFO  server.RaftServer$Division (RaftServerImpl.java:requestVote(1078)) - 1f66905d-0d72-4cea-86d4-72815b371c35@group-53290EC893CB replies to ELECTION vote request: 85b3ffbc-a464-405b-ab42-d4ee67435d88<-1f66905d-0d72-4cea-86d4-72815b371c35#0:OK-t1. Peer's state: 1f66905d-0d72-4cea-86d4-72815b371c35@group-53290EC893CB:t1, leader=null, voted=85b3ffbc-a464-405b-ab42-d4ee67435d88, raftlog=1f66905d-0d72-4cea-86d4-72815b371c35@group-53290EC893CB-SegmentedRaftLog:OPENED:c-1, conf=-1: [85b3ffbc-a464-405b-ab42-d4ee67435d88|rpc:10.1.0.4:34567|priority:1, 23fe3dad-a04c-4c09-8b28-891f29035d1b|rpc:10.1.0.4:44281|priority:0, 1f66905d-0d72-4cea-86d4-72815b371c35|rpc:10.1.0.4:42545|priority:0], old=null
2022-02-20 11:36:37,115 [85b3ffbc-a464-405b-ab42-d4ee67435d88@group-53290EC893CB-LeaderElection75] INFO  impl.LeaderElection (LeaderElection.java:logAndReturn(89)) - 85b3ffbc-a464-405b-ab42-d4ee67435d88@group-53290EC893CB-LeaderElection75: ELECTION PASSED received 2 response(s) and 0 exception(s):
2022-02-20 11:36:37,115 [85b3ffbc-a464-405b-ab42-d4ee67435d88@group-53290EC893CB-LeaderElection75] INFO  impl.LeaderElection (LeaderElection.java:logAndReturn(93)) -   Response 0: 85b3ffbc-a464-405b-ab42-d4ee67435d88<-23fe3dad-a04c-4c09-8b28-891f29035d1b#0:FAIL-t1
2022-02-20 11:36:37,115 [85b3ffbc-a464-405b-ab42-d4ee67435d88@group-53290EC893CB-LeaderElection75] INFO  impl.LeaderElection (LeaderElection.java:logAndReturn(93)) -   Response 1: 85b3ffbc-a464-405b-ab42-d4ee67435d88<-1f66905d-0d72-4cea-86d4-72815b371c35#0:OK-t1
2022-02-20 11:36:37,115 [85b3ffbc-a464-405b-ab42-d4ee67435d88@group-53290EC893CB-LeaderElection75] INFO  impl.LeaderElection (LeaderElection.java:askForVotes(308)) - 85b3ffbc-a464-405b-ab42-d4ee67435d88@group-53290EC893CB-LeaderElection75 ELECTION round 0: result PASSED
2022-02-20 11:36:37,115 [85b3ffbc-a464-405b-ab42-d4ee67435d88@group-53290EC893CB-LeaderElection75] INFO  impl.RoleInfo (RoleInfo.java:shutdownLeaderElection(121)) - 85b3ffbc-a464-405b-ab42-d4ee67435d88: shutdown 85b3ffbc-a464-405b-ab42-d4ee67435d88@group-53290EC893CB-LeaderElection75
2022-02-20 11:36:37,115 [85b3ffbc-a464-405b-ab42-d4ee67435d88@group-53290EC893CB-LeaderElection75] INFO  server.RaftServer$Division (RaftServerImpl.java:setRole(290)) - 85b3ffbc-a464-405b-ab42-d4ee67435d88@group-53290EC893CB: changes role from CANDIDATE to LEADER at term 1 for changeToLeader
2022-02-20 11:36:37,115 [85b3ffbc-a464-405b-ab42-d4ee67435d88@group-53290EC893CB-LeaderElection75] INFO  ratis.XceiverServerRatis (XceiverServerRatis.java:handleLeaderChangedNotification(867)) - Leader change notification received for group: group-53290EC893CB with new leaderId: 85b3ffbc-a464-405b-ab42-d4ee67435d88
2022-02-20 11:36:37,115 [85b3ffbc-a464-405b-ab42-d4ee67435d88@group-53290EC893CB-LeaderElection75] INFO  server.RaftServer$Division (ServerState.java:setLeader(285)) - 85b3ffbc-a464-405b-ab42-d4ee67435d88@group-53290EC893CB: change Leader from null to 85b3ffbc-a464-405b-ab42-d4ee67435d88 at term 1 for becomeLeader, leader elected after 5281ms
2022-02-20 11:36:37,116 [85b3ffbc-a464-405b-ab42-d4ee67435d88@group-53290EC893CB-LeaderElection75] INFO  server.RaftServerConfigKeys (ConfUtils.java:logGet(44)) - raft.server.staging.catchup.gap = 1000 (default)
2022-02-20 11:36:37,116 [85b3ffbc-a464-405b-ab42-d4ee67435d88@group-53290EC893CB-LeaderElection75] INFO  server.RaftServerConfigKeys (ConfUtils.java:logGet(44)) - raft.server.write.element-limit = 1024 (custom)
2022-02-20 11:36:37,116 [85b3ffbc-a464-405b-ab42-d4ee67435d88@group-53290EC893CB-LeaderElection75] INFO  server.RaftServerConfigKeys (ConfUtils.java:logGet(44)) - raft.server.write.byte-limit = 1024 M (=1073741824) (custom)
2022-02-20 11:36:37,116 [85b3ffbc-a464-405b-ab42-d4ee67435d88@group-53290EC893CB-LeaderElection75] INFO  server.RaftServerConfigKeys (ConfUtils.java:logGet(44)) - raft.server.watch.timeout = 180s (custom)
2022-02-20 11:36:37,116 [85b3ffbc-a464-405b-ab42-d4ee67435d88@group-53290EC893CB-LeaderElection75] INFO  server.RaftServerConfigKeys (ConfUtils.java:logGet(44)) - raft.server.watch.timeout.denomination = 1s (default)
2022-02-20 11:36:37,116 [85b3ffbc-a464-405b-ab42-d4ee67435d88@group-53290EC893CB-LeaderElection75] INFO  server.RaftServerConfigKeys (ConfUtils.java:logGet(44)) - raft.server.watch.element-limit = 65536 (default)
2022-02-20 11:36:37,116 [85b3ffbc-a464-405b-ab42-d4ee67435d88@group-53290EC893CB-LeaderElection75] INFO  server.RaftServerConfigKeys (ConfUtils.java:logGet(44)) - raft.server.write.element-limit = 1024 (custom)
2022-02-20 11:36:37,116 [85b3ffbc-a464-405b-ab42-d4ee67435d88@group-53290EC893CB-LeaderElection75] INFO  server.RaftServerConfigKeys (ConfUtils.java:logGet(44)) - raft.server.write.follower.gap.ratio.max = -1.0 (default)
2022-02-20 11:36:37,116 [85b3ffbc-a464-405b-ab42-d4ee67435d88@group-53290EC893CB-LeaderElection75] INFO  server.RaftServerConfigKeys (ConfUtils.java:logGet(44)) - raft.server.log.appender.snapshot.chunk.size.max = 16MB (=16777216) (default)
2022-02-20 11:36:37,116 [85b3ffbc-a464-405b-ab42-d4ee67435d88@group-53290EC893CB-LeaderElection75] INFO  server.RaftServerConfigKeys (ConfUtils.java:logGet(44)) - raft.server.log.appender.buffer.byte-limit = 33554432 (custom)
2022-02-20 11:36:37,116 [85b3ffbc-a464-405b-ab42-d4ee67435d88@group-53290EC893CB-LeaderElection75] INFO  server.RaftServerConfigKeys (ConfUtils.java:logGet(44)) - raft.server.log.appender.buffer.element-limit = 1 (custom)
2022-02-20 11:36:37,117 [85b3ffbc-a464-405b-ab42-d4ee67435d88@group-53290EC893CB-LeaderElection75] INFO  grpc.GrpcConfigKeys (ConfUtils.java:logGet(44)) - raft.grpc.server.leader.outstanding.appends.max = 128 (default)
2022-02-20 11:36:37,117 [85b3ffbc-a464-405b-ab42-d4ee67435d88@group-53290EC893CB-LeaderElection75] INFO  server.RaftServerConfigKeys (ConfUtils.java:logGet(44)) - raft.server.rpc.request.timeout = 60s (custom)
2022-02-20 11:36:37,117 [85b3ffbc-a464-405b-ab42-d4ee67435d88@group-53290EC893CB-LeaderElection75] INFO  server.RaftServerConfigKeys (ConfUtils.java:logGet(44)) - raft.server.log.appender.install.snapshot.enabled = false (custom)
2022-02-20 11:36:37,117 [85b3ffbc-a464-405b-ab42-d4ee67435d88@group-53290EC893CB-LeaderElection75] INFO  server.RaftServerConfigKeys (ConfUtils.java:logGet(44)) - raft.server.log.appender.snapshot.chunk.size.max = 16MB (=16777216) (default)
2022-02-20 11:36:37,118 [85b3ffbc-a464-405b-ab42-d4ee67435d88@group-53290EC893CB-LeaderElection75] INFO  server.RaftServerConfigKeys (ConfUtils.java:logGet(44)) - raft.server.log.appender.buffer.byte-limit = 33554432 (custom)
2022-02-20 11:36:37,118 [85b3ffbc-a464-405b-ab42-d4ee67435d88@group-53290EC893CB-LeaderElection75] INFO  server.RaftServerConfigKeys (ConfUtils.java:logGet(44)) - raft.server.log.appender.buffer.element-limit = 1 (custom)
2022-02-20 11:36:37,142 [85b3ffbc-a464-405b-ab42-d4ee67435d88@group-53290EC893CB-LeaderElection75] INFO  grpc.GrpcConfigKeys (ConfUtils.java:logGet(44)) - raft.grpc.server.leader.outstanding.appends.max = 128 (default)
2022-02-20 11:36:37,134 [EventQueue-PipelineReportForPipelineReportHandler] INFO  pipeline.PipelineManagerImpl (PipelineManagerImpl.java:openPipeline(291)) - Pipeline Pipeline[ Id: 1c4d3833-3eb2-473a-b6e5-53290ec893cb, Nodes: 85b3ffbc-a464-405b-ab42-d4ee67435d88{ip: 10.1.0.4, host: fv-az59-849.csjynl4pkq3e1pkirw3ssqjfoh.cx.internal.cloudapp.net, ports: [REPLICATION=45801, RATIS=34567, RATIS_ADMIN=34567, RATIS_SERVER=34567, STANDALONE=38781], networkLocation: /default-rack, certSerialId: null, persistedOpState: IN_SERVICE, persistedOpStateExpiryEpochSec: 0}23fe3dad-a04c-4c09-8b28-891f29035d1b{ip: 10.1.0.4, host: fv-az59-849.csjynl4pkq3e1pkirw3ssqjfoh.cx.internal.cloudapp.net, ports: [REPLICATION=33545, RATIS=44281, RATIS_ADMIN=44281, RATIS_SERVER=44281, STANDALONE=39591], networkLocation: /default-rack, certSerialId: null, persistedOpState: IN_SERVICE, persistedOpStateExpiryEpochSec: 0}1f66905d-0d72-4cea-86d4-72815b371c35{ip: 10.1.0.4, host: fv-az59-849.csjynl4pkq3e1pkirw3ssqjfoh.cx.internal.cloudapp.net, ports: [REPLICATION=36079, RATIS=42545, RATIS_ADMIN=42545, RATIS_SERVER=42545, STANDALONE=44127], networkLocation: /default-rack, certSerialId: null, persistedOpState: IN_SERVICE, persistedOpStateExpiryEpochSec: 0}, ReplicationConfig: RATIS/THREE, State:ALLOCATED, leaderId:85b3ffbc-a464-405b-ab42-d4ee67435d88, CreationTimestamp2022-02-20T11:36:29.165Z[Etc/UTC]] moved to OPEN state
2022-02-20 11:36:37,142 [85b3ffbc-a464-405b-ab42-d4ee67435d88@group-53290EC893CB-LeaderElection75] INFO  server.RaftServerConfigKeys (ConfUtils.java:logGet(44)) - raft.server.rpc.request.timeout = 60s (custom)
2022-02-20 11:36:37,143 [85b3ffbc-a464-405b-ab42-d4ee67435d88@group-53290EC893CB-LeaderElection75] INFO  server.RaftServerConfigKeys (ConfUtils.java:logGet(44)) - raft.server.log.appender.install.snapshot.enabled = false (custom)
2022-02-20 11:36:37,126 [Listener at 127.0.0.1/46775] INFO  ozone.MiniOzoneClusterImpl (MiniOzoneClusterImpl.java:lambda$waitForClusterToBeReady$0(219)) - Nodes are ready. Got 3 of 3 DN Heartbeats.
2022-02-20 11:36:37,143 [Listener at 127.0.0.1/46775] INFO  ozone.MiniOzoneClusterImpl (MiniOzoneClusterImpl.java:lambda$waitForClusterToBeReady$0(222)) - Waiting for cluster to exit safe mode
2022-02-20 11:36:37,143 [Listener at 127.0.0.1/46775] INFO  ozone.MiniOzoneClusterImpl (MiniOzoneClusterImpl.java:lambda$waitForClusterToBeReady$0(224)) - SCM became leader
2022-02-20 11:36:37,143 [7c3d7c22-ea0f-4f16-8203-6756703758f3@group-E53F0D8A9600-StateMachineUpdater] INFO  safemode.HealthyPipelineSafeModeRule (HealthyPipelineSafeModeRule.java:initializeRule(152)) - Refreshed total pipeline count is 1, healthy pipeline threshold count is 1
2022-02-20 11:36:37,119 [1f66905d-0d72-4cea-86d4-72815b371c35@group-FA389181A26C-LeaderElection77] INFO  server.RaftServer$Division (ServerState.java:setRaftConf(387)) - 1f66905d-0d72-4cea-86d4-72815b371c35@group-FA389181A26C: set configuration 0: [1f66905d-0d72-4cea-86d4-72815b371c35|rpc:10.1.0.4:42545|dataStream:|priority:1], old=null
2022-02-20 11:36:37,119 [grpc-default-executor-4] INFO  impl.VoteContext (VoteContext.java:log(48)) - 1f66905d-0d72-4cea-86d4-72815b371c35@group-53290EC893CB-FOLLOWER: reject ELECTION from 23fe3dad-a04c-4c09-8b28-891f29035d1b: already has voted for 85b3ffbc-a464-405b-ab42-d4ee67435d88 at current term 1
2022-02-20 11:36:37,144 [grpc-default-executor-4] INFO  server.RaftServer$Division (RaftServerImpl.java:requestVote(1078)) - 1f66905d-0d72-4cea-86d4-72815b371c35@group-53290EC893CB replies to ELECTION vote request: 23fe3dad-a04c-4c09-8b28-891f29035d1b<-1f66905d-0d72-4cea-86d4-72815b371c35#0:FAIL-t1. Peer's state: 1f66905d-0d72-4cea-86d4-72815b371c35@group-53290EC893CB:t1, leader=null, voted=85b3ffbc-a464-405b-ab42-d4ee67435d88, raftlog=1f66905d-0d72-4cea-86d4-72815b371c35@group-53290EC893CB-SegmentedRaftLog:OPENED:c-1, conf=-1: [85b3ffbc-a464-405b-ab42-d4ee67435d88|rpc:10.1.0.4:34567|priority:1, 23fe3dad-a04c-4c09-8b28-891f29035d1b|rpc:10.1.0.4:44281|priority:0, 1f66905d-0d72-4cea-86d4-72815b371c35|rpc:10.1.0.4:42545|priority:0], old=null
2022-02-20 11:36:37,146 [EventQueue-OpenPipelineForHealthyPipelineSafeModeRule] INFO  safemode.SCMSafeModeManager (HealthyPipelineSafeModeRule.java:process(124)) - SCM in safe mode. Healthy pipelines reported count is 1, required healthy pipeline reported count is 1
2022-02-20 11:36:37,146 [EventQueue-OpenPipelineForHealthyPipelineSafeModeRule] INFO  safemode.SCMSafeModeManager (SCMSafeModeManager.java:validateSafeModeExitRules(204)) - HealthyPipelineSafeModeRule rule is successfully validated
2022-02-20 11:36:37,146 [EventQueue-OpenPipelineForHealthyPipelineSafeModeRule] INFO  safemode.SCMSafeModeManager (SCMSafeModeManager.java:validateSafeModeExitRules(219)) - ScmSafeModeManager, all rules are successfully validated
2022-02-20 11:36:37,146 [EventQueue-OpenPipelineForHealthyPipelineSafeModeRule] INFO  safemode.SCMSafeModeManager (SCMSafeModeManager.java:exitSafeMode(248)) - SCM exiting safe mode.
2022-02-20 11:36:37,146 [EventQueue-OpenPipelineForHealthyPipelineSafeModeRule] WARN  events.EventQueue (EventQueue.java:fireEvent(194)) - No event handler registered for event TypedEvent{payloadType=SafeModeStatus, name='Safe mode status'}
2022-02-20 11:36:37,146 [EventQueue-OpenPipelineForHealthyPipelineSafeModeRule] INFO  ha.SCMContext (SCMContext.java:updateSafeModeStatus(211)) - Update SafeModeStatus from SafeModeStatus{safeModeStatus=true, preCheckPassed=true} to SafeModeStatus{safeModeStatus=false, preCheckPassed=true}.
2022-02-20 11:36:37,146 [EventQueue-OpenPipelineForHealthyPipelineSafeModeRule] INFO  container.ReplicationManager (ReplicationManager.java:notifyStatusChanged(1807)) - Service ReplicationManager transitions to RUNNING.
2022-02-20 11:36:37,152 [85b3ffbc-a464-405b-ab42-d4ee67435d88@group-53290EC893CB-LeaderElection75] INFO  impl.RoleInfo (RoleInfo.java:updateAndGet(130)) - 85b3ffbc-a464-405b-ab42-d4ee67435d88: start 85b3ffbc-a464-405b-ab42-d4ee67435d88@group-53290EC893CB-LeaderStateImpl
2022-02-20 11:36:37,152 [85b3ffbc-a464-405b-ab42-d4ee67435d88@group-53290EC893CB-LeaderElection75] INFO  segmented.SegmentedRaftLogWorker (SegmentedRaftLogWorker.java:startLogSegment(394)) - 85b3ffbc-a464-405b-ab42-d4ee67435d88@group-53290EC893CB-SegmentedRaftLogWorker: Starting segment from index:0
2022-02-20 11:36:37,153 [85b3ffbc-a464-405b-ab42-d4ee67435d88@group-53290EC893CB-SegmentedRaftLogWorker] INFO  segmented.SegmentedRaftLogWorker (SegmentedRaftLogWorker.java:execute(601)) - 85b3ffbc-a464-405b-ab42-d4ee67435d88@group-53290EC893CB-SegmentedRaftLogWorker: created new log segment /home/runner/work/ozone/ozone/hadoop-ozone/integration-test/target/test-dir/MiniOzoneClusterImpl-abb31ffe-caed-4032-89a4-e53f0d8a9600/datanode-0/data/ratis/1c4d3833-3eb2-473a-b6e5-53290ec893cb/current/log_inprogress_0
2022-02-20 11:36:37,202 [grpc-default-executor-6] INFO  ratis.XceiverServerRatis (XceiverServerRatis.java:handleLeaderChangedNotification(867)) - Leader change notification received for group: group-53290EC893CB with new leaderId: 85b3ffbc-a464-405b-ab42-d4ee67435d88
2022-02-20 11:36:37,202 [grpc-default-executor-6] INFO  server.RaftServer$Division (ServerState.java:setLeader(285)) - 1f66905d-0d72-4cea-86d4-72815b371c35@group-53290EC893CB: change Leader from null to 85b3ffbc-a464-405b-ab42-d4ee67435d88 at term 1 for appendEntries, leader elected after 5367ms
2022-02-20 11:36:37,218 [grpc-default-executor-4] INFO  ratis.XceiverServerRatis (XceiverServerRatis.java:handleLeaderChangedNotification(867)) - Leader change notification received for group: group-53290EC893CB with new leaderId: 85b3ffbc-a464-405b-ab42-d4ee67435d88
2022-02-20 11:36:37,218 [grpc-default-executor-4] INFO  server.RaftServer$Division (ServerState.java:setLeader(285)) - 23fe3dad-a04c-4c09-8b28-891f29035d1b@group-53290EC893CB: change Leader from null to 85b3ffbc-a464-405b-ab42-d4ee67435d88 at term 1 for appendEntries, leader elected after 5323ms
2022-02-20 11:36:37,246 [85b3ffbc-a464-405b-ab42-d4ee67435d88@group-53290EC893CB-LeaderElection75] INFO  server.RaftServer$Division (ServerState.java:setRaftConf(387)) - 85b3ffbc-a464-405b-ab42-d4ee67435d88@group-53290EC893CB: set configuration 0: [85b3ffbc-a464-405b-ab42-d4ee67435d88|rpc:10.1.0.4:34567|dataStream:|priority:1, 23fe3dad-a04c-4c09-8b28-891f29035d1b|rpc:10.1.0.4:44281|dataStream:|priority:0, 1f66905d-0d72-4cea-86d4-72815b371c35|rpc:10.1.0.4:42545|dataStream:|priority:0], old=null
2022-02-20 11:36:37,261 [grpc-default-executor-6] INFO  server.RaftServer$Division (ServerState.java:setRaftConf(387)) - 1f66905d-0d72-4cea-86d4-72815b371c35@group-53290EC893CB: set configuration 0: [85b3ffbc-a464-405b-ab42-d4ee67435d88|rpc:10.1.0.4:34567|dataStream:|priority:1, 23fe3dad-a04c-4c09-8b28-891f29035d1b|rpc:10.1.0.4:44281|dataStream:|priority:0, 1f66905d-0d72-4cea-86d4-72815b371c35|rpc:10.1.0.4:42545|dataStream:|priority:0], old=null
2022-02-20 11:36:37,262 [grpc-default-executor-6] INFO  segmented.SegmentedRaftLogWorker (SegmentedRaftLogWorker.java:startLogSegment(394)) - 1f66905d-0d72-4cea-86d4-72815b371c35@group-53290EC893CB-SegmentedRaftLogWorker: Starting segment from index:0
2022-02-20 11:36:37,263 [1f66905d-0d72-4cea-86d4-72815b371c35@group-53290EC893CB-SegmentedRaftLogWorker] INFO  segmented.SegmentedRaftLogWorker (SegmentedRaftLogWorker.java:execute(601)) - 1f66905d-0d72-4cea-86d4-72815b371c35@group-53290EC893CB-SegmentedRaftLogWorker: created new log segment /home/runner/work/ozone/ozone/hadoop-ozone/integration-test/target/test-dir/MiniOzoneClusterImpl-abb31ffe-caed-4032-89a4-e53f0d8a9600/datanode-1/data/ratis/1c4d3833-3eb2-473a-b6e5-53290ec893cb/current/log_inprogress_0
2022-02-20 11:36:37,284 [grpc-default-executor-4] INFO  server.RaftServer$Division (ServerState.java:setRaftConf(387)) - 23fe3dad-a04c-4c09-8b28-891f29035d1b@group-53290EC893CB: set configuration 0: [85b3ffbc-a464-405b-ab42-d4ee67435d88|rpc:10.1.0.4:34567|dataStream:|priority:1, 23fe3dad-a04c-4c09-8b28-891f29035d1b|rpc:10.1.0.4:44281|dataStream:|priority:0, 1f66905d-0d72-4cea-86d4-72815b371c35|rpc:10.1.0.4:42545|dataStream:|priority:0], old=null
2022-02-20 11:36:37,285 [grpc-default-executor-4] INFO  segmented.SegmentedRaftLogWorker (SegmentedRaftLogWorker.java:startLogSegment(394)) - 23fe3dad-a04c-4c09-8b28-891f29035d1b@group-53290EC893CB-SegmentedRaftLogWorker: Starting segment from index:0
2022-02-20 11:36:37,291 [23fe3dad-a04c-4c09-8b28-891f29035d1b@group-53290EC893CB-SegmentedRaftLogWorker] INFO  segmented.SegmentedRaftLogWorker (SegmentedRaftLogWorker.java:execute(601)) - 23fe3dad-a04c-4c09-8b28-891f29035d1b@group-53290EC893CB-SegmentedRaftLogWorker: created new log segment /home/runner/work/ozone/ozone/hadoop-ozone/integration-test/target/test-dir/MiniOzoneClusterImpl-abb31ffe-caed-4032-89a4-e53f0d8a9600/datanode-2/data/ratis/1c4d3833-3eb2-473a-b6e5-53290ec893cb/current/log_inprogress_0
2022-02-20 11:36:37,294 [23fe3dad-a04c-4c09-8b28-891f29035d1b@group-46C4EF8C9305-FollowerState] INFO  impl.FollowerState (FollowerState.java:run(134)) - 23fe3dad-a04c-4c09-8b28-891f29035d1b@group-46C4EF8C9305-FollowerState: change to CANDIDATE, lastRpcElapsedTime:5103217522ns, electionTimeout:5092ms
2022-02-20 11:36:37,295 [23fe3dad-a04c-4c09-8b28-891f29035d1b@group-46C4EF8C9305-FollowerState] INFO  impl.RoleInfo (RoleInfo.java:shutdownFollowerState(108)) - 23fe3dad-a04c-4c09-8b28-891f29035d1b: shutdown 23fe3dad-a04c-4c09-8b28-891f29035d1b@group-46C4EF8C9305-FollowerState
2022-02-20 11:36:37,295 [23fe3dad-a04c-4c09-8b28-891f29035d1b@group-46C4EF8C9305-FollowerState] INFO  server.RaftServer$Division (RaftServerImpl.java:setRole(290)) - 23fe3dad-a04c-4c09-8b28-891f29035d1b@group-46C4EF8C9305: changes role from  FOLLOWER to CANDIDATE at term 0 for changeToCandidate
2022-02-20 11:36:37,305 [23fe3dad-a04c-4c09-8b28-891f29035d1b@group-46C4EF8C9305-FollowerState] INFO  server.RaftServerConfigKeys (ConfUtils.java:logGet(44)) - raft.server.leaderelection.pre-vote = false (custom)
2022-02-20 11:36:37,305 [23fe3dad-a04c-4c09-8b28-891f29035d1b@group-46C4EF8C9305-FollowerState] INFO  impl.RoleInfo (RoleInfo.java:updateAndGet(130)) - 23fe3dad-a04c-4c09-8b28-891f29035d1b: start 23fe3dad-a04c-4c09-8b28-891f29035d1b@group-46C4EF8C9305-LeaderElection78
2022-02-20 11:36:37,337 [23fe3dad-a04c-4c09-8b28-891f29035d1b@group-46C4EF8C9305-LeaderElection78] INFO  impl.LeaderElection (LeaderElection.java:askForVotes(306)) - 23fe3dad-a04c-4c09-8b28-891f29035d1b@group-46C4EF8C9305-LeaderElection78 ELECTION round 0: submit vote requests at term 1 for -1: [23fe3dad-a04c-4c09-8b28-891f29035d1b|rpc:10.1.0.4:44281|priority:1], old=null
2022-02-20 11:36:37,337 [23fe3dad-a04c-4c09-8b28-891f29035d1b@group-46C4EF8C9305-LeaderElection78] INFO  impl.LeaderElection (LeaderElection.java:askForVotes(308)) - 23fe3dad-a04c-4c09-8b28-891f29035d1b@group-46C4EF8C9305-LeaderElection78 ELECTION round 0: result PASSED (term=1)
2022-02-20 11:36:37,337 [23fe3dad-a04c-4c09-8b28-891f29035d1b@group-46C4EF8C9305-LeaderElection78] INFO  impl.RoleInfo (RoleInfo.java:shutdownLeaderElection(121)) - 23fe3dad-a04c-4c09-8b28-891f29035d1b: shutdown 23fe3dad-a04c-4c09-8b28-891f29035d1b@group-46C4EF8C9305-LeaderElection78
2022-02-20 11:36:37,337 [23fe3dad-a04c-4c09-8b28-891f29035d1b@group-46C4EF8C9305-LeaderElection78] INFO  server.RaftServer$Division (RaftServerImpl.java:setRole(290)) - 23fe3dad-a04c-4c09-8b28-891f29035d1b@group-46C4EF8C9305: changes role from CANDIDATE to LEADER at term 1 for changeToLeader
2022-02-20 11:36:37,337 [23fe3dad-a04c-4c09-8b28-891f29035d1b@group-46C4EF8C9305-LeaderElection78] INFO  ratis.XceiverServerRatis (XceiverServerRatis.java:handleLeaderChangedNotification(867)) - Leader change notification received for group: group-46C4EF8C9305 with new leaderId: 23fe3dad-a04c-4c09-8b28-891f29035d1b
2022-02-20 11:36:37,337 [23fe3dad-a04c-4c09-8b28-891f29035d1b@group-46C4EF8C9305-LeaderElection78] INFO  server.RaftServer$Division (ServerState.java:setLeader(285)) - 23fe3dad-a04c-4c09-8b28-891f29035d1b@group-46C4EF8C9305: change Leader from null to 23fe3dad-a04c-4c09-8b28-891f29035d1b at term 1 for becomeLeader, leader elected after 5162ms
2022-02-20 11:36:37,337 [23fe3dad-a04c-4c09-8b28-891f29035d1b@group-46C4EF8C9305-LeaderElection78] INFO  server.RaftServerConfigKeys (ConfUtils.java:logGet(44)) - raft.server.staging.catchup.gap = 1000 (default)
2022-02-20 11:36:37,337 [23fe3dad-a04c-4c09-8b28-891f29035d1b@group-46C4EF8C9305-LeaderElection78] INFO  server.RaftServerConfigKeys (ConfUtils.java:logGet(44)) - raft.server.write.element-limit = 1024 (custom)
2022-02-20 11:36:37,337 [23fe3dad-a04c-4c09-8b28-891f29035d1b@group-46C4EF8C9305-LeaderElection78] INFO  server.RaftServerConfigKeys (ConfUtils.java:logGet(44)) - raft.server.write.byte-limit = 1024 M (=1073741824) (custom)
2022-02-20 11:36:37,339 [23fe3dad-a04c-4c09-8b28-891f29035d1b@group-46C4EF8C9305-LeaderElection78] INFO  server.RaftServerConfigKeys (ConfUtils.java:logGet(44)) - raft.server.watch.timeout = 180s (custom)
2022-02-20 11:36:37,339 [23fe3dad-a04c-4c09-8b28-891f29035d1b@group-46C4EF8C9305-LeaderElection78] INFO  server.RaftServerConfigKeys (ConfUtils.java:logGet(44)) - raft.server.watch.timeout.denomination = 1s (default)
2022-02-20 11:36:37,339 [23fe3dad-a04c-4c09-8b28-891f29035d1b@group-46C4EF8C9305-LeaderElection78] INFO  server.RaftServerConfigKeys (ConfUtils.java:logGet(44)) - raft.server.watch.element-limit = 65536 (default)
2022-02-20 11:36:37,339 [23fe3dad-a04c-4c09-8b28-891f29035d1b@group-46C4EF8C9305-LeaderElection78] INFO  server.RaftServerConfigKeys (ConfUtils.java:logGet(44)) - raft.server.write.element-limit = 1024 (custom)
2022-02-20 11:36:37,339 [23fe3dad-a04c-4c09-8b28-891f29035d1b@group-46C4EF8C9305-LeaderElection78] INFO  server.RaftServerConfigKeys (ConfUtils.java:logGet(44)) - raft.server.write.follower.gap.ratio.max = -1.0 (default)
2022-02-20 11:36:37,339 [23fe3dad-a04c-4c09-8b28-891f29035d1b@group-46C4EF8C9305-LeaderElection78] INFO  impl.RoleInfo (RoleInfo.java:updateAndGet(130)) - 23fe3dad-a04c-4c09-8b28-891f29035d1b: start 23fe3dad-a04c-4c09-8b28-891f29035d1b@group-46C4EF8C9305-LeaderStateImpl
2022-02-20 11:36:37,340 [23fe3dad-a04c-4c09-8b28-891f29035d1b@group-46C4EF8C9305-LeaderElection78] INFO  segmented.SegmentedRaftLogWorker (SegmentedRaftLogWorker.java:startLogSegment(394)) - 23fe3dad-a04c-4c09-8b28-891f29035d1b@group-46C4EF8C9305-SegmentedRaftLogWorker: Starting segment from index:0
2022-02-20 11:36:37,341 [23fe3dad-a04c-4c09-8b28-891f29035d1b@group-46C4EF8C9305-SegmentedRaftLogWorker] INFO  segmented.SegmentedRaftLogWorker (SegmentedRaftLogWorker.java:execute(601)) - 23fe3dad-a04c-4c09-8b28-891f29035d1b@group-46C4EF8C9305-SegmentedRaftLogWorker: created new log segment /home/runner/work/ozone/ozone/hadoop-ozone/integration-test/target/test-dir/MiniOzoneClusterImpl-abb31ffe-caed-4032-89a4-e53f0d8a9600/datanode-2/data/ratis/3e199b62-4db9-4cc5-88a0-46c4ef8c9305/current/log_inprogress_0
2022-02-20 11:36:37,347 [23fe3dad-a04c-4c09-8b28-891f29035d1b@group-46C4EF8C9305-LeaderElection78] INFO  server.RaftServer$Division (ServerState.java:setRaftConf(387)) - 23fe3dad-a04c-4c09-8b28-891f29035d1b@group-46C4EF8C9305: set configuration 0: [23fe3dad-a04c-4c09-8b28-891f29035d1b|rpc:10.1.0.4:44281|dataStream:|priority:1], old=null
2022-02-20 11:36:38,144 [Listener at 127.0.0.1/46775] INFO  ozone.MiniOzoneClusterImpl (MiniOzoneClusterImpl.java:lambda$waitForClusterToBeReady$0(219)) - Nodes are ready. Got 3 of 3 DN Heartbeats.
2022-02-20 11:36:38,144 [Listener at 127.0.0.1/46775] INFO  ozone.MiniOzoneClusterImpl (MiniOzoneClusterImpl.java:lambda$waitForClusterToBeReady$0(222)) - Cluster exits safe mode
2022-02-20 11:36:38,144 [Listener at 127.0.0.1/46775] INFO  ozone.MiniOzoneClusterImpl (MiniOzoneClusterImpl.java:lambda$waitForClusterToBeReady$0(224)) - SCM became leader
2022-02-20 11:36:38,178 [Listener at 127.0.0.1/46775] INFO  rpc.RpcClient (RpcClient.java:createVolume(399)) - Creating Volume: volume71613, with user91856 as owner and space quota set to -1 bytes, counts quota set to -1
2022-02-20 11:36:38,194 [IPC Server handler 2 on default port 46775] INFO  volume.OMVolumeCreateRequest (OMVolumeCreateRequest.java:validateAndUpdateCache(195)) - created volume:volume71613 for user:user91856
2022-02-20 11:36:38,274 [Listener at 127.0.0.1/46775] INFO  rpc.RpcClient (RpcClient.java:createBucket(562)) - Creating Bucket: volume71613/bucket26524, with runner as owner and Versioning false and Storage Type set to DISK and Encryption set to false 
]]></system-out>
  </testcase>
  <testcase name="testRenameFile[4]" classname="org.apache.hadoop.fs.ozone.TestRootedOzoneFileSystem" time="0.235"/>
  <testcase name="testListStatusRootAndVolumeRecursive[4]" classname="org.apache.hadoop.fs.ozone.TestRootedOzoneFileSystem" time="1.016"/>
  <testcase name="testTempMount[4]" classname="org.apache.hadoop.fs.ozone.TestRootedOzoneFileSystem" time="0.281"/>
  <testcase name="testListStatusRootAndVolumeNonRecursive[4]" classname="org.apache.hadoop.fs.ozone.TestRootedOzoneFileSystem" time="0.558"/>
  <testcase name="testDeleteVolumeAndBucket[4]" classname="org.apache.hadoop.fs.ozone.TestRootedOzoneFileSystem" time="0.052"/>
  <testcase name="testRenameDirToItsOwnSubDir[4]" classname="org.apache.hadoop.fs.ozone.TestRootedOzoneFileSystem" time="0.045"/>
  <testcase name="testOzoneFsServiceLoader[4]" classname="org.apache.hadoop.fs.ozone.TestRootedOzoneFileSystem" time="0.098"/>
  <testcase name="testTrash[4]" classname="org.apache.hadoop.fs.ozone.TestRootedOzoneFileSystem" time="0">
    <skipped/>
  </testcase>
  <testcase name="testRenameDestinationParentDoesntExist[4]" classname="org.apache.hadoop.fs.ozone.TestRootedOzoneFileSystem" time="0.038"/>
  <testcase name="testGetFileStatusRoot[4]" classname="org.apache.hadoop.fs.ozone.TestRootedOzoneFileSystem" time="0.005"/>
  <testcase name="testCreateWithInvalidPaths[4]" classname="org.apache.hadoop.fs.ozone.TestRootedOzoneFileSystem" time="0.012"/>
  <testcase name="testDeleteEmptyVolume[4]" classname="org.apache.hadoop.fs.ozone.TestRootedOzoneFileSystem" time="0.062"/>
  <testcase name="testListStatusRootAndVolumeContinuation[4]" classname="org.apache.hadoop.fs.ozone.TestRootedOzoneFileSystem" time="1.595"/>
  <testcase name="testDeleteVolumeBucketAndKey[4]" classname="org.apache.hadoop.fs.ozone.TestRootedOzoneFileSystem" time="0.153"/>
  <testcase name="testRenameToParentDir[4]" classname="org.apache.hadoop.fs.ozone.TestRootedOzoneFileSystem" time="0.069"/>
  <testcase name="testMkdirNonExistentVolumeBucket[4]" classname="org.apache.hadoop.fs.ozone.TestRootedOzoneFileSystem" time="0.047"/>
  <testcase name="testFailToDeleteRoot[4]" classname="org.apache.hadoop.fs.ozone.TestRootedOzoneFileSystem" time="0.024"/>
  <testcase name="testListStatusOnSubDirs[4]" classname="org.apache.hadoop.fs.ozone.TestRootedOzoneFileSystem" time="0.121"/>
  <testcase name="testListStatus[4]" classname="org.apache.hadoop.fs.ozone.TestRootedOzoneFileSystem" time="0.081"/>
  <testcase name="testGetTrashRoots[4]" classname="org.apache.hadoop.fs.ozone.TestRootedOzoneFileSystem" time="0.536"/>
  <testcase name="testCreateDoesNotAddParentDirKeys[4]" classname="org.apache.hadoop.fs.ozone.TestRootedOzoneFileSystem" time="0.247"/>
  <testcase name="testMkdirNonExistentVolume[4]" classname="org.apache.hadoop.fs.ozone.TestRootedOzoneFileSystem" time="0.019"/>
  <testcase name="testDeleteCreatesFakeParentDir[4]" classname="org.apache.hadoop.fs.ozone.TestRootedOzoneFileSystem" time="0.147"/>
  <testcase name="testNonExplicitlyCreatedPathExistsAfterItsLeafsWereRemoved[4]" classname="org.apache.hadoop.fs.ozone.TestRootedOzoneFileSystem" time="0.115"/>
  <testcase name="testFileDelete[4]" classname="org.apache.hadoop.fs.ozone.TestRootedOzoneFileSystem" time="0.103"/>
  <testcase name="testRenameToTrashEnabled[4]" classname="org.apache.hadoop.fs.ozone.TestRootedOzoneFileSystem" time="0.328"/>
  <testcase name="testMkdirOnNonExistentVolumeBucketDir[4]" classname="org.apache.hadoop.fs.ozone.TestRootedOzoneFileSystem" time="0.095"/>
  <testcase name="testListStatusOnLargeDirectory[4]" classname="org.apache.hadoop.fs.ozone.TestRootedOzoneFileSystem" time="13.312"/>
  <testcase name="testRenameToDifferentBucket[4]" classname="org.apache.hadoop.fs.ozone.TestRootedOzoneFileSystem" time="0.043"/>
  <testcase name="testListStatusInBucket[4]" classname="org.apache.hadoop.fs.ozone.TestRootedOzoneFileSystem" time="0.004"/>
  <testcase name="testRenameFileToDir[4]" classname="org.apache.hadoop.fs.ozone.TestRootedOzoneFileSystem" time="0.108"/>
</testsuite>