<?xml version="1.0" encoding="UTF-8"?>
<testsuite xmlns:xsi="http://www.w3.org/2001/XMLSchema-instance" xsi:noNamespaceSchemaLocation="https://maven.apache.org/surefire/maven-surefire-plugin/xsd/surefire-test-report.xsd" name="org.apache.hadoop.ozone.scm.node.TestDecommissionAndMaintenance" time="452.72" tests="11" errors="0" skipped="0" failures="1">
  <properties>
    <property name="awt.toolkit" value="sun.awt.X11.XToolkit"/>
    <property name="file.encoding.pkg" value="sun.io"/>
    <property name="java.specification.version" value="1.8"/>
    <property name="sun.cpu.isalist" value=""/>
    <property name="sun.jnu.encoding" value="ANSI_X3.4-1968"/>
    <property name="java.class.path" value="/github/workspace/mnt/ozone/hadoop-ozone/integration-test/target/test-classes:/github/workspace/mnt/ozone/hadoop-ozone/integration-test/target/classes:/home/user/.m2/repository/org/apache/hadoop/hadoop-ozone-common/1.1.0-SNAPSHOT/hadoop-ozone-common-1.1.0-SNAPSHOT.jar:/home/user/.m2/repository/org/apache/commons/commons-compress/1.4.1/commons-compress-1.4.1.jar:/home/user/.m2/repository/org/tukaani/xz/1.0/xz-1.0.jar:/home/user/.m2/repository/org/apache/hadoop/hadoop-hdds-common/1.1.0-SNAPSHOT/hadoop-hdds-common-1.1.0-SNAPSHOT.jar:/home/user/.m2/repository/org/apache/hadoop/hadoop-hdds-client/1.1.0-SNAPSHOT/hadoop-hdds-client-1.1.0-SNAPSHOT.jar:/home/user/.m2/repository/org/apache/hadoop/hadoop-ozone-interface-client/1.1.0-SNAPSHOT/hadoop-ozone-interface-client-1.1.0-SNAPSHOT.jar:/home/user/.m2/repository/org/apache/hadoop/hadoop-hdds-test-utils/1.1.0-SNAPSHOT/hadoop-hdds-test-utils-1.1.0-SNAPSHOT.jar:/home/user/.m2/repository/com/google/guava/guava/28.2-jre/guava-28.2-jre.jar:/home/user/.m2/repository/com/google/guava/failureaccess/1.0.1/failureaccess-1.0.1.jar:/home/user/.m2/repository/com/google/guava/listenablefuture/9999.0-empty-to-avoid-conflict-with-guava/listenablefuture-9999.0-empty-to-avoid-conflict-with-guava.jar:/home/user/.m2/repository/com/google/code/findbugs/jsr305/3.0.0/jsr305-3.0.0.jar:/home/user/.m2/repository/org/checkerframework/checker-qual/2.10.0/checker-qual-2.10.0.jar:/home/user/.m2/repository/com/google/errorprone/error_prone_annotations/2.2.0/error_prone_annotations-2.2.0.jar:/home/user/.m2/repository/com/google/j2objc/j2objc-annotations/1.3/j2objc-annotations-1.3.jar:/home/user/.m2/repository/commons-io/commons-io/2.5/commons-io-2.5.jar:/home/user/.m2/repository/commons-logging/commons-logging/1.2/commons-logging-1.2.jar:/home/user/.m2/repository/log4j/log4j/1.2.17/log4j-1.2.17.jar:/home/user/.m2/repository/org/slf4j/slf4j-api/1.7.30/slf4j-api-1.7.30.jar:/home/user/.m2/repository/org/apache/hadoop/hadoop-hdds-server-scm/1.1.0-SNAPSHOT/hadoop-hdds-server-scm-1.1.0-SNAPSHOT.jar:/home/user/.m2/repository/org/apache/hadoop/hadoop-hdds-container-service/1.1.0-SNAPSHOT/hadoop-hdds-container-service-1.1.0-SNAPSHOT.jar:/home/user/.m2/repository/org/apache/hadoop/hadoop-hdds-hadoop-dependency-server/1.1.0-SNAPSHOT/hadoop-hdds-hadoop-dependency-server-1.1.0-SNAPSHOT.jar:/home/user/.m2/repository/org/apache/hadoop/hadoop-hdfs/3.2.1/hadoop-hdfs-3.2.1.jar:/home/user/.m2/repository/org/apache/hadoop/hadoop-hdds-server-framework/1.1.0-SNAPSHOT/hadoop-hdds-server-framework-1.1.0-SNAPSHOT.jar:/home/user/.m2/repository/org/apache/hadoop/hadoop-hdds-interface-server/1.1.0-SNAPSHOT/hadoop-hdds-interface-server-1.1.0-SNAPSHOT.jar:/home/user/.m2/repository/org/apache/hadoop/hadoop-hdds-interface-admin/1.1.0-SNAPSHOT/hadoop-hdds-interface-admin-1.1.0-SNAPSHOT.jar:/home/user/.m2/repository/org/eclipse/jetty/jetty-servlet/9.4.34.v20201102/jetty-servlet-9.4.34.v20201102.jar:/home/user/.m2/repository/org/eclipse/jetty/jetty-security/9.4.34.v20201102/jetty-security-9.4.34.v20201102.jar:/home/user/.m2/repository/org/rocksdb/rocksdbjni/6.8.1/rocksdbjni-6.8.1.jar:/home/user/.m2/repository/io/prometheus/simpleclient_dropwizard/0.7.0/simpleclient_dropwizard-0.7.0.jar:/home/user/.m2/repository/io/prometheus/simpleclient/0.7.0/simpleclient-0.7.0.jar:/home/user/.m2/repository/io/prometheus/simpleclient_common/0.7.0/simpleclient_common-0.7.0.jar:/home/user/.m2/repository/com/fasterxml/jackson/datatype/jackson-datatype-jsr310/2.10.3/jackson-datatype-jsr310-2.10.3.jar:/home/user/.m2/repository/io/dropwizard/metrics/metrics-core/3.2.4/metrics-core-3.2.4.jar:/home/user/.m2/repository/org/apache/hadoop/hadoop-hdfs-client/3.2.1/hadoop-hdfs-client-3.2.1.jar:/home/user/.m2/repository/org/bouncycastle/bcprov-jdk15on/1.67/bcprov-jdk15on-1.67.jar:/home/user/.m2/repository/org/apache/hadoop/hadoop-ozone-ozone-manager/1.1.0-SNAPSHOT/hadoop-ozone-ozone-manager-1.1.0-SNAPSHOT.jar:/home/user/.m2/repository/org/apache/hadoop/hadoop-hdds-interface-client/1.1.0-SNAPSHOT/hadoop-hdds-interface-client-1.1.0-SNAPSHOT.jar:/home/user/.m2/repository/org/apache/ratis/ratis-thirdparty-misc/0.6.0-SNAPSHOT/ratis-thirdparty-misc-0.6.0-SNAPSHOT.jar:/home/user/.m2/repository/org/apache/hadoop/hadoop-ozone-interface-storage/1.1.0-SNAPSHOT/hadoop-ozone-interface-storage-1.1.0-SNAPSHOT.jar:/home/user/.m2/repository/org/apache/hadoop/hadoop-minikdc/3.2.1/hadoop-minikdc-3.2.1.jar:/home/user/.m2/repository/org/apache/kerby/kerb-simplekdc/1.0.1/kerb-simplekdc-1.0.1.jar:/home/user/.m2/repository/org/apache/kerby/kerb-client/1.0.1/kerb-client-1.0.1.jar:/home/user/.m2/repository/org/apache/kerby/kerby-config/1.0.1/kerby-config-1.0.1.jar:/home/user/.m2/repository/org/apache/kerby/kerb-core/1.0.1/kerb-core-1.0.1.jar:/home/user/.m2/repository/org/apache/kerby/kerby-pkix/1.0.1/kerby-pkix-1.0.1.jar:/home/user/.m2/repository/org/apache/kerby/kerby-asn1/1.0.1/kerby-asn1-1.0.1.jar:/home/user/.m2/repository/org/apache/kerby/kerby-util/1.0.1/kerby-util-1.0.1.jar:/home/user/.m2/repository/org/apache/kerby/kerb-common/1.0.1/kerb-common-1.0.1.jar:/home/user/.m2/repository/org/apache/kerby/kerb-crypto/1.0.1/kerb-crypto-1.0.1.jar:/home/user/.m2/repository/org/apache/kerby/kerb-util/1.0.1/kerb-util-1.0.1.jar:/home/user/.m2/repository/org/apache/kerby/token-provider/1.0.1/token-provider-1.0.1.jar:/home/user/.m2/repository/org/apache/kerby/kerb-admin/1.0.1/kerb-admin-1.0.1.jar:/home/user/.m2/repository/org/apache/kerby/kerb-server/1.0.1/kerb-server-1.0.1.jar:/home/user/.m2/repository/org/apache/kerby/kerb-identity/1.0.1/kerb-identity-1.0.1.jar:/home/user/.m2/repository/org/apache/kerby/kerby-xdr/1.0.1/kerby-xdr-1.0.1.jar:/home/user/.m2/repository/org/slf4j/slf4j-log4j12/1.7.30/slf4j-log4j12-1.7.30.jar:/home/user/.m2/repository/org/apache/hadoop/hadoop-ozone-s3gateway/1.1.0-SNAPSHOT/hadoop-ozone-s3gateway-1.1.0-SNAPSHOT.jar:/home/user/.m2/repository/org/jboss/weld/servlet/weld-servlet/2.4.7.Final/weld-servlet-2.4.7.Final.jar:/home/user/.m2/repository/org/glassfish/jersey/containers/jersey-container-servlet-core/2.27/jersey-container-servlet-core-2.27.jar:/home/user/.m2/repository/org/glassfish/hk2/external/javax.inject/2.5.0-b42/javax.inject-2.5.0-b42.jar:/home/user/.m2/repository/org/glassfish/jersey/core/jersey-common/2.27/jersey-common-2.27.jar:/home/user/.m2/repository/org/glassfish/hk2/osgi-resource-locator/1.0.1/osgi-resource-locator-1.0.1.jar:/home/user/.m2/repository/javax/ws/rs/javax.ws.rs-api/2.1/javax.ws.rs-api-2.1.jar:/home/user/.m2/repository/org/glassfish/jersey/ext/cdi/jersey-cdi1x/2.27/jersey-cdi1x-2.27.jar:/home/user/.m2/repository/org/glassfish/jersey/inject/jersey-hk2/2.27/jersey-hk2-2.27.jar:/home/user/.m2/repository/org/glassfish/hk2/hk2-locator/2.5.0-b42/hk2-locator-2.5.0-b42.jar:/home/user/.m2/repository/org/javassist/javassist/3.22.0-CR2/javassist-3.22.0-CR2.jar:/home/user/.m2/repository/org/glassfish/hk2/hk2-api/2.5.0/hk2-api-2.5.0.jar:/home/user/.m2/repository/org/glassfish/hk2/external/jakarta.inject/2.5.0/jakarta.inject-2.5.0.jar:/home/user/.m2/repository/org/glassfish/hk2/hk2-utils/2.5.0/hk2-utils-2.5.0.jar:/home/user/.m2/repository/jakarta/annotation/jakarta.annotation-api/1.3.4/jakarta.annotation-api-1.3.4.jar:/home/user/.m2/repository/org/glassfish/hk2/external/aopalliance-repackaged/2.5.0/aopalliance-repackaged-2.5.0.jar:/home/user/.m2/repository/com/fasterxml/jackson/dataformat/jackson-dataformat-xml/2.10.3/jackson-dataformat-xml-2.10.3.jar:/home/user/.m2/repository/com/fasterxml/jackson/core/jackson-core/2.10.3/jackson-core-2.10.3.jar:/home/user/.m2/repository/com/fasterxml/jackson/module/jackson-module-jaxb-annotations/2.10.3/jackson-module-jaxb-annotations-2.10.3.jar:/home/user/.m2/repository/jakarta/xml/bind/jakarta.xml.bind-api/2.3.2/jakarta.xml.bind-api-2.3.2.jar:/home/user/.m2/repository/jakarta/activation/jakarta.activation-api/1.2.1/jakarta.activation-api-1.2.1.jar:/home/user/.m2/repository/org/codehaus/woodstox/stax2-api/3.1.4/stax2-api-3.1.4.jar:/home/user/.m2/repository/com/fasterxml/woodstox/woodstox-core/5.0.3/woodstox-core-5.0.3.jar:/home/user/.m2/repository/javax/enterprise/cdi-api/1.2/cdi-api-1.2.jar:/home/user/.m2/repository/javax/el/javax.el-api/3.0.0/javax.el-api-3.0.0.jar:/home/user/.m2/repository/javax/interceptor/javax.interceptor-api/1.2/javax.interceptor-api-1.2.jar:/home/user/.m2/repository/javax/inject/javax.inject/1/javax.inject-1.jar:/home/user/.m2/repository/com/sun/xml/bind/jaxb-impl/2.3.0.1/jaxb-impl-2.3.0.1.jar:/home/user/.m2/repository/com/sun/xml/bind/jaxb-core/2.3.0.1/jaxb-core-2.3.0.1.jar:/home/user/.m2/repository/javax/xml/bind/jaxb-api/2.3.0/jaxb-api-2.3.0.jar:/home/user/.m2/repository/javax/activation/activation/1.1.1/activation-1.1.1.jar:/home/user/.m2/repository/org/apache/hadoop/hadoop-ozone-csi/1.1.0-SNAPSHOT/hadoop-ozone-csi-1.1.0-SNAPSHOT.jar:/home/user/.m2/repository/com/google/protobuf/protobuf-java-util/3.11.0/protobuf-java-util-3.11.0.jar:/home/user/.m2/repository/com/google/code/gson/gson/2.2.4/gson-2.2.4.jar:/home/user/.m2/repository/org/apache/hadoop/hadoop-hdds-config/1.1.0-SNAPSHOT/hadoop-hdds-config-1.1.0-SNAPSHOT.jar:/home/user/.m2/repository/com/google/protobuf/protobuf-java/2.5.0/protobuf-java-2.5.0.jar:/home/user/.m2/repository/io/grpc/grpc-netty/1.29.0/grpc-netty-1.29.0.jar:/home/user/.m2/repository/io/grpc/grpc-core/1.29.0/grpc-core-1.29.0.jar:/home/user/.m2/repository/com/google/android/annotations/4.1.1.4/annotations-4.1.1.4.jar:/home/user/.m2/repository/io/perfmark/perfmark-api/0.19.0/perfmark-api-0.19.0.jar:/home/user/.m2/repository/io/netty/netty-codec-http2/4.1.48.Final/netty-codec-http2-4.1.48.Final.jar:/home/user/.m2/repository/io/netty/netty-codec/4.1.48.Final/netty-codec-4.1.48.Final.jar:/home/user/.m2/repository/io/netty/netty-handler/4.1.48.Final/netty-handler-4.1.48.Final.jar:/home/user/.m2/repository/io/netty/netty-codec-http/4.1.48.Final/netty-codec-http-4.1.48.Final.jar:/home/user/.m2/repository/io/netty/netty-handler-proxy/4.1.48.Final/netty-handler-proxy-4.1.48.Final.jar:/home/user/.m2/repository/io/netty/netty-codec-socks/4.1.48.Final/netty-codec-socks-4.1.48.Final.jar:/home/user/.m2/repository/io/netty/netty-transport-native-epoll/4.1.48.Final/netty-transport-native-epoll-4.1.48.Final.jar:/home/user/.m2/repository/io/netty/netty-common/4.1.48.Final/netty-common-4.1.48.Final.jar:/home/user/.m2/repository/io/netty/netty-buffer/4.1.48.Final/netty-buffer-4.1.48.Final.jar:/home/user/.m2/repository/io/netty/netty-transport/4.1.48.Final/netty-transport-4.1.48.Final.jar:/home/user/.m2/repository/io/netty/netty-resolver/4.1.48.Final/netty-resolver-4.1.48.Final.jar:/home/user/.m2/repository/io/netty/netty-transport-native-unix-common/4.1.48.Final/netty-transport-native-unix-common-4.1.48.Final.jar:/home/user/.m2/repository/io/grpc/grpc-protobuf/1.29.0/grpc-protobuf-1.29.0.jar:/home/user/.m2/repository/io/grpc/grpc-api/1.29.0/grpc-api-1.29.0.jar:/home/user/.m2/repository/io/grpc/grpc-context/1.29.0/grpc-context-1.29.0.jar:/home/user/.m2/repository/org/codehaus/mojo/animal-sniffer-annotations/1.18/animal-sniffer-annotations-1.18.jar:/home/user/.m2/repository/com/google/api/grpc/proto-google-common-protos/1.17.0/proto-google-common-protos-1.17.0.jar:/home/user/.m2/repository/io/grpc/grpc-protobuf-lite/1.29.0/grpc-protobuf-lite-1.29.0.jar:/home/user/.m2/repository/io/grpc/grpc-stub/1.29.0/grpc-stub-1.29.0.jar:/home/user/.m2/repository/org/apache/hadoop/hadoop-ozone-recon/1.1.0-SNAPSHOT/hadoop-ozone-recon-1.1.0-SNAPSHOT.jar:/home/user/.m2/repository/org/apache/hadoop/hadoop-ozone-reconcodegen/1.1.0-SNAPSHOT/hadoop-ozone-reconcodegen-1.1.0-SNAPSHOT.jar:/home/user/.m2/repository/com/google/inject/extensions/guice-multibindings/4.0/guice-multibindings-4.0.jar:/home/user/.m2/repository/com/google/inject/guice/4.0/guice-4.0.jar:/home/user/.m2/repository/aopalliance/aopalliance/1.0/aopalliance-1.0.jar:/home/user/.m2/repository/com/google/inject/extensions/guice-assistedinject/4.0/guice-assistedinject-4.0.jar:/home/user/.m2/repository/com/google/inject/extensions/guice-servlet/4.0/guice-servlet-4.0.jar:/home/user/.m2/repository/org/glassfish/jersey/containers/jersey-container-servlet/2.27/jersey-container-servlet-2.27.jar:/home/user/.m2/repository/org/glassfish/hk2/guice-bridge/2.5.0/guice-bridge-2.5.0.jar:/home/user/.m2/repository/org/glassfish/jersey/core/jersey-server/2.27/jersey-server-2.27.jar:/home/user/.m2/repository/org/glassfish/jersey/core/jersey-client/2.27/jersey-client-2.27.jar:/home/user/.m2/repository/org/glassfish/jersey/media/jersey-media-jaxb/2.27/jersey-media-jaxb-2.27.jar:/home/user/.m2/repository/javax/validation/validation-api/1.1.0.Final/validation-api-1.1.0.Final.jar:/home/user/.m2/repository/org/glassfish/jersey/media/jersey-media-json-jackson/2.27/jersey-media-json-jackson-2.27.jar:/home/user/.m2/repository/org/glassfish/jersey/ext/jersey-entity-filtering/2.27/jersey-entity-filtering-2.27.jar:/home/user/.m2/repository/org/jooq/jooq/3.11.10/jooq-3.11.10.jar:/home/user/.m2/repository/org/jooq/jooq-meta/3.11.10/jooq-meta-3.11.10.jar:/home/user/.m2/repository/org/jooq/jooq-codegen/3.11.10/jooq-codegen-3.11.10.jar:/home/user/.m2/repository/com/jolbox/bonecp/0.8.0.RELEASE/bonecp-0.8.0.RELEASE.jar:/home/user/.m2/repository/org/apache/derby/derby/10.14.2.0/derby-10.14.2.0.jar:/home/user/.m2/repository/org/xerial/sqlite-jdbc/3.25.2/sqlite-jdbc-3.25.2.jar:/home/user/.m2/repository/org/springframework/spring-jdbc/5.2.11.RELEASE/spring-jdbc-5.2.11.RELEASE.jar:/home/user/.m2/repository/org/springframework/spring-beans/5.2.11.RELEASE/spring-beans-5.2.11.RELEASE.jar:/home/user/.m2/repository/org/springframework/spring-core/5.2.11.RELEASE/spring-core-5.2.11.RELEASE.jar:/home/user/.m2/repository/org/springframework/spring-jcl/5.2.11.RELEASE/spring-jcl-5.2.11.RELEASE.jar:/home/user/.m2/repository/org/springframework/spring-tx/5.2.11.RELEASE/spring-tx-5.2.11.RELEASE.jar:/home/user/.m2/repository/org/apache/hadoop/hadoop-ozone-client/1.1.0-SNAPSHOT/hadoop-ozone-client-1.1.0-SNAPSHOT.jar:/home/user/.m2/repository/org/apache/hadoop/hadoop-ozone-filesystem/1.1.0-SNAPSHOT/hadoop-ozone-filesystem-1.1.0-SNAPSHOT.jar:/home/user/.m2/repository/org/apache/hadoop/hadoop-ozone-filesystem-common/1.1.0-SNAPSHOT/hadoop-ozone-filesystem-common-1.1.0-SNAPSHOT.jar:/home/user/.m2/repository/org/apache/hadoop/hadoop-ozone-tools/1.1.0-SNAPSHOT/hadoop-ozone-tools-1.1.0-SNAPSHOT.jar:/home/user/.m2/repository/org/apache/ratis/ratis-tools/1.1.0-c5eafb9-SNAPSHOT/ratis-tools-1.1.0-c5eafb9-SNAPSHOT.jar:/home/user/.m2/repository/org/apache/ratis/ratis-proto/1.1.0-c5eafb9-SNAPSHOT/ratis-proto-1.1.0-c5eafb9-SNAPSHOT.jar:/home/user/.m2/repository/org/apache/ratis/ratis-common/1.1.0-c5eafb9-SNAPSHOT/ratis-common-1.1.0-c5eafb9-SNAPSHOT.jar:/home/user/.m2/repository/com/amazonaws/aws-java-sdk-core/1.11.901/aws-java-sdk-core-1.11.901.jar:/home/user/.m2/repository/org/apache/httpcomponents/httpclient/4.5.13/httpclient-4.5.13.jar:/home/user/.m2/repository/org/apache/httpcomponents/httpcore/4.4.13/httpcore-4.4.13.jar:/home/user/.m2/repository/software/amazon/ion/ion-java/1.0.2/ion-java-1.0.2.jar:/home/user/.m2/repository/com/fasterxml/jackson/dataformat/jackson-dataformat-cbor/2.10.3/jackson-dataformat-cbor-2.10.3.jar:/home/user/.m2/repository/joda-time/joda-time/2.8.1/joda-time-2.8.1.jar:/home/user/.m2/repository/com/amazonaws/aws-java-sdk-s3/1.11.901/aws-java-sdk-s3-1.11.901.jar:/home/user/.m2/repository/com/amazonaws/aws-java-sdk-kms/1.11.901/aws-java-sdk-kms-1.11.901.jar:/home/user/.m2/repository/com/amazonaws/jmespath-java/1.11.901/jmespath-java-1.11.901.jar:/home/user/.m2/repository/org/kohsuke/metainf-services/metainf-services/1.8/metainf-services-1.8.jar:/home/user/.m2/repository/org/apache/hadoop/hadoop-hdds-tools/1.1.0-SNAPSHOT/hadoop-hdds-tools-1.1.0-SNAPSHOT.jar:/home/user/.m2/repository/commons-cli/commons-cli/1.2/commons-cli-1.2.jar:/home/user/.m2/repository/org/apache/commons/commons-lang3/3.7/commons-lang3-3.7.jar:/home/user/.m2/repository/org/apache/hadoop/hadoop-ozone-ozone-manager/1.1.0-SNAPSHOT/hadoop-ozone-ozone-manager-1.1.0-SNAPSHOT-tests.jar:/home/user/.m2/repository/org/apache/hadoop/hadoop-hdds-common/1.1.0-SNAPSHOT/hadoop-hdds-common-1.1.0-SNAPSHOT-tests.jar:/home/user/.m2/repository/org/apache/hadoop/hadoop-hdds-hadoop-dependency-client/1.1.0-SNAPSHOT/hadoop-hdds-hadoop-dependency-client-1.1.0-SNAPSHOT.jar:/home/user/.m2/repository/info/picocli/picocli/4.4.0/picocli-4.4.0.jar:/home/user/.m2/repository/com/fasterxml/jackson/core/jackson-annotations/2.10.3/jackson-annotations-2.10.3.jar:/home/user/.m2/repository/javax/annotation/javax.annotation-api/1.2/javax.annotation-api-1.2.jar:/home/user/.m2/repository/org/fusesource/leveldbjni/leveldbjni-all/1.8/leveldbjni-all-1.8.jar:/home/user/.m2/repository/org/apache/ratis/ratis-server/1.1.0-c5eafb9-SNAPSHOT/ratis-server-1.1.0-c5eafb9-SNAPSHOT.jar:/home/user/.m2/repository/org/apache/ratis/ratis-client/1.1.0-c5eafb9-SNAPSHOT/ratis-client-1.1.0-c5eafb9-SNAPSHOT.jar:/home/user/.m2/repository/org/apache/ratis/ratis-metrics/1.1.0-c5eafb9-SNAPSHOT/ratis-metrics-1.1.0-c5eafb9-SNAPSHOT.jar:/home/user/.m2/repository/org/apache/ratis/ratis-netty/1.1.0-c5eafb9-SNAPSHOT/ratis-netty-1.1.0-c5eafb9-SNAPSHOT.jar:/home/user/.m2/repository/org/apache/ratis/ratis-grpc/1.1.0-c5eafb9-SNAPSHOT/ratis-grpc-1.1.0-c5eafb9-SNAPSHOT.jar:/home/user/.m2/repository/org/apache/logging/log4j/log4j-api/2.13.3/log4j-api-2.13.3.jar:/home/user/.m2/repository/org/apache/logging/log4j/log4j-core/2.13.3/log4j-core-2.13.3.jar:/home/user/.m2/repository/com/lmax/disruptor/3.4.2/disruptor-3.4.2.jar:/home/user/.m2/repository/org/apache/commons/commons-pool2/2.6.0/commons-pool2-2.6.0.jar:/home/user/.m2/repository/org/bouncycastle/bcpkix-jdk15on/1.67/bcpkix-jdk15on-1.67.jar:/home/user/.m2/repository/commons-validator/commons-validator/1.6/commons-validator-1.6.jar:/home/user/.m2/repository/commons-beanutils/commons-beanutils/1.9.4/commons-beanutils-1.9.4.jar:/home/user/.m2/repository/commons-digester/commons-digester/1.8.1/commons-digester-1.8.1.jar:/home/user/.m2/repository/commons-collections/commons-collections/3.2.2/commons-collections-3.2.2.jar:/home/user/.m2/repository/io/jaegertracing/jaeger-client/1.2.0/jaeger-client-1.2.0.jar:/home/user/.m2/repository/io/jaegertracing/jaeger-thrift/1.2.0/jaeger-thrift-1.2.0.jar:/home/user/.m2/repository/org/apache/thrift/libthrift/0.13.0/libthrift-0.13.0.jar:/home/user/.m2/repository/com/squareup/okhttp3/okhttp/4.2.2/okhttp-4.2.2.jar:/home/user/.m2/repository/com/squareup/okio/okio/2.2.2/okio-2.2.2.jar:/home/user/.m2/repository/org/jetbrains/kotlin/kotlin-stdlib/1.3.50/kotlin-stdlib-1.3.50.jar:/home/user/.m2/repository/org/jetbrains/kotlin/kotlin-stdlib-common/1.3.50/kotlin-stdlib-common-1.3.50.jar:/home/user/.m2/repository/org/jetbrains/annotations/13.0/annotations-13.0.jar:/home/user/.m2/repository/io/jaegertracing/jaeger-core/1.2.0/jaeger-core-1.2.0.jar:/home/user/.m2/repository/io/jaegertracing/jaeger-tracerresolver/1.2.0/jaeger-tracerresolver-1.2.0.jar:/home/user/.m2/repository/io/opentracing/contrib/opentracing-tracerresolver/0.1.8/opentracing-tracerresolver-0.1.8.jar:/home/user/.m2/repository/io/opentracing/opentracing-util/0.33.0/opentracing-util-0.33.0.jar:/home/user/.m2/repository/io/opentracing/opentracing-api/0.33.0/opentracing-api-0.33.0.jar:/home/user/.m2/repository/io/opentracing/opentracing-noop/0.33.0/opentracing-noop-0.33.0.jar:/home/user/.m2/repository/org/yaml/snakeyaml/1.26/snakeyaml-1.26.jar:/home/user/.m2/repository/junit/junit/4.11/junit-4.11.jar:/home/user/.m2/repository/org/hamcrest/hamcrest-core/1.3/hamcrest-core-1.3.jar:/home/user/.m2/repository/org/openjdk/jmh/jmh-core/1.19/jmh-core-1.19.jar:/home/user/.m2/repository/net/sf/jopt-simple/jopt-simple/4.6/jopt-simple-4.6.jar:/home/user/.m2/repository/org/apache/commons/commons-math3/3.1.1/commons-math3-3.1.1.jar:/home/user/.m2/repository/org/openjdk/jmh/jmh-generator-annprocess/1.19/jmh-generator-annprocess-1.19.jar:/home/user/.m2/repository/org/mockito/mockito-all/1.8.5/mockito-all-1.8.5.jar:/home/user/.m2/repository/org/apache/hadoop/hadoop-kms/3.2.1/hadoop-kms-3.2.1.jar:/home/user/.m2/repository/org/apache/hadoop/hadoop-auth/3.2.1/hadoop-auth-3.2.1.jar:/home/user/.m2/repository/com/nimbusds/nimbus-jose-jwt/7.9/nimbus-jose-jwt-7.9.jar:/home/user/.m2/repository/com/github/stephenc/jcip/jcip-annotations/1.0-1/jcip-annotations-1.0-1.jar:/home/user/.m2/repository/net/minidev/json-smart/2.3/json-smart-2.3.jar:/home/user/.m2/repository/net/minidev/accessors-smart/1.2/accessors-smart-1.2.jar:/home/user/.m2/repository/org/ow2/asm/asm/5.0.4/asm-5.0.4.jar:/home/user/.m2/repository/org/apache/zookeeper/zookeeper/3.4.13/zookeeper-3.4.13.jar:/home/user/.m2/repository/org/apache/yetus/audience-annotations/0.5.0/audience-annotations-0.5.0.jar:/home/user/.m2/repository/org/apache/curator/curator-framework/2.13.0/curator-framework-2.13.0.jar:/home/user/.m2/repository/com/sun/jersey/jersey-core/1.19/jersey-core-1.19.jar:/home/user/.m2/repository/javax/ws/rs/jsr311-api/1.1.1/jsr311-api-1.1.1.jar:/home/user/.m2/repository/com/sun/jersey/jersey-server/1.19/jersey-server-1.19.jar:/home/user/.m2/repository/javax/servlet/javax.servlet-api/3.1.0/javax.servlet-api-3.1.0.jar:/home/user/.m2/repository/org/eclipse/jetty/jetty-server/9.4.34.v20201102/jetty-server-9.4.34.v20201102.jar:/home/user/.m2/repository/org/eclipse/jetty/jetty-http/9.4.34.v20201102/jetty-http-9.4.34.v20201102.jar:/home/user/.m2/repository/org/eclipse/jetty/jetty-io/9.4.34.v20201102/jetty-io-9.4.34.v20201102.jar:/home/user/.m2/repository/org/eclipse/jetty/jetty-webapp/9.4.34.v20201102/jetty-webapp-9.4.34.v20201102.jar:/home/user/.m2/repository/org/eclipse/jetty/jetty-xml/9.4.34.v20201102/jetty-xml-9.4.34.v20201102.jar:/home/user/.m2/repository/org/apache/hadoop/hadoop-common/3.2.1/hadoop-common-3.2.1.jar:/home/user/.m2/repository/commons-net/commons-net/3.6/commons-net-3.6.jar:/home/user/.m2/repository/com/sun/jersey/jersey-servlet/1.19/jersey-servlet-1.19.jar:/home/user/.m2/repository/com/sun/jersey/jersey-json/1.19/jersey-json-1.19.jar:/home/user/.m2/repository/org/codehaus/jettison/jettison/1.1/jettison-1.1.jar:/home/user/.m2/repository/org/codehaus/jackson/jackson-jaxrs/1.9.2/jackson-jaxrs-1.9.2.jar:/home/user/.m2/repository/org/codehaus/jackson/jackson-xc/1.9.2/jackson-xc-1.9.2.jar:/home/user/.m2/repository/org/apache/commons/commons-configuration2/2.1.1/commons-configuration2-2.1.1.jar:/home/user/.m2/repository/org/apache/commons/commons-text/1.4/commons-text-1.4.jar:/home/user/.m2/repository/com/google/re2j/re2j/1.1/re2j-1.1.jar:/home/user/.m2/repository/com/jcraft/jsch/0.1.54/jsch-0.1.54.jar:/home/user/.m2/repository/org/apache/curator/curator-client/2.13.0/curator-client-2.13.0.jar:/home/user/.m2/repository/org/apache/curator/curator-recipes/2.13.0/curator-recipes-2.13.0.jar:/home/user/.m2/repository/dnsjava/dnsjava/2.1.7/dnsjava-2.1.7.jar:/home/user/.m2/repository/org/slf4j/jul-to-slf4j/1.7.30/jul-to-slf4j-1.7.30.jar:/home/user/.m2/repository/org/eclipse/jetty/jetty-util/9.4.34.v20201102/jetty-util-9.4.34.v20201102.jar:/home/user/.m2/repository/com/fasterxml/jackson/core/jackson-databind/2.10.3/jackson-databind-2.10.3.jar:/home/user/.m2/repository/org/apache/hadoop/hadoop-kms/3.2.1/hadoop-kms-3.2.1-tests.jar:/home/user/.m2/repository/org/apache/hadoop/hadoop-hdds-server-scm/1.1.0-SNAPSHOT/hadoop-hdds-server-scm-1.1.0-SNAPSHOT-tests.jar:/home/user/.m2/repository/org/apache/hadoop/hadoop-hdds-container-service/1.1.0-SNAPSHOT/hadoop-hdds-container-service-1.1.0-SNAPSHOT-tests.jar:/home/user/.m2/repository/commons-codec/commons-codec/1.11/commons-codec-1.11.jar:/home/user/.m2/repository/org/apache/hadoop/hadoop-hdds-hadoop-dependency-test/1.1.0-SNAPSHOT/hadoop-hdds-hadoop-dependency-test-1.1.0-SNAPSHOT.jar:/home/user/.m2/repository/org/apache/hadoop/hadoop-common/3.2.1/hadoop-common-3.2.1-tests.jar:/home/user/.m2/repository/org/apache/hadoop/hadoop-hdfs/3.2.1/hadoop-hdfs-3.2.1-tests.jar:/home/user/.m2/repository/org/eclipse/jetty/jetty-util-ajax/9.4.34.v20201102/jetty-util-ajax-9.4.34.v20201102.jar:/home/user/.m2/repository/commons-daemon/commons-daemon/1.0.13/commons-daemon-1.0.13.jar:/home/user/.m2/repository/io/netty/netty/3.10.5.Final/netty-3.10.5.Final.jar:/home/user/.m2/repository/io/netty/netty-all/4.1.48.Final/netty-all-4.1.48.Final.jar:/home/user/.m2/repository/org/apache/htrace/htrace-core4/4.1.0-incubating/htrace-core4-4.1.0-incubating.jar:/home/user/.m2/repository/org/apache/hadoop/hadoop-distcp/3.2.1/hadoop-distcp-3.2.1.jar:/home/user/.m2/repository/org/apache/hadoop/hadoop-mapreduce-client-jobclient/3.2.1/hadoop-mapreduce-client-jobclient-3.2.1.jar:/home/user/.m2/repository/org/apache/hadoop/hadoop-mapreduce-client-common/3.2.1/hadoop-mapreduce-client-common-3.2.1.jar:/home/user/.m2/repository/org/apache/hadoop/hadoop-yarn-common/3.2.1/hadoop-yarn-common-3.2.1.jar:/home/user/.m2/repository/org/apache/hadoop/hadoop-yarn-api/3.2.1/hadoop-yarn-api-3.2.1.jar:/home/user/.m2/repository/com/sun/jersey/jersey-client/1.19/jersey-client-1.19.jar:/home/user/.m2/repository/com/sun/jersey/contribs/jersey-guice/1.19/jersey-guice-1.19.jar:/home/user/.m2/repository/com/fasterxml/jackson/jaxrs/jackson-jaxrs-json-provider/2.10.3/jackson-jaxrs-json-provider-2.10.3.jar:/home/user/.m2/repository/com/fasterxml/jackson/jaxrs/jackson-jaxrs-base/2.10.3/jackson-jaxrs-base-2.10.3.jar:/home/user/.m2/repository/org/apache/hadoop/hadoop-yarn-client/3.2.1/hadoop-yarn-client-3.2.1.jar:/home/user/.m2/repository/org/apache/hadoop/hadoop-mapreduce-client-core/3.2.1/hadoop-mapreduce-client-core-3.2.1.jar:/home/user/.m2/repository/org/apache/avro/avro/1.7.7/avro-1.7.7.jar:/home/user/.m2/repository/org/codehaus/jackson/jackson-core-asl/1.9.13/jackson-core-asl-1.9.13.jar:/home/user/.m2/repository/org/codehaus/jackson/jackson-mapper-asl/1.9.13/jackson-mapper-asl-1.9.13.jar:/home/user/.m2/repository/com/thoughtworks/paranamer/paranamer/2.3/paranamer-2.3.jar:/home/user/.m2/repository/org/xerial/snappy/snappy-java/1.0.5/snappy-java-1.0.5.jar:/home/user/.m2/repository/org/apache/hadoop/hadoop-annotations/3.2.1/hadoop-annotations-3.2.1.jar:/usr/lib/jvm/java-1.8.0-openjdk-1.8.0.232.b09-0.el7_7.x86_64/jre/../lib/tools.jar:/home/user/.m2/repository/org/apache/hadoop/hadoop-distcp/3.2.1/hadoop-distcp-3.2.1-tests.jar:"/>
    <property name="java.vm.vendor" value="Oracle Corporation"/>
    <property name="sun.arch.data.model" value="64"/>
    <property name="test.build.dir" value="/github/workspace/mnt/ozone/hadoop-ozone/integration-test/target/test-dir"/>
    <property name="test.cache.data" value=""/>
    <property name="java.vendor.url" value="http://java.oracle.com/"/>
    <property name="user.timezone" value=""/>
    <property name="java.vm.specification.version" value="1.8"/>
    <property name="os.name" value="Linux"/>
    <property name="test.build.data" value="/github/workspace/mnt/ozone/hadoop-ozone/integration-test/target/test-dir"/>
    <property name="user.country" value="US"/>
    <property name="sun.java.launcher" value="SUN_STANDARD"/>
    <property name="sun.boot.library.path" value="/usr/lib/jvm/java-1.8.0-openjdk-1.8.0.232.b09-0.el7_7.x86_64/jre/lib/amd64"/>
    <property name="sun.java.command" value="/github/workspace/mnt/ozone/hadoop-ozone/integration-test/target/surefire/surefirebooter4635765494135389595.jar /github/workspace/mnt/ozone/hadoop-ozone/integration-test/target/surefire 2020-12-24T03-30-16_356-jvmRun1 surefire1633620873950558864tmp surefire_40138300153251592566tmp"/>
    <property name="surefire.test.class.path" value="/github/workspace/mnt/ozone/hadoop-ozone/integration-test/target/test-classes:/github/workspace/mnt/ozone/hadoop-ozone/integration-test/target/classes:/home/user/.m2/repository/org/apache/hadoop/hadoop-ozone-common/1.1.0-SNAPSHOT/hadoop-ozone-common-1.1.0-SNAPSHOT.jar:/home/user/.m2/repository/org/apache/commons/commons-compress/1.4.1/commons-compress-1.4.1.jar:/home/user/.m2/repository/org/tukaani/xz/1.0/xz-1.0.jar:/home/user/.m2/repository/org/apache/hadoop/hadoop-hdds-common/1.1.0-SNAPSHOT/hadoop-hdds-common-1.1.0-SNAPSHOT.jar:/home/user/.m2/repository/org/apache/hadoop/hadoop-hdds-client/1.1.0-SNAPSHOT/hadoop-hdds-client-1.1.0-SNAPSHOT.jar:/home/user/.m2/repository/org/apache/hadoop/hadoop-ozone-interface-client/1.1.0-SNAPSHOT/hadoop-ozone-interface-client-1.1.0-SNAPSHOT.jar:/home/user/.m2/repository/org/apache/hadoop/hadoop-hdds-test-utils/1.1.0-SNAPSHOT/hadoop-hdds-test-utils-1.1.0-SNAPSHOT.jar:/home/user/.m2/repository/com/google/guava/guava/28.2-jre/guava-28.2-jre.jar:/home/user/.m2/repository/com/google/guava/failureaccess/1.0.1/failureaccess-1.0.1.jar:/home/user/.m2/repository/com/google/guava/listenablefuture/9999.0-empty-to-avoid-conflict-with-guava/listenablefuture-9999.0-empty-to-avoid-conflict-with-guava.jar:/home/user/.m2/repository/com/google/code/findbugs/jsr305/3.0.0/jsr305-3.0.0.jar:/home/user/.m2/repository/org/checkerframework/checker-qual/2.10.0/checker-qual-2.10.0.jar:/home/user/.m2/repository/com/google/errorprone/error_prone_annotations/2.2.0/error_prone_annotations-2.2.0.jar:/home/user/.m2/repository/com/google/j2objc/j2objc-annotations/1.3/j2objc-annotations-1.3.jar:/home/user/.m2/repository/commons-io/commons-io/2.5/commons-io-2.5.jar:/home/user/.m2/repository/commons-logging/commons-logging/1.2/commons-logging-1.2.jar:/home/user/.m2/repository/log4j/log4j/1.2.17/log4j-1.2.17.jar:/home/user/.m2/repository/org/slf4j/slf4j-api/1.7.30/slf4j-api-1.7.30.jar:/home/user/.m2/repository/org/apache/hadoop/hadoop-hdds-server-scm/1.1.0-SNAPSHOT/hadoop-hdds-server-scm-1.1.0-SNAPSHOT.jar:/home/user/.m2/repository/org/apache/hadoop/hadoop-hdds-container-service/1.1.0-SNAPSHOT/hadoop-hdds-container-service-1.1.0-SNAPSHOT.jar:/home/user/.m2/repository/org/apache/hadoop/hadoop-hdds-hadoop-dependency-server/1.1.0-SNAPSHOT/hadoop-hdds-hadoop-dependency-server-1.1.0-SNAPSHOT.jar:/home/user/.m2/repository/org/apache/hadoop/hadoop-hdfs/3.2.1/hadoop-hdfs-3.2.1.jar:/home/user/.m2/repository/org/apache/hadoop/hadoop-hdds-server-framework/1.1.0-SNAPSHOT/hadoop-hdds-server-framework-1.1.0-SNAPSHOT.jar:/home/user/.m2/repository/org/apache/hadoop/hadoop-hdds-interface-server/1.1.0-SNAPSHOT/hadoop-hdds-interface-server-1.1.0-SNAPSHOT.jar:/home/user/.m2/repository/org/apache/hadoop/hadoop-hdds-interface-admin/1.1.0-SNAPSHOT/hadoop-hdds-interface-admin-1.1.0-SNAPSHOT.jar:/home/user/.m2/repository/org/eclipse/jetty/jetty-servlet/9.4.34.v20201102/jetty-servlet-9.4.34.v20201102.jar:/home/user/.m2/repository/org/eclipse/jetty/jetty-security/9.4.34.v20201102/jetty-security-9.4.34.v20201102.jar:/home/user/.m2/repository/org/rocksdb/rocksdbjni/6.8.1/rocksdbjni-6.8.1.jar:/home/user/.m2/repository/io/prometheus/simpleclient_dropwizard/0.7.0/simpleclient_dropwizard-0.7.0.jar:/home/user/.m2/repository/io/prometheus/simpleclient/0.7.0/simpleclient-0.7.0.jar:/home/user/.m2/repository/io/prometheus/simpleclient_common/0.7.0/simpleclient_common-0.7.0.jar:/home/user/.m2/repository/com/fasterxml/jackson/datatype/jackson-datatype-jsr310/2.10.3/jackson-datatype-jsr310-2.10.3.jar:/home/user/.m2/repository/io/dropwizard/metrics/metrics-core/3.2.4/metrics-core-3.2.4.jar:/home/user/.m2/repository/org/apache/hadoop/hadoop-hdfs-client/3.2.1/hadoop-hdfs-client-3.2.1.jar:/home/user/.m2/repository/org/bouncycastle/bcprov-jdk15on/1.67/bcprov-jdk15on-1.67.jar:/home/user/.m2/repository/org/apache/hadoop/hadoop-ozone-ozone-manager/1.1.0-SNAPSHOT/hadoop-ozone-ozone-manager-1.1.0-SNAPSHOT.jar:/home/user/.m2/repository/org/apache/hadoop/hadoop-hdds-interface-client/1.1.0-SNAPSHOT/hadoop-hdds-interface-client-1.1.0-SNAPSHOT.jar:/home/user/.m2/repository/org/apache/ratis/ratis-thirdparty-misc/0.6.0-SNAPSHOT/ratis-thirdparty-misc-0.6.0-SNAPSHOT.jar:/home/user/.m2/repository/org/apache/hadoop/hadoop-ozone-interface-storage/1.1.0-SNAPSHOT/hadoop-ozone-interface-storage-1.1.0-SNAPSHOT.jar:/home/user/.m2/repository/org/apache/hadoop/hadoop-minikdc/3.2.1/hadoop-minikdc-3.2.1.jar:/home/user/.m2/repository/org/apache/kerby/kerb-simplekdc/1.0.1/kerb-simplekdc-1.0.1.jar:/home/user/.m2/repository/org/apache/kerby/kerb-client/1.0.1/kerb-client-1.0.1.jar:/home/user/.m2/repository/org/apache/kerby/kerby-config/1.0.1/kerby-config-1.0.1.jar:/home/user/.m2/repository/org/apache/kerby/kerb-core/1.0.1/kerb-core-1.0.1.jar:/home/user/.m2/repository/org/apache/kerby/kerby-pkix/1.0.1/kerby-pkix-1.0.1.jar:/home/user/.m2/repository/org/apache/kerby/kerby-asn1/1.0.1/kerby-asn1-1.0.1.jar:/home/user/.m2/repository/org/apache/kerby/kerby-util/1.0.1/kerby-util-1.0.1.jar:/home/user/.m2/repository/org/apache/kerby/kerb-common/1.0.1/kerb-common-1.0.1.jar:/home/user/.m2/repository/org/apache/kerby/kerb-crypto/1.0.1/kerb-crypto-1.0.1.jar:/home/user/.m2/repository/org/apache/kerby/kerb-util/1.0.1/kerb-util-1.0.1.jar:/home/user/.m2/repository/org/apache/kerby/token-provider/1.0.1/token-provider-1.0.1.jar:/home/user/.m2/repository/org/apache/kerby/kerb-admin/1.0.1/kerb-admin-1.0.1.jar:/home/user/.m2/repository/org/apache/kerby/kerb-server/1.0.1/kerb-server-1.0.1.jar:/home/user/.m2/repository/org/apache/kerby/kerb-identity/1.0.1/kerb-identity-1.0.1.jar:/home/user/.m2/repository/org/apache/kerby/kerby-xdr/1.0.1/kerby-xdr-1.0.1.jar:/home/user/.m2/repository/org/slf4j/slf4j-log4j12/1.7.30/slf4j-log4j12-1.7.30.jar:/home/user/.m2/repository/org/apache/hadoop/hadoop-ozone-s3gateway/1.1.0-SNAPSHOT/hadoop-ozone-s3gateway-1.1.0-SNAPSHOT.jar:/home/user/.m2/repository/org/jboss/weld/servlet/weld-servlet/2.4.7.Final/weld-servlet-2.4.7.Final.jar:/home/user/.m2/repository/org/glassfish/jersey/containers/jersey-container-servlet-core/2.27/jersey-container-servlet-core-2.27.jar:/home/user/.m2/repository/org/glassfish/hk2/external/javax.inject/2.5.0-b42/javax.inject-2.5.0-b42.jar:/home/user/.m2/repository/org/glassfish/jersey/core/jersey-common/2.27/jersey-common-2.27.jar:/home/user/.m2/repository/org/glassfish/hk2/osgi-resource-locator/1.0.1/osgi-resource-locator-1.0.1.jar:/home/user/.m2/repository/javax/ws/rs/javax.ws.rs-api/2.1/javax.ws.rs-api-2.1.jar:/home/user/.m2/repository/org/glassfish/jersey/ext/cdi/jersey-cdi1x/2.27/jersey-cdi1x-2.27.jar:/home/user/.m2/repository/org/glassfish/jersey/inject/jersey-hk2/2.27/jersey-hk2-2.27.jar:/home/user/.m2/repository/org/glassfish/hk2/hk2-locator/2.5.0-b42/hk2-locator-2.5.0-b42.jar:/home/user/.m2/repository/org/javassist/javassist/3.22.0-CR2/javassist-3.22.0-CR2.jar:/home/user/.m2/repository/org/glassfish/hk2/hk2-api/2.5.0/hk2-api-2.5.0.jar:/home/user/.m2/repository/org/glassfish/hk2/external/jakarta.inject/2.5.0/jakarta.inject-2.5.0.jar:/home/user/.m2/repository/org/glassfish/hk2/hk2-utils/2.5.0/hk2-utils-2.5.0.jar:/home/user/.m2/repository/jakarta/annotation/jakarta.annotation-api/1.3.4/jakarta.annotation-api-1.3.4.jar:/home/user/.m2/repository/org/glassfish/hk2/external/aopalliance-repackaged/2.5.0/aopalliance-repackaged-2.5.0.jar:/home/user/.m2/repository/com/fasterxml/jackson/dataformat/jackson-dataformat-xml/2.10.3/jackson-dataformat-xml-2.10.3.jar:/home/user/.m2/repository/com/fasterxml/jackson/core/jackson-core/2.10.3/jackson-core-2.10.3.jar:/home/user/.m2/repository/com/fasterxml/jackson/module/jackson-module-jaxb-annotations/2.10.3/jackson-module-jaxb-annotations-2.10.3.jar:/home/user/.m2/repository/jakarta/xml/bind/jakarta.xml.bind-api/2.3.2/jakarta.xml.bind-api-2.3.2.jar:/home/user/.m2/repository/jakarta/activation/jakarta.activation-api/1.2.1/jakarta.activation-api-1.2.1.jar:/home/user/.m2/repository/org/codehaus/woodstox/stax2-api/3.1.4/stax2-api-3.1.4.jar:/home/user/.m2/repository/com/fasterxml/woodstox/woodstox-core/5.0.3/woodstox-core-5.0.3.jar:/home/user/.m2/repository/javax/enterprise/cdi-api/1.2/cdi-api-1.2.jar:/home/user/.m2/repository/javax/el/javax.el-api/3.0.0/javax.el-api-3.0.0.jar:/home/user/.m2/repository/javax/interceptor/javax.interceptor-api/1.2/javax.interceptor-api-1.2.jar:/home/user/.m2/repository/javax/inject/javax.inject/1/javax.inject-1.jar:/home/user/.m2/repository/com/sun/xml/bind/jaxb-impl/2.3.0.1/jaxb-impl-2.3.0.1.jar:/home/user/.m2/repository/com/sun/xml/bind/jaxb-core/2.3.0.1/jaxb-core-2.3.0.1.jar:/home/user/.m2/repository/javax/xml/bind/jaxb-api/2.3.0/jaxb-api-2.3.0.jar:/home/user/.m2/repository/javax/activation/activation/1.1.1/activation-1.1.1.jar:/home/user/.m2/repository/org/apache/hadoop/hadoop-ozone-csi/1.1.0-SNAPSHOT/hadoop-ozone-csi-1.1.0-SNAPSHOT.jar:/home/user/.m2/repository/com/google/protobuf/protobuf-java-util/3.11.0/protobuf-java-util-3.11.0.jar:/home/user/.m2/repository/com/google/code/gson/gson/2.2.4/gson-2.2.4.jar:/home/user/.m2/repository/org/apache/hadoop/hadoop-hdds-config/1.1.0-SNAPSHOT/hadoop-hdds-config-1.1.0-SNAPSHOT.jar:/home/user/.m2/repository/com/google/protobuf/protobuf-java/2.5.0/protobuf-java-2.5.0.jar:/home/user/.m2/repository/io/grpc/grpc-netty/1.29.0/grpc-netty-1.29.0.jar:/home/user/.m2/repository/io/grpc/grpc-core/1.29.0/grpc-core-1.29.0.jar:/home/user/.m2/repository/com/google/android/annotations/4.1.1.4/annotations-4.1.1.4.jar:/home/user/.m2/repository/io/perfmark/perfmark-api/0.19.0/perfmark-api-0.19.0.jar:/home/user/.m2/repository/io/netty/netty-codec-http2/4.1.48.Final/netty-codec-http2-4.1.48.Final.jar:/home/user/.m2/repository/io/netty/netty-codec/4.1.48.Final/netty-codec-4.1.48.Final.jar:/home/user/.m2/repository/io/netty/netty-handler/4.1.48.Final/netty-handler-4.1.48.Final.jar:/home/user/.m2/repository/io/netty/netty-codec-http/4.1.48.Final/netty-codec-http-4.1.48.Final.jar:/home/user/.m2/repository/io/netty/netty-handler-proxy/4.1.48.Final/netty-handler-proxy-4.1.48.Final.jar:/home/user/.m2/repository/io/netty/netty-codec-socks/4.1.48.Final/netty-codec-socks-4.1.48.Final.jar:/home/user/.m2/repository/io/netty/netty-transport-native-epoll/4.1.48.Final/netty-transport-native-epoll-4.1.48.Final.jar:/home/user/.m2/repository/io/netty/netty-common/4.1.48.Final/netty-common-4.1.48.Final.jar:/home/user/.m2/repository/io/netty/netty-buffer/4.1.48.Final/netty-buffer-4.1.48.Final.jar:/home/user/.m2/repository/io/netty/netty-transport/4.1.48.Final/netty-transport-4.1.48.Final.jar:/home/user/.m2/repository/io/netty/netty-resolver/4.1.48.Final/netty-resolver-4.1.48.Final.jar:/home/user/.m2/repository/io/netty/netty-transport-native-unix-common/4.1.48.Final/netty-transport-native-unix-common-4.1.48.Final.jar:/home/user/.m2/repository/io/grpc/grpc-protobuf/1.29.0/grpc-protobuf-1.29.0.jar:/home/user/.m2/repository/io/grpc/grpc-api/1.29.0/grpc-api-1.29.0.jar:/home/user/.m2/repository/io/grpc/grpc-context/1.29.0/grpc-context-1.29.0.jar:/home/user/.m2/repository/org/codehaus/mojo/animal-sniffer-annotations/1.18/animal-sniffer-annotations-1.18.jar:/home/user/.m2/repository/com/google/api/grpc/proto-google-common-protos/1.17.0/proto-google-common-protos-1.17.0.jar:/home/user/.m2/repository/io/grpc/grpc-protobuf-lite/1.29.0/grpc-protobuf-lite-1.29.0.jar:/home/user/.m2/repository/io/grpc/grpc-stub/1.29.0/grpc-stub-1.29.0.jar:/home/user/.m2/repository/org/apache/hadoop/hadoop-ozone-recon/1.1.0-SNAPSHOT/hadoop-ozone-recon-1.1.0-SNAPSHOT.jar:/home/user/.m2/repository/org/apache/hadoop/hadoop-ozone-reconcodegen/1.1.0-SNAPSHOT/hadoop-ozone-reconcodegen-1.1.0-SNAPSHOT.jar:/home/user/.m2/repository/com/google/inject/extensions/guice-multibindings/4.0/guice-multibindings-4.0.jar:/home/user/.m2/repository/com/google/inject/guice/4.0/guice-4.0.jar:/home/user/.m2/repository/aopalliance/aopalliance/1.0/aopalliance-1.0.jar:/home/user/.m2/repository/com/google/inject/extensions/guice-assistedinject/4.0/guice-assistedinject-4.0.jar:/home/user/.m2/repository/com/google/inject/extensions/guice-servlet/4.0/guice-servlet-4.0.jar:/home/user/.m2/repository/org/glassfish/jersey/containers/jersey-container-servlet/2.27/jersey-container-servlet-2.27.jar:/home/user/.m2/repository/org/glassfish/hk2/guice-bridge/2.5.0/guice-bridge-2.5.0.jar:/home/user/.m2/repository/org/glassfish/jersey/core/jersey-server/2.27/jersey-server-2.27.jar:/home/user/.m2/repository/org/glassfish/jersey/core/jersey-client/2.27/jersey-client-2.27.jar:/home/user/.m2/repository/org/glassfish/jersey/media/jersey-media-jaxb/2.27/jersey-media-jaxb-2.27.jar:/home/user/.m2/repository/javax/validation/validation-api/1.1.0.Final/validation-api-1.1.0.Final.jar:/home/user/.m2/repository/org/glassfish/jersey/media/jersey-media-json-jackson/2.27/jersey-media-json-jackson-2.27.jar:/home/user/.m2/repository/org/glassfish/jersey/ext/jersey-entity-filtering/2.27/jersey-entity-filtering-2.27.jar:/home/user/.m2/repository/org/jooq/jooq/3.11.10/jooq-3.11.10.jar:/home/user/.m2/repository/org/jooq/jooq-meta/3.11.10/jooq-meta-3.11.10.jar:/home/user/.m2/repository/org/jooq/jooq-codegen/3.11.10/jooq-codegen-3.11.10.jar:/home/user/.m2/repository/com/jolbox/bonecp/0.8.0.RELEASE/bonecp-0.8.0.RELEASE.jar:/home/user/.m2/repository/org/apache/derby/derby/10.14.2.0/derby-10.14.2.0.jar:/home/user/.m2/repository/org/xerial/sqlite-jdbc/3.25.2/sqlite-jdbc-3.25.2.jar:/home/user/.m2/repository/org/springframework/spring-jdbc/5.2.11.RELEASE/spring-jdbc-5.2.11.RELEASE.jar:/home/user/.m2/repository/org/springframework/spring-beans/5.2.11.RELEASE/spring-beans-5.2.11.RELEASE.jar:/home/user/.m2/repository/org/springframework/spring-core/5.2.11.RELEASE/spring-core-5.2.11.RELEASE.jar:/home/user/.m2/repository/org/springframework/spring-jcl/5.2.11.RELEASE/spring-jcl-5.2.11.RELEASE.jar:/home/user/.m2/repository/org/springframework/spring-tx/5.2.11.RELEASE/spring-tx-5.2.11.RELEASE.jar:/home/user/.m2/repository/org/apache/hadoop/hadoop-ozone-client/1.1.0-SNAPSHOT/hadoop-ozone-client-1.1.0-SNAPSHOT.jar:/home/user/.m2/repository/org/apache/hadoop/hadoop-ozone-filesystem/1.1.0-SNAPSHOT/hadoop-ozone-filesystem-1.1.0-SNAPSHOT.jar:/home/user/.m2/repository/org/apache/hadoop/hadoop-ozone-filesystem-common/1.1.0-SNAPSHOT/hadoop-ozone-filesystem-common-1.1.0-SNAPSHOT.jar:/home/user/.m2/repository/org/apache/hadoop/hadoop-ozone-tools/1.1.0-SNAPSHOT/hadoop-ozone-tools-1.1.0-SNAPSHOT.jar:/home/user/.m2/repository/org/apache/ratis/ratis-tools/1.1.0-c5eafb9-SNAPSHOT/ratis-tools-1.1.0-c5eafb9-SNAPSHOT.jar:/home/user/.m2/repository/org/apache/ratis/ratis-proto/1.1.0-c5eafb9-SNAPSHOT/ratis-proto-1.1.0-c5eafb9-SNAPSHOT.jar:/home/user/.m2/repository/org/apache/ratis/ratis-common/1.1.0-c5eafb9-SNAPSHOT/ratis-common-1.1.0-c5eafb9-SNAPSHOT.jar:/home/user/.m2/repository/com/amazonaws/aws-java-sdk-core/1.11.901/aws-java-sdk-core-1.11.901.jar:/home/user/.m2/repository/org/apache/httpcomponents/httpclient/4.5.13/httpclient-4.5.13.jar:/home/user/.m2/repository/org/apache/httpcomponents/httpcore/4.4.13/httpcore-4.4.13.jar:/home/user/.m2/repository/software/amazon/ion/ion-java/1.0.2/ion-java-1.0.2.jar:/home/user/.m2/repository/com/fasterxml/jackson/dataformat/jackson-dataformat-cbor/2.10.3/jackson-dataformat-cbor-2.10.3.jar:/home/user/.m2/repository/joda-time/joda-time/2.8.1/joda-time-2.8.1.jar:/home/user/.m2/repository/com/amazonaws/aws-java-sdk-s3/1.11.901/aws-java-sdk-s3-1.11.901.jar:/home/user/.m2/repository/com/amazonaws/aws-java-sdk-kms/1.11.901/aws-java-sdk-kms-1.11.901.jar:/home/user/.m2/repository/com/amazonaws/jmespath-java/1.11.901/jmespath-java-1.11.901.jar:/home/user/.m2/repository/org/kohsuke/metainf-services/metainf-services/1.8/metainf-services-1.8.jar:/home/user/.m2/repository/org/apache/hadoop/hadoop-hdds-tools/1.1.0-SNAPSHOT/hadoop-hdds-tools-1.1.0-SNAPSHOT.jar:/home/user/.m2/repository/commons-cli/commons-cli/1.2/commons-cli-1.2.jar:/home/user/.m2/repository/org/apache/commons/commons-lang3/3.7/commons-lang3-3.7.jar:/home/user/.m2/repository/org/apache/hadoop/hadoop-ozone-ozone-manager/1.1.0-SNAPSHOT/hadoop-ozone-ozone-manager-1.1.0-SNAPSHOT-tests.jar:/home/user/.m2/repository/org/apache/hadoop/hadoop-hdds-common/1.1.0-SNAPSHOT/hadoop-hdds-common-1.1.0-SNAPSHOT-tests.jar:/home/user/.m2/repository/org/apache/hadoop/hadoop-hdds-hadoop-dependency-client/1.1.0-SNAPSHOT/hadoop-hdds-hadoop-dependency-client-1.1.0-SNAPSHOT.jar:/home/user/.m2/repository/info/picocli/picocli/4.4.0/picocli-4.4.0.jar:/home/user/.m2/repository/com/fasterxml/jackson/core/jackson-annotations/2.10.3/jackson-annotations-2.10.3.jar:/home/user/.m2/repository/javax/annotation/javax.annotation-api/1.2/javax.annotation-api-1.2.jar:/home/user/.m2/repository/org/fusesource/leveldbjni/leveldbjni-all/1.8/leveldbjni-all-1.8.jar:/home/user/.m2/repository/org/apache/ratis/ratis-server/1.1.0-c5eafb9-SNAPSHOT/ratis-server-1.1.0-c5eafb9-SNAPSHOT.jar:/home/user/.m2/repository/org/apache/ratis/ratis-client/1.1.0-c5eafb9-SNAPSHOT/ratis-client-1.1.0-c5eafb9-SNAPSHOT.jar:/home/user/.m2/repository/org/apache/ratis/ratis-metrics/1.1.0-c5eafb9-SNAPSHOT/ratis-metrics-1.1.0-c5eafb9-SNAPSHOT.jar:/home/user/.m2/repository/org/apache/ratis/ratis-netty/1.1.0-c5eafb9-SNAPSHOT/ratis-netty-1.1.0-c5eafb9-SNAPSHOT.jar:/home/user/.m2/repository/org/apache/ratis/ratis-grpc/1.1.0-c5eafb9-SNAPSHOT/ratis-grpc-1.1.0-c5eafb9-SNAPSHOT.jar:/home/user/.m2/repository/org/apache/logging/log4j/log4j-api/2.13.3/log4j-api-2.13.3.jar:/home/user/.m2/repository/org/apache/logging/log4j/log4j-core/2.13.3/log4j-core-2.13.3.jar:/home/user/.m2/repository/com/lmax/disruptor/3.4.2/disruptor-3.4.2.jar:/home/user/.m2/repository/org/apache/commons/commons-pool2/2.6.0/commons-pool2-2.6.0.jar:/home/user/.m2/repository/org/bouncycastle/bcpkix-jdk15on/1.67/bcpkix-jdk15on-1.67.jar:/home/user/.m2/repository/commons-validator/commons-validator/1.6/commons-validator-1.6.jar:/home/user/.m2/repository/commons-beanutils/commons-beanutils/1.9.4/commons-beanutils-1.9.4.jar:/home/user/.m2/repository/commons-digester/commons-digester/1.8.1/commons-digester-1.8.1.jar:/home/user/.m2/repository/commons-collections/commons-collections/3.2.2/commons-collections-3.2.2.jar:/home/user/.m2/repository/io/jaegertracing/jaeger-client/1.2.0/jaeger-client-1.2.0.jar:/home/user/.m2/repository/io/jaegertracing/jaeger-thrift/1.2.0/jaeger-thrift-1.2.0.jar:/home/user/.m2/repository/org/apache/thrift/libthrift/0.13.0/libthrift-0.13.0.jar:/home/user/.m2/repository/com/squareup/okhttp3/okhttp/4.2.2/okhttp-4.2.2.jar:/home/user/.m2/repository/com/squareup/okio/okio/2.2.2/okio-2.2.2.jar:/home/user/.m2/repository/org/jetbrains/kotlin/kotlin-stdlib/1.3.50/kotlin-stdlib-1.3.50.jar:/home/user/.m2/repository/org/jetbrains/kotlin/kotlin-stdlib-common/1.3.50/kotlin-stdlib-common-1.3.50.jar:/home/user/.m2/repository/org/jetbrains/annotations/13.0/annotations-13.0.jar:/home/user/.m2/repository/io/jaegertracing/jaeger-core/1.2.0/jaeger-core-1.2.0.jar:/home/user/.m2/repository/io/jaegertracing/jaeger-tracerresolver/1.2.0/jaeger-tracerresolver-1.2.0.jar:/home/user/.m2/repository/io/opentracing/contrib/opentracing-tracerresolver/0.1.8/opentracing-tracerresolver-0.1.8.jar:/home/user/.m2/repository/io/opentracing/opentracing-util/0.33.0/opentracing-util-0.33.0.jar:/home/user/.m2/repository/io/opentracing/opentracing-api/0.33.0/opentracing-api-0.33.0.jar:/home/user/.m2/repository/io/opentracing/opentracing-noop/0.33.0/opentracing-noop-0.33.0.jar:/home/user/.m2/repository/org/yaml/snakeyaml/1.26/snakeyaml-1.26.jar:/home/user/.m2/repository/junit/junit/4.11/junit-4.11.jar:/home/user/.m2/repository/org/hamcrest/hamcrest-core/1.3/hamcrest-core-1.3.jar:/home/user/.m2/repository/org/openjdk/jmh/jmh-core/1.19/jmh-core-1.19.jar:/home/user/.m2/repository/net/sf/jopt-simple/jopt-simple/4.6/jopt-simple-4.6.jar:/home/user/.m2/repository/org/apache/commons/commons-math3/3.1.1/commons-math3-3.1.1.jar:/home/user/.m2/repository/org/openjdk/jmh/jmh-generator-annprocess/1.19/jmh-generator-annprocess-1.19.jar:/home/user/.m2/repository/org/mockito/mockito-all/1.8.5/mockito-all-1.8.5.jar:/home/user/.m2/repository/org/apache/hadoop/hadoop-kms/3.2.1/hadoop-kms-3.2.1.jar:/home/user/.m2/repository/org/apache/hadoop/hadoop-auth/3.2.1/hadoop-auth-3.2.1.jar:/home/user/.m2/repository/com/nimbusds/nimbus-jose-jwt/7.9/nimbus-jose-jwt-7.9.jar:/home/user/.m2/repository/com/github/stephenc/jcip/jcip-annotations/1.0-1/jcip-annotations-1.0-1.jar:/home/user/.m2/repository/net/minidev/json-smart/2.3/json-smart-2.3.jar:/home/user/.m2/repository/net/minidev/accessors-smart/1.2/accessors-smart-1.2.jar:/home/user/.m2/repository/org/ow2/asm/asm/5.0.4/asm-5.0.4.jar:/home/user/.m2/repository/org/apache/zookeeper/zookeeper/3.4.13/zookeeper-3.4.13.jar:/home/user/.m2/repository/org/apache/yetus/audience-annotations/0.5.0/audience-annotations-0.5.0.jar:/home/user/.m2/repository/org/apache/curator/curator-framework/2.13.0/curator-framework-2.13.0.jar:/home/user/.m2/repository/com/sun/jersey/jersey-core/1.19/jersey-core-1.19.jar:/home/user/.m2/repository/javax/ws/rs/jsr311-api/1.1.1/jsr311-api-1.1.1.jar:/home/user/.m2/repository/com/sun/jersey/jersey-server/1.19/jersey-server-1.19.jar:/home/user/.m2/repository/javax/servlet/javax.servlet-api/3.1.0/javax.servlet-api-3.1.0.jar:/home/user/.m2/repository/org/eclipse/jetty/jetty-server/9.4.34.v20201102/jetty-server-9.4.34.v20201102.jar:/home/user/.m2/repository/org/eclipse/jetty/jetty-http/9.4.34.v20201102/jetty-http-9.4.34.v20201102.jar:/home/user/.m2/repository/org/eclipse/jetty/jetty-io/9.4.34.v20201102/jetty-io-9.4.34.v20201102.jar:/home/user/.m2/repository/org/eclipse/jetty/jetty-webapp/9.4.34.v20201102/jetty-webapp-9.4.34.v20201102.jar:/home/user/.m2/repository/org/eclipse/jetty/jetty-xml/9.4.34.v20201102/jetty-xml-9.4.34.v20201102.jar:/home/user/.m2/repository/org/apache/hadoop/hadoop-common/3.2.1/hadoop-common-3.2.1.jar:/home/user/.m2/repository/commons-net/commons-net/3.6/commons-net-3.6.jar:/home/user/.m2/repository/com/sun/jersey/jersey-servlet/1.19/jersey-servlet-1.19.jar:/home/user/.m2/repository/com/sun/jersey/jersey-json/1.19/jersey-json-1.19.jar:/home/user/.m2/repository/org/codehaus/jettison/jettison/1.1/jettison-1.1.jar:/home/user/.m2/repository/org/codehaus/jackson/jackson-jaxrs/1.9.2/jackson-jaxrs-1.9.2.jar:/home/user/.m2/repository/org/codehaus/jackson/jackson-xc/1.9.2/jackson-xc-1.9.2.jar:/home/user/.m2/repository/org/apache/commons/commons-configuration2/2.1.1/commons-configuration2-2.1.1.jar:/home/user/.m2/repository/org/apache/commons/commons-text/1.4/commons-text-1.4.jar:/home/user/.m2/repository/com/google/re2j/re2j/1.1/re2j-1.1.jar:/home/user/.m2/repository/com/jcraft/jsch/0.1.54/jsch-0.1.54.jar:/home/user/.m2/repository/org/apache/curator/curator-client/2.13.0/curator-client-2.13.0.jar:/home/user/.m2/repository/org/apache/curator/curator-recipes/2.13.0/curator-recipes-2.13.0.jar:/home/user/.m2/repository/dnsjava/dnsjava/2.1.7/dnsjava-2.1.7.jar:/home/user/.m2/repository/org/slf4j/jul-to-slf4j/1.7.30/jul-to-slf4j-1.7.30.jar:/home/user/.m2/repository/org/eclipse/jetty/jetty-util/9.4.34.v20201102/jetty-util-9.4.34.v20201102.jar:/home/user/.m2/repository/com/fasterxml/jackson/core/jackson-databind/2.10.3/jackson-databind-2.10.3.jar:/home/user/.m2/repository/org/apache/hadoop/hadoop-kms/3.2.1/hadoop-kms-3.2.1-tests.jar:/home/user/.m2/repository/org/apache/hadoop/hadoop-hdds-server-scm/1.1.0-SNAPSHOT/hadoop-hdds-server-scm-1.1.0-SNAPSHOT-tests.jar:/home/user/.m2/repository/org/apache/hadoop/hadoop-hdds-container-service/1.1.0-SNAPSHOT/hadoop-hdds-container-service-1.1.0-SNAPSHOT-tests.jar:/home/user/.m2/repository/commons-codec/commons-codec/1.11/commons-codec-1.11.jar:/home/user/.m2/repository/org/apache/hadoop/hadoop-hdds-hadoop-dependency-test/1.1.0-SNAPSHOT/hadoop-hdds-hadoop-dependency-test-1.1.0-SNAPSHOT.jar:/home/user/.m2/repository/org/apache/hadoop/hadoop-common/3.2.1/hadoop-common-3.2.1-tests.jar:/home/user/.m2/repository/org/apache/hadoop/hadoop-hdfs/3.2.1/hadoop-hdfs-3.2.1-tests.jar:/home/user/.m2/repository/org/eclipse/jetty/jetty-util-ajax/9.4.34.v20201102/jetty-util-ajax-9.4.34.v20201102.jar:/home/user/.m2/repository/commons-daemon/commons-daemon/1.0.13/commons-daemon-1.0.13.jar:/home/user/.m2/repository/io/netty/netty/3.10.5.Final/netty-3.10.5.Final.jar:/home/user/.m2/repository/io/netty/netty-all/4.1.48.Final/netty-all-4.1.48.Final.jar:/home/user/.m2/repository/org/apache/htrace/htrace-core4/4.1.0-incubating/htrace-core4-4.1.0-incubating.jar:/home/user/.m2/repository/org/apache/hadoop/hadoop-distcp/3.2.1/hadoop-distcp-3.2.1.jar:/home/user/.m2/repository/org/apache/hadoop/hadoop-mapreduce-client-jobclient/3.2.1/hadoop-mapreduce-client-jobclient-3.2.1.jar:/home/user/.m2/repository/org/apache/hadoop/hadoop-mapreduce-client-common/3.2.1/hadoop-mapreduce-client-common-3.2.1.jar:/home/user/.m2/repository/org/apache/hadoop/hadoop-yarn-common/3.2.1/hadoop-yarn-common-3.2.1.jar:/home/user/.m2/repository/org/apache/hadoop/hadoop-yarn-api/3.2.1/hadoop-yarn-api-3.2.1.jar:/home/user/.m2/repository/com/sun/jersey/jersey-client/1.19/jersey-client-1.19.jar:/home/user/.m2/repository/com/sun/jersey/contribs/jersey-guice/1.19/jersey-guice-1.19.jar:/home/user/.m2/repository/com/fasterxml/jackson/jaxrs/jackson-jaxrs-json-provider/2.10.3/jackson-jaxrs-json-provider-2.10.3.jar:/home/user/.m2/repository/com/fasterxml/jackson/jaxrs/jackson-jaxrs-base/2.10.3/jackson-jaxrs-base-2.10.3.jar:/home/user/.m2/repository/org/apache/hadoop/hadoop-yarn-client/3.2.1/hadoop-yarn-client-3.2.1.jar:/home/user/.m2/repository/org/apache/hadoop/hadoop-mapreduce-client-core/3.2.1/hadoop-mapreduce-client-core-3.2.1.jar:/home/user/.m2/repository/org/apache/avro/avro/1.7.7/avro-1.7.7.jar:/home/user/.m2/repository/org/codehaus/jackson/jackson-core-asl/1.9.13/jackson-core-asl-1.9.13.jar:/home/user/.m2/repository/org/codehaus/jackson/jackson-mapper-asl/1.9.13/jackson-mapper-asl-1.9.13.jar:/home/user/.m2/repository/com/thoughtworks/paranamer/paranamer/2.3/paranamer-2.3.jar:/home/user/.m2/repository/org/xerial/snappy/snappy-java/1.0.5/snappy-java-1.0.5.jar:/home/user/.m2/repository/org/apache/hadoop/hadoop-annotations/3.2.1/hadoop-annotations-3.2.1.jar:/usr/lib/jvm/java-1.8.0-openjdk-1.8.0.232.b09-0.el7_7.x86_64/jre/../lib/tools.jar:/home/user/.m2/repository/org/apache/hadoop/hadoop-distcp/3.2.1/hadoop-distcp-3.2.1-tests.jar:"/>
    <property name="sun.cpu.endian" value="little"/>
    <property name="user.home" value="/home/user"/>
    <property name="user.language" value="en"/>
    <property name="java.specification.vendor" value="Oracle Corporation"/>
    <property name="java.home" value="/usr/lib/jvm/java-1.8.0-openjdk-1.8.0.232.b09-0.el7_7.x86_64/jre"/>
    <property name="java.security.krb5.conf" value="/github/workspace/mnt/ozone/hadoop-ozone/integration-test/target/test-classes/krb5.conf"/>
    <property name="basedir" value="/github/workspace/mnt/ozone/hadoop-ozone/integration-test"/>
    <property name="file.separator" value="/"/>
    <property name="line.separator" value="&#10;"/>
    <property name="java.vm.specification.vendor" value="Oracle Corporation"/>
    <property name="java.specification.name" value="Java Platform API Specification"/>
    <property name="java.awt.graphicsenv" value="sun.awt.X11GraphicsEnvironment"/>
    <property name="skip.installnpx" value="true"/>
    <property name="surefire.real.class.path" value="/github/workspace/mnt/ozone/hadoop-ozone/integration-test/target/surefire/surefirebooter4635765494135389595.jar:/home/user/.m2/repository/org/jacoco/org.jacoco.agent/0.8.5/org.jacoco.agent-0.8.5-runtime.jar"/>
    <property name="hadoop.log.dir" value="/github/workspace/mnt/ozone/hadoop-ozone/integration-test/target/log"/>
    <property name="sun.boot.class.path" value="/usr/lib/jvm/java-1.8.0-openjdk-1.8.0.232.b09-0.el7_7.x86_64/jre/lib/resources.jar:/usr/lib/jvm/java-1.8.0-openjdk-1.8.0.232.b09-0.el7_7.x86_64/jre/lib/rt.jar:/usr/lib/jvm/java-1.8.0-openjdk-1.8.0.232.b09-0.el7_7.x86_64/jre/lib/sunrsasign.jar:/usr/lib/jvm/java-1.8.0-openjdk-1.8.0.232.b09-0.el7_7.x86_64/jre/lib/jsse.jar:/usr/lib/jvm/java-1.8.0-openjdk-1.8.0.232.b09-0.el7_7.x86_64/jre/lib/jce.jar:/usr/lib/jvm/java-1.8.0-openjdk-1.8.0.232.b09-0.el7_7.x86_64/jre/lib/charsets.jar:/usr/lib/jvm/java-1.8.0-openjdk-1.8.0.232.b09-0.el7_7.x86_64/jre/lib/jfr.jar:/usr/lib/jvm/java-1.8.0-openjdk-1.8.0.232.b09-0.el7_7.x86_64/jre/classes"/>
    <property name="sun.management.compiler" value="HotSpot 64-Bit Tiered Compilers"/>
    <property name="skip.npx" value="true"/>
    <property name="java.runtime.version" value="1.8.0_232-b09"/>
    <property name="java.net.preferIPv4Stack" value="true"/>
    <property name="user.name" value="jenkins1001"/>
    <property name="path.separator" value=":"/>
    <property name="java.security.egd" value="file:///dev/urandom"/>
    <property name="os.version" value="5.4.0-1032-azure"/>
    <property name="java.endorsed.dirs" value="/usr/lib/jvm/java-1.8.0-openjdk-1.8.0.232.b09-0.el7_7.x86_64/jre/lib/endorsed"/>
    <property name="java.runtime.name" value="OpenJDK Runtime Environment"/>
    <property name="file.encoding" value="ANSI_X3.4-1968"/>
    <property name="java.vm.name" value="OpenJDK 64-Bit Server VM"/>
    <property name="test.build.webapps" value=""/>
    <property name="localRepository" value="/home/user/.m2/repository"/>
    <property name="java.vendor.url.bug" value="http://bugreport.sun.com/bugreport/"/>
    <property name="java.io.tmpdir" value="/tmp"/>
    <property name="require.test.libhadoop" value=""/>
    <property name="java.version" value="1.8.0_232"/>
    <property name="user.dir" value="/github/workspace/mnt/ozone/hadoop-ozone/integration-test"/>
    <property name="os.arch" value="amd64"/>
    <property name="java.vm.specification.name" value="Java Virtual Machine Specification"/>
    <property name="test.build.classes" value="/github/workspace/mnt/ozone/hadoop-ozone/integration-test/target/test-classes"/>
    <property name="java.awt.printerjob" value="sun.print.PSPrinterJob"/>
    <property name="sun.os.patch.level" value="unknown"/>
    <property name="hadoop.tmp.dir" value="/github/workspace/mnt/ozone/hadoop-ozone/integration-test/target/tmp"/>
    <property name="java.library.path" value="/usr/lib:/usr/java/packages/lib/amd64:/usr/lib64:/lib64:/lib:/usr/lib"/>
    <property name="java.vm.info" value="mixed mode"/>
    <property name="java.vendor" value="Oracle Corporation"/>
    <property name="java.vm.version" value="25.232-b09"/>
    <property name="java.ext.dirs" value="/usr/lib/jvm/java-1.8.0-openjdk-1.8.0.232.b09-0.el7_7.x86_64/jre/lib/ext:/usr/java/packages/lib/ext"/>
    <property name="sun.io.unicode.encoding" value="UnicodeLittle"/>
    <property name="java.class.version" value="52.0"/>
  </properties>
  <testcase name="testStoppedMaintenanceNodeTakesScmStateOnRestart" classname="org.apache.hadoop.ozone.scm.node.TestDecommissionAndMaintenance" time="48.804"/>
  <testcase name="testContainerIsReplicatedWhenAllNodesGotoMaintenance" classname="org.apache.hadoop.ozone.scm.node.TestDecommissionAndMaintenance" time="32.826">
    <failure message="expected:&lt;5&gt; but was:&lt;6&gt;" type="junit.framework.AssertionFailedError"><![CDATA[junit.framework.AssertionFailedError: expected:<5> but was:<6>
	at junit.framework.Assert.fail(Assert.java:57)
	at junit.framework.Assert.failNotEquals(Assert.java:329)
	at junit.framework.Assert.assertEquals(Assert.java:78)
	at junit.framework.Assert.assertEquals(Assert.java:234)
	at junit.framework.Assert.assertEquals(Assert.java:241)
	at junit.framework.TestCase.assertEquals(TestCase.java:409)
	at org.apache.hadoop.ozone.scm.node.TestDecommissionAndMaintenance.testContainerIsReplicatedWhenAllNodesGotoMaintenance(TestDecommissionAndMaintenance.java:394)
	at sun.reflect.NativeMethodAccessorImpl.invoke0(Native Method)
	at sun.reflect.NativeMethodAccessorImpl.invoke(NativeMethodAccessorImpl.java:62)
	at sun.reflect.DelegatingMethodAccessorImpl.invoke(DelegatingMethodAccessorImpl.java:43)
	at java.lang.reflect.Method.invoke(Method.java:498)
	at org.junit.runners.model.FrameworkMethod$1.runReflectiveCall(FrameworkMethod.java:47)
	at org.junit.internal.runners.model.ReflectiveCallable.run(ReflectiveCallable.java:12)
	at org.junit.runners.model.FrameworkMethod.invokeExplosively(FrameworkMethod.java:44)
	at org.junit.internal.runners.statements.InvokeMethod.evaluate(InvokeMethod.java:17)
	at org.junit.internal.runners.statements.RunBefores.evaluate(RunBefores.java:26)
	at org.junit.internal.runners.statements.RunAfters.evaluate(RunAfters.java:27)
	at org.junit.runners.ParentRunner.runLeaf(ParentRunner.java:271)
	at org.junit.runners.BlockJUnit4ClassRunner.runChild(BlockJUnit4ClassRunner.java:70)
	at org.junit.runners.BlockJUnit4ClassRunner.runChild(BlockJUnit4ClassRunner.java:50)
	at org.junit.runners.ParentRunner$3.run(ParentRunner.java:238)
	at org.junit.runners.ParentRunner$1.schedule(ParentRunner.java:63)
	at org.junit.runners.ParentRunner.runChildren(ParentRunner.java:236)
	at org.junit.runners.ParentRunner.access$000(ParentRunner.java:53)
	at org.junit.runners.ParentRunner$2.evaluate(ParentRunner.java:229)
	at org.junit.runners.ParentRunner.run(ParentRunner.java:309)
	at org.apache.maven.surefire.junit4.JUnit4Provider.execute(JUnit4Provider.java:365)
	at org.apache.maven.surefire.junit4.JUnit4Provider.executeWithRerun(JUnit4Provider.java:273)
	at org.apache.maven.surefire.junit4.JUnit4Provider.executeTestSet(JUnit4Provider.java:238)
	at org.apache.maven.surefire.junit4.JUnit4Provider.invoke(JUnit4Provider.java:159)
	at org.apache.maven.surefire.booter.ForkedBooter.invokeProviderInSameClassLoader(ForkedBooter.java:384)
	at org.apache.maven.surefire.booter.ForkedBooter.runSuitesInProcess(ForkedBooter.java:345)
	at org.apache.maven.surefire.booter.ForkedBooter.execute(ForkedBooter.java:126)
	at org.apache.maven.surefire.booter.ForkedBooter.main(ForkedBooter.java:418)
]]></failure>
    <system-out><![CDATA[2020-12-24 03:52:06,580 [Listener at 127.0.0.1/44985] WARN  server.ServerUtils (ServerUtils.java:getScmDbDir(148)) - ozone.scm.db.dirs is not configured. We recommend adding this setting. Falling back to ozone.metadata.dirs instead.
2020-12-24 03:52:06,582 [Listener at 127.0.0.1/44985] WARN  server.ServerUtils (ServerUtils.java:getScmDbDir(148)) - ozone.scm.db.dirs is not configured. We recommend adding this setting. Falling back to ozone.metadata.dirs instead.
2020-12-24 03:52:06,583 [Listener at 127.0.0.1/44985] WARN  db.DBStoreBuilder (DBStoreBuilder.java:applyDBDefinition(145)) - ozone.scm.db.dirs is not configured. We recommend adding this setting. Falling back to ozone.metadata.dirs instead.
2020-12-24 03:52:06,613 [Listener at 127.0.0.1/44985] INFO  net.NodeSchemaLoader (NodeSchemaLoader.java:loadSchemaFromFile(126)) - Loading file from sun.misc.CompoundEnumeration@24ab83c8
2020-12-24 03:52:06,613 [Listener at 127.0.0.1/44985] INFO  net.NodeSchemaLoader (NodeSchemaLoader.java:loadSchema(172)) - Loading network topology layer schema file
2020-12-24 03:52:06,616 [Listener at 127.0.0.1/44985] INFO  node.SCMNodeManager (SCMNodeManager.java:<init>(123)) - Entering startup safe mode.
2020-12-24 03:52:06,617 [Listener at 127.0.0.1/44985] INFO  algorithms.ContainerPlacementPolicyFactory (ContainerPlacementPolicyFactory.java:getPolicy(60)) - Create container placement policy of type org.apache.hadoop.hdds.scm.container.placement.algorithms.SCMContainerPlacementRandom
2020-12-24 03:52:06,617 [Listener at 127.0.0.1/44985] INFO  algorithms.LeaderChoosePolicyFactory (LeaderChoosePolicyFactory.java:getPolicy(57)) - Create leader choose policy of type org.apache.hadoop.hdds.scm.pipeline.leader.choose.algorithms.DefaultLeaderChoosePolicy
2020-12-24 03:52:06,617 [Listener at 127.0.0.1/44985] INFO  pipeline.SCMPipelineManager (SCMPipelineManager.java:initializePipelineState(161)) - No pipeline exists in current db
2020-12-24 03:52:06,618 [Listener at 127.0.0.1/44985] INFO  algorithms.PipelineChoosePolicyFactory (PipelineChoosePolicyFactory.java:createPipelineChoosePolicyFromClass(75)) - Create pipeline choose policy of type org.apache.hadoop.hdds.scm.pipeline.choose.algorithms.RandomPipelineChoosePolicy
2020-12-24 03:52:06,619 [Listener at 127.0.0.1/44985] INFO  safemode.HealthyPipelineSafeModeRule (HealthyPipelineSafeModeRule.java:<init>(89)) - Total pipeline count is 0, healthy pipeline threshold count is 0
2020-12-24 03:52:06,619 [Listener at 127.0.0.1/44985] INFO  safemode.OneReplicaPipelineSafeModeRule (OneReplicaPipelineSafeModeRule.java:<init>(84)) - Total pipeline count is 0, pipeline's with at least one datanode reported threshold count is 0
2020-12-24 03:52:06,620 [Listener at 127.0.0.1/44985] INFO  ipc.CallQueueManager (CallQueueManager.java:<init>(84)) - Using callQueue: class java.util.concurrent.LinkedBlockingQueue, queueCapacity: 2000, scheduler: class org.apache.hadoop.ipc.DefaultRpcScheduler, ipcBackoff: false.
2020-12-24 03:52:06,621 [Socket Reader #1 for port 0] INFO  ipc.Server (Server.java:run(1219)) - Starting Socket Reader #1 for port 0
2020-12-24 03:52:06,621 [Listener at 0.0.0.0/44015] INFO  ipc.CallQueueManager (CallQueueManager.java:<init>(84)) - Using callQueue: class java.util.concurrent.LinkedBlockingQueue, queueCapacity: 2000, scheduler: class org.apache.hadoop.ipc.DefaultRpcScheduler, ipcBackoff: false.
2020-12-24 03:52:06,622 [Socket Reader #1 for port 0] INFO  ipc.Server (Server.java:run(1219)) - Starting Socket Reader #1 for port 0
2020-12-24 03:52:06,623 [Listener at 0.0.0.0/37231] INFO  ipc.CallQueueManager (CallQueueManager.java:<init>(84)) - Using callQueue: class java.util.concurrent.LinkedBlockingQueue, queueCapacity: 2000, scheduler: class org.apache.hadoop.ipc.DefaultRpcScheduler, ipcBackoff: false.
2020-12-24 03:52:06,624 [Socket Reader #1 for port 0] INFO  ipc.Server (Server.java:run(1219)) - Starting Socket Reader #1 for port 0
2020-12-24 03:52:06,630 [Listener at 0.0.0.0/39143] INFO  http.BaseHttpServer (BaseHttpServer.java:newHttpServer2BuilderForOzone(207)) - Starting Web-server for scm at: http://0.0.0.0:0
2020-12-24 03:52:06,631 [Listener at 0.0.0.0/39143] INFO  http.BaseHttpServer (BaseHttpServer.java:<init>(106)) - Hadoop Security Enabled: false Ozone Security Enabled: false Ozone HTTP Security Enabled: false 
2020-12-24 03:52:06,632 [Listener at 0.0.0.0/39143] INFO  server.AuthenticationFilter (AuthenticationFilter.java:constructSecretProvider(240)) - Unable to initialize FileSignerSecretProvider, falling back to use random secrets.
2020-12-24 03:52:06,633 [Listener at 0.0.0.0/39143] WARN  http.HttpRequestLog (HttpRequestLog.java:getRequestLog(103)) - Jetty request log can only be enabled using Log4j
2020-12-24 03:52:06,634 [Listener at 0.0.0.0/39143] INFO  http.HttpServer2 (HttpServer2.java:addGlobalFilter(1020)) - Added global filter 'safety' (class=org.apache.hadoop.hdds.server.http.HttpServer2$QuotingInputFilter)
2020-12-24 03:52:06,635 [Listener at 0.0.0.0/39143] INFO  http.HttpServer2 (HttpServer2.java:addFilter(996)) - Added filter static_user_filter (class=org.apache.hadoop.http.lib.StaticUserWebFilter$StaticUserFilter) to context scm
2020-12-24 03:52:06,635 [Listener at 0.0.0.0/39143] INFO  http.HttpServer2 (HttpServer2.java:addFilter(1004)) - Added filter static_user_filter (class=org.apache.hadoop.http.lib.StaticUserWebFilter$StaticUserFilter) to context logs
2020-12-24 03:52:06,635 [Listener at 0.0.0.0/39143] INFO  http.HttpServer2 (HttpServer2.java:addFilter(1004)) - Added filter static_user_filter (class=org.apache.hadoop.http.lib.StaticUserWebFilter$StaticUserFilter) to context static
2020-12-24 03:52:06,637 [Listener at 0.0.0.0/39143] INFO  server.StorageContainerManager (StorageContainerManager.java:start(789)) - StorageContainerLocationProtocol RPC server is listening at /0.0.0.0:39143
2020-12-24 03:52:06,639 [Listener at 0.0.0.0/39143] WARN  impl.MetricsConfig (MetricsConfig.java:loadFirst(134)) - Cannot locate configuration: tried hadoop-metrics2-storagecontainermanager.properties,hadoop-metrics2.properties
2020-12-24 03:52:06,639 [Listener at 0.0.0.0/39143] INFO  impl.MetricsSystemImpl (MetricsSystemImpl.java:startTimer(374)) - Scheduled Metric snapshot period at 10 second(s).
2020-12-24 03:52:06,639 [Listener at 0.0.0.0/39143] INFO  impl.MetricsSystemImpl (MetricsSystemImpl.java:start(191)) - StorageContainerManager metrics system started
2020-12-24 03:52:06,647 [Listener at 0.0.0.0/39143] WARN  impl.MetricsSystemImpl (MetricsSystemImpl.java:register(276)) - Sink prometheus already exists!
2020-12-24 03:52:06,654 [Listener at 0.0.0.0/39143] INFO  server.SCMClientProtocolServer (SCMClientProtocolServer.java:start(159)) - RPC server for Client  is listening at /0.0.0.0:39143
2020-12-24 03:52:06,654 [IPC Server Responder] INFO  ipc.Server (Server.java:run(1460)) - IPC Server Responder: starting
2020-12-24 03:52:06,654 [IPC Server listener on 0] INFO  ipc.Server (Server.java:run(1298)) - IPC Server listener on 0: starting
2020-12-24 03:52:06,671 [Listener at 0.0.0.0/39143] INFO  server.StorageContainerManager (StorageContainerManager.java:start(801)) - ScmBlockLocationProtocol RPC server is listening at /0.0.0.0:37231
2020-12-24 03:52:06,671 [Listener at 0.0.0.0/39143] INFO  server.SCMBlockProtocolServer (SCMBlockProtocolServer.java:start(150)) - RPC server for Block Protocol is listening at /0.0.0.0:37231
2020-12-24 03:52:06,673 [IPC Server Responder] INFO  ipc.Server (Server.java:run(1460)) - IPC Server Responder: starting
2020-12-24 03:52:06,674 [IPC Server listener on 0] INFO  ipc.Server (Server.java:run(1298)) - IPC Server listener on 0: starting
2020-12-24 03:52:06,682 [Listener at 0.0.0.0/39143] INFO  server.StorageContainerManager (StorageContainerManager.java:start(807)) - ScmDatanodeProtocl RPC server is listening at /0.0.0.0:44015
2020-12-24 03:52:06,683 [Listener at 0.0.0.0/39143] INFO  server.SCMDatanodeProtocolServer (SCMDatanodeProtocolServer.java:start(174)) - RPC server for DataNodes is listening at /0.0.0.0:44015
2020-12-24 03:52:06,683 [IPC Server Responder] INFO  ipc.Server (Server.java:run(1460)) - IPC Server Responder: starting
2020-12-24 03:52:06,688 [IPC Server listener on 0] INFO  ipc.Server (Server.java:run(1298)) - IPC Server listener on 0: starting
2020-12-24 03:52:06,690 [Listener at 0.0.0.0/39143] INFO  http.HttpServer2 (HttpServer2.java:bindListener(1238)) - Jetty bound to port 46411
2020-12-24 03:52:06,690 [Listener at 0.0.0.0/39143] INFO  server.Server (Server.java:doStart(375)) - jetty-9.4.34.v20201102; built: 2020-11-02T14:15:39.302Z; git: e46af88704a893fc12cb0e3bf46e2c7b48a009e7; jvm 1.8.0_232-b09
2020-12-24 03:52:06,692 [Listener at 0.0.0.0/39143] INFO  server.session (DefaultSessionIdManager.java:doStart(334)) - DefaultSessionIdManager workerName=node0
2020-12-24 03:52:06,692 [Listener at 0.0.0.0/39143] INFO  server.session (DefaultSessionIdManager.java:doStart(339)) - No SessionScavenger set, using defaults
2020-12-24 03:52:06,692 [Listener at 0.0.0.0/39143] INFO  server.session (HouseKeeper.java:startScavenging(132)) - node0 Scavenging every 660000ms
2020-12-24 03:52:06,693 [Listener at 0.0.0.0/39143] INFO  handler.ContextHandler (ContextHandler.java:doStart(916)) - Started o.e.j.s.ServletContextHandler@27ca3040{logs,/logs,file:///github/workspace/mnt/ozone/hadoop-ozone/integration-test/target/log,AVAILABLE}
2020-12-24 03:52:06,693 [Listener at 0.0.0.0/39143] INFO  handler.ContextHandler (ContextHandler.java:doStart(916)) - Started o.e.j.s.ServletContextHandler@251d3913{static,/static,file:///github/workspace/mnt/ozone/hadoop-ozone/integration-test/target/test-classes/webapps/static,AVAILABLE}
2020-12-24 03:52:06,696 [Listener at 0.0.0.0/39143] INFO  handler.ContextHandler (ContextHandler.java:doStart(916)) - Started o.e.j.w.WebAppContext@67bf0d91{scm,/,file:///github/workspace/mnt/ozone/hadoop-ozone/integration-test/target/test-classes/webapps/scm/,AVAILABLE}{file:/github/workspace/mnt/ozone/hadoop-ozone/integration-test/target/test-classes/webapps/scm}
2020-12-24 03:52:06,697 [Listener at 0.0.0.0/39143] INFO  server.AbstractConnector (AbstractConnector.java:doStart(331)) - Started ServerConnector@a99f50e{HTTP/1.1, (http/1.1)}{0.0.0.0:46411}
2020-12-24 03:52:06,698 [Listener at 0.0.0.0/39143] INFO  server.Server (Server.java:doStart(415)) - Started @49793ms
2020-12-24 03:52:06,698 [Listener at 0.0.0.0/39143] WARN  impl.MetricsSystemImpl (MetricsSystemImpl.java:register(276)) - Sink prometheus already exists!
2020-12-24 03:52:06,701 [Listener at 0.0.0.0/39143] INFO  http.BaseHttpServer (BaseHttpServer.java:updateConnectorAddress(327)) - HTTP server of scm listening at http://0.0.0.0:46411
2020-12-24 03:52:06,701 [Listener at 0.0.0.0/39143] WARN  server.ServerUtils (ServerUtils.java:getDBPath(225)) - ozone.om.db.dirs is not configured. We recommend adding this setting. Falling back to ozone.metadata.dirs instead.
2020-12-24 03:52:06,701 [org.apache.hadoop.util.JvmPauseMonitor$Monitor@7e9079cf] INFO  util.JvmPauseMonitor (JvmPauseMonitor.java:run(188)) - Starting JVM pause monitor
2020-12-24 03:52:06,706 [Listener at 0.0.0.0/39143] INFO  ha.OMHANodeDetails (OMHANodeDetails.java:loadOMHAConfig(104)) - ozone.om.internal.service.id is not defined, falling back to ozone.om.service.ids to find serviceID for OzoneManager if it is HA enabled cluster
2020-12-24 03:52:06,706 [Listener at 0.0.0.0/39143] INFO  ha.OMHANodeDetails (OMHANodeDetails.java:loadOMHAConfig(213)) - Configuration either no ozone.om.address set. Falling back to the default OM address /127.0.0.1:0
2020-12-24 03:52:06,706 [Listener at 0.0.0.0/39143] INFO  ha.OMHANodeDetails (OMHANodeDetails.java:getOMNodeDetails(241)) - OM Service ID is not set. Setting it to the default ID: omServiceIdDefault
2020-12-24 03:52:06,706 [Listener at 0.0.0.0/39143] WARN  server.ServerUtils (ServerUtils.java:getDBPath(225)) - ozone.om.db.dirs is not configured. We recommend adding this setting. Falling back to ozone.metadata.dirs instead.
2020-12-24 03:52:06,707 [Listener at 0.0.0.0/39143] WARN  server.ServerUtils (ServerUtils.java:getDBPath(225)) - ozone.om.db.dirs is not configured. We recommend adding this setting. Falling back to ozone.metadata.dirs instead.
2020-12-24 03:52:06,712 [Listener at 0.0.0.0/39143] WARN  server.ServerUtils (ServerUtils.java:getDBPath(225)) - ozone.om.db.dirs is not configured. We recommend adding this setting. Falling back to ozone.metadata.dirs instead.
2020-12-24 03:52:06,713 [Listener at 0.0.0.0/39143] INFO  codec.OmKeyInfoCodec (OmKeyInfoCodec.java:<init>(41)) - OmKeyInfoCodec ignorePipeline = true
2020-12-24 03:52:06,713 [Listener at 0.0.0.0/39143] INFO  codec.RepeatedOmKeyInfoCodec (RepeatedOmKeyInfoCodec.java:<init>(40)) - RepeatedOmKeyInfoCodec ignorePipeline = true
2020-12-24 03:52:06,764 [Listener at 0.0.0.0/39143] INFO  om.OzoneManager (OzoneManager.java:addS3GVolumeToDB(3753)) - Created Volume s3v With Owner jenkins1001 required for S3Gateway operations.
2020-12-24 03:52:06,766 [Listener at 0.0.0.0/39143] INFO  ipc.CallQueueManager (CallQueueManager.java:<init>(84)) - Using callQueue: class java.util.concurrent.LinkedBlockingQueue, queueCapacity: 2000, scheduler: class org.apache.hadoop.ipc.DefaultRpcScheduler, ipcBackoff: false.
2020-12-24 03:52:06,766 [Socket Reader #1 for port 0] INFO  ipc.Server (Server.java:run(1219)) - Starting Socket Reader #1 for port 0
2020-12-24 03:52:06,782 [Listener at 127.0.0.1/36349] INFO  impl.MetricsSystemImpl (MetricsSystemImpl.java:init(158)) - OzoneManager metrics system started (again)
2020-12-24 03:52:06,782 [Listener at 127.0.0.1/36349] INFO  om.OzoneManager (OzoneManager.java:start(1161)) - OzoneManager RPC server is listening at localhost/127.0.0.1:36349
2020-12-24 03:52:06,787 [Listener at 127.0.0.1/36349] INFO  http.BaseHttpServer (BaseHttpServer.java:newHttpServer2BuilderForOzone(207)) - Starting Web-server for ozoneManager at: http://0.0.0.0:0
2020-12-24 03:52:06,787 [Listener at 127.0.0.1/36349] INFO  http.BaseHttpServer (BaseHttpServer.java:<init>(106)) - Hadoop Security Enabled: false Ozone Security Enabled: false Ozone HTTP Security Enabled: false 
2020-12-24 03:52:06,788 [Listener at 127.0.0.1/36349] INFO  server.AuthenticationFilter (AuthenticationFilter.java:constructSecretProvider(240)) - Unable to initialize FileSignerSecretProvider, falling back to use random secrets.
2020-12-24 03:52:06,788 [Listener at 127.0.0.1/36349] WARN  http.HttpRequestLog (HttpRequestLog.java:getRequestLog(103)) - Jetty request log can only be enabled using Log4j
2020-12-24 03:52:06,789 [Listener at 127.0.0.1/36349] INFO  http.HttpServer2 (HttpServer2.java:addGlobalFilter(1020)) - Added global filter 'safety' (class=org.apache.hadoop.hdds.server.http.HttpServer2$QuotingInputFilter)
2020-12-24 03:52:06,790 [Listener at 127.0.0.1/36349] INFO  http.HttpServer2 (HttpServer2.java:addFilter(996)) - Added filter static_user_filter (class=org.apache.hadoop.http.lib.StaticUserWebFilter$StaticUserFilter) to context ozoneManager
2020-12-24 03:52:06,790 [Listener at 127.0.0.1/36349] INFO  http.HttpServer2 (HttpServer2.java:addFilter(1004)) - Added filter static_user_filter (class=org.apache.hadoop.http.lib.StaticUserWebFilter$StaticUserFilter) to context static
2020-12-24 03:52:06,790 [Listener at 127.0.0.1/36349] INFO  http.HttpServer2 (HttpServer2.java:addFilter(1004)) - Added filter static_user_filter (class=org.apache.hadoop.http.lib.StaticUserWebFilter$StaticUserFilter) to context logs
2020-12-24 03:52:06,790 [Listener at 127.0.0.1/36349] INFO  http.HttpServer2 (HttpServer2.java:bindListener(1238)) - Jetty bound to port 40921
2020-12-24 03:52:06,791 [Listener at 127.0.0.1/36349] INFO  server.Server (Server.java:doStart(375)) - jetty-9.4.34.v20201102; built: 2020-11-02T14:15:39.302Z; git: e46af88704a893fc12cb0e3bf46e2c7b48a009e7; jvm 1.8.0_232-b09
2020-12-24 03:52:06,792 [Listener at 127.0.0.1/36349] INFO  server.session (DefaultSessionIdManager.java:doStart(334)) - DefaultSessionIdManager workerName=node0
2020-12-24 03:52:06,792 [Listener at 127.0.0.1/36349] INFO  server.session (DefaultSessionIdManager.java:doStart(339)) - No SessionScavenger set, using defaults
2020-12-24 03:52:06,792 [Listener at 127.0.0.1/36349] INFO  server.session (HouseKeeper.java:startScavenging(132)) - node0 Scavenging every 660000ms
2020-12-24 03:52:06,793 [Listener at 127.0.0.1/36349] INFO  handler.ContextHandler (ContextHandler.java:doStart(916)) - Started o.e.j.s.ServletContextHandler@4f8ad451{logs,/logs,file:///github/workspace/mnt/ozone/hadoop-ozone/integration-test/target/log,AVAILABLE}
2020-12-24 03:52:06,793 [Listener at 127.0.0.1/36349] INFO  handler.ContextHandler (ContextHandler.java:doStart(916)) - Started o.e.j.s.ServletContextHandler@37220ee3{static,/static,file:///github/workspace/mnt/ozone/hadoop-ozone/integration-test/target/test-classes/webapps/static,AVAILABLE}
2020-12-24 03:52:06,796 [Listener at 127.0.0.1/36349] INFO  handler.ContextHandler (ContextHandler.java:doStart(916)) - Started o.e.j.w.WebAppContext@5d5f010a{ozoneManager,/,file:///github/workspace/mnt/ozone/hadoop-ozone/integration-test/target/test-classes/webapps/ozoneManager/,AVAILABLE}{file:/github/workspace/mnt/ozone/hadoop-ozone/integration-test/target/test-classes/webapps/ozoneManager}
2020-12-24 03:52:06,797 [Listener at 127.0.0.1/36349] INFO  server.AbstractConnector (AbstractConnector.java:doStart(331)) - Started ServerConnector@2cf1c10e{HTTP/1.1, (http/1.1)}{0.0.0.0:40921}
2020-12-24 03:52:06,797 [Listener at 127.0.0.1/36349] INFO  server.Server (Server.java:doStart(415)) - Started @49892ms
2020-12-24 03:52:06,797 [Listener at 127.0.0.1/36349] WARN  impl.MetricsSystemImpl (MetricsSystemImpl.java:register(276)) - Sink prometheus already exists!
2020-12-24 03:52:06,800 [Listener at 127.0.0.1/36349] INFO  http.BaseHttpServer (BaseHttpServer.java:updateConnectorAddress(327)) - HTTP server of ozoneManager listening at http://0.0.0.0:40921
2020-12-24 03:52:06,800 [IPC Server Responder] INFO  ipc.Server (Server.java:run(1460)) - IPC Server Responder: starting
2020-12-24 03:52:06,800 [IPC Server listener on 0] INFO  ipc.Server (Server.java:run(1298)) - IPC Server listener on 0: starting
2020-12-24 03:52:06,807 [Listener at 127.0.0.1/36349] INFO  om.OzoneManager (OzoneManager.java:startTrashEmptier(1282)) - Trash Interval set to 0. Files deleted will not move to trash
2020-12-24 03:52:06,818 [org.apache.hadoop.util.JvmPauseMonitor$Monitor@7e24d565] INFO  util.JvmPauseMonitor (JvmPauseMonitor.java:run(188)) - Starting JVM pause monitor
2020-12-24 03:52:06,827 [Listener at 127.0.0.1/36349] INFO  impl.MetricsSystemImpl (MetricsSystemImpl.java:init(158)) - HddsDatanode metrics system started (again)
2020-12-24 03:52:06,828 [Listener at 127.0.0.1/36349] INFO  ozone.HddsDatanodeService (HddsDatanodeService.java:start(217)) - HddsDatanodeService host:822d467d5ade ip:172.17.0.2
2020-12-24 03:52:06,829 [Listener at 127.0.0.1/36349] INFO  volume.HddsVolume (HddsVolume.java:<init>(176)) - Creating Volume: /github/workspace/mnt/ozone/hadoop-ozone/integration-test/target/test-dir/MiniOzoneClusterImpl-9e14565b-f938-48ad-b0e9-52a6969cb554/datanode-0/data-0/containers/hdds of storage type : DISK and capacity : 9223372036854775807
2020-12-24 03:52:06,830 [Listener at 127.0.0.1/36349] INFO  volume.MutableVolumeSet (MutableVolumeSet.java:initializeVolumeSet(179)) - Added Volume : /github/workspace/mnt/ozone/hadoop-ozone/integration-test/target/test-dir/MiniOzoneClusterImpl-9e14565b-f938-48ad-b0e9-52a6969cb554/datanode-0/data-0/containers/hdds to VolumeSet
2020-12-24 03:52:06,830 [Listener at 127.0.0.1/36349] INFO  volume.ThrottledAsyncChecker (ThrottledAsyncChecker.java:schedule(141)) - Scheduling a check for /github/workspace/mnt/ozone/hadoop-ozone/integration-test/target/test-dir/MiniOzoneClusterImpl-9e14565b-f938-48ad-b0e9-52a6969cb554/datanode-0/data-0/containers/hdds
2020-12-24 03:52:06,830 [Listener at 127.0.0.1/36349] INFO  volume.HddsVolumeChecker (HddsVolumeChecker.java:checkAllVolumes(200)) - Scheduled health check for volume /github/workspace/mnt/ozone/hadoop-ozone/integration-test/target/test-dir/MiniOzoneClusterImpl-9e14565b-f938-48ad-b0e9-52a6969cb554/datanode-0/data-0/containers/hdds
2020-12-24 03:52:06,844 [Thread-724] INFO  ozoneimpl.ContainerReader (ContainerReader.java:readVolume(123)) - Start to verify containers on volume /github/workspace/mnt/ozone/hadoop-ozone/integration-test/target/test-dir/MiniOzoneClusterImpl-9e14565b-f938-48ad-b0e9-52a6969cb554/datanode-0/data-0/containers/hdds
2020-12-24 03:52:06,844 [Thread-724] INFO  ozoneimpl.ContainerReader (ContainerReader.java:readVolume(148)) - Finish verifying containers on volume /github/workspace/mnt/ozone/hadoop-ozone/integration-test/target/test-dir/MiniOzoneClusterImpl-9e14565b-f938-48ad-b0e9-52a6969cb554/datanode-0/data-0/containers/hdds
2020-12-24 03:52:06,844 [Listener at 127.0.0.1/36349] INFO  ozoneimpl.OzoneContainer (OzoneContainer.java:buildContainerSet(194)) - Build ContainerSet costs 0s
2020-12-24 03:52:06,846 [Listener at 127.0.0.1/36349] INFO  server.RaftServer (ConfUtils.java:logGet(44)) - raft.rpc.type = GRPC (default)
2020-12-24 03:52:06,846 [Listener at 127.0.0.1/36349] INFO  grpc.GrpcFactory (GrpcFactory.java:checkPooledByteBufAllocatorUseCacheForAllThreads(48)) - PERFORMANCE WARNING: useCacheForAllThreads is true that may cause Netty to create a lot garbage objects and, as a result, trigger GC.
	It is recommended to disable useCacheForAllThreads by setting -Dorg.apache.ratis.thirdparty.io.netty.allocator.useCacheForAllThreads=false in command line.
2020-12-24 03:52:06,846 [Listener at 127.0.0.1/36349] INFO  grpc.GrpcConfigKeys (ConfUtils.java:logGet(44)) - raft.grpc.server.port = 0 (default)
2020-12-24 03:52:06,846 [Listener at 127.0.0.1/36349] INFO  server.GrpcService (ConfUtils.java:logGet(44)) - raft.grpc.message.size.max = 32MB (=33554432) (custom)
2020-12-24 03:52:06,846 [Listener at 127.0.0.1/36349] INFO  server.RaftServerConfigKeys (ConfUtils.java:logGet(44)) - raft.server.log.appender.buffer.byte-limit = 33554432 (custom)
2020-12-24 03:52:06,846 [Listener at 127.0.0.1/36349] INFO  server.GrpcService (ConfUtils.java:logGet(44)) - raft.grpc.flow.control.window = 5MB (=5242880) (custom)
2020-12-24 03:52:06,846 [Listener at 127.0.0.1/36349] INFO  server.RaftServerConfigKeys (ConfUtils.java:logGet(44)) - raft.server.rpc.request.timeout = 60s (custom)
2020-12-24 03:52:06,847 [Listener at 127.0.0.1/36349] INFO  impl.DataStreamServerImpl (ConfUtils.java:logGet(44)) - raft.datastream.type = DISABLED (default)
2020-12-24 03:52:06,848 [Listener at 127.0.0.1/36349] INFO  server.RaftServerConfigKeys (ConfUtils.java:logGet(44)) - raft.server.rpc.slowness.timeout = 300s (custom)
2020-12-24 03:52:06,848 [Listener at 127.0.0.1/36349] INFO  server.RaftServerConfigKeys (ConfUtils.java:logGet(44)) - raft.server.leaderelection.leader.step-down.wait-time = 10s (default)
2020-12-24 03:52:06,848 [Listener at 127.0.0.1/36349] INFO  server.RaftServerConfigKeys (ConfUtils.java:logGet(44)) - raft.server.storage.dir = [/github/workspace/mnt/ozone/hadoop-ozone/integration-test/target/test-dir/MiniOzoneClusterImpl-9e14565b-f938-48ad-b0e9-52a6969cb554/datanode-0/data/ratis] (custom)
2020-12-24 03:52:06,853 [Listener at 127.0.0.1/36349] INFO  http.BaseHttpServer (BaseHttpServer.java:newHttpServer2BuilderForOzone(207)) - Starting Web-server for hddsDatanode at: http://0.0.0.0:0
2020-12-24 03:52:06,853 [Listener at 127.0.0.1/36349] INFO  http.BaseHttpServer (BaseHttpServer.java:<init>(106)) - Hadoop Security Enabled: false Ozone Security Enabled: false Ozone HTTP Security Enabled: false 
2020-12-24 03:52:06,854 [Listener at 127.0.0.1/36349] INFO  server.AuthenticationFilter (AuthenticationFilter.java:constructSecretProvider(240)) - Unable to initialize FileSignerSecretProvider, falling back to use random secrets.
2020-12-24 03:52:06,854 [Listener at 127.0.0.1/36349] WARN  http.HttpRequestLog (HttpRequestLog.java:getRequestLog(103)) - Jetty request log can only be enabled using Log4j
2020-12-24 03:52:06,855 [Listener at 127.0.0.1/36349] INFO  http.HttpServer2 (HttpServer2.java:addGlobalFilter(1020)) - Added global filter 'safety' (class=org.apache.hadoop.hdds.server.http.HttpServer2$QuotingInputFilter)
2020-12-24 03:52:06,855 [Listener at 127.0.0.1/36349] INFO  http.HttpServer2 (HttpServer2.java:addFilter(996)) - Added filter static_user_filter (class=org.apache.hadoop.http.lib.StaticUserWebFilter$StaticUserFilter) to context hddsDatanode
2020-12-24 03:52:06,855 [Listener at 127.0.0.1/36349] INFO  http.HttpServer2 (HttpServer2.java:addFilter(1004)) - Added filter static_user_filter (class=org.apache.hadoop.http.lib.StaticUserWebFilter$StaticUserFilter) to context logs
2020-12-24 03:52:06,855 [Listener at 127.0.0.1/36349] INFO  http.HttpServer2 (HttpServer2.java:addFilter(1004)) - Added filter static_user_filter (class=org.apache.hadoop.http.lib.StaticUserWebFilter$StaticUserFilter) to context static
2020-12-24 03:52:06,856 [Listener at 127.0.0.1/36349] INFO  http.HttpServer2 (HttpServer2.java:bindListener(1238)) - Jetty bound to port 43213
2020-12-24 03:52:06,856 [Listener at 127.0.0.1/36349] INFO  server.Server (Server.java:doStart(375)) - jetty-9.4.34.v20201102; built: 2020-11-02T14:15:39.302Z; git: e46af88704a893fc12cb0e3bf46e2c7b48a009e7; jvm 1.8.0_232-b09
2020-12-24 03:52:06,857 [Listener at 127.0.0.1/36349] INFO  server.session (DefaultSessionIdManager.java:doStart(334)) - DefaultSessionIdManager workerName=node0
2020-12-24 03:52:06,857 [Listener at 127.0.0.1/36349] INFO  server.session (DefaultSessionIdManager.java:doStart(339)) - No SessionScavenger set, using defaults
2020-12-24 03:52:06,857 [Listener at 127.0.0.1/36349] INFO  server.session (HouseKeeper.java:startScavenging(132)) - node0 Scavenging every 600000ms
2020-12-24 03:52:06,858 [Listener at 127.0.0.1/36349] INFO  handler.ContextHandler (ContextHandler.java:doStart(916)) - Started o.e.j.s.ServletContextHandler@16bee5fe{logs,/logs,file:///github/workspace/mnt/ozone/hadoop-ozone/integration-test/target/log,AVAILABLE}
2020-12-24 03:52:06,858 [Listener at 127.0.0.1/36349] INFO  handler.ContextHandler (ContextHandler.java:doStart(916)) - Started o.e.j.s.ServletContextHandler@3c72031c{static,/static,jar:file:/home/user/.m2/repository/org/apache/hadoop/hadoop-hdds-container-service/1.1.0-SNAPSHOT/hadoop-hdds-container-service-1.1.0-SNAPSHOT.jar!/webapps/static,AVAILABLE}
2020-12-24 03:52:07,014 [Listener at 127.0.0.1/36349] INFO  handler.ContextHandler (ContextHandler.java:doStart(916)) - Started o.e.j.w.WebAppContext@38ab2740{hddsDatanode,/,file:///tmp/jetty-0_0_0_0-43213-hadoop-hdds-container-service-1_1_0-SNAPSHOT_jar-_-any-3219782867153018124/webapp/,AVAILABLE}{jar:file:/home/user/.m2/repository/org/apache/hadoop/hadoop-hdds-container-service/1.1.0-SNAPSHOT/hadoop-hdds-container-service-1.1.0-SNAPSHOT.jar!/webapps/hddsDatanode}
2020-12-24 03:52:07,015 [Listener at 127.0.0.1/36349] INFO  server.AbstractConnector (AbstractConnector.java:doStart(331)) - Started ServerConnector@41eab601{HTTP/1.1, (http/1.1)}{0.0.0.0:43213}
2020-12-24 03:52:07,015 [Listener at 127.0.0.1/36349] INFO  server.Server (Server.java:doStart(415)) - Started @50110ms
2020-12-24 03:52:07,015 [Listener at 127.0.0.1/36349] WARN  impl.MetricsSystemImpl (MetricsSystemImpl.java:register(276)) - Sink prometheus already exists!
2020-12-24 03:52:07,018 [Listener at 127.0.0.1/36349] INFO  http.BaseHttpServer (BaseHttpServer.java:updateConnectorAddress(327)) - HTTP server of hddsDatanode listening at http://0.0.0.0:43213
2020-12-24 03:52:07,023 [Listener at 127.0.0.1/36349] INFO  impl.MetricsSystemImpl (MetricsSystemImpl.java:init(158)) - HddsDatanode metrics system started (again)
2020-12-24 03:52:07,027 [Listener at 127.0.0.1/36349] INFO  ozone.HddsDatanodeService (HddsDatanodeService.java:start(217)) - HddsDatanodeService host:822d467d5ade ip:172.17.0.2
2020-12-24 03:52:07,028 [org.apache.hadoop.util.JvmPauseMonitor$Monitor@17a45af6] INFO  util.JvmPauseMonitor (JvmPauseMonitor.java:run(188)) - Starting JVM pause monitor
2020-12-24 03:52:07,029 [Datanode State Machine Task Thread - 0] INFO  datanode.InitDatanodeState (InitDatanodeState.java:persistContainerDatanodeDetails(145)) - DatanodeDetails is persisted to /github/workspace/mnt/ozone/hadoop-ozone/integration-test/target/test-dir/MiniOzoneClusterImpl-9e14565b-f938-48ad-b0e9-52a6969cb554/datanode-0/meta/datanode.id
2020-12-24 03:52:07,030 [Listener at 127.0.0.1/36349] INFO  volume.HddsVolume (HddsVolume.java:<init>(176)) - Creating Volume: /github/workspace/mnt/ozone/hadoop-ozone/integration-test/target/test-dir/MiniOzoneClusterImpl-9e14565b-f938-48ad-b0e9-52a6969cb554/datanode-1/data-0/containers/hdds of storage type : DISK and capacity : 9223372036854775807
2020-12-24 03:52:07,030 [Listener at 127.0.0.1/36349] INFO  volume.MutableVolumeSet (MutableVolumeSet.java:initializeVolumeSet(179)) - Added Volume : /github/workspace/mnt/ozone/hadoop-ozone/integration-test/target/test-dir/MiniOzoneClusterImpl-9e14565b-f938-48ad-b0e9-52a6969cb554/datanode-1/data-0/containers/hdds to VolumeSet
2020-12-24 03:52:07,030 [Listener at 127.0.0.1/36349] INFO  volume.ThrottledAsyncChecker (ThrottledAsyncChecker.java:schedule(141)) - Scheduling a check for /github/workspace/mnt/ozone/hadoop-ozone/integration-test/target/test-dir/MiniOzoneClusterImpl-9e14565b-f938-48ad-b0e9-52a6969cb554/datanode-1/data-0/containers/hdds
2020-12-24 03:52:07,031 [Listener at 127.0.0.1/36349] INFO  volume.HddsVolumeChecker (HddsVolumeChecker.java:checkAllVolumes(200)) - Scheduled health check for volume /github/workspace/mnt/ozone/hadoop-ozone/integration-test/target/test-dir/MiniOzoneClusterImpl-9e14565b-f938-48ad-b0e9-52a6969cb554/datanode-1/data-0/containers/hdds
2020-12-24 03:52:07,044 [Thread-735] INFO  ozoneimpl.ContainerReader (ContainerReader.java:readVolume(123)) - Start to verify containers on volume /github/workspace/mnt/ozone/hadoop-ozone/integration-test/target/test-dir/MiniOzoneClusterImpl-9e14565b-f938-48ad-b0e9-52a6969cb554/datanode-1/data-0/containers/hdds
2020-12-24 03:52:07,044 [Thread-735] INFO  ozoneimpl.ContainerReader (ContainerReader.java:readVolume(148)) - Finish verifying containers on volume /github/workspace/mnt/ozone/hadoop-ozone/integration-test/target/test-dir/MiniOzoneClusterImpl-9e14565b-f938-48ad-b0e9-52a6969cb554/datanode-1/data-0/containers/hdds
2020-12-24 03:52:07,045 [Listener at 127.0.0.1/36349] INFO  ozoneimpl.OzoneContainer (OzoneContainer.java:buildContainerSet(194)) - Build ContainerSet costs 0s
2020-12-24 03:52:07,046 [Listener at 127.0.0.1/36349] INFO  server.RaftServer (ConfUtils.java:logGet(44)) - raft.rpc.type = GRPC (default)
2020-12-24 03:52:07,047 [Listener at 127.0.0.1/36349] INFO  grpc.GrpcFactory (GrpcFactory.java:checkPooledByteBufAllocatorUseCacheForAllThreads(48)) - PERFORMANCE WARNING: useCacheForAllThreads is true that may cause Netty to create a lot garbage objects and, as a result, trigger GC.
	It is recommended to disable useCacheForAllThreads by setting -Dorg.apache.ratis.thirdparty.io.netty.allocator.useCacheForAllThreads=false in command line.
2020-12-24 03:52:07,047 [Listener at 127.0.0.1/36349] INFO  grpc.GrpcConfigKeys (ConfUtils.java:logGet(44)) - raft.grpc.server.port = 0 (default)
2020-12-24 03:52:07,047 [Listener at 127.0.0.1/36349] INFO  server.GrpcService (ConfUtils.java:logGet(44)) - raft.grpc.message.size.max = 32MB (=33554432) (custom)
2020-12-24 03:52:07,047 [Listener at 127.0.0.1/36349] INFO  server.RaftServerConfigKeys (ConfUtils.java:logGet(44)) - raft.server.log.appender.buffer.byte-limit = 33554432 (custom)
2020-12-24 03:52:07,047 [Listener at 127.0.0.1/36349] INFO  server.GrpcService (ConfUtils.java:logGet(44)) - raft.grpc.flow.control.window = 5MB (=5242880) (custom)
2020-12-24 03:52:07,047 [Listener at 127.0.0.1/36349] INFO  server.RaftServerConfigKeys (ConfUtils.java:logGet(44)) - raft.server.rpc.request.timeout = 60s (custom)
2020-12-24 03:52:07,048 [Listener at 127.0.0.1/36349] INFO  impl.DataStreamServerImpl (ConfUtils.java:logGet(44)) - raft.datastream.type = DISABLED (default)
2020-12-24 03:52:07,048 [Listener at 127.0.0.1/36349] INFO  server.RaftServerConfigKeys (ConfUtils.java:logGet(44)) - raft.server.rpc.slowness.timeout = 300s (custom)
2020-12-24 03:52:07,048 [Listener at 127.0.0.1/36349] INFO  server.RaftServerConfigKeys (ConfUtils.java:logGet(44)) - raft.server.leaderelection.leader.step-down.wait-time = 10s (default)
2020-12-24 03:52:07,049 [Listener at 127.0.0.1/36349] INFO  server.RaftServerConfigKeys (ConfUtils.java:logGet(44)) - raft.server.storage.dir = [/github/workspace/mnt/ozone/hadoop-ozone/integration-test/target/test-dir/MiniOzoneClusterImpl-9e14565b-f938-48ad-b0e9-52a6969cb554/datanode-1/data/ratis] (custom)
2020-12-24 03:52:07,053 [Listener at 127.0.0.1/36349] INFO  http.BaseHttpServer (BaseHttpServer.java:newHttpServer2BuilderForOzone(207)) - Starting Web-server for hddsDatanode at: http://0.0.0.0:0
2020-12-24 03:52:07,053 [Listener at 127.0.0.1/36349] INFO  http.BaseHttpServer (BaseHttpServer.java:<init>(106)) - Hadoop Security Enabled: false Ozone Security Enabled: false Ozone HTTP Security Enabled: false 
2020-12-24 03:52:07,054 [Listener at 127.0.0.1/36349] INFO  server.AuthenticationFilter (AuthenticationFilter.java:constructSecretProvider(240)) - Unable to initialize FileSignerSecretProvider, falling back to use random secrets.
2020-12-24 03:52:07,055 [Listener at 127.0.0.1/36349] WARN  http.HttpRequestLog (HttpRequestLog.java:getRequestLog(103)) - Jetty request log can only be enabled using Log4j
2020-12-24 03:52:07,056 [Listener at 127.0.0.1/36349] INFO  http.HttpServer2 (HttpServer2.java:addGlobalFilter(1020)) - Added global filter 'safety' (class=org.apache.hadoop.hdds.server.http.HttpServer2$QuotingInputFilter)
2020-12-24 03:52:07,056 [Listener at 127.0.0.1/36349] INFO  http.HttpServer2 (HttpServer2.java:addFilter(996)) - Added filter static_user_filter (class=org.apache.hadoop.http.lib.StaticUserWebFilter$StaticUserFilter) to context hddsDatanode
2020-12-24 03:52:07,057 [Listener at 127.0.0.1/36349] INFO  http.HttpServer2 (HttpServer2.java:addFilter(1004)) - Added filter static_user_filter (class=org.apache.hadoop.http.lib.StaticUserWebFilter$StaticUserFilter) to context logs
2020-12-24 03:52:07,057 [Listener at 127.0.0.1/36349] INFO  http.HttpServer2 (HttpServer2.java:addFilter(1004)) - Added filter static_user_filter (class=org.apache.hadoop.http.lib.StaticUserWebFilter$StaticUserFilter) to context static
2020-12-24 03:52:07,057 [Listener at 127.0.0.1/36349] INFO  http.HttpServer2 (HttpServer2.java:bindListener(1238)) - Jetty bound to port 44879
2020-12-24 03:52:07,057 [Listener at 127.0.0.1/36349] INFO  server.Server (Server.java:doStart(375)) - jetty-9.4.34.v20201102; built: 2020-11-02T14:15:39.302Z; git: e46af88704a893fc12cb0e3bf46e2c7b48a009e7; jvm 1.8.0_232-b09
2020-12-24 03:52:07,058 [Listener at 127.0.0.1/36349] INFO  server.session (DefaultSessionIdManager.java:doStart(334)) - DefaultSessionIdManager workerName=node0
2020-12-24 03:52:07,058 [Listener at 127.0.0.1/36349] INFO  server.session (DefaultSessionIdManager.java:doStart(339)) - No SessionScavenger set, using defaults
2020-12-24 03:52:07,059 [Listener at 127.0.0.1/36349] INFO  server.session (HouseKeeper.java:startScavenging(132)) - node0 Scavenging every 600000ms
2020-12-24 03:52:07,059 [Listener at 127.0.0.1/36349] INFO  handler.ContextHandler (ContextHandler.java:doStart(916)) - Started o.e.j.s.ServletContextHandler@2a94a702{logs,/logs,file:///github/workspace/mnt/ozone/hadoop-ozone/integration-test/target/log,AVAILABLE}
2020-12-24 03:52:07,060 [Listener at 127.0.0.1/36349] INFO  handler.ContextHandler (ContextHandler.java:doStart(916)) - Started o.e.j.s.ServletContextHandler@3261b8bf{static,/static,jar:file:/home/user/.m2/repository/org/apache/hadoop/hadoop-hdds-container-service/1.1.0-SNAPSHOT/hadoop-hdds-container-service-1.1.0-SNAPSHOT.jar!/webapps/static,AVAILABLE}
2020-12-24 03:52:07,215 [Listener at 127.0.0.1/36349] INFO  handler.ContextHandler (ContextHandler.java:doStart(916)) - Started o.e.j.w.WebAppContext@39613474{hddsDatanode,/,file:///tmp/jetty-0_0_0_0-44879-hadoop-hdds-container-service-1_1_0-SNAPSHOT_jar-_-any-7516369823276834679/webapp/,AVAILABLE}{jar:file:/home/user/.m2/repository/org/apache/hadoop/hadoop-hdds-container-service/1.1.0-SNAPSHOT/hadoop-hdds-container-service-1.1.0-SNAPSHOT.jar!/webapps/hddsDatanode}
2020-12-24 03:52:07,218 [Listener at 127.0.0.1/36349] INFO  server.AbstractConnector (AbstractConnector.java:doStart(331)) - Started ServerConnector@3ad32e52{HTTP/1.1, (http/1.1)}{0.0.0.0:44879}
2020-12-24 03:52:07,218 [Listener at 127.0.0.1/36349] INFO  server.Server (Server.java:doStart(415)) - Started @50313ms
2020-12-24 03:52:07,218 [Listener at 127.0.0.1/36349] WARN  impl.MetricsSystemImpl (MetricsSystemImpl.java:register(276)) - Sink prometheus already exists!
2020-12-24 03:52:07,221 [Listener at 127.0.0.1/36349] INFO  http.BaseHttpServer (BaseHttpServer.java:updateConnectorAddress(327)) - HTTP server of hddsDatanode listening at http://0.0.0.0:44879
2020-12-24 03:52:07,223 [Listener at 127.0.0.1/36349] INFO  impl.MetricsSystemImpl (MetricsSystemImpl.java:init(158)) - HddsDatanode metrics system started (again)
2020-12-24 03:52:07,224 [Listener at 127.0.0.1/36349] INFO  ozone.HddsDatanodeService (HddsDatanodeService.java:start(217)) - HddsDatanodeService host:822d467d5ade ip:172.17.0.2
2020-12-24 03:52:07,225 [org.apache.hadoop.util.JvmPauseMonitor$Monitor@64a2ba46] INFO  util.JvmPauseMonitor (JvmPauseMonitor.java:run(188)) - Starting JVM pause monitor
2020-12-24 03:52:07,226 [Listener at 127.0.0.1/36349] INFO  volume.HddsVolume (HddsVolume.java:<init>(176)) - Creating Volume: /github/workspace/mnt/ozone/hadoop-ozone/integration-test/target/test-dir/MiniOzoneClusterImpl-9e14565b-f938-48ad-b0e9-52a6969cb554/datanode-2/data-0/containers/hdds of storage type : DISK and capacity : 9223372036854775807
2020-12-24 03:52:07,226 [Listener at 127.0.0.1/36349] INFO  volume.MutableVolumeSet (MutableVolumeSet.java:initializeVolumeSet(179)) - Added Volume : /github/workspace/mnt/ozone/hadoop-ozone/integration-test/target/test-dir/MiniOzoneClusterImpl-9e14565b-f938-48ad-b0e9-52a6969cb554/datanode-2/data-0/containers/hdds to VolumeSet
2020-12-24 03:52:07,226 [Listener at 127.0.0.1/36349] INFO  volume.ThrottledAsyncChecker (ThrottledAsyncChecker.java:schedule(141)) - Scheduling a check for /github/workspace/mnt/ozone/hadoop-ozone/integration-test/target/test-dir/MiniOzoneClusterImpl-9e14565b-f938-48ad-b0e9-52a6969cb554/datanode-2/data-0/containers/hdds
2020-12-24 03:52:07,228 [Datanode State Machine Task Thread - 0] INFO  datanode.InitDatanodeState (InitDatanodeState.java:persistContainerDatanodeDetails(145)) - DatanodeDetails is persisted to /github/workspace/mnt/ozone/hadoop-ozone/integration-test/target/test-dir/MiniOzoneClusterImpl-9e14565b-f938-48ad-b0e9-52a6969cb554/datanode-1/meta/datanode.id
2020-12-24 03:52:07,228 [Listener at 127.0.0.1/36349] INFO  volume.HddsVolumeChecker (HddsVolumeChecker.java:checkAllVolumes(200)) - Scheduled health check for volume /github/workspace/mnt/ozone/hadoop-ozone/integration-test/target/test-dir/MiniOzoneClusterImpl-9e14565b-f938-48ad-b0e9-52a6969cb554/datanode-2/data-0/containers/hdds
2020-12-24 03:52:07,243 [Thread-746] INFO  ozoneimpl.ContainerReader (ContainerReader.java:readVolume(123)) - Start to verify containers on volume /github/workspace/mnt/ozone/hadoop-ozone/integration-test/target/test-dir/MiniOzoneClusterImpl-9e14565b-f938-48ad-b0e9-52a6969cb554/datanode-2/data-0/containers/hdds
2020-12-24 03:52:07,243 [Thread-746] INFO  ozoneimpl.ContainerReader (ContainerReader.java:readVolume(148)) - Finish verifying containers on volume /github/workspace/mnt/ozone/hadoop-ozone/integration-test/target/test-dir/MiniOzoneClusterImpl-9e14565b-f938-48ad-b0e9-52a6969cb554/datanode-2/data-0/containers/hdds
2020-12-24 03:52:07,243 [Listener at 127.0.0.1/36349] INFO  ozoneimpl.OzoneContainer (OzoneContainer.java:buildContainerSet(194)) - Build ContainerSet costs 0s
2020-12-24 03:52:07,248 [Listener at 127.0.0.1/36349] INFO  server.RaftServer (ConfUtils.java:logGet(44)) - raft.rpc.type = GRPC (default)
2020-12-24 03:52:07,248 [Listener at 127.0.0.1/36349] INFO  grpc.GrpcFactory (GrpcFactory.java:checkPooledByteBufAllocatorUseCacheForAllThreads(48)) - PERFORMANCE WARNING: useCacheForAllThreads is true that may cause Netty to create a lot garbage objects and, as a result, trigger GC.
	It is recommended to disable useCacheForAllThreads by setting -Dorg.apache.ratis.thirdparty.io.netty.allocator.useCacheForAllThreads=false in command line.
2020-12-24 03:52:07,249 [Listener at 127.0.0.1/36349] INFO  grpc.GrpcConfigKeys (ConfUtils.java:logGet(44)) - raft.grpc.server.port = 0 (default)
2020-12-24 03:52:07,249 [Listener at 127.0.0.1/36349] INFO  server.GrpcService (ConfUtils.java:logGet(44)) - raft.grpc.message.size.max = 32MB (=33554432) (custom)
2020-12-24 03:52:07,249 [Listener at 127.0.0.1/36349] INFO  server.RaftServerConfigKeys (ConfUtils.java:logGet(44)) - raft.server.log.appender.buffer.byte-limit = 33554432 (custom)
2020-12-24 03:52:07,249 [Listener at 127.0.0.1/36349] INFO  server.GrpcService (ConfUtils.java:logGet(44)) - raft.grpc.flow.control.window = 5MB (=5242880) (custom)
2020-12-24 03:52:07,249 [Listener at 127.0.0.1/36349] INFO  server.RaftServerConfigKeys (ConfUtils.java:logGet(44)) - raft.server.rpc.request.timeout = 60s (custom)
2020-12-24 03:52:07,250 [Listener at 127.0.0.1/36349] INFO  impl.DataStreamServerImpl (ConfUtils.java:logGet(44)) - raft.datastream.type = DISABLED (default)
2020-12-24 03:52:07,250 [Listener at 127.0.0.1/36349] INFO  server.RaftServerConfigKeys (ConfUtils.java:logGet(44)) - raft.server.rpc.slowness.timeout = 300s (custom)
2020-12-24 03:52:07,251 [Listener at 127.0.0.1/36349] INFO  server.RaftServerConfigKeys (ConfUtils.java:logGet(44)) - raft.server.leaderelection.leader.step-down.wait-time = 10s (default)
2020-12-24 03:52:07,251 [Listener at 127.0.0.1/36349] INFO  server.RaftServerConfigKeys (ConfUtils.java:logGet(44)) - raft.server.storage.dir = [/github/workspace/mnt/ozone/hadoop-ozone/integration-test/target/test-dir/MiniOzoneClusterImpl-9e14565b-f938-48ad-b0e9-52a6969cb554/datanode-2/data/ratis] (custom)
2020-12-24 03:52:07,258 [Listener at 127.0.0.1/36349] INFO  http.BaseHttpServer (BaseHttpServer.java:newHttpServer2BuilderForOzone(207)) - Starting Web-server for hddsDatanode at: http://0.0.0.0:0
2020-12-24 03:52:07,258 [Listener at 127.0.0.1/36349] INFO  http.BaseHttpServer (BaseHttpServer.java:<init>(106)) - Hadoop Security Enabled: false Ozone Security Enabled: false Ozone HTTP Security Enabled: false 
2020-12-24 03:52:07,259 [Listener at 127.0.0.1/36349] INFO  server.AuthenticationFilter (AuthenticationFilter.java:constructSecretProvider(240)) - Unable to initialize FileSignerSecretProvider, falling back to use random secrets.
2020-12-24 03:52:07,259 [Listener at 127.0.0.1/36349] WARN  http.HttpRequestLog (HttpRequestLog.java:getRequestLog(103)) - Jetty request log can only be enabled using Log4j
2020-12-24 03:52:07,260 [Listener at 127.0.0.1/36349] INFO  http.HttpServer2 (HttpServer2.java:addGlobalFilter(1020)) - Added global filter 'safety' (class=org.apache.hadoop.hdds.server.http.HttpServer2$QuotingInputFilter)
2020-12-24 03:52:07,261 [Listener at 127.0.0.1/36349] INFO  http.HttpServer2 (HttpServer2.java:addFilter(996)) - Added filter static_user_filter (class=org.apache.hadoop.http.lib.StaticUserWebFilter$StaticUserFilter) to context hddsDatanode
2020-12-24 03:52:07,261 [Listener at 127.0.0.1/36349] INFO  http.HttpServer2 (HttpServer2.java:addFilter(1004)) - Added filter static_user_filter (class=org.apache.hadoop.http.lib.StaticUserWebFilter$StaticUserFilter) to context static
2020-12-24 03:52:07,261 [Listener at 127.0.0.1/36349] INFO  http.HttpServer2 (HttpServer2.java:addFilter(1004)) - Added filter static_user_filter (class=org.apache.hadoop.http.lib.StaticUserWebFilter$StaticUserFilter) to context logs
2020-12-24 03:52:07,261 [Listener at 127.0.0.1/36349] INFO  http.HttpServer2 (HttpServer2.java:bindListener(1238)) - Jetty bound to port 37871
2020-12-24 03:52:07,261 [Listener at 127.0.0.1/36349] INFO  server.Server (Server.java:doStart(375)) - jetty-9.4.34.v20201102; built: 2020-11-02T14:15:39.302Z; git: e46af88704a893fc12cb0e3bf46e2c7b48a009e7; jvm 1.8.0_232-b09
2020-12-24 03:52:07,267 [Listener at 127.0.0.1/36349] INFO  server.session (DefaultSessionIdManager.java:doStart(334)) - DefaultSessionIdManager workerName=node0
2020-12-24 03:52:07,267 [Listener at 127.0.0.1/36349] INFO  server.session (DefaultSessionIdManager.java:doStart(339)) - No SessionScavenger set, using defaults
2020-12-24 03:52:07,267 [Listener at 127.0.0.1/36349] INFO  server.session (HouseKeeper.java:startScavenging(132)) - node0 Scavenging every 600000ms
2020-12-24 03:52:07,268 [Listener at 127.0.0.1/36349] INFO  handler.ContextHandler (ContextHandler.java:doStart(916)) - Started o.e.j.s.ServletContextHandler@37d9db26{logs,/logs,file:///github/workspace/mnt/ozone/hadoop-ozone/integration-test/target/log,AVAILABLE}
2020-12-24 03:52:07,268 [Listener at 127.0.0.1/36349] INFO  handler.ContextHandler (ContextHandler.java:doStart(916)) - Started o.e.j.s.ServletContextHandler@745a951a{static,/static,jar:file:/home/user/.m2/repository/org/apache/hadoop/hadoop-hdds-container-service/1.1.0-SNAPSHOT/hadoop-hdds-container-service-1.1.0-SNAPSHOT.jar!/webapps/static,AVAILABLE}
2020-12-24 03:52:07,423 [Listener at 127.0.0.1/36349] INFO  handler.ContextHandler (ContextHandler.java:doStart(916)) - Started o.e.j.w.WebAppContext@5dc9d857{hddsDatanode,/,file:///tmp/jetty-0_0_0_0-37871-hadoop-hdds-container-service-1_1_0-SNAPSHOT_jar-_-any-2213347583169742959/webapp/,AVAILABLE}{jar:file:/home/user/.m2/repository/org/apache/hadoop/hadoop-hdds-container-service/1.1.0-SNAPSHOT/hadoop-hdds-container-service-1.1.0-SNAPSHOT.jar!/webapps/hddsDatanode}
2020-12-24 03:52:07,425 [Listener at 127.0.0.1/36349] INFO  server.AbstractConnector (AbstractConnector.java:doStart(331)) - Started ServerConnector@226e4e59{HTTP/1.1, (http/1.1)}{0.0.0.0:37871}
2020-12-24 03:52:07,425 [Listener at 127.0.0.1/36349] INFO  server.Server (Server.java:doStart(415)) - Started @50520ms
2020-12-24 03:52:07,425 [Listener at 127.0.0.1/36349] WARN  impl.MetricsSystemImpl (MetricsSystemImpl.java:register(276)) - Sink prometheus already exists!
2020-12-24 03:52:07,428 [Listener at 127.0.0.1/36349] INFO  http.BaseHttpServer (BaseHttpServer.java:updateConnectorAddress(327)) - HTTP server of hddsDatanode listening at http://0.0.0.0:37871
2020-12-24 03:52:07,429 [Listener at 127.0.0.1/36349] INFO  impl.MetricsSystemImpl (MetricsSystemImpl.java:init(158)) - HddsDatanode metrics system started (again)
2020-12-24 03:52:07,430 [Listener at 127.0.0.1/36349] INFO  ozone.HddsDatanodeService (HddsDatanodeService.java:start(217)) - HddsDatanodeService host:822d467d5ade ip:172.17.0.2
2020-12-24 03:52:07,431 [Listener at 127.0.0.1/36349] INFO  volume.HddsVolume (HddsVolume.java:<init>(176)) - Creating Volume: /github/workspace/mnt/ozone/hadoop-ozone/integration-test/target/test-dir/MiniOzoneClusterImpl-9e14565b-f938-48ad-b0e9-52a6969cb554/datanode-3/data-0/containers/hdds of storage type : DISK and capacity : 9223372036854775807
2020-12-24 03:52:07,432 [Listener at 127.0.0.1/36349] INFO  volume.MutableVolumeSet (MutableVolumeSet.java:initializeVolumeSet(179)) - Added Volume : /github/workspace/mnt/ozone/hadoop-ozone/integration-test/target/test-dir/MiniOzoneClusterImpl-9e14565b-f938-48ad-b0e9-52a6969cb554/datanode-3/data-0/containers/hdds to VolumeSet
2020-12-24 03:52:07,432 [Listener at 127.0.0.1/36349] INFO  volume.ThrottledAsyncChecker (ThrottledAsyncChecker.java:schedule(141)) - Scheduling a check for /github/workspace/mnt/ozone/hadoop-ozone/integration-test/target/test-dir/MiniOzoneClusterImpl-9e14565b-f938-48ad-b0e9-52a6969cb554/datanode-3/data-0/containers/hdds
2020-12-24 03:52:07,432 [Listener at 127.0.0.1/36349] INFO  volume.HddsVolumeChecker (HddsVolumeChecker.java:checkAllVolumes(200)) - Scheduled health check for volume /github/workspace/mnt/ozone/hadoop-ozone/integration-test/target/test-dir/MiniOzoneClusterImpl-9e14565b-f938-48ad-b0e9-52a6969cb554/datanode-3/data-0/containers/hdds
2020-12-24 03:52:07,451 [org.apache.hadoop.util.JvmPauseMonitor$Monitor@70c06cca] INFO  util.JvmPauseMonitor (JvmPauseMonitor.java:run(188)) - Starting JVM pause monitor
2020-12-24 03:52:07,462 [Datanode State Machine Task Thread - 0] INFO  datanode.InitDatanodeState (InitDatanodeState.java:persistContainerDatanodeDetails(145)) - DatanodeDetails is persisted to /github/workspace/mnt/ozone/hadoop-ozone/integration-test/target/test-dir/MiniOzoneClusterImpl-9e14565b-f938-48ad-b0e9-52a6969cb554/datanode-2/meta/datanode.id
2020-12-24 03:52:07,463 [Thread-757] INFO  ozoneimpl.ContainerReader (ContainerReader.java:readVolume(123)) - Start to verify containers on volume /github/workspace/mnt/ozone/hadoop-ozone/integration-test/target/test-dir/MiniOzoneClusterImpl-9e14565b-f938-48ad-b0e9-52a6969cb554/datanode-3/data-0/containers/hdds
2020-12-24 03:52:07,463 [Thread-757] INFO  ozoneimpl.ContainerReader (ContainerReader.java:readVolume(148)) - Finish verifying containers on volume /github/workspace/mnt/ozone/hadoop-ozone/integration-test/target/test-dir/MiniOzoneClusterImpl-9e14565b-f938-48ad-b0e9-52a6969cb554/datanode-3/data-0/containers/hdds
2020-12-24 03:52:07,463 [Listener at 127.0.0.1/36349] INFO  ozoneimpl.OzoneContainer (OzoneContainer.java:buildContainerSet(194)) - Build ContainerSet costs 0s
2020-12-24 03:52:07,465 [Listener at 127.0.0.1/36349] INFO  server.RaftServer (ConfUtils.java:logGet(44)) - raft.rpc.type = GRPC (default)
2020-12-24 03:52:07,465 [Listener at 127.0.0.1/36349] INFO  grpc.GrpcFactory (GrpcFactory.java:checkPooledByteBufAllocatorUseCacheForAllThreads(48)) - PERFORMANCE WARNING: useCacheForAllThreads is true that may cause Netty to create a lot garbage objects and, as a result, trigger GC.
	It is recommended to disable useCacheForAllThreads by setting -Dorg.apache.ratis.thirdparty.io.netty.allocator.useCacheForAllThreads=false in command line.
2020-12-24 03:52:07,465 [Listener at 127.0.0.1/36349] INFO  grpc.GrpcConfigKeys (ConfUtils.java:logGet(44)) - raft.grpc.server.port = 0 (default)
2020-12-24 03:52:07,466 [Listener at 127.0.0.1/36349] INFO  server.GrpcService (ConfUtils.java:logGet(44)) - raft.grpc.message.size.max = 32MB (=33554432) (custom)
2020-12-24 03:52:07,466 [Listener at 127.0.0.1/36349] INFO  server.RaftServerConfigKeys (ConfUtils.java:logGet(44)) - raft.server.log.appender.buffer.byte-limit = 33554432 (custom)
2020-12-24 03:52:07,466 [Listener at 127.0.0.1/36349] INFO  server.GrpcService (ConfUtils.java:logGet(44)) - raft.grpc.flow.control.window = 5MB (=5242880) (custom)
2020-12-24 03:52:07,466 [Listener at 127.0.0.1/36349] INFO  server.RaftServerConfigKeys (ConfUtils.java:logGet(44)) - raft.server.rpc.request.timeout = 60s (custom)
2020-12-24 03:52:07,467 [Listener at 127.0.0.1/36349] INFO  impl.DataStreamServerImpl (ConfUtils.java:logGet(44)) - raft.datastream.type = DISABLED (default)
2020-12-24 03:52:07,467 [Listener at 127.0.0.1/36349] INFO  server.RaftServerConfigKeys (ConfUtils.java:logGet(44)) - raft.server.rpc.slowness.timeout = 300s (custom)
2020-12-24 03:52:07,468 [Listener at 127.0.0.1/36349] INFO  server.RaftServerConfigKeys (ConfUtils.java:logGet(44)) - raft.server.leaderelection.leader.step-down.wait-time = 10s (default)
2020-12-24 03:52:07,468 [Listener at 127.0.0.1/36349] INFO  server.RaftServerConfigKeys (ConfUtils.java:logGet(44)) - raft.server.storage.dir = [/github/workspace/mnt/ozone/hadoop-ozone/integration-test/target/test-dir/MiniOzoneClusterImpl-9e14565b-f938-48ad-b0e9-52a6969cb554/datanode-3/data/ratis] (custom)
2020-12-24 03:52:07,473 [Listener at 127.0.0.1/36349] INFO  http.BaseHttpServer (BaseHttpServer.java:newHttpServer2BuilderForOzone(207)) - Starting Web-server for hddsDatanode at: http://0.0.0.0:0
2020-12-24 03:52:07,473 [Listener at 127.0.0.1/36349] INFO  http.BaseHttpServer (BaseHttpServer.java:<init>(106)) - Hadoop Security Enabled: false Ozone Security Enabled: false Ozone HTTP Security Enabled: false 
2020-12-24 03:52:07,474 [Listener at 127.0.0.1/36349] INFO  server.AuthenticationFilter (AuthenticationFilter.java:constructSecretProvider(240)) - Unable to initialize FileSignerSecretProvider, falling back to use random secrets.
2020-12-24 03:52:07,475 [Listener at 127.0.0.1/36349] WARN  http.HttpRequestLog (HttpRequestLog.java:getRequestLog(103)) - Jetty request log can only be enabled using Log4j
2020-12-24 03:52:07,476 [Listener at 127.0.0.1/36349] INFO  http.HttpServer2 (HttpServer2.java:addGlobalFilter(1020)) - Added global filter 'safety' (class=org.apache.hadoop.hdds.server.http.HttpServer2$QuotingInputFilter)
2020-12-24 03:52:07,476 [Listener at 127.0.0.1/36349] INFO  http.HttpServer2 (HttpServer2.java:addFilter(996)) - Added filter static_user_filter (class=org.apache.hadoop.http.lib.StaticUserWebFilter$StaticUserFilter) to context hddsDatanode
2020-12-24 03:52:07,476 [Listener at 127.0.0.1/36349] INFO  http.HttpServer2 (HttpServer2.java:addFilter(1004)) - Added filter static_user_filter (class=org.apache.hadoop.http.lib.StaticUserWebFilter$StaticUserFilter) to context logs
2020-12-24 03:52:07,476 [Listener at 127.0.0.1/36349] INFO  http.HttpServer2 (HttpServer2.java:addFilter(1004)) - Added filter static_user_filter (class=org.apache.hadoop.http.lib.StaticUserWebFilter$StaticUserFilter) to context static
2020-12-24 03:52:07,477 [Listener at 127.0.0.1/36349] INFO  http.HttpServer2 (HttpServer2.java:bindListener(1238)) - Jetty bound to port 34539
2020-12-24 03:52:07,477 [Listener at 127.0.0.1/36349] INFO  server.Server (Server.java:doStart(375)) - jetty-9.4.34.v20201102; built: 2020-11-02T14:15:39.302Z; git: e46af88704a893fc12cb0e3bf46e2c7b48a009e7; jvm 1.8.0_232-b09
2020-12-24 03:52:07,479 [Listener at 127.0.0.1/36349] INFO  server.session (DefaultSessionIdManager.java:doStart(334)) - DefaultSessionIdManager workerName=node0
2020-12-24 03:52:07,479 [Listener at 127.0.0.1/36349] INFO  server.session (DefaultSessionIdManager.java:doStart(339)) - No SessionScavenger set, using defaults
2020-12-24 03:52:07,480 [Listener at 127.0.0.1/36349] INFO  server.session (HouseKeeper.java:startScavenging(132)) - node0 Scavenging every 660000ms
2020-12-24 03:52:07,480 [Listener at 127.0.0.1/36349] INFO  handler.ContextHandler (ContextHandler.java:doStart(916)) - Started o.e.j.s.ServletContextHandler@43462cef{logs,/logs,file:///github/workspace/mnt/ozone/hadoop-ozone/integration-test/target/log,AVAILABLE}
2020-12-24 03:52:07,481 [Listener at 127.0.0.1/36349] INFO  handler.ContextHandler (ContextHandler.java:doStart(916)) - Started o.e.j.s.ServletContextHandler@9fc9166{static,/static,jar:file:/home/user/.m2/repository/org/apache/hadoop/hadoop-hdds-container-service/1.1.0-SNAPSHOT/hadoop-hdds-container-service-1.1.0-SNAPSHOT.jar!/webapps/static,AVAILABLE}
2020-12-24 03:52:07,635 [Listener at 127.0.0.1/36349] INFO  handler.ContextHandler (ContextHandler.java:doStart(916)) - Started o.e.j.w.WebAppContext@54dd6160{hddsDatanode,/,file:///tmp/jetty-0_0_0_0-34539-hadoop-hdds-container-service-1_1_0-SNAPSHOT_jar-_-any-6905812851321699112/webapp/,AVAILABLE}{jar:file:/home/user/.m2/repository/org/apache/hadoop/hadoop-hdds-container-service/1.1.0-SNAPSHOT/hadoop-hdds-container-service-1.1.0-SNAPSHOT.jar!/webapps/hddsDatanode}
2020-12-24 03:52:07,637 [Listener at 127.0.0.1/36349] INFO  server.AbstractConnector (AbstractConnector.java:doStart(331)) - Started ServerConnector@3fcb6c7b{HTTP/1.1, (http/1.1)}{0.0.0.0:34539}
2020-12-24 03:52:07,637 [Listener at 127.0.0.1/36349] INFO  server.Server (Server.java:doStart(415)) - Started @50733ms
2020-12-24 03:52:07,638 [Listener at 127.0.0.1/36349] WARN  impl.MetricsSystemImpl (MetricsSystemImpl.java:register(276)) - Sink prometheus already exists!
2020-12-24 03:52:07,641 [Listener at 127.0.0.1/36349] INFO  http.BaseHttpServer (BaseHttpServer.java:updateConnectorAddress(327)) - HTTP server of hddsDatanode listening at http://0.0.0.0:34539
2020-12-24 03:52:07,641 [Listener at 127.0.0.1/36349] INFO  impl.MetricsSystemImpl (MetricsSystemImpl.java:init(158)) - HddsDatanode metrics system started (again)
2020-12-24 03:52:07,642 [Listener at 127.0.0.1/36349] INFO  ozone.HddsDatanodeService (HddsDatanodeService.java:start(217)) - HddsDatanodeService host:822d467d5ade ip:172.17.0.2
2020-12-24 03:52:07,644 [Listener at 127.0.0.1/36349] INFO  volume.HddsVolume (HddsVolume.java:<init>(176)) - Creating Volume: /github/workspace/mnt/ozone/hadoop-ozone/integration-test/target/test-dir/MiniOzoneClusterImpl-9e14565b-f938-48ad-b0e9-52a6969cb554/datanode-4/data-0/containers/hdds of storage type : DISK and capacity : 9223372036854775807
2020-12-24 03:52:07,645 [Listener at 127.0.0.1/36349] INFO  volume.MutableVolumeSet (MutableVolumeSet.java:initializeVolumeSet(179)) - Added Volume : /github/workspace/mnt/ozone/hadoop-ozone/integration-test/target/test-dir/MiniOzoneClusterImpl-9e14565b-f938-48ad-b0e9-52a6969cb554/datanode-4/data-0/containers/hdds to VolumeSet
2020-12-24 03:52:07,645 [Listener at 127.0.0.1/36349] INFO  volume.ThrottledAsyncChecker (ThrottledAsyncChecker.java:schedule(141)) - Scheduling a check for /github/workspace/mnt/ozone/hadoop-ozone/integration-test/target/test-dir/MiniOzoneClusterImpl-9e14565b-f938-48ad-b0e9-52a6969cb554/datanode-4/data-0/containers/hdds
2020-12-24 03:52:07,646 [Listener at 127.0.0.1/36349] INFO  volume.HddsVolumeChecker (HddsVolumeChecker.java:checkAllVolumes(200)) - Scheduled health check for volume /github/workspace/mnt/ozone/hadoop-ozone/integration-test/target/test-dir/MiniOzoneClusterImpl-9e14565b-f938-48ad-b0e9-52a6969cb554/datanode-4/data-0/containers/hdds
2020-12-24 03:52:07,663 [org.apache.hadoop.util.JvmPauseMonitor$Monitor@1b8d1528] INFO  util.JvmPauseMonitor (JvmPauseMonitor.java:run(188)) - Starting JVM pause monitor
2020-12-24 03:52:07,664 [Datanode State Machine Task Thread - 0] INFO  datanode.InitDatanodeState (InitDatanodeState.java:persistContainerDatanodeDetails(145)) - DatanodeDetails is persisted to /github/workspace/mnt/ozone/hadoop-ozone/integration-test/target/test-dir/MiniOzoneClusterImpl-9e14565b-f938-48ad-b0e9-52a6969cb554/datanode-3/meta/datanode.id
2020-12-24 03:52:07,665 [Thread-768] INFO  ozoneimpl.ContainerReader (ContainerReader.java:readVolume(123)) - Start to verify containers on volume /github/workspace/mnt/ozone/hadoop-ozone/integration-test/target/test-dir/MiniOzoneClusterImpl-9e14565b-f938-48ad-b0e9-52a6969cb554/datanode-4/data-0/containers/hdds
2020-12-24 03:52:07,665 [Thread-768] INFO  ozoneimpl.ContainerReader (ContainerReader.java:readVolume(148)) - Finish verifying containers on volume /github/workspace/mnt/ozone/hadoop-ozone/integration-test/target/test-dir/MiniOzoneClusterImpl-9e14565b-f938-48ad-b0e9-52a6969cb554/datanode-4/data-0/containers/hdds
2020-12-24 03:52:07,665 [Listener at 127.0.0.1/36349] INFO  ozoneimpl.OzoneContainer (OzoneContainer.java:buildContainerSet(194)) - Build ContainerSet costs 0s
2020-12-24 03:52:07,667 [Listener at 127.0.0.1/36349] INFO  server.RaftServer (ConfUtils.java:logGet(44)) - raft.rpc.type = GRPC (default)
2020-12-24 03:52:07,667 [Listener at 127.0.0.1/36349] INFO  grpc.GrpcFactory (GrpcFactory.java:checkPooledByteBufAllocatorUseCacheForAllThreads(48)) - PERFORMANCE WARNING: useCacheForAllThreads is true that may cause Netty to create a lot garbage objects and, as a result, trigger GC.
	It is recommended to disable useCacheForAllThreads by setting -Dorg.apache.ratis.thirdparty.io.netty.allocator.useCacheForAllThreads=false in command line.
2020-12-24 03:52:07,667 [Listener at 127.0.0.1/36349] INFO  grpc.GrpcConfigKeys (ConfUtils.java:logGet(44)) - raft.grpc.server.port = 0 (default)
2020-12-24 03:52:07,667 [Listener at 127.0.0.1/36349] INFO  server.GrpcService (ConfUtils.java:logGet(44)) - raft.grpc.message.size.max = 32MB (=33554432) (custom)
2020-12-24 03:52:07,667 [Listener at 127.0.0.1/36349] INFO  server.RaftServerConfigKeys (ConfUtils.java:logGet(44)) - raft.server.log.appender.buffer.byte-limit = 33554432 (custom)
2020-12-24 03:52:07,667 [Listener at 127.0.0.1/36349] INFO  server.GrpcService (ConfUtils.java:logGet(44)) - raft.grpc.flow.control.window = 5MB (=5242880) (custom)
2020-12-24 03:52:07,667 [Listener at 127.0.0.1/36349] INFO  server.RaftServerConfigKeys (ConfUtils.java:logGet(44)) - raft.server.rpc.request.timeout = 60s (custom)
2020-12-24 03:52:07,668 [Listener at 127.0.0.1/36349] INFO  impl.DataStreamServerImpl (ConfUtils.java:logGet(44)) - raft.datastream.type = DISABLED (default)
2020-12-24 03:52:07,668 [Listener at 127.0.0.1/36349] INFO  server.RaftServerConfigKeys (ConfUtils.java:logGet(44)) - raft.server.rpc.slowness.timeout = 300s (custom)
2020-12-24 03:52:07,669 [Listener at 127.0.0.1/36349] INFO  server.RaftServerConfigKeys (ConfUtils.java:logGet(44)) - raft.server.leaderelection.leader.step-down.wait-time = 10s (default)
2020-12-24 03:52:07,669 [Listener at 127.0.0.1/36349] INFO  server.RaftServerConfigKeys (ConfUtils.java:logGet(44)) - raft.server.storage.dir = [/github/workspace/mnt/ozone/hadoop-ozone/integration-test/target/test-dir/MiniOzoneClusterImpl-9e14565b-f938-48ad-b0e9-52a6969cb554/datanode-4/data/ratis] (custom)
2020-12-24 03:52:07,673 [Listener at 127.0.0.1/36349] INFO  http.BaseHttpServer (BaseHttpServer.java:newHttpServer2BuilderForOzone(207)) - Starting Web-server for hddsDatanode at: http://0.0.0.0:0
2020-12-24 03:52:07,673 [Listener at 127.0.0.1/36349] INFO  http.BaseHttpServer (BaseHttpServer.java:<init>(106)) - Hadoop Security Enabled: false Ozone Security Enabled: false Ozone HTTP Security Enabled: false 
2020-12-24 03:52:07,674 [Listener at 127.0.0.1/36349] INFO  server.AuthenticationFilter (AuthenticationFilter.java:constructSecretProvider(240)) - Unable to initialize FileSignerSecretProvider, falling back to use random secrets.
2020-12-24 03:52:07,674 [Listener at 127.0.0.1/36349] WARN  http.HttpRequestLog (HttpRequestLog.java:getRequestLog(103)) - Jetty request log can only be enabled using Log4j
2020-12-24 03:52:07,675 [Listener at 127.0.0.1/36349] INFO  http.HttpServer2 (HttpServer2.java:addGlobalFilter(1020)) - Added global filter 'safety' (class=org.apache.hadoop.hdds.server.http.HttpServer2$QuotingInputFilter)
2020-12-24 03:52:07,676 [Listener at 127.0.0.1/36349] INFO  http.HttpServer2 (HttpServer2.java:addFilter(996)) - Added filter static_user_filter (class=org.apache.hadoop.http.lib.StaticUserWebFilter$StaticUserFilter) to context hddsDatanode
2020-12-24 03:52:07,676 [Listener at 127.0.0.1/36349] INFO  http.HttpServer2 (HttpServer2.java:addFilter(1004)) - Added filter static_user_filter (class=org.apache.hadoop.http.lib.StaticUserWebFilter$StaticUserFilter) to context static
2020-12-24 03:52:07,676 [Listener at 127.0.0.1/36349] INFO  http.HttpServer2 (HttpServer2.java:addFilter(1004)) - Added filter static_user_filter (class=org.apache.hadoop.http.lib.StaticUserWebFilter$StaticUserFilter) to context logs
2020-12-24 03:52:07,677 [Listener at 127.0.0.1/36349] INFO  http.HttpServer2 (HttpServer2.java:bindListener(1238)) - Jetty bound to port 36203
2020-12-24 03:52:07,677 [Listener at 127.0.0.1/36349] INFO  server.Server (Server.java:doStart(375)) - jetty-9.4.34.v20201102; built: 2020-11-02T14:15:39.302Z; git: e46af88704a893fc12cb0e3bf46e2c7b48a009e7; jvm 1.8.0_232-b09
2020-12-24 03:52:07,681 [Listener at 127.0.0.1/36349] INFO  server.session (DefaultSessionIdManager.java:doStart(334)) - DefaultSessionIdManager workerName=node0
2020-12-24 03:52:07,681 [Listener at 127.0.0.1/36349] INFO  server.session (DefaultSessionIdManager.java:doStart(339)) - No SessionScavenger set, using defaults
2020-12-24 03:52:07,682 [Listener at 127.0.0.1/36349] INFO  server.session (HouseKeeper.java:startScavenging(132)) - node0 Scavenging every 600000ms
2020-12-24 03:52:07,683 [Listener at 127.0.0.1/36349] INFO  handler.ContextHandler (ContextHandler.java:doStart(916)) - Started o.e.j.s.ServletContextHandler@6ec8fa57{logs,/logs,file:///github/workspace/mnt/ozone/hadoop-ozone/integration-test/target/log,AVAILABLE}
2020-12-24 03:52:07,683 [Listener at 127.0.0.1/36349] INFO  handler.ContextHandler (ContextHandler.java:doStart(916)) - Started o.e.j.s.ServletContextHandler@368a26dd{static,/static,jar:file:/home/user/.m2/repository/org/apache/hadoop/hadoop-hdds-container-service/1.1.0-SNAPSHOT/hadoop-hdds-container-service-1.1.0-SNAPSHOT.jar!/webapps/static,AVAILABLE}
2020-12-24 03:52:07,839 [Listener at 127.0.0.1/36349] INFO  handler.ContextHandler (ContextHandler.java:doStart(916)) - Started o.e.j.w.WebAppContext@4e33a209{hddsDatanode,/,file:///tmp/jetty-0_0_0_0-36203-hadoop-hdds-container-service-1_1_0-SNAPSHOT_jar-_-any-5858394686305313649/webapp/,AVAILABLE}{jar:file:/home/user/.m2/repository/org/apache/hadoop/hadoop-hdds-container-service/1.1.0-SNAPSHOT/hadoop-hdds-container-service-1.1.0-SNAPSHOT.jar!/webapps/hddsDatanode}
2020-12-24 03:52:07,840 [Listener at 127.0.0.1/36349] INFO  server.AbstractConnector (AbstractConnector.java:doStart(331)) - Started ServerConnector@17574caa{HTTP/1.1, (http/1.1)}{0.0.0.0:36203}
2020-12-24 03:52:07,840 [Listener at 127.0.0.1/36349] INFO  server.Server (Server.java:doStart(415)) - Started @50935ms
2020-12-24 03:52:07,840 [Listener at 127.0.0.1/36349] WARN  impl.MetricsSystemImpl (MetricsSystemImpl.java:register(276)) - Sink prometheus already exists!
2020-12-24 03:52:07,843 [Listener at 127.0.0.1/36349] INFO  http.BaseHttpServer (BaseHttpServer.java:updateConnectorAddress(327)) - HTTP server of hddsDatanode listening at http://0.0.0.0:36203
2020-12-24 03:52:07,843 [Listener at 127.0.0.1/36349] INFO  impl.MetricsSystemImpl (MetricsSystemImpl.java:init(158)) - HddsDatanode metrics system started (again)
2020-12-24 03:52:07,849 [Listener at 127.0.0.1/36349] INFO  ozone.HddsDatanodeService (HddsDatanodeService.java:start(217)) - HddsDatanodeService host:822d467d5ade ip:172.17.0.2
2020-12-24 03:52:07,860 [org.apache.hadoop.util.JvmPauseMonitor$Monitor@1dca3e33] INFO  util.JvmPauseMonitor (JvmPauseMonitor.java:run(188)) - Starting JVM pause monitor
2020-12-24 03:52:07,863 [Datanode State Machine Task Thread - 0] INFO  datanode.InitDatanodeState (InitDatanodeState.java:persistContainerDatanodeDetails(145)) - DatanodeDetails is persisted to /github/workspace/mnt/ozone/hadoop-ozone/integration-test/target/test-dir/MiniOzoneClusterImpl-9e14565b-f938-48ad-b0e9-52a6969cb554/datanode-4/meta/datanode.id
2020-12-24 03:52:07,864 [Listener at 127.0.0.1/36349] INFO  volume.HddsVolume (HddsVolume.java:<init>(176)) - Creating Volume: /github/workspace/mnt/ozone/hadoop-ozone/integration-test/target/test-dir/MiniOzoneClusterImpl-9e14565b-f938-48ad-b0e9-52a6969cb554/datanode-5/data-0/containers/hdds of storage type : DISK and capacity : 9223372036854775807
2020-12-24 03:52:07,864 [Listener at 127.0.0.1/36349] INFO  volume.MutableVolumeSet (MutableVolumeSet.java:initializeVolumeSet(179)) - Added Volume : /github/workspace/mnt/ozone/hadoop-ozone/integration-test/target/test-dir/MiniOzoneClusterImpl-9e14565b-f938-48ad-b0e9-52a6969cb554/datanode-5/data-0/containers/hdds to VolumeSet
2020-12-24 03:52:07,864 [Listener at 127.0.0.1/36349] INFO  volume.ThrottledAsyncChecker (ThrottledAsyncChecker.java:schedule(141)) - Scheduling a check for /github/workspace/mnt/ozone/hadoop-ozone/integration-test/target/test-dir/MiniOzoneClusterImpl-9e14565b-f938-48ad-b0e9-52a6969cb554/datanode-5/data-0/containers/hdds
2020-12-24 03:52:07,867 [Listener at 127.0.0.1/36349] INFO  volume.HddsVolumeChecker (HddsVolumeChecker.java:checkAllVolumes(200)) - Scheduled health check for volume /github/workspace/mnt/ozone/hadoop-ozone/integration-test/target/test-dir/MiniOzoneClusterImpl-9e14565b-f938-48ad-b0e9-52a6969cb554/datanode-5/data-0/containers/hdds
2020-12-24 03:52:07,880 [Thread-779] INFO  ozoneimpl.ContainerReader (ContainerReader.java:readVolume(123)) - Start to verify containers on volume /github/workspace/mnt/ozone/hadoop-ozone/integration-test/target/test-dir/MiniOzoneClusterImpl-9e14565b-f938-48ad-b0e9-52a6969cb554/datanode-5/data-0/containers/hdds
2020-12-24 03:52:07,880 [Thread-779] INFO  ozoneimpl.ContainerReader (ContainerReader.java:readVolume(148)) - Finish verifying containers on volume /github/workspace/mnt/ozone/hadoop-ozone/integration-test/target/test-dir/MiniOzoneClusterImpl-9e14565b-f938-48ad-b0e9-52a6969cb554/datanode-5/data-0/containers/hdds
2020-12-24 03:52:07,881 [Listener at 127.0.0.1/36349] INFO  ozoneimpl.OzoneContainer (OzoneContainer.java:buildContainerSet(194)) - Build ContainerSet costs 0s
2020-12-24 03:52:07,882 [Listener at 127.0.0.1/36349] INFO  server.RaftServer (ConfUtils.java:logGet(44)) - raft.rpc.type = GRPC (default)
2020-12-24 03:52:07,883 [Listener at 127.0.0.1/36349] INFO  grpc.GrpcFactory (GrpcFactory.java:checkPooledByteBufAllocatorUseCacheForAllThreads(48)) - PERFORMANCE WARNING: useCacheForAllThreads is true that may cause Netty to create a lot garbage objects and, as a result, trigger GC.
	It is recommended to disable useCacheForAllThreads by setting -Dorg.apache.ratis.thirdparty.io.netty.allocator.useCacheForAllThreads=false in command line.
2020-12-24 03:52:07,883 [Listener at 127.0.0.1/36349] INFO  grpc.GrpcConfigKeys (ConfUtils.java:logGet(44)) - raft.grpc.server.port = 0 (default)
2020-12-24 03:52:07,883 [Listener at 127.0.0.1/36349] INFO  server.GrpcService (ConfUtils.java:logGet(44)) - raft.grpc.message.size.max = 32MB (=33554432) (custom)
2020-12-24 03:52:07,883 [Listener at 127.0.0.1/36349] INFO  server.RaftServerConfigKeys (ConfUtils.java:logGet(44)) - raft.server.log.appender.buffer.byte-limit = 33554432 (custom)
2020-12-24 03:52:07,883 [Listener at 127.0.0.1/36349] INFO  server.GrpcService (ConfUtils.java:logGet(44)) - raft.grpc.flow.control.window = 5MB (=5242880) (custom)
2020-12-24 03:52:07,883 [Listener at 127.0.0.1/36349] INFO  server.RaftServerConfigKeys (ConfUtils.java:logGet(44)) - raft.server.rpc.request.timeout = 60s (custom)
2020-12-24 03:52:07,884 [Listener at 127.0.0.1/36349] INFO  impl.DataStreamServerImpl (ConfUtils.java:logGet(44)) - raft.datastream.type = DISABLED (default)
2020-12-24 03:52:07,884 [Listener at 127.0.0.1/36349] INFO  server.RaftServerConfigKeys (ConfUtils.java:logGet(44)) - raft.server.rpc.slowness.timeout = 300s (custom)
2020-12-24 03:52:07,884 [Listener at 127.0.0.1/36349] INFO  server.RaftServerConfigKeys (ConfUtils.java:logGet(44)) - raft.server.leaderelection.leader.step-down.wait-time = 10s (default)
2020-12-24 03:52:07,885 [Listener at 127.0.0.1/36349] INFO  server.RaftServerConfigKeys (ConfUtils.java:logGet(44)) - raft.server.storage.dir = [/github/workspace/mnt/ozone/hadoop-ozone/integration-test/target/test-dir/MiniOzoneClusterImpl-9e14565b-f938-48ad-b0e9-52a6969cb554/datanode-5/data/ratis] (custom)
2020-12-24 03:52:07,889 [Listener at 127.0.0.1/36349] INFO  http.BaseHttpServer (BaseHttpServer.java:newHttpServer2BuilderForOzone(207)) - Starting Web-server for hddsDatanode at: http://0.0.0.0:0
2020-12-24 03:52:07,889 [Listener at 127.0.0.1/36349] INFO  http.BaseHttpServer (BaseHttpServer.java:<init>(106)) - Hadoop Security Enabled: false Ozone Security Enabled: false Ozone HTTP Security Enabled: false 
2020-12-24 03:52:07,890 [Listener at 127.0.0.1/36349] INFO  server.AuthenticationFilter (AuthenticationFilter.java:constructSecretProvider(240)) - Unable to initialize FileSignerSecretProvider, falling back to use random secrets.
2020-12-24 03:52:07,890 [Listener at 127.0.0.1/36349] WARN  http.HttpRequestLog (HttpRequestLog.java:getRequestLog(103)) - Jetty request log can only be enabled using Log4j
2020-12-24 03:52:07,891 [Listener at 127.0.0.1/36349] INFO  http.HttpServer2 (HttpServer2.java:addGlobalFilter(1020)) - Added global filter 'safety' (class=org.apache.hadoop.hdds.server.http.HttpServer2$QuotingInputFilter)
2020-12-24 03:52:07,891 [Listener at 127.0.0.1/36349] INFO  http.HttpServer2 (HttpServer2.java:addFilter(996)) - Added filter static_user_filter (class=org.apache.hadoop.http.lib.StaticUserWebFilter$StaticUserFilter) to context hddsDatanode
2020-12-24 03:52:07,891 [Listener at 127.0.0.1/36349] INFO  http.HttpServer2 (HttpServer2.java:addFilter(1004)) - Added filter static_user_filter (class=org.apache.hadoop.http.lib.StaticUserWebFilter$StaticUserFilter) to context logs
2020-12-24 03:52:07,891 [Listener at 127.0.0.1/36349] INFO  http.HttpServer2 (HttpServer2.java:addFilter(1004)) - Added filter static_user_filter (class=org.apache.hadoop.http.lib.StaticUserWebFilter$StaticUserFilter) to context static
2020-12-24 03:52:07,892 [Listener at 127.0.0.1/36349] INFO  http.HttpServer2 (HttpServer2.java:bindListener(1238)) - Jetty bound to port 35133
2020-12-24 03:52:07,892 [Listener at 127.0.0.1/36349] INFO  server.Server (Server.java:doStart(375)) - jetty-9.4.34.v20201102; built: 2020-11-02T14:15:39.302Z; git: e46af88704a893fc12cb0e3bf46e2c7b48a009e7; jvm 1.8.0_232-b09
2020-12-24 03:52:07,894 [Listener at 127.0.0.1/36349] INFO  server.session (DefaultSessionIdManager.java:doStart(334)) - DefaultSessionIdManager workerName=node0
2020-12-24 03:52:07,894 [Listener at 127.0.0.1/36349] INFO  server.session (DefaultSessionIdManager.java:doStart(339)) - No SessionScavenger set, using defaults
2020-12-24 03:52:07,894 [Listener at 127.0.0.1/36349] INFO  server.session (HouseKeeper.java:startScavenging(132)) - node0 Scavenging every 660000ms
2020-12-24 03:52:07,894 [Listener at 127.0.0.1/36349] INFO  handler.ContextHandler (ContextHandler.java:doStart(916)) - Started o.e.j.s.ServletContextHandler@43f88cba{logs,/logs,file:///github/workspace/mnt/ozone/hadoop-ozone/integration-test/target/log,AVAILABLE}
2020-12-24 03:52:07,895 [Listener at 127.0.0.1/36349] INFO  handler.ContextHandler (ContextHandler.java:doStart(916)) - Started o.e.j.s.ServletContextHandler@3cf6f3aa{static,/static,jar:file:/home/user/.m2/repository/org/apache/hadoop/hadoop-hdds-container-service/1.1.0-SNAPSHOT/hadoop-hdds-container-service-1.1.0-SNAPSHOT.jar!/webapps/static,AVAILABLE}
2020-12-24 03:52:08,049 [Listener at 127.0.0.1/36349] INFO  handler.ContextHandler (ContextHandler.java:doStart(916)) - Started o.e.j.w.WebAppContext@49f4de0e{hddsDatanode,/,file:///tmp/jetty-0_0_0_0-35133-hadoop-hdds-container-service-1_1_0-SNAPSHOT_jar-_-any-8136275570145153651/webapp/,AVAILABLE}{jar:file:/home/user/.m2/repository/org/apache/hadoop/hadoop-hdds-container-service/1.1.0-SNAPSHOT/hadoop-hdds-container-service-1.1.0-SNAPSHOT.jar!/webapps/hddsDatanode}
2020-12-24 03:52:08,051 [Listener at 127.0.0.1/36349] INFO  server.AbstractConnector (AbstractConnector.java:doStart(331)) - Started ServerConnector@44cefd71{HTTP/1.1, (http/1.1)}{0.0.0.0:35133}
2020-12-24 03:52:08,051 [Listener at 127.0.0.1/36349] INFO  server.Server (Server.java:doStart(415)) - Started @51146ms
2020-12-24 03:52:08,051 [Listener at 127.0.0.1/36349] WARN  impl.MetricsSystemImpl (MetricsSystemImpl.java:register(276)) - Sink prometheus already exists!
2020-12-24 03:52:08,054 [Listener at 127.0.0.1/36349] INFO  http.BaseHttpServer (BaseHttpServer.java:updateConnectorAddress(327)) - HTTP server of hddsDatanode listening at http://0.0.0.0:35133
2020-12-24 03:52:08,055 [Listener at 127.0.0.1/36349] INFO  ozone.MiniOzoneClusterImpl (MiniOzoneClusterImpl.java:lambda$waitForClusterToBeReady$0(178)) - Waiting for nodes to be ready. Got 0 of 6 DN Heartbeats.
2020-12-24 03:52:08,055 [Listener at 127.0.0.1/36349] INFO  ozone.MiniOzoneClusterImpl (MiniOzoneClusterImpl.java:lambda$waitForClusterToBeReady$0(181)) - Waiting for cluster to exit safe mode
2020-12-24 03:52:08,058 [org.apache.hadoop.util.JvmPauseMonitor$Monitor@7f1d8afe] INFO  util.JvmPauseMonitor (JvmPauseMonitor.java:run(188)) - Starting JVM pause monitor
2020-12-24 03:52:08,060 [Datanode State Machine Task Thread - 0] INFO  datanode.InitDatanodeState (InitDatanodeState.java:persistContainerDatanodeDetails(145)) - DatanodeDetails is persisted to /github/workspace/mnt/ozone/hadoop-ozone/integration-test/target/test-dir/MiniOzoneClusterImpl-9e14565b-f938-48ad-b0e9-52a6969cb554/datanode-5/meta/datanode.id
2020-12-24 03:52:09,034 [EndpointStateMachine task thread for /0.0.0.0:44015 - 0 ] INFO  ozoneimpl.OzoneContainer (OzoneContainer.java:start(243)) - Attempting to start container services.
2020-12-24 03:52:09,034 [EndpointStateMachine task thread for /0.0.0.0:44015 - 0 ] INFO  ozoneimpl.OzoneContainer (OzoneContainer.java:startContainerScrub(207)) - Background container scanner has been disabled.
2020-12-24 03:52:09,034 [EndpointStateMachine task thread for /0.0.0.0:44015 - 0 ] INFO  ratis.XceiverServerRatis (XceiverServerRatis.java:start(455)) - Starting XceiverServerRatis b22c4f2c-1caa-4579-b370-0e993976351f at port 0
2020-12-24 03:52:09,035 [EndpointStateMachine task thread for /0.0.0.0:44015 - 0 ] INFO  server.RaftServer (RaftServerProxy.java:lambda$start$5(370)) - b22c4f2c-1caa-4579-b370-0e993976351f: start RPC server
2020-12-24 03:52:09,036 [EndpointStateMachine task thread for /0.0.0.0:44015 - 0 ] INFO  server.GrpcService (GrpcService.java:startImpl(177)) - b22c4f2c-1caa-4579-b370-0e993976351f: GrpcService started, listening on 0.0.0.0/0.0.0.0:33975
2020-12-24 03:52:09,037 [EndpointStateMachine task thread for /0.0.0.0:44015 - 0 ] INFO  ratis.XceiverServerRatis (XceiverServerRatis.java:start(467)) - XceiverServerRatis b22c4f2c-1caa-4579-b370-0e993976351f is started using port 33975
2020-12-24 03:52:09,037 [org.apache.ratis.util.JvmPauseMonitor$$Lambda$222/1720804448@3fb7f475] INFO  util.JvmPauseMonitor (JvmPauseMonitor.java:run(103)) - JvmPauseMonitor-b22c4f2c-1caa-4579-b370-0e993976351f: Started
2020-12-24 03:52:09,037 [EndpointStateMachine task thread for /0.0.0.0:44015 - 0 ] INFO  server.XceiverServerGrpc (XceiverServerGrpc.java:start(145)) - XceiverServerGrpc b22c4f2c-1caa-4579-b370-0e993976351f is started using port 46643
2020-12-24 03:52:09,055 [Listener at 127.0.0.1/36349] INFO  ozone.MiniOzoneClusterImpl (MiniOzoneClusterImpl.java:lambda$waitForClusterToBeReady$0(178)) - Waiting for nodes to be ready. Got 0 of 6 DN Heartbeats.
2020-12-24 03:52:09,055 [Listener at 127.0.0.1/36349] INFO  ozone.MiniOzoneClusterImpl (MiniOzoneClusterImpl.java:lambda$waitForClusterToBeReady$0(181)) - Waiting for cluster to exit safe mode
2020-12-24 03:52:09,229 [EndpointStateMachine task thread for /0.0.0.0:44015 - 0 ] INFO  ozoneimpl.OzoneContainer (OzoneContainer.java:start(243)) - Attempting to start container services.
2020-12-24 03:52:09,229 [EndpointStateMachine task thread for /0.0.0.0:44015 - 0 ] INFO  ozoneimpl.OzoneContainer (OzoneContainer.java:startContainerScrub(207)) - Background container scanner has been disabled.
2020-12-24 03:52:09,229 [EndpointStateMachine task thread for /0.0.0.0:44015 - 0 ] INFO  ratis.XceiverServerRatis (XceiverServerRatis.java:start(455)) - Starting XceiverServerRatis 8d530254-7283-4827-a046-112d022b0049 at port 0
2020-12-24 03:52:09,239 [EndpointStateMachine task thread for /0.0.0.0:44015 - 0 ] INFO  server.RaftServer (RaftServerProxy.java:lambda$start$5(370)) - 8d530254-7283-4827-a046-112d022b0049: start RPC server
2020-12-24 03:52:09,240 [EndpointStateMachine task thread for /0.0.0.0:44015 - 0 ] INFO  server.GrpcService (GrpcService.java:startImpl(177)) - 8d530254-7283-4827-a046-112d022b0049: GrpcService started, listening on 0.0.0.0/0.0.0.0:39581
2020-12-24 03:52:09,240 [EndpointStateMachine task thread for /0.0.0.0:44015 - 0 ] INFO  ratis.XceiverServerRatis (XceiverServerRatis.java:start(467)) - XceiverServerRatis 8d530254-7283-4827-a046-112d022b0049 is started using port 39581
2020-12-24 03:52:09,240 [org.apache.ratis.util.JvmPauseMonitor$$Lambda$222/1720804448@6276db61] INFO  util.JvmPauseMonitor (JvmPauseMonitor.java:run(103)) - JvmPauseMonitor-8d530254-7283-4827-a046-112d022b0049: Started
2020-12-24 03:52:09,240 [EndpointStateMachine task thread for /0.0.0.0:44015 - 0 ] INFO  server.XceiverServerGrpc (XceiverServerGrpc.java:start(145)) - XceiverServerGrpc 8d530254-7283-4827-a046-112d022b0049 is started using port 42005
2020-12-24 03:52:09,454 [EndpointStateMachine task thread for /0.0.0.0:44015 - 0 ] INFO  ozoneimpl.OzoneContainer (OzoneContainer.java:start(243)) - Attempting to start container services.
2020-12-24 03:52:09,455 [EndpointStateMachine task thread for /0.0.0.0:44015 - 0 ] INFO  ozoneimpl.OzoneContainer (OzoneContainer.java:startContainerScrub(207)) - Background container scanner has been disabled.
2020-12-24 03:52:09,455 [EndpointStateMachine task thread for /0.0.0.0:44015 - 0 ] INFO  ratis.XceiverServerRatis (XceiverServerRatis.java:start(455)) - Starting XceiverServerRatis 9439cf50-f8ac-47a3-be84-c5264c2c00f7 at port 0
2020-12-24 03:52:09,463 [EndpointStateMachine task thread for /0.0.0.0:44015 - 0 ] INFO  server.RaftServer (RaftServerProxy.java:lambda$start$5(370)) - 9439cf50-f8ac-47a3-be84-c5264c2c00f7: start RPC server
2020-12-24 03:52:09,464 [EndpointStateMachine task thread for /0.0.0.0:44015 - 0 ] INFO  server.GrpcService (GrpcService.java:startImpl(177)) - 9439cf50-f8ac-47a3-be84-c5264c2c00f7: GrpcService started, listening on 0.0.0.0/0.0.0.0:43545
2020-12-24 03:52:09,464 [EndpointStateMachine task thread for /0.0.0.0:44015 - 0 ] INFO  ratis.XceiverServerRatis (XceiverServerRatis.java:start(467)) - XceiverServerRatis 9439cf50-f8ac-47a3-be84-c5264c2c00f7 is started using port 43545
2020-12-24 03:52:09,464 [org.apache.ratis.util.JvmPauseMonitor$$Lambda$222/1720804448@d1dd9e0] INFO  util.JvmPauseMonitor (JvmPauseMonitor.java:run(103)) - JvmPauseMonitor-9439cf50-f8ac-47a3-be84-c5264c2c00f7: Started
2020-12-24 03:52:09,464 [EndpointStateMachine task thread for /0.0.0.0:44015 - 0 ] INFO  server.XceiverServerGrpc (XceiverServerGrpc.java:start(145)) - XceiverServerGrpc 9439cf50-f8ac-47a3-be84-c5264c2c00f7 is started using port 46223
2020-12-24 03:52:09,667 [EndpointStateMachine task thread for /0.0.0.0:44015 - 0 ] INFO  ozoneimpl.OzoneContainer (OzoneContainer.java:start(243)) - Attempting to start container services.
2020-12-24 03:52:09,667 [EndpointStateMachine task thread for /0.0.0.0:44015 - 0 ] INFO  ozoneimpl.OzoneContainer (OzoneContainer.java:startContainerScrub(207)) - Background container scanner has been disabled.
2020-12-24 03:52:09,668 [EndpointStateMachine task thread for /0.0.0.0:44015 - 0 ] INFO  ratis.XceiverServerRatis (XceiverServerRatis.java:start(455)) - Starting XceiverServerRatis 5e947d80-2832-4cc2-a4b3-abe531d5f2d2 at port 0
2020-12-24 03:52:09,675 [EndpointStateMachine task thread for /0.0.0.0:44015 - 0 ] INFO  server.RaftServer (RaftServerProxy.java:lambda$start$5(370)) - 5e947d80-2832-4cc2-a4b3-abe531d5f2d2: start RPC server
2020-12-24 03:52:09,678 [EndpointStateMachine task thread for /0.0.0.0:44015 - 0 ] INFO  server.GrpcService (GrpcService.java:startImpl(177)) - 5e947d80-2832-4cc2-a4b3-abe531d5f2d2: GrpcService started, listening on 0.0.0.0/0.0.0.0:41285
2020-12-24 03:52:09,681 [EndpointStateMachine task thread for /0.0.0.0:44015 - 0 ] INFO  ratis.XceiverServerRatis (XceiverServerRatis.java:start(467)) - XceiverServerRatis 5e947d80-2832-4cc2-a4b3-abe531d5f2d2 is started using port 41285
2020-12-24 03:52:09,681 [org.apache.ratis.util.JvmPauseMonitor$$Lambda$222/1720804448@1c7c45c4] INFO  util.JvmPauseMonitor (JvmPauseMonitor.java:run(103)) - JvmPauseMonitor-5e947d80-2832-4cc2-a4b3-abe531d5f2d2: Started
2020-12-24 03:52:09,681 [EndpointStateMachine task thread for /0.0.0.0:44015 - 0 ] INFO  server.XceiverServerGrpc (XceiverServerGrpc.java:start(145)) - XceiverServerGrpc 5e947d80-2832-4cc2-a4b3-abe531d5f2d2 is started using port 43599
2020-12-24 03:52:09,869 [EndpointStateMachine task thread for /0.0.0.0:44015 - 0 ] INFO  ozoneimpl.OzoneContainer (OzoneContainer.java:start(243)) - Attempting to start container services.
2020-12-24 03:52:09,869 [EndpointStateMachine task thread for /0.0.0.0:44015 - 0 ] INFO  ozoneimpl.OzoneContainer (OzoneContainer.java:startContainerScrub(207)) - Background container scanner has been disabled.
2020-12-24 03:52:09,869 [EndpointStateMachine task thread for /0.0.0.0:44015 - 0 ] INFO  ratis.XceiverServerRatis (XceiverServerRatis.java:start(455)) - Starting XceiverServerRatis 0dae4c23-fefe-4bb2-bc72-7e8960a30d82 at port 0
2020-12-24 03:52:09,870 [EndpointStateMachine task thread for /0.0.0.0:44015 - 0 ] INFO  server.RaftServer (RaftServerProxy.java:lambda$start$5(370)) - 0dae4c23-fefe-4bb2-bc72-7e8960a30d82: start RPC server
2020-12-24 03:52:09,871 [EndpointStateMachine task thread for /0.0.0.0:44015 - 0 ] INFO  server.GrpcService (GrpcService.java:startImpl(177)) - 0dae4c23-fefe-4bb2-bc72-7e8960a30d82: GrpcService started, listening on 0.0.0.0/0.0.0.0:39989
2020-12-24 03:52:09,872 [EndpointStateMachine task thread for /0.0.0.0:44015 - 0 ] INFO  ratis.XceiverServerRatis (XceiverServerRatis.java:start(467)) - XceiverServerRatis 0dae4c23-fefe-4bb2-bc72-7e8960a30d82 is started using port 39989
2020-12-24 03:52:09,872 [org.apache.ratis.util.JvmPauseMonitor$$Lambda$222/1720804448@273cabf8] INFO  util.JvmPauseMonitor (JvmPauseMonitor.java:run(103)) - JvmPauseMonitor-0dae4c23-fefe-4bb2-bc72-7e8960a30d82: Started
2020-12-24 03:52:09,872 [EndpointStateMachine task thread for /0.0.0.0:44015 - 0 ] INFO  server.XceiverServerGrpc (XceiverServerGrpc.java:start(145)) - XceiverServerGrpc 0dae4c23-fefe-4bb2-bc72-7e8960a30d82 is started using port 39679
2020-12-24 03:52:10,056 [Listener at 127.0.0.1/36349] INFO  ozone.MiniOzoneClusterImpl (MiniOzoneClusterImpl.java:lambda$waitForClusterToBeReady$0(178)) - Waiting for nodes to be ready. Got 0 of 6 DN Heartbeats.
2020-12-24 03:52:10,056 [Listener at 127.0.0.1/36349] INFO  ozone.MiniOzoneClusterImpl (MiniOzoneClusterImpl.java:lambda$waitForClusterToBeReady$0(181)) - Waiting for cluster to exit safe mode
2020-12-24 03:52:10,062 [EndpointStateMachine task thread for /0.0.0.0:44015 - 0 ] INFO  ozoneimpl.OzoneContainer (OzoneContainer.java:start(243)) - Attempting to start container services.
2020-12-24 03:52:10,062 [EndpointStateMachine task thread for /0.0.0.0:44015 - 0 ] INFO  ozoneimpl.OzoneContainer (OzoneContainer.java:startContainerScrub(207)) - Background container scanner has been disabled.
2020-12-24 03:52:10,062 [EndpointStateMachine task thread for /0.0.0.0:44015 - 0 ] INFO  ratis.XceiverServerRatis (XceiverServerRatis.java:start(455)) - Starting XceiverServerRatis d39cfd4e-a5ab-4099-ae66-25f36cfdb7e3 at port 0
2020-12-24 03:52:10,064 [EndpointStateMachine task thread for /0.0.0.0:44015 - 0 ] INFO  server.RaftServer (RaftServerProxy.java:lambda$start$5(370)) - d39cfd4e-a5ab-4099-ae66-25f36cfdb7e3: start RPC server
2020-12-24 03:52:10,065 [EndpointStateMachine task thread for /0.0.0.0:44015 - 0 ] INFO  server.GrpcService (GrpcService.java:startImpl(177)) - d39cfd4e-a5ab-4099-ae66-25f36cfdb7e3: GrpcService started, listening on 0.0.0.0/0.0.0.0:44379
2020-12-24 03:52:10,065 [EndpointStateMachine task thread for /0.0.0.0:44015 - 0 ] INFO  ratis.XceiverServerRatis (XceiverServerRatis.java:start(467)) - XceiverServerRatis d39cfd4e-a5ab-4099-ae66-25f36cfdb7e3 is started using port 44379
2020-12-24 03:52:10,065 [org.apache.ratis.util.JvmPauseMonitor$$Lambda$222/1720804448@3cbb0e1d] INFO  util.JvmPauseMonitor (JvmPauseMonitor.java:run(103)) - JvmPauseMonitor-d39cfd4e-a5ab-4099-ae66-25f36cfdb7e3: Started
2020-12-24 03:52:10,066 [EndpointStateMachine task thread for /0.0.0.0:44015 - 0 ] INFO  server.XceiverServerGrpc (XceiverServerGrpc.java:start(145)) - XceiverServerGrpc d39cfd4e-a5ab-4099-ae66-25f36cfdb7e3 is started using port 40945
2020-12-24 03:52:11,029 [IPC Server handler 1 on default port 44015] INFO  net.NetworkTopologyImpl (NetworkTopologyImpl.java:add(111)) - Added a new node: /default-rack/b22c4f2c-1caa-4579-b370-0e993976351f
2020-12-24 03:52:11,031 [IPC Server handler 1 on default port 44015] INFO  node.SCMNodeManager (SCMNodeManager.java:register(341)) - Registered Data node : b22c4f2c-1caa-4579-b370-0e993976351f{ip: 172.17.0.2, host: 822d467d5ade, networkLocation: /default-rack, certSerialId: null, persistedOpState: IN_SERVICE, persistedOpStateExpiryEpochSec: 0}
2020-12-24 03:52:11,033 [RatisPipelineUtilsThread] INFO  pipeline.RatisPipelineProvider (RatisPipelineProvider.java:lambda$create$0(161)) - Sending CreatePipelineCommand for pipeline:PipelineID=8e121648-e2a5-46ef-b0c4-39fd0216b09f to datanode:b22c4f2c-1caa-4579-b370-0e993976351f
2020-12-24 03:52:11,034 [EventQueue-NodeRegistrationContainerReportForDataNodeSafeModeRule] INFO  safemode.SCMSafeModeManager (DataNodeSafeModeRule.java:process(71)) - SCM in safe mode. 1 DataNodes registered, 1 required.
2020-12-24 03:52:11,034 [EventQueue-NodeRegistrationContainerReportForDataNodeSafeModeRule] INFO  safemode.SCMSafeModeManager (SCMSafeModeManager.java:validateSafeModeExitRules(214)) - DataNodeSafeModeRule rule is successfully validated
2020-12-24 03:52:11,034 [EventQueue-NodeRegistrationContainerReportForDataNodeSafeModeRule] INFO  safemode.SCMSafeModeManager (SCMSafeModeManager.java:completePreCheck(242)) - All SCM safe mode pre check rules have passed
2020-12-24 03:52:11,043 [EventQueue-NodeRegistrationContainerReportForContainerSafeModeRule] INFO  safemode.SCMSafeModeManager (SCMSafeModeManager.java:validateSafeModeExitRules(214)) - ContainerSafeModeRule rule is successfully validated
2020-12-24 03:52:11,043 [EventQueue-PipelineReportForOneReplicaPipelineSafeModeRule] INFO  safemode.SCMSafeModeManager (SCMSafeModeManager.java:validateSafeModeExitRules(214)) - AtleastOneDatanodeReportedRule rule is successfully validated
2020-12-24 03:52:11,043 [RatisPipelineUtilsThread] INFO  pipeline.PipelineStateManager (PipelineStateManager.java:addPipeline(54)) - Created pipeline Pipeline[ Id: 8e121648-e2a5-46ef-b0c4-39fd0216b09f, Nodes: b22c4f2c-1caa-4579-b370-0e993976351f{ip: 172.17.0.2, host: 822d467d5ade, networkLocation: /default-rack, certSerialId: null, persistedOpState: IN_SERVICE, persistedOpStateExpiryEpochSec: 0}, Type:RATIS, Factor:ONE, State:ALLOCATED, leaderId:, CreationTimestamp2020-12-24T03:52:11.033Z]
2020-12-24 03:52:11,043 [RatisPipelineUtilsThread] WARN  pipeline.PipelinePlacementPolicy (PipelinePlacementPolicy.java:filterViableNodes(139)) - Pipeline creation failed due to no sufficient healthy datanodes. Required 3. Found 1.
2020-12-24 03:52:11,056 [Listener at 127.0.0.1/36349] INFO  ozone.MiniOzoneClusterImpl (MiniOzoneClusterImpl.java:lambda$waitForClusterToBeReady$0(178)) - Waiting for nodes to be ready. Got 1 of 6 DN Heartbeats.
2020-12-24 03:52:11,056 [Listener at 127.0.0.1/36349] INFO  ozone.MiniOzoneClusterImpl (MiniOzoneClusterImpl.java:lambda$waitForClusterToBeReady$0(181)) - Waiting for cluster to exit safe mode
2020-12-24 03:52:11,226 [IPC Server handler 2 on default port 44015] INFO  net.NetworkTopologyImpl (NetworkTopologyImpl.java:add(111)) - Added a new node: /default-rack/8d530254-7283-4827-a046-112d022b0049
2020-12-24 03:52:11,227 [IPC Server handler 2 on default port 44015] INFO  node.SCMNodeManager (SCMNodeManager.java:register(341)) - Registered Data node : 8d530254-7283-4827-a046-112d022b0049{ip: 172.17.0.2, host: 822d467d5ade, networkLocation: /default-rack, certSerialId: null, persistedOpState: IN_SERVICE, persistedOpStateExpiryEpochSec: 0}
2020-12-24 03:52:11,227 [EventQueue-NodeRegistrationContainerReportForDataNodeSafeModeRule] INFO  safemode.SCMSafeModeManager (SCMSafeModeManager.java:validateSafeModeExitRules(214)) - DataNodeSafeModeRule rule is successfully validated
2020-12-24 03:52:11,227 [EventQueue-PipelineReportForOneReplicaPipelineSafeModeRule] INFO  safemode.SCMSafeModeManager (SCMSafeModeManager.java:validateSafeModeExitRules(214)) - AtleastOneDatanodeReportedRule rule is successfully validated
2020-12-24 03:52:11,228 [EventQueue-NodeRegistrationContainerReportForContainerSafeModeRule] INFO  safemode.SCMSafeModeManager (SCMSafeModeManager.java:validateSafeModeExitRules(214)) - ContainerSafeModeRule rule is successfully validated
2020-12-24 03:52:11,229 [RatisPipelineUtilsThread] INFO  pipeline.RatisPipelineProvider (RatisPipelineProvider.java:lambda$create$0(161)) - Sending CreatePipelineCommand for pipeline:PipelineID=70d1ab10-9e37-41a5-b19c-7e9166872394 to datanode:8d530254-7283-4827-a046-112d022b0049
2020-12-24 03:52:11,229 [RatisPipelineUtilsThread] INFO  pipeline.PipelineStateManager (PipelineStateManager.java:addPipeline(54)) - Created pipeline Pipeline[ Id: 70d1ab10-9e37-41a5-b19c-7e9166872394, Nodes: 8d530254-7283-4827-a046-112d022b0049{ip: 172.17.0.2, host: 822d467d5ade, networkLocation: /default-rack, certSerialId: null, persistedOpState: IN_SERVICE, persistedOpStateExpiryEpochSec: 0}, Type:RATIS, Factor:ONE, State:ALLOCATED, leaderId:, CreationTimestamp2020-12-24T03:52:11.229Z]
2020-12-24 03:52:11,230 [RatisPipelineUtilsThread] WARN  pipeline.PipelinePlacementPolicy (PipelinePlacementPolicy.java:filterViableNodes(139)) - Pipeline creation failed due to no sufficient healthy datanodes. Required 3. Found 2.
2020-12-24 03:52:11,453 [IPC Server handler 3 on default port 44015] INFO  net.NetworkTopologyImpl (NetworkTopologyImpl.java:add(111)) - Added a new node: /default-rack/9439cf50-f8ac-47a3-be84-c5264c2c00f7
2020-12-24 03:52:11,453 [IPC Server handler 3 on default port 44015] INFO  node.SCMNodeManager (SCMNodeManager.java:register(341)) - Registered Data node : 9439cf50-f8ac-47a3-be84-c5264c2c00f7{ip: 172.17.0.2, host: 822d467d5ade, networkLocation: /default-rack, certSerialId: null, persistedOpState: IN_SERVICE, persistedOpStateExpiryEpochSec: 0}
2020-12-24 03:52:11,453 [RatisPipelineUtilsThread] INFO  pipeline.RatisPipelineProvider (RatisPipelineProvider.java:lambda$create$0(161)) - Sending CreatePipelineCommand for pipeline:PipelineID=6e0c99c5-0bcb-4a7e-93c9-c31f1be08c0b to datanode:9439cf50-f8ac-47a3-be84-c5264c2c00f7
2020-12-24 03:52:11,454 [EventQueue-PipelineReportForOneReplicaPipelineSafeModeRule] INFO  safemode.SCMSafeModeManager (SCMSafeModeManager.java:validateSafeModeExitRules(214)) - AtleastOneDatanodeReportedRule rule is successfully validated
2020-12-24 03:52:11,454 [EventQueue-NodeRegistrationContainerReportForContainerSafeModeRule] INFO  safemode.SCMSafeModeManager (SCMSafeModeManager.java:validateSafeModeExitRules(214)) - ContainerSafeModeRule rule is successfully validated
2020-12-24 03:52:11,454 [RatisPipelineUtilsThread] INFO  pipeline.PipelineStateManager (PipelineStateManager.java:addPipeline(54)) - Created pipeline Pipeline[ Id: 6e0c99c5-0bcb-4a7e-93c9-c31f1be08c0b, Nodes: 9439cf50-f8ac-47a3-be84-c5264c2c00f7{ip: 172.17.0.2, host: 822d467d5ade, networkLocation: /default-rack, certSerialId: null, persistedOpState: IN_SERVICE, persistedOpStateExpiryEpochSec: 0}, Type:RATIS, Factor:ONE, State:ALLOCATED, leaderId:, CreationTimestamp2020-12-24T03:52:11.453Z]
2020-12-24 03:52:11,454 [EventQueue-NodeRegistrationContainerReportForDataNodeSafeModeRule] INFO  safemode.SCMSafeModeManager (SCMSafeModeManager.java:validateSafeModeExitRules(214)) - DataNodeSafeModeRule rule is successfully validated
2020-12-24 03:52:11,455 [RatisPipelineUtilsThread] INFO  pipeline.RatisPipelineProvider (RatisPipelineProvider.java:lambda$create$0(161)) - Sending CreatePipelineCommand for pipeline:PipelineID=d214c819-bc47-4a5d-a03e-0142a39dcee7 to datanode:b22c4f2c-1caa-4579-b370-0e993976351f
2020-12-24 03:52:11,455 [RatisPipelineUtilsThread] INFO  pipeline.RatisPipelineProvider (RatisPipelineProvider.java:lambda$create$0(161)) - Sending CreatePipelineCommand for pipeline:PipelineID=d214c819-bc47-4a5d-a03e-0142a39dcee7 to datanode:8d530254-7283-4827-a046-112d022b0049
2020-12-24 03:52:11,455 [RatisPipelineUtilsThread] INFO  pipeline.RatisPipelineProvider (RatisPipelineProvider.java:lambda$create$0(161)) - Sending CreatePipelineCommand for pipeline:PipelineID=d214c819-bc47-4a5d-a03e-0142a39dcee7 to datanode:9439cf50-f8ac-47a3-be84-c5264c2c00f7
2020-12-24 03:52:11,455 [RatisPipelineUtilsThread] INFO  pipeline.PipelineStateManager (PipelineStateManager.java:addPipeline(54)) - Created pipeline Pipeline[ Id: d214c819-bc47-4a5d-a03e-0142a39dcee7, Nodes: b22c4f2c-1caa-4579-b370-0e993976351f{ip: 172.17.0.2, host: 822d467d5ade, networkLocation: /default-rack, certSerialId: null, persistedOpState: IN_SERVICE, persistedOpStateExpiryEpochSec: 0}8d530254-7283-4827-a046-112d022b0049{ip: 172.17.0.2, host: 822d467d5ade, networkLocation: /default-rack, certSerialId: null, persistedOpState: IN_SERVICE, persistedOpStateExpiryEpochSec: 0}9439cf50-f8ac-47a3-be84-c5264c2c00f7{ip: 172.17.0.2, host: 822d467d5ade, networkLocation: /default-rack, certSerialId: null, persistedOpState: IN_SERVICE, persistedOpStateExpiryEpochSec: 0}, Type:RATIS, Factor:THREE, State:ALLOCATED, leaderId:, CreationTimestamp2020-12-24T03:52:11.454Z]
2020-12-24 03:52:11,665 [IPC Server handler 4 on default port 44015] INFO  net.NetworkTopologyImpl (NetworkTopologyImpl.java:add(111)) - Added a new node: /default-rack/5e947d80-2832-4cc2-a4b3-abe531d5f2d2
2020-12-24 03:52:11,665 [IPC Server handler 4 on default port 44015] INFO  node.SCMNodeManager (SCMNodeManager.java:register(341)) - Registered Data node : 5e947d80-2832-4cc2-a4b3-abe531d5f2d2{ip: 172.17.0.2, host: 822d467d5ade, networkLocation: /default-rack, certSerialId: null, persistedOpState: IN_SERVICE, persistedOpStateExpiryEpochSec: 0}
2020-12-24 03:52:11,665 [EventQueue-NodeRegistrationContainerReportForDataNodeSafeModeRule] INFO  safemode.SCMSafeModeManager (SCMSafeModeManager.java:validateSafeModeExitRules(214)) - DataNodeSafeModeRule rule is successfully validated
2020-12-24 03:52:11,668 [EventQueue-PipelineReportForOneReplicaPipelineSafeModeRule] INFO  safemode.SCMSafeModeManager (SCMSafeModeManager.java:validateSafeModeExitRules(214)) - AtleastOneDatanodeReportedRule rule is successfully validated
2020-12-24 03:52:11,668 [EventQueue-NodeRegistrationContainerReportForContainerSafeModeRule] INFO  safemode.SCMSafeModeManager (SCMSafeModeManager.java:validateSafeModeExitRules(214)) - ContainerSafeModeRule rule is successfully validated
2020-12-24 03:52:11,669 [RatisPipelineUtilsThread] INFO  pipeline.RatisPipelineProvider (RatisPipelineProvider.java:lambda$create$0(161)) - Sending CreatePipelineCommand for pipeline:PipelineID=0b8d01b0-9d46-4811-b14e-84fa30717af9 to datanode:5e947d80-2832-4cc2-a4b3-abe531d5f2d2
2020-12-24 03:52:11,670 [RatisPipelineUtilsThread] INFO  pipeline.PipelineStateManager (PipelineStateManager.java:addPipeline(54)) - Created pipeline Pipeline[ Id: 0b8d01b0-9d46-4811-b14e-84fa30717af9, Nodes: 5e947d80-2832-4cc2-a4b3-abe531d5f2d2{ip: 172.17.0.2, host: 822d467d5ade, networkLocation: /default-rack, certSerialId: null, persistedOpState: IN_SERVICE, persistedOpStateExpiryEpochSec: 0}, Type:RATIS, Factor:ONE, State:ALLOCATED, leaderId:, CreationTimestamp2020-12-24T03:52:11.669Z]
2020-12-24 03:52:11,861 [IPC Server handler 0 on default port 44015] INFO  net.NetworkTopologyImpl (NetworkTopologyImpl.java:add(111)) - Added a new node: /default-rack/0dae4c23-fefe-4bb2-bc72-7e8960a30d82
2020-12-24 03:52:11,862 [IPC Server handler 0 on default port 44015] INFO  node.SCMNodeManager (SCMNodeManager.java:register(341)) - Registered Data node : 0dae4c23-fefe-4bb2-bc72-7e8960a30d82{ip: 172.17.0.2, host: 822d467d5ade, networkLocation: /default-rack, certSerialId: null, persistedOpState: IN_SERVICE, persistedOpStateExpiryEpochSec: 0}
2020-12-24 03:52:11,862 [EventQueue-PipelineReportForOneReplicaPipelineSafeModeRule] INFO  safemode.SCMSafeModeManager (SCMSafeModeManager.java:validateSafeModeExitRules(214)) - AtleastOneDatanodeReportedRule rule is successfully validated
2020-12-24 03:52:11,862 [EventQueue-NodeRegistrationContainerReportForDataNodeSafeModeRule] INFO  safemode.SCMSafeModeManager (SCMSafeModeManager.java:validateSafeModeExitRules(214)) - DataNodeSafeModeRule rule is successfully validated
2020-12-24 03:52:11,863 [EventQueue-NodeRegistrationContainerReportForContainerSafeModeRule] INFO  safemode.SCMSafeModeManager (SCMSafeModeManager.java:validateSafeModeExitRules(214)) - ContainerSafeModeRule rule is successfully validated
2020-12-24 03:52:11,862 [RatisPipelineUtilsThread] INFO  pipeline.RatisPipelineProvider (RatisPipelineProvider.java:lambda$create$0(161)) - Sending CreatePipelineCommand for pipeline:PipelineID=e786d081-ded2-47c4-b726-7ce41b631e74 to datanode:0dae4c23-fefe-4bb2-bc72-7e8960a30d82
2020-12-24 03:52:11,865 [RatisPipelineUtilsThread] INFO  pipeline.PipelineStateManager (PipelineStateManager.java:addPipeline(54)) - Created pipeline Pipeline[ Id: e786d081-ded2-47c4-b726-7ce41b631e74, Nodes: 0dae4c23-fefe-4bb2-bc72-7e8960a30d82{ip: 172.17.0.2, host: 822d467d5ade, networkLocation: /default-rack, certSerialId: null, persistedOpState: IN_SERVICE, persistedOpStateExpiryEpochSec: 0}, Type:RATIS, Factor:ONE, State:ALLOCATED, leaderId:, CreationTimestamp2020-12-24T03:52:11.862Z]
2020-12-24 03:52:12,057 [Listener at 127.0.0.1/36349] INFO  ozone.MiniOzoneClusterImpl (MiniOzoneClusterImpl.java:lambda$waitForClusterToBeReady$0(178)) - Waiting for nodes to be ready. Got 5 of 6 DN Heartbeats.
2020-12-24 03:52:12,057 [Listener at 127.0.0.1/36349] INFO  ozone.MiniOzoneClusterImpl (MiniOzoneClusterImpl.java:lambda$waitForClusterToBeReady$0(181)) - Waiting for cluster to exit safe mode
2020-12-24 03:52:12,060 [IPC Server handler 2 on default port 44015] INFO  net.NetworkTopologyImpl (NetworkTopologyImpl.java:add(111)) - Added a new node: /default-rack/d39cfd4e-a5ab-4099-ae66-25f36cfdb7e3
2020-12-24 03:52:12,060 [IPC Server handler 2 on default port 44015] INFO  node.SCMNodeManager (SCMNodeManager.java:register(341)) - Registered Data node : d39cfd4e-a5ab-4099-ae66-25f36cfdb7e3{ip: 172.17.0.2, host: 822d467d5ade, networkLocation: /default-rack, certSerialId: null, persistedOpState: IN_SERVICE, persistedOpStateExpiryEpochSec: 0}
2020-12-24 03:52:12,060 [EventQueue-PipelineReportForOneReplicaPipelineSafeModeRule] INFO  safemode.SCMSafeModeManager (SCMSafeModeManager.java:validateSafeModeExitRules(214)) - AtleastOneDatanodeReportedRule rule is successfully validated
2020-12-24 03:52:12,060 [EventQueue-NodeRegistrationContainerReportForDataNodeSafeModeRule] INFO  safemode.SCMSafeModeManager (SCMSafeModeManager.java:validateSafeModeExitRules(214)) - DataNodeSafeModeRule rule is successfully validated
2020-12-24 03:52:12,061 [EventQueue-NodeRegistrationContainerReportForContainerSafeModeRule] INFO  safemode.SCMSafeModeManager (SCMSafeModeManager.java:validateSafeModeExitRules(214)) - ContainerSafeModeRule rule is successfully validated
2020-12-24 03:52:12,061 [RatisPipelineUtilsThread] INFO  pipeline.RatisPipelineProvider (RatisPipelineProvider.java:lambda$create$0(161)) - Sending CreatePipelineCommand for pipeline:PipelineID=5d511d2b-bb19-4d80-91cc-4862dd35147e to datanode:d39cfd4e-a5ab-4099-ae66-25f36cfdb7e3
2020-12-24 03:52:12,062 [RatisPipelineUtilsThread] INFO  pipeline.PipelineStateManager (PipelineStateManager.java:addPipeline(54)) - Created pipeline Pipeline[ Id: 5d511d2b-bb19-4d80-91cc-4862dd35147e, Nodes: d39cfd4e-a5ab-4099-ae66-25f36cfdb7e3{ip: 172.17.0.2, host: 822d467d5ade, networkLocation: /default-rack, certSerialId: null, persistedOpState: IN_SERVICE, persistedOpStateExpiryEpochSec: 0}, Type:RATIS, Factor:ONE, State:ALLOCATED, leaderId:, CreationTimestamp2020-12-24T03:52:12.061Z]
2020-12-24 03:52:12,062 [RatisPipelineUtilsThread] INFO  pipeline.RatisPipelineProvider (RatisPipelineProvider.java:lambda$create$0(161)) - Sending CreatePipelineCommand for pipeline:PipelineID=ed412735-11f3-4c1f-aba5-862d180445f9 to datanode:5e947d80-2832-4cc2-a4b3-abe531d5f2d2
2020-12-24 03:52:12,063 [RatisPipelineUtilsThread] INFO  pipeline.RatisPipelineProvider (RatisPipelineProvider.java:lambda$create$0(161)) - Sending CreatePipelineCommand for pipeline:PipelineID=ed412735-11f3-4c1f-aba5-862d180445f9 to datanode:0dae4c23-fefe-4bb2-bc72-7e8960a30d82
2020-12-24 03:52:12,063 [RatisPipelineUtilsThread] INFO  pipeline.RatisPipelineProvider (RatisPipelineProvider.java:lambda$create$0(161)) - Sending CreatePipelineCommand for pipeline:PipelineID=ed412735-11f3-4c1f-aba5-862d180445f9 to datanode:d39cfd4e-a5ab-4099-ae66-25f36cfdb7e3
2020-12-24 03:52:12,064 [RatisPipelineUtilsThread] INFO  pipeline.PipelineStateManager (PipelineStateManager.java:addPipeline(54)) - Created pipeline Pipeline[ Id: ed412735-11f3-4c1f-aba5-862d180445f9, Nodes: 5e947d80-2832-4cc2-a4b3-abe531d5f2d2{ip: 172.17.0.2, host: 822d467d5ade, networkLocation: /default-rack, certSerialId: null, persistedOpState: IN_SERVICE, persistedOpStateExpiryEpochSec: 0}0dae4c23-fefe-4bb2-bc72-7e8960a30d82{ip: 172.17.0.2, host: 822d467d5ade, networkLocation: /default-rack, certSerialId: null, persistedOpState: IN_SERVICE, persistedOpStateExpiryEpochSec: 0}d39cfd4e-a5ab-4099-ae66-25f36cfdb7e3{ip: 172.17.0.2, host: 822d467d5ade, networkLocation: /default-rack, certSerialId: null, persistedOpState: IN_SERVICE, persistedOpStateExpiryEpochSec: 0}, Type:RATIS, Factor:THREE, State:ALLOCATED, leaderId:, CreationTimestamp2020-12-24T03:52:12.062Z]
2020-12-24 03:52:13,029 [EventQueue-PipelineReportForOneReplicaPipelineSafeModeRule] INFO  safemode.SCMSafeModeManager (SCMSafeModeManager.java:validateSafeModeExitRules(214)) - AtleastOneDatanodeReportedRule rule is successfully validated
2020-12-24 03:52:13,057 [Listener at 127.0.0.1/36349] INFO  ozone.MiniOzoneClusterImpl (MiniOzoneClusterImpl.java:lambda$waitForClusterToBeReady$0(178)) - Nodes are ready. Got 6 of 6 DN Heartbeats.
2020-12-24 03:52:13,059 [Listener at 127.0.0.1/36349] INFO  ozone.MiniOzoneClusterImpl (MiniOzoneClusterImpl.java:lambda$waitForClusterToBeReady$0(181)) - Waiting for cluster to exit safe mode
2020-12-24 03:52:13,228 [EventQueue-PipelineReportForOneReplicaPipelineSafeModeRule] INFO  safemode.SCMSafeModeManager (SCMSafeModeManager.java:validateSafeModeExitRules(214)) - AtleastOneDatanodeReportedRule rule is successfully validated
2020-12-24 03:52:13,453 [EventQueue-PipelineReportForOneReplicaPipelineSafeModeRule] INFO  safemode.SCMSafeModeManager (SCMSafeModeManager.java:validateSafeModeExitRules(214)) - AtleastOneDatanodeReportedRule rule is successfully validated
2020-12-24 03:52:13,665 [EventQueue-PipelineReportForOneReplicaPipelineSafeModeRule] INFO  safemode.SCMSafeModeManager (SCMSafeModeManager.java:validateSafeModeExitRules(214)) - AtleastOneDatanodeReportedRule rule is successfully validated
2020-12-24 03:52:13,862 [EventQueue-PipelineReportForOneReplicaPipelineSafeModeRule] INFO  safemode.SCMSafeModeManager (SCMSafeModeManager.java:validateSafeModeExitRules(214)) - AtleastOneDatanodeReportedRule rule is successfully validated
2020-12-24 03:52:14,029 [Command processor thread] INFO  server.RaftServer (RaftServerProxy.java:addNew(93)) - b22c4f2c-1caa-4579-b370-0e993976351f: addNew group-39FD0216B09F:[b22c4f2c-1caa-4579-b370-0e993976351f|rpc:172.17.0.2:33975] returns group-39FD0216B09F:java.util.concurrent.CompletableFuture@4ad78ee[Not completed]
2020-12-24 03:52:14,030 [EventQueue-PipelineReportForOneReplicaPipelineSafeModeRule] INFO  safemode.SCMSafeModeManager (SCMSafeModeManager.java:validateSafeModeExitRules(214)) - AtleastOneDatanodeReportedRule rule is successfully validated
2020-12-24 03:52:14,031 [pool-237-thread-1] INFO  server.RaftServer$Division (RaftServerImpl.java:<init>(173)) - b22c4f2c-1caa-4579-b370-0e993976351f: new RaftServerImpl for group-39FD0216B09F:[b22c4f2c-1caa-4579-b370-0e993976351f|rpc:172.17.0.2:33975] with ContainerStateMachine:uninitialized
2020-12-24 03:52:14,032 [pool-237-thread-1] INFO  server.RaftServerConfigKeys (ConfUtils.java:logGet(44)) - raft.server.rpc.timeout.min = 5s (custom)
2020-12-24 03:52:14,032 [pool-237-thread-1] INFO  server.RaftServerConfigKeys (ConfUtils.java:logGet(44)) - raft.server.rpc.timeout.max = 5200ms (custom)
2020-12-24 03:52:14,032 [pool-237-thread-1] INFO  server.RaftServerConfigKeys (ConfUtils.java:logGet(44)) - raft.server.rpc.sleep.time = 25ms (default)
2020-12-24 03:52:14,033 [pool-237-thread-1] INFO  server.RaftServerConfigKeys (ConfUtils.java:logGet(44)) - raft.server.rpc.slowness.timeout = 300s (custom)
2020-12-24 03:52:14,033 [pool-237-thread-1] INFO  server.RaftServerConfigKeys (ConfUtils.java:logGet(44)) - raft.server.leaderelection.leader.step-down.wait-time = 10s (default)
2020-12-24 03:52:14,033 [pool-237-thread-1] INFO  server.RaftServerConfigKeys (ConfUtils.java:logGet(44)) - raft.server.sleep.deviation.threshold = 300ms (default)
2020-12-24 03:52:14,033 [pool-237-thread-1] INFO  server.RaftServerConfigKeys (ConfUtils.java:logGet(44)) - raft.server.log.appender.install.snapshot.enabled = false (custom)
2020-12-24 03:52:14,033 [pool-237-thread-1] INFO  server.RaftServer$Division (ServerState.java:<init>(104)) - b22c4f2c-1caa-4579-b370-0e993976351f@group-39FD0216B09F: ConfigurationManager, init=-1: [b22c4f2c-1caa-4579-b370-0e993976351f|rpc:172.17.0.2:33975], old=null, confs=<EMPTY_MAP>
2020-12-24 03:52:14,033 [pool-237-thread-1] INFO  server.RaftServerConfigKeys (ConfUtils.java:logGet(44)) - raft.server.storage.dir = [/github/workspace/mnt/ozone/hadoop-ozone/integration-test/target/test-dir/MiniOzoneClusterImpl-9e14565b-f938-48ad-b0e9-52a6969cb554/datanode-0/data/ratis] (custom)
2020-12-24 03:52:14,034 [pool-237-thread-1] INFO  server.RaftServerConfigKeys (ConfUtils.java:logGet(44)) - raft.server.log.corruption.policy = EXCEPTION (default)
2020-12-24 03:52:14,034 [pool-237-thread-1] INFO  storage.RaftStorageDirectory (RaftStorageDirectory.java:analyzeStorage(260)) - The storage directory /github/workspace/mnt/ozone/hadoop-ozone/integration-test/target/test-dir/MiniOzoneClusterImpl-9e14565b-f938-48ad-b0e9-52a6969cb554/datanode-0/data/ratis/8e121648-e2a5-46ef-b0c4-39fd0216b09f does not exist. Creating ...
2020-12-24 03:52:14,035 [pool-237-thread-1] INFO  storage.RaftStorageDirectory (RaftStorageDirectory.java:tryLock(342)) - Lock on /github/workspace/mnt/ozone/hadoop-ozone/integration-test/target/test-dir/MiniOzoneClusterImpl-9e14565b-f938-48ad-b0e9-52a6969cb554/datanode-0/data/ratis/8e121648-e2a5-46ef-b0c4-39fd0216b09f/in_use.lock acquired by nodename 22406@822d467d5ade
2020-12-24 03:52:14,037 [pool-237-thread-1] INFO  storage.RaftStorage (RaftStorage.java:format(89)) - Storage directory /github/workspace/mnt/ozone/hadoop-ozone/integration-test/target/test-dir/MiniOzoneClusterImpl-9e14565b-f938-48ad-b0e9-52a6969cb554/datanode-0/data/ratis/8e121648-e2a5-46ef-b0c4-39fd0216b09f has been successfully formatted.
2020-12-24 03:52:14,038 [pool-237-thread-1] INFO  ratis.ContainerStateMachine (ContainerStateMachine.java:loadSnapshot(223)) - group-39FD0216B09F: The snapshot info is null. Setting the last applied indexto:(t:0, i:~)
2020-12-24 03:52:14,038 [pool-237-thread-1] ERROR storage.RaftStorage (RaftStorage.java:readRaftConfiguration(152)) - Failed reading configuration from file:/github/workspace/mnt/ozone/hadoop-ozone/integration-test/target/test-dir/MiniOzoneClusterImpl-9e14565b-f938-48ad-b0e9-52a6969cb554/datanode-0/data/ratis/8e121648-e2a5-46ef-b0c4-39fd0216b09f/current/raft-meta.conf
java.io.FileNotFoundException: /github/workspace/mnt/ozone/hadoop-ozone/integration-test/target/test-dir/MiniOzoneClusterImpl-9e14565b-f938-48ad-b0e9-52a6969cb554/datanode-0/data/ratis/8e121648-e2a5-46ef-b0c4-39fd0216b09f/current/raft-meta.conf (No such file or directory)
	at java.io.FileInputStream.open0(Native Method)
	at java.io.FileInputStream.open(FileInputStream.java:195)
	at java.io.FileInputStream.<init>(FileInputStream.java:138)
	at org.apache.ratis.server.storage.RaftStorage.readRaftConfiguration(RaftStorage.java:148)
	at org.apache.ratis.server.impl.ServerState.initStatemachine(ServerState.java:167)
	at org.apache.ratis.server.impl.ServerState.<init>(ServerState.java:112)
	at org.apache.ratis.server.impl.RaftServerImpl.<init>(RaftServerImpl.java:186)
	at org.apache.ratis.server.impl.RaftServerProxy.lambda$newRaftServerImpl$4(RaftServerProxy.java:264)
	at java.util.concurrent.CompletableFuture$AsyncSupply.run(CompletableFuture.java:1604)
	at java.util.concurrent.ThreadPoolExecutor.runWorker(ThreadPoolExecutor.java:1149)
	at java.util.concurrent.ThreadPoolExecutor$Worker.run(ThreadPoolExecutor.java:624)
	at java.lang.Thread.run(Thread.java:748)
2020-12-24 03:52:14,038 [pool-237-thread-1] INFO  server.RaftServerConfigKeys (ConfUtils.java:logGet(44)) - raft.server.notification.no-leader.timeout = 300s (custom)
2020-12-24 03:52:14,039 [pool-237-thread-1] INFO  server.RaftServerConfigKeys (ConfUtils.java:logGet(44)) - raft.server.log.use.memory = false (default)
2020-12-24 03:52:14,039 [EventQueue-PipelineReportForOneReplicaPipelineSafeModeRule] INFO  safemode.SCMSafeModeManager (SCMSafeModeManager.java:validateSafeModeExitRules(214)) - AtleastOneDatanodeReportedRule rule is successfully validated
2020-12-24 03:52:14,039 [EventQueue-PipelineReportForPipelineReportHandler] INFO  pipeline.PipelineStateManager (PipelineStateManager.java:openPipeline(132)) - Pipeline Pipeline[ Id: 8e121648-e2a5-46ef-b0c4-39fd0216b09f, Nodes: b22c4f2c-1caa-4579-b370-0e993976351f{ip: 172.17.0.2, host: 822d467d5ade, networkLocation: /default-rack, certSerialId: null, persistedOpState: IN_SERVICE, persistedOpStateExpiryEpochSec: 0}, Type:RATIS, Factor:ONE, State:ALLOCATED, leaderId:b22c4f2c-1caa-4579-b370-0e993976351f, CreationTimestamp2020-12-24T03:52:11.033Z] moved to OPEN state
2020-12-24 03:52:14,039 [pool-237-thread-1] INFO  server.RaftServerConfigKeys (ConfUtils.java:logGet(44)) - raft.server.log.purge.gap = 1000000 (custom)
2020-12-24 03:52:14,040 [pool-237-thread-1] INFO  metrics.RatisMetrics (RatisMetrics.java:lambda$create$0(36)) - Creating Metrics Registry : ratis.log_worker.b22c4f2c-1caa-4579-b370-0e993976351f@group-39FD0216B09F
2020-12-24 03:52:14,043 [pool-237-thread-1] INFO  server.RaftServerConfigKeys (ConfUtils.java:logGet(44)) - raft.server.log.appender.buffer.byte-limit = 33554432 (custom)
2020-12-24 03:52:14,043 [pool-237-thread-1] INFO  server.RaftServerConfigKeys (ConfUtils.java:logGet(44)) - raft.server.log.segment.size.max = 1048576 (custom)
2020-12-24 03:52:14,044 [pool-237-thread-1] INFO  server.RaftServerConfigKeys (ConfUtils.java:logGet(44)) - raft.server.log.segment.cache.num.max = 2 (custom)
2020-12-24 03:52:14,044 [pool-237-thread-1] INFO  server.RaftServerConfigKeys (ConfUtils.java:logGet(44)) - raft.server.log.segment.cache.size.max = 200MB (=209715200) (default)
2020-12-24 03:52:14,044 [pool-237-thread-1] INFO  segmented.SegmentedRaftLogWorker (SegmentedRaftLogWorker.java:<init>(181)) - new b22c4f2c-1caa-4579-b370-0e993976351f@group-39FD0216B09F-SegmentedRaftLogWorker for RaftStorage:Storage Directory /github/workspace/mnt/ozone/hadoop-ozone/integration-test/target/test-dir/MiniOzoneClusterImpl-9e14565b-f938-48ad-b0e9-52a6969cb554/datanode-0/data/ratis/8e121648-e2a5-46ef-b0c4-39fd0216b09f
2020-12-24 03:52:14,044 [pool-237-thread-1] INFO  server.RaftServerConfigKeys (ConfUtils.java:logGet(44)) - raft.server.log.queue.byte-limit = 2147483647 (custom)
2020-12-24 03:52:14,044 [pool-237-thread-1] INFO  server.RaftServerConfigKeys (ConfUtils.java:logGet(44)) - raft.server.log.queue.element-limit = 1024 (custom)
2020-12-24 03:52:14,044 [pool-237-thread-1] INFO  server.RaftServerConfigKeys (ConfUtils.java:logGet(44)) - raft.server.log.segment.size.max = 1048576 (custom)
2020-12-24 03:52:14,044 [pool-237-thread-1] INFO  server.RaftServerConfigKeys (ConfUtils.java:logGet(44)) - raft.server.log.preallocated.size = 16384 (custom)
2020-12-24 03:52:14,044 [pool-237-thread-1] INFO  server.RaftServerConfigKeys (ConfUtils.java:logGet(44)) - raft.server.log.force.sync.num = 128 (default)
2020-12-24 03:52:14,044 [pool-237-thread-1] INFO  server.RaftServerConfigKeys (ConfUtils.java:logGet(44)) - raft.server.log.statemachine.data.sync = true (default)
2020-12-24 03:52:14,044 [pool-237-thread-1] INFO  server.RaftServerConfigKeys (ConfUtils.java:logGet(44)) - raft.server.log.statemachine.data.sync.timeout = 10s (default)
2020-12-24 03:52:14,044 [pool-237-thread-1] INFO  server.RaftServerConfigKeys (ConfUtils.java:logGet(44)) - raft.server.log.statemachine.data.sync.timeout.retry = -1 (default)
2020-12-24 03:52:14,045 [pool-237-thread-1] INFO  server.RaftServerConfigKeys (ConfUtils.java:logGet(44)) - raft.server.log.write.buffer.size = 1048576 (custom)
2020-12-24 03:52:14,045 [pool-237-thread-1] INFO  server.RaftServerConfigKeys (ConfUtils.java:logGet(44)) - raft.server.log.statemachine.data.caching.enabled = true (custom)
2020-12-24 03:52:14,046 [pool-237-thread-1] INFO  segmented.SegmentedRaftLogWorker (SegmentedRaftLogWorker.java:lambda$new$0(132)) - b22c4f2c-1caa-4579-b370-0e993976351f@group-39FD0216B09F-SegmentedRaftLogWorker: flushIndex: setUnconditionally 0 -> -1
2020-12-24 03:52:14,046 [pool-237-thread-1] INFO  segmented.SegmentedRaftLogWorker (SegmentedRaftLogWorker.java:lambda$new$0(132)) - b22c4f2c-1caa-4579-b370-0e993976351f@group-39FD0216B09F-SegmentedRaftLogWorker: safeCacheEvictIndex: setUnconditionally 0 -> -1
2020-12-24 03:52:14,046 [EventQueue-OpenPipelineForHealthyPipelineSafeModeRule] INFO  safemode.SCMSafeModeManager (HealthyPipelineSafeModeRule.java:process(128)) - SCM in safe mode. Healthy pipelines reported count is 0, required healthy pipeline reported count is 1
2020-12-24 03:52:14,055 [pool-237-thread-1] INFO  server.RaftServerConfigKeys (ConfUtils.java:logGet(44)) - raft.server.snapshot.auto.trigger.enabled = true (custom)
2020-12-24 03:52:14,055 [pool-237-thread-1] INFO  server.RaftServerConfigKeys (ConfUtils.java:logGet(44)) - raft.server.snapshot.auto.trigger.threshold = 10000 (custom)
2020-12-24 03:52:14,055 [pool-237-thread-1] INFO  server.RaftServerConfigKeys (ConfUtils.java:logGet(44)) - raft.server.snapshot.retention.file.num = 5 (custom)
2020-12-24 03:52:14,055 [pool-237-thread-1] INFO  server.RaftServerConfigKeys (ConfUtils.java:logGet(44)) - raft.server.log.purge.upto.snapshot.index = false (default)
2020-12-24 03:52:14,055 [pool-237-thread-1] INFO  server.RaftServerConfigKeys (ConfUtils.java:logGet(44)) - raft.server.retrycache.expirytime = 600000ms (custom)
2020-12-24 03:52:14,055 [pool-237-thread-1] INFO  server.RaftServerConfigKeys (ConfUtils.java:logGet(44)) - raft.server.retrycache.statistics.expirytime = 100?s (default)
2020-12-24 03:52:14,055 [pool-237-thread-1] INFO  metrics.RatisMetrics (RatisMetrics.java:lambda$create$0(36)) - Creating Metrics Registry : ratis.leader_election.b22c4f2c-1caa-4579-b370-0e993976351f@group-39FD0216B09F
2020-12-24 03:52:14,056 [pool-237-thread-1] INFO  metrics.RatisMetrics (RatisMetrics.java:lambda$create$0(36)) - Creating Metrics Registry : ratis.server.b22c4f2c-1caa-4579-b370-0e993976351f@group-39FD0216B09F
2020-12-24 03:52:14,057 [pool-237-thread-1] INFO  server.RaftServer$Division (RaftServerImpl.java:start(286)) - b22c4f2c-1caa-4579-b370-0e993976351f@group-39FD0216B09F: start as a follower, conf=-1: [b22c4f2c-1caa-4579-b370-0e993976351f|rpc:172.17.0.2:33975], old=null
2020-12-24 03:52:14,057 [pool-237-thread-1] INFO  server.RaftServer$Division (RaftServerImpl.java:setRole(275)) - b22c4f2c-1caa-4579-b370-0e993976351f@group-39FD0216B09F: changes role from      null to FOLLOWER at term 0 for startAsFollower
2020-12-24 03:52:14,057 [pool-237-thread-1] INFO  impl.RoleInfo (RoleInfo.java:updateAndGet(130)) - b22c4f2c-1caa-4579-b370-0e993976351f: start b22c4f2c-1caa-4579-b370-0e993976351f@group-39FD0216B09F-FollowerState
2020-12-24 03:52:14,057 [pool-237-thread-1] INFO  util.JmxRegister (JmxRegister.java:tryRegister(44)) - Successfully registered JMX Bean with object name Ratis:service=RaftServer,group=group-39FD0216B09F,id=b22c4f2c-1caa-4579-b370-0e993976351f
2020-12-24 03:52:14,057 [pool-237-thread-1] INFO  metrics.RatisMetrics (RatisMetrics.java:lambda$create$0(36)) - Creating Metrics Registry : ratis.state_machine.b22c4f2c-1caa-4579-b370-0e993976351f@group-39FD0216B09F
2020-12-24 03:52:14,058 [Command processor thread] INFO  commandhandler.CreatePipelineCommandHandler (CreatePipelineCommandHandler.java:handle(106)) - Created Pipeline RATIS ONE PipelineID=8e121648-e2a5-46ef-b0c4-39fd0216b09f.
2020-12-24 03:52:14,058 [Command processor thread] INFO  server.RaftServer (RaftServerProxy.java:addNew(93)) - b22c4f2c-1caa-4579-b370-0e993976351f: addNew group-0142A39DCEE7:[9439cf50-f8ac-47a3-be84-c5264c2c00f7|rpc:172.17.0.2:43545, 8d530254-7283-4827-a046-112d022b0049|rpc:172.17.0.2:39581, b22c4f2c-1caa-4579-b370-0e993976351f|rpc:172.17.0.2:33975] returns group-0142A39DCEE7:java.util.concurrent.CompletableFuture@92eca3[Not completed]
2020-12-24 03:52:14,059 [pool-237-thread-1] INFO  server.RaftServer$Division (RaftServerImpl.java:<init>(173)) - b22c4f2c-1caa-4579-b370-0e993976351f: new RaftServerImpl for group-0142A39DCEE7:[9439cf50-f8ac-47a3-be84-c5264c2c00f7|rpc:172.17.0.2:43545, 8d530254-7283-4827-a046-112d022b0049|rpc:172.17.0.2:39581, b22c4f2c-1caa-4579-b370-0e993976351f|rpc:172.17.0.2:33975] with ContainerStateMachine:uninitialized
2020-12-24 03:52:14,059 [pool-237-thread-1] INFO  server.RaftServerConfigKeys (ConfUtils.java:logGet(44)) - raft.server.rpc.timeout.min = 5s (custom)
2020-12-24 03:52:14,059 [pool-237-thread-1] INFO  server.RaftServerConfigKeys (ConfUtils.java:logGet(44)) - raft.server.rpc.timeout.max = 5200ms (custom)
2020-12-24 03:52:14,059 [pool-237-thread-1] INFO  server.RaftServerConfigKeys (ConfUtils.java:logGet(44)) - raft.server.rpc.sleep.time = 25ms (default)
2020-12-24 03:52:14,059 [pool-237-thread-1] INFO  server.RaftServerConfigKeys (ConfUtils.java:logGet(44)) - raft.server.rpc.slowness.timeout = 300s (custom)
2020-12-24 03:52:14,059 [pool-237-thread-1] INFO  server.RaftServerConfigKeys (ConfUtils.java:logGet(44)) - raft.server.leaderelection.leader.step-down.wait-time = 10s (default)
2020-12-24 03:52:14,059 [pool-237-thread-1] INFO  server.RaftServerConfigKeys (ConfUtils.java:logGet(44)) - raft.server.sleep.deviation.threshold = 300ms (default)
2020-12-24 03:52:14,060 [pool-237-thread-1] INFO  server.RaftServerConfigKeys (ConfUtils.java:logGet(44)) - raft.server.log.appender.install.snapshot.enabled = false (custom)
2020-12-24 03:52:14,060 [pool-237-thread-1] INFO  server.RaftServer$Division (ServerState.java:<init>(104)) - b22c4f2c-1caa-4579-b370-0e993976351f@group-0142A39DCEE7: ConfigurationManager, init=-1: [9439cf50-f8ac-47a3-be84-c5264c2c00f7|rpc:172.17.0.2:43545, 8d530254-7283-4827-a046-112d022b0049|rpc:172.17.0.2:39581, b22c4f2c-1caa-4579-b370-0e993976351f|rpc:172.17.0.2:33975], old=null, confs=<EMPTY_MAP>
2020-12-24 03:52:14,060 [pool-237-thread-1] INFO  server.RaftServerConfigKeys (ConfUtils.java:logGet(44)) - raft.server.storage.dir = [/github/workspace/mnt/ozone/hadoop-ozone/integration-test/target/test-dir/MiniOzoneClusterImpl-9e14565b-f938-48ad-b0e9-52a6969cb554/datanode-0/data/ratis] (custom)
2020-12-24 03:52:14,060 [pool-237-thread-1] INFO  server.RaftServerConfigKeys (ConfUtils.java:logGet(44)) - raft.server.log.corruption.policy = EXCEPTION (default)
2020-12-24 03:52:14,060 [pool-237-thread-1] INFO  storage.RaftStorageDirectory (RaftStorageDirectory.java:analyzeStorage(260)) - The storage directory /github/workspace/mnt/ozone/hadoop-ozone/integration-test/target/test-dir/MiniOzoneClusterImpl-9e14565b-f938-48ad-b0e9-52a6969cb554/datanode-0/data/ratis/d214c819-bc47-4a5d-a03e-0142a39dcee7 does not exist. Creating ...
2020-12-24 03:52:14,060 [Listener at 127.0.0.1/36349] INFO  ozone.MiniOzoneClusterImpl (MiniOzoneClusterImpl.java:lambda$waitForClusterToBeReady$0(178)) - Nodes are ready. Got 6 of 6 DN Heartbeats.
2020-12-24 03:52:14,061 [Listener at 127.0.0.1/36349] INFO  ozone.MiniOzoneClusterImpl (MiniOzoneClusterImpl.java:lambda$waitForClusterToBeReady$0(181)) - Waiting for cluster to exit safe mode
2020-12-24 03:52:14,062 [EventQueue-PipelineReportForOneReplicaPipelineSafeModeRule] INFO  safemode.SCMSafeModeManager (SCMSafeModeManager.java:validateSafeModeExitRules(214)) - AtleastOneDatanodeReportedRule rule is successfully validated
2020-12-24 03:52:14,065 [pool-237-thread-1] INFO  storage.RaftStorageDirectory (RaftStorageDirectory.java:tryLock(342)) - Lock on /github/workspace/mnt/ozone/hadoop-ozone/integration-test/target/test-dir/MiniOzoneClusterImpl-9e14565b-f938-48ad-b0e9-52a6969cb554/datanode-0/data/ratis/d214c819-bc47-4a5d-a03e-0142a39dcee7/in_use.lock acquired by nodename 22406@822d467d5ade
2020-12-24 03:52:14,066 [pool-237-thread-1] INFO  storage.RaftStorage (RaftStorage.java:format(89)) - Storage directory /github/workspace/mnt/ozone/hadoop-ozone/integration-test/target/test-dir/MiniOzoneClusterImpl-9e14565b-f938-48ad-b0e9-52a6969cb554/datanode-0/data/ratis/d214c819-bc47-4a5d-a03e-0142a39dcee7 has been successfully formatted.
2020-12-24 03:52:14,067 [pool-237-thread-1] INFO  ratis.ContainerStateMachine (ContainerStateMachine.java:loadSnapshot(223)) - group-0142A39DCEE7: The snapshot info is null. Setting the last applied indexto:(t:0, i:~)
2020-12-24 03:52:14,067 [pool-237-thread-1] ERROR storage.RaftStorage (RaftStorage.java:readRaftConfiguration(152)) - Failed reading configuration from file:/github/workspace/mnt/ozone/hadoop-ozone/integration-test/target/test-dir/MiniOzoneClusterImpl-9e14565b-f938-48ad-b0e9-52a6969cb554/datanode-0/data/ratis/d214c819-bc47-4a5d-a03e-0142a39dcee7/current/raft-meta.conf
java.io.FileNotFoundException: /github/workspace/mnt/ozone/hadoop-ozone/integration-test/target/test-dir/MiniOzoneClusterImpl-9e14565b-f938-48ad-b0e9-52a6969cb554/datanode-0/data/ratis/d214c819-bc47-4a5d-a03e-0142a39dcee7/current/raft-meta.conf (No such file or directory)
	at java.io.FileInputStream.open0(Native Method)
	at java.io.FileInputStream.open(FileInputStream.java:195)
	at java.io.FileInputStream.<init>(FileInputStream.java:138)
	at org.apache.ratis.server.storage.RaftStorage.readRaftConfiguration(RaftStorage.java:148)
	at org.apache.ratis.server.impl.ServerState.initStatemachine(ServerState.java:167)
	at org.apache.ratis.server.impl.ServerState.<init>(ServerState.java:112)
	at org.apache.ratis.server.impl.RaftServerImpl.<init>(RaftServerImpl.java:186)
	at org.apache.ratis.server.impl.RaftServerProxy.lambda$newRaftServerImpl$4(RaftServerProxy.java:264)
	at java.util.concurrent.CompletableFuture$AsyncSupply.run(CompletableFuture.java:1604)
	at java.util.concurrent.ThreadPoolExecutor.runWorker(ThreadPoolExecutor.java:1149)
	at java.util.concurrent.ThreadPoolExecutor$Worker.run(ThreadPoolExecutor.java:624)
	at java.lang.Thread.run(Thread.java:748)
2020-12-24 03:52:14,067 [pool-237-thread-1] INFO  server.RaftServerConfigKeys (ConfUtils.java:logGet(44)) - raft.server.notification.no-leader.timeout = 300s (custom)
2020-12-24 03:52:14,067 [pool-237-thread-1] INFO  server.RaftServerConfigKeys (ConfUtils.java:logGet(44)) - raft.server.log.use.memory = false (default)
2020-12-24 03:52:14,067 [EventQueue-OpenPipelineForHealthyPipelineSafeModeRule] INFO  safemode.SCMSafeModeManager (HealthyPipelineSafeModeRule.java:process(128)) - SCM in safe mode. Healthy pipelines reported count is 0, required healthy pipeline reported count is 1
2020-12-24 03:52:14,068 [pool-237-thread-1] INFO  server.RaftServerConfigKeys (ConfUtils.java:logGet(44)) - raft.server.log.purge.gap = 1000000 (custom)
2020-12-24 03:52:14,068 [pool-237-thread-1] INFO  metrics.RatisMetrics (RatisMetrics.java:lambda$create$0(36)) - Creating Metrics Registry : ratis.log_worker.b22c4f2c-1caa-4579-b370-0e993976351f@group-0142A39DCEE7
2020-12-24 03:52:14,067 [EventQueue-PipelineReportForOneReplicaPipelineSafeModeRule] INFO  safemode.SCMSafeModeManager (SCMSafeModeManager.java:validateSafeModeExitRules(214)) - AtleastOneDatanodeReportedRule rule is successfully validated
2020-12-24 03:52:14,068 [pool-237-thread-1] INFO  server.RaftServerConfigKeys (ConfUtils.java:logGet(44)) - raft.server.log.appender.buffer.byte-limit = 33554432 (custom)
2020-12-24 03:52:14,068 [pool-237-thread-1] INFO  server.RaftServerConfigKeys (ConfUtils.java:logGet(44)) - raft.server.log.segment.size.max = 1048576 (custom)
2020-12-24 03:52:14,069 [pool-237-thread-1] INFO  server.RaftServerConfigKeys (ConfUtils.java:logGet(44)) - raft.server.log.segment.cache.num.max = 2 (custom)
2020-12-24 03:52:14,069 [pool-237-thread-1] INFO  server.RaftServerConfigKeys (ConfUtils.java:logGet(44)) - raft.server.log.segment.cache.size.max = 200MB (=209715200) (default)
2020-12-24 03:52:14,069 [pool-237-thread-1] INFO  segmented.SegmentedRaftLogWorker (SegmentedRaftLogWorker.java:<init>(181)) - new b22c4f2c-1caa-4579-b370-0e993976351f@group-0142A39DCEE7-SegmentedRaftLogWorker for RaftStorage:Storage Directory /github/workspace/mnt/ozone/hadoop-ozone/integration-test/target/test-dir/MiniOzoneClusterImpl-9e14565b-f938-48ad-b0e9-52a6969cb554/datanode-0/data/ratis/d214c819-bc47-4a5d-a03e-0142a39dcee7
2020-12-24 03:52:14,069 [pool-237-thread-1] INFO  server.RaftServerConfigKeys (ConfUtils.java:logGet(44)) - raft.server.log.queue.byte-limit = 2147483647 (custom)
2020-12-24 03:52:14,069 [pool-237-thread-1] INFO  server.RaftServerConfigKeys (ConfUtils.java:logGet(44)) - raft.server.log.queue.element-limit = 1024 (custom)
2020-12-24 03:52:14,069 [pool-237-thread-1] INFO  server.RaftServerConfigKeys (ConfUtils.java:logGet(44)) - raft.server.log.segment.size.max = 1048576 (custom)
2020-12-24 03:52:14,069 [pool-237-thread-1] INFO  server.RaftServerConfigKeys (ConfUtils.java:logGet(44)) - raft.server.log.preallocated.size = 16384 (custom)
2020-12-24 03:52:14,069 [pool-237-thread-1] INFO  server.RaftServerConfigKeys (ConfUtils.java:logGet(44)) - raft.server.log.force.sync.num = 128 (default)
2020-12-24 03:52:14,069 [pool-237-thread-1] INFO  server.RaftServerConfigKeys (ConfUtils.java:logGet(44)) - raft.server.log.statemachine.data.sync = true (default)
2020-12-24 03:52:14,069 [pool-237-thread-1] INFO  server.RaftServerConfigKeys (ConfUtils.java:logGet(44)) - raft.server.log.statemachine.data.sync.timeout = 10s (default)
2020-12-24 03:52:14,069 [pool-237-thread-1] INFO  server.RaftServerConfigKeys (ConfUtils.java:logGet(44)) - raft.server.log.statemachine.data.sync.timeout.retry = -1 (default)
2020-12-24 03:52:14,070 [pool-237-thread-1] INFO  server.RaftServerConfigKeys (ConfUtils.java:logGet(44)) - raft.server.log.write.buffer.size = 1048576 (custom)
2020-12-24 03:52:14,070 [pool-237-thread-1] INFO  server.RaftServerConfigKeys (ConfUtils.java:logGet(44)) - raft.server.log.statemachine.data.caching.enabled = true (custom)
2020-12-24 03:52:14,071 [pool-237-thread-1] INFO  segmented.SegmentedRaftLogWorker (SegmentedRaftLogWorker.java:lambda$new$0(132)) - b22c4f2c-1caa-4579-b370-0e993976351f@group-0142A39DCEE7-SegmentedRaftLogWorker: flushIndex: setUnconditionally 0 -> -1
2020-12-24 03:52:14,071 [pool-237-thread-1] INFO  segmented.SegmentedRaftLogWorker (SegmentedRaftLogWorker.java:lambda$new$0(132)) - b22c4f2c-1caa-4579-b370-0e993976351f@group-0142A39DCEE7-SegmentedRaftLogWorker: safeCacheEvictIndex: setUnconditionally 0 -> -1
2020-12-24 03:52:14,074 [pool-237-thread-1] INFO  server.RaftServerConfigKeys (ConfUtils.java:logGet(44)) - raft.server.snapshot.auto.trigger.enabled = true (custom)
2020-12-24 03:52:14,074 [pool-237-thread-1] INFO  server.RaftServerConfigKeys (ConfUtils.java:logGet(44)) - raft.server.snapshot.auto.trigger.threshold = 10000 (custom)
2020-12-24 03:52:14,074 [pool-237-thread-1] INFO  server.RaftServerConfigKeys (ConfUtils.java:logGet(44)) - raft.server.snapshot.retention.file.num = 5 (custom)
2020-12-24 03:52:14,075 [pool-237-thread-1] INFO  server.RaftServerConfigKeys (ConfUtils.java:logGet(44)) - raft.server.log.purge.upto.snapshot.index = false (default)
2020-12-24 03:52:14,076 [pool-237-thread-1] INFO  server.RaftServerConfigKeys (ConfUtils.java:logGet(44)) - raft.server.retrycache.expirytime = 600000ms (custom)
2020-12-24 03:52:14,076 [pool-237-thread-1] INFO  server.RaftServerConfigKeys (ConfUtils.java:logGet(44)) - raft.server.retrycache.statistics.expirytime = 100?s (default)
2020-12-24 03:52:14,076 [pool-237-thread-1] INFO  metrics.RatisMetrics (RatisMetrics.java:lambda$create$0(36)) - Creating Metrics Registry : ratis.leader_election.b22c4f2c-1caa-4579-b370-0e993976351f@group-0142A39DCEE7
2020-12-24 03:52:14,077 [pool-237-thread-1] INFO  metrics.RatisMetrics (RatisMetrics.java:lambda$create$0(36)) - Creating Metrics Registry : ratis.server.b22c4f2c-1caa-4579-b370-0e993976351f@group-0142A39DCEE7
2020-12-24 03:52:14,078 [pool-237-thread-1] INFO  server.RaftServer$Division (RaftServerImpl.java:start(286)) - b22c4f2c-1caa-4579-b370-0e993976351f@group-0142A39DCEE7: start as a follower, conf=-1: [9439cf50-f8ac-47a3-be84-c5264c2c00f7|rpc:172.17.0.2:43545, 8d530254-7283-4827-a046-112d022b0049|rpc:172.17.0.2:39581, b22c4f2c-1caa-4579-b370-0e993976351f|rpc:172.17.0.2:33975], old=null
2020-12-24 03:52:14,078 [pool-237-thread-1] INFO  server.RaftServer$Division (RaftServerImpl.java:setRole(275)) - b22c4f2c-1caa-4579-b370-0e993976351f@group-0142A39DCEE7: changes role from      null to FOLLOWER at term 0 for startAsFollower
2020-12-24 03:52:14,078 [pool-237-thread-1] INFO  impl.RoleInfo (RoleInfo.java:updateAndGet(130)) - b22c4f2c-1caa-4579-b370-0e993976351f: start b22c4f2c-1caa-4579-b370-0e993976351f@group-0142A39DCEE7-FollowerState
2020-12-24 03:52:14,078 [pool-237-thread-1] INFO  util.JmxRegister (JmxRegister.java:tryRegister(44)) - Successfully registered JMX Bean with object name Ratis:service=RaftServer,group=group-0142A39DCEE7,id=b22c4f2c-1caa-4579-b370-0e993976351f
2020-12-24 03:52:14,078 [pool-237-thread-1] INFO  metrics.RatisMetrics (RatisMetrics.java:lambda$create$0(36)) - Creating Metrics Registry : ratis.state_machine.b22c4f2c-1caa-4579-b370-0e993976351f@group-0142A39DCEE7
2020-12-24 03:52:14,080 [Command processor thread] INFO  metrics.RatisMetrics (RatisMetrics.java:lambda$create$0(36)) - Creating Metrics Registry : ratis.client_message_metrics.client-E3262A52BFC4->8d530254-7283-4827-a046-112d022b0049
2020-12-24 03:52:14,087 [grpc-default-executor-1] INFO  metrics.RatisMetrics (RatisMetrics.java:lambda$create$0(36)) - Creating Metrics Registry : ratis.server_message_metrics.8d530254-7283-4827-a046-112d022b0049
2020-12-24 03:52:14,094 [grpc-default-executor-1] INFO  server.RaftServer (RaftServerProxy.java:addNew(93)) - 8d530254-7283-4827-a046-112d022b0049: addNew group-0142A39DCEE7:[9439cf50-f8ac-47a3-be84-c5264c2c00f7|rpc:172.17.0.2:43545|dataStream:, 8d530254-7283-4827-a046-112d022b0049|rpc:172.17.0.2:39581|dataStream:, b22c4f2c-1caa-4579-b370-0e993976351f|rpc:172.17.0.2:33975|dataStream:] returns group-0142A39DCEE7:java.util.concurrent.CompletableFuture@cce1824[Not completed]
2020-12-24 03:52:14,095 [pool-253-thread-1] INFO  server.RaftServer$Division (RaftServerImpl.java:<init>(173)) - 8d530254-7283-4827-a046-112d022b0049: new RaftServerImpl for group-0142A39DCEE7:[9439cf50-f8ac-47a3-be84-c5264c2c00f7|rpc:172.17.0.2:43545|dataStream:, 8d530254-7283-4827-a046-112d022b0049|rpc:172.17.0.2:39581|dataStream:, b22c4f2c-1caa-4579-b370-0e993976351f|rpc:172.17.0.2:33975|dataStream:] with ContainerStateMachine:uninitialized
2020-12-24 03:52:14,096 [pool-253-thread-1] INFO  server.RaftServerConfigKeys (ConfUtils.java:logGet(44)) - raft.server.rpc.timeout.min = 5s (custom)
2020-12-24 03:52:14,096 [pool-253-thread-1] INFO  server.RaftServerConfigKeys (ConfUtils.java:logGet(44)) - raft.server.rpc.timeout.max = 5200ms (custom)
2020-12-24 03:52:14,096 [pool-253-thread-1] INFO  server.RaftServerConfigKeys (ConfUtils.java:logGet(44)) - raft.server.rpc.sleep.time = 25ms (default)
2020-12-24 03:52:14,096 [pool-253-thread-1] INFO  server.RaftServerConfigKeys (ConfUtils.java:logGet(44)) - raft.server.rpc.slowness.timeout = 300s (custom)
2020-12-24 03:52:14,096 [pool-253-thread-1] INFO  server.RaftServerConfigKeys (ConfUtils.java:logGet(44)) - raft.server.leaderelection.leader.step-down.wait-time = 10s (default)
2020-12-24 03:52:14,096 [pool-253-thread-1] INFO  server.RaftServerConfigKeys (ConfUtils.java:logGet(44)) - raft.server.sleep.deviation.threshold = 300ms (default)
2020-12-24 03:52:14,096 [pool-253-thread-1] INFO  server.RaftServerConfigKeys (ConfUtils.java:logGet(44)) - raft.server.log.appender.install.snapshot.enabled = false (custom)
2020-12-24 03:52:14,096 [pool-253-thread-1] INFO  server.RaftServer$Division (ServerState.java:<init>(104)) - 8d530254-7283-4827-a046-112d022b0049@group-0142A39DCEE7: ConfigurationManager, init=-1: [9439cf50-f8ac-47a3-be84-c5264c2c00f7|rpc:172.17.0.2:43545|dataStream:, 8d530254-7283-4827-a046-112d022b0049|rpc:172.17.0.2:39581|dataStream:, b22c4f2c-1caa-4579-b370-0e993976351f|rpc:172.17.0.2:33975|dataStream:], old=null, confs=<EMPTY_MAP>
2020-12-24 03:52:14,096 [pool-253-thread-1] INFO  server.RaftServerConfigKeys (ConfUtils.java:logGet(44)) - raft.server.storage.dir = [/github/workspace/mnt/ozone/hadoop-ozone/integration-test/target/test-dir/MiniOzoneClusterImpl-9e14565b-f938-48ad-b0e9-52a6969cb554/datanode-1/data/ratis] (custom)
2020-12-24 03:52:14,097 [pool-253-thread-1] INFO  server.RaftServerConfigKeys (ConfUtils.java:logGet(44)) - raft.server.log.corruption.policy = EXCEPTION (default)
2020-12-24 03:52:14,097 [pool-253-thread-1] INFO  storage.RaftStorageDirectory (RaftStorageDirectory.java:analyzeStorage(260)) - The storage directory /github/workspace/mnt/ozone/hadoop-ozone/integration-test/target/test-dir/MiniOzoneClusterImpl-9e14565b-f938-48ad-b0e9-52a6969cb554/datanode-1/data/ratis/d214c819-bc47-4a5d-a03e-0142a39dcee7 does not exist. Creating ...
2020-12-24 03:52:14,098 [pool-253-thread-1] INFO  storage.RaftStorageDirectory (RaftStorageDirectory.java:tryLock(342)) - Lock on /github/workspace/mnt/ozone/hadoop-ozone/integration-test/target/test-dir/MiniOzoneClusterImpl-9e14565b-f938-48ad-b0e9-52a6969cb554/datanode-1/data/ratis/d214c819-bc47-4a5d-a03e-0142a39dcee7/in_use.lock acquired by nodename 22406@822d467d5ade
2020-12-24 03:52:14,099 [pool-253-thread-1] INFO  storage.RaftStorage (RaftStorage.java:format(89)) - Storage directory /github/workspace/mnt/ozone/hadoop-ozone/integration-test/target/test-dir/MiniOzoneClusterImpl-9e14565b-f938-48ad-b0e9-52a6969cb554/datanode-1/data/ratis/d214c819-bc47-4a5d-a03e-0142a39dcee7 has been successfully formatted.
2020-12-24 03:52:14,099 [pool-253-thread-1] INFO  ratis.ContainerStateMachine (ContainerStateMachine.java:loadSnapshot(223)) - group-0142A39DCEE7: The snapshot info is null. Setting the last applied indexto:(t:0, i:~)
2020-12-24 03:52:14,099 [pool-253-thread-1] ERROR storage.RaftStorage (RaftStorage.java:readRaftConfiguration(152)) - Failed reading configuration from file:/github/workspace/mnt/ozone/hadoop-ozone/integration-test/target/test-dir/MiniOzoneClusterImpl-9e14565b-f938-48ad-b0e9-52a6969cb554/datanode-1/data/ratis/d214c819-bc47-4a5d-a03e-0142a39dcee7/current/raft-meta.conf
java.io.FileNotFoundException: /github/workspace/mnt/ozone/hadoop-ozone/integration-test/target/test-dir/MiniOzoneClusterImpl-9e14565b-f938-48ad-b0e9-52a6969cb554/datanode-1/data/ratis/d214c819-bc47-4a5d-a03e-0142a39dcee7/current/raft-meta.conf (No such file or directory)
	at java.io.FileInputStream.open0(Native Method)
	at java.io.FileInputStream.open(FileInputStream.java:195)
	at java.io.FileInputStream.<init>(FileInputStream.java:138)
	at org.apache.ratis.server.storage.RaftStorage.readRaftConfiguration(RaftStorage.java:148)
	at org.apache.ratis.server.impl.ServerState.initStatemachine(ServerState.java:167)
	at org.apache.ratis.server.impl.ServerState.<init>(ServerState.java:112)
	at org.apache.ratis.server.impl.RaftServerImpl.<init>(RaftServerImpl.java:186)
	at org.apache.ratis.server.impl.RaftServerProxy.lambda$newRaftServerImpl$4(RaftServerProxy.java:264)
	at java.util.concurrent.CompletableFuture$AsyncSupply.run(CompletableFuture.java:1604)
	at java.util.concurrent.ThreadPoolExecutor.runWorker(ThreadPoolExecutor.java:1149)
	at java.util.concurrent.ThreadPoolExecutor$Worker.run(ThreadPoolExecutor.java:624)
	at java.lang.Thread.run(Thread.java:748)
2020-12-24 03:52:14,100 [EventQueue-PipelineReportForOneReplicaPipelineSafeModeRule] INFO  safemode.SCMSafeModeManager (SCMSafeModeManager.java:validateSafeModeExitRules(214)) - AtleastOneDatanodeReportedRule rule is successfully validated
2020-12-24 03:52:14,100 [pool-253-thread-1] INFO  server.RaftServerConfigKeys (ConfUtils.java:logGet(44)) - raft.server.notification.no-leader.timeout = 300s (custom)
2020-12-24 03:52:14,100 [pool-253-thread-1] INFO  server.RaftServerConfigKeys (ConfUtils.java:logGet(44)) - raft.server.log.use.memory = false (default)
2020-12-24 03:52:14,100 [pool-253-thread-1] INFO  server.RaftServerConfigKeys (ConfUtils.java:logGet(44)) - raft.server.log.purge.gap = 1000000 (custom)
2020-12-24 03:52:14,100 [pool-253-thread-1] INFO  metrics.RatisMetrics (RatisMetrics.java:lambda$create$0(36)) - Creating Metrics Registry : ratis.log_worker.8d530254-7283-4827-a046-112d022b0049@group-0142A39DCEE7
2020-12-24 03:52:14,101 [pool-253-thread-1] INFO  server.RaftServerConfigKeys (ConfUtils.java:logGet(44)) - raft.server.log.appender.buffer.byte-limit = 33554432 (custom)
2020-12-24 03:52:14,101 [pool-253-thread-1] INFO  server.RaftServerConfigKeys (ConfUtils.java:logGet(44)) - raft.server.log.segment.size.max = 1048576 (custom)
2020-12-24 03:52:14,101 [pool-253-thread-1] INFO  server.RaftServerConfigKeys (ConfUtils.java:logGet(44)) - raft.server.log.segment.cache.num.max = 2 (custom)
2020-12-24 03:52:14,101 [pool-253-thread-1] INFO  server.RaftServerConfigKeys (ConfUtils.java:logGet(44)) - raft.server.log.segment.cache.size.max = 200MB (=209715200) (default)
2020-12-24 03:52:14,101 [pool-253-thread-1] INFO  segmented.SegmentedRaftLogWorker (SegmentedRaftLogWorker.java:<init>(181)) - new 8d530254-7283-4827-a046-112d022b0049@group-0142A39DCEE7-SegmentedRaftLogWorker for RaftStorage:Storage Directory /github/workspace/mnt/ozone/hadoop-ozone/integration-test/target/test-dir/MiniOzoneClusterImpl-9e14565b-f938-48ad-b0e9-52a6969cb554/datanode-1/data/ratis/d214c819-bc47-4a5d-a03e-0142a39dcee7
2020-12-24 03:52:14,101 [pool-253-thread-1] INFO  server.RaftServerConfigKeys (ConfUtils.java:logGet(44)) - raft.server.log.queue.byte-limit = 2147483647 (custom)
2020-12-24 03:52:14,101 [pool-253-thread-1] INFO  server.RaftServerConfigKeys (ConfUtils.java:logGet(44)) - raft.server.log.queue.element-limit = 1024 (custom)
2020-12-24 03:52:14,101 [pool-253-thread-1] INFO  server.RaftServerConfigKeys (ConfUtils.java:logGet(44)) - raft.server.log.segment.size.max = 1048576 (custom)
2020-12-24 03:52:14,101 [pool-253-thread-1] INFO  server.RaftServerConfigKeys (ConfUtils.java:logGet(44)) - raft.server.log.preallocated.size = 16384 (custom)
2020-12-24 03:52:14,101 [pool-253-thread-1] INFO  server.RaftServerConfigKeys (ConfUtils.java:logGet(44)) - raft.server.log.force.sync.num = 128 (default)
2020-12-24 03:52:14,102 [pool-253-thread-1] INFO  server.RaftServerConfigKeys (ConfUtils.java:logGet(44)) - raft.server.log.statemachine.data.sync = true (default)
2020-12-24 03:52:14,102 [pool-253-thread-1] INFO  server.RaftServerConfigKeys (ConfUtils.java:logGet(44)) - raft.server.log.statemachine.data.sync.timeout = 10s (default)
2020-12-24 03:52:14,102 [pool-253-thread-1] INFO  server.RaftServerConfigKeys (ConfUtils.java:logGet(44)) - raft.server.log.statemachine.data.sync.timeout.retry = -1 (default)
2020-12-24 03:52:14,103 [pool-253-thread-1] INFO  server.RaftServerConfigKeys (ConfUtils.java:logGet(44)) - raft.server.log.write.buffer.size = 1048576 (custom)
2020-12-24 03:52:14,103 [pool-253-thread-1] INFO  server.RaftServerConfigKeys (ConfUtils.java:logGet(44)) - raft.server.log.statemachine.data.caching.enabled = true (custom)
2020-12-24 03:52:14,103 [pool-253-thread-1] INFO  segmented.SegmentedRaftLogWorker (SegmentedRaftLogWorker.java:lambda$new$0(132)) - 8d530254-7283-4827-a046-112d022b0049@group-0142A39DCEE7-SegmentedRaftLogWorker: flushIndex: setUnconditionally 0 -> -1
2020-12-24 03:52:14,103 [pool-253-thread-1] INFO  segmented.SegmentedRaftLogWorker (SegmentedRaftLogWorker.java:lambda$new$0(132)) - 8d530254-7283-4827-a046-112d022b0049@group-0142A39DCEE7-SegmentedRaftLogWorker: safeCacheEvictIndex: setUnconditionally 0 -> -1
2020-12-24 03:52:14,103 [pool-253-thread-1] INFO  server.RaftServerConfigKeys (ConfUtils.java:logGet(44)) - raft.server.snapshot.auto.trigger.enabled = true (custom)
2020-12-24 03:52:14,104 [pool-253-thread-1] INFO  server.RaftServerConfigKeys (ConfUtils.java:logGet(44)) - raft.server.snapshot.auto.trigger.threshold = 10000 (custom)
2020-12-24 03:52:14,104 [pool-253-thread-1] INFO  server.RaftServerConfigKeys (ConfUtils.java:logGet(44)) - raft.server.snapshot.retention.file.num = 5 (custom)
2020-12-24 03:52:14,104 [pool-253-thread-1] INFO  server.RaftServerConfigKeys (ConfUtils.java:logGet(44)) - raft.server.log.purge.upto.snapshot.index = false (default)
2020-12-24 03:52:14,104 [pool-253-thread-1] INFO  server.RaftServerConfigKeys (ConfUtils.java:logGet(44)) - raft.server.retrycache.expirytime = 600000ms (custom)
2020-12-24 03:52:14,104 [pool-253-thread-1] INFO  server.RaftServerConfigKeys (ConfUtils.java:logGet(44)) - raft.server.retrycache.statistics.expirytime = 100?s (default)
2020-12-24 03:52:14,104 [pool-253-thread-1] INFO  metrics.RatisMetrics (RatisMetrics.java:lambda$create$0(36)) - Creating Metrics Registry : ratis.leader_election.8d530254-7283-4827-a046-112d022b0049@group-0142A39DCEE7
2020-12-24 03:52:14,104 [pool-253-thread-1] INFO  metrics.RatisMetrics (RatisMetrics.java:lambda$create$0(36)) - Creating Metrics Registry : ratis.server.8d530254-7283-4827-a046-112d022b0049@group-0142A39DCEE7
2020-12-24 03:52:14,105 [pool-253-thread-1] INFO  server.RaftServer$Division (RaftServerImpl.java:start(286)) - 8d530254-7283-4827-a046-112d022b0049@group-0142A39DCEE7: start as a follower, conf=-1: [9439cf50-f8ac-47a3-be84-c5264c2c00f7|rpc:172.17.0.2:43545|dataStream:, 8d530254-7283-4827-a046-112d022b0049|rpc:172.17.0.2:39581|dataStream:, b22c4f2c-1caa-4579-b370-0e993976351f|rpc:172.17.0.2:33975|dataStream:], old=null
2020-12-24 03:52:14,105 [pool-253-thread-1] INFO  server.RaftServer$Division (RaftServerImpl.java:setRole(275)) - 8d530254-7283-4827-a046-112d022b0049@group-0142A39DCEE7: changes role from      null to FOLLOWER at term 0 for startAsFollower
2020-12-24 03:52:14,105 [pool-253-thread-1] INFO  impl.RoleInfo (RoleInfo.java:updateAndGet(130)) - 8d530254-7283-4827-a046-112d022b0049: start 8d530254-7283-4827-a046-112d022b0049@group-0142A39DCEE7-FollowerState
2020-12-24 03:52:14,106 [pool-253-thread-1] INFO  util.JmxRegister (JmxRegister.java:tryRegister(44)) - Successfully registered JMX Bean with object name Ratis:service=RaftServer,group=group-0142A39DCEE7,id=8d530254-7283-4827-a046-112d022b0049
2020-12-24 03:52:14,106 [pool-253-thread-1] INFO  metrics.RatisMetrics (RatisMetrics.java:lambda$create$0(36)) - Creating Metrics Registry : ratis.state_machine.8d530254-7283-4827-a046-112d022b0049@group-0142A39DCEE7
2020-12-24 03:52:14,112 [Command processor thread] INFO  metrics.RatisMetrics (RatisMetrics.java:lambda$create$0(36)) - Creating Metrics Registry : ratis.client_message_metrics.client-A4EF8389635F->9439cf50-f8ac-47a3-be84-c5264c2c00f7
2020-12-24 03:52:14,117 [grpc-default-executor-1] INFO  metrics.RatisMetrics (RatisMetrics.java:lambda$create$0(36)) - Creating Metrics Registry : ratis.server_message_metrics.9439cf50-f8ac-47a3-be84-c5264c2c00f7
2020-12-24 03:52:14,119 [grpc-default-executor-1] INFO  server.RaftServer (RaftServerProxy.java:addNew(93)) - 9439cf50-f8ac-47a3-be84-c5264c2c00f7: addNew group-0142A39DCEE7:[9439cf50-f8ac-47a3-be84-c5264c2c00f7|rpc:172.17.0.2:43545|dataStream:, 8d530254-7283-4827-a046-112d022b0049|rpc:172.17.0.2:39581|dataStream:, b22c4f2c-1caa-4579-b370-0e993976351f|rpc:172.17.0.2:33975|dataStream:] returns group-0142A39DCEE7:java.util.concurrent.CompletableFuture@2a928fc7[Not completed]
2020-12-24 03:52:14,120 [pool-269-thread-1] INFO  server.RaftServer$Division (RaftServerImpl.java:<init>(173)) - 9439cf50-f8ac-47a3-be84-c5264c2c00f7: new RaftServerImpl for group-0142A39DCEE7:[9439cf50-f8ac-47a3-be84-c5264c2c00f7|rpc:172.17.0.2:43545|dataStream:, 8d530254-7283-4827-a046-112d022b0049|rpc:172.17.0.2:39581|dataStream:, b22c4f2c-1caa-4579-b370-0e993976351f|rpc:172.17.0.2:33975|dataStream:] with ContainerStateMachine:uninitialized
2020-12-24 03:52:14,120 [pool-269-thread-1] INFO  server.RaftServerConfigKeys (ConfUtils.java:logGet(44)) - raft.server.rpc.timeout.min = 5s (custom)
2020-12-24 03:52:14,121 [pool-269-thread-1] INFO  server.RaftServerConfigKeys (ConfUtils.java:logGet(44)) - raft.server.rpc.timeout.max = 5200ms (custom)
2020-12-24 03:52:14,121 [pool-269-thread-1] INFO  server.RaftServerConfigKeys (ConfUtils.java:logGet(44)) - raft.server.rpc.sleep.time = 25ms (default)
2020-12-24 03:52:14,121 [pool-269-thread-1] INFO  server.RaftServerConfigKeys (ConfUtils.java:logGet(44)) - raft.server.rpc.slowness.timeout = 300s (custom)
2020-12-24 03:52:14,121 [pool-269-thread-1] INFO  server.RaftServerConfigKeys (ConfUtils.java:logGet(44)) - raft.server.leaderelection.leader.step-down.wait-time = 10s (default)
2020-12-24 03:52:14,121 [pool-269-thread-1] INFO  server.RaftServerConfigKeys (ConfUtils.java:logGet(44)) - raft.server.sleep.deviation.threshold = 300ms (default)
2020-12-24 03:52:14,121 [pool-269-thread-1] INFO  server.RaftServerConfigKeys (ConfUtils.java:logGet(44)) - raft.server.log.appender.install.snapshot.enabled = false (custom)
2020-12-24 03:52:14,121 [pool-269-thread-1] INFO  server.RaftServer$Division (ServerState.java:<init>(104)) - 9439cf50-f8ac-47a3-be84-c5264c2c00f7@group-0142A39DCEE7: ConfigurationManager, init=-1: [9439cf50-f8ac-47a3-be84-c5264c2c00f7|rpc:172.17.0.2:43545|dataStream:, 8d530254-7283-4827-a046-112d022b0049|rpc:172.17.0.2:39581|dataStream:, b22c4f2c-1caa-4579-b370-0e993976351f|rpc:172.17.0.2:33975|dataStream:], old=null, confs=<EMPTY_MAP>
2020-12-24 03:52:14,121 [pool-269-thread-1] INFO  server.RaftServerConfigKeys (ConfUtils.java:logGet(44)) - raft.server.storage.dir = [/github/workspace/mnt/ozone/hadoop-ozone/integration-test/target/test-dir/MiniOzoneClusterImpl-9e14565b-f938-48ad-b0e9-52a6969cb554/datanode-2/data/ratis] (custom)
2020-12-24 03:52:14,121 [pool-269-thread-1] INFO  server.RaftServerConfigKeys (ConfUtils.java:logGet(44)) - raft.server.log.corruption.policy = EXCEPTION (default)
2020-12-24 03:52:14,121 [pool-269-thread-1] INFO  storage.RaftStorageDirectory (RaftStorageDirectory.java:analyzeStorage(260)) - The storage directory /github/workspace/mnt/ozone/hadoop-ozone/integration-test/target/test-dir/MiniOzoneClusterImpl-9e14565b-f938-48ad-b0e9-52a6969cb554/datanode-2/data/ratis/d214c819-bc47-4a5d-a03e-0142a39dcee7 does not exist. Creating ...
2020-12-24 03:52:14,122 [pool-269-thread-1] INFO  storage.RaftStorageDirectory (RaftStorageDirectory.java:tryLock(342)) - Lock on /github/workspace/mnt/ozone/hadoop-ozone/integration-test/target/test-dir/MiniOzoneClusterImpl-9e14565b-f938-48ad-b0e9-52a6969cb554/datanode-2/data/ratis/d214c819-bc47-4a5d-a03e-0142a39dcee7/in_use.lock acquired by nodename 22406@822d467d5ade
2020-12-24 03:52:14,123 [pool-269-thread-1] INFO  storage.RaftStorage (RaftStorage.java:format(89)) - Storage directory /github/workspace/mnt/ozone/hadoop-ozone/integration-test/target/test-dir/MiniOzoneClusterImpl-9e14565b-f938-48ad-b0e9-52a6969cb554/datanode-2/data/ratis/d214c819-bc47-4a5d-a03e-0142a39dcee7 has been successfully formatted.
2020-12-24 03:52:14,124 [pool-269-thread-1] INFO  ratis.ContainerStateMachine (ContainerStateMachine.java:loadSnapshot(223)) - group-0142A39DCEE7: The snapshot info is null. Setting the last applied indexto:(t:0, i:~)
2020-12-24 03:52:14,124 [pool-269-thread-1] ERROR storage.RaftStorage (RaftStorage.java:readRaftConfiguration(152)) - Failed reading configuration from file:/github/workspace/mnt/ozone/hadoop-ozone/integration-test/target/test-dir/MiniOzoneClusterImpl-9e14565b-f938-48ad-b0e9-52a6969cb554/datanode-2/data/ratis/d214c819-bc47-4a5d-a03e-0142a39dcee7/current/raft-meta.conf
java.io.FileNotFoundException: /github/workspace/mnt/ozone/hadoop-ozone/integration-test/target/test-dir/MiniOzoneClusterImpl-9e14565b-f938-48ad-b0e9-52a6969cb554/datanode-2/data/ratis/d214c819-bc47-4a5d-a03e-0142a39dcee7/current/raft-meta.conf (No such file or directory)
	at java.io.FileInputStream.open0(Native Method)
	at java.io.FileInputStream.open(FileInputStream.java:195)
	at java.io.FileInputStream.<init>(FileInputStream.java:138)
	at org.apache.ratis.server.storage.RaftStorage.readRaftConfiguration(RaftStorage.java:148)
	at org.apache.ratis.server.impl.ServerState.initStatemachine(ServerState.java:167)
	at org.apache.ratis.server.impl.ServerState.<init>(ServerState.java:112)
	at org.apache.ratis.server.impl.RaftServerImpl.<init>(RaftServerImpl.java:186)
	at org.apache.ratis.server.impl.RaftServerProxy.lambda$newRaftServerImpl$4(RaftServerProxy.java:264)
	at java.util.concurrent.CompletableFuture$AsyncSupply.run(CompletableFuture.java:1604)
	at java.util.concurrent.ThreadPoolExecutor.runWorker(ThreadPoolExecutor.java:1149)
	at java.util.concurrent.ThreadPoolExecutor$Worker.run(ThreadPoolExecutor.java:624)
	at java.lang.Thread.run(Thread.java:748)
2020-12-24 03:52:14,125 [EventQueue-PipelineReportForOneReplicaPipelineSafeModeRule] INFO  safemode.SCMSafeModeManager (SCMSafeModeManager.java:validateSafeModeExitRules(214)) - AtleastOneDatanodeReportedRule rule is successfully validated
2020-12-24 03:52:14,125 [pool-269-thread-1] INFO  server.RaftServerConfigKeys (ConfUtils.java:logGet(44)) - raft.server.notification.no-leader.timeout = 300s (custom)
2020-12-24 03:52:14,126 [pool-269-thread-1] INFO  server.RaftServerConfigKeys (ConfUtils.java:logGet(44)) - raft.server.log.use.memory = false (default)
2020-12-24 03:52:14,126 [pool-269-thread-1] INFO  server.RaftServerConfigKeys (ConfUtils.java:logGet(44)) - raft.server.log.purge.gap = 1000000 (custom)
2020-12-24 03:52:14,126 [pool-269-thread-1] INFO  metrics.RatisMetrics (RatisMetrics.java:lambda$create$0(36)) - Creating Metrics Registry : ratis.log_worker.9439cf50-f8ac-47a3-be84-c5264c2c00f7@group-0142A39DCEE7
2020-12-24 03:52:14,126 [pool-269-thread-1] INFO  server.RaftServerConfigKeys (ConfUtils.java:logGet(44)) - raft.server.log.appender.buffer.byte-limit = 33554432 (custom)
2020-12-24 03:52:14,126 [pool-269-thread-1] INFO  server.RaftServerConfigKeys (ConfUtils.java:logGet(44)) - raft.server.log.segment.size.max = 1048576 (custom)
2020-12-24 03:52:14,126 [pool-269-thread-1] INFO  server.RaftServerConfigKeys (ConfUtils.java:logGet(44)) - raft.server.log.segment.cache.num.max = 2 (custom)
2020-12-24 03:52:14,127 [pool-269-thread-1] INFO  server.RaftServerConfigKeys (ConfUtils.java:logGet(44)) - raft.server.log.segment.cache.size.max = 200MB (=209715200) (default)
2020-12-24 03:52:14,127 [pool-269-thread-1] INFO  segmented.SegmentedRaftLogWorker (SegmentedRaftLogWorker.java:<init>(181)) - new 9439cf50-f8ac-47a3-be84-c5264c2c00f7@group-0142A39DCEE7-SegmentedRaftLogWorker for RaftStorage:Storage Directory /github/workspace/mnt/ozone/hadoop-ozone/integration-test/target/test-dir/MiniOzoneClusterImpl-9e14565b-f938-48ad-b0e9-52a6969cb554/datanode-2/data/ratis/d214c819-bc47-4a5d-a03e-0142a39dcee7
2020-12-24 03:52:14,127 [pool-269-thread-1] INFO  server.RaftServerConfigKeys (ConfUtils.java:logGet(44)) - raft.server.log.queue.byte-limit = 2147483647 (custom)
2020-12-24 03:52:14,127 [pool-269-thread-1] INFO  server.RaftServerConfigKeys (ConfUtils.java:logGet(44)) - raft.server.log.queue.element-limit = 1024 (custom)
2020-12-24 03:52:14,127 [pool-269-thread-1] INFO  server.RaftServerConfigKeys (ConfUtils.java:logGet(44)) - raft.server.log.segment.size.max = 1048576 (custom)
2020-12-24 03:52:14,127 [pool-269-thread-1] INFO  server.RaftServerConfigKeys (ConfUtils.java:logGet(44)) - raft.server.log.preallocated.size = 16384 (custom)
2020-12-24 03:52:14,127 [pool-269-thread-1] INFO  server.RaftServerConfigKeys (ConfUtils.java:logGet(44)) - raft.server.log.force.sync.num = 128 (default)
2020-12-24 03:52:14,127 [pool-269-thread-1] INFO  server.RaftServerConfigKeys (ConfUtils.java:logGet(44)) - raft.server.log.statemachine.data.sync = true (default)
2020-12-24 03:52:14,127 [pool-269-thread-1] INFO  server.RaftServerConfigKeys (ConfUtils.java:logGet(44)) - raft.server.log.statemachine.data.sync.timeout = 10s (default)
2020-12-24 03:52:14,127 [pool-269-thread-1] INFO  server.RaftServerConfigKeys (ConfUtils.java:logGet(44)) - raft.server.log.statemachine.data.sync.timeout.retry = -1 (default)
2020-12-24 03:52:14,128 [pool-269-thread-1] INFO  server.RaftServerConfigKeys (ConfUtils.java:logGet(44)) - raft.server.log.write.buffer.size = 1048576 (custom)
2020-12-24 03:52:14,129 [pool-269-thread-1] INFO  server.RaftServerConfigKeys (ConfUtils.java:logGet(44)) - raft.server.log.statemachine.data.caching.enabled = true (custom)
2020-12-24 03:52:14,129 [pool-269-thread-1] INFO  segmented.SegmentedRaftLogWorker (SegmentedRaftLogWorker.java:lambda$new$0(132)) - 9439cf50-f8ac-47a3-be84-c5264c2c00f7@group-0142A39DCEE7-SegmentedRaftLogWorker: flushIndex: setUnconditionally 0 -> -1
2020-12-24 03:52:14,129 [pool-269-thread-1] INFO  segmented.SegmentedRaftLogWorker (SegmentedRaftLogWorker.java:lambda$new$0(132)) - 9439cf50-f8ac-47a3-be84-c5264c2c00f7@group-0142A39DCEE7-SegmentedRaftLogWorker: safeCacheEvictIndex: setUnconditionally 0 -> -1
2020-12-24 03:52:14,130 [pool-269-thread-1] INFO  server.RaftServerConfigKeys (ConfUtils.java:logGet(44)) - raft.server.snapshot.auto.trigger.enabled = true (custom)
2020-12-24 03:52:14,130 [pool-269-thread-1] INFO  server.RaftServerConfigKeys (ConfUtils.java:logGet(44)) - raft.server.snapshot.auto.trigger.threshold = 10000 (custom)
2020-12-24 03:52:14,130 [pool-269-thread-1] INFO  server.RaftServerConfigKeys (ConfUtils.java:logGet(44)) - raft.server.snapshot.retention.file.num = 5 (custom)
2020-12-24 03:52:14,130 [pool-269-thread-1] INFO  server.RaftServerConfigKeys (ConfUtils.java:logGet(44)) - raft.server.log.purge.upto.snapshot.index = false (default)
2020-12-24 03:52:14,130 [pool-269-thread-1] INFO  server.RaftServerConfigKeys (ConfUtils.java:logGet(44)) - raft.server.retrycache.expirytime = 600000ms (custom)
2020-12-24 03:52:14,130 [pool-269-thread-1] INFO  server.RaftServerConfigKeys (ConfUtils.java:logGet(44)) - raft.server.retrycache.statistics.expirytime = 100?s (default)
2020-12-24 03:52:14,131 [pool-269-thread-1] INFO  metrics.RatisMetrics (RatisMetrics.java:lambda$create$0(36)) - Creating Metrics Registry : ratis.leader_election.9439cf50-f8ac-47a3-be84-c5264c2c00f7@group-0142A39DCEE7
2020-12-24 03:52:14,131 [pool-269-thread-1] INFO  metrics.RatisMetrics (RatisMetrics.java:lambda$create$0(36)) - Creating Metrics Registry : ratis.server.9439cf50-f8ac-47a3-be84-c5264c2c00f7@group-0142A39DCEE7
2020-12-24 03:52:14,132 [pool-269-thread-1] INFO  server.RaftServer$Division (RaftServerImpl.java:start(286)) - 9439cf50-f8ac-47a3-be84-c5264c2c00f7@group-0142A39DCEE7: start as a follower, conf=-1: [9439cf50-f8ac-47a3-be84-c5264c2c00f7|rpc:172.17.0.2:43545|dataStream:, 8d530254-7283-4827-a046-112d022b0049|rpc:172.17.0.2:39581|dataStream:, b22c4f2c-1caa-4579-b370-0e993976351f|rpc:172.17.0.2:33975|dataStream:], old=null
2020-12-24 03:52:14,132 [pool-269-thread-1] INFO  server.RaftServer$Division (RaftServerImpl.java:setRole(275)) - 9439cf50-f8ac-47a3-be84-c5264c2c00f7@group-0142A39DCEE7: changes role from      null to FOLLOWER at term 0 for startAsFollower
2020-12-24 03:52:14,132 [pool-269-thread-1] INFO  impl.RoleInfo (RoleInfo.java:updateAndGet(130)) - 9439cf50-f8ac-47a3-be84-c5264c2c00f7: start 9439cf50-f8ac-47a3-be84-c5264c2c00f7@group-0142A39DCEE7-FollowerState
2020-12-24 03:52:14,134 [pool-269-thread-1] INFO  util.JmxRegister (JmxRegister.java:tryRegister(44)) - Successfully registered JMX Bean with object name Ratis:service=RaftServer,group=group-0142A39DCEE7,id=9439cf50-f8ac-47a3-be84-c5264c2c00f7
2020-12-24 03:52:14,134 [pool-269-thread-1] INFO  metrics.RatisMetrics (RatisMetrics.java:lambda$create$0(36)) - Creating Metrics Registry : ratis.state_machine.9439cf50-f8ac-47a3-be84-c5264c2c00f7@group-0142A39DCEE7
2020-12-24 03:52:14,145 [Command processor thread] INFO  commandhandler.CreatePipelineCommandHandler (CreatePipelineCommandHandler.java:handle(106)) - Created Pipeline RATIS THREE PipelineID=d214c819-bc47-4a5d-a03e-0142a39dcee7.
2020-12-24 03:52:14,225 [Command processor thread] INFO  server.RaftServer (RaftServerProxy.java:addNew(93)) - 8d530254-7283-4827-a046-112d022b0049: addNew group-7E9166872394:[8d530254-7283-4827-a046-112d022b0049|rpc:172.17.0.2:39581] returns group-7E9166872394:java.util.concurrent.CompletableFuture@16aeaa92[Not completed]
2020-12-24 03:52:14,226 [pool-253-thread-1] INFO  server.RaftServer$Division (RaftServerImpl.java:<init>(173)) - 8d530254-7283-4827-a046-112d022b0049: new RaftServerImpl for group-7E9166872394:[8d530254-7283-4827-a046-112d022b0049|rpc:172.17.0.2:39581] with ContainerStateMachine:uninitialized
2020-12-24 03:52:14,226 [pool-253-thread-1] INFO  server.RaftServerConfigKeys (ConfUtils.java:logGet(44)) - raft.server.rpc.timeout.min = 5s (custom)
2020-12-24 03:52:14,226 [pool-253-thread-1] INFO  server.RaftServerConfigKeys (ConfUtils.java:logGet(44)) - raft.server.rpc.timeout.max = 5200ms (custom)
2020-12-24 03:52:14,226 [pool-253-thread-1] INFO  server.RaftServerConfigKeys (ConfUtils.java:logGet(44)) - raft.server.rpc.sleep.time = 25ms (default)
2020-12-24 03:52:14,226 [pool-253-thread-1] INFO  server.RaftServerConfigKeys (ConfUtils.java:logGet(44)) - raft.server.rpc.slowness.timeout = 300s (custom)
2020-12-24 03:52:14,226 [pool-253-thread-1] INFO  server.RaftServerConfigKeys (ConfUtils.java:logGet(44)) - raft.server.leaderelection.leader.step-down.wait-time = 10s (default)
2020-12-24 03:52:14,226 [pool-253-thread-1] INFO  server.RaftServerConfigKeys (ConfUtils.java:logGet(44)) - raft.server.sleep.deviation.threshold = 300ms (default)
2020-12-24 03:52:14,227 [pool-253-thread-1] INFO  server.RaftServerConfigKeys (ConfUtils.java:logGet(44)) - raft.server.log.appender.install.snapshot.enabled = false (custom)
2020-12-24 03:52:14,227 [pool-253-thread-1] INFO  server.RaftServer$Division (ServerState.java:<init>(104)) - 8d530254-7283-4827-a046-112d022b0049@group-7E9166872394: ConfigurationManager, init=-1: [8d530254-7283-4827-a046-112d022b0049|rpc:172.17.0.2:39581], old=null, confs=<EMPTY_MAP>
2020-12-24 03:52:14,227 [pool-253-thread-1] INFO  server.RaftServerConfigKeys (ConfUtils.java:logGet(44)) - raft.server.storage.dir = [/github/workspace/mnt/ozone/hadoop-ozone/integration-test/target/test-dir/MiniOzoneClusterImpl-9e14565b-f938-48ad-b0e9-52a6969cb554/datanode-1/data/ratis] (custom)
2020-12-24 03:52:14,227 [pool-253-thread-1] INFO  server.RaftServerConfigKeys (ConfUtils.java:logGet(44)) - raft.server.log.corruption.policy = EXCEPTION (default)
2020-12-24 03:52:14,227 [pool-253-thread-1] INFO  storage.RaftStorageDirectory (RaftStorageDirectory.java:analyzeStorage(260)) - The storage directory /github/workspace/mnt/ozone/hadoop-ozone/integration-test/target/test-dir/MiniOzoneClusterImpl-9e14565b-f938-48ad-b0e9-52a6969cb554/datanode-1/data/ratis/70d1ab10-9e37-41a5-b19c-7e9166872394 does not exist. Creating ...
2020-12-24 03:52:14,228 [pool-253-thread-1] INFO  storage.RaftStorageDirectory (RaftStorageDirectory.java:tryLock(342)) - Lock on /github/workspace/mnt/ozone/hadoop-ozone/integration-test/target/test-dir/MiniOzoneClusterImpl-9e14565b-f938-48ad-b0e9-52a6969cb554/datanode-1/data/ratis/70d1ab10-9e37-41a5-b19c-7e9166872394/in_use.lock acquired by nodename 22406@822d467d5ade
2020-12-24 03:52:14,229 [pool-253-thread-1] INFO  storage.RaftStorage (RaftStorage.java:format(89)) - Storage directory /github/workspace/mnt/ozone/hadoop-ozone/integration-test/target/test-dir/MiniOzoneClusterImpl-9e14565b-f938-48ad-b0e9-52a6969cb554/datanode-1/data/ratis/70d1ab10-9e37-41a5-b19c-7e9166872394 has been successfully formatted.
2020-12-24 03:52:14,229 [pool-253-thread-1] INFO  ratis.ContainerStateMachine (ContainerStateMachine.java:loadSnapshot(223)) - group-7E9166872394: The snapshot info is null. Setting the last applied indexto:(t:0, i:~)
2020-12-24 03:52:14,230 [pool-253-thread-1] ERROR storage.RaftStorage (RaftStorage.java:readRaftConfiguration(152)) - Failed reading configuration from file:/github/workspace/mnt/ozone/hadoop-ozone/integration-test/target/test-dir/MiniOzoneClusterImpl-9e14565b-f938-48ad-b0e9-52a6969cb554/datanode-1/data/ratis/70d1ab10-9e37-41a5-b19c-7e9166872394/current/raft-meta.conf
java.io.FileNotFoundException: /github/workspace/mnt/ozone/hadoop-ozone/integration-test/target/test-dir/MiniOzoneClusterImpl-9e14565b-f938-48ad-b0e9-52a6969cb554/datanode-1/data/ratis/70d1ab10-9e37-41a5-b19c-7e9166872394/current/raft-meta.conf (No such file or directory)
	at java.io.FileInputStream.open0(Native Method)
	at java.io.FileInputStream.open(FileInputStream.java:195)
	at java.io.FileInputStream.<init>(FileInputStream.java:138)
	at org.apache.ratis.server.storage.RaftStorage.readRaftConfiguration(RaftStorage.java:148)
	at org.apache.ratis.server.impl.ServerState.initStatemachine(ServerState.java:167)
	at org.apache.ratis.server.impl.ServerState.<init>(ServerState.java:112)
	at org.apache.ratis.server.impl.RaftServerImpl.<init>(RaftServerImpl.java:186)
	at org.apache.ratis.server.impl.RaftServerProxy.lambda$newRaftServerImpl$4(RaftServerProxy.java:264)
	at java.util.concurrent.CompletableFuture$AsyncSupply.run(CompletableFuture.java:1604)
	at java.util.concurrent.ThreadPoolExecutor.runWorker(ThreadPoolExecutor.java:1149)
	at java.util.concurrent.ThreadPoolExecutor$Worker.run(ThreadPoolExecutor.java:624)
	at java.lang.Thread.run(Thread.java:748)
2020-12-24 03:52:14,232 [pool-253-thread-1] INFO  server.RaftServerConfigKeys (ConfUtils.java:logGet(44)) - raft.server.notification.no-leader.timeout = 300s (custom)
2020-12-24 03:52:14,232 [pool-253-thread-1] INFO  server.RaftServerConfigKeys (ConfUtils.java:logGet(44)) - raft.server.log.use.memory = false (default)
2020-12-24 03:52:14,233 [EventQueue-PipelineReportForOneReplicaPipelineSafeModeRule] INFO  safemode.SCMSafeModeManager (SCMSafeModeManager.java:validateSafeModeExitRules(214)) - AtleastOneDatanodeReportedRule rule is successfully validated
2020-12-24 03:52:14,233 [EventQueue-PipelineReportForPipelineReportHandler] INFO  pipeline.PipelineStateManager (PipelineStateManager.java:openPipeline(132)) - Pipeline Pipeline[ Id: 70d1ab10-9e37-41a5-b19c-7e9166872394, Nodes: 8d530254-7283-4827-a046-112d022b0049{ip: 172.17.0.2, host: 822d467d5ade, networkLocation: /default-rack, certSerialId: null, persistedOpState: IN_SERVICE, persistedOpStateExpiryEpochSec: 0}, Type:RATIS, Factor:ONE, State:ALLOCATED, leaderId:8d530254-7283-4827-a046-112d022b0049, CreationTimestamp2020-12-24T03:52:11.229Z] moved to OPEN state
2020-12-24 03:52:14,233 [pool-253-thread-1] INFO  server.RaftServerConfigKeys (ConfUtils.java:logGet(44)) - raft.server.log.purge.gap = 1000000 (custom)
2020-12-24 03:52:14,233 [pool-253-thread-1] INFO  metrics.RatisMetrics (RatisMetrics.java:lambda$create$0(36)) - Creating Metrics Registry : ratis.log_worker.8d530254-7283-4827-a046-112d022b0049@group-7E9166872394
2020-12-24 03:52:14,233 [EventQueue-OpenPipelineForHealthyPipelineSafeModeRule] INFO  safemode.SCMSafeModeManager (HealthyPipelineSafeModeRule.java:process(128)) - SCM in safe mode. Healthy pipelines reported count is 0, required healthy pipeline reported count is 1
2020-12-24 03:52:14,233 [pool-253-thread-1] INFO  server.RaftServerConfigKeys (ConfUtils.java:logGet(44)) - raft.server.log.appender.buffer.byte-limit = 33554432 (custom)
2020-12-24 03:52:14,234 [pool-253-thread-1] INFO  server.RaftServerConfigKeys (ConfUtils.java:logGet(44)) - raft.server.log.segment.size.max = 1048576 (custom)
2020-12-24 03:52:14,235 [pool-253-thread-1] INFO  server.RaftServerConfigKeys (ConfUtils.java:logGet(44)) - raft.server.log.segment.cache.num.max = 2 (custom)
2020-12-24 03:52:14,235 [pool-253-thread-1] INFO  server.RaftServerConfigKeys (ConfUtils.java:logGet(44)) - raft.server.log.segment.cache.size.max = 200MB (=209715200) (default)
2020-12-24 03:52:14,235 [pool-253-thread-1] INFO  segmented.SegmentedRaftLogWorker (SegmentedRaftLogWorker.java:<init>(181)) - new 8d530254-7283-4827-a046-112d022b0049@group-7E9166872394-SegmentedRaftLogWorker for RaftStorage:Storage Directory /github/workspace/mnt/ozone/hadoop-ozone/integration-test/target/test-dir/MiniOzoneClusterImpl-9e14565b-f938-48ad-b0e9-52a6969cb554/datanode-1/data/ratis/70d1ab10-9e37-41a5-b19c-7e9166872394
2020-12-24 03:52:14,235 [pool-253-thread-1] INFO  server.RaftServerConfigKeys (ConfUtils.java:logGet(44)) - raft.server.log.queue.byte-limit = 2147483647 (custom)
2020-12-24 03:52:14,235 [pool-253-thread-1] INFO  server.RaftServerConfigKeys (ConfUtils.java:logGet(44)) - raft.server.log.queue.element-limit = 1024 (custom)
2020-12-24 03:52:14,235 [pool-253-thread-1] INFO  server.RaftServerConfigKeys (ConfUtils.java:logGet(44)) - raft.server.log.segment.size.max = 1048576 (custom)
2020-12-24 03:52:14,235 [pool-253-thread-1] INFO  server.RaftServerConfigKeys (ConfUtils.java:logGet(44)) - raft.server.log.preallocated.size = 16384 (custom)
2020-12-24 03:52:14,235 [pool-253-thread-1] INFO  server.RaftServerConfigKeys (ConfUtils.java:logGet(44)) - raft.server.log.force.sync.num = 128 (default)
2020-12-24 03:52:14,235 [pool-253-thread-1] INFO  server.RaftServerConfigKeys (ConfUtils.java:logGet(44)) - raft.server.log.statemachine.data.sync = true (default)
2020-12-24 03:52:14,235 [pool-253-thread-1] INFO  server.RaftServerConfigKeys (ConfUtils.java:logGet(44)) - raft.server.log.statemachine.data.sync.timeout = 10s (default)
2020-12-24 03:52:14,235 [pool-253-thread-1] INFO  server.RaftServerConfigKeys (ConfUtils.java:logGet(44)) - raft.server.log.statemachine.data.sync.timeout.retry = -1 (default)
2020-12-24 03:52:14,237 [pool-253-thread-1] INFO  server.RaftServerConfigKeys (ConfUtils.java:logGet(44)) - raft.server.log.write.buffer.size = 1048576 (custom)
2020-12-24 03:52:14,237 [pool-253-thread-1] INFO  server.RaftServerConfigKeys (ConfUtils.java:logGet(44)) - raft.server.log.statemachine.data.caching.enabled = true (custom)
2020-12-24 03:52:14,237 [pool-253-thread-1] INFO  segmented.SegmentedRaftLogWorker (SegmentedRaftLogWorker.java:lambda$new$0(132)) - 8d530254-7283-4827-a046-112d022b0049@group-7E9166872394-SegmentedRaftLogWorker: flushIndex: setUnconditionally 0 -> -1
2020-12-24 03:52:14,237 [pool-253-thread-1] INFO  segmented.SegmentedRaftLogWorker (SegmentedRaftLogWorker.java:lambda$new$0(132)) - 8d530254-7283-4827-a046-112d022b0049@group-7E9166872394-SegmentedRaftLogWorker: safeCacheEvictIndex: setUnconditionally 0 -> -1
2020-12-24 03:52:14,237 [pool-253-thread-1] INFO  server.RaftServerConfigKeys (ConfUtils.java:logGet(44)) - raft.server.snapshot.auto.trigger.enabled = true (custom)
2020-12-24 03:52:14,237 [pool-253-thread-1] INFO  server.RaftServerConfigKeys (ConfUtils.java:logGet(44)) - raft.server.snapshot.auto.trigger.threshold = 10000 (custom)
2020-12-24 03:52:14,237 [pool-253-thread-1] INFO  server.RaftServerConfigKeys (ConfUtils.java:logGet(44)) - raft.server.snapshot.retention.file.num = 5 (custom)
2020-12-24 03:52:14,237 [pool-253-thread-1] INFO  server.RaftServerConfigKeys (ConfUtils.java:logGet(44)) - raft.server.log.purge.upto.snapshot.index = false (default)
2020-12-24 03:52:14,237 [pool-253-thread-1] INFO  server.RaftServerConfigKeys (ConfUtils.java:logGet(44)) - raft.server.retrycache.expirytime = 600000ms (custom)
2020-12-24 03:52:14,237 [pool-253-thread-1] INFO  server.RaftServerConfigKeys (ConfUtils.java:logGet(44)) - raft.server.retrycache.statistics.expirytime = 100?s (default)
2020-12-24 03:52:14,238 [pool-253-thread-1] INFO  metrics.RatisMetrics (RatisMetrics.java:lambda$create$0(36)) - Creating Metrics Registry : ratis.leader_election.8d530254-7283-4827-a046-112d022b0049@group-7E9166872394
2020-12-24 03:52:14,238 [pool-253-thread-1] INFO  metrics.RatisMetrics (RatisMetrics.java:lambda$create$0(36)) - Creating Metrics Registry : ratis.server.8d530254-7283-4827-a046-112d022b0049@group-7E9166872394
2020-12-24 03:52:14,239 [pool-253-thread-1] INFO  server.RaftServer$Division (RaftServerImpl.java:start(286)) - 8d530254-7283-4827-a046-112d022b0049@group-7E9166872394: start as a follower, conf=-1: [8d530254-7283-4827-a046-112d022b0049|rpc:172.17.0.2:39581], old=null
2020-12-24 03:52:14,239 [pool-253-thread-1] INFO  server.RaftServer$Division (RaftServerImpl.java:setRole(275)) - 8d530254-7283-4827-a046-112d022b0049@group-7E9166872394: changes role from      null to FOLLOWER at term 0 for startAsFollower
2020-12-24 03:52:14,239 [pool-253-thread-1] INFO  impl.RoleInfo (RoleInfo.java:updateAndGet(130)) - 8d530254-7283-4827-a046-112d022b0049: start 8d530254-7283-4827-a046-112d022b0049@group-7E9166872394-FollowerState
2020-12-24 03:52:14,248 [pool-253-thread-1] INFO  util.JmxRegister (JmxRegister.java:tryRegister(44)) - Successfully registered JMX Bean with object name Ratis:service=RaftServer,group=group-7E9166872394,id=8d530254-7283-4827-a046-112d022b0049
2020-12-24 03:52:14,248 [pool-253-thread-1] INFO  metrics.RatisMetrics (RatisMetrics.java:lambda$create$0(36)) - Creating Metrics Registry : ratis.state_machine.8d530254-7283-4827-a046-112d022b0049@group-7E9166872394
2020-12-24 03:52:14,249 [Command processor thread] INFO  commandhandler.CreatePipelineCommandHandler (CreatePipelineCommandHandler.java:handle(106)) - Created Pipeline RATIS ONE PipelineID=70d1ab10-9e37-41a5-b19c-7e9166872394.
2020-12-24 03:52:14,452 [Command processor thread] INFO  server.RaftServer (RaftServerProxy.java:addNew(93)) - 9439cf50-f8ac-47a3-be84-c5264c2c00f7: addNew group-C31F1BE08C0B:[9439cf50-f8ac-47a3-be84-c5264c2c00f7|rpc:172.17.0.2:43545] returns group-C31F1BE08C0B:java.util.concurrent.CompletableFuture@4f37b3e8[Not completed]
2020-12-24 03:52:14,453 [pool-269-thread-1] INFO  server.RaftServer$Division (RaftServerImpl.java:<init>(173)) - 9439cf50-f8ac-47a3-be84-c5264c2c00f7: new RaftServerImpl for group-C31F1BE08C0B:[9439cf50-f8ac-47a3-be84-c5264c2c00f7|rpc:172.17.0.2:43545] with ContainerStateMachine:uninitialized
2020-12-24 03:52:14,453 [pool-269-thread-1] INFO  server.RaftServerConfigKeys (ConfUtils.java:logGet(44)) - raft.server.rpc.timeout.min = 5s (custom)
2020-12-24 03:52:14,454 [pool-269-thread-1] INFO  server.RaftServerConfigKeys (ConfUtils.java:logGet(44)) - raft.server.rpc.timeout.max = 5200ms (custom)
2020-12-24 03:52:14,454 [pool-269-thread-1] INFO  server.RaftServerConfigKeys (ConfUtils.java:logGet(44)) - raft.server.rpc.sleep.time = 25ms (default)
2020-12-24 03:52:14,454 [pool-269-thread-1] INFO  server.RaftServerConfigKeys (ConfUtils.java:logGet(44)) - raft.server.rpc.slowness.timeout = 300s (custom)
2020-12-24 03:52:14,454 [pool-269-thread-1] INFO  server.RaftServerConfigKeys (ConfUtils.java:logGet(44)) - raft.server.leaderelection.leader.step-down.wait-time = 10s (default)
2020-12-24 03:52:14,454 [pool-269-thread-1] INFO  server.RaftServerConfigKeys (ConfUtils.java:logGet(44)) - raft.server.sleep.deviation.threshold = 300ms (default)
2020-12-24 03:52:14,454 [pool-269-thread-1] INFO  server.RaftServerConfigKeys (ConfUtils.java:logGet(44)) - raft.server.log.appender.install.snapshot.enabled = false (custom)
2020-12-24 03:52:14,454 [pool-269-thread-1] INFO  server.RaftServer$Division (ServerState.java:<init>(104)) - 9439cf50-f8ac-47a3-be84-c5264c2c00f7@group-C31F1BE08C0B: ConfigurationManager, init=-1: [9439cf50-f8ac-47a3-be84-c5264c2c00f7|rpc:172.17.0.2:43545], old=null, confs=<EMPTY_MAP>
2020-12-24 03:52:14,454 [pool-269-thread-1] INFO  server.RaftServerConfigKeys (ConfUtils.java:logGet(44)) - raft.server.storage.dir = [/github/workspace/mnt/ozone/hadoop-ozone/integration-test/target/test-dir/MiniOzoneClusterImpl-9e14565b-f938-48ad-b0e9-52a6969cb554/datanode-2/data/ratis] (custom)
2020-12-24 03:52:14,454 [pool-269-thread-1] INFO  server.RaftServerConfigKeys (ConfUtils.java:logGet(44)) - raft.server.log.corruption.policy = EXCEPTION (default)
2020-12-24 03:52:14,455 [pool-269-thread-1] INFO  storage.RaftStorageDirectory (RaftStorageDirectory.java:analyzeStorage(260)) - The storage directory /github/workspace/mnt/ozone/hadoop-ozone/integration-test/target/test-dir/MiniOzoneClusterImpl-9e14565b-f938-48ad-b0e9-52a6969cb554/datanode-2/data/ratis/6e0c99c5-0bcb-4a7e-93c9-c31f1be08c0b does not exist. Creating ...
2020-12-24 03:52:14,456 [pool-269-thread-1] INFO  storage.RaftStorageDirectory (RaftStorageDirectory.java:tryLock(342)) - Lock on /github/workspace/mnt/ozone/hadoop-ozone/integration-test/target/test-dir/MiniOzoneClusterImpl-9e14565b-f938-48ad-b0e9-52a6969cb554/datanode-2/data/ratis/6e0c99c5-0bcb-4a7e-93c9-c31f1be08c0b/in_use.lock acquired by nodename 22406@822d467d5ade
2020-12-24 03:52:14,457 [pool-269-thread-1] INFO  storage.RaftStorage (RaftStorage.java:format(89)) - Storage directory /github/workspace/mnt/ozone/hadoop-ozone/integration-test/target/test-dir/MiniOzoneClusterImpl-9e14565b-f938-48ad-b0e9-52a6969cb554/datanode-2/data/ratis/6e0c99c5-0bcb-4a7e-93c9-c31f1be08c0b has been successfully formatted.
2020-12-24 03:52:14,457 [pool-269-thread-1] INFO  ratis.ContainerStateMachine (ContainerStateMachine.java:loadSnapshot(223)) - group-C31F1BE08C0B: The snapshot info is null. Setting the last applied indexto:(t:0, i:~)
2020-12-24 03:52:14,457 [pool-269-thread-1] ERROR storage.RaftStorage (RaftStorage.java:readRaftConfiguration(152)) - Failed reading configuration from file:/github/workspace/mnt/ozone/hadoop-ozone/integration-test/target/test-dir/MiniOzoneClusterImpl-9e14565b-f938-48ad-b0e9-52a6969cb554/datanode-2/data/ratis/6e0c99c5-0bcb-4a7e-93c9-c31f1be08c0b/current/raft-meta.conf
java.io.FileNotFoundException: /github/workspace/mnt/ozone/hadoop-ozone/integration-test/target/test-dir/MiniOzoneClusterImpl-9e14565b-f938-48ad-b0e9-52a6969cb554/datanode-2/data/ratis/6e0c99c5-0bcb-4a7e-93c9-c31f1be08c0b/current/raft-meta.conf (No such file or directory)
	at java.io.FileInputStream.open0(Native Method)
	at java.io.FileInputStream.open(FileInputStream.java:195)
	at java.io.FileInputStream.<init>(FileInputStream.java:138)
	at org.apache.ratis.server.storage.RaftStorage.readRaftConfiguration(RaftStorage.java:148)
	at org.apache.ratis.server.impl.ServerState.initStatemachine(ServerState.java:167)
	at org.apache.ratis.server.impl.ServerState.<init>(ServerState.java:112)
	at org.apache.ratis.server.impl.RaftServerImpl.<init>(RaftServerImpl.java:186)
	at org.apache.ratis.server.impl.RaftServerProxy.lambda$newRaftServerImpl$4(RaftServerProxy.java:264)
	at java.util.concurrent.CompletableFuture$AsyncSupply.run(CompletableFuture.java:1604)
	at java.util.concurrent.ThreadPoolExecutor.runWorker(ThreadPoolExecutor.java:1149)
	at java.util.concurrent.ThreadPoolExecutor$Worker.run(ThreadPoolExecutor.java:624)
	at java.lang.Thread.run(Thread.java:748)
2020-12-24 03:52:14,458 [pool-269-thread-1] INFO  server.RaftServerConfigKeys (ConfUtils.java:logGet(44)) - raft.server.notification.no-leader.timeout = 300s (custom)
2020-12-24 03:52:14,458 [pool-269-thread-1] INFO  server.RaftServerConfigKeys (ConfUtils.java:logGet(44)) - raft.server.log.use.memory = false (default)
2020-12-24 03:52:14,458 [pool-269-thread-1] INFO  server.RaftServerConfigKeys (ConfUtils.java:logGet(44)) - raft.server.log.purge.gap = 1000000 (custom)
2020-12-24 03:52:14,458 [pool-269-thread-1] INFO  metrics.RatisMetrics (RatisMetrics.java:lambda$create$0(36)) - Creating Metrics Registry : ratis.log_worker.9439cf50-f8ac-47a3-be84-c5264c2c00f7@group-C31F1BE08C0B
2020-12-24 03:52:14,458 [EventQueue-PipelineReportForOneReplicaPipelineSafeModeRule] INFO  safemode.SCMSafeModeManager (SCMSafeModeManager.java:validateSafeModeExitRules(214)) - AtleastOneDatanodeReportedRule rule is successfully validated
2020-12-24 03:52:14,459 [EventQueue-PipelineReportForPipelineReportHandler] INFO  pipeline.PipelineStateManager (PipelineStateManager.java:openPipeline(132)) - Pipeline Pipeline[ Id: 6e0c99c5-0bcb-4a7e-93c9-c31f1be08c0b, Nodes: 9439cf50-f8ac-47a3-be84-c5264c2c00f7{ip: 172.17.0.2, host: 822d467d5ade, networkLocation: /default-rack, certSerialId: null, persistedOpState: IN_SERVICE, persistedOpStateExpiryEpochSec: 0}, Type:RATIS, Factor:ONE, State:ALLOCATED, leaderId:9439cf50-f8ac-47a3-be84-c5264c2c00f7, CreationTimestamp2020-12-24T03:52:11.453Z] moved to OPEN state
2020-12-24 03:52:14,459 [pool-269-thread-1] INFO  server.RaftServerConfigKeys (ConfUtils.java:logGet(44)) - raft.server.log.appender.buffer.byte-limit = 33554432 (custom)
2020-12-24 03:52:14,459 [pool-269-thread-1] INFO  server.RaftServerConfigKeys (ConfUtils.java:logGet(44)) - raft.server.log.segment.size.max = 1048576 (custom)
2020-12-24 03:52:14,459 [EventQueue-OpenPipelineForHealthyPipelineSafeModeRule] INFO  safemode.SCMSafeModeManager (HealthyPipelineSafeModeRule.java:process(128)) - SCM in safe mode. Healthy pipelines reported count is 0, required healthy pipeline reported count is 1
2020-12-24 03:52:14,467 [pool-269-thread-1] INFO  server.RaftServerConfigKeys (ConfUtils.java:logGet(44)) - raft.server.log.segment.cache.num.max = 2 (custom)
2020-12-24 03:52:14,467 [pool-269-thread-1] INFO  server.RaftServerConfigKeys (ConfUtils.java:logGet(44)) - raft.server.log.segment.cache.size.max = 200MB (=209715200) (default)
2020-12-24 03:52:14,467 [pool-269-thread-1] INFO  segmented.SegmentedRaftLogWorker (SegmentedRaftLogWorker.java:<init>(181)) - new 9439cf50-f8ac-47a3-be84-c5264c2c00f7@group-C31F1BE08C0B-SegmentedRaftLogWorker for RaftStorage:Storage Directory /github/workspace/mnt/ozone/hadoop-ozone/integration-test/target/test-dir/MiniOzoneClusterImpl-9e14565b-f938-48ad-b0e9-52a6969cb554/datanode-2/data/ratis/6e0c99c5-0bcb-4a7e-93c9-c31f1be08c0b
2020-12-24 03:52:14,468 [pool-269-thread-1] INFO  server.RaftServerConfigKeys (ConfUtils.java:logGet(44)) - raft.server.log.queue.byte-limit = 2147483647 (custom)
2020-12-24 03:52:14,468 [pool-269-thread-1] INFO  server.RaftServerConfigKeys (ConfUtils.java:logGet(44)) - raft.server.log.queue.element-limit = 1024 (custom)
2020-12-24 03:52:14,468 [pool-269-thread-1] INFO  server.RaftServerConfigKeys (ConfUtils.java:logGet(44)) - raft.server.log.segment.size.max = 1048576 (custom)
2020-12-24 03:52:14,468 [pool-269-thread-1] INFO  server.RaftServerConfigKeys (ConfUtils.java:logGet(44)) - raft.server.log.preallocated.size = 16384 (custom)
2020-12-24 03:52:14,468 [pool-269-thread-1] INFO  server.RaftServerConfigKeys (ConfUtils.java:logGet(44)) - raft.server.log.force.sync.num = 128 (default)
2020-12-24 03:52:14,468 [pool-269-thread-1] INFO  server.RaftServerConfigKeys (ConfUtils.java:logGet(44)) - raft.server.log.statemachine.data.sync = true (default)
2020-12-24 03:52:14,468 [pool-269-thread-1] INFO  server.RaftServerConfigKeys (ConfUtils.java:logGet(44)) - raft.server.log.statemachine.data.sync.timeout = 10s (default)
2020-12-24 03:52:14,468 [pool-269-thread-1] INFO  server.RaftServerConfigKeys (ConfUtils.java:logGet(44)) - raft.server.log.statemachine.data.sync.timeout.retry = -1 (default)
2020-12-24 03:52:14,469 [pool-269-thread-1] INFO  server.RaftServerConfigKeys (ConfUtils.java:logGet(44)) - raft.server.log.write.buffer.size = 1048576 (custom)
2020-12-24 03:52:14,470 [pool-269-thread-1] INFO  server.RaftServerConfigKeys (ConfUtils.java:logGet(44)) - raft.server.log.statemachine.data.caching.enabled = true (custom)
2020-12-24 03:52:14,470 [pool-269-thread-1] INFO  segmented.SegmentedRaftLogWorker (SegmentedRaftLogWorker.java:lambda$new$0(132)) - 9439cf50-f8ac-47a3-be84-c5264c2c00f7@group-C31F1BE08C0B-SegmentedRaftLogWorker: flushIndex: setUnconditionally 0 -> -1
2020-12-24 03:52:14,470 [pool-269-thread-1] INFO  segmented.SegmentedRaftLogWorker (SegmentedRaftLogWorker.java:lambda$new$0(132)) - 9439cf50-f8ac-47a3-be84-c5264c2c00f7@group-C31F1BE08C0B-SegmentedRaftLogWorker: safeCacheEvictIndex: setUnconditionally 0 -> -1
2020-12-24 03:52:14,470 [pool-269-thread-1] INFO  server.RaftServerConfigKeys (ConfUtils.java:logGet(44)) - raft.server.snapshot.auto.trigger.enabled = true (custom)
2020-12-24 03:52:14,470 [pool-269-thread-1] INFO  server.RaftServerConfigKeys (ConfUtils.java:logGet(44)) - raft.server.snapshot.auto.trigger.threshold = 10000 (custom)
2020-12-24 03:52:14,470 [pool-269-thread-1] INFO  server.RaftServerConfigKeys (ConfUtils.java:logGet(44)) - raft.server.snapshot.retention.file.num = 5 (custom)
2020-12-24 03:52:14,470 [pool-269-thread-1] INFO  server.RaftServerConfigKeys (ConfUtils.java:logGet(44)) - raft.server.log.purge.upto.snapshot.index = false (default)
2020-12-24 03:52:14,470 [pool-269-thread-1] INFO  server.RaftServerConfigKeys (ConfUtils.java:logGet(44)) - raft.server.retrycache.expirytime = 600000ms (custom)
2020-12-24 03:52:14,470 [pool-269-thread-1] INFO  server.RaftServerConfigKeys (ConfUtils.java:logGet(44)) - raft.server.retrycache.statistics.expirytime = 100?s (default)
2020-12-24 03:52:14,471 [pool-269-thread-1] INFO  metrics.RatisMetrics (RatisMetrics.java:lambda$create$0(36)) - Creating Metrics Registry : ratis.leader_election.9439cf50-f8ac-47a3-be84-c5264c2c00f7@group-C31F1BE08C0B
2020-12-24 03:52:14,471 [pool-269-thread-1] INFO  metrics.RatisMetrics (RatisMetrics.java:lambda$create$0(36)) - Creating Metrics Registry : ratis.server.9439cf50-f8ac-47a3-be84-c5264c2c00f7@group-C31F1BE08C0B
2020-12-24 03:52:14,472 [pool-269-thread-1] INFO  server.RaftServer$Division (RaftServerImpl.java:start(286)) - 9439cf50-f8ac-47a3-be84-c5264c2c00f7@group-C31F1BE08C0B: start as a follower, conf=-1: [9439cf50-f8ac-47a3-be84-c5264c2c00f7|rpc:172.17.0.2:43545], old=null
2020-12-24 03:52:14,472 [pool-269-thread-1] INFO  server.RaftServer$Division (RaftServerImpl.java:setRole(275)) - 9439cf50-f8ac-47a3-be84-c5264c2c00f7@group-C31F1BE08C0B: changes role from      null to FOLLOWER at term 0 for startAsFollower
2020-12-24 03:52:14,472 [pool-269-thread-1] INFO  impl.RoleInfo (RoleInfo.java:updateAndGet(130)) - 9439cf50-f8ac-47a3-be84-c5264c2c00f7: start 9439cf50-f8ac-47a3-be84-c5264c2c00f7@group-C31F1BE08C0B-FollowerState
2020-12-24 03:52:14,473 [pool-269-thread-1] INFO  util.JmxRegister (JmxRegister.java:tryRegister(44)) - Successfully registered JMX Bean with object name Ratis:service=RaftServer,group=group-C31F1BE08C0B,id=9439cf50-f8ac-47a3-be84-c5264c2c00f7
2020-12-24 03:52:14,473 [pool-269-thread-1] INFO  metrics.RatisMetrics (RatisMetrics.java:lambda$create$0(36)) - Creating Metrics Registry : ratis.state_machine.9439cf50-f8ac-47a3-be84-c5264c2c00f7@group-C31F1BE08C0B
2020-12-24 03:52:14,473 [Command processor thread] INFO  commandhandler.CreatePipelineCommandHandler (CreatePipelineCommandHandler.java:handle(106)) - Created Pipeline RATIS ONE PipelineID=6e0c99c5-0bcb-4a7e-93c9-c31f1be08c0b.
2020-12-24 03:52:14,665 [Command processor thread] INFO  server.RaftServer (RaftServerProxy.java:addNew(93)) - 5e947d80-2832-4cc2-a4b3-abe531d5f2d2: addNew group-84FA30717AF9:[5e947d80-2832-4cc2-a4b3-abe531d5f2d2|rpc:172.17.0.2:41285] returns group-84FA30717AF9:java.util.concurrent.CompletableFuture@24a2f59f[Not completed]
2020-12-24 03:52:14,665 [EventQueue-PipelineReportForOneReplicaPipelineSafeModeRule] INFO  safemode.SCMSafeModeManager (SCMSafeModeManager.java:validateSafeModeExitRules(214)) - AtleastOneDatanodeReportedRule rule is successfully validated
2020-12-24 03:52:14,667 [pool-285-thread-1] INFO  server.RaftServer$Division (RaftServerImpl.java:<init>(173)) - 5e947d80-2832-4cc2-a4b3-abe531d5f2d2: new RaftServerImpl for group-84FA30717AF9:[5e947d80-2832-4cc2-a4b3-abe531d5f2d2|rpc:172.17.0.2:41285] with ContainerStateMachine:uninitialized
2020-12-24 03:52:14,668 [pool-285-thread-1] INFO  server.RaftServerConfigKeys (ConfUtils.java:logGet(44)) - raft.server.rpc.timeout.min = 5s (custom)
2020-12-24 03:52:14,668 [pool-285-thread-1] INFO  server.RaftServerConfigKeys (ConfUtils.java:logGet(44)) - raft.server.rpc.timeout.max = 5200ms (custom)
2020-12-24 03:52:14,668 [pool-285-thread-1] INFO  server.RaftServerConfigKeys (ConfUtils.java:logGet(44)) - raft.server.rpc.sleep.time = 25ms (default)
2020-12-24 03:52:14,668 [pool-285-thread-1] INFO  server.RaftServerConfigKeys (ConfUtils.java:logGet(44)) - raft.server.rpc.slowness.timeout = 300s (custom)
2020-12-24 03:52:14,668 [pool-285-thread-1] INFO  server.RaftServerConfigKeys (ConfUtils.java:logGet(44)) - raft.server.leaderelection.leader.step-down.wait-time = 10s (default)
2020-12-24 03:52:14,669 [pool-285-thread-1] INFO  server.RaftServerConfigKeys (ConfUtils.java:logGet(44)) - raft.server.sleep.deviation.threshold = 300ms (default)
2020-12-24 03:52:14,669 [pool-285-thread-1] INFO  server.RaftServerConfigKeys (ConfUtils.java:logGet(44)) - raft.server.log.appender.install.snapshot.enabled = false (custom)
2020-12-24 03:52:14,669 [pool-285-thread-1] INFO  server.RaftServer$Division (ServerState.java:<init>(104)) - 5e947d80-2832-4cc2-a4b3-abe531d5f2d2@group-84FA30717AF9: ConfigurationManager, init=-1: [5e947d80-2832-4cc2-a4b3-abe531d5f2d2|rpc:172.17.0.2:41285], old=null, confs=<EMPTY_MAP>
2020-12-24 03:52:14,669 [pool-285-thread-1] INFO  server.RaftServerConfigKeys (ConfUtils.java:logGet(44)) - raft.server.storage.dir = [/github/workspace/mnt/ozone/hadoop-ozone/integration-test/target/test-dir/MiniOzoneClusterImpl-9e14565b-f938-48ad-b0e9-52a6969cb554/datanode-3/data/ratis] (custom)
2020-12-24 03:52:14,669 [pool-285-thread-1] INFO  server.RaftServerConfigKeys (ConfUtils.java:logGet(44)) - raft.server.log.corruption.policy = EXCEPTION (default)
2020-12-24 03:52:14,669 [pool-285-thread-1] INFO  storage.RaftStorageDirectory (RaftStorageDirectory.java:analyzeStorage(260)) - The storage directory /github/workspace/mnt/ozone/hadoop-ozone/integration-test/target/test-dir/MiniOzoneClusterImpl-9e14565b-f938-48ad-b0e9-52a6969cb554/datanode-3/data/ratis/0b8d01b0-9d46-4811-b14e-84fa30717af9 does not exist. Creating ...
2020-12-24 03:52:14,670 [pool-285-thread-1] INFO  storage.RaftStorageDirectory (RaftStorageDirectory.java:tryLock(342)) - Lock on /github/workspace/mnt/ozone/hadoop-ozone/integration-test/target/test-dir/MiniOzoneClusterImpl-9e14565b-f938-48ad-b0e9-52a6969cb554/datanode-3/data/ratis/0b8d01b0-9d46-4811-b14e-84fa30717af9/in_use.lock acquired by nodename 22406@822d467d5ade
2020-12-24 03:52:14,671 [pool-285-thread-1] INFO  storage.RaftStorage (RaftStorage.java:format(89)) - Storage directory /github/workspace/mnt/ozone/hadoop-ozone/integration-test/target/test-dir/MiniOzoneClusterImpl-9e14565b-f938-48ad-b0e9-52a6969cb554/datanode-3/data/ratis/0b8d01b0-9d46-4811-b14e-84fa30717af9 has been successfully formatted.
2020-12-24 03:52:14,672 [pool-285-thread-1] INFO  ratis.ContainerStateMachine (ContainerStateMachine.java:loadSnapshot(223)) - group-84FA30717AF9: The snapshot info is null. Setting the last applied indexto:(t:0, i:~)
2020-12-24 03:52:14,672 [pool-285-thread-1] ERROR storage.RaftStorage (RaftStorage.java:readRaftConfiguration(152)) - Failed reading configuration from file:/github/workspace/mnt/ozone/hadoop-ozone/integration-test/target/test-dir/MiniOzoneClusterImpl-9e14565b-f938-48ad-b0e9-52a6969cb554/datanode-3/data/ratis/0b8d01b0-9d46-4811-b14e-84fa30717af9/current/raft-meta.conf
java.io.FileNotFoundException: /github/workspace/mnt/ozone/hadoop-ozone/integration-test/target/test-dir/MiniOzoneClusterImpl-9e14565b-f938-48ad-b0e9-52a6969cb554/datanode-3/data/ratis/0b8d01b0-9d46-4811-b14e-84fa30717af9/current/raft-meta.conf (No such file or directory)
	at java.io.FileInputStream.open0(Native Method)
	at java.io.FileInputStream.open(FileInputStream.java:195)
	at java.io.FileInputStream.<init>(FileInputStream.java:138)
	at org.apache.ratis.server.storage.RaftStorage.readRaftConfiguration(RaftStorage.java:148)
	at org.apache.ratis.server.impl.ServerState.initStatemachine(ServerState.java:167)
	at org.apache.ratis.server.impl.ServerState.<init>(ServerState.java:112)
	at org.apache.ratis.server.impl.RaftServerImpl.<init>(RaftServerImpl.java:186)
	at org.apache.ratis.server.impl.RaftServerProxy.lambda$newRaftServerImpl$4(RaftServerProxy.java:264)
	at java.util.concurrent.CompletableFuture$AsyncSupply.run(CompletableFuture.java:1604)
	at java.util.concurrent.ThreadPoolExecutor.runWorker(ThreadPoolExecutor.java:1149)
	at java.util.concurrent.ThreadPoolExecutor$Worker.run(ThreadPoolExecutor.java:624)
	at java.lang.Thread.run(Thread.java:748)
2020-12-24 03:52:14,672 [pool-285-thread-1] INFO  server.RaftServerConfigKeys (ConfUtils.java:logGet(44)) - raft.server.notification.no-leader.timeout = 300s (custom)
2020-12-24 03:52:14,672 [pool-285-thread-1] INFO  server.RaftServerConfigKeys (ConfUtils.java:logGet(44)) - raft.server.log.use.memory = false (default)
2020-12-24 03:52:14,672 [pool-285-thread-1] INFO  server.RaftServerConfigKeys (ConfUtils.java:logGet(44)) - raft.server.log.purge.gap = 1000000 (custom)
2020-12-24 03:52:14,672 [pool-285-thread-1] INFO  metrics.RatisMetrics (RatisMetrics.java:lambda$create$0(36)) - Creating Metrics Registry : ratis.log_worker.5e947d80-2832-4cc2-a4b3-abe531d5f2d2@group-84FA30717AF9
2020-12-24 03:52:14,673 [EventQueue-PipelineReportForPipelineReportHandler] INFO  pipeline.PipelineStateManager (PipelineStateManager.java:openPipeline(132)) - Pipeline Pipeline[ Id: 0b8d01b0-9d46-4811-b14e-84fa30717af9, Nodes: 5e947d80-2832-4cc2-a4b3-abe531d5f2d2{ip: 172.17.0.2, host: 822d467d5ade, networkLocation: /default-rack, certSerialId: null, persistedOpState: IN_SERVICE, persistedOpStateExpiryEpochSec: 0}, Type:RATIS, Factor:ONE, State:ALLOCATED, leaderId:5e947d80-2832-4cc2-a4b3-abe531d5f2d2, CreationTimestamp2020-12-24T03:52:11.669Z] moved to OPEN state
2020-12-24 03:52:14,673 [EventQueue-PipelineReportForOneReplicaPipelineSafeModeRule] INFO  safemode.SCMSafeModeManager (SCMSafeModeManager.java:validateSafeModeExitRules(214)) - AtleastOneDatanodeReportedRule rule is successfully validated
2020-12-24 03:52:14,673 [EventQueue-OpenPipelineForHealthyPipelineSafeModeRule] INFO  safemode.SCMSafeModeManager (HealthyPipelineSafeModeRule.java:process(128)) - SCM in safe mode. Healthy pipelines reported count is 0, required healthy pipeline reported count is 1
2020-12-24 03:52:14,674 [pool-285-thread-1] INFO  server.RaftServerConfigKeys (ConfUtils.java:logGet(44)) - raft.server.log.appender.buffer.byte-limit = 33554432 (custom)
2020-12-24 03:52:14,674 [pool-285-thread-1] INFO  server.RaftServerConfigKeys (ConfUtils.java:logGet(44)) - raft.server.log.segment.size.max = 1048576 (custom)
2020-12-24 03:52:14,674 [pool-285-thread-1] INFO  server.RaftServerConfigKeys (ConfUtils.java:logGet(44)) - raft.server.log.segment.cache.num.max = 2 (custom)
2020-12-24 03:52:14,675 [pool-285-thread-1] INFO  server.RaftServerConfigKeys (ConfUtils.java:logGet(44)) - raft.server.log.segment.cache.size.max = 200MB (=209715200) (default)
2020-12-24 03:52:14,675 [pool-285-thread-1] INFO  segmented.SegmentedRaftLogWorker (SegmentedRaftLogWorker.java:<init>(181)) - new 5e947d80-2832-4cc2-a4b3-abe531d5f2d2@group-84FA30717AF9-SegmentedRaftLogWorker for RaftStorage:Storage Directory /github/workspace/mnt/ozone/hadoop-ozone/integration-test/target/test-dir/MiniOzoneClusterImpl-9e14565b-f938-48ad-b0e9-52a6969cb554/datanode-3/data/ratis/0b8d01b0-9d46-4811-b14e-84fa30717af9
2020-12-24 03:52:14,675 [pool-285-thread-1] INFO  server.RaftServerConfigKeys (ConfUtils.java:logGet(44)) - raft.server.log.queue.byte-limit = 2147483647 (custom)
2020-12-24 03:52:14,675 [pool-285-thread-1] INFO  server.RaftServerConfigKeys (ConfUtils.java:logGet(44)) - raft.server.log.queue.element-limit = 1024 (custom)
2020-12-24 03:52:14,675 [pool-285-thread-1] INFO  server.RaftServerConfigKeys (ConfUtils.java:logGet(44)) - raft.server.log.segment.size.max = 1048576 (custom)
2020-12-24 03:52:14,675 [pool-285-thread-1] INFO  server.RaftServerConfigKeys (ConfUtils.java:logGet(44)) - raft.server.log.preallocated.size = 16384 (custom)
2020-12-24 03:52:14,675 [pool-285-thread-1] INFO  server.RaftServerConfigKeys (ConfUtils.java:logGet(44)) - raft.server.log.force.sync.num = 128 (default)
2020-12-24 03:52:14,675 [pool-285-thread-1] INFO  server.RaftServerConfigKeys (ConfUtils.java:logGet(44)) - raft.server.log.statemachine.data.sync = true (default)
2020-12-24 03:52:14,675 [pool-285-thread-1] INFO  server.RaftServerConfigKeys (ConfUtils.java:logGet(44)) - raft.server.log.statemachine.data.sync.timeout = 10s (default)
2020-12-24 03:52:14,675 [pool-285-thread-1] INFO  server.RaftServerConfigKeys (ConfUtils.java:logGet(44)) - raft.server.log.statemachine.data.sync.timeout.retry = -1 (default)
2020-12-24 03:52:14,676 [pool-285-thread-1] INFO  server.RaftServerConfigKeys (ConfUtils.java:logGet(44)) - raft.server.log.write.buffer.size = 1048576 (custom)
2020-12-24 03:52:14,677 [pool-285-thread-1] INFO  server.RaftServerConfigKeys (ConfUtils.java:logGet(44)) - raft.server.log.statemachine.data.caching.enabled = true (custom)
2020-12-24 03:52:14,677 [pool-285-thread-1] INFO  segmented.SegmentedRaftLogWorker (SegmentedRaftLogWorker.java:lambda$new$0(132)) - 5e947d80-2832-4cc2-a4b3-abe531d5f2d2@group-84FA30717AF9-SegmentedRaftLogWorker: flushIndex: setUnconditionally 0 -> -1
2020-12-24 03:52:14,677 [pool-285-thread-1] INFO  segmented.SegmentedRaftLogWorker (SegmentedRaftLogWorker.java:lambda$new$0(132)) - 5e947d80-2832-4cc2-a4b3-abe531d5f2d2@group-84FA30717AF9-SegmentedRaftLogWorker: safeCacheEvictIndex: setUnconditionally 0 -> -1
2020-12-24 03:52:14,685 [pool-285-thread-1] INFO  server.RaftServerConfigKeys (ConfUtils.java:logGet(44)) - raft.server.snapshot.auto.trigger.enabled = true (custom)
2020-12-24 03:52:14,685 [pool-285-thread-1] INFO  server.RaftServerConfigKeys (ConfUtils.java:logGet(44)) - raft.server.snapshot.auto.trigger.threshold = 10000 (custom)
2020-12-24 03:52:14,686 [pool-285-thread-1] INFO  server.RaftServerConfigKeys (ConfUtils.java:logGet(44)) - raft.server.snapshot.retention.file.num = 5 (custom)
2020-12-24 03:52:14,686 [pool-285-thread-1] INFO  server.RaftServerConfigKeys (ConfUtils.java:logGet(44)) - raft.server.log.purge.upto.snapshot.index = false (default)
2020-12-24 03:52:14,686 [pool-285-thread-1] INFO  server.RaftServerConfigKeys (ConfUtils.java:logGet(44)) - raft.server.retrycache.expirytime = 600000ms (custom)
2020-12-24 03:52:14,686 [pool-285-thread-1] INFO  server.RaftServerConfigKeys (ConfUtils.java:logGet(44)) - raft.server.retrycache.statistics.expirytime = 100?s (default)
2020-12-24 03:52:14,687 [pool-285-thread-1] INFO  metrics.RatisMetrics (RatisMetrics.java:lambda$create$0(36)) - Creating Metrics Registry : ratis.leader_election.5e947d80-2832-4cc2-a4b3-abe531d5f2d2@group-84FA30717AF9
2020-12-24 03:52:14,687 [pool-285-thread-1] INFO  metrics.RatisMetrics (RatisMetrics.java:lambda$create$0(36)) - Creating Metrics Registry : ratis.server.5e947d80-2832-4cc2-a4b3-abe531d5f2d2@group-84FA30717AF9
2020-12-24 03:52:14,688 [pool-285-thread-1] INFO  server.RaftServer$Division (RaftServerImpl.java:start(286)) - 5e947d80-2832-4cc2-a4b3-abe531d5f2d2@group-84FA30717AF9: start as a follower, conf=-1: [5e947d80-2832-4cc2-a4b3-abe531d5f2d2|rpc:172.17.0.2:41285], old=null
2020-12-24 03:52:14,689 [pool-285-thread-1] INFO  server.RaftServer$Division (RaftServerImpl.java:setRole(275)) - 5e947d80-2832-4cc2-a4b3-abe531d5f2d2@group-84FA30717AF9: changes role from      null to FOLLOWER at term 0 for startAsFollower
2020-12-24 03:52:14,689 [pool-285-thread-1] INFO  impl.RoleInfo (RoleInfo.java:updateAndGet(130)) - 5e947d80-2832-4cc2-a4b3-abe531d5f2d2: start 5e947d80-2832-4cc2-a4b3-abe531d5f2d2@group-84FA30717AF9-FollowerState
2020-12-24 03:52:14,690 [pool-285-thread-1] INFO  util.JmxRegister (JmxRegister.java:tryRegister(44)) - Successfully registered JMX Bean with object name Ratis:service=RaftServer,group=group-84FA30717AF9,id=5e947d80-2832-4cc2-a4b3-abe531d5f2d2
2020-12-24 03:52:14,690 [pool-285-thread-1] INFO  metrics.RatisMetrics (RatisMetrics.java:lambda$create$0(36)) - Creating Metrics Registry : ratis.state_machine.5e947d80-2832-4cc2-a4b3-abe531d5f2d2@group-84FA30717AF9
2020-12-24 03:52:14,691 [Command processor thread] INFO  commandhandler.CreatePipelineCommandHandler (CreatePipelineCommandHandler.java:handle(106)) - Created Pipeline RATIS ONE PipelineID=0b8d01b0-9d46-4811-b14e-84fa30717af9.
2020-12-24 03:52:14,691 [Command processor thread] INFO  server.RaftServer (RaftServerProxy.java:addNew(93)) - 5e947d80-2832-4cc2-a4b3-abe531d5f2d2: addNew group-862D180445F9:[d39cfd4e-a5ab-4099-ae66-25f36cfdb7e3|rpc:172.17.0.2:44379, 0dae4c23-fefe-4bb2-bc72-7e8960a30d82|rpc:172.17.0.2:39989, 5e947d80-2832-4cc2-a4b3-abe531d5f2d2|rpc:172.17.0.2:41285] returns group-862D180445F9:java.util.concurrent.CompletableFuture@209d75d3[Not completed]
2020-12-24 03:52:14,691 [pool-285-thread-1] INFO  server.RaftServer$Division (RaftServerImpl.java:<init>(173)) - 5e947d80-2832-4cc2-a4b3-abe531d5f2d2: new RaftServerImpl for group-862D180445F9:[d39cfd4e-a5ab-4099-ae66-25f36cfdb7e3|rpc:172.17.0.2:44379, 0dae4c23-fefe-4bb2-bc72-7e8960a30d82|rpc:172.17.0.2:39989, 5e947d80-2832-4cc2-a4b3-abe531d5f2d2|rpc:172.17.0.2:41285] with ContainerStateMachine:uninitialized
2020-12-24 03:52:14,692 [pool-285-thread-1] INFO  server.RaftServerConfigKeys (ConfUtils.java:logGet(44)) - raft.server.rpc.timeout.min = 5s (custom)
2020-12-24 03:52:14,692 [pool-285-thread-1] INFO  server.RaftServerConfigKeys (ConfUtils.java:logGet(44)) - raft.server.rpc.timeout.max = 5200ms (custom)
2020-12-24 03:52:14,692 [pool-285-thread-1] INFO  server.RaftServerConfigKeys (ConfUtils.java:logGet(44)) - raft.server.rpc.sleep.time = 25ms (default)
2020-12-24 03:52:14,692 [pool-285-thread-1] INFO  server.RaftServerConfigKeys (ConfUtils.java:logGet(44)) - raft.server.rpc.slowness.timeout = 300s (custom)
2020-12-24 03:52:14,692 [pool-285-thread-1] INFO  server.RaftServerConfigKeys (ConfUtils.java:logGet(44)) - raft.server.leaderelection.leader.step-down.wait-time = 10s (default)
2020-12-24 03:52:14,692 [pool-285-thread-1] INFO  server.RaftServerConfigKeys (ConfUtils.java:logGet(44)) - raft.server.sleep.deviation.threshold = 300ms (default)
2020-12-24 03:52:14,692 [pool-285-thread-1] INFO  server.RaftServerConfigKeys (ConfUtils.java:logGet(44)) - raft.server.log.appender.install.snapshot.enabled = false (custom)
2020-12-24 03:52:14,692 [pool-285-thread-1] INFO  server.RaftServer$Division (ServerState.java:<init>(104)) - 5e947d80-2832-4cc2-a4b3-abe531d5f2d2@group-862D180445F9: ConfigurationManager, init=-1: [d39cfd4e-a5ab-4099-ae66-25f36cfdb7e3|rpc:172.17.0.2:44379, 0dae4c23-fefe-4bb2-bc72-7e8960a30d82|rpc:172.17.0.2:39989, 5e947d80-2832-4cc2-a4b3-abe531d5f2d2|rpc:172.17.0.2:41285], old=null, confs=<EMPTY_MAP>
2020-12-24 03:52:14,692 [pool-285-thread-1] INFO  server.RaftServerConfigKeys (ConfUtils.java:logGet(44)) - raft.server.storage.dir = [/github/workspace/mnt/ozone/hadoop-ozone/integration-test/target/test-dir/MiniOzoneClusterImpl-9e14565b-f938-48ad-b0e9-52a6969cb554/datanode-3/data/ratis] (custom)
2020-12-24 03:52:14,692 [pool-285-thread-1] INFO  server.RaftServerConfigKeys (ConfUtils.java:logGet(44)) - raft.server.log.corruption.policy = EXCEPTION (default)
2020-12-24 03:52:14,692 [pool-285-thread-1] INFO  storage.RaftStorageDirectory (RaftStorageDirectory.java:analyzeStorage(260)) - The storage directory /github/workspace/mnt/ozone/hadoop-ozone/integration-test/target/test-dir/MiniOzoneClusterImpl-9e14565b-f938-48ad-b0e9-52a6969cb554/datanode-3/data/ratis/ed412735-11f3-4c1f-aba5-862d180445f9 does not exist. Creating ...
2020-12-24 03:52:14,699 [pool-285-thread-1] INFO  storage.RaftStorageDirectory (RaftStorageDirectory.java:tryLock(342)) - Lock on /github/workspace/mnt/ozone/hadoop-ozone/integration-test/target/test-dir/MiniOzoneClusterImpl-9e14565b-f938-48ad-b0e9-52a6969cb554/datanode-3/data/ratis/ed412735-11f3-4c1f-aba5-862d180445f9/in_use.lock acquired by nodename 22406@822d467d5ade
2020-12-24 03:52:14,700 [pool-285-thread-1] INFO  storage.RaftStorage (RaftStorage.java:format(89)) - Storage directory /github/workspace/mnt/ozone/hadoop-ozone/integration-test/target/test-dir/MiniOzoneClusterImpl-9e14565b-f938-48ad-b0e9-52a6969cb554/datanode-3/data/ratis/ed412735-11f3-4c1f-aba5-862d180445f9 has been successfully formatted.
2020-12-24 03:52:14,700 [pool-285-thread-1] INFO  ratis.ContainerStateMachine (ContainerStateMachine.java:loadSnapshot(223)) - group-862D180445F9: The snapshot info is null. Setting the last applied indexto:(t:0, i:~)
2020-12-24 03:52:14,700 [pool-285-thread-1] ERROR storage.RaftStorage (RaftStorage.java:readRaftConfiguration(152)) - Failed reading configuration from file:/github/workspace/mnt/ozone/hadoop-ozone/integration-test/target/test-dir/MiniOzoneClusterImpl-9e14565b-f938-48ad-b0e9-52a6969cb554/datanode-3/data/ratis/ed412735-11f3-4c1f-aba5-862d180445f9/current/raft-meta.conf
java.io.FileNotFoundException: /github/workspace/mnt/ozone/hadoop-ozone/integration-test/target/test-dir/MiniOzoneClusterImpl-9e14565b-f938-48ad-b0e9-52a6969cb554/datanode-3/data/ratis/ed412735-11f3-4c1f-aba5-862d180445f9/current/raft-meta.conf (No such file or directory)
	at java.io.FileInputStream.open0(Native Method)
	at java.io.FileInputStream.open(FileInputStream.java:195)
	at java.io.FileInputStream.<init>(FileInputStream.java:138)
	at org.apache.ratis.server.storage.RaftStorage.readRaftConfiguration(RaftStorage.java:148)
	at org.apache.ratis.server.impl.ServerState.initStatemachine(ServerState.java:167)
	at org.apache.ratis.server.impl.ServerState.<init>(ServerState.java:112)
	at org.apache.ratis.server.impl.RaftServerImpl.<init>(RaftServerImpl.java:186)
	at org.apache.ratis.server.impl.RaftServerProxy.lambda$newRaftServerImpl$4(RaftServerProxy.java:264)
	at java.util.concurrent.CompletableFuture$AsyncSupply.run(CompletableFuture.java:1604)
	at java.util.concurrent.ThreadPoolExecutor.runWorker(ThreadPoolExecutor.java:1149)
	at java.util.concurrent.ThreadPoolExecutor$Worker.run(ThreadPoolExecutor.java:624)
	at java.lang.Thread.run(Thread.java:748)
2020-12-24 03:52:14,700 [pool-285-thread-1] INFO  server.RaftServerConfigKeys (ConfUtils.java:logGet(44)) - raft.server.notification.no-leader.timeout = 300s (custom)
2020-12-24 03:52:14,700 [pool-285-thread-1] INFO  server.RaftServerConfigKeys (ConfUtils.java:logGet(44)) - raft.server.log.use.memory = false (default)
2020-12-24 03:52:14,701 [EventQueue-OpenPipelineForHealthyPipelineSafeModeRule] INFO  safemode.SCMSafeModeManager (HealthyPipelineSafeModeRule.java:process(128)) - SCM in safe mode. Healthy pipelines reported count is 0, required healthy pipeline reported count is 1
2020-12-24 03:52:14,701 [EventQueue-PipelineReportForOneReplicaPipelineSafeModeRule] INFO  safemode.SCMSafeModeManager (SCMSafeModeManager.java:validateSafeModeExitRules(214)) - AtleastOneDatanodeReportedRule rule is successfully validated
2020-12-24 03:52:14,701 [pool-285-thread-1] INFO  server.RaftServerConfigKeys (ConfUtils.java:logGet(44)) - raft.server.log.purge.gap = 1000000 (custom)
2020-12-24 03:52:14,701 [pool-285-thread-1] INFO  metrics.RatisMetrics (RatisMetrics.java:lambda$create$0(36)) - Creating Metrics Registry : ratis.log_worker.5e947d80-2832-4cc2-a4b3-abe531d5f2d2@group-862D180445F9
2020-12-24 03:52:14,701 [pool-285-thread-1] INFO  server.RaftServerConfigKeys (ConfUtils.java:logGet(44)) - raft.server.log.appender.buffer.byte-limit = 33554432 (custom)
2020-12-24 03:52:14,702 [pool-285-thread-1] INFO  server.RaftServerConfigKeys (ConfUtils.java:logGet(44)) - raft.server.log.segment.size.max = 1048576 (custom)
2020-12-24 03:52:14,702 [pool-285-thread-1] INFO  server.RaftServerConfigKeys (ConfUtils.java:logGet(44)) - raft.server.log.segment.cache.num.max = 2 (custom)
2020-12-24 03:52:14,702 [pool-285-thread-1] INFO  server.RaftServerConfigKeys (ConfUtils.java:logGet(44)) - raft.server.log.segment.cache.size.max = 200MB (=209715200) (default)
2020-12-24 03:52:14,702 [pool-285-thread-1] INFO  segmented.SegmentedRaftLogWorker (SegmentedRaftLogWorker.java:<init>(181)) - new 5e947d80-2832-4cc2-a4b3-abe531d5f2d2@group-862D180445F9-SegmentedRaftLogWorker for RaftStorage:Storage Directory /github/workspace/mnt/ozone/hadoop-ozone/integration-test/target/test-dir/MiniOzoneClusterImpl-9e14565b-f938-48ad-b0e9-52a6969cb554/datanode-3/data/ratis/ed412735-11f3-4c1f-aba5-862d180445f9
2020-12-24 03:52:14,702 [pool-285-thread-1] INFO  server.RaftServerConfigKeys (ConfUtils.java:logGet(44)) - raft.server.log.queue.byte-limit = 2147483647 (custom)
2020-12-24 03:52:14,702 [pool-285-thread-1] INFO  server.RaftServerConfigKeys (ConfUtils.java:logGet(44)) - raft.server.log.queue.element-limit = 1024 (custom)
2020-12-24 03:52:14,702 [pool-285-thread-1] INFO  server.RaftServerConfigKeys (ConfUtils.java:logGet(44)) - raft.server.log.segment.size.max = 1048576 (custom)
2020-12-24 03:52:14,702 [pool-285-thread-1] INFO  server.RaftServerConfigKeys (ConfUtils.java:logGet(44)) - raft.server.log.preallocated.size = 16384 (custom)
2020-12-24 03:52:14,702 [pool-285-thread-1] INFO  server.RaftServerConfigKeys (ConfUtils.java:logGet(44)) - raft.server.log.force.sync.num = 128 (default)
2020-12-24 03:52:14,703 [pool-285-thread-1] INFO  server.RaftServerConfigKeys (ConfUtils.java:logGet(44)) - raft.server.log.statemachine.data.sync = true (default)
2020-12-24 03:52:14,703 [pool-285-thread-1] INFO  server.RaftServerConfigKeys (ConfUtils.java:logGet(44)) - raft.server.log.statemachine.data.sync.timeout = 10s (default)
2020-12-24 03:52:14,703 [pool-285-thread-1] INFO  server.RaftServerConfigKeys (ConfUtils.java:logGet(44)) - raft.server.log.statemachine.data.sync.timeout.retry = -1 (default)
2020-12-24 03:52:14,704 [pool-285-thread-1] INFO  server.RaftServerConfigKeys (ConfUtils.java:logGet(44)) - raft.server.log.write.buffer.size = 1048576 (custom)
2020-12-24 03:52:14,704 [pool-285-thread-1] INFO  server.RaftServerConfigKeys (ConfUtils.java:logGet(44)) - raft.server.log.statemachine.data.caching.enabled = true (custom)
2020-12-24 03:52:14,705 [pool-285-thread-1] INFO  segmented.SegmentedRaftLogWorker (SegmentedRaftLogWorker.java:lambda$new$0(132)) - 5e947d80-2832-4cc2-a4b3-abe531d5f2d2@group-862D180445F9-SegmentedRaftLogWorker: flushIndex: setUnconditionally 0 -> -1
2020-12-24 03:52:14,705 [pool-285-thread-1] INFO  segmented.SegmentedRaftLogWorker (SegmentedRaftLogWorker.java:lambda$new$0(132)) - 5e947d80-2832-4cc2-a4b3-abe531d5f2d2@group-862D180445F9-SegmentedRaftLogWorker: safeCacheEvictIndex: setUnconditionally 0 -> -1
2020-12-24 03:52:14,710 [pool-285-thread-1] INFO  server.RaftServerConfigKeys (ConfUtils.java:logGet(44)) - raft.server.snapshot.auto.trigger.enabled = true (custom)
2020-12-24 03:52:14,710 [pool-285-thread-1] INFO  server.RaftServerConfigKeys (ConfUtils.java:logGet(44)) - raft.server.snapshot.auto.trigger.threshold = 10000 (custom)
2020-12-24 03:52:14,710 [pool-285-thread-1] INFO  server.RaftServerConfigKeys (ConfUtils.java:logGet(44)) - raft.server.snapshot.retention.file.num = 5 (custom)
2020-12-24 03:52:14,711 [pool-285-thread-1] INFO  server.RaftServerConfigKeys (ConfUtils.java:logGet(44)) - raft.server.log.purge.upto.snapshot.index = false (default)
2020-12-24 03:52:14,711 [pool-285-thread-1] INFO  server.RaftServerConfigKeys (ConfUtils.java:logGet(44)) - raft.server.retrycache.expirytime = 600000ms (custom)
2020-12-24 03:52:14,711 [pool-285-thread-1] INFO  server.RaftServerConfigKeys (ConfUtils.java:logGet(44)) - raft.server.retrycache.statistics.expirytime = 100?s (default)
2020-12-24 03:52:14,711 [pool-285-thread-1] INFO  metrics.RatisMetrics (RatisMetrics.java:lambda$create$0(36)) - Creating Metrics Registry : ratis.leader_election.5e947d80-2832-4cc2-a4b3-abe531d5f2d2@group-862D180445F9
2020-12-24 03:52:14,711 [pool-285-thread-1] INFO  metrics.RatisMetrics (RatisMetrics.java:lambda$create$0(36)) - Creating Metrics Registry : ratis.server.5e947d80-2832-4cc2-a4b3-abe531d5f2d2@group-862D180445F9
2020-12-24 03:52:14,712 [pool-285-thread-1] INFO  server.RaftServer$Division (RaftServerImpl.java:start(286)) - 5e947d80-2832-4cc2-a4b3-abe531d5f2d2@group-862D180445F9: start as a follower, conf=-1: [d39cfd4e-a5ab-4099-ae66-25f36cfdb7e3|rpc:172.17.0.2:44379, 0dae4c23-fefe-4bb2-bc72-7e8960a30d82|rpc:172.17.0.2:39989, 5e947d80-2832-4cc2-a4b3-abe531d5f2d2|rpc:172.17.0.2:41285], old=null
2020-12-24 03:52:14,712 [pool-285-thread-1] INFO  server.RaftServer$Division (RaftServerImpl.java:setRole(275)) - 5e947d80-2832-4cc2-a4b3-abe531d5f2d2@group-862D180445F9: changes role from      null to FOLLOWER at term 0 for startAsFollower
2020-12-24 03:52:14,712 [pool-285-thread-1] INFO  impl.RoleInfo (RoleInfo.java:updateAndGet(130)) - 5e947d80-2832-4cc2-a4b3-abe531d5f2d2: start 5e947d80-2832-4cc2-a4b3-abe531d5f2d2@group-862D180445F9-FollowerState
2020-12-24 03:52:14,713 [pool-285-thread-1] INFO  util.JmxRegister (JmxRegister.java:tryRegister(44)) - Successfully registered JMX Bean with object name Ratis:service=RaftServer,group=group-862D180445F9,id=5e947d80-2832-4cc2-a4b3-abe531d5f2d2
2020-12-24 03:52:14,713 [pool-285-thread-1] INFO  metrics.RatisMetrics (RatisMetrics.java:lambda$create$0(36)) - Creating Metrics Registry : ratis.state_machine.5e947d80-2832-4cc2-a4b3-abe531d5f2d2@group-862D180445F9
2020-12-24 03:52:14,715 [Command processor thread] INFO  metrics.RatisMetrics (RatisMetrics.java:lambda$create$0(36)) - Creating Metrics Registry : ratis.client_message_metrics.client-DC0EA386F2F3->0dae4c23-fefe-4bb2-bc72-7e8960a30d82
2020-12-24 03:52:14,720 [grpc-default-executor-1] INFO  metrics.RatisMetrics (RatisMetrics.java:lambda$create$0(36)) - Creating Metrics Registry : ratis.server_message_metrics.0dae4c23-fefe-4bb2-bc72-7e8960a30d82
2020-12-24 03:52:14,722 [grpc-default-executor-1] INFO  server.RaftServer (RaftServerProxy.java:addNew(93)) - 0dae4c23-fefe-4bb2-bc72-7e8960a30d82: addNew group-862D180445F9:[d39cfd4e-a5ab-4099-ae66-25f36cfdb7e3|rpc:172.17.0.2:44379|dataStream:, 0dae4c23-fefe-4bb2-bc72-7e8960a30d82|rpc:172.17.0.2:39989|dataStream:, 5e947d80-2832-4cc2-a4b3-abe531d5f2d2|rpc:172.17.0.2:41285|dataStream:] returns group-862D180445F9:java.util.concurrent.CompletableFuture@4bced463[Not completed]
2020-12-24 03:52:14,723 [pool-301-thread-1] INFO  server.RaftServer$Division (RaftServerImpl.java:<init>(173)) - 0dae4c23-fefe-4bb2-bc72-7e8960a30d82: new RaftServerImpl for group-862D180445F9:[d39cfd4e-a5ab-4099-ae66-25f36cfdb7e3|rpc:172.17.0.2:44379|dataStream:, 0dae4c23-fefe-4bb2-bc72-7e8960a30d82|rpc:172.17.0.2:39989|dataStream:, 5e947d80-2832-4cc2-a4b3-abe531d5f2d2|rpc:172.17.0.2:41285|dataStream:] with ContainerStateMachine:uninitialized
2020-12-24 03:52:14,724 [pool-301-thread-1] INFO  server.RaftServerConfigKeys (ConfUtils.java:logGet(44)) - raft.server.rpc.timeout.min = 5s (custom)
2020-12-24 03:52:14,724 [pool-301-thread-1] INFO  server.RaftServerConfigKeys (ConfUtils.java:logGet(44)) - raft.server.rpc.timeout.max = 5200ms (custom)
2020-12-24 03:52:14,724 [pool-301-thread-1] INFO  server.RaftServerConfigKeys (ConfUtils.java:logGet(44)) - raft.server.rpc.sleep.time = 25ms (default)
2020-12-24 03:52:14,724 [pool-301-thread-1] INFO  server.RaftServerConfigKeys (ConfUtils.java:logGet(44)) - raft.server.rpc.slowness.timeout = 300s (custom)
2020-12-24 03:52:14,724 [pool-301-thread-1] INFO  server.RaftServerConfigKeys (ConfUtils.java:logGet(44)) - raft.server.leaderelection.leader.step-down.wait-time = 10s (default)
2020-12-24 03:52:14,724 [pool-301-thread-1] INFO  server.RaftServerConfigKeys (ConfUtils.java:logGet(44)) - raft.server.sleep.deviation.threshold = 300ms (default)
2020-12-24 03:52:14,724 [pool-301-thread-1] INFO  server.RaftServerConfigKeys (ConfUtils.java:logGet(44)) - raft.server.log.appender.install.snapshot.enabled = false (custom)
2020-12-24 03:52:14,724 [pool-301-thread-1] INFO  server.RaftServer$Division (ServerState.java:<init>(104)) - 0dae4c23-fefe-4bb2-bc72-7e8960a30d82@group-862D180445F9: ConfigurationManager, init=-1: [d39cfd4e-a5ab-4099-ae66-25f36cfdb7e3|rpc:172.17.0.2:44379|dataStream:, 0dae4c23-fefe-4bb2-bc72-7e8960a30d82|rpc:172.17.0.2:39989|dataStream:, 5e947d80-2832-4cc2-a4b3-abe531d5f2d2|rpc:172.17.0.2:41285|dataStream:], old=null, confs=<EMPTY_MAP>
2020-12-24 03:52:14,724 [pool-301-thread-1] INFO  server.RaftServerConfigKeys (ConfUtils.java:logGet(44)) - raft.server.storage.dir = [/github/workspace/mnt/ozone/hadoop-ozone/integration-test/target/test-dir/MiniOzoneClusterImpl-9e14565b-f938-48ad-b0e9-52a6969cb554/datanode-4/data/ratis] (custom)
2020-12-24 03:52:14,724 [pool-301-thread-1] INFO  server.RaftServerConfigKeys (ConfUtils.java:logGet(44)) - raft.server.log.corruption.policy = EXCEPTION (default)
2020-12-24 03:52:14,724 [pool-301-thread-1] INFO  storage.RaftStorageDirectory (RaftStorageDirectory.java:analyzeStorage(260)) - The storage directory /github/workspace/mnt/ozone/hadoop-ozone/integration-test/target/test-dir/MiniOzoneClusterImpl-9e14565b-f938-48ad-b0e9-52a6969cb554/datanode-4/data/ratis/ed412735-11f3-4c1f-aba5-862d180445f9 does not exist. Creating ...
2020-12-24 03:52:14,725 [pool-301-thread-1] INFO  storage.RaftStorageDirectory (RaftStorageDirectory.java:tryLock(342)) - Lock on /github/workspace/mnt/ozone/hadoop-ozone/integration-test/target/test-dir/MiniOzoneClusterImpl-9e14565b-f938-48ad-b0e9-52a6969cb554/datanode-4/data/ratis/ed412735-11f3-4c1f-aba5-862d180445f9/in_use.lock acquired by nodename 22406@822d467d5ade
2020-12-24 03:52:14,726 [pool-301-thread-1] INFO  storage.RaftStorage (RaftStorage.java:format(89)) - Storage directory /github/workspace/mnt/ozone/hadoop-ozone/integration-test/target/test-dir/MiniOzoneClusterImpl-9e14565b-f938-48ad-b0e9-52a6969cb554/datanode-4/data/ratis/ed412735-11f3-4c1f-aba5-862d180445f9 has been successfully formatted.
2020-12-24 03:52:14,728 [pool-301-thread-1] INFO  ratis.ContainerStateMachine (ContainerStateMachine.java:loadSnapshot(223)) - group-862D180445F9: The snapshot info is null. Setting the last applied indexto:(t:0, i:~)
2020-12-24 03:52:14,729 [EventQueue-PipelineReportForOneReplicaPipelineSafeModeRule] INFO  safemode.SCMSafeModeManager (SCMSafeModeManager.java:validateSafeModeExitRules(214)) - AtleastOneDatanodeReportedRule rule is successfully validated
2020-12-24 03:52:14,729 [pool-301-thread-1] ERROR storage.RaftStorage (RaftStorage.java:readRaftConfiguration(152)) - Failed reading configuration from file:/github/workspace/mnt/ozone/hadoop-ozone/integration-test/target/test-dir/MiniOzoneClusterImpl-9e14565b-f938-48ad-b0e9-52a6969cb554/datanode-4/data/ratis/ed412735-11f3-4c1f-aba5-862d180445f9/current/raft-meta.conf
java.io.FileNotFoundException: /github/workspace/mnt/ozone/hadoop-ozone/integration-test/target/test-dir/MiniOzoneClusterImpl-9e14565b-f938-48ad-b0e9-52a6969cb554/datanode-4/data/ratis/ed412735-11f3-4c1f-aba5-862d180445f9/current/raft-meta.conf (No such file or directory)
	at java.io.FileInputStream.open0(Native Method)
	at java.io.FileInputStream.open(FileInputStream.java:195)
	at java.io.FileInputStream.<init>(FileInputStream.java:138)
	at org.apache.ratis.server.storage.RaftStorage.readRaftConfiguration(RaftStorage.java:148)
	at org.apache.ratis.server.impl.ServerState.initStatemachine(ServerState.java:167)
	at org.apache.ratis.server.impl.ServerState.<init>(ServerState.java:112)
	at org.apache.ratis.server.impl.RaftServerImpl.<init>(RaftServerImpl.java:186)
	at org.apache.ratis.server.impl.RaftServerProxy.lambda$newRaftServerImpl$4(RaftServerProxy.java:264)
	at java.util.concurrent.CompletableFuture$AsyncSupply.run(CompletableFuture.java:1604)
	at java.util.concurrent.ThreadPoolExecutor.runWorker(ThreadPoolExecutor.java:1149)
	at java.util.concurrent.ThreadPoolExecutor$Worker.run(ThreadPoolExecutor.java:624)
	at java.lang.Thread.run(Thread.java:748)
2020-12-24 03:52:14,729 [pool-301-thread-1] INFO  server.RaftServerConfigKeys (ConfUtils.java:logGet(44)) - raft.server.notification.no-leader.timeout = 300s (custom)
2020-12-24 03:52:14,729 [pool-301-thread-1] INFO  server.RaftServerConfigKeys (ConfUtils.java:logGet(44)) - raft.server.log.use.memory = false (default)
2020-12-24 03:52:14,729 [pool-301-thread-1] INFO  server.RaftServerConfigKeys (ConfUtils.java:logGet(44)) - raft.server.log.purge.gap = 1000000 (custom)
2020-12-24 03:52:14,729 [pool-301-thread-1] INFO  metrics.RatisMetrics (RatisMetrics.java:lambda$create$0(36)) - Creating Metrics Registry : ratis.log_worker.0dae4c23-fefe-4bb2-bc72-7e8960a30d82@group-862D180445F9
2020-12-24 03:52:14,730 [pool-301-thread-1] INFO  server.RaftServerConfigKeys (ConfUtils.java:logGet(44)) - raft.server.log.appender.buffer.byte-limit = 33554432 (custom)
2020-12-24 03:52:14,730 [pool-301-thread-1] INFO  server.RaftServerConfigKeys (ConfUtils.java:logGet(44)) - raft.server.log.segment.size.max = 1048576 (custom)
2020-12-24 03:52:14,730 [pool-301-thread-1] INFO  server.RaftServerConfigKeys (ConfUtils.java:logGet(44)) - raft.server.log.segment.cache.num.max = 2 (custom)
2020-12-24 03:52:14,730 [pool-301-thread-1] INFO  server.RaftServerConfigKeys (ConfUtils.java:logGet(44)) - raft.server.log.segment.cache.size.max = 200MB (=209715200) (default)
2020-12-24 03:52:14,730 [pool-301-thread-1] INFO  segmented.SegmentedRaftLogWorker (SegmentedRaftLogWorker.java:<init>(181)) - new 0dae4c23-fefe-4bb2-bc72-7e8960a30d82@group-862D180445F9-SegmentedRaftLogWorker for RaftStorage:Storage Directory /github/workspace/mnt/ozone/hadoop-ozone/integration-test/target/test-dir/MiniOzoneClusterImpl-9e14565b-f938-48ad-b0e9-52a6969cb554/datanode-4/data/ratis/ed412735-11f3-4c1f-aba5-862d180445f9
2020-12-24 03:52:14,730 [pool-301-thread-1] INFO  server.RaftServerConfigKeys (ConfUtils.java:logGet(44)) - raft.server.log.queue.byte-limit = 2147483647 (custom)
2020-12-24 03:52:14,730 [pool-301-thread-1] INFO  server.RaftServerConfigKeys (ConfUtils.java:logGet(44)) - raft.server.log.queue.element-limit = 1024 (custom)
2020-12-24 03:52:14,730 [pool-301-thread-1] INFO  server.RaftServerConfigKeys (ConfUtils.java:logGet(44)) - raft.server.log.segment.size.max = 1048576 (custom)
2020-12-24 03:52:14,731 [pool-301-thread-1] INFO  server.RaftServerConfigKeys (ConfUtils.java:logGet(44)) - raft.server.log.preallocated.size = 16384 (custom)
2020-12-24 03:52:14,731 [pool-301-thread-1] INFO  server.RaftServerConfigKeys (ConfUtils.java:logGet(44)) - raft.server.log.force.sync.num = 128 (default)
2020-12-24 03:52:14,731 [pool-301-thread-1] INFO  server.RaftServerConfigKeys (ConfUtils.java:logGet(44)) - raft.server.log.statemachine.data.sync = true (default)
2020-12-24 03:52:14,731 [pool-301-thread-1] INFO  server.RaftServerConfigKeys (ConfUtils.java:logGet(44)) - raft.server.log.statemachine.data.sync.timeout = 10s (default)
2020-12-24 03:52:14,731 [pool-301-thread-1] INFO  server.RaftServerConfigKeys (ConfUtils.java:logGet(44)) - raft.server.log.statemachine.data.sync.timeout.retry = -1 (default)
2020-12-24 03:52:14,732 [pool-301-thread-1] INFO  server.RaftServerConfigKeys (ConfUtils.java:logGet(44)) - raft.server.log.write.buffer.size = 1048576 (custom)
2020-12-24 03:52:14,732 [pool-301-thread-1] INFO  server.RaftServerConfigKeys (ConfUtils.java:logGet(44)) - raft.server.log.statemachine.data.caching.enabled = true (custom)
2020-12-24 03:52:14,732 [pool-301-thread-1] INFO  segmented.SegmentedRaftLogWorker (SegmentedRaftLogWorker.java:lambda$new$0(132)) - 0dae4c23-fefe-4bb2-bc72-7e8960a30d82@group-862D180445F9-SegmentedRaftLogWorker: flushIndex: setUnconditionally 0 -> -1
2020-12-24 03:52:14,732 [pool-301-thread-1] INFO  segmented.SegmentedRaftLogWorker (SegmentedRaftLogWorker.java:lambda$new$0(132)) - 0dae4c23-fefe-4bb2-bc72-7e8960a30d82@group-862D180445F9-SegmentedRaftLogWorker: safeCacheEvictIndex: setUnconditionally 0 -> -1
2020-12-24 03:52:14,732 [pool-301-thread-1] INFO  server.RaftServerConfigKeys (ConfUtils.java:logGet(44)) - raft.server.snapshot.auto.trigger.enabled = true (custom)
2020-12-24 03:52:14,732 [pool-301-thread-1] INFO  server.RaftServerConfigKeys (ConfUtils.java:logGet(44)) - raft.server.snapshot.auto.trigger.threshold = 10000 (custom)
2020-12-24 03:52:14,732 [pool-301-thread-1] INFO  server.RaftServerConfigKeys (ConfUtils.java:logGet(44)) - raft.server.snapshot.retention.file.num = 5 (custom)
2020-12-24 03:52:14,733 [pool-301-thread-1] INFO  server.RaftServerConfigKeys (ConfUtils.java:logGet(44)) - raft.server.log.purge.upto.snapshot.index = false (default)
2020-12-24 03:52:14,733 [pool-301-thread-1] INFO  server.RaftServerConfigKeys (ConfUtils.java:logGet(44)) - raft.server.retrycache.expirytime = 600000ms (custom)
2020-12-24 03:52:14,733 [pool-301-thread-1] INFO  server.RaftServerConfigKeys (ConfUtils.java:logGet(44)) - raft.server.retrycache.statistics.expirytime = 100?s (default)
2020-12-24 03:52:14,733 [pool-301-thread-1] INFO  metrics.RatisMetrics (RatisMetrics.java:lambda$create$0(36)) - Creating Metrics Registry : ratis.leader_election.0dae4c23-fefe-4bb2-bc72-7e8960a30d82@group-862D180445F9
2020-12-24 03:52:14,733 [pool-301-thread-1] INFO  metrics.RatisMetrics (RatisMetrics.java:lambda$create$0(36)) - Creating Metrics Registry : ratis.server.0dae4c23-fefe-4bb2-bc72-7e8960a30d82@group-862D180445F9
2020-12-24 03:52:14,734 [pool-301-thread-1] INFO  server.RaftServer$Division (RaftServerImpl.java:start(286)) - 0dae4c23-fefe-4bb2-bc72-7e8960a30d82@group-862D180445F9: start as a follower, conf=-1: [d39cfd4e-a5ab-4099-ae66-25f36cfdb7e3|rpc:172.17.0.2:44379|dataStream:, 0dae4c23-fefe-4bb2-bc72-7e8960a30d82|rpc:172.17.0.2:39989|dataStream:, 5e947d80-2832-4cc2-a4b3-abe531d5f2d2|rpc:172.17.0.2:41285|dataStream:], old=null
2020-12-24 03:52:14,734 [pool-301-thread-1] INFO  server.RaftServer$Division (RaftServerImpl.java:setRole(275)) - 0dae4c23-fefe-4bb2-bc72-7e8960a30d82@group-862D180445F9: changes role from      null to FOLLOWER at term 0 for startAsFollower
2020-12-24 03:52:14,734 [pool-301-thread-1] INFO  impl.RoleInfo (RoleInfo.java:updateAndGet(130)) - 0dae4c23-fefe-4bb2-bc72-7e8960a30d82: start 0dae4c23-fefe-4bb2-bc72-7e8960a30d82@group-862D180445F9-FollowerState
2020-12-24 03:52:14,734 [pool-301-thread-1] INFO  util.JmxRegister (JmxRegister.java:tryRegister(44)) - Successfully registered JMX Bean with object name Ratis:service=RaftServer,group=group-862D180445F9,id=0dae4c23-fefe-4bb2-bc72-7e8960a30d82
2020-12-24 03:52:14,735 [pool-301-thread-1] INFO  metrics.RatisMetrics (RatisMetrics.java:lambda$create$0(36)) - Creating Metrics Registry : ratis.state_machine.0dae4c23-fefe-4bb2-bc72-7e8960a30d82@group-862D180445F9
2020-12-24 03:52:14,748 [Command processor thread] INFO  metrics.RatisMetrics (RatisMetrics.java:lambda$create$0(36)) - Creating Metrics Registry : ratis.client_message_metrics.client-2F32A76B2A78->d39cfd4e-a5ab-4099-ae66-25f36cfdb7e3
2020-12-24 03:52:14,753 [grpc-default-executor-1] INFO  metrics.RatisMetrics (RatisMetrics.java:lambda$create$0(36)) - Creating Metrics Registry : ratis.server_message_metrics.d39cfd4e-a5ab-4099-ae66-25f36cfdb7e3
2020-12-24 03:52:14,755 [grpc-default-executor-1] INFO  server.RaftServer (RaftServerProxy.java:addNew(93)) - d39cfd4e-a5ab-4099-ae66-25f36cfdb7e3: addNew group-862D180445F9:[d39cfd4e-a5ab-4099-ae66-25f36cfdb7e3|rpc:172.17.0.2:44379|dataStream:, 0dae4c23-fefe-4bb2-bc72-7e8960a30d82|rpc:172.17.0.2:39989|dataStream:, 5e947d80-2832-4cc2-a4b3-abe531d5f2d2|rpc:172.17.0.2:41285|dataStream:] returns group-862D180445F9:java.util.concurrent.CompletableFuture@231f47fc[Not completed]
2020-12-24 03:52:14,756 [pool-317-thread-1] INFO  server.RaftServer$Division (RaftServerImpl.java:<init>(173)) - d39cfd4e-a5ab-4099-ae66-25f36cfdb7e3: new RaftServerImpl for group-862D180445F9:[d39cfd4e-a5ab-4099-ae66-25f36cfdb7e3|rpc:172.17.0.2:44379|dataStream:, 0dae4c23-fefe-4bb2-bc72-7e8960a30d82|rpc:172.17.0.2:39989|dataStream:, 5e947d80-2832-4cc2-a4b3-abe531d5f2d2|rpc:172.17.0.2:41285|dataStream:] with ContainerStateMachine:uninitialized
2020-12-24 03:52:14,758 [pool-317-thread-1] INFO  server.RaftServerConfigKeys (ConfUtils.java:logGet(44)) - raft.server.rpc.timeout.min = 5s (custom)
2020-12-24 03:52:14,758 [pool-317-thread-1] INFO  server.RaftServerConfigKeys (ConfUtils.java:logGet(44)) - raft.server.rpc.timeout.max = 5200ms (custom)
2020-12-24 03:52:14,758 [pool-317-thread-1] INFO  server.RaftServerConfigKeys (ConfUtils.java:logGet(44)) - raft.server.rpc.sleep.time = 25ms (default)
2020-12-24 03:52:14,758 [pool-317-thread-1] INFO  server.RaftServerConfigKeys (ConfUtils.java:logGet(44)) - raft.server.rpc.slowness.timeout = 300s (custom)
2020-12-24 03:52:14,758 [pool-317-thread-1] INFO  server.RaftServerConfigKeys (ConfUtils.java:logGet(44)) - raft.server.leaderelection.leader.step-down.wait-time = 10s (default)
2020-12-24 03:52:14,758 [pool-317-thread-1] INFO  server.RaftServerConfigKeys (ConfUtils.java:logGet(44)) - raft.server.sleep.deviation.threshold = 300ms (default)
2020-12-24 03:52:14,758 [pool-317-thread-1] INFO  server.RaftServerConfigKeys (ConfUtils.java:logGet(44)) - raft.server.log.appender.install.snapshot.enabled = false (custom)
2020-12-24 03:52:14,758 [pool-317-thread-1] INFO  server.RaftServer$Division (ServerState.java:<init>(104)) - d39cfd4e-a5ab-4099-ae66-25f36cfdb7e3@group-862D180445F9: ConfigurationManager, init=-1: [d39cfd4e-a5ab-4099-ae66-25f36cfdb7e3|rpc:172.17.0.2:44379|dataStream:, 0dae4c23-fefe-4bb2-bc72-7e8960a30d82|rpc:172.17.0.2:39989|dataStream:, 5e947d80-2832-4cc2-a4b3-abe531d5f2d2|rpc:172.17.0.2:41285|dataStream:], old=null, confs=<EMPTY_MAP>
2020-12-24 03:52:14,758 [pool-317-thread-1] INFO  server.RaftServerConfigKeys (ConfUtils.java:logGet(44)) - raft.server.storage.dir = [/github/workspace/mnt/ozone/hadoop-ozone/integration-test/target/test-dir/MiniOzoneClusterImpl-9e14565b-f938-48ad-b0e9-52a6969cb554/datanode-5/data/ratis] (custom)
2020-12-24 03:52:14,759 [pool-317-thread-1] INFO  server.RaftServerConfigKeys (ConfUtils.java:logGet(44)) - raft.server.log.corruption.policy = EXCEPTION (default)
2020-12-24 03:52:14,759 [pool-317-thread-1] INFO  storage.RaftStorageDirectory (RaftStorageDirectory.java:analyzeStorage(260)) - The storage directory /github/workspace/mnt/ozone/hadoop-ozone/integration-test/target/test-dir/MiniOzoneClusterImpl-9e14565b-f938-48ad-b0e9-52a6969cb554/datanode-5/data/ratis/ed412735-11f3-4c1f-aba5-862d180445f9 does not exist. Creating ...
2020-12-24 03:52:14,760 [pool-317-thread-1] INFO  storage.RaftStorageDirectory (RaftStorageDirectory.java:tryLock(342)) - Lock on /github/workspace/mnt/ozone/hadoop-ozone/integration-test/target/test-dir/MiniOzoneClusterImpl-9e14565b-f938-48ad-b0e9-52a6969cb554/datanode-5/data/ratis/ed412735-11f3-4c1f-aba5-862d180445f9/in_use.lock acquired by nodename 22406@822d467d5ade
2020-12-24 03:52:14,760 [pool-317-thread-1] INFO  storage.RaftStorage (RaftStorage.java:format(89)) - Storage directory /github/workspace/mnt/ozone/hadoop-ozone/integration-test/target/test-dir/MiniOzoneClusterImpl-9e14565b-f938-48ad-b0e9-52a6969cb554/datanode-5/data/ratis/ed412735-11f3-4c1f-aba5-862d180445f9 has been successfully formatted.
2020-12-24 03:52:14,761 [pool-317-thread-1] INFO  ratis.ContainerStateMachine (ContainerStateMachine.java:loadSnapshot(223)) - group-862D180445F9: The snapshot info is null. Setting the last applied indexto:(t:0, i:~)
2020-12-24 03:52:14,761 [pool-317-thread-1] ERROR storage.RaftStorage (RaftStorage.java:readRaftConfiguration(152)) - Failed reading configuration from file:/github/workspace/mnt/ozone/hadoop-ozone/integration-test/target/test-dir/MiniOzoneClusterImpl-9e14565b-f938-48ad-b0e9-52a6969cb554/datanode-5/data/ratis/ed412735-11f3-4c1f-aba5-862d180445f9/current/raft-meta.conf
java.io.FileNotFoundException: /github/workspace/mnt/ozone/hadoop-ozone/integration-test/target/test-dir/MiniOzoneClusterImpl-9e14565b-f938-48ad-b0e9-52a6969cb554/datanode-5/data/ratis/ed412735-11f3-4c1f-aba5-862d180445f9/current/raft-meta.conf (No such file or directory)
	at java.io.FileInputStream.open0(Native Method)
	at java.io.FileInputStream.open(FileInputStream.java:195)
	at java.io.FileInputStream.<init>(FileInputStream.java:138)
	at org.apache.ratis.server.storage.RaftStorage.readRaftConfiguration(RaftStorage.java:148)
	at org.apache.ratis.server.impl.ServerState.initStatemachine(ServerState.java:167)
	at org.apache.ratis.server.impl.ServerState.<init>(ServerState.java:112)
	at org.apache.ratis.server.impl.RaftServerImpl.<init>(RaftServerImpl.java:186)
	at org.apache.ratis.server.impl.RaftServerProxy.lambda$newRaftServerImpl$4(RaftServerProxy.java:264)
	at java.util.concurrent.CompletableFuture$AsyncSupply.run(CompletableFuture.java:1604)
	at java.util.concurrent.ThreadPoolExecutor.runWorker(ThreadPoolExecutor.java:1149)
	at java.util.concurrent.ThreadPoolExecutor$Worker.run(ThreadPoolExecutor.java:624)
	at java.lang.Thread.run(Thread.java:748)
2020-12-24 03:52:14,761 [pool-317-thread-1] INFO  server.RaftServerConfigKeys (ConfUtils.java:logGet(44)) - raft.server.notification.no-leader.timeout = 300s (custom)
2020-12-24 03:52:14,761 [EventQueue-PipelineReportForOneReplicaPipelineSafeModeRule] INFO  safemode.SCMSafeModeManager (SCMSafeModeManager.java:validateSafeModeExitRules(214)) - AtleastOneDatanodeReportedRule rule is successfully validated
2020-12-24 03:52:14,762 [pool-317-thread-1] INFO  server.RaftServerConfigKeys (ConfUtils.java:logGet(44)) - raft.server.log.use.memory = false (default)
2020-12-24 03:52:14,762 [pool-317-thread-1] INFO  server.RaftServerConfigKeys (ConfUtils.java:logGet(44)) - raft.server.log.purge.gap = 1000000 (custom)
2020-12-24 03:52:14,762 [pool-317-thread-1] INFO  metrics.RatisMetrics (RatisMetrics.java:lambda$create$0(36)) - Creating Metrics Registry : ratis.log_worker.d39cfd4e-a5ab-4099-ae66-25f36cfdb7e3@group-862D180445F9
2020-12-24 03:52:14,762 [pool-317-thread-1] INFO  server.RaftServerConfigKeys (ConfUtils.java:logGet(44)) - raft.server.log.appender.buffer.byte-limit = 33554432 (custom)
2020-12-24 03:52:14,762 [pool-317-thread-1] INFO  server.RaftServerConfigKeys (ConfUtils.java:logGet(44)) - raft.server.log.segment.size.max = 1048576 (custom)
2020-12-24 03:52:14,763 [pool-317-thread-1] INFO  server.RaftServerConfigKeys (ConfUtils.java:logGet(44)) - raft.server.log.segment.cache.num.max = 2 (custom)
2020-12-24 03:52:14,763 [pool-317-thread-1] INFO  server.RaftServerConfigKeys (ConfUtils.java:logGet(44)) - raft.server.log.segment.cache.size.max = 200MB (=209715200) (default)
2020-12-24 03:52:14,763 [pool-317-thread-1] INFO  segmented.SegmentedRaftLogWorker (SegmentedRaftLogWorker.java:<init>(181)) - new d39cfd4e-a5ab-4099-ae66-25f36cfdb7e3@group-862D180445F9-SegmentedRaftLogWorker for RaftStorage:Storage Directory /github/workspace/mnt/ozone/hadoop-ozone/integration-test/target/test-dir/MiniOzoneClusterImpl-9e14565b-f938-48ad-b0e9-52a6969cb554/datanode-5/data/ratis/ed412735-11f3-4c1f-aba5-862d180445f9
2020-12-24 03:52:14,763 [pool-317-thread-1] INFO  server.RaftServerConfigKeys (ConfUtils.java:logGet(44)) - raft.server.log.queue.byte-limit = 2147483647 (custom)
2020-12-24 03:52:14,763 [pool-317-thread-1] INFO  server.RaftServerConfigKeys (ConfUtils.java:logGet(44)) - raft.server.log.queue.element-limit = 1024 (custom)
2020-12-24 03:52:14,763 [pool-317-thread-1] INFO  server.RaftServerConfigKeys (ConfUtils.java:logGet(44)) - raft.server.log.segment.size.max = 1048576 (custom)
2020-12-24 03:52:14,763 [pool-317-thread-1] INFO  server.RaftServerConfigKeys (ConfUtils.java:logGet(44)) - raft.server.log.preallocated.size = 16384 (custom)
2020-12-24 03:52:14,763 [pool-317-thread-1] INFO  server.RaftServerConfigKeys (ConfUtils.java:logGet(44)) - raft.server.log.force.sync.num = 128 (default)
2020-12-24 03:52:14,763 [pool-317-thread-1] INFO  server.RaftServerConfigKeys (ConfUtils.java:logGet(44)) - raft.server.log.statemachine.data.sync = true (default)
2020-12-24 03:52:14,763 [pool-317-thread-1] INFO  server.RaftServerConfigKeys (ConfUtils.java:logGet(44)) - raft.server.log.statemachine.data.sync.timeout = 10s (default)
2020-12-24 03:52:14,764 [pool-317-thread-1] INFO  server.RaftServerConfigKeys (ConfUtils.java:logGet(44)) - raft.server.log.statemachine.data.sync.timeout.retry = -1 (default)
2020-12-24 03:52:14,765 [pool-317-thread-1] INFO  server.RaftServerConfigKeys (ConfUtils.java:logGet(44)) - raft.server.log.write.buffer.size = 1048576 (custom)
2020-12-24 03:52:14,765 [pool-317-thread-1] INFO  server.RaftServerConfigKeys (ConfUtils.java:logGet(44)) - raft.server.log.statemachine.data.caching.enabled = true (custom)
2020-12-24 03:52:14,766 [pool-317-thread-1] INFO  segmented.SegmentedRaftLogWorker (SegmentedRaftLogWorker.java:lambda$new$0(132)) - d39cfd4e-a5ab-4099-ae66-25f36cfdb7e3@group-862D180445F9-SegmentedRaftLogWorker: flushIndex: setUnconditionally 0 -> -1
2020-12-24 03:52:14,766 [pool-317-thread-1] INFO  segmented.SegmentedRaftLogWorker (SegmentedRaftLogWorker.java:lambda$new$0(132)) - d39cfd4e-a5ab-4099-ae66-25f36cfdb7e3@group-862D180445F9-SegmentedRaftLogWorker: safeCacheEvictIndex: setUnconditionally 0 -> -1
2020-12-24 03:52:14,766 [pool-317-thread-1] INFO  server.RaftServerConfigKeys (ConfUtils.java:logGet(44)) - raft.server.snapshot.auto.trigger.enabled = true (custom)
2020-12-24 03:52:14,766 [pool-317-thread-1] INFO  server.RaftServerConfigKeys (ConfUtils.java:logGet(44)) - raft.server.snapshot.auto.trigger.threshold = 10000 (custom)
2020-12-24 03:52:14,766 [pool-317-thread-1] INFO  server.RaftServerConfigKeys (ConfUtils.java:logGet(44)) - raft.server.snapshot.retention.file.num = 5 (custom)
2020-12-24 03:52:14,766 [pool-317-thread-1] INFO  server.RaftServerConfigKeys (ConfUtils.java:logGet(44)) - raft.server.log.purge.upto.snapshot.index = false (default)
2020-12-24 03:52:14,766 [pool-317-thread-1] INFO  server.RaftServerConfigKeys (ConfUtils.java:logGet(44)) - raft.server.retrycache.expirytime = 600000ms (custom)
2020-12-24 03:52:14,766 [pool-317-thread-1] INFO  server.RaftServerConfigKeys (ConfUtils.java:logGet(44)) - raft.server.retrycache.statistics.expirytime = 100?s (default)
2020-12-24 03:52:14,766 [pool-317-thread-1] INFO  metrics.RatisMetrics (RatisMetrics.java:lambda$create$0(36)) - Creating Metrics Registry : ratis.leader_election.d39cfd4e-a5ab-4099-ae66-25f36cfdb7e3@group-862D180445F9
2020-12-24 03:52:14,767 [pool-317-thread-1] INFO  metrics.RatisMetrics (RatisMetrics.java:lambda$create$0(36)) - Creating Metrics Registry : ratis.server.d39cfd4e-a5ab-4099-ae66-25f36cfdb7e3@group-862D180445F9
2020-12-24 03:52:14,767 [pool-317-thread-1] INFO  server.RaftServer$Division (RaftServerImpl.java:start(286)) - d39cfd4e-a5ab-4099-ae66-25f36cfdb7e3@group-862D180445F9: start as a follower, conf=-1: [d39cfd4e-a5ab-4099-ae66-25f36cfdb7e3|rpc:172.17.0.2:44379|dataStream:, 0dae4c23-fefe-4bb2-bc72-7e8960a30d82|rpc:172.17.0.2:39989|dataStream:, 5e947d80-2832-4cc2-a4b3-abe531d5f2d2|rpc:172.17.0.2:41285|dataStream:], old=null
2020-12-24 03:52:14,768 [pool-317-thread-1] INFO  server.RaftServer$Division (RaftServerImpl.java:setRole(275)) - d39cfd4e-a5ab-4099-ae66-25f36cfdb7e3@group-862D180445F9: changes role from      null to FOLLOWER at term 0 for startAsFollower
2020-12-24 03:52:14,768 [pool-317-thread-1] INFO  impl.RoleInfo (RoleInfo.java:updateAndGet(130)) - d39cfd4e-a5ab-4099-ae66-25f36cfdb7e3: start d39cfd4e-a5ab-4099-ae66-25f36cfdb7e3@group-862D180445F9-FollowerState
2020-12-24 03:52:14,768 [pool-317-thread-1] INFO  util.JmxRegister (JmxRegister.java:tryRegister(44)) - Successfully registered JMX Bean with object name Ratis:service=RaftServer,group=group-862D180445F9,id=d39cfd4e-a5ab-4099-ae66-25f36cfdb7e3
2020-12-24 03:52:14,768 [pool-317-thread-1] INFO  metrics.RatisMetrics (RatisMetrics.java:lambda$create$0(36)) - Creating Metrics Registry : ratis.state_machine.d39cfd4e-a5ab-4099-ae66-25f36cfdb7e3@group-862D180445F9
2020-12-24 03:52:14,779 [Command processor thread] INFO  commandhandler.CreatePipelineCommandHandler (CreatePipelineCommandHandler.java:handle(106)) - Created Pipeline RATIS THREE PipelineID=ed412735-11f3-4c1f-aba5-862d180445f9.
2020-12-24 03:52:14,860 [Command processor thread] INFO  server.RaftServer (RaftServerProxy.java:addNew(93)) - 0dae4c23-fefe-4bb2-bc72-7e8960a30d82: addNew group-7CE41B631E74:[0dae4c23-fefe-4bb2-bc72-7e8960a30d82|rpc:172.17.0.2:39989] returns group-7CE41B631E74:java.util.concurrent.CompletableFuture@3b1efaeb[Not completed]
2020-12-24 03:52:14,861 [pool-301-thread-1] INFO  server.RaftServer$Division (RaftServerImpl.java:<init>(173)) - 0dae4c23-fefe-4bb2-bc72-7e8960a30d82: new RaftServerImpl for group-7CE41B631E74:[0dae4c23-fefe-4bb2-bc72-7e8960a30d82|rpc:172.17.0.2:39989] with ContainerStateMachine:uninitialized
2020-12-24 03:52:14,861 [pool-301-thread-1] INFO  server.RaftServerConfigKeys (ConfUtils.java:logGet(44)) - raft.server.rpc.timeout.min = 5s (custom)
2020-12-24 03:52:14,861 [pool-301-thread-1] INFO  server.RaftServerConfigKeys (ConfUtils.java:logGet(44)) - raft.server.rpc.timeout.max = 5200ms (custom)
2020-12-24 03:52:14,861 [pool-301-thread-1] INFO  server.RaftServerConfigKeys (ConfUtils.java:logGet(44)) - raft.server.rpc.sleep.time = 25ms (default)
2020-12-24 03:52:14,861 [pool-301-thread-1] INFO  server.RaftServerConfigKeys (ConfUtils.java:logGet(44)) - raft.server.rpc.slowness.timeout = 300s (custom)
2020-12-24 03:52:14,861 [pool-301-thread-1] INFO  server.RaftServerConfigKeys (ConfUtils.java:logGet(44)) - raft.server.leaderelection.leader.step-down.wait-time = 10s (default)
2020-12-24 03:52:14,861 [pool-301-thread-1] INFO  server.RaftServerConfigKeys (ConfUtils.java:logGet(44)) - raft.server.sleep.deviation.threshold = 300ms (default)
2020-12-24 03:52:14,861 [pool-301-thread-1] INFO  server.RaftServerConfigKeys (ConfUtils.java:logGet(44)) - raft.server.log.appender.install.snapshot.enabled = false (custom)
2020-12-24 03:52:14,861 [pool-301-thread-1] INFO  server.RaftServer$Division (ServerState.java:<init>(104)) - 0dae4c23-fefe-4bb2-bc72-7e8960a30d82@group-7CE41B631E74: ConfigurationManager, init=-1: [0dae4c23-fefe-4bb2-bc72-7e8960a30d82|rpc:172.17.0.2:39989], old=null, confs=<EMPTY_MAP>
2020-12-24 03:52:14,861 [pool-301-thread-1] INFO  server.RaftServerConfigKeys (ConfUtils.java:logGet(44)) - raft.server.storage.dir = [/github/workspace/mnt/ozone/hadoop-ozone/integration-test/target/test-dir/MiniOzoneClusterImpl-9e14565b-f938-48ad-b0e9-52a6969cb554/datanode-4/data/ratis] (custom)
2020-12-24 03:52:14,862 [pool-301-thread-1] INFO  server.RaftServerConfigKeys (ConfUtils.java:logGet(44)) - raft.server.log.corruption.policy = EXCEPTION (default)
2020-12-24 03:52:14,862 [pool-301-thread-1] INFO  storage.RaftStorageDirectory (RaftStorageDirectory.java:analyzeStorage(260)) - The storage directory /github/workspace/mnt/ozone/hadoop-ozone/integration-test/target/test-dir/MiniOzoneClusterImpl-9e14565b-f938-48ad-b0e9-52a6969cb554/datanode-4/data/ratis/e786d081-ded2-47c4-b726-7ce41b631e74 does not exist. Creating ...
2020-12-24 03:52:14,863 [pool-301-thread-1] INFO  storage.RaftStorageDirectory (RaftStorageDirectory.java:tryLock(342)) - Lock on /github/workspace/mnt/ozone/hadoop-ozone/integration-test/target/test-dir/MiniOzoneClusterImpl-9e14565b-f938-48ad-b0e9-52a6969cb554/datanode-4/data/ratis/e786d081-ded2-47c4-b726-7ce41b631e74/in_use.lock acquired by nodename 22406@822d467d5ade
2020-12-24 03:52:14,864 [pool-301-thread-1] INFO  storage.RaftStorage (RaftStorage.java:format(89)) - Storage directory /github/workspace/mnt/ozone/hadoop-ozone/integration-test/target/test-dir/MiniOzoneClusterImpl-9e14565b-f938-48ad-b0e9-52a6969cb554/datanode-4/data/ratis/e786d081-ded2-47c4-b726-7ce41b631e74 has been successfully formatted.
2020-12-24 03:52:14,865 [pool-301-thread-1] INFO  ratis.ContainerStateMachine (ContainerStateMachine.java:loadSnapshot(223)) - group-7CE41B631E74: The snapshot info is null. Setting the last applied indexto:(t:0, i:~)
2020-12-24 03:52:14,865 [EventQueue-PipelineReportForPipelineReportHandler] INFO  pipeline.PipelineStateManager (PipelineStateManager.java:openPipeline(132)) - Pipeline Pipeline[ Id: e786d081-ded2-47c4-b726-7ce41b631e74, Nodes: 0dae4c23-fefe-4bb2-bc72-7e8960a30d82{ip: 172.17.0.2, host: 822d467d5ade, networkLocation: /default-rack, certSerialId: null, persistedOpState: IN_SERVICE, persistedOpStateExpiryEpochSec: 0}, Type:RATIS, Factor:ONE, State:ALLOCATED, leaderId:0dae4c23-fefe-4bb2-bc72-7e8960a30d82, CreationTimestamp2020-12-24T03:52:11.862Z] moved to OPEN state
2020-12-24 03:52:14,866 [EventQueue-PipelineReportForOneReplicaPipelineSafeModeRule] INFO  safemode.SCMSafeModeManager (SCMSafeModeManager.java:validateSafeModeExitRules(214)) - AtleastOneDatanodeReportedRule rule is successfully validated
2020-12-24 03:52:14,866 [EventQueue-OpenPipelineForHealthyPipelineSafeModeRule] INFO  safemode.SCMSafeModeManager (HealthyPipelineSafeModeRule.java:process(128)) - SCM in safe mode. Healthy pipelines reported count is 0, required healthy pipeline reported count is 1
2020-12-24 03:52:14,867 [pool-301-thread-1] ERROR storage.RaftStorage (RaftStorage.java:readRaftConfiguration(152)) - Failed reading configuration from file:/github/workspace/mnt/ozone/hadoop-ozone/integration-test/target/test-dir/MiniOzoneClusterImpl-9e14565b-f938-48ad-b0e9-52a6969cb554/datanode-4/data/ratis/e786d081-ded2-47c4-b726-7ce41b631e74/current/raft-meta.conf
java.io.FileNotFoundException: /github/workspace/mnt/ozone/hadoop-ozone/integration-test/target/test-dir/MiniOzoneClusterImpl-9e14565b-f938-48ad-b0e9-52a6969cb554/datanode-4/data/ratis/e786d081-ded2-47c4-b726-7ce41b631e74/current/raft-meta.conf (No such file or directory)
	at java.io.FileInputStream.open0(Native Method)
	at java.io.FileInputStream.open(FileInputStream.java:195)
	at java.io.FileInputStream.<init>(FileInputStream.java:138)
	at org.apache.ratis.server.storage.RaftStorage.readRaftConfiguration(RaftStorage.java:148)
	at org.apache.ratis.server.impl.ServerState.initStatemachine(ServerState.java:167)
	at org.apache.ratis.server.impl.ServerState.<init>(ServerState.java:112)
	at org.apache.ratis.server.impl.RaftServerImpl.<init>(RaftServerImpl.java:186)
	at org.apache.ratis.server.impl.RaftServerProxy.lambda$newRaftServerImpl$4(RaftServerProxy.java:264)
	at java.util.concurrent.CompletableFuture$AsyncSupply.run(CompletableFuture.java:1604)
	at java.util.concurrent.ThreadPoolExecutor.runWorker(ThreadPoolExecutor.java:1149)
	at java.util.concurrent.ThreadPoolExecutor$Worker.run(ThreadPoolExecutor.java:624)
	at java.lang.Thread.run(Thread.java:748)
2020-12-24 03:52:14,868 [pool-301-thread-1] INFO  server.RaftServerConfigKeys (ConfUtils.java:logGet(44)) - raft.server.notification.no-leader.timeout = 300s (custom)
2020-12-24 03:52:14,868 [pool-301-thread-1] INFO  server.RaftServerConfigKeys (ConfUtils.java:logGet(44)) - raft.server.log.use.memory = false (default)
2020-12-24 03:52:14,868 [pool-301-thread-1] INFO  server.RaftServerConfigKeys (ConfUtils.java:logGet(44)) - raft.server.log.purge.gap = 1000000 (custom)
2020-12-24 03:52:14,869 [pool-301-thread-1] INFO  metrics.RatisMetrics (RatisMetrics.java:lambda$create$0(36)) - Creating Metrics Registry : ratis.log_worker.0dae4c23-fefe-4bb2-bc72-7e8960a30d82@group-7CE41B631E74
2020-12-24 03:52:14,869 [pool-301-thread-1] INFO  server.RaftServerConfigKeys (ConfUtils.java:logGet(44)) - raft.server.log.appender.buffer.byte-limit = 33554432 (custom)
2020-12-24 03:52:14,869 [pool-301-thread-1] INFO  server.RaftServerConfigKeys (ConfUtils.java:logGet(44)) - raft.server.log.segment.size.max = 1048576 (custom)
2020-12-24 03:52:14,870 [pool-301-thread-1] INFO  server.RaftServerConfigKeys (ConfUtils.java:logGet(44)) - raft.server.log.segment.cache.num.max = 2 (custom)
2020-12-24 03:52:14,870 [pool-301-thread-1] INFO  server.RaftServerConfigKeys (ConfUtils.java:logGet(44)) - raft.server.log.segment.cache.size.max = 200MB (=209715200) (default)
2020-12-24 03:52:14,870 [pool-301-thread-1] INFO  segmented.SegmentedRaftLogWorker (SegmentedRaftLogWorker.java:<init>(181)) - new 0dae4c23-fefe-4bb2-bc72-7e8960a30d82@group-7CE41B631E74-SegmentedRaftLogWorker for RaftStorage:Storage Directory /github/workspace/mnt/ozone/hadoop-ozone/integration-test/target/test-dir/MiniOzoneClusterImpl-9e14565b-f938-48ad-b0e9-52a6969cb554/datanode-4/data/ratis/e786d081-ded2-47c4-b726-7ce41b631e74
2020-12-24 03:52:14,870 [pool-301-thread-1] INFO  server.RaftServerConfigKeys (ConfUtils.java:logGet(44)) - raft.server.log.queue.byte-limit = 2147483647 (custom)
2020-12-24 03:52:14,871 [pool-301-thread-1] INFO  server.RaftServerConfigKeys (ConfUtils.java:logGet(44)) - raft.server.log.queue.element-limit = 1024 (custom)
2020-12-24 03:52:14,871 [pool-301-thread-1] INFO  server.RaftServerConfigKeys (ConfUtils.java:logGet(44)) - raft.server.log.segment.size.max = 1048576 (custom)
2020-12-24 03:52:14,871 [pool-301-thread-1] INFO  server.RaftServerConfigKeys (ConfUtils.java:logGet(44)) - raft.server.log.preallocated.size = 16384 (custom)
2020-12-24 03:52:14,871 [pool-301-thread-1] INFO  server.RaftServerConfigKeys (ConfUtils.java:logGet(44)) - raft.server.log.force.sync.num = 128 (default)
2020-12-24 03:52:14,871 [pool-301-thread-1] INFO  server.RaftServerConfigKeys (ConfUtils.java:logGet(44)) - raft.server.log.statemachine.data.sync = true (default)
2020-12-24 03:52:14,871 [pool-301-thread-1] INFO  server.RaftServerConfigKeys (ConfUtils.java:logGet(44)) - raft.server.log.statemachine.data.sync.timeout = 10s (default)
2020-12-24 03:52:14,871 [pool-301-thread-1] INFO  server.RaftServerConfigKeys (ConfUtils.java:logGet(44)) - raft.server.log.statemachine.data.sync.timeout.retry = -1 (default)
2020-12-24 03:52:14,872 [pool-301-thread-1] INFO  server.RaftServerConfigKeys (ConfUtils.java:logGet(44)) - raft.server.log.write.buffer.size = 1048576 (custom)
2020-12-24 03:52:14,873 [pool-301-thread-1] INFO  server.RaftServerConfigKeys (ConfUtils.java:logGet(44)) - raft.server.log.statemachine.data.caching.enabled = true (custom)
2020-12-24 03:52:14,873 [pool-301-thread-1] INFO  segmented.SegmentedRaftLogWorker (SegmentedRaftLogWorker.java:lambda$new$0(132)) - 0dae4c23-fefe-4bb2-bc72-7e8960a30d82@group-7CE41B631E74-SegmentedRaftLogWorker: flushIndex: setUnconditionally 0 -> -1
2020-12-24 03:52:14,873 [pool-301-thread-1] INFO  segmented.SegmentedRaftLogWorker (SegmentedRaftLogWorker.java:lambda$new$0(132)) - 0dae4c23-fefe-4bb2-bc72-7e8960a30d82@group-7CE41B631E74-SegmentedRaftLogWorker: safeCacheEvictIndex: setUnconditionally 0 -> -1
2020-12-24 03:52:14,873 [pool-301-thread-1] INFO  server.RaftServerConfigKeys (ConfUtils.java:logGet(44)) - raft.server.snapshot.auto.trigger.enabled = true (custom)
2020-12-24 03:52:14,873 [pool-301-thread-1] INFO  server.RaftServerConfigKeys (ConfUtils.java:logGet(44)) - raft.server.snapshot.auto.trigger.threshold = 10000 (custom)
2020-12-24 03:52:14,873 [pool-301-thread-1] INFO  server.RaftServerConfigKeys (ConfUtils.java:logGet(44)) - raft.server.snapshot.retention.file.num = 5 (custom)
2020-12-24 03:52:14,873 [pool-301-thread-1] INFO  server.RaftServerConfigKeys (ConfUtils.java:logGet(44)) - raft.server.log.purge.upto.snapshot.index = false (default)
2020-12-24 03:52:14,873 [pool-301-thread-1] INFO  server.RaftServerConfigKeys (ConfUtils.java:logGet(44)) - raft.server.retrycache.expirytime = 600000ms (custom)
2020-12-24 03:52:14,873 [pool-301-thread-1] INFO  server.RaftServerConfigKeys (ConfUtils.java:logGet(44)) - raft.server.retrycache.statistics.expirytime = 100?s (default)
2020-12-24 03:52:14,874 [pool-301-thread-1] INFO  metrics.RatisMetrics (RatisMetrics.java:lambda$create$0(36)) - Creating Metrics Registry : ratis.leader_election.0dae4c23-fefe-4bb2-bc72-7e8960a30d82@group-7CE41B631E74
2020-12-24 03:52:14,874 [pool-301-thread-1] INFO  metrics.RatisMetrics (RatisMetrics.java:lambda$create$0(36)) - Creating Metrics Registry : ratis.server.0dae4c23-fefe-4bb2-bc72-7e8960a30d82@group-7CE41B631E74
2020-12-24 03:52:14,875 [pool-301-thread-1] INFO  server.RaftServer$Division (RaftServerImpl.java:start(286)) - 0dae4c23-fefe-4bb2-bc72-7e8960a30d82@group-7CE41B631E74: start as a follower, conf=-1: [0dae4c23-fefe-4bb2-bc72-7e8960a30d82|rpc:172.17.0.2:39989], old=null
2020-12-24 03:52:14,875 [pool-301-thread-1] INFO  server.RaftServer$Division (RaftServerImpl.java:setRole(275)) - 0dae4c23-fefe-4bb2-bc72-7e8960a30d82@group-7CE41B631E74: changes role from      null to FOLLOWER at term 0 for startAsFollower
2020-12-24 03:52:14,875 [pool-301-thread-1] INFO  impl.RoleInfo (RoleInfo.java:updateAndGet(130)) - 0dae4c23-fefe-4bb2-bc72-7e8960a30d82: start 0dae4c23-fefe-4bb2-bc72-7e8960a30d82@group-7CE41B631E74-FollowerState
2020-12-24 03:52:14,878 [pool-301-thread-1] INFO  util.JmxRegister (JmxRegister.java:tryRegister(44)) - Successfully registered JMX Bean with object name Ratis:service=RaftServer,group=group-7CE41B631E74,id=0dae4c23-fefe-4bb2-bc72-7e8960a30d82
2020-12-24 03:52:14,879 [pool-301-thread-1] INFO  metrics.RatisMetrics (RatisMetrics.java:lambda$create$0(36)) - Creating Metrics Registry : ratis.state_machine.0dae4c23-fefe-4bb2-bc72-7e8960a30d82@group-7CE41B631E74
2020-12-24 03:52:14,879 [Command processor thread] INFO  commandhandler.CreatePipelineCommandHandler (CreatePipelineCommandHandler.java:handle(106)) - Created Pipeline RATIS ONE PipelineID=e786d081-ded2-47c4-b726-7ce41b631e74.
2020-12-24 03:52:15,059 [Command processor thread] INFO  server.RaftServer (RaftServerProxy.java:addNew(93)) - d39cfd4e-a5ab-4099-ae66-25f36cfdb7e3: addNew group-4862DD35147E:[d39cfd4e-a5ab-4099-ae66-25f36cfdb7e3|rpc:172.17.0.2:44379] returns group-4862DD35147E:java.util.concurrent.CompletableFuture@403c12fd[Not completed]
2020-12-24 03:52:15,060 [pool-317-thread-1] INFO  server.RaftServer$Division (RaftServerImpl.java:<init>(173)) - d39cfd4e-a5ab-4099-ae66-25f36cfdb7e3: new RaftServerImpl for group-4862DD35147E:[d39cfd4e-a5ab-4099-ae66-25f36cfdb7e3|rpc:172.17.0.2:44379] with ContainerStateMachine:uninitialized
2020-12-24 03:52:15,060 [pool-317-thread-1] INFO  server.RaftServerConfigKeys (ConfUtils.java:logGet(44)) - raft.server.rpc.timeout.min = 5s (custom)
2020-12-24 03:52:15,060 [pool-317-thread-1] INFO  server.RaftServerConfigKeys (ConfUtils.java:logGet(44)) - raft.server.rpc.timeout.max = 5200ms (custom)
2020-12-24 03:52:15,060 [pool-317-thread-1] INFO  server.RaftServerConfigKeys (ConfUtils.java:logGet(44)) - raft.server.rpc.sleep.time = 25ms (default)
2020-12-24 03:52:15,060 [pool-317-thread-1] INFO  server.RaftServerConfigKeys (ConfUtils.java:logGet(44)) - raft.server.rpc.slowness.timeout = 300s (custom)
2020-12-24 03:52:15,061 [pool-317-thread-1] INFO  server.RaftServerConfigKeys (ConfUtils.java:logGet(44)) - raft.server.leaderelection.leader.step-down.wait-time = 10s (default)
2020-12-24 03:52:15,061 [pool-317-thread-1] INFO  server.RaftServerConfigKeys (ConfUtils.java:logGet(44)) - raft.server.sleep.deviation.threshold = 300ms (default)
2020-12-24 03:52:15,061 [pool-317-thread-1] INFO  server.RaftServerConfigKeys (ConfUtils.java:logGet(44)) - raft.server.log.appender.install.snapshot.enabled = false (custom)
2020-12-24 03:52:15,061 [Listener at 127.0.0.1/36349] INFO  ozone.MiniOzoneClusterImpl (MiniOzoneClusterImpl.java:lambda$waitForClusterToBeReady$0(178)) - Nodes are ready. Got 6 of 6 DN Heartbeats.
2020-12-24 03:52:15,061 [Listener at 127.0.0.1/36349] INFO  ozone.MiniOzoneClusterImpl (MiniOzoneClusterImpl.java:lambda$waitForClusterToBeReady$0(181)) - Waiting for cluster to exit safe mode
2020-12-24 03:52:15,061 [pool-317-thread-1] INFO  server.RaftServer$Division (ServerState.java:<init>(104)) - d39cfd4e-a5ab-4099-ae66-25f36cfdb7e3@group-4862DD35147E: ConfigurationManager, init=-1: [d39cfd4e-a5ab-4099-ae66-25f36cfdb7e3|rpc:172.17.0.2:44379], old=null, confs=<EMPTY_MAP>
2020-12-24 03:52:15,061 [pool-317-thread-1] INFO  server.RaftServerConfigKeys (ConfUtils.java:logGet(44)) - raft.server.storage.dir = [/github/workspace/mnt/ozone/hadoop-ozone/integration-test/target/test-dir/MiniOzoneClusterImpl-9e14565b-f938-48ad-b0e9-52a6969cb554/datanode-5/data/ratis] (custom)
2020-12-24 03:52:15,062 [pool-317-thread-1] INFO  server.RaftServerConfigKeys (ConfUtils.java:logGet(44)) - raft.server.log.corruption.policy = EXCEPTION (default)
2020-12-24 03:52:15,062 [pool-317-thread-1] INFO  storage.RaftStorageDirectory (RaftStorageDirectory.java:analyzeStorage(260)) - The storage directory /github/workspace/mnt/ozone/hadoop-ozone/integration-test/target/test-dir/MiniOzoneClusterImpl-9e14565b-f938-48ad-b0e9-52a6969cb554/datanode-5/data/ratis/5d511d2b-bb19-4d80-91cc-4862dd35147e does not exist. Creating ...
2020-12-24 03:52:15,063 [pool-317-thread-1] INFO  storage.RaftStorageDirectory (RaftStorageDirectory.java:tryLock(342)) - Lock on /github/workspace/mnt/ozone/hadoop-ozone/integration-test/target/test-dir/MiniOzoneClusterImpl-9e14565b-f938-48ad-b0e9-52a6969cb554/datanode-5/data/ratis/5d511d2b-bb19-4d80-91cc-4862dd35147e/in_use.lock acquired by nodename 22406@822d467d5ade
2020-12-24 03:52:15,064 [pool-317-thread-1] INFO  storage.RaftStorage (RaftStorage.java:format(89)) - Storage directory /github/workspace/mnt/ozone/hadoop-ozone/integration-test/target/test-dir/MiniOzoneClusterImpl-9e14565b-f938-48ad-b0e9-52a6969cb554/datanode-5/data/ratis/5d511d2b-bb19-4d80-91cc-4862dd35147e has been successfully formatted.
2020-12-24 03:52:15,064 [pool-317-thread-1] INFO  ratis.ContainerStateMachine (ContainerStateMachine.java:loadSnapshot(223)) - group-4862DD35147E: The snapshot info is null. Setting the last applied indexto:(t:0, i:~)
2020-12-24 03:52:15,065 [pool-317-thread-1] ERROR storage.RaftStorage (RaftStorage.java:readRaftConfiguration(152)) - Failed reading configuration from file:/github/workspace/mnt/ozone/hadoop-ozone/integration-test/target/test-dir/MiniOzoneClusterImpl-9e14565b-f938-48ad-b0e9-52a6969cb554/datanode-5/data/ratis/5d511d2b-bb19-4d80-91cc-4862dd35147e/current/raft-meta.conf
java.io.FileNotFoundException: /github/workspace/mnt/ozone/hadoop-ozone/integration-test/target/test-dir/MiniOzoneClusterImpl-9e14565b-f938-48ad-b0e9-52a6969cb554/datanode-5/data/ratis/5d511d2b-bb19-4d80-91cc-4862dd35147e/current/raft-meta.conf (No such file or directory)
	at java.io.FileInputStream.open0(Native Method)
	at java.io.FileInputStream.open(FileInputStream.java:195)
	at java.io.FileInputStream.<init>(FileInputStream.java:138)
	at org.apache.ratis.server.storage.RaftStorage.readRaftConfiguration(RaftStorage.java:148)
	at org.apache.ratis.server.impl.ServerState.initStatemachine(ServerState.java:167)
	at org.apache.ratis.server.impl.ServerState.<init>(ServerState.java:112)
	at org.apache.ratis.server.impl.RaftServerImpl.<init>(RaftServerImpl.java:186)
	at org.apache.ratis.server.impl.RaftServerProxy.lambda$newRaftServerImpl$4(RaftServerProxy.java:264)
	at java.util.concurrent.CompletableFuture$AsyncSupply.run(CompletableFuture.java:1604)
	at java.util.concurrent.ThreadPoolExecutor.runWorker(ThreadPoolExecutor.java:1149)
	at java.util.concurrent.ThreadPoolExecutor$Worker.run(ThreadPoolExecutor.java:624)
	at java.lang.Thread.run(Thread.java:748)
2020-12-24 03:52:15,065 [pool-317-thread-1] INFO  server.RaftServerConfigKeys (ConfUtils.java:logGet(44)) - raft.server.notification.no-leader.timeout = 300s (custom)
2020-12-24 03:52:15,065 [pool-317-thread-1] INFO  server.RaftServerConfigKeys (ConfUtils.java:logGet(44)) - raft.server.log.use.memory = false (default)
2020-12-24 03:52:15,065 [pool-317-thread-1] INFO  server.RaftServerConfigKeys (ConfUtils.java:logGet(44)) - raft.server.log.purge.gap = 1000000 (custom)
2020-12-24 03:52:15,065 [pool-317-thread-1] INFO  metrics.RatisMetrics (RatisMetrics.java:lambda$create$0(36)) - Creating Metrics Registry : ratis.log_worker.d39cfd4e-a5ab-4099-ae66-25f36cfdb7e3@group-4862DD35147E
2020-12-24 03:52:15,065 [pool-317-thread-1] INFO  server.RaftServerConfigKeys (ConfUtils.java:logGet(44)) - raft.server.log.appender.buffer.byte-limit = 33554432 (custom)
2020-12-24 03:52:15,065 [pool-317-thread-1] INFO  server.RaftServerConfigKeys (ConfUtils.java:logGet(44)) - raft.server.log.segment.size.max = 1048576 (custom)
2020-12-24 03:52:15,066 [EventQueue-PipelineReportForPipelineReportHandler] INFO  pipeline.PipelineStateManager (PipelineStateManager.java:openPipeline(132)) - Pipeline Pipeline[ Id: 5d511d2b-bb19-4d80-91cc-4862dd35147e, Nodes: d39cfd4e-a5ab-4099-ae66-25f36cfdb7e3{ip: 172.17.0.2, host: 822d467d5ade, networkLocation: /default-rack, certSerialId: null, persistedOpState: IN_SERVICE, persistedOpStateExpiryEpochSec: 0}, Type:RATIS, Factor:ONE, State:ALLOCATED, leaderId:d39cfd4e-a5ab-4099-ae66-25f36cfdb7e3, CreationTimestamp2020-12-24T03:52:12.061Z] moved to OPEN state
2020-12-24 03:52:15,066 [pool-317-thread-1] INFO  server.RaftServerConfigKeys (ConfUtils.java:logGet(44)) - raft.server.log.segment.cache.num.max = 2 (custom)
2020-12-24 03:52:15,066 [pool-317-thread-1] INFO  server.RaftServerConfigKeys (ConfUtils.java:logGet(44)) - raft.server.log.segment.cache.size.max = 200MB (=209715200) (default)
2020-12-24 03:52:15,066 [pool-317-thread-1] INFO  segmented.SegmentedRaftLogWorker (SegmentedRaftLogWorker.java:<init>(181)) - new d39cfd4e-a5ab-4099-ae66-25f36cfdb7e3@group-4862DD35147E-SegmentedRaftLogWorker for RaftStorage:Storage Directory /github/workspace/mnt/ozone/hadoop-ozone/integration-test/target/test-dir/MiniOzoneClusterImpl-9e14565b-f938-48ad-b0e9-52a6969cb554/datanode-5/data/ratis/5d511d2b-bb19-4d80-91cc-4862dd35147e
2020-12-24 03:52:15,066 [pool-317-thread-1] INFO  server.RaftServerConfigKeys (ConfUtils.java:logGet(44)) - raft.server.log.queue.byte-limit = 2147483647 (custom)
2020-12-24 03:52:15,066 [pool-317-thread-1] INFO  server.RaftServerConfigKeys (ConfUtils.java:logGet(44)) - raft.server.log.queue.element-limit = 1024 (custom)
2020-12-24 03:52:15,066 [pool-317-thread-1] INFO  server.RaftServerConfigKeys (ConfUtils.java:logGet(44)) - raft.server.log.segment.size.max = 1048576 (custom)
2020-12-24 03:52:15,066 [pool-317-thread-1] INFO  server.RaftServerConfigKeys (ConfUtils.java:logGet(44)) - raft.server.log.preallocated.size = 16384 (custom)
2020-12-24 03:52:15,066 [pool-317-thread-1] INFO  server.RaftServerConfigKeys (ConfUtils.java:logGet(44)) - raft.server.log.force.sync.num = 128 (default)
2020-12-24 03:52:15,066 [pool-317-thread-1] INFO  server.RaftServerConfigKeys (ConfUtils.java:logGet(44)) - raft.server.log.statemachine.data.sync = true (default)
2020-12-24 03:52:15,066 [pool-317-thread-1] INFO  server.RaftServerConfigKeys (ConfUtils.java:logGet(44)) - raft.server.log.statemachine.data.sync.timeout = 10s (default)
2020-12-24 03:52:15,066 [pool-317-thread-1] INFO  server.RaftServerConfigKeys (ConfUtils.java:logGet(44)) - raft.server.log.statemachine.data.sync.timeout.retry = -1 (default)
2020-12-24 03:52:15,066 [EventQueue-OpenPipelineForHealthyPipelineSafeModeRule] INFO  safemode.SCMSafeModeManager (HealthyPipelineSafeModeRule.java:process(128)) - SCM in safe mode. Healthy pipelines reported count is 0, required healthy pipeline reported count is 1
2020-12-24 03:52:15,066 [EventQueue-PipelineReportForOneReplicaPipelineSafeModeRule] INFO  safemode.SCMSafeModeManager (SCMSafeModeManager.java:validateSafeModeExitRules(214)) - AtleastOneDatanodeReportedRule rule is successfully validated
2020-12-24 03:52:15,068 [EventQueue-PipelineReportForOneReplicaPipelineSafeModeRule] INFO  safemode.SCMSafeModeManager (SCMSafeModeManager.java:validateSafeModeExitRules(214)) - AtleastOneDatanodeReportedRule rule is successfully validated
2020-12-24 03:52:15,068 [EventQueue-OpenPipelineForHealthyPipelineSafeModeRule] INFO  safemode.SCMSafeModeManager (HealthyPipelineSafeModeRule.java:process(128)) - SCM in safe mode. Healthy pipelines reported count is 0, required healthy pipeline reported count is 1
2020-12-24 03:52:15,069 [pool-317-thread-1] INFO  server.RaftServerConfigKeys (ConfUtils.java:logGet(44)) - raft.server.log.write.buffer.size = 1048576 (custom)
2020-12-24 03:52:15,069 [pool-317-thread-1] INFO  server.RaftServerConfigKeys (ConfUtils.java:logGet(44)) - raft.server.log.statemachine.data.caching.enabled = true (custom)
2020-12-24 03:52:15,070 [pool-317-thread-1] INFO  segmented.SegmentedRaftLogWorker (SegmentedRaftLogWorker.java:lambda$new$0(132)) - d39cfd4e-a5ab-4099-ae66-25f36cfdb7e3@group-4862DD35147E-SegmentedRaftLogWorker: flushIndex: setUnconditionally 0 -> -1
2020-12-24 03:52:15,070 [pool-317-thread-1] INFO  segmented.SegmentedRaftLogWorker (SegmentedRaftLogWorker.java:lambda$new$0(132)) - d39cfd4e-a5ab-4099-ae66-25f36cfdb7e3@group-4862DD35147E-SegmentedRaftLogWorker: safeCacheEvictIndex: setUnconditionally 0 -> -1
2020-12-24 03:52:15,070 [pool-317-thread-1] INFO  server.RaftServerConfigKeys (ConfUtils.java:logGet(44)) - raft.server.snapshot.auto.trigger.enabled = true (custom)
2020-12-24 03:52:15,070 [pool-317-thread-1] INFO  server.RaftServerConfigKeys (ConfUtils.java:logGet(44)) - raft.server.snapshot.auto.trigger.threshold = 10000 (custom)
2020-12-24 03:52:15,070 [pool-317-thread-1] INFO  server.RaftServerConfigKeys (ConfUtils.java:logGet(44)) - raft.server.snapshot.retention.file.num = 5 (custom)
2020-12-24 03:52:15,070 [pool-317-thread-1] INFO  server.RaftServerConfigKeys (ConfUtils.java:logGet(44)) - raft.server.log.purge.upto.snapshot.index = false (default)
2020-12-24 03:52:15,070 [pool-317-thread-1] INFO  server.RaftServerConfigKeys (ConfUtils.java:logGet(44)) - raft.server.retrycache.expirytime = 600000ms (custom)
2020-12-24 03:52:15,070 [pool-317-thread-1] INFO  server.RaftServerConfigKeys (ConfUtils.java:logGet(44)) - raft.server.retrycache.statistics.expirytime = 100?s (default)
2020-12-24 03:52:15,070 [pool-317-thread-1] INFO  metrics.RatisMetrics (RatisMetrics.java:lambda$create$0(36)) - Creating Metrics Registry : ratis.leader_election.d39cfd4e-a5ab-4099-ae66-25f36cfdb7e3@group-4862DD35147E
2020-12-24 03:52:15,071 [pool-317-thread-1] INFO  metrics.RatisMetrics (RatisMetrics.java:lambda$create$0(36)) - Creating Metrics Registry : ratis.server.d39cfd4e-a5ab-4099-ae66-25f36cfdb7e3@group-4862DD35147E
2020-12-24 03:52:15,072 [pool-317-thread-1] INFO  server.RaftServer$Division (RaftServerImpl.java:start(286)) - d39cfd4e-a5ab-4099-ae66-25f36cfdb7e3@group-4862DD35147E: start as a follower, conf=-1: [d39cfd4e-a5ab-4099-ae66-25f36cfdb7e3|rpc:172.17.0.2:44379], old=null
2020-12-24 03:52:15,072 [pool-317-thread-1] INFO  server.RaftServer$Division (RaftServerImpl.java:setRole(275)) - d39cfd4e-a5ab-4099-ae66-25f36cfdb7e3@group-4862DD35147E: changes role from      null to FOLLOWER at term 0 for startAsFollower
2020-12-24 03:52:15,072 [pool-317-thread-1] INFO  impl.RoleInfo (RoleInfo.java:updateAndGet(130)) - d39cfd4e-a5ab-4099-ae66-25f36cfdb7e3: start d39cfd4e-a5ab-4099-ae66-25f36cfdb7e3@group-4862DD35147E-FollowerState
2020-12-24 03:52:15,077 [pool-317-thread-1] INFO  util.JmxRegister (JmxRegister.java:tryRegister(44)) - Successfully registered JMX Bean with object name Ratis:service=RaftServer,group=group-4862DD35147E,id=d39cfd4e-a5ab-4099-ae66-25f36cfdb7e3
2020-12-24 03:52:15,077 [pool-317-thread-1] INFO  metrics.RatisMetrics (RatisMetrics.java:lambda$create$0(36)) - Creating Metrics Registry : ratis.state_machine.d39cfd4e-a5ab-4099-ae66-25f36cfdb7e3@group-4862DD35147E
2020-12-24 03:52:15,077 [Command processor thread] INFO  commandhandler.CreatePipelineCommandHandler (CreatePipelineCommandHandler.java:handle(106)) - Created Pipeline RATIS ONE PipelineID=5d511d2b-bb19-4d80-91cc-4862dd35147e.
2020-12-24 03:52:15,231 [EventQueue-PipelineReportForOneReplicaPipelineSafeModeRule] INFO  safemode.SCMSafeModeManager (SCMSafeModeManager.java:validateSafeModeExitRules(214)) - AtleastOneDatanodeReportedRule rule is successfully validated
2020-12-24 03:52:15,231 [EventQueue-OpenPipelineForHealthyPipelineSafeModeRule] INFO  safemode.SCMSafeModeManager (HealthyPipelineSafeModeRule.java:process(128)) - SCM in safe mode. Healthy pipelines reported count is 0, required healthy pipeline reported count is 1
2020-12-24 03:52:15,460 [EventQueue-OpenPipelineForHealthyPipelineSafeModeRule] INFO  safemode.SCMSafeModeManager (HealthyPipelineSafeModeRule.java:process(128)) - SCM in safe mode. Healthy pipelines reported count is 0, required healthy pipeline reported count is 1
2020-12-24 03:52:15,460 [EventQueue-PipelineReportForOneReplicaPipelineSafeModeRule] INFO  safemode.SCMSafeModeManager (SCMSafeModeManager.java:validateSafeModeExitRules(214)) - AtleastOneDatanodeReportedRule rule is successfully validated
2020-12-24 03:52:15,702 [EventQueue-PipelineReportForOneReplicaPipelineSafeModeRule] INFO  safemode.SCMSafeModeManager (SCMSafeModeManager.java:validateSafeModeExitRules(214)) - AtleastOneDatanodeReportedRule rule is successfully validated
2020-12-24 03:52:15,702 [EventQueue-OpenPipelineForHealthyPipelineSafeModeRule] INFO  safemode.SCMSafeModeManager (HealthyPipelineSafeModeRule.java:process(128)) - SCM in safe mode. Healthy pipelines reported count is 0, required healthy pipeline reported count is 1
2020-12-24 03:52:15,865 [EventQueue-PipelineReportForOneReplicaPipelineSafeModeRule] INFO  safemode.SCMSafeModeManager (SCMSafeModeManager.java:validateSafeModeExitRules(214)) - AtleastOneDatanodeReportedRule rule is successfully validated
2020-12-24 03:52:15,865 [EventQueue-OpenPipelineForHealthyPipelineSafeModeRule] INFO  safemode.SCMSafeModeManager (HealthyPipelineSafeModeRule.java:process(128)) - SCM in safe mode. Healthy pipelines reported count is 0, required healthy pipeline reported count is 1
2020-12-24 03:52:16,061 [Listener at 127.0.0.1/36349] INFO  ozone.MiniOzoneClusterImpl (MiniOzoneClusterImpl.java:lambda$waitForClusterToBeReady$0(178)) - Nodes are ready. Got 6 of 6 DN Heartbeats.
2020-12-24 03:52:16,062 [Listener at 127.0.0.1/36349] INFO  ozone.MiniOzoneClusterImpl (MiniOzoneClusterImpl.java:lambda$waitForClusterToBeReady$0(181)) - Waiting for cluster to exit safe mode
2020-12-24 03:52:16,066 [EventQueue-OpenPipelineForHealthyPipelineSafeModeRule] INFO  safemode.SCMSafeModeManager (HealthyPipelineSafeModeRule.java:process(128)) - SCM in safe mode. Healthy pipelines reported count is 0, required healthy pipeline reported count is 1
2020-12-24 03:52:16,066 [EventQueue-PipelineReportForOneReplicaPipelineSafeModeRule] INFO  safemode.SCMSafeModeManager (SCMSafeModeManager.java:validateSafeModeExitRules(214)) - AtleastOneDatanodeReportedRule rule is successfully validated
2020-12-24 03:52:16,069 [EventQueue-OpenPipelineForHealthyPipelineSafeModeRule] INFO  safemode.SCMSafeModeManager (HealthyPipelineSafeModeRule.java:process(128)) - SCM in safe mode. Healthy pipelines reported count is 0, required healthy pipeline reported count is 1
2020-12-24 03:52:16,069 [EventQueue-PipelineReportForOneReplicaPipelineSafeModeRule] INFO  safemode.SCMSafeModeManager (SCMSafeModeManager.java:validateSafeModeExitRules(214)) - AtleastOneDatanodeReportedRule rule is successfully validated
2020-12-24 03:52:16,231 [EventQueue-OpenPipelineForHealthyPipelineSafeModeRule] INFO  safemode.SCMSafeModeManager (HealthyPipelineSafeModeRule.java:process(128)) - SCM in safe mode. Healthy pipelines reported count is 0, required healthy pipeline reported count is 1
2020-12-24 03:52:16,231 [EventQueue-PipelineReportForOneReplicaPipelineSafeModeRule] INFO  safemode.SCMSafeModeManager (SCMSafeModeManager.java:validateSafeModeExitRules(214)) - AtleastOneDatanodeReportedRule rule is successfully validated
2020-12-24 03:52:16,460 [EventQueue-PipelineReportForOneReplicaPipelineSafeModeRule] INFO  safemode.SCMSafeModeManager (SCMSafeModeManager.java:validateSafeModeExitRules(214)) - AtleastOneDatanodeReportedRule rule is successfully validated
2020-12-24 03:52:16,460 [EventQueue-OpenPipelineForHealthyPipelineSafeModeRule] INFO  safemode.SCMSafeModeManager (HealthyPipelineSafeModeRule.java:process(128)) - SCM in safe mode. Healthy pipelines reported count is 0, required healthy pipeline reported count is 1
2020-12-24 03:52:16,702 [EventQueue-PipelineReportForOneReplicaPipelineSafeModeRule] INFO  safemode.SCMSafeModeManager (SCMSafeModeManager.java:validateSafeModeExitRules(214)) - AtleastOneDatanodeReportedRule rule is successfully validated
2020-12-24 03:52:16,702 [EventQueue-OpenPipelineForHealthyPipelineSafeModeRule] INFO  safemode.SCMSafeModeManager (HealthyPipelineSafeModeRule.java:process(128)) - SCM in safe mode. Healthy pipelines reported count is 0, required healthy pipeline reported count is 1
2020-12-24 03:52:16,865 [EventQueue-PipelineReportForOneReplicaPipelineSafeModeRule] INFO  safemode.SCMSafeModeManager (SCMSafeModeManager.java:validateSafeModeExitRules(214)) - AtleastOneDatanodeReportedRule rule is successfully validated
2020-12-24 03:52:16,865 [EventQueue-OpenPipelineForHealthyPipelineSafeModeRule] INFO  safemode.SCMSafeModeManager (HealthyPipelineSafeModeRule.java:process(128)) - SCM in safe mode. Healthy pipelines reported count is 0, required healthy pipeline reported count is 1
2020-12-24 03:52:17,062 [Listener at 127.0.0.1/36349] INFO  ozone.MiniOzoneClusterImpl (MiniOzoneClusterImpl.java:lambda$waitForClusterToBeReady$0(178)) - Nodes are ready. Got 6 of 6 DN Heartbeats.
2020-12-24 03:52:17,062 [Listener at 127.0.0.1/36349] INFO  ozone.MiniOzoneClusterImpl (MiniOzoneClusterImpl.java:lambda$waitForClusterToBeReady$0(181)) - Waiting for cluster to exit safe mode
2020-12-24 03:52:17,066 [EventQueue-OpenPipelineForHealthyPipelineSafeModeRule] INFO  safemode.SCMSafeModeManager (HealthyPipelineSafeModeRule.java:process(128)) - SCM in safe mode. Healthy pipelines reported count is 0, required healthy pipeline reported count is 1
2020-12-24 03:52:17,066 [EventQueue-PipelineReportForOneReplicaPipelineSafeModeRule] INFO  safemode.SCMSafeModeManager (SCMSafeModeManager.java:validateSafeModeExitRules(214)) - AtleastOneDatanodeReportedRule rule is successfully validated
2020-12-24 03:52:17,069 [EventQueue-PipelineReportForOneReplicaPipelineSafeModeRule] INFO  safemode.SCMSafeModeManager (SCMSafeModeManager.java:validateSafeModeExitRules(214)) - AtleastOneDatanodeReportedRule rule is successfully validated
2020-12-24 03:52:17,070 [EventQueue-OpenPipelineForHealthyPipelineSafeModeRule] INFO  safemode.SCMSafeModeManager (HealthyPipelineSafeModeRule.java:process(128)) - SCM in safe mode. Healthy pipelines reported count is 0, required healthy pipeline reported count is 1
2020-12-24 03:52:17,231 [EventQueue-OpenPipelineForHealthyPipelineSafeModeRule] INFO  safemode.SCMSafeModeManager (HealthyPipelineSafeModeRule.java:process(128)) - SCM in safe mode. Healthy pipelines reported count is 0, required healthy pipeline reported count is 1
2020-12-24 03:52:17,231 [EventQueue-PipelineReportForOneReplicaPipelineSafeModeRule] INFO  safemode.SCMSafeModeManager (SCMSafeModeManager.java:validateSafeModeExitRules(214)) - AtleastOneDatanodeReportedRule rule is successfully validated
2020-12-24 03:52:17,460 [EventQueue-PipelineReportForOneReplicaPipelineSafeModeRule] INFO  safemode.SCMSafeModeManager (SCMSafeModeManager.java:validateSafeModeExitRules(214)) - AtleastOneDatanodeReportedRule rule is successfully validated
2020-12-24 03:52:17,461 [EventQueue-OpenPipelineForHealthyPipelineSafeModeRule] INFO  safemode.SCMSafeModeManager (HealthyPipelineSafeModeRule.java:process(128)) - SCM in safe mode. Healthy pipelines reported count is 0, required healthy pipeline reported count is 1
2020-12-24 03:52:17,702 [EventQueue-PipelineReportForOneReplicaPipelineSafeModeRule] INFO  safemode.SCMSafeModeManager (SCMSafeModeManager.java:validateSafeModeExitRules(214)) - AtleastOneDatanodeReportedRule rule is successfully validated
2020-12-24 03:52:17,702 [EventQueue-OpenPipelineForHealthyPipelineSafeModeRule] INFO  safemode.SCMSafeModeManager (HealthyPipelineSafeModeRule.java:process(128)) - SCM in safe mode. Healthy pipelines reported count is 0, required healthy pipeline reported count is 1
2020-12-24 03:52:17,865 [EventQueue-PipelineReportForOneReplicaPipelineSafeModeRule] INFO  safemode.SCMSafeModeManager (SCMSafeModeManager.java:validateSafeModeExitRules(214)) - AtleastOneDatanodeReportedRule rule is successfully validated
2020-12-24 03:52:17,865 [EventQueue-OpenPipelineForHealthyPipelineSafeModeRule] INFO  safemode.SCMSafeModeManager (HealthyPipelineSafeModeRule.java:process(128)) - SCM in safe mode. Healthy pipelines reported count is 0, required healthy pipeline reported count is 1
2020-12-24 03:52:18,063 [Listener at 127.0.0.1/36349] INFO  ozone.MiniOzoneClusterImpl (MiniOzoneClusterImpl.java:lambda$waitForClusterToBeReady$0(178)) - Nodes are ready. Got 6 of 6 DN Heartbeats.
2020-12-24 03:52:18,063 [Listener at 127.0.0.1/36349] INFO  ozone.MiniOzoneClusterImpl (MiniOzoneClusterImpl.java:lambda$waitForClusterToBeReady$0(181)) - Waiting for cluster to exit safe mode
2020-12-24 03:52:18,066 [EventQueue-PipelineReportForOneReplicaPipelineSafeModeRule] INFO  safemode.SCMSafeModeManager (SCMSafeModeManager.java:validateSafeModeExitRules(214)) - AtleastOneDatanodeReportedRule rule is successfully validated
2020-12-24 03:52:18,066 [EventQueue-OpenPipelineForHealthyPipelineSafeModeRule] INFO  safemode.SCMSafeModeManager (HealthyPipelineSafeModeRule.java:process(128)) - SCM in safe mode. Healthy pipelines reported count is 0, required healthy pipeline reported count is 1
2020-12-24 03:52:18,070 [EventQueue-PipelineReportForOneReplicaPipelineSafeModeRule] INFO  safemode.SCMSafeModeManager (SCMSafeModeManager.java:validateSafeModeExitRules(214)) - AtleastOneDatanodeReportedRule rule is successfully validated
2020-12-24 03:52:18,070 [EventQueue-OpenPipelineForHealthyPipelineSafeModeRule] INFO  safemode.SCMSafeModeManager (HealthyPipelineSafeModeRule.java:process(128)) - SCM in safe mode. Healthy pipelines reported count is 0, required healthy pipeline reported count is 1
2020-12-24 03:52:18,231 [EventQueue-PipelineReportForOneReplicaPipelineSafeModeRule] INFO  safemode.SCMSafeModeManager (SCMSafeModeManager.java:validateSafeModeExitRules(214)) - AtleastOneDatanodeReportedRule rule is successfully validated
2020-12-24 03:52:18,231 [EventQueue-OpenPipelineForHealthyPipelineSafeModeRule] INFO  safemode.SCMSafeModeManager (HealthyPipelineSafeModeRule.java:process(128)) - SCM in safe mode. Healthy pipelines reported count is 0, required healthy pipeline reported count is 1
2020-12-24 03:52:18,462 [EventQueue-OpenPipelineForHealthyPipelineSafeModeRule] INFO  safemode.SCMSafeModeManager (HealthyPipelineSafeModeRule.java:process(128)) - SCM in safe mode. Healthy pipelines reported count is 0, required healthy pipeline reported count is 1
2020-12-24 03:52:18,462 [EventQueue-PipelineReportForOneReplicaPipelineSafeModeRule] INFO  safemode.SCMSafeModeManager (SCMSafeModeManager.java:validateSafeModeExitRules(214)) - AtleastOneDatanodeReportedRule rule is successfully validated
2020-12-24 03:52:18,702 [EventQueue-PipelineReportForOneReplicaPipelineSafeModeRule] INFO  safemode.SCMSafeModeManager (SCMSafeModeManager.java:validateSafeModeExitRules(214)) - AtleastOneDatanodeReportedRule rule is successfully validated
2020-12-24 03:52:18,703 [EventQueue-OpenPipelineForHealthyPipelineSafeModeRule] INFO  safemode.SCMSafeModeManager (HealthyPipelineSafeModeRule.java:process(128)) - SCM in safe mode. Healthy pipelines reported count is 0, required healthy pipeline reported count is 1
2020-12-24 03:52:18,865 [EventQueue-PipelineReportForOneReplicaPipelineSafeModeRule] INFO  safemode.SCMSafeModeManager (SCMSafeModeManager.java:validateSafeModeExitRules(214)) - AtleastOneDatanodeReportedRule rule is successfully validated
2020-12-24 03:52:18,865 [EventQueue-OpenPipelineForHealthyPipelineSafeModeRule] INFO  safemode.SCMSafeModeManager (HealthyPipelineSafeModeRule.java:process(128)) - SCM in safe mode. Healthy pipelines reported count is 0, required healthy pipeline reported count is 1
2020-12-24 03:52:19,058 [Thread-819] INFO  impl.FollowerState (FollowerState.java:run(133)) - b22c4f2c-1caa-4579-b370-0e993976351f@group-39FD0216B09F-FollowerState: change to CANDIDATE, lastRpcElapsedTime:5001125069ns, electionTimeout:5000ms
2020-12-24 03:52:19,059 [Thread-819] INFO  impl.RoleInfo (RoleInfo.java:shutdownFollowerState(108)) - b22c4f2c-1caa-4579-b370-0e993976351f: shutdown b22c4f2c-1caa-4579-b370-0e993976351f@group-39FD0216B09F-FollowerState
2020-12-24 03:52:19,059 [Thread-819] INFO  server.RaftServer$Division (RaftServerImpl.java:setRole(275)) - b22c4f2c-1caa-4579-b370-0e993976351f@group-39FD0216B09F: changes role from  FOLLOWER to CANDIDATE at term 0 for changeToCandidate
2020-12-24 03:52:19,059 [Thread-819] INFO  impl.RoleInfo (RoleInfo.java:updateAndGet(130)) - b22c4f2c-1caa-4579-b370-0e993976351f: start b22c4f2c-1caa-4579-b370-0e993976351f@group-39FD0216B09F-LeaderElection9
2020-12-24 03:52:19,063 [Listener at 127.0.0.1/36349] INFO  ozone.MiniOzoneClusterImpl (MiniOzoneClusterImpl.java:lambda$waitForClusterToBeReady$0(178)) - Nodes are ready. Got 6 of 6 DN Heartbeats.
2020-12-24 03:52:19,064 [Listener at 127.0.0.1/36349] INFO  ozone.MiniOzoneClusterImpl (MiniOzoneClusterImpl.java:lambda$waitForClusterToBeReady$0(181)) - Waiting for cluster to exit safe mode
2020-12-24 03:52:19,065 [b22c4f2c-1caa-4579-b370-0e993976351f@group-39FD0216B09F-LeaderElection9] INFO  impl.LeaderElection (LeaderElection.java:askForVotes(219)) - b22c4f2c-1caa-4579-b370-0e993976351f@group-39FD0216B09F-LeaderElection9: begin an election at term 1 for -1: [b22c4f2c-1caa-4579-b370-0e993976351f|rpc:172.17.0.2:33975], old=null
2020-12-24 03:52:19,065 [b22c4f2c-1caa-4579-b370-0e993976351f@group-39FD0216B09F-LeaderElection9] INFO  impl.RoleInfo (RoleInfo.java:shutdownLeaderElection(121)) - b22c4f2c-1caa-4579-b370-0e993976351f: shutdown b22c4f2c-1caa-4579-b370-0e993976351f@group-39FD0216B09F-LeaderElection9
2020-12-24 03:52:19,065 [b22c4f2c-1caa-4579-b370-0e993976351f@group-39FD0216B09F-LeaderElection9] INFO  server.RaftServer$Division (RaftServerImpl.java:setRole(275)) - b22c4f2c-1caa-4579-b370-0e993976351f@group-39FD0216B09F: changes role from CANDIDATE to LEADER at term 1 for changeToLeader
2020-12-24 03:52:19,065 [b22c4f2c-1caa-4579-b370-0e993976351f@group-39FD0216B09F-LeaderElection9] INFO  ratis.XceiverServerRatis (XceiverServerRatis.java:handleLeaderChangedNotification(862)) - Leader change notification received for group: group-39FD0216B09F with new leaderId: b22c4f2c-1caa-4579-b370-0e993976351f
2020-12-24 03:52:19,065 [b22c4f2c-1caa-4579-b370-0e993976351f@group-39FD0216B09F-LeaderElection9] INFO  server.RaftServer$Division (ServerState.java:setLeader(258)) - b22c4f2c-1caa-4579-b370-0e993976351f@group-39FD0216B09F: change Leader from null to b22c4f2c-1caa-4579-b370-0e993976351f at term 1 for becomeLeader, leader elected after 5026ms
2020-12-24 03:52:19,065 [b22c4f2c-1caa-4579-b370-0e993976351f@group-39FD0216B09F-LeaderElection9] INFO  server.RaftServerConfigKeys (ConfUtils.java:logGet(44)) - raft.server.staging.catchup.gap = 1000 (default)
2020-12-24 03:52:19,066 [EventQueue-PipelineReportForOneReplicaPipelineSafeModeRule] INFO  safemode.SCMSafeModeManager (SCMSafeModeManager.java:validateSafeModeExitRules(214)) - AtleastOneDatanodeReportedRule rule is successfully validated
2020-12-24 03:52:19,066 [EventQueue-OpenPipelineForHealthyPipelineSafeModeRule] INFO  safemode.SCMSafeModeManager (HealthyPipelineSafeModeRule.java:process(128)) - SCM in safe mode. Healthy pipelines reported count is 0, required healthy pipeline reported count is 1
2020-12-24 03:52:19,066 [b22c4f2c-1caa-4579-b370-0e993976351f@group-39FD0216B09F-LeaderElection9] INFO  metrics.RatisMetrics (RatisMetrics.java:lambda$create$0(36)) - Creating Metrics Registry : ratis.log_appender.b22c4f2c-1caa-4579-b370-0e993976351f@group-39FD0216B09F
2020-12-24 03:52:19,066 [b22c4f2c-1caa-4579-b370-0e993976351f@group-39FD0216B09F-LeaderElection9] INFO  server.RaftServerConfigKeys (ConfUtils.java:logGet(44)) - raft.server.write.element-limit = 1024 (custom)
2020-12-24 03:52:19,066 [b22c4f2c-1caa-4579-b370-0e993976351f@group-39FD0216B09F-LeaderElection9] INFO  server.RaftServerConfigKeys (ConfUtils.java:logGet(44)) - raft.server.write.byte-limit = 1073741824 (custom)
2020-12-24 03:52:19,067 [b22c4f2c-1caa-4579-b370-0e993976351f@group-39FD0216B09F-LeaderElection9] INFO  server.RaftServerConfigKeys (ConfUtils.java:logGet(44)) - raft.server.watch.timeout = 180s (custom)
2020-12-24 03:52:19,067 [b22c4f2c-1caa-4579-b370-0e993976351f@group-39FD0216B09F-LeaderElection9] INFO  server.RaftServerConfigKeys (ConfUtils.java:logGet(44)) - raft.server.watch.timeout.denomination = 1s (default)
2020-12-24 03:52:19,067 [b22c4f2c-1caa-4579-b370-0e993976351f@group-39FD0216B09F-LeaderElection9] INFO  server.RaftServerConfigKeys (ConfUtils.java:logGet(44)) - raft.server.watch.element-limit = 65536 (default)
2020-12-24 03:52:19,067 [b22c4f2c-1caa-4579-b370-0e993976351f@group-39FD0216B09F-LeaderElection9] INFO  impl.RoleInfo (RoleInfo.java:updateAndGet(130)) - b22c4f2c-1caa-4579-b370-0e993976351f: start b22c4f2c-1caa-4579-b370-0e993976351f@group-39FD0216B09F-LeaderStateImpl
2020-12-24 03:52:19,068 [b22c4f2c-1caa-4579-b370-0e993976351f@group-39FD0216B09F-LeaderElection9] INFO  segmented.SegmentedRaftLogWorker (SegmentedRaftLogWorker.java:startLogSegment(392)) - b22c4f2c-1caa-4579-b370-0e993976351f@group-39FD0216B09F-SegmentedRaftLogWorker: Starting segment from index:0
2020-12-24 03:52:19,067 [EventQueue-PipelineReportForOneReplicaPipelineSafeModeRule] INFO  safemode.SCMSafeModeManager (SCMSafeModeManager.java:validateSafeModeExitRules(214)) - AtleastOneDatanodeReportedRule rule is successfully validated
2020-12-24 03:52:19,067 [EventQueue-OpenPipelineForHealthyPipelineSafeModeRule] INFO  safemode.SCMSafeModeManager (HealthyPipelineSafeModeRule.java:process(128)) - SCM in safe mode. Healthy pipelines reported count is 0, required healthy pipeline reported count is 1
2020-12-24 03:52:19,069 [b22c4f2c-1caa-4579-b370-0e993976351f@group-39FD0216B09F-SegmentedRaftLogWorker] INFO  segmented.SegmentedRaftLogWorker (SegmentedRaftLogWorker.java:execute(599)) - b22c4f2c-1caa-4579-b370-0e993976351f@group-39FD0216B09F-SegmentedRaftLogWorker: created new log segment /github/workspace/mnt/ozone/hadoop-ozone/integration-test/target/test-dir/MiniOzoneClusterImpl-9e14565b-f938-48ad-b0e9-52a6969cb554/datanode-0/data/ratis/8e121648-e2a5-46ef-b0c4-39fd0216b09f/current/log_inprogress_0
2020-12-24 03:52:19,077 [b22c4f2c-1caa-4579-b370-0e993976351f@group-39FD0216B09F-LeaderElection9] INFO  server.RaftServer$Division (ServerState.java:setRaftConf(374)) - b22c4f2c-1caa-4579-b370-0e993976351f@group-39FD0216B09F: set configuration 0: [b22c4f2c-1caa-4579-b370-0e993976351f|rpc:172.17.0.2:33975|dataStream:], old=null at 0
2020-12-24 03:52:19,172 [Thread-826] INFO  impl.FollowerState (FollowerState.java:run(133)) - 9439cf50-f8ac-47a3-be84-c5264c2c00f7@group-0142A39DCEE7-FollowerState: change to CANDIDATE, lastRpcElapsedTime:5040148117ns, electionTimeout:5037ms
2020-12-24 03:52:19,173 [Thread-826] INFO  impl.RoleInfo (RoleInfo.java:shutdownFollowerState(108)) - 9439cf50-f8ac-47a3-be84-c5264c2c00f7: shutdown 9439cf50-f8ac-47a3-be84-c5264c2c00f7@group-0142A39DCEE7-FollowerState
2020-12-24 03:52:19,173 [Thread-826] INFO  server.RaftServer$Division (RaftServerImpl.java:setRole(275)) - 9439cf50-f8ac-47a3-be84-c5264c2c00f7@group-0142A39DCEE7: changes role from  FOLLOWER to CANDIDATE at term 0 for changeToCandidate
2020-12-24 03:52:19,173 [Thread-826] INFO  impl.RoleInfo (RoleInfo.java:updateAndGet(130)) - 9439cf50-f8ac-47a3-be84-c5264c2c00f7: start 9439cf50-f8ac-47a3-be84-c5264c2c00f7@group-0142A39DCEE7-LeaderElection10
2020-12-24 03:52:19,176 [9439cf50-f8ac-47a3-be84-c5264c2c00f7@group-0142A39DCEE7-LeaderElection10] INFO  impl.LeaderElection (LeaderElection.java:askForVotes(219)) - 9439cf50-f8ac-47a3-be84-c5264c2c00f7@group-0142A39DCEE7-LeaderElection10: begin an election at term 1 for -1: [9439cf50-f8ac-47a3-be84-c5264c2c00f7|rpc:172.17.0.2:43545|dataStream:, 8d530254-7283-4827-a046-112d022b0049|rpc:172.17.0.2:39581|dataStream:, b22c4f2c-1caa-4579-b370-0e993976351f|rpc:172.17.0.2:33975|dataStream:], old=null
2020-12-24 03:52:19,183 [grpc-default-executor-1] INFO  metrics.RatisMetrics (RatisMetrics.java:lambda$create$0(36)) - Creating Metrics Registry : ratis.server_message_metrics.b22c4f2c-1caa-4579-b370-0e993976351f
2020-12-24 03:52:19,190 [grpc-default-executor-0] INFO  server.RaftServer$Division (RaftServerImpl.java:setRole(275)) - 8d530254-7283-4827-a046-112d022b0049@group-0142A39DCEE7: changes role from  FOLLOWER to FOLLOWER at term 1 for recognizeCandidate:9439cf50-f8ac-47a3-be84-c5264c2c00f7
2020-12-24 03:52:19,190 [grpc-default-executor-1] INFO  server.RaftServer$Division (RaftServerImpl.java:setRole(275)) - b22c4f2c-1caa-4579-b370-0e993976351f@group-0142A39DCEE7: changes role from  FOLLOWER to FOLLOWER at term 1 for recognizeCandidate:9439cf50-f8ac-47a3-be84-c5264c2c00f7
2020-12-24 03:52:19,191 [grpc-default-executor-1] INFO  impl.RoleInfo (RoleInfo.java:shutdownFollowerState(108)) - b22c4f2c-1caa-4579-b370-0e993976351f: shutdown b22c4f2c-1caa-4579-b370-0e993976351f@group-0142A39DCEE7-FollowerState
2020-12-24 03:52:19,190 [grpc-default-executor-0] INFO  impl.RoleInfo (RoleInfo.java:shutdownFollowerState(108)) - 8d530254-7283-4827-a046-112d022b0049: shutdown 8d530254-7283-4827-a046-112d022b0049@group-0142A39DCEE7-FollowerState
2020-12-24 03:52:19,191 [Thread-821] INFO  impl.FollowerState (FollowerState.java:run(142)) - b22c4f2c-1caa-4579-b370-0e993976351f@group-0142A39DCEE7-FollowerState was interrupted: {}
java.lang.InterruptedException: sleep interrupted
	at java.lang.Thread.sleep(Native Method)
	at java.lang.Thread.sleep(Thread.java:340)
	at java.util.concurrent.TimeUnit.sleep(TimeUnit.java:386)
	at org.apache.ratis.util.TimeDuration.sleep(TimeDuration.java:319)
	at org.apache.ratis.util.TimeDuration.sleep(TimeDuration.java:304)
	at org.apache.ratis.server.impl.FollowerState.run(FollowerState.java:117)
2020-12-24 03:52:19,191 [Thread-823] INFO  impl.FollowerState (FollowerState.java:run(142)) - 8d530254-7283-4827-a046-112d022b0049@group-0142A39DCEE7-FollowerState was interrupted: {}
java.lang.InterruptedException: sleep interrupted
	at java.lang.Thread.sleep(Native Method)
	at java.lang.Thread.sleep(Thread.java:340)
	at java.util.concurrent.TimeUnit.sleep(TimeUnit.java:386)
	at org.apache.ratis.util.TimeDuration.sleep(TimeDuration.java:319)
	at org.apache.ratis.util.TimeDuration.sleep(TimeDuration.java:304)
	at org.apache.ratis.server.impl.FollowerState.run(FollowerState.java:117)
2020-12-24 03:52:19,191 [grpc-default-executor-1] INFO  impl.RoleInfo (RoleInfo.java:updateAndGet(130)) - b22c4f2c-1caa-4579-b370-0e993976351f: start b22c4f2c-1caa-4579-b370-0e993976351f@group-0142A39DCEE7-FollowerState
2020-12-24 03:52:19,191 [grpc-default-executor-0] INFO  impl.RoleInfo (RoleInfo.java:updateAndGet(130)) - 8d530254-7283-4827-a046-112d022b0049: start 8d530254-7283-4827-a046-112d022b0049@group-0142A39DCEE7-FollowerState
2020-12-24 03:52:19,191 [grpc-default-executor-1] INFO  server.RaftServer$Division (RaftServerImpl.java:requestVote(983)) -  FOLLOWER b22c4f2c-1caa-4579-b370-0e993976351f@group-0142A39DCEE7:t1, leader=null, voted=null, raftlog=b22c4f2c-1caa-4579-b370-0e993976351f@group-0142A39DCEE7-SegmentedRaftLog:OPENED:c-1,f-1,i0, conf=-1: [9439cf50-f8ac-47a3-be84-c5264c2c00f7|rpc:172.17.0.2:43545, 8d530254-7283-4827-a046-112d022b0049|rpc:172.17.0.2:39581, b22c4f2c-1caa-4579-b370-0e993976351f|rpc:172.17.0.2:33975], old=null RUNNING priority:0 candidate:9439cf50-f8ac-47a3-be84-c5264c2c00f7|rpc:172.17.0.2:43545 candidatePriority:0 compare:0
2020-12-24 03:52:19,192 [grpc-default-executor-0] INFO  server.RaftServer$Division (RaftServerImpl.java:requestVote(983)) -  FOLLOWER 8d530254-7283-4827-a046-112d022b0049@group-0142A39DCEE7:t1, leader=null, voted=null, raftlog=8d530254-7283-4827-a046-112d022b0049@group-0142A39DCEE7-SegmentedRaftLog:OPENED:c-1,f-1,i0, conf=-1: [9439cf50-f8ac-47a3-be84-c5264c2c00f7|rpc:172.17.0.2:43545|dataStream:, 8d530254-7283-4827-a046-112d022b0049|rpc:172.17.0.2:39581|dataStream:, b22c4f2c-1caa-4579-b370-0e993976351f|rpc:172.17.0.2:33975|dataStream:], old=null RUNNING priority:0 candidate:9439cf50-f8ac-47a3-be84-c5264c2c00f7|rpc:172.17.0.2:43545|dataStream: candidatePriority:0 compare:0
2020-12-24 03:52:19,194 [9439cf50-f8ac-47a3-be84-c5264c2c00f7@group-0142A39DCEE7-LeaderElection10] INFO  impl.LeaderElection (LeaderElection.java:logAndReturn(68)) - 9439cf50-f8ac-47a3-be84-c5264c2c00f7@group-0142A39DCEE7-LeaderElection10: Election PASSED; received 1 response(s) [9439cf50-f8ac-47a3-be84-c5264c2c00f7<-b22c4f2c-1caa-4579-b370-0e993976351f#0:OK-t1] and 0 exception(s); 9439cf50-f8ac-47a3-be84-c5264c2c00f7@group-0142A39DCEE7:t1, leader=null, voted=9439cf50-f8ac-47a3-be84-c5264c2c00f7, raftlog=9439cf50-f8ac-47a3-be84-c5264c2c00f7@group-0142A39DCEE7-SegmentedRaftLog:OPENED:c-1,f-1,i0, conf=-1: [9439cf50-f8ac-47a3-be84-c5264c2c00f7|rpc:172.17.0.2:43545|dataStream:, 8d530254-7283-4827-a046-112d022b0049|rpc:172.17.0.2:39581|dataStream:, b22c4f2c-1caa-4579-b370-0e993976351f|rpc:172.17.0.2:33975|dataStream:], old=null
2020-12-24 03:52:19,195 [9439cf50-f8ac-47a3-be84-c5264c2c00f7@group-0142A39DCEE7-LeaderElection10] INFO  impl.RoleInfo (RoleInfo.java:shutdownLeaderElection(121)) - 9439cf50-f8ac-47a3-be84-c5264c2c00f7: shutdown 9439cf50-f8ac-47a3-be84-c5264c2c00f7@group-0142A39DCEE7-LeaderElection10
2020-12-24 03:52:19,195 [9439cf50-f8ac-47a3-be84-c5264c2c00f7@group-0142A39DCEE7-LeaderElection10] INFO  server.RaftServer$Division (RaftServerImpl.java:setRole(275)) - 9439cf50-f8ac-47a3-be84-c5264c2c00f7@group-0142A39DCEE7: changes role from CANDIDATE to LEADER at term 1 for changeToLeader
2020-12-24 03:52:19,195 [9439cf50-f8ac-47a3-be84-c5264c2c00f7@group-0142A39DCEE7-LeaderElection10] INFO  ratis.XceiverServerRatis (XceiverServerRatis.java:handleLeaderChangedNotification(862)) - Leader change notification received for group: group-0142A39DCEE7 with new leaderId: 9439cf50-f8ac-47a3-be84-c5264c2c00f7
2020-12-24 03:52:19,195 [9439cf50-f8ac-47a3-be84-c5264c2c00f7@group-0142A39DCEE7-LeaderElection10] INFO  server.RaftServer$Division (ServerState.java:setLeader(258)) - 9439cf50-f8ac-47a3-be84-c5264c2c00f7@group-0142A39DCEE7: change Leader from null to 9439cf50-f8ac-47a3-be84-c5264c2c00f7 at term 1 for becomeLeader, leader elected after 5069ms
2020-12-24 03:52:19,195 [9439cf50-f8ac-47a3-be84-c5264c2c00f7@group-0142A39DCEE7-LeaderElection10] INFO  server.RaftServerConfigKeys (ConfUtils.java:logGet(44)) - raft.server.staging.catchup.gap = 1000 (default)
2020-12-24 03:52:19,196 [9439cf50-f8ac-47a3-be84-c5264c2c00f7@group-0142A39DCEE7-LeaderElection10] INFO  metrics.RatisMetrics (RatisMetrics.java:lambda$create$0(36)) - Creating Metrics Registry : ratis.log_appender.9439cf50-f8ac-47a3-be84-c5264c2c00f7@group-0142A39DCEE7
2020-12-24 03:52:19,196 [9439cf50-f8ac-47a3-be84-c5264c2c00f7@group-0142A39DCEE7-LeaderElection10] INFO  server.RaftServerConfigKeys (ConfUtils.java:logGet(44)) - raft.server.write.element-limit = 1024 (custom)
2020-12-24 03:52:19,196 [9439cf50-f8ac-47a3-be84-c5264c2c00f7@group-0142A39DCEE7-LeaderElection10] INFO  server.RaftServerConfigKeys (ConfUtils.java:logGet(44)) - raft.server.write.byte-limit = 1073741824 (custom)
2020-12-24 03:52:19,196 [9439cf50-f8ac-47a3-be84-c5264c2c00f7@group-0142A39DCEE7-LeaderElection10] INFO  server.RaftServerConfigKeys (ConfUtils.java:logGet(44)) - raft.server.watch.timeout = 180s (custom)
2020-12-24 03:52:19,196 [9439cf50-f8ac-47a3-be84-c5264c2c00f7@group-0142A39DCEE7-LeaderElection10] INFO  server.RaftServerConfigKeys (ConfUtils.java:logGet(44)) - raft.server.watch.timeout.denomination = 1s (default)
2020-12-24 03:52:19,196 [9439cf50-f8ac-47a3-be84-c5264c2c00f7@group-0142A39DCEE7-LeaderElection10] INFO  server.RaftServerConfigKeys (ConfUtils.java:logGet(44)) - raft.server.watch.element-limit = 65536 (default)
2020-12-24 03:52:19,196 [9439cf50-f8ac-47a3-be84-c5264c2c00f7@group-0142A39DCEE7-LeaderElection10] INFO  server.RaftServerConfigKeys (ConfUtils.java:logGet(44)) - raft.server.log.appender.snapshot.chunk.size.max = 16MB (=16777216) (default)
2020-12-24 03:52:19,197 [9439cf50-f8ac-47a3-be84-c5264c2c00f7@group-0142A39DCEE7-LeaderElection10] INFO  server.RaftServerConfigKeys (ConfUtils.java:logGet(44)) - raft.server.log.appender.buffer.byte-limit = 33554432 (custom)
2020-12-24 03:52:19,197 [9439cf50-f8ac-47a3-be84-c5264c2c00f7@group-0142A39DCEE7-LeaderElection10] INFO  server.RaftServerConfigKeys (ConfUtils.java:logGet(44)) - raft.server.log.appender.buffer.element-limit = 1 (custom)
2020-12-24 03:52:19,197 [9439cf50-f8ac-47a3-be84-c5264c2c00f7@group-0142A39DCEE7-LeaderElection10] INFO  grpc.GrpcConfigKeys (ConfUtils.java:logGet(44)) - raft.grpc.server.leader.outstanding.appends.max = 128 (default)
2020-12-24 03:52:19,198 [9439cf50-f8ac-47a3-be84-c5264c2c00f7@group-0142A39DCEE7-LeaderElection10] INFO  server.RaftServerConfigKeys (ConfUtils.java:logGet(44)) - raft.server.rpc.request.timeout = 60s (custom)
2020-12-24 03:52:19,198 [9439cf50-f8ac-47a3-be84-c5264c2c00f7@group-0142A39DCEE7-LeaderElection10] INFO  server.RaftServerConfigKeys (ConfUtils.java:logGet(44)) - raft.server.log.appender.install.snapshot.enabled = false (custom)
2020-12-24 03:52:19,198 [9439cf50-f8ac-47a3-be84-c5264c2c00f7@group-0142A39DCEE7-LeaderElection10] INFO  metrics.RatisMetrics (RatisMetrics.java:lambda$create$0(36)) - Creating Metrics Registry : ratis_grpc.log_appender.9439cf50-f8ac-47a3-be84-c5264c2c00f7@group-0142A39DCEE7
2020-12-24 03:52:19,199 [EventQueue-PipelineReportForPipelineReportHandler] INFO  pipeline.PipelineStateManager (PipelineStateManager.java:openPipeline(132)) - Pipeline Pipeline[ Id: d214c819-bc47-4a5d-a03e-0142a39dcee7, Nodes: b22c4f2c-1caa-4579-b370-0e993976351f{ip: 172.17.0.2, host: 822d467d5ade, networkLocation: /default-rack, certSerialId: null, persistedOpState: IN_SERVICE, persistedOpStateExpiryEpochSec: 0}8d530254-7283-4827-a046-112d022b0049{ip: 172.17.0.2, host: 822d467d5ade, networkLocation: /default-rack, certSerialId: null, persistedOpState: IN_SERVICE, persistedOpStateExpiryEpochSec: 0}9439cf50-f8ac-47a3-be84-c5264c2c00f7{ip: 172.17.0.2, host: 822d467d5ade, networkLocation: /default-rack, certSerialId: null, persistedOpState: IN_SERVICE, persistedOpStateExpiryEpochSec: 0}, Type:RATIS, Factor:THREE, State:ALLOCATED, leaderId:9439cf50-f8ac-47a3-be84-c5264c2c00f7, CreationTimestamp2020-12-24T03:52:11.454Z] moved to OPEN state
2020-12-24 03:52:19,199 [EventQueue-PipelineReportForOneReplicaPipelineSafeModeRule] INFO  safemode.SCMSafeModeManager (SCMSafeModeManager.java:validateSafeModeExitRules(214)) - AtleastOneDatanodeReportedRule rule is successfully validated
2020-12-24 03:52:19,200 [EventQueue-OpenPipelineForHealthyPipelineSafeModeRule] INFO  safemode.SCMSafeModeManager (HealthyPipelineSafeModeRule.java:process(128)) - SCM in safe mode. Healthy pipelines reported count is 1, required healthy pipeline reported count is 1
2020-12-24 03:52:19,203 [EventQueue-OpenPipelineForHealthyPipelineSafeModeRule] INFO  safemode.SCMSafeModeManager (SCMSafeModeManager.java:validateSafeModeExitRules(214)) - HealthyPipelineSafeModeRule rule is successfully validated
2020-12-24 03:52:19,203 [EventQueue-OpenPipelineForHealthyPipelineSafeModeRule] INFO  safemode.SCMSafeModeManager (SCMSafeModeManager.java:validateSafeModeExitRules(228)) - ScmSafeModeManager, all rules are successfully validated
2020-12-24 03:52:19,203 [EventQueue-OpenPipelineForHealthyPipelineSafeModeRule] INFO  safemode.SCMSafeModeManager (SCMSafeModeManager.java:exitSafeMode(257)) - SCM exiting safe mode.
2020-12-24 03:52:19,201 [9439cf50-f8ac-47a3-be84-c5264c2c00f7@group-0142A39DCEE7-LeaderElection10] INFO  server.RaftServerConfigKeys (ConfUtils.java:logGet(44)) - raft.server.log.appender.snapshot.chunk.size.max = 16MB (=16777216) (default)
2020-12-24 03:52:19,203 [9439cf50-f8ac-47a3-be84-c5264c2c00f7@group-0142A39DCEE7-LeaderElection10] INFO  server.RaftServerConfigKeys (ConfUtils.java:logGet(44)) - raft.server.log.appender.buffer.byte-limit = 33554432 (custom)
2020-12-24 03:52:19,203 [9439cf50-f8ac-47a3-be84-c5264c2c00f7@group-0142A39DCEE7-LeaderElection10] INFO  server.RaftServerConfigKeys (ConfUtils.java:logGet(44)) - raft.server.log.appender.buffer.element-limit = 1 (custom)
2020-12-24 03:52:19,203 [9439cf50-f8ac-47a3-be84-c5264c2c00f7@group-0142A39DCEE7-LeaderElection10] INFO  grpc.GrpcConfigKeys (ConfUtils.java:logGet(44)) - raft.grpc.server.leader.outstanding.appends.max = 128 (default)
2020-12-24 03:52:19,203 [9439cf50-f8ac-47a3-be84-c5264c2c00f7@group-0142A39DCEE7-LeaderElection10] INFO  server.RaftServerConfigKeys (ConfUtils.java:logGet(44)) - raft.server.rpc.request.timeout = 60s (custom)
2020-12-24 03:52:19,203 [9439cf50-f8ac-47a3-be84-c5264c2c00f7@group-0142A39DCEE7-LeaderElection10] INFO  server.RaftServerConfigKeys (ConfUtils.java:logGet(44)) - raft.server.log.appender.install.snapshot.enabled = false (custom)
2020-12-24 03:52:19,204 [9439cf50-f8ac-47a3-be84-c5264c2c00f7@group-0142A39DCEE7-LeaderElection10] INFO  impl.RoleInfo (RoleInfo.java:updateAndGet(130)) - 9439cf50-f8ac-47a3-be84-c5264c2c00f7: start 9439cf50-f8ac-47a3-be84-c5264c2c00f7@group-0142A39DCEE7-LeaderStateImpl
2020-12-24 03:52:19,205 [9439cf50-f8ac-47a3-be84-c5264c2c00f7@group-0142A39DCEE7-LeaderElection10] INFO  segmented.SegmentedRaftLogWorker (SegmentedRaftLogWorker.java:startLogSegment(392)) - 9439cf50-f8ac-47a3-be84-c5264c2c00f7@group-0142A39DCEE7-SegmentedRaftLogWorker: Starting segment from index:0
2020-12-24 03:52:19,206 [9439cf50-f8ac-47a3-be84-c5264c2c00f7@group-0142A39DCEE7-SegmentedRaftLogWorker] INFO  segmented.SegmentedRaftLogWorker (SegmentedRaftLogWorker.java:execute(599)) - 9439cf50-f8ac-47a3-be84-c5264c2c00f7@group-0142A39DCEE7-SegmentedRaftLogWorker: created new log segment /github/workspace/mnt/ozone/hadoop-ozone/integration-test/target/test-dir/MiniOzoneClusterImpl-9e14565b-f938-48ad-b0e9-52a6969cb554/datanode-2/data/ratis/d214c819-bc47-4a5d-a03e-0142a39dcee7/current/log_inprogress_0
2020-12-24 03:52:19,215 [9439cf50-f8ac-47a3-be84-c5264c2c00f7@group-0142A39DCEE7-LeaderElection10] INFO  server.RaftServer$Division (ServerState.java:setRaftConf(374)) - 9439cf50-f8ac-47a3-be84-c5264c2c00f7@group-0142A39DCEE7: set configuration 0: [9439cf50-f8ac-47a3-be84-c5264c2c00f7|rpc:172.17.0.2:43545|dataStream:, 8d530254-7283-4827-a046-112d022b0049|rpc:172.17.0.2:39581|dataStream:, b22c4f2c-1caa-4579-b370-0e993976351f|rpc:172.17.0.2:33975|dataStream:], old=null at 0
2020-12-24 03:52:19,218 [grpc-default-executor-0] INFO  ratis.XceiverServerRatis (XceiverServerRatis.java:handleLeaderChangedNotification(862)) - Leader change notification received for group: group-0142A39DCEE7 with new leaderId: 9439cf50-f8ac-47a3-be84-c5264c2c00f7
2020-12-24 03:52:19,218 [grpc-default-executor-0] INFO  server.RaftServer$Division (ServerState.java:setLeader(258)) - 8d530254-7283-4827-a046-112d022b0049@group-0142A39DCEE7: change Leader from null to 9439cf50-f8ac-47a3-be84-c5264c2c00f7 at term 1 for appendEntries, leader elected after 5117ms
2020-12-24 03:52:19,227 [grpc-default-executor-1] INFO  server.RaftServer$Division (ServerState.java:setRaftConf(374)) - 8d530254-7283-4827-a046-112d022b0049@group-0142A39DCEE7: set configuration 0: [9439cf50-f8ac-47a3-be84-c5264c2c00f7|rpc:172.17.0.2:43545|dataStream:, 8d530254-7283-4827-a046-112d022b0049|rpc:172.17.0.2:39581|dataStream:, b22c4f2c-1caa-4579-b370-0e993976351f|rpc:172.17.0.2:33975|dataStream:], old=null at 0
2020-12-24 03:52:19,227 [grpc-default-executor-1] INFO  segmented.SegmentedRaftLogWorker (SegmentedRaftLogWorker.java:startLogSegment(392)) - 8d530254-7283-4827-a046-112d022b0049@group-0142A39DCEE7-SegmentedRaftLogWorker: Starting segment from index:0
2020-12-24 03:52:19,229 [grpc-default-executor-0] INFO  ratis.XceiverServerRatis (XceiverServerRatis.java:handleLeaderChangedNotification(862)) - Leader change notification received for group: group-0142A39DCEE7 with new leaderId: 9439cf50-f8ac-47a3-be84-c5264c2c00f7
2020-12-24 03:52:19,229 [grpc-default-executor-0] INFO  server.RaftServer$Division (ServerState.java:setLeader(258)) - b22c4f2c-1caa-4579-b370-0e993976351f@group-0142A39DCEE7: change Leader from null to 9439cf50-f8ac-47a3-be84-c5264c2c00f7 at term 1 for appendEntries, leader elected after 5161ms
2020-12-24 03:52:19,229 [8d530254-7283-4827-a046-112d022b0049@group-0142A39DCEE7-SegmentedRaftLogWorker] INFO  segmented.SegmentedRaftLogWorker (SegmentedRaftLogWorker.java:execute(599)) - 8d530254-7283-4827-a046-112d022b0049@group-0142A39DCEE7-SegmentedRaftLogWorker: created new log segment /github/workspace/mnt/ozone/hadoop-ozone/integration-test/target/test-dir/MiniOzoneClusterImpl-9e14565b-f938-48ad-b0e9-52a6969cb554/datanode-1/data/ratis/d214c819-bc47-4a5d-a03e-0142a39dcee7/current/log_inprogress_0
2020-12-24 03:52:19,252 [grpc-default-executor-0] INFO  server.RaftServer$Division (ServerState.java:setRaftConf(374)) - b22c4f2c-1caa-4579-b370-0e993976351f@group-0142A39DCEE7: set configuration 0: [9439cf50-f8ac-47a3-be84-c5264c2c00f7|rpc:172.17.0.2:43545|dataStream:, 8d530254-7283-4827-a046-112d022b0049|rpc:172.17.0.2:39581|dataStream:, b22c4f2c-1caa-4579-b370-0e993976351f|rpc:172.17.0.2:33975|dataStream:], old=null at 0
2020-12-24 03:52:19,253 [grpc-default-executor-0] INFO  segmented.SegmentedRaftLogWorker (SegmentedRaftLogWorker.java:startLogSegment(392)) - b22c4f2c-1caa-4579-b370-0e993976351f@group-0142A39DCEE7-SegmentedRaftLogWorker: Starting segment from index:0
2020-12-24 03:52:19,254 [b22c4f2c-1caa-4579-b370-0e993976351f@group-0142A39DCEE7-SegmentedRaftLogWorker] INFO  segmented.SegmentedRaftLogWorker (SegmentedRaftLogWorker.java:execute(599)) - b22c4f2c-1caa-4579-b370-0e993976351f@group-0142A39DCEE7-SegmentedRaftLogWorker: created new log segment /github/workspace/mnt/ozone/hadoop-ozone/integration-test/target/test-dir/MiniOzoneClusterImpl-9e14565b-f938-48ad-b0e9-52a6969cb554/datanode-0/data/ratis/d214c819-bc47-4a5d-a03e-0142a39dcee7/current/log_inprogress_0
2020-12-24 03:52:19,400 [Thread-829] INFO  impl.FollowerState (FollowerState.java:run(133)) - 8d530254-7283-4827-a046-112d022b0049@group-7E9166872394-FollowerState: change to CANDIDATE, lastRpcElapsedTime:5161083925ns, electionTimeout:5152ms
2020-12-24 03:52:19,401 [Thread-829] INFO  impl.RoleInfo (RoleInfo.java:shutdownFollowerState(108)) - 8d530254-7283-4827-a046-112d022b0049: shutdown 8d530254-7283-4827-a046-112d022b0049@group-7E9166872394-FollowerState
2020-12-24 03:52:19,401 [Thread-829] INFO  server.RaftServer$Division (RaftServerImpl.java:setRole(275)) - 8d530254-7283-4827-a046-112d022b0049@group-7E9166872394: changes role from  FOLLOWER to CANDIDATE at term 0 for changeToCandidate
2020-12-24 03:52:19,401 [Thread-829] INFO  impl.RoleInfo (RoleInfo.java:updateAndGet(130)) - 8d530254-7283-4827-a046-112d022b0049: start 8d530254-7283-4827-a046-112d022b0049@group-7E9166872394-LeaderElection11
2020-12-24 03:52:19,404 [8d530254-7283-4827-a046-112d022b0049@group-7E9166872394-LeaderElection11] INFO  impl.LeaderElection (LeaderElection.java:askForVotes(219)) - 8d530254-7283-4827-a046-112d022b0049@group-7E9166872394-LeaderElection11: begin an election at term 1 for -1: [8d530254-7283-4827-a046-112d022b0049|rpc:172.17.0.2:39581], old=null
2020-12-24 03:52:19,404 [8d530254-7283-4827-a046-112d022b0049@group-7E9166872394-LeaderElection11] INFO  impl.RoleInfo (RoleInfo.java:shutdownLeaderElection(121)) - 8d530254-7283-4827-a046-112d022b0049: shutdown 8d530254-7283-4827-a046-112d022b0049@group-7E9166872394-LeaderElection11
2020-12-24 03:52:19,404 [8d530254-7283-4827-a046-112d022b0049@group-7E9166872394-LeaderElection11] INFO  server.RaftServer$Division (RaftServerImpl.java:setRole(275)) - 8d530254-7283-4827-a046-112d022b0049@group-7E9166872394: changes role from CANDIDATE to LEADER at term 1 for changeToLeader
2020-12-24 03:52:19,405 [8d530254-7283-4827-a046-112d022b0049@group-7E9166872394-LeaderElection11] INFO  ratis.XceiverServerRatis (XceiverServerRatis.java:handleLeaderChangedNotification(862)) - Leader change notification received for group: group-7E9166872394 with new leaderId: 8d530254-7283-4827-a046-112d022b0049
2020-12-24 03:52:19,405 [8d530254-7283-4827-a046-112d022b0049@group-7E9166872394-LeaderElection11] INFO  server.RaftServer$Division (ServerState.java:setLeader(258)) - 8d530254-7283-4827-a046-112d022b0049@group-7E9166872394: change Leader from null to 8d530254-7283-4827-a046-112d022b0049 at term 1 for becomeLeader, leader elected after 5172ms
2020-12-24 03:52:19,405 [8d530254-7283-4827-a046-112d022b0049@group-7E9166872394-LeaderElection11] INFO  server.RaftServerConfigKeys (ConfUtils.java:logGet(44)) - raft.server.staging.catchup.gap = 1000 (default)
2020-12-24 03:52:19,405 [8d530254-7283-4827-a046-112d022b0049@group-7E9166872394-LeaderElection11] INFO  metrics.RatisMetrics (RatisMetrics.java:lambda$create$0(36)) - Creating Metrics Registry : ratis.log_appender.8d530254-7283-4827-a046-112d022b0049@group-7E9166872394
2020-12-24 03:52:19,406 [8d530254-7283-4827-a046-112d022b0049@group-7E9166872394-LeaderElection11] INFO  server.RaftServerConfigKeys (ConfUtils.java:logGet(44)) - raft.server.write.element-limit = 1024 (custom)
2020-12-24 03:52:19,406 [8d530254-7283-4827-a046-112d022b0049@group-7E9166872394-LeaderElection11] INFO  server.RaftServerConfigKeys (ConfUtils.java:logGet(44)) - raft.server.write.byte-limit = 1073741824 (custom)
2020-12-24 03:52:19,406 [8d530254-7283-4827-a046-112d022b0049@group-7E9166872394-LeaderElection11] INFO  server.RaftServerConfigKeys (ConfUtils.java:logGet(44)) - raft.server.watch.timeout = 180s (custom)
2020-12-24 03:52:19,406 [8d530254-7283-4827-a046-112d022b0049@group-7E9166872394-LeaderElection11] INFO  server.RaftServerConfigKeys (ConfUtils.java:logGet(44)) - raft.server.watch.timeout.denomination = 1s (default)
2020-12-24 03:52:19,407 [8d530254-7283-4827-a046-112d022b0049@group-7E9166872394-LeaderElection11] INFO  server.RaftServerConfigKeys (ConfUtils.java:logGet(44)) - raft.server.watch.element-limit = 65536 (default)
2020-12-24 03:52:19,407 [8d530254-7283-4827-a046-112d022b0049@group-7E9166872394-LeaderElection11] INFO  impl.RoleInfo (RoleInfo.java:updateAndGet(130)) - 8d530254-7283-4827-a046-112d022b0049: start 8d530254-7283-4827-a046-112d022b0049@group-7E9166872394-LeaderStateImpl
2020-12-24 03:52:19,407 [8d530254-7283-4827-a046-112d022b0049@group-7E9166872394-LeaderElection11] INFO  segmented.SegmentedRaftLogWorker (SegmentedRaftLogWorker.java:startLogSegment(392)) - 8d530254-7283-4827-a046-112d022b0049@group-7E9166872394-SegmentedRaftLogWorker: Starting segment from index:0
2020-12-24 03:52:19,409 [8d530254-7283-4827-a046-112d022b0049@group-7E9166872394-SegmentedRaftLogWorker] INFO  segmented.SegmentedRaftLogWorker (SegmentedRaftLogWorker.java:execute(599)) - 8d530254-7283-4827-a046-112d022b0049@group-7E9166872394-SegmentedRaftLogWorker: created new log segment /github/workspace/mnt/ozone/hadoop-ozone/integration-test/target/test-dir/MiniOzoneClusterImpl-9e14565b-f938-48ad-b0e9-52a6969cb554/datanode-1/data/ratis/70d1ab10-9e37-41a5-b19c-7e9166872394/current/log_inprogress_0
2020-12-24 03:52:19,413 [8d530254-7283-4827-a046-112d022b0049@group-7E9166872394-LeaderElection11] INFO  server.RaftServer$Division (ServerState.java:setRaftConf(374)) - 8d530254-7283-4827-a046-112d022b0049@group-7E9166872394: set configuration 0: [8d530254-7283-4827-a046-112d022b0049|rpc:172.17.0.2:39581|dataStream:], old=null at 0
2020-12-24 03:52:19,545 [Thread-831] INFO  impl.FollowerState (FollowerState.java:run(133)) - 9439cf50-f8ac-47a3-be84-c5264c2c00f7@group-C31F1BE08C0B-FollowerState: change to CANDIDATE, lastRpcElapsedTime:5072940561ns, electionTimeout:5072ms
2020-12-24 03:52:19,545 [Thread-831] INFO  impl.RoleInfo (RoleInfo.java:shutdownFollowerState(108)) - 9439cf50-f8ac-47a3-be84-c5264c2c00f7: shutdown 9439cf50-f8ac-47a3-be84-c5264c2c00f7@group-C31F1BE08C0B-FollowerState
2020-12-24 03:52:19,545 [Thread-831] INFO  server.RaftServer$Division (RaftServerImpl.java:setRole(275)) - 9439cf50-f8ac-47a3-be84-c5264c2c00f7@group-C31F1BE08C0B: changes role from  FOLLOWER to CANDIDATE at term 0 for changeToCandidate
2020-12-24 03:52:19,546 [Thread-831] INFO  impl.RoleInfo (RoleInfo.java:updateAndGet(130)) - 9439cf50-f8ac-47a3-be84-c5264c2c00f7: start 9439cf50-f8ac-47a3-be84-c5264c2c00f7@group-C31F1BE08C0B-LeaderElection12
2020-12-24 03:52:19,549 [9439cf50-f8ac-47a3-be84-c5264c2c00f7@group-C31F1BE08C0B-LeaderElection12] INFO  impl.LeaderElection (LeaderElection.java:askForVotes(219)) - 9439cf50-f8ac-47a3-be84-c5264c2c00f7@group-C31F1BE08C0B-LeaderElection12: begin an election at term 1 for -1: [9439cf50-f8ac-47a3-be84-c5264c2c00f7|rpc:172.17.0.2:43545], old=null
2020-12-24 03:52:19,549 [9439cf50-f8ac-47a3-be84-c5264c2c00f7@group-C31F1BE08C0B-LeaderElection12] INFO  impl.RoleInfo (RoleInfo.java:shutdownLeaderElection(121)) - 9439cf50-f8ac-47a3-be84-c5264c2c00f7: shutdown 9439cf50-f8ac-47a3-be84-c5264c2c00f7@group-C31F1BE08C0B-LeaderElection12
2020-12-24 03:52:19,549 [9439cf50-f8ac-47a3-be84-c5264c2c00f7@group-C31F1BE08C0B-LeaderElection12] INFO  server.RaftServer$Division (RaftServerImpl.java:setRole(275)) - 9439cf50-f8ac-47a3-be84-c5264c2c00f7@group-C31F1BE08C0B: changes role from CANDIDATE to LEADER at term 1 for changeToLeader
2020-12-24 03:52:19,549 [9439cf50-f8ac-47a3-be84-c5264c2c00f7@group-C31F1BE08C0B-LeaderElection12] INFO  ratis.XceiverServerRatis (XceiverServerRatis.java:handleLeaderChangedNotification(862)) - Leader change notification received for group: group-C31F1BE08C0B with new leaderId: 9439cf50-f8ac-47a3-be84-c5264c2c00f7
2020-12-24 03:52:19,549 [9439cf50-f8ac-47a3-be84-c5264c2c00f7@group-C31F1BE08C0B-LeaderElection12] INFO  server.RaftServer$Division (ServerState.java:setLeader(258)) - 9439cf50-f8ac-47a3-be84-c5264c2c00f7@group-C31F1BE08C0B: change Leader from null to 9439cf50-f8ac-47a3-be84-c5264c2c00f7 at term 1 for becomeLeader, leader elected after 5091ms
2020-12-24 03:52:19,549 [9439cf50-f8ac-47a3-be84-c5264c2c00f7@group-C31F1BE08C0B-LeaderElection12] INFO  server.RaftServerConfigKeys (ConfUtils.java:logGet(44)) - raft.server.staging.catchup.gap = 1000 (default)
2020-12-24 03:52:19,550 [9439cf50-f8ac-47a3-be84-c5264c2c00f7@group-C31F1BE08C0B-LeaderElection12] INFO  metrics.RatisMetrics (RatisMetrics.java:lambda$create$0(36)) - Creating Metrics Registry : ratis.log_appender.9439cf50-f8ac-47a3-be84-c5264c2c00f7@group-C31F1BE08C0B
2020-12-24 03:52:19,550 [9439cf50-f8ac-47a3-be84-c5264c2c00f7@group-C31F1BE08C0B-LeaderElection12] INFO  server.RaftServerConfigKeys (ConfUtils.java:logGet(44)) - raft.server.write.element-limit = 1024 (custom)
2020-12-24 03:52:19,550 [9439cf50-f8ac-47a3-be84-c5264c2c00f7@group-C31F1BE08C0B-LeaderElection12] INFO  server.RaftServerConfigKeys (ConfUtils.java:logGet(44)) - raft.server.write.byte-limit = 1073741824 (custom)
2020-12-24 03:52:19,554 [9439cf50-f8ac-47a3-be84-c5264c2c00f7@group-C31F1BE08C0B-LeaderElection12] INFO  server.RaftServerConfigKeys (ConfUtils.java:logGet(44)) - raft.server.watch.timeout = 180s (custom)
2020-12-24 03:52:19,554 [9439cf50-f8ac-47a3-be84-c5264c2c00f7@group-C31F1BE08C0B-LeaderElection12] INFO  server.RaftServerConfigKeys (ConfUtils.java:logGet(44)) - raft.server.watch.timeout.denomination = 1s (default)
2020-12-24 03:52:19,554 [9439cf50-f8ac-47a3-be84-c5264c2c00f7@group-C31F1BE08C0B-LeaderElection12] INFO  server.RaftServerConfigKeys (ConfUtils.java:logGet(44)) - raft.server.watch.element-limit = 65536 (default)
2020-12-24 03:52:19,554 [9439cf50-f8ac-47a3-be84-c5264c2c00f7@group-C31F1BE08C0B-LeaderElection12] INFO  impl.RoleInfo (RoleInfo.java:updateAndGet(130)) - 9439cf50-f8ac-47a3-be84-c5264c2c00f7: start 9439cf50-f8ac-47a3-be84-c5264c2c00f7@group-C31F1BE08C0B-LeaderStateImpl
2020-12-24 03:52:19,555 [9439cf50-f8ac-47a3-be84-c5264c2c00f7@group-C31F1BE08C0B-LeaderElection12] INFO  segmented.SegmentedRaftLogWorker (SegmentedRaftLogWorker.java:startLogSegment(392)) - 9439cf50-f8ac-47a3-be84-c5264c2c00f7@group-C31F1BE08C0B-SegmentedRaftLogWorker: Starting segment from index:0
2020-12-24 03:52:19,556 [9439cf50-f8ac-47a3-be84-c5264c2c00f7@group-C31F1BE08C0B-SegmentedRaftLogWorker] INFO  segmented.SegmentedRaftLogWorker (SegmentedRaftLogWorker.java:execute(599)) - 9439cf50-f8ac-47a3-be84-c5264c2c00f7@group-C31F1BE08C0B-SegmentedRaftLogWorker: created new log segment /github/workspace/mnt/ozone/hadoop-ozone/integration-test/target/test-dir/MiniOzoneClusterImpl-9e14565b-f938-48ad-b0e9-52a6969cb554/datanode-2/data/ratis/6e0c99c5-0bcb-4a7e-93c9-c31f1be08c0b/current/log_inprogress_0
2020-12-24 03:52:19,566 [9439cf50-f8ac-47a3-be84-c5264c2c00f7@group-C31F1BE08C0B-LeaderElection12] INFO  server.RaftServer$Division (ServerState.java:setRaftConf(374)) - 9439cf50-f8ac-47a3-be84-c5264c2c00f7@group-C31F1BE08C0B: set configuration 0: [9439cf50-f8ac-47a3-be84-c5264c2c00f7|rpc:172.17.0.2:43545|dataStream:], old=null at 0
2020-12-24 03:52:19,715 [Thread-835] INFO  impl.FollowerState (FollowerState.java:run(133)) - 5e947d80-2832-4cc2-a4b3-abe531d5f2d2@group-862D180445F9-FollowerState: change to CANDIDATE, lastRpcElapsedTime:5002828196ns, electionTimeout:5001ms
2020-12-24 03:52:19,715 [Thread-835] INFO  impl.RoleInfo (RoleInfo.java:shutdownFollowerState(108)) - 5e947d80-2832-4cc2-a4b3-abe531d5f2d2: shutdown 5e947d80-2832-4cc2-a4b3-abe531d5f2d2@group-862D180445F9-FollowerState
2020-12-24 03:52:19,716 [Thread-835] INFO  server.RaftServer$Division (RaftServerImpl.java:setRole(275)) - 5e947d80-2832-4cc2-a4b3-abe531d5f2d2@group-862D180445F9: changes role from  FOLLOWER to CANDIDATE at term 0 for changeToCandidate
2020-12-24 03:52:19,716 [Thread-835] INFO  impl.RoleInfo (RoleInfo.java:updateAndGet(130)) - 5e947d80-2832-4cc2-a4b3-abe531d5f2d2: start 5e947d80-2832-4cc2-a4b3-abe531d5f2d2@group-862D180445F9-LeaderElection13
2020-12-24 03:52:19,718 [5e947d80-2832-4cc2-a4b3-abe531d5f2d2@group-862D180445F9-LeaderElection13] INFO  impl.LeaderElection (LeaderElection.java:askForVotes(219)) - 5e947d80-2832-4cc2-a4b3-abe531d5f2d2@group-862D180445F9-LeaderElection13: begin an election at term 1 for -1: [d39cfd4e-a5ab-4099-ae66-25f36cfdb7e3|rpc:172.17.0.2:44379, 0dae4c23-fefe-4bb2-bc72-7e8960a30d82|rpc:172.17.0.2:39989, 5e947d80-2832-4cc2-a4b3-abe531d5f2d2|rpc:172.17.0.2:41285], old=null
2020-12-24 03:52:19,730 [grpc-default-executor-1] INFO  server.RaftServer$Division (RaftServerImpl.java:setRole(275)) - d39cfd4e-a5ab-4099-ae66-25f36cfdb7e3@group-862D180445F9: changes role from  FOLLOWER to FOLLOWER at term 1 for recognizeCandidate:5e947d80-2832-4cc2-a4b3-abe531d5f2d2
2020-12-24 03:52:19,730 [grpc-default-executor-1] INFO  impl.RoleInfo (RoleInfo.java:shutdownFollowerState(108)) - d39cfd4e-a5ab-4099-ae66-25f36cfdb7e3: shutdown d39cfd4e-a5ab-4099-ae66-25f36cfdb7e3@group-862D180445F9-FollowerState
2020-12-24 03:52:19,730 [grpc-default-executor-1] INFO  impl.RoleInfo (RoleInfo.java:updateAndGet(130)) - d39cfd4e-a5ab-4099-ae66-25f36cfdb7e3: start d39cfd4e-a5ab-4099-ae66-25f36cfdb7e3@group-862D180445F9-FollowerState
2020-12-24 03:52:19,730 [Thread-840] INFO  impl.FollowerState (FollowerState.java:run(142)) - d39cfd4e-a5ab-4099-ae66-25f36cfdb7e3@group-862D180445F9-FollowerState was interrupted: {}
java.lang.InterruptedException: sleep interrupted
	at java.lang.Thread.sleep(Native Method)
	at java.lang.Thread.sleep(Thread.java:340)
	at java.util.concurrent.TimeUnit.sleep(TimeUnit.java:386)
	at org.apache.ratis.util.TimeDuration.sleep(TimeDuration.java:319)
	at org.apache.ratis.util.TimeDuration.sleep(TimeDuration.java:304)
	at org.apache.ratis.server.impl.FollowerState.run(FollowerState.java:117)
2020-12-24 03:52:19,730 [grpc-default-executor-1] INFO  server.RaftServer$Division (RaftServerImpl.java:requestVote(983)) -  FOLLOWER d39cfd4e-a5ab-4099-ae66-25f36cfdb7e3@group-862D180445F9:t1, leader=null, voted=null, raftlog=d39cfd4e-a5ab-4099-ae66-25f36cfdb7e3@group-862D180445F9-SegmentedRaftLog:OPENED:c-1,f-1,i0, conf=-1: [d39cfd4e-a5ab-4099-ae66-25f36cfdb7e3|rpc:172.17.0.2:44379|dataStream:, 0dae4c23-fefe-4bb2-bc72-7e8960a30d82|rpc:172.17.0.2:39989|dataStream:, 5e947d80-2832-4cc2-a4b3-abe531d5f2d2|rpc:172.17.0.2:41285|dataStream:], old=null RUNNING priority:0 candidate:5e947d80-2832-4cc2-a4b3-abe531d5f2d2|rpc:172.17.0.2:41285|dataStream: candidatePriority:0 compare:0
2020-12-24 03:52:19,733 [5e947d80-2832-4cc2-a4b3-abe531d5f2d2@group-862D180445F9-LeaderElection13] INFO  impl.LeaderElection (LeaderElection.java:logAndReturn(68)) - 5e947d80-2832-4cc2-a4b3-abe531d5f2d2@group-862D180445F9-LeaderElection13: Election PASSED; received 1 response(s) [5e947d80-2832-4cc2-a4b3-abe531d5f2d2<-d39cfd4e-a5ab-4099-ae66-25f36cfdb7e3#0:OK-t1] and 0 exception(s); 5e947d80-2832-4cc2-a4b3-abe531d5f2d2@group-862D180445F9:t1, leader=null, voted=5e947d80-2832-4cc2-a4b3-abe531d5f2d2, raftlog=5e947d80-2832-4cc2-a4b3-abe531d5f2d2@group-862D180445F9-SegmentedRaftLog:OPENED:c-1,f-1,i0, conf=-1: [d39cfd4e-a5ab-4099-ae66-25f36cfdb7e3|rpc:172.17.0.2:44379, 0dae4c23-fefe-4bb2-bc72-7e8960a30d82|rpc:172.17.0.2:39989, 5e947d80-2832-4cc2-a4b3-abe531d5f2d2|rpc:172.17.0.2:41285], old=null
2020-12-24 03:52:19,733 [5e947d80-2832-4cc2-a4b3-abe531d5f2d2@group-862D180445F9-LeaderElection13] INFO  impl.RoleInfo (RoleInfo.java:shutdownLeaderElection(121)) - 5e947d80-2832-4cc2-a4b3-abe531d5f2d2: shutdown 5e947d80-2832-4cc2-a4b3-abe531d5f2d2@group-862D180445F9-LeaderElection13
2020-12-24 03:52:19,733 [5e947d80-2832-4cc2-a4b3-abe531d5f2d2@group-862D180445F9-LeaderElection13] INFO  server.RaftServer$Division (RaftServerImpl.java:setRole(275)) - 5e947d80-2832-4cc2-a4b3-abe531d5f2d2@group-862D180445F9: changes role from CANDIDATE to LEADER at term 1 for changeToLeader
2020-12-24 03:52:19,733 [5e947d80-2832-4cc2-a4b3-abe531d5f2d2@group-862D180445F9-LeaderElection13] INFO  ratis.XceiverServerRatis (XceiverServerRatis.java:handleLeaderChangedNotification(862)) - Leader change notification received for group: group-862D180445F9 with new leaderId: 5e947d80-2832-4cc2-a4b3-abe531d5f2d2
2020-12-24 03:52:19,736 [5e947d80-2832-4cc2-a4b3-abe531d5f2d2@group-862D180445F9-LeaderElection13] INFO  server.RaftServer$Division (ServerState.java:setLeader(258)) - 5e947d80-2832-4cc2-a4b3-abe531d5f2d2@group-862D180445F9: change Leader from null to 5e947d80-2832-4cc2-a4b3-abe531d5f2d2 at term 1 for becomeLeader, leader elected after 5033ms
2020-12-24 03:52:19,736 [5e947d80-2832-4cc2-a4b3-abe531d5f2d2@group-862D180445F9-LeaderElection13] INFO  server.RaftServerConfigKeys (ConfUtils.java:logGet(44)) - raft.server.staging.catchup.gap = 1000 (default)
2020-12-24 03:52:19,736 [5e947d80-2832-4cc2-a4b3-abe531d5f2d2@group-862D180445F9-LeaderElection13] INFO  metrics.RatisMetrics (RatisMetrics.java:lambda$create$0(36)) - Creating Metrics Registry : ratis.log_appender.5e947d80-2832-4cc2-a4b3-abe531d5f2d2@group-862D180445F9
2020-12-24 03:52:19,736 [5e947d80-2832-4cc2-a4b3-abe531d5f2d2@group-862D180445F9-LeaderElection13] INFO  server.RaftServerConfigKeys (ConfUtils.java:logGet(44)) - raft.server.write.element-limit = 1024 (custom)
2020-12-24 03:52:19,736 [5e947d80-2832-4cc2-a4b3-abe531d5f2d2@group-862D180445F9-LeaderElection13] INFO  server.RaftServerConfigKeys (ConfUtils.java:logGet(44)) - raft.server.write.byte-limit = 1073741824 (custom)
2020-12-24 03:52:19,737 [EventQueue-PipelineReportForPipelineReportHandler] INFO  pipeline.PipelineStateManager (PipelineStateManager.java:openPipeline(132)) - Pipeline Pipeline[ Id: ed412735-11f3-4c1f-aba5-862d180445f9, Nodes: 5e947d80-2832-4cc2-a4b3-abe531d5f2d2{ip: 172.17.0.2, host: 822d467d5ade, networkLocation: /default-rack, certSerialId: null, persistedOpState: IN_SERVICE, persistedOpStateExpiryEpochSec: 0}0dae4c23-fefe-4bb2-bc72-7e8960a30d82{ip: 172.17.0.2, host: 822d467d5ade, networkLocation: /default-rack, certSerialId: null, persistedOpState: IN_SERVICE, persistedOpStateExpiryEpochSec: 0}d39cfd4e-a5ab-4099-ae66-25f36cfdb7e3{ip: 172.17.0.2, host: 822d467d5ade, networkLocation: /default-rack, certSerialId: null, persistedOpState: IN_SERVICE, persistedOpStateExpiryEpochSec: 0}, Type:RATIS, Factor:THREE, State:ALLOCATED, leaderId:5e947d80-2832-4cc2-a4b3-abe531d5f2d2, CreationTimestamp2020-12-24T03:52:12.062Z] moved to OPEN state
2020-12-24 03:52:19,739 [5e947d80-2832-4cc2-a4b3-abe531d5f2d2@group-862D180445F9-LeaderElection13] INFO  server.RaftServerConfigKeys (ConfUtils.java:logGet(44)) - raft.server.watch.timeout = 180s (custom)
2020-12-24 03:52:19,739 [5e947d80-2832-4cc2-a4b3-abe531d5f2d2@group-862D180445F9-LeaderElection13] INFO  server.RaftServerConfigKeys (ConfUtils.java:logGet(44)) - raft.server.watch.timeout.denomination = 1s (default)
2020-12-24 03:52:19,739 [5e947d80-2832-4cc2-a4b3-abe531d5f2d2@group-862D180445F9-LeaderElection13] INFO  server.RaftServerConfigKeys (ConfUtils.java:logGet(44)) - raft.server.watch.element-limit = 65536 (default)
2020-12-24 03:52:19,739 [5e947d80-2832-4cc2-a4b3-abe531d5f2d2@group-862D180445F9-LeaderElection13] INFO  server.RaftServerConfigKeys (ConfUtils.java:logGet(44)) - raft.server.log.appender.snapshot.chunk.size.max = 16MB (=16777216) (default)
2020-12-24 03:52:19,739 [5e947d80-2832-4cc2-a4b3-abe531d5f2d2@group-862D180445F9-LeaderElection13] INFO  server.RaftServerConfigKeys (ConfUtils.java:logGet(44)) - raft.server.log.appender.buffer.byte-limit = 33554432 (custom)
2020-12-24 03:52:19,740 [5e947d80-2832-4cc2-a4b3-abe531d5f2d2@group-862D180445F9-LeaderElection13] INFO  server.RaftServerConfigKeys (ConfUtils.java:logGet(44)) - raft.server.log.appender.buffer.element-limit = 1 (custom)
2020-12-24 03:52:19,740 [5e947d80-2832-4cc2-a4b3-abe531d5f2d2@group-862D180445F9-LeaderElection13] INFO  grpc.GrpcConfigKeys (ConfUtils.java:logGet(44)) - raft.grpc.server.leader.outstanding.appends.max = 128 (default)
2020-12-24 03:52:19,740 [5e947d80-2832-4cc2-a4b3-abe531d5f2d2@group-862D180445F9-LeaderElection13] INFO  server.RaftServerConfigKeys (ConfUtils.java:logGet(44)) - raft.server.rpc.request.timeout = 60s (custom)
2020-12-24 03:52:19,740 [5e947d80-2832-4cc2-a4b3-abe531d5f2d2@group-862D180445F9-LeaderElection13] INFO  server.RaftServerConfigKeys (ConfUtils.java:logGet(44)) - raft.server.log.appender.install.snapshot.enabled = false (custom)
2020-12-24 03:52:19,740 [5e947d80-2832-4cc2-a4b3-abe531d5f2d2@group-862D180445F9-LeaderElection13] INFO  metrics.RatisMetrics (RatisMetrics.java:lambda$create$0(36)) - Creating Metrics Registry : ratis_grpc.log_appender.5e947d80-2832-4cc2-a4b3-abe531d5f2d2@group-862D180445F9
2020-12-24 03:52:19,742 [grpc-default-executor-1] INFO  server.RaftServer$Division (RaftServerImpl.java:setRole(275)) - 0dae4c23-fefe-4bb2-bc72-7e8960a30d82@group-862D180445F9: changes role from  FOLLOWER to FOLLOWER at term 1 for recognizeCandidate:5e947d80-2832-4cc2-a4b3-abe531d5f2d2
2020-12-24 03:52:19,743 [grpc-default-executor-1] INFO  impl.RoleInfo (RoleInfo.java:shutdownFollowerState(108)) - 0dae4c23-fefe-4bb2-bc72-7e8960a30d82: shutdown 0dae4c23-fefe-4bb2-bc72-7e8960a30d82@group-862D180445F9-FollowerState
2020-12-24 03:52:19,743 [Thread-837] INFO  impl.FollowerState (FollowerState.java:run(142)) - 0dae4c23-fefe-4bb2-bc72-7e8960a30d82@group-862D180445F9-FollowerState was interrupted: {}
java.lang.InterruptedException: sleep interrupted
	at java.lang.Thread.sleep(Native Method)
	at java.lang.Thread.sleep(Thread.java:340)
	at java.util.concurrent.TimeUnit.sleep(TimeUnit.java:386)
	at org.apache.ratis.util.TimeDuration.sleep(TimeDuration.java:319)
	at org.apache.ratis.util.TimeDuration.sleep(TimeDuration.java:304)
	at org.apache.ratis.server.impl.FollowerState.run(FollowerState.java:117)
2020-12-24 03:52:19,743 [grpc-default-executor-1] INFO  impl.RoleInfo (RoleInfo.java:updateAndGet(130)) - 0dae4c23-fefe-4bb2-bc72-7e8960a30d82: start 0dae4c23-fefe-4bb2-bc72-7e8960a30d82@group-862D180445F9-FollowerState
2020-12-24 03:52:19,743 [grpc-default-executor-1] INFO  server.RaftServer$Division (RaftServerImpl.java:requestVote(983)) -  FOLLOWER 0dae4c23-fefe-4bb2-bc72-7e8960a30d82@group-862D180445F9:t1, leader=null, voted=null, raftlog=0dae4c23-fefe-4bb2-bc72-7e8960a30d82@group-862D180445F9-SegmentedRaftLog:OPENED:c-1,f-1,i0, conf=-1: [d39cfd4e-a5ab-4099-ae66-25f36cfdb7e3|rpc:172.17.0.2:44379|dataStream:, 0dae4c23-fefe-4bb2-bc72-7e8960a30d82|rpc:172.17.0.2:39989|dataStream:, 5e947d80-2832-4cc2-a4b3-abe531d5f2d2|rpc:172.17.0.2:41285|dataStream:], old=null RUNNING priority:0 candidate:5e947d80-2832-4cc2-a4b3-abe531d5f2d2|rpc:172.17.0.2:41285|dataStream: candidatePriority:0 compare:0
2020-12-24 03:52:19,742 [5e947d80-2832-4cc2-a4b3-abe531d5f2d2@group-862D180445F9-LeaderElection13] INFO  server.RaftServerConfigKeys (ConfUtils.java:logGet(44)) - raft.server.log.appender.snapshot.chunk.size.max = 16MB (=16777216) (default)
2020-12-24 03:52:19,744 [5e947d80-2832-4cc2-a4b3-abe531d5f2d2@group-862D180445F9-LeaderElection13] INFO  server.RaftServerConfigKeys (ConfUtils.java:logGet(44)) - raft.server.log.appender.buffer.byte-limit = 33554432 (custom)
2020-12-24 03:52:19,744 [5e947d80-2832-4cc2-a4b3-abe531d5f2d2@group-862D180445F9-LeaderElection13] INFO  server.RaftServerConfigKeys (ConfUtils.java:logGet(44)) - raft.server.log.appender.buffer.element-limit = 1 (custom)
2020-12-24 03:52:19,744 [5e947d80-2832-4cc2-a4b3-abe531d5f2d2@group-862D180445F9-LeaderElection13] INFO  grpc.GrpcConfigKeys (ConfUtils.java:logGet(44)) - raft.grpc.server.leader.outstanding.appends.max = 128 (default)
2020-12-24 03:52:19,744 [5e947d80-2832-4cc2-a4b3-abe531d5f2d2@group-862D180445F9-LeaderElection13] INFO  server.RaftServerConfigKeys (ConfUtils.java:logGet(44)) - raft.server.rpc.request.timeout = 60s (custom)
2020-12-24 03:52:19,744 [5e947d80-2832-4cc2-a4b3-abe531d5f2d2@group-862D180445F9-LeaderElection13] INFO  server.RaftServerConfigKeys (ConfUtils.java:logGet(44)) - raft.server.log.appender.install.snapshot.enabled = false (custom)
2020-12-24 03:52:19,745 [5e947d80-2832-4cc2-a4b3-abe531d5f2d2@group-862D180445F9-LeaderElection13] INFO  impl.RoleInfo (RoleInfo.java:updateAndGet(130)) - 5e947d80-2832-4cc2-a4b3-abe531d5f2d2: start 5e947d80-2832-4cc2-a4b3-abe531d5f2d2@group-862D180445F9-LeaderStateImpl
2020-12-24 03:52:19,748 [5e947d80-2832-4cc2-a4b3-abe531d5f2d2@group-862D180445F9-LeaderElection13] INFO  segmented.SegmentedRaftLogWorker (SegmentedRaftLogWorker.java:startLogSegment(392)) - 5e947d80-2832-4cc2-a4b3-abe531d5f2d2@group-862D180445F9-SegmentedRaftLogWorker: Starting segment from index:0
2020-12-24 03:52:19,752 [5e947d80-2832-4cc2-a4b3-abe531d5f2d2@group-862D180445F9-SegmentedRaftLogWorker] INFO  segmented.SegmentedRaftLogWorker (SegmentedRaftLogWorker.java:execute(599)) - 5e947d80-2832-4cc2-a4b3-abe531d5f2d2@group-862D180445F9-SegmentedRaftLogWorker: created new log segment /github/workspace/mnt/ozone/hadoop-ozone/integration-test/target/test-dir/MiniOzoneClusterImpl-9e14565b-f938-48ad-b0e9-52a6969cb554/datanode-3/data/ratis/ed412735-11f3-4c1f-aba5-862d180445f9/current/log_inprogress_0
2020-12-24 03:52:19,754 [5e947d80-2832-4cc2-a4b3-abe531d5f2d2@group-862D180445F9-LeaderElection13] INFO  server.RaftServer$Division (ServerState.java:setRaftConf(374)) - 5e947d80-2832-4cc2-a4b3-abe531d5f2d2@group-862D180445F9: set configuration 0: [d39cfd4e-a5ab-4099-ae66-25f36cfdb7e3|rpc:172.17.0.2:44379|dataStream:, 0dae4c23-fefe-4bb2-bc72-7e8960a30d82|rpc:172.17.0.2:39989|dataStream:, 5e947d80-2832-4cc2-a4b3-abe531d5f2d2|rpc:172.17.0.2:41285|dataStream:], old=null at 0
2020-12-24 03:52:19,764 [grpc-default-executor-1] INFO  ratis.XceiverServerRatis (XceiverServerRatis.java:handleLeaderChangedNotification(862)) - Leader change notification received for group: group-862D180445F9 with new leaderId: 5e947d80-2832-4cc2-a4b3-abe531d5f2d2
2020-12-24 03:52:19,764 [grpc-default-executor-1] INFO  server.RaftServer$Division (ServerState.java:setLeader(258)) - d39cfd4e-a5ab-4099-ae66-25f36cfdb7e3@group-862D180445F9: change Leader from null to 5e947d80-2832-4cc2-a4b3-abe531d5f2d2 at term 1 for appendEntries, leader elected after 5002ms
2020-12-24 03:52:19,772 [grpc-default-executor-2] INFO  ratis.XceiverServerRatis (XceiverServerRatis.java:handleLeaderChangedNotification(862)) - Leader change notification received for group: group-862D180445F9 with new leaderId: 5e947d80-2832-4cc2-a4b3-abe531d5f2d2
2020-12-24 03:52:19,772 [grpc-default-executor-2] INFO  server.RaftServer$Division (ServerState.java:setLeader(258)) - 0dae4c23-fefe-4bb2-bc72-7e8960a30d82@group-862D180445F9: change Leader from null to 5e947d80-2832-4cc2-a4b3-abe531d5f2d2 at term 1 for appendEntries, leader elected after 5042ms
2020-12-24 03:52:19,775 [grpc-default-executor-1] INFO  server.RaftServer$Division (ServerState.java:setRaftConf(374)) - d39cfd4e-a5ab-4099-ae66-25f36cfdb7e3@group-862D180445F9: set configuration 0: [d39cfd4e-a5ab-4099-ae66-25f36cfdb7e3|rpc:172.17.0.2:44379|dataStream:, 0dae4c23-fefe-4bb2-bc72-7e8960a30d82|rpc:172.17.0.2:39989|dataStream:, 5e947d80-2832-4cc2-a4b3-abe531d5f2d2|rpc:172.17.0.2:41285|dataStream:], old=null at 0
2020-12-24 03:52:19,776 [grpc-default-executor-1] INFO  segmented.SegmentedRaftLogWorker (SegmentedRaftLogWorker.java:startLogSegment(392)) - d39cfd4e-a5ab-4099-ae66-25f36cfdb7e3@group-862D180445F9-SegmentedRaftLogWorker: Starting segment from index:0
2020-12-24 03:52:19,777 [grpc-default-executor-2] INFO  server.RaftServer$Division (ServerState.java:setRaftConf(374)) - 0dae4c23-fefe-4bb2-bc72-7e8960a30d82@group-862D180445F9: set configuration 0: [d39cfd4e-a5ab-4099-ae66-25f36cfdb7e3|rpc:172.17.0.2:44379|dataStream:, 0dae4c23-fefe-4bb2-bc72-7e8960a30d82|rpc:172.17.0.2:39989|dataStream:, 5e947d80-2832-4cc2-a4b3-abe531d5f2d2|rpc:172.17.0.2:41285|dataStream:], old=null at 0
2020-12-24 03:52:19,777 [grpc-default-executor-2] INFO  segmented.SegmentedRaftLogWorker (SegmentedRaftLogWorker.java:startLogSegment(392)) - 0dae4c23-fefe-4bb2-bc72-7e8960a30d82@group-862D180445F9-SegmentedRaftLogWorker: Starting segment from index:0
2020-12-24 03:52:19,778 [d39cfd4e-a5ab-4099-ae66-25f36cfdb7e3@group-862D180445F9-SegmentedRaftLogWorker] INFO  segmented.SegmentedRaftLogWorker (SegmentedRaftLogWorker.java:execute(599)) - d39cfd4e-a5ab-4099-ae66-25f36cfdb7e3@group-862D180445F9-SegmentedRaftLogWorker: created new log segment /github/workspace/mnt/ozone/hadoop-ozone/integration-test/target/test-dir/MiniOzoneClusterImpl-9e14565b-f938-48ad-b0e9-52a6969cb554/datanode-5/data/ratis/ed412735-11f3-4c1f-aba5-862d180445f9/current/log_inprogress_0
2020-12-24 03:52:19,792 [0dae4c23-fefe-4bb2-bc72-7e8960a30d82@group-862D180445F9-SegmentedRaftLogWorker] INFO  segmented.SegmentedRaftLogWorker (SegmentedRaftLogWorker.java:execute(599)) - 0dae4c23-fefe-4bb2-bc72-7e8960a30d82@group-862D180445F9-SegmentedRaftLogWorker: created new log segment /github/workspace/mnt/ozone/hadoop-ozone/integration-test/target/test-dir/MiniOzoneClusterImpl-9e14565b-f938-48ad-b0e9-52a6969cb554/datanode-4/data/ratis/ed412735-11f3-4c1f-aba5-862d180445f9/current/log_inprogress_0
2020-12-24 03:52:19,837 [Thread-833] INFO  impl.FollowerState (FollowerState.java:run(133)) - 5e947d80-2832-4cc2-a4b3-abe531d5f2d2@group-84FA30717AF9-FollowerState: change to CANDIDATE, lastRpcElapsedTime:5148066308ns, electionTimeout:5147ms
2020-12-24 03:52:19,838 [Thread-833] INFO  impl.RoleInfo (RoleInfo.java:shutdownFollowerState(108)) - 5e947d80-2832-4cc2-a4b3-abe531d5f2d2: shutdown 5e947d80-2832-4cc2-a4b3-abe531d5f2d2@group-84FA30717AF9-FollowerState
2020-12-24 03:52:19,838 [Thread-833] INFO  server.RaftServer$Division (RaftServerImpl.java:setRole(275)) - 5e947d80-2832-4cc2-a4b3-abe531d5f2d2@group-84FA30717AF9: changes role from  FOLLOWER to CANDIDATE at term 0 for changeToCandidate
2020-12-24 03:52:19,838 [Thread-833] INFO  impl.RoleInfo (RoleInfo.java:updateAndGet(130)) - 5e947d80-2832-4cc2-a4b3-abe531d5f2d2: start 5e947d80-2832-4cc2-a4b3-abe531d5f2d2@group-84FA30717AF9-LeaderElection14
2020-12-24 03:52:19,842 [5e947d80-2832-4cc2-a4b3-abe531d5f2d2@group-84FA30717AF9-LeaderElection14] INFO  impl.LeaderElection (LeaderElection.java:askForVotes(219)) - 5e947d80-2832-4cc2-a4b3-abe531d5f2d2@group-84FA30717AF9-LeaderElection14: begin an election at term 1 for -1: [5e947d80-2832-4cc2-a4b3-abe531d5f2d2|rpc:172.17.0.2:41285], old=null
2020-12-24 03:52:19,842 [5e947d80-2832-4cc2-a4b3-abe531d5f2d2@group-84FA30717AF9-LeaderElection14] INFO  impl.RoleInfo (RoleInfo.java:shutdownLeaderElection(121)) - 5e947d80-2832-4cc2-a4b3-abe531d5f2d2: shutdown 5e947d80-2832-4cc2-a4b3-abe531d5f2d2@group-84FA30717AF9-LeaderElection14
2020-12-24 03:52:19,842 [5e947d80-2832-4cc2-a4b3-abe531d5f2d2@group-84FA30717AF9-LeaderElection14] INFO  server.RaftServer$Division (RaftServerImpl.java:setRole(275)) - 5e947d80-2832-4cc2-a4b3-abe531d5f2d2@group-84FA30717AF9: changes role from CANDIDATE to LEADER at term 1 for changeToLeader
2020-12-24 03:52:19,842 [5e947d80-2832-4cc2-a4b3-abe531d5f2d2@group-84FA30717AF9-LeaderElection14] INFO  ratis.XceiverServerRatis (XceiverServerRatis.java:handleLeaderChangedNotification(862)) - Leader change notification received for group: group-84FA30717AF9 with new leaderId: 5e947d80-2832-4cc2-a4b3-abe531d5f2d2
2020-12-24 03:52:19,843 [5e947d80-2832-4cc2-a4b3-abe531d5f2d2@group-84FA30717AF9-LeaderElection14] INFO  server.RaftServer$Division (ServerState.java:setLeader(258)) - 5e947d80-2832-4cc2-a4b3-abe531d5f2d2@group-84FA30717AF9: change Leader from null to 5e947d80-2832-4cc2-a4b3-abe531d5f2d2 at term 1 for becomeLeader, leader elected after 5170ms
2020-12-24 03:52:19,844 [5e947d80-2832-4cc2-a4b3-abe531d5f2d2@group-84FA30717AF9-LeaderElection14] INFO  server.RaftServerConfigKeys (ConfUtils.java:logGet(44)) - raft.server.staging.catchup.gap = 1000 (default)
2020-12-24 03:52:19,844 [5e947d80-2832-4cc2-a4b3-abe531d5f2d2@group-84FA30717AF9-LeaderElection14] INFO  metrics.RatisMetrics (RatisMetrics.java:lambda$create$0(36)) - Creating Metrics Registry : ratis.log_appender.5e947d80-2832-4cc2-a4b3-abe531d5f2d2@group-84FA30717AF9
2020-12-24 03:52:19,844 [5e947d80-2832-4cc2-a4b3-abe531d5f2d2@group-84FA30717AF9-LeaderElection14] INFO  server.RaftServerConfigKeys (ConfUtils.java:logGet(44)) - raft.server.write.element-limit = 1024 (custom)
2020-12-24 03:52:19,844 [5e947d80-2832-4cc2-a4b3-abe531d5f2d2@group-84FA30717AF9-LeaderElection14] INFO  server.RaftServerConfigKeys (ConfUtils.java:logGet(44)) - raft.server.write.byte-limit = 1073741824 (custom)
2020-12-24 03:52:19,845 [5e947d80-2832-4cc2-a4b3-abe531d5f2d2@group-84FA30717AF9-LeaderElection14] INFO  server.RaftServerConfigKeys (ConfUtils.java:logGet(44)) - raft.server.watch.timeout = 180s (custom)
2020-12-24 03:52:19,845 [5e947d80-2832-4cc2-a4b3-abe531d5f2d2@group-84FA30717AF9-LeaderElection14] INFO  server.RaftServerConfigKeys (ConfUtils.java:logGet(44)) - raft.server.watch.timeout.denomination = 1s (default)
2020-12-24 03:52:19,845 [5e947d80-2832-4cc2-a4b3-abe531d5f2d2@group-84FA30717AF9-LeaderElection14] INFO  server.RaftServerConfigKeys (ConfUtils.java:logGet(44)) - raft.server.watch.element-limit = 65536 (default)
2020-12-24 03:52:19,846 [5e947d80-2832-4cc2-a4b3-abe531d5f2d2@group-84FA30717AF9-LeaderElection14] INFO  impl.RoleInfo (RoleInfo.java:updateAndGet(130)) - 5e947d80-2832-4cc2-a4b3-abe531d5f2d2: start 5e947d80-2832-4cc2-a4b3-abe531d5f2d2@group-84FA30717AF9-LeaderStateImpl
2020-12-24 03:52:19,846 [5e947d80-2832-4cc2-a4b3-abe531d5f2d2@group-84FA30717AF9-LeaderElection14] INFO  segmented.SegmentedRaftLogWorker (SegmentedRaftLogWorker.java:startLogSegment(392)) - 5e947d80-2832-4cc2-a4b3-abe531d5f2d2@group-84FA30717AF9-SegmentedRaftLogWorker: Starting segment from index:0
2020-12-24 03:52:19,847 [5e947d80-2832-4cc2-a4b3-abe531d5f2d2@group-84FA30717AF9-LeaderElection14] INFO  server.RaftServer$Division (ServerState.java:setRaftConf(374)) - 5e947d80-2832-4cc2-a4b3-abe531d5f2d2@group-84FA30717AF9: set configuration 0: [5e947d80-2832-4cc2-a4b3-abe531d5f2d2|rpc:172.17.0.2:41285|dataStream:], old=null at 0
2020-12-24 03:52:19,848 [5e947d80-2832-4cc2-a4b3-abe531d5f2d2@group-84FA30717AF9-SegmentedRaftLogWorker] INFO  segmented.SegmentedRaftLogWorker (SegmentedRaftLogWorker.java:execute(599)) - 5e947d80-2832-4cc2-a4b3-abe531d5f2d2@group-84FA30717AF9-SegmentedRaftLogWorker: created new log segment /github/workspace/mnt/ozone/hadoop-ozone/integration-test/target/test-dir/MiniOzoneClusterImpl-9e14565b-f938-48ad-b0e9-52a6969cb554/datanode-3/data/ratis/0b8d01b0-9d46-4811-b14e-84fa30717af9/current/log_inprogress_0
2020-12-24 03:52:19,887 [Thread-843] INFO  impl.FollowerState (FollowerState.java:run(133)) - 0dae4c23-fefe-4bb2-bc72-7e8960a30d82@group-7CE41B631E74-FollowerState: change to CANDIDATE, lastRpcElapsedTime:5011558841ns, electionTimeout:5007ms
2020-12-24 03:52:19,887 [Thread-843] INFO  impl.RoleInfo (RoleInfo.java:shutdownFollowerState(108)) - 0dae4c23-fefe-4bb2-bc72-7e8960a30d82: shutdown 0dae4c23-fefe-4bb2-bc72-7e8960a30d82@group-7CE41B631E74-FollowerState
2020-12-24 03:52:19,887 [Thread-843] INFO  server.RaftServer$Division (RaftServerImpl.java:setRole(275)) - 0dae4c23-fefe-4bb2-bc72-7e8960a30d82@group-7CE41B631E74: changes role from  FOLLOWER to CANDIDATE at term 0 for changeToCandidate
2020-12-24 03:52:19,887 [Thread-843] INFO  impl.RoleInfo (RoleInfo.java:updateAndGet(130)) - 0dae4c23-fefe-4bb2-bc72-7e8960a30d82: start 0dae4c23-fefe-4bb2-bc72-7e8960a30d82@group-7CE41B631E74-LeaderElection15
2020-12-24 03:52:19,890 [0dae4c23-fefe-4bb2-bc72-7e8960a30d82@group-7CE41B631E74-LeaderElection15] INFO  impl.LeaderElection (LeaderElection.java:askForVotes(219)) - 0dae4c23-fefe-4bb2-bc72-7e8960a30d82@group-7CE41B631E74-LeaderElection15: begin an election at term 1 for -1: [0dae4c23-fefe-4bb2-bc72-7e8960a30d82|rpc:172.17.0.2:39989], old=null
2020-12-24 03:52:19,890 [0dae4c23-fefe-4bb2-bc72-7e8960a30d82@group-7CE41B631E74-LeaderElection15] INFO  impl.RoleInfo (RoleInfo.java:shutdownLeaderElection(121)) - 0dae4c23-fefe-4bb2-bc72-7e8960a30d82: shutdown 0dae4c23-fefe-4bb2-bc72-7e8960a30d82@group-7CE41B631E74-LeaderElection15
2020-12-24 03:52:19,890 [0dae4c23-fefe-4bb2-bc72-7e8960a30d82@group-7CE41B631E74-LeaderElection15] INFO  server.RaftServer$Division (RaftServerImpl.java:setRole(275)) - 0dae4c23-fefe-4bb2-bc72-7e8960a30d82@group-7CE41B631E74: changes role from CANDIDATE to LEADER at term 1 for changeToLeader
2020-12-24 03:52:19,890 [0dae4c23-fefe-4bb2-bc72-7e8960a30d82@group-7CE41B631E74-LeaderElection15] INFO  ratis.XceiverServerRatis (XceiverServerRatis.java:handleLeaderChangedNotification(862)) - Leader change notification received for group: group-7CE41B631E74 with new leaderId: 0dae4c23-fefe-4bb2-bc72-7e8960a30d82
2020-12-24 03:52:19,890 [0dae4c23-fefe-4bb2-bc72-7e8960a30d82@group-7CE41B631E74-LeaderElection15] INFO  server.RaftServer$Division (ServerState.java:setLeader(258)) - 0dae4c23-fefe-4bb2-bc72-7e8960a30d82@group-7CE41B631E74: change Leader from null to 0dae4c23-fefe-4bb2-bc72-7e8960a30d82 at term 1 for becomeLeader, leader elected after 5021ms
2020-12-24 03:52:19,890 [0dae4c23-fefe-4bb2-bc72-7e8960a30d82@group-7CE41B631E74-LeaderElection15] INFO  server.RaftServerConfigKeys (ConfUtils.java:logGet(44)) - raft.server.staging.catchup.gap = 1000 (default)
2020-12-24 03:52:19,890 [0dae4c23-fefe-4bb2-bc72-7e8960a30d82@group-7CE41B631E74-LeaderElection15] INFO  metrics.RatisMetrics (RatisMetrics.java:lambda$create$0(36)) - Creating Metrics Registry : ratis.log_appender.0dae4c23-fefe-4bb2-bc72-7e8960a30d82@group-7CE41B631E74
2020-12-24 03:52:19,891 [0dae4c23-fefe-4bb2-bc72-7e8960a30d82@group-7CE41B631E74-LeaderElection15] INFO  server.RaftServerConfigKeys (ConfUtils.java:logGet(44)) - raft.server.write.element-limit = 1024 (custom)
2020-12-24 03:52:19,891 [0dae4c23-fefe-4bb2-bc72-7e8960a30d82@group-7CE41B631E74-LeaderElection15] INFO  server.RaftServerConfigKeys (ConfUtils.java:logGet(44)) - raft.server.write.byte-limit = 1073741824 (custom)
2020-12-24 03:52:19,891 [0dae4c23-fefe-4bb2-bc72-7e8960a30d82@group-7CE41B631E74-LeaderElection15] INFO  server.RaftServerConfigKeys (ConfUtils.java:logGet(44)) - raft.server.watch.timeout = 180s (custom)
2020-12-24 03:52:19,891 [0dae4c23-fefe-4bb2-bc72-7e8960a30d82@group-7CE41B631E74-LeaderElection15] INFO  server.RaftServerConfigKeys (ConfUtils.java:logGet(44)) - raft.server.watch.timeout.denomination = 1s (default)
2020-12-24 03:52:19,892 [0dae4c23-fefe-4bb2-bc72-7e8960a30d82@group-7CE41B631E74-LeaderElection15] INFO  server.RaftServerConfigKeys (ConfUtils.java:logGet(44)) - raft.server.watch.element-limit = 65536 (default)
2020-12-24 03:52:19,892 [0dae4c23-fefe-4bb2-bc72-7e8960a30d82@group-7CE41B631E74-LeaderElection15] INFO  impl.RoleInfo (RoleInfo.java:updateAndGet(130)) - 0dae4c23-fefe-4bb2-bc72-7e8960a30d82: start 0dae4c23-fefe-4bb2-bc72-7e8960a30d82@group-7CE41B631E74-LeaderStateImpl
2020-12-24 03:52:19,892 [0dae4c23-fefe-4bb2-bc72-7e8960a30d82@group-7CE41B631E74-LeaderElection15] INFO  segmented.SegmentedRaftLogWorker (SegmentedRaftLogWorker.java:startLogSegment(392)) - 0dae4c23-fefe-4bb2-bc72-7e8960a30d82@group-7CE41B631E74-SegmentedRaftLogWorker: Starting segment from index:0
2020-12-24 03:52:19,893 [0dae4c23-fefe-4bb2-bc72-7e8960a30d82@group-7CE41B631E74-LeaderElection15] INFO  server.RaftServer$Division (ServerState.java:setRaftConf(374)) - 0dae4c23-fefe-4bb2-bc72-7e8960a30d82@group-7CE41B631E74: set configuration 0: [0dae4c23-fefe-4bb2-bc72-7e8960a30d82|rpc:172.17.0.2:39989|dataStream:], old=null at 0
2020-12-24 03:52:19,893 [0dae4c23-fefe-4bb2-bc72-7e8960a30d82@group-7CE41B631E74-SegmentedRaftLogWorker] INFO  segmented.SegmentedRaftLogWorker (SegmentedRaftLogWorker.java:execute(599)) - 0dae4c23-fefe-4bb2-bc72-7e8960a30d82@group-7CE41B631E74-SegmentedRaftLogWorker: created new log segment /github/workspace/mnt/ozone/hadoop-ozone/integration-test/target/test-dir/MiniOzoneClusterImpl-9e14565b-f938-48ad-b0e9-52a6969cb554/datanode-4/data/ratis/e786d081-ded2-47c4-b726-7ce41b631e74/current/log_inprogress_0
2020-12-24 03:52:20,064 [Listener at 127.0.0.1/36349] INFO  ozone.MiniOzoneClusterImpl (MiniOzoneClusterImpl.java:lambda$waitForClusterToBeReady$0(178)) - Nodes are ready. Got 6 of 6 DN Heartbeats.
2020-12-24 03:52:20,064 [Listener at 127.0.0.1/36349] INFO  ozone.MiniOzoneClusterImpl (MiniOzoneClusterImpl.java:lambda$waitForClusterToBeReady$0(181)) - Cluster exits safe mode
2020-12-24 03:52:20,085 [Listener at 127.0.0.1/36349] INFO  rpc.RpcClient (RpcClient.java:createVolume(273)) - Creating Volume: vol1, with user02921 as owner.
2020-12-24 03:52:20,087 [IPC Server handler 3 on default port 36349] INFO  volume.OMVolumeCreateRequest (OMVolumeCreateRequest.java:validateAndUpdateCache(196)) - created volume:vol1 for user:user02921
2020-12-24 03:52:20,092 [Listener at 127.0.0.1/36349] INFO  rpc.RpcClient (RpcClient.java:createBucket(429)) - Creating Bucket: vol1/bucket1, with Versioning false and Storage Type set to DISK and Encryption set to false 
2020-12-24 03:52:20,112 [Listener at 127.0.0.1/36349] INFO  metrics.RatisMetrics (RatisMetrics.java:lambda$create$0(36)) - Creating Metrics Registry : ratis.client_message_metrics.client-F5FDEB6EC361->9439cf50-f8ac-47a3-be84-c5264c2c00f7
2020-12-24 03:52:20,198 [Thread-845] INFO  impl.FollowerState (FollowerState.java:run(133)) - d39cfd4e-a5ab-4099-ae66-25f36cfdb7e3@group-4862DD35147E-FollowerState: change to CANDIDATE, lastRpcElapsedTime:5126487549ns, electionTimeout:5121ms
2020-12-24 03:52:20,199 [Thread-845] INFO  impl.RoleInfo (RoleInfo.java:shutdownFollowerState(108)) - d39cfd4e-a5ab-4099-ae66-25f36cfdb7e3: shutdown d39cfd4e-a5ab-4099-ae66-25f36cfdb7e3@group-4862DD35147E-FollowerState
2020-12-24 03:52:20,199 [Thread-845] INFO  server.RaftServer$Division (RaftServerImpl.java:setRole(275)) - d39cfd4e-a5ab-4099-ae66-25f36cfdb7e3@group-4862DD35147E: changes role from  FOLLOWER to CANDIDATE at term 0 for changeToCandidate
2020-12-24 03:52:20,199 [Thread-845] INFO  impl.RoleInfo (RoleInfo.java:updateAndGet(130)) - d39cfd4e-a5ab-4099-ae66-25f36cfdb7e3: start d39cfd4e-a5ab-4099-ae66-25f36cfdb7e3@group-4862DD35147E-LeaderElection16
2020-12-24 03:52:20,226 [d39cfd4e-a5ab-4099-ae66-25f36cfdb7e3@group-4862DD35147E-LeaderElection16] INFO  impl.LeaderElection (LeaderElection.java:askForVotes(219)) - d39cfd4e-a5ab-4099-ae66-25f36cfdb7e3@group-4862DD35147E-LeaderElection16: begin an election at term 1 for -1: [d39cfd4e-a5ab-4099-ae66-25f36cfdb7e3|rpc:172.17.0.2:44379], old=null
2020-12-24 03:52:20,226 [d39cfd4e-a5ab-4099-ae66-25f36cfdb7e3@group-4862DD35147E-LeaderElection16] INFO  impl.RoleInfo (RoleInfo.java:shutdownLeaderElection(121)) - d39cfd4e-a5ab-4099-ae66-25f36cfdb7e3: shutdown d39cfd4e-a5ab-4099-ae66-25f36cfdb7e3@group-4862DD35147E-LeaderElection16
2020-12-24 03:52:20,227 [d39cfd4e-a5ab-4099-ae66-25f36cfdb7e3@group-4862DD35147E-LeaderElection16] INFO  server.RaftServer$Division (RaftServerImpl.java:setRole(275)) - d39cfd4e-a5ab-4099-ae66-25f36cfdb7e3@group-4862DD35147E: changes role from CANDIDATE to LEADER at term 1 for changeToLeader
2020-12-24 03:52:20,227 [d39cfd4e-a5ab-4099-ae66-25f36cfdb7e3@group-4862DD35147E-LeaderElection16] INFO  ratis.XceiverServerRatis (XceiverServerRatis.java:handleLeaderChangedNotification(862)) - Leader change notification received for group: group-4862DD35147E with new leaderId: d39cfd4e-a5ab-4099-ae66-25f36cfdb7e3
2020-12-24 03:52:20,227 [d39cfd4e-a5ab-4099-ae66-25f36cfdb7e3@group-4862DD35147E-LeaderElection16] INFO  server.RaftServer$Division (ServerState.java:setLeader(258)) - d39cfd4e-a5ab-4099-ae66-25f36cfdb7e3@group-4862DD35147E: change Leader from null to d39cfd4e-a5ab-4099-ae66-25f36cfdb7e3 at term 1 for becomeLeader, leader elected after 5161ms
2020-12-24 03:52:20,227 [d39cfd4e-a5ab-4099-ae66-25f36cfdb7e3@group-4862DD35147E-LeaderElection16] INFO  server.RaftServerConfigKeys (ConfUtils.java:logGet(44)) - raft.server.staging.catchup.gap = 1000 (default)
2020-12-24 03:52:20,227 [d39cfd4e-a5ab-4099-ae66-25f36cfdb7e3@group-4862DD35147E-LeaderElection16] INFO  metrics.RatisMetrics (RatisMetrics.java:lambda$create$0(36)) - Creating Metrics Registry : ratis.log_appender.d39cfd4e-a5ab-4099-ae66-25f36cfdb7e3@group-4862DD35147E
2020-12-24 03:52:20,227 [d39cfd4e-a5ab-4099-ae66-25f36cfdb7e3@group-4862DD35147E-LeaderElection16] INFO  server.RaftServerConfigKeys (ConfUtils.java:logGet(44)) - raft.server.write.element-limit = 1024 (custom)
2020-12-24 03:52:20,227 [d39cfd4e-a5ab-4099-ae66-25f36cfdb7e3@group-4862DD35147E-LeaderElection16] INFO  server.RaftServerConfigKeys (ConfUtils.java:logGet(44)) - raft.server.write.byte-limit = 1073741824 (custom)
2020-12-24 03:52:20,227 [d39cfd4e-a5ab-4099-ae66-25f36cfdb7e3@group-4862DD35147E-LeaderElection16] INFO  server.RaftServerConfigKeys (ConfUtils.java:logGet(44)) - raft.server.watch.timeout = 180s (custom)
2020-12-24 03:52:20,227 [d39cfd4e-a5ab-4099-ae66-25f36cfdb7e3@group-4862DD35147E-LeaderElection16] INFO  server.RaftServerConfigKeys (ConfUtils.java:logGet(44)) - raft.server.watch.timeout.denomination = 1s (default)
2020-12-24 03:52:20,227 [d39cfd4e-a5ab-4099-ae66-25f36cfdb7e3@group-4862DD35147E-LeaderElection16] INFO  server.RaftServerConfigKeys (ConfUtils.java:logGet(44)) - raft.server.watch.element-limit = 65536 (default)
2020-12-24 03:52:20,228 [d39cfd4e-a5ab-4099-ae66-25f36cfdb7e3@group-4862DD35147E-LeaderElection16] INFO  impl.RoleInfo (RoleInfo.java:updateAndGet(130)) - d39cfd4e-a5ab-4099-ae66-25f36cfdb7e3: start d39cfd4e-a5ab-4099-ae66-25f36cfdb7e3@group-4862DD35147E-LeaderStateImpl
2020-12-24 03:52:20,228 [d39cfd4e-a5ab-4099-ae66-25f36cfdb7e3@group-4862DD35147E-LeaderElection16] INFO  segmented.SegmentedRaftLogWorker (SegmentedRaftLogWorker.java:startLogSegment(392)) - d39cfd4e-a5ab-4099-ae66-25f36cfdb7e3@group-4862DD35147E-SegmentedRaftLogWorker: Starting segment from index:0
2020-12-24 03:52:20,232 [d39cfd4e-a5ab-4099-ae66-25f36cfdb7e3@group-4862DD35147E-SegmentedRaftLogWorker] INFO  segmented.SegmentedRaftLogWorker (SegmentedRaftLogWorker.java:execute(599)) - d39cfd4e-a5ab-4099-ae66-25f36cfdb7e3@group-4862DD35147E-SegmentedRaftLogWorker: created new log segment /github/workspace/mnt/ozone/hadoop-ozone/integration-test/target/test-dir/MiniOzoneClusterImpl-9e14565b-f938-48ad-b0e9-52a6969cb554/datanode-5/data/ratis/5d511d2b-bb19-4d80-91cc-4862dd35147e/current/log_inprogress_0
2020-12-24 03:52:20,237 [d39cfd4e-a5ab-4099-ae66-25f36cfdb7e3@group-4862DD35147E-LeaderElection16] INFO  server.RaftServer$Division (ServerState.java:setRaftConf(374)) - d39cfd4e-a5ab-4099-ae66-25f36cfdb7e3@group-4862DD35147E: set configuration 0: [d39cfd4e-a5ab-4099-ae66-25f36cfdb7e3|rpc:172.17.0.2:44379|dataStream:], old=null at 0
2020-12-24 03:52:20,306 [Listener at 127.0.0.1/36349] INFO  metrics.RatisMetrics (RatisMetrics.java:lambda$create$0(36)) - Creating Metrics Registry : ratis.client_message_metrics.client-D1905BB706B2->5e947d80-2832-4cc2-a4b3-abe531d5f2d2
2020-12-24 03:52:20,311 [grpc-default-executor-2] INFO  metrics.RatisMetrics (RatisMetrics.java:lambda$create$0(36)) - Creating Metrics Registry : ratis.server_message_metrics.5e947d80-2832-4cc2-a4b3-abe531d5f2d2
2020-12-24 03:52:22,205 [EventQueue-Delayed safe mode statusForReplicationManager] INFO  container.ReplicationManager (ReplicationManager.java:start(186)) - Starting Replication Monitor Thread.
2020-12-24 03:52:22,207 [ReplicationMonitor] INFO  container.ReplicationManager (ReplicationManager.java:run(250)) - Replication Monitor Thread took 0 milliseconds for processing 4 containers.
2020-12-24 03:52:23,207 [ReplicationMonitor] INFO  container.ReplicationManager (ReplicationManager.java:run(250)) - Replication Monitor Thread took 0 milliseconds for processing 4 containers.
2020-12-24 03:52:23,641 [IPC Server handler 1 on default port 39143] INFO  node.NodeDecommissionManager (NodeDecommissionManager.java:startMaintenance(344)) - Starting Maintenance for node 9439cf50-f8ac-47a3-be84-c5264c2c00f7{ip: 172.17.0.2, host: 822d467d5ade, networkLocation: /default-rack, certSerialId: null, persistedOpState: IN_SERVICE, persistedOpStateExpiryEpochSec: 0}
2020-12-24 03:52:23,641 [IPC Server handler 1 on default port 39143] INFO  node.NodeDecommissionManager (NodeDecommissionManager.java:startMaintenance(344)) - Starting Maintenance for node b22c4f2c-1caa-4579-b370-0e993976351f{ip: 172.17.0.2, host: 822d467d5ade, networkLocation: /default-rack, certSerialId: null, persistedOpState: IN_SERVICE, persistedOpStateExpiryEpochSec: 0}
2020-12-24 03:52:23,641 [IPC Server handler 1 on default port 39143] INFO  node.NodeDecommissionManager (NodeDecommissionManager.java:startMaintenance(344)) - Starting Maintenance for node 8d530254-7283-4827-a046-112d022b0049{ip: 172.17.0.2, host: 822d467d5ade, networkLocation: /default-rack, certSerialId: null, persistedOpState: IN_SERVICE, persistedOpStateExpiryEpochSec: 0}
2020-12-24 03:52:24,208 [ReplicationMonitor] INFO  container.ReplicationManager (ReplicationManager.java:run(250)) - Replication Monitor Thread took 0 milliseconds for processing 4 containers.
2020-12-24 03:52:24,453 [IPC Server handler 14 on default port 44015] INFO  node.SCMNodeManager (SCMNodeManager.java:updateDatanodeOpState(419)) - Scheduling a command to update the operationalState persisted on the datanode as the reported value (IN_SERVICE, 0) does not match the value stored in SCM (ENTERING_MAINTENANCE, 0)
2020-12-24 03:52:24,464 [IPC Server handler 18 on default port 44015] INFO  node.SCMNodeManager (SCMNodeManager.java:updateDatanodeOpState(419)) - Scheduling a command to update the operationalState persisted on the datanode as the reported value (IN_SERVICE, 0) does not match the value stored in SCM (ENTERING_MAINTENANCE, 0)
2020-12-24 03:52:24,467 [IPC Server handler 19 on default port 44015] INFO  node.SCMNodeManager (SCMNodeManager.java:updateDatanodeOpState(419)) - Scheduling a command to update the operationalState persisted on the datanode as the reported value (IN_SERVICE, 0) does not match the value stored in SCM (ENTERING_MAINTENANCE, 0)
2020-12-24 03:52:24,620 [DatanodeAdminManager-0] INFO  node.DatanodeAdminMonitorImpl (DatanodeAdminMonitorImpl.java:checkPipelinesClosedOnNode(267)) - Waiting for pipelines to close for b22c4f2c-1caa-4579-b370-0e993976351f{ip: 172.17.0.2, host: 822d467d5ade, networkLocation: /default-rack, certSerialId: null, persistedOpState: IN_SERVICE, persistedOpStateExpiryEpochSec: 0}. There are 2 pipelines
2020-12-24 03:52:24,620 [EventQueue-StartAdminOnNodeForStartDatanodeAdminHandler] INFO  node.StartDatanodeAdminHandler (StartDatanodeAdminHandler.java:onMessage(56)) - Admin start on datanode 9439cf50-f8ac-47a3-be84-c5264c2c00f7{ip: 172.17.0.2, host: 822d467d5ade, networkLocation: /default-rack, certSerialId: null, persistedOpState: IN_SERVICE, persistedOpStateExpiryEpochSec: 0}. Finalizing its pipelines [PipelineID=6e0c99c5-0bcb-4a7e-93c9-c31f1be08c0b, PipelineID=d214c819-bc47-4a5d-a03e-0142a39dcee7]
2020-12-24 03:52:24,620 [DatanodeAdminManager-0] INFO  node.DatanodeAdminMonitorImpl (DatanodeAdminMonitorImpl.java:checkPipelinesClosedOnNode(267)) - Waiting for pipelines to close for 8d530254-7283-4827-a046-112d022b0049{ip: 172.17.0.2, host: 822d467d5ade, networkLocation: /default-rack, certSerialId: null, persistedOpState: IN_SERVICE, persistedOpStateExpiryEpochSec: 0}. There are 2 pipelines
2020-12-24 03:52:24,620 [EventQueue-StartAdminOnNodeForStartDatanodeAdminHandler] INFO  pipeline.SCMPipelineManager (SCMPipelineManager.java:finalizeAndDestroyPipeline(482)) - Destroying pipeline:Pipeline[ Id: 6e0c99c5-0bcb-4a7e-93c9-c31f1be08c0b, Nodes: 9439cf50-f8ac-47a3-be84-c5264c2c00f7{ip: 172.17.0.2, host: 822d467d5ade, networkLocation: /default-rack, certSerialId: null, persistedOpState: IN_SERVICE, persistedOpStateExpiryEpochSec: 0}, Type:RATIS, Factor:ONE, State:OPEN, leaderId:9439cf50-f8ac-47a3-be84-c5264c2c00f7, CreationTimestamp2020-12-24T03:52:11.453Z]
2020-12-24 03:52:24,621 [DatanodeAdminManager-0] INFO  node.DatanodeAdminMonitorImpl (DatanodeAdminMonitorImpl.java:checkPipelinesClosedOnNode(267)) - Waiting for pipelines to close for 9439cf50-f8ac-47a3-be84-c5264c2c00f7{ip: 172.17.0.2, host: 822d467d5ade, networkLocation: /default-rack, certSerialId: null, persistedOpState: IN_SERVICE, persistedOpStateExpiryEpochSec: 0}. There are 2 pipelines
2020-12-24 03:52:24,621 [EventQueue-StartAdminOnNodeForStartDatanodeAdminHandler] INFO  pipeline.PipelineStateManager (PipelineStateManager.java:finalizePipeline(121)) - Pipeline Pipeline[ Id: 6e0c99c5-0bcb-4a7e-93c9-c31f1be08c0b, Nodes: 9439cf50-f8ac-47a3-be84-c5264c2c00f7{ip: 172.17.0.2, host: 822d467d5ade, networkLocation: /default-rack, certSerialId: null, persistedOpState: IN_SERVICE, persistedOpStateExpiryEpochSec: 0}, Type:RATIS, Factor:ONE, State:CLOSED, leaderId:9439cf50-f8ac-47a3-be84-c5264c2c00f7, CreationTimestamp2020-12-24T03:52:11.453Z] moved to CLOSED state
2020-12-24 03:52:24,621 [DatanodeAdminManager-0] INFO  node.DatanodeAdminMonitorImpl (DatanodeAdminMonitorImpl.java:run(136)) - There are 3 nodes tracked for decommission and maintenance. 0 pending nodes.
2020-12-24 03:52:24,623 [EventQueue-StartAdminOnNodeForStartDatanodeAdminHandler] INFO  pipeline.RatisPipelineProvider (RatisPipelineProvider.java:lambda$close$1(199)) - Send pipeline:PipelineID=6e0c99c5-0bcb-4a7e-93c9-c31f1be08c0b close command to datanode 9439cf50-f8ac-47a3-be84-c5264c2c00f7
2020-12-24 03:52:24,624 [EventQueue-StartAdminOnNodeForStartDatanodeAdminHandler] INFO  pipeline.PipelineStateManager (PipelineStateManager.java:removePipeline(106)) - Pipeline Pipeline[ Id: 6e0c99c5-0bcb-4a7e-93c9-c31f1be08c0b, Nodes: 9439cf50-f8ac-47a3-be84-c5264c2c00f7{ip: 172.17.0.2, host: 822d467d5ade, networkLocation: /default-rack, certSerialId: null, persistedOpState: IN_SERVICE, persistedOpStateExpiryEpochSec: 0}, Type:RATIS, Factor:ONE, State:CLOSED, leaderId:9439cf50-f8ac-47a3-be84-c5264c2c00f7, CreationTimestamp2020-12-24T03:52:11.453Z] removed from db
2020-12-24 03:52:24,625 [EventQueue-StartAdminOnNodeForStartDatanodeAdminHandler] INFO  pipeline.SCMPipelineManager (SCMPipelineManager.java:finalizeAndDestroyPipeline(482)) - Destroying pipeline:Pipeline[ Id: d214c819-bc47-4a5d-a03e-0142a39dcee7, Nodes: b22c4f2c-1caa-4579-b370-0e993976351f{ip: 172.17.0.2, host: 822d467d5ade, networkLocation: /default-rack, certSerialId: null, persistedOpState: IN_SERVICE, persistedOpStateExpiryEpochSec: 0}8d530254-7283-4827-a046-112d022b0049{ip: 172.17.0.2, host: 822d467d5ade, networkLocation: /default-rack, certSerialId: null, persistedOpState: IN_SERVICE, persistedOpStateExpiryEpochSec: 0}9439cf50-f8ac-47a3-be84-c5264c2c00f7{ip: 172.17.0.2, host: 822d467d5ade, networkLocation: /default-rack, certSerialId: null, persistedOpState: IN_SERVICE, persistedOpStateExpiryEpochSec: 0}, Type:RATIS, Factor:THREE, State:OPEN, leaderId:9439cf50-f8ac-47a3-be84-c5264c2c00f7, CreationTimestamp2020-12-24T03:52:11.454Z]
2020-12-24 03:52:24,626 [EventQueue-StartAdminOnNodeForStartDatanodeAdminHandler] INFO  pipeline.PipelineStateManager (PipelineStateManager.java:finalizePipeline(121)) - Pipeline Pipeline[ Id: d214c819-bc47-4a5d-a03e-0142a39dcee7, Nodes: b22c4f2c-1caa-4579-b370-0e993976351f{ip: 172.17.0.2, host: 822d467d5ade, networkLocation: /default-rack, certSerialId: null, persistedOpState: IN_SERVICE, persistedOpStateExpiryEpochSec: 0}8d530254-7283-4827-a046-112d022b0049{ip: 172.17.0.2, host: 822d467d5ade, networkLocation: /default-rack, certSerialId: null, persistedOpState: IN_SERVICE, persistedOpStateExpiryEpochSec: 0}9439cf50-f8ac-47a3-be84-c5264c2c00f7{ip: 172.17.0.2, host: 822d467d5ade, networkLocation: /default-rack, certSerialId: null, persistedOpState: IN_SERVICE, persistedOpStateExpiryEpochSec: 0}, Type:RATIS, Factor:THREE, State:CLOSED, leaderId:9439cf50-f8ac-47a3-be84-c5264c2c00f7, CreationTimestamp2020-12-24T03:52:11.454Z] moved to CLOSED state
2020-12-24 03:52:24,627 [EventQueue-StartAdminOnNodeForStartDatanodeAdminHandler] INFO  pipeline.RatisPipelineProvider (RatisPipelineProvider.java:lambda$close$1(199)) - Send pipeline:PipelineID=d214c819-bc47-4a5d-a03e-0142a39dcee7 close command to datanode b22c4f2c-1caa-4579-b370-0e993976351f
2020-12-24 03:52:24,627 [EventQueue-StartAdminOnNodeForStartDatanodeAdminHandler] INFO  pipeline.RatisPipelineProvider (RatisPipelineProvider.java:lambda$close$1(199)) - Send pipeline:PipelineID=d214c819-bc47-4a5d-a03e-0142a39dcee7 close command to datanode 8d530254-7283-4827-a046-112d022b0049
2020-12-24 03:52:24,627 [EventQueue-StartAdminOnNodeForStartDatanodeAdminHandler] INFO  pipeline.RatisPipelineProvider (RatisPipelineProvider.java:lambda$close$1(199)) - Send pipeline:PipelineID=d214c819-bc47-4a5d-a03e-0142a39dcee7 close command to datanode 9439cf50-f8ac-47a3-be84-c5264c2c00f7
2020-12-24 03:52:24,627 [EventQueue-StartAdminOnNodeForStartDatanodeAdminHandler] INFO  pipeline.PipelineStateManager (PipelineStateManager.java:removePipeline(106)) - Pipeline Pipeline[ Id: d214c819-bc47-4a5d-a03e-0142a39dcee7, Nodes: b22c4f2c-1caa-4579-b370-0e993976351f{ip: 172.17.0.2, host: 822d467d5ade, networkLocation: /default-rack, certSerialId: null, persistedOpState: IN_SERVICE, persistedOpStateExpiryEpochSec: 0}8d530254-7283-4827-a046-112d022b0049{ip: 172.17.0.2, host: 822d467d5ade, networkLocation: /default-rack, certSerialId: null, persistedOpState: IN_SERVICE, persistedOpStateExpiryEpochSec: 0}9439cf50-f8ac-47a3-be84-c5264c2c00f7{ip: 172.17.0.2, host: 822d467d5ade, networkLocation: /default-rack, certSerialId: null, persistedOpState: IN_SERVICE, persistedOpStateExpiryEpochSec: 0}, Type:RATIS, Factor:THREE, State:CLOSED, leaderId:9439cf50-f8ac-47a3-be84-c5264c2c00f7, CreationTimestamp2020-12-24T03:52:11.454Z] removed from db
2020-12-24 03:52:24,627 [EventQueue-StartAdminOnNodeForStartDatanodeAdminHandler] INFO  node.StartDatanodeAdminHandler (StartDatanodeAdminHandler.java:onMessage(56)) - Admin start on datanode b22c4f2c-1caa-4579-b370-0e993976351f{ip: 172.17.0.2, host: 822d467d5ade, networkLocation: /default-rack, certSerialId: null, persistedOpState: IN_SERVICE, persistedOpStateExpiryEpochSec: 0}. Finalizing its pipelines [PipelineID=8e121648-e2a5-46ef-b0c4-39fd0216b09f]
2020-12-24 03:52:24,627 [EventQueue-StartAdminOnNodeForStartDatanodeAdminHandler] INFO  pipeline.SCMPipelineManager (SCMPipelineManager.java:finalizeAndDestroyPipeline(482)) - Destroying pipeline:Pipeline[ Id: 8e121648-e2a5-46ef-b0c4-39fd0216b09f, Nodes: b22c4f2c-1caa-4579-b370-0e993976351f{ip: 172.17.0.2, host: 822d467d5ade, networkLocation: /default-rack, certSerialId: null, persistedOpState: IN_SERVICE, persistedOpStateExpiryEpochSec: 0}, Type:RATIS, Factor:ONE, State:OPEN, leaderId:b22c4f2c-1caa-4579-b370-0e993976351f, CreationTimestamp2020-12-24T03:52:11.033Z]
2020-12-24 03:52:24,628 [EventQueue-CloseContainerForCloseContainerEventHandler] INFO  container.CloseContainerEventHandler (CloseContainerEventHandler.java:onMessage(61)) - Close container Event triggered for container : #1
2020-12-24 03:52:24,629 [EventQueue-StartAdminOnNodeForStartDatanodeAdminHandler] INFO  pipeline.PipelineStateManager (PipelineStateManager.java:finalizePipeline(121)) - Pipeline Pipeline[ Id: 8e121648-e2a5-46ef-b0c4-39fd0216b09f, Nodes: b22c4f2c-1caa-4579-b370-0e993976351f{ip: 172.17.0.2, host: 822d467d5ade, networkLocation: /default-rack, certSerialId: null, persistedOpState: IN_SERVICE, persistedOpStateExpiryEpochSec: 0}, Type:RATIS, Factor:ONE, State:CLOSED, leaderId:b22c4f2c-1caa-4579-b370-0e993976351f, CreationTimestamp2020-12-24T03:52:11.033Z] moved to CLOSED state
2020-12-24 03:52:24,631 [EventQueue-StartAdminOnNodeForStartDatanodeAdminHandler] INFO  pipeline.RatisPipelineProvider (RatisPipelineProvider.java:lambda$close$1(199)) - Send pipeline:PipelineID=8e121648-e2a5-46ef-b0c4-39fd0216b09f close command to datanode b22c4f2c-1caa-4579-b370-0e993976351f
2020-12-24 03:52:24,631 [EventQueue-StartAdminOnNodeForStartDatanodeAdminHandler] INFO  pipeline.PipelineStateManager (PipelineStateManager.java:removePipeline(106)) - Pipeline Pipeline[ Id: 8e121648-e2a5-46ef-b0c4-39fd0216b09f, Nodes: b22c4f2c-1caa-4579-b370-0e993976351f{ip: 172.17.0.2, host: 822d467d5ade, networkLocation: /default-rack, certSerialId: null, persistedOpState: IN_SERVICE, persistedOpStateExpiryEpochSec: 0}, Type:RATIS, Factor:ONE, State:CLOSED, leaderId:b22c4f2c-1caa-4579-b370-0e993976351f, CreationTimestamp2020-12-24T03:52:11.033Z] removed from db
2020-12-24 03:52:24,631 [EventQueue-StartAdminOnNodeForStartDatanodeAdminHandler] INFO  node.StartDatanodeAdminHandler (StartDatanodeAdminHandler.java:onMessage(56)) - Admin start on datanode 8d530254-7283-4827-a046-112d022b0049{ip: 172.17.0.2, host: 822d467d5ade, networkLocation: /default-rack, certSerialId: null, persistedOpState: IN_SERVICE, persistedOpStateExpiryEpochSec: 0}. Finalizing its pipelines [PipelineID=70d1ab10-9e37-41a5-b19c-7e9166872394]
2020-12-24 03:52:24,631 [EventQueue-StartAdminOnNodeForStartDatanodeAdminHandler] INFO  pipeline.SCMPipelineManager (SCMPipelineManager.java:finalizeAndDestroyPipeline(482)) - Destroying pipeline:Pipeline[ Id: 70d1ab10-9e37-41a5-b19c-7e9166872394, Nodes: 8d530254-7283-4827-a046-112d022b0049{ip: 172.17.0.2, host: 822d467d5ade, networkLocation: /default-rack, certSerialId: null, persistedOpState: IN_SERVICE, persistedOpStateExpiryEpochSec: 0}, Type:RATIS, Factor:ONE, State:OPEN, leaderId:8d530254-7283-4827-a046-112d022b0049, CreationTimestamp2020-12-24T03:52:11.229Z]
2020-12-24 03:52:24,631 [EventQueue-StartAdminOnNodeForStartDatanodeAdminHandler] INFO  pipeline.PipelineStateManager (PipelineStateManager.java:finalizePipeline(121)) - Pipeline Pipeline[ Id: 70d1ab10-9e37-41a5-b19c-7e9166872394, Nodes: 8d530254-7283-4827-a046-112d022b0049{ip: 172.17.0.2, host: 822d467d5ade, networkLocation: /default-rack, certSerialId: null, persistedOpState: IN_SERVICE, persistedOpStateExpiryEpochSec: 0}, Type:RATIS, Factor:ONE, State:CLOSED, leaderId:8d530254-7283-4827-a046-112d022b0049, CreationTimestamp2020-12-24T03:52:11.229Z] moved to CLOSED state
2020-12-24 03:52:24,631 [EventQueue-StartAdminOnNodeForStartDatanodeAdminHandler] INFO  pipeline.RatisPipelineProvider (RatisPipelineProvider.java:lambda$close$1(199)) - Send pipeline:PipelineID=70d1ab10-9e37-41a5-b19c-7e9166872394 close command to datanode 8d530254-7283-4827-a046-112d022b0049
2020-12-24 03:52:24,632 [EventQueue-StartAdminOnNodeForStartDatanodeAdminHandler] INFO  pipeline.PipelineStateManager (PipelineStateManager.java:removePipeline(106)) - Pipeline Pipeline[ Id: 70d1ab10-9e37-41a5-b19c-7e9166872394, Nodes: 8d530254-7283-4827-a046-112d022b0049{ip: 172.17.0.2, host: 822d467d5ade, networkLocation: /default-rack, certSerialId: null, persistedOpState: IN_SERVICE, persistedOpStateExpiryEpochSec: 0}, Type:RATIS, Factor:ONE, State:CLOSED, leaderId:8d530254-7283-4827-a046-112d022b0049, CreationTimestamp2020-12-24T03:52:11.229Z] removed from db
2020-12-24 03:52:24,632 [EventQueue-CloseContainerForCloseContainerEventHandler] WARN  container.SCMContainerManager (SCMContainerManager.java:updateContainerState(367)) - Unable to remove container #1 from pipeline PipelineID=d214c819-bc47-4a5d-a03e-0142a39dcee7  as the pipeline no longer exists
2020-12-24 03:52:24,636 [EventQueue-CloseContainerForCloseContainerEventHandler] INFO  container.CloseContainerEventHandler (CloseContainerEventHandler.java:onMessage(61)) - Close container Event triggered for container : #3
2020-12-24 03:52:24,636 [EventQueue-CloseContainerForCloseContainerEventHandler] WARN  container.SCMContainerManager (SCMContainerManager.java:updateContainerState(367)) - Unable to remove container #3 from pipeline PipelineID=d214c819-bc47-4a5d-a03e-0142a39dcee7  as the pipeline no longer exists
2020-12-24 03:52:25,208 [ReplicationMonitor] INFO  container.ReplicationManager (ReplicationManager.java:sendCloseCommand(948)) - Sending close container command for container #1 to datanode 9439cf50-f8ac-47a3-be84-c5264c2c00f7{ip: 172.17.0.2, host: 822d467d5ade, networkLocation: /default-rack, certSerialId: null, persistedOpState: IN_SERVICE, persistedOpStateExpiryEpochSec: 0}.
2020-12-24 03:52:25,210 [ReplicationMonitor] INFO  container.ReplicationManager (ReplicationManager.java:sendCloseCommand(948)) - Sending close container command for container #1 to datanode b22c4f2c-1caa-4579-b370-0e993976351f{ip: 172.17.0.2, host: 822d467d5ade, networkLocation: /default-rack, certSerialId: null, persistedOpState: IN_SERVICE, persistedOpStateExpiryEpochSec: 0}.
2020-12-24 03:52:25,210 [ReplicationMonitor] INFO  container.ReplicationManager (ReplicationManager.java:sendCloseCommand(948)) - Sending close container command for container #1 to datanode 8d530254-7283-4827-a046-112d022b0049{ip: 172.17.0.2, host: 822d467d5ade, networkLocation: /default-rack, certSerialId: null, persistedOpState: IN_SERVICE, persistedOpStateExpiryEpochSec: 0}.
2020-12-24 03:52:25,210 [ReplicationMonitor] INFO  container.ReplicationManager (ReplicationManager.java:sendCloseCommand(948)) - Sending close container command for container #3 to datanode 8d530254-7283-4827-a046-112d022b0049{ip: 172.17.0.2, host: 822d467d5ade, networkLocation: /default-rack, certSerialId: null, persistedOpState: IN_SERVICE, persistedOpStateExpiryEpochSec: 0}.
2020-12-24 03:52:25,210 [ReplicationMonitor] INFO  container.ReplicationManager (ReplicationManager.java:sendCloseCommand(948)) - Sending close container command for container #3 to datanode 9439cf50-f8ac-47a3-be84-c5264c2c00f7{ip: 172.17.0.2, host: 822d467d5ade, networkLocation: /default-rack, certSerialId: null, persistedOpState: IN_SERVICE, persistedOpStateExpiryEpochSec: 0}.
2020-12-24 03:52:25,210 [ReplicationMonitor] INFO  container.ReplicationManager (ReplicationManager.java:sendCloseCommand(948)) - Sending close container command for container #3 to datanode b22c4f2c-1caa-4579-b370-0e993976351f{ip: 172.17.0.2, host: 822d467d5ade, networkLocation: /default-rack, certSerialId: null, persistedOpState: IN_SERVICE, persistedOpStateExpiryEpochSec: 0}.
2020-12-24 03:52:25,210 [ReplicationMonitor] INFO  container.ReplicationManager (ReplicationManager.java:run(250)) - Replication Monitor Thread took 1 milliseconds for processing 4 containers.
2020-12-24 03:52:25,454 [IPC Server handler 14 on default port 44015] INFO  node.SCMNodeManager (SCMNodeManager.java:updateDatanodeOpState(419)) - Scheduling a command to update the operationalState persisted on the datanode as the reported value (IN_SERVICE, 0) does not match the value stored in SCM (ENTERING_MAINTENANCE, 0)
2020-12-24 03:52:25,463 [IPC Server handler 18 on default port 44015] INFO  node.SCMNodeManager (SCMNodeManager.java:updateDatanodeOpState(419)) - Scheduling a command to update the operationalState persisted on the datanode as the reported value (IN_SERVICE, 0) does not match the value stored in SCM (ENTERING_MAINTENANCE, 0)
2020-12-24 03:52:25,467 [IPC Server handler 19 on default port 44015] INFO  node.SCMNodeManager (SCMNodeManager.java:updateDatanodeOpState(419)) - Scheduling a command to update the operationalState persisted on the datanode as the reported value (IN_SERVICE, 0) does not match the value stored in SCM (ENTERING_MAINTENANCE, 0)
2020-12-24 03:52:25,620 [DatanodeAdminManager-0] INFO  node.DatanodeAdminMonitorImpl (DatanodeAdminMonitorImpl.java:run(136)) - There are 3 nodes tracked for decommission and maintenance. 0 pending nodes.
2020-12-24 03:52:26,211 [ReplicationMonitor] INFO  container.ReplicationManager (ReplicationManager.java:sendCloseCommand(948)) - Sending close container command for container #1 to datanode 9439cf50-f8ac-47a3-be84-c5264c2c00f7{ip: 172.17.0.2, host: 822d467d5ade, networkLocation: /default-rack, certSerialId: null, persistedOpState: IN_SERVICE, persistedOpStateExpiryEpochSec: 0}.
2020-12-24 03:52:26,211 [ReplicationMonitor] INFO  container.ReplicationManager (ReplicationManager.java:sendCloseCommand(948)) - Sending close container command for container #1 to datanode b22c4f2c-1caa-4579-b370-0e993976351f{ip: 172.17.0.2, host: 822d467d5ade, networkLocation: /default-rack, certSerialId: null, persistedOpState: IN_SERVICE, persistedOpStateExpiryEpochSec: 0}.
2020-12-24 03:52:26,211 [ReplicationMonitor] INFO  container.ReplicationManager (ReplicationManager.java:sendCloseCommand(948)) - Sending close container command for container #1 to datanode 8d530254-7283-4827-a046-112d022b0049{ip: 172.17.0.2, host: 822d467d5ade, networkLocation: /default-rack, certSerialId: null, persistedOpState: IN_SERVICE, persistedOpStateExpiryEpochSec: 0}.
2020-12-24 03:52:26,211 [ReplicationMonitor] INFO  container.ReplicationManager (ReplicationManager.java:sendCloseCommand(948)) - Sending close container command for container #3 to datanode 8d530254-7283-4827-a046-112d022b0049{ip: 172.17.0.2, host: 822d467d5ade, networkLocation: /default-rack, certSerialId: null, persistedOpState: IN_SERVICE, persistedOpStateExpiryEpochSec: 0}.
2020-12-24 03:52:26,211 [ReplicationMonitor] INFO  container.ReplicationManager (ReplicationManager.java:sendCloseCommand(948)) - Sending close container command for container #3 to datanode 9439cf50-f8ac-47a3-be84-c5264c2c00f7{ip: 172.17.0.2, host: 822d467d5ade, networkLocation: /default-rack, certSerialId: null, persistedOpState: IN_SERVICE, persistedOpStateExpiryEpochSec: 0}.
2020-12-24 03:52:26,211 [ReplicationMonitor] INFO  container.ReplicationManager (ReplicationManager.java:sendCloseCommand(948)) - Sending close container command for container #3 to datanode b22c4f2c-1caa-4579-b370-0e993976351f{ip: 172.17.0.2, host: 822d467d5ade, networkLocation: /default-rack, certSerialId: null, persistedOpState: IN_SERVICE, persistedOpStateExpiryEpochSec: 0}.
2020-12-24 03:52:26,212 [ReplicationMonitor] INFO  container.ReplicationManager (ReplicationManager.java:run(250)) - Replication Monitor Thread took 1 milliseconds for processing 4 containers.
2020-12-24 03:52:26,623 [DatanodeAdminManager-0] INFO  node.DatanodeAdminMonitorImpl (DatanodeAdminMonitorImpl.java:checkContainersReplicatedOnNode(297)) - b22c4f2c-1caa-4579-b370-0e993976351f{ip: 172.17.0.2, host: 822d467d5ade, networkLocation: /default-rack, certSerialId: null, persistedOpState: ENTERING_MAINTENANCE, persistedOpStateExpiryEpochSec: 0} has 0 sufficientlyReplicated, 2 underReplicated and 2 unhealthy containers
2020-12-24 03:52:26,624 [DatanodeAdminManager-0] INFO  node.DatanodeAdminMonitorImpl (DatanodeAdminMonitorImpl.java:checkContainersReplicatedOnNode(297)) - 8d530254-7283-4827-a046-112d022b0049{ip: 172.17.0.2, host: 822d467d5ade, networkLocation: /default-rack, certSerialId: null, persistedOpState: ENTERING_MAINTENANCE, persistedOpStateExpiryEpochSec: 0} has 0 sufficientlyReplicated, 2 underReplicated and 2 unhealthy containers
2020-12-24 03:52:26,624 [DatanodeAdminManager-0] INFO  node.DatanodeAdminMonitorImpl (DatanodeAdminMonitorImpl.java:checkContainersReplicatedOnNode(297)) - 9439cf50-f8ac-47a3-be84-c5264c2c00f7{ip: 172.17.0.2, host: 822d467d5ade, networkLocation: /default-rack, certSerialId: null, persistedOpState: ENTERING_MAINTENANCE, persistedOpStateExpiryEpochSec: 0} has 0 sufficientlyReplicated, 2 underReplicated and 2 unhealthy containers
2020-12-24 03:52:26,624 [DatanodeAdminManager-0] INFO  node.DatanodeAdminMonitorImpl (DatanodeAdminMonitorImpl.java:run(136)) - There are 3 nodes tracked for decommission and maintenance. 0 pending nodes.
2020-12-24 03:52:27,212 [ReplicationMonitor] INFO  container.ReplicationManager (ReplicationManager.java:sendCloseCommand(948)) - Sending close container command for container #1 to datanode 9439cf50-f8ac-47a3-be84-c5264c2c00f7{ip: 172.17.0.2, host: 822d467d5ade, networkLocation: /default-rack, certSerialId: null, persistedOpState: ENTERING_MAINTENANCE, persistedOpStateExpiryEpochSec: 0}.
2020-12-24 03:52:27,212 [ReplicationMonitor] INFO  container.ReplicationManager (ReplicationManager.java:sendCloseCommand(948)) - Sending close container command for container #1 to datanode b22c4f2c-1caa-4579-b370-0e993976351f{ip: 172.17.0.2, host: 822d467d5ade, networkLocation: /default-rack, certSerialId: null, persistedOpState: ENTERING_MAINTENANCE, persistedOpStateExpiryEpochSec: 0}.
2020-12-24 03:52:27,212 [ReplicationMonitor] INFO  container.ReplicationManager (ReplicationManager.java:sendCloseCommand(948)) - Sending close container command for container #1 to datanode 8d530254-7283-4827-a046-112d022b0049{ip: 172.17.0.2, host: 822d467d5ade, networkLocation: /default-rack, certSerialId: null, persistedOpState: ENTERING_MAINTENANCE, persistedOpStateExpiryEpochSec: 0}.
2020-12-24 03:52:27,213 [ReplicationMonitor] INFO  container.ReplicationManager (ReplicationManager.java:sendCloseCommand(948)) - Sending close container command for container #3 to datanode 8d530254-7283-4827-a046-112d022b0049{ip: 172.17.0.2, host: 822d467d5ade, networkLocation: /default-rack, certSerialId: null, persistedOpState: ENTERING_MAINTENANCE, persistedOpStateExpiryEpochSec: 0}.
2020-12-24 03:52:27,213 [ReplicationMonitor] INFO  container.ReplicationManager (ReplicationManager.java:sendCloseCommand(948)) - Sending close container command for container #3 to datanode 9439cf50-f8ac-47a3-be84-c5264c2c00f7{ip: 172.17.0.2, host: 822d467d5ade, networkLocation: /default-rack, certSerialId: null, persistedOpState: ENTERING_MAINTENANCE, persistedOpStateExpiryEpochSec: 0}.
2020-12-24 03:52:27,213 [ReplicationMonitor] INFO  container.ReplicationManager (ReplicationManager.java:sendCloseCommand(948)) - Sending close container command for container #3 to datanode b22c4f2c-1caa-4579-b370-0e993976351f{ip: 172.17.0.2, host: 822d467d5ade, networkLocation: /default-rack, certSerialId: null, persistedOpState: ENTERING_MAINTENANCE, persistedOpStateExpiryEpochSec: 0}.
2020-12-24 03:52:27,213 [ReplicationMonitor] INFO  container.ReplicationManager (ReplicationManager.java:run(250)) - Replication Monitor Thread took 1 milliseconds for processing 4 containers.
2020-12-24 03:52:27,453 [Command processor thread] INFO  server.RaftServer (RaftServerProxy.java:remove(104)) - b22c4f2c-1caa-4579-b370-0e993976351f: remove  FOLLOWER b22c4f2c-1caa-4579-b370-0e993976351f@group-0142A39DCEE7:t1, leader=9439cf50-f8ac-47a3-be84-c5264c2c00f7, voted=9439cf50-f8ac-47a3-be84-c5264c2c00f7, raftlog=b22c4f2c-1caa-4579-b370-0e993976351f@group-0142A39DCEE7-SegmentedRaftLog:OPENED:c46,f46,i46, conf=0: [9439cf50-f8ac-47a3-be84-c5264c2c00f7|rpc:172.17.0.2:43545|dataStream:, 8d530254-7283-4827-a046-112d022b0049|rpc:172.17.0.2:39581|dataStream:, b22c4f2c-1caa-4579-b370-0e993976351f|rpc:172.17.0.2:33975|dataStream:], old=null RUNNING
2020-12-24 03:52:27,453 [Command processor thread] INFO  server.RaftServer$Division (RaftServerImpl.java:lambda$close$4(397)) - b22c4f2c-1caa-4579-b370-0e993976351f@group-0142A39DCEE7: shutdown
2020-12-24 03:52:27,453 [Command processor thread] INFO  util.JmxRegister (JmxRegister.java:unregister(73)) - Successfully un-registered JMX Bean with object name Ratis:service=RaftServer,group=group-0142A39DCEE7,id=b22c4f2c-1caa-4579-b370-0e993976351f
2020-12-24 03:52:27,453 [Command processor thread] INFO  impl.RoleInfo (RoleInfo.java:shutdownFollowerState(108)) - b22c4f2c-1caa-4579-b370-0e993976351f: shutdown b22c4f2c-1caa-4579-b370-0e993976351f@group-0142A39DCEE7-FollowerState
2020-12-24 03:52:27,454 [Command processor thread] INFO  impl.StateMachineUpdater (StateMachineUpdater.java:stopAndJoin(148)) - b22c4f2c-1caa-4579-b370-0e993976351f@group-0142A39DCEE7-StateMachineUpdater: set stopIndex = 46
2020-12-24 03:52:27,454 [Thread-851] INFO  impl.FollowerState (FollowerState.java:run(142)) - b22c4f2c-1caa-4579-b370-0e993976351f@group-0142A39DCEE7-FollowerState was interrupted: {}
java.lang.InterruptedException: sleep interrupted
	at java.lang.Thread.sleep(Native Method)
	at java.lang.Thread.sleep(Thread.java:340)
	at java.util.concurrent.TimeUnit.sleep(TimeUnit.java:386)
	at org.apache.ratis.util.TimeDuration.sleep(TimeDuration.java:319)
	at org.apache.ratis.util.TimeDuration.sleep(TimeDuration.java:304)
	at org.apache.ratis.server.impl.FollowerState.run(FollowerState.java:117)
2020-12-24 03:52:27,455 [b22c4f2c-1caa-4579-b370-0e993976351f@group-0142A39DCEE7-StateMachineUpdater] INFO  ratis.ContainerStateMachine (ContainerStateMachine.java:takeSnapshot(291)) - group-0142A39DCEE7: Taking a snapshot at:(t:1, i:46) file /github/workspace/mnt/ozone/hadoop-ozone/integration-test/target/test-dir/MiniOzoneClusterImpl-9e14565b-f938-48ad-b0e9-52a6969cb554/datanode-0/data/ratis/d214c819-bc47-4a5d-a03e-0142a39dcee7/sm/snapshot.1_46
2020-12-24 03:52:27,458 [b22c4f2c-1caa-4579-b370-0e993976351f@group-0142A39DCEE7-StateMachineUpdater] INFO  ratis.ContainerStateMachine (ContainerStateMachine.java:takeSnapshot(302)) - group-0142A39DCEE7: Finished taking a snapshot at:(t:1, i:46) file:/github/workspace/mnt/ozone/hadoop-ozone/integration-test/target/test-dir/MiniOzoneClusterImpl-9e14565b-f938-48ad-b0e9-52a6969cb554/datanode-0/data/ratis/d214c819-bc47-4a5d-a03e-0142a39dcee7/sm/snapshot.1_46 time:3
2020-12-24 03:52:27,459 [b22c4f2c-1caa-4579-b370-0e993976351f@group-0142A39DCEE7-StateMachineUpdater] INFO  impl.StateMachineUpdater (StateMachineUpdater.java:takeSnapshot(279)) - b22c4f2c-1caa-4579-b370-0e993976351f@group-0142A39DCEE7-StateMachineUpdater: Took a snapshot at index 46
2020-12-24 03:52:27,459 [b22c4f2c-1caa-4579-b370-0e993976351f@group-0142A39DCEE7-StateMachineUpdater] INFO  impl.StateMachineUpdater (StateMachineUpdater.java:lambda$new$0(88)) - b22c4f2c-1caa-4579-b370-0e993976351f@group-0142A39DCEE7-StateMachineUpdater: snapshotIndex: updateIncreasingly -1 -> 46
2020-12-24 03:52:27,459 [b22c4f2c-1caa-4579-b370-0e993976351f@group-0142A39DCEE7-StateMachineUpdater] INFO  metrics.RatisMetrics (RatisMetrics.java:unregister(43)) - Unregistering Metrics Registry : ratis.state_machine.b22c4f2c-1caa-4579-b370-0e993976351f@group-0142A39DCEE7
2020-12-24 03:52:27,459 [Command processor thread] INFO  server.RaftServer$Division (ServerState.java:close(406)) - b22c4f2c-1caa-4579-b370-0e993976351f@group-0142A39DCEE7: closes. applyIndex: 46
2020-12-24 03:52:27,459 [b22c4f2c-1caa-4579-b370-0e993976351f@group-0142A39DCEE7-SegmentedRaftLogWorker] INFO  segmented.SegmentedRaftLogWorker (SegmentedRaftLogWorker.java:run(326)) - b22c4f2c-1caa-4579-b370-0e993976351f@group-0142A39DCEE7-SegmentedRaftLogWorker was interrupted, exiting. There are 0 tasks remaining in the queue.
2020-12-24 03:52:27,460 [Command processor thread] INFO  segmented.SegmentedRaftLogWorker (SegmentedRaftLogWorker.java:close(236)) - b22c4f2c-1caa-4579-b370-0e993976351f@group-0142A39DCEE7-SegmentedRaftLogWorker close()
2020-12-24 03:52:27,460 [Command processor thread] INFO  metrics.RatisMetrics (RatisMetrics.java:unregister(43)) - Unregistering Metrics Registry : ratis.log_worker.b22c4f2c-1caa-4579-b370-0e993976351f@group-0142A39DCEE7
2020-12-24 03:52:27,460 [Command processor thread] INFO  metrics.RatisMetrics (RatisMetrics.java:unregister(43)) - Unregistering Metrics Registry : ratis.leader_election.b22c4f2c-1caa-4579-b370-0e993976351f@group-0142A39DCEE7
2020-12-24 03:52:27,461 [Command processor thread] INFO  metrics.RatisMetrics (RatisMetrics.java:unregister(43)) - Unregistering Metrics Registry : ratis.server.b22c4f2c-1caa-4579-b370-0e993976351f@group-0142A39DCEE7
2020-12-24 03:52:27,463 [Command processor thread] INFO  server.RaftServer (RaftServerProxy.java:remove(104)) - 8d530254-7283-4827-a046-112d022b0049: remove  FOLLOWER 8d530254-7283-4827-a046-112d022b0049@group-0142A39DCEE7:t1, leader=9439cf50-f8ac-47a3-be84-c5264c2c00f7, voted=9439cf50-f8ac-47a3-be84-c5264c2c00f7, raftlog=8d530254-7283-4827-a046-112d022b0049@group-0142A39DCEE7-SegmentedRaftLog:OPENED:c46,f46,i46, conf=0: [9439cf50-f8ac-47a3-be84-c5264c2c00f7|rpc:172.17.0.2:43545|dataStream:, 8d530254-7283-4827-a046-112d022b0049|rpc:172.17.0.2:39581|dataStream:, b22c4f2c-1caa-4579-b370-0e993976351f|rpc:172.17.0.2:33975|dataStream:], old=null RUNNING
2020-12-24 03:52:27,463 [Command processor thread] INFO  server.RaftServer$Division (RaftServerImpl.java:lambda$close$4(397)) - 8d530254-7283-4827-a046-112d022b0049@group-0142A39DCEE7: shutdown
2020-12-24 03:52:27,463 [Command processor thread] INFO  util.JmxRegister (JmxRegister.java:unregister(73)) - Successfully un-registered JMX Bean with object name Ratis:service=RaftServer,group=group-0142A39DCEE7,id=8d530254-7283-4827-a046-112d022b0049
2020-12-24 03:52:27,463 [Command processor thread] INFO  impl.RoleInfo (RoleInfo.java:shutdownFollowerState(108)) - 8d530254-7283-4827-a046-112d022b0049: shutdown 8d530254-7283-4827-a046-112d022b0049@group-0142A39DCEE7-FollowerState
2020-12-24 03:52:27,464 [Command processor thread] INFO  impl.StateMachineUpdater (StateMachineUpdater.java:stopAndJoin(148)) - 8d530254-7283-4827-a046-112d022b0049@group-0142A39DCEE7-StateMachineUpdater: set stopIndex = 46
2020-12-24 03:52:27,464 [Thread-852] INFO  impl.FollowerState (FollowerState.java:run(142)) - 8d530254-7283-4827-a046-112d022b0049@group-0142A39DCEE7-FollowerState was interrupted: {}
java.lang.InterruptedException: sleep interrupted
	at java.lang.Thread.sleep(Native Method)
	at java.lang.Thread.sleep(Thread.java:340)
	at java.util.concurrent.TimeUnit.sleep(TimeUnit.java:386)
	at org.apache.ratis.util.TimeDuration.sleep(TimeDuration.java:319)
	at org.apache.ratis.util.TimeDuration.sleep(TimeDuration.java:304)
	at org.apache.ratis.server.impl.FollowerState.run(FollowerState.java:117)
2020-12-24 03:52:27,466 [8d530254-7283-4827-a046-112d022b0049@group-0142A39DCEE7-StateMachineUpdater] INFO  ratis.ContainerStateMachine (ContainerStateMachine.java:takeSnapshot(291)) - group-0142A39DCEE7: Taking a snapshot at:(t:1, i:46) file /github/workspace/mnt/ozone/hadoop-ozone/integration-test/target/test-dir/MiniOzoneClusterImpl-9e14565b-f938-48ad-b0e9-52a6969cb554/datanode-1/data/ratis/d214c819-bc47-4a5d-a03e-0142a39dcee7/sm/snapshot.1_46
2020-12-24 03:52:27,466 [Command processor thread] INFO  server.RaftServer (RaftServerProxy.java:remove(104)) - 9439cf50-f8ac-47a3-be84-c5264c2c00f7: remove    LEADER 9439cf50-f8ac-47a3-be84-c5264c2c00f7@group-C31F1BE08C0B:t1, leader=9439cf50-f8ac-47a3-be84-c5264c2c00f7, voted=9439cf50-f8ac-47a3-be84-c5264c2c00f7, raftlog=9439cf50-f8ac-47a3-be84-c5264c2c00f7@group-C31F1BE08C0B-SegmentedRaftLog:OPENED:c0,f0,i0, conf=0: [9439cf50-f8ac-47a3-be84-c5264c2c00f7|rpc:172.17.0.2:43545|dataStream:], old=null RUNNING
2020-12-24 03:52:27,467 [Command processor thread] INFO  server.RaftServer$Division (RaftServerImpl.java:lambda$close$4(397)) - 9439cf50-f8ac-47a3-be84-c5264c2c00f7@group-C31F1BE08C0B: shutdown
2020-12-24 03:52:27,467 [Command processor thread] INFO  util.JmxRegister (JmxRegister.java:unregister(73)) - Successfully un-registered JMX Bean with object name Ratis:service=RaftServer,group=group-C31F1BE08C0B,id=9439cf50-f8ac-47a3-be84-c5264c2c00f7
2020-12-24 03:52:27,467 [Command processor thread] INFO  impl.RoleInfo (RoleInfo.java:shutdownLeaderState(91)) - 9439cf50-f8ac-47a3-be84-c5264c2c00f7: shutdown 9439cf50-f8ac-47a3-be84-c5264c2c00f7@group-C31F1BE08C0B-LeaderStateImpl
2020-12-24 03:52:27,467 [Command processor thread] INFO  impl.PendingRequests (PendingRequests.java:sendNotLeaderResponses(249)) - 9439cf50-f8ac-47a3-be84-c5264c2c00f7@group-C31F1BE08C0B-PendingRequests: sendNotLeaderResponses
2020-12-24 03:52:27,467 [8d530254-7283-4827-a046-112d022b0049@group-0142A39DCEE7-StateMachineUpdater] INFO  ratis.ContainerStateMachine (ContainerStateMachine.java:takeSnapshot(302)) - group-0142A39DCEE7: Finished taking a snapshot at:(t:1, i:46) file:/github/workspace/mnt/ozone/hadoop-ozone/integration-test/target/test-dir/MiniOzoneClusterImpl-9e14565b-f938-48ad-b0e9-52a6969cb554/datanode-1/data/ratis/d214c819-bc47-4a5d-a03e-0142a39dcee7/sm/snapshot.1_46 time:2
2020-12-24 03:52:27,467 [8d530254-7283-4827-a046-112d022b0049@group-0142A39DCEE7-StateMachineUpdater] INFO  impl.StateMachineUpdater (StateMachineUpdater.java:takeSnapshot(279)) - 8d530254-7283-4827-a046-112d022b0049@group-0142A39DCEE7-StateMachineUpdater: Took a snapshot at index 46
2020-12-24 03:52:27,467 [8d530254-7283-4827-a046-112d022b0049@group-0142A39DCEE7-StateMachineUpdater] INFO  impl.StateMachineUpdater (StateMachineUpdater.java:lambda$new$0(88)) - 8d530254-7283-4827-a046-112d022b0049@group-0142A39DCEE7-StateMachineUpdater: snapshotIndex: updateIncreasingly -1 -> 46
2020-12-24 03:52:27,468 [8d530254-7283-4827-a046-112d022b0049@group-0142A39DCEE7-StateMachineUpdater] INFO  metrics.RatisMetrics (RatisMetrics.java:unregister(43)) - Unregistering Metrics Registry : ratis.state_machine.8d530254-7283-4827-a046-112d022b0049@group-0142A39DCEE7
2020-12-24 03:52:27,468 [Command processor thread] INFO  metrics.RatisMetrics (RatisMetrics.java:unregister(43)) - Unregistering Metrics Registry : ratis.log_appender.9439cf50-f8ac-47a3-be84-c5264c2c00f7@group-C31F1BE08C0B
2020-12-24 03:52:27,468 [Command processor thread] INFO  metrics.RatisMetrics (RatisMetrics.java:unregister(43)) - Unregistering Metrics Registry : ratis.server.9439cf50-f8ac-47a3-be84-c5264c2c00f7@group-C31F1BE08C0B
2020-12-24 03:52:27,468 [Command processor thread] INFO  keyvalue.KeyValueContainer (KeyValueContainer.java:flushAndSyncDB(388)) - Container 1 is synced with bcsId 40.
2020-12-24 03:52:27,468 [Command processor thread] INFO  server.RaftServer$Division (ServerState.java:close(406)) - 8d530254-7283-4827-a046-112d022b0049@group-0142A39DCEE7: closes. applyIndex: 46
2020-12-24 03:52:27,469 [8d530254-7283-4827-a046-112d022b0049@group-0142A39DCEE7-SegmentedRaftLogWorker] INFO  segmented.SegmentedRaftLogWorker (SegmentedRaftLogWorker.java:run(326)) - 8d530254-7283-4827-a046-112d022b0049@group-0142A39DCEE7-SegmentedRaftLogWorker was interrupted, exiting. There are 0 tasks remaining in the queue.
2020-12-24 03:52:27,469 [Command processor thread] INFO  segmented.SegmentedRaftLogWorker (SegmentedRaftLogWorker.java:close(236)) - 8d530254-7283-4827-a046-112d022b0049@group-0142A39DCEE7-SegmentedRaftLogWorker close()
2020-12-24 03:52:27,469 [Command processor thread] INFO  impl.StateMachineUpdater (StateMachineUpdater.java:stopAndJoin(148)) - 9439cf50-f8ac-47a3-be84-c5264c2c00f7@group-C31F1BE08C0B-StateMachineUpdater: set stopIndex = 0
2020-12-24 03:52:27,469 [9439cf50-f8ac-47a3-be84-c5264c2c00f7@group-C31F1BE08C0B-StateMachineUpdater] INFO  ratis.ContainerStateMachine (ContainerStateMachine.java:takeSnapshot(291)) - group-C31F1BE08C0B: Taking a snapshot at:(t:1, i:0) file /github/workspace/mnt/ozone/hadoop-ozone/integration-test/target/test-dir/MiniOzoneClusterImpl-9e14565b-f938-48ad-b0e9-52a6969cb554/datanode-2/data/ratis/6e0c99c5-0bcb-4a7e-93c9-c31f1be08c0b/sm/snapshot.1_0
2020-12-24 03:52:27,469 [Command processor thread] INFO  keyvalue.KeyValueContainer (KeyValueContainer.java:flushAndSyncDB(388)) - Container 1 is synced with bcsId 40.
2020-12-24 03:52:27,470 [9439cf50-f8ac-47a3-be84-c5264c2c00f7@group-C31F1BE08C0B-StateMachineUpdater] INFO  ratis.ContainerStateMachine (ContainerStateMachine.java:takeSnapshot(302)) - group-C31F1BE08C0B: Finished taking a snapshot at:(t:1, i:0) file:/github/workspace/mnt/ozone/hadoop-ozone/integration-test/target/test-dir/MiniOzoneClusterImpl-9e14565b-f938-48ad-b0e9-52a6969cb554/datanode-2/data/ratis/6e0c99c5-0bcb-4a7e-93c9-c31f1be08c0b/sm/snapshot.1_0 time:0
2020-12-24 03:52:27,470 [9439cf50-f8ac-47a3-be84-c5264c2c00f7@group-C31F1BE08C0B-StateMachineUpdater] INFO  impl.StateMachineUpdater (StateMachineUpdater.java:takeSnapshot(279)) - 9439cf50-f8ac-47a3-be84-c5264c2c00f7@group-C31F1BE08C0B-StateMachineUpdater: Took a snapshot at index 0
2020-12-24 03:52:27,470 [9439cf50-f8ac-47a3-be84-c5264c2c00f7@group-C31F1BE08C0B-StateMachineUpdater] INFO  impl.StateMachineUpdater (StateMachineUpdater.java:lambda$new$0(88)) - 9439cf50-f8ac-47a3-be84-c5264c2c00f7@group-C31F1BE08C0B-StateMachineUpdater: snapshotIndex: updateIncreasingly -1 -> 0
2020-12-24 03:52:27,470 [9439cf50-f8ac-47a3-be84-c5264c2c00f7@group-C31F1BE08C0B-StateMachineUpdater] INFO  metrics.RatisMetrics (RatisMetrics.java:unregister(43)) - Unregistering Metrics Registry : ratis.state_machine.9439cf50-f8ac-47a3-be84-c5264c2c00f7@group-C31F1BE08C0B
2020-12-24 03:52:27,472 [Command processor thread] INFO  metrics.RatisMetrics (RatisMetrics.java:unregister(43)) - Unregistering Metrics Registry : ratis.log_worker.8d530254-7283-4827-a046-112d022b0049@group-0142A39DCEE7
2020-12-24 03:52:27,472 [Command processor thread] INFO  metrics.RatisMetrics (RatisMetrics.java:unregister(43)) - Unregistering Metrics Registry : ratis.leader_election.8d530254-7283-4827-a046-112d022b0049@group-0142A39DCEE7
2020-12-24 03:52:27,472 [Command processor thread] INFO  metrics.RatisMetrics (RatisMetrics.java:unregister(43)) - Unregistering Metrics Registry : ratis.server.8d530254-7283-4827-a046-112d022b0049@group-0142A39DCEE7
2020-12-24 03:52:27,472 [Command processor thread] INFO  server.RaftServer$Division (ServerState.java:close(406)) - 9439cf50-f8ac-47a3-be84-c5264c2c00f7@group-C31F1BE08C0B: closes. applyIndex: 0
2020-12-24 03:52:27,472 [9439cf50-f8ac-47a3-be84-c5264c2c00f7@group-C31F1BE08C0B-SegmentedRaftLogWorker] INFO  segmented.SegmentedRaftLogWorker (SegmentedRaftLogWorker.java:run(326)) - 9439cf50-f8ac-47a3-be84-c5264c2c00f7@group-C31F1BE08C0B-SegmentedRaftLogWorker was interrupted, exiting. There are 0 tasks remaining in the queue.
2020-12-24 03:52:27,473 [Command processor thread] INFO  segmented.SegmentedRaftLogWorker (SegmentedRaftLogWorker.java:close(236)) - 9439cf50-f8ac-47a3-be84-c5264c2c00f7@group-C31F1BE08C0B-SegmentedRaftLogWorker close()
2020-12-24 03:52:27,473 [Command processor thread] INFO  metrics.RatisMetrics (RatisMetrics.java:unregister(43)) - Unregistering Metrics Registry : ratis.log_worker.9439cf50-f8ac-47a3-be84-c5264c2c00f7@group-C31F1BE08C0B
2020-12-24 03:52:27,473 [Command processor thread] INFO  metrics.RatisMetrics (RatisMetrics.java:unregister(43)) - Unregistering Metrics Registry : ratis.leader_election.9439cf50-f8ac-47a3-be84-c5264c2c00f7@group-C31F1BE08C0B
2020-12-24 03:52:27,473 [Command processor thread] INFO  metrics.RatisMetrics (RatisMetrics.java:unregister(43)) - Unregistering Metrics Registry : ratis.server.9439cf50-f8ac-47a3-be84-c5264c2c00f7@group-C31F1BE08C0B
2020-12-24 03:52:27,474 [Command processor thread] INFO  server.RaftServer$Division (RaftServerImpl.java:groupRemove(367)) - 9439cf50-f8ac-47a3-be84-c5264c2c00f7@group-C31F1BE08C0B: Succeed to remove RaftStorageDirectory Storage Directory /github/workspace/mnt/ozone/hadoop-ozone/integration-test/target/test-dir/MiniOzoneClusterImpl-9e14565b-f938-48ad-b0e9-52a6969cb554/datanode-2/data/ratis/6e0c99c5-0bcb-4a7e-93c9-c31f1be08c0b
2020-12-24 03:52:27,474 [Command processor thread] INFO  commandhandler.ClosePipelineCommandHandler (ClosePipelineCommandHandler.java:handle(75)) - Close Pipeline PipelineID=6e0c99c5-0bcb-4a7e-93c9-c31f1be08c0b command on datanode 9439cf50-f8ac-47a3-be84-c5264c2c00f7.
2020-12-24 03:52:27,474 [Command processor thread] INFO  server.RaftServer (RaftServerProxy.java:remove(104)) - 9439cf50-f8ac-47a3-be84-c5264c2c00f7: remove    LEADER 9439cf50-f8ac-47a3-be84-c5264c2c00f7@group-0142A39DCEE7:t1, leader=9439cf50-f8ac-47a3-be84-c5264c2c00f7, voted=9439cf50-f8ac-47a3-be84-c5264c2c00f7, raftlog=9439cf50-f8ac-47a3-be84-c5264c2c00f7@group-0142A39DCEE7-SegmentedRaftLog:OPENED:c46,f46,i46, conf=0: [9439cf50-f8ac-47a3-be84-c5264c2c00f7|rpc:172.17.0.2:43545|dataStream:, 8d530254-7283-4827-a046-112d022b0049|rpc:172.17.0.2:39581|dataStream:, b22c4f2c-1caa-4579-b370-0e993976351f|rpc:172.17.0.2:33975|dataStream:], old=null RUNNING
2020-12-24 03:52:27,474 [Command processor thread] INFO  server.RaftServer$Division (RaftServerImpl.java:lambda$close$4(397)) - 9439cf50-f8ac-47a3-be84-c5264c2c00f7@group-0142A39DCEE7: shutdown
2020-12-24 03:52:27,474 [Command processor thread] INFO  util.JmxRegister (JmxRegister.java:unregister(73)) - Successfully un-registered JMX Bean with object name Ratis:service=RaftServer,group=group-0142A39DCEE7,id=9439cf50-f8ac-47a3-be84-c5264c2c00f7
2020-12-24 03:52:27,474 [Command processor thread] INFO  impl.RoleInfo (RoleInfo.java:shutdownLeaderState(91)) - 9439cf50-f8ac-47a3-be84-c5264c2c00f7: shutdown 9439cf50-f8ac-47a3-be84-c5264c2c00f7@group-0142A39DCEE7-LeaderStateImpl
2020-12-24 03:52:27,474 [Command processor thread] INFO  metrics.RatisMetrics (RatisMetrics.java:unregister(43)) - Unregistering Metrics Registry : ratis_grpc.log_appender.9439cf50-f8ac-47a3-be84-c5264c2c00f7@group-0142A39DCEE7
2020-12-24 03:52:27,474 [Command processor thread] INFO  metrics.RatisMetrics (RatisMetrics.java:unregister(43)) - Unregistering Metrics Registry : ratis_grpc.log_appender.9439cf50-f8ac-47a3-be84-c5264c2c00f7@group-0142A39DCEE7
2020-12-24 03:52:27,474 [9439cf50-f8ac-47a3-be84-c5264c2c00f7@group-0142A39DCEE7->8d530254-7283-4827-a046-112d022b0049-GrpcLogAppender-LogAppenderDaemon] WARN  server.GrpcLogAppender (GrpcLogAppender.java:mayWait(174)) - 9439cf50-f8ac-47a3-be84-c5264c2c00f7@group-0142A39DCEE7->8d530254-7283-4827-a046-112d022b0049-GrpcLogAppender: Wait interrupted by java.lang.InterruptedException
2020-12-24 03:52:27,475 [grpc-default-executor-1] INFO  server.GrpcServerProtocolService (GrpcServerProtocolService.java:onCompleted(138)) - 8d530254-7283-4827-a046-112d022b0049: Completed APPEND_ENTRIES, lastRequest: 9439cf50-f8ac-47a3-be84-c5264c2c00f7->8d530254-7283-4827-a046-112d022b0049#403-t1,previous=(t:1, i:45),leaderCommit=44,initializing? true,entries: size=1, first=(t:1, i:46), METADATAENTRY(c:44)
2020-12-24 03:52:27,478 [grpc-default-executor-0] INFO  server.GrpcLogAppender (GrpcLogAppender.java:onCompleted(343)) - 9439cf50-f8ac-47a3-be84-c5264c2c00f7@group-0142A39DCEE7->8d530254-7283-4827-a046-112d022b0049-AppendLogResponseHandler: follower responses appendEntries COMPLETED
2020-12-24 03:52:27,483 [grpc-default-executor-0] INFO  leader.FollowerInfo (FollowerInfoImpl.java:lambda$new$0(46)) - 9439cf50-f8ac-47a3-be84-c5264c2c00f7@group-0142A39DCEE7->8d530254-7283-4827-a046-112d022b0049: nextIndex: updateUnconditionally 47 -> 46
2020-12-24 03:52:27,484 [Command processor thread] INFO  keyvalue.KeyValueContainer (KeyValueContainer.java:flushAndSyncDB(388)) - Container 1 is synced with bcsId 40.
2020-12-24 03:52:27,484 [Command processor thread] INFO  keyvalue.KeyValueContainer (KeyValueContainer.java:flushAndSyncDB(388)) - Container 1 is synced with bcsId 40.
2020-12-24 03:52:27,475 [9439cf50-f8ac-47a3-be84-c5264c2c00f7@group-0142A39DCEE7->b22c4f2c-1caa-4579-b370-0e993976351f-GrpcLogAppender-LogAppenderDaemon] WARN  server.GrpcLogAppender (GrpcLogAppender.java:mayWait(174)) - 9439cf50-f8ac-47a3-be84-c5264c2c00f7@group-0142A39DCEE7->b22c4f2c-1caa-4579-b370-0e993976351f-GrpcLogAppender: Wait interrupted by java.lang.InterruptedException
2020-12-24 03:52:27,476 [Command processor thread] INFO  impl.PendingRequests (PendingRequests.java:sendNotLeaderResponses(249)) - 9439cf50-f8ac-47a3-be84-c5264c2c00f7@group-0142A39DCEE7-PendingRequests: sendNotLeaderResponses
2020-12-24 03:52:27,488 [grpc-default-executor-0] INFO  server.GrpcServerProtocolService (GrpcServerProtocolService.java:onCompleted(138)) - b22c4f2c-1caa-4579-b370-0e993976351f: Completed APPEND_ENTRIES, lastRequest: 9439cf50-f8ac-47a3-be84-c5264c2c00f7->b22c4f2c-1caa-4579-b370-0e993976351f#412-t1,previous=(t:1, i:45),leaderCommit=44,initializing? true,entries: size=1, first=(t:1, i:46), METADATAENTRY(c:44)
2020-12-24 03:52:27,491 [Command processor thread] INFO  metrics.RatisMetrics (RatisMetrics.java:unregister(43)) - Unregistering Metrics Registry : ratis.log_appender.9439cf50-f8ac-47a3-be84-c5264c2c00f7@group-0142A39DCEE7
2020-12-24 03:52:27,491 [Command processor thread] INFO  metrics.RatisMetrics (RatisMetrics.java:unregister(43)) - Unregistering Metrics Registry : ratis.server.9439cf50-f8ac-47a3-be84-c5264c2c00f7@group-0142A39DCEE7
2020-12-24 03:52:27,491 [Command processor thread] INFO  impl.StateMachineUpdater (StateMachineUpdater.java:stopAndJoin(148)) - 9439cf50-f8ac-47a3-be84-c5264c2c00f7@group-0142A39DCEE7-StateMachineUpdater: set stopIndex = 46
2020-12-24 03:52:27,492 [9439cf50-f8ac-47a3-be84-c5264c2c00f7@group-0142A39DCEE7-StateMachineUpdater] INFO  ratis.ContainerStateMachine (ContainerStateMachine.java:takeSnapshot(291)) - group-0142A39DCEE7: Taking a snapshot at:(t:1, i:46) file /github/workspace/mnt/ozone/hadoop-ozone/integration-test/target/test-dir/MiniOzoneClusterImpl-9e14565b-f938-48ad-b0e9-52a6969cb554/datanode-2/data/ratis/d214c819-bc47-4a5d-a03e-0142a39dcee7/sm/snapshot.1_46
2020-12-24 03:52:27,493 [grpc-default-executor-1] INFO  server.GrpcLogAppender (GrpcLogAppender.java:onCompleted(343)) - 9439cf50-f8ac-47a3-be84-c5264c2c00f7@group-0142A39DCEE7->b22c4f2c-1caa-4579-b370-0e993976351f-AppendLogResponseHandler: follower responses appendEntries COMPLETED
2020-12-24 03:52:27,493 [grpc-default-executor-1] INFO  leader.FollowerInfo (FollowerInfoImpl.java:lambda$new$0(46)) - 9439cf50-f8ac-47a3-be84-c5264c2c00f7@group-0142A39DCEE7->b22c4f2c-1caa-4579-b370-0e993976351f: nextIndex: updateUnconditionally 47 -> 46
2020-12-24 03:52:27,494 [Command processor thread] INFO  keyvalue.KeyValueContainer (KeyValueContainer.java:flushAndSyncDB(388)) - Container 3 is synced with bcsId 44.
2020-12-24 03:52:27,494 [Command processor thread] INFO  keyvalue.KeyValueContainer (KeyValueContainer.java:flushAndSyncDB(388)) - Container 3 is synced with bcsId 44.
2020-12-24 03:52:27,494 [9439cf50-f8ac-47a3-be84-c5264c2c00f7@group-0142A39DCEE7-StateMachineUpdater] INFO  ratis.ContainerStateMachine (ContainerStateMachine.java:takeSnapshot(302)) - group-0142A39DCEE7: Finished taking a snapshot at:(t:1, i:46) file:/github/workspace/mnt/ozone/hadoop-ozone/integration-test/target/test-dir/MiniOzoneClusterImpl-9e14565b-f938-48ad-b0e9-52a6969cb554/datanode-2/data/ratis/d214c819-bc47-4a5d-a03e-0142a39dcee7/sm/snapshot.1_46 time:3
2020-12-24 03:52:27,495 [9439cf50-f8ac-47a3-be84-c5264c2c00f7@group-0142A39DCEE7-StateMachineUpdater] INFO  impl.StateMachineUpdater (StateMachineUpdater.java:takeSnapshot(279)) - 9439cf50-f8ac-47a3-be84-c5264c2c00f7@group-0142A39DCEE7-StateMachineUpdater: Took a snapshot at index 46
2020-12-24 03:52:27,495 [9439cf50-f8ac-47a3-be84-c5264c2c00f7@group-0142A39DCEE7-StateMachineUpdater] INFO  impl.StateMachineUpdater (StateMachineUpdater.java:lambda$new$0(88)) - 9439cf50-f8ac-47a3-be84-c5264c2c00f7@group-0142A39DCEE7-StateMachineUpdater: snapshotIndex: updateIncreasingly -1 -> 46
2020-12-24 03:52:27,495 [9439cf50-f8ac-47a3-be84-c5264c2c00f7@group-0142A39DCEE7-StateMachineUpdater] INFO  metrics.RatisMetrics (RatisMetrics.java:unregister(43)) - Unregistering Metrics Registry : ratis.state_machine.9439cf50-f8ac-47a3-be84-c5264c2c00f7@group-0142A39DCEE7
2020-12-24 03:52:27,495 [EventQueue-IncrementalContainerReportForIncrementalContainerReportHandler] INFO  container.IncrementalContainerReportHandler (AbstractContainerReportHandler.java:updateContainerState(208)) - Moving container #1 to QUASI_CLOSED state, datanode b22c4f2c-1caa-4579-b370-0e993976351f{ip: 172.17.0.2, host: 822d467d5ade, networkLocation: /default-rack, certSerialId: null, persistedOpState: ENTERING_MAINTENANCE, persistedOpStateExpiryEpochSec: 0} reported QUASI_CLOSED replica.
2020-12-24 03:52:27,497 [Command processor thread] INFO  keyvalue.KeyValueContainer (KeyValueContainer.java:flushAndSyncDB(388)) - Container 3 is synced with bcsId 44.
2020-12-24 03:52:27,497 [Command processor thread] INFO  keyvalue.KeyValueContainer (KeyValueContainer.java:flushAndSyncDB(388)) - Container 3 is synced with bcsId 44.
2020-12-24 03:52:27,498 [Command processor thread] INFO  server.RaftServer$Division (ServerState.java:close(406)) - 9439cf50-f8ac-47a3-be84-c5264c2c00f7@group-0142A39DCEE7: closes. applyIndex: 46
2020-12-24 03:52:27,499 [9439cf50-f8ac-47a3-be84-c5264c2c00f7@group-0142A39DCEE7-SegmentedRaftLogWorker] INFO  segmented.SegmentedRaftLogWorker (SegmentedRaftLogWorker.java:run(326)) - 9439cf50-f8ac-47a3-be84-c5264c2c00f7@group-0142A39DCEE7-SegmentedRaftLogWorker was interrupted, exiting. There are 0 tasks remaining in the queue.
2020-12-24 03:52:27,499 [EventQueue-ContainerReportForContainerReportHandler] INFO  container.ContainerReportHandler (AbstractContainerReportHandler.java:updateContainerState(208)) - Moving container #3 to QUASI_CLOSED state, datanode 8d530254-7283-4827-a046-112d022b0049{ip: 172.17.0.2, host: 822d467d5ade, networkLocation: /default-rack, certSerialId: null, persistedOpState: ENTERING_MAINTENANCE, persistedOpStateExpiryEpochSec: 0} reported QUASI_CLOSED replica.
2020-12-24 03:52:27,499 [Command processor thread] INFO  server.RaftServer$Division (RaftServerImpl.java:groupRemove(367)) - 8d530254-7283-4827-a046-112d022b0049@group-0142A39DCEE7: Succeed to remove RaftStorageDirectory Storage Directory /github/workspace/mnt/ozone/hadoop-ozone/integration-test/target/test-dir/MiniOzoneClusterImpl-9e14565b-f938-48ad-b0e9-52a6969cb554/datanode-1/data/ratis/d214c819-bc47-4a5d-a03e-0142a39dcee7
2020-12-24 03:52:27,500 [Command processor thread] INFO  commandhandler.ClosePipelineCommandHandler (ClosePipelineCommandHandler.java:handle(75)) - Close Pipeline PipelineID=d214c819-bc47-4a5d-a03e-0142a39dcee7 command on datanode 8d530254-7283-4827-a046-112d022b0049.
2020-12-24 03:52:27,500 [Command processor thread] INFO  server.RaftServer (RaftServerProxy.java:remove(104)) - 8d530254-7283-4827-a046-112d022b0049: remove    LEADER 8d530254-7283-4827-a046-112d022b0049@group-7E9166872394:t1, leader=8d530254-7283-4827-a046-112d022b0049, voted=8d530254-7283-4827-a046-112d022b0049, raftlog=8d530254-7283-4827-a046-112d022b0049@group-7E9166872394-SegmentedRaftLog:OPENED:c0,f0,i0, conf=0: [8d530254-7283-4827-a046-112d022b0049|rpc:172.17.0.2:39581|dataStream:], old=null RUNNING
2020-12-24 03:52:27,501 [Command processor thread] INFO  server.RaftServer$Division (RaftServerImpl.java:lambda$close$4(397)) - 8d530254-7283-4827-a046-112d022b0049@group-7E9166872394: shutdown
2020-12-24 03:52:27,501 [Command processor thread] INFO  util.JmxRegister (JmxRegister.java:unregister(73)) - Successfully un-registered JMX Bean with object name Ratis:service=RaftServer,group=group-7E9166872394,id=8d530254-7283-4827-a046-112d022b0049
2020-12-24 03:52:27,501 [Command processor thread] INFO  impl.RoleInfo (RoleInfo.java:shutdownLeaderState(91)) - 8d530254-7283-4827-a046-112d022b0049: shutdown 8d530254-7283-4827-a046-112d022b0049@group-7E9166872394-LeaderStateImpl
2020-12-24 03:52:27,500 [Command processor thread] INFO  server.RaftServer$Division (RaftServerImpl.java:groupRemove(367)) - b22c4f2c-1caa-4579-b370-0e993976351f@group-0142A39DCEE7: Succeed to remove RaftStorageDirectory Storage Directory /github/workspace/mnt/ozone/hadoop-ozone/integration-test/target/test-dir/MiniOzoneClusterImpl-9e14565b-f938-48ad-b0e9-52a6969cb554/datanode-0/data/ratis/d214c819-bc47-4a5d-a03e-0142a39dcee7
2020-12-24 03:52:27,501 [Command processor thread] INFO  commandhandler.ClosePipelineCommandHandler (ClosePipelineCommandHandler.java:handle(75)) - Close Pipeline PipelineID=d214c819-bc47-4a5d-a03e-0142a39dcee7 command on datanode b22c4f2c-1caa-4579-b370-0e993976351f.
2020-12-24 03:52:27,501 [Command processor thread] INFO  server.RaftServer (RaftServerProxy.java:remove(104)) - b22c4f2c-1caa-4579-b370-0e993976351f: remove    LEADER b22c4f2c-1caa-4579-b370-0e993976351f@group-39FD0216B09F:t1, leader=b22c4f2c-1caa-4579-b370-0e993976351f, voted=b22c4f2c-1caa-4579-b370-0e993976351f, raftlog=b22c4f2c-1caa-4579-b370-0e993976351f@group-39FD0216B09F-SegmentedRaftLog:OPENED:c0,f0,i0, conf=0: [b22c4f2c-1caa-4579-b370-0e993976351f|rpc:172.17.0.2:33975|dataStream:], old=null RUNNING
2020-12-24 03:52:27,501 [Command processor thread] INFO  server.RaftServer$Division (RaftServerImpl.java:lambda$close$4(397)) - b22c4f2c-1caa-4579-b370-0e993976351f@group-39FD0216B09F: shutdown
2020-12-24 03:52:27,501 [Command processor thread] INFO  util.JmxRegister (JmxRegister.java:unregister(73)) - Successfully un-registered JMX Bean with object name Ratis:service=RaftServer,group=group-39FD0216B09F,id=b22c4f2c-1caa-4579-b370-0e993976351f
2020-12-24 03:52:27,501 [Command processor thread] INFO  impl.RoleInfo (RoleInfo.java:shutdownLeaderState(91)) - b22c4f2c-1caa-4579-b370-0e993976351f: shutdown b22c4f2c-1caa-4579-b370-0e993976351f@group-39FD0216B09F-LeaderStateImpl
2020-12-24 03:52:27,501 [Command processor thread] INFO  impl.PendingRequests (PendingRequests.java:sendNotLeaderResponses(249)) - b22c4f2c-1caa-4579-b370-0e993976351f@group-39FD0216B09F-PendingRequests: sendNotLeaderResponses
2020-12-24 03:52:27,502 [Command processor thread] INFO  segmented.SegmentedRaftLogWorker (SegmentedRaftLogWorker.java:close(236)) - 9439cf50-f8ac-47a3-be84-c5264c2c00f7@group-0142A39DCEE7-SegmentedRaftLogWorker close()
2020-12-24 03:52:27,501 [Command processor thread] INFO  impl.PendingRequests (PendingRequests.java:sendNotLeaderResponses(249)) - 8d530254-7283-4827-a046-112d022b0049@group-7E9166872394-PendingRequests: sendNotLeaderResponses
2020-12-24 03:52:27,502 [Command processor thread] INFO  metrics.RatisMetrics (RatisMetrics.java:unregister(43)) - Unregistering Metrics Registry : ratis.log_worker.9439cf50-f8ac-47a3-be84-c5264c2c00f7@group-0142A39DCEE7
2020-12-24 03:52:27,502 [Command processor thread] INFO  metrics.RatisMetrics (RatisMetrics.java:unregister(43)) - Unregistering Metrics Registry : ratis.leader_election.9439cf50-f8ac-47a3-be84-c5264c2c00f7@group-0142A39DCEE7
2020-12-24 03:52:27,503 [Command processor thread] INFO  metrics.RatisMetrics (RatisMetrics.java:unregister(43)) - Unregistering Metrics Registry : ratis.server.9439cf50-f8ac-47a3-be84-c5264c2c00f7@group-0142A39DCEE7
2020-12-24 03:52:27,502 [Command processor thread] INFO  metrics.RatisMetrics (RatisMetrics.java:unregister(43)) - Unregistering Metrics Registry : ratis.log_appender.b22c4f2c-1caa-4579-b370-0e993976351f@group-39FD0216B09F
2020-12-24 03:52:27,505 [Command processor thread] INFO  metrics.RatisMetrics (RatisMetrics.java:unregister(43)) - Unregistering Metrics Registry : ratis.server.b22c4f2c-1caa-4579-b370-0e993976351f@group-39FD0216B09F
2020-12-24 03:52:27,502 [Command processor thread] INFO  metrics.RatisMetrics (RatisMetrics.java:unregister(43)) - Unregistering Metrics Registry : ratis.log_appender.8d530254-7283-4827-a046-112d022b0049@group-7E9166872394
2020-12-24 03:52:27,505 [Command processor thread] INFO  metrics.RatisMetrics (RatisMetrics.java:unregister(43)) - Unregistering Metrics Registry : ratis.server.8d530254-7283-4827-a046-112d022b0049@group-7E9166872394
2020-12-24 03:52:27,506 [Command processor thread] INFO  impl.StateMachineUpdater (StateMachineUpdater.java:stopAndJoin(148)) - 8d530254-7283-4827-a046-112d022b0049@group-7E9166872394-StateMachineUpdater: set stopIndex = 0
2020-12-24 03:52:27,506 [Command processor thread] INFO  impl.StateMachineUpdater (StateMachineUpdater.java:stopAndJoin(148)) - b22c4f2c-1caa-4579-b370-0e993976351f@group-39FD0216B09F-StateMachineUpdater: set stopIndex = 0
2020-12-24 03:52:27,506 [Command processor thread] INFO  keyvalue.KeyValueContainer (KeyValueContainer.java:flushAndSyncDB(388)) - Container 1 is synced with bcsId 40.
2020-12-24 03:52:27,506 [b22c4f2c-1caa-4579-b370-0e993976351f@group-39FD0216B09F-StateMachineUpdater] INFO  ratis.ContainerStateMachine (ContainerStateMachine.java:takeSnapshot(291)) - group-39FD0216B09F: Taking a snapshot at:(t:1, i:0) file /github/workspace/mnt/ozone/hadoop-ozone/integration-test/target/test-dir/MiniOzoneClusterImpl-9e14565b-f938-48ad-b0e9-52a6969cb554/datanode-0/data/ratis/8e121648-e2a5-46ef-b0c4-39fd0216b09f/sm/snapshot.1_0
2020-12-24 03:52:27,506 [8d530254-7283-4827-a046-112d022b0049@group-7E9166872394-StateMachineUpdater] INFO  ratis.ContainerStateMachine (ContainerStateMachine.java:takeSnapshot(291)) - group-7E9166872394: Taking a snapshot at:(t:1, i:0) file /github/workspace/mnt/ozone/hadoop-ozone/integration-test/target/test-dir/MiniOzoneClusterImpl-9e14565b-f938-48ad-b0e9-52a6969cb554/datanode-1/data/ratis/70d1ab10-9e37-41a5-b19c-7e9166872394/sm/snapshot.1_0
2020-12-24 03:52:27,509 [Command processor thread] INFO  keyvalue.KeyValueContainer (KeyValueContainer.java:flushAndSyncDB(388)) - Container 1 is synced with bcsId 40.
2020-12-24 03:52:27,510 [b22c4f2c-1caa-4579-b370-0e993976351f@group-39FD0216B09F-StateMachineUpdater] INFO  ratis.ContainerStateMachine (ContainerStateMachine.java:takeSnapshot(302)) - group-39FD0216B09F: Finished taking a snapshot at:(t:1, i:0) file:/github/workspace/mnt/ozone/hadoop-ozone/integration-test/target/test-dir/MiniOzoneClusterImpl-9e14565b-f938-48ad-b0e9-52a6969cb554/datanode-0/data/ratis/8e121648-e2a5-46ef-b0c4-39fd0216b09f/sm/snapshot.1_0 time:4
2020-12-24 03:52:27,510 [b22c4f2c-1caa-4579-b370-0e993976351f@group-39FD0216B09F-StateMachineUpdater] INFO  impl.StateMachineUpdater (StateMachineUpdater.java:takeSnapshot(279)) - b22c4f2c-1caa-4579-b370-0e993976351f@group-39FD0216B09F-StateMachineUpdater: Took a snapshot at index 0
2020-12-24 03:52:27,510 [b22c4f2c-1caa-4579-b370-0e993976351f@group-39FD0216B09F-StateMachineUpdater] INFO  impl.StateMachineUpdater (StateMachineUpdater.java:lambda$new$0(88)) - b22c4f2c-1caa-4579-b370-0e993976351f@group-39FD0216B09F-StateMachineUpdater: snapshotIndex: updateIncreasingly -1 -> 0
2020-12-24 03:52:27,510 [b22c4f2c-1caa-4579-b370-0e993976351f@group-39FD0216B09F-StateMachineUpdater] INFO  metrics.RatisMetrics (RatisMetrics.java:unregister(43)) - Unregistering Metrics Registry : ratis.state_machine.b22c4f2c-1caa-4579-b370-0e993976351f@group-39FD0216B09F
2020-12-24 03:52:27,510 [8d530254-7283-4827-a046-112d022b0049@group-7E9166872394-StateMachineUpdater] INFO  ratis.ContainerStateMachine (ContainerStateMachine.java:takeSnapshot(302)) - group-7E9166872394: Finished taking a snapshot at:(t:1, i:0) file:/github/workspace/mnt/ozone/hadoop-ozone/integration-test/target/test-dir/MiniOzoneClusterImpl-9e14565b-f938-48ad-b0e9-52a6969cb554/datanode-1/data/ratis/70d1ab10-9e37-41a5-b19c-7e9166872394/sm/snapshot.1_0 time:5
2020-12-24 03:52:27,511 [8d530254-7283-4827-a046-112d022b0049@group-7E9166872394-StateMachineUpdater] INFO  impl.StateMachineUpdater (StateMachineUpdater.java:takeSnapshot(279)) - 8d530254-7283-4827-a046-112d022b0049@group-7E9166872394-StateMachineUpdater: Took a snapshot at index 0
2020-12-24 03:52:27,511 [8d530254-7283-4827-a046-112d022b0049@group-7E9166872394-StateMachineUpdater] INFO  impl.StateMachineUpdater (StateMachineUpdater.java:lambda$new$0(88)) - 8d530254-7283-4827-a046-112d022b0049@group-7E9166872394-StateMachineUpdater: snapshotIndex: updateIncreasingly -1 -> 0
2020-12-24 03:52:27,511 [8d530254-7283-4827-a046-112d022b0049@group-7E9166872394-StateMachineUpdater] INFO  metrics.RatisMetrics (RatisMetrics.java:unregister(43)) - Unregistering Metrics Registry : ratis.state_machine.8d530254-7283-4827-a046-112d022b0049@group-7E9166872394
2020-12-24 03:52:27,511 [Command processor thread] INFO  server.RaftServer$Division (ServerState.java:close(406)) - 8d530254-7283-4827-a046-112d022b0049@group-7E9166872394: closes. applyIndex: 0
2020-12-24 03:52:27,511 [Command processor thread] INFO  server.RaftServer$Division (ServerState.java:close(406)) - b22c4f2c-1caa-4579-b370-0e993976351f@group-39FD0216B09F: closes. applyIndex: 0
2020-12-24 03:52:27,511 [8d530254-7283-4827-a046-112d022b0049@group-7E9166872394-SegmentedRaftLogWorker] INFO  segmented.SegmentedRaftLogWorker (SegmentedRaftLogWorker.java:run(326)) - 8d530254-7283-4827-a046-112d022b0049@group-7E9166872394-SegmentedRaftLogWorker was interrupted, exiting. There are 0 tasks remaining in the queue.
2020-12-24 03:52:27,511 [b22c4f2c-1caa-4579-b370-0e993976351f@group-39FD0216B09F-SegmentedRaftLogWorker] INFO  segmented.SegmentedRaftLogWorker (SegmentedRaftLogWorker.java:run(326)) - b22c4f2c-1caa-4579-b370-0e993976351f@group-39FD0216B09F-SegmentedRaftLogWorker was interrupted, exiting. There are 0 tasks remaining in the queue.
2020-12-24 03:52:27,511 [Command processor thread] INFO  segmented.SegmentedRaftLogWorker (SegmentedRaftLogWorker.java:close(236)) - 8d530254-7283-4827-a046-112d022b0049@group-7E9166872394-SegmentedRaftLogWorker close()
2020-12-24 03:52:27,511 [Command processor thread] INFO  segmented.SegmentedRaftLogWorker (SegmentedRaftLogWorker.java:close(236)) - b22c4f2c-1caa-4579-b370-0e993976351f@group-39FD0216B09F-SegmentedRaftLogWorker close()
2020-12-24 03:52:27,519 [Command processor thread] INFO  metrics.RatisMetrics (RatisMetrics.java:unregister(43)) - Unregistering Metrics Registry : ratis.log_worker.8d530254-7283-4827-a046-112d022b0049@group-7E9166872394
2020-12-24 03:52:27,519 [Command processor thread] INFO  metrics.RatisMetrics (RatisMetrics.java:unregister(43)) - Unregistering Metrics Registry : ratis.leader_election.8d530254-7283-4827-a046-112d022b0049@group-7E9166872394
2020-12-24 03:52:27,519 [Command processor thread] INFO  metrics.RatisMetrics (RatisMetrics.java:unregister(43)) - Unregistering Metrics Registry : ratis.server.8d530254-7283-4827-a046-112d022b0049@group-7E9166872394
2020-12-24 03:52:27,519 [Command processor thread] INFO  metrics.RatisMetrics (RatisMetrics.java:unregister(43)) - Unregistering Metrics Registry : ratis.log_worker.b22c4f2c-1caa-4579-b370-0e993976351f@group-39FD0216B09F
2020-12-24 03:52:27,520 [Command processor thread] INFO  metrics.RatisMetrics (RatisMetrics.java:unregister(43)) - Unregistering Metrics Registry : ratis.leader_election.b22c4f2c-1caa-4579-b370-0e993976351f@group-39FD0216B09F
2020-12-24 03:52:27,520 [Command processor thread] INFO  metrics.RatisMetrics (RatisMetrics.java:unregister(43)) - Unregistering Metrics Registry : ratis.server.b22c4f2c-1caa-4579-b370-0e993976351f@group-39FD0216B09F
2020-12-24 03:52:27,520 [Command processor thread] INFO  server.RaftServer$Division (RaftServerImpl.java:groupRemove(367)) - 8d530254-7283-4827-a046-112d022b0049@group-7E9166872394: Succeed to remove RaftStorageDirectory Storage Directory /github/workspace/mnt/ozone/hadoop-ozone/integration-test/target/test-dir/MiniOzoneClusterImpl-9e14565b-f938-48ad-b0e9-52a6969cb554/datanode-1/data/ratis/70d1ab10-9e37-41a5-b19c-7e9166872394
2020-12-24 03:52:27,520 [Command processor thread] INFO  commandhandler.ClosePipelineCommandHandler (ClosePipelineCommandHandler.java:handle(75)) - Close Pipeline PipelineID=70d1ab10-9e37-41a5-b19c-7e9166872394 command on datanode 8d530254-7283-4827-a046-112d022b0049.
2020-12-24 03:52:27,520 [Command processor thread] INFO  server.RaftServer$Division (RaftServerImpl.java:groupRemove(367)) - b22c4f2c-1caa-4579-b370-0e993976351f@group-39FD0216B09F: Succeed to remove RaftStorageDirectory Storage Directory /github/workspace/mnt/ozone/hadoop-ozone/integration-test/target/test-dir/MiniOzoneClusterImpl-9e14565b-f938-48ad-b0e9-52a6969cb554/datanode-0/data/ratis/8e121648-e2a5-46ef-b0c4-39fd0216b09f
2020-12-24 03:52:27,520 [Command processor thread] INFO  commandhandler.ClosePipelineCommandHandler (ClosePipelineCommandHandler.java:handle(75)) - Close Pipeline PipelineID=8e121648-e2a5-46ef-b0c4-39fd0216b09f command on datanode b22c4f2c-1caa-4579-b370-0e993976351f.
2020-12-24 03:52:27,521 [Command processor thread] WARN  server.RaftServer (RaftServerProxy.java:remove(99)) - 8d530254-7283-4827-a046-112d022b0049: does not contain group: group-0142A39DCEE7
2020-12-24 03:52:27,521 [Command processor thread] ERROR commandhandler.ClosePipelineCommandHandler (ClosePipelineCommandHandler.java:handle(78)) - Can't close pipeline PipelineID=d214c819-bc47-4a5d-a03e-0142a39dcee7
java.io.IOException: 8d530254-7283-4827-a046-112d022b0049: Group group-0142A39DCEE7 not found.
	at org.apache.hadoop.ozone.container.common.transport.server.ratis.XceiverServerRatis.removeGroup(XceiverServerRatis.java:782)
	at org.apache.hadoop.ozone.container.common.statemachine.commandhandler.ClosePipelineCommandHandler.handle(ClosePipelineCommandHandler.java:74)
	at org.apache.hadoop.ozone.container.common.statemachine.commandhandler.CommandDispatcher.handle(CommandDispatcher.java:99)
	at org.apache.hadoop.ozone.container.common.statemachine.DatanodeStateMachine.lambda$initCommandHandlerThread$2(DatanodeStateMachine.java:498)
	at java.lang.Thread.run(Thread.java:748)
Caused by: org.apache.ratis.protocol.exceptions.GroupMismatchException: 8d530254-7283-4827-a046-112d022b0049: Group group-0142A39DCEE7 not found.
	at org.apache.ratis.server.impl.RaftServerProxy.groupRemoveAsync(RaftServerProxy.java:494)
	at org.apache.ratis.server.impl.RaftServerProxy.groupManagementAsync(RaftServerProxy.java:450)
	at org.apache.ratis.server.impl.RaftServerProxy.groupManagement(RaftServerProxy.java:430)
	at org.apache.hadoop.ozone.container.common.transport.server.ratis.XceiverServerRatis.removeGroup(XceiverServerRatis.java:780)
	... 4 more
2020-12-24 03:52:27,521 [Command processor thread] WARN  server.RaftServer (RaftServerProxy.java:remove(99)) - 8d530254-7283-4827-a046-112d022b0049: does not contain group: group-7E9166872394
2020-12-24 03:52:27,521 [Command processor thread] ERROR commandhandler.ClosePipelineCommandHandler (ClosePipelineCommandHandler.java:handle(78)) - Can't close pipeline PipelineID=70d1ab10-9e37-41a5-b19c-7e9166872394
java.io.IOException: 8d530254-7283-4827-a046-112d022b0049: Group group-7E9166872394 not found.
	at org.apache.hadoop.ozone.container.common.transport.server.ratis.XceiverServerRatis.removeGroup(XceiverServerRatis.java:782)
	at org.apache.hadoop.ozone.container.common.statemachine.commandhandler.ClosePipelineCommandHandler.handle(ClosePipelineCommandHandler.java:74)
	at org.apache.hadoop.ozone.container.common.statemachine.commandhandler.CommandDispatcher.handle(CommandDispatcher.java:99)
	at org.apache.hadoop.ozone.container.common.statemachine.DatanodeStateMachine.lambda$initCommandHandlerThread$2(DatanodeStateMachine.java:498)
	at java.lang.Thread.run(Thread.java:748)
Caused by: org.apache.ratis.protocol.exceptions.GroupMismatchException: 8d530254-7283-4827-a046-112d022b0049: Group group-7E9166872394 not found.
	at org.apache.ratis.server.impl.RaftServerProxy.groupRemoveAsync(RaftServerProxy.java:494)
	at org.apache.ratis.server.impl.RaftServerProxy.groupManagementAsync(RaftServerProxy.java:450)
	at org.apache.ratis.server.impl.RaftServerProxy.groupManagement(RaftServerProxy.java:430)
	at org.apache.hadoop.ozone.container.common.transport.server.ratis.XceiverServerRatis.removeGroup(XceiverServerRatis.java:780)
	... 4 more
2020-12-24 03:52:27,521 [Command processor thread] WARN  server.RaftServer (RaftServerProxy.java:remove(99)) - 8d530254-7283-4827-a046-112d022b0049: does not contain group: group-0142A39DCEE7
2020-12-24 03:52:27,521 [Command processor thread] ERROR commandhandler.ClosePipelineCommandHandler (ClosePipelineCommandHandler.java:handle(78)) - Can't close pipeline PipelineID=d214c819-bc47-4a5d-a03e-0142a39dcee7
java.io.IOException: 8d530254-7283-4827-a046-112d022b0049: Group group-0142A39DCEE7 not found.
	at org.apache.hadoop.ozone.container.common.transport.server.ratis.XceiverServerRatis.removeGroup(XceiverServerRatis.java:782)
	at org.apache.hadoop.ozone.container.common.statemachine.commandhandler.ClosePipelineCommandHandler.handle(ClosePipelineCommandHandler.java:74)
	at org.apache.hadoop.ozone.container.common.statemachine.commandhandler.CommandDispatcher.handle(CommandDispatcher.java:99)
	at org.apache.hadoop.ozone.container.common.statemachine.DatanodeStateMachine.lambda$initCommandHandlerThread$2(DatanodeStateMachine.java:498)
	at java.lang.Thread.run(Thread.java:748)
Caused by: org.apache.ratis.protocol.exceptions.GroupMismatchException: 8d530254-7283-4827-a046-112d022b0049: Group group-0142A39DCEE7 not found.
	at org.apache.ratis.server.impl.RaftServerProxy.groupRemoveAsync(RaftServerProxy.java:494)
	at org.apache.ratis.server.impl.RaftServerProxy.groupManagementAsync(RaftServerProxy.java:450)
	at org.apache.ratis.server.impl.RaftServerProxy.groupManagement(RaftServerProxy.java:430)
	at org.apache.hadoop.ozone.container.common.transport.server.ratis.XceiverServerRatis.removeGroup(XceiverServerRatis.java:780)
	... 4 more
2020-12-24 03:52:27,521 [Command processor thread] WARN  server.RaftServer (RaftServerProxy.java:remove(99)) - 8d530254-7283-4827-a046-112d022b0049: does not contain group: group-7E9166872394
2020-12-24 03:52:27,521 [Command processor thread] ERROR commandhandler.ClosePipelineCommandHandler (ClosePipelineCommandHandler.java:handle(78)) - Can't close pipeline PipelineID=70d1ab10-9e37-41a5-b19c-7e9166872394
java.io.IOException: 8d530254-7283-4827-a046-112d022b0049: Group group-7E9166872394 not found.
	at org.apache.hadoop.ozone.container.common.transport.server.ratis.XceiverServerRatis.removeGroup(XceiverServerRatis.java:782)
	at org.apache.hadoop.ozone.container.common.statemachine.commandhandler.ClosePipelineCommandHandler.handle(ClosePipelineCommandHandler.java:74)
	at org.apache.hadoop.ozone.container.common.statemachine.commandhandler.CommandDispatcher.handle(CommandDispatcher.java:99)
	at org.apache.hadoop.ozone.container.common.statemachine.DatanodeStateMachine.lambda$initCommandHandlerThread$2(DatanodeStateMachine.java:498)
	at java.lang.Thread.run(Thread.java:748)
Caused by: org.apache.ratis.protocol.exceptions.GroupMismatchException: 8d530254-7283-4827-a046-112d022b0049: Group group-7E9166872394 not found.
	at org.apache.ratis.server.impl.RaftServerProxy.groupRemoveAsync(RaftServerProxy.java:494)
	at org.apache.ratis.server.impl.RaftServerProxy.groupManagementAsync(RaftServerProxy.java:450)
	at org.apache.ratis.server.impl.RaftServerProxy.groupManagement(RaftServerProxy.java:430)
	at org.apache.hadoop.ozone.container.common.transport.server.ratis.XceiverServerRatis.removeGroup(XceiverServerRatis.java:780)
	... 4 more
2020-12-24 03:52:27,521 [Command processor thread] WARN  server.RaftServer (RaftServerProxy.java:remove(99)) - b22c4f2c-1caa-4579-b370-0e993976351f: does not contain group: group-39FD0216B09F
2020-12-24 03:52:27,522 [Command processor thread] WARN  server.RaftServer (RaftServerProxy.java:remove(99)) - 8d530254-7283-4827-a046-112d022b0049: does not contain group: group-0142A39DCEE7
2020-12-24 03:52:27,522 [Command processor thread] ERROR commandhandler.ClosePipelineCommandHandler (ClosePipelineCommandHandler.java:handle(78)) - Can't close pipeline PipelineID=d214c819-bc47-4a5d-a03e-0142a39dcee7
java.io.IOException: 8d530254-7283-4827-a046-112d022b0049: Group group-0142A39DCEE7 not found.
	at org.apache.hadoop.ozone.container.common.transport.server.ratis.XceiverServerRatis.removeGroup(XceiverServerRatis.java:782)
	at org.apache.hadoop.ozone.container.common.statemachine.commandhandler.ClosePipelineCommandHandler.handle(ClosePipelineCommandHandler.java:74)
	at org.apache.hadoop.ozone.container.common.statemachine.commandhandler.CommandDispatcher.handle(CommandDispatcher.java:99)
	at org.apache.hadoop.ozone.container.common.statemachine.DatanodeStateMachine.lambda$initCommandHandlerThread$2(DatanodeStateMachine.java:498)
	at java.lang.Thread.run(Thread.java:748)
Caused by: org.apache.ratis.protocol.exceptions.GroupMismatchException: 8d530254-7283-4827-a046-112d022b0049: Group group-0142A39DCEE7 not found.
	at org.apache.ratis.server.impl.RaftServerProxy.groupRemoveAsync(RaftServerProxy.java:494)
	at org.apache.ratis.server.impl.RaftServerProxy.groupManagementAsync(RaftServerProxy.java:450)
	at org.apache.ratis.server.impl.RaftServerProxy.groupManagement(RaftServerProxy.java:430)
	at org.apache.hadoop.ozone.container.common.transport.server.ratis.XceiverServerRatis.removeGroup(XceiverServerRatis.java:780)
	... 4 more
2020-12-24 03:52:27,524 [Command processor thread] WARN  server.RaftServer (RaftServerProxy.java:remove(99)) - 8d530254-7283-4827-a046-112d022b0049: does not contain group: group-7E9166872394
2020-12-24 03:52:27,525 [Command processor thread] ERROR commandhandler.ClosePipelineCommandHandler (ClosePipelineCommandHandler.java:handle(78)) - Can't close pipeline PipelineID=70d1ab10-9e37-41a5-b19c-7e9166872394
java.io.IOException: 8d530254-7283-4827-a046-112d022b0049: Group group-7E9166872394 not found.
	at org.apache.hadoop.ozone.container.common.transport.server.ratis.XceiverServerRatis.removeGroup(XceiverServerRatis.java:782)
	at org.apache.hadoop.ozone.container.common.statemachine.commandhandler.ClosePipelineCommandHandler.handle(ClosePipelineCommandHandler.java:74)
	at org.apache.hadoop.ozone.container.common.statemachine.commandhandler.CommandDispatcher.handle(CommandDispatcher.java:99)
	at org.apache.hadoop.ozone.container.common.statemachine.DatanodeStateMachine.lambda$initCommandHandlerThread$2(DatanodeStateMachine.java:498)
	at java.lang.Thread.run(Thread.java:748)
Caused by: org.apache.ratis.protocol.exceptions.GroupMismatchException: 8d530254-7283-4827-a046-112d022b0049: Group group-7E9166872394 not found.
	at org.apache.ratis.server.impl.RaftServerProxy.groupRemoveAsync(RaftServerProxy.java:494)
	at org.apache.ratis.server.impl.RaftServerProxy.groupManagementAsync(RaftServerProxy.java:450)
	at org.apache.ratis.server.impl.RaftServerProxy.groupManagement(RaftServerProxy.java:430)
	at org.apache.hadoop.ozone.container.common.transport.server.ratis.XceiverServerRatis.removeGroup(XceiverServerRatis.java:780)
	... 4 more
2020-12-24 03:52:27,525 [Command processor thread] WARN  server.RaftServer (RaftServerProxy.java:remove(99)) - 8d530254-7283-4827-a046-112d022b0049: does not contain group: group-0142A39DCEE7
2020-12-24 03:52:27,525 [Command processor thread] ERROR commandhandler.ClosePipelineCommandHandler (ClosePipelineCommandHandler.java:handle(78)) - Can't close pipeline PipelineID=d214c819-bc47-4a5d-a03e-0142a39dcee7
java.io.IOException: 8d530254-7283-4827-a046-112d022b0049: Group group-0142A39DCEE7 not found.
	at org.apache.hadoop.ozone.container.common.transport.server.ratis.XceiverServerRatis.removeGroup(XceiverServerRatis.java:782)
	at org.apache.hadoop.ozone.container.common.statemachine.commandhandler.ClosePipelineCommandHandler.handle(ClosePipelineCommandHandler.java:74)
	at org.apache.hadoop.ozone.container.common.statemachine.commandhandler.CommandDispatcher.handle(CommandDispatcher.java:99)
	at org.apache.hadoop.ozone.container.common.statemachine.DatanodeStateMachine.lambda$initCommandHandlerThread$2(DatanodeStateMachine.java:498)
	at java.lang.Thread.run(Thread.java:748)
Caused by: org.apache.ratis.protocol.exceptions.GroupMismatchException: 8d530254-7283-4827-a046-112d022b0049: Group group-0142A39DCEE7 not found.
	at org.apache.ratis.server.impl.RaftServerProxy.groupRemoveAsync(RaftServerProxy.java:494)
	at org.apache.ratis.server.impl.RaftServerProxy.groupManagementAsync(RaftServerProxy.java:450)
	at org.apache.ratis.server.impl.RaftServerProxy.groupManagement(RaftServerProxy.java:430)
	at org.apache.hadoop.ozone.container.common.transport.server.ratis.XceiverServerRatis.removeGroup(XceiverServerRatis.java:780)
	... 4 more
2020-12-24 03:52:27,525 [Command processor thread] WARN  server.RaftServer (RaftServerProxy.java:remove(99)) - 8d530254-7283-4827-a046-112d022b0049: does not contain group: group-7E9166872394
2020-12-24 03:52:27,525 [Command processor thread] ERROR commandhandler.ClosePipelineCommandHandler (ClosePipelineCommandHandler.java:handle(78)) - Can't close pipeline PipelineID=70d1ab10-9e37-41a5-b19c-7e9166872394
java.io.IOException: 8d530254-7283-4827-a046-112d022b0049: Group group-7E9166872394 not found.
	at org.apache.hadoop.ozone.container.common.transport.server.ratis.XceiverServerRatis.removeGroup(XceiverServerRatis.java:782)
	at org.apache.hadoop.ozone.container.common.statemachine.commandhandler.ClosePipelineCommandHandler.handle(ClosePipelineCommandHandler.java:74)
	at org.apache.hadoop.ozone.container.common.statemachine.commandhandler.CommandDispatcher.handle(CommandDispatcher.java:99)
	at org.apache.hadoop.ozone.container.common.statemachine.DatanodeStateMachine.lambda$initCommandHandlerThread$2(DatanodeStateMachine.java:498)
	at java.lang.Thread.run(Thread.java:748)
Caused by: org.apache.ratis.protocol.exceptions.GroupMismatchException: 8d530254-7283-4827-a046-112d022b0049: Group group-7E9166872394 not found.
	at org.apache.ratis.server.impl.RaftServerProxy.groupRemoveAsync(RaftServerProxy.java:494)
	at org.apache.ratis.server.impl.RaftServerProxy.groupManagementAsync(RaftServerProxy.java:450)
	at org.apache.ratis.server.impl.RaftServerProxy.groupManagement(RaftServerProxy.java:430)
	at org.apache.hadoop.ozone.container.common.transport.server.ratis.XceiverServerRatis.removeGroup(XceiverServerRatis.java:780)
	... 4 more
2020-12-24 03:52:27,526 [Command processor thread] WARN  server.RaftServer (RaftServerProxy.java:remove(99)) - 8d530254-7283-4827-a046-112d022b0049: does not contain group: group-0142A39DCEE7
2020-12-24 03:52:27,526 [Command processor thread] ERROR commandhandler.ClosePipelineCommandHandler (ClosePipelineCommandHandler.java:handle(78)) - Can't close pipeline PipelineID=d214c819-bc47-4a5d-a03e-0142a39dcee7
java.io.IOException: 8d530254-7283-4827-a046-112d022b0049: Group group-0142A39DCEE7 not found.
	at org.apache.hadoop.ozone.container.common.transport.server.ratis.XceiverServerRatis.removeGroup(XceiverServerRatis.java:782)
	at org.apache.hadoop.ozone.container.common.statemachine.commandhandler.ClosePipelineCommandHandler.handle(ClosePipelineCommandHandler.java:74)
	at org.apache.hadoop.ozone.container.common.statemachine.commandhandler.CommandDispatcher.handle(CommandDispatcher.java:99)
	at org.apache.hadoop.ozone.container.common.statemachine.DatanodeStateMachine.lambda$initCommandHandlerThread$2(DatanodeStateMachine.java:498)
	at java.lang.Thread.run(Thread.java:748)
Caused by: org.apache.ratis.protocol.exceptions.GroupMismatchException: 8d530254-7283-4827-a046-112d022b0049: Group group-0142A39DCEE7 not found.
	at org.apache.ratis.server.impl.RaftServerProxy.groupRemoveAsync(RaftServerProxy.java:494)
	at org.apache.ratis.server.impl.RaftServerProxy.groupManagementAsync(RaftServerProxy.java:450)
	at org.apache.ratis.server.impl.RaftServerProxy.groupManagement(RaftServerProxy.java:430)
	at org.apache.hadoop.ozone.container.common.transport.server.ratis.XceiverServerRatis.removeGroup(XceiverServerRatis.java:780)
	... 4 more
2020-12-24 03:52:27,526 [Command processor thread] WARN  server.RaftServer (RaftServerProxy.java:remove(99)) - 8d530254-7283-4827-a046-112d022b0049: does not contain group: group-7E9166872394
2020-12-24 03:52:27,526 [Command processor thread] ERROR commandhandler.ClosePipelineCommandHandler (ClosePipelineCommandHandler.java:handle(78)) - Can't close pipeline PipelineID=70d1ab10-9e37-41a5-b19c-7e9166872394
java.io.IOException: 8d530254-7283-4827-a046-112d022b0049: Group group-7E9166872394 not found.
	at org.apache.hadoop.ozone.container.common.transport.server.ratis.XceiverServerRatis.removeGroup(XceiverServerRatis.java:782)
	at org.apache.hadoop.ozone.container.common.statemachine.commandhandler.ClosePipelineCommandHandler.handle(ClosePipelineCommandHandler.java:74)
	at org.apache.hadoop.ozone.container.common.statemachine.commandhandler.CommandDispatcher.handle(CommandDispatcher.java:99)
	at org.apache.hadoop.ozone.container.common.statemachine.DatanodeStateMachine.lambda$initCommandHandlerThread$2(DatanodeStateMachine.java:498)
	at java.lang.Thread.run(Thread.java:748)
Caused by: org.apache.ratis.protocol.exceptions.GroupMismatchException: 8d530254-7283-4827-a046-112d022b0049: Group group-7E9166872394 not found.
	at org.apache.ratis.server.impl.RaftServerProxy.groupRemoveAsync(RaftServerProxy.java:494)
	at org.apache.ratis.server.impl.RaftServerProxy.groupManagementAsync(RaftServerProxy.java:450)
	at org.apache.ratis.server.impl.RaftServerProxy.groupManagement(RaftServerProxy.java:430)
	at org.apache.hadoop.ozone.container.common.transport.server.ratis.XceiverServerRatis.removeGroup(XceiverServerRatis.java:780)
	... 4 more
2020-12-24 03:52:27,526 [Command processor thread] WARN  server.RaftServer (RaftServerProxy.java:remove(99)) - 8d530254-7283-4827-a046-112d022b0049: does not contain group: group-7E9166872394
2020-12-24 03:52:27,526 [Command processor thread] ERROR commandhandler.ClosePipelineCommandHandler (ClosePipelineCommandHandler.java:handle(78)) - Can't close pipeline PipelineID=70d1ab10-9e37-41a5-b19c-7e9166872394
java.io.IOException: 8d530254-7283-4827-a046-112d022b0049: Group group-7E9166872394 not found.
	at org.apache.hadoop.ozone.container.common.transport.server.ratis.XceiverServerRatis.removeGroup(XceiverServerRatis.java:782)
	at org.apache.hadoop.ozone.container.common.statemachine.commandhandler.ClosePipelineCommandHandler.handle(ClosePipelineCommandHandler.java:74)
	at org.apache.hadoop.ozone.container.common.statemachine.commandhandler.CommandDispatcher.handle(CommandDispatcher.java:99)
	at org.apache.hadoop.ozone.container.common.statemachine.DatanodeStateMachine.lambda$initCommandHandlerThread$2(DatanodeStateMachine.java:498)
	at java.lang.Thread.run(Thread.java:748)
Caused by: org.apache.ratis.protocol.exceptions.GroupMismatchException: 8d530254-7283-4827-a046-112d022b0049: Group group-7E9166872394 not found.
	at org.apache.ratis.server.impl.RaftServerProxy.groupRemoveAsync(RaftServerProxy.java:494)
	at org.apache.ratis.server.impl.RaftServerProxy.groupManagementAsync(RaftServerProxy.java:450)
	at org.apache.ratis.server.impl.RaftServerProxy.groupManagement(RaftServerProxy.java:430)
	at org.apache.hadoop.ozone.container.common.transport.server.ratis.XceiverServerRatis.removeGroup(XceiverServerRatis.java:780)
	... 4 more
2020-12-24 03:52:27,526 [Command processor thread] ERROR commandhandler.ClosePipelineCommandHandler (ClosePipelineCommandHandler.java:handle(78)) - Can't close pipeline PipelineID=8e121648-e2a5-46ef-b0c4-39fd0216b09f
java.io.IOException: b22c4f2c-1caa-4579-b370-0e993976351f: Group group-39FD0216B09F not found.
	at org.apache.hadoop.ozone.container.common.transport.server.ratis.XceiverServerRatis.removeGroup(XceiverServerRatis.java:782)
	at org.apache.hadoop.ozone.container.common.statemachine.commandhandler.ClosePipelineCommandHandler.handle(ClosePipelineCommandHandler.java:74)
	at org.apache.hadoop.ozone.container.common.statemachine.commandhandler.CommandDispatcher.handle(CommandDispatcher.java:99)
	at org.apache.hadoop.ozone.container.common.statemachine.DatanodeStateMachine.lambda$initCommandHandlerThread$2(DatanodeStateMachine.java:498)
	at java.lang.Thread.run(Thread.java:748)
Caused by: org.apache.ratis.protocol.exceptions.GroupMismatchException: b22c4f2c-1caa-4579-b370-0e993976351f: Group group-39FD0216B09F not found.
	at org.apache.ratis.server.impl.RaftServerProxy.groupRemoveAsync(RaftServerProxy.java:494)
	at org.apache.ratis.server.impl.RaftServerProxy.groupManagementAsync(RaftServerProxy.java:450)
	at org.apache.ratis.server.impl.RaftServerProxy.groupManagement(RaftServerProxy.java:430)
	at org.apache.hadoop.ozone.container.common.transport.server.ratis.XceiverServerRatis.removeGroup(XceiverServerRatis.java:780)
	... 4 more
2020-12-24 03:52:27,527 [Command processor thread] WARN  server.RaftServer (RaftServerProxy.java:remove(99)) - b22c4f2c-1caa-4579-b370-0e993976351f: does not contain group: group-0142A39DCEE7
2020-12-24 03:52:27,527 [Command processor thread] ERROR commandhandler.ClosePipelineCommandHandler (ClosePipelineCommandHandler.java:handle(78)) - Can't close pipeline PipelineID=d214c819-bc47-4a5d-a03e-0142a39dcee7
java.io.IOException: b22c4f2c-1caa-4579-b370-0e993976351f: Group group-0142A39DCEE7 not found.
	at org.apache.hadoop.ozone.container.common.transport.server.ratis.XceiverServerRatis.removeGroup(XceiverServerRatis.java:782)
	at org.apache.hadoop.ozone.container.common.statemachine.commandhandler.ClosePipelineCommandHandler.handle(ClosePipelineCommandHandler.java:74)
	at org.apache.hadoop.ozone.container.common.statemachine.commandhandler.CommandDispatcher.handle(CommandDispatcher.java:99)
	at org.apache.hadoop.ozone.container.common.statemachine.DatanodeStateMachine.lambda$initCommandHandlerThread$2(DatanodeStateMachine.java:498)
	at java.lang.Thread.run(Thread.java:748)
Caused by: org.apache.ratis.protocol.exceptions.GroupMismatchException: b22c4f2c-1caa-4579-b370-0e993976351f: Group group-0142A39DCEE7 not found.
	at org.apache.ratis.server.impl.RaftServerProxy.groupRemoveAsync(RaftServerProxy.java:494)
	at org.apache.ratis.server.impl.RaftServerProxy.groupManagementAsync(RaftServerProxy.java:450)
	at org.apache.ratis.server.impl.RaftServerProxy.groupManagement(RaftServerProxy.java:430)
	at org.apache.hadoop.ozone.container.common.transport.server.ratis.XceiverServerRatis.removeGroup(XceiverServerRatis.java:780)
	... 4 more
2020-12-24 03:52:27,527 [Command processor thread] WARN  server.RaftServer (RaftServerProxy.java:remove(99)) - b22c4f2c-1caa-4579-b370-0e993976351f: does not contain group: group-39FD0216B09F
2020-12-24 03:52:27,527 [Command processor thread] ERROR commandhandler.ClosePipelineCommandHandler (ClosePipelineCommandHandler.java:handle(78)) - Can't close pipeline PipelineID=8e121648-e2a5-46ef-b0c4-39fd0216b09f
java.io.IOException: b22c4f2c-1caa-4579-b370-0e993976351f: Group group-39FD0216B09F not found.
	at org.apache.hadoop.ozone.container.common.transport.server.ratis.XceiverServerRatis.removeGroup(XceiverServerRatis.java:782)
	at org.apache.hadoop.ozone.container.common.statemachine.commandhandler.ClosePipelineCommandHandler.handle(ClosePipelineCommandHandler.java:74)
	at org.apache.hadoop.ozone.container.common.statemachine.commandhandler.CommandDispatcher.handle(CommandDispatcher.java:99)
	at org.apache.hadoop.ozone.container.common.statemachine.DatanodeStateMachine.lambda$initCommandHandlerThread$2(DatanodeStateMachine.java:498)
	at java.lang.Thread.run(Thread.java:748)
Caused by: org.apache.ratis.protocol.exceptions.GroupMismatchException: b22c4f2c-1caa-4579-b370-0e993976351f: Group group-39FD0216B09F not found.
	at org.apache.ratis.server.impl.RaftServerProxy.groupRemoveAsync(RaftServerProxy.java:494)
	at org.apache.ratis.server.impl.RaftServerProxy.groupManagementAsync(RaftServerProxy.java:450)
	at org.apache.ratis.server.impl.RaftServerProxy.groupManagement(RaftServerProxy.java:430)
	at org.apache.hadoop.ozone.container.common.transport.server.ratis.XceiverServerRatis.removeGroup(XceiverServerRatis.java:780)
	... 4 more
2020-12-24 03:52:27,527 [Command processor thread] WARN  server.RaftServer (RaftServerProxy.java:remove(99)) - b22c4f2c-1caa-4579-b370-0e993976351f: does not contain group: group-0142A39DCEE7
2020-12-24 03:52:27,527 [Command processor thread] ERROR commandhandler.ClosePipelineCommandHandler (ClosePipelineCommandHandler.java:handle(78)) - Can't close pipeline PipelineID=d214c819-bc47-4a5d-a03e-0142a39dcee7
java.io.IOException: b22c4f2c-1caa-4579-b370-0e993976351f: Group group-0142A39DCEE7 not found.
	at org.apache.hadoop.ozone.container.common.transport.server.ratis.XceiverServerRatis.removeGroup(XceiverServerRatis.java:782)
	at org.apache.hadoop.ozone.container.common.statemachine.commandhandler.ClosePipelineCommandHandler.handle(ClosePipelineCommandHandler.java:74)
	at org.apache.hadoop.ozone.container.common.statemachine.commandhandler.CommandDispatcher.handle(CommandDispatcher.java:99)
	at org.apache.hadoop.ozone.container.common.statemachine.DatanodeStateMachine.lambda$initCommandHandlerThread$2(DatanodeStateMachine.java:498)
	at java.lang.Thread.run(Thread.java:748)
Caused by: org.apache.ratis.protocol.exceptions.GroupMismatchException: b22c4f2c-1caa-4579-b370-0e993976351f: Group group-0142A39DCEE7 not found.
	at org.apache.ratis.server.impl.RaftServerProxy.groupRemoveAsync(RaftServerProxy.java:494)
	at org.apache.ratis.server.impl.RaftServerProxy.groupManagementAsync(RaftServerProxy.java:450)
	at org.apache.ratis.server.impl.RaftServerProxy.groupManagement(RaftServerProxy.java:430)
	at org.apache.hadoop.ozone.container.common.transport.server.ratis.XceiverServerRatis.removeGroup(XceiverServerRatis.java:780)
	... 4 more
2020-12-24 03:52:27,528 [Command processor thread] WARN  server.RaftServer (RaftServerProxy.java:remove(99)) - b22c4f2c-1caa-4579-b370-0e993976351f: does not contain group: group-39FD0216B09F
2020-12-24 03:52:27,528 [Command processor thread] ERROR commandhandler.ClosePipelineCommandHandler (ClosePipelineCommandHandler.java:handle(78)) - Can't close pipeline PipelineID=8e121648-e2a5-46ef-b0c4-39fd0216b09f
java.io.IOException: b22c4f2c-1caa-4579-b370-0e993976351f: Group group-39FD0216B09F not found.
	at org.apache.hadoop.ozone.container.common.transport.server.ratis.XceiverServerRatis.removeGroup(XceiverServerRatis.java:782)
	at org.apache.hadoop.ozone.container.common.statemachine.commandhandler.ClosePipelineCommandHandler.handle(ClosePipelineCommandHandler.java:74)
	at org.apache.hadoop.ozone.container.common.statemachine.commandhandler.CommandDispatcher.handle(CommandDispatcher.java:99)
	at org.apache.hadoop.ozone.container.common.statemachine.DatanodeStateMachine.lambda$initCommandHandlerThread$2(DatanodeStateMachine.java:498)
	at java.lang.Thread.run(Thread.java:748)
Caused by: org.apache.ratis.protocol.exceptions.GroupMismatchException: b22c4f2c-1caa-4579-b370-0e993976351f: Group group-39FD0216B09F not found.
	at org.apache.ratis.server.impl.RaftServerProxy.groupRemoveAsync(RaftServerProxy.java:494)
	at org.apache.ratis.server.impl.RaftServerProxy.groupManagementAsync(RaftServerProxy.java:450)
	at org.apache.ratis.server.impl.RaftServerProxy.groupManagement(RaftServerProxy.java:430)
	at org.apache.hadoop.ozone.container.common.transport.server.ratis.XceiverServerRatis.removeGroup(XceiverServerRatis.java:780)
	... 4 more
2020-12-24 03:52:27,528 [Command processor thread] WARN  server.RaftServer (RaftServerProxy.java:remove(99)) - b22c4f2c-1caa-4579-b370-0e993976351f: does not contain group: group-0142A39DCEE7
2020-12-24 03:52:27,528 [Command processor thread] ERROR commandhandler.ClosePipelineCommandHandler (ClosePipelineCommandHandler.java:handle(78)) - Can't close pipeline PipelineID=d214c819-bc47-4a5d-a03e-0142a39dcee7
java.io.IOException: b22c4f2c-1caa-4579-b370-0e993976351f: Group group-0142A39DCEE7 not found.
	at org.apache.hadoop.ozone.container.common.transport.server.ratis.XceiverServerRatis.removeGroup(XceiverServerRatis.java:782)
	at org.apache.hadoop.ozone.container.common.statemachine.commandhandler.ClosePipelineCommandHandler.handle(ClosePipelineCommandHandler.java:74)
	at org.apache.hadoop.ozone.container.common.statemachine.commandhandler.CommandDispatcher.handle(CommandDispatcher.java:99)
	at org.apache.hadoop.ozone.container.common.statemachine.DatanodeStateMachine.lambda$initCommandHandlerThread$2(DatanodeStateMachine.java:498)
	at java.lang.Thread.run(Thread.java:748)
Caused by: org.apache.ratis.protocol.exceptions.GroupMismatchException: b22c4f2c-1caa-4579-b370-0e993976351f: Group group-0142A39DCEE7 not found.
	at org.apache.ratis.server.impl.RaftServerProxy.groupRemoveAsync(RaftServerProxy.java:494)
	at org.apache.ratis.server.impl.RaftServerProxy.groupManagementAsync(RaftServerProxy.java:450)
	at org.apache.ratis.server.impl.RaftServerProxy.groupManagement(RaftServerProxy.java:430)
	at org.apache.hadoop.ozone.container.common.transport.server.ratis.XceiverServerRatis.removeGroup(XceiverServerRatis.java:780)
	... 4 more
2020-12-24 03:52:27,528 [Command processor thread] WARN  server.RaftServer (RaftServerProxy.java:remove(99)) - b22c4f2c-1caa-4579-b370-0e993976351f: does not contain group: group-39FD0216B09F
2020-12-24 03:52:27,528 [Command processor thread] ERROR commandhandler.ClosePipelineCommandHandler (ClosePipelineCommandHandler.java:handle(78)) - Can't close pipeline PipelineID=8e121648-e2a5-46ef-b0c4-39fd0216b09f
java.io.IOException: b22c4f2c-1caa-4579-b370-0e993976351f: Group group-39FD0216B09F not found.
	at org.apache.hadoop.ozone.container.common.transport.server.ratis.XceiverServerRatis.removeGroup(XceiverServerRatis.java:782)
	at org.apache.hadoop.ozone.container.common.statemachine.commandhandler.ClosePipelineCommandHandler.handle(ClosePipelineCommandHandler.java:74)
	at org.apache.hadoop.ozone.container.common.statemachine.commandhandler.CommandDispatcher.handle(CommandDispatcher.java:99)
	at org.apache.hadoop.ozone.container.common.statemachine.DatanodeStateMachine.lambda$initCommandHandlerThread$2(DatanodeStateMachine.java:498)
	at java.lang.Thread.run(Thread.java:748)
Caused by: org.apache.ratis.protocol.exceptions.GroupMismatchException: b22c4f2c-1caa-4579-b370-0e993976351f: Group group-39FD0216B09F not found.
	at org.apache.ratis.server.impl.RaftServerProxy.groupRemoveAsync(RaftServerProxy.java:494)
	at org.apache.ratis.server.impl.RaftServerProxy.groupManagementAsync(RaftServerProxy.java:450)
	at org.apache.ratis.server.impl.RaftServerProxy.groupManagement(RaftServerProxy.java:430)
	at org.apache.hadoop.ozone.container.common.transport.server.ratis.XceiverServerRatis.removeGroup(XceiverServerRatis.java:780)
	... 4 more
2020-12-24 03:52:27,528 [Command processor thread] WARN  server.RaftServer (RaftServerProxy.java:remove(99)) - b22c4f2c-1caa-4579-b370-0e993976351f: does not contain group: group-0142A39DCEE7
2020-12-24 03:52:27,529 [Command processor thread] ERROR commandhandler.ClosePipelineCommandHandler (ClosePipelineCommandHandler.java:handle(78)) - Can't close pipeline PipelineID=d214c819-bc47-4a5d-a03e-0142a39dcee7
java.io.IOException: b22c4f2c-1caa-4579-b370-0e993976351f: Group group-0142A39DCEE7 not found.
	at org.apache.hadoop.ozone.container.common.transport.server.ratis.XceiverServerRatis.removeGroup(XceiverServerRatis.java:782)
	at org.apache.hadoop.ozone.container.common.statemachine.commandhandler.ClosePipelineCommandHandler.handle(ClosePipelineCommandHandler.java:74)
	at org.apache.hadoop.ozone.container.common.statemachine.commandhandler.CommandDispatcher.handle(CommandDispatcher.java:99)
	at org.apache.hadoop.ozone.container.common.statemachine.DatanodeStateMachine.lambda$initCommandHandlerThread$2(DatanodeStateMachine.java:498)
	at java.lang.Thread.run(Thread.java:748)
Caused by: org.apache.ratis.protocol.exceptions.GroupMismatchException: b22c4f2c-1caa-4579-b370-0e993976351f: Group group-0142A39DCEE7 not found.
	at org.apache.ratis.server.impl.RaftServerProxy.groupRemoveAsync(RaftServerProxy.java:494)
	at org.apache.ratis.server.impl.RaftServerProxy.groupManagementAsync(RaftServerProxy.java:450)
	at org.apache.ratis.server.impl.RaftServerProxy.groupManagement(RaftServerProxy.java:430)
	at org.apache.hadoop.ozone.container.common.transport.server.ratis.XceiverServerRatis.removeGroup(XceiverServerRatis.java:780)
	... 4 more
2020-12-24 03:52:27,529 [Command processor thread] WARN  server.RaftServer (RaftServerProxy.java:remove(99)) - b22c4f2c-1caa-4579-b370-0e993976351f: does not contain group: group-39FD0216B09F
2020-12-24 03:52:27,529 [Command processor thread] ERROR commandhandler.ClosePipelineCommandHandler (ClosePipelineCommandHandler.java:handle(78)) - Can't close pipeline PipelineID=8e121648-e2a5-46ef-b0c4-39fd0216b09f
java.io.IOException: b22c4f2c-1caa-4579-b370-0e993976351f: Group group-39FD0216B09F not found.
	at org.apache.hadoop.ozone.container.common.transport.server.ratis.XceiverServerRatis.removeGroup(XceiverServerRatis.java:782)
	at org.apache.hadoop.ozone.container.common.statemachine.commandhandler.ClosePipelineCommandHandler.handle(ClosePipelineCommandHandler.java:74)
	at org.apache.hadoop.ozone.container.common.statemachine.commandhandler.CommandDispatcher.handle(CommandDispatcher.java:99)
	at org.apache.hadoop.ozone.container.common.statemachine.DatanodeStateMachine.lambda$initCommandHandlerThread$2(DatanodeStateMachine.java:498)
	at java.lang.Thread.run(Thread.java:748)
Caused by: org.apache.ratis.protocol.exceptions.GroupMismatchException: b22c4f2c-1caa-4579-b370-0e993976351f: Group group-39FD0216B09F not found.
	at org.apache.ratis.server.impl.RaftServerProxy.groupRemoveAsync(RaftServerProxy.java:494)
	at org.apache.ratis.server.impl.RaftServerProxy.groupManagementAsync(RaftServerProxy.java:450)
	at org.apache.ratis.server.impl.RaftServerProxy.groupManagement(RaftServerProxy.java:430)
	at org.apache.hadoop.ozone.container.common.transport.server.ratis.XceiverServerRatis.removeGroup(XceiverServerRatis.java:780)
	... 4 more
2020-12-24 03:52:27,539 [Command processor thread] WARN  server.RaftServer (RaftServerProxy.java:remove(99)) - b22c4f2c-1caa-4579-b370-0e993976351f: does not contain group: group-0142A39DCEE7
2020-12-24 03:52:27,539 [Command processor thread] ERROR commandhandler.ClosePipelineCommandHandler (ClosePipelineCommandHandler.java:handle(78)) - Can't close pipeline PipelineID=d214c819-bc47-4a5d-a03e-0142a39dcee7
java.io.IOException: b22c4f2c-1caa-4579-b370-0e993976351f: Group group-0142A39DCEE7 not found.
	at org.apache.hadoop.ozone.container.common.transport.server.ratis.XceiverServerRatis.removeGroup(XceiverServerRatis.java:782)
	at org.apache.hadoop.ozone.container.common.statemachine.commandhandler.ClosePipelineCommandHandler.handle(ClosePipelineCommandHandler.java:74)
	at org.apache.hadoop.ozone.container.common.statemachine.commandhandler.CommandDispatcher.handle(CommandDispatcher.java:99)
	at org.apache.hadoop.ozone.container.common.statemachine.DatanodeStateMachine.lambda$initCommandHandlerThread$2(DatanodeStateMachine.java:498)
	at java.lang.Thread.run(Thread.java:748)
Caused by: org.apache.ratis.protocol.exceptions.GroupMismatchException: b22c4f2c-1caa-4579-b370-0e993976351f: Group group-0142A39DCEE7 not found.
	at org.apache.ratis.server.impl.RaftServerProxy.groupRemoveAsync(RaftServerProxy.java:494)
	at org.apache.ratis.server.impl.RaftServerProxy.groupManagementAsync(RaftServerProxy.java:450)
	at org.apache.ratis.server.impl.RaftServerProxy.groupManagement(RaftServerProxy.java:430)
	at org.apache.hadoop.ozone.container.common.transport.server.ratis.XceiverServerRatis.removeGroup(XceiverServerRatis.java:780)
	... 4 more
2020-12-24 03:52:27,539 [Command processor thread] WARN  server.RaftServer (RaftServerProxy.java:remove(99)) - b22c4f2c-1caa-4579-b370-0e993976351f: does not contain group: group-39FD0216B09F
2020-12-24 03:52:27,539 [Command processor thread] ERROR commandhandler.ClosePipelineCommandHandler (ClosePipelineCommandHandler.java:handle(78)) - Can't close pipeline PipelineID=8e121648-e2a5-46ef-b0c4-39fd0216b09f
java.io.IOException: b22c4f2c-1caa-4579-b370-0e993976351f: Group group-39FD0216B09F not found.
	at org.apache.hadoop.ozone.container.common.transport.server.ratis.XceiverServerRatis.removeGroup(XceiverServerRatis.java:782)
	at org.apache.hadoop.ozone.container.common.statemachine.commandhandler.ClosePipelineCommandHandler.handle(ClosePipelineCommandHandler.java:74)
	at org.apache.hadoop.ozone.container.common.statemachine.commandhandler.CommandDispatcher.handle(CommandDispatcher.java:99)
	at org.apache.hadoop.ozone.container.common.statemachine.DatanodeStateMachine.lambda$initCommandHandlerThread$2(DatanodeStateMachine.java:498)
	at java.lang.Thread.run(Thread.java:748)
Caused by: org.apache.ratis.protocol.exceptions.GroupMismatchException: b22c4f2c-1caa-4579-b370-0e993976351f: Group group-39FD0216B09F not found.
	at org.apache.ratis.server.impl.RaftServerProxy.groupRemoveAsync(RaftServerProxy.java:494)
	at org.apache.ratis.server.impl.RaftServerProxy.groupManagementAsync(RaftServerProxy.java:450)
	at org.apache.ratis.server.impl.RaftServerProxy.groupManagement(RaftServerProxy.java:430)
	at org.apache.hadoop.ozone.container.common.transport.server.ratis.XceiverServerRatis.removeGroup(XceiverServerRatis.java:780)
	... 4 more
2020-12-24 03:52:27,539 [Command processor thread] WARN  server.RaftServer (RaftServerProxy.java:remove(99)) - b22c4f2c-1caa-4579-b370-0e993976351f: does not contain group: group-0142A39DCEE7
2020-12-24 03:52:27,539 [Command processor thread] ERROR commandhandler.ClosePipelineCommandHandler (ClosePipelineCommandHandler.java:handle(78)) - Can't close pipeline PipelineID=d214c819-bc47-4a5d-a03e-0142a39dcee7
java.io.IOException: b22c4f2c-1caa-4579-b370-0e993976351f: Group group-0142A39DCEE7 not found.
	at org.apache.hadoop.ozone.container.common.transport.server.ratis.XceiverServerRatis.removeGroup(XceiverServerRatis.java:782)
	at org.apache.hadoop.ozone.container.common.statemachine.commandhandler.ClosePipelineCommandHandler.handle(ClosePipelineCommandHandler.java:74)
	at org.apache.hadoop.ozone.container.common.statemachine.commandhandler.CommandDispatcher.handle(CommandDispatcher.java:99)
	at org.apache.hadoop.ozone.container.common.statemachine.DatanodeStateMachine.lambda$initCommandHandlerThread$2(DatanodeStateMachine.java:498)
	at java.lang.Thread.run(Thread.java:748)
Caused by: org.apache.ratis.protocol.exceptions.GroupMismatchException: b22c4f2c-1caa-4579-b370-0e993976351f: Group group-0142A39DCEE7 not found.
	at org.apache.ratis.server.impl.RaftServerProxy.groupRemoveAsync(RaftServerProxy.java:494)
	at org.apache.ratis.server.impl.RaftServerProxy.groupManagementAsync(RaftServerProxy.java:450)
	at org.apache.ratis.server.impl.RaftServerProxy.groupManagement(RaftServerProxy.java:430)
	at org.apache.hadoop.ozone.container.common.transport.server.ratis.XceiverServerRatis.removeGroup(XceiverServerRatis.java:780)
	... 4 more
2020-12-24 03:52:27,527 [Command processor thread] INFO  keyvalue.KeyValueContainer (KeyValueContainer.java:flushAndSyncDB(388)) - Container 3 is synced with bcsId 44.
2020-12-24 03:52:27,539 [Command processor thread] INFO  keyvalue.KeyValueContainer (KeyValueContainer.java:flushAndSyncDB(388)) - Container 3 is synced with bcsId 44.
2020-12-24 03:52:27,543 [Command processor thread] INFO  server.RaftServer$Division (RaftServerImpl.java:groupRemove(367)) - 9439cf50-f8ac-47a3-be84-c5264c2c00f7@group-0142A39DCEE7: Succeed to remove RaftStorageDirectory Storage Directory /github/workspace/mnt/ozone/hadoop-ozone/integration-test/target/test-dir/MiniOzoneClusterImpl-9e14565b-f938-48ad-b0e9-52a6969cb554/datanode-2/data/ratis/d214c819-bc47-4a5d-a03e-0142a39dcee7
2020-12-24 03:52:27,543 [Command processor thread] INFO  commandhandler.ClosePipelineCommandHandler (ClosePipelineCommandHandler.java:handle(75)) - Close Pipeline PipelineID=d214c819-bc47-4a5d-a03e-0142a39dcee7 command on datanode 9439cf50-f8ac-47a3-be84-c5264c2c00f7.
2020-12-24 03:52:27,544 [Command processor thread] WARN  server.RaftServer (RaftServerProxy.java:remove(99)) - 9439cf50-f8ac-47a3-be84-c5264c2c00f7: does not contain group: group-0142A39DCEE7
2020-12-24 03:52:27,544 [Command processor thread] ERROR commandhandler.ClosePipelineCommandHandler (ClosePipelineCommandHandler.java:handle(78)) - Can't close pipeline PipelineID=d214c819-bc47-4a5d-a03e-0142a39dcee7
java.io.IOException: 9439cf50-f8ac-47a3-be84-c5264c2c00f7: Group group-0142A39DCEE7 not found.
	at org.apache.hadoop.ozone.container.common.transport.server.ratis.XceiverServerRatis.removeGroup(XceiverServerRatis.java:782)
	at org.apache.hadoop.ozone.container.common.statemachine.commandhandler.ClosePipelineCommandHandler.handle(ClosePipelineCommandHandler.java:74)
	at org.apache.hadoop.ozone.container.common.statemachine.commandhandler.CommandDispatcher.handle(CommandDispatcher.java:99)
	at org.apache.hadoop.ozone.container.common.statemachine.DatanodeStateMachine.lambda$initCommandHandlerThread$2(DatanodeStateMachine.java:498)
	at java.lang.Thread.run(Thread.java:748)
Caused by: org.apache.ratis.protocol.exceptions.GroupMismatchException: 9439cf50-f8ac-47a3-be84-c5264c2c00f7: Group group-0142A39DCEE7 not found.
	at org.apache.ratis.server.impl.RaftServerProxy.groupRemoveAsync(RaftServerProxy.java:494)
	at org.apache.ratis.server.impl.RaftServerProxy.groupManagementAsync(RaftServerProxy.java:450)
	at org.apache.ratis.server.impl.RaftServerProxy.groupManagement(RaftServerProxy.java:430)
	at org.apache.hadoop.ozone.container.common.transport.server.ratis.XceiverServerRatis.removeGroup(XceiverServerRatis.java:780)
	... 4 more
2020-12-24 03:52:27,544 [Command processor thread] WARN  server.RaftServer (RaftServerProxy.java:remove(99)) - 9439cf50-f8ac-47a3-be84-c5264c2c00f7: does not contain group: group-C31F1BE08C0B
2020-12-24 03:52:27,544 [Command processor thread] ERROR commandhandler.ClosePipelineCommandHandler (ClosePipelineCommandHandler.java:handle(78)) - Can't close pipeline PipelineID=6e0c99c5-0bcb-4a7e-93c9-c31f1be08c0b
java.io.IOException: 9439cf50-f8ac-47a3-be84-c5264c2c00f7: Group group-C31F1BE08C0B not found.
	at org.apache.hadoop.ozone.container.common.transport.server.ratis.XceiverServerRatis.removeGroup(XceiverServerRatis.java:782)
	at org.apache.hadoop.ozone.container.common.statemachine.commandhandler.ClosePipelineCommandHandler.handle(ClosePipelineCommandHandler.java:74)
	at org.apache.hadoop.ozone.container.common.statemachine.commandhandler.CommandDispatcher.handle(CommandDispatcher.java:99)
	at org.apache.hadoop.ozone.container.common.statemachine.DatanodeStateMachine.lambda$initCommandHandlerThread$2(DatanodeStateMachine.java:498)
	at java.lang.Thread.run(Thread.java:748)
Caused by: org.apache.ratis.protocol.exceptions.GroupMismatchException: 9439cf50-f8ac-47a3-be84-c5264c2c00f7: Group group-C31F1BE08C0B not found.
	at org.apache.ratis.server.impl.RaftServerProxy.groupRemoveAsync(RaftServerProxy.java:494)
	at org.apache.ratis.server.impl.RaftServerProxy.groupManagementAsync(RaftServerProxy.java:450)
	at org.apache.ratis.server.impl.RaftServerProxy.groupManagement(RaftServerProxy.java:430)
	at org.apache.hadoop.ozone.container.common.transport.server.ratis.XceiverServerRatis.removeGroup(XceiverServerRatis.java:780)
	... 4 more
2020-12-24 03:52:27,545 [Command processor thread] WARN  server.RaftServer (RaftServerProxy.java:remove(99)) - 9439cf50-f8ac-47a3-be84-c5264c2c00f7: does not contain group: group-0142A39DCEE7
2020-12-24 03:52:27,545 [Command processor thread] ERROR commandhandler.ClosePipelineCommandHandler (ClosePipelineCommandHandler.java:handle(78)) - Can't close pipeline PipelineID=d214c819-bc47-4a5d-a03e-0142a39dcee7
java.io.IOException: 9439cf50-f8ac-47a3-be84-c5264c2c00f7: Group group-0142A39DCEE7 not found.
	at org.apache.hadoop.ozone.container.common.transport.server.ratis.XceiverServerRatis.removeGroup(XceiverServerRatis.java:782)
	at org.apache.hadoop.ozone.container.common.statemachine.commandhandler.ClosePipelineCommandHandler.handle(ClosePipelineCommandHandler.java:74)
	at org.apache.hadoop.ozone.container.common.statemachine.commandhandler.CommandDispatcher.handle(CommandDispatcher.java:99)
	at org.apache.hadoop.ozone.container.common.statemachine.DatanodeStateMachine.lambda$initCommandHandlerThread$2(DatanodeStateMachine.java:498)
	at java.lang.Thread.run(Thread.java:748)
Caused by: org.apache.ratis.protocol.exceptions.GroupMismatchException: 9439cf50-f8ac-47a3-be84-c5264c2c00f7: Group group-0142A39DCEE7 not found.
	at org.apache.ratis.server.impl.RaftServerProxy.groupRemoveAsync(RaftServerProxy.java:494)
	at org.apache.ratis.server.impl.RaftServerProxy.groupManagementAsync(RaftServerProxy.java:450)
	at org.apache.ratis.server.impl.RaftServerProxy.groupManagement(RaftServerProxy.java:430)
	at org.apache.hadoop.ozone.container.common.transport.server.ratis.XceiverServerRatis.removeGroup(XceiverServerRatis.java:780)
	... 4 more
2020-12-24 03:52:27,545 [Command processor thread] WARN  server.RaftServer (RaftServerProxy.java:remove(99)) - 9439cf50-f8ac-47a3-be84-c5264c2c00f7: does not contain group: group-C31F1BE08C0B
2020-12-24 03:52:27,545 [Command processor thread] ERROR commandhandler.ClosePipelineCommandHandler (ClosePipelineCommandHandler.java:handle(78)) - Can't close pipeline PipelineID=6e0c99c5-0bcb-4a7e-93c9-c31f1be08c0b
java.io.IOException: 9439cf50-f8ac-47a3-be84-c5264c2c00f7: Group group-C31F1BE08C0B not found.
	at org.apache.hadoop.ozone.container.common.transport.server.ratis.XceiverServerRatis.removeGroup(XceiverServerRatis.java:782)
	at org.apache.hadoop.ozone.container.common.statemachine.commandhandler.ClosePipelineCommandHandler.handle(ClosePipelineCommandHandler.java:74)
	at org.apache.hadoop.ozone.container.common.statemachine.commandhandler.CommandDispatcher.handle(CommandDispatcher.java:99)
	at org.apache.hadoop.ozone.container.common.statemachine.DatanodeStateMachine.lambda$initCommandHandlerThread$2(DatanodeStateMachine.java:498)
	at java.lang.Thread.run(Thread.java:748)
Caused by: org.apache.ratis.protocol.exceptions.GroupMismatchException: 9439cf50-f8ac-47a3-be84-c5264c2c00f7: Group group-C31F1BE08C0B not found.
	at org.apache.ratis.server.impl.RaftServerProxy.groupRemoveAsync(RaftServerProxy.java:494)
	at org.apache.ratis.server.impl.RaftServerProxy.groupManagementAsync(RaftServerProxy.java:450)
	at org.apache.ratis.server.impl.RaftServerProxy.groupManagement(RaftServerProxy.java:430)
	at org.apache.hadoop.ozone.container.common.transport.server.ratis.XceiverServerRatis.removeGroup(XceiverServerRatis.java:780)
	... 4 more
2020-12-24 03:52:27,545 [Command processor thread] WARN  server.RaftServer (RaftServerProxy.java:remove(99)) - 9439cf50-f8ac-47a3-be84-c5264c2c00f7: does not contain group: group-0142A39DCEE7
2020-12-24 03:52:27,545 [Command processor thread] ERROR commandhandler.ClosePipelineCommandHandler (ClosePipelineCommandHandler.java:handle(78)) - Can't close pipeline PipelineID=d214c819-bc47-4a5d-a03e-0142a39dcee7
java.io.IOException: 9439cf50-f8ac-47a3-be84-c5264c2c00f7: Group group-0142A39DCEE7 not found.
	at org.apache.hadoop.ozone.container.common.transport.server.ratis.XceiverServerRatis.removeGroup(XceiverServerRatis.java:782)
	at org.apache.hadoop.ozone.container.common.statemachine.commandhandler.ClosePipelineCommandHandler.handle(ClosePipelineCommandHandler.java:74)
	at org.apache.hadoop.ozone.container.common.statemachine.commandhandler.CommandDispatcher.handle(CommandDispatcher.java:99)
	at org.apache.hadoop.ozone.container.common.statemachine.DatanodeStateMachine.lambda$initCommandHandlerThread$2(DatanodeStateMachine.java:498)
	at java.lang.Thread.run(Thread.java:748)
Caused by: org.apache.ratis.protocol.exceptions.GroupMismatchException: 9439cf50-f8ac-47a3-be84-c5264c2c00f7: Group group-0142A39DCEE7 not found.
	at org.apache.ratis.server.impl.RaftServerProxy.groupRemoveAsync(RaftServerProxy.java:494)
	at org.apache.ratis.server.impl.RaftServerProxy.groupManagementAsync(RaftServerProxy.java:450)
	at org.apache.ratis.server.impl.RaftServerProxy.groupManagement(RaftServerProxy.java:430)
	at org.apache.hadoop.ozone.container.common.transport.server.ratis.XceiverServerRatis.removeGroup(XceiverServerRatis.java:780)
	... 4 more
2020-12-24 03:52:27,545 [Command processor thread] WARN  server.RaftServer (RaftServerProxy.java:remove(99)) - 9439cf50-f8ac-47a3-be84-c5264c2c00f7: does not contain group: group-C31F1BE08C0B
2020-12-24 03:52:27,545 [Command processor thread] ERROR commandhandler.ClosePipelineCommandHandler (ClosePipelineCommandHandler.java:handle(78)) - Can't close pipeline PipelineID=6e0c99c5-0bcb-4a7e-93c9-c31f1be08c0b
java.io.IOException: 9439cf50-f8ac-47a3-be84-c5264c2c00f7: Group group-C31F1BE08C0B not found.
	at org.apache.hadoop.ozone.container.common.transport.server.ratis.XceiverServerRatis.removeGroup(XceiverServerRatis.java:782)
	at org.apache.hadoop.ozone.container.common.statemachine.commandhandler.ClosePipelineCommandHandler.handle(ClosePipelineCommandHandler.java:74)
	at org.apache.hadoop.ozone.container.common.statemachine.commandhandler.CommandDispatcher.handle(CommandDispatcher.java:99)
	at org.apache.hadoop.ozone.container.common.statemachine.DatanodeStateMachine.lambda$initCommandHandlerThread$2(DatanodeStateMachine.java:498)
	at java.lang.Thread.run(Thread.java:748)
Caused by: org.apache.ratis.protocol.exceptions.GroupMismatchException: 9439cf50-f8ac-47a3-be84-c5264c2c00f7: Group group-C31F1BE08C0B not found.
	at org.apache.ratis.server.impl.RaftServerProxy.groupRemoveAsync(RaftServerProxy.java:494)
	at org.apache.ratis.server.impl.RaftServerProxy.groupManagementAsync(RaftServerProxy.java:450)
	at org.apache.ratis.server.impl.RaftServerProxy.groupManagement(RaftServerProxy.java:430)
	at org.apache.hadoop.ozone.container.common.transport.server.ratis.XceiverServerRatis.removeGroup(XceiverServerRatis.java:780)
	... 4 more
2020-12-24 03:52:27,546 [Command processor thread] WARN  server.RaftServer (RaftServerProxy.java:remove(99)) - 9439cf50-f8ac-47a3-be84-c5264c2c00f7: does not contain group: group-0142A39DCEE7
2020-12-24 03:52:27,546 [Command processor thread] ERROR commandhandler.ClosePipelineCommandHandler (ClosePipelineCommandHandler.java:handle(78)) - Can't close pipeline PipelineID=d214c819-bc47-4a5d-a03e-0142a39dcee7
java.io.IOException: 9439cf50-f8ac-47a3-be84-c5264c2c00f7: Group group-0142A39DCEE7 not found.
	at org.apache.hadoop.ozone.container.common.transport.server.ratis.XceiverServerRatis.removeGroup(XceiverServerRatis.java:782)
	at org.apache.hadoop.ozone.container.common.statemachine.commandhandler.ClosePipelineCommandHandler.handle(ClosePipelineCommandHandler.java:74)
	at org.apache.hadoop.ozone.container.common.statemachine.commandhandler.CommandDispatcher.handle(CommandDispatcher.java:99)
	at org.apache.hadoop.ozone.container.common.statemachine.DatanodeStateMachine.lambda$initCommandHandlerThread$2(DatanodeStateMachine.java:498)
	at java.lang.Thread.run(Thread.java:748)
Caused by: org.apache.ratis.protocol.exceptions.GroupMismatchException: 9439cf50-f8ac-47a3-be84-c5264c2c00f7: Group group-0142A39DCEE7 not found.
	at org.apache.ratis.server.impl.RaftServerProxy.groupRemoveAsync(RaftServerProxy.java:494)
	at org.apache.ratis.server.impl.RaftServerProxy.groupManagementAsync(RaftServerProxy.java:450)
	at org.apache.ratis.server.impl.RaftServerProxy.groupManagement(RaftServerProxy.java:430)
	at org.apache.hadoop.ozone.container.common.transport.server.ratis.XceiverServerRatis.removeGroup(XceiverServerRatis.java:780)
	... 4 more
2020-12-24 03:52:27,546 [Command processor thread] WARN  server.RaftServer (RaftServerProxy.java:remove(99)) - 9439cf50-f8ac-47a3-be84-c5264c2c00f7: does not contain group: group-C31F1BE08C0B
2020-12-24 03:52:27,546 [Command processor thread] ERROR commandhandler.ClosePipelineCommandHandler (ClosePipelineCommandHandler.java:handle(78)) - Can't close pipeline PipelineID=6e0c99c5-0bcb-4a7e-93c9-c31f1be08c0b
java.io.IOException: 9439cf50-f8ac-47a3-be84-c5264c2c00f7: Group group-C31F1BE08C0B not found.
	at org.apache.hadoop.ozone.container.common.transport.server.ratis.XceiverServerRatis.removeGroup(XceiverServerRatis.java:782)
	at org.apache.hadoop.ozone.container.common.statemachine.commandhandler.ClosePipelineCommandHandler.handle(ClosePipelineCommandHandler.java:74)
	at org.apache.hadoop.ozone.container.common.statemachine.commandhandler.CommandDispatcher.handle(CommandDispatcher.java:99)
	at org.apache.hadoop.ozone.container.common.statemachine.DatanodeStateMachine.lambda$initCommandHandlerThread$2(DatanodeStateMachine.java:498)
	at java.lang.Thread.run(Thread.java:748)
Caused by: org.apache.ratis.protocol.exceptions.GroupMismatchException: 9439cf50-f8ac-47a3-be84-c5264c2c00f7: Group group-C31F1BE08C0B not found.
	at org.apache.ratis.server.impl.RaftServerProxy.groupRemoveAsync(RaftServerProxy.java:494)
	at org.apache.ratis.server.impl.RaftServerProxy.groupManagementAsync(RaftServerProxy.java:450)
	at org.apache.ratis.server.impl.RaftServerProxy.groupManagement(RaftServerProxy.java:430)
	at org.apache.hadoop.ozone.container.common.transport.server.ratis.XceiverServerRatis.removeGroup(XceiverServerRatis.java:780)
	... 4 more
2020-12-24 03:52:27,546 [Command processor thread] WARN  server.RaftServer (RaftServerProxy.java:remove(99)) - 9439cf50-f8ac-47a3-be84-c5264c2c00f7: does not contain group: group-0142A39DCEE7
2020-12-24 03:52:27,546 [Command processor thread] ERROR commandhandler.ClosePipelineCommandHandler (ClosePipelineCommandHandler.java:handle(78)) - Can't close pipeline PipelineID=d214c819-bc47-4a5d-a03e-0142a39dcee7
java.io.IOException: 9439cf50-f8ac-47a3-be84-c5264c2c00f7: Group group-0142A39DCEE7 not found.
	at org.apache.hadoop.ozone.container.common.transport.server.ratis.XceiverServerRatis.removeGroup(XceiverServerRatis.java:782)
	at org.apache.hadoop.ozone.container.common.statemachine.commandhandler.ClosePipelineCommandHandler.handle(ClosePipelineCommandHandler.java:74)
	at org.apache.hadoop.ozone.container.common.statemachine.commandhandler.CommandDispatcher.handle(CommandDispatcher.java:99)
	at org.apache.hadoop.ozone.container.common.statemachine.DatanodeStateMachine.lambda$initCommandHandlerThread$2(DatanodeStateMachine.java:498)
	at java.lang.Thread.run(Thread.java:748)
Caused by: org.apache.ratis.protocol.exceptions.GroupMismatchException: 9439cf50-f8ac-47a3-be84-c5264c2c00f7: Group group-0142A39DCEE7 not found.
	at org.apache.ratis.server.impl.RaftServerProxy.groupRemoveAsync(RaftServerProxy.java:494)
	at org.apache.ratis.server.impl.RaftServerProxy.groupManagementAsync(RaftServerProxy.java:450)
	at org.apache.ratis.server.impl.RaftServerProxy.groupManagement(RaftServerProxy.java:430)
	at org.apache.hadoop.ozone.container.common.transport.server.ratis.XceiverServerRatis.removeGroup(XceiverServerRatis.java:780)
	... 4 more
2020-12-24 03:52:27,546 [Command processor thread] WARN  server.RaftServer (RaftServerProxy.java:remove(99)) - 9439cf50-f8ac-47a3-be84-c5264c2c00f7: does not contain group: group-C31F1BE08C0B
2020-12-24 03:52:27,546 [Command processor thread] ERROR commandhandler.ClosePipelineCommandHandler (ClosePipelineCommandHandler.java:handle(78)) - Can't close pipeline PipelineID=6e0c99c5-0bcb-4a7e-93c9-c31f1be08c0b
java.io.IOException: 9439cf50-f8ac-47a3-be84-c5264c2c00f7: Group group-C31F1BE08C0B not found.
	at org.apache.hadoop.ozone.container.common.transport.server.ratis.XceiverServerRatis.removeGroup(XceiverServerRatis.java:782)
	at org.apache.hadoop.ozone.container.common.statemachine.commandhandler.ClosePipelineCommandHandler.handle(ClosePipelineCommandHandler.java:74)
	at org.apache.hadoop.ozone.container.common.statemachine.commandhandler.CommandDispatcher.handle(CommandDispatcher.java:99)
	at org.apache.hadoop.ozone.container.common.statemachine.DatanodeStateMachine.lambda$initCommandHandlerThread$2(DatanodeStateMachine.java:498)
	at java.lang.Thread.run(Thread.java:748)
Caused by: org.apache.ratis.protocol.exceptions.GroupMismatchException: 9439cf50-f8ac-47a3-be84-c5264c2c00f7: Group group-C31F1BE08C0B not found.
	at org.apache.ratis.server.impl.RaftServerProxy.groupRemoveAsync(RaftServerProxy.java:494)
	at org.apache.ratis.server.impl.RaftServerProxy.groupManagementAsync(RaftServerProxy.java:450)
	at org.apache.ratis.server.impl.RaftServerProxy.groupManagement(RaftServerProxy.java:430)
	at org.apache.hadoop.ozone.container.common.transport.server.ratis.XceiverServerRatis.removeGroup(XceiverServerRatis.java:780)
	... 4 more
2020-12-24 03:52:27,547 [Command processor thread] WARN  server.RaftServer (RaftServerProxy.java:remove(99)) - 9439cf50-f8ac-47a3-be84-c5264c2c00f7: does not contain group: group-0142A39DCEE7
2020-12-24 03:52:27,547 [Command processor thread] ERROR commandhandler.ClosePipelineCommandHandler (ClosePipelineCommandHandler.java:handle(78)) - Can't close pipeline PipelineID=d214c819-bc47-4a5d-a03e-0142a39dcee7
java.io.IOException: 9439cf50-f8ac-47a3-be84-c5264c2c00f7: Group group-0142A39DCEE7 not found.
	at org.apache.hadoop.ozone.container.common.transport.server.ratis.XceiverServerRatis.removeGroup(XceiverServerRatis.java:782)
	at org.apache.hadoop.ozone.container.common.statemachine.commandhandler.ClosePipelineCommandHandler.handle(ClosePipelineCommandHandler.java:74)
	at org.apache.hadoop.ozone.container.common.statemachine.commandhandler.CommandDispatcher.handle(CommandDispatcher.java:99)
	at org.apache.hadoop.ozone.container.common.statemachine.DatanodeStateMachine.lambda$initCommandHandlerThread$2(DatanodeStateMachine.java:498)
	at java.lang.Thread.run(Thread.java:748)
Caused by: org.apache.ratis.protocol.exceptions.GroupMismatchException: 9439cf50-f8ac-47a3-be84-c5264c2c00f7: Group group-0142A39DCEE7 not found.
	at org.apache.ratis.server.impl.RaftServerProxy.groupRemoveAsync(RaftServerProxy.java:494)
	at org.apache.ratis.server.impl.RaftServerProxy.groupManagementAsync(RaftServerProxy.java:450)
	at org.apache.ratis.server.impl.RaftServerProxy.groupManagement(RaftServerProxy.java:430)
	at org.apache.hadoop.ozone.container.common.transport.server.ratis.XceiverServerRatis.removeGroup(XceiverServerRatis.java:780)
	... 4 more
2020-12-24 03:52:27,547 [Command processor thread] WARN  server.RaftServer (RaftServerProxy.java:remove(99)) - 9439cf50-f8ac-47a3-be84-c5264c2c00f7: does not contain group: group-C31F1BE08C0B
2020-12-24 03:52:27,547 [Command processor thread] ERROR commandhandler.ClosePipelineCommandHandler (ClosePipelineCommandHandler.java:handle(78)) - Can't close pipeline PipelineID=6e0c99c5-0bcb-4a7e-93c9-c31f1be08c0b
java.io.IOException: 9439cf50-f8ac-47a3-be84-c5264c2c00f7: Group group-C31F1BE08C0B not found.
	at org.apache.hadoop.ozone.container.common.transport.server.ratis.XceiverServerRatis.removeGroup(XceiverServerRatis.java:782)
	at org.apache.hadoop.ozone.container.common.statemachine.commandhandler.ClosePipelineCommandHandler.handle(ClosePipelineCommandHandler.java:74)
	at org.apache.hadoop.ozone.container.common.statemachine.commandhandler.CommandDispatcher.handle(CommandDispatcher.java:99)
	at org.apache.hadoop.ozone.container.common.statemachine.DatanodeStateMachine.lambda$initCommandHandlerThread$2(DatanodeStateMachine.java:498)
	at java.lang.Thread.run(Thread.java:748)
Caused by: org.apache.ratis.protocol.exceptions.GroupMismatchException: 9439cf50-f8ac-47a3-be84-c5264c2c00f7: Group group-C31F1BE08C0B not found.
	at org.apache.ratis.server.impl.RaftServerProxy.groupRemoveAsync(RaftServerProxy.java:494)
	at org.apache.ratis.server.impl.RaftServerProxy.groupManagementAsync(RaftServerProxy.java:450)
	at org.apache.ratis.server.impl.RaftServerProxy.groupManagement(RaftServerProxy.java:430)
	at org.apache.hadoop.ozone.container.common.transport.server.ratis.XceiverServerRatis.removeGroup(XceiverServerRatis.java:780)
	... 4 more
2020-12-24 03:52:27,620 [DatanodeAdminManager-0] INFO  node.DatanodeAdminMonitorImpl (DatanodeAdminMonitorImpl.java:checkContainersReplicatedOnNode(297)) - b22c4f2c-1caa-4579-b370-0e993976351f{ip: 172.17.0.2, host: 822d467d5ade, networkLocation: /default-rack, certSerialId: null, persistedOpState: ENTERING_MAINTENANCE, persistedOpStateExpiryEpochSec: 0} has 0 sufficientlyReplicated, 2 underReplicated and 0 unhealthy containers
2020-12-24 03:52:27,620 [DatanodeAdminManager-0] INFO  node.DatanodeAdminMonitorImpl (DatanodeAdminMonitorImpl.java:checkContainersReplicatedOnNode(297)) - 8d530254-7283-4827-a046-112d022b0049{ip: 172.17.0.2, host: 822d467d5ade, networkLocation: /default-rack, certSerialId: null, persistedOpState: ENTERING_MAINTENANCE, persistedOpStateExpiryEpochSec: 0} has 0 sufficientlyReplicated, 2 underReplicated and 0 unhealthy containers
2020-12-24 03:52:27,621 [DatanodeAdminManager-0] INFO  node.DatanodeAdminMonitorImpl (DatanodeAdminMonitorImpl.java:checkContainersReplicatedOnNode(297)) - 9439cf50-f8ac-47a3-be84-c5264c2c00f7{ip: 172.17.0.2, host: 822d467d5ade, networkLocation: /default-rack, certSerialId: null, persistedOpState: ENTERING_MAINTENANCE, persistedOpStateExpiryEpochSec: 0} has 0 sufficientlyReplicated, 2 underReplicated and 0 unhealthy containers
2020-12-24 03:52:27,621 [DatanodeAdminManager-0] INFO  node.DatanodeAdminMonitorImpl (DatanodeAdminMonitorImpl.java:run(136)) - There are 3 nodes tracked for decommission and maintenance. 0 pending nodes.
2020-12-24 03:52:28,214 [ReplicationMonitor] INFO  container.ReplicationManager (ReplicationManager.java:handleUnderReplicatedContainer(722)) - Container #1 is under replicated. Expected replica count is 3, but found 1.
2020-12-24 03:52:28,214 [ReplicationMonitor] INFO  container.ReplicationManager (ReplicationManager.java:sendReplicateCommand(970)) - Sending replicate container command for container #1 to datanode 0dae4c23-fefe-4bb2-bc72-7e8960a30d82{ip: 172.17.0.2, host: 822d467d5ade, networkLocation: /default-rack, certSerialId: null, persistedOpState: IN_SERVICE, persistedOpStateExpiryEpochSec: 0}
2020-12-24 03:52:28,214 [ReplicationMonitor] INFO  container.ReplicationManager (ReplicationManager.java:sendReplicateCommand(970)) - Sending replicate container command for container #1 to datanode d39cfd4e-a5ab-4099-ae66-25f36cfdb7e3{ip: 172.17.0.2, host: 822d467d5ade, networkLocation: /default-rack, certSerialId: null, persistedOpState: IN_SERVICE, persistedOpStateExpiryEpochSec: 0}
2020-12-24 03:52:28,214 [ReplicationMonitor] INFO  container.ReplicationManager (ReplicationManager.java:forceCloseContainer(633)) - Force closing container #3 with BCSID 44, which is in QUASI_CLOSED state.
2020-12-24 03:52:28,214 [ReplicationMonitor] INFO  container.ReplicationManager (ReplicationManager.java:sendCloseCommand(948)) - Sending close container command for container #3 to datanode 8d530254-7283-4827-a046-112d022b0049{ip: 172.17.0.2, host: 822d467d5ade, networkLocation: /default-rack, certSerialId: null, persistedOpState: ENTERING_MAINTENANCE, persistedOpStateExpiryEpochSec: 0}.
2020-12-24 03:52:28,214 [ReplicationMonitor] INFO  container.ReplicationManager (ReplicationManager.java:sendCloseCommand(948)) - Sending close container command for container #3 to datanode 9439cf50-f8ac-47a3-be84-c5264c2c00f7{ip: 172.17.0.2, host: 822d467d5ade, networkLocation: /default-rack, certSerialId: null, persistedOpState: ENTERING_MAINTENANCE, persistedOpStateExpiryEpochSec: 0}.
2020-12-24 03:52:28,215 [ReplicationMonitor] INFO  container.ReplicationManager (ReplicationManager.java:run(250)) - Replication Monitor Thread took 1 milliseconds for processing 4 containers.
2020-12-24 03:52:28,620 [DatanodeAdminManager-0] INFO  node.DatanodeAdminMonitorImpl (DatanodeAdminMonitorImpl.java:checkContainersReplicatedOnNode(297)) - b22c4f2c-1caa-4579-b370-0e993976351f{ip: 172.17.0.2, host: 822d467d5ade, networkLocation: /default-rack, certSerialId: null, persistedOpState: ENTERING_MAINTENANCE, persistedOpStateExpiryEpochSec: 0} has 0 sufficientlyReplicated, 2 underReplicated and 0 unhealthy containers
2020-12-24 03:52:28,620 [DatanodeAdminManager-0] INFO  node.DatanodeAdminMonitorImpl (DatanodeAdminMonitorImpl.java:checkContainersReplicatedOnNode(297)) - 8d530254-7283-4827-a046-112d022b0049{ip: 172.17.0.2, host: 822d467d5ade, networkLocation: /default-rack, certSerialId: null, persistedOpState: ENTERING_MAINTENANCE, persistedOpStateExpiryEpochSec: 0} has 0 sufficientlyReplicated, 2 underReplicated and 0 unhealthy containers
2020-12-24 03:52:28,620 [DatanodeAdminManager-0] INFO  node.DatanodeAdminMonitorImpl (DatanodeAdminMonitorImpl.java:checkContainersReplicatedOnNode(297)) - 9439cf50-f8ac-47a3-be84-c5264c2c00f7{ip: 172.17.0.2, host: 822d467d5ade, networkLocation: /default-rack, certSerialId: null, persistedOpState: ENTERING_MAINTENANCE, persistedOpStateExpiryEpochSec: 0} has 0 sufficientlyReplicated, 2 underReplicated and 0 unhealthy containers
2020-12-24 03:52:28,621 [DatanodeAdminManager-0] INFO  node.DatanodeAdminMonitorImpl (DatanodeAdminMonitorImpl.java:run(136)) - There are 3 nodes tracked for decommission and maintenance. 0 pending nodes.
2020-12-24 03:52:29,215 [ReplicationMonitor] INFO  container.ReplicationManager (ReplicationManager.java:forceCloseContainer(633)) - Force closing container #1 with BCSID 40, which is in QUASI_CLOSED state.
2020-12-24 03:52:29,215 [ReplicationMonitor] INFO  container.ReplicationManager (ReplicationManager.java:sendCloseCommand(948)) - Sending close container command for container #1 to datanode 9439cf50-f8ac-47a3-be84-c5264c2c00f7{ip: 172.17.0.2, host: 822d467d5ade, networkLocation: /default-rack, certSerialId: null, persistedOpState: ENTERING_MAINTENANCE, persistedOpStateExpiryEpochSec: 0}.
2020-12-24 03:52:29,215 [ReplicationMonitor] INFO  container.ReplicationManager (ReplicationManager.java:sendCloseCommand(948)) - Sending close container command for container #1 to datanode b22c4f2c-1caa-4579-b370-0e993976351f{ip: 172.17.0.2, host: 822d467d5ade, networkLocation: /default-rack, certSerialId: null, persistedOpState: ENTERING_MAINTENANCE, persistedOpStateExpiryEpochSec: 0}.
2020-12-24 03:52:29,215 [ReplicationMonitor] INFO  container.ReplicationManager (ReplicationManager.java:sendCloseCommand(948)) - Sending close container command for container #1 to datanode 8d530254-7283-4827-a046-112d022b0049{ip: 172.17.0.2, host: 822d467d5ade, networkLocation: /default-rack, certSerialId: null, persistedOpState: ENTERING_MAINTENANCE, persistedOpStateExpiryEpochSec: 0}.
2020-12-24 03:52:29,215 [ReplicationMonitor] INFO  container.ReplicationManager (ReplicationManager.java:forceCloseContainer(633)) - Force closing container #3 with BCSID 44, which is in QUASI_CLOSED state.
2020-12-24 03:52:29,216 [ReplicationMonitor] INFO  container.ReplicationManager (ReplicationManager.java:sendCloseCommand(948)) - Sending close container command for container #3 to datanode 8d530254-7283-4827-a046-112d022b0049{ip: 172.17.0.2, host: 822d467d5ade, networkLocation: /default-rack, certSerialId: null, persistedOpState: ENTERING_MAINTENANCE, persistedOpStateExpiryEpochSec: 0}.
2020-12-24 03:52:29,216 [ReplicationMonitor] INFO  container.ReplicationManager (ReplicationManager.java:sendCloseCommand(948)) - Sending close container command for container #3 to datanode 9439cf50-f8ac-47a3-be84-c5264c2c00f7{ip: 172.17.0.2, host: 822d467d5ade, networkLocation: /default-rack, certSerialId: null, persistedOpState: ENTERING_MAINTENANCE, persistedOpStateExpiryEpochSec: 0}.
2020-12-24 03:52:29,216 [ReplicationMonitor] INFO  container.ReplicationManager (ReplicationManager.java:sendCloseCommand(948)) - Sending close container command for container #3 to datanode b22c4f2c-1caa-4579-b370-0e993976351f{ip: 172.17.0.2, host: 822d467d5ade, networkLocation: /default-rack, certSerialId: null, persistedOpState: ENTERING_MAINTENANCE, persistedOpStateExpiryEpochSec: 0}.
2020-12-24 03:52:29,216 [ReplicationMonitor] INFO  container.ReplicationManager (ReplicationManager.java:run(250)) - Replication Monitor Thread took 1 milliseconds for processing 4 containers.
2020-12-24 03:52:29,497 [Command processor thread] WARN  server.RaftServer (RaftServerProxy.java:remove(99)) - 8d530254-7283-4827-a046-112d022b0049: does not contain group: group-7E9166872394
2020-12-24 03:52:29,497 [Command processor thread] ERROR commandhandler.ClosePipelineCommandHandler (ClosePipelineCommandHandler.java:handle(78)) - Can't close pipeline PipelineID=70d1ab10-9e37-41a5-b19c-7e9166872394
java.io.IOException: 8d530254-7283-4827-a046-112d022b0049: Group group-7E9166872394 not found.
	at org.apache.hadoop.ozone.container.common.transport.server.ratis.XceiverServerRatis.removeGroup(XceiverServerRatis.java:782)
	at org.apache.hadoop.ozone.container.common.statemachine.commandhandler.ClosePipelineCommandHandler.handle(ClosePipelineCommandHandler.java:74)
	at org.apache.hadoop.ozone.container.common.statemachine.commandhandler.CommandDispatcher.handle(CommandDispatcher.java:99)
	at org.apache.hadoop.ozone.container.common.statemachine.DatanodeStateMachine.lambda$initCommandHandlerThread$2(DatanodeStateMachine.java:498)
	at java.lang.Thread.run(Thread.java:748)
Caused by: org.apache.ratis.protocol.exceptions.GroupMismatchException: 8d530254-7283-4827-a046-112d022b0049: Group group-7E9166872394 not found.
	at org.apache.ratis.server.impl.RaftServerProxy.groupRemoveAsync(RaftServerProxy.java:494)
	at org.apache.ratis.server.impl.RaftServerProxy.groupManagementAsync(RaftServerProxy.java:450)
	at org.apache.ratis.server.impl.RaftServerProxy.groupManagement(RaftServerProxy.java:430)
	at org.apache.hadoop.ozone.container.common.transport.server.ratis.XceiverServerRatis.removeGroup(XceiverServerRatis.java:780)
	... 4 more
2020-12-24 03:52:29,497 [Command processor thread] INFO  keyvalue.KeyValueContainer (KeyValueContainer.java:flushAndSyncDB(388)) - Container 3 is synced with bcsId 44.
2020-12-24 03:52:29,498 [Command processor thread] INFO  keyvalue.KeyValueContainer (KeyValueContainer.java:flushAndSyncDB(388)) - Container 3 is synced with bcsId 44.
2020-12-24 03:52:29,500 [Command processor thread] WARN  server.RaftServer (RaftServerProxy.java:remove(99)) - b22c4f2c-1caa-4579-b370-0e993976351f: does not contain group: group-39FD0216B09F
2020-12-24 03:52:29,500 [Command processor thread] ERROR commandhandler.ClosePipelineCommandHandler (ClosePipelineCommandHandler.java:handle(78)) - Can't close pipeline PipelineID=8e121648-e2a5-46ef-b0c4-39fd0216b09f
java.io.IOException: b22c4f2c-1caa-4579-b370-0e993976351f: Group group-39FD0216B09F not found.
	at org.apache.hadoop.ozone.container.common.transport.server.ratis.XceiverServerRatis.removeGroup(XceiverServerRatis.java:782)
	at org.apache.hadoop.ozone.container.common.statemachine.commandhandler.ClosePipelineCommandHandler.handle(ClosePipelineCommandHandler.java:74)
	at org.apache.hadoop.ozone.container.common.statemachine.commandhandler.CommandDispatcher.handle(CommandDispatcher.java:99)
	at org.apache.hadoop.ozone.container.common.statemachine.DatanodeStateMachine.lambda$initCommandHandlerThread$2(DatanodeStateMachine.java:498)
	at java.lang.Thread.run(Thread.java:748)
Caused by: org.apache.ratis.protocol.exceptions.GroupMismatchException: b22c4f2c-1caa-4579-b370-0e993976351f: Group group-39FD0216B09F not found.
	at org.apache.ratis.server.impl.RaftServerProxy.groupRemoveAsync(RaftServerProxy.java:494)
	at org.apache.ratis.server.impl.RaftServerProxy.groupManagementAsync(RaftServerProxy.java:450)
	at org.apache.ratis.server.impl.RaftServerProxy.groupManagement(RaftServerProxy.java:430)
	at org.apache.hadoop.ozone.container.common.transport.server.ratis.XceiverServerRatis.removeGroup(XceiverServerRatis.java:780)
	... 4 more
2020-12-24 03:52:29,501 [Command processor thread] WARN  server.RaftServer (RaftServerProxy.java:remove(99)) - b22c4f2c-1caa-4579-b370-0e993976351f: does not contain group: group-0142A39DCEE7
2020-12-24 03:52:29,501 [Command processor thread] ERROR commandhandler.ClosePipelineCommandHandler (ClosePipelineCommandHandler.java:handle(78)) - Can't close pipeline PipelineID=d214c819-bc47-4a5d-a03e-0142a39dcee7
java.io.IOException: b22c4f2c-1caa-4579-b370-0e993976351f: Group group-0142A39DCEE7 not found.
	at org.apache.hadoop.ozone.container.common.transport.server.ratis.XceiverServerRatis.removeGroup(XceiverServerRatis.java:782)
	at org.apache.hadoop.ozone.container.common.statemachine.commandhandler.ClosePipelineCommandHandler.handle(ClosePipelineCommandHandler.java:74)
	at org.apache.hadoop.ozone.container.common.statemachine.commandhandler.CommandDispatcher.handle(CommandDispatcher.java:99)
	at org.apache.hadoop.ozone.container.common.statemachine.DatanodeStateMachine.lambda$initCommandHandlerThread$2(DatanodeStateMachine.java:498)
	at java.lang.Thread.run(Thread.java:748)
Caused by: org.apache.ratis.protocol.exceptions.GroupMismatchException: b22c4f2c-1caa-4579-b370-0e993976351f: Group group-0142A39DCEE7 not found.
	at org.apache.ratis.server.impl.RaftServerProxy.groupRemoveAsync(RaftServerProxy.java:494)
	at org.apache.ratis.server.impl.RaftServerProxy.groupManagementAsync(RaftServerProxy.java:450)
	at org.apache.ratis.server.impl.RaftServerProxy.groupManagement(RaftServerProxy.java:430)
	at org.apache.hadoop.ozone.container.common.transport.server.ratis.XceiverServerRatis.removeGroup(XceiverServerRatis.java:780)
	... 4 more
2020-12-24 03:52:29,503 [Command processor thread] INFO  keyvalue.KeyValueContainer (KeyValueContainer.java:close(326)) - Container 3 is closed with bcsId 44.
2020-12-24 03:52:29,504 [Command processor thread] WARN  server.RaftServer (RaftServerProxy.java:remove(99)) - 8d530254-7283-4827-a046-112d022b0049: does not contain group: group-7E9166872394
2020-12-24 03:52:29,504 [Command processor thread] ERROR commandhandler.ClosePipelineCommandHandler (ClosePipelineCommandHandler.java:handle(78)) - Can't close pipeline PipelineID=70d1ab10-9e37-41a5-b19c-7e9166872394
java.io.IOException: 8d530254-7283-4827-a046-112d022b0049: Group group-7E9166872394 not found.
	at org.apache.hadoop.ozone.container.common.transport.server.ratis.XceiverServerRatis.removeGroup(XceiverServerRatis.java:782)
	at org.apache.hadoop.ozone.container.common.statemachine.commandhandler.ClosePipelineCommandHandler.handle(ClosePipelineCommandHandler.java:74)
	at org.apache.hadoop.ozone.container.common.statemachine.commandhandler.CommandDispatcher.handle(CommandDispatcher.java:99)
	at org.apache.hadoop.ozone.container.common.statemachine.DatanodeStateMachine.lambda$initCommandHandlerThread$2(DatanodeStateMachine.java:498)
	at java.lang.Thread.run(Thread.java:748)
Caused by: org.apache.ratis.protocol.exceptions.GroupMismatchException: 8d530254-7283-4827-a046-112d022b0049: Group group-7E9166872394 not found.
	at org.apache.ratis.server.impl.RaftServerProxy.groupRemoveAsync(RaftServerProxy.java:494)
	at org.apache.ratis.server.impl.RaftServerProxy.groupManagementAsync(RaftServerProxy.java:450)
	at org.apache.ratis.server.impl.RaftServerProxy.groupManagement(RaftServerProxy.java:430)
	at org.apache.hadoop.ozone.container.common.transport.server.ratis.XceiverServerRatis.removeGroup(XceiverServerRatis.java:780)
	... 4 more
2020-12-24 03:52:29,505 [EventQueue-IncrementalContainerReportForIncrementalContainerReportHandler] INFO  container.IncrementalContainerReportHandler (AbstractContainerReportHandler.java:updateContainerState(241)) - Moving container #3 to CLOSED state, datanode 8d530254-7283-4827-a046-112d022b0049{ip: 172.17.0.2, host: 822d467d5ade, networkLocation: /default-rack, certSerialId: null, persistedOpState: ENTERING_MAINTENANCE, persistedOpStateExpiryEpochSec: 0} reported CLOSED replica.
2020-12-24 03:52:29,505 [Command processor thread] INFO  keyvalue.KeyValueContainer (KeyValueContainer.java:flushAndSyncDB(388)) - Container 1 is synced with bcsId 40.
2020-12-24 03:52:29,505 [Command processor thread] INFO  keyvalue.KeyValueContainer (KeyValueContainer.java:flushAndSyncDB(388)) - Container 1 is synced with bcsId 40.
2020-12-24 03:52:29,509 [Command processor thread] INFO  keyvalue.KeyValueContainer (KeyValueContainer.java:close(326)) - Container 1 is closed with bcsId 40.
2020-12-24 03:52:29,509 [EventQueue-IncrementalContainerReportForIncrementalContainerReportHandler] INFO  container.IncrementalContainerReportHandler (AbstractContainerReportHandler.java:updateContainerState(241)) - Moving container #1 to CLOSED state, datanode 8d530254-7283-4827-a046-112d022b0049{ip: 172.17.0.2, host: 822d467d5ade, networkLocation: /default-rack, certSerialId: null, persistedOpState: ENTERING_MAINTENANCE, persistedOpStateExpiryEpochSec: 0} reported CLOSED replica.
2020-12-24 03:52:29,522 [ContainerReplicationThread-0] INFO  replication.DownloadAndImportReplicator (DownloadAndImportReplicator.java:replicate(106)) - Starting replication of container 1 from [8d530254-7283-4827-a046-112d022b0049{ip: 172.17.0.2, host: 822d467d5ade, networkLocation: /default-rack, certSerialId: null, persistedOpState: ENTERING_MAINTENANCE, persistedOpStateExpiryEpochSec: 0}]
2020-12-24 03:52:29,527 [grpc-default-executor-1] INFO  replication.GrpcReplicationService (GrpcReplicationService.java:download(52)) - Streaming container data (1) to other datanode
2020-12-24 03:52:29,536 [grpc-default-executor-1] INFO  replication.GrpcOutputStream (GrpcOutputStream.java:close(104)) - Sent 11040 bytes for container 1
2020-12-24 03:52:29,537 [grpc-default-executor-0] INFO  replication.GrpcReplicationClient (GrpcReplicationClient.java:onCompleted(177)) - Container 1 is downloaded to /github/workspace/mnt/ozone/hadoop-ozone/integration-test/target/test-dir/MiniOzoneClusterImpl-9e14565b-f938-48ad-b0e9-52a6969cb554/datanode-4/data/replication/work/container-1.tar.gz
2020-12-24 03:52:29,541 [ContainerReplicationThread-0] INFO  replication.DownloadAndImportReplicator (DownloadAndImportReplicator.java:replicate(117)) - Container 1 is downloaded, starting to import.
2020-12-24 03:52:29,542 [ContainerReplicationThread-0] INFO  replication.DownloadAndImportReplicator (DownloadAndImportReplicator.java:replicate(106)) - Starting replication of container 1 from [8d530254-7283-4827-a046-112d022b0049{ip: 172.17.0.2, host: 822d467d5ade, networkLocation: /default-rack, certSerialId: null, persistedOpState: ENTERING_MAINTENANCE, persistedOpStateExpiryEpochSec: 0}]
2020-12-24 03:52:29,542 [Command processor thread] INFO  keyvalue.KeyValueContainer (KeyValueContainer.java:flushAndSyncDB(388)) - Container 3 is synced with bcsId 44.
2020-12-24 03:52:29,542 [Command processor thread] INFO  keyvalue.KeyValueContainer (KeyValueContainer.java:flushAndSyncDB(388)) - Container 3 is synced with bcsId 44.
2020-12-24 03:52:29,545 [Command processor thread] INFO  keyvalue.KeyValueContainer (KeyValueContainer.java:close(326)) - Container 3 is closed with bcsId 44.
2020-12-24 03:52:29,545 [Command processor thread] INFO  keyvalue.KeyValueContainer (KeyValueContainer.java:flushAndSyncDB(388)) - Container 1 is synced with bcsId 40.
2020-12-24 03:52:29,545 [Command processor thread] INFO  keyvalue.KeyValueContainer (KeyValueContainer.java:flushAndSyncDB(388)) - Container 1 is synced with bcsId 40.
2020-12-24 03:52:29,548 [Command processor thread] INFO  keyvalue.KeyValueContainer (KeyValueContainer.java:close(326)) - Container 1 is closed with bcsId 40.
2020-12-24 03:52:29,550 [grpc-default-executor-0] INFO  replication.GrpcReplicationService (GrpcReplicationService.java:download(52)) - Streaming container data (1) to other datanode
2020-12-24 03:52:29,572 [ContainerReplicationThread-0] INFO  replication.DownloadAndImportReplicator (DownloadAndImportReplicator.java:replicate(120)) - Container 1 is replicated successfully
2020-12-24 03:52:29,572 [ContainerReplicationThread-0] INFO  replication.ReplicationSupervisor (ReplicationSupervisor.java:run(146)) - Container 1 is replicated.
2020-12-24 03:52:29,583 [grpc-default-executor-0] INFO  replication.GrpcOutputStream (GrpcOutputStream.java:close(104)) - Sent 16931 bytes for container 1
2020-12-24 03:52:29,584 [grpc-default-executor-0] INFO  replication.GrpcReplicationClient (GrpcReplicationClient.java:onCompleted(177)) - Container 1 is downloaded to /github/workspace/mnt/ozone/hadoop-ozone/integration-test/target/test-dir/MiniOzoneClusterImpl-9e14565b-f938-48ad-b0e9-52a6969cb554/datanode-5/data/replication/work/container-1.tar.gz
2020-12-24 03:52:29,585 [ContainerReplicationThread-0] INFO  replication.DownloadAndImportReplicator (DownloadAndImportReplicator.java:replicate(117)) - Container 1 is downloaded, starting to import.
2020-12-24 03:52:29,601 [ContainerReplicationThread-0] INFO  replication.DownloadAndImportReplicator (DownloadAndImportReplicator.java:replicate(120)) - Container 1 is replicated successfully
2020-12-24 03:52:29,602 [ContainerReplicationThread-0] INFO  replication.ReplicationSupervisor (ReplicationSupervisor.java:run(146)) - Container 1 is replicated.
2020-12-24 03:52:29,620 [DatanodeAdminManager-0] INFO  node.DatanodeAdminMonitorImpl (DatanodeAdminMonitorImpl.java:checkContainersReplicatedOnNode(297)) - b22c4f2c-1caa-4579-b370-0e993976351f{ip: 172.17.0.2, host: 822d467d5ade, networkLocation: /default-rack, certSerialId: null, persistedOpState: ENTERING_MAINTENANCE, persistedOpStateExpiryEpochSec: 0} has 1 sufficientlyReplicated, 1 underReplicated and 0 unhealthy containers
2020-12-24 03:52:29,620 [DatanodeAdminManager-0] INFO  node.DatanodeAdminMonitorImpl (DatanodeAdminMonitorImpl.java:checkContainersReplicatedOnNode(297)) - 8d530254-7283-4827-a046-112d022b0049{ip: 172.17.0.2, host: 822d467d5ade, networkLocation: /default-rack, certSerialId: null, persistedOpState: ENTERING_MAINTENANCE, persistedOpStateExpiryEpochSec: 0} has 1 sufficientlyReplicated, 1 underReplicated and 0 unhealthy containers
2020-12-24 03:52:29,620 [DatanodeAdminManager-0] INFO  node.DatanodeAdminMonitorImpl (DatanodeAdminMonitorImpl.java:checkContainersReplicatedOnNode(297)) - 9439cf50-f8ac-47a3-be84-c5264c2c00f7{ip: 172.17.0.2, host: 822d467d5ade, networkLocation: /default-rack, certSerialId: null, persistedOpState: ENTERING_MAINTENANCE, persistedOpStateExpiryEpochSec: 0} has 1 sufficientlyReplicated, 1 underReplicated and 0 unhealthy containers
2020-12-24 03:52:29,620 [DatanodeAdminManager-0] INFO  node.DatanodeAdminMonitorImpl (DatanodeAdminMonitorImpl.java:run(136)) - There are 3 nodes tracked for decommission and maintenance. 0 pending nodes.
2020-12-24 03:52:30,217 [ReplicationMonitor] INFO  container.ReplicationManager (ReplicationManager.java:handleUnderReplicatedContainer(722)) - Container #3 is under replicated. Expected replica count is 3, but found 1.
2020-12-24 03:52:30,217 [ReplicationMonitor] INFO  container.ReplicationManager (ReplicationManager.java:sendReplicateCommand(970)) - Sending replicate container command for container #3 to datanode d39cfd4e-a5ab-4099-ae66-25f36cfdb7e3{ip: 172.17.0.2, host: 822d467d5ade, networkLocation: /default-rack, certSerialId: null, persistedOpState: IN_SERVICE, persistedOpStateExpiryEpochSec: 0}
2020-12-24 03:52:30,217 [ReplicationMonitor] INFO  container.ReplicationManager (ReplicationManager.java:sendReplicateCommand(970)) - Sending replicate container command for container #3 to datanode 0dae4c23-fefe-4bb2-bc72-7e8960a30d82{ip: 172.17.0.2, host: 822d467d5ade, networkLocation: /default-rack, certSerialId: null, persistedOpState: IN_SERVICE, persistedOpStateExpiryEpochSec: 0}
2020-12-24 03:52:30,217 [ReplicationMonitor] INFO  container.ReplicationManager (ReplicationManager.java:run(250)) - Replication Monitor Thread took 1 milliseconds for processing 4 containers.
2020-12-24 03:52:30,620 [DatanodeAdminManager-0] INFO  node.DatanodeAdminMonitorImpl (DatanodeAdminMonitorImpl.java:checkContainersReplicatedOnNode(297)) - b22c4f2c-1caa-4579-b370-0e993976351f{ip: 172.17.0.2, host: 822d467d5ade, networkLocation: /default-rack, certSerialId: null, persistedOpState: ENTERING_MAINTENANCE, persistedOpStateExpiryEpochSec: 0} has 0 sufficientlyReplicated, 2 underReplicated and 0 unhealthy containers
2020-12-24 03:52:30,620 [DatanodeAdminManager-0] INFO  node.DatanodeAdminMonitorImpl (DatanodeAdminMonitorImpl.java:checkContainersReplicatedOnNode(297)) - 8d530254-7283-4827-a046-112d022b0049{ip: 172.17.0.2, host: 822d467d5ade, networkLocation: /default-rack, certSerialId: null, persistedOpState: ENTERING_MAINTENANCE, persistedOpStateExpiryEpochSec: 0} has 0 sufficientlyReplicated, 2 underReplicated and 0 unhealthy containers
2020-12-24 03:52:30,620 [DatanodeAdminManager-0] INFO  node.DatanodeAdminMonitorImpl (DatanodeAdminMonitorImpl.java:checkContainersReplicatedOnNode(297)) - 9439cf50-f8ac-47a3-be84-c5264c2c00f7{ip: 172.17.0.2, host: 822d467d5ade, networkLocation: /default-rack, certSerialId: null, persistedOpState: ENTERING_MAINTENANCE, persistedOpStateExpiryEpochSec: 0} has 0 sufficientlyReplicated, 2 underReplicated and 0 unhealthy containers
2020-12-24 03:52:30,620 [DatanodeAdminManager-0] INFO  node.DatanodeAdminMonitorImpl (DatanodeAdminMonitorImpl.java:run(136)) - There are 3 nodes tracked for decommission and maintenance. 0 pending nodes.
2020-12-24 03:52:31,218 [ReplicationMonitor] INFO  container.ReplicationManager (ReplicationManager.java:handleUnderReplicatedContainer(722)) - Container #1 is under replicated. Expected replica count is 3, but found 2.
2020-12-24 03:52:31,218 [ReplicationMonitor] INFO  container.ReplicationManager (ReplicationManager.java:sendReplicateCommand(970)) - Sending replicate container command for container #1 to datanode 5e947d80-2832-4cc2-a4b3-abe531d5f2d2{ip: 172.17.0.2, host: 822d467d5ade, networkLocation: /default-rack, certSerialId: null, persistedOpState: IN_SERVICE, persistedOpStateExpiryEpochSec: 0}
2020-12-24 03:52:31,219 [ReplicationMonitor] INFO  container.ReplicationManager (ReplicationManager.java:run(250)) - Replication Monitor Thread took 1 milliseconds for processing 4 containers.
2020-12-24 03:52:31,502 [Command processor thread] WARN  server.RaftServer (RaftServerProxy.java:remove(99)) - b22c4f2c-1caa-4579-b370-0e993976351f: does not contain group: group-39FD0216B09F
2020-12-24 03:52:31,502 [Command processor thread] ERROR commandhandler.ClosePipelineCommandHandler (ClosePipelineCommandHandler.java:handle(78)) - Can't close pipeline PipelineID=8e121648-e2a5-46ef-b0c4-39fd0216b09f
java.io.IOException: b22c4f2c-1caa-4579-b370-0e993976351f: Group group-39FD0216B09F not found.
	at org.apache.hadoop.ozone.container.common.transport.server.ratis.XceiverServerRatis.removeGroup(XceiverServerRatis.java:782)
	at org.apache.hadoop.ozone.container.common.statemachine.commandhandler.ClosePipelineCommandHandler.handle(ClosePipelineCommandHandler.java:74)
	at org.apache.hadoop.ozone.container.common.statemachine.commandhandler.CommandDispatcher.handle(CommandDispatcher.java:99)
	at org.apache.hadoop.ozone.container.common.statemachine.DatanodeStateMachine.lambda$initCommandHandlerThread$2(DatanodeStateMachine.java:498)
	at java.lang.Thread.run(Thread.java:748)
Caused by: org.apache.ratis.protocol.exceptions.GroupMismatchException: b22c4f2c-1caa-4579-b370-0e993976351f: Group group-39FD0216B09F not found.
	at org.apache.ratis.server.impl.RaftServerProxy.groupRemoveAsync(RaftServerProxy.java:494)
	at org.apache.ratis.server.impl.RaftServerProxy.groupManagementAsync(RaftServerProxy.java:450)
	at org.apache.ratis.server.impl.RaftServerProxy.groupManagement(RaftServerProxy.java:430)
	at org.apache.hadoop.ozone.container.common.transport.server.ratis.XceiverServerRatis.removeGroup(XceiverServerRatis.java:780)
	... 4 more
2020-12-24 03:52:31,507 [Command processor thread] WARN  server.RaftServer (RaftServerProxy.java:remove(99)) - b22c4f2c-1caa-4579-b370-0e993976351f: does not contain group: group-0142A39DCEE7
2020-12-24 03:52:31,507 [Command processor thread] ERROR commandhandler.ClosePipelineCommandHandler (ClosePipelineCommandHandler.java:handle(78)) - Can't close pipeline PipelineID=d214c819-bc47-4a5d-a03e-0142a39dcee7
java.io.IOException: b22c4f2c-1caa-4579-b370-0e993976351f: Group group-0142A39DCEE7 not found.
	at org.apache.hadoop.ozone.container.common.transport.server.ratis.XceiverServerRatis.removeGroup(XceiverServerRatis.java:782)
	at org.apache.hadoop.ozone.container.common.statemachine.commandhandler.ClosePipelineCommandHandler.handle(ClosePipelineCommandHandler.java:74)
	at org.apache.hadoop.ozone.container.common.statemachine.commandhandler.CommandDispatcher.handle(CommandDispatcher.java:99)
	at org.apache.hadoop.ozone.container.common.statemachine.DatanodeStateMachine.lambda$initCommandHandlerThread$2(DatanodeStateMachine.java:498)
	at java.lang.Thread.run(Thread.java:748)
Caused by: org.apache.ratis.protocol.exceptions.GroupMismatchException: b22c4f2c-1caa-4579-b370-0e993976351f: Group group-0142A39DCEE7 not found.
	at org.apache.ratis.server.impl.RaftServerProxy.groupRemoveAsync(RaftServerProxy.java:494)
	at org.apache.ratis.server.impl.RaftServerProxy.groupManagementAsync(RaftServerProxy.java:450)
	at org.apache.ratis.server.impl.RaftServerProxy.groupManagement(RaftServerProxy.java:430)
	at org.apache.hadoop.ozone.container.common.transport.server.ratis.XceiverServerRatis.removeGroup(XceiverServerRatis.java:780)
	... 4 more
2020-12-24 03:52:31,507 [Command processor thread] INFO  keyvalue.KeyValueContainer (KeyValueContainer.java:flushAndSyncDB(388)) - Container 1 is synced with bcsId 40.
2020-12-24 03:52:31,508 [Command processor thread] INFO  keyvalue.KeyValueContainer (KeyValueContainer.java:flushAndSyncDB(388)) - Container 1 is synced with bcsId 40.
2020-12-24 03:52:31,511 [Command processor thread] INFO  keyvalue.KeyValueContainer (KeyValueContainer.java:close(326)) - Container 1 is closed with bcsId 40.
2020-12-24 03:52:31,512 [Command processor thread] INFO  keyvalue.KeyValueContainer (KeyValueContainer.java:flushAndSyncDB(388)) - Container 3 is synced with bcsId 44.
2020-12-24 03:52:31,512 [Command processor thread] INFO  keyvalue.KeyValueContainer (KeyValueContainer.java:flushAndSyncDB(388)) - Container 3 is synced with bcsId 44.
2020-12-24 03:52:31,518 [Command processor thread] INFO  keyvalue.KeyValueContainer (KeyValueContainer.java:close(326)) - Container 3 is closed with bcsId 44.
2020-12-24 03:52:31,522 [ContainerReplicationThread-1] INFO  replication.DownloadAndImportReplicator (DownloadAndImportReplicator.java:replicate(106)) - Starting replication of container 3 from [8d530254-7283-4827-a046-112d022b0049{ip: 172.17.0.2, host: 822d467d5ade, networkLocation: /default-rack, certSerialId: null, persistedOpState: ENTERING_MAINTENANCE, persistedOpStateExpiryEpochSec: 0}, 9439cf50-f8ac-47a3-be84-c5264c2c00f7{ip: 172.17.0.2, host: 822d467d5ade, networkLocation: /default-rack, certSerialId: null, persistedOpState: ENTERING_MAINTENANCE, persistedOpStateExpiryEpochSec: 0}, b22c4f2c-1caa-4579-b370-0e993976351f{ip: 172.17.0.2, host: 822d467d5ade, networkLocation: /default-rack, certSerialId: null, persistedOpState: ENTERING_MAINTENANCE, persistedOpStateExpiryEpochSec: 0}]
2020-12-24 03:52:31,530 [grpc-default-executor-0] INFO  replication.GrpcReplicationService (GrpcReplicationService.java:download(52)) - Streaming container data (3) to other datanode
2020-12-24 03:52:31,536 [grpc-default-executor-0] INFO  replication.GrpcOutputStream (GrpcOutputStream.java:close(104)) - Sent 11025 bytes for container 3
2020-12-24 03:52:31,536 [grpc-default-executor-1] INFO  replication.GrpcReplicationClient (GrpcReplicationClient.java:onCompleted(177)) - Container 3 is downloaded to /github/workspace/mnt/ozone/hadoop-ozone/integration-test/target/test-dir/MiniOzoneClusterImpl-9e14565b-f938-48ad-b0e9-52a6969cb554/datanode-4/data/replication/work/container-3.tar.gz
2020-12-24 03:52:31,539 [ContainerReplicationThread-1] INFO  replication.DownloadAndImportReplicator (DownloadAndImportReplicator.java:replicate(106)) - Starting replication of container 3 from [8d530254-7283-4827-a046-112d022b0049{ip: 172.17.0.2, host: 822d467d5ade, networkLocation: /default-rack, certSerialId: null, persistedOpState: ENTERING_MAINTENANCE, persistedOpStateExpiryEpochSec: 0}, 9439cf50-f8ac-47a3-be84-c5264c2c00f7{ip: 172.17.0.2, host: 822d467d5ade, networkLocation: /default-rack, certSerialId: null, persistedOpState: ENTERING_MAINTENANCE, persistedOpStateExpiryEpochSec: 0}, b22c4f2c-1caa-4579-b370-0e993976351f{ip: 172.17.0.2, host: 822d467d5ade, networkLocation: /default-rack, certSerialId: null, persistedOpState: ENTERING_MAINTENANCE, persistedOpStateExpiryEpochSec: 0}]
2020-12-24 03:52:31,539 [ContainerReplicationThread-1] INFO  replication.DownloadAndImportReplicator (DownloadAndImportReplicator.java:replicate(117)) - Container 3 is downloaded, starting to import.
2020-12-24 03:52:31,547 [grpc-default-executor-1] INFO  replication.GrpcReplicationService (GrpcReplicationService.java:download(52)) - Streaming container data (3) to other datanode
2020-12-24 03:52:31,592 [ContainerReplicationThread-1] INFO  replication.DownloadAndImportReplicator (DownloadAndImportReplicator.java:replicate(120)) - Container 3 is replicated successfully
2020-12-24 03:52:31,592 [ContainerReplicationThread-1] INFO  replication.ReplicationSupervisor (ReplicationSupervisor.java:run(146)) - Container 3 is replicated.
2020-12-24 03:52:31,604 [grpc-default-executor-1] INFO  replication.GrpcOutputStream (GrpcOutputStream.java:close(104)) - Sent 18720 bytes for container 3
2020-12-24 03:52:31,606 [grpc-default-executor-0] INFO  replication.GrpcReplicationClient (GrpcReplicationClient.java:onCompleted(177)) - Container 3 is downloaded to /github/workspace/mnt/ozone/hadoop-ozone/integration-test/target/test-dir/MiniOzoneClusterImpl-9e14565b-f938-48ad-b0e9-52a6969cb554/datanode-5/data/replication/work/container-3.tar.gz
2020-12-24 03:52:31,609 [ContainerReplicationThread-1] INFO  replication.DownloadAndImportReplicator (DownloadAndImportReplicator.java:replicate(117)) - Container 3 is downloaded, starting to import.
2020-12-24 03:52:31,620 [DatanodeAdminManager-0] INFO  node.DatanodeAdminMonitorImpl (DatanodeAdminMonitorImpl.java:checkContainersReplicatedOnNode(297)) - b22c4f2c-1caa-4579-b370-0e993976351f{ip: 172.17.0.2, host: 822d467d5ade, networkLocation: /default-rack, certSerialId: null, persistedOpState: ENTERING_MAINTENANCE, persistedOpStateExpiryEpochSec: 0} has 1 sufficientlyReplicated, 1 underReplicated and 0 unhealthy containers
2020-12-24 03:52:31,620 [DatanodeAdminManager-0] INFO  node.DatanodeAdminMonitorImpl (DatanodeAdminMonitorImpl.java:checkContainersReplicatedOnNode(297)) - 8d530254-7283-4827-a046-112d022b0049{ip: 172.17.0.2, host: 822d467d5ade, networkLocation: /default-rack, certSerialId: null, persistedOpState: ENTERING_MAINTENANCE, persistedOpStateExpiryEpochSec: 0} has 1 sufficientlyReplicated, 1 underReplicated and 0 unhealthy containers
2020-12-24 03:52:31,620 [DatanodeAdminManager-0] INFO  node.DatanodeAdminMonitorImpl (DatanodeAdminMonitorImpl.java:checkContainersReplicatedOnNode(297)) - 9439cf50-f8ac-47a3-be84-c5264c2c00f7{ip: 172.17.0.2, host: 822d467d5ade, networkLocation: /default-rack, certSerialId: null, persistedOpState: ENTERING_MAINTENANCE, persistedOpStateExpiryEpochSec: 0} has 1 sufficientlyReplicated, 1 underReplicated and 0 unhealthy containers
2020-12-24 03:52:31,620 [DatanodeAdminManager-0] INFO  node.DatanodeAdminMonitorImpl (DatanodeAdminMonitorImpl.java:run(136)) - There are 3 nodes tracked for decommission and maintenance. 0 pending nodes.
2020-12-24 03:52:31,631 [ContainerReplicationThread-1] INFO  replication.DownloadAndImportReplicator (DownloadAndImportReplicator.java:replicate(120)) - Container 3 is replicated successfully
2020-12-24 03:52:31,631 [ContainerReplicationThread-1] INFO  replication.ReplicationSupervisor (ReplicationSupervisor.java:run(146)) - Container 3 is replicated.
2020-12-24 03:52:32,219 [ReplicationMonitor] INFO  container.ReplicationManager (ReplicationManager.java:run(250)) - Replication Monitor Thread took 1 milliseconds for processing 4 containers.
2020-12-24 03:52:32,525 [ContainerReplicationThread-0] INFO  replication.DownloadAndImportReplicator (DownloadAndImportReplicator.java:replicate(106)) - Starting replication of container 1 from [9439cf50-f8ac-47a3-be84-c5264c2c00f7{ip: 172.17.0.2, host: 822d467d5ade, networkLocation: /default-rack, certSerialId: null, persistedOpState: ENTERING_MAINTENANCE, persistedOpStateExpiryEpochSec: 0}, b22c4f2c-1caa-4579-b370-0e993976351f{ip: 172.17.0.2, host: 822d467d5ade, networkLocation: /default-rack, certSerialId: null, persistedOpState: ENTERING_MAINTENANCE, persistedOpStateExpiryEpochSec: 0}, d39cfd4e-a5ab-4099-ae66-25f36cfdb7e3{ip: 172.17.0.2, host: 822d467d5ade, networkLocation: /default-rack, certSerialId: null, persistedOpState: IN_SERVICE, persistedOpStateExpiryEpochSec: 0}, 8d530254-7283-4827-a046-112d022b0049{ip: 172.17.0.2, host: 822d467d5ade, networkLocation: /default-rack, certSerialId: null, persistedOpState: ENTERING_MAINTENANCE, persistedOpStateExpiryEpochSec: 0}]
2020-12-24 03:52:32,530 [grpc-default-executor-1] INFO  replication.GrpcReplicationService (GrpcReplicationService.java:download(52)) - Streaming container data (1) to other datanode
2020-12-24 03:52:32,550 [grpc-default-executor-1] INFO  replication.GrpcOutputStream (GrpcOutputStream.java:close(104)) - Sent 26656 bytes for container 1
2020-12-24 03:52:32,552 [grpc-default-executor-0] INFO  replication.GrpcReplicationClient (GrpcReplicationClient.java:onCompleted(177)) - Container 1 is downloaded to /github/workspace/mnt/ozone/hadoop-ozone/integration-test/target/test-dir/MiniOzoneClusterImpl-9e14565b-f938-48ad-b0e9-52a6969cb554/datanode-3/data/replication/work/container-1.tar.gz
2020-12-24 03:52:32,554 [ContainerReplicationThread-0] INFO  replication.DownloadAndImportReplicator (DownloadAndImportReplicator.java:replicate(117)) - Container 1 is downloaded, starting to import.
2020-12-24 03:52:32,578 [ContainerReplicationThread-0] INFO  replication.DownloadAndImportReplicator (DownloadAndImportReplicator.java:replicate(120)) - Container 1 is replicated successfully
2020-12-24 03:52:32,578 [ContainerReplicationThread-0] INFO  replication.ReplicationSupervisor (ReplicationSupervisor.java:run(146)) - Container 1 is replicated.
2020-12-24 03:52:32,620 [DatanodeAdminManager-0] INFO  node.DatanodeAdminMonitorImpl (DatanodeAdminMonitorImpl.java:checkContainersReplicatedOnNode(297)) - b22c4f2c-1caa-4579-b370-0e993976351f{ip: 172.17.0.2, host: 822d467d5ade, networkLocation: /default-rack, certSerialId: null, persistedOpState: ENTERING_MAINTENANCE, persistedOpStateExpiryEpochSec: 0} has 2 sufficientlyReplicated, 0 underReplicated and 0 unhealthy containers
2020-12-24 03:52:32,620 [DatanodeAdminManager-0] INFO  node.DatanodeAdminMonitorImpl (DatanodeAdminMonitorImpl.java:putIntoMaintenance(313)) - Datanode b22c4f2c-1caa-4579-b370-0e993976351f{ip: 172.17.0.2, host: 822d467d5ade, networkLocation: /default-rack, certSerialId: null, persistedOpState: ENTERING_MAINTENANCE, persistedOpStateExpiryEpochSec: 0} has entered maintenance
2020-12-24 03:52:32,620 [DatanodeAdminManager-0] INFO  node.DatanodeAdminMonitorImpl (DatanodeAdminMonitorImpl.java:checkContainersReplicatedOnNode(297)) - 8d530254-7283-4827-a046-112d022b0049{ip: 172.17.0.2, host: 822d467d5ade, networkLocation: /default-rack, certSerialId: null, persistedOpState: ENTERING_MAINTENANCE, persistedOpStateExpiryEpochSec: 0} has 2 sufficientlyReplicated, 0 underReplicated and 0 unhealthy containers
2020-12-24 03:52:32,620 [DatanodeAdminManager-0] INFO  node.DatanodeAdminMonitorImpl (DatanodeAdminMonitorImpl.java:putIntoMaintenance(313)) - Datanode 8d530254-7283-4827-a046-112d022b0049{ip: 172.17.0.2, host: 822d467d5ade, networkLocation: /default-rack, certSerialId: null, persistedOpState: ENTERING_MAINTENANCE, persistedOpStateExpiryEpochSec: 0} has entered maintenance
2020-12-24 03:52:32,620 [DatanodeAdminManager-0] INFO  node.DatanodeAdminMonitorImpl (DatanodeAdminMonitorImpl.java:checkContainersReplicatedOnNode(297)) - 9439cf50-f8ac-47a3-be84-c5264c2c00f7{ip: 172.17.0.2, host: 822d467d5ade, networkLocation: /default-rack, certSerialId: null, persistedOpState: ENTERING_MAINTENANCE, persistedOpStateExpiryEpochSec: 0} has 2 sufficientlyReplicated, 0 underReplicated and 0 unhealthy containers
2020-12-24 03:52:32,620 [DatanodeAdminManager-0] INFO  node.DatanodeAdminMonitorImpl (DatanodeAdminMonitorImpl.java:putIntoMaintenance(313)) - Datanode 9439cf50-f8ac-47a3-be84-c5264c2c00f7{ip: 172.17.0.2, host: 822d467d5ade, networkLocation: /default-rack, certSerialId: null, persistedOpState: ENTERING_MAINTENANCE, persistedOpStateExpiryEpochSec: 0} has entered maintenance
2020-12-24 03:52:32,621 [DatanodeAdminManager-0] INFO  node.DatanodeAdminMonitorImpl (DatanodeAdminMonitorImpl.java:run(136)) - There are 3 nodes tracked for decommission and maintenance. 0 pending nodes.
2020-12-24 03:52:33,220 [ReplicationMonitor] INFO  container.ReplicationManager (ReplicationManager.java:run(250)) - Replication Monitor Thread took 0 milliseconds for processing 4 containers.
2020-12-24 03:52:33,511 [IPC Server handler 11 on default port 44015] INFO  node.SCMNodeManager (SCMNodeManager.java:updateDatanodeOpState(419)) - Scheduling a command to update the operationalState persisted on the datanode as the reported value (ENTERING_MAINTENANCE, 0) does not match the value stored in SCM (IN_MAINTENANCE, 0)
2020-12-24 03:52:33,518 [IPC Server handler 15 on default port 44015] INFO  node.SCMNodeManager (SCMNodeManager.java:updateDatanodeOpState(419)) - Scheduling a command to update the operationalState persisted on the datanode as the reported value (ENTERING_MAINTENANCE, 0) does not match the value stored in SCM (IN_MAINTENANCE, 0)
2020-12-24 03:52:33,560 [IPC Server handler 18 on default port 44015] INFO  node.SCMNodeManager (SCMNodeManager.java:updateDatanodeOpState(419)) - Scheduling a command to update the operationalState persisted on the datanode as the reported value (ENTERING_MAINTENANCE, 0) does not match the value stored in SCM (IN_MAINTENANCE, 0)
2020-12-24 03:52:33,620 [DatanodeAdminManager-0] INFO  node.DatanodeAdminMonitorImpl (DatanodeAdminMonitorImpl.java:run(136)) - There are 3 nodes tracked for decommission and maintenance. 0 pending nodes.
2020-12-24 03:52:34,221 [ReplicationMonitor] INFO  container.ReplicationManager (ReplicationManager.java:run(250)) - Replication Monitor Thread took 0 milliseconds for processing 4 containers.
2020-12-24 03:52:34,511 [IPC Server handler 11 on default port 44015] INFO  node.SCMNodeManager (SCMNodeManager.java:updateDatanodeOpState(419)) - Scheduling a command to update the operationalState persisted on the datanode as the reported value (ENTERING_MAINTENANCE, 0) does not match the value stored in SCM (IN_MAINTENANCE, 0)
2020-12-24 03:52:34,519 [IPC Server handler 15 on default port 44015] INFO  node.SCMNodeManager (SCMNodeManager.java:updateDatanodeOpState(419)) - Scheduling a command to update the operationalState persisted on the datanode as the reported value (ENTERING_MAINTENANCE, 0) does not match the value stored in SCM (IN_MAINTENANCE, 0)
2020-12-24 03:52:34,620 [DatanodeAdminManager-0] INFO  node.DatanodeAdminMonitorImpl (DatanodeAdminMonitorImpl.java:run(136)) - There are 3 nodes tracked for decommission and maintenance. 0 pending nodes.
2020-12-24 03:52:35,222 [ReplicationMonitor] INFO  container.ReplicationManager (ReplicationManager.java:run(250)) - Replication Monitor Thread took 0 milliseconds for processing 4 containers.
2020-12-24 03:52:35,620 [DatanodeAdminManager-0] INFO  node.DatanodeAdminMonitorImpl (DatanodeAdminMonitorImpl.java:run(136)) - There are 3 nodes tracked for decommission and maintenance. 0 pending nodes.
2020-12-24 03:52:35,652 [Listener at 127.0.0.1/36349] INFO  ozone.MiniOzoneClusterImpl (MiniOzoneClusterImpl.java:shutdown(388)) - Shutting down the Mini Ozone Cluster
2020-12-24 03:52:35,652 [Listener at 127.0.0.1/36349] INFO  ozone.MiniOzoneClusterImpl (MiniOzoneClusterImpl.java:stop(403)) - Stopping the Mini Ozone Cluster
2020-12-24 03:52:35,653 [Listener at 127.0.0.1/36349] INFO  ozone.MiniOzoneClusterImpl (MiniOzoneClusterImpl.java:stopOM(485)) - Stopping the OzoneManager
2020-12-24 03:52:35,653 [Listener at 127.0.0.1/36349] INFO  ipc.Server (Server.java:stop(3359)) - Stopping server on 36349
2020-12-24 03:52:35,658 [IPC Server listener on 0] INFO  ipc.Server (Server.java:run(1330)) - Stopping IPC Server listener on 0
2020-12-24 03:52:35,659 [IPC Server Responder] INFO  ipc.Server (Server.java:run(1465)) - Stopping IPC Server Responder
2020-12-24 03:52:35,659 [Listener at 127.0.0.1/36349] INFO  ratis.OzoneManagerDoubleBuffer (OzoneManagerDoubleBuffer.java:stop(457)) - Stopping OMDoubleBuffer flush thread
2020-12-24 03:52:35,660 [OMDoubleBufferFlushThread] INFO  ratis.OzoneManagerDoubleBuffer (OzoneManagerDoubleBuffer.java:flushTransactions(356)) - OMDoubleBuffer flush thread OMDoubleBufferFlushThread is interrupted and will exit. OMDoubleBufferFlushThread
2020-12-24 03:52:35,660 [Listener at 127.0.0.1/36349] INFO  utils.BackgroundService (BackgroundService.java:shutdown(132)) - Shutting down service KeyDeletingService
2020-12-24 03:52:35,661 [Listener at 127.0.0.1/36349] INFO  handler.ContextHandler (ContextHandler.java:doStop(1154)) - Stopped o.e.j.w.WebAppContext@5d5f010a{ozoneManager,/,null,STOPPED}{file:/github/workspace/mnt/ozone/hadoop-ozone/integration-test/target/test-classes/webapps/ozoneManager}
2020-12-24 03:52:35,662 [Listener at 127.0.0.1/36349] INFO  server.AbstractConnector (AbstractConnector.java:doStop(381)) - Stopped ServerConnector@2cf1c10e{HTTP/1.1, (http/1.1)}{0.0.0.0:0}
2020-12-24 03:52:35,662 [Listener at 127.0.0.1/36349] INFO  server.session (HouseKeeper.java:stopScavenging(149)) - node0 Stopped scavenging
2020-12-24 03:52:35,662 [Listener at 127.0.0.1/36349] INFO  handler.ContextHandler (ContextHandler.java:doStop(1154)) - Stopped o.e.j.s.ServletContextHandler@37220ee3{static,/static,file:///github/workspace/mnt/ozone/hadoop-ozone/integration-test/target/test-classes/webapps/static,STOPPED}
2020-12-24 03:52:35,662 [Listener at 127.0.0.1/36349] INFO  handler.ContextHandler (ContextHandler.java:doStop(1154)) - Stopped o.e.j.s.ServletContextHandler@4f8ad451{logs,/logs,file:///github/workspace/mnt/ozone/hadoop-ozone/integration-test/target/log,STOPPED}
2020-12-24 03:52:35,668 [Listener at 127.0.0.1/36349] INFO  ozone.MiniOzoneClusterImpl (MiniOzoneClusterImpl.java:stopDatanodes(462)) - Stopping the HddsDatanodes
2020-12-24 03:52:36,222 [ReplicationMonitor] INFO  container.ReplicationManager (ReplicationManager.java:run(250)) - Replication Monitor Thread took 1 milliseconds for processing 4 containers.
2020-12-24 03:52:36,510 [Datanode State Machine Thread - 0] INFO  statemachine.DatanodeStateMachine (DatanodeStateMachine.java:lambda$startDaemon$0(408)) - Ozone container server started.
2020-12-24 03:52:36,578 [Datanode State Machine Thread - 0] INFO  statemachine.DatanodeStateMachine (DatanodeStateMachine.java:lambda$startDaemon$0(408)) - Ozone container server started.
2020-12-24 03:52:36,620 [DatanodeAdminManager-0] INFO  node.DatanodeAdminMonitorImpl (DatanodeAdminMonitorImpl.java:run(136)) - There are 3 nodes tracked for decommission and maintenance. 0 pending nodes.
2020-12-24 03:52:36,727 [ForkJoinPool.commonPool-worker-0] INFO  ozoneimpl.OzoneContainer (OzoneContainer.java:stop(257)) - Attempting to stop container services.
2020-12-24 03:52:36,727 [ForkJoinPool.commonPool-worker-0] INFO  server.RaftServer (RaftServerProxy.java:lambda$close$6(387)) - 8d530254-7283-4827-a046-112d022b0049: close
2020-12-24 03:52:36,727 [ForkJoinPool.commonPool-worker-0] INFO  server.GrpcService (GrpcService.java:closeImpl(184)) - 8d530254-7283-4827-a046-112d022b0049: shutdown server with port 39581 now
2020-12-24 03:52:36,729 [ForkJoinPool.commonPool-worker-0] INFO  server.GrpcService (GrpcService.java:closeImpl(193)) - 8d530254-7283-4827-a046-112d022b0049: shutdown server with port 39581 successfully
2020-12-24 03:52:36,730 [org.apache.ratis.util.JvmPauseMonitor$$Lambda$222/1720804448@6276db61] INFO  util.JvmPauseMonitor (JvmPauseMonitor.java:run(109)) - JvmPauseMonitor-8d530254-7283-4827-a046-112d022b0049: Stopped
2020-12-24 03:52:36,734 [ForkJoinPool.commonPool-worker-0] INFO  utils.BackgroundService (BackgroundService.java:shutdown(132)) - Shutting down service BlockDeletingService
2020-12-24 03:52:36,736 [ForkJoinPool.commonPool-worker-0] INFO  statemachine.DatanodeStateMachine (DatanodeStateMachine.java:stopDaemon(461)) - Ozone container server stopped.
2020-12-24 03:52:36,748 [ForkJoinPool.commonPool-worker-0] INFO  handler.ContextHandler (ContextHandler.java:doStop(1154)) - Stopped o.e.j.w.WebAppContext@39613474{hddsDatanode,/,null,STOPPED}{jar:file:/home/user/.m2/repository/org/apache/hadoop/hadoop-hdds-container-service/1.1.0-SNAPSHOT/hadoop-hdds-container-service-1.1.0-SNAPSHOT.jar!/webapps/hddsDatanode}
2020-12-24 03:52:36,749 [ForkJoinPool.commonPool-worker-0] INFO  server.AbstractConnector (AbstractConnector.java:doStop(381)) - Stopped ServerConnector@3ad32e52{HTTP/1.1, (http/1.1)}{0.0.0.0:0}
2020-12-24 03:52:36,750 [ForkJoinPool.commonPool-worker-0] INFO  server.session (HouseKeeper.java:stopScavenging(149)) - node0 Stopped scavenging
2020-12-24 03:52:36,750 [ForkJoinPool.commonPool-worker-0] INFO  handler.ContextHandler (ContextHandler.java:doStop(1154)) - Stopped o.e.j.s.ServletContextHandler@3261b8bf{static,/static,jar:file:/home/user/.m2/repository/org/apache/hadoop/hadoop-hdds-container-service/1.1.0-SNAPSHOT/hadoop-hdds-container-service-1.1.0-SNAPSHOT.jar!/webapps/static,STOPPED}
2020-12-24 03:52:36,751 [ForkJoinPool.commonPool-worker-0] INFO  handler.ContextHandler (ContextHandler.java:doStop(1154)) - Stopped o.e.j.s.ServletContextHandler@2a94a702{logs,/logs,file:///github/workspace/mnt/ozone/hadoop-ozone/integration-test/target/log,STOPPED}
2020-12-24 03:52:36,959 [Listener at 127.0.0.1/36349] INFO  ozoneimpl.OzoneContainer (OzoneContainer.java:stop(257)) - Attempting to stop container services.
2020-12-24 03:52:36,960 [Listener at 127.0.0.1/36349] INFO  server.RaftServer (RaftServerProxy.java:lambda$close$6(387)) - 5e947d80-2832-4cc2-a4b3-abe531d5f2d2: close
2020-12-24 03:52:36,960 [Listener at 127.0.0.1/36349] INFO  server.RaftServer$Division (RaftServerImpl.java:lambda$close$4(397)) - 5e947d80-2832-4cc2-a4b3-abe531d5f2d2@group-84FA30717AF9: shutdown
2020-12-24 03:52:36,960 [Listener at 127.0.0.1/36349] INFO  util.JmxRegister (JmxRegister.java:unregister(73)) - Successfully un-registered JMX Bean with object name Ratis:service=RaftServer,group=group-84FA30717AF9,id=5e947d80-2832-4cc2-a4b3-abe531d5f2d2
2020-12-24 03:52:36,961 [Listener at 127.0.0.1/36349] INFO  impl.RoleInfo (RoleInfo.java:shutdownLeaderState(91)) - 5e947d80-2832-4cc2-a4b3-abe531d5f2d2: shutdown 5e947d80-2832-4cc2-a4b3-abe531d5f2d2@group-84FA30717AF9-LeaderStateImpl
2020-12-24 03:52:36,961 [Listener at 127.0.0.1/36349] INFO  impl.PendingRequests (PendingRequests.java:sendNotLeaderResponses(249)) - 5e947d80-2832-4cc2-a4b3-abe531d5f2d2@group-84FA30717AF9-PendingRequests: sendNotLeaderResponses
2020-12-24 03:52:36,961 [Listener at 127.0.0.1/36349] INFO  metrics.RatisMetrics (RatisMetrics.java:unregister(43)) - Unregistering Metrics Registry : ratis.log_appender.5e947d80-2832-4cc2-a4b3-abe531d5f2d2@group-84FA30717AF9
2020-12-24 03:52:36,961 [Listener at 127.0.0.1/36349] INFO  metrics.RatisMetrics (RatisMetrics.java:unregister(43)) - Unregistering Metrics Registry : ratis.server.5e947d80-2832-4cc2-a4b3-abe531d5f2d2@group-84FA30717AF9
2020-12-24 03:52:36,962 [Listener at 127.0.0.1/36349] INFO  impl.StateMachineUpdater (StateMachineUpdater.java:stopAndJoin(148)) - 5e947d80-2832-4cc2-a4b3-abe531d5f2d2@group-84FA30717AF9-StateMachineUpdater: set stopIndex = 0
2020-12-24 03:52:36,963 [5e947d80-2832-4cc2-a4b3-abe531d5f2d2@group-84FA30717AF9-StateMachineUpdater] INFO  ratis.ContainerStateMachine (ContainerStateMachine.java:takeSnapshot(291)) - group-84FA30717AF9: Taking a snapshot at:(t:1, i:0) file /github/workspace/mnt/ozone/hadoop-ozone/integration-test/target/test-dir/MiniOzoneClusterImpl-9e14565b-f938-48ad-b0e9-52a6969cb554/datanode-3/data/ratis/0b8d01b0-9d46-4811-b14e-84fa30717af9/sm/snapshot.1_0
2020-12-24 03:52:36,964 [5e947d80-2832-4cc2-a4b3-abe531d5f2d2@group-84FA30717AF9-StateMachineUpdater] INFO  ratis.ContainerStateMachine (ContainerStateMachine.java:takeSnapshot(302)) - group-84FA30717AF9: Finished taking a snapshot at:(t:1, i:0) file:/github/workspace/mnt/ozone/hadoop-ozone/integration-test/target/test-dir/MiniOzoneClusterImpl-9e14565b-f938-48ad-b0e9-52a6969cb554/datanode-3/data/ratis/0b8d01b0-9d46-4811-b14e-84fa30717af9/sm/snapshot.1_0 time:1
2020-12-24 03:52:36,964 [5e947d80-2832-4cc2-a4b3-abe531d5f2d2@group-84FA30717AF9-StateMachineUpdater] INFO  impl.StateMachineUpdater (StateMachineUpdater.java:takeSnapshot(279)) - 5e947d80-2832-4cc2-a4b3-abe531d5f2d2@group-84FA30717AF9-StateMachineUpdater: Took a snapshot at index 0
2020-12-24 03:52:36,964 [5e947d80-2832-4cc2-a4b3-abe531d5f2d2@group-84FA30717AF9-StateMachineUpdater] INFO  impl.StateMachineUpdater (StateMachineUpdater.java:lambda$new$0(88)) - 5e947d80-2832-4cc2-a4b3-abe531d5f2d2@group-84FA30717AF9-StateMachineUpdater: snapshotIndex: updateIncreasingly -1 -> 0
2020-12-24 03:52:36,964 [5e947d80-2832-4cc2-a4b3-abe531d5f2d2@group-84FA30717AF9-StateMachineUpdater] INFO  metrics.RatisMetrics (RatisMetrics.java:unregister(43)) - Unregistering Metrics Registry : ratis.state_machine.5e947d80-2832-4cc2-a4b3-abe531d5f2d2@group-84FA30717AF9
2020-12-24 03:52:36,965 [Listener at 127.0.0.1/36349] INFO  server.RaftServer$Division (ServerState.java:close(406)) - 5e947d80-2832-4cc2-a4b3-abe531d5f2d2@group-84FA30717AF9: closes. applyIndex: 0
2020-12-24 03:52:36,965 [5e947d80-2832-4cc2-a4b3-abe531d5f2d2@group-84FA30717AF9-SegmentedRaftLogWorker] INFO  segmented.SegmentedRaftLogWorker (SegmentedRaftLogWorker.java:run(326)) - 5e947d80-2832-4cc2-a4b3-abe531d5f2d2@group-84FA30717AF9-SegmentedRaftLogWorker was interrupted, exiting. There are 0 tasks remaining in the queue.
2020-12-24 03:52:36,966 [Listener at 127.0.0.1/36349] INFO  segmented.SegmentedRaftLogWorker (SegmentedRaftLogWorker.java:close(236)) - 5e947d80-2832-4cc2-a4b3-abe531d5f2d2@group-84FA30717AF9-SegmentedRaftLogWorker close()
2020-12-24 03:52:36,966 [Listener at 127.0.0.1/36349] INFO  metrics.RatisMetrics (RatisMetrics.java:unregister(43)) - Unregistering Metrics Registry : ratis.log_worker.5e947d80-2832-4cc2-a4b3-abe531d5f2d2@group-84FA30717AF9
2020-12-24 03:52:36,966 [Listener at 127.0.0.1/36349] INFO  metrics.RatisMetrics (RatisMetrics.java:unregister(43)) - Unregistering Metrics Registry : ratis.leader_election.5e947d80-2832-4cc2-a4b3-abe531d5f2d2@group-84FA30717AF9
2020-12-24 03:52:36,967 [Listener at 127.0.0.1/36349] INFO  metrics.RatisMetrics (RatisMetrics.java:unregister(43)) - Unregistering Metrics Registry : ratis.server.5e947d80-2832-4cc2-a4b3-abe531d5f2d2@group-84FA30717AF9
2020-12-24 03:52:36,967 [Listener at 127.0.0.1/36349] INFO  server.RaftServer$Division (RaftServerImpl.java:lambda$close$4(397)) - 5e947d80-2832-4cc2-a4b3-abe531d5f2d2@group-862D180445F9: shutdown
2020-12-24 03:52:36,967 [Listener at 127.0.0.1/36349] INFO  util.JmxRegister (JmxRegister.java:unregister(73)) - Successfully un-registered JMX Bean with object name Ratis:service=RaftServer,group=group-862D180445F9,id=5e947d80-2832-4cc2-a4b3-abe531d5f2d2
2020-12-24 03:52:36,967 [Listener at 127.0.0.1/36349] INFO  impl.RoleInfo (RoleInfo.java:shutdownLeaderState(91)) - 5e947d80-2832-4cc2-a4b3-abe531d5f2d2: shutdown 5e947d80-2832-4cc2-a4b3-abe531d5f2d2@group-862D180445F9-LeaderStateImpl
2020-12-24 03:52:36,968 [Listener at 127.0.0.1/36349] INFO  metrics.RatisMetrics (RatisMetrics.java:unregister(43)) - Unregistering Metrics Registry : ratis_grpc.log_appender.5e947d80-2832-4cc2-a4b3-abe531d5f2d2@group-862D180445F9
2020-12-24 03:52:36,968 [Listener at 127.0.0.1/36349] INFO  metrics.RatisMetrics (RatisMetrics.java:unregister(43)) - Unregistering Metrics Registry : ratis_grpc.log_appender.5e947d80-2832-4cc2-a4b3-abe531d5f2d2@group-862D180445F9
2020-12-24 03:52:36,968 [5e947d80-2832-4cc2-a4b3-abe531d5f2d2@group-862D180445F9->d39cfd4e-a5ab-4099-ae66-25f36cfdb7e3-GrpcLogAppender-LogAppenderDaemon] WARN  server.GrpcLogAppender (GrpcLogAppender.java:mayWait(174)) - 5e947d80-2832-4cc2-a4b3-abe531d5f2d2@group-862D180445F9->d39cfd4e-a5ab-4099-ae66-25f36cfdb7e3-GrpcLogAppender: Wait interrupted by java.lang.InterruptedException
2020-12-24 03:52:36,968 [Listener at 127.0.0.1/36349] INFO  impl.PendingRequests (PendingRequests.java:sendNotLeaderResponses(249)) - 5e947d80-2832-4cc2-a4b3-abe531d5f2d2@group-862D180445F9-PendingRequests: sendNotLeaderResponses
2020-12-24 03:52:36,968 [5e947d80-2832-4cc2-a4b3-abe531d5f2d2@group-862D180445F9->0dae4c23-fefe-4bb2-bc72-7e8960a30d82-GrpcLogAppender-LogAppenderDaemon] WARN  server.GrpcLogAppender (GrpcLogAppender.java:mayWait(174)) - 5e947d80-2832-4cc2-a4b3-abe531d5f2d2@group-862D180445F9->0dae4c23-fefe-4bb2-bc72-7e8960a30d82-GrpcLogAppender: Wait interrupted by java.lang.InterruptedException
2020-12-24 03:52:36,968 [grpc-default-executor-0] INFO  server.GrpcServerProtocolService (GrpcServerProtocolService.java:onCompleted(138)) - d39cfd4e-a5ab-4099-ae66-25f36cfdb7e3: Completed APPEND_ENTRIES, lastRequest: 5e947d80-2832-4cc2-a4b3-abe531d5f2d2->d39cfd4e-a5ab-4099-ae66-25f36cfdb7e3#376-t1,previous=(t:1, i:31),leaderCommit=30,initializing? true,entries: size=1, first=(t:1, i:32), METADATAENTRY(c:30)
2020-12-24 03:52:36,969 [grpc-default-executor-1] INFO  server.GrpcServerProtocolService (GrpcServerProtocolService.java:onCompleted(138)) - 0dae4c23-fefe-4bb2-bc72-7e8960a30d82: Completed APPEND_ENTRIES, lastRequest: 5e947d80-2832-4cc2-a4b3-abe531d5f2d2->0dae4c23-fefe-4bb2-bc72-7e8960a30d82#371-t1,previous=(t:1, i:31),leaderCommit=30,initializing? true,entries: size=1, first=(t:1, i:32), METADATAENTRY(c:30)
2020-12-24 03:52:36,969 [grpc-default-executor-1] INFO  server.GrpcLogAppender (GrpcLogAppender.java:onCompleted(343)) - 5e947d80-2832-4cc2-a4b3-abe531d5f2d2@group-862D180445F9->d39cfd4e-a5ab-4099-ae66-25f36cfdb7e3-AppendLogResponseHandler: follower responses appendEntries COMPLETED
2020-12-24 03:52:36,969 [grpc-default-executor-1] INFO  leader.FollowerInfo (FollowerInfoImpl.java:lambda$new$0(46)) - 5e947d80-2832-4cc2-a4b3-abe531d5f2d2@group-862D180445F9->d39cfd4e-a5ab-4099-ae66-25f36cfdb7e3: nextIndex: updateUnconditionally 33 -> 32
2020-12-24 03:52:36,970 [grpc-default-executor-1] INFO  server.GrpcLogAppender (GrpcLogAppender.java:onCompleted(343)) - 5e947d80-2832-4cc2-a4b3-abe531d5f2d2@group-862D180445F9->0dae4c23-fefe-4bb2-bc72-7e8960a30d82-AppendLogResponseHandler: follower responses appendEntries COMPLETED
2020-12-24 03:52:36,970 [grpc-default-executor-1] INFO  leader.FollowerInfo (FollowerInfoImpl.java:lambda$new$0(46)) - 5e947d80-2832-4cc2-a4b3-abe531d5f2d2@group-862D180445F9->0dae4c23-fefe-4bb2-bc72-7e8960a30d82: nextIndex: updateUnconditionally 33 -> 32
2020-12-24 03:52:36,974 [Listener at 127.0.0.1/36349] INFO  metrics.RatisMetrics (RatisMetrics.java:unregister(43)) - Unregistering Metrics Registry : ratis.log_appender.5e947d80-2832-4cc2-a4b3-abe531d5f2d2@group-862D180445F9
2020-12-24 03:52:36,975 [Listener at 127.0.0.1/36349] INFO  metrics.RatisMetrics (RatisMetrics.java:unregister(43)) - Unregistering Metrics Registry : ratis.server.5e947d80-2832-4cc2-a4b3-abe531d5f2d2@group-862D180445F9
2020-12-24 03:52:36,976 [5e947d80-2832-4cc2-a4b3-abe531d5f2d2@group-862D180445F9-StateMachineUpdater] INFO  ratis.ContainerStateMachine (ContainerStateMachine.java:takeSnapshot(291)) - group-862D180445F9: Taking a snapshot at:(t:1, i:32) file /github/workspace/mnt/ozone/hadoop-ozone/integration-test/target/test-dir/MiniOzoneClusterImpl-9e14565b-f938-48ad-b0e9-52a6969cb554/datanode-3/data/ratis/ed412735-11f3-4c1f-aba5-862d180445f9/sm/snapshot.1_32
2020-12-24 03:52:36,976 [Listener at 127.0.0.1/36349] INFO  impl.StateMachineUpdater (StateMachineUpdater.java:stopAndJoin(148)) - 5e947d80-2832-4cc2-a4b3-abe531d5f2d2@group-862D180445F9-StateMachineUpdater: set stopIndex = 32
2020-12-24 03:52:36,977 [5e947d80-2832-4cc2-a4b3-abe531d5f2d2@group-862D180445F9-StateMachineUpdater] INFO  ratis.ContainerStateMachine (ContainerStateMachine.java:takeSnapshot(302)) - group-862D180445F9: Finished taking a snapshot at:(t:1, i:32) file:/github/workspace/mnt/ozone/hadoop-ozone/integration-test/target/test-dir/MiniOzoneClusterImpl-9e14565b-f938-48ad-b0e9-52a6969cb554/datanode-3/data/ratis/ed412735-11f3-4c1f-aba5-862d180445f9/sm/snapshot.1_32 time:1
2020-12-24 03:52:36,977 [5e947d80-2832-4cc2-a4b3-abe531d5f2d2@group-862D180445F9-StateMachineUpdater] INFO  impl.StateMachineUpdater (StateMachineUpdater.java:takeSnapshot(279)) - 5e947d80-2832-4cc2-a4b3-abe531d5f2d2@group-862D180445F9-StateMachineUpdater: Took a snapshot at index 32
2020-12-24 03:52:36,977 [5e947d80-2832-4cc2-a4b3-abe531d5f2d2@group-862D180445F9-StateMachineUpdater] INFO  impl.StateMachineUpdater (StateMachineUpdater.java:lambda$new$0(88)) - 5e947d80-2832-4cc2-a4b3-abe531d5f2d2@group-862D180445F9-StateMachineUpdater: snapshotIndex: updateIncreasingly -1 -> 32
2020-12-24 03:52:36,977 [5e947d80-2832-4cc2-a4b3-abe531d5f2d2@group-862D180445F9-StateMachineUpdater] INFO  metrics.RatisMetrics (RatisMetrics.java:unregister(43)) - Unregistering Metrics Registry : ratis.state_machine.5e947d80-2832-4cc2-a4b3-abe531d5f2d2@group-862D180445F9
2020-12-24 03:52:36,977 [Listener at 127.0.0.1/36349] INFO  server.RaftServer$Division (ServerState.java:close(406)) - 5e947d80-2832-4cc2-a4b3-abe531d5f2d2@group-862D180445F9: closes. applyIndex: 32
2020-12-24 03:52:36,978 [5e947d80-2832-4cc2-a4b3-abe531d5f2d2@group-862D180445F9-SegmentedRaftLogWorker] INFO  segmented.SegmentedRaftLogWorker (SegmentedRaftLogWorker.java:run(326)) - 5e947d80-2832-4cc2-a4b3-abe531d5f2d2@group-862D180445F9-SegmentedRaftLogWorker was interrupted, exiting. There are 0 tasks remaining in the queue.
2020-12-24 03:52:36,978 [Listener at 127.0.0.1/36349] INFO  segmented.SegmentedRaftLogWorker (SegmentedRaftLogWorker.java:close(236)) - 5e947d80-2832-4cc2-a4b3-abe531d5f2d2@group-862D180445F9-SegmentedRaftLogWorker close()
2020-12-24 03:52:36,978 [Listener at 127.0.0.1/36349] INFO  metrics.RatisMetrics (RatisMetrics.java:unregister(43)) - Unregistering Metrics Registry : ratis.log_worker.5e947d80-2832-4cc2-a4b3-abe531d5f2d2@group-862D180445F9
2020-12-24 03:52:36,978 [Listener at 127.0.0.1/36349] INFO  metrics.RatisMetrics (RatisMetrics.java:unregister(43)) - Unregistering Metrics Registry : ratis.leader_election.5e947d80-2832-4cc2-a4b3-abe531d5f2d2@group-862D180445F9
2020-12-24 03:52:36,978 [Listener at 127.0.0.1/36349] INFO  metrics.RatisMetrics (RatisMetrics.java:unregister(43)) - Unregistering Metrics Registry : ratis.server.5e947d80-2832-4cc2-a4b3-abe531d5f2d2@group-862D180445F9
2020-12-24 03:52:36,978 [Listener at 127.0.0.1/36349] INFO  server.GrpcService (GrpcService.java:closeImpl(184)) - 5e947d80-2832-4cc2-a4b3-abe531d5f2d2: shutdown server with port 41285 now
2020-12-24 03:52:36,979 [grpc-default-executor-3] WARN  client.GrpcClientProtocolService (LogUtils.java:warn(122)) - 1-UnorderedRequestStreamObserver1: onError: org.apache.ratis.thirdparty.io.grpc.StatusRuntimeException: CANCELLED: cancelled before receiving half close
2020-12-24 03:52:36,989 [Listener at 127.0.0.1/36349] INFO  server.GrpcService (GrpcService.java:closeImpl(193)) - 5e947d80-2832-4cc2-a4b3-abe531d5f2d2: shutdown server with port 41285 successfully
2020-12-24 03:52:36,989 [org.apache.ratis.util.JvmPauseMonitor$$Lambda$222/1720804448@1c7c45c4] INFO  util.JvmPauseMonitor (JvmPauseMonitor.java:run(109)) - JvmPauseMonitor-5e947d80-2832-4cc2-a4b3-abe531d5f2d2: Stopped
2020-12-24 03:52:36,990 [Listener at 127.0.0.1/36349] INFO  utils.BackgroundService (BackgroundService.java:shutdown(132)) - Shutting down service BlockDeletingService
2020-12-24 03:52:36,992 [Listener at 127.0.0.1/36349] INFO  statemachine.DatanodeStateMachine (DatanodeStateMachine.java:stopDaemon(461)) - Ozone container server stopped.
2020-12-24 03:52:37,000 [Listener at 127.0.0.1/36349] INFO  handler.ContextHandler (ContextHandler.java:doStop(1154)) - Stopped o.e.j.w.WebAppContext@54dd6160{hddsDatanode,/,null,STOPPED}{jar:file:/home/user/.m2/repository/org/apache/hadoop/hadoop-hdds-container-service/1.1.0-SNAPSHOT/hadoop-hdds-container-service-1.1.0-SNAPSHOT.jar!/webapps/hddsDatanode}
2020-12-24 03:52:37,001 [Listener at 127.0.0.1/36349] INFO  server.AbstractConnector (AbstractConnector.java:doStop(381)) - Stopped ServerConnector@3fcb6c7b{HTTP/1.1, (http/1.1)}{0.0.0.0:0}
2020-12-24 03:52:37,001 [Listener at 127.0.0.1/36349] INFO  server.session (HouseKeeper.java:stopScavenging(149)) - node0 Stopped scavenging
2020-12-24 03:52:37,001 [Listener at 127.0.0.1/36349] INFO  handler.ContextHandler (ContextHandler.java:doStop(1154)) - Stopped o.e.j.s.ServletContextHandler@9fc9166{static,/static,jar:file:/home/user/.m2/repository/org/apache/hadoop/hadoop-hdds-container-service/1.1.0-SNAPSHOT/hadoop-hdds-container-service-1.1.0-SNAPSHOT.jar!/webapps/static,STOPPED}
2020-12-24 03:52:37,001 [Listener at 127.0.0.1/36349] INFO  handler.ContextHandler (ContextHandler.java:doStop(1154)) - Stopped o.e.j.s.ServletContextHandler@43462cef{logs,/logs,file:///github/workspace/mnt/ozone/hadoop-ozone/integration-test/target/log,STOPPED}
2020-12-24 03:52:37,223 [ReplicationMonitor] INFO  container.ReplicationManager (ReplicationManager.java:run(250)) - Replication Monitor Thread took 0 milliseconds for processing 4 containers.
2020-12-24 03:52:37,560 [Datanode State Machine Thread - 0] INFO  statemachine.DatanodeStateMachine (DatanodeStateMachine.java:lambda$startDaemon$0(408)) - Ozone container server started.
2020-12-24 03:52:37,620 [DatanodeAdminManager-0] INFO  node.DatanodeAdminMonitorImpl (DatanodeAdminMonitorImpl.java:run(136)) - There are 3 nodes tracked for decommission and maintenance. 0 pending nodes.
2020-12-24 03:52:37,633 [Datanode State Machine Thread - 0] INFO  statemachine.DatanodeStateMachine (DatanodeStateMachine.java:lambda$startDaemon$0(408)) - Ozone container server started.
2020-12-24 03:52:37,768 [ForkJoinPool.commonPool-worker-0] INFO  ozoneimpl.OzoneContainer (OzoneContainer.java:stop(257)) - Attempting to stop container services.
2020-12-24 03:52:37,768 [ForkJoinPool.commonPool-worker-0] INFO  server.RaftServer (RaftServerProxy.java:lambda$close$6(387)) - 9439cf50-f8ac-47a3-be84-c5264c2c00f7: close
2020-12-24 03:52:37,768 [ForkJoinPool.commonPool-worker-0] INFO  server.GrpcService (GrpcService.java:closeImpl(184)) - 9439cf50-f8ac-47a3-be84-c5264c2c00f7: shutdown server with port 43545 now
2020-12-24 03:52:37,772 [grpc-default-executor-1] WARN  client.GrpcClientProtocolService (LogUtils.java:warn(122)) - 1-UnorderedRequestStreamObserver1: onError: org.apache.ratis.thirdparty.io.grpc.StatusRuntimeException: CANCELLED: cancelled before receiving half close
2020-12-24 03:52:37,774 [ForkJoinPool.commonPool-worker-0] INFO  server.GrpcService (GrpcService.java:closeImpl(193)) - 9439cf50-f8ac-47a3-be84-c5264c2c00f7: shutdown server with port 43545 successfully
2020-12-24 03:52:37,775 [org.apache.ratis.util.JvmPauseMonitor$$Lambda$222/1720804448@d1dd9e0] INFO  util.JvmPauseMonitor (JvmPauseMonitor.java:run(109)) - JvmPauseMonitor-9439cf50-f8ac-47a3-be84-c5264c2c00f7: Stopped
2020-12-24 03:52:37,778 [ForkJoinPool.commonPool-worker-0] INFO  utils.BackgroundService (BackgroundService.java:shutdown(132)) - Shutting down service BlockDeletingService
2020-12-24 03:52:37,780 [ForkJoinPool.commonPool-worker-0] INFO  statemachine.DatanodeStateMachine (DatanodeStateMachine.java:stopDaemon(461)) - Ozone container server stopped.
2020-12-24 03:52:37,790 [ForkJoinPool.commonPool-worker-0] INFO  handler.ContextHandler (ContextHandler.java:doStop(1154)) - Stopped o.e.j.w.WebAppContext@5dc9d857{hddsDatanode,/,null,STOPPED}{jar:file:/home/user/.m2/repository/org/apache/hadoop/hadoop-hdds-container-service/1.1.0-SNAPSHOT/hadoop-hdds-container-service-1.1.0-SNAPSHOT.jar!/webapps/hddsDatanode}
2020-12-24 03:52:37,790 [ForkJoinPool.commonPool-worker-0] INFO  server.AbstractConnector (AbstractConnector.java:doStop(381)) - Stopped ServerConnector@226e4e59{HTTP/1.1, (http/1.1)}{0.0.0.0:0}
2020-12-24 03:52:37,791 [ForkJoinPool.commonPool-worker-0] INFO  server.session (HouseKeeper.java:stopScavenging(149)) - node0 Stopped scavenging
2020-12-24 03:52:37,791 [ForkJoinPool.commonPool-worker-0] INFO  handler.ContextHandler (ContextHandler.java:doStop(1154)) - Stopped o.e.j.s.ServletContextHandler@745a951a{static,/static,jar:file:/home/user/.m2/repository/org/apache/hadoop/hadoop-hdds-container-service/1.1.0-SNAPSHOT/hadoop-hdds-container-service-1.1.0-SNAPSHOT.jar!/webapps/static,STOPPED}
2020-12-24 03:52:37,792 [ForkJoinPool.commonPool-worker-0] INFO  handler.ContextHandler (ContextHandler.java:doStop(1154)) - Stopped o.e.j.s.ServletContextHandler@37d9db26{logs,/logs,file:///github/workspace/mnt/ozone/hadoop-ozone/integration-test/target/log,STOPPED}
2020-12-24 03:52:38,123 [Listener at 127.0.0.1/36349] INFO  ozoneimpl.OzoneContainer (OzoneContainer.java:stop(257)) - Attempting to stop container services.
2020-12-24 03:52:38,123 [Listener at 127.0.0.1/36349] INFO  server.RaftServer (RaftServerProxy.java:lambda$close$6(387)) - d39cfd4e-a5ab-4099-ae66-25f36cfdb7e3: close
2020-12-24 03:52:38,124 [Listener at 127.0.0.1/36349] INFO  server.RaftServer$Division (RaftServerImpl.java:lambda$close$4(397)) - d39cfd4e-a5ab-4099-ae66-25f36cfdb7e3@group-4862DD35147E: shutdown
2020-12-24 03:52:38,124 [Listener at 127.0.0.1/36349] INFO  util.JmxRegister (JmxRegister.java:unregister(73)) - Successfully un-registered JMX Bean with object name Ratis:service=RaftServer,group=group-4862DD35147E,id=d39cfd4e-a5ab-4099-ae66-25f36cfdb7e3
2020-12-24 03:52:38,124 [Listener at 127.0.0.1/36349] INFO  impl.RoleInfo (RoleInfo.java:shutdownLeaderState(91)) - d39cfd4e-a5ab-4099-ae66-25f36cfdb7e3: shutdown d39cfd4e-a5ab-4099-ae66-25f36cfdb7e3@group-4862DD35147E-LeaderStateImpl
2020-12-24 03:52:38,125 [Listener at 127.0.0.1/36349] INFO  impl.PendingRequests (PendingRequests.java:sendNotLeaderResponses(249)) - d39cfd4e-a5ab-4099-ae66-25f36cfdb7e3@group-4862DD35147E-PendingRequests: sendNotLeaderResponses
2020-12-24 03:52:38,125 [Listener at 127.0.0.1/36349] INFO  metrics.RatisMetrics (RatisMetrics.java:unregister(43)) - Unregistering Metrics Registry : ratis.log_appender.d39cfd4e-a5ab-4099-ae66-25f36cfdb7e3@group-4862DD35147E
2020-12-24 03:52:38,125 [Listener at 127.0.0.1/36349] INFO  metrics.RatisMetrics (RatisMetrics.java:unregister(43)) - Unregistering Metrics Registry : ratis.server.d39cfd4e-a5ab-4099-ae66-25f36cfdb7e3@group-4862DD35147E
2020-12-24 03:52:38,127 [d39cfd4e-a5ab-4099-ae66-25f36cfdb7e3@group-4862DD35147E-StateMachineUpdater] INFO  ratis.ContainerStateMachine (ContainerStateMachine.java:takeSnapshot(291)) - group-4862DD35147E: Taking a snapshot at:(t:1, i:0) file /github/workspace/mnt/ozone/hadoop-ozone/integration-test/target/test-dir/MiniOzoneClusterImpl-9e14565b-f938-48ad-b0e9-52a6969cb554/datanode-5/data/ratis/5d511d2b-bb19-4d80-91cc-4862dd35147e/sm/snapshot.1_0
2020-12-24 03:52:38,127 [Listener at 127.0.0.1/36349] INFO  impl.StateMachineUpdater (StateMachineUpdater.java:stopAndJoin(148)) - d39cfd4e-a5ab-4099-ae66-25f36cfdb7e3@group-4862DD35147E-StateMachineUpdater: set stopIndex = 0
2020-12-24 03:52:38,127 [d39cfd4e-a5ab-4099-ae66-25f36cfdb7e3@group-4862DD35147E-StateMachineUpdater] INFO  ratis.ContainerStateMachine (ContainerStateMachine.java:takeSnapshot(302)) - group-4862DD35147E: Finished taking a snapshot at:(t:1, i:0) file:/github/workspace/mnt/ozone/hadoop-ozone/integration-test/target/test-dir/MiniOzoneClusterImpl-9e14565b-f938-48ad-b0e9-52a6969cb554/datanode-5/data/ratis/5d511d2b-bb19-4d80-91cc-4862dd35147e/sm/snapshot.1_0 time:1
2020-12-24 03:52:38,128 [d39cfd4e-a5ab-4099-ae66-25f36cfdb7e3@group-4862DD35147E-StateMachineUpdater] INFO  impl.StateMachineUpdater (StateMachineUpdater.java:takeSnapshot(279)) - d39cfd4e-a5ab-4099-ae66-25f36cfdb7e3@group-4862DD35147E-StateMachineUpdater: Took a snapshot at index 0
2020-12-24 03:52:38,128 [d39cfd4e-a5ab-4099-ae66-25f36cfdb7e3@group-4862DD35147E-StateMachineUpdater] INFO  impl.StateMachineUpdater (StateMachineUpdater.java:lambda$new$0(88)) - d39cfd4e-a5ab-4099-ae66-25f36cfdb7e3@group-4862DD35147E-StateMachineUpdater: snapshotIndex: updateIncreasingly -1 -> 0
2020-12-24 03:52:38,128 [d39cfd4e-a5ab-4099-ae66-25f36cfdb7e3@group-4862DD35147E-StateMachineUpdater] INFO  metrics.RatisMetrics (RatisMetrics.java:unregister(43)) - Unregistering Metrics Registry : ratis.state_machine.d39cfd4e-a5ab-4099-ae66-25f36cfdb7e3@group-4862DD35147E
2020-12-24 03:52:38,128 [Listener at 127.0.0.1/36349] INFO  server.RaftServer$Division (ServerState.java:close(406)) - d39cfd4e-a5ab-4099-ae66-25f36cfdb7e3@group-4862DD35147E: closes. applyIndex: 0
2020-12-24 03:52:38,129 [d39cfd4e-a5ab-4099-ae66-25f36cfdb7e3@group-4862DD35147E-SegmentedRaftLogWorker] INFO  segmented.SegmentedRaftLogWorker (SegmentedRaftLogWorker.java:run(326)) - d39cfd4e-a5ab-4099-ae66-25f36cfdb7e3@group-4862DD35147E-SegmentedRaftLogWorker was interrupted, exiting. There are 0 tasks remaining in the queue.
2020-12-24 03:52:38,129 [Listener at 127.0.0.1/36349] INFO  segmented.SegmentedRaftLogWorker (SegmentedRaftLogWorker.java:close(236)) - d39cfd4e-a5ab-4099-ae66-25f36cfdb7e3@group-4862DD35147E-SegmentedRaftLogWorker close()
2020-12-24 03:52:38,130 [Listener at 127.0.0.1/36349] INFO  metrics.RatisMetrics (RatisMetrics.java:unregister(43)) - Unregistering Metrics Registry : ratis.log_worker.d39cfd4e-a5ab-4099-ae66-25f36cfdb7e3@group-4862DD35147E
2020-12-24 03:52:38,130 [Listener at 127.0.0.1/36349] INFO  metrics.RatisMetrics (RatisMetrics.java:unregister(43)) - Unregistering Metrics Registry : ratis.leader_election.d39cfd4e-a5ab-4099-ae66-25f36cfdb7e3@group-4862DD35147E
2020-12-24 03:52:38,130 [Listener at 127.0.0.1/36349] INFO  metrics.RatisMetrics (RatisMetrics.java:unregister(43)) - Unregistering Metrics Registry : ratis.server.d39cfd4e-a5ab-4099-ae66-25f36cfdb7e3@group-4862DD35147E
2020-12-24 03:52:38,131 [Listener at 127.0.0.1/36349] INFO  server.RaftServer$Division (RaftServerImpl.java:lambda$close$4(397)) - d39cfd4e-a5ab-4099-ae66-25f36cfdb7e3@group-862D180445F9: shutdown
2020-12-24 03:52:38,131 [Listener at 127.0.0.1/36349] INFO  util.JmxRegister (JmxRegister.java:unregister(73)) - Successfully un-registered JMX Bean with object name Ratis:service=RaftServer,group=group-862D180445F9,id=d39cfd4e-a5ab-4099-ae66-25f36cfdb7e3
2020-12-24 03:52:38,131 [Listener at 127.0.0.1/36349] INFO  impl.RoleInfo (RoleInfo.java:shutdownFollowerState(108)) - d39cfd4e-a5ab-4099-ae66-25f36cfdb7e3: shutdown d39cfd4e-a5ab-4099-ae66-25f36cfdb7e3@group-862D180445F9-FollowerState
2020-12-24 03:52:38,131 [Thread-870] INFO  impl.FollowerState (FollowerState.java:run(142)) - d39cfd4e-a5ab-4099-ae66-25f36cfdb7e3@group-862D180445F9-FollowerState was interrupted: {}
java.lang.InterruptedException: sleep interrupted
	at java.lang.Thread.sleep(Native Method)
	at java.lang.Thread.sleep(Thread.java:340)
	at java.util.concurrent.TimeUnit.sleep(TimeUnit.java:386)
	at org.apache.ratis.util.TimeDuration.sleep(TimeDuration.java:319)
	at org.apache.ratis.util.TimeDuration.sleep(TimeDuration.java:304)
	at org.apache.ratis.server.impl.FollowerState.run(FollowerState.java:117)
2020-12-24 03:52:38,132 [Listener at 127.0.0.1/36349] INFO  impl.StateMachineUpdater (StateMachineUpdater.java:stopAndJoin(148)) - d39cfd4e-a5ab-4099-ae66-25f36cfdb7e3@group-862D180445F9-StateMachineUpdater: set stopIndex = 32
2020-12-24 03:52:38,132 [d39cfd4e-a5ab-4099-ae66-25f36cfdb7e3@group-862D180445F9-StateMachineUpdater] INFO  ratis.ContainerStateMachine (ContainerStateMachine.java:takeSnapshot(291)) - group-862D180445F9: Taking a snapshot at:(t:1, i:32) file /github/workspace/mnt/ozone/hadoop-ozone/integration-test/target/test-dir/MiniOzoneClusterImpl-9e14565b-f938-48ad-b0e9-52a6969cb554/datanode-5/data/ratis/ed412735-11f3-4c1f-aba5-862d180445f9/sm/snapshot.1_32
2020-12-24 03:52:38,133 [d39cfd4e-a5ab-4099-ae66-25f36cfdb7e3@group-862D180445F9-StateMachineUpdater] INFO  ratis.ContainerStateMachine (ContainerStateMachine.java:takeSnapshot(302)) - group-862D180445F9: Finished taking a snapshot at:(t:1, i:32) file:/github/workspace/mnt/ozone/hadoop-ozone/integration-test/target/test-dir/MiniOzoneClusterImpl-9e14565b-f938-48ad-b0e9-52a6969cb554/datanode-5/data/ratis/ed412735-11f3-4c1f-aba5-862d180445f9/sm/snapshot.1_32 time:1
2020-12-24 03:52:38,134 [d39cfd4e-a5ab-4099-ae66-25f36cfdb7e3@group-862D180445F9-StateMachineUpdater] INFO  impl.StateMachineUpdater (StateMachineUpdater.java:takeSnapshot(279)) - d39cfd4e-a5ab-4099-ae66-25f36cfdb7e3@group-862D180445F9-StateMachineUpdater: Took a snapshot at index 32
2020-12-24 03:52:38,134 [d39cfd4e-a5ab-4099-ae66-25f36cfdb7e3@group-862D180445F9-StateMachineUpdater] INFO  impl.StateMachineUpdater (StateMachineUpdater.java:lambda$new$0(88)) - d39cfd4e-a5ab-4099-ae66-25f36cfdb7e3@group-862D180445F9-StateMachineUpdater: snapshotIndex: updateIncreasingly -1 -> 32
2020-12-24 03:52:38,134 [d39cfd4e-a5ab-4099-ae66-25f36cfdb7e3@group-862D180445F9-StateMachineUpdater] INFO  metrics.RatisMetrics (RatisMetrics.java:unregister(43)) - Unregistering Metrics Registry : ratis.state_machine.d39cfd4e-a5ab-4099-ae66-25f36cfdb7e3@group-862D180445F9
2020-12-24 03:52:38,135 [Listener at 127.0.0.1/36349] INFO  server.RaftServer$Division (ServerState.java:close(406)) - d39cfd4e-a5ab-4099-ae66-25f36cfdb7e3@group-862D180445F9: closes. applyIndex: 32
2020-12-24 03:52:38,135 [d39cfd4e-a5ab-4099-ae66-25f36cfdb7e3@group-862D180445F9-SegmentedRaftLogWorker] INFO  segmented.SegmentedRaftLogWorker (SegmentedRaftLogWorker.java:run(326)) - d39cfd4e-a5ab-4099-ae66-25f36cfdb7e3@group-862D180445F9-SegmentedRaftLogWorker was interrupted, exiting. There are 0 tasks remaining in the queue.
2020-12-24 03:52:38,135 [Listener at 127.0.0.1/36349] INFO  segmented.SegmentedRaftLogWorker (SegmentedRaftLogWorker.java:close(236)) - d39cfd4e-a5ab-4099-ae66-25f36cfdb7e3@group-862D180445F9-SegmentedRaftLogWorker close()
2020-12-24 03:52:38,136 [Listener at 127.0.0.1/36349] INFO  metrics.RatisMetrics (RatisMetrics.java:unregister(43)) - Unregistering Metrics Registry : ratis.log_worker.d39cfd4e-a5ab-4099-ae66-25f36cfdb7e3@group-862D180445F9
2020-12-24 03:52:38,136 [Listener at 127.0.0.1/36349] INFO  metrics.RatisMetrics (RatisMetrics.java:unregister(43)) - Unregistering Metrics Registry : ratis.leader_election.d39cfd4e-a5ab-4099-ae66-25f36cfdb7e3@group-862D180445F9
2020-12-24 03:52:38,136 [Listener at 127.0.0.1/36349] INFO  metrics.RatisMetrics (RatisMetrics.java:unregister(43)) - Unregistering Metrics Registry : ratis.server.d39cfd4e-a5ab-4099-ae66-25f36cfdb7e3@group-862D180445F9
2020-12-24 03:52:38,136 [Listener at 127.0.0.1/36349] INFO  server.GrpcService (GrpcService.java:closeImpl(184)) - d39cfd4e-a5ab-4099-ae66-25f36cfdb7e3: shutdown server with port 44379 now
2020-12-24 03:52:38,137 [Listener at 127.0.0.1/36349] INFO  server.GrpcService (GrpcService.java:closeImpl(193)) - d39cfd4e-a5ab-4099-ae66-25f36cfdb7e3: shutdown server with port 44379 successfully
2020-12-24 03:52:38,137 [org.apache.ratis.util.JvmPauseMonitor$$Lambda$222/1720804448@3cbb0e1d] INFO  util.JvmPauseMonitor (JvmPauseMonitor.java:run(109)) - JvmPauseMonitor-d39cfd4e-a5ab-4099-ae66-25f36cfdb7e3: Stopped
2020-12-24 03:52:38,138 [Listener at 127.0.0.1/36349] INFO  utils.BackgroundService (BackgroundService.java:shutdown(132)) - Shutting down service BlockDeletingService
2020-12-24 03:52:38,140 [Listener at 127.0.0.1/36349] INFO  statemachine.DatanodeStateMachine (DatanodeStateMachine.java:stopDaemon(461)) - Ozone container server stopped.
2020-12-24 03:52:38,148 [Listener at 127.0.0.1/36349] INFO  handler.ContextHandler (ContextHandler.java:doStop(1154)) - Stopped o.e.j.w.WebAppContext@49f4de0e{hddsDatanode,/,null,STOPPED}{jar:file:/home/user/.m2/repository/org/apache/hadoop/hadoop-hdds-container-service/1.1.0-SNAPSHOT/hadoop-hdds-container-service-1.1.0-SNAPSHOT.jar!/webapps/hddsDatanode}
2020-12-24 03:52:38,149 [Listener at 127.0.0.1/36349] INFO  server.AbstractConnector (AbstractConnector.java:doStop(381)) - Stopped ServerConnector@44cefd71{HTTP/1.1, (http/1.1)}{0.0.0.0:0}
2020-12-24 03:52:38,149 [Listener at 127.0.0.1/36349] INFO  server.session (HouseKeeper.java:stopScavenging(149)) - node0 Stopped scavenging
2020-12-24 03:52:38,151 [Listener at 127.0.0.1/36349] INFO  handler.ContextHandler (ContextHandler.java:doStop(1154)) - Stopped o.e.j.s.ServletContextHandler@3cf6f3aa{static,/static,jar:file:/home/user/.m2/repository/org/apache/hadoop/hadoop-hdds-container-service/1.1.0-SNAPSHOT/hadoop-hdds-container-service-1.1.0-SNAPSHOT.jar!/webapps/static,STOPPED}
2020-12-24 03:52:38,151 [Listener at 127.0.0.1/36349] INFO  handler.ContextHandler (ContextHandler.java:doStop(1154)) - Stopped o.e.j.s.ServletContextHandler@43f88cba{logs,/logs,file:///github/workspace/mnt/ozone/hadoop-ozone/integration-test/target/log,STOPPED}
2020-12-24 03:52:38,224 [ReplicationMonitor] INFO  container.ReplicationManager (ReplicationManager.java:run(250)) - Replication Monitor Thread took 0 milliseconds for processing 4 containers.
2020-12-24 03:52:38,518 [Datanode State Machine Thread - 0] INFO  statemachine.DatanodeStateMachine (DatanodeStateMachine.java:lambda$startDaemon$0(408)) - Ozone container server started.
2020-12-24 03:52:38,523 [EventQueue-StaleNodeForStaleNodeHandler] INFO  node.StaleNodeHandler (StaleNodeHandler.java:onMessage(58)) - Datanode 8d530254-7283-4827-a046-112d022b0049{ip: 172.17.0.2, host: 822d467d5ade, networkLocation: /default-rack, certSerialId: null, persistedOpState: IN_MAINTENANCE, persistedOpStateExpiryEpochSec: 0} moved to stale state. Finalizing its pipelines []
2020-12-24 03:52:38,592 [Datanode State Machine Thread - 0] INFO  statemachine.DatanodeStateMachine (DatanodeStateMachine.java:lambda$startDaemon$0(408)) - Ozone container server started.
2020-12-24 03:52:38,620 [DatanodeAdminManager-0] INFO  node.DatanodeAdminMonitorImpl (DatanodeAdminMonitorImpl.java:run(136)) - There are 3 nodes tracked for decommission and maintenance. 0 pending nodes.
2020-12-24 03:52:38,623 [EventQueue-StaleNodeForStaleNodeHandler] INFO  node.StaleNodeHandler (StaleNodeHandler.java:onMessage(58)) - Datanode 5e947d80-2832-4cc2-a4b3-abe531d5f2d2{ip: 172.17.0.2, host: 822d467d5ade, networkLocation: /default-rack, certSerialId: null, persistedOpState: IN_SERVICE, persistedOpStateExpiryEpochSec: 0} moved to stale state. Finalizing its pipelines [PipelineID=0b8d01b0-9d46-4811-b14e-84fa30717af9, PipelineID=ed412735-11f3-4c1f-aba5-862d180445f9]
2020-12-24 03:52:38,623 [EventQueue-StaleNodeForStaleNodeHandler] INFO  pipeline.SCMPipelineManager (SCMPipelineManager.java:finalizeAndDestroyPipeline(482)) - Destroying pipeline:Pipeline[ Id: 0b8d01b0-9d46-4811-b14e-84fa30717af9, Nodes: 5e947d80-2832-4cc2-a4b3-abe531d5f2d2{ip: 172.17.0.2, host: 822d467d5ade, networkLocation: /default-rack, certSerialId: null, persistedOpState: IN_SERVICE, persistedOpStateExpiryEpochSec: 0}, Type:RATIS, Factor:ONE, State:OPEN, leaderId:5e947d80-2832-4cc2-a4b3-abe531d5f2d2, CreationTimestamp2020-12-24T03:52:11.669Z]
2020-12-24 03:52:38,623 [EventQueue-StaleNodeForStaleNodeHandler] INFO  pipeline.PipelineStateManager (PipelineStateManager.java:finalizePipeline(121)) - Pipeline Pipeline[ Id: 0b8d01b0-9d46-4811-b14e-84fa30717af9, Nodes: 5e947d80-2832-4cc2-a4b3-abe531d5f2d2{ip: 172.17.0.2, host: 822d467d5ade, networkLocation: /default-rack, certSerialId: null, persistedOpState: IN_SERVICE, persistedOpStateExpiryEpochSec: 0}, Type:RATIS, Factor:ONE, State:CLOSED, leaderId:5e947d80-2832-4cc2-a4b3-abe531d5f2d2, CreationTimestamp2020-12-24T03:52:11.669Z] moved to CLOSED state
2020-12-24 03:52:38,624 [EventQueue-StaleNodeForStaleNodeHandler] INFO  pipeline.SCMPipelineManager (SCMPipelineManager.java:finalizeAndDestroyPipeline(482)) - Destroying pipeline:Pipeline[ Id: ed412735-11f3-4c1f-aba5-862d180445f9, Nodes: 5e947d80-2832-4cc2-a4b3-abe531d5f2d2{ip: 172.17.0.2, host: 822d467d5ade, networkLocation: /default-rack, certSerialId: null, persistedOpState: IN_SERVICE, persistedOpStateExpiryEpochSec: 0}0dae4c23-fefe-4bb2-bc72-7e8960a30d82{ip: 172.17.0.2, host: 822d467d5ade, networkLocation: /default-rack, certSerialId: null, persistedOpState: IN_SERVICE, persistedOpStateExpiryEpochSec: 0}d39cfd4e-a5ab-4099-ae66-25f36cfdb7e3{ip: 172.17.0.2, host: 822d467d5ade, networkLocation: /default-rack, certSerialId: null, persistedOpState: IN_SERVICE, persistedOpStateExpiryEpochSec: 0}, Type:RATIS, Factor:THREE, State:OPEN, leaderId:5e947d80-2832-4cc2-a4b3-abe531d5f2d2, CreationTimestamp2020-12-24T03:52:12.062Z]
2020-12-24 03:52:38,624 [EventQueue-StaleNodeForStaleNodeHandler] INFO  pipeline.PipelineStateManager (PipelineStateManager.java:finalizePipeline(121)) - Pipeline Pipeline[ Id: ed412735-11f3-4c1f-aba5-862d180445f9, Nodes: 5e947d80-2832-4cc2-a4b3-abe531d5f2d2{ip: 172.17.0.2, host: 822d467d5ade, networkLocation: /default-rack, certSerialId: null, persistedOpState: IN_SERVICE, persistedOpStateExpiryEpochSec: 0}0dae4c23-fefe-4bb2-bc72-7e8960a30d82{ip: 172.17.0.2, host: 822d467d5ade, networkLocation: /default-rack, certSerialId: null, persistedOpState: IN_SERVICE, persistedOpStateExpiryEpochSec: 0}d39cfd4e-a5ab-4099-ae66-25f36cfdb7e3{ip: 172.17.0.2, host: 822d467d5ade, networkLocation: /default-rack, certSerialId: null, persistedOpState: IN_SERVICE, persistedOpStateExpiryEpochSec: 0}, Type:RATIS, Factor:THREE, State:CLOSED, leaderId:5e947d80-2832-4cc2-a4b3-abe531d5f2d2, CreationTimestamp2020-12-24T03:52:12.062Z] moved to CLOSED state
2020-12-24 03:52:38,624 [EventQueue-CloseContainerForCloseContainerEventHandler] INFO  container.CloseContainerEventHandler (CloseContainerEventHandler.java:onMessage(61)) - Close container Event triggered for container : #2
2020-12-24 03:52:38,626 [EventQueue-CloseContainerForCloseContainerEventHandler] INFO  container.CloseContainerEventHandler (CloseContainerEventHandler.java:onMessage(61)) - Close container Event triggered for container : #4
2020-12-24 03:52:38,855 [Listener at 127.0.0.1/36349] INFO  ozoneimpl.OzoneContainer (OzoneContainer.java:stop(257)) - Attempting to stop container services.
2020-12-24 03:52:38,857 [Listener at 127.0.0.1/36349] INFO  server.RaftServer (RaftServerProxy.java:lambda$close$6(387)) - 0dae4c23-fefe-4bb2-bc72-7e8960a30d82: close
2020-12-24 03:52:38,857 [Listener at 127.0.0.1/36349] INFO  server.RaftServer$Division (RaftServerImpl.java:lambda$close$4(397)) - 0dae4c23-fefe-4bb2-bc72-7e8960a30d82@group-7CE41B631E74: shutdown
2020-12-24 03:52:38,857 [Listener at 127.0.0.1/36349] INFO  util.JmxRegister (JmxRegister.java:unregister(73)) - Successfully un-registered JMX Bean with object name Ratis:service=RaftServer,group=group-7CE41B631E74,id=0dae4c23-fefe-4bb2-bc72-7e8960a30d82
2020-12-24 03:52:38,857 [Listener at 127.0.0.1/36349] INFO  impl.RoleInfo (RoleInfo.java:shutdownLeaderState(91)) - 0dae4c23-fefe-4bb2-bc72-7e8960a30d82: shutdown 0dae4c23-fefe-4bb2-bc72-7e8960a30d82@group-7CE41B631E74-LeaderStateImpl
2020-12-24 03:52:38,858 [Listener at 127.0.0.1/36349] INFO  impl.PendingRequests (PendingRequests.java:sendNotLeaderResponses(249)) - 0dae4c23-fefe-4bb2-bc72-7e8960a30d82@group-7CE41B631E74-PendingRequests: sendNotLeaderResponses
2020-12-24 03:52:38,858 [Listener at 127.0.0.1/36349] INFO  metrics.RatisMetrics (RatisMetrics.java:unregister(43)) - Unregistering Metrics Registry : ratis.log_appender.0dae4c23-fefe-4bb2-bc72-7e8960a30d82@group-7CE41B631E74
2020-12-24 03:52:38,858 [Listener at 127.0.0.1/36349] INFO  metrics.RatisMetrics (RatisMetrics.java:unregister(43)) - Unregistering Metrics Registry : ratis.server.0dae4c23-fefe-4bb2-bc72-7e8960a30d82@group-7CE41B631E74
2020-12-24 03:52:38,859 [Listener at 127.0.0.1/36349] INFO  impl.StateMachineUpdater (StateMachineUpdater.java:stopAndJoin(148)) - 0dae4c23-fefe-4bb2-bc72-7e8960a30d82@group-7CE41B631E74-StateMachineUpdater: set stopIndex = 0
2020-12-24 03:52:38,860 [0dae4c23-fefe-4bb2-bc72-7e8960a30d82@group-7CE41B631E74-StateMachineUpdater] INFO  ratis.ContainerStateMachine (ContainerStateMachine.java:takeSnapshot(291)) - group-7CE41B631E74: Taking a snapshot at:(t:1, i:0) file /github/workspace/mnt/ozone/hadoop-ozone/integration-test/target/test-dir/MiniOzoneClusterImpl-9e14565b-f938-48ad-b0e9-52a6969cb554/datanode-4/data/ratis/e786d081-ded2-47c4-b726-7ce41b631e74/sm/snapshot.1_0
2020-12-24 03:52:38,860 [0dae4c23-fefe-4bb2-bc72-7e8960a30d82@group-7CE41B631E74-StateMachineUpdater] INFO  ratis.ContainerStateMachine (ContainerStateMachine.java:takeSnapshot(302)) - group-7CE41B631E74: Finished taking a snapshot at:(t:1, i:0) file:/github/workspace/mnt/ozone/hadoop-ozone/integration-test/target/test-dir/MiniOzoneClusterImpl-9e14565b-f938-48ad-b0e9-52a6969cb554/datanode-4/data/ratis/e786d081-ded2-47c4-b726-7ce41b631e74/sm/snapshot.1_0 time:1
2020-12-24 03:52:38,860 [0dae4c23-fefe-4bb2-bc72-7e8960a30d82@group-7CE41B631E74-StateMachineUpdater] INFO  impl.StateMachineUpdater (StateMachineUpdater.java:takeSnapshot(279)) - 0dae4c23-fefe-4bb2-bc72-7e8960a30d82@group-7CE41B631E74-StateMachineUpdater: Took a snapshot at index 0
2020-12-24 03:52:38,860 [0dae4c23-fefe-4bb2-bc72-7e8960a30d82@group-7CE41B631E74-StateMachineUpdater] INFO  impl.StateMachineUpdater (StateMachineUpdater.java:lambda$new$0(88)) - 0dae4c23-fefe-4bb2-bc72-7e8960a30d82@group-7CE41B631E74-StateMachineUpdater: snapshotIndex: updateIncreasingly -1 -> 0
2020-12-24 03:52:38,861 [0dae4c23-fefe-4bb2-bc72-7e8960a30d82@group-7CE41B631E74-StateMachineUpdater] INFO  metrics.RatisMetrics (RatisMetrics.java:unregister(43)) - Unregistering Metrics Registry : ratis.state_machine.0dae4c23-fefe-4bb2-bc72-7e8960a30d82@group-7CE41B631E74
2020-12-24 03:52:38,861 [Listener at 127.0.0.1/36349] INFO  server.RaftServer$Division (ServerState.java:close(406)) - 0dae4c23-fefe-4bb2-bc72-7e8960a30d82@group-7CE41B631E74: closes. applyIndex: 0
2020-12-24 03:52:38,861 [0dae4c23-fefe-4bb2-bc72-7e8960a30d82@group-7CE41B631E74-SegmentedRaftLogWorker] INFO  segmented.SegmentedRaftLogWorker (SegmentedRaftLogWorker.java:run(326)) - 0dae4c23-fefe-4bb2-bc72-7e8960a30d82@group-7CE41B631E74-SegmentedRaftLogWorker was interrupted, exiting. There are 0 tasks remaining in the queue.
2020-12-24 03:52:38,861 [Listener at 127.0.0.1/36349] INFO  segmented.SegmentedRaftLogWorker (SegmentedRaftLogWorker.java:close(236)) - 0dae4c23-fefe-4bb2-bc72-7e8960a30d82@group-7CE41B631E74-SegmentedRaftLogWorker close()
2020-12-24 03:52:38,862 [Listener at 127.0.0.1/36349] INFO  metrics.RatisMetrics (RatisMetrics.java:unregister(43)) - Unregistering Metrics Registry : ratis.log_worker.0dae4c23-fefe-4bb2-bc72-7e8960a30d82@group-7CE41B631E74
2020-12-24 03:52:38,862 [Listener at 127.0.0.1/36349] INFO  metrics.RatisMetrics (RatisMetrics.java:unregister(43)) - Unregistering Metrics Registry : ratis.leader_election.0dae4c23-fefe-4bb2-bc72-7e8960a30d82@group-7CE41B631E74
2020-12-24 03:52:38,862 [Listener at 127.0.0.1/36349] INFO  metrics.RatisMetrics (RatisMetrics.java:unregister(43)) - Unregistering Metrics Registry : ratis.server.0dae4c23-fefe-4bb2-bc72-7e8960a30d82@group-7CE41B631E74
2020-12-24 03:52:38,862 [Listener at 127.0.0.1/36349] INFO  server.RaftServer$Division (RaftServerImpl.java:lambda$close$4(397)) - 0dae4c23-fefe-4bb2-bc72-7e8960a30d82@group-862D180445F9: shutdown
2020-12-24 03:52:38,862 [Listener at 127.0.0.1/36349] INFO  util.JmxRegister (JmxRegister.java:unregister(73)) - Successfully un-registered JMX Bean with object name Ratis:service=RaftServer,group=group-862D180445F9,id=0dae4c23-fefe-4bb2-bc72-7e8960a30d82
2020-12-24 03:52:38,862 [Listener at 127.0.0.1/36349] INFO  impl.RoleInfo (RoleInfo.java:shutdownFollowerState(108)) - 0dae4c23-fefe-4bb2-bc72-7e8960a30d82: shutdown 0dae4c23-fefe-4bb2-bc72-7e8960a30d82@group-862D180445F9-FollowerState
2020-12-24 03:52:38,862 [Thread-873] INFO  impl.FollowerState (FollowerState.java:run(142)) - 0dae4c23-fefe-4bb2-bc72-7e8960a30d82@group-862D180445F9-FollowerState was interrupted: {}
java.lang.InterruptedException: sleep interrupted
	at java.lang.Thread.sleep(Native Method)
	at java.lang.Thread.sleep(Thread.java:340)
	at java.util.concurrent.TimeUnit.sleep(TimeUnit.java:386)
	at org.apache.ratis.util.TimeDuration.sleep(TimeDuration.java:319)
	at org.apache.ratis.util.TimeDuration.sleep(TimeDuration.java:304)
	at org.apache.ratis.server.impl.FollowerState.run(FollowerState.java:117)
2020-12-24 03:52:38,864 [Listener at 127.0.0.1/36349] INFO  impl.StateMachineUpdater (StateMachineUpdater.java:stopAndJoin(148)) - 0dae4c23-fefe-4bb2-bc72-7e8960a30d82@group-862D180445F9-StateMachineUpdater: set stopIndex = 32
2020-12-24 03:52:38,864 [0dae4c23-fefe-4bb2-bc72-7e8960a30d82@group-862D180445F9-StateMachineUpdater] INFO  ratis.ContainerStateMachine (ContainerStateMachine.java:takeSnapshot(291)) - group-862D180445F9: Taking a snapshot at:(t:1, i:32) file /github/workspace/mnt/ozone/hadoop-ozone/integration-test/target/test-dir/MiniOzoneClusterImpl-9e14565b-f938-48ad-b0e9-52a6969cb554/datanode-4/data/ratis/ed412735-11f3-4c1f-aba5-862d180445f9/sm/snapshot.1_32
2020-12-24 03:52:38,865 [0dae4c23-fefe-4bb2-bc72-7e8960a30d82@group-862D180445F9-StateMachineUpdater] INFO  ratis.ContainerStateMachine (ContainerStateMachine.java:takeSnapshot(302)) - group-862D180445F9: Finished taking a snapshot at:(t:1, i:32) file:/github/workspace/mnt/ozone/hadoop-ozone/integration-test/target/test-dir/MiniOzoneClusterImpl-9e14565b-f938-48ad-b0e9-52a6969cb554/datanode-4/data/ratis/ed412735-11f3-4c1f-aba5-862d180445f9/sm/snapshot.1_32 time:1
2020-12-24 03:52:38,865 [0dae4c23-fefe-4bb2-bc72-7e8960a30d82@group-862D180445F9-StateMachineUpdater] INFO  impl.StateMachineUpdater (StateMachineUpdater.java:takeSnapshot(279)) - 0dae4c23-fefe-4bb2-bc72-7e8960a30d82@group-862D180445F9-StateMachineUpdater: Took a snapshot at index 32
2020-12-24 03:52:38,865 [0dae4c23-fefe-4bb2-bc72-7e8960a30d82@group-862D180445F9-StateMachineUpdater] INFO  impl.StateMachineUpdater (StateMachineUpdater.java:lambda$new$0(88)) - 0dae4c23-fefe-4bb2-bc72-7e8960a30d82@group-862D180445F9-StateMachineUpdater: snapshotIndex: updateIncreasingly -1 -> 32
2020-12-24 03:52:38,865 [0dae4c23-fefe-4bb2-bc72-7e8960a30d82@group-862D180445F9-StateMachineUpdater] INFO  metrics.RatisMetrics (RatisMetrics.java:unregister(43)) - Unregistering Metrics Registry : ratis.state_machine.0dae4c23-fefe-4bb2-bc72-7e8960a30d82@group-862D180445F9
2020-12-24 03:52:38,865 [Listener at 127.0.0.1/36349] INFO  server.RaftServer$Division (ServerState.java:close(406)) - 0dae4c23-fefe-4bb2-bc72-7e8960a30d82@group-862D180445F9: closes. applyIndex: 32
2020-12-24 03:52:38,866 [0dae4c23-fefe-4bb2-bc72-7e8960a30d82@group-862D180445F9-SegmentedRaftLogWorker] INFO  segmented.SegmentedRaftLogWorker (SegmentedRaftLogWorker.java:run(326)) - 0dae4c23-fefe-4bb2-bc72-7e8960a30d82@group-862D180445F9-SegmentedRaftLogWorker was interrupted, exiting. There are 0 tasks remaining in the queue.
2020-12-24 03:52:38,866 [Listener at 127.0.0.1/36349] INFO  segmented.SegmentedRaftLogWorker (SegmentedRaftLogWorker.java:close(236)) - 0dae4c23-fefe-4bb2-bc72-7e8960a30d82@group-862D180445F9-SegmentedRaftLogWorker close()
2020-12-24 03:52:38,866 [Listener at 127.0.0.1/36349] INFO  metrics.RatisMetrics (RatisMetrics.java:unregister(43)) - Unregistering Metrics Registry : ratis.log_worker.0dae4c23-fefe-4bb2-bc72-7e8960a30d82@group-862D180445F9
2020-12-24 03:52:38,866 [Listener at 127.0.0.1/36349] INFO  metrics.RatisMetrics (RatisMetrics.java:unregister(43)) - Unregistering Metrics Registry : ratis.leader_election.0dae4c23-fefe-4bb2-bc72-7e8960a30d82@group-862D180445F9
2020-12-24 03:52:38,866 [Listener at 127.0.0.1/36349] INFO  metrics.RatisMetrics (RatisMetrics.java:unregister(43)) - Unregistering Metrics Registry : ratis.server.0dae4c23-fefe-4bb2-bc72-7e8960a30d82@group-862D180445F9
2020-12-24 03:52:38,867 [Listener at 127.0.0.1/36349] INFO  server.GrpcService (GrpcService.java:closeImpl(184)) - 0dae4c23-fefe-4bb2-bc72-7e8960a30d82: shutdown server with port 39989 now
2020-12-24 03:52:38,867 [Listener at 127.0.0.1/36349] INFO  server.GrpcService (GrpcService.java:closeImpl(193)) - 0dae4c23-fefe-4bb2-bc72-7e8960a30d82: shutdown server with port 39989 successfully
2020-12-24 03:52:38,868 [org.apache.ratis.util.JvmPauseMonitor$$Lambda$222/1720804448@273cabf8] INFO  util.JvmPauseMonitor (JvmPauseMonitor.java:run(109)) - JvmPauseMonitor-0dae4c23-fefe-4bb2-bc72-7e8960a30d82: Stopped
2020-12-24 03:52:38,869 [Listener at 127.0.0.1/36349] INFO  utils.BackgroundService (BackgroundService.java:shutdown(132)) - Shutting down service BlockDeletingService
2020-12-24 03:52:38,870 [Listener at 127.0.0.1/36349] INFO  statemachine.DatanodeStateMachine (DatanodeStateMachine.java:stopDaemon(461)) - Ozone container server stopped.
2020-12-24 03:52:38,879 [Listener at 127.0.0.1/36349] INFO  handler.ContextHandler (ContextHandler.java:doStop(1154)) - Stopped o.e.j.w.WebAppContext@4e33a209{hddsDatanode,/,null,STOPPED}{jar:file:/home/user/.m2/repository/org/apache/hadoop/hadoop-hdds-container-service/1.1.0-SNAPSHOT/hadoop-hdds-container-service-1.1.0-SNAPSHOT.jar!/webapps/hddsDatanode}
2020-12-24 03:52:38,880 [Listener at 127.0.0.1/36349] INFO  server.AbstractConnector (AbstractConnector.java:doStop(381)) - Stopped ServerConnector@17574caa{HTTP/1.1, (http/1.1)}{0.0.0.0:0}
2020-12-24 03:52:38,880 [Listener at 127.0.0.1/36349] INFO  server.session (HouseKeeper.java:stopScavenging(149)) - node0 Stopped scavenging
2020-12-24 03:52:38,880 [Listener at 127.0.0.1/36349] INFO  handler.ContextHandler (ContextHandler.java:doStop(1154)) - Stopped o.e.j.s.ServletContextHandler@368a26dd{static,/static,jar:file:/home/user/.m2/repository/org/apache/hadoop/hadoop-hdds-container-service/1.1.0-SNAPSHOT/hadoop-hdds-container-service-1.1.0-SNAPSHOT.jar!/webapps/static,STOPPED}
2020-12-24 03:52:38,880 [Listener at 127.0.0.1/36349] INFO  handler.ContextHandler (ContextHandler.java:doStop(1154)) - Stopped o.e.j.s.ServletContextHandler@6ec8fa57{logs,/logs,file:///github/workspace/mnt/ozone/hadoop-ozone/integration-test/target/log,STOPPED}
2020-12-24 03:52:39,203 [ForkJoinPool.commonPool-worker-0] INFO  ozoneimpl.OzoneContainer (OzoneContainer.java:stop(257)) - Attempting to stop container services.
2020-12-24 03:52:39,203 [ForkJoinPool.commonPool-worker-0] INFO  server.RaftServer (RaftServerProxy.java:lambda$close$6(387)) - b22c4f2c-1caa-4579-b370-0e993976351f: close
2020-12-24 03:52:39,203 [ForkJoinPool.commonPool-worker-0] INFO  server.GrpcService (GrpcService.java:closeImpl(184)) - b22c4f2c-1caa-4579-b370-0e993976351f: shutdown server with port 33975 now
2020-12-24 03:52:39,204 [ForkJoinPool.commonPool-worker-0] INFO  server.GrpcService (GrpcService.java:closeImpl(193)) - b22c4f2c-1caa-4579-b370-0e993976351f: shutdown server with port 33975 successfully
2020-12-24 03:52:39,205 [org.apache.ratis.util.JvmPauseMonitor$$Lambda$222/1720804448@3fb7f475] INFO  util.JvmPauseMonitor (JvmPauseMonitor.java:run(109)) - JvmPauseMonitor-b22c4f2c-1caa-4579-b370-0e993976351f: Stopped
2020-12-24 03:52:39,207 [ForkJoinPool.commonPool-worker-0] INFO  utils.BackgroundService (BackgroundService.java:shutdown(132)) - Shutting down service BlockDeletingService
2020-12-24 03:52:39,209 [ForkJoinPool.commonPool-worker-0] INFO  statemachine.DatanodeStateMachine (DatanodeStateMachine.java:stopDaemon(461)) - Ozone container server stopped.
2020-12-24 03:52:39,220 [ForkJoinPool.commonPool-worker-0] INFO  handler.ContextHandler (ContextHandler.java:doStop(1154)) - Stopped o.e.j.w.WebAppContext@38ab2740{hddsDatanode,/,null,STOPPED}{jar:file:/home/user/.m2/repository/org/apache/hadoop/hadoop-hdds-container-service/1.1.0-SNAPSHOT/hadoop-hdds-container-service-1.1.0-SNAPSHOT.jar!/webapps/hddsDatanode}
2020-12-24 03:52:39,221 [ForkJoinPool.commonPool-worker-0] INFO  server.AbstractConnector (AbstractConnector.java:doStop(381)) - Stopped ServerConnector@41eab601{HTTP/1.1, (http/1.1)}{0.0.0.0:0}
2020-12-24 03:52:39,221 [ForkJoinPool.commonPool-worker-0] INFO  server.session (HouseKeeper.java:stopScavenging(149)) - node0 Stopped scavenging
2020-12-24 03:52:39,221 [ForkJoinPool.commonPool-worker-0] INFO  handler.ContextHandler (ContextHandler.java:doStop(1154)) - Stopped o.e.j.s.ServletContextHandler@3c72031c{static,/static,jar:file:/home/user/.m2/repository/org/apache/hadoop/hadoop-hdds-container-service/1.1.0-SNAPSHOT/hadoop-hdds-container-service-1.1.0-SNAPSHOT.jar!/webapps/static,STOPPED}
2020-12-24 03:52:39,222 [ForkJoinPool.commonPool-worker-0] INFO  handler.ContextHandler (ContextHandler.java:doStop(1154)) - Stopped o.e.j.s.ServletContextHandler@16bee5fe{logs,/logs,file:///github/workspace/mnt/ozone/hadoop-ozone/integration-test/target/log,STOPPED}
2020-12-24 03:52:39,223 [Listener at 127.0.0.1/36349] INFO  ozone.MiniOzoneClusterImpl (MiniOzoneClusterImpl.java:stopSCM(477)) - Stopping the StorageContainerManager
2020-12-24 03:52:39,224 [Listener at 127.0.0.1/36349] INFO  server.StorageContainerManager (StorageContainerManager.java:stop(832)) - Stopping Replication Manager Service.
2020-12-24 03:52:39,224 [Listener at 127.0.0.1/36349] INFO  container.ReplicationManager (ReplicationManager.java:stop(227)) - Stopping Replication Monitor Thread.
2020-12-24 03:52:39,224 [Listener at 127.0.0.1/36349] INFO  server.StorageContainerManager (StorageContainerManager.java:stop(839)) - Stopping the Datanode Admin Monitor.
2020-12-24 03:52:39,224 [Listener at 127.0.0.1/36349] INFO  server.StorageContainerManager (StorageContainerManager.java:stop(846)) - Stopping Lease Manager of the command watchers
2020-12-24 03:52:39,224 [Listener at 127.0.0.1/36349] INFO  server.StorageContainerManager (StorageContainerManager.java:stop(853)) - Stopping datanode service RPC server
2020-12-24 03:52:39,224 [Listener at 127.0.0.1/36349] INFO  server.SCMDatanodeProtocolServer (SCMDatanodeProtocolServer.java:stop(369)) - Stopping the RPC server for DataNodes
2020-12-24 03:52:39,225 [Listener at 127.0.0.1/36349] INFO  ipc.Server (Server.java:stop(3359)) - Stopping server on 44015
2020-12-24 03:52:39,225 [IPC Server listener on 0] INFO  ipc.Server (Server.java:run(1330)) - Stopping IPC Server listener on 0
2020-12-24 03:52:39,227 [IPC Server Responder] INFO  ipc.Server (Server.java:run(1465)) - Stopping IPC Server Responder
2020-12-24 03:52:39,324 [SCM Heartbeat Processing Thread - 0] WARN  node.NodeStateManager (NodeStateManager.java:scheduleNextHealthCheck(688)) - Current Thread is interrupted, shutting down HB processing thread for Node Manager.
2020-12-24 03:52:39,325 [Listener at 127.0.0.1/36349] INFO  server.StorageContainerManager (StorageContainerManager.java:stop(861)) - Stopping block service RPC server
2020-12-24 03:52:39,325 [Listener at 127.0.0.1/36349] INFO  server.SCMBlockProtocolServer (SCMBlockProtocolServer.java:stop(159)) - Stopping the RPC server for Block Protocol
2020-12-24 03:52:39,325 [Listener at 127.0.0.1/36349] INFO  ipc.Server (Server.java:stop(3359)) - Stopping server on 37231
2020-12-24 03:52:39,327 [IPC Server listener on 0] INFO  ipc.Server (Server.java:run(1330)) - Stopping IPC Server listener on 0
2020-12-24 03:52:39,329 [IPC Server Responder] INFO  ipc.Server (Server.java:run(1465)) - Stopping IPC Server Responder
2020-12-24 03:52:39,329 [Listener at 127.0.0.1/36349] INFO  server.StorageContainerManager (StorageContainerManager.java:stop(868)) - Stopping the StorageContainerLocationProtocol RPC server
2020-12-24 03:52:39,329 [Listener at 127.0.0.1/36349] INFO  server.SCMClientProtocolServer (SCMClientProtocolServer.java:stop(168)) - Stopping the RPC server for Client Protocol
2020-12-24 03:52:39,329 [Listener at 127.0.0.1/36349] INFO  ipc.Server (Server.java:stop(3359)) - Stopping server on 39143
2020-12-24 03:52:39,331 [IPC Server listener on 0] INFO  ipc.Server (Server.java:run(1330)) - Stopping IPC Server listener on 0
2020-12-24 03:52:39,338 [Listener at 127.0.0.1/36349] INFO  server.StorageContainerManager (StorageContainerManager.java:stop(875)) - Stopping Storage Container Manager HTTP server.
2020-12-24 03:52:39,338 [IPC Server Responder] INFO  ipc.Server (Server.java:run(1465)) - Stopping IPC Server Responder
2020-12-24 03:52:39,338 [Listener at 127.0.0.1/36349] INFO  handler.ContextHandler (ContextHandler.java:doStop(1154)) - Stopped o.e.j.w.WebAppContext@67bf0d91{scm,/,null,STOPPED}{file:/github/workspace/mnt/ozone/hadoop-ozone/integration-test/target/test-classes/webapps/scm}
2020-12-24 03:52:39,339 [Listener at 127.0.0.1/36349] INFO  server.AbstractConnector (AbstractConnector.java:doStop(381)) - Stopped ServerConnector@a99f50e{HTTP/1.1, (http/1.1)}{0.0.0.0:0}
2020-12-24 03:52:39,339 [Listener at 127.0.0.1/36349] INFO  server.session (HouseKeeper.java:stopScavenging(149)) - node0 Stopped scavenging
2020-12-24 03:52:39,339 [Listener at 127.0.0.1/36349] INFO  handler.ContextHandler (ContextHandler.java:doStop(1154)) - Stopped o.e.j.s.ServletContextHandler@251d3913{static,/static,file:///github/workspace/mnt/ozone/hadoop-ozone/integration-test/target/test-classes/webapps/static,STOPPED}
2020-12-24 03:52:39,339 [Listener at 127.0.0.1/36349] INFO  handler.ContextHandler (ContextHandler.java:doStop(1154)) - Stopped o.e.j.s.ServletContextHandler@27ca3040{logs,/logs,file:///github/workspace/mnt/ozone/hadoop-ozone/integration-test/target/log,STOPPED}
2020-12-24 03:52:39,340 [Listener at 127.0.0.1/36349] INFO  server.StorageContainerManager (StorageContainerManager.java:stop(886)) - Stopping Block Manager Service.
2020-12-24 03:52:39,340 [Listener at 127.0.0.1/36349] INFO  utils.BackgroundService (BackgroundService.java:shutdown(132)) - Shutting down service SCMBlockDeletingService
2020-12-24 03:52:39,341 [Listener at 127.0.0.1/36349] INFO  utils.BackgroundService (BackgroundService.java:shutdown(132)) - Shutting down service SCMBlockDeletingService
2020-12-24 03:52:39,342 [Listener at 127.0.0.1/36349] INFO  server.StorageContainerManager (StorageContainerManager.java:stop(911)) - Stopping SCM Event Queue.
2020-12-24 03:52:39,348 [Listener at 127.0.0.1/36349] INFO  impl.MetricsSystemImpl (MetricsSystemImpl.java:stop(210)) - Stopping HddsDatanode metrics system...
2020-12-24 03:52:39,355 [Listener at 127.0.0.1/36349] INFO  impl.MetricsSystemImpl (MetricsSystemImpl.java:stop(216)) - HddsDatanode metrics system stopped.
]]></system-out>
  </testcase>
  <testcase name="testDecommissionedStateReinstatedAfterSCMRestart" classname="org.apache.hadoop.ozone.scm.node.TestDecommissionAndMaintenance" time="36.577"/>
  <testcase name="testMaintenanceEndsAutomaticallyAtTimeout" classname="org.apache.hadoop.ozone.scm.node.TestDecommissionAndMaintenance" time="49.98"/>
  <testcase name="testDecommissionedNodeCanBeRecommissioned" classname="org.apache.hadoop.ozone.scm.node.TestDecommissionAndMaintenance" time="27.346"/>
  <testcase name="testNodeWithOpenPipelineCanBeDecommissioned" classname="org.apache.hadoop.ozone.scm.node.TestDecommissionAndMaintenance" time="39.263"/>
  <testcase name="testSingleNodeWithOpenPipelineCanGotoMaintenance" classname="org.apache.hadoop.ozone.scm.node.TestDecommissionAndMaintenance" time="40.599"/>
  <testcase name="testSCMHandlesRestartForMaintenanceNode" classname="org.apache.hadoop.ozone.scm.node.TestDecommissionAndMaintenance" time="39.933"/>
  <testcase name="testStoppedDecommissionedNodeTakesSCMStateOnRestart" classname="org.apache.hadoop.ozone.scm.node.TestDecommissionAndMaintenance" time="54.029"/>
  <testcase name="testEnteringMaintenanceNodeCompletesAfterSCMRestart" classname="org.apache.hadoop.ozone.scm.node.TestDecommissionAndMaintenance" time="45.29"/>
  <testcase name="testDecommissioningNodesCompleteDecommissionOnSCMRestart" classname="org.apache.hadoop.ozone.scm.node.TestDecommissionAndMaintenance" time="37.862"/>
</testsuite>