<?xml version="1.0" encoding="UTF-8"?>
<testsuite xmlns:xsi="http://www.w3.org/2001/XMLSchema-instance" xsi:noNamespaceSchemaLocation="https://maven.apache.org/surefire/maven-surefire-plugin/xsd/surefire-test-report.xsd" name="org.apache.hadoop.ozone.client.rpc.TestWatchForCommit" time="317.936" tests="4" errors="1" skipped="0" failures="0">
  <properties>
    <property name="awt.toolkit" value="sun.awt.X11.XToolkit"/>
    <property name="file.encoding.pkg" value="sun.io"/>
    <property name="java.specification.version" value="1.8"/>
    <property name="sun.cpu.isalist" value=""/>
    <property name="sun.jnu.encoding" value="UTF-8"/>
    <property name="java.class.path" value="/home/runner/work/ozone/ozone/hadoop-ozone/integration-test/target/test-classes:/home/runner/work/ozone/ozone/hadoop-ozone/integration-test/target/classes:/home/runner/.m2/repository/org/apache/ozone/ozone-common/1.2.0-SNAPSHOT/ozone-common-1.2.0-SNAPSHOT.jar:/home/runner/.m2/repository/org/apache/commons/commons-compress/1.20/commons-compress-1.20.jar:/home/runner/.m2/repository/org/apache/ozone/hdds-common/1.2.0-SNAPSHOT/hdds-common-1.2.0-SNAPSHOT.jar:/home/runner/.m2/repository/org/apache/ozone/hdds-client/1.2.0-SNAPSHOT/hdds-client-1.2.0-SNAPSHOT.jar:/home/runner/.m2/repository/org/apache/ozone/ozone-interface-client/1.2.0-SNAPSHOT/ozone-interface-client-1.2.0-SNAPSHOT.jar:/home/runner/.m2/repository/org/apache/ozone/hdds-server-framework/1.2.0-SNAPSHOT/hdds-server-framework-1.2.0-SNAPSHOT.jar:/home/runner/.m2/repository/org/apache/ozone/hdds-interface-server/1.2.0-SNAPSHOT/hdds-interface-server-1.2.0-SNAPSHOT.jar:/home/runner/.m2/repository/org/eclipse/jetty/jetty-servlet/9.4.43.v20210629/jetty-servlet-9.4.43.v20210629.jar:/home/runner/.m2/repository/org/eclipse/jetty/jetty-security/9.4.43.v20210629/jetty-security-9.4.43.v20210629.jar:/home/runner/.m2/repository/org/rocksdb/rocksdbjni/6.20.3/rocksdbjni-6.20.3.jar:/home/runner/.m2/repository/io/prometheus/simpleclient_dropwizard/0.7.0/simpleclient_dropwizard-0.7.0.jar:/home/runner/.m2/repository/io/prometheus/simpleclient/0.7.0/simpleclient-0.7.0.jar:/home/runner/.m2/repository/io/prometheus/simpleclient_common/0.7.0/simpleclient_common-0.7.0.jar:/home/runner/.m2/repository/com/fasterxml/jackson/datatype/jackson-datatype-jsr310/2.12.1/jackson-datatype-jsr310-2.12.1.jar:/home/runner/.m2/repository/org/apache/ozone/hdds-test-utils/1.2.0-SNAPSHOT/hdds-test-utils-1.2.0-SNAPSHOT.jar:/home/runner/.m2/repository/com/google/guava/guava/30.1.1-jre/guava-30.1.1-jre.jar:/home/runner/.m2/repository/com/google/guava/failureaccess/1.0.1/failureaccess-1.0.1.jar:/home/runner/.m2/repository/com/google/guava/listenablefuture/9999.0-empty-to-avoid-conflict-with-guava/listenablefuture-9999.0-empty-to-avoid-conflict-with-guava.jar:/home/runner/.m2/repository/com/google/code/findbugs/jsr305/3.0.0/jsr305-3.0.0.jar:/home/runner/.m2/repository/org/checkerframework/checker-qual/3.8.0/checker-qual-3.8.0.jar:/home/runner/.m2/repository/com/google/errorprone/error_prone_annotations/2.2.0/error_prone_annotations-2.2.0.jar:/home/runner/.m2/repository/com/google/j2objc/j2objc-annotations/1.3/j2objc-annotations-1.3.jar:/home/runner/.m2/repository/commons-io/commons-io/2.8.0/commons-io-2.8.0.jar:/home/runner/.m2/repository/commons-logging/commons-logging/1.2/commons-logging-1.2.jar:/home/runner/.m2/repository/log4j/log4j/1.2.17/log4j-1.2.17.jar:/home/runner/.m2/repository/org/slf4j/slf4j-api/1.7.30/slf4j-api-1.7.30.jar:/home/runner/.m2/repository/org/apache/ozone/hdds-server-scm/1.2.0-SNAPSHOT/hdds-server-scm-1.2.0-SNAPSHOT.jar:/home/runner/.m2/repository/org/apache/ozone/hdds-container-service/1.2.0-SNAPSHOT/hdds-container-service-1.2.0-SNAPSHOT.jar:/home/runner/.m2/repository/org/apache/ozone/hdds-hadoop-dependency-server/1.2.0-SNAPSHOT/hdds-hadoop-dependency-server-1.2.0-SNAPSHOT.jar:/home/runner/.m2/repository/org/apache/hadoop/hadoop-hdfs/3.3.1/hadoop-hdfs-3.3.1.jar:/home/runner/.m2/repository/io/dropwizard/metrics/metrics-core/3.2.4/metrics-core-3.2.4.jar:/home/runner/.m2/repository/org/apache/hadoop/hadoop-hdfs-client/3.3.1/hadoop-hdfs-client-3.3.1.jar:/home/runner/.m2/repository/org/bouncycastle/bcprov-jdk15on/1.67/bcprov-jdk15on-1.67.jar:/home/runner/.m2/repository/com/google/protobuf/protobuf-java/2.5.0/protobuf-java-2.5.0.jar:/home/runner/.m2/repository/org/apache/ozone/ozone-manager/1.2.0-SNAPSHOT/ozone-manager-1.2.0-SNAPSHOT.jar:/home/runner/.m2/repository/org/aspectj/aspectjrt/1.8.9/aspectjrt-1.8.9.jar:/home/runner/.m2/repository/org/aspectj/aspectjweaver/1.8.9/aspectjweaver-1.8.9.jar:/home/runner/.m2/repository/org/apache/ozone/hdds-interface-client/1.2.0-SNAPSHOT/hdds-interface-client-1.2.0-SNAPSHOT.jar:/home/runner/.m2/repository/org/apache/hadoop/thirdparty/hadoop-shaded-protobuf_3_7/1.1.1/hadoop-shaded-protobuf_3_7-1.1.1.jar:/home/runner/.m2/repository/org/apache/ozone/ozone-interface-storage/1.2.0-SNAPSHOT/ozone-interface-storage-1.2.0-SNAPSHOT.jar:/home/runner/.m2/repository/org/reflections/reflections/0.9.11/reflections-0.9.11.jar:/home/runner/.m2/repository/org/apache/hadoop/hadoop-minikdc/3.3.1/hadoop-minikdc-3.3.1.jar:/home/runner/.m2/repository/org/apache/kerby/kerb-simplekdc/1.0.1/kerb-simplekdc-1.0.1.jar:/home/runner/.m2/repository/org/apache/kerby/kerb-client/1.0.1/kerb-client-1.0.1.jar:/home/runner/.m2/repository/org/apache/kerby/kerby-config/1.0.1/kerby-config-1.0.1.jar:/home/runner/.m2/repository/org/apache/kerby/kerb-common/1.0.1/kerb-common-1.0.1.jar:/home/runner/.m2/repository/org/apache/kerby/kerb-crypto/1.0.1/kerb-crypto-1.0.1.jar:/home/runner/.m2/repository/org/apache/kerby/kerb-util/1.0.1/kerb-util-1.0.1.jar:/home/runner/.m2/repository/org/apache/kerby/token-provider/1.0.1/token-provider-1.0.1.jar:/home/runner/.m2/repository/org/apache/kerby/kerb-admin/1.0.1/kerb-admin-1.0.1.jar:/home/runner/.m2/repository/org/apache/kerby/kerb-server/1.0.1/kerb-server-1.0.1.jar:/home/runner/.m2/repository/org/apache/kerby/kerb-identity/1.0.1/kerb-identity-1.0.1.jar:/home/runner/.m2/repository/org/apache/kerby/kerby-xdr/1.0.1/kerby-xdr-1.0.1.jar:/home/runner/.m2/repository/org/slf4j/slf4j-log4j12/1.7.30/slf4j-log4j12-1.7.30.jar:/home/runner/.m2/repository/org/apache/ozone/ozone-s3gateway/1.2.0-SNAPSHOT/ozone-s3gateway-1.2.0-SNAPSHOT.jar:/home/runner/.m2/repository/org/javassist/javassist/3.21.0-GA/javassist-3.21.0-GA.jar:/home/runner/.m2/repository/org/jboss/weld/servlet/weld-servlet/2.4.7.Final/weld-servlet-2.4.7.Final.jar:/home/runner/.m2/repository/org/glassfish/jersey/containers/jersey-container-servlet-core/2.33/jersey-container-servlet-core-2.33.jar:/home/runner/.m2/repository/org/glassfish/hk2/external/jakarta.inject/2.6.1/jakarta.inject-2.6.1.jar:/home/runner/.m2/repository/org/glassfish/jersey/core/jersey-common/2.33/jersey-common-2.33.jar:/home/runner/.m2/repository/jakarta/ws/rs/jakarta.ws.rs-api/2.1.6/jakarta.ws.rs-api-2.1.6.jar:/home/runner/.m2/repository/org/glassfish/jersey/ext/cdi/jersey-cdi1x/2.33/jersey-cdi1x-2.33.jar:/home/runner/.m2/repository/org/glassfish/jersey/inject/jersey-hk2/2.33/jersey-hk2-2.33.jar:/home/runner/.m2/repository/org/glassfish/hk2/hk2-locator/2.6.1/hk2-locator-2.6.1.jar:/home/runner/.m2/repository/org/glassfish/jersey/media/jersey-media-jaxb/2.33/jersey-media-jaxb-2.33.jar:/home/runner/.m2/repository/org/glassfish/hk2/osgi-resource-locator/1.0.3/osgi-resource-locator-1.0.3.jar:/home/runner/.m2/repository/org/glassfish/hk2/hk2-api/2.5.0/hk2-api-2.5.0.jar:/home/runner/.m2/repository/org/glassfish/hk2/hk2-utils/2.5.0/hk2-utils-2.5.0.jar:/home/runner/.m2/repository/org/glassfish/hk2/external/aopalliance-repackaged/2.5.0/aopalliance-repackaged-2.5.0.jar:/home/runner/.m2/repository/com/fasterxml/jackson/dataformat/jackson-dataformat-xml/2.12.1/jackson-dataformat-xml-2.12.1.jar:/home/runner/.m2/repository/com/fasterxml/jackson/core/jackson-core/2.12.1/jackson-core-2.12.1.jar:/home/runner/.m2/repository/com/fasterxml/jackson/module/jackson-module-jaxb-annotations/2.12.1/jackson-module-jaxb-annotations-2.12.1.jar:/home/runner/.m2/repository/jakarta/xml/bind/jakarta.xml.bind-api/2.3.2/jakarta.xml.bind-api-2.3.2.jar:/home/runner/.m2/repository/org/codehaus/woodstox/stax2-api/3.1.4/stax2-api-3.1.4.jar:/home/runner/.m2/repository/com/fasterxml/woodstox/woodstox-core/5.0.3/woodstox-core-5.0.3.jar:/home/runner/.m2/repository/javax/enterprise/cdi-api/1.2/cdi-api-1.2.jar:/home/runner/.m2/repository/javax/el/javax.el-api/3.0.0/javax.el-api-3.0.0.jar:/home/runner/.m2/repository/javax/interceptor/javax.interceptor-api/1.2/javax.interceptor-api-1.2.jar:/home/runner/.m2/repository/javax/inject/javax.inject/1/javax.inject-1.jar:/home/runner/.m2/repository/javax/xml/bind/jaxb-api/2.3.0/jaxb-api-2.3.0.jar:/home/runner/.m2/repository/org/glassfish/jaxb/jaxb-runtime/2.3.0.1/jaxb-runtime-2.3.0.1.jar:/home/runner/.m2/repository/org/glassfish/jaxb/jaxb-core/2.3.0.1/jaxb-core-2.3.0.1.jar:/home/runner/.m2/repository/org/glassfish/jaxb/txw2/2.3.0.1/txw2-2.3.0.1.jar:/home/runner/.m2/repository/com/sun/istack/istack-commons-runtime/3.0.5/istack-commons-runtime-3.0.5.jar:/home/runner/.m2/repository/org/jvnet/staxex/stax-ex/1.7.8/stax-ex-1.7.8.jar:/home/runner/.m2/repository/com/sun/xml/fastinfoset/FastInfoset/1.2.13/FastInfoset-1.2.13.jar:/home/runner/.m2/repository/javax/activation/activation/1.1.1/activation-1.1.1.jar:/home/runner/.m2/repository/org/apache/ozone/ozone-csi/1.2.0-SNAPSHOT/ozone-csi-1.2.0-SNAPSHOT.jar:/home/runner/.m2/repository/com/google/protobuf/protobuf-java-util/3.12.0/protobuf-java-util-3.12.0.jar:/home/runner/.m2/repository/com/google/code/gson/gson/2.2.4/gson-2.2.4.jar:/home/runner/.m2/repository/org/apache/ozone/hdds-config/1.2.0-SNAPSHOT/hdds-config-1.2.0-SNAPSHOT.jar:/home/runner/.m2/repository/io/grpc/grpc-netty/1.33.0/grpc-netty-1.33.0.jar:/home/runner/.m2/repository/io/grpc/grpc-core/1.33.0/grpc-core-1.33.0.jar:/home/runner/.m2/repository/com/google/android/annotations/4.1.1.4/annotations-4.1.1.4.jar:/home/runner/.m2/repository/io/netty/netty-codec-http2/4.1.63.Final/netty-codec-http2-4.1.63.Final.jar:/home/runner/.m2/repository/io/netty/netty-codec-http/4.1.63.Final/netty-codec-http-4.1.63.Final.jar:/home/runner/.m2/repository/io/netty/netty-handler-proxy/4.1.63.Final/netty-handler-proxy-4.1.63.Final.jar:/home/runner/.m2/repository/io/netty/netty-codec-socks/4.1.63.Final/netty-codec-socks-4.1.63.Final.jar:/home/runner/.m2/repository/io/perfmark/perfmark-api/0.19.0/perfmark-api-0.19.0.jar:/home/runner/.m2/repository/org/codehaus/mojo/animal-sniffer-annotations/1.18/animal-sniffer-annotations-1.18.jar:/home/runner/.m2/repository/io/netty/netty-transport-native-epoll/4.1.63.Final/netty-transport-native-epoll-4.1.63.Final.jar:/home/runner/.m2/repository/io/netty/netty-common/4.1.63.Final/netty-common-4.1.63.Final.jar:/home/runner/.m2/repository/io/netty/netty-buffer/4.1.63.Final/netty-buffer-4.1.63.Final.jar:/home/runner/.m2/repository/io/netty/netty-transport-native-unix-common/4.1.63.Final/netty-transport-native-unix-common-4.1.63.Final.jar:/home/runner/.m2/repository/io/grpc/grpc-protobuf/1.33.0/grpc-protobuf-1.33.0.jar:/home/runner/.m2/repository/io/grpc/grpc-api/1.33.0/grpc-api-1.33.0.jar:/home/runner/.m2/repository/io/grpc/grpc-context/1.33.0/grpc-context-1.33.0.jar:/home/runner/.m2/repository/com/google/api/grpc/proto-google-common-protos/1.17.0/proto-google-common-protos-1.17.0.jar:/home/runner/.m2/repository/io/grpc/grpc-protobuf-lite/1.33.0/grpc-protobuf-lite-1.33.0.jar:/home/runner/.m2/repository/io/grpc/grpc-stub/1.33.0/grpc-stub-1.33.0.jar:/home/runner/.m2/repository/org/apache/ozone/ozone-recon/1.2.0-SNAPSHOT/ozone-recon-1.2.0-SNAPSHOT.jar:/home/runner/.m2/repository/org/apache/ozone/ozone-reconcodegen/1.2.0-SNAPSHOT/ozone-reconcodegen-1.2.0-SNAPSHOT.jar:/home/runner/.m2/repository/com/google/inject/extensions/guice-multibindings/4.0/guice-multibindings-4.0.jar:/home/runner/.m2/repository/com/google/inject/guice/4.0/guice-4.0.jar:/home/runner/.m2/repository/aopalliance/aopalliance/1.0/aopalliance-1.0.jar:/home/runner/.m2/repository/com/google/inject/extensions/guice-assistedinject/4.0/guice-assistedinject-4.0.jar:/home/runner/.m2/repository/com/google/inject/extensions/guice-servlet/4.0/guice-servlet-4.0.jar:/home/runner/.m2/repository/org/glassfish/jersey/containers/jersey-container-servlet/2.33/jersey-container-servlet-2.33.jar:/home/runner/.m2/repository/org/glassfish/hk2/guice-bridge/2.5.0/guice-bridge-2.5.0.jar:/home/runner/.m2/repository/org/glassfish/jersey/core/jersey-server/2.33/jersey-server-2.33.jar:/home/runner/.m2/repository/org/glassfish/jersey/core/jersey-client/2.33/jersey-client-2.33.jar:/home/runner/.m2/repository/jakarta/annotation/jakarta.annotation-api/1.3.5/jakarta.annotation-api-1.3.5.jar:/home/runner/.m2/repository/jakarta/validation/jakarta.validation-api/2.0.2/jakarta.validation-api-2.0.2.jar:/home/runner/.m2/repository/org/glassfish/jersey/media/jersey-media-json-jackson/2.33/jersey-media-json-jackson-2.33.jar:/home/runner/.m2/repository/org/glassfish/jersey/ext/jersey-entity-filtering/2.33/jersey-entity-filtering-2.33.jar:/home/runner/.m2/repository/org/jooq/jooq/3.11.10/jooq-3.11.10.jar:/home/runner/.m2/repository/org/jooq/jooq-meta/3.11.10/jooq-meta-3.11.10.jar:/home/runner/.m2/repository/org/jooq/jooq-codegen/3.11.10/jooq-codegen-3.11.10.jar:/home/runner/.m2/repository/com/jolbox/bonecp/0.8.0.RELEASE/bonecp-0.8.0.RELEASE.jar:/home/runner/.m2/repository/org/apache/derby/derby/10.14.2.0/derby-10.14.2.0.jar:/home/runner/.m2/repository/org/xerial/sqlite-jdbc/3.25.2/sqlite-jdbc-3.25.2.jar:/home/runner/.m2/repository/org/springframework/spring-jdbc/5.2.11.RELEASE/spring-jdbc-5.2.11.RELEASE.jar:/home/runner/.m2/repository/org/springframework/spring-beans/5.2.11.RELEASE/spring-beans-5.2.11.RELEASE.jar:/home/runner/.m2/repository/org/springframework/spring-core/5.2.11.RELEASE/spring-core-5.2.11.RELEASE.jar:/home/runner/.m2/repository/org/springframework/spring-jcl/5.2.11.RELEASE/spring-jcl-5.2.11.RELEASE.jar:/home/runner/.m2/repository/org/springframework/spring-tx/5.2.11.RELEASE/spring-tx-5.2.11.RELEASE.jar:/home/runner/.m2/repository/org/apache/ozone/ozone-client/1.2.0-SNAPSHOT/ozone-client-1.2.0-SNAPSHOT.jar:/home/runner/.m2/repository/org/apache/ozone/ozone-filesystem/1.2.0-SNAPSHOT/ozone-filesystem-1.2.0-SNAPSHOT.jar:/home/runner/.m2/repository/org/apache/ozone/ozone-filesystem-common/1.2.0-SNAPSHOT/ozone-filesystem-common-1.2.0-SNAPSHOT.jar:/home/runner/.m2/repository/org/apache/ozone/ozone-tools/1.2.0-SNAPSHOT/ozone-tools-1.2.0-SNAPSHOT.jar:/home/runner/.m2/repository/org/apache/ratis/ratis-tools/2.1.0-03f3b68-SNAPSHOT/ratis-tools-2.1.0-03f3b68-SNAPSHOT.jar:/home/runner/.m2/repository/com/amazonaws/aws-java-sdk-core/1.11.901/aws-java-sdk-core-1.11.901.jar:/home/runner/.m2/repository/org/apache/httpcomponents/httpclient/4.5.13/httpclient-4.5.13.jar:/home/runner/.m2/repository/org/apache/httpcomponents/httpcore/4.4.13/httpcore-4.4.13.jar:/home/runner/.m2/repository/software/amazon/ion/ion-java/1.0.2/ion-java-1.0.2.jar:/home/runner/.m2/repository/com/fasterxml/jackson/dataformat/jackson-dataformat-cbor/2.12.1/jackson-dataformat-cbor-2.12.1.jar:/home/runner/.m2/repository/joda-time/joda-time/2.8.1/joda-time-2.8.1.jar:/home/runner/.m2/repository/com/amazonaws/aws-java-sdk-s3/1.11.901/aws-java-sdk-s3-1.11.901.jar:/home/runner/.m2/repository/com/amazonaws/aws-java-sdk-kms/1.11.901/aws-java-sdk-kms-1.11.901.jar:/home/runner/.m2/repository/com/amazonaws/jmespath-java/1.11.901/jmespath-java-1.11.901.jar:/home/runner/.m2/repository/org/kohsuke/metainf-services/metainf-services/1.8/metainf-services-1.8.jar:/home/runner/.m2/repository/org/apache/ozone/hdds-tools/1.2.0-SNAPSHOT/hdds-tools-1.2.0-SNAPSHOT.jar:/home/runner/.m2/repository/commons-cli/commons-cli/1.2/commons-cli-1.2.jar:/home/runner/.m2/repository/org/apache/commons/commons-lang3/3.7/commons-lang3-3.7.jar:/home/runner/.m2/repository/org/apache/ozone/ozone-manager/1.2.0-SNAPSHOT/ozone-manager-1.2.0-SNAPSHOT-tests.jar:/home/runner/.m2/repository/org/apache/ozone/hdds-common/1.2.0-SNAPSHOT/hdds-common-1.2.0-SNAPSHOT-tests.jar:/home/runner/.m2/repository/org/apache/ozone/hdds-hadoop-dependency-client/1.2.0-SNAPSHOT/hdds-hadoop-dependency-client-1.2.0-SNAPSHOT.jar:/home/runner/.m2/repository/info/picocli/picocli/4.6.1/picocli-4.6.1.jar:/home/runner/.m2/repository/com/fasterxml/jackson/core/jackson-annotations/2.12.1/jackson-annotations-2.12.1.jar:/home/runner/.m2/repository/javax/annotation/javax.annotation-api/1.2/javax.annotation-api-1.2.jar:/home/runner/.m2/repository/org/apache/ratis/ratis-server/2.1.0-03f3b68-SNAPSHOT/ratis-server-2.1.0-03f3b68-SNAPSHOT.jar:/home/runner/.m2/repository/org/apache/ratis/ratis-client/2.1.0-03f3b68-SNAPSHOT/ratis-client-2.1.0-03f3b68-SNAPSHOT.jar:/home/runner/.m2/repository/org/apache/ratis/ratis-server-api/2.1.0-03f3b68-SNAPSHOT/ratis-server-api-2.1.0-03f3b68-SNAPSHOT.jar:/home/runner/.m2/repository/org/apache/ratis/ratis-metrics/2.1.0-03f3b68-SNAPSHOT/ratis-metrics-2.1.0-03f3b68-SNAPSHOT.jar:/home/runner/.m2/repository/org/apache/ratis/ratis-netty/2.1.0-03f3b68-SNAPSHOT/ratis-netty-2.1.0-03f3b68-SNAPSHOT.jar:/home/runner/.m2/repository/org/apache/ratis/ratis-grpc/2.1.0-03f3b68-SNAPSHOT/ratis-grpc-2.1.0-03f3b68-SNAPSHOT.jar:/home/runner/.m2/repository/org/apache/logging/log4j/log4j-api/2.13.3/log4j-api-2.13.3.jar:/home/runner/.m2/repository/org/apache/logging/log4j/log4j-core/2.13.3/log4j-core-2.13.3.jar:/home/runner/.m2/repository/com/lmax/disruptor/3.4.2/disruptor-3.4.2.jar:/home/runner/.m2/repository/org/apache/commons/commons-pool2/2.6.0/commons-pool2-2.6.0.jar:/home/runner/.m2/repository/org/bouncycastle/bcpkix-jdk15on/1.67/bcpkix-jdk15on-1.67.jar:/home/runner/.m2/repository/commons-validator/commons-validator/1.6/commons-validator-1.6.jar:/home/runner/.m2/repository/commons-beanutils/commons-beanutils/1.9.4/commons-beanutils-1.9.4.jar:/home/runner/.m2/repository/commons-digester/commons-digester/1.8.1/commons-digester-1.8.1.jar:/home/runner/.m2/repository/commons-collections/commons-collections/3.2.2/commons-collections-3.2.2.jar:/home/runner/.m2/repository/io/jaegertracing/jaeger-client/1.6.0/jaeger-client-1.6.0.jar:/home/runner/.m2/repository/io/jaegertracing/jaeger-thrift/1.6.0/jaeger-thrift-1.6.0.jar:/home/runner/.m2/repository/org/apache/thrift/libthrift/0.14.1/libthrift-0.14.1.jar:/home/runner/.m2/repository/com/squareup/okhttp3/okhttp/4.9.0/okhttp-4.9.0.jar:/home/runner/.m2/repository/com/squareup/okio/okio/2.8.0/okio-2.8.0.jar:/home/runner/.m2/repository/io/jaegertracing/jaeger-core/1.6.0/jaeger-core-1.6.0.jar:/home/runner/.m2/repository/io/jaegertracing/jaeger-tracerresolver/1.6.0/jaeger-tracerresolver-1.6.0.jar:/home/runner/.m2/repository/io/opentracing/contrib/opentracing-tracerresolver/0.1.8/opentracing-tracerresolver-0.1.8.jar:/home/runner/.m2/repository/org/jetbrains/kotlin/kotlin-stdlib/1.4.31/kotlin-stdlib-1.4.31.jar:/home/runner/.m2/repository/org/jetbrains/kotlin/kotlin-stdlib-common/1.4.31/kotlin-stdlib-common-1.4.31.jar:/home/runner/.m2/repository/org/jetbrains/annotations/13.0/annotations-13.0.jar:/home/runner/.m2/repository/io/opentracing/opentracing-util/0.33.0/opentracing-util-0.33.0.jar:/home/runner/.m2/repository/io/opentracing/opentracing-api/0.33.0/opentracing-api-0.33.0.jar:/home/runner/.m2/repository/io/opentracing/opentracing-noop/0.33.0/opentracing-noop-0.33.0.jar:/home/runner/.m2/repository/org/yaml/snakeyaml/1.26/snakeyaml-1.26.jar:/home/runner/.m2/repository/org/apache/ozone/hdds-interface-admin/1.2.0-SNAPSHOT/hdds-interface-admin-1.2.0-SNAPSHOT.jar:/home/runner/.m2/repository/junit/junit/4.13.1/junit-4.13.1.jar:/home/runner/.m2/repository/org/hamcrest/hamcrest-core/1.3/hamcrest-core-1.3.jar:/home/runner/.m2/repository/org/junit/jupiter/junit-jupiter-api/5.7.0/junit-jupiter-api-5.7.0.jar:/home/runner/.m2/repository/org/apiguardian/apiguardian-api/1.1.0/apiguardian-api-1.1.0.jar:/home/runner/.m2/repository/org/opentest4j/opentest4j/1.2.0/opentest4j-1.2.0.jar:/home/runner/.m2/repository/org/junit/platform/junit-platform-commons/1.7.0/junit-platform-commons-1.7.0.jar:/home/runner/.m2/repository/org/junit/jupiter/junit-jupiter-engine/5.7.0/junit-jupiter-engine-5.7.0.jar:/home/runner/.m2/repository/org/junit/platform/junit-platform-engine/1.7.0/junit-platform-engine-1.7.0.jar:/home/runner/.m2/repository/org/junit/vintage/junit-vintage-engine/5.7.0/junit-vintage-engine-5.7.0.jar:/home/runner/.m2/repository/org/junit/platform/junit-platform-launcher/1.7.0/junit-platform-launcher-1.7.0.jar:/home/runner/.m2/repository/org/openjdk/jmh/jmh-core/1.19/jmh-core-1.19.jar:/home/runner/.m2/repository/net/sf/jopt-simple/jopt-simple/4.6/jopt-simple-4.6.jar:/home/runner/.m2/repository/org/apache/commons/commons-math3/3.1.1/commons-math3-3.1.1.jar:/home/runner/.m2/repository/org/openjdk/jmh/jmh-generator-annprocess/1.19/jmh-generator-annprocess-1.19.jar:/home/runner/.m2/repository/org/mockito/mockito-core/2.28.2/mockito-core-2.28.2.jar:/home/runner/.m2/repository/net/bytebuddy/byte-buddy/1.9.10/byte-buddy-1.9.10.jar:/home/runner/.m2/repository/net/bytebuddy/byte-buddy-agent/1.9.10/byte-buddy-agent-1.9.10.jar:/home/runner/.m2/repository/org/objenesis/objenesis/1.0/objenesis-1.0.jar:/home/runner/.m2/repository/org/apache/hadoop/hadoop-kms/3.3.1/hadoop-kms-3.3.1.jar:/home/runner/.m2/repository/org/apache/hadoop/hadoop-auth/3.3.1/hadoop-auth-3.3.1.jar:/home/runner/.m2/repository/com/nimbusds/nimbus-jose-jwt/7.9/nimbus-jose-jwt-7.9.jar:/home/runner/.m2/repository/com/github/stephenc/jcip/jcip-annotations/1.0-1/jcip-annotations-1.0-1.jar:/home/runner/.m2/repository/net/minidev/json-smart/2.3/json-smart-2.3.jar:/home/runner/.m2/repository/net/minidev/accessors-smart/1.2/accessors-smart-1.2.jar:/home/runner/.m2/repository/org/ow2/asm/asm/5.0.4/asm-5.0.4.jar:/home/runner/.m2/repository/org/apache/zookeeper/zookeeper/3.5.6/zookeeper-3.5.6.jar:/home/runner/.m2/repository/org/apache/zookeeper/zookeeper-jute/3.5.6/zookeeper-jute-3.5.6.jar:/home/runner/.m2/repository/org/apache/yetus/audience-annotations/0.5.0/audience-annotations-0.5.0.jar:/home/runner/.m2/repository/org/apache/curator/curator-framework/4.2.0/curator-framework-4.2.0.jar:/home/runner/.m2/repository/org/apache/hadoop/thirdparty/hadoop-shaded-guava/1.1.1/hadoop-shaded-guava-1.1.1.jar:/home/runner/.m2/repository/com/sun/jersey/jersey-core/1.19/jersey-core-1.19.jar:/home/runner/.m2/repository/javax/ws/rs/jsr311-api/1.1.1/jsr311-api-1.1.1.jar:/home/runner/.m2/repository/com/sun/jersey/jersey-server/1.19/jersey-server-1.19.jar:/home/runner/.m2/repository/javax/servlet/javax.servlet-api/3.1.0/javax.servlet-api-3.1.0.jar:/home/runner/.m2/repository/org/eclipse/jetty/jetty-server/9.4.43.v20210629/jetty-server-9.4.43.v20210629.jar:/home/runner/.m2/repository/org/eclipse/jetty/jetty-http/9.4.43.v20210629/jetty-http-9.4.43.v20210629.jar:/home/runner/.m2/repository/org/eclipse/jetty/jetty-io/9.4.43.v20210629/jetty-io-9.4.43.v20210629.jar:/home/runner/.m2/repository/org/eclipse/jetty/jetty-webapp/9.4.43.v20210629/jetty-webapp-9.4.43.v20210629.jar:/home/runner/.m2/repository/org/eclipse/jetty/jetty-xml/9.4.43.v20210629/jetty-xml-9.4.43.v20210629.jar:/home/runner/.m2/repository/org/apache/hadoop/hadoop-common/3.3.1/hadoop-common-3.3.1.jar:/home/runner/.m2/repository/commons-net/commons-net/3.6/commons-net-3.6.jar:/home/runner/.m2/repository/jakarta/activation/jakarta.activation-api/1.2.1/jakarta.activation-api-1.2.1.jar:/home/runner/.m2/repository/com/sun/jersey/jersey-servlet/1.19/jersey-servlet-1.19.jar:/home/runner/.m2/repository/com/sun/jersey/jersey-json/1.19/jersey-json-1.19.jar:/home/runner/.m2/repository/org/codehaus/jettison/jettison/1.1/jettison-1.1.jar:/home/runner/.m2/repository/com/sun/xml/bind/jaxb-impl/2.2.3-1/jaxb-impl-2.2.3-1.jar:/home/runner/.m2/repository/org/codehaus/jackson/jackson-jaxrs/1.9.2/jackson-jaxrs-1.9.2.jar:/home/runner/.m2/repository/org/codehaus/jackson/jackson-xc/1.9.2/jackson-xc-1.9.2.jar:/home/runner/.m2/repository/org/apache/commons/commons-configuration2/2.1.1/commons-configuration2-2.1.1.jar:/home/runner/.m2/repository/org/apache/commons/commons-text/1.4/commons-text-1.4.jar:/home/runner/.m2/repository/com/google/re2j/re2j/1.1/re2j-1.1.jar:/home/runner/.m2/repository/com/jcraft/jsch/0.1.54/jsch-0.1.54.jar:/home/runner/.m2/repository/org/apache/curator/curator-client/4.2.0/curator-client-4.2.0.jar:/home/runner/.m2/repository/org/apache/curator/curator-recipes/4.2.0/curator-recipes-4.2.0.jar:/home/runner/.m2/repository/org/apache/kerby/kerb-core/1.0.1/kerb-core-1.0.1.jar:/home/runner/.m2/repository/org/apache/kerby/kerby-pkix/1.0.1/kerby-pkix-1.0.1.jar:/home/runner/.m2/repository/org/apache/kerby/kerby-asn1/1.0.1/kerby-asn1-1.0.1.jar:/home/runner/.m2/repository/org/apache/kerby/kerby-util/1.0.1/kerby-util-1.0.1.jar:/home/runner/.m2/repository/dnsjava/dnsjava/2.1.7/dnsjava-2.1.7.jar:/home/runner/.m2/repository/org/xerial/snappy/snappy-java/1.1.8.2/snappy-java-1.1.8.2.jar:/home/runner/.m2/repository/org/slf4j/jul-to-slf4j/1.7.30/jul-to-slf4j-1.7.30.jar:/home/runner/.m2/repository/org/eclipse/jetty/jetty-util/9.4.43.v20210629/jetty-util-9.4.43.v20210629.jar:/home/runner/.m2/repository/com/fasterxml/jackson/core/jackson-databind/2.12.1/jackson-databind-2.12.1.jar:/home/runner/.m2/repository/org/apache/hadoop/hadoop-kms/3.3.1/hadoop-kms-3.3.1-tests.jar:/home/runner/.m2/repository/org/apache/ozone/hdds-server-scm/1.2.0-SNAPSHOT/hdds-server-scm-1.2.0-SNAPSHOT-tests.jar:/home/runner/.m2/repository/org/apache/ozone/hdds-container-service/1.2.0-SNAPSHOT/hdds-container-service-1.2.0-SNAPSHOT-tests.jar:/home/runner/.m2/repository/commons-codec/commons-codec/1.11/commons-codec-1.11.jar:/home/runner/.m2/repository/io/netty/netty-transport/4.1.63.Final/netty-transport-4.1.63.Final.jar:/home/runner/.m2/repository/io/netty/netty-resolver/4.1.63.Final/netty-resolver-4.1.63.Final.jar:/home/runner/.m2/repository/io/netty/netty-codec/4.1.63.Final/netty-codec-4.1.63.Final.jar:/home/runner/.m2/repository/io/netty/netty-handler/4.1.63.Final/netty-handler-4.1.63.Final.jar:/home/runner/.m2/repository/org/apache/ozone/hdds-hadoop-dependency-test/1.2.0-SNAPSHOT/hdds-hadoop-dependency-test-1.2.0-SNAPSHOT.jar:/home/runner/.m2/repository/org/apache/hadoop/hadoop-common/3.3.1/hadoop-common-3.3.1-tests.jar:/home/runner/.m2/repository/org/assertj/assertj-core/3.12.2/assertj-core-3.12.2.jar:/home/runner/.m2/repository/org/apache/hadoop/hadoop-hdfs/3.3.1/hadoop-hdfs-3.3.1-tests.jar:/home/runner/.m2/repository/org/eclipse/jetty/jetty-util-ajax/9.4.43.v20210629/jetty-util-ajax-9.4.43.v20210629.jar:/home/runner/.m2/repository/commons-daemon/commons-daemon/1.0.13/commons-daemon-1.0.13.jar:/home/runner/.m2/repository/io/netty/netty/3.10.6.Final/netty-3.10.6.Final.jar:/home/runner/.m2/repository/io/netty/netty-all/4.1.63.Final/netty-all-4.1.63.Final.jar:/home/runner/.m2/repository/org/apache/htrace/htrace-core4/4.1.0-incubating/htrace-core4-4.1.0-incubating.jar:/home/runner/.m2/repository/org/fusesource/leveldbjni/leveldbjni-all/1.8/leveldbjni-all-1.8.jar:/home/runner/.m2/repository/org/apache/hadoop/hadoop-distcp/3.3.1/hadoop-distcp-3.3.1.jar:/home/runner/.m2/repository/org/apache/hadoop/hadoop-mapreduce-client-jobclient/3.3.1/hadoop-mapreduce-client-jobclient-3.3.1.jar:/home/runner/.m2/repository/org/apache/hadoop/hadoop-mapreduce-client-common/3.3.1/hadoop-mapreduce-client-common-3.3.1.jar:/home/runner/.m2/repository/org/apache/hadoop/hadoop-yarn-common/3.3.1/hadoop-yarn-common-3.3.1.jar:/home/runner/.m2/repository/org/apache/hadoop/hadoop-yarn-api/3.3.1/hadoop-yarn-api-3.3.1.jar:/home/runner/.m2/repository/com/sun/jersey/jersey-client/1.19/jersey-client-1.19.jar:/home/runner/.m2/repository/com/sun/jersey/contribs/jersey-guice/1.19/jersey-guice-1.19.jar:/home/runner/.m2/repository/com/fasterxml/jackson/jaxrs/jackson-jaxrs-json-provider/2.12.1/jackson-jaxrs-json-provider-2.12.1.jar:/home/runner/.m2/repository/com/fasterxml/jackson/jaxrs/jackson-jaxrs-base/2.12.1/jackson-jaxrs-base-2.12.1.jar:/home/runner/.m2/repository/org/apache/hadoop/hadoop-yarn-client/3.3.1/hadoop-yarn-client-3.3.1.jar:/home/runner/.m2/repository/org/eclipse/jetty/websocket/websocket-client/9.4.40.v20210413/websocket-client-9.4.40.v20210413.jar:/home/runner/.m2/repository/org/eclipse/jetty/jetty-client/9.4.40.v20210413/jetty-client-9.4.40.v20210413.jar:/home/runner/.m2/repository/org/eclipse/jetty/websocket/websocket-common/9.4.40.v20210413/websocket-common-9.4.40.v20210413.jar:/home/runner/.m2/repository/org/eclipse/jetty/websocket/websocket-api/9.4.40.v20210413/websocket-api-9.4.40.v20210413.jar:/home/runner/.m2/repository/org/jline/jline/3.9.0/jline-3.9.0.jar:/home/runner/.m2/repository/org/apache/hadoop/hadoop-mapreduce-client-core/3.3.1/hadoop-mapreduce-client-core-3.3.1.jar:/home/runner/.m2/repository/org/apache/avro/avro/1.7.7/avro-1.7.7.jar:/home/runner/.m2/repository/org/codehaus/jackson/jackson-core-asl/1.9.13/jackson-core-asl-1.9.13.jar:/home/runner/.m2/repository/org/codehaus/jackson/jackson-mapper-asl/1.9.13/jackson-mapper-asl-1.9.13.jar:/home/runner/.m2/repository/com/thoughtworks/paranamer/paranamer/2.3/paranamer-2.3.jar:/home/runner/.m2/repository/org/apache/hadoop/hadoop-annotations/3.3.1/hadoop-annotations-3.3.1.jar:/usr/lib/jvm/adoptopenjdk-8-hotspot-amd64/jre/../lib/tools.jar:/home/runner/.m2/repository/org/apache/hadoop/hadoop-distcp/3.3.1/hadoop-distcp-3.3.1-tests.jar:/home/runner/.m2/repository/org/apache/ratis/ratis-common/2.1.0-03f3b68-SNAPSHOT/ratis-common-2.1.0-03f3b68-SNAPSHOT.jar:/home/runner/.m2/repository/org/apache/ratis/ratis-thirdparty-misc/0.7.0/ratis-thirdparty-misc-0.7.0.jar:/home/runner/.m2/repository/org/apache/ratis/ratis-proto/2.1.0-03f3b68-SNAPSHOT/ratis-proto-2.1.0-03f3b68-SNAPSHOT.jar:"/>
    <property name="java.vm.vendor" value="AdoptOpenJDK"/>
    <property name="sun.arch.data.model" value="64"/>
    <property name="test.build.dir" value="/home/runner/work/ozone/ozone/hadoop-ozone/integration-test/target/test-dir"/>
    <property name="test.cache.data" value=""/>
    <property name="java.vendor.url" value="https://adoptopenjdk.net/"/>
    <property name="user.timezone" value=""/>
    <property name="java.vm.specification.version" value="1.8"/>
    <property name="os.name" value="Linux"/>
    <property name="test.build.data" value="/home/runner/work/ozone/ozone/hadoop-ozone/integration-test/target/test-dir"/>
    <property name="sun.java.launcher" value="SUN_STANDARD"/>
    <property name="sun.boot.library.path" value="/usr/lib/jvm/adoptopenjdk-8-hotspot-amd64/jre/lib/amd64"/>
    <property name="sun.java.command" value="/home/runner/work/ozone/ozone/hadoop-ozone/integration-test/target/surefire/surefirebooter4804203495630009515.jar /home/runner/work/ozone/ozone/hadoop-ozone/integration-test/target/surefire 2021-09-16T19-04-06_680-jvmRun1 surefire750599861855440664tmp surefire_8320763847984871773tmp"/>
    <property name="surefire.test.class.path" value="/home/runner/work/ozone/ozone/hadoop-ozone/integration-test/target/test-classes:/home/runner/work/ozone/ozone/hadoop-ozone/integration-test/target/classes:/home/runner/.m2/repository/org/apache/ozone/ozone-common/1.2.0-SNAPSHOT/ozone-common-1.2.0-SNAPSHOT.jar:/home/runner/.m2/repository/org/apache/commons/commons-compress/1.20/commons-compress-1.20.jar:/home/runner/.m2/repository/org/apache/ozone/hdds-common/1.2.0-SNAPSHOT/hdds-common-1.2.0-SNAPSHOT.jar:/home/runner/.m2/repository/org/apache/ozone/hdds-client/1.2.0-SNAPSHOT/hdds-client-1.2.0-SNAPSHOT.jar:/home/runner/.m2/repository/org/apache/ozone/ozone-interface-client/1.2.0-SNAPSHOT/ozone-interface-client-1.2.0-SNAPSHOT.jar:/home/runner/.m2/repository/org/apache/ozone/hdds-server-framework/1.2.0-SNAPSHOT/hdds-server-framework-1.2.0-SNAPSHOT.jar:/home/runner/.m2/repository/org/apache/ozone/hdds-interface-server/1.2.0-SNAPSHOT/hdds-interface-server-1.2.0-SNAPSHOT.jar:/home/runner/.m2/repository/org/eclipse/jetty/jetty-servlet/9.4.43.v20210629/jetty-servlet-9.4.43.v20210629.jar:/home/runner/.m2/repository/org/eclipse/jetty/jetty-security/9.4.43.v20210629/jetty-security-9.4.43.v20210629.jar:/home/runner/.m2/repository/org/rocksdb/rocksdbjni/6.20.3/rocksdbjni-6.20.3.jar:/home/runner/.m2/repository/io/prometheus/simpleclient_dropwizard/0.7.0/simpleclient_dropwizard-0.7.0.jar:/home/runner/.m2/repository/io/prometheus/simpleclient/0.7.0/simpleclient-0.7.0.jar:/home/runner/.m2/repository/io/prometheus/simpleclient_common/0.7.0/simpleclient_common-0.7.0.jar:/home/runner/.m2/repository/com/fasterxml/jackson/datatype/jackson-datatype-jsr310/2.12.1/jackson-datatype-jsr310-2.12.1.jar:/home/runner/.m2/repository/org/apache/ozone/hdds-test-utils/1.2.0-SNAPSHOT/hdds-test-utils-1.2.0-SNAPSHOT.jar:/home/runner/.m2/repository/com/google/guava/guava/30.1.1-jre/guava-30.1.1-jre.jar:/home/runner/.m2/repository/com/google/guava/failureaccess/1.0.1/failureaccess-1.0.1.jar:/home/runner/.m2/repository/com/google/guava/listenablefuture/9999.0-empty-to-avoid-conflict-with-guava/listenablefuture-9999.0-empty-to-avoid-conflict-with-guava.jar:/home/runner/.m2/repository/com/google/code/findbugs/jsr305/3.0.0/jsr305-3.0.0.jar:/home/runner/.m2/repository/org/checkerframework/checker-qual/3.8.0/checker-qual-3.8.0.jar:/home/runner/.m2/repository/com/google/errorprone/error_prone_annotations/2.2.0/error_prone_annotations-2.2.0.jar:/home/runner/.m2/repository/com/google/j2objc/j2objc-annotations/1.3/j2objc-annotations-1.3.jar:/home/runner/.m2/repository/commons-io/commons-io/2.8.0/commons-io-2.8.0.jar:/home/runner/.m2/repository/commons-logging/commons-logging/1.2/commons-logging-1.2.jar:/home/runner/.m2/repository/log4j/log4j/1.2.17/log4j-1.2.17.jar:/home/runner/.m2/repository/org/slf4j/slf4j-api/1.7.30/slf4j-api-1.7.30.jar:/home/runner/.m2/repository/org/apache/ozone/hdds-server-scm/1.2.0-SNAPSHOT/hdds-server-scm-1.2.0-SNAPSHOT.jar:/home/runner/.m2/repository/org/apache/ozone/hdds-container-service/1.2.0-SNAPSHOT/hdds-container-service-1.2.0-SNAPSHOT.jar:/home/runner/.m2/repository/org/apache/ozone/hdds-hadoop-dependency-server/1.2.0-SNAPSHOT/hdds-hadoop-dependency-server-1.2.0-SNAPSHOT.jar:/home/runner/.m2/repository/org/apache/hadoop/hadoop-hdfs/3.3.1/hadoop-hdfs-3.3.1.jar:/home/runner/.m2/repository/io/dropwizard/metrics/metrics-core/3.2.4/metrics-core-3.2.4.jar:/home/runner/.m2/repository/org/apache/hadoop/hadoop-hdfs-client/3.3.1/hadoop-hdfs-client-3.3.1.jar:/home/runner/.m2/repository/org/bouncycastle/bcprov-jdk15on/1.67/bcprov-jdk15on-1.67.jar:/home/runner/.m2/repository/com/google/protobuf/protobuf-java/2.5.0/protobuf-java-2.5.0.jar:/home/runner/.m2/repository/org/apache/ozone/ozone-manager/1.2.0-SNAPSHOT/ozone-manager-1.2.0-SNAPSHOT.jar:/home/runner/.m2/repository/org/aspectj/aspectjrt/1.8.9/aspectjrt-1.8.9.jar:/home/runner/.m2/repository/org/aspectj/aspectjweaver/1.8.9/aspectjweaver-1.8.9.jar:/home/runner/.m2/repository/org/apache/ozone/hdds-interface-client/1.2.0-SNAPSHOT/hdds-interface-client-1.2.0-SNAPSHOT.jar:/home/runner/.m2/repository/org/apache/hadoop/thirdparty/hadoop-shaded-protobuf_3_7/1.1.1/hadoop-shaded-protobuf_3_7-1.1.1.jar:/home/runner/.m2/repository/org/apache/ozone/ozone-interface-storage/1.2.0-SNAPSHOT/ozone-interface-storage-1.2.0-SNAPSHOT.jar:/home/runner/.m2/repository/org/reflections/reflections/0.9.11/reflections-0.9.11.jar:/home/runner/.m2/repository/org/apache/hadoop/hadoop-minikdc/3.3.1/hadoop-minikdc-3.3.1.jar:/home/runner/.m2/repository/org/apache/kerby/kerb-simplekdc/1.0.1/kerb-simplekdc-1.0.1.jar:/home/runner/.m2/repository/org/apache/kerby/kerb-client/1.0.1/kerb-client-1.0.1.jar:/home/runner/.m2/repository/org/apache/kerby/kerby-config/1.0.1/kerby-config-1.0.1.jar:/home/runner/.m2/repository/org/apache/kerby/kerb-common/1.0.1/kerb-common-1.0.1.jar:/home/runner/.m2/repository/org/apache/kerby/kerb-crypto/1.0.1/kerb-crypto-1.0.1.jar:/home/runner/.m2/repository/org/apache/kerby/kerb-util/1.0.1/kerb-util-1.0.1.jar:/home/runner/.m2/repository/org/apache/kerby/token-provider/1.0.1/token-provider-1.0.1.jar:/home/runner/.m2/repository/org/apache/kerby/kerb-admin/1.0.1/kerb-admin-1.0.1.jar:/home/runner/.m2/repository/org/apache/kerby/kerb-server/1.0.1/kerb-server-1.0.1.jar:/home/runner/.m2/repository/org/apache/kerby/kerb-identity/1.0.1/kerb-identity-1.0.1.jar:/home/runner/.m2/repository/org/apache/kerby/kerby-xdr/1.0.1/kerby-xdr-1.0.1.jar:/home/runner/.m2/repository/org/slf4j/slf4j-log4j12/1.7.30/slf4j-log4j12-1.7.30.jar:/home/runner/.m2/repository/org/apache/ozone/ozone-s3gateway/1.2.0-SNAPSHOT/ozone-s3gateway-1.2.0-SNAPSHOT.jar:/home/runner/.m2/repository/org/javassist/javassist/3.21.0-GA/javassist-3.21.0-GA.jar:/home/runner/.m2/repository/org/jboss/weld/servlet/weld-servlet/2.4.7.Final/weld-servlet-2.4.7.Final.jar:/home/runner/.m2/repository/org/glassfish/jersey/containers/jersey-container-servlet-core/2.33/jersey-container-servlet-core-2.33.jar:/home/runner/.m2/repository/org/glassfish/hk2/external/jakarta.inject/2.6.1/jakarta.inject-2.6.1.jar:/home/runner/.m2/repository/org/glassfish/jersey/core/jersey-common/2.33/jersey-common-2.33.jar:/home/runner/.m2/repository/jakarta/ws/rs/jakarta.ws.rs-api/2.1.6/jakarta.ws.rs-api-2.1.6.jar:/home/runner/.m2/repository/org/glassfish/jersey/ext/cdi/jersey-cdi1x/2.33/jersey-cdi1x-2.33.jar:/home/runner/.m2/repository/org/glassfish/jersey/inject/jersey-hk2/2.33/jersey-hk2-2.33.jar:/home/runner/.m2/repository/org/glassfish/hk2/hk2-locator/2.6.1/hk2-locator-2.6.1.jar:/home/runner/.m2/repository/org/glassfish/jersey/media/jersey-media-jaxb/2.33/jersey-media-jaxb-2.33.jar:/home/runner/.m2/repository/org/glassfish/hk2/osgi-resource-locator/1.0.3/osgi-resource-locator-1.0.3.jar:/home/runner/.m2/repository/org/glassfish/hk2/hk2-api/2.5.0/hk2-api-2.5.0.jar:/home/runner/.m2/repository/org/glassfish/hk2/hk2-utils/2.5.0/hk2-utils-2.5.0.jar:/home/runner/.m2/repository/org/glassfish/hk2/external/aopalliance-repackaged/2.5.0/aopalliance-repackaged-2.5.0.jar:/home/runner/.m2/repository/com/fasterxml/jackson/dataformat/jackson-dataformat-xml/2.12.1/jackson-dataformat-xml-2.12.1.jar:/home/runner/.m2/repository/com/fasterxml/jackson/core/jackson-core/2.12.1/jackson-core-2.12.1.jar:/home/runner/.m2/repository/com/fasterxml/jackson/module/jackson-module-jaxb-annotations/2.12.1/jackson-module-jaxb-annotations-2.12.1.jar:/home/runner/.m2/repository/jakarta/xml/bind/jakarta.xml.bind-api/2.3.2/jakarta.xml.bind-api-2.3.2.jar:/home/runner/.m2/repository/org/codehaus/woodstox/stax2-api/3.1.4/stax2-api-3.1.4.jar:/home/runner/.m2/repository/com/fasterxml/woodstox/woodstox-core/5.0.3/woodstox-core-5.0.3.jar:/home/runner/.m2/repository/javax/enterprise/cdi-api/1.2/cdi-api-1.2.jar:/home/runner/.m2/repository/javax/el/javax.el-api/3.0.0/javax.el-api-3.0.0.jar:/home/runner/.m2/repository/javax/interceptor/javax.interceptor-api/1.2/javax.interceptor-api-1.2.jar:/home/runner/.m2/repository/javax/inject/javax.inject/1/javax.inject-1.jar:/home/runner/.m2/repository/javax/xml/bind/jaxb-api/2.3.0/jaxb-api-2.3.0.jar:/home/runner/.m2/repository/org/glassfish/jaxb/jaxb-runtime/2.3.0.1/jaxb-runtime-2.3.0.1.jar:/home/runner/.m2/repository/org/glassfish/jaxb/jaxb-core/2.3.0.1/jaxb-core-2.3.0.1.jar:/home/runner/.m2/repository/org/glassfish/jaxb/txw2/2.3.0.1/txw2-2.3.0.1.jar:/home/runner/.m2/repository/com/sun/istack/istack-commons-runtime/3.0.5/istack-commons-runtime-3.0.5.jar:/home/runner/.m2/repository/org/jvnet/staxex/stax-ex/1.7.8/stax-ex-1.7.8.jar:/home/runner/.m2/repository/com/sun/xml/fastinfoset/FastInfoset/1.2.13/FastInfoset-1.2.13.jar:/home/runner/.m2/repository/javax/activation/activation/1.1.1/activation-1.1.1.jar:/home/runner/.m2/repository/org/apache/ozone/ozone-csi/1.2.0-SNAPSHOT/ozone-csi-1.2.0-SNAPSHOT.jar:/home/runner/.m2/repository/com/google/protobuf/protobuf-java-util/3.12.0/protobuf-java-util-3.12.0.jar:/home/runner/.m2/repository/com/google/code/gson/gson/2.2.4/gson-2.2.4.jar:/home/runner/.m2/repository/org/apache/ozone/hdds-config/1.2.0-SNAPSHOT/hdds-config-1.2.0-SNAPSHOT.jar:/home/runner/.m2/repository/io/grpc/grpc-netty/1.33.0/grpc-netty-1.33.0.jar:/home/runner/.m2/repository/io/grpc/grpc-core/1.33.0/grpc-core-1.33.0.jar:/home/runner/.m2/repository/com/google/android/annotations/4.1.1.4/annotations-4.1.1.4.jar:/home/runner/.m2/repository/io/netty/netty-codec-http2/4.1.63.Final/netty-codec-http2-4.1.63.Final.jar:/home/runner/.m2/repository/io/netty/netty-codec-http/4.1.63.Final/netty-codec-http-4.1.63.Final.jar:/home/runner/.m2/repository/io/netty/netty-handler-proxy/4.1.63.Final/netty-handler-proxy-4.1.63.Final.jar:/home/runner/.m2/repository/io/netty/netty-codec-socks/4.1.63.Final/netty-codec-socks-4.1.63.Final.jar:/home/runner/.m2/repository/io/perfmark/perfmark-api/0.19.0/perfmark-api-0.19.0.jar:/home/runner/.m2/repository/org/codehaus/mojo/animal-sniffer-annotations/1.18/animal-sniffer-annotations-1.18.jar:/home/runner/.m2/repository/io/netty/netty-transport-native-epoll/4.1.63.Final/netty-transport-native-epoll-4.1.63.Final.jar:/home/runner/.m2/repository/io/netty/netty-common/4.1.63.Final/netty-common-4.1.63.Final.jar:/home/runner/.m2/repository/io/netty/netty-buffer/4.1.63.Final/netty-buffer-4.1.63.Final.jar:/home/runner/.m2/repository/io/netty/netty-transport-native-unix-common/4.1.63.Final/netty-transport-native-unix-common-4.1.63.Final.jar:/home/runner/.m2/repository/io/grpc/grpc-protobuf/1.33.0/grpc-protobuf-1.33.0.jar:/home/runner/.m2/repository/io/grpc/grpc-api/1.33.0/grpc-api-1.33.0.jar:/home/runner/.m2/repository/io/grpc/grpc-context/1.33.0/grpc-context-1.33.0.jar:/home/runner/.m2/repository/com/google/api/grpc/proto-google-common-protos/1.17.0/proto-google-common-protos-1.17.0.jar:/home/runner/.m2/repository/io/grpc/grpc-protobuf-lite/1.33.0/grpc-protobuf-lite-1.33.0.jar:/home/runner/.m2/repository/io/grpc/grpc-stub/1.33.0/grpc-stub-1.33.0.jar:/home/runner/.m2/repository/org/apache/ozone/ozone-recon/1.2.0-SNAPSHOT/ozone-recon-1.2.0-SNAPSHOT.jar:/home/runner/.m2/repository/org/apache/ozone/ozone-reconcodegen/1.2.0-SNAPSHOT/ozone-reconcodegen-1.2.0-SNAPSHOT.jar:/home/runner/.m2/repository/com/google/inject/extensions/guice-multibindings/4.0/guice-multibindings-4.0.jar:/home/runner/.m2/repository/com/google/inject/guice/4.0/guice-4.0.jar:/home/runner/.m2/repository/aopalliance/aopalliance/1.0/aopalliance-1.0.jar:/home/runner/.m2/repository/com/google/inject/extensions/guice-assistedinject/4.0/guice-assistedinject-4.0.jar:/home/runner/.m2/repository/com/google/inject/extensions/guice-servlet/4.0/guice-servlet-4.0.jar:/home/runner/.m2/repository/org/glassfish/jersey/containers/jersey-container-servlet/2.33/jersey-container-servlet-2.33.jar:/home/runner/.m2/repository/org/glassfish/hk2/guice-bridge/2.5.0/guice-bridge-2.5.0.jar:/home/runner/.m2/repository/org/glassfish/jersey/core/jersey-server/2.33/jersey-server-2.33.jar:/home/runner/.m2/repository/org/glassfish/jersey/core/jersey-client/2.33/jersey-client-2.33.jar:/home/runner/.m2/repository/jakarta/annotation/jakarta.annotation-api/1.3.5/jakarta.annotation-api-1.3.5.jar:/home/runner/.m2/repository/jakarta/validation/jakarta.validation-api/2.0.2/jakarta.validation-api-2.0.2.jar:/home/runner/.m2/repository/org/glassfish/jersey/media/jersey-media-json-jackson/2.33/jersey-media-json-jackson-2.33.jar:/home/runner/.m2/repository/org/glassfish/jersey/ext/jersey-entity-filtering/2.33/jersey-entity-filtering-2.33.jar:/home/runner/.m2/repository/org/jooq/jooq/3.11.10/jooq-3.11.10.jar:/home/runner/.m2/repository/org/jooq/jooq-meta/3.11.10/jooq-meta-3.11.10.jar:/home/runner/.m2/repository/org/jooq/jooq-codegen/3.11.10/jooq-codegen-3.11.10.jar:/home/runner/.m2/repository/com/jolbox/bonecp/0.8.0.RELEASE/bonecp-0.8.0.RELEASE.jar:/home/runner/.m2/repository/org/apache/derby/derby/10.14.2.0/derby-10.14.2.0.jar:/home/runner/.m2/repository/org/xerial/sqlite-jdbc/3.25.2/sqlite-jdbc-3.25.2.jar:/home/runner/.m2/repository/org/springframework/spring-jdbc/5.2.11.RELEASE/spring-jdbc-5.2.11.RELEASE.jar:/home/runner/.m2/repository/org/springframework/spring-beans/5.2.11.RELEASE/spring-beans-5.2.11.RELEASE.jar:/home/runner/.m2/repository/org/springframework/spring-core/5.2.11.RELEASE/spring-core-5.2.11.RELEASE.jar:/home/runner/.m2/repository/org/springframework/spring-jcl/5.2.11.RELEASE/spring-jcl-5.2.11.RELEASE.jar:/home/runner/.m2/repository/org/springframework/spring-tx/5.2.11.RELEASE/spring-tx-5.2.11.RELEASE.jar:/home/runner/.m2/repository/org/apache/ozone/ozone-client/1.2.0-SNAPSHOT/ozone-client-1.2.0-SNAPSHOT.jar:/home/runner/.m2/repository/org/apache/ozone/ozone-filesystem/1.2.0-SNAPSHOT/ozone-filesystem-1.2.0-SNAPSHOT.jar:/home/runner/.m2/repository/org/apache/ozone/ozone-filesystem-common/1.2.0-SNAPSHOT/ozone-filesystem-common-1.2.0-SNAPSHOT.jar:/home/runner/.m2/repository/org/apache/ozone/ozone-tools/1.2.0-SNAPSHOT/ozone-tools-1.2.0-SNAPSHOT.jar:/home/runner/.m2/repository/org/apache/ratis/ratis-tools/2.1.0-03f3b68-SNAPSHOT/ratis-tools-2.1.0-03f3b68-SNAPSHOT.jar:/home/runner/.m2/repository/com/amazonaws/aws-java-sdk-core/1.11.901/aws-java-sdk-core-1.11.901.jar:/home/runner/.m2/repository/org/apache/httpcomponents/httpclient/4.5.13/httpclient-4.5.13.jar:/home/runner/.m2/repository/org/apache/httpcomponents/httpcore/4.4.13/httpcore-4.4.13.jar:/home/runner/.m2/repository/software/amazon/ion/ion-java/1.0.2/ion-java-1.0.2.jar:/home/runner/.m2/repository/com/fasterxml/jackson/dataformat/jackson-dataformat-cbor/2.12.1/jackson-dataformat-cbor-2.12.1.jar:/home/runner/.m2/repository/joda-time/joda-time/2.8.1/joda-time-2.8.1.jar:/home/runner/.m2/repository/com/amazonaws/aws-java-sdk-s3/1.11.901/aws-java-sdk-s3-1.11.901.jar:/home/runner/.m2/repository/com/amazonaws/aws-java-sdk-kms/1.11.901/aws-java-sdk-kms-1.11.901.jar:/home/runner/.m2/repository/com/amazonaws/jmespath-java/1.11.901/jmespath-java-1.11.901.jar:/home/runner/.m2/repository/org/kohsuke/metainf-services/metainf-services/1.8/metainf-services-1.8.jar:/home/runner/.m2/repository/org/apache/ozone/hdds-tools/1.2.0-SNAPSHOT/hdds-tools-1.2.0-SNAPSHOT.jar:/home/runner/.m2/repository/commons-cli/commons-cli/1.2/commons-cli-1.2.jar:/home/runner/.m2/repository/org/apache/commons/commons-lang3/3.7/commons-lang3-3.7.jar:/home/runner/.m2/repository/org/apache/ozone/ozone-manager/1.2.0-SNAPSHOT/ozone-manager-1.2.0-SNAPSHOT-tests.jar:/home/runner/.m2/repository/org/apache/ozone/hdds-common/1.2.0-SNAPSHOT/hdds-common-1.2.0-SNAPSHOT-tests.jar:/home/runner/.m2/repository/org/apache/ozone/hdds-hadoop-dependency-client/1.2.0-SNAPSHOT/hdds-hadoop-dependency-client-1.2.0-SNAPSHOT.jar:/home/runner/.m2/repository/info/picocli/picocli/4.6.1/picocli-4.6.1.jar:/home/runner/.m2/repository/com/fasterxml/jackson/core/jackson-annotations/2.12.1/jackson-annotations-2.12.1.jar:/home/runner/.m2/repository/javax/annotation/javax.annotation-api/1.2/javax.annotation-api-1.2.jar:/home/runner/.m2/repository/org/apache/ratis/ratis-server/2.1.0-03f3b68-SNAPSHOT/ratis-server-2.1.0-03f3b68-SNAPSHOT.jar:/home/runner/.m2/repository/org/apache/ratis/ratis-client/2.1.0-03f3b68-SNAPSHOT/ratis-client-2.1.0-03f3b68-SNAPSHOT.jar:/home/runner/.m2/repository/org/apache/ratis/ratis-server-api/2.1.0-03f3b68-SNAPSHOT/ratis-server-api-2.1.0-03f3b68-SNAPSHOT.jar:/home/runner/.m2/repository/org/apache/ratis/ratis-metrics/2.1.0-03f3b68-SNAPSHOT/ratis-metrics-2.1.0-03f3b68-SNAPSHOT.jar:/home/runner/.m2/repository/org/apache/ratis/ratis-netty/2.1.0-03f3b68-SNAPSHOT/ratis-netty-2.1.0-03f3b68-SNAPSHOT.jar:/home/runner/.m2/repository/org/apache/ratis/ratis-grpc/2.1.0-03f3b68-SNAPSHOT/ratis-grpc-2.1.0-03f3b68-SNAPSHOT.jar:/home/runner/.m2/repository/org/apache/logging/log4j/log4j-api/2.13.3/log4j-api-2.13.3.jar:/home/runner/.m2/repository/org/apache/logging/log4j/log4j-core/2.13.3/log4j-core-2.13.3.jar:/home/runner/.m2/repository/com/lmax/disruptor/3.4.2/disruptor-3.4.2.jar:/home/runner/.m2/repository/org/apache/commons/commons-pool2/2.6.0/commons-pool2-2.6.0.jar:/home/runner/.m2/repository/org/bouncycastle/bcpkix-jdk15on/1.67/bcpkix-jdk15on-1.67.jar:/home/runner/.m2/repository/commons-validator/commons-validator/1.6/commons-validator-1.6.jar:/home/runner/.m2/repository/commons-beanutils/commons-beanutils/1.9.4/commons-beanutils-1.9.4.jar:/home/runner/.m2/repository/commons-digester/commons-digester/1.8.1/commons-digester-1.8.1.jar:/home/runner/.m2/repository/commons-collections/commons-collections/3.2.2/commons-collections-3.2.2.jar:/home/runner/.m2/repository/io/jaegertracing/jaeger-client/1.6.0/jaeger-client-1.6.0.jar:/home/runner/.m2/repository/io/jaegertracing/jaeger-thrift/1.6.0/jaeger-thrift-1.6.0.jar:/home/runner/.m2/repository/org/apache/thrift/libthrift/0.14.1/libthrift-0.14.1.jar:/home/runner/.m2/repository/com/squareup/okhttp3/okhttp/4.9.0/okhttp-4.9.0.jar:/home/runner/.m2/repository/com/squareup/okio/okio/2.8.0/okio-2.8.0.jar:/home/runner/.m2/repository/io/jaegertracing/jaeger-core/1.6.0/jaeger-core-1.6.0.jar:/home/runner/.m2/repository/io/jaegertracing/jaeger-tracerresolver/1.6.0/jaeger-tracerresolver-1.6.0.jar:/home/runner/.m2/repository/io/opentracing/contrib/opentracing-tracerresolver/0.1.8/opentracing-tracerresolver-0.1.8.jar:/home/runner/.m2/repository/org/jetbrains/kotlin/kotlin-stdlib/1.4.31/kotlin-stdlib-1.4.31.jar:/home/runner/.m2/repository/org/jetbrains/kotlin/kotlin-stdlib-common/1.4.31/kotlin-stdlib-common-1.4.31.jar:/home/runner/.m2/repository/org/jetbrains/annotations/13.0/annotations-13.0.jar:/home/runner/.m2/repository/io/opentracing/opentracing-util/0.33.0/opentracing-util-0.33.0.jar:/home/runner/.m2/repository/io/opentracing/opentracing-api/0.33.0/opentracing-api-0.33.0.jar:/home/runner/.m2/repository/io/opentracing/opentracing-noop/0.33.0/opentracing-noop-0.33.0.jar:/home/runner/.m2/repository/org/yaml/snakeyaml/1.26/snakeyaml-1.26.jar:/home/runner/.m2/repository/org/apache/ozone/hdds-interface-admin/1.2.0-SNAPSHOT/hdds-interface-admin-1.2.0-SNAPSHOT.jar:/home/runner/.m2/repository/junit/junit/4.13.1/junit-4.13.1.jar:/home/runner/.m2/repository/org/hamcrest/hamcrest-core/1.3/hamcrest-core-1.3.jar:/home/runner/.m2/repository/org/junit/jupiter/junit-jupiter-api/5.7.0/junit-jupiter-api-5.7.0.jar:/home/runner/.m2/repository/org/apiguardian/apiguardian-api/1.1.0/apiguardian-api-1.1.0.jar:/home/runner/.m2/repository/org/opentest4j/opentest4j/1.2.0/opentest4j-1.2.0.jar:/home/runner/.m2/repository/org/junit/platform/junit-platform-commons/1.7.0/junit-platform-commons-1.7.0.jar:/home/runner/.m2/repository/org/junit/jupiter/junit-jupiter-engine/5.7.0/junit-jupiter-engine-5.7.0.jar:/home/runner/.m2/repository/org/junit/platform/junit-platform-engine/1.7.0/junit-platform-engine-1.7.0.jar:/home/runner/.m2/repository/org/junit/vintage/junit-vintage-engine/5.7.0/junit-vintage-engine-5.7.0.jar:/home/runner/.m2/repository/org/junit/platform/junit-platform-launcher/1.7.0/junit-platform-launcher-1.7.0.jar:/home/runner/.m2/repository/org/openjdk/jmh/jmh-core/1.19/jmh-core-1.19.jar:/home/runner/.m2/repository/net/sf/jopt-simple/jopt-simple/4.6/jopt-simple-4.6.jar:/home/runner/.m2/repository/org/apache/commons/commons-math3/3.1.1/commons-math3-3.1.1.jar:/home/runner/.m2/repository/org/openjdk/jmh/jmh-generator-annprocess/1.19/jmh-generator-annprocess-1.19.jar:/home/runner/.m2/repository/org/mockito/mockito-core/2.28.2/mockito-core-2.28.2.jar:/home/runner/.m2/repository/net/bytebuddy/byte-buddy/1.9.10/byte-buddy-1.9.10.jar:/home/runner/.m2/repository/net/bytebuddy/byte-buddy-agent/1.9.10/byte-buddy-agent-1.9.10.jar:/home/runner/.m2/repository/org/objenesis/objenesis/1.0/objenesis-1.0.jar:/home/runner/.m2/repository/org/apache/hadoop/hadoop-kms/3.3.1/hadoop-kms-3.3.1.jar:/home/runner/.m2/repository/org/apache/hadoop/hadoop-auth/3.3.1/hadoop-auth-3.3.1.jar:/home/runner/.m2/repository/com/nimbusds/nimbus-jose-jwt/7.9/nimbus-jose-jwt-7.9.jar:/home/runner/.m2/repository/com/github/stephenc/jcip/jcip-annotations/1.0-1/jcip-annotations-1.0-1.jar:/home/runner/.m2/repository/net/minidev/json-smart/2.3/json-smart-2.3.jar:/home/runner/.m2/repository/net/minidev/accessors-smart/1.2/accessors-smart-1.2.jar:/home/runner/.m2/repository/org/ow2/asm/asm/5.0.4/asm-5.0.4.jar:/home/runner/.m2/repository/org/apache/zookeeper/zookeeper/3.5.6/zookeeper-3.5.6.jar:/home/runner/.m2/repository/org/apache/zookeeper/zookeeper-jute/3.5.6/zookeeper-jute-3.5.6.jar:/home/runner/.m2/repository/org/apache/yetus/audience-annotations/0.5.0/audience-annotations-0.5.0.jar:/home/runner/.m2/repository/org/apache/curator/curator-framework/4.2.0/curator-framework-4.2.0.jar:/home/runner/.m2/repository/org/apache/hadoop/thirdparty/hadoop-shaded-guava/1.1.1/hadoop-shaded-guava-1.1.1.jar:/home/runner/.m2/repository/com/sun/jersey/jersey-core/1.19/jersey-core-1.19.jar:/home/runner/.m2/repository/javax/ws/rs/jsr311-api/1.1.1/jsr311-api-1.1.1.jar:/home/runner/.m2/repository/com/sun/jersey/jersey-server/1.19/jersey-server-1.19.jar:/home/runner/.m2/repository/javax/servlet/javax.servlet-api/3.1.0/javax.servlet-api-3.1.0.jar:/home/runner/.m2/repository/org/eclipse/jetty/jetty-server/9.4.43.v20210629/jetty-server-9.4.43.v20210629.jar:/home/runner/.m2/repository/org/eclipse/jetty/jetty-http/9.4.43.v20210629/jetty-http-9.4.43.v20210629.jar:/home/runner/.m2/repository/org/eclipse/jetty/jetty-io/9.4.43.v20210629/jetty-io-9.4.43.v20210629.jar:/home/runner/.m2/repository/org/eclipse/jetty/jetty-webapp/9.4.43.v20210629/jetty-webapp-9.4.43.v20210629.jar:/home/runner/.m2/repository/org/eclipse/jetty/jetty-xml/9.4.43.v20210629/jetty-xml-9.4.43.v20210629.jar:/home/runner/.m2/repository/org/apache/hadoop/hadoop-common/3.3.1/hadoop-common-3.3.1.jar:/home/runner/.m2/repository/commons-net/commons-net/3.6/commons-net-3.6.jar:/home/runner/.m2/repository/jakarta/activation/jakarta.activation-api/1.2.1/jakarta.activation-api-1.2.1.jar:/home/runner/.m2/repository/com/sun/jersey/jersey-servlet/1.19/jersey-servlet-1.19.jar:/home/runner/.m2/repository/com/sun/jersey/jersey-json/1.19/jersey-json-1.19.jar:/home/runner/.m2/repository/org/codehaus/jettison/jettison/1.1/jettison-1.1.jar:/home/runner/.m2/repository/com/sun/xml/bind/jaxb-impl/2.2.3-1/jaxb-impl-2.2.3-1.jar:/home/runner/.m2/repository/org/codehaus/jackson/jackson-jaxrs/1.9.2/jackson-jaxrs-1.9.2.jar:/home/runner/.m2/repository/org/codehaus/jackson/jackson-xc/1.9.2/jackson-xc-1.9.2.jar:/home/runner/.m2/repository/org/apache/commons/commons-configuration2/2.1.1/commons-configuration2-2.1.1.jar:/home/runner/.m2/repository/org/apache/commons/commons-text/1.4/commons-text-1.4.jar:/home/runner/.m2/repository/com/google/re2j/re2j/1.1/re2j-1.1.jar:/home/runner/.m2/repository/com/jcraft/jsch/0.1.54/jsch-0.1.54.jar:/home/runner/.m2/repository/org/apache/curator/curator-client/4.2.0/curator-client-4.2.0.jar:/home/runner/.m2/repository/org/apache/curator/curator-recipes/4.2.0/curator-recipes-4.2.0.jar:/home/runner/.m2/repository/org/apache/kerby/kerb-core/1.0.1/kerb-core-1.0.1.jar:/home/runner/.m2/repository/org/apache/kerby/kerby-pkix/1.0.1/kerby-pkix-1.0.1.jar:/home/runner/.m2/repository/org/apache/kerby/kerby-asn1/1.0.1/kerby-asn1-1.0.1.jar:/home/runner/.m2/repository/org/apache/kerby/kerby-util/1.0.1/kerby-util-1.0.1.jar:/home/runner/.m2/repository/dnsjava/dnsjava/2.1.7/dnsjava-2.1.7.jar:/home/runner/.m2/repository/org/xerial/snappy/snappy-java/1.1.8.2/snappy-java-1.1.8.2.jar:/home/runner/.m2/repository/org/slf4j/jul-to-slf4j/1.7.30/jul-to-slf4j-1.7.30.jar:/home/runner/.m2/repository/org/eclipse/jetty/jetty-util/9.4.43.v20210629/jetty-util-9.4.43.v20210629.jar:/home/runner/.m2/repository/com/fasterxml/jackson/core/jackson-databind/2.12.1/jackson-databind-2.12.1.jar:/home/runner/.m2/repository/org/apache/hadoop/hadoop-kms/3.3.1/hadoop-kms-3.3.1-tests.jar:/home/runner/.m2/repository/org/apache/ozone/hdds-server-scm/1.2.0-SNAPSHOT/hdds-server-scm-1.2.0-SNAPSHOT-tests.jar:/home/runner/.m2/repository/org/apache/ozone/hdds-container-service/1.2.0-SNAPSHOT/hdds-container-service-1.2.0-SNAPSHOT-tests.jar:/home/runner/.m2/repository/commons-codec/commons-codec/1.11/commons-codec-1.11.jar:/home/runner/.m2/repository/io/netty/netty-transport/4.1.63.Final/netty-transport-4.1.63.Final.jar:/home/runner/.m2/repository/io/netty/netty-resolver/4.1.63.Final/netty-resolver-4.1.63.Final.jar:/home/runner/.m2/repository/io/netty/netty-codec/4.1.63.Final/netty-codec-4.1.63.Final.jar:/home/runner/.m2/repository/io/netty/netty-handler/4.1.63.Final/netty-handler-4.1.63.Final.jar:/home/runner/.m2/repository/org/apache/ozone/hdds-hadoop-dependency-test/1.2.0-SNAPSHOT/hdds-hadoop-dependency-test-1.2.0-SNAPSHOT.jar:/home/runner/.m2/repository/org/apache/hadoop/hadoop-common/3.3.1/hadoop-common-3.3.1-tests.jar:/home/runner/.m2/repository/org/assertj/assertj-core/3.12.2/assertj-core-3.12.2.jar:/home/runner/.m2/repository/org/apache/hadoop/hadoop-hdfs/3.3.1/hadoop-hdfs-3.3.1-tests.jar:/home/runner/.m2/repository/org/eclipse/jetty/jetty-util-ajax/9.4.43.v20210629/jetty-util-ajax-9.4.43.v20210629.jar:/home/runner/.m2/repository/commons-daemon/commons-daemon/1.0.13/commons-daemon-1.0.13.jar:/home/runner/.m2/repository/io/netty/netty/3.10.6.Final/netty-3.10.6.Final.jar:/home/runner/.m2/repository/io/netty/netty-all/4.1.63.Final/netty-all-4.1.63.Final.jar:/home/runner/.m2/repository/org/apache/htrace/htrace-core4/4.1.0-incubating/htrace-core4-4.1.0-incubating.jar:/home/runner/.m2/repository/org/fusesource/leveldbjni/leveldbjni-all/1.8/leveldbjni-all-1.8.jar:/home/runner/.m2/repository/org/apache/hadoop/hadoop-distcp/3.3.1/hadoop-distcp-3.3.1.jar:/home/runner/.m2/repository/org/apache/hadoop/hadoop-mapreduce-client-jobclient/3.3.1/hadoop-mapreduce-client-jobclient-3.3.1.jar:/home/runner/.m2/repository/org/apache/hadoop/hadoop-mapreduce-client-common/3.3.1/hadoop-mapreduce-client-common-3.3.1.jar:/home/runner/.m2/repository/org/apache/hadoop/hadoop-yarn-common/3.3.1/hadoop-yarn-common-3.3.1.jar:/home/runner/.m2/repository/org/apache/hadoop/hadoop-yarn-api/3.3.1/hadoop-yarn-api-3.3.1.jar:/home/runner/.m2/repository/com/sun/jersey/jersey-client/1.19/jersey-client-1.19.jar:/home/runner/.m2/repository/com/sun/jersey/contribs/jersey-guice/1.19/jersey-guice-1.19.jar:/home/runner/.m2/repository/com/fasterxml/jackson/jaxrs/jackson-jaxrs-json-provider/2.12.1/jackson-jaxrs-json-provider-2.12.1.jar:/home/runner/.m2/repository/com/fasterxml/jackson/jaxrs/jackson-jaxrs-base/2.12.1/jackson-jaxrs-base-2.12.1.jar:/home/runner/.m2/repository/org/apache/hadoop/hadoop-yarn-client/3.3.1/hadoop-yarn-client-3.3.1.jar:/home/runner/.m2/repository/org/eclipse/jetty/websocket/websocket-client/9.4.40.v20210413/websocket-client-9.4.40.v20210413.jar:/home/runner/.m2/repository/org/eclipse/jetty/jetty-client/9.4.40.v20210413/jetty-client-9.4.40.v20210413.jar:/home/runner/.m2/repository/org/eclipse/jetty/websocket/websocket-common/9.4.40.v20210413/websocket-common-9.4.40.v20210413.jar:/home/runner/.m2/repository/org/eclipse/jetty/websocket/websocket-api/9.4.40.v20210413/websocket-api-9.4.40.v20210413.jar:/home/runner/.m2/repository/org/jline/jline/3.9.0/jline-3.9.0.jar:/home/runner/.m2/repository/org/apache/hadoop/hadoop-mapreduce-client-core/3.3.1/hadoop-mapreduce-client-core-3.3.1.jar:/home/runner/.m2/repository/org/apache/avro/avro/1.7.7/avro-1.7.7.jar:/home/runner/.m2/repository/org/codehaus/jackson/jackson-core-asl/1.9.13/jackson-core-asl-1.9.13.jar:/home/runner/.m2/repository/org/codehaus/jackson/jackson-mapper-asl/1.9.13/jackson-mapper-asl-1.9.13.jar:/home/runner/.m2/repository/com/thoughtworks/paranamer/paranamer/2.3/paranamer-2.3.jar:/home/runner/.m2/repository/org/apache/hadoop/hadoop-annotations/3.3.1/hadoop-annotations-3.3.1.jar:/usr/lib/jvm/adoptopenjdk-8-hotspot-amd64/jre/../lib/tools.jar:/home/runner/.m2/repository/org/apache/hadoop/hadoop-distcp/3.3.1/hadoop-distcp-3.3.1-tests.jar:/home/runner/.m2/repository/org/apache/ratis/ratis-common/2.1.0-03f3b68-SNAPSHOT/ratis-common-2.1.0-03f3b68-SNAPSHOT.jar:/home/runner/.m2/repository/org/apache/ratis/ratis-thirdparty-misc/0.7.0/ratis-thirdparty-misc-0.7.0.jar:/home/runner/.m2/repository/org/apache/ratis/ratis-proto/2.1.0-03f3b68-SNAPSHOT/ratis-proto-2.1.0-03f3b68-SNAPSHOT.jar:"/>
    <property name="sun.cpu.endian" value="little"/>
    <property name="user.home" value="/home/runner"/>
    <property name="user.language" value="en"/>
    <property name="java.specification.vendor" value="Oracle Corporation"/>
    <property name="java.home" value="/usr/lib/jvm/adoptopenjdk-8-hotspot-amd64/jre"/>
    <property name="java.security.krb5.conf" value="/home/runner/work/ozone/ozone/hadoop-ozone/integration-test/target/test-classes/krb5.conf"/>
    <property name="basedir" value="/home/runner/work/ozone/ozone/hadoop-ozone/integration-test"/>
    <property name="file.separator" value="/"/>
    <property name="line.separator" value="&#10;"/>
    <property name="java.vm.specification.vendor" value="Oracle Corporation"/>
    <property name="java.specification.name" value="Java Platform API Specification"/>
    <property name="java.awt.graphicsenv" value="sun.awt.X11GraphicsEnvironment"/>
    <property name="skip.installnpx" value="true"/>
    <property name="surefire.real.class.path" value="/home/runner/work/ozone/ozone/hadoop-ozone/integration-test/target/surefire/surefirebooter4804203495630009515.jar:/home/runner/.m2/repository/org/jacoco/org.jacoco.agent/0.8.5/org.jacoco.agent-0.8.5-runtime.jar"/>
    <property name="hadoop.log.dir" value="/home/runner/work/ozone/ozone/hadoop-ozone/integration-test/target/log"/>
    <property name="sun.boot.class.path" value="/usr/lib/jvm/adoptopenjdk-8-hotspot-amd64/jre/lib/resources.jar:/usr/lib/jvm/adoptopenjdk-8-hotspot-amd64/jre/lib/rt.jar:/usr/lib/jvm/adoptopenjdk-8-hotspot-amd64/jre/lib/sunrsasign.jar:/usr/lib/jvm/adoptopenjdk-8-hotspot-amd64/jre/lib/jsse.jar:/usr/lib/jvm/adoptopenjdk-8-hotspot-amd64/jre/lib/jce.jar:/usr/lib/jvm/adoptopenjdk-8-hotspot-amd64/jre/lib/charsets.jar:/usr/lib/jvm/adoptopenjdk-8-hotspot-amd64/jre/lib/jfr.jar:/usr/lib/jvm/adoptopenjdk-8-hotspot-amd64/jre/classes"/>
    <property name="sun.management.compiler" value="HotSpot 64-Bit Tiered Compilers"/>
    <property name="skip.npx" value="true"/>
    <property name="java.runtime.version" value="1.8.0_292-b10"/>
    <property name="java.net.preferIPv4Stack" value="true"/>
    <property name="user.name" value="runner"/>
    <property name="path.separator" value=":"/>
    <property name="java.security.egd" value="file:///dev/urandom"/>
    <property name="os.version" value="5.4.0-1058-azure"/>
    <property name="java.endorsed.dirs" value="/usr/lib/jvm/adoptopenjdk-8-hotspot-amd64/jre/lib/endorsed"/>
    <property name="java.runtime.name" value="OpenJDK Runtime Environment"/>
    <property name="file.encoding" value="UTF-8"/>
    <property name="java.vm.name" value="OpenJDK 64-Bit Server VM"/>
    <property name="test.build.webapps" value=""/>
    <property name="localRepository" value="/home/runner/.m2/repository"/>
    <property name="java.vendor.url.bug" value="https://github.com/AdoptOpenJDK/openjdk-support/issues"/>
    <property name="java.io.tmpdir" value="/tmp"/>
    <property name="require.test.libhadoop" value=""/>
    <property name="java.version" value="1.8.0_292"/>
    <property name="user.dir" value="/home/runner/work/ozone/ozone/hadoop-ozone/integration-test"/>
    <property name="os.arch" value="amd64"/>
    <property name="java.vm.specification.name" value="Java Virtual Machine Specification"/>
    <property name="test.build.classes" value="/home/runner/work/ozone/ozone/hadoop-ozone/integration-test/target/test-classes"/>
    <property name="java.awt.printerjob" value="sun.print.PSPrinterJob"/>
    <property name="sun.os.patch.level" value="unknown"/>
    <property name="hadoop.tmp.dir" value="/home/runner/work/ozone/ozone/hadoop-ozone/integration-test/target/tmp"/>
    <property name="java.library.path" value="/usr/java/packages/lib/amd64:/usr/lib64:/lib64:/lib:/usr/lib"/>
    <property name="java.vm.info" value="mixed mode"/>
    <property name="java.vendor" value="AdoptOpenJDK"/>
    <property name="java.vm.version" value="25.292-b10"/>
    <property name="java.ext.dirs" value="/usr/lib/jvm/adoptopenjdk-8-hotspot-amd64/jre/lib/ext:/usr/java/packages/lib/ext"/>
    <property name="sun.io.unicode.encoding" value="UnicodeLittle"/>
    <property name="java.class.version" value="52.0"/>
  </properties>
  <testcase name="testWatchForCommitWithKeyWrite" classname="org.apache.hadoop.ozone.client.rpc.TestWatchForCommit" time="84.266"/>
  <testcase name="testWatchForCommitForRetryfailure" classname="org.apache.hadoop.ozone.client.rpc.TestWatchForCommit" time="86.605"/>
  <testcase name="testWatchForCommitForGroupMismatchException" classname="org.apache.hadoop.ozone.client.rpc.TestWatchForCommit" time="63.105"/>
  <testcase name="test2WayCommitForTimeoutException" classname="org.apache.hadoop.ozone.client.rpc.TestWatchForCommit" time="83.942">
    <error message="org.apache.ratis.protocol.exceptions.AlreadyClosedException: SlidingWindow$Client:client-7CBB7CA17174-&gt;RAFT is closed." type="java.util.concurrent.ExecutionException">java.util.concurrent.ExecutionException: org.apache.ratis.protocol.exceptions.AlreadyClosedException: SlidingWindow$Client:client-7CBB7CA17174->RAFT is closed.
	at java.util.concurrent.CompletableFuture.reportGet(CompletableFuture.java:357)
	at java.util.concurrent.CompletableFuture.get(CompletableFuture.java:1908)
	at org.apache.hadoop.ozone.client.rpc.TestWatchForCommit.test2WayCommitForTimeoutException(TestWatchForCommit.java:310)
	at sun.reflect.NativeMethodAccessorImpl.invoke0(Native Method)
	at sun.reflect.NativeMethodAccessorImpl.invoke(NativeMethodAccessorImpl.java:62)
	at sun.reflect.DelegatingMethodAccessorImpl.invoke(DelegatingMethodAccessorImpl.java:43)
	at java.lang.reflect.Method.invoke(Method.java:498)
	at org.junit.runners.model.FrameworkMethod$1.runReflectiveCall(FrameworkMethod.java:59)
	at org.junit.internal.runners.model.ReflectiveCallable.run(ReflectiveCallable.java:12)
	at org.junit.runners.model.FrameworkMethod.invokeExplosively(FrameworkMethod.java:56)
	at org.junit.internal.runners.statements.InvokeMethod.evaluate(InvokeMethod.java:17)
	at org.junit.internal.runners.statements.RunBefores.evaluate(RunBefores.java:26)
	at org.junit.internal.runners.statements.RunAfters.evaluate(RunAfters.java:27)
	at org.junit.runners.ParentRunner$3.evaluate(ParentRunner.java:306)
	at org.junit.runners.BlockJUnit4ClassRunner$1.evaluate(BlockJUnit4ClassRunner.java:100)
	at org.junit.runners.ParentRunner.runLeaf(ParentRunner.java:366)
	at org.junit.runners.BlockJUnit4ClassRunner.runChild(BlockJUnit4ClassRunner.java:103)
	at org.junit.runners.BlockJUnit4ClassRunner.runChild(BlockJUnit4ClassRunner.java:63)
	at org.junit.runners.ParentRunner$4.run(ParentRunner.java:331)
	at org.junit.runners.ParentRunner$1.schedule(ParentRunner.java:79)
	at org.junit.runners.ParentRunner.runChildren(ParentRunner.java:329)
	at org.junit.runners.ParentRunner.access$100(ParentRunner.java:66)
	at org.junit.runners.ParentRunner$2.evaluate(ParentRunner.java:293)
	at org.junit.runners.ParentRunner$3.evaluate(ParentRunner.java:306)
	at org.junit.runners.ParentRunner.run(ParentRunner.java:413)
	at org.junit.runner.JUnitCore.run(JUnitCore.java:137)
	at org.junit.runner.JUnitCore.run(JUnitCore.java:115)
	at org.junit.vintage.engine.execution.RunnerExecutor.execute(RunnerExecutor.java:43)
	at java.util.stream.ForEachOps$ForEachOp$OfRef.accept(ForEachOps.java:183)
	at java.util.stream.ReferencePipeline$3$1.accept(ReferencePipeline.java:193)
	at java.util.Iterator.forEachRemaining(Iterator.java:116)
	at java.util.Spliterators$IteratorSpliterator.forEachRemaining(Spliterators.java:1801)
	at java.util.stream.AbstractPipeline.copyInto(AbstractPipeline.java:482)
	at java.util.stream.AbstractPipeline.wrapAndCopyInto(AbstractPipeline.java:472)
	at java.util.stream.ForEachOps$ForEachOp.evaluateSequential(ForEachOps.java:150)
	at java.util.stream.ForEachOps$ForEachOp$OfRef.evaluateSequential(ForEachOps.java:173)
	at java.util.stream.AbstractPipeline.evaluate(AbstractPipeline.java:234)
	at java.util.stream.ReferencePipeline.forEach(ReferencePipeline.java:485)
	at org.junit.vintage.engine.VintageTestEngine.executeAllChildren(VintageTestEngine.java:82)
	at org.junit.vintage.engine.VintageTestEngine.execute(VintageTestEngine.java:73)
	at org.junit.platform.launcher.core.EngineExecutionOrchestrator.execute(EngineExecutionOrchestrator.java:108)
	at org.junit.platform.launcher.core.EngineExecutionOrchestrator.execute(EngineExecutionOrchestrator.java:88)
	at org.junit.platform.launcher.core.EngineExecutionOrchestrator.lambda$execute$0(EngineExecutionOrchestrator.java:54)
	at org.junit.platform.launcher.core.EngineExecutionOrchestrator.withInterceptedStreams(EngineExecutionOrchestrator.java:67)
	at org.junit.platform.launcher.core.EngineExecutionOrchestrator.execute(EngineExecutionOrchestrator.java:52)
	at org.junit.platform.launcher.core.DefaultLauncher.execute(DefaultLauncher.java:96)
	at org.junit.platform.launcher.core.DefaultLauncher.execute(DefaultLauncher.java:75)
	at org.apache.maven.surefire.junitplatform.JUnitPlatformProvider.invokeAllTests(JUnitPlatformProvider.java:142)
	at org.apache.maven.surefire.junitplatform.JUnitPlatformProvider.invoke(JUnitPlatformProvider.java:113)
	at org.apache.maven.surefire.booter.ForkedBooter.invokeProviderInSameClassLoader(ForkedBooter.java:384)
	at org.apache.maven.surefire.booter.ForkedBooter.runSuitesInProcess(ForkedBooter.java:345)
	at org.apache.maven.surefire.booter.ForkedBooter.execute(ForkedBooter.java:126)
	at org.apache.maven.surefire.booter.ForkedBooter.main(ForkedBooter.java:418)
Caused by: org.apache.ratis.protocol.exceptions.AlreadyClosedException: SlidingWindow$Client:client-7CBB7CA17174->RAFT is closed.
	at org.apache.ratis.util.SlidingWindow$Client.alreadyClosed(SlidingWindow.java:378)
	at org.apache.ratis.util.SlidingWindow$Client.fail(SlidingWindow.java:366)
	at org.apache.ratis.client.impl.OrderedAsync.failAllAsyncRequests(OrderedAsync.java:148)
	at org.apache.ratis.client.impl.OrderedAsync.handleAsyncRetryFailure(OrderedAsync.java:152)
	at org.apache.ratis.client.impl.OrderedAsync.lambda$sendRequest$10(OrderedAsync.java:252)
	at java.util.concurrent.CompletableFuture.uniExceptionally(CompletableFuture.java:884)
	at java.util.concurrent.CompletableFuture$UniExceptionally.tryFire(CompletableFuture.java:866)
	at java.util.concurrent.CompletableFuture.postComplete(CompletableFuture.java:488)
	at java.util.concurrent.CompletableFuture.completeExceptionally(CompletableFuture.java:1990)
	at org.apache.ratis.grpc.client.GrpcClientProtocolClient$AsyncStreamObservers.completeReplyExceptionally(GrpcClientProtocolClient.java:389)
	at org.apache.ratis.grpc.client.GrpcClientProtocolClient$AsyncStreamObservers.access$000(GrpcClientProtocolClient.java:295)
	at org.apache.ratis.grpc.client.GrpcClientProtocolClient$AsyncStreamObservers$1.onNext(GrpcClientProtocolClient.java:309)
	at org.apache.ratis.grpc.client.GrpcClientProtocolClient$AsyncStreamObservers$1.onNext(GrpcClientProtocolClient.java:300)
	at org.apache.ratis.thirdparty.io.grpc.stub.ClientCalls$StreamObserverToCallListenerAdapter.onMessage(ClientCalls.java:465)
	at org.apache.ratis.thirdparty.io.grpc.ForwardingClientCallListener.onMessage(ForwardingClientCallListener.java:33)
	at org.apache.ratis.thirdparty.io.grpc.internal.DelayedClientCall$DelayedListener.onMessage(DelayedClientCall.java:447)
	at org.apache.ratis.thirdparty.io.grpc.internal.ClientCallImpl$ClientStreamListenerImpl$1MessagesAvailable.runInternal(ClientCallImpl.java:715)
	at org.apache.ratis.thirdparty.io.grpc.internal.ClientCallImpl$ClientStreamListenerImpl$1MessagesAvailable.runInContext(ClientCallImpl.java:700)
	at org.apache.ratis.thirdparty.io.grpc.internal.ContextRunnable.run(ContextRunnable.java:37)
	at org.apache.ratis.thirdparty.io.grpc.internal.SerializingExecutor.run(SerializingExecutor.java:123)
	at java.util.concurrent.ThreadPoolExecutor.runWorker(ThreadPoolExecutor.java:1149)
	at java.util.concurrent.ThreadPoolExecutor$Worker.run(ThreadPoolExecutor.java:624)
	at java.lang.Thread.run(Thread.java:748)
Caused by: org.apache.ratis.protocol.exceptions.RaftRetryFailureException: Failed RaftClientRequest:client-7CBB7CA17174->22678529-1571-490a-85b9-2142d4a575d8@group-BBBDE90A5B3B, cid=61, seq=1*, Watch(0), null for 3 attempts with RequestTypeDependentRetryPolicy{WRITE->org.apache.ratis.retry.ExceptionDependentRetry@70942f15, WATCH->org.apache.ratis.retry.ExceptionDependentRetry@eced92c}
	at org.apache.ratis.client.impl.RaftClientImpl.noMoreRetries(RaftClientImpl.java:254)
	... 20 more
Caused by: org.apache.ratis.protocol.exceptions.NotLeaderException: Server 22678529-1571-490a-85b9-2142d4a575d8@group-BBBDE90A5B3B is not the leader
	at org.apache.ratis.client.impl.ClientProtoUtils.toRaftClientReply(ClientProtoUtils.java:368)
	at org.apache.ratis.grpc.client.GrpcClientProtocolClient$AsyncStreamObservers$1.onNext(GrpcClientProtocolClient.java:305)
	... 11 more
</error>
    <system-out><![CDATA[2021-09-16 19:34:34,470 [Listener at 127.0.0.1/32911] WARN  server.ServerUtils (ServerUtils.java:getScmDbDir(148)) - ozone.scm.db.dirs is not configured. We recommend adding this setting. Falling back to ozone.metadata.dirs instead.
2021-09-16 19:34:34,490 [Listener at 127.0.0.1/32911] INFO  ha.SCMHANodeDetails (SCMHANodeDetails.java:loadSCMHAConfig(157)) - ServiceID for StorageContainerManager is null
2021-09-16 19:34:34,490 [Listener at 127.0.0.1/32911] INFO  ha.SCMHANodeDetails (SCMHANodeDetails.java:loadSCMHAConfig(162)) - ozone.scm.default.service.id is not defined, falling back to ozone.scm.service.ids to find serviceID for StorageContainerManager if it is HA enabled cluster
2021-09-16 19:34:34,491 [Listener at 127.0.0.1/32911] WARN  server.ServerUtils (ServerUtils.java:getScmDbDir(148)) - ozone.scm.db.dirs is not configured. We recommend adding this setting. Falling back to ozone.metadata.dirs instead.
2021-09-16 19:34:34,491 [Listener at 127.0.0.1/32911] INFO  upgrade.AbstractLayoutVersionManager (AbstractLayoutVersionManager.java:init(79)) - Initializing Layout version manager with metadata layout = SCM_HA (version = 2), software layout = SCM_HA (version = 2)
2021-09-16 19:34:34,606 [Listener at 127.0.0.1/32911] INFO  reflections.Reflections (Reflections.java:scan(232)) - Reflections took 114 ms to scan 7 urls, producing 119 keys and 275 values 
2021-09-16 19:34:34,608 [Listener at 127.0.0.1/32911] WARN  utils.HAUtils (HAUtils.java:getMetaDir(342)) - ozone.scm.db.dirs is not configured. We recommend adding this setting. Falling back to ozone.metadata.dirs instead.
2021-09-16 19:34:34,610 [Listener at 127.0.0.1/32911] WARN  db.DBStoreBuilder (DBStoreBuilder.java:applyDBDefinition(145)) - ozone.scm.db.dirs is not configured. We recommend adding this setting. Falling back to ozone.metadata.dirs instead.
2021-09-16 19:34:34,947 [Listener at 127.0.0.1/32911] INFO  net.NodeSchemaLoader (NodeSchemaLoader.java:loadSchemaFromFile(129)) - Loading schema from [jar:file:/home/runner/.m2/repository/org/apache/ozone/hdds-common/1.2.0-SNAPSHOT/hdds-common-1.2.0-SNAPSHOT.jar!/network-topology-default.xml]
2021-09-16 19:34:34,947 [Listener at 127.0.0.1/32911] INFO  net.NodeSchemaLoader (NodeSchemaLoader.java:loadSchema(176)) - Loading network topology layer schema file
2021-09-16 19:34:34,952 [Listener at 127.0.0.1/32911] WARN  impl.MetricRegistriesImpl (MetricRegistriesImpl.java:addReporterRegistration(111)) - New reporters are added after registries were created. Some metrics will be missing from the reporter. Please add reporter before adding any new registry.
2021-09-16 19:34:34,952 [Listener at 127.0.0.1/32911] WARN  impl.MetricRegistriesImpl (MetricRegistriesImpl.java:addReporterRegistration(111)) - New reporters are added after registries were created. Some metrics will be missing from the reporter. Please add reporter before adding any new registry.
2021-09-16 19:34:34,952 [Listener at 127.0.0.1/32911] INFO  ha.SequenceIdGenerator (SequenceIdGenerator.java:upgradeToSequenceId(327)) - upgrade localId to 107544261427200000
2021-09-16 19:34:34,953 [Listener at 127.0.0.1/32911] INFO  ha.SequenceIdGenerator (SequenceIdGenerator.java:upgradeToSequenceId(337)) - upgrade delTxnId to 0
2021-09-16 19:34:34,953 [Listener at 127.0.0.1/32911] INFO  ha.SequenceIdGenerator (SequenceIdGenerator.java:upgradeToSequenceId(351)) - upgrade containerId to 0
2021-09-16 19:34:34,953 [Listener at 127.0.0.1/32911] INFO  ha.SequenceIdGenerator (SequenceIdGenerator.java:<init>(217)) - Init the HA SequenceIdGenerator.
2021-09-16 19:34:34,954 [Listener at 127.0.0.1/32911] INFO  node.SCMNodeManager (SCMNodeManager.java:<init>(144)) - Entering startup safe mode.
2021-09-16 19:34:34,955 [Listener at 127.0.0.1/32911] INFO  algorithms.ContainerPlacementPolicyFactory (ContainerPlacementPolicyFactory.java:getPolicy(60)) - Create container placement policy of type org.apache.hadoop.hdds.scm.container.placement.algorithms.SCMContainerPlacementRandom
2021-09-16 19:34:34,955 [Listener at 127.0.0.1/32911] INFO  pipeline.PipelineStateManager (PipelineStateManagerV2Impl.java:initialize(78)) - No pipeline exists in current db
2021-09-16 19:34:34,955 [Listener at 127.0.0.1/32911] INFO  algorithms.LeaderChoosePolicyFactory (LeaderChoosePolicyFactory.java:getPolicy(57)) - Create leader choose policy of type org.apache.hadoop.hdds.scm.pipeline.leader.choose.algorithms.MinLeaderCountChoosePolicy
2021-09-16 19:34:34,955 [Listener at 127.0.0.1/32911] INFO  ha.SCMServiceManager (SCMServiceManager.java:register(43)) - Registering service BackgroundPipelineCreator.
2021-09-16 19:34:34,955 [Listener at 127.0.0.1/32911] INFO  pipeline.BackgroundPipelineCreator (BackgroundPipelineCreatorV2.java:start(130)) - Starting RatisPipelineUtilsThread.
2021-09-16 19:34:34,956 [Listener at 127.0.0.1/32911] INFO  algorithms.PipelineChoosePolicyFactory (PipelineChoosePolicyFactory.java:createPipelineChoosePolicyFromClass(73)) - Create pipeline choose policy of type org.apache.hadoop.hdds.scm.pipeline.choose.algorithms.RandomPipelineChoosePolicy
2021-09-16 19:34:34,957 [Listener at 127.0.0.1/32911] INFO  ha.SCMServiceManager (SCMServiceManager.java:register(43)) - Registering service SCMBlockDeletingService.
2021-09-16 19:34:34,957 [Listener at 127.0.0.1/32911] INFO  ha.SCMServiceManager (SCMServiceManager.java:register(43)) - Registering service ReplicationManager.
2021-09-16 19:34:34,957 [Listener at 127.0.0.1/32911] INFO  container.ReplicationManager (ReplicationManager.java:start(319)) - Starting Replication Monitor Thread.
2021-09-16 19:34:34,978 [Listener at 127.0.0.1/32911] INFO  safemode.ContainerSafeModeRule (ContainerSafeModeRule.java:<init>(89)) - containers with one replica threshold count 0
2021-09-16 19:34:34,978 [Listener at 127.0.0.1/32911] INFO  safemode.HealthyPipelineSafeModeRule (HealthyPipelineSafeModeRule.java:initializeRule(156)) - Total pipeline count is 0, healthy pipeline threshold count is 1
2021-09-16 19:34:34,978 [Listener at 127.0.0.1/32911] INFO  safemode.OneReplicaPipelineSafeModeRule (OneReplicaPipelineSafeModeRule.java:initializeRule(180)) - Total pipeline count is 0, pipeline's with at least one datanode reported threshold count is 0
2021-09-16 19:34:34,979 [Listener at 127.0.0.1/32911] INFO  ipc.CallQueueManager (CallQueueManager.java:<init>(90)) - Using callQueue: class java.util.concurrent.LinkedBlockingQueue, queueCapacity: 2000, scheduler: class org.apache.hadoop.ipc.DefaultRpcScheduler, ipcBackoff: false.
2021-09-16 19:34:34,979 [Socket Reader #1 for port 0] INFO  ipc.Server (Server.java:run(1265)) - Starting Socket Reader #1 for port 0
2021-09-16 19:34:34,980 [Listener at 0.0.0.0/44331] INFO  ipc.CallQueueManager (CallQueueManager.java:<init>(90)) - Using callQueue: class java.util.concurrent.LinkedBlockingQueue, queueCapacity: 2000, scheduler: class org.apache.hadoop.ipc.DefaultRpcScheduler, ipcBackoff: false.
2021-09-16 19:34:34,981 [Socket Reader #1 for port 0] INFO  ipc.Server (Server.java:run(1265)) - Starting Socket Reader #1 for port 0
2021-09-16 19:34:34,981 [Listener at 0.0.0.0/43063] INFO  ipc.CallQueueManager (CallQueueManager.java:<init>(90)) - Using callQueue: class java.util.concurrent.LinkedBlockingQueue, queueCapacity: 2000, scheduler: class org.apache.hadoop.ipc.DefaultRpcScheduler, ipcBackoff: false.
2021-09-16 19:34:34,995 [Socket Reader #1 for port 0] INFO  ipc.Server (Server.java:run(1265)) - Starting Socket Reader #1 for port 0
2021-09-16 19:34:35,004 [ReplicationMonitor] INFO  container.ReplicationManager (ReplicationManager.java:processAll(371)) - Replication Monitor Thread took 0 milliseconds for processing 0 containers.
2021-09-16 19:34:35,076 [Listener at 0.0.0.0/34897] INFO  algorithms.ContainerPlacementPolicyFactory (ContainerPlacementPolicyFactory.java:getPolicy(60)) - Create container placement policy of type org.apache.hadoop.hdds.scm.container.placement.algorithms.SCMContainerPlacementRandom
2021-09-16 19:34:35,076 [Listener at 0.0.0.0/34897] INFO  server.StorageContainerManager (StorageContainerManager.java:<init>(387)) - 
Container Balancer status:
Key                            Value
Running                        false
Container Balancer Configuration values:
Key                                                Value
Threshold                                          0.1
Max Datanodes to Involve per Iteration(ratio)      0.5
Max Size to Move per Iteration                     10737418240B

2021-09-16 19:34:35,076 [Listener at 0.0.0.0/34897] WARN  events.EventQueue (EventQueue.java:fireEvent(194)) - No event handler registered for event TypedEvent{payloadType=SafeModeStatus, name='Safe mode status'}
2021-09-16 19:34:35,077 [Listener at 0.0.0.0/34897] INFO  ha.SCMContext (SCMContext.java:updateSafeModeStatus(205)) - Update SafeModeStatus from SafeModeStatus{safeModeStatus=true, preCheckPassed=false} to SafeModeStatus{safeModeStatus=true, preCheckPassed=false}.
2021-09-16 19:34:35,077 [Listener at 0.0.0.0/34897] INFO  server.StorageContainerManager (StorageContainerManager.java:start(1279)) - StorageContainerLocationProtocol RPC server is listening at /0.0.0.0:34897
2021-09-16 19:34:35,078 [Listener at 0.0.0.0/34897] WARN  impl.MetricsConfig (MetricsConfig.java:loadFirst(136)) - Cannot locate configuration: tried hadoop-metrics2-storagecontainermanager.properties,hadoop-metrics2.properties
2021-09-16 19:34:35,079 [Listener at 0.0.0.0/34897] INFO  impl.MetricsSystemImpl (MetricsSystemImpl.java:startTimer(378)) - Scheduled Metric snapshot period at 10 second(s).
2021-09-16 19:34:35,079 [Listener at 0.0.0.0/34897] INFO  impl.MetricsSystemImpl (MetricsSystemImpl.java:start(191)) - StorageContainerManager metrics system started
2021-09-16 19:34:35,134 [Listener at 0.0.0.0/34897] INFO  impl.MetricsSinkAdapter (MetricsSinkAdapter.java:start(204)) - Sink prometheus started
2021-09-16 19:34:35,134 [Listener at 0.0.0.0/34897] INFO  impl.MetricsSystemImpl (MetricsSystemImpl.java:registerSink(305)) - Registered sink prometheus
2021-09-16 19:34:35,197 [Listener at 0.0.0.0/34897] INFO  server.SCMClientProtocolServer (SCMClientProtocolServer.java:start(164)) - RPC server for Client  is listening at /0.0.0.0:34897
2021-09-16 19:34:35,201 [IPC Server Responder] INFO  ipc.Server (Server.java:run(1507)) - IPC Server Responder: starting
2021-09-16 19:34:35,262 [IPC Server listener on 0] INFO  ipc.Server (Server.java:run(1344)) - IPC Server listener on 0: starting
2021-09-16 19:34:35,386 [Listener at 0.0.0.0/34897] INFO  server.StorageContainerManager (StorageContainerManager.java:start(1294)) - ScmBlockLocationProtocol RPC server is listening at /0.0.0.0:43063
2021-09-16 19:34:35,387 [Listener at 0.0.0.0/34897] INFO  server.SCMBlockProtocolServer (SCMBlockProtocolServer.java:start(151)) - RPC server for Block Protocol is listening at /0.0.0.0:43063
2021-09-16 19:34:35,387 [IPC Server Responder] INFO  ipc.Server (Server.java:run(1507)) - IPC Server Responder: starting
2021-09-16 19:34:35,387 [IPC Server listener on 0] INFO  ipc.Server (Server.java:run(1344)) - IPC Server listener on 0: starting
2021-09-16 19:34:35,401 [Listener at 0.0.0.0/34897] INFO  server.StorageContainerManager (StorageContainerManager.java:start(1300)) - ScmDatanodeProtocl RPC server is listening at /0.0.0.0:44331
2021-09-16 19:34:35,401 [Listener at 0.0.0.0/34897] INFO  server.SCMDatanodeProtocolServer (SCMDatanodeProtocolServer.java:start(181)) - RPC server for DataNodes is listening at /0.0.0.0:44331
2021-09-16 19:34:35,472 [IPC Server Responder] INFO  ipc.Server (Server.java:run(1507)) - IPC Server Responder: starting
2021-09-16 19:34:35,474 [IPC Server listener on 0] INFO  ipc.Server (Server.java:run(1344)) - IPC Server listener on 0: starting
2021-09-16 19:34:35,555 [Listener at 0.0.0.0/34897] INFO  http.BaseHttpServer (BaseHttpServer.java:newHttpServer2BuilderForOzone(209)) - Starting Web-server for scm at: http://0.0.0.0:0
2021-09-16 19:34:35,555 [Listener at 0.0.0.0/34897] INFO  http.BaseHttpServer (BaseHttpServer.java:<init>(107)) - Hadoop Security Enabled: false Ozone Security Enabled: false Ozone HTTP Security Enabled: false 
2021-09-16 19:34:35,556 [Listener at 0.0.0.0/34897] INFO  server.AuthenticationFilter (AuthenticationFilter.java:constructSecretProvider(240)) - Unable to initialize FileSignerSecretProvider, falling back to use random secrets.
2021-09-16 19:34:35,557 [org.apache.hadoop.util.JvmPauseMonitor$Monitor@3cc7e061] INFO  util.JvmPauseMonitor (JvmPauseMonitor.java:run(188)) - Starting JVM pause monitor
2021-09-16 19:34:35,557 [Listener at 0.0.0.0/34897] WARN  http.HttpRequestLog (HttpRequestLog.java:getRequestLog(103)) - Jetty request log can only be enabled using Log4j
2021-09-16 19:34:35,565 [Listener at 0.0.0.0/34897] INFO  http.HttpServer2 (HttpServer2.java:addGlobalFilter(1030)) - Added global filter 'safety' (class=org.apache.hadoop.hdds.server.http.HttpServer2$QuotingInputFilter)
2021-09-16 19:34:35,618 [Listener at 0.0.0.0/34897] INFO  http.HttpServer2 (HttpServer2.java:addFilter(1006)) - Added filter static_user_filter (class=org.apache.hadoop.http.lib.StaticUserWebFilter$StaticUserFilter) to context scm
2021-09-16 19:34:35,618 [Listener at 0.0.0.0/34897] INFO  http.HttpServer2 (HttpServer2.java:addFilter(1014)) - Added filter static_user_filter (class=org.apache.hadoop.http.lib.StaticUserWebFilter$StaticUserFilter) to context static
2021-09-16 19:34:35,618 [Listener at 0.0.0.0/34897] INFO  http.HttpServer2 (HttpServer2.java:addFilter(1014)) - Added filter static_user_filter (class=org.apache.hadoop.http.lib.StaticUserWebFilter$StaticUserFilter) to context logs
2021-09-16 19:34:35,619 [Listener at 0.0.0.0/34897] INFO  http.HttpServer2 (HttpServer2.java:bindListener(1249)) - Jetty bound to port 35795
2021-09-16 19:34:35,619 [Listener at 0.0.0.0/34897] INFO  server.Server (Server.java:doStart(375)) - jetty-9.4.43.v20210629; built: 2021-06-30T11:07:22.254Z; git: 526006ecfa3af7f1a27ef3a288e2bef7ea9dd7e8; jvm 1.8.0_292-b10
2021-09-16 19:34:35,709 [Listener at 0.0.0.0/34897] INFO  server.session (DefaultSessionIdManager.java:doStart(334)) - DefaultSessionIdManager workerName=node0
2021-09-16 19:34:35,709 [Listener at 0.0.0.0/34897] INFO  server.session (DefaultSessionIdManager.java:doStart(339)) - No SessionScavenger set, using defaults
2021-09-16 19:34:35,709 [Listener at 0.0.0.0/34897] INFO  server.session (HouseKeeper.java:startScavenging(132)) - node0 Scavenging every 600000ms
2021-09-16 19:34:35,712 [Listener at 0.0.0.0/34897] INFO  handler.ContextHandler (ContextHandler.java:doStart(915)) - Started o.e.j.s.ServletContextHandler@3654919{logs,/logs,file:///home/runner/work/ozone/ozone/hadoop-ozone/integration-test/target/log,AVAILABLE}
2021-09-16 19:34:35,712 [Listener at 0.0.0.0/34897] INFO  handler.ContextHandler (ContextHandler.java:doStart(915)) - Started o.e.j.s.ServletContextHandler@161f2559{static,/static,file:///home/runner/work/ozone/ozone/hadoop-ozone/integration-test/target/test-classes/webapps/static,AVAILABLE}
2021-09-16 19:34:35,727 [Listener at 0.0.0.0/34897] INFO  handler.ContextHandler (ContextHandler.java:doStart(915)) - Started o.e.j.w.WebAppContext@372d9bcf{scm,/,file:///home/runner/work/ozone/ozone/hadoop-ozone/integration-test/target/test-classes/webapps/scm/,AVAILABLE}{file:/home/runner/work/ozone/ozone/hadoop-ozone/integration-test/target/test-classes/webapps/scm}
2021-09-16 19:34:35,785 [Listener at 0.0.0.0/34897] INFO  server.AbstractConnector (AbstractConnector.java:doStart(331)) - Started ServerConnector@22dfe8cc{HTTP/1.1, (http/1.1)}{0.0.0.0:35795}
2021-09-16 19:34:35,785 [Listener at 0.0.0.0/34897] INFO  server.Server (Server.java:doStart(415)) - Started @236286ms
2021-09-16 19:34:35,786 [Listener at 0.0.0.0/34897] WARN  impl.MetricsSystemImpl (MetricsSystemImpl.java:register(279)) - Sink prometheus already exists!
2021-09-16 19:34:35,786 [Listener at 0.0.0.0/34897] INFO  http.BaseHttpServer (BaseHttpServer.java:updateConnectorAddress(329)) - HTTP server of scm listening at http://0.0.0.0:35795
2021-09-16 19:34:35,786 [Listener at 0.0.0.0/34897] WARN  server.ServerUtils (ServerUtils.java:getDBPath(225)) - ozone.om.db.dirs is not configured. We recommend adding this setting. Falling back to ozone.metadata.dirs instead.
2021-09-16 19:34:35,788 [Listener at 0.0.0.0/34897] INFO  ha.OMHANodeDetails (OMHANodeDetails.java:loadOMHAConfig(112)) - ozone.om.internal.service.id is not defined, falling back to ozone.om.service.ids to find serviceID for OzoneManager if it is HA enabled cluster
2021-09-16 19:34:35,788 [Listener at 0.0.0.0/34897] INFO  ha.OMHANodeDetails (OMHANodeDetails.java:loadOMHAConfig(219)) - Configuration does not have ozone.om.address set. Falling back to the default OM address /127.0.0.1:0
2021-09-16 19:34:35,788 [Listener at 0.0.0.0/34897] INFO  ha.OMHANodeDetails (OMHANodeDetails.java:getOMNodeDetails(247)) - OM Service ID is not set. Setting it to the default ID: omServiceIdDefault
2021-09-16 19:34:35,788 [Listener at 0.0.0.0/34897] INFO  ha.OMHANodeDetails (OMHANodeDetails.java:getOMNodeDetails(254)) - OM Node ID is not set. Setting it to the default ID: om1
2021-09-16 19:34:35,789 [Listener at 0.0.0.0/34897] WARN  server.ServerUtils (ServerUtils.java:getDBPath(225)) - ozone.om.db.dirs is not configured. We recommend adding this setting. Falling back to ozone.metadata.dirs instead.
2021-09-16 19:34:35,789 [Listener at 0.0.0.0/34897] INFO  upgrade.AbstractLayoutVersionManager (AbstractLayoutVersionManager.java:init(79)) - Initializing Layout version manager with metadata layout = INITIAL_VERSION (version = 0), software layout = INITIAL_VERSION (version = 0)
2021-09-16 19:34:35,952 [Listener at 0.0.0.0/34897] INFO  reflections.Reflections (Reflections.java:scan(232)) - Reflections took 162 ms to scan 2 urls, producing 131 keys and 342 values [using 2 cores]
2021-09-16 19:34:35,952 [Listener at 0.0.0.0/34897] INFO  upgrade.OMLayoutVersionManager (OMLayoutVersionManager.java:lambda$0(115)) - Skipping Upgrade Action MockOmUpgradeAction since it has been finalized.
2021-09-16 19:34:35,952 [Listener at 0.0.0.0/34897] WARN  server.ServerUtils (ServerUtils.java:getDBPath(225)) - ozone.om.db.dirs is not configured. We recommend adding this setting. Falling back to ozone.metadata.dirs instead.
2021-09-16 19:34:36,042 [Listener at 0.0.0.0/34897] WARN  server.ServerUtils (ServerUtils.java:getDBPath(225)) - ozone.om.db.dirs is not configured. We recommend adding this setting. Falling back to ozone.metadata.dirs instead.
2021-09-16 19:34:36,043 [Listener at 0.0.0.0/34897] INFO  codec.OmKeyInfoCodec (OmKeyInfoCodec.java:<init>(51)) - OmKeyInfoCodec ignorePipeline = true
2021-09-16 19:34:36,043 [Listener at 0.0.0.0/34897] INFO  codec.RepeatedOmKeyInfoCodec (RepeatedOmKeyInfoCodec.java:<init>(42)) - RepeatedOmKeyInfoCodec ignorePipeline = true
2021-09-16 19:34:36,716 [Listener at 0.0.0.0/34897] INFO  om.OzoneManager (OzoneManager.java:addS3GVolumeToDB(4127)) - Created Volume s3v With Owner runner required for S3Gateway operations.
2021-09-16 19:34:36,716 [Listener at 0.0.0.0/34897] WARN  server.ServerUtils (ServerUtils.java:getDefaultRatisDirectory(237)) - Storage directory for Ratis is not configured. It is a good idea to map this to an SSD disk. Falling back to ozone.metadata.dirs
2021-09-16 19:34:36,716 [Listener at 0.0.0.0/34897] WARN  utils.OzoneManagerRatisUtils (OzoneManagerRatisUtils.java:getOMRatisSnapshotDirectory(391)) - ozone.om.ratis.snapshot.dir is not configured. Falling back to ozone.metadata.dirs config
2021-09-16 19:34:36,721 [Listener at 0.0.0.0/34897] WARN  impl.MetricRegistriesImpl (MetricRegistriesImpl.java:addReporterRegistration(111)) - New reporters are added after registries were created. Some metrics will be missing from the reporter. Please add reporter before adding any new registry.
2021-09-16 19:34:36,721 [Listener at 0.0.0.0/34897] WARN  impl.MetricRegistriesImpl (MetricRegistriesImpl.java:addReporterRegistration(111)) - New reporters are added after registries were created. Some metrics will be missing from the reporter. Please add reporter before adding any new registry.
2021-09-16 19:34:36,734 [Listener at 0.0.0.0/34897] WARN  server.ServerUtils (ServerUtils.java:getDefaultRatisDirectory(237)) - Storage directory for Ratis is not configured. It is a good idea to map this to an SSD disk. Falling back to ozone.metadata.dirs
2021-09-16 19:34:36,735 [Listener at 0.0.0.0/34897] INFO  ratis.OzoneManagerRatisServer (OzoneManagerRatisServer.java:<init>(158)) - Instantiating OM Ratis server with groupID: omServiceIdDefault and peers: localhost:9872
2021-09-16 19:34:36,735 [Listener at 0.0.0.0/34897] INFO  ratis.OzoneManagerStateMachine (OzoneManagerStateMachine.java:loadSnapshotInfoFromDB(605)) - LastAppliedIndex is set from TransactionInfo from OM DB as (t:0, i:~)
2021-09-16 19:34:36,759 [Listener at 0.0.0.0/34897] INFO  server.RaftServer (ConfUtils.java:logGet(44)) - raft.rpc.type = GRPC (default)
2021-09-16 19:34:36,759 [Listener at 0.0.0.0/34897] INFO  grpc.GrpcFactory (GrpcFactory.java:checkPooledByteBufAllocatorUseCacheForAllThreads(48)) - PERFORMANCE WARNING: useCacheForAllThreads is true that may cause Netty to create a lot garbage objects and, as a result, trigger GC.
	It is recommended to disable useCacheForAllThreads by setting -Dorg.apache.ratis.thirdparty.io.netty.allocator.useCacheForAllThreads=false in command line.
2021-09-16 19:34:36,760 [Listener at 0.0.0.0/34897] INFO  grpc.GrpcConfigKeys (ConfUtils.java:logGet(44)) - raft.grpc.admin.port = -1 (default)
2021-09-16 19:34:36,760 [Listener at 0.0.0.0/34897] INFO  grpc.GrpcConfigKeys (ConfUtils.java:logGet(44)) - raft.grpc.server.port = 9872 (custom)
2021-09-16 19:34:36,760 [Listener at 0.0.0.0/34897] INFO  grpc.GrpcConfigKeys (ConfUtils.java:logGet(44)) - raft.grpc.client.port = -1 (default)
2021-09-16 19:34:36,760 [Listener at 0.0.0.0/34897] INFO  grpc.GrpcConfigKeys (ConfUtils.java:logGet(44)) - raft.grpc.server.port = 9872 (custom)
2021-09-16 19:34:36,760 [Listener at 0.0.0.0/34897] INFO  grpc.GrpcConfigKeys (ConfUtils.java:logGet(44)) - raft.grpc.server.port = 9872 (custom)
2021-09-16 19:34:36,760 [Listener at 0.0.0.0/34897] INFO  server.GrpcService (ConfUtils.java:logGet(44)) - raft.grpc.message.size.max = 33554432 (custom)
2021-09-16 19:34:36,760 [Listener at 0.0.0.0/34897] INFO  server.RaftServerConfigKeys (ConfUtils.java:logGet(44)) - raft.server.log.appender.buffer.byte-limit = 33554432 (custom)
2021-09-16 19:34:36,761 [Listener at 0.0.0.0/34897] INFO  server.GrpcService (ConfUtils.java:logGet(44)) - raft.grpc.flow.control.window = 1MB (=1048576) (default)
2021-09-16 19:34:36,761 [Listener at 0.0.0.0/34897] INFO  server.RaftServerConfigKeys (ConfUtils.java:logGet(44)) - raft.server.rpc.request.timeout = 3000ms (default)
2021-09-16 19:34:36,762 [Listener at 0.0.0.0/34897] INFO  impl.DataStreamServerImpl (ConfUtils.java:logGet(44)) - raft.datastream.type = DISABLED (default)
2021-09-16 19:34:36,762 [Listener at 0.0.0.0/34897] INFO  server.RaftServerConfigKeys (ConfUtils.java:logGet(44)) - raft.server.rpc.slowness.timeout = 120s (custom)
2021-09-16 19:34:36,762 [Listener at 0.0.0.0/34897] INFO  server.RaftServerConfigKeys (ConfUtils.java:logGet(44)) - raft.server.leaderelection.leader.step-down.wait-time = 10s (default)
2021-09-16 19:34:36,762 [Listener at 0.0.0.0/34897] INFO  server.RaftServerConfigKeys (ConfUtils.java:logGet(44)) - raft.server.storage.dir = [/home/runner/work/ozone/ozone/hadoop-ozone/integration-test/target/test-dir/MiniOzoneClusterImpl-4c5ee767-53d0-43e8-b9fb-bc60904004ee/ozone-meta/ratis] (custom)
2021-09-16 19:34:36,763 [Listener at 0.0.0.0/34897] INFO  server.RaftServer (RaftServerProxy.java:addNew(95)) - om1: addNew group-C5BA1605619E:[om1|rpc:localhost:9872|priority:0] returns group-C5BA1605619E:java.util.concurrent.CompletableFuture@56160a76[Not completed]
2021-09-16 19:34:36,763 [Listener at 0.0.0.0/34897] INFO  om.OzoneManager (OzoneManager.java:initializeRatisServer(1585)) - OzoneManager Ratis server initialized at port 9872
2021-09-16 19:34:36,764 [Listener at 0.0.0.0/34897] INFO  ipc.CallQueueManager (CallQueueManager.java:<init>(90)) - Using callQueue: class java.util.concurrent.LinkedBlockingQueue, queueCapacity: 2000, scheduler: class org.apache.hadoop.ipc.DefaultRpcScheduler, ipcBackoff: false.
2021-09-16 19:34:36,784 [pool-774-thread-1] INFO  server.RaftServer$Division (RaftServerImpl.java:<init>(181)) - om1: new RaftServerImpl for group-C5BA1605619E:[om1|rpc:localhost:9872|priority:0] with OzoneManagerStateMachine:uninitialized
2021-09-16 19:34:36,788 [Socket Reader #1 for port 0] INFO  ipc.Server (Server.java:run(1265)) - Starting Socket Reader #1 for port 0
2021-09-16 19:34:36,794 [pool-774-thread-1] INFO  server.RaftServerConfigKeys (ConfUtils.java:logGet(44)) - raft.server.rpc.timeout.min = 1s (custom)
2021-09-16 19:34:36,794 [pool-774-thread-1] INFO  server.RaftServerConfigKeys (ConfUtils.java:logGet(44)) - raft.server.rpc.timeout.max = 1200ms (custom)
2021-09-16 19:34:36,794 [pool-774-thread-1] INFO  server.RaftServerConfigKeys (ConfUtils.java:logGet(44)) - raft.server.rpc.sleep.time = 25ms (default)
2021-09-16 19:34:36,794 [pool-774-thread-1] INFO  server.RaftServerConfigKeys (ConfUtils.java:logGet(44)) - raft.server.rpc.slowness.timeout = 120s (custom)
2021-09-16 19:34:36,794 [pool-774-thread-1] INFO  server.RaftServerConfigKeys (ConfUtils.java:logGet(44)) - raft.server.leaderelection.leader.step-down.wait-time = 10s (default)
2021-09-16 19:34:36,794 [pool-774-thread-1] INFO  server.RaftServerConfigKeys (ConfUtils.java:logGet(44)) - raft.server.sleep.deviation.threshold = 300ms (default)
2021-09-16 19:34:36,794 [pool-774-thread-1] INFO  server.RaftServerConfigKeys (ConfUtils.java:logGet(44)) - raft.server.log.appender.install.snapshot.enabled = false (custom)
2021-09-16 19:34:36,794 [pool-774-thread-1] INFO  server.RaftServer$Division (ServerState.java:<init>(105)) - om1@group-C5BA1605619E: ConfigurationManager, init=-1: [om1|rpc:localhost:9872|priority:0], old=null, confs=<EMPTY_MAP>
2021-09-16 19:34:36,794 [pool-774-thread-1] INFO  server.RaftServerConfigKeys (ConfUtils.java:logGet(44)) - raft.server.storage.dir = [/home/runner/work/ozone/ozone/hadoop-ozone/integration-test/target/test-dir/MiniOzoneClusterImpl-4c5ee767-53d0-43e8-b9fb-bc60904004ee/ozone-meta/ratis] (custom)
2021-09-16 19:34:36,794 [pool-774-thread-1] INFO  server.RaftServerConfigKeys (ConfUtils.java:logGet(44)) - raft.server.log.corruption.policy = EXCEPTION (default)
2021-09-16 19:34:36,795 [pool-774-thread-1] INFO  server.RaftServerConfigKeys (ConfUtils.java:logGet(44)) - raft.server.storage.free-space.min = 0MB (=0) (default)
2021-09-16 19:34:36,795 [pool-774-thread-1] INFO  storage.RaftStorageDirectory (RaftStorageDirectoryImpl.java:analyzeStorage(135)) - The storage directory /home/runner/work/ozone/ozone/hadoop-ozone/integration-test/target/test-dir/MiniOzoneClusterImpl-4c5ee767-53d0-43e8-b9fb-bc60904004ee/ozone-meta/ratis/bf265839-605b-3f16-9796-c5ba1605619e does not exist. Creating ...
2021-09-16 19:34:36,797 [pool-774-thread-1] INFO  storage.RaftStorageDirectory (RaftStorageDirectoryImpl.java:tryLock(230)) - Lock on /home/runner/work/ozone/ozone/hadoop-ozone/integration-test/target/test-dir/MiniOzoneClusterImpl-4c5ee767-53d0-43e8-b9fb-bc60904004ee/ozone-meta/ratis/bf265839-605b-3f16-9796-c5ba1605619e/in_use.lock acquired by nodename 3243@fv-az195-743
2021-09-16 19:34:36,799 [pool-774-thread-1] INFO  storage.RaftStorage (RaftStorageImpl.java:format(89)) - Storage directory /home/runner/work/ozone/ozone/hadoop-ozone/integration-test/target/test-dir/MiniOzoneClusterImpl-4c5ee767-53d0-43e8-b9fb-bc60904004ee/ozone-meta/ratis/bf265839-605b-3f16-9796-c5ba1605619e has been successfully formatted.
2021-09-16 19:34:36,799 [pool-774-thread-1] INFO  server.RaftServerConfigKeys (ConfUtils.java:logGet(44)) - raft.server.notification.no-leader.timeout = 120s (custom)
2021-09-16 19:34:36,799 [pool-774-thread-1] INFO  server.RaftServerConfigKeys (ConfUtils.java:logGet(44)) - raft.server.log.use.memory = false (default)
2021-09-16 19:34:36,799 [pool-774-thread-1] INFO  server.RaftServerConfigKeys (ConfUtils.java:logGet(44)) - raft.server.log.purge.gap = 1000000 (custom)
2021-09-16 19:34:36,799 [pool-774-thread-1] INFO  server.RaftServerConfigKeys (ConfUtils.java:logGet(44)) - raft.server.log.appender.buffer.byte-limit = 33554432 (custom)
2021-09-16 19:34:36,799 [pool-774-thread-1] INFO  server.RaftServerConfigKeys (ConfUtils.java:logGet(44)) - raft.server.log.segment.size.max = 4194304 (custom)
2021-09-16 19:34:36,838 [pool-774-thread-1] INFO  server.RaftServerConfigKeys (ConfUtils.java:logGet(44)) - raft.server.log.segment.cache.num.max = 2 (custom)
2021-09-16 19:34:36,838 [pool-774-thread-1] INFO  server.RaftServerConfigKeys (ConfUtils.java:logGet(44)) - raft.server.log.segment.cache.size.max = 200MB (=209715200) (default)
2021-09-16 19:34:36,838 [pool-774-thread-1] INFO  segmented.SegmentedRaftLogWorker (SegmentedRaftLogWorker.java:<init>(182)) - new om1@group-C5BA1605619E-SegmentedRaftLogWorker for RaftStorageImpl:Storage Directory /home/runner/work/ozone/ozone/hadoop-ozone/integration-test/target/test-dir/MiniOzoneClusterImpl-4c5ee767-53d0-43e8-b9fb-bc60904004ee/ozone-meta/ratis/bf265839-605b-3f16-9796-c5ba1605619e
2021-09-16 19:34:36,838 [pool-774-thread-1] INFO  server.RaftServerConfigKeys (ConfUtils.java:logGet(44)) - raft.server.log.queue.byte-limit = 64MB (=67108864) (default)
2021-09-16 19:34:36,838 [pool-774-thread-1] INFO  server.RaftServerConfigKeys (ConfUtils.java:logGet(44)) - raft.server.log.queue.element-limit = 4096 (default)
2021-09-16 19:34:36,838 [pool-774-thread-1] INFO  server.RaftServerConfigKeys (ConfUtils.java:logGet(44)) - raft.server.log.segment.size.max = 4194304 (custom)
2021-09-16 19:34:36,838 [pool-774-thread-1] INFO  server.RaftServerConfigKeys (ConfUtils.java:logGet(44)) - raft.server.log.preallocated.size = 4194304 (custom)
2021-09-16 19:34:36,838 [pool-774-thread-1] INFO  server.RaftServerConfigKeys (ConfUtils.java:logGet(44)) - raft.server.log.force.sync.num = 128 (default)
2021-09-16 19:34:36,838 [pool-774-thread-1] INFO  server.RaftServerConfigKeys (ConfUtils.java:logGet(44)) - raft.server.log.statemachine.data.sync = true (default)
2021-09-16 19:34:36,838 [pool-774-thread-1] INFO  server.RaftServerConfigKeys (ConfUtils.java:logGet(44)) - raft.server.log.statemachine.data.sync.timeout = 10s (default)
2021-09-16 19:34:36,839 [pool-774-thread-1] INFO  server.RaftServerConfigKeys (ConfUtils.java:logGet(44)) - raft.server.log.statemachine.data.sync.timeout.retry = -1 (default)
2021-09-16 19:34:36,840 [pool-774-thread-1] INFO  server.RaftServerConfigKeys (ConfUtils.java:logGet(44)) - raft.server.log.write.buffer.size = 64KB (=65536) (default)
2021-09-16 19:34:36,841 [pool-774-thread-1] INFO  server.RaftServerConfigKeys (ConfUtils.java:logGet(44)) - raft.server.log.statemachine.data.caching.enabled = false (default)
2021-09-16 19:34:36,841 [pool-774-thread-1] INFO  segmented.SegmentedRaftLogWorker (SegmentedRaftLogWorker.java:lambda$new$0(133)) - om1@group-C5BA1605619E-SegmentedRaftLogWorker: flushIndex: setUnconditionally 0 -> -1
2021-09-16 19:34:36,841 [pool-774-thread-1] INFO  segmented.SegmentedRaftLogWorker (SegmentedRaftLogWorker.java:lambda$new$0(133)) - om1@group-C5BA1605619E-SegmentedRaftLogWorker: safeCacheEvictIndex: setUnconditionally 0 -> -1
2021-09-16 19:34:36,845 [pool-774-thread-1] INFO  server.RaftServerConfigKeys (ConfUtils.java:logGet(44)) - raft.server.snapshot.auto.trigger.enabled = true (custom)
2021-09-16 19:34:36,845 [pool-774-thread-1] INFO  server.RaftServerConfigKeys (ConfUtils.java:logGet(44)) - raft.server.snapshot.auto.trigger.threshold = 400000 (default)
2021-09-16 19:34:36,845 [pool-774-thread-1] INFO  server.RaftServerConfigKeys (ConfUtils.java:logGet(44)) - raft.server.snapshot.retention.file.num = -1 (default)
2021-09-16 19:34:36,845 [pool-774-thread-1] INFO  server.RaftServerConfigKeys (ConfUtils.java:logGet(44)) - raft.server.log.purge.upto.snapshot.index = true (custom)
2021-09-16 19:34:36,845 [pool-774-thread-1] INFO  server.RaftServerConfigKeys (ConfUtils.java:logGet(44)) - raft.server.retrycache.expirytime = 300s (custom)
2021-09-16 19:34:36,846 [pool-774-thread-1] INFO  server.RaftServerConfigKeys (ConfUtils.java:logGet(44)) - raft.server.retrycache.statistics.expirytime = 100μs (default)
2021-09-16 19:34:36,860 [Listener at 127.0.0.1/43789] INFO  om.OzoneManager (OzoneManager.java:initFSOLayout(4333)) - Configured ozone.om.metadata.layout=SIMPLE and disabled optimized OM FS operations
2021-09-16 19:34:36,874 [Listener at 127.0.0.1/43789] INFO  impl.MetricsSystemImpl (MetricsSystemImpl.java:init(158)) - OzoneManager metrics system started (again)
2021-09-16 19:34:36,973 [Listener at 127.0.0.1/43789] INFO  om.OzoneManager (OzoneManager.java:start(1281)) - OzoneManager RPC server is listening at localhost/127.0.0.1:43789
2021-09-16 19:34:36,974 [Listener at 127.0.0.1/43789] INFO  ratis.OzoneManagerRatisServer (OzoneManagerRatisServer.java:start(516)) - Starting OzoneManagerRatisServer om1 at port 9872
2021-09-16 19:34:36,974 [Listener at 127.0.0.1/43789] INFO  server.RaftServer$Division (RaftServerImpl.java:start(296)) - om1@group-C5BA1605619E: start as a follower, conf=-1: [om1|rpc:localhost:9872|priority:0], old=null
2021-09-16 19:34:36,975 [Listener at 127.0.0.1/43789] INFO  server.RaftServer$Division (RaftServerImpl.java:setRole(285)) - om1@group-C5BA1605619E: changes role from      null to FOLLOWER at term 0 for startAsFollower
2021-09-16 19:34:36,975 [Listener at 127.0.0.1/43789] INFO  impl.RoleInfo (RoleInfo.java:updateAndGet(130)) - om1: start om1@group-C5BA1605619E-FollowerState
2021-09-16 19:34:36,977 [Listener at 127.0.0.1/43789] INFO  util.JmxRegister (JmxRegister.java:tryRegister(44)) - Successfully registered JMX Bean with object name Ratis:service=RaftServer,group=group-C5BA1605619E,id=om1
2021-09-16 19:34:36,990 [Listener at 127.0.0.1/43789] INFO  server.RaftServer (RaftServerProxy.java:lambda$start$5(374)) - om1: start RPC server
2021-09-16 19:34:37,062 [Listener at 127.0.0.1/43789] INFO  server.GrpcService (GrpcService.java:startImpl(253)) - om1: GrpcService started, listening on 9872
2021-09-16 19:34:37,062 [Listener at 127.0.0.1/43789] INFO  om.OzoneManager (OzoneManager.java:start(1299)) - Version File has different layout version (0) than OM DB (null). That is expected if this OM has never been finalized to a newer layout version.
2021-09-16 19:34:37,063 [org.apache.ratis.util.JvmPauseMonitor$$Lambda$531/459885056@52502ca4] INFO  util.JvmPauseMonitor (JvmPauseMonitor.java:run(103)) - JvmPauseMonitor-om1: Started
2021-09-16 19:34:37,082 [Listener at 127.0.0.1/43789] INFO  http.BaseHttpServer (BaseHttpServer.java:newHttpServer2BuilderForOzone(209)) - Starting Web-server for ozoneManager at: http://0.0.0.0:0
2021-09-16 19:34:37,082 [Listener at 127.0.0.1/43789] INFO  http.BaseHttpServer (BaseHttpServer.java:<init>(107)) - Hadoop Security Enabled: false Ozone Security Enabled: false Ozone HTTP Security Enabled: false 
2021-09-16 19:34:37,083 [Listener at 127.0.0.1/43789] INFO  server.AuthenticationFilter (AuthenticationFilter.java:constructSecretProvider(240)) - Unable to initialize FileSignerSecretProvider, falling back to use random secrets.
2021-09-16 19:34:37,094 [Listener at 127.0.0.1/43789] WARN  http.HttpRequestLog (HttpRequestLog.java:getRequestLog(103)) - Jetty request log can only be enabled using Log4j
2021-09-16 19:34:37,094 [Listener at 127.0.0.1/43789] INFO  http.HttpServer2 (HttpServer2.java:addGlobalFilter(1030)) - Added global filter 'safety' (class=org.apache.hadoop.hdds.server.http.HttpServer2$QuotingInputFilter)
2021-09-16 19:34:37,095 [Listener at 127.0.0.1/43789] INFO  http.HttpServer2 (HttpServer2.java:addFilter(1006)) - Added filter static_user_filter (class=org.apache.hadoop.http.lib.StaticUserWebFilter$StaticUserFilter) to context ozoneManager
2021-09-16 19:34:37,095 [Listener at 127.0.0.1/43789] INFO  http.HttpServer2 (HttpServer2.java:addFilter(1014)) - Added filter static_user_filter (class=org.apache.hadoop.http.lib.StaticUserWebFilter$StaticUserFilter) to context logs
2021-09-16 19:34:37,095 [Listener at 127.0.0.1/43789] INFO  http.HttpServer2 (HttpServer2.java:addFilter(1014)) - Added filter static_user_filter (class=org.apache.hadoop.http.lib.StaticUserWebFilter$StaticUserFilter) to context static
2021-09-16 19:34:37,095 [Listener at 127.0.0.1/43789] INFO  http.HttpServer2 (HttpServer2.java:bindListener(1249)) - Jetty bound to port 43293
2021-09-16 19:34:37,095 [Listener at 127.0.0.1/43789] INFO  server.Server (Server.java:doStart(375)) - jetty-9.4.43.v20210629; built: 2021-06-30T11:07:22.254Z; git: 526006ecfa3af7f1a27ef3a288e2bef7ea9dd7e8; jvm 1.8.0_292-b10
2021-09-16 19:34:37,189 [Listener at 127.0.0.1/43789] INFO  server.session (DefaultSessionIdManager.java:doStart(334)) - DefaultSessionIdManager workerName=node0
2021-09-16 19:34:37,189 [Listener at 127.0.0.1/43789] INFO  server.session (DefaultSessionIdManager.java:doStart(339)) - No SessionScavenger set, using defaults
2021-09-16 19:34:37,189 [Listener at 127.0.0.1/43789] INFO  server.session (HouseKeeper.java:startScavenging(132)) - node0 Scavenging every 600000ms
2021-09-16 19:34:37,190 [Listener at 127.0.0.1/43789] INFO  handler.ContextHandler (ContextHandler.java:doStart(915)) - Started o.e.j.s.ServletContextHandler@6e35df79{logs,/logs,file:///home/runner/work/ozone/ozone/hadoop-ozone/integration-test/target/log,AVAILABLE}
2021-09-16 19:34:37,190 [Listener at 127.0.0.1/43789] INFO  handler.ContextHandler (ContextHandler.java:doStart(915)) - Started o.e.j.s.ServletContextHandler@c20d03e{static,/static,file:///home/runner/work/ozone/ozone/hadoop-ozone/integration-test/target/test-classes/webapps/static,AVAILABLE}
2021-09-16 19:34:37,192 [Listener at 127.0.0.1/43789] INFO  handler.ContextHandler (ContextHandler.java:doStart(915)) - Started o.e.j.w.WebAppContext@2c818772{ozoneManager,/,file:///home/runner/work/ozone/ozone/hadoop-ozone/integration-test/target/test-classes/webapps/ozoneManager/,AVAILABLE}{file:/home/runner/work/ozone/ozone/hadoop-ozone/integration-test/target/test-classes/webapps/ozoneManager}
2021-09-16 19:34:37,201 [Listener at 127.0.0.1/43789] INFO  server.AbstractConnector (AbstractConnector.java:doStart(331)) - Started ServerConnector@b7d2369{HTTP/1.1, (http/1.1)}{0.0.0.0:43293}
2021-09-16 19:34:37,201 [Listener at 127.0.0.1/43789] INFO  server.Server (Server.java:doStart(415)) - Started @237702ms
2021-09-16 19:34:37,201 [Listener at 127.0.0.1/43789] WARN  impl.MetricsSystemImpl (MetricsSystemImpl.java:register(279)) - Sink prometheus already exists!
2021-09-16 19:34:37,202 [Listener at 127.0.0.1/43789] INFO  http.BaseHttpServer (BaseHttpServer.java:updateConnectorAddress(329)) - HTTP server of ozoneManager listening at http://0.0.0.0:43293
2021-09-16 19:34:37,256 [IPC Server Responder] INFO  ipc.Server (Server.java:run(1507)) - IPC Server Responder: starting
2021-09-16 19:34:37,276 [IPC Server listener on 0] INFO  ipc.Server (Server.java:run(1344)) - IPC Server listener on 0: starting
2021-09-16 19:34:37,324 [Listener at 127.0.0.1/43789] INFO  om.OzoneManager (OzoneManager.java:startTrashEmptier(1543)) - Trash Interval set to 0. Files deleted will not move to trash
2021-09-16 19:34:37,394 [org.apache.hadoop.util.JvmPauseMonitor$Monitor@41a421dd] INFO  util.JvmPauseMonitor (JvmPauseMonitor.java:run(188)) - Starting JVM pause monitor
2021-09-16 19:34:37,487 [Listener at 127.0.0.1/43789] WARN  impl.MetricRegistriesImpl (MetricRegistriesImpl.java:addReporterRegistration(111)) - New reporters are added after registries were created. Some metrics will be missing from the reporter. Please add reporter before adding any new registry.
2021-09-16 19:34:37,490 [Listener at 127.0.0.1/43789] WARN  impl.MetricRegistriesImpl (MetricRegistriesImpl.java:addReporterRegistration(111)) - New reporters are added after registries were created. Some metrics will be missing from the reporter. Please add reporter before adding any new registry.
2021-09-16 19:34:37,490 [Listener at 127.0.0.1/43789] INFO  impl.MetricsSystemImpl (MetricsSystemImpl.java:init(158)) - HddsDatanode metrics system started (again)
2021-09-16 19:34:37,523 [Listener at 127.0.0.1/43789] INFO  ozone.HddsDatanodeService (HddsDatanodeService.java:start(234)) - HddsDatanodeService host:fv-az195-743.u3nnjwd0vyge1bu22idnsdeq2e.cx.internal.cloudapp.net ip:10.1.0.5
2021-09-16 19:34:37,625 [Listener at 127.0.0.1/43789] INFO  upgrade.AbstractLayoutVersionManager (AbstractLayoutVersionManager.java:init(79)) - Initializing Layout version manager with metadata layout = SCM_HA (version = 2), software layout = SCM_HA (version = 2)
2021-09-16 19:34:37,773 [Listener at 127.0.0.1/43789] INFO  reflections.Reflections (Reflections.java:scan(232)) - Reflections took 132 ms to scan 7 urls, producing 119 keys and 275 values 
2021-09-16 19:34:37,793 [Listener at 127.0.0.1/43789] INFO  volume.HddsVolume (HddsVolume.java:<init>(120)) - Creating HddsVolume: /home/runner/work/ozone/ozone/hadoop-ozone/integration-test/target/test-dir/MiniOzoneClusterImpl-4c5ee767-53d0-43e8-b9fb-bc60904004ee/datanode-0/data-0/containers/hdds of storage type : DISK capacity : 9223372036854775807
2021-09-16 19:34:37,800 [Listener at 127.0.0.1/43789] INFO  volume.MutableVolumeSet (MutableVolumeSet.java:initializeVolumeSet(168)) - Added Volume : /home/runner/work/ozone/ozone/hadoop-ozone/integration-test/target/test-dir/MiniOzoneClusterImpl-4c5ee767-53d0-43e8-b9fb-bc60904004ee/datanode-0/data-0/containers/hdds to VolumeSet
2021-09-16 19:34:37,800 [Listener at 127.0.0.1/43789] INFO  volume.ThrottledAsyncChecker (ThrottledAsyncChecker.java:schedule(141)) - Scheduling a check for /home/runner/work/ozone/ozone/hadoop-ozone/integration-test/target/test-dir/MiniOzoneClusterImpl-4c5ee767-53d0-43e8-b9fb-bc60904004ee/datanode-0/data-0/containers/hdds
2021-09-16 19:34:37,802 [Listener at 127.0.0.1/43789] INFO  volume.StorageVolumeChecker (StorageVolumeChecker.java:checkAllVolumes(202)) - Scheduled health check for volume /home/runner/work/ozone/ozone/hadoop-ozone/integration-test/target/test-dir/MiniOzoneClusterImpl-4c5ee767-53d0-43e8-b9fb-bc60904004ee/datanode-0/data-0/containers/hdds
2021-09-16 19:34:37,897 [Listener at 127.0.0.1/43789] INFO  volume.MutableVolumeSet (MutableVolumeSet.java:initializeVolumeSet(168)) - Added Volume : /home/runner/work/ozone/ozone/hadoop-ozone/integration-test/target/test-dir/MiniOzoneClusterImpl-4c5ee767-53d0-43e8-b9fb-bc60904004ee/datanode-0/data/ratis to VolumeSet
2021-09-16 19:34:37,898 [Listener at 127.0.0.1/43789] INFO  volume.ThrottledAsyncChecker (ThrottledAsyncChecker.java:schedule(141)) - Scheduling a check for /home/runner/work/ozone/ozone/hadoop-ozone/integration-test/target/test-dir/MiniOzoneClusterImpl-4c5ee767-53d0-43e8-b9fb-bc60904004ee/datanode-0/data/ratis
2021-09-16 19:34:37,901 [Listener at 127.0.0.1/43789] INFO  volume.StorageVolumeChecker (StorageVolumeChecker.java:checkAllVolumes(202)) - Scheduled health check for volume /home/runner/work/ozone/ozone/hadoop-ozone/integration-test/target/test-dir/MiniOzoneClusterImpl-4c5ee767-53d0-43e8-b9fb-bc60904004ee/datanode-0/data/ratis
2021-09-16 19:34:37,998 [Thread-1695] INFO  ozoneimpl.ContainerReader (ContainerReader.java:readVolume(172)) - Finish verifying containers on volume /home/runner/work/ozone/ozone/hadoop-ozone/integration-test/target/test-dir/MiniOzoneClusterImpl-4c5ee767-53d0-43e8-b9fb-bc60904004ee/datanode-0/data-0/containers/hdds
2021-09-16 19:34:37,998 [Listener at 127.0.0.1/43789] INFO  ozoneimpl.OzoneContainer (OzoneContainer.java:buildContainerSet(236)) - Build ContainerSet costs 0s
2021-09-16 19:34:37,999 [Listener at 127.0.0.1/43789] INFO  server.RaftServer (ConfUtils.java:logGet(44)) - raft.rpc.type = GRPC (default)
2021-09-16 19:34:38,000 [Listener at 127.0.0.1/43789] INFO  grpc.GrpcFactory (GrpcFactory.java:checkPooledByteBufAllocatorUseCacheForAllThreads(48)) - PERFORMANCE WARNING: useCacheForAllThreads is true that may cause Netty to create a lot garbage objects and, as a result, trigger GC.
	It is recommended to disable useCacheForAllThreads by setting -Dorg.apache.ratis.thirdparty.io.netty.allocator.useCacheForAllThreads=false in command line.
2021-09-16 19:34:38,000 [Listener at 127.0.0.1/43789] INFO  grpc.GrpcConfigKeys (ConfUtils.java:logGet(44)) - raft.grpc.admin.port = 0 (custom)
2021-09-16 19:34:38,000 [Listener at 127.0.0.1/43789] INFO  grpc.GrpcConfigKeys (ConfUtils.java:logGet(44)) - raft.grpc.client.port = 0 (custom)
2021-09-16 19:34:38,000 [Listener at 127.0.0.1/43789] INFO  grpc.GrpcConfigKeys (ConfUtils.java:logGet(44)) - raft.grpc.server.port = 0 (default)
2021-09-16 19:34:38,000 [Listener at 127.0.0.1/43789] INFO  server.GrpcService (ConfUtils.java:logGet(44)) - raft.grpc.message.size.max = 32MB (=33554432) (custom)
2021-09-16 19:34:38,000 [Listener at 127.0.0.1/43789] INFO  server.RaftServerConfigKeys (ConfUtils.java:logGet(44)) - raft.server.log.appender.buffer.byte-limit = 33554432 (custom)
2021-09-16 19:34:38,000 [Listener at 127.0.0.1/43789] INFO  server.GrpcService (ConfUtils.java:logGet(44)) - raft.grpc.flow.control.window = 5MB (=5242880) (custom)
2021-09-16 19:34:38,000 [Listener at 127.0.0.1/43789] INFO  server.RaftServerConfigKeys (ConfUtils.java:logGet(44)) - raft.server.rpc.request.timeout = 3000ms (default)
2021-09-16 19:34:38,010 [Listener at 127.0.0.1/43789] INFO  impl.DataStreamServerImpl (ConfUtils.java:logGet(44)) - raft.datastream.type = DISABLED (default)
2021-09-16 19:34:38,010 [Listener at 127.0.0.1/43789] INFO  server.RaftServerConfigKeys (ConfUtils.java:logGet(44)) - raft.server.rpc.slowness.timeout = 300000ms (custom)
2021-09-16 19:34:38,011 [Listener at 127.0.0.1/43789] INFO  server.RaftServerConfigKeys (ConfUtils.java:logGet(44)) - raft.server.leaderelection.leader.step-down.wait-time = 10s (default)
2021-09-16 19:34:38,011 [Listener at 127.0.0.1/43789] INFO  server.RaftServerConfigKeys (ConfUtils.java:logGet(44)) - raft.server.storage.dir = [/home/runner/work/ozone/ozone/hadoop-ozone/integration-test/target/test-dir/MiniOzoneClusterImpl-4c5ee767-53d0-43e8-b9fb-bc60904004ee/datanode-0/data/ratis] (custom)
2021-09-16 19:34:38,026 [Listener at 127.0.0.1/43789] INFO  http.BaseHttpServer (BaseHttpServer.java:newHttpServer2BuilderForOzone(209)) - Starting Web-server for hddsDatanode at: http://0.0.0.0:0
2021-09-16 19:34:38,027 [Listener at 127.0.0.1/43789] INFO  http.BaseHttpServer (BaseHttpServer.java:<init>(107)) - Hadoop Security Enabled: false Ozone Security Enabled: false Ozone HTTP Security Enabled: false 
2021-09-16 19:34:38,027 [Listener at 127.0.0.1/43789] INFO  server.AuthenticationFilter (AuthenticationFilter.java:constructSecretProvider(240)) - Unable to initialize FileSignerSecretProvider, falling back to use random secrets.
2021-09-16 19:34:38,034 [Listener at 127.0.0.1/43789] WARN  http.HttpRequestLog (HttpRequestLog.java:getRequestLog(103)) - Jetty request log can only be enabled using Log4j
2021-09-16 19:34:38,034 [Listener at 127.0.0.1/43789] INFO  http.HttpServer2 (HttpServer2.java:addGlobalFilter(1030)) - Added global filter 'safety' (class=org.apache.hadoop.hdds.server.http.HttpServer2$QuotingInputFilter)
2021-09-16 19:34:38,035 [Listener at 127.0.0.1/43789] INFO  http.HttpServer2 (HttpServer2.java:addFilter(1006)) - Added filter static_user_filter (class=org.apache.hadoop.http.lib.StaticUserWebFilter$StaticUserFilter) to context hddsDatanode
2021-09-16 19:34:38,035 [Listener at 127.0.0.1/43789] INFO  http.HttpServer2 (HttpServer2.java:addFilter(1014)) - Added filter static_user_filter (class=org.apache.hadoop.http.lib.StaticUserWebFilter$StaticUserFilter) to context static
2021-09-16 19:34:38,035 [Listener at 127.0.0.1/43789] INFO  http.HttpServer2 (HttpServer2.java:addFilter(1014)) - Added filter static_user_filter (class=org.apache.hadoop.http.lib.StaticUserWebFilter$StaticUserFilter) to context logs
2021-09-16 19:34:38,035 [Listener at 127.0.0.1/43789] INFO  http.HttpServer2 (HttpServer2.java:bindListener(1249)) - Jetty bound to port 46877
2021-09-16 19:34:38,036 [Listener at 127.0.0.1/43789] INFO  server.Server (Server.java:doStart(375)) - jetty-9.4.43.v20210629; built: 2021-06-30T11:07:22.254Z; git: 526006ecfa3af7f1a27ef3a288e2bef7ea9dd7e8; jvm 1.8.0_292-b10
2021-09-16 19:34:38,079 [om1@group-C5BA1605619E-FollowerState] INFO  impl.FollowerState (FollowerState.java:run(134)) - om1@group-C5BA1605619E-FollowerState: change to CANDIDATE, lastRpcElapsedTime:1104051038ns, electionTimeout:1052ms
2021-09-16 19:34:38,079 [om1@group-C5BA1605619E-FollowerState] INFO  impl.RoleInfo (RoleInfo.java:shutdownFollowerState(108)) - om1: shutdown om1@group-C5BA1605619E-FollowerState
2021-09-16 19:34:38,079 [om1@group-C5BA1605619E-FollowerState] INFO  server.RaftServer$Division (RaftServerImpl.java:setRole(285)) - om1@group-C5BA1605619E: changes role from  FOLLOWER to CANDIDATE at term 0 for changeToCandidate
2021-09-16 19:34:38,089 [om1@group-C5BA1605619E-FollowerState] INFO  server.RaftServerConfigKeys (ConfUtils.java:logGet(44)) - raft.server.leaderelection.pre-vote = false (custom)
2021-09-16 19:34:38,089 [om1@group-C5BA1605619E-FollowerState] INFO  impl.RoleInfo (RoleInfo.java:updateAndGet(130)) - om1: start om1@group-C5BA1605619E-LeaderElection83
2021-09-16 19:34:38,090 [Listener at 127.0.0.1/43789] INFO  server.session (DefaultSessionIdManager.java:doStart(334)) - DefaultSessionIdManager workerName=node0
2021-09-16 19:34:38,090 [Listener at 127.0.0.1/43789] INFO  server.session (DefaultSessionIdManager.java:doStart(339)) - No SessionScavenger set, using defaults
2021-09-16 19:34:38,090 [Listener at 127.0.0.1/43789] INFO  server.session (HouseKeeper.java:startScavenging(132)) - node0 Scavenging every 660000ms
2021-09-16 19:34:38,091 [Listener at 127.0.0.1/43789] INFO  handler.ContextHandler (ContextHandler.java:doStart(915)) - Started o.e.j.s.ServletContextHandler@65d675dd{logs,/logs,file:///home/runner/work/ozone/ozone/hadoop-ozone/integration-test/target/log,AVAILABLE}
2021-09-16 19:34:38,091 [Listener at 127.0.0.1/43789] INFO  handler.ContextHandler (ContextHandler.java:doStart(915)) - Started o.e.j.s.ServletContextHandler@1fc165a3{static,/static,jar:file:/home/runner/.m2/repository/org/apache/ozone/hdds-container-service/1.2.0-SNAPSHOT/hdds-container-service-1.2.0-SNAPSHOT.jar!/webapps/static,AVAILABLE}
2021-09-16 19:34:38,183 [om1@group-C5BA1605619E-LeaderElection83] INFO  impl.LeaderElection (LeaderElection.java:askForVotes(306)) - om1@group-C5BA1605619E-LeaderElection83 ELECTION round 0: submit vote requests at term 1 for -1: [om1|rpc:localhost:9872|priority:0], old=null
2021-09-16 19:34:38,183 [om1@group-C5BA1605619E-LeaderElection83] INFO  impl.LeaderElection (LeaderElection.java:askForVotes(308)) - om1@group-C5BA1605619E-LeaderElection83 ELECTION round 0: result PASSED (term=1)
2021-09-16 19:34:38,183 [om1@group-C5BA1605619E-LeaderElection83] INFO  impl.RoleInfo (RoleInfo.java:shutdownLeaderElection(121)) - om1: shutdown om1@group-C5BA1605619E-LeaderElection83
2021-09-16 19:34:38,183 [om1@group-C5BA1605619E-LeaderElection83] INFO  server.RaftServer$Division (RaftServerImpl.java:setRole(285)) - om1@group-C5BA1605619E: changes role from CANDIDATE to LEADER at term 1 for changeToLeader
2021-09-16 19:34:38,183 [om1@group-C5BA1605619E-LeaderElection83] INFO  server.RaftServer$Division (ServerState.java:setLeader(285)) - om1@group-C5BA1605619E: change Leader from null to om1 at term 1 for becomeLeader, leader elected after 1384ms
2021-09-16 19:34:38,183 [om1@group-C5BA1605619E-LeaderElection83] INFO  server.RaftServerConfigKeys (ConfUtils.java:logGet(44)) - raft.server.staging.catchup.gap = 1000 (default)
2021-09-16 19:34:38,183 [om1@group-C5BA1605619E-LeaderElection83] INFO  server.RaftServerConfigKeys (ConfUtils.java:logGet(44)) - raft.server.write.element-limit = 4096 (default)
2021-09-16 19:34:38,183 [om1@group-C5BA1605619E-LeaderElection83] INFO  server.RaftServerConfigKeys (ConfUtils.java:logGet(44)) - raft.server.write.byte-limit = 64MB (=67108864) (default)
2021-09-16 19:34:38,184 [om1@group-C5BA1605619E-LeaderElection83] INFO  server.RaftServerConfigKeys (ConfUtils.java:logGet(44)) - raft.server.watch.timeout = 10s (default)
2021-09-16 19:34:38,184 [om1@group-C5BA1605619E-LeaderElection83] INFO  server.RaftServerConfigKeys (ConfUtils.java:logGet(44)) - raft.server.watch.timeout.denomination = 1s (default)
2021-09-16 19:34:38,184 [om1@group-C5BA1605619E-LeaderElection83] INFO  server.RaftServerConfigKeys (ConfUtils.java:logGet(44)) - raft.server.watch.element-limit = 65536 (default)
2021-09-16 19:34:38,184 [om1@group-C5BA1605619E-LeaderElection83] INFO  impl.RoleInfo (RoleInfo.java:updateAndGet(130)) - om1: start om1@group-C5BA1605619E-LeaderStateImpl
2021-09-16 19:34:38,184 [om1@group-C5BA1605619E-LeaderElection83] INFO  segmented.SegmentedRaftLogWorker (SegmentedRaftLogWorker.java:startLogSegment(394)) - om1@group-C5BA1605619E-SegmentedRaftLogWorker: Starting segment from index:0
2021-09-16 19:34:38,205 [om1@group-C5BA1605619E-SegmentedRaftLogWorker] INFO  segmented.SegmentedRaftLogWorker (SegmentedRaftLogWorker.java:execute(601)) - om1@group-C5BA1605619E-SegmentedRaftLogWorker: created new log segment /home/runner/work/ozone/ozone/hadoop-ozone/integration-test/target/test-dir/MiniOzoneClusterImpl-4c5ee767-53d0-43e8-b9fb-bc60904004ee/ozone-meta/ratis/bf265839-605b-3f16-9796-c5ba1605619e/current/log_inprogress_0
2021-09-16 19:34:38,228 [om1@group-C5BA1605619E-LeaderElection83] INFO  server.RaftServer$Division (ServerState.java:setRaftConf(387)) - om1@group-C5BA1605619E: set configuration 0: [om1|rpc:localhost:9872|admin:|client:|dataStream:|priority:0], old=null
2021-09-16 19:34:38,267 [om1@group-C5BA1605619E-StateMachineUpdater] INFO  ratis.OzoneManagerStateMachine (OzoneManagerStateMachine.java:notifyConfigurationChanged(188)) - Received Configuration change notification from Ratis. New Peer list:
[id: "om1"
address: "localhost:9872"
]
2021-09-16 19:34:38,448 [Listener at 127.0.0.1/43789] INFO  handler.ContextHandler (ContextHandler.java:doStart(915)) - Started o.e.j.w.WebAppContext@5df5e4c7{hddsDatanode,/,file:///tmp/jetty-0_0_0_0-46877-hdds-container-service-1_2_0-SNAPSHOT_jar-_-any-7390579882554578090/webapp/,AVAILABLE}{jar:file:/home/runner/.m2/repository/org/apache/ozone/hdds-container-service/1.2.0-SNAPSHOT/hdds-container-service-1.2.0-SNAPSHOT.jar!/webapps/hddsDatanode}
2021-09-16 19:34:38,522 [Listener at 127.0.0.1/43789] INFO  server.AbstractConnector (AbstractConnector.java:doStart(331)) - Started ServerConnector@2effa903{HTTP/1.1, (http/1.1)}{0.0.0.0:46877}
2021-09-16 19:34:38,522 [Listener at 127.0.0.1/43789] INFO  server.Server (Server.java:doStart(415)) - Started @239023ms
2021-09-16 19:34:38,522 [Listener at 127.0.0.1/43789] WARN  impl.MetricsSystemImpl (MetricsSystemImpl.java:register(279)) - Sink prometheus already exists!
2021-09-16 19:34:38,525 [Listener at 127.0.0.1/43789] INFO  http.BaseHttpServer (BaseHttpServer.java:updateConnectorAddress(329)) - HTTP server of hddsDatanode listening at http://0.0.0.0:46877
2021-09-16 19:34:38,546 [Listener at 127.0.0.1/43789] WARN  impl.MetricRegistriesImpl (MetricRegistriesImpl.java:addReporterRegistration(111)) - New reporters are added after registries were created. Some metrics will be missing from the reporter. Please add reporter before adding any new registry.
2021-09-16 19:34:38,546 [Listener at 127.0.0.1/43789] WARN  impl.MetricRegistriesImpl (MetricRegistriesImpl.java:addReporterRegistration(111)) - New reporters are added after registries were created. Some metrics will be missing from the reporter. Please add reporter before adding any new registry.
2021-09-16 19:34:38,546 [Listener at 127.0.0.1/43789] INFO  impl.MetricsSystemImpl (MetricsSystemImpl.java:init(158)) - HddsDatanode metrics system started (again)
2021-09-16 19:34:38,546 [Datanode State Machine Thread - 0] INFO  statemachine.DatanodeStateMachine (DatanodeStateMachine.java:lambda$startDaemon$0(456)) - Ozone container server started.
2021-09-16 19:34:38,630 [org.apache.hadoop.util.JvmPauseMonitor$Monitor@53c3cc56] INFO  util.JvmPauseMonitor (JvmPauseMonitor.java:run(188)) - Starting JVM pause monitor
2021-09-16 19:34:38,634 [Listener at 127.0.0.1/43789] INFO  ozone.HddsDatanodeService (HddsDatanodeService.java:start(234)) - HddsDatanodeService host:fv-az195-743.u3nnjwd0vyge1bu22idnsdeq2e.cx.internal.cloudapp.net ip:10.1.0.5
2021-09-16 19:34:38,637 [Datanode State Machine Task Thread - 0] INFO  datanode.InitDatanodeState (InitDatanodeState.java:persistContainerDatanodeDetails(145)) - DatanodeDetails is persisted to /home/runner/work/ozone/ozone/hadoop-ozone/integration-test/target/test-dir/MiniOzoneClusterImpl-4c5ee767-53d0-43e8-b9fb-bc60904004ee/datanode-0/meta/datanode.id
2021-09-16 19:34:38,712 [Listener at 127.0.0.1/43789] INFO  upgrade.AbstractLayoutVersionManager (AbstractLayoutVersionManager.java:init(79)) - Initializing Layout version manager with metadata layout = SCM_HA (version = 2), software layout = SCM_HA (version = 2)
2021-09-16 19:34:38,815 [Listener at 127.0.0.1/43789] INFO  reflections.Reflections (Reflections.java:scan(232)) - Reflections took 102 ms to scan 7 urls, producing 119 keys and 275 values 
2021-09-16 19:34:38,817 [Listener at 127.0.0.1/43789] INFO  volume.HddsVolume (HddsVolume.java:<init>(120)) - Creating HddsVolume: /home/runner/work/ozone/ozone/hadoop-ozone/integration-test/target/test-dir/MiniOzoneClusterImpl-4c5ee767-53d0-43e8-b9fb-bc60904004ee/datanode-1/data-0/containers/hdds of storage type : DISK capacity : 9223372036854775807
2021-09-16 19:34:38,817 [Listener at 127.0.0.1/43789] INFO  volume.MutableVolumeSet (MutableVolumeSet.java:initializeVolumeSet(168)) - Added Volume : /home/runner/work/ozone/ozone/hadoop-ozone/integration-test/target/test-dir/MiniOzoneClusterImpl-4c5ee767-53d0-43e8-b9fb-bc60904004ee/datanode-1/data-0/containers/hdds to VolumeSet
2021-09-16 19:34:38,818 [Listener at 127.0.0.1/43789] INFO  volume.ThrottledAsyncChecker (ThrottledAsyncChecker.java:schedule(141)) - Scheduling a check for /home/runner/work/ozone/ozone/hadoop-ozone/integration-test/target/test-dir/MiniOzoneClusterImpl-4c5ee767-53d0-43e8-b9fb-bc60904004ee/datanode-1/data-0/containers/hdds
2021-09-16 19:34:38,818 [Listener at 127.0.0.1/43789] INFO  volume.StorageVolumeChecker (StorageVolumeChecker.java:checkAllVolumes(202)) - Scheduled health check for volume /home/runner/work/ozone/ozone/hadoop-ozone/integration-test/target/test-dir/MiniOzoneClusterImpl-4c5ee767-53d0-43e8-b9fb-bc60904004ee/datanode-1/data-0/containers/hdds
2021-09-16 19:34:38,832 [Listener at 127.0.0.1/43789] INFO  volume.MutableVolumeSet (MutableVolumeSet.java:initializeVolumeSet(168)) - Added Volume : /home/runner/work/ozone/ozone/hadoop-ozone/integration-test/target/test-dir/MiniOzoneClusterImpl-4c5ee767-53d0-43e8-b9fb-bc60904004ee/datanode-1/data/ratis to VolumeSet
2021-09-16 19:34:38,832 [Listener at 127.0.0.1/43789] INFO  volume.ThrottledAsyncChecker (ThrottledAsyncChecker.java:schedule(141)) - Scheduling a check for /home/runner/work/ozone/ozone/hadoop-ozone/integration-test/target/test-dir/MiniOzoneClusterImpl-4c5ee767-53d0-43e8-b9fb-bc60904004ee/datanode-1/data/ratis
2021-09-16 19:34:38,832 [Listener at 127.0.0.1/43789] INFO  volume.StorageVolumeChecker (StorageVolumeChecker.java:checkAllVolumes(202)) - Scheduled health check for volume /home/runner/work/ozone/ozone/hadoop-ozone/integration-test/target/test-dir/MiniOzoneClusterImpl-4c5ee767-53d0-43e8-b9fb-bc60904004ee/datanode-1/data/ratis
2021-09-16 19:34:38,845 [Thread-1709] INFO  ozoneimpl.ContainerReader (ContainerReader.java:readVolume(172)) - Finish verifying containers on volume /home/runner/work/ozone/ozone/hadoop-ozone/integration-test/target/test-dir/MiniOzoneClusterImpl-4c5ee767-53d0-43e8-b9fb-bc60904004ee/datanode-1/data-0/containers/hdds
2021-09-16 19:34:38,845 [Listener at 127.0.0.1/43789] INFO  ozoneimpl.OzoneContainer (OzoneContainer.java:buildContainerSet(236)) - Build ContainerSet costs 0s
2021-09-16 19:34:38,847 [Listener at 127.0.0.1/43789] INFO  server.RaftServer (ConfUtils.java:logGet(44)) - raft.rpc.type = GRPC (default)
2021-09-16 19:34:38,847 [Listener at 127.0.0.1/43789] INFO  grpc.GrpcFactory (GrpcFactory.java:checkPooledByteBufAllocatorUseCacheForAllThreads(48)) - PERFORMANCE WARNING: useCacheForAllThreads is true that may cause Netty to create a lot garbage objects and, as a result, trigger GC.
	It is recommended to disable useCacheForAllThreads by setting -Dorg.apache.ratis.thirdparty.io.netty.allocator.useCacheForAllThreads=false in command line.
2021-09-16 19:34:38,847 [Listener at 127.0.0.1/43789] INFO  grpc.GrpcConfigKeys (ConfUtils.java:logGet(44)) - raft.grpc.admin.port = 0 (custom)
2021-09-16 19:34:38,847 [Listener at 127.0.0.1/43789] INFO  grpc.GrpcConfigKeys (ConfUtils.java:logGet(44)) - raft.grpc.client.port = 0 (custom)
2021-09-16 19:34:38,847 [Listener at 127.0.0.1/43789] INFO  grpc.GrpcConfigKeys (ConfUtils.java:logGet(44)) - raft.grpc.server.port = 0 (default)
2021-09-16 19:34:38,847 [Listener at 127.0.0.1/43789] INFO  server.GrpcService (ConfUtils.java:logGet(44)) - raft.grpc.message.size.max = 32MB (=33554432) (custom)
2021-09-16 19:34:38,848 [Listener at 127.0.0.1/43789] INFO  server.RaftServerConfigKeys (ConfUtils.java:logGet(44)) - raft.server.log.appender.buffer.byte-limit = 33554432 (custom)
2021-09-16 19:34:38,848 [Listener at 127.0.0.1/43789] INFO  server.GrpcService (ConfUtils.java:logGet(44)) - raft.grpc.flow.control.window = 5MB (=5242880) (custom)
2021-09-16 19:34:38,848 [Listener at 127.0.0.1/43789] INFO  server.RaftServerConfigKeys (ConfUtils.java:logGet(44)) - raft.server.rpc.request.timeout = 3000ms (default)
2021-09-16 19:34:38,849 [Listener at 127.0.0.1/43789] INFO  impl.DataStreamServerImpl (ConfUtils.java:logGet(44)) - raft.datastream.type = DISABLED (default)
2021-09-16 19:34:38,849 [Listener at 127.0.0.1/43789] INFO  server.RaftServerConfigKeys (ConfUtils.java:logGet(44)) - raft.server.rpc.slowness.timeout = 300000ms (custom)
2021-09-16 19:34:38,849 [Listener at 127.0.0.1/43789] INFO  server.RaftServerConfigKeys (ConfUtils.java:logGet(44)) - raft.server.leaderelection.leader.step-down.wait-time = 10s (default)
2021-09-16 19:34:38,849 [Listener at 127.0.0.1/43789] INFO  server.RaftServerConfigKeys (ConfUtils.java:logGet(44)) - raft.server.storage.dir = [/home/runner/work/ozone/ozone/hadoop-ozone/integration-test/target/test-dir/MiniOzoneClusterImpl-4c5ee767-53d0-43e8-b9fb-bc60904004ee/datanode-1/data/ratis] (custom)
2021-09-16 19:34:38,852 [Listener at 127.0.0.1/43789] INFO  http.BaseHttpServer (BaseHttpServer.java:newHttpServer2BuilderForOzone(209)) - Starting Web-server for hddsDatanode at: http://0.0.0.0:0
2021-09-16 19:34:38,852 [Listener at 127.0.0.1/43789] INFO  http.BaseHttpServer (BaseHttpServer.java:<init>(107)) - Hadoop Security Enabled: false Ozone Security Enabled: false Ozone HTTP Security Enabled: false 
2021-09-16 19:34:38,853 [Listener at 127.0.0.1/43789] INFO  server.AuthenticationFilter (AuthenticationFilter.java:constructSecretProvider(240)) - Unable to initialize FileSignerSecretProvider, falling back to use random secrets.
2021-09-16 19:34:38,853 [Listener at 127.0.0.1/43789] WARN  http.HttpRequestLog (HttpRequestLog.java:getRequestLog(103)) - Jetty request log can only be enabled using Log4j
2021-09-16 19:34:38,854 [Listener at 127.0.0.1/43789] INFO  http.HttpServer2 (HttpServer2.java:addGlobalFilter(1030)) - Added global filter 'safety' (class=org.apache.hadoop.hdds.server.http.HttpServer2$QuotingInputFilter)
2021-09-16 19:34:38,854 [Listener at 127.0.0.1/43789] INFO  http.HttpServer2 (HttpServer2.java:addFilter(1006)) - Added filter static_user_filter (class=org.apache.hadoop.http.lib.StaticUserWebFilter$StaticUserFilter) to context hddsDatanode
2021-09-16 19:34:38,854 [Listener at 127.0.0.1/43789] INFO  http.HttpServer2 (HttpServer2.java:addFilter(1014)) - Added filter static_user_filter (class=org.apache.hadoop.http.lib.StaticUserWebFilter$StaticUserFilter) to context static
2021-09-16 19:34:38,854 [Listener at 127.0.0.1/43789] INFO  http.HttpServer2 (HttpServer2.java:addFilter(1014)) - Added filter static_user_filter (class=org.apache.hadoop.http.lib.StaticUserWebFilter$StaticUserFilter) to context logs
2021-09-16 19:34:38,855 [Listener at 127.0.0.1/43789] INFO  http.HttpServer2 (HttpServer2.java:bindListener(1249)) - Jetty bound to port 37287
2021-09-16 19:34:38,855 [Listener at 127.0.0.1/43789] INFO  server.Server (Server.java:doStart(375)) - jetty-9.4.43.v20210629; built: 2021-06-30T11:07:22.254Z; git: 526006ecfa3af7f1a27ef3a288e2bef7ea9dd7e8; jvm 1.8.0_292-b10
2021-09-16 19:34:38,857 [Listener at 127.0.0.1/43789] INFO  server.session (DefaultSessionIdManager.java:doStart(334)) - DefaultSessionIdManager workerName=node0
2021-09-16 19:34:38,858 [Listener at 127.0.0.1/43789] INFO  server.session (DefaultSessionIdManager.java:doStart(339)) - No SessionScavenger set, using defaults
2021-09-16 19:34:38,858 [Listener at 127.0.0.1/43789] INFO  server.session (HouseKeeper.java:startScavenging(132)) - node0 Scavenging every 660000ms
2021-09-16 19:34:38,858 [Listener at 127.0.0.1/43789] INFO  handler.ContextHandler (ContextHandler.java:doStart(915)) - Started o.e.j.s.ServletContextHandler@6e5e6f49{logs,/logs,file:///home/runner/work/ozone/ozone/hadoop-ozone/integration-test/target/log,AVAILABLE}
2021-09-16 19:34:38,859 [Listener at 127.0.0.1/43789] INFO  handler.ContextHandler (ContextHandler.java:doStart(915)) - Started o.e.j.s.ServletContextHandler@6613043{static,/static,jar:file:/home/runner/.m2/repository/org/apache/ozone/hdds-container-service/1.2.0-SNAPSHOT/hdds-container-service-1.2.0-SNAPSHOT.jar!/webapps/static,AVAILABLE}
2021-09-16 19:34:38,942 [Listener at 127.0.0.1/43789] INFO  handler.ContextHandler (ContextHandler.java:doStart(915)) - Started o.e.j.w.WebAppContext@867fd56{hddsDatanode,/,file:///tmp/jetty-0_0_0_0-37287-hdds-container-service-1_2_0-SNAPSHOT_jar-_-any-3269647372286373451/webapp/,AVAILABLE}{jar:file:/home/runner/.m2/repository/org/apache/ozone/hdds-container-service/1.2.0-SNAPSHOT/hdds-container-service-1.2.0-SNAPSHOT.jar!/webapps/hddsDatanode}
2021-09-16 19:34:38,956 [Listener at 127.0.0.1/43789] INFO  server.AbstractConnector (AbstractConnector.java:doStart(331)) - Started ServerConnector@7709a275{HTTP/1.1, (http/1.1)}{0.0.0.0:37287}
2021-09-16 19:34:38,956 [Listener at 127.0.0.1/43789] INFO  server.Server (Server.java:doStart(415)) - Started @239457ms
2021-09-16 19:34:38,956 [Listener at 127.0.0.1/43789] WARN  impl.MetricsSystemImpl (MetricsSystemImpl.java:register(279)) - Sink prometheus already exists!
2021-09-16 19:34:38,957 [Listener at 127.0.0.1/43789] INFO  http.BaseHttpServer (BaseHttpServer.java:updateConnectorAddress(329)) - HTTP server of hddsDatanode listening at http://0.0.0.0:37287
2021-09-16 19:34:38,961 [Listener at 127.0.0.1/43789] WARN  impl.MetricRegistriesImpl (MetricRegistriesImpl.java:addReporterRegistration(111)) - New reporters are added after registries were created. Some metrics will be missing from the reporter. Please add reporter before adding any new registry.
2021-09-16 19:34:38,961 [Listener at 127.0.0.1/43789] WARN  impl.MetricRegistriesImpl (MetricRegistriesImpl.java:addReporterRegistration(111)) - New reporters are added after registries were created. Some metrics will be missing from the reporter. Please add reporter before adding any new registry.
2021-09-16 19:34:38,961 [Listener at 127.0.0.1/43789] INFO  impl.MetricsSystemImpl (MetricsSystemImpl.java:init(158)) - HddsDatanode metrics system started (again)
2021-09-16 19:34:38,961 [Datanode State Machine Thread - 0] INFO  statemachine.DatanodeStateMachine (DatanodeStateMachine.java:lambda$startDaemon$0(456)) - Ozone container server started.
2021-09-16 19:34:38,986 [org.apache.hadoop.util.JvmPauseMonitor$Monitor@435aeb7e] INFO  util.JvmPauseMonitor (JvmPauseMonitor.java:run(188)) - Starting JVM pause monitor
2021-09-16 19:34:38,995 [Datanode State Machine Task Thread - 0] INFO  datanode.InitDatanodeState (InitDatanodeState.java:persistContainerDatanodeDetails(145)) - DatanodeDetails is persisted to /home/runner/work/ozone/ozone/hadoop-ozone/integration-test/target/test-dir/MiniOzoneClusterImpl-4c5ee767-53d0-43e8-b9fb-bc60904004ee/datanode-1/meta/datanode.id
2021-09-16 19:34:39,052 [Listener at 127.0.0.1/43789] INFO  ozone.HddsDatanodeService (HddsDatanodeService.java:start(234)) - HddsDatanodeService host:fv-az195-743.u3nnjwd0vyge1bu22idnsdeq2e.cx.internal.cloudapp.net ip:10.1.0.5
2021-09-16 19:34:39,121 [Listener at 127.0.0.1/43789] INFO  upgrade.AbstractLayoutVersionManager (AbstractLayoutVersionManager.java:init(79)) - Initializing Layout version manager with metadata layout = SCM_HA (version = 2), software layout = SCM_HA (version = 2)
2021-09-16 19:34:39,297 [Listener at 127.0.0.1/43789] INFO  reflections.Reflections (Reflections.java:scan(232)) - Reflections took 175 ms to scan 7 urls, producing 119 keys and 275 values 
2021-09-16 19:34:39,310 [Listener at 127.0.0.1/43789] INFO  volume.HddsVolume (HddsVolume.java:<init>(120)) - Creating HddsVolume: /home/runner/work/ozone/ozone/hadoop-ozone/integration-test/target/test-dir/MiniOzoneClusterImpl-4c5ee767-53d0-43e8-b9fb-bc60904004ee/datanode-2/data-0/containers/hdds of storage type : DISK capacity : 9223372036854775807
2021-09-16 19:34:39,311 [Listener at 127.0.0.1/43789] INFO  volume.MutableVolumeSet (MutableVolumeSet.java:initializeVolumeSet(168)) - Added Volume : /home/runner/work/ozone/ozone/hadoop-ozone/integration-test/target/test-dir/MiniOzoneClusterImpl-4c5ee767-53d0-43e8-b9fb-bc60904004ee/datanode-2/data-0/containers/hdds to VolumeSet
2021-09-16 19:34:39,311 [Listener at 127.0.0.1/43789] INFO  volume.ThrottledAsyncChecker (ThrottledAsyncChecker.java:schedule(141)) - Scheduling a check for /home/runner/work/ozone/ozone/hadoop-ozone/integration-test/target/test-dir/MiniOzoneClusterImpl-4c5ee767-53d0-43e8-b9fb-bc60904004ee/datanode-2/data-0/containers/hdds
2021-09-16 19:34:39,314 [Listener at 127.0.0.1/43789] INFO  volume.StorageVolumeChecker (StorageVolumeChecker.java:checkAllVolumes(202)) - Scheduled health check for volume /home/runner/work/ozone/ozone/hadoop-ozone/integration-test/target/test-dir/MiniOzoneClusterImpl-4c5ee767-53d0-43e8-b9fb-bc60904004ee/datanode-2/data-0/containers/hdds
2021-09-16 19:34:39,342 [Listener at 127.0.0.1/43789] INFO  volume.MutableVolumeSet (MutableVolumeSet.java:initializeVolumeSet(168)) - Added Volume : /home/runner/work/ozone/ozone/hadoop-ozone/integration-test/target/test-dir/MiniOzoneClusterImpl-4c5ee767-53d0-43e8-b9fb-bc60904004ee/datanode-2/data/ratis to VolumeSet
2021-09-16 19:34:39,358 [Listener at 127.0.0.1/43789] INFO  volume.ThrottledAsyncChecker (ThrottledAsyncChecker.java:schedule(141)) - Scheduling a check for /home/runner/work/ozone/ozone/hadoop-ozone/integration-test/target/test-dir/MiniOzoneClusterImpl-4c5ee767-53d0-43e8-b9fb-bc60904004ee/datanode-2/data/ratis
2021-09-16 19:34:39,358 [Listener at 127.0.0.1/43789] INFO  volume.StorageVolumeChecker (StorageVolumeChecker.java:checkAllVolumes(202)) - Scheduled health check for volume /home/runner/work/ozone/ozone/hadoop-ozone/integration-test/target/test-dir/MiniOzoneClusterImpl-4c5ee767-53d0-43e8-b9fb-bc60904004ee/datanode-2/data/ratis
2021-09-16 19:34:39,452 [Thread-1721] INFO  ozoneimpl.ContainerReader (ContainerReader.java:readVolume(172)) - Finish verifying containers on volume /home/runner/work/ozone/ozone/hadoop-ozone/integration-test/target/test-dir/MiniOzoneClusterImpl-4c5ee767-53d0-43e8-b9fb-bc60904004ee/datanode-2/data-0/containers/hdds
2021-09-16 19:34:39,452 [Listener at 127.0.0.1/43789] INFO  ozoneimpl.OzoneContainer (OzoneContainer.java:buildContainerSet(236)) - Build ContainerSet costs 0s
2021-09-16 19:34:39,458 [Listener at 127.0.0.1/43789] INFO  server.RaftServer (ConfUtils.java:logGet(44)) - raft.rpc.type = GRPC (default)
2021-09-16 19:34:39,458 [Listener at 127.0.0.1/43789] INFO  grpc.GrpcFactory (GrpcFactory.java:checkPooledByteBufAllocatorUseCacheForAllThreads(48)) - PERFORMANCE WARNING: useCacheForAllThreads is true that may cause Netty to create a lot garbage objects and, as a result, trigger GC.
	It is recommended to disable useCacheForAllThreads by setting -Dorg.apache.ratis.thirdparty.io.netty.allocator.useCacheForAllThreads=false in command line.
2021-09-16 19:34:39,458 [Listener at 127.0.0.1/43789] INFO  grpc.GrpcConfigKeys (ConfUtils.java:logGet(44)) - raft.grpc.admin.port = 0 (custom)
2021-09-16 19:34:39,475 [Listener at 127.0.0.1/43789] INFO  grpc.GrpcConfigKeys (ConfUtils.java:logGet(44)) - raft.grpc.client.port = 0 (custom)
2021-09-16 19:34:39,475 [Listener at 127.0.0.1/43789] INFO  grpc.GrpcConfigKeys (ConfUtils.java:logGet(44)) - raft.grpc.server.port = 0 (default)
2021-09-16 19:34:39,475 [Listener at 127.0.0.1/43789] INFO  server.GrpcService (ConfUtils.java:logGet(44)) - raft.grpc.message.size.max = 32MB (=33554432) (custom)
2021-09-16 19:34:39,475 [Listener at 127.0.0.1/43789] INFO  server.RaftServerConfigKeys (ConfUtils.java:logGet(44)) - raft.server.log.appender.buffer.byte-limit = 33554432 (custom)
2021-09-16 19:34:39,476 [Listener at 127.0.0.1/43789] INFO  server.GrpcService (ConfUtils.java:logGet(44)) - raft.grpc.flow.control.window = 5MB (=5242880) (custom)
2021-09-16 19:34:39,476 [Listener at 127.0.0.1/43789] INFO  server.RaftServerConfigKeys (ConfUtils.java:logGet(44)) - raft.server.rpc.request.timeout = 3000ms (default)
2021-09-16 19:34:39,477 [Listener at 127.0.0.1/43789] INFO  impl.DataStreamServerImpl (ConfUtils.java:logGet(44)) - raft.datastream.type = DISABLED (default)
2021-09-16 19:34:39,477 [Listener at 127.0.0.1/43789] INFO  server.RaftServerConfigKeys (ConfUtils.java:logGet(44)) - raft.server.rpc.slowness.timeout = 300000ms (custom)
2021-09-16 19:34:39,477 [Listener at 127.0.0.1/43789] INFO  server.RaftServerConfigKeys (ConfUtils.java:logGet(44)) - raft.server.leaderelection.leader.step-down.wait-time = 10s (default)
2021-09-16 19:34:39,478 [Listener at 127.0.0.1/43789] INFO  server.RaftServerConfigKeys (ConfUtils.java:logGet(44)) - raft.server.storage.dir = [/home/runner/work/ozone/ozone/hadoop-ozone/integration-test/target/test-dir/MiniOzoneClusterImpl-4c5ee767-53d0-43e8-b9fb-bc60904004ee/datanode-2/data/ratis] (custom)
2021-09-16 19:34:39,494 [Listener at 127.0.0.1/43789] INFO  http.BaseHttpServer (BaseHttpServer.java:newHttpServer2BuilderForOzone(209)) - Starting Web-server for hddsDatanode at: http://0.0.0.0:0
2021-09-16 19:34:39,494 [Listener at 127.0.0.1/43789] INFO  http.BaseHttpServer (BaseHttpServer.java:<init>(107)) - Hadoop Security Enabled: false Ozone Security Enabled: false Ozone HTTP Security Enabled: false 
2021-09-16 19:34:39,495 [Listener at 127.0.0.1/43789] INFO  server.AuthenticationFilter (AuthenticationFilter.java:constructSecretProvider(240)) - Unable to initialize FileSignerSecretProvider, falling back to use random secrets.
2021-09-16 19:34:39,522 [Listener at 127.0.0.1/43789] WARN  http.HttpRequestLog (HttpRequestLog.java:getRequestLog(103)) - Jetty request log can only be enabled using Log4j
2021-09-16 19:34:39,523 [Listener at 127.0.0.1/43789] INFO  http.HttpServer2 (HttpServer2.java:addGlobalFilter(1030)) - Added global filter 'safety' (class=org.apache.hadoop.hdds.server.http.HttpServer2$QuotingInputFilter)
2021-09-16 19:34:39,524 [Listener at 127.0.0.1/43789] INFO  http.HttpServer2 (HttpServer2.java:addFilter(1006)) - Added filter static_user_filter (class=org.apache.hadoop.http.lib.StaticUserWebFilter$StaticUserFilter) to context hddsDatanode
2021-09-16 19:34:39,524 [Listener at 127.0.0.1/43789] INFO  http.HttpServer2 (HttpServer2.java:addFilter(1014)) - Added filter static_user_filter (class=org.apache.hadoop.http.lib.StaticUserWebFilter$StaticUserFilter) to context static
2021-09-16 19:34:39,524 [Listener at 127.0.0.1/43789] INFO  http.HttpServer2 (HttpServer2.java:addFilter(1014)) - Added filter static_user_filter (class=org.apache.hadoop.http.lib.StaticUserWebFilter$StaticUserFilter) to context logs
2021-09-16 19:34:39,524 [Listener at 127.0.0.1/43789] INFO  http.HttpServer2 (HttpServer2.java:bindListener(1249)) - Jetty bound to port 45765
2021-09-16 19:34:39,524 [Listener at 127.0.0.1/43789] INFO  server.Server (Server.java:doStart(375)) - jetty-9.4.43.v20210629; built: 2021-06-30T11:07:22.254Z; git: 526006ecfa3af7f1a27ef3a288e2bef7ea9dd7e8; jvm 1.8.0_292-b10
2021-09-16 19:34:39,622 [Listener at 127.0.0.1/43789] INFO  server.session (DefaultSessionIdManager.java:doStart(334)) - DefaultSessionIdManager workerName=node0
2021-09-16 19:34:39,622 [Listener at 127.0.0.1/43789] INFO  server.session (DefaultSessionIdManager.java:doStart(339)) - No SessionScavenger set, using defaults
2021-09-16 19:34:39,622 [Listener at 127.0.0.1/43789] INFO  server.session (HouseKeeper.java:startScavenging(132)) - node0 Scavenging every 660000ms
2021-09-16 19:34:39,623 [Listener at 127.0.0.1/43789] INFO  handler.ContextHandler (ContextHandler.java:doStart(915)) - Started o.e.j.s.ServletContextHandler@18f51450{logs,/logs,file:///home/runner/work/ozone/ozone/hadoop-ozone/integration-test/target/log,AVAILABLE}
2021-09-16 19:34:39,623 [Listener at 127.0.0.1/43789] INFO  handler.ContextHandler (ContextHandler.java:doStart(915)) - Started o.e.j.s.ServletContextHandler@7d399d58{static,/static,jar:file:/home/runner/.m2/repository/org/apache/ozone/hdds-container-service/1.2.0-SNAPSHOT/hdds-container-service-1.2.0-SNAPSHOT.jar!/webapps/static,AVAILABLE}
2021-09-16 19:34:39,836 [Listener at 127.0.0.1/43789] INFO  handler.ContextHandler (ContextHandler.java:doStart(915)) - Started o.e.j.w.WebAppContext@152a8948{hddsDatanode,/,file:///tmp/jetty-0_0_0_0-45765-hdds-container-service-1_2_0-SNAPSHOT_jar-_-any-1967645978844660656/webapp/,AVAILABLE}{jar:file:/home/runner/.m2/repository/org/apache/ozone/hdds-container-service/1.2.0-SNAPSHOT/hdds-container-service-1.2.0-SNAPSHOT.jar!/webapps/hddsDatanode}
2021-09-16 19:34:39,865 [Listener at 127.0.0.1/43789] INFO  server.AbstractConnector (AbstractConnector.java:doStart(331)) - Started ServerConnector@2013ec5b{HTTP/1.1, (http/1.1)}{0.0.0.0:45765}
2021-09-16 19:34:39,865 [Listener at 127.0.0.1/43789] INFO  server.Server (Server.java:doStart(415)) - Started @240366ms
2021-09-16 19:34:39,866 [Listener at 127.0.0.1/43789] WARN  impl.MetricsSystemImpl (MetricsSystemImpl.java:register(279)) - Sink prometheus already exists!
2021-09-16 19:34:39,866 [Listener at 127.0.0.1/43789] INFO  http.BaseHttpServer (BaseHttpServer.java:updateConnectorAddress(329)) - HTTP server of hddsDatanode listening at http://0.0.0.0:45765
2021-09-16 19:34:39,889 [Listener at 127.0.0.1/43789] WARN  impl.MetricRegistriesImpl (MetricRegistriesImpl.java:addReporterRegistration(111)) - New reporters are added after registries were created. Some metrics will be missing from the reporter. Please add reporter before adding any new registry.
2021-09-16 19:34:39,889 [Listener at 127.0.0.1/43789] WARN  impl.MetricRegistriesImpl (MetricRegistriesImpl.java:addReporterRegistration(111)) - New reporters are added after registries were created. Some metrics will be missing from the reporter. Please add reporter before adding any new registry.
2021-09-16 19:34:39,890 [Listener at 127.0.0.1/43789] INFO  impl.MetricsSystemImpl (MetricsSystemImpl.java:init(158)) - HddsDatanode metrics system started (again)
2021-09-16 19:34:39,930 [Datanode State Machine Thread - 0] INFO  statemachine.DatanodeStateMachine (DatanodeStateMachine.java:lambda$startDaemon$0(456)) - Ozone container server started.
2021-09-16 19:34:40,026 [org.apache.hadoop.util.JvmPauseMonitor$Monitor@424c73db] INFO  util.JvmPauseMonitor (JvmPauseMonitor.java:run(188)) - Starting JVM pause monitor
2021-09-16 19:34:40,050 [Datanode State Machine Task Thread - 0] INFO  datanode.InitDatanodeState (InitDatanodeState.java:persistContainerDatanodeDetails(145)) - DatanodeDetails is persisted to /home/runner/work/ozone/ozone/hadoop-ozone/integration-test/target/test-dir/MiniOzoneClusterImpl-4c5ee767-53d0-43e8-b9fb-bc60904004ee/datanode-2/meta/datanode.id
2021-09-16 19:34:40,116 [Listener at 127.0.0.1/43789] INFO  ozone.HddsDatanodeService (HddsDatanodeService.java:start(234)) - HddsDatanodeService host:fv-az195-743.u3nnjwd0vyge1bu22idnsdeq2e.cx.internal.cloudapp.net ip:10.1.0.5
2021-09-16 19:34:40,216 [Listener at 127.0.0.1/43789] INFO  upgrade.AbstractLayoutVersionManager (AbstractLayoutVersionManager.java:init(79)) - Initializing Layout version manager with metadata layout = SCM_HA (version = 2), software layout = SCM_HA (version = 2)
2021-09-16 19:34:40,347 [Listener at 127.0.0.1/43789] INFO  reflections.Reflections (Reflections.java:scan(232)) - Reflections took 130 ms to scan 7 urls, producing 119 keys and 275 values 
2021-09-16 19:34:40,362 [Listener at 127.0.0.1/43789] INFO  volume.HddsVolume (HddsVolume.java:<init>(120)) - Creating HddsVolume: /home/runner/work/ozone/ozone/hadoop-ozone/integration-test/target/test-dir/MiniOzoneClusterImpl-4c5ee767-53d0-43e8-b9fb-bc60904004ee/datanode-3/data-0/containers/hdds of storage type : DISK capacity : 9223372036854775807
2021-09-16 19:34:40,362 [Listener at 127.0.0.1/43789] INFO  volume.MutableVolumeSet (MutableVolumeSet.java:initializeVolumeSet(168)) - Added Volume : /home/runner/work/ozone/ozone/hadoop-ozone/integration-test/target/test-dir/MiniOzoneClusterImpl-4c5ee767-53d0-43e8-b9fb-bc60904004ee/datanode-3/data-0/containers/hdds to VolumeSet
2021-09-16 19:34:40,363 [Listener at 127.0.0.1/43789] INFO  volume.ThrottledAsyncChecker (ThrottledAsyncChecker.java:schedule(141)) - Scheduling a check for /home/runner/work/ozone/ozone/hadoop-ozone/integration-test/target/test-dir/MiniOzoneClusterImpl-4c5ee767-53d0-43e8-b9fb-bc60904004ee/datanode-3/data-0/containers/hdds
2021-09-16 19:34:40,392 [Listener at 127.0.0.1/43789] INFO  volume.StorageVolumeChecker (StorageVolumeChecker.java:checkAllVolumes(202)) - Scheduled health check for volume /home/runner/work/ozone/ozone/hadoop-ozone/integration-test/target/test-dir/MiniOzoneClusterImpl-4c5ee767-53d0-43e8-b9fb-bc60904004ee/datanode-3/data-0/containers/hdds
2021-09-16 19:34:40,413 [Listener at 127.0.0.1/43789] INFO  volume.MutableVolumeSet (MutableVolumeSet.java:initializeVolumeSet(168)) - Added Volume : /home/runner/work/ozone/ozone/hadoop-ozone/integration-test/target/test-dir/MiniOzoneClusterImpl-4c5ee767-53d0-43e8-b9fb-bc60904004ee/datanode-3/data/ratis to VolumeSet
2021-09-16 19:34:40,413 [Listener at 127.0.0.1/43789] INFO  volume.ThrottledAsyncChecker (ThrottledAsyncChecker.java:schedule(141)) - Scheduling a check for /home/runner/work/ozone/ozone/hadoop-ozone/integration-test/target/test-dir/MiniOzoneClusterImpl-4c5ee767-53d0-43e8-b9fb-bc60904004ee/datanode-3/data/ratis
2021-09-16 19:34:40,414 [Listener at 127.0.0.1/43789] INFO  volume.StorageVolumeChecker (StorageVolumeChecker.java:checkAllVolumes(202)) - Scheduled health check for volume /home/runner/work/ozone/ozone/hadoop-ozone/integration-test/target/test-dir/MiniOzoneClusterImpl-4c5ee767-53d0-43e8-b9fb-bc60904004ee/datanode-3/data/ratis
2021-09-16 19:34:40,467 [Thread-1733] INFO  ozoneimpl.ContainerReader (ContainerReader.java:readVolume(172)) - Finish verifying containers on volume /home/runner/work/ozone/ozone/hadoop-ozone/integration-test/target/test-dir/MiniOzoneClusterImpl-4c5ee767-53d0-43e8-b9fb-bc60904004ee/datanode-3/data-0/containers/hdds
2021-09-16 19:34:40,467 [Listener at 127.0.0.1/43789] INFO  ozoneimpl.OzoneContainer (OzoneContainer.java:buildContainerSet(236)) - Build ContainerSet costs 0s
2021-09-16 19:34:40,468 [Listener at 127.0.0.1/43789] INFO  server.RaftServer (ConfUtils.java:logGet(44)) - raft.rpc.type = GRPC (default)
2021-09-16 19:34:40,469 [Listener at 127.0.0.1/43789] INFO  grpc.GrpcFactory (GrpcFactory.java:checkPooledByteBufAllocatorUseCacheForAllThreads(48)) - PERFORMANCE WARNING: useCacheForAllThreads is true that may cause Netty to create a lot garbage objects and, as a result, trigger GC.
	It is recommended to disable useCacheForAllThreads by setting -Dorg.apache.ratis.thirdparty.io.netty.allocator.useCacheForAllThreads=false in command line.
2021-09-16 19:34:40,469 [Listener at 127.0.0.1/43789] INFO  grpc.GrpcConfigKeys (ConfUtils.java:logGet(44)) - raft.grpc.admin.port = 0 (custom)
2021-09-16 19:34:40,469 [Listener at 127.0.0.1/43789] INFO  grpc.GrpcConfigKeys (ConfUtils.java:logGet(44)) - raft.grpc.client.port = 0 (custom)
2021-09-16 19:34:40,469 [Listener at 127.0.0.1/43789] INFO  grpc.GrpcConfigKeys (ConfUtils.java:logGet(44)) - raft.grpc.server.port = 0 (default)
2021-09-16 19:34:40,469 [Listener at 127.0.0.1/43789] INFO  server.GrpcService (ConfUtils.java:logGet(44)) - raft.grpc.message.size.max = 32MB (=33554432) (custom)
2021-09-16 19:34:40,469 [Listener at 127.0.0.1/43789] INFO  server.RaftServerConfigKeys (ConfUtils.java:logGet(44)) - raft.server.log.appender.buffer.byte-limit = 33554432 (custom)
2021-09-16 19:34:40,469 [Listener at 127.0.0.1/43789] INFO  server.GrpcService (ConfUtils.java:logGet(44)) - raft.grpc.flow.control.window = 5MB (=5242880) (custom)
2021-09-16 19:34:40,469 [Listener at 127.0.0.1/43789] INFO  server.RaftServerConfigKeys (ConfUtils.java:logGet(44)) - raft.server.rpc.request.timeout = 3000ms (default)
2021-09-16 19:34:40,470 [Listener at 127.0.0.1/43789] INFO  impl.DataStreamServerImpl (ConfUtils.java:logGet(44)) - raft.datastream.type = DISABLED (default)
2021-09-16 19:34:40,471 [Listener at 127.0.0.1/43789] INFO  server.RaftServerConfigKeys (ConfUtils.java:logGet(44)) - raft.server.rpc.slowness.timeout = 300000ms (custom)
2021-09-16 19:34:40,471 [Listener at 127.0.0.1/43789] INFO  server.RaftServerConfigKeys (ConfUtils.java:logGet(44)) - raft.server.leaderelection.leader.step-down.wait-time = 10s (default)
2021-09-16 19:34:40,471 [Listener at 127.0.0.1/43789] INFO  server.RaftServerConfigKeys (ConfUtils.java:logGet(44)) - raft.server.storage.dir = [/home/runner/work/ozone/ozone/hadoop-ozone/integration-test/target/test-dir/MiniOzoneClusterImpl-4c5ee767-53d0-43e8-b9fb-bc60904004ee/datanode-3/data/ratis] (custom)
2021-09-16 19:34:40,474 [Listener at 127.0.0.1/43789] INFO  http.BaseHttpServer (BaseHttpServer.java:newHttpServer2BuilderForOzone(209)) - Starting Web-server for hddsDatanode at: http://0.0.0.0:0
2021-09-16 19:34:40,474 [Listener at 127.0.0.1/43789] INFO  http.BaseHttpServer (BaseHttpServer.java:<init>(107)) - Hadoop Security Enabled: false Ozone Security Enabled: false Ozone HTTP Security Enabled: false 
2021-09-16 19:34:40,475 [Listener at 127.0.0.1/43789] INFO  server.AuthenticationFilter (AuthenticationFilter.java:constructSecretProvider(240)) - Unable to initialize FileSignerSecretProvider, falling back to use random secrets.
2021-09-16 19:34:40,475 [Listener at 127.0.0.1/43789] WARN  http.HttpRequestLog (HttpRequestLog.java:getRequestLog(103)) - Jetty request log can only be enabled using Log4j
2021-09-16 19:34:40,476 [Listener at 127.0.0.1/43789] INFO  http.HttpServer2 (HttpServer2.java:addGlobalFilter(1030)) - Added global filter 'safety' (class=org.apache.hadoop.hdds.server.http.HttpServer2$QuotingInputFilter)
2021-09-16 19:34:40,476 [Listener at 127.0.0.1/43789] INFO  http.HttpServer2 (HttpServer2.java:addFilter(1006)) - Added filter static_user_filter (class=org.apache.hadoop.http.lib.StaticUserWebFilter$StaticUserFilter) to context hddsDatanode
2021-09-16 19:34:40,476 [Listener at 127.0.0.1/43789] INFO  http.HttpServer2 (HttpServer2.java:addFilter(1014)) - Added filter static_user_filter (class=org.apache.hadoop.http.lib.StaticUserWebFilter$StaticUserFilter) to context static
2021-09-16 19:34:40,476 [Listener at 127.0.0.1/43789] INFO  http.HttpServer2 (HttpServer2.java:addFilter(1014)) - Added filter static_user_filter (class=org.apache.hadoop.http.lib.StaticUserWebFilter$StaticUserFilter) to context logs
2021-09-16 19:34:40,477 [Listener at 127.0.0.1/43789] INFO  http.HttpServer2 (HttpServer2.java:bindListener(1249)) - Jetty bound to port 38933
2021-09-16 19:34:40,477 [Listener at 127.0.0.1/43789] INFO  server.Server (Server.java:doStart(375)) - jetty-9.4.43.v20210629; built: 2021-06-30T11:07:22.254Z; git: 526006ecfa3af7f1a27ef3a288e2bef7ea9dd7e8; jvm 1.8.0_292-b10
2021-09-16 19:34:40,478 [Listener at 127.0.0.1/43789] INFO  server.session (DefaultSessionIdManager.java:doStart(334)) - DefaultSessionIdManager workerName=node0
2021-09-16 19:34:40,478 [Listener at 127.0.0.1/43789] INFO  server.session (DefaultSessionIdManager.java:doStart(339)) - No SessionScavenger set, using defaults
2021-09-16 19:34:40,478 [Listener at 127.0.0.1/43789] INFO  server.session (HouseKeeper.java:startScavenging(132)) - node0 Scavenging every 660000ms
2021-09-16 19:34:40,479 [Listener at 127.0.0.1/43789] INFO  handler.ContextHandler (ContextHandler.java:doStart(915)) - Started o.e.j.s.ServletContextHandler@4a39d0fc{logs,/logs,file:///home/runner/work/ozone/ozone/hadoop-ozone/integration-test/target/log,AVAILABLE}
2021-09-16 19:34:40,479 [Listener at 127.0.0.1/43789] INFO  handler.ContextHandler (ContextHandler.java:doStart(915)) - Started o.e.j.s.ServletContextHandler@2e211353{static,/static,jar:file:/home/runner/.m2/repository/org/apache/ozone/hdds-container-service/1.2.0-SNAPSHOT/hdds-container-service-1.2.0-SNAPSHOT.jar!/webapps/static,AVAILABLE}
2021-09-16 19:34:40,637 [Listener at 127.0.0.1/43789] INFO  handler.ContextHandler (ContextHandler.java:doStart(915)) - Started o.e.j.w.WebAppContext@3fc5cf62{hddsDatanode,/,file:///tmp/jetty-0_0_0_0-38933-hdds-container-service-1_2_0-SNAPSHOT_jar-_-any-1669477330178970145/webapp/,AVAILABLE}{jar:file:/home/runner/.m2/repository/org/apache/ozone/hdds-container-service/1.2.0-SNAPSHOT/hdds-container-service-1.2.0-SNAPSHOT.jar!/webapps/hddsDatanode}
2021-09-16 19:34:40,686 [EndpointStateMachine task thread for /0.0.0.0:44331 - 0 ] INFO  ozoneimpl.OzoneContainer (OzoneContainer.java:start(304)) - Attempting to start container services.
2021-09-16 19:34:40,686 [EndpointStateMachine task thread for /0.0.0.0:44331 - 0 ] INFO  ozoneimpl.OzoneContainer (OzoneContainer.java:startContainerScrub(249)) - Background container scanner has been disabled.
2021-09-16 19:34:40,689 [EndpointStateMachine task thread for /0.0.0.0:44331 - 0 ] INFO  replication.ReplicationServer (ReplicationServer.java:start(107)) - ReplicationServer is started using port 35779
2021-09-16 19:34:40,694 [EndpointStateMachine task thread for /0.0.0.0:44331 - 0 ] INFO  ratis.XceiverServerRatis (XceiverServerRatis.java:start(481)) - Starting XceiverServerRatis 67d2e683-5568-476c-afe3-e1175f298156
2021-09-16 19:34:40,698 [EndpointStateMachine task thread for /0.0.0.0:44331 - 0 ] INFO  server.RaftServer (RaftServerProxy.java:lambda$start$5(374)) - 67d2e683-5568-476c-afe3-e1175f298156: start RPC server
2021-09-16 19:34:40,730 [EndpointStateMachine task thread for /0.0.0.0:44331 - 0 ] INFO  server.GrpcService (GrpcService.java:startImpl(253)) - 67d2e683-5568-476c-afe3-e1175f298156: GrpcService started, listening on 44345
2021-09-16 19:34:40,734 [EndpointStateMachine task thread for /0.0.0.0:44331 - 0 ] INFO  ratis.XceiverServerRatis (XceiverServerRatis.java:getRealPort(502)) - XceiverServerRatis 67d2e683-5568-476c-afe3-e1175f298156 is started using port 44345 for RATIS
2021-09-16 19:34:40,734 [EndpointStateMachine task thread for /0.0.0.0:44331 - 0 ] INFO  ratis.XceiverServerRatis (XceiverServerRatis.java:getRealPort(502)) - XceiverServerRatis 67d2e683-5568-476c-afe3-e1175f298156 is started using port 44345 for RATIS_ADMIN
2021-09-16 19:34:40,734 [EndpointStateMachine task thread for /0.0.0.0:44331 - 0 ] INFO  ratis.XceiverServerRatis (XceiverServerRatis.java:getRealPort(502)) - XceiverServerRatis 67d2e683-5568-476c-afe3-e1175f298156 is started using port 44345 for RATIS_SERVER
2021-09-16 19:34:40,734 [EndpointStateMachine task thread for /0.0.0.0:44331 - 0 ] INFO  server.XceiverServerGrpc (XceiverServerGrpc.java:start(135)) - XceiverServerGrpc 67d2e683-5568-476c-afe3-e1175f298156 is started using port 37889
2021-09-16 19:34:40,801 [org.apache.ratis.util.JvmPauseMonitor$$Lambda$531/459885056@3afd7d12] INFO  util.JvmPauseMonitor (JvmPauseMonitor.java:run(103)) - JvmPauseMonitor-67d2e683-5568-476c-afe3-e1175f298156: Started
2021-09-16 19:34:40,801 [Listener at 127.0.0.1/43789] INFO  server.AbstractConnector (AbstractConnector.java:doStart(331)) - Started ServerConnector@7da02d36{HTTP/1.1, (http/1.1)}{0.0.0.0:38933}
2021-09-16 19:34:40,801 [Listener at 127.0.0.1/43789] INFO  server.Server (Server.java:doStart(415)) - Started @241302ms
2021-09-16 19:34:40,802 [Listener at 127.0.0.1/43789] WARN  impl.MetricsSystemImpl (MetricsSystemImpl.java:register(279)) - Sink prometheus already exists!
2021-09-16 19:34:40,806 [Listener at 127.0.0.1/43789] INFO  http.BaseHttpServer (BaseHttpServer.java:updateConnectorAddress(329)) - HTTP server of hddsDatanode listening at http://0.0.0.0:38933
2021-09-16 19:34:40,807 [Listener at 127.0.0.1/43789] WARN  impl.MetricRegistriesImpl (MetricRegistriesImpl.java:addReporterRegistration(111)) - New reporters are added after registries were created. Some metrics will be missing from the reporter. Please add reporter before adding any new registry.
2021-09-16 19:34:40,807 [Listener at 127.0.0.1/43789] WARN  impl.MetricRegistriesImpl (MetricRegistriesImpl.java:addReporterRegistration(111)) - New reporters are added after registries were created. Some metrics will be missing from the reporter. Please add reporter before adding any new registry.
2021-09-16 19:34:40,807 [Listener at 127.0.0.1/43789] INFO  impl.MetricsSystemImpl (MetricsSystemImpl.java:init(158)) - HddsDatanode metrics system started (again)
2021-09-16 19:34:40,814 [Datanode State Machine Thread - 0] INFO  statemachine.DatanodeStateMachine (DatanodeStateMachine.java:lambda$startDaemon$0(456)) - Ozone container server started.
2021-09-16 19:34:40,896 [org.apache.hadoop.util.JvmPauseMonitor$Monitor@7f85c489] INFO  util.JvmPauseMonitor (JvmPauseMonitor.java:run(188)) - Starting JVM pause monitor
2021-09-16 19:34:40,930 [Listener at 127.0.0.1/43789] INFO  ozone.HddsDatanodeService (HddsDatanodeService.java:start(234)) - HddsDatanodeService host:fv-az195-743.u3nnjwd0vyge1bu22idnsdeq2e.cx.internal.cloudapp.net ip:10.1.0.5
2021-09-16 19:34:40,955 [Datanode State Machine Task Thread - 0] INFO  datanode.InitDatanodeState (InitDatanodeState.java:persistContainerDatanodeDetails(145)) - DatanodeDetails is persisted to /home/runner/work/ozone/ozone/hadoop-ozone/integration-test/target/test-dir/MiniOzoneClusterImpl-4c5ee767-53d0-43e8-b9fb-bc60904004ee/datanode-3/meta/datanode.id
2021-09-16 19:34:41,042 [Listener at 127.0.0.1/43789] INFO  upgrade.AbstractLayoutVersionManager (AbstractLayoutVersionManager.java:init(79)) - Initializing Layout version manager with metadata layout = SCM_HA (version = 2), software layout = SCM_HA (version = 2)
2021-09-16 19:34:41,065 [EndpointStateMachine task thread for /0.0.0.0:44331 - 0 ] INFO  ozoneimpl.OzoneContainer (OzoneContainer.java:start(304)) - Attempting to start container services.
2021-09-16 19:34:41,065 [EndpointStateMachine task thread for /0.0.0.0:44331 - 0 ] INFO  ozoneimpl.OzoneContainer (OzoneContainer.java:startContainerScrub(249)) - Background container scanner has been disabled.
2021-09-16 19:34:41,066 [EndpointStateMachine task thread for /0.0.0.0:44331 - 0 ] INFO  replication.ReplicationServer (ReplicationServer.java:start(107)) - ReplicationServer is started using port 46025
2021-09-16 19:34:41,114 [EndpointStateMachine task thread for /0.0.0.0:44331 - 0 ] INFO  ratis.XceiverServerRatis (XceiverServerRatis.java:start(481)) - Starting XceiverServerRatis 63deab9d-b01f-425d-a78d-558263b66f1b
2021-09-16 19:34:41,133 [EndpointStateMachine task thread for /0.0.0.0:44331 - 0 ] INFO  server.RaftServer (RaftServerProxy.java:lambda$start$5(374)) - 63deab9d-b01f-425d-a78d-558263b66f1b: start RPC server
2021-09-16 19:34:41,138 [EndpointStateMachine task thread for /0.0.0.0:44331 - 0 ] INFO  server.GrpcService (GrpcService.java:startImpl(253)) - 63deab9d-b01f-425d-a78d-558263b66f1b: GrpcService started, listening on 40589
2021-09-16 19:34:41,195 [EndpointStateMachine task thread for /0.0.0.0:44331 - 0 ] INFO  ratis.XceiverServerRatis (XceiverServerRatis.java:getRealPort(502)) - XceiverServerRatis 63deab9d-b01f-425d-a78d-558263b66f1b is started using port 40589 for RATIS
2021-09-16 19:34:41,195 [EndpointStateMachine task thread for /0.0.0.0:44331 - 0 ] INFO  ratis.XceiverServerRatis (XceiverServerRatis.java:getRealPort(502)) - XceiverServerRatis 63deab9d-b01f-425d-a78d-558263b66f1b is started using port 40589 for RATIS_ADMIN
2021-09-16 19:34:41,195 [EndpointStateMachine task thread for /0.0.0.0:44331 - 0 ] INFO  ratis.XceiverServerRatis (XceiverServerRatis.java:getRealPort(502)) - XceiverServerRatis 63deab9d-b01f-425d-a78d-558263b66f1b is started using port 40589 for RATIS_SERVER
2021-09-16 19:34:41,220 [EndpointStateMachine task thread for /0.0.0.0:44331 - 0 ] INFO  server.XceiverServerGrpc (XceiverServerGrpc.java:start(135)) - XceiverServerGrpc 63deab9d-b01f-425d-a78d-558263b66f1b is started using port 36143
2021-09-16 19:34:41,226 [org.apache.ratis.util.JvmPauseMonitor$$Lambda$531/459885056@6263f61] INFO  util.JvmPauseMonitor (JvmPauseMonitor.java:run(103)) - JvmPauseMonitor-63deab9d-b01f-425d-a78d-558263b66f1b: Started
2021-09-16 19:34:41,262 [Listener at 127.0.0.1/43789] INFO  reflections.Reflections (Reflections.java:scan(232)) - Reflections took 219 ms to scan 7 urls, producing 119 keys and 275 values 
2021-09-16 19:34:41,270 [Listener at 127.0.0.1/43789] INFO  volume.HddsVolume (HddsVolume.java:<init>(120)) - Creating HddsVolume: /home/runner/work/ozone/ozone/hadoop-ozone/integration-test/target/test-dir/MiniOzoneClusterImpl-4c5ee767-53d0-43e8-b9fb-bc60904004ee/datanode-4/data-0/containers/hdds of storage type : DISK capacity : 9223372036854775807
2021-09-16 19:34:41,270 [Listener at 127.0.0.1/43789] INFO  volume.MutableVolumeSet (MutableVolumeSet.java:initializeVolumeSet(168)) - Added Volume : /home/runner/work/ozone/ozone/hadoop-ozone/integration-test/target/test-dir/MiniOzoneClusterImpl-4c5ee767-53d0-43e8-b9fb-bc60904004ee/datanode-4/data-0/containers/hdds to VolumeSet
2021-09-16 19:34:41,271 [Listener at 127.0.0.1/43789] INFO  volume.ThrottledAsyncChecker (ThrottledAsyncChecker.java:schedule(141)) - Scheduling a check for /home/runner/work/ozone/ozone/hadoop-ozone/integration-test/target/test-dir/MiniOzoneClusterImpl-4c5ee767-53d0-43e8-b9fb-bc60904004ee/datanode-4/data-0/containers/hdds
2021-09-16 19:34:41,271 [Listener at 127.0.0.1/43789] INFO  volume.StorageVolumeChecker (StorageVolumeChecker.java:checkAllVolumes(202)) - Scheduled health check for volume /home/runner/work/ozone/ozone/hadoop-ozone/integration-test/target/test-dir/MiniOzoneClusterImpl-4c5ee767-53d0-43e8-b9fb-bc60904004ee/datanode-4/data-0/containers/hdds
2021-09-16 19:34:41,285 [Listener at 127.0.0.1/43789] INFO  volume.MutableVolumeSet (MutableVolumeSet.java:initializeVolumeSet(168)) - Added Volume : /home/runner/work/ozone/ozone/hadoop-ozone/integration-test/target/test-dir/MiniOzoneClusterImpl-4c5ee767-53d0-43e8-b9fb-bc60904004ee/datanode-4/data/ratis to VolumeSet
2021-09-16 19:34:41,285 [Listener at 127.0.0.1/43789] INFO  volume.ThrottledAsyncChecker (ThrottledAsyncChecker.java:schedule(141)) - Scheduling a check for /home/runner/work/ozone/ozone/hadoop-ozone/integration-test/target/test-dir/MiniOzoneClusterImpl-4c5ee767-53d0-43e8-b9fb-bc60904004ee/datanode-4/data/ratis
2021-09-16 19:34:41,285 [Listener at 127.0.0.1/43789] INFO  volume.StorageVolumeChecker (StorageVolumeChecker.java:checkAllVolumes(202)) - Scheduled health check for volume /home/runner/work/ozone/ozone/hadoop-ozone/integration-test/target/test-dir/MiniOzoneClusterImpl-4c5ee767-53d0-43e8-b9fb-bc60904004ee/datanode-4/data/ratis
2021-09-16 19:34:41,378 [Thread-1752] INFO  ozoneimpl.ContainerReader (ContainerReader.java:readVolume(172)) - Finish verifying containers on volume /home/runner/work/ozone/ozone/hadoop-ozone/integration-test/target/test-dir/MiniOzoneClusterImpl-4c5ee767-53d0-43e8-b9fb-bc60904004ee/datanode-4/data-0/containers/hdds
2021-09-16 19:34:41,378 [Listener at 127.0.0.1/43789] INFO  ozoneimpl.OzoneContainer (OzoneContainer.java:buildContainerSet(236)) - Build ContainerSet costs 0s
2021-09-16 19:34:41,379 [Listener at 127.0.0.1/43789] INFO  server.RaftServer (ConfUtils.java:logGet(44)) - raft.rpc.type = GRPC (default)
2021-09-16 19:34:41,380 [Listener at 127.0.0.1/43789] INFO  grpc.GrpcFactory (GrpcFactory.java:checkPooledByteBufAllocatorUseCacheForAllThreads(48)) - PERFORMANCE WARNING: useCacheForAllThreads is true that may cause Netty to create a lot garbage objects and, as a result, trigger GC.
	It is recommended to disable useCacheForAllThreads by setting -Dorg.apache.ratis.thirdparty.io.netty.allocator.useCacheForAllThreads=false in command line.
2021-09-16 19:34:41,380 [Listener at 127.0.0.1/43789] INFO  grpc.GrpcConfigKeys (ConfUtils.java:logGet(44)) - raft.grpc.admin.port = 0 (custom)
2021-09-16 19:34:41,380 [Listener at 127.0.0.1/43789] INFO  grpc.GrpcConfigKeys (ConfUtils.java:logGet(44)) - raft.grpc.client.port = 0 (custom)
2021-09-16 19:34:41,380 [Listener at 127.0.0.1/43789] INFO  grpc.GrpcConfigKeys (ConfUtils.java:logGet(44)) - raft.grpc.server.port = 0 (default)
2021-09-16 19:34:41,380 [Listener at 127.0.0.1/43789] INFO  server.GrpcService (ConfUtils.java:logGet(44)) - raft.grpc.message.size.max = 32MB (=33554432) (custom)
2021-09-16 19:34:41,380 [Listener at 127.0.0.1/43789] INFO  server.RaftServerConfigKeys (ConfUtils.java:logGet(44)) - raft.server.log.appender.buffer.byte-limit = 33554432 (custom)
2021-09-16 19:34:41,380 [Listener at 127.0.0.1/43789] INFO  server.GrpcService (ConfUtils.java:logGet(44)) - raft.grpc.flow.control.window = 5MB (=5242880) (custom)
2021-09-16 19:34:41,380 [Listener at 127.0.0.1/43789] INFO  server.RaftServerConfigKeys (ConfUtils.java:logGet(44)) - raft.server.rpc.request.timeout = 3000ms (default)
2021-09-16 19:34:41,381 [Listener at 127.0.0.1/43789] INFO  impl.DataStreamServerImpl (ConfUtils.java:logGet(44)) - raft.datastream.type = DISABLED (default)
2021-09-16 19:34:41,389 [Listener at 127.0.0.1/43789] INFO  server.RaftServerConfigKeys (ConfUtils.java:logGet(44)) - raft.server.rpc.slowness.timeout = 300000ms (custom)
2021-09-16 19:34:41,389 [Listener at 127.0.0.1/43789] INFO  server.RaftServerConfigKeys (ConfUtils.java:logGet(44)) - raft.server.leaderelection.leader.step-down.wait-time = 10s (default)
2021-09-16 19:34:41,390 [Listener at 127.0.0.1/43789] INFO  server.RaftServerConfigKeys (ConfUtils.java:logGet(44)) - raft.server.storage.dir = [/home/runner/work/ozone/ozone/hadoop-ozone/integration-test/target/test-dir/MiniOzoneClusterImpl-4c5ee767-53d0-43e8-b9fb-bc60904004ee/datanode-4/data/ratis] (custom)
2021-09-16 19:34:41,407 [Listener at 127.0.0.1/43789] INFO  http.BaseHttpServer (BaseHttpServer.java:newHttpServer2BuilderForOzone(209)) - Starting Web-server for hddsDatanode at: http://0.0.0.0:0
2021-09-16 19:34:41,407 [Listener at 127.0.0.1/43789] INFO  http.BaseHttpServer (BaseHttpServer.java:<init>(107)) - Hadoop Security Enabled: false Ozone Security Enabled: false Ozone HTTP Security Enabled: false 
2021-09-16 19:34:41,408 [Listener at 127.0.0.1/43789] INFO  server.AuthenticationFilter (AuthenticationFilter.java:constructSecretProvider(240)) - Unable to initialize FileSignerSecretProvider, falling back to use random secrets.
2021-09-16 19:34:41,409 [Listener at 127.0.0.1/43789] WARN  http.HttpRequestLog (HttpRequestLog.java:getRequestLog(103)) - Jetty request log can only be enabled using Log4j
2021-09-16 19:34:41,409 [Listener at 127.0.0.1/43789] INFO  http.HttpServer2 (HttpServer2.java:addGlobalFilter(1030)) - Added global filter 'safety' (class=org.apache.hadoop.hdds.server.http.HttpServer2$QuotingInputFilter)
2021-09-16 19:34:41,410 [Listener at 127.0.0.1/43789] INFO  http.HttpServer2 (HttpServer2.java:addFilter(1006)) - Added filter static_user_filter (class=org.apache.hadoop.http.lib.StaticUserWebFilter$StaticUserFilter) to context hddsDatanode
2021-09-16 19:34:41,410 [Listener at 127.0.0.1/43789] INFO  http.HttpServer2 (HttpServer2.java:addFilter(1014)) - Added filter static_user_filter (class=org.apache.hadoop.http.lib.StaticUserWebFilter$StaticUserFilter) to context logs
2021-09-16 19:34:41,410 [Listener at 127.0.0.1/43789] INFO  http.HttpServer2 (HttpServer2.java:addFilter(1014)) - Added filter static_user_filter (class=org.apache.hadoop.http.lib.StaticUserWebFilter$StaticUserFilter) to context static
2021-09-16 19:34:41,414 [Listener at 127.0.0.1/43789] INFO  http.HttpServer2 (HttpServer2.java:bindListener(1249)) - Jetty bound to port 34125
2021-09-16 19:34:41,414 [Listener at 127.0.0.1/43789] INFO  server.Server (Server.java:doStart(375)) - jetty-9.4.43.v20210629; built: 2021-06-30T11:07:22.254Z; git: 526006ecfa3af7f1a27ef3a288e2bef7ea9dd7e8; jvm 1.8.0_292-b10
2021-09-16 19:34:41,446 [Listener at 127.0.0.1/43789] INFO  server.session (DefaultSessionIdManager.java:doStart(334)) - DefaultSessionIdManager workerName=node0
2021-09-16 19:34:41,447 [Listener at 127.0.0.1/43789] INFO  server.session (DefaultSessionIdManager.java:doStart(339)) - No SessionScavenger set, using defaults
2021-09-16 19:34:41,447 [Listener at 127.0.0.1/43789] INFO  server.session (HouseKeeper.java:startScavenging(132)) - node0 Scavenging every 600000ms
2021-09-16 19:34:41,447 [Listener at 127.0.0.1/43789] INFO  handler.ContextHandler (ContextHandler.java:doStart(915)) - Started o.e.j.s.ServletContextHandler@3f9ea0be{logs,/logs,file:///home/runner/work/ozone/ozone/hadoop-ozone/integration-test/target/log,AVAILABLE}
2021-09-16 19:34:41,448 [Listener at 127.0.0.1/43789] INFO  handler.ContextHandler (ContextHandler.java:doStart(915)) - Started o.e.j.s.ServletContextHandler@7308bd1d{static,/static,jar:file:/home/runner/.m2/repository/org/apache/ozone/hdds-container-service/1.2.0-SNAPSHOT/hdds-container-service-1.2.0-SNAPSHOT.jar!/webapps/static,AVAILABLE}
2021-09-16 19:34:41,624 [Listener at 127.0.0.1/43789] INFO  handler.ContextHandler (ContextHandler.java:doStart(915)) - Started o.e.j.w.WebAppContext@707189ac{hddsDatanode,/,file:///tmp/jetty-0_0_0_0-34125-hdds-container-service-1_2_0-SNAPSHOT_jar-_-any-8770088647820813058/webapp/,AVAILABLE}{jar:file:/home/runner/.m2/repository/org/apache/ozone/hdds-container-service/1.2.0-SNAPSHOT/hdds-container-service-1.2.0-SNAPSHOT.jar!/webapps/hddsDatanode}
2021-09-16 19:34:41,627 [Listener at 127.0.0.1/43789] INFO  server.AbstractConnector (AbstractConnector.java:doStart(331)) - Started ServerConnector@3ae9f811{HTTP/1.1, (http/1.1)}{0.0.0.0:34125}
2021-09-16 19:34:41,627 [Listener at 127.0.0.1/43789] INFO  server.Server (Server.java:doStart(415)) - Started @242128ms
2021-09-16 19:34:41,628 [Listener at 127.0.0.1/43789] WARN  impl.MetricsSystemImpl (MetricsSystemImpl.java:register(279)) - Sink prometheus already exists!
2021-09-16 19:34:41,628 [Listener at 127.0.0.1/43789] INFO  http.BaseHttpServer (BaseHttpServer.java:updateConnectorAddress(329)) - HTTP server of hddsDatanode listening at http://0.0.0.0:34125
2021-09-16 19:34:41,629 [Listener at 127.0.0.1/43789] WARN  impl.MetricRegistriesImpl (MetricRegistriesImpl.java:addReporterRegistration(111)) - New reporters are added after registries were created. Some metrics will be missing from the reporter. Please add reporter before adding any new registry.
2021-09-16 19:34:41,629 [Listener at 127.0.0.1/43789] WARN  impl.MetricRegistriesImpl (MetricRegistriesImpl.java:addReporterRegistration(111)) - New reporters are added after registries were created. Some metrics will be missing from the reporter. Please add reporter before adding any new registry.
2021-09-16 19:34:41,629 [Listener at 127.0.0.1/43789] INFO  impl.MetricsSystemImpl (MetricsSystemImpl.java:init(158)) - HddsDatanode metrics system started (again)
2021-09-16 19:34:41,640 [Datanode State Machine Thread - 0] INFO  statemachine.DatanodeStateMachine (DatanodeStateMachine.java:lambda$startDaemon$0(456)) - Ozone container server started.
2021-09-16 19:34:41,691 [Listener at 127.0.0.1/43789] INFO  ozone.HddsDatanodeService (HddsDatanodeService.java:start(234)) - HddsDatanodeService host:fv-az195-743.u3nnjwd0vyge1bu22idnsdeq2e.cx.internal.cloudapp.net ip:10.1.0.5
2021-09-16 19:34:41,742 [org.apache.hadoop.util.JvmPauseMonitor$Monitor@3148bf51] INFO  util.JvmPauseMonitor (JvmPauseMonitor.java:run(188)) - Starting JVM pause monitor
2021-09-16 19:34:41,743 [Datanode State Machine Task Thread - 0] INFO  datanode.InitDatanodeState (InitDatanodeState.java:persistContainerDatanodeDetails(145)) - DatanodeDetails is persisted to /home/runner/work/ozone/ozone/hadoop-ozone/integration-test/target/test-dir/MiniOzoneClusterImpl-4c5ee767-53d0-43e8-b9fb-bc60904004ee/datanode-4/meta/datanode.id
2021-09-16 19:34:41,805 [Listener at 127.0.0.1/43789] INFO  upgrade.AbstractLayoutVersionManager (AbstractLayoutVersionManager.java:init(79)) - Initializing Layout version manager with metadata layout = SCM_HA (version = 2), software layout = SCM_HA (version = 2)
2021-09-16 19:34:41,969 [Listener at 127.0.0.1/43789] INFO  reflections.Reflections (Reflections.java:scan(232)) - Reflections took 155 ms to scan 7 urls, producing 119 keys and 275 values 
2021-09-16 19:34:41,971 [Listener at 127.0.0.1/43789] INFO  volume.HddsVolume (HddsVolume.java:<init>(120)) - Creating HddsVolume: /home/runner/work/ozone/ozone/hadoop-ozone/integration-test/target/test-dir/MiniOzoneClusterImpl-4c5ee767-53d0-43e8-b9fb-bc60904004ee/datanode-5/data-0/containers/hdds of storage type : DISK capacity : 9223372036854775807
2021-09-16 19:34:41,972 [Listener at 127.0.0.1/43789] INFO  volume.MutableVolumeSet (MutableVolumeSet.java:initializeVolumeSet(168)) - Added Volume : /home/runner/work/ozone/ozone/hadoop-ozone/integration-test/target/test-dir/MiniOzoneClusterImpl-4c5ee767-53d0-43e8-b9fb-bc60904004ee/datanode-5/data-0/containers/hdds to VolumeSet
2021-09-16 19:34:41,972 [Listener at 127.0.0.1/43789] INFO  volume.ThrottledAsyncChecker (ThrottledAsyncChecker.java:schedule(141)) - Scheduling a check for /home/runner/work/ozone/ozone/hadoop-ozone/integration-test/target/test-dir/MiniOzoneClusterImpl-4c5ee767-53d0-43e8-b9fb-bc60904004ee/datanode-5/data-0/containers/hdds
2021-09-16 19:34:41,972 [Listener at 127.0.0.1/43789] INFO  volume.StorageVolumeChecker (StorageVolumeChecker.java:checkAllVolumes(202)) - Scheduled health check for volume /home/runner/work/ozone/ozone/hadoop-ozone/integration-test/target/test-dir/MiniOzoneClusterImpl-4c5ee767-53d0-43e8-b9fb-bc60904004ee/datanode-5/data-0/containers/hdds
2021-09-16 19:34:42,029 [Listener at 127.0.0.1/43789] INFO  volume.MutableVolumeSet (MutableVolumeSet.java:initializeVolumeSet(168)) - Added Volume : /home/runner/work/ozone/ozone/hadoop-ozone/integration-test/target/test-dir/MiniOzoneClusterImpl-4c5ee767-53d0-43e8-b9fb-bc60904004ee/datanode-5/data/ratis to VolumeSet
2021-09-16 19:34:42,030 [Listener at 127.0.0.1/43789] INFO  volume.ThrottledAsyncChecker (ThrottledAsyncChecker.java:schedule(141)) - Scheduling a check for /home/runner/work/ozone/ozone/hadoop-ozone/integration-test/target/test-dir/MiniOzoneClusterImpl-4c5ee767-53d0-43e8-b9fb-bc60904004ee/datanode-5/data/ratis
2021-09-16 19:34:42,030 [Listener at 127.0.0.1/43789] INFO  volume.StorageVolumeChecker (StorageVolumeChecker.java:checkAllVolumes(202)) - Scheduled health check for volume /home/runner/work/ozone/ozone/hadoop-ozone/integration-test/target/test-dir/MiniOzoneClusterImpl-4c5ee767-53d0-43e8-b9fb-bc60904004ee/datanode-5/data/ratis
2021-09-16 19:34:42,096 [EndpointStateMachine task thread for /0.0.0.0:44331 - 0 ] INFO  ozoneimpl.OzoneContainer (OzoneContainer.java:start(304)) - Attempting to start container services.
2021-09-16 19:34:42,096 [EndpointStateMachine task thread for /0.0.0.0:44331 - 0 ] INFO  ozoneimpl.OzoneContainer (OzoneContainer.java:startContainerScrub(249)) - Background container scanner has been disabled.
2021-09-16 19:34:42,098 [EndpointStateMachine task thread for /0.0.0.0:44331 - 0 ] INFO  replication.ReplicationServer (ReplicationServer.java:start(107)) - ReplicationServer is started using port 36959
2021-09-16 19:34:42,105 [EndpointStateMachine task thread for /0.0.0.0:44331 - 0 ] INFO  ratis.XceiverServerRatis (XceiverServerRatis.java:start(481)) - Starting XceiverServerRatis 39314213-52f4-4d5f-8765-d5d2e351be65
2021-09-16 19:34:42,111 [EndpointStateMachine task thread for /0.0.0.0:44331 - 0 ] INFO  server.RaftServer (RaftServerProxy.java:lambda$start$5(374)) - 39314213-52f4-4d5f-8765-d5d2e351be65: start RPC server
2021-09-16 19:34:42,116 [EndpointStateMachine task thread for /0.0.0.0:44331 - 0 ] INFO  server.GrpcService (GrpcService.java:startImpl(253)) - 39314213-52f4-4d5f-8765-d5d2e351be65: GrpcService started, listening on 40299
2021-09-16 19:34:42,120 [EndpointStateMachine task thread for /0.0.0.0:44331 - 0 ] INFO  ratis.XceiverServerRatis (XceiverServerRatis.java:getRealPort(502)) - XceiverServerRatis 39314213-52f4-4d5f-8765-d5d2e351be65 is started using port 40299 for RATIS
2021-09-16 19:34:42,120 [EndpointStateMachine task thread for /0.0.0.0:44331 - 0 ] INFO  ratis.XceiverServerRatis (XceiverServerRatis.java:getRealPort(502)) - XceiverServerRatis 39314213-52f4-4d5f-8765-d5d2e351be65 is started using port 40299 for RATIS_ADMIN
2021-09-16 19:34:42,120 [EndpointStateMachine task thread for /0.0.0.0:44331 - 0 ] INFO  ratis.XceiverServerRatis (XceiverServerRatis.java:getRealPort(502)) - XceiverServerRatis 39314213-52f4-4d5f-8765-d5d2e351be65 is started using port 40299 for RATIS_SERVER
2021-09-16 19:34:42,137 [EndpointStateMachine task thread for /0.0.0.0:44331 - 0 ] INFO  server.XceiverServerGrpc (XceiverServerGrpc.java:start(135)) - XceiverServerGrpc 39314213-52f4-4d5f-8765-d5d2e351be65 is started using port 42345
2021-09-16 19:34:42,170 [Thread-1766] INFO  ozoneimpl.ContainerReader (ContainerReader.java:readVolume(172)) - Finish verifying containers on volume /home/runner/work/ozone/ozone/hadoop-ozone/integration-test/target/test-dir/MiniOzoneClusterImpl-4c5ee767-53d0-43e8-b9fb-bc60904004ee/datanode-5/data-0/containers/hdds
2021-09-16 19:34:42,197 [Listener at 127.0.0.1/43789] INFO  ozoneimpl.OzoneContainer (OzoneContainer.java:buildContainerSet(236)) - Build ContainerSet costs 0s
2021-09-16 19:34:42,198 [org.apache.ratis.util.JvmPauseMonitor$$Lambda$531/459885056@78426939] INFO  util.JvmPauseMonitor (JvmPauseMonitor.java:run(103)) - JvmPauseMonitor-39314213-52f4-4d5f-8765-d5d2e351be65: Started
2021-09-16 19:34:42,199 [Listener at 127.0.0.1/43789] INFO  server.RaftServer (ConfUtils.java:logGet(44)) - raft.rpc.type = GRPC (default)
2021-09-16 19:34:42,199 [Listener at 127.0.0.1/43789] INFO  grpc.GrpcFactory (GrpcFactory.java:checkPooledByteBufAllocatorUseCacheForAllThreads(48)) - PERFORMANCE WARNING: useCacheForAllThreads is true that may cause Netty to create a lot garbage objects and, as a result, trigger GC.
	It is recommended to disable useCacheForAllThreads by setting -Dorg.apache.ratis.thirdparty.io.netty.allocator.useCacheForAllThreads=false in command line.
2021-09-16 19:34:42,199 [Listener at 127.0.0.1/43789] INFO  grpc.GrpcConfigKeys (ConfUtils.java:logGet(44)) - raft.grpc.admin.port = 0 (custom)
2021-09-16 19:34:42,200 [Listener at 127.0.0.1/43789] INFO  grpc.GrpcConfigKeys (ConfUtils.java:logGet(44)) - raft.grpc.client.port = 0 (custom)
2021-09-16 19:34:42,200 [Listener at 127.0.0.1/43789] INFO  grpc.GrpcConfigKeys (ConfUtils.java:logGet(44)) - raft.grpc.server.port = 0 (default)
2021-09-16 19:34:42,200 [Listener at 127.0.0.1/43789] INFO  server.GrpcService (ConfUtils.java:logGet(44)) - raft.grpc.message.size.max = 32MB (=33554432) (custom)
2021-09-16 19:34:42,200 [Listener at 127.0.0.1/43789] INFO  server.RaftServerConfigKeys (ConfUtils.java:logGet(44)) - raft.server.log.appender.buffer.byte-limit = 33554432 (custom)
2021-09-16 19:34:42,200 [Listener at 127.0.0.1/43789] INFO  server.GrpcService (ConfUtils.java:logGet(44)) - raft.grpc.flow.control.window = 5MB (=5242880) (custom)
2021-09-16 19:34:42,200 [Listener at 127.0.0.1/43789] INFO  server.RaftServerConfigKeys (ConfUtils.java:logGet(44)) - raft.server.rpc.request.timeout = 3000ms (default)
2021-09-16 19:34:42,201 [Listener at 127.0.0.1/43789] INFO  impl.DataStreamServerImpl (ConfUtils.java:logGet(44)) - raft.datastream.type = DISABLED (default)
2021-09-16 19:34:42,202 [Listener at 127.0.0.1/43789] INFO  server.RaftServerConfigKeys (ConfUtils.java:logGet(44)) - raft.server.rpc.slowness.timeout = 300000ms (custom)
2021-09-16 19:34:42,202 [Listener at 127.0.0.1/43789] INFO  server.RaftServerConfigKeys (ConfUtils.java:logGet(44)) - raft.server.leaderelection.leader.step-down.wait-time = 10s (default)
2021-09-16 19:34:42,202 [Listener at 127.0.0.1/43789] INFO  server.RaftServerConfigKeys (ConfUtils.java:logGet(44)) - raft.server.storage.dir = [/home/runner/work/ozone/ozone/hadoop-ozone/integration-test/target/test-dir/MiniOzoneClusterImpl-4c5ee767-53d0-43e8-b9fb-bc60904004ee/datanode-5/data/ratis] (custom)
2021-09-16 19:34:42,207 [Listener at 127.0.0.1/43789] INFO  http.BaseHttpServer (BaseHttpServer.java:newHttpServer2BuilderForOzone(209)) - Starting Web-server for hddsDatanode at: http://0.0.0.0:0
2021-09-16 19:34:42,207 [Listener at 127.0.0.1/43789] INFO  http.BaseHttpServer (BaseHttpServer.java:<init>(107)) - Hadoop Security Enabled: false Ozone Security Enabled: false Ozone HTTP Security Enabled: false 
2021-09-16 19:34:42,208 [Listener at 127.0.0.1/43789] INFO  server.AuthenticationFilter (AuthenticationFilter.java:constructSecretProvider(240)) - Unable to initialize FileSignerSecretProvider, falling back to use random secrets.
2021-09-16 19:34:42,209 [Listener at 127.0.0.1/43789] WARN  http.HttpRequestLog (HttpRequestLog.java:getRequestLog(103)) - Jetty request log can only be enabled using Log4j
2021-09-16 19:34:42,209 [Listener at 127.0.0.1/43789] INFO  http.HttpServer2 (HttpServer2.java:addGlobalFilter(1030)) - Added global filter 'safety' (class=org.apache.hadoop.hdds.server.http.HttpServer2$QuotingInputFilter)
2021-09-16 19:34:42,210 [Listener at 127.0.0.1/43789] INFO  http.HttpServer2 (HttpServer2.java:addFilter(1006)) - Added filter static_user_filter (class=org.apache.hadoop.http.lib.StaticUserWebFilter$StaticUserFilter) to context hddsDatanode
2021-09-16 19:34:42,210 [Listener at 127.0.0.1/43789] INFO  http.HttpServer2 (HttpServer2.java:addFilter(1014)) - Added filter static_user_filter (class=org.apache.hadoop.http.lib.StaticUserWebFilter$StaticUserFilter) to context static
2021-09-16 19:34:42,210 [Listener at 127.0.0.1/43789] INFO  http.HttpServer2 (HttpServer2.java:addFilter(1014)) - Added filter static_user_filter (class=org.apache.hadoop.http.lib.StaticUserWebFilter$StaticUserFilter) to context logs
2021-09-16 19:34:42,210 [Listener at 127.0.0.1/43789] INFO  http.HttpServer2 (HttpServer2.java:bindListener(1249)) - Jetty bound to port 42787
2021-09-16 19:34:42,210 [Listener at 127.0.0.1/43789] INFO  server.Server (Server.java:doStart(375)) - jetty-9.4.43.v20210629; built: 2021-06-30T11:07:22.254Z; git: 526006ecfa3af7f1a27ef3a288e2bef7ea9dd7e8; jvm 1.8.0_292-b10
2021-09-16 19:34:42,212 [Listener at 127.0.0.1/43789] INFO  server.session (DefaultSessionIdManager.java:doStart(334)) - DefaultSessionIdManager workerName=node0
2021-09-16 19:34:42,212 [Listener at 127.0.0.1/43789] INFO  server.session (DefaultSessionIdManager.java:doStart(339)) - No SessionScavenger set, using defaults
2021-09-16 19:34:42,212 [Listener at 127.0.0.1/43789] INFO  server.session (HouseKeeper.java:startScavenging(132)) - node0 Scavenging every 660000ms
2021-09-16 19:34:42,212 [Listener at 127.0.0.1/43789] INFO  handler.ContextHandler (ContextHandler.java:doStart(915)) - Started o.e.j.s.ServletContextHandler@54679e5a{logs,/logs,file:///home/runner/work/ozone/ozone/hadoop-ozone/integration-test/target/log,AVAILABLE}
2021-09-16 19:34:42,213 [Listener at 127.0.0.1/43789] INFO  handler.ContextHandler (ContextHandler.java:doStart(915)) - Started o.e.j.s.ServletContextHandler@22377f75{static,/static,jar:file:/home/runner/.m2/repository/org/apache/ozone/hdds-container-service/1.2.0-SNAPSHOT/hdds-container-service-1.2.0-SNAPSHOT.jar!/webapps/static,AVAILABLE}
2021-09-16 19:34:42,348 [Listener at 127.0.0.1/43789] INFO  handler.ContextHandler (ContextHandler.java:doStart(915)) - Started o.e.j.w.WebAppContext@24639c85{hddsDatanode,/,file:///tmp/jetty-0_0_0_0-42787-hdds-container-service-1_2_0-SNAPSHOT_jar-_-any-1013577101871699974/webapp/,AVAILABLE}{jar:file:/home/runner/.m2/repository/org/apache/ozone/hdds-container-service/1.2.0-SNAPSHOT/hdds-container-service-1.2.0-SNAPSHOT.jar!/webapps/hddsDatanode}
2021-09-16 19:34:42,353 [Listener at 127.0.0.1/43789] INFO  server.AbstractConnector (AbstractConnector.java:doStart(331)) - Started ServerConnector@610ad623{HTTP/1.1, (http/1.1)}{0.0.0.0:42787}
2021-09-16 19:34:42,354 [Listener at 127.0.0.1/43789] INFO  server.Server (Server.java:doStart(415)) - Started @242855ms
2021-09-16 19:34:42,381 [Listener at 127.0.0.1/43789] WARN  impl.MetricsSystemImpl (MetricsSystemImpl.java:register(279)) - Sink prometheus already exists!
2021-09-16 19:34:42,386 [Listener at 127.0.0.1/43789] INFO  http.BaseHttpServer (BaseHttpServer.java:updateConnectorAddress(329)) - HTTP server of hddsDatanode listening at http://0.0.0.0:42787
2021-09-16 19:34:42,386 [Listener at 127.0.0.1/43789] WARN  impl.MetricRegistriesImpl (MetricRegistriesImpl.java:addReporterRegistration(111)) - New reporters are added after registries were created. Some metrics will be missing from the reporter. Please add reporter before adding any new registry.
2021-09-16 19:34:42,386 [Listener at 127.0.0.1/43789] WARN  impl.MetricRegistriesImpl (MetricRegistriesImpl.java:addReporterRegistration(111)) - New reporters are added after registries were created. Some metrics will be missing from the reporter. Please add reporter before adding any new registry.
2021-09-16 19:34:42,387 [Listener at 127.0.0.1/43789] INFO  impl.MetricsSystemImpl (MetricsSystemImpl.java:init(158)) - HddsDatanode metrics system started (again)
2021-09-16 19:34:42,394 [Datanode State Machine Thread - 0] INFO  statemachine.DatanodeStateMachine (DatanodeStateMachine.java:lambda$startDaemon$0(456)) - Ozone container server started.
2021-09-16 19:34:42,503 [Listener at 127.0.0.1/43789] INFO  ozone.HddsDatanodeService (HddsDatanodeService.java:start(234)) - HddsDatanodeService host:fv-az195-743.u3nnjwd0vyge1bu22idnsdeq2e.cx.internal.cloudapp.net ip:10.1.0.5
2021-09-16 19:34:42,545 [org.apache.hadoop.util.JvmPauseMonitor$Monitor@29d492db] INFO  util.JvmPauseMonitor (JvmPauseMonitor.java:run(188)) - Starting JVM pause monitor
2021-09-16 19:34:42,602 [Listener at 127.0.0.1/43789] INFO  upgrade.AbstractLayoutVersionManager (AbstractLayoutVersionManager.java:init(79)) - Initializing Layout version manager with metadata layout = SCM_HA (version = 2), software layout = SCM_HA (version = 2)
2021-09-16 19:34:42,614 [Datanode State Machine Task Thread - 0] INFO  datanode.InitDatanodeState (InitDatanodeState.java:persistContainerDatanodeDetails(145)) - DatanodeDetails is persisted to /home/runner/work/ozone/ozone/hadoop-ozone/integration-test/target/test-dir/MiniOzoneClusterImpl-4c5ee767-53d0-43e8-b9fb-bc60904004ee/datanode-5/meta/datanode.id
2021-09-16 19:34:42,615 [IPC Server handler 0 on default port 44331] INFO  net.NetworkTopologyImpl (NetworkTopologyImpl.java:add(112)) - Added a new node: /default-rack/67d2e683-5568-476c-afe3-e1175f298156
2021-09-16 19:34:42,615 [IPC Server handler 0 on default port 44331] INFO  node.SCMNodeManager (SCMNodeManager.java:register(389)) - Registered Data node : 67d2e683-5568-476c-afe3-e1175f298156{ip: 10.1.0.5, host: fv-az195-743.u3nnjwd0vyge1bu22idnsdeq2e.cx.internal.cloudapp.net, ports: [REPLICATION=35779, RATIS=44345, RATIS_ADMIN=44345, RATIS_SERVER=44345, STANDALONE=37889], networkLocation: /default-rack, certSerialId: null, persistedOpState: null, persistedOpStateExpiryEpochSec: 0}
2021-09-16 19:34:42,758 [EventQueue-NodeRegistrationContainerReportForContainerSafeModeRule] INFO  safemode.SCMSafeModeManager (SCMSafeModeManager.java:validateSafeModeExitRules(204)) - ContainerSafeModeRule rule is successfully validated
2021-09-16 19:34:42,770 [EventQueue-NodeRegistrationContainerReportForDataNodeSafeModeRule] INFO  safemode.SCMSafeModeManager (DataNodeSafeModeRule.java:process(71)) - SCM in safe mode. 1 DataNodes registered, 3 required.
2021-09-16 19:34:42,787 [EventQueue-NewNodeForNewNodeHandler] INFO  pipeline.BackgroundPipelineCreator (BackgroundPipelineCreatorV2.java:notifyEventTriggered(285)) - trigger a one-shot run on RatisPipelineUtilsThread.
2021-09-16 19:34:42,787 [RatisPipelineUtilsThread - 0] INFO  pipeline.RatisPipelineProvider (RatisPipelineProvider.java:lambda$create$0(183)) - Sending CreatePipelineCommand for pipeline:PipelineID=ee66ac76-522d-41ac-9582-f5e9999ab343 to datanode:67d2e683-5568-476c-afe3-e1175f298156
2021-09-16 19:34:42,788 [RatisPipelineUtilsThread - 0] INFO  pipeline.PipelineStateManager (PipelineStateManagerV2Impl.java:addPipeline(101)) - Created pipeline Pipeline[ Id: ee66ac76-522d-41ac-9582-f5e9999ab343, Nodes: 67d2e683-5568-476c-afe3-e1175f298156{ip: 10.1.0.5, host: fv-az195-743.u3nnjwd0vyge1bu22idnsdeq2e.cx.internal.cloudapp.net, ports: [REPLICATION=35779, RATIS=44345, RATIS_ADMIN=44345, RATIS_SERVER=44345, STANDALONE=37889], networkLocation: /default-rack, certSerialId: null, persistedOpState: IN_SERVICE, persistedOpStateExpiryEpochSec: 0}, ReplicationConfig: RATIS/ONE, State:ALLOCATED, leaderId:, CreationTimestamp2021-09-16T19:34:42.787Z[Etc/UTC]].
2021-09-16 19:34:42,821 [EventQueue-PipelineReportForOneReplicaPipelineSafeModeRule] INFO  safemode.SCMSafeModeManager (SCMSafeModeManager.java:validateSafeModeExitRules(204)) - AtleastOneDatanodeReportedRule rule is successfully validated
2021-09-16 19:34:42,868 [Listener at 127.0.0.1/43789] INFO  reflections.Reflections (Reflections.java:scan(232)) - Reflections took 244 ms to scan 7 urls, producing 119 keys and 275 values 
2021-09-16 19:34:42,870 [Listener at 127.0.0.1/43789] INFO  volume.HddsVolume (HddsVolume.java:<init>(120)) - Creating HddsVolume: /home/runner/work/ozone/ozone/hadoop-ozone/integration-test/target/test-dir/MiniOzoneClusterImpl-4c5ee767-53d0-43e8-b9fb-bc60904004ee/datanode-6/data-0/containers/hdds of storage type : DISK capacity : 9223372036854775807
2021-09-16 19:34:42,871 [Listener at 127.0.0.1/43789] INFO  volume.MutableVolumeSet (MutableVolumeSet.java:initializeVolumeSet(168)) - Added Volume : /home/runner/work/ozone/ozone/hadoop-ozone/integration-test/target/test-dir/MiniOzoneClusterImpl-4c5ee767-53d0-43e8-b9fb-bc60904004ee/datanode-6/data-0/containers/hdds to VolumeSet
2021-09-16 19:34:42,871 [Listener at 127.0.0.1/43789] INFO  volume.ThrottledAsyncChecker (ThrottledAsyncChecker.java:schedule(141)) - Scheduling a check for /home/runner/work/ozone/ozone/hadoop-ozone/integration-test/target/test-dir/MiniOzoneClusterImpl-4c5ee767-53d0-43e8-b9fb-bc60904004ee/datanode-6/data-0/containers/hdds
2021-09-16 19:34:42,882 [Listener at 127.0.0.1/43789] INFO  volume.StorageVolumeChecker (StorageVolumeChecker.java:checkAllVolumes(202)) - Scheduled health check for volume /home/runner/work/ozone/ozone/hadoop-ozone/integration-test/target/test-dir/MiniOzoneClusterImpl-4c5ee767-53d0-43e8-b9fb-bc60904004ee/datanode-6/data-0/containers/hdds
2021-09-16 19:34:42,911 [Listener at 127.0.0.1/43789] INFO  volume.MutableVolumeSet (MutableVolumeSet.java:initializeVolumeSet(168)) - Added Volume : /home/runner/work/ozone/ozone/hadoop-ozone/integration-test/target/test-dir/MiniOzoneClusterImpl-4c5ee767-53d0-43e8-b9fb-bc60904004ee/datanode-6/data/ratis to VolumeSet
2021-09-16 19:34:42,911 [Listener at 127.0.0.1/43789] INFO  volume.ThrottledAsyncChecker (ThrottledAsyncChecker.java:schedule(141)) - Scheduling a check for /home/runner/work/ozone/ozone/hadoop-ozone/integration-test/target/test-dir/MiniOzoneClusterImpl-4c5ee767-53d0-43e8-b9fb-bc60904004ee/datanode-6/data/ratis
2021-09-16 19:34:42,922 [Listener at 127.0.0.1/43789] INFO  volume.StorageVolumeChecker (StorageVolumeChecker.java:checkAllVolumes(202)) - Scheduled health check for volume /home/runner/work/ozone/ozone/hadoop-ozone/integration-test/target/test-dir/MiniOzoneClusterImpl-4c5ee767-53d0-43e8-b9fb-bc60904004ee/datanode-6/data/ratis
2021-09-16 19:34:42,982 [EndpointStateMachine task thread for /0.0.0.0:44331 - 0 ] INFO  ozoneimpl.OzoneContainer (OzoneContainer.java:start(304)) - Attempting to start container services.
2021-09-16 19:34:42,982 [EndpointStateMachine task thread for /0.0.0.0:44331 - 0 ] INFO  ozoneimpl.OzoneContainer (OzoneContainer.java:startContainerScrub(249)) - Background container scanner has been disabled.
2021-09-16 19:34:42,984 [EndpointStateMachine task thread for /0.0.0.0:44331 - 0 ] INFO  replication.ReplicationServer (ReplicationServer.java:start(107)) - ReplicationServer is started using port 46313
2021-09-16 19:34:42,988 [EndpointStateMachine task thread for /0.0.0.0:44331 - 0 ] INFO  ratis.XceiverServerRatis (XceiverServerRatis.java:start(481)) - Starting XceiverServerRatis 1226f225-3abd-46f9-90c8-da28d00f4d36
2021-09-16 19:34:42,994 [EndpointStateMachine task thread for /0.0.0.0:44331 - 0 ] INFO  server.RaftServer (RaftServerProxy.java:lambda$start$5(374)) - 1226f225-3abd-46f9-90c8-da28d00f4d36: start RPC server
2021-09-16 19:34:42,995 [EndpointStateMachine task thread for /0.0.0.0:44331 - 0 ] INFO  server.GrpcService (GrpcService.java:startImpl(253)) - 1226f225-3abd-46f9-90c8-da28d00f4d36: GrpcService started, listening on 44993
2021-09-16 19:34:43,000 [EndpointStateMachine task thread for /0.0.0.0:44331 - 0 ] INFO  ratis.XceiverServerRatis (XceiverServerRatis.java:getRealPort(502)) - XceiverServerRatis 1226f225-3abd-46f9-90c8-da28d00f4d36 is started using port 44993 for RATIS
2021-09-16 19:34:43,000 [EndpointStateMachine task thread for /0.0.0.0:44331 - 0 ] INFO  ratis.XceiverServerRatis (XceiverServerRatis.java:getRealPort(502)) - XceiverServerRatis 1226f225-3abd-46f9-90c8-da28d00f4d36 is started using port 44993 for RATIS_ADMIN
2021-09-16 19:34:43,000 [EndpointStateMachine task thread for /0.0.0.0:44331 - 0 ] INFO  ratis.XceiverServerRatis (XceiverServerRatis.java:getRealPort(502)) - XceiverServerRatis 1226f225-3abd-46f9-90c8-da28d00f4d36 is started using port 44993 for RATIS_SERVER
2021-09-16 19:34:43,002 [org.apache.ratis.util.JvmPauseMonitor$$Lambda$531/459885056@2468af4a] INFO  util.JvmPauseMonitor (JvmPauseMonitor.java:run(103)) - JvmPauseMonitor-1226f225-3abd-46f9-90c8-da28d00f4d36: Started
2021-09-16 19:34:43,008 [EndpointStateMachine task thread for /0.0.0.0:44331 - 0 ] INFO  server.XceiverServerGrpc (XceiverServerGrpc.java:start(135)) - XceiverServerGrpc 1226f225-3abd-46f9-90c8-da28d00f4d36 is started using port 43383
2021-09-16 19:34:43,021 [Thread-1789] INFO  ozoneimpl.ContainerReader (ContainerReader.java:readVolume(172)) - Finish verifying containers on volume /home/runner/work/ozone/ozone/hadoop-ozone/integration-test/target/test-dir/MiniOzoneClusterImpl-4c5ee767-53d0-43e8-b9fb-bc60904004ee/datanode-6/data-0/containers/hdds
2021-09-16 19:34:43,022 [Listener at 127.0.0.1/43789] INFO  ozoneimpl.OzoneContainer (OzoneContainer.java:buildContainerSet(236)) - Build ContainerSet costs 0s
2021-09-16 19:34:43,023 [Listener at 127.0.0.1/43789] INFO  server.RaftServer (ConfUtils.java:logGet(44)) - raft.rpc.type = GRPC (default)
2021-09-16 19:34:43,023 [Listener at 127.0.0.1/43789] INFO  grpc.GrpcFactory (GrpcFactory.java:checkPooledByteBufAllocatorUseCacheForAllThreads(48)) - PERFORMANCE WARNING: useCacheForAllThreads is true that may cause Netty to create a lot garbage objects and, as a result, trigger GC.
	It is recommended to disable useCacheForAllThreads by setting -Dorg.apache.ratis.thirdparty.io.netty.allocator.useCacheForAllThreads=false in command line.
2021-09-16 19:34:43,023 [Listener at 127.0.0.1/43789] INFO  grpc.GrpcConfigKeys (ConfUtils.java:logGet(44)) - raft.grpc.admin.port = 0 (custom)
2021-09-16 19:34:43,023 [Listener at 127.0.0.1/43789] INFO  grpc.GrpcConfigKeys (ConfUtils.java:logGet(44)) - raft.grpc.client.port = 0 (custom)
2021-09-16 19:34:43,024 [Listener at 127.0.0.1/43789] INFO  grpc.GrpcConfigKeys (ConfUtils.java:logGet(44)) - raft.grpc.server.port = 0 (default)
2021-09-16 19:34:43,024 [Listener at 127.0.0.1/43789] INFO  server.GrpcService (ConfUtils.java:logGet(44)) - raft.grpc.message.size.max = 32MB (=33554432) (custom)
2021-09-16 19:34:43,024 [Listener at 127.0.0.1/43789] INFO  server.RaftServerConfigKeys (ConfUtils.java:logGet(44)) - raft.server.log.appender.buffer.byte-limit = 33554432 (custom)
2021-09-16 19:34:43,024 [Listener at 127.0.0.1/43789] INFO  server.GrpcService (ConfUtils.java:logGet(44)) - raft.grpc.flow.control.window = 5MB (=5242880) (custom)
2021-09-16 19:34:43,024 [Listener at 127.0.0.1/43789] INFO  server.RaftServerConfigKeys (ConfUtils.java:logGet(44)) - raft.server.rpc.request.timeout = 3000ms (default)
2021-09-16 19:34:43,025 [Listener at 127.0.0.1/43789] INFO  impl.DataStreamServerImpl (ConfUtils.java:logGet(44)) - raft.datastream.type = DISABLED (default)
2021-09-16 19:34:43,025 [Listener at 127.0.0.1/43789] INFO  server.RaftServerConfigKeys (ConfUtils.java:logGet(44)) - raft.server.rpc.slowness.timeout = 300000ms (custom)
2021-09-16 19:34:43,025 [Listener at 127.0.0.1/43789] INFO  server.RaftServerConfigKeys (ConfUtils.java:logGet(44)) - raft.server.leaderelection.leader.step-down.wait-time = 10s (default)
2021-09-16 19:34:43,026 [Listener at 127.0.0.1/43789] INFO  server.RaftServerConfigKeys (ConfUtils.java:logGet(44)) - raft.server.storage.dir = [/home/runner/work/ozone/ozone/hadoop-ozone/integration-test/target/test-dir/MiniOzoneClusterImpl-4c5ee767-53d0-43e8-b9fb-bc60904004ee/datanode-6/data/ratis] (custom)
2021-09-16 19:34:43,029 [IPC Server handler 2 on default port 44331] INFO  net.NetworkTopologyImpl (NetworkTopologyImpl.java:add(112)) - Added a new node: /default-rack/63deab9d-b01f-425d-a78d-558263b66f1b
2021-09-16 19:34:43,029 [IPC Server handler 2 on default port 44331] INFO  node.SCMNodeManager (SCMNodeManager.java:register(389)) - Registered Data node : 63deab9d-b01f-425d-a78d-558263b66f1b{ip: 10.1.0.5, host: fv-az195-743.u3nnjwd0vyge1bu22idnsdeq2e.cx.internal.cloudapp.net, ports: [REPLICATION=46025, RATIS=40589, RATIS_ADMIN=40589, RATIS_SERVER=40589, STANDALONE=36143], networkLocation: /default-rack, certSerialId: null, persistedOpState: null, persistedOpStateExpiryEpochSec: 0}
2021-09-16 19:34:43,029 [EventQueue-NewNodeForNewNodeHandler] INFO  pipeline.BackgroundPipelineCreator (BackgroundPipelineCreatorV2.java:notifyEventTriggered(285)) - trigger a one-shot run on RatisPipelineUtilsThread.
2021-09-16 19:34:43,031 [EventQueue-NodeRegistrationContainerReportForDataNodeSafeModeRule] INFO  safemode.SCMSafeModeManager (DataNodeSafeModeRule.java:process(71)) - SCM in safe mode. 2 DataNodes registered, 3 required.
2021-09-16 19:34:43,037 [RatisPipelineUtilsThread - 0] INFO  pipeline.RatisPipelineProvider (RatisPipelineProvider.java:lambda$create$0(183)) - Sending CreatePipelineCommand for pipeline:PipelineID=8fdc3177-b988-4720-aae0-fa79c1ad13dc to datanode:63deab9d-b01f-425d-a78d-558263b66f1b
2021-09-16 19:34:43,037 [RatisPipelineUtilsThread - 0] INFO  pipeline.PipelineStateManager (PipelineStateManagerV2Impl.java:addPipeline(101)) - Created pipeline Pipeline[ Id: 8fdc3177-b988-4720-aae0-fa79c1ad13dc, Nodes: 63deab9d-b01f-425d-a78d-558263b66f1b{ip: 10.1.0.5, host: fv-az195-743.u3nnjwd0vyge1bu22idnsdeq2e.cx.internal.cloudapp.net, ports: [REPLICATION=46025, RATIS=40589, RATIS_ADMIN=40589, RATIS_SERVER=40589, STANDALONE=36143], networkLocation: /default-rack, certSerialId: null, persistedOpState: IN_SERVICE, persistedOpStateExpiryEpochSec: 0}, ReplicationConfig: RATIS/ONE, State:ALLOCATED, leaderId:, CreationTimestamp2021-09-16T19:34:43.037Z[Etc/UTC]].
2021-09-16 19:34:43,046 [Listener at 127.0.0.1/43789] INFO  http.BaseHttpServer (BaseHttpServer.java:newHttpServer2BuilderForOzone(209)) - Starting Web-server for hddsDatanode at: http://0.0.0.0:0
2021-09-16 19:34:43,046 [Listener at 127.0.0.1/43789] INFO  http.BaseHttpServer (BaseHttpServer.java:<init>(107)) - Hadoop Security Enabled: false Ozone Security Enabled: false Ozone HTTP Security Enabled: false 
2021-09-16 19:34:43,051 [Listener at 127.0.0.1/43789] INFO  server.AuthenticationFilter (AuthenticationFilter.java:constructSecretProvider(240)) - Unable to initialize FileSignerSecretProvider, falling back to use random secrets.
2021-09-16 19:34:43,114 [Listener at 127.0.0.1/43789] WARN  http.HttpRequestLog (HttpRequestLog.java:getRequestLog(103)) - Jetty request log can only be enabled using Log4j
2021-09-16 19:34:43,206 [Listener at 127.0.0.1/43789] INFO  http.HttpServer2 (HttpServer2.java:addGlobalFilter(1030)) - Added global filter 'safety' (class=org.apache.hadoop.hdds.server.http.HttpServer2$QuotingInputFilter)
2021-09-16 19:34:43,207 [Listener at 127.0.0.1/43789] INFO  http.HttpServer2 (HttpServer2.java:addFilter(1006)) - Added filter static_user_filter (class=org.apache.hadoop.http.lib.StaticUserWebFilter$StaticUserFilter) to context hddsDatanode
2021-09-16 19:34:43,207 [Listener at 127.0.0.1/43789] INFO  http.HttpServer2 (HttpServer2.java:addFilter(1014)) - Added filter static_user_filter (class=org.apache.hadoop.http.lib.StaticUserWebFilter$StaticUserFilter) to context static
2021-09-16 19:34:43,207 [Listener at 127.0.0.1/43789] INFO  http.HttpServer2 (HttpServer2.java:addFilter(1014)) - Added filter static_user_filter (class=org.apache.hadoop.http.lib.StaticUserWebFilter$StaticUserFilter) to context logs
2021-09-16 19:34:43,207 [Listener at 127.0.0.1/43789] INFO  http.HttpServer2 (HttpServer2.java:bindListener(1249)) - Jetty bound to port 45453
2021-09-16 19:34:43,207 [Listener at 127.0.0.1/43789] INFO  server.Server (Server.java:doStart(375)) - jetty-9.4.43.v20210629; built: 2021-06-30T11:07:22.254Z; git: 526006ecfa3af7f1a27ef3a288e2bef7ea9dd7e8; jvm 1.8.0_292-b10
2021-09-16 19:34:43,209 [Listener at 127.0.0.1/43789] INFO  server.session (DefaultSessionIdManager.java:doStart(334)) - DefaultSessionIdManager workerName=node0
2021-09-16 19:34:43,209 [Listener at 127.0.0.1/43789] INFO  server.session (DefaultSessionIdManager.java:doStart(339)) - No SessionScavenger set, using defaults
2021-09-16 19:34:43,212 [Listener at 127.0.0.1/43789] INFO  server.session (HouseKeeper.java:startScavenging(132)) - node0 Scavenging every 600000ms
2021-09-16 19:34:43,214 [Listener at 127.0.0.1/43789] INFO  handler.ContextHandler (ContextHandler.java:doStart(915)) - Started o.e.j.s.ServletContextHandler@4db8de9c{logs,/logs,file:///home/runner/work/ozone/ozone/hadoop-ozone/integration-test/target/log,AVAILABLE}
2021-09-16 19:34:43,214 [Listener at 127.0.0.1/43789] INFO  handler.ContextHandler (ContextHandler.java:doStart(915)) - Started o.e.j.s.ServletContextHandler@9882758{static,/static,jar:file:/home/runner/.m2/repository/org/apache/ozone/hdds-container-service/1.2.0-SNAPSHOT/hdds-container-service-1.2.0-SNAPSHOT.jar!/webapps/static,AVAILABLE}
2021-09-16 19:34:43,514 [Listener at 127.0.0.1/43789] INFO  handler.ContextHandler (ContextHandler.java:doStart(915)) - Started o.e.j.w.WebAppContext@71763cf2{hddsDatanode,/,file:///tmp/jetty-0_0_0_0-45453-hdds-container-service-1_2_0-SNAPSHOT_jar-_-any-3876979943200692857/webapp/,AVAILABLE}{jar:file:/home/runner/.m2/repository/org/apache/ozone/hdds-container-service/1.2.0-SNAPSHOT/hdds-container-service-1.2.0-SNAPSHOT.jar!/webapps/hddsDatanode}
2021-09-16 19:34:43,586 [Listener at 127.0.0.1/43789] INFO  server.AbstractConnector (AbstractConnector.java:doStart(331)) - Started ServerConnector@5fb539ba{HTTP/1.1, (http/1.1)}{0.0.0.0:45453}
2021-09-16 19:34:43,586 [Listener at 127.0.0.1/43789] INFO  server.Server (Server.java:doStart(415)) - Started @244087ms
2021-09-16 19:34:43,586 [Listener at 127.0.0.1/43789] WARN  impl.MetricsSystemImpl (MetricsSystemImpl.java:register(279)) - Sink prometheus already exists!
2021-09-16 19:34:43,587 [Listener at 127.0.0.1/43789] INFO  http.BaseHttpServer (BaseHttpServer.java:updateConnectorAddress(329)) - HTTP server of hddsDatanode listening at http://0.0.0.0:45453
2021-09-16 19:34:43,594 [Listener at 127.0.0.1/43789] WARN  impl.MetricRegistriesImpl (MetricRegistriesImpl.java:addReporterRegistration(111)) - New reporters are added after registries were created. Some metrics will be missing from the reporter. Please add reporter before adding any new registry.
2021-09-16 19:34:43,594 [Listener at 127.0.0.1/43789] WARN  impl.MetricRegistriesImpl (MetricRegistriesImpl.java:addReporterRegistration(111)) - New reporters are added after registries were created. Some metrics will be missing from the reporter. Please add reporter before adding any new registry.
2021-09-16 19:34:43,594 [Listener at 127.0.0.1/43789] INFO  impl.MetricsSystemImpl (MetricsSystemImpl.java:init(158)) - HddsDatanode metrics system started (again)
2021-09-16 19:34:43,604 [Datanode State Machine Thread - 0] INFO  statemachine.DatanodeStateMachine (DatanodeStateMachine.java:lambda$startDaemon$0(456)) - Ozone container server started.
2021-09-16 19:34:43,651 [Listener at 127.0.0.1/43789] INFO  ozone.HddsDatanodeService (HddsDatanodeService.java:start(234)) - HddsDatanodeService host:fv-az195-743.u3nnjwd0vyge1bu22idnsdeq2e.cx.internal.cloudapp.net ip:10.1.0.5
2021-09-16 19:34:43,690 [org.apache.hadoop.util.JvmPauseMonitor$Monitor@4ef65407] INFO  util.JvmPauseMonitor (JvmPauseMonitor.java:run(188)) - Starting JVM pause monitor
2021-09-16 19:34:43,691 [Datanode State Machine Task Thread - 0] INFO  datanode.InitDatanodeState (InitDatanodeState.java:persistContainerDatanodeDetails(145)) - DatanodeDetails is persisted to /home/runner/work/ozone/ozone/hadoop-ozone/integration-test/target/test-dir/MiniOzoneClusterImpl-4c5ee767-53d0-43e8-b9fb-bc60904004ee/datanode-6/meta/datanode.id
2021-09-16 19:34:43,756 [Listener at 127.0.0.1/43789] INFO  upgrade.AbstractLayoutVersionManager (AbstractLayoutVersionManager.java:init(79)) - Initializing Layout version manager with metadata layout = SCM_HA (version = 2), software layout = SCM_HA (version = 2)
2021-09-16 19:34:43,766 [EndpointStateMachine task thread for /0.0.0.0:44331 - 0 ] INFO  ozoneimpl.OzoneContainer (OzoneContainer.java:start(304)) - Attempting to start container services.
2021-09-16 19:34:43,766 [EndpointStateMachine task thread for /0.0.0.0:44331 - 0 ] INFO  ozoneimpl.OzoneContainer (OzoneContainer.java:startContainerScrub(249)) - Background container scanner has been disabled.
2021-09-16 19:34:43,767 [EndpointStateMachine task thread for /0.0.0.0:44331 - 0 ] INFO  replication.ReplicationServer (ReplicationServer.java:start(107)) - ReplicationServer is started using port 41533
2021-09-16 19:34:43,770 [EndpointStateMachine task thread for /0.0.0.0:44331 - 0 ] INFO  ratis.XceiverServerRatis (XceiverServerRatis.java:start(481)) - Starting XceiverServerRatis e8f13dfe-2d88-44e3-8dd8-bc613bb80fa9
2021-09-16 19:34:43,777 [EndpointStateMachine task thread for /0.0.0.0:44331 - 0 ] INFO  server.RaftServer (RaftServerProxy.java:lambda$start$5(374)) - e8f13dfe-2d88-44e3-8dd8-bc613bb80fa9: start RPC server
2021-09-16 19:34:43,780 [EndpointStateMachine task thread for /0.0.0.0:44331 - 0 ] INFO  server.GrpcService (GrpcService.java:startImpl(253)) - e8f13dfe-2d88-44e3-8dd8-bc613bb80fa9: GrpcService started, listening on 42057
2021-09-16 19:34:43,788 [EndpointStateMachine task thread for /0.0.0.0:44331 - 0 ] INFO  ratis.XceiverServerRatis (XceiverServerRatis.java:getRealPort(502)) - XceiverServerRatis e8f13dfe-2d88-44e3-8dd8-bc613bb80fa9 is started using port 42057 for RATIS
2021-09-16 19:34:43,788 [EndpointStateMachine task thread for /0.0.0.0:44331 - 0 ] INFO  ratis.XceiverServerRatis (XceiverServerRatis.java:getRealPort(502)) - XceiverServerRatis e8f13dfe-2d88-44e3-8dd8-bc613bb80fa9 is started using port 42057 for RATIS_ADMIN
2021-09-16 19:34:43,788 [EndpointStateMachine task thread for /0.0.0.0:44331 - 0 ] INFO  ratis.XceiverServerRatis (XceiverServerRatis.java:getRealPort(502)) - XceiverServerRatis e8f13dfe-2d88-44e3-8dd8-bc613bb80fa9 is started using port 42057 for RATIS_SERVER
2021-09-16 19:34:43,788 [EndpointStateMachine task thread for /0.0.0.0:44331 - 0 ] INFO  server.XceiverServerGrpc (XceiverServerGrpc.java:start(135)) - XceiverServerGrpc e8f13dfe-2d88-44e3-8dd8-bc613bb80fa9 is started using port 40795
2021-09-16 19:34:43,881 [org.apache.ratis.util.JvmPauseMonitor$$Lambda$531/459885056@58e6c6e3] INFO  util.JvmPauseMonitor (JvmPauseMonitor.java:run(103)) - JvmPauseMonitor-e8f13dfe-2d88-44e3-8dd8-bc613bb80fa9: Started
2021-09-16 19:34:43,939 [Listener at 127.0.0.1/43789] INFO  reflections.Reflections (Reflections.java:scan(232)) - Reflections took 181 ms to scan 7 urls, producing 119 keys and 275 values 
2021-09-16 19:34:43,962 [Listener at 127.0.0.1/43789] INFO  volume.HddsVolume (HddsVolume.java:<init>(120)) - Creating HddsVolume: /home/runner/work/ozone/ozone/hadoop-ozone/integration-test/target/test-dir/MiniOzoneClusterImpl-4c5ee767-53d0-43e8-b9fb-bc60904004ee/datanode-7/data-0/containers/hdds of storage type : DISK capacity : 9223372036854775807
2021-09-16 19:34:43,962 [Listener at 127.0.0.1/43789] INFO  volume.MutableVolumeSet (MutableVolumeSet.java:initializeVolumeSet(168)) - Added Volume : /home/runner/work/ozone/ozone/hadoop-ozone/integration-test/target/test-dir/MiniOzoneClusterImpl-4c5ee767-53d0-43e8-b9fb-bc60904004ee/datanode-7/data-0/containers/hdds to VolumeSet
2021-09-16 19:34:43,962 [Listener at 127.0.0.1/43789] INFO  volume.ThrottledAsyncChecker (ThrottledAsyncChecker.java:schedule(141)) - Scheduling a check for /home/runner/work/ozone/ozone/hadoop-ozone/integration-test/target/test-dir/MiniOzoneClusterImpl-4c5ee767-53d0-43e8-b9fb-bc60904004ee/datanode-7/data-0/containers/hdds
2021-09-16 19:34:43,969 [Listener at 127.0.0.1/43789] INFO  volume.StorageVolumeChecker (StorageVolumeChecker.java:checkAllVolumes(202)) - Scheduled health check for volume /home/runner/work/ozone/ozone/hadoop-ozone/integration-test/target/test-dir/MiniOzoneClusterImpl-4c5ee767-53d0-43e8-b9fb-bc60904004ee/datanode-7/data-0/containers/hdds
2021-09-16 19:34:43,988 [Listener at 127.0.0.1/43789] INFO  volume.MutableVolumeSet (MutableVolumeSet.java:initializeVolumeSet(168)) - Added Volume : /home/runner/work/ozone/ozone/hadoop-ozone/integration-test/target/test-dir/MiniOzoneClusterImpl-4c5ee767-53d0-43e8-b9fb-bc60904004ee/datanode-7/data/ratis to VolumeSet
2021-09-16 19:34:43,988 [Listener at 127.0.0.1/43789] INFO  volume.ThrottledAsyncChecker (ThrottledAsyncChecker.java:schedule(141)) - Scheduling a check for /home/runner/work/ozone/ozone/hadoop-ozone/integration-test/target/test-dir/MiniOzoneClusterImpl-4c5ee767-53d0-43e8-b9fb-bc60904004ee/datanode-7/data/ratis
2021-09-16 19:34:43,988 [Listener at 127.0.0.1/43789] INFO  volume.StorageVolumeChecker (StorageVolumeChecker.java:checkAllVolumes(202)) - Scheduled health check for volume /home/runner/work/ozone/ozone/hadoop-ozone/integration-test/target/test-dir/MiniOzoneClusterImpl-4c5ee767-53d0-43e8-b9fb-bc60904004ee/datanode-7/data/ratis
2021-09-16 19:34:44,006 [Thread-1805] INFO  ozoneimpl.ContainerReader (ContainerReader.java:readVolume(172)) - Finish verifying containers on volume /home/runner/work/ozone/ozone/hadoop-ozone/integration-test/target/test-dir/MiniOzoneClusterImpl-4c5ee767-53d0-43e8-b9fb-bc60904004ee/datanode-7/data-0/containers/hdds
2021-09-16 19:34:44,006 [Listener at 127.0.0.1/43789] INFO  ozoneimpl.OzoneContainer (OzoneContainer.java:buildContainerSet(236)) - Build ContainerSet costs 0s
2021-09-16 19:34:44,008 [Listener at 127.0.0.1/43789] INFO  server.RaftServer (ConfUtils.java:logGet(44)) - raft.rpc.type = GRPC (default)
2021-09-16 19:34:44,008 [Listener at 127.0.0.1/43789] INFO  grpc.GrpcFactory (GrpcFactory.java:checkPooledByteBufAllocatorUseCacheForAllThreads(48)) - PERFORMANCE WARNING: useCacheForAllThreads is true that may cause Netty to create a lot garbage objects and, as a result, trigger GC.
	It is recommended to disable useCacheForAllThreads by setting -Dorg.apache.ratis.thirdparty.io.netty.allocator.useCacheForAllThreads=false in command line.
2021-09-16 19:34:44,008 [Listener at 127.0.0.1/43789] INFO  grpc.GrpcConfigKeys (ConfUtils.java:logGet(44)) - raft.grpc.admin.port = 0 (custom)
2021-09-16 19:34:44,008 [Listener at 127.0.0.1/43789] INFO  grpc.GrpcConfigKeys (ConfUtils.java:logGet(44)) - raft.grpc.client.port = 0 (custom)
2021-09-16 19:34:44,008 [Listener at 127.0.0.1/43789] INFO  grpc.GrpcConfigKeys (ConfUtils.java:logGet(44)) - raft.grpc.server.port = 0 (default)
2021-09-16 19:34:44,008 [Listener at 127.0.0.1/43789] INFO  server.GrpcService (ConfUtils.java:logGet(44)) - raft.grpc.message.size.max = 32MB (=33554432) (custom)
2021-09-16 19:34:44,008 [Listener at 127.0.0.1/43789] INFO  server.RaftServerConfigKeys (ConfUtils.java:logGet(44)) - raft.server.log.appender.buffer.byte-limit = 33554432 (custom)
2021-09-16 19:34:44,009 [Listener at 127.0.0.1/43789] INFO  server.GrpcService (ConfUtils.java:logGet(44)) - raft.grpc.flow.control.window = 5MB (=5242880) (custom)
2021-09-16 19:34:44,009 [Listener at 127.0.0.1/43789] INFO  server.RaftServerConfigKeys (ConfUtils.java:logGet(44)) - raft.server.rpc.request.timeout = 3000ms (default)
2021-09-16 19:34:44,022 [Listener at 127.0.0.1/43789] INFO  impl.DataStreamServerImpl (ConfUtils.java:logGet(44)) - raft.datastream.type = DISABLED (default)
2021-09-16 19:34:44,022 [Listener at 127.0.0.1/43789] INFO  server.RaftServerConfigKeys (ConfUtils.java:logGet(44)) - raft.server.rpc.slowness.timeout = 300000ms (custom)
2021-09-16 19:34:44,022 [Listener at 127.0.0.1/43789] INFO  server.RaftServerConfigKeys (ConfUtils.java:logGet(44)) - raft.server.leaderelection.leader.step-down.wait-time = 10s (default)
2021-09-16 19:34:44,022 [Listener at 127.0.0.1/43789] INFO  server.RaftServerConfigKeys (ConfUtils.java:logGet(44)) - raft.server.storage.dir = [/home/runner/work/ozone/ozone/hadoop-ozone/integration-test/target/test-dir/MiniOzoneClusterImpl-4c5ee767-53d0-43e8-b9fb-bc60904004ee/datanode-7/data/ratis] (custom)
2021-09-16 19:34:44,025 [Listener at 127.0.0.1/43789] INFO  http.BaseHttpServer (BaseHttpServer.java:newHttpServer2BuilderForOzone(209)) - Starting Web-server for hddsDatanode at: http://0.0.0.0:0
2021-09-16 19:34:44,025 [Listener at 127.0.0.1/43789] INFO  http.BaseHttpServer (BaseHttpServer.java:<init>(107)) - Hadoop Security Enabled: false Ozone Security Enabled: false Ozone HTTP Security Enabled: false 
2021-09-16 19:34:44,026 [Listener at 127.0.0.1/43789] INFO  server.AuthenticationFilter (AuthenticationFilter.java:constructSecretProvider(240)) - Unable to initialize FileSignerSecretProvider, falling back to use random secrets.
2021-09-16 19:34:44,031 [Listener at 127.0.0.1/43789] WARN  http.HttpRequestLog (HttpRequestLog.java:getRequestLog(103)) - Jetty request log can only be enabled using Log4j
2021-09-16 19:34:44,031 [Listener at 127.0.0.1/43789] INFO  http.HttpServer2 (HttpServer2.java:addGlobalFilter(1030)) - Added global filter 'safety' (class=org.apache.hadoop.hdds.server.http.HttpServer2$QuotingInputFilter)
2021-09-16 19:34:44,032 [Listener at 127.0.0.1/43789] INFO  http.HttpServer2 (HttpServer2.java:addFilter(1006)) - Added filter static_user_filter (class=org.apache.hadoop.http.lib.StaticUserWebFilter$StaticUserFilter) to context hddsDatanode
2021-09-16 19:34:44,032 [Listener at 127.0.0.1/43789] INFO  http.HttpServer2 (HttpServer2.java:addFilter(1014)) - Added filter static_user_filter (class=org.apache.hadoop.http.lib.StaticUserWebFilter$StaticUserFilter) to context static
2021-09-16 19:34:44,032 [Listener at 127.0.0.1/43789] INFO  http.HttpServer2 (HttpServer2.java:addFilter(1014)) - Added filter static_user_filter (class=org.apache.hadoop.http.lib.StaticUserWebFilter$StaticUserFilter) to context logs
2021-09-16 19:34:44,032 [Listener at 127.0.0.1/43789] INFO  http.HttpServer2 (HttpServer2.java:bindListener(1249)) - Jetty bound to port 33031
2021-09-16 19:34:44,032 [Listener at 127.0.0.1/43789] INFO  server.Server (Server.java:doStart(375)) - jetty-9.4.43.v20210629; built: 2021-06-30T11:07:22.254Z; git: 526006ecfa3af7f1a27ef3a288e2bef7ea9dd7e8; jvm 1.8.0_292-b10
2021-09-16 19:34:44,046 [IPC Server handler 3 on default port 44331] INFO  net.NetworkTopologyImpl (NetworkTopologyImpl.java:add(112)) - Added a new node: /default-rack/39314213-52f4-4d5f-8765-d5d2e351be65
2021-09-16 19:34:44,046 [IPC Server handler 3 on default port 44331] INFO  node.SCMNodeManager (SCMNodeManager.java:register(389)) - Registered Data node : 39314213-52f4-4d5f-8765-d5d2e351be65{ip: 10.1.0.5, host: fv-az195-743.u3nnjwd0vyge1bu22idnsdeq2e.cx.internal.cloudapp.net, ports: [REPLICATION=36959, RATIS=40299, RATIS_ADMIN=40299, RATIS_SERVER=40299, STANDALONE=42345], networkLocation: /default-rack, certSerialId: null, persistedOpState: null, persistedOpStateExpiryEpochSec: 0}
2021-09-16 19:34:44,046 [EventQueue-NewNodeForNewNodeHandler] INFO  pipeline.BackgroundPipelineCreator (BackgroundPipelineCreatorV2.java:notifyEventTriggered(285)) - trigger a one-shot run on RatisPipelineUtilsThread.
2021-09-16 19:34:44,088 [Listener at 127.0.0.1/43789] INFO  server.session (DefaultSessionIdManager.java:doStart(334)) - DefaultSessionIdManager workerName=node0
2021-09-16 19:34:44,088 [Listener at 127.0.0.1/43789] INFO  server.session (DefaultSessionIdManager.java:doStart(339)) - No SessionScavenger set, using defaults
2021-09-16 19:34:44,088 [Listener at 127.0.0.1/43789] INFO  server.session (HouseKeeper.java:startScavenging(132)) - node0 Scavenging every 660000ms
2021-09-16 19:34:44,095 [Listener at 127.0.0.1/43789] INFO  handler.ContextHandler (ContextHandler.java:doStart(915)) - Started o.e.j.s.ServletContextHandler@46e1b54a{logs,/logs,file:///home/runner/work/ozone/ozone/hadoop-ozone/integration-test/target/log,AVAILABLE}
2021-09-16 19:34:44,095 [Listener at 127.0.0.1/43789] INFO  handler.ContextHandler (ContextHandler.java:doStart(915)) - Started o.e.j.s.ServletContextHandler@2bddd2ed{static,/static,jar:file:/home/runner/.m2/repository/org/apache/ozone/hdds-container-service/1.2.0-SNAPSHOT/hdds-container-service-1.2.0-SNAPSHOT.jar!/webapps/static,AVAILABLE}
2021-09-16 19:34:44,098 [RatisPipelineUtilsThread - 0] INFO  pipeline.RatisPipelineProvider (RatisPipelineProvider.java:lambda$create$0(183)) - Sending CreatePipelineCommand for pipeline:PipelineID=64695d0d-8b33-42d3-94a7-b7afa6fc76b7 to datanode:39314213-52f4-4d5f-8765-d5d2e351be65
2021-09-16 19:34:44,098 [RatisPipelineUtilsThread - 0] INFO  pipeline.PipelineStateManager (PipelineStateManagerV2Impl.java:addPipeline(101)) - Created pipeline Pipeline[ Id: 64695d0d-8b33-42d3-94a7-b7afa6fc76b7, Nodes: 39314213-52f4-4d5f-8765-d5d2e351be65{ip: 10.1.0.5, host: fv-az195-743.u3nnjwd0vyge1bu22idnsdeq2e.cx.internal.cloudapp.net, ports: [REPLICATION=36959, RATIS=40299, RATIS_ADMIN=40299, RATIS_SERVER=40299, STANDALONE=42345], networkLocation: /default-rack, certSerialId: null, persistedOpState: IN_SERVICE, persistedOpStateExpiryEpochSec: 0}, ReplicationConfig: RATIS/ONE, State:ALLOCATED, leaderId:, CreationTimestamp2021-09-16T19:34:44.098Z[Etc/UTC]].
2021-09-16 19:34:44,106 [EventQueue-NodeRegistrationContainerReportForDataNodeSafeModeRule] INFO  safemode.SCMSafeModeManager (DataNodeSafeModeRule.java:process(71)) - SCM in safe mode. 3 DataNodes registered, 3 required.
2021-09-16 19:34:44,106 [EventQueue-NodeRegistrationContainerReportForDataNodeSafeModeRule] INFO  safemode.SCMSafeModeManager (SCMSafeModeManager.java:validateSafeModeExitRules(204)) - DataNodeSafeModeRule rule is successfully validated
2021-09-16 19:34:44,106 [EventQueue-NodeRegistrationContainerReportForDataNodeSafeModeRule] INFO  safemode.SCMSafeModeManager (SCMSafeModeManager.java:completePreCheck(233)) - All SCM safe mode pre check rules have passed
2021-09-16 19:34:44,106 [EventQueue-NodeRegistrationContainerReportForDataNodeSafeModeRule] WARN  events.EventQueue (EventQueue.java:fireEvent(194)) - No event handler registered for event TypedEvent{payloadType=SafeModeStatus, name='Safe mode status'}
2021-09-16 19:34:44,106 [EventQueue-NodeRegistrationContainerReportForDataNodeSafeModeRule] INFO  ha.SCMContext (SCMContext.java:updateSafeModeStatus(205)) - Update SafeModeStatus from SafeModeStatus{safeModeStatus=true, preCheckPassed=false} to SafeModeStatus{safeModeStatus=true, preCheckPassed=true}.
2021-09-16 19:34:44,106 [EventQueue-NodeRegistrationContainerReportForDataNodeSafeModeRule] INFO  pipeline.BackgroundPipelineCreator (BackgroundPipelineCreatorV2.java:notifyEventTriggered(285)) - trigger a one-shot run on RatisPipelineUtilsThread.
2021-09-16 19:34:44,107 [RatisPipelineUtilsThread - 0] INFO  pipeline.RatisPipelineProvider (RatisPipelineProvider.java:lambda$create$0(183)) - Sending CreatePipelineCommand for pipeline:PipelineID=0e782f45-a9a8-4288-8131-1b930cd1d13f to datanode:39314213-52f4-4d5f-8765-d5d2e351be65
2021-09-16 19:34:44,107 [RatisPipelineUtilsThread - 0] INFO  pipeline.RatisPipelineProvider (RatisPipelineProvider.java:lambda$create$0(183)) - Sending CreatePipelineCommand for pipeline:PipelineID=0e782f45-a9a8-4288-8131-1b930cd1d13f to datanode:63deab9d-b01f-425d-a78d-558263b66f1b
2021-09-16 19:34:44,107 [RatisPipelineUtilsThread - 0] INFO  pipeline.RatisPipelineProvider (RatisPipelineProvider.java:lambda$create$0(183)) - Sending CreatePipelineCommand for pipeline:PipelineID=0e782f45-a9a8-4288-8131-1b930cd1d13f to datanode:67d2e683-5568-476c-afe3-e1175f298156
2021-09-16 19:34:44,107 [RatisPipelineUtilsThread - 0] INFO  pipeline.PipelineStateManager (PipelineStateManagerV2Impl.java:addPipeline(101)) - Created pipeline Pipeline[ Id: 0e782f45-a9a8-4288-8131-1b930cd1d13f, Nodes: 39314213-52f4-4d5f-8765-d5d2e351be65{ip: 10.1.0.5, host: fv-az195-743.u3nnjwd0vyge1bu22idnsdeq2e.cx.internal.cloudapp.net, ports: [REPLICATION=36959, RATIS=40299, RATIS_ADMIN=40299, RATIS_SERVER=40299, STANDALONE=42345], networkLocation: /default-rack, certSerialId: null, persistedOpState: IN_SERVICE, persistedOpStateExpiryEpochSec: 0}63deab9d-b01f-425d-a78d-558263b66f1b{ip: 10.1.0.5, host: fv-az195-743.u3nnjwd0vyge1bu22idnsdeq2e.cx.internal.cloudapp.net, ports: [REPLICATION=46025, RATIS=40589, RATIS_ADMIN=40589, RATIS_SERVER=40589, STANDALONE=36143], networkLocation: /default-rack, certSerialId: null, persistedOpState: IN_SERVICE, persistedOpStateExpiryEpochSec: 0}67d2e683-5568-476c-afe3-e1175f298156{ip: 10.1.0.5, host: fv-az195-743.u3nnjwd0vyge1bu22idnsdeq2e.cx.internal.cloudapp.net, ports: [REPLICATION=35779, RATIS=44345, RATIS_ADMIN=44345, RATIS_SERVER=44345, STANDALONE=37889], networkLocation: /default-rack, certSerialId: null, persistedOpState: IN_SERVICE, persistedOpStateExpiryEpochSec: 0}, ReplicationConfig: RATIS/THREE, State:ALLOCATED, leaderId:, CreationTimestamp2021-09-16T19:34:44.107Z[Etc/UTC]].
2021-09-16 19:34:44,187 [Listener at 127.0.0.1/43789] INFO  handler.ContextHandler (ContextHandler.java:doStart(915)) - Started o.e.j.w.WebAppContext@63d10a3b{hddsDatanode,/,file:///tmp/jetty-0_0_0_0-33031-hdds-container-service-1_2_0-SNAPSHOT_jar-_-any-3023530014127287613/webapp/,AVAILABLE}{jar:file:/home/runner/.m2/repository/org/apache/ozone/hdds-container-service/1.2.0-SNAPSHOT/hdds-container-service-1.2.0-SNAPSHOT.jar!/webapps/hddsDatanode}
2021-09-16 19:34:44,206 [Listener at 127.0.0.1/43789] INFO  server.AbstractConnector (AbstractConnector.java:doStart(331)) - Started ServerConnector@70cf3097{HTTP/1.1, (http/1.1)}{0.0.0.0:33031}
2021-09-16 19:34:44,206 [Listener at 127.0.0.1/43789] INFO  server.Server (Server.java:doStart(415)) - Started @244707ms
2021-09-16 19:34:44,206 [Listener at 127.0.0.1/43789] WARN  impl.MetricsSystemImpl (MetricsSystemImpl.java:register(279)) - Sink prometheus already exists!
2021-09-16 19:34:44,207 [Listener at 127.0.0.1/43789] INFO  http.BaseHttpServer (BaseHttpServer.java:updateConnectorAddress(329)) - HTTP server of hddsDatanode listening at http://0.0.0.0:33031
2021-09-16 19:34:44,207 [Listener at 127.0.0.1/43789] WARN  impl.MetricRegistriesImpl (MetricRegistriesImpl.java:addReporterRegistration(111)) - New reporters are added after registries were created. Some metrics will be missing from the reporter. Please add reporter before adding any new registry.
2021-09-16 19:34:44,207 [Listener at 127.0.0.1/43789] WARN  impl.MetricRegistriesImpl (MetricRegistriesImpl.java:addReporterRegistration(111)) - New reporters are added after registries were created. Some metrics will be missing from the reporter. Please add reporter before adding any new registry.
2021-09-16 19:34:44,207 [Listener at 127.0.0.1/43789] INFO  impl.MetricsSystemImpl (MetricsSystemImpl.java:init(158)) - HddsDatanode metrics system started (again)
2021-09-16 19:34:44,236 [Datanode State Machine Thread - 0] INFO  statemachine.DatanodeStateMachine (DatanodeStateMachine.java:lambda$startDaemon$0(456)) - Ozone container server started.
2021-09-16 19:34:44,312 [org.apache.hadoop.util.JvmPauseMonitor$Monitor@1b831237] INFO  util.JvmPauseMonitor (JvmPauseMonitor.java:run(188)) - Starting JVM pause monitor
2021-09-16 19:34:44,374 [Datanode State Machine Task Thread - 0] INFO  datanode.InitDatanodeState (InitDatanodeState.java:persistContainerDatanodeDetails(145)) - DatanodeDetails is persisted to /home/runner/work/ozone/ozone/hadoop-ozone/integration-test/target/test-dir/MiniOzoneClusterImpl-4c5ee767-53d0-43e8-b9fb-bc60904004ee/datanode-7/meta/datanode.id
2021-09-16 19:34:44,388 [Listener at 127.0.0.1/43789] INFO  ozone.HddsDatanodeService (HddsDatanodeService.java:start(234)) - HddsDatanodeService host:fv-az195-743.u3nnjwd0vyge1bu22idnsdeq2e.cx.internal.cloudapp.net ip:10.1.0.5
2021-09-16 19:34:44,456 [Listener at 127.0.0.1/43789] INFO  upgrade.AbstractLayoutVersionManager (AbstractLayoutVersionManager.java:init(79)) - Initializing Layout version manager with metadata layout = SCM_HA (version = 2), software layout = SCM_HA (version = 2)
2021-09-16 19:34:44,556 [EndpointStateMachine task thread for /0.0.0.0:44331 - 0 ] INFO  ozoneimpl.OzoneContainer (OzoneContainer.java:start(304)) - Attempting to start container services.
2021-09-16 19:34:44,556 [EndpointStateMachine task thread for /0.0.0.0:44331 - 0 ] INFO  ozoneimpl.OzoneContainer (OzoneContainer.java:startContainerScrub(249)) - Background container scanner has been disabled.
2021-09-16 19:34:44,561 [EndpointStateMachine task thread for /0.0.0.0:44331 - 0 ] INFO  replication.ReplicationServer (ReplicationServer.java:start(107)) - ReplicationServer is started using port 41341
2021-09-16 19:34:44,614 [EndpointStateMachine task thread for /0.0.0.0:44331 - 0 ] INFO  ratis.XceiverServerRatis (XceiverServerRatis.java:start(481)) - Starting XceiverServerRatis de4d5c13-4a27-410b-b35a-5584c5652eab
2021-09-16 19:34:44,623 [Listener at 127.0.0.1/43789] INFO  reflections.Reflections (Reflections.java:scan(232)) - Reflections took 166 ms to scan 7 urls, producing 119 keys and 275 values 
2021-09-16 19:34:44,634 [EndpointStateMachine task thread for /0.0.0.0:44331 - 0 ] INFO  server.RaftServer (RaftServerProxy.java:lambda$start$5(374)) - de4d5c13-4a27-410b-b35a-5584c5652eab: start RPC server
2021-09-16 19:34:44,636 [EndpointStateMachine task thread for /0.0.0.0:44331 - 0 ] INFO  server.GrpcService (GrpcService.java:startImpl(253)) - de4d5c13-4a27-410b-b35a-5584c5652eab: GrpcService started, listening on 33691
2021-09-16 19:34:44,650 [Listener at 127.0.0.1/43789] INFO  volume.HddsVolume (HddsVolume.java:<init>(120)) - Creating HddsVolume: /home/runner/work/ozone/ozone/hadoop-ozone/integration-test/target/test-dir/MiniOzoneClusterImpl-4c5ee767-53d0-43e8-b9fb-bc60904004ee/datanode-8/data-0/containers/hdds of storage type : DISK capacity : 9223372036854775807
2021-09-16 19:34:44,650 [Listener at 127.0.0.1/43789] INFO  volume.MutableVolumeSet (MutableVolumeSet.java:initializeVolumeSet(168)) - Added Volume : /home/runner/work/ozone/ozone/hadoop-ozone/integration-test/target/test-dir/MiniOzoneClusterImpl-4c5ee767-53d0-43e8-b9fb-bc60904004ee/datanode-8/data-0/containers/hdds to VolumeSet
2021-09-16 19:34:44,650 [Listener at 127.0.0.1/43789] INFO  volume.ThrottledAsyncChecker (ThrottledAsyncChecker.java:schedule(141)) - Scheduling a check for /home/runner/work/ozone/ozone/hadoop-ozone/integration-test/target/test-dir/MiniOzoneClusterImpl-4c5ee767-53d0-43e8-b9fb-bc60904004ee/datanode-8/data-0/containers/hdds
2021-09-16 19:34:44,676 [Listener at 127.0.0.1/43789] INFO  volume.StorageVolumeChecker (StorageVolumeChecker.java:checkAllVolumes(202)) - Scheduled health check for volume /home/runner/work/ozone/ozone/hadoop-ozone/integration-test/target/test-dir/MiniOzoneClusterImpl-4c5ee767-53d0-43e8-b9fb-bc60904004ee/datanode-8/data-0/containers/hdds
2021-09-16 19:34:44,690 [EndpointStateMachine task thread for /0.0.0.0:44331 - 0 ] INFO  ratis.XceiverServerRatis (XceiverServerRatis.java:getRealPort(502)) - XceiverServerRatis de4d5c13-4a27-410b-b35a-5584c5652eab is started using port 33691 for RATIS
2021-09-16 19:34:44,690 [EndpointStateMachine task thread for /0.0.0.0:44331 - 0 ] INFO  ratis.XceiverServerRatis (XceiverServerRatis.java:getRealPort(502)) - XceiverServerRatis de4d5c13-4a27-410b-b35a-5584c5652eab is started using port 33691 for RATIS_ADMIN
2021-09-16 19:34:44,690 [EndpointStateMachine task thread for /0.0.0.0:44331 - 0 ] INFO  ratis.XceiverServerRatis (XceiverServerRatis.java:getRealPort(502)) - XceiverServerRatis de4d5c13-4a27-410b-b35a-5584c5652eab is started using port 33691 for RATIS_SERVER
2021-09-16 19:34:44,690 [org.apache.ratis.util.JvmPauseMonitor$$Lambda$531/459885056@10279163] INFO  util.JvmPauseMonitor (JvmPauseMonitor.java:run(103)) - JvmPauseMonitor-de4d5c13-4a27-410b-b35a-5584c5652eab: Started
2021-09-16 19:34:44,694 [EndpointStateMachine task thread for /0.0.0.0:44331 - 0 ] INFO  server.XceiverServerGrpc (XceiverServerGrpc.java:start(135)) - XceiverServerGrpc de4d5c13-4a27-410b-b35a-5584c5652eab is started using port 40479
2021-09-16 19:34:44,794 [Listener at 127.0.0.1/43789] INFO  volume.MutableVolumeSet (MutableVolumeSet.java:initializeVolumeSet(168)) - Added Volume : /home/runner/work/ozone/ozone/hadoop-ozone/integration-test/target/test-dir/MiniOzoneClusterImpl-4c5ee767-53d0-43e8-b9fb-bc60904004ee/datanode-8/data/ratis to VolumeSet
2021-09-16 19:34:44,794 [Listener at 127.0.0.1/43789] INFO  volume.ThrottledAsyncChecker (ThrottledAsyncChecker.java:schedule(141)) - Scheduling a check for /home/runner/work/ozone/ozone/hadoop-ozone/integration-test/target/test-dir/MiniOzoneClusterImpl-4c5ee767-53d0-43e8-b9fb-bc60904004ee/datanode-8/data/ratis
2021-09-16 19:34:44,796 [Listener at 127.0.0.1/43789] INFO  volume.StorageVolumeChecker (StorageVolumeChecker.java:checkAllVolumes(202)) - Scheduled health check for volume /home/runner/work/ozone/ozone/hadoop-ozone/integration-test/target/test-dir/MiniOzoneClusterImpl-4c5ee767-53d0-43e8-b9fb-bc60904004ee/datanode-8/data/ratis
2021-09-16 19:34:44,821 [Thread-1821] INFO  ozoneimpl.ContainerReader (ContainerReader.java:readVolume(172)) - Finish verifying containers on volume /home/runner/work/ozone/ozone/hadoop-ozone/integration-test/target/test-dir/MiniOzoneClusterImpl-4c5ee767-53d0-43e8-b9fb-bc60904004ee/datanode-8/data-0/containers/hdds
2021-09-16 19:34:44,821 [Listener at 127.0.0.1/43789] INFO  ozoneimpl.OzoneContainer (OzoneContainer.java:buildContainerSet(236)) - Build ContainerSet costs 0s
2021-09-16 19:34:44,823 [Listener at 127.0.0.1/43789] INFO  server.RaftServer (ConfUtils.java:logGet(44)) - raft.rpc.type = GRPC (default)
2021-09-16 19:34:44,823 [Listener at 127.0.0.1/43789] INFO  grpc.GrpcFactory (GrpcFactory.java:checkPooledByteBufAllocatorUseCacheForAllThreads(48)) - PERFORMANCE WARNING: useCacheForAllThreads is true that may cause Netty to create a lot garbage objects and, as a result, trigger GC.
	It is recommended to disable useCacheForAllThreads by setting -Dorg.apache.ratis.thirdparty.io.netty.allocator.useCacheForAllThreads=false in command line.
2021-09-16 19:34:44,823 [Listener at 127.0.0.1/43789] INFO  grpc.GrpcConfigKeys (ConfUtils.java:logGet(44)) - raft.grpc.admin.port = 0 (custom)
2021-09-16 19:34:44,823 [Listener at 127.0.0.1/43789] INFO  grpc.GrpcConfigKeys (ConfUtils.java:logGet(44)) - raft.grpc.client.port = 0 (custom)
2021-09-16 19:34:44,823 [Listener at 127.0.0.1/43789] INFO  grpc.GrpcConfigKeys (ConfUtils.java:logGet(44)) - raft.grpc.server.port = 0 (default)
2021-09-16 19:34:44,823 [Listener at 127.0.0.1/43789] INFO  server.GrpcService (ConfUtils.java:logGet(44)) - raft.grpc.message.size.max = 32MB (=33554432) (custom)
2021-09-16 19:34:44,823 [Listener at 127.0.0.1/43789] INFO  server.RaftServerConfigKeys (ConfUtils.java:logGet(44)) - raft.server.log.appender.buffer.byte-limit = 33554432 (custom)
2021-09-16 19:34:44,824 [Listener at 127.0.0.1/43789] INFO  server.GrpcService (ConfUtils.java:logGet(44)) - raft.grpc.flow.control.window = 5MB (=5242880) (custom)
2021-09-16 19:34:44,824 [Listener at 127.0.0.1/43789] INFO  server.RaftServerConfigKeys (ConfUtils.java:logGet(44)) - raft.server.rpc.request.timeout = 3000ms (default)
2021-09-16 19:34:44,825 [Listener at 127.0.0.1/43789] INFO  impl.DataStreamServerImpl (ConfUtils.java:logGet(44)) - raft.datastream.type = DISABLED (default)
2021-09-16 19:34:44,825 [Listener at 127.0.0.1/43789] INFO  server.RaftServerConfigKeys (ConfUtils.java:logGet(44)) - raft.server.rpc.slowness.timeout = 300000ms (custom)
2021-09-16 19:34:44,825 [Listener at 127.0.0.1/43789] INFO  server.RaftServerConfigKeys (ConfUtils.java:logGet(44)) - raft.server.leaderelection.leader.step-down.wait-time = 10s (default)
2021-09-16 19:34:44,825 [Listener at 127.0.0.1/43789] INFO  server.RaftServerConfigKeys (ConfUtils.java:logGet(44)) - raft.server.storage.dir = [/home/runner/work/ozone/ozone/hadoop-ozone/integration-test/target/test-dir/MiniOzoneClusterImpl-4c5ee767-53d0-43e8-b9fb-bc60904004ee/datanode-8/data/ratis] (custom)
2021-09-16 19:34:44,844 [Listener at 127.0.0.1/43789] INFO  http.BaseHttpServer (BaseHttpServer.java:newHttpServer2BuilderForOzone(209)) - Starting Web-server for hddsDatanode at: http://0.0.0.0:0
2021-09-16 19:34:44,844 [Listener at 127.0.0.1/43789] INFO  http.BaseHttpServer (BaseHttpServer.java:<init>(107)) - Hadoop Security Enabled: false Ozone Security Enabled: false Ozone HTTP Security Enabled: false 
2021-09-16 19:34:44,845 [Listener at 127.0.0.1/43789] INFO  server.AuthenticationFilter (AuthenticationFilter.java:constructSecretProvider(240)) - Unable to initialize FileSignerSecretProvider, falling back to use random secrets.
2021-09-16 19:34:44,845 [Listener at 127.0.0.1/43789] WARN  http.HttpRequestLog (HttpRequestLog.java:getRequestLog(103)) - Jetty request log can only be enabled using Log4j
2021-09-16 19:34:44,846 [Listener at 127.0.0.1/43789] INFO  http.HttpServer2 (HttpServer2.java:addGlobalFilter(1030)) - Added global filter 'safety' (class=org.apache.hadoop.hdds.server.http.HttpServer2$QuotingInputFilter)
2021-09-16 19:34:44,846 [Listener at 127.0.0.1/43789] INFO  http.HttpServer2 (HttpServer2.java:addFilter(1006)) - Added filter static_user_filter (class=org.apache.hadoop.http.lib.StaticUserWebFilter$StaticUserFilter) to context hddsDatanode
2021-09-16 19:34:44,846 [Listener at 127.0.0.1/43789] INFO  http.HttpServer2 (HttpServer2.java:addFilter(1014)) - Added filter static_user_filter (class=org.apache.hadoop.http.lib.StaticUserWebFilter$StaticUserFilter) to context static
2021-09-16 19:34:44,846 [Listener at 127.0.0.1/43789] INFO  http.HttpServer2 (HttpServer2.java:addFilter(1014)) - Added filter static_user_filter (class=org.apache.hadoop.http.lib.StaticUserWebFilter$StaticUserFilter) to context logs
2021-09-16 19:34:44,847 [Listener at 127.0.0.1/43789] INFO  http.HttpServer2 (HttpServer2.java:bindListener(1249)) - Jetty bound to port 40437
2021-09-16 19:34:44,847 [Listener at 127.0.0.1/43789] INFO  server.Server (Server.java:doStart(375)) - jetty-9.4.43.v20210629; built: 2021-06-30T11:07:22.254Z; git: 526006ecfa3af7f1a27ef3a288e2bef7ea9dd7e8; jvm 1.8.0_292-b10
2021-09-16 19:34:44,859 [Listener at 127.0.0.1/43789] INFO  server.session (DefaultSessionIdManager.java:doStart(334)) - DefaultSessionIdManager workerName=node0
2021-09-16 19:34:44,860 [Listener at 127.0.0.1/43789] INFO  server.session (DefaultSessionIdManager.java:doStart(339)) - No SessionScavenger set, using defaults
2021-09-16 19:34:44,860 [Listener at 127.0.0.1/43789] INFO  server.session (HouseKeeper.java:startScavenging(132)) - node0 Scavenging every 660000ms
2021-09-16 19:34:44,863 [Listener at 127.0.0.1/43789] INFO  handler.ContextHandler (ContextHandler.java:doStart(915)) - Started o.e.j.s.ServletContextHandler@44774e0{logs,/logs,file:///home/runner/work/ozone/ozone/hadoop-ozone/integration-test/target/log,AVAILABLE}
2021-09-16 19:34:44,863 [Listener at 127.0.0.1/43789] INFO  handler.ContextHandler (ContextHandler.java:doStart(915)) - Started o.e.j.s.ServletContextHandler@497c738f{static,/static,jar:file:/home/runner/.m2/repository/org/apache/ozone/hdds-container-service/1.2.0-SNAPSHOT/hdds-container-service-1.2.0-SNAPSHOT.jar!/webapps/static,AVAILABLE}
2021-09-16 19:34:44,898 [IPC Server handler 1 on default port 44331] INFO  net.NetworkTopologyImpl (NetworkTopologyImpl.java:add(112)) - Added a new node: /default-rack/1226f225-3abd-46f9-90c8-da28d00f4d36
2021-09-16 19:34:44,898 [IPC Server handler 1 on default port 44331] INFO  node.SCMNodeManager (SCMNodeManager.java:register(389)) - Registered Data node : 1226f225-3abd-46f9-90c8-da28d00f4d36{ip: 10.1.0.5, host: fv-az195-743.u3nnjwd0vyge1bu22idnsdeq2e.cx.internal.cloudapp.net, ports: [REPLICATION=46313, RATIS=44993, RATIS_ADMIN=44993, RATIS_SERVER=44993, STANDALONE=43383], networkLocation: /default-rack, certSerialId: null, persistedOpState: null, persistedOpStateExpiryEpochSec: 0}
2021-09-16 19:34:44,901 [EventQueue-NewNodeForNewNodeHandler] INFO  pipeline.BackgroundPipelineCreator (BackgroundPipelineCreatorV2.java:notifyEventTriggered(285)) - trigger a one-shot run on RatisPipelineUtilsThread.
2021-09-16 19:34:44,902 [RatisPipelineUtilsThread - 0] INFO  pipeline.RatisPipelineProvider (RatisPipelineProvider.java:lambda$create$0(183)) - Sending CreatePipelineCommand for pipeline:PipelineID=e90c249c-3893-456e-8a1f-e0ffb7a54584 to datanode:1226f225-3abd-46f9-90c8-da28d00f4d36
2021-09-16 19:34:44,902 [RatisPipelineUtilsThread - 0] INFO  pipeline.PipelineStateManager (PipelineStateManagerV2Impl.java:addPipeline(101)) - Created pipeline Pipeline[ Id: e90c249c-3893-456e-8a1f-e0ffb7a54584, Nodes: 1226f225-3abd-46f9-90c8-da28d00f4d36{ip: 10.1.0.5, host: fv-az195-743.u3nnjwd0vyge1bu22idnsdeq2e.cx.internal.cloudapp.net, ports: [REPLICATION=46313, RATIS=44993, RATIS_ADMIN=44993, RATIS_SERVER=44993, STANDALONE=43383], networkLocation: /default-rack, certSerialId: null, persistedOpState: IN_SERVICE, persistedOpStateExpiryEpochSec: 0}, ReplicationConfig: RATIS/ONE, State:ALLOCATED, leaderId:, CreationTimestamp2021-09-16T19:34:44.902Z[Etc/UTC]].
2021-09-16 19:34:45,102 [Listener at 127.0.0.1/43789] INFO  handler.ContextHandler (ContextHandler.java:doStart(915)) - Started o.e.j.w.WebAppContext@53800294{hddsDatanode,/,file:///tmp/jetty-0_0_0_0-40437-hdds-container-service-1_2_0-SNAPSHOT_jar-_-any-2423006579279059529/webapp/,AVAILABLE}{jar:file:/home/runner/.m2/repository/org/apache/ozone/hdds-container-service/1.2.0-SNAPSHOT/hdds-container-service-1.2.0-SNAPSHOT.jar!/webapps/hddsDatanode}
2021-09-16 19:34:45,122 [Listener at 127.0.0.1/43789] INFO  server.AbstractConnector (AbstractConnector.java:doStart(331)) - Started ServerConnector@3756c3f5{HTTP/1.1, (http/1.1)}{0.0.0.0:40437}
2021-09-16 19:34:45,122 [Listener at 127.0.0.1/43789] INFO  server.Server (Server.java:doStart(415)) - Started @245623ms
2021-09-16 19:34:45,141 [Listener at 127.0.0.1/43789] WARN  impl.MetricsSystemImpl (MetricsSystemImpl.java:register(279)) - Sink prometheus already exists!
2021-09-16 19:34:45,146 [Listener at 127.0.0.1/43789] INFO  http.BaseHttpServer (BaseHttpServer.java:updateConnectorAddress(329)) - HTTP server of hddsDatanode listening at http://0.0.0.0:40437
2021-09-16 19:34:45,174 [Datanode State Machine Thread - 0] INFO  statemachine.DatanodeStateMachine (DatanodeStateMachine.java:lambda$startDaemon$0(456)) - Ozone container server started.
2021-09-16 19:34:45,174 [Listener at 127.0.0.1/43789] INFO  ozone.MiniOzoneClusterImpl (MiniOzoneClusterImpl.java:lambda$waitForClusterToBeReady$0(235)) - Waiting for nodes to be ready. Got 4 of 9 DN Heartbeats.
2021-09-16 19:34:45,174 [Listener at 127.0.0.1/43789] INFO  ozone.MiniOzoneClusterImpl (MiniOzoneClusterImpl.java:lambda$waitForClusterToBeReady$0(238)) - Waiting for cluster to exit safe mode
2021-09-16 19:34:45,174 [Listener at 127.0.0.1/43789] INFO  ozone.MiniOzoneClusterImpl (MiniOzoneClusterImpl.java:lambda$waitForClusterToBeReady$0(240)) - SCM became leader
2021-09-16 19:34:45,234 [org.apache.hadoop.util.JvmPauseMonitor$Monitor@7f0a3500] INFO  util.JvmPauseMonitor (JvmPauseMonitor.java:run(188)) - Starting JVM pause monitor
2021-09-16 19:34:45,298 [Datanode State Machine Task Thread - 0] INFO  datanode.InitDatanodeState (InitDatanodeState.java:persistContainerDatanodeDetails(145)) - DatanodeDetails is persisted to /home/runner/work/ozone/ozone/hadoop-ozone/integration-test/target/test-dir/MiniOzoneClusterImpl-4c5ee767-53d0-43e8-b9fb-bc60904004ee/datanode-8/meta/datanode.id
2021-09-16 19:34:45,666 [Command processor thread] INFO  server.RaftServer (RaftServerProxy.java:addNew(95)) - 67d2e683-5568-476c-afe3-e1175f298156: addNew group-F5E9999AB343:[67d2e683-5568-476c-afe3-e1175f298156|rpc:10.1.0.5:44345|priority:1] returns group-F5E9999AB343:java.util.concurrent.CompletableFuture@3c6e732b[Not completed]
2021-09-16 19:34:45,703 [pool-787-thread-1] INFO  server.RaftServer$Division (RaftServerImpl.java:<init>(181)) - 67d2e683-5568-476c-afe3-e1175f298156: new RaftServerImpl for group-F5E9999AB343:[67d2e683-5568-476c-afe3-e1175f298156|rpc:10.1.0.5:44345|priority:1] with ContainerStateMachine:uninitialized
2021-09-16 19:34:45,703 [pool-787-thread-1] INFO  server.RaftServerConfigKeys (ConfUtils.java:logGet(44)) - raft.server.rpc.timeout.min = 5s (custom)
2021-09-16 19:34:45,703 [pool-787-thread-1] INFO  server.RaftServerConfigKeys (ConfUtils.java:logGet(44)) - raft.server.rpc.timeout.max = 5200ms (custom)
2021-09-16 19:34:45,703 [pool-787-thread-1] INFO  server.RaftServerConfigKeys (ConfUtils.java:logGet(44)) - raft.server.rpc.sleep.time = 25ms (default)
2021-09-16 19:34:45,703 [pool-787-thread-1] INFO  server.RaftServerConfigKeys (ConfUtils.java:logGet(44)) - raft.server.rpc.slowness.timeout = 300000ms (custom)
2021-09-16 19:34:45,703 [pool-787-thread-1] INFO  server.RaftServerConfigKeys (ConfUtils.java:logGet(44)) - raft.server.leaderelection.leader.step-down.wait-time = 10s (default)
2021-09-16 19:34:45,703 [pool-787-thread-1] INFO  server.RaftServerConfigKeys (ConfUtils.java:logGet(44)) - raft.server.sleep.deviation.threshold = 300ms (default)
2021-09-16 19:34:45,703 [pool-787-thread-1] INFO  server.RaftServerConfigKeys (ConfUtils.java:logGet(44)) - raft.server.log.appender.install.snapshot.enabled = false (custom)
2021-09-16 19:34:45,703 [pool-787-thread-1] INFO  server.RaftServer$Division (ServerState.java:<init>(105)) - 67d2e683-5568-476c-afe3-e1175f298156@group-F5E9999AB343: ConfigurationManager, init=-1: [67d2e683-5568-476c-afe3-e1175f298156|rpc:10.1.0.5:44345|priority:1], old=null, confs=<EMPTY_MAP>
2021-09-16 19:34:45,703 [pool-787-thread-1] INFO  server.RaftServerConfigKeys (ConfUtils.java:logGet(44)) - raft.server.storage.dir = [/home/runner/work/ozone/ozone/hadoop-ozone/integration-test/target/test-dir/MiniOzoneClusterImpl-4c5ee767-53d0-43e8-b9fb-bc60904004ee/datanode-0/data/ratis] (custom)
2021-09-16 19:34:45,703 [pool-787-thread-1] INFO  server.RaftServerConfigKeys (ConfUtils.java:logGet(44)) - raft.server.log.corruption.policy = EXCEPTION (default)
2021-09-16 19:34:45,704 [pool-787-thread-1] INFO  server.RaftServerConfigKeys (ConfUtils.java:logGet(44)) - raft.server.storage.free-space.min = 0MB (=0) (default)
2021-09-16 19:34:45,704 [pool-787-thread-1] INFO  storage.RaftStorageDirectory (RaftStorageDirectoryImpl.java:analyzeStorage(135)) - The storage directory /home/runner/work/ozone/ozone/hadoop-ozone/integration-test/target/test-dir/MiniOzoneClusterImpl-4c5ee767-53d0-43e8-b9fb-bc60904004ee/datanode-0/data/ratis/ee66ac76-522d-41ac-9582-f5e9999ab343 does not exist. Creating ...
2021-09-16 19:34:45,744 [IPC Server handler 1 on default port 44331] INFO  net.NetworkTopologyImpl (NetworkTopologyImpl.java:add(112)) - Added a new node: /default-rack/e8f13dfe-2d88-44e3-8dd8-bc613bb80fa9
2021-09-16 19:34:45,744 [IPC Server handler 1 on default port 44331] INFO  node.SCMNodeManager (SCMNodeManager.java:register(389)) - Registered Data node : e8f13dfe-2d88-44e3-8dd8-bc613bb80fa9{ip: 10.1.0.5, host: fv-az195-743.u3nnjwd0vyge1bu22idnsdeq2e.cx.internal.cloudapp.net, ports: [REPLICATION=41533, RATIS=42057, RATIS_ADMIN=42057, RATIS_SERVER=42057, STANDALONE=40795], networkLocation: /default-rack, certSerialId: null, persistedOpState: null, persistedOpStateExpiryEpochSec: 0}
2021-09-16 19:34:45,744 [EventQueue-NewNodeForNewNodeHandler] INFO  pipeline.BackgroundPipelineCreator (BackgroundPipelineCreatorV2.java:notifyEventTriggered(285)) - trigger a one-shot run on RatisPipelineUtilsThread.
2021-09-16 19:34:45,744 [RatisPipelineUtilsThread - 0] INFO  pipeline.RatisPipelineProvider (RatisPipelineProvider.java:lambda$create$0(183)) - Sending CreatePipelineCommand for pipeline:PipelineID=254d7187-a969-4d72-a6be-43b6f6859f31 to datanode:e8f13dfe-2d88-44e3-8dd8-bc613bb80fa9
2021-09-16 19:34:45,745 [RatisPipelineUtilsThread - 0] INFO  pipeline.PipelineStateManager (PipelineStateManagerV2Impl.java:addPipeline(101)) - Created pipeline Pipeline[ Id: 254d7187-a969-4d72-a6be-43b6f6859f31, Nodes: e8f13dfe-2d88-44e3-8dd8-bc613bb80fa9{ip: 10.1.0.5, host: fv-az195-743.u3nnjwd0vyge1bu22idnsdeq2e.cx.internal.cloudapp.net, ports: [REPLICATION=41533, RATIS=42057, RATIS_ADMIN=42057, RATIS_SERVER=42057, STANDALONE=40795], networkLocation: /default-rack, certSerialId: null, persistedOpState: IN_SERVICE, persistedOpStateExpiryEpochSec: 0}, ReplicationConfig: RATIS/ONE, State:ALLOCATED, leaderId:, CreationTimestamp2021-09-16T19:34:45.744Z[Etc/UTC]].
2021-09-16 19:34:45,797 [pool-787-thread-1] INFO  storage.RaftStorageDirectory (RaftStorageDirectoryImpl.java:tryLock(230)) - Lock on /home/runner/work/ozone/ozone/hadoop-ozone/integration-test/target/test-dir/MiniOzoneClusterImpl-4c5ee767-53d0-43e8-b9fb-bc60904004ee/datanode-0/data/ratis/ee66ac76-522d-41ac-9582-f5e9999ab343/in_use.lock acquired by nodename 3243@fv-az195-743
2021-09-16 19:34:45,800 [pool-787-thread-1] INFO  storage.RaftStorage (RaftStorageImpl.java:format(89)) - Storage directory /home/runner/work/ozone/ozone/hadoop-ozone/integration-test/target/test-dir/MiniOzoneClusterImpl-4c5ee767-53d0-43e8-b9fb-bc60904004ee/datanode-0/data/ratis/ee66ac76-522d-41ac-9582-f5e9999ab343 has been successfully formatted.
2021-09-16 19:34:45,803 [pool-787-thread-1] INFO  ratis.ContainerStateMachine (ContainerStateMachine.java:loadSnapshot(224)) - group-F5E9999AB343: The snapshot info is null. Setting the last applied indexto:(t:0, i:~)
2021-09-16 19:34:45,803 [Datanode State Machine Thread - 0] WARN  statemachine.StateContext (StateContext.java:execute(621)) - No available thread in pool for past 1 seconds.
2021-09-16 19:34:45,803 [pool-787-thread-1] INFO  server.RaftServerConfigKeys (ConfUtils.java:logGet(44)) - raft.server.notification.no-leader.timeout = 300000ms (custom)
2021-09-16 19:34:45,803 [pool-787-thread-1] INFO  server.RaftServerConfigKeys (ConfUtils.java:logGet(44)) - raft.server.log.use.memory = false (default)
2021-09-16 19:34:45,803 [pool-787-thread-1] INFO  server.RaftServerConfigKeys (ConfUtils.java:logGet(44)) - raft.server.log.purge.gap = 1000000 (custom)
2021-09-16 19:34:45,803 [pool-787-thread-1] INFO  server.RaftServerConfigKeys (ConfUtils.java:logGet(44)) - raft.server.log.appender.buffer.byte-limit = 33554432 (custom)
2021-09-16 19:34:45,803 [pool-787-thread-1] INFO  server.RaftServerConfigKeys (ConfUtils.java:logGet(44)) - raft.server.log.segment.size.max = 1048576 (custom)
2021-09-16 19:34:45,804 [pool-787-thread-1] INFO  server.RaftServerConfigKeys (ConfUtils.java:logGet(44)) - raft.server.log.segment.cache.num.max = 2 (custom)
2021-09-16 19:34:45,804 [pool-787-thread-1] INFO  server.RaftServerConfigKeys (ConfUtils.java:logGet(44)) - raft.server.log.segment.cache.size.max = 200MB (=209715200) (default)
2021-09-16 19:34:45,804 [pool-787-thread-1] INFO  segmented.SegmentedRaftLogWorker (SegmentedRaftLogWorker.java:<init>(182)) - new 67d2e683-5568-476c-afe3-e1175f298156@group-F5E9999AB343-SegmentedRaftLogWorker for RaftStorageImpl:Storage Directory /home/runner/work/ozone/ozone/hadoop-ozone/integration-test/target/test-dir/MiniOzoneClusterImpl-4c5ee767-53d0-43e8-b9fb-bc60904004ee/datanode-0/data/ratis/ee66ac76-522d-41ac-9582-f5e9999ab343
2021-09-16 19:34:45,804 [pool-787-thread-1] INFO  server.RaftServerConfigKeys (ConfUtils.java:logGet(44)) - raft.server.log.queue.byte-limit = 2147483647 (custom)
2021-09-16 19:34:45,804 [pool-787-thread-1] INFO  server.RaftServerConfigKeys (ConfUtils.java:logGet(44)) - raft.server.log.queue.element-limit = 1024 (custom)
2021-09-16 19:34:45,804 [pool-787-thread-1] INFO  server.RaftServerConfigKeys (ConfUtils.java:logGet(44)) - raft.server.log.segment.size.max = 1048576 (custom)
2021-09-16 19:34:45,804 [pool-787-thread-1] INFO  server.RaftServerConfigKeys (ConfUtils.java:logGet(44)) - raft.server.log.preallocated.size = 16384 (custom)
2021-09-16 19:34:45,804 [pool-787-thread-1] INFO  server.RaftServerConfigKeys (ConfUtils.java:logGet(44)) - raft.server.log.force.sync.num = 128 (default)
2021-09-16 19:34:45,804 [pool-787-thread-1] INFO  server.RaftServerConfigKeys (ConfUtils.java:logGet(44)) - raft.server.log.statemachine.data.sync = true (default)
2021-09-16 19:34:45,804 [pool-787-thread-1] INFO  server.RaftServerConfigKeys (ConfUtils.java:logGet(44)) - raft.server.log.statemachine.data.sync.timeout = 10s (default)
2021-09-16 19:34:45,804 [pool-787-thread-1] INFO  server.RaftServerConfigKeys (ConfUtils.java:logGet(44)) - raft.server.log.statemachine.data.sync.timeout.retry = -1 (default)
2021-09-16 19:34:45,810 [EventQueue-PipelineReportForPipelineReportHandler] INFO  pipeline.PipelineManagerImpl (PipelineManagerImpl.java:openPipeline(282)) - Pipeline Pipeline[ Id: ee66ac76-522d-41ac-9582-f5e9999ab343, Nodes: 67d2e683-5568-476c-afe3-e1175f298156{ip: 10.1.0.5, host: fv-az195-743.u3nnjwd0vyge1bu22idnsdeq2e.cx.internal.cloudapp.net, ports: [REPLICATION=35779, RATIS=44345, RATIS_ADMIN=44345, RATIS_SERVER=44345, STANDALONE=37889], networkLocation: /default-rack, certSerialId: null, persistedOpState: IN_SERVICE, persistedOpStateExpiryEpochSec: 0}, ReplicationConfig: RATIS/ONE, State:ALLOCATED, leaderId:67d2e683-5568-476c-afe3-e1175f298156, CreationTimestamp2021-09-16T19:34:42.787Z[Etc/UTC]] moved to OPEN state
2021-09-16 19:34:45,842 [EndpointStateMachine task thread for /0.0.0.0:44331 - 0 ] INFO  ozoneimpl.OzoneContainer (OzoneContainer.java:start(304)) - Attempting to start container services.
2021-09-16 19:34:45,842 [EndpointStateMachine task thread for /0.0.0.0:44331 - 0 ] INFO  ozoneimpl.OzoneContainer (OzoneContainer.java:startContainerScrub(249)) - Background container scanner has been disabled.
2021-09-16 19:34:45,846 [EndpointStateMachine task thread for /0.0.0.0:44331 - 0 ] INFO  replication.ReplicationServer (ReplicationServer.java:start(107)) - ReplicationServer is started using port 38611
2021-09-16 19:34:45,884 [pool-787-thread-1] INFO  server.RaftServerConfigKeys (ConfUtils.java:logGet(44)) - raft.server.log.write.buffer.size = 1048576 (custom)
2021-09-16 19:34:45,884 [pool-787-thread-1] INFO  server.RaftServerConfigKeys (ConfUtils.java:logGet(44)) - raft.server.log.statemachine.data.caching.enabled = true (custom)
2021-09-16 19:34:45,885 [pool-787-thread-1] INFO  segmented.SegmentedRaftLogWorker (SegmentedRaftLogWorker.java:lambda$new$0(133)) - 67d2e683-5568-476c-afe3-e1175f298156@group-F5E9999AB343-SegmentedRaftLogWorker: flushIndex: setUnconditionally 0 -> -1
2021-09-16 19:34:45,885 [pool-787-thread-1] INFO  segmented.SegmentedRaftLogWorker (SegmentedRaftLogWorker.java:lambda$new$0(133)) - 67d2e683-5568-476c-afe3-e1175f298156@group-F5E9999AB343-SegmentedRaftLogWorker: safeCacheEvictIndex: setUnconditionally 0 -> -1
2021-09-16 19:34:45,890 [pool-787-thread-1] INFO  server.RaftServerConfigKeys (ConfUtils.java:logGet(44)) - raft.server.snapshot.auto.trigger.enabled = true (custom)
2021-09-16 19:34:45,890 [pool-787-thread-1] INFO  server.RaftServerConfigKeys (ConfUtils.java:logGet(44)) - raft.server.snapshot.auto.trigger.threshold = 10000 (custom)
2021-09-16 19:34:45,890 [pool-787-thread-1] INFO  server.RaftServerConfigKeys (ConfUtils.java:logGet(44)) - raft.server.snapshot.retention.file.num = 5 (custom)
2021-09-16 19:34:45,890 [pool-787-thread-1] INFO  server.RaftServerConfigKeys (ConfUtils.java:logGet(44)) - raft.server.log.purge.upto.snapshot.index = false (default)
2021-09-16 19:34:45,890 [pool-787-thread-1] INFO  server.RaftServerConfigKeys (ConfUtils.java:logGet(44)) - raft.server.retrycache.expirytime = 600000ms (custom)
2021-09-16 19:34:45,890 [pool-787-thread-1] INFO  server.RaftServerConfigKeys (ConfUtils.java:logGet(44)) - raft.server.retrycache.statistics.expirytime = 100μs (default)
2021-09-16 19:34:45,893 [pool-787-thread-1] INFO  server.RaftServer$Division (RaftServerImpl.java:start(296)) - 67d2e683-5568-476c-afe3-e1175f298156@group-F5E9999AB343: start as a follower, conf=-1: [67d2e683-5568-476c-afe3-e1175f298156|rpc:10.1.0.5:44345|priority:1], old=null
2021-09-16 19:34:45,893 [pool-787-thread-1] INFO  server.RaftServer$Division (RaftServerImpl.java:setRole(285)) - 67d2e683-5568-476c-afe3-e1175f298156@group-F5E9999AB343: changes role from      null to FOLLOWER at term 0 for startAsFollower
2021-09-16 19:34:45,893 [pool-787-thread-1] INFO  impl.RoleInfo (RoleInfo.java:updateAndGet(130)) - 67d2e683-5568-476c-afe3-e1175f298156: start 67d2e683-5568-476c-afe3-e1175f298156@group-F5E9999AB343-FollowerState
2021-09-16 19:34:45,893 [pool-787-thread-1] INFO  util.JmxRegister (JmxRegister.java:tryRegister(44)) - Successfully registered JMX Bean with object name Ratis:service=RaftServer,group=group-F5E9999AB343,id=67d2e683-5568-476c-afe3-e1175f298156
2021-09-16 19:34:45,906 [Command processor thread] INFO  ratis.XceiverServerRatis (XceiverServerRatis.java:addGroup(762)) - Created group PipelineID=ee66ac76-522d-41ac-9582-f5e9999ab343
2021-09-16 19:34:45,906 [Command processor thread] INFO  commandhandler.CreatePipelineCommandHandler (CreatePipelineCommandHandler.java:handle(106)) - Created Pipeline RATIS ONE PipelineID=ee66ac76-522d-41ac-9582-f5e9999ab343.
2021-09-16 19:34:45,906 [Command processor thread] INFO  server.RaftServer (RaftServerProxy.java:addNew(95)) - 67d2e683-5568-476c-afe3-e1175f298156: addNew group-1B930CD1D13F:[39314213-52f4-4d5f-8765-d5d2e351be65|rpc:10.1.0.5:40299|priority:0, 67d2e683-5568-476c-afe3-e1175f298156|rpc:10.1.0.5:44345|priority:0, 63deab9d-b01f-425d-a78d-558263b66f1b|rpc:10.1.0.5:40589|priority:1] returns group-1B930CD1D13F:java.util.concurrent.CompletableFuture@3851e07e[Not completed]
2021-09-16 19:34:45,906 [pool-787-thread-1] INFO  server.RaftServer$Division (RaftServerImpl.java:<init>(181)) - 67d2e683-5568-476c-afe3-e1175f298156: new RaftServerImpl for group-1B930CD1D13F:[39314213-52f4-4d5f-8765-d5d2e351be65|rpc:10.1.0.5:40299|priority:0, 67d2e683-5568-476c-afe3-e1175f298156|rpc:10.1.0.5:44345|priority:0, 63deab9d-b01f-425d-a78d-558263b66f1b|rpc:10.1.0.5:40589|priority:1] with ContainerStateMachine:uninitialized
2021-09-16 19:34:45,907 [pool-787-thread-1] INFO  server.RaftServerConfigKeys (ConfUtils.java:logGet(44)) - raft.server.rpc.timeout.min = 5s (custom)
2021-09-16 19:34:45,907 [pool-787-thread-1] INFO  server.RaftServerConfigKeys (ConfUtils.java:logGet(44)) - raft.server.rpc.timeout.max = 5200ms (custom)
2021-09-16 19:34:45,907 [pool-787-thread-1] INFO  server.RaftServerConfigKeys (ConfUtils.java:logGet(44)) - raft.server.rpc.sleep.time = 25ms (default)
2021-09-16 19:34:45,907 [pool-787-thread-1] INFO  server.RaftServerConfigKeys (ConfUtils.java:logGet(44)) - raft.server.rpc.slowness.timeout = 300000ms (custom)
2021-09-16 19:34:45,907 [pool-787-thread-1] INFO  server.RaftServerConfigKeys (ConfUtils.java:logGet(44)) - raft.server.leaderelection.leader.step-down.wait-time = 10s (default)
2021-09-16 19:34:45,907 [pool-787-thread-1] INFO  server.RaftServerConfigKeys (ConfUtils.java:logGet(44)) - raft.server.sleep.deviation.threshold = 300ms (default)
2021-09-16 19:34:45,907 [pool-787-thread-1] INFO  server.RaftServerConfigKeys (ConfUtils.java:logGet(44)) - raft.server.log.appender.install.snapshot.enabled = false (custom)
2021-09-16 19:34:45,907 [pool-787-thread-1] INFO  server.RaftServer$Division (ServerState.java:<init>(105)) - 67d2e683-5568-476c-afe3-e1175f298156@group-1B930CD1D13F: ConfigurationManager, init=-1: [39314213-52f4-4d5f-8765-d5d2e351be65|rpc:10.1.0.5:40299|priority:0, 67d2e683-5568-476c-afe3-e1175f298156|rpc:10.1.0.5:44345|priority:0, 63deab9d-b01f-425d-a78d-558263b66f1b|rpc:10.1.0.5:40589|priority:1], old=null, confs=<EMPTY_MAP>
2021-09-16 19:34:45,907 [pool-787-thread-1] INFO  server.RaftServerConfigKeys (ConfUtils.java:logGet(44)) - raft.server.storage.dir = [/home/runner/work/ozone/ozone/hadoop-ozone/integration-test/target/test-dir/MiniOzoneClusterImpl-4c5ee767-53d0-43e8-b9fb-bc60904004ee/datanode-0/data/ratis] (custom)
2021-09-16 19:34:45,907 [pool-787-thread-1] INFO  server.RaftServerConfigKeys (ConfUtils.java:logGet(44)) - raft.server.log.corruption.policy = EXCEPTION (default)
2021-09-16 19:34:45,907 [pool-787-thread-1] INFO  server.RaftServerConfigKeys (ConfUtils.java:logGet(44)) - raft.server.storage.free-space.min = 0MB (=0) (default)
2021-09-16 19:34:45,907 [pool-787-thread-1] INFO  storage.RaftStorageDirectory (RaftStorageDirectoryImpl.java:analyzeStorage(135)) - The storage directory /home/runner/work/ozone/ozone/hadoop-ozone/integration-test/target/test-dir/MiniOzoneClusterImpl-4c5ee767-53d0-43e8-b9fb-bc60904004ee/datanode-0/data/ratis/0e782f45-a9a8-4288-8131-1b930cd1d13f does not exist. Creating ...
2021-09-16 19:34:45,910 [pool-787-thread-1] INFO  storage.RaftStorageDirectory (RaftStorageDirectoryImpl.java:tryLock(230)) - Lock on /home/runner/work/ozone/ozone/hadoop-ozone/integration-test/target/test-dir/MiniOzoneClusterImpl-4c5ee767-53d0-43e8-b9fb-bc60904004ee/datanode-0/data/ratis/0e782f45-a9a8-4288-8131-1b930cd1d13f/in_use.lock acquired by nodename 3243@fv-az195-743
2021-09-16 19:34:45,933 [EventQueue-OpenPipelineForHealthyPipelineSafeModeRule] INFO  safemode.SCMSafeModeManager (HealthyPipelineSafeModeRule.java:process(124)) - SCM in safe mode. Healthy pipelines reported count is 0, required healthy pipeline reported count is 1
2021-09-16 19:34:45,934 [EndpointStateMachine task thread for /0.0.0.0:44331 - 0 ] INFO  ratis.XceiverServerRatis (XceiverServerRatis.java:start(481)) - Starting XceiverServerRatis 22678529-1571-490a-85b9-2142d4a575d8
2021-09-16 19:34:45,934 [pool-787-thread-1] INFO  storage.RaftStorage (RaftStorageImpl.java:format(89)) - Storage directory /home/runner/work/ozone/ozone/hadoop-ozone/integration-test/target/test-dir/MiniOzoneClusterImpl-4c5ee767-53d0-43e8-b9fb-bc60904004ee/datanode-0/data/ratis/0e782f45-a9a8-4288-8131-1b930cd1d13f has been successfully formatted.
2021-09-16 19:34:45,946 [pool-787-thread-1] INFO  ratis.ContainerStateMachine (ContainerStateMachine.java:loadSnapshot(224)) - group-1B930CD1D13F: The snapshot info is null. Setting the last applied indexto:(t:0, i:~)
2021-09-16 19:34:45,946 [Datanode State Machine Thread - 0] WARN  statemachine.StateContext (StateContext.java:execute(621)) - No available thread in pool for past 1 seconds.
2021-09-16 19:34:45,946 [pool-787-thread-1] INFO  server.RaftServerConfigKeys (ConfUtils.java:logGet(44)) - raft.server.notification.no-leader.timeout = 300000ms (custom)
2021-09-16 19:34:45,946 [pool-787-thread-1] INFO  server.RaftServerConfigKeys (ConfUtils.java:logGet(44)) - raft.server.log.use.memory = false (default)
2021-09-16 19:34:45,946 [pool-787-thread-1] INFO  server.RaftServerConfigKeys (ConfUtils.java:logGet(44)) - raft.server.log.purge.gap = 1000000 (custom)
2021-09-16 19:34:45,946 [pool-787-thread-1] INFO  server.RaftServerConfigKeys (ConfUtils.java:logGet(44)) - raft.server.log.appender.buffer.byte-limit = 33554432 (custom)
2021-09-16 19:34:45,947 [pool-787-thread-1] INFO  server.RaftServerConfigKeys (ConfUtils.java:logGet(44)) - raft.server.log.segment.size.max = 1048576 (custom)
2021-09-16 19:34:45,947 [pool-787-thread-1] INFO  server.RaftServerConfigKeys (ConfUtils.java:logGet(44)) - raft.server.log.segment.cache.num.max = 2 (custom)
2021-09-16 19:34:45,947 [pool-787-thread-1] INFO  server.RaftServerConfigKeys (ConfUtils.java:logGet(44)) - raft.server.log.segment.cache.size.max = 200MB (=209715200) (default)
2021-09-16 19:34:45,947 [pool-787-thread-1] INFO  segmented.SegmentedRaftLogWorker (SegmentedRaftLogWorker.java:<init>(182)) - new 67d2e683-5568-476c-afe3-e1175f298156@group-1B930CD1D13F-SegmentedRaftLogWorker for RaftStorageImpl:Storage Directory /home/runner/work/ozone/ozone/hadoop-ozone/integration-test/target/test-dir/MiniOzoneClusterImpl-4c5ee767-53d0-43e8-b9fb-bc60904004ee/datanode-0/data/ratis/0e782f45-a9a8-4288-8131-1b930cd1d13f
2021-09-16 19:34:45,948 [pool-787-thread-1] INFO  server.RaftServerConfigKeys (ConfUtils.java:logGet(44)) - raft.server.log.queue.byte-limit = 2147483647 (custom)
2021-09-16 19:34:45,948 [pool-787-thread-1] INFO  server.RaftServerConfigKeys (ConfUtils.java:logGet(44)) - raft.server.log.queue.element-limit = 1024 (custom)
2021-09-16 19:34:45,948 [pool-787-thread-1] INFO  server.RaftServerConfigKeys (ConfUtils.java:logGet(44)) - raft.server.log.segment.size.max = 1048576 (custom)
2021-09-16 19:34:45,948 [pool-787-thread-1] INFO  server.RaftServerConfigKeys (ConfUtils.java:logGet(44)) - raft.server.log.preallocated.size = 16384 (custom)
2021-09-16 19:34:45,948 [pool-787-thread-1] INFO  server.RaftServerConfigKeys (ConfUtils.java:logGet(44)) - raft.server.log.force.sync.num = 128 (default)
2021-09-16 19:34:45,948 [pool-787-thread-1] INFO  server.RaftServerConfigKeys (ConfUtils.java:logGet(44)) - raft.server.log.statemachine.data.sync = true (default)
2021-09-16 19:34:45,948 [pool-787-thread-1] INFO  server.RaftServerConfigKeys (ConfUtils.java:logGet(44)) - raft.server.log.statemachine.data.sync.timeout = 10s (default)
2021-09-16 19:34:45,948 [pool-787-thread-1] INFO  server.RaftServerConfigKeys (ConfUtils.java:logGet(44)) - raft.server.log.statemachine.data.sync.timeout.retry = -1 (default)
2021-09-16 19:34:45,970 [EndpointStateMachine task thread for /0.0.0.0:44331 - 0 ] INFO  server.RaftServer (RaftServerProxy.java:lambda$start$5(374)) - 22678529-1571-490a-85b9-2142d4a575d8: start RPC server
2021-09-16 19:34:45,970 [EventQueue-OpenPipelineForHealthyPipelineSafeModeRule] INFO  safemode.SCMSafeModeManager (HealthyPipelineSafeModeRule.java:process(124)) - SCM in safe mode. Healthy pipelines reported count is 0, required healthy pipeline reported count is 1
2021-09-16 19:34:45,974 [EndpointStateMachine task thread for /0.0.0.0:44331 - 0 ] INFO  server.GrpcService (GrpcService.java:startImpl(253)) - 22678529-1571-490a-85b9-2142d4a575d8: GrpcService started, listening on 32787
2021-09-16 19:34:45,975 [pool-787-thread-1] INFO  server.RaftServerConfigKeys (ConfUtils.java:logGet(44)) - raft.server.log.write.buffer.size = 1048576 (custom)
2021-09-16 19:34:45,976 [pool-787-thread-1] INFO  server.RaftServerConfigKeys (ConfUtils.java:logGet(44)) - raft.server.log.statemachine.data.caching.enabled = true (custom)
2021-09-16 19:34:45,976 [pool-787-thread-1] INFO  segmented.SegmentedRaftLogWorker (SegmentedRaftLogWorker.java:lambda$new$0(133)) - 67d2e683-5568-476c-afe3-e1175f298156@group-1B930CD1D13F-SegmentedRaftLogWorker: flushIndex: setUnconditionally 0 -> -1
2021-09-16 19:34:45,976 [pool-787-thread-1] INFO  segmented.SegmentedRaftLogWorker (SegmentedRaftLogWorker.java:lambda$new$0(133)) - 67d2e683-5568-476c-afe3-e1175f298156@group-1B930CD1D13F-SegmentedRaftLogWorker: safeCacheEvictIndex: setUnconditionally 0 -> -1
2021-09-16 19:34:45,976 [EndpointStateMachine task thread for /0.0.0.0:44331 - 0 ] INFO  ratis.XceiverServerRatis (XceiverServerRatis.java:getRealPort(502)) - XceiverServerRatis 22678529-1571-490a-85b9-2142d4a575d8 is started using port 32787 for RATIS
2021-09-16 19:34:45,976 [EndpointStateMachine task thread for /0.0.0.0:44331 - 0 ] INFO  ratis.XceiverServerRatis (XceiverServerRatis.java:getRealPort(502)) - XceiverServerRatis 22678529-1571-490a-85b9-2142d4a575d8 is started using port 32787 for RATIS_ADMIN
2021-09-16 19:34:45,976 [EndpointStateMachine task thread for /0.0.0.0:44331 - 0 ] INFO  ratis.XceiverServerRatis (XceiverServerRatis.java:getRealPort(502)) - XceiverServerRatis 22678529-1571-490a-85b9-2142d4a575d8 is started using port 32787 for RATIS_SERVER
2021-09-16 19:34:45,977 [EndpointStateMachine task thread for /0.0.0.0:44331 - 0 ] INFO  server.XceiverServerGrpc (XceiverServerGrpc.java:start(135)) - XceiverServerGrpc 22678529-1571-490a-85b9-2142d4a575d8 is started using port 32881
2021-09-16 19:34:45,977 [org.apache.ratis.util.JvmPauseMonitor$$Lambda$531/459885056@3e81c084] INFO  util.JvmPauseMonitor (JvmPauseMonitor.java:run(103)) - JvmPauseMonitor-22678529-1571-490a-85b9-2142d4a575d8: Started
2021-09-16 19:34:45,977 [pool-787-thread-1] INFO  server.RaftServerConfigKeys (ConfUtils.java:logGet(44)) - raft.server.snapshot.auto.trigger.enabled = true (custom)
2021-09-16 19:34:45,977 [pool-787-thread-1] INFO  server.RaftServerConfigKeys (ConfUtils.java:logGet(44)) - raft.server.snapshot.auto.trigger.threshold = 10000 (custom)
2021-09-16 19:34:45,977 [pool-787-thread-1] INFO  server.RaftServerConfigKeys (ConfUtils.java:logGet(44)) - raft.server.snapshot.retention.file.num = 5 (custom)
2021-09-16 19:34:45,977 [pool-787-thread-1] INFO  server.RaftServerConfigKeys (ConfUtils.java:logGet(44)) - raft.server.log.purge.upto.snapshot.index = false (default)
2021-09-16 19:34:45,977 [pool-787-thread-1] INFO  server.RaftServerConfigKeys (ConfUtils.java:logGet(44)) - raft.server.retrycache.expirytime = 600000ms (custom)
2021-09-16 19:34:45,977 [pool-787-thread-1] INFO  server.RaftServerConfigKeys (ConfUtils.java:logGet(44)) - raft.server.retrycache.statistics.expirytime = 100μs (default)
2021-09-16 19:34:45,979 [pool-787-thread-1] INFO  server.RaftServer$Division (RaftServerImpl.java:start(296)) - 67d2e683-5568-476c-afe3-e1175f298156@group-1B930CD1D13F: start as a follower, conf=-1: [39314213-52f4-4d5f-8765-d5d2e351be65|rpc:10.1.0.5:40299|priority:0, 67d2e683-5568-476c-afe3-e1175f298156|rpc:10.1.0.5:44345|priority:0, 63deab9d-b01f-425d-a78d-558263b66f1b|rpc:10.1.0.5:40589|priority:1], old=null
2021-09-16 19:34:45,979 [pool-787-thread-1] INFO  server.RaftServer$Division (RaftServerImpl.java:setRole(285)) - 67d2e683-5568-476c-afe3-e1175f298156@group-1B930CD1D13F: changes role from      null to FOLLOWER at term 0 for startAsFollower
2021-09-16 19:34:45,979 [pool-787-thread-1] INFO  impl.RoleInfo (RoleInfo.java:updateAndGet(130)) - 67d2e683-5568-476c-afe3-e1175f298156: start 67d2e683-5568-476c-afe3-e1175f298156@group-1B930CD1D13F-FollowerState
2021-09-16 19:34:46,014 [pool-787-thread-1] INFO  util.JmxRegister (JmxRegister.java:tryRegister(44)) - Successfully registered JMX Bean with object name Ratis:service=RaftServer,group=group-1B930CD1D13F,id=67d2e683-5568-476c-afe3-e1175f298156
2021-09-16 19:34:46,015 [Command processor thread] INFO  ratis.XceiverServerRatis (XceiverServerRatis.java:addGroup(762)) - Created group PipelineID=0e782f45-a9a8-4288-8131-1b930cd1d13f
2021-09-16 19:34:46,058 [grpc-default-executor-3] INFO  server.RaftServer (RaftServerProxy.java:addNew(95)) - 39314213-52f4-4d5f-8765-d5d2e351be65: addNew group-1B930CD1D13F:[39314213-52f4-4d5f-8765-d5d2e351be65|rpc:10.1.0.5:40299|dataStream:|priority:0, 67d2e683-5568-476c-afe3-e1175f298156|rpc:10.1.0.5:44345|dataStream:|priority:0, 63deab9d-b01f-425d-a78d-558263b66f1b|rpc:10.1.0.5:40589|dataStream:|priority:1] returns group-1B930CD1D13F:java.util.concurrent.CompletableFuture@6f9a4bdc[Not completed]
2021-09-16 19:34:46,073 [pool-825-thread-1] INFO  server.RaftServer$Division (RaftServerImpl.java:<init>(181)) - 39314213-52f4-4d5f-8765-d5d2e351be65: new RaftServerImpl for group-1B930CD1D13F:[39314213-52f4-4d5f-8765-d5d2e351be65|rpc:10.1.0.5:40299|dataStream:|priority:0, 67d2e683-5568-476c-afe3-e1175f298156|rpc:10.1.0.5:44345|dataStream:|priority:0, 63deab9d-b01f-425d-a78d-558263b66f1b|rpc:10.1.0.5:40589|dataStream:|priority:1] with ContainerStateMachine:uninitialized
2021-09-16 19:34:46,073 [pool-825-thread-1] INFO  server.RaftServerConfigKeys (ConfUtils.java:logGet(44)) - raft.server.rpc.timeout.min = 5s (custom)
2021-09-16 19:34:46,073 [pool-825-thread-1] INFO  server.RaftServerConfigKeys (ConfUtils.java:logGet(44)) - raft.server.rpc.timeout.max = 5200ms (custom)
2021-09-16 19:34:46,074 [pool-825-thread-1] INFO  server.RaftServerConfigKeys (ConfUtils.java:logGet(44)) - raft.server.rpc.sleep.time = 25ms (default)
2021-09-16 19:34:46,074 [pool-825-thread-1] INFO  server.RaftServerConfigKeys (ConfUtils.java:logGet(44)) - raft.server.rpc.slowness.timeout = 300000ms (custom)
2021-09-16 19:34:46,074 [pool-825-thread-1] INFO  server.RaftServerConfigKeys (ConfUtils.java:logGet(44)) - raft.server.leaderelection.leader.step-down.wait-time = 10s (default)
2021-09-16 19:34:46,074 [pool-825-thread-1] INFO  server.RaftServerConfigKeys (ConfUtils.java:logGet(44)) - raft.server.sleep.deviation.threshold = 300ms (default)
2021-09-16 19:34:46,074 [pool-825-thread-1] INFO  server.RaftServerConfigKeys (ConfUtils.java:logGet(44)) - raft.server.log.appender.install.snapshot.enabled = false (custom)
2021-09-16 19:34:46,074 [pool-825-thread-1] INFO  server.RaftServer$Division (ServerState.java:<init>(105)) - 39314213-52f4-4d5f-8765-d5d2e351be65@group-1B930CD1D13F: ConfigurationManager, init=-1: [39314213-52f4-4d5f-8765-d5d2e351be65|rpc:10.1.0.5:40299|dataStream:|priority:0, 67d2e683-5568-476c-afe3-e1175f298156|rpc:10.1.0.5:44345|dataStream:|priority:0, 63deab9d-b01f-425d-a78d-558263b66f1b|rpc:10.1.0.5:40589|dataStream:|priority:1], old=null, confs=<EMPTY_MAP>
2021-09-16 19:34:46,074 [pool-825-thread-1] INFO  server.RaftServerConfigKeys (ConfUtils.java:logGet(44)) - raft.server.storage.dir = [/home/runner/work/ozone/ozone/hadoop-ozone/integration-test/target/test-dir/MiniOzoneClusterImpl-4c5ee767-53d0-43e8-b9fb-bc60904004ee/datanode-2/data/ratis] (custom)
2021-09-16 19:34:46,074 [pool-825-thread-1] INFO  server.RaftServerConfigKeys (ConfUtils.java:logGet(44)) - raft.server.log.corruption.policy = EXCEPTION (default)
2021-09-16 19:34:46,074 [pool-825-thread-1] INFO  server.RaftServerConfigKeys (ConfUtils.java:logGet(44)) - raft.server.storage.free-space.min = 0MB (=0) (default)
2021-09-16 19:34:46,074 [pool-825-thread-1] INFO  storage.RaftStorageDirectory (RaftStorageDirectoryImpl.java:analyzeStorage(135)) - The storage directory /home/runner/work/ozone/ozone/hadoop-ozone/integration-test/target/test-dir/MiniOzoneClusterImpl-4c5ee767-53d0-43e8-b9fb-bc60904004ee/datanode-2/data/ratis/0e782f45-a9a8-4288-8131-1b930cd1d13f does not exist. Creating ...
2021-09-16 19:34:46,075 [pool-825-thread-1] INFO  storage.RaftStorageDirectory (RaftStorageDirectoryImpl.java:tryLock(230)) - Lock on /home/runner/work/ozone/ozone/hadoop-ozone/integration-test/target/test-dir/MiniOzoneClusterImpl-4c5ee767-53d0-43e8-b9fb-bc60904004ee/datanode-2/data/ratis/0e782f45-a9a8-4288-8131-1b930cd1d13f/in_use.lock acquired by nodename 3243@fv-az195-743
2021-09-16 19:34:46,076 [pool-825-thread-1] INFO  storage.RaftStorage (RaftStorageImpl.java:format(89)) - Storage directory /home/runner/work/ozone/ozone/hadoop-ozone/integration-test/target/test-dir/MiniOzoneClusterImpl-4c5ee767-53d0-43e8-b9fb-bc60904004ee/datanode-2/data/ratis/0e782f45-a9a8-4288-8131-1b930cd1d13f has been successfully formatted.
2021-09-16 19:34:46,079 [pool-825-thread-1] INFO  ratis.ContainerStateMachine (ContainerStateMachine.java:loadSnapshot(224)) - group-1B930CD1D13F: The snapshot info is null. Setting the last applied indexto:(t:0, i:~)
2021-09-16 19:34:46,094 [Command processor thread] INFO  server.RaftServer (RaftServerProxy.java:addNew(95)) - 63deab9d-b01f-425d-a78d-558263b66f1b: addNew group-FA79C1AD13DC:[63deab9d-b01f-425d-a78d-558263b66f1b|rpc:10.1.0.5:40589|priority:1] returns group-FA79C1AD13DC:java.util.concurrent.CompletableFuture@d4994f6[Not completed]
2021-09-16 19:34:46,095 [pool-825-thread-1] INFO  server.RaftServerConfigKeys (ConfUtils.java:logGet(44)) - raft.server.notification.no-leader.timeout = 300000ms (custom)
2021-09-16 19:34:46,095 [pool-825-thread-1] INFO  server.RaftServerConfigKeys (ConfUtils.java:logGet(44)) - raft.server.log.use.memory = false (default)
2021-09-16 19:34:46,095 [pool-825-thread-1] INFO  server.RaftServerConfigKeys (ConfUtils.java:logGet(44)) - raft.server.log.purge.gap = 1000000 (custom)
2021-09-16 19:34:46,095 [pool-825-thread-1] INFO  server.RaftServerConfigKeys (ConfUtils.java:logGet(44)) - raft.server.log.appender.buffer.byte-limit = 33554432 (custom)
2021-09-16 19:34:46,095 [pool-806-thread-1] INFO  server.RaftServer$Division (RaftServerImpl.java:<init>(181)) - 63deab9d-b01f-425d-a78d-558263b66f1b: new RaftServerImpl for group-FA79C1AD13DC:[63deab9d-b01f-425d-a78d-558263b66f1b|rpc:10.1.0.5:40589|priority:1] with ContainerStateMachine:uninitialized
2021-09-16 19:34:46,095 [pool-806-thread-1] INFO  server.RaftServerConfigKeys (ConfUtils.java:logGet(44)) - raft.server.rpc.timeout.min = 5s (custom)
2021-09-16 19:34:46,095 [pool-806-thread-1] INFO  server.RaftServerConfigKeys (ConfUtils.java:logGet(44)) - raft.server.rpc.timeout.max = 5200ms (custom)
2021-09-16 19:34:46,104 [pool-806-thread-1] INFO  server.RaftServerConfigKeys (ConfUtils.java:logGet(44)) - raft.server.rpc.sleep.time = 25ms (default)
2021-09-16 19:34:46,104 [pool-806-thread-1] INFO  server.RaftServerConfigKeys (ConfUtils.java:logGet(44)) - raft.server.rpc.slowness.timeout = 300000ms (custom)
2021-09-16 19:34:46,104 [pool-806-thread-1] INFO  server.RaftServerConfigKeys (ConfUtils.java:logGet(44)) - raft.server.leaderelection.leader.step-down.wait-time = 10s (default)
2021-09-16 19:34:46,104 [pool-806-thread-1] INFO  server.RaftServerConfigKeys (ConfUtils.java:logGet(44)) - raft.server.sleep.deviation.threshold = 300ms (default)
2021-09-16 19:34:46,104 [pool-806-thread-1] INFO  server.RaftServerConfigKeys (ConfUtils.java:logGet(44)) - raft.server.log.appender.install.snapshot.enabled = false (custom)
2021-09-16 19:34:46,104 [pool-806-thread-1] INFO  server.RaftServer$Division (ServerState.java:<init>(105)) - 63deab9d-b01f-425d-a78d-558263b66f1b@group-FA79C1AD13DC: ConfigurationManager, init=-1: [63deab9d-b01f-425d-a78d-558263b66f1b|rpc:10.1.0.5:40589|priority:1], old=null, confs=<EMPTY_MAP>
2021-09-16 19:34:46,104 [pool-806-thread-1] INFO  server.RaftServerConfigKeys (ConfUtils.java:logGet(44)) - raft.server.storage.dir = [/home/runner/work/ozone/ozone/hadoop-ozone/integration-test/target/test-dir/MiniOzoneClusterImpl-4c5ee767-53d0-43e8-b9fb-bc60904004ee/datanode-1/data/ratis] (custom)
2021-09-16 19:34:46,104 [pool-806-thread-1] INFO  server.RaftServerConfigKeys (ConfUtils.java:logGet(44)) - raft.server.log.corruption.policy = EXCEPTION (default)
2021-09-16 19:34:46,104 [pool-806-thread-1] INFO  server.RaftServerConfigKeys (ConfUtils.java:logGet(44)) - raft.server.storage.free-space.min = 0MB (=0) (default)
2021-09-16 19:34:46,104 [pool-806-thread-1] INFO  storage.RaftStorageDirectory (RaftStorageDirectoryImpl.java:analyzeStorage(135)) - The storage directory /home/runner/work/ozone/ozone/hadoop-ozone/integration-test/target/test-dir/MiniOzoneClusterImpl-4c5ee767-53d0-43e8-b9fb-bc60904004ee/datanode-1/data/ratis/8fdc3177-b988-4720-aae0-fa79c1ad13dc does not exist. Creating ...
2021-09-16 19:34:46,095 [pool-825-thread-1] INFO  server.RaftServerConfigKeys (ConfUtils.java:logGet(44)) - raft.server.log.segment.size.max = 1048576 (custom)
2021-09-16 19:34:46,105 [pool-825-thread-1] INFO  server.RaftServerConfigKeys (ConfUtils.java:logGet(44)) - raft.server.log.segment.cache.num.max = 2 (custom)
2021-09-16 19:34:46,105 [pool-825-thread-1] INFO  server.RaftServerConfigKeys (ConfUtils.java:logGet(44)) - raft.server.log.segment.cache.size.max = 200MB (=209715200) (default)
2021-09-16 19:34:46,106 [pool-825-thread-1] INFO  segmented.SegmentedRaftLogWorker (SegmentedRaftLogWorker.java:<init>(182)) - new 39314213-52f4-4d5f-8765-d5d2e351be65@group-1B930CD1D13F-SegmentedRaftLogWorker for RaftStorageImpl:Storage Directory /home/runner/work/ozone/ozone/hadoop-ozone/integration-test/target/test-dir/MiniOzoneClusterImpl-4c5ee767-53d0-43e8-b9fb-bc60904004ee/datanode-2/data/ratis/0e782f45-a9a8-4288-8131-1b930cd1d13f
2021-09-16 19:34:46,106 [pool-825-thread-1] INFO  server.RaftServerConfigKeys (ConfUtils.java:logGet(44)) - raft.server.log.queue.byte-limit = 2147483647 (custom)
2021-09-16 19:34:46,106 [pool-825-thread-1] INFO  server.RaftServerConfigKeys (ConfUtils.java:logGet(44)) - raft.server.log.queue.element-limit = 1024 (custom)
2021-09-16 19:34:46,106 [pool-825-thread-1] INFO  server.RaftServerConfigKeys (ConfUtils.java:logGet(44)) - raft.server.log.segment.size.max = 1048576 (custom)
2021-09-16 19:34:46,106 [pool-825-thread-1] INFO  server.RaftServerConfigKeys (ConfUtils.java:logGet(44)) - raft.server.log.preallocated.size = 16384 (custom)
2021-09-16 19:34:46,106 [pool-825-thread-1] INFO  server.RaftServerConfigKeys (ConfUtils.java:logGet(44)) - raft.server.log.force.sync.num = 128 (default)
2021-09-16 19:34:46,106 [pool-825-thread-1] INFO  server.RaftServerConfigKeys (ConfUtils.java:logGet(44)) - raft.server.log.statemachine.data.sync = true (default)
2021-09-16 19:34:46,106 [pool-825-thread-1] INFO  server.RaftServerConfigKeys (ConfUtils.java:logGet(44)) - raft.server.log.statemachine.data.sync.timeout = 10s (default)
2021-09-16 19:34:46,106 [pool-825-thread-1] INFO  server.RaftServerConfigKeys (ConfUtils.java:logGet(44)) - raft.server.log.statemachine.data.sync.timeout.retry = -1 (default)
2021-09-16 19:34:46,107 [pool-825-thread-1] INFO  server.RaftServerConfigKeys (ConfUtils.java:logGet(44)) - raft.server.log.write.buffer.size = 1048576 (custom)
2021-09-16 19:34:46,108 [pool-825-thread-1] INFO  server.RaftServerConfigKeys (ConfUtils.java:logGet(44)) - raft.server.log.statemachine.data.caching.enabled = true (custom)
2021-09-16 19:34:46,109 [pool-825-thread-1] INFO  segmented.SegmentedRaftLogWorker (SegmentedRaftLogWorker.java:lambda$new$0(133)) - 39314213-52f4-4d5f-8765-d5d2e351be65@group-1B930CD1D13F-SegmentedRaftLogWorker: flushIndex: setUnconditionally 0 -> -1
2021-09-16 19:34:46,109 [pool-825-thread-1] INFO  segmented.SegmentedRaftLogWorker (SegmentedRaftLogWorker.java:lambda$new$0(133)) - 39314213-52f4-4d5f-8765-d5d2e351be65@group-1B930CD1D13F-SegmentedRaftLogWorker: safeCacheEvictIndex: setUnconditionally 0 -> -1
2021-09-16 19:34:46,109 [pool-806-thread-1] INFO  storage.RaftStorageDirectory (RaftStorageDirectoryImpl.java:tryLock(230)) - Lock on /home/runner/work/ozone/ozone/hadoop-ozone/integration-test/target/test-dir/MiniOzoneClusterImpl-4c5ee767-53d0-43e8-b9fb-bc60904004ee/datanode-1/data/ratis/8fdc3177-b988-4720-aae0-fa79c1ad13dc/in_use.lock acquired by nodename 3243@fv-az195-743
2021-09-16 19:34:46,109 [pool-825-thread-1] INFO  server.RaftServerConfigKeys (ConfUtils.java:logGet(44)) - raft.server.snapshot.auto.trigger.enabled = true (custom)
2021-09-16 19:34:46,109 [pool-825-thread-1] INFO  server.RaftServerConfigKeys (ConfUtils.java:logGet(44)) - raft.server.snapshot.auto.trigger.threshold = 10000 (custom)
2021-09-16 19:34:46,109 [pool-825-thread-1] INFO  server.RaftServerConfigKeys (ConfUtils.java:logGet(44)) - raft.server.snapshot.retention.file.num = 5 (custom)
2021-09-16 19:34:46,109 [pool-825-thread-1] INFO  server.RaftServerConfigKeys (ConfUtils.java:logGet(44)) - raft.server.log.purge.upto.snapshot.index = false (default)
2021-09-16 19:34:46,110 [pool-825-thread-1] INFO  server.RaftServerConfigKeys (ConfUtils.java:logGet(44)) - raft.server.retrycache.expirytime = 600000ms (custom)
2021-09-16 19:34:46,110 [pool-825-thread-1] INFO  server.RaftServerConfigKeys (ConfUtils.java:logGet(44)) - raft.server.retrycache.statistics.expirytime = 100μs (default)
2021-09-16 19:34:46,112 [pool-825-thread-1] INFO  server.RaftServer$Division (RaftServerImpl.java:start(296)) - 39314213-52f4-4d5f-8765-d5d2e351be65@group-1B930CD1D13F: start as a follower, conf=-1: [39314213-52f4-4d5f-8765-d5d2e351be65|rpc:10.1.0.5:40299|dataStream:|priority:0, 67d2e683-5568-476c-afe3-e1175f298156|rpc:10.1.0.5:44345|dataStream:|priority:0, 63deab9d-b01f-425d-a78d-558263b66f1b|rpc:10.1.0.5:40589|dataStream:|priority:1], old=null
2021-09-16 19:34:46,112 [pool-825-thread-1] INFO  server.RaftServer$Division (RaftServerImpl.java:setRole(285)) - 39314213-52f4-4d5f-8765-d5d2e351be65@group-1B930CD1D13F: changes role from      null to FOLLOWER at term 0 for startAsFollower
2021-09-16 19:34:46,112 [pool-825-thread-1] INFO  impl.RoleInfo (RoleInfo.java:updateAndGet(130)) - 39314213-52f4-4d5f-8765-d5d2e351be65: start 39314213-52f4-4d5f-8765-d5d2e351be65@group-1B930CD1D13F-FollowerState
2021-09-16 19:34:46,113 [pool-806-thread-1] INFO  storage.RaftStorage (RaftStorageImpl.java:format(89)) - Storage directory /home/runner/work/ozone/ozone/hadoop-ozone/integration-test/target/test-dir/MiniOzoneClusterImpl-4c5ee767-53d0-43e8-b9fb-bc60904004ee/datanode-1/data/ratis/8fdc3177-b988-4720-aae0-fa79c1ad13dc has been successfully formatted.
2021-09-16 19:34:46,120 [pool-825-thread-1] INFO  util.JmxRegister (JmxRegister.java:tryRegister(44)) - Successfully registered JMX Bean with object name Ratis:service=RaftServer,group=group-1B930CD1D13F,id=39314213-52f4-4d5f-8765-d5d2e351be65
2021-09-16 19:34:46,179 [pool-806-thread-1] INFO  ratis.ContainerStateMachine (ContainerStateMachine.java:loadSnapshot(224)) - group-FA79C1AD13DC: The snapshot info is null. Setting the last applied indexto:(t:0, i:~)
2021-09-16 19:34:46,179 [pool-806-thread-1] INFO  server.RaftServerConfigKeys (ConfUtils.java:logGet(44)) - raft.server.notification.no-leader.timeout = 300000ms (custom)
2021-09-16 19:34:46,179 [pool-806-thread-1] INFO  server.RaftServerConfigKeys (ConfUtils.java:logGet(44)) - raft.server.log.use.memory = false (default)
2021-09-16 19:34:46,179 [pool-806-thread-1] INFO  server.RaftServerConfigKeys (ConfUtils.java:logGet(44)) - raft.server.log.purge.gap = 1000000 (custom)
2021-09-16 19:34:46,179 [pool-806-thread-1] INFO  server.RaftServerConfigKeys (ConfUtils.java:logGet(44)) - raft.server.log.appender.buffer.byte-limit = 33554432 (custom)
2021-09-16 19:34:46,180 [pool-806-thread-1] INFO  server.RaftServerConfigKeys (ConfUtils.java:logGet(44)) - raft.server.log.segment.size.max = 1048576 (custom)
2021-09-16 19:34:46,180 [pool-806-thread-1] INFO  server.RaftServerConfigKeys (ConfUtils.java:logGet(44)) - raft.server.log.segment.cache.num.max = 2 (custom)
2021-09-16 19:34:46,180 [pool-806-thread-1] INFO  server.RaftServerConfigKeys (ConfUtils.java:logGet(44)) - raft.server.log.segment.cache.size.max = 200MB (=209715200) (default)
2021-09-16 19:34:46,180 [pool-806-thread-1] INFO  segmented.SegmentedRaftLogWorker (SegmentedRaftLogWorker.java:<init>(182)) - new 63deab9d-b01f-425d-a78d-558263b66f1b@group-FA79C1AD13DC-SegmentedRaftLogWorker for RaftStorageImpl:Storage Directory /home/runner/work/ozone/ozone/hadoop-ozone/integration-test/target/test-dir/MiniOzoneClusterImpl-4c5ee767-53d0-43e8-b9fb-bc60904004ee/datanode-1/data/ratis/8fdc3177-b988-4720-aae0-fa79c1ad13dc
2021-09-16 19:34:46,180 [pool-806-thread-1] INFO  server.RaftServerConfigKeys (ConfUtils.java:logGet(44)) - raft.server.log.queue.byte-limit = 2147483647 (custom)
2021-09-16 19:34:46,180 [pool-806-thread-1] INFO  server.RaftServerConfigKeys (ConfUtils.java:logGet(44)) - raft.server.log.queue.element-limit = 1024 (custom)
2021-09-16 19:34:46,180 [pool-806-thread-1] INFO  server.RaftServerConfigKeys (ConfUtils.java:logGet(44)) - raft.server.log.segment.size.max = 1048576 (custom)
2021-09-16 19:34:46,181 [pool-806-thread-1] INFO  server.RaftServerConfigKeys (ConfUtils.java:logGet(44)) - raft.server.log.preallocated.size = 16384 (custom)
2021-09-16 19:34:46,181 [pool-806-thread-1] INFO  server.RaftServerConfigKeys (ConfUtils.java:logGet(44)) - raft.server.log.force.sync.num = 128 (default)
2021-09-16 19:34:46,181 [pool-806-thread-1] INFO  server.RaftServerConfigKeys (ConfUtils.java:logGet(44)) - raft.server.log.statemachine.data.sync = true (default)
2021-09-16 19:34:46,181 [pool-806-thread-1] INFO  server.RaftServerConfigKeys (ConfUtils.java:logGet(44)) - raft.server.log.statemachine.data.sync.timeout = 10s (default)
2021-09-16 19:34:46,181 [pool-806-thread-1] INFO  server.RaftServerConfigKeys (ConfUtils.java:logGet(44)) - raft.server.log.statemachine.data.sync.timeout.retry = -1 (default)
2021-09-16 19:34:46,182 [Datanode State Machine Thread - 0] WARN  statemachine.StateContext (StateContext.java:execute(621)) - No available thread in pool for past 1 seconds.
2021-09-16 19:34:46,182 [EventQueue-PipelineReportForPipelineReportHandler] INFO  pipeline.PipelineManagerImpl (PipelineManagerImpl.java:openPipeline(282)) - Pipeline Pipeline[ Id: 8fdc3177-b988-4720-aae0-fa79c1ad13dc, Nodes: 63deab9d-b01f-425d-a78d-558263b66f1b{ip: 10.1.0.5, host: fv-az195-743.u3nnjwd0vyge1bu22idnsdeq2e.cx.internal.cloudapp.net, ports: [REPLICATION=46025, RATIS=40589, RATIS_ADMIN=40589, RATIS_SERVER=40589, STANDALONE=36143], networkLocation: /default-rack, certSerialId: null, persistedOpState: IN_SERVICE, persistedOpStateExpiryEpochSec: 0}, ReplicationConfig: RATIS/ONE, State:ALLOCATED, leaderId:63deab9d-b01f-425d-a78d-558263b66f1b, CreationTimestamp2021-09-16T19:34:43.037Z[Etc/UTC]] moved to OPEN state
2021-09-16 19:34:46,183 [EventQueue-OpenPipelineForHealthyPipelineSafeModeRule] INFO  safemode.SCMSafeModeManager (HealthyPipelineSafeModeRule.java:process(124)) - SCM in safe mode. Healthy pipelines reported count is 0, required healthy pipeline reported count is 1
2021-09-16 19:34:46,184 [pool-806-thread-1] INFO  server.RaftServerConfigKeys (ConfUtils.java:logGet(44)) - raft.server.log.write.buffer.size = 1048576 (custom)
2021-09-16 19:34:46,185 [pool-806-thread-1] INFO  server.RaftServerConfigKeys (ConfUtils.java:logGet(44)) - raft.server.log.statemachine.data.caching.enabled = true (custom)
2021-09-16 19:34:46,186 [pool-806-thread-1] INFO  segmented.SegmentedRaftLogWorker (SegmentedRaftLogWorker.java:lambda$new$0(133)) - 63deab9d-b01f-425d-a78d-558263b66f1b@group-FA79C1AD13DC-SegmentedRaftLogWorker: flushIndex: setUnconditionally 0 -> -1
2021-09-16 19:34:46,186 [pool-806-thread-1] INFO  segmented.SegmentedRaftLogWorker (SegmentedRaftLogWorker.java:lambda$new$0(133)) - 63deab9d-b01f-425d-a78d-558263b66f1b@group-FA79C1AD13DC-SegmentedRaftLogWorker: safeCacheEvictIndex: setUnconditionally 0 -> -1
2021-09-16 19:34:46,186 [pool-806-thread-1] INFO  server.RaftServerConfigKeys (ConfUtils.java:logGet(44)) - raft.server.snapshot.auto.trigger.enabled = true (custom)
2021-09-16 19:34:46,186 [pool-806-thread-1] INFO  server.RaftServerConfigKeys (ConfUtils.java:logGet(44)) - raft.server.snapshot.auto.trigger.threshold = 10000 (custom)
2021-09-16 19:34:46,186 [pool-806-thread-1] INFO  server.RaftServerConfigKeys (ConfUtils.java:logGet(44)) - raft.server.snapshot.retention.file.num = 5 (custom)
2021-09-16 19:34:46,186 [pool-806-thread-1] INFO  server.RaftServerConfigKeys (ConfUtils.java:logGet(44)) - raft.server.log.purge.upto.snapshot.index = false (default)
2021-09-16 19:34:46,186 [pool-806-thread-1] INFO  server.RaftServerConfigKeys (ConfUtils.java:logGet(44)) - raft.server.retrycache.expirytime = 600000ms (custom)
2021-09-16 19:34:46,186 [pool-806-thread-1] INFO  server.RaftServerConfigKeys (ConfUtils.java:logGet(44)) - raft.server.retrycache.statistics.expirytime = 100μs (default)
2021-09-16 19:34:46,202 [pool-806-thread-1] INFO  server.RaftServer$Division (RaftServerImpl.java:start(296)) - 63deab9d-b01f-425d-a78d-558263b66f1b@group-FA79C1AD13DC: start as a follower, conf=-1: [63deab9d-b01f-425d-a78d-558263b66f1b|rpc:10.1.0.5:40589|priority:1], old=null
2021-09-16 19:34:46,202 [pool-806-thread-1] INFO  server.RaftServer$Division (RaftServerImpl.java:setRole(285)) - 63deab9d-b01f-425d-a78d-558263b66f1b@group-FA79C1AD13DC: changes role from      null to FOLLOWER at term 0 for startAsFollower
2021-09-16 19:34:46,202 [pool-806-thread-1] INFO  impl.RoleInfo (RoleInfo.java:updateAndGet(130)) - 63deab9d-b01f-425d-a78d-558263b66f1b: start 63deab9d-b01f-425d-a78d-558263b66f1b@group-FA79C1AD13DC-FollowerState
2021-09-16 19:34:46,223 [pool-806-thread-1] INFO  util.JmxRegister (JmxRegister.java:tryRegister(44)) - Successfully registered JMX Bean with object name Ratis:service=RaftServer,group=group-FA79C1AD13DC,id=63deab9d-b01f-425d-a78d-558263b66f1b
2021-09-16 19:34:46,226 [Command processor thread] INFO  ratis.XceiverServerRatis (XceiverServerRatis.java:addGroup(762)) - Created group PipelineID=8fdc3177-b988-4720-aae0-fa79c1ad13dc
2021-09-16 19:34:46,227 [Command processor thread] INFO  commandhandler.CreatePipelineCommandHandler (CreatePipelineCommandHandler.java:handle(106)) - Created Pipeline RATIS ONE PipelineID=8fdc3177-b988-4720-aae0-fa79c1ad13dc.
2021-09-16 19:34:46,227 [Command processor thread] INFO  server.RaftServer (RaftServerProxy.java:addNew(95)) - 63deab9d-b01f-425d-a78d-558263b66f1b: addNew group-1B930CD1D13F:[39314213-52f4-4d5f-8765-d5d2e351be65|rpc:10.1.0.5:40299|priority:0, 67d2e683-5568-476c-afe3-e1175f298156|rpc:10.1.0.5:44345|priority:0, 63deab9d-b01f-425d-a78d-558263b66f1b|rpc:10.1.0.5:40589|priority:1] returns group-1B930CD1D13F:java.util.concurrent.CompletableFuture@9760187[Not completed]
2021-09-16 19:34:46,238 [Listener at 127.0.0.1/43789] INFO  ozone.MiniOzoneClusterImpl (MiniOzoneClusterImpl.java:lambda$waitForClusterToBeReady$0(235)) - Waiting for nodes to be ready. Got 5 of 9 DN Heartbeats.
2021-09-16 19:34:46,238 [Listener at 127.0.0.1/43789] INFO  ozone.MiniOzoneClusterImpl (MiniOzoneClusterImpl.java:lambda$waitForClusterToBeReady$0(238)) - Waiting for cluster to exit safe mode
2021-09-16 19:34:46,238 [Listener at 127.0.0.1/43789] INFO  ozone.MiniOzoneClusterImpl (MiniOzoneClusterImpl.java:lambda$waitForClusterToBeReady$0(240)) - SCM became leader
2021-09-16 19:34:46,238 [pool-806-thread-1] INFO  server.RaftServer$Division (RaftServerImpl.java:<init>(181)) - 63deab9d-b01f-425d-a78d-558263b66f1b: new RaftServerImpl for group-1B930CD1D13F:[39314213-52f4-4d5f-8765-d5d2e351be65|rpc:10.1.0.5:40299|priority:0, 67d2e683-5568-476c-afe3-e1175f298156|rpc:10.1.0.5:44345|priority:0, 63deab9d-b01f-425d-a78d-558263b66f1b|rpc:10.1.0.5:40589|priority:1] with ContainerStateMachine:uninitialized
2021-09-16 19:34:46,238 [pool-806-thread-1] INFO  server.RaftServerConfigKeys (ConfUtils.java:logGet(44)) - raft.server.rpc.timeout.min = 5s (custom)
2021-09-16 19:34:46,238 [pool-806-thread-1] INFO  server.RaftServerConfigKeys (ConfUtils.java:logGet(44)) - raft.server.rpc.timeout.max = 5200ms (custom)
2021-09-16 19:34:46,238 [pool-806-thread-1] INFO  server.RaftServerConfigKeys (ConfUtils.java:logGet(44)) - raft.server.rpc.sleep.time = 25ms (default)
2021-09-16 19:34:46,238 [pool-806-thread-1] INFO  server.RaftServerConfigKeys (ConfUtils.java:logGet(44)) - raft.server.rpc.slowness.timeout = 300000ms (custom)
2021-09-16 19:34:46,238 [pool-806-thread-1] INFO  server.RaftServerConfigKeys (ConfUtils.java:logGet(44)) - raft.server.leaderelection.leader.step-down.wait-time = 10s (default)
2021-09-16 19:34:46,238 [pool-806-thread-1] INFO  server.RaftServerConfigKeys (ConfUtils.java:logGet(44)) - raft.server.sleep.deviation.threshold = 300ms (default)
2021-09-16 19:34:46,239 [pool-806-thread-1] INFO  server.RaftServerConfigKeys (ConfUtils.java:logGet(44)) - raft.server.log.appender.install.snapshot.enabled = false (custom)
2021-09-16 19:34:46,239 [pool-806-thread-1] INFO  server.RaftServer$Division (ServerState.java:<init>(105)) - 63deab9d-b01f-425d-a78d-558263b66f1b@group-1B930CD1D13F: ConfigurationManager, init=-1: [39314213-52f4-4d5f-8765-d5d2e351be65|rpc:10.1.0.5:40299|priority:0, 67d2e683-5568-476c-afe3-e1175f298156|rpc:10.1.0.5:44345|priority:0, 63deab9d-b01f-425d-a78d-558263b66f1b|rpc:10.1.0.5:40589|priority:1], old=null, confs=<EMPTY_MAP>
2021-09-16 19:34:46,239 [pool-806-thread-1] INFO  server.RaftServerConfigKeys (ConfUtils.java:logGet(44)) - raft.server.storage.dir = [/home/runner/work/ozone/ozone/hadoop-ozone/integration-test/target/test-dir/MiniOzoneClusterImpl-4c5ee767-53d0-43e8-b9fb-bc60904004ee/datanode-1/data/ratis] (custom)
2021-09-16 19:34:46,239 [pool-806-thread-1] INFO  server.RaftServerConfigKeys (ConfUtils.java:logGet(44)) - raft.server.log.corruption.policy = EXCEPTION (default)
2021-09-16 19:34:46,239 [pool-806-thread-1] INFO  server.RaftServerConfigKeys (ConfUtils.java:logGet(44)) - raft.server.storage.free-space.min = 0MB (=0) (default)
2021-09-16 19:34:46,239 [pool-806-thread-1] INFO  storage.RaftStorageDirectory (RaftStorageDirectoryImpl.java:analyzeStorage(135)) - The storage directory /home/runner/work/ozone/ozone/hadoop-ozone/integration-test/target/test-dir/MiniOzoneClusterImpl-4c5ee767-53d0-43e8-b9fb-bc60904004ee/datanode-1/data/ratis/0e782f45-a9a8-4288-8131-1b930cd1d13f does not exist. Creating ...
2021-09-16 19:34:46,242 [pool-806-thread-1] INFO  storage.RaftStorageDirectory (RaftStorageDirectoryImpl.java:tryLock(230)) - Lock on /home/runner/work/ozone/ozone/hadoop-ozone/integration-test/target/test-dir/MiniOzoneClusterImpl-4c5ee767-53d0-43e8-b9fb-bc60904004ee/datanode-1/data/ratis/0e782f45-a9a8-4288-8131-1b930cd1d13f/in_use.lock acquired by nodename 3243@fv-az195-743
2021-09-16 19:34:46,304 [pool-806-thread-1] INFO  storage.RaftStorage (RaftStorageImpl.java:format(89)) - Storage directory /home/runner/work/ozone/ozone/hadoop-ozone/integration-test/target/test-dir/MiniOzoneClusterImpl-4c5ee767-53d0-43e8-b9fb-bc60904004ee/datanode-1/data/ratis/0e782f45-a9a8-4288-8131-1b930cd1d13f has been successfully formatted.
2021-09-16 19:34:46,304 [pool-806-thread-1] INFO  ratis.ContainerStateMachine (ContainerStateMachine.java:loadSnapshot(224)) - group-1B930CD1D13F: The snapshot info is null. Setting the last applied indexto:(t:0, i:~)
2021-09-16 19:34:46,304 [Datanode State Machine Thread - 0] WARN  statemachine.StateContext (StateContext.java:execute(621)) - No available thread in pool for past 1 seconds.
2021-09-16 19:34:46,304 [pool-806-thread-1] INFO  server.RaftServerConfigKeys (ConfUtils.java:logGet(44)) - raft.server.notification.no-leader.timeout = 300000ms (custom)
2021-09-16 19:34:46,304 [pool-806-thread-1] INFO  server.RaftServerConfigKeys (ConfUtils.java:logGet(44)) - raft.server.log.use.memory = false (default)
2021-09-16 19:34:46,305 [pool-806-thread-1] INFO  server.RaftServerConfigKeys (ConfUtils.java:logGet(44)) - raft.server.log.purge.gap = 1000000 (custom)
2021-09-16 19:34:46,305 [pool-806-thread-1] INFO  server.RaftServerConfigKeys (ConfUtils.java:logGet(44)) - raft.server.log.appender.buffer.byte-limit = 33554432 (custom)
2021-09-16 19:34:46,305 [pool-806-thread-1] INFO  server.RaftServerConfigKeys (ConfUtils.java:logGet(44)) - raft.server.log.segment.size.max = 1048576 (custom)
2021-09-16 19:34:46,306 [EventQueue-OpenPipelineForHealthyPipelineSafeModeRule] INFO  safemode.SCMSafeModeManager (HealthyPipelineSafeModeRule.java:process(124)) - SCM in safe mode. Healthy pipelines reported count is 0, required healthy pipeline reported count is 1
2021-09-16 19:34:46,307 [pool-806-thread-1] INFO  server.RaftServerConfigKeys (ConfUtils.java:logGet(44)) - raft.server.log.segment.cache.num.max = 2 (custom)
2021-09-16 19:34:46,307 [pool-806-thread-1] INFO  server.RaftServerConfigKeys (ConfUtils.java:logGet(44)) - raft.server.log.segment.cache.size.max = 200MB (=209715200) (default)
2021-09-16 19:34:46,307 [pool-806-thread-1] INFO  segmented.SegmentedRaftLogWorker (SegmentedRaftLogWorker.java:<init>(182)) - new 63deab9d-b01f-425d-a78d-558263b66f1b@group-1B930CD1D13F-SegmentedRaftLogWorker for RaftStorageImpl:Storage Directory /home/runner/work/ozone/ozone/hadoop-ozone/integration-test/target/test-dir/MiniOzoneClusterImpl-4c5ee767-53d0-43e8-b9fb-bc60904004ee/datanode-1/data/ratis/0e782f45-a9a8-4288-8131-1b930cd1d13f
2021-09-16 19:34:46,307 [pool-806-thread-1] INFO  server.RaftServerConfigKeys (ConfUtils.java:logGet(44)) - raft.server.log.queue.byte-limit = 2147483647 (custom)
2021-09-16 19:34:46,307 [pool-806-thread-1] INFO  server.RaftServerConfigKeys (ConfUtils.java:logGet(44)) - raft.server.log.queue.element-limit = 1024 (custom)
2021-09-16 19:34:46,307 [pool-806-thread-1] INFO  server.RaftServerConfigKeys (ConfUtils.java:logGet(44)) - raft.server.log.segment.size.max = 1048576 (custom)
2021-09-16 19:34:46,307 [pool-806-thread-1] INFO  server.RaftServerConfigKeys (ConfUtils.java:logGet(44)) - raft.server.log.preallocated.size = 16384 (custom)
2021-09-16 19:34:46,307 [pool-806-thread-1] INFO  server.RaftServerConfigKeys (ConfUtils.java:logGet(44)) - raft.server.log.force.sync.num = 128 (default)
2021-09-16 19:34:46,307 [pool-806-thread-1] INFO  server.RaftServerConfigKeys (ConfUtils.java:logGet(44)) - raft.server.log.statemachine.data.sync = true (default)
2021-09-16 19:34:46,307 [pool-806-thread-1] INFO  server.RaftServerConfigKeys (ConfUtils.java:logGet(44)) - raft.server.log.statemachine.data.sync.timeout = 10s (default)
2021-09-16 19:34:46,307 [pool-806-thread-1] INFO  server.RaftServerConfigKeys (ConfUtils.java:logGet(44)) - raft.server.log.statemachine.data.sync.timeout.retry = -1 (default)
2021-09-16 19:34:46,324 [pool-806-thread-1] INFO  server.RaftServerConfigKeys (ConfUtils.java:logGet(44)) - raft.server.log.write.buffer.size = 1048576 (custom)
2021-09-16 19:34:46,325 [pool-806-thread-1] INFO  server.RaftServerConfigKeys (ConfUtils.java:logGet(44)) - raft.server.log.statemachine.data.caching.enabled = true (custom)
2021-09-16 19:34:46,325 [pool-806-thread-1] INFO  segmented.SegmentedRaftLogWorker (SegmentedRaftLogWorker.java:lambda$new$0(133)) - 63deab9d-b01f-425d-a78d-558263b66f1b@group-1B930CD1D13F-SegmentedRaftLogWorker: flushIndex: setUnconditionally 0 -> -1
2021-09-16 19:34:46,325 [pool-806-thread-1] INFO  segmented.SegmentedRaftLogWorker (SegmentedRaftLogWorker.java:lambda$new$0(133)) - 63deab9d-b01f-425d-a78d-558263b66f1b@group-1B930CD1D13F-SegmentedRaftLogWorker: safeCacheEvictIndex: setUnconditionally 0 -> -1
2021-09-16 19:34:46,331 [pool-806-thread-1] INFO  server.RaftServerConfigKeys (ConfUtils.java:logGet(44)) - raft.server.snapshot.auto.trigger.enabled = true (custom)
2021-09-16 19:34:46,422 [pool-806-thread-1] INFO  server.RaftServerConfigKeys (ConfUtils.java:logGet(44)) - raft.server.snapshot.auto.trigger.threshold = 10000 (custom)
2021-09-16 19:34:46,422 [pool-806-thread-1] INFO  server.RaftServerConfigKeys (ConfUtils.java:logGet(44)) - raft.server.snapshot.retention.file.num = 5 (custom)
2021-09-16 19:34:46,423 [pool-806-thread-1] INFO  server.RaftServerConfigKeys (ConfUtils.java:logGet(44)) - raft.server.log.purge.upto.snapshot.index = false (default)
2021-09-16 19:34:46,423 [pool-806-thread-1] INFO  server.RaftServerConfigKeys (ConfUtils.java:logGet(44)) - raft.server.retrycache.expirytime = 600000ms (custom)
2021-09-16 19:34:46,423 [pool-806-thread-1] INFO  server.RaftServerConfigKeys (ConfUtils.java:logGet(44)) - raft.server.retrycache.statistics.expirytime = 100μs (default)
2021-09-16 19:34:46,425 [pool-806-thread-1] INFO  server.RaftServer$Division (RaftServerImpl.java:start(296)) - 63deab9d-b01f-425d-a78d-558263b66f1b@group-1B930CD1D13F: start as a follower, conf=-1: [39314213-52f4-4d5f-8765-d5d2e351be65|rpc:10.1.0.5:40299|priority:0, 67d2e683-5568-476c-afe3-e1175f298156|rpc:10.1.0.5:44345|priority:0, 63deab9d-b01f-425d-a78d-558263b66f1b|rpc:10.1.0.5:40589|priority:1], old=null
2021-09-16 19:34:46,425 [pool-806-thread-1] INFO  server.RaftServer$Division (RaftServerImpl.java:setRole(285)) - 63deab9d-b01f-425d-a78d-558263b66f1b@group-1B930CD1D13F: changes role from      null to FOLLOWER at term 0 for startAsFollower
2021-09-16 19:34:46,425 [pool-806-thread-1] INFO  impl.RoleInfo (RoleInfo.java:updateAndGet(130)) - 63deab9d-b01f-425d-a78d-558263b66f1b: start 63deab9d-b01f-425d-a78d-558263b66f1b@group-1B930CD1D13F-FollowerState
2021-09-16 19:34:46,392 [Command processor thread] INFO  commandhandler.CreatePipelineCommandHandler (CreatePipelineCommandHandler.java:handle(106)) - Created Pipeline RATIS THREE PipelineID=0e782f45-a9a8-4288-8131-1b930cd1d13f.
2021-09-16 19:34:46,425 [pool-806-thread-1] INFO  util.JmxRegister (JmxRegister.java:tryRegister(44)) - Successfully registered JMX Bean with object name Ratis:service=RaftServer,group=group-1B930CD1D13F,id=63deab9d-b01f-425d-a78d-558263b66f1b
2021-09-16 19:34:46,426 [EndpointStateMachine task thread for /0.0.0.0:44331 - 0 ] INFO  ozoneimpl.OzoneContainer (OzoneContainer.java:start(304)) - Attempting to start container services.
2021-09-16 19:34:46,426 [EndpointStateMachine task thread for /0.0.0.0:44331 - 0 ] INFO  ozoneimpl.OzoneContainer (OzoneContainer.java:startContainerScrub(249)) - Background container scanner has been disabled.
2021-09-16 19:34:46,427 [Command processor thread] INFO  ratis.XceiverServerRatis (XceiverServerRatis.java:addGroup(762)) - Created group PipelineID=0e782f45-a9a8-4288-8131-1b930cd1d13f
2021-09-16 19:34:46,432 [EndpointStateMachine task thread for /0.0.0.0:44331 - 0 ] INFO  replication.ReplicationServer (ReplicationServer.java:start(107)) - ReplicationServer is started using port 37769
2021-09-16 19:34:46,437 [EndpointStateMachine task thread for /0.0.0.0:44331 - 0 ] INFO  ratis.XceiverServerRatis (XceiverServerRatis.java:start(481)) - Starting XceiverServerRatis d325862d-5d90-442e-bb25-5d4329348a89
2021-09-16 19:34:46,466 [EndpointStateMachine task thread for /0.0.0.0:44331 - 0 ] INFO  server.RaftServer (RaftServerProxy.java:lambda$start$5(374)) - d325862d-5d90-442e-bb25-5d4329348a89: start RPC server
2021-09-16 19:34:46,472 [EndpointStateMachine task thread for /0.0.0.0:44331 - 0 ] INFO  server.GrpcService (GrpcService.java:startImpl(253)) - d325862d-5d90-442e-bb25-5d4329348a89: GrpcService started, listening on 42511
2021-09-16 19:34:46,476 [EndpointStateMachine task thread for /0.0.0.0:44331 - 0 ] INFO  ratis.XceiverServerRatis (XceiverServerRatis.java:getRealPort(502)) - XceiverServerRatis d325862d-5d90-442e-bb25-5d4329348a89 is started using port 42511 for RATIS
2021-09-16 19:34:46,476 [EndpointStateMachine task thread for /0.0.0.0:44331 - 0 ] INFO  ratis.XceiverServerRatis (XceiverServerRatis.java:getRealPort(502)) - XceiverServerRatis d325862d-5d90-442e-bb25-5d4329348a89 is started using port 42511 for RATIS_ADMIN
2021-09-16 19:34:46,476 [EndpointStateMachine task thread for /0.0.0.0:44331 - 0 ] INFO  ratis.XceiverServerRatis (XceiverServerRatis.java:getRealPort(502)) - XceiverServerRatis d325862d-5d90-442e-bb25-5d4329348a89 is started using port 42511 for RATIS_SERVER
2021-09-16 19:34:46,477 [EndpointStateMachine task thread for /0.0.0.0:44331 - 0 ] INFO  server.XceiverServerGrpc (XceiverServerGrpc.java:start(135)) - XceiverServerGrpc d325862d-5d90-442e-bb25-5d4329348a89 is started using port 34693
2021-09-16 19:34:46,549 [org.apache.ratis.util.JvmPauseMonitor$$Lambda$531/459885056@25d3d9d1] INFO  util.JvmPauseMonitor (JvmPauseMonitor.java:run(103)) - JvmPauseMonitor-d325862d-5d90-442e-bb25-5d4329348a89: Started
2021-09-16 19:34:46,554 [IPC Server handler 9 on default port 44331] INFO  net.NetworkTopologyImpl (NetworkTopologyImpl.java:add(112)) - Added a new node: /default-rack/de4d5c13-4a27-410b-b35a-5584c5652eab
2021-09-16 19:34:46,554 [IPC Server handler 9 on default port 44331] INFO  node.SCMNodeManager (SCMNodeManager.java:register(389)) - Registered Data node : de4d5c13-4a27-410b-b35a-5584c5652eab{ip: 10.1.0.5, host: fv-az195-743.u3nnjwd0vyge1bu22idnsdeq2e.cx.internal.cloudapp.net, ports: [REPLICATION=41341, RATIS=33691, RATIS_ADMIN=33691, RATIS_SERVER=33691, STANDALONE=40479], networkLocation: /default-rack, certSerialId: null, persistedOpState: null, persistedOpStateExpiryEpochSec: 0}
2021-09-16 19:34:46,555 [EventQueue-NewNodeForNewNodeHandler] INFO  pipeline.BackgroundPipelineCreator (BackgroundPipelineCreatorV2.java:notifyEventTriggered(285)) - trigger a one-shot run on RatisPipelineUtilsThread.
2021-09-16 19:34:46,555 [RatisPipelineUtilsThread - 0] INFO  pipeline.RatisPipelineProvider (RatisPipelineProvider.java:lambda$create$0(183)) - Sending CreatePipelineCommand for pipeline:PipelineID=1ae849a2-9881-49da-8ddb-10a05c49ac01 to datanode:de4d5c13-4a27-410b-b35a-5584c5652eab
2021-09-16 19:34:46,555 [RatisPipelineUtilsThread - 0] INFO  pipeline.PipelineStateManager (PipelineStateManagerV2Impl.java:addPipeline(101)) - Created pipeline Pipeline[ Id: 1ae849a2-9881-49da-8ddb-10a05c49ac01, Nodes: de4d5c13-4a27-410b-b35a-5584c5652eab{ip: 10.1.0.5, host: fv-az195-743.u3nnjwd0vyge1bu22idnsdeq2e.cx.internal.cloudapp.net, ports: [REPLICATION=41341, RATIS=33691, RATIS_ADMIN=33691, RATIS_SERVER=33691, STANDALONE=40479], networkLocation: /default-rack, certSerialId: null, persistedOpState: IN_SERVICE, persistedOpStateExpiryEpochSec: 0}, ReplicationConfig: RATIS/ONE, State:ALLOCATED, leaderId:, CreationTimestamp2021-09-16T19:34:46.555Z[Etc/UTC]].
2021-09-16 19:34:46,556 [RatisPipelineUtilsThread - 0] INFO  pipeline.RatisPipelineProvider (RatisPipelineProvider.java:lambda$create$0(183)) - Sending CreatePipelineCommand for pipeline:PipelineID=fe861425-d21f-4895-9738-d3a07527d82d to datanode:de4d5c13-4a27-410b-b35a-5584c5652eab
2021-09-16 19:34:46,556 [RatisPipelineUtilsThread - 0] INFO  pipeline.RatisPipelineProvider (RatisPipelineProvider.java:lambda$create$0(183)) - Sending CreatePipelineCommand for pipeline:PipelineID=fe861425-d21f-4895-9738-d3a07527d82d to datanode:1226f225-3abd-46f9-90c8-da28d00f4d36
2021-09-16 19:34:46,556 [RatisPipelineUtilsThread - 0] INFO  pipeline.RatisPipelineProvider (RatisPipelineProvider.java:lambda$create$0(183)) - Sending CreatePipelineCommand for pipeline:PipelineID=fe861425-d21f-4895-9738-d3a07527d82d to datanode:e8f13dfe-2d88-44e3-8dd8-bc613bb80fa9
2021-09-16 19:34:46,556 [RatisPipelineUtilsThread - 0] INFO  pipeline.PipelineStateManager (PipelineStateManagerV2Impl.java:addPipeline(101)) - Created pipeline Pipeline[ Id: fe861425-d21f-4895-9738-d3a07527d82d, Nodes: de4d5c13-4a27-410b-b35a-5584c5652eab{ip: 10.1.0.5, host: fv-az195-743.u3nnjwd0vyge1bu22idnsdeq2e.cx.internal.cloudapp.net, ports: [REPLICATION=41341, RATIS=33691, RATIS_ADMIN=33691, RATIS_SERVER=33691, STANDALONE=40479], networkLocation: /default-rack, certSerialId: null, persistedOpState: IN_SERVICE, persistedOpStateExpiryEpochSec: 0}1226f225-3abd-46f9-90c8-da28d00f4d36{ip: 10.1.0.5, host: fv-az195-743.u3nnjwd0vyge1bu22idnsdeq2e.cx.internal.cloudapp.net, ports: [REPLICATION=46313, RATIS=44993, RATIS_ADMIN=44993, RATIS_SERVER=44993, STANDALONE=43383], networkLocation: /default-rack, certSerialId: null, persistedOpState: IN_SERVICE, persistedOpStateExpiryEpochSec: 0}e8f13dfe-2d88-44e3-8dd8-bc613bb80fa9{ip: 10.1.0.5, host: fv-az195-743.u3nnjwd0vyge1bu22idnsdeq2e.cx.internal.cloudapp.net, ports: [REPLICATION=41533, RATIS=42057, RATIS_ADMIN=42057, RATIS_SERVER=42057, STANDALONE=40795], networkLocation: /default-rack, certSerialId: null, persistedOpState: IN_SERVICE, persistedOpStateExpiryEpochSec: 0}, ReplicationConfig: RATIS/THREE, State:ALLOCATED, leaderId:, CreationTimestamp2021-09-16T19:34:46.556Z[Etc/UTC]].
2021-09-16 19:34:46,750 [org.apache.ratis.util.JvmPauseMonitor$$Lambda$531/459885056@52502ca4] WARN  util.JvmPauseMonitor (JvmPauseMonitor.java:detectPause(124)) - JvmPauseMonitor-om1: Detected pause in JVM or host machine (eg GC): pause of approximately 126164525ns. No GCs detected.
2021-09-16 19:34:46,843 [Command processor thread] INFO  commandhandler.CreatePipelineCommandHandler (CreatePipelineCommandHandler.java:handle(106)) - Created Pipeline RATIS THREE PipelineID=0e782f45-a9a8-4288-8131-1b930cd1d13f.
2021-09-16 19:34:47,032 [Command processor thread] INFO  server.RaftServer (RaftServerProxy.java:addNew(95)) - 39314213-52f4-4d5f-8765-d5d2e351be65: addNew group-B7AFA6FC76B7:[39314213-52f4-4d5f-8765-d5d2e351be65|rpc:10.1.0.5:40299|priority:1] returns group-B7AFA6FC76B7:java.util.concurrent.CompletableFuture@c473cd4[Not completed]
2021-09-16 19:34:47,032 [pool-825-thread-1] INFO  server.RaftServer$Division (RaftServerImpl.java:<init>(181)) - 39314213-52f4-4d5f-8765-d5d2e351be65: new RaftServerImpl for group-B7AFA6FC76B7:[39314213-52f4-4d5f-8765-d5d2e351be65|rpc:10.1.0.5:40299|priority:1] with ContainerStateMachine:uninitialized
2021-09-16 19:34:47,032 [pool-825-thread-1] INFO  server.RaftServerConfigKeys (ConfUtils.java:logGet(44)) - raft.server.rpc.timeout.min = 5s (custom)
2021-09-16 19:34:47,032 [pool-825-thread-1] INFO  server.RaftServerConfigKeys (ConfUtils.java:logGet(44)) - raft.server.rpc.timeout.max = 5200ms (custom)
2021-09-16 19:34:47,033 [pool-825-thread-1] INFO  server.RaftServerConfigKeys (ConfUtils.java:logGet(44)) - raft.server.rpc.sleep.time = 25ms (default)
2021-09-16 19:34:47,033 [pool-825-thread-1] INFO  server.RaftServerConfigKeys (ConfUtils.java:logGet(44)) - raft.server.rpc.slowness.timeout = 300000ms (custom)
2021-09-16 19:34:47,033 [pool-825-thread-1] INFO  server.RaftServerConfigKeys (ConfUtils.java:logGet(44)) - raft.server.leaderelection.leader.step-down.wait-time = 10s (default)
2021-09-16 19:34:47,033 [pool-825-thread-1] INFO  server.RaftServerConfigKeys (ConfUtils.java:logGet(44)) - raft.server.sleep.deviation.threshold = 300ms (default)
2021-09-16 19:34:47,033 [pool-825-thread-1] INFO  server.RaftServerConfigKeys (ConfUtils.java:logGet(44)) - raft.server.log.appender.install.snapshot.enabled = false (custom)
2021-09-16 19:34:47,033 [pool-825-thread-1] INFO  server.RaftServer$Division (ServerState.java:<init>(105)) - 39314213-52f4-4d5f-8765-d5d2e351be65@group-B7AFA6FC76B7: ConfigurationManager, init=-1: [39314213-52f4-4d5f-8765-d5d2e351be65|rpc:10.1.0.5:40299|priority:1], old=null, confs=<EMPTY_MAP>
2021-09-16 19:34:47,033 [pool-825-thread-1] INFO  server.RaftServerConfigKeys (ConfUtils.java:logGet(44)) - raft.server.storage.dir = [/home/runner/work/ozone/ozone/hadoop-ozone/integration-test/target/test-dir/MiniOzoneClusterImpl-4c5ee767-53d0-43e8-b9fb-bc60904004ee/datanode-2/data/ratis] (custom)
2021-09-16 19:34:47,033 [pool-825-thread-1] INFO  server.RaftServerConfigKeys (ConfUtils.java:logGet(44)) - raft.server.log.corruption.policy = EXCEPTION (default)
2021-09-16 19:34:47,033 [pool-825-thread-1] INFO  server.RaftServerConfigKeys (ConfUtils.java:logGet(44)) - raft.server.storage.free-space.min = 0MB (=0) (default)
2021-09-16 19:34:47,033 [pool-825-thread-1] INFO  storage.RaftStorageDirectory (RaftStorageDirectoryImpl.java:analyzeStorage(135)) - The storage directory /home/runner/work/ozone/ozone/hadoop-ozone/integration-test/target/test-dir/MiniOzoneClusterImpl-4c5ee767-53d0-43e8-b9fb-bc60904004ee/datanode-2/data/ratis/64695d0d-8b33-42d3-94a7-b7afa6fc76b7 does not exist. Creating ...
2021-09-16 19:34:47,036 [pool-825-thread-1] INFO  storage.RaftStorageDirectory (RaftStorageDirectoryImpl.java:tryLock(230)) - Lock on /home/runner/work/ozone/ozone/hadoop-ozone/integration-test/target/test-dir/MiniOzoneClusterImpl-4c5ee767-53d0-43e8-b9fb-bc60904004ee/datanode-2/data/ratis/64695d0d-8b33-42d3-94a7-b7afa6fc76b7/in_use.lock acquired by nodename 3243@fv-az195-743
2021-09-16 19:34:47,043 [pool-825-thread-1] INFO  storage.RaftStorage (RaftStorageImpl.java:format(89)) - Storage directory /home/runner/work/ozone/ozone/hadoop-ozone/integration-test/target/test-dir/MiniOzoneClusterImpl-4c5ee767-53d0-43e8-b9fb-bc60904004ee/datanode-2/data/ratis/64695d0d-8b33-42d3-94a7-b7afa6fc76b7 has been successfully formatted.
2021-09-16 19:34:47,043 [pool-825-thread-1] INFO  ratis.ContainerStateMachine (ContainerStateMachine.java:loadSnapshot(224)) - group-B7AFA6FC76B7: The snapshot info is null. Setting the last applied indexto:(t:0, i:~)
2021-09-16 19:34:47,044 [EventQueue-PipelineReportForPipelineReportHandler] INFO  pipeline.PipelineManagerImpl (PipelineManagerImpl.java:openPipeline(282)) - Pipeline Pipeline[ Id: 64695d0d-8b33-42d3-94a7-b7afa6fc76b7, Nodes: 39314213-52f4-4d5f-8765-d5d2e351be65{ip: 10.1.0.5, host: fv-az195-743.u3nnjwd0vyge1bu22idnsdeq2e.cx.internal.cloudapp.net, ports: [REPLICATION=36959, RATIS=40299, RATIS_ADMIN=40299, RATIS_SERVER=40299, STANDALONE=42345], networkLocation: /default-rack, certSerialId: null, persistedOpState: IN_SERVICE, persistedOpStateExpiryEpochSec: 0}, ReplicationConfig: RATIS/ONE, State:ALLOCATED, leaderId:39314213-52f4-4d5f-8765-d5d2e351be65, CreationTimestamp2021-09-16T19:34:44.098Z[Etc/UTC]] moved to OPEN state
2021-09-16 19:34:47,045 [EventQueue-OpenPipelineForHealthyPipelineSafeModeRule] INFO  safemode.SCMSafeModeManager (HealthyPipelineSafeModeRule.java:process(124)) - SCM in safe mode. Healthy pipelines reported count is 0, required healthy pipeline reported count is 1
2021-09-16 19:34:47,047 [pool-825-thread-1] INFO  server.RaftServerConfigKeys (ConfUtils.java:logGet(44)) - raft.server.notification.no-leader.timeout = 300000ms (custom)
2021-09-16 19:34:47,047 [pool-825-thread-1] INFO  server.RaftServerConfigKeys (ConfUtils.java:logGet(44)) - raft.server.log.use.memory = false (default)
2021-09-16 19:34:47,047 [pool-825-thread-1] INFO  server.RaftServerConfigKeys (ConfUtils.java:logGet(44)) - raft.server.log.purge.gap = 1000000 (custom)
2021-09-16 19:34:47,047 [pool-825-thread-1] INFO  server.RaftServerConfigKeys (ConfUtils.java:logGet(44)) - raft.server.log.appender.buffer.byte-limit = 33554432 (custom)
2021-09-16 19:34:47,047 [pool-825-thread-1] INFO  server.RaftServerConfigKeys (ConfUtils.java:logGet(44)) - raft.server.log.segment.size.max = 1048576 (custom)
2021-09-16 19:34:47,050 [pool-825-thread-1] INFO  server.RaftServerConfigKeys (ConfUtils.java:logGet(44)) - raft.server.log.segment.cache.num.max = 2 (custom)
2021-09-16 19:34:47,050 [pool-825-thread-1] INFO  server.RaftServerConfigKeys (ConfUtils.java:logGet(44)) - raft.server.log.segment.cache.size.max = 200MB (=209715200) (default)
2021-09-16 19:34:47,050 [pool-825-thread-1] INFO  segmented.SegmentedRaftLogWorker (SegmentedRaftLogWorker.java:<init>(182)) - new 39314213-52f4-4d5f-8765-d5d2e351be65@group-B7AFA6FC76B7-SegmentedRaftLogWorker for RaftStorageImpl:Storage Directory /home/runner/work/ozone/ozone/hadoop-ozone/integration-test/target/test-dir/MiniOzoneClusterImpl-4c5ee767-53d0-43e8-b9fb-bc60904004ee/datanode-2/data/ratis/64695d0d-8b33-42d3-94a7-b7afa6fc76b7
2021-09-16 19:34:47,050 [pool-825-thread-1] INFO  server.RaftServerConfigKeys (ConfUtils.java:logGet(44)) - raft.server.log.queue.byte-limit = 2147483647 (custom)
2021-09-16 19:34:47,050 [pool-825-thread-1] INFO  server.RaftServerConfigKeys (ConfUtils.java:logGet(44)) - raft.server.log.queue.element-limit = 1024 (custom)
2021-09-16 19:34:47,050 [pool-825-thread-1] INFO  server.RaftServerConfigKeys (ConfUtils.java:logGet(44)) - raft.server.log.segment.size.max = 1048576 (custom)
2021-09-16 19:34:47,050 [pool-825-thread-1] INFO  server.RaftServerConfigKeys (ConfUtils.java:logGet(44)) - raft.server.log.preallocated.size = 16384 (custom)
2021-09-16 19:34:47,050 [pool-825-thread-1] INFO  server.RaftServerConfigKeys (ConfUtils.java:logGet(44)) - raft.server.log.force.sync.num = 128 (default)
2021-09-16 19:34:47,050 [pool-825-thread-1] INFO  server.RaftServerConfigKeys (ConfUtils.java:logGet(44)) - raft.server.log.statemachine.data.sync = true (default)
2021-09-16 19:34:47,050 [pool-825-thread-1] INFO  server.RaftServerConfigKeys (ConfUtils.java:logGet(44)) - raft.server.log.statemachine.data.sync.timeout = 10s (default)
2021-09-16 19:34:47,058 [pool-825-thread-1] INFO  server.RaftServerConfigKeys (ConfUtils.java:logGet(44)) - raft.server.log.statemachine.data.sync.timeout.retry = -1 (default)
2021-09-16 19:34:47,059 [pool-825-thread-1] INFO  server.RaftServerConfigKeys (ConfUtils.java:logGet(44)) - raft.server.log.write.buffer.size = 1048576 (custom)
2021-09-16 19:34:47,060 [pool-825-thread-1] INFO  server.RaftServerConfigKeys (ConfUtils.java:logGet(44)) - raft.server.log.statemachine.data.caching.enabled = true (custom)
2021-09-16 19:34:47,062 [pool-825-thread-1] INFO  segmented.SegmentedRaftLogWorker (SegmentedRaftLogWorker.java:lambda$new$0(133)) - 39314213-52f4-4d5f-8765-d5d2e351be65@group-B7AFA6FC76B7-SegmentedRaftLogWorker: flushIndex: setUnconditionally 0 -> -1
2021-09-16 19:34:47,062 [pool-825-thread-1] INFO  segmented.SegmentedRaftLogWorker (SegmentedRaftLogWorker.java:lambda$new$0(133)) - 39314213-52f4-4d5f-8765-d5d2e351be65@group-B7AFA6FC76B7-SegmentedRaftLogWorker: safeCacheEvictIndex: setUnconditionally 0 -> -1
2021-09-16 19:34:47,068 [pool-825-thread-1] INFO  server.RaftServerConfigKeys (ConfUtils.java:logGet(44)) - raft.server.snapshot.auto.trigger.enabled = true (custom)
2021-09-16 19:34:47,069 [pool-825-thread-1] INFO  server.RaftServerConfigKeys (ConfUtils.java:logGet(44)) - raft.server.snapshot.auto.trigger.threshold = 10000 (custom)
2021-09-16 19:34:47,069 [pool-825-thread-1] INFO  server.RaftServerConfigKeys (ConfUtils.java:logGet(44)) - raft.server.snapshot.retention.file.num = 5 (custom)
2021-09-16 19:34:47,069 [pool-825-thread-1] INFO  server.RaftServerConfigKeys (ConfUtils.java:logGet(44)) - raft.server.log.purge.upto.snapshot.index = false (default)
2021-09-16 19:34:47,069 [pool-825-thread-1] INFO  server.RaftServerConfigKeys (ConfUtils.java:logGet(44)) - raft.server.retrycache.expirytime = 600000ms (custom)
2021-09-16 19:34:47,069 [pool-825-thread-1] INFO  server.RaftServerConfigKeys (ConfUtils.java:logGet(44)) - raft.server.retrycache.statistics.expirytime = 100μs (default)
2021-09-16 19:34:47,071 [pool-825-thread-1] INFO  server.RaftServer$Division (RaftServerImpl.java:start(296)) - 39314213-52f4-4d5f-8765-d5d2e351be65@group-B7AFA6FC76B7: start as a follower, conf=-1: [39314213-52f4-4d5f-8765-d5d2e351be65|rpc:10.1.0.5:40299|priority:1], old=null
2021-09-16 19:34:47,072 [pool-825-thread-1] INFO  server.RaftServer$Division (RaftServerImpl.java:setRole(285)) - 39314213-52f4-4d5f-8765-d5d2e351be65@group-B7AFA6FC76B7: changes role from      null to FOLLOWER at term 0 for startAsFollower
2021-09-16 19:34:47,072 [pool-825-thread-1] INFO  impl.RoleInfo (RoleInfo.java:updateAndGet(130)) - 39314213-52f4-4d5f-8765-d5d2e351be65: start 39314213-52f4-4d5f-8765-d5d2e351be65@group-B7AFA6FC76B7-FollowerState
2021-09-16 19:34:47,072 [pool-825-thread-1] INFO  util.JmxRegister (JmxRegister.java:tryRegister(44)) - Successfully registered JMX Bean with object name Ratis:service=RaftServer,group=group-B7AFA6FC76B7,id=39314213-52f4-4d5f-8765-d5d2e351be65
2021-09-16 19:34:47,101 [Command processor thread] INFO  ratis.XceiverServerRatis (XceiverServerRatis.java:addGroup(762)) - Created group PipelineID=64695d0d-8b33-42d3-94a7-b7afa6fc76b7
2021-09-16 19:34:47,101 [Command processor thread] INFO  commandhandler.CreatePipelineCommandHandler (CreatePipelineCommandHandler.java:handle(106)) - Created Pipeline RATIS ONE PipelineID=64695d0d-8b33-42d3-94a7-b7afa6fc76b7.
2021-09-16 19:34:47,241 [Listener at 127.0.0.1/43789] INFO  ozone.MiniOzoneClusterImpl (MiniOzoneClusterImpl.java:lambda$waitForClusterToBeReady$0(235)) - Waiting for nodes to be ready. Got 6 of 9 DN Heartbeats.
2021-09-16 19:34:47,241 [Listener at 127.0.0.1/43789] INFO  ozone.MiniOzoneClusterImpl (MiniOzoneClusterImpl.java:lambda$waitForClusterToBeReady$0(238)) - Waiting for cluster to exit safe mode
2021-09-16 19:34:47,241 [Listener at 127.0.0.1/43789] INFO  ozone.MiniOzoneClusterImpl (MiniOzoneClusterImpl.java:lambda$waitForClusterToBeReady$0(240)) - SCM became leader
2021-09-16 19:34:47,275 [EndpointStateMachine task thread for /0.0.0.0:44331 - 0 ] INFO  ozoneimpl.OzoneContainer (OzoneContainer.java:start(304)) - Attempting to start container services.
2021-09-16 19:34:47,275 [EndpointStateMachine task thread for /0.0.0.0:44331 - 0 ] INFO  ozoneimpl.OzoneContainer (OzoneContainer.java:startContainerScrub(249)) - Background container scanner has been disabled.
2021-09-16 19:34:47,301 [EndpointStateMachine task thread for /0.0.0.0:44331 - 0 ] INFO  replication.ReplicationServer (ReplicationServer.java:start(107)) - ReplicationServer is started using port 33461
2021-09-16 19:34:47,303 [EndpointStateMachine task thread for /0.0.0.0:44331 - 0 ] INFO  ratis.XceiverServerRatis (XceiverServerRatis.java:start(481)) - Starting XceiverServerRatis 17c51919-b33f-4a5f-9a86-1e5ebe529257
2021-09-16 19:34:47,303 [EndpointStateMachine task thread for /0.0.0.0:44331 - 0 ] INFO  server.RaftServer (RaftServerProxy.java:lambda$start$5(374)) - 17c51919-b33f-4a5f-9a86-1e5ebe529257: start RPC server
2021-09-16 19:34:47,318 [EndpointStateMachine task thread for /0.0.0.0:44331 - 0 ] INFO  server.GrpcService (GrpcService.java:startImpl(253)) - 17c51919-b33f-4a5f-9a86-1e5ebe529257: GrpcService started, listening on 40963
2021-09-16 19:34:47,321 [EndpointStateMachine task thread for /0.0.0.0:44331 - 0 ] INFO  ratis.XceiverServerRatis (XceiverServerRatis.java:getRealPort(502)) - XceiverServerRatis 17c51919-b33f-4a5f-9a86-1e5ebe529257 is started using port 40963 for RATIS
2021-09-16 19:34:47,321 [EndpointStateMachine task thread for /0.0.0.0:44331 - 0 ] INFO  ratis.XceiverServerRatis (XceiverServerRatis.java:getRealPort(502)) - XceiverServerRatis 17c51919-b33f-4a5f-9a86-1e5ebe529257 is started using port 40963 for RATIS_ADMIN
2021-09-16 19:34:47,321 [EndpointStateMachine task thread for /0.0.0.0:44331 - 0 ] INFO  ratis.XceiverServerRatis (XceiverServerRatis.java:getRealPort(502)) - XceiverServerRatis 17c51919-b33f-4a5f-9a86-1e5ebe529257 is started using port 40963 for RATIS_SERVER
2021-09-16 19:34:47,322 [EndpointStateMachine task thread for /0.0.0.0:44331 - 0 ] INFO  server.XceiverServerGrpc (XceiverServerGrpc.java:start(135)) - XceiverServerGrpc 17c51919-b33f-4a5f-9a86-1e5ebe529257 is started using port 43083
2021-09-16 19:34:47,364 [org.apache.ratis.util.JvmPauseMonitor$$Lambda$531/459885056@3a058e0d] INFO  util.JvmPauseMonitor (JvmPauseMonitor.java:run(103)) - JvmPauseMonitor-17c51919-b33f-4a5f-9a86-1e5ebe529257: Started
2021-09-16 19:34:47,693 [IPC Server handler 2 on default port 44331] INFO  net.NetworkTopologyImpl (NetworkTopologyImpl.java:add(112)) - Added a new node: /default-rack/22678529-1571-490a-85b9-2142d4a575d8
2021-09-16 19:34:47,694 [IPC Server handler 2 on default port 44331] INFO  node.SCMNodeManager (SCMNodeManager.java:register(389)) - Registered Data node : 22678529-1571-490a-85b9-2142d4a575d8{ip: 10.1.0.5, host: fv-az195-743.u3nnjwd0vyge1bu22idnsdeq2e.cx.internal.cloudapp.net, ports: [REPLICATION=38611, RATIS=32787, RATIS_ADMIN=32787, RATIS_SERVER=32787, STANDALONE=32881], networkLocation: /default-rack, certSerialId: null, persistedOpState: null, persistedOpStateExpiryEpochSec: 0}
2021-09-16 19:34:47,694 [EventQueue-NewNodeForNewNodeHandler] INFO  pipeline.BackgroundPipelineCreator (BackgroundPipelineCreatorV2.java:notifyEventTriggered(285)) - trigger a one-shot run on RatisPipelineUtilsThread.
2021-09-16 19:34:47,694 [RatisPipelineUtilsThread - 0] INFO  pipeline.RatisPipelineProvider (RatisPipelineProvider.java:lambda$create$0(183)) - Sending CreatePipelineCommand for pipeline:PipelineID=0592299e-244b-4065-b6c9-39c371fd3a13 to datanode:22678529-1571-490a-85b9-2142d4a575d8
2021-09-16 19:34:47,695 [RatisPipelineUtilsThread - 0] INFO  pipeline.PipelineStateManager (PipelineStateManagerV2Impl.java:addPipeline(101)) - Created pipeline Pipeline[ Id: 0592299e-244b-4065-b6c9-39c371fd3a13, Nodes: 22678529-1571-490a-85b9-2142d4a575d8{ip: 10.1.0.5, host: fv-az195-743.u3nnjwd0vyge1bu22idnsdeq2e.cx.internal.cloudapp.net, ports: [REPLICATION=38611, RATIS=32787, RATIS_ADMIN=32787, RATIS_SERVER=32787, STANDALONE=32881], networkLocation: /default-rack, certSerialId: null, persistedOpState: IN_SERVICE, persistedOpStateExpiryEpochSec: 0}, ReplicationConfig: RATIS/ONE, State:ALLOCATED, leaderId:, CreationTimestamp2021-09-16T19:34:47.694Z[Etc/UTC]].
2021-09-16 19:34:47,932 [Command processor thread] INFO  server.RaftServer (RaftServerProxy.java:addNew(95)) - 1226f225-3abd-46f9-90c8-da28d00f4d36: addNew group-E0FFB7A54584:[1226f225-3abd-46f9-90c8-da28d00f4d36|rpc:10.1.0.5:44993|priority:1] returns group-E0FFB7A54584:java.util.concurrent.CompletableFuture@6aa0123c[Not completed]
2021-09-16 19:34:47,933 [pool-844-thread-1] INFO  server.RaftServer$Division (RaftServerImpl.java:<init>(181)) - 1226f225-3abd-46f9-90c8-da28d00f4d36: new RaftServerImpl for group-E0FFB7A54584:[1226f225-3abd-46f9-90c8-da28d00f4d36|rpc:10.1.0.5:44993|priority:1] with ContainerStateMachine:uninitialized
2021-09-16 19:34:47,933 [pool-844-thread-1] INFO  server.RaftServerConfigKeys (ConfUtils.java:logGet(44)) - raft.server.rpc.timeout.min = 5s (custom)
2021-09-16 19:34:47,933 [pool-844-thread-1] INFO  server.RaftServerConfigKeys (ConfUtils.java:logGet(44)) - raft.server.rpc.timeout.max = 5200ms (custom)
2021-09-16 19:34:47,933 [pool-844-thread-1] INFO  server.RaftServerConfigKeys (ConfUtils.java:logGet(44)) - raft.server.rpc.sleep.time = 25ms (default)
2021-09-16 19:34:47,933 [pool-844-thread-1] INFO  server.RaftServerConfigKeys (ConfUtils.java:logGet(44)) - raft.server.rpc.slowness.timeout = 300000ms (custom)
2021-09-16 19:34:47,933 [pool-844-thread-1] INFO  server.RaftServerConfigKeys (ConfUtils.java:logGet(44)) - raft.server.leaderelection.leader.step-down.wait-time = 10s (default)
2021-09-16 19:34:47,933 [pool-844-thread-1] INFO  server.RaftServerConfigKeys (ConfUtils.java:logGet(44)) - raft.server.sleep.deviation.threshold = 300ms (default)
2021-09-16 19:34:47,934 [pool-844-thread-1] INFO  server.RaftServerConfigKeys (ConfUtils.java:logGet(44)) - raft.server.log.appender.install.snapshot.enabled = false (custom)
2021-09-16 19:34:47,934 [pool-844-thread-1] INFO  server.RaftServer$Division (ServerState.java:<init>(105)) - 1226f225-3abd-46f9-90c8-da28d00f4d36@group-E0FFB7A54584: ConfigurationManager, init=-1: [1226f225-3abd-46f9-90c8-da28d00f4d36|rpc:10.1.0.5:44993|priority:1], old=null, confs=<EMPTY_MAP>
2021-09-16 19:34:47,934 [pool-844-thread-1] INFO  server.RaftServerConfigKeys (ConfUtils.java:logGet(44)) - raft.server.storage.dir = [/home/runner/work/ozone/ozone/hadoop-ozone/integration-test/target/test-dir/MiniOzoneClusterImpl-4c5ee767-53d0-43e8-b9fb-bc60904004ee/datanode-3/data/ratis] (custom)
2021-09-16 19:34:47,934 [pool-844-thread-1] INFO  server.RaftServerConfigKeys (ConfUtils.java:logGet(44)) - raft.server.log.corruption.policy = EXCEPTION (default)
2021-09-16 19:34:47,934 [pool-844-thread-1] INFO  server.RaftServerConfigKeys (ConfUtils.java:logGet(44)) - raft.server.storage.free-space.min = 0MB (=0) (default)
2021-09-16 19:34:47,934 [pool-844-thread-1] INFO  storage.RaftStorageDirectory (RaftStorageDirectoryImpl.java:analyzeStorage(135)) - The storage directory /home/runner/work/ozone/ozone/hadoop-ozone/integration-test/target/test-dir/MiniOzoneClusterImpl-4c5ee767-53d0-43e8-b9fb-bc60904004ee/datanode-3/data/ratis/e90c249c-3893-456e-8a1f-e0ffb7a54584 does not exist. Creating ...
2021-09-16 19:34:47,935 [pool-844-thread-1] INFO  storage.RaftStorageDirectory (RaftStorageDirectoryImpl.java:tryLock(230)) - Lock on /home/runner/work/ozone/ozone/hadoop-ozone/integration-test/target/test-dir/MiniOzoneClusterImpl-4c5ee767-53d0-43e8-b9fb-bc60904004ee/datanode-3/data/ratis/e90c249c-3893-456e-8a1f-e0ffb7a54584/in_use.lock acquired by nodename 3243@fv-az195-743
2021-09-16 19:34:47,939 [pool-844-thread-1] INFO  storage.RaftStorage (RaftStorageImpl.java:format(89)) - Storage directory /home/runner/work/ozone/ozone/hadoop-ozone/integration-test/target/test-dir/MiniOzoneClusterImpl-4c5ee767-53d0-43e8-b9fb-bc60904004ee/datanode-3/data/ratis/e90c249c-3893-456e-8a1f-e0ffb7a54584 has been successfully formatted.
2021-09-16 19:34:47,970 [pool-844-thread-1] INFO  ratis.ContainerStateMachine (ContainerStateMachine.java:loadSnapshot(224)) - group-E0FFB7A54584: The snapshot info is null. Setting the last applied indexto:(t:0, i:~)
2021-09-16 19:34:47,970 [pool-844-thread-1] INFO  server.RaftServerConfigKeys (ConfUtils.java:logGet(44)) - raft.server.notification.no-leader.timeout = 300000ms (custom)
2021-09-16 19:34:47,970 [pool-844-thread-1] INFO  server.RaftServerConfigKeys (ConfUtils.java:logGet(44)) - raft.server.log.use.memory = false (default)
2021-09-16 19:34:47,970 [pool-844-thread-1] INFO  server.RaftServerConfigKeys (ConfUtils.java:logGet(44)) - raft.server.log.purge.gap = 1000000 (custom)
2021-09-16 19:34:47,970 [pool-844-thread-1] INFO  server.RaftServerConfigKeys (ConfUtils.java:logGet(44)) - raft.server.log.appender.buffer.byte-limit = 33554432 (custom)
2021-09-16 19:34:47,971 [pool-844-thread-1] INFO  server.RaftServerConfigKeys (ConfUtils.java:logGet(44)) - raft.server.log.segment.size.max = 1048576 (custom)
2021-09-16 19:34:47,972 [EventQueue-PipelineReportForPipelineReportHandler] INFO  pipeline.PipelineManagerImpl (PipelineManagerImpl.java:openPipeline(282)) - Pipeline Pipeline[ Id: e90c249c-3893-456e-8a1f-e0ffb7a54584, Nodes: 1226f225-3abd-46f9-90c8-da28d00f4d36{ip: 10.1.0.5, host: fv-az195-743.u3nnjwd0vyge1bu22idnsdeq2e.cx.internal.cloudapp.net, ports: [REPLICATION=46313, RATIS=44993, RATIS_ADMIN=44993, RATIS_SERVER=44993, STANDALONE=43383], networkLocation: /default-rack, certSerialId: null, persistedOpState: IN_SERVICE, persistedOpStateExpiryEpochSec: 0}, ReplicationConfig: RATIS/ONE, State:ALLOCATED, leaderId:1226f225-3abd-46f9-90c8-da28d00f4d36, CreationTimestamp2021-09-16T19:34:44.902Z[Etc/UTC]] moved to OPEN state
2021-09-16 19:34:47,973 [EventQueue-OpenPipelineForHealthyPipelineSafeModeRule] INFO  safemode.SCMSafeModeManager (HealthyPipelineSafeModeRule.java:process(124)) - SCM in safe mode. Healthy pipelines reported count is 0, required healthy pipeline reported count is 1
2021-09-16 19:34:47,973 [pool-844-thread-1] INFO  server.RaftServerConfigKeys (ConfUtils.java:logGet(44)) - raft.server.log.segment.cache.num.max = 2 (custom)
2021-09-16 19:34:47,974 [pool-844-thread-1] INFO  server.RaftServerConfigKeys (ConfUtils.java:logGet(44)) - raft.server.log.segment.cache.size.max = 200MB (=209715200) (default)
2021-09-16 19:34:47,974 [pool-844-thread-1] INFO  segmented.SegmentedRaftLogWorker (SegmentedRaftLogWorker.java:<init>(182)) - new 1226f225-3abd-46f9-90c8-da28d00f4d36@group-E0FFB7A54584-SegmentedRaftLogWorker for RaftStorageImpl:Storage Directory /home/runner/work/ozone/ozone/hadoop-ozone/integration-test/target/test-dir/MiniOzoneClusterImpl-4c5ee767-53d0-43e8-b9fb-bc60904004ee/datanode-3/data/ratis/e90c249c-3893-456e-8a1f-e0ffb7a54584
2021-09-16 19:34:47,974 [pool-844-thread-1] INFO  server.RaftServerConfigKeys (ConfUtils.java:logGet(44)) - raft.server.log.queue.byte-limit = 2147483647 (custom)
2021-09-16 19:34:47,974 [pool-844-thread-1] INFO  server.RaftServerConfigKeys (ConfUtils.java:logGet(44)) - raft.server.log.queue.element-limit = 1024 (custom)
2021-09-16 19:34:47,974 [pool-844-thread-1] INFO  server.RaftServerConfigKeys (ConfUtils.java:logGet(44)) - raft.server.log.segment.size.max = 1048576 (custom)
2021-09-16 19:34:47,974 [pool-844-thread-1] INFO  server.RaftServerConfigKeys (ConfUtils.java:logGet(44)) - raft.server.log.preallocated.size = 16384 (custom)
2021-09-16 19:34:47,974 [pool-844-thread-1] INFO  server.RaftServerConfigKeys (ConfUtils.java:logGet(44)) - raft.server.log.force.sync.num = 128 (default)
2021-09-16 19:34:47,974 [pool-844-thread-1] INFO  server.RaftServerConfigKeys (ConfUtils.java:logGet(44)) - raft.server.log.statemachine.data.sync = true (default)
2021-09-16 19:34:47,974 [pool-844-thread-1] INFO  server.RaftServerConfigKeys (ConfUtils.java:logGet(44)) - raft.server.log.statemachine.data.sync.timeout = 10s (default)
2021-09-16 19:34:47,975 [pool-844-thread-1] INFO  server.RaftServerConfigKeys (ConfUtils.java:logGet(44)) - raft.server.log.statemachine.data.sync.timeout.retry = -1 (default)
2021-09-16 19:34:47,976 [pool-844-thread-1] INFO  server.RaftServerConfigKeys (ConfUtils.java:logGet(44)) - raft.server.log.write.buffer.size = 1048576 (custom)
2021-09-16 19:34:47,977 [pool-844-thread-1] INFO  server.RaftServerConfigKeys (ConfUtils.java:logGet(44)) - raft.server.log.statemachine.data.caching.enabled = true (custom)
2021-09-16 19:34:47,971 [Datanode State Machine Thread - 0] WARN  statemachine.StateContext (StateContext.java:execute(621)) - No available thread in pool for past 1 seconds.
2021-09-16 19:34:47,986 [pool-844-thread-1] INFO  segmented.SegmentedRaftLogWorker (SegmentedRaftLogWorker.java:lambda$new$0(133)) - 1226f225-3abd-46f9-90c8-da28d00f4d36@group-E0FFB7A54584-SegmentedRaftLogWorker: flushIndex: setUnconditionally 0 -> -1
2021-09-16 19:34:47,986 [pool-844-thread-1] INFO  segmented.SegmentedRaftLogWorker (SegmentedRaftLogWorker.java:lambda$new$0(133)) - 1226f225-3abd-46f9-90c8-da28d00f4d36@group-E0FFB7A54584-SegmentedRaftLogWorker: safeCacheEvictIndex: setUnconditionally 0 -> -1
2021-09-16 19:34:47,987 [pool-844-thread-1] INFO  server.RaftServerConfigKeys (ConfUtils.java:logGet(44)) - raft.server.snapshot.auto.trigger.enabled = true (custom)
2021-09-16 19:34:47,987 [pool-844-thread-1] INFO  server.RaftServerConfigKeys (ConfUtils.java:logGet(44)) - raft.server.snapshot.auto.trigger.threshold = 10000 (custom)
2021-09-16 19:34:47,987 [pool-844-thread-1] INFO  server.RaftServerConfigKeys (ConfUtils.java:logGet(44)) - raft.server.snapshot.retention.file.num = 5 (custom)
2021-09-16 19:34:47,987 [pool-844-thread-1] INFO  server.RaftServerConfigKeys (ConfUtils.java:logGet(44)) - raft.server.log.purge.upto.snapshot.index = false (default)
2021-09-16 19:34:47,987 [pool-844-thread-1] INFO  server.RaftServerConfigKeys (ConfUtils.java:logGet(44)) - raft.server.retrycache.expirytime = 600000ms (custom)
2021-09-16 19:34:47,987 [pool-844-thread-1] INFO  server.RaftServerConfigKeys (ConfUtils.java:logGet(44)) - raft.server.retrycache.statistics.expirytime = 100μs (default)
2021-09-16 19:34:47,989 [pool-844-thread-1] INFO  server.RaftServer$Division (RaftServerImpl.java:start(296)) - 1226f225-3abd-46f9-90c8-da28d00f4d36@group-E0FFB7A54584: start as a follower, conf=-1: [1226f225-3abd-46f9-90c8-da28d00f4d36|rpc:10.1.0.5:44993|priority:1], old=null
2021-09-16 19:34:47,989 [pool-844-thread-1] INFO  server.RaftServer$Division (RaftServerImpl.java:setRole(285)) - 1226f225-3abd-46f9-90c8-da28d00f4d36@group-E0FFB7A54584: changes role from      null to FOLLOWER at term 0 for startAsFollower
2021-09-16 19:34:47,989 [pool-844-thread-1] INFO  impl.RoleInfo (RoleInfo.java:updateAndGet(130)) - 1226f225-3abd-46f9-90c8-da28d00f4d36: start 1226f225-3abd-46f9-90c8-da28d00f4d36@group-E0FFB7A54584-FollowerState
2021-09-16 19:34:47,991 [pool-844-thread-1] INFO  util.JmxRegister (JmxRegister.java:tryRegister(44)) - Successfully registered JMX Bean with object name Ratis:service=RaftServer,group=group-E0FFB7A54584,id=1226f225-3abd-46f9-90c8-da28d00f4d36
2021-09-16 19:34:47,992 [Command processor thread] INFO  ratis.XceiverServerRatis (XceiverServerRatis.java:addGroup(762)) - Created group PipelineID=e90c249c-3893-456e-8a1f-e0ffb7a54584
2021-09-16 19:34:47,992 [Command processor thread] INFO  commandhandler.CreatePipelineCommandHandler (CreatePipelineCommandHandler.java:handle(106)) - Created Pipeline RATIS ONE PipelineID=e90c249c-3893-456e-8a1f-e0ffb7a54584.
2021-09-16 19:34:47,992 [Command processor thread] INFO  server.RaftServer (RaftServerProxy.java:addNew(95)) - 1226f225-3abd-46f9-90c8-da28d00f4d36: addNew group-D3A07527D82D:[1226f225-3abd-46f9-90c8-da28d00f4d36|rpc:10.1.0.5:44993|priority:0, e8f13dfe-2d88-44e3-8dd8-bc613bb80fa9|rpc:10.1.0.5:42057|priority:0, de4d5c13-4a27-410b-b35a-5584c5652eab|rpc:10.1.0.5:33691|priority:1] returns group-D3A07527D82D:java.util.concurrent.CompletableFuture@6e9f8bb0[Not completed]
2021-09-16 19:34:47,993 [pool-844-thread-1] INFO  server.RaftServer$Division (RaftServerImpl.java:<init>(181)) - 1226f225-3abd-46f9-90c8-da28d00f4d36: new RaftServerImpl for group-D3A07527D82D:[1226f225-3abd-46f9-90c8-da28d00f4d36|rpc:10.1.0.5:44993|priority:0, e8f13dfe-2d88-44e3-8dd8-bc613bb80fa9|rpc:10.1.0.5:42057|priority:0, de4d5c13-4a27-410b-b35a-5584c5652eab|rpc:10.1.0.5:33691|priority:1] with ContainerStateMachine:uninitialized
2021-09-16 19:34:47,993 [pool-844-thread-1] INFO  server.RaftServerConfigKeys (ConfUtils.java:logGet(44)) - raft.server.rpc.timeout.min = 5s (custom)
2021-09-16 19:34:47,993 [pool-844-thread-1] INFO  server.RaftServerConfigKeys (ConfUtils.java:logGet(44)) - raft.server.rpc.timeout.max = 5200ms (custom)
2021-09-16 19:34:47,993 [pool-844-thread-1] INFO  server.RaftServerConfigKeys (ConfUtils.java:logGet(44)) - raft.server.rpc.sleep.time = 25ms (default)
2021-09-16 19:34:47,993 [pool-844-thread-1] INFO  server.RaftServerConfigKeys (ConfUtils.java:logGet(44)) - raft.server.rpc.slowness.timeout = 300000ms (custom)
2021-09-16 19:34:47,993 [pool-844-thread-1] INFO  server.RaftServerConfigKeys (ConfUtils.java:logGet(44)) - raft.server.leaderelection.leader.step-down.wait-time = 10s (default)
2021-09-16 19:34:47,993 [pool-844-thread-1] INFO  server.RaftServerConfigKeys (ConfUtils.java:logGet(44)) - raft.server.sleep.deviation.threshold = 300ms (default)
2021-09-16 19:34:47,993 [pool-844-thread-1] INFO  server.RaftServerConfigKeys (ConfUtils.java:logGet(44)) - raft.server.log.appender.install.snapshot.enabled = false (custom)
2021-09-16 19:34:47,993 [pool-844-thread-1] INFO  server.RaftServer$Division (ServerState.java:<init>(105)) - 1226f225-3abd-46f9-90c8-da28d00f4d36@group-D3A07527D82D: ConfigurationManager, init=-1: [1226f225-3abd-46f9-90c8-da28d00f4d36|rpc:10.1.0.5:44993|priority:0, e8f13dfe-2d88-44e3-8dd8-bc613bb80fa9|rpc:10.1.0.5:42057|priority:0, de4d5c13-4a27-410b-b35a-5584c5652eab|rpc:10.1.0.5:33691|priority:1], old=null, confs=<EMPTY_MAP>
2021-09-16 19:34:47,993 [pool-844-thread-1] INFO  server.RaftServerConfigKeys (ConfUtils.java:logGet(44)) - raft.server.storage.dir = [/home/runner/work/ozone/ozone/hadoop-ozone/integration-test/target/test-dir/MiniOzoneClusterImpl-4c5ee767-53d0-43e8-b9fb-bc60904004ee/datanode-3/data/ratis] (custom)
2021-09-16 19:34:47,993 [pool-844-thread-1] INFO  server.RaftServerConfigKeys (ConfUtils.java:logGet(44)) - raft.server.log.corruption.policy = EXCEPTION (default)
2021-09-16 19:34:47,993 [pool-844-thread-1] INFO  server.RaftServerConfigKeys (ConfUtils.java:logGet(44)) - raft.server.storage.free-space.min = 0MB (=0) (default)
2021-09-16 19:34:47,993 [pool-844-thread-1] INFO  storage.RaftStorageDirectory (RaftStorageDirectoryImpl.java:analyzeStorage(135)) - The storage directory /home/runner/work/ozone/ozone/hadoop-ozone/integration-test/target/test-dir/MiniOzoneClusterImpl-4c5ee767-53d0-43e8-b9fb-bc60904004ee/datanode-3/data/ratis/fe861425-d21f-4895-9738-d3a07527d82d does not exist. Creating ...
2021-09-16 19:34:47,999 [pool-844-thread-1] INFO  storage.RaftStorageDirectory (RaftStorageDirectoryImpl.java:tryLock(230)) - Lock on /home/runner/work/ozone/ozone/hadoop-ozone/integration-test/target/test-dir/MiniOzoneClusterImpl-4c5ee767-53d0-43e8-b9fb-bc60904004ee/datanode-3/data/ratis/fe861425-d21f-4895-9738-d3a07527d82d/in_use.lock acquired by nodename 3243@fv-az195-743
2021-09-16 19:34:48,000 [pool-844-thread-1] INFO  storage.RaftStorage (RaftStorageImpl.java:format(89)) - Storage directory /home/runner/work/ozone/ozone/hadoop-ozone/integration-test/target/test-dir/MiniOzoneClusterImpl-4c5ee767-53d0-43e8-b9fb-bc60904004ee/datanode-3/data/ratis/fe861425-d21f-4895-9738-d3a07527d82d has been successfully formatted.
2021-09-16 19:34:48,000 [pool-844-thread-1] INFO  ratis.ContainerStateMachine (ContainerStateMachine.java:loadSnapshot(224)) - group-D3A07527D82D: The snapshot info is null. Setting the last applied indexto:(t:0, i:~)
2021-09-16 19:34:48,000 [Datanode State Machine Thread - 0] WARN  statemachine.StateContext (StateContext.java:execute(621)) - No available thread in pool for past 1 seconds.
2021-09-16 19:34:48,000 [pool-844-thread-1] INFO  server.RaftServerConfigKeys (ConfUtils.java:logGet(44)) - raft.server.notification.no-leader.timeout = 300000ms (custom)
2021-09-16 19:34:48,000 [pool-844-thread-1] INFO  server.RaftServerConfigKeys (ConfUtils.java:logGet(44)) - raft.server.log.use.memory = false (default)
2021-09-16 19:34:48,000 [pool-844-thread-1] INFO  server.RaftServerConfigKeys (ConfUtils.java:logGet(44)) - raft.server.log.purge.gap = 1000000 (custom)
2021-09-16 19:34:48,001 [pool-844-thread-1] INFO  server.RaftServerConfigKeys (ConfUtils.java:logGet(44)) - raft.server.log.appender.buffer.byte-limit = 33554432 (custom)
2021-09-16 19:34:48,001 [pool-844-thread-1] INFO  server.RaftServerConfigKeys (ConfUtils.java:logGet(44)) - raft.server.log.segment.size.max = 1048576 (custom)
2021-09-16 19:34:48,002 [pool-844-thread-1] INFO  server.RaftServerConfigKeys (ConfUtils.java:logGet(44)) - raft.server.log.segment.cache.num.max = 2 (custom)
2021-09-16 19:34:48,002 [pool-844-thread-1] INFO  server.RaftServerConfigKeys (ConfUtils.java:logGet(44)) - raft.server.log.segment.cache.size.max = 200MB (=209715200) (default)
2021-09-16 19:34:48,002 [pool-844-thread-1] INFO  segmented.SegmentedRaftLogWorker (SegmentedRaftLogWorker.java:<init>(182)) - new 1226f225-3abd-46f9-90c8-da28d00f4d36@group-D3A07527D82D-SegmentedRaftLogWorker for RaftStorageImpl:Storage Directory /home/runner/work/ozone/ozone/hadoop-ozone/integration-test/target/test-dir/MiniOzoneClusterImpl-4c5ee767-53d0-43e8-b9fb-bc60904004ee/datanode-3/data/ratis/fe861425-d21f-4895-9738-d3a07527d82d
2021-09-16 19:34:48,002 [pool-844-thread-1] INFO  server.RaftServerConfigKeys (ConfUtils.java:logGet(44)) - raft.server.log.queue.byte-limit = 2147483647 (custom)
2021-09-16 19:34:48,002 [pool-844-thread-1] INFO  server.RaftServerConfigKeys (ConfUtils.java:logGet(44)) - raft.server.log.queue.element-limit = 1024 (custom)
2021-09-16 19:34:48,002 [pool-844-thread-1] INFO  server.RaftServerConfigKeys (ConfUtils.java:logGet(44)) - raft.server.log.segment.size.max = 1048576 (custom)
2021-09-16 19:34:48,002 [pool-844-thread-1] INFO  server.RaftServerConfigKeys (ConfUtils.java:logGet(44)) - raft.server.log.preallocated.size = 16384 (custom)
2021-09-16 19:34:48,002 [pool-844-thread-1] INFO  server.RaftServerConfigKeys (ConfUtils.java:logGet(44)) - raft.server.log.force.sync.num = 128 (default)
2021-09-16 19:34:48,002 [pool-844-thread-1] INFO  server.RaftServerConfigKeys (ConfUtils.java:logGet(44)) - raft.server.log.statemachine.data.sync = true (default)
2021-09-16 19:34:48,002 [pool-844-thread-1] INFO  server.RaftServerConfigKeys (ConfUtils.java:logGet(44)) - raft.server.log.statemachine.data.sync.timeout = 10s (default)
2021-09-16 19:34:48,002 [pool-844-thread-1] INFO  server.RaftServerConfigKeys (ConfUtils.java:logGet(44)) - raft.server.log.statemachine.data.sync.timeout.retry = -1 (default)
2021-09-16 19:34:48,004 [pool-844-thread-1] INFO  server.RaftServerConfigKeys (ConfUtils.java:logGet(44)) - raft.server.log.write.buffer.size = 1048576 (custom)
2021-09-16 19:34:48,005 [EventQueue-OpenPipelineForHealthyPipelineSafeModeRule] INFO  safemode.SCMSafeModeManager (HealthyPipelineSafeModeRule.java:process(124)) - SCM in safe mode. Healthy pipelines reported count is 0, required healthy pipeline reported count is 1
2021-09-16 19:34:48,033 [pool-844-thread-1] INFO  server.RaftServerConfigKeys (ConfUtils.java:logGet(44)) - raft.server.log.statemachine.data.caching.enabled = true (custom)
2021-09-16 19:34:48,033 [pool-844-thread-1] INFO  segmented.SegmentedRaftLogWorker (SegmentedRaftLogWorker.java:lambda$new$0(133)) - 1226f225-3abd-46f9-90c8-da28d00f4d36@group-D3A07527D82D-SegmentedRaftLogWorker: flushIndex: setUnconditionally 0 -> -1
2021-09-16 19:34:48,033 [pool-844-thread-1] INFO  segmented.SegmentedRaftLogWorker (SegmentedRaftLogWorker.java:lambda$new$0(133)) - 1226f225-3abd-46f9-90c8-da28d00f4d36@group-D3A07527D82D-SegmentedRaftLogWorker: safeCacheEvictIndex: setUnconditionally 0 -> -1
2021-09-16 19:34:48,099 [pool-844-thread-1] INFO  server.RaftServerConfigKeys (ConfUtils.java:logGet(44)) - raft.server.snapshot.auto.trigger.enabled = true (custom)
2021-09-16 19:34:48,099 [pool-844-thread-1] INFO  server.RaftServerConfigKeys (ConfUtils.java:logGet(44)) - raft.server.snapshot.auto.trigger.threshold = 10000 (custom)
2021-09-16 19:34:48,099 [pool-844-thread-1] INFO  server.RaftServerConfigKeys (ConfUtils.java:logGet(44)) - raft.server.snapshot.retention.file.num = 5 (custom)
2021-09-16 19:34:48,099 [pool-844-thread-1] INFO  server.RaftServerConfigKeys (ConfUtils.java:logGet(44)) - raft.server.log.purge.upto.snapshot.index = false (default)
2021-09-16 19:34:48,099 [pool-844-thread-1] INFO  server.RaftServerConfigKeys (ConfUtils.java:logGet(44)) - raft.server.retrycache.expirytime = 600000ms (custom)
2021-09-16 19:34:48,099 [pool-844-thread-1] INFO  server.RaftServerConfigKeys (ConfUtils.java:logGet(44)) - raft.server.retrycache.statistics.expirytime = 100μs (default)
2021-09-16 19:34:48,101 [pool-844-thread-1] INFO  server.RaftServer$Division (RaftServerImpl.java:start(296)) - 1226f225-3abd-46f9-90c8-da28d00f4d36@group-D3A07527D82D: start as a follower, conf=-1: [1226f225-3abd-46f9-90c8-da28d00f4d36|rpc:10.1.0.5:44993|priority:0, e8f13dfe-2d88-44e3-8dd8-bc613bb80fa9|rpc:10.1.0.5:42057|priority:0, de4d5c13-4a27-410b-b35a-5584c5652eab|rpc:10.1.0.5:33691|priority:1], old=null
2021-09-16 19:34:48,102 [pool-844-thread-1] INFO  server.RaftServer$Division (RaftServerImpl.java:setRole(285)) - 1226f225-3abd-46f9-90c8-da28d00f4d36@group-D3A07527D82D: changes role from      null to FOLLOWER at term 0 for startAsFollower
2021-09-16 19:34:48,102 [pool-844-thread-1] INFO  impl.RoleInfo (RoleInfo.java:updateAndGet(130)) - 1226f225-3abd-46f9-90c8-da28d00f4d36: start 1226f225-3abd-46f9-90c8-da28d00f4d36@group-D3A07527D82D-FollowerState
2021-09-16 19:34:48,142 [pool-844-thread-1] INFO  util.JmxRegister (JmxRegister.java:tryRegister(44)) - Successfully registered JMX Bean with object name Ratis:service=RaftServer,group=group-D3A07527D82D,id=1226f225-3abd-46f9-90c8-da28d00f4d36
2021-09-16 19:34:48,151 [Command processor thread] INFO  ratis.XceiverServerRatis (XceiverServerRatis.java:addGroup(762)) - Created group PipelineID=fe861425-d21f-4895-9738-d3a07527d82d
2021-09-16 19:34:48,172 [grpc-default-executor-3] INFO  server.RaftServer (RaftServerProxy.java:addNew(95)) - de4d5c13-4a27-410b-b35a-5584c5652eab: addNew group-D3A07527D82D:[1226f225-3abd-46f9-90c8-da28d00f4d36|rpc:10.1.0.5:44993|dataStream:|priority:0, e8f13dfe-2d88-44e3-8dd8-bc613bb80fa9|rpc:10.1.0.5:42057|dataStream:|priority:0, de4d5c13-4a27-410b-b35a-5584c5652eab|rpc:10.1.0.5:33691|dataStream:|priority:1] returns group-D3A07527D82D:java.util.concurrent.CompletableFuture@5568e85e[Not completed]
2021-09-16 19:34:48,226 [pool-882-thread-1] INFO  server.RaftServer$Division (RaftServerImpl.java:<init>(181)) - de4d5c13-4a27-410b-b35a-5584c5652eab: new RaftServerImpl for group-D3A07527D82D:[1226f225-3abd-46f9-90c8-da28d00f4d36|rpc:10.1.0.5:44993|dataStream:|priority:0, e8f13dfe-2d88-44e3-8dd8-bc613bb80fa9|rpc:10.1.0.5:42057|dataStream:|priority:0, de4d5c13-4a27-410b-b35a-5584c5652eab|rpc:10.1.0.5:33691|dataStream:|priority:1] with ContainerStateMachine:uninitialized
2021-09-16 19:34:48,234 [pool-882-thread-1] INFO  server.RaftServerConfigKeys (ConfUtils.java:logGet(44)) - raft.server.rpc.timeout.min = 5s (custom)
2021-09-16 19:34:48,234 [pool-882-thread-1] INFO  server.RaftServerConfigKeys (ConfUtils.java:logGet(44)) - raft.server.rpc.timeout.max = 5200ms (custom)
2021-09-16 19:34:48,234 [pool-882-thread-1] INFO  server.RaftServerConfigKeys (ConfUtils.java:logGet(44)) - raft.server.rpc.sleep.time = 25ms (default)
2021-09-16 19:34:48,234 [pool-882-thread-1] INFO  server.RaftServerConfigKeys (ConfUtils.java:logGet(44)) - raft.server.rpc.slowness.timeout = 300000ms (custom)
2021-09-16 19:34:48,234 [pool-882-thread-1] INFO  server.RaftServerConfigKeys (ConfUtils.java:logGet(44)) - raft.server.leaderelection.leader.step-down.wait-time = 10s (default)
2021-09-16 19:34:48,234 [pool-882-thread-1] INFO  server.RaftServerConfigKeys (ConfUtils.java:logGet(44)) - raft.server.sleep.deviation.threshold = 300ms (default)
2021-09-16 19:34:48,234 [pool-882-thread-1] INFO  server.RaftServerConfigKeys (ConfUtils.java:logGet(44)) - raft.server.log.appender.install.snapshot.enabled = false (custom)
2021-09-16 19:34:48,234 [pool-882-thread-1] INFO  server.RaftServer$Division (ServerState.java:<init>(105)) - de4d5c13-4a27-410b-b35a-5584c5652eab@group-D3A07527D82D: ConfigurationManager, init=-1: [1226f225-3abd-46f9-90c8-da28d00f4d36|rpc:10.1.0.5:44993|dataStream:|priority:0, e8f13dfe-2d88-44e3-8dd8-bc613bb80fa9|rpc:10.1.0.5:42057|dataStream:|priority:0, de4d5c13-4a27-410b-b35a-5584c5652eab|rpc:10.1.0.5:33691|dataStream:|priority:1], old=null, confs=<EMPTY_MAP>
2021-09-16 19:34:48,234 [pool-882-thread-1] INFO  server.RaftServerConfigKeys (ConfUtils.java:logGet(44)) - raft.server.storage.dir = [/home/runner/work/ozone/ozone/hadoop-ozone/integration-test/target/test-dir/MiniOzoneClusterImpl-4c5ee767-53d0-43e8-b9fb-bc60904004ee/datanode-5/data/ratis] (custom)
2021-09-16 19:34:48,234 [pool-882-thread-1] INFO  server.RaftServerConfigKeys (ConfUtils.java:logGet(44)) - raft.server.log.corruption.policy = EXCEPTION (default)
2021-09-16 19:34:48,234 [pool-882-thread-1] INFO  server.RaftServerConfigKeys (ConfUtils.java:logGet(44)) - raft.server.storage.free-space.min = 0MB (=0) (default)
2021-09-16 19:34:48,235 [pool-882-thread-1] INFO  storage.RaftStorageDirectory (RaftStorageDirectoryImpl.java:analyzeStorage(135)) - The storage directory /home/runner/work/ozone/ozone/hadoop-ozone/integration-test/target/test-dir/MiniOzoneClusterImpl-4c5ee767-53d0-43e8-b9fb-bc60904004ee/datanode-5/data/ratis/fe861425-d21f-4895-9738-d3a07527d82d does not exist. Creating ...
2021-09-16 19:34:48,241 [Listener at 127.0.0.1/43789] INFO  ozone.MiniOzoneClusterImpl (MiniOzoneClusterImpl.java:lambda$waitForClusterToBeReady$0(235)) - Waiting for nodes to be ready. Got 7 of 9 DN Heartbeats.
2021-09-16 19:34:48,242 [Listener at 127.0.0.1/43789] INFO  ozone.MiniOzoneClusterImpl (MiniOzoneClusterImpl.java:lambda$waitForClusterToBeReady$0(238)) - Waiting for cluster to exit safe mode
2021-09-16 19:34:48,242 [Listener at 127.0.0.1/43789] INFO  ozone.MiniOzoneClusterImpl (MiniOzoneClusterImpl.java:lambda$waitForClusterToBeReady$0(240)) - SCM became leader
2021-09-16 19:34:48,242 [pool-882-thread-1] INFO  storage.RaftStorageDirectory (RaftStorageDirectoryImpl.java:tryLock(230)) - Lock on /home/runner/work/ozone/ozone/hadoop-ozone/integration-test/target/test-dir/MiniOzoneClusterImpl-4c5ee767-53d0-43e8-b9fb-bc60904004ee/datanode-5/data/ratis/fe861425-d21f-4895-9738-d3a07527d82d/in_use.lock acquired by nodename 3243@fv-az195-743
2021-09-16 19:34:48,273 [pool-882-thread-1] INFO  storage.RaftStorage (RaftStorageImpl.java:format(89)) - Storage directory /home/runner/work/ozone/ozone/hadoop-ozone/integration-test/target/test-dir/MiniOzoneClusterImpl-4c5ee767-53d0-43e8-b9fb-bc60904004ee/datanode-5/data/ratis/fe861425-d21f-4895-9738-d3a07527d82d has been successfully formatted.
2021-09-16 19:34:48,273 [pool-882-thread-1] INFO  ratis.ContainerStateMachine (ContainerStateMachine.java:loadSnapshot(224)) - group-D3A07527D82D: The snapshot info is null. Setting the last applied indexto:(t:0, i:~)
2021-09-16 19:34:48,273 [Datanode State Machine Thread - 0] WARN  statemachine.StateContext (StateContext.java:execute(621)) - No available thread in pool for past 1 seconds.
2021-09-16 19:34:48,308 [pool-882-thread-1] INFO  server.RaftServerConfigKeys (ConfUtils.java:logGet(44)) - raft.server.notification.no-leader.timeout = 300000ms (custom)
2021-09-16 19:34:48,313 [pool-882-thread-1] INFO  server.RaftServerConfigKeys (ConfUtils.java:logGet(44)) - raft.server.log.use.memory = false (default)
2021-09-16 19:34:48,313 [pool-882-thread-1] INFO  server.RaftServerConfigKeys (ConfUtils.java:logGet(44)) - raft.server.log.purge.gap = 1000000 (custom)
2021-09-16 19:34:48,313 [pool-882-thread-1] INFO  server.RaftServerConfigKeys (ConfUtils.java:logGet(44)) - raft.server.log.appender.buffer.byte-limit = 33554432 (custom)
2021-09-16 19:34:48,313 [pool-882-thread-1] INFO  server.RaftServerConfigKeys (ConfUtils.java:logGet(44)) - raft.server.log.segment.size.max = 1048576 (custom)
2021-09-16 19:34:48,314 [pool-882-thread-1] INFO  server.RaftServerConfigKeys (ConfUtils.java:logGet(44)) - raft.server.log.segment.cache.num.max = 2 (custom)
2021-09-16 19:34:48,314 [pool-882-thread-1] INFO  server.RaftServerConfigKeys (ConfUtils.java:logGet(44)) - raft.server.log.segment.cache.size.max = 200MB (=209715200) (default)
2021-09-16 19:34:48,314 [pool-882-thread-1] INFO  segmented.SegmentedRaftLogWorker (SegmentedRaftLogWorker.java:<init>(182)) - new de4d5c13-4a27-410b-b35a-5584c5652eab@group-D3A07527D82D-SegmentedRaftLogWorker for RaftStorageImpl:Storage Directory /home/runner/work/ozone/ozone/hadoop-ozone/integration-test/target/test-dir/MiniOzoneClusterImpl-4c5ee767-53d0-43e8-b9fb-bc60904004ee/datanode-5/data/ratis/fe861425-d21f-4895-9738-d3a07527d82d
2021-09-16 19:34:48,314 [pool-882-thread-1] INFO  server.RaftServerConfigKeys (ConfUtils.java:logGet(44)) - raft.server.log.queue.byte-limit = 2147483647 (custom)
2021-09-16 19:34:48,314 [pool-882-thread-1] INFO  server.RaftServerConfigKeys (ConfUtils.java:logGet(44)) - raft.server.log.queue.element-limit = 1024 (custom)
2021-09-16 19:34:48,314 [pool-882-thread-1] INFO  server.RaftServerConfigKeys (ConfUtils.java:logGet(44)) - raft.server.log.segment.size.max = 1048576 (custom)
2021-09-16 19:34:48,314 [pool-882-thread-1] INFO  server.RaftServerConfigKeys (ConfUtils.java:logGet(44)) - raft.server.log.preallocated.size = 16384 (custom)
2021-09-16 19:34:48,314 [pool-882-thread-1] INFO  server.RaftServerConfigKeys (ConfUtils.java:logGet(44)) - raft.server.log.force.sync.num = 128 (default)
2021-09-16 19:34:48,314 [pool-882-thread-1] INFO  server.RaftServerConfigKeys (ConfUtils.java:logGet(44)) - raft.server.log.statemachine.data.sync = true (default)
2021-09-16 19:34:48,315 [pool-882-thread-1] INFO  server.RaftServerConfigKeys (ConfUtils.java:logGet(44)) - raft.server.log.statemachine.data.sync.timeout = 10s (default)
2021-09-16 19:34:48,315 [pool-882-thread-1] INFO  server.RaftServerConfigKeys (ConfUtils.java:logGet(44)) - raft.server.log.statemachine.data.sync.timeout.retry = -1 (default)
2021-09-16 19:34:48,316 [pool-882-thread-1] INFO  server.RaftServerConfigKeys (ConfUtils.java:logGet(44)) - raft.server.log.write.buffer.size = 1048576 (custom)
2021-09-16 19:34:48,317 [pool-882-thread-1] INFO  server.RaftServerConfigKeys (ConfUtils.java:logGet(44)) - raft.server.log.statemachine.data.caching.enabled = true (custom)
2021-09-16 19:34:48,317 [pool-882-thread-1] INFO  segmented.SegmentedRaftLogWorker (SegmentedRaftLogWorker.java:lambda$new$0(133)) - de4d5c13-4a27-410b-b35a-5584c5652eab@group-D3A07527D82D-SegmentedRaftLogWorker: flushIndex: setUnconditionally 0 -> -1
2021-09-16 19:34:48,317 [pool-882-thread-1] INFO  segmented.SegmentedRaftLogWorker (SegmentedRaftLogWorker.java:lambda$new$0(133)) - de4d5c13-4a27-410b-b35a-5584c5652eab@group-D3A07527D82D-SegmentedRaftLogWorker: safeCacheEvictIndex: setUnconditionally 0 -> -1
2021-09-16 19:34:48,318 [IPC Server handler 10 on default port 44331] INFO  net.NetworkTopologyImpl (NetworkTopologyImpl.java:add(112)) - Added a new node: /default-rack/d325862d-5d90-442e-bb25-5d4329348a89
2021-09-16 19:34:48,318 [IPC Server handler 10 on default port 44331] INFO  node.SCMNodeManager (SCMNodeManager.java:register(389)) - Registered Data node : d325862d-5d90-442e-bb25-5d4329348a89{ip: 10.1.0.5, host: fv-az195-743.u3nnjwd0vyge1bu22idnsdeq2e.cx.internal.cloudapp.net, ports: [REPLICATION=37769, RATIS=42511, RATIS_ADMIN=42511, RATIS_SERVER=42511, STANDALONE=34693], networkLocation: /default-rack, certSerialId: null, persistedOpState: null, persistedOpStateExpiryEpochSec: 0}
2021-09-16 19:34:48,318 [EventQueue-NewNodeForNewNodeHandler] INFO  pipeline.BackgroundPipelineCreator (BackgroundPipelineCreatorV2.java:notifyEventTriggered(285)) - trigger a one-shot run on RatisPipelineUtilsThread.
2021-09-16 19:34:48,318 [RatisPipelineUtilsThread - 0] INFO  pipeline.RatisPipelineProvider (RatisPipelineProvider.java:lambda$create$0(183)) - Sending CreatePipelineCommand for pipeline:PipelineID=32d0e225-7eab-4482-b324-4ad9e37c4dec to datanode:d325862d-5d90-442e-bb25-5d4329348a89
2021-09-16 19:34:48,318 [RatisPipelineUtilsThread - 0] INFO  pipeline.PipelineStateManager (PipelineStateManagerV2Impl.java:addPipeline(101)) - Created pipeline Pipeline[ Id: 32d0e225-7eab-4482-b324-4ad9e37c4dec, Nodes: d325862d-5d90-442e-bb25-5d4329348a89{ip: 10.1.0.5, host: fv-az195-743.u3nnjwd0vyge1bu22idnsdeq2e.cx.internal.cloudapp.net, ports: [REPLICATION=37769, RATIS=42511, RATIS_ADMIN=42511, RATIS_SERVER=42511, STANDALONE=34693], networkLocation: /default-rack, certSerialId: null, persistedOpState: IN_SERVICE, persistedOpStateExpiryEpochSec: 0}, ReplicationConfig: RATIS/ONE, State:ALLOCATED, leaderId:, CreationTimestamp2021-09-16T19:34:48.318Z[Etc/UTC]].
2021-09-16 19:34:48,334 [pool-882-thread-1] INFO  server.RaftServerConfigKeys (ConfUtils.java:logGet(44)) - raft.server.snapshot.auto.trigger.enabled = true (custom)
2021-09-16 19:34:48,334 [pool-882-thread-1] INFO  server.RaftServerConfigKeys (ConfUtils.java:logGet(44)) - raft.server.snapshot.auto.trigger.threshold = 10000 (custom)
2021-09-16 19:34:48,334 [pool-882-thread-1] INFO  server.RaftServerConfigKeys (ConfUtils.java:logGet(44)) - raft.server.snapshot.retention.file.num = 5 (custom)
2021-09-16 19:34:48,335 [pool-882-thread-1] INFO  server.RaftServerConfigKeys (ConfUtils.java:logGet(44)) - raft.server.log.purge.upto.snapshot.index = false (default)
2021-09-16 19:34:48,335 [pool-882-thread-1] INFO  server.RaftServerConfigKeys (ConfUtils.java:logGet(44)) - raft.server.retrycache.expirytime = 600000ms (custom)
2021-09-16 19:34:48,335 [pool-882-thread-1] INFO  server.RaftServerConfigKeys (ConfUtils.java:logGet(44)) - raft.server.retrycache.statistics.expirytime = 100μs (default)
2021-09-16 19:34:48,338 [pool-882-thread-1] INFO  server.RaftServer$Division (RaftServerImpl.java:start(296)) - de4d5c13-4a27-410b-b35a-5584c5652eab@group-D3A07527D82D: start as a follower, conf=-1: [1226f225-3abd-46f9-90c8-da28d00f4d36|rpc:10.1.0.5:44993|dataStream:|priority:0, e8f13dfe-2d88-44e3-8dd8-bc613bb80fa9|rpc:10.1.0.5:42057|dataStream:|priority:0, de4d5c13-4a27-410b-b35a-5584c5652eab|rpc:10.1.0.5:33691|dataStream:|priority:1], old=null
2021-09-16 19:34:48,338 [pool-882-thread-1] INFO  server.RaftServer$Division (RaftServerImpl.java:setRole(285)) - de4d5c13-4a27-410b-b35a-5584c5652eab@group-D3A07527D82D: changes role from      null to FOLLOWER at term 0 for startAsFollower
2021-09-16 19:34:48,338 [pool-882-thread-1] INFO  impl.RoleInfo (RoleInfo.java:updateAndGet(130)) - de4d5c13-4a27-410b-b35a-5584c5652eab: start de4d5c13-4a27-410b-b35a-5584c5652eab@group-D3A07527D82D-FollowerState
2021-09-16 19:34:48,338 [pool-882-thread-1] INFO  util.JmxRegister (JmxRegister.java:tryRegister(44)) - Successfully registered JMX Bean with object name Ratis:service=RaftServer,group=group-D3A07527D82D,id=de4d5c13-4a27-410b-b35a-5584c5652eab
2021-09-16 19:34:48,455 [grpc-default-executor-3] INFO  server.RaftServer (RaftServerProxy.java:addNew(95)) - e8f13dfe-2d88-44e3-8dd8-bc613bb80fa9: addNew group-D3A07527D82D:[1226f225-3abd-46f9-90c8-da28d00f4d36|rpc:10.1.0.5:44993|dataStream:|priority:0, e8f13dfe-2d88-44e3-8dd8-bc613bb80fa9|rpc:10.1.0.5:42057|dataStream:|priority:0, de4d5c13-4a27-410b-b35a-5584c5652eab|rpc:10.1.0.5:33691|dataStream:|priority:1] returns group-D3A07527D82D:java.util.concurrent.CompletableFuture@711b3f02[Not completed]
2021-09-16 19:34:48,466 [pool-863-thread-1] INFO  server.RaftServer$Division (RaftServerImpl.java:<init>(181)) - e8f13dfe-2d88-44e3-8dd8-bc613bb80fa9: new RaftServerImpl for group-D3A07527D82D:[1226f225-3abd-46f9-90c8-da28d00f4d36|rpc:10.1.0.5:44993|dataStream:|priority:0, e8f13dfe-2d88-44e3-8dd8-bc613bb80fa9|rpc:10.1.0.5:42057|dataStream:|priority:0, de4d5c13-4a27-410b-b35a-5584c5652eab|rpc:10.1.0.5:33691|dataStream:|priority:1] with ContainerStateMachine:uninitialized
2021-09-16 19:34:48,466 [pool-863-thread-1] INFO  server.RaftServerConfigKeys (ConfUtils.java:logGet(44)) - raft.server.rpc.timeout.min = 5s (custom)
2021-09-16 19:34:48,466 [pool-863-thread-1] INFO  server.RaftServerConfigKeys (ConfUtils.java:logGet(44)) - raft.server.rpc.timeout.max = 5200ms (custom)
2021-09-16 19:34:48,466 [pool-863-thread-1] INFO  server.RaftServerConfigKeys (ConfUtils.java:logGet(44)) - raft.server.rpc.sleep.time = 25ms (default)
2021-09-16 19:34:48,467 [pool-863-thread-1] INFO  server.RaftServerConfigKeys (ConfUtils.java:logGet(44)) - raft.server.rpc.slowness.timeout = 300000ms (custom)
2021-09-16 19:34:48,467 [pool-863-thread-1] INFO  server.RaftServerConfigKeys (ConfUtils.java:logGet(44)) - raft.server.leaderelection.leader.step-down.wait-time = 10s (default)
2021-09-16 19:34:48,467 [pool-863-thread-1] INFO  server.RaftServerConfigKeys (ConfUtils.java:logGet(44)) - raft.server.sleep.deviation.threshold = 300ms (default)
2021-09-16 19:34:48,467 [pool-863-thread-1] INFO  server.RaftServerConfigKeys (ConfUtils.java:logGet(44)) - raft.server.log.appender.install.snapshot.enabled = false (custom)
2021-09-16 19:34:48,467 [pool-863-thread-1] INFO  server.RaftServer$Division (ServerState.java:<init>(105)) - e8f13dfe-2d88-44e3-8dd8-bc613bb80fa9@group-D3A07527D82D: ConfigurationManager, init=-1: [1226f225-3abd-46f9-90c8-da28d00f4d36|rpc:10.1.0.5:44993|dataStream:|priority:0, e8f13dfe-2d88-44e3-8dd8-bc613bb80fa9|rpc:10.1.0.5:42057|dataStream:|priority:0, de4d5c13-4a27-410b-b35a-5584c5652eab|rpc:10.1.0.5:33691|dataStream:|priority:1], old=null, confs=<EMPTY_MAP>
2021-09-16 19:34:48,467 [pool-863-thread-1] INFO  server.RaftServerConfigKeys (ConfUtils.java:logGet(44)) - raft.server.storage.dir = [/home/runner/work/ozone/ozone/hadoop-ozone/integration-test/target/test-dir/MiniOzoneClusterImpl-4c5ee767-53d0-43e8-b9fb-bc60904004ee/datanode-4/data/ratis] (custom)
2021-09-16 19:34:48,467 [pool-863-thread-1] INFO  server.RaftServerConfigKeys (ConfUtils.java:logGet(44)) - raft.server.log.corruption.policy = EXCEPTION (default)
2021-09-16 19:34:48,467 [pool-863-thread-1] INFO  server.RaftServerConfigKeys (ConfUtils.java:logGet(44)) - raft.server.storage.free-space.min = 0MB (=0) (default)
2021-09-16 19:34:48,467 [pool-863-thread-1] INFO  storage.RaftStorageDirectory (RaftStorageDirectoryImpl.java:analyzeStorage(135)) - The storage directory /home/runner/work/ozone/ozone/hadoop-ozone/integration-test/target/test-dir/MiniOzoneClusterImpl-4c5ee767-53d0-43e8-b9fb-bc60904004ee/datanode-4/data/ratis/fe861425-d21f-4895-9738-d3a07527d82d does not exist. Creating ...
2021-09-16 19:34:48,509 [pool-863-thread-1] INFO  storage.RaftStorageDirectory (RaftStorageDirectoryImpl.java:tryLock(230)) - Lock on /home/runner/work/ozone/ozone/hadoop-ozone/integration-test/target/test-dir/MiniOzoneClusterImpl-4c5ee767-53d0-43e8-b9fb-bc60904004ee/datanode-4/data/ratis/fe861425-d21f-4895-9738-d3a07527d82d/in_use.lock acquired by nodename 3243@fv-az195-743
2021-09-16 19:34:48,515 [pool-863-thread-1] INFO  storage.RaftStorage (RaftStorageImpl.java:format(89)) - Storage directory /home/runner/work/ozone/ozone/hadoop-ozone/integration-test/target/test-dir/MiniOzoneClusterImpl-4c5ee767-53d0-43e8-b9fb-bc60904004ee/datanode-4/data/ratis/fe861425-d21f-4895-9738-d3a07527d82d has been successfully formatted.
2021-09-16 19:34:48,582 [pool-863-thread-1] INFO  ratis.ContainerStateMachine (ContainerStateMachine.java:loadSnapshot(224)) - group-D3A07527D82D: The snapshot info is null. Setting the last applied indexto:(t:0, i:~)
2021-09-16 19:34:48,582 [pool-863-thread-1] INFO  server.RaftServerConfigKeys (ConfUtils.java:logGet(44)) - raft.server.notification.no-leader.timeout = 300000ms (custom)
2021-09-16 19:34:48,582 [pool-863-thread-1] INFO  server.RaftServerConfigKeys (ConfUtils.java:logGet(44)) - raft.server.log.use.memory = false (default)
2021-09-16 19:34:48,582 [pool-863-thread-1] INFO  server.RaftServerConfigKeys (ConfUtils.java:logGet(44)) - raft.server.log.purge.gap = 1000000 (custom)
2021-09-16 19:34:48,582 [pool-863-thread-1] INFO  server.RaftServerConfigKeys (ConfUtils.java:logGet(44)) - raft.server.log.appender.buffer.byte-limit = 33554432 (custom)
2021-09-16 19:34:48,582 [pool-863-thread-1] INFO  server.RaftServerConfigKeys (ConfUtils.java:logGet(44)) - raft.server.log.segment.size.max = 1048576 (custom)
2021-09-16 19:34:48,583 [pool-863-thread-1] INFO  server.RaftServerConfigKeys (ConfUtils.java:logGet(44)) - raft.server.log.segment.cache.num.max = 2 (custom)
2021-09-16 19:34:48,583 [pool-863-thread-1] INFO  server.RaftServerConfigKeys (ConfUtils.java:logGet(44)) - raft.server.log.segment.cache.size.max = 200MB (=209715200) (default)
2021-09-16 19:34:48,583 [pool-863-thread-1] INFO  segmented.SegmentedRaftLogWorker (SegmentedRaftLogWorker.java:<init>(182)) - new e8f13dfe-2d88-44e3-8dd8-bc613bb80fa9@group-D3A07527D82D-SegmentedRaftLogWorker for RaftStorageImpl:Storage Directory /home/runner/work/ozone/ozone/hadoop-ozone/integration-test/target/test-dir/MiniOzoneClusterImpl-4c5ee767-53d0-43e8-b9fb-bc60904004ee/datanode-4/data/ratis/fe861425-d21f-4895-9738-d3a07527d82d
2021-09-16 19:34:48,583 [pool-863-thread-1] INFO  server.RaftServerConfigKeys (ConfUtils.java:logGet(44)) - raft.server.log.queue.byte-limit = 2147483647 (custom)
2021-09-16 19:34:48,583 [pool-863-thread-1] INFO  server.RaftServerConfigKeys (ConfUtils.java:logGet(44)) - raft.server.log.queue.element-limit = 1024 (custom)
2021-09-16 19:34:48,583 [pool-863-thread-1] INFO  server.RaftServerConfigKeys (ConfUtils.java:logGet(44)) - raft.server.log.segment.size.max = 1048576 (custom)
2021-09-16 19:34:48,583 [pool-863-thread-1] INFO  server.RaftServerConfigKeys (ConfUtils.java:logGet(44)) - raft.server.log.preallocated.size = 16384 (custom)
2021-09-16 19:34:48,583 [pool-863-thread-1] INFO  server.RaftServerConfigKeys (ConfUtils.java:logGet(44)) - raft.server.log.force.sync.num = 128 (default)
2021-09-16 19:34:48,583 [pool-863-thread-1] INFO  server.RaftServerConfigKeys (ConfUtils.java:logGet(44)) - raft.server.log.statemachine.data.sync = true (default)
2021-09-16 19:34:48,583 [pool-863-thread-1] INFO  server.RaftServerConfigKeys (ConfUtils.java:logGet(44)) - raft.server.log.statemachine.data.sync.timeout = 10s (default)
2021-09-16 19:34:48,583 [pool-863-thread-1] INFO  server.RaftServerConfigKeys (ConfUtils.java:logGet(44)) - raft.server.log.statemachine.data.sync.timeout.retry = -1 (default)
2021-09-16 19:34:48,585 [pool-863-thread-1] INFO  server.RaftServerConfigKeys (ConfUtils.java:logGet(44)) - raft.server.log.write.buffer.size = 1048576 (custom)
2021-09-16 19:34:48,586 [Datanode State Machine Thread - 0] WARN  statemachine.StateContext (StateContext.java:execute(621)) - No available thread in pool for past 1 seconds.
2021-09-16 19:34:48,586 [pool-863-thread-1] INFO  server.RaftServerConfigKeys (ConfUtils.java:logGet(44)) - raft.server.log.statemachine.data.caching.enabled = true (custom)
2021-09-16 19:34:48,586 [pool-863-thread-1] INFO  segmented.SegmentedRaftLogWorker (SegmentedRaftLogWorker.java:lambda$new$0(133)) - e8f13dfe-2d88-44e3-8dd8-bc613bb80fa9@group-D3A07527D82D-SegmentedRaftLogWorker: flushIndex: setUnconditionally 0 -> -1
2021-09-16 19:34:48,586 [pool-863-thread-1] INFO  segmented.SegmentedRaftLogWorker (SegmentedRaftLogWorker.java:lambda$new$0(133)) - e8f13dfe-2d88-44e3-8dd8-bc613bb80fa9@group-D3A07527D82D-SegmentedRaftLogWorker: safeCacheEvictIndex: setUnconditionally 0 -> -1
2021-09-16 19:34:48,594 [pool-863-thread-1] INFO  server.RaftServerConfigKeys (ConfUtils.java:logGet(44)) - raft.server.snapshot.auto.trigger.enabled = true (custom)
2021-09-16 19:34:48,594 [pool-863-thread-1] INFO  server.RaftServerConfigKeys (ConfUtils.java:logGet(44)) - raft.server.snapshot.auto.trigger.threshold = 10000 (custom)
2021-09-16 19:34:48,594 [pool-863-thread-1] INFO  server.RaftServerConfigKeys (ConfUtils.java:logGet(44)) - raft.server.snapshot.retention.file.num = 5 (custom)
2021-09-16 19:34:48,594 [pool-863-thread-1] INFO  server.RaftServerConfigKeys (ConfUtils.java:logGet(44)) - raft.server.log.purge.upto.snapshot.index = false (default)
2021-09-16 19:34:48,594 [pool-863-thread-1] INFO  server.RaftServerConfigKeys (ConfUtils.java:logGet(44)) - raft.server.retrycache.expirytime = 600000ms (custom)
2021-09-16 19:34:48,594 [pool-863-thread-1] INFO  server.RaftServerConfigKeys (ConfUtils.java:logGet(44)) - raft.server.retrycache.statistics.expirytime = 100μs (default)
2021-09-16 19:34:48,597 [pool-863-thread-1] INFO  server.RaftServer$Division (RaftServerImpl.java:start(296)) - e8f13dfe-2d88-44e3-8dd8-bc613bb80fa9@group-D3A07527D82D: start as a follower, conf=-1: [1226f225-3abd-46f9-90c8-da28d00f4d36|rpc:10.1.0.5:44993|dataStream:|priority:0, e8f13dfe-2d88-44e3-8dd8-bc613bb80fa9|rpc:10.1.0.5:42057|dataStream:|priority:0, de4d5c13-4a27-410b-b35a-5584c5652eab|rpc:10.1.0.5:33691|dataStream:|priority:1], old=null
2021-09-16 19:34:48,597 [pool-863-thread-1] INFO  server.RaftServer$Division (RaftServerImpl.java:setRole(285)) - e8f13dfe-2d88-44e3-8dd8-bc613bb80fa9@group-D3A07527D82D: changes role from      null to FOLLOWER at term 0 for startAsFollower
2021-09-16 19:34:48,597 [pool-863-thread-1] INFO  impl.RoleInfo (RoleInfo.java:updateAndGet(130)) - e8f13dfe-2d88-44e3-8dd8-bc613bb80fa9: start e8f13dfe-2d88-44e3-8dd8-bc613bb80fa9@group-D3A07527D82D-FollowerState
2021-09-16 19:34:48,598 [pool-863-thread-1] INFO  util.JmxRegister (JmxRegister.java:tryRegister(44)) - Successfully registered JMX Bean with object name Ratis:service=RaftServer,group=group-D3A07527D82D,id=e8f13dfe-2d88-44e3-8dd8-bc613bb80fa9
2021-09-16 19:34:48,646 [Command processor thread] INFO  commandhandler.CreatePipelineCommandHandler (CreatePipelineCommandHandler.java:handle(106)) - Created Pipeline RATIS THREE PipelineID=fe861425-d21f-4895-9738-d3a07527d82d.
2021-09-16 19:34:48,743 [Command processor thread] INFO  server.RaftServer (RaftServerProxy.java:addNew(95)) - e8f13dfe-2d88-44e3-8dd8-bc613bb80fa9: addNew group-43B6F6859F31:[e8f13dfe-2d88-44e3-8dd8-bc613bb80fa9|rpc:10.1.0.5:42057|priority:1] returns group-43B6F6859F31:java.util.concurrent.CompletableFuture@5b60034f[Not completed]
2021-09-16 19:34:48,746 [pool-863-thread-1] INFO  server.RaftServer$Division (RaftServerImpl.java:<init>(181)) - e8f13dfe-2d88-44e3-8dd8-bc613bb80fa9: new RaftServerImpl for group-43B6F6859F31:[e8f13dfe-2d88-44e3-8dd8-bc613bb80fa9|rpc:10.1.0.5:42057|priority:1] with ContainerStateMachine:uninitialized
2021-09-16 19:34:48,746 [pool-863-thread-1] INFO  server.RaftServerConfigKeys (ConfUtils.java:logGet(44)) - raft.server.rpc.timeout.min = 5s (custom)
2021-09-16 19:34:48,746 [pool-863-thread-1] INFO  server.RaftServerConfigKeys (ConfUtils.java:logGet(44)) - raft.server.rpc.timeout.max = 5200ms (custom)
2021-09-16 19:34:48,746 [pool-863-thread-1] INFO  server.RaftServerConfigKeys (ConfUtils.java:logGet(44)) - raft.server.rpc.sleep.time = 25ms (default)
2021-09-16 19:34:48,746 [pool-863-thread-1] INFO  server.RaftServerConfigKeys (ConfUtils.java:logGet(44)) - raft.server.rpc.slowness.timeout = 300000ms (custom)
2021-09-16 19:34:48,746 [pool-863-thread-1] INFO  server.RaftServerConfigKeys (ConfUtils.java:logGet(44)) - raft.server.leaderelection.leader.step-down.wait-time = 10s (default)
2021-09-16 19:34:48,746 [pool-863-thread-1] INFO  server.RaftServerConfigKeys (ConfUtils.java:logGet(44)) - raft.server.sleep.deviation.threshold = 300ms (default)
2021-09-16 19:34:48,746 [pool-863-thread-1] INFO  server.RaftServerConfigKeys (ConfUtils.java:logGet(44)) - raft.server.log.appender.install.snapshot.enabled = false (custom)
2021-09-16 19:34:48,746 [pool-863-thread-1] INFO  server.RaftServer$Division (ServerState.java:<init>(105)) - e8f13dfe-2d88-44e3-8dd8-bc613bb80fa9@group-43B6F6859F31: ConfigurationManager, init=-1: [e8f13dfe-2d88-44e3-8dd8-bc613bb80fa9|rpc:10.1.0.5:42057|priority:1], old=null, confs=<EMPTY_MAP>
2021-09-16 19:34:48,747 [pool-863-thread-1] INFO  server.RaftServerConfigKeys (ConfUtils.java:logGet(44)) - raft.server.storage.dir = [/home/runner/work/ozone/ozone/hadoop-ozone/integration-test/target/test-dir/MiniOzoneClusterImpl-4c5ee767-53d0-43e8-b9fb-bc60904004ee/datanode-4/data/ratis] (custom)
2021-09-16 19:34:48,747 [pool-863-thread-1] INFO  server.RaftServerConfigKeys (ConfUtils.java:logGet(44)) - raft.server.log.corruption.policy = EXCEPTION (default)
2021-09-16 19:34:48,747 [pool-863-thread-1] INFO  server.RaftServerConfigKeys (ConfUtils.java:logGet(44)) - raft.server.storage.free-space.min = 0MB (=0) (default)
2021-09-16 19:34:48,747 [pool-863-thread-1] INFO  storage.RaftStorageDirectory (RaftStorageDirectoryImpl.java:analyzeStorage(135)) - The storage directory /home/runner/work/ozone/ozone/hadoop-ozone/integration-test/target/test-dir/MiniOzoneClusterImpl-4c5ee767-53d0-43e8-b9fb-bc60904004ee/datanode-4/data/ratis/254d7187-a969-4d72-a6be-43b6f6859f31 does not exist. Creating ...
2021-09-16 19:34:48,765 [pool-863-thread-1] INFO  storage.RaftStorageDirectory (RaftStorageDirectoryImpl.java:tryLock(230)) - Lock on /home/runner/work/ozone/ozone/hadoop-ozone/integration-test/target/test-dir/MiniOzoneClusterImpl-4c5ee767-53d0-43e8-b9fb-bc60904004ee/datanode-4/data/ratis/254d7187-a969-4d72-a6be-43b6f6859f31/in_use.lock acquired by nodename 3243@fv-az195-743
2021-09-16 19:34:48,769 [pool-863-thread-1] INFO  storage.RaftStorage (RaftStorageImpl.java:format(89)) - Storage directory /home/runner/work/ozone/ozone/hadoop-ozone/integration-test/target/test-dir/MiniOzoneClusterImpl-4c5ee767-53d0-43e8-b9fb-bc60904004ee/datanode-4/data/ratis/254d7187-a969-4d72-a6be-43b6f6859f31 has been successfully formatted.
2021-09-16 19:34:48,769 [Datanode State Machine Thread - 0] WARN  statemachine.StateContext (StateContext.java:execute(621)) - No available thread in pool for past 1 seconds.
2021-09-16 19:34:48,770 [pool-863-thread-1] INFO  ratis.ContainerStateMachine (ContainerStateMachine.java:loadSnapshot(224)) - group-43B6F6859F31: The snapshot info is null. Setting the last applied indexto:(t:0, i:~)
2021-09-16 19:34:48,770 [pool-863-thread-1] INFO  server.RaftServerConfigKeys (ConfUtils.java:logGet(44)) - raft.server.notification.no-leader.timeout = 300000ms (custom)
2021-09-16 19:34:48,770 [EventQueue-PipelineReportForPipelineReportHandler] INFO  pipeline.PipelineManagerImpl (PipelineManagerImpl.java:openPipeline(282)) - Pipeline Pipeline[ Id: 254d7187-a969-4d72-a6be-43b6f6859f31, Nodes: e8f13dfe-2d88-44e3-8dd8-bc613bb80fa9{ip: 10.1.0.5, host: fv-az195-743.u3nnjwd0vyge1bu22idnsdeq2e.cx.internal.cloudapp.net, ports: [REPLICATION=41533, RATIS=42057, RATIS_ADMIN=42057, RATIS_SERVER=42057, STANDALONE=40795], networkLocation: /default-rack, certSerialId: null, persistedOpState: IN_SERVICE, persistedOpStateExpiryEpochSec: 0}, ReplicationConfig: RATIS/ONE, State:ALLOCATED, leaderId:e8f13dfe-2d88-44e3-8dd8-bc613bb80fa9, CreationTimestamp2021-09-16T19:34:45.744Z[Etc/UTC]] moved to OPEN state
2021-09-16 19:34:48,770 [pool-863-thread-1] INFO  server.RaftServerConfigKeys (ConfUtils.java:logGet(44)) - raft.server.log.use.memory = false (default)
2021-09-16 19:34:48,770 [pool-863-thread-1] INFO  server.RaftServerConfigKeys (ConfUtils.java:logGet(44)) - raft.server.log.purge.gap = 1000000 (custom)
2021-09-16 19:34:48,770 [pool-863-thread-1] INFO  server.RaftServerConfigKeys (ConfUtils.java:logGet(44)) - raft.server.log.appender.buffer.byte-limit = 33554432 (custom)
2021-09-16 19:34:48,770 [EventQueue-OpenPipelineForHealthyPipelineSafeModeRule] INFO  safemode.SCMSafeModeManager (HealthyPipelineSafeModeRule.java:process(124)) - SCM in safe mode. Healthy pipelines reported count is 0, required healthy pipeline reported count is 1
2021-09-16 19:34:48,773 [pool-863-thread-1] INFO  server.RaftServerConfigKeys (ConfUtils.java:logGet(44)) - raft.server.log.segment.size.max = 1048576 (custom)
2021-09-16 19:34:48,773 [pool-863-thread-1] INFO  server.RaftServerConfigKeys (ConfUtils.java:logGet(44)) - raft.server.log.segment.cache.num.max = 2 (custom)
2021-09-16 19:34:48,773 [pool-863-thread-1] INFO  server.RaftServerConfigKeys (ConfUtils.java:logGet(44)) - raft.server.log.segment.cache.size.max = 200MB (=209715200) (default)
2021-09-16 19:34:48,773 [pool-863-thread-1] INFO  segmented.SegmentedRaftLogWorker (SegmentedRaftLogWorker.java:<init>(182)) - new e8f13dfe-2d88-44e3-8dd8-bc613bb80fa9@group-43B6F6859F31-SegmentedRaftLogWorker for RaftStorageImpl:Storage Directory /home/runner/work/ozone/ozone/hadoop-ozone/integration-test/target/test-dir/MiniOzoneClusterImpl-4c5ee767-53d0-43e8-b9fb-bc60904004ee/datanode-4/data/ratis/254d7187-a969-4d72-a6be-43b6f6859f31
2021-09-16 19:34:48,774 [pool-863-thread-1] INFO  server.RaftServerConfigKeys (ConfUtils.java:logGet(44)) - raft.server.log.queue.byte-limit = 2147483647 (custom)
2021-09-16 19:34:48,774 [pool-863-thread-1] INFO  server.RaftServerConfigKeys (ConfUtils.java:logGet(44)) - raft.server.log.queue.element-limit = 1024 (custom)
2021-09-16 19:34:48,774 [pool-863-thread-1] INFO  server.RaftServerConfigKeys (ConfUtils.java:logGet(44)) - raft.server.log.segment.size.max = 1048576 (custom)
2021-09-16 19:34:48,774 [pool-863-thread-1] INFO  server.RaftServerConfigKeys (ConfUtils.java:logGet(44)) - raft.server.log.preallocated.size = 16384 (custom)
2021-09-16 19:34:48,774 [pool-863-thread-1] INFO  server.RaftServerConfigKeys (ConfUtils.java:logGet(44)) - raft.server.log.force.sync.num = 128 (default)
2021-09-16 19:34:48,774 [pool-863-thread-1] INFO  server.RaftServerConfigKeys (ConfUtils.java:logGet(44)) - raft.server.log.statemachine.data.sync = true (default)
2021-09-16 19:34:48,774 [pool-863-thread-1] INFO  server.RaftServerConfigKeys (ConfUtils.java:logGet(44)) - raft.server.log.statemachine.data.sync.timeout = 10s (default)
2021-09-16 19:34:48,776 [pool-863-thread-1] INFO  server.RaftServerConfigKeys (ConfUtils.java:logGet(44)) - raft.server.log.statemachine.data.sync.timeout.retry = -1 (default)
2021-09-16 19:34:48,778 [pool-863-thread-1] INFO  server.RaftServerConfigKeys (ConfUtils.java:logGet(44)) - raft.server.log.write.buffer.size = 1048576 (custom)
2021-09-16 19:34:48,779 [pool-863-thread-1] INFO  server.RaftServerConfigKeys (ConfUtils.java:logGet(44)) - raft.server.log.statemachine.data.caching.enabled = true (custom)
2021-09-16 19:34:48,779 [pool-863-thread-1] INFO  segmented.SegmentedRaftLogWorker (SegmentedRaftLogWorker.java:lambda$new$0(133)) - e8f13dfe-2d88-44e3-8dd8-bc613bb80fa9@group-43B6F6859F31-SegmentedRaftLogWorker: flushIndex: setUnconditionally 0 -> -1
2021-09-16 19:34:48,779 [pool-863-thread-1] INFO  segmented.SegmentedRaftLogWorker (SegmentedRaftLogWorker.java:lambda$new$0(133)) - e8f13dfe-2d88-44e3-8dd8-bc613bb80fa9@group-43B6F6859F31-SegmentedRaftLogWorker: safeCacheEvictIndex: setUnconditionally 0 -> -1
2021-09-16 19:34:48,779 [pool-863-thread-1] INFO  server.RaftServerConfigKeys (ConfUtils.java:logGet(44)) - raft.server.snapshot.auto.trigger.enabled = true (custom)
2021-09-16 19:34:48,779 [pool-863-thread-1] INFO  server.RaftServerConfigKeys (ConfUtils.java:logGet(44)) - raft.server.snapshot.auto.trigger.threshold = 10000 (custom)
2021-09-16 19:34:48,780 [pool-863-thread-1] INFO  server.RaftServerConfigKeys (ConfUtils.java:logGet(44)) - raft.server.snapshot.retention.file.num = 5 (custom)
2021-09-16 19:34:48,780 [pool-863-thread-1] INFO  server.RaftServerConfigKeys (ConfUtils.java:logGet(44)) - raft.server.log.purge.upto.snapshot.index = false (default)
2021-09-16 19:34:48,780 [pool-863-thread-1] INFO  server.RaftServerConfigKeys (ConfUtils.java:logGet(44)) - raft.server.retrycache.expirytime = 600000ms (custom)
2021-09-16 19:34:48,780 [pool-863-thread-1] INFO  server.RaftServerConfigKeys (ConfUtils.java:logGet(44)) - raft.server.retrycache.statistics.expirytime = 100μs (default)
2021-09-16 19:34:48,782 [pool-863-thread-1] INFO  server.RaftServer$Division (RaftServerImpl.java:start(296)) - e8f13dfe-2d88-44e3-8dd8-bc613bb80fa9@group-43B6F6859F31: start as a follower, conf=-1: [e8f13dfe-2d88-44e3-8dd8-bc613bb80fa9|rpc:10.1.0.5:42057|priority:1], old=null
2021-09-16 19:34:48,782 [pool-863-thread-1] INFO  server.RaftServer$Division (RaftServerImpl.java:setRole(285)) - e8f13dfe-2d88-44e3-8dd8-bc613bb80fa9@group-43B6F6859F31: changes role from      null to FOLLOWER at term 0 for startAsFollower
2021-09-16 19:34:48,782 [pool-863-thread-1] INFO  impl.RoleInfo (RoleInfo.java:updateAndGet(130)) - e8f13dfe-2d88-44e3-8dd8-bc613bb80fa9: start e8f13dfe-2d88-44e3-8dd8-bc613bb80fa9@group-43B6F6859F31-FollowerState
2021-09-16 19:34:48,782 [pool-863-thread-1] INFO  util.JmxRegister (JmxRegister.java:tryRegister(44)) - Successfully registered JMX Bean with object name Ratis:service=RaftServer,group=group-43B6F6859F31,id=e8f13dfe-2d88-44e3-8dd8-bc613bb80fa9
2021-09-16 19:34:48,783 [Command processor thread] INFO  ratis.XceiverServerRatis (XceiverServerRatis.java:addGroup(762)) - Created group PipelineID=254d7187-a969-4d72-a6be-43b6f6859f31
2021-09-16 19:34:48,783 [Command processor thread] INFO  commandhandler.CreatePipelineCommandHandler (CreatePipelineCommandHandler.java:handle(106)) - Created Pipeline RATIS ONE PipelineID=254d7187-a969-4d72-a6be-43b6f6859f31.
2021-09-16 19:34:49,238 [IPC Server handler 6 on default port 44331] INFO  net.NetworkTopologyImpl (NetworkTopologyImpl.java:add(112)) - Added a new node: /default-rack/17c51919-b33f-4a5f-9a86-1e5ebe529257
2021-09-16 19:34:49,239 [IPC Server handler 6 on default port 44331] INFO  node.SCMNodeManager (SCMNodeManager.java:register(389)) - Registered Data node : 17c51919-b33f-4a5f-9a86-1e5ebe529257{ip: 10.1.0.5, host: fv-az195-743.u3nnjwd0vyge1bu22idnsdeq2e.cx.internal.cloudapp.net, ports: [REPLICATION=33461, RATIS=40963, RATIS_ADMIN=40963, RATIS_SERVER=40963, STANDALONE=43083], networkLocation: /default-rack, certSerialId: null, persistedOpState: null, persistedOpStateExpiryEpochSec: 0}
2021-09-16 19:34:49,242 [EventQueue-NewNodeForNewNodeHandler] INFO  pipeline.BackgroundPipelineCreator (BackgroundPipelineCreatorV2.java:notifyEventTriggered(285)) - trigger a one-shot run on RatisPipelineUtilsThread.
2021-09-16 19:34:49,242 [RatisPipelineUtilsThread - 0] INFO  pipeline.RatisPipelineProvider (RatisPipelineProvider.java:lambda$create$0(183)) - Sending CreatePipelineCommand for pipeline:PipelineID=42a52aa1-4bce-4ee6-b280-8948a4da2296 to datanode:17c51919-b33f-4a5f-9a86-1e5ebe529257
2021-09-16 19:34:49,243 [RatisPipelineUtilsThread - 0] INFO  pipeline.PipelineStateManager (PipelineStateManagerV2Impl.java:addPipeline(101)) - Created pipeline Pipeline[ Id: 42a52aa1-4bce-4ee6-b280-8948a4da2296, Nodes: 17c51919-b33f-4a5f-9a86-1e5ebe529257{ip: 10.1.0.5, host: fv-az195-743.u3nnjwd0vyge1bu22idnsdeq2e.cx.internal.cloudapp.net, ports: [REPLICATION=33461, RATIS=40963, RATIS_ADMIN=40963, RATIS_SERVER=40963, STANDALONE=43083], networkLocation: /default-rack, certSerialId: null, persistedOpState: IN_SERVICE, persistedOpStateExpiryEpochSec: 0}, ReplicationConfig: RATIS/ONE, State:ALLOCATED, leaderId:, CreationTimestamp2021-09-16T19:34:49.242Z[Etc/UTC]].
2021-09-16 19:34:49,243 [RatisPipelineUtilsThread - 0] INFO  pipeline.RatisPipelineProvider (RatisPipelineProvider.java:lambda$create$0(183)) - Sending CreatePipelineCommand for pipeline:PipelineID=00cfb056-a3a7-417d-aba7-bbbde90a5b3b to datanode:17c51919-b33f-4a5f-9a86-1e5ebe529257
2021-09-16 19:34:49,243 [RatisPipelineUtilsThread - 0] INFO  pipeline.RatisPipelineProvider (RatisPipelineProvider.java:lambda$create$0(183)) - Sending CreatePipelineCommand for pipeline:PipelineID=00cfb056-a3a7-417d-aba7-bbbde90a5b3b to datanode:d325862d-5d90-442e-bb25-5d4329348a89
2021-09-16 19:34:49,243 [RatisPipelineUtilsThread - 0] INFO  pipeline.RatisPipelineProvider (RatisPipelineProvider.java:lambda$create$0(183)) - Sending CreatePipelineCommand for pipeline:PipelineID=00cfb056-a3a7-417d-aba7-bbbde90a5b3b to datanode:22678529-1571-490a-85b9-2142d4a575d8
2021-09-16 19:34:49,244 [RatisPipelineUtilsThread - 0] INFO  pipeline.PipelineStateManager (PipelineStateManagerV2Impl.java:addPipeline(101)) - Created pipeline Pipeline[ Id: 00cfb056-a3a7-417d-aba7-bbbde90a5b3b, Nodes: 17c51919-b33f-4a5f-9a86-1e5ebe529257{ip: 10.1.0.5, host: fv-az195-743.u3nnjwd0vyge1bu22idnsdeq2e.cx.internal.cloudapp.net, ports: [REPLICATION=33461, RATIS=40963, RATIS_ADMIN=40963, RATIS_SERVER=40963, STANDALONE=43083], networkLocation: /default-rack, certSerialId: null, persistedOpState: IN_SERVICE, persistedOpStateExpiryEpochSec: 0}d325862d-5d90-442e-bb25-5d4329348a89{ip: 10.1.0.5, host: fv-az195-743.u3nnjwd0vyge1bu22idnsdeq2e.cx.internal.cloudapp.net, ports: [REPLICATION=37769, RATIS=42511, RATIS_ADMIN=42511, RATIS_SERVER=42511, STANDALONE=34693], networkLocation: /default-rack, certSerialId: null, persistedOpState: IN_SERVICE, persistedOpStateExpiryEpochSec: 0}22678529-1571-490a-85b9-2142d4a575d8{ip: 10.1.0.5, host: fv-az195-743.u3nnjwd0vyge1bu22idnsdeq2e.cx.internal.cloudapp.net, ports: [REPLICATION=38611, RATIS=32787, RATIS_ADMIN=32787, RATIS_SERVER=32787, STANDALONE=32881], networkLocation: /default-rack, certSerialId: null, persistedOpState: IN_SERVICE, persistedOpStateExpiryEpochSec: 0}, ReplicationConfig: RATIS/THREE, State:ALLOCATED, leaderId:, CreationTimestamp2021-09-16T19:34:49.243Z[Etc/UTC]].
2021-09-16 19:34:49,244 [Listener at 127.0.0.1/43789] INFO  ozone.MiniOzoneClusterImpl (MiniOzoneClusterImpl.java:lambda$waitForClusterToBeReady$0(235)) - Nodes are ready. Got 9 of 9 DN Heartbeats.
2021-09-16 19:34:49,244 [Listener at 127.0.0.1/43789] INFO  ozone.MiniOzoneClusterImpl (MiniOzoneClusterImpl.java:lambda$waitForClusterToBeReady$0(238)) - Waiting for cluster to exit safe mode
2021-09-16 19:34:49,244 [Listener at 127.0.0.1/43789] INFO  ozone.MiniOzoneClusterImpl (MiniOzoneClusterImpl.java:lambda$waitForClusterToBeReady$0(240)) - SCM became leader
2021-09-16 19:34:49,529 [Command processor thread] INFO  server.RaftServer (RaftServerProxy.java:addNew(95)) - de4d5c13-4a27-410b-b35a-5584c5652eab: addNew group-10A05C49AC01:[de4d5c13-4a27-410b-b35a-5584c5652eab|rpc:10.1.0.5:33691|priority:1] returns group-10A05C49AC01:java.util.concurrent.CompletableFuture@5162c74f[Not completed]
2021-09-16 19:34:49,530 [pool-882-thread-1] INFO  server.RaftServer$Division (RaftServerImpl.java:<init>(181)) - de4d5c13-4a27-410b-b35a-5584c5652eab: new RaftServerImpl for group-10A05C49AC01:[de4d5c13-4a27-410b-b35a-5584c5652eab|rpc:10.1.0.5:33691|priority:1] with ContainerStateMachine:uninitialized
2021-09-16 19:34:49,530 [pool-882-thread-1] INFO  server.RaftServerConfigKeys (ConfUtils.java:logGet(44)) - raft.server.rpc.timeout.min = 5s (custom)
2021-09-16 19:34:49,530 [pool-882-thread-1] INFO  server.RaftServerConfigKeys (ConfUtils.java:logGet(44)) - raft.server.rpc.timeout.max = 5200ms (custom)
2021-09-16 19:34:49,530 [pool-882-thread-1] INFO  server.RaftServerConfigKeys (ConfUtils.java:logGet(44)) - raft.server.rpc.sleep.time = 25ms (default)
2021-09-16 19:34:49,530 [pool-882-thread-1] INFO  server.RaftServerConfigKeys (ConfUtils.java:logGet(44)) - raft.server.rpc.slowness.timeout = 300000ms (custom)
2021-09-16 19:34:49,530 [pool-882-thread-1] INFO  server.RaftServerConfigKeys (ConfUtils.java:logGet(44)) - raft.server.leaderelection.leader.step-down.wait-time = 10s (default)
2021-09-16 19:34:49,530 [pool-882-thread-1] INFO  server.RaftServerConfigKeys (ConfUtils.java:logGet(44)) - raft.server.sleep.deviation.threshold = 300ms (default)
2021-09-16 19:34:49,530 [pool-882-thread-1] INFO  server.RaftServerConfigKeys (ConfUtils.java:logGet(44)) - raft.server.log.appender.install.snapshot.enabled = false (custom)
2021-09-16 19:34:49,530 [pool-882-thread-1] INFO  server.RaftServer$Division (ServerState.java:<init>(105)) - de4d5c13-4a27-410b-b35a-5584c5652eab@group-10A05C49AC01: ConfigurationManager, init=-1: [de4d5c13-4a27-410b-b35a-5584c5652eab|rpc:10.1.0.5:33691|priority:1], old=null, confs=<EMPTY_MAP>
2021-09-16 19:34:49,530 [pool-882-thread-1] INFO  server.RaftServerConfigKeys (ConfUtils.java:logGet(44)) - raft.server.storage.dir = [/home/runner/work/ozone/ozone/hadoop-ozone/integration-test/target/test-dir/MiniOzoneClusterImpl-4c5ee767-53d0-43e8-b9fb-bc60904004ee/datanode-5/data/ratis] (custom)
2021-09-16 19:34:49,530 [pool-882-thread-1] INFO  server.RaftServerConfigKeys (ConfUtils.java:logGet(44)) - raft.server.log.corruption.policy = EXCEPTION (default)
2021-09-16 19:34:49,530 [pool-882-thread-1] INFO  server.RaftServerConfigKeys (ConfUtils.java:logGet(44)) - raft.server.storage.free-space.min = 0MB (=0) (default)
2021-09-16 19:34:49,530 [pool-882-thread-1] INFO  storage.RaftStorageDirectory (RaftStorageDirectoryImpl.java:analyzeStorage(135)) - The storage directory /home/runner/work/ozone/ozone/hadoop-ozone/integration-test/target/test-dir/MiniOzoneClusterImpl-4c5ee767-53d0-43e8-b9fb-bc60904004ee/datanode-5/data/ratis/1ae849a2-9881-49da-8ddb-10a05c49ac01 does not exist. Creating ...
2021-09-16 19:34:49,548 [pool-882-thread-1] INFO  storage.RaftStorageDirectory (RaftStorageDirectoryImpl.java:tryLock(230)) - Lock on /home/runner/work/ozone/ozone/hadoop-ozone/integration-test/target/test-dir/MiniOzoneClusterImpl-4c5ee767-53d0-43e8-b9fb-bc60904004ee/datanode-5/data/ratis/1ae849a2-9881-49da-8ddb-10a05c49ac01/in_use.lock acquired by nodename 3243@fv-az195-743
2021-09-16 19:34:49,552 [pool-882-thread-1] INFO  storage.RaftStorage (RaftStorageImpl.java:format(89)) - Storage directory /home/runner/work/ozone/ozone/hadoop-ozone/integration-test/target/test-dir/MiniOzoneClusterImpl-4c5ee767-53d0-43e8-b9fb-bc60904004ee/datanode-5/data/ratis/1ae849a2-9881-49da-8ddb-10a05c49ac01 has been successfully formatted.
2021-09-16 19:34:49,552 [pool-882-thread-1] INFO  ratis.ContainerStateMachine (ContainerStateMachine.java:loadSnapshot(224)) - group-10A05C49AC01: The snapshot info is null. Setting the last applied indexto:(t:0, i:~)
2021-09-16 19:34:49,552 [pool-882-thread-1] INFO  server.RaftServerConfigKeys (ConfUtils.java:logGet(44)) - raft.server.notification.no-leader.timeout = 300000ms (custom)
2021-09-16 19:34:49,552 [pool-882-thread-1] INFO  server.RaftServerConfigKeys (ConfUtils.java:logGet(44)) - raft.server.log.use.memory = false (default)
2021-09-16 19:34:49,553 [EventQueue-PipelineReportForPipelineReportHandler] INFO  pipeline.PipelineManagerImpl (PipelineManagerImpl.java:openPipeline(282)) - Pipeline Pipeline[ Id: 1ae849a2-9881-49da-8ddb-10a05c49ac01, Nodes: de4d5c13-4a27-410b-b35a-5584c5652eab{ip: 10.1.0.5, host: fv-az195-743.u3nnjwd0vyge1bu22idnsdeq2e.cx.internal.cloudapp.net, ports: [REPLICATION=41341, RATIS=33691, RATIS_ADMIN=33691, RATIS_SERVER=33691, STANDALONE=40479], networkLocation: /default-rack, certSerialId: null, persistedOpState: IN_SERVICE, persistedOpStateExpiryEpochSec: 0}, ReplicationConfig: RATIS/ONE, State:ALLOCATED, leaderId:de4d5c13-4a27-410b-b35a-5584c5652eab, CreationTimestamp2021-09-16T19:34:46.555Z[Etc/UTC]] moved to OPEN state
2021-09-16 19:34:49,553 [EventQueue-OpenPipelineForHealthyPipelineSafeModeRule] INFO  safemode.SCMSafeModeManager (HealthyPipelineSafeModeRule.java:process(124)) - SCM in safe mode. Healthy pipelines reported count is 0, required healthy pipeline reported count is 1
2021-09-16 19:34:49,553 [pool-882-thread-1] INFO  server.RaftServerConfigKeys (ConfUtils.java:logGet(44)) - raft.server.log.purge.gap = 1000000 (custom)
2021-09-16 19:34:49,554 [pool-882-thread-1] INFO  server.RaftServerConfigKeys (ConfUtils.java:logGet(44)) - raft.server.log.appender.buffer.byte-limit = 33554432 (custom)
2021-09-16 19:34:49,554 [pool-882-thread-1] INFO  server.RaftServerConfigKeys (ConfUtils.java:logGet(44)) - raft.server.log.segment.size.max = 1048576 (custom)
2021-09-16 19:34:49,555 [pool-882-thread-1] INFO  server.RaftServerConfigKeys (ConfUtils.java:logGet(44)) - raft.server.log.segment.cache.num.max = 2 (custom)
2021-09-16 19:34:49,555 [pool-882-thread-1] INFO  server.RaftServerConfigKeys (ConfUtils.java:logGet(44)) - raft.server.log.segment.cache.size.max = 200MB (=209715200) (default)
2021-09-16 19:34:49,556 [pool-882-thread-1] INFO  segmented.SegmentedRaftLogWorker (SegmentedRaftLogWorker.java:<init>(182)) - new de4d5c13-4a27-410b-b35a-5584c5652eab@group-10A05C49AC01-SegmentedRaftLogWorker for RaftStorageImpl:Storage Directory /home/runner/work/ozone/ozone/hadoop-ozone/integration-test/target/test-dir/MiniOzoneClusterImpl-4c5ee767-53d0-43e8-b9fb-bc60904004ee/datanode-5/data/ratis/1ae849a2-9881-49da-8ddb-10a05c49ac01
2021-09-16 19:34:49,556 [pool-882-thread-1] INFO  server.RaftServerConfigKeys (ConfUtils.java:logGet(44)) - raft.server.log.queue.byte-limit = 2147483647 (custom)
2021-09-16 19:34:49,556 [pool-882-thread-1] INFO  server.RaftServerConfigKeys (ConfUtils.java:logGet(44)) - raft.server.log.queue.element-limit = 1024 (custom)
2021-09-16 19:34:49,556 [pool-882-thread-1] INFO  server.RaftServerConfigKeys (ConfUtils.java:logGet(44)) - raft.server.log.segment.size.max = 1048576 (custom)
2021-09-16 19:34:49,556 [pool-882-thread-1] INFO  server.RaftServerConfigKeys (ConfUtils.java:logGet(44)) - raft.server.log.preallocated.size = 16384 (custom)
2021-09-16 19:34:49,556 [pool-882-thread-1] INFO  server.RaftServerConfigKeys (ConfUtils.java:logGet(44)) - raft.server.log.force.sync.num = 128 (default)
2021-09-16 19:34:49,556 [pool-882-thread-1] INFO  server.RaftServerConfigKeys (ConfUtils.java:logGet(44)) - raft.server.log.statemachine.data.sync = true (default)
2021-09-16 19:34:49,556 [pool-882-thread-1] INFO  server.RaftServerConfigKeys (ConfUtils.java:logGet(44)) - raft.server.log.statemachine.data.sync.timeout = 10s (default)
2021-09-16 19:34:49,556 [pool-882-thread-1] INFO  server.RaftServerConfigKeys (ConfUtils.java:logGet(44)) - raft.server.log.statemachine.data.sync.timeout.retry = -1 (default)
2021-09-16 19:34:49,558 [pool-882-thread-1] INFO  server.RaftServerConfigKeys (ConfUtils.java:logGet(44)) - raft.server.log.write.buffer.size = 1048576 (custom)
2021-09-16 19:34:49,560 [pool-882-thread-1] INFO  server.RaftServerConfigKeys (ConfUtils.java:logGet(44)) - raft.server.log.statemachine.data.caching.enabled = true (custom)
2021-09-16 19:34:49,561 [pool-882-thread-1] INFO  segmented.SegmentedRaftLogWorker (SegmentedRaftLogWorker.java:lambda$new$0(133)) - de4d5c13-4a27-410b-b35a-5584c5652eab@group-10A05C49AC01-SegmentedRaftLogWorker: flushIndex: setUnconditionally 0 -> -1
2021-09-16 19:34:49,561 [pool-882-thread-1] INFO  segmented.SegmentedRaftLogWorker (SegmentedRaftLogWorker.java:lambda$new$0(133)) - de4d5c13-4a27-410b-b35a-5584c5652eab@group-10A05C49AC01-SegmentedRaftLogWorker: safeCacheEvictIndex: setUnconditionally 0 -> -1
2021-09-16 19:34:49,564 [pool-882-thread-1] INFO  server.RaftServerConfigKeys (ConfUtils.java:logGet(44)) - raft.server.snapshot.auto.trigger.enabled = true (custom)
2021-09-16 19:34:49,564 [pool-882-thread-1] INFO  server.RaftServerConfigKeys (ConfUtils.java:logGet(44)) - raft.server.snapshot.auto.trigger.threshold = 10000 (custom)
2021-09-16 19:34:49,564 [pool-882-thread-1] INFO  server.RaftServerConfigKeys (ConfUtils.java:logGet(44)) - raft.server.snapshot.retention.file.num = 5 (custom)
2021-09-16 19:34:49,564 [pool-882-thread-1] INFO  server.RaftServerConfigKeys (ConfUtils.java:logGet(44)) - raft.server.log.purge.upto.snapshot.index = false (default)
2021-09-16 19:34:49,564 [pool-882-thread-1] INFO  server.RaftServerConfigKeys (ConfUtils.java:logGet(44)) - raft.server.retrycache.expirytime = 600000ms (custom)
2021-09-16 19:34:49,564 [pool-882-thread-1] INFO  server.RaftServerConfigKeys (ConfUtils.java:logGet(44)) - raft.server.retrycache.statistics.expirytime = 100μs (default)
2021-09-16 19:34:49,566 [pool-882-thread-1] INFO  server.RaftServer$Division (RaftServerImpl.java:start(296)) - de4d5c13-4a27-410b-b35a-5584c5652eab@group-10A05C49AC01: start as a follower, conf=-1: [de4d5c13-4a27-410b-b35a-5584c5652eab|rpc:10.1.0.5:33691|priority:1], old=null
2021-09-16 19:34:49,566 [pool-882-thread-1] INFO  server.RaftServer$Division (RaftServerImpl.java:setRole(285)) - de4d5c13-4a27-410b-b35a-5584c5652eab@group-10A05C49AC01: changes role from      null to FOLLOWER at term 0 for startAsFollower
2021-09-16 19:34:49,566 [pool-882-thread-1] INFO  impl.RoleInfo (RoleInfo.java:updateAndGet(130)) - de4d5c13-4a27-410b-b35a-5584c5652eab: start de4d5c13-4a27-410b-b35a-5584c5652eab@group-10A05C49AC01-FollowerState
2021-09-16 19:34:49,567 [pool-882-thread-1] INFO  util.JmxRegister (JmxRegister.java:tryRegister(44)) - Successfully registered JMX Bean with object name Ratis:service=RaftServer,group=group-10A05C49AC01,id=de4d5c13-4a27-410b-b35a-5584c5652eab
2021-09-16 19:34:49,568 [Command processor thread] INFO  ratis.XceiverServerRatis (XceiverServerRatis.java:addGroup(762)) - Created group PipelineID=1ae849a2-9881-49da-8ddb-10a05c49ac01
2021-09-16 19:34:49,568 [Command processor thread] INFO  commandhandler.CreatePipelineCommandHandler (CreatePipelineCommandHandler.java:handle(106)) - Created Pipeline RATIS ONE PipelineID=1ae849a2-9881-49da-8ddb-10a05c49ac01.
2021-09-16 19:34:50,245 [Listener at 127.0.0.1/43789] INFO  ozone.MiniOzoneClusterImpl (MiniOzoneClusterImpl.java:lambda$waitForClusterToBeReady$0(235)) - Nodes are ready. Got 9 of 9 DN Heartbeats.
2021-09-16 19:34:50,245 [Listener at 127.0.0.1/43789] INFO  ozone.MiniOzoneClusterImpl (MiniOzoneClusterImpl.java:lambda$waitForClusterToBeReady$0(238)) - Waiting for cluster to exit safe mode
2021-09-16 19:34:50,245 [Listener at 127.0.0.1/43789] INFO  ozone.MiniOzoneClusterImpl (MiniOzoneClusterImpl.java:lambda$waitForClusterToBeReady$0(240)) - SCM became leader
2021-09-16 19:34:50,694 [Command processor thread] INFO  server.RaftServer (RaftServerProxy.java:addNew(95)) - 22678529-1571-490a-85b9-2142d4a575d8: addNew group-39C371FD3A13:[22678529-1571-490a-85b9-2142d4a575d8|rpc:10.1.0.5:32787|priority:1] returns group-39C371FD3A13:java.util.concurrent.CompletableFuture@69863db3[Not completed]
2021-09-16 19:34:50,696 [pool-901-thread-1] INFO  server.RaftServer$Division (RaftServerImpl.java:<init>(181)) - 22678529-1571-490a-85b9-2142d4a575d8: new RaftServerImpl for group-39C371FD3A13:[22678529-1571-490a-85b9-2142d4a575d8|rpc:10.1.0.5:32787|priority:1] with ContainerStateMachine:uninitialized
2021-09-16 19:34:50,697 [pool-901-thread-1] INFO  server.RaftServerConfigKeys (ConfUtils.java:logGet(44)) - raft.server.rpc.timeout.min = 5s (custom)
2021-09-16 19:34:50,697 [pool-901-thread-1] INFO  server.RaftServerConfigKeys (ConfUtils.java:logGet(44)) - raft.server.rpc.timeout.max = 5200ms (custom)
2021-09-16 19:34:50,697 [pool-901-thread-1] INFO  server.RaftServerConfigKeys (ConfUtils.java:logGet(44)) - raft.server.rpc.sleep.time = 25ms (default)
2021-09-16 19:34:50,697 [pool-901-thread-1] INFO  server.RaftServerConfigKeys (ConfUtils.java:logGet(44)) - raft.server.rpc.slowness.timeout = 300000ms (custom)
2021-09-16 19:34:50,697 [pool-901-thread-1] INFO  server.RaftServerConfigKeys (ConfUtils.java:logGet(44)) - raft.server.leaderelection.leader.step-down.wait-time = 10s (default)
2021-09-16 19:34:50,697 [pool-901-thread-1] INFO  server.RaftServerConfigKeys (ConfUtils.java:logGet(44)) - raft.server.sleep.deviation.threshold = 300ms (default)
2021-09-16 19:34:50,697 [pool-901-thread-1] INFO  server.RaftServerConfigKeys (ConfUtils.java:logGet(44)) - raft.server.log.appender.install.snapshot.enabled = false (custom)
2021-09-16 19:34:50,697 [pool-901-thread-1] INFO  server.RaftServer$Division (ServerState.java:<init>(105)) - 22678529-1571-490a-85b9-2142d4a575d8@group-39C371FD3A13: ConfigurationManager, init=-1: [22678529-1571-490a-85b9-2142d4a575d8|rpc:10.1.0.5:32787|priority:1], old=null, confs=<EMPTY_MAP>
2021-09-16 19:34:50,697 [pool-901-thread-1] INFO  server.RaftServerConfigKeys (ConfUtils.java:logGet(44)) - raft.server.storage.dir = [/home/runner/work/ozone/ozone/hadoop-ozone/integration-test/target/test-dir/MiniOzoneClusterImpl-4c5ee767-53d0-43e8-b9fb-bc60904004ee/datanode-6/data/ratis] (custom)
2021-09-16 19:34:50,697 [pool-901-thread-1] INFO  server.RaftServerConfigKeys (ConfUtils.java:logGet(44)) - raft.server.log.corruption.policy = EXCEPTION (default)
2021-09-16 19:34:50,697 [pool-901-thread-1] INFO  server.RaftServerConfigKeys (ConfUtils.java:logGet(44)) - raft.server.storage.free-space.min = 0MB (=0) (default)
2021-09-16 19:34:50,697 [pool-901-thread-1] INFO  storage.RaftStorageDirectory (RaftStorageDirectoryImpl.java:analyzeStorage(135)) - The storage directory /home/runner/work/ozone/ozone/hadoop-ozone/integration-test/target/test-dir/MiniOzoneClusterImpl-4c5ee767-53d0-43e8-b9fb-bc60904004ee/datanode-6/data/ratis/0592299e-244b-4065-b6c9-39c371fd3a13 does not exist. Creating ...
2021-09-16 19:34:50,736 [pool-901-thread-1] INFO  storage.RaftStorageDirectory (RaftStorageDirectoryImpl.java:tryLock(230)) - Lock on /home/runner/work/ozone/ozone/hadoop-ozone/integration-test/target/test-dir/MiniOzoneClusterImpl-4c5ee767-53d0-43e8-b9fb-bc60904004ee/datanode-6/data/ratis/0592299e-244b-4065-b6c9-39c371fd3a13/in_use.lock acquired by nodename 3243@fv-az195-743
2021-09-16 19:34:50,741 [pool-901-thread-1] INFO  storage.RaftStorage (RaftStorageImpl.java:format(89)) - Storage directory /home/runner/work/ozone/ozone/hadoop-ozone/integration-test/target/test-dir/MiniOzoneClusterImpl-4c5ee767-53d0-43e8-b9fb-bc60904004ee/datanode-6/data/ratis/0592299e-244b-4065-b6c9-39c371fd3a13 has been successfully formatted.
2021-09-16 19:34:50,774 [pool-901-thread-1] INFO  ratis.ContainerStateMachine (ContainerStateMachine.java:loadSnapshot(224)) - group-39C371FD3A13: The snapshot info is null. Setting the last applied indexto:(t:0, i:~)
2021-09-16 19:34:50,782 [pool-901-thread-1] INFO  server.RaftServerConfigKeys (ConfUtils.java:logGet(44)) - raft.server.notification.no-leader.timeout = 300000ms (custom)
2021-09-16 19:34:50,782 [Datanode State Machine Thread - 0] WARN  statemachine.StateContext (StateContext.java:execute(621)) - No available thread in pool for past 1 seconds.
2021-09-16 19:34:50,782 [pool-901-thread-1] INFO  server.RaftServerConfigKeys (ConfUtils.java:logGet(44)) - raft.server.log.use.memory = false (default)
2021-09-16 19:34:50,782 [pool-901-thread-1] INFO  server.RaftServerConfigKeys (ConfUtils.java:logGet(44)) - raft.server.log.purge.gap = 1000000 (custom)
2021-09-16 19:34:50,782 [pool-901-thread-1] INFO  server.RaftServerConfigKeys (ConfUtils.java:logGet(44)) - raft.server.log.appender.buffer.byte-limit = 33554432 (custom)
2021-09-16 19:34:50,782 [pool-901-thread-1] INFO  server.RaftServerConfigKeys (ConfUtils.java:logGet(44)) - raft.server.log.segment.size.max = 1048576 (custom)
2021-09-16 19:34:50,783 [pool-901-thread-1] INFO  server.RaftServerConfigKeys (ConfUtils.java:logGet(44)) - raft.server.log.segment.cache.num.max = 2 (custom)
2021-09-16 19:34:50,783 [pool-901-thread-1] INFO  server.RaftServerConfigKeys (ConfUtils.java:logGet(44)) - raft.server.log.segment.cache.size.max = 200MB (=209715200) (default)
2021-09-16 19:34:50,783 [pool-901-thread-1] INFO  segmented.SegmentedRaftLogWorker (SegmentedRaftLogWorker.java:<init>(182)) - new 22678529-1571-490a-85b9-2142d4a575d8@group-39C371FD3A13-SegmentedRaftLogWorker for RaftStorageImpl:Storage Directory /home/runner/work/ozone/ozone/hadoop-ozone/integration-test/target/test-dir/MiniOzoneClusterImpl-4c5ee767-53d0-43e8-b9fb-bc60904004ee/datanode-6/data/ratis/0592299e-244b-4065-b6c9-39c371fd3a13
2021-09-16 19:34:50,783 [pool-901-thread-1] INFO  server.RaftServerConfigKeys (ConfUtils.java:logGet(44)) - raft.server.log.queue.byte-limit = 2147483647 (custom)
2021-09-16 19:34:50,783 [pool-901-thread-1] INFO  server.RaftServerConfigKeys (ConfUtils.java:logGet(44)) - raft.server.log.queue.element-limit = 1024 (custom)
2021-09-16 19:34:50,783 [pool-901-thread-1] INFO  server.RaftServerConfigKeys (ConfUtils.java:logGet(44)) - raft.server.log.segment.size.max = 1048576 (custom)
2021-09-16 19:34:50,783 [pool-901-thread-1] INFO  server.RaftServerConfigKeys (ConfUtils.java:logGet(44)) - raft.server.log.preallocated.size = 16384 (custom)
2021-09-16 19:34:50,783 [pool-901-thread-1] INFO  server.RaftServerConfigKeys (ConfUtils.java:logGet(44)) - raft.server.log.force.sync.num = 128 (default)
2021-09-16 19:34:50,783 [pool-901-thread-1] INFO  server.RaftServerConfigKeys (ConfUtils.java:logGet(44)) - raft.server.log.statemachine.data.sync = true (default)
2021-09-16 19:34:50,783 [pool-901-thread-1] INFO  server.RaftServerConfigKeys (ConfUtils.java:logGet(44)) - raft.server.log.statemachine.data.sync.timeout = 10s (default)
2021-09-16 19:34:50,783 [pool-901-thread-1] INFO  server.RaftServerConfigKeys (ConfUtils.java:logGet(44)) - raft.server.log.statemachine.data.sync.timeout.retry = -1 (default)
2021-09-16 19:34:50,785 [pool-901-thread-1] INFO  server.RaftServerConfigKeys (ConfUtils.java:logGet(44)) - raft.server.log.write.buffer.size = 1048576 (custom)
2021-09-16 19:34:50,785 [pool-901-thread-1] INFO  server.RaftServerConfigKeys (ConfUtils.java:logGet(44)) - raft.server.log.statemachine.data.caching.enabled = true (custom)
2021-09-16 19:34:50,785 [pool-901-thread-1] INFO  segmented.SegmentedRaftLogWorker (SegmentedRaftLogWorker.java:lambda$new$0(133)) - 22678529-1571-490a-85b9-2142d4a575d8@group-39C371FD3A13-SegmentedRaftLogWorker: flushIndex: setUnconditionally 0 -> -1
2021-09-16 19:34:50,785 [pool-901-thread-1] INFO  segmented.SegmentedRaftLogWorker (SegmentedRaftLogWorker.java:lambda$new$0(133)) - 22678529-1571-490a-85b9-2142d4a575d8@group-39C371FD3A13-SegmentedRaftLogWorker: safeCacheEvictIndex: setUnconditionally 0 -> -1
2021-09-16 19:34:50,785 [EventQueue-PipelineReportForPipelineReportHandler] INFO  pipeline.PipelineManagerImpl (PipelineManagerImpl.java:openPipeline(282)) - Pipeline Pipeline[ Id: 0592299e-244b-4065-b6c9-39c371fd3a13, Nodes: 22678529-1571-490a-85b9-2142d4a575d8{ip: 10.1.0.5, host: fv-az195-743.u3nnjwd0vyge1bu22idnsdeq2e.cx.internal.cloudapp.net, ports: [REPLICATION=38611, RATIS=32787, RATIS_ADMIN=32787, RATIS_SERVER=32787, STANDALONE=32881], networkLocation: /default-rack, certSerialId: null, persistedOpState: IN_SERVICE, persistedOpStateExpiryEpochSec: 0}, ReplicationConfig: RATIS/ONE, State:ALLOCATED, leaderId:22678529-1571-490a-85b9-2142d4a575d8, CreationTimestamp2021-09-16T19:34:47.694Z[Etc/UTC]] moved to OPEN state
2021-09-16 19:34:50,786 [EventQueue-OpenPipelineForHealthyPipelineSafeModeRule] INFO  safemode.SCMSafeModeManager (HealthyPipelineSafeModeRule.java:process(124)) - SCM in safe mode. Healthy pipelines reported count is 0, required healthy pipeline reported count is 1
2021-09-16 19:34:50,806 [pool-901-thread-1] INFO  server.RaftServerConfigKeys (ConfUtils.java:logGet(44)) - raft.server.snapshot.auto.trigger.enabled = true (custom)
2021-09-16 19:34:50,806 [pool-901-thread-1] INFO  server.RaftServerConfigKeys (ConfUtils.java:logGet(44)) - raft.server.snapshot.auto.trigger.threshold = 10000 (custom)
2021-09-16 19:34:50,806 [pool-901-thread-1] INFO  server.RaftServerConfigKeys (ConfUtils.java:logGet(44)) - raft.server.snapshot.retention.file.num = 5 (custom)
2021-09-16 19:34:50,806 [pool-901-thread-1] INFO  server.RaftServerConfigKeys (ConfUtils.java:logGet(44)) - raft.server.log.purge.upto.snapshot.index = false (default)
2021-09-16 19:34:50,806 [pool-901-thread-1] INFO  server.RaftServerConfigKeys (ConfUtils.java:logGet(44)) - raft.server.retrycache.expirytime = 600000ms (custom)
2021-09-16 19:34:50,806 [pool-901-thread-1] INFO  server.RaftServerConfigKeys (ConfUtils.java:logGet(44)) - raft.server.retrycache.statistics.expirytime = 100μs (default)
2021-09-16 19:34:50,808 [pool-901-thread-1] INFO  server.RaftServer$Division (RaftServerImpl.java:start(296)) - 22678529-1571-490a-85b9-2142d4a575d8@group-39C371FD3A13: start as a follower, conf=-1: [22678529-1571-490a-85b9-2142d4a575d8|rpc:10.1.0.5:32787|priority:1], old=null
2021-09-16 19:34:50,808 [pool-901-thread-1] INFO  server.RaftServer$Division (RaftServerImpl.java:setRole(285)) - 22678529-1571-490a-85b9-2142d4a575d8@group-39C371FD3A13: changes role from      null to FOLLOWER at term 0 for startAsFollower
2021-09-16 19:34:50,808 [pool-901-thread-1] INFO  impl.RoleInfo (RoleInfo.java:updateAndGet(130)) - 22678529-1571-490a-85b9-2142d4a575d8: start 22678529-1571-490a-85b9-2142d4a575d8@group-39C371FD3A13-FollowerState
2021-09-16 19:34:50,816 [pool-901-thread-1] INFO  util.JmxRegister (JmxRegister.java:tryRegister(44)) - Successfully registered JMX Bean with object name Ratis:service=RaftServer,group=group-39C371FD3A13,id=22678529-1571-490a-85b9-2142d4a575d8
2021-09-16 19:34:50,843 [Command processor thread] INFO  ratis.XceiverServerRatis (XceiverServerRatis.java:addGroup(762)) - Created group PipelineID=0592299e-244b-4065-b6c9-39c371fd3a13
2021-09-16 19:34:50,843 [Command processor thread] INFO  commandhandler.CreatePipelineCommandHandler (CreatePipelineCommandHandler.java:handle(106)) - Created Pipeline RATIS ONE PipelineID=0592299e-244b-4065-b6c9-39c371fd3a13.
2021-09-16 19:34:50,843 [Command processor thread] INFO  server.RaftServer (RaftServerProxy.java:addNew(95)) - 22678529-1571-490a-85b9-2142d4a575d8: addNew group-BBBDE90A5B3B:[d325862d-5d90-442e-bb25-5d4329348a89|rpc:10.1.0.5:42511|priority:0, 17c51919-b33f-4a5f-9a86-1e5ebe529257|rpc:10.1.0.5:40963|priority:1, 22678529-1571-490a-85b9-2142d4a575d8|rpc:10.1.0.5:32787|priority:0] returns group-BBBDE90A5B3B:java.util.concurrent.CompletableFuture@6db9b45b[Not completed]
2021-09-16 19:34:50,843 [pool-901-thread-1] INFO  server.RaftServer$Division (RaftServerImpl.java:<init>(181)) - 22678529-1571-490a-85b9-2142d4a575d8: new RaftServerImpl for group-BBBDE90A5B3B:[d325862d-5d90-442e-bb25-5d4329348a89|rpc:10.1.0.5:42511|priority:0, 17c51919-b33f-4a5f-9a86-1e5ebe529257|rpc:10.1.0.5:40963|priority:1, 22678529-1571-490a-85b9-2142d4a575d8|rpc:10.1.0.5:32787|priority:0] with ContainerStateMachine:uninitialized
2021-09-16 19:34:50,844 [pool-901-thread-1] INFO  server.RaftServerConfigKeys (ConfUtils.java:logGet(44)) - raft.server.rpc.timeout.min = 5s (custom)
2021-09-16 19:34:50,844 [pool-901-thread-1] INFO  server.RaftServerConfigKeys (ConfUtils.java:logGet(44)) - raft.server.rpc.timeout.max = 5200ms (custom)
2021-09-16 19:34:50,844 [pool-901-thread-1] INFO  server.RaftServerConfigKeys (ConfUtils.java:logGet(44)) - raft.server.rpc.sleep.time = 25ms (default)
2021-09-16 19:34:50,844 [pool-901-thread-1] INFO  server.RaftServerConfigKeys (ConfUtils.java:logGet(44)) - raft.server.rpc.slowness.timeout = 300000ms (custom)
2021-09-16 19:34:50,844 [pool-901-thread-1] INFO  server.RaftServerConfigKeys (ConfUtils.java:logGet(44)) - raft.server.leaderelection.leader.step-down.wait-time = 10s (default)
2021-09-16 19:34:50,844 [pool-901-thread-1] INFO  server.RaftServerConfigKeys (ConfUtils.java:logGet(44)) - raft.server.sleep.deviation.threshold = 300ms (default)
2021-09-16 19:34:50,844 [pool-901-thread-1] INFO  server.RaftServerConfigKeys (ConfUtils.java:logGet(44)) - raft.server.log.appender.install.snapshot.enabled = false (custom)
2021-09-16 19:34:50,844 [pool-901-thread-1] INFO  server.RaftServer$Division (ServerState.java:<init>(105)) - 22678529-1571-490a-85b9-2142d4a575d8@group-BBBDE90A5B3B: ConfigurationManager, init=-1: [d325862d-5d90-442e-bb25-5d4329348a89|rpc:10.1.0.5:42511|priority:0, 17c51919-b33f-4a5f-9a86-1e5ebe529257|rpc:10.1.0.5:40963|priority:1, 22678529-1571-490a-85b9-2142d4a575d8|rpc:10.1.0.5:32787|priority:0], old=null, confs=<EMPTY_MAP>
2021-09-16 19:34:50,844 [pool-901-thread-1] INFO  server.RaftServerConfigKeys (ConfUtils.java:logGet(44)) - raft.server.storage.dir = [/home/runner/work/ozone/ozone/hadoop-ozone/integration-test/target/test-dir/MiniOzoneClusterImpl-4c5ee767-53d0-43e8-b9fb-bc60904004ee/datanode-6/data/ratis] (custom)
2021-09-16 19:34:50,844 [pool-901-thread-1] INFO  server.RaftServerConfigKeys (ConfUtils.java:logGet(44)) - raft.server.log.corruption.policy = EXCEPTION (default)
2021-09-16 19:34:50,844 [pool-901-thread-1] INFO  server.RaftServerConfigKeys (ConfUtils.java:logGet(44)) - raft.server.storage.free-space.min = 0MB (=0) (default)
2021-09-16 19:34:50,844 [pool-901-thread-1] INFO  storage.RaftStorageDirectory (RaftStorageDirectoryImpl.java:analyzeStorage(135)) - The storage directory /home/runner/work/ozone/ozone/hadoop-ozone/integration-test/target/test-dir/MiniOzoneClusterImpl-4c5ee767-53d0-43e8-b9fb-bc60904004ee/datanode-6/data/ratis/00cfb056-a3a7-417d-aba7-bbbde90a5b3b does not exist. Creating ...
2021-09-16 19:34:50,846 [pool-901-thread-1] INFO  storage.RaftStorageDirectory (RaftStorageDirectoryImpl.java:tryLock(230)) - Lock on /home/runner/work/ozone/ozone/hadoop-ozone/integration-test/target/test-dir/MiniOzoneClusterImpl-4c5ee767-53d0-43e8-b9fb-bc60904004ee/datanode-6/data/ratis/00cfb056-a3a7-417d-aba7-bbbde90a5b3b/in_use.lock acquired by nodename 3243@fv-az195-743
2021-09-16 19:34:50,857 [pool-901-thread-1] INFO  storage.RaftStorage (RaftStorageImpl.java:format(89)) - Storage directory /home/runner/work/ozone/ozone/hadoop-ozone/integration-test/target/test-dir/MiniOzoneClusterImpl-4c5ee767-53d0-43e8-b9fb-bc60904004ee/datanode-6/data/ratis/00cfb056-a3a7-417d-aba7-bbbde90a5b3b has been successfully formatted.
2021-09-16 19:34:50,857 [Datanode State Machine Thread - 0] WARN  statemachine.StateContext (StateContext.java:execute(621)) - No available thread in pool for past 1 seconds.
2021-09-16 19:34:50,857 [pool-901-thread-1] INFO  ratis.ContainerStateMachine (ContainerStateMachine.java:loadSnapshot(224)) - group-BBBDE90A5B3B: The snapshot info is null. Setting the last applied indexto:(t:0, i:~)
2021-09-16 19:34:50,857 [pool-901-thread-1] INFO  server.RaftServerConfigKeys (ConfUtils.java:logGet(44)) - raft.server.notification.no-leader.timeout = 300000ms (custom)
2021-09-16 19:34:50,857 [pool-901-thread-1] INFO  server.RaftServerConfigKeys (ConfUtils.java:logGet(44)) - raft.server.log.use.memory = false (default)
2021-09-16 19:34:50,862 [EventQueue-OpenPipelineForHealthyPipelineSafeModeRule] INFO  safemode.SCMSafeModeManager (HealthyPipelineSafeModeRule.java:process(124)) - SCM in safe mode. Healthy pipelines reported count is 0, required healthy pipeline reported count is 1
2021-09-16 19:34:50,862 [pool-901-thread-1] INFO  server.RaftServerConfigKeys (ConfUtils.java:logGet(44)) - raft.server.log.purge.gap = 1000000 (custom)
2021-09-16 19:34:50,866 [pool-901-thread-1] INFO  server.RaftServerConfigKeys (ConfUtils.java:logGet(44)) - raft.server.log.appender.buffer.byte-limit = 33554432 (custom)
2021-09-16 19:34:50,866 [pool-901-thread-1] INFO  server.RaftServerConfigKeys (ConfUtils.java:logGet(44)) - raft.server.log.segment.size.max = 1048576 (custom)
2021-09-16 19:34:50,866 [pool-901-thread-1] INFO  server.RaftServerConfigKeys (ConfUtils.java:logGet(44)) - raft.server.log.segment.cache.num.max = 2 (custom)
2021-09-16 19:34:50,867 [pool-901-thread-1] INFO  server.RaftServerConfigKeys (ConfUtils.java:logGet(44)) - raft.server.log.segment.cache.size.max = 200MB (=209715200) (default)
2021-09-16 19:34:50,867 [pool-901-thread-1] INFO  segmented.SegmentedRaftLogWorker (SegmentedRaftLogWorker.java:<init>(182)) - new 22678529-1571-490a-85b9-2142d4a575d8@group-BBBDE90A5B3B-SegmentedRaftLogWorker for RaftStorageImpl:Storage Directory /home/runner/work/ozone/ozone/hadoop-ozone/integration-test/target/test-dir/MiniOzoneClusterImpl-4c5ee767-53d0-43e8-b9fb-bc60904004ee/datanode-6/data/ratis/00cfb056-a3a7-417d-aba7-bbbde90a5b3b
2021-09-16 19:34:50,867 [pool-901-thread-1] INFO  server.RaftServerConfigKeys (ConfUtils.java:logGet(44)) - raft.server.log.queue.byte-limit = 2147483647 (custom)
2021-09-16 19:34:50,867 [pool-901-thread-1] INFO  server.RaftServerConfigKeys (ConfUtils.java:logGet(44)) - raft.server.log.queue.element-limit = 1024 (custom)
2021-09-16 19:34:50,867 [pool-901-thread-1] INFO  server.RaftServerConfigKeys (ConfUtils.java:logGet(44)) - raft.server.log.segment.size.max = 1048576 (custom)
2021-09-16 19:34:50,867 [pool-901-thread-1] INFO  server.RaftServerConfigKeys (ConfUtils.java:logGet(44)) - raft.server.log.preallocated.size = 16384 (custom)
2021-09-16 19:34:50,867 [pool-901-thread-1] INFO  server.RaftServerConfigKeys (ConfUtils.java:logGet(44)) - raft.server.log.force.sync.num = 128 (default)
2021-09-16 19:34:50,867 [pool-901-thread-1] INFO  server.RaftServerConfigKeys (ConfUtils.java:logGet(44)) - raft.server.log.statemachine.data.sync = true (default)
2021-09-16 19:34:50,867 [pool-901-thread-1] INFO  server.RaftServerConfigKeys (ConfUtils.java:logGet(44)) - raft.server.log.statemachine.data.sync.timeout = 10s (default)
2021-09-16 19:34:50,867 [pool-901-thread-1] INFO  server.RaftServerConfigKeys (ConfUtils.java:logGet(44)) - raft.server.log.statemachine.data.sync.timeout.retry = -1 (default)
2021-09-16 19:34:50,869 [pool-901-thread-1] INFO  server.RaftServerConfigKeys (ConfUtils.java:logGet(44)) - raft.server.log.write.buffer.size = 1048576 (custom)
2021-09-16 19:34:50,870 [pool-901-thread-1] INFO  server.RaftServerConfigKeys (ConfUtils.java:logGet(44)) - raft.server.log.statemachine.data.caching.enabled = true (custom)
2021-09-16 19:34:50,874 [pool-901-thread-1] INFO  segmented.SegmentedRaftLogWorker (SegmentedRaftLogWorker.java:lambda$new$0(133)) - 22678529-1571-490a-85b9-2142d4a575d8@group-BBBDE90A5B3B-SegmentedRaftLogWorker: flushIndex: setUnconditionally 0 -> -1
2021-09-16 19:34:50,874 [pool-901-thread-1] INFO  segmented.SegmentedRaftLogWorker (SegmentedRaftLogWorker.java:lambda$new$0(133)) - 22678529-1571-490a-85b9-2142d4a575d8@group-BBBDE90A5B3B-SegmentedRaftLogWorker: safeCacheEvictIndex: setUnconditionally 0 -> -1
2021-09-16 19:34:50,922 [pool-901-thread-1] INFO  server.RaftServerConfigKeys (ConfUtils.java:logGet(44)) - raft.server.snapshot.auto.trigger.enabled = true (custom)
2021-09-16 19:34:50,922 [pool-901-thread-1] INFO  server.RaftServerConfigKeys (ConfUtils.java:logGet(44)) - raft.server.snapshot.auto.trigger.threshold = 10000 (custom)
2021-09-16 19:34:50,922 [pool-901-thread-1] INFO  server.RaftServerConfigKeys (ConfUtils.java:logGet(44)) - raft.server.snapshot.retention.file.num = 5 (custom)
2021-09-16 19:34:50,925 [pool-901-thread-1] INFO  server.RaftServerConfigKeys (ConfUtils.java:logGet(44)) - raft.server.log.purge.upto.snapshot.index = false (default)
2021-09-16 19:34:50,926 [pool-901-thread-1] INFO  server.RaftServerConfigKeys (ConfUtils.java:logGet(44)) - raft.server.retrycache.expirytime = 600000ms (custom)
2021-09-16 19:34:50,926 [pool-901-thread-1] INFO  server.RaftServerConfigKeys (ConfUtils.java:logGet(44)) - raft.server.retrycache.statistics.expirytime = 100μs (default)
2021-09-16 19:34:50,928 [pool-901-thread-1] INFO  server.RaftServer$Division (RaftServerImpl.java:start(296)) - 22678529-1571-490a-85b9-2142d4a575d8@group-BBBDE90A5B3B: start as a follower, conf=-1: [d325862d-5d90-442e-bb25-5d4329348a89|rpc:10.1.0.5:42511|priority:0, 17c51919-b33f-4a5f-9a86-1e5ebe529257|rpc:10.1.0.5:40963|priority:1, 22678529-1571-490a-85b9-2142d4a575d8|rpc:10.1.0.5:32787|priority:0], old=null
2021-09-16 19:34:50,928 [pool-901-thread-1] INFO  server.RaftServer$Division (RaftServerImpl.java:setRole(285)) - 22678529-1571-490a-85b9-2142d4a575d8@group-BBBDE90A5B3B: changes role from      null to FOLLOWER at term 0 for startAsFollower
2021-09-16 19:34:50,928 [pool-901-thread-1] INFO  impl.RoleInfo (RoleInfo.java:updateAndGet(130)) - 22678529-1571-490a-85b9-2142d4a575d8: start 22678529-1571-490a-85b9-2142d4a575d8@group-BBBDE90A5B3B-FollowerState
2021-09-16 19:34:50,934 [pool-901-thread-1] INFO  util.JmxRegister (JmxRegister.java:tryRegister(44)) - Successfully registered JMX Bean with object name Ratis:service=RaftServer,group=group-BBBDE90A5B3B,id=22678529-1571-490a-85b9-2142d4a575d8
2021-09-16 19:34:50,936 [Command processor thread] INFO  ratis.XceiverServerRatis (XceiverServerRatis.java:addGroup(762)) - Created group PipelineID=00cfb056-a3a7-417d-aba7-bbbde90a5b3b
2021-09-16 19:34:50,954 [grpc-default-executor-3] INFO  server.RaftServer (RaftServerProxy.java:addNew(95)) - 17c51919-b33f-4a5f-9a86-1e5ebe529257: addNew group-BBBDE90A5B3B:[d325862d-5d90-442e-bb25-5d4329348a89|rpc:10.1.0.5:42511|dataStream:|priority:0, 17c51919-b33f-4a5f-9a86-1e5ebe529257|rpc:10.1.0.5:40963|dataStream:|priority:1, 22678529-1571-490a-85b9-2142d4a575d8|rpc:10.1.0.5:32787|dataStream:|priority:0] returns group-BBBDE90A5B3B:java.util.concurrent.CompletableFuture@44e70d5c[Not completed]
2021-09-16 19:34:50,966 [67d2e683-5568-476c-afe3-e1175f298156@group-F5E9999AB343-FollowerState] INFO  impl.FollowerState (FollowerState.java:run(134)) - 67d2e683-5568-476c-afe3-e1175f298156@group-F5E9999AB343-FollowerState: change to CANDIDATE, lastRpcElapsedTime:5073359831ns, electionTimeout:5061ms
2021-09-16 19:34:50,966 [67d2e683-5568-476c-afe3-e1175f298156@group-F5E9999AB343-FollowerState] INFO  impl.RoleInfo (RoleInfo.java:shutdownFollowerState(108)) - 67d2e683-5568-476c-afe3-e1175f298156: shutdown 67d2e683-5568-476c-afe3-e1175f298156@group-F5E9999AB343-FollowerState
2021-09-16 19:34:50,966 [67d2e683-5568-476c-afe3-e1175f298156@group-F5E9999AB343-FollowerState] INFO  server.RaftServer$Division (RaftServerImpl.java:setRole(285)) - 67d2e683-5568-476c-afe3-e1175f298156@group-F5E9999AB343: changes role from  FOLLOWER to CANDIDATE at term 0 for changeToCandidate
2021-09-16 19:34:50,968 [67d2e683-5568-476c-afe3-e1175f298156@group-F5E9999AB343-FollowerState] INFO  server.RaftServerConfigKeys (ConfUtils.java:logGet(44)) - raft.server.leaderelection.pre-vote = false (custom)
2021-09-16 19:34:50,968 [67d2e683-5568-476c-afe3-e1175f298156@group-F5E9999AB343-FollowerState] INFO  impl.RoleInfo (RoleInfo.java:updateAndGet(130)) - 67d2e683-5568-476c-afe3-e1175f298156: start 67d2e683-5568-476c-afe3-e1175f298156@group-F5E9999AB343-LeaderElection84
2021-09-16 19:34:50,994 [pool-939-thread-1] INFO  server.RaftServer$Division (RaftServerImpl.java:<init>(181)) - 17c51919-b33f-4a5f-9a86-1e5ebe529257: new RaftServerImpl for group-BBBDE90A5B3B:[d325862d-5d90-442e-bb25-5d4329348a89|rpc:10.1.0.5:42511|dataStream:|priority:0, 17c51919-b33f-4a5f-9a86-1e5ebe529257|rpc:10.1.0.5:40963|dataStream:|priority:1, 22678529-1571-490a-85b9-2142d4a575d8|rpc:10.1.0.5:32787|dataStream:|priority:0] with ContainerStateMachine:uninitialized
2021-09-16 19:34:50,998 [pool-939-thread-1] INFO  server.RaftServerConfigKeys (ConfUtils.java:logGet(44)) - raft.server.rpc.timeout.min = 5s (custom)
2021-09-16 19:34:50,998 [pool-939-thread-1] INFO  server.RaftServerConfigKeys (ConfUtils.java:logGet(44)) - raft.server.rpc.timeout.max = 5200ms (custom)
2021-09-16 19:34:50,998 [pool-939-thread-1] INFO  server.RaftServerConfigKeys (ConfUtils.java:logGet(44)) - raft.server.rpc.sleep.time = 25ms (default)
2021-09-16 19:34:50,998 [pool-939-thread-1] INFO  server.RaftServerConfigKeys (ConfUtils.java:logGet(44)) - raft.server.rpc.slowness.timeout = 300000ms (custom)
2021-09-16 19:34:50,998 [pool-939-thread-1] INFO  server.RaftServerConfigKeys (ConfUtils.java:logGet(44)) - raft.server.leaderelection.leader.step-down.wait-time = 10s (default)
2021-09-16 19:34:50,998 [pool-939-thread-1] INFO  server.RaftServerConfigKeys (ConfUtils.java:logGet(44)) - raft.server.sleep.deviation.threshold = 300ms (default)
2021-09-16 19:34:50,999 [pool-939-thread-1] INFO  server.RaftServerConfigKeys (ConfUtils.java:logGet(44)) - raft.server.log.appender.install.snapshot.enabled = false (custom)
2021-09-16 19:34:50,999 [pool-939-thread-1] INFO  server.RaftServer$Division (ServerState.java:<init>(105)) - 17c51919-b33f-4a5f-9a86-1e5ebe529257@group-BBBDE90A5B3B: ConfigurationManager, init=-1: [d325862d-5d90-442e-bb25-5d4329348a89|rpc:10.1.0.5:42511|dataStream:|priority:0, 17c51919-b33f-4a5f-9a86-1e5ebe529257|rpc:10.1.0.5:40963|dataStream:|priority:1, 22678529-1571-490a-85b9-2142d4a575d8|rpc:10.1.0.5:32787|dataStream:|priority:0], old=null, confs=<EMPTY_MAP>
2021-09-16 19:34:50,999 [pool-939-thread-1] INFO  server.RaftServerConfigKeys (ConfUtils.java:logGet(44)) - raft.server.storage.dir = [/home/runner/work/ozone/ozone/hadoop-ozone/integration-test/target/test-dir/MiniOzoneClusterImpl-4c5ee767-53d0-43e8-b9fb-bc60904004ee/datanode-8/data/ratis] (custom)
2021-09-16 19:34:50,999 [pool-939-thread-1] INFO  server.RaftServerConfigKeys (ConfUtils.java:logGet(44)) - raft.server.log.corruption.policy = EXCEPTION (default)
2021-09-16 19:34:50,999 [pool-939-thread-1] INFO  server.RaftServerConfigKeys (ConfUtils.java:logGet(44)) - raft.server.storage.free-space.min = 0MB (=0) (default)
2021-09-16 19:34:50,999 [pool-939-thread-1] INFO  storage.RaftStorageDirectory (RaftStorageDirectoryImpl.java:analyzeStorage(135)) - The storage directory /home/runner/work/ozone/ozone/hadoop-ozone/integration-test/target/test-dir/MiniOzoneClusterImpl-4c5ee767-53d0-43e8-b9fb-bc60904004ee/datanode-8/data/ratis/00cfb056-a3a7-417d-aba7-bbbde90a5b3b does not exist. Creating ...
2021-09-16 19:34:51,000 [67d2e683-5568-476c-afe3-e1175f298156@group-F5E9999AB343-LeaderElection84] INFO  impl.LeaderElection (LeaderElection.java:askForVotes(306)) - 67d2e683-5568-476c-afe3-e1175f298156@group-F5E9999AB343-LeaderElection84 ELECTION round 0: submit vote requests at term 1 for -1: [67d2e683-5568-476c-afe3-e1175f298156|rpc:10.1.0.5:44345|priority:1], old=null
2021-09-16 19:34:51,000 [67d2e683-5568-476c-afe3-e1175f298156@group-F5E9999AB343-LeaderElection84] INFO  impl.LeaderElection (LeaderElection.java:askForVotes(308)) - 67d2e683-5568-476c-afe3-e1175f298156@group-F5E9999AB343-LeaderElection84 ELECTION round 0: result PASSED (term=1)
2021-09-16 19:34:51,001 [67d2e683-5568-476c-afe3-e1175f298156@group-F5E9999AB343-LeaderElection84] INFO  impl.RoleInfo (RoleInfo.java:shutdownLeaderElection(121)) - 67d2e683-5568-476c-afe3-e1175f298156: shutdown 67d2e683-5568-476c-afe3-e1175f298156@group-F5E9999AB343-LeaderElection84
2021-09-16 19:34:51,001 [67d2e683-5568-476c-afe3-e1175f298156@group-F5E9999AB343-LeaderElection84] INFO  server.RaftServer$Division (RaftServerImpl.java:setRole(285)) - 67d2e683-5568-476c-afe3-e1175f298156@group-F5E9999AB343: changes role from CANDIDATE to LEADER at term 1 for changeToLeader
2021-09-16 19:34:51,001 [67d2e683-5568-476c-afe3-e1175f298156@group-F5E9999AB343-LeaderElection84] INFO  ratis.XceiverServerRatis (XceiverServerRatis.java:handleLeaderChangedNotification(860)) - Leader change notification received for group: group-F5E9999AB343 with new leaderId: 67d2e683-5568-476c-afe3-e1175f298156
2021-09-16 19:34:51,001 [67d2e683-5568-476c-afe3-e1175f298156@group-F5E9999AB343-LeaderElection84] INFO  server.RaftServer$Division (ServerState.java:setLeader(285)) - 67d2e683-5568-476c-afe3-e1175f298156@group-F5E9999AB343: change Leader from null to 67d2e683-5568-476c-afe3-e1175f298156 at term 1 for becomeLeader, leader elected after 5197ms
2021-09-16 19:34:51,001 [67d2e683-5568-476c-afe3-e1175f298156@group-F5E9999AB343-LeaderElection84] INFO  server.RaftServerConfigKeys (ConfUtils.java:logGet(44)) - raft.server.staging.catchup.gap = 1000 (default)
2021-09-16 19:34:51,001 [Datanode State Machine Thread - 0] WARN  statemachine.StateContext (StateContext.java:execute(621)) - No available thread in pool for past 1 seconds.
2021-09-16 19:34:51,001 [67d2e683-5568-476c-afe3-e1175f298156@group-F5E9999AB343-LeaderElection84] INFO  server.RaftServerConfigKeys (ConfUtils.java:logGet(44)) - raft.server.write.element-limit = 1024 (custom)
2021-09-16 19:34:51,001 [67d2e683-5568-476c-afe3-e1175f298156@group-F5E9999AB343-LeaderElection84] INFO  server.RaftServerConfigKeys (ConfUtils.java:logGet(44)) - raft.server.write.byte-limit = 1024 M (=1073741824) (custom)
2021-09-16 19:34:51,002 [EventQueue-OpenPipelineForHealthyPipelineSafeModeRule] INFO  safemode.SCMSafeModeManager (HealthyPipelineSafeModeRule.java:process(124)) - SCM in safe mode. Healthy pipelines reported count is 0, required healthy pipeline reported count is 1
2021-09-16 19:34:51,002 [67d2e683-5568-476c-afe3-e1175f298156@group-F5E9999AB343-LeaderElection84] INFO  server.RaftServerConfigKeys (ConfUtils.java:logGet(44)) - raft.server.watch.timeout = 3000ms (custom)
2021-09-16 19:34:51,002 [67d2e683-5568-476c-afe3-e1175f298156@group-F5E9999AB343-LeaderElection84] INFO  server.RaftServerConfigKeys (ConfUtils.java:logGet(44)) - raft.server.watch.timeout.denomination = 1s (default)
2021-09-16 19:34:51,002 [67d2e683-5568-476c-afe3-e1175f298156@group-F5E9999AB343-LeaderElection84] INFO  server.RaftServerConfigKeys (ConfUtils.java:logGet(44)) - raft.server.watch.element-limit = 65536 (default)
2021-09-16 19:34:51,003 [67d2e683-5568-476c-afe3-e1175f298156@group-F5E9999AB343-LeaderElection84] INFO  impl.RoleInfo (RoleInfo.java:updateAndGet(130)) - 67d2e683-5568-476c-afe3-e1175f298156: start 67d2e683-5568-476c-afe3-e1175f298156@group-F5E9999AB343-LeaderStateImpl
2021-09-16 19:34:51,002 [pool-939-thread-1] INFO  storage.RaftStorageDirectory (RaftStorageDirectoryImpl.java:tryLock(230)) - Lock on /home/runner/work/ozone/ozone/hadoop-ozone/integration-test/target/test-dir/MiniOzoneClusterImpl-4c5ee767-53d0-43e8-b9fb-bc60904004ee/datanode-8/data/ratis/00cfb056-a3a7-417d-aba7-bbbde90a5b3b/in_use.lock acquired by nodename 3243@fv-az195-743
2021-09-16 19:34:51,004 [67d2e683-5568-476c-afe3-e1175f298156@group-F5E9999AB343-LeaderElection84] INFO  segmented.SegmentedRaftLogWorker (SegmentedRaftLogWorker.java:startLogSegment(394)) - 67d2e683-5568-476c-afe3-e1175f298156@group-F5E9999AB343-SegmentedRaftLogWorker: Starting segment from index:0
2021-09-16 19:34:51,006 [pool-939-thread-1] INFO  storage.RaftStorage (RaftStorageImpl.java:format(89)) - Storage directory /home/runner/work/ozone/ozone/hadoop-ozone/integration-test/target/test-dir/MiniOzoneClusterImpl-4c5ee767-53d0-43e8-b9fb-bc60904004ee/datanode-8/data/ratis/00cfb056-a3a7-417d-aba7-bbbde90a5b3b has been successfully formatted.
2021-09-16 19:34:51,006 [67d2e683-5568-476c-afe3-e1175f298156@group-F5E9999AB343-SegmentedRaftLogWorker] INFO  segmented.SegmentedRaftLogWorker (SegmentedRaftLogWorker.java:execute(601)) - 67d2e683-5568-476c-afe3-e1175f298156@group-F5E9999AB343-SegmentedRaftLogWorker: created new log segment /home/runner/work/ozone/ozone/hadoop-ozone/integration-test/target/test-dir/MiniOzoneClusterImpl-4c5ee767-53d0-43e8-b9fb-bc60904004ee/datanode-0/data/ratis/ee66ac76-522d-41ac-9582-f5e9999ab343/current/log_inprogress_0
2021-09-16 19:34:51,010 [67d2e683-5568-476c-afe3-e1175f298156@group-F5E9999AB343-LeaderElection84] INFO  server.RaftServer$Division (ServerState.java:setRaftConf(387)) - 67d2e683-5568-476c-afe3-e1175f298156@group-F5E9999AB343: set configuration 0: [67d2e683-5568-476c-afe3-e1175f298156|rpc:10.1.0.5:44345|dataStream:|priority:1], old=null
2021-09-16 19:34:51,042 [pool-939-thread-1] INFO  ratis.ContainerStateMachine (ContainerStateMachine.java:loadSnapshot(224)) - group-BBBDE90A5B3B: The snapshot info is null. Setting the last applied indexto:(t:0, i:~)
2021-09-16 19:34:51,060 [pool-939-thread-1] INFO  server.RaftServerConfigKeys (ConfUtils.java:logGet(44)) - raft.server.notification.no-leader.timeout = 300000ms (custom)
2021-09-16 19:34:51,060 [pool-939-thread-1] INFO  server.RaftServerConfigKeys (ConfUtils.java:logGet(44)) - raft.server.log.use.memory = false (default)
2021-09-16 19:34:51,060 [pool-939-thread-1] INFO  server.RaftServerConfigKeys (ConfUtils.java:logGet(44)) - raft.server.log.purge.gap = 1000000 (custom)
2021-09-16 19:34:51,060 [pool-939-thread-1] INFO  server.RaftServerConfigKeys (ConfUtils.java:logGet(44)) - raft.server.log.appender.buffer.byte-limit = 33554432 (custom)
2021-09-16 19:34:51,060 [pool-939-thread-1] INFO  server.RaftServerConfigKeys (ConfUtils.java:logGet(44)) - raft.server.log.segment.size.max = 1048576 (custom)
2021-09-16 19:34:51,061 [pool-939-thread-1] INFO  server.RaftServerConfigKeys (ConfUtils.java:logGet(44)) - raft.server.log.segment.cache.num.max = 2 (custom)
2021-09-16 19:34:51,061 [pool-939-thread-1] INFO  server.RaftServerConfigKeys (ConfUtils.java:logGet(44)) - raft.server.log.segment.cache.size.max = 200MB (=209715200) (default)
2021-09-16 19:34:51,061 [pool-939-thread-1] INFO  segmented.SegmentedRaftLogWorker (SegmentedRaftLogWorker.java:<init>(182)) - new 17c51919-b33f-4a5f-9a86-1e5ebe529257@group-BBBDE90A5B3B-SegmentedRaftLogWorker for RaftStorageImpl:Storage Directory /home/runner/work/ozone/ozone/hadoop-ozone/integration-test/target/test-dir/MiniOzoneClusterImpl-4c5ee767-53d0-43e8-b9fb-bc60904004ee/datanode-8/data/ratis/00cfb056-a3a7-417d-aba7-bbbde90a5b3b
2021-09-16 19:34:51,061 [pool-939-thread-1] INFO  server.RaftServerConfigKeys (ConfUtils.java:logGet(44)) - raft.server.log.queue.byte-limit = 2147483647 (custom)
2021-09-16 19:34:51,061 [pool-939-thread-1] INFO  server.RaftServerConfigKeys (ConfUtils.java:logGet(44)) - raft.server.log.queue.element-limit = 1024 (custom)
2021-09-16 19:34:51,061 [pool-939-thread-1] INFO  server.RaftServerConfigKeys (ConfUtils.java:logGet(44)) - raft.server.log.segment.size.max = 1048576 (custom)
2021-09-16 19:34:51,061 [pool-939-thread-1] INFO  server.RaftServerConfigKeys (ConfUtils.java:logGet(44)) - raft.server.log.preallocated.size = 16384 (custom)
2021-09-16 19:34:51,061 [pool-939-thread-1] INFO  server.RaftServerConfigKeys (ConfUtils.java:logGet(44)) - raft.server.log.force.sync.num = 128 (default)
2021-09-16 19:34:51,061 [pool-939-thread-1] INFO  server.RaftServerConfigKeys (ConfUtils.java:logGet(44)) - raft.server.log.statemachine.data.sync = true (default)
2021-09-16 19:34:51,061 [pool-939-thread-1] INFO  server.RaftServerConfigKeys (ConfUtils.java:logGet(44)) - raft.server.log.statemachine.data.sync.timeout = 10s (default)
2021-09-16 19:34:51,061 [pool-939-thread-1] INFO  server.RaftServerConfigKeys (ConfUtils.java:logGet(44)) - raft.server.log.statemachine.data.sync.timeout.retry = -1 (default)
2021-09-16 19:34:51,062 [Datanode State Machine Thread - 0] WARN  statemachine.StateContext (StateContext.java:execute(621)) - No available thread in pool for past 1 seconds.
2021-09-16 19:34:51,062 [67d2e683-5568-476c-afe3-e1175f298156@group-1B930CD1D13F-FollowerState] INFO  impl.FollowerState (FollowerState.java:run(134)) - 67d2e683-5568-476c-afe3-e1175f298156@group-1B930CD1D13F-FollowerState: change to CANDIDATE, lastRpcElapsedTime:5082156795ns, electionTimeout:5044ms
2021-09-16 19:34:51,118 [67d2e683-5568-476c-afe3-e1175f298156@group-1B930CD1D13F-FollowerState] INFO  impl.RoleInfo (RoleInfo.java:shutdownFollowerState(108)) - 67d2e683-5568-476c-afe3-e1175f298156: shutdown 67d2e683-5568-476c-afe3-e1175f298156@group-1B930CD1D13F-FollowerState
2021-09-16 19:34:51,119 [67d2e683-5568-476c-afe3-e1175f298156@group-1B930CD1D13F-FollowerState] INFO  server.RaftServer$Division (RaftServerImpl.java:setRole(285)) - 67d2e683-5568-476c-afe3-e1175f298156@group-1B930CD1D13F: changes role from  FOLLOWER to CANDIDATE at term 0 for changeToCandidate
2021-09-16 19:34:51,119 [67d2e683-5568-476c-afe3-e1175f298156@group-1B930CD1D13F-FollowerState] INFO  server.RaftServerConfigKeys (ConfUtils.java:logGet(44)) - raft.server.leaderelection.pre-vote = false (custom)
2021-09-16 19:34:51,119 [67d2e683-5568-476c-afe3-e1175f298156@group-1B930CD1D13F-FollowerState] INFO  impl.RoleInfo (RoleInfo.java:updateAndGet(130)) - 67d2e683-5568-476c-afe3-e1175f298156: start 67d2e683-5568-476c-afe3-e1175f298156@group-1B930CD1D13F-LeaderElection85
2021-09-16 19:34:51,121 [pool-939-thread-1] INFO  server.RaftServerConfigKeys (ConfUtils.java:logGet(44)) - raft.server.log.write.buffer.size = 1048576 (custom)
2021-09-16 19:34:51,122 [pool-939-thread-1] INFO  server.RaftServerConfigKeys (ConfUtils.java:logGet(44)) - raft.server.log.statemachine.data.caching.enabled = true (custom)
2021-09-16 19:34:51,126 [pool-939-thread-1] INFO  segmented.SegmentedRaftLogWorker (SegmentedRaftLogWorker.java:lambda$new$0(133)) - 17c51919-b33f-4a5f-9a86-1e5ebe529257@group-BBBDE90A5B3B-SegmentedRaftLogWorker: flushIndex: setUnconditionally 0 -> -1
2021-09-16 19:34:51,126 [pool-939-thread-1] INFO  segmented.SegmentedRaftLogWorker (SegmentedRaftLogWorker.java:lambda$new$0(133)) - 17c51919-b33f-4a5f-9a86-1e5ebe529257@group-BBBDE90A5B3B-SegmentedRaftLogWorker: safeCacheEvictIndex: setUnconditionally 0 -> -1
2021-09-16 19:34:51,148 [39314213-52f4-4d5f-8765-d5d2e351be65@group-1B930CD1D13F-FollowerState] INFO  impl.FollowerState (FollowerState.java:run(134)) - 39314213-52f4-4d5f-8765-d5d2e351be65@group-1B930CD1D13F-FollowerState: change to CANDIDATE, lastRpcElapsedTime:5035932204ns, electionTimeout:5027ms
2021-09-16 19:34:51,148 [39314213-52f4-4d5f-8765-d5d2e351be65@group-1B930CD1D13F-FollowerState] INFO  impl.RoleInfo (RoleInfo.java:shutdownFollowerState(108)) - 39314213-52f4-4d5f-8765-d5d2e351be65: shutdown 39314213-52f4-4d5f-8765-d5d2e351be65@group-1B930CD1D13F-FollowerState
2021-09-16 19:34:51,148 [39314213-52f4-4d5f-8765-d5d2e351be65@group-1B930CD1D13F-FollowerState] INFO  server.RaftServer$Division (RaftServerImpl.java:setRole(285)) - 39314213-52f4-4d5f-8765-d5d2e351be65@group-1B930CD1D13F: changes role from  FOLLOWER to CANDIDATE at term 0 for changeToCandidate
2021-09-16 19:34:51,167 [pool-939-thread-1] INFO  server.RaftServerConfigKeys (ConfUtils.java:logGet(44)) - raft.server.snapshot.auto.trigger.enabled = true (custom)
2021-09-16 19:34:51,167 [pool-939-thread-1] INFO  server.RaftServerConfigKeys (ConfUtils.java:logGet(44)) - raft.server.snapshot.auto.trigger.threshold = 10000 (custom)
2021-09-16 19:34:51,167 [pool-939-thread-1] INFO  server.RaftServerConfigKeys (ConfUtils.java:logGet(44)) - raft.server.snapshot.retention.file.num = 5 (custom)
2021-09-16 19:34:51,167 [pool-939-thread-1] INFO  server.RaftServerConfigKeys (ConfUtils.java:logGet(44)) - raft.server.log.purge.upto.snapshot.index = false (default)
2021-09-16 19:34:51,167 [pool-939-thread-1] INFO  server.RaftServerConfigKeys (ConfUtils.java:logGet(44)) - raft.server.retrycache.expirytime = 600000ms (custom)
2021-09-16 19:34:51,167 [pool-939-thread-1] INFO  server.RaftServerConfigKeys (ConfUtils.java:logGet(44)) - raft.server.retrycache.statistics.expirytime = 100μs (default)
2021-09-16 19:34:51,169 [pool-939-thread-1] INFO  server.RaftServer$Division (RaftServerImpl.java:start(296)) - 17c51919-b33f-4a5f-9a86-1e5ebe529257@group-BBBDE90A5B3B: start as a follower, conf=-1: [d325862d-5d90-442e-bb25-5d4329348a89|rpc:10.1.0.5:42511|dataStream:|priority:0, 17c51919-b33f-4a5f-9a86-1e5ebe529257|rpc:10.1.0.5:40963|dataStream:|priority:1, 22678529-1571-490a-85b9-2142d4a575d8|rpc:10.1.0.5:32787|dataStream:|priority:0], old=null
2021-09-16 19:34:51,170 [pool-939-thread-1] INFO  server.RaftServer$Division (RaftServerImpl.java:setRole(285)) - 17c51919-b33f-4a5f-9a86-1e5ebe529257@group-BBBDE90A5B3B: changes role from      null to FOLLOWER at term 0 for startAsFollower
2021-09-16 19:34:51,170 [pool-939-thread-1] INFO  impl.RoleInfo (RoleInfo.java:updateAndGet(130)) - 17c51919-b33f-4a5f-9a86-1e5ebe529257: start 17c51919-b33f-4a5f-9a86-1e5ebe529257@group-BBBDE90A5B3B-FollowerState
2021-09-16 19:34:51,174 [pool-939-thread-1] INFO  util.JmxRegister (JmxRegister.java:tryRegister(44)) - Successfully registered JMX Bean with object name Ratis:service=RaftServer,group=group-BBBDE90A5B3B,id=17c51919-b33f-4a5f-9a86-1e5ebe529257
2021-09-16 19:34:51,183 [39314213-52f4-4d5f-8765-d5d2e351be65@group-1B930CD1D13F-FollowerState] INFO  server.RaftServerConfigKeys (ConfUtils.java:logGet(44)) - raft.server.leaderelection.pre-vote = false (custom)
2021-09-16 19:34:51,234 [39314213-52f4-4d5f-8765-d5d2e351be65@group-1B930CD1D13F-FollowerState] INFO  impl.RoleInfo (RoleInfo.java:updateAndGet(130)) - 39314213-52f4-4d5f-8765-d5d2e351be65: start 39314213-52f4-4d5f-8765-d5d2e351be65@group-1B930CD1D13F-LeaderElection86
2021-09-16 19:34:51,235 [67d2e683-5568-476c-afe3-e1175f298156@group-1B930CD1D13F-LeaderElection85] INFO  impl.LeaderElection (LeaderElection.java:askForVotes(306)) - 67d2e683-5568-476c-afe3-e1175f298156@group-1B930CD1D13F-LeaderElection85 ELECTION round 0: submit vote requests at term 1 for -1: [39314213-52f4-4d5f-8765-d5d2e351be65|rpc:10.1.0.5:40299|priority:0, 67d2e683-5568-476c-afe3-e1175f298156|rpc:10.1.0.5:44345|priority:0, 63deab9d-b01f-425d-a78d-558263b66f1b|rpc:10.1.0.5:40589|priority:1], old=null
2021-09-16 19:34:51,245 [Listener at 127.0.0.1/43789] INFO  ozone.MiniOzoneClusterImpl (MiniOzoneClusterImpl.java:lambda$waitForClusterToBeReady$0(235)) - Nodes are ready. Got 9 of 9 DN Heartbeats.
2021-09-16 19:34:51,245 [Listener at 127.0.0.1/43789] INFO  ozone.MiniOzoneClusterImpl (MiniOzoneClusterImpl.java:lambda$waitForClusterToBeReady$0(238)) - Waiting for cluster to exit safe mode
2021-09-16 19:34:51,245 [Listener at 127.0.0.1/43789] INFO  ozone.MiniOzoneClusterImpl (MiniOzoneClusterImpl.java:lambda$waitForClusterToBeReady$0(240)) - SCM became leader
2021-09-16 19:34:51,285 [39314213-52f4-4d5f-8765-d5d2e351be65@group-1B930CD1D13F-LeaderElection86] INFO  impl.LeaderElection (LeaderElection.java:askForVotes(306)) - 39314213-52f4-4d5f-8765-d5d2e351be65@group-1B930CD1D13F-LeaderElection86 ELECTION round 0: submit vote requests at term 1 for -1: [39314213-52f4-4d5f-8765-d5d2e351be65|rpc:10.1.0.5:40299|dataStream:|priority:0, 67d2e683-5568-476c-afe3-e1175f298156|rpc:10.1.0.5:44345|dataStream:|priority:0, 63deab9d-b01f-425d-a78d-558263b66f1b|rpc:10.1.0.5:40589|dataStream:|priority:1], old=null
2021-09-16 19:34:51,327 [Command processor thread] INFO  server.RaftServer (RaftServerProxy.java:addNew(95)) - d325862d-5d90-442e-bb25-5d4329348a89: addNew group-4AD9E37C4DEC:[d325862d-5d90-442e-bb25-5d4329348a89|rpc:10.1.0.5:42511|priority:1] returns group-4AD9E37C4DEC:java.util.concurrent.CompletableFuture@30c06ed2[Not completed]
2021-09-16 19:34:51,328 [grpc-default-executor-3] INFO  server.RaftServer$Division (RaftServerImpl.java:requestVote(1043)) - 63deab9d-b01f-425d-a78d-558263b66f1b@group-1B930CD1D13F: receive requestVote(ELECTION, 67d2e683-5568-476c-afe3-e1175f298156, group-1B930CD1D13F, 1, (t:0, i:0))
2021-09-16 19:34:51,328 [grpc-default-executor-3] INFO  impl.VoteContext (VoteContext.java:log(48)) - 63deab9d-b01f-425d-a78d-558263b66f1b@group-1B930CD1D13F-FOLLOWER: reject ELECTION from 67d2e683-5568-476c-afe3-e1175f298156: our priority 1 > candidate's priority 0
2021-09-16 19:34:51,329 [grpc-default-executor-3] INFO  server.RaftServer$Division (RaftServerImpl.java:setRole(285)) - 63deab9d-b01f-425d-a78d-558263b66f1b@group-1B930CD1D13F: changes role from  FOLLOWER to FOLLOWER at term 1 for candidate:67d2e683-5568-476c-afe3-e1175f298156
2021-09-16 19:34:51,329 [grpc-default-executor-3] INFO  impl.RoleInfo (RoleInfo.java:shutdownFollowerState(108)) - 63deab9d-b01f-425d-a78d-558263b66f1b: shutdown 63deab9d-b01f-425d-a78d-558263b66f1b@group-1B930CD1D13F-FollowerState
2021-09-16 19:34:51,330 [pool-920-thread-1] INFO  server.RaftServer$Division (RaftServerImpl.java:<init>(181)) - d325862d-5d90-442e-bb25-5d4329348a89: new RaftServerImpl for group-4AD9E37C4DEC:[d325862d-5d90-442e-bb25-5d4329348a89|rpc:10.1.0.5:42511|priority:1] with ContainerStateMachine:uninitialized
2021-09-16 19:34:51,330 [pool-920-thread-1] INFO  server.RaftServerConfigKeys (ConfUtils.java:logGet(44)) - raft.server.rpc.timeout.min = 5s (custom)
2021-09-16 19:34:51,330 [pool-920-thread-1] INFO  server.RaftServerConfigKeys (ConfUtils.java:logGet(44)) - raft.server.rpc.timeout.max = 5200ms (custom)
2021-09-16 19:34:51,330 [pool-920-thread-1] INFO  server.RaftServerConfigKeys (ConfUtils.java:logGet(44)) - raft.server.rpc.sleep.time = 25ms (default)
2021-09-16 19:34:51,330 [pool-920-thread-1] INFO  server.RaftServerConfigKeys (ConfUtils.java:logGet(44)) - raft.server.rpc.slowness.timeout = 300000ms (custom)
2021-09-16 19:34:51,330 [pool-920-thread-1] INFO  server.RaftServerConfigKeys (ConfUtils.java:logGet(44)) - raft.server.leaderelection.leader.step-down.wait-time = 10s (default)
2021-09-16 19:34:51,330 [pool-920-thread-1] INFO  server.RaftServerConfigKeys (ConfUtils.java:logGet(44)) - raft.server.sleep.deviation.threshold = 300ms (default)
2021-09-16 19:34:51,330 [pool-920-thread-1] INFO  server.RaftServerConfigKeys (ConfUtils.java:logGet(44)) - raft.server.log.appender.install.snapshot.enabled = false (custom)
2021-09-16 19:34:51,330 [pool-920-thread-1] INFO  server.RaftServer$Division (ServerState.java:<init>(105)) - d325862d-5d90-442e-bb25-5d4329348a89@group-4AD9E37C4DEC: ConfigurationManager, init=-1: [d325862d-5d90-442e-bb25-5d4329348a89|rpc:10.1.0.5:42511|priority:1], old=null, confs=<EMPTY_MAP>
2021-09-16 19:34:51,330 [pool-920-thread-1] INFO  server.RaftServerConfigKeys (ConfUtils.java:logGet(44)) - raft.server.storage.dir = [/home/runner/work/ozone/ozone/hadoop-ozone/integration-test/target/test-dir/MiniOzoneClusterImpl-4c5ee767-53d0-43e8-b9fb-bc60904004ee/datanode-7/data/ratis] (custom)
2021-09-16 19:34:51,331 [pool-920-thread-1] INFO  server.RaftServerConfigKeys (ConfUtils.java:logGet(44)) - raft.server.log.corruption.policy = EXCEPTION (default)
2021-09-16 19:34:51,331 [pool-920-thread-1] INFO  server.RaftServerConfigKeys (ConfUtils.java:logGet(44)) - raft.server.storage.free-space.min = 0MB (=0) (default)
2021-09-16 19:34:51,331 [pool-920-thread-1] INFO  storage.RaftStorageDirectory (RaftStorageDirectoryImpl.java:analyzeStorage(135)) - The storage directory /home/runner/work/ozone/ozone/hadoop-ozone/integration-test/target/test-dir/MiniOzoneClusterImpl-4c5ee767-53d0-43e8-b9fb-bc60904004ee/datanode-7/data/ratis/32d0e225-7eab-4482-b324-4ad9e37c4dec does not exist. Creating ...
2021-09-16 19:34:51,332 [pool-920-thread-1] INFO  storage.RaftStorageDirectory (RaftStorageDirectoryImpl.java:tryLock(230)) - Lock on /home/runner/work/ozone/ozone/hadoop-ozone/integration-test/target/test-dir/MiniOzoneClusterImpl-4c5ee767-53d0-43e8-b9fb-bc60904004ee/datanode-7/data/ratis/32d0e225-7eab-4482-b324-4ad9e37c4dec/in_use.lock acquired by nodename 3243@fv-az195-743
2021-09-16 19:34:51,333 [grpc-default-executor-5] INFO  server.RaftServer$Division (RaftServerImpl.java:requestVote(1043)) - 39314213-52f4-4d5f-8765-d5d2e351be65@group-1B930CD1D13F: receive requestVote(ELECTION, 67d2e683-5568-476c-afe3-e1175f298156, group-1B930CD1D13F, 1, (t:0, i:0))
2021-09-16 19:34:51,333 [grpc-default-executor-5] INFO  impl.VoteContext (VoteContext.java:log(48)) - 39314213-52f4-4d5f-8765-d5d2e351be65@group-1B930CD1D13F-CANDIDATE: reject ELECTION from 67d2e683-5568-476c-afe3-e1175f298156: already has voted for 39314213-52f4-4d5f-8765-d5d2e351be65 at current term 1
2021-09-16 19:34:51,333 [grpc-default-executor-5] INFO  server.RaftServer$Division (RaftServerImpl.java:requestVote(1075)) - 39314213-52f4-4d5f-8765-d5d2e351be65@group-1B930CD1D13F replies to ELECTION vote request: 67d2e683-5568-476c-afe3-e1175f298156<-39314213-52f4-4d5f-8765-d5d2e351be65#0:FAIL-t1. Peer's state: 39314213-52f4-4d5f-8765-d5d2e351be65@group-1B930CD1D13F:t1, leader=null, voted=39314213-52f4-4d5f-8765-d5d2e351be65, raftlog=39314213-52f4-4d5f-8765-d5d2e351be65@group-1B930CD1D13F-SegmentedRaftLog:OPENED:c-1,f-1,i0, conf=-1: [39314213-52f4-4d5f-8765-d5d2e351be65|rpc:10.1.0.5:40299|dataStream:|priority:0, 67d2e683-5568-476c-afe3-e1175f298156|rpc:10.1.0.5:44345|dataStream:|priority:0, 63deab9d-b01f-425d-a78d-558263b66f1b|rpc:10.1.0.5:40589|dataStream:|priority:1], old=null
2021-09-16 19:34:51,351 [pool-920-thread-1] INFO  storage.RaftStorage (RaftStorageImpl.java:format(89)) - Storage directory /home/runner/work/ozone/ozone/hadoop-ozone/integration-test/target/test-dir/MiniOzoneClusterImpl-4c5ee767-53d0-43e8-b9fb-bc60904004ee/datanode-7/data/ratis/32d0e225-7eab-4482-b324-4ad9e37c4dec has been successfully formatted.
2021-09-16 19:34:51,409 [63deab9d-b01f-425d-a78d-558263b66f1b@group-FA79C1AD13DC-FollowerState] INFO  impl.FollowerState (FollowerState.java:run(134)) - 63deab9d-b01f-425d-a78d-558263b66f1b@group-FA79C1AD13DC-FollowerState: change to CANDIDATE, lastRpcElapsedTime:5206448099ns, electionTimeout:5185ms
2021-09-16 19:34:51,409 [63deab9d-b01f-425d-a78d-558263b66f1b@group-FA79C1AD13DC-FollowerState] INFO  impl.RoleInfo (RoleInfo.java:shutdownFollowerState(108)) - 63deab9d-b01f-425d-a78d-558263b66f1b: shutdown 63deab9d-b01f-425d-a78d-558263b66f1b@group-FA79C1AD13DC-FollowerState
2021-09-16 19:34:51,409 [63deab9d-b01f-425d-a78d-558263b66f1b@group-FA79C1AD13DC-FollowerState] INFO  server.RaftServer$Division (RaftServerImpl.java:setRole(285)) - 63deab9d-b01f-425d-a78d-558263b66f1b@group-FA79C1AD13DC: changes role from  FOLLOWER to CANDIDATE at term 0 for changeToCandidate
2021-09-16 19:34:51,417 [grpc-default-executor-3] INFO  impl.RoleInfo (RoleInfo.java:updateAndGet(130)) - 63deab9d-b01f-425d-a78d-558263b66f1b: start 63deab9d-b01f-425d-a78d-558263b66f1b@group-1B930CD1D13F-FollowerState
2021-09-16 19:34:51,417 [63deab9d-b01f-425d-a78d-558263b66f1b@group-1B930CD1D13F-FollowerState] INFO  impl.FollowerState (FollowerState.java:run(143)) - 63deab9d-b01f-425d-a78d-558263b66f1b@group-1B930CD1D13F-FollowerState was interrupted: {}
java.lang.InterruptedException: sleep interrupted
	at java.lang.Thread.sleep(Native Method)
	at java.lang.Thread.sleep(Thread.java:340)
	at java.util.concurrent.TimeUnit.sleep(TimeUnit.java:386)
	at org.apache.ratis.util.TimeDuration.sleep(TimeDuration.java:324)
	at org.apache.ratis.util.TimeDuration.sleep(TimeDuration.java:309)
	at org.apache.ratis.server.impl.FollowerState.run(FollowerState.java:118)
2021-09-16 19:34:51,418 [63deab9d-b01f-425d-a78d-558263b66f1b@group-FA79C1AD13DC-FollowerState] INFO  server.RaftServerConfigKeys (ConfUtils.java:logGet(44)) - raft.server.leaderelection.pre-vote = false (custom)
2021-09-16 19:34:51,418 [63deab9d-b01f-425d-a78d-558263b66f1b@group-FA79C1AD13DC-FollowerState] INFO  impl.RoleInfo (RoleInfo.java:updateAndGet(130)) - 63deab9d-b01f-425d-a78d-558263b66f1b: start 63deab9d-b01f-425d-a78d-558263b66f1b@group-FA79C1AD13DC-LeaderElection87
2021-09-16 19:34:51,438 [grpc-default-executor-3] INFO  server.RaftServer$Division (RaftServerImpl.java:requestVote(1075)) - 63deab9d-b01f-425d-a78d-558263b66f1b@group-1B930CD1D13F replies to ELECTION vote request: 67d2e683-5568-476c-afe3-e1175f298156<-63deab9d-b01f-425d-a78d-558263b66f1b#0:FAIL-t1. Peer's state: 63deab9d-b01f-425d-a78d-558263b66f1b@group-1B930CD1D13F:t1, leader=null, voted=null, raftlog=63deab9d-b01f-425d-a78d-558263b66f1b@group-1B930CD1D13F-SegmentedRaftLog:OPENED:c-1,f-1,i0, conf=-1: [39314213-52f4-4d5f-8765-d5d2e351be65|rpc:10.1.0.5:40299|priority:0, 67d2e683-5568-476c-afe3-e1175f298156|rpc:10.1.0.5:44345|priority:0, 63deab9d-b01f-425d-a78d-558263b66f1b|rpc:10.1.0.5:40589|priority:1], old=null
2021-09-16 19:34:51,470 [pool-920-thread-1] INFO  ratis.ContainerStateMachine (ContainerStateMachine.java:loadSnapshot(224)) - group-4AD9E37C4DEC: The snapshot info is null. Setting the last applied indexto:(t:0, i:~)
2021-09-16 19:34:51,470 [pool-920-thread-1] INFO  server.RaftServerConfigKeys (ConfUtils.java:logGet(44)) - raft.server.notification.no-leader.timeout = 300000ms (custom)
2021-09-16 19:34:51,470 [pool-920-thread-1] INFO  server.RaftServerConfigKeys (ConfUtils.java:logGet(44)) - raft.server.log.use.memory = false (default)
2021-09-16 19:34:51,470 [pool-920-thread-1] INFO  server.RaftServerConfigKeys (ConfUtils.java:logGet(44)) - raft.server.log.purge.gap = 1000000 (custom)
2021-09-16 19:34:51,470 [pool-920-thread-1] INFO  server.RaftServerConfigKeys (ConfUtils.java:logGet(44)) - raft.server.log.appender.buffer.byte-limit = 33554432 (custom)
2021-09-16 19:34:51,470 [pool-920-thread-1] INFO  server.RaftServerConfigKeys (ConfUtils.java:logGet(44)) - raft.server.log.segment.size.max = 1048576 (custom)
2021-09-16 19:34:51,471 [pool-920-thread-1] INFO  server.RaftServerConfigKeys (ConfUtils.java:logGet(44)) - raft.server.log.segment.cache.num.max = 2 (custom)
2021-09-16 19:34:51,471 [pool-920-thread-1] INFO  server.RaftServerConfigKeys (ConfUtils.java:logGet(44)) - raft.server.log.segment.cache.size.max = 200MB (=209715200) (default)
2021-09-16 19:34:51,471 [pool-920-thread-1] INFO  segmented.SegmentedRaftLogWorker (SegmentedRaftLogWorker.java:<init>(182)) - new d325862d-5d90-442e-bb25-5d4329348a89@group-4AD9E37C4DEC-SegmentedRaftLogWorker for RaftStorageImpl:Storage Directory /home/runner/work/ozone/ozone/hadoop-ozone/integration-test/target/test-dir/MiniOzoneClusterImpl-4c5ee767-53d0-43e8-b9fb-bc60904004ee/datanode-7/data/ratis/32d0e225-7eab-4482-b324-4ad9e37c4dec
2021-09-16 19:34:51,471 [pool-920-thread-1] INFO  server.RaftServerConfigKeys (ConfUtils.java:logGet(44)) - raft.server.log.queue.byte-limit = 2147483647 (custom)
2021-09-16 19:34:51,471 [pool-920-thread-1] INFO  server.RaftServerConfigKeys (ConfUtils.java:logGet(44)) - raft.server.log.queue.element-limit = 1024 (custom)
2021-09-16 19:34:51,471 [pool-920-thread-1] INFO  server.RaftServerConfigKeys (ConfUtils.java:logGet(44)) - raft.server.log.segment.size.max = 1048576 (custom)
2021-09-16 19:34:51,471 [pool-920-thread-1] INFO  server.RaftServerConfigKeys (ConfUtils.java:logGet(44)) - raft.server.log.preallocated.size = 16384 (custom)
2021-09-16 19:34:51,471 [pool-920-thread-1] INFO  server.RaftServerConfigKeys (ConfUtils.java:logGet(44)) - raft.server.log.force.sync.num = 128 (default)
2021-09-16 19:34:51,471 [pool-920-thread-1] INFO  server.RaftServerConfigKeys (ConfUtils.java:logGet(44)) - raft.server.log.statemachine.data.sync = true (default)
2021-09-16 19:34:51,471 [pool-920-thread-1] INFO  server.RaftServerConfigKeys (ConfUtils.java:logGet(44)) - raft.server.log.statemachine.data.sync.timeout = 10s (default)
2021-09-16 19:34:51,471 [pool-920-thread-1] INFO  server.RaftServerConfigKeys (ConfUtils.java:logGet(44)) - raft.server.log.statemachine.data.sync.timeout.retry = -1 (default)
2021-09-16 19:34:51,473 [pool-920-thread-1] INFO  server.RaftServerConfigKeys (ConfUtils.java:logGet(44)) - raft.server.log.write.buffer.size = 1048576 (custom)
2021-09-16 19:34:51,474 [Datanode State Machine Thread - 0] WARN  statemachine.StateContext (StateContext.java:execute(621)) - No available thread in pool for past 1 seconds.
2021-09-16 19:34:51,476 [EventQueue-PipelineReportForPipelineReportHandler] INFO  pipeline.PipelineManagerImpl (PipelineManagerImpl.java:openPipeline(282)) - Pipeline Pipeline[ Id: 32d0e225-7eab-4482-b324-4ad9e37c4dec, Nodes: d325862d-5d90-442e-bb25-5d4329348a89{ip: 10.1.0.5, host: fv-az195-743.u3nnjwd0vyge1bu22idnsdeq2e.cx.internal.cloudapp.net, ports: [REPLICATION=37769, RATIS=42511, RATIS_ADMIN=42511, RATIS_SERVER=42511, STANDALONE=34693], networkLocation: /default-rack, certSerialId: null, persistedOpState: IN_SERVICE, persistedOpStateExpiryEpochSec: 0}, ReplicationConfig: RATIS/ONE, State:ALLOCATED, leaderId:d325862d-5d90-442e-bb25-5d4329348a89, CreationTimestamp2021-09-16T19:34:48.318Z[Etc/UTC]] moved to OPEN state
2021-09-16 19:34:51,509 [EventQueue-OpenPipelineForHealthyPipelineSafeModeRule] INFO  safemode.SCMSafeModeManager (HealthyPipelineSafeModeRule.java:process(124)) - SCM in safe mode. Healthy pipelines reported count is 0, required healthy pipeline reported count is 1
2021-09-16 19:34:51,514 [pool-920-thread-1] INFO  server.RaftServerConfigKeys (ConfUtils.java:logGet(44)) - raft.server.log.statemachine.data.caching.enabled = true (custom)
2021-09-16 19:34:51,514 [pool-920-thread-1] INFO  segmented.SegmentedRaftLogWorker (SegmentedRaftLogWorker.java:lambda$new$0(133)) - d325862d-5d90-442e-bb25-5d4329348a89@group-4AD9E37C4DEC-SegmentedRaftLogWorker: flushIndex: setUnconditionally 0 -> -1
2021-09-16 19:34:51,514 [pool-920-thread-1] INFO  segmented.SegmentedRaftLogWorker (SegmentedRaftLogWorker.java:lambda$new$0(133)) - d325862d-5d90-442e-bb25-5d4329348a89@group-4AD9E37C4DEC-SegmentedRaftLogWorker: safeCacheEvictIndex: setUnconditionally 0 -> -1
2021-09-16 19:34:51,533 [pool-920-thread-1] INFO  server.RaftServerConfigKeys (ConfUtils.java:logGet(44)) - raft.server.snapshot.auto.trigger.enabled = true (custom)
2021-09-16 19:34:51,533 [pool-920-thread-1] INFO  server.RaftServerConfigKeys (ConfUtils.java:logGet(44)) - raft.server.snapshot.auto.trigger.threshold = 10000 (custom)
2021-09-16 19:34:51,533 [pool-920-thread-1] INFO  server.RaftServerConfigKeys (ConfUtils.java:logGet(44)) - raft.server.snapshot.retention.file.num = 5 (custom)
2021-09-16 19:34:51,533 [pool-920-thread-1] INFO  server.RaftServerConfigKeys (ConfUtils.java:logGet(44)) - raft.server.log.purge.upto.snapshot.index = false (default)
2021-09-16 19:34:51,533 [pool-920-thread-1] INFO  server.RaftServerConfigKeys (ConfUtils.java:logGet(44)) - raft.server.retrycache.expirytime = 600000ms (custom)
2021-09-16 19:34:51,533 [pool-920-thread-1] INFO  server.RaftServerConfigKeys (ConfUtils.java:logGet(44)) - raft.server.retrycache.statistics.expirytime = 100μs (default)
2021-09-16 19:34:51,535 [pool-920-thread-1] INFO  server.RaftServer$Division (RaftServerImpl.java:start(296)) - d325862d-5d90-442e-bb25-5d4329348a89@group-4AD9E37C4DEC: start as a follower, conf=-1: [d325862d-5d90-442e-bb25-5d4329348a89|rpc:10.1.0.5:42511|priority:1], old=null
2021-09-16 19:34:51,535 [pool-920-thread-1] INFO  server.RaftServer$Division (RaftServerImpl.java:setRole(285)) - d325862d-5d90-442e-bb25-5d4329348a89@group-4AD9E37C4DEC: changes role from      null to FOLLOWER at term 0 for startAsFollower
2021-09-16 19:34:51,535 [pool-920-thread-1] INFO  impl.RoleInfo (RoleInfo.java:updateAndGet(130)) - d325862d-5d90-442e-bb25-5d4329348a89: start d325862d-5d90-442e-bb25-5d4329348a89@group-4AD9E37C4DEC-FollowerState
2021-09-16 19:34:51,542 [pool-920-thread-1] INFO  util.JmxRegister (JmxRegister.java:tryRegister(44)) - Successfully registered JMX Bean with object name Ratis:service=RaftServer,group=group-4AD9E37C4DEC,id=d325862d-5d90-442e-bb25-5d4329348a89
2021-09-16 19:34:51,546 [67d2e683-5568-476c-afe3-e1175f298156@group-1B930CD1D13F-LeaderElection85] INFO  impl.LeaderElection (LeaderElection.java:logAndReturn(89)) - 67d2e683-5568-476c-afe3-e1175f298156@group-1B930CD1D13F-LeaderElection85: ELECTION REJECTED received 1 response(s) and 0 exception(s):
2021-09-16 19:34:51,546 [67d2e683-5568-476c-afe3-e1175f298156@group-1B930CD1D13F-LeaderElection85] INFO  impl.LeaderElection (LeaderElection.java:logAndReturn(93)) -   Response 0: 67d2e683-5568-476c-afe3-e1175f298156<-63deab9d-b01f-425d-a78d-558263b66f1b#0:FAIL-t1
2021-09-16 19:34:51,546 [67d2e683-5568-476c-afe3-e1175f298156@group-1B930CD1D13F-LeaderElection85] INFO  impl.LeaderElection (LeaderElection.java:askForVotes(308)) - 67d2e683-5568-476c-afe3-e1175f298156@group-1B930CD1D13F-LeaderElection85 ELECTION round 0: result REJECTED
2021-09-16 19:34:51,546 [67d2e683-5568-476c-afe3-e1175f298156@group-1B930CD1D13F-LeaderElection85] INFO  server.RaftServer$Division (RaftServerImpl.java:setRole(285)) - 67d2e683-5568-476c-afe3-e1175f298156@group-1B930CD1D13F: changes role from CANDIDATE to FOLLOWER at term 1 for REJECTED
2021-09-16 19:34:51,546 [67d2e683-5568-476c-afe3-e1175f298156@group-1B930CD1D13F-LeaderElection85] INFO  impl.RoleInfo (RoleInfo.java:shutdownLeaderElection(121)) - 67d2e683-5568-476c-afe3-e1175f298156: shutdown 67d2e683-5568-476c-afe3-e1175f298156@group-1B930CD1D13F-LeaderElection85
2021-09-16 19:34:51,546 [67d2e683-5568-476c-afe3-e1175f298156@group-1B930CD1D13F-LeaderElection85] INFO  impl.RoleInfo (RoleInfo.java:updateAndGet(130)) - 67d2e683-5568-476c-afe3-e1175f298156: start 67d2e683-5568-476c-afe3-e1175f298156@group-1B930CD1D13F-FollowerState
2021-09-16 19:34:51,555 [grpc-default-executor-3] INFO  server.RaftServer (RaftServerProxy.java:addNew(95)) - d325862d-5d90-442e-bb25-5d4329348a89: addNew group-BBBDE90A5B3B:[d325862d-5d90-442e-bb25-5d4329348a89|rpc:10.1.0.5:42511|dataStream:|priority:0, 17c51919-b33f-4a5f-9a86-1e5ebe529257|rpc:10.1.0.5:40963|dataStream:|priority:1, 22678529-1571-490a-85b9-2142d4a575d8|rpc:10.1.0.5:32787|dataStream:|priority:0] returns group-BBBDE90A5B3B:java.util.concurrent.CompletableFuture@58a398e7[Not completed]
2021-09-16 19:34:51,557 [grpc-default-executor-3] INFO  server.RaftServer$Division (RaftServerImpl.java:requestVote(1043)) - 63deab9d-b01f-425d-a78d-558263b66f1b@group-1B930CD1D13F: receive requestVote(ELECTION, 39314213-52f4-4d5f-8765-d5d2e351be65, group-1B930CD1D13F, 1, (t:0, i:0))
2021-09-16 19:34:51,557 [grpc-default-executor-3] INFO  impl.VoteContext (VoteContext.java:log(48)) - 63deab9d-b01f-425d-a78d-558263b66f1b@group-1B930CD1D13F-FOLLOWER: reject ELECTION from 39314213-52f4-4d5f-8765-d5d2e351be65: our priority 1 > candidate's priority 0
2021-09-16 19:34:51,557 [grpc-default-executor-3] INFO  server.RaftServer$Division (RaftServerImpl.java:setRole(285)) - 63deab9d-b01f-425d-a78d-558263b66f1b@group-1B930CD1D13F: changes role from  FOLLOWER to FOLLOWER at term 1 for candidate:39314213-52f4-4d5f-8765-d5d2e351be65
2021-09-16 19:34:51,557 [grpc-default-executor-3] INFO  impl.RoleInfo (RoleInfo.java:shutdownFollowerState(108)) - 63deab9d-b01f-425d-a78d-558263b66f1b: shutdown 63deab9d-b01f-425d-a78d-558263b66f1b@group-1B930CD1D13F-FollowerState
2021-09-16 19:34:51,557 [grpc-default-executor-3] INFO  impl.RoleInfo (RoleInfo.java:updateAndGet(130)) - 63deab9d-b01f-425d-a78d-558263b66f1b: start 63deab9d-b01f-425d-a78d-558263b66f1b@group-1B930CD1D13F-FollowerState
2021-09-16 19:34:51,557 [63deab9d-b01f-425d-a78d-558263b66f1b@group-1B930CD1D13F-FollowerState] INFO  impl.FollowerState (FollowerState.java:run(143)) - 63deab9d-b01f-425d-a78d-558263b66f1b@group-1B930CD1D13F-FollowerState was interrupted: {}
java.lang.InterruptedException: sleep interrupted
	at java.lang.Thread.sleep(Native Method)
	at java.lang.Thread.sleep(Thread.java:340)
	at java.util.concurrent.TimeUnit.sleep(TimeUnit.java:386)
	at org.apache.ratis.util.TimeDuration.sleep(TimeDuration.java:324)
	at org.apache.ratis.util.TimeDuration.sleep(TimeDuration.java:309)
	at org.apache.ratis.server.impl.FollowerState.run(FollowerState.java:118)
2021-09-16 19:34:51,569 [grpc-default-executor-3] INFO  server.RaftServer$Division (RaftServerImpl.java:requestVote(1075)) - 63deab9d-b01f-425d-a78d-558263b66f1b@group-1B930CD1D13F replies to ELECTION vote request: 39314213-52f4-4d5f-8765-d5d2e351be65<-63deab9d-b01f-425d-a78d-558263b66f1b#0:FAIL-t1. Peer's state: 63deab9d-b01f-425d-a78d-558263b66f1b@group-1B930CD1D13F:t1, leader=null, voted=null, raftlog=63deab9d-b01f-425d-a78d-558263b66f1b@group-1B930CD1D13F-SegmentedRaftLog:OPENED:c-1,f-1,i0, conf=-1: [39314213-52f4-4d5f-8765-d5d2e351be65|rpc:10.1.0.5:40299|priority:0, 67d2e683-5568-476c-afe3-e1175f298156|rpc:10.1.0.5:44345|priority:0, 63deab9d-b01f-425d-a78d-558263b66f1b|rpc:10.1.0.5:40589|priority:1], old=null
2021-09-16 19:34:51,573 [Command processor thread] INFO  ratis.XceiverServerRatis (XceiverServerRatis.java:addGroup(762)) - Created group PipelineID=32d0e225-7eab-4482-b324-4ad9e37c4dec
2021-09-16 19:34:51,573 [Command processor thread] INFO  commandhandler.CreatePipelineCommandHandler (CreatePipelineCommandHandler.java:handle(106)) - Created Pipeline RATIS ONE PipelineID=32d0e225-7eab-4482-b324-4ad9e37c4dec.
2021-09-16 19:34:51,574 [pool-920-thread-1] INFO  server.RaftServer$Division (RaftServerImpl.java:<init>(181)) - d325862d-5d90-442e-bb25-5d4329348a89: new RaftServerImpl for group-BBBDE90A5B3B:[d325862d-5d90-442e-bb25-5d4329348a89|rpc:10.1.0.5:42511|dataStream:|priority:0, 17c51919-b33f-4a5f-9a86-1e5ebe529257|rpc:10.1.0.5:40963|dataStream:|priority:1, 22678529-1571-490a-85b9-2142d4a575d8|rpc:10.1.0.5:32787|dataStream:|priority:0] with ContainerStateMachine:uninitialized
2021-09-16 19:34:51,574 [pool-920-thread-1] INFO  server.RaftServerConfigKeys (ConfUtils.java:logGet(44)) - raft.server.rpc.timeout.min = 5s (custom)
2021-09-16 19:34:51,574 [pool-920-thread-1] INFO  server.RaftServerConfigKeys (ConfUtils.java:logGet(44)) - raft.server.rpc.timeout.max = 5200ms (custom)
2021-09-16 19:34:51,574 [pool-920-thread-1] INFO  server.RaftServerConfigKeys (ConfUtils.java:logGet(44)) - raft.server.rpc.sleep.time = 25ms (default)
2021-09-16 19:34:51,574 [pool-920-thread-1] INFO  server.RaftServerConfigKeys (ConfUtils.java:logGet(44)) - raft.server.rpc.slowness.timeout = 300000ms (custom)
2021-09-16 19:34:51,574 [pool-920-thread-1] INFO  server.RaftServerConfigKeys (ConfUtils.java:logGet(44)) - raft.server.leaderelection.leader.step-down.wait-time = 10s (default)
2021-09-16 19:34:51,574 [pool-920-thread-1] INFO  server.RaftServerConfigKeys (ConfUtils.java:logGet(44)) - raft.server.sleep.deviation.threshold = 300ms (default)
2021-09-16 19:34:51,574 [pool-920-thread-1] INFO  server.RaftServerConfigKeys (ConfUtils.java:logGet(44)) - raft.server.log.appender.install.snapshot.enabled = false (custom)
2021-09-16 19:34:51,574 [pool-920-thread-1] INFO  server.RaftServer$Division (ServerState.java:<init>(105)) - d325862d-5d90-442e-bb25-5d4329348a89@group-BBBDE90A5B3B: ConfigurationManager, init=-1: [d325862d-5d90-442e-bb25-5d4329348a89|rpc:10.1.0.5:42511|dataStream:|priority:0, 17c51919-b33f-4a5f-9a86-1e5ebe529257|rpc:10.1.0.5:40963|dataStream:|priority:1, 22678529-1571-490a-85b9-2142d4a575d8|rpc:10.1.0.5:32787|dataStream:|priority:0], old=null, confs=<EMPTY_MAP>
2021-09-16 19:34:51,574 [pool-920-thread-1] INFO  server.RaftServerConfigKeys (ConfUtils.java:logGet(44)) - raft.server.storage.dir = [/home/runner/work/ozone/ozone/hadoop-ozone/integration-test/target/test-dir/MiniOzoneClusterImpl-4c5ee767-53d0-43e8-b9fb-bc60904004ee/datanode-7/data/ratis] (custom)
2021-09-16 19:34:51,574 [pool-920-thread-1] INFO  server.RaftServerConfigKeys (ConfUtils.java:logGet(44)) - raft.server.log.corruption.policy = EXCEPTION (default)
2021-09-16 19:34:51,574 [pool-920-thread-1] INFO  server.RaftServerConfigKeys (ConfUtils.java:logGet(44)) - raft.server.storage.free-space.min = 0MB (=0) (default)
2021-09-16 19:34:51,575 [pool-920-thread-1] INFO  storage.RaftStorageDirectory (RaftStorageDirectoryImpl.java:analyzeStorage(135)) - The storage directory /home/runner/work/ozone/ozone/hadoop-ozone/integration-test/target/test-dir/MiniOzoneClusterImpl-4c5ee767-53d0-43e8-b9fb-bc60904004ee/datanode-7/data/ratis/00cfb056-a3a7-417d-aba7-bbbde90a5b3b does not exist. Creating ...
2021-09-16 19:34:51,575 [pool-920-thread-1] INFO  storage.RaftStorageDirectory (RaftStorageDirectoryImpl.java:tryLock(230)) - Lock on /home/runner/work/ozone/ozone/hadoop-ozone/integration-test/target/test-dir/MiniOzoneClusterImpl-4c5ee767-53d0-43e8-b9fb-bc60904004ee/datanode-7/data/ratis/00cfb056-a3a7-417d-aba7-bbbde90a5b3b/in_use.lock acquired by nodename 3243@fv-az195-743
2021-09-16 19:34:51,576 [pool-920-thread-1] INFO  storage.RaftStorage (RaftStorageImpl.java:format(89)) - Storage directory /home/runner/work/ozone/ozone/hadoop-ozone/integration-test/target/test-dir/MiniOzoneClusterImpl-4c5ee767-53d0-43e8-b9fb-bc60904004ee/datanode-7/data/ratis/00cfb056-a3a7-417d-aba7-bbbde90a5b3b has been successfully formatted.
2021-09-16 19:34:51,577 [pool-920-thread-1] INFO  ratis.ContainerStateMachine (ContainerStateMachine.java:loadSnapshot(224)) - group-BBBDE90A5B3B: The snapshot info is null. Setting the last applied indexto:(t:0, i:~)
2021-09-16 19:34:51,577 [63deab9d-b01f-425d-a78d-558263b66f1b@group-FA79C1AD13DC-LeaderElection87] INFO  impl.LeaderElection (LeaderElection.java:askForVotes(306)) - 63deab9d-b01f-425d-a78d-558263b66f1b@group-FA79C1AD13DC-LeaderElection87 ELECTION round 0: submit vote requests at term 1 for -1: [63deab9d-b01f-425d-a78d-558263b66f1b|rpc:10.1.0.5:40589|priority:1], old=null
2021-09-16 19:34:51,577 [pool-920-thread-1] INFO  server.RaftServerConfigKeys (ConfUtils.java:logGet(44)) - raft.server.notification.no-leader.timeout = 300000ms (custom)
2021-09-16 19:34:51,577 [63deab9d-b01f-425d-a78d-558263b66f1b@group-FA79C1AD13DC-LeaderElection87] INFO  impl.LeaderElection (LeaderElection.java:askForVotes(308)) - 63deab9d-b01f-425d-a78d-558263b66f1b@group-FA79C1AD13DC-LeaderElection87 ELECTION round 0: result PASSED (term=1)
2021-09-16 19:34:51,577 [63deab9d-b01f-425d-a78d-558263b66f1b@group-FA79C1AD13DC-LeaderElection87] INFO  impl.RoleInfo (RoleInfo.java:shutdownLeaderElection(121)) - 63deab9d-b01f-425d-a78d-558263b66f1b: shutdown 63deab9d-b01f-425d-a78d-558263b66f1b@group-FA79C1AD13DC-LeaderElection87
2021-09-16 19:34:51,577 [63deab9d-b01f-425d-a78d-558263b66f1b@group-FA79C1AD13DC-LeaderElection87] INFO  server.RaftServer$Division (RaftServerImpl.java:setRole(285)) - 63deab9d-b01f-425d-a78d-558263b66f1b@group-FA79C1AD13DC: changes role from CANDIDATE to LEADER at term 1 for changeToLeader
2021-09-16 19:34:51,577 [63deab9d-b01f-425d-a78d-558263b66f1b@group-FA79C1AD13DC-LeaderElection87] INFO  ratis.XceiverServerRatis (XceiverServerRatis.java:handleLeaderChangedNotification(860)) - Leader change notification received for group: group-FA79C1AD13DC with new leaderId: 63deab9d-b01f-425d-a78d-558263b66f1b
2021-09-16 19:34:51,577 [63deab9d-b01f-425d-a78d-558263b66f1b@group-FA79C1AD13DC-LeaderElection87] INFO  server.RaftServer$Division (ServerState.java:setLeader(285)) - 63deab9d-b01f-425d-a78d-558263b66f1b@group-FA79C1AD13DC: change Leader from null to 63deab9d-b01f-425d-a78d-558263b66f1b at term 1 for becomeLeader, leader elected after 5397ms
2021-09-16 19:34:51,577 [63deab9d-b01f-425d-a78d-558263b66f1b@group-FA79C1AD13DC-LeaderElection87] INFO  server.RaftServerConfigKeys (ConfUtils.java:logGet(44)) - raft.server.staging.catchup.gap = 1000 (default)
2021-09-16 19:34:51,578 [63deab9d-b01f-425d-a78d-558263b66f1b@group-FA79C1AD13DC-LeaderElection87] INFO  server.RaftServerConfigKeys (ConfUtils.java:logGet(44)) - raft.server.write.element-limit = 1024 (custom)
2021-09-16 19:34:51,578 [63deab9d-b01f-425d-a78d-558263b66f1b@group-FA79C1AD13DC-LeaderElection87] INFO  server.RaftServerConfigKeys (ConfUtils.java:logGet(44)) - raft.server.write.byte-limit = 1024 M (=1073741824) (custom)
2021-09-16 19:34:51,578 [63deab9d-b01f-425d-a78d-558263b66f1b@group-FA79C1AD13DC-LeaderElection87] INFO  server.RaftServerConfigKeys (ConfUtils.java:logGet(44)) - raft.server.watch.timeout = 3000ms (custom)
2021-09-16 19:34:51,578 [63deab9d-b01f-425d-a78d-558263b66f1b@group-FA79C1AD13DC-LeaderElection87] INFO  server.RaftServerConfigKeys (ConfUtils.java:logGet(44)) - raft.server.watch.timeout.denomination = 1s (default)
2021-09-16 19:34:51,578 [63deab9d-b01f-425d-a78d-558263b66f1b@group-FA79C1AD13DC-LeaderElection87] INFO  server.RaftServerConfigKeys (ConfUtils.java:logGet(44)) - raft.server.watch.element-limit = 65536 (default)
2021-09-16 19:34:51,578 [63deab9d-b01f-425d-a78d-558263b66f1b@group-FA79C1AD13DC-LeaderElection87] INFO  impl.RoleInfo (RoleInfo.java:updateAndGet(130)) - 63deab9d-b01f-425d-a78d-558263b66f1b: start 63deab9d-b01f-425d-a78d-558263b66f1b@group-FA79C1AD13DC-LeaderStateImpl
2021-09-16 19:34:51,579 [63deab9d-b01f-425d-a78d-558263b66f1b@group-FA79C1AD13DC-LeaderElection87] INFO  segmented.SegmentedRaftLogWorker (SegmentedRaftLogWorker.java:startLogSegment(394)) - 63deab9d-b01f-425d-a78d-558263b66f1b@group-FA79C1AD13DC-SegmentedRaftLogWorker: Starting segment from index:0
2021-09-16 19:34:51,579 [pool-920-thread-1] INFO  server.RaftServerConfigKeys (ConfUtils.java:logGet(44)) - raft.server.log.use.memory = false (default)
2021-09-16 19:34:51,580 [pool-920-thread-1] INFO  server.RaftServerConfigKeys (ConfUtils.java:logGet(44)) - raft.server.log.purge.gap = 1000000 (custom)
2021-09-16 19:34:51,580 [pool-920-thread-1] INFO  server.RaftServerConfigKeys (ConfUtils.java:logGet(44)) - raft.server.log.appender.buffer.byte-limit = 33554432 (custom)
2021-09-16 19:34:51,580 [pool-920-thread-1] INFO  server.RaftServerConfigKeys (ConfUtils.java:logGet(44)) - raft.server.log.segment.size.max = 1048576 (custom)
2021-09-16 19:34:51,581 [pool-920-thread-1] INFO  server.RaftServerConfigKeys (ConfUtils.java:logGet(44)) - raft.server.log.segment.cache.num.max = 2 (custom)
2021-09-16 19:34:51,581 [pool-920-thread-1] INFO  server.RaftServerConfigKeys (ConfUtils.java:logGet(44)) - raft.server.log.segment.cache.size.max = 200MB (=209715200) (default)
2021-09-16 19:34:51,581 [pool-920-thread-1] INFO  segmented.SegmentedRaftLogWorker (SegmentedRaftLogWorker.java:<init>(182)) - new d325862d-5d90-442e-bb25-5d4329348a89@group-BBBDE90A5B3B-SegmentedRaftLogWorker for RaftStorageImpl:Storage Directory /home/runner/work/ozone/ozone/hadoop-ozone/integration-test/target/test-dir/MiniOzoneClusterImpl-4c5ee767-53d0-43e8-b9fb-bc60904004ee/datanode-7/data/ratis/00cfb056-a3a7-417d-aba7-bbbde90a5b3b
2021-09-16 19:34:51,581 [pool-920-thread-1] INFO  server.RaftServerConfigKeys (ConfUtils.java:logGet(44)) - raft.server.log.queue.byte-limit = 2147483647 (custom)
2021-09-16 19:34:51,581 [pool-920-thread-1] INFO  server.RaftServerConfigKeys (ConfUtils.java:logGet(44)) - raft.server.log.queue.element-limit = 1024 (custom)
2021-09-16 19:34:51,581 [pool-920-thread-1] INFO  server.RaftServerConfigKeys (ConfUtils.java:logGet(44)) - raft.server.log.segment.size.max = 1048576 (custom)
2021-09-16 19:34:51,581 [pool-920-thread-1] INFO  server.RaftServerConfigKeys (ConfUtils.java:logGet(44)) - raft.server.log.preallocated.size = 16384 (custom)
2021-09-16 19:34:51,581 [pool-920-thread-1] INFO  server.RaftServerConfigKeys (ConfUtils.java:logGet(44)) - raft.server.log.force.sync.num = 128 (default)
2021-09-16 19:34:51,581 [pool-920-thread-1] INFO  server.RaftServerConfigKeys (ConfUtils.java:logGet(44)) - raft.server.log.statemachine.data.sync = true (default)
2021-09-16 19:34:51,581 [pool-920-thread-1] INFO  server.RaftServerConfigKeys (ConfUtils.java:logGet(44)) - raft.server.log.statemachine.data.sync.timeout = 10s (default)
2021-09-16 19:34:51,581 [pool-920-thread-1] INFO  server.RaftServerConfigKeys (ConfUtils.java:logGet(44)) - raft.server.log.statemachine.data.sync.timeout.retry = -1 (default)
2021-09-16 19:34:51,587 [63deab9d-b01f-425d-a78d-558263b66f1b@group-FA79C1AD13DC-LeaderElection87] INFO  server.RaftServer$Division (ServerState.java:setRaftConf(387)) - 63deab9d-b01f-425d-a78d-558263b66f1b@group-FA79C1AD13DC: set configuration 0: [63deab9d-b01f-425d-a78d-558263b66f1b|rpc:10.1.0.5:40589|dataStream:|priority:1], old=null
2021-09-16 19:34:51,607 [grpc-default-executor-3] INFO  server.RaftServer$Division (RaftServerImpl.java:requestVote(1043)) - 67d2e683-5568-476c-afe3-e1175f298156@group-1B930CD1D13F: receive requestVote(ELECTION, 39314213-52f4-4d5f-8765-d5d2e351be65, group-1B930CD1D13F, 1, (t:0, i:0))
2021-09-16 19:34:51,607 [grpc-default-executor-3] INFO  impl.VoteContext (VoteContext.java:log(48)) - 67d2e683-5568-476c-afe3-e1175f298156@group-1B930CD1D13F-FOLLOWER: reject ELECTION from 39314213-52f4-4d5f-8765-d5d2e351be65: already has voted for 67d2e683-5568-476c-afe3-e1175f298156 at current term 1
2021-09-16 19:34:51,607 [grpc-default-executor-3] INFO  server.RaftServer$Division (RaftServerImpl.java:requestVote(1075)) - 67d2e683-5568-476c-afe3-e1175f298156@group-1B930CD1D13F replies to ELECTION vote request: 39314213-52f4-4d5f-8765-d5d2e351be65<-67d2e683-5568-476c-afe3-e1175f298156#0:FAIL-t1. Peer's state: 67d2e683-5568-476c-afe3-e1175f298156@group-1B930CD1D13F:t1, leader=null, voted=67d2e683-5568-476c-afe3-e1175f298156, raftlog=67d2e683-5568-476c-afe3-e1175f298156@group-1B930CD1D13F-SegmentedRaftLog:OPENED:c-1,f-1,i0, conf=-1: [39314213-52f4-4d5f-8765-d5d2e351be65|rpc:10.1.0.5:40299|priority:0, 67d2e683-5568-476c-afe3-e1175f298156|rpc:10.1.0.5:44345|priority:0, 63deab9d-b01f-425d-a78d-558263b66f1b|rpc:10.1.0.5:40589|priority:1], old=null
2021-09-16 19:34:51,613 [Datanode State Machine Thread - 0] WARN  statemachine.StateContext (StateContext.java:execute(621)) - No available thread in pool for past 1 seconds.
2021-09-16 19:34:51,613 [Command processor thread] ERROR commandhandler.CreatePipelineCommandHandler (CreatePipelineCommandHandler.java:handle(111)) - Can't create pipeline RATIS THREE PipelineID=00cfb056-a3a7-417d-aba7-bbbde90a5b3b
java.io.IOException: d325862d-5d90-442e-bb25-5d4329348a89: Failed to add group-BBBDE90A5B3B:[d325862d-5d90-442e-bb25-5d4329348a89|rpc:10.1.0.5:42511|priority:0, 17c51919-b33f-4a5f-9a86-1e5ebe529257|rpc:10.1.0.5:40963|priority:1, 22678529-1571-490a-85b9-2142d4a575d8|rpc:10.1.0.5:32787|priority:0] since the group already exists in the map.
	at org.apache.hadoop.ozone.container.common.transport.server.ratis.XceiverServerRatis.addGroup(XceiverServerRatis.java:759)
	at org.apache.hadoop.ozone.container.common.statemachine.commandhandler.CreatePipelineCommandHandler.handle(CreatePipelineCommandHandler.java:92)
	at org.apache.hadoop.ozone.container.common.statemachine.commandhandler.CommandDispatcher.handle(CommandDispatcher.java:99)
	at org.apache.hadoop.ozone.container.common.statemachine.DatanodeStateMachine.lambda$initCommandHandlerThread$2(DatanodeStateMachine.java:556)
	at java.lang.Thread.run(Thread.java:748)
Caused by: org.apache.ratis.protocol.exceptions.AlreadyExistsException: d325862d-5d90-442e-bb25-5d4329348a89: Failed to add group-BBBDE90A5B3B:[d325862d-5d90-442e-bb25-5d4329348a89|rpc:10.1.0.5:42511|priority:0, 17c51919-b33f-4a5f-9a86-1e5ebe529257|rpc:10.1.0.5:40963|priority:1, 22678529-1571-490a-85b9-2142d4a575d8|rpc:10.1.0.5:32787|priority:0] since the group already exists in the map.
	at org.apache.ratis.server.impl.RaftServerProxy$ImplMap.addNew(RaftServerProxy.java:89)
	at org.apache.ratis.server.impl.RaftServerProxy.groupAddAsync(RaftServerProxy.java:472)
	at org.apache.ratis.server.impl.RaftServerProxy.groupManagementAsync(RaftServerProxy.java:456)
	at org.apache.ratis.server.impl.RaftServerProxy.groupManagement(RaftServerProxy.java:440)
	at org.apache.hadoop.ozone.container.common.transport.server.ratis.XceiverServerRatis.addGroup(XceiverServerRatis.java:757)
	... 4 more
2021-09-16 19:34:51,616 [EventQueue-OpenPipelineForHealthyPipelineSafeModeRule] INFO  safemode.SCMSafeModeManager (HealthyPipelineSafeModeRule.java:process(124)) - SCM in safe mode. Healthy pipelines reported count is 0, required healthy pipeline reported count is 1
2021-09-16 19:34:51,616 [EventQueue-OpenPipelineForHealthyPipelineSafeModeRule] INFO  safemode.SCMSafeModeManager (HealthyPipelineSafeModeRule.java:process(124)) - SCM in safe mode. Healthy pipelines reported count is 0, required healthy pipeline reported count is 1
2021-09-16 19:34:51,627 [pool-920-thread-1] INFO  server.RaftServerConfigKeys (ConfUtils.java:logGet(44)) - raft.server.log.write.buffer.size = 1048576 (custom)
2021-09-16 19:34:51,628 [pool-920-thread-1] INFO  server.RaftServerConfigKeys (ConfUtils.java:logGet(44)) - raft.server.log.statemachine.data.caching.enabled = true (custom)
2021-09-16 19:34:51,628 [pool-920-thread-1] INFO  segmented.SegmentedRaftLogWorker (SegmentedRaftLogWorker.java:lambda$new$0(133)) - d325862d-5d90-442e-bb25-5d4329348a89@group-BBBDE90A5B3B-SegmentedRaftLogWorker: flushIndex: setUnconditionally 0 -> -1
2021-09-16 19:34:51,628 [pool-920-thread-1] INFO  segmented.SegmentedRaftLogWorker (SegmentedRaftLogWorker.java:lambda$new$0(133)) - d325862d-5d90-442e-bb25-5d4329348a89@group-BBBDE90A5B3B-SegmentedRaftLogWorker: safeCacheEvictIndex: setUnconditionally 0 -> -1
2021-09-16 19:34:51,629 [63deab9d-b01f-425d-a78d-558263b66f1b@group-FA79C1AD13DC-SegmentedRaftLogWorker] INFO  segmented.SegmentedRaftLogWorker (SegmentedRaftLogWorker.java:execute(601)) - 63deab9d-b01f-425d-a78d-558263b66f1b@group-FA79C1AD13DC-SegmentedRaftLogWorker: created new log segment /home/runner/work/ozone/ozone/hadoop-ozone/integration-test/target/test-dir/MiniOzoneClusterImpl-4c5ee767-53d0-43e8-b9fb-bc60904004ee/datanode-1/data/ratis/8fdc3177-b988-4720-aae0-fa79c1ad13dc/current/log_inprogress_0
2021-09-16 19:34:51,646 [pool-920-thread-1] INFO  server.RaftServerConfigKeys (ConfUtils.java:logGet(44)) - raft.server.snapshot.auto.trigger.enabled = true (custom)
2021-09-16 19:34:51,646 [pool-920-thread-1] INFO  server.RaftServerConfigKeys (ConfUtils.java:logGet(44)) - raft.server.snapshot.auto.trigger.threshold = 10000 (custom)
2021-09-16 19:34:51,646 [pool-920-thread-1] INFO  server.RaftServerConfigKeys (ConfUtils.java:logGet(44)) - raft.server.snapshot.retention.file.num = 5 (custom)
2021-09-16 19:34:51,646 [pool-920-thread-1] INFO  server.RaftServerConfigKeys (ConfUtils.java:logGet(44)) - raft.server.log.purge.upto.snapshot.index = false (default)
2021-09-16 19:34:51,646 [pool-920-thread-1] INFO  server.RaftServerConfigKeys (ConfUtils.java:logGet(44)) - raft.server.retrycache.expirytime = 600000ms (custom)
2021-09-16 19:34:51,646 [pool-920-thread-1] INFO  server.RaftServerConfigKeys (ConfUtils.java:logGet(44)) - raft.server.retrycache.statistics.expirytime = 100μs (default)
2021-09-16 19:34:51,649 [pool-920-thread-1] INFO  server.RaftServer$Division (RaftServerImpl.java:start(296)) - d325862d-5d90-442e-bb25-5d4329348a89@group-BBBDE90A5B3B: start as a follower, conf=-1: [d325862d-5d90-442e-bb25-5d4329348a89|rpc:10.1.0.5:42511|dataStream:|priority:0, 17c51919-b33f-4a5f-9a86-1e5ebe529257|rpc:10.1.0.5:40963|dataStream:|priority:1, 22678529-1571-490a-85b9-2142d4a575d8|rpc:10.1.0.5:32787|dataStream:|priority:0], old=null
2021-09-16 19:34:51,649 [pool-920-thread-1] INFO  server.RaftServer$Division (RaftServerImpl.java:setRole(285)) - d325862d-5d90-442e-bb25-5d4329348a89@group-BBBDE90A5B3B: changes role from      null to FOLLOWER at term 0 for startAsFollower
2021-09-16 19:34:51,649 [pool-920-thread-1] INFO  impl.RoleInfo (RoleInfo.java:updateAndGet(130)) - d325862d-5d90-442e-bb25-5d4329348a89: start d325862d-5d90-442e-bb25-5d4329348a89@group-BBBDE90A5B3B-FollowerState
2021-09-16 19:34:51,655 [pool-920-thread-1] INFO  util.JmxRegister (JmxRegister.java:tryRegister(44)) - Successfully registered JMX Bean with object name Ratis:service=RaftServer,group=group-BBBDE90A5B3B,id=d325862d-5d90-442e-bb25-5d4329348a89
2021-09-16 19:34:51,689 [Command processor thread] INFO  commandhandler.CreatePipelineCommandHandler (CreatePipelineCommandHandler.java:handle(106)) - Created Pipeline RATIS THREE PipelineID=00cfb056-a3a7-417d-aba7-bbbde90a5b3b.
2021-09-16 19:34:51,725 [39314213-52f4-4d5f-8765-d5d2e351be65@group-1B930CD1D13F-LeaderElection86] INFO  impl.LeaderElection (LeaderElection.java:logAndReturn(89)) - 39314213-52f4-4d5f-8765-d5d2e351be65@group-1B930CD1D13F-LeaderElection86: ELECTION REJECTED received 2 response(s) and 0 exception(s):
2021-09-16 19:34:51,725 [39314213-52f4-4d5f-8765-d5d2e351be65@group-1B930CD1D13F-LeaderElection86] INFO  impl.LeaderElection (LeaderElection.java:logAndReturn(93)) -   Response 0: 39314213-52f4-4d5f-8765-d5d2e351be65<-67d2e683-5568-476c-afe3-e1175f298156#0:FAIL-t1
2021-09-16 19:34:51,725 [39314213-52f4-4d5f-8765-d5d2e351be65@group-1B930CD1D13F-LeaderElection86] INFO  impl.LeaderElection (LeaderElection.java:logAndReturn(93)) -   Response 1: 39314213-52f4-4d5f-8765-d5d2e351be65<-63deab9d-b01f-425d-a78d-558263b66f1b#0:FAIL-t1
2021-09-16 19:34:51,725 [39314213-52f4-4d5f-8765-d5d2e351be65@group-1B930CD1D13F-LeaderElection86] INFO  impl.LeaderElection (LeaderElection.java:askForVotes(308)) - 39314213-52f4-4d5f-8765-d5d2e351be65@group-1B930CD1D13F-LeaderElection86 ELECTION round 0: result REJECTED
2021-09-16 19:34:51,725 [39314213-52f4-4d5f-8765-d5d2e351be65@group-1B930CD1D13F-LeaderElection86] INFO  server.RaftServer$Division (RaftServerImpl.java:setRole(285)) - 39314213-52f4-4d5f-8765-d5d2e351be65@group-1B930CD1D13F: changes role from CANDIDATE to FOLLOWER at term 1 for REJECTED
2021-09-16 19:34:51,725 [39314213-52f4-4d5f-8765-d5d2e351be65@group-1B930CD1D13F-LeaderElection86] INFO  impl.RoleInfo (RoleInfo.java:shutdownLeaderElection(121)) - 39314213-52f4-4d5f-8765-d5d2e351be65: shutdown 39314213-52f4-4d5f-8765-d5d2e351be65@group-1B930CD1D13F-LeaderElection86
2021-09-16 19:34:51,725 [39314213-52f4-4d5f-8765-d5d2e351be65@group-1B930CD1D13F-LeaderElection86] INFO  impl.RoleInfo (RoleInfo.java:updateAndGet(130)) - 39314213-52f4-4d5f-8765-d5d2e351be65: start 39314213-52f4-4d5f-8765-d5d2e351be65@group-1B930CD1D13F-FollowerState
2021-09-16 19:34:52,130 [39314213-52f4-4d5f-8765-d5d2e351be65@group-B7AFA6FC76B7-FollowerState] INFO  impl.FollowerState (FollowerState.java:run(134)) - 39314213-52f4-4d5f-8765-d5d2e351be65@group-B7AFA6FC76B7-FollowerState: change to CANDIDATE, lastRpcElapsedTime:5058086728ns, electionTimeout:5057ms
2021-09-16 19:34:52,130 [39314213-52f4-4d5f-8765-d5d2e351be65@group-B7AFA6FC76B7-FollowerState] INFO  impl.RoleInfo (RoleInfo.java:shutdownFollowerState(108)) - 39314213-52f4-4d5f-8765-d5d2e351be65: shutdown 39314213-52f4-4d5f-8765-d5d2e351be65@group-B7AFA6FC76B7-FollowerState
2021-09-16 19:34:52,130 [39314213-52f4-4d5f-8765-d5d2e351be65@group-B7AFA6FC76B7-FollowerState] INFO  server.RaftServer$Division (RaftServerImpl.java:setRole(285)) - 39314213-52f4-4d5f-8765-d5d2e351be65@group-B7AFA6FC76B7: changes role from  FOLLOWER to CANDIDATE at term 0 for changeToCandidate
2021-09-16 19:34:52,130 [39314213-52f4-4d5f-8765-d5d2e351be65@group-B7AFA6FC76B7-FollowerState] INFO  server.RaftServerConfigKeys (ConfUtils.java:logGet(44)) - raft.server.leaderelection.pre-vote = false (custom)
2021-09-16 19:34:52,130 [39314213-52f4-4d5f-8765-d5d2e351be65@group-B7AFA6FC76B7-FollowerState] INFO  impl.RoleInfo (RoleInfo.java:updateAndGet(130)) - 39314213-52f4-4d5f-8765-d5d2e351be65: start 39314213-52f4-4d5f-8765-d5d2e351be65@group-B7AFA6FC76B7-LeaderElection88
2021-09-16 19:34:52,198 [39314213-52f4-4d5f-8765-d5d2e351be65@group-B7AFA6FC76B7-LeaderElection88] INFO  impl.LeaderElection (LeaderElection.java:askForVotes(306)) - 39314213-52f4-4d5f-8765-d5d2e351be65@group-B7AFA6FC76B7-LeaderElection88 ELECTION round 0: submit vote requests at term 1 for -1: [39314213-52f4-4d5f-8765-d5d2e351be65|rpc:10.1.0.5:40299|priority:1], old=null
2021-09-16 19:34:52,198 [39314213-52f4-4d5f-8765-d5d2e351be65@group-B7AFA6FC76B7-LeaderElection88] INFO  impl.LeaderElection (LeaderElection.java:askForVotes(308)) - 39314213-52f4-4d5f-8765-d5d2e351be65@group-B7AFA6FC76B7-LeaderElection88 ELECTION round 0: result PASSED (term=1)
2021-09-16 19:34:52,198 [39314213-52f4-4d5f-8765-d5d2e351be65@group-B7AFA6FC76B7-LeaderElection88] INFO  impl.RoleInfo (RoleInfo.java:shutdownLeaderElection(121)) - 39314213-52f4-4d5f-8765-d5d2e351be65: shutdown 39314213-52f4-4d5f-8765-d5d2e351be65@group-B7AFA6FC76B7-LeaderElection88
2021-09-16 19:34:52,199 [39314213-52f4-4d5f-8765-d5d2e351be65@group-B7AFA6FC76B7-LeaderElection88] INFO  server.RaftServer$Division (RaftServerImpl.java:setRole(285)) - 39314213-52f4-4d5f-8765-d5d2e351be65@group-B7AFA6FC76B7: changes role from CANDIDATE to LEADER at term 1 for changeToLeader
2021-09-16 19:34:52,199 [39314213-52f4-4d5f-8765-d5d2e351be65@group-B7AFA6FC76B7-LeaderElection88] INFO  ratis.XceiverServerRatis (XceiverServerRatis.java:handleLeaderChangedNotification(860)) - Leader change notification received for group: group-B7AFA6FC76B7 with new leaderId: 39314213-52f4-4d5f-8765-d5d2e351be65
2021-09-16 19:34:52,199 [39314213-52f4-4d5f-8765-d5d2e351be65@group-B7AFA6FC76B7-LeaderElection88] INFO  server.RaftServer$Division (ServerState.java:setLeader(285)) - 39314213-52f4-4d5f-8765-d5d2e351be65@group-B7AFA6FC76B7: change Leader from null to 39314213-52f4-4d5f-8765-d5d2e351be65 at term 1 for becomeLeader, leader elected after 5151ms
2021-09-16 19:34:52,199 [39314213-52f4-4d5f-8765-d5d2e351be65@group-B7AFA6FC76B7-LeaderElection88] INFO  server.RaftServerConfigKeys (ConfUtils.java:logGet(44)) - raft.server.staging.catchup.gap = 1000 (default)
2021-09-16 19:34:52,199 [39314213-52f4-4d5f-8765-d5d2e351be65@group-B7AFA6FC76B7-LeaderElection88] INFO  server.RaftServerConfigKeys (ConfUtils.java:logGet(44)) - raft.server.write.element-limit = 1024 (custom)
2021-09-16 19:34:52,199 [39314213-52f4-4d5f-8765-d5d2e351be65@group-B7AFA6FC76B7-LeaderElection88] INFO  server.RaftServerConfigKeys (ConfUtils.java:logGet(44)) - raft.server.write.byte-limit = 1024 M (=1073741824) (custom)
2021-09-16 19:34:52,200 [39314213-52f4-4d5f-8765-d5d2e351be65@group-B7AFA6FC76B7-LeaderElection88] INFO  server.RaftServerConfigKeys (ConfUtils.java:logGet(44)) - raft.server.watch.timeout = 3000ms (custom)
2021-09-16 19:34:52,200 [39314213-52f4-4d5f-8765-d5d2e351be65@group-B7AFA6FC76B7-LeaderElection88] INFO  server.RaftServerConfigKeys (ConfUtils.java:logGet(44)) - raft.server.watch.timeout.denomination = 1s (default)
2021-09-16 19:34:52,200 [39314213-52f4-4d5f-8765-d5d2e351be65@group-B7AFA6FC76B7-LeaderElection88] INFO  server.RaftServerConfigKeys (ConfUtils.java:logGet(44)) - raft.server.watch.element-limit = 65536 (default)
2021-09-16 19:34:52,200 [39314213-52f4-4d5f-8765-d5d2e351be65@group-B7AFA6FC76B7-LeaderElection88] INFO  impl.RoleInfo (RoleInfo.java:updateAndGet(130)) - 39314213-52f4-4d5f-8765-d5d2e351be65: start 39314213-52f4-4d5f-8765-d5d2e351be65@group-B7AFA6FC76B7-LeaderStateImpl
2021-09-16 19:34:52,200 [39314213-52f4-4d5f-8765-d5d2e351be65@group-B7AFA6FC76B7-LeaderElection88] INFO  segmented.SegmentedRaftLogWorker (SegmentedRaftLogWorker.java:startLogSegment(394)) - 39314213-52f4-4d5f-8765-d5d2e351be65@group-B7AFA6FC76B7-SegmentedRaftLogWorker: Starting segment from index:0
2021-09-16 19:34:52,201 [Datanode State Machine Thread - 0] WARN  statemachine.StateContext (StateContext.java:execute(621)) - No available thread in pool for past 1 seconds.
2021-09-16 19:34:52,202 [EventQueue-OpenPipelineForHealthyPipelineSafeModeRule] INFO  safemode.SCMSafeModeManager (HealthyPipelineSafeModeRule.java:process(124)) - SCM in safe mode. Healthy pipelines reported count is 0, required healthy pipeline reported count is 1
2021-09-16 19:34:52,202 [39314213-52f4-4d5f-8765-d5d2e351be65@group-B7AFA6FC76B7-SegmentedRaftLogWorker] INFO  segmented.SegmentedRaftLogWorker (SegmentedRaftLogWorker.java:execute(601)) - 39314213-52f4-4d5f-8765-d5d2e351be65@group-B7AFA6FC76B7-SegmentedRaftLogWorker: created new log segment /home/runner/work/ozone/ozone/hadoop-ozone/integration-test/target/test-dir/MiniOzoneClusterImpl-4c5ee767-53d0-43e8-b9fb-bc60904004ee/datanode-2/data/ratis/64695d0d-8b33-42d3-94a7-b7afa6fc76b7/current/log_inprogress_0
2021-09-16 19:34:52,235 [Command processor thread] INFO  server.RaftServer (RaftServerProxy.java:addNew(95)) - 17c51919-b33f-4a5f-9a86-1e5ebe529257: addNew group-8948A4DA2296:[17c51919-b33f-4a5f-9a86-1e5ebe529257|rpc:10.1.0.5:40963|priority:1] returns group-8948A4DA2296:java.util.concurrent.CompletableFuture@38a4a98b[Not completed]
2021-09-16 19:34:52,236 [pool-939-thread-1] INFO  server.RaftServer$Division (RaftServerImpl.java:<init>(181)) - 17c51919-b33f-4a5f-9a86-1e5ebe529257: new RaftServerImpl for group-8948A4DA2296:[17c51919-b33f-4a5f-9a86-1e5ebe529257|rpc:10.1.0.5:40963|priority:1] with ContainerStateMachine:uninitialized
2021-09-16 19:34:52,236 [pool-939-thread-1] INFO  server.RaftServerConfigKeys (ConfUtils.java:logGet(44)) - raft.server.rpc.timeout.min = 5s (custom)
2021-09-16 19:34:52,236 [pool-939-thread-1] INFO  server.RaftServerConfigKeys (ConfUtils.java:logGet(44)) - raft.server.rpc.timeout.max = 5200ms (custom)
2021-09-16 19:34:52,236 [pool-939-thread-1] INFO  server.RaftServerConfigKeys (ConfUtils.java:logGet(44)) - raft.server.rpc.sleep.time = 25ms (default)
2021-09-16 19:34:52,236 [pool-939-thread-1] INFO  server.RaftServerConfigKeys (ConfUtils.java:logGet(44)) - raft.server.rpc.slowness.timeout = 300000ms (custom)
2021-09-16 19:34:52,236 [pool-939-thread-1] INFO  server.RaftServerConfigKeys (ConfUtils.java:logGet(44)) - raft.server.leaderelection.leader.step-down.wait-time = 10s (default)
2021-09-16 19:34:52,236 [pool-939-thread-1] INFO  server.RaftServerConfigKeys (ConfUtils.java:logGet(44)) - raft.server.sleep.deviation.threshold = 300ms (default)
2021-09-16 19:34:52,236 [pool-939-thread-1] INFO  server.RaftServerConfigKeys (ConfUtils.java:logGet(44)) - raft.server.log.appender.install.snapshot.enabled = false (custom)
2021-09-16 19:34:52,236 [pool-939-thread-1] INFO  server.RaftServer$Division (ServerState.java:<init>(105)) - 17c51919-b33f-4a5f-9a86-1e5ebe529257@group-8948A4DA2296: ConfigurationManager, init=-1: [17c51919-b33f-4a5f-9a86-1e5ebe529257|rpc:10.1.0.5:40963|priority:1], old=null, confs=<EMPTY_MAP>
2021-09-16 19:34:52,236 [pool-939-thread-1] INFO  server.RaftServerConfigKeys (ConfUtils.java:logGet(44)) - raft.server.storage.dir = [/home/runner/work/ozone/ozone/hadoop-ozone/integration-test/target/test-dir/MiniOzoneClusterImpl-4c5ee767-53d0-43e8-b9fb-bc60904004ee/datanode-8/data/ratis] (custom)
2021-09-16 19:34:52,236 [pool-939-thread-1] INFO  server.RaftServerConfigKeys (ConfUtils.java:logGet(44)) - raft.server.log.corruption.policy = EXCEPTION (default)
2021-09-16 19:34:52,236 [pool-939-thread-1] INFO  server.RaftServerConfigKeys (ConfUtils.java:logGet(44)) - raft.server.storage.free-space.min = 0MB (=0) (default)
2021-09-16 19:34:52,236 [pool-939-thread-1] INFO  storage.RaftStorageDirectory (RaftStorageDirectoryImpl.java:analyzeStorage(135)) - The storage directory /home/runner/work/ozone/ozone/hadoop-ozone/integration-test/target/test-dir/MiniOzoneClusterImpl-4c5ee767-53d0-43e8-b9fb-bc60904004ee/datanode-8/data/ratis/42a52aa1-4bce-4ee6-b280-8948a4da2296 does not exist. Creating ...
2021-09-16 19:34:52,239 [pool-939-thread-1] INFO  storage.RaftStorageDirectory (RaftStorageDirectoryImpl.java:tryLock(230)) - Lock on /home/runner/work/ozone/ozone/hadoop-ozone/integration-test/target/test-dir/MiniOzoneClusterImpl-4c5ee767-53d0-43e8-b9fb-bc60904004ee/datanode-8/data/ratis/42a52aa1-4bce-4ee6-b280-8948a4da2296/in_use.lock acquired by nodename 3243@fv-az195-743
2021-09-16 19:34:52,239 [39314213-52f4-4d5f-8765-d5d2e351be65@group-B7AFA6FC76B7-LeaderElection88] INFO  server.RaftServer$Division (ServerState.java:setRaftConf(387)) - 39314213-52f4-4d5f-8765-d5d2e351be65@group-B7AFA6FC76B7: set configuration 0: [39314213-52f4-4d5f-8765-d5d2e351be65|rpc:10.1.0.5:40299|dataStream:|priority:1], old=null
2021-09-16 19:34:52,240 [pool-939-thread-1] INFO  storage.RaftStorage (RaftStorageImpl.java:format(89)) - Storage directory /home/runner/work/ozone/ozone/hadoop-ozone/integration-test/target/test-dir/MiniOzoneClusterImpl-4c5ee767-53d0-43e8-b9fb-bc60904004ee/datanode-8/data/ratis/42a52aa1-4bce-4ee6-b280-8948a4da2296 has been successfully formatted.
2021-09-16 19:34:52,240 [pool-939-thread-1] INFO  ratis.ContainerStateMachine (ContainerStateMachine.java:loadSnapshot(224)) - group-8948A4DA2296: The snapshot info is null. Setting the last applied indexto:(t:0, i:~)
2021-09-16 19:34:52,240 [pool-939-thread-1] INFO  server.RaftServerConfigKeys (ConfUtils.java:logGet(44)) - raft.server.notification.no-leader.timeout = 300000ms (custom)
2021-09-16 19:34:52,240 [pool-939-thread-1] INFO  server.RaftServerConfigKeys (ConfUtils.java:logGet(44)) - raft.server.log.use.memory = false (default)
2021-09-16 19:34:52,240 [pool-939-thread-1] INFO  server.RaftServerConfigKeys (ConfUtils.java:logGet(44)) - raft.server.log.purge.gap = 1000000 (custom)
2021-09-16 19:34:52,240 [pool-939-thread-1] INFO  server.RaftServerConfigKeys (ConfUtils.java:logGet(44)) - raft.server.log.appender.buffer.byte-limit = 33554432 (custom)
2021-09-16 19:34:52,241 [pool-939-thread-1] INFO  server.RaftServerConfigKeys (ConfUtils.java:logGet(44)) - raft.server.log.segment.size.max = 1048576 (custom)
2021-09-16 19:34:52,241 [pool-939-thread-1] INFO  server.RaftServerConfigKeys (ConfUtils.java:logGet(44)) - raft.server.log.segment.cache.num.max = 2 (custom)
2021-09-16 19:34:52,241 [pool-939-thread-1] INFO  server.RaftServerConfigKeys (ConfUtils.java:logGet(44)) - raft.server.log.segment.cache.size.max = 200MB (=209715200) (default)
2021-09-16 19:34:52,241 [pool-939-thread-1] INFO  segmented.SegmentedRaftLogWorker (SegmentedRaftLogWorker.java:<init>(182)) - new 17c51919-b33f-4a5f-9a86-1e5ebe529257@group-8948A4DA2296-SegmentedRaftLogWorker for RaftStorageImpl:Storage Directory /home/runner/work/ozone/ozone/hadoop-ozone/integration-test/target/test-dir/MiniOzoneClusterImpl-4c5ee767-53d0-43e8-b9fb-bc60904004ee/datanode-8/data/ratis/42a52aa1-4bce-4ee6-b280-8948a4da2296
2021-09-16 19:34:52,241 [pool-939-thread-1] INFO  server.RaftServerConfigKeys (ConfUtils.java:logGet(44)) - raft.server.log.queue.byte-limit = 2147483647 (custom)
2021-09-16 19:34:52,241 [pool-939-thread-1] INFO  server.RaftServerConfigKeys (ConfUtils.java:logGet(44)) - raft.server.log.queue.element-limit = 1024 (custom)
2021-09-16 19:34:52,241 [pool-939-thread-1] INFO  server.RaftServerConfigKeys (ConfUtils.java:logGet(44)) - raft.server.log.segment.size.max = 1048576 (custom)
2021-09-16 19:34:52,241 [pool-939-thread-1] INFO  server.RaftServerConfigKeys (ConfUtils.java:logGet(44)) - raft.server.log.preallocated.size = 16384 (custom)
2021-09-16 19:34:52,242 [pool-939-thread-1] INFO  server.RaftServerConfigKeys (ConfUtils.java:logGet(44)) - raft.server.log.force.sync.num = 128 (default)
2021-09-16 19:34:52,242 [pool-939-thread-1] INFO  server.RaftServerConfigKeys (ConfUtils.java:logGet(44)) - raft.server.log.statemachine.data.sync = true (default)
2021-09-16 19:34:52,242 [pool-939-thread-1] INFO  server.RaftServerConfigKeys (ConfUtils.java:logGet(44)) - raft.server.log.statemachine.data.sync.timeout = 10s (default)
2021-09-16 19:34:52,242 [pool-939-thread-1] INFO  server.RaftServerConfigKeys (ConfUtils.java:logGet(44)) - raft.server.log.statemachine.data.sync.timeout.retry = -1 (default)
2021-09-16 19:34:52,243 [pool-939-thread-1] INFO  server.RaftServerConfigKeys (ConfUtils.java:logGet(44)) - raft.server.log.write.buffer.size = 1048576 (custom)
2021-09-16 19:34:52,244 [pool-939-thread-1] INFO  server.RaftServerConfigKeys (ConfUtils.java:logGet(44)) - raft.server.log.statemachine.data.caching.enabled = true (custom)
2021-09-16 19:34:52,244 [pool-939-thread-1] INFO  segmented.SegmentedRaftLogWorker (SegmentedRaftLogWorker.java:lambda$new$0(133)) - 17c51919-b33f-4a5f-9a86-1e5ebe529257@group-8948A4DA2296-SegmentedRaftLogWorker: flushIndex: setUnconditionally 0 -> -1
2021-09-16 19:34:52,244 [pool-939-thread-1] INFO  segmented.SegmentedRaftLogWorker (SegmentedRaftLogWorker.java:lambda$new$0(133)) - 17c51919-b33f-4a5f-9a86-1e5ebe529257@group-8948A4DA2296-SegmentedRaftLogWorker: safeCacheEvictIndex: setUnconditionally 0 -> -1
2021-09-16 19:34:52,244 [Datanode State Machine Thread - 0] WARN  statemachine.StateContext (StateContext.java:execute(621)) - No available thread in pool for past 1 seconds.
2021-09-16 19:34:52,245 [EventQueue-PipelineReportForPipelineReportHandler] INFO  pipeline.PipelineManagerImpl (PipelineManagerImpl.java:openPipeline(282)) - Pipeline Pipeline[ Id: 42a52aa1-4bce-4ee6-b280-8948a4da2296, Nodes: 17c51919-b33f-4a5f-9a86-1e5ebe529257{ip: 10.1.0.5, host: fv-az195-743.u3nnjwd0vyge1bu22idnsdeq2e.cx.internal.cloudapp.net, ports: [REPLICATION=33461, RATIS=40963, RATIS_ADMIN=40963, RATIS_SERVER=40963, STANDALONE=43083], networkLocation: /default-rack, certSerialId: null, persistedOpState: IN_SERVICE, persistedOpStateExpiryEpochSec: 0}, ReplicationConfig: RATIS/ONE, State:ALLOCATED, leaderId:17c51919-b33f-4a5f-9a86-1e5ebe529257, CreationTimestamp2021-09-16T19:34:49.242Z[Etc/UTC]] moved to OPEN state
2021-09-16 19:34:52,245 [EventQueue-OpenPipelineForHealthyPipelineSafeModeRule] INFO  safemode.SCMSafeModeManager (HealthyPipelineSafeModeRule.java:process(124)) - SCM in safe mode. Healthy pipelines reported count is 0, required healthy pipeline reported count is 1
2021-09-16 19:34:52,245 [Listener at 127.0.0.1/43789] INFO  ozone.MiniOzoneClusterImpl (MiniOzoneClusterImpl.java:lambda$waitForClusterToBeReady$0(235)) - Nodes are ready. Got 9 of 9 DN Heartbeats.
2021-09-16 19:34:52,246 [Listener at 127.0.0.1/43789] INFO  ozone.MiniOzoneClusterImpl (MiniOzoneClusterImpl.java:lambda$waitForClusterToBeReady$0(238)) - Waiting for cluster to exit safe mode
2021-09-16 19:34:52,246 [Listener at 127.0.0.1/43789] INFO  ozone.MiniOzoneClusterImpl (MiniOzoneClusterImpl.java:lambda$waitForClusterToBeReady$0(240)) - SCM became leader
2021-09-16 19:34:52,250 [pool-939-thread-1] INFO  server.RaftServerConfigKeys (ConfUtils.java:logGet(44)) - raft.server.snapshot.auto.trigger.enabled = true (custom)
2021-09-16 19:34:52,250 [pool-939-thread-1] INFO  server.RaftServerConfigKeys (ConfUtils.java:logGet(44)) - raft.server.snapshot.auto.trigger.threshold = 10000 (custom)
2021-09-16 19:34:52,250 [pool-939-thread-1] INFO  server.RaftServerConfigKeys (ConfUtils.java:logGet(44)) - raft.server.snapshot.retention.file.num = 5 (custom)
2021-09-16 19:34:52,250 [pool-939-thread-1] INFO  server.RaftServerConfigKeys (ConfUtils.java:logGet(44)) - raft.server.log.purge.upto.snapshot.index = false (default)
2021-09-16 19:34:52,250 [pool-939-thread-1] INFO  server.RaftServerConfigKeys (ConfUtils.java:logGet(44)) - raft.server.retrycache.expirytime = 600000ms (custom)
2021-09-16 19:34:52,250 [pool-939-thread-1] INFO  server.RaftServerConfigKeys (ConfUtils.java:logGet(44)) - raft.server.retrycache.statistics.expirytime = 100μs (default)
2021-09-16 19:34:52,252 [pool-939-thread-1] INFO  server.RaftServer$Division (RaftServerImpl.java:start(296)) - 17c51919-b33f-4a5f-9a86-1e5ebe529257@group-8948A4DA2296: start as a follower, conf=-1: [17c51919-b33f-4a5f-9a86-1e5ebe529257|rpc:10.1.0.5:40963|priority:1], old=null
2021-09-16 19:34:52,252 [pool-939-thread-1] INFO  server.RaftServer$Division (RaftServerImpl.java:setRole(285)) - 17c51919-b33f-4a5f-9a86-1e5ebe529257@group-8948A4DA2296: changes role from      null to FOLLOWER at term 0 for startAsFollower
2021-09-16 19:34:52,252 [pool-939-thread-1] INFO  impl.RoleInfo (RoleInfo.java:updateAndGet(130)) - 17c51919-b33f-4a5f-9a86-1e5ebe529257: start 17c51919-b33f-4a5f-9a86-1e5ebe529257@group-8948A4DA2296-FollowerState
2021-09-16 19:34:52,254 [pool-939-thread-1] INFO  util.JmxRegister (JmxRegister.java:tryRegister(44)) - Successfully registered JMX Bean with object name Ratis:service=RaftServer,group=group-8948A4DA2296,id=17c51919-b33f-4a5f-9a86-1e5ebe529257
2021-09-16 19:34:52,262 [Command processor thread] INFO  ratis.XceiverServerRatis (XceiverServerRatis.java:addGroup(762)) - Created group PipelineID=42a52aa1-4bce-4ee6-b280-8948a4da2296
2021-09-16 19:34:52,262 [Command processor thread] INFO  commandhandler.CreatePipelineCommandHandler (CreatePipelineCommandHandler.java:handle(106)) - Created Pipeline RATIS ONE PipelineID=42a52aa1-4bce-4ee6-b280-8948a4da2296.
2021-09-16 19:34:53,166 [1226f225-3abd-46f9-90c8-da28d00f4d36@group-E0FFB7A54584-FollowerState] INFO  impl.FollowerState (FollowerState.java:run(134)) - 1226f225-3abd-46f9-90c8-da28d00f4d36@group-E0FFB7A54584-FollowerState: change to CANDIDATE, lastRpcElapsedTime:5177149657ns, electionTimeout:5171ms
2021-09-16 19:34:53,167 [1226f225-3abd-46f9-90c8-da28d00f4d36@group-E0FFB7A54584-FollowerState] INFO  impl.RoleInfo (RoleInfo.java:shutdownFollowerState(108)) - 1226f225-3abd-46f9-90c8-da28d00f4d36: shutdown 1226f225-3abd-46f9-90c8-da28d00f4d36@group-E0FFB7A54584-FollowerState
2021-09-16 19:34:53,167 [1226f225-3abd-46f9-90c8-da28d00f4d36@group-E0FFB7A54584-FollowerState] INFO  server.RaftServer$Division (RaftServerImpl.java:setRole(285)) - 1226f225-3abd-46f9-90c8-da28d00f4d36@group-E0FFB7A54584: changes role from  FOLLOWER to CANDIDATE at term 0 for changeToCandidate
2021-09-16 19:34:53,171 [1226f225-3abd-46f9-90c8-da28d00f4d36@group-E0FFB7A54584-FollowerState] INFO  server.RaftServerConfigKeys (ConfUtils.java:logGet(44)) - raft.server.leaderelection.pre-vote = false (custom)
2021-09-16 19:34:53,171 [1226f225-3abd-46f9-90c8-da28d00f4d36@group-E0FFB7A54584-FollowerState] INFO  impl.RoleInfo (RoleInfo.java:updateAndGet(130)) - 1226f225-3abd-46f9-90c8-da28d00f4d36: start 1226f225-3abd-46f9-90c8-da28d00f4d36@group-E0FFB7A54584-LeaderElection89
2021-09-16 19:34:53,208 [1226f225-3abd-46f9-90c8-da28d00f4d36@group-E0FFB7A54584-LeaderElection89] INFO  impl.LeaderElection (LeaderElection.java:askForVotes(306)) - 1226f225-3abd-46f9-90c8-da28d00f4d36@group-E0FFB7A54584-LeaderElection89 ELECTION round 0: submit vote requests at term 1 for -1: [1226f225-3abd-46f9-90c8-da28d00f4d36|rpc:10.1.0.5:44993|priority:1], old=null
2021-09-16 19:34:53,209 [1226f225-3abd-46f9-90c8-da28d00f4d36@group-E0FFB7A54584-LeaderElection89] INFO  impl.LeaderElection (LeaderElection.java:askForVotes(308)) - 1226f225-3abd-46f9-90c8-da28d00f4d36@group-E0FFB7A54584-LeaderElection89 ELECTION round 0: result PASSED (term=1)
2021-09-16 19:34:53,209 [1226f225-3abd-46f9-90c8-da28d00f4d36@group-E0FFB7A54584-LeaderElection89] INFO  impl.RoleInfo (RoleInfo.java:shutdownLeaderElection(121)) - 1226f225-3abd-46f9-90c8-da28d00f4d36: shutdown 1226f225-3abd-46f9-90c8-da28d00f4d36@group-E0FFB7A54584-LeaderElection89
2021-09-16 19:34:53,209 [1226f225-3abd-46f9-90c8-da28d00f4d36@group-E0FFB7A54584-LeaderElection89] INFO  server.RaftServer$Division (RaftServerImpl.java:setRole(285)) - 1226f225-3abd-46f9-90c8-da28d00f4d36@group-E0FFB7A54584: changes role from CANDIDATE to LEADER at term 1 for changeToLeader
2021-09-16 19:34:53,209 [1226f225-3abd-46f9-90c8-da28d00f4d36@group-E0FFB7A54584-LeaderElection89] INFO  ratis.XceiverServerRatis (XceiverServerRatis.java:handleLeaderChangedNotification(860)) - Leader change notification received for group: group-E0FFB7A54584 with new leaderId: 1226f225-3abd-46f9-90c8-da28d00f4d36
2021-09-16 19:34:53,209 [1226f225-3abd-46f9-90c8-da28d00f4d36@group-E0FFB7A54584-LeaderElection89] INFO  server.RaftServer$Division (ServerState.java:setLeader(285)) - 1226f225-3abd-46f9-90c8-da28d00f4d36@group-E0FFB7A54584: change Leader from null to 1226f225-3abd-46f9-90c8-da28d00f4d36 at term 1 for becomeLeader, leader elected after 5238ms
2021-09-16 19:34:53,209 [1226f225-3abd-46f9-90c8-da28d00f4d36@group-E0FFB7A54584-LeaderElection89] INFO  server.RaftServerConfigKeys (ConfUtils.java:logGet(44)) - raft.server.staging.catchup.gap = 1000 (default)
2021-09-16 19:34:53,209 [1226f225-3abd-46f9-90c8-da28d00f4d36@group-E0FFB7A54584-LeaderElection89] INFO  server.RaftServerConfigKeys (ConfUtils.java:logGet(44)) - raft.server.write.element-limit = 1024 (custom)
2021-09-16 19:34:53,209 [1226f225-3abd-46f9-90c8-da28d00f4d36@group-E0FFB7A54584-LeaderElection89] INFO  server.RaftServerConfigKeys (ConfUtils.java:logGet(44)) - raft.server.write.byte-limit = 1024 M (=1073741824) (custom)
2021-09-16 19:34:53,210 [1226f225-3abd-46f9-90c8-da28d00f4d36@group-E0FFB7A54584-LeaderElection89] INFO  server.RaftServerConfigKeys (ConfUtils.java:logGet(44)) - raft.server.watch.timeout = 3000ms (custom)
2021-09-16 19:34:53,210 [1226f225-3abd-46f9-90c8-da28d00f4d36@group-E0FFB7A54584-LeaderElection89] INFO  server.RaftServerConfigKeys (ConfUtils.java:logGet(44)) - raft.server.watch.timeout.denomination = 1s (default)
2021-09-16 19:34:53,210 [1226f225-3abd-46f9-90c8-da28d00f4d36@group-E0FFB7A54584-LeaderElection89] INFO  server.RaftServerConfigKeys (ConfUtils.java:logGet(44)) - raft.server.watch.element-limit = 65536 (default)
2021-09-16 19:34:53,210 [1226f225-3abd-46f9-90c8-da28d00f4d36@group-E0FFB7A54584-LeaderElection89] INFO  impl.RoleInfo (RoleInfo.java:updateAndGet(130)) - 1226f225-3abd-46f9-90c8-da28d00f4d36: start 1226f225-3abd-46f9-90c8-da28d00f4d36@group-E0FFB7A54584-LeaderStateImpl
2021-09-16 19:34:53,211 [1226f225-3abd-46f9-90c8-da28d00f4d36@group-E0FFB7A54584-LeaderElection89] INFO  segmented.SegmentedRaftLogWorker (SegmentedRaftLogWorker.java:startLogSegment(394)) - 1226f225-3abd-46f9-90c8-da28d00f4d36@group-E0FFB7A54584-SegmentedRaftLogWorker: Starting segment from index:0
2021-09-16 19:34:53,216 [1226f225-3abd-46f9-90c8-da28d00f4d36@group-E0FFB7A54584-LeaderElection89] INFO  server.RaftServer$Division (ServerState.java:setRaftConf(387)) - 1226f225-3abd-46f9-90c8-da28d00f4d36@group-E0FFB7A54584: set configuration 0: [1226f225-3abd-46f9-90c8-da28d00f4d36|rpc:10.1.0.5:44993|dataStream:|priority:1], old=null
2021-09-16 19:34:53,246 [Listener at 127.0.0.1/43789] INFO  ozone.MiniOzoneClusterImpl (MiniOzoneClusterImpl.java:lambda$waitForClusterToBeReady$0(235)) - Nodes are ready. Got 9 of 9 DN Heartbeats.
2021-09-16 19:34:53,246 [Listener at 127.0.0.1/43789] INFO  ozone.MiniOzoneClusterImpl (MiniOzoneClusterImpl.java:lambda$waitForClusterToBeReady$0(238)) - Waiting for cluster to exit safe mode
2021-09-16 19:34:53,246 [Listener at 127.0.0.1/43789] INFO  ozone.MiniOzoneClusterImpl (MiniOzoneClusterImpl.java:lambda$waitForClusterToBeReady$0(240)) - SCM became leader
2021-09-16 19:34:53,250 [1226f225-3abd-46f9-90c8-da28d00f4d36@group-E0FFB7A54584-SegmentedRaftLogWorker] INFO  segmented.SegmentedRaftLogWorker (SegmentedRaftLogWorker.java:execute(601)) - 1226f225-3abd-46f9-90c8-da28d00f4d36@group-E0FFB7A54584-SegmentedRaftLogWorker: created new log segment /home/runner/work/ozone/ozone/hadoop-ozone/integration-test/target/test-dir/MiniOzoneClusterImpl-4c5ee767-53d0-43e8-b9fb-bc60904004ee/datanode-3/data/ratis/e90c249c-3893-456e-8a1f-e0ffb7a54584/current/log_inprogress_0
2021-09-16 19:34:53,251 [Datanode State Machine Thread - 0] WARN  statemachine.StateContext (StateContext.java:execute(621)) - No available thread in pool for past 1 seconds.
2021-09-16 19:34:53,254 [EventQueue-OpenPipelineForHealthyPipelineSafeModeRule] INFO  safemode.SCMSafeModeManager (HealthyPipelineSafeModeRule.java:process(124)) - SCM in safe mode. Healthy pipelines reported count is 0, required healthy pipeline reported count is 1
2021-09-16 19:34:53,257 [1226f225-3abd-46f9-90c8-da28d00f4d36@group-D3A07527D82D-FollowerState] INFO  impl.FollowerState (FollowerState.java:run(134)) - 1226f225-3abd-46f9-90c8-da28d00f4d36@group-D3A07527D82D-FollowerState: change to CANDIDATE, lastRpcElapsedTime:5155677299ns, electionTimeout:5114ms
2021-09-16 19:34:53,258 [1226f225-3abd-46f9-90c8-da28d00f4d36@group-D3A07527D82D-FollowerState] INFO  impl.RoleInfo (RoleInfo.java:shutdownFollowerState(108)) - 1226f225-3abd-46f9-90c8-da28d00f4d36: shutdown 1226f225-3abd-46f9-90c8-da28d00f4d36@group-D3A07527D82D-FollowerState
2021-09-16 19:34:53,258 [1226f225-3abd-46f9-90c8-da28d00f4d36@group-D3A07527D82D-FollowerState] INFO  server.RaftServer$Division (RaftServerImpl.java:setRole(285)) - 1226f225-3abd-46f9-90c8-da28d00f4d36@group-D3A07527D82D: changes role from  FOLLOWER to CANDIDATE at term 0 for changeToCandidate
2021-09-16 19:34:53,258 [1226f225-3abd-46f9-90c8-da28d00f4d36@group-D3A07527D82D-FollowerState] INFO  server.RaftServerConfigKeys (ConfUtils.java:logGet(44)) - raft.server.leaderelection.pre-vote = false (custom)
2021-09-16 19:34:53,258 [1226f225-3abd-46f9-90c8-da28d00f4d36@group-D3A07527D82D-FollowerState] INFO  impl.RoleInfo (RoleInfo.java:updateAndGet(130)) - 1226f225-3abd-46f9-90c8-da28d00f4d36: start 1226f225-3abd-46f9-90c8-da28d00f4d36@group-D3A07527D82D-LeaderElection90
2021-09-16 19:34:53,286 [1226f225-3abd-46f9-90c8-da28d00f4d36@group-D3A07527D82D-LeaderElection90] INFO  impl.LeaderElection (LeaderElection.java:askForVotes(306)) - 1226f225-3abd-46f9-90c8-da28d00f4d36@group-D3A07527D82D-LeaderElection90 ELECTION round 0: submit vote requests at term 1 for -1: [1226f225-3abd-46f9-90c8-da28d00f4d36|rpc:10.1.0.5:44993|priority:0, e8f13dfe-2d88-44e3-8dd8-bc613bb80fa9|rpc:10.1.0.5:42057|priority:0, de4d5c13-4a27-410b-b35a-5584c5652eab|rpc:10.1.0.5:33691|priority:1], old=null
2021-09-16 19:34:53,396 [grpc-default-executor-5] INFO  server.RaftServer$Division (RaftServerImpl.java:requestVote(1043)) - e8f13dfe-2d88-44e3-8dd8-bc613bb80fa9@group-D3A07527D82D: receive requestVote(ELECTION, 1226f225-3abd-46f9-90c8-da28d00f4d36, group-D3A07527D82D, 1, (t:0, i:0))
2021-09-16 19:34:53,396 [grpc-default-executor-5] INFO  impl.VoteContext (VoteContext.java:log(48)) - e8f13dfe-2d88-44e3-8dd8-bc613bb80fa9@group-D3A07527D82D-FOLLOWER: accept ELECTION from 1226f225-3abd-46f9-90c8-da28d00f4d36: our priority 0 <= candidate's priority 0
2021-09-16 19:34:53,396 [grpc-default-executor-5] INFO  server.RaftServer$Division (RaftServerImpl.java:setRole(285)) - e8f13dfe-2d88-44e3-8dd8-bc613bb80fa9@group-D3A07527D82D: changes role from  FOLLOWER to FOLLOWER at term 1 for candidate:1226f225-3abd-46f9-90c8-da28d00f4d36
2021-09-16 19:34:53,396 [grpc-default-executor-5] INFO  impl.RoleInfo (RoleInfo.java:shutdownFollowerState(108)) - e8f13dfe-2d88-44e3-8dd8-bc613bb80fa9: shutdown e8f13dfe-2d88-44e3-8dd8-bc613bb80fa9@group-D3A07527D82D-FollowerState
2021-09-16 19:34:53,396 [grpc-default-executor-5] INFO  impl.RoleInfo (RoleInfo.java:updateAndGet(130)) - e8f13dfe-2d88-44e3-8dd8-bc613bb80fa9: start e8f13dfe-2d88-44e3-8dd8-bc613bb80fa9@group-D3A07527D82D-FollowerState
2021-09-16 19:34:53,396 [e8f13dfe-2d88-44e3-8dd8-bc613bb80fa9@group-D3A07527D82D-FollowerState] INFO  impl.FollowerState (FollowerState.java:run(143)) - e8f13dfe-2d88-44e3-8dd8-bc613bb80fa9@group-D3A07527D82D-FollowerState was interrupted: {}
java.lang.InterruptedException: sleep interrupted
	at java.lang.Thread.sleep(Native Method)
	at java.lang.Thread.sleep(Thread.java:340)
	at java.util.concurrent.TimeUnit.sleep(TimeUnit.java:386)
	at org.apache.ratis.util.TimeDuration.sleep(TimeDuration.java:324)
	at org.apache.ratis.util.TimeDuration.sleep(TimeDuration.java:309)
	at org.apache.ratis.server.impl.FollowerState.run(FollowerState.java:118)
2021-09-16 19:34:53,399 [grpc-default-executor-3] INFO  server.RaftServer$Division (RaftServerImpl.java:requestVote(1043)) - de4d5c13-4a27-410b-b35a-5584c5652eab@group-D3A07527D82D: receive requestVote(ELECTION, 1226f225-3abd-46f9-90c8-da28d00f4d36, group-D3A07527D82D, 1, (t:0, i:0))
2021-09-16 19:34:53,399 [grpc-default-executor-3] INFO  impl.VoteContext (VoteContext.java:log(48)) - de4d5c13-4a27-410b-b35a-5584c5652eab@group-D3A07527D82D-FOLLOWER: reject ELECTION from 1226f225-3abd-46f9-90c8-da28d00f4d36: our priority 1 > candidate's priority 0
2021-09-16 19:34:53,399 [grpc-default-executor-3] INFO  server.RaftServer$Division (RaftServerImpl.java:setRole(285)) - de4d5c13-4a27-410b-b35a-5584c5652eab@group-D3A07527D82D: changes role from  FOLLOWER to FOLLOWER at term 1 for candidate:1226f225-3abd-46f9-90c8-da28d00f4d36
2021-09-16 19:34:53,399 [grpc-default-executor-3] INFO  impl.RoleInfo (RoleInfo.java:shutdownFollowerState(108)) - de4d5c13-4a27-410b-b35a-5584c5652eab: shutdown de4d5c13-4a27-410b-b35a-5584c5652eab@group-D3A07527D82D-FollowerState
2021-09-16 19:34:53,410 [grpc-default-executor-3] INFO  impl.RoleInfo (RoleInfo.java:updateAndGet(130)) - de4d5c13-4a27-410b-b35a-5584c5652eab: start de4d5c13-4a27-410b-b35a-5584c5652eab@group-D3A07527D82D-FollowerState
2021-09-16 19:34:53,410 [de4d5c13-4a27-410b-b35a-5584c5652eab@group-D3A07527D82D-FollowerState] INFO  impl.FollowerState (FollowerState.java:run(143)) - de4d5c13-4a27-410b-b35a-5584c5652eab@group-D3A07527D82D-FollowerState was interrupted: {}
java.lang.InterruptedException: sleep interrupted
	at java.lang.Thread.sleep(Native Method)
	at java.lang.Thread.sleep(Thread.java:340)
	at java.util.concurrent.TimeUnit.sleep(TimeUnit.java:386)
	at org.apache.ratis.util.TimeDuration.sleep(TimeDuration.java:324)
	at org.apache.ratis.util.TimeDuration.sleep(TimeDuration.java:309)
	at org.apache.ratis.server.impl.FollowerState.run(FollowerState.java:118)
2021-09-16 19:34:53,478 [grpc-default-executor-3] INFO  server.RaftServer$Division (RaftServerImpl.java:requestVote(1075)) - de4d5c13-4a27-410b-b35a-5584c5652eab@group-D3A07527D82D replies to ELECTION vote request: 1226f225-3abd-46f9-90c8-da28d00f4d36<-de4d5c13-4a27-410b-b35a-5584c5652eab#0:FAIL-t1. Peer's state: de4d5c13-4a27-410b-b35a-5584c5652eab@group-D3A07527D82D:t1, leader=null, voted=null, raftlog=de4d5c13-4a27-410b-b35a-5584c5652eab@group-D3A07527D82D-SegmentedRaftLog:OPENED:c-1,f-1,i0, conf=-1: [1226f225-3abd-46f9-90c8-da28d00f4d36|rpc:10.1.0.5:44993|dataStream:|priority:0, e8f13dfe-2d88-44e3-8dd8-bc613bb80fa9|rpc:10.1.0.5:42057|dataStream:|priority:0, de4d5c13-4a27-410b-b35a-5584c5652eab|rpc:10.1.0.5:33691|dataStream:|priority:1], old=null
2021-09-16 19:34:53,479 [grpc-default-executor-5] INFO  server.RaftServer$Division (RaftServerImpl.java:requestVote(1075)) - e8f13dfe-2d88-44e3-8dd8-bc613bb80fa9@group-D3A07527D82D replies to ELECTION vote request: 1226f225-3abd-46f9-90c8-da28d00f4d36<-e8f13dfe-2d88-44e3-8dd8-bc613bb80fa9#0:OK-t1. Peer's state: e8f13dfe-2d88-44e3-8dd8-bc613bb80fa9@group-D3A07527D82D:t1, leader=null, voted=1226f225-3abd-46f9-90c8-da28d00f4d36, raftlog=e8f13dfe-2d88-44e3-8dd8-bc613bb80fa9@group-D3A07527D82D-SegmentedRaftLog:OPENED:c-1,f-1,i0, conf=-1: [1226f225-3abd-46f9-90c8-da28d00f4d36|rpc:10.1.0.5:44993|dataStream:|priority:0, e8f13dfe-2d88-44e3-8dd8-bc613bb80fa9|rpc:10.1.0.5:42057|dataStream:|priority:0, de4d5c13-4a27-410b-b35a-5584c5652eab|rpc:10.1.0.5:33691|dataStream:|priority:1], old=null
2021-09-16 19:34:53,485 [1226f225-3abd-46f9-90c8-da28d00f4d36@group-D3A07527D82D-LeaderElection90] INFO  impl.LeaderElection (LeaderElection.java:logAndReturn(89)) - 1226f225-3abd-46f9-90c8-da28d00f4d36@group-D3A07527D82D-LeaderElection90: ELECTION REJECTED received 1 response(s) and 0 exception(s):
2021-09-16 19:34:53,485 [1226f225-3abd-46f9-90c8-da28d00f4d36@group-D3A07527D82D-LeaderElection90] INFO  impl.LeaderElection (LeaderElection.java:logAndReturn(93)) -   Response 0: 1226f225-3abd-46f9-90c8-da28d00f4d36<-de4d5c13-4a27-410b-b35a-5584c5652eab#0:FAIL-t1
2021-09-16 19:34:53,485 [1226f225-3abd-46f9-90c8-da28d00f4d36@group-D3A07527D82D-LeaderElection90] INFO  impl.LeaderElection (LeaderElection.java:askForVotes(308)) - 1226f225-3abd-46f9-90c8-da28d00f4d36@group-D3A07527D82D-LeaderElection90 ELECTION round 0: result REJECTED
2021-09-16 19:34:53,486 [1226f225-3abd-46f9-90c8-da28d00f4d36@group-D3A07527D82D-LeaderElection90] INFO  server.RaftServer$Division (RaftServerImpl.java:setRole(285)) - 1226f225-3abd-46f9-90c8-da28d00f4d36@group-D3A07527D82D: changes role from CANDIDATE to FOLLOWER at term 1 for REJECTED
2021-09-16 19:34:53,486 [1226f225-3abd-46f9-90c8-da28d00f4d36@group-D3A07527D82D-LeaderElection90] INFO  impl.RoleInfo (RoleInfo.java:shutdownLeaderElection(121)) - 1226f225-3abd-46f9-90c8-da28d00f4d36: shutdown 1226f225-3abd-46f9-90c8-da28d00f4d36@group-D3A07527D82D-LeaderElection90
2021-09-16 19:34:53,486 [1226f225-3abd-46f9-90c8-da28d00f4d36@group-D3A07527D82D-LeaderElection90] INFO  impl.RoleInfo (RoleInfo.java:updateAndGet(130)) - 1226f225-3abd-46f9-90c8-da28d00f4d36: start 1226f225-3abd-46f9-90c8-da28d00f4d36@group-D3A07527D82D-FollowerState
2021-09-16 19:34:53,793 [e8f13dfe-2d88-44e3-8dd8-bc613bb80fa9@group-43B6F6859F31-FollowerState] INFO  impl.FollowerState (FollowerState.java:run(134)) - e8f13dfe-2d88-44e3-8dd8-bc613bb80fa9@group-43B6F6859F31-FollowerState: change to CANDIDATE, lastRpcElapsedTime:5011140844ns, electionTimeout:5010ms
2021-09-16 19:34:53,793 [e8f13dfe-2d88-44e3-8dd8-bc613bb80fa9@group-43B6F6859F31-FollowerState] INFO  impl.RoleInfo (RoleInfo.java:shutdownFollowerState(108)) - e8f13dfe-2d88-44e3-8dd8-bc613bb80fa9: shutdown e8f13dfe-2d88-44e3-8dd8-bc613bb80fa9@group-43B6F6859F31-FollowerState
2021-09-16 19:34:53,793 [e8f13dfe-2d88-44e3-8dd8-bc613bb80fa9@group-43B6F6859F31-FollowerState] INFO  server.RaftServer$Division (RaftServerImpl.java:setRole(285)) - e8f13dfe-2d88-44e3-8dd8-bc613bb80fa9@group-43B6F6859F31: changes role from  FOLLOWER to CANDIDATE at term 0 for changeToCandidate
2021-09-16 19:34:53,795 [e8f13dfe-2d88-44e3-8dd8-bc613bb80fa9@group-43B6F6859F31-FollowerState] INFO  server.RaftServerConfigKeys (ConfUtils.java:logGet(44)) - raft.server.leaderelection.pre-vote = false (custom)
2021-09-16 19:34:53,795 [e8f13dfe-2d88-44e3-8dd8-bc613bb80fa9@group-43B6F6859F31-FollowerState] INFO  impl.RoleInfo (RoleInfo.java:updateAndGet(130)) - e8f13dfe-2d88-44e3-8dd8-bc613bb80fa9: start e8f13dfe-2d88-44e3-8dd8-bc613bb80fa9@group-43B6F6859F31-LeaderElection91
2021-09-16 19:34:53,875 [e8f13dfe-2d88-44e3-8dd8-bc613bb80fa9@group-43B6F6859F31-LeaderElection91] INFO  impl.LeaderElection (LeaderElection.java:askForVotes(306)) - e8f13dfe-2d88-44e3-8dd8-bc613bb80fa9@group-43B6F6859F31-LeaderElection91 ELECTION round 0: submit vote requests at term 1 for -1: [e8f13dfe-2d88-44e3-8dd8-bc613bb80fa9|rpc:10.1.0.5:42057|priority:1], old=null
2021-09-16 19:34:53,876 [e8f13dfe-2d88-44e3-8dd8-bc613bb80fa9@group-43B6F6859F31-LeaderElection91] INFO  impl.LeaderElection (LeaderElection.java:askForVotes(308)) - e8f13dfe-2d88-44e3-8dd8-bc613bb80fa9@group-43B6F6859F31-LeaderElection91 ELECTION round 0: result PASSED (term=1)
2021-09-16 19:34:53,876 [e8f13dfe-2d88-44e3-8dd8-bc613bb80fa9@group-43B6F6859F31-LeaderElection91] INFO  impl.RoleInfo (RoleInfo.java:shutdownLeaderElection(121)) - e8f13dfe-2d88-44e3-8dd8-bc613bb80fa9: shutdown e8f13dfe-2d88-44e3-8dd8-bc613bb80fa9@group-43B6F6859F31-LeaderElection91
2021-09-16 19:34:53,876 [e8f13dfe-2d88-44e3-8dd8-bc613bb80fa9@group-43B6F6859F31-LeaderElection91] INFO  server.RaftServer$Division (RaftServerImpl.java:setRole(285)) - e8f13dfe-2d88-44e3-8dd8-bc613bb80fa9@group-43B6F6859F31: changes role from CANDIDATE to LEADER at term 1 for changeToLeader
2021-09-16 19:34:53,876 [e8f13dfe-2d88-44e3-8dd8-bc613bb80fa9@group-43B6F6859F31-LeaderElection91] INFO  ratis.XceiverServerRatis (XceiverServerRatis.java:handleLeaderChangedNotification(860)) - Leader change notification received for group: group-43B6F6859F31 with new leaderId: e8f13dfe-2d88-44e3-8dd8-bc613bb80fa9
2021-09-16 19:34:53,876 [e8f13dfe-2d88-44e3-8dd8-bc613bb80fa9@group-43B6F6859F31-LeaderElection91] INFO  server.RaftServer$Division (ServerState.java:setLeader(285)) - e8f13dfe-2d88-44e3-8dd8-bc613bb80fa9@group-43B6F6859F31: change Leader from null to e8f13dfe-2d88-44e3-8dd8-bc613bb80fa9 at term 1 for becomeLeader, leader elected after 5105ms
2021-09-16 19:34:53,876 [e8f13dfe-2d88-44e3-8dd8-bc613bb80fa9@group-43B6F6859F31-LeaderElection91] INFO  server.RaftServerConfigKeys (ConfUtils.java:logGet(44)) - raft.server.staging.catchup.gap = 1000 (default)
2021-09-16 19:34:53,876 [Datanode State Machine Thread - 0] WARN  statemachine.StateContext (StateContext.java:execute(621)) - No available thread in pool for past 1 seconds.
2021-09-16 19:34:53,876 [e8f13dfe-2d88-44e3-8dd8-bc613bb80fa9@group-43B6F6859F31-LeaderElection91] INFO  server.RaftServerConfigKeys (ConfUtils.java:logGet(44)) - raft.server.write.element-limit = 1024 (custom)
2021-09-16 19:34:53,877 [e8f13dfe-2d88-44e3-8dd8-bc613bb80fa9@group-43B6F6859F31-LeaderElection91] INFO  server.RaftServerConfigKeys (ConfUtils.java:logGet(44)) - raft.server.write.byte-limit = 1024 M (=1073741824) (custom)
2021-09-16 19:34:53,877 [EventQueue-OpenPipelineForHealthyPipelineSafeModeRule] INFO  safemode.SCMSafeModeManager (HealthyPipelineSafeModeRule.java:process(124)) - SCM in safe mode. Healthy pipelines reported count is 0, required healthy pipeline reported count is 1
2021-09-16 19:34:53,877 [e8f13dfe-2d88-44e3-8dd8-bc613bb80fa9@group-43B6F6859F31-LeaderElection91] INFO  server.RaftServerConfigKeys (ConfUtils.java:logGet(44)) - raft.server.watch.timeout = 3000ms (custom)
2021-09-16 19:34:53,877 [e8f13dfe-2d88-44e3-8dd8-bc613bb80fa9@group-43B6F6859F31-LeaderElection91] INFO  server.RaftServerConfigKeys (ConfUtils.java:logGet(44)) - raft.server.watch.timeout.denomination = 1s (default)
2021-09-16 19:34:53,877 [e8f13dfe-2d88-44e3-8dd8-bc613bb80fa9@group-43B6F6859F31-LeaderElection91] INFO  server.RaftServerConfigKeys (ConfUtils.java:logGet(44)) - raft.server.watch.element-limit = 65536 (default)
2021-09-16 19:34:53,878 [e8f13dfe-2d88-44e3-8dd8-bc613bb80fa9@group-43B6F6859F31-LeaderElection91] INFO  impl.RoleInfo (RoleInfo.java:updateAndGet(130)) - e8f13dfe-2d88-44e3-8dd8-bc613bb80fa9: start e8f13dfe-2d88-44e3-8dd8-bc613bb80fa9@group-43B6F6859F31-LeaderStateImpl
2021-09-16 19:34:53,878 [e8f13dfe-2d88-44e3-8dd8-bc613bb80fa9@group-43B6F6859F31-LeaderElection91] INFO  segmented.SegmentedRaftLogWorker (SegmentedRaftLogWorker.java:startLogSegment(394)) - e8f13dfe-2d88-44e3-8dd8-bc613bb80fa9@group-43B6F6859F31-SegmentedRaftLogWorker: Starting segment from index:0
2021-09-16 19:34:53,880 [e8f13dfe-2d88-44e3-8dd8-bc613bb80fa9@group-43B6F6859F31-SegmentedRaftLogWorker] INFO  segmented.SegmentedRaftLogWorker (SegmentedRaftLogWorker.java:execute(601)) - e8f13dfe-2d88-44e3-8dd8-bc613bb80fa9@group-43B6F6859F31-SegmentedRaftLogWorker: created new log segment /home/runner/work/ozone/ozone/hadoop-ozone/integration-test/target/test-dir/MiniOzoneClusterImpl-4c5ee767-53d0-43e8-b9fb-bc60904004ee/datanode-4/data/ratis/254d7187-a969-4d72-a6be-43b6f6859f31/current/log_inprogress_0
2021-09-16 19:34:53,887 [e8f13dfe-2d88-44e3-8dd8-bc613bb80fa9@group-43B6F6859F31-LeaderElection91] INFO  server.RaftServer$Division (ServerState.java:setRaftConf(387)) - e8f13dfe-2d88-44e3-8dd8-bc613bb80fa9@group-43B6F6859F31: set configuration 0: [e8f13dfe-2d88-44e3-8dd8-bc613bb80fa9|rpc:10.1.0.5:42057|dataStream:|priority:1], old=null
2021-09-16 19:34:54,246 [Listener at 127.0.0.1/43789] INFO  ozone.MiniOzoneClusterImpl (MiniOzoneClusterImpl.java:lambda$waitForClusterToBeReady$0(235)) - Nodes are ready. Got 9 of 9 DN Heartbeats.
2021-09-16 19:34:54,246 [Listener at 127.0.0.1/43789] INFO  ozone.MiniOzoneClusterImpl (MiniOzoneClusterImpl.java:lambda$waitForClusterToBeReady$0(238)) - Waiting for cluster to exit safe mode
2021-09-16 19:34:54,247 [Listener at 127.0.0.1/43789] INFO  ozone.MiniOzoneClusterImpl (MiniOzoneClusterImpl.java:lambda$waitForClusterToBeReady$0(240)) - SCM became leader
2021-09-16 19:34:54,758 [de4d5c13-4a27-410b-b35a-5584c5652eab@group-10A05C49AC01-FollowerState] INFO  impl.FollowerState (FollowerState.java:run(134)) - de4d5c13-4a27-410b-b35a-5584c5652eab@group-10A05C49AC01-FollowerState: change to CANDIDATE, lastRpcElapsedTime:5191500602ns, electionTimeout:5190ms
2021-09-16 19:34:54,758 [de4d5c13-4a27-410b-b35a-5584c5652eab@group-10A05C49AC01-FollowerState] INFO  impl.RoleInfo (RoleInfo.java:shutdownFollowerState(108)) - de4d5c13-4a27-410b-b35a-5584c5652eab: shutdown de4d5c13-4a27-410b-b35a-5584c5652eab@group-10A05C49AC01-FollowerState
2021-09-16 19:34:54,758 [de4d5c13-4a27-410b-b35a-5584c5652eab@group-10A05C49AC01-FollowerState] INFO  server.RaftServer$Division (RaftServerImpl.java:setRole(285)) - de4d5c13-4a27-410b-b35a-5584c5652eab@group-10A05C49AC01: changes role from  FOLLOWER to CANDIDATE at term 0 for changeToCandidate
2021-09-16 19:34:54,760 [de4d5c13-4a27-410b-b35a-5584c5652eab@group-10A05C49AC01-FollowerState] INFO  server.RaftServerConfigKeys (ConfUtils.java:logGet(44)) - raft.server.leaderelection.pre-vote = false (custom)
2021-09-16 19:34:54,760 [de4d5c13-4a27-410b-b35a-5584c5652eab@group-10A05C49AC01-FollowerState] INFO  impl.RoleInfo (RoleInfo.java:updateAndGet(130)) - de4d5c13-4a27-410b-b35a-5584c5652eab: start de4d5c13-4a27-410b-b35a-5584c5652eab@group-10A05C49AC01-LeaderElection92
2021-09-16 19:34:54,809 [de4d5c13-4a27-410b-b35a-5584c5652eab@group-10A05C49AC01-LeaderElection92] INFO  impl.LeaderElection (LeaderElection.java:askForVotes(306)) - de4d5c13-4a27-410b-b35a-5584c5652eab@group-10A05C49AC01-LeaderElection92 ELECTION round 0: submit vote requests at term 1 for -1: [de4d5c13-4a27-410b-b35a-5584c5652eab|rpc:10.1.0.5:33691|priority:1], old=null
2021-09-16 19:34:54,809 [de4d5c13-4a27-410b-b35a-5584c5652eab@group-10A05C49AC01-LeaderElection92] INFO  impl.LeaderElection (LeaderElection.java:askForVotes(308)) - de4d5c13-4a27-410b-b35a-5584c5652eab@group-10A05C49AC01-LeaderElection92 ELECTION round 0: result PASSED (term=1)
2021-09-16 19:34:54,809 [de4d5c13-4a27-410b-b35a-5584c5652eab@group-10A05C49AC01-LeaderElection92] INFO  impl.RoleInfo (RoleInfo.java:shutdownLeaderElection(121)) - de4d5c13-4a27-410b-b35a-5584c5652eab: shutdown de4d5c13-4a27-410b-b35a-5584c5652eab@group-10A05C49AC01-LeaderElection92
2021-09-16 19:34:54,810 [de4d5c13-4a27-410b-b35a-5584c5652eab@group-10A05C49AC01-LeaderElection92] INFO  server.RaftServer$Division (RaftServerImpl.java:setRole(285)) - de4d5c13-4a27-410b-b35a-5584c5652eab@group-10A05C49AC01: changes role from CANDIDATE to LEADER at term 1 for changeToLeader
2021-09-16 19:34:54,810 [de4d5c13-4a27-410b-b35a-5584c5652eab@group-10A05C49AC01-LeaderElection92] INFO  ratis.XceiverServerRatis (XceiverServerRatis.java:handleLeaderChangedNotification(860)) - Leader change notification received for group: group-10A05C49AC01 with new leaderId: de4d5c13-4a27-410b-b35a-5584c5652eab
2021-09-16 19:34:54,810 [de4d5c13-4a27-410b-b35a-5584c5652eab@group-10A05C49AC01-LeaderElection92] INFO  server.RaftServer$Division (ServerState.java:setLeader(285)) - de4d5c13-4a27-410b-b35a-5584c5652eab@group-10A05C49AC01: change Leader from null to de4d5c13-4a27-410b-b35a-5584c5652eab at term 1 for becomeLeader, leader elected after 5257ms
2021-09-16 19:34:54,810 [de4d5c13-4a27-410b-b35a-5584c5652eab@group-10A05C49AC01-LeaderElection92] INFO  server.RaftServerConfigKeys (ConfUtils.java:logGet(44)) - raft.server.staging.catchup.gap = 1000 (default)
2021-09-16 19:34:54,810 [Datanode State Machine Thread - 0] WARN  statemachine.StateContext (StateContext.java:execute(621)) - No available thread in pool for past 1 seconds.
2021-09-16 19:34:54,810 [de4d5c13-4a27-410b-b35a-5584c5652eab@group-10A05C49AC01-LeaderElection92] INFO  server.RaftServerConfigKeys (ConfUtils.java:logGet(44)) - raft.server.write.element-limit = 1024 (custom)
2021-09-16 19:34:54,810 [de4d5c13-4a27-410b-b35a-5584c5652eab@group-10A05C49AC01-LeaderElection92] INFO  server.RaftServerConfigKeys (ConfUtils.java:logGet(44)) - raft.server.write.byte-limit = 1024 M (=1073741824) (custom)
2021-09-16 19:34:54,811 [de4d5c13-4a27-410b-b35a-5584c5652eab@group-10A05C49AC01-LeaderElection92] INFO  server.RaftServerConfigKeys (ConfUtils.java:logGet(44)) - raft.server.watch.timeout = 3000ms (custom)
2021-09-16 19:34:54,811 [de4d5c13-4a27-410b-b35a-5584c5652eab@group-10A05C49AC01-LeaderElection92] INFO  server.RaftServerConfigKeys (ConfUtils.java:logGet(44)) - raft.server.watch.timeout.denomination = 1s (default)
2021-09-16 19:34:54,811 [de4d5c13-4a27-410b-b35a-5584c5652eab@group-10A05C49AC01-LeaderElection92] INFO  server.RaftServerConfigKeys (ConfUtils.java:logGet(44)) - raft.server.watch.element-limit = 65536 (default)
2021-09-16 19:34:54,811 [de4d5c13-4a27-410b-b35a-5584c5652eab@group-10A05C49AC01-LeaderElection92] INFO  impl.RoleInfo (RoleInfo.java:updateAndGet(130)) - de4d5c13-4a27-410b-b35a-5584c5652eab: start de4d5c13-4a27-410b-b35a-5584c5652eab@group-10A05C49AC01-LeaderStateImpl
2021-09-16 19:34:54,811 [de4d5c13-4a27-410b-b35a-5584c5652eab@group-10A05C49AC01-LeaderElection92] INFO  segmented.SegmentedRaftLogWorker (SegmentedRaftLogWorker.java:startLogSegment(394)) - de4d5c13-4a27-410b-b35a-5584c5652eab@group-10A05C49AC01-SegmentedRaftLogWorker: Starting segment from index:0
2021-09-16 19:34:54,813 [de4d5c13-4a27-410b-b35a-5584c5652eab@group-10A05C49AC01-SegmentedRaftLogWorker] INFO  segmented.SegmentedRaftLogWorker (SegmentedRaftLogWorker.java:execute(601)) - de4d5c13-4a27-410b-b35a-5584c5652eab@group-10A05C49AC01-SegmentedRaftLogWorker: created new log segment /home/runner/work/ozone/ozone/hadoop-ozone/integration-test/target/test-dir/MiniOzoneClusterImpl-4c5ee767-53d0-43e8-b9fb-bc60904004ee/datanode-5/data/ratis/1ae849a2-9881-49da-8ddb-10a05c49ac01/current/log_inprogress_0
2021-09-16 19:34:54,817 [EventQueue-OpenPipelineForHealthyPipelineSafeModeRule] INFO  safemode.SCMSafeModeManager (HealthyPipelineSafeModeRule.java:process(124)) - SCM in safe mode. Healthy pipelines reported count is 0, required healthy pipeline reported count is 1
2021-09-16 19:34:54,823 [de4d5c13-4a27-410b-b35a-5584c5652eab@group-10A05C49AC01-LeaderElection92] INFO  server.RaftServer$Division (ServerState.java:setRaftConf(387)) - de4d5c13-4a27-410b-b35a-5584c5652eab@group-10A05C49AC01: set configuration 0: [de4d5c13-4a27-410b-b35a-5584c5652eab|rpc:10.1.0.5:33691|dataStream:|priority:1], old=null
2021-09-16 19:34:55,247 [Listener at 127.0.0.1/43789] INFO  ozone.MiniOzoneClusterImpl (MiniOzoneClusterImpl.java:lambda$waitForClusterToBeReady$0(235)) - Nodes are ready. Got 9 of 9 DN Heartbeats.
2021-09-16 19:34:55,247 [Listener at 127.0.0.1/43789] INFO  ozone.MiniOzoneClusterImpl (MiniOzoneClusterImpl.java:lambda$waitForClusterToBeReady$0(238)) - Waiting for cluster to exit safe mode
2021-09-16 19:34:55,247 [Listener at 127.0.0.1/43789] INFO  ozone.MiniOzoneClusterImpl (MiniOzoneClusterImpl.java:lambda$waitForClusterToBeReady$0(240)) - SCM became leader
2021-09-16 19:34:55,973 [22678529-1571-490a-85b9-2142d4a575d8@group-39C371FD3A13-FollowerState] INFO  impl.FollowerState (FollowerState.java:run(134)) - 22678529-1571-490a-85b9-2142d4a575d8@group-39C371FD3A13-FollowerState: change to CANDIDATE, lastRpcElapsedTime:5164603742ns, electionTimeout:5156ms
2021-09-16 19:34:55,973 [22678529-1571-490a-85b9-2142d4a575d8@group-39C371FD3A13-FollowerState] INFO  impl.RoleInfo (RoleInfo.java:shutdownFollowerState(108)) - 22678529-1571-490a-85b9-2142d4a575d8: shutdown 22678529-1571-490a-85b9-2142d4a575d8@group-39C371FD3A13-FollowerState
2021-09-16 19:34:55,973 [22678529-1571-490a-85b9-2142d4a575d8@group-39C371FD3A13-FollowerState] INFO  server.RaftServer$Division (RaftServerImpl.java:setRole(285)) - 22678529-1571-490a-85b9-2142d4a575d8@group-39C371FD3A13: changes role from  FOLLOWER to CANDIDATE at term 0 for changeToCandidate
2021-09-16 19:34:55,975 [22678529-1571-490a-85b9-2142d4a575d8@group-39C371FD3A13-FollowerState] INFO  server.RaftServerConfigKeys (ConfUtils.java:logGet(44)) - raft.server.leaderelection.pre-vote = false (custom)
2021-09-16 19:34:55,975 [22678529-1571-490a-85b9-2142d4a575d8@group-39C371FD3A13-FollowerState] INFO  impl.RoleInfo (RoleInfo.java:updateAndGet(130)) - 22678529-1571-490a-85b9-2142d4a575d8: start 22678529-1571-490a-85b9-2142d4a575d8@group-39C371FD3A13-LeaderElection93
2021-09-16 19:34:56,054 [22678529-1571-490a-85b9-2142d4a575d8@group-39C371FD3A13-LeaderElection93] INFO  impl.LeaderElection (LeaderElection.java:askForVotes(306)) - 22678529-1571-490a-85b9-2142d4a575d8@group-39C371FD3A13-LeaderElection93 ELECTION round 0: submit vote requests at term 1 for -1: [22678529-1571-490a-85b9-2142d4a575d8|rpc:10.1.0.5:32787|priority:1], old=null
2021-09-16 19:34:56,054 [22678529-1571-490a-85b9-2142d4a575d8@group-39C371FD3A13-LeaderElection93] INFO  impl.LeaderElection (LeaderElection.java:askForVotes(308)) - 22678529-1571-490a-85b9-2142d4a575d8@group-39C371FD3A13-LeaderElection93 ELECTION round 0: result PASSED (term=1)
2021-09-16 19:34:56,054 [22678529-1571-490a-85b9-2142d4a575d8@group-39C371FD3A13-LeaderElection93] INFO  impl.RoleInfo (RoleInfo.java:shutdownLeaderElection(121)) - 22678529-1571-490a-85b9-2142d4a575d8: shutdown 22678529-1571-490a-85b9-2142d4a575d8@group-39C371FD3A13-LeaderElection93
2021-09-16 19:34:56,054 [22678529-1571-490a-85b9-2142d4a575d8@group-39C371FD3A13-LeaderElection93] INFO  server.RaftServer$Division (RaftServerImpl.java:setRole(285)) - 22678529-1571-490a-85b9-2142d4a575d8@group-39C371FD3A13: changes role from CANDIDATE to LEADER at term 1 for changeToLeader
2021-09-16 19:34:56,054 [22678529-1571-490a-85b9-2142d4a575d8@group-39C371FD3A13-LeaderElection93] INFO  ratis.XceiverServerRatis (XceiverServerRatis.java:handleLeaderChangedNotification(860)) - Leader change notification received for group: group-39C371FD3A13 with new leaderId: 22678529-1571-490a-85b9-2142d4a575d8
2021-09-16 19:34:56,069 [Datanode State Machine Thread - 0] WARN  statemachine.StateContext (StateContext.java:execute(621)) - No available thread in pool for past 1 seconds.
2021-09-16 19:34:56,070 [EventQueue-OpenPipelineForHealthyPipelineSafeModeRule] INFO  safemode.SCMSafeModeManager (HealthyPipelineSafeModeRule.java:process(124)) - SCM in safe mode. Healthy pipelines reported count is 0, required healthy pipeline reported count is 1
2021-09-16 19:34:56,073 [22678529-1571-490a-85b9-2142d4a575d8@group-39C371FD3A13-LeaderElection93] INFO  server.RaftServer$Division (ServerState.java:setLeader(285)) - 22678529-1571-490a-85b9-2142d4a575d8@group-39C371FD3A13: change Leader from null to 22678529-1571-490a-85b9-2142d4a575d8 at term 1 for becomeLeader, leader elected after 5272ms
2021-09-16 19:34:56,082 [22678529-1571-490a-85b9-2142d4a575d8@group-39C371FD3A13-LeaderElection93] INFO  server.RaftServerConfigKeys (ConfUtils.java:logGet(44)) - raft.server.staging.catchup.gap = 1000 (default)
2021-09-16 19:34:56,082 [22678529-1571-490a-85b9-2142d4a575d8@group-39C371FD3A13-LeaderElection93] INFO  server.RaftServerConfigKeys (ConfUtils.java:logGet(44)) - raft.server.write.element-limit = 1024 (custom)
2021-09-16 19:34:56,082 [22678529-1571-490a-85b9-2142d4a575d8@group-39C371FD3A13-LeaderElection93] INFO  server.RaftServerConfigKeys (ConfUtils.java:logGet(44)) - raft.server.write.byte-limit = 1024 M (=1073741824) (custom)
2021-09-16 19:34:56,083 [22678529-1571-490a-85b9-2142d4a575d8@group-39C371FD3A13-LeaderElection93] INFO  server.RaftServerConfigKeys (ConfUtils.java:logGet(44)) - raft.server.watch.timeout = 3000ms (custom)
2021-09-16 19:34:56,083 [22678529-1571-490a-85b9-2142d4a575d8@group-39C371FD3A13-LeaderElection93] INFO  server.RaftServerConfigKeys (ConfUtils.java:logGet(44)) - raft.server.watch.timeout.denomination = 1s (default)
2021-09-16 19:34:56,083 [22678529-1571-490a-85b9-2142d4a575d8@group-39C371FD3A13-LeaderElection93] INFO  server.RaftServerConfigKeys (ConfUtils.java:logGet(44)) - raft.server.watch.element-limit = 65536 (default)
2021-09-16 19:34:56,083 [22678529-1571-490a-85b9-2142d4a575d8@group-39C371FD3A13-LeaderElection93] INFO  impl.RoleInfo (RoleInfo.java:updateAndGet(130)) - 22678529-1571-490a-85b9-2142d4a575d8: start 22678529-1571-490a-85b9-2142d4a575d8@group-39C371FD3A13-LeaderStateImpl
2021-09-16 19:34:56,083 [22678529-1571-490a-85b9-2142d4a575d8@group-39C371FD3A13-LeaderElection93] INFO  segmented.SegmentedRaftLogWorker (SegmentedRaftLogWorker.java:startLogSegment(394)) - 22678529-1571-490a-85b9-2142d4a575d8@group-39C371FD3A13-SegmentedRaftLogWorker: Starting segment from index:0
2021-09-16 19:34:56,085 [22678529-1571-490a-85b9-2142d4a575d8@group-BBBDE90A5B3B-FollowerState] INFO  impl.FollowerState (FollowerState.java:run(134)) - 22678529-1571-490a-85b9-2142d4a575d8@group-BBBDE90A5B3B-FollowerState: change to CANDIDATE, lastRpcElapsedTime:5156927517ns, electionTimeout:5150ms
2021-09-16 19:34:56,092 [22678529-1571-490a-85b9-2142d4a575d8@group-BBBDE90A5B3B-FollowerState] INFO  impl.RoleInfo (RoleInfo.java:shutdownFollowerState(108)) - 22678529-1571-490a-85b9-2142d4a575d8: shutdown 22678529-1571-490a-85b9-2142d4a575d8@group-BBBDE90A5B3B-FollowerState
2021-09-16 19:34:56,092 [22678529-1571-490a-85b9-2142d4a575d8@group-BBBDE90A5B3B-FollowerState] INFO  server.RaftServer$Division (RaftServerImpl.java:setRole(285)) - 22678529-1571-490a-85b9-2142d4a575d8@group-BBBDE90A5B3B: changes role from  FOLLOWER to CANDIDATE at term 0 for changeToCandidate
2021-09-16 19:34:56,092 [22678529-1571-490a-85b9-2142d4a575d8@group-BBBDE90A5B3B-FollowerState] INFO  server.RaftServerConfigKeys (ConfUtils.java:logGet(44)) - raft.server.leaderelection.pre-vote = false (custom)
2021-09-16 19:34:56,092 [22678529-1571-490a-85b9-2142d4a575d8@group-BBBDE90A5B3B-FollowerState] INFO  impl.RoleInfo (RoleInfo.java:updateAndGet(130)) - 22678529-1571-490a-85b9-2142d4a575d8: start 22678529-1571-490a-85b9-2142d4a575d8@group-BBBDE90A5B3B-LeaderElection94
2021-09-16 19:34:56,113 [22678529-1571-490a-85b9-2142d4a575d8@group-39C371FD3A13-SegmentedRaftLogWorker] INFO  segmented.SegmentedRaftLogWorker (SegmentedRaftLogWorker.java:execute(601)) - 22678529-1571-490a-85b9-2142d4a575d8@group-39C371FD3A13-SegmentedRaftLogWorker: created new log segment /home/runner/work/ozone/ozone/hadoop-ozone/integration-test/target/test-dir/MiniOzoneClusterImpl-4c5ee767-53d0-43e8-b9fb-bc60904004ee/datanode-6/data/ratis/0592299e-244b-4065-b6c9-39c371fd3a13/current/log_inprogress_0
2021-09-16 19:34:56,136 [22678529-1571-490a-85b9-2142d4a575d8@group-39C371FD3A13-LeaderElection93] INFO  server.RaftServer$Division (ServerState.java:setRaftConf(387)) - 22678529-1571-490a-85b9-2142d4a575d8@group-39C371FD3A13: set configuration 0: [22678529-1571-490a-85b9-2142d4a575d8|rpc:10.1.0.5:32787|dataStream:|priority:1], old=null
2021-09-16 19:34:56,150 [22678529-1571-490a-85b9-2142d4a575d8@group-BBBDE90A5B3B-LeaderElection94] INFO  impl.LeaderElection (LeaderElection.java:askForVotes(306)) - 22678529-1571-490a-85b9-2142d4a575d8@group-BBBDE90A5B3B-LeaderElection94 ELECTION round 0: submit vote requests at term 1 for -1: [d325862d-5d90-442e-bb25-5d4329348a89|rpc:10.1.0.5:42511|priority:0, 17c51919-b33f-4a5f-9a86-1e5ebe529257|rpc:10.1.0.5:40963|priority:1, 22678529-1571-490a-85b9-2142d4a575d8|rpc:10.1.0.5:32787|priority:0], old=null
2021-09-16 19:34:56,223 [grpc-default-executor-5] INFO  server.RaftServer$Division (RaftServerImpl.java:requestVote(1043)) - 17c51919-b33f-4a5f-9a86-1e5ebe529257@group-BBBDE90A5B3B: receive requestVote(ELECTION, 22678529-1571-490a-85b9-2142d4a575d8, group-BBBDE90A5B3B, 1, (t:0, i:0))
2021-09-16 19:34:56,223 [grpc-default-executor-5] INFO  impl.VoteContext (VoteContext.java:log(48)) - 17c51919-b33f-4a5f-9a86-1e5ebe529257@group-BBBDE90A5B3B-FOLLOWER: reject ELECTION from 22678529-1571-490a-85b9-2142d4a575d8: our priority 1 > candidate's priority 0
2021-09-16 19:34:56,223 [grpc-default-executor-5] INFO  server.RaftServer$Division (RaftServerImpl.java:setRole(285)) - 17c51919-b33f-4a5f-9a86-1e5ebe529257@group-BBBDE90A5B3B: changes role from  FOLLOWER to FOLLOWER at term 1 for candidate:22678529-1571-490a-85b9-2142d4a575d8
2021-09-16 19:34:56,223 [grpc-default-executor-5] INFO  impl.RoleInfo (RoleInfo.java:shutdownFollowerState(108)) - 17c51919-b33f-4a5f-9a86-1e5ebe529257: shutdown 17c51919-b33f-4a5f-9a86-1e5ebe529257@group-BBBDE90A5B3B-FollowerState
2021-09-16 19:34:56,223 [grpc-default-executor-5] INFO  impl.RoleInfo (RoleInfo.java:updateAndGet(130)) - 17c51919-b33f-4a5f-9a86-1e5ebe529257: start 17c51919-b33f-4a5f-9a86-1e5ebe529257@group-BBBDE90A5B3B-FollowerState
2021-09-16 19:34:56,224 [17c51919-b33f-4a5f-9a86-1e5ebe529257@group-BBBDE90A5B3B-FollowerState] INFO  impl.FollowerState (FollowerState.java:run(143)) - 17c51919-b33f-4a5f-9a86-1e5ebe529257@group-BBBDE90A5B3B-FollowerState was interrupted: {}
java.lang.InterruptedException: sleep interrupted
	at java.lang.Thread.sleep(Native Method)
	at java.lang.Thread.sleep(Thread.java:340)
	at java.util.concurrent.TimeUnit.sleep(TimeUnit.java:386)
	at org.apache.ratis.util.TimeDuration.sleep(TimeDuration.java:324)
	at org.apache.ratis.util.TimeDuration.sleep(TimeDuration.java:309)
	at org.apache.ratis.server.impl.FollowerState.run(FollowerState.java:118)
2021-09-16 19:34:56,228 [grpc-default-executor-3] INFO  server.RaftServer$Division (RaftServerImpl.java:requestVote(1043)) - d325862d-5d90-442e-bb25-5d4329348a89@group-BBBDE90A5B3B: receive requestVote(ELECTION, 22678529-1571-490a-85b9-2142d4a575d8, group-BBBDE90A5B3B, 1, (t:0, i:0))
2021-09-16 19:34:56,228 [grpc-default-executor-3] INFO  impl.VoteContext (VoteContext.java:log(48)) - d325862d-5d90-442e-bb25-5d4329348a89@group-BBBDE90A5B3B-FOLLOWER: accept ELECTION from 22678529-1571-490a-85b9-2142d4a575d8: our priority 0 <= candidate's priority 0
2021-09-16 19:34:56,228 [grpc-default-executor-3] INFO  server.RaftServer$Division (RaftServerImpl.java:setRole(285)) - d325862d-5d90-442e-bb25-5d4329348a89@group-BBBDE90A5B3B: changes role from  FOLLOWER to FOLLOWER at term 1 for candidate:22678529-1571-490a-85b9-2142d4a575d8
2021-09-16 19:34:56,229 [grpc-default-executor-3] INFO  impl.RoleInfo (RoleInfo.java:shutdownFollowerState(108)) - d325862d-5d90-442e-bb25-5d4329348a89: shutdown d325862d-5d90-442e-bb25-5d4329348a89@group-BBBDE90A5B3B-FollowerState
2021-09-16 19:34:56,243 [grpc-default-executor-3] INFO  impl.RoleInfo (RoleInfo.java:updateAndGet(130)) - d325862d-5d90-442e-bb25-5d4329348a89: start d325862d-5d90-442e-bb25-5d4329348a89@group-BBBDE90A5B3B-FollowerState
2021-09-16 19:34:56,246 [grpc-default-executor-5] INFO  server.RaftServer$Division (RaftServerImpl.java:requestVote(1075)) - 17c51919-b33f-4a5f-9a86-1e5ebe529257@group-BBBDE90A5B3B replies to ELECTION vote request: 22678529-1571-490a-85b9-2142d4a575d8<-17c51919-b33f-4a5f-9a86-1e5ebe529257#0:FAIL-t1. Peer's state: 17c51919-b33f-4a5f-9a86-1e5ebe529257@group-BBBDE90A5B3B:t1, leader=null, voted=null, raftlog=17c51919-b33f-4a5f-9a86-1e5ebe529257@group-BBBDE90A5B3B-SegmentedRaftLog:OPENED:c-1,f-1,i0, conf=-1: [d325862d-5d90-442e-bb25-5d4329348a89|rpc:10.1.0.5:42511|dataStream:|priority:0, 17c51919-b33f-4a5f-9a86-1e5ebe529257|rpc:10.1.0.5:40963|dataStream:|priority:1, 22678529-1571-490a-85b9-2142d4a575d8|rpc:10.1.0.5:32787|dataStream:|priority:0], old=null
2021-09-16 19:34:56,248 [Listener at 127.0.0.1/43789] INFO  ozone.MiniOzoneClusterImpl (MiniOzoneClusterImpl.java:lambda$waitForClusterToBeReady$0(235)) - Nodes are ready. Got 9 of 9 DN Heartbeats.
2021-09-16 19:34:56,248 [Listener at 127.0.0.1/43789] INFO  ozone.MiniOzoneClusterImpl (MiniOzoneClusterImpl.java:lambda$waitForClusterToBeReady$0(238)) - Waiting for cluster to exit safe mode
2021-09-16 19:34:56,248 [Listener at 127.0.0.1/43789] INFO  ozone.MiniOzoneClusterImpl (MiniOzoneClusterImpl.java:lambda$waitForClusterToBeReady$0(240)) - SCM became leader
2021-09-16 19:34:56,261 [d325862d-5d90-442e-bb25-5d4329348a89@group-BBBDE90A5B3B-FollowerState] INFO  impl.FollowerState (FollowerState.java:run(143)) - d325862d-5d90-442e-bb25-5d4329348a89@group-BBBDE90A5B3B-FollowerState was interrupted: {}
java.lang.InterruptedException: sleep interrupted
	at java.lang.Thread.sleep(Native Method)
	at java.lang.Thread.sleep(Thread.java:340)
	at java.util.concurrent.TimeUnit.sleep(TimeUnit.java:386)
	at org.apache.ratis.util.TimeDuration.sleep(TimeDuration.java:324)
	at org.apache.ratis.util.TimeDuration.sleep(TimeDuration.java:309)
	at org.apache.ratis.server.impl.FollowerState.run(FollowerState.java:118)
2021-09-16 19:34:56,267 [22678529-1571-490a-85b9-2142d4a575d8@group-BBBDE90A5B3B-LeaderElection94] INFO  impl.LeaderElection (LeaderElection.java:logAndReturn(89)) - 22678529-1571-490a-85b9-2142d4a575d8@group-BBBDE90A5B3B-LeaderElection94: ELECTION REJECTED received 1 response(s) and 0 exception(s):
2021-09-16 19:34:56,267 [22678529-1571-490a-85b9-2142d4a575d8@group-BBBDE90A5B3B-LeaderElection94] INFO  impl.LeaderElection (LeaderElection.java:logAndReturn(93)) -   Response 0: 22678529-1571-490a-85b9-2142d4a575d8<-17c51919-b33f-4a5f-9a86-1e5ebe529257#0:FAIL-t1
2021-09-16 19:34:56,322 [22678529-1571-490a-85b9-2142d4a575d8@group-BBBDE90A5B3B-LeaderElection94] INFO  impl.LeaderElection (LeaderElection.java:askForVotes(308)) - 22678529-1571-490a-85b9-2142d4a575d8@group-BBBDE90A5B3B-LeaderElection94 ELECTION round 0: result REJECTED
2021-09-16 19:34:56,322 [22678529-1571-490a-85b9-2142d4a575d8@group-BBBDE90A5B3B-LeaderElection94] INFO  server.RaftServer$Division (RaftServerImpl.java:setRole(285)) - 22678529-1571-490a-85b9-2142d4a575d8@group-BBBDE90A5B3B: changes role from CANDIDATE to FOLLOWER at term 1 for REJECTED
2021-09-16 19:34:56,322 [22678529-1571-490a-85b9-2142d4a575d8@group-BBBDE90A5B3B-LeaderElection94] INFO  impl.RoleInfo (RoleInfo.java:shutdownLeaderElection(121)) - 22678529-1571-490a-85b9-2142d4a575d8: shutdown 22678529-1571-490a-85b9-2142d4a575d8@group-BBBDE90A5B3B-LeaderElection94
2021-09-16 19:34:56,322 [22678529-1571-490a-85b9-2142d4a575d8@group-BBBDE90A5B3B-LeaderElection94] INFO  impl.RoleInfo (RoleInfo.java:updateAndGet(130)) - 22678529-1571-490a-85b9-2142d4a575d8: start 22678529-1571-490a-85b9-2142d4a575d8@group-BBBDE90A5B3B-FollowerState
2021-09-16 19:34:56,294 [grpc-default-executor-3] INFO  server.RaftServer$Division (RaftServerImpl.java:requestVote(1075)) - d325862d-5d90-442e-bb25-5d4329348a89@group-BBBDE90A5B3B replies to ELECTION vote request: 22678529-1571-490a-85b9-2142d4a575d8<-d325862d-5d90-442e-bb25-5d4329348a89#0:OK-t1. Peer's state: d325862d-5d90-442e-bb25-5d4329348a89@group-BBBDE90A5B3B:t1, leader=null, voted=22678529-1571-490a-85b9-2142d4a575d8, raftlog=d325862d-5d90-442e-bb25-5d4329348a89@group-BBBDE90A5B3B-SegmentedRaftLog:OPENED:c-1,f-1,i0, conf=-1: [d325862d-5d90-442e-bb25-5d4329348a89|rpc:10.1.0.5:42511|dataStream:|priority:0, 17c51919-b33f-4a5f-9a86-1e5ebe529257|rpc:10.1.0.5:40963|dataStream:|priority:1, 22678529-1571-490a-85b9-2142d4a575d8|rpc:10.1.0.5:32787|dataStream:|priority:0], old=null
2021-09-16 19:34:56,657 [63deab9d-b01f-425d-a78d-558263b66f1b@group-1B930CD1D13F-FollowerState] INFO  impl.FollowerState (FollowerState.java:run(134)) - 63deab9d-b01f-425d-a78d-558263b66f1b@group-1B930CD1D13F-FollowerState: change to CANDIDATE, lastRpcElapsedTime:5100039847ns, electionTimeout:5049ms
2021-09-16 19:34:56,657 [63deab9d-b01f-425d-a78d-558263b66f1b@group-1B930CD1D13F-FollowerState] INFO  impl.RoleInfo (RoleInfo.java:shutdownFollowerState(108)) - 63deab9d-b01f-425d-a78d-558263b66f1b: shutdown 63deab9d-b01f-425d-a78d-558263b66f1b@group-1B930CD1D13F-FollowerState
2021-09-16 19:34:56,657 [63deab9d-b01f-425d-a78d-558263b66f1b@group-1B930CD1D13F-FollowerState] INFO  server.RaftServer$Division (RaftServerImpl.java:setRole(285)) - 63deab9d-b01f-425d-a78d-558263b66f1b@group-1B930CD1D13F: changes role from  FOLLOWER to CANDIDATE at term 1 for changeToCandidate
2021-09-16 19:34:56,658 [63deab9d-b01f-425d-a78d-558263b66f1b@group-1B930CD1D13F-FollowerState] INFO  server.RaftServerConfigKeys (ConfUtils.java:logGet(44)) - raft.server.leaderelection.pre-vote = false (custom)
2021-09-16 19:34:56,658 [63deab9d-b01f-425d-a78d-558263b66f1b@group-1B930CD1D13F-FollowerState] INFO  impl.RoleInfo (RoleInfo.java:updateAndGet(130)) - 63deab9d-b01f-425d-a78d-558263b66f1b: start 63deab9d-b01f-425d-a78d-558263b66f1b@group-1B930CD1D13F-LeaderElection95
2021-09-16 19:34:56,659 [63deab9d-b01f-425d-a78d-558263b66f1b@group-1B930CD1D13F-LeaderElection95] INFO  impl.LeaderElection (LeaderElection.java:askForVotes(306)) - 63deab9d-b01f-425d-a78d-558263b66f1b@group-1B930CD1D13F-LeaderElection95 ELECTION round 0: submit vote requests at term 2 for -1: [39314213-52f4-4d5f-8765-d5d2e351be65|rpc:10.1.0.5:40299|priority:0, 67d2e683-5568-476c-afe3-e1175f298156|rpc:10.1.0.5:44345|priority:0, 63deab9d-b01f-425d-a78d-558263b66f1b|rpc:10.1.0.5:40589|priority:1], old=null
2021-09-16 19:34:56,659 [d325862d-5d90-442e-bb25-5d4329348a89@group-4AD9E37C4DEC-FollowerState] INFO  impl.FollowerState (FollowerState.java:run(134)) - d325862d-5d90-442e-bb25-5d4329348a89@group-4AD9E37C4DEC-FollowerState: change to CANDIDATE, lastRpcElapsedTime:5124245621ns, electionTimeout:5104ms
2021-09-16 19:34:56,660 [d325862d-5d90-442e-bb25-5d4329348a89@group-4AD9E37C4DEC-FollowerState] INFO  impl.RoleInfo (RoleInfo.java:shutdownFollowerState(108)) - d325862d-5d90-442e-bb25-5d4329348a89: shutdown d325862d-5d90-442e-bb25-5d4329348a89@group-4AD9E37C4DEC-FollowerState
2021-09-16 19:34:56,660 [d325862d-5d90-442e-bb25-5d4329348a89@group-4AD9E37C4DEC-FollowerState] INFO  server.RaftServer$Division (RaftServerImpl.java:setRole(285)) - d325862d-5d90-442e-bb25-5d4329348a89@group-4AD9E37C4DEC: changes role from  FOLLOWER to CANDIDATE at term 0 for changeToCandidate
2021-09-16 19:34:56,662 [d325862d-5d90-442e-bb25-5d4329348a89@group-4AD9E37C4DEC-FollowerState] INFO  server.RaftServerConfigKeys (ConfUtils.java:logGet(44)) - raft.server.leaderelection.pre-vote = false (custom)
2021-09-16 19:34:56,663 [d325862d-5d90-442e-bb25-5d4329348a89@group-4AD9E37C4DEC-FollowerState] INFO  impl.RoleInfo (RoleInfo.java:updateAndGet(130)) - d325862d-5d90-442e-bb25-5d4329348a89: start d325862d-5d90-442e-bb25-5d4329348a89@group-4AD9E37C4DEC-LeaderElection96
2021-09-16 19:34:56,726 [39314213-52f4-4d5f-8765-d5d2e351be65@group-1B930CD1D13F-FollowerState] INFO  impl.FollowerState (FollowerState.java:run(134)) - 39314213-52f4-4d5f-8765-d5d2e351be65@group-1B930CD1D13F-FollowerState: change to CANDIDATE, lastRpcElapsedTime:5000684002ns, electionTimeout:5000ms
2021-09-16 19:34:56,726 [39314213-52f4-4d5f-8765-d5d2e351be65@group-1B930CD1D13F-FollowerState] INFO  impl.RoleInfo (RoleInfo.java:shutdownFollowerState(108)) - 39314213-52f4-4d5f-8765-d5d2e351be65: shutdown 39314213-52f4-4d5f-8765-d5d2e351be65@group-1B930CD1D13F-FollowerState
2021-09-16 19:34:56,726 [39314213-52f4-4d5f-8765-d5d2e351be65@group-1B930CD1D13F-FollowerState] INFO  server.RaftServer$Division (RaftServerImpl.java:setRole(285)) - 39314213-52f4-4d5f-8765-d5d2e351be65@group-1B930CD1D13F: changes role from  FOLLOWER to CANDIDATE at term 1 for changeToCandidate
2021-09-16 19:34:56,726 [39314213-52f4-4d5f-8765-d5d2e351be65@group-1B930CD1D13F-FollowerState] INFO  server.RaftServerConfigKeys (ConfUtils.java:logGet(44)) - raft.server.leaderelection.pre-vote = false (custom)
2021-09-16 19:34:56,726 [39314213-52f4-4d5f-8765-d5d2e351be65@group-1B930CD1D13F-FollowerState] INFO  impl.RoleInfo (RoleInfo.java:updateAndGet(130)) - 39314213-52f4-4d5f-8765-d5d2e351be65: start 39314213-52f4-4d5f-8765-d5d2e351be65@group-1B930CD1D13F-LeaderElection97
2021-09-16 19:34:56,742 [d325862d-5d90-442e-bb25-5d4329348a89@group-4AD9E37C4DEC-LeaderElection96] INFO  impl.LeaderElection (LeaderElection.java:askForVotes(306)) - d325862d-5d90-442e-bb25-5d4329348a89@group-4AD9E37C4DEC-LeaderElection96 ELECTION round 0: submit vote requests at term 1 for -1: [d325862d-5d90-442e-bb25-5d4329348a89|rpc:10.1.0.5:42511|priority:1], old=null
2021-09-16 19:34:56,742 [d325862d-5d90-442e-bb25-5d4329348a89@group-4AD9E37C4DEC-LeaderElection96] INFO  impl.LeaderElection (LeaderElection.java:askForVotes(308)) - d325862d-5d90-442e-bb25-5d4329348a89@group-4AD9E37C4DEC-LeaderElection96 ELECTION round 0: result PASSED (term=1)
2021-09-16 19:34:56,742 [d325862d-5d90-442e-bb25-5d4329348a89@group-4AD9E37C4DEC-LeaderElection96] INFO  impl.RoleInfo (RoleInfo.java:shutdownLeaderElection(121)) - d325862d-5d90-442e-bb25-5d4329348a89: shutdown d325862d-5d90-442e-bb25-5d4329348a89@group-4AD9E37C4DEC-LeaderElection96
2021-09-16 19:34:56,742 [d325862d-5d90-442e-bb25-5d4329348a89@group-4AD9E37C4DEC-LeaderElection96] INFO  server.RaftServer$Division (RaftServerImpl.java:setRole(285)) - d325862d-5d90-442e-bb25-5d4329348a89@group-4AD9E37C4DEC: changes role from CANDIDATE to LEADER at term 1 for changeToLeader
2021-09-16 19:34:56,742 [d325862d-5d90-442e-bb25-5d4329348a89@group-4AD9E37C4DEC-LeaderElection96] INFO  ratis.XceiverServerRatis (XceiverServerRatis.java:handleLeaderChangedNotification(860)) - Leader change notification received for group: group-4AD9E37C4DEC with new leaderId: d325862d-5d90-442e-bb25-5d4329348a89
2021-09-16 19:34:56,748 [67d2e683-5568-476c-afe3-e1175f298156@group-1B930CD1D13F-FollowerState] INFO  impl.FollowerState (FollowerState.java:run(134)) - 67d2e683-5568-476c-afe3-e1175f298156@group-1B930CD1D13F-FollowerState: change to CANDIDATE, lastRpcElapsedTime:5202080889ns, electionTimeout:5180ms
2021-09-16 19:34:56,748 [67d2e683-5568-476c-afe3-e1175f298156@group-1B930CD1D13F-FollowerState] INFO  impl.RoleInfo (RoleInfo.java:shutdownFollowerState(108)) - 67d2e683-5568-476c-afe3-e1175f298156: shutdown 67d2e683-5568-476c-afe3-e1175f298156@group-1B930CD1D13F-FollowerState
2021-09-16 19:34:56,748 [67d2e683-5568-476c-afe3-e1175f298156@group-1B930CD1D13F-FollowerState] INFO  server.RaftServer$Division (RaftServerImpl.java:setRole(285)) - 67d2e683-5568-476c-afe3-e1175f298156@group-1B930CD1D13F: changes role from  FOLLOWER to CANDIDATE at term 1 for changeToCandidate
2021-09-16 19:34:56,755 [39314213-52f4-4d5f-8765-d5d2e351be65@group-1B930CD1D13F-LeaderElection97] INFO  impl.LeaderElection (LeaderElection.java:askForVotes(306)) - 39314213-52f4-4d5f-8765-d5d2e351be65@group-1B930CD1D13F-LeaderElection97 ELECTION round 0: submit vote requests at term 2 for -1: [39314213-52f4-4d5f-8765-d5d2e351be65|rpc:10.1.0.5:40299|dataStream:|priority:0, 67d2e683-5568-476c-afe3-e1175f298156|rpc:10.1.0.5:44345|dataStream:|priority:0, 63deab9d-b01f-425d-a78d-558263b66f1b|rpc:10.1.0.5:40589|dataStream:|priority:1], old=null
2021-09-16 19:34:56,758 [67d2e683-5568-476c-afe3-e1175f298156@group-1B930CD1D13F-FollowerState] INFO  server.RaftServerConfigKeys (ConfUtils.java:logGet(44)) - raft.server.leaderelection.pre-vote = false (custom)
2021-09-16 19:34:56,758 [67d2e683-5568-476c-afe3-e1175f298156@group-1B930CD1D13F-FollowerState] INFO  impl.RoleInfo (RoleInfo.java:updateAndGet(130)) - 67d2e683-5568-476c-afe3-e1175f298156: start 67d2e683-5568-476c-afe3-e1175f298156@group-1B930CD1D13F-LeaderElection98
2021-09-16 19:34:56,777 [d325862d-5d90-442e-bb25-5d4329348a89@group-4AD9E37C4DEC-LeaderElection96] INFO  server.RaftServer$Division (ServerState.java:setLeader(285)) - d325862d-5d90-442e-bb25-5d4329348a89@group-4AD9E37C4DEC: change Leader from null to d325862d-5d90-442e-bb25-5d4329348a89 at term 1 for becomeLeader, leader elected after 5272ms
2021-09-16 19:34:56,777 [d325862d-5d90-442e-bb25-5d4329348a89@group-4AD9E37C4DEC-LeaderElection96] INFO  server.RaftServerConfigKeys (ConfUtils.java:logGet(44)) - raft.server.staging.catchup.gap = 1000 (default)
2021-09-16 19:34:56,777 [Datanode State Machine Thread - 0] WARN  statemachine.StateContext (StateContext.java:execute(621)) - No available thread in pool for past 1 seconds.
2021-09-16 19:34:56,778 [d325862d-5d90-442e-bb25-5d4329348a89@group-4AD9E37C4DEC-LeaderElection96] INFO  server.RaftServerConfigKeys (ConfUtils.java:logGet(44)) - raft.server.write.element-limit = 1024 (custom)
2021-09-16 19:34:56,778 [d325862d-5d90-442e-bb25-5d4329348a89@group-4AD9E37C4DEC-LeaderElection96] INFO  server.RaftServerConfigKeys (ConfUtils.java:logGet(44)) - raft.server.write.byte-limit = 1024 M (=1073741824) (custom)
2021-09-16 19:34:56,779 [d325862d-5d90-442e-bb25-5d4329348a89@group-4AD9E37C4DEC-LeaderElection96] INFO  server.RaftServerConfigKeys (ConfUtils.java:logGet(44)) - raft.server.watch.timeout = 3000ms (custom)
2021-09-16 19:34:56,779 [d325862d-5d90-442e-bb25-5d4329348a89@group-4AD9E37C4DEC-LeaderElection96] INFO  server.RaftServerConfigKeys (ConfUtils.java:logGet(44)) - raft.server.watch.timeout.denomination = 1s (default)
2021-09-16 19:34:56,779 [d325862d-5d90-442e-bb25-5d4329348a89@group-4AD9E37C4DEC-LeaderElection96] INFO  server.RaftServerConfigKeys (ConfUtils.java:logGet(44)) - raft.server.watch.element-limit = 65536 (default)
2021-09-16 19:34:56,779 [d325862d-5d90-442e-bb25-5d4329348a89@group-4AD9E37C4DEC-LeaderElection96] INFO  impl.RoleInfo (RoleInfo.java:updateAndGet(130)) - d325862d-5d90-442e-bb25-5d4329348a89: start d325862d-5d90-442e-bb25-5d4329348a89@group-4AD9E37C4DEC-LeaderStateImpl
2021-09-16 19:34:56,779 [d325862d-5d90-442e-bb25-5d4329348a89@group-4AD9E37C4DEC-LeaderElection96] INFO  segmented.SegmentedRaftLogWorker (SegmentedRaftLogWorker.java:startLogSegment(394)) - d325862d-5d90-442e-bb25-5d4329348a89@group-4AD9E37C4DEC-SegmentedRaftLogWorker: Starting segment from index:0
2021-09-16 19:34:56,780 [EventQueue-OpenPipelineForHealthyPipelineSafeModeRule] INFO  safemode.SCMSafeModeManager (HealthyPipelineSafeModeRule.java:process(124)) - SCM in safe mode. Healthy pipelines reported count is 0, required healthy pipeline reported count is 1
2021-09-16 19:34:56,784 [67d2e683-5568-476c-afe3-e1175f298156@group-1B930CD1D13F-LeaderElection98] INFO  impl.LeaderElection (LeaderElection.java:askForVotes(306)) - 67d2e683-5568-476c-afe3-e1175f298156@group-1B930CD1D13F-LeaderElection98 ELECTION round 0: submit vote requests at term 2 for -1: [39314213-52f4-4d5f-8765-d5d2e351be65|rpc:10.1.0.5:40299|priority:0, 67d2e683-5568-476c-afe3-e1175f298156|rpc:10.1.0.5:44345|priority:0, 63deab9d-b01f-425d-a78d-558263b66f1b|rpc:10.1.0.5:40589|priority:1], old=null
2021-09-16 19:34:56,788 [grpc-default-executor-3] INFO  server.RaftServer$Division (RaftServerImpl.java:requestVote(1043)) - 67d2e683-5568-476c-afe3-e1175f298156@group-1B930CD1D13F: receive requestVote(ELECTION, 39314213-52f4-4d5f-8765-d5d2e351be65, group-1B930CD1D13F, 2, (t:0, i:0))
2021-09-16 19:34:56,788 [grpc-default-executor-3] INFO  impl.VoteContext (VoteContext.java:log(48)) - 67d2e683-5568-476c-afe3-e1175f298156@group-1B930CD1D13F-CANDIDATE: reject ELECTION from 39314213-52f4-4d5f-8765-d5d2e351be65: already has voted for 67d2e683-5568-476c-afe3-e1175f298156 at current term 2
2021-09-16 19:34:56,788 [grpc-default-executor-3] INFO  server.RaftServer$Division (RaftServerImpl.java:requestVote(1075)) - 67d2e683-5568-476c-afe3-e1175f298156@group-1B930CD1D13F replies to ELECTION vote request: 39314213-52f4-4d5f-8765-d5d2e351be65<-67d2e683-5568-476c-afe3-e1175f298156#0:FAIL-t2. Peer's state: 67d2e683-5568-476c-afe3-e1175f298156@group-1B930CD1D13F:t2, leader=null, voted=67d2e683-5568-476c-afe3-e1175f298156, raftlog=67d2e683-5568-476c-afe3-e1175f298156@group-1B930CD1D13F-SegmentedRaftLog:OPENED:c-1,f-1,i0, conf=-1: [39314213-52f4-4d5f-8765-d5d2e351be65|rpc:10.1.0.5:40299|priority:0, 67d2e683-5568-476c-afe3-e1175f298156|rpc:10.1.0.5:44345|priority:0, 63deab9d-b01f-425d-a78d-558263b66f1b|rpc:10.1.0.5:40589|priority:1], old=null
2021-09-16 19:34:56,788 [grpc-default-executor-5] INFO  server.RaftServer$Division (RaftServerImpl.java:requestVote(1043)) - 67d2e683-5568-476c-afe3-e1175f298156@group-1B930CD1D13F: receive requestVote(ELECTION, 63deab9d-b01f-425d-a78d-558263b66f1b, group-1B930CD1D13F, 2, (t:0, i:0))
2021-09-16 19:34:56,788 [grpc-default-executor-5] INFO  impl.VoteContext (VoteContext.java:log(48)) - 67d2e683-5568-476c-afe3-e1175f298156@group-1B930CD1D13F-CANDIDATE: reject ELECTION from 63deab9d-b01f-425d-a78d-558263b66f1b: already has voted for 67d2e683-5568-476c-afe3-e1175f298156 at current term 2
2021-09-16 19:34:56,788 [grpc-default-executor-5] INFO  server.RaftServer$Division (RaftServerImpl.java:requestVote(1075)) - 67d2e683-5568-476c-afe3-e1175f298156@group-1B930CD1D13F replies to ELECTION vote request: 63deab9d-b01f-425d-a78d-558263b66f1b<-67d2e683-5568-476c-afe3-e1175f298156#0:FAIL-t2. Peer's state: 67d2e683-5568-476c-afe3-e1175f298156@group-1B930CD1D13F:t2, leader=null, voted=67d2e683-5568-476c-afe3-e1175f298156, raftlog=67d2e683-5568-476c-afe3-e1175f298156@group-1B930CD1D13F-SegmentedRaftLog:OPENED:c-1,f-1,i0, conf=-1: [39314213-52f4-4d5f-8765-d5d2e351be65|rpc:10.1.0.5:40299|priority:0, 67d2e683-5568-476c-afe3-e1175f298156|rpc:10.1.0.5:44345|priority:0, 63deab9d-b01f-425d-a78d-558263b66f1b|rpc:10.1.0.5:40589|priority:1], old=null
2021-09-16 19:34:56,790 [grpc-default-executor-5] INFO  server.RaftServer$Division (RaftServerImpl.java:requestVote(1043)) - 63deab9d-b01f-425d-a78d-558263b66f1b@group-1B930CD1D13F: receive requestVote(ELECTION, 39314213-52f4-4d5f-8765-d5d2e351be65, group-1B930CD1D13F, 2, (t:0, i:0))
2021-09-16 19:34:56,790 [grpc-default-executor-5] INFO  impl.VoteContext (VoteContext.java:log(48)) - 63deab9d-b01f-425d-a78d-558263b66f1b@group-1B930CD1D13F-CANDIDATE: reject ELECTION from 39314213-52f4-4d5f-8765-d5d2e351be65: already has voted for 63deab9d-b01f-425d-a78d-558263b66f1b at current term 2
2021-09-16 19:34:56,790 [grpc-default-executor-5] INFO  server.RaftServer$Division (RaftServerImpl.java:requestVote(1075)) - 63deab9d-b01f-425d-a78d-558263b66f1b@group-1B930CD1D13F replies to ELECTION vote request: 39314213-52f4-4d5f-8765-d5d2e351be65<-63deab9d-b01f-425d-a78d-558263b66f1b#0:FAIL-t2. Peer's state: 63deab9d-b01f-425d-a78d-558263b66f1b@group-1B930CD1D13F:t2, leader=null, voted=63deab9d-b01f-425d-a78d-558263b66f1b, raftlog=63deab9d-b01f-425d-a78d-558263b66f1b@group-1B930CD1D13F-SegmentedRaftLog:OPENED:c-1,f-1,i0, conf=-1: [39314213-52f4-4d5f-8765-d5d2e351be65|rpc:10.1.0.5:40299|priority:0, 67d2e683-5568-476c-afe3-e1175f298156|rpc:10.1.0.5:44345|priority:0, 63deab9d-b01f-425d-a78d-558263b66f1b|rpc:10.1.0.5:40589|priority:1], old=null
2021-09-16 19:34:56,790 [d325862d-5d90-442e-bb25-5d4329348a89@group-4AD9E37C4DEC-SegmentedRaftLogWorker] INFO  segmented.SegmentedRaftLogWorker (SegmentedRaftLogWorker.java:execute(601)) - d325862d-5d90-442e-bb25-5d4329348a89@group-4AD9E37C4DEC-SegmentedRaftLogWorker: created new log segment /home/runner/work/ozone/ozone/hadoop-ozone/integration-test/target/test-dir/MiniOzoneClusterImpl-4c5ee767-53d0-43e8-b9fb-bc60904004ee/datanode-7/data/ratis/32d0e225-7eab-4482-b324-4ad9e37c4dec/current/log_inprogress_0
2021-09-16 19:34:56,815 [grpc-default-executor-5] INFO  server.RaftServer$Division (RaftServerImpl.java:requestVote(1043)) - 39314213-52f4-4d5f-8765-d5d2e351be65@group-1B930CD1D13F: receive requestVote(ELECTION, 67d2e683-5568-476c-afe3-e1175f298156, group-1B930CD1D13F, 2, (t:0, i:0))
2021-09-16 19:34:56,815 [grpc-default-executor-5] INFO  impl.VoteContext (VoteContext.java:log(48)) - 39314213-52f4-4d5f-8765-d5d2e351be65@group-1B930CD1D13F-CANDIDATE: reject ELECTION from 67d2e683-5568-476c-afe3-e1175f298156: already has voted for 39314213-52f4-4d5f-8765-d5d2e351be65 at current term 2
2021-09-16 19:34:56,815 [grpc-default-executor-5] INFO  server.RaftServer$Division (RaftServerImpl.java:requestVote(1075)) - 39314213-52f4-4d5f-8765-d5d2e351be65@group-1B930CD1D13F replies to ELECTION vote request: 67d2e683-5568-476c-afe3-e1175f298156<-39314213-52f4-4d5f-8765-d5d2e351be65#0:FAIL-t2. Peer's state: 39314213-52f4-4d5f-8765-d5d2e351be65@group-1B930CD1D13F:t2, leader=null, voted=39314213-52f4-4d5f-8765-d5d2e351be65, raftlog=39314213-52f4-4d5f-8765-d5d2e351be65@group-1B930CD1D13F-SegmentedRaftLog:OPENED:c-1,f-1,i0, conf=-1: [39314213-52f4-4d5f-8765-d5d2e351be65|rpc:10.1.0.5:40299|dataStream:|priority:0, 67d2e683-5568-476c-afe3-e1175f298156|rpc:10.1.0.5:44345|dataStream:|priority:0, 63deab9d-b01f-425d-a78d-558263b66f1b|rpc:10.1.0.5:40589|dataStream:|priority:1], old=null
2021-09-16 19:34:56,822 [d325862d-5d90-442e-bb25-5d4329348a89@group-4AD9E37C4DEC-LeaderElection96] INFO  server.RaftServer$Division (ServerState.java:setRaftConf(387)) - d325862d-5d90-442e-bb25-5d4329348a89@group-4AD9E37C4DEC: set configuration 0: [d325862d-5d90-442e-bb25-5d4329348a89|rpc:10.1.0.5:42511|dataStream:|priority:1], old=null
2021-09-16 19:34:56,833 [39314213-52f4-4d5f-8765-d5d2e351be65@group-1B930CD1D13F-LeaderElection97] INFO  impl.LeaderElection (LeaderElection.java:logAndReturn(89)) - 39314213-52f4-4d5f-8765-d5d2e351be65@group-1B930CD1D13F-LeaderElection97: ELECTION REJECTED received 1 response(s) and 0 exception(s):
2021-09-16 19:34:56,833 [39314213-52f4-4d5f-8765-d5d2e351be65@group-1B930CD1D13F-LeaderElection97] INFO  impl.LeaderElection (LeaderElection.java:logAndReturn(93)) -   Response 0: 39314213-52f4-4d5f-8765-d5d2e351be65<-63deab9d-b01f-425d-a78d-558263b66f1b#0:FAIL-t2
2021-09-16 19:34:56,833 [39314213-52f4-4d5f-8765-d5d2e351be65@group-1B930CD1D13F-LeaderElection97] INFO  impl.LeaderElection (LeaderElection.java:askForVotes(308)) - 39314213-52f4-4d5f-8765-d5d2e351be65@group-1B930CD1D13F-LeaderElection97 ELECTION round 0: result REJECTED
2021-09-16 19:34:56,833 [39314213-52f4-4d5f-8765-d5d2e351be65@group-1B930CD1D13F-LeaderElection97] INFO  server.RaftServer$Division (RaftServerImpl.java:setRole(285)) - 39314213-52f4-4d5f-8765-d5d2e351be65@group-1B930CD1D13F: changes role from CANDIDATE to FOLLOWER at term 2 for REJECTED
2021-09-16 19:34:56,833 [39314213-52f4-4d5f-8765-d5d2e351be65@group-1B930CD1D13F-LeaderElection97] INFO  impl.RoleInfo (RoleInfo.java:shutdownLeaderElection(121)) - 39314213-52f4-4d5f-8765-d5d2e351be65: shutdown 39314213-52f4-4d5f-8765-d5d2e351be65@group-1B930CD1D13F-LeaderElection97
2021-09-16 19:34:56,833 [39314213-52f4-4d5f-8765-d5d2e351be65@group-1B930CD1D13F-LeaderElection97] INFO  impl.RoleInfo (RoleInfo.java:updateAndGet(130)) - 39314213-52f4-4d5f-8765-d5d2e351be65: start 39314213-52f4-4d5f-8765-d5d2e351be65@group-1B930CD1D13F-FollowerState
2021-09-16 19:34:56,843 [grpc-default-executor-5] INFO  server.RaftServer$Division (RaftServerImpl.java:requestVote(1043)) - 39314213-52f4-4d5f-8765-d5d2e351be65@group-1B930CD1D13F: receive requestVote(ELECTION, 63deab9d-b01f-425d-a78d-558263b66f1b, group-1B930CD1D13F, 2, (t:0, i:0))
2021-09-16 19:34:56,844 [grpc-default-executor-5] INFO  impl.VoteContext (VoteContext.java:log(48)) - 39314213-52f4-4d5f-8765-d5d2e351be65@group-1B930CD1D13F-FOLLOWER: reject ELECTION from 63deab9d-b01f-425d-a78d-558263b66f1b: already has voted for 39314213-52f4-4d5f-8765-d5d2e351be65 at current term 2
2021-09-16 19:34:56,844 [grpc-default-executor-5] INFO  server.RaftServer$Division (RaftServerImpl.java:requestVote(1075)) - 39314213-52f4-4d5f-8765-d5d2e351be65@group-1B930CD1D13F replies to ELECTION vote request: 63deab9d-b01f-425d-a78d-558263b66f1b<-39314213-52f4-4d5f-8765-d5d2e351be65#0:FAIL-t2. Peer's state: 39314213-52f4-4d5f-8765-d5d2e351be65@group-1B930CD1D13F:t2, leader=null, voted=39314213-52f4-4d5f-8765-d5d2e351be65, raftlog=39314213-52f4-4d5f-8765-d5d2e351be65@group-1B930CD1D13F-SegmentedRaftLog:OPENED:c-1,f-1,i0, conf=-1: [39314213-52f4-4d5f-8765-d5d2e351be65|rpc:10.1.0.5:40299|dataStream:|priority:0, 67d2e683-5568-476c-afe3-e1175f298156|rpc:10.1.0.5:44345|dataStream:|priority:0, 63deab9d-b01f-425d-a78d-558263b66f1b|rpc:10.1.0.5:40589|dataStream:|priority:1], old=null
2021-09-16 19:34:56,849 [grpc-default-executor-5] INFO  server.RaftServer$Division (RaftServerImpl.java:requestVote(1043)) - 63deab9d-b01f-425d-a78d-558263b66f1b@group-1B930CD1D13F: receive requestVote(ELECTION, 67d2e683-5568-476c-afe3-e1175f298156, group-1B930CD1D13F, 2, (t:0, i:0))
2021-09-16 19:34:56,849 [grpc-default-executor-5] INFO  impl.VoteContext (VoteContext.java:log(48)) - 63deab9d-b01f-425d-a78d-558263b66f1b@group-1B930CD1D13F-CANDIDATE: reject ELECTION from 67d2e683-5568-476c-afe3-e1175f298156: already has voted for 63deab9d-b01f-425d-a78d-558263b66f1b at current term 2
2021-09-16 19:34:56,849 [grpc-default-executor-5] INFO  server.RaftServer$Division (RaftServerImpl.java:requestVote(1075)) - 63deab9d-b01f-425d-a78d-558263b66f1b@group-1B930CD1D13F replies to ELECTION vote request: 67d2e683-5568-476c-afe3-e1175f298156<-63deab9d-b01f-425d-a78d-558263b66f1b#0:FAIL-t2. Peer's state: 63deab9d-b01f-425d-a78d-558263b66f1b@group-1B930CD1D13F:t2, leader=null, voted=63deab9d-b01f-425d-a78d-558263b66f1b, raftlog=63deab9d-b01f-425d-a78d-558263b66f1b@group-1B930CD1D13F-SegmentedRaftLog:OPENED:c-1,f-1,i0, conf=-1: [39314213-52f4-4d5f-8765-d5d2e351be65|rpc:10.1.0.5:40299|priority:0, 67d2e683-5568-476c-afe3-e1175f298156|rpc:10.1.0.5:44345|priority:0, 63deab9d-b01f-425d-a78d-558263b66f1b|rpc:10.1.0.5:40589|priority:1], old=null
2021-09-16 19:34:56,936 [63deab9d-b01f-425d-a78d-558263b66f1b@group-1B930CD1D13F-LeaderElection95] INFO  impl.LeaderElection (LeaderElection.java:logAndReturn(89)) - 63deab9d-b01f-425d-a78d-558263b66f1b@group-1B930CD1D13F-LeaderElection95: ELECTION REJECTED received 2 response(s) and 0 exception(s):
2021-09-16 19:34:56,936 [63deab9d-b01f-425d-a78d-558263b66f1b@group-1B930CD1D13F-LeaderElection95] INFO  impl.LeaderElection (LeaderElection.java:logAndReturn(93)) -   Response 0: 63deab9d-b01f-425d-a78d-558263b66f1b<-67d2e683-5568-476c-afe3-e1175f298156#0:FAIL-t2
2021-09-16 19:34:56,936 [63deab9d-b01f-425d-a78d-558263b66f1b@group-1B930CD1D13F-LeaderElection95] INFO  impl.LeaderElection (LeaderElection.java:logAndReturn(93)) -   Response 1: 63deab9d-b01f-425d-a78d-558263b66f1b<-39314213-52f4-4d5f-8765-d5d2e351be65#0:FAIL-t2
2021-09-16 19:34:56,936 [63deab9d-b01f-425d-a78d-558263b66f1b@group-1B930CD1D13F-LeaderElection95] INFO  impl.LeaderElection (LeaderElection.java:askForVotes(308)) - 63deab9d-b01f-425d-a78d-558263b66f1b@group-1B930CD1D13F-LeaderElection95 ELECTION round 0: result REJECTED
2021-09-16 19:34:56,936 [63deab9d-b01f-425d-a78d-558263b66f1b@group-1B930CD1D13F-LeaderElection95] INFO  server.RaftServer$Division (RaftServerImpl.java:setRole(285)) - 63deab9d-b01f-425d-a78d-558263b66f1b@group-1B930CD1D13F: changes role from CANDIDATE to FOLLOWER at term 2 for REJECTED
2021-09-16 19:34:56,936 [63deab9d-b01f-425d-a78d-558263b66f1b@group-1B930CD1D13F-LeaderElection95] INFO  impl.RoleInfo (RoleInfo.java:shutdownLeaderElection(121)) - 63deab9d-b01f-425d-a78d-558263b66f1b: shutdown 63deab9d-b01f-425d-a78d-558263b66f1b@group-1B930CD1D13F-LeaderElection95
2021-09-16 19:34:56,937 [63deab9d-b01f-425d-a78d-558263b66f1b@group-1B930CD1D13F-LeaderElection95] INFO  impl.RoleInfo (RoleInfo.java:updateAndGet(130)) - 63deab9d-b01f-425d-a78d-558263b66f1b: start 63deab9d-b01f-425d-a78d-558263b66f1b@group-1B930CD1D13F-FollowerState
2021-09-16 19:34:56,937 [67d2e683-5568-476c-afe3-e1175f298156@group-1B930CD1D13F-LeaderElection98] INFO  impl.LeaderElection (LeaderElection.java:logAndReturn(89)) - 67d2e683-5568-476c-afe3-e1175f298156@group-1B930CD1D13F-LeaderElection98: ELECTION REJECTED received 2 response(s) and 0 exception(s):
2021-09-16 19:34:56,937 [67d2e683-5568-476c-afe3-e1175f298156@group-1B930CD1D13F-LeaderElection98] INFO  impl.LeaderElection (LeaderElection.java:logAndReturn(93)) -   Response 0: 67d2e683-5568-476c-afe3-e1175f298156<-39314213-52f4-4d5f-8765-d5d2e351be65#0:FAIL-t2
2021-09-16 19:34:56,937 [67d2e683-5568-476c-afe3-e1175f298156@group-1B930CD1D13F-LeaderElection98] INFO  impl.LeaderElection (LeaderElection.java:logAndReturn(93)) -   Response 1: 67d2e683-5568-476c-afe3-e1175f298156<-63deab9d-b01f-425d-a78d-558263b66f1b#0:FAIL-t2
2021-09-16 19:34:56,947 [67d2e683-5568-476c-afe3-e1175f298156@group-1B930CD1D13F-LeaderElection98] INFO  impl.LeaderElection (LeaderElection.java:askForVotes(308)) - 67d2e683-5568-476c-afe3-e1175f298156@group-1B930CD1D13F-LeaderElection98 ELECTION round 0: result REJECTED
2021-09-16 19:34:56,947 [67d2e683-5568-476c-afe3-e1175f298156@group-1B930CD1D13F-LeaderElection98] INFO  server.RaftServer$Division (RaftServerImpl.java:setRole(285)) - 67d2e683-5568-476c-afe3-e1175f298156@group-1B930CD1D13F: changes role from CANDIDATE to FOLLOWER at term 2 for REJECTED
2021-09-16 19:34:56,947 [67d2e683-5568-476c-afe3-e1175f298156@group-1B930CD1D13F-LeaderElection98] INFO  impl.RoleInfo (RoleInfo.java:shutdownLeaderElection(121)) - 67d2e683-5568-476c-afe3-e1175f298156: shutdown 67d2e683-5568-476c-afe3-e1175f298156@group-1B930CD1D13F-LeaderElection98
2021-09-16 19:34:56,947 [67d2e683-5568-476c-afe3-e1175f298156@group-1B930CD1D13F-LeaderElection98] INFO  impl.RoleInfo (RoleInfo.java:updateAndGet(130)) - 67d2e683-5568-476c-afe3-e1175f298156: start 67d2e683-5568-476c-afe3-e1175f298156@group-1B930CD1D13F-FollowerState
2021-09-16 19:34:57,249 [Listener at 127.0.0.1/43789] INFO  ozone.MiniOzoneClusterImpl (MiniOzoneClusterImpl.java:lambda$waitForClusterToBeReady$0(235)) - Nodes are ready. Got 9 of 9 DN Heartbeats.
2021-09-16 19:34:57,249 [Listener at 127.0.0.1/43789] INFO  ozone.MiniOzoneClusterImpl (MiniOzoneClusterImpl.java:lambda$waitForClusterToBeReady$0(238)) - Waiting for cluster to exit safe mode
2021-09-16 19:34:57,249 [Listener at 127.0.0.1/43789] INFO  ozone.MiniOzoneClusterImpl (MiniOzoneClusterImpl.java:lambda$waitForClusterToBeReady$0(240)) - SCM became leader
2021-09-16 19:34:57,403 [17c51919-b33f-4a5f-9a86-1e5ebe529257@group-8948A4DA2296-FollowerState] INFO  impl.FollowerState (FollowerState.java:run(134)) - 17c51919-b33f-4a5f-9a86-1e5ebe529257@group-8948A4DA2296-FollowerState: change to CANDIDATE, lastRpcElapsedTime:5150522871ns, electionTimeout:5147ms
2021-09-16 19:34:57,403 [17c51919-b33f-4a5f-9a86-1e5ebe529257@group-8948A4DA2296-FollowerState] INFO  impl.RoleInfo (RoleInfo.java:shutdownFollowerState(108)) - 17c51919-b33f-4a5f-9a86-1e5ebe529257: shutdown 17c51919-b33f-4a5f-9a86-1e5ebe529257@group-8948A4DA2296-FollowerState
2021-09-16 19:34:57,403 [17c51919-b33f-4a5f-9a86-1e5ebe529257@group-8948A4DA2296-FollowerState] INFO  server.RaftServer$Division (RaftServerImpl.java:setRole(285)) - 17c51919-b33f-4a5f-9a86-1e5ebe529257@group-8948A4DA2296: changes role from  FOLLOWER to CANDIDATE at term 0 for changeToCandidate
2021-09-16 19:34:57,403 [17c51919-b33f-4a5f-9a86-1e5ebe529257@group-8948A4DA2296-FollowerState] INFO  server.RaftServerConfigKeys (ConfUtils.java:logGet(44)) - raft.server.leaderelection.pre-vote = false (custom)
2021-09-16 19:34:57,403 [17c51919-b33f-4a5f-9a86-1e5ebe529257@group-8948A4DA2296-FollowerState] INFO  impl.RoleInfo (RoleInfo.java:updateAndGet(130)) - 17c51919-b33f-4a5f-9a86-1e5ebe529257: start 17c51919-b33f-4a5f-9a86-1e5ebe529257@group-8948A4DA2296-LeaderElection99
2021-09-16 19:34:57,436 [17c51919-b33f-4a5f-9a86-1e5ebe529257@group-8948A4DA2296-LeaderElection99] INFO  impl.LeaderElection (LeaderElection.java:askForVotes(306)) - 17c51919-b33f-4a5f-9a86-1e5ebe529257@group-8948A4DA2296-LeaderElection99 ELECTION round 0: submit vote requests at term 1 for -1: [17c51919-b33f-4a5f-9a86-1e5ebe529257|rpc:10.1.0.5:40963|priority:1], old=null
2021-09-16 19:34:57,436 [17c51919-b33f-4a5f-9a86-1e5ebe529257@group-8948A4DA2296-LeaderElection99] INFO  impl.LeaderElection (LeaderElection.java:askForVotes(308)) - 17c51919-b33f-4a5f-9a86-1e5ebe529257@group-8948A4DA2296-LeaderElection99 ELECTION round 0: result PASSED (term=1)
2021-09-16 19:34:57,436 [17c51919-b33f-4a5f-9a86-1e5ebe529257@group-8948A4DA2296-LeaderElection99] INFO  impl.RoleInfo (RoleInfo.java:shutdownLeaderElection(121)) - 17c51919-b33f-4a5f-9a86-1e5ebe529257: shutdown 17c51919-b33f-4a5f-9a86-1e5ebe529257@group-8948A4DA2296-LeaderElection99
2021-09-16 19:34:57,436 [17c51919-b33f-4a5f-9a86-1e5ebe529257@group-8948A4DA2296-LeaderElection99] INFO  server.RaftServer$Division (RaftServerImpl.java:setRole(285)) - 17c51919-b33f-4a5f-9a86-1e5ebe529257@group-8948A4DA2296: changes role from CANDIDATE to LEADER at term 1 for changeToLeader
2021-09-16 19:34:57,436 [17c51919-b33f-4a5f-9a86-1e5ebe529257@group-8948A4DA2296-LeaderElection99] INFO  ratis.XceiverServerRatis (XceiverServerRatis.java:handleLeaderChangedNotification(860)) - Leader change notification received for group: group-8948A4DA2296 with new leaderId: 17c51919-b33f-4a5f-9a86-1e5ebe529257
2021-09-16 19:34:57,437 [17c51919-b33f-4a5f-9a86-1e5ebe529257@group-8948A4DA2296-LeaderElection99] INFO  server.RaftServer$Division (ServerState.java:setLeader(285)) - 17c51919-b33f-4a5f-9a86-1e5ebe529257@group-8948A4DA2296: change Leader from null to 17c51919-b33f-4a5f-9a86-1e5ebe529257 at term 1 for becomeLeader, leader elected after 5196ms
2021-09-16 19:34:57,437 [17c51919-b33f-4a5f-9a86-1e5ebe529257@group-8948A4DA2296-LeaderElection99] INFO  server.RaftServerConfigKeys (ConfUtils.java:logGet(44)) - raft.server.staging.catchup.gap = 1000 (default)
2021-09-16 19:34:57,437 [17c51919-b33f-4a5f-9a86-1e5ebe529257@group-8948A4DA2296-LeaderElection99] INFO  server.RaftServerConfigKeys (ConfUtils.java:logGet(44)) - raft.server.write.element-limit = 1024 (custom)
2021-09-16 19:34:57,437 [17c51919-b33f-4a5f-9a86-1e5ebe529257@group-8948A4DA2296-LeaderElection99] INFO  server.RaftServerConfigKeys (ConfUtils.java:logGet(44)) - raft.server.write.byte-limit = 1024 M (=1073741824) (custom)
2021-09-16 19:34:57,437 [17c51919-b33f-4a5f-9a86-1e5ebe529257@group-8948A4DA2296-LeaderElection99] INFO  server.RaftServerConfigKeys (ConfUtils.java:logGet(44)) - raft.server.watch.timeout = 3000ms (custom)
2021-09-16 19:34:57,442 [17c51919-b33f-4a5f-9a86-1e5ebe529257@group-8948A4DA2296-LeaderElection99] INFO  server.RaftServerConfigKeys (ConfUtils.java:logGet(44)) - raft.server.watch.timeout.denomination = 1s (default)
2021-09-16 19:34:57,442 [17c51919-b33f-4a5f-9a86-1e5ebe529257@group-8948A4DA2296-LeaderElection99] INFO  server.RaftServerConfigKeys (ConfUtils.java:logGet(44)) - raft.server.watch.element-limit = 65536 (default)
2021-09-16 19:34:57,442 [17c51919-b33f-4a5f-9a86-1e5ebe529257@group-8948A4DA2296-LeaderElection99] INFO  impl.RoleInfo (RoleInfo.java:updateAndGet(130)) - 17c51919-b33f-4a5f-9a86-1e5ebe529257: start 17c51919-b33f-4a5f-9a86-1e5ebe529257@group-8948A4DA2296-LeaderStateImpl
2021-09-16 19:34:57,442 [17c51919-b33f-4a5f-9a86-1e5ebe529257@group-8948A4DA2296-LeaderElection99] INFO  segmented.SegmentedRaftLogWorker (SegmentedRaftLogWorker.java:startLogSegment(394)) - 17c51919-b33f-4a5f-9a86-1e5ebe529257@group-8948A4DA2296-SegmentedRaftLogWorker: Starting segment from index:0
2021-09-16 19:34:57,441 [EventQueue-OpenPipelineForHealthyPipelineSafeModeRule] INFO  safemode.SCMSafeModeManager (HealthyPipelineSafeModeRule.java:process(124)) - SCM in safe mode. Healthy pipelines reported count is 0, required healthy pipeline reported count is 1
2021-09-16 19:34:57,438 [Datanode State Machine Thread - 0] WARN  statemachine.StateContext (StateContext.java:execute(621)) - No available thread in pool for past 1 seconds.
2021-09-16 19:34:57,447 [17c51919-b33f-4a5f-9a86-1e5ebe529257@group-8948A4DA2296-LeaderElection99] INFO  server.RaftServer$Division (ServerState.java:setRaftConf(387)) - 17c51919-b33f-4a5f-9a86-1e5ebe529257@group-8948A4DA2296: set configuration 0: [17c51919-b33f-4a5f-9a86-1e5ebe529257|rpc:10.1.0.5:40963|dataStream:|priority:1], old=null
2021-09-16 19:34:57,490 [17c51919-b33f-4a5f-9a86-1e5ebe529257@group-8948A4DA2296-SegmentedRaftLogWorker] INFO  segmented.SegmentedRaftLogWorker (SegmentedRaftLogWorker.java:execute(601)) - 17c51919-b33f-4a5f-9a86-1e5ebe529257@group-8948A4DA2296-SegmentedRaftLogWorker: created new log segment /home/runner/work/ozone/ozone/hadoop-ozone/integration-test/target/test-dir/MiniOzoneClusterImpl-4c5ee767-53d0-43e8-b9fb-bc60904004ee/datanode-8/data/ratis/42a52aa1-4bce-4ee6-b280-8948a4da2296/current/log_inprogress_0
2021-09-16 19:34:58,249 [Listener at 127.0.0.1/43789] INFO  ozone.MiniOzoneClusterImpl (MiniOzoneClusterImpl.java:lambda$waitForClusterToBeReady$0(235)) - Nodes are ready. Got 9 of 9 DN Heartbeats.
2021-09-16 19:34:58,249 [Listener at 127.0.0.1/43789] INFO  ozone.MiniOzoneClusterImpl (MiniOzoneClusterImpl.java:lambda$waitForClusterToBeReady$0(238)) - Waiting for cluster to exit safe mode
2021-09-16 19:34:58,250 [Listener at 127.0.0.1/43789] INFO  ozone.MiniOzoneClusterImpl (MiniOzoneClusterImpl.java:lambda$waitForClusterToBeReady$0(240)) - SCM became leader
2021-09-16 19:34:58,574 [1226f225-3abd-46f9-90c8-da28d00f4d36@group-D3A07527D82D-FollowerState] INFO  impl.FollowerState (FollowerState.java:run(134)) - 1226f225-3abd-46f9-90c8-da28d00f4d36@group-D3A07527D82D-FollowerState: change to CANDIDATE, lastRpcElapsedTime:5087876624ns, electionTimeout:5085ms
2021-09-16 19:34:58,574 [1226f225-3abd-46f9-90c8-da28d00f4d36@group-D3A07527D82D-FollowerState] INFO  impl.RoleInfo (RoleInfo.java:shutdownFollowerState(108)) - 1226f225-3abd-46f9-90c8-da28d00f4d36: shutdown 1226f225-3abd-46f9-90c8-da28d00f4d36@group-D3A07527D82D-FollowerState
2021-09-16 19:34:58,574 [1226f225-3abd-46f9-90c8-da28d00f4d36@group-D3A07527D82D-FollowerState] INFO  server.RaftServer$Division (RaftServerImpl.java:setRole(285)) - 1226f225-3abd-46f9-90c8-da28d00f4d36@group-D3A07527D82D: changes role from  FOLLOWER to CANDIDATE at term 1 for changeToCandidate
2021-09-16 19:34:58,574 [1226f225-3abd-46f9-90c8-da28d00f4d36@group-D3A07527D82D-FollowerState] INFO  server.RaftServerConfigKeys (ConfUtils.java:logGet(44)) - raft.server.leaderelection.pre-vote = false (custom)
2021-09-16 19:34:58,574 [1226f225-3abd-46f9-90c8-da28d00f4d36@group-D3A07527D82D-FollowerState] INFO  impl.RoleInfo (RoleInfo.java:updateAndGet(130)) - 1226f225-3abd-46f9-90c8-da28d00f4d36: start 1226f225-3abd-46f9-90c8-da28d00f4d36@group-D3A07527D82D-LeaderElection100
2021-09-16 19:34:58,584 [de4d5c13-4a27-410b-b35a-5584c5652eab@group-D3A07527D82D-FollowerState] INFO  impl.FollowerState (FollowerState.java:run(134)) - de4d5c13-4a27-410b-b35a-5584c5652eab@group-D3A07527D82D-FollowerState: change to CANDIDATE, lastRpcElapsedTime:5174411186ns, electionTimeout:5097ms
2021-09-16 19:34:58,584 [de4d5c13-4a27-410b-b35a-5584c5652eab@group-D3A07527D82D-FollowerState] INFO  impl.RoleInfo (RoleInfo.java:shutdownFollowerState(108)) - de4d5c13-4a27-410b-b35a-5584c5652eab: shutdown de4d5c13-4a27-410b-b35a-5584c5652eab@group-D3A07527D82D-FollowerState
2021-09-16 19:34:58,584 [de4d5c13-4a27-410b-b35a-5584c5652eab@group-D3A07527D82D-FollowerState] INFO  server.RaftServer$Division (RaftServerImpl.java:setRole(285)) - de4d5c13-4a27-410b-b35a-5584c5652eab@group-D3A07527D82D: changes role from  FOLLOWER to CANDIDATE at term 1 for changeToCandidate
2021-09-16 19:34:58,584 [de4d5c13-4a27-410b-b35a-5584c5652eab@group-D3A07527D82D-FollowerState] INFO  server.RaftServerConfigKeys (ConfUtils.java:logGet(44)) - raft.server.leaderelection.pre-vote = false (custom)
2021-09-16 19:34:58,584 [de4d5c13-4a27-410b-b35a-5584c5652eab@group-D3A07527D82D-FollowerState] INFO  impl.RoleInfo (RoleInfo.java:updateAndGet(130)) - de4d5c13-4a27-410b-b35a-5584c5652eab: start de4d5c13-4a27-410b-b35a-5584c5652eab@group-D3A07527D82D-LeaderElection101
2021-09-16 19:34:58,638 [1226f225-3abd-46f9-90c8-da28d00f4d36@group-D3A07527D82D-LeaderElection100] INFO  impl.LeaderElection (LeaderElection.java:askForVotes(306)) - 1226f225-3abd-46f9-90c8-da28d00f4d36@group-D3A07527D82D-LeaderElection100 ELECTION round 0: submit vote requests at term 2 for -1: [1226f225-3abd-46f9-90c8-da28d00f4d36|rpc:10.1.0.5:44993|priority:0, e8f13dfe-2d88-44e3-8dd8-bc613bb80fa9|rpc:10.1.0.5:42057|priority:0, de4d5c13-4a27-410b-b35a-5584c5652eab|rpc:10.1.0.5:33691|priority:1], old=null
2021-09-16 19:34:58,639 [grpc-default-executor-5] INFO  server.RaftServer$Division (RaftServerImpl.java:requestVote(1043)) - e8f13dfe-2d88-44e3-8dd8-bc613bb80fa9@group-D3A07527D82D: receive requestVote(ELECTION, 1226f225-3abd-46f9-90c8-da28d00f4d36, group-D3A07527D82D, 2, (t:0, i:0))
2021-09-16 19:34:58,639 [grpc-default-executor-5] INFO  impl.VoteContext (VoteContext.java:log(48)) - e8f13dfe-2d88-44e3-8dd8-bc613bb80fa9@group-D3A07527D82D-FOLLOWER: accept ELECTION from 1226f225-3abd-46f9-90c8-da28d00f4d36: our priority 0 <= candidate's priority 0
2021-09-16 19:34:58,639 [grpc-default-executor-5] INFO  server.RaftServer$Division (RaftServerImpl.java:setRole(285)) - e8f13dfe-2d88-44e3-8dd8-bc613bb80fa9@group-D3A07527D82D: changes role from  FOLLOWER to FOLLOWER at term 2 for candidate:1226f225-3abd-46f9-90c8-da28d00f4d36
2021-09-16 19:34:58,639 [grpc-default-executor-5] INFO  impl.RoleInfo (RoleInfo.java:shutdownFollowerState(108)) - e8f13dfe-2d88-44e3-8dd8-bc613bb80fa9: shutdown e8f13dfe-2d88-44e3-8dd8-bc613bb80fa9@group-D3A07527D82D-FollowerState
2021-09-16 19:34:58,640 [grpc-default-executor-5] INFO  impl.RoleInfo (RoleInfo.java:updateAndGet(130)) - e8f13dfe-2d88-44e3-8dd8-bc613bb80fa9: start e8f13dfe-2d88-44e3-8dd8-bc613bb80fa9@group-D3A07527D82D-FollowerState
2021-09-16 19:34:58,641 [grpc-default-executor-3] INFO  server.RaftServer$Division (RaftServerImpl.java:requestVote(1043)) - de4d5c13-4a27-410b-b35a-5584c5652eab@group-D3A07527D82D: receive requestVote(ELECTION, 1226f225-3abd-46f9-90c8-da28d00f4d36, group-D3A07527D82D, 2, (t:0, i:0))
2021-09-16 19:34:58,642 [e8f13dfe-2d88-44e3-8dd8-bc613bb80fa9@group-D3A07527D82D-FollowerState] INFO  impl.FollowerState (FollowerState.java:run(143)) - e8f13dfe-2d88-44e3-8dd8-bc613bb80fa9@group-D3A07527D82D-FollowerState was interrupted: {}
java.lang.InterruptedException: sleep interrupted
	at java.lang.Thread.sleep(Native Method)
	at java.lang.Thread.sleep(Thread.java:340)
	at java.util.concurrent.TimeUnit.sleep(TimeUnit.java:386)
	at org.apache.ratis.util.TimeDuration.sleep(TimeDuration.java:324)
	at org.apache.ratis.util.TimeDuration.sleep(TimeDuration.java:309)
	at org.apache.ratis.server.impl.FollowerState.run(FollowerState.java:118)
2021-09-16 19:34:58,654 [grpc-default-executor-3] INFO  impl.VoteContext (VoteContext.java:log(48)) - de4d5c13-4a27-410b-b35a-5584c5652eab@group-D3A07527D82D-CANDIDATE: reject ELECTION from 1226f225-3abd-46f9-90c8-da28d00f4d36: already has voted for de4d5c13-4a27-410b-b35a-5584c5652eab at current term 2
2021-09-16 19:34:58,654 [grpc-default-executor-3] INFO  server.RaftServer$Division (RaftServerImpl.java:requestVote(1075)) - de4d5c13-4a27-410b-b35a-5584c5652eab@group-D3A07527D82D replies to ELECTION vote request: 1226f225-3abd-46f9-90c8-da28d00f4d36<-de4d5c13-4a27-410b-b35a-5584c5652eab#0:FAIL-t2. Peer's state: de4d5c13-4a27-410b-b35a-5584c5652eab@group-D3A07527D82D:t2, leader=null, voted=de4d5c13-4a27-410b-b35a-5584c5652eab, raftlog=de4d5c13-4a27-410b-b35a-5584c5652eab@group-D3A07527D82D-SegmentedRaftLog:OPENED:c-1,f-1,i0, conf=-1: [1226f225-3abd-46f9-90c8-da28d00f4d36|rpc:10.1.0.5:44993|dataStream:|priority:0, e8f13dfe-2d88-44e3-8dd8-bc613bb80fa9|rpc:10.1.0.5:42057|dataStream:|priority:0, de4d5c13-4a27-410b-b35a-5584c5652eab|rpc:10.1.0.5:33691|dataStream:|priority:1], old=null
2021-09-16 19:34:58,656 [de4d5c13-4a27-410b-b35a-5584c5652eab@group-D3A07527D82D-LeaderElection101] INFO  impl.LeaderElection (LeaderElection.java:askForVotes(306)) - de4d5c13-4a27-410b-b35a-5584c5652eab@group-D3A07527D82D-LeaderElection101 ELECTION round 0: submit vote requests at term 2 for -1: [1226f225-3abd-46f9-90c8-da28d00f4d36|rpc:10.1.0.5:44993|dataStream:|priority:0, e8f13dfe-2d88-44e3-8dd8-bc613bb80fa9|rpc:10.1.0.5:42057|dataStream:|priority:0, de4d5c13-4a27-410b-b35a-5584c5652eab|rpc:10.1.0.5:33691|dataStream:|priority:1], old=null
2021-09-16 19:34:58,676 [grpc-default-executor-5] INFO  server.RaftServer$Division (RaftServerImpl.java:requestVote(1075)) - e8f13dfe-2d88-44e3-8dd8-bc613bb80fa9@group-D3A07527D82D replies to ELECTION vote request: 1226f225-3abd-46f9-90c8-da28d00f4d36<-e8f13dfe-2d88-44e3-8dd8-bc613bb80fa9#0:OK-t2. Peer's state: e8f13dfe-2d88-44e3-8dd8-bc613bb80fa9@group-D3A07527D82D:t2, leader=null, voted=1226f225-3abd-46f9-90c8-da28d00f4d36, raftlog=e8f13dfe-2d88-44e3-8dd8-bc613bb80fa9@group-D3A07527D82D-SegmentedRaftLog:OPENED:c-1,f-1,i0, conf=-1: [1226f225-3abd-46f9-90c8-da28d00f4d36|rpc:10.1.0.5:44993|dataStream:|priority:0, e8f13dfe-2d88-44e3-8dd8-bc613bb80fa9|rpc:10.1.0.5:42057|dataStream:|priority:0, de4d5c13-4a27-410b-b35a-5584c5652eab|rpc:10.1.0.5:33691|dataStream:|priority:1], old=null
2021-09-16 19:34:58,685 [1226f225-3abd-46f9-90c8-da28d00f4d36@group-D3A07527D82D-LeaderElection100] INFO  impl.LeaderElection (LeaderElection.java:logAndReturn(89)) - 1226f225-3abd-46f9-90c8-da28d00f4d36@group-D3A07527D82D-LeaderElection100: ELECTION REJECTED received 2 response(s) and 0 exception(s):
2021-09-16 19:34:58,686 [1226f225-3abd-46f9-90c8-da28d00f4d36@group-D3A07527D82D-LeaderElection100] INFO  impl.LeaderElection (LeaderElection.java:logAndReturn(93)) -   Response 0: 1226f225-3abd-46f9-90c8-da28d00f4d36<-e8f13dfe-2d88-44e3-8dd8-bc613bb80fa9#0:OK-t2
2021-09-16 19:34:58,686 [1226f225-3abd-46f9-90c8-da28d00f4d36@group-D3A07527D82D-LeaderElection100] INFO  impl.LeaderElection (LeaderElection.java:logAndReturn(93)) -   Response 1: 1226f225-3abd-46f9-90c8-da28d00f4d36<-de4d5c13-4a27-410b-b35a-5584c5652eab#0:FAIL-t2
2021-09-16 19:34:58,686 [1226f225-3abd-46f9-90c8-da28d00f4d36@group-D3A07527D82D-LeaderElection100] INFO  impl.LeaderElection (LeaderElection.java:askForVotes(308)) - 1226f225-3abd-46f9-90c8-da28d00f4d36@group-D3A07527D82D-LeaderElection100 ELECTION round 0: result REJECTED
2021-09-16 19:34:58,686 [1226f225-3abd-46f9-90c8-da28d00f4d36@group-D3A07527D82D-LeaderElection100] INFO  server.RaftServer$Division (RaftServerImpl.java:setRole(285)) - 1226f225-3abd-46f9-90c8-da28d00f4d36@group-D3A07527D82D: changes role from CANDIDATE to FOLLOWER at term 2 for REJECTED
2021-09-16 19:34:58,686 [1226f225-3abd-46f9-90c8-da28d00f4d36@group-D3A07527D82D-LeaderElection100] INFO  impl.RoleInfo (RoleInfo.java:shutdownLeaderElection(121)) - 1226f225-3abd-46f9-90c8-da28d00f4d36: shutdown 1226f225-3abd-46f9-90c8-da28d00f4d36@group-D3A07527D82D-LeaderElection100
2021-09-16 19:34:58,686 [1226f225-3abd-46f9-90c8-da28d00f4d36@group-D3A07527D82D-LeaderElection100] INFO  impl.RoleInfo (RoleInfo.java:updateAndGet(130)) - 1226f225-3abd-46f9-90c8-da28d00f4d36: start 1226f225-3abd-46f9-90c8-da28d00f4d36@group-D3A07527D82D-FollowerState
2021-09-16 19:34:58,699 [grpc-default-executor-5] INFO  server.RaftServer$Division (RaftServerImpl.java:requestVote(1043)) - 1226f225-3abd-46f9-90c8-da28d00f4d36@group-D3A07527D82D: receive requestVote(ELECTION, de4d5c13-4a27-410b-b35a-5584c5652eab, group-D3A07527D82D, 2, (t:0, i:0))
2021-09-16 19:34:58,699 [grpc-default-executor-5] INFO  impl.VoteContext (VoteContext.java:log(48)) - 1226f225-3abd-46f9-90c8-da28d00f4d36@group-D3A07527D82D-FOLLOWER: reject ELECTION from de4d5c13-4a27-410b-b35a-5584c5652eab: already has voted for 1226f225-3abd-46f9-90c8-da28d00f4d36 at current term 2
2021-09-16 19:34:58,699 [grpc-default-executor-5] INFO  server.RaftServer$Division (RaftServerImpl.java:requestVote(1075)) - 1226f225-3abd-46f9-90c8-da28d00f4d36@group-D3A07527D82D replies to ELECTION vote request: de4d5c13-4a27-410b-b35a-5584c5652eab<-1226f225-3abd-46f9-90c8-da28d00f4d36#0:FAIL-t2. Peer's state: 1226f225-3abd-46f9-90c8-da28d00f4d36@group-D3A07527D82D:t2, leader=null, voted=1226f225-3abd-46f9-90c8-da28d00f4d36, raftlog=1226f225-3abd-46f9-90c8-da28d00f4d36@group-D3A07527D82D-SegmentedRaftLog:OPENED:c-1,f-1,i0, conf=-1: [1226f225-3abd-46f9-90c8-da28d00f4d36|rpc:10.1.0.5:44993|priority:0, e8f13dfe-2d88-44e3-8dd8-bc613bb80fa9|rpc:10.1.0.5:42057|priority:0, de4d5c13-4a27-410b-b35a-5584c5652eab|rpc:10.1.0.5:33691|priority:1], old=null
2021-09-16 19:34:58,713 [grpc-default-executor-5] INFO  server.RaftServer$Division (RaftServerImpl.java:requestVote(1043)) - e8f13dfe-2d88-44e3-8dd8-bc613bb80fa9@group-D3A07527D82D: receive requestVote(ELECTION, de4d5c13-4a27-410b-b35a-5584c5652eab, group-D3A07527D82D, 2, (t:0, i:0))
2021-09-16 19:34:58,713 [grpc-default-executor-5] INFO  impl.VoteContext (VoteContext.java:log(48)) - e8f13dfe-2d88-44e3-8dd8-bc613bb80fa9@group-D3A07527D82D-FOLLOWER: reject ELECTION from de4d5c13-4a27-410b-b35a-5584c5652eab: already has voted for 1226f225-3abd-46f9-90c8-da28d00f4d36 at current term 2
2021-09-16 19:34:58,713 [grpc-default-executor-5] INFO  server.RaftServer$Division (RaftServerImpl.java:requestVote(1075)) - e8f13dfe-2d88-44e3-8dd8-bc613bb80fa9@group-D3A07527D82D replies to ELECTION vote request: de4d5c13-4a27-410b-b35a-5584c5652eab<-e8f13dfe-2d88-44e3-8dd8-bc613bb80fa9#0:FAIL-t2. Peer's state: e8f13dfe-2d88-44e3-8dd8-bc613bb80fa9@group-D3A07527D82D:t2, leader=null, voted=1226f225-3abd-46f9-90c8-da28d00f4d36, raftlog=e8f13dfe-2d88-44e3-8dd8-bc613bb80fa9@group-D3A07527D82D-SegmentedRaftLog:OPENED:c-1,f-1,i0, conf=-1: [1226f225-3abd-46f9-90c8-da28d00f4d36|rpc:10.1.0.5:44993|dataStream:|priority:0, e8f13dfe-2d88-44e3-8dd8-bc613bb80fa9|rpc:10.1.0.5:42057|dataStream:|priority:0, de4d5c13-4a27-410b-b35a-5584c5652eab|rpc:10.1.0.5:33691|dataStream:|priority:1], old=null
2021-09-16 19:34:58,717 [de4d5c13-4a27-410b-b35a-5584c5652eab@group-D3A07527D82D-LeaderElection101] INFO  impl.LeaderElection (LeaderElection.java:logAndReturn(89)) - de4d5c13-4a27-410b-b35a-5584c5652eab@group-D3A07527D82D-LeaderElection101: ELECTION REJECTED received 2 response(s) and 0 exception(s):
2021-09-16 19:34:58,717 [de4d5c13-4a27-410b-b35a-5584c5652eab@group-D3A07527D82D-LeaderElection101] INFO  impl.LeaderElection (LeaderElection.java:logAndReturn(93)) -   Response 0: de4d5c13-4a27-410b-b35a-5584c5652eab<-1226f225-3abd-46f9-90c8-da28d00f4d36#0:FAIL-t2
2021-09-16 19:34:58,717 [de4d5c13-4a27-410b-b35a-5584c5652eab@group-D3A07527D82D-LeaderElection101] INFO  impl.LeaderElection (LeaderElection.java:logAndReturn(93)) -   Response 1: de4d5c13-4a27-410b-b35a-5584c5652eab<-e8f13dfe-2d88-44e3-8dd8-bc613bb80fa9#0:FAIL-t2
2021-09-16 19:34:58,717 [de4d5c13-4a27-410b-b35a-5584c5652eab@group-D3A07527D82D-LeaderElection101] INFO  impl.LeaderElection (LeaderElection.java:askForVotes(308)) - de4d5c13-4a27-410b-b35a-5584c5652eab@group-D3A07527D82D-LeaderElection101 ELECTION round 0: result REJECTED
2021-09-16 19:34:58,717 [de4d5c13-4a27-410b-b35a-5584c5652eab@group-D3A07527D82D-LeaderElection101] INFO  server.RaftServer$Division (RaftServerImpl.java:setRole(285)) - de4d5c13-4a27-410b-b35a-5584c5652eab@group-D3A07527D82D: changes role from CANDIDATE to FOLLOWER at term 2 for REJECTED
2021-09-16 19:34:58,717 [de4d5c13-4a27-410b-b35a-5584c5652eab@group-D3A07527D82D-LeaderElection101] INFO  impl.RoleInfo (RoleInfo.java:shutdownLeaderElection(121)) - de4d5c13-4a27-410b-b35a-5584c5652eab: shutdown de4d5c13-4a27-410b-b35a-5584c5652eab@group-D3A07527D82D-LeaderElection101
2021-09-16 19:34:58,717 [de4d5c13-4a27-410b-b35a-5584c5652eab@group-D3A07527D82D-LeaderElection101] INFO  impl.RoleInfo (RoleInfo.java:updateAndGet(130)) - de4d5c13-4a27-410b-b35a-5584c5652eab: start de4d5c13-4a27-410b-b35a-5584c5652eab@group-D3A07527D82D-FollowerState
2021-09-16 19:34:59,250 [Listener at 127.0.0.1/43789] INFO  ozone.MiniOzoneClusterImpl (MiniOzoneClusterImpl.java:lambda$waitForClusterToBeReady$0(235)) - Nodes are ready. Got 9 of 9 DN Heartbeats.
2021-09-16 19:34:59,250 [Listener at 127.0.0.1/43789] INFO  ozone.MiniOzoneClusterImpl (MiniOzoneClusterImpl.java:lambda$waitForClusterToBeReady$0(238)) - Waiting for cluster to exit safe mode
2021-09-16 19:34:59,250 [Listener at 127.0.0.1/43789] INFO  ozone.MiniOzoneClusterImpl (MiniOzoneClusterImpl.java:lambda$waitForClusterToBeReady$0(240)) - SCM became leader
2021-09-16 19:35:00,250 [Listener at 127.0.0.1/43789] INFO  ozone.MiniOzoneClusterImpl (MiniOzoneClusterImpl.java:lambda$waitForClusterToBeReady$0(235)) - Nodes are ready. Got 9 of 9 DN Heartbeats.
2021-09-16 19:35:00,250 [Listener at 127.0.0.1/43789] INFO  ozone.MiniOzoneClusterImpl (MiniOzoneClusterImpl.java:lambda$waitForClusterToBeReady$0(238)) - Waiting for cluster to exit safe mode
2021-09-16 19:35:00,251 [Listener at 127.0.0.1/43789] INFO  ozone.MiniOzoneClusterImpl (MiniOzoneClusterImpl.java:lambda$waitForClusterToBeReady$0(240)) - SCM became leader
2021-09-16 19:35:01,252 [Listener at 127.0.0.1/43789] INFO  ozone.MiniOzoneClusterImpl (MiniOzoneClusterImpl.java:lambda$waitForClusterToBeReady$0(235)) - Nodes are ready. Got 9 of 9 DN Heartbeats.
2021-09-16 19:35:01,252 [Listener at 127.0.0.1/43789] INFO  ozone.MiniOzoneClusterImpl (MiniOzoneClusterImpl.java:lambda$waitForClusterToBeReady$0(238)) - Waiting for cluster to exit safe mode
2021-09-16 19:35:01,252 [Listener at 127.0.0.1/43789] INFO  ozone.MiniOzoneClusterImpl (MiniOzoneClusterImpl.java:lambda$waitForClusterToBeReady$0(240)) - SCM became leader
2021-09-16 19:35:01,266 [17c51919-b33f-4a5f-9a86-1e5ebe529257@group-BBBDE90A5B3B-FollowerState] INFO  impl.FollowerState (FollowerState.java:run(134)) - 17c51919-b33f-4a5f-9a86-1e5ebe529257@group-BBBDE90A5B3B-FollowerState: change to CANDIDATE, lastRpcElapsedTime:5042195790ns, electionTimeout:5021ms
2021-09-16 19:35:01,266 [17c51919-b33f-4a5f-9a86-1e5ebe529257@group-BBBDE90A5B3B-FollowerState] INFO  impl.RoleInfo (RoleInfo.java:shutdownFollowerState(108)) - 17c51919-b33f-4a5f-9a86-1e5ebe529257: shutdown 17c51919-b33f-4a5f-9a86-1e5ebe529257@group-BBBDE90A5B3B-FollowerState
2021-09-16 19:35:01,266 [17c51919-b33f-4a5f-9a86-1e5ebe529257@group-BBBDE90A5B3B-FollowerState] INFO  server.RaftServer$Division (RaftServerImpl.java:setRole(285)) - 17c51919-b33f-4a5f-9a86-1e5ebe529257@group-BBBDE90A5B3B: changes role from  FOLLOWER to CANDIDATE at term 1 for changeToCandidate
2021-09-16 19:35:01,266 [17c51919-b33f-4a5f-9a86-1e5ebe529257@group-BBBDE90A5B3B-FollowerState] INFO  server.RaftServerConfigKeys (ConfUtils.java:logGet(44)) - raft.server.leaderelection.pre-vote = false (custom)
2021-09-16 19:35:01,266 [17c51919-b33f-4a5f-9a86-1e5ebe529257@group-BBBDE90A5B3B-FollowerState] INFO  impl.RoleInfo (RoleInfo.java:updateAndGet(130)) - 17c51919-b33f-4a5f-9a86-1e5ebe529257: start 17c51919-b33f-4a5f-9a86-1e5ebe529257@group-BBBDE90A5B3B-LeaderElection102
2021-09-16 19:35:01,330 [17c51919-b33f-4a5f-9a86-1e5ebe529257@group-BBBDE90A5B3B-LeaderElection102] INFO  impl.LeaderElection (LeaderElection.java:askForVotes(306)) - 17c51919-b33f-4a5f-9a86-1e5ebe529257@group-BBBDE90A5B3B-LeaderElection102 ELECTION round 0: submit vote requests at term 2 for -1: [d325862d-5d90-442e-bb25-5d4329348a89|rpc:10.1.0.5:42511|dataStream:|priority:0, 17c51919-b33f-4a5f-9a86-1e5ebe529257|rpc:10.1.0.5:40963|dataStream:|priority:1, 22678529-1571-490a-85b9-2142d4a575d8|rpc:10.1.0.5:32787|dataStream:|priority:0], old=null
2021-09-16 19:35:01,364 [grpc-default-executor-5] INFO  server.RaftServer$Division (RaftServerImpl.java:requestVote(1043)) - d325862d-5d90-442e-bb25-5d4329348a89@group-BBBDE90A5B3B: receive requestVote(ELECTION, 17c51919-b33f-4a5f-9a86-1e5ebe529257, group-BBBDE90A5B3B, 2, (t:0, i:0))
2021-09-16 19:35:01,364 [grpc-default-executor-5] INFO  impl.VoteContext (VoteContext.java:log(48)) - d325862d-5d90-442e-bb25-5d4329348a89@group-BBBDE90A5B3B-FOLLOWER: accept ELECTION from 17c51919-b33f-4a5f-9a86-1e5ebe529257: our priority 0 <= candidate's priority 1
2021-09-16 19:35:01,364 [grpc-default-executor-5] INFO  server.RaftServer$Division (RaftServerImpl.java:setRole(285)) - d325862d-5d90-442e-bb25-5d4329348a89@group-BBBDE90A5B3B: changes role from  FOLLOWER to FOLLOWER at term 2 for candidate:17c51919-b33f-4a5f-9a86-1e5ebe529257
2021-09-16 19:35:01,364 [grpc-default-executor-5] INFO  impl.RoleInfo (RoleInfo.java:shutdownFollowerState(108)) - d325862d-5d90-442e-bb25-5d4329348a89: shutdown d325862d-5d90-442e-bb25-5d4329348a89@group-BBBDE90A5B3B-FollowerState
2021-09-16 19:35:01,364 [grpc-default-executor-5] INFO  impl.RoleInfo (RoleInfo.java:updateAndGet(130)) - d325862d-5d90-442e-bb25-5d4329348a89: start d325862d-5d90-442e-bb25-5d4329348a89@group-BBBDE90A5B3B-FollowerState
2021-09-16 19:35:01,370 [grpc-default-executor-5] INFO  server.RaftServer$Division (RaftServerImpl.java:requestVote(1075)) - d325862d-5d90-442e-bb25-5d4329348a89@group-BBBDE90A5B3B replies to ELECTION vote request: 17c51919-b33f-4a5f-9a86-1e5ebe529257<-d325862d-5d90-442e-bb25-5d4329348a89#0:OK-t2. Peer's state: d325862d-5d90-442e-bb25-5d4329348a89@group-BBBDE90A5B3B:t2, leader=null, voted=17c51919-b33f-4a5f-9a86-1e5ebe529257, raftlog=d325862d-5d90-442e-bb25-5d4329348a89@group-BBBDE90A5B3B-SegmentedRaftLog:OPENED:c-1,f-1,i0, conf=-1: [d325862d-5d90-442e-bb25-5d4329348a89|rpc:10.1.0.5:42511|dataStream:|priority:0, 17c51919-b33f-4a5f-9a86-1e5ebe529257|rpc:10.1.0.5:40963|dataStream:|priority:1, 22678529-1571-490a-85b9-2142d4a575d8|rpc:10.1.0.5:32787|dataStream:|priority:0], old=null
2021-09-16 19:35:01,371 [d325862d-5d90-442e-bb25-5d4329348a89@group-BBBDE90A5B3B-FollowerState] INFO  impl.FollowerState (FollowerState.java:run(134)) - d325862d-5d90-442e-bb25-5d4329348a89@group-BBBDE90A5B3B-FollowerState: change to CANDIDATE, lastRpcElapsedTime:5076799961ns, electionTimeout:5013ms
2021-09-16 19:35:01,371 [d325862d-5d90-442e-bb25-5d4329348a89@group-BBBDE90A5B3B-FollowerState] INFO  impl.RoleInfo (RoleInfo.java:shutdownFollowerState(108)) - d325862d-5d90-442e-bb25-5d4329348a89: shutdown d325862d-5d90-442e-bb25-5d4329348a89@group-BBBDE90A5B3B-FollowerState
2021-09-16 19:35:01,371 [d325862d-5d90-442e-bb25-5d4329348a89@group-BBBDE90A5B3B-FollowerState] INFO  server.RaftServer$Division (RaftServerImpl.java:setRole(285)) - d325862d-5d90-442e-bb25-5d4329348a89@group-BBBDE90A5B3B: changes role from  FOLLOWER to CANDIDATE at term 2 for changeToCandidate
2021-09-16 19:35:01,371 [d325862d-5d90-442e-bb25-5d4329348a89@group-BBBDE90A5B3B-FollowerState] INFO  server.RaftServerConfigKeys (ConfUtils.java:logGet(44)) - raft.server.leaderelection.pre-vote = false (custom)
2021-09-16 19:35:01,371 [d325862d-5d90-442e-bb25-5d4329348a89@group-BBBDE90A5B3B-FollowerState] INFO  impl.RoleInfo (RoleInfo.java:updateAndGet(130)) - d325862d-5d90-442e-bb25-5d4329348a89: start d325862d-5d90-442e-bb25-5d4329348a89@group-BBBDE90A5B3B-LeaderElection103
2021-09-16 19:35:01,409 [17c51919-b33f-4a5f-9a86-1e5ebe529257@group-BBBDE90A5B3B-LeaderElection102] INFO  impl.LeaderElection (LeaderElection.java:logAndReturn(89)) - 17c51919-b33f-4a5f-9a86-1e5ebe529257@group-BBBDE90A5B3B-LeaderElection102: ELECTION PASSED received 1 response(s) and 0 exception(s):
2021-09-16 19:35:01,409 [17c51919-b33f-4a5f-9a86-1e5ebe529257@group-BBBDE90A5B3B-LeaderElection102] INFO  impl.LeaderElection (LeaderElection.java:logAndReturn(93)) -   Response 0: 17c51919-b33f-4a5f-9a86-1e5ebe529257<-d325862d-5d90-442e-bb25-5d4329348a89#0:OK-t2
2021-09-16 19:35:01,409 [17c51919-b33f-4a5f-9a86-1e5ebe529257@group-BBBDE90A5B3B-LeaderElection102] INFO  impl.LeaderElection (LeaderElection.java:askForVotes(308)) - 17c51919-b33f-4a5f-9a86-1e5ebe529257@group-BBBDE90A5B3B-LeaderElection102 ELECTION round 0: result PASSED
2021-09-16 19:35:01,409 [17c51919-b33f-4a5f-9a86-1e5ebe529257@group-BBBDE90A5B3B-LeaderElection102] INFO  impl.RoleInfo (RoleInfo.java:shutdownLeaderElection(121)) - 17c51919-b33f-4a5f-9a86-1e5ebe529257: shutdown 17c51919-b33f-4a5f-9a86-1e5ebe529257@group-BBBDE90A5B3B-LeaderElection102
2021-09-16 19:35:01,409 [17c51919-b33f-4a5f-9a86-1e5ebe529257@group-BBBDE90A5B3B-LeaderElection102] INFO  server.RaftServer$Division (RaftServerImpl.java:setRole(285)) - 17c51919-b33f-4a5f-9a86-1e5ebe529257@group-BBBDE90A5B3B: changes role from CANDIDATE to LEADER at term 2 for changeToLeader
2021-09-16 19:35:01,409 [17c51919-b33f-4a5f-9a86-1e5ebe529257@group-BBBDE90A5B3B-LeaderElection102] INFO  ratis.XceiverServerRatis (XceiverServerRatis.java:handleLeaderChangedNotification(860)) - Leader change notification received for group: group-BBBDE90A5B3B with new leaderId: 17c51919-b33f-4a5f-9a86-1e5ebe529257
2021-09-16 19:35:01,409 [17c51919-b33f-4a5f-9a86-1e5ebe529257@group-BBBDE90A5B3B-LeaderElection102] INFO  server.RaftServer$Division (ServerState.java:setLeader(285)) - 17c51919-b33f-4a5f-9a86-1e5ebe529257@group-BBBDE90A5B3B: change Leader from null to 17c51919-b33f-4a5f-9a86-1e5ebe529257 at term 2 for becomeLeader, leader elected after 10349ms
2021-09-16 19:35:01,409 [17c51919-b33f-4a5f-9a86-1e5ebe529257@group-BBBDE90A5B3B-LeaderElection102] INFO  server.RaftServerConfigKeys (ConfUtils.java:logGet(44)) - raft.server.staging.catchup.gap = 1000 (default)
2021-09-16 19:35:01,410 [Datanode State Machine Thread - 0] WARN  statemachine.StateContext (StateContext.java:execute(621)) - No available thread in pool for past 1 seconds.
2021-09-16 19:35:01,410 [EventQueue-PipelineReportForPipelineReportHandler] INFO  pipeline.PipelineManagerImpl (PipelineManagerImpl.java:openPipeline(282)) - Pipeline Pipeline[ Id: 00cfb056-a3a7-417d-aba7-bbbde90a5b3b, Nodes: 17c51919-b33f-4a5f-9a86-1e5ebe529257{ip: 10.1.0.5, host: fv-az195-743.u3nnjwd0vyge1bu22idnsdeq2e.cx.internal.cloudapp.net, ports: [REPLICATION=33461, RATIS=40963, RATIS_ADMIN=40963, RATIS_SERVER=40963, STANDALONE=43083], networkLocation: /default-rack, certSerialId: null, persistedOpState: IN_SERVICE, persistedOpStateExpiryEpochSec: 0}d325862d-5d90-442e-bb25-5d4329348a89{ip: 10.1.0.5, host: fv-az195-743.u3nnjwd0vyge1bu22idnsdeq2e.cx.internal.cloudapp.net, ports: [REPLICATION=37769, RATIS=42511, RATIS_ADMIN=42511, RATIS_SERVER=42511, STANDALONE=34693], networkLocation: /default-rack, certSerialId: null, persistedOpState: IN_SERVICE, persistedOpStateExpiryEpochSec: 0}22678529-1571-490a-85b9-2142d4a575d8{ip: 10.1.0.5, host: fv-az195-743.u3nnjwd0vyge1bu22idnsdeq2e.cx.internal.cloudapp.net, ports: [REPLICATION=38611, RATIS=32787, RATIS_ADMIN=32787, RATIS_SERVER=32787, STANDALONE=32881], networkLocation: /default-rack, certSerialId: null, persistedOpState: IN_SERVICE, persistedOpStateExpiryEpochSec: 0}, ReplicationConfig: RATIS/THREE, State:ALLOCATED, leaderId:17c51919-b33f-4a5f-9a86-1e5ebe529257, CreationTimestamp2021-09-16T19:34:49.243Z[Etc/UTC]] moved to OPEN state
2021-09-16 19:35:01,411 [EventQueue-OpenPipelineForHealthyPipelineSafeModeRule] INFO  safemode.SCMSafeModeManager (HealthyPipelineSafeModeRule.java:process(124)) - SCM in safe mode. Healthy pipelines reported count is 1, required healthy pipeline reported count is 1
2021-09-16 19:35:01,411 [EventQueue-OpenPipelineForHealthyPipelineSafeModeRule] INFO  safemode.SCMSafeModeManager (SCMSafeModeManager.java:validateSafeModeExitRules(204)) - HealthyPipelineSafeModeRule rule is successfully validated
2021-09-16 19:35:01,411 [EventQueue-OpenPipelineForHealthyPipelineSafeModeRule] INFO  safemode.SCMSafeModeManager (SCMSafeModeManager.java:validateSafeModeExitRules(219)) - ScmSafeModeManager, all rules are successfully validated
2021-09-16 19:35:01,411 [EventQueue-OpenPipelineForHealthyPipelineSafeModeRule] INFO  safemode.SCMSafeModeManager (SCMSafeModeManager.java:exitSafeMode(248)) - SCM exiting safe mode.
2021-09-16 19:35:01,411 [EventQueue-OpenPipelineForHealthyPipelineSafeModeRule] WARN  events.EventQueue (EventQueue.java:fireEvent(194)) - No event handler registered for event TypedEvent{payloadType=SafeModeStatus, name='Safe mode status'}
2021-09-16 19:35:01,411 [EventQueue-OpenPipelineForHealthyPipelineSafeModeRule] INFO  ha.SCMContext (SCMContext.java:updateSafeModeStatus(205)) - Update SafeModeStatus from SafeModeStatus{safeModeStatus=true, preCheckPassed=true} to SafeModeStatus{safeModeStatus=false, preCheckPassed=true}.
2021-09-16 19:35:01,411 [EventQueue-OpenPipelineForHealthyPipelineSafeModeRule] INFO  pipeline.BackgroundPipelineCreator (BackgroundPipelineCreatorV2.java:notifyStatusChanged(264)) - Service BackgroundPipelineCreator transitions to RUNNING.
2021-09-16 19:35:01,411 [EventQueue-OpenPipelineForHealthyPipelineSafeModeRule] INFO  container.ReplicationManager (ReplicationManager.java:notifyStatusChanged(1743)) - Service ReplicationManager transitions to RUNNING.
2021-09-16 19:35:01,414 [17c51919-b33f-4a5f-9a86-1e5ebe529257@group-BBBDE90A5B3B-LeaderElection102] INFO  server.RaftServerConfigKeys (ConfUtils.java:logGet(44)) - raft.server.write.element-limit = 1024 (custom)
2021-09-16 19:35:01,414 [17c51919-b33f-4a5f-9a86-1e5ebe529257@group-BBBDE90A5B3B-LeaderElection102] INFO  server.RaftServerConfigKeys (ConfUtils.java:logGet(44)) - raft.server.write.byte-limit = 1024 M (=1073741824) (custom)
2021-09-16 19:35:01,415 [17c51919-b33f-4a5f-9a86-1e5ebe529257@group-BBBDE90A5B3B-LeaderElection102] INFO  server.RaftServerConfigKeys (ConfUtils.java:logGet(44)) - raft.server.watch.timeout = 3000ms (custom)
2021-09-16 19:35:01,415 [17c51919-b33f-4a5f-9a86-1e5ebe529257@group-BBBDE90A5B3B-LeaderElection102] INFO  server.RaftServerConfigKeys (ConfUtils.java:logGet(44)) - raft.server.watch.timeout.denomination = 1s (default)
2021-09-16 19:35:01,415 [17c51919-b33f-4a5f-9a86-1e5ebe529257@group-BBBDE90A5B3B-LeaderElection102] INFO  server.RaftServerConfigKeys (ConfUtils.java:logGet(44)) - raft.server.watch.element-limit = 65536 (default)
2021-09-16 19:35:01,416 [17c51919-b33f-4a5f-9a86-1e5ebe529257@group-BBBDE90A5B3B-LeaderElection102] INFO  server.RaftServerConfigKeys (ConfUtils.java:logGet(44)) - raft.server.log.appender.snapshot.chunk.size.max = 16MB (=16777216) (default)
2021-09-16 19:35:01,416 [17c51919-b33f-4a5f-9a86-1e5ebe529257@group-BBBDE90A5B3B-LeaderElection102] INFO  server.RaftServerConfigKeys (ConfUtils.java:logGet(44)) - raft.server.log.appender.buffer.byte-limit = 33554432 (custom)
2021-09-16 19:35:01,416 [17c51919-b33f-4a5f-9a86-1e5ebe529257@group-BBBDE90A5B3B-LeaderElection102] INFO  server.RaftServerConfigKeys (ConfUtils.java:logGet(44)) - raft.server.log.appender.buffer.element-limit = 1 (custom)
2021-09-16 19:35:01,416 [17c51919-b33f-4a5f-9a86-1e5ebe529257@group-BBBDE90A5B3B-LeaderElection102] INFO  grpc.GrpcConfigKeys (ConfUtils.java:logGet(44)) - raft.grpc.server.leader.outstanding.appends.max = 128 (default)
2021-09-16 19:35:01,416 [17c51919-b33f-4a5f-9a86-1e5ebe529257@group-BBBDE90A5B3B-LeaderElection102] INFO  server.RaftServerConfigKeys (ConfUtils.java:logGet(44)) - raft.server.rpc.request.timeout = 3000ms (default)
2021-09-16 19:35:01,416 [17c51919-b33f-4a5f-9a86-1e5ebe529257@group-BBBDE90A5B3B-LeaderElection102] INFO  server.RaftServerConfigKeys (ConfUtils.java:logGet(44)) - raft.server.log.appender.install.snapshot.enabled = false (custom)
2021-09-16 19:35:01,418 [17c51919-b33f-4a5f-9a86-1e5ebe529257@group-BBBDE90A5B3B-LeaderElection102] INFO  server.RaftServerConfigKeys (ConfUtils.java:logGet(44)) - raft.server.log.appender.snapshot.chunk.size.max = 16MB (=16777216) (default)
2021-09-16 19:35:01,418 [17c51919-b33f-4a5f-9a86-1e5ebe529257@group-BBBDE90A5B3B-LeaderElection102] INFO  server.RaftServerConfigKeys (ConfUtils.java:logGet(44)) - raft.server.log.appender.buffer.byte-limit = 33554432 (custom)
2021-09-16 19:35:01,418 [17c51919-b33f-4a5f-9a86-1e5ebe529257@group-BBBDE90A5B3B-LeaderElection102] INFO  server.RaftServerConfigKeys (ConfUtils.java:logGet(44)) - raft.server.log.appender.buffer.element-limit = 1 (custom)
2021-09-16 19:35:01,418 [17c51919-b33f-4a5f-9a86-1e5ebe529257@group-BBBDE90A5B3B-LeaderElection102] INFO  grpc.GrpcConfigKeys (ConfUtils.java:logGet(44)) - raft.grpc.server.leader.outstanding.appends.max = 128 (default)
2021-09-16 19:35:01,418 [17c51919-b33f-4a5f-9a86-1e5ebe529257@group-BBBDE90A5B3B-LeaderElection102] INFO  server.RaftServerConfigKeys (ConfUtils.java:logGet(44)) - raft.server.rpc.request.timeout = 3000ms (default)
2021-09-16 19:35:01,418 [17c51919-b33f-4a5f-9a86-1e5ebe529257@group-BBBDE90A5B3B-LeaderElection102] INFO  server.RaftServerConfigKeys (ConfUtils.java:logGet(44)) - raft.server.log.appender.install.snapshot.enabled = false (custom)
2021-09-16 19:35:01,420 [17c51919-b33f-4a5f-9a86-1e5ebe529257@group-BBBDE90A5B3B-LeaderElection102] INFO  impl.RoleInfo (RoleInfo.java:updateAndGet(130)) - 17c51919-b33f-4a5f-9a86-1e5ebe529257: start 17c51919-b33f-4a5f-9a86-1e5ebe529257@group-BBBDE90A5B3B-LeaderStateImpl
2021-09-16 19:35:01,420 [17c51919-b33f-4a5f-9a86-1e5ebe529257@group-BBBDE90A5B3B-LeaderElection102] INFO  segmented.SegmentedRaftLogWorker (SegmentedRaftLogWorker.java:startLogSegment(394)) - 17c51919-b33f-4a5f-9a86-1e5ebe529257@group-BBBDE90A5B3B-SegmentedRaftLogWorker: Starting segment from index:0
2021-09-16 19:35:01,446 [d325862d-5d90-442e-bb25-5d4329348a89@group-BBBDE90A5B3B-LeaderElection103] INFO  impl.LeaderElection (LeaderElection.java:askForVotes(306)) - d325862d-5d90-442e-bb25-5d4329348a89@group-BBBDE90A5B3B-LeaderElection103 ELECTION round 0: submit vote requests at term 3 for -1: [d325862d-5d90-442e-bb25-5d4329348a89|rpc:10.1.0.5:42511|dataStream:|priority:0, 17c51919-b33f-4a5f-9a86-1e5ebe529257|rpc:10.1.0.5:40963|dataStream:|priority:1, 22678529-1571-490a-85b9-2142d4a575d8|rpc:10.1.0.5:32787|dataStream:|priority:0], old=null
2021-09-16 19:35:01,442 [grpc-default-executor-5] INFO  server.RaftServer$Division (RaftServerImpl.java:requestVote(1043)) - 22678529-1571-490a-85b9-2142d4a575d8@group-BBBDE90A5B3B: receive requestVote(ELECTION, 17c51919-b33f-4a5f-9a86-1e5ebe529257, group-BBBDE90A5B3B, 2, (t:0, i:0))
2021-09-16 19:35:01,438 [22678529-1571-490a-85b9-2142d4a575d8@group-BBBDE90A5B3B-FollowerState] INFO  impl.FollowerState (FollowerState.java:run(134)) - 22678529-1571-490a-85b9-2142d4a575d8@group-BBBDE90A5B3B-FollowerState: change to CANDIDATE, lastRpcElapsedTime:5115715028ns, electionTimeout:5060ms
2021-09-16 19:35:01,447 [22678529-1571-490a-85b9-2142d4a575d8@group-BBBDE90A5B3B-FollowerState] INFO  impl.RoleInfo (RoleInfo.java:shutdownFollowerState(108)) - 22678529-1571-490a-85b9-2142d4a575d8: shutdown 22678529-1571-490a-85b9-2142d4a575d8@group-BBBDE90A5B3B-FollowerState
2021-09-16 19:35:01,447 [22678529-1571-490a-85b9-2142d4a575d8@group-BBBDE90A5B3B-FollowerState] INFO  server.RaftServer$Division (RaftServerImpl.java:setRole(285)) - 22678529-1571-490a-85b9-2142d4a575d8@group-BBBDE90A5B3B: changes role from  FOLLOWER to CANDIDATE at term 1 for changeToCandidate
2021-09-16 19:35:01,450 [22678529-1571-490a-85b9-2142d4a575d8@group-BBBDE90A5B3B-FollowerState] INFO  server.RaftServerConfigKeys (ConfUtils.java:logGet(44)) - raft.server.leaderelection.pre-vote = false (custom)
2021-09-16 19:35:01,450 [22678529-1571-490a-85b9-2142d4a575d8@group-BBBDE90A5B3B-FollowerState] INFO  impl.RoleInfo (RoleInfo.java:updateAndGet(130)) - 22678529-1571-490a-85b9-2142d4a575d8: start 22678529-1571-490a-85b9-2142d4a575d8@group-BBBDE90A5B3B-LeaderElection104
2021-09-16 19:35:01,476 [grpc-default-executor-6] INFO  server.RaftServer$Division (RaftServerImpl.java:requestVote(1043)) - 22678529-1571-490a-85b9-2142d4a575d8@group-BBBDE90A5B3B: receive requestVote(ELECTION, d325862d-5d90-442e-bb25-5d4329348a89, group-BBBDE90A5B3B, 3, (t:0, i:0))
2021-09-16 19:35:01,486 [17c51919-b33f-4a5f-9a86-1e5ebe529257@group-BBBDE90A5B3B-SegmentedRaftLogWorker] INFO  segmented.SegmentedRaftLogWorker (SegmentedRaftLogWorker.java:execute(601)) - 17c51919-b33f-4a5f-9a86-1e5ebe529257@group-BBBDE90A5B3B-SegmentedRaftLogWorker: created new log segment /home/runner/work/ozone/ozone/hadoop-ozone/integration-test/target/test-dir/MiniOzoneClusterImpl-4c5ee767-53d0-43e8-b9fb-bc60904004ee/datanode-8/data/ratis/00cfb056-a3a7-417d-aba7-bbbde90a5b3b/current/log_inprogress_0
2021-09-16 19:35:01,488 [grpc-default-executor-3] INFO  server.RaftServer$Division (RaftServerImpl.java:requestVote(1043)) - 17c51919-b33f-4a5f-9a86-1e5ebe529257@group-BBBDE90A5B3B: receive requestVote(ELECTION, d325862d-5d90-442e-bb25-5d4329348a89, group-BBBDE90A5B3B, 3, (t:0, i:0))
2021-09-16 19:35:01,500 [17c51919-b33f-4a5f-9a86-1e5ebe529257@group-BBBDE90A5B3B-LeaderElection102] INFO  server.RaftServer$Division (ServerState.java:setRaftConf(387)) - 17c51919-b33f-4a5f-9a86-1e5ebe529257@group-BBBDE90A5B3B: set configuration 0: [d325862d-5d90-442e-bb25-5d4329348a89|rpc:10.1.0.5:42511|dataStream:|priority:0, 17c51919-b33f-4a5f-9a86-1e5ebe529257|rpc:10.1.0.5:40963|dataStream:|priority:1, 22678529-1571-490a-85b9-2142d4a575d8|rpc:10.1.0.5:32787|dataStream:|priority:0], old=null
2021-09-16 19:35:01,510 [grpc-default-executor-3] INFO  impl.VoteContext (VoteContext.java:log(48)) - 17c51919-b33f-4a5f-9a86-1e5ebe529257@group-BBBDE90A5B3B-LEADER: reject ELECTION from d325862d-5d90-442e-bb25-5d4329348a89: our last entry (t:2, i:0) > candidate's last entry (t:0, i:0)
2021-09-16 19:35:01,510 [grpc-default-executor-3] INFO  server.RaftServer$Division (ServerState.java:setLeader(285)) - 17c51919-b33f-4a5f-9a86-1e5ebe529257@group-BBBDE90A5B3B: change Leader from 17c51919-b33f-4a5f-9a86-1e5ebe529257 to null at term 3 for updateCurrentTerm
2021-09-16 19:35:01,510 [grpc-default-executor-3] INFO  server.RaftServer$Division (RaftServerImpl.java:setRole(285)) - 17c51919-b33f-4a5f-9a86-1e5ebe529257@group-BBBDE90A5B3B: changes role from    LEADER to FOLLOWER at term 3 for candidate:d325862d-5d90-442e-bb25-5d4329348a89
2021-09-16 19:35:01,510 [grpc-default-executor-3] INFO  impl.RoleInfo (RoleInfo.java:shutdownLeaderState(91)) - 17c51919-b33f-4a5f-9a86-1e5ebe529257: shutdown 17c51919-b33f-4a5f-9a86-1e5ebe529257@group-BBBDE90A5B3B-LeaderStateImpl
2021-09-16 19:35:01,510 [grpc-default-executor-3] INFO  impl.PendingRequests (PendingRequests.java:sendNotLeaderResponses(282)) - 17c51919-b33f-4a5f-9a86-1e5ebe529257@group-BBBDE90A5B3B-PendingRequests: sendNotLeaderResponses
2021-09-16 19:35:01,526 [grpc-default-executor-6] INFO  impl.VoteContext (VoteContext.java:log(48)) - 22678529-1571-490a-85b9-2142d4a575d8@group-BBBDE90A5B3B-CANDIDATE: accept ELECTION from d325862d-5d90-442e-bb25-5d4329348a89: our priority 0 <= candidate's priority 0
2021-09-16 19:35:01,526 [grpc-default-executor-6] INFO  server.RaftServer$Division (RaftServerImpl.java:setRole(285)) - 22678529-1571-490a-85b9-2142d4a575d8@group-BBBDE90A5B3B: changes role from CANDIDATE to FOLLOWER at term 3 for candidate:d325862d-5d90-442e-bb25-5d4329348a89
2021-09-16 19:35:01,526 [grpc-default-executor-6] INFO  impl.RoleInfo (RoleInfo.java:shutdownLeaderElection(121)) - 22678529-1571-490a-85b9-2142d4a575d8: shutdown 22678529-1571-490a-85b9-2142d4a575d8@group-BBBDE90A5B3B-LeaderElection104
2021-09-16 19:35:01,526 [grpc-default-executor-6] INFO  impl.RoleInfo (RoleInfo.java:updateAndGet(130)) - 22678529-1571-490a-85b9-2142d4a575d8: start 22678529-1571-490a-85b9-2142d4a575d8@group-BBBDE90A5B3B-FollowerState
2021-09-16 19:35:01,543 [grpc-default-executor-2] INFO  server.GrpcServerProtocolService (GrpcServerProtocolService.java:onCompleted(140)) - d325862d-5d90-442e-bb25-5d4329348a89: Completed APPEND_ENTRIES, lastRequest: null
2021-09-16 19:35:01,544 [grpc-default-executor-0] INFO  server.GrpcLogAppender (GrpcLogAppender.java:onCompleted(344)) - 17c51919-b33f-4a5f-9a86-1e5ebe529257@group-BBBDE90A5B3B->d325862d-5d90-442e-bb25-5d4329348a89-AppendLogResponseHandler: follower responses appendEntries COMPLETED
2021-09-16 19:35:01,586 [grpc-default-executor-6] INFO  server.RaftServer$Division (RaftServerImpl.java:requestVote(1075)) - 22678529-1571-490a-85b9-2142d4a575d8@group-BBBDE90A5B3B replies to ELECTION vote request: d325862d-5d90-442e-bb25-5d4329348a89<-22678529-1571-490a-85b9-2142d4a575d8#0:OK-t3. Peer's state: 22678529-1571-490a-85b9-2142d4a575d8@group-BBBDE90A5B3B:t3, leader=null, voted=d325862d-5d90-442e-bb25-5d4329348a89, raftlog=22678529-1571-490a-85b9-2142d4a575d8@group-BBBDE90A5B3B-SegmentedRaftLog:OPENED:c-1,f-1,i0, conf=-1: [d325862d-5d90-442e-bb25-5d4329348a89|rpc:10.1.0.5:42511|priority:0, 17c51919-b33f-4a5f-9a86-1e5ebe529257|rpc:10.1.0.5:40963|priority:1, 22678529-1571-490a-85b9-2142d4a575d8|rpc:10.1.0.5:32787|priority:0], old=null
2021-09-16 19:35:01,586 [grpc-default-executor-5] INFO  impl.VoteContext (VoteContext.java:log(48)) - 22678529-1571-490a-85b9-2142d4a575d8@group-BBBDE90A5B3B-FOLLOWER: reject ELECTION from 17c51919-b33f-4a5f-9a86-1e5ebe529257: current term 3 > candidate's term 2
2021-09-16 19:35:01,586 [grpc-default-executor-5] INFO  server.RaftServer$Division (RaftServerImpl.java:requestVote(1075)) - 22678529-1571-490a-85b9-2142d4a575d8@group-BBBDE90A5B3B replies to ELECTION vote request: 17c51919-b33f-4a5f-9a86-1e5ebe529257<-22678529-1571-490a-85b9-2142d4a575d8#0:FAIL-t3. Peer's state: 22678529-1571-490a-85b9-2142d4a575d8@group-BBBDE90A5B3B:t3, leader=null, voted=d325862d-5d90-442e-bb25-5d4329348a89, raftlog=22678529-1571-490a-85b9-2142d4a575d8@group-BBBDE90A5B3B-SegmentedRaftLog:OPENED:c-1,f-1,i0, conf=-1: [d325862d-5d90-442e-bb25-5d4329348a89|rpc:10.1.0.5:42511|priority:0, 17c51919-b33f-4a5f-9a86-1e5ebe529257|rpc:10.1.0.5:40963|priority:1, 22678529-1571-490a-85b9-2142d4a575d8|rpc:10.1.0.5:32787|priority:0], old=null
2021-09-16 19:35:01,623 [grpc-default-executor-0] INFO  leader.FollowerInfo (FollowerInfoImpl.java:lambda$new$0(46)) - 17c51919-b33f-4a5f-9a86-1e5ebe529257@group-BBBDE90A5B3B->d325862d-5d90-442e-bb25-5d4329348a89: nextIndex: updateUnconditionally 0 -> 0
2021-09-16 19:35:01,626 [grpc-default-executor-3] INFO  impl.RoleInfo (RoleInfo.java:updateAndGet(130)) - 17c51919-b33f-4a5f-9a86-1e5ebe529257: start 17c51919-b33f-4a5f-9a86-1e5ebe529257@group-BBBDE90A5B3B-FollowerState
2021-09-16 19:35:01,662 [grpc-default-executor-3] INFO  server.RaftServer$Division (RaftServerImpl.java:requestVote(1075)) - 17c51919-b33f-4a5f-9a86-1e5ebe529257@group-BBBDE90A5B3B replies to ELECTION vote request: d325862d-5d90-442e-bb25-5d4329348a89<-17c51919-b33f-4a5f-9a86-1e5ebe529257#0:FAIL-t3. Peer's state: 17c51919-b33f-4a5f-9a86-1e5ebe529257@group-BBBDE90A5B3B:t3, leader=null, voted=null, raftlog=17c51919-b33f-4a5f-9a86-1e5ebe529257@group-BBBDE90A5B3B-SegmentedRaftLog:OPENED:c-1,f0,i0, conf=0: [d325862d-5d90-442e-bb25-5d4329348a89|rpc:10.1.0.5:42511|dataStream:|priority:0, 17c51919-b33f-4a5f-9a86-1e5ebe529257|rpc:10.1.0.5:40963|dataStream:|priority:1, 22678529-1571-490a-85b9-2142d4a575d8|rpc:10.1.0.5:32787|dataStream:|priority:0], old=null
2021-09-16 19:35:01,698 [d325862d-5d90-442e-bb25-5d4329348a89@group-BBBDE90A5B3B-LeaderElection103] INFO  impl.LeaderElection (LeaderElection.java:logAndReturn(89)) - d325862d-5d90-442e-bb25-5d4329348a89@group-BBBDE90A5B3B-LeaderElection103: ELECTION REJECTED received 2 response(s) and 0 exception(s):
2021-09-16 19:35:01,698 [d325862d-5d90-442e-bb25-5d4329348a89@group-BBBDE90A5B3B-LeaderElection103] INFO  impl.LeaderElection (LeaderElection.java:logAndReturn(93)) -   Response 0: d325862d-5d90-442e-bb25-5d4329348a89<-17c51919-b33f-4a5f-9a86-1e5ebe529257#0:FAIL-t3
2021-09-16 19:35:01,698 [d325862d-5d90-442e-bb25-5d4329348a89@group-BBBDE90A5B3B-LeaderElection103] INFO  impl.LeaderElection (LeaderElection.java:logAndReturn(93)) -   Response 1: d325862d-5d90-442e-bb25-5d4329348a89<-22678529-1571-490a-85b9-2142d4a575d8#0:OK-t3
2021-09-16 19:35:01,698 [d325862d-5d90-442e-bb25-5d4329348a89@group-BBBDE90A5B3B-LeaderElection103] INFO  impl.LeaderElection (LeaderElection.java:askForVotes(308)) - d325862d-5d90-442e-bb25-5d4329348a89@group-BBBDE90A5B3B-LeaderElection103 ELECTION round 0: result REJECTED
2021-09-16 19:35:01,698 [d325862d-5d90-442e-bb25-5d4329348a89@group-BBBDE90A5B3B-LeaderElection103] INFO  server.RaftServer$Division (RaftServerImpl.java:setRole(285)) - d325862d-5d90-442e-bb25-5d4329348a89@group-BBBDE90A5B3B: changes role from CANDIDATE to FOLLOWER at term 3 for REJECTED
2021-09-16 19:35:01,698 [d325862d-5d90-442e-bb25-5d4329348a89@group-BBBDE90A5B3B-LeaderElection103] INFO  impl.RoleInfo (RoleInfo.java:shutdownLeaderElection(121)) - d325862d-5d90-442e-bb25-5d4329348a89: shutdown d325862d-5d90-442e-bb25-5d4329348a89@group-BBBDE90A5B3B-LeaderElection103
2021-09-16 19:35:01,698 [d325862d-5d90-442e-bb25-5d4329348a89@group-BBBDE90A5B3B-LeaderElection103] INFO  impl.RoleInfo (RoleInfo.java:updateAndGet(130)) - d325862d-5d90-442e-bb25-5d4329348a89: start d325862d-5d90-442e-bb25-5d4329348a89@group-BBBDE90A5B3B-FollowerState
2021-09-16 19:35:01,965 [63deab9d-b01f-425d-a78d-558263b66f1b@group-1B930CD1D13F-FollowerState] INFO  impl.FollowerState (FollowerState.java:run(134)) - 63deab9d-b01f-425d-a78d-558263b66f1b@group-1B930CD1D13F-FollowerState: change to CANDIDATE, lastRpcElapsedTime:5028528078ns, electionTimeout:5018ms
2021-09-16 19:35:01,965 [63deab9d-b01f-425d-a78d-558263b66f1b@group-1B930CD1D13F-FollowerState] INFO  impl.RoleInfo (RoleInfo.java:shutdownFollowerState(108)) - 63deab9d-b01f-425d-a78d-558263b66f1b: shutdown 63deab9d-b01f-425d-a78d-558263b66f1b@group-1B930CD1D13F-FollowerState
2021-09-16 19:35:01,965 [63deab9d-b01f-425d-a78d-558263b66f1b@group-1B930CD1D13F-FollowerState] INFO  server.RaftServer$Division (RaftServerImpl.java:setRole(285)) - 63deab9d-b01f-425d-a78d-558263b66f1b@group-1B930CD1D13F: changes role from  FOLLOWER to CANDIDATE at term 2 for changeToCandidate
2021-09-16 19:35:01,965 [63deab9d-b01f-425d-a78d-558263b66f1b@group-1B930CD1D13F-FollowerState] INFO  server.RaftServerConfigKeys (ConfUtils.java:logGet(44)) - raft.server.leaderelection.pre-vote = false (custom)
2021-09-16 19:35:01,965 [63deab9d-b01f-425d-a78d-558263b66f1b@group-1B930CD1D13F-FollowerState] INFO  impl.RoleInfo (RoleInfo.java:updateAndGet(130)) - 63deab9d-b01f-425d-a78d-558263b66f1b: start 63deab9d-b01f-425d-a78d-558263b66f1b@group-1B930CD1D13F-LeaderElection105
2021-09-16 19:35:01,983 [63deab9d-b01f-425d-a78d-558263b66f1b@group-1B930CD1D13F-LeaderElection105] INFO  impl.LeaderElection (LeaderElection.java:askForVotes(306)) - 63deab9d-b01f-425d-a78d-558263b66f1b@group-1B930CD1D13F-LeaderElection105 ELECTION round 0: submit vote requests at term 3 for -1: [39314213-52f4-4d5f-8765-d5d2e351be65|rpc:10.1.0.5:40299|priority:0, 67d2e683-5568-476c-afe3-e1175f298156|rpc:10.1.0.5:44345|priority:0, 63deab9d-b01f-425d-a78d-558263b66f1b|rpc:10.1.0.5:40589|priority:1], old=null
2021-09-16 19:35:02,014 [grpc-default-executor-3] INFO  server.RaftServer$Division (RaftServerImpl.java:requestVote(1043)) - 39314213-52f4-4d5f-8765-d5d2e351be65@group-1B930CD1D13F: receive requestVote(ELECTION, 63deab9d-b01f-425d-a78d-558263b66f1b, group-1B930CD1D13F, 3, (t:0, i:0))
2021-09-16 19:35:02,015 [grpc-default-executor-3] INFO  impl.VoteContext (VoteContext.java:log(48)) - 39314213-52f4-4d5f-8765-d5d2e351be65@group-1B930CD1D13F-FOLLOWER: accept ELECTION from 63deab9d-b01f-425d-a78d-558263b66f1b: our priority 0 <= candidate's priority 1
2021-09-16 19:35:02,015 [grpc-default-executor-3] INFO  server.RaftServer$Division (RaftServerImpl.java:setRole(285)) - 39314213-52f4-4d5f-8765-d5d2e351be65@group-1B930CD1D13F: changes role from  FOLLOWER to FOLLOWER at term 3 for candidate:63deab9d-b01f-425d-a78d-558263b66f1b
2021-09-16 19:35:02,015 [grpc-default-executor-3] INFO  impl.RoleInfo (RoleInfo.java:shutdownFollowerState(108)) - 39314213-52f4-4d5f-8765-d5d2e351be65: shutdown 39314213-52f4-4d5f-8765-d5d2e351be65@group-1B930CD1D13F-FollowerState
2021-09-16 19:35:02,016 [67d2e683-5568-476c-afe3-e1175f298156@group-1B930CD1D13F-FollowerState] INFO  impl.FollowerState (FollowerState.java:run(134)) - 67d2e683-5568-476c-afe3-e1175f298156@group-1B930CD1D13F-FollowerState: change to CANDIDATE, lastRpcElapsedTime:5069449428ns, electionTimeout:5067ms
2021-09-16 19:35:02,016 [67d2e683-5568-476c-afe3-e1175f298156@group-1B930CD1D13F-FollowerState] INFO  impl.RoleInfo (RoleInfo.java:shutdownFollowerState(108)) - 67d2e683-5568-476c-afe3-e1175f298156: shutdown 67d2e683-5568-476c-afe3-e1175f298156@group-1B930CD1D13F-FollowerState
2021-09-16 19:35:02,016 [67d2e683-5568-476c-afe3-e1175f298156@group-1B930CD1D13F-FollowerState] INFO  server.RaftServer$Division (RaftServerImpl.java:setRole(285)) - 67d2e683-5568-476c-afe3-e1175f298156@group-1B930CD1D13F: changes role from  FOLLOWER to CANDIDATE at term 2 for changeToCandidate
2021-09-16 19:35:02,065 [39314213-52f4-4d5f-8765-d5d2e351be65@group-1B930CD1D13F-FollowerState] INFO  impl.FollowerState (FollowerState.java:run(127)) - 39314213-52f4-4d5f-8765-d5d2e351be65@group-1B930CD1D13F-FollowerState: Stopping now (isRunning? false, isFollower? true)
2021-09-16 19:35:02,067 [67d2e683-5568-476c-afe3-e1175f298156@group-1B930CD1D13F-FollowerState] INFO  server.RaftServerConfigKeys (ConfUtils.java:logGet(44)) - raft.server.leaderelection.pre-vote = false (custom)
2021-09-16 19:35:02,067 [grpc-default-executor-3] INFO  impl.RoleInfo (RoleInfo.java:updateAndGet(130)) - 39314213-52f4-4d5f-8765-d5d2e351be65: start 39314213-52f4-4d5f-8765-d5d2e351be65@group-1B930CD1D13F-FollowerState
2021-09-16 19:35:02,067 [67d2e683-5568-476c-afe3-e1175f298156@group-1B930CD1D13F-FollowerState] INFO  impl.RoleInfo (RoleInfo.java:updateAndGet(130)) - 67d2e683-5568-476c-afe3-e1175f298156: start 67d2e683-5568-476c-afe3-e1175f298156@group-1B930CD1D13F-LeaderElection106
2021-09-16 19:35:02,069 [grpc-default-executor-6] INFO  server.RaftServer$Division (RaftServerImpl.java:requestVote(1043)) - 67d2e683-5568-476c-afe3-e1175f298156@group-1B930CD1D13F: receive requestVote(ELECTION, 63deab9d-b01f-425d-a78d-558263b66f1b, group-1B930CD1D13F, 3, (t:0, i:0))
2021-09-16 19:35:02,075 [grpc-default-executor-3] INFO  server.RaftServer$Division (RaftServerImpl.java:requestVote(1075)) - 39314213-52f4-4d5f-8765-d5d2e351be65@group-1B930CD1D13F replies to ELECTION vote request: 63deab9d-b01f-425d-a78d-558263b66f1b<-39314213-52f4-4d5f-8765-d5d2e351be65#0:OK-t3. Peer's state: 39314213-52f4-4d5f-8765-d5d2e351be65@group-1B930CD1D13F:t3, leader=null, voted=63deab9d-b01f-425d-a78d-558263b66f1b, raftlog=39314213-52f4-4d5f-8765-d5d2e351be65@group-1B930CD1D13F-SegmentedRaftLog:OPENED:c-1,f-1,i0, conf=-1: [39314213-52f4-4d5f-8765-d5d2e351be65|rpc:10.1.0.5:40299|dataStream:|priority:0, 67d2e683-5568-476c-afe3-e1175f298156|rpc:10.1.0.5:44345|dataStream:|priority:0, 63deab9d-b01f-425d-a78d-558263b66f1b|rpc:10.1.0.5:40589|dataStream:|priority:1], old=null
2021-09-16 19:35:02,076 [63deab9d-b01f-425d-a78d-558263b66f1b@group-1B930CD1D13F-LeaderElection105] INFO  impl.LeaderElection (LeaderElection.java:logAndReturn(89)) - 63deab9d-b01f-425d-a78d-558263b66f1b@group-1B930CD1D13F-LeaderElection105: ELECTION PASSED received 1 response(s) and 0 exception(s):
2021-09-16 19:35:02,076 [63deab9d-b01f-425d-a78d-558263b66f1b@group-1B930CD1D13F-LeaderElection105] INFO  impl.LeaderElection (LeaderElection.java:logAndReturn(93)) -   Response 0: 63deab9d-b01f-425d-a78d-558263b66f1b<-39314213-52f4-4d5f-8765-d5d2e351be65#0:OK-t3
2021-09-16 19:35:02,076 [63deab9d-b01f-425d-a78d-558263b66f1b@group-1B930CD1D13F-LeaderElection105] INFO  impl.LeaderElection (LeaderElection.java:askForVotes(308)) - 63deab9d-b01f-425d-a78d-558263b66f1b@group-1B930CD1D13F-LeaderElection105 ELECTION round 0: result PASSED
2021-09-16 19:35:02,076 [63deab9d-b01f-425d-a78d-558263b66f1b@group-1B930CD1D13F-LeaderElection105] INFO  impl.RoleInfo (RoleInfo.java:shutdownLeaderElection(121)) - 63deab9d-b01f-425d-a78d-558263b66f1b: shutdown 63deab9d-b01f-425d-a78d-558263b66f1b@group-1B930CD1D13F-LeaderElection105
2021-09-16 19:35:02,076 [63deab9d-b01f-425d-a78d-558263b66f1b@group-1B930CD1D13F-LeaderElection105] INFO  server.RaftServer$Division (RaftServerImpl.java:setRole(285)) - 63deab9d-b01f-425d-a78d-558263b66f1b@group-1B930CD1D13F: changes role from CANDIDATE to LEADER at term 3 for changeToLeader
2021-09-16 19:35:02,076 [63deab9d-b01f-425d-a78d-558263b66f1b@group-1B930CD1D13F-LeaderElection105] INFO  ratis.XceiverServerRatis (XceiverServerRatis.java:handleLeaderChangedNotification(860)) - Leader change notification received for group: group-1B930CD1D13F with new leaderId: 63deab9d-b01f-425d-a78d-558263b66f1b
2021-09-16 19:35:02,076 [63deab9d-b01f-425d-a78d-558263b66f1b@group-1B930CD1D13F-LeaderElection105] INFO  server.RaftServer$Division (ServerState.java:setLeader(285)) - 63deab9d-b01f-425d-a78d-558263b66f1b@group-1B930CD1D13F: change Leader from null to 63deab9d-b01f-425d-a78d-558263b66f1b at term 3 for becomeLeader, leader elected after 15771ms
2021-09-16 19:35:02,076 [63deab9d-b01f-425d-a78d-558263b66f1b@group-1B930CD1D13F-LeaderElection105] INFO  server.RaftServerConfigKeys (ConfUtils.java:logGet(44)) - raft.server.staging.catchup.gap = 1000 (default)
2021-09-16 19:35:02,077 [63deab9d-b01f-425d-a78d-558263b66f1b@group-1B930CD1D13F-LeaderElection105] INFO  server.RaftServerConfigKeys (ConfUtils.java:logGet(44)) - raft.server.write.element-limit = 1024 (custom)
2021-09-16 19:35:02,077 [63deab9d-b01f-425d-a78d-558263b66f1b@group-1B930CD1D13F-LeaderElection105] INFO  server.RaftServerConfigKeys (ConfUtils.java:logGet(44)) - raft.server.write.byte-limit = 1024 M (=1073741824) (custom)
2021-09-16 19:35:02,077 [63deab9d-b01f-425d-a78d-558263b66f1b@group-1B930CD1D13F-LeaderElection105] INFO  server.RaftServerConfigKeys (ConfUtils.java:logGet(44)) - raft.server.watch.timeout = 3000ms (custom)
2021-09-16 19:35:02,077 [63deab9d-b01f-425d-a78d-558263b66f1b@group-1B930CD1D13F-LeaderElection105] INFO  server.RaftServerConfigKeys (ConfUtils.java:logGet(44)) - raft.server.watch.timeout.denomination = 1s (default)
2021-09-16 19:35:02,077 [63deab9d-b01f-425d-a78d-558263b66f1b@group-1B930CD1D13F-LeaderElection105] INFO  server.RaftServerConfigKeys (ConfUtils.java:logGet(44)) - raft.server.watch.element-limit = 65536 (default)
2021-09-16 19:35:02,077 [63deab9d-b01f-425d-a78d-558263b66f1b@group-1B930CD1D13F-LeaderElection105] INFO  server.RaftServerConfigKeys (ConfUtils.java:logGet(44)) - raft.server.log.appender.snapshot.chunk.size.max = 16MB (=16777216) (default)
2021-09-16 19:35:02,077 [63deab9d-b01f-425d-a78d-558263b66f1b@group-1B930CD1D13F-LeaderElection105] INFO  server.RaftServerConfigKeys (ConfUtils.java:logGet(44)) - raft.server.log.appender.buffer.byte-limit = 33554432 (custom)
2021-09-16 19:35:02,078 [63deab9d-b01f-425d-a78d-558263b66f1b@group-1B930CD1D13F-LeaderElection105] INFO  server.RaftServerConfigKeys (ConfUtils.java:logGet(44)) - raft.server.log.appender.buffer.element-limit = 1 (custom)
2021-09-16 19:35:02,078 [63deab9d-b01f-425d-a78d-558263b66f1b@group-1B930CD1D13F-LeaderElection105] INFO  grpc.GrpcConfigKeys (ConfUtils.java:logGet(44)) - raft.grpc.server.leader.outstanding.appends.max = 128 (default)
2021-09-16 19:35:02,078 [63deab9d-b01f-425d-a78d-558263b66f1b@group-1B930CD1D13F-LeaderElection105] INFO  server.RaftServerConfigKeys (ConfUtils.java:logGet(44)) - raft.server.rpc.request.timeout = 3000ms (default)
2021-09-16 19:35:02,078 [63deab9d-b01f-425d-a78d-558263b66f1b@group-1B930CD1D13F-LeaderElection105] INFO  server.RaftServerConfigKeys (ConfUtils.java:logGet(44)) - raft.server.log.appender.install.snapshot.enabled = false (custom)
2021-09-16 19:35:02,079 [63deab9d-b01f-425d-a78d-558263b66f1b@group-1B930CD1D13F-LeaderElection105] INFO  server.RaftServerConfigKeys (ConfUtils.java:logGet(44)) - raft.server.log.appender.snapshot.chunk.size.max = 16MB (=16777216) (default)
2021-09-16 19:35:02,079 [63deab9d-b01f-425d-a78d-558263b66f1b@group-1B930CD1D13F-LeaderElection105] INFO  server.RaftServerConfigKeys (ConfUtils.java:logGet(44)) - raft.server.log.appender.buffer.byte-limit = 33554432 (custom)
2021-09-16 19:35:02,079 [63deab9d-b01f-425d-a78d-558263b66f1b@group-1B930CD1D13F-LeaderElection105] INFO  server.RaftServerConfigKeys (ConfUtils.java:logGet(44)) - raft.server.log.appender.buffer.element-limit = 1 (custom)
2021-09-16 19:35:02,079 [63deab9d-b01f-425d-a78d-558263b66f1b@group-1B930CD1D13F-LeaderElection105] INFO  grpc.GrpcConfigKeys (ConfUtils.java:logGet(44)) - raft.grpc.server.leader.outstanding.appends.max = 128 (default)
2021-09-16 19:35:02,079 [63deab9d-b01f-425d-a78d-558263b66f1b@group-1B930CD1D13F-LeaderElection105] INFO  server.RaftServerConfigKeys (ConfUtils.java:logGet(44)) - raft.server.rpc.request.timeout = 3000ms (default)
2021-09-16 19:35:02,080 [63deab9d-b01f-425d-a78d-558263b66f1b@group-1B930CD1D13F-LeaderElection105] INFO  server.RaftServerConfigKeys (ConfUtils.java:logGet(44)) - raft.server.log.appender.install.snapshot.enabled = false (custom)
2021-09-16 19:35:02,081 [63deab9d-b01f-425d-a78d-558263b66f1b@group-1B930CD1D13F-LeaderElection105] INFO  impl.RoleInfo (RoleInfo.java:updateAndGet(130)) - 63deab9d-b01f-425d-a78d-558263b66f1b: start 63deab9d-b01f-425d-a78d-558263b66f1b@group-1B930CD1D13F-LeaderStateImpl
2021-09-16 19:35:02,081 [63deab9d-b01f-425d-a78d-558263b66f1b@group-1B930CD1D13F-LeaderElection105] INFO  segmented.SegmentedRaftLogWorker (SegmentedRaftLogWorker.java:startLogSegment(394)) - 63deab9d-b01f-425d-a78d-558263b66f1b@group-1B930CD1D13F-SegmentedRaftLogWorker: Starting segment from index:0
2021-09-16 19:35:02,086 [EventQueue-PipelineReportForPipelineReportHandler] INFO  pipeline.PipelineManagerImpl (PipelineManagerImpl.java:openPipeline(282)) - Pipeline Pipeline[ Id: 0e782f45-a9a8-4288-8131-1b930cd1d13f, Nodes: 39314213-52f4-4d5f-8765-d5d2e351be65{ip: 10.1.0.5, host: fv-az195-743.u3nnjwd0vyge1bu22idnsdeq2e.cx.internal.cloudapp.net, ports: [REPLICATION=36959, RATIS=40299, RATIS_ADMIN=40299, RATIS_SERVER=40299, STANDALONE=42345], networkLocation: /default-rack, certSerialId: null, persistedOpState: IN_SERVICE, persistedOpStateExpiryEpochSec: 0}63deab9d-b01f-425d-a78d-558263b66f1b{ip: 10.1.0.5, host: fv-az195-743.u3nnjwd0vyge1bu22idnsdeq2e.cx.internal.cloudapp.net, ports: [REPLICATION=46025, RATIS=40589, RATIS_ADMIN=40589, RATIS_SERVER=40589, STANDALONE=36143], networkLocation: /default-rack, certSerialId: null, persistedOpState: IN_SERVICE, persistedOpStateExpiryEpochSec: 0}67d2e683-5568-476c-afe3-e1175f298156{ip: 10.1.0.5, host: fv-az195-743.u3nnjwd0vyge1bu22idnsdeq2e.cx.internal.cloudapp.net, ports: [REPLICATION=35779, RATIS=44345, RATIS_ADMIN=44345, RATIS_SERVER=44345, STANDALONE=37889], networkLocation: /default-rack, certSerialId: null, persistedOpState: IN_SERVICE, persistedOpStateExpiryEpochSec: 0}, ReplicationConfig: RATIS/THREE, State:ALLOCATED, leaderId:63deab9d-b01f-425d-a78d-558263b66f1b, CreationTimestamp2021-09-16T19:34:44.107Z[Etc/UTC]] moved to OPEN state
2021-09-16 19:35:02,113 [grpc-default-executor-6] INFO  impl.VoteContext (VoteContext.java:log(48)) - 67d2e683-5568-476c-afe3-e1175f298156@group-1B930CD1D13F-CANDIDATE: accept ELECTION from 63deab9d-b01f-425d-a78d-558263b66f1b: our priority 0 <= candidate's priority 1
2021-09-16 19:35:02,113 [grpc-default-executor-6] INFO  server.RaftServer$Division (RaftServerImpl.java:setRole(285)) - 67d2e683-5568-476c-afe3-e1175f298156@group-1B930CD1D13F: changes role from CANDIDATE to FOLLOWER at term 3 for candidate:63deab9d-b01f-425d-a78d-558263b66f1b
2021-09-16 19:35:02,113 [grpc-default-executor-6] INFO  impl.RoleInfo (RoleInfo.java:shutdownLeaderElection(121)) - 67d2e683-5568-476c-afe3-e1175f298156: shutdown 67d2e683-5568-476c-afe3-e1175f298156@group-1B930CD1D13F-LeaderElection106
2021-09-16 19:35:02,113 [grpc-default-executor-6] INFO  impl.RoleInfo (RoleInfo.java:updateAndGet(130)) - 67d2e683-5568-476c-afe3-e1175f298156: start 67d2e683-5568-476c-afe3-e1175f298156@group-1B930CD1D13F-FollowerState
2021-09-16 19:35:02,113 [67d2e683-5568-476c-afe3-e1175f298156@group-1B930CD1D13F-LeaderElection106] INFO  impl.LeaderElection (LeaderElection.java:run(230)) - 67d2e683-5568-476c-afe3-e1175f298156@group-1B930CD1D13F-LeaderElection106: skip running since this is already CLOSING
2021-09-16 19:35:02,120 [grpc-default-executor-6] INFO  server.RaftServer$Division (RaftServerImpl.java:requestVote(1075)) - 67d2e683-5568-476c-afe3-e1175f298156@group-1B930CD1D13F replies to ELECTION vote request: 63deab9d-b01f-425d-a78d-558263b66f1b<-67d2e683-5568-476c-afe3-e1175f298156#0:OK-t3. Peer's state: 67d2e683-5568-476c-afe3-e1175f298156@group-1B930CD1D13F:t3, leader=null, voted=63deab9d-b01f-425d-a78d-558263b66f1b, raftlog=67d2e683-5568-476c-afe3-e1175f298156@group-1B930CD1D13F-SegmentedRaftLog:OPENED:c-1,f-1,i0, conf=-1: [39314213-52f4-4d5f-8765-d5d2e351be65|rpc:10.1.0.5:40299|priority:0, 67d2e683-5568-476c-afe3-e1175f298156|rpc:10.1.0.5:44345|priority:0, 63deab9d-b01f-425d-a78d-558263b66f1b|rpc:10.1.0.5:40589|priority:1], old=null
2021-09-16 19:35:02,120 [63deab9d-b01f-425d-a78d-558263b66f1b@group-1B930CD1D13F-SegmentedRaftLogWorker] INFO  segmented.SegmentedRaftLogWorker (SegmentedRaftLogWorker.java:execute(601)) - 63deab9d-b01f-425d-a78d-558263b66f1b@group-1B930CD1D13F-SegmentedRaftLogWorker: created new log segment /home/runner/work/ozone/ozone/hadoop-ozone/integration-test/target/test-dir/MiniOzoneClusterImpl-4c5ee767-53d0-43e8-b9fb-bc60904004ee/datanode-1/data/ratis/0e782f45-a9a8-4288-8131-1b930cd1d13f/current/log_inprogress_0
2021-09-16 19:35:02,130 [63deab9d-b01f-425d-a78d-558263b66f1b@group-1B930CD1D13F-LeaderElection105] INFO  server.RaftServer$Division (ServerState.java:setRaftConf(387)) - 63deab9d-b01f-425d-a78d-558263b66f1b@group-1B930CD1D13F: set configuration 0: [39314213-52f4-4d5f-8765-d5d2e351be65|rpc:10.1.0.5:40299|dataStream:|priority:0, 67d2e683-5568-476c-afe3-e1175f298156|rpc:10.1.0.5:44345|dataStream:|priority:0, 63deab9d-b01f-425d-a78d-558263b66f1b|rpc:10.1.0.5:40589|dataStream:|priority:1], old=null
2021-09-16 19:35:02,182 [grpc-default-executor-6] INFO  ratis.XceiverServerRatis (XceiverServerRatis.java:handleLeaderChangedNotification(860)) - Leader change notification received for group: group-1B930CD1D13F with new leaderId: 63deab9d-b01f-425d-a78d-558263b66f1b
2021-09-16 19:35:02,182 [grpc-default-executor-6] INFO  server.RaftServer$Division (ServerState.java:setLeader(285)) - 67d2e683-5568-476c-afe3-e1175f298156@group-1B930CD1D13F: change Leader from null to 63deab9d-b01f-425d-a78d-558263b66f1b at term 3 for appendEntries, leader elected after 16235ms
2021-09-16 19:35:02,183 [grpc-default-executor-0] INFO  ratis.XceiverServerRatis (XceiverServerRatis.java:handleLeaderChangedNotification(860)) - Leader change notification received for group: group-1B930CD1D13F with new leaderId: 63deab9d-b01f-425d-a78d-558263b66f1b
2021-09-16 19:35:02,183 [grpc-default-executor-0] INFO  server.RaftServer$Division (ServerState.java:setLeader(285)) - 39314213-52f4-4d5f-8765-d5d2e351be65@group-1B930CD1D13F: change Leader from null to 63deab9d-b01f-425d-a78d-558263b66f1b at term 3 for appendEntries, leader elected after 16087ms
2021-09-16 19:35:02,252 [Listener at 127.0.0.1/43789] INFO  ozone.MiniOzoneClusterImpl (MiniOzoneClusterImpl.java:lambda$waitForClusterToBeReady$0(235)) - Nodes are ready. Got 9 of 9 DN Heartbeats.
2021-09-16 19:35:02,252 [Listener at 127.0.0.1/43789] INFO  ozone.MiniOzoneClusterImpl (MiniOzoneClusterImpl.java:lambda$waitForClusterToBeReady$0(238)) - Cluster exits safe mode
2021-09-16 19:35:02,252 [Listener at 127.0.0.1/43789] INFO  ozone.MiniOzoneClusterImpl (MiniOzoneClusterImpl.java:lambda$waitForClusterToBeReady$0(240)) - SCM became leader
2021-09-16 19:35:02,290 [grpc-default-executor-0] INFO  server.RaftServer$Division (ServerState.java:setRaftConf(387)) - 39314213-52f4-4d5f-8765-d5d2e351be65@group-1B930CD1D13F: set configuration 0: [39314213-52f4-4d5f-8765-d5d2e351be65|rpc:10.1.0.5:40299|dataStream:|priority:0, 67d2e683-5568-476c-afe3-e1175f298156|rpc:10.1.0.5:44345|dataStream:|priority:0, 63deab9d-b01f-425d-a78d-558263b66f1b|rpc:10.1.0.5:40589|dataStream:|priority:1], old=null
2021-09-16 19:35:02,290 [grpc-default-executor-0] INFO  segmented.SegmentedRaftLogWorker (SegmentedRaftLogWorker.java:startLogSegment(394)) - 39314213-52f4-4d5f-8765-d5d2e351be65@group-1B930CD1D13F-SegmentedRaftLogWorker: Starting segment from index:0
2021-09-16 19:35:02,295 [39314213-52f4-4d5f-8765-d5d2e351be65@group-1B930CD1D13F-SegmentedRaftLogWorker] INFO  segmented.SegmentedRaftLogWorker (SegmentedRaftLogWorker.java:execute(601)) - 39314213-52f4-4d5f-8765-d5d2e351be65@group-1B930CD1D13F-SegmentedRaftLogWorker: created new log segment /home/runner/work/ozone/ozone/hadoop-ozone/integration-test/target/test-dir/MiniOzoneClusterImpl-4c5ee767-53d0-43e8-b9fb-bc60904004ee/datanode-2/data/ratis/0e782f45-a9a8-4288-8131-1b930cd1d13f/current/log_inprogress_0
2021-09-16 19:35:02,396 [Listener at 127.0.0.1/43789] INFO  rpc.RpcClient (RpcClient.java:createVolume(342)) - Creating Volume: watchforcommithandlingtest, with runner as owner and space quota set to -1 bytes, counts quota set to -1
2021-09-16 19:35:02,413 [OM StateMachine ApplyTransaction Thread - 0] INFO  volume.OMVolumeCreateRequest (OMVolumeCreateRequest.java:validateAndUpdateCache(195)) - created volume:watchforcommithandlingtest for user:runner
2021-09-16 19:35:02,463 [grpc-default-executor-6] INFO  server.RaftServer$Division (ServerState.java:setRaftConf(387)) - 67d2e683-5568-476c-afe3-e1175f298156@group-1B930CD1D13F: set configuration 0: [39314213-52f4-4d5f-8765-d5d2e351be65|rpc:10.1.0.5:40299|dataStream:|priority:0, 67d2e683-5568-476c-afe3-e1175f298156|rpc:10.1.0.5:44345|dataStream:|priority:0, 63deab9d-b01f-425d-a78d-558263b66f1b|rpc:10.1.0.5:40589|dataStream:|priority:1], old=null
2021-09-16 19:35:02,463 [grpc-default-executor-6] INFO  segmented.SegmentedRaftLogWorker (SegmentedRaftLogWorker.java:startLogSegment(394)) - 67d2e683-5568-476c-afe3-e1175f298156@group-1B930CD1D13F-SegmentedRaftLogWorker: Starting segment from index:0
2021-09-16 19:35:02,470 [67d2e683-5568-476c-afe3-e1175f298156@group-1B930CD1D13F-SegmentedRaftLogWorker] INFO  segmented.SegmentedRaftLogWorker (SegmentedRaftLogWorker.java:execute(601)) - 67d2e683-5568-476c-afe3-e1175f298156@group-1B930CD1D13F-SegmentedRaftLogWorker: created new log segment /home/runner/work/ozone/ozone/hadoop-ozone/integration-test/target/test-dir/MiniOzoneClusterImpl-4c5ee767-53d0-43e8-b9fb-bc60904004ee/datanode-0/data/ratis/0e782f45-a9a8-4288-8131-1b930cd1d13f/current/log_inprogress_0
2021-09-16 19:35:02,553 [Listener at 127.0.0.1/43789] INFO  rpc.RpcClient (RpcClient.java:createBucket(502)) - Creating Bucket: watchforcommithandlingtest/watchforcommithandlingtest, with Versioning false and Storage Type set to DISK and Encryption set to false 
2021-09-16 19:35:02,570 [Listener at 127.0.0.1/43789] INFO  ozone.MiniOzoneClusterImpl (MiniOzoneClusterImpl.java:getStorageContainerLocationClient(346)) - Creating StorageContainerLocationProtocol RPC client with address /0.0.0.0:34897
2021-09-16 19:35:02,608 [IPC Server handler 4 on default port 34897] INFO  ha.SequenceIdGenerator (SequenceIdGenerator.java:getNextId(127)) - Allocate a batch for containerId, change lastId from 0 to 1000.
2021-09-16 19:35:03,741 [e8f13dfe-2d88-44e3-8dd8-bc613bb80fa9@group-D3A07527D82D-FollowerState] INFO  impl.FollowerState (FollowerState.java:run(134)) - e8f13dfe-2d88-44e3-8dd8-bc613bb80fa9@group-D3A07527D82D-FollowerState: change to CANDIDATE, lastRpcElapsedTime:5065410196ns, electionTimeout:5055ms
2021-09-16 19:35:03,741 [e8f13dfe-2d88-44e3-8dd8-bc613bb80fa9@group-D3A07527D82D-FollowerState] INFO  impl.RoleInfo (RoleInfo.java:shutdownFollowerState(108)) - e8f13dfe-2d88-44e3-8dd8-bc613bb80fa9: shutdown e8f13dfe-2d88-44e3-8dd8-bc613bb80fa9@group-D3A07527D82D-FollowerState
2021-09-16 19:35:03,741 [e8f13dfe-2d88-44e3-8dd8-bc613bb80fa9@group-D3A07527D82D-FollowerState] INFO  server.RaftServer$Division (RaftServerImpl.java:setRole(285)) - e8f13dfe-2d88-44e3-8dd8-bc613bb80fa9@group-D3A07527D82D: changes role from  FOLLOWER to CANDIDATE at term 2 for changeToCandidate
2021-09-16 19:35:03,742 [e8f13dfe-2d88-44e3-8dd8-bc613bb80fa9@group-D3A07527D82D-FollowerState] INFO  server.RaftServerConfigKeys (ConfUtils.java:logGet(44)) - raft.server.leaderelection.pre-vote = false (custom)
2021-09-16 19:35:03,742 [e8f13dfe-2d88-44e3-8dd8-bc613bb80fa9@group-D3A07527D82D-FollowerState] INFO  impl.RoleInfo (RoleInfo.java:updateAndGet(130)) - e8f13dfe-2d88-44e3-8dd8-bc613bb80fa9: start e8f13dfe-2d88-44e3-8dd8-bc613bb80fa9@group-D3A07527D82D-LeaderElection107
2021-09-16 19:35:03,765 [e8f13dfe-2d88-44e3-8dd8-bc613bb80fa9@group-D3A07527D82D-LeaderElection107] INFO  impl.LeaderElection (LeaderElection.java:askForVotes(306)) - e8f13dfe-2d88-44e3-8dd8-bc613bb80fa9@group-D3A07527D82D-LeaderElection107 ELECTION round 0: submit vote requests at term 3 for -1: [1226f225-3abd-46f9-90c8-da28d00f4d36|rpc:10.1.0.5:44993|dataStream:|priority:0, e8f13dfe-2d88-44e3-8dd8-bc613bb80fa9|rpc:10.1.0.5:42057|dataStream:|priority:0, de4d5c13-4a27-410b-b35a-5584c5652eab|rpc:10.1.0.5:33691|dataStream:|priority:1], old=null
2021-09-16 19:35:03,793 [grpc-default-executor-6] INFO  server.RaftServer$Division (RaftServerImpl.java:requestVote(1043)) - 1226f225-3abd-46f9-90c8-da28d00f4d36@group-D3A07527D82D: receive requestVote(ELECTION, e8f13dfe-2d88-44e3-8dd8-bc613bb80fa9, group-D3A07527D82D, 3, (t:0, i:0))
2021-09-16 19:35:03,793 [grpc-default-executor-6] INFO  impl.VoteContext (VoteContext.java:log(48)) - 1226f225-3abd-46f9-90c8-da28d00f4d36@group-D3A07527D82D-FOLLOWER: accept ELECTION from e8f13dfe-2d88-44e3-8dd8-bc613bb80fa9: our priority 0 <= candidate's priority 0
2021-09-16 19:35:03,793 [grpc-default-executor-6] INFO  server.RaftServer$Division (RaftServerImpl.java:setRole(285)) - 1226f225-3abd-46f9-90c8-da28d00f4d36@group-D3A07527D82D: changes role from  FOLLOWER to FOLLOWER at term 3 for candidate:e8f13dfe-2d88-44e3-8dd8-bc613bb80fa9
2021-09-16 19:35:03,793 [grpc-default-executor-6] INFO  impl.RoleInfo (RoleInfo.java:shutdownFollowerState(108)) - 1226f225-3abd-46f9-90c8-da28d00f4d36: shutdown 1226f225-3abd-46f9-90c8-da28d00f4d36@group-D3A07527D82D-FollowerState
2021-09-16 19:35:03,793 [grpc-default-executor-6] INFO  impl.RoleInfo (RoleInfo.java:updateAndGet(130)) - 1226f225-3abd-46f9-90c8-da28d00f4d36: start 1226f225-3abd-46f9-90c8-da28d00f4d36@group-D3A07527D82D-FollowerState
2021-09-16 19:35:03,793 [1226f225-3abd-46f9-90c8-da28d00f4d36@group-D3A07527D82D-FollowerState] INFO  impl.FollowerState (FollowerState.java:run(143)) - 1226f225-3abd-46f9-90c8-da28d00f4d36@group-D3A07527D82D-FollowerState was interrupted: {}
java.lang.InterruptedException: sleep interrupted
	at java.lang.Thread.sleep(Native Method)
	at java.lang.Thread.sleep(Thread.java:340)
	at java.util.concurrent.TimeUnit.sleep(TimeUnit.java:386)
	at org.apache.ratis.util.TimeDuration.sleep(TimeDuration.java:324)
	at org.apache.ratis.util.TimeDuration.sleep(TimeDuration.java:309)
	at org.apache.ratis.server.impl.FollowerState.run(FollowerState.java:118)
2021-09-16 19:35:03,810 [grpc-default-executor-0] INFO  server.RaftServer$Division (RaftServerImpl.java:requestVote(1043)) - de4d5c13-4a27-410b-b35a-5584c5652eab@group-D3A07527D82D: receive requestVote(ELECTION, e8f13dfe-2d88-44e3-8dd8-bc613bb80fa9, group-D3A07527D82D, 3, (t:0, i:0))
2021-09-16 19:35:03,810 [grpc-default-executor-0] INFO  impl.VoteContext (VoteContext.java:log(48)) - de4d5c13-4a27-410b-b35a-5584c5652eab@group-D3A07527D82D-FOLLOWER: reject ELECTION from e8f13dfe-2d88-44e3-8dd8-bc613bb80fa9: our priority 1 > candidate's priority 0
2021-09-16 19:35:03,810 [grpc-default-executor-0] INFO  server.RaftServer$Division (RaftServerImpl.java:setRole(285)) - de4d5c13-4a27-410b-b35a-5584c5652eab@group-D3A07527D82D: changes role from  FOLLOWER to FOLLOWER at term 3 for candidate:e8f13dfe-2d88-44e3-8dd8-bc613bb80fa9
2021-09-16 19:35:03,810 [grpc-default-executor-0] INFO  impl.RoleInfo (RoleInfo.java:shutdownFollowerState(108)) - de4d5c13-4a27-410b-b35a-5584c5652eab: shutdown de4d5c13-4a27-410b-b35a-5584c5652eab@group-D3A07527D82D-FollowerState
2021-09-16 19:35:03,837 [grpc-default-executor-0] INFO  impl.RoleInfo (RoleInfo.java:updateAndGet(130)) - de4d5c13-4a27-410b-b35a-5584c5652eab: start de4d5c13-4a27-410b-b35a-5584c5652eab@group-D3A07527D82D-FollowerState
2021-09-16 19:35:03,837 [de4d5c13-4a27-410b-b35a-5584c5652eab@group-D3A07527D82D-FollowerState] INFO  impl.FollowerState (FollowerState.java:run(143)) - de4d5c13-4a27-410b-b35a-5584c5652eab@group-D3A07527D82D-FollowerState was interrupted: {}
java.lang.InterruptedException: sleep interrupted
	at java.lang.Thread.sleep(Native Method)
	at java.lang.Thread.sleep(Thread.java:340)
	at java.util.concurrent.TimeUnit.sleep(TimeUnit.java:386)
	at org.apache.ratis.util.TimeDuration.sleep(TimeDuration.java:324)
	at org.apache.ratis.util.TimeDuration.sleep(TimeDuration.java:309)
	at org.apache.ratis.server.impl.FollowerState.run(FollowerState.java:118)
2021-09-16 19:35:03,838 [grpc-default-executor-6] INFO  server.RaftServer$Division (RaftServerImpl.java:requestVote(1075)) - 1226f225-3abd-46f9-90c8-da28d00f4d36@group-D3A07527D82D replies to ELECTION vote request: e8f13dfe-2d88-44e3-8dd8-bc613bb80fa9<-1226f225-3abd-46f9-90c8-da28d00f4d36#0:OK-t3. Peer's state: 1226f225-3abd-46f9-90c8-da28d00f4d36@group-D3A07527D82D:t3, leader=null, voted=e8f13dfe-2d88-44e3-8dd8-bc613bb80fa9, raftlog=1226f225-3abd-46f9-90c8-da28d00f4d36@group-D3A07527D82D-SegmentedRaftLog:OPENED:c-1,f-1,i0, conf=-1: [1226f225-3abd-46f9-90c8-da28d00f4d36|rpc:10.1.0.5:44993|priority:0, e8f13dfe-2d88-44e3-8dd8-bc613bb80fa9|rpc:10.1.0.5:42057|priority:0, de4d5c13-4a27-410b-b35a-5584c5652eab|rpc:10.1.0.5:33691|priority:1], old=null
2021-09-16 19:35:03,915 [grpc-default-executor-0] INFO  server.RaftServer$Division (RaftServerImpl.java:requestVote(1075)) - de4d5c13-4a27-410b-b35a-5584c5652eab@group-D3A07527D82D replies to ELECTION vote request: e8f13dfe-2d88-44e3-8dd8-bc613bb80fa9<-de4d5c13-4a27-410b-b35a-5584c5652eab#0:FAIL-t3. Peer's state: de4d5c13-4a27-410b-b35a-5584c5652eab@group-D3A07527D82D:t3, leader=null, voted=null, raftlog=de4d5c13-4a27-410b-b35a-5584c5652eab@group-D3A07527D82D-SegmentedRaftLog:OPENED:c-1,f-1,i0, conf=-1: [1226f225-3abd-46f9-90c8-da28d00f4d36|rpc:10.1.0.5:44993|dataStream:|priority:0, e8f13dfe-2d88-44e3-8dd8-bc613bb80fa9|rpc:10.1.0.5:42057|dataStream:|priority:0, de4d5c13-4a27-410b-b35a-5584c5652eab|rpc:10.1.0.5:33691|dataStream:|priority:1], old=null
2021-09-16 19:35:03,916 [e8f13dfe-2d88-44e3-8dd8-bc613bb80fa9@group-D3A07527D82D-LeaderElection107] INFO  impl.LeaderElection (LeaderElection.java:logAndReturn(89)) - e8f13dfe-2d88-44e3-8dd8-bc613bb80fa9@group-D3A07527D82D-LeaderElection107: ELECTION REJECTED received 2 response(s) and 0 exception(s):
2021-09-16 19:35:03,916 [e8f13dfe-2d88-44e3-8dd8-bc613bb80fa9@group-D3A07527D82D-LeaderElection107] INFO  impl.LeaderElection (LeaderElection.java:logAndReturn(93)) -   Response 0: e8f13dfe-2d88-44e3-8dd8-bc613bb80fa9<-1226f225-3abd-46f9-90c8-da28d00f4d36#0:OK-t3
2021-09-16 19:35:03,916 [e8f13dfe-2d88-44e3-8dd8-bc613bb80fa9@group-D3A07527D82D-LeaderElection107] INFO  impl.LeaderElection (LeaderElection.java:logAndReturn(93)) -   Response 1: e8f13dfe-2d88-44e3-8dd8-bc613bb80fa9<-de4d5c13-4a27-410b-b35a-5584c5652eab#0:FAIL-t3
2021-09-16 19:35:03,916 [e8f13dfe-2d88-44e3-8dd8-bc613bb80fa9@group-D3A07527D82D-LeaderElection107] INFO  impl.LeaderElection (LeaderElection.java:askForVotes(308)) - e8f13dfe-2d88-44e3-8dd8-bc613bb80fa9@group-D3A07527D82D-LeaderElection107 ELECTION round 0: result REJECTED
2021-09-16 19:35:03,916 [e8f13dfe-2d88-44e3-8dd8-bc613bb80fa9@group-D3A07527D82D-LeaderElection107] INFO  server.RaftServer$Division (RaftServerImpl.java:setRole(285)) - e8f13dfe-2d88-44e3-8dd8-bc613bb80fa9@group-D3A07527D82D: changes role from CANDIDATE to FOLLOWER at term 3 for REJECTED
2021-09-16 19:35:03,916 [e8f13dfe-2d88-44e3-8dd8-bc613bb80fa9@group-D3A07527D82D-LeaderElection107] INFO  impl.RoleInfo (RoleInfo.java:shutdownLeaderElection(121)) - e8f13dfe-2d88-44e3-8dd8-bc613bb80fa9: shutdown e8f13dfe-2d88-44e3-8dd8-bc613bb80fa9@group-D3A07527D82D-LeaderElection107
2021-09-16 19:35:03,916 [e8f13dfe-2d88-44e3-8dd8-bc613bb80fa9@group-D3A07527D82D-LeaderElection107] INFO  impl.RoleInfo (RoleInfo.java:updateAndGet(130)) - e8f13dfe-2d88-44e3-8dd8-bc613bb80fa9: start e8f13dfe-2d88-44e3-8dd8-bc613bb80fa9@group-D3A07527D82D-FollowerState
2021-09-16 19:35:06,641 [22678529-1571-490a-85b9-2142d4a575d8@group-BBBDE90A5B3B-FollowerState] INFO  impl.FollowerState (FollowerState.java:run(134)) - 22678529-1571-490a-85b9-2142d4a575d8@group-BBBDE90A5B3B-FollowerState: change to CANDIDATE, lastRpcElapsedTime:5055241601ns, electionTimeout:5055ms
2021-09-16 19:35:06,641 [22678529-1571-490a-85b9-2142d4a575d8@group-BBBDE90A5B3B-FollowerState] INFO  impl.RoleInfo (RoleInfo.java:shutdownFollowerState(108)) - 22678529-1571-490a-85b9-2142d4a575d8: shutdown 22678529-1571-490a-85b9-2142d4a575d8@group-BBBDE90A5B3B-FollowerState
2021-09-16 19:35:06,641 [22678529-1571-490a-85b9-2142d4a575d8@group-BBBDE90A5B3B-FollowerState] INFO  server.RaftServer$Division (RaftServerImpl.java:setRole(285)) - 22678529-1571-490a-85b9-2142d4a575d8@group-BBBDE90A5B3B: changes role from  FOLLOWER to CANDIDATE at term 3 for changeToCandidate
2021-09-16 19:35:06,641 [22678529-1571-490a-85b9-2142d4a575d8@group-BBBDE90A5B3B-FollowerState] INFO  server.RaftServerConfigKeys (ConfUtils.java:logGet(44)) - raft.server.leaderelection.pre-vote = false (custom)
2021-09-16 19:35:06,641 [22678529-1571-490a-85b9-2142d4a575d8@group-BBBDE90A5B3B-FollowerState] INFO  impl.RoleInfo (RoleInfo.java:updateAndGet(130)) - 22678529-1571-490a-85b9-2142d4a575d8: start 22678529-1571-490a-85b9-2142d4a575d8@group-BBBDE90A5B3B-LeaderElection108
2021-09-16 19:35:06,672 [17c51919-b33f-4a5f-9a86-1e5ebe529257@group-BBBDE90A5B3B-FollowerState] INFO  impl.FollowerState (FollowerState.java:run(134)) - 17c51919-b33f-4a5f-9a86-1e5ebe529257@group-BBBDE90A5B3B-FollowerState: change to CANDIDATE, lastRpcElapsedTime:5045352410ns, electionTimeout:5017ms
2021-09-16 19:35:06,672 [17c51919-b33f-4a5f-9a86-1e5ebe529257@group-BBBDE90A5B3B-FollowerState] INFO  impl.RoleInfo (RoleInfo.java:shutdownFollowerState(108)) - 17c51919-b33f-4a5f-9a86-1e5ebe529257: shutdown 17c51919-b33f-4a5f-9a86-1e5ebe529257@group-BBBDE90A5B3B-FollowerState
2021-09-16 19:35:06,672 [17c51919-b33f-4a5f-9a86-1e5ebe529257@group-BBBDE90A5B3B-FollowerState] INFO  server.RaftServer$Division (RaftServerImpl.java:setRole(285)) - 17c51919-b33f-4a5f-9a86-1e5ebe529257@group-BBBDE90A5B3B: changes role from  FOLLOWER to CANDIDATE at term 3 for changeToCandidate
2021-09-16 19:35:06,672 [17c51919-b33f-4a5f-9a86-1e5ebe529257@group-BBBDE90A5B3B-FollowerState] INFO  server.RaftServerConfigKeys (ConfUtils.java:logGet(44)) - raft.server.leaderelection.pre-vote = false (custom)
2021-09-16 19:35:06,672 [17c51919-b33f-4a5f-9a86-1e5ebe529257@group-BBBDE90A5B3B-FollowerState] INFO  impl.RoleInfo (RoleInfo.java:updateAndGet(130)) - 17c51919-b33f-4a5f-9a86-1e5ebe529257: start 17c51919-b33f-4a5f-9a86-1e5ebe529257@group-BBBDE90A5B3B-LeaderElection109
2021-09-16 19:35:06,714 [22678529-1571-490a-85b9-2142d4a575d8@group-BBBDE90A5B3B-LeaderElection108] INFO  impl.LeaderElection (LeaderElection.java:askForVotes(306)) - 22678529-1571-490a-85b9-2142d4a575d8@group-BBBDE90A5B3B-LeaderElection108 ELECTION round 0: submit vote requests at term 4 for -1: [d325862d-5d90-442e-bb25-5d4329348a89|rpc:10.1.0.5:42511|priority:0, 17c51919-b33f-4a5f-9a86-1e5ebe529257|rpc:10.1.0.5:40963|priority:1, 22678529-1571-490a-85b9-2142d4a575d8|rpc:10.1.0.5:32787|priority:0], old=null
2021-09-16 19:35:06,716 [grpc-default-executor-0] INFO  server.RaftServer$Division (RaftServerImpl.java:requestVote(1043)) - d325862d-5d90-442e-bb25-5d4329348a89@group-BBBDE90A5B3B: receive requestVote(ELECTION, 22678529-1571-490a-85b9-2142d4a575d8, group-BBBDE90A5B3B, 4, (t:0, i:0))
2021-09-16 19:35:06,716 [grpc-default-executor-0] INFO  impl.VoteContext (VoteContext.java:log(48)) - d325862d-5d90-442e-bb25-5d4329348a89@group-BBBDE90A5B3B-FOLLOWER: accept ELECTION from 22678529-1571-490a-85b9-2142d4a575d8: our priority 0 <= candidate's priority 0
2021-09-16 19:35:06,716 [grpc-default-executor-0] INFO  server.RaftServer$Division (RaftServerImpl.java:setRole(285)) - d325862d-5d90-442e-bb25-5d4329348a89@group-BBBDE90A5B3B: changes role from  FOLLOWER to FOLLOWER at term 4 for candidate:22678529-1571-490a-85b9-2142d4a575d8
2021-09-16 19:35:06,716 [grpc-default-executor-0] INFO  impl.RoleInfo (RoleInfo.java:shutdownFollowerState(108)) - d325862d-5d90-442e-bb25-5d4329348a89: shutdown d325862d-5d90-442e-bb25-5d4329348a89@group-BBBDE90A5B3B-FollowerState
2021-09-16 19:35:06,742 [grpc-default-executor-0] INFO  impl.RoleInfo (RoleInfo.java:updateAndGet(130)) - d325862d-5d90-442e-bb25-5d4329348a89: start d325862d-5d90-442e-bb25-5d4329348a89@group-BBBDE90A5B3B-FollowerState
2021-09-16 19:35:06,742 [grpc-default-executor-6] INFO  server.RaftServer$Division (RaftServerImpl.java:requestVote(1043)) - 17c51919-b33f-4a5f-9a86-1e5ebe529257@group-BBBDE90A5B3B: receive requestVote(ELECTION, 22678529-1571-490a-85b9-2142d4a575d8, group-BBBDE90A5B3B, 4, (t:0, i:0))
2021-09-16 19:35:06,744 [17c51919-b33f-4a5f-9a86-1e5ebe529257@group-BBBDE90A5B3B-LeaderElection109] INFO  impl.LeaderElection (LeaderElection.java:askForVotes(306)) - 17c51919-b33f-4a5f-9a86-1e5ebe529257@group-BBBDE90A5B3B-LeaderElection109 ELECTION round 0: submit vote requests at term 4 for 0: [d325862d-5d90-442e-bb25-5d4329348a89|rpc:10.1.0.5:42511|dataStream:|priority:0, 17c51919-b33f-4a5f-9a86-1e5ebe529257|rpc:10.1.0.5:40963|dataStream:|priority:1, 22678529-1571-490a-85b9-2142d4a575d8|rpc:10.1.0.5:32787|dataStream:|priority:0], old=null
2021-09-16 19:35:06,744 [grpc-default-executor-6] INFO  impl.VoteContext (VoteContext.java:log(48)) - 17c51919-b33f-4a5f-9a86-1e5ebe529257@group-BBBDE90A5B3B-CANDIDATE: reject ELECTION from 22678529-1571-490a-85b9-2142d4a575d8: already has voted for 17c51919-b33f-4a5f-9a86-1e5ebe529257 at current term 4
2021-09-16 19:35:06,744 [grpc-default-executor-6] INFO  server.RaftServer$Division (RaftServerImpl.java:requestVote(1075)) - 17c51919-b33f-4a5f-9a86-1e5ebe529257@group-BBBDE90A5B3B replies to ELECTION vote request: 22678529-1571-490a-85b9-2142d4a575d8<-17c51919-b33f-4a5f-9a86-1e5ebe529257#0:FAIL-t4. Peer's state: 17c51919-b33f-4a5f-9a86-1e5ebe529257@group-BBBDE90A5B3B:t4, leader=null, voted=17c51919-b33f-4a5f-9a86-1e5ebe529257, raftlog=17c51919-b33f-4a5f-9a86-1e5ebe529257@group-BBBDE90A5B3B-SegmentedRaftLog:OPENED:c-1,f0,i0, conf=0: [d325862d-5d90-442e-bb25-5d4329348a89|rpc:10.1.0.5:42511|dataStream:|priority:0, 17c51919-b33f-4a5f-9a86-1e5ebe529257|rpc:10.1.0.5:40963|dataStream:|priority:1, 22678529-1571-490a-85b9-2142d4a575d8|rpc:10.1.0.5:32787|dataStream:|priority:0], old=null
2021-09-16 19:35:06,750 [22678529-1571-490a-85b9-2142d4a575d8@group-BBBDE90A5B3B-LeaderElection108] INFO  impl.LeaderElection (LeaderElection.java:logAndReturn(89)) - 22678529-1571-490a-85b9-2142d4a575d8@group-BBBDE90A5B3B-LeaderElection108: ELECTION REJECTED received 1 response(s) and 0 exception(s):
2021-09-16 19:35:06,750 [22678529-1571-490a-85b9-2142d4a575d8@group-BBBDE90A5B3B-LeaderElection108] INFO  impl.LeaderElection (LeaderElection.java:logAndReturn(93)) -   Response 0: 22678529-1571-490a-85b9-2142d4a575d8<-17c51919-b33f-4a5f-9a86-1e5ebe529257#0:FAIL-t4
2021-09-16 19:35:06,751 [grpc-default-executor-0] INFO  server.RaftServer$Division (RaftServerImpl.java:requestVote(1075)) - d325862d-5d90-442e-bb25-5d4329348a89@group-BBBDE90A5B3B replies to ELECTION vote request: 22678529-1571-490a-85b9-2142d4a575d8<-d325862d-5d90-442e-bb25-5d4329348a89#0:OK-t4. Peer's state: d325862d-5d90-442e-bb25-5d4329348a89@group-BBBDE90A5B3B:t4, leader=null, voted=22678529-1571-490a-85b9-2142d4a575d8, raftlog=d325862d-5d90-442e-bb25-5d4329348a89@group-BBBDE90A5B3B-SegmentedRaftLog:OPENED:c-1,f-1,i0, conf=-1: [d325862d-5d90-442e-bb25-5d4329348a89|rpc:10.1.0.5:42511|dataStream:|priority:0, 17c51919-b33f-4a5f-9a86-1e5ebe529257|rpc:10.1.0.5:40963|dataStream:|priority:1, 22678529-1571-490a-85b9-2142d4a575d8|rpc:10.1.0.5:32787|dataStream:|priority:0], old=null
2021-09-16 19:35:06,752 [d325862d-5d90-442e-bb25-5d4329348a89@group-BBBDE90A5B3B-FollowerState] INFO  impl.FollowerState (FollowerState.java:run(143)) - d325862d-5d90-442e-bb25-5d4329348a89@group-BBBDE90A5B3B-FollowerState was interrupted: {}
java.lang.InterruptedException: sleep interrupted
	at java.lang.Thread.sleep(Native Method)
	at java.lang.Thread.sleep(Thread.java:340)
	at java.util.concurrent.TimeUnit.sleep(TimeUnit.java:386)
	at org.apache.ratis.util.TimeDuration.sleep(TimeDuration.java:324)
	at org.apache.ratis.util.TimeDuration.sleep(TimeDuration.java:309)
	at org.apache.ratis.server.impl.FollowerState.run(FollowerState.java:118)
2021-09-16 19:35:06,804 [22678529-1571-490a-85b9-2142d4a575d8@group-BBBDE90A5B3B-LeaderElection108] INFO  impl.LeaderElection (LeaderElection.java:askForVotes(308)) - 22678529-1571-490a-85b9-2142d4a575d8@group-BBBDE90A5B3B-LeaderElection108 ELECTION round 0: result REJECTED
2021-09-16 19:35:06,804 [22678529-1571-490a-85b9-2142d4a575d8@group-BBBDE90A5B3B-LeaderElection108] INFO  server.RaftServer$Division (RaftServerImpl.java:setRole(285)) - 22678529-1571-490a-85b9-2142d4a575d8@group-BBBDE90A5B3B: changes role from CANDIDATE to FOLLOWER at term 4 for REJECTED
2021-09-16 19:35:06,804 [22678529-1571-490a-85b9-2142d4a575d8@group-BBBDE90A5B3B-LeaderElection108] INFO  impl.RoleInfo (RoleInfo.java:shutdownLeaderElection(121)) - 22678529-1571-490a-85b9-2142d4a575d8: shutdown 22678529-1571-490a-85b9-2142d4a575d8@group-BBBDE90A5B3B-LeaderElection108
2021-09-16 19:35:06,804 [22678529-1571-490a-85b9-2142d4a575d8@group-BBBDE90A5B3B-LeaderElection108] INFO  impl.RoleInfo (RoleInfo.java:updateAndGet(130)) - 22678529-1571-490a-85b9-2142d4a575d8: start 22678529-1571-490a-85b9-2142d4a575d8@group-BBBDE90A5B3B-FollowerState
2021-09-16 19:35:06,804 [grpc-default-executor-0] INFO  server.RaftServer$Division (RaftServerImpl.java:requestVote(1043)) - d325862d-5d90-442e-bb25-5d4329348a89@group-BBBDE90A5B3B: receive requestVote(ELECTION, 17c51919-b33f-4a5f-9a86-1e5ebe529257, group-BBBDE90A5B3B, 4, (t:2, i:0))
2021-09-16 19:35:06,805 [grpc-default-executor-0] INFO  impl.VoteContext (VoteContext.java:log(48)) - d325862d-5d90-442e-bb25-5d4329348a89@group-BBBDE90A5B3B-FOLLOWER: reject ELECTION from 17c51919-b33f-4a5f-9a86-1e5ebe529257: already has voted for 22678529-1571-490a-85b9-2142d4a575d8 at current term 4
2021-09-16 19:35:06,805 [grpc-default-executor-0] INFO  server.RaftServer$Division (RaftServerImpl.java:requestVote(1075)) - d325862d-5d90-442e-bb25-5d4329348a89@group-BBBDE90A5B3B replies to ELECTION vote request: 17c51919-b33f-4a5f-9a86-1e5ebe529257<-d325862d-5d90-442e-bb25-5d4329348a89#0:FAIL-t4. Peer's state: d325862d-5d90-442e-bb25-5d4329348a89@group-BBBDE90A5B3B:t4, leader=null, voted=22678529-1571-490a-85b9-2142d4a575d8, raftlog=d325862d-5d90-442e-bb25-5d4329348a89@group-BBBDE90A5B3B-SegmentedRaftLog:OPENED:c-1,f-1,i0, conf=-1: [d325862d-5d90-442e-bb25-5d4329348a89|rpc:10.1.0.5:42511|dataStream:|priority:0, 17c51919-b33f-4a5f-9a86-1e5ebe529257|rpc:10.1.0.5:40963|dataStream:|priority:1, 22678529-1571-490a-85b9-2142d4a575d8|rpc:10.1.0.5:32787|dataStream:|priority:0], old=null
2021-09-16 19:35:06,884 [grpc-default-executor-0] INFO  server.RaftServer$Division (RaftServerImpl.java:requestVote(1043)) - 22678529-1571-490a-85b9-2142d4a575d8@group-BBBDE90A5B3B: receive requestVote(ELECTION, 17c51919-b33f-4a5f-9a86-1e5ebe529257, group-BBBDE90A5B3B, 4, (t:2, i:0))
2021-09-16 19:35:06,884 [grpc-default-executor-0] INFO  impl.VoteContext (VoteContext.java:log(48)) - 22678529-1571-490a-85b9-2142d4a575d8@group-BBBDE90A5B3B-FOLLOWER: reject ELECTION from 17c51919-b33f-4a5f-9a86-1e5ebe529257: already has voted for 22678529-1571-490a-85b9-2142d4a575d8 at current term 4
2021-09-16 19:35:06,884 [grpc-default-executor-0] INFO  server.RaftServer$Division (RaftServerImpl.java:requestVote(1075)) - 22678529-1571-490a-85b9-2142d4a575d8@group-BBBDE90A5B3B replies to ELECTION vote request: 17c51919-b33f-4a5f-9a86-1e5ebe529257<-22678529-1571-490a-85b9-2142d4a575d8#0:FAIL-t4. Peer's state: 22678529-1571-490a-85b9-2142d4a575d8@group-BBBDE90A5B3B:t4, leader=null, voted=22678529-1571-490a-85b9-2142d4a575d8, raftlog=22678529-1571-490a-85b9-2142d4a575d8@group-BBBDE90A5B3B-SegmentedRaftLog:OPENED:c-1,f-1,i0, conf=-1: [d325862d-5d90-442e-bb25-5d4329348a89|rpc:10.1.0.5:42511|priority:0, 17c51919-b33f-4a5f-9a86-1e5ebe529257|rpc:10.1.0.5:40963|priority:1, 22678529-1571-490a-85b9-2142d4a575d8|rpc:10.1.0.5:32787|priority:0], old=null
2021-09-16 19:35:06,889 [17c51919-b33f-4a5f-9a86-1e5ebe529257@group-BBBDE90A5B3B-LeaderElection109] INFO  impl.LeaderElection (LeaderElection.java:logAndReturn(89)) - 17c51919-b33f-4a5f-9a86-1e5ebe529257@group-BBBDE90A5B3B-LeaderElection109: ELECTION REJECTED received 2 response(s) and 0 exception(s):
2021-09-16 19:35:06,889 [17c51919-b33f-4a5f-9a86-1e5ebe529257@group-BBBDE90A5B3B-LeaderElection109] INFO  impl.LeaderElection (LeaderElection.java:logAndReturn(93)) -   Response 0: 17c51919-b33f-4a5f-9a86-1e5ebe529257<-d325862d-5d90-442e-bb25-5d4329348a89#0:FAIL-t4
2021-09-16 19:35:06,889 [17c51919-b33f-4a5f-9a86-1e5ebe529257@group-BBBDE90A5B3B-LeaderElection109] INFO  impl.LeaderElection (LeaderElection.java:logAndReturn(93)) -   Response 1: 17c51919-b33f-4a5f-9a86-1e5ebe529257<-22678529-1571-490a-85b9-2142d4a575d8#0:FAIL-t4
2021-09-16 19:35:06,889 [17c51919-b33f-4a5f-9a86-1e5ebe529257@group-BBBDE90A5B3B-LeaderElection109] INFO  impl.LeaderElection (LeaderElection.java:askForVotes(308)) - 17c51919-b33f-4a5f-9a86-1e5ebe529257@group-BBBDE90A5B3B-LeaderElection109 ELECTION round 0: result REJECTED
2021-09-16 19:35:06,889 [17c51919-b33f-4a5f-9a86-1e5ebe529257@group-BBBDE90A5B3B-LeaderElection109] INFO  server.RaftServer$Division (RaftServerImpl.java:setRole(285)) - 17c51919-b33f-4a5f-9a86-1e5ebe529257@group-BBBDE90A5B3B: changes role from CANDIDATE to FOLLOWER at term 4 for REJECTED
2021-09-16 19:35:06,889 [17c51919-b33f-4a5f-9a86-1e5ebe529257@group-BBBDE90A5B3B-LeaderElection109] INFO  impl.RoleInfo (RoleInfo.java:shutdownLeaderElection(121)) - 17c51919-b33f-4a5f-9a86-1e5ebe529257: shutdown 17c51919-b33f-4a5f-9a86-1e5ebe529257@group-BBBDE90A5B3B-LeaderElection109
2021-09-16 19:35:06,889 [17c51919-b33f-4a5f-9a86-1e5ebe529257@group-BBBDE90A5B3B-LeaderElection109] INFO  impl.RoleInfo (RoleInfo.java:updateAndGet(130)) - 17c51919-b33f-4a5f-9a86-1e5ebe529257: start 17c51919-b33f-4a5f-9a86-1e5ebe529257@group-BBBDE90A5B3B-FollowerState
2021-09-16 19:35:09,028 [e8f13dfe-2d88-44e3-8dd8-bc613bb80fa9@group-D3A07527D82D-FollowerState] INFO  impl.FollowerState (FollowerState.java:run(134)) - e8f13dfe-2d88-44e3-8dd8-bc613bb80fa9@group-D3A07527D82D-FollowerState: change to CANDIDATE, lastRpcElapsedTime:5111853206ns, electionTimeout:5106ms
2021-09-16 19:35:09,028 [e8f13dfe-2d88-44e3-8dd8-bc613bb80fa9@group-D3A07527D82D-FollowerState] INFO  impl.RoleInfo (RoleInfo.java:shutdownFollowerState(108)) - e8f13dfe-2d88-44e3-8dd8-bc613bb80fa9: shutdown e8f13dfe-2d88-44e3-8dd8-bc613bb80fa9@group-D3A07527D82D-FollowerState
2021-09-16 19:35:09,028 [e8f13dfe-2d88-44e3-8dd8-bc613bb80fa9@group-D3A07527D82D-FollowerState] INFO  server.RaftServer$Division (RaftServerImpl.java:setRole(285)) - e8f13dfe-2d88-44e3-8dd8-bc613bb80fa9@group-D3A07527D82D: changes role from  FOLLOWER to CANDIDATE at term 3 for changeToCandidate
2021-09-16 19:35:09,029 [e8f13dfe-2d88-44e3-8dd8-bc613bb80fa9@group-D3A07527D82D-FollowerState] INFO  server.RaftServerConfigKeys (ConfUtils.java:logGet(44)) - raft.server.leaderelection.pre-vote = false (custom)
2021-09-16 19:35:09,029 [e8f13dfe-2d88-44e3-8dd8-bc613bb80fa9@group-D3A07527D82D-FollowerState] INFO  impl.RoleInfo (RoleInfo.java:updateAndGet(130)) - e8f13dfe-2d88-44e3-8dd8-bc613bb80fa9: start e8f13dfe-2d88-44e3-8dd8-bc613bb80fa9@group-D3A07527D82D-LeaderElection110
2021-09-16 19:35:09,052 [de4d5c13-4a27-410b-b35a-5584c5652eab@group-D3A07527D82D-FollowerState] INFO  impl.FollowerState (FollowerState.java:run(134)) - de4d5c13-4a27-410b-b35a-5584c5652eab@group-D3A07527D82D-FollowerState: change to CANDIDATE, lastRpcElapsedTime:5215159513ns, electionTimeout:5140ms
2021-09-16 19:35:09,052 [de4d5c13-4a27-410b-b35a-5584c5652eab@group-D3A07527D82D-FollowerState] INFO  impl.RoleInfo (RoleInfo.java:shutdownFollowerState(108)) - de4d5c13-4a27-410b-b35a-5584c5652eab: shutdown de4d5c13-4a27-410b-b35a-5584c5652eab@group-D3A07527D82D-FollowerState
2021-09-16 19:35:09,052 [de4d5c13-4a27-410b-b35a-5584c5652eab@group-D3A07527D82D-FollowerState] INFO  server.RaftServer$Division (RaftServerImpl.java:setRole(285)) - de4d5c13-4a27-410b-b35a-5584c5652eab@group-D3A07527D82D: changes role from  FOLLOWER to CANDIDATE at term 3 for changeToCandidate
2021-09-16 19:35:09,054 [de4d5c13-4a27-410b-b35a-5584c5652eab@group-D3A07527D82D-FollowerState] INFO  server.RaftServerConfigKeys (ConfUtils.java:logGet(44)) - raft.server.leaderelection.pre-vote = false (custom)
2021-09-16 19:35:09,054 [de4d5c13-4a27-410b-b35a-5584c5652eab@group-D3A07527D82D-FollowerState] INFO  impl.RoleInfo (RoleInfo.java:updateAndGet(130)) - de4d5c13-4a27-410b-b35a-5584c5652eab: start de4d5c13-4a27-410b-b35a-5584c5652eab@group-D3A07527D82D-LeaderElection111
2021-09-16 19:35:09,064 [de4d5c13-4a27-410b-b35a-5584c5652eab@group-D3A07527D82D-LeaderElection111] INFO  impl.LeaderElection (LeaderElection.java:askForVotes(306)) - de4d5c13-4a27-410b-b35a-5584c5652eab@group-D3A07527D82D-LeaderElection111 ELECTION round 0: submit vote requests at term 4 for -1: [1226f225-3abd-46f9-90c8-da28d00f4d36|rpc:10.1.0.5:44993|dataStream:|priority:0, e8f13dfe-2d88-44e3-8dd8-bc613bb80fa9|rpc:10.1.0.5:42057|dataStream:|priority:0, de4d5c13-4a27-410b-b35a-5584c5652eab|rpc:10.1.0.5:33691|dataStream:|priority:1], old=null
2021-09-16 19:35:09,070 [e8f13dfe-2d88-44e3-8dd8-bc613bb80fa9@group-D3A07527D82D-LeaderElection110] INFO  impl.LeaderElection (LeaderElection.java:askForVotes(306)) - e8f13dfe-2d88-44e3-8dd8-bc613bb80fa9@group-D3A07527D82D-LeaderElection110 ELECTION round 0: submit vote requests at term 4 for -1: [1226f225-3abd-46f9-90c8-da28d00f4d36|rpc:10.1.0.5:44993|dataStream:|priority:0, e8f13dfe-2d88-44e3-8dd8-bc613bb80fa9|rpc:10.1.0.5:42057|dataStream:|priority:0, de4d5c13-4a27-410b-b35a-5584c5652eab|rpc:10.1.0.5:33691|dataStream:|priority:1], old=null
2021-09-16 19:35:09,131 [grpc-default-executor-3] INFO  server.RaftServer$Division (RaftServerImpl.java:requestVote(1043)) - 1226f225-3abd-46f9-90c8-da28d00f4d36@group-D3A07527D82D: receive requestVote(ELECTION, de4d5c13-4a27-410b-b35a-5584c5652eab, group-D3A07527D82D, 4, (t:0, i:0))
2021-09-16 19:35:09,132 [grpc-default-executor-3] INFO  impl.VoteContext (VoteContext.java:log(48)) - 1226f225-3abd-46f9-90c8-da28d00f4d36@group-D3A07527D82D-FOLLOWER: accept ELECTION from de4d5c13-4a27-410b-b35a-5584c5652eab: our priority 0 <= candidate's priority 1
2021-09-16 19:35:09,132 [grpc-default-executor-3] INFO  server.RaftServer$Division (RaftServerImpl.java:setRole(285)) - 1226f225-3abd-46f9-90c8-da28d00f4d36@group-D3A07527D82D: changes role from  FOLLOWER to FOLLOWER at term 4 for candidate:de4d5c13-4a27-410b-b35a-5584c5652eab
2021-09-16 19:35:09,132 [grpc-default-executor-3] INFO  impl.RoleInfo (RoleInfo.java:shutdownFollowerState(108)) - 1226f225-3abd-46f9-90c8-da28d00f4d36: shutdown 1226f225-3abd-46f9-90c8-da28d00f4d36@group-D3A07527D82D-FollowerState
2021-09-16 19:35:09,134 [grpc-default-executor-5] INFO  server.RaftServer$Division (RaftServerImpl.java:requestVote(1043)) - e8f13dfe-2d88-44e3-8dd8-bc613bb80fa9@group-D3A07527D82D: receive requestVote(ELECTION, de4d5c13-4a27-410b-b35a-5584c5652eab, group-D3A07527D82D, 4, (t:0, i:0))
2021-09-16 19:35:09,134 [grpc-default-executor-5] INFO  impl.VoteContext (VoteContext.java:log(48)) - e8f13dfe-2d88-44e3-8dd8-bc613bb80fa9@group-D3A07527D82D-CANDIDATE: reject ELECTION from de4d5c13-4a27-410b-b35a-5584c5652eab: already has voted for e8f13dfe-2d88-44e3-8dd8-bc613bb80fa9 at current term 4
2021-09-16 19:35:09,134 [grpc-default-executor-5] INFO  server.RaftServer$Division (RaftServerImpl.java:requestVote(1075)) - e8f13dfe-2d88-44e3-8dd8-bc613bb80fa9@group-D3A07527D82D replies to ELECTION vote request: de4d5c13-4a27-410b-b35a-5584c5652eab<-e8f13dfe-2d88-44e3-8dd8-bc613bb80fa9#0:FAIL-t4. Peer's state: e8f13dfe-2d88-44e3-8dd8-bc613bb80fa9@group-D3A07527D82D:t4, leader=null, voted=e8f13dfe-2d88-44e3-8dd8-bc613bb80fa9, raftlog=e8f13dfe-2d88-44e3-8dd8-bc613bb80fa9@group-D3A07527D82D-SegmentedRaftLog:OPENED:c-1,f-1,i0, conf=-1: [1226f225-3abd-46f9-90c8-da28d00f4d36|rpc:10.1.0.5:44993|dataStream:|priority:0, e8f13dfe-2d88-44e3-8dd8-bc613bb80fa9|rpc:10.1.0.5:42057|dataStream:|priority:0, de4d5c13-4a27-410b-b35a-5584c5652eab|rpc:10.1.0.5:33691|dataStream:|priority:1], old=null
2021-09-16 19:35:09,136 [grpc-default-executor-5] INFO  server.RaftServer$Division (RaftServerImpl.java:requestVote(1043)) - 1226f225-3abd-46f9-90c8-da28d00f4d36@group-D3A07527D82D: receive requestVote(ELECTION, e8f13dfe-2d88-44e3-8dd8-bc613bb80fa9, group-D3A07527D82D, 4, (t:0, i:0))
2021-09-16 19:35:09,162 [grpc-default-executor-3] INFO  impl.RoleInfo (RoleInfo.java:updateAndGet(130)) - 1226f225-3abd-46f9-90c8-da28d00f4d36: start 1226f225-3abd-46f9-90c8-da28d00f4d36@group-D3A07527D82D-FollowerState
2021-09-16 19:35:09,163 [1226f225-3abd-46f9-90c8-da28d00f4d36@group-D3A07527D82D-FollowerState] INFO  impl.FollowerState (FollowerState.java:run(143)) - 1226f225-3abd-46f9-90c8-da28d00f4d36@group-D3A07527D82D-FollowerState was interrupted: {}
java.lang.InterruptedException: sleep interrupted
	at java.lang.Thread.sleep(Native Method)
	at java.lang.Thread.sleep(Thread.java:340)
	at java.util.concurrent.TimeUnit.sleep(TimeUnit.java:386)
	at org.apache.ratis.util.TimeDuration.sleep(TimeDuration.java:324)
	at org.apache.ratis.util.TimeDuration.sleep(TimeDuration.java:309)
	at org.apache.ratis.server.impl.FollowerState.run(FollowerState.java:118)
2021-09-16 19:35:09,163 [grpc-default-executor-2] INFO  server.RaftServer$Division (RaftServerImpl.java:requestVote(1043)) - de4d5c13-4a27-410b-b35a-5584c5652eab@group-D3A07527D82D: receive requestVote(ELECTION, e8f13dfe-2d88-44e3-8dd8-bc613bb80fa9, group-D3A07527D82D, 4, (t:0, i:0))
2021-09-16 19:35:09,163 [grpc-default-executor-2] INFO  impl.VoteContext (VoteContext.java:log(48)) - de4d5c13-4a27-410b-b35a-5584c5652eab@group-D3A07527D82D-CANDIDATE: reject ELECTION from e8f13dfe-2d88-44e3-8dd8-bc613bb80fa9: already has voted for de4d5c13-4a27-410b-b35a-5584c5652eab at current term 4
2021-09-16 19:35:09,163 [grpc-default-executor-2] INFO  server.RaftServer$Division (RaftServerImpl.java:requestVote(1075)) - de4d5c13-4a27-410b-b35a-5584c5652eab@group-D3A07527D82D replies to ELECTION vote request: e8f13dfe-2d88-44e3-8dd8-bc613bb80fa9<-de4d5c13-4a27-410b-b35a-5584c5652eab#0:FAIL-t4. Peer's state: de4d5c13-4a27-410b-b35a-5584c5652eab@group-D3A07527D82D:t4, leader=null, voted=de4d5c13-4a27-410b-b35a-5584c5652eab, raftlog=de4d5c13-4a27-410b-b35a-5584c5652eab@group-D3A07527D82D-SegmentedRaftLog:OPENED:c-1,f-1,i0, conf=-1: [1226f225-3abd-46f9-90c8-da28d00f4d36|rpc:10.1.0.5:44993|dataStream:|priority:0, e8f13dfe-2d88-44e3-8dd8-bc613bb80fa9|rpc:10.1.0.5:42057|dataStream:|priority:0, de4d5c13-4a27-410b-b35a-5584c5652eab|rpc:10.1.0.5:33691|dataStream:|priority:1], old=null
2021-09-16 19:35:09,235 [grpc-default-executor-3] INFO  server.RaftServer$Division (RaftServerImpl.java:requestVote(1075)) - 1226f225-3abd-46f9-90c8-da28d00f4d36@group-D3A07527D82D replies to ELECTION vote request: de4d5c13-4a27-410b-b35a-5584c5652eab<-1226f225-3abd-46f9-90c8-da28d00f4d36#0:OK-t4. Peer's state: 1226f225-3abd-46f9-90c8-da28d00f4d36@group-D3A07527D82D:t4, leader=null, voted=de4d5c13-4a27-410b-b35a-5584c5652eab, raftlog=1226f225-3abd-46f9-90c8-da28d00f4d36@group-D3A07527D82D-SegmentedRaftLog:OPENED:c-1,f-1,i0, conf=-1: [1226f225-3abd-46f9-90c8-da28d00f4d36|rpc:10.1.0.5:44993|priority:0, e8f13dfe-2d88-44e3-8dd8-bc613bb80fa9|rpc:10.1.0.5:42057|priority:0, de4d5c13-4a27-410b-b35a-5584c5652eab|rpc:10.1.0.5:33691|priority:1], old=null
2021-09-16 19:35:09,236 [grpc-default-executor-5] INFO  impl.VoteContext (VoteContext.java:log(48)) - 1226f225-3abd-46f9-90c8-da28d00f4d36@group-D3A07527D82D-FOLLOWER: reject ELECTION from e8f13dfe-2d88-44e3-8dd8-bc613bb80fa9: already has voted for de4d5c13-4a27-410b-b35a-5584c5652eab at current term 4
2021-09-16 19:35:09,236 [grpc-default-executor-5] INFO  server.RaftServer$Division (RaftServerImpl.java:requestVote(1075)) - 1226f225-3abd-46f9-90c8-da28d00f4d36@group-D3A07527D82D replies to ELECTION vote request: e8f13dfe-2d88-44e3-8dd8-bc613bb80fa9<-1226f225-3abd-46f9-90c8-da28d00f4d36#0:FAIL-t4. Peer's state: 1226f225-3abd-46f9-90c8-da28d00f4d36@group-D3A07527D82D:t4, leader=null, voted=de4d5c13-4a27-410b-b35a-5584c5652eab, raftlog=1226f225-3abd-46f9-90c8-da28d00f4d36@group-D3A07527D82D-SegmentedRaftLog:OPENED:c-1,f-1,i0, conf=-1: [1226f225-3abd-46f9-90c8-da28d00f4d36|rpc:10.1.0.5:44993|priority:0, e8f13dfe-2d88-44e3-8dd8-bc613bb80fa9|rpc:10.1.0.5:42057|priority:0, de4d5c13-4a27-410b-b35a-5584c5652eab|rpc:10.1.0.5:33691|priority:1], old=null
2021-09-16 19:35:09,236 [e8f13dfe-2d88-44e3-8dd8-bc613bb80fa9@group-D3A07527D82D-LeaderElection110] INFO  impl.LeaderElection (LeaderElection.java:logAndReturn(89)) - e8f13dfe-2d88-44e3-8dd8-bc613bb80fa9@group-D3A07527D82D-LeaderElection110: ELECTION REJECTED received 2 response(s) and 0 exception(s):
2021-09-16 19:35:09,236 [e8f13dfe-2d88-44e3-8dd8-bc613bb80fa9@group-D3A07527D82D-LeaderElection110] INFO  impl.LeaderElection (LeaderElection.java:logAndReturn(93)) -   Response 0: e8f13dfe-2d88-44e3-8dd8-bc613bb80fa9<-1226f225-3abd-46f9-90c8-da28d00f4d36#0:FAIL-t4
2021-09-16 19:35:09,236 [e8f13dfe-2d88-44e3-8dd8-bc613bb80fa9@group-D3A07527D82D-LeaderElection110] INFO  impl.LeaderElection (LeaderElection.java:logAndReturn(93)) -   Response 1: e8f13dfe-2d88-44e3-8dd8-bc613bb80fa9<-de4d5c13-4a27-410b-b35a-5584c5652eab#0:FAIL-t4
2021-09-16 19:35:09,236 [e8f13dfe-2d88-44e3-8dd8-bc613bb80fa9@group-D3A07527D82D-LeaderElection110] INFO  impl.LeaderElection (LeaderElection.java:askForVotes(308)) - e8f13dfe-2d88-44e3-8dd8-bc613bb80fa9@group-D3A07527D82D-LeaderElection110 ELECTION round 0: result REJECTED
2021-09-16 19:35:09,237 [e8f13dfe-2d88-44e3-8dd8-bc613bb80fa9@group-D3A07527D82D-LeaderElection110] INFO  server.RaftServer$Division (RaftServerImpl.java:setRole(285)) - e8f13dfe-2d88-44e3-8dd8-bc613bb80fa9@group-D3A07527D82D: changes role from CANDIDATE to FOLLOWER at term 4 for REJECTED
2021-09-16 19:35:09,237 [e8f13dfe-2d88-44e3-8dd8-bc613bb80fa9@group-D3A07527D82D-LeaderElection110] INFO  impl.RoleInfo (RoleInfo.java:shutdownLeaderElection(121)) - e8f13dfe-2d88-44e3-8dd8-bc613bb80fa9: shutdown e8f13dfe-2d88-44e3-8dd8-bc613bb80fa9@group-D3A07527D82D-LeaderElection110
2021-09-16 19:35:09,237 [e8f13dfe-2d88-44e3-8dd8-bc613bb80fa9@group-D3A07527D82D-LeaderElection110] INFO  impl.RoleInfo (RoleInfo.java:updateAndGet(130)) - e8f13dfe-2d88-44e3-8dd8-bc613bb80fa9: start e8f13dfe-2d88-44e3-8dd8-bc613bb80fa9@group-D3A07527D82D-FollowerState
2021-09-16 19:35:09,237 [de4d5c13-4a27-410b-b35a-5584c5652eab@group-D3A07527D82D-LeaderElection111] INFO  impl.LeaderElection (LeaderElection.java:logAndReturn(89)) - de4d5c13-4a27-410b-b35a-5584c5652eab@group-D3A07527D82D-LeaderElection111: ELECTION PASSED received 2 response(s) and 0 exception(s):
2021-09-16 19:35:09,237 [de4d5c13-4a27-410b-b35a-5584c5652eab@group-D3A07527D82D-LeaderElection111] INFO  impl.LeaderElection (LeaderElection.java:logAndReturn(93)) -   Response 0: de4d5c13-4a27-410b-b35a-5584c5652eab<-1226f225-3abd-46f9-90c8-da28d00f4d36#0:OK-t4
2021-09-16 19:35:09,237 [de4d5c13-4a27-410b-b35a-5584c5652eab@group-D3A07527D82D-LeaderElection111] INFO  impl.LeaderElection (LeaderElection.java:logAndReturn(93)) -   Response 1: de4d5c13-4a27-410b-b35a-5584c5652eab<-e8f13dfe-2d88-44e3-8dd8-bc613bb80fa9#0:FAIL-t4
2021-09-16 19:35:09,262 [de4d5c13-4a27-410b-b35a-5584c5652eab@group-D3A07527D82D-LeaderElection111] INFO  impl.LeaderElection (LeaderElection.java:askForVotes(308)) - de4d5c13-4a27-410b-b35a-5584c5652eab@group-D3A07527D82D-LeaderElection111 ELECTION round 0: result PASSED
2021-09-16 19:35:09,262 [de4d5c13-4a27-410b-b35a-5584c5652eab@group-D3A07527D82D-LeaderElection111] INFO  impl.RoleInfo (RoleInfo.java:shutdownLeaderElection(121)) - de4d5c13-4a27-410b-b35a-5584c5652eab: shutdown de4d5c13-4a27-410b-b35a-5584c5652eab@group-D3A07527D82D-LeaderElection111
2021-09-16 19:35:09,262 [de4d5c13-4a27-410b-b35a-5584c5652eab@group-D3A07527D82D-LeaderElection111] INFO  server.RaftServer$Division (RaftServerImpl.java:setRole(285)) - de4d5c13-4a27-410b-b35a-5584c5652eab@group-D3A07527D82D: changes role from CANDIDATE to LEADER at term 4 for changeToLeader
2021-09-16 19:35:09,262 [de4d5c13-4a27-410b-b35a-5584c5652eab@group-D3A07527D82D-LeaderElection111] INFO  ratis.XceiverServerRatis (XceiverServerRatis.java:handleLeaderChangedNotification(860)) - Leader change notification received for group: group-D3A07527D82D with new leaderId: de4d5c13-4a27-410b-b35a-5584c5652eab
2021-09-16 19:35:09,262 [de4d5c13-4a27-410b-b35a-5584c5652eab@group-D3A07527D82D-LeaderElection111] INFO  server.RaftServer$Division (ServerState.java:setLeader(285)) - de4d5c13-4a27-410b-b35a-5584c5652eab@group-D3A07527D82D: change Leader from null to de4d5c13-4a27-410b-b35a-5584c5652eab at term 4 for becomeLeader, leader elected after 20953ms
2021-09-16 19:35:09,262 [de4d5c13-4a27-410b-b35a-5584c5652eab@group-D3A07527D82D-LeaderElection111] INFO  server.RaftServerConfigKeys (ConfUtils.java:logGet(44)) - raft.server.staging.catchup.gap = 1000 (default)
2021-09-16 19:35:09,262 [Datanode State Machine Thread - 0] WARN  statemachine.StateContext (StateContext.java:execute(621)) - No available thread in pool for past 1 seconds.
2021-09-16 19:35:09,262 [de4d5c13-4a27-410b-b35a-5584c5652eab@group-D3A07527D82D-LeaderElection111] INFO  server.RaftServerConfigKeys (ConfUtils.java:logGet(44)) - raft.server.write.element-limit = 1024 (custom)
2021-09-16 19:35:09,262 [de4d5c13-4a27-410b-b35a-5584c5652eab@group-D3A07527D82D-LeaderElection111] INFO  server.RaftServerConfigKeys (ConfUtils.java:logGet(44)) - raft.server.write.byte-limit = 1024 M (=1073741824) (custom)
2021-09-16 19:35:09,263 [EventQueue-PipelineReportForPipelineReportHandler] INFO  pipeline.PipelineManagerImpl (PipelineManagerImpl.java:openPipeline(282)) - Pipeline Pipeline[ Id: fe861425-d21f-4895-9738-d3a07527d82d, Nodes: de4d5c13-4a27-410b-b35a-5584c5652eab{ip: 10.1.0.5, host: fv-az195-743.u3nnjwd0vyge1bu22idnsdeq2e.cx.internal.cloudapp.net, ports: [REPLICATION=41341, RATIS=33691, RATIS_ADMIN=33691, RATIS_SERVER=33691, STANDALONE=40479], networkLocation: /default-rack, certSerialId: null, persistedOpState: IN_SERVICE, persistedOpStateExpiryEpochSec: 0}1226f225-3abd-46f9-90c8-da28d00f4d36{ip: 10.1.0.5, host: fv-az195-743.u3nnjwd0vyge1bu22idnsdeq2e.cx.internal.cloudapp.net, ports: [REPLICATION=46313, RATIS=44993, RATIS_ADMIN=44993, RATIS_SERVER=44993, STANDALONE=43383], networkLocation: /default-rack, certSerialId: null, persistedOpState: IN_SERVICE, persistedOpStateExpiryEpochSec: 0}e8f13dfe-2d88-44e3-8dd8-bc613bb80fa9{ip: 10.1.0.5, host: fv-az195-743.u3nnjwd0vyge1bu22idnsdeq2e.cx.internal.cloudapp.net, ports: [REPLICATION=41533, RATIS=42057, RATIS_ADMIN=42057, RATIS_SERVER=42057, STANDALONE=40795], networkLocation: /default-rack, certSerialId: null, persistedOpState: IN_SERVICE, persistedOpStateExpiryEpochSec: 0}, ReplicationConfig: RATIS/THREE, State:ALLOCATED, leaderId:de4d5c13-4a27-410b-b35a-5584c5652eab, CreationTimestamp2021-09-16T19:34:46.556Z[Etc/UTC]] moved to OPEN state
2021-09-16 19:35:09,263 [de4d5c13-4a27-410b-b35a-5584c5652eab@group-D3A07527D82D-LeaderElection111] INFO  server.RaftServerConfigKeys (ConfUtils.java:logGet(44)) - raft.server.watch.timeout = 3000ms (custom)
2021-09-16 19:35:09,264 [de4d5c13-4a27-410b-b35a-5584c5652eab@group-D3A07527D82D-LeaderElection111] INFO  server.RaftServerConfigKeys (ConfUtils.java:logGet(44)) - raft.server.watch.timeout.denomination = 1s (default)
2021-09-16 19:35:09,264 [de4d5c13-4a27-410b-b35a-5584c5652eab@group-D3A07527D82D-LeaderElection111] INFO  server.RaftServerConfigKeys (ConfUtils.java:logGet(44)) - raft.server.watch.element-limit = 65536 (default)
2021-09-16 19:35:09,264 [de4d5c13-4a27-410b-b35a-5584c5652eab@group-D3A07527D82D-LeaderElection111] INFO  server.RaftServerConfigKeys (ConfUtils.java:logGet(44)) - raft.server.log.appender.snapshot.chunk.size.max = 16MB (=16777216) (default)
2021-09-16 19:35:09,264 [de4d5c13-4a27-410b-b35a-5584c5652eab@group-D3A07527D82D-LeaderElection111] INFO  server.RaftServerConfigKeys (ConfUtils.java:logGet(44)) - raft.server.log.appender.buffer.byte-limit = 33554432 (custom)
2021-09-16 19:35:09,264 [de4d5c13-4a27-410b-b35a-5584c5652eab@group-D3A07527D82D-LeaderElection111] INFO  server.RaftServerConfigKeys (ConfUtils.java:logGet(44)) - raft.server.log.appender.buffer.element-limit = 1 (custom)
2021-09-16 19:35:09,264 [de4d5c13-4a27-410b-b35a-5584c5652eab@group-D3A07527D82D-LeaderElection111] INFO  grpc.GrpcConfigKeys (ConfUtils.java:logGet(44)) - raft.grpc.server.leader.outstanding.appends.max = 128 (default)
2021-09-16 19:35:09,265 [de4d5c13-4a27-410b-b35a-5584c5652eab@group-D3A07527D82D-LeaderElection111] INFO  server.RaftServerConfigKeys (ConfUtils.java:logGet(44)) - raft.server.rpc.request.timeout = 3000ms (default)
2021-09-16 19:35:09,265 [de4d5c13-4a27-410b-b35a-5584c5652eab@group-D3A07527D82D-LeaderElection111] INFO  server.RaftServerConfigKeys (ConfUtils.java:logGet(44)) - raft.server.log.appender.install.snapshot.enabled = false (custom)
2021-09-16 19:35:09,266 [de4d5c13-4a27-410b-b35a-5584c5652eab@group-D3A07527D82D-LeaderElection111] INFO  server.RaftServerConfigKeys (ConfUtils.java:logGet(44)) - raft.server.log.appender.snapshot.chunk.size.max = 16MB (=16777216) (default)
2021-09-16 19:35:09,266 [de4d5c13-4a27-410b-b35a-5584c5652eab@group-D3A07527D82D-LeaderElection111] INFO  server.RaftServerConfigKeys (ConfUtils.java:logGet(44)) - raft.server.log.appender.buffer.byte-limit = 33554432 (custom)
2021-09-16 19:35:09,266 [de4d5c13-4a27-410b-b35a-5584c5652eab@group-D3A07527D82D-LeaderElection111] INFO  server.RaftServerConfigKeys (ConfUtils.java:logGet(44)) - raft.server.log.appender.buffer.element-limit = 1 (custom)
2021-09-16 19:35:09,266 [de4d5c13-4a27-410b-b35a-5584c5652eab@group-D3A07527D82D-LeaderElection111] INFO  grpc.GrpcConfigKeys (ConfUtils.java:logGet(44)) - raft.grpc.server.leader.outstanding.appends.max = 128 (default)
2021-09-16 19:35:09,267 [de4d5c13-4a27-410b-b35a-5584c5652eab@group-D3A07527D82D-LeaderElection111] INFO  server.RaftServerConfigKeys (ConfUtils.java:logGet(44)) - raft.server.rpc.request.timeout = 3000ms (default)
2021-09-16 19:35:09,267 [de4d5c13-4a27-410b-b35a-5584c5652eab@group-D3A07527D82D-LeaderElection111] INFO  server.RaftServerConfigKeys (ConfUtils.java:logGet(44)) - raft.server.log.appender.install.snapshot.enabled = false (custom)
2021-09-16 19:35:09,268 [de4d5c13-4a27-410b-b35a-5584c5652eab@group-D3A07527D82D-LeaderElection111] INFO  impl.RoleInfo (RoleInfo.java:updateAndGet(130)) - de4d5c13-4a27-410b-b35a-5584c5652eab: start de4d5c13-4a27-410b-b35a-5584c5652eab@group-D3A07527D82D-LeaderStateImpl
2021-09-16 19:35:09,268 [de4d5c13-4a27-410b-b35a-5584c5652eab@group-D3A07527D82D-LeaderElection111] INFO  segmented.SegmentedRaftLogWorker (SegmentedRaftLogWorker.java:startLogSegment(394)) - de4d5c13-4a27-410b-b35a-5584c5652eab@group-D3A07527D82D-SegmentedRaftLogWorker: Starting segment from index:0
2021-09-16 19:35:09,270 [de4d5c13-4a27-410b-b35a-5584c5652eab@group-D3A07527D82D-SegmentedRaftLogWorker] INFO  segmented.SegmentedRaftLogWorker (SegmentedRaftLogWorker.java:execute(601)) - de4d5c13-4a27-410b-b35a-5584c5652eab@group-D3A07527D82D-SegmentedRaftLogWorker: created new log segment /home/runner/work/ozone/ozone/hadoop-ozone/integration-test/target/test-dir/MiniOzoneClusterImpl-4c5ee767-53d0-43e8-b9fb-bc60904004ee/datanode-5/data/ratis/fe861425-d21f-4895-9738-d3a07527d82d/current/log_inprogress_0
2021-09-16 19:35:09,283 [grpc-default-executor-5] INFO  ratis.XceiverServerRatis (XceiverServerRatis.java:handleLeaderChangedNotification(860)) - Leader change notification received for group: group-D3A07527D82D with new leaderId: de4d5c13-4a27-410b-b35a-5584c5652eab
2021-09-16 19:35:09,283 [grpc-default-executor-5] INFO  server.RaftServer$Division (ServerState.java:setLeader(285)) - 1226f225-3abd-46f9-90c8-da28d00f4d36@group-D3A07527D82D: change Leader from null to de4d5c13-4a27-410b-b35a-5584c5652eab at term 4 for appendEntries, leader elected after 21283ms
2021-09-16 19:35:09,288 [de4d5c13-4a27-410b-b35a-5584c5652eab@group-D3A07527D82D-LeaderElection111] INFO  server.RaftServer$Division (ServerState.java:setRaftConf(387)) - de4d5c13-4a27-410b-b35a-5584c5652eab@group-D3A07527D82D: set configuration 0: [1226f225-3abd-46f9-90c8-da28d00f4d36|rpc:10.1.0.5:44993|dataStream:|priority:0, e8f13dfe-2d88-44e3-8dd8-bc613bb80fa9|rpc:10.1.0.5:42057|dataStream:|priority:0, de4d5c13-4a27-410b-b35a-5584c5652eab|rpc:10.1.0.5:33691|dataStream:|priority:1], old=null
2021-09-16 19:35:09,376 [grpc-default-executor-3] INFO  server.RaftServer$Division (ServerState.java:setRaftConf(387)) - 1226f225-3abd-46f9-90c8-da28d00f4d36@group-D3A07527D82D: set configuration 0: [1226f225-3abd-46f9-90c8-da28d00f4d36|rpc:10.1.0.5:44993|dataStream:|priority:0, e8f13dfe-2d88-44e3-8dd8-bc613bb80fa9|rpc:10.1.0.5:42057|dataStream:|priority:0, de4d5c13-4a27-410b-b35a-5584c5652eab|rpc:10.1.0.5:33691|dataStream:|priority:1], old=null
2021-09-16 19:35:09,377 [grpc-default-executor-3] INFO  segmented.SegmentedRaftLogWorker (SegmentedRaftLogWorker.java:startLogSegment(394)) - 1226f225-3abd-46f9-90c8-da28d00f4d36@group-D3A07527D82D-SegmentedRaftLogWorker: Starting segment from index:0
2021-09-16 19:35:09,382 [1226f225-3abd-46f9-90c8-da28d00f4d36@group-D3A07527D82D-SegmentedRaftLogWorker] INFO  segmented.SegmentedRaftLogWorker (SegmentedRaftLogWorker.java:execute(601)) - 1226f225-3abd-46f9-90c8-da28d00f4d36@group-D3A07527D82D-SegmentedRaftLogWorker: created new log segment /home/runner/work/ozone/ozone/hadoop-ozone/integration-test/target/test-dir/MiniOzoneClusterImpl-4c5ee767-53d0-43e8-b9fb-bc60904004ee/datanode-3/data/ratis/fe861425-d21f-4895-9738-d3a07527d82d/current/log_inprogress_0
2021-09-16 19:35:09,387 [grpc-default-executor-0] INFO  ratis.XceiverServerRatis (XceiverServerRatis.java:handleLeaderChangedNotification(860)) - Leader change notification received for group: group-D3A07527D82D with new leaderId: de4d5c13-4a27-410b-b35a-5584c5652eab
2021-09-16 19:35:09,387 [grpc-default-executor-0] INFO  server.RaftServer$Division (ServerState.java:setLeader(285)) - e8f13dfe-2d88-44e3-8dd8-bc613bb80fa9@group-D3A07527D82D: change Leader from null to de4d5c13-4a27-410b-b35a-5584c5652eab at term 4 for appendEntries, leader elected after 20804ms
2021-09-16 19:35:09,403 [grpc-default-executor-0] INFO  server.RaftServer$Division (ServerState.java:setRaftConf(387)) - e8f13dfe-2d88-44e3-8dd8-bc613bb80fa9@group-D3A07527D82D: set configuration 0: [1226f225-3abd-46f9-90c8-da28d00f4d36|rpc:10.1.0.5:44993|dataStream:|priority:0, e8f13dfe-2d88-44e3-8dd8-bc613bb80fa9|rpc:10.1.0.5:42057|dataStream:|priority:0, de4d5c13-4a27-410b-b35a-5584c5652eab|rpc:10.1.0.5:33691|dataStream:|priority:1], old=null
2021-09-16 19:35:09,403 [grpc-default-executor-0] INFO  segmented.SegmentedRaftLogWorker (SegmentedRaftLogWorker.java:startLogSegment(394)) - e8f13dfe-2d88-44e3-8dd8-bc613bb80fa9@group-D3A07527D82D-SegmentedRaftLogWorker: Starting segment from index:0
2021-09-16 19:35:09,407 [e8f13dfe-2d88-44e3-8dd8-bc613bb80fa9@group-D3A07527D82D-SegmentedRaftLogWorker] INFO  segmented.SegmentedRaftLogWorker (SegmentedRaftLogWorker.java:execute(601)) - e8f13dfe-2d88-44e3-8dd8-bc613bb80fa9@group-D3A07527D82D-SegmentedRaftLogWorker: created new log segment /home/runner/work/ozone/ozone/hadoop-ozone/integration-test/target/test-dir/MiniOzoneClusterImpl-4c5ee767-53d0-43e8-b9fb-bc60904004ee/datanode-4/data/ratis/fe861425-d21f-4895-9738-d3a07527d82d/current/log_inprogress_0
2021-09-16 19:35:11,943 [22678529-1571-490a-85b9-2142d4a575d8@group-BBBDE90A5B3B-FollowerState] INFO  impl.FollowerState (FollowerState.java:run(134)) - 22678529-1571-490a-85b9-2142d4a575d8@group-BBBDE90A5B3B-FollowerState: change to CANDIDATE, lastRpcElapsedTime:5138616301ns, electionTimeout:5111ms
2021-09-16 19:35:11,943 [22678529-1571-490a-85b9-2142d4a575d8@group-BBBDE90A5B3B-FollowerState] INFO  impl.RoleInfo (RoleInfo.java:shutdownFollowerState(108)) - 22678529-1571-490a-85b9-2142d4a575d8: shutdown 22678529-1571-490a-85b9-2142d4a575d8@group-BBBDE90A5B3B-FollowerState
2021-09-16 19:35:11,943 [22678529-1571-490a-85b9-2142d4a575d8@group-BBBDE90A5B3B-FollowerState] INFO  server.RaftServer$Division (RaftServerImpl.java:setRole(285)) - 22678529-1571-490a-85b9-2142d4a575d8@group-BBBDE90A5B3B: changes role from  FOLLOWER to CANDIDATE at term 4 for changeToCandidate
2021-09-16 19:35:11,943 [22678529-1571-490a-85b9-2142d4a575d8@group-BBBDE90A5B3B-FollowerState] INFO  server.RaftServerConfigKeys (ConfUtils.java:logGet(44)) - raft.server.leaderelection.pre-vote = false (custom)
2021-09-16 19:35:11,943 [22678529-1571-490a-85b9-2142d4a575d8@group-BBBDE90A5B3B-FollowerState] INFO  impl.RoleInfo (RoleInfo.java:updateAndGet(130)) - 22678529-1571-490a-85b9-2142d4a575d8: start 22678529-1571-490a-85b9-2142d4a575d8@group-BBBDE90A5B3B-LeaderElection112
2021-09-16 19:35:11,993 [22678529-1571-490a-85b9-2142d4a575d8@group-BBBDE90A5B3B-LeaderElection112] INFO  impl.LeaderElection (LeaderElection.java:askForVotes(306)) - 22678529-1571-490a-85b9-2142d4a575d8@group-BBBDE90A5B3B-LeaderElection112 ELECTION round 0: submit vote requests at term 5 for -1: [d325862d-5d90-442e-bb25-5d4329348a89|rpc:10.1.0.5:42511|priority:0, 17c51919-b33f-4a5f-9a86-1e5ebe529257|rpc:10.1.0.5:40963|priority:1, 22678529-1571-490a-85b9-2142d4a575d8|rpc:10.1.0.5:32787|priority:0], old=null
2021-09-16 19:35:12,007 [grpc-default-executor-0] INFO  server.RaftServer$Division (RaftServerImpl.java:requestVote(1043)) - d325862d-5d90-442e-bb25-5d4329348a89@group-BBBDE90A5B3B: receive requestVote(ELECTION, 22678529-1571-490a-85b9-2142d4a575d8, group-BBBDE90A5B3B, 5, (t:0, i:0))
2021-09-16 19:35:12,007 [grpc-default-executor-0] INFO  impl.VoteContext (VoteContext.java:log(48)) - d325862d-5d90-442e-bb25-5d4329348a89@group-BBBDE90A5B3B-FOLLOWER: accept ELECTION from 22678529-1571-490a-85b9-2142d4a575d8: our priority 0 <= candidate's priority 0
2021-09-16 19:35:12,007 [grpc-default-executor-0] INFO  server.RaftServer$Division (RaftServerImpl.java:setRole(285)) - d325862d-5d90-442e-bb25-5d4329348a89@group-BBBDE90A5B3B: changes role from  FOLLOWER to FOLLOWER at term 5 for candidate:22678529-1571-490a-85b9-2142d4a575d8
2021-09-16 19:35:12,007 [grpc-default-executor-0] INFO  impl.RoleInfo (RoleInfo.java:shutdownFollowerState(108)) - d325862d-5d90-442e-bb25-5d4329348a89: shutdown d325862d-5d90-442e-bb25-5d4329348a89@group-BBBDE90A5B3B-FollowerState
2021-09-16 19:35:12,011 [grpc-default-executor-0] INFO  impl.RoleInfo (RoleInfo.java:updateAndGet(130)) - d325862d-5d90-442e-bb25-5d4329348a89: start d325862d-5d90-442e-bb25-5d4329348a89@group-BBBDE90A5B3B-FollowerState
2021-09-16 19:35:12,012 [d325862d-5d90-442e-bb25-5d4329348a89@group-BBBDE90A5B3B-FollowerState] INFO  impl.FollowerState (FollowerState.java:run(143)) - d325862d-5d90-442e-bb25-5d4329348a89@group-BBBDE90A5B3B-FollowerState was interrupted: {}
java.lang.InterruptedException: sleep interrupted
	at java.lang.Thread.sleep(Native Method)
	at java.lang.Thread.sleep(Thread.java:340)
	at java.util.concurrent.TimeUnit.sleep(TimeUnit.java:386)
	at org.apache.ratis.util.TimeDuration.sleep(TimeDuration.java:324)
	at org.apache.ratis.util.TimeDuration.sleep(TimeDuration.java:309)
	at org.apache.ratis.server.impl.FollowerState.run(FollowerState.java:118)
2021-09-16 19:35:12,021 [17c51919-b33f-4a5f-9a86-1e5ebe529257@group-BBBDE90A5B3B-FollowerState] INFO  impl.FollowerState (FollowerState.java:run(134)) - 17c51919-b33f-4a5f-9a86-1e5ebe529257@group-BBBDE90A5B3B-FollowerState: change to CANDIDATE, lastRpcElapsedTime:5132024593ns, electionTimeout:5123ms
2021-09-16 19:35:12,021 [17c51919-b33f-4a5f-9a86-1e5ebe529257@group-BBBDE90A5B3B-FollowerState] INFO  impl.RoleInfo (RoleInfo.java:shutdownFollowerState(108)) - 17c51919-b33f-4a5f-9a86-1e5ebe529257: shutdown 17c51919-b33f-4a5f-9a86-1e5ebe529257@group-BBBDE90A5B3B-FollowerState
2021-09-16 19:35:12,021 [17c51919-b33f-4a5f-9a86-1e5ebe529257@group-BBBDE90A5B3B-FollowerState] INFO  server.RaftServer$Division (RaftServerImpl.java:setRole(285)) - 17c51919-b33f-4a5f-9a86-1e5ebe529257@group-BBBDE90A5B3B: changes role from  FOLLOWER to CANDIDATE at term 4 for changeToCandidate
2021-09-16 19:35:12,024 [grpc-default-executor-3] INFO  server.RaftServer$Division (RaftServerImpl.java:requestVote(1043)) - 17c51919-b33f-4a5f-9a86-1e5ebe529257@group-BBBDE90A5B3B: receive requestVote(ELECTION, 22678529-1571-490a-85b9-2142d4a575d8, group-BBBDE90A5B3B, 5, (t:0, i:0))
2021-09-16 19:35:12,040 [grpc-default-executor-0] INFO  server.RaftServer$Division (RaftServerImpl.java:requestVote(1075)) - d325862d-5d90-442e-bb25-5d4329348a89@group-BBBDE90A5B3B replies to ELECTION vote request: 22678529-1571-490a-85b9-2142d4a575d8<-d325862d-5d90-442e-bb25-5d4329348a89#0:OK-t5. Peer's state: d325862d-5d90-442e-bb25-5d4329348a89@group-BBBDE90A5B3B:t5, leader=null, voted=22678529-1571-490a-85b9-2142d4a575d8, raftlog=d325862d-5d90-442e-bb25-5d4329348a89@group-BBBDE90A5B3B-SegmentedRaftLog:OPENED:c-1,f-1,i0, conf=-1: [d325862d-5d90-442e-bb25-5d4329348a89|rpc:10.1.0.5:42511|dataStream:|priority:0, 17c51919-b33f-4a5f-9a86-1e5ebe529257|rpc:10.1.0.5:40963|dataStream:|priority:1, 22678529-1571-490a-85b9-2142d4a575d8|rpc:10.1.0.5:32787|dataStream:|priority:0], old=null
2021-09-16 19:35:12,049 [17c51919-b33f-4a5f-9a86-1e5ebe529257@group-BBBDE90A5B3B-FollowerState] INFO  server.RaftServerConfigKeys (ConfUtils.java:logGet(44)) - raft.server.leaderelection.pre-vote = false (custom)
2021-09-16 19:35:12,049 [17c51919-b33f-4a5f-9a86-1e5ebe529257@group-BBBDE90A5B3B-FollowerState] INFO  impl.RoleInfo (RoleInfo.java:updateAndGet(130)) - 17c51919-b33f-4a5f-9a86-1e5ebe529257: start 17c51919-b33f-4a5f-9a86-1e5ebe529257@group-BBBDE90A5B3B-LeaderElection113
2021-09-16 19:35:12,103 [grpc-default-executor-3] INFO  impl.VoteContext (VoteContext.java:log(48)) - 17c51919-b33f-4a5f-9a86-1e5ebe529257@group-BBBDE90A5B3B-CANDIDATE: reject ELECTION from 22678529-1571-490a-85b9-2142d4a575d8: our last entry (t:2, i:0) > candidate's last entry (t:0, i:0)
2021-09-16 19:35:12,104 [grpc-default-executor-3] INFO  server.RaftServer$Division (RaftServerImpl.java:setRole(285)) - 17c51919-b33f-4a5f-9a86-1e5ebe529257@group-BBBDE90A5B3B: changes role from CANDIDATE to FOLLOWER at term 5 for candidate:22678529-1571-490a-85b9-2142d4a575d8
2021-09-16 19:35:12,104 [grpc-default-executor-3] INFO  impl.RoleInfo (RoleInfo.java:shutdownLeaderElection(121)) - 17c51919-b33f-4a5f-9a86-1e5ebe529257: shutdown 17c51919-b33f-4a5f-9a86-1e5ebe529257@group-BBBDE90A5B3B-LeaderElection113
2021-09-16 19:35:12,104 [grpc-default-executor-3] INFO  impl.RoleInfo (RoleInfo.java:updateAndGet(130)) - 17c51919-b33f-4a5f-9a86-1e5ebe529257: start 17c51919-b33f-4a5f-9a86-1e5ebe529257@group-BBBDE90A5B3B-FollowerState
2021-09-16 19:35:12,108 [grpc-default-executor-3] INFO  server.RaftServer$Division (RaftServerImpl.java:requestVote(1075)) - 17c51919-b33f-4a5f-9a86-1e5ebe529257@group-BBBDE90A5B3B replies to ELECTION vote request: 22678529-1571-490a-85b9-2142d4a575d8<-17c51919-b33f-4a5f-9a86-1e5ebe529257#0:FAIL-t5. Peer's state: 17c51919-b33f-4a5f-9a86-1e5ebe529257@group-BBBDE90A5B3B:t5, leader=null, voted=null, raftlog=17c51919-b33f-4a5f-9a86-1e5ebe529257@group-BBBDE90A5B3B-SegmentedRaftLog:OPENED:c-1,f0,i0, conf=0: [d325862d-5d90-442e-bb25-5d4329348a89|rpc:10.1.0.5:42511|dataStream:|priority:0, 17c51919-b33f-4a5f-9a86-1e5ebe529257|rpc:10.1.0.5:40963|dataStream:|priority:1, 22678529-1571-490a-85b9-2142d4a575d8|rpc:10.1.0.5:32787|dataStream:|priority:0], old=null
2021-09-16 19:35:12,109 [22678529-1571-490a-85b9-2142d4a575d8@group-BBBDE90A5B3B-LeaderElection112] INFO  impl.LeaderElection (LeaderElection.java:logAndReturn(89)) - 22678529-1571-490a-85b9-2142d4a575d8@group-BBBDE90A5B3B-LeaderElection112: ELECTION REJECTED received 2 response(s) and 0 exception(s):
2021-09-16 19:35:12,109 [22678529-1571-490a-85b9-2142d4a575d8@group-BBBDE90A5B3B-LeaderElection112] INFO  impl.LeaderElection (LeaderElection.java:logAndReturn(93)) -   Response 0: 22678529-1571-490a-85b9-2142d4a575d8<-d325862d-5d90-442e-bb25-5d4329348a89#0:OK-t5
2021-09-16 19:35:12,109 [22678529-1571-490a-85b9-2142d4a575d8@group-BBBDE90A5B3B-LeaderElection112] INFO  impl.LeaderElection (LeaderElection.java:logAndReturn(93)) -   Response 1: 22678529-1571-490a-85b9-2142d4a575d8<-17c51919-b33f-4a5f-9a86-1e5ebe529257#0:FAIL-t5
2021-09-16 19:35:12,109 [22678529-1571-490a-85b9-2142d4a575d8@group-BBBDE90A5B3B-LeaderElection112] INFO  impl.LeaderElection (LeaderElection.java:askForVotes(308)) - 22678529-1571-490a-85b9-2142d4a575d8@group-BBBDE90A5B3B-LeaderElection112 ELECTION round 0: result REJECTED
2021-09-16 19:35:12,109 [22678529-1571-490a-85b9-2142d4a575d8@group-BBBDE90A5B3B-LeaderElection112] INFO  server.RaftServer$Division (RaftServerImpl.java:setRole(285)) - 22678529-1571-490a-85b9-2142d4a575d8@group-BBBDE90A5B3B: changes role from CANDIDATE to FOLLOWER at term 5 for REJECTED
2021-09-16 19:35:12,109 [22678529-1571-490a-85b9-2142d4a575d8@group-BBBDE90A5B3B-LeaderElection112] INFO  impl.RoleInfo (RoleInfo.java:shutdownLeaderElection(121)) - 22678529-1571-490a-85b9-2142d4a575d8: shutdown 22678529-1571-490a-85b9-2142d4a575d8@group-BBBDE90A5B3B-LeaderElection112
2021-09-16 19:35:12,109 [22678529-1571-490a-85b9-2142d4a575d8@group-BBBDE90A5B3B-LeaderElection112] INFO  impl.RoleInfo (RoleInfo.java:updateAndGet(130)) - 22678529-1571-490a-85b9-2142d4a575d8: start 22678529-1571-490a-85b9-2142d4a575d8@group-BBBDE90A5B3B-FollowerState
2021-09-16 19:35:16,542 [Listener at 127.0.0.1/43789] INFO  ozone.MiniOzoneClusterImpl (MiniOzoneClusterImpl.java:shutdown(453)) - Shutting down the Mini Ozone Cluster
2021-09-16 19:35:16,542 [Listener at 127.0.0.1/43789] INFO  ozone.MiniOzoneClusterImpl (MiniOzoneClusterImpl.java:stop(468)) - Stopping the Mini Ozone Cluster
2021-09-16 19:35:16,542 [Listener at 127.0.0.1/43789] INFO  ozone.MiniOzoneClusterImpl (MiniOzoneClusterImpl.java:stopOM(550)) - Stopping the OzoneManager
2021-09-16 19:35:16,542 [Listener at 127.0.0.1/43789] INFO  om.OzoneManager (OzoneManager.java:stop(1644)) - Stopping Ozone Manager
2021-09-16 19:35:16,542 [Listener at 127.0.0.1/43789] INFO  ipc.Server (Server.java:stop(3414)) - Stopping server on 43789
2021-09-16 19:35:16,607 [IPC Server listener on 0] INFO  ipc.Server (Server.java:run(1376)) - Stopping IPC Server listener on 0
2021-09-16 19:35:16,607 [IPC Server Responder] INFO  ipc.Server (Server.java:run(1512)) - Stopping IPC Server Responder
2021-09-16 19:35:16,607 [Listener at 127.0.0.1/43789] INFO  server.RaftServer (RaftServerProxy.java:lambda$close$6(391)) - om1: close
2021-09-16 19:35:16,608 [Listener at 127.0.0.1/43789] INFO  server.RaftServer$Division (RaftServerImpl.java:lambda$close$4(407)) - om1@group-C5BA1605619E: shutdown
2021-09-16 19:35:16,608 [Listener at 127.0.0.1/43789] INFO  util.JmxRegister (JmxRegister.java:unregister(73)) - Successfully un-registered JMX Bean with object name Ratis:service=RaftServer,group=group-C5BA1605619E,id=om1
2021-09-16 19:35:16,608 [Listener at 127.0.0.1/43789] INFO  impl.RoleInfo (RoleInfo.java:shutdownLeaderState(91)) - om1: shutdown om1@group-C5BA1605619E-LeaderStateImpl
2021-09-16 19:35:16,608 [Listener at 127.0.0.1/43789] INFO  impl.PendingRequests (PendingRequests.java:sendNotLeaderResponses(282)) - om1@group-C5BA1605619E-PendingRequests: sendNotLeaderResponses
2021-09-16 19:35:16,612 [Listener at 127.0.0.1/43789] INFO  impl.StateMachineUpdater (StateMachineUpdater.java:stopAndJoin(149)) - om1@group-C5BA1605619E-StateMachineUpdater: set stopIndex = 4
2021-09-16 19:35:16,612 [om1@group-C5BA1605619E-StateMachineUpdater] INFO  ratis.OzoneManagerStateMachine (OzoneManagerStateMachine.java:takeSnapshot(417)) - Current Snapshot Index (t:1, i:4)
2021-09-16 19:35:16,612 [om1@group-C5BA1605619E-StateMachineUpdater] INFO  impl.StateMachineUpdater (StateMachineUpdater.java:takeSnapshot(281)) - om1@group-C5BA1605619E-StateMachineUpdater: Took a snapshot at index 4
2021-09-16 19:35:16,612 [om1@group-C5BA1605619E-StateMachineUpdater] INFO  impl.StateMachineUpdater (StateMachineUpdater.java:lambda$new$0(89)) - om1@group-C5BA1605619E-StateMachineUpdater: snapshotIndex: updateIncreasingly -1 -> 4
2021-09-16 19:35:16,612 [om1@group-C5BA1605619E-StateMachineUpdater] INFO  ratis.OzoneManagerStateMachine (OzoneManagerStateMachine.java:close(471)) - StateMachine has shutdown. Shutdown OzoneManager if not already shutdown.
2021-09-16 19:35:16,613 [Listener at 127.0.0.1/43789] INFO  server.RaftServer$Division (ServerState.java:close(419)) - om1@group-C5BA1605619E: closes. applyIndex: 4
2021-09-16 19:35:16,613 [om1@group-C5BA1605619E-SegmentedRaftLogWorker] INFO  segmented.SegmentedRaftLogWorker (SegmentedRaftLogWorker.java:run(327)) - om1@group-C5BA1605619E-SegmentedRaftLogWorker was interrupted, exiting. There are 0 tasks remaining in the queue.
2021-09-16 19:35:16,621 [Listener at 127.0.0.1/43789] INFO  segmented.SegmentedRaftLogWorker (SegmentedRaftLogWorker.java:close(237)) - om1@group-C5BA1605619E-SegmentedRaftLogWorker close()
2021-09-16 19:35:16,663 [Listener at 127.0.0.1/43789] INFO  server.GrpcService (GrpcService.java:closeImpl(262)) - om1: shutdown server with port 9872 now
2021-09-16 19:35:16,663 [Listener at 127.0.0.1/43789] INFO  server.GrpcService (GrpcService.java:closeImpl(271)) - om1: shutdown server with port 9872 successfully
2021-09-16 19:35:16,663 [org.apache.ratis.util.JvmPauseMonitor$$Lambda$531/459885056@52502ca4] INFO  util.JvmPauseMonitor (JvmPauseMonitor.java:run(109)) - JvmPauseMonitor-om1: Stopped
2021-09-16 19:35:16,666 [Listener at 127.0.0.1/43789] INFO  ratis.OzoneManagerDoubleBuffer (OzoneManagerDoubleBuffer.java:stop(437)) - Stopping OMDoubleBuffer flush thread
2021-09-16 19:35:16,666 [OMDoubleBufferFlushThread] INFO  ratis.OzoneManagerDoubleBuffer (OzoneManagerDoubleBuffer.java:flushTransactions(356)) - OMDoubleBuffer flush thread OMDoubleBufferFlushThread is interrupted and will exit. OMDoubleBufferFlushThread
2021-09-16 19:35:16,667 [Listener at 127.0.0.1/43789] INFO  utils.BackgroundService (BackgroundService.java:shutdown(132)) - Shutting down service KeyDeletingService
2021-09-16 19:35:16,667 [Listener at 127.0.0.1/43789] INFO  handler.ContextHandler (ContextHandler.java:doStop(1153)) - Stopped o.e.j.w.WebAppContext@2c818772{ozoneManager,/,null,STOPPED}{file:/home/runner/work/ozone/ozone/hadoop-ozone/integration-test/target/test-classes/webapps/ozoneManager}
2021-09-16 19:35:16,668 [Listener at 127.0.0.1/43789] INFO  server.AbstractConnector (AbstractConnector.java:doStop(381)) - Stopped ServerConnector@b7d2369{HTTP/1.1, (http/1.1)}{0.0.0.0:0}
2021-09-16 19:35:16,668 [Listener at 127.0.0.1/43789] INFO  server.session (HouseKeeper.java:stopScavenging(149)) - node0 Stopped scavenging
2021-09-16 19:35:16,668 [Listener at 127.0.0.1/43789] INFO  handler.ContextHandler (ContextHandler.java:doStop(1153)) - Stopped o.e.j.s.ServletContextHandler@c20d03e{static,/static,file:///home/runner/work/ozone/ozone/hadoop-ozone/integration-test/target/test-classes/webapps/static,STOPPED}
2021-09-16 19:35:16,668 [Listener at 127.0.0.1/43789] INFO  handler.ContextHandler (ContextHandler.java:doStop(1153)) - Stopped o.e.j.s.ServletContextHandler@6e35df79{logs,/logs,file:///home/runner/work/ozone/ozone/hadoop-ozone/integration-test/target/log,STOPPED}
2021-09-16 19:35:16,678 [Listener at 127.0.0.1/43789] INFO  ozone.MiniOzoneClusterImpl (MiniOzoneClusterImpl.java:stopDatanodes(527)) - Stopping the HddsDatanodes
2021-09-16 19:35:17,200 [d325862d-5d90-442e-bb25-5d4329348a89@group-BBBDE90A5B3B-FollowerState] INFO  impl.FollowerState (FollowerState.java:run(134)) - d325862d-5d90-442e-bb25-5d4329348a89@group-BBBDE90A5B3B-FollowerState: change to CANDIDATE, lastRpcElapsedTime:5160388107ns, electionTimeout:5160ms
2021-09-16 19:35:17,200 [d325862d-5d90-442e-bb25-5d4329348a89@group-BBBDE90A5B3B-FollowerState] INFO  impl.RoleInfo (RoleInfo.java:shutdownFollowerState(108)) - d325862d-5d90-442e-bb25-5d4329348a89: shutdown d325862d-5d90-442e-bb25-5d4329348a89@group-BBBDE90A5B3B-FollowerState
2021-09-16 19:35:17,201 [d325862d-5d90-442e-bb25-5d4329348a89@group-BBBDE90A5B3B-FollowerState] INFO  server.RaftServer$Division (RaftServerImpl.java:setRole(285)) - d325862d-5d90-442e-bb25-5d4329348a89@group-BBBDE90A5B3B: changes role from  FOLLOWER to CANDIDATE at term 5 for changeToCandidate
2021-09-16 19:35:17,201 [d325862d-5d90-442e-bb25-5d4329348a89@group-BBBDE90A5B3B-FollowerState] INFO  server.RaftServerConfigKeys (ConfUtils.java:logGet(44)) - raft.server.leaderelection.pre-vote = false (custom)
2021-09-16 19:35:17,201 [d325862d-5d90-442e-bb25-5d4329348a89@group-BBBDE90A5B3B-FollowerState] INFO  impl.RoleInfo (RoleInfo.java:updateAndGet(130)) - d325862d-5d90-442e-bb25-5d4329348a89: start d325862d-5d90-442e-bb25-5d4329348a89@group-BBBDE90A5B3B-LeaderElection114
2021-09-16 19:35:17,203 [d325862d-5d90-442e-bb25-5d4329348a89@group-BBBDE90A5B3B-LeaderElection114] INFO  impl.LeaderElection (LeaderElection.java:askForVotes(306)) - d325862d-5d90-442e-bb25-5d4329348a89@group-BBBDE90A5B3B-LeaderElection114 ELECTION round 0: submit vote requests at term 6 for -1: [d325862d-5d90-442e-bb25-5d4329348a89|rpc:10.1.0.5:42511|dataStream:|priority:0, 17c51919-b33f-4a5f-9a86-1e5ebe529257|rpc:10.1.0.5:40963|dataStream:|priority:1, 22678529-1571-490a-85b9-2142d4a575d8|rpc:10.1.0.5:32787|dataStream:|priority:0], old=null
2021-09-16 19:35:17,211 [grpc-default-executor-5] INFO  server.RaftServer$Division (RaftServerImpl.java:requestVote(1043)) - 17c51919-b33f-4a5f-9a86-1e5ebe529257@group-BBBDE90A5B3B: receive requestVote(ELECTION, d325862d-5d90-442e-bb25-5d4329348a89, group-BBBDE90A5B3B, 6, (t:0, i:0))
2021-09-16 19:35:17,211 [grpc-default-executor-5] INFO  impl.VoteContext (VoteContext.java:log(48)) - 17c51919-b33f-4a5f-9a86-1e5ebe529257@group-BBBDE90A5B3B-FOLLOWER: reject ELECTION from d325862d-5d90-442e-bb25-5d4329348a89: our last entry (t:2, i:0) > candidate's last entry (t:0, i:0)
2021-09-16 19:35:17,211 [grpc-default-executor-5] INFO  server.RaftServer$Division (RaftServerImpl.java:setRole(285)) - 17c51919-b33f-4a5f-9a86-1e5ebe529257@group-BBBDE90A5B3B: changes role from  FOLLOWER to FOLLOWER at term 6 for candidate:d325862d-5d90-442e-bb25-5d4329348a89
2021-09-16 19:35:17,211 [grpc-default-executor-5] INFO  impl.RoleInfo (RoleInfo.java:shutdownFollowerState(108)) - 17c51919-b33f-4a5f-9a86-1e5ebe529257: shutdown 17c51919-b33f-4a5f-9a86-1e5ebe529257@group-BBBDE90A5B3B-FollowerState
2021-09-16 19:35:17,227 [grpc-default-executor-3] INFO  server.RaftServer$Division (RaftServerImpl.java:requestVote(1043)) - 22678529-1571-490a-85b9-2142d4a575d8@group-BBBDE90A5B3B: receive requestVote(ELECTION, d325862d-5d90-442e-bb25-5d4329348a89, group-BBBDE90A5B3B, 6, (t:0, i:0))
2021-09-16 19:35:17,227 [grpc-default-executor-3] INFO  impl.VoteContext (VoteContext.java:log(48)) - 22678529-1571-490a-85b9-2142d4a575d8@group-BBBDE90A5B3B-FOLLOWER: accept ELECTION from d325862d-5d90-442e-bb25-5d4329348a89: our priority 0 <= candidate's priority 0
2021-09-16 19:35:17,227 [grpc-default-executor-3] INFO  server.RaftServer$Division (RaftServerImpl.java:setRole(285)) - 22678529-1571-490a-85b9-2142d4a575d8@group-BBBDE90A5B3B: changes role from  FOLLOWER to FOLLOWER at term 6 for candidate:d325862d-5d90-442e-bb25-5d4329348a89
2021-09-16 19:35:17,227 [grpc-default-executor-3] INFO  impl.RoleInfo (RoleInfo.java:shutdownFollowerState(108)) - 22678529-1571-490a-85b9-2142d4a575d8: shutdown 22678529-1571-490a-85b9-2142d4a575d8@group-BBBDE90A5B3B-FollowerState
2021-09-16 19:35:17,227 [grpc-default-executor-3] INFO  impl.RoleInfo (RoleInfo.java:updateAndGet(130)) - 22678529-1571-490a-85b9-2142d4a575d8: start 22678529-1571-490a-85b9-2142d4a575d8@group-BBBDE90A5B3B-FollowerState
2021-09-16 19:35:17,228 [grpc-default-executor-5] INFO  impl.RoleInfo (RoleInfo.java:updateAndGet(130)) - 17c51919-b33f-4a5f-9a86-1e5ebe529257: start 17c51919-b33f-4a5f-9a86-1e5ebe529257@group-BBBDE90A5B3B-FollowerState
2021-09-16 19:35:17,229 [17c51919-b33f-4a5f-9a86-1e5ebe529257@group-BBBDE90A5B3B-FollowerState] INFO  impl.FollowerState (FollowerState.java:run(143)) - 17c51919-b33f-4a5f-9a86-1e5ebe529257@group-BBBDE90A5B3B-FollowerState was interrupted: {}
java.lang.InterruptedException: sleep interrupted
	at java.lang.Thread.sleep(Native Method)
	at java.lang.Thread.sleep(Thread.java:340)
	at java.util.concurrent.TimeUnit.sleep(TimeUnit.java:386)
	at org.apache.ratis.util.TimeDuration.sleep(TimeDuration.java:324)
	at org.apache.ratis.util.TimeDuration.sleep(TimeDuration.java:309)
	at org.apache.ratis.server.impl.FollowerState.run(FollowerState.java:118)
2021-09-16 19:35:17,236 [22678529-1571-490a-85b9-2142d4a575d8@group-BBBDE90A5B3B-FollowerState] INFO  impl.FollowerState (FollowerState.java:run(143)) - 22678529-1571-490a-85b9-2142d4a575d8@group-BBBDE90A5B3B-FollowerState was interrupted: {}
java.lang.InterruptedException: sleep interrupted
	at java.lang.Thread.sleep(Native Method)
	at java.lang.Thread.sleep(Thread.java:340)
	at java.util.concurrent.TimeUnit.sleep(TimeUnit.java:386)
	at org.apache.ratis.util.TimeDuration.sleep(TimeDuration.java:324)
	at org.apache.ratis.util.TimeDuration.sleep(TimeDuration.java:309)
	at org.apache.ratis.server.impl.FollowerState.run(FollowerState.java:118)
2021-09-16 19:35:17,262 [grpc-default-executor-3] INFO  server.RaftServer$Division (RaftServerImpl.java:requestVote(1075)) - 22678529-1571-490a-85b9-2142d4a575d8@group-BBBDE90A5B3B replies to ELECTION vote request: d325862d-5d90-442e-bb25-5d4329348a89<-22678529-1571-490a-85b9-2142d4a575d8#0:OK-t6. Peer's state: 22678529-1571-490a-85b9-2142d4a575d8@group-BBBDE90A5B3B:t6, leader=null, voted=d325862d-5d90-442e-bb25-5d4329348a89, raftlog=22678529-1571-490a-85b9-2142d4a575d8@group-BBBDE90A5B3B-SegmentedRaftLog:OPENED:c-1,f-1,i0, conf=-1: [d325862d-5d90-442e-bb25-5d4329348a89|rpc:10.1.0.5:42511|priority:0, 17c51919-b33f-4a5f-9a86-1e5ebe529257|rpc:10.1.0.5:40963|priority:1, 22678529-1571-490a-85b9-2142d4a575d8|rpc:10.1.0.5:32787|priority:0], old=null
2021-09-16 19:35:17,322 [grpc-default-executor-5] INFO  server.RaftServer$Division (RaftServerImpl.java:requestVote(1075)) - 17c51919-b33f-4a5f-9a86-1e5ebe529257@group-BBBDE90A5B3B replies to ELECTION vote request: d325862d-5d90-442e-bb25-5d4329348a89<-17c51919-b33f-4a5f-9a86-1e5ebe529257#0:FAIL-t6. Peer's state: 17c51919-b33f-4a5f-9a86-1e5ebe529257@group-BBBDE90A5B3B:t6, leader=null, voted=null, raftlog=17c51919-b33f-4a5f-9a86-1e5ebe529257@group-BBBDE90A5B3B-SegmentedRaftLog:OPENED:c-1,f0,i0, conf=0: [d325862d-5d90-442e-bb25-5d4329348a89|rpc:10.1.0.5:42511|dataStream:|priority:0, 17c51919-b33f-4a5f-9a86-1e5ebe529257|rpc:10.1.0.5:40963|dataStream:|priority:1, 22678529-1571-490a-85b9-2142d4a575d8|rpc:10.1.0.5:32787|dataStream:|priority:0], old=null
2021-09-16 19:35:17,324 [d325862d-5d90-442e-bb25-5d4329348a89@group-BBBDE90A5B3B-LeaderElection114] INFO  impl.LeaderElection (LeaderElection.java:logAndReturn(89)) - d325862d-5d90-442e-bb25-5d4329348a89@group-BBBDE90A5B3B-LeaderElection114: ELECTION REJECTED received 1 response(s) and 0 exception(s):
2021-09-16 19:35:17,324 [d325862d-5d90-442e-bb25-5d4329348a89@group-BBBDE90A5B3B-LeaderElection114] INFO  impl.LeaderElection (LeaderElection.java:logAndReturn(93)) -   Response 0: d325862d-5d90-442e-bb25-5d4329348a89<-17c51919-b33f-4a5f-9a86-1e5ebe529257#0:FAIL-t6
2021-09-16 19:35:17,324 [d325862d-5d90-442e-bb25-5d4329348a89@group-BBBDE90A5B3B-LeaderElection114] INFO  impl.LeaderElection (LeaderElection.java:askForVotes(308)) - d325862d-5d90-442e-bb25-5d4329348a89@group-BBBDE90A5B3B-LeaderElection114 ELECTION round 0: result REJECTED
2021-09-16 19:35:17,324 [d325862d-5d90-442e-bb25-5d4329348a89@group-BBBDE90A5B3B-LeaderElection114] INFO  server.RaftServer$Division (RaftServerImpl.java:setRole(285)) - d325862d-5d90-442e-bb25-5d4329348a89@group-BBBDE90A5B3B: changes role from CANDIDATE to FOLLOWER at term 6 for REJECTED
2021-09-16 19:35:17,324 [d325862d-5d90-442e-bb25-5d4329348a89@group-BBBDE90A5B3B-LeaderElection114] INFO  impl.RoleInfo (RoleInfo.java:shutdownLeaderElection(121)) - d325862d-5d90-442e-bb25-5d4329348a89: shutdown d325862d-5d90-442e-bb25-5d4329348a89@group-BBBDE90A5B3B-LeaderElection114
2021-09-16 19:35:17,324 [d325862d-5d90-442e-bb25-5d4329348a89@group-BBBDE90A5B3B-LeaderElection114] INFO  impl.RoleInfo (RoleInfo.java:updateAndGet(130)) - d325862d-5d90-442e-bb25-5d4329348a89: start d325862d-5d90-442e-bb25-5d4329348a89@group-BBBDE90A5B3B-FollowerState
2021-09-16 19:35:21,682 [Listener at 127.0.0.1/43789] INFO  ozoneimpl.OzoneContainer (OzoneContainer.java:stop(325)) - Attempting to stop container services.
2021-09-16 19:35:21,686 [ForkJoinPool.commonPool-worker-1] INFO  ozoneimpl.OzoneContainer (OzoneContainer.java:stop(325)) - Attempting to stop container services.
2021-09-16 19:35:21,686 [ForkJoinPool.commonPool-worker-1] INFO  server.RaftServer (RaftServerProxy.java:lambda$close$6(391)) - 39314213-52f4-4d5f-8765-d5d2e351be65: close
2021-09-16 19:35:21,686 [ForkJoinPool.commonPool-worker-1] INFO  server.RaftServer$Division (RaftServerImpl.java:lambda$close$4(407)) - 39314213-52f4-4d5f-8765-d5d2e351be65@group-1B930CD1D13F: shutdown
2021-09-16 19:35:21,686 [ForkJoinPool.commonPool-worker-1] INFO  util.JmxRegister (JmxRegister.java:unregister(73)) - Successfully un-registered JMX Bean with object name Ratis:service=RaftServer,group=group-1B930CD1D13F,id=39314213-52f4-4d5f-8765-d5d2e351be65
2021-09-16 19:35:21,686 [ForkJoinPool.commonPool-worker-1] INFO  impl.RoleInfo (RoleInfo.java:shutdownFollowerState(108)) - 39314213-52f4-4d5f-8765-d5d2e351be65: shutdown 39314213-52f4-4d5f-8765-d5d2e351be65@group-1B930CD1D13F-FollowerState
2021-09-16 19:35:21,686 [ForkJoinPool.commonPool-worker-1] INFO  impl.StateMachineUpdater (StateMachineUpdater.java:stopAndJoin(149)) - 39314213-52f4-4d5f-8765-d5d2e351be65@group-1B930CD1D13F-StateMachineUpdater: set stopIndex = 0
2021-09-16 19:35:21,687 [39314213-52f4-4d5f-8765-d5d2e351be65@group-1B930CD1D13F-FollowerState] INFO  impl.FollowerState (FollowerState.java:run(143)) - 39314213-52f4-4d5f-8765-d5d2e351be65@group-1B930CD1D13F-FollowerState was interrupted: {}
java.lang.InterruptedException: sleep interrupted
	at java.lang.Thread.sleep(Native Method)
	at java.lang.Thread.sleep(Thread.java:340)
	at java.util.concurrent.TimeUnit.sleep(TimeUnit.java:386)
	at org.apache.ratis.util.TimeDuration.sleep(TimeDuration.java:324)
	at org.apache.ratis.util.TimeDuration.sleep(TimeDuration.java:309)
	at org.apache.ratis.server.impl.FollowerState.run(FollowerState.java:118)
2021-09-16 19:35:21,687 [39314213-52f4-4d5f-8765-d5d2e351be65@group-1B930CD1D13F-StateMachineUpdater] INFO  ratis.ContainerStateMachine (ContainerStateMachine.java:takeSnapshot(292)) - group-1B930CD1D13F: Taking a snapshot at:(t:3, i:0) file /home/runner/work/ozone/ozone/hadoop-ozone/integration-test/target/test-dir/MiniOzoneClusterImpl-4c5ee767-53d0-43e8-b9fb-bc60904004ee/datanode-2/data/ratis/0e782f45-a9a8-4288-8131-1b930cd1d13f/sm/snapshot.3_0
2021-09-16 19:35:21,687 [Listener at 127.0.0.1/43789] INFO  server.RaftServer (RaftServerProxy.java:lambda$close$6(391)) - e8f13dfe-2d88-44e3-8dd8-bc613bb80fa9: close
2021-09-16 19:35:21,688 [Listener at 127.0.0.1/43789] INFO  server.RaftServer$Division (RaftServerImpl.java:lambda$close$4(407)) - e8f13dfe-2d88-44e3-8dd8-bc613bb80fa9@group-D3A07527D82D: shutdown
2021-09-16 19:35:21,688 [Listener at 127.0.0.1/43789] INFO  util.JmxRegister (JmxRegister.java:unregister(73)) - Successfully un-registered JMX Bean with object name Ratis:service=RaftServer,group=group-D3A07527D82D,id=e8f13dfe-2d88-44e3-8dd8-bc613bb80fa9
2021-09-16 19:35:21,688 [Listener at 127.0.0.1/43789] INFO  impl.RoleInfo (RoleInfo.java:shutdownFollowerState(108)) - e8f13dfe-2d88-44e3-8dd8-bc613bb80fa9: shutdown e8f13dfe-2d88-44e3-8dd8-bc613bb80fa9@group-D3A07527D82D-FollowerState
2021-09-16 19:35:21,688 [Listener at 127.0.0.1/43789] INFO  impl.StateMachineUpdater (StateMachineUpdater.java:stopAndJoin(149)) - e8f13dfe-2d88-44e3-8dd8-bc613bb80fa9@group-D3A07527D82D-StateMachineUpdater: set stopIndex = 0
2021-09-16 19:35:21,688 [39314213-52f4-4d5f-8765-d5d2e351be65@group-1B930CD1D13F-StateMachineUpdater] INFO  ratis.ContainerStateMachine (ContainerStateMachine.java:takeSnapshot(303)) - group-1B930CD1D13F: Finished taking a snapshot at:(t:3, i:0) file:/home/runner/work/ozone/ozone/hadoop-ozone/integration-test/target/test-dir/MiniOzoneClusterImpl-4c5ee767-53d0-43e8-b9fb-bc60904004ee/datanode-2/data/ratis/0e782f45-a9a8-4288-8131-1b930cd1d13f/sm/snapshot.3_0 took: 2 ms
2021-09-16 19:35:21,689 [39314213-52f4-4d5f-8765-d5d2e351be65@group-1B930CD1D13F-StateMachineUpdater] INFO  impl.StateMachineUpdater (StateMachineUpdater.java:takeSnapshot(281)) - 39314213-52f4-4d5f-8765-d5d2e351be65@group-1B930CD1D13F-StateMachineUpdater: Took a snapshot at index 0
2021-09-16 19:35:21,689 [39314213-52f4-4d5f-8765-d5d2e351be65@group-1B930CD1D13F-StateMachineUpdater] INFO  impl.StateMachineUpdater (StateMachineUpdater.java:lambda$new$0(89)) - 39314213-52f4-4d5f-8765-d5d2e351be65@group-1B930CD1D13F-StateMachineUpdater: snapshotIndex: updateIncreasingly -1 -> 0
2021-09-16 19:35:21,688 [e8f13dfe-2d88-44e3-8dd8-bc613bb80fa9@group-D3A07527D82D-FollowerState] INFO  impl.FollowerState (FollowerState.java:run(143)) - e8f13dfe-2d88-44e3-8dd8-bc613bb80fa9@group-D3A07527D82D-FollowerState was interrupted: {}
java.lang.InterruptedException: sleep interrupted
	at java.lang.Thread.sleep(Native Method)
	at java.lang.Thread.sleep(Thread.java:340)
	at java.util.concurrent.TimeUnit.sleep(TimeUnit.java:386)
	at org.apache.ratis.util.TimeDuration.sleep(TimeDuration.java:324)
	at org.apache.ratis.util.TimeDuration.sleep(TimeDuration.java:309)
	at org.apache.ratis.server.impl.FollowerState.run(FollowerState.java:118)
2021-09-16 19:35:21,688 [e8f13dfe-2d88-44e3-8dd8-bc613bb80fa9@group-D3A07527D82D-StateMachineUpdater] INFO  ratis.ContainerStateMachine (ContainerStateMachine.java:takeSnapshot(292)) - group-D3A07527D82D: Taking a snapshot at:(t:4, i:0) file /home/runner/work/ozone/ozone/hadoop-ozone/integration-test/target/test-dir/MiniOzoneClusterImpl-4c5ee767-53d0-43e8-b9fb-bc60904004ee/datanode-4/data/ratis/fe861425-d21f-4895-9738-d3a07527d82d/sm/snapshot.4_0
2021-09-16 19:35:21,690 [ForkJoinPool.commonPool-worker-1] INFO  server.RaftServer$Division (ServerState.java:close(419)) - 39314213-52f4-4d5f-8765-d5d2e351be65@group-1B930CD1D13F: closes. applyIndex: 0
2021-09-16 19:35:21,690 [39314213-52f4-4d5f-8765-d5d2e351be65@group-1B930CD1D13F-SegmentedRaftLogWorker] INFO  segmented.SegmentedRaftLogWorker (SegmentedRaftLogWorker.java:run(327)) - 39314213-52f4-4d5f-8765-d5d2e351be65@group-1B930CD1D13F-SegmentedRaftLogWorker was interrupted, exiting. There are 0 tasks remaining in the queue.
2021-09-16 19:35:21,693 [ForkJoinPool.commonPool-worker-1] INFO  segmented.SegmentedRaftLogWorker (SegmentedRaftLogWorker.java:close(237)) - 39314213-52f4-4d5f-8765-d5d2e351be65@group-1B930CD1D13F-SegmentedRaftLogWorker close()
2021-09-16 19:35:21,705 [ForkJoinPool.commonPool-worker-1] INFO  server.RaftServer$Division (RaftServerImpl.java:lambda$close$4(407)) - 39314213-52f4-4d5f-8765-d5d2e351be65@group-B7AFA6FC76B7: shutdown
2021-09-16 19:35:21,705 [ForkJoinPool.commonPool-worker-1] INFO  util.JmxRegister (JmxRegister.java:unregister(73)) - Successfully un-registered JMX Bean with object name Ratis:service=RaftServer,group=group-B7AFA6FC76B7,id=39314213-52f4-4d5f-8765-d5d2e351be65
2021-09-16 19:35:21,706 [ForkJoinPool.commonPool-worker-1] INFO  impl.RoleInfo (RoleInfo.java:shutdownLeaderState(91)) - 39314213-52f4-4d5f-8765-d5d2e351be65: shutdown 39314213-52f4-4d5f-8765-d5d2e351be65@group-B7AFA6FC76B7-LeaderStateImpl
2021-09-16 19:35:21,706 [ForkJoinPool.commonPool-worker-1] INFO  impl.PendingRequests (PendingRequests.java:sendNotLeaderResponses(282)) - 39314213-52f4-4d5f-8765-d5d2e351be65@group-B7AFA6FC76B7-PendingRequests: sendNotLeaderResponses
2021-09-16 19:35:21,707 [ForkJoinPool.commonPool-worker-1] INFO  impl.StateMachineUpdater (StateMachineUpdater.java:stopAndJoin(149)) - 39314213-52f4-4d5f-8765-d5d2e351be65@group-B7AFA6FC76B7-StateMachineUpdater: set stopIndex = 0
2021-09-16 19:35:21,707 [39314213-52f4-4d5f-8765-d5d2e351be65@group-B7AFA6FC76B7-StateMachineUpdater] INFO  ratis.ContainerStateMachine (ContainerStateMachine.java:takeSnapshot(292)) - group-B7AFA6FC76B7: Taking a snapshot at:(t:1, i:0) file /home/runner/work/ozone/ozone/hadoop-ozone/integration-test/target/test-dir/MiniOzoneClusterImpl-4c5ee767-53d0-43e8-b9fb-bc60904004ee/datanode-2/data/ratis/64695d0d-8b33-42d3-94a7-b7afa6fc76b7/sm/snapshot.1_0
2021-09-16 19:35:21,718 [39314213-52f4-4d5f-8765-d5d2e351be65@group-B7AFA6FC76B7-StateMachineUpdater] INFO  ratis.ContainerStateMachine (ContainerStateMachine.java:takeSnapshot(303)) - group-B7AFA6FC76B7: Finished taking a snapshot at:(t:1, i:0) file:/home/runner/work/ozone/ozone/hadoop-ozone/integration-test/target/test-dir/MiniOzoneClusterImpl-4c5ee767-53d0-43e8-b9fb-bc60904004ee/datanode-2/data/ratis/64695d0d-8b33-42d3-94a7-b7afa6fc76b7/sm/snapshot.1_0 took: 11 ms
2021-09-16 19:35:21,718 [39314213-52f4-4d5f-8765-d5d2e351be65@group-B7AFA6FC76B7-StateMachineUpdater] INFO  impl.StateMachineUpdater (StateMachineUpdater.java:takeSnapshot(281)) - 39314213-52f4-4d5f-8765-d5d2e351be65@group-B7AFA6FC76B7-StateMachineUpdater: Took a snapshot at index 0
2021-09-16 19:35:21,718 [39314213-52f4-4d5f-8765-d5d2e351be65@group-B7AFA6FC76B7-StateMachineUpdater] INFO  impl.StateMachineUpdater (StateMachineUpdater.java:lambda$new$0(89)) - 39314213-52f4-4d5f-8765-d5d2e351be65@group-B7AFA6FC76B7-StateMachineUpdater: snapshotIndex: updateIncreasingly -1 -> 0
2021-09-16 19:35:21,722 [ForkJoinPool.commonPool-worker-1] INFO  server.RaftServer$Division (ServerState.java:close(419)) - 39314213-52f4-4d5f-8765-d5d2e351be65@group-B7AFA6FC76B7: closes. applyIndex: 0
2021-09-16 19:35:21,723 [39314213-52f4-4d5f-8765-d5d2e351be65@group-B7AFA6FC76B7-SegmentedRaftLogWorker] INFO  segmented.SegmentedRaftLogWorker (SegmentedRaftLogWorker.java:run(327)) - 39314213-52f4-4d5f-8765-d5d2e351be65@group-B7AFA6FC76B7-SegmentedRaftLogWorker was interrupted, exiting. There are 0 tasks remaining in the queue.
2021-09-16 19:35:21,742 [e8f13dfe-2d88-44e3-8dd8-bc613bb80fa9@group-D3A07527D82D-StateMachineUpdater] INFO  ratis.ContainerStateMachine (ContainerStateMachine.java:takeSnapshot(303)) - group-D3A07527D82D: Finished taking a snapshot at:(t:4, i:0) file:/home/runner/work/ozone/ozone/hadoop-ozone/integration-test/target/test-dir/MiniOzoneClusterImpl-4c5ee767-53d0-43e8-b9fb-bc60904004ee/datanode-4/data/ratis/fe861425-d21f-4895-9738-d3a07527d82d/sm/snapshot.4_0 took: 54 ms
2021-09-16 19:35:21,742 [e8f13dfe-2d88-44e3-8dd8-bc613bb80fa9@group-D3A07527D82D-StateMachineUpdater] INFO  impl.StateMachineUpdater (StateMachineUpdater.java:takeSnapshot(281)) - e8f13dfe-2d88-44e3-8dd8-bc613bb80fa9@group-D3A07527D82D-StateMachineUpdater: Took a snapshot at index 0
2021-09-16 19:35:21,742 [e8f13dfe-2d88-44e3-8dd8-bc613bb80fa9@group-D3A07527D82D-StateMachineUpdater] INFO  impl.StateMachineUpdater (StateMachineUpdater.java:lambda$new$0(89)) - e8f13dfe-2d88-44e3-8dd8-bc613bb80fa9@group-D3A07527D82D-StateMachineUpdater: snapshotIndex: updateIncreasingly -1 -> 0
2021-09-16 19:35:21,742 [Listener at 127.0.0.1/43789] INFO  server.RaftServer$Division (ServerState.java:close(419)) - e8f13dfe-2d88-44e3-8dd8-bc613bb80fa9@group-D3A07527D82D: closes. applyIndex: 0
2021-09-16 19:35:21,742 [e8f13dfe-2d88-44e3-8dd8-bc613bb80fa9@group-D3A07527D82D-SegmentedRaftLogWorker] INFO  segmented.SegmentedRaftLogWorker (SegmentedRaftLogWorker.java:run(327)) - e8f13dfe-2d88-44e3-8dd8-bc613bb80fa9@group-D3A07527D82D-SegmentedRaftLogWorker was interrupted, exiting. There are 0 tasks remaining in the queue.
2021-09-16 19:35:21,754 [ForkJoinPool.commonPool-worker-1] INFO  segmented.SegmentedRaftLogWorker (SegmentedRaftLogWorker.java:close(237)) - 39314213-52f4-4d5f-8765-d5d2e351be65@group-B7AFA6FC76B7-SegmentedRaftLogWorker close()
2021-09-16 19:35:21,754 [Listener at 127.0.0.1/43789] INFO  segmented.SegmentedRaftLogWorker (SegmentedRaftLogWorker.java:close(237)) - e8f13dfe-2d88-44e3-8dd8-bc613bb80fa9@group-D3A07527D82D-SegmentedRaftLogWorker close()
2021-09-16 19:35:21,762 [ForkJoinPool.commonPool-worker-1] INFO  server.GrpcService (GrpcService.java:closeImpl(262)) - 39314213-52f4-4d5f-8765-d5d2e351be65: shutdown server with port 40299 now
2021-09-16 19:35:21,763 [Listener at 127.0.0.1/43789] INFO  server.RaftServer$Division (RaftServerImpl.java:lambda$close$4(407)) - e8f13dfe-2d88-44e3-8dd8-bc613bb80fa9@group-43B6F6859F31: shutdown
2021-09-16 19:35:21,763 [Listener at 127.0.0.1/43789] INFO  util.JmxRegister (JmxRegister.java:unregister(73)) - Successfully un-registered JMX Bean with object name Ratis:service=RaftServer,group=group-43B6F6859F31,id=e8f13dfe-2d88-44e3-8dd8-bc613bb80fa9
2021-09-16 19:35:21,763 [Listener at 127.0.0.1/43789] INFO  impl.RoleInfo (RoleInfo.java:shutdownLeaderState(91)) - e8f13dfe-2d88-44e3-8dd8-bc613bb80fa9: shutdown e8f13dfe-2d88-44e3-8dd8-bc613bb80fa9@group-43B6F6859F31-LeaderStateImpl
2021-09-16 19:35:21,763 [Listener at 127.0.0.1/43789] INFO  impl.PendingRequests (PendingRequests.java:sendNotLeaderResponses(282)) - e8f13dfe-2d88-44e3-8dd8-bc613bb80fa9@group-43B6F6859F31-PendingRequests: sendNotLeaderResponses
2021-09-16 19:35:21,764 [Listener at 127.0.0.1/43789] INFO  impl.StateMachineUpdater (StateMachineUpdater.java:stopAndJoin(149)) - e8f13dfe-2d88-44e3-8dd8-bc613bb80fa9@group-43B6F6859F31-StateMachineUpdater: set stopIndex = 0
2021-09-16 19:35:21,765 [e8f13dfe-2d88-44e3-8dd8-bc613bb80fa9@group-43B6F6859F31-StateMachineUpdater] INFO  ratis.ContainerStateMachine (ContainerStateMachine.java:takeSnapshot(292)) - group-43B6F6859F31: Taking a snapshot at:(t:1, i:0) file /home/runner/work/ozone/ozone/hadoop-ozone/integration-test/target/test-dir/MiniOzoneClusterImpl-4c5ee767-53d0-43e8-b9fb-bc60904004ee/datanode-4/data/ratis/254d7187-a969-4d72-a6be-43b6f6859f31/sm/snapshot.1_0
2021-09-16 19:35:21,791 [e8f13dfe-2d88-44e3-8dd8-bc613bb80fa9@group-43B6F6859F31-StateMachineUpdater] INFO  ratis.ContainerStateMachine (ContainerStateMachine.java:takeSnapshot(303)) - group-43B6F6859F31: Finished taking a snapshot at:(t:1, i:0) file:/home/runner/work/ozone/ozone/hadoop-ozone/integration-test/target/test-dir/MiniOzoneClusterImpl-4c5ee767-53d0-43e8-b9fb-bc60904004ee/datanode-4/data/ratis/254d7187-a969-4d72-a6be-43b6f6859f31/sm/snapshot.1_0 took: 26 ms
2021-09-16 19:35:21,791 [e8f13dfe-2d88-44e3-8dd8-bc613bb80fa9@group-43B6F6859F31-StateMachineUpdater] INFO  impl.StateMachineUpdater (StateMachineUpdater.java:takeSnapshot(281)) - e8f13dfe-2d88-44e3-8dd8-bc613bb80fa9@group-43B6F6859F31-StateMachineUpdater: Took a snapshot at index 0
2021-09-16 19:35:21,791 [e8f13dfe-2d88-44e3-8dd8-bc613bb80fa9@group-43B6F6859F31-StateMachineUpdater] INFO  impl.StateMachineUpdater (StateMachineUpdater.java:lambda$new$0(89)) - e8f13dfe-2d88-44e3-8dd8-bc613bb80fa9@group-43B6F6859F31-StateMachineUpdater: snapshotIndex: updateIncreasingly -1 -> 0
2021-09-16 19:35:21,791 [Listener at 127.0.0.1/43789] INFO  server.RaftServer$Division (ServerState.java:close(419)) - e8f13dfe-2d88-44e3-8dd8-bc613bb80fa9@group-43B6F6859F31: closes. applyIndex: 0
2021-09-16 19:35:21,794 [e8f13dfe-2d88-44e3-8dd8-bc613bb80fa9@group-43B6F6859F31-SegmentedRaftLogWorker] INFO  segmented.SegmentedRaftLogWorker (SegmentedRaftLogWorker.java:run(327)) - e8f13dfe-2d88-44e3-8dd8-bc613bb80fa9@group-43B6F6859F31-SegmentedRaftLogWorker was interrupted, exiting. There are 0 tasks remaining in the queue.
2021-09-16 19:35:21,794 [grpc-default-executor-3] WARN  server.GrpcServerProtocolService (LogUtils.java:warn(122)) - 39314213-52f4-4d5f-8765-d5d2e351be65: installSnapshot onError, lastRequest: 63deab9d-b01f-425d-a78d-558263b66f1b->39314213-52f4-4d5f-8765-d5d2e351be65#1-t3,previous=(t:0, i:0),leaderCommit=-1,initializing? true,entries: size=1, first=(t:3, i:0), CONFIGURATIONENTRY: org.apache.ratis.thirdparty.io.grpc.StatusRuntimeException: CANCELLED: client cancelled
2021-09-16 19:35:21,794 [grpc-default-executor-3] WARN  server.GrpcLogAppender (LogUtils.java:warn(122)) - 63deab9d-b01f-425d-a78d-558263b66f1b@group-1B930CD1D13F->39314213-52f4-4d5f-8765-d5d2e351be65-AppendLogResponseHandler: Failed appendEntries: org.apache.ratis.thirdparty.io.grpc.StatusRuntimeException: CANCELLED: HTTP/2 error code: CANCEL
Received Rst Stream
2021-09-16 19:35:21,795 [grpc-default-executor-3] WARN  server.GrpcLogAppender (GrpcLogAppender.java:resetClient(111)) - 63deab9d-b01f-425d-a78d-558263b66f1b@group-1B930CD1D13F->39314213-52f4-4d5f-8765-d5d2e351be65-GrpcLogAppender: Leader has not got in touch with Follower 63deab9d-b01f-425d-a78d-558263b66f1b@group-1B930CD1D13F->39314213-52f4-4d5f-8765-d5d2e351be65(c0,m0,n1, attendVote=true, lastRpcSendTime=1950, lastRpcResponseTime=1876) yet, just keep nextIndex unchanged and retry.
2021-09-16 19:35:21,817 [Listener at 127.0.0.1/43789] INFO  segmented.SegmentedRaftLogWorker (SegmentedRaftLogWorker.java:close(237)) - e8f13dfe-2d88-44e3-8dd8-bc613bb80fa9@group-43B6F6859F31-SegmentedRaftLogWorker close()
2021-09-16 19:35:21,818 [Listener at 127.0.0.1/43789] INFO  server.GrpcService (GrpcService.java:closeImpl(262)) - e8f13dfe-2d88-44e3-8dd8-bc613bb80fa9: shutdown server with port 42057 now
2021-09-16 19:35:21,839 [grpc-default-executor-5] WARN  server.GrpcServerProtocolService (LogUtils.java:warn(122)) - e8f13dfe-2d88-44e3-8dd8-bc613bb80fa9: installSnapshot onError, lastRequest: de4d5c13-4a27-410b-b35a-5584c5652eab->e8f13dfe-2d88-44e3-8dd8-bc613bb80fa9#1-t4,previous=(t:0, i:0),leaderCommit=0,initializing? true,entries: size=1, first=(t:4, i:0), CONFIGURATIONENTRY: org.apache.ratis.thirdparty.io.grpc.StatusRuntimeException: CANCELLED: client cancelled
2021-09-16 19:35:21,842 [grpc-default-executor-0] WARN  server.GrpcLogAppender (LogUtils.java:warn(122)) - de4d5c13-4a27-410b-b35a-5584c5652eab@group-D3A07527D82D->e8f13dfe-2d88-44e3-8dd8-bc613bb80fa9-AppendLogResponseHandler: Failed appendEntries: org.apache.ratis.thirdparty.io.grpc.StatusRuntimeException: CANCELLED: HTTP/2 error code: CANCEL
Received Rst Stream
2021-09-16 19:35:21,842 [grpc-default-executor-0] WARN  server.GrpcLogAppender (GrpcLogAppender.java:resetClient(111)) - de4d5c13-4a27-410b-b35a-5584c5652eab@group-D3A07527D82D->e8f13dfe-2d88-44e3-8dd8-bc613bb80fa9-GrpcLogAppender: Leader has not got in touch with Follower de4d5c13-4a27-410b-b35a-5584c5652eab@group-D3A07527D82D->e8f13dfe-2d88-44e3-8dd8-bc613bb80fa9(c0,m0,n1, attendVote=true, lastRpcSendTime=2179, lastRpcResponseTime=2154) yet, just keep nextIndex unchanged and retry.
2021-09-16 19:35:21,842 [ForkJoinPool.commonPool-worker-1] INFO  server.GrpcService (GrpcService.java:closeImpl(271)) - 39314213-52f4-4d5f-8765-d5d2e351be65: shutdown server with port 40299 successfully
2021-09-16 19:35:21,842 [org.apache.ratis.util.JvmPauseMonitor$$Lambda$531/459885056@78426939] INFO  util.JvmPauseMonitor (JvmPauseMonitor.java:run(109)) - JvmPauseMonitor-39314213-52f4-4d5f-8765-d5d2e351be65: Stopped
2021-09-16 19:35:21,850 [Listener at 127.0.0.1/43789] INFO  server.GrpcService (GrpcService.java:closeImpl(271)) - e8f13dfe-2d88-44e3-8dd8-bc613bb80fa9: shutdown server with port 42057 successfully
2021-09-16 19:35:21,850 [org.apache.ratis.util.JvmPauseMonitor$$Lambda$531/459885056@58e6c6e3] INFO  util.JvmPauseMonitor (JvmPauseMonitor.java:run(109)) - JvmPauseMonitor-e8f13dfe-2d88-44e3-8dd8-bc613bb80fa9: Stopped
2021-09-16 19:35:21,895 [Listener at 127.0.0.1/43789] INFO  utils.BackgroundService (BackgroundService.java:shutdown(132)) - Shutting down service BlockDeletingService
2021-09-16 19:35:21,898 [ForkJoinPool.commonPool-worker-1] INFO  utils.BackgroundService (BackgroundService.java:shutdown(132)) - Shutting down service BlockDeletingService
2021-09-16 19:35:22,211 [grpc-default-executor-5] WARN  server.GrpcLogAppender (LogUtils.java:warn(122)) - de4d5c13-4a27-410b-b35a-5584c5652eab@group-D3A07527D82D->e8f13dfe-2d88-44e3-8dd8-bc613bb80fa9-AppendLogResponseHandler: Failed appendEntries: org.apache.ratis.thirdparty.io.grpc.StatusRuntimeException: UNAVAILABLE: io exception
2021-09-16 19:35:22,211 [grpc-default-executor-5] WARN  server.GrpcLogAppender (GrpcLogAppender.java:resetClient(111)) - de4d5c13-4a27-410b-b35a-5584c5652eab@group-D3A07527D82D->e8f13dfe-2d88-44e3-8dd8-bc613bb80fa9-GrpcLogAppender: Leader has not got in touch with Follower de4d5c13-4a27-410b-b35a-5584c5652eab@group-D3A07527D82D->e8f13dfe-2d88-44e3-8dd8-bc613bb80fa9(c0,m0,n1, attendVote=true, lastRpcSendTime=0, lastRpcResponseTime=2523) yet, just keep nextIndex unchanged and retry.
2021-09-16 19:35:22,348 [17c51919-b33f-4a5f-9a86-1e5ebe529257@group-BBBDE90A5B3B-FollowerState] INFO  impl.FollowerState (FollowerState.java:run(134)) - 17c51919-b33f-4a5f-9a86-1e5ebe529257@group-BBBDE90A5B3B-FollowerState: change to CANDIDATE, lastRpcElapsedTime:5119243887ns, electionTimeout:5026ms
2021-09-16 19:35:22,348 [17c51919-b33f-4a5f-9a86-1e5ebe529257@group-BBBDE90A5B3B-FollowerState] INFO  impl.RoleInfo (RoleInfo.java:shutdownFollowerState(108)) - 17c51919-b33f-4a5f-9a86-1e5ebe529257: shutdown 17c51919-b33f-4a5f-9a86-1e5ebe529257@group-BBBDE90A5B3B-FollowerState
2021-09-16 19:35:22,348 [17c51919-b33f-4a5f-9a86-1e5ebe529257@group-BBBDE90A5B3B-FollowerState] INFO  server.RaftServer$Division (RaftServerImpl.java:setRole(285)) - 17c51919-b33f-4a5f-9a86-1e5ebe529257@group-BBBDE90A5B3B: changes role from  FOLLOWER to CANDIDATE at term 6 for changeToCandidate
2021-09-16 19:35:22,348 [17c51919-b33f-4a5f-9a86-1e5ebe529257@group-BBBDE90A5B3B-FollowerState] INFO  server.RaftServerConfigKeys (ConfUtils.java:logGet(44)) - raft.server.leaderelection.pre-vote = false (custom)
2021-09-16 19:35:22,348 [17c51919-b33f-4a5f-9a86-1e5ebe529257@group-BBBDE90A5B3B-FollowerState] INFO  impl.RoleInfo (RoleInfo.java:updateAndGet(130)) - 17c51919-b33f-4a5f-9a86-1e5ebe529257: start 17c51919-b33f-4a5f-9a86-1e5ebe529257@group-BBBDE90A5B3B-LeaderElection115
2021-09-16 19:35:22,422 [grpc-default-executor-0] WARN  server.GrpcLogAppender (LogUtils.java:warn(122)) - 63deab9d-b01f-425d-a78d-558263b66f1b@group-1B930CD1D13F->39314213-52f4-4d5f-8765-d5d2e351be65-AppendLogResponseHandler: Failed appendEntries: org.apache.ratis.thirdparty.io.grpc.StatusRuntimeException: UNAVAILABLE: io exception
2021-09-16 19:35:22,423 [grpc-default-executor-0] WARN  server.GrpcLogAppender (GrpcLogAppender.java:resetClient(111)) - 63deab9d-b01f-425d-a78d-558263b66f1b@group-1B930CD1D13F->39314213-52f4-4d5f-8765-d5d2e351be65-GrpcLogAppender: Leader has not got in touch with Follower 63deab9d-b01f-425d-a78d-558263b66f1b@group-1B930CD1D13F->39314213-52f4-4d5f-8765-d5d2e351be65(c0,m0,n1, attendVote=true, lastRpcSendTime=2, lastRpcResponseTime=2504) yet, just keep nextIndex unchanged and retry.
2021-09-16 19:35:22,454 [17c51919-b33f-4a5f-9a86-1e5ebe529257@group-BBBDE90A5B3B-LeaderElection115] INFO  impl.LeaderElection (LeaderElection.java:askForVotes(306)) - 17c51919-b33f-4a5f-9a86-1e5ebe529257@group-BBBDE90A5B3B-LeaderElection115 ELECTION round 0: submit vote requests at term 7 for 0: [d325862d-5d90-442e-bb25-5d4329348a89|rpc:10.1.0.5:42511|dataStream:|priority:0, 17c51919-b33f-4a5f-9a86-1e5ebe529257|rpc:10.1.0.5:40963|dataStream:|priority:1, 22678529-1571-490a-85b9-2142d4a575d8|rpc:10.1.0.5:32787|dataStream:|priority:0], old=null
2021-09-16 19:35:22,483 [grpc-default-executor-0] INFO  server.RaftServer$Division (RaftServerImpl.java:requestVote(1043)) - d325862d-5d90-442e-bb25-5d4329348a89@group-BBBDE90A5B3B: receive requestVote(ELECTION, 17c51919-b33f-4a5f-9a86-1e5ebe529257, group-BBBDE90A5B3B, 7, (t:2, i:0))
2021-09-16 19:35:22,483 [grpc-default-executor-0] INFO  impl.VoteContext (VoteContext.java:log(48)) - d325862d-5d90-442e-bb25-5d4329348a89@group-BBBDE90A5B3B-FOLLOWER: accept ELECTION from 17c51919-b33f-4a5f-9a86-1e5ebe529257: our last entry null < candidate's last entry (t:2, i:0)
2021-09-16 19:35:22,483 [grpc-default-executor-0] INFO  server.RaftServer$Division (RaftServerImpl.java:setRole(285)) - d325862d-5d90-442e-bb25-5d4329348a89@group-BBBDE90A5B3B: changes role from  FOLLOWER to FOLLOWER at term 7 for candidate:17c51919-b33f-4a5f-9a86-1e5ebe529257
2021-09-16 19:35:22,483 [grpc-default-executor-0] INFO  impl.RoleInfo (RoleInfo.java:shutdownFollowerState(108)) - d325862d-5d90-442e-bb25-5d4329348a89: shutdown d325862d-5d90-442e-bb25-5d4329348a89@group-BBBDE90A5B3B-FollowerState
2021-09-16 19:35:22,483 [grpc-default-executor-0] INFO  impl.RoleInfo (RoleInfo.java:updateAndGet(130)) - d325862d-5d90-442e-bb25-5d4329348a89: start d325862d-5d90-442e-bb25-5d4329348a89@group-BBBDE90A5B3B-FollowerState
2021-09-16 19:35:22,483 [d325862d-5d90-442e-bb25-5d4329348a89@group-BBBDE90A5B3B-FollowerState] INFO  impl.FollowerState (FollowerState.java:run(143)) - d325862d-5d90-442e-bb25-5d4329348a89@group-BBBDE90A5B3B-FollowerState was interrupted: {}
java.lang.InterruptedException: sleep interrupted
	at java.lang.Thread.sleep(Native Method)
	at java.lang.Thread.sleep(Thread.java:340)
	at java.util.concurrent.TimeUnit.sleep(TimeUnit.java:386)
	at org.apache.ratis.util.TimeDuration.sleep(TimeDuration.java:324)
	at org.apache.ratis.util.TimeDuration.sleep(TimeDuration.java:309)
	at org.apache.ratis.server.impl.FollowerState.run(FollowerState.java:118)
2021-09-16 19:35:22,490 [grpc-default-executor-5] INFO  server.RaftServer$Division (RaftServerImpl.java:requestVote(1043)) - 22678529-1571-490a-85b9-2142d4a575d8@group-BBBDE90A5B3B: receive requestVote(ELECTION, 17c51919-b33f-4a5f-9a86-1e5ebe529257, group-BBBDE90A5B3B, 7, (t:2, i:0))
2021-09-16 19:35:22,490 [grpc-default-executor-5] INFO  impl.VoteContext (VoteContext.java:log(48)) - 22678529-1571-490a-85b9-2142d4a575d8@group-BBBDE90A5B3B-FOLLOWER: accept ELECTION from 17c51919-b33f-4a5f-9a86-1e5ebe529257: our last entry null < candidate's last entry (t:2, i:0)
2021-09-16 19:35:22,490 [grpc-default-executor-5] INFO  server.RaftServer$Division (RaftServerImpl.java:setRole(285)) - 22678529-1571-490a-85b9-2142d4a575d8@group-BBBDE90A5B3B: changes role from  FOLLOWER to FOLLOWER at term 7 for candidate:17c51919-b33f-4a5f-9a86-1e5ebe529257
2021-09-16 19:35:22,490 [grpc-default-executor-5] INFO  impl.RoleInfo (RoleInfo.java:shutdownFollowerState(108)) - 22678529-1571-490a-85b9-2142d4a575d8: shutdown 22678529-1571-490a-85b9-2142d4a575d8@group-BBBDE90A5B3B-FollowerState
2021-09-16 19:35:22,508 [grpc-default-executor-5] INFO  impl.RoleInfo (RoleInfo.java:updateAndGet(130)) - 22678529-1571-490a-85b9-2142d4a575d8: start 22678529-1571-490a-85b9-2142d4a575d8@group-BBBDE90A5B3B-FollowerState
2021-09-16 19:35:22,508 [22678529-1571-490a-85b9-2142d4a575d8@group-BBBDE90A5B3B-FollowerState] INFO  impl.FollowerState (FollowerState.java:run(143)) - 22678529-1571-490a-85b9-2142d4a575d8@group-BBBDE90A5B3B-FollowerState was interrupted: {}
java.lang.InterruptedException: sleep interrupted
	at java.lang.Thread.sleep(Native Method)
	at java.lang.Thread.sleep(Thread.java:340)
	at java.util.concurrent.TimeUnit.sleep(TimeUnit.java:386)
	at org.apache.ratis.util.TimeDuration.sleep(TimeDuration.java:324)
	at org.apache.ratis.util.TimeDuration.sleep(TimeDuration.java:309)
	at org.apache.ratis.server.impl.FollowerState.run(FollowerState.java:118)
2021-09-16 19:35:22,514 [grpc-default-executor-5] INFO  server.RaftServer$Division (RaftServerImpl.java:requestVote(1075)) - 22678529-1571-490a-85b9-2142d4a575d8@group-BBBDE90A5B3B replies to ELECTION vote request: 17c51919-b33f-4a5f-9a86-1e5ebe529257<-22678529-1571-490a-85b9-2142d4a575d8#0:OK-t7. Peer's state: 22678529-1571-490a-85b9-2142d4a575d8@group-BBBDE90A5B3B:t7, leader=null, voted=17c51919-b33f-4a5f-9a86-1e5ebe529257, raftlog=22678529-1571-490a-85b9-2142d4a575d8@group-BBBDE90A5B3B-SegmentedRaftLog:OPENED:c-1,f-1,i0, conf=-1: [d325862d-5d90-442e-bb25-5d4329348a89|rpc:10.1.0.5:42511|priority:0, 17c51919-b33f-4a5f-9a86-1e5ebe529257|rpc:10.1.0.5:40963|priority:1, 22678529-1571-490a-85b9-2142d4a575d8|rpc:10.1.0.5:32787|priority:0], old=null
2021-09-16 19:35:22,515 [17c51919-b33f-4a5f-9a86-1e5ebe529257@group-BBBDE90A5B3B-LeaderElection115] INFO  impl.LeaderElection (LeaderElection.java:logAndReturn(89)) - 17c51919-b33f-4a5f-9a86-1e5ebe529257@group-BBBDE90A5B3B-LeaderElection115: ELECTION PASSED received 1 response(s) and 0 exception(s):
2021-09-16 19:35:22,515 [17c51919-b33f-4a5f-9a86-1e5ebe529257@group-BBBDE90A5B3B-LeaderElection115] INFO  impl.LeaderElection (LeaderElection.java:logAndReturn(93)) -   Response 0: 17c51919-b33f-4a5f-9a86-1e5ebe529257<-22678529-1571-490a-85b9-2142d4a575d8#0:OK-t7
2021-09-16 19:35:22,515 [17c51919-b33f-4a5f-9a86-1e5ebe529257@group-BBBDE90A5B3B-LeaderElection115] INFO  impl.LeaderElection (LeaderElection.java:askForVotes(308)) - 17c51919-b33f-4a5f-9a86-1e5ebe529257@group-BBBDE90A5B3B-LeaderElection115 ELECTION round 0: result PASSED
2021-09-16 19:35:22,515 [17c51919-b33f-4a5f-9a86-1e5ebe529257@group-BBBDE90A5B3B-LeaderElection115] INFO  impl.RoleInfo (RoleInfo.java:shutdownLeaderElection(121)) - 17c51919-b33f-4a5f-9a86-1e5ebe529257: shutdown 17c51919-b33f-4a5f-9a86-1e5ebe529257@group-BBBDE90A5B3B-LeaderElection115
2021-09-16 19:35:22,515 [17c51919-b33f-4a5f-9a86-1e5ebe529257@group-BBBDE90A5B3B-LeaderElection115] INFO  server.RaftServer$Division (RaftServerImpl.java:setRole(285)) - 17c51919-b33f-4a5f-9a86-1e5ebe529257@group-BBBDE90A5B3B: changes role from CANDIDATE to LEADER at term 7 for changeToLeader
2021-09-16 19:35:22,515 [17c51919-b33f-4a5f-9a86-1e5ebe529257@group-BBBDE90A5B3B-LeaderElection115] INFO  ratis.XceiverServerRatis (XceiverServerRatis.java:handleLeaderChangedNotification(860)) - Leader change notification received for group: group-BBBDE90A5B3B with new leaderId: 17c51919-b33f-4a5f-9a86-1e5ebe529257
2021-09-16 19:35:22,515 [17c51919-b33f-4a5f-9a86-1e5ebe529257@group-BBBDE90A5B3B-LeaderElection115] INFO  server.RaftServer$Division (ServerState.java:setLeader(285)) - 17c51919-b33f-4a5f-9a86-1e5ebe529257@group-BBBDE90A5B3B: change Leader from null to 17c51919-b33f-4a5f-9a86-1e5ebe529257 at term 7 for becomeLeader, leader elected after 21005ms
2021-09-16 19:35:22,515 [17c51919-b33f-4a5f-9a86-1e5ebe529257@group-BBBDE90A5B3B-LeaderElection115] INFO  server.RaftServerConfigKeys (ConfUtils.java:logGet(44)) - raft.server.staging.catchup.gap = 1000 (default)
2021-09-16 19:35:22,516 [17c51919-b33f-4a5f-9a86-1e5ebe529257@group-BBBDE90A5B3B-LeaderElection115] INFO  server.RaftServerConfigKeys (ConfUtils.java:logGet(44)) - raft.server.write.element-limit = 1024 (custom)
2021-09-16 19:35:22,516 [17c51919-b33f-4a5f-9a86-1e5ebe529257@group-BBBDE90A5B3B-LeaderElection115] INFO  server.RaftServerConfigKeys (ConfUtils.java:logGet(44)) - raft.server.write.byte-limit = 1024 M (=1073741824) (custom)
2021-09-16 19:35:22,516 [17c51919-b33f-4a5f-9a86-1e5ebe529257@group-BBBDE90A5B3B-LeaderElection115] INFO  server.RaftServerConfigKeys (ConfUtils.java:logGet(44)) - raft.server.watch.timeout = 3000ms (custom)
2021-09-16 19:35:22,516 [17c51919-b33f-4a5f-9a86-1e5ebe529257@group-BBBDE90A5B3B-LeaderElection115] INFO  server.RaftServerConfigKeys (ConfUtils.java:logGet(44)) - raft.server.watch.timeout.denomination = 1s (default)
2021-09-16 19:35:22,516 [17c51919-b33f-4a5f-9a86-1e5ebe529257@group-BBBDE90A5B3B-LeaderElection115] INFO  server.RaftServerConfigKeys (ConfUtils.java:logGet(44)) - raft.server.watch.element-limit = 65536 (default)
2021-09-16 19:35:22,516 [17c51919-b33f-4a5f-9a86-1e5ebe529257@group-BBBDE90A5B3B-LeaderElection115] INFO  server.RaftServerConfigKeys (ConfUtils.java:logGet(44)) - raft.server.log.appender.snapshot.chunk.size.max = 16MB (=16777216) (default)
2021-09-16 19:35:22,516 [17c51919-b33f-4a5f-9a86-1e5ebe529257@group-BBBDE90A5B3B-LeaderElection115] INFO  server.RaftServerConfigKeys (ConfUtils.java:logGet(44)) - raft.server.log.appender.buffer.byte-limit = 33554432 (custom)
2021-09-16 19:35:22,516 [17c51919-b33f-4a5f-9a86-1e5ebe529257@group-BBBDE90A5B3B-LeaderElection115] INFO  server.RaftServerConfigKeys (ConfUtils.java:logGet(44)) - raft.server.log.appender.buffer.element-limit = 1 (custom)
2021-09-16 19:35:22,516 [17c51919-b33f-4a5f-9a86-1e5ebe529257@group-BBBDE90A5B3B-LeaderElection115] INFO  grpc.GrpcConfigKeys (ConfUtils.java:logGet(44)) - raft.grpc.server.leader.outstanding.appends.max = 128 (default)
2021-09-16 19:35:22,516 [17c51919-b33f-4a5f-9a86-1e5ebe529257@group-BBBDE90A5B3B-LeaderElection115] INFO  server.RaftServerConfigKeys (ConfUtils.java:logGet(44)) - raft.server.rpc.request.timeout = 3000ms (default)
2021-09-16 19:35:22,517 [17c51919-b33f-4a5f-9a86-1e5ebe529257@group-BBBDE90A5B3B-LeaderElection115] INFO  server.RaftServerConfigKeys (ConfUtils.java:logGet(44)) - raft.server.log.appender.install.snapshot.enabled = false (custom)
2021-09-16 19:35:22,526 [grpc-default-executor-0] INFO  server.RaftServer$Division (RaftServerImpl.java:requestVote(1075)) - d325862d-5d90-442e-bb25-5d4329348a89@group-BBBDE90A5B3B replies to ELECTION vote request: 17c51919-b33f-4a5f-9a86-1e5ebe529257<-d325862d-5d90-442e-bb25-5d4329348a89#0:OK-t7. Peer's state: d325862d-5d90-442e-bb25-5d4329348a89@group-BBBDE90A5B3B:t7, leader=null, voted=17c51919-b33f-4a5f-9a86-1e5ebe529257, raftlog=d325862d-5d90-442e-bb25-5d4329348a89@group-BBBDE90A5B3B-SegmentedRaftLog:OPENED:c-1,f-1,i0, conf=-1: [d325862d-5d90-442e-bb25-5d4329348a89|rpc:10.1.0.5:42511|dataStream:|priority:0, 17c51919-b33f-4a5f-9a86-1e5ebe529257|rpc:10.1.0.5:40963|dataStream:|priority:1, 22678529-1571-490a-85b9-2142d4a575d8|rpc:10.1.0.5:32787|dataStream:|priority:0], old=null
2021-09-16 19:35:22,526 [17c51919-b33f-4a5f-9a86-1e5ebe529257@group-BBBDE90A5B3B-LeaderElection115] INFO  server.RaftServerConfigKeys (ConfUtils.java:logGet(44)) - raft.server.log.appender.snapshot.chunk.size.max = 16MB (=16777216) (default)
2021-09-16 19:35:22,530 [17c51919-b33f-4a5f-9a86-1e5ebe529257@group-BBBDE90A5B3B-LeaderElection115] INFO  server.RaftServerConfigKeys (ConfUtils.java:logGet(44)) - raft.server.log.appender.buffer.byte-limit = 33554432 (custom)
2021-09-16 19:35:22,530 [17c51919-b33f-4a5f-9a86-1e5ebe529257@group-BBBDE90A5B3B-LeaderElection115] INFO  server.RaftServerConfigKeys (ConfUtils.java:logGet(44)) - raft.server.log.appender.buffer.element-limit = 1 (custom)
2021-09-16 19:35:22,530 [17c51919-b33f-4a5f-9a86-1e5ebe529257@group-BBBDE90A5B3B-LeaderElection115] INFO  grpc.GrpcConfigKeys (ConfUtils.java:logGet(44)) - raft.grpc.server.leader.outstanding.appends.max = 128 (default)
2021-09-16 19:35:22,530 [17c51919-b33f-4a5f-9a86-1e5ebe529257@group-BBBDE90A5B3B-LeaderElection115] INFO  server.RaftServerConfigKeys (ConfUtils.java:logGet(44)) - raft.server.rpc.request.timeout = 3000ms (default)
2021-09-16 19:35:22,530 [17c51919-b33f-4a5f-9a86-1e5ebe529257@group-BBBDE90A5B3B-LeaderElection115] INFO  server.RaftServerConfigKeys (ConfUtils.java:logGet(44)) - raft.server.log.appender.install.snapshot.enabled = false (custom)
2021-09-16 19:35:22,531 [17c51919-b33f-4a5f-9a86-1e5ebe529257@group-BBBDE90A5B3B-LeaderElection115] INFO  impl.RoleInfo (RoleInfo.java:updateAndGet(130)) - 17c51919-b33f-4a5f-9a86-1e5ebe529257: start 17c51919-b33f-4a5f-9a86-1e5ebe529257@group-BBBDE90A5B3B-LeaderStateImpl
2021-09-16 19:35:22,532 [17c51919-b33f-4a5f-9a86-1e5ebe529257@group-BBBDE90A5B3B-LeaderElection115] INFO  segmented.SegmentedRaftLogWorker (SegmentedRaftLogWorker.java:rollLogSegment(399)) - 17c51919-b33f-4a5f-9a86-1e5ebe529257@group-BBBDE90A5B3B-SegmentedRaftLogWorker: Rolling segment log-0_0 to index:0
2021-09-16 19:35:22,538 [17c51919-b33f-4a5f-9a86-1e5ebe529257@group-BBBDE90A5B3B-SegmentedRaftLogWorker] INFO  segmented.SegmentedRaftLogWorker (SegmentedRaftLogWorker.java:execute(558)) - 17c51919-b33f-4a5f-9a86-1e5ebe529257@group-BBBDE90A5B3B-SegmentedRaftLogWorker: Rolled log segment from /home/runner/work/ozone/ozone/hadoop-ozone/integration-test/target/test-dir/MiniOzoneClusterImpl-4c5ee767-53d0-43e8-b9fb-bc60904004ee/datanode-8/data/ratis/00cfb056-a3a7-417d-aba7-bbbde90a5b3b/current/log_inprogress_0 to /home/runner/work/ozone/ozone/hadoop-ozone/integration-test/target/test-dir/MiniOzoneClusterImpl-4c5ee767-53d0-43e8-b9fb-bc60904004ee/datanode-8/data/ratis/00cfb056-a3a7-417d-aba7-bbbde90a5b3b/current/log_0-0
2021-09-16 19:35:22,541 [17c51919-b33f-4a5f-9a86-1e5ebe529257@group-BBBDE90A5B3B-SegmentedRaftLogWorker] INFO  segmented.SegmentedRaftLogWorker (SegmentedRaftLogWorker.java:execute(601)) - 17c51919-b33f-4a5f-9a86-1e5ebe529257@group-BBBDE90A5B3B-SegmentedRaftLogWorker: created new log segment /home/runner/work/ozone/ozone/hadoop-ozone/integration-test/target/test-dir/MiniOzoneClusterImpl-4c5ee767-53d0-43e8-b9fb-bc60904004ee/datanode-8/data/ratis/00cfb056-a3a7-417d-aba7-bbbde90a5b3b/current/log_inprogress_1
2021-09-16 19:35:22,602 [Datanode State Machine Thread - 0] WARN  statemachine.StateContext (StateContext.java:execute(621)) - No available thread in pool for past 1 seconds.
2021-09-16 19:35:22,676 [17c51919-b33f-4a5f-9a86-1e5ebe529257@group-BBBDE90A5B3B-LeaderElection115] INFO  server.RaftServer$Division (ServerState.java:setRaftConf(387)) - 17c51919-b33f-4a5f-9a86-1e5ebe529257@group-BBBDE90A5B3B: set configuration 1: [d325862d-5d90-442e-bb25-5d4329348a89|rpc:10.1.0.5:42511|dataStream:|priority:0, 17c51919-b33f-4a5f-9a86-1e5ebe529257|rpc:10.1.0.5:40963|dataStream:|priority:1, 22678529-1571-490a-85b9-2142d4a575d8|rpc:10.1.0.5:32787|dataStream:|priority:0], old=null
2021-09-16 19:35:22,682 [grpc-default-executor-5] INFO  ratis.XceiverServerRatis (XceiverServerRatis.java:handleLeaderChangedNotification(860)) - Leader change notification received for group: group-BBBDE90A5B3B with new leaderId: 17c51919-b33f-4a5f-9a86-1e5ebe529257
2021-09-16 19:35:22,682 [grpc-default-executor-5] INFO  server.RaftServer$Division (ServerState.java:setLeader(285)) - d325862d-5d90-442e-bb25-5d4329348a89@group-BBBDE90A5B3B: change Leader from null to 17c51919-b33f-4a5f-9a86-1e5ebe529257 at term 7 for appendEntries, leader elected after 31104ms
2021-09-16 19:35:22,682 [grpc-default-executor-5] INFO  server.RaftServer$Division (RaftServerImpl.java:checkInconsistentAppendEntries(1319)) - d325862d-5d90-442e-bb25-5d4329348a89@group-BBBDE90A5B3B: Failed appendEntries as previous log entry ((t:2, i:0)) is not found
2021-09-16 19:35:22,682 [grpc-default-executor-5] INFO  server.RaftServer$Division (RaftServerImpl.java:checkInconsistentAppendEntries(1285)) - d325862d-5d90-442e-bb25-5d4329348a89@group-BBBDE90A5B3B: inconsistency entries. Reply:17c51919-b33f-4a5f-9a86-1e5ebe529257<-d325862d-5d90-442e-bb25-5d4329348a89#0:FAIL-t7,INCONSISTENCY,nextIndex=0,followerCommit=-1
2021-09-16 19:35:22,686 [grpc-default-executor-0] INFO  leader.FollowerInfo (FollowerInfoImpl.java:lambda$new$0(46)) - 17c51919-b33f-4a5f-9a86-1e5ebe529257@group-BBBDE90A5B3B->d325862d-5d90-442e-bb25-5d4329348a89: nextIndex: updateUnconditionally 2 -> 0
2021-09-16 19:35:22,687 [grpc-default-executor-5] INFO  server.RaftServer$Division (RaftServerImpl.java:checkInconsistentAppendEntries(1319)) - d325862d-5d90-442e-bb25-5d4329348a89@group-BBBDE90A5B3B: Failed appendEntries as previous log entry ((t:2, i:0)) is not found
2021-09-16 19:35:22,687 [grpc-default-executor-5] INFO  server.RaftServer$Division (RaftServerImpl.java:checkInconsistentAppendEntries(1285)) - d325862d-5d90-442e-bb25-5d4329348a89@group-BBBDE90A5B3B: inconsistency entries. Reply:17c51919-b33f-4a5f-9a86-1e5ebe529257<-d325862d-5d90-442e-bb25-5d4329348a89#1:FAIL-t7,INCONSISTENCY,nextIndex=0,followerCommit=-1
2021-09-16 19:35:22,687 [grpc-default-executor-5] INFO  leader.FollowerInfo (FollowerInfoImpl.java:lambda$new$0(46)) - 17c51919-b33f-4a5f-9a86-1e5ebe529257@group-BBBDE90A5B3B->d325862d-5d90-442e-bb25-5d4329348a89: nextIndex: updateUnconditionally 0 -> 0
2021-09-16 19:35:22,689 [grpc-default-executor-5] INFO  ratis.XceiverServerRatis (XceiverServerRatis.java:handleLeaderChangedNotification(860)) - Leader change notification received for group: group-BBBDE90A5B3B with new leaderId: 17c51919-b33f-4a5f-9a86-1e5ebe529257
2021-09-16 19:35:22,689 [grpc-default-executor-5] INFO  server.RaftServer$Division (ServerState.java:setLeader(285)) - 22678529-1571-490a-85b9-2142d4a575d8@group-BBBDE90A5B3B: change Leader from null to 17c51919-b33f-4a5f-9a86-1e5ebe529257 at term 7 for appendEntries, leader elected after 31831ms
2021-09-16 19:35:22,689 [grpc-default-executor-5] INFO  server.RaftServer$Division (RaftServerImpl.java:checkInconsistentAppendEntries(1319)) - 22678529-1571-490a-85b9-2142d4a575d8@group-BBBDE90A5B3B: Failed appendEntries as previous log entry ((t:2, i:0)) is not found
2021-09-16 19:35:22,689 [grpc-default-executor-5] INFO  server.RaftServer$Division (RaftServerImpl.java:checkInconsistentAppendEntries(1285)) - 22678529-1571-490a-85b9-2142d4a575d8@group-BBBDE90A5B3B: inconsistency entries. Reply:17c51919-b33f-4a5f-9a86-1e5ebe529257<-22678529-1571-490a-85b9-2142d4a575d8#0:FAIL-t7,INCONSISTENCY,nextIndex=0,followerCommit=-1
2021-09-16 19:35:22,713 [grpc-default-executor-0] INFO  leader.FollowerInfo (FollowerInfoImpl.java:lambda$new$0(46)) - 17c51919-b33f-4a5f-9a86-1e5ebe529257@group-BBBDE90A5B3B->22678529-1571-490a-85b9-2142d4a575d8: nextIndex: updateUnconditionally 1 -> 0
2021-09-16 19:35:22,771 [grpc-default-executor-0] INFO  server.RaftServer$Division (ServerState.java:setRaftConf(387)) - 22678529-1571-490a-85b9-2142d4a575d8@group-BBBDE90A5B3B: set configuration 0: [d325862d-5d90-442e-bb25-5d4329348a89|rpc:10.1.0.5:42511|dataStream:|priority:0, 17c51919-b33f-4a5f-9a86-1e5ebe529257|rpc:10.1.0.5:40963|dataStream:|priority:1, 22678529-1571-490a-85b9-2142d4a575d8|rpc:10.1.0.5:32787|dataStream:|priority:0], old=null
2021-09-16 19:35:22,772 [grpc-default-executor-0] INFO  segmented.SegmentedRaftLogWorker (SegmentedRaftLogWorker.java:startLogSegment(394)) - 22678529-1571-490a-85b9-2142d4a575d8@group-BBBDE90A5B3B-SegmentedRaftLogWorker: Starting segment from index:0
2021-09-16 19:35:22,772 [grpc-default-executor-5] INFO  server.RaftServer$Division (ServerState.java:setRaftConf(387)) - d325862d-5d90-442e-bb25-5d4329348a89@group-BBBDE90A5B3B: set configuration 0: [d325862d-5d90-442e-bb25-5d4329348a89|rpc:10.1.0.5:42511|dataStream:|priority:0, 17c51919-b33f-4a5f-9a86-1e5ebe529257|rpc:10.1.0.5:40963|dataStream:|priority:1, 22678529-1571-490a-85b9-2142d4a575d8|rpc:10.1.0.5:32787|dataStream:|priority:0], old=null
2021-09-16 19:35:22,772 [grpc-default-executor-5] INFO  segmented.SegmentedRaftLogWorker (SegmentedRaftLogWorker.java:startLogSegment(394)) - d325862d-5d90-442e-bb25-5d4329348a89@group-BBBDE90A5B3B-SegmentedRaftLogWorker: Starting segment from index:0
2021-09-16 19:35:22,773 [grpc-default-executor-5] INFO  server.RaftServer$Division (ServerState.java:setRaftConf(387)) - 22678529-1571-490a-85b9-2142d4a575d8@group-BBBDE90A5B3B: set configuration 1: [d325862d-5d90-442e-bb25-5d4329348a89|rpc:10.1.0.5:42511|dataStream:|priority:0, 17c51919-b33f-4a5f-9a86-1e5ebe529257|rpc:10.1.0.5:40963|dataStream:|priority:1, 22678529-1571-490a-85b9-2142d4a575d8|rpc:10.1.0.5:32787|dataStream:|priority:0], old=null
2021-09-16 19:35:22,773 [grpc-default-executor-5] INFO  segmented.SegmentedRaftLogWorker (SegmentedRaftLogWorker.java:rollLogSegment(399)) - 22678529-1571-490a-85b9-2142d4a575d8@group-BBBDE90A5B3B-SegmentedRaftLogWorker: Rolling segment log-0_0 to index:0
2021-09-16 19:35:22,788 [22678529-1571-490a-85b9-2142d4a575d8@group-BBBDE90A5B3B-SegmentedRaftLogWorker] INFO  segmented.SegmentedRaftLogWorker (SegmentedRaftLogWorker.java:execute(601)) - 22678529-1571-490a-85b9-2142d4a575d8@group-BBBDE90A5B3B-SegmentedRaftLogWorker: created new log segment /home/runner/work/ozone/ozone/hadoop-ozone/integration-test/target/test-dir/MiniOzoneClusterImpl-4c5ee767-53d0-43e8-b9fb-bc60904004ee/datanode-6/data/ratis/00cfb056-a3a7-417d-aba7-bbbde90a5b3b/current/log_inprogress_0
2021-09-16 19:35:22,789 [d325862d-5d90-442e-bb25-5d4329348a89@group-BBBDE90A5B3B-SegmentedRaftLogWorker] INFO  segmented.SegmentedRaftLogWorker (SegmentedRaftLogWorker.java:execute(601)) - d325862d-5d90-442e-bb25-5d4329348a89@group-BBBDE90A5B3B-SegmentedRaftLogWorker: created new log segment /home/runner/work/ozone/ozone/hadoop-ozone/integration-test/target/test-dir/MiniOzoneClusterImpl-4c5ee767-53d0-43e8-b9fb-bc60904004ee/datanode-7/data/ratis/00cfb056-a3a7-417d-aba7-bbbde90a5b3b/current/log_inprogress_0
2021-09-16 19:35:22,794 [22678529-1571-490a-85b9-2142d4a575d8@group-BBBDE90A5B3B-SegmentedRaftLogWorker] INFO  segmented.SegmentedRaftLogWorker (SegmentedRaftLogWorker.java:execute(558)) - 22678529-1571-490a-85b9-2142d4a575d8@group-BBBDE90A5B3B-SegmentedRaftLogWorker: Rolled log segment from /home/runner/work/ozone/ozone/hadoop-ozone/integration-test/target/test-dir/MiniOzoneClusterImpl-4c5ee767-53d0-43e8-b9fb-bc60904004ee/datanode-6/data/ratis/00cfb056-a3a7-417d-aba7-bbbde90a5b3b/current/log_inprogress_0 to /home/runner/work/ozone/ozone/hadoop-ozone/integration-test/target/test-dir/MiniOzoneClusterImpl-4c5ee767-53d0-43e8-b9fb-bc60904004ee/datanode-6/data/ratis/00cfb056-a3a7-417d-aba7-bbbde90a5b3b/current/log_0-0
2021-09-16 19:35:22,795 [22678529-1571-490a-85b9-2142d4a575d8@group-BBBDE90A5B3B-SegmentedRaftLogWorker] INFO  segmented.SegmentedRaftLogWorker (SegmentedRaftLogWorker.java:execute(601)) - 22678529-1571-490a-85b9-2142d4a575d8@group-BBBDE90A5B3B-SegmentedRaftLogWorker: created new log segment /home/runner/work/ozone/ozone/hadoop-ozone/integration-test/target/test-dir/MiniOzoneClusterImpl-4c5ee767-53d0-43e8-b9fb-bc60904004ee/datanode-6/data/ratis/00cfb056-a3a7-417d-aba7-bbbde90a5b3b/current/log_inprogress_1
2021-09-16 19:35:22,873 [grpc-default-executor-5] INFO  server.RaftServer$Division (ServerState.java:setRaftConf(387)) - d325862d-5d90-442e-bb25-5d4329348a89@group-BBBDE90A5B3B: set configuration 1: [d325862d-5d90-442e-bb25-5d4329348a89|rpc:10.1.0.5:42511|dataStream:|priority:0, 17c51919-b33f-4a5f-9a86-1e5ebe529257|rpc:10.1.0.5:40963|dataStream:|priority:1, 22678529-1571-490a-85b9-2142d4a575d8|rpc:10.1.0.5:32787|dataStream:|priority:0], old=null
2021-09-16 19:35:22,873 [grpc-default-executor-5] INFO  segmented.SegmentedRaftLogWorker (SegmentedRaftLogWorker.java:rollLogSegment(399)) - d325862d-5d90-442e-bb25-5d4329348a89@group-BBBDE90A5B3B-SegmentedRaftLogWorker: Rolling segment log-0_0 to index:0
2021-09-16 19:35:22,886 [d325862d-5d90-442e-bb25-5d4329348a89@group-BBBDE90A5B3B-SegmentedRaftLogWorker] INFO  segmented.SegmentedRaftLogWorker (SegmentedRaftLogWorker.java:execute(558)) - d325862d-5d90-442e-bb25-5d4329348a89@group-BBBDE90A5B3B-SegmentedRaftLogWorker: Rolled log segment from /home/runner/work/ozone/ozone/hadoop-ozone/integration-test/target/test-dir/MiniOzoneClusterImpl-4c5ee767-53d0-43e8-b9fb-bc60904004ee/datanode-7/data/ratis/00cfb056-a3a7-417d-aba7-bbbde90a5b3b/current/log_inprogress_0 to /home/runner/work/ozone/ozone/hadoop-ozone/integration-test/target/test-dir/MiniOzoneClusterImpl-4c5ee767-53d0-43e8-b9fb-bc60904004ee/datanode-7/data/ratis/00cfb056-a3a7-417d-aba7-bbbde90a5b3b/current/log_0-0
2021-09-16 19:35:22,906 [d325862d-5d90-442e-bb25-5d4329348a89@group-BBBDE90A5B3B-SegmentedRaftLogWorker] INFO  segmented.SegmentedRaftLogWorker (SegmentedRaftLogWorker.java:execute(601)) - d325862d-5d90-442e-bb25-5d4329348a89@group-BBBDE90A5B3B-SegmentedRaftLogWorker: created new log segment /home/runner/work/ozone/ozone/hadoop-ozone/integration-test/target/test-dir/MiniOzoneClusterImpl-4c5ee767-53d0-43e8-b9fb-bc60904004ee/datanode-7/data/ratis/00cfb056-a3a7-417d-aba7-bbbde90a5b3b/current/log_inprogress_1
2021-09-16 19:35:24,711 [grpc-default-executor-3] WARN  server.GrpcLogAppender (LogUtils.java:warn(122)) - de4d5c13-4a27-410b-b35a-5584c5652eab@group-D3A07527D82D->e8f13dfe-2d88-44e3-8dd8-bc613bb80fa9-AppendLogResponseHandler: Failed appendEntries: org.apache.ratis.thirdparty.io.grpc.StatusRuntimeException: UNAVAILABLE: io exception
2021-09-16 19:35:24,711 [grpc-default-executor-3] WARN  server.GrpcLogAppender (GrpcLogAppender.java:resetClient(111)) - de4d5c13-4a27-410b-b35a-5584c5652eab@group-D3A07527D82D->e8f13dfe-2d88-44e3-8dd8-bc613bb80fa9-GrpcLogAppender: Leader has not got in touch with Follower de4d5c13-4a27-410b-b35a-5584c5652eab@group-D3A07527D82D->e8f13dfe-2d88-44e3-8dd8-bc613bb80fa9(c0,m0,n1, attendVote=true, lastRpcSendTime=2500, lastRpcResponseTime=5023) yet, just keep nextIndex unchanged and retry.
2021-09-16 19:35:24,957 [grpc-default-executor-3] WARN  server.GrpcLogAppender (LogUtils.java:warn(122)) - 63deab9d-b01f-425d-a78d-558263b66f1b@group-1B930CD1D13F->39314213-52f4-4d5f-8765-d5d2e351be65-AppendLogResponseHandler: Failed appendEntries: org.apache.ratis.thirdparty.io.grpc.StatusRuntimeException: UNAVAILABLE: io exception
2021-09-16 19:35:24,958 [grpc-default-executor-3] WARN  server.GrpcLogAppender (GrpcLogAppender.java:resetClient(111)) - 63deab9d-b01f-425d-a78d-558263b66f1b@group-1B930CD1D13F->39314213-52f4-4d5f-8765-d5d2e351be65-GrpcLogAppender: Leader has not got in touch with Follower 63deab9d-b01f-425d-a78d-558263b66f1b@group-1B930CD1D13F->39314213-52f4-4d5f-8765-d5d2e351be65(c0,m0,n1, attendVote=true, lastRpcSendTime=2537, lastRpcResponseTime=5039) yet, just keep nextIndex unchanged and retry.
2021-09-16 19:35:24,989 [Listener at 127.0.0.1/43789] INFO  statemachine.DatanodeStateMachine (DatanodeStateMachine.java:stopDaemon(515)) - Ozone container server stopped.
2021-09-16 19:35:24,990 [Listener at 127.0.0.1/43789] INFO  handler.ContextHandler (ContextHandler.java:doStop(1153)) - Stopped o.e.j.w.WebAppContext@707189ac{hddsDatanode,/,null,STOPPED}{jar:file:/home/runner/.m2/repository/org/apache/ozone/hdds-container-service/1.2.0-SNAPSHOT/hdds-container-service-1.2.0-SNAPSHOT.jar!/webapps/hddsDatanode}
2021-09-16 19:35:24,998 [Listener at 127.0.0.1/43789] INFO  server.AbstractConnector (AbstractConnector.java:doStop(381)) - Stopped ServerConnector@3ae9f811{HTTP/1.1, (http/1.1)}{0.0.0.0:0}
2021-09-16 19:35:24,998 [Listener at 127.0.0.1/43789] INFO  server.session (HouseKeeper.java:stopScavenging(149)) - node0 Stopped scavenging
2021-09-16 19:35:24,999 [Listener at 127.0.0.1/43789] INFO  handler.ContextHandler (ContextHandler.java:doStop(1153)) - Stopped o.e.j.s.ServletContextHandler@7308bd1d{static,/static,jar:file:/home/runner/.m2/repository/org/apache/ozone/hdds-container-service/1.2.0-SNAPSHOT/hdds-container-service-1.2.0-SNAPSHOT.jar!/webapps/static,STOPPED}
2021-09-16 19:35:25,000 [Listener at 127.0.0.1/43789] INFO  handler.ContextHandler (ContextHandler.java:doStop(1153)) - Stopped o.e.j.s.ServletContextHandler@3f9ea0be{logs,/logs,file:///home/runner/work/ozone/ozone/hadoop-ozone/integration-test/target/log,STOPPED}
2021-09-16 19:35:25,025 [ForkJoinPool.commonPool-worker-1] INFO  statemachine.DatanodeStateMachine (DatanodeStateMachine.java:stopDaemon(515)) - Ozone container server stopped.
2021-09-16 19:35:25,036 [ForkJoinPool.commonPool-worker-1] INFO  handler.ContextHandler (ContextHandler.java:doStop(1153)) - Stopped o.e.j.w.WebAppContext@152a8948{hddsDatanode,/,null,STOPPED}{jar:file:/home/runner/.m2/repository/org/apache/ozone/hdds-container-service/1.2.0-SNAPSHOT/hdds-container-service-1.2.0-SNAPSHOT.jar!/webapps/hddsDatanode}
2021-09-16 19:35:25,037 [ForkJoinPool.commonPool-worker-1] INFO  server.AbstractConnector (AbstractConnector.java:doStop(381)) - Stopped ServerConnector@2013ec5b{HTTP/1.1, (http/1.1)}{0.0.0.0:0}
2021-09-16 19:35:25,037 [ForkJoinPool.commonPool-worker-1] INFO  server.session (HouseKeeper.java:stopScavenging(149)) - node0 Stopped scavenging
2021-09-16 19:35:25,038 [ForkJoinPool.commonPool-worker-1] INFO  handler.ContextHandler (ContextHandler.java:doStop(1153)) - Stopped o.e.j.s.ServletContextHandler@7d399d58{static,/static,jar:file:/home/runner/.m2/repository/org/apache/ozone/hdds-container-service/1.2.0-SNAPSHOT/hdds-container-service-1.2.0-SNAPSHOT.jar!/webapps/static,STOPPED}
2021-09-16 19:35:25,039 [ForkJoinPool.commonPool-worker-1] INFO  handler.ContextHandler (ContextHandler.java:doStop(1153)) - Stopped o.e.j.s.ServletContextHandler@18f51450{logs,/logs,file:///home/runner/work/ozone/ozone/hadoop-ozone/integration-test/target/log,STOPPED}
2021-09-16 19:35:27,219 [grpc-default-executor-3] WARN  server.GrpcLogAppender (LogUtils.java:warn(122)) - de4d5c13-4a27-410b-b35a-5584c5652eab@group-D3A07527D82D->e8f13dfe-2d88-44e3-8dd8-bc613bb80fa9-AppendLogResponseHandler: Failed appendEntries: org.apache.ratis.thirdparty.io.grpc.StatusRuntimeException: UNAVAILABLE: io exception
2021-09-16 19:35:27,219 [grpc-default-executor-3] WARN  server.GrpcLogAppender (GrpcLogAppender.java:resetClient(111)) - de4d5c13-4a27-410b-b35a-5584c5652eab@group-D3A07527D82D->e8f13dfe-2d88-44e3-8dd8-bc613bb80fa9-GrpcLogAppender: Leader has not got in touch with Follower de4d5c13-4a27-410b-b35a-5584c5652eab@group-D3A07527D82D->e8f13dfe-2d88-44e3-8dd8-bc613bb80fa9(c0,m0,n1, attendVote=true, lastRpcSendTime=2500, lastRpcResponseTime=7531) yet, just keep nextIndex unchanged and retry.
2021-09-16 19:35:27,462 [grpc-default-executor-3] WARN  server.GrpcLogAppender (LogUtils.java:warn(122)) - 63deab9d-b01f-425d-a78d-558263b66f1b@group-1B930CD1D13F->39314213-52f4-4d5f-8765-d5d2e351be65-AppendLogResponseHandler: Failed appendEntries: org.apache.ratis.thirdparty.io.grpc.StatusRuntimeException: UNAVAILABLE: io exception
2021-09-16 19:35:27,463 [grpc-default-executor-3] WARN  server.GrpcLogAppender (GrpcLogAppender.java:resetClient(111)) - 63deab9d-b01f-425d-a78d-558263b66f1b@group-1B930CD1D13F->39314213-52f4-4d5f-8765-d5d2e351be65-GrpcLogAppender: Leader has not got in touch with Follower 63deab9d-b01f-425d-a78d-558263b66f1b@group-1B930CD1D13F->39314213-52f4-4d5f-8765-d5d2e351be65(c0,m0,n1, attendVote=true, lastRpcSendTime=2504, lastRpcResponseTime=7544) yet, just keep nextIndex unchanged and retry.
2021-09-16 19:35:29,742 [grpc-default-executor-0] WARN  server.GrpcLogAppender (LogUtils.java:warn(122)) - de4d5c13-4a27-410b-b35a-5584c5652eab@group-D3A07527D82D->e8f13dfe-2d88-44e3-8dd8-bc613bb80fa9-AppendLogResponseHandler: Failed appendEntries: org.apache.ratis.thirdparty.io.grpc.StatusRuntimeException: UNAVAILABLE: io exception
2021-09-16 19:35:29,742 [grpc-default-executor-0] WARN  server.GrpcLogAppender (GrpcLogAppender.java:resetClient(111)) - de4d5c13-4a27-410b-b35a-5584c5652eab@group-D3A07527D82D->e8f13dfe-2d88-44e3-8dd8-bc613bb80fa9-GrpcLogAppender: Leader has not got in touch with Follower de4d5c13-4a27-410b-b35a-5584c5652eab@group-D3A07527D82D->e8f13dfe-2d88-44e3-8dd8-bc613bb80fa9(c0,m0,n1, attendVote=true, lastRpcSendTime=0, lastRpcResponseTime=10054) yet, just keep nextIndex unchanged and retry.
2021-09-16 19:35:29,964 [grpc-default-executor-0] WARN  server.GrpcLogAppender (LogUtils.java:warn(122)) - 63deab9d-b01f-425d-a78d-558263b66f1b@group-1B930CD1D13F->39314213-52f4-4d5f-8765-d5d2e351be65-AppendLogResponseHandler: Failed appendEntries: org.apache.ratis.thirdparty.io.grpc.StatusRuntimeException: UNAVAILABLE: io exception
2021-09-16 19:35:29,964 [grpc-default-executor-0] WARN  server.GrpcLogAppender (GrpcLogAppender.java:resetClient(111)) - 63deab9d-b01f-425d-a78d-558263b66f1b@group-1B930CD1D13F->39314213-52f4-4d5f-8765-d5d2e351be65-GrpcLogAppender: Leader has not got in touch with Follower 63deab9d-b01f-425d-a78d-558263b66f1b@group-1B930CD1D13F->39314213-52f4-4d5f-8765-d5d2e351be65(c0,m0,n1, attendVote=true, lastRpcSendTime=0, lastRpcResponseTime=10046) yet, just keep nextIndex unchanged and retry.
2021-09-16 19:35:30,009 [Listener at 127.0.0.1/43789] INFO  ozoneimpl.OzoneContainer (OzoneContainer.java:stop(325)) - Attempting to stop container services.
2021-09-16 19:35:30,009 [Listener at 127.0.0.1/43789] INFO  server.RaftServer (RaftServerProxy.java:lambda$close$6(391)) - de4d5c13-4a27-410b-b35a-5584c5652eab: close
2021-09-16 19:35:30,010 [Listener at 127.0.0.1/43789] INFO  server.RaftServer$Division (RaftServerImpl.java:lambda$close$4(407)) - de4d5c13-4a27-410b-b35a-5584c5652eab@group-10A05C49AC01: shutdown
2021-09-16 19:35:30,010 [Listener at 127.0.0.1/43789] INFO  util.JmxRegister (JmxRegister.java:unregister(73)) - Successfully un-registered JMX Bean with object name Ratis:service=RaftServer,group=group-10A05C49AC01,id=de4d5c13-4a27-410b-b35a-5584c5652eab
2021-09-16 19:35:30,010 [Listener at 127.0.0.1/43789] INFO  impl.RoleInfo (RoleInfo.java:shutdownLeaderState(91)) - de4d5c13-4a27-410b-b35a-5584c5652eab: shutdown de4d5c13-4a27-410b-b35a-5584c5652eab@group-10A05C49AC01-LeaderStateImpl
2021-09-16 19:35:30,010 [Listener at 127.0.0.1/43789] INFO  impl.PendingRequests (PendingRequests.java:sendNotLeaderResponses(282)) - de4d5c13-4a27-410b-b35a-5584c5652eab@group-10A05C49AC01-PendingRequests: sendNotLeaderResponses
2021-09-16 19:35:30,012 [de4d5c13-4a27-410b-b35a-5584c5652eab@group-10A05C49AC01-StateMachineUpdater] INFO  ratis.ContainerStateMachine (ContainerStateMachine.java:takeSnapshot(292)) - group-10A05C49AC01: Taking a snapshot at:(t:1, i:0) file /home/runner/work/ozone/ozone/hadoop-ozone/integration-test/target/test-dir/MiniOzoneClusterImpl-4c5ee767-53d0-43e8-b9fb-bc60904004ee/datanode-5/data/ratis/1ae849a2-9881-49da-8ddb-10a05c49ac01/sm/snapshot.1_0
2021-09-16 19:35:30,013 [Listener at 127.0.0.1/43789] INFO  impl.StateMachineUpdater (StateMachineUpdater.java:stopAndJoin(149)) - de4d5c13-4a27-410b-b35a-5584c5652eab@group-10A05C49AC01-StateMachineUpdater: set stopIndex = 0
2021-09-16 19:35:30,013 [de4d5c13-4a27-410b-b35a-5584c5652eab@group-10A05C49AC01-StateMachineUpdater] INFO  ratis.ContainerStateMachine (ContainerStateMachine.java:takeSnapshot(303)) - group-10A05C49AC01: Finished taking a snapshot at:(t:1, i:0) file:/home/runner/work/ozone/ozone/hadoop-ozone/integration-test/target/test-dir/MiniOzoneClusterImpl-4c5ee767-53d0-43e8-b9fb-bc60904004ee/datanode-5/data/ratis/1ae849a2-9881-49da-8ddb-10a05c49ac01/sm/snapshot.1_0 took: 1 ms
2021-09-16 19:35:30,014 [de4d5c13-4a27-410b-b35a-5584c5652eab@group-10A05C49AC01-StateMachineUpdater] INFO  impl.StateMachineUpdater (StateMachineUpdater.java:takeSnapshot(281)) - de4d5c13-4a27-410b-b35a-5584c5652eab@group-10A05C49AC01-StateMachineUpdater: Took a snapshot at index 0
2021-09-16 19:35:30,014 [de4d5c13-4a27-410b-b35a-5584c5652eab@group-10A05C49AC01-StateMachineUpdater] INFO  impl.StateMachineUpdater (StateMachineUpdater.java:lambda$new$0(89)) - de4d5c13-4a27-410b-b35a-5584c5652eab@group-10A05C49AC01-StateMachineUpdater: snapshotIndex: updateIncreasingly -1 -> 0
2021-09-16 19:35:30,021 [Listener at 127.0.0.1/43789] INFO  server.RaftServer$Division (ServerState.java:close(419)) - de4d5c13-4a27-410b-b35a-5584c5652eab@group-10A05C49AC01: closes. applyIndex: 0
2021-09-16 19:35:30,022 [de4d5c13-4a27-410b-b35a-5584c5652eab@group-10A05C49AC01-SegmentedRaftLogWorker] INFO  segmented.SegmentedRaftLogWorker (SegmentedRaftLogWorker.java:run(327)) - de4d5c13-4a27-410b-b35a-5584c5652eab@group-10A05C49AC01-SegmentedRaftLogWorker was interrupted, exiting. There are 0 tasks remaining in the queue.
2021-09-16 19:35:30,041 [ForkJoinPool.commonPool-worker-1] INFO  ozoneimpl.OzoneContainer (OzoneContainer.java:stop(325)) - Attempting to stop container services.
2021-09-16 19:35:30,041 [ForkJoinPool.commonPool-worker-1] INFO  server.RaftServer (RaftServerProxy.java:lambda$close$6(391)) - 1226f225-3abd-46f9-90c8-da28d00f4d36: close
2021-09-16 19:35:30,042 [ForkJoinPool.commonPool-worker-1] INFO  server.RaftServer$Division (RaftServerImpl.java:lambda$close$4(407)) - 1226f225-3abd-46f9-90c8-da28d00f4d36@group-D3A07527D82D: shutdown
2021-09-16 19:35:30,042 [ForkJoinPool.commonPool-worker-1] INFO  util.JmxRegister (JmxRegister.java:unregister(73)) - Successfully un-registered JMX Bean with object name Ratis:service=RaftServer,group=group-D3A07527D82D,id=1226f225-3abd-46f9-90c8-da28d00f4d36
2021-09-16 19:35:30,042 [ForkJoinPool.commonPool-worker-1] INFO  impl.RoleInfo (RoleInfo.java:shutdownFollowerState(108)) - 1226f225-3abd-46f9-90c8-da28d00f4d36: shutdown 1226f225-3abd-46f9-90c8-da28d00f4d36@group-D3A07527D82D-FollowerState
2021-09-16 19:35:30,042 [ForkJoinPool.commonPool-worker-1] INFO  impl.StateMachineUpdater (StateMachineUpdater.java:stopAndJoin(149)) - 1226f225-3abd-46f9-90c8-da28d00f4d36@group-D3A07527D82D-StateMachineUpdater: set stopIndex = 0
2021-09-16 19:35:30,042 [1226f225-3abd-46f9-90c8-da28d00f4d36@group-D3A07527D82D-StateMachineUpdater] INFO  ratis.ContainerStateMachine (ContainerStateMachine.java:takeSnapshot(292)) - group-D3A07527D82D: Taking a snapshot at:(t:4, i:0) file /home/runner/work/ozone/ozone/hadoop-ozone/integration-test/target/test-dir/MiniOzoneClusterImpl-4c5ee767-53d0-43e8-b9fb-bc60904004ee/datanode-3/data/ratis/fe861425-d21f-4895-9738-d3a07527d82d/sm/snapshot.4_0
2021-09-16 19:35:30,043 [1226f225-3abd-46f9-90c8-da28d00f4d36@group-D3A07527D82D-StateMachineUpdater] INFO  ratis.ContainerStateMachine (ContainerStateMachine.java:takeSnapshot(303)) - group-D3A07527D82D: Finished taking a snapshot at:(t:4, i:0) file:/home/runner/work/ozone/ozone/hadoop-ozone/integration-test/target/test-dir/MiniOzoneClusterImpl-4c5ee767-53d0-43e8-b9fb-bc60904004ee/datanode-3/data/ratis/fe861425-d21f-4895-9738-d3a07527d82d/sm/snapshot.4_0 took: 1 ms
2021-09-16 19:35:30,043 [1226f225-3abd-46f9-90c8-da28d00f4d36@group-D3A07527D82D-StateMachineUpdater] INFO  impl.StateMachineUpdater (StateMachineUpdater.java:takeSnapshot(281)) - 1226f225-3abd-46f9-90c8-da28d00f4d36@group-D3A07527D82D-StateMachineUpdater: Took a snapshot at index 0
2021-09-16 19:35:30,043 [1226f225-3abd-46f9-90c8-da28d00f4d36@group-D3A07527D82D-StateMachineUpdater] INFO  impl.StateMachineUpdater (StateMachineUpdater.java:lambda$new$0(89)) - 1226f225-3abd-46f9-90c8-da28d00f4d36@group-D3A07527D82D-StateMachineUpdater: snapshotIndex: updateIncreasingly -1 -> 0
2021-09-16 19:35:30,044 [ForkJoinPool.commonPool-worker-1] INFO  server.RaftServer$Division (ServerState.java:close(419)) - 1226f225-3abd-46f9-90c8-da28d00f4d36@group-D3A07527D82D: closes. applyIndex: 0
2021-09-16 19:35:30,044 [1226f225-3abd-46f9-90c8-da28d00f4d36@group-D3A07527D82D-SegmentedRaftLogWorker] INFO  segmented.SegmentedRaftLogWorker (SegmentedRaftLogWorker.java:run(327)) - 1226f225-3abd-46f9-90c8-da28d00f4d36@group-D3A07527D82D-SegmentedRaftLogWorker was interrupted, exiting. There are 0 tasks remaining in the queue.
2021-09-16 19:35:30,046 [1226f225-3abd-46f9-90c8-da28d00f4d36@group-D3A07527D82D-FollowerState] INFO  impl.FollowerState (FollowerState.java:run(143)) - 1226f225-3abd-46f9-90c8-da28d00f4d36@group-D3A07527D82D-FollowerState was interrupted: {}
java.lang.InterruptedException: sleep interrupted
	at java.lang.Thread.sleep(Native Method)
	at java.lang.Thread.sleep(Thread.java:340)
	at java.util.concurrent.TimeUnit.sleep(TimeUnit.java:386)
	at org.apache.ratis.util.TimeDuration.sleep(TimeDuration.java:324)
	at org.apache.ratis.util.TimeDuration.sleep(TimeDuration.java:309)
	at org.apache.ratis.server.impl.FollowerState.run(FollowerState.java:118)
2021-09-16 19:35:30,114 [Listener at 127.0.0.1/43789] INFO  segmented.SegmentedRaftLogWorker (SegmentedRaftLogWorker.java:close(237)) - de4d5c13-4a27-410b-b35a-5584c5652eab@group-10A05C49AC01-SegmentedRaftLogWorker close()
2021-09-16 19:35:30,114 [ForkJoinPool.commonPool-worker-1] INFO  segmented.SegmentedRaftLogWorker (SegmentedRaftLogWorker.java:close(237)) - 1226f225-3abd-46f9-90c8-da28d00f4d36@group-D3A07527D82D-SegmentedRaftLogWorker close()
2021-09-16 19:35:30,170 [Listener at 127.0.0.1/43789] INFO  server.RaftServer$Division (RaftServerImpl.java:lambda$close$4(407)) - de4d5c13-4a27-410b-b35a-5584c5652eab@group-D3A07527D82D: shutdown
2021-09-16 19:35:30,170 [Listener at 127.0.0.1/43789] INFO  util.JmxRegister (JmxRegister.java:unregister(73)) - Successfully un-registered JMX Bean with object name Ratis:service=RaftServer,group=group-D3A07527D82D,id=de4d5c13-4a27-410b-b35a-5584c5652eab
2021-09-16 19:35:30,170 [Listener at 127.0.0.1/43789] INFO  impl.RoleInfo (RoleInfo.java:shutdownLeaderState(91)) - de4d5c13-4a27-410b-b35a-5584c5652eab: shutdown de4d5c13-4a27-410b-b35a-5584c5652eab@group-D3A07527D82D-LeaderStateImpl
2021-09-16 19:35:30,170 [Listener at 127.0.0.1/43789] INFO  impl.PendingRequests (PendingRequests.java:sendNotLeaderResponses(282)) - de4d5c13-4a27-410b-b35a-5584c5652eab@group-D3A07527D82D-PendingRequests: sendNotLeaderResponses
2021-09-16 19:35:30,172 [Listener at 127.0.0.1/43789] INFO  impl.StateMachineUpdater (StateMachineUpdater.java:stopAndJoin(149)) - de4d5c13-4a27-410b-b35a-5584c5652eab@group-D3A07527D82D-StateMachineUpdater: set stopIndex = 0
2021-09-16 19:35:30,172 [de4d5c13-4a27-410b-b35a-5584c5652eab@group-D3A07527D82D-StateMachineUpdater] INFO  ratis.ContainerStateMachine (ContainerStateMachine.java:takeSnapshot(292)) - group-D3A07527D82D: Taking a snapshot at:(t:4, i:0) file /home/runner/work/ozone/ozone/hadoop-ozone/integration-test/target/test-dir/MiniOzoneClusterImpl-4c5ee767-53d0-43e8-b9fb-bc60904004ee/datanode-5/data/ratis/fe861425-d21f-4895-9738-d3a07527d82d/sm/snapshot.4_0
2021-09-16 19:35:30,172 [ForkJoinPool.commonPool-worker-1] INFO  server.RaftServer$Division (RaftServerImpl.java:lambda$close$4(407)) - 1226f225-3abd-46f9-90c8-da28d00f4d36@group-E0FFB7A54584: shutdown
2021-09-16 19:35:30,172 [ForkJoinPool.commonPool-worker-1] INFO  util.JmxRegister (JmxRegister.java:unregister(73)) - Successfully un-registered JMX Bean with object name Ratis:service=RaftServer,group=group-E0FFB7A54584,id=1226f225-3abd-46f9-90c8-da28d00f4d36
2021-09-16 19:35:30,172 [ForkJoinPool.commonPool-worker-1] INFO  impl.RoleInfo (RoleInfo.java:shutdownLeaderState(91)) - 1226f225-3abd-46f9-90c8-da28d00f4d36: shutdown 1226f225-3abd-46f9-90c8-da28d00f4d36@group-E0FFB7A54584-LeaderStateImpl
2021-09-16 19:35:30,173 [ForkJoinPool.commonPool-worker-1] INFO  impl.PendingRequests (PendingRequests.java:sendNotLeaderResponses(282)) - 1226f225-3abd-46f9-90c8-da28d00f4d36@group-E0FFB7A54584-PendingRequests: sendNotLeaderResponses
2021-09-16 19:35:30,173 [de4d5c13-4a27-410b-b35a-5584c5652eab@group-D3A07527D82D-StateMachineUpdater] INFO  ratis.ContainerStateMachine (ContainerStateMachine.java:takeSnapshot(303)) - group-D3A07527D82D: Finished taking a snapshot at:(t:4, i:0) file:/home/runner/work/ozone/ozone/hadoop-ozone/integration-test/target/test-dir/MiniOzoneClusterImpl-4c5ee767-53d0-43e8-b9fb-bc60904004ee/datanode-5/data/ratis/fe861425-d21f-4895-9738-d3a07527d82d/sm/snapshot.4_0 took: 1 ms
2021-09-16 19:35:30,174 [de4d5c13-4a27-410b-b35a-5584c5652eab@group-D3A07527D82D-StateMachineUpdater] INFO  impl.StateMachineUpdater (StateMachineUpdater.java:takeSnapshot(281)) - de4d5c13-4a27-410b-b35a-5584c5652eab@group-D3A07527D82D-StateMachineUpdater: Took a snapshot at index 0
2021-09-16 19:35:30,174 [de4d5c13-4a27-410b-b35a-5584c5652eab@group-D3A07527D82D-StateMachineUpdater] INFO  impl.StateMachineUpdater (StateMachineUpdater.java:lambda$new$0(89)) - de4d5c13-4a27-410b-b35a-5584c5652eab@group-D3A07527D82D-StateMachineUpdater: snapshotIndex: updateIncreasingly -1 -> 0
2021-09-16 19:35:30,174 [ForkJoinPool.commonPool-worker-1] INFO  impl.StateMachineUpdater (StateMachineUpdater.java:stopAndJoin(149)) - 1226f225-3abd-46f9-90c8-da28d00f4d36@group-E0FFB7A54584-StateMachineUpdater: set stopIndex = 0
2021-09-16 19:35:30,174 [1226f225-3abd-46f9-90c8-da28d00f4d36@group-E0FFB7A54584-StateMachineUpdater] INFO  ratis.ContainerStateMachine (ContainerStateMachine.java:takeSnapshot(292)) - group-E0FFB7A54584: Taking a snapshot at:(t:1, i:0) file /home/runner/work/ozone/ozone/hadoop-ozone/integration-test/target/test-dir/MiniOzoneClusterImpl-4c5ee767-53d0-43e8-b9fb-bc60904004ee/datanode-3/data/ratis/e90c249c-3893-456e-8a1f-e0ffb7a54584/sm/snapshot.1_0
2021-09-16 19:35:30,172 [de4d5c13-4a27-410b-b35a-5584c5652eab@group-D3A07527D82D->1226f225-3abd-46f9-90c8-da28d00f4d36-GrpcLogAppender-LogAppenderDaemon] WARN  server.GrpcLogAppender (GrpcLogAppender.java:mayWait(175)) - de4d5c13-4a27-410b-b35a-5584c5652eab@group-D3A07527D82D->1226f225-3abd-46f9-90c8-da28d00f4d36-GrpcLogAppender: Wait interrupted by java.lang.InterruptedException
2021-09-16 19:35:30,175 [grpc-default-executor-0] INFO  server.GrpcServerProtocolService (GrpcServerProtocolService.java:onCompleted(140)) - 1226f225-3abd-46f9-90c8-da28d00f4d36: Completed APPEND_ENTRIES, lastRequest: de4d5c13-4a27-410b-b35a-5584c5652eab->1226f225-3abd-46f9-90c8-da28d00f4d36#1-t4,previous=(t:0, i:0),leaderCommit=0,initializing? true,entries: size=1, first=(t:4, i:0), CONFIGURATIONENTRY
2021-09-16 19:35:30,177 [grpc-default-executor-3] INFO  server.GrpcLogAppender (GrpcLogAppender.java:onCompleted(344)) - de4d5c13-4a27-410b-b35a-5584c5652eab@group-D3A07527D82D->1226f225-3abd-46f9-90c8-da28d00f4d36-AppendLogResponseHandler: follower responses appendEntries COMPLETED
2021-09-16 19:35:30,177 [1226f225-3abd-46f9-90c8-da28d00f4d36@group-E0FFB7A54584-StateMachineUpdater] INFO  ratis.ContainerStateMachine (ContainerStateMachine.java:takeSnapshot(303)) - group-E0FFB7A54584: Finished taking a snapshot at:(t:1, i:0) file:/home/runner/work/ozone/ozone/hadoop-ozone/integration-test/target/test-dir/MiniOzoneClusterImpl-4c5ee767-53d0-43e8-b9fb-bc60904004ee/datanode-3/data/ratis/e90c249c-3893-456e-8a1f-e0ffb7a54584/sm/snapshot.1_0 took: 3 ms
2021-09-16 19:35:30,177 [1226f225-3abd-46f9-90c8-da28d00f4d36@group-E0FFB7A54584-StateMachineUpdater] INFO  impl.StateMachineUpdater (StateMachineUpdater.java:takeSnapshot(281)) - 1226f225-3abd-46f9-90c8-da28d00f4d36@group-E0FFB7A54584-StateMachineUpdater: Took a snapshot at index 0
2021-09-16 19:35:30,177 [1226f225-3abd-46f9-90c8-da28d00f4d36@group-E0FFB7A54584-StateMachineUpdater] INFO  impl.StateMachineUpdater (StateMachineUpdater.java:lambda$new$0(89)) - 1226f225-3abd-46f9-90c8-da28d00f4d36@group-E0FFB7A54584-StateMachineUpdater: snapshotIndex: updateIncreasingly -1 -> 0
2021-09-16 19:35:30,177 [grpc-default-executor-3] INFO  leader.FollowerInfo (FollowerInfoImpl.java:lambda$new$0(46)) - de4d5c13-4a27-410b-b35a-5584c5652eab@group-D3A07527D82D->1226f225-3abd-46f9-90c8-da28d00f4d36: nextIndex: updateUnconditionally 1 -> 0
2021-09-16 19:35:30,178 [ForkJoinPool.commonPool-worker-1] INFO  server.RaftServer$Division (ServerState.java:close(419)) - 1226f225-3abd-46f9-90c8-da28d00f4d36@group-E0FFB7A54584: closes. applyIndex: 0
2021-09-16 19:35:30,178 [1226f225-3abd-46f9-90c8-da28d00f4d36@group-E0FFB7A54584-SegmentedRaftLogWorker] INFO  segmented.SegmentedRaftLogWorker (SegmentedRaftLogWorker.java:run(327)) - 1226f225-3abd-46f9-90c8-da28d00f4d36@group-E0FFB7A54584-SegmentedRaftLogWorker was interrupted, exiting. There are 0 tasks remaining in the queue.
2021-09-16 19:35:30,183 [ForkJoinPool.commonPool-worker-1] INFO  segmented.SegmentedRaftLogWorker (SegmentedRaftLogWorker.java:close(237)) - 1226f225-3abd-46f9-90c8-da28d00f4d36@group-E0FFB7A54584-SegmentedRaftLogWorker close()
2021-09-16 19:35:30,184 [ForkJoinPool.commonPool-worker-1] INFO  server.GrpcService (GrpcService.java:closeImpl(262)) - 1226f225-3abd-46f9-90c8-da28d00f4d36: shutdown server with port 44993 now
2021-09-16 19:35:30,225 [Listener at 127.0.0.1/43789] INFO  server.RaftServer$Division (ServerState.java:close(419)) - de4d5c13-4a27-410b-b35a-5584c5652eab@group-D3A07527D82D: closes. applyIndex: 0
2021-09-16 19:35:30,226 [de4d5c13-4a27-410b-b35a-5584c5652eab@group-D3A07527D82D-SegmentedRaftLogWorker] INFO  segmented.SegmentedRaftLogWorker (SegmentedRaftLogWorker.java:run(327)) - de4d5c13-4a27-410b-b35a-5584c5652eab@group-D3A07527D82D-SegmentedRaftLogWorker was interrupted, exiting. There are 0 tasks remaining in the queue.
2021-09-16 19:35:30,228 [Listener at 127.0.0.1/43789] INFO  segmented.SegmentedRaftLogWorker (SegmentedRaftLogWorker.java:close(237)) - de4d5c13-4a27-410b-b35a-5584c5652eab@group-D3A07527D82D-SegmentedRaftLogWorker close()
2021-09-16 19:35:30,228 [ForkJoinPool.commonPool-worker-1] INFO  server.GrpcService (GrpcService.java:closeImpl(271)) - 1226f225-3abd-46f9-90c8-da28d00f4d36: shutdown server with port 44993 successfully
2021-09-16 19:35:30,230 [Listener at 127.0.0.1/43789] INFO  server.GrpcService (GrpcService.java:closeImpl(262)) - de4d5c13-4a27-410b-b35a-5584c5652eab: shutdown server with port 33691 now
2021-09-16 19:35:30,244 [Listener at 127.0.0.1/43789] INFO  server.GrpcService (GrpcService.java:closeImpl(271)) - de4d5c13-4a27-410b-b35a-5584c5652eab: shutdown server with port 33691 successfully
2021-09-16 19:35:30,244 [org.apache.ratis.util.JvmPauseMonitor$$Lambda$531/459885056@10279163] INFO  util.JvmPauseMonitor (JvmPauseMonitor.java:run(109)) - JvmPauseMonitor-de4d5c13-4a27-410b-b35a-5584c5652eab: Stopped
2021-09-16 19:35:30,247 [Listener at 127.0.0.1/43789] INFO  utils.BackgroundService (BackgroundService.java:shutdown(132)) - Shutting down service BlockDeletingService
2021-09-16 19:35:30,303 [org.apache.ratis.util.JvmPauseMonitor$$Lambda$531/459885056@2468af4a] INFO  util.JvmPauseMonitor (JvmPauseMonitor.java:run(109)) - JvmPauseMonitor-1226f225-3abd-46f9-90c8-da28d00f4d36: Stopped
2021-09-16 19:35:30,361 [ForkJoinPool.commonPool-worker-1] INFO  utils.BackgroundService (BackgroundService.java:shutdown(132)) - Shutting down service BlockDeletingService
2021-09-16 19:35:32,464 [grpc-default-executor-3] WARN  server.GrpcLogAppender (LogUtils.java:warn(122)) - 63deab9d-b01f-425d-a78d-558263b66f1b@group-1B930CD1D13F->39314213-52f4-4d5f-8765-d5d2e351be65-AppendLogResponseHandler: Failed appendEntries: org.apache.ratis.thirdparty.io.grpc.StatusRuntimeException: UNAVAILABLE: io exception
2021-09-16 19:35:32,465 [grpc-default-executor-3] WARN  server.GrpcLogAppender (GrpcLogAppender.java:resetClient(111)) - 63deab9d-b01f-425d-a78d-558263b66f1b@group-1B930CD1D13F->39314213-52f4-4d5f-8765-d5d2e351be65-GrpcLogAppender: Leader has not got in touch with Follower 63deab9d-b01f-425d-a78d-558263b66f1b@group-1B930CD1D13F->39314213-52f4-4d5f-8765-d5d2e351be65(c0,m0,n1, attendVote=true, lastRpcSendTime=2500, lastRpcResponseTime=12546) yet, just keep nextIndex unchanged and retry.
2021-09-16 19:35:33,305 [Listener at 127.0.0.1/43789] INFO  statemachine.DatanodeStateMachine (DatanodeStateMachine.java:stopDaemon(515)) - Ozone container server stopped.
2021-09-16 19:35:33,306 [Listener at 127.0.0.1/43789] INFO  handler.ContextHandler (ContextHandler.java:doStop(1153)) - Stopped o.e.j.w.WebAppContext@24639c85{hddsDatanode,/,null,STOPPED}{jar:file:/home/runner/.m2/repository/org/apache/ozone/hdds-container-service/1.2.0-SNAPSHOT/hdds-container-service-1.2.0-SNAPSHOT.jar!/webapps/hddsDatanode}
2021-09-16 19:35:33,310 [Listener at 127.0.0.1/43789] INFO  server.AbstractConnector (AbstractConnector.java:doStop(381)) - Stopped ServerConnector@610ad623{HTTP/1.1, (http/1.1)}{0.0.0.0:0}
2021-09-16 19:35:33,310 [Listener at 127.0.0.1/43789] INFO  server.session (HouseKeeper.java:stopScavenging(149)) - node0 Stopped scavenging
2021-09-16 19:35:33,310 [Listener at 127.0.0.1/43789] INFO  handler.ContextHandler (ContextHandler.java:doStop(1153)) - Stopped o.e.j.s.ServletContextHandler@22377f75{static,/static,jar:file:/home/runner/.m2/repository/org/apache/ozone/hdds-container-service/1.2.0-SNAPSHOT/hdds-container-service-1.2.0-SNAPSHOT.jar!/webapps/static,STOPPED}
2021-09-16 19:35:33,310 [Listener at 127.0.0.1/43789] INFO  handler.ContextHandler (ContextHandler.java:doStop(1153)) - Stopped o.e.j.s.ServletContextHandler@54679e5a{logs,/logs,file:///home/runner/work/ozone/ozone/hadoop-ozone/integration-test/target/log,STOPPED}
2021-09-16 19:35:33,385 [ForkJoinPool.commonPool-worker-1] INFO  statemachine.DatanodeStateMachine (DatanodeStateMachine.java:stopDaemon(515)) - Ozone container server stopped.
2021-09-16 19:35:33,393 [ForkJoinPool.commonPool-worker-1] INFO  handler.ContextHandler (ContextHandler.java:doStop(1153)) - Stopped o.e.j.w.WebAppContext@3fc5cf62{hddsDatanode,/,null,STOPPED}{jar:file:/home/runner/.m2/repository/org/apache/ozone/hdds-container-service/1.2.0-SNAPSHOT/hdds-container-service-1.2.0-SNAPSHOT.jar!/webapps/hddsDatanode}
2021-09-16 19:35:33,443 [ForkJoinPool.commonPool-worker-1] INFO  server.AbstractConnector (AbstractConnector.java:doStop(381)) - Stopped ServerConnector@7da02d36{HTTP/1.1, (http/1.1)}{0.0.0.0:0}
2021-09-16 19:35:33,443 [ForkJoinPool.commonPool-worker-1] INFO  server.session (HouseKeeper.java:stopScavenging(149)) - node0 Stopped scavenging
2021-09-16 19:35:33,451 [ForkJoinPool.commonPool-worker-1] INFO  handler.ContextHandler (ContextHandler.java:doStop(1153)) - Stopped o.e.j.s.ServletContextHandler@2e211353{static,/static,jar:file:/home/runner/.m2/repository/org/apache/ozone/hdds-container-service/1.2.0-SNAPSHOT/hdds-container-service-1.2.0-SNAPSHOT.jar!/webapps/static,STOPPED}
2021-09-16 19:35:33,452 [ForkJoinPool.commonPool-worker-1] INFO  handler.ContextHandler (ContextHandler.java:doStop(1153)) - Stopped o.e.j.s.ServletContextHandler@4a39d0fc{logs,/logs,file:///home/runner/work/ozone/ozone/hadoop-ozone/integration-test/target/log,STOPPED}
2021-09-16 19:35:34,986 [grpc-default-executor-0] WARN  server.GrpcLogAppender (LogUtils.java:warn(122)) - 63deab9d-b01f-425d-a78d-558263b66f1b@group-1B930CD1D13F->39314213-52f4-4d5f-8765-d5d2e351be65-AppendLogResponseHandler: Failed appendEntries: org.apache.ratis.thirdparty.io.grpc.StatusRuntimeException: UNAVAILABLE: io exception
2021-09-16 19:35:34,986 [grpc-default-executor-0] WARN  server.GrpcLogAppender (GrpcLogAppender.java:resetClient(111)) - 63deab9d-b01f-425d-a78d-558263b66f1b@group-1B930CD1D13F->39314213-52f4-4d5f-8765-d5d2e351be65-GrpcLogAppender: Leader has not got in touch with Follower 63deab9d-b01f-425d-a78d-558263b66f1b@group-1B930CD1D13F->39314213-52f4-4d5f-8765-d5d2e351be65(c0,m0,n1, attendVote=true, lastRpcSendTime=3, lastRpcResponseTime=15068) yet, just keep nextIndex unchanged and retry.
2021-09-16 19:35:37,483 [grpc-default-executor-3] WARN  server.GrpcLogAppender (LogUtils.java:warn(122)) - 63deab9d-b01f-425d-a78d-558263b66f1b@group-1B930CD1D13F->39314213-52f4-4d5f-8765-d5d2e351be65-AppendLogResponseHandler: Failed appendEntries: org.apache.ratis.thirdparty.io.grpc.StatusRuntimeException: UNAVAILABLE: io exception
2021-09-16 19:35:37,484 [grpc-default-executor-3] WARN  server.GrpcLogAppender (GrpcLogAppender.java:resetClient(111)) - 63deab9d-b01f-425d-a78d-558263b66f1b@group-1B930CD1D13F->39314213-52f4-4d5f-8765-d5d2e351be65-GrpcLogAppender: Leader has not got in touch with Follower 63deab9d-b01f-425d-a78d-558263b66f1b@group-1B930CD1D13F->39314213-52f4-4d5f-8765-d5d2e351be65(c0,m0,n1, attendVote=true, lastRpcSendTime=0, lastRpcResponseTime=17565) yet, just keep nextIndex unchanged and retry.
2021-09-16 19:35:38,346 [Listener at 127.0.0.1/43789] INFO  ozoneimpl.OzoneContainer (OzoneContainer.java:stop(325)) - Attempting to stop container services.
2021-09-16 19:35:38,346 [Listener at 127.0.0.1/43789] INFO  server.RaftServer (RaftServerProxy.java:lambda$close$6(391)) - d325862d-5d90-442e-bb25-5d4329348a89: close
2021-09-16 19:35:38,347 [Listener at 127.0.0.1/43789] INFO  server.RaftServer$Division (RaftServerImpl.java:lambda$close$4(407)) - d325862d-5d90-442e-bb25-5d4329348a89@group-4AD9E37C4DEC: shutdown
2021-09-16 19:35:38,347 [Listener at 127.0.0.1/43789] INFO  util.JmxRegister (JmxRegister.java:unregister(73)) - Successfully un-registered JMX Bean with object name Ratis:service=RaftServer,group=group-4AD9E37C4DEC,id=d325862d-5d90-442e-bb25-5d4329348a89
2021-09-16 19:35:38,347 [Listener at 127.0.0.1/43789] INFO  impl.RoleInfo (RoleInfo.java:shutdownLeaderState(91)) - d325862d-5d90-442e-bb25-5d4329348a89: shutdown d325862d-5d90-442e-bb25-5d4329348a89@group-4AD9E37C4DEC-LeaderStateImpl
2021-09-16 19:35:38,347 [Listener at 127.0.0.1/43789] INFO  impl.PendingRequests (PendingRequests.java:sendNotLeaderResponses(282)) - d325862d-5d90-442e-bb25-5d4329348a89@group-4AD9E37C4DEC-PendingRequests: sendNotLeaderResponses
2021-09-16 19:35:38,348 [Listener at 127.0.0.1/43789] INFO  impl.StateMachineUpdater (StateMachineUpdater.java:stopAndJoin(149)) - d325862d-5d90-442e-bb25-5d4329348a89@group-4AD9E37C4DEC-StateMachineUpdater: set stopIndex = 0
2021-09-16 19:35:38,349 [d325862d-5d90-442e-bb25-5d4329348a89@group-4AD9E37C4DEC-StateMachineUpdater] INFO  ratis.ContainerStateMachine (ContainerStateMachine.java:takeSnapshot(292)) - group-4AD9E37C4DEC: Taking a snapshot at:(t:1, i:0) file /home/runner/work/ozone/ozone/hadoop-ozone/integration-test/target/test-dir/MiniOzoneClusterImpl-4c5ee767-53d0-43e8-b9fb-bc60904004ee/datanode-7/data/ratis/32d0e225-7eab-4482-b324-4ad9e37c4dec/sm/snapshot.1_0
2021-09-16 19:35:38,356 [d325862d-5d90-442e-bb25-5d4329348a89@group-4AD9E37C4DEC-StateMachineUpdater] INFO  ratis.ContainerStateMachine (ContainerStateMachine.java:takeSnapshot(303)) - group-4AD9E37C4DEC: Finished taking a snapshot at:(t:1, i:0) file:/home/runner/work/ozone/ozone/hadoop-ozone/integration-test/target/test-dir/MiniOzoneClusterImpl-4c5ee767-53d0-43e8-b9fb-bc60904004ee/datanode-7/data/ratis/32d0e225-7eab-4482-b324-4ad9e37c4dec/sm/snapshot.1_0 took: 7 ms
2021-09-16 19:35:38,356 [d325862d-5d90-442e-bb25-5d4329348a89@group-4AD9E37C4DEC-StateMachineUpdater] INFO  impl.StateMachineUpdater (StateMachineUpdater.java:takeSnapshot(281)) - d325862d-5d90-442e-bb25-5d4329348a89@group-4AD9E37C4DEC-StateMachineUpdater: Took a snapshot at index 0
2021-09-16 19:35:38,356 [d325862d-5d90-442e-bb25-5d4329348a89@group-4AD9E37C4DEC-StateMachineUpdater] INFO  impl.StateMachineUpdater (StateMachineUpdater.java:lambda$new$0(89)) - d325862d-5d90-442e-bb25-5d4329348a89@group-4AD9E37C4DEC-StateMachineUpdater: snapshotIndex: updateIncreasingly -1 -> 0
2021-09-16 19:35:38,357 [Listener at 127.0.0.1/43789] INFO  server.RaftServer$Division (ServerState.java:close(419)) - d325862d-5d90-442e-bb25-5d4329348a89@group-4AD9E37C4DEC: closes. applyIndex: 0
2021-09-16 19:35:38,357 [d325862d-5d90-442e-bb25-5d4329348a89@group-4AD9E37C4DEC-SegmentedRaftLogWorker] INFO  segmented.SegmentedRaftLogWorker (SegmentedRaftLogWorker.java:run(327)) - d325862d-5d90-442e-bb25-5d4329348a89@group-4AD9E37C4DEC-SegmentedRaftLogWorker was interrupted, exiting. There are 0 tasks remaining in the queue.
2021-09-16 19:35:38,359 [Listener at 127.0.0.1/43789] INFO  segmented.SegmentedRaftLogWorker (SegmentedRaftLogWorker.java:close(237)) - d325862d-5d90-442e-bb25-5d4329348a89@group-4AD9E37C4DEC-SegmentedRaftLogWorker close()
2021-09-16 19:35:38,377 [Listener at 127.0.0.1/43789] INFO  server.RaftServer$Division (RaftServerImpl.java:lambda$close$4(407)) - d325862d-5d90-442e-bb25-5d4329348a89@group-BBBDE90A5B3B: shutdown
2021-09-16 19:35:38,377 [Listener at 127.0.0.1/43789] INFO  util.JmxRegister (JmxRegister.java:unregister(73)) - Successfully un-registered JMX Bean with object name Ratis:service=RaftServer,group=group-BBBDE90A5B3B,id=d325862d-5d90-442e-bb25-5d4329348a89
2021-09-16 19:35:38,377 [Listener at 127.0.0.1/43789] INFO  impl.RoleInfo (RoleInfo.java:shutdownFollowerState(108)) - d325862d-5d90-442e-bb25-5d4329348a89: shutdown d325862d-5d90-442e-bb25-5d4329348a89@group-BBBDE90A5B3B-FollowerState
2021-09-16 19:35:38,377 [Listener at 127.0.0.1/43789] INFO  impl.StateMachineUpdater (StateMachineUpdater.java:stopAndJoin(149)) - d325862d-5d90-442e-bb25-5d4329348a89@group-BBBDE90A5B3B-StateMachineUpdater: set stopIndex = 2
2021-09-16 19:35:38,377 [d325862d-5d90-442e-bb25-5d4329348a89@group-BBBDE90A5B3B-FollowerState] INFO  impl.FollowerState (FollowerState.java:run(143)) - d325862d-5d90-442e-bb25-5d4329348a89@group-BBBDE90A5B3B-FollowerState was interrupted: {}
java.lang.InterruptedException: sleep interrupted
	at java.lang.Thread.sleep(Native Method)
	at java.lang.Thread.sleep(Thread.java:340)
	at java.util.concurrent.TimeUnit.sleep(TimeUnit.java:386)
	at org.apache.ratis.util.TimeDuration.sleep(TimeDuration.java:324)
	at org.apache.ratis.util.TimeDuration.sleep(TimeDuration.java:309)
	at org.apache.ratis.server.impl.FollowerState.run(FollowerState.java:118)
2021-09-16 19:35:38,378 [d325862d-5d90-442e-bb25-5d4329348a89@group-BBBDE90A5B3B-StateMachineUpdater] INFO  ratis.ContainerStateMachine (ContainerStateMachine.java:takeSnapshot(292)) - group-BBBDE90A5B3B: Taking a snapshot at:(t:7, i:2) file /home/runner/work/ozone/ozone/hadoop-ozone/integration-test/target/test-dir/MiniOzoneClusterImpl-4c5ee767-53d0-43e8-b9fb-bc60904004ee/datanode-7/data/ratis/00cfb056-a3a7-417d-aba7-bbbde90a5b3b/sm/snapshot.7_2
2021-09-16 19:35:38,383 [d325862d-5d90-442e-bb25-5d4329348a89@group-BBBDE90A5B3B-StateMachineUpdater] INFO  ratis.ContainerStateMachine (ContainerStateMachine.java:takeSnapshot(303)) - group-BBBDE90A5B3B: Finished taking a snapshot at:(t:7, i:2) file:/home/runner/work/ozone/ozone/hadoop-ozone/integration-test/target/test-dir/MiniOzoneClusterImpl-4c5ee767-53d0-43e8-b9fb-bc60904004ee/datanode-7/data/ratis/00cfb056-a3a7-417d-aba7-bbbde90a5b3b/sm/snapshot.7_2 took: 5 ms
2021-09-16 19:35:38,384 [d325862d-5d90-442e-bb25-5d4329348a89@group-BBBDE90A5B3B-StateMachineUpdater] INFO  impl.StateMachineUpdater (StateMachineUpdater.java:takeSnapshot(281)) - d325862d-5d90-442e-bb25-5d4329348a89@group-BBBDE90A5B3B-StateMachineUpdater: Took a snapshot at index 2
2021-09-16 19:35:38,384 [d325862d-5d90-442e-bb25-5d4329348a89@group-BBBDE90A5B3B-StateMachineUpdater] INFO  impl.StateMachineUpdater (StateMachineUpdater.java:lambda$new$0(89)) - d325862d-5d90-442e-bb25-5d4329348a89@group-BBBDE90A5B3B-StateMachineUpdater: snapshotIndex: updateIncreasingly -1 -> 2
2021-09-16 19:35:38,393 [Listener at 127.0.0.1/43789] INFO  server.RaftServer$Division (ServerState.java:close(419)) - d325862d-5d90-442e-bb25-5d4329348a89@group-BBBDE90A5B3B: closes. applyIndex: 2
2021-09-16 19:35:38,394 [d325862d-5d90-442e-bb25-5d4329348a89@group-BBBDE90A5B3B-SegmentedRaftLogWorker] INFO  segmented.SegmentedRaftLogWorker (SegmentedRaftLogWorker.java:run(327)) - d325862d-5d90-442e-bb25-5d4329348a89@group-BBBDE90A5B3B-SegmentedRaftLogWorker was interrupted, exiting. There are 0 tasks remaining in the queue.
2021-09-16 19:35:38,395 [Listener at 127.0.0.1/43789] INFO  segmented.SegmentedRaftLogWorker (SegmentedRaftLogWorker.java:close(237)) - d325862d-5d90-442e-bb25-5d4329348a89@group-BBBDE90A5B3B-SegmentedRaftLogWorker close()
2021-09-16 19:35:38,395 [Listener at 127.0.0.1/43789] INFO  server.GrpcService (GrpcService.java:closeImpl(262)) - d325862d-5d90-442e-bb25-5d4329348a89: shutdown server with port 42511 now
2021-09-16 19:35:38,397 [grpc-default-executor-5] WARN  server.GrpcServerProtocolService (LogUtils.java:warn(122)) - d325862d-5d90-442e-bb25-5d4329348a89: installSnapshot onError, lastRequest: 17c51919-b33f-4a5f-9a86-1e5ebe529257->d325862d-5d90-442e-bb25-5d4329348a89#4-t7,previous=(t:7, i:1),leaderCommit=1,initializing? true,entries: size=1, first=(t:7, i:2), METADATAENTRY(c:1): org.apache.ratis.thirdparty.io.grpc.StatusRuntimeException: CANCELLED: client cancelled
2021-09-16 19:35:38,398 [Listener at 127.0.0.1/43789] INFO  server.GrpcService (GrpcService.java:closeImpl(271)) - d325862d-5d90-442e-bb25-5d4329348a89: shutdown server with port 42511 successfully
2021-09-16 19:35:38,402 [grpc-default-executor-5] WARN  server.GrpcLogAppender (LogUtils.java:warn(122)) - 17c51919-b33f-4a5f-9a86-1e5ebe529257@group-BBBDE90A5B3B->d325862d-5d90-442e-bb25-5d4329348a89-AppendLogResponseHandler: Failed appendEntries: org.apache.ratis.thirdparty.io.grpc.StatusRuntimeException: CANCELLED: HTTP/2 error code: CANCEL
Received Rst Stream
2021-09-16 19:35:38,402 [grpc-default-executor-5] INFO  leader.FollowerInfo (FollowerInfoImpl.java:lambda$new$0(46)) - 17c51919-b33f-4a5f-9a86-1e5ebe529257@group-BBBDE90A5B3B->d325862d-5d90-442e-bb25-5d4329348a89: nextIndex: updateUnconditionally 3 -> 2
2021-09-16 19:35:38,404 [org.apache.ratis.util.JvmPauseMonitor$$Lambda$531/459885056@25d3d9d1] INFO  util.JvmPauseMonitor (JvmPauseMonitor.java:run(109)) - JvmPauseMonitor-d325862d-5d90-442e-bb25-5d4329348a89: Stopped
2021-09-16 19:35:38,415 [Listener at 127.0.0.1/43789] INFO  utils.BackgroundService (BackgroundService.java:shutdown(132)) - Shutting down service BlockDeletingService
2021-09-16 19:35:38,430 [grpc-default-executor-0] WARN  server.GrpcLogAppender (LogUtils.java:warn(122)) - 17c51919-b33f-4a5f-9a86-1e5ebe529257@group-BBBDE90A5B3B->d325862d-5d90-442e-bb25-5d4329348a89-AppendLogResponseHandler: Failed appendEntries: org.apache.ratis.thirdparty.io.grpc.StatusRuntimeException: UNAVAILABLE: io exception
2021-09-16 19:35:38,430 [grpc-default-executor-0] INFO  leader.FollowerInfo (FollowerInfoImpl.java:lambda$new$0(46)) - 17c51919-b33f-4a5f-9a86-1e5ebe529257@group-BBBDE90A5B3B->d325862d-5d90-442e-bb25-5d4329348a89: nextIndex: updateUnconditionally 3 -> 2
2021-09-16 19:35:38,470 [ForkJoinPool.commonPool-worker-1] INFO  ozoneimpl.OzoneContainer (OzoneContainer.java:stop(325)) - Attempting to stop container services.
2021-09-16 19:35:38,470 [ForkJoinPool.commonPool-worker-1] INFO  server.RaftServer (RaftServerProxy.java:lambda$close$6(391)) - 67d2e683-5568-476c-afe3-e1175f298156: close
2021-09-16 19:35:38,470 [ForkJoinPool.commonPool-worker-1] INFO  server.RaftServer$Division (RaftServerImpl.java:lambda$close$4(407)) - 67d2e683-5568-476c-afe3-e1175f298156@group-1B930CD1D13F: shutdown
2021-09-16 19:35:38,471 [ForkJoinPool.commonPool-worker-1] INFO  util.JmxRegister (JmxRegister.java:unregister(73)) - Successfully un-registered JMX Bean with object name Ratis:service=RaftServer,group=group-1B930CD1D13F,id=67d2e683-5568-476c-afe3-e1175f298156
2021-09-16 19:35:38,471 [ForkJoinPool.commonPool-worker-1] INFO  impl.RoleInfo (RoleInfo.java:shutdownFollowerState(108)) - 67d2e683-5568-476c-afe3-e1175f298156: shutdown 67d2e683-5568-476c-afe3-e1175f298156@group-1B930CD1D13F-FollowerState
2021-09-16 19:35:38,471 [ForkJoinPool.commonPool-worker-1] INFO  impl.StateMachineUpdater (StateMachineUpdater.java:stopAndJoin(149)) - 67d2e683-5568-476c-afe3-e1175f298156@group-1B930CD1D13F-StateMachineUpdater: set stopIndex = 0
2021-09-16 19:35:38,471 [67d2e683-5568-476c-afe3-e1175f298156@group-1B930CD1D13F-FollowerState] INFO  impl.FollowerState (FollowerState.java:run(143)) - 67d2e683-5568-476c-afe3-e1175f298156@group-1B930CD1D13F-FollowerState was interrupted: {}
java.lang.InterruptedException: sleep interrupted
	at java.lang.Thread.sleep(Native Method)
	at java.lang.Thread.sleep(Thread.java:340)
	at java.util.concurrent.TimeUnit.sleep(TimeUnit.java:386)
	at org.apache.ratis.util.TimeDuration.sleep(TimeDuration.java:324)
	at org.apache.ratis.util.TimeDuration.sleep(TimeDuration.java:309)
	at org.apache.ratis.server.impl.FollowerState.run(FollowerState.java:118)
2021-09-16 19:35:38,471 [67d2e683-5568-476c-afe3-e1175f298156@group-1B930CD1D13F-StateMachineUpdater] INFO  ratis.ContainerStateMachine (ContainerStateMachine.java:takeSnapshot(292)) - group-1B930CD1D13F: Taking a snapshot at:(t:3, i:0) file /home/runner/work/ozone/ozone/hadoop-ozone/integration-test/target/test-dir/MiniOzoneClusterImpl-4c5ee767-53d0-43e8-b9fb-bc60904004ee/datanode-0/data/ratis/0e782f45-a9a8-4288-8131-1b930cd1d13f/sm/snapshot.3_0
2021-09-16 19:35:38,474 [67d2e683-5568-476c-afe3-e1175f298156@group-1B930CD1D13F-StateMachineUpdater] INFO  ratis.ContainerStateMachine (ContainerStateMachine.java:takeSnapshot(303)) - group-1B930CD1D13F: Finished taking a snapshot at:(t:3, i:0) file:/home/runner/work/ozone/ozone/hadoop-ozone/integration-test/target/test-dir/MiniOzoneClusterImpl-4c5ee767-53d0-43e8-b9fb-bc60904004ee/datanode-0/data/ratis/0e782f45-a9a8-4288-8131-1b930cd1d13f/sm/snapshot.3_0 took: 3 ms
2021-09-16 19:35:38,474 [67d2e683-5568-476c-afe3-e1175f298156@group-1B930CD1D13F-StateMachineUpdater] INFO  impl.StateMachineUpdater (StateMachineUpdater.java:takeSnapshot(281)) - 67d2e683-5568-476c-afe3-e1175f298156@group-1B930CD1D13F-StateMachineUpdater: Took a snapshot at index 0
2021-09-16 19:35:38,474 [67d2e683-5568-476c-afe3-e1175f298156@group-1B930CD1D13F-StateMachineUpdater] INFO  impl.StateMachineUpdater (StateMachineUpdater.java:lambda$new$0(89)) - 67d2e683-5568-476c-afe3-e1175f298156@group-1B930CD1D13F-StateMachineUpdater: snapshotIndex: updateIncreasingly -1 -> 0
2021-09-16 19:35:38,477 [ForkJoinPool.commonPool-worker-1] INFO  server.RaftServer$Division (ServerState.java:close(419)) - 67d2e683-5568-476c-afe3-e1175f298156@group-1B930CD1D13F: closes. applyIndex: 0
2021-09-16 19:35:38,478 [67d2e683-5568-476c-afe3-e1175f298156@group-1B930CD1D13F-SegmentedRaftLogWorker] INFO  segmented.SegmentedRaftLogWorker (SegmentedRaftLogWorker.java:run(327)) - 67d2e683-5568-476c-afe3-e1175f298156@group-1B930CD1D13F-SegmentedRaftLogWorker was interrupted, exiting. There are 0 tasks remaining in the queue.
2021-09-16 19:35:38,478 [ForkJoinPool.commonPool-worker-1] INFO  segmented.SegmentedRaftLogWorker (SegmentedRaftLogWorker.java:close(237)) - 67d2e683-5568-476c-afe3-e1175f298156@group-1B930CD1D13F-SegmentedRaftLogWorker close()
2021-09-16 19:35:38,478 [ForkJoinPool.commonPool-worker-1] INFO  server.RaftServer$Division (RaftServerImpl.java:lambda$close$4(407)) - 67d2e683-5568-476c-afe3-e1175f298156@group-F5E9999AB343: shutdown
2021-09-16 19:35:38,478 [ForkJoinPool.commonPool-worker-1] INFO  util.JmxRegister (JmxRegister.java:unregister(73)) - Successfully un-registered JMX Bean with object name Ratis:service=RaftServer,group=group-F5E9999AB343,id=67d2e683-5568-476c-afe3-e1175f298156
2021-09-16 19:35:38,478 [ForkJoinPool.commonPool-worker-1] INFO  impl.RoleInfo (RoleInfo.java:shutdownLeaderState(91)) - 67d2e683-5568-476c-afe3-e1175f298156: shutdown 67d2e683-5568-476c-afe3-e1175f298156@group-F5E9999AB343-LeaderStateImpl
2021-09-16 19:35:38,478 [ForkJoinPool.commonPool-worker-1] INFO  impl.PendingRequests (PendingRequests.java:sendNotLeaderResponses(282)) - 67d2e683-5568-476c-afe3-e1175f298156@group-F5E9999AB343-PendingRequests: sendNotLeaderResponses
2021-09-16 19:35:38,479 [ForkJoinPool.commonPool-worker-1] INFO  impl.StateMachineUpdater (StateMachineUpdater.java:stopAndJoin(149)) - 67d2e683-5568-476c-afe3-e1175f298156@group-F5E9999AB343-StateMachineUpdater: set stopIndex = 0
2021-09-16 19:35:38,479 [67d2e683-5568-476c-afe3-e1175f298156@group-F5E9999AB343-StateMachineUpdater] INFO  ratis.ContainerStateMachine (ContainerStateMachine.java:takeSnapshot(292)) - group-F5E9999AB343: Taking a snapshot at:(t:1, i:0) file /home/runner/work/ozone/ozone/hadoop-ozone/integration-test/target/test-dir/MiniOzoneClusterImpl-4c5ee767-53d0-43e8-b9fb-bc60904004ee/datanode-0/data/ratis/ee66ac76-522d-41ac-9582-f5e9999ab343/sm/snapshot.1_0
2021-09-16 19:35:38,480 [67d2e683-5568-476c-afe3-e1175f298156@group-F5E9999AB343-StateMachineUpdater] INFO  ratis.ContainerStateMachine (ContainerStateMachine.java:takeSnapshot(303)) - group-F5E9999AB343: Finished taking a snapshot at:(t:1, i:0) file:/home/runner/work/ozone/ozone/hadoop-ozone/integration-test/target/test-dir/MiniOzoneClusterImpl-4c5ee767-53d0-43e8-b9fb-bc60904004ee/datanode-0/data/ratis/ee66ac76-522d-41ac-9582-f5e9999ab343/sm/snapshot.1_0 took: 1 ms
2021-09-16 19:35:38,480 [67d2e683-5568-476c-afe3-e1175f298156@group-F5E9999AB343-StateMachineUpdater] INFO  impl.StateMachineUpdater (StateMachineUpdater.java:takeSnapshot(281)) - 67d2e683-5568-476c-afe3-e1175f298156@group-F5E9999AB343-StateMachineUpdater: Took a snapshot at index 0
2021-09-16 19:35:38,480 [67d2e683-5568-476c-afe3-e1175f298156@group-F5E9999AB343-StateMachineUpdater] INFO  impl.StateMachineUpdater (StateMachineUpdater.java:lambda$new$0(89)) - 67d2e683-5568-476c-afe3-e1175f298156@group-F5E9999AB343-StateMachineUpdater: snapshotIndex: updateIncreasingly -1 -> 0
2021-09-16 19:35:38,481 [ForkJoinPool.commonPool-worker-1] INFO  server.RaftServer$Division (ServerState.java:close(419)) - 67d2e683-5568-476c-afe3-e1175f298156@group-F5E9999AB343: closes. applyIndex: 0
2021-09-16 19:35:38,481 [67d2e683-5568-476c-afe3-e1175f298156@group-F5E9999AB343-SegmentedRaftLogWorker] INFO  segmented.SegmentedRaftLogWorker (SegmentedRaftLogWorker.java:run(327)) - 67d2e683-5568-476c-afe3-e1175f298156@group-F5E9999AB343-SegmentedRaftLogWorker was interrupted, exiting. There are 0 tasks remaining in the queue.
2021-09-16 19:35:38,481 [ForkJoinPool.commonPool-worker-1] INFO  segmented.SegmentedRaftLogWorker (SegmentedRaftLogWorker.java:close(237)) - 67d2e683-5568-476c-afe3-e1175f298156@group-F5E9999AB343-SegmentedRaftLogWorker close()
2021-09-16 19:35:38,481 [ForkJoinPool.commonPool-worker-1] INFO  server.GrpcService (GrpcService.java:closeImpl(262)) - 67d2e683-5568-476c-afe3-e1175f298156: shutdown server with port 44345 now
2021-09-16 19:35:38,484 [grpc-default-executor-5] WARN  server.GrpcServerProtocolService (LogUtils.java:warn(122)) - 67d2e683-5568-476c-afe3-e1175f298156: installSnapshot onError, lastRequest: 63deab9d-b01f-425d-a78d-558263b66f1b->67d2e683-5568-476c-afe3-e1175f298156#1-t3,previous=(t:0, i:0),leaderCommit=-1,initializing? true,entries: size=1, first=(t:3, i:0), CONFIGURATIONENTRY: org.apache.ratis.thirdparty.io.grpc.StatusRuntimeException: CANCELLED: client cancelled
2021-09-16 19:35:38,484 [grpc-default-executor-0] WARN  server.GrpcLogAppender (LogUtils.java:warn(122)) - 63deab9d-b01f-425d-a78d-558263b66f1b@group-1B930CD1D13F->67d2e683-5568-476c-afe3-e1175f298156-AppendLogResponseHandler: Failed appendEntries: org.apache.ratis.thirdparty.io.grpc.StatusRuntimeException: CANCELLED: HTTP/2 error code: CANCEL
Received Rst Stream
2021-09-16 19:35:38,484 [grpc-default-executor-0] WARN  server.GrpcLogAppender (GrpcLogAppender.java:resetClient(111)) - 63deab9d-b01f-425d-a78d-558263b66f1b@group-1B930CD1D13F->67d2e683-5568-476c-afe3-e1175f298156-GrpcLogAppender: Leader has not got in touch with Follower 63deab9d-b01f-425d-a78d-558263b66f1b@group-1B930CD1D13F->67d2e683-5568-476c-afe3-e1175f298156(c0,m0,n1, attendVote=true, lastRpcSendTime=444, lastRpcResponseTime=398) yet, just keep nextIndex unchanged and retry.
2021-09-16 19:35:38,499 [ForkJoinPool.commonPool-worker-1] INFO  server.GrpcService (GrpcService.java:closeImpl(271)) - 67d2e683-5568-476c-afe3-e1175f298156: shutdown server with port 44345 successfully
2021-09-16 19:35:38,499 [org.apache.ratis.util.JvmPauseMonitor$$Lambda$531/459885056@3afd7d12] INFO  util.JvmPauseMonitor (JvmPauseMonitor.java:run(109)) - JvmPauseMonitor-67d2e683-5568-476c-afe3-e1175f298156: Stopped
2021-09-16 19:35:38,532 [ForkJoinPool.commonPool-worker-1] INFO  utils.BackgroundService (BackgroundService.java:shutdown(132)) - Shutting down service BlockDeletingService
2021-09-16 19:35:39,984 [grpc-default-executor-0] WARN  server.GrpcLogAppender (LogUtils.java:warn(122)) - 63deab9d-b01f-425d-a78d-558263b66f1b@group-1B930CD1D13F->39314213-52f4-4d5f-8765-d5d2e351be65-AppendLogResponseHandler: Failed appendEntries: org.apache.ratis.thirdparty.io.grpc.StatusRuntimeException: UNAVAILABLE: io exception
2021-09-16 19:35:39,984 [grpc-default-executor-0] WARN  server.GrpcLogAppender (GrpcLogAppender.java:resetClient(111)) - 63deab9d-b01f-425d-a78d-558263b66f1b@group-1B930CD1D13F->39314213-52f4-4d5f-8765-d5d2e351be65-GrpcLogAppender: Leader has not got in touch with Follower 63deab9d-b01f-425d-a78d-558263b66f1b@group-1B930CD1D13F->39314213-52f4-4d5f-8765-d5d2e351be65(c0,m0,n1, attendVote=true, lastRpcSendTime=0, lastRpcResponseTime=20066) yet, just keep nextIndex unchanged and retry.
2021-09-16 19:35:40,597 [grpc-default-executor-5] WARN  server.GrpcLogAppender (LogUtils.java:warn(122)) - 63deab9d-b01f-425d-a78d-558263b66f1b@group-1B930CD1D13F->67d2e683-5568-476c-afe3-e1175f298156-AppendLogResponseHandler: Failed appendEntries: org.apache.ratis.thirdparty.io.grpc.StatusRuntimeException: UNAVAILABLE: io exception
2021-09-16 19:35:40,597 [grpc-default-executor-5] WARN  server.GrpcLogAppender (GrpcLogAppender.java:resetClient(111)) - 63deab9d-b01f-425d-a78d-558263b66f1b@group-1B930CD1D13F->67d2e683-5568-476c-afe3-e1175f298156-GrpcLogAppender: Leader has not got in touch with Follower 63deab9d-b01f-425d-a78d-558263b66f1b@group-1B930CD1D13F->67d2e683-5568-476c-afe3-e1175f298156(c0,m0,n1, attendVote=true, lastRpcSendTime=10, lastRpcResponseTime=2512) yet, just keep nextIndex unchanged and retry.
2021-09-16 19:35:40,915 [grpc-default-executor-5] WARN  server.GrpcLogAppender (LogUtils.java:warn(122)) - 17c51919-b33f-4a5f-9a86-1e5ebe529257@group-BBBDE90A5B3B->d325862d-5d90-442e-bb25-5d4329348a89-AppendLogResponseHandler: Failed appendEntries: org.apache.ratis.thirdparty.io.grpc.StatusRuntimeException: UNAVAILABLE: io exception
2021-09-16 19:35:40,915 [grpc-default-executor-5] INFO  leader.FollowerInfo (FollowerInfoImpl.java:lambda$new$0(46)) - 17c51919-b33f-4a5f-9a86-1e5ebe529257@group-BBBDE90A5B3B->d325862d-5d90-442e-bb25-5d4329348a89: nextIndex: updateUnconditionally 3 -> 2
2021-09-16 19:35:41,468 [Listener at 127.0.0.1/43789] INFO  statemachine.DatanodeStateMachine (DatanodeStateMachine.java:stopDaemon(515)) - Ozone container server stopped.
2021-09-16 19:35:41,469 [Listener at 127.0.0.1/43789] INFO  handler.ContextHandler (ContextHandler.java:doStop(1153)) - Stopped o.e.j.w.WebAppContext@63d10a3b{hddsDatanode,/,null,STOPPED}{jar:file:/home/runner/.m2/repository/org/apache/ozone/hdds-container-service/1.2.0-SNAPSHOT/hdds-container-service-1.2.0-SNAPSHOT.jar!/webapps/hddsDatanode}
2021-09-16 19:35:41,470 [Listener at 127.0.0.1/43789] INFO  server.AbstractConnector (AbstractConnector.java:doStop(381)) - Stopped ServerConnector@70cf3097{HTTP/1.1, (http/1.1)}{0.0.0.0:0}
2021-09-16 19:35:41,470 [Listener at 127.0.0.1/43789] INFO  server.session (HouseKeeper.java:stopScavenging(149)) - node0 Stopped scavenging
2021-09-16 19:35:41,470 [Listener at 127.0.0.1/43789] INFO  handler.ContextHandler (ContextHandler.java:doStop(1153)) - Stopped o.e.j.s.ServletContextHandler@2bddd2ed{static,/static,jar:file:/home/runner/.m2/repository/org/apache/ozone/hdds-container-service/1.2.0-SNAPSHOT/hdds-container-service-1.2.0-SNAPSHOT.jar!/webapps/static,STOPPED}
2021-09-16 19:35:41,470 [Listener at 127.0.0.1/43789] INFO  handler.ContextHandler (ContextHandler.java:doStop(1153)) - Stopped o.e.j.s.ServletContextHandler@46e1b54a{logs,/logs,file:///home/runner/work/ozone/ozone/hadoop-ozone/integration-test/target/log,STOPPED}
2021-09-16 19:35:41,542 [ForkJoinPool.commonPool-worker-1] INFO  statemachine.DatanodeStateMachine (DatanodeStateMachine.java:stopDaemon(515)) - Ozone container server stopped.
2021-09-16 19:35:41,584 [ForkJoinPool.commonPool-worker-1] INFO  handler.ContextHandler (ContextHandler.java:doStop(1153)) - Stopped o.e.j.w.WebAppContext@5df5e4c7{hddsDatanode,/,null,STOPPED}{jar:file:/home/runner/.m2/repository/org/apache/ozone/hdds-container-service/1.2.0-SNAPSHOT/hdds-container-service-1.2.0-SNAPSHOT.jar!/webapps/hddsDatanode}
2021-09-16 19:35:41,594 [ForkJoinPool.commonPool-worker-1] INFO  server.AbstractConnector (AbstractConnector.java:doStop(381)) - Stopped ServerConnector@2effa903{HTTP/1.1, (http/1.1)}{0.0.0.0:0}
2021-09-16 19:35:41,594 [ForkJoinPool.commonPool-worker-1] INFO  server.session (HouseKeeper.java:stopScavenging(149)) - node0 Stopped scavenging
2021-09-16 19:35:41,601 [ForkJoinPool.commonPool-worker-1] INFO  handler.ContextHandler (ContextHandler.java:doStop(1153)) - Stopped o.e.j.s.ServletContextHandler@1fc165a3{static,/static,jar:file:/home/runner/.m2/repository/org/apache/ozone/hdds-container-service/1.2.0-SNAPSHOT/hdds-container-service-1.2.0-SNAPSHOT.jar!/webapps/static,STOPPED}
2021-09-16 19:35:41,601 [ForkJoinPool.commonPool-worker-1] INFO  handler.ContextHandler (ContextHandler.java:doStop(1153)) - Stopped o.e.j.s.ServletContextHandler@65d675dd{logs,/logs,file:///home/runner/work/ozone/ozone/hadoop-ozone/integration-test/target/log,STOPPED}
2021-09-16 19:35:42,486 [grpc-default-executor-5] WARN  server.GrpcLogAppender (LogUtils.java:warn(122)) - 63deab9d-b01f-425d-a78d-558263b66f1b@group-1B930CD1D13F->39314213-52f4-4d5f-8765-d5d2e351be65-AppendLogResponseHandler: Failed appendEntries: org.apache.ratis.thirdparty.io.grpc.StatusRuntimeException: UNAVAILABLE: io exception
2021-09-16 19:35:42,486 [grpc-default-executor-5] WARN  server.GrpcLogAppender (GrpcLogAppender.java:resetClient(111)) - 63deab9d-b01f-425d-a78d-558263b66f1b@group-1B930CD1D13F->39314213-52f4-4d5f-8765-d5d2e351be65-GrpcLogAppender: Leader has not got in touch with Follower 63deab9d-b01f-425d-a78d-558263b66f1b@group-1B930CD1D13F->39314213-52f4-4d5f-8765-d5d2e351be65(c0,m0,n1, attendVote=true, lastRpcSendTime=2503, lastRpcResponseTime=22568) yet, just keep nextIndex unchanged and retry.
2021-09-16 19:35:43,087 [grpc-default-executor-5] WARN  server.GrpcLogAppender (LogUtils.java:warn(122)) - 63deab9d-b01f-425d-a78d-558263b66f1b@group-1B930CD1D13F->67d2e683-5568-476c-afe3-e1175f298156-AppendLogResponseHandler: Failed appendEntries: org.apache.ratis.thirdparty.io.grpc.StatusRuntimeException: UNAVAILABLE: io exception
2021-09-16 19:35:43,087 [grpc-default-executor-5] WARN  server.GrpcLogAppender (GrpcLogAppender.java:resetClient(111)) - 63deab9d-b01f-425d-a78d-558263b66f1b@group-1B930CD1D13F->67d2e683-5568-476c-afe3-e1175f298156-GrpcLogAppender: Leader has not got in touch with Follower 63deab9d-b01f-425d-a78d-558263b66f1b@group-1B930CD1D13F->67d2e683-5568-476c-afe3-e1175f298156(c0,m0,n1, attendVote=true, lastRpcSendTime=2500, lastRpcResponseTime=5002) yet, just keep nextIndex unchanged and retry.
2021-09-16 19:35:43,421 [grpc-default-executor-5] WARN  server.GrpcLogAppender (LogUtils.java:warn(122)) - 17c51919-b33f-4a5f-9a86-1e5ebe529257@group-BBBDE90A5B3B->d325862d-5d90-442e-bb25-5d4329348a89-AppendLogResponseHandler: Failed appendEntries: org.apache.ratis.thirdparty.io.grpc.StatusRuntimeException: UNAVAILABLE: io exception
2021-09-16 19:35:43,421 [grpc-default-executor-5] INFO  leader.FollowerInfo (FollowerInfoImpl.java:lambda$new$0(46)) - 17c51919-b33f-4a5f-9a86-1e5ebe529257@group-BBBDE90A5B3B->d325862d-5d90-442e-bb25-5d4329348a89: nextIndex: updateUnconditionally 3 -> 2
2021-09-16 19:35:43,858 [63deab9d-b01f-425d-a78d-558263b66f1b@group-1B930CD1D13F-LeaderStateImpl] WARN  server.RaftServer$Division (LeaderStateImpl.java:checkLeadership(944)) - 63deab9d-b01f-425d-a78d-558263b66f1b@group-1B930CD1D13F-LeaderStateImpl: Lost leadership on term: 3. Election timeout: 5200ms. In charge for: 41781ms. Conf: 0: [39314213-52f4-4d5f-8765-d5d2e351be65|rpc:10.1.0.5:40299|dataStream:|priority:0, 67d2e683-5568-476c-afe3-e1175f298156|rpc:10.1.0.5:44345|dataStream:|priority:0, 63deab9d-b01f-425d-a78d-558263b66f1b|rpc:10.1.0.5:40589|dataStream:|priority:1], old=null
2021-09-16 19:35:43,858 [63deab9d-b01f-425d-a78d-558263b66f1b@group-1B930CD1D13F-LeaderStateImpl] WARN  server.RaftServer$Division (LeaderStateImpl.java:lambda$checkLeadership$15(948)) - Follower 63deab9d-b01f-425d-a78d-558263b66f1b@group-1B930CD1D13F->39314213-52f4-4d5f-8765-d5d2e351be65(c0,m0,n1, attendVote=true, lastRpcSendTime=1370, lastRpcResponseTime=23939)
2021-09-16 19:35:43,858 [63deab9d-b01f-425d-a78d-558263b66f1b@group-1B930CD1D13F-LeaderStateImpl] WARN  server.RaftServer$Division (LeaderStateImpl.java:lambda$checkLeadership$15(948)) - Follower 63deab9d-b01f-425d-a78d-558263b66f1b@group-1B930CD1D13F->67d2e683-5568-476c-afe3-e1175f298156(c0,m0,n1, attendVote=true, lastRpcSendTime=769, lastRpcResponseTime=5772)
2021-09-16 19:35:43,858 [63deab9d-b01f-425d-a78d-558263b66f1b@group-1B930CD1D13F-LeaderStateImpl] INFO  server.RaftServer$Division (RaftServerImpl.java:setRole(285)) - 63deab9d-b01f-425d-a78d-558263b66f1b@group-1B930CD1D13F: changes role from    LEADER to FOLLOWER at term 3 for StepDownReason:LOST_MAJORITY_HEARTBEATS
2021-09-16 19:35:43,858 [63deab9d-b01f-425d-a78d-558263b66f1b@group-1B930CD1D13F-LeaderStateImpl] INFO  impl.RoleInfo (RoleInfo.java:shutdownLeaderState(91)) - 63deab9d-b01f-425d-a78d-558263b66f1b: shutdown 63deab9d-b01f-425d-a78d-558263b66f1b@group-1B930CD1D13F-LeaderStateImpl
2021-09-16 19:35:43,858 [63deab9d-b01f-425d-a78d-558263b66f1b@group-1B930CD1D13F-LeaderStateImpl] INFO  impl.PendingRequests (PendingRequests.java:sendNotLeaderResponses(282)) - 63deab9d-b01f-425d-a78d-558263b66f1b@group-1B930CD1D13F-PendingRequests: sendNotLeaderResponses
2021-09-16 19:35:43,859 [63deab9d-b01f-425d-a78d-558263b66f1b@group-1B930CD1D13F-LeaderStateImpl] INFO  impl.RoleInfo (RoleInfo.java:updateAndGet(130)) - 63deab9d-b01f-425d-a78d-558263b66f1b: start 63deab9d-b01f-425d-a78d-558263b66f1b@group-1B930CD1D13F-FollowerState
2021-09-16 19:35:45,916 [grpc-default-executor-5] WARN  server.GrpcLogAppender (LogUtils.java:warn(122)) - 17c51919-b33f-4a5f-9a86-1e5ebe529257@group-BBBDE90A5B3B->d325862d-5d90-442e-bb25-5d4329348a89-AppendLogResponseHandler: Failed appendEntries: org.apache.ratis.thirdparty.io.grpc.StatusRuntimeException: UNAVAILABLE: io exception
2021-09-16 19:35:45,917 [grpc-default-executor-5] INFO  leader.FollowerInfo (FollowerInfoImpl.java:lambda$new$0(46)) - 17c51919-b33f-4a5f-9a86-1e5ebe529257@group-BBBDE90A5B3B->d325862d-5d90-442e-bb25-5d4329348a89: nextIndex: updateUnconditionally 3 -> 2
2021-09-16 19:35:45,994 [EventQueue-StaleNodeForStaleNodeHandler] INFO  node.StaleNodeHandler (StaleNodeHandler.java:onMessage(58)) - Datanode e8f13dfe-2d88-44e3-8dd8-bc613bb80fa9{ip: 10.1.0.5, host: fv-az195-743.u3nnjwd0vyge1bu22idnsdeq2e.cx.internal.cloudapp.net, ports: [REPLICATION=41533, RATIS=42057, RATIS_ADMIN=42057, RATIS_SERVER=42057, STANDALONE=40795], networkLocation: /default-rack, certSerialId: null, persistedOpState: IN_SERVICE, persistedOpStateExpiryEpochSec: 0} moved to stale state. Finalizing its pipelines [PipelineID=fe861425-d21f-4895-9738-d3a07527d82d, PipelineID=254d7187-a969-4d72-a6be-43b6f6859f31]
2021-09-16 19:35:45,994 [EventQueue-StaleNodeForStaleNodeHandler] INFO  pipeline.PipelineManagerImpl (PipelineManagerImpl.java:closePipeline(342)) - Pipeline Pipeline[ Id: fe861425-d21f-4895-9738-d3a07527d82d, Nodes: de4d5c13-4a27-410b-b35a-5584c5652eab{ip: 10.1.0.5, host: fv-az195-743.u3nnjwd0vyge1bu22idnsdeq2e.cx.internal.cloudapp.net, ports: [REPLICATION=41341, RATIS=33691, RATIS_ADMIN=33691, RATIS_SERVER=33691, STANDALONE=40479], networkLocation: /default-rack, certSerialId: null, persistedOpState: IN_SERVICE, persistedOpStateExpiryEpochSec: 0}1226f225-3abd-46f9-90c8-da28d00f4d36{ip: 10.1.0.5, host: fv-az195-743.u3nnjwd0vyge1bu22idnsdeq2e.cx.internal.cloudapp.net, ports: [REPLICATION=46313, RATIS=44993, RATIS_ADMIN=44993, RATIS_SERVER=44993, STANDALONE=43383], networkLocation: /default-rack, certSerialId: null, persistedOpState: IN_SERVICE, persistedOpStateExpiryEpochSec: 0}e8f13dfe-2d88-44e3-8dd8-bc613bb80fa9{ip: 10.1.0.5, host: fv-az195-743.u3nnjwd0vyge1bu22idnsdeq2e.cx.internal.cloudapp.net, ports: [REPLICATION=41533, RATIS=42057, RATIS_ADMIN=42057, RATIS_SERVER=42057, STANDALONE=40795], networkLocation: /default-rack, certSerialId: null, persistedOpState: IN_SERVICE, persistedOpStateExpiryEpochSec: 0}, ReplicationConfig: RATIS/THREE, State:OPEN, leaderId:de4d5c13-4a27-410b-b35a-5584c5652eab, CreationTimestamp2021-09-16T19:34:46.556Z[Etc/UTC]] moved to CLOSED state
2021-09-16 19:35:45,995 [EventQueue-StaleNodeForStaleNodeHandler] INFO  pipeline.PipelineManagerImpl (PipelineManagerImpl.java:closePipeline(342)) - Pipeline Pipeline[ Id: 254d7187-a969-4d72-a6be-43b6f6859f31, Nodes: e8f13dfe-2d88-44e3-8dd8-bc613bb80fa9{ip: 10.1.0.5, host: fv-az195-743.u3nnjwd0vyge1bu22idnsdeq2e.cx.internal.cloudapp.net, ports: [REPLICATION=41533, RATIS=42057, RATIS_ADMIN=42057, RATIS_SERVER=42057, STANDALONE=40795], networkLocation: /default-rack, certSerialId: null, persistedOpState: IN_SERVICE, persistedOpStateExpiryEpochSec: 0}, ReplicationConfig: RATIS/ONE, State:OPEN, leaderId:e8f13dfe-2d88-44e3-8dd8-bc613bb80fa9, CreationTimestamp2021-09-16T19:34:45.744Z[Etc/UTC]] moved to CLOSED state
2021-09-16 19:35:46,298 [EventQueue-StaleNodeForStaleNodeHandler] INFO  node.StaleNodeHandler (StaleNodeHandler.java:onMessage(58)) - Datanode 39314213-52f4-4d5f-8765-d5d2e351be65{ip: 10.1.0.5, host: fv-az195-743.u3nnjwd0vyge1bu22idnsdeq2e.cx.internal.cloudapp.net, ports: [REPLICATION=36959, RATIS=40299, RATIS_ADMIN=40299, RATIS_SERVER=40299, STANDALONE=42345], networkLocation: /default-rack, certSerialId: null, persistedOpState: IN_SERVICE, persistedOpStateExpiryEpochSec: 0} moved to stale state. Finalizing its pipelines [PipelineID=0e782f45-a9a8-4288-8131-1b930cd1d13f, PipelineID=64695d0d-8b33-42d3-94a7-b7afa6fc76b7]
2021-09-16 19:35:46,298 [EventQueue-StaleNodeForStaleNodeHandler] INFO  pipeline.PipelineManagerImpl (PipelineManagerImpl.java:closePipeline(342)) - Pipeline Pipeline[ Id: 0e782f45-a9a8-4288-8131-1b930cd1d13f, Nodes: 39314213-52f4-4d5f-8765-d5d2e351be65{ip: 10.1.0.5, host: fv-az195-743.u3nnjwd0vyge1bu22idnsdeq2e.cx.internal.cloudapp.net, ports: [REPLICATION=36959, RATIS=40299, RATIS_ADMIN=40299, RATIS_SERVER=40299, STANDALONE=42345], networkLocation: /default-rack, certSerialId: null, persistedOpState: IN_SERVICE, persistedOpStateExpiryEpochSec: 0}63deab9d-b01f-425d-a78d-558263b66f1b{ip: 10.1.0.5, host: fv-az195-743.u3nnjwd0vyge1bu22idnsdeq2e.cx.internal.cloudapp.net, ports: [REPLICATION=46025, RATIS=40589, RATIS_ADMIN=40589, RATIS_SERVER=40589, STANDALONE=36143], networkLocation: /default-rack, certSerialId: null, persistedOpState: IN_SERVICE, persistedOpStateExpiryEpochSec: 0}67d2e683-5568-476c-afe3-e1175f298156{ip: 10.1.0.5, host: fv-az195-743.u3nnjwd0vyge1bu22idnsdeq2e.cx.internal.cloudapp.net, ports: [REPLICATION=35779, RATIS=44345, RATIS_ADMIN=44345, RATIS_SERVER=44345, STANDALONE=37889], networkLocation: /default-rack, certSerialId: null, persistedOpState: IN_SERVICE, persistedOpStateExpiryEpochSec: 0}, ReplicationConfig: RATIS/THREE, State:OPEN, leaderId:63deab9d-b01f-425d-a78d-558263b66f1b, CreationTimestamp2021-09-16T19:34:44.107Z[Etc/UTC]] moved to CLOSED state
2021-09-16 19:35:46,298 [EventQueue-StaleNodeForStaleNodeHandler] INFO  pipeline.PipelineManagerImpl (PipelineManagerImpl.java:closePipeline(342)) - Pipeline Pipeline[ Id: 64695d0d-8b33-42d3-94a7-b7afa6fc76b7, Nodes: 39314213-52f4-4d5f-8765-d5d2e351be65{ip: 10.1.0.5, host: fv-az195-743.u3nnjwd0vyge1bu22idnsdeq2e.cx.internal.cloudapp.net, ports: [REPLICATION=36959, RATIS=40299, RATIS_ADMIN=40299, RATIS_SERVER=40299, STANDALONE=42345], networkLocation: /default-rack, certSerialId: null, persistedOpState: IN_SERVICE, persistedOpStateExpiryEpochSec: 0}, ReplicationConfig: RATIS/ONE, State:OPEN, leaderId:39314213-52f4-4d5f-8765-d5d2e351be65, CreationTimestamp2021-09-16T19:34:44.098Z[Etc/UTC]] moved to CLOSED state
2021-09-16 19:35:46,474 [Listener at 127.0.0.1/43789] INFO  ozoneimpl.OzoneContainer (OzoneContainer.java:stop(325)) - Attempting to stop container services.
2021-09-16 19:35:46,478 [Listener at 127.0.0.1/43789] INFO  server.RaftServer (RaftServerProxy.java:lambda$close$6(391)) - 17c51919-b33f-4a5f-9a86-1e5ebe529257: close
2021-09-16 19:35:46,478 [Listener at 127.0.0.1/43789] INFO  server.RaftServer$Division (RaftServerImpl.java:lambda$close$4(407)) - 17c51919-b33f-4a5f-9a86-1e5ebe529257@group-BBBDE90A5B3B: shutdown
2021-09-16 19:35:46,478 [Listener at 127.0.0.1/43789] INFO  util.JmxRegister (JmxRegister.java:unregister(73)) - Successfully un-registered JMX Bean with object name Ratis:service=RaftServer,group=group-BBBDE90A5B3B,id=17c51919-b33f-4a5f-9a86-1e5ebe529257
2021-09-16 19:35:46,479 [Listener at 127.0.0.1/43789] INFO  impl.RoleInfo (RoleInfo.java:shutdownLeaderState(91)) - 17c51919-b33f-4a5f-9a86-1e5ebe529257: shutdown 17c51919-b33f-4a5f-9a86-1e5ebe529257@group-BBBDE90A5B3B-LeaderStateImpl
2021-09-16 19:35:46,479 [Listener at 127.0.0.1/43789] INFO  impl.PendingRequests (PendingRequests.java:sendNotLeaderResponses(282)) - 17c51919-b33f-4a5f-9a86-1e5ebe529257@group-BBBDE90A5B3B-PendingRequests: sendNotLeaderResponses
2021-09-16 19:35:46,523 [Listener at 127.0.0.1/43789] INFO  impl.StateMachineUpdater (StateMachineUpdater.java:stopAndJoin(149)) - 17c51919-b33f-4a5f-9a86-1e5ebe529257@group-BBBDE90A5B3B-StateMachineUpdater: set stopIndex = 2
2021-09-16 19:35:46,526 [17c51919-b33f-4a5f-9a86-1e5ebe529257@group-BBBDE90A5B3B-StateMachineUpdater] INFO  ratis.ContainerStateMachine (ContainerStateMachine.java:takeSnapshot(292)) - group-BBBDE90A5B3B: Taking a snapshot at:(t:7, i:2) file /home/runner/work/ozone/ozone/hadoop-ozone/integration-test/target/test-dir/MiniOzoneClusterImpl-4c5ee767-53d0-43e8-b9fb-bc60904004ee/datanode-8/data/ratis/00cfb056-a3a7-417d-aba7-bbbde90a5b3b/sm/snapshot.7_2
2021-09-16 19:35:46,538 [17c51919-b33f-4a5f-9a86-1e5ebe529257@group-BBBDE90A5B3B-StateMachineUpdater] INFO  ratis.ContainerStateMachine (ContainerStateMachine.java:takeSnapshot(303)) - group-BBBDE90A5B3B: Finished taking a snapshot at:(t:7, i:2) file:/home/runner/work/ozone/ozone/hadoop-ozone/integration-test/target/test-dir/MiniOzoneClusterImpl-4c5ee767-53d0-43e8-b9fb-bc60904004ee/datanode-8/data/ratis/00cfb056-a3a7-417d-aba7-bbbde90a5b3b/sm/snapshot.7_2 took: 12 ms
2021-09-16 19:35:46,538 [17c51919-b33f-4a5f-9a86-1e5ebe529257@group-BBBDE90A5B3B->22678529-1571-490a-85b9-2142d4a575d8-GrpcLogAppender-LogAppenderDaemon] WARN  server.GrpcLogAppender (GrpcLogAppender.java:mayWait(175)) - 17c51919-b33f-4a5f-9a86-1e5ebe529257@group-BBBDE90A5B3B->22678529-1571-490a-85b9-2142d4a575d8-GrpcLogAppender: Wait interrupted by java.lang.InterruptedException
2021-09-16 19:35:46,538 [17c51919-b33f-4a5f-9a86-1e5ebe529257@group-BBBDE90A5B3B-StateMachineUpdater] INFO  impl.StateMachineUpdater (StateMachineUpdater.java:takeSnapshot(281)) - 17c51919-b33f-4a5f-9a86-1e5ebe529257@group-BBBDE90A5B3B-StateMachineUpdater: Took a snapshot at index 2
2021-09-16 19:35:46,538 [17c51919-b33f-4a5f-9a86-1e5ebe529257@group-BBBDE90A5B3B-StateMachineUpdater] INFO  impl.StateMachineUpdater (StateMachineUpdater.java:lambda$new$0(89)) - 17c51919-b33f-4a5f-9a86-1e5ebe529257@group-BBBDE90A5B3B-StateMachineUpdater: snapshotIndex: updateIncreasingly -1 -> 2
2021-09-16 19:35:46,538 [17c51919-b33f-4a5f-9a86-1e5ebe529257@group-BBBDE90A5B3B->d325862d-5d90-442e-bb25-5d4329348a89-GrpcLogAppender-LogAppenderDaemon] WARN  server.GrpcLogAppender (GrpcLogAppender.java:mayWait(175)) - 17c51919-b33f-4a5f-9a86-1e5ebe529257@group-BBBDE90A5B3B->d325862d-5d90-442e-bb25-5d4329348a89-GrpcLogAppender: Wait interrupted by java.lang.InterruptedException
2021-09-16 19:35:46,539 [grpc-default-executor-5] INFO  server.GrpcServerProtocolService (GrpcServerProtocolService.java:onCompleted(140)) - 22678529-1571-490a-85b9-2142d4a575d8: Completed APPEND_ENTRIES, lastRequest: 17c51919-b33f-4a5f-9a86-1e5ebe529257->22678529-1571-490a-85b9-2142d4a575d8#3-t7,previous=(t:7, i:1),leaderCommit=1,initializing? true,entries: size=1, first=(t:7, i:2), METADATAENTRY(c:1)
2021-09-16 19:35:46,539 [Listener at 127.0.0.1/43789] INFO  server.RaftServer$Division (ServerState.java:close(419)) - 17c51919-b33f-4a5f-9a86-1e5ebe529257@group-BBBDE90A5B3B: closes. applyIndex: 2
2021-09-16 19:35:46,539 [17c51919-b33f-4a5f-9a86-1e5ebe529257@group-BBBDE90A5B3B-SegmentedRaftLogWorker] INFO  segmented.SegmentedRaftLogWorker (SegmentedRaftLogWorker.java:run(327)) - 17c51919-b33f-4a5f-9a86-1e5ebe529257@group-BBBDE90A5B3B-SegmentedRaftLogWorker was interrupted, exiting. There are 0 tasks remaining in the queue.
2021-09-16 19:35:46,540 [Listener at 127.0.0.1/43789] INFO  segmented.SegmentedRaftLogWorker (SegmentedRaftLogWorker.java:close(237)) - 17c51919-b33f-4a5f-9a86-1e5ebe529257@group-BBBDE90A5B3B-SegmentedRaftLogWorker close()
2021-09-16 19:35:46,540 [Listener at 127.0.0.1/43789] INFO  server.RaftServer$Division (RaftServerImpl.java:lambda$close$4(407)) - 17c51919-b33f-4a5f-9a86-1e5ebe529257@group-8948A4DA2296: shutdown
2021-09-16 19:35:46,540 [Listener at 127.0.0.1/43789] INFO  util.JmxRegister (JmxRegister.java:unregister(73)) - Successfully un-registered JMX Bean with object name Ratis:service=RaftServer,group=group-8948A4DA2296,id=17c51919-b33f-4a5f-9a86-1e5ebe529257
2021-09-16 19:35:46,540 [Listener at 127.0.0.1/43789] INFO  impl.RoleInfo (RoleInfo.java:shutdownLeaderState(91)) - 17c51919-b33f-4a5f-9a86-1e5ebe529257: shutdown 17c51919-b33f-4a5f-9a86-1e5ebe529257@group-8948A4DA2296-LeaderStateImpl
2021-09-16 19:35:46,540 [Listener at 127.0.0.1/43789] INFO  impl.PendingRequests (PendingRequests.java:sendNotLeaderResponses(282)) - 17c51919-b33f-4a5f-9a86-1e5ebe529257@group-8948A4DA2296-PendingRequests: sendNotLeaderResponses
2021-09-16 19:35:46,554 [grpc-default-executor-0] INFO  server.GrpcLogAppender (GrpcLogAppender.java:onCompleted(344)) - 17c51919-b33f-4a5f-9a86-1e5ebe529257@group-BBBDE90A5B3B->22678529-1571-490a-85b9-2142d4a575d8-AppendLogResponseHandler: follower responses appendEntries COMPLETED
2021-09-16 19:35:46,554 [grpc-default-executor-0] INFO  leader.FollowerInfo (FollowerInfoImpl.java:lambda$new$0(46)) - 17c51919-b33f-4a5f-9a86-1e5ebe529257@group-BBBDE90A5B3B->22678529-1571-490a-85b9-2142d4a575d8: nextIndex: updateUnconditionally 3 -> 2
2021-09-16 19:35:46,554 [Listener at 127.0.0.1/43789] INFO  impl.StateMachineUpdater (StateMachineUpdater.java:stopAndJoin(149)) - 17c51919-b33f-4a5f-9a86-1e5ebe529257@group-8948A4DA2296-StateMachineUpdater: set stopIndex = 0
2021-09-16 19:35:46,554 [17c51919-b33f-4a5f-9a86-1e5ebe529257@group-8948A4DA2296-StateMachineUpdater] INFO  ratis.ContainerStateMachine (ContainerStateMachine.java:takeSnapshot(292)) - group-8948A4DA2296: Taking a snapshot at:(t:1, i:0) file /home/runner/work/ozone/ozone/hadoop-ozone/integration-test/target/test-dir/MiniOzoneClusterImpl-4c5ee767-53d0-43e8-b9fb-bc60904004ee/datanode-8/data/ratis/42a52aa1-4bce-4ee6-b280-8948a4da2296/sm/snapshot.1_0
2021-09-16 19:35:46,558 [17c51919-b33f-4a5f-9a86-1e5ebe529257@group-8948A4DA2296-StateMachineUpdater] INFO  ratis.ContainerStateMachine (ContainerStateMachine.java:takeSnapshot(303)) - group-8948A4DA2296: Finished taking a snapshot at:(t:1, i:0) file:/home/runner/work/ozone/ozone/hadoop-ozone/integration-test/target/test-dir/MiniOzoneClusterImpl-4c5ee767-53d0-43e8-b9fb-bc60904004ee/datanode-8/data/ratis/42a52aa1-4bce-4ee6-b280-8948a4da2296/sm/snapshot.1_0 took: 4 ms
2021-09-16 19:35:46,558 [17c51919-b33f-4a5f-9a86-1e5ebe529257@group-8948A4DA2296-StateMachineUpdater] INFO  impl.StateMachineUpdater (StateMachineUpdater.java:takeSnapshot(281)) - 17c51919-b33f-4a5f-9a86-1e5ebe529257@group-8948A4DA2296-StateMachineUpdater: Took a snapshot at index 0
2021-09-16 19:35:46,558 [17c51919-b33f-4a5f-9a86-1e5ebe529257@group-8948A4DA2296-StateMachineUpdater] INFO  impl.StateMachineUpdater (StateMachineUpdater.java:lambda$new$0(89)) - 17c51919-b33f-4a5f-9a86-1e5ebe529257@group-8948A4DA2296-StateMachineUpdater: snapshotIndex: updateIncreasingly -1 -> 0
2021-09-16 19:35:46,569 [Listener at 127.0.0.1/43789] INFO  server.RaftServer$Division (ServerState.java:close(419)) - 17c51919-b33f-4a5f-9a86-1e5ebe529257@group-8948A4DA2296: closes. applyIndex: 0
2021-09-16 19:35:46,574 [17c51919-b33f-4a5f-9a86-1e5ebe529257@group-8948A4DA2296-SegmentedRaftLogWorker] INFO  segmented.SegmentedRaftLogWorker (SegmentedRaftLogWorker.java:run(327)) - 17c51919-b33f-4a5f-9a86-1e5ebe529257@group-8948A4DA2296-SegmentedRaftLogWorker was interrupted, exiting. There are 0 tasks remaining in the queue.
2021-09-16 19:35:46,574 [Listener at 127.0.0.1/43789] INFO  segmented.SegmentedRaftLogWorker (SegmentedRaftLogWorker.java:close(237)) - 17c51919-b33f-4a5f-9a86-1e5ebe529257@group-8948A4DA2296-SegmentedRaftLogWorker close()
2021-09-16 19:35:46,579 [Listener at 127.0.0.1/43789] INFO  server.GrpcService (GrpcService.java:closeImpl(262)) - 17c51919-b33f-4a5f-9a86-1e5ebe529257: shutdown server with port 40963 now
2021-09-16 19:35:46,627 [Listener at 127.0.0.1/43789] INFO  server.GrpcService (GrpcService.java:closeImpl(271)) - 17c51919-b33f-4a5f-9a86-1e5ebe529257: shutdown server with port 40963 successfully
2021-09-16 19:35:46,630 [org.apache.ratis.util.JvmPauseMonitor$$Lambda$531/459885056@3a058e0d] INFO  util.JvmPauseMonitor (JvmPauseMonitor.java:run(109)) - JvmPauseMonitor-17c51919-b33f-4a5f-9a86-1e5ebe529257: Stopped
2021-09-16 19:35:46,633 [Listener at 127.0.0.1/43789] INFO  utils.BackgroundService (BackgroundService.java:shutdown(132)) - Shutting down service BlockDeletingService
2021-09-16 19:35:46,660 [ForkJoinPool.commonPool-worker-1] INFO  ozoneimpl.OzoneContainer (OzoneContainer.java:stop(325)) - Attempting to stop container services.
2021-09-16 19:35:46,661 [ForkJoinPool.commonPool-worker-1] INFO  server.RaftServer (RaftServerProxy.java:lambda$close$6(391)) - 63deab9d-b01f-425d-a78d-558263b66f1b: close
2021-09-16 19:35:46,662 [ForkJoinPool.commonPool-worker-1] INFO  server.RaftServer$Division (RaftServerImpl.java:lambda$close$4(407)) - 63deab9d-b01f-425d-a78d-558263b66f1b@group-1B930CD1D13F: shutdown
2021-09-16 19:35:46,662 [ForkJoinPool.commonPool-worker-1] INFO  util.JmxRegister (JmxRegister.java:unregister(73)) - Successfully un-registered JMX Bean with object name Ratis:service=RaftServer,group=group-1B930CD1D13F,id=63deab9d-b01f-425d-a78d-558263b66f1b
2021-09-16 19:35:46,662 [ForkJoinPool.commonPool-worker-1] INFO  impl.RoleInfo (RoleInfo.java:shutdownFollowerState(108)) - 63deab9d-b01f-425d-a78d-558263b66f1b: shutdown 63deab9d-b01f-425d-a78d-558263b66f1b@group-1B930CD1D13F-FollowerState
2021-09-16 19:35:46,662 [ForkJoinPool.commonPool-worker-1] INFO  impl.StateMachineUpdater (StateMachineUpdater.java:stopAndJoin(149)) - 63deab9d-b01f-425d-a78d-558263b66f1b@group-1B930CD1D13F-StateMachineUpdater: set stopIndex = 0
2021-09-16 19:35:46,662 [63deab9d-b01f-425d-a78d-558263b66f1b@group-1B930CD1D13F-FollowerState] INFO  impl.FollowerState (FollowerState.java:run(143)) - 63deab9d-b01f-425d-a78d-558263b66f1b@group-1B930CD1D13F-FollowerState was interrupted: {}
java.lang.InterruptedException: sleep interrupted
	at java.lang.Thread.sleep(Native Method)
	at java.lang.Thread.sleep(Thread.java:340)
	at java.util.concurrent.TimeUnit.sleep(TimeUnit.java:386)
	at org.apache.ratis.util.TimeDuration.sleep(TimeDuration.java:324)
	at org.apache.ratis.util.TimeDuration.sleep(TimeDuration.java:309)
	at org.apache.ratis.server.impl.FollowerState.run(FollowerState.java:118)
2021-09-16 19:35:46,662 [63deab9d-b01f-425d-a78d-558263b66f1b@group-1B930CD1D13F-StateMachineUpdater] INFO  ratis.ContainerStateMachine (ContainerStateMachine.java:takeSnapshot(292)) - group-1B930CD1D13F: Taking a snapshot at:(t:3, i:0) file /home/runner/work/ozone/ozone/hadoop-ozone/integration-test/target/test-dir/MiniOzoneClusterImpl-4c5ee767-53d0-43e8-b9fb-bc60904004ee/datanode-1/data/ratis/0e782f45-a9a8-4288-8131-1b930cd1d13f/sm/snapshot.3_0
2021-09-16 19:35:46,663 [63deab9d-b01f-425d-a78d-558263b66f1b@group-1B930CD1D13F-StateMachineUpdater] INFO  ratis.ContainerStateMachine (ContainerStateMachine.java:takeSnapshot(303)) - group-1B930CD1D13F: Finished taking a snapshot at:(t:3, i:0) file:/home/runner/work/ozone/ozone/hadoop-ozone/integration-test/target/test-dir/MiniOzoneClusterImpl-4c5ee767-53d0-43e8-b9fb-bc60904004ee/datanode-1/data/ratis/0e782f45-a9a8-4288-8131-1b930cd1d13f/sm/snapshot.3_0 took: 1 ms
2021-09-16 19:35:46,664 [63deab9d-b01f-425d-a78d-558263b66f1b@group-1B930CD1D13F-StateMachineUpdater] INFO  impl.StateMachineUpdater (StateMachineUpdater.java:takeSnapshot(281)) - 63deab9d-b01f-425d-a78d-558263b66f1b@group-1B930CD1D13F-StateMachineUpdater: Took a snapshot at index 0
2021-09-16 19:35:46,664 [63deab9d-b01f-425d-a78d-558263b66f1b@group-1B930CD1D13F-StateMachineUpdater] INFO  impl.StateMachineUpdater (StateMachineUpdater.java:lambda$new$0(89)) - 63deab9d-b01f-425d-a78d-558263b66f1b@group-1B930CD1D13F-StateMachineUpdater: snapshotIndex: updateIncreasingly -1 -> 0
2021-09-16 19:35:46,664 [ForkJoinPool.commonPool-worker-1] INFO  server.RaftServer$Division (ServerState.java:close(419)) - 63deab9d-b01f-425d-a78d-558263b66f1b@group-1B930CD1D13F: closes. applyIndex: 0
2021-09-16 19:35:46,664 [63deab9d-b01f-425d-a78d-558263b66f1b@group-1B930CD1D13F-SegmentedRaftLogWorker] INFO  segmented.SegmentedRaftLogWorker (SegmentedRaftLogWorker.java:run(327)) - 63deab9d-b01f-425d-a78d-558263b66f1b@group-1B930CD1D13F-SegmentedRaftLogWorker was interrupted, exiting. There are 0 tasks remaining in the queue.
2021-09-16 19:35:46,664 [ForkJoinPool.commonPool-worker-1] INFO  segmented.SegmentedRaftLogWorker (SegmentedRaftLogWorker.java:close(237)) - 63deab9d-b01f-425d-a78d-558263b66f1b@group-1B930CD1D13F-SegmentedRaftLogWorker close()
2021-09-16 19:35:46,664 [ForkJoinPool.commonPool-worker-1] INFO  server.RaftServer$Division (RaftServerImpl.java:lambda$close$4(407)) - 63deab9d-b01f-425d-a78d-558263b66f1b@group-FA79C1AD13DC: shutdown
2021-09-16 19:35:46,665 [ForkJoinPool.commonPool-worker-1] INFO  util.JmxRegister (JmxRegister.java:unregister(73)) - Successfully un-registered JMX Bean with object name Ratis:service=RaftServer,group=group-FA79C1AD13DC,id=63deab9d-b01f-425d-a78d-558263b66f1b
2021-09-16 19:35:46,665 [ForkJoinPool.commonPool-worker-1] INFO  impl.RoleInfo (RoleInfo.java:shutdownLeaderState(91)) - 63deab9d-b01f-425d-a78d-558263b66f1b: shutdown 63deab9d-b01f-425d-a78d-558263b66f1b@group-FA79C1AD13DC-LeaderStateImpl
2021-09-16 19:35:46,665 [ForkJoinPool.commonPool-worker-1] INFO  impl.PendingRequests (PendingRequests.java:sendNotLeaderResponses(282)) - 63deab9d-b01f-425d-a78d-558263b66f1b@group-FA79C1AD13DC-PendingRequests: sendNotLeaderResponses
2021-09-16 19:35:46,666 [ForkJoinPool.commonPool-worker-1] INFO  impl.StateMachineUpdater (StateMachineUpdater.java:stopAndJoin(149)) - 63deab9d-b01f-425d-a78d-558263b66f1b@group-FA79C1AD13DC-StateMachineUpdater: set stopIndex = 0
2021-09-16 19:35:46,666 [63deab9d-b01f-425d-a78d-558263b66f1b@group-FA79C1AD13DC-StateMachineUpdater] INFO  ratis.ContainerStateMachine (ContainerStateMachine.java:takeSnapshot(292)) - group-FA79C1AD13DC: Taking a snapshot at:(t:1, i:0) file /home/runner/work/ozone/ozone/hadoop-ozone/integration-test/target/test-dir/MiniOzoneClusterImpl-4c5ee767-53d0-43e8-b9fb-bc60904004ee/datanode-1/data/ratis/8fdc3177-b988-4720-aae0-fa79c1ad13dc/sm/snapshot.1_0
2021-09-16 19:35:46,667 [63deab9d-b01f-425d-a78d-558263b66f1b@group-FA79C1AD13DC-StateMachineUpdater] INFO  ratis.ContainerStateMachine (ContainerStateMachine.java:takeSnapshot(303)) - group-FA79C1AD13DC: Finished taking a snapshot at:(t:1, i:0) file:/home/runner/work/ozone/ozone/hadoop-ozone/integration-test/target/test-dir/MiniOzoneClusterImpl-4c5ee767-53d0-43e8-b9fb-bc60904004ee/datanode-1/data/ratis/8fdc3177-b988-4720-aae0-fa79c1ad13dc/sm/snapshot.1_0 took: 1 ms
2021-09-16 19:35:46,667 [63deab9d-b01f-425d-a78d-558263b66f1b@group-FA79C1AD13DC-StateMachineUpdater] INFO  impl.StateMachineUpdater (StateMachineUpdater.java:takeSnapshot(281)) - 63deab9d-b01f-425d-a78d-558263b66f1b@group-FA79C1AD13DC-StateMachineUpdater: Took a snapshot at index 0
2021-09-16 19:35:46,667 [63deab9d-b01f-425d-a78d-558263b66f1b@group-FA79C1AD13DC-StateMachineUpdater] INFO  impl.StateMachineUpdater (StateMachineUpdater.java:lambda$new$0(89)) - 63deab9d-b01f-425d-a78d-558263b66f1b@group-FA79C1AD13DC-StateMachineUpdater: snapshotIndex: updateIncreasingly -1 -> 0
2021-09-16 19:35:46,669 [ForkJoinPool.commonPool-worker-1] INFO  server.RaftServer$Division (ServerState.java:close(419)) - 63deab9d-b01f-425d-a78d-558263b66f1b@group-FA79C1AD13DC: closes. applyIndex: 0
2021-09-16 19:35:46,670 [63deab9d-b01f-425d-a78d-558263b66f1b@group-FA79C1AD13DC-SegmentedRaftLogWorker] INFO  segmented.SegmentedRaftLogWorker (SegmentedRaftLogWorker.java:run(327)) - 63deab9d-b01f-425d-a78d-558263b66f1b@group-FA79C1AD13DC-SegmentedRaftLogWorker was interrupted, exiting. There are 0 tasks remaining in the queue.
2021-09-16 19:35:46,670 [ForkJoinPool.commonPool-worker-1] INFO  segmented.SegmentedRaftLogWorker (SegmentedRaftLogWorker.java:close(237)) - 63deab9d-b01f-425d-a78d-558263b66f1b@group-FA79C1AD13DC-SegmentedRaftLogWorker close()
2021-09-16 19:35:46,670 [ForkJoinPool.commonPool-worker-1] INFO  server.GrpcService (GrpcService.java:closeImpl(262)) - 63deab9d-b01f-425d-a78d-558263b66f1b: shutdown server with port 40589 now
2021-09-16 19:35:46,679 [ForkJoinPool.commonPool-worker-1] INFO  server.GrpcService (GrpcService.java:closeImpl(271)) - 63deab9d-b01f-425d-a78d-558263b66f1b: shutdown server with port 40589 successfully
2021-09-16 19:35:46,682 [org.apache.ratis.util.JvmPauseMonitor$$Lambda$531/459885056@6263f61] INFO  util.JvmPauseMonitor (JvmPauseMonitor.java:run(109)) - JvmPauseMonitor-63deab9d-b01f-425d-a78d-558263b66f1b: Stopped
2021-09-16 19:35:46,687 [ForkJoinPool.commonPool-worker-1] INFO  utils.BackgroundService (BackgroundService.java:shutdown(132)) - Shutting down service BlockDeletingService
2021-09-16 19:35:49,655 [Listener at 127.0.0.1/43789] INFO  statemachine.DatanodeStateMachine (DatanodeStateMachine.java:stopDaemon(515)) - Ozone container server stopped.
2021-09-16 19:35:49,656 [Listener at 127.0.0.1/43789] INFO  handler.ContextHandler (ContextHandler.java:doStop(1153)) - Stopped o.e.j.w.WebAppContext@53800294{hddsDatanode,/,null,STOPPED}{jar:file:/home/runner/.m2/repository/org/apache/ozone/hdds-container-service/1.2.0-SNAPSHOT/hdds-container-service-1.2.0-SNAPSHOT.jar!/webapps/hddsDatanode}
2021-09-16 19:35:49,672 [Listener at 127.0.0.1/43789] INFO  server.AbstractConnector (AbstractConnector.java:doStop(381)) - Stopped ServerConnector@3756c3f5{HTTP/1.1, (http/1.1)}{0.0.0.0:0}
2021-09-16 19:35:49,672 [Listener at 127.0.0.1/43789] INFO  server.session (HouseKeeper.java:stopScavenging(149)) - node0 Stopped scavenging
2021-09-16 19:35:49,673 [Listener at 127.0.0.1/43789] INFO  handler.ContextHandler (ContextHandler.java:doStop(1153)) - Stopped o.e.j.s.ServletContextHandler@497c738f{static,/static,jar:file:/home/runner/.m2/repository/org/apache/ozone/hdds-container-service/1.2.0-SNAPSHOT/hdds-container-service-1.2.0-SNAPSHOT.jar!/webapps/static,STOPPED}
2021-09-16 19:35:49,673 [Listener at 127.0.0.1/43789] INFO  handler.ContextHandler (ContextHandler.java:doStop(1153)) - Stopped o.e.j.s.ServletContextHandler@44774e0{logs,/logs,file:///home/runner/work/ozone/ozone/hadoop-ozone/integration-test/target/log,STOPPED}
2021-09-16 19:35:49,701 [ForkJoinPool.commonPool-worker-1] INFO  statemachine.DatanodeStateMachine (DatanodeStateMachine.java:stopDaemon(515)) - Ozone container server stopped.
2021-09-16 19:35:49,717 [ForkJoinPool.commonPool-worker-1] INFO  handler.ContextHandler (ContextHandler.java:doStop(1153)) - Stopped o.e.j.w.WebAppContext@867fd56{hddsDatanode,/,null,STOPPED}{jar:file:/home/runner/.m2/repository/org/apache/ozone/hdds-container-service/1.2.0-SNAPSHOT/hdds-container-service-1.2.0-SNAPSHOT.jar!/webapps/hddsDatanode}
2021-09-16 19:35:49,722 [ForkJoinPool.commonPool-worker-1] INFO  server.AbstractConnector (AbstractConnector.java:doStop(381)) - Stopped ServerConnector@7709a275{HTTP/1.1, (http/1.1)}{0.0.0.0:0}
2021-09-16 19:35:49,722 [ForkJoinPool.commonPool-worker-1] INFO  server.session (HouseKeeper.java:stopScavenging(149)) - node0 Stopped scavenging
2021-09-16 19:35:49,723 [ForkJoinPool.commonPool-worker-1] INFO  handler.ContextHandler (ContextHandler.java:doStop(1153)) - Stopped o.e.j.s.ServletContextHandler@6613043{static,/static,jar:file:/home/runner/.m2/repository/org/apache/ozone/hdds-container-service/1.2.0-SNAPSHOT/hdds-container-service-1.2.0-SNAPSHOT.jar!/webapps/static,STOPPED}
2021-09-16 19:35:49,723 [ForkJoinPool.commonPool-worker-1] INFO  handler.ContextHandler (ContextHandler.java:doStop(1153)) - Stopped o.e.j.s.ServletContextHandler@6e5e6f49{logs,/logs,file:///home/runner/work/ozone/ozone/hadoop-ozone/integration-test/target/log,STOPPED}
2021-09-16 19:35:53,277 [22678529-1571-490a-85b9-2142d4a575d8@group-BBBDE90A5B3B-FollowerState] INFO  impl.FollowerState (FollowerState.java:run(134)) - 22678529-1571-490a-85b9-2142d4a575d8@group-BBBDE90A5B3B-FollowerState: change to CANDIDATE, lastRpcElapsedTime:7511003425ns, electionTimeout:5184ms
2021-09-16 19:35:53,277 [22678529-1571-490a-85b9-2142d4a575d8@group-BBBDE90A5B3B-FollowerState] INFO  impl.RoleInfo (RoleInfo.java:shutdownFollowerState(108)) - 22678529-1571-490a-85b9-2142d4a575d8: shutdown 22678529-1571-490a-85b9-2142d4a575d8@group-BBBDE90A5B3B-FollowerState
2021-09-16 19:35:53,277 [22678529-1571-490a-85b9-2142d4a575d8@group-BBBDE90A5B3B-FollowerState] INFO  server.RaftServer$Division (RaftServerImpl.java:setRole(285)) - 22678529-1571-490a-85b9-2142d4a575d8@group-BBBDE90A5B3B: changes role from  FOLLOWER to CANDIDATE at term 7 for changeToCandidate
2021-09-16 19:35:53,277 [22678529-1571-490a-85b9-2142d4a575d8@group-BBBDE90A5B3B-FollowerState] INFO  server.RaftServerConfigKeys (ConfUtils.java:logGet(44)) - raft.server.leaderelection.pre-vote = false (custom)
2021-09-16 19:35:53,277 [22678529-1571-490a-85b9-2142d4a575d8@group-BBBDE90A5B3B-FollowerState] INFO  impl.RoleInfo (RoleInfo.java:updateAndGet(130)) - 22678529-1571-490a-85b9-2142d4a575d8: start 22678529-1571-490a-85b9-2142d4a575d8@group-BBBDE90A5B3B-LeaderElection116
2021-09-16 19:35:53,334 [22678529-1571-490a-85b9-2142d4a575d8@group-BBBDE90A5B3B-LeaderElection116] INFO  server.RaftServer$Division (ServerState.java:setLeader(285)) - 22678529-1571-490a-85b9-2142d4a575d8@group-BBBDE90A5B3B: change Leader from 17c51919-b33f-4a5f-9a86-1e5ebe529257 to null at term 7 for ELECTION
2021-09-16 19:35:53,336 [22678529-1571-490a-85b9-2142d4a575d8@group-BBBDE90A5B3B-LeaderElection116] INFO  impl.LeaderElection (LeaderElection.java:askForVotes(306)) - 22678529-1571-490a-85b9-2142d4a575d8@group-BBBDE90A5B3B-LeaderElection116 ELECTION round 0: submit vote requests at term 8 for 1: [d325862d-5d90-442e-bb25-5d4329348a89|rpc:10.1.0.5:42511|dataStream:|priority:0, 17c51919-b33f-4a5f-9a86-1e5ebe529257|rpc:10.1.0.5:40963|dataStream:|priority:1, 22678529-1571-490a-85b9-2142d4a575d8|rpc:10.1.0.5:32787|dataStream:|priority:0], old=null
2021-09-16 19:35:53,342 [22678529-1571-490a-85b9-2142d4a575d8@group-BBBDE90A5B3B-LeaderElection116] INFO  impl.LeaderElection (LogUtils.java:infoOrTrace(137)) - 22678529-1571-490a-85b9-2142d4a575d8@group-BBBDE90A5B3B-LeaderElection116 got exception when requesting votes: java.util.concurrent.ExecutionException: org.apache.ratis.thirdparty.io.grpc.StatusRuntimeException: UNAVAILABLE: io exception
2021-09-16 19:35:53,343 [22678529-1571-490a-85b9-2142d4a575d8@group-BBBDE90A5B3B-LeaderElection116] INFO  impl.LeaderElection (LogUtils.java:infoOrTrace(137)) - 22678529-1571-490a-85b9-2142d4a575d8@group-BBBDE90A5B3B-LeaderElection116 got exception when requesting votes: java.util.concurrent.ExecutionException: org.apache.ratis.thirdparty.io.grpc.StatusRuntimeException: UNAVAILABLE: io exception
2021-09-16 19:35:53,343 [22678529-1571-490a-85b9-2142d4a575d8@group-BBBDE90A5B3B-LeaderElection116] INFO  impl.LeaderElection (LeaderElection.java:logAndReturn(89)) - 22678529-1571-490a-85b9-2142d4a575d8@group-BBBDE90A5B3B-LeaderElection116: ELECTION REJECTED received 0 response(s) and 2 exception(s):
2021-09-16 19:35:53,343 [22678529-1571-490a-85b9-2142d4a575d8@group-BBBDE90A5B3B-LeaderElection116] INFO  impl.LeaderElection (LogUtils.java:infoOrTrace(137)) -   Exception 0: java.util.concurrent.ExecutionException: org.apache.ratis.thirdparty.io.grpc.StatusRuntimeException: UNAVAILABLE: io exception
2021-09-16 19:35:53,343 [22678529-1571-490a-85b9-2142d4a575d8@group-BBBDE90A5B3B-LeaderElection116] INFO  impl.LeaderElection (LogUtils.java:infoOrTrace(137)) -   Exception 1: java.util.concurrent.ExecutionException: org.apache.ratis.thirdparty.io.grpc.StatusRuntimeException: UNAVAILABLE: io exception
2021-09-16 19:35:53,343 [22678529-1571-490a-85b9-2142d4a575d8@group-BBBDE90A5B3B-LeaderElection116] INFO  impl.LeaderElection (LeaderElection.java:askForVotes(308)) - 22678529-1571-490a-85b9-2142d4a575d8@group-BBBDE90A5B3B-LeaderElection116 ELECTION round 0: result REJECTED
2021-09-16 19:35:53,343 [22678529-1571-490a-85b9-2142d4a575d8@group-BBBDE90A5B3B-LeaderElection116] INFO  server.RaftServer$Division (RaftServerImpl.java:setRole(285)) - 22678529-1571-490a-85b9-2142d4a575d8@group-BBBDE90A5B3B: changes role from CANDIDATE to FOLLOWER at term 8 for REJECTED
2021-09-16 19:35:53,343 [22678529-1571-490a-85b9-2142d4a575d8@group-BBBDE90A5B3B-LeaderElection116] INFO  impl.RoleInfo (RoleInfo.java:shutdownLeaderElection(121)) - 22678529-1571-490a-85b9-2142d4a575d8: shutdown 22678529-1571-490a-85b9-2142d4a575d8@group-BBBDE90A5B3B-LeaderElection116
2021-09-16 19:35:53,344 [22678529-1571-490a-85b9-2142d4a575d8@group-BBBDE90A5B3B-LeaderElection116] INFO  impl.RoleInfo (RoleInfo.java:updateAndGet(130)) - 22678529-1571-490a-85b9-2142d4a575d8: start 22678529-1571-490a-85b9-2142d4a575d8@group-BBBDE90A5B3B-FollowerState
2021-09-16 19:35:54,314 [EventQueue-StaleNodeForStaleNodeHandler] INFO  node.StaleNodeHandler (StaleNodeHandler.java:onMessage(58)) - Datanode de4d5c13-4a27-410b-b35a-5584c5652eab{ip: 10.1.0.5, host: fv-az195-743.u3nnjwd0vyge1bu22idnsdeq2e.cx.internal.cloudapp.net, ports: [REPLICATION=41341, RATIS=33691, RATIS_ADMIN=33691, RATIS_SERVER=33691, STANDALONE=40479], networkLocation: /default-rack, certSerialId: null, persistedOpState: IN_SERVICE, persistedOpStateExpiryEpochSec: 0} moved to stale state. Finalizing its pipelines [PipelineID=1ae849a2-9881-49da-8ddb-10a05c49ac01, PipelineID=fe861425-d21f-4895-9738-d3a07527d82d]
2021-09-16 19:35:54,314 [EventQueue-StaleNodeForStaleNodeHandler] INFO  pipeline.PipelineManagerImpl (PipelineManagerImpl.java:closePipeline(342)) - Pipeline Pipeline[ Id: 1ae849a2-9881-49da-8ddb-10a05c49ac01, Nodes: de4d5c13-4a27-410b-b35a-5584c5652eab{ip: 10.1.0.5, host: fv-az195-743.u3nnjwd0vyge1bu22idnsdeq2e.cx.internal.cloudapp.net, ports: [REPLICATION=41341, RATIS=33691, RATIS_ADMIN=33691, RATIS_SERVER=33691, STANDALONE=40479], networkLocation: /default-rack, certSerialId: null, persistedOpState: IN_SERVICE, persistedOpStateExpiryEpochSec: 0}, ReplicationConfig: RATIS/ONE, State:OPEN, leaderId:de4d5c13-4a27-410b-b35a-5584c5652eab, CreationTimestamp2021-09-16T19:34:46.555Z[Etc/UTC]] moved to CLOSED state
2021-09-16 19:35:54,416 [EventQueue-StaleNodeForStaleNodeHandler] INFO  node.StaleNodeHandler (StaleNodeHandler.java:onMessage(58)) - Datanode 1226f225-3abd-46f9-90c8-da28d00f4d36{ip: 10.1.0.5, host: fv-az195-743.u3nnjwd0vyge1bu22idnsdeq2e.cx.internal.cloudapp.net, ports: [REPLICATION=46313, RATIS=44993, RATIS_ADMIN=44993, RATIS_SERVER=44993, STANDALONE=43383], networkLocation: /default-rack, certSerialId: null, persistedOpState: IN_SERVICE, persistedOpStateExpiryEpochSec: 0} moved to stale state. Finalizing its pipelines [PipelineID=fe861425-d21f-4895-9738-d3a07527d82d, PipelineID=e90c249c-3893-456e-8a1f-e0ffb7a54584]
2021-09-16 19:35:54,416 [EventQueue-StaleNodeForStaleNodeHandler] INFO  pipeline.PipelineManagerImpl (PipelineManagerImpl.java:closePipeline(342)) - Pipeline Pipeline[ Id: e90c249c-3893-456e-8a1f-e0ffb7a54584, Nodes: 1226f225-3abd-46f9-90c8-da28d00f4d36{ip: 10.1.0.5, host: fv-az195-743.u3nnjwd0vyge1bu22idnsdeq2e.cx.internal.cloudapp.net, ports: [REPLICATION=46313, RATIS=44993, RATIS_ADMIN=44993, RATIS_SERVER=44993, STANDALONE=43383], networkLocation: /default-rack, certSerialId: null, persistedOpState: IN_SERVICE, persistedOpStateExpiryEpochSec: 0}, ReplicationConfig: RATIS/ONE, State:OPEN, leaderId:1226f225-3abd-46f9-90c8-da28d00f4d36, CreationTimestamp2021-09-16T19:34:44.902Z[Etc/UTC]] moved to CLOSED state
2021-09-16 19:35:54,687 [Listener at 127.0.0.1/43789] INFO  ozoneimpl.OzoneContainer (OzoneContainer.java:stop(325)) - Attempting to stop container services.
2021-09-16 19:35:54,688 [Listener at 127.0.0.1/43789] INFO  server.RaftServer (RaftServerProxy.java:lambda$close$6(391)) - 22678529-1571-490a-85b9-2142d4a575d8: close
2021-09-16 19:35:54,688 [Listener at 127.0.0.1/43789] INFO  server.RaftServer$Division (RaftServerImpl.java:lambda$close$4(407)) - 22678529-1571-490a-85b9-2142d4a575d8@group-39C371FD3A13: shutdown
2021-09-16 19:35:54,688 [Listener at 127.0.0.1/43789] INFO  util.JmxRegister (JmxRegister.java:unregister(73)) - Successfully un-registered JMX Bean with object name Ratis:service=RaftServer,group=group-39C371FD3A13,id=22678529-1571-490a-85b9-2142d4a575d8
2021-09-16 19:35:54,688 [Listener at 127.0.0.1/43789] INFO  impl.RoleInfo (RoleInfo.java:shutdownLeaderState(91)) - 22678529-1571-490a-85b9-2142d4a575d8: shutdown 22678529-1571-490a-85b9-2142d4a575d8@group-39C371FD3A13-LeaderStateImpl
2021-09-16 19:35:54,688 [Listener at 127.0.0.1/43789] INFO  impl.PendingRequests (PendingRequests.java:sendNotLeaderResponses(282)) - 22678529-1571-490a-85b9-2142d4a575d8@group-39C371FD3A13-PendingRequests: sendNotLeaderResponses
2021-09-16 19:35:54,690 [Listener at 127.0.0.1/43789] INFO  impl.StateMachineUpdater (StateMachineUpdater.java:stopAndJoin(149)) - 22678529-1571-490a-85b9-2142d4a575d8@group-39C371FD3A13-StateMachineUpdater: set stopIndex = 0
2021-09-16 19:35:54,690 [22678529-1571-490a-85b9-2142d4a575d8@group-39C371FD3A13-StateMachineUpdater] INFO  ratis.ContainerStateMachine (ContainerStateMachine.java:takeSnapshot(292)) - group-39C371FD3A13: Taking a snapshot at:(t:1, i:0) file /home/runner/work/ozone/ozone/hadoop-ozone/integration-test/target/test-dir/MiniOzoneClusterImpl-4c5ee767-53d0-43e8-b9fb-bc60904004ee/datanode-6/data/ratis/0592299e-244b-4065-b6c9-39c371fd3a13/sm/snapshot.1_0
2021-09-16 19:35:54,691 [ForkJoinPool.commonPool-worker-0] INFO  server.RaftServer$Division (RaftServerImpl.java:lambda$close$4(407)) - 22678529-1571-490a-85b9-2142d4a575d8@group-BBBDE90A5B3B: shutdown
2021-09-16 19:35:54,691 [ForkJoinPool.commonPool-worker-0] INFO  util.JmxRegister (JmxRegister.java:unregister(73)) - Successfully un-registered JMX Bean with object name Ratis:service=RaftServer,group=group-BBBDE90A5B3B,id=22678529-1571-490a-85b9-2142d4a575d8
2021-09-16 19:35:54,691 [ForkJoinPool.commonPool-worker-0] INFO  impl.RoleInfo (RoleInfo.java:shutdownFollowerState(108)) - 22678529-1571-490a-85b9-2142d4a575d8: shutdown 22678529-1571-490a-85b9-2142d4a575d8@group-BBBDE90A5B3B-FollowerState
2021-09-16 19:35:54,691 [22678529-1571-490a-85b9-2142d4a575d8@group-BBBDE90A5B3B-FollowerState] INFO  impl.FollowerState (FollowerState.java:run(143)) - 22678529-1571-490a-85b9-2142d4a575d8@group-BBBDE90A5B3B-FollowerState was interrupted: {}
java.lang.InterruptedException: sleep interrupted
	at java.lang.Thread.sleep(Native Method)
	at java.lang.Thread.sleep(Thread.java:340)
	at java.util.concurrent.TimeUnit.sleep(TimeUnit.java:386)
	at org.apache.ratis.util.TimeDuration.sleep(TimeDuration.java:324)
	at org.apache.ratis.util.TimeDuration.sleep(TimeDuration.java:309)
	at org.apache.ratis.server.impl.FollowerState.run(FollowerState.java:118)
2021-09-16 19:35:54,691 [22678529-1571-490a-85b9-2142d4a575d8@group-BBBDE90A5B3B-StateMachineUpdater] INFO  ratis.ContainerStateMachine (ContainerStateMachine.java:takeSnapshot(292)) - group-BBBDE90A5B3B: Taking a snapshot at:(t:7, i:2) file /home/runner/work/ozone/ozone/hadoop-ozone/integration-test/target/test-dir/MiniOzoneClusterImpl-4c5ee767-53d0-43e8-b9fb-bc60904004ee/datanode-6/data/ratis/00cfb056-a3a7-417d-aba7-bbbde90a5b3b/sm/snapshot.7_2
2021-09-16 19:35:54,691 [22678529-1571-490a-85b9-2142d4a575d8@group-39C371FD3A13-StateMachineUpdater] INFO  ratis.ContainerStateMachine (ContainerStateMachine.java:takeSnapshot(303)) - group-39C371FD3A13: Finished taking a snapshot at:(t:1, i:0) file:/home/runner/work/ozone/ozone/hadoop-ozone/integration-test/target/test-dir/MiniOzoneClusterImpl-4c5ee767-53d0-43e8-b9fb-bc60904004ee/datanode-6/data/ratis/0592299e-244b-4065-b6c9-39c371fd3a13/sm/snapshot.1_0 took: 1 ms
2021-09-16 19:35:54,691 [ForkJoinPool.commonPool-worker-0] INFO  impl.StateMachineUpdater (StateMachineUpdater.java:stopAndJoin(149)) - 22678529-1571-490a-85b9-2142d4a575d8@group-BBBDE90A5B3B-StateMachineUpdater: set stopIndex = 2
2021-09-16 19:35:54,692 [22678529-1571-490a-85b9-2142d4a575d8@group-39C371FD3A13-StateMachineUpdater] INFO  impl.StateMachineUpdater (StateMachineUpdater.java:takeSnapshot(281)) - 22678529-1571-490a-85b9-2142d4a575d8@group-39C371FD3A13-StateMachineUpdater: Took a snapshot at index 0
2021-09-16 19:35:54,692 [22678529-1571-490a-85b9-2142d4a575d8@group-39C371FD3A13-StateMachineUpdater] INFO  impl.StateMachineUpdater (StateMachineUpdater.java:lambda$new$0(89)) - 22678529-1571-490a-85b9-2142d4a575d8@group-39C371FD3A13-StateMachineUpdater: snapshotIndex: updateIncreasingly -1 -> 0
2021-09-16 19:35:54,692 [22678529-1571-490a-85b9-2142d4a575d8@group-BBBDE90A5B3B-StateMachineUpdater] INFO  ratis.ContainerStateMachine (ContainerStateMachine.java:takeSnapshot(303)) - group-BBBDE90A5B3B: Finished taking a snapshot at:(t:7, i:2) file:/home/runner/work/ozone/ozone/hadoop-ozone/integration-test/target/test-dir/MiniOzoneClusterImpl-4c5ee767-53d0-43e8-b9fb-bc60904004ee/datanode-6/data/ratis/00cfb056-a3a7-417d-aba7-bbbde90a5b3b/sm/snapshot.7_2 took: 1 ms
2021-09-16 19:35:54,692 [22678529-1571-490a-85b9-2142d4a575d8@group-BBBDE90A5B3B-StateMachineUpdater] INFO  impl.StateMachineUpdater (StateMachineUpdater.java:takeSnapshot(281)) - 22678529-1571-490a-85b9-2142d4a575d8@group-BBBDE90A5B3B-StateMachineUpdater: Took a snapshot at index 2
2021-09-16 19:35:54,692 [22678529-1571-490a-85b9-2142d4a575d8@group-BBBDE90A5B3B-StateMachineUpdater] INFO  impl.StateMachineUpdater (StateMachineUpdater.java:lambda$new$0(89)) - 22678529-1571-490a-85b9-2142d4a575d8@group-BBBDE90A5B3B-StateMachineUpdater: snapshotIndex: updateIncreasingly -1 -> 2
2021-09-16 19:35:54,693 [Listener at 127.0.0.1/43789] INFO  server.RaftServer$Division (ServerState.java:close(419)) - 22678529-1571-490a-85b9-2142d4a575d8@group-39C371FD3A13: closes. applyIndex: 0
2021-09-16 19:35:54,693 [22678529-1571-490a-85b9-2142d4a575d8@group-39C371FD3A13-SegmentedRaftLogWorker] INFO  segmented.SegmentedRaftLogWorker (SegmentedRaftLogWorker.java:run(327)) - 22678529-1571-490a-85b9-2142d4a575d8@group-39C371FD3A13-SegmentedRaftLogWorker was interrupted, exiting. There are 0 tasks remaining in the queue.
2021-09-16 19:35:54,693 [Listener at 127.0.0.1/43789] INFO  segmented.SegmentedRaftLogWorker (SegmentedRaftLogWorker.java:close(237)) - 22678529-1571-490a-85b9-2142d4a575d8@group-39C371FD3A13-SegmentedRaftLogWorker close()
2021-09-16 19:35:54,693 [ForkJoinPool.commonPool-worker-0] INFO  server.RaftServer$Division (ServerState.java:close(419)) - 22678529-1571-490a-85b9-2142d4a575d8@group-BBBDE90A5B3B: closes. applyIndex: 2
2021-09-16 19:35:54,693 [22678529-1571-490a-85b9-2142d4a575d8@group-BBBDE90A5B3B-SegmentedRaftLogWorker] INFO  segmented.SegmentedRaftLogWorker (SegmentedRaftLogWorker.java:run(327)) - 22678529-1571-490a-85b9-2142d4a575d8@group-BBBDE90A5B3B-SegmentedRaftLogWorker was interrupted, exiting. There are 0 tasks remaining in the queue.
2021-09-16 19:35:54,758 [ForkJoinPool.commonPool-worker-0] INFO  segmented.SegmentedRaftLogWorker (SegmentedRaftLogWorker.java:close(237)) - 22678529-1571-490a-85b9-2142d4a575d8@group-BBBDE90A5B3B-SegmentedRaftLogWorker close()
2021-09-16 19:35:54,758 [Listener at 127.0.0.1/43789] INFO  server.GrpcService (GrpcService.java:closeImpl(262)) - 22678529-1571-490a-85b9-2142d4a575d8: shutdown server with port 32787 now
2021-09-16 19:35:54,762 [Listener at 127.0.0.1/43789] INFO  server.GrpcService (GrpcService.java:closeImpl(271)) - 22678529-1571-490a-85b9-2142d4a575d8: shutdown server with port 32787 successfully
2021-09-16 19:35:54,765 [org.apache.ratis.util.JvmPauseMonitor$$Lambda$531/459885056@3e81c084] INFO  util.JvmPauseMonitor (JvmPauseMonitor.java:run(109)) - JvmPauseMonitor-22678529-1571-490a-85b9-2142d4a575d8: Stopped
2021-09-16 19:35:54,765 [Listener at 127.0.0.1/43789] INFO  utils.BackgroundService (BackgroundService.java:shutdown(132)) - Shutting down service BlockDeletingService
2021-09-16 19:35:54,880 [grpc-default-executor-5] WARN  client.GrpcClientProtocolService (LogUtils.java:warn(122)) - 0-OrderedRequestStreamObserver0: onError: org.apache.ratis.thirdparty.io.grpc.StatusRuntimeException: CANCELLED: client cancelled
2021-09-16 19:35:57,822 [Listener at 127.0.0.1/43789] INFO  statemachine.DatanodeStateMachine (DatanodeStateMachine.java:stopDaemon(515)) - Ozone container server stopped.
2021-09-16 19:35:57,823 [Listener at 127.0.0.1/43789] INFO  handler.ContextHandler (ContextHandler.java:doStop(1153)) - Stopped o.e.j.w.WebAppContext@71763cf2{hddsDatanode,/,null,STOPPED}{jar:file:/home/runner/.m2/repository/org/apache/ozone/hdds-container-service/1.2.0-SNAPSHOT/hdds-container-service-1.2.0-SNAPSHOT.jar!/webapps/hddsDatanode}
2021-09-16 19:35:57,830 [Listener at 127.0.0.1/43789] INFO  server.AbstractConnector (AbstractConnector.java:doStop(381)) - Stopped ServerConnector@5fb539ba{HTTP/1.1, (http/1.1)}{0.0.0.0:0}
2021-09-16 19:35:57,830 [Listener at 127.0.0.1/43789] INFO  server.session (HouseKeeper.java:stopScavenging(149)) - node0 Stopped scavenging
2021-09-16 19:35:57,830 [Listener at 127.0.0.1/43789] INFO  handler.ContextHandler (ContextHandler.java:doStop(1153)) - Stopped o.e.j.s.ServletContextHandler@9882758{static,/static,jar:file:/home/runner/.m2/repository/org/apache/ozone/hdds-container-service/1.2.0-SNAPSHOT/hdds-container-service-1.2.0-SNAPSHOT.jar!/webapps/static,STOPPED}
2021-09-16 19:35:57,830 [Listener at 127.0.0.1/43789] INFO  handler.ContextHandler (ContextHandler.java:doStop(1153)) - Stopped o.e.j.s.ServletContextHandler@4db8de9c{logs,/logs,file:///home/runner/work/ozone/ozone/hadoop-ozone/integration-test/target/log,STOPPED}
2021-09-16 19:35:57,838 [Listener at 127.0.0.1/43789] INFO  ozone.MiniOzoneClusterImpl (MiniOzoneClusterImpl.java:stopSCM(542)) - Stopping the StorageContainerManager
2021-09-16 19:35:57,838 [Listener at 127.0.0.1/43789] INFO  server.StorageContainerManager (StorageContainerManager.java:stop(1371)) - Stopping Container Balancer service.
2021-09-16 19:35:57,838 [Listener at 127.0.0.1/43789] INFO  balancer.ContainerBalancer (ContainerBalancer.java:stop(717)) - Container Balancer is not running.
2021-09-16 19:35:57,838 [Listener at 127.0.0.1/43789] INFO  server.StorageContainerManager (StorageContainerManager.java:stop(1378)) - Stopping Replication Manager Service.
2021-09-16 19:35:57,838 [Listener at 127.0.0.1/43789] INFO  container.ReplicationManager (ReplicationManager.java:stop(350)) - Stopping Replication Monitor Thread.
2021-09-16 19:35:57,838 [Listener at 127.0.0.1/43789] INFO  server.StorageContainerManager (StorageContainerManager.java:stop(1385)) - Stopping the Datanode Admin Monitor.
2021-09-16 19:35:57,839 [Listener at 127.0.0.1/43789] INFO  server.StorageContainerManager (StorageContainerManager.java:stop(1392)) - Stopping Lease Manager of the command watchers
2021-09-16 19:35:57,839 [Listener at 127.0.0.1/43789] INFO  server.StorageContainerManager (StorageContainerManager.java:stop(1399)) - Stopping datanode service RPC server
2021-09-16 19:35:57,839 [Listener at 127.0.0.1/43789] INFO  server.SCMDatanodeProtocolServer (SCMDatanodeProtocolServer.java:stop(389)) - Stopping the RPC server for DataNodes
2021-09-16 19:35:57,839 [Listener at 127.0.0.1/43789] INFO  ipc.Server (Server.java:stop(3414)) - Stopping server on 44331
2021-09-16 19:35:57,840 [IPC Server listener on 0] INFO  ipc.Server (Server.java:run(1376)) - Stopping IPC Server listener on 0
2021-09-16 19:35:57,842 [IPC Server Responder] INFO  ipc.Server (Server.java:run(1512)) - Stopping IPC Server Responder
2021-09-16 19:35:57,884 [SCM Heartbeat Processing Thread - 0] WARN  node.NodeStateManager (NodeStateManager.java:scheduleNextHealthCheck(799)) - Current Thread is interrupted, shutting down HB processing thread for Node Manager.
2021-09-16 19:35:57,885 [Listener at 127.0.0.1/43789] INFO  server.StorageContainerManager (StorageContainerManager.java:stop(1407)) - Stopping block service RPC server
2021-09-16 19:35:57,885 [Listener at 127.0.0.1/43789] INFO  server.SCMBlockProtocolServer (SCMBlockProtocolServer.java:stop(160)) - Stopping the RPC server for Block Protocol
2021-09-16 19:35:57,885 [Listener at 127.0.0.1/43789] INFO  ipc.Server (Server.java:stop(3414)) - Stopping server on 43063
2021-09-16 19:35:57,931 [IPC Server listener on 0] INFO  ipc.Server (Server.java:run(1376)) - Stopping IPC Server listener on 0
2021-09-16 19:35:57,994 [Listener at 127.0.0.1/43789] INFO  server.StorageContainerManager (StorageContainerManager.java:stop(1414)) - Stopping the StorageContainerLocationProtocol RPC server
2021-09-16 19:35:57,994 [Listener at 127.0.0.1/43789] INFO  server.SCMClientProtocolServer (SCMClientProtocolServer.java:stop(173)) - Stopping the RPC server for Client Protocol
2021-09-16 19:35:57,994 [Listener at 127.0.0.1/43789] INFO  ipc.Server (Server.java:stop(3414)) - Stopping server on 34897
2021-09-16 19:35:57,994 [IPC Server Responder] INFO  ipc.Server (Server.java:run(1512)) - Stopping IPC Server Responder
2021-09-16 19:35:58,010 [Listener at 127.0.0.1/43789] INFO  server.StorageContainerManager (StorageContainerManager.java:stop(1421)) - Stopping Storage Container Manager HTTP server.
2021-09-16 19:35:58,010 [Listener at 127.0.0.1/43789] INFO  handler.ContextHandler (ContextHandler.java:doStop(1153)) - Stopped o.e.j.w.WebAppContext@372d9bcf{scm,/,null,STOPPED}{file:/home/runner/work/ozone/ozone/hadoop-ozone/integration-test/target/test-classes/webapps/scm}
2021-09-16 19:35:58,011 [IPC Server listener on 0] INFO  ipc.Server (Server.java:run(1376)) - Stopping IPC Server listener on 0
2021-09-16 19:35:58,011 [IPC Server Responder] INFO  ipc.Server (Server.java:run(1512)) - Stopping IPC Server Responder
2021-09-16 19:35:58,075 [Listener at 127.0.0.1/43789] INFO  server.AbstractConnector (AbstractConnector.java:doStop(381)) - Stopped ServerConnector@22dfe8cc{HTTP/1.1, (http/1.1)}{0.0.0.0:0}
2021-09-16 19:35:58,075 [Listener at 127.0.0.1/43789] INFO  server.session (HouseKeeper.java:stopScavenging(149)) - node0 Stopped scavenging
2021-09-16 19:35:58,075 [Listener at 127.0.0.1/43789] INFO  handler.ContextHandler (ContextHandler.java:doStop(1153)) - Stopped o.e.j.s.ServletContextHandler@161f2559{static,/static,file:///home/runner/work/ozone/ozone/hadoop-ozone/integration-test/target/test-classes/webapps/static,STOPPED}
2021-09-16 19:35:58,075 [Listener at 127.0.0.1/43789] INFO  handler.ContextHandler (ContextHandler.java:doStop(1153)) - Stopped o.e.j.s.ServletContextHandler@3654919{logs,/logs,file:///home/runner/work/ozone/ozone/hadoop-ozone/integration-test/target/log,STOPPED}
2021-09-16 19:35:58,078 [Listener at 127.0.0.1/43789] INFO  server.StorageContainerManager (StorageContainerManager.java:stop(1432)) - Stopping Block Manager Service.
2021-09-16 19:35:58,078 [Listener at 127.0.0.1/43789] INFO  utils.BackgroundService (BackgroundService.java:shutdown(132)) - Shutting down service SCMBlockDeletingService
2021-09-16 19:35:58,078 [Listener at 127.0.0.1/43789] INFO  utils.BackgroundService (BackgroundService.java:shutdown(132)) - Shutting down service SCMBlockDeletingService
2021-09-16 19:35:58,078 [Listener at 127.0.0.1/43789] INFO  server.StorageContainerManager (StorageContainerManager.java:stop(1459)) - Stopping SCM Event Queue.
2021-09-16 19:35:58,082 [Listener at 127.0.0.1/43789] INFO  server.StorageContainerManager (StorageContainerManager.java:stop(1470)) - Stopping SCM HA services.
2021-09-16 19:35:58,083 [Listener at 127.0.0.1/43789] INFO  pipeline.BackgroundPipelineCreator (BackgroundPipelineCreatorV2.java:stop(158)) - Stopping RatisPipelineUtilsThread.
2021-09-16 19:35:58,083 [Listener at 127.0.0.1/43789] INFO  server.StorageContainerManager (StorageContainerManager.java:stop(1480)) - Stopping SCM MetadataStore.
2021-09-16 19:35:58,084 [Listener at 127.0.0.1/43789] INFO  impl.MetricsSystemImpl (MetricsSystemImpl.java:stop(210)) - Stopping HddsDatanode metrics system...
2021-09-16 19:35:58,177 [prometheus] INFO  impl.MetricsSinkAdapter (MetricsSinkAdapter.java:publishMetricsFromQueue(141)) - prometheus thread interrupted.
2021-09-16 19:35:58,177 [Listener at 127.0.0.1/43789] INFO  impl.MetricsSystemImpl (MetricsSystemImpl.java:stop(216)) - HddsDatanode metrics system stopped.
]]></system-out>
  </testcase>
</testsuite>