<?xml version="1.0" encoding="UTF-8"?>
<testsuite xmlns:xsi="http://www.w3.org/2001/XMLSchema-instance" xsi:noNamespaceSchemaLocation="https://maven.apache.org/surefire/maven-surefire-plugin/xsd/surefire-test-report.xsd" name="org.apache.hadoop.ozone.client.rpc.TestMultiBlockWritesWithDnFailures" time="75.875" tests="2" errors="0" skipped="0" failures="1">
  <properties>
    <property name="awt.toolkit" value="sun.awt.X11.XToolkit"/>
    <property name="file.encoding.pkg" value="sun.io"/>
    <property name="java.specification.version" value="1.8"/>
    <property name="sun.cpu.isalist" value=""/>
    <property name="sun.jnu.encoding" value="ANSI_X3.4-1968"/>
    <property name="java.class.path" value="/github/workspace/mnt/ozone/hadoop-ozone/integration-test/target/test-classes:/github/workspace/mnt/ozone/hadoop-ozone/integration-test/target/classes:/home/user/.m2/repository/org/apache/hadoop/hadoop-ozone-common/0.6.0-SNAPSHOT/hadoop-ozone-common-0.6.0-SNAPSHOT.jar:/home/user/.m2/repository/org/apache/commons/commons-compress/1.4.1/commons-compress-1.4.1.jar:/home/user/.m2/repository/org/tukaani/xz/1.0/xz-1.0.jar:/home/user/.m2/repository/org/apache/hadoop/hadoop-hdds-common/0.6.0-SNAPSHOT/hadoop-hdds-common-0.6.0-SNAPSHOT.jar:/home/user/.m2/repository/org/apache/hadoop/hadoop-hdds-hadoop-dependency-client/0.6.0-SNAPSHOT/hadoop-hdds-hadoop-dependency-client-0.6.0-SNAPSHOT.jar:/home/user/.m2/repository/info/picocli/picocli/3.9.6/picocli-3.9.6.jar:/home/user/.m2/repository/com/fasterxml/jackson/core/jackson-annotations/2.10.3/jackson-annotations-2.10.3.jar:/home/user/.m2/repository/javax/annotation/javax.annotation-api/1.2/javax.annotation-api-1.2.jar:/home/user/.m2/repository/org/apache/ratis/ratis-server/0.6.0-6ab75ae-SNAPSHOT/ratis-server-0.6.0-6ab75ae-SNAPSHOT.jar:/home/user/.m2/repository/org/apache/ratis/ratis-client/0.6.0-6ab75ae-SNAPSHOT/ratis-client-0.6.0-6ab75ae-SNAPSHOT.jar:/home/user/.m2/repository/org/apache/ratis/ratis-metrics/0.6.0-6ab75ae-SNAPSHOT/ratis-metrics-0.6.0-6ab75ae-SNAPSHOT.jar:/home/user/.m2/repository/org/apache/ratis/ratis-netty/0.6.0-6ab75ae-SNAPSHOT/ratis-netty-0.6.0-6ab75ae-SNAPSHOT.jar:/home/user/.m2/repository/org/apache/ratis/ratis-grpc/0.6.0-6ab75ae-SNAPSHOT/ratis-grpc-0.6.0-6ab75ae-SNAPSHOT.jar:/home/user/.m2/repository/org/apache/logging/log4j/log4j-api/2.11.0/log4j-api-2.11.0.jar:/home/user/.m2/repository/org/apache/logging/log4j/log4j-core/2.11.0/log4j-core-2.11.0.jar:/home/user/.m2/repository/com/lmax/disruptor/3.4.2/disruptor-3.4.2.jar:/home/user/.m2/repository/org/apache/commons/commons-pool2/2.6.0/commons-pool2-2.6.0.jar:/home/user/.m2/repository/org/bouncycastle/bcpkix-jdk15on/1.60/bcpkix-jdk15on-1.60.jar:/home/user/.m2/repository/commons-validator/commons-validator/1.6/commons-validator-1.6.jar:/home/user/.m2/repository/commons-digester/commons-digester/1.8.1/commons-digester-1.8.1.jar:/home/user/.m2/repository/io/jaegertracing/jaeger-client/1.2.0/jaeger-client-1.2.0.jar:/home/user/.m2/repository/io/jaegertracing/jaeger-thrift/1.2.0/jaeger-thrift-1.2.0.jar:/home/user/.m2/repository/org/apache/thrift/libthrift/0.13.0/libthrift-0.13.0.jar:/home/user/.m2/repository/com/squareup/okhttp3/okhttp/4.2.2/okhttp-4.2.2.jar:/home/user/.m2/repository/com/squareup/okio/okio/2.2.2/okio-2.2.2.jar:/home/user/.m2/repository/org/jetbrains/kotlin/kotlin-stdlib/1.3.50/kotlin-stdlib-1.3.50.jar:/home/user/.m2/repository/org/jetbrains/kotlin/kotlin-stdlib-common/1.3.50/kotlin-stdlib-common-1.3.50.jar:/home/user/.m2/repository/org/jetbrains/annotations/13.0/annotations-13.0.jar:/home/user/.m2/repository/io/jaegertracing/jaeger-core/1.2.0/jaeger-core-1.2.0.jar:/home/user/.m2/repository/io/jaegertracing/jaeger-tracerresolver/1.2.0/jaeger-tracerresolver-1.2.0.jar:/home/user/.m2/repository/io/opentracing/contrib/opentracing-tracerresolver/0.1.8/opentracing-tracerresolver-0.1.8.jar:/home/user/.m2/repository/io/opentracing/opentracing-util/0.33.0/opentracing-util-0.33.0.jar:/home/user/.m2/repository/io/opentracing/opentracing-api/0.33.0/opentracing-api-0.33.0.jar:/home/user/.m2/repository/io/opentracing/opentracing-noop/0.33.0/opentracing-noop-0.33.0.jar:/home/user/.m2/repository/org/apache/hadoop/hadoop-hdds-client/0.6.0-SNAPSHOT/hadoop-hdds-client-0.6.0-SNAPSHOT.jar:/home/user/.m2/repository/org/apache/hadoop/hadoop-hdds-test-utils/0.6.0-SNAPSHOT/hadoop-hdds-test-utils-0.6.0-SNAPSHOT.jar:/home/user/.m2/repository/com/google/guava/guava/28.2-jre/guava-28.2-jre.jar:/home/user/.m2/repository/com/google/guava/failureaccess/1.0.1/failureaccess-1.0.1.jar:/home/user/.m2/repository/com/google/guava/listenablefuture/9999.0-empty-to-avoid-conflict-with-guava/listenablefuture-9999.0-empty-to-avoid-conflict-with-guava.jar:/home/user/.m2/repository/com/google/code/findbugs/jsr305/3.0.0/jsr305-3.0.0.jar:/home/user/.m2/repository/org/checkerframework/checker-qual/2.10.0/checker-qual-2.10.0.jar:/home/user/.m2/repository/com/google/errorprone/error_prone_annotations/2.2.0/error_prone_annotations-2.2.0.jar:/home/user/.m2/repository/com/google/j2objc/j2objc-annotations/1.3/j2objc-annotations-1.3.jar:/home/user/.m2/repository/commons-io/commons-io/2.5/commons-io-2.5.jar:/home/user/.m2/repository/commons-logging/commons-logging/1.2/commons-logging-1.2.jar:/home/user/.m2/repository/log4j/log4j/1.2.17/log4j-1.2.17.jar:/home/user/.m2/repository/org/slf4j/slf4j-api/1.7.25/slf4j-api-1.7.25.jar:/home/user/.m2/repository/org/apache/hadoop/hadoop-hdds-server-scm/0.6.0-SNAPSHOT/hadoop-hdds-server-scm-0.6.0-SNAPSHOT.jar:/home/user/.m2/repository/org/apache/hadoop/hadoop-hdds-container-service/0.6.0-SNAPSHOT/hadoop-hdds-container-service-0.6.0-SNAPSHOT.jar:/home/user/.m2/repository/org/apache/hadoop/hadoop-hdds-hadoop-dependency-server/0.6.0-SNAPSHOT/hadoop-hdds-hadoop-dependency-server-0.6.0-SNAPSHOT.jar:/home/user/.m2/repository/org/apache/hadoop/hadoop-hdds-server-framework/0.6.0-SNAPSHOT/hadoop-hdds-server-framework-0.6.0-SNAPSHOT.jar:/home/user/.m2/repository/org/apache/hadoop/hadoop-hdds-interface-server/0.6.0-SNAPSHOT/hadoop-hdds-interface-server-0.6.0-SNAPSHOT.jar:/home/user/.m2/repository/org/apache/hadoop/hadoop-hdds-interface-admin/0.6.0-SNAPSHOT/hadoop-hdds-interface-admin-0.6.0-SNAPSHOT.jar:/home/user/.m2/repository/org/rocksdb/rocksdbjni/6.6.4/rocksdbjni-6.6.4.jar:/home/user/.m2/repository/io/prometheus/simpleclient_dropwizard/0.7.0/simpleclient_dropwizard-0.7.0.jar:/home/user/.m2/repository/io/prometheus/simpleclient/0.7.0/simpleclient-0.7.0.jar:/home/user/.m2/repository/io/prometheus/simpleclient_common/0.7.0/simpleclient_common-0.7.0.jar:/home/user/.m2/repository/com/fasterxml/jackson/datatype/jackson-datatype-jsr310/2.10.3/jackson-datatype-jsr310-2.10.3.jar:/home/user/.m2/repository/org/apache/hadoop/hadoop-hdds-docs/0.6.0-SNAPSHOT/hadoop-hdds-docs-0.6.0-SNAPSHOT.jar:/home/user/.m2/repository/io/dropwizard/metrics/metrics-core/3.2.4/metrics-core-3.2.4.jar:/home/user/.m2/repository/org/apache/hadoop/hadoop-hdfs-client/3.2.1/hadoop-hdfs-client-3.2.1.jar:/home/user/.m2/repository/org/bouncycastle/bcprov-jdk15on/1.60/bcprov-jdk15on-1.60.jar:/home/user/.m2/repository/org/apache/hadoop/hadoop-ozone-ozone-manager/0.6.0-SNAPSHOT/hadoop-ozone-ozone-manager-0.6.0-SNAPSHOT.jar:/home/user/.m2/repository/org/apache/hadoop/hadoop-hdds-interface-client/0.6.0-SNAPSHOT/hadoop-hdds-interface-client-0.6.0-SNAPSHOT.jar:/home/user/.m2/repository/org/apache/ratis/ratis-thirdparty-misc/0.4.0/ratis-thirdparty-misc-0.4.0.jar:/home/user/.m2/repository/org/apache/hadoop/hadoop-minikdc/3.2.1/hadoop-minikdc-3.2.1.jar:/home/user/.m2/repository/org/apache/kerby/kerb-simplekdc/1.0.1/kerb-simplekdc-1.0.1.jar:/home/user/.m2/repository/org/apache/kerby/kerb-client/1.0.1/kerb-client-1.0.1.jar:/home/user/.m2/repository/org/apache/kerby/kerby-config/1.0.1/kerby-config-1.0.1.jar:/home/user/.m2/repository/org/apache/kerby/kerb-core/1.0.1/kerb-core-1.0.1.jar:/home/user/.m2/repository/org/apache/kerby/kerby-pkix/1.0.1/kerby-pkix-1.0.1.jar:/home/user/.m2/repository/org/apache/kerby/kerby-asn1/1.0.1/kerby-asn1-1.0.1.jar:/home/user/.m2/repository/org/apache/kerby/kerby-util/1.0.1/kerby-util-1.0.1.jar:/home/user/.m2/repository/org/apache/kerby/kerb-common/1.0.1/kerb-common-1.0.1.jar:/home/user/.m2/repository/org/apache/kerby/kerb-crypto/1.0.1/kerb-crypto-1.0.1.jar:/home/user/.m2/repository/org/apache/kerby/kerb-util/1.0.1/kerb-util-1.0.1.jar:/home/user/.m2/repository/org/apache/kerby/token-provider/1.0.1/token-provider-1.0.1.jar:/home/user/.m2/repository/org/apache/kerby/kerb-admin/1.0.1/kerb-admin-1.0.1.jar:/home/user/.m2/repository/org/apache/kerby/kerb-server/1.0.1/kerb-server-1.0.1.jar:/home/user/.m2/repository/org/apache/kerby/kerb-identity/1.0.1/kerb-identity-1.0.1.jar:/home/user/.m2/repository/org/apache/kerby/kerby-xdr/1.0.1/kerby-xdr-1.0.1.jar:/home/user/.m2/repository/org/slf4j/slf4j-log4j12/1.7.25/slf4j-log4j12-1.7.25.jar:/home/user/.m2/repository/org/apache/hadoop/hadoop-ozone-s3gateway/0.6.0-SNAPSHOT/hadoop-ozone-s3gateway-0.6.0-SNAPSHOT.jar:/home/user/.m2/repository/org/jboss/weld/servlet/weld-servlet/2.4.7.Final/weld-servlet-2.4.7.Final.jar:/home/user/.m2/repository/org/glassfish/jersey/containers/jersey-container-servlet-core/2.27/jersey-container-servlet-core-2.27.jar:/home/user/.m2/repository/org/glassfish/hk2/external/javax.inject/2.5.0-b42/javax.inject-2.5.0-b42.jar:/home/user/.m2/repository/org/glassfish/jersey/core/jersey-common/2.27/jersey-common-2.27.jar:/home/user/.m2/repository/org/glassfish/hk2/osgi-resource-locator/1.0.1/osgi-resource-locator-1.0.1.jar:/home/user/.m2/repository/javax/ws/rs/javax.ws.rs-api/2.1/javax.ws.rs-api-2.1.jar:/home/user/.m2/repository/org/glassfish/jersey/ext/cdi/jersey-cdi1x/2.27/jersey-cdi1x-2.27.jar:/home/user/.m2/repository/org/glassfish/jersey/inject/jersey-hk2/2.27/jersey-hk2-2.27.jar:/home/user/.m2/repository/org/glassfish/hk2/hk2-locator/2.5.0-b42/hk2-locator-2.5.0-b42.jar:/home/user/.m2/repository/org/javassist/javassist/3.22.0-CR2/javassist-3.22.0-CR2.jar:/home/user/.m2/repository/org/glassfish/hk2/hk2-api/2.5.0/hk2-api-2.5.0.jar:/home/user/.m2/repository/org/glassfish/hk2/external/jakarta.inject/2.5.0/jakarta.inject-2.5.0.jar:/home/user/.m2/repository/org/glassfish/hk2/hk2-utils/2.5.0/hk2-utils-2.5.0.jar:/home/user/.m2/repository/jakarta/annotation/jakarta.annotation-api/1.3.4/jakarta.annotation-api-1.3.4.jar:/home/user/.m2/repository/org/glassfish/hk2/external/aopalliance-repackaged/2.5.0/aopalliance-repackaged-2.5.0.jar:/home/user/.m2/repository/com/fasterxml/jackson/dataformat/jackson-dataformat-xml/2.10.3/jackson-dataformat-xml-2.10.3.jar:/home/user/.m2/repository/com/fasterxml/jackson/core/jackson-core/2.10.3/jackson-core-2.10.3.jar:/home/user/.m2/repository/com/fasterxml/jackson/module/jackson-module-jaxb-annotations/2.10.3/jackson-module-jaxb-annotations-2.10.3.jar:/home/user/.m2/repository/jakarta/xml/bind/jakarta.xml.bind-api/2.3.2/jakarta.xml.bind-api-2.3.2.jar:/home/user/.m2/repository/jakarta/activation/jakarta.activation-api/1.2.1/jakarta.activation-api-1.2.1.jar:/home/user/.m2/repository/org/codehaus/woodstox/stax2-api/3.1.4/stax2-api-3.1.4.jar:/home/user/.m2/repository/com/fasterxml/woodstox/woodstox-core/5.0.3/woodstox-core-5.0.3.jar:/home/user/.m2/repository/javax/enterprise/cdi-api/1.2/cdi-api-1.2.jar:/home/user/.m2/repository/javax/el/javax.el-api/3.0.0/javax.el-api-3.0.0.jar:/home/user/.m2/repository/javax/interceptor/javax.interceptor-api/1.2/javax.interceptor-api-1.2.jar:/home/user/.m2/repository/javax/inject/javax.inject/1/javax.inject-1.jar:/home/user/.m2/repository/com/sun/xml/bind/jaxb-impl/2.3.0.1/jaxb-impl-2.3.0.1.jar:/home/user/.m2/repository/com/sun/xml/bind/jaxb-core/2.3.0.1/jaxb-core-2.3.0.1.jar:/home/user/.m2/repository/javax/xml/bind/jaxb-api/2.3.0/jaxb-api-2.3.0.jar:/home/user/.m2/repository/javax/activation/activation/1.1.1/activation-1.1.1.jar:/home/user/.m2/repository/org/apache/hadoop/hadoop-ozone-csi/0.6.0-SNAPSHOT/hadoop-ozone-csi-0.6.0-SNAPSHOT.jar:/home/user/.m2/repository/com/google/protobuf/protobuf-java-util/3.11.0/protobuf-java-util-3.11.0.jar:/home/user/.m2/repository/com/google/code/gson/gson/2.2.4/gson-2.2.4.jar:/home/user/.m2/repository/org/apache/hadoop/hadoop-hdds-config/0.6.0-SNAPSHOT/hadoop-hdds-config-0.6.0-SNAPSHOT.jar:/home/user/.m2/repository/com/google/protobuf/protobuf-java/2.5.0/protobuf-java-2.5.0.jar:/home/user/.m2/repository/io/grpc/grpc-netty/1.29.0/grpc-netty-1.29.0.jar:/home/user/.m2/repository/io/grpc/grpc-core/1.29.0/grpc-core-1.29.0.jar:/home/user/.m2/repository/com/google/android/annotations/4.1.1.4/annotations-4.1.1.4.jar:/home/user/.m2/repository/io/perfmark/perfmark-api/0.19.0/perfmark-api-0.19.0.jar:/home/user/.m2/repository/io/netty/netty-codec-http2/4.1.48.Final/netty-codec-http2-4.1.48.Final.jar:/home/user/.m2/repository/io/netty/netty-codec/4.1.48.Final/netty-codec-4.1.48.Final.jar:/home/user/.m2/repository/io/netty/netty-handler/4.1.48.Final/netty-handler-4.1.48.Final.jar:/home/user/.m2/repository/io/netty/netty-codec-http/4.1.48.Final/netty-codec-http-4.1.48.Final.jar:/home/user/.m2/repository/io/netty/netty-handler-proxy/4.1.48.Final/netty-handler-proxy-4.1.48.Final.jar:/home/user/.m2/repository/io/netty/netty-codec-socks/4.1.48.Final/netty-codec-socks-4.1.48.Final.jar:/home/user/.m2/repository/io/netty/netty-transport-native-epoll/4.1.48.Final/netty-transport-native-epoll-4.1.48.Final.jar:/home/user/.m2/repository/io/netty/netty-common/4.1.48.Final/netty-common-4.1.48.Final.jar:/home/user/.m2/repository/io/netty/netty-buffer/4.1.48.Final/netty-buffer-4.1.48.Final.jar:/home/user/.m2/repository/io/netty/netty-transport/4.1.48.Final/netty-transport-4.1.48.Final.jar:/home/user/.m2/repository/io/netty/netty-resolver/4.1.48.Final/netty-resolver-4.1.48.Final.jar:/home/user/.m2/repository/io/netty/netty-transport-native-unix-common/4.1.48.Final/netty-transport-native-unix-common-4.1.48.Final.jar:/home/user/.m2/repository/io/grpc/grpc-protobuf/1.29.0/grpc-protobuf-1.29.0.jar:/home/user/.m2/repository/io/grpc/grpc-api/1.29.0/grpc-api-1.29.0.jar:/home/user/.m2/repository/io/grpc/grpc-context/1.29.0/grpc-context-1.29.0.jar:/home/user/.m2/repository/org/codehaus/mojo/animal-sniffer-annotations/1.18/animal-sniffer-annotations-1.18.jar:/home/user/.m2/repository/com/google/api/grpc/proto-google-common-protos/1.17.0/proto-google-common-protos-1.17.0.jar:/home/user/.m2/repository/io/grpc/grpc-protobuf-lite/1.29.0/grpc-protobuf-lite-1.29.0.jar:/home/user/.m2/repository/io/grpc/grpc-stub/1.29.0/grpc-stub-1.29.0.jar:/home/user/.m2/repository/org/apache/hadoop/hadoop-ozone-recon/0.6.0-SNAPSHOT/hadoop-ozone-recon-0.6.0-SNAPSHOT.jar:/home/user/.m2/repository/org/apache/hadoop/hadoop-ozone-reconcodegen/0.6.0-SNAPSHOT/hadoop-ozone-reconcodegen-0.6.0-SNAPSHOT.jar:/home/user/.m2/repository/com/google/inject/extensions/guice-multibindings/4.0/guice-multibindings-4.0.jar:/home/user/.m2/repository/com/google/inject/guice/4.0/guice-4.0.jar:/home/user/.m2/repository/aopalliance/aopalliance/1.0/aopalliance-1.0.jar:/home/user/.m2/repository/com/google/inject/extensions/guice-assistedinject/4.0/guice-assistedinject-4.0.jar:/home/user/.m2/repository/com/google/inject/extensions/guice-servlet/4.0/guice-servlet-4.0.jar:/home/user/.m2/repository/org/glassfish/jersey/containers/jersey-container-servlet/2.27/jersey-container-servlet-2.27.jar:/home/user/.m2/repository/org/glassfish/hk2/guice-bridge/2.5.0/guice-bridge-2.5.0.jar:/home/user/.m2/repository/org/glassfish/jersey/core/jersey-server/2.27/jersey-server-2.27.jar:/home/user/.m2/repository/org/glassfish/jersey/core/jersey-client/2.27/jersey-client-2.27.jar:/home/user/.m2/repository/org/glassfish/jersey/media/jersey-media-jaxb/2.27/jersey-media-jaxb-2.27.jar:/home/user/.m2/repository/javax/validation/validation-api/1.1.0.Final/validation-api-1.1.0.Final.jar:/home/user/.m2/repository/org/glassfish/jersey/media/jersey-media-json-jackson/2.27/jersey-media-json-jackson-2.27.jar:/home/user/.m2/repository/org/glassfish/jersey/ext/jersey-entity-filtering/2.27/jersey-entity-filtering-2.27.jar:/home/user/.m2/repository/org/jooq/jooq/3.11.10/jooq-3.11.10.jar:/home/user/.m2/repository/org/jooq/jooq-meta/3.11.10/jooq-meta-3.11.10.jar:/home/user/.m2/repository/org/jooq/jooq-codegen/3.11.10/jooq-codegen-3.11.10.jar:/home/user/.m2/repository/com/jolbox/bonecp/0.8.0.RELEASE/bonecp-0.8.0.RELEASE.jar:/home/user/.m2/repository/org/apache/derby/derby/10.14.2.0/derby-10.14.2.0.jar:/home/user/.m2/repository/org/xerial/sqlite-jdbc/3.25.2/sqlite-jdbc-3.25.2.jar:/home/user/.m2/repository/org/springframework/spring-jdbc/5.2.5.RELEASE/spring-jdbc-5.2.5.RELEASE.jar:/home/user/.m2/repository/org/springframework/spring-beans/5.2.5.RELEASE/spring-beans-5.2.5.RELEASE.jar:/home/user/.m2/repository/org/springframework/spring-core/5.2.5.RELEASE/spring-core-5.2.5.RELEASE.jar:/home/user/.m2/repository/org/springframework/spring-jcl/5.2.5.RELEASE/spring-jcl-5.2.5.RELEASE.jar:/home/user/.m2/repository/org/springframework/spring-tx/5.2.5.RELEASE/spring-tx-5.2.5.RELEASE.jar:/home/user/.m2/repository/org/apache/hadoop/hadoop-ozone-client/0.6.0-SNAPSHOT/hadoop-ozone-client-0.6.0-SNAPSHOT.jar:/home/user/.m2/repository/org/apache/hadoop/hadoop-ozone-filesystem/0.6.0-SNAPSHOT/hadoop-ozone-filesystem-0.6.0-SNAPSHOT.jar:/home/user/.m2/repository/org/apache/hadoop/hadoop-ozone-filesystem-common/0.6.0-SNAPSHOT/hadoop-ozone-filesystem-common-0.6.0-SNAPSHOT.jar:/home/user/.m2/repository/org/apache/hadoop/hadoop-ozone-tools/0.6.0-SNAPSHOT/hadoop-ozone-tools-0.6.0-SNAPSHOT.jar:/home/user/.m2/repository/org/apache/hadoop/hadoop-hdfs/3.2.1/hadoop-hdfs-3.2.1.jar:/home/user/.m2/repository/org/apache/ratis/ratis-tools/0.6.0-6ab75ae-SNAPSHOT/ratis-tools-0.6.0-6ab75ae-SNAPSHOT.jar:/home/user/.m2/repository/org/apache/ratis/ratis-proto/0.6.0-6ab75ae-SNAPSHOT/ratis-proto-0.6.0-6ab75ae-SNAPSHOT.jar:/home/user/.m2/repository/org/apache/ratis/ratis-common/0.6.0-6ab75ae-SNAPSHOT/ratis-common-0.6.0-6ab75ae-SNAPSHOT.jar:/home/user/.m2/repository/com/amazonaws/aws-java-sdk-core/1.11.615/aws-java-sdk-core-1.11.615.jar:/home/user/.m2/repository/org/apache/httpcomponents/httpclient/4.5.2/httpclient-4.5.2.jar:/home/user/.m2/repository/org/apache/httpcomponents/httpcore/4.4.4/httpcore-4.4.4.jar:/home/user/.m2/repository/software/amazon/ion/ion-java/1.0.2/ion-java-1.0.2.jar:/home/user/.m2/repository/com/fasterxml/jackson/dataformat/jackson-dataformat-cbor/2.10.3/jackson-dataformat-cbor-2.10.3.jar:/home/user/.m2/repository/joda-time/joda-time/2.8.1/joda-time-2.8.1.jar:/home/user/.m2/repository/com/amazonaws/aws-java-sdk-s3/1.11.615/aws-java-sdk-s3-1.11.615.jar:/home/user/.m2/repository/com/amazonaws/aws-java-sdk-kms/1.11.615/aws-java-sdk-kms-1.11.615.jar:/home/user/.m2/repository/com/amazonaws/jmespath-java/1.11.615/jmespath-java-1.11.615.jar:/home/user/.m2/repository/org/apache/hadoop/hadoop-hdds-tools/0.6.0-SNAPSHOT/hadoop-hdds-tools-0.6.0-SNAPSHOT.jar:/home/user/.m2/repository/commons-cli/commons-cli/1.2/commons-cli-1.2.jar:/home/user/.m2/repository/org/apache/commons/commons-lang3/3.7/commons-lang3-3.7.jar:/home/user/.m2/repository/org/apache/hadoop/hadoop-ozone-ozone-manager/0.6.0-SNAPSHOT/hadoop-ozone-ozone-manager-0.6.0-SNAPSHOT-tests.jar:/home/user/.m2/repository/junit/junit/4.11/junit-4.11.jar:/home/user/.m2/repository/org/hamcrest/hamcrest-core/1.3/hamcrest-core-1.3.jar:/home/user/.m2/repository/org/openjdk/jmh/jmh-core/1.19/jmh-core-1.19.jar:/home/user/.m2/repository/net/sf/jopt-simple/jopt-simple/4.6/jopt-simple-4.6.jar:/home/user/.m2/repository/org/apache/commons/commons-math3/3.1.1/commons-math3-3.1.1.jar:/home/user/.m2/repository/org/openjdk/jmh/jmh-generator-annprocess/1.19/jmh-generator-annprocess-1.19.jar:/home/user/.m2/repository/org/mockito/mockito-all/1.8.5/mockito-all-1.8.5.jar:/home/user/.m2/repository/org/apache/hadoop/hadoop-kms/3.2.1/hadoop-kms-3.2.1.jar:/home/user/.m2/repository/org/apache/hadoop/hadoop-auth/3.2.1/hadoop-auth-3.2.1.jar:/home/user/.m2/repository/com/nimbusds/nimbus-jose-jwt/7.9/nimbus-jose-jwt-7.9.jar:/home/user/.m2/repository/com/github/stephenc/jcip/jcip-annotations/1.0-1/jcip-annotations-1.0-1.jar:/home/user/.m2/repository/net/minidev/json-smart/2.3/json-smart-2.3.jar:/home/user/.m2/repository/net/minidev/accessors-smart/1.2/accessors-smart-1.2.jar:/home/user/.m2/repository/org/ow2/asm/asm/5.0.4/asm-5.0.4.jar:/home/user/.m2/repository/org/apache/zookeeper/zookeeper/3.4.13/zookeeper-3.4.13.jar:/home/user/.m2/repository/org/apache/yetus/audience-annotations/0.5.0/audience-annotations-0.5.0.jar:/home/user/.m2/repository/org/apache/curator/curator-framework/2.13.0/curator-framework-2.13.0.jar:/home/user/.m2/repository/com/sun/jersey/jersey-core/1.19/jersey-core-1.19.jar:/home/user/.m2/repository/javax/ws/rs/jsr311-api/1.1.1/jsr311-api-1.1.1.jar:/home/user/.m2/repository/com/sun/jersey/jersey-server/1.19/jersey-server-1.19.jar:/home/user/.m2/repository/javax/servlet/javax.servlet-api/3.1.0/javax.servlet-api-3.1.0.jar:/home/user/.m2/repository/org/eclipse/jetty/jetty-server/9.4.26.v20200117/jetty-server-9.4.26.v20200117.jar:/home/user/.m2/repository/org/eclipse/jetty/jetty-http/9.4.26.v20200117/jetty-http-9.4.26.v20200117.jar:/home/user/.m2/repository/org/eclipse/jetty/jetty-io/9.4.26.v20200117/jetty-io-9.4.26.v20200117.jar:/home/user/.m2/repository/org/eclipse/jetty/jetty-webapp/9.4.26.v20200117/jetty-webapp-9.4.26.v20200117.jar:/home/user/.m2/repository/org/eclipse/jetty/jetty-xml/9.4.26.v20200117/jetty-xml-9.4.26.v20200117.jar:/home/user/.m2/repository/org/eclipse/jetty/jetty-servlet/9.4.26.v20200117/jetty-servlet-9.4.26.v20200117.jar:/home/user/.m2/repository/org/eclipse/jetty/jetty-security/9.4.26.v20200117/jetty-security-9.4.26.v20200117.jar:/home/user/.m2/repository/org/apache/hadoop/hadoop-common/3.2.1/hadoop-common-3.2.1.jar:/home/user/.m2/repository/commons-net/commons-net/3.6/commons-net-3.6.jar:/home/user/.m2/repository/commons-collections/commons-collections/3.2.2/commons-collections-3.2.2.jar:/home/user/.m2/repository/com/sun/jersey/jersey-servlet/1.19/jersey-servlet-1.19.jar:/home/user/.m2/repository/com/sun/jersey/jersey-json/1.19/jersey-json-1.19.jar:/home/user/.m2/repository/org/codehaus/jettison/jettison/1.1/jettison-1.1.jar:/home/user/.m2/repository/org/codehaus/jackson/jackson-jaxrs/1.9.2/jackson-jaxrs-1.9.2.jar:/home/user/.m2/repository/org/codehaus/jackson/jackson-xc/1.9.2/jackson-xc-1.9.2.jar:/home/user/.m2/repository/commons-beanutils/commons-beanutils/1.9.4/commons-beanutils-1.9.4.jar:/home/user/.m2/repository/org/apache/commons/commons-configuration2/2.1.1/commons-configuration2-2.1.1.jar:/home/user/.m2/repository/org/apache/commons/commons-text/1.4/commons-text-1.4.jar:/home/user/.m2/repository/com/google/re2j/re2j/1.1/re2j-1.1.jar:/home/user/.m2/repository/com/jcraft/jsch/0.1.54/jsch-0.1.54.jar:/home/user/.m2/repository/org/apache/curator/curator-client/2.13.0/curator-client-2.13.0.jar:/home/user/.m2/repository/org/apache/curator/curator-recipes/2.13.0/curator-recipes-2.13.0.jar:/home/user/.m2/repository/dnsjava/dnsjava/2.1.7/dnsjava-2.1.7.jar:/home/user/.m2/repository/org/slf4j/jul-to-slf4j/1.7.25/jul-to-slf4j-1.7.25.jar:/home/user/.m2/repository/org/eclipse/jetty/jetty-util/9.4.26.v20200117/jetty-util-9.4.26.v20200117.jar:/home/user/.m2/repository/com/fasterxml/jackson/core/jackson-databind/2.10.3/jackson-databind-2.10.3.jar:/home/user/.m2/repository/org/apache/hadoop/hadoop-kms/3.2.1/hadoop-kms-3.2.1-tests.jar:/home/user/.m2/repository/org/apache/hadoop/hadoop-hdds-server-scm/0.6.0-SNAPSHOT/hadoop-hdds-server-scm-0.6.0-SNAPSHOT-tests.jar:/home/user/.m2/repository/org/apache/hadoop/hadoop-hdds-container-service/0.6.0-SNAPSHOT/hadoop-hdds-container-service-0.6.0-SNAPSHOT-tests.jar:/home/user/.m2/repository/org/apache/hadoop/hadoop-hdds-common/0.6.0-SNAPSHOT/hadoop-hdds-common-0.6.0-SNAPSHOT-tests.jar:/home/user/.m2/repository/org/yaml/snakeyaml/1.16/snakeyaml-1.16.jar:/home/user/.m2/repository/org/apache/hadoop/hadoop-hdds-hadoop-dependency-test/0.6.0-SNAPSHOT/hadoop-hdds-hadoop-dependency-test-0.6.0-SNAPSHOT.jar:/home/user/.m2/repository/org/apache/hadoop/hadoop-common/3.2.1/hadoop-common-3.2.1-tests.jar:/home/user/.m2/repository/javax/servlet/jsp/jsp-api/2.1/jsp-api-2.1.jar:/home/user/.m2/repository/org/apache/hadoop/hadoop-hdfs/3.2.1/hadoop-hdfs-3.2.1-tests.jar:/home/user/.m2/repository/org/eclipse/jetty/jetty-util-ajax/9.4.26.v20200117/jetty-util-ajax-9.4.26.v20200117.jar:/home/user/.m2/repository/commons-codec/commons-codec/1.11/commons-codec-1.11.jar:/home/user/.m2/repository/commons-daemon/commons-daemon/1.0.13/commons-daemon-1.0.13.jar:/home/user/.m2/repository/io/netty/netty/3.10.5.Final/netty-3.10.5.Final.jar:/home/user/.m2/repository/io/netty/netty-all/4.1.48.Final/netty-all-4.1.48.Final.jar:/home/user/.m2/repository/org/apache/htrace/htrace-core4/4.1.0-incubating/htrace-core4-4.1.0-incubating.jar:/home/user/.m2/repository/org/fusesource/leveldbjni/leveldbjni-all/1.8/leveldbjni-all-1.8.jar:/home/user/.m2/repository/org/apache/hadoop/hadoop-distcp/3.2.1/hadoop-distcp-3.2.1.jar:/home/user/.m2/repository/org/apache/hadoop/hadoop-mapreduce-client-jobclient/3.2.1/hadoop-mapreduce-client-jobclient-3.2.1.jar:/home/user/.m2/repository/org/apache/hadoop/hadoop-mapreduce-client-common/3.2.1/hadoop-mapreduce-client-common-3.2.1.jar:/home/user/.m2/repository/org/apache/hadoop/hadoop-yarn-common/3.2.1/hadoop-yarn-common-3.2.1.jar:/home/user/.m2/repository/org/apache/hadoop/hadoop-yarn-api/3.2.1/hadoop-yarn-api-3.2.1.jar:/home/user/.m2/repository/com/sun/jersey/jersey-client/1.19/jersey-client-1.19.jar:/home/user/.m2/repository/com/sun/jersey/contribs/jersey-guice/1.19/jersey-guice-1.19.jar:/home/user/.m2/repository/com/fasterxml/jackson/jaxrs/jackson-jaxrs-json-provider/2.10.3/jackson-jaxrs-json-provider-2.10.3.jar:/home/user/.m2/repository/com/fasterxml/jackson/jaxrs/jackson-jaxrs-base/2.10.3/jackson-jaxrs-base-2.10.3.jar:/home/user/.m2/repository/org/apache/hadoop/hadoop-yarn-client/3.2.1/hadoop-yarn-client-3.2.1.jar:/home/user/.m2/repository/org/apache/hadoop/hadoop-mapreduce-client-core/3.2.1/hadoop-mapreduce-client-core-3.2.1.jar:/home/user/.m2/repository/org/apache/avro/avro/1.7.7/avro-1.7.7.jar:/home/user/.m2/repository/org/codehaus/jackson/jackson-core-asl/1.9.13/jackson-core-asl-1.9.13.jar:/home/user/.m2/repository/org/codehaus/jackson/jackson-mapper-asl/1.9.13/jackson-mapper-asl-1.9.13.jar:/home/user/.m2/repository/com/thoughtworks/paranamer/paranamer/2.3/paranamer-2.3.jar:/home/user/.m2/repository/org/xerial/snappy/snappy-java/1.0.5/snappy-java-1.0.5.jar:/home/user/.m2/repository/org/apache/hadoop/hadoop-annotations/3.2.1/hadoop-annotations-3.2.1.jar:/usr/lib/jvm/java-1.8.0-openjdk-1.8.0.232.b09-0.el7_7.x86_64/jre/../lib/tools.jar:/home/user/.m2/repository/org/apache/hadoop/hadoop-distcp/3.2.1/hadoop-distcp-3.2.1-tests.jar:"/>
    <property name="java.vm.vendor" value="Oracle Corporation"/>
    <property name="sun.arch.data.model" value="64"/>
    <property name="test.build.dir" value="/github/workspace/mnt/ozone/hadoop-ozone/integration-test/target/test-dir"/>
    <property name="test.cache.data" value=""/>
    <property name="java.vendor.url" value="http://java.oracle.com/"/>
    <property name="user.timezone" value=""/>
    <property name="java.vm.specification.version" value="1.8"/>
    <property name="os.name" value="Linux"/>
    <property name="test.build.data" value="/github/workspace/mnt/ozone/hadoop-ozone/integration-test/target/test-dir"/>
    <property name="user.country" value="US"/>
    <property name="sun.java.launcher" value="SUN_STANDARD"/>
    <property name="sun.boot.library.path" value="/usr/lib/jvm/java-1.8.0-openjdk-1.8.0.232.b09-0.el7_7.x86_64/jre/lib/amd64"/>
    <property name="sun.java.command" value="/github/workspace/mnt/ozone/hadoop-ozone/integration-test/target/surefire/surefirebooter7701262165433753129.jar /github/workspace/mnt/ozone/hadoop-ozone/integration-test/target/surefire 2020-06-15T15-14-15_935-jvmRun1 surefire1886488667609084217tmp surefire_251234440077921042149tmp"/>
    <property name="surefire.test.class.path" value="/github/workspace/mnt/ozone/hadoop-ozone/integration-test/target/test-classes:/github/workspace/mnt/ozone/hadoop-ozone/integration-test/target/classes:/home/user/.m2/repository/org/apache/hadoop/hadoop-ozone-common/0.6.0-SNAPSHOT/hadoop-ozone-common-0.6.0-SNAPSHOT.jar:/home/user/.m2/repository/org/apache/commons/commons-compress/1.4.1/commons-compress-1.4.1.jar:/home/user/.m2/repository/org/tukaani/xz/1.0/xz-1.0.jar:/home/user/.m2/repository/org/apache/hadoop/hadoop-hdds-common/0.6.0-SNAPSHOT/hadoop-hdds-common-0.6.0-SNAPSHOT.jar:/home/user/.m2/repository/org/apache/hadoop/hadoop-hdds-hadoop-dependency-client/0.6.0-SNAPSHOT/hadoop-hdds-hadoop-dependency-client-0.6.0-SNAPSHOT.jar:/home/user/.m2/repository/info/picocli/picocli/3.9.6/picocli-3.9.6.jar:/home/user/.m2/repository/com/fasterxml/jackson/core/jackson-annotations/2.10.3/jackson-annotations-2.10.3.jar:/home/user/.m2/repository/javax/annotation/javax.annotation-api/1.2/javax.annotation-api-1.2.jar:/home/user/.m2/repository/org/apache/ratis/ratis-server/0.6.0-6ab75ae-SNAPSHOT/ratis-server-0.6.0-6ab75ae-SNAPSHOT.jar:/home/user/.m2/repository/org/apache/ratis/ratis-client/0.6.0-6ab75ae-SNAPSHOT/ratis-client-0.6.0-6ab75ae-SNAPSHOT.jar:/home/user/.m2/repository/org/apache/ratis/ratis-metrics/0.6.0-6ab75ae-SNAPSHOT/ratis-metrics-0.6.0-6ab75ae-SNAPSHOT.jar:/home/user/.m2/repository/org/apache/ratis/ratis-netty/0.6.0-6ab75ae-SNAPSHOT/ratis-netty-0.6.0-6ab75ae-SNAPSHOT.jar:/home/user/.m2/repository/org/apache/ratis/ratis-grpc/0.6.0-6ab75ae-SNAPSHOT/ratis-grpc-0.6.0-6ab75ae-SNAPSHOT.jar:/home/user/.m2/repository/org/apache/logging/log4j/log4j-api/2.11.0/log4j-api-2.11.0.jar:/home/user/.m2/repository/org/apache/logging/log4j/log4j-core/2.11.0/log4j-core-2.11.0.jar:/home/user/.m2/repository/com/lmax/disruptor/3.4.2/disruptor-3.4.2.jar:/home/user/.m2/repository/org/apache/commons/commons-pool2/2.6.0/commons-pool2-2.6.0.jar:/home/user/.m2/repository/org/bouncycastle/bcpkix-jdk15on/1.60/bcpkix-jdk15on-1.60.jar:/home/user/.m2/repository/commons-validator/commons-validator/1.6/commons-validator-1.6.jar:/home/user/.m2/repository/commons-digester/commons-digester/1.8.1/commons-digester-1.8.1.jar:/home/user/.m2/repository/io/jaegertracing/jaeger-client/1.2.0/jaeger-client-1.2.0.jar:/home/user/.m2/repository/io/jaegertracing/jaeger-thrift/1.2.0/jaeger-thrift-1.2.0.jar:/home/user/.m2/repository/org/apache/thrift/libthrift/0.13.0/libthrift-0.13.0.jar:/home/user/.m2/repository/com/squareup/okhttp3/okhttp/4.2.2/okhttp-4.2.2.jar:/home/user/.m2/repository/com/squareup/okio/okio/2.2.2/okio-2.2.2.jar:/home/user/.m2/repository/org/jetbrains/kotlin/kotlin-stdlib/1.3.50/kotlin-stdlib-1.3.50.jar:/home/user/.m2/repository/org/jetbrains/kotlin/kotlin-stdlib-common/1.3.50/kotlin-stdlib-common-1.3.50.jar:/home/user/.m2/repository/org/jetbrains/annotations/13.0/annotations-13.0.jar:/home/user/.m2/repository/io/jaegertracing/jaeger-core/1.2.0/jaeger-core-1.2.0.jar:/home/user/.m2/repository/io/jaegertracing/jaeger-tracerresolver/1.2.0/jaeger-tracerresolver-1.2.0.jar:/home/user/.m2/repository/io/opentracing/contrib/opentracing-tracerresolver/0.1.8/opentracing-tracerresolver-0.1.8.jar:/home/user/.m2/repository/io/opentracing/opentracing-util/0.33.0/opentracing-util-0.33.0.jar:/home/user/.m2/repository/io/opentracing/opentracing-api/0.33.0/opentracing-api-0.33.0.jar:/home/user/.m2/repository/io/opentracing/opentracing-noop/0.33.0/opentracing-noop-0.33.0.jar:/home/user/.m2/repository/org/apache/hadoop/hadoop-hdds-client/0.6.0-SNAPSHOT/hadoop-hdds-client-0.6.0-SNAPSHOT.jar:/home/user/.m2/repository/org/apache/hadoop/hadoop-hdds-test-utils/0.6.0-SNAPSHOT/hadoop-hdds-test-utils-0.6.0-SNAPSHOT.jar:/home/user/.m2/repository/com/google/guava/guava/28.2-jre/guava-28.2-jre.jar:/home/user/.m2/repository/com/google/guava/failureaccess/1.0.1/failureaccess-1.0.1.jar:/home/user/.m2/repository/com/google/guava/listenablefuture/9999.0-empty-to-avoid-conflict-with-guava/listenablefuture-9999.0-empty-to-avoid-conflict-with-guava.jar:/home/user/.m2/repository/com/google/code/findbugs/jsr305/3.0.0/jsr305-3.0.0.jar:/home/user/.m2/repository/org/checkerframework/checker-qual/2.10.0/checker-qual-2.10.0.jar:/home/user/.m2/repository/com/google/errorprone/error_prone_annotations/2.2.0/error_prone_annotations-2.2.0.jar:/home/user/.m2/repository/com/google/j2objc/j2objc-annotations/1.3/j2objc-annotations-1.3.jar:/home/user/.m2/repository/commons-io/commons-io/2.5/commons-io-2.5.jar:/home/user/.m2/repository/commons-logging/commons-logging/1.2/commons-logging-1.2.jar:/home/user/.m2/repository/log4j/log4j/1.2.17/log4j-1.2.17.jar:/home/user/.m2/repository/org/slf4j/slf4j-api/1.7.25/slf4j-api-1.7.25.jar:/home/user/.m2/repository/org/apache/hadoop/hadoop-hdds-server-scm/0.6.0-SNAPSHOT/hadoop-hdds-server-scm-0.6.0-SNAPSHOT.jar:/home/user/.m2/repository/org/apache/hadoop/hadoop-hdds-container-service/0.6.0-SNAPSHOT/hadoop-hdds-container-service-0.6.0-SNAPSHOT.jar:/home/user/.m2/repository/org/apache/hadoop/hadoop-hdds-hadoop-dependency-server/0.6.0-SNAPSHOT/hadoop-hdds-hadoop-dependency-server-0.6.0-SNAPSHOT.jar:/home/user/.m2/repository/org/apache/hadoop/hadoop-hdds-server-framework/0.6.0-SNAPSHOT/hadoop-hdds-server-framework-0.6.0-SNAPSHOT.jar:/home/user/.m2/repository/org/apache/hadoop/hadoop-hdds-interface-server/0.6.0-SNAPSHOT/hadoop-hdds-interface-server-0.6.0-SNAPSHOT.jar:/home/user/.m2/repository/org/apache/hadoop/hadoop-hdds-interface-admin/0.6.0-SNAPSHOT/hadoop-hdds-interface-admin-0.6.0-SNAPSHOT.jar:/home/user/.m2/repository/org/rocksdb/rocksdbjni/6.6.4/rocksdbjni-6.6.4.jar:/home/user/.m2/repository/io/prometheus/simpleclient_dropwizard/0.7.0/simpleclient_dropwizard-0.7.0.jar:/home/user/.m2/repository/io/prometheus/simpleclient/0.7.0/simpleclient-0.7.0.jar:/home/user/.m2/repository/io/prometheus/simpleclient_common/0.7.0/simpleclient_common-0.7.0.jar:/home/user/.m2/repository/com/fasterxml/jackson/datatype/jackson-datatype-jsr310/2.10.3/jackson-datatype-jsr310-2.10.3.jar:/home/user/.m2/repository/org/apache/hadoop/hadoop-hdds-docs/0.6.0-SNAPSHOT/hadoop-hdds-docs-0.6.0-SNAPSHOT.jar:/home/user/.m2/repository/io/dropwizard/metrics/metrics-core/3.2.4/metrics-core-3.2.4.jar:/home/user/.m2/repository/org/apache/hadoop/hadoop-hdfs-client/3.2.1/hadoop-hdfs-client-3.2.1.jar:/home/user/.m2/repository/org/bouncycastle/bcprov-jdk15on/1.60/bcprov-jdk15on-1.60.jar:/home/user/.m2/repository/org/apache/hadoop/hadoop-ozone-ozone-manager/0.6.0-SNAPSHOT/hadoop-ozone-ozone-manager-0.6.0-SNAPSHOT.jar:/home/user/.m2/repository/org/apache/hadoop/hadoop-hdds-interface-client/0.6.0-SNAPSHOT/hadoop-hdds-interface-client-0.6.0-SNAPSHOT.jar:/home/user/.m2/repository/org/apache/ratis/ratis-thirdparty-misc/0.4.0/ratis-thirdparty-misc-0.4.0.jar:/home/user/.m2/repository/org/apache/hadoop/hadoop-minikdc/3.2.1/hadoop-minikdc-3.2.1.jar:/home/user/.m2/repository/org/apache/kerby/kerb-simplekdc/1.0.1/kerb-simplekdc-1.0.1.jar:/home/user/.m2/repository/org/apache/kerby/kerb-client/1.0.1/kerb-client-1.0.1.jar:/home/user/.m2/repository/org/apache/kerby/kerby-config/1.0.1/kerby-config-1.0.1.jar:/home/user/.m2/repository/org/apache/kerby/kerb-core/1.0.1/kerb-core-1.0.1.jar:/home/user/.m2/repository/org/apache/kerby/kerby-pkix/1.0.1/kerby-pkix-1.0.1.jar:/home/user/.m2/repository/org/apache/kerby/kerby-asn1/1.0.1/kerby-asn1-1.0.1.jar:/home/user/.m2/repository/org/apache/kerby/kerby-util/1.0.1/kerby-util-1.0.1.jar:/home/user/.m2/repository/org/apache/kerby/kerb-common/1.0.1/kerb-common-1.0.1.jar:/home/user/.m2/repository/org/apache/kerby/kerb-crypto/1.0.1/kerb-crypto-1.0.1.jar:/home/user/.m2/repository/org/apache/kerby/kerb-util/1.0.1/kerb-util-1.0.1.jar:/home/user/.m2/repository/org/apache/kerby/token-provider/1.0.1/token-provider-1.0.1.jar:/home/user/.m2/repository/org/apache/kerby/kerb-admin/1.0.1/kerb-admin-1.0.1.jar:/home/user/.m2/repository/org/apache/kerby/kerb-server/1.0.1/kerb-server-1.0.1.jar:/home/user/.m2/repository/org/apache/kerby/kerb-identity/1.0.1/kerb-identity-1.0.1.jar:/home/user/.m2/repository/org/apache/kerby/kerby-xdr/1.0.1/kerby-xdr-1.0.1.jar:/home/user/.m2/repository/org/slf4j/slf4j-log4j12/1.7.25/slf4j-log4j12-1.7.25.jar:/home/user/.m2/repository/org/apache/hadoop/hadoop-ozone-s3gateway/0.6.0-SNAPSHOT/hadoop-ozone-s3gateway-0.6.0-SNAPSHOT.jar:/home/user/.m2/repository/org/jboss/weld/servlet/weld-servlet/2.4.7.Final/weld-servlet-2.4.7.Final.jar:/home/user/.m2/repository/org/glassfish/jersey/containers/jersey-container-servlet-core/2.27/jersey-container-servlet-core-2.27.jar:/home/user/.m2/repository/org/glassfish/hk2/external/javax.inject/2.5.0-b42/javax.inject-2.5.0-b42.jar:/home/user/.m2/repository/org/glassfish/jersey/core/jersey-common/2.27/jersey-common-2.27.jar:/home/user/.m2/repository/org/glassfish/hk2/osgi-resource-locator/1.0.1/osgi-resource-locator-1.0.1.jar:/home/user/.m2/repository/javax/ws/rs/javax.ws.rs-api/2.1/javax.ws.rs-api-2.1.jar:/home/user/.m2/repository/org/glassfish/jersey/ext/cdi/jersey-cdi1x/2.27/jersey-cdi1x-2.27.jar:/home/user/.m2/repository/org/glassfish/jersey/inject/jersey-hk2/2.27/jersey-hk2-2.27.jar:/home/user/.m2/repository/org/glassfish/hk2/hk2-locator/2.5.0-b42/hk2-locator-2.5.0-b42.jar:/home/user/.m2/repository/org/javassist/javassist/3.22.0-CR2/javassist-3.22.0-CR2.jar:/home/user/.m2/repository/org/glassfish/hk2/hk2-api/2.5.0/hk2-api-2.5.0.jar:/home/user/.m2/repository/org/glassfish/hk2/external/jakarta.inject/2.5.0/jakarta.inject-2.5.0.jar:/home/user/.m2/repository/org/glassfish/hk2/hk2-utils/2.5.0/hk2-utils-2.5.0.jar:/home/user/.m2/repository/jakarta/annotation/jakarta.annotation-api/1.3.4/jakarta.annotation-api-1.3.4.jar:/home/user/.m2/repository/org/glassfish/hk2/external/aopalliance-repackaged/2.5.0/aopalliance-repackaged-2.5.0.jar:/home/user/.m2/repository/com/fasterxml/jackson/dataformat/jackson-dataformat-xml/2.10.3/jackson-dataformat-xml-2.10.3.jar:/home/user/.m2/repository/com/fasterxml/jackson/core/jackson-core/2.10.3/jackson-core-2.10.3.jar:/home/user/.m2/repository/com/fasterxml/jackson/module/jackson-module-jaxb-annotations/2.10.3/jackson-module-jaxb-annotations-2.10.3.jar:/home/user/.m2/repository/jakarta/xml/bind/jakarta.xml.bind-api/2.3.2/jakarta.xml.bind-api-2.3.2.jar:/home/user/.m2/repository/jakarta/activation/jakarta.activation-api/1.2.1/jakarta.activation-api-1.2.1.jar:/home/user/.m2/repository/org/codehaus/woodstox/stax2-api/3.1.4/stax2-api-3.1.4.jar:/home/user/.m2/repository/com/fasterxml/woodstox/woodstox-core/5.0.3/woodstox-core-5.0.3.jar:/home/user/.m2/repository/javax/enterprise/cdi-api/1.2/cdi-api-1.2.jar:/home/user/.m2/repository/javax/el/javax.el-api/3.0.0/javax.el-api-3.0.0.jar:/home/user/.m2/repository/javax/interceptor/javax.interceptor-api/1.2/javax.interceptor-api-1.2.jar:/home/user/.m2/repository/javax/inject/javax.inject/1/javax.inject-1.jar:/home/user/.m2/repository/com/sun/xml/bind/jaxb-impl/2.3.0.1/jaxb-impl-2.3.0.1.jar:/home/user/.m2/repository/com/sun/xml/bind/jaxb-core/2.3.0.1/jaxb-core-2.3.0.1.jar:/home/user/.m2/repository/javax/xml/bind/jaxb-api/2.3.0/jaxb-api-2.3.0.jar:/home/user/.m2/repository/javax/activation/activation/1.1.1/activation-1.1.1.jar:/home/user/.m2/repository/org/apache/hadoop/hadoop-ozone-csi/0.6.0-SNAPSHOT/hadoop-ozone-csi-0.6.0-SNAPSHOT.jar:/home/user/.m2/repository/com/google/protobuf/protobuf-java-util/3.11.0/protobuf-java-util-3.11.0.jar:/home/user/.m2/repository/com/google/code/gson/gson/2.2.4/gson-2.2.4.jar:/home/user/.m2/repository/org/apache/hadoop/hadoop-hdds-config/0.6.0-SNAPSHOT/hadoop-hdds-config-0.6.0-SNAPSHOT.jar:/home/user/.m2/repository/com/google/protobuf/protobuf-java/2.5.0/protobuf-java-2.5.0.jar:/home/user/.m2/repository/io/grpc/grpc-netty/1.29.0/grpc-netty-1.29.0.jar:/home/user/.m2/repository/io/grpc/grpc-core/1.29.0/grpc-core-1.29.0.jar:/home/user/.m2/repository/com/google/android/annotations/4.1.1.4/annotations-4.1.1.4.jar:/home/user/.m2/repository/io/perfmark/perfmark-api/0.19.0/perfmark-api-0.19.0.jar:/home/user/.m2/repository/io/netty/netty-codec-http2/4.1.48.Final/netty-codec-http2-4.1.48.Final.jar:/home/user/.m2/repository/io/netty/netty-codec/4.1.48.Final/netty-codec-4.1.48.Final.jar:/home/user/.m2/repository/io/netty/netty-handler/4.1.48.Final/netty-handler-4.1.48.Final.jar:/home/user/.m2/repository/io/netty/netty-codec-http/4.1.48.Final/netty-codec-http-4.1.48.Final.jar:/home/user/.m2/repository/io/netty/netty-handler-proxy/4.1.48.Final/netty-handler-proxy-4.1.48.Final.jar:/home/user/.m2/repository/io/netty/netty-codec-socks/4.1.48.Final/netty-codec-socks-4.1.48.Final.jar:/home/user/.m2/repository/io/netty/netty-transport-native-epoll/4.1.48.Final/netty-transport-native-epoll-4.1.48.Final.jar:/home/user/.m2/repository/io/netty/netty-common/4.1.48.Final/netty-common-4.1.48.Final.jar:/home/user/.m2/repository/io/netty/netty-buffer/4.1.48.Final/netty-buffer-4.1.48.Final.jar:/home/user/.m2/repository/io/netty/netty-transport/4.1.48.Final/netty-transport-4.1.48.Final.jar:/home/user/.m2/repository/io/netty/netty-resolver/4.1.48.Final/netty-resolver-4.1.48.Final.jar:/home/user/.m2/repository/io/netty/netty-transport-native-unix-common/4.1.48.Final/netty-transport-native-unix-common-4.1.48.Final.jar:/home/user/.m2/repository/io/grpc/grpc-protobuf/1.29.0/grpc-protobuf-1.29.0.jar:/home/user/.m2/repository/io/grpc/grpc-api/1.29.0/grpc-api-1.29.0.jar:/home/user/.m2/repository/io/grpc/grpc-context/1.29.0/grpc-context-1.29.0.jar:/home/user/.m2/repository/org/codehaus/mojo/animal-sniffer-annotations/1.18/animal-sniffer-annotations-1.18.jar:/home/user/.m2/repository/com/google/api/grpc/proto-google-common-protos/1.17.0/proto-google-common-protos-1.17.0.jar:/home/user/.m2/repository/io/grpc/grpc-protobuf-lite/1.29.0/grpc-protobuf-lite-1.29.0.jar:/home/user/.m2/repository/io/grpc/grpc-stub/1.29.0/grpc-stub-1.29.0.jar:/home/user/.m2/repository/org/apache/hadoop/hadoop-ozone-recon/0.6.0-SNAPSHOT/hadoop-ozone-recon-0.6.0-SNAPSHOT.jar:/home/user/.m2/repository/org/apache/hadoop/hadoop-ozone-reconcodegen/0.6.0-SNAPSHOT/hadoop-ozone-reconcodegen-0.6.0-SNAPSHOT.jar:/home/user/.m2/repository/com/google/inject/extensions/guice-multibindings/4.0/guice-multibindings-4.0.jar:/home/user/.m2/repository/com/google/inject/guice/4.0/guice-4.0.jar:/home/user/.m2/repository/aopalliance/aopalliance/1.0/aopalliance-1.0.jar:/home/user/.m2/repository/com/google/inject/extensions/guice-assistedinject/4.0/guice-assistedinject-4.0.jar:/home/user/.m2/repository/com/google/inject/extensions/guice-servlet/4.0/guice-servlet-4.0.jar:/home/user/.m2/repository/org/glassfish/jersey/containers/jersey-container-servlet/2.27/jersey-container-servlet-2.27.jar:/home/user/.m2/repository/org/glassfish/hk2/guice-bridge/2.5.0/guice-bridge-2.5.0.jar:/home/user/.m2/repository/org/glassfish/jersey/core/jersey-server/2.27/jersey-server-2.27.jar:/home/user/.m2/repository/org/glassfish/jersey/core/jersey-client/2.27/jersey-client-2.27.jar:/home/user/.m2/repository/org/glassfish/jersey/media/jersey-media-jaxb/2.27/jersey-media-jaxb-2.27.jar:/home/user/.m2/repository/javax/validation/validation-api/1.1.0.Final/validation-api-1.1.0.Final.jar:/home/user/.m2/repository/org/glassfish/jersey/media/jersey-media-json-jackson/2.27/jersey-media-json-jackson-2.27.jar:/home/user/.m2/repository/org/glassfish/jersey/ext/jersey-entity-filtering/2.27/jersey-entity-filtering-2.27.jar:/home/user/.m2/repository/org/jooq/jooq/3.11.10/jooq-3.11.10.jar:/home/user/.m2/repository/org/jooq/jooq-meta/3.11.10/jooq-meta-3.11.10.jar:/home/user/.m2/repository/org/jooq/jooq-codegen/3.11.10/jooq-codegen-3.11.10.jar:/home/user/.m2/repository/com/jolbox/bonecp/0.8.0.RELEASE/bonecp-0.8.0.RELEASE.jar:/home/user/.m2/repository/org/apache/derby/derby/10.14.2.0/derby-10.14.2.0.jar:/home/user/.m2/repository/org/xerial/sqlite-jdbc/3.25.2/sqlite-jdbc-3.25.2.jar:/home/user/.m2/repository/org/springframework/spring-jdbc/5.2.5.RELEASE/spring-jdbc-5.2.5.RELEASE.jar:/home/user/.m2/repository/org/springframework/spring-beans/5.2.5.RELEASE/spring-beans-5.2.5.RELEASE.jar:/home/user/.m2/repository/org/springframework/spring-core/5.2.5.RELEASE/spring-core-5.2.5.RELEASE.jar:/home/user/.m2/repository/org/springframework/spring-jcl/5.2.5.RELEASE/spring-jcl-5.2.5.RELEASE.jar:/home/user/.m2/repository/org/springframework/spring-tx/5.2.5.RELEASE/spring-tx-5.2.5.RELEASE.jar:/home/user/.m2/repository/org/apache/hadoop/hadoop-ozone-client/0.6.0-SNAPSHOT/hadoop-ozone-client-0.6.0-SNAPSHOT.jar:/home/user/.m2/repository/org/apache/hadoop/hadoop-ozone-filesystem/0.6.0-SNAPSHOT/hadoop-ozone-filesystem-0.6.0-SNAPSHOT.jar:/home/user/.m2/repository/org/apache/hadoop/hadoop-ozone-filesystem-common/0.6.0-SNAPSHOT/hadoop-ozone-filesystem-common-0.6.0-SNAPSHOT.jar:/home/user/.m2/repository/org/apache/hadoop/hadoop-ozone-tools/0.6.0-SNAPSHOT/hadoop-ozone-tools-0.6.0-SNAPSHOT.jar:/home/user/.m2/repository/org/apache/hadoop/hadoop-hdfs/3.2.1/hadoop-hdfs-3.2.1.jar:/home/user/.m2/repository/org/apache/ratis/ratis-tools/0.6.0-6ab75ae-SNAPSHOT/ratis-tools-0.6.0-6ab75ae-SNAPSHOT.jar:/home/user/.m2/repository/org/apache/ratis/ratis-proto/0.6.0-6ab75ae-SNAPSHOT/ratis-proto-0.6.0-6ab75ae-SNAPSHOT.jar:/home/user/.m2/repository/org/apache/ratis/ratis-common/0.6.0-6ab75ae-SNAPSHOT/ratis-common-0.6.0-6ab75ae-SNAPSHOT.jar:/home/user/.m2/repository/com/amazonaws/aws-java-sdk-core/1.11.615/aws-java-sdk-core-1.11.615.jar:/home/user/.m2/repository/org/apache/httpcomponents/httpclient/4.5.2/httpclient-4.5.2.jar:/home/user/.m2/repository/org/apache/httpcomponents/httpcore/4.4.4/httpcore-4.4.4.jar:/home/user/.m2/repository/software/amazon/ion/ion-java/1.0.2/ion-java-1.0.2.jar:/home/user/.m2/repository/com/fasterxml/jackson/dataformat/jackson-dataformat-cbor/2.10.3/jackson-dataformat-cbor-2.10.3.jar:/home/user/.m2/repository/joda-time/joda-time/2.8.1/joda-time-2.8.1.jar:/home/user/.m2/repository/com/amazonaws/aws-java-sdk-s3/1.11.615/aws-java-sdk-s3-1.11.615.jar:/home/user/.m2/repository/com/amazonaws/aws-java-sdk-kms/1.11.615/aws-java-sdk-kms-1.11.615.jar:/home/user/.m2/repository/com/amazonaws/jmespath-java/1.11.615/jmespath-java-1.11.615.jar:/home/user/.m2/repository/org/apache/hadoop/hadoop-hdds-tools/0.6.0-SNAPSHOT/hadoop-hdds-tools-0.6.0-SNAPSHOT.jar:/home/user/.m2/repository/commons-cli/commons-cli/1.2/commons-cli-1.2.jar:/home/user/.m2/repository/org/apache/commons/commons-lang3/3.7/commons-lang3-3.7.jar:/home/user/.m2/repository/org/apache/hadoop/hadoop-ozone-ozone-manager/0.6.0-SNAPSHOT/hadoop-ozone-ozone-manager-0.6.0-SNAPSHOT-tests.jar:/home/user/.m2/repository/junit/junit/4.11/junit-4.11.jar:/home/user/.m2/repository/org/hamcrest/hamcrest-core/1.3/hamcrest-core-1.3.jar:/home/user/.m2/repository/org/openjdk/jmh/jmh-core/1.19/jmh-core-1.19.jar:/home/user/.m2/repository/net/sf/jopt-simple/jopt-simple/4.6/jopt-simple-4.6.jar:/home/user/.m2/repository/org/apache/commons/commons-math3/3.1.1/commons-math3-3.1.1.jar:/home/user/.m2/repository/org/openjdk/jmh/jmh-generator-annprocess/1.19/jmh-generator-annprocess-1.19.jar:/home/user/.m2/repository/org/mockito/mockito-all/1.8.5/mockito-all-1.8.5.jar:/home/user/.m2/repository/org/apache/hadoop/hadoop-kms/3.2.1/hadoop-kms-3.2.1.jar:/home/user/.m2/repository/org/apache/hadoop/hadoop-auth/3.2.1/hadoop-auth-3.2.1.jar:/home/user/.m2/repository/com/nimbusds/nimbus-jose-jwt/7.9/nimbus-jose-jwt-7.9.jar:/home/user/.m2/repository/com/github/stephenc/jcip/jcip-annotations/1.0-1/jcip-annotations-1.0-1.jar:/home/user/.m2/repository/net/minidev/json-smart/2.3/json-smart-2.3.jar:/home/user/.m2/repository/net/minidev/accessors-smart/1.2/accessors-smart-1.2.jar:/home/user/.m2/repository/org/ow2/asm/asm/5.0.4/asm-5.0.4.jar:/home/user/.m2/repository/org/apache/zookeeper/zookeeper/3.4.13/zookeeper-3.4.13.jar:/home/user/.m2/repository/org/apache/yetus/audience-annotations/0.5.0/audience-annotations-0.5.0.jar:/home/user/.m2/repository/org/apache/curator/curator-framework/2.13.0/curator-framework-2.13.0.jar:/home/user/.m2/repository/com/sun/jersey/jersey-core/1.19/jersey-core-1.19.jar:/home/user/.m2/repository/javax/ws/rs/jsr311-api/1.1.1/jsr311-api-1.1.1.jar:/home/user/.m2/repository/com/sun/jersey/jersey-server/1.19/jersey-server-1.19.jar:/home/user/.m2/repository/javax/servlet/javax.servlet-api/3.1.0/javax.servlet-api-3.1.0.jar:/home/user/.m2/repository/org/eclipse/jetty/jetty-server/9.4.26.v20200117/jetty-server-9.4.26.v20200117.jar:/home/user/.m2/repository/org/eclipse/jetty/jetty-http/9.4.26.v20200117/jetty-http-9.4.26.v20200117.jar:/home/user/.m2/repository/org/eclipse/jetty/jetty-io/9.4.26.v20200117/jetty-io-9.4.26.v20200117.jar:/home/user/.m2/repository/org/eclipse/jetty/jetty-webapp/9.4.26.v20200117/jetty-webapp-9.4.26.v20200117.jar:/home/user/.m2/repository/org/eclipse/jetty/jetty-xml/9.4.26.v20200117/jetty-xml-9.4.26.v20200117.jar:/home/user/.m2/repository/org/eclipse/jetty/jetty-servlet/9.4.26.v20200117/jetty-servlet-9.4.26.v20200117.jar:/home/user/.m2/repository/org/eclipse/jetty/jetty-security/9.4.26.v20200117/jetty-security-9.4.26.v20200117.jar:/home/user/.m2/repository/org/apache/hadoop/hadoop-common/3.2.1/hadoop-common-3.2.1.jar:/home/user/.m2/repository/commons-net/commons-net/3.6/commons-net-3.6.jar:/home/user/.m2/repository/commons-collections/commons-collections/3.2.2/commons-collections-3.2.2.jar:/home/user/.m2/repository/com/sun/jersey/jersey-servlet/1.19/jersey-servlet-1.19.jar:/home/user/.m2/repository/com/sun/jersey/jersey-json/1.19/jersey-json-1.19.jar:/home/user/.m2/repository/org/codehaus/jettison/jettison/1.1/jettison-1.1.jar:/home/user/.m2/repository/org/codehaus/jackson/jackson-jaxrs/1.9.2/jackson-jaxrs-1.9.2.jar:/home/user/.m2/repository/org/codehaus/jackson/jackson-xc/1.9.2/jackson-xc-1.9.2.jar:/home/user/.m2/repository/commons-beanutils/commons-beanutils/1.9.4/commons-beanutils-1.9.4.jar:/home/user/.m2/repository/org/apache/commons/commons-configuration2/2.1.1/commons-configuration2-2.1.1.jar:/home/user/.m2/repository/org/apache/commons/commons-text/1.4/commons-text-1.4.jar:/home/user/.m2/repository/com/google/re2j/re2j/1.1/re2j-1.1.jar:/home/user/.m2/repository/com/jcraft/jsch/0.1.54/jsch-0.1.54.jar:/home/user/.m2/repository/org/apache/curator/curator-client/2.13.0/curator-client-2.13.0.jar:/home/user/.m2/repository/org/apache/curator/curator-recipes/2.13.0/curator-recipes-2.13.0.jar:/home/user/.m2/repository/dnsjava/dnsjava/2.1.7/dnsjava-2.1.7.jar:/home/user/.m2/repository/org/slf4j/jul-to-slf4j/1.7.25/jul-to-slf4j-1.7.25.jar:/home/user/.m2/repository/org/eclipse/jetty/jetty-util/9.4.26.v20200117/jetty-util-9.4.26.v20200117.jar:/home/user/.m2/repository/com/fasterxml/jackson/core/jackson-databind/2.10.3/jackson-databind-2.10.3.jar:/home/user/.m2/repository/org/apache/hadoop/hadoop-kms/3.2.1/hadoop-kms-3.2.1-tests.jar:/home/user/.m2/repository/org/apache/hadoop/hadoop-hdds-server-scm/0.6.0-SNAPSHOT/hadoop-hdds-server-scm-0.6.0-SNAPSHOT-tests.jar:/home/user/.m2/repository/org/apache/hadoop/hadoop-hdds-container-service/0.6.0-SNAPSHOT/hadoop-hdds-container-service-0.6.0-SNAPSHOT-tests.jar:/home/user/.m2/repository/org/apache/hadoop/hadoop-hdds-common/0.6.0-SNAPSHOT/hadoop-hdds-common-0.6.0-SNAPSHOT-tests.jar:/home/user/.m2/repository/org/yaml/snakeyaml/1.16/snakeyaml-1.16.jar:/home/user/.m2/repository/org/apache/hadoop/hadoop-hdds-hadoop-dependency-test/0.6.0-SNAPSHOT/hadoop-hdds-hadoop-dependency-test-0.6.0-SNAPSHOT.jar:/home/user/.m2/repository/org/apache/hadoop/hadoop-common/3.2.1/hadoop-common-3.2.1-tests.jar:/home/user/.m2/repository/javax/servlet/jsp/jsp-api/2.1/jsp-api-2.1.jar:/home/user/.m2/repository/org/apache/hadoop/hadoop-hdfs/3.2.1/hadoop-hdfs-3.2.1-tests.jar:/home/user/.m2/repository/org/eclipse/jetty/jetty-util-ajax/9.4.26.v20200117/jetty-util-ajax-9.4.26.v20200117.jar:/home/user/.m2/repository/commons-codec/commons-codec/1.11/commons-codec-1.11.jar:/home/user/.m2/repository/commons-daemon/commons-daemon/1.0.13/commons-daemon-1.0.13.jar:/home/user/.m2/repository/io/netty/netty/3.10.5.Final/netty-3.10.5.Final.jar:/home/user/.m2/repository/io/netty/netty-all/4.1.48.Final/netty-all-4.1.48.Final.jar:/home/user/.m2/repository/org/apache/htrace/htrace-core4/4.1.0-incubating/htrace-core4-4.1.0-incubating.jar:/home/user/.m2/repository/org/fusesource/leveldbjni/leveldbjni-all/1.8/leveldbjni-all-1.8.jar:/home/user/.m2/repository/org/apache/hadoop/hadoop-distcp/3.2.1/hadoop-distcp-3.2.1.jar:/home/user/.m2/repository/org/apache/hadoop/hadoop-mapreduce-client-jobclient/3.2.1/hadoop-mapreduce-client-jobclient-3.2.1.jar:/home/user/.m2/repository/org/apache/hadoop/hadoop-mapreduce-client-common/3.2.1/hadoop-mapreduce-client-common-3.2.1.jar:/home/user/.m2/repository/org/apache/hadoop/hadoop-yarn-common/3.2.1/hadoop-yarn-common-3.2.1.jar:/home/user/.m2/repository/org/apache/hadoop/hadoop-yarn-api/3.2.1/hadoop-yarn-api-3.2.1.jar:/home/user/.m2/repository/com/sun/jersey/jersey-client/1.19/jersey-client-1.19.jar:/home/user/.m2/repository/com/sun/jersey/contribs/jersey-guice/1.19/jersey-guice-1.19.jar:/home/user/.m2/repository/com/fasterxml/jackson/jaxrs/jackson-jaxrs-json-provider/2.10.3/jackson-jaxrs-json-provider-2.10.3.jar:/home/user/.m2/repository/com/fasterxml/jackson/jaxrs/jackson-jaxrs-base/2.10.3/jackson-jaxrs-base-2.10.3.jar:/home/user/.m2/repository/org/apache/hadoop/hadoop-yarn-client/3.2.1/hadoop-yarn-client-3.2.1.jar:/home/user/.m2/repository/org/apache/hadoop/hadoop-mapreduce-client-core/3.2.1/hadoop-mapreduce-client-core-3.2.1.jar:/home/user/.m2/repository/org/apache/avro/avro/1.7.7/avro-1.7.7.jar:/home/user/.m2/repository/org/codehaus/jackson/jackson-core-asl/1.9.13/jackson-core-asl-1.9.13.jar:/home/user/.m2/repository/org/codehaus/jackson/jackson-mapper-asl/1.9.13/jackson-mapper-asl-1.9.13.jar:/home/user/.m2/repository/com/thoughtworks/paranamer/paranamer/2.3/paranamer-2.3.jar:/home/user/.m2/repository/org/xerial/snappy/snappy-java/1.0.5/snappy-java-1.0.5.jar:/home/user/.m2/repository/org/apache/hadoop/hadoop-annotations/3.2.1/hadoop-annotations-3.2.1.jar:/usr/lib/jvm/java-1.8.0-openjdk-1.8.0.232.b09-0.el7_7.x86_64/jre/../lib/tools.jar:/home/user/.m2/repository/org/apache/hadoop/hadoop-distcp/3.2.1/hadoop-distcp-3.2.1-tests.jar:"/>
    <property name="sun.cpu.endian" value="little"/>
    <property name="user.home" value="/home/user"/>
    <property name="user.language" value="en"/>
    <property name="java.specification.vendor" value="Oracle Corporation"/>
    <property name="java.home" value="/usr/lib/jvm/java-1.8.0-openjdk-1.8.0.232.b09-0.el7_7.x86_64/jre"/>
    <property name="java.security.krb5.conf" value="/github/workspace/mnt/ozone/hadoop-ozone/integration-test/target/test-classes/krb5.conf"/>
    <property name="basedir" value="/github/workspace/mnt/ozone/hadoop-ozone/integration-test"/>
    <property name="file.separator" value="/"/>
    <property name="line.separator" value="&#10;"/>
    <property name="java.vm.specification.vendor" value="Oracle Corporation"/>
    <property name="java.specification.name" value="Java Platform API Specification"/>
    <property name="java.awt.graphicsenv" value="sun.awt.X11GraphicsEnvironment"/>
    <property name="skip.installnpx" value="true"/>
    <property name="surefire.real.class.path" value="/github/workspace/mnt/ozone/hadoop-ozone/integration-test/target/surefire/surefirebooter7701262165433753129.jar:/home/user/.m2/repository/org/jacoco/org.jacoco.agent/0.8.5/org.jacoco.agent-0.8.5-runtime.jar"/>
    <property name="hadoop.log.dir" value="/github/workspace/mnt/ozone/hadoop-ozone/integration-test/target/log"/>
    <property name="sun.boot.class.path" value="/usr/lib/jvm/java-1.8.0-openjdk-1.8.0.232.b09-0.el7_7.x86_64/jre/lib/resources.jar:/usr/lib/jvm/java-1.8.0-openjdk-1.8.0.232.b09-0.el7_7.x86_64/jre/lib/rt.jar:/usr/lib/jvm/java-1.8.0-openjdk-1.8.0.232.b09-0.el7_7.x86_64/jre/lib/sunrsasign.jar:/usr/lib/jvm/java-1.8.0-openjdk-1.8.0.232.b09-0.el7_7.x86_64/jre/lib/jsse.jar:/usr/lib/jvm/java-1.8.0-openjdk-1.8.0.232.b09-0.el7_7.x86_64/jre/lib/jce.jar:/usr/lib/jvm/java-1.8.0-openjdk-1.8.0.232.b09-0.el7_7.x86_64/jre/lib/charsets.jar:/usr/lib/jvm/java-1.8.0-openjdk-1.8.0.232.b09-0.el7_7.x86_64/jre/lib/jfr.jar:/usr/lib/jvm/java-1.8.0-openjdk-1.8.0.232.b09-0.el7_7.x86_64/jre/classes"/>
    <property name="sun.management.compiler" value="HotSpot 64-Bit Tiered Compilers"/>
    <property name="skip.npx" value="true"/>
    <property name="java.runtime.version" value="1.8.0_232-b09"/>
    <property name="java.net.preferIPv4Stack" value="true"/>
    <property name="user.name" value="jenkins1001"/>
    <property name="path.separator" value=":"/>
    <property name="java.security.egd" value="file:///dev/urandom"/>
    <property name="os.version" value="5.3.0-1022-azure"/>
    <property name="java.endorsed.dirs" value="/usr/lib/jvm/java-1.8.0-openjdk-1.8.0.232.b09-0.el7_7.x86_64/jre/lib/endorsed"/>
    <property name="java.runtime.name" value="OpenJDK Runtime Environment"/>
    <property name="file.encoding" value="ANSI_X3.4-1968"/>
    <property name="java.vm.name" value="OpenJDK 64-Bit Server VM"/>
    <property name="test.build.webapps" value=""/>
    <property name="localRepository" value="/home/user/.m2/repository"/>
    <property name="java.vendor.url.bug" value="http://bugreport.sun.com/bugreport/"/>
    <property name="java.io.tmpdir" value="/tmp"/>
    <property name="require.test.libhadoop" value=""/>
    <property name="java.version" value="1.8.0_232"/>
    <property name="user.dir" value="/github/workspace/mnt/ozone/hadoop-ozone/integration-test"/>
    <property name="os.arch" value="amd64"/>
    <property name="java.vm.specification.name" value="Java Virtual Machine Specification"/>
    <property name="test.build.classes" value="/github/workspace/mnt/ozone/hadoop-ozone/integration-test/target/test-classes"/>
    <property name="java.awt.printerjob" value="sun.print.PSPrinterJob"/>
    <property name="sun.os.patch.level" value="unknown"/>
    <property name="hadoop.tmp.dir" value="/github/workspace/mnt/ozone/hadoop-ozone/integration-test/target/tmp"/>
    <property name="java.library.path" value="/usr/lib:/usr/java/packages/lib/amd64:/usr/lib64:/lib64:/lib:/usr/lib"/>
    <property name="java.vm.info" value="mixed mode"/>
    <property name="java.vendor" value="Oracle Corporation"/>
    <property name="java.vm.version" value="25.232-b09"/>
    <property name="java.ext.dirs" value="/usr/lib/jvm/java-1.8.0-openjdk-1.8.0.232.b09-0.el7_7.x86_64/jre/lib/ext:/usr/java/packages/lib/ext"/>
    <property name="sun.io.unicode.encoding" value="UnicodeLittle"/>
    <property name="java.class.version" value="52.0"/>
  </properties>
  <testcase name="testMultiBlockWritesWithIntermittentDnFailures" classname="org.apache.hadoop.ozone.client.rpc.TestMultiBlockWritesWithDnFailures" time="43.858">
    <failure message="expected:&lt;6&gt; but was:&lt;5&gt;" type="java.lang.AssertionError"><![CDATA[java.lang.AssertionError: expected:<6> but was:<5>
	at org.junit.Assert.fail(Assert.java:88)
	at org.junit.Assert.failNotEquals(Assert.java:743)
	at org.junit.Assert.assertEquals(Assert.java:118)
	at org.junit.Assert.assertEquals(Assert.java:555)
	at org.junit.Assert.assertEquals(Assert.java:542)
	at org.apache.hadoop.ozone.client.rpc.TestMultiBlockWritesWithDnFailures.testMultiBlockWritesWithIntermittentDnFailures(TestMultiBlockWritesWithDnFailures.java:204)
	at sun.reflect.NativeMethodAccessorImpl.invoke0(Native Method)
	at sun.reflect.NativeMethodAccessorImpl.invoke(NativeMethodAccessorImpl.java:62)
	at sun.reflect.DelegatingMethodAccessorImpl.invoke(DelegatingMethodAccessorImpl.java:43)
	at java.lang.reflect.Method.invoke(Method.java:498)
	at org.junit.runners.model.FrameworkMethod$1.runReflectiveCall(FrameworkMethod.java:47)
	at org.junit.internal.runners.model.ReflectiveCallable.run(ReflectiveCallable.java:12)
	at org.junit.runners.model.FrameworkMethod.invokeExplosively(FrameworkMethod.java:44)
	at org.junit.internal.runners.statements.InvokeMethod.evaluate(InvokeMethod.java:17)
	at org.junit.internal.runners.statements.RunAfters.evaluate(RunAfters.java:27)
	at org.junit.internal.runners.statements.FailOnTimeout$StatementThread.run(FailOnTimeout.java:74)
]]></failure>
    <system-out><![CDATA[2020-06-15 15:40:10,571 [Thread-1] WARN  server.ServerUtils (ServerUtils.java:getScmDbDir(148)) - ozone.scm.db.dirs is not configured. We recommend adding this setting. Falling back to ozone.metadata.dirs instead.
2020-06-15 15:40:10,685 [Thread-1] WARN  server.ServerUtils (ServerUtils.java:getScmDbDir(148)) - ozone.scm.db.dirs is not configured. We recommend adding this setting. Falling back to ozone.metadata.dirs instead.
2020-06-15 15:40:10,835 [Thread-1] WARN  db.DBStoreBuilder (DBStoreBuilder.java:createDBStoreBuilder(277)) - ozone.scm.db.dirs is not configured. We recommend adding this setting. Falling back to ozone.metadata.dirs instead.
2020-06-15 15:40:11,101 [Thread-1] INFO  net.NodeSchemaLoader (NodeSchemaLoader.java:loadSchemaFromFile(126)) - Loading file from sun.misc.CompoundEnumeration@558bd0d6
2020-06-15 15:40:11,103 [Thread-1] INFO  net.NodeSchemaLoader (NodeSchemaLoader.java:loadSchema(172)) - Loading network topology layer schema file
2020-06-15 15:40:11,185 [Thread-1] INFO  node.SCMNodeManager (SCMNodeManager.java:<init>(116)) - Entering startup safe mode.
2020-06-15 15:40:11,311 [Thread-1] INFO  algorithms.ContainerPlacementPolicyFactory (ContainerPlacementPolicyFactory.java:getPolicy(60)) - Create container placement policy of type org.apache.hadoop.hdds.scm.container.placement.algorithms.SCMContainerPlacementRandom
2020-06-15 15:40:11,341 [Thread-1] INFO  pipeline.SCMPipelineManager (SCMPipelineManager.java:initializePipelineState(158)) - No pipeline exists in current db
2020-06-15 15:40:11,422 [Thread-1] INFO  safemode.HealthyPipelineSafeModeRule (HealthyPipelineSafeModeRule.java:<init>(89)) - Total pipeline count is 0, healthy pipeline threshold count is 0
2020-06-15 15:40:11,425 [Thread-1] INFO  safemode.OneReplicaPipelineSafeModeRule (OneReplicaPipelineSafeModeRule.java:<init>(79)) - Total pipeline count is 0, pipeline's with at least one datanode reported threshold count is 0
2020-06-15 15:40:11,470 [RatisPipelineUtilsThread] ERROR pipeline.SCMPipelineManager (SCMPipelineManager.java:createPipeline(222)) - Failed to create pipeline of type RATIS and factor ONE. Exception: Cannot create pipeline of factor 1 using 0 nodes. Used 0 nodes. Healthy nodes 0
2020-06-15 15:40:11,834 [Thread-1] INFO  ipc.CallQueueManager (CallQueueManager.java:<init>(84)) - Using callQueue: class java.util.concurrent.LinkedBlockingQueue, queueCapacity: 2000, scheduler: class org.apache.hadoop.ipc.DefaultRpcScheduler, ipcBackoff: false.
2020-06-15 15:40:11,858 [Socket Reader #1 for port 0] INFO  ipc.Server (Server.java:run(1219)) - Starting Socket Reader #1 for port 0
2020-06-15 15:40:11,904 [Listener at 0.0.0.0/39149] INFO  ipc.CallQueueManager (CallQueueManager.java:<init>(84)) - Using callQueue: class java.util.concurrent.LinkedBlockingQueue, queueCapacity: 2000, scheduler: class org.apache.hadoop.ipc.DefaultRpcScheduler, ipcBackoff: false.
2020-06-15 15:40:11,908 [Socket Reader #1 for port 0] INFO  ipc.Server (Server.java:run(1219)) - Starting Socket Reader #1 for port 0
2020-06-15 15:40:11,926 [Listener at 0.0.0.0/42481] INFO  ipc.CallQueueManager (CallQueueManager.java:<init>(84)) - Using callQueue: class java.util.concurrent.LinkedBlockingQueue, queueCapacity: 2000, scheduler: class org.apache.hadoop.ipc.DefaultRpcScheduler, ipcBackoff: false.
2020-06-15 15:40:11,932 [Socket Reader #1 for port 0] INFO  ipc.Server (Server.java:run(1219)) - Starting Socket Reader #1 for port 0
2020-06-15 15:40:11,959 [Listener at 0.0.0.0/38639] INFO  http.BaseHttpServer (BaseHttpServer.java:newHttpServer2BuilderForOzone(205)) - Starting Web-server for scm at: http://0.0.0.0:0
2020-06-15 15:40:11,959 [Listener at 0.0.0.0/38639] INFO  http.BaseHttpServer (BaseHttpServer.java:<init>(106)) - Hadoop Security Enabled: false Ozone Security Enabled: false Ozone HTTP Security Enabled: false 
2020-06-15 15:40:11,988 [Listener at 0.0.0.0/38639] INFO  util.log (Log.java:initialized(169)) - Logging initialized @2677ms to org.eclipse.jetty.util.log.Slf4jLog
2020-06-15 15:40:12,115 [Listener at 0.0.0.0/38639] INFO  server.AuthenticationFilter (AuthenticationFilter.java:constructSecretProvider(240)) - Unable to initialize FileSignerSecretProvider, falling back to use random secrets.
2020-06-15 15:40:12,131 [Listener at 0.0.0.0/38639] WARN  http.HttpRequestLog (HttpRequestLog.java:getRequestLog(103)) - Jetty request log can only be enabled using Log4j
2020-06-15 15:40:12,136 [Listener at 0.0.0.0/38639] INFO  http.HttpServer2 (HttpServer2.java:addGlobalFilter(993)) - Added global filter 'safety' (class=org.apache.hadoop.hdds.server.http.HttpServer2$QuotingInputFilter)
2020-06-15 15:40:12,138 [Listener at 0.0.0.0/38639] INFO  http.HttpServer2 (HttpServer2.java:addFilter(969)) - Added filter authentication (class=org.apache.hadoop.security.authentication.server.AuthenticationFilter) to context scm
2020-06-15 15:40:12,138 [Listener at 0.0.0.0/38639] INFO  http.HttpServer2 (HttpServer2.java:addFilter(977)) - Added filter authentication (class=org.apache.hadoop.security.authentication.server.AuthenticationFilter) to context logs
2020-06-15 15:40:12,138 [Listener at 0.0.0.0/38639] INFO  http.HttpServer2 (HttpServer2.java:addFilter(977)) - Added filter authentication (class=org.apache.hadoop.security.authentication.server.AuthenticationFilter) to context static
2020-06-15 15:40:12,190 [Listener at 0.0.0.0/38639] INFO  server.StorageContainerManager (StorageContainerManager.java:start(781)) - StorageContainerLocationProtocol RPC server is listening at /0.0.0.0:38639
2020-06-15 15:40:12,242 [Listener at 0.0.0.0/38639] WARN  impl.MetricsConfig (MetricsConfig.java:loadFirst(134)) - Cannot locate configuration: tried hadoop-metrics2-storagecontainermanager.properties,hadoop-metrics2.properties
2020-06-15 15:40:12,256 [Listener at 0.0.0.0/38639] INFO  impl.MetricsSystemImpl (MetricsSystemImpl.java:startTimer(374)) - Scheduled Metric snapshot period at 10 second(s).
2020-06-15 15:40:12,256 [Listener at 0.0.0.0/38639] INFO  impl.MetricsSystemImpl (MetricsSystemImpl.java:start(191)) - StorageContainerManager metrics system started
2020-06-15 15:40:12,528 [Listener at 0.0.0.0/38639] INFO  server.SCMClientProtocolServer (SCMClientProtocolServer.java:start(155)) - RPC server for Client  is listening at /0.0.0.0:38639
2020-06-15 15:40:12,532 [IPC Server Responder] INFO  ipc.Server (Server.java:run(1460)) - IPC Server Responder: starting
2020-06-15 15:40:12,537 [IPC Server listener on 0] INFO  ipc.Server (Server.java:run(1298)) - IPC Server listener on 0: starting
2020-06-15 15:40:12,550 [Listener at 0.0.0.0/38639] INFO  server.StorageContainerManager (StorageContainerManager.java:start(793)) - ScmBlockLocationProtocol RPC server is listening at /0.0.0.0:42481
2020-06-15 15:40:12,550 [Listener at 0.0.0.0/38639] INFO  server.SCMBlockProtocolServer (SCMBlockProtocolServer.java:start(149)) - RPC server for Block Protocol is listening at /0.0.0.0:42481
2020-06-15 15:40:12,551 [IPC Server Responder] INFO  ipc.Server (Server.java:run(1460)) - IPC Server Responder: starting
2020-06-15 15:40:12,552 [IPC Server listener on 0] INFO  ipc.Server (Server.java:run(1298)) - IPC Server listener on 0: starting
2020-06-15 15:40:12,632 [Listener at 0.0.0.0/38639] INFO  server.StorageContainerManager (StorageContainerManager.java:start(799)) - ScmDatanodeProtocl RPC server is listening at /0.0.0.0:39149
2020-06-15 15:40:12,632 [Listener at 0.0.0.0/38639] INFO  server.SCMDatanodeProtocolServer (SCMDatanodeProtocolServer.java:start(172)) - RPC server for DataNodes is listening at /0.0.0.0:39149
2020-06-15 15:40:12,636 [IPC Server Responder] INFO  ipc.Server (Server.java:run(1460)) - IPC Server Responder: starting
2020-06-15 15:40:12,640 [IPC Server listener on 0] INFO  ipc.Server (Server.java:run(1298)) - IPC Server listener on 0: starting
2020-06-15 15:40:12,721 [Listener at 0.0.0.0/38639] INFO  http.HttpServer2 (HttpServer2.java:bindListener(1211)) - Jetty bound to port 39579
2020-06-15 15:40:12,723 [Listener at 0.0.0.0/38639] INFO  server.Server (Server.java:doStart(359)) - jetty-9.4.26.v20200117; built: 2020-01-17T12:35:33.676Z; git: 7b38981d25d14afb4a12ff1f2596756144edf695; jvm 1.8.0_232-b09
2020-06-15 15:40:12,792 [Listener at 0.0.0.0/38639] INFO  server.session (DefaultSessionIdManager.java:doStart(333)) - DefaultSessionIdManager workerName=node0
2020-06-15 15:40:12,792 [Listener at 0.0.0.0/38639] INFO  server.session (DefaultSessionIdManager.java:doStart(338)) - No SessionScavenger set, using defaults
2020-06-15 15:40:12,794 [Listener at 0.0.0.0/38639] INFO  server.session (HouseKeeper.java:startScavenging(140)) - node0 Scavenging every 600000ms
2020-06-15 15:40:12,811 [Listener at 0.0.0.0/38639] INFO  server.AuthenticationFilter (AuthenticationFilter.java:constructSecretProvider(240)) - Unable to initialize FileSignerSecretProvider, falling back to use random secrets.
2020-06-15 15:40:12,816 [Listener at 0.0.0.0/38639] INFO  handler.ContextHandler (ContextHandler.java:doStart(825)) - Started o.e.j.s.ServletContextHandler@26a18b85{logs,/logs,file:///github/workspace/mnt/ozone/hadoop-ozone/integration-test/target/log,AVAILABLE}
2020-06-15 15:40:12,818 [Listener at 0.0.0.0/38639] INFO  handler.ContextHandler (ContextHandler.java:doStart(825)) - Started o.e.j.s.ServletContextHandler@16d66642{static,/static,file:///github/workspace/mnt/ozone/hadoop-ozone/integration-test/target/test-classes/webapps/static,AVAILABLE}
2020-06-15 15:40:12,869 [Listener at 0.0.0.0/38639] INFO  handler.ContextHandler (ContextHandler.java:doStart(825)) - Started o.e.j.w.WebAppContext@5debe378{scm,/,file:///github/workspace/mnt/ozone/hadoop-ozone/integration-test/target/test-classes/webapps/scm/,AVAILABLE}{file:/github/workspace/mnt/ozone/hadoop-ozone/integration-test/target/test-classes/webapps/scm}
2020-06-15 15:40:12,880 [Listener at 0.0.0.0/38639] INFO  server.AbstractConnector (AbstractConnector.java:doStart(330)) - Started ServerConnector@5e13ffec{HTTP/1.1,[http/1.1]}{0.0.0.0:39579}
2020-06-15 15:40:12,880 [Listener at 0.0.0.0/38639] INFO  server.Server (Server.java:doStart(399)) - Started @3570ms
2020-06-15 15:40:12,883 [Listener at 0.0.0.0/38639] INFO  impl.MetricsSinkAdapter (MetricsSinkAdapter.java:start(204)) - Sink prometheus started
2020-06-15 15:40:12,883 [Listener at 0.0.0.0/38639] INFO  impl.MetricsSystemImpl (MetricsSystemImpl.java:registerSink(301)) - Registered sink prometheus
2020-06-15 15:40:12,886 [Listener at 0.0.0.0/38639] INFO  http.BaseHttpServer (BaseHttpServer.java:updateConnectorAddress(325)) - HTTP server of scm listening at http://0.0.0.0:39579
2020-06-15 15:40:12,897 [Listener at 0.0.0.0/38639] WARN  server.ServerUtils (ServerUtils.java:getDBPath(225)) - ozone.om.db.dirs is not configured. We recommend adding this setting. Falling back to ozone.metadata.dirs instead.
2020-06-15 15:40:12,900 [org.apache.hadoop.util.JvmPauseMonitor$Monitor@63da715e] INFO  util.JvmPauseMonitor (JvmPauseMonitor.java:run(188)) - Starting JVM pause monitor
2020-06-15 15:40:13,009 [Listener at 0.0.0.0/38639] INFO  ha.OMHANodeDetails (OMHANodeDetails.java:loadOMHAConfig(104)) - ozone.om.internal.service.id is not defined, falling back to ozone.om.service.ids to find serviceID for OzoneManager if it is HA enabled cluster
2020-06-15 15:40:13,011 [Listener at 0.0.0.0/38639] INFO  ha.OMHANodeDetails (OMHANodeDetails.java:loadOMHAConfig(213)) - Configuration either no ozone.om.address set. Falling back to the default OM address /127.0.0.1:0
2020-06-15 15:40:13,012 [Listener at 0.0.0.0/38639] INFO  ha.OMHANodeDetails (OMHANodeDetails.java:getOMNodeDetails(241)) - OM Service ID is not set. Setting it to the default ID: omServiceIdDefault
2020-06-15 15:40:13,013 [Listener at 0.0.0.0/38639] WARN  server.ServerUtils (ServerUtils.java:getDBPath(225)) - ozone.om.db.dirs is not configured. We recommend adding this setting. Falling back to ozone.metadata.dirs instead.
2020-06-15 15:40:13,014 [Listener at 0.0.0.0/38639] WARN  server.ServerUtils (ServerUtils.java:getDBPath(225)) - ozone.om.db.dirs is not configured. We recommend adding this setting. Falling back to ozone.metadata.dirs instead.
2020-06-15 15:40:13,668 [Listener at 0.0.0.0/38639] WARN  server.ServerUtils (ServerUtils.java:getDBPath(225)) - ozone.om.db.dirs is not configured. We recommend adding this setting. Falling back to ozone.metadata.dirs instead.
2020-06-15 15:40:13,796 [Listener at 0.0.0.0/38639] INFO  ipc.CallQueueManager (CallQueueManager.java:<init>(84)) - Using callQueue: class java.util.concurrent.LinkedBlockingQueue, queueCapacity: 2000, scheduler: class org.apache.hadoop.ipc.DefaultRpcScheduler, ipcBackoff: false.
2020-06-15 15:40:13,800 [Socket Reader #1 for port 0] INFO  ipc.Server (Server.java:run(1219)) - Starting Socket Reader #1 for port 0
2020-06-15 15:40:13,834 [Listener at 127.0.0.1/33397] INFO  impl.MetricsSystemImpl (MetricsSystemImpl.java:init(158)) - OzoneManager metrics system started (again)
2020-06-15 15:40:13,836 [Listener at 127.0.0.1/33397] INFO  om.OzoneManager (OzoneManager.java:start(1085)) - OzoneManager RPC server is listening at localhost/127.0.0.1:33397
2020-06-15 15:40:13,855 [IPC Server Responder] INFO  ipc.Server (Server.java:run(1460)) - IPC Server Responder: starting
2020-06-15 15:40:13,856 [IPC Server listener on 0] INFO  ipc.Server (Server.java:run(1298)) - IPC Server listener on 0: starting
2020-06-15 15:40:13,875 [Listener at 127.0.0.1/33397] INFO  http.BaseHttpServer (BaseHttpServer.java:newHttpServer2BuilderForOzone(205)) - Starting Web-server for ozoneManager at: http://0.0.0.0:0
2020-06-15 15:40:13,876 [Listener at 127.0.0.1/33397] INFO  http.BaseHttpServer (BaseHttpServer.java:<init>(106)) - Hadoop Security Enabled: false Ozone Security Enabled: false Ozone HTTP Security Enabled: false 
2020-06-15 15:40:13,877 [Listener at 127.0.0.1/33397] INFO  server.AuthenticationFilter (AuthenticationFilter.java:constructSecretProvider(240)) - Unable to initialize FileSignerSecretProvider, falling back to use random secrets.
2020-06-15 15:40:13,884 [Listener at 127.0.0.1/33397] WARN  http.HttpRequestLog (HttpRequestLog.java:getRequestLog(103)) - Jetty request log can only be enabled using Log4j
2020-06-15 15:40:13,885 [Listener at 127.0.0.1/33397] INFO  http.HttpServer2 (HttpServer2.java:addGlobalFilter(993)) - Added global filter 'safety' (class=org.apache.hadoop.hdds.server.http.HttpServer2$QuotingInputFilter)
2020-06-15 15:40:13,886 [Listener at 127.0.0.1/33397] INFO  http.HttpServer2 (HttpServer2.java:addFilter(969)) - Added filter authentication (class=org.apache.hadoop.security.authentication.server.AuthenticationFilter) to context ozoneManager
2020-06-15 15:40:13,886 [Listener at 127.0.0.1/33397] INFO  http.HttpServer2 (HttpServer2.java:addFilter(977)) - Added filter authentication (class=org.apache.hadoop.security.authentication.server.AuthenticationFilter) to context logs
2020-06-15 15:40:13,886 [Listener at 127.0.0.1/33397] INFO  http.HttpServer2 (HttpServer2.java:addFilter(977)) - Added filter authentication (class=org.apache.hadoop.security.authentication.server.AuthenticationFilter) to context static
2020-06-15 15:40:13,889 [Listener at 127.0.0.1/33397] INFO  http.HttpServer2 (HttpServer2.java:bindListener(1211)) - Jetty bound to port 37599
2020-06-15 15:40:13,889 [Listener at 127.0.0.1/33397] INFO  server.Server (Server.java:doStart(359)) - jetty-9.4.26.v20200117; built: 2020-01-17T12:35:33.676Z; git: 7b38981d25d14afb4a12ff1f2596756144edf695; jvm 1.8.0_232-b09
2020-06-15 15:40:13,891 [Listener at 127.0.0.1/33397] INFO  server.session (DefaultSessionIdManager.java:doStart(333)) - DefaultSessionIdManager workerName=node0
2020-06-15 15:40:13,891 [Listener at 127.0.0.1/33397] INFO  server.session (DefaultSessionIdManager.java:doStart(338)) - No SessionScavenger set, using defaults
2020-06-15 15:40:13,892 [Listener at 127.0.0.1/33397] INFO  server.session (HouseKeeper.java:startScavenging(140)) - node0 Scavenging every 660000ms
2020-06-15 15:40:13,893 [Listener at 127.0.0.1/33397] INFO  server.AuthenticationFilter (AuthenticationFilter.java:constructSecretProvider(240)) - Unable to initialize FileSignerSecretProvider, falling back to use random secrets.
2020-06-15 15:40:13,894 [Listener at 127.0.0.1/33397] INFO  handler.ContextHandler (ContextHandler.java:doStart(825)) - Started o.e.j.s.ServletContextHandler@765870dd{logs,/logs,file:///github/workspace/mnt/ozone/hadoop-ozone/integration-test/target/log,AVAILABLE}
2020-06-15 15:40:13,894 [Listener at 127.0.0.1/33397] INFO  handler.ContextHandler (ContextHandler.java:doStart(825)) - Started o.e.j.s.ServletContextHandler@7de699d0{static,/static,file:///github/workspace/mnt/ozone/hadoop-ozone/integration-test/target/test-classes/webapps/static,AVAILABLE}
2020-06-15 15:40:13,899 [Listener at 127.0.0.1/33397] INFO  handler.ContextHandler (ContextHandler.java:doStart(825)) - Started o.e.j.w.WebAppContext@781a1ade{ozoneManager,/,file:///github/workspace/mnt/ozone/hadoop-ozone/integration-test/target/test-classes/webapps/ozoneManager/,AVAILABLE}{file:/github/workspace/mnt/ozone/hadoop-ozone/integration-test/target/test-classes/webapps/ozoneManager}
2020-06-15 15:40:13,904 [Listener at 127.0.0.1/33397] INFO  server.AbstractConnector (AbstractConnector.java:doStart(330)) - Started ServerConnector@3b1e264d{HTTP/1.1,[http/1.1]}{0.0.0.0:37599}
2020-06-15 15:40:13,905 [Listener at 127.0.0.1/33397] INFO  server.Server (Server.java:doStart(399)) - Started @4595ms
2020-06-15 15:40:13,905 [Listener at 127.0.0.1/33397] WARN  impl.MetricsSystemImpl (MetricsSystemImpl.java:register(276)) - Sink prometheus already exists!
2020-06-15 15:40:13,908 [Listener at 127.0.0.1/33397] INFO  http.BaseHttpServer (BaseHttpServer.java:updateConnectorAddress(325)) - HTTP server of ozoneManager listening at http://0.0.0.0:37599
2020-06-15 15:40:13,920 [org.apache.hadoop.util.JvmPauseMonitor$Monitor@7ddaaa43] INFO  util.JvmPauseMonitor (JvmPauseMonitor.java:run(188)) - Starting JVM pause monitor
2020-06-15 15:40:14,076 [Listener at 127.0.0.1/33397] INFO  metrics.MetricRegistries (MetricRegistriesLoader.java:load(64)) - Loaded MetricRegistries class org.apache.ratis.metrics.impl.MetricRegistriesImpl
2020-06-15 15:40:14,078 [Listener at 127.0.0.1/33397] INFO  impl.MetricsSystemImpl (MetricsSystemImpl.java:init(158)) - HddsDatanode metrics system started (again)
2020-06-15 15:40:14,084 [Listener at 127.0.0.1/33397] INFO  ozone.HddsDatanodeService (HddsDatanodeService.java:start(197)) - HddsDatanodeService host:dd6acf296020 ip:172.17.0.2
2020-06-15 15:40:14,186 [Listener at 127.0.0.1/33397] INFO  volume.HddsVolume (HddsVolume.java:<init>(176)) - Creating Volume: /github/workspace/mnt/ozone/hadoop-ozone/integration-test/target/test-dir/MiniOzoneClusterImpl-821e280a-19ea-4536-9ce4-db87e8de49a0/datanode-0/data-0/containers/hdds of storage type : DISK and capacity : 9223372036854775807
2020-06-15 15:40:14,197 [Listener at 127.0.0.1/33397] INFO  volume.MutableVolumeSet (MutableVolumeSet.java:initializeVolumeSet(181)) - Added Volume : /github/workspace/mnt/ozone/hadoop-ozone/integration-test/target/test-dir/MiniOzoneClusterImpl-821e280a-19ea-4536-9ce4-db87e8de49a0/datanode-0/data-0/containers/hdds to VolumeSet
2020-06-15 15:40:14,198 [Listener at 127.0.0.1/33397] INFO  volume.ThrottledAsyncChecker (ThrottledAsyncChecker.java:schedule(141)) - Scheduling a check for /github/workspace/mnt/ozone/hadoop-ozone/integration-test/target/test-dir/MiniOzoneClusterImpl-821e280a-19ea-4536-9ce4-db87e8de49a0/datanode-0/data-0/containers/hdds
2020-06-15 15:40:14,224 [Listener at 127.0.0.1/33397] INFO  volume.HddsVolumeChecker (HddsVolumeChecker.java:checkAllVolumes(200)) - Scheduled health check for volume /github/workspace/mnt/ozone/hadoop-ozone/integration-test/target/test-dir/MiniOzoneClusterImpl-821e280a-19ea-4536-9ce4-db87e8de49a0/datanode-0/data-0/containers/hdds
2020-06-15 15:40:14,350 [Listener at 127.0.0.1/33397] INFO  impl.RaftServerProxy (ConfUtils.java:logGet(44)) - raft.rpc.type = GRPC (default)
2020-06-15 15:40:14,422 [Listener at 127.0.0.1/33397] INFO  grpc.GrpcFactory (GrpcFactory.java:checkPooledByteBufAllocatorUseCacheForAllThreads(45)) - PERFORMANCE WARNING: useCacheForAllThreads is true that may cause Netty to create a lot garbage objects and, as a result, trigger GC.
	It is recommended to disable useCacheForAllThreads by setting -Dorg.apache.ratis.thirdparty.io.netty.allocator.useCacheForAllThreads=false in command line.
2020-06-15 15:40:14,426 [Listener at 127.0.0.1/33397] INFO  grpc.GrpcConfigKeys (ConfUtils.java:logGet(44)) - raft.grpc.server.port = 0 (default)
2020-06-15 15:40:14,427 [Listener at 127.0.0.1/33397] INFO  server.GrpcService (ConfUtils.java:logGet(44)) - raft.grpc.message.size.max = 32MB (=33554432) (custom)
2020-06-15 15:40:14,428 [Listener at 127.0.0.1/33397] INFO  server.RaftServerConfigKeys (ConfUtils.java:logGet(44)) - raft.server.log.appender.buffer.byte-limit = 33554432 (custom)
2020-06-15 15:40:14,429 [Listener at 127.0.0.1/33397] INFO  server.GrpcService (ConfUtils.java:logGet(44)) - raft.grpc.flow.control.window = 5MB (=5242880) (custom)
2020-06-15 15:40:14,430 [Listener at 127.0.0.1/33397] INFO  server.RaftServerConfigKeys (ConfUtils.java:logGet(44)) - raft.server.rpc.request.timeout = 3s (default)
2020-06-15 15:40:14,665 [Listener at 127.0.0.1/33397] INFO  server.RaftServerConfigKeys (ConfUtils.java:logGet(44)) - raft.server.storage.dir = [/github/workspace/mnt/ozone/hadoop-ozone/integration-test/target/test-dir/MiniOzoneClusterImpl-821e280a-19ea-4536-9ce4-db87e8de49a0/datanode-0/data/ratis] (custom)
2020-06-15 15:40:14,752 [Listener at 127.0.0.1/33397] INFO  http.BaseHttpServer (BaseHttpServer.java:newHttpServer2BuilderForOzone(205)) - Starting Web-server for hddsDatanode at: http://0.0.0.0:0
2020-06-15 15:40:14,752 [Listener at 127.0.0.1/33397] INFO  http.BaseHttpServer (BaseHttpServer.java:<init>(106)) - Hadoop Security Enabled: false Ozone Security Enabled: false Ozone HTTP Security Enabled: false 
2020-06-15 15:40:14,756 [Listener at 127.0.0.1/33397] INFO  server.AuthenticationFilter (AuthenticationFilter.java:constructSecretProvider(240)) - Unable to initialize FileSignerSecretProvider, falling back to use random secrets.
2020-06-15 15:40:14,760 [Listener at 127.0.0.1/33397] WARN  http.HttpRequestLog (HttpRequestLog.java:getRequestLog(103)) - Jetty request log can only be enabled using Log4j
2020-06-15 15:40:14,761 [Listener at 127.0.0.1/33397] INFO  http.HttpServer2 (HttpServer2.java:addGlobalFilter(993)) - Added global filter 'safety' (class=org.apache.hadoop.hdds.server.http.HttpServer2$QuotingInputFilter)
2020-06-15 15:40:14,762 [Listener at 127.0.0.1/33397] INFO  http.HttpServer2 (HttpServer2.java:addFilter(969)) - Added filter authentication (class=org.apache.hadoop.security.authentication.server.AuthenticationFilter) to context hddsDatanode
2020-06-15 15:40:14,762 [Listener at 127.0.0.1/33397] INFO  http.HttpServer2 (HttpServer2.java:addFilter(977)) - Added filter authentication (class=org.apache.hadoop.security.authentication.server.AuthenticationFilter) to context static
2020-06-15 15:40:14,762 [Listener at 127.0.0.1/33397] INFO  http.HttpServer2 (HttpServer2.java:addFilter(977)) - Added filter authentication (class=org.apache.hadoop.security.authentication.server.AuthenticationFilter) to context logs
2020-06-15 15:40:14,763 [Listener at 127.0.0.1/33397] INFO  http.HttpServer2 (HttpServer2.java:bindListener(1211)) - Jetty bound to port 39747
2020-06-15 15:40:14,763 [Listener at 127.0.0.1/33397] INFO  server.Server (Server.java:doStart(359)) - jetty-9.4.26.v20200117; built: 2020-01-17T12:35:33.676Z; git: 7b38981d25d14afb4a12ff1f2596756144edf695; jvm 1.8.0_232-b09
2020-06-15 15:40:14,792 [Listener at 127.0.0.1/33397] INFO  server.session (DefaultSessionIdManager.java:doStart(333)) - DefaultSessionIdManager workerName=node0
2020-06-15 15:40:14,792 [Listener at 127.0.0.1/33397] INFO  server.session (DefaultSessionIdManager.java:doStart(338)) - No SessionScavenger set, using defaults
2020-06-15 15:40:14,792 [Listener at 127.0.0.1/33397] INFO  server.session (HouseKeeper.java:startScavenging(140)) - node0 Scavenging every 660000ms
2020-06-15 15:40:14,796 [Listener at 127.0.0.1/33397] INFO  server.AuthenticationFilter (AuthenticationFilter.java:constructSecretProvider(240)) - Unable to initialize FileSignerSecretProvider, falling back to use random secrets.
2020-06-15 15:40:14,800 [Listener at 127.0.0.1/33397] INFO  handler.ContextHandler (ContextHandler.java:doStart(825)) - Started o.e.j.s.ServletContextHandler@76c1a4de{logs,/logs,file:///github/workspace/mnt/ozone/hadoop-ozone/integration-test/target/log,AVAILABLE}
2020-06-15 15:40:14,800 [Listener at 127.0.0.1/33397] INFO  handler.ContextHandler (ContextHandler.java:doStart(825)) - Started o.e.j.s.ServletContextHandler@2a525080{static,/static,jar:file:/home/user/.m2/repository/org/apache/hadoop/hadoop-hdds-container-service/0.6.0-SNAPSHOT/hadoop-hdds-container-service-0.6.0-SNAPSHOT.jar!/webapps/static,AVAILABLE}
2020-06-15 15:40:14,828 [Listener at 127.0.0.1/33397] INFO  handler.ContextHandler (ContextHandler.java:doStart(825)) - Started o.e.j.w.WebAppContext@499f46e5{hddsDatanode,/,file:///tmp/jetty-0_0_0_0-39747-hadoop-hdds-container-service-0_6_0-SNAPSHOT_jar-_-any-5979125830623359253.dir/webapp/,AVAILABLE}{jar:file:/home/user/.m2/repository/org/apache/hadoop/hadoop-hdds-container-service/0.6.0-SNAPSHOT/hadoop-hdds-container-service-0.6.0-SNAPSHOT.jar!/webapps/hddsDatanode}
2020-06-15 15:40:14,833 [Listener at 127.0.0.1/33397] INFO  server.AbstractConnector (AbstractConnector.java:doStart(330)) - Started ServerConnector@47e8ba02{HTTP/1.1,[http/1.1]}{0.0.0.0:39747}
2020-06-15 15:40:14,833 [Listener at 127.0.0.1/33397] INFO  server.Server (Server.java:doStart(399)) - Started @5523ms
2020-06-15 15:40:14,833 [Listener at 127.0.0.1/33397] WARN  impl.MetricsSystemImpl (MetricsSystemImpl.java:register(276)) - Sink prometheus already exists!
2020-06-15 15:40:14,836 [Listener at 127.0.0.1/33397] INFO  http.BaseHttpServer (BaseHttpServer.java:updateConnectorAddress(325)) - HTTP server of hddsDatanode listening at http://0.0.0.0:39747
2020-06-15 15:40:14,840 [Listener at 127.0.0.1/33397] INFO  impl.MetricsSystemImpl (MetricsSystemImpl.java:init(158)) - HddsDatanode metrics system started (again)
2020-06-15 15:40:14,842 [Listener at 127.0.0.1/33397] INFO  ozone.HddsDatanodeService (HddsDatanodeService.java:start(197)) - HddsDatanodeService host:dd6acf296020 ip:172.17.0.2
2020-06-15 15:40:14,855 [Listener at 127.0.0.1/33397] INFO  volume.HddsVolume (HddsVolume.java:<init>(176)) - Creating Volume: /github/workspace/mnt/ozone/hadoop-ozone/integration-test/target/test-dir/MiniOzoneClusterImpl-821e280a-19ea-4536-9ce4-db87e8de49a0/datanode-1/data-0/containers/hdds of storage type : DISK and capacity : 9223372036854775807
2020-06-15 15:40:14,855 [Listener at 127.0.0.1/33397] INFO  volume.MutableVolumeSet (MutableVolumeSet.java:initializeVolumeSet(181)) - Added Volume : /github/workspace/mnt/ozone/hadoop-ozone/integration-test/target/test-dir/MiniOzoneClusterImpl-821e280a-19ea-4536-9ce4-db87e8de49a0/datanode-1/data-0/containers/hdds to VolumeSet
2020-06-15 15:40:14,855 [Listener at 127.0.0.1/33397] INFO  volume.ThrottledAsyncChecker (ThrottledAsyncChecker.java:schedule(141)) - Scheduling a check for /github/workspace/mnt/ozone/hadoop-ozone/integration-test/target/test-dir/MiniOzoneClusterImpl-821e280a-19ea-4536-9ce4-db87e8de49a0/datanode-1/data-0/containers/hdds
2020-06-15 15:40:14,864 [Listener at 127.0.0.1/33397] INFO  volume.HddsVolumeChecker (HddsVolumeChecker.java:checkAllVolumes(200)) - Scheduled health check for volume /github/workspace/mnt/ozone/hadoop-ozone/integration-test/target/test-dir/MiniOzoneClusterImpl-821e280a-19ea-4536-9ce4-db87e8de49a0/datanode-1/data-0/containers/hdds
2020-06-15 15:40:14,889 [org.apache.hadoop.util.JvmPauseMonitor$Monitor@8b177c8] INFO  util.JvmPauseMonitor (JvmPauseMonitor.java:run(188)) - Starting JVM pause monitor
2020-06-15 15:40:14,911 [Listener at 127.0.0.1/33397] INFO  impl.RaftServerProxy (ConfUtils.java:logGet(44)) - raft.rpc.type = GRPC (default)
2020-06-15 15:40:14,911 [Listener at 127.0.0.1/33397] INFO  grpc.GrpcFactory (GrpcFactory.java:checkPooledByteBufAllocatorUseCacheForAllThreads(45)) - PERFORMANCE WARNING: useCacheForAllThreads is true that may cause Netty to create a lot garbage objects and, as a result, trigger GC.
	It is recommended to disable useCacheForAllThreads by setting -Dorg.apache.ratis.thirdparty.io.netty.allocator.useCacheForAllThreads=false in command line.
2020-06-15 15:40:14,911 [Listener at 127.0.0.1/33397] INFO  grpc.GrpcConfigKeys (ConfUtils.java:logGet(44)) - raft.grpc.server.port = 0 (default)
2020-06-15 15:40:14,912 [Listener at 127.0.0.1/33397] INFO  server.GrpcService (ConfUtils.java:logGet(44)) - raft.grpc.message.size.max = 32MB (=33554432) (custom)
2020-06-15 15:40:14,912 [Listener at 127.0.0.1/33397] INFO  server.RaftServerConfigKeys (ConfUtils.java:logGet(44)) - raft.server.log.appender.buffer.byte-limit = 33554432 (custom)
2020-06-15 15:40:14,912 [Listener at 127.0.0.1/33397] INFO  server.GrpcService (ConfUtils.java:logGet(44)) - raft.grpc.flow.control.window = 5MB (=5242880) (custom)
2020-06-15 15:40:14,912 [Listener at 127.0.0.1/33397] INFO  server.RaftServerConfigKeys (ConfUtils.java:logGet(44)) - raft.server.rpc.request.timeout = 3s (default)
2020-06-15 15:40:14,913 [Listener at 127.0.0.1/33397] INFO  server.RaftServerConfigKeys (ConfUtils.java:logGet(44)) - raft.server.storage.dir = [/github/workspace/mnt/ozone/hadoop-ozone/integration-test/target/test-dir/MiniOzoneClusterImpl-821e280a-19ea-4536-9ce4-db87e8de49a0/datanode-1/data/ratis] (custom)
2020-06-15 15:40:14,919 [Listener at 127.0.0.1/33397] INFO  http.BaseHttpServer (BaseHttpServer.java:newHttpServer2BuilderForOzone(205)) - Starting Web-server for hddsDatanode at: http://0.0.0.0:0
2020-06-15 15:40:14,919 [Listener at 127.0.0.1/33397] INFO  http.BaseHttpServer (BaseHttpServer.java:<init>(106)) - Hadoop Security Enabled: false Ozone Security Enabled: false Ozone HTTP Security Enabled: false 
2020-06-15 15:40:14,920 [Listener at 127.0.0.1/33397] INFO  server.AuthenticationFilter (AuthenticationFilter.java:constructSecretProvider(240)) - Unable to initialize FileSignerSecretProvider, falling back to use random secrets.
2020-06-15 15:40:14,925 [Listener at 127.0.0.1/33397] WARN  http.HttpRequestLog (HttpRequestLog.java:getRequestLog(103)) - Jetty request log can only be enabled using Log4j
2020-06-15 15:40:14,926 [Listener at 127.0.0.1/33397] INFO  http.HttpServer2 (HttpServer2.java:addGlobalFilter(993)) - Added global filter 'safety' (class=org.apache.hadoop.hdds.server.http.HttpServer2$QuotingInputFilter)
2020-06-15 15:40:14,927 [Listener at 127.0.0.1/33397] INFO  http.HttpServer2 (HttpServer2.java:addFilter(969)) - Added filter authentication (class=org.apache.hadoop.security.authentication.server.AuthenticationFilter) to context hddsDatanode
2020-06-15 15:40:14,927 [Listener at 127.0.0.1/33397] INFO  http.HttpServer2 (HttpServer2.java:addFilter(977)) - Added filter authentication (class=org.apache.hadoop.security.authentication.server.AuthenticationFilter) to context static
2020-06-15 15:40:14,928 [Listener at 127.0.0.1/33397] INFO  http.HttpServer2 (HttpServer2.java:addFilter(977)) - Added filter authentication (class=org.apache.hadoop.security.authentication.server.AuthenticationFilter) to context logs
2020-06-15 15:40:14,928 [Listener at 127.0.0.1/33397] INFO  http.HttpServer2 (HttpServer2.java:bindListener(1211)) - Jetty bound to port 45793
2020-06-15 15:40:14,928 [Listener at 127.0.0.1/33397] INFO  server.Server (Server.java:doStart(359)) - jetty-9.4.26.v20200117; built: 2020-01-17T12:35:33.676Z; git: 7b38981d25d14afb4a12ff1f2596756144edf695; jvm 1.8.0_232-b09
2020-06-15 15:40:14,984 [Listener at 127.0.0.1/33397] INFO  server.session (DefaultSessionIdManager.java:doStart(333)) - DefaultSessionIdManager workerName=node0
2020-06-15 15:40:14,984 [Listener at 127.0.0.1/33397] INFO  server.session (DefaultSessionIdManager.java:doStart(338)) - No SessionScavenger set, using defaults
2020-06-15 15:40:14,984 [Listener at 127.0.0.1/33397] INFO  server.session (HouseKeeper.java:startScavenging(140)) - node0 Scavenging every 660000ms
2020-06-15 15:40:14,992 [Listener at 127.0.0.1/33397] INFO  server.AuthenticationFilter (AuthenticationFilter.java:constructSecretProvider(240)) - Unable to initialize FileSignerSecretProvider, falling back to use random secrets.
2020-06-15 15:40:14,998 [Listener at 127.0.0.1/33397] INFO  handler.ContextHandler (ContextHandler.java:doStart(825)) - Started o.e.j.s.ServletContextHandler@40b1fb0f{logs,/logs,file:///github/workspace/mnt/ozone/hadoop-ozone/integration-test/target/log,AVAILABLE}
2020-06-15 15:40:14,998 [Listener at 127.0.0.1/33397] INFO  handler.ContextHandler (ContextHandler.java:doStart(825)) - Started o.e.j.s.ServletContextHandler@5b6d8864{static,/static,jar:file:/home/user/.m2/repository/org/apache/hadoop/hadoop-hdds-container-service/0.6.0-SNAPSHOT/hadoop-hdds-container-service-0.6.0-SNAPSHOT.jar!/webapps/static,AVAILABLE}
2020-06-15 15:40:15,029 [Datanode State Machine Thread - 0] INFO  datanode.InitDatanodeState (InitDatanodeState.java:persistContainerDatanodeDetails(145)) - DatanodeDetails is persisted to /github/workspace/mnt/ozone/hadoop-ozone/integration-test/target/test-dir/MiniOzoneClusterImpl-821e280a-19ea-4536-9ce4-db87e8de49a0/datanode-0/meta/datanode.id
2020-06-15 15:40:15,034 [Listener at 127.0.0.1/33397] INFO  handler.ContextHandler (ContextHandler.java:doStart(825)) - Started o.e.j.w.WebAppContext@29cd6a05{hddsDatanode,/,file:///tmp/jetty-0_0_0_0-45793-hadoop-hdds-container-service-0_6_0-SNAPSHOT_jar-_-any-4654468785118632205.dir/webapp/,AVAILABLE}{jar:file:/home/user/.m2/repository/org/apache/hadoop/hadoop-hdds-container-service/0.6.0-SNAPSHOT/hadoop-hdds-container-service-0.6.0-SNAPSHOT.jar!/webapps/hddsDatanode}
2020-06-15 15:40:15,037 [Listener at 127.0.0.1/33397] INFO  server.AbstractConnector (AbstractConnector.java:doStart(330)) - Started ServerConnector@4624ede8{HTTP/1.1,[http/1.1]}{0.0.0.0:45793}
2020-06-15 15:40:15,038 [Listener at 127.0.0.1/33397] INFO  server.Server (Server.java:doStart(399)) - Started @5727ms
2020-06-15 15:40:15,038 [Listener at 127.0.0.1/33397] WARN  impl.MetricsSystemImpl (MetricsSystemImpl.java:register(276)) - Sink prometheus already exists!
2020-06-15 15:40:15,040 [Listener at 127.0.0.1/33397] INFO  http.BaseHttpServer (BaseHttpServer.java:updateConnectorAddress(325)) - HTTP server of hddsDatanode listening at http://0.0.0.0:45793
2020-06-15 15:40:15,041 [Listener at 127.0.0.1/33397] INFO  impl.MetricsSystemImpl (MetricsSystemImpl.java:init(158)) - HddsDatanode metrics system started (again)
2020-06-15 15:40:15,042 [Listener at 127.0.0.1/33397] INFO  ozone.HddsDatanodeService (HddsDatanodeService.java:start(197)) - HddsDatanodeService host:dd6acf296020 ip:172.17.0.2
2020-06-15 15:40:15,048 [Listener at 127.0.0.1/33397] INFO  volume.HddsVolume (HddsVolume.java:<init>(176)) - Creating Volume: /github/workspace/mnt/ozone/hadoop-ozone/integration-test/target/test-dir/MiniOzoneClusterImpl-821e280a-19ea-4536-9ce4-db87e8de49a0/datanode-2/data-0/containers/hdds of storage type : DISK and capacity : 9223372036854775807
2020-06-15 15:40:15,064 [Listener at 127.0.0.1/33397] INFO  volume.MutableVolumeSet (MutableVolumeSet.java:initializeVolumeSet(181)) - Added Volume : /github/workspace/mnt/ozone/hadoop-ozone/integration-test/target/test-dir/MiniOzoneClusterImpl-821e280a-19ea-4536-9ce4-db87e8de49a0/datanode-2/data-0/containers/hdds to VolumeSet
2020-06-15 15:40:15,064 [Listener at 127.0.0.1/33397] INFO  volume.ThrottledAsyncChecker (ThrottledAsyncChecker.java:schedule(141)) - Scheduling a check for /github/workspace/mnt/ozone/hadoop-ozone/integration-test/target/test-dir/MiniOzoneClusterImpl-821e280a-19ea-4536-9ce4-db87e8de49a0/datanode-2/data-0/containers/hdds
2020-06-15 15:40:15,065 [Listener at 127.0.0.1/33397] INFO  volume.HddsVolumeChecker (HddsVolumeChecker.java:checkAllVolumes(200)) - Scheduled health check for volume /github/workspace/mnt/ozone/hadoop-ozone/integration-test/target/test-dir/MiniOzoneClusterImpl-821e280a-19ea-4536-9ce4-db87e8de49a0/datanode-2/data-0/containers/hdds
2020-06-15 15:40:15,101 [Listener at 127.0.0.1/33397] INFO  impl.RaftServerProxy (ConfUtils.java:logGet(44)) - raft.rpc.type = GRPC (default)
2020-06-15 15:40:15,101 [Listener at 127.0.0.1/33397] INFO  grpc.GrpcFactory (GrpcFactory.java:checkPooledByteBufAllocatorUseCacheForAllThreads(45)) - PERFORMANCE WARNING: useCacheForAllThreads is true that may cause Netty to create a lot garbage objects and, as a result, trigger GC.
	It is recommended to disable useCacheForAllThreads by setting -Dorg.apache.ratis.thirdparty.io.netty.allocator.useCacheForAllThreads=false in command line.
2020-06-15 15:40:15,101 [Listener at 127.0.0.1/33397] INFO  grpc.GrpcConfigKeys (ConfUtils.java:logGet(44)) - raft.grpc.server.port = 0 (default)
2020-06-15 15:40:15,102 [Listener at 127.0.0.1/33397] INFO  server.GrpcService (ConfUtils.java:logGet(44)) - raft.grpc.message.size.max = 32MB (=33554432) (custom)
2020-06-15 15:40:15,102 [Listener at 127.0.0.1/33397] INFO  server.RaftServerConfigKeys (ConfUtils.java:logGet(44)) - raft.server.log.appender.buffer.byte-limit = 33554432 (custom)
2020-06-15 15:40:15,102 [Listener at 127.0.0.1/33397] INFO  server.GrpcService (ConfUtils.java:logGet(44)) - raft.grpc.flow.control.window = 5MB (=5242880) (custom)
2020-06-15 15:40:15,102 [Listener at 127.0.0.1/33397] INFO  server.RaftServerConfigKeys (ConfUtils.java:logGet(44)) - raft.server.rpc.request.timeout = 3s (default)
2020-06-15 15:40:15,104 [Listener at 127.0.0.1/33397] INFO  server.RaftServerConfigKeys (ConfUtils.java:logGet(44)) - raft.server.storage.dir = [/github/workspace/mnt/ozone/hadoop-ozone/integration-test/target/test-dir/MiniOzoneClusterImpl-821e280a-19ea-4536-9ce4-db87e8de49a0/datanode-2/data/ratis] (custom)
2020-06-15 15:40:15,111 [Listener at 127.0.0.1/33397] INFO  http.BaseHttpServer (BaseHttpServer.java:newHttpServer2BuilderForOzone(205)) - Starting Web-server for hddsDatanode at: http://0.0.0.0:0
2020-06-15 15:40:15,112 [Listener at 127.0.0.1/33397] INFO  http.BaseHttpServer (BaseHttpServer.java:<init>(106)) - Hadoop Security Enabled: false Ozone Security Enabled: false Ozone HTTP Security Enabled: false 
2020-06-15 15:40:15,114 [Listener at 127.0.0.1/33397] INFO  server.AuthenticationFilter (AuthenticationFilter.java:constructSecretProvider(240)) - Unable to initialize FileSignerSecretProvider, falling back to use random secrets.
2020-06-15 15:40:15,136 [org.apache.hadoop.util.JvmPauseMonitor$Monitor@5d21e01e] INFO  util.JvmPauseMonitor (JvmPauseMonitor.java:run(188)) - Starting JVM pause monitor
2020-06-15 15:40:15,137 [Listener at 127.0.0.1/33397] WARN  http.HttpRequestLog (HttpRequestLog.java:getRequestLog(103)) - Jetty request log can only be enabled using Log4j
2020-06-15 15:40:15,138 [Listener at 127.0.0.1/33397] INFO  http.HttpServer2 (HttpServer2.java:addGlobalFilter(993)) - Added global filter 'safety' (class=org.apache.hadoop.hdds.server.http.HttpServer2$QuotingInputFilter)
2020-06-15 15:40:15,139 [Listener at 127.0.0.1/33397] INFO  http.HttpServer2 (HttpServer2.java:addFilter(969)) - Added filter authentication (class=org.apache.hadoop.security.authentication.server.AuthenticationFilter) to context hddsDatanode
2020-06-15 15:40:15,139 [Listener at 127.0.0.1/33397] INFO  http.HttpServer2 (HttpServer2.java:addFilter(977)) - Added filter authentication (class=org.apache.hadoop.security.authentication.server.AuthenticationFilter) to context static
2020-06-15 15:40:15,139 [Listener at 127.0.0.1/33397] INFO  http.HttpServer2 (HttpServer2.java:addFilter(977)) - Added filter authentication (class=org.apache.hadoop.security.authentication.server.AuthenticationFilter) to context logs
2020-06-15 15:40:15,149 [Listener at 127.0.0.1/33397] INFO  http.HttpServer2 (HttpServer2.java:bindListener(1211)) - Jetty bound to port 35213
2020-06-15 15:40:15,149 [Listener at 127.0.0.1/33397] INFO  server.Server (Server.java:doStart(359)) - jetty-9.4.26.v20200117; built: 2020-01-17T12:35:33.676Z; git: 7b38981d25d14afb4a12ff1f2596756144edf695; jvm 1.8.0_232-b09
2020-06-15 15:40:15,172 [Listener at 127.0.0.1/33397] INFO  server.session (DefaultSessionIdManager.java:doStart(333)) - DefaultSessionIdManager workerName=node0
2020-06-15 15:40:15,172 [Listener at 127.0.0.1/33397] INFO  server.session (DefaultSessionIdManager.java:doStart(338)) - No SessionScavenger set, using defaults
2020-06-15 15:40:15,173 [Listener at 127.0.0.1/33397] INFO  server.session (HouseKeeper.java:startScavenging(140)) - node0 Scavenging every 600000ms
2020-06-15 15:40:15,188 [Listener at 127.0.0.1/33397] INFO  server.AuthenticationFilter (AuthenticationFilter.java:constructSecretProvider(240)) - Unable to initialize FileSignerSecretProvider, falling back to use random secrets.
2020-06-15 15:40:15,189 [Listener at 127.0.0.1/33397] INFO  handler.ContextHandler (ContextHandler.java:doStart(825)) - Started o.e.j.s.ServletContextHandler@777c3012{logs,/logs,file:///github/workspace/mnt/ozone/hadoop-ozone/integration-test/target/log,AVAILABLE}
2020-06-15 15:40:15,190 [Listener at 127.0.0.1/33397] INFO  handler.ContextHandler (ContextHandler.java:doStart(825)) - Started o.e.j.s.ServletContextHandler@55146bce{static,/static,jar:file:/home/user/.m2/repository/org/apache/hadoop/hadoop-hdds-container-service/0.6.0-SNAPSHOT/hadoop-hdds-container-service-0.6.0-SNAPSHOT.jar!/webapps/static,AVAILABLE}
2020-06-15 15:40:15,209 [Datanode State Machine Thread - 0] INFO  datanode.InitDatanodeState (InitDatanodeState.java:persistContainerDatanodeDetails(145)) - DatanodeDetails is persisted to /github/workspace/mnt/ozone/hadoop-ozone/integration-test/target/test-dir/MiniOzoneClusterImpl-821e280a-19ea-4536-9ce4-db87e8de49a0/datanode-1/meta/datanode.id
2020-06-15 15:40:15,217 [Listener at 127.0.0.1/33397] INFO  handler.ContextHandler (ContextHandler.java:doStart(825)) - Started o.e.j.w.WebAppContext@6c8e07ba{hddsDatanode,/,file:///tmp/jetty-0_0_0_0-35213-hadoop-hdds-container-service-0_6_0-SNAPSHOT_jar-_-any-9142063030011686852.dir/webapp/,AVAILABLE}{jar:file:/home/user/.m2/repository/org/apache/hadoop/hadoop-hdds-container-service/0.6.0-SNAPSHOT/hadoop-hdds-container-service-0.6.0-SNAPSHOT.jar!/webapps/hddsDatanode}
2020-06-15 15:40:15,218 [Listener at 127.0.0.1/33397] INFO  server.AbstractConnector (AbstractConnector.java:doStart(330)) - Started ServerConnector@57b1b10e{HTTP/1.1,[http/1.1]}{0.0.0.0:35213}
2020-06-15 15:40:15,218 [Listener at 127.0.0.1/33397] INFO  server.Server (Server.java:doStart(399)) - Started @5908ms
2020-06-15 15:40:15,219 [Listener at 127.0.0.1/33397] WARN  impl.MetricsSystemImpl (MetricsSystemImpl.java:register(276)) - Sink prometheus already exists!
2020-06-15 15:40:15,222 [Listener at 127.0.0.1/33397] INFO  http.BaseHttpServer (BaseHttpServer.java:updateConnectorAddress(325)) - HTTP server of hddsDatanode listening at http://0.0.0.0:35213
2020-06-15 15:40:15,224 [Listener at 127.0.0.1/33397] INFO  impl.MetricsSystemImpl (MetricsSystemImpl.java:init(158)) - HddsDatanode metrics system started (again)
2020-06-15 15:40:15,225 [Listener at 127.0.0.1/33397] INFO  ozone.HddsDatanodeService (HddsDatanodeService.java:start(197)) - HddsDatanodeService host:dd6acf296020 ip:172.17.0.2
2020-06-15 15:40:15,236 [Listener at 127.0.0.1/33397] INFO  volume.HddsVolume (HddsVolume.java:<init>(176)) - Creating Volume: /github/workspace/mnt/ozone/hadoop-ozone/integration-test/target/test-dir/MiniOzoneClusterImpl-821e280a-19ea-4536-9ce4-db87e8de49a0/datanode-3/data-0/containers/hdds of storage type : DISK and capacity : 9223372036854775807
2020-06-15 15:40:15,237 [Listener at 127.0.0.1/33397] INFO  volume.MutableVolumeSet (MutableVolumeSet.java:initializeVolumeSet(181)) - Added Volume : /github/workspace/mnt/ozone/hadoop-ozone/integration-test/target/test-dir/MiniOzoneClusterImpl-821e280a-19ea-4536-9ce4-db87e8de49a0/datanode-3/data-0/containers/hdds to VolumeSet
2020-06-15 15:40:15,237 [Listener at 127.0.0.1/33397] INFO  volume.ThrottledAsyncChecker (ThrottledAsyncChecker.java:schedule(141)) - Scheduling a check for /github/workspace/mnt/ozone/hadoop-ozone/integration-test/target/test-dir/MiniOzoneClusterImpl-821e280a-19ea-4536-9ce4-db87e8de49a0/datanode-3/data-0/containers/hdds
2020-06-15 15:40:15,244 [Listener at 127.0.0.1/33397] INFO  volume.HddsVolumeChecker (HddsVolumeChecker.java:checkAllVolumes(200)) - Scheduled health check for volume /github/workspace/mnt/ozone/hadoop-ozone/integration-test/target/test-dir/MiniOzoneClusterImpl-821e280a-19ea-4536-9ce4-db87e8de49a0/datanode-3/data-0/containers/hdds
2020-06-15 15:40:15,284 [org.apache.hadoop.util.JvmPauseMonitor$Monitor@40ca74af] INFO  util.JvmPauseMonitor (JvmPauseMonitor.java:run(188)) - Starting JVM pause monitor
2020-06-15 15:40:15,305 [Datanode State Machine Thread - 0] INFO  datanode.InitDatanodeState (InitDatanodeState.java:persistContainerDatanodeDetails(145)) - DatanodeDetails is persisted to /github/workspace/mnt/ozone/hadoop-ozone/integration-test/target/test-dir/MiniOzoneClusterImpl-821e280a-19ea-4536-9ce4-db87e8de49a0/datanode-2/meta/datanode.id
2020-06-15 15:40:15,307 [Listener at 127.0.0.1/33397] INFO  impl.RaftServerProxy (ConfUtils.java:logGet(44)) - raft.rpc.type = GRPC (default)
2020-06-15 15:40:15,307 [Listener at 127.0.0.1/33397] INFO  grpc.GrpcFactory (GrpcFactory.java:checkPooledByteBufAllocatorUseCacheForAllThreads(45)) - PERFORMANCE WARNING: useCacheForAllThreads is true that may cause Netty to create a lot garbage objects and, as a result, trigger GC.
	It is recommended to disable useCacheForAllThreads by setting -Dorg.apache.ratis.thirdparty.io.netty.allocator.useCacheForAllThreads=false in command line.
2020-06-15 15:40:15,308 [Listener at 127.0.0.1/33397] INFO  grpc.GrpcConfigKeys (ConfUtils.java:logGet(44)) - raft.grpc.server.port = 0 (default)
2020-06-15 15:40:15,308 [Listener at 127.0.0.1/33397] INFO  server.GrpcService (ConfUtils.java:logGet(44)) - raft.grpc.message.size.max = 32MB (=33554432) (custom)
2020-06-15 15:40:15,308 [Listener at 127.0.0.1/33397] INFO  server.RaftServerConfigKeys (ConfUtils.java:logGet(44)) - raft.server.log.appender.buffer.byte-limit = 33554432 (custom)
2020-06-15 15:40:15,308 [Listener at 127.0.0.1/33397] INFO  server.GrpcService (ConfUtils.java:logGet(44)) - raft.grpc.flow.control.window = 5MB (=5242880) (custom)
2020-06-15 15:40:15,309 [Listener at 127.0.0.1/33397] INFO  server.RaftServerConfigKeys (ConfUtils.java:logGet(44)) - raft.server.rpc.request.timeout = 3s (default)
2020-06-15 15:40:15,310 [Listener at 127.0.0.1/33397] INFO  server.RaftServerConfigKeys (ConfUtils.java:logGet(44)) - raft.server.storage.dir = [/github/workspace/mnt/ozone/hadoop-ozone/integration-test/target/test-dir/MiniOzoneClusterImpl-821e280a-19ea-4536-9ce4-db87e8de49a0/datanode-3/data/ratis] (custom)
2020-06-15 15:40:15,315 [Listener at 127.0.0.1/33397] INFO  http.BaseHttpServer (BaseHttpServer.java:newHttpServer2BuilderForOzone(205)) - Starting Web-server for hddsDatanode at: http://0.0.0.0:0
2020-06-15 15:40:15,315 [Listener at 127.0.0.1/33397] INFO  http.BaseHttpServer (BaseHttpServer.java:<init>(106)) - Hadoop Security Enabled: false Ozone Security Enabled: false Ozone HTTP Security Enabled: false 
2020-06-15 15:40:15,317 [Listener at 127.0.0.1/33397] INFO  server.AuthenticationFilter (AuthenticationFilter.java:constructSecretProvider(240)) - Unable to initialize FileSignerSecretProvider, falling back to use random secrets.
2020-06-15 15:40:15,320 [Listener at 127.0.0.1/33397] WARN  http.HttpRequestLog (HttpRequestLog.java:getRequestLog(103)) - Jetty request log can only be enabled using Log4j
2020-06-15 15:40:15,321 [Listener at 127.0.0.1/33397] INFO  http.HttpServer2 (HttpServer2.java:addGlobalFilter(993)) - Added global filter 'safety' (class=org.apache.hadoop.hdds.server.http.HttpServer2$QuotingInputFilter)
2020-06-15 15:40:15,322 [Listener at 127.0.0.1/33397] INFO  http.HttpServer2 (HttpServer2.java:addFilter(969)) - Added filter authentication (class=org.apache.hadoop.security.authentication.server.AuthenticationFilter) to context hddsDatanode
2020-06-15 15:40:15,322 [Listener at 127.0.0.1/33397] INFO  http.HttpServer2 (HttpServer2.java:addFilter(977)) - Added filter authentication (class=org.apache.hadoop.security.authentication.server.AuthenticationFilter) to context logs
2020-06-15 15:40:15,322 [Listener at 127.0.0.1/33397] INFO  http.HttpServer2 (HttpServer2.java:addFilter(977)) - Added filter authentication (class=org.apache.hadoop.security.authentication.server.AuthenticationFilter) to context static
2020-06-15 15:40:15,323 [Listener at 127.0.0.1/33397] INFO  http.HttpServer2 (HttpServer2.java:bindListener(1211)) - Jetty bound to port 41291
2020-06-15 15:40:15,323 [Listener at 127.0.0.1/33397] INFO  server.Server (Server.java:doStart(359)) - jetty-9.4.26.v20200117; built: 2020-01-17T12:35:33.676Z; git: 7b38981d25d14afb4a12ff1f2596756144edf695; jvm 1.8.0_232-b09
2020-06-15 15:40:15,348 [Listener at 127.0.0.1/33397] INFO  server.session (DefaultSessionIdManager.java:doStart(333)) - DefaultSessionIdManager workerName=node0
2020-06-15 15:40:15,348 [Listener at 127.0.0.1/33397] INFO  server.session (DefaultSessionIdManager.java:doStart(338)) - No SessionScavenger set, using defaults
2020-06-15 15:40:15,348 [Listener at 127.0.0.1/33397] INFO  server.session (HouseKeeper.java:startScavenging(140)) - node0 Scavenging every 660000ms
2020-06-15 15:40:15,349 [Listener at 127.0.0.1/33397] INFO  server.AuthenticationFilter (AuthenticationFilter.java:constructSecretProvider(240)) - Unable to initialize FileSignerSecretProvider, falling back to use random secrets.
2020-06-15 15:40:15,350 [Listener at 127.0.0.1/33397] INFO  handler.ContextHandler (ContextHandler.java:doStart(825)) - Started o.e.j.s.ServletContextHandler@3f8a59d3{logs,/logs,file:///github/workspace/mnt/ozone/hadoop-ozone/integration-test/target/log,AVAILABLE}
2020-06-15 15:40:15,350 [Listener at 127.0.0.1/33397] INFO  handler.ContextHandler (ContextHandler.java:doStart(825)) - Started o.e.j.s.ServletContextHandler@7b0ea2d0{static,/static,jar:file:/home/user/.m2/repository/org/apache/hadoop/hadoop-hdds-container-service/0.6.0-SNAPSHOT/hadoop-hdds-container-service-0.6.0-SNAPSHOT.jar!/webapps/static,AVAILABLE}
2020-06-15 15:40:15,377 [Listener at 127.0.0.1/33397] INFO  handler.ContextHandler (ContextHandler.java:doStart(825)) - Started o.e.j.w.WebAppContext@42c96a84{hddsDatanode,/,file:///tmp/jetty-0_0_0_0-41291-hadoop-hdds-container-service-0_6_0-SNAPSHOT_jar-_-any-6702691258964608445.dir/webapp/,AVAILABLE}{jar:file:/home/user/.m2/repository/org/apache/hadoop/hadoop-hdds-container-service/0.6.0-SNAPSHOT/hadoop-hdds-container-service-0.6.0-SNAPSHOT.jar!/webapps/hddsDatanode}
2020-06-15 15:40:15,378 [Listener at 127.0.0.1/33397] INFO  server.AbstractConnector (AbstractConnector.java:doStart(330)) - Started ServerConnector@50791748{HTTP/1.1,[http/1.1]}{0.0.0.0:41291}
2020-06-15 15:40:15,388 [Listener at 127.0.0.1/33397] INFO  server.Server (Server.java:doStart(399)) - Started @6078ms
2020-06-15 15:40:15,388 [Listener at 127.0.0.1/33397] WARN  impl.MetricsSystemImpl (MetricsSystemImpl.java:register(276)) - Sink prometheus already exists!
2020-06-15 15:40:15,391 [Listener at 127.0.0.1/33397] INFO  http.BaseHttpServer (BaseHttpServer.java:updateConnectorAddress(325)) - HTTP server of hddsDatanode listening at http://0.0.0.0:41291
2020-06-15 15:40:15,392 [Listener at 127.0.0.1/33397] INFO  impl.MetricsSystemImpl (MetricsSystemImpl.java:init(158)) - HddsDatanode metrics system started (again)
2020-06-15 15:40:15,393 [Listener at 127.0.0.1/33397] INFO  ozone.HddsDatanodeService (HddsDatanodeService.java:start(197)) - HddsDatanodeService host:dd6acf296020 ip:172.17.0.2
2020-06-15 15:40:15,396 [Listener at 127.0.0.1/33397] INFO  volume.HddsVolume (HddsVolume.java:<init>(176)) - Creating Volume: /github/workspace/mnt/ozone/hadoop-ozone/integration-test/target/test-dir/MiniOzoneClusterImpl-821e280a-19ea-4536-9ce4-db87e8de49a0/datanode-4/data-0/containers/hdds of storage type : DISK and capacity : 9223372036854775807
2020-06-15 15:40:15,396 [Listener at 127.0.0.1/33397] INFO  volume.MutableVolumeSet (MutableVolumeSet.java:initializeVolumeSet(181)) - Added Volume : /github/workspace/mnt/ozone/hadoop-ozone/integration-test/target/test-dir/MiniOzoneClusterImpl-821e280a-19ea-4536-9ce4-db87e8de49a0/datanode-4/data-0/containers/hdds to VolumeSet
2020-06-15 15:40:15,396 [Listener at 127.0.0.1/33397] INFO  volume.ThrottledAsyncChecker (ThrottledAsyncChecker.java:schedule(141)) - Scheduling a check for /github/workspace/mnt/ozone/hadoop-ozone/integration-test/target/test-dir/MiniOzoneClusterImpl-821e280a-19ea-4536-9ce4-db87e8de49a0/datanode-4/data-0/containers/hdds
2020-06-15 15:40:15,397 [Listener at 127.0.0.1/33397] INFO  volume.HddsVolumeChecker (HddsVolumeChecker.java:checkAllVolumes(200)) - Scheduled health check for volume /github/workspace/mnt/ozone/hadoop-ozone/integration-test/target/test-dir/MiniOzoneClusterImpl-821e280a-19ea-4536-9ce4-db87e8de49a0/datanode-4/data-0/containers/hdds
2020-06-15 15:40:15,436 [org.apache.hadoop.util.JvmPauseMonitor$Monitor@aead3aa] INFO  util.JvmPauseMonitor (JvmPauseMonitor.java:run(188)) - Starting JVM pause monitor
2020-06-15 15:40:15,442 [Datanode State Machine Thread - 0] INFO  datanode.InitDatanodeState (InitDatanodeState.java:persistContainerDatanodeDetails(145)) - DatanodeDetails is persisted to /github/workspace/mnt/ozone/hadoop-ozone/integration-test/target/test-dir/MiniOzoneClusterImpl-821e280a-19ea-4536-9ce4-db87e8de49a0/datanode-3/meta/datanode.id
2020-06-15 15:40:15,446 [Listener at 127.0.0.1/33397] INFO  impl.RaftServerProxy (ConfUtils.java:logGet(44)) - raft.rpc.type = GRPC (default)
2020-06-15 15:40:15,447 [Listener at 127.0.0.1/33397] INFO  grpc.GrpcFactory (GrpcFactory.java:checkPooledByteBufAllocatorUseCacheForAllThreads(45)) - PERFORMANCE WARNING: useCacheForAllThreads is true that may cause Netty to create a lot garbage objects and, as a result, trigger GC.
	It is recommended to disable useCacheForAllThreads by setting -Dorg.apache.ratis.thirdparty.io.netty.allocator.useCacheForAllThreads=false in command line.
2020-06-15 15:40:15,447 [Listener at 127.0.0.1/33397] INFO  grpc.GrpcConfigKeys (ConfUtils.java:logGet(44)) - raft.grpc.server.port = 0 (default)
2020-06-15 15:40:15,447 [Listener at 127.0.0.1/33397] INFO  server.GrpcService (ConfUtils.java:logGet(44)) - raft.grpc.message.size.max = 32MB (=33554432) (custom)
2020-06-15 15:40:15,447 [Listener at 127.0.0.1/33397] INFO  server.RaftServerConfigKeys (ConfUtils.java:logGet(44)) - raft.server.log.appender.buffer.byte-limit = 33554432 (custom)
2020-06-15 15:40:15,448 [Listener at 127.0.0.1/33397] INFO  server.GrpcService (ConfUtils.java:logGet(44)) - raft.grpc.flow.control.window = 5MB (=5242880) (custom)
2020-06-15 15:40:15,448 [Listener at 127.0.0.1/33397] INFO  server.RaftServerConfigKeys (ConfUtils.java:logGet(44)) - raft.server.rpc.request.timeout = 3s (default)
2020-06-15 15:40:15,449 [Listener at 127.0.0.1/33397] INFO  server.RaftServerConfigKeys (ConfUtils.java:logGet(44)) - raft.server.storage.dir = [/github/workspace/mnt/ozone/hadoop-ozone/integration-test/target/test-dir/MiniOzoneClusterImpl-821e280a-19ea-4536-9ce4-db87e8de49a0/datanode-4/data/ratis] (custom)
2020-06-15 15:40:15,454 [Listener at 127.0.0.1/33397] INFO  http.BaseHttpServer (BaseHttpServer.java:newHttpServer2BuilderForOzone(205)) - Starting Web-server for hddsDatanode at: http://0.0.0.0:0
2020-06-15 15:40:15,455 [Listener at 127.0.0.1/33397] INFO  http.BaseHttpServer (BaseHttpServer.java:<init>(106)) - Hadoop Security Enabled: false Ozone Security Enabled: false Ozone HTTP Security Enabled: false 
2020-06-15 15:40:15,457 [Listener at 127.0.0.1/33397] INFO  server.AuthenticationFilter (AuthenticationFilter.java:constructSecretProvider(240)) - Unable to initialize FileSignerSecretProvider, falling back to use random secrets.
2020-06-15 15:40:15,458 [Listener at 127.0.0.1/33397] WARN  http.HttpRequestLog (HttpRequestLog.java:getRequestLog(103)) - Jetty request log can only be enabled using Log4j
2020-06-15 15:40:15,459 [Listener at 127.0.0.1/33397] INFO  http.HttpServer2 (HttpServer2.java:addGlobalFilter(993)) - Added global filter 'safety' (class=org.apache.hadoop.hdds.server.http.HttpServer2$QuotingInputFilter)
2020-06-15 15:40:15,460 [Listener at 127.0.0.1/33397] INFO  http.HttpServer2 (HttpServer2.java:addFilter(969)) - Added filter authentication (class=org.apache.hadoop.security.authentication.server.AuthenticationFilter) to context hddsDatanode
2020-06-15 15:40:15,460 [Listener at 127.0.0.1/33397] INFO  http.HttpServer2 (HttpServer2.java:addFilter(977)) - Added filter authentication (class=org.apache.hadoop.security.authentication.server.AuthenticationFilter) to context logs
2020-06-15 15:40:15,461 [Listener at 127.0.0.1/33397] INFO  http.HttpServer2 (HttpServer2.java:addFilter(977)) - Added filter authentication (class=org.apache.hadoop.security.authentication.server.AuthenticationFilter) to context static
2020-06-15 15:40:15,461 [Listener at 127.0.0.1/33397] INFO  http.HttpServer2 (HttpServer2.java:bindListener(1211)) - Jetty bound to port 42719
2020-06-15 15:40:15,461 [Listener at 127.0.0.1/33397] INFO  server.Server (Server.java:doStart(359)) - jetty-9.4.26.v20200117; built: 2020-01-17T12:35:33.676Z; git: 7b38981d25d14afb4a12ff1f2596756144edf695; jvm 1.8.0_232-b09
2020-06-15 15:40:15,465 [Listener at 127.0.0.1/33397] INFO  server.session (DefaultSessionIdManager.java:doStart(333)) - DefaultSessionIdManager workerName=node0
2020-06-15 15:40:15,465 [Listener at 127.0.0.1/33397] INFO  server.session (DefaultSessionIdManager.java:doStart(338)) - No SessionScavenger set, using defaults
2020-06-15 15:40:15,465 [Listener at 127.0.0.1/33397] INFO  server.session (HouseKeeper.java:startScavenging(140)) - node0 Scavenging every 600000ms
2020-06-15 15:40:15,466 [Listener at 127.0.0.1/33397] INFO  server.AuthenticationFilter (AuthenticationFilter.java:constructSecretProvider(240)) - Unable to initialize FileSignerSecretProvider, falling back to use random secrets.
2020-06-15 15:40:15,468 [Listener at 127.0.0.1/33397] INFO  handler.ContextHandler (ContextHandler.java:doStart(825)) - Started o.e.j.s.ServletContextHandler@12f7ad7c{logs,/logs,file:///github/workspace/mnt/ozone/hadoop-ozone/integration-test/target/log,AVAILABLE}
2020-06-15 15:40:15,468 [Listener at 127.0.0.1/33397] INFO  handler.ContextHandler (ContextHandler.java:doStart(825)) - Started o.e.j.s.ServletContextHandler@652f4802{static,/static,jar:file:/home/user/.m2/repository/org/apache/hadoop/hadoop-hdds-container-service/0.6.0-SNAPSHOT/hadoop-hdds-container-service-0.6.0-SNAPSHOT.jar!/webapps/static,AVAILABLE}
2020-06-15 15:40:15,489 [Listener at 127.0.0.1/33397] INFO  handler.ContextHandler (ContextHandler.java:doStart(825)) - Started o.e.j.w.WebAppContext@6c724d25{hddsDatanode,/,file:///tmp/jetty-0_0_0_0-42719-hadoop-hdds-container-service-0_6_0-SNAPSHOT_jar-_-any-4422828519479195907.dir/webapp/,AVAILABLE}{jar:file:/home/user/.m2/repository/org/apache/hadoop/hadoop-hdds-container-service/0.6.0-SNAPSHOT/hadoop-hdds-container-service-0.6.0-SNAPSHOT.jar!/webapps/hddsDatanode}
2020-06-15 15:40:15,493 [Listener at 127.0.0.1/33397] INFO  server.AbstractConnector (AbstractConnector.java:doStart(330)) - Started ServerConnector@5fbdbbcc{HTTP/1.1,[http/1.1]}{0.0.0.0:42719}
2020-06-15 15:40:15,495 [Listener at 127.0.0.1/33397] INFO  server.Server (Server.java:doStart(399)) - Started @6185ms
2020-06-15 15:40:15,495 [Listener at 127.0.0.1/33397] WARN  impl.MetricsSystemImpl (MetricsSystemImpl.java:register(276)) - Sink prometheus already exists!
2020-06-15 15:40:15,498 [Listener at 127.0.0.1/33397] INFO  http.BaseHttpServer (BaseHttpServer.java:updateConnectorAddress(325)) - HTTP server of hddsDatanode listening at http://0.0.0.0:42719
2020-06-15 15:40:15,500 [Listener at 127.0.0.1/33397] INFO  impl.MetricsSystemImpl (MetricsSystemImpl.java:init(158)) - HddsDatanode metrics system started (again)
2020-06-15 15:40:15,502 [Listener at 127.0.0.1/33397] INFO  ozone.HddsDatanodeService (HddsDatanodeService.java:start(197)) - HddsDatanodeService host:dd6acf296020 ip:172.17.0.2
2020-06-15 15:40:15,509 [Listener at 127.0.0.1/33397] INFO  volume.HddsVolume (HddsVolume.java:<init>(176)) - Creating Volume: /github/workspace/mnt/ozone/hadoop-ozone/integration-test/target/test-dir/MiniOzoneClusterImpl-821e280a-19ea-4536-9ce4-db87e8de49a0/datanode-5/data-0/containers/hdds of storage type : DISK and capacity : 9223372036854775807
2020-06-15 15:40:15,510 [Listener at 127.0.0.1/33397] INFO  volume.MutableVolumeSet (MutableVolumeSet.java:initializeVolumeSet(181)) - Added Volume : /github/workspace/mnt/ozone/hadoop-ozone/integration-test/target/test-dir/MiniOzoneClusterImpl-821e280a-19ea-4536-9ce4-db87e8de49a0/datanode-5/data-0/containers/hdds to VolumeSet
2020-06-15 15:40:15,510 [Listener at 127.0.0.1/33397] INFO  volume.ThrottledAsyncChecker (ThrottledAsyncChecker.java:schedule(141)) - Scheduling a check for /github/workspace/mnt/ozone/hadoop-ozone/integration-test/target/test-dir/MiniOzoneClusterImpl-821e280a-19ea-4536-9ce4-db87e8de49a0/datanode-5/data-0/containers/hdds
2020-06-15 15:40:15,516 [Listener at 127.0.0.1/33397] INFO  volume.HddsVolumeChecker (HddsVolumeChecker.java:checkAllVolumes(200)) - Scheduled health check for volume /github/workspace/mnt/ozone/hadoop-ozone/integration-test/target/test-dir/MiniOzoneClusterImpl-821e280a-19ea-4536-9ce4-db87e8de49a0/datanode-5/data-0/containers/hdds
2020-06-15 15:40:15,540 [org.apache.hadoop.util.JvmPauseMonitor$Monitor@5e918277] INFO  util.JvmPauseMonitor (JvmPauseMonitor.java:run(188)) - Starting JVM pause monitor
2020-06-15 15:40:15,545 [Datanode State Machine Thread - 0] INFO  datanode.InitDatanodeState (InitDatanodeState.java:persistContainerDatanodeDetails(145)) - DatanodeDetails is persisted to /github/workspace/mnt/ozone/hadoop-ozone/integration-test/target/test-dir/MiniOzoneClusterImpl-821e280a-19ea-4536-9ce4-db87e8de49a0/datanode-4/meta/datanode.id
2020-06-15 15:40:15,548 [Listener at 127.0.0.1/33397] INFO  impl.RaftServerProxy (ConfUtils.java:logGet(44)) - raft.rpc.type = GRPC (default)
2020-06-15 15:40:15,550 [Listener at 127.0.0.1/33397] INFO  grpc.GrpcFactory (GrpcFactory.java:checkPooledByteBufAllocatorUseCacheForAllThreads(45)) - PERFORMANCE WARNING: useCacheForAllThreads is true that may cause Netty to create a lot garbage objects and, as a result, trigger GC.
	It is recommended to disable useCacheForAllThreads by setting -Dorg.apache.ratis.thirdparty.io.netty.allocator.useCacheForAllThreads=false in command line.
2020-06-15 15:40:15,550 [Listener at 127.0.0.1/33397] INFO  grpc.GrpcConfigKeys (ConfUtils.java:logGet(44)) - raft.grpc.server.port = 0 (default)
2020-06-15 15:40:15,550 [Listener at 127.0.0.1/33397] INFO  server.GrpcService (ConfUtils.java:logGet(44)) - raft.grpc.message.size.max = 32MB (=33554432) (custom)
2020-06-15 15:40:15,550 [Listener at 127.0.0.1/33397] INFO  server.RaftServerConfigKeys (ConfUtils.java:logGet(44)) - raft.server.log.appender.buffer.byte-limit = 33554432 (custom)
2020-06-15 15:40:15,550 [Listener at 127.0.0.1/33397] INFO  server.GrpcService (ConfUtils.java:logGet(44)) - raft.grpc.flow.control.window = 5MB (=5242880) (custom)
2020-06-15 15:40:15,550 [Listener at 127.0.0.1/33397] INFO  server.RaftServerConfigKeys (ConfUtils.java:logGet(44)) - raft.server.rpc.request.timeout = 3s (default)
2020-06-15 15:40:15,551 [Listener at 127.0.0.1/33397] INFO  server.RaftServerConfigKeys (ConfUtils.java:logGet(44)) - raft.server.storage.dir = [/github/workspace/mnt/ozone/hadoop-ozone/integration-test/target/test-dir/MiniOzoneClusterImpl-821e280a-19ea-4536-9ce4-db87e8de49a0/datanode-5/data/ratis] (custom)
2020-06-15 15:40:15,556 [Listener at 127.0.0.1/33397] INFO  http.BaseHttpServer (BaseHttpServer.java:newHttpServer2BuilderForOzone(205)) - Starting Web-server for hddsDatanode at: http://0.0.0.0:0
2020-06-15 15:40:15,556 [Listener at 127.0.0.1/33397] INFO  http.BaseHttpServer (BaseHttpServer.java:<init>(106)) - Hadoop Security Enabled: false Ozone Security Enabled: false Ozone HTTP Security Enabled: false 
2020-06-15 15:40:15,558 [Listener at 127.0.0.1/33397] INFO  server.AuthenticationFilter (AuthenticationFilter.java:constructSecretProvider(240)) - Unable to initialize FileSignerSecretProvider, falling back to use random secrets.
2020-06-15 15:40:15,560 [Listener at 127.0.0.1/33397] WARN  http.HttpRequestLog (HttpRequestLog.java:getRequestLog(103)) - Jetty request log can only be enabled using Log4j
2020-06-15 15:40:15,560 [Listener at 127.0.0.1/33397] INFO  http.HttpServer2 (HttpServer2.java:addGlobalFilter(993)) - Added global filter 'safety' (class=org.apache.hadoop.hdds.server.http.HttpServer2$QuotingInputFilter)
2020-06-15 15:40:15,561 [Listener at 127.0.0.1/33397] INFO  http.HttpServer2 (HttpServer2.java:addFilter(969)) - Added filter authentication (class=org.apache.hadoop.security.authentication.server.AuthenticationFilter) to context hddsDatanode
2020-06-15 15:40:15,561 [Listener at 127.0.0.1/33397] INFO  http.HttpServer2 (HttpServer2.java:addFilter(977)) - Added filter authentication (class=org.apache.hadoop.security.authentication.server.AuthenticationFilter) to context logs
2020-06-15 15:40:15,561 [Listener at 127.0.0.1/33397] INFO  http.HttpServer2 (HttpServer2.java:addFilter(977)) - Added filter authentication (class=org.apache.hadoop.security.authentication.server.AuthenticationFilter) to context static
2020-06-15 15:40:15,562 [Listener at 127.0.0.1/33397] INFO  http.HttpServer2 (HttpServer2.java:bindListener(1211)) - Jetty bound to port 37289
2020-06-15 15:40:15,563 [Listener at 127.0.0.1/33397] INFO  server.Server (Server.java:doStart(359)) - jetty-9.4.26.v20200117; built: 2020-01-17T12:35:33.676Z; git: 7b38981d25d14afb4a12ff1f2596756144edf695; jvm 1.8.0_232-b09
2020-06-15 15:40:15,565 [Listener at 127.0.0.1/33397] INFO  server.session (DefaultSessionIdManager.java:doStart(333)) - DefaultSessionIdManager workerName=node0
2020-06-15 15:40:15,565 [Listener at 127.0.0.1/33397] INFO  server.session (DefaultSessionIdManager.java:doStart(338)) - No SessionScavenger set, using defaults
2020-06-15 15:40:15,566 [Listener at 127.0.0.1/33397] INFO  server.session (HouseKeeper.java:startScavenging(140)) - node0 Scavenging every 660000ms
2020-06-15 15:40:15,567 [Listener at 127.0.0.1/33397] INFO  server.AuthenticationFilter (AuthenticationFilter.java:constructSecretProvider(240)) - Unable to initialize FileSignerSecretProvider, falling back to use random secrets.
2020-06-15 15:40:15,567 [Listener at 127.0.0.1/33397] INFO  handler.ContextHandler (ContextHandler.java:doStart(825)) - Started o.e.j.s.ServletContextHandler@26059495{logs,/logs,file:///github/workspace/mnt/ozone/hadoop-ozone/integration-test/target/log,AVAILABLE}
2020-06-15 15:40:15,568 [Listener at 127.0.0.1/33397] INFO  handler.ContextHandler (ContextHandler.java:doStart(825)) - Started o.e.j.s.ServletContextHandler@dd3e15d{static,/static,jar:file:/home/user/.m2/repository/org/apache/hadoop/hadoop-hdds-container-service/0.6.0-SNAPSHOT/hadoop-hdds-container-service-0.6.0-SNAPSHOT.jar!/webapps/static,AVAILABLE}
2020-06-15 15:40:15,586 [Listener at 127.0.0.1/33397] INFO  handler.ContextHandler (ContextHandler.java:doStart(825)) - Started o.e.j.w.WebAppContext@71a3ccb0{hddsDatanode,/,file:///tmp/jetty-0_0_0_0-37289-hadoop-hdds-container-service-0_6_0-SNAPSHOT_jar-_-any-6533183664183818478.dir/webapp/,AVAILABLE}{jar:file:/home/user/.m2/repository/org/apache/hadoop/hadoop-hdds-container-service/0.6.0-SNAPSHOT/hadoop-hdds-container-service-0.6.0-SNAPSHOT.jar!/webapps/hddsDatanode}
2020-06-15 15:40:15,589 [Listener at 127.0.0.1/33397] INFO  server.AbstractConnector (AbstractConnector.java:doStart(330)) - Started ServerConnector@2424b4aa{HTTP/1.1,[http/1.1]}{0.0.0.0:37289}
2020-06-15 15:40:15,589 [Listener at 127.0.0.1/33397] INFO  server.Server (Server.java:doStart(399)) - Started @6279ms
2020-06-15 15:40:15,589 [Listener at 127.0.0.1/33397] WARN  impl.MetricsSystemImpl (MetricsSystemImpl.java:register(276)) - Sink prometheus already exists!
2020-06-15 15:40:15,591 [Listener at 127.0.0.1/33397] INFO  http.BaseHttpServer (BaseHttpServer.java:updateConnectorAddress(325)) - HTTP server of hddsDatanode listening at http://0.0.0.0:37289
2020-06-15 15:40:15,596 [Listener at 127.0.0.1/33397] INFO  impl.MetricsSystemImpl (MetricsSystemImpl.java:init(158)) - HddsDatanode metrics system started (again)
2020-06-15 15:40:15,598 [Listener at 127.0.0.1/33397] INFO  ozone.HddsDatanodeService (HddsDatanodeService.java:start(197)) - HddsDatanodeService host:dd6acf296020 ip:172.17.0.2
2020-06-15 15:40:15,606 [Listener at 127.0.0.1/33397] INFO  volume.HddsVolume (HddsVolume.java:<init>(176)) - Creating Volume: /github/workspace/mnt/ozone/hadoop-ozone/integration-test/target/test-dir/MiniOzoneClusterImpl-821e280a-19ea-4536-9ce4-db87e8de49a0/datanode-6/data-0/containers/hdds of storage type : DISK and capacity : 9223372036854775807
2020-06-15 15:40:15,606 [Listener at 127.0.0.1/33397] INFO  volume.MutableVolumeSet (MutableVolumeSet.java:initializeVolumeSet(181)) - Added Volume : /github/workspace/mnt/ozone/hadoop-ozone/integration-test/target/test-dir/MiniOzoneClusterImpl-821e280a-19ea-4536-9ce4-db87e8de49a0/datanode-6/data-0/containers/hdds to VolumeSet
2020-06-15 15:40:15,606 [Listener at 127.0.0.1/33397] INFO  volume.ThrottledAsyncChecker (ThrottledAsyncChecker.java:schedule(141)) - Scheduling a check for /github/workspace/mnt/ozone/hadoop-ozone/integration-test/target/test-dir/MiniOzoneClusterImpl-821e280a-19ea-4536-9ce4-db87e8de49a0/datanode-6/data-0/containers/hdds
2020-06-15 15:40:15,616 [Listener at 127.0.0.1/33397] INFO  volume.HddsVolumeChecker (HddsVolumeChecker.java:checkAllVolumes(200)) - Scheduled health check for volume /github/workspace/mnt/ozone/hadoop-ozone/integration-test/target/test-dir/MiniOzoneClusterImpl-821e280a-19ea-4536-9ce4-db87e8de49a0/datanode-6/data-0/containers/hdds
2020-06-15 15:40:15,632 [org.apache.hadoop.util.JvmPauseMonitor$Monitor@5184cb25] INFO  util.JvmPauseMonitor (JvmPauseMonitor.java:run(188)) - Starting JVM pause monitor
2020-06-15 15:40:15,644 [Datanode State Machine Thread - 0] INFO  datanode.InitDatanodeState (InitDatanodeState.java:persistContainerDatanodeDetails(145)) - DatanodeDetails is persisted to /github/workspace/mnt/ozone/hadoop-ozone/integration-test/target/test-dir/MiniOzoneClusterImpl-821e280a-19ea-4536-9ce4-db87e8de49a0/datanode-5/meta/datanode.id
2020-06-15 15:40:15,645 [Listener at 127.0.0.1/33397] INFO  impl.RaftServerProxy (ConfUtils.java:logGet(44)) - raft.rpc.type = GRPC (default)
2020-06-15 15:40:15,646 [Listener at 127.0.0.1/33397] INFO  grpc.GrpcFactory (GrpcFactory.java:checkPooledByteBufAllocatorUseCacheForAllThreads(45)) - PERFORMANCE WARNING: useCacheForAllThreads is true that may cause Netty to create a lot garbage objects and, as a result, trigger GC.
	It is recommended to disable useCacheForAllThreads by setting -Dorg.apache.ratis.thirdparty.io.netty.allocator.useCacheForAllThreads=false in command line.
2020-06-15 15:40:15,646 [Listener at 127.0.0.1/33397] INFO  grpc.GrpcConfigKeys (ConfUtils.java:logGet(44)) - raft.grpc.server.port = 0 (default)
2020-06-15 15:40:15,646 [Listener at 127.0.0.1/33397] INFO  server.GrpcService (ConfUtils.java:logGet(44)) - raft.grpc.message.size.max = 32MB (=33554432) (custom)
2020-06-15 15:40:15,646 [Listener at 127.0.0.1/33397] INFO  server.RaftServerConfigKeys (ConfUtils.java:logGet(44)) - raft.server.log.appender.buffer.byte-limit = 33554432 (custom)
2020-06-15 15:40:15,646 [Listener at 127.0.0.1/33397] INFO  server.GrpcService (ConfUtils.java:logGet(44)) - raft.grpc.flow.control.window = 5MB (=5242880) (custom)
2020-06-15 15:40:15,646 [Listener at 127.0.0.1/33397] INFO  server.RaftServerConfigKeys (ConfUtils.java:logGet(44)) - raft.server.rpc.request.timeout = 3s (default)
2020-06-15 15:40:15,647 [Listener at 127.0.0.1/33397] INFO  server.RaftServerConfigKeys (ConfUtils.java:logGet(44)) - raft.server.storage.dir = [/github/workspace/mnt/ozone/hadoop-ozone/integration-test/target/test-dir/MiniOzoneClusterImpl-821e280a-19ea-4536-9ce4-db87e8de49a0/datanode-6/data/ratis] (custom)
2020-06-15 15:40:15,651 [Listener at 127.0.0.1/33397] INFO  http.BaseHttpServer (BaseHttpServer.java:newHttpServer2BuilderForOzone(205)) - Starting Web-server for hddsDatanode at: http://0.0.0.0:0
2020-06-15 15:40:15,651 [Listener at 127.0.0.1/33397] INFO  http.BaseHttpServer (BaseHttpServer.java:<init>(106)) - Hadoop Security Enabled: false Ozone Security Enabled: false Ozone HTTP Security Enabled: false 
2020-06-15 15:40:15,652 [Listener at 127.0.0.1/33397] INFO  server.AuthenticationFilter (AuthenticationFilter.java:constructSecretProvider(240)) - Unable to initialize FileSignerSecretProvider, falling back to use random secrets.
2020-06-15 15:40:15,653 [Listener at 127.0.0.1/33397] WARN  http.HttpRequestLog (HttpRequestLog.java:getRequestLog(103)) - Jetty request log can only be enabled using Log4j
2020-06-15 15:40:15,654 [Listener at 127.0.0.1/33397] INFO  http.HttpServer2 (HttpServer2.java:addGlobalFilter(993)) - Added global filter 'safety' (class=org.apache.hadoop.hdds.server.http.HttpServer2$QuotingInputFilter)
2020-06-15 15:40:15,654 [Listener at 127.0.0.1/33397] INFO  http.HttpServer2 (HttpServer2.java:addFilter(969)) - Added filter authentication (class=org.apache.hadoop.security.authentication.server.AuthenticationFilter) to context hddsDatanode
2020-06-15 15:40:15,655 [Listener at 127.0.0.1/33397] INFO  http.HttpServer2 (HttpServer2.java:addFilter(977)) - Added filter authentication (class=org.apache.hadoop.security.authentication.server.AuthenticationFilter) to context logs
2020-06-15 15:40:15,655 [Listener at 127.0.0.1/33397] INFO  http.HttpServer2 (HttpServer2.java:addFilter(977)) - Added filter authentication (class=org.apache.hadoop.security.authentication.server.AuthenticationFilter) to context static
2020-06-15 15:40:15,655 [Listener at 127.0.0.1/33397] INFO  http.HttpServer2 (HttpServer2.java:bindListener(1211)) - Jetty bound to port 41703
2020-06-15 15:40:15,655 [Listener at 127.0.0.1/33397] INFO  server.Server (Server.java:doStart(359)) - jetty-9.4.26.v20200117; built: 2020-01-17T12:35:33.676Z; git: 7b38981d25d14afb4a12ff1f2596756144edf695; jvm 1.8.0_232-b09
2020-06-15 15:40:15,660 [Listener at 127.0.0.1/33397] INFO  server.session (DefaultSessionIdManager.java:doStart(333)) - DefaultSessionIdManager workerName=node0
2020-06-15 15:40:15,660 [Listener at 127.0.0.1/33397] INFO  server.session (DefaultSessionIdManager.java:doStart(338)) - No SessionScavenger set, using defaults
2020-06-15 15:40:15,660 [Listener at 127.0.0.1/33397] INFO  server.session (HouseKeeper.java:startScavenging(140)) - node0 Scavenging every 660000ms
2020-06-15 15:40:15,661 [Listener at 127.0.0.1/33397] INFO  server.AuthenticationFilter (AuthenticationFilter.java:constructSecretProvider(240)) - Unable to initialize FileSignerSecretProvider, falling back to use random secrets.
2020-06-15 15:40:15,664 [Listener at 127.0.0.1/33397] INFO  handler.ContextHandler (ContextHandler.java:doStart(825)) - Started o.e.j.s.ServletContextHandler@718fc632{logs,/logs,file:///github/workspace/mnt/ozone/hadoop-ozone/integration-test/target/log,AVAILABLE}
2020-06-15 15:40:15,665 [Listener at 127.0.0.1/33397] INFO  handler.ContextHandler (ContextHandler.java:doStart(825)) - Started o.e.j.s.ServletContextHandler@5e69cf54{static,/static,jar:file:/home/user/.m2/repository/org/apache/hadoop/hadoop-hdds-container-service/0.6.0-SNAPSHOT/hadoop-hdds-container-service-0.6.0-SNAPSHOT.jar!/webapps/static,AVAILABLE}
2020-06-15 15:40:15,681 [Listener at 127.0.0.1/33397] INFO  handler.ContextHandler (ContextHandler.java:doStart(825)) - Started o.e.j.w.WebAppContext@470c1bb0{hddsDatanode,/,file:///tmp/jetty-0_0_0_0-41703-hadoop-hdds-container-service-0_6_0-SNAPSHOT_jar-_-any-6821258810320678159.dir/webapp/,AVAILABLE}{jar:file:/home/user/.m2/repository/org/apache/hadoop/hadoop-hdds-container-service/0.6.0-SNAPSHOT/hadoop-hdds-container-service-0.6.0-SNAPSHOT.jar!/webapps/hddsDatanode}
2020-06-15 15:40:15,684 [Listener at 127.0.0.1/33397] INFO  server.AbstractConnector (AbstractConnector.java:doStart(330)) - Started ServerConnector@2151865e{HTTP/1.1,[http/1.1]}{0.0.0.0:41703}
2020-06-15 15:40:15,684 [Listener at 127.0.0.1/33397] INFO  server.Server (Server.java:doStart(399)) - Started @6374ms
2020-06-15 15:40:15,684 [Listener at 127.0.0.1/33397] WARN  impl.MetricsSystemImpl (MetricsSystemImpl.java:register(276)) - Sink prometheus already exists!
2020-06-15 15:40:15,686 [Listener at 127.0.0.1/33397] INFO  http.BaseHttpServer (BaseHttpServer.java:updateConnectorAddress(325)) - HTTP server of hddsDatanode listening at http://0.0.0.0:41703
2020-06-15 15:40:15,687 [Listener at 127.0.0.1/33397] INFO  impl.MetricsSystemImpl (MetricsSystemImpl.java:init(158)) - HddsDatanode metrics system started (again)
2020-06-15 15:40:15,694 [Listener at 127.0.0.1/33397] INFO  ozone.HddsDatanodeService (HddsDatanodeService.java:start(197)) - HddsDatanodeService host:dd6acf296020 ip:172.17.0.2
2020-06-15 15:40:15,704 [org.apache.hadoop.util.JvmPauseMonitor$Monitor@147d501b] INFO  util.JvmPauseMonitor (JvmPauseMonitor.java:run(188)) - Starting JVM pause monitor
2020-06-15 15:40:15,705 [Listener at 127.0.0.1/33397] INFO  volume.HddsVolume (HddsVolume.java:<init>(176)) - Creating Volume: /github/workspace/mnt/ozone/hadoop-ozone/integration-test/target/test-dir/MiniOzoneClusterImpl-821e280a-19ea-4536-9ce4-db87e8de49a0/datanode-7/data-0/containers/hdds of storage type : DISK and capacity : 9223372036854775807
2020-06-15 15:40:15,705 [Listener at 127.0.0.1/33397] INFO  volume.MutableVolumeSet (MutableVolumeSet.java:initializeVolumeSet(181)) - Added Volume : /github/workspace/mnt/ozone/hadoop-ozone/integration-test/target/test-dir/MiniOzoneClusterImpl-821e280a-19ea-4536-9ce4-db87e8de49a0/datanode-7/data-0/containers/hdds to VolumeSet
2020-06-15 15:40:15,706 [Listener at 127.0.0.1/33397] INFO  volume.ThrottledAsyncChecker (ThrottledAsyncChecker.java:schedule(141)) - Scheduling a check for /github/workspace/mnt/ozone/hadoop-ozone/integration-test/target/test-dir/MiniOzoneClusterImpl-821e280a-19ea-4536-9ce4-db87e8de49a0/datanode-7/data-0/containers/hdds
2020-06-15 15:40:15,707 [Listener at 127.0.0.1/33397] INFO  volume.HddsVolumeChecker (HddsVolumeChecker.java:checkAllVolumes(200)) - Scheduled health check for volume /github/workspace/mnt/ozone/hadoop-ozone/integration-test/target/test-dir/MiniOzoneClusterImpl-821e280a-19ea-4536-9ce4-db87e8de49a0/datanode-7/data-0/containers/hdds
2020-06-15 15:40:15,709 [Datanode State Machine Thread - 0] INFO  datanode.InitDatanodeState (InitDatanodeState.java:persistContainerDatanodeDetails(145)) - DatanodeDetails is persisted to /github/workspace/mnt/ozone/hadoop-ozone/integration-test/target/test-dir/MiniOzoneClusterImpl-821e280a-19ea-4536-9ce4-db87e8de49a0/datanode-6/meta/datanode.id
2020-06-15 15:40:15,723 [Listener at 127.0.0.1/33397] INFO  impl.RaftServerProxy (ConfUtils.java:logGet(44)) - raft.rpc.type = GRPC (default)
2020-06-15 15:40:15,723 [Listener at 127.0.0.1/33397] INFO  grpc.GrpcFactory (GrpcFactory.java:checkPooledByteBufAllocatorUseCacheForAllThreads(45)) - PERFORMANCE WARNING: useCacheForAllThreads is true that may cause Netty to create a lot garbage objects and, as a result, trigger GC.
	It is recommended to disable useCacheForAllThreads by setting -Dorg.apache.ratis.thirdparty.io.netty.allocator.useCacheForAllThreads=false in command line.
2020-06-15 15:40:15,723 [Listener at 127.0.0.1/33397] INFO  grpc.GrpcConfigKeys (ConfUtils.java:logGet(44)) - raft.grpc.server.port = 0 (default)
2020-06-15 15:40:15,723 [Listener at 127.0.0.1/33397] INFO  server.GrpcService (ConfUtils.java:logGet(44)) - raft.grpc.message.size.max = 32MB (=33554432) (custom)
2020-06-15 15:40:15,724 [Listener at 127.0.0.1/33397] INFO  server.RaftServerConfigKeys (ConfUtils.java:logGet(44)) - raft.server.log.appender.buffer.byte-limit = 33554432 (custom)
2020-06-15 15:40:15,724 [Listener at 127.0.0.1/33397] INFO  server.GrpcService (ConfUtils.java:logGet(44)) - raft.grpc.flow.control.window = 5MB (=5242880) (custom)
2020-06-15 15:40:15,724 [Listener at 127.0.0.1/33397] INFO  server.RaftServerConfigKeys (ConfUtils.java:logGet(44)) - raft.server.rpc.request.timeout = 3s (default)
2020-06-15 15:40:15,725 [Listener at 127.0.0.1/33397] INFO  server.RaftServerConfigKeys (ConfUtils.java:logGet(44)) - raft.server.storage.dir = [/github/workspace/mnt/ozone/hadoop-ozone/integration-test/target/test-dir/MiniOzoneClusterImpl-821e280a-19ea-4536-9ce4-db87e8de49a0/datanode-7/data/ratis] (custom)
2020-06-15 15:40:15,728 [Listener at 127.0.0.1/33397] INFO  http.BaseHttpServer (BaseHttpServer.java:newHttpServer2BuilderForOzone(205)) - Starting Web-server for hddsDatanode at: http://0.0.0.0:0
2020-06-15 15:40:15,729 [Listener at 127.0.0.1/33397] INFO  http.BaseHttpServer (BaseHttpServer.java:<init>(106)) - Hadoop Security Enabled: false Ozone Security Enabled: false Ozone HTTP Security Enabled: false 
2020-06-15 15:40:15,730 [Listener at 127.0.0.1/33397] INFO  server.AuthenticationFilter (AuthenticationFilter.java:constructSecretProvider(240)) - Unable to initialize FileSignerSecretProvider, falling back to use random secrets.
2020-06-15 15:40:15,730 [Listener at 127.0.0.1/33397] WARN  http.HttpRequestLog (HttpRequestLog.java:getRequestLog(103)) - Jetty request log can only be enabled using Log4j
2020-06-15 15:40:15,731 [Listener at 127.0.0.1/33397] INFO  http.HttpServer2 (HttpServer2.java:addGlobalFilter(993)) - Added global filter 'safety' (class=org.apache.hadoop.hdds.server.http.HttpServer2$QuotingInputFilter)
2020-06-15 15:40:15,732 [Listener at 127.0.0.1/33397] INFO  http.HttpServer2 (HttpServer2.java:addFilter(969)) - Added filter authentication (class=org.apache.hadoop.security.authentication.server.AuthenticationFilter) to context hddsDatanode
2020-06-15 15:40:15,733 [Listener at 127.0.0.1/33397] INFO  http.HttpServer2 (HttpServer2.java:addFilter(977)) - Added filter authentication (class=org.apache.hadoop.security.authentication.server.AuthenticationFilter) to context logs
2020-06-15 15:40:15,733 [Listener at 127.0.0.1/33397] INFO  http.HttpServer2 (HttpServer2.java:addFilter(977)) - Added filter authentication (class=org.apache.hadoop.security.authentication.server.AuthenticationFilter) to context static
2020-06-15 15:40:15,733 [Listener at 127.0.0.1/33397] INFO  http.HttpServer2 (HttpServer2.java:bindListener(1211)) - Jetty bound to port 41997
2020-06-15 15:40:15,733 [Listener at 127.0.0.1/33397] INFO  server.Server (Server.java:doStart(359)) - jetty-9.4.26.v20200117; built: 2020-01-17T12:35:33.676Z; git: 7b38981d25d14afb4a12ff1f2596756144edf695; jvm 1.8.0_232-b09
2020-06-15 15:40:15,736 [Listener at 127.0.0.1/33397] INFO  server.session (DefaultSessionIdManager.java:doStart(333)) - DefaultSessionIdManager workerName=node0
2020-06-15 15:40:15,737 [Listener at 127.0.0.1/33397] INFO  server.session (DefaultSessionIdManager.java:doStart(338)) - No SessionScavenger set, using defaults
2020-06-15 15:40:15,737 [Listener at 127.0.0.1/33397] INFO  server.session (HouseKeeper.java:startScavenging(140)) - node0 Scavenging every 600000ms
2020-06-15 15:40:15,738 [Listener at 127.0.0.1/33397] INFO  server.AuthenticationFilter (AuthenticationFilter.java:constructSecretProvider(240)) - Unable to initialize FileSignerSecretProvider, falling back to use random secrets.
2020-06-15 15:40:15,738 [Listener at 127.0.0.1/33397] INFO  handler.ContextHandler (ContextHandler.java:doStart(825)) - Started o.e.j.s.ServletContextHandler@60424e31{logs,/logs,file:///github/workspace/mnt/ozone/hadoop-ozone/integration-test/target/log,AVAILABLE}
2020-06-15 15:40:15,739 [Listener at 127.0.0.1/33397] INFO  handler.ContextHandler (ContextHandler.java:doStart(825)) - Started o.e.j.s.ServletContextHandler@31f25a95{static,/static,jar:file:/home/user/.m2/repository/org/apache/hadoop/hadoop-hdds-container-service/0.6.0-SNAPSHOT/hadoop-hdds-container-service-0.6.0-SNAPSHOT.jar!/webapps/static,AVAILABLE}
2020-06-15 15:40:15,759 [Listener at 127.0.0.1/33397] INFO  handler.ContextHandler (ContextHandler.java:doStart(825)) - Started o.e.j.w.WebAppContext@4cf31b21{hddsDatanode,/,file:///tmp/jetty-0_0_0_0-41997-hadoop-hdds-container-service-0_6_0-SNAPSHOT_jar-_-any-8857577350243577744.dir/webapp/,AVAILABLE}{jar:file:/home/user/.m2/repository/org/apache/hadoop/hadoop-hdds-container-service/0.6.0-SNAPSHOT/hadoop-hdds-container-service-0.6.0-SNAPSHOT.jar!/webapps/hddsDatanode}
2020-06-15 15:40:15,760 [Listener at 127.0.0.1/33397] INFO  server.AbstractConnector (AbstractConnector.java:doStart(330)) - Started ServerConnector@6d7fd0d8{HTTP/1.1,[http/1.1]}{0.0.0.0:41997}
2020-06-15 15:40:15,761 [Listener at 127.0.0.1/33397] INFO  server.Server (Server.java:doStart(399)) - Started @6451ms
2020-06-15 15:40:15,761 [Listener at 127.0.0.1/33397] WARN  impl.MetricsSystemImpl (MetricsSystemImpl.java:register(276)) - Sink prometheus already exists!
2020-06-15 15:40:15,763 [Listener at 127.0.0.1/33397] INFO  http.BaseHttpServer (BaseHttpServer.java:updateConnectorAddress(325)) - HTTP server of hddsDatanode listening at http://0.0.0.0:41997
2020-06-15 15:40:15,763 [Listener at 127.0.0.1/33397] INFO  impl.MetricsSystemImpl (MetricsSystemImpl.java:init(158)) - HddsDatanode metrics system started (again)
2020-06-15 15:40:15,766 [Listener at 127.0.0.1/33397] INFO  ozone.HddsDatanodeService (HddsDatanodeService.java:start(197)) - HddsDatanodeService host:dd6acf296020 ip:172.17.0.2
2020-06-15 15:40:15,768 [Listener at 127.0.0.1/33397] INFO  volume.HddsVolume (HddsVolume.java:<init>(176)) - Creating Volume: /github/workspace/mnt/ozone/hadoop-ozone/integration-test/target/test-dir/MiniOzoneClusterImpl-821e280a-19ea-4536-9ce4-db87e8de49a0/datanode-8/data-0/containers/hdds of storage type : DISK and capacity : 9223372036854775807
2020-06-15 15:40:15,768 [Listener at 127.0.0.1/33397] INFO  volume.MutableVolumeSet (MutableVolumeSet.java:initializeVolumeSet(181)) - Added Volume : /github/workspace/mnt/ozone/hadoop-ozone/integration-test/target/test-dir/MiniOzoneClusterImpl-821e280a-19ea-4536-9ce4-db87e8de49a0/datanode-8/data-0/containers/hdds to VolumeSet
2020-06-15 15:40:15,768 [Listener at 127.0.0.1/33397] INFO  volume.ThrottledAsyncChecker (ThrottledAsyncChecker.java:schedule(141)) - Scheduling a check for /github/workspace/mnt/ozone/hadoop-ozone/integration-test/target/test-dir/MiniOzoneClusterImpl-821e280a-19ea-4536-9ce4-db87e8de49a0/datanode-8/data-0/containers/hdds
2020-06-15 15:40:15,769 [Listener at 127.0.0.1/33397] INFO  volume.HddsVolumeChecker (HddsVolumeChecker.java:checkAllVolumes(200)) - Scheduled health check for volume /github/workspace/mnt/ozone/hadoop-ozone/integration-test/target/test-dir/MiniOzoneClusterImpl-821e280a-19ea-4536-9ce4-db87e8de49a0/datanode-8/data-0/containers/hdds
2020-06-15 15:40:15,792 [org.apache.hadoop.util.JvmPauseMonitor$Monitor@428b3756] INFO  util.JvmPauseMonitor (JvmPauseMonitor.java:run(188)) - Starting JVM pause monitor
2020-06-15 15:40:15,801 [Datanode State Machine Thread - 0] INFO  datanode.InitDatanodeState (InitDatanodeState.java:persistContainerDatanodeDetails(145)) - DatanodeDetails is persisted to /github/workspace/mnt/ozone/hadoop-ozone/integration-test/target/test-dir/MiniOzoneClusterImpl-821e280a-19ea-4536-9ce4-db87e8de49a0/datanode-7/meta/datanode.id
2020-06-15 15:40:15,804 [Listener at 127.0.0.1/33397] INFO  impl.RaftServerProxy (ConfUtils.java:logGet(44)) - raft.rpc.type = GRPC (default)
2020-06-15 15:40:15,804 [Listener at 127.0.0.1/33397] INFO  grpc.GrpcFactory (GrpcFactory.java:checkPooledByteBufAllocatorUseCacheForAllThreads(45)) - PERFORMANCE WARNING: useCacheForAllThreads is true that may cause Netty to create a lot garbage objects and, as a result, trigger GC.
	It is recommended to disable useCacheForAllThreads by setting -Dorg.apache.ratis.thirdparty.io.netty.allocator.useCacheForAllThreads=false in command line.
2020-06-15 15:40:15,804 [Listener at 127.0.0.1/33397] INFO  grpc.GrpcConfigKeys (ConfUtils.java:logGet(44)) - raft.grpc.server.port = 0 (default)
2020-06-15 15:40:15,804 [Listener at 127.0.0.1/33397] INFO  server.GrpcService (ConfUtils.java:logGet(44)) - raft.grpc.message.size.max = 32MB (=33554432) (custom)
2020-06-15 15:40:15,805 [Listener at 127.0.0.1/33397] INFO  server.RaftServerConfigKeys (ConfUtils.java:logGet(44)) - raft.server.log.appender.buffer.byte-limit = 33554432 (custom)
2020-06-15 15:40:15,805 [Listener at 127.0.0.1/33397] INFO  server.GrpcService (ConfUtils.java:logGet(44)) - raft.grpc.flow.control.window = 5MB (=5242880) (custom)
2020-06-15 15:40:15,805 [Listener at 127.0.0.1/33397] INFO  server.RaftServerConfigKeys (ConfUtils.java:logGet(44)) - raft.server.rpc.request.timeout = 3s (default)
2020-06-15 15:40:15,806 [Listener at 127.0.0.1/33397] INFO  server.RaftServerConfigKeys (ConfUtils.java:logGet(44)) - raft.server.storage.dir = [/github/workspace/mnt/ozone/hadoop-ozone/integration-test/target/test-dir/MiniOzoneClusterImpl-821e280a-19ea-4536-9ce4-db87e8de49a0/datanode-8/data/ratis] (custom)
2020-06-15 15:40:15,810 [Listener at 127.0.0.1/33397] INFO  http.BaseHttpServer (BaseHttpServer.java:newHttpServer2BuilderForOzone(205)) - Starting Web-server for hddsDatanode at: http://0.0.0.0:0
2020-06-15 15:40:15,810 [Listener at 127.0.0.1/33397] INFO  http.BaseHttpServer (BaseHttpServer.java:<init>(106)) - Hadoop Security Enabled: false Ozone Security Enabled: false Ozone HTTP Security Enabled: false 
2020-06-15 15:40:15,811 [Listener at 127.0.0.1/33397] INFO  server.AuthenticationFilter (AuthenticationFilter.java:constructSecretProvider(240)) - Unable to initialize FileSignerSecretProvider, falling back to use random secrets.
2020-06-15 15:40:15,816 [Listener at 127.0.0.1/33397] WARN  http.HttpRequestLog (HttpRequestLog.java:getRequestLog(103)) - Jetty request log can only be enabled using Log4j
2020-06-15 15:40:15,817 [Listener at 127.0.0.1/33397] INFO  http.HttpServer2 (HttpServer2.java:addGlobalFilter(993)) - Added global filter 'safety' (class=org.apache.hadoop.hdds.server.http.HttpServer2$QuotingInputFilter)
2020-06-15 15:40:15,818 [Listener at 127.0.0.1/33397] INFO  http.HttpServer2 (HttpServer2.java:addFilter(969)) - Added filter authentication (class=org.apache.hadoop.security.authentication.server.AuthenticationFilter) to context hddsDatanode
2020-06-15 15:40:15,818 [Listener at 127.0.0.1/33397] INFO  http.HttpServer2 (HttpServer2.java:addFilter(977)) - Added filter authentication (class=org.apache.hadoop.security.authentication.server.AuthenticationFilter) to context static
2020-06-15 15:40:15,819 [Listener at 127.0.0.1/33397] INFO  http.HttpServer2 (HttpServer2.java:addFilter(977)) - Added filter authentication (class=org.apache.hadoop.security.authentication.server.AuthenticationFilter) to context logs
2020-06-15 15:40:15,819 [Listener at 127.0.0.1/33397] INFO  http.HttpServer2 (HttpServer2.java:bindListener(1211)) - Jetty bound to port 44881
2020-06-15 15:40:15,819 [Listener at 127.0.0.1/33397] INFO  server.Server (Server.java:doStart(359)) - jetty-9.4.26.v20200117; built: 2020-01-17T12:35:33.676Z; git: 7b38981d25d14afb4a12ff1f2596756144edf695; jvm 1.8.0_232-b09
2020-06-15 15:40:15,821 [Listener at 127.0.0.1/33397] INFO  server.session (DefaultSessionIdManager.java:doStart(333)) - DefaultSessionIdManager workerName=node0
2020-06-15 15:40:15,821 [Listener at 127.0.0.1/33397] INFO  server.session (DefaultSessionIdManager.java:doStart(338)) - No SessionScavenger set, using defaults
2020-06-15 15:40:15,821 [Listener at 127.0.0.1/33397] INFO  server.session (HouseKeeper.java:startScavenging(140)) - node0 Scavenging every 600000ms
2020-06-15 15:40:15,822 [Listener at 127.0.0.1/33397] INFO  server.AuthenticationFilter (AuthenticationFilter.java:constructSecretProvider(240)) - Unable to initialize FileSignerSecretProvider, falling back to use random secrets.
2020-06-15 15:40:15,822 [Listener at 127.0.0.1/33397] INFO  handler.ContextHandler (ContextHandler.java:doStart(825)) - Started o.e.j.s.ServletContextHandler@5d72a7c5{logs,/logs,file:///github/workspace/mnt/ozone/hadoop-ozone/integration-test/target/log,AVAILABLE}
2020-06-15 15:40:15,823 [Listener at 127.0.0.1/33397] INFO  handler.ContextHandler (ContextHandler.java:doStart(825)) - Started o.e.j.s.ServletContextHandler@ae3a645{static,/static,jar:file:/home/user/.m2/repository/org/apache/hadoop/hadoop-hdds-container-service/0.6.0-SNAPSHOT/hadoop-hdds-container-service-0.6.0-SNAPSHOT.jar!/webapps/static,AVAILABLE}
2020-06-15 15:40:15,839 [Listener at 127.0.0.1/33397] INFO  handler.ContextHandler (ContextHandler.java:doStart(825)) - Started o.e.j.w.WebAppContext@4dcf7963{hddsDatanode,/,file:///tmp/jetty-0_0_0_0-44881-hadoop-hdds-container-service-0_6_0-SNAPSHOT_jar-_-any-7103662723815681391.dir/webapp/,AVAILABLE}{jar:file:/home/user/.m2/repository/org/apache/hadoop/hadoop-hdds-container-service/0.6.0-SNAPSHOT/hadoop-hdds-container-service-0.6.0-SNAPSHOT.jar!/webapps/hddsDatanode}
2020-06-15 15:40:15,841 [Listener at 127.0.0.1/33397] INFO  server.AbstractConnector (AbstractConnector.java:doStart(330)) - Started ServerConnector@365cd1c4{HTTP/1.1,[http/1.1]}{0.0.0.0:44881}
2020-06-15 15:40:15,841 [Listener at 127.0.0.1/33397] INFO  server.Server (Server.java:doStart(399)) - Started @6531ms
2020-06-15 15:40:15,841 [Listener at 127.0.0.1/33397] WARN  impl.MetricsSystemImpl (MetricsSystemImpl.java:register(276)) - Sink prometheus already exists!
2020-06-15 15:40:15,843 [Listener at 127.0.0.1/33397] INFO  http.BaseHttpServer (BaseHttpServer.java:updateConnectorAddress(325)) - HTTP server of hddsDatanode listening at http://0.0.0.0:44881
2020-06-15 15:40:15,844 [Listener at 127.0.0.1/33397] INFO  impl.MetricsSystemImpl (MetricsSystemImpl.java:init(158)) - HddsDatanode metrics system started (again)
2020-06-15 15:40:15,846 [Listener at 127.0.0.1/33397] INFO  ozone.HddsDatanodeService (HddsDatanodeService.java:start(197)) - HddsDatanodeService host:dd6acf296020 ip:172.17.0.2
2020-06-15 15:40:15,847 [Listener at 127.0.0.1/33397] INFO  volume.HddsVolume (HddsVolume.java:<init>(176)) - Creating Volume: /github/workspace/mnt/ozone/hadoop-ozone/integration-test/target/test-dir/MiniOzoneClusterImpl-821e280a-19ea-4536-9ce4-db87e8de49a0/datanode-9/data-0/containers/hdds of storage type : DISK and capacity : 9223372036854775807
2020-06-15 15:40:15,847 [Listener at 127.0.0.1/33397] INFO  volume.MutableVolumeSet (MutableVolumeSet.java:initializeVolumeSet(181)) - Added Volume : /github/workspace/mnt/ozone/hadoop-ozone/integration-test/target/test-dir/MiniOzoneClusterImpl-821e280a-19ea-4536-9ce4-db87e8de49a0/datanode-9/data-0/containers/hdds to VolumeSet
2020-06-15 15:40:15,852 [Listener at 127.0.0.1/33397] INFO  volume.ThrottledAsyncChecker (ThrottledAsyncChecker.java:schedule(141)) - Scheduling a check for /github/workspace/mnt/ozone/hadoop-ozone/integration-test/target/test-dir/MiniOzoneClusterImpl-821e280a-19ea-4536-9ce4-db87e8de49a0/datanode-9/data-0/containers/hdds
2020-06-15 15:40:15,860 [org.apache.hadoop.util.JvmPauseMonitor$Monitor@31b0156d] INFO  util.JvmPauseMonitor (JvmPauseMonitor.java:run(188)) - Starting JVM pause monitor
2020-06-15 15:40:15,862 [Datanode State Machine Thread - 0] INFO  datanode.InitDatanodeState (InitDatanodeState.java:persistContainerDatanodeDetails(145)) - DatanodeDetails is persisted to /github/workspace/mnt/ozone/hadoop-ozone/integration-test/target/test-dir/MiniOzoneClusterImpl-821e280a-19ea-4536-9ce4-db87e8de49a0/datanode-8/meta/datanode.id
2020-06-15 15:40:15,865 [Listener at 127.0.0.1/33397] INFO  volume.HddsVolumeChecker (HddsVolumeChecker.java:checkAllVolumes(200)) - Scheduled health check for volume /github/workspace/mnt/ozone/hadoop-ozone/integration-test/target/test-dir/MiniOzoneClusterImpl-821e280a-19ea-4536-9ce4-db87e8de49a0/datanode-9/data-0/containers/hdds
2020-06-15 15:40:15,879 [Listener at 127.0.0.1/33397] INFO  impl.RaftServerProxy (ConfUtils.java:logGet(44)) - raft.rpc.type = GRPC (default)
2020-06-15 15:40:15,880 [Listener at 127.0.0.1/33397] INFO  grpc.GrpcFactory (GrpcFactory.java:checkPooledByteBufAllocatorUseCacheForAllThreads(45)) - PERFORMANCE WARNING: useCacheForAllThreads is true that may cause Netty to create a lot garbage objects and, as a result, trigger GC.
	It is recommended to disable useCacheForAllThreads by setting -Dorg.apache.ratis.thirdparty.io.netty.allocator.useCacheForAllThreads=false in command line.
2020-06-15 15:40:15,880 [Listener at 127.0.0.1/33397] INFO  grpc.GrpcConfigKeys (ConfUtils.java:logGet(44)) - raft.grpc.server.port = 0 (default)
2020-06-15 15:40:15,880 [Listener at 127.0.0.1/33397] INFO  server.GrpcService (ConfUtils.java:logGet(44)) - raft.grpc.message.size.max = 32MB (=33554432) (custom)
2020-06-15 15:40:15,880 [Listener at 127.0.0.1/33397] INFO  server.RaftServerConfigKeys (ConfUtils.java:logGet(44)) - raft.server.log.appender.buffer.byte-limit = 33554432 (custom)
2020-06-15 15:40:15,880 [Listener at 127.0.0.1/33397] INFO  server.GrpcService (ConfUtils.java:logGet(44)) - raft.grpc.flow.control.window = 5MB (=5242880) (custom)
2020-06-15 15:40:15,880 [Listener at 127.0.0.1/33397] INFO  server.RaftServerConfigKeys (ConfUtils.java:logGet(44)) - raft.server.rpc.request.timeout = 3s (default)
2020-06-15 15:40:15,881 [Listener at 127.0.0.1/33397] INFO  server.RaftServerConfigKeys (ConfUtils.java:logGet(44)) - raft.server.storage.dir = [/github/workspace/mnt/ozone/hadoop-ozone/integration-test/target/test-dir/MiniOzoneClusterImpl-821e280a-19ea-4536-9ce4-db87e8de49a0/datanode-9/data/ratis] (custom)
2020-06-15 15:40:15,885 [Listener at 127.0.0.1/33397] INFO  http.BaseHttpServer (BaseHttpServer.java:newHttpServer2BuilderForOzone(205)) - Starting Web-server for hddsDatanode at: http://0.0.0.0:0
2020-06-15 15:40:15,885 [Listener at 127.0.0.1/33397] INFO  http.BaseHttpServer (BaseHttpServer.java:<init>(106)) - Hadoop Security Enabled: false Ozone Security Enabled: false Ozone HTTP Security Enabled: false 
2020-06-15 15:40:15,886 [Listener at 127.0.0.1/33397] INFO  server.AuthenticationFilter (AuthenticationFilter.java:constructSecretProvider(240)) - Unable to initialize FileSignerSecretProvider, falling back to use random secrets.
2020-06-15 15:40:15,887 [Listener at 127.0.0.1/33397] WARN  http.HttpRequestLog (HttpRequestLog.java:getRequestLog(103)) - Jetty request log can only be enabled using Log4j
2020-06-15 15:40:15,888 [Listener at 127.0.0.1/33397] INFO  http.HttpServer2 (HttpServer2.java:addGlobalFilter(993)) - Added global filter 'safety' (class=org.apache.hadoop.hdds.server.http.HttpServer2$QuotingInputFilter)
2020-06-15 15:40:15,888 [Listener at 127.0.0.1/33397] INFO  http.HttpServer2 (HttpServer2.java:addFilter(969)) - Added filter authentication (class=org.apache.hadoop.security.authentication.server.AuthenticationFilter) to context hddsDatanode
2020-06-15 15:40:15,889 [Listener at 127.0.0.1/33397] INFO  http.HttpServer2 (HttpServer2.java:addFilter(977)) - Added filter authentication (class=org.apache.hadoop.security.authentication.server.AuthenticationFilter) to context logs
2020-06-15 15:40:15,889 [Listener at 127.0.0.1/33397] INFO  http.HttpServer2 (HttpServer2.java:addFilter(977)) - Added filter authentication (class=org.apache.hadoop.security.authentication.server.AuthenticationFilter) to context static
2020-06-15 15:40:15,889 [Listener at 127.0.0.1/33397] INFO  http.HttpServer2 (HttpServer2.java:bindListener(1211)) - Jetty bound to port 37473
2020-06-15 15:40:15,889 [Listener at 127.0.0.1/33397] INFO  server.Server (Server.java:doStart(359)) - jetty-9.4.26.v20200117; built: 2020-01-17T12:35:33.676Z; git: 7b38981d25d14afb4a12ff1f2596756144edf695; jvm 1.8.0_232-b09
2020-06-15 15:40:15,891 [Listener at 127.0.0.1/33397] INFO  server.session (DefaultSessionIdManager.java:doStart(333)) - DefaultSessionIdManager workerName=node0
2020-06-15 15:40:15,891 [Listener at 127.0.0.1/33397] INFO  server.session (DefaultSessionIdManager.java:doStart(338)) - No SessionScavenger set, using defaults
2020-06-15 15:40:15,891 [Listener at 127.0.0.1/33397] INFO  server.session (HouseKeeper.java:startScavenging(140)) - node0 Scavenging every 600000ms
2020-06-15 15:40:15,892 [Listener at 127.0.0.1/33397] INFO  server.AuthenticationFilter (AuthenticationFilter.java:constructSecretProvider(240)) - Unable to initialize FileSignerSecretProvider, falling back to use random secrets.
2020-06-15 15:40:15,892 [Listener at 127.0.0.1/33397] INFO  handler.ContextHandler (ContextHandler.java:doStart(825)) - Started o.e.j.s.ServletContextHandler@641f464f{logs,/logs,file:///github/workspace/mnt/ozone/hadoop-ozone/integration-test/target/log,AVAILABLE}
2020-06-15 15:40:15,893 [Listener at 127.0.0.1/33397] INFO  handler.ContextHandler (ContextHandler.java:doStart(825)) - Started o.e.j.s.ServletContextHandler@3b16e02e{static,/static,jar:file:/home/user/.m2/repository/org/apache/hadoop/hadoop-hdds-container-service/0.6.0-SNAPSHOT/hadoop-hdds-container-service-0.6.0-SNAPSHOT.jar!/webapps/static,AVAILABLE}
2020-06-15 15:40:15,909 [Listener at 127.0.0.1/33397] INFO  handler.ContextHandler (ContextHandler.java:doStart(825)) - Started o.e.j.w.WebAppContext@144cf765{hddsDatanode,/,file:///tmp/jetty-0_0_0_0-37473-hadoop-hdds-container-service-0_6_0-SNAPSHOT_jar-_-any-5165554418150907754.dir/webapp/,AVAILABLE}{jar:file:/home/user/.m2/repository/org/apache/hadoop/hadoop-hdds-container-service/0.6.0-SNAPSHOT/hadoop-hdds-container-service-0.6.0-SNAPSHOT.jar!/webapps/hddsDatanode}
2020-06-15 15:40:15,911 [Listener at 127.0.0.1/33397] INFO  server.AbstractConnector (AbstractConnector.java:doStart(330)) - Started ServerConnector@23c3a1d9{HTTP/1.1,[http/1.1]}{0.0.0.0:37473}
2020-06-15 15:40:15,912 [Listener at 127.0.0.1/33397] INFO  server.Server (Server.java:doStart(399)) - Started @6601ms
2020-06-15 15:40:15,912 [Listener at 127.0.0.1/33397] WARN  impl.MetricsSystemImpl (MetricsSystemImpl.java:register(276)) - Sink prometheus already exists!
2020-06-15 15:40:15,915 [Listener at 127.0.0.1/33397] INFO  http.BaseHttpServer (BaseHttpServer.java:updateConnectorAddress(325)) - HTTP server of hddsDatanode listening at http://0.0.0.0:37473
2020-06-15 15:40:15,915 [Listener at 127.0.0.1/33397] INFO  ozone.MiniOzoneClusterImpl (MiniOzoneClusterImpl.java:lambda$waitForClusterToBeReady$0(177)) - Waiting for nodes to be ready. Got 0 of 10 DN Heartbeats.
2020-06-15 15:40:15,916 [Listener at 127.0.0.1/33397] INFO  ozone.MiniOzoneClusterImpl (MiniOzoneClusterImpl.java:lambda$waitForClusterToBeReady$0(180)) - Waiting for cluster to exit safe mode
2020-06-15 15:40:15,924 [org.apache.hadoop.util.JvmPauseMonitor$Monitor@f620aef] INFO  util.JvmPauseMonitor (JvmPauseMonitor.java:run(188)) - Starting JVM pause monitor
2020-06-15 15:40:15,929 [Datanode State Machine Thread - 0] INFO  datanode.InitDatanodeState (InitDatanodeState.java:persistContainerDatanodeDetails(145)) - DatanodeDetails is persisted to /github/workspace/mnt/ozone/hadoop-ozone/integration-test/target/test-dir/MiniOzoneClusterImpl-821e280a-19ea-4536-9ce4-db87e8de49a0/datanode-9/meta/datanode.id
2020-06-15 15:40:16,916 [Listener at 127.0.0.1/33397] INFO  ozone.MiniOzoneClusterImpl (MiniOzoneClusterImpl.java:lambda$waitForClusterToBeReady$0(177)) - Waiting for nodes to be ready. Got 0 of 10 DN Heartbeats.
2020-06-15 15:40:16,916 [Listener at 127.0.0.1/33397] INFO  ozone.MiniOzoneClusterImpl (MiniOzoneClusterImpl.java:lambda$waitForClusterToBeReady$0(180)) - Waiting for cluster to exit safe mode
2020-06-15 15:40:16,967 [Datanode State Machine Thread - 0] INFO  ozoneimpl.OzoneContainer (OzoneContainer.java:start(232)) - Attempting to start container services.
2020-06-15 15:40:16,968 [Datanode State Machine Thread - 0] INFO  ozoneimpl.OzoneContainer (OzoneContainer.java:startContainerScrub(196)) - Background container scanner has been disabled.
2020-06-15 15:40:16,968 [Datanode State Machine Thread - 0] INFO  ratis.XceiverServerRatis (XceiverServerRatis.java:start(425)) - Starting XceiverServerRatis c912bb49-c5b6-43bc-8d73-0672ac2b0169 at port 0
2020-06-15 15:40:16,998 [Datanode State Machine Thread - 0] INFO  impl.RaftServerProxy (RaftServerProxy.java:lambda$start$3(304)) - c912bb49-c5b6-43bc-8d73-0672ac2b0169: start RPC server
2020-06-15 15:40:17,064 [Datanode State Machine Thread - 0] INFO  server.GrpcService (GrpcService.java:startImpl(160)) - c912bb49-c5b6-43bc-8d73-0672ac2b0169: GrpcService started, listening on 0.0.0.0/0.0.0.0:44503
2020-06-15 15:40:17,066 [Datanode State Machine Thread - 0] INFO  ratis.XceiverServerRatis (XceiverServerRatis.java:start(437)) - XceiverServerRatis c912bb49-c5b6-43bc-8d73-0672ac2b0169 is started using port 44503
2020-06-15 15:40:17,070 [Datanode State Machine Thread - 0] INFO  server.XceiverServerGrpc (XceiverServerGrpc.java:start(145)) - XceiverServerGrpc c912bb49-c5b6-43bc-8d73-0672ac2b0169 is started using port 40323
2020-06-15 15:40:17,139 [Datanode State Machine Thread - 0] INFO  ozoneimpl.OzoneContainer (OzoneContainer.java:start(232)) - Attempting to start container services.
2020-06-15 15:40:17,144 [Datanode State Machine Thread - 0] INFO  ozoneimpl.OzoneContainer (OzoneContainer.java:startContainerScrub(196)) - Background container scanner has been disabled.
2020-06-15 15:40:17,144 [Datanode State Machine Thread - 0] INFO  ratis.XceiverServerRatis (XceiverServerRatis.java:start(425)) - Starting XceiverServerRatis 9e264cd7-89cf-4adc-86a4-e73cb5c9846a at port 0
2020-06-15 15:40:17,145 [Datanode State Machine Thread - 0] INFO  impl.RaftServerProxy (RaftServerProxy.java:lambda$start$3(304)) - 9e264cd7-89cf-4adc-86a4-e73cb5c9846a: start RPC server
2020-06-15 15:40:17,164 [Datanode State Machine Thread - 0] INFO  server.GrpcService (GrpcService.java:startImpl(160)) - 9e264cd7-89cf-4adc-86a4-e73cb5c9846a: GrpcService started, listening on 0.0.0.0/0.0.0.0:46793
2020-06-15 15:40:17,165 [Datanode State Machine Thread - 0] INFO  ratis.XceiverServerRatis (XceiverServerRatis.java:start(437)) - XceiverServerRatis 9e264cd7-89cf-4adc-86a4-e73cb5c9846a is started using port 46793
2020-06-15 15:40:17,166 [Datanode State Machine Thread - 0] INFO  server.XceiverServerGrpc (XceiverServerGrpc.java:start(145)) - XceiverServerGrpc 9e264cd7-89cf-4adc-86a4-e73cb5c9846a is started using port 33173
2020-06-15 15:40:17,285 [Datanode State Machine Thread - 0] INFO  ozoneimpl.OzoneContainer (OzoneContainer.java:start(232)) - Attempting to start container services.
2020-06-15 15:40:17,286 [Datanode State Machine Thread - 0] INFO  ozoneimpl.OzoneContainer (OzoneContainer.java:startContainerScrub(196)) - Background container scanner has been disabled.
2020-06-15 15:40:17,286 [Datanode State Machine Thread - 0] INFO  ratis.XceiverServerRatis (XceiverServerRatis.java:start(425)) - Starting XceiverServerRatis 9a0e5fc2-eb4c-4ba8-8ae5-559cc84280be at port 0
2020-06-15 15:40:17,296 [Datanode State Machine Thread - 0] INFO  impl.RaftServerProxy (RaftServerProxy.java:lambda$start$3(304)) - 9a0e5fc2-eb4c-4ba8-8ae5-559cc84280be: start RPC server
2020-06-15 15:40:17,314 [Datanode State Machine Thread - 0] INFO  server.GrpcService (GrpcService.java:startImpl(160)) - 9a0e5fc2-eb4c-4ba8-8ae5-559cc84280be: GrpcService started, listening on 0.0.0.0/0.0.0.0:37177
2020-06-15 15:40:17,314 [Datanode State Machine Thread - 0] INFO  ratis.XceiverServerRatis (XceiverServerRatis.java:start(437)) - XceiverServerRatis 9a0e5fc2-eb4c-4ba8-8ae5-559cc84280be is started using port 37177
2020-06-15 15:40:17,315 [Datanode State Machine Thread - 0] INFO  server.XceiverServerGrpc (XceiverServerGrpc.java:start(145)) - XceiverServerGrpc 9a0e5fc2-eb4c-4ba8-8ae5-559cc84280be is started using port 37839
2020-06-15 15:40:17,440 [Datanode State Machine Thread - 0] INFO  ozoneimpl.OzoneContainer (OzoneContainer.java:start(232)) - Attempting to start container services.
2020-06-15 15:40:17,440 [Datanode State Machine Thread - 0] INFO  ozoneimpl.OzoneContainer (OzoneContainer.java:startContainerScrub(196)) - Background container scanner has been disabled.
2020-06-15 15:40:17,440 [Datanode State Machine Thread - 0] INFO  ratis.XceiverServerRatis (XceiverServerRatis.java:start(425)) - Starting XceiverServerRatis bb2a17c4-da93-471c-baec-5cf2aa5cf94e at port 0
2020-06-15 15:40:17,442 [Datanode State Machine Thread - 0] INFO  impl.RaftServerProxy (RaftServerProxy.java:lambda$start$3(304)) - bb2a17c4-da93-471c-baec-5cf2aa5cf94e: start RPC server
2020-06-15 15:40:17,451 [Datanode State Machine Thread - 0] INFO  server.GrpcService (GrpcService.java:startImpl(160)) - bb2a17c4-da93-471c-baec-5cf2aa5cf94e: GrpcService started, listening on 0.0.0.0/0.0.0.0:42619
2020-06-15 15:40:17,451 [Datanode State Machine Thread - 0] INFO  ratis.XceiverServerRatis (XceiverServerRatis.java:start(437)) - XceiverServerRatis bb2a17c4-da93-471c-baec-5cf2aa5cf94e is started using port 42619
2020-06-15 15:40:17,452 [Datanode State Machine Thread - 0] INFO  server.XceiverServerGrpc (XceiverServerGrpc.java:start(145)) - XceiverServerGrpc bb2a17c4-da93-471c-baec-5cf2aa5cf94e is started using port 34321
2020-06-15 15:40:17,544 [Datanode State Machine Thread - 0] INFO  ozoneimpl.OzoneContainer (OzoneContainer.java:start(232)) - Attempting to start container services.
2020-06-15 15:40:17,544 [Datanode State Machine Thread - 0] INFO  ozoneimpl.OzoneContainer (OzoneContainer.java:startContainerScrub(196)) - Background container scanner has been disabled.
2020-06-15 15:40:17,544 [Datanode State Machine Thread - 0] INFO  ratis.XceiverServerRatis (XceiverServerRatis.java:start(425)) - Starting XceiverServerRatis c922d5df-3bd1-4669-b221-1ae7b105f951 at port 0
2020-06-15 15:40:17,545 [Datanode State Machine Thread - 0] INFO  impl.RaftServerProxy (RaftServerProxy.java:lambda$start$3(304)) - c922d5df-3bd1-4669-b221-1ae7b105f951: start RPC server
2020-06-15 15:40:17,546 [Datanode State Machine Thread - 0] INFO  server.GrpcService (GrpcService.java:startImpl(160)) - c922d5df-3bd1-4669-b221-1ae7b105f951: GrpcService started, listening on 0.0.0.0/0.0.0.0:33715
2020-06-15 15:40:17,547 [Datanode State Machine Thread - 0] INFO  ratis.XceiverServerRatis (XceiverServerRatis.java:start(437)) - XceiverServerRatis c922d5df-3bd1-4669-b221-1ae7b105f951 is started using port 33715
2020-06-15 15:40:17,549 [Datanode State Machine Thread - 0] INFO  server.XceiverServerGrpc (XceiverServerGrpc.java:start(145)) - XceiverServerGrpc c922d5df-3bd1-4669-b221-1ae7b105f951 is started using port 45499
2020-06-15 15:40:17,634 [Datanode State Machine Thread - 0] INFO  ozoneimpl.OzoneContainer (OzoneContainer.java:start(232)) - Attempting to start container services.
2020-06-15 15:40:17,634 [Datanode State Machine Thread - 0] INFO  ozoneimpl.OzoneContainer (OzoneContainer.java:startContainerScrub(196)) - Background container scanner has been disabled.
2020-06-15 15:40:17,634 [Datanode State Machine Thread - 0] INFO  ratis.XceiverServerRatis (XceiverServerRatis.java:start(425)) - Starting XceiverServerRatis 24a75401-d909-4cbe-bf6e-d874185015ef at port 0
2020-06-15 15:40:17,635 [Datanode State Machine Thread - 0] INFO  impl.RaftServerProxy (RaftServerProxy.java:lambda$start$3(304)) - 24a75401-d909-4cbe-bf6e-d874185015ef: start RPC server
2020-06-15 15:40:17,637 [Datanode State Machine Thread - 0] INFO  server.GrpcService (GrpcService.java:startImpl(160)) - 24a75401-d909-4cbe-bf6e-d874185015ef: GrpcService started, listening on 0.0.0.0/0.0.0.0:38429
2020-06-15 15:40:17,637 [Datanode State Machine Thread - 0] INFO  ratis.XceiverServerRatis (XceiverServerRatis.java:start(437)) - XceiverServerRatis 24a75401-d909-4cbe-bf6e-d874185015ef is started using port 38429
2020-06-15 15:40:17,638 [Datanode State Machine Thread - 0] INFO  server.XceiverServerGrpc (XceiverServerGrpc.java:start(145)) - XceiverServerGrpc 24a75401-d909-4cbe-bf6e-d874185015ef is started using port 45035
2020-06-15 15:40:17,707 [Datanode State Machine Thread - 0] INFO  ozoneimpl.OzoneContainer (OzoneContainer.java:start(232)) - Attempting to start container services.
2020-06-15 15:40:17,707 [Datanode State Machine Thread - 0] INFO  ozoneimpl.OzoneContainer (OzoneContainer.java:startContainerScrub(196)) - Background container scanner has been disabled.
2020-06-15 15:40:17,707 [Datanode State Machine Thread - 0] INFO  ratis.XceiverServerRatis (XceiverServerRatis.java:start(425)) - Starting XceiverServerRatis f695cbb9-a461-4428-8d13-756fae3d1d34 at port 0
2020-06-15 15:40:17,710 [Datanode State Machine Thread - 0] INFO  impl.RaftServerProxy (RaftServerProxy.java:lambda$start$3(304)) - f695cbb9-a461-4428-8d13-756fae3d1d34: start RPC server
2020-06-15 15:40:17,712 [Datanode State Machine Thread - 0] INFO  server.GrpcService (GrpcService.java:startImpl(160)) - f695cbb9-a461-4428-8d13-756fae3d1d34: GrpcService started, listening on 0.0.0.0/0.0.0.0:40579
2020-06-15 15:40:17,712 [Datanode State Machine Thread - 0] INFO  ratis.XceiverServerRatis (XceiverServerRatis.java:start(437)) - XceiverServerRatis f695cbb9-a461-4428-8d13-756fae3d1d34 is started using port 40579
2020-06-15 15:40:17,713 [Datanode State Machine Thread - 0] INFO  server.XceiverServerGrpc (XceiverServerGrpc.java:start(145)) - XceiverServerGrpc f695cbb9-a461-4428-8d13-756fae3d1d34 is started using port 44139
2020-06-15 15:40:17,794 [Datanode State Machine Thread - 0] INFO  ozoneimpl.OzoneContainer (OzoneContainer.java:start(232)) - Attempting to start container services.
2020-06-15 15:40:17,794 [Datanode State Machine Thread - 0] INFO  ozoneimpl.OzoneContainer (OzoneContainer.java:startContainerScrub(196)) - Background container scanner has been disabled.
2020-06-15 15:40:17,794 [Datanode State Machine Thread - 0] INFO  ratis.XceiverServerRatis (XceiverServerRatis.java:start(425)) - Starting XceiverServerRatis 76787e2a-cdc9-4e9e-a68d-44f13553fe3c at port 0
2020-06-15 15:40:17,795 [Datanode State Machine Thread - 0] INFO  impl.RaftServerProxy (RaftServerProxy.java:lambda$start$3(304)) - 76787e2a-cdc9-4e9e-a68d-44f13553fe3c: start RPC server
2020-06-15 15:40:17,801 [Datanode State Machine Thread - 0] INFO  server.GrpcService (GrpcService.java:startImpl(160)) - 76787e2a-cdc9-4e9e-a68d-44f13553fe3c: GrpcService started, listening on 0.0.0.0/0.0.0.0:37067
2020-06-15 15:40:17,801 [Datanode State Machine Thread - 0] INFO  ratis.XceiverServerRatis (XceiverServerRatis.java:start(437)) - XceiverServerRatis 76787e2a-cdc9-4e9e-a68d-44f13553fe3c is started using port 37067
2020-06-15 15:40:17,802 [Datanode State Machine Thread - 0] INFO  server.XceiverServerGrpc (XceiverServerGrpc.java:start(145)) - XceiverServerGrpc 76787e2a-cdc9-4e9e-a68d-44f13553fe3c is started using port 38167
2020-06-15 15:40:17,863 [Datanode State Machine Thread - 0] INFO  ozoneimpl.OzoneContainer (OzoneContainer.java:start(232)) - Attempting to start container services.
2020-06-15 15:40:17,863 [Datanode State Machine Thread - 0] INFO  ozoneimpl.OzoneContainer (OzoneContainer.java:startContainerScrub(196)) - Background container scanner has been disabled.
2020-06-15 15:40:17,864 [Datanode State Machine Thread - 0] INFO  ratis.XceiverServerRatis (XceiverServerRatis.java:start(425)) - Starting XceiverServerRatis 1555e715-5c6c-4e2d-b7e6-f10fa5f487d3 at port 0
2020-06-15 15:40:17,864 [Datanode State Machine Thread - 0] INFO  impl.RaftServerProxy (RaftServerProxy.java:lambda$start$3(304)) - 1555e715-5c6c-4e2d-b7e6-f10fa5f487d3: start RPC server
2020-06-15 15:40:17,877 [Datanode State Machine Thread - 0] INFO  server.GrpcService (GrpcService.java:startImpl(160)) - 1555e715-5c6c-4e2d-b7e6-f10fa5f487d3: GrpcService started, listening on 0.0.0.0/0.0.0.0:41221
2020-06-15 15:40:17,877 [Datanode State Machine Thread - 0] INFO  ratis.XceiverServerRatis (XceiverServerRatis.java:start(437)) - XceiverServerRatis 1555e715-5c6c-4e2d-b7e6-f10fa5f487d3 is started using port 41221
2020-06-15 15:40:17,878 [Datanode State Machine Thread - 0] INFO  server.XceiverServerGrpc (XceiverServerGrpc.java:start(145)) - XceiverServerGrpc 1555e715-5c6c-4e2d-b7e6-f10fa5f487d3 is started using port 33007
2020-06-15 15:40:17,916 [Listener at 127.0.0.1/33397] INFO  ozone.MiniOzoneClusterImpl (MiniOzoneClusterImpl.java:lambda$waitForClusterToBeReady$0(177)) - Waiting for nodes to be ready. Got 0 of 10 DN Heartbeats.
2020-06-15 15:40:17,916 [Listener at 127.0.0.1/33397] INFO  ozone.MiniOzoneClusterImpl (MiniOzoneClusterImpl.java:lambda$waitForClusterToBeReady$0(180)) - Waiting for cluster to exit safe mode
2020-06-15 15:40:17,926 [Datanode State Machine Thread - 0] INFO  ozoneimpl.OzoneContainer (OzoneContainer.java:start(232)) - Attempting to start container services.
2020-06-15 15:40:17,926 [Datanode State Machine Thread - 0] INFO  ozoneimpl.OzoneContainer (OzoneContainer.java:startContainerScrub(196)) - Background container scanner has been disabled.
2020-06-15 15:40:17,926 [Datanode State Machine Thread - 0] INFO  ratis.XceiverServerRatis (XceiverServerRatis.java:start(425)) - Starting XceiverServerRatis faf68df0-9b28-4036-b0dc-8f3f61b959cf at port 0
2020-06-15 15:40:17,927 [Datanode State Machine Thread - 0] INFO  impl.RaftServerProxy (RaftServerProxy.java:lambda$start$3(304)) - faf68df0-9b28-4036-b0dc-8f3f61b959cf: start RPC server
2020-06-15 15:40:17,928 [Datanode State Machine Thread - 0] INFO  server.GrpcService (GrpcService.java:startImpl(160)) - faf68df0-9b28-4036-b0dc-8f3f61b959cf: GrpcService started, listening on 0.0.0.0/0.0.0.0:34353
2020-06-15 15:40:17,928 [Datanode State Machine Thread - 0] INFO  ratis.XceiverServerRatis (XceiverServerRatis.java:start(437)) - XceiverServerRatis faf68df0-9b28-4036-b0dc-8f3f61b959cf is started using port 34353
2020-06-15 15:40:17,933 [Datanode State Machine Thread - 0] INFO  server.XceiverServerGrpc (XceiverServerGrpc.java:start(145)) - XceiverServerGrpc faf68df0-9b28-4036-b0dc-8f3f61b959cf is started using port 38385
2020-06-15 15:40:18,920 [Listener at 127.0.0.1/33397] INFO  ozone.MiniOzoneClusterImpl (MiniOzoneClusterImpl.java:lambda$waitForClusterToBeReady$0(177)) - Waiting for nodes to be ready. Got 0 of 10 DN Heartbeats.
2020-06-15 15:40:18,920 [Listener at 127.0.0.1/33397] INFO  ozone.MiniOzoneClusterImpl (MiniOzoneClusterImpl.java:lambda$waitForClusterToBeReady$0(180)) - Waiting for cluster to exit safe mode
2020-06-15 15:40:18,952 [IPC Server handler 3 on default port 39149] INFO  net.NetworkTopology (NetworkTopologyImpl.java:add(111)) - Added a new node: /default-rack/c912bb49-c5b6-43bc-8d73-0672ac2b0169
2020-06-15 15:40:18,953 [IPC Server handler 3 on default port 39149] INFO  node.SCMNodeManager (SCMNodeManager.java:register(268)) - Registered Data node : c912bb49-c5b6-43bc-8d73-0672ac2b0169{ip: 172.17.0.2, host: dd6acf296020, networkLocation: /default-rack, certSerialId: null}
2020-06-15 15:40:18,963 [RatisPipelineUtilsThread] INFO  pipeline.RatisPipelineProvider (RatisPipelineProvider.java:lambda$create$0(138)) - Sending CreatePipelineCommand for pipeline:PipelineID=18995729-6387-458e-93cf-66ea40194d3d to datanode:c912bb49-c5b6-43bc-8d73-0672ac2b0169
2020-06-15 15:40:18,964 [EventQueue-NodeRegistrationContainerReportForDataNodeSafeModeRule] INFO  safemode.SCMSafeModeManager (DataNodeSafeModeRule.java:process(71)) - SCM in safe mode. 1 DataNodes registered, 1 required.
2020-06-15 15:40:18,964 [EventQueue-NodeRegistrationContainerReportForDataNodeSafeModeRule] INFO  safemode.SCMSafeModeManager (SCMSafeModeManager.java:validateSafeModeExitRules(213)) - DataNodeSafeModeRule rule is successfully validated
2020-06-15 15:40:18,964 [EventQueue-NodeRegistrationContainerReportForDataNodeSafeModeRule] INFO  safemode.SCMSafeModeManager (SCMSafeModeManager.java:completePreCheck(241)) - All SCM safe mode pre check rules have passed
2020-06-15 15:40:18,996 [EventQueue-NodeRegistrationContainerReportForContainerSafeModeRule] INFO  safemode.SCMSafeModeManager (SCMSafeModeManager.java:validateSafeModeExitRules(213)) - ContainerSafeModeRule rule is successfully validated
2020-06-15 15:40:19,007 [RatisPipelineUtilsThread] INFO  pipeline.PipelineStateManager (PipelineStateManager.java:addPipeline(54)) - Created pipeline Pipeline[ Id: 18995729-6387-458e-93cf-66ea40194d3d, Nodes: c912bb49-c5b6-43bc-8d73-0672ac2b0169{ip: 172.17.0.2, host: dd6acf296020, networkLocation: /default-rack, certSerialId: null}, Type:RATIS, Factor:ONE, State:ALLOCATED, leaderId:, CreationTimestamp2020-06-15T15:40:18.959Z]
2020-06-15 15:40:19,010 [RatisPipelineUtilsThread] ERROR pipeline.SCMPipelineManager (SCMPipelineManager.java:createPipeline(222)) - Failed to create pipeline of type RATIS and factor ONE. Exception: Cannot create pipeline of factor 1 using 0 nodes. Used 1 nodes. Healthy nodes 1
2020-06-15 15:40:19,011 [RatisPipelineUtilsThread] WARN  pipeline.PipelinePlacementPolicy (PipelinePlacementPolicy.java:filterViableNodes(133)) - Pipeline creation failed due to no sufficient healthy datanodes. Required 3. Found 1.
2020-06-15 15:40:19,011 [RatisPipelineUtilsThread] ERROR pipeline.SCMPipelineManager (SCMPipelineManager.java:createPipeline(222)) - Failed to create pipeline of type RATIS and factor THREE. Exception: Pipeline creation failed due to no sufficient healthy datanodes. Required 3. Found 1.
2020-06-15 15:40:19,138 [IPC Server handler 4 on default port 39149] INFO  net.NetworkTopology (NetworkTopologyImpl.java:add(111)) - Added a new node: /default-rack/9e264cd7-89cf-4adc-86a4-e73cb5c9846a
2020-06-15 15:40:19,139 [IPC Server handler 4 on default port 39149] INFO  node.SCMNodeManager (SCMNodeManager.java:register(268)) - Registered Data node : 9e264cd7-89cf-4adc-86a4-e73cb5c9846a{ip: 172.17.0.2, host: dd6acf296020, networkLocation: /default-rack, certSerialId: null}
2020-06-15 15:40:19,139 [EventQueue-NodeRegistrationContainerReportForContainerSafeModeRule] INFO  safemode.SCMSafeModeManager (SCMSafeModeManager.java:validateSafeModeExitRules(213)) - ContainerSafeModeRule rule is successfully validated
2020-06-15 15:40:19,139 [EventQueue-NodeRegistrationContainerReportForDataNodeSafeModeRule] INFO  safemode.SCMSafeModeManager (SCMSafeModeManager.java:validateSafeModeExitRules(213)) - DataNodeSafeModeRule rule is successfully validated
2020-06-15 15:40:19,141 [RatisPipelineUtilsThread] INFO  pipeline.RatisPipelineProvider (RatisPipelineProvider.java:lambda$create$0(138)) - Sending CreatePipelineCommand for pipeline:PipelineID=93e13e3d-b88a-4c17-9f35-d992d708da20 to datanode:9e264cd7-89cf-4adc-86a4-e73cb5c9846a
2020-06-15 15:40:19,141 [RatisPipelineUtilsThread] INFO  pipeline.PipelineStateManager (PipelineStateManager.java:addPipeline(54)) - Created pipeline Pipeline[ Id: 93e13e3d-b88a-4c17-9f35-d992d708da20, Nodes: 9e264cd7-89cf-4adc-86a4-e73cb5c9846a{ip: 172.17.0.2, host: dd6acf296020, networkLocation: /default-rack, certSerialId: null}, Type:RATIS, Factor:ONE, State:ALLOCATED, leaderId:, CreationTimestamp2020-06-15T15:40:19.141Z]
2020-06-15 15:40:19,142 [RatisPipelineUtilsThread] ERROR pipeline.SCMPipelineManager (SCMPipelineManager.java:createPipeline(222)) - Failed to create pipeline of type RATIS and factor ONE. Exception: Cannot create pipeline of factor 1 using 0 nodes. Used 2 nodes. Healthy nodes 2
2020-06-15 15:40:19,142 [RatisPipelineUtilsThread] WARN  pipeline.PipelinePlacementPolicy (PipelinePlacementPolicy.java:filterViableNodes(133)) - Pipeline creation failed due to no sufficient healthy datanodes. Required 3. Found 2.
2020-06-15 15:40:19,142 [RatisPipelineUtilsThread] ERROR pipeline.SCMPipelineManager (SCMPipelineManager.java:createPipeline(222)) - Failed to create pipeline of type RATIS and factor THREE. Exception: Pipeline creation failed due to no sufficient healthy datanodes. Required 3. Found 2.
2020-06-15 15:40:19,285 [IPC Server handler 5 on default port 39149] INFO  net.NetworkTopology (NetworkTopologyImpl.java:add(111)) - Added a new node: /default-rack/9a0e5fc2-eb4c-4ba8-8ae5-559cc84280be
2020-06-15 15:40:19,285 [IPC Server handler 5 on default port 39149] INFO  node.SCMNodeManager (SCMNodeManager.java:register(268)) - Registered Data node : 9a0e5fc2-eb4c-4ba8-8ae5-559cc84280be{ip: 172.17.0.2, host: dd6acf296020, networkLocation: /default-rack, certSerialId: null}
2020-06-15 15:40:19,285 [EventQueue-NodeRegistrationContainerReportForContainerSafeModeRule] INFO  safemode.SCMSafeModeManager (SCMSafeModeManager.java:validateSafeModeExitRules(213)) - ContainerSafeModeRule rule is successfully validated
2020-06-15 15:40:19,286 [EventQueue-NodeRegistrationContainerReportForDataNodeSafeModeRule] INFO  safemode.SCMSafeModeManager (SCMSafeModeManager.java:validateSafeModeExitRules(213)) - DataNodeSafeModeRule rule is successfully validated
2020-06-15 15:40:19,286 [RatisPipelineUtilsThread] INFO  pipeline.RatisPipelineProvider (RatisPipelineProvider.java:lambda$create$0(138)) - Sending CreatePipelineCommand for pipeline:PipelineID=8e0d6c83-8d03-4abf-8f10-4d8eaecc9ad7 to datanode:9a0e5fc2-eb4c-4ba8-8ae5-559cc84280be
2020-06-15 15:40:19,286 [RatisPipelineUtilsThread] INFO  pipeline.PipelineStateManager (PipelineStateManager.java:addPipeline(54)) - Created pipeline Pipeline[ Id: 8e0d6c83-8d03-4abf-8f10-4d8eaecc9ad7, Nodes: 9a0e5fc2-eb4c-4ba8-8ae5-559cc84280be{ip: 172.17.0.2, host: dd6acf296020, networkLocation: /default-rack, certSerialId: null}, Type:RATIS, Factor:ONE, State:ALLOCATED, leaderId:, CreationTimestamp2020-06-15T15:40:19.286Z]
2020-06-15 15:40:19,287 [RatisPipelineUtilsThread] ERROR pipeline.SCMPipelineManager (SCMPipelineManager.java:createPipeline(222)) - Failed to create pipeline of type RATIS and factor ONE. Exception: Cannot create pipeline of factor 1 using 0 nodes. Used 3 nodes. Healthy nodes 3
2020-06-15 15:40:19,295 [RatisPipelineUtilsThread] INFO  pipeline.RatisPipelineProvider (RatisPipelineProvider.java:lambda$create$0(138)) - Sending CreatePipelineCommand for pipeline:PipelineID=9c50ad9e-5235-4dd0-9b15-3a5c16cf8d5c to datanode:c912bb49-c5b6-43bc-8d73-0672ac2b0169
2020-06-15 15:40:19,299 [RatisPipelineUtilsThread] INFO  pipeline.RatisPipelineProvider (RatisPipelineProvider.java:lambda$create$0(138)) - Sending CreatePipelineCommand for pipeline:PipelineID=9c50ad9e-5235-4dd0-9b15-3a5c16cf8d5c to datanode:9e264cd7-89cf-4adc-86a4-e73cb5c9846a
2020-06-15 15:40:19,299 [RatisPipelineUtilsThread] INFO  pipeline.RatisPipelineProvider (RatisPipelineProvider.java:lambda$create$0(138)) - Sending CreatePipelineCommand for pipeline:PipelineID=9c50ad9e-5235-4dd0-9b15-3a5c16cf8d5c to datanode:9a0e5fc2-eb4c-4ba8-8ae5-559cc84280be
2020-06-15 15:40:19,299 [RatisPipelineUtilsThread] INFO  pipeline.PipelineStateManager (PipelineStateManager.java:addPipeline(54)) - Created pipeline Pipeline[ Id: 9c50ad9e-5235-4dd0-9b15-3a5c16cf8d5c, Nodes: c912bb49-c5b6-43bc-8d73-0672ac2b0169{ip: 172.17.0.2, host: dd6acf296020, networkLocation: /default-rack, certSerialId: null}9e264cd7-89cf-4adc-86a4-e73cb5c9846a{ip: 172.17.0.2, host: dd6acf296020, networkLocation: /default-rack, certSerialId: null}9a0e5fc2-eb4c-4ba8-8ae5-559cc84280be{ip: 172.17.0.2, host: dd6acf296020, networkLocation: /default-rack, certSerialId: null}, Type:RATIS, Factor:THREE, State:ALLOCATED, leaderId:, CreationTimestamp2020-06-15T15:40:19.295Z]
2020-06-15 15:40:19,300 [RatisPipelineUtilsThread] ERROR pipeline.SCMPipelineManager (SCMPipelineManager.java:createPipeline(222)) - Failed to create pipeline of type RATIS and factor THREE. Exception: Pipeline creation failed because nodes are engaged in other pipelines and every node can only be engaged in max 2 pipelines. Required 3. Found 0
2020-06-15 15:40:19,439 [IPC Server handler 6 on default port 39149] INFO  net.NetworkTopology (NetworkTopologyImpl.java:add(111)) - Added a new node: /default-rack/bb2a17c4-da93-471c-baec-5cf2aa5cf94e
2020-06-15 15:40:19,440 [IPC Server handler 6 on default port 39149] INFO  node.SCMNodeManager (SCMNodeManager.java:register(268)) - Registered Data node : bb2a17c4-da93-471c-baec-5cf2aa5cf94e{ip: 172.17.0.2, host: dd6acf296020, networkLocation: /default-rack, certSerialId: null}
2020-06-15 15:40:19,441 [EventQueue-NodeRegistrationContainerReportForContainerSafeModeRule] INFO  safemode.SCMSafeModeManager (SCMSafeModeManager.java:validateSafeModeExitRules(213)) - ContainerSafeModeRule rule is successfully validated
2020-06-15 15:40:19,441 [EventQueue-NodeRegistrationContainerReportForDataNodeSafeModeRule] INFO  safemode.SCMSafeModeManager (SCMSafeModeManager.java:validateSafeModeExitRules(213)) - DataNodeSafeModeRule rule is successfully validated
2020-06-15 15:40:19,442 [RatisPipelineUtilsThread] INFO  pipeline.RatisPipelineProvider (RatisPipelineProvider.java:lambda$create$0(138)) - Sending CreatePipelineCommand for pipeline:PipelineID=643289b8-3b67-42f9-94ce-aa9654ab1aa0 to datanode:bb2a17c4-da93-471c-baec-5cf2aa5cf94e
2020-06-15 15:40:19,442 [RatisPipelineUtilsThread] INFO  pipeline.PipelineStateManager (PipelineStateManager.java:addPipeline(54)) - Created pipeline Pipeline[ Id: 643289b8-3b67-42f9-94ce-aa9654ab1aa0, Nodes: bb2a17c4-da93-471c-baec-5cf2aa5cf94e{ip: 172.17.0.2, host: dd6acf296020, networkLocation: /default-rack, certSerialId: null}, Type:RATIS, Factor:ONE, State:ALLOCATED, leaderId:, CreationTimestamp2020-06-15T15:40:19.442Z]
2020-06-15 15:40:19,443 [RatisPipelineUtilsThread] ERROR pipeline.SCMPipelineManager (SCMPipelineManager.java:createPipeline(222)) - Failed to create pipeline of type RATIS and factor ONE. Exception: Cannot create pipeline of factor 1 using 0 nodes. Used 4 nodes. Healthy nodes 4
2020-06-15 15:40:19,444 [RatisPipelineUtilsThread] ERROR pipeline.SCMPipelineManager (SCMPipelineManager.java:createPipeline(222)) - Failed to create pipeline of type RATIS and factor THREE. Exception: Pipeline creation failed because nodes are engaged in other pipelines and every node can only be engaged in max 2 pipelines. Required 3. Found 1
2020-06-15 15:40:19,543 [IPC Server handler 7 on default port 39149] INFO  net.NetworkTopology (NetworkTopologyImpl.java:add(111)) - Added a new node: /default-rack/c922d5df-3bd1-4669-b221-1ae7b105f951
2020-06-15 15:40:19,544 [IPC Server handler 7 on default port 39149] INFO  node.SCMNodeManager (SCMNodeManager.java:register(268)) - Registered Data node : c922d5df-3bd1-4669-b221-1ae7b105f951{ip: 172.17.0.2, host: dd6acf296020, networkLocation: /default-rack, certSerialId: null}
2020-06-15 15:40:19,544 [EventQueue-NodeRegistrationContainerReportForContainerSafeModeRule] INFO  safemode.SCMSafeModeManager (SCMSafeModeManager.java:validateSafeModeExitRules(213)) - ContainerSafeModeRule rule is successfully validated
2020-06-15 15:40:19,544 [EventQueue-NodeRegistrationContainerReportForDataNodeSafeModeRule] INFO  safemode.SCMSafeModeManager (SCMSafeModeManager.java:validateSafeModeExitRules(213)) - DataNodeSafeModeRule rule is successfully validated
2020-06-15 15:40:19,547 [RatisPipelineUtilsThread] INFO  pipeline.RatisPipelineProvider (RatisPipelineProvider.java:lambda$create$0(138)) - Sending CreatePipelineCommand for pipeline:PipelineID=6fe9f424-25dd-405d-8fb1-997157c82d66 to datanode:c922d5df-3bd1-4669-b221-1ae7b105f951
2020-06-15 15:40:19,548 [RatisPipelineUtilsThread] INFO  pipeline.PipelineStateManager (PipelineStateManager.java:addPipeline(54)) - Created pipeline Pipeline[ Id: 6fe9f424-25dd-405d-8fb1-997157c82d66, Nodes: c922d5df-3bd1-4669-b221-1ae7b105f951{ip: 172.17.0.2, host: dd6acf296020, networkLocation: /default-rack, certSerialId: null}, Type:RATIS, Factor:ONE, State:ALLOCATED, leaderId:, CreationTimestamp2020-06-15T15:40:19.547Z]
2020-06-15 15:40:19,550 [RatisPipelineUtilsThread] ERROR pipeline.SCMPipelineManager (SCMPipelineManager.java:createPipeline(222)) - Failed to create pipeline of type RATIS and factor ONE. Exception: Cannot create pipeline of factor 1 using 0 nodes. Used 5 nodes. Healthy nodes 5
2020-06-15 15:40:19,550 [RatisPipelineUtilsThread] ERROR pipeline.SCMPipelineManager (SCMPipelineManager.java:createPipeline(222)) - Failed to create pipeline of type RATIS and factor THREE. Exception: Pipeline creation failed because nodes are engaged in other pipelines and every node can only be engaged in max 2 pipelines. Required 3. Found 2
2020-06-15 15:40:19,634 [IPC Server handler 8 on default port 39149] INFO  net.NetworkTopology (NetworkTopologyImpl.java:add(111)) - Added a new node: /default-rack/24a75401-d909-4cbe-bf6e-d874185015ef
2020-06-15 15:40:19,634 [IPC Server handler 8 on default port 39149] INFO  node.SCMNodeManager (SCMNodeManager.java:register(268)) - Registered Data node : 24a75401-d909-4cbe-bf6e-d874185015ef{ip: 172.17.0.2, host: dd6acf296020, networkLocation: /default-rack, certSerialId: null}
2020-06-15 15:40:19,634 [EventQueue-NodeRegistrationContainerReportForContainerSafeModeRule] INFO  safemode.SCMSafeModeManager (SCMSafeModeManager.java:validateSafeModeExitRules(213)) - ContainerSafeModeRule rule is successfully validated
2020-06-15 15:40:19,635 [EventQueue-NodeRegistrationContainerReportForDataNodeSafeModeRule] INFO  safemode.SCMSafeModeManager (SCMSafeModeManager.java:validateSafeModeExitRules(213)) - DataNodeSafeModeRule rule is successfully validated
2020-06-15 15:40:19,635 [RatisPipelineUtilsThread] INFO  pipeline.RatisPipelineProvider (RatisPipelineProvider.java:lambda$create$0(138)) - Sending CreatePipelineCommand for pipeline:PipelineID=10f5226f-5c96-4596-b893-2ff721b0db4f to datanode:24a75401-d909-4cbe-bf6e-d874185015ef
2020-06-15 15:40:19,636 [RatisPipelineUtilsThread] INFO  pipeline.PipelineStateManager (PipelineStateManager.java:addPipeline(54)) - Created pipeline Pipeline[ Id: 10f5226f-5c96-4596-b893-2ff721b0db4f, Nodes: 24a75401-d909-4cbe-bf6e-d874185015ef{ip: 172.17.0.2, host: dd6acf296020, networkLocation: /default-rack, certSerialId: null}, Type:RATIS, Factor:ONE, State:ALLOCATED, leaderId:, CreationTimestamp2020-06-15T15:40:19.635Z]
2020-06-15 15:40:19,636 [RatisPipelineUtilsThread] ERROR pipeline.SCMPipelineManager (SCMPipelineManager.java:createPipeline(222)) - Failed to create pipeline of type RATIS and factor ONE. Exception: Cannot create pipeline of factor 1 using 0 nodes. Used 6 nodes. Healthy nodes 6
2020-06-15 15:40:19,636 [RatisPipelineUtilsThread] INFO  pipeline.RatisPipelineProvider (RatisPipelineProvider.java:lambda$create$0(138)) - Sending CreatePipelineCommand for pipeline:PipelineID=a92e5d60-6bd7-4a35-8c33-14f7d0e30960 to datanode:24a75401-d909-4cbe-bf6e-d874185015ef
2020-06-15 15:40:19,636 [RatisPipelineUtilsThread] INFO  pipeline.RatisPipelineProvider (RatisPipelineProvider.java:lambda$create$0(138)) - Sending CreatePipelineCommand for pipeline:PipelineID=a92e5d60-6bd7-4a35-8c33-14f7d0e30960 to datanode:c922d5df-3bd1-4669-b221-1ae7b105f951
2020-06-15 15:40:19,637 [RatisPipelineUtilsThread] INFO  pipeline.RatisPipelineProvider (RatisPipelineProvider.java:lambda$create$0(138)) - Sending CreatePipelineCommand for pipeline:PipelineID=a92e5d60-6bd7-4a35-8c33-14f7d0e30960 to datanode:bb2a17c4-da93-471c-baec-5cf2aa5cf94e
2020-06-15 15:40:19,637 [RatisPipelineUtilsThread] INFO  pipeline.PipelineStateManager (PipelineStateManager.java:addPipeline(54)) - Created pipeline Pipeline[ Id: a92e5d60-6bd7-4a35-8c33-14f7d0e30960, Nodes: 24a75401-d909-4cbe-bf6e-d874185015ef{ip: 172.17.0.2, host: dd6acf296020, networkLocation: /default-rack, certSerialId: null}c922d5df-3bd1-4669-b221-1ae7b105f951{ip: 172.17.0.2, host: dd6acf296020, networkLocation: /default-rack, certSerialId: null}bb2a17c4-da93-471c-baec-5cf2aa5cf94e{ip: 172.17.0.2, host: dd6acf296020, networkLocation: /default-rack, certSerialId: null}, Type:RATIS, Factor:THREE, State:ALLOCATED, leaderId:, CreationTimestamp2020-06-15T15:40:19.636Z]
2020-06-15 15:40:19,637 [RatisPipelineUtilsThread] ERROR pipeline.SCMPipelineManager (SCMPipelineManager.java:createPipeline(222)) - Failed to create pipeline of type RATIS and factor THREE. Exception: Pipeline creation failed because nodes are engaged in other pipelines and every node can only be engaged in max 2 pipelines. Required 3. Found 0
2020-06-15 15:40:19,706 [IPC Server handler 16 on default port 39149] INFO  net.NetworkTopology (NetworkTopologyImpl.java:add(111)) - Added a new node: /default-rack/f695cbb9-a461-4428-8d13-756fae3d1d34
2020-06-15 15:40:19,707 [IPC Server handler 16 on default port 39149] INFO  node.SCMNodeManager (SCMNodeManager.java:register(268)) - Registered Data node : f695cbb9-a461-4428-8d13-756fae3d1d34{ip: 172.17.0.2, host: dd6acf296020, networkLocation: /default-rack, certSerialId: null}
2020-06-15 15:40:19,707 [RatisPipelineUtilsThread] INFO  pipeline.RatisPipelineProvider (RatisPipelineProvider.java:lambda$create$0(138)) - Sending CreatePipelineCommand for pipeline:PipelineID=9a321a2b-0523-44f6-90f1-cd3007eaee61 to datanode:f695cbb9-a461-4428-8d13-756fae3d1d34
2020-06-15 15:40:19,707 [EventQueue-NodeRegistrationContainerReportForContainerSafeModeRule] INFO  safemode.SCMSafeModeManager (SCMSafeModeManager.java:validateSafeModeExitRules(213)) - ContainerSafeModeRule rule is successfully validated
2020-06-15 15:40:19,707 [EventQueue-NodeRegistrationContainerReportForDataNodeSafeModeRule] INFO  safemode.SCMSafeModeManager (SCMSafeModeManager.java:validateSafeModeExitRules(213)) - DataNodeSafeModeRule rule is successfully validated
2020-06-15 15:40:19,708 [RatisPipelineUtilsThread] INFO  pipeline.PipelineStateManager (PipelineStateManager.java:addPipeline(54)) - Created pipeline Pipeline[ Id: 9a321a2b-0523-44f6-90f1-cd3007eaee61, Nodes: f695cbb9-a461-4428-8d13-756fae3d1d34{ip: 172.17.0.2, host: dd6acf296020, networkLocation: /default-rack, certSerialId: null}, Type:RATIS, Factor:ONE, State:ALLOCATED, leaderId:, CreationTimestamp2020-06-15T15:40:19.707Z]
2020-06-15 15:40:19,709 [RatisPipelineUtilsThread] ERROR pipeline.SCMPipelineManager (SCMPipelineManager.java:createPipeline(222)) - Failed to create pipeline of type RATIS and factor ONE. Exception: Cannot create pipeline of factor 1 using 0 nodes. Used 7 nodes. Healthy nodes 7
2020-06-15 15:40:19,709 [RatisPipelineUtilsThread] ERROR pipeline.SCMPipelineManager (SCMPipelineManager.java:createPipeline(222)) - Failed to create pipeline of type RATIS and factor THREE. Exception: Pipeline creation failed because nodes are engaged in other pipelines and every node can only be engaged in max 2 pipelines. Required 3. Found 1
2020-06-15 15:40:19,793 [IPC Server handler 0 on default port 39149] INFO  net.NetworkTopology (NetworkTopologyImpl.java:add(111)) - Added a new node: /default-rack/76787e2a-cdc9-4e9e-a68d-44f13553fe3c
2020-06-15 15:40:19,793 [IPC Server handler 0 on default port 39149] INFO  node.SCMNodeManager (SCMNodeManager.java:register(268)) - Registered Data node : 76787e2a-cdc9-4e9e-a68d-44f13553fe3c{ip: 172.17.0.2, host: dd6acf296020, networkLocation: /default-rack, certSerialId: null}
2020-06-15 15:40:19,793 [EventQueue-NodeRegistrationContainerReportForDataNodeSafeModeRule] INFO  safemode.SCMSafeModeManager (SCMSafeModeManager.java:validateSafeModeExitRules(213)) - DataNodeSafeModeRule rule is successfully validated
2020-06-15 15:40:19,793 [EventQueue-NodeRegistrationContainerReportForContainerSafeModeRule] INFO  safemode.SCMSafeModeManager (SCMSafeModeManager.java:validateSafeModeExitRules(213)) - ContainerSafeModeRule rule is successfully validated
2020-06-15 15:40:19,794 [RatisPipelineUtilsThread] INFO  pipeline.RatisPipelineProvider (RatisPipelineProvider.java:lambda$create$0(138)) - Sending CreatePipelineCommand for pipeline:PipelineID=160074c6-40d8-41e8-8c44-24b47a675f60 to datanode:76787e2a-cdc9-4e9e-a68d-44f13553fe3c
2020-06-15 15:40:19,794 [RatisPipelineUtilsThread] INFO  pipeline.PipelineStateManager (PipelineStateManager.java:addPipeline(54)) - Created pipeline Pipeline[ Id: 160074c6-40d8-41e8-8c44-24b47a675f60, Nodes: 76787e2a-cdc9-4e9e-a68d-44f13553fe3c{ip: 172.17.0.2, host: dd6acf296020, networkLocation: /default-rack, certSerialId: null}, Type:RATIS, Factor:ONE, State:ALLOCATED, leaderId:, CreationTimestamp2020-06-15T15:40:19.794Z]
2020-06-15 15:40:19,795 [RatisPipelineUtilsThread] ERROR pipeline.SCMPipelineManager (SCMPipelineManager.java:createPipeline(222)) - Failed to create pipeline of type RATIS and factor ONE. Exception: Cannot create pipeline of factor 1 using 0 nodes. Used 8 nodes. Healthy nodes 8
2020-06-15 15:40:19,795 [RatisPipelineUtilsThread] ERROR pipeline.SCMPipelineManager (SCMPipelineManager.java:createPipeline(222)) - Failed to create pipeline of type RATIS and factor THREE. Exception: Pipeline creation failed because nodes are engaged in other pipelines and every node can only be engaged in max 2 pipelines. Required 3. Found 2
2020-06-15 15:40:19,863 [IPC Server handler 2 on default port 39149] INFO  net.NetworkTopology (NetworkTopologyImpl.java:add(111)) - Added a new node: /default-rack/1555e715-5c6c-4e2d-b7e6-f10fa5f487d3
2020-06-15 15:40:19,863 [IPC Server handler 2 on default port 39149] INFO  node.SCMNodeManager (SCMNodeManager.java:register(268)) - Registered Data node : 1555e715-5c6c-4e2d-b7e6-f10fa5f487d3{ip: 172.17.0.2, host: dd6acf296020, networkLocation: /default-rack, certSerialId: null}
2020-06-15 15:40:19,863 [EventQueue-NodeRegistrationContainerReportForContainerSafeModeRule] INFO  safemode.SCMSafeModeManager (SCMSafeModeManager.java:validateSafeModeExitRules(213)) - ContainerSafeModeRule rule is successfully validated
2020-06-15 15:40:19,863 [EventQueue-NodeRegistrationContainerReportForDataNodeSafeModeRule] INFO  safemode.SCMSafeModeManager (SCMSafeModeManager.java:validateSafeModeExitRules(213)) - DataNodeSafeModeRule rule is successfully validated
2020-06-15 15:40:19,864 [RatisPipelineUtilsThread] INFO  pipeline.RatisPipelineProvider (RatisPipelineProvider.java:lambda$create$0(138)) - Sending CreatePipelineCommand for pipeline:PipelineID=2424e855-3fe0-4dd4-b4cb-705ea30dd5a8 to datanode:1555e715-5c6c-4e2d-b7e6-f10fa5f487d3
2020-06-15 15:40:19,868 [RatisPipelineUtilsThread] INFO  pipeline.PipelineStateManager (PipelineStateManager.java:addPipeline(54)) - Created pipeline Pipeline[ Id: 2424e855-3fe0-4dd4-b4cb-705ea30dd5a8, Nodes: 1555e715-5c6c-4e2d-b7e6-f10fa5f487d3{ip: 172.17.0.2, host: dd6acf296020, networkLocation: /default-rack, certSerialId: null}, Type:RATIS, Factor:ONE, State:ALLOCATED, leaderId:, CreationTimestamp2020-06-15T15:40:19.864Z]
2020-06-15 15:40:19,870 [RatisPipelineUtilsThread] ERROR pipeline.SCMPipelineManager (SCMPipelineManager.java:createPipeline(222)) - Failed to create pipeline of type RATIS and factor ONE. Exception: Cannot create pipeline of factor 1 using 0 nodes. Used 9 nodes. Healthy nodes 9
2020-06-15 15:40:19,871 [RatisPipelineUtilsThread] INFO  pipeline.RatisPipelineProvider (RatisPipelineProvider.java:lambda$create$0(138)) - Sending CreatePipelineCommand for pipeline:PipelineID=7efe5cd7-55cc-4aa9-9f53-45c8ae79fb34 to datanode:f695cbb9-a461-4428-8d13-756fae3d1d34
2020-06-15 15:40:19,871 [RatisPipelineUtilsThread] INFO  pipeline.RatisPipelineProvider (RatisPipelineProvider.java:lambda$create$0(138)) - Sending CreatePipelineCommand for pipeline:PipelineID=7efe5cd7-55cc-4aa9-9f53-45c8ae79fb34 to datanode:76787e2a-cdc9-4e9e-a68d-44f13553fe3c
2020-06-15 15:40:19,871 [RatisPipelineUtilsThread] INFO  pipeline.RatisPipelineProvider (RatisPipelineProvider.java:lambda$create$0(138)) - Sending CreatePipelineCommand for pipeline:PipelineID=7efe5cd7-55cc-4aa9-9f53-45c8ae79fb34 to datanode:1555e715-5c6c-4e2d-b7e6-f10fa5f487d3
2020-06-15 15:40:19,871 [RatisPipelineUtilsThread] INFO  pipeline.PipelineStateManager (PipelineStateManager.java:addPipeline(54)) - Created pipeline Pipeline[ Id: 7efe5cd7-55cc-4aa9-9f53-45c8ae79fb34, Nodes: f695cbb9-a461-4428-8d13-756fae3d1d34{ip: 172.17.0.2, host: dd6acf296020, networkLocation: /default-rack, certSerialId: null}76787e2a-cdc9-4e9e-a68d-44f13553fe3c{ip: 172.17.0.2, host: dd6acf296020, networkLocation: /default-rack, certSerialId: null}1555e715-5c6c-4e2d-b7e6-f10fa5f487d3{ip: 172.17.0.2, host: dd6acf296020, networkLocation: /default-rack, certSerialId: null}, Type:RATIS, Factor:THREE, State:ALLOCATED, leaderId:, CreationTimestamp2020-06-15T15:40:19.871Z]
2020-06-15 15:40:19,872 [RatisPipelineUtilsThread] ERROR pipeline.SCMPipelineManager (SCMPipelineManager.java:createPipeline(222)) - Failed to create pipeline of type RATIS and factor THREE. Exception: Pipeline creation failed because nodes are engaged in other pipelines and every node can only be engaged in max 2 pipelines. Required 3. Found 0
2020-06-15 15:40:19,920 [Listener at 127.0.0.1/33397] INFO  ozone.MiniOzoneClusterImpl (MiniOzoneClusterImpl.java:lambda$waitForClusterToBeReady$0(177)) - Waiting for nodes to be ready. Got 9 of 10 DN Heartbeats.
2020-06-15 15:40:19,921 [Listener at 127.0.0.1/33397] INFO  ozone.MiniOzoneClusterImpl (MiniOzoneClusterImpl.java:lambda$waitForClusterToBeReady$0(180)) - Waiting for cluster to exit safe mode
2020-06-15 15:40:19,927 [IPC Server handler 3 on default port 39149] INFO  net.NetworkTopology (NetworkTopologyImpl.java:add(111)) - Added a new node: /default-rack/faf68df0-9b28-4036-b0dc-8f3f61b959cf
2020-06-15 15:40:19,927 [IPC Server handler 3 on default port 39149] INFO  node.SCMNodeManager (SCMNodeManager.java:register(268)) - Registered Data node : faf68df0-9b28-4036-b0dc-8f3f61b959cf{ip: 172.17.0.2, host: dd6acf296020, networkLocation: /default-rack, certSerialId: null}
2020-06-15 15:40:19,927 [RatisPipelineUtilsThread] INFO  pipeline.RatisPipelineProvider (RatisPipelineProvider.java:lambda$create$0(138)) - Sending CreatePipelineCommand for pipeline:PipelineID=23f55de5-b146-436f-8cfd-a592aa5858ef to datanode:faf68df0-9b28-4036-b0dc-8f3f61b959cf
2020-06-15 15:40:19,928 [RatisPipelineUtilsThread] INFO  pipeline.PipelineStateManager (PipelineStateManager.java:addPipeline(54)) - Created pipeline Pipeline[ Id: 23f55de5-b146-436f-8cfd-a592aa5858ef, Nodes: faf68df0-9b28-4036-b0dc-8f3f61b959cf{ip: 172.17.0.2, host: dd6acf296020, networkLocation: /default-rack, certSerialId: null}, Type:RATIS, Factor:ONE, State:ALLOCATED, leaderId:, CreationTimestamp2020-06-15T15:40:19.927Z]
2020-06-15 15:40:19,928 [EventQueue-NodeRegistrationContainerReportForContainerSafeModeRule] INFO  safemode.SCMSafeModeManager (SCMSafeModeManager.java:validateSafeModeExitRules(213)) - ContainerSafeModeRule rule is successfully validated
2020-06-15 15:40:19,928 [EventQueue-NodeRegistrationContainerReportForDataNodeSafeModeRule] INFO  safemode.SCMSafeModeManager (SCMSafeModeManager.java:validateSafeModeExitRules(213)) - DataNodeSafeModeRule rule is successfully validated
2020-06-15 15:40:19,929 [RatisPipelineUtilsThread] ERROR pipeline.SCMPipelineManager (SCMPipelineManager.java:createPipeline(222)) - Failed to create pipeline of type RATIS and factor ONE. Exception: Cannot create pipeline of factor 1 using 0 nodes. Used 10 nodes. Healthy nodes 10
2020-06-15 15:40:19,929 [RatisPipelineUtilsThread] ERROR pipeline.SCMPipelineManager (SCMPipelineManager.java:createPipeline(222)) - Failed to create pipeline of type RATIS and factor THREE. Exception: Pipeline creation failed because nodes are engaged in other pipelines and every node can only be engaged in max 2 pipelines. Required 3. Found 1
2020-06-15 15:40:20,921 [Listener at 127.0.0.1/33397] INFO  ozone.MiniOzoneClusterImpl (MiniOzoneClusterImpl.java:lambda$waitForClusterToBeReady$0(177)) - Nodes are ready. Got 10 of 10 DN Heartbeats.
2020-06-15 15:40:20,921 [Listener at 127.0.0.1/33397] INFO  ozone.MiniOzoneClusterImpl (MiniOzoneClusterImpl.java:lambda$waitForClusterToBeReady$0(180)) - Waiting for cluster to exit safe mode
2020-06-15 15:40:21,905 [Command processor thread] INFO  impl.RaftServerProxy (RaftServerProxy.java:addNew(89)) - c912bb49-c5b6-43bc-8d73-0672ac2b0169: addNew group-66EA40194D3D:[c912bb49-c5b6-43bc-8d73-0672ac2b0169:172.17.0.2:44503] returns group-66EA40194D3D:java.util.concurrent.CompletableFuture@1b510ffb[Not completed]
2020-06-15 15:40:21,921 [Listener at 127.0.0.1/33397] INFO  ozone.MiniOzoneClusterImpl (MiniOzoneClusterImpl.java:lambda$waitForClusterToBeReady$0(177)) - Nodes are ready. Got 10 of 10 DN Heartbeats.
2020-06-15 15:40:21,922 [Listener at 127.0.0.1/33397] INFO  ozone.MiniOzoneClusterImpl (MiniOzoneClusterImpl.java:lambda$waitForClusterToBeReady$0(180)) - Waiting for cluster to exit safe mode
2020-06-15 15:40:21,941 [pool-35-thread-1] INFO  impl.RaftServerImpl (RaftServerImpl.java:<init>(99)) - c912bb49-c5b6-43bc-8d73-0672ac2b0169: new RaftServerImpl for group-66EA40194D3D:[c912bb49-c5b6-43bc-8d73-0672ac2b0169:172.17.0.2:44503] with ContainerStateMachine:uninitialized
2020-06-15 15:40:21,945 [pool-35-thread-1] INFO  server.RaftServerConfigKeys (ConfUtils.java:logGet(44)) - raft.server.rpc.timeout.min = 1s (custom)
2020-06-15 15:40:21,946 [pool-35-thread-1] INFO  server.RaftServerConfigKeys (ConfUtils.java:logGet(44)) - raft.server.rpc.timeout.max = 1200ms (custom)
2020-06-15 15:40:21,946 [pool-35-thread-1] INFO  server.RaftServerConfigKeys (ConfUtils.java:logGet(44)) - raft.server.rpcslowness.timeout = 300s (custom)
2020-06-15 15:40:21,946 [pool-35-thread-1] INFO  server.RaftServerConfigKeys (ConfUtils.java:logGet(44)) - raft.server.sleep.deviation.threshold = 300 (default)
2020-06-15 15:40:21,947 [pool-35-thread-1] INFO  server.RaftServerConfigKeys (ConfUtils.java:logGet(44)) - raft.server.log.appender.install.snapshot.enabled = false (custom)
2020-06-15 15:40:21,953 [pool-35-thread-1] INFO  impl.RaftServerImpl (ServerState.java:<init>(103)) - c912bb49-c5b6-43bc-8d73-0672ac2b0169@group-66EA40194D3D: ConfigurationManager, init=-1: [c912bb49-c5b6-43bc-8d73-0672ac2b0169:172.17.0.2:44503], old=null, confs=<EMPTY_MAP>
2020-06-15 15:40:21,953 [pool-35-thread-1] INFO  server.RaftServerConfigKeys (ConfUtils.java:logGet(44)) - raft.server.storage.dir = [/github/workspace/mnt/ozone/hadoop-ozone/integration-test/target/test-dir/MiniOzoneClusterImpl-821e280a-19ea-4536-9ce4-db87e8de49a0/datanode-0/data/ratis] (custom)
2020-06-15 15:40:21,961 [pool-35-thread-1] INFO  server.RaftServerConfigKeys (ConfUtils.java:logGet(44)) - raft.server.log.corruption.policy = EXCEPTION (default)
2020-06-15 15:40:21,962 [pool-35-thread-1] INFO  storage.RaftStorageDirectory (RaftStorageDirectory.java:analyzeStorage(261)) - The storage directory /github/workspace/mnt/ozone/hadoop-ozone/integration-test/target/test-dir/MiniOzoneClusterImpl-821e280a-19ea-4536-9ce4-db87e8de49a0/datanode-0/data/ratis/18995729-6387-458e-93cf-66ea40194d3d does not exist. Creating ...
2020-06-15 15:40:21,974 [pool-35-thread-1] INFO  storage.RaftStorageDirectory (RaftStorageDirectory.java:tryLock(343)) - Lock on /github/workspace/mnt/ozone/hadoop-ozone/integration-test/target/test-dir/MiniOzoneClusterImpl-821e280a-19ea-4536-9ce4-db87e8de49a0/datanode-0/data/ratis/18995729-6387-458e-93cf-66ea40194d3d/in_use.lock acquired by nodename 29548@dd6acf296020
2020-06-15 15:40:21,977 [pool-35-thread-1] INFO  storage.RaftStorage (RaftStorage.java:format(84)) - Storage directory /github/workspace/mnt/ozone/hadoop-ozone/integration-test/target/test-dir/MiniOzoneClusterImpl-821e280a-19ea-4536-9ce4-db87e8de49a0/datanode-0/data/ratis/18995729-6387-458e-93cf-66ea40194d3d has been successfully formatted.
2020-06-15 15:40:21,992 [pool-35-thread-1] INFO  ratis.ContainerStateMachine (ContainerStateMachine.java:loadSnapshot(226)) - group-66EA40194D3D: The snapshot info is null. Setting the last applied indexto:(t:0, i:~)
2020-06-15 15:40:21,992 [pool-35-thread-1] INFO  server.RaftServerConfigKeys (ConfUtils.java:logGet(44)) - raft.server.notification.no-leader.timeout = 60s (default)
2020-06-15 15:40:21,994 [pool-35-thread-1] INFO  server.RaftServerConfigKeys (ConfUtils.java:logGet(44)) - raft.server.log.use.memory = false (default)
2020-06-15 15:40:22,003 [pool-35-thread-1] INFO  server.RaftServerConfigKeys (ConfUtils.java:logGet(44)) - raft.server.log.purge.gap = 1000000 (custom)
2020-06-15 15:40:22,004 [pool-35-thread-1] INFO  server.RaftServerConfigKeys (ConfUtils.java:logGet(44)) - raft.server.log.appender.buffer.byte-limit = 33554432 (custom)
2020-06-15 15:40:22,006 [pool-35-thread-1] INFO  server.RaftServerConfigKeys (ConfUtils.java:logGet(44)) - raft.server.log.segment.size.max = 1048576 (custom)
2020-06-15 15:40:22,010 [EventQueue-PipelineReportForPipelineReportHandler] INFO  pipeline.PipelineStateManager (PipelineStateManager.java:openPipeline(131)) - Pipeline Pipeline[ Id: 18995729-6387-458e-93cf-66ea40194d3d, Nodes: c912bb49-c5b6-43bc-8d73-0672ac2b0169{ip: 172.17.0.2, host: dd6acf296020, networkLocation: /default-rack, certSerialId: null}, Type:RATIS, Factor:ONE, State:ALLOCATED, leaderId:c912bb49-c5b6-43bc-8d73-0672ac2b0169, CreationTimestamp2020-06-15T15:40:18.959Z] moved to OPEN state
2020-06-15 15:40:22,016 [pool-35-thread-1] INFO  metrics.RatisMetrics (RatisMetrics.java:lambda$create$0(36)) - Creating Metrics Registry : ratis.log_worker.c912bb49-c5b6-43bc-8d73-0672ac2b0169@group-66EA40194D3D
2020-06-15 15:40:22,025 [EventQueue-OpenPipelineForOneReplicaPipelineSafeModeRule] INFO  safemode.SCMSafeModeManager (SCMSafeModeManager.java:validateSafeModeExitRules(213)) - AtleastOneDatanodeReportedRule rule is successfully validated
2020-06-15 15:40:22,029 [pool-35-thread-1] INFO  server.RaftServerConfigKeys (ConfUtils.java:logGet(44)) - raft.server.log.segment.cache.num.max = 2 (custom)
2020-06-15 15:40:22,034 [EventQueue-OpenPipelineForHealthyPipelineSafeModeRule] INFO  safemode.SCMSafeModeManager (HealthyPipelineSafeModeRule.java:process(132)) - SCM in safe mode. Healthy pipelines reported count is 0, required healthy pipeline reported count is 1
2020-06-15 15:40:22,040 [pool-35-thread-1] INFO  segmented.SegmentedRaftLogWorker (SegmentedRaftLogWorker.java:<init>(180)) - new c912bb49-c5b6-43bc-8d73-0672ac2b0169@group-66EA40194D3D-SegmentedRaftLogWorker for RaftStorage:Storage Directory /github/workspace/mnt/ozone/hadoop-ozone/integration-test/target/test-dir/MiniOzoneClusterImpl-821e280a-19ea-4536-9ce4-db87e8de49a0/datanode-0/data/ratis/18995729-6387-458e-93cf-66ea40194d3d
2020-06-15 15:40:22,042 [pool-35-thread-1] INFO  server.RaftServerConfigKeys (ConfUtils.java:logGet(44)) - raft.server.log.queue.byte-limit = 2147483647 (custom)
2020-06-15 15:40:22,042 [pool-35-thread-1] INFO  server.RaftServerConfigKeys (ConfUtils.java:logGet(44)) - raft.server.log.queue.element-limit = 1024 (custom)
2020-06-15 15:40:22,046 [pool-35-thread-1] INFO  server.RaftServerConfigKeys (ConfUtils.java:logGet(44)) - raft.server.log.segment.size.max = 1048576 (custom)
2020-06-15 15:40:22,046 [pool-35-thread-1] INFO  server.RaftServerConfigKeys (ConfUtils.java:logGet(44)) - raft.server.log.preallocated.size = 16384 (custom)
2020-06-15 15:40:22,047 [pool-35-thread-1] INFO  server.RaftServerConfigKeys (ConfUtils.java:logGet(44)) - raft.server.log.write.buffer.size = 1048576 (custom)
2020-06-15 15:40:22,048 [pool-35-thread-1] INFO  server.RaftServerConfigKeys (ConfUtils.java:logGet(44)) - raft.server.log.force.sync.num = 128 (default)
2020-06-15 15:40:22,049 [pool-35-thread-1] INFO  server.RaftServerConfigKeys (ConfUtils.java:logGet(44)) - raft.server.log.statemachine.data.sync = true (default)
2020-06-15 15:40:22,049 [pool-35-thread-1] INFO  server.RaftServerConfigKeys (ConfUtils.java:logGet(44)) - raft.server.log.statemachine.data.sync.timeout = 10s (default)
2020-06-15 15:40:22,050 [pool-35-thread-1] INFO  server.RaftServerConfigKeys (ConfUtils.java:logGet(44)) - raft.server.log.statemachine.data.sync.timeout.retry = -1 (default)
2020-06-15 15:40:22,070 [pool-35-thread-1] INFO  server.RaftServerConfigKeys (ConfUtils.java:logGet(44)) - raft.server.log.statemachine.data.caching.enabled = true (custom)
2020-06-15 15:40:22,082 [pool-35-thread-1] INFO  segmented.SegmentedRaftLogWorker (SegmentedRaftLogWorker.java:lambda$new$0(129)) - c912bb49-c5b6-43bc-8d73-0672ac2b0169@group-66EA40194D3D-SegmentedRaftLogWorker: flushIndex: setUnconditionally 0 -> -1
2020-06-15 15:40:22,082 [pool-35-thread-1] INFO  segmented.SegmentedRaftLogWorker (SegmentedRaftLogWorker.java:lambda$new$0(129)) - c912bb49-c5b6-43bc-8d73-0672ac2b0169@group-66EA40194D3D-SegmentedRaftLogWorker: safeCacheEvictIndex: setUnconditionally 0 -> -1
2020-06-15 15:40:22,088 [pool-35-thread-1] INFO  server.RaftServerConfigKeys (ConfUtils.java:logGet(44)) - raft.server.snapshot.auto.trigger.enabled = true (custom)
2020-06-15 15:40:22,090 [pool-35-thread-1] INFO  server.RaftServerConfigKeys (ConfUtils.java:logGet(44)) - raft.server.snapshot.auto.trigger.threshold = 10000 (custom)
2020-06-15 15:40:22,090 [pool-35-thread-1] INFO  server.RaftServerConfigKeys (ConfUtils.java:logGet(44)) - raft.server.snapshot.retention.file.num = 5 (custom)
2020-06-15 15:40:22,091 [pool-35-thread-1] INFO  server.RaftServerConfigKeys (ConfUtils.java:logGet(44)) - raft.server.log.purge.upto.snapshot.index = false (default)
2020-06-15 15:40:22,091 [pool-35-thread-1] INFO  server.RaftServerConfigKeys (ConfUtils.java:logGet(44)) - raft.server.retrycache.expirytime = 600000ms (custom)
2020-06-15 15:40:22,116 [pool-35-thread-1] INFO  metrics.RatisMetrics (RatisMetrics.java:lambda$create$0(36)) - Creating Metrics Registry : ratis.leader_election.c912bb49-c5b6-43bc-8d73-0672ac2b0169@group-66EA40194D3D
2020-06-15 15:40:22,125 [pool-35-thread-1] INFO  metrics.RatisMetrics (RatisMetrics.java:lambda$create$0(36)) - Creating Metrics Registry : ratis.server.c912bb49-c5b6-43bc-8d73-0672ac2b0169@group-66EA40194D3D
2020-06-15 15:40:22,140 [Command processor thread] INFO  impl.RaftServerProxy (RaftServerProxy.java:addNew(89)) - 9e264cd7-89cf-4adc-86a4-e73cb5c9846a: addNew group-D992D708DA20:[9e264cd7-89cf-4adc-86a4-e73cb5c9846a:172.17.0.2:46793] returns group-D992D708DA20:java.util.concurrent.CompletableFuture@e9b0202[Not completed]
2020-06-15 15:40:22,150 [pool-35-thread-1] INFO  impl.RaftServerImpl (RaftServerImpl.java:start(186)) - c912bb49-c5b6-43bc-8d73-0672ac2b0169@group-66EA40194D3D: start as a follower, conf=-1: [c912bb49-c5b6-43bc-8d73-0672ac2b0169:172.17.0.2:44503], old=null
2020-06-15 15:40:22,152 [pool-35-thread-1] INFO  impl.RaftServerImpl (RaftServerImpl.java:setRole(175)) - c912bb49-c5b6-43bc-8d73-0672ac2b0169@group-66EA40194D3D: changes role from      null to FOLLOWER at term 0 for startAsFollower
2020-06-15 15:40:22,154 [pool-35-thread-1] INFO  impl.RoleInfo (RoleInfo.java:updateAndGet(143)) - c912bb49-c5b6-43bc-8d73-0672ac2b0169: start FollowerState
2020-06-15 15:40:22,155 [pool-35-thread-1] INFO  util.JmxRegister (JmxRegister.java:tryRegister(44)) - Successfully registered JMX Bean with object name Ratis:service=RaftServer,group=group-66EA40194D3D,id=c912bb49-c5b6-43bc-8d73-0672ac2b0169
2020-06-15 15:40:22,163 [pool-35-thread-1] INFO  metrics.RatisMetrics (RatisMetrics.java:lambda$create$0(36)) - Creating Metrics Registry : ratis.state_machine.c912bb49-c5b6-43bc-8d73-0672ac2b0169@group-66EA40194D3D
2020-06-15 15:40:22,163 [pool-51-thread-1] INFO  impl.RaftServerImpl (RaftServerImpl.java:<init>(99)) - 9e264cd7-89cf-4adc-86a4-e73cb5c9846a: new RaftServerImpl for group-D992D708DA20:[9e264cd7-89cf-4adc-86a4-e73cb5c9846a:172.17.0.2:46793] with ContainerStateMachine:uninitialized
2020-06-15 15:40:22,168 [pool-51-thread-1] INFO  server.RaftServerConfigKeys (ConfUtils.java:logGet(44)) - raft.server.rpc.timeout.min = 1s (custom)
2020-06-15 15:40:22,168 [pool-51-thread-1] INFO  server.RaftServerConfigKeys (ConfUtils.java:logGet(44)) - raft.server.rpc.timeout.max = 1200ms (custom)
2020-06-15 15:40:22,168 [pool-51-thread-1] INFO  server.RaftServerConfigKeys (ConfUtils.java:logGet(44)) - raft.server.rpcslowness.timeout = 300s (custom)
2020-06-15 15:40:22,168 [pool-51-thread-1] INFO  server.RaftServerConfigKeys (ConfUtils.java:logGet(44)) - raft.server.sleep.deviation.threshold = 300 (default)
2020-06-15 15:40:22,169 [pool-51-thread-1] INFO  server.RaftServerConfigKeys (ConfUtils.java:logGet(44)) - raft.server.log.appender.install.snapshot.enabled = false (custom)
2020-06-15 15:40:22,169 [pool-51-thread-1] INFO  impl.RaftServerImpl (ServerState.java:<init>(103)) - 9e264cd7-89cf-4adc-86a4-e73cb5c9846a@group-D992D708DA20: ConfigurationManager, init=-1: [9e264cd7-89cf-4adc-86a4-e73cb5c9846a:172.17.0.2:46793], old=null, confs=<EMPTY_MAP>
2020-06-15 15:40:22,169 [pool-51-thread-1] INFO  server.RaftServerConfigKeys (ConfUtils.java:logGet(44)) - raft.server.storage.dir = [/github/workspace/mnt/ozone/hadoop-ozone/integration-test/target/test-dir/MiniOzoneClusterImpl-821e280a-19ea-4536-9ce4-db87e8de49a0/datanode-1/data/ratis] (custom)
2020-06-15 15:40:22,169 [pool-51-thread-1] INFO  server.RaftServerConfigKeys (ConfUtils.java:logGet(44)) - raft.server.log.corruption.policy = EXCEPTION (default)
2020-06-15 15:40:22,169 [pool-51-thread-1] INFO  storage.RaftStorageDirectory (RaftStorageDirectory.java:analyzeStorage(261)) - The storage directory /github/workspace/mnt/ozone/hadoop-ozone/integration-test/target/test-dir/MiniOzoneClusterImpl-821e280a-19ea-4536-9ce4-db87e8de49a0/datanode-1/data/ratis/93e13e3d-b88a-4c17-9f35-d992d708da20 does not exist. Creating ...
2020-06-15 15:40:22,177 [pool-51-thread-1] INFO  storage.RaftStorageDirectory (RaftStorageDirectory.java:tryLock(343)) - Lock on /github/workspace/mnt/ozone/hadoop-ozone/integration-test/target/test-dir/MiniOzoneClusterImpl-821e280a-19ea-4536-9ce4-db87e8de49a0/datanode-1/data/ratis/93e13e3d-b88a-4c17-9f35-d992d708da20/in_use.lock acquired by nodename 29548@dd6acf296020
2020-06-15 15:40:22,178 [pool-51-thread-1] INFO  storage.RaftStorage (RaftStorage.java:format(84)) - Storage directory /github/workspace/mnt/ozone/hadoop-ozone/integration-test/target/test-dir/MiniOzoneClusterImpl-821e280a-19ea-4536-9ce4-db87e8de49a0/datanode-1/data/ratis/93e13e3d-b88a-4c17-9f35-d992d708da20 has been successfully formatted.
2020-06-15 15:40:22,180 [pool-51-thread-1] INFO  ratis.ContainerStateMachine (ContainerStateMachine.java:loadSnapshot(226)) - group-D992D708DA20: The snapshot info is null. Setting the last applied indexto:(t:0, i:~)
2020-06-15 15:40:22,180 [pool-51-thread-1] INFO  server.RaftServerConfigKeys (ConfUtils.java:logGet(44)) - raft.server.notification.no-leader.timeout = 60s (default)
2020-06-15 15:40:22,180 [pool-51-thread-1] INFO  server.RaftServerConfigKeys (ConfUtils.java:logGet(44)) - raft.server.log.use.memory = false (default)
2020-06-15 15:40:22,180 [pool-51-thread-1] INFO  server.RaftServerConfigKeys (ConfUtils.java:logGet(44)) - raft.server.log.purge.gap = 1000000 (custom)
2020-06-15 15:40:22,180 [pool-51-thread-1] INFO  server.RaftServerConfigKeys (ConfUtils.java:logGet(44)) - raft.server.log.appender.buffer.byte-limit = 33554432 (custom)
2020-06-15 15:40:22,180 [pool-51-thread-1] INFO  server.RaftServerConfigKeys (ConfUtils.java:logGet(44)) - raft.server.log.segment.size.max = 1048576 (custom)
2020-06-15 15:40:22,181 [pool-51-thread-1] INFO  metrics.RatisMetrics (RatisMetrics.java:lambda$create$0(36)) - Creating Metrics Registry : ratis.log_worker.9e264cd7-89cf-4adc-86a4-e73cb5c9846a@group-D992D708DA20
2020-06-15 15:40:22,181 [pool-51-thread-1] INFO  server.RaftServerConfigKeys (ConfUtils.java:logGet(44)) - raft.server.log.segment.cache.num.max = 2 (custom)
2020-06-15 15:40:22,182 [EventQueue-PipelineReportForPipelineReportHandler] INFO  pipeline.PipelineStateManager (PipelineStateManager.java:openPipeline(131)) - Pipeline Pipeline[ Id: 93e13e3d-b88a-4c17-9f35-d992d708da20, Nodes: 9e264cd7-89cf-4adc-86a4-e73cb5c9846a{ip: 172.17.0.2, host: dd6acf296020, networkLocation: /default-rack, certSerialId: null}, Type:RATIS, Factor:ONE, State:ALLOCATED, leaderId:9e264cd7-89cf-4adc-86a4-e73cb5c9846a, CreationTimestamp2020-06-15T15:40:19.141Z] moved to OPEN state
2020-06-15 15:40:22,182 [EventQueue-OpenPipelineForOneReplicaPipelineSafeModeRule] INFO  safemode.SCMSafeModeManager (SCMSafeModeManager.java:validateSafeModeExitRules(213)) - AtleastOneDatanodeReportedRule rule is successfully validated
2020-06-15 15:40:22,183 [EventQueue-OpenPipelineForHealthyPipelineSafeModeRule] INFO  safemode.SCMSafeModeManager (HealthyPipelineSafeModeRule.java:process(132)) - SCM in safe mode. Healthy pipelines reported count is 0, required healthy pipeline reported count is 1
2020-06-15 15:40:22,181 [pool-51-thread-1] INFO  segmented.SegmentedRaftLogWorker (SegmentedRaftLogWorker.java:<init>(180)) - new 9e264cd7-89cf-4adc-86a4-e73cb5c9846a@group-D992D708DA20-SegmentedRaftLogWorker for RaftStorage:Storage Directory /github/workspace/mnt/ozone/hadoop-ozone/integration-test/target/test-dir/MiniOzoneClusterImpl-821e280a-19ea-4536-9ce4-db87e8de49a0/datanode-1/data/ratis/93e13e3d-b88a-4c17-9f35-d992d708da20
2020-06-15 15:40:22,183 [pool-51-thread-1] INFO  server.RaftServerConfigKeys (ConfUtils.java:logGet(44)) - raft.server.log.queue.byte-limit = 2147483647 (custom)
2020-06-15 15:40:22,183 [pool-51-thread-1] INFO  server.RaftServerConfigKeys (ConfUtils.java:logGet(44)) - raft.server.log.queue.element-limit = 1024 (custom)
2020-06-15 15:40:22,183 [pool-51-thread-1] INFO  server.RaftServerConfigKeys (ConfUtils.java:logGet(44)) - raft.server.log.segment.size.max = 1048576 (custom)
2020-06-15 15:40:22,183 [pool-51-thread-1] INFO  server.RaftServerConfigKeys (ConfUtils.java:logGet(44)) - raft.server.log.preallocated.size = 16384 (custom)
2020-06-15 15:40:22,183 [pool-51-thread-1] INFO  server.RaftServerConfigKeys (ConfUtils.java:logGet(44)) - raft.server.log.write.buffer.size = 1048576 (custom)
2020-06-15 15:40:22,184 [pool-51-thread-1] INFO  server.RaftServerConfigKeys (ConfUtils.java:logGet(44)) - raft.server.log.force.sync.num = 128 (default)
2020-06-15 15:40:22,184 [pool-51-thread-1] INFO  server.RaftServerConfigKeys (ConfUtils.java:logGet(44)) - raft.server.log.statemachine.data.sync = true (default)
2020-06-15 15:40:22,184 [pool-51-thread-1] INFO  server.RaftServerConfigKeys (ConfUtils.java:logGet(44)) - raft.server.log.statemachine.data.sync.timeout = 10s (default)
2020-06-15 15:40:22,184 [pool-51-thread-1] INFO  server.RaftServerConfigKeys (ConfUtils.java:logGet(44)) - raft.server.log.statemachine.data.sync.timeout.retry = -1 (default)
2020-06-15 15:40:22,187 [pool-51-thread-1] INFO  server.RaftServerConfigKeys (ConfUtils.java:logGet(44)) - raft.server.log.statemachine.data.caching.enabled = true (custom)
2020-06-15 15:40:22,187 [pool-51-thread-1] INFO  segmented.SegmentedRaftLogWorker (SegmentedRaftLogWorker.java:lambda$new$0(129)) - 9e264cd7-89cf-4adc-86a4-e73cb5c9846a@group-D992D708DA20-SegmentedRaftLogWorker: flushIndex: setUnconditionally 0 -> -1
2020-06-15 15:40:22,187 [pool-51-thread-1] INFO  segmented.SegmentedRaftLogWorker (SegmentedRaftLogWorker.java:lambda$new$0(129)) - 9e264cd7-89cf-4adc-86a4-e73cb5c9846a@group-D992D708DA20-SegmentedRaftLogWorker: safeCacheEvictIndex: setUnconditionally 0 -> -1
2020-06-15 15:40:22,188 [pool-51-thread-1] INFO  server.RaftServerConfigKeys (ConfUtils.java:logGet(44)) - raft.server.snapshot.auto.trigger.enabled = true (custom)
2020-06-15 15:40:22,188 [pool-51-thread-1] INFO  server.RaftServerConfigKeys (ConfUtils.java:logGet(44)) - raft.server.snapshot.auto.trigger.threshold = 10000 (custom)
2020-06-15 15:40:22,188 [pool-51-thread-1] INFO  server.RaftServerConfigKeys (ConfUtils.java:logGet(44)) - raft.server.snapshot.retention.file.num = 5 (custom)
2020-06-15 15:40:22,188 [pool-51-thread-1] INFO  server.RaftServerConfigKeys (ConfUtils.java:logGet(44)) - raft.server.log.purge.upto.snapshot.index = false (default)
2020-06-15 15:40:22,188 [pool-51-thread-1] INFO  server.RaftServerConfigKeys (ConfUtils.java:logGet(44)) - raft.server.retrycache.expirytime = 600000ms (custom)
2020-06-15 15:40:22,188 [pool-51-thread-1] INFO  metrics.RatisMetrics (RatisMetrics.java:lambda$create$0(36)) - Creating Metrics Registry : ratis.leader_election.9e264cd7-89cf-4adc-86a4-e73cb5c9846a@group-D992D708DA20
2020-06-15 15:40:22,189 [pool-51-thread-1] INFO  metrics.RatisMetrics (RatisMetrics.java:lambda$create$0(36)) - Creating Metrics Registry : ratis.server.9e264cd7-89cf-4adc-86a4-e73cb5c9846a@group-D992D708DA20
2020-06-15 15:40:22,191 [pool-51-thread-1] INFO  impl.RaftServerImpl (RaftServerImpl.java:start(186)) - 9e264cd7-89cf-4adc-86a4-e73cb5c9846a@group-D992D708DA20: start as a follower, conf=-1: [9e264cd7-89cf-4adc-86a4-e73cb5c9846a:172.17.0.2:46793], old=null
2020-06-15 15:40:22,192 [pool-51-thread-1] INFO  impl.RaftServerImpl (RaftServerImpl.java:setRole(175)) - 9e264cd7-89cf-4adc-86a4-e73cb5c9846a@group-D992D708DA20: changes role from      null to FOLLOWER at term 0 for startAsFollower
2020-06-15 15:40:22,192 [pool-51-thread-1] INFO  impl.RoleInfo (RoleInfo.java:updateAndGet(143)) - 9e264cd7-89cf-4adc-86a4-e73cb5c9846a: start FollowerState
2020-06-15 15:40:22,194 [Command processor thread] INFO  commandhandler.CreatePipelineCommandHandler (CreatePipelineCommandHandler.java:handle(109)) - Created Pipeline RATIS ONE #id: "18995729-6387-458e-93cf-66ea40194d3d"
.
2020-06-15 15:40:22,194 [Command processor thread] INFO  impl.RaftServerProxy (RaftServerProxy.java:addNew(89)) - c912bb49-c5b6-43bc-8d73-0672ac2b0169: addNew group-3A5C16CF8D5C:[c912bb49-c5b6-43bc-8d73-0672ac2b0169:172.17.0.2:44503, 9e264cd7-89cf-4adc-86a4-e73cb5c9846a:172.17.0.2:46793, 9a0e5fc2-eb4c-4ba8-8ae5-559cc84280be:172.17.0.2:37177] returns group-3A5C16CF8D5C:java.util.concurrent.CompletableFuture@4dc142dd[Not completed]
2020-06-15 15:40:22,194 [pool-51-thread-1] INFO  util.JmxRegister (JmxRegister.java:tryRegister(44)) - Successfully registered JMX Bean with object name Ratis:service=RaftServer,group=group-D992D708DA20,id=9e264cd7-89cf-4adc-86a4-e73cb5c9846a
2020-06-15 15:40:22,196 [pool-51-thread-1] INFO  metrics.RatisMetrics (RatisMetrics.java:lambda$create$0(36)) - Creating Metrics Registry : ratis.state_machine.9e264cd7-89cf-4adc-86a4-e73cb5c9846a@group-D992D708DA20
2020-06-15 15:40:22,204 [Command processor thread] INFO  commandhandler.CreatePipelineCommandHandler (CreatePipelineCommandHandler.java:handle(109)) - Created Pipeline RATIS ONE #id: "93e13e3d-b88a-4c17-9f35-d992d708da20"
.
2020-06-15 15:40:22,209 [Command processor thread] INFO  impl.RaftServerProxy (RaftServerProxy.java:addNew(89)) - 9e264cd7-89cf-4adc-86a4-e73cb5c9846a: addNew group-3A5C16CF8D5C:[c912bb49-c5b6-43bc-8d73-0672ac2b0169:172.17.0.2:44503, 9e264cd7-89cf-4adc-86a4-e73cb5c9846a:172.17.0.2:46793, 9a0e5fc2-eb4c-4ba8-8ae5-559cc84280be:172.17.0.2:37177] returns group-3A5C16CF8D5C:java.util.concurrent.CompletableFuture@aa49709[Not completed]
2020-06-15 15:40:22,217 [pool-35-thread-1] INFO  impl.RaftServerImpl (RaftServerImpl.java:<init>(99)) - c912bb49-c5b6-43bc-8d73-0672ac2b0169: new RaftServerImpl for group-3A5C16CF8D5C:[c912bb49-c5b6-43bc-8d73-0672ac2b0169:172.17.0.2:44503, 9e264cd7-89cf-4adc-86a4-e73cb5c9846a:172.17.0.2:46793, 9a0e5fc2-eb4c-4ba8-8ae5-559cc84280be:172.17.0.2:37177] with ContainerStateMachine:uninitialized
2020-06-15 15:40:22,218 [pool-35-thread-1] INFO  server.RaftServerConfigKeys (ConfUtils.java:logGet(44)) - raft.server.rpc.timeout.min = 1s (custom)
2020-06-15 15:40:22,218 [pool-35-thread-1] INFO  server.RaftServerConfigKeys (ConfUtils.java:logGet(44)) - raft.server.rpc.timeout.max = 1200ms (custom)
2020-06-15 15:40:22,218 [pool-35-thread-1] INFO  server.RaftServerConfigKeys (ConfUtils.java:logGet(44)) - raft.server.rpcslowness.timeout = 300s (custom)
2020-06-15 15:40:22,218 [pool-35-thread-1] INFO  server.RaftServerConfigKeys (ConfUtils.java:logGet(44)) - raft.server.sleep.deviation.threshold = 300 (default)
2020-06-15 15:40:22,218 [pool-51-thread-1] INFO  impl.RaftServerImpl (RaftServerImpl.java:<init>(99)) - 9e264cd7-89cf-4adc-86a4-e73cb5c9846a: new RaftServerImpl for group-3A5C16CF8D5C:[c912bb49-c5b6-43bc-8d73-0672ac2b0169:172.17.0.2:44503, 9e264cd7-89cf-4adc-86a4-e73cb5c9846a:172.17.0.2:46793, 9a0e5fc2-eb4c-4ba8-8ae5-559cc84280be:172.17.0.2:37177] with ContainerStateMachine:uninitialized
2020-06-15 15:40:22,218 [pool-35-thread-1] INFO  server.RaftServerConfigKeys (ConfUtils.java:logGet(44)) - raft.server.log.appender.install.snapshot.enabled = false (custom)
2020-06-15 15:40:22,218 [pool-51-thread-1] INFO  server.RaftServerConfigKeys (ConfUtils.java:logGet(44)) - raft.server.rpc.timeout.min = 1s (custom)
2020-06-15 15:40:22,218 [pool-51-thread-1] INFO  server.RaftServerConfigKeys (ConfUtils.java:logGet(44)) - raft.server.rpc.timeout.max = 1200ms (custom)
2020-06-15 15:40:22,218 [pool-51-thread-1] INFO  server.RaftServerConfigKeys (ConfUtils.java:logGet(44)) - raft.server.rpcslowness.timeout = 300s (custom)
2020-06-15 15:40:22,218 [pool-51-thread-1] INFO  server.RaftServerConfigKeys (ConfUtils.java:logGet(44)) - raft.server.sleep.deviation.threshold = 300 (default)
2020-06-15 15:40:22,219 [pool-51-thread-1] INFO  server.RaftServerConfigKeys (ConfUtils.java:logGet(44)) - raft.server.log.appender.install.snapshot.enabled = false (custom)
2020-06-15 15:40:22,219 [pool-51-thread-1] INFO  impl.RaftServerImpl (ServerState.java:<init>(103)) - 9e264cd7-89cf-4adc-86a4-e73cb5c9846a@group-3A5C16CF8D5C: ConfigurationManager, init=-1: [c912bb49-c5b6-43bc-8d73-0672ac2b0169:172.17.0.2:44503, 9e264cd7-89cf-4adc-86a4-e73cb5c9846a:172.17.0.2:46793, 9a0e5fc2-eb4c-4ba8-8ae5-559cc84280be:172.17.0.2:37177], old=null, confs=<EMPTY_MAP>
2020-06-15 15:40:22,219 [pool-51-thread-1] INFO  server.RaftServerConfigKeys (ConfUtils.java:logGet(44)) - raft.server.storage.dir = [/github/workspace/mnt/ozone/hadoop-ozone/integration-test/target/test-dir/MiniOzoneClusterImpl-821e280a-19ea-4536-9ce4-db87e8de49a0/datanode-1/data/ratis] (custom)
2020-06-15 15:40:22,219 [pool-51-thread-1] INFO  server.RaftServerConfigKeys (ConfUtils.java:logGet(44)) - raft.server.log.corruption.policy = EXCEPTION (default)
2020-06-15 15:40:22,219 [pool-51-thread-1] INFO  storage.RaftStorageDirectory (RaftStorageDirectory.java:analyzeStorage(261)) - The storage directory /github/workspace/mnt/ozone/hadoop-ozone/integration-test/target/test-dir/MiniOzoneClusterImpl-821e280a-19ea-4536-9ce4-db87e8de49a0/datanode-1/data/ratis/9c50ad9e-5235-4dd0-9b15-3a5c16cf8d5c does not exist. Creating ...
2020-06-15 15:40:22,220 [pool-35-thread-1] INFO  impl.RaftServerImpl (ServerState.java:<init>(103)) - c912bb49-c5b6-43bc-8d73-0672ac2b0169@group-3A5C16CF8D5C: ConfigurationManager, init=-1: [c912bb49-c5b6-43bc-8d73-0672ac2b0169:172.17.0.2:44503, 9e264cd7-89cf-4adc-86a4-e73cb5c9846a:172.17.0.2:46793, 9a0e5fc2-eb4c-4ba8-8ae5-559cc84280be:172.17.0.2:37177], old=null, confs=<EMPTY_MAP>
2020-06-15 15:40:22,220 [pool-35-thread-1] INFO  server.RaftServerConfigKeys (ConfUtils.java:logGet(44)) - raft.server.storage.dir = [/github/workspace/mnt/ozone/hadoop-ozone/integration-test/target/test-dir/MiniOzoneClusterImpl-821e280a-19ea-4536-9ce4-db87e8de49a0/datanode-0/data/ratis] (custom)
2020-06-15 15:40:22,220 [pool-35-thread-1] INFO  server.RaftServerConfigKeys (ConfUtils.java:logGet(44)) - raft.server.log.corruption.policy = EXCEPTION (default)
2020-06-15 15:40:22,220 [pool-35-thread-1] INFO  storage.RaftStorageDirectory (RaftStorageDirectory.java:analyzeStorage(261)) - The storage directory /github/workspace/mnt/ozone/hadoop-ozone/integration-test/target/test-dir/MiniOzoneClusterImpl-821e280a-19ea-4536-9ce4-db87e8de49a0/datanode-0/data/ratis/9c50ad9e-5235-4dd0-9b15-3a5c16cf8d5c does not exist. Creating ...
2020-06-15 15:40:22,221 [pool-51-thread-1] INFO  storage.RaftStorageDirectory (RaftStorageDirectory.java:tryLock(343)) - Lock on /github/workspace/mnt/ozone/hadoop-ozone/integration-test/target/test-dir/MiniOzoneClusterImpl-821e280a-19ea-4536-9ce4-db87e8de49a0/datanode-1/data/ratis/9c50ad9e-5235-4dd0-9b15-3a5c16cf8d5c/in_use.lock acquired by nodename 29548@dd6acf296020
2020-06-15 15:40:22,222 [pool-51-thread-1] INFO  storage.RaftStorage (RaftStorage.java:format(84)) - Storage directory /github/workspace/mnt/ozone/hadoop-ozone/integration-test/target/test-dir/MiniOzoneClusterImpl-821e280a-19ea-4536-9ce4-db87e8de49a0/datanode-1/data/ratis/9c50ad9e-5235-4dd0-9b15-3a5c16cf8d5c has been successfully formatted.
2020-06-15 15:40:22,222 [pool-51-thread-1] INFO  ratis.ContainerStateMachine (ContainerStateMachine.java:loadSnapshot(226)) - group-3A5C16CF8D5C: The snapshot info is null. Setting the last applied indexto:(t:0, i:~)
2020-06-15 15:40:22,222 [pool-51-thread-1] INFO  server.RaftServerConfigKeys (ConfUtils.java:logGet(44)) - raft.server.notification.no-leader.timeout = 60s (default)
2020-06-15 15:40:22,222 [pool-51-thread-1] INFO  server.RaftServerConfigKeys (ConfUtils.java:logGet(44)) - raft.server.log.use.memory = false (default)
2020-06-15 15:40:22,222 [pool-51-thread-1] INFO  server.RaftServerConfigKeys (ConfUtils.java:logGet(44)) - raft.server.log.purge.gap = 1000000 (custom)
2020-06-15 15:40:22,223 [pool-51-thread-1] INFO  server.RaftServerConfigKeys (ConfUtils.java:logGet(44)) - raft.server.log.appender.buffer.byte-limit = 33554432 (custom)
2020-06-15 15:40:22,223 [pool-51-thread-1] INFO  server.RaftServerConfigKeys (ConfUtils.java:logGet(44)) - raft.server.log.segment.size.max = 1048576 (custom)
2020-06-15 15:40:22,223 [pool-51-thread-1] INFO  metrics.RatisMetrics (RatisMetrics.java:lambda$create$0(36)) - Creating Metrics Registry : ratis.log_worker.9e264cd7-89cf-4adc-86a4-e73cb5c9846a@group-3A5C16CF8D5C
2020-06-15 15:40:22,223 [pool-51-thread-1] INFO  server.RaftServerConfigKeys (ConfUtils.java:logGet(44)) - raft.server.log.segment.cache.num.max = 2 (custom)
2020-06-15 15:40:22,223 [pool-51-thread-1] INFO  segmented.SegmentedRaftLogWorker (SegmentedRaftLogWorker.java:<init>(180)) - new 9e264cd7-89cf-4adc-86a4-e73cb5c9846a@group-3A5C16CF8D5C-SegmentedRaftLogWorker for RaftStorage:Storage Directory /github/workspace/mnt/ozone/hadoop-ozone/integration-test/target/test-dir/MiniOzoneClusterImpl-821e280a-19ea-4536-9ce4-db87e8de49a0/datanode-1/data/ratis/9c50ad9e-5235-4dd0-9b15-3a5c16cf8d5c
2020-06-15 15:40:22,223 [pool-51-thread-1] INFO  server.RaftServerConfigKeys (ConfUtils.java:logGet(44)) - raft.server.log.queue.byte-limit = 2147483647 (custom)
2020-06-15 15:40:22,223 [pool-51-thread-1] INFO  server.RaftServerConfigKeys (ConfUtils.java:logGet(44)) - raft.server.log.queue.element-limit = 1024 (custom)
2020-06-15 15:40:22,224 [pool-51-thread-1] INFO  server.RaftServerConfigKeys (ConfUtils.java:logGet(44)) - raft.server.log.segment.size.max = 1048576 (custom)
2020-06-15 15:40:22,224 [pool-51-thread-1] INFO  server.RaftServerConfigKeys (ConfUtils.java:logGet(44)) - raft.server.log.preallocated.size = 16384 (custom)
2020-06-15 15:40:22,225 [pool-51-thread-1] INFO  server.RaftServerConfigKeys (ConfUtils.java:logGet(44)) - raft.server.log.write.buffer.size = 1048576 (custom)
2020-06-15 15:40:22,225 [pool-51-thread-1] INFO  server.RaftServerConfigKeys (ConfUtils.java:logGet(44)) - raft.server.log.force.sync.num = 128 (default)
2020-06-15 15:40:22,225 [pool-51-thread-1] INFO  server.RaftServerConfigKeys (ConfUtils.java:logGet(44)) - raft.server.log.statemachine.data.sync = true (default)
2020-06-15 15:40:22,225 [pool-51-thread-1] INFO  server.RaftServerConfigKeys (ConfUtils.java:logGet(44)) - raft.server.log.statemachine.data.sync.timeout = 10s (default)
2020-06-15 15:40:22,226 [pool-51-thread-1] INFO  server.RaftServerConfigKeys (ConfUtils.java:logGet(44)) - raft.server.log.statemachine.data.sync.timeout.retry = -1 (default)
2020-06-15 15:40:22,224 [pool-35-thread-1] INFO  storage.RaftStorageDirectory (RaftStorageDirectory.java:tryLock(343)) - Lock on /github/workspace/mnt/ozone/hadoop-ozone/integration-test/target/test-dir/MiniOzoneClusterImpl-821e280a-19ea-4536-9ce4-db87e8de49a0/datanode-0/data/ratis/9c50ad9e-5235-4dd0-9b15-3a5c16cf8d5c/in_use.lock acquired by nodename 29548@dd6acf296020
2020-06-15 15:40:22,229 [pool-51-thread-1] INFO  server.RaftServerConfigKeys (ConfUtils.java:logGet(44)) - raft.server.log.statemachine.data.caching.enabled = true (custom)
2020-06-15 15:40:22,230 [pool-51-thread-1] INFO  segmented.SegmentedRaftLogWorker (SegmentedRaftLogWorker.java:lambda$new$0(129)) - 9e264cd7-89cf-4adc-86a4-e73cb5c9846a@group-3A5C16CF8D5C-SegmentedRaftLogWorker: flushIndex: setUnconditionally 0 -> -1
2020-06-15 15:40:22,230 [pool-51-thread-1] INFO  segmented.SegmentedRaftLogWorker (SegmentedRaftLogWorker.java:lambda$new$0(129)) - 9e264cd7-89cf-4adc-86a4-e73cb5c9846a@group-3A5C16CF8D5C-SegmentedRaftLogWorker: safeCacheEvictIndex: setUnconditionally 0 -> -1
2020-06-15 15:40:22,230 [pool-35-thread-1] INFO  storage.RaftStorage (RaftStorage.java:format(84)) - Storage directory /github/workspace/mnt/ozone/hadoop-ozone/integration-test/target/test-dir/MiniOzoneClusterImpl-821e280a-19ea-4536-9ce4-db87e8de49a0/datanode-0/data/ratis/9c50ad9e-5235-4dd0-9b15-3a5c16cf8d5c has been successfully formatted.
2020-06-15 15:40:22,238 [pool-35-thread-1] INFO  ratis.ContainerStateMachine (ContainerStateMachine.java:loadSnapshot(226)) - group-3A5C16CF8D5C: The snapshot info is null. Setting the last applied indexto:(t:0, i:~)
2020-06-15 15:40:22,239 [pool-35-thread-1] INFO  server.RaftServerConfigKeys (ConfUtils.java:logGet(44)) - raft.server.notification.no-leader.timeout = 60s (default)
2020-06-15 15:40:22,239 [pool-35-thread-1] INFO  server.RaftServerConfigKeys (ConfUtils.java:logGet(44)) - raft.server.log.use.memory = false (default)
2020-06-15 15:40:22,239 [pool-35-thread-1] INFO  server.RaftServerConfigKeys (ConfUtils.java:logGet(44)) - raft.server.log.purge.gap = 1000000 (custom)
2020-06-15 15:40:22,239 [pool-35-thread-1] INFO  server.RaftServerConfigKeys (ConfUtils.java:logGet(44)) - raft.server.log.appender.buffer.byte-limit = 33554432 (custom)
2020-06-15 15:40:22,239 [pool-35-thread-1] INFO  server.RaftServerConfigKeys (ConfUtils.java:logGet(44)) - raft.server.log.segment.size.max = 1048576 (custom)
2020-06-15 15:40:22,239 [pool-35-thread-1] INFO  metrics.RatisMetrics (RatisMetrics.java:lambda$create$0(36)) - Creating Metrics Registry : ratis.log_worker.c912bb49-c5b6-43bc-8d73-0672ac2b0169@group-3A5C16CF8D5C
2020-06-15 15:40:22,238 [pool-51-thread-1] INFO  server.RaftServerConfigKeys (ConfUtils.java:logGet(44)) - raft.server.snapshot.auto.trigger.enabled = true (custom)
2020-06-15 15:40:22,239 [pool-51-thread-1] INFO  server.RaftServerConfigKeys (ConfUtils.java:logGet(44)) - raft.server.snapshot.auto.trigger.threshold = 10000 (custom)
2020-06-15 15:40:22,240 [pool-51-thread-1] INFO  server.RaftServerConfigKeys (ConfUtils.java:logGet(44)) - raft.server.snapshot.retention.file.num = 5 (custom)
2020-06-15 15:40:22,240 [pool-51-thread-1] INFO  server.RaftServerConfigKeys (ConfUtils.java:logGet(44)) - raft.server.log.purge.upto.snapshot.index = false (default)
2020-06-15 15:40:22,240 [pool-51-thread-1] INFO  server.RaftServerConfigKeys (ConfUtils.java:logGet(44)) - raft.server.retrycache.expirytime = 600000ms (custom)
2020-06-15 15:40:22,240 [pool-51-thread-1] INFO  metrics.RatisMetrics (RatisMetrics.java:lambda$create$0(36)) - Creating Metrics Registry : ratis.leader_election.9e264cd7-89cf-4adc-86a4-e73cb5c9846a@group-3A5C16CF8D5C
2020-06-15 15:40:22,241 [pool-51-thread-1] INFO  metrics.RatisMetrics (RatisMetrics.java:lambda$create$0(36)) - Creating Metrics Registry : ratis.server.9e264cd7-89cf-4adc-86a4-e73cb5c9846a@group-3A5C16CF8D5C
2020-06-15 15:40:22,243 [pool-51-thread-1] INFO  impl.RaftServerImpl (RaftServerImpl.java:start(186)) - 9e264cd7-89cf-4adc-86a4-e73cb5c9846a@group-3A5C16CF8D5C: start as a follower, conf=-1: [c912bb49-c5b6-43bc-8d73-0672ac2b0169:172.17.0.2:44503, 9e264cd7-89cf-4adc-86a4-e73cb5c9846a:172.17.0.2:46793, 9a0e5fc2-eb4c-4ba8-8ae5-559cc84280be:172.17.0.2:37177], old=null
2020-06-15 15:40:22,243 [pool-51-thread-1] INFO  impl.RaftServerImpl (RaftServerImpl.java:setRole(175)) - 9e264cd7-89cf-4adc-86a4-e73cb5c9846a@group-3A5C16CF8D5C: changes role from      null to FOLLOWER at term 0 for startAsFollower
2020-06-15 15:40:22,243 [pool-51-thread-1] INFO  impl.RoleInfo (RoleInfo.java:updateAndGet(143)) - 9e264cd7-89cf-4adc-86a4-e73cb5c9846a: start FollowerState
2020-06-15 15:40:22,239 [pool-35-thread-1] INFO  server.RaftServerConfigKeys (ConfUtils.java:logGet(44)) - raft.server.log.segment.cache.num.max = 2 (custom)
2020-06-15 15:40:22,244 [pool-35-thread-1] INFO  segmented.SegmentedRaftLogWorker (SegmentedRaftLogWorker.java:<init>(180)) - new c912bb49-c5b6-43bc-8d73-0672ac2b0169@group-3A5C16CF8D5C-SegmentedRaftLogWorker for RaftStorage:Storage Directory /github/workspace/mnt/ozone/hadoop-ozone/integration-test/target/test-dir/MiniOzoneClusterImpl-821e280a-19ea-4536-9ce4-db87e8de49a0/datanode-0/data/ratis/9c50ad9e-5235-4dd0-9b15-3a5c16cf8d5c
2020-06-15 15:40:22,244 [pool-35-thread-1] INFO  server.RaftServerConfigKeys (ConfUtils.java:logGet(44)) - raft.server.log.queue.byte-limit = 2147483647 (custom)
2020-06-15 15:40:22,244 [pool-35-thread-1] INFO  server.RaftServerConfigKeys (ConfUtils.java:logGet(44)) - raft.server.log.queue.element-limit = 1024 (custom)
2020-06-15 15:40:22,244 [pool-35-thread-1] INFO  server.RaftServerConfigKeys (ConfUtils.java:logGet(44)) - raft.server.log.segment.size.max = 1048576 (custom)
2020-06-15 15:40:22,244 [pool-35-thread-1] INFO  server.RaftServerConfigKeys (ConfUtils.java:logGet(44)) - raft.server.log.preallocated.size = 16384 (custom)
2020-06-15 15:40:22,244 [pool-35-thread-1] INFO  server.RaftServerConfigKeys (ConfUtils.java:logGet(44)) - raft.server.log.write.buffer.size = 1048576 (custom)
2020-06-15 15:40:22,244 [pool-35-thread-1] INFO  server.RaftServerConfigKeys (ConfUtils.java:logGet(44)) - raft.server.log.force.sync.num = 128 (default)
2020-06-15 15:40:22,244 [pool-35-thread-1] INFO  server.RaftServerConfigKeys (ConfUtils.java:logGet(44)) - raft.server.log.statemachine.data.sync = true (default)
2020-06-15 15:40:22,244 [pool-35-thread-1] INFO  server.RaftServerConfigKeys (ConfUtils.java:logGet(44)) - raft.server.log.statemachine.data.sync.timeout = 10s (default)
2020-06-15 15:40:22,244 [pool-35-thread-1] INFO  server.RaftServerConfigKeys (ConfUtils.java:logGet(44)) - raft.server.log.statemachine.data.sync.timeout.retry = -1 (default)
2020-06-15 15:40:22,245 [pool-51-thread-1] INFO  util.JmxRegister (JmxRegister.java:tryRegister(44)) - Successfully registered JMX Bean with object name Ratis:service=RaftServer,group=group-3A5C16CF8D5C,id=9e264cd7-89cf-4adc-86a4-e73cb5c9846a
2020-06-15 15:40:22,254 [pool-51-thread-1] INFO  metrics.RatisMetrics (RatisMetrics.java:lambda$create$0(36)) - Creating Metrics Registry : ratis.state_machine.9e264cd7-89cf-4adc-86a4-e73cb5c9846a@group-3A5C16CF8D5C
2020-06-15 15:40:22,254 [pool-35-thread-1] INFO  server.RaftServerConfigKeys (ConfUtils.java:logGet(44)) - raft.server.log.statemachine.data.caching.enabled = true (custom)
2020-06-15 15:40:22,255 [pool-35-thread-1] INFO  segmented.SegmentedRaftLogWorker (SegmentedRaftLogWorker.java:lambda$new$0(129)) - c912bb49-c5b6-43bc-8d73-0672ac2b0169@group-3A5C16CF8D5C-SegmentedRaftLogWorker: flushIndex: setUnconditionally 0 -> -1
2020-06-15 15:40:22,256 [pool-35-thread-1] INFO  segmented.SegmentedRaftLogWorker (SegmentedRaftLogWorker.java:lambda$new$0(129)) - c912bb49-c5b6-43bc-8d73-0672ac2b0169@group-3A5C16CF8D5C-SegmentedRaftLogWorker: safeCacheEvictIndex: setUnconditionally 0 -> -1
2020-06-15 15:40:22,273 [pool-35-thread-1] INFO  server.RaftServerConfigKeys (ConfUtils.java:logGet(44)) - raft.server.snapshot.auto.trigger.enabled = true (custom)
2020-06-15 15:40:22,273 [pool-35-thread-1] INFO  server.RaftServerConfigKeys (ConfUtils.java:logGet(44)) - raft.server.snapshot.auto.trigger.threshold = 10000 (custom)
2020-06-15 15:40:22,273 [pool-35-thread-1] INFO  server.RaftServerConfigKeys (ConfUtils.java:logGet(44)) - raft.server.snapshot.retention.file.num = 5 (custom)
2020-06-15 15:40:22,273 [pool-35-thread-1] INFO  server.RaftServerConfigKeys (ConfUtils.java:logGet(44)) - raft.server.log.purge.upto.snapshot.index = false (default)
2020-06-15 15:40:22,274 [pool-35-thread-1] INFO  server.RaftServerConfigKeys (ConfUtils.java:logGet(44)) - raft.server.retrycache.expirytime = 600000ms (custom)
2020-06-15 15:40:22,274 [pool-35-thread-1] INFO  metrics.RatisMetrics (RatisMetrics.java:lambda$create$0(36)) - Creating Metrics Registry : ratis.leader_election.c912bb49-c5b6-43bc-8d73-0672ac2b0169@group-3A5C16CF8D5C
2020-06-15 15:40:22,275 [pool-35-thread-1] INFO  metrics.RatisMetrics (RatisMetrics.java:lambda$create$0(36)) - Creating Metrics Registry : ratis.server.c912bb49-c5b6-43bc-8d73-0672ac2b0169@group-3A5C16CF8D5C
2020-06-15 15:40:22,278 [pool-35-thread-1] INFO  impl.RaftServerImpl (RaftServerImpl.java:start(186)) - c912bb49-c5b6-43bc-8d73-0672ac2b0169@group-3A5C16CF8D5C: start as a follower, conf=-1: [c912bb49-c5b6-43bc-8d73-0672ac2b0169:172.17.0.2:44503, 9e264cd7-89cf-4adc-86a4-e73cb5c9846a:172.17.0.2:46793, 9a0e5fc2-eb4c-4ba8-8ae5-559cc84280be:172.17.0.2:37177], old=null
2020-06-15 15:40:22,278 [pool-35-thread-1] INFO  impl.RaftServerImpl (RaftServerImpl.java:setRole(175)) - c912bb49-c5b6-43bc-8d73-0672ac2b0169@group-3A5C16CF8D5C: changes role from      null to FOLLOWER at term 0 for startAsFollower
2020-06-15 15:40:22,278 [pool-35-thread-1] INFO  impl.RoleInfo (RoleInfo.java:updateAndGet(143)) - c912bb49-c5b6-43bc-8d73-0672ac2b0169: start FollowerState
2020-06-15 15:40:22,279 [pool-35-thread-1] INFO  util.JmxRegister (JmxRegister.java:tryRegister(44)) - Successfully registered JMX Bean with object name Ratis:service=RaftServer,group=group-3A5C16CF8D5C,id=c912bb49-c5b6-43bc-8d73-0672ac2b0169
2020-06-15 15:40:22,279 [pool-35-thread-1] INFO  metrics.RatisMetrics (RatisMetrics.java:lambda$create$0(36)) - Creating Metrics Registry : ratis.state_machine.c912bb49-c5b6-43bc-8d73-0672ac2b0169@group-3A5C16CF8D5C
2020-06-15 15:40:22,293 [Command processor thread] INFO  impl.RaftServerProxy (RaftServerProxy.java:addNew(89)) - 9a0e5fc2-eb4c-4ba8-8ae5-559cc84280be: addNew group-4D8EAECC9AD7:[9a0e5fc2-eb4c-4ba8-8ae5-559cc84280be:172.17.0.2:37177] returns group-4D8EAECC9AD7:java.util.concurrent.CompletableFuture@70853d10[Not completed]
2020-06-15 15:40:22,452 [Command processor thread] INFO  impl.RaftServerProxy (RaftServerProxy.java:addNew(89)) - bb2a17c4-da93-471c-baec-5cf2aa5cf94e: addNew group-AA9654AB1AA0:[bb2a17c4-da93-471c-baec-5cf2aa5cf94e:172.17.0.2:42619] returns group-AA9654AB1AA0:java.util.concurrent.CompletableFuture@22a42a34[Not completed]
2020-06-15 15:40:22,454 [pool-83-thread-1] INFO  impl.RaftServerImpl (RaftServerImpl.java:<init>(99)) - bb2a17c4-da93-471c-baec-5cf2aa5cf94e: new RaftServerImpl for group-AA9654AB1AA0:[bb2a17c4-da93-471c-baec-5cf2aa5cf94e:172.17.0.2:42619] with ContainerStateMachine:uninitialized
2020-06-15 15:40:22,455 [pool-83-thread-1] INFO  server.RaftServerConfigKeys (ConfUtils.java:logGet(44)) - raft.server.rpc.timeout.min = 1s (custom)
2020-06-15 15:40:22,455 [pool-83-thread-1] INFO  server.RaftServerConfigKeys (ConfUtils.java:logGet(44)) - raft.server.rpc.timeout.max = 1200ms (custom)
2020-06-15 15:40:22,455 [pool-83-thread-1] INFO  server.RaftServerConfigKeys (ConfUtils.java:logGet(44)) - raft.server.rpcslowness.timeout = 300s (custom)
2020-06-15 15:40:22,455 [pool-83-thread-1] INFO  server.RaftServerConfigKeys (ConfUtils.java:logGet(44)) - raft.server.sleep.deviation.threshold = 300 (default)
2020-06-15 15:40:22,455 [pool-83-thread-1] INFO  server.RaftServerConfigKeys (ConfUtils.java:logGet(44)) - raft.server.log.appender.install.snapshot.enabled = false (custom)
2020-06-15 15:40:22,455 [pool-83-thread-1] INFO  impl.RaftServerImpl (ServerState.java:<init>(103)) - bb2a17c4-da93-471c-baec-5cf2aa5cf94e@group-AA9654AB1AA0: ConfigurationManager, init=-1: [bb2a17c4-da93-471c-baec-5cf2aa5cf94e:172.17.0.2:42619], old=null, confs=<EMPTY_MAP>
2020-06-15 15:40:22,455 [pool-83-thread-1] INFO  server.RaftServerConfigKeys (ConfUtils.java:logGet(44)) - raft.server.storage.dir = [/github/workspace/mnt/ozone/hadoop-ozone/integration-test/target/test-dir/MiniOzoneClusterImpl-821e280a-19ea-4536-9ce4-db87e8de49a0/datanode-3/data/ratis] (custom)
2020-06-15 15:40:22,456 [pool-83-thread-1] INFO  server.RaftServerConfigKeys (ConfUtils.java:logGet(44)) - raft.server.log.corruption.policy = EXCEPTION (default)
2020-06-15 15:40:22,456 [pool-83-thread-1] INFO  storage.RaftStorageDirectory (RaftStorageDirectory.java:analyzeStorage(261)) - The storage directory /github/workspace/mnt/ozone/hadoop-ozone/integration-test/target/test-dir/MiniOzoneClusterImpl-821e280a-19ea-4536-9ce4-db87e8de49a0/datanode-3/data/ratis/643289b8-3b67-42f9-94ce-aa9654ab1aa0 does not exist. Creating ...
2020-06-15 15:40:22,458 [pool-67-thread-1] INFO  impl.RaftServerImpl (RaftServerImpl.java:<init>(99)) - 9a0e5fc2-eb4c-4ba8-8ae5-559cc84280be: new RaftServerImpl for group-4D8EAECC9AD7:[9a0e5fc2-eb4c-4ba8-8ae5-559cc84280be:172.17.0.2:37177] with ContainerStateMachine:uninitialized
2020-06-15 15:40:22,458 [pool-83-thread-1] INFO  storage.RaftStorageDirectory (RaftStorageDirectory.java:tryLock(343)) - Lock on /github/workspace/mnt/ozone/hadoop-ozone/integration-test/target/test-dir/MiniOzoneClusterImpl-821e280a-19ea-4536-9ce4-db87e8de49a0/datanode-3/data/ratis/643289b8-3b67-42f9-94ce-aa9654ab1aa0/in_use.lock acquired by nodename 29548@dd6acf296020
2020-06-15 15:40:22,458 [pool-67-thread-1] INFO  server.RaftServerConfigKeys (ConfUtils.java:logGet(44)) - raft.server.rpc.timeout.min = 1s (custom)
2020-06-15 15:40:22,458 [pool-67-thread-1] INFO  server.RaftServerConfigKeys (ConfUtils.java:logGet(44)) - raft.server.rpc.timeout.max = 1200ms (custom)
2020-06-15 15:40:22,459 [pool-67-thread-1] INFO  server.RaftServerConfigKeys (ConfUtils.java:logGet(44)) - raft.server.rpcslowness.timeout = 300s (custom)
2020-06-15 15:40:22,459 [pool-67-thread-1] INFO  server.RaftServerConfigKeys (ConfUtils.java:logGet(44)) - raft.server.sleep.deviation.threshold = 300 (default)
2020-06-15 15:40:22,459 [pool-67-thread-1] INFO  server.RaftServerConfigKeys (ConfUtils.java:logGet(44)) - raft.server.log.appender.install.snapshot.enabled = false (custom)
2020-06-15 15:40:22,459 [pool-67-thread-1] INFO  impl.RaftServerImpl (ServerState.java:<init>(103)) - 9a0e5fc2-eb4c-4ba8-8ae5-559cc84280be@group-4D8EAECC9AD7: ConfigurationManager, init=-1: [9a0e5fc2-eb4c-4ba8-8ae5-559cc84280be:172.17.0.2:37177], old=null, confs=<EMPTY_MAP>
2020-06-15 15:40:22,459 [pool-67-thread-1] INFO  server.RaftServerConfigKeys (ConfUtils.java:logGet(44)) - raft.server.storage.dir = [/github/workspace/mnt/ozone/hadoop-ozone/integration-test/target/test-dir/MiniOzoneClusterImpl-821e280a-19ea-4536-9ce4-db87e8de49a0/datanode-2/data/ratis] (custom)
2020-06-15 15:40:22,459 [pool-67-thread-1] INFO  server.RaftServerConfigKeys (ConfUtils.java:logGet(44)) - raft.server.log.corruption.policy = EXCEPTION (default)
2020-06-15 15:40:22,459 [pool-67-thread-1] INFO  storage.RaftStorageDirectory (RaftStorageDirectory.java:analyzeStorage(261)) - The storage directory /github/workspace/mnt/ozone/hadoop-ozone/integration-test/target/test-dir/MiniOzoneClusterImpl-821e280a-19ea-4536-9ce4-db87e8de49a0/datanode-2/data/ratis/8e0d6c83-8d03-4abf-8f10-4d8eaecc9ad7 does not exist. Creating ...
2020-06-15 15:40:22,462 [pool-67-thread-1] INFO  storage.RaftStorageDirectory (RaftStorageDirectory.java:tryLock(343)) - Lock on /github/workspace/mnt/ozone/hadoop-ozone/integration-test/target/test-dir/MiniOzoneClusterImpl-821e280a-19ea-4536-9ce4-db87e8de49a0/datanode-2/data/ratis/8e0d6c83-8d03-4abf-8f10-4d8eaecc9ad7/in_use.lock acquired by nodename 29548@dd6acf296020
2020-06-15 15:40:22,463 [pool-83-thread-1] INFO  storage.RaftStorage (RaftStorage.java:format(84)) - Storage directory /github/workspace/mnt/ozone/hadoop-ozone/integration-test/target/test-dir/MiniOzoneClusterImpl-821e280a-19ea-4536-9ce4-db87e8de49a0/datanode-3/data/ratis/643289b8-3b67-42f9-94ce-aa9654ab1aa0 has been successfully formatted.
2020-06-15 15:40:22,476 [pool-67-thread-1] INFO  storage.RaftStorage (RaftStorage.java:format(84)) - Storage directory /github/workspace/mnt/ozone/hadoop-ozone/integration-test/target/test-dir/MiniOzoneClusterImpl-821e280a-19ea-4536-9ce4-db87e8de49a0/datanode-2/data/ratis/8e0d6c83-8d03-4abf-8f10-4d8eaecc9ad7 has been successfully formatted.
2020-06-15 15:40:22,483 [pool-83-thread-1] INFO  ratis.ContainerStateMachine (ContainerStateMachine.java:loadSnapshot(226)) - group-AA9654AB1AA0: The snapshot info is null. Setting the last applied indexto:(t:0, i:~)
2020-06-15 15:40:22,483 [pool-83-thread-1] INFO  server.RaftServerConfigKeys (ConfUtils.java:logGet(44)) - raft.server.notification.no-leader.timeout = 60s (default)
2020-06-15 15:40:22,484 [pool-83-thread-1] INFO  server.RaftServerConfigKeys (ConfUtils.java:logGet(44)) - raft.server.log.use.memory = false (default)
2020-06-15 15:40:22,484 [pool-83-thread-1] INFO  server.RaftServerConfigKeys (ConfUtils.java:logGet(44)) - raft.server.log.purge.gap = 1000000 (custom)
2020-06-15 15:40:22,484 [pool-83-thread-1] INFO  server.RaftServerConfigKeys (ConfUtils.java:logGet(44)) - raft.server.log.appender.buffer.byte-limit = 33554432 (custom)
2020-06-15 15:40:22,484 [pool-83-thread-1] INFO  server.RaftServerConfigKeys (ConfUtils.java:logGet(44)) - raft.server.log.segment.size.max = 1048576 (custom)
2020-06-15 15:40:22,484 [pool-83-thread-1] INFO  metrics.RatisMetrics (RatisMetrics.java:lambda$create$0(36)) - Creating Metrics Registry : ratis.log_worker.bb2a17c4-da93-471c-baec-5cf2aa5cf94e@group-AA9654AB1AA0
2020-06-15 15:40:22,484 [pool-83-thread-1] INFO  server.RaftServerConfigKeys (ConfUtils.java:logGet(44)) - raft.server.log.segment.cache.num.max = 2 (custom)
2020-06-15 15:40:22,485 [pool-83-thread-1] INFO  segmented.SegmentedRaftLogWorker (SegmentedRaftLogWorker.java:<init>(180)) - new bb2a17c4-da93-471c-baec-5cf2aa5cf94e@group-AA9654AB1AA0-SegmentedRaftLogWorker for RaftStorage:Storage Directory /github/workspace/mnt/ozone/hadoop-ozone/integration-test/target/test-dir/MiniOzoneClusterImpl-821e280a-19ea-4536-9ce4-db87e8de49a0/datanode-3/data/ratis/643289b8-3b67-42f9-94ce-aa9654ab1aa0
2020-06-15 15:40:22,485 [pool-83-thread-1] INFO  server.RaftServerConfigKeys (ConfUtils.java:logGet(44)) - raft.server.log.queue.byte-limit = 2147483647 (custom)
2020-06-15 15:40:22,485 [pool-83-thread-1] INFO  server.RaftServerConfigKeys (ConfUtils.java:logGet(44)) - raft.server.log.queue.element-limit = 1024 (custom)
2020-06-15 15:40:22,485 [pool-83-thread-1] INFO  server.RaftServerConfigKeys (ConfUtils.java:logGet(44)) - raft.server.log.segment.size.max = 1048576 (custom)
2020-06-15 15:40:22,485 [pool-83-thread-1] INFO  server.RaftServerConfigKeys (ConfUtils.java:logGet(44)) - raft.server.log.preallocated.size = 16384 (custom)
2020-06-15 15:40:22,485 [pool-83-thread-1] INFO  server.RaftServerConfigKeys (ConfUtils.java:logGet(44)) - raft.server.log.write.buffer.size = 1048576 (custom)
2020-06-15 15:40:22,485 [pool-83-thread-1] INFO  server.RaftServerConfigKeys (ConfUtils.java:logGet(44)) - raft.server.log.force.sync.num = 128 (default)
2020-06-15 15:40:22,485 [pool-83-thread-1] INFO  server.RaftServerConfigKeys (ConfUtils.java:logGet(44)) - raft.server.log.statemachine.data.sync = true (default)
2020-06-15 15:40:22,485 [pool-83-thread-1] INFO  server.RaftServerConfigKeys (ConfUtils.java:logGet(44)) - raft.server.log.statemachine.data.sync.timeout = 10s (default)
2020-06-15 15:40:22,485 [pool-83-thread-1] INFO  server.RaftServerConfigKeys (ConfUtils.java:logGet(44)) - raft.server.log.statemachine.data.sync.timeout.retry = -1 (default)
2020-06-15 15:40:22,484 [pool-67-thread-1] INFO  ratis.ContainerStateMachine (ContainerStateMachine.java:loadSnapshot(226)) - group-4D8EAECC9AD7: The snapshot info is null. Setting the last applied indexto:(t:0, i:~)
2020-06-15 15:40:22,488 [pool-67-thread-1] INFO  server.RaftServerConfigKeys (ConfUtils.java:logGet(44)) - raft.server.notification.no-leader.timeout = 60s (default)
2020-06-15 15:40:22,488 [pool-67-thread-1] INFO  server.RaftServerConfigKeys (ConfUtils.java:logGet(44)) - raft.server.log.use.memory = false (default)
2020-06-15 15:40:22,488 [pool-67-thread-1] INFO  server.RaftServerConfigKeys (ConfUtils.java:logGet(44)) - raft.server.log.purge.gap = 1000000 (custom)
2020-06-15 15:40:22,488 [pool-67-thread-1] INFO  server.RaftServerConfigKeys (ConfUtils.java:logGet(44)) - raft.server.log.appender.buffer.byte-limit = 33554432 (custom)
2020-06-15 15:40:22,488 [pool-67-thread-1] INFO  server.RaftServerConfigKeys (ConfUtils.java:logGet(44)) - raft.server.log.segment.size.max = 1048576 (custom)
2020-06-15 15:40:22,488 [pool-67-thread-1] INFO  metrics.RatisMetrics (RatisMetrics.java:lambda$create$0(36)) - Creating Metrics Registry : ratis.log_worker.9a0e5fc2-eb4c-4ba8-8ae5-559cc84280be@group-4D8EAECC9AD7
2020-06-15 15:40:22,488 [pool-67-thread-1] INFO  server.RaftServerConfigKeys (ConfUtils.java:logGet(44)) - raft.server.log.segment.cache.num.max = 2 (custom)
2020-06-15 15:40:22,488 [pool-67-thread-1] INFO  segmented.SegmentedRaftLogWorker (SegmentedRaftLogWorker.java:<init>(180)) - new 9a0e5fc2-eb4c-4ba8-8ae5-559cc84280be@group-4D8EAECC9AD7-SegmentedRaftLogWorker for RaftStorage:Storage Directory /github/workspace/mnt/ozone/hadoop-ozone/integration-test/target/test-dir/MiniOzoneClusterImpl-821e280a-19ea-4536-9ce4-db87e8de49a0/datanode-2/data/ratis/8e0d6c83-8d03-4abf-8f10-4d8eaecc9ad7
2020-06-15 15:40:22,489 [pool-67-thread-1] INFO  server.RaftServerConfigKeys (ConfUtils.java:logGet(44)) - raft.server.log.queue.byte-limit = 2147483647 (custom)
2020-06-15 15:40:22,489 [pool-67-thread-1] INFO  server.RaftServerConfigKeys (ConfUtils.java:logGet(44)) - raft.server.log.queue.element-limit = 1024 (custom)
2020-06-15 15:40:22,489 [pool-67-thread-1] INFO  server.RaftServerConfigKeys (ConfUtils.java:logGet(44)) - raft.server.log.segment.size.max = 1048576 (custom)
2020-06-15 15:40:22,489 [pool-67-thread-1] INFO  server.RaftServerConfigKeys (ConfUtils.java:logGet(44)) - raft.server.log.preallocated.size = 16384 (custom)
2020-06-15 15:40:22,489 [pool-67-thread-1] INFO  server.RaftServerConfigKeys (ConfUtils.java:logGet(44)) - raft.server.log.write.buffer.size = 1048576 (custom)
2020-06-15 15:40:22,489 [pool-67-thread-1] INFO  server.RaftServerConfigKeys (ConfUtils.java:logGet(44)) - raft.server.log.force.sync.num = 128 (default)
2020-06-15 15:40:22,489 [pool-67-thread-1] INFO  server.RaftServerConfigKeys (ConfUtils.java:logGet(44)) - raft.server.log.statemachine.data.sync = true (default)
2020-06-15 15:40:22,489 [pool-67-thread-1] INFO  server.RaftServerConfigKeys (ConfUtils.java:logGet(44)) - raft.server.log.statemachine.data.sync.timeout = 10s (default)
2020-06-15 15:40:22,489 [pool-67-thread-1] INFO  server.RaftServerConfigKeys (ConfUtils.java:logGet(44)) - raft.server.log.statemachine.data.sync.timeout.retry = -1 (default)
2020-06-15 15:40:22,492 [pool-67-thread-1] INFO  server.RaftServerConfigKeys (ConfUtils.java:logGet(44)) - raft.server.log.statemachine.data.caching.enabled = true (custom)
2020-06-15 15:40:22,508 [pool-67-thread-1] INFO  segmented.SegmentedRaftLogWorker (SegmentedRaftLogWorker.java:lambda$new$0(129)) - 9a0e5fc2-eb4c-4ba8-8ae5-559cc84280be@group-4D8EAECC9AD7-SegmentedRaftLogWorker: flushIndex: setUnconditionally 0 -> -1
2020-06-15 15:40:22,508 [pool-67-thread-1] INFO  segmented.SegmentedRaftLogWorker (SegmentedRaftLogWorker.java:lambda$new$0(129)) - 9a0e5fc2-eb4c-4ba8-8ae5-559cc84280be@group-4D8EAECC9AD7-SegmentedRaftLogWorker: safeCacheEvictIndex: setUnconditionally 0 -> -1
2020-06-15 15:40:22,505 [pool-83-thread-1] INFO  server.RaftServerConfigKeys (ConfUtils.java:logGet(44)) - raft.server.log.statemachine.data.caching.enabled = true (custom)
2020-06-15 15:40:22,508 [pool-83-thread-1] INFO  segmented.SegmentedRaftLogWorker (SegmentedRaftLogWorker.java:lambda$new$0(129)) - bb2a17c4-da93-471c-baec-5cf2aa5cf94e@group-AA9654AB1AA0-SegmentedRaftLogWorker: flushIndex: setUnconditionally 0 -> -1
2020-06-15 15:40:22,508 [pool-83-thread-1] INFO  segmented.SegmentedRaftLogWorker (SegmentedRaftLogWorker.java:lambda$new$0(129)) - bb2a17c4-da93-471c-baec-5cf2aa5cf94e@group-AA9654AB1AA0-SegmentedRaftLogWorker: safeCacheEvictIndex: setUnconditionally 0 -> -1
2020-06-15 15:40:22,517 [pool-67-thread-1] INFO  server.RaftServerConfigKeys (ConfUtils.java:logGet(44)) - raft.server.snapshot.auto.trigger.enabled = true (custom)
2020-06-15 15:40:22,517 [pool-67-thread-1] INFO  server.RaftServerConfigKeys (ConfUtils.java:logGet(44)) - raft.server.snapshot.auto.trigger.threshold = 10000 (custom)
2020-06-15 15:40:22,517 [pool-67-thread-1] INFO  server.RaftServerConfigKeys (ConfUtils.java:logGet(44)) - raft.server.snapshot.retention.file.num = 5 (custom)
2020-06-15 15:40:22,517 [pool-67-thread-1] INFO  server.RaftServerConfigKeys (ConfUtils.java:logGet(44)) - raft.server.log.purge.upto.snapshot.index = false (default)
2020-06-15 15:40:22,547 [pool-83-thread-1] INFO  server.RaftServerConfigKeys (ConfUtils.java:logGet(44)) - raft.server.snapshot.auto.trigger.enabled = true (custom)
2020-06-15 15:40:22,547 [pool-83-thread-1] INFO  server.RaftServerConfigKeys (ConfUtils.java:logGet(44)) - raft.server.snapshot.auto.trigger.threshold = 10000 (custom)
2020-06-15 15:40:22,547 [pool-83-thread-1] INFO  server.RaftServerConfigKeys (ConfUtils.java:logGet(44)) - raft.server.snapshot.retention.file.num = 5 (custom)
2020-06-15 15:40:22,547 [pool-83-thread-1] INFO  server.RaftServerConfigKeys (ConfUtils.java:logGet(44)) - raft.server.log.purge.upto.snapshot.index = false (default)
2020-06-15 15:40:22,547 [pool-83-thread-1] INFO  server.RaftServerConfigKeys (ConfUtils.java:logGet(44)) - raft.server.retrycache.expirytime = 600000ms (custom)
2020-06-15 15:40:22,547 [pool-83-thread-1] INFO  metrics.RatisMetrics (RatisMetrics.java:lambda$create$0(36)) - Creating Metrics Registry : ratis.leader_election.bb2a17c4-da93-471c-baec-5cf2aa5cf94e@group-AA9654AB1AA0
2020-06-15 15:40:22,548 [pool-83-thread-1] INFO  metrics.RatisMetrics (RatisMetrics.java:lambda$create$0(36)) - Creating Metrics Registry : ratis.server.bb2a17c4-da93-471c-baec-5cf2aa5cf94e@group-AA9654AB1AA0
2020-06-15 15:40:22,562 [pool-67-thread-1] INFO  server.RaftServerConfigKeys (ConfUtils.java:logGet(44)) - raft.server.retrycache.expirytime = 600000ms (custom)
2020-06-15 15:40:22,562 [pool-67-thread-1] INFO  metrics.RatisMetrics (RatisMetrics.java:lambda$create$0(36)) - Creating Metrics Registry : ratis.leader_election.9a0e5fc2-eb4c-4ba8-8ae5-559cc84280be@group-4D8EAECC9AD7
2020-06-15 15:40:22,575 [EventQueue-PipelineReportForPipelineReportHandler] INFO  pipeline.PipelineStateManager (PipelineStateManager.java:openPipeline(131)) - Pipeline Pipeline[ Id: 643289b8-3b67-42f9-94ce-aa9654ab1aa0, Nodes: bb2a17c4-da93-471c-baec-5cf2aa5cf94e{ip: 172.17.0.2, host: dd6acf296020, networkLocation: /default-rack, certSerialId: null}, Type:RATIS, Factor:ONE, State:ALLOCATED, leaderId:bb2a17c4-da93-471c-baec-5cf2aa5cf94e, CreationTimestamp2020-06-15T15:40:19.442Z] moved to OPEN state
2020-06-15 15:40:22,575 [EventQueue-OpenPipelineForOneReplicaPipelineSafeModeRule] INFO  safemode.SCMSafeModeManager (SCMSafeModeManager.java:validateSafeModeExitRules(213)) - AtleastOneDatanodeReportedRule rule is successfully validated
2020-06-15 15:40:22,576 [EventQueue-OpenPipelineForHealthyPipelineSafeModeRule] INFO  safemode.SCMSafeModeManager (HealthyPipelineSafeModeRule.java:process(132)) - SCM in safe mode. Healthy pipelines reported count is 0, required healthy pipeline reported count is 1
2020-06-15 15:40:22,581 [pool-83-thread-1] INFO  impl.RaftServerImpl (RaftServerImpl.java:start(186)) - bb2a17c4-da93-471c-baec-5cf2aa5cf94e@group-AA9654AB1AA0: start as a follower, conf=-1: [bb2a17c4-da93-471c-baec-5cf2aa5cf94e:172.17.0.2:42619], old=null
2020-06-15 15:40:22,581 [pool-83-thread-1] INFO  impl.RaftServerImpl (RaftServerImpl.java:setRole(175)) - bb2a17c4-da93-471c-baec-5cf2aa5cf94e@group-AA9654AB1AA0: changes role from      null to FOLLOWER at term 0 for startAsFollower
2020-06-15 15:40:22,581 [Command processor thread] INFO  impl.RaftServerProxy (RaftServerProxy.java:addNew(89)) - c922d5df-3bd1-4669-b221-1ae7b105f951: addNew group-997157C82D66:[c922d5df-3bd1-4669-b221-1ae7b105f951:172.17.0.2:33715] returns group-997157C82D66:java.util.concurrent.CompletableFuture@1b60aaed[Not completed]
2020-06-15 15:40:22,581 [pool-83-thread-1] INFO  impl.RoleInfo (RoleInfo.java:updateAndGet(143)) - bb2a17c4-da93-471c-baec-5cf2aa5cf94e: start FollowerState
2020-06-15 15:40:22,582 [pool-67-thread-1] INFO  metrics.RatisMetrics (RatisMetrics.java:lambda$create$0(36)) - Creating Metrics Registry : ratis.server.9a0e5fc2-eb4c-4ba8-8ae5-559cc84280be@group-4D8EAECC9AD7
2020-06-15 15:40:22,582 [pool-99-thread-1] INFO  impl.RaftServerImpl (RaftServerImpl.java:<init>(99)) - c922d5df-3bd1-4669-b221-1ae7b105f951: new RaftServerImpl for group-997157C82D66:[c922d5df-3bd1-4669-b221-1ae7b105f951:172.17.0.2:33715] with ContainerStateMachine:uninitialized
2020-06-15 15:40:22,583 [pool-99-thread-1] INFO  server.RaftServerConfigKeys (ConfUtils.java:logGet(44)) - raft.server.rpc.timeout.min = 1s (custom)
2020-06-15 15:40:22,583 [pool-99-thread-1] INFO  server.RaftServerConfigKeys (ConfUtils.java:logGet(44)) - raft.server.rpc.timeout.max = 1200ms (custom)
2020-06-15 15:40:22,583 [pool-99-thread-1] INFO  server.RaftServerConfigKeys (ConfUtils.java:logGet(44)) - raft.server.rpcslowness.timeout = 300s (custom)
2020-06-15 15:40:22,583 [pool-99-thread-1] INFO  server.RaftServerConfigKeys (ConfUtils.java:logGet(44)) - raft.server.sleep.deviation.threshold = 300 (default)
2020-06-15 15:40:22,583 [pool-99-thread-1] INFO  server.RaftServerConfigKeys (ConfUtils.java:logGet(44)) - raft.server.log.appender.install.snapshot.enabled = false (custom)
2020-06-15 15:40:22,583 [pool-99-thread-1] INFO  impl.RaftServerImpl (ServerState.java:<init>(103)) - c922d5df-3bd1-4669-b221-1ae7b105f951@group-997157C82D66: ConfigurationManager, init=-1: [c922d5df-3bd1-4669-b221-1ae7b105f951:172.17.0.2:33715], old=null, confs=<EMPTY_MAP>
2020-06-15 15:40:22,583 [pool-67-thread-1] INFO  impl.RaftServerImpl (RaftServerImpl.java:start(186)) - 9a0e5fc2-eb4c-4ba8-8ae5-559cc84280be@group-4D8EAECC9AD7: start as a follower, conf=-1: [9a0e5fc2-eb4c-4ba8-8ae5-559cc84280be:172.17.0.2:37177], old=null
2020-06-15 15:40:22,583 [pool-99-thread-1] INFO  server.RaftServerConfigKeys (ConfUtils.java:logGet(44)) - raft.server.storage.dir = [/github/workspace/mnt/ozone/hadoop-ozone/integration-test/target/test-dir/MiniOzoneClusterImpl-821e280a-19ea-4536-9ce4-db87e8de49a0/datanode-4/data/ratis] (custom)
2020-06-15 15:40:22,583 [pool-67-thread-1] INFO  impl.RaftServerImpl (RaftServerImpl.java:setRole(175)) - 9a0e5fc2-eb4c-4ba8-8ae5-559cc84280be@group-4D8EAECC9AD7: changes role from      null to FOLLOWER at term 0 for startAsFollower
2020-06-15 15:40:22,590 [pool-99-thread-1] INFO  server.RaftServerConfigKeys (ConfUtils.java:logGet(44)) - raft.server.log.corruption.policy = EXCEPTION (default)
2020-06-15 15:40:22,590 [pool-99-thread-1] INFO  storage.RaftStorageDirectory (RaftStorageDirectory.java:analyzeStorage(261)) - The storage directory /github/workspace/mnt/ozone/hadoop-ozone/integration-test/target/test-dir/MiniOzoneClusterImpl-821e280a-19ea-4536-9ce4-db87e8de49a0/datanode-4/data/ratis/6fe9f424-25dd-405d-8fb1-997157c82d66 does not exist. Creating ...
2020-06-15 15:40:22,596 [pool-99-thread-1] INFO  storage.RaftStorageDirectory (RaftStorageDirectory.java:tryLock(343)) - Lock on /github/workspace/mnt/ozone/hadoop-ozone/integration-test/target/test-dir/MiniOzoneClusterImpl-821e280a-19ea-4536-9ce4-db87e8de49a0/datanode-4/data/ratis/6fe9f424-25dd-405d-8fb1-997157c82d66/in_use.lock acquired by nodename 29548@dd6acf296020
2020-06-15 15:40:22,598 [pool-99-thread-1] INFO  storage.RaftStorage (RaftStorage.java:format(84)) - Storage directory /github/workspace/mnt/ozone/hadoop-ozone/integration-test/target/test-dir/MiniOzoneClusterImpl-821e280a-19ea-4536-9ce4-db87e8de49a0/datanode-4/data/ratis/6fe9f424-25dd-405d-8fb1-997157c82d66 has been successfully formatted.
2020-06-15 15:40:22,598 [pool-83-thread-1] INFO  util.JmxRegister (JmxRegister.java:tryRegister(44)) - Successfully registered JMX Bean with object name Ratis:service=RaftServer,group=group-AA9654AB1AA0,id=bb2a17c4-da93-471c-baec-5cf2aa5cf94e
2020-06-15 15:40:22,598 [pool-83-thread-1] INFO  metrics.RatisMetrics (RatisMetrics.java:lambda$create$0(36)) - Creating Metrics Registry : ratis.state_machine.bb2a17c4-da93-471c-baec-5cf2aa5cf94e@group-AA9654AB1AA0
2020-06-15 15:40:22,609 [EventQueue-PipelineReportForPipelineReportHandler] INFO  pipeline.PipelineStateManager (PipelineStateManager.java:openPipeline(131)) - Pipeline Pipeline[ Id: 8e0d6c83-8d03-4abf-8f10-4d8eaecc9ad7, Nodes: 9a0e5fc2-eb4c-4ba8-8ae5-559cc84280be{ip: 172.17.0.2, host: dd6acf296020, networkLocation: /default-rack, certSerialId: null}, Type:RATIS, Factor:ONE, State:ALLOCATED, leaderId:9a0e5fc2-eb4c-4ba8-8ae5-559cc84280be, CreationTimestamp2020-06-15T15:40:19.286Z] moved to OPEN state
2020-06-15 15:40:22,612 [pool-99-thread-1] INFO  ratis.ContainerStateMachine (ContainerStateMachine.java:loadSnapshot(226)) - group-997157C82D66: The snapshot info is null. Setting the last applied indexto:(t:0, i:~)
2020-06-15 15:40:22,613 [pool-99-thread-1] INFO  server.RaftServerConfigKeys (ConfUtils.java:logGet(44)) - raft.server.notification.no-leader.timeout = 60s (default)
2020-06-15 15:40:22,612 [pool-67-thread-1] INFO  impl.RoleInfo (RoleInfo.java:updateAndGet(143)) - 9a0e5fc2-eb4c-4ba8-8ae5-559cc84280be: start FollowerState
2020-06-15 15:40:22,613 [pool-99-thread-1] INFO  server.RaftServerConfigKeys (ConfUtils.java:logGet(44)) - raft.server.log.use.memory = false (default)
2020-06-15 15:40:22,613 [EventQueue-OpenPipelineForHealthyPipelineSafeModeRule] INFO  safemode.SCMSafeModeManager (HealthyPipelineSafeModeRule.java:process(132)) - SCM in safe mode. Healthy pipelines reported count is 0, required healthy pipeline reported count is 1
2020-06-15 15:40:22,613 [EventQueue-OpenPipelineForOneReplicaPipelineSafeModeRule] INFO  safemode.SCMSafeModeManager (SCMSafeModeManager.java:validateSafeModeExitRules(213)) - AtleastOneDatanodeReportedRule rule is successfully validated
2020-06-15 15:40:22,613 [pool-99-thread-1] INFO  server.RaftServerConfigKeys (ConfUtils.java:logGet(44)) - raft.server.log.purge.gap = 1000000 (custom)
2020-06-15 15:40:22,613 [Command processor thread] INFO  commandhandler.CreatePipelineCommandHandler (CreatePipelineCommandHandler.java:handle(109)) - Created Pipeline RATIS ONE #id: "643289b8-3b67-42f9-94ce-aa9654ab1aa0"
.
2020-06-15 15:40:22,613 [pool-99-thread-1] INFO  server.RaftServerConfigKeys (ConfUtils.java:logGet(44)) - raft.server.log.appender.buffer.byte-limit = 33554432 (custom)
2020-06-15 15:40:22,614 [pool-99-thread-1] INFO  server.RaftServerConfigKeys (ConfUtils.java:logGet(44)) - raft.server.log.segment.size.max = 1048576 (custom)
2020-06-15 15:40:22,614 [pool-99-thread-1] INFO  metrics.RatisMetrics (RatisMetrics.java:lambda$create$0(36)) - Creating Metrics Registry : ratis.log_worker.c922d5df-3bd1-4669-b221-1ae7b105f951@group-997157C82D66
2020-06-15 15:40:22,614 [Command processor thread] INFO  impl.RaftServerProxy (RaftServerProxy.java:addNew(89)) - bb2a17c4-da93-471c-baec-5cf2aa5cf94e: addNew group-14F7D0E30960:[bb2a17c4-da93-471c-baec-5cf2aa5cf94e:172.17.0.2:42619, 24a75401-d909-4cbe-bf6e-d874185015ef:172.17.0.2:38429, c922d5df-3bd1-4669-b221-1ae7b105f951:172.17.0.2:33715] returns group-14F7D0E30960:java.util.concurrent.CompletableFuture@269bbab8[Not completed]
2020-06-15 15:40:22,614 [pool-99-thread-1] INFO  server.RaftServerConfigKeys (ConfUtils.java:logGet(44)) - raft.server.log.segment.cache.num.max = 2 (custom)
2020-06-15 15:40:22,614 [pool-99-thread-1] INFO  segmented.SegmentedRaftLogWorker (SegmentedRaftLogWorker.java:<init>(180)) - new c922d5df-3bd1-4669-b221-1ae7b105f951@group-997157C82D66-SegmentedRaftLogWorker for RaftStorage:Storage Directory /github/workspace/mnt/ozone/hadoop-ozone/integration-test/target/test-dir/MiniOzoneClusterImpl-821e280a-19ea-4536-9ce4-db87e8de49a0/datanode-4/data/ratis/6fe9f424-25dd-405d-8fb1-997157c82d66
2020-06-15 15:40:22,614 [pool-99-thread-1] INFO  server.RaftServerConfigKeys (ConfUtils.java:logGet(44)) - raft.server.log.queue.byte-limit = 2147483647 (custom)
2020-06-15 15:40:22,614 [pool-99-thread-1] INFO  server.RaftServerConfigKeys (ConfUtils.java:logGet(44)) - raft.server.log.queue.element-limit = 1024 (custom)
2020-06-15 15:40:22,614 [pool-99-thread-1] INFO  server.RaftServerConfigKeys (ConfUtils.java:logGet(44)) - raft.server.log.segment.size.max = 1048576 (custom)
2020-06-15 15:40:22,614 [pool-99-thread-1] INFO  server.RaftServerConfigKeys (ConfUtils.java:logGet(44)) - raft.server.log.preallocated.size = 16384 (custom)
2020-06-15 15:40:22,614 [pool-99-thread-1] INFO  server.RaftServerConfigKeys (ConfUtils.java:logGet(44)) - raft.server.log.write.buffer.size = 1048576 (custom)
2020-06-15 15:40:22,614 [pool-99-thread-1] INFO  server.RaftServerConfigKeys (ConfUtils.java:logGet(44)) - raft.server.log.force.sync.num = 128 (default)
2020-06-15 15:40:22,615 [pool-99-thread-1] INFO  server.RaftServerConfigKeys (ConfUtils.java:logGet(44)) - raft.server.log.statemachine.data.sync = true (default)
2020-06-15 15:40:22,615 [pool-99-thread-1] INFO  server.RaftServerConfigKeys (ConfUtils.java:logGet(44)) - raft.server.log.statemachine.data.sync.timeout = 10s (default)
2020-06-15 15:40:22,615 [pool-99-thread-1] INFO  server.RaftServerConfigKeys (ConfUtils.java:logGet(44)) - raft.server.log.statemachine.data.sync.timeout.retry = -1 (default)
2020-06-15 15:40:22,615 [pool-83-thread-1] INFO  impl.RaftServerImpl (RaftServerImpl.java:<init>(99)) - bb2a17c4-da93-471c-baec-5cf2aa5cf94e: new RaftServerImpl for group-14F7D0E30960:[bb2a17c4-da93-471c-baec-5cf2aa5cf94e:172.17.0.2:42619, 24a75401-d909-4cbe-bf6e-d874185015ef:172.17.0.2:38429, c922d5df-3bd1-4669-b221-1ae7b105f951:172.17.0.2:33715] with ContainerStateMachine:uninitialized
2020-06-15 15:40:22,615 [pool-83-thread-1] INFO  server.RaftServerConfigKeys (ConfUtils.java:logGet(44)) - raft.server.rpc.timeout.min = 1s (custom)
2020-06-15 15:40:22,615 [pool-83-thread-1] INFO  server.RaftServerConfigKeys (ConfUtils.java:logGet(44)) - raft.server.rpc.timeout.max = 1200ms (custom)
2020-06-15 15:40:22,615 [pool-83-thread-1] INFO  server.RaftServerConfigKeys (ConfUtils.java:logGet(44)) - raft.server.rpcslowness.timeout = 300s (custom)
2020-06-15 15:40:22,615 [pool-83-thread-1] INFO  server.RaftServerConfigKeys (ConfUtils.java:logGet(44)) - raft.server.sleep.deviation.threshold = 300 (default)
2020-06-15 15:40:22,615 [pool-83-thread-1] INFO  server.RaftServerConfigKeys (ConfUtils.java:logGet(44)) - raft.server.log.appender.install.snapshot.enabled = false (custom)
2020-06-15 15:40:22,615 [pool-83-thread-1] INFO  impl.RaftServerImpl (ServerState.java:<init>(103)) - bb2a17c4-da93-471c-baec-5cf2aa5cf94e@group-14F7D0E30960: ConfigurationManager, init=-1: [bb2a17c4-da93-471c-baec-5cf2aa5cf94e:172.17.0.2:42619, 24a75401-d909-4cbe-bf6e-d874185015ef:172.17.0.2:38429, c922d5df-3bd1-4669-b221-1ae7b105f951:172.17.0.2:33715], old=null, confs=<EMPTY_MAP>
2020-06-15 15:40:22,616 [pool-83-thread-1] INFO  server.RaftServerConfigKeys (ConfUtils.java:logGet(44)) - raft.server.storage.dir = [/github/workspace/mnt/ozone/hadoop-ozone/integration-test/target/test-dir/MiniOzoneClusterImpl-821e280a-19ea-4536-9ce4-db87e8de49a0/datanode-3/data/ratis] (custom)
2020-06-15 15:40:22,616 [pool-83-thread-1] INFO  server.RaftServerConfigKeys (ConfUtils.java:logGet(44)) - raft.server.log.corruption.policy = EXCEPTION (default)
2020-06-15 15:40:22,616 [pool-83-thread-1] INFO  storage.RaftStorageDirectory (RaftStorageDirectory.java:analyzeStorage(261)) - The storage directory /github/workspace/mnt/ozone/hadoop-ozone/integration-test/target/test-dir/MiniOzoneClusterImpl-821e280a-19ea-4536-9ce4-db87e8de49a0/datanode-3/data/ratis/a92e5d60-6bd7-4a35-8c33-14f7d0e30960 does not exist. Creating ...
2020-06-15 15:40:22,620 [pool-67-thread-1] INFO  util.JmxRegister (JmxRegister.java:tryRegister(44)) - Successfully registered JMX Bean with object name Ratis:service=RaftServer,group=group-4D8EAECC9AD7,id=9a0e5fc2-eb4c-4ba8-8ae5-559cc84280be
2020-06-15 15:40:22,620 [pool-67-thread-1] INFO  metrics.RatisMetrics (RatisMetrics.java:lambda$create$0(36)) - Creating Metrics Registry : ratis.state_machine.9a0e5fc2-eb4c-4ba8-8ae5-559cc84280be@group-4D8EAECC9AD7
2020-06-15 15:40:22,623 [pool-99-thread-1] INFO  server.RaftServerConfigKeys (ConfUtils.java:logGet(44)) - raft.server.log.statemachine.data.caching.enabled = true (custom)
2020-06-15 15:40:22,623 [pool-99-thread-1] INFO  segmented.SegmentedRaftLogWorker (SegmentedRaftLogWorker.java:lambda$new$0(129)) - c922d5df-3bd1-4669-b221-1ae7b105f951@group-997157C82D66-SegmentedRaftLogWorker: flushIndex: setUnconditionally 0 -> -1
2020-06-15 15:40:22,624 [pool-99-thread-1] INFO  segmented.SegmentedRaftLogWorker (SegmentedRaftLogWorker.java:lambda$new$0(129)) - c922d5df-3bd1-4669-b221-1ae7b105f951@group-997157C82D66-SegmentedRaftLogWorker: safeCacheEvictIndex: setUnconditionally 0 -> -1
2020-06-15 15:40:22,628 [pool-83-thread-1] INFO  storage.RaftStorageDirectory (RaftStorageDirectory.java:tryLock(343)) - Lock on /github/workspace/mnt/ozone/hadoop-ozone/integration-test/target/test-dir/MiniOzoneClusterImpl-821e280a-19ea-4536-9ce4-db87e8de49a0/datanode-3/data/ratis/a92e5d60-6bd7-4a35-8c33-14f7d0e30960/in_use.lock acquired by nodename 29548@dd6acf296020
2020-06-15 15:40:22,629 [pool-99-thread-1] INFO  server.RaftServerConfigKeys (ConfUtils.java:logGet(44)) - raft.server.snapshot.auto.trigger.enabled = true (custom)
2020-06-15 15:40:22,629 [pool-99-thread-1] INFO  server.RaftServerConfigKeys (ConfUtils.java:logGet(44)) - raft.server.snapshot.auto.trigger.threshold = 10000 (custom)
2020-06-15 15:40:22,629 [pool-99-thread-1] INFO  server.RaftServerConfigKeys (ConfUtils.java:logGet(44)) - raft.server.snapshot.retention.file.num = 5 (custom)
2020-06-15 15:40:22,630 [pool-99-thread-1] INFO  server.RaftServerConfigKeys (ConfUtils.java:logGet(44)) - raft.server.log.purge.upto.snapshot.index = false (default)
2020-06-15 15:40:22,630 [pool-99-thread-1] INFO  server.RaftServerConfigKeys (ConfUtils.java:logGet(44)) - raft.server.retrycache.expirytime = 600000ms (custom)
2020-06-15 15:40:22,630 [pool-99-thread-1] INFO  metrics.RatisMetrics (RatisMetrics.java:lambda$create$0(36)) - Creating Metrics Registry : ratis.leader_election.c922d5df-3bd1-4669-b221-1ae7b105f951@group-997157C82D66
2020-06-15 15:40:22,630 [pool-99-thread-1] INFO  metrics.RatisMetrics (RatisMetrics.java:lambda$create$0(36)) - Creating Metrics Registry : ratis.server.c922d5df-3bd1-4669-b221-1ae7b105f951@group-997157C82D66
2020-06-15 15:40:22,632 [pool-83-thread-1] INFO  storage.RaftStorage (RaftStorage.java:format(84)) - Storage directory /github/workspace/mnt/ozone/hadoop-ozone/integration-test/target/test-dir/MiniOzoneClusterImpl-821e280a-19ea-4536-9ce4-db87e8de49a0/datanode-3/data/ratis/a92e5d60-6bd7-4a35-8c33-14f7d0e30960 has been successfully formatted.
2020-06-15 15:40:22,632 [pool-83-thread-1] INFO  ratis.ContainerStateMachine (ContainerStateMachine.java:loadSnapshot(226)) - group-14F7D0E30960: The snapshot info is null. Setting the last applied indexto:(t:0, i:~)
2020-06-15 15:40:22,632 [pool-83-thread-1] INFO  server.RaftServerConfigKeys (ConfUtils.java:logGet(44)) - raft.server.notification.no-leader.timeout = 60s (default)
2020-06-15 15:40:22,632 [pool-83-thread-1] INFO  server.RaftServerConfigKeys (ConfUtils.java:logGet(44)) - raft.server.log.use.memory = false (default)
2020-06-15 15:40:22,632 [pool-83-thread-1] INFO  server.RaftServerConfigKeys (ConfUtils.java:logGet(44)) - raft.server.log.purge.gap = 1000000 (custom)
2020-06-15 15:40:22,632 [pool-83-thread-1] INFO  server.RaftServerConfigKeys (ConfUtils.java:logGet(44)) - raft.server.log.appender.buffer.byte-limit = 33554432 (custom)
2020-06-15 15:40:22,632 [pool-83-thread-1] INFO  server.RaftServerConfigKeys (ConfUtils.java:logGet(44)) - raft.server.log.segment.size.max = 1048576 (custom)
2020-06-15 15:40:22,632 [pool-83-thread-1] INFO  metrics.RatisMetrics (RatisMetrics.java:lambda$create$0(36)) - Creating Metrics Registry : ratis.log_worker.bb2a17c4-da93-471c-baec-5cf2aa5cf94e@group-14F7D0E30960
2020-06-15 15:40:22,633 [pool-83-thread-1] INFO  server.RaftServerConfigKeys (ConfUtils.java:logGet(44)) - raft.server.log.segment.cache.num.max = 2 (custom)
2020-06-15 15:40:22,633 [pool-83-thread-1] INFO  segmented.SegmentedRaftLogWorker (SegmentedRaftLogWorker.java:<init>(180)) - new bb2a17c4-da93-471c-baec-5cf2aa5cf94e@group-14F7D0E30960-SegmentedRaftLogWorker for RaftStorage:Storage Directory /github/workspace/mnt/ozone/hadoop-ozone/integration-test/target/test-dir/MiniOzoneClusterImpl-821e280a-19ea-4536-9ce4-db87e8de49a0/datanode-3/data/ratis/a92e5d60-6bd7-4a35-8c33-14f7d0e30960
2020-06-15 15:40:22,633 [pool-83-thread-1] INFO  server.RaftServerConfigKeys (ConfUtils.java:logGet(44)) - raft.server.log.queue.byte-limit = 2147483647 (custom)
2020-06-15 15:40:22,633 [pool-83-thread-1] INFO  server.RaftServerConfigKeys (ConfUtils.java:logGet(44)) - raft.server.log.queue.element-limit = 1024 (custom)
2020-06-15 15:40:22,633 [pool-83-thread-1] INFO  server.RaftServerConfigKeys (ConfUtils.java:logGet(44)) - raft.server.log.segment.size.max = 1048576 (custom)
2020-06-15 15:40:22,633 [pool-83-thread-1] INFO  server.RaftServerConfigKeys (ConfUtils.java:logGet(44)) - raft.server.log.preallocated.size = 16384 (custom)
2020-06-15 15:40:22,633 [pool-83-thread-1] INFO  server.RaftServerConfigKeys (ConfUtils.java:logGet(44)) - raft.server.log.write.buffer.size = 1048576 (custom)
2020-06-15 15:40:22,633 [pool-83-thread-1] INFO  server.RaftServerConfigKeys (ConfUtils.java:logGet(44)) - raft.server.log.force.sync.num = 128 (default)
2020-06-15 15:40:22,633 [pool-83-thread-1] INFO  server.RaftServerConfigKeys (ConfUtils.java:logGet(44)) - raft.server.log.statemachine.data.sync = true (default)
2020-06-15 15:40:22,633 [pool-83-thread-1] INFO  server.RaftServerConfigKeys (ConfUtils.java:logGet(44)) - raft.server.log.statemachine.data.sync.timeout = 10s (default)
2020-06-15 15:40:22,633 [pool-83-thread-1] INFO  server.RaftServerConfigKeys (ConfUtils.java:logGet(44)) - raft.server.log.statemachine.data.sync.timeout.retry = -1 (default)
2020-06-15 15:40:22,636 [EventQueue-PipelineReportForPipelineReportHandler] INFO  pipeline.PipelineStateManager (PipelineStateManager.java:openPipeline(131)) - Pipeline Pipeline[ Id: 6fe9f424-25dd-405d-8fb1-997157c82d66, Nodes: c922d5df-3bd1-4669-b221-1ae7b105f951{ip: 172.17.0.2, host: dd6acf296020, networkLocation: /default-rack, certSerialId: null}, Type:RATIS, Factor:ONE, State:ALLOCATED, leaderId:c922d5df-3bd1-4669-b221-1ae7b105f951, CreationTimestamp2020-06-15T15:40:19.547Z] moved to OPEN state
2020-06-15 15:40:22,636 [EventQueue-OpenPipelineForOneReplicaPipelineSafeModeRule] INFO  safemode.SCMSafeModeManager (SCMSafeModeManager.java:validateSafeModeExitRules(213)) - AtleastOneDatanodeReportedRule rule is successfully validated
2020-06-15 15:40:22,636 [EventQueue-OpenPipelineForHealthyPipelineSafeModeRule] INFO  safemode.SCMSafeModeManager (HealthyPipelineSafeModeRule.java:process(132)) - SCM in safe mode. Healthy pipelines reported count is 0, required healthy pipeline reported count is 1
2020-06-15 15:40:22,638 [Command processor thread] INFO  commandhandler.CreatePipelineCommandHandler (CreatePipelineCommandHandler.java:handle(109)) - Created Pipeline RATIS ONE #id: "8e0d6c83-8d03-4abf-8f10-4d8eaecc9ad7"
.
2020-06-15 15:40:22,638 [Command processor thread] INFO  impl.RaftServerProxy (RaftServerProxy.java:addNew(89)) - 9a0e5fc2-eb4c-4ba8-8ae5-559cc84280be: addNew group-3A5C16CF8D5C:[c912bb49-c5b6-43bc-8d73-0672ac2b0169:172.17.0.2:44503, 9e264cd7-89cf-4adc-86a4-e73cb5c9846a:172.17.0.2:46793, 9a0e5fc2-eb4c-4ba8-8ae5-559cc84280be:172.17.0.2:37177] returns group-3A5C16CF8D5C:java.util.concurrent.CompletableFuture@74baa7d8[Not completed]
2020-06-15 15:40:22,639 [pool-67-thread-1] INFO  impl.RaftServerImpl (RaftServerImpl.java:<init>(99)) - 9a0e5fc2-eb4c-4ba8-8ae5-559cc84280be: new RaftServerImpl for group-3A5C16CF8D5C:[c912bb49-c5b6-43bc-8d73-0672ac2b0169:172.17.0.2:44503, 9e264cd7-89cf-4adc-86a4-e73cb5c9846a:172.17.0.2:46793, 9a0e5fc2-eb4c-4ba8-8ae5-559cc84280be:172.17.0.2:37177] with ContainerStateMachine:uninitialized
2020-06-15 15:40:22,639 [pool-67-thread-1] INFO  server.RaftServerConfigKeys (ConfUtils.java:logGet(44)) - raft.server.rpc.timeout.min = 1s (custom)
2020-06-15 15:40:22,639 [pool-67-thread-1] INFO  server.RaftServerConfigKeys (ConfUtils.java:logGet(44)) - raft.server.rpc.timeout.max = 1200ms (custom)
2020-06-15 15:40:22,639 [pool-67-thread-1] INFO  server.RaftServerConfigKeys (ConfUtils.java:logGet(44)) - raft.server.rpcslowness.timeout = 300s (custom)
2020-06-15 15:40:22,639 [pool-67-thread-1] INFO  server.RaftServerConfigKeys (ConfUtils.java:logGet(44)) - raft.server.sleep.deviation.threshold = 300 (default)
2020-06-15 15:40:22,639 [pool-67-thread-1] INFO  server.RaftServerConfigKeys (ConfUtils.java:logGet(44)) - raft.server.log.appender.install.snapshot.enabled = false (custom)
2020-06-15 15:40:22,639 [pool-67-thread-1] INFO  impl.RaftServerImpl (ServerState.java:<init>(103)) - 9a0e5fc2-eb4c-4ba8-8ae5-559cc84280be@group-3A5C16CF8D5C: ConfigurationManager, init=-1: [c912bb49-c5b6-43bc-8d73-0672ac2b0169:172.17.0.2:44503, 9e264cd7-89cf-4adc-86a4-e73cb5c9846a:172.17.0.2:46793, 9a0e5fc2-eb4c-4ba8-8ae5-559cc84280be:172.17.0.2:37177], old=null, confs=<EMPTY_MAP>
2020-06-15 15:40:22,640 [pool-67-thread-1] INFO  server.RaftServerConfigKeys (ConfUtils.java:logGet(44)) - raft.server.storage.dir = [/github/workspace/mnt/ozone/hadoop-ozone/integration-test/target/test-dir/MiniOzoneClusterImpl-821e280a-19ea-4536-9ce4-db87e8de49a0/datanode-2/data/ratis] (custom)
2020-06-15 15:40:22,640 [pool-67-thread-1] INFO  server.RaftServerConfigKeys (ConfUtils.java:logGet(44)) - raft.server.log.corruption.policy = EXCEPTION (default)
2020-06-15 15:40:22,645 [pool-67-thread-1] INFO  storage.RaftStorageDirectory (RaftStorageDirectory.java:analyzeStorage(261)) - The storage directory /github/workspace/mnt/ozone/hadoop-ozone/integration-test/target/test-dir/MiniOzoneClusterImpl-821e280a-19ea-4536-9ce4-db87e8de49a0/datanode-2/data/ratis/9c50ad9e-5235-4dd0-9b15-3a5c16cf8d5c does not exist. Creating ...
2020-06-15 15:40:22,643 [pool-115-thread-1] INFO  impl.RaftServerImpl (RaftServerImpl.java:<init>(99)) - 24a75401-d909-4cbe-bf6e-d874185015ef: new RaftServerImpl for group-2FF721B0DB4F:[24a75401-d909-4cbe-bf6e-d874185015ef:172.17.0.2:38429] with ContainerStateMachine:uninitialized
2020-06-15 15:40:22,642 [pool-83-thread-1] INFO  server.RaftServerConfigKeys (ConfUtils.java:logGet(44)) - raft.server.log.statemachine.data.caching.enabled = true (custom)
2020-06-15 15:40:22,641 [Command processor thread] INFO  impl.RaftServerProxy (RaftServerProxy.java:addNew(89)) - 24a75401-d909-4cbe-bf6e-d874185015ef: addNew group-2FF721B0DB4F:[24a75401-d909-4cbe-bf6e-d874185015ef:172.17.0.2:38429] returns group-2FF721B0DB4F:java.util.concurrent.CompletableFuture@738f888b[Not completed]
2020-06-15 15:40:22,641 [pool-99-thread-1] INFO  impl.RaftServerImpl (RaftServerImpl.java:start(186)) - c922d5df-3bd1-4669-b221-1ae7b105f951@group-997157C82D66: start as a follower, conf=-1: [c922d5df-3bd1-4669-b221-1ae7b105f951:172.17.0.2:33715], old=null
2020-06-15 15:40:22,646 [pool-99-thread-1] INFO  impl.RaftServerImpl (RaftServerImpl.java:setRole(175)) - c922d5df-3bd1-4669-b221-1ae7b105f951@group-997157C82D66: changes role from      null to FOLLOWER at term 0 for startAsFollower
2020-06-15 15:40:22,646 [pool-115-thread-1] INFO  server.RaftServerConfigKeys (ConfUtils.java:logGet(44)) - raft.server.rpc.timeout.min = 1s (custom)
2020-06-15 15:40:22,646 [pool-83-thread-1] INFO  segmented.SegmentedRaftLogWorker (SegmentedRaftLogWorker.java:lambda$new$0(129)) - bb2a17c4-da93-471c-baec-5cf2aa5cf94e@group-14F7D0E30960-SegmentedRaftLogWorker: flushIndex: setUnconditionally 0 -> -1
2020-06-15 15:40:22,646 [pool-83-thread-1] INFO  segmented.SegmentedRaftLogWorker (SegmentedRaftLogWorker.java:lambda$new$0(129)) - bb2a17c4-da93-471c-baec-5cf2aa5cf94e@group-14F7D0E30960-SegmentedRaftLogWorker: safeCacheEvictIndex: setUnconditionally 0 -> -1
2020-06-15 15:40:22,646 [pool-67-thread-1] INFO  storage.RaftStorageDirectory (RaftStorageDirectory.java:tryLock(343)) - Lock on /github/workspace/mnt/ozone/hadoop-ozone/integration-test/target/test-dir/MiniOzoneClusterImpl-821e280a-19ea-4536-9ce4-db87e8de49a0/datanode-2/data/ratis/9c50ad9e-5235-4dd0-9b15-3a5c16cf8d5c/in_use.lock acquired by nodename 29548@dd6acf296020
2020-06-15 15:40:22,646 [pool-99-thread-1] INFO  impl.RoleInfo (RoleInfo.java:updateAndGet(143)) - c922d5df-3bd1-4669-b221-1ae7b105f951: start FollowerState
2020-06-15 15:40:22,646 [pool-115-thread-1] INFO  server.RaftServerConfigKeys (ConfUtils.java:logGet(44)) - raft.server.rpc.timeout.max = 1200ms (custom)
2020-06-15 15:40:22,647 [pool-115-thread-1] INFO  server.RaftServerConfigKeys (ConfUtils.java:logGet(44)) - raft.server.rpcslowness.timeout = 300s (custom)
2020-06-15 15:40:22,647 [pool-115-thread-1] INFO  server.RaftServerConfigKeys (ConfUtils.java:logGet(44)) - raft.server.sleep.deviation.threshold = 300 (default)
2020-06-15 15:40:22,647 [pool-115-thread-1] INFO  server.RaftServerConfigKeys (ConfUtils.java:logGet(44)) - raft.server.log.appender.install.snapshot.enabled = false (custom)
2020-06-15 15:40:22,648 [pool-115-thread-1] INFO  impl.RaftServerImpl (ServerState.java:<init>(103)) - 24a75401-d909-4cbe-bf6e-d874185015ef@group-2FF721B0DB4F: ConfigurationManager, init=-1: [24a75401-d909-4cbe-bf6e-d874185015ef:172.17.0.2:38429], old=null, confs=<EMPTY_MAP>
2020-06-15 15:40:22,648 [pool-115-thread-1] INFO  server.RaftServerConfigKeys (ConfUtils.java:logGet(44)) - raft.server.storage.dir = [/github/workspace/mnt/ozone/hadoop-ozone/integration-test/target/test-dir/MiniOzoneClusterImpl-821e280a-19ea-4536-9ce4-db87e8de49a0/datanode-5/data/ratis] (custom)
2020-06-15 15:40:22,648 [pool-115-thread-1] INFO  server.RaftServerConfigKeys (ConfUtils.java:logGet(44)) - raft.server.log.corruption.policy = EXCEPTION (default)
2020-06-15 15:40:22,648 [pool-115-thread-1] INFO  storage.RaftStorageDirectory (RaftStorageDirectory.java:analyzeStorage(261)) - The storage directory /github/workspace/mnt/ozone/hadoop-ozone/integration-test/target/test-dir/MiniOzoneClusterImpl-821e280a-19ea-4536-9ce4-db87e8de49a0/datanode-5/data/ratis/10f5226f-5c96-4596-b893-2ff721b0db4f does not exist. Creating ...
2020-06-15 15:40:22,650 [pool-67-thread-1] INFO  storage.RaftStorage (RaftStorage.java:format(84)) - Storage directory /github/workspace/mnt/ozone/hadoop-ozone/integration-test/target/test-dir/MiniOzoneClusterImpl-821e280a-19ea-4536-9ce4-db87e8de49a0/datanode-2/data/ratis/9c50ad9e-5235-4dd0-9b15-3a5c16cf8d5c has been successfully formatted.
2020-06-15 15:40:22,656 [pool-83-thread-1] INFO  server.RaftServerConfigKeys (ConfUtils.java:logGet(44)) - raft.server.snapshot.auto.trigger.enabled = true (custom)
2020-06-15 15:40:22,656 [pool-115-thread-1] INFO  storage.RaftStorageDirectory (RaftStorageDirectory.java:tryLock(343)) - Lock on /github/workspace/mnt/ozone/hadoop-ozone/integration-test/target/test-dir/MiniOzoneClusterImpl-821e280a-19ea-4536-9ce4-db87e8de49a0/datanode-5/data/ratis/10f5226f-5c96-4596-b893-2ff721b0db4f/in_use.lock acquired by nodename 29548@dd6acf296020
2020-06-15 15:40:22,657 [pool-67-thread-1] INFO  ratis.ContainerStateMachine (ContainerStateMachine.java:loadSnapshot(226)) - group-3A5C16CF8D5C: The snapshot info is null. Setting the last applied indexto:(t:0, i:~)
2020-06-15 15:40:22,657 [pool-67-thread-1] INFO  server.RaftServerConfigKeys (ConfUtils.java:logGet(44)) - raft.server.notification.no-leader.timeout = 60s (default)
2020-06-15 15:40:22,657 [pool-67-thread-1] INFO  server.RaftServerConfigKeys (ConfUtils.java:logGet(44)) - raft.server.log.use.memory = false (default)
2020-06-15 15:40:22,657 [pool-67-thread-1] INFO  server.RaftServerConfigKeys (ConfUtils.java:logGet(44)) - raft.server.log.purge.gap = 1000000 (custom)
2020-06-15 15:40:22,657 [pool-67-thread-1] INFO  server.RaftServerConfigKeys (ConfUtils.java:logGet(44)) - raft.server.log.appender.buffer.byte-limit = 33554432 (custom)
2020-06-15 15:40:22,658 [pool-67-thread-1] INFO  server.RaftServerConfigKeys (ConfUtils.java:logGet(44)) - raft.server.log.segment.size.max = 1048576 (custom)
2020-06-15 15:40:22,658 [pool-67-thread-1] INFO  metrics.RatisMetrics (RatisMetrics.java:lambda$create$0(36)) - Creating Metrics Registry : ratis.log_worker.9a0e5fc2-eb4c-4ba8-8ae5-559cc84280be@group-3A5C16CF8D5C
2020-06-15 15:40:22,658 [pool-67-thread-1] INFO  server.RaftServerConfigKeys (ConfUtils.java:logGet(44)) - raft.server.log.segment.cache.num.max = 2 (custom)
2020-06-15 15:40:22,658 [pool-67-thread-1] INFO  segmented.SegmentedRaftLogWorker (SegmentedRaftLogWorker.java:<init>(180)) - new 9a0e5fc2-eb4c-4ba8-8ae5-559cc84280be@group-3A5C16CF8D5C-SegmentedRaftLogWorker for RaftStorage:Storage Directory /github/workspace/mnt/ozone/hadoop-ozone/integration-test/target/test-dir/MiniOzoneClusterImpl-821e280a-19ea-4536-9ce4-db87e8de49a0/datanode-2/data/ratis/9c50ad9e-5235-4dd0-9b15-3a5c16cf8d5c
2020-06-15 15:40:22,656 [pool-83-thread-1] INFO  server.RaftServerConfigKeys (ConfUtils.java:logGet(44)) - raft.server.snapshot.auto.trigger.threshold = 10000 (custom)
2020-06-15 15:40:22,659 [pool-83-thread-1] INFO  server.RaftServerConfigKeys (ConfUtils.java:logGet(44)) - raft.server.snapshot.retention.file.num = 5 (custom)
2020-06-15 15:40:22,659 [pool-83-thread-1] INFO  server.RaftServerConfigKeys (ConfUtils.java:logGet(44)) - raft.server.log.purge.upto.snapshot.index = false (default)
2020-06-15 15:40:22,659 [pool-83-thread-1] INFO  server.RaftServerConfigKeys (ConfUtils.java:logGet(44)) - raft.server.retrycache.expirytime = 600000ms (custom)
2020-06-15 15:40:22,659 [pool-83-thread-1] INFO  metrics.RatisMetrics (RatisMetrics.java:lambda$create$0(36)) - Creating Metrics Registry : ratis.leader_election.bb2a17c4-da93-471c-baec-5cf2aa5cf94e@group-14F7D0E30960
2020-06-15 15:40:22,659 [pool-115-thread-1] INFO  storage.RaftStorage (RaftStorage.java:format(84)) - Storage directory /github/workspace/mnt/ozone/hadoop-ozone/integration-test/target/test-dir/MiniOzoneClusterImpl-821e280a-19ea-4536-9ce4-db87e8de49a0/datanode-5/data/ratis/10f5226f-5c96-4596-b893-2ff721b0db4f has been successfully formatted.
2020-06-15 15:40:22,661 [pool-115-thread-1] INFO  ratis.ContainerStateMachine (ContainerStateMachine.java:loadSnapshot(226)) - group-2FF721B0DB4F: The snapshot info is null. Setting the last applied indexto:(t:0, i:~)
2020-06-15 15:40:22,661 [pool-115-thread-1] INFO  server.RaftServerConfigKeys (ConfUtils.java:logGet(44)) - raft.server.notification.no-leader.timeout = 60s (default)
2020-06-15 15:40:22,661 [pool-115-thread-1] INFO  server.RaftServerConfigKeys (ConfUtils.java:logGet(44)) - raft.server.log.use.memory = false (default)
2020-06-15 15:40:22,661 [pool-115-thread-1] INFO  server.RaftServerConfigKeys (ConfUtils.java:logGet(44)) - raft.server.log.purge.gap = 1000000 (custom)
2020-06-15 15:40:22,661 [pool-115-thread-1] INFO  server.RaftServerConfigKeys (ConfUtils.java:logGet(44)) - raft.server.log.appender.buffer.byte-limit = 33554432 (custom)
2020-06-15 15:40:22,661 [pool-67-thread-1] INFO  server.RaftServerConfigKeys (ConfUtils.java:logGet(44)) - raft.server.log.queue.byte-limit = 2147483647 (custom)
2020-06-15 15:40:22,661 [pool-67-thread-1] INFO  server.RaftServerConfigKeys (ConfUtils.java:logGet(44)) - raft.server.log.queue.element-limit = 1024 (custom)
2020-06-15 15:40:22,661 [pool-115-thread-1] INFO  server.RaftServerConfigKeys (ConfUtils.java:logGet(44)) - raft.server.log.segment.size.max = 1048576 (custom)
2020-06-15 15:40:22,661 [pool-67-thread-1] INFO  server.RaftServerConfigKeys (ConfUtils.java:logGet(44)) - raft.server.log.segment.size.max = 1048576 (custom)
2020-06-15 15:40:22,662 [pool-67-thread-1] INFO  server.RaftServerConfigKeys (ConfUtils.java:logGet(44)) - raft.server.log.preallocated.size = 16384 (custom)
2020-06-15 15:40:22,662 [pool-67-thread-1] INFO  server.RaftServerConfigKeys (ConfUtils.java:logGet(44)) - raft.server.log.write.buffer.size = 1048576 (custom)
2020-06-15 15:40:22,662 [pool-67-thread-1] INFO  server.RaftServerConfigKeys (ConfUtils.java:logGet(44)) - raft.server.log.force.sync.num = 128 (default)
2020-06-15 15:40:22,662 [pool-67-thread-1] INFO  server.RaftServerConfigKeys (ConfUtils.java:logGet(44)) - raft.server.log.statemachine.data.sync = true (default)
2020-06-15 15:40:22,662 [pool-67-thread-1] INFO  server.RaftServerConfigKeys (ConfUtils.java:logGet(44)) - raft.server.log.statemachine.data.sync.timeout = 10s (default)
2020-06-15 15:40:22,662 [pool-67-thread-1] INFO  server.RaftServerConfigKeys (ConfUtils.java:logGet(44)) - raft.server.log.statemachine.data.sync.timeout.retry = -1 (default)
2020-06-15 15:40:22,662 [pool-115-thread-1] INFO  metrics.RatisMetrics (RatisMetrics.java:lambda$create$0(36)) - Creating Metrics Registry : ratis.log_worker.24a75401-d909-4cbe-bf6e-d874185015ef@group-2FF721B0DB4F
2020-06-15 15:40:22,662 [pool-115-thread-1] INFO  server.RaftServerConfigKeys (ConfUtils.java:logGet(44)) - raft.server.log.segment.cache.num.max = 2 (custom)
2020-06-15 15:40:22,664 [pool-115-thread-1] INFO  segmented.SegmentedRaftLogWorker (SegmentedRaftLogWorker.java:<init>(180)) - new 24a75401-d909-4cbe-bf6e-d874185015ef@group-2FF721B0DB4F-SegmentedRaftLogWorker for RaftStorage:Storage Directory /github/workspace/mnt/ozone/hadoop-ozone/integration-test/target/test-dir/MiniOzoneClusterImpl-821e280a-19ea-4536-9ce4-db87e8de49a0/datanode-5/data/ratis/10f5226f-5c96-4596-b893-2ff721b0db4f
2020-06-15 15:40:22,664 [pool-115-thread-1] INFO  server.RaftServerConfigKeys (ConfUtils.java:logGet(44)) - raft.server.log.queue.byte-limit = 2147483647 (custom)
2020-06-15 15:40:22,664 [pool-115-thread-1] INFO  server.RaftServerConfigKeys (ConfUtils.java:logGet(44)) - raft.server.log.queue.element-limit = 1024 (custom)
2020-06-15 15:40:22,664 [pool-99-thread-1] INFO  util.JmxRegister (JmxRegister.java:tryRegister(44)) - Successfully registered JMX Bean with object name Ratis:service=RaftServer,group=group-997157C82D66,id=c922d5df-3bd1-4669-b221-1ae7b105f951
2020-06-15 15:40:22,670 [pool-99-thread-1] INFO  metrics.RatisMetrics (RatisMetrics.java:lambda$create$0(36)) - Creating Metrics Registry : ratis.state_machine.c922d5df-3bd1-4669-b221-1ae7b105f951@group-997157C82D66
2020-06-15 15:40:22,664 [EventQueue-PipelineReportForPipelineReportHandler] INFO  pipeline.PipelineStateManager (PipelineStateManager.java:openPipeline(131)) - Pipeline Pipeline[ Id: 10f5226f-5c96-4596-b893-2ff721b0db4f, Nodes: 24a75401-d909-4cbe-bf6e-d874185015ef{ip: 172.17.0.2, host: dd6acf296020, networkLocation: /default-rack, certSerialId: null}, Type:RATIS, Factor:ONE, State:ALLOCATED, leaderId:24a75401-d909-4cbe-bf6e-d874185015ef, CreationTimestamp2020-06-15T15:40:19.635Z] moved to OPEN state
2020-06-15 15:40:22,670 [pool-115-thread-1] INFO  server.RaftServerConfigKeys (ConfUtils.java:logGet(44)) - raft.server.log.segment.size.max = 1048576 (custom)
2020-06-15 15:40:22,670 [EventQueue-OpenPipelineForOneReplicaPipelineSafeModeRule] INFO  safemode.SCMSafeModeManager (SCMSafeModeManager.java:validateSafeModeExitRules(213)) - AtleastOneDatanodeReportedRule rule is successfully validated
2020-06-15 15:40:22,670 [pool-115-thread-1] INFO  server.RaftServerConfigKeys (ConfUtils.java:logGet(44)) - raft.server.log.preallocated.size = 16384 (custom)
2020-06-15 15:40:22,670 [pool-115-thread-1] INFO  server.RaftServerConfigKeys (ConfUtils.java:logGet(44)) - raft.server.log.write.buffer.size = 1048576 (custom)
2020-06-15 15:40:22,670 [pool-115-thread-1] INFO  server.RaftServerConfigKeys (ConfUtils.java:logGet(44)) - raft.server.log.force.sync.num = 128 (default)
2020-06-15 15:40:22,670 [pool-115-thread-1] INFO  server.RaftServerConfigKeys (ConfUtils.java:logGet(44)) - raft.server.log.statemachine.data.sync = true (default)
2020-06-15 15:40:22,670 [EventQueue-OpenPipelineForHealthyPipelineSafeModeRule] INFO  safemode.SCMSafeModeManager (HealthyPipelineSafeModeRule.java:process(132)) - SCM in safe mode. Healthy pipelines reported count is 0, required healthy pipeline reported count is 1
2020-06-15 15:40:22,671 [pool-115-thread-1] INFO  server.RaftServerConfigKeys (ConfUtils.java:logGet(44)) - raft.server.log.statemachine.data.sync.timeout = 10s (default)
2020-06-15 15:40:22,671 [pool-115-thread-1] INFO  server.RaftServerConfigKeys (ConfUtils.java:logGet(44)) - raft.server.log.statemachine.data.sync.timeout.retry = -1 (default)
2020-06-15 15:40:22,672 [pool-83-thread-1] INFO  metrics.RatisMetrics (RatisMetrics.java:lambda$create$0(36)) - Creating Metrics Registry : ratis.server.bb2a17c4-da93-471c-baec-5cf2aa5cf94e@group-14F7D0E30960
2020-06-15 15:40:22,680 [Command processor thread] INFO  commandhandler.CreatePipelineCommandHandler (CreatePipelineCommandHandler.java:handle(109)) - Created Pipeline RATIS ONE #id: "6fe9f424-25dd-405d-8fb1-997157c82d66"
.
2020-06-15 15:40:22,680 [Command processor thread] INFO  impl.RaftServerProxy (RaftServerProxy.java:addNew(89)) - c922d5df-3bd1-4669-b221-1ae7b105f951: addNew group-14F7D0E30960:[bb2a17c4-da93-471c-baec-5cf2aa5cf94e:172.17.0.2:42619, 24a75401-d909-4cbe-bf6e-d874185015ef:172.17.0.2:38429, c922d5df-3bd1-4669-b221-1ae7b105f951:172.17.0.2:33715] returns group-14F7D0E30960:java.util.concurrent.CompletableFuture@1f5f3d59[Not completed]
2020-06-15 15:40:22,682 [pool-99-thread-1] INFO  impl.RaftServerImpl (RaftServerImpl.java:<init>(99)) - c922d5df-3bd1-4669-b221-1ae7b105f951: new RaftServerImpl for group-14F7D0E30960:[bb2a17c4-da93-471c-baec-5cf2aa5cf94e:172.17.0.2:42619, 24a75401-d909-4cbe-bf6e-d874185015ef:172.17.0.2:38429, c922d5df-3bd1-4669-b221-1ae7b105f951:172.17.0.2:33715] with ContainerStateMachine:uninitialized
2020-06-15 15:40:22,682 [pool-99-thread-1] INFO  server.RaftServerConfigKeys (ConfUtils.java:logGet(44)) - raft.server.rpc.timeout.min = 1s (custom)
2020-06-15 15:40:22,682 [pool-99-thread-1] INFO  server.RaftServerConfigKeys (ConfUtils.java:logGet(44)) - raft.server.rpc.timeout.max = 1200ms (custom)
2020-06-15 15:40:22,682 [pool-99-thread-1] INFO  server.RaftServerConfigKeys (ConfUtils.java:logGet(44)) - raft.server.rpcslowness.timeout = 300s (custom)
2020-06-15 15:40:22,682 [pool-99-thread-1] INFO  server.RaftServerConfigKeys (ConfUtils.java:logGet(44)) - raft.server.sleep.deviation.threshold = 300 (default)
2020-06-15 15:40:22,682 [pool-99-thread-1] INFO  server.RaftServerConfigKeys (ConfUtils.java:logGet(44)) - raft.server.log.appender.install.snapshot.enabled = false (custom)
2020-06-15 15:40:22,682 [pool-99-thread-1] INFO  impl.RaftServerImpl (ServerState.java:<init>(103)) - c922d5df-3bd1-4669-b221-1ae7b105f951@group-14F7D0E30960: ConfigurationManager, init=-1: [bb2a17c4-da93-471c-baec-5cf2aa5cf94e:172.17.0.2:42619, 24a75401-d909-4cbe-bf6e-d874185015ef:172.17.0.2:38429, c922d5df-3bd1-4669-b221-1ae7b105f951:172.17.0.2:33715], old=null, confs=<EMPTY_MAP>
2020-06-15 15:40:22,683 [pool-99-thread-1] INFO  server.RaftServerConfigKeys (ConfUtils.java:logGet(44)) - raft.server.storage.dir = [/github/workspace/mnt/ozone/hadoop-ozone/integration-test/target/test-dir/MiniOzoneClusterImpl-821e280a-19ea-4536-9ce4-db87e8de49a0/datanode-4/data/ratis] (custom)
2020-06-15 15:40:22,683 [pool-99-thread-1] INFO  server.RaftServerConfigKeys (ConfUtils.java:logGet(44)) - raft.server.log.corruption.policy = EXCEPTION (default)
2020-06-15 15:40:22,683 [pool-99-thread-1] INFO  storage.RaftStorageDirectory (RaftStorageDirectory.java:analyzeStorage(261)) - The storage directory /github/workspace/mnt/ozone/hadoop-ozone/integration-test/target/test-dir/MiniOzoneClusterImpl-821e280a-19ea-4536-9ce4-db87e8de49a0/datanode-4/data/ratis/a92e5d60-6bd7-4a35-8c33-14f7d0e30960 does not exist. Creating ...
2020-06-15 15:40:22,684 [pool-83-thread-1] INFO  impl.RaftServerImpl (RaftServerImpl.java:start(186)) - bb2a17c4-da93-471c-baec-5cf2aa5cf94e@group-14F7D0E30960: start as a follower, conf=-1: [bb2a17c4-da93-471c-baec-5cf2aa5cf94e:172.17.0.2:42619, 24a75401-d909-4cbe-bf6e-d874185015ef:172.17.0.2:38429, c922d5df-3bd1-4669-b221-1ae7b105f951:172.17.0.2:33715], old=null
2020-06-15 15:40:22,684 [pool-83-thread-1] INFO  impl.RaftServerImpl (RaftServerImpl.java:setRole(175)) - bb2a17c4-da93-471c-baec-5cf2aa5cf94e@group-14F7D0E30960: changes role from      null to FOLLOWER at term 0 for startAsFollower
2020-06-15 15:40:22,684 [pool-83-thread-1] INFO  impl.RoleInfo (RoleInfo.java:updateAndGet(143)) - bb2a17c4-da93-471c-baec-5cf2aa5cf94e: start FollowerState
2020-06-15 15:40:22,684 [pool-67-thread-1] INFO  server.RaftServerConfigKeys (ConfUtils.java:logGet(44)) - raft.server.log.statemachine.data.caching.enabled = true (custom)
2020-06-15 15:40:22,684 [pool-67-thread-1] INFO  segmented.SegmentedRaftLogWorker (SegmentedRaftLogWorker.java:lambda$new$0(129)) - 9a0e5fc2-eb4c-4ba8-8ae5-559cc84280be@group-3A5C16CF8D5C-SegmentedRaftLogWorker: flushIndex: setUnconditionally 0 -> -1
2020-06-15 15:40:22,684 [pool-67-thread-1] INFO  segmented.SegmentedRaftLogWorker (SegmentedRaftLogWorker.java:lambda$new$0(129)) - 9a0e5fc2-eb4c-4ba8-8ae5-559cc84280be@group-3A5C16CF8D5C-SegmentedRaftLogWorker: safeCacheEvictIndex: setUnconditionally 0 -> -1
2020-06-15 15:40:22,685 [pool-115-thread-1] INFO  server.RaftServerConfigKeys (ConfUtils.java:logGet(44)) - raft.server.log.statemachine.data.caching.enabled = true (custom)
2020-06-15 15:40:22,685 [pool-99-thread-1] INFO  storage.RaftStorageDirectory (RaftStorageDirectory.java:tryLock(343)) - Lock on /github/workspace/mnt/ozone/hadoop-ozone/integration-test/target/test-dir/MiniOzoneClusterImpl-821e280a-19ea-4536-9ce4-db87e8de49a0/datanode-4/data/ratis/a92e5d60-6bd7-4a35-8c33-14f7d0e30960/in_use.lock acquired by nodename 29548@dd6acf296020
2020-06-15 15:40:22,685 [pool-115-thread-1] INFO  segmented.SegmentedRaftLogWorker (SegmentedRaftLogWorker.java:lambda$new$0(129)) - 24a75401-d909-4cbe-bf6e-d874185015ef@group-2FF721B0DB4F-SegmentedRaftLogWorker: flushIndex: setUnconditionally 0 -> -1
2020-06-15 15:40:22,685 [pool-115-thread-1] INFO  segmented.SegmentedRaftLogWorker (SegmentedRaftLogWorker.java:lambda$new$0(129)) - 24a75401-d909-4cbe-bf6e-d874185015ef@group-2FF721B0DB4F-SegmentedRaftLogWorker: safeCacheEvictIndex: setUnconditionally 0 -> -1
2020-06-15 15:40:22,686 [pool-99-thread-1] INFO  storage.RaftStorage (RaftStorage.java:format(84)) - Storage directory /github/workspace/mnt/ozone/hadoop-ozone/integration-test/target/test-dir/MiniOzoneClusterImpl-821e280a-19ea-4536-9ce4-db87e8de49a0/datanode-4/data/ratis/a92e5d60-6bd7-4a35-8c33-14f7d0e30960 has been successfully formatted.
2020-06-15 15:40:22,688 [pool-83-thread-1] INFO  util.JmxRegister (JmxRegister.java:tryRegister(44)) - Successfully registered JMX Bean with object name Ratis:service=RaftServer,group=group-14F7D0E30960,id=bb2a17c4-da93-471c-baec-5cf2aa5cf94e
2020-06-15 15:40:22,688 [pool-83-thread-1] INFO  metrics.RatisMetrics (RatisMetrics.java:lambda$create$0(36)) - Creating Metrics Registry : ratis.state_machine.bb2a17c4-da93-471c-baec-5cf2aa5cf94e@group-14F7D0E30960
2020-06-15 15:40:22,692 [pool-99-thread-1] INFO  ratis.ContainerStateMachine (ContainerStateMachine.java:loadSnapshot(226)) - group-14F7D0E30960: The snapshot info is null. Setting the last applied indexto:(t:0, i:~)
2020-06-15 15:40:22,692 [pool-99-thread-1] INFO  server.RaftServerConfigKeys (ConfUtils.java:logGet(44)) - raft.server.notification.no-leader.timeout = 60s (default)
2020-06-15 15:40:22,693 [pool-99-thread-1] INFO  server.RaftServerConfigKeys (ConfUtils.java:logGet(44)) - raft.server.log.use.memory = false (default)
2020-06-15 15:40:22,693 [pool-99-thread-1] INFO  server.RaftServerConfigKeys (ConfUtils.java:logGet(44)) - raft.server.log.purge.gap = 1000000 (custom)
2020-06-15 15:40:22,693 [pool-99-thread-1] INFO  server.RaftServerConfigKeys (ConfUtils.java:logGet(44)) - raft.server.log.appender.buffer.byte-limit = 33554432 (custom)
2020-06-15 15:40:22,693 [pool-99-thread-1] INFO  server.RaftServerConfigKeys (ConfUtils.java:logGet(44)) - raft.server.log.segment.size.max = 1048576 (custom)
2020-06-15 15:40:22,693 [pool-99-thread-1] INFO  metrics.RatisMetrics (RatisMetrics.java:lambda$create$0(36)) - Creating Metrics Registry : ratis.log_worker.c922d5df-3bd1-4669-b221-1ae7b105f951@group-14F7D0E30960
2020-06-15 15:40:22,694 [pool-99-thread-1] INFO  server.RaftServerConfigKeys (ConfUtils.java:logGet(44)) - raft.server.log.segment.cache.num.max = 2 (custom)
2020-06-15 15:40:22,694 [pool-99-thread-1] INFO  segmented.SegmentedRaftLogWorker (SegmentedRaftLogWorker.java:<init>(180)) - new c922d5df-3bd1-4669-b221-1ae7b105f951@group-14F7D0E30960-SegmentedRaftLogWorker for RaftStorage:Storage Directory /github/workspace/mnt/ozone/hadoop-ozone/integration-test/target/test-dir/MiniOzoneClusterImpl-821e280a-19ea-4536-9ce4-db87e8de49a0/datanode-4/data/ratis/a92e5d60-6bd7-4a35-8c33-14f7d0e30960
2020-06-15 15:40:22,694 [pool-99-thread-1] INFO  server.RaftServerConfigKeys (ConfUtils.java:logGet(44)) - raft.server.log.queue.byte-limit = 2147483647 (custom)
2020-06-15 15:40:22,694 [pool-99-thread-1] INFO  server.RaftServerConfigKeys (ConfUtils.java:logGet(44)) - raft.server.log.queue.element-limit = 1024 (custom)
2020-06-15 15:40:22,694 [pool-99-thread-1] INFO  server.RaftServerConfigKeys (ConfUtils.java:logGet(44)) - raft.server.log.segment.size.max = 1048576 (custom)
2020-06-15 15:40:22,694 [pool-99-thread-1] INFO  server.RaftServerConfigKeys (ConfUtils.java:logGet(44)) - raft.server.log.preallocated.size = 16384 (custom)
2020-06-15 15:40:22,694 [pool-99-thread-1] INFO  server.RaftServerConfigKeys (ConfUtils.java:logGet(44)) - raft.server.log.write.buffer.size = 1048576 (custom)
2020-06-15 15:40:22,694 [pool-99-thread-1] INFO  server.RaftServerConfigKeys (ConfUtils.java:logGet(44)) - raft.server.log.force.sync.num = 128 (default)
2020-06-15 15:40:22,694 [pool-99-thread-1] INFO  server.RaftServerConfigKeys (ConfUtils.java:logGet(44)) - raft.server.log.statemachine.data.sync = true (default)
2020-06-15 15:40:22,694 [pool-99-thread-1] INFO  server.RaftServerConfigKeys (ConfUtils.java:logGet(44)) - raft.server.log.statemachine.data.sync.timeout = 10s (default)
2020-06-15 15:40:22,694 [pool-99-thread-1] INFO  server.RaftServerConfigKeys (ConfUtils.java:logGet(44)) - raft.server.log.statemachine.data.sync.timeout.retry = -1 (default)
2020-06-15 15:40:22,700 [pool-115-thread-1] INFO  server.RaftServerConfigKeys (ConfUtils.java:logGet(44)) - raft.server.snapshot.auto.trigger.enabled = true (custom)
2020-06-15 15:40:22,700 [pool-115-thread-1] INFO  server.RaftServerConfigKeys (ConfUtils.java:logGet(44)) - raft.server.snapshot.auto.trigger.threshold = 10000 (custom)
2020-06-15 15:40:22,700 [pool-115-thread-1] INFO  server.RaftServerConfigKeys (ConfUtils.java:logGet(44)) - raft.server.snapshot.retention.file.num = 5 (custom)
2020-06-15 15:40:22,700 [pool-115-thread-1] INFO  server.RaftServerConfigKeys (ConfUtils.java:logGet(44)) - raft.server.log.purge.upto.snapshot.index = false (default)
2020-06-15 15:40:22,703 [pool-67-thread-1] INFO  server.RaftServerConfigKeys (ConfUtils.java:logGet(44)) - raft.server.snapshot.auto.trigger.enabled = true (custom)
2020-06-15 15:40:22,704 [pool-67-thread-1] INFO  server.RaftServerConfigKeys (ConfUtils.java:logGet(44)) - raft.server.snapshot.auto.trigger.threshold = 10000 (custom)
2020-06-15 15:40:22,704 [pool-67-thread-1] INFO  server.RaftServerConfigKeys (ConfUtils.java:logGet(44)) - raft.server.snapshot.retention.file.num = 5 (custom)
2020-06-15 15:40:22,704 [pool-67-thread-1] INFO  server.RaftServerConfigKeys (ConfUtils.java:logGet(44)) - raft.server.log.purge.upto.snapshot.index = false (default)
2020-06-15 15:40:22,704 [pool-67-thread-1] INFO  server.RaftServerConfigKeys (ConfUtils.java:logGet(44)) - raft.server.retrycache.expirytime = 600000ms (custom)
2020-06-15 15:40:22,705 [pool-67-thread-1] INFO  metrics.RatisMetrics (RatisMetrics.java:lambda$create$0(36)) - Creating Metrics Registry : ratis.leader_election.9a0e5fc2-eb4c-4ba8-8ae5-559cc84280be@group-3A5C16CF8D5C
2020-06-15 15:40:22,705 [pool-67-thread-1] INFO  metrics.RatisMetrics (RatisMetrics.java:lambda$create$0(36)) - Creating Metrics Registry : ratis.server.9a0e5fc2-eb4c-4ba8-8ae5-559cc84280be@group-3A5C16CF8D5C
2020-06-15 15:40:22,706 [pool-67-thread-1] INFO  impl.RaftServerImpl (RaftServerImpl.java:start(186)) - 9a0e5fc2-eb4c-4ba8-8ae5-559cc84280be@group-3A5C16CF8D5C: start as a follower, conf=-1: [c912bb49-c5b6-43bc-8d73-0672ac2b0169:172.17.0.2:44503, 9e264cd7-89cf-4adc-86a4-e73cb5c9846a:172.17.0.2:46793, 9a0e5fc2-eb4c-4ba8-8ae5-559cc84280be:172.17.0.2:37177], old=null
2020-06-15 15:40:22,706 [pool-67-thread-1] INFO  impl.RaftServerImpl (RaftServerImpl.java:setRole(175)) - 9a0e5fc2-eb4c-4ba8-8ae5-559cc84280be@group-3A5C16CF8D5C: changes role from      null to FOLLOWER at term 0 for startAsFollower
2020-06-15 15:40:22,706 [pool-67-thread-1] INFO  impl.RoleInfo (RoleInfo.java:updateAndGet(143)) - 9a0e5fc2-eb4c-4ba8-8ae5-559cc84280be: start FollowerState
2020-06-15 15:40:22,708 [pool-67-thread-1] INFO  util.JmxRegister (JmxRegister.java:tryRegister(44)) - Successfully registered JMX Bean with object name Ratis:service=RaftServer,group=group-3A5C16CF8D5C,id=9a0e5fc2-eb4c-4ba8-8ae5-559cc84280be
2020-06-15 15:40:22,708 [pool-67-thread-1] INFO  metrics.RatisMetrics (RatisMetrics.java:lambda$create$0(36)) - Creating Metrics Registry : ratis.state_machine.9a0e5fc2-eb4c-4ba8-8ae5-559cc84280be@group-3A5C16CF8D5C
2020-06-15 15:40:22,712 [pool-115-thread-1] INFO  server.RaftServerConfigKeys (ConfUtils.java:logGet(44)) - raft.server.retrycache.expirytime = 600000ms (custom)
2020-06-15 15:40:22,717 [pool-99-thread-1] INFO  server.RaftServerConfigKeys (ConfUtils.java:logGet(44)) - raft.server.log.statemachine.data.caching.enabled = true (custom)
2020-06-15 15:40:22,717 [pool-115-thread-1] INFO  metrics.RatisMetrics (RatisMetrics.java:lambda$create$0(36)) - Creating Metrics Registry : ratis.leader_election.24a75401-d909-4cbe-bf6e-d874185015ef@group-2FF721B0DB4F
2020-06-15 15:40:22,717 [pool-99-thread-1] INFO  segmented.SegmentedRaftLogWorker (SegmentedRaftLogWorker.java:lambda$new$0(129)) - c922d5df-3bd1-4669-b221-1ae7b105f951@group-14F7D0E30960-SegmentedRaftLogWorker: flushIndex: setUnconditionally 0 -> -1
2020-06-15 15:40:22,717 [pool-99-thread-1] INFO  segmented.SegmentedRaftLogWorker (SegmentedRaftLogWorker.java:lambda$new$0(129)) - c922d5df-3bd1-4669-b221-1ae7b105f951@group-14F7D0E30960-SegmentedRaftLogWorker: safeCacheEvictIndex: setUnconditionally 0 -> -1
2020-06-15 15:40:22,717 [pool-115-thread-1] INFO  metrics.RatisMetrics (RatisMetrics.java:lambda$create$0(36)) - Creating Metrics Registry : ratis.server.24a75401-d909-4cbe-bf6e-d874185015ef@group-2FF721B0DB4F
2020-06-15 15:40:22,718 [pool-115-thread-1] INFO  impl.RaftServerImpl (RaftServerImpl.java:start(186)) - 24a75401-d909-4cbe-bf6e-d874185015ef@group-2FF721B0DB4F: start as a follower, conf=-1: [24a75401-d909-4cbe-bf6e-d874185015ef:172.17.0.2:38429], old=null
2020-06-15 15:40:22,719 [pool-115-thread-1] INFO  impl.RaftServerImpl (RaftServerImpl.java:setRole(175)) - 24a75401-d909-4cbe-bf6e-d874185015ef@group-2FF721B0DB4F: changes role from      null to FOLLOWER at term 0 for startAsFollower
2020-06-15 15:40:22,724 [pool-115-thread-1] INFO  impl.RoleInfo (RoleInfo.java:updateAndGet(143)) - 24a75401-d909-4cbe-bf6e-d874185015ef: start FollowerState
2020-06-15 15:40:22,732 [pool-99-thread-1] INFO  server.RaftServerConfigKeys (ConfUtils.java:logGet(44)) - raft.server.snapshot.auto.trigger.enabled = true (custom)
2020-06-15 15:40:22,732 [pool-99-thread-1] INFO  server.RaftServerConfigKeys (ConfUtils.java:logGet(44)) - raft.server.snapshot.auto.trigger.threshold = 10000 (custom)
2020-06-15 15:40:22,732 [pool-99-thread-1] INFO  server.RaftServerConfigKeys (ConfUtils.java:logGet(44)) - raft.server.snapshot.retention.file.num = 5 (custom)
2020-06-15 15:40:22,732 [pool-99-thread-1] INFO  server.RaftServerConfigKeys (ConfUtils.java:logGet(44)) - raft.server.log.purge.upto.snapshot.index = false (default)
2020-06-15 15:40:22,732 [pool-99-thread-1] INFO  server.RaftServerConfigKeys (ConfUtils.java:logGet(44)) - raft.server.retrycache.expirytime = 600000ms (custom)
2020-06-15 15:40:22,732 [pool-99-thread-1] INFO  metrics.RatisMetrics (RatisMetrics.java:lambda$create$0(36)) - Creating Metrics Registry : ratis.leader_election.c922d5df-3bd1-4669-b221-1ae7b105f951@group-14F7D0E30960
2020-06-15 15:40:22,733 [pool-99-thread-1] INFO  metrics.RatisMetrics (RatisMetrics.java:lambda$create$0(36)) - Creating Metrics Registry : ratis.server.c922d5df-3bd1-4669-b221-1ae7b105f951@group-14F7D0E30960
2020-06-15 15:40:22,734 [pool-99-thread-1] INFO  impl.RaftServerImpl (RaftServerImpl.java:start(186)) - c922d5df-3bd1-4669-b221-1ae7b105f951@group-14F7D0E30960: start as a follower, conf=-1: [bb2a17c4-da93-471c-baec-5cf2aa5cf94e:172.17.0.2:42619, 24a75401-d909-4cbe-bf6e-d874185015ef:172.17.0.2:38429, c922d5df-3bd1-4669-b221-1ae7b105f951:172.17.0.2:33715], old=null
2020-06-15 15:40:22,734 [pool-99-thread-1] INFO  impl.RaftServerImpl (RaftServerImpl.java:setRole(175)) - c922d5df-3bd1-4669-b221-1ae7b105f951@group-14F7D0E30960: changes role from      null to FOLLOWER at term 0 for startAsFollower
2020-06-15 15:40:22,734 [pool-99-thread-1] INFO  impl.RoleInfo (RoleInfo.java:updateAndGet(143)) - c922d5df-3bd1-4669-b221-1ae7b105f951: start FollowerState
2020-06-15 15:40:22,734 [pool-99-thread-1] INFO  util.JmxRegister (JmxRegister.java:tryRegister(44)) - Successfully registered JMX Bean with object name Ratis:service=RaftServer,group=group-14F7D0E30960,id=c922d5df-3bd1-4669-b221-1ae7b105f951
2020-06-15 15:40:22,734 [pool-99-thread-1] INFO  metrics.RatisMetrics (RatisMetrics.java:lambda$create$0(36)) - Creating Metrics Registry : ratis.state_machine.c922d5df-3bd1-4669-b221-1ae7b105f951@group-14F7D0E30960
2020-06-15 15:40:22,744 [Command processor thread] INFO  impl.RaftServerProxy (RaftServerProxy.java:addNew(89)) - f695cbb9-a461-4428-8d13-756fae3d1d34: addNew group-CD3007EAEE61:[f695cbb9-a461-4428-8d13-756fae3d1d34:172.17.0.2:40579] returns group-CD3007EAEE61:java.util.concurrent.CompletableFuture@2d18ed13[Not completed]
2020-06-15 15:40:22,745 [pool-131-thread-1] INFO  impl.RaftServerImpl (RaftServerImpl.java:<init>(99)) - f695cbb9-a461-4428-8d13-756fae3d1d34: new RaftServerImpl for group-CD3007EAEE61:[f695cbb9-a461-4428-8d13-756fae3d1d34:172.17.0.2:40579] with ContainerStateMachine:uninitialized
2020-06-15 15:40:22,745 [pool-131-thread-1] INFO  server.RaftServerConfigKeys (ConfUtils.java:logGet(44)) - raft.server.rpc.timeout.min = 1s (custom)
2020-06-15 15:40:22,745 [pool-131-thread-1] INFO  server.RaftServerConfigKeys (ConfUtils.java:logGet(44)) - raft.server.rpc.timeout.max = 1200ms (custom)
2020-06-15 15:40:22,745 [pool-131-thread-1] INFO  server.RaftServerConfigKeys (ConfUtils.java:logGet(44)) - raft.server.rpcslowness.timeout = 300s (custom)
2020-06-15 15:40:22,745 [pool-131-thread-1] INFO  server.RaftServerConfigKeys (ConfUtils.java:logGet(44)) - raft.server.sleep.deviation.threshold = 300 (default)
2020-06-15 15:40:22,745 [pool-131-thread-1] INFO  server.RaftServerConfigKeys (ConfUtils.java:logGet(44)) - raft.server.log.appender.install.snapshot.enabled = false (custom)
2020-06-15 15:40:22,745 [pool-131-thread-1] INFO  impl.RaftServerImpl (ServerState.java:<init>(103)) - f695cbb9-a461-4428-8d13-756fae3d1d34@group-CD3007EAEE61: ConfigurationManager, init=-1: [f695cbb9-a461-4428-8d13-756fae3d1d34:172.17.0.2:40579], old=null, confs=<EMPTY_MAP>
2020-06-15 15:40:22,746 [pool-131-thread-1] INFO  server.RaftServerConfigKeys (ConfUtils.java:logGet(44)) - raft.server.storage.dir = [/github/workspace/mnt/ozone/hadoop-ozone/integration-test/target/test-dir/MiniOzoneClusterImpl-821e280a-19ea-4536-9ce4-db87e8de49a0/datanode-6/data/ratis] (custom)
2020-06-15 15:40:22,746 [pool-131-thread-1] INFO  server.RaftServerConfigKeys (ConfUtils.java:logGet(44)) - raft.server.log.corruption.policy = EXCEPTION (default)
2020-06-15 15:40:22,746 [pool-131-thread-1] INFO  storage.RaftStorageDirectory (RaftStorageDirectory.java:analyzeStorage(261)) - The storage directory /github/workspace/mnt/ozone/hadoop-ozone/integration-test/target/test-dir/MiniOzoneClusterImpl-821e280a-19ea-4536-9ce4-db87e8de49a0/datanode-6/data/ratis/9a321a2b-0523-44f6-90f1-cd3007eaee61 does not exist. Creating ...
2020-06-15 15:40:22,747 [pool-115-thread-1] INFO  util.JmxRegister (JmxRegister.java:tryRegister(44)) - Successfully registered JMX Bean with object name Ratis:service=RaftServer,group=group-2FF721B0DB4F,id=24a75401-d909-4cbe-bf6e-d874185015ef
2020-06-15 15:40:22,747 [pool-115-thread-1] INFO  metrics.RatisMetrics (RatisMetrics.java:lambda$create$0(36)) - Creating Metrics Registry : ratis.state_machine.24a75401-d909-4cbe-bf6e-d874185015ef@group-2FF721B0DB4F
2020-06-15 15:40:22,750 [pool-131-thread-1] INFO  storage.RaftStorageDirectory (RaftStorageDirectory.java:tryLock(343)) - Lock on /github/workspace/mnt/ozone/hadoop-ozone/integration-test/target/test-dir/MiniOzoneClusterImpl-821e280a-19ea-4536-9ce4-db87e8de49a0/datanode-6/data/ratis/9a321a2b-0523-44f6-90f1-cd3007eaee61/in_use.lock acquired by nodename 29548@dd6acf296020
2020-06-15 15:40:22,768 [Command processor thread] INFO  commandhandler.CreatePipelineCommandHandler (CreatePipelineCommandHandler.java:handle(109)) - Created Pipeline RATIS ONE #id: "10f5226f-5c96-4596-b893-2ff721b0db4f"
.
2020-06-15 15:40:22,769 [Command processor thread] INFO  impl.RaftServerProxy (RaftServerProxy.java:addNew(89)) - 24a75401-d909-4cbe-bf6e-d874185015ef: addNew group-14F7D0E30960:[bb2a17c4-da93-471c-baec-5cf2aa5cf94e:172.17.0.2:42619, 24a75401-d909-4cbe-bf6e-d874185015ef:172.17.0.2:38429, c922d5df-3bd1-4669-b221-1ae7b105f951:172.17.0.2:33715] returns group-14F7D0E30960:java.util.concurrent.CompletableFuture@77b01222[Not completed]
2020-06-15 15:40:22,770 [pool-115-thread-1] INFO  impl.RaftServerImpl (RaftServerImpl.java:<init>(99)) - 24a75401-d909-4cbe-bf6e-d874185015ef: new RaftServerImpl for group-14F7D0E30960:[bb2a17c4-da93-471c-baec-5cf2aa5cf94e:172.17.0.2:42619, 24a75401-d909-4cbe-bf6e-d874185015ef:172.17.0.2:38429, c922d5df-3bd1-4669-b221-1ae7b105f951:172.17.0.2:33715] with ContainerStateMachine:uninitialized
2020-06-15 15:40:22,770 [pool-115-thread-1] INFO  server.RaftServerConfigKeys (ConfUtils.java:logGet(44)) - raft.server.rpc.timeout.min = 1s (custom)
2020-06-15 15:40:22,770 [pool-115-thread-1] INFO  server.RaftServerConfigKeys (ConfUtils.java:logGet(44)) - raft.server.rpc.timeout.max = 1200ms (custom)
2020-06-15 15:40:22,770 [pool-115-thread-1] INFO  server.RaftServerConfigKeys (ConfUtils.java:logGet(44)) - raft.server.rpcslowness.timeout = 300s (custom)
2020-06-15 15:40:22,770 [pool-115-thread-1] INFO  server.RaftServerConfigKeys (ConfUtils.java:logGet(44)) - raft.server.sleep.deviation.threshold = 300 (default)
2020-06-15 15:40:22,770 [pool-115-thread-1] INFO  server.RaftServerConfigKeys (ConfUtils.java:logGet(44)) - raft.server.log.appender.install.snapshot.enabled = false (custom)
2020-06-15 15:40:22,770 [pool-115-thread-1] INFO  impl.RaftServerImpl (ServerState.java:<init>(103)) - 24a75401-d909-4cbe-bf6e-d874185015ef@group-14F7D0E30960: ConfigurationManager, init=-1: [bb2a17c4-da93-471c-baec-5cf2aa5cf94e:172.17.0.2:42619, 24a75401-d909-4cbe-bf6e-d874185015ef:172.17.0.2:38429, c922d5df-3bd1-4669-b221-1ae7b105f951:172.17.0.2:33715], old=null, confs=<EMPTY_MAP>
2020-06-15 15:40:22,770 [pool-115-thread-1] INFO  server.RaftServerConfigKeys (ConfUtils.java:logGet(44)) - raft.server.storage.dir = [/github/workspace/mnt/ozone/hadoop-ozone/integration-test/target/test-dir/MiniOzoneClusterImpl-821e280a-19ea-4536-9ce4-db87e8de49a0/datanode-5/data/ratis] (custom)
2020-06-15 15:40:22,771 [pool-115-thread-1] INFO  server.RaftServerConfigKeys (ConfUtils.java:logGet(44)) - raft.server.log.corruption.policy = EXCEPTION (default)
2020-06-15 15:40:22,771 [pool-115-thread-1] INFO  storage.RaftStorageDirectory (RaftStorageDirectory.java:analyzeStorage(261)) - The storage directory /github/workspace/mnt/ozone/hadoop-ozone/integration-test/target/test-dir/MiniOzoneClusterImpl-821e280a-19ea-4536-9ce4-db87e8de49a0/datanode-5/data/ratis/a92e5d60-6bd7-4a35-8c33-14f7d0e30960 does not exist. Creating ...
2020-06-15 15:40:22,771 [pool-131-thread-1] INFO  storage.RaftStorage (RaftStorage.java:format(84)) - Storage directory /github/workspace/mnt/ozone/hadoop-ozone/integration-test/target/test-dir/MiniOzoneClusterImpl-821e280a-19ea-4536-9ce4-db87e8de49a0/datanode-6/data/ratis/9a321a2b-0523-44f6-90f1-cd3007eaee61 has been successfully formatted.
2020-06-15 15:40:22,773 [pool-131-thread-1] INFO  ratis.ContainerStateMachine (ContainerStateMachine.java:loadSnapshot(226)) - group-CD3007EAEE61: The snapshot info is null. Setting the last applied indexto:(t:0, i:~)
2020-06-15 15:40:22,773 [pool-131-thread-1] INFO  server.RaftServerConfigKeys (ConfUtils.java:logGet(44)) - raft.server.notification.no-leader.timeout = 60s (default)
2020-06-15 15:40:22,773 [pool-131-thread-1] INFO  server.RaftServerConfigKeys (ConfUtils.java:logGet(44)) - raft.server.log.use.memory = false (default)
2020-06-15 15:40:22,773 [pool-131-thread-1] INFO  server.RaftServerConfigKeys (ConfUtils.java:logGet(44)) - raft.server.log.purge.gap = 1000000 (custom)
2020-06-15 15:40:22,773 [pool-115-thread-1] INFO  storage.RaftStorageDirectory (RaftStorageDirectory.java:tryLock(343)) - Lock on /github/workspace/mnt/ozone/hadoop-ozone/integration-test/target/test-dir/MiniOzoneClusterImpl-821e280a-19ea-4536-9ce4-db87e8de49a0/datanode-5/data/ratis/a92e5d60-6bd7-4a35-8c33-14f7d0e30960/in_use.lock acquired by nodename 29548@dd6acf296020
2020-06-15 15:40:22,773 [EventQueue-PipelineReportForPipelineReportHandler] INFO  pipeline.PipelineStateManager (PipelineStateManager.java:openPipeline(131)) - Pipeline Pipeline[ Id: 9a321a2b-0523-44f6-90f1-cd3007eaee61, Nodes: f695cbb9-a461-4428-8d13-756fae3d1d34{ip: 172.17.0.2, host: dd6acf296020, networkLocation: /default-rack, certSerialId: null}, Type:RATIS, Factor:ONE, State:ALLOCATED, leaderId:f695cbb9-a461-4428-8d13-756fae3d1d34, CreationTimestamp2020-06-15T15:40:19.707Z] moved to OPEN state
2020-06-15 15:40:22,774 [EventQueue-OpenPipelineForOneReplicaPipelineSafeModeRule] INFO  safemode.SCMSafeModeManager (SCMSafeModeManager.java:validateSafeModeExitRules(213)) - AtleastOneDatanodeReportedRule rule is successfully validated
2020-06-15 15:40:22,774 [EventQueue-OpenPipelineForHealthyPipelineSafeModeRule] INFO  safemode.SCMSafeModeManager (HealthyPipelineSafeModeRule.java:process(132)) - SCM in safe mode. Healthy pipelines reported count is 0, required healthy pipeline reported count is 1
2020-06-15 15:40:22,774 [pool-131-thread-1] INFO  server.RaftServerConfigKeys (ConfUtils.java:logGet(44)) - raft.server.log.appender.buffer.byte-limit = 33554432 (custom)
2020-06-15 15:40:22,774 [pool-131-thread-1] INFO  server.RaftServerConfigKeys (ConfUtils.java:logGet(44)) - raft.server.log.segment.size.max = 1048576 (custom)
2020-06-15 15:40:22,775 [pool-131-thread-1] INFO  metrics.RatisMetrics (RatisMetrics.java:lambda$create$0(36)) - Creating Metrics Registry : ratis.log_worker.f695cbb9-a461-4428-8d13-756fae3d1d34@group-CD3007EAEE61
2020-06-15 15:40:22,775 [pool-115-thread-1] INFO  storage.RaftStorage (RaftStorage.java:format(84)) - Storage directory /github/workspace/mnt/ozone/hadoop-ozone/integration-test/target/test-dir/MiniOzoneClusterImpl-821e280a-19ea-4536-9ce4-db87e8de49a0/datanode-5/data/ratis/a92e5d60-6bd7-4a35-8c33-14f7d0e30960 has been successfully formatted.
2020-06-15 15:40:22,776 [pool-115-thread-1] INFO  ratis.ContainerStateMachine (ContainerStateMachine.java:loadSnapshot(226)) - group-14F7D0E30960: The snapshot info is null. Setting the last applied indexto:(t:0, i:~)
2020-06-15 15:40:22,776 [pool-115-thread-1] INFO  server.RaftServerConfigKeys (ConfUtils.java:logGet(44)) - raft.server.notification.no-leader.timeout = 60s (default)
2020-06-15 15:40:22,776 [pool-115-thread-1] INFO  server.RaftServerConfigKeys (ConfUtils.java:logGet(44)) - raft.server.log.use.memory = false (default)
2020-06-15 15:40:22,776 [pool-115-thread-1] INFO  server.RaftServerConfigKeys (ConfUtils.java:logGet(44)) - raft.server.log.purge.gap = 1000000 (custom)
2020-06-15 15:40:22,776 [pool-115-thread-1] INFO  server.RaftServerConfigKeys (ConfUtils.java:logGet(44)) - raft.server.log.appender.buffer.byte-limit = 33554432 (custom)
2020-06-15 15:40:22,776 [pool-115-thread-1] INFO  server.RaftServerConfigKeys (ConfUtils.java:logGet(44)) - raft.server.log.segment.size.max = 1048576 (custom)
2020-06-15 15:40:22,777 [pool-115-thread-1] INFO  metrics.RatisMetrics (RatisMetrics.java:lambda$create$0(36)) - Creating Metrics Registry : ratis.log_worker.24a75401-d909-4cbe-bf6e-d874185015ef@group-14F7D0E30960
2020-06-15 15:40:22,777 [pool-115-thread-1] INFO  server.RaftServerConfigKeys (ConfUtils.java:logGet(44)) - raft.server.log.segment.cache.num.max = 2 (custom)
2020-06-15 15:40:22,777 [pool-115-thread-1] INFO  segmented.SegmentedRaftLogWorker (SegmentedRaftLogWorker.java:<init>(180)) - new 24a75401-d909-4cbe-bf6e-d874185015ef@group-14F7D0E30960-SegmentedRaftLogWorker for RaftStorage:Storage Directory /github/workspace/mnt/ozone/hadoop-ozone/integration-test/target/test-dir/MiniOzoneClusterImpl-821e280a-19ea-4536-9ce4-db87e8de49a0/datanode-5/data/ratis/a92e5d60-6bd7-4a35-8c33-14f7d0e30960
2020-06-15 15:40:22,777 [pool-115-thread-1] INFO  server.RaftServerConfigKeys (ConfUtils.java:logGet(44)) - raft.server.log.queue.byte-limit = 2147483647 (custom)
2020-06-15 15:40:22,777 [pool-115-thread-1] INFO  server.RaftServerConfigKeys (ConfUtils.java:logGet(44)) - raft.server.log.queue.element-limit = 1024 (custom)
2020-06-15 15:40:22,777 [pool-115-thread-1] INFO  server.RaftServerConfigKeys (ConfUtils.java:logGet(44)) - raft.server.log.segment.size.max = 1048576 (custom)
2020-06-15 15:40:22,777 [pool-115-thread-1] INFO  server.RaftServerConfigKeys (ConfUtils.java:logGet(44)) - raft.server.log.preallocated.size = 16384 (custom)
2020-06-15 15:40:22,777 [pool-115-thread-1] INFO  server.RaftServerConfigKeys (ConfUtils.java:logGet(44)) - raft.server.log.write.buffer.size = 1048576 (custom)
2020-06-15 15:40:22,777 [pool-115-thread-1] INFO  server.RaftServerConfigKeys (ConfUtils.java:logGet(44)) - raft.server.log.force.sync.num = 128 (default)
2020-06-15 15:40:22,777 [pool-115-thread-1] INFO  server.RaftServerConfigKeys (ConfUtils.java:logGet(44)) - raft.server.log.statemachine.data.sync = true (default)
2020-06-15 15:40:22,778 [pool-115-thread-1] INFO  server.RaftServerConfigKeys (ConfUtils.java:logGet(44)) - raft.server.log.statemachine.data.sync.timeout = 10s (default)
2020-06-15 15:40:22,778 [pool-115-thread-1] INFO  server.RaftServerConfigKeys (ConfUtils.java:logGet(44)) - raft.server.log.statemachine.data.sync.timeout.retry = -1 (default)
2020-06-15 15:40:22,779 [pool-115-thread-1] INFO  server.RaftServerConfigKeys (ConfUtils.java:logGet(44)) - raft.server.log.statemachine.data.caching.enabled = true (custom)
2020-06-15 15:40:22,780 [pool-115-thread-1] INFO  segmented.SegmentedRaftLogWorker (SegmentedRaftLogWorker.java:lambda$new$0(129)) - 24a75401-d909-4cbe-bf6e-d874185015ef@group-14F7D0E30960-SegmentedRaftLogWorker: flushIndex: setUnconditionally 0 -> -1
2020-06-15 15:40:22,780 [pool-115-thread-1] INFO  segmented.SegmentedRaftLogWorker (SegmentedRaftLogWorker.java:lambda$new$0(129)) - 24a75401-d909-4cbe-bf6e-d874185015ef@group-14F7D0E30960-SegmentedRaftLogWorker: safeCacheEvictIndex: setUnconditionally 0 -> -1
2020-06-15 15:40:22,780 [pool-131-thread-1] INFO  server.RaftServerConfigKeys (ConfUtils.java:logGet(44)) - raft.server.log.segment.cache.num.max = 2 (custom)
2020-06-15 15:40:22,780 [pool-131-thread-1] INFO  segmented.SegmentedRaftLogWorker (SegmentedRaftLogWorker.java:<init>(180)) - new f695cbb9-a461-4428-8d13-756fae3d1d34@group-CD3007EAEE61-SegmentedRaftLogWorker for RaftStorage:Storage Directory /github/workspace/mnt/ozone/hadoop-ozone/integration-test/target/test-dir/MiniOzoneClusterImpl-821e280a-19ea-4536-9ce4-db87e8de49a0/datanode-6/data/ratis/9a321a2b-0523-44f6-90f1-cd3007eaee61
2020-06-15 15:40:22,780 [pool-131-thread-1] INFO  server.RaftServerConfigKeys (ConfUtils.java:logGet(44)) - raft.server.log.queue.byte-limit = 2147483647 (custom)
2020-06-15 15:40:22,780 [pool-131-thread-1] INFO  server.RaftServerConfigKeys (ConfUtils.java:logGet(44)) - raft.server.log.queue.element-limit = 1024 (custom)
2020-06-15 15:40:22,780 [pool-131-thread-1] INFO  server.RaftServerConfigKeys (ConfUtils.java:logGet(44)) - raft.server.log.segment.size.max = 1048576 (custom)
2020-06-15 15:40:22,780 [pool-131-thread-1] INFO  server.RaftServerConfigKeys (ConfUtils.java:logGet(44)) - raft.server.log.preallocated.size = 16384 (custom)
2020-06-15 15:40:22,780 [pool-131-thread-1] INFO  server.RaftServerConfigKeys (ConfUtils.java:logGet(44)) - raft.server.log.write.buffer.size = 1048576 (custom)
2020-06-15 15:40:22,780 [pool-131-thread-1] INFO  server.RaftServerConfigKeys (ConfUtils.java:logGet(44)) - raft.server.log.force.sync.num = 128 (default)
2020-06-15 15:40:22,781 [pool-131-thread-1] INFO  server.RaftServerConfigKeys (ConfUtils.java:logGet(44)) - raft.server.log.statemachine.data.sync = true (default)
2020-06-15 15:40:22,781 [pool-131-thread-1] INFO  server.RaftServerConfigKeys (ConfUtils.java:logGet(44)) - raft.server.log.statemachine.data.sync.timeout = 10s (default)
2020-06-15 15:40:22,781 [pool-131-thread-1] INFO  server.RaftServerConfigKeys (ConfUtils.java:logGet(44)) - raft.server.log.statemachine.data.sync.timeout.retry = -1 (default)
2020-06-15 15:40:22,784 [pool-115-thread-1] INFO  server.RaftServerConfigKeys (ConfUtils.java:logGet(44)) - raft.server.snapshot.auto.trigger.enabled = true (custom)
2020-06-15 15:40:22,784 [pool-115-thread-1] INFO  server.RaftServerConfigKeys (ConfUtils.java:logGet(44)) - raft.server.snapshot.auto.trigger.threshold = 10000 (custom)
2020-06-15 15:40:22,784 [pool-115-thread-1] INFO  server.RaftServerConfigKeys (ConfUtils.java:logGet(44)) - raft.server.snapshot.retention.file.num = 5 (custom)
2020-06-15 15:40:22,784 [pool-115-thread-1] INFO  server.RaftServerConfigKeys (ConfUtils.java:logGet(44)) - raft.server.log.purge.upto.snapshot.index = false (default)
2020-06-15 15:40:22,784 [pool-115-thread-1] INFO  server.RaftServerConfigKeys (ConfUtils.java:logGet(44)) - raft.server.retrycache.expirytime = 600000ms (custom)
2020-06-15 15:40:22,784 [pool-115-thread-1] INFO  metrics.RatisMetrics (RatisMetrics.java:lambda$create$0(36)) - Creating Metrics Registry : ratis.leader_election.24a75401-d909-4cbe-bf6e-d874185015ef@group-14F7D0E30960
2020-06-15 15:40:22,785 [pool-115-thread-1] INFO  metrics.RatisMetrics (RatisMetrics.java:lambda$create$0(36)) - Creating Metrics Registry : ratis.server.24a75401-d909-4cbe-bf6e-d874185015ef@group-14F7D0E30960
2020-06-15 15:40:22,786 [pool-115-thread-1] INFO  impl.RaftServerImpl (RaftServerImpl.java:start(186)) - 24a75401-d909-4cbe-bf6e-d874185015ef@group-14F7D0E30960: start as a follower, conf=-1: [bb2a17c4-da93-471c-baec-5cf2aa5cf94e:172.17.0.2:42619, 24a75401-d909-4cbe-bf6e-d874185015ef:172.17.0.2:38429, c922d5df-3bd1-4669-b221-1ae7b105f951:172.17.0.2:33715], old=null
2020-06-15 15:40:22,786 [pool-115-thread-1] INFO  impl.RaftServerImpl (RaftServerImpl.java:setRole(175)) - 24a75401-d909-4cbe-bf6e-d874185015ef@group-14F7D0E30960: changes role from      null to FOLLOWER at term 0 for startAsFollower
2020-06-15 15:40:22,793 [pool-131-thread-1] INFO  server.RaftServerConfigKeys (ConfUtils.java:logGet(44)) - raft.server.log.statemachine.data.caching.enabled = true (custom)
2020-06-15 15:40:22,794 [pool-131-thread-1] INFO  segmented.SegmentedRaftLogWorker (SegmentedRaftLogWorker.java:lambda$new$0(129)) - f695cbb9-a461-4428-8d13-756fae3d1d34@group-CD3007EAEE61-SegmentedRaftLogWorker: flushIndex: setUnconditionally 0 -> -1
2020-06-15 15:40:22,794 [pool-131-thread-1] INFO  segmented.SegmentedRaftLogWorker (SegmentedRaftLogWorker.java:lambda$new$0(129)) - f695cbb9-a461-4428-8d13-756fae3d1d34@group-CD3007EAEE61-SegmentedRaftLogWorker: safeCacheEvictIndex: setUnconditionally 0 -> -1
2020-06-15 15:40:22,794 [pool-131-thread-1] INFO  server.RaftServerConfigKeys (ConfUtils.java:logGet(44)) - raft.server.snapshot.auto.trigger.enabled = true (custom)
2020-06-15 15:40:22,794 [pool-131-thread-1] INFO  server.RaftServerConfigKeys (ConfUtils.java:logGet(44)) - raft.server.snapshot.auto.trigger.threshold = 10000 (custom)
2020-06-15 15:40:22,794 [pool-131-thread-1] INFO  server.RaftServerConfigKeys (ConfUtils.java:logGet(44)) - raft.server.snapshot.retention.file.num = 5 (custom)
2020-06-15 15:40:22,794 [pool-131-thread-1] INFO  server.RaftServerConfigKeys (ConfUtils.java:logGet(44)) - raft.server.log.purge.upto.snapshot.index = false (default)
2020-06-15 15:40:22,795 [pool-131-thread-1] INFO  server.RaftServerConfigKeys (ConfUtils.java:logGet(44)) - raft.server.retrycache.expirytime = 600000ms (custom)
2020-06-15 15:40:22,795 [pool-131-thread-1] INFO  metrics.RatisMetrics (RatisMetrics.java:lambda$create$0(36)) - Creating Metrics Registry : ratis.leader_election.f695cbb9-a461-4428-8d13-756fae3d1d34@group-CD3007EAEE61
2020-06-15 15:40:22,800 [pool-131-thread-1] INFO  metrics.RatisMetrics (RatisMetrics.java:lambda$create$0(36)) - Creating Metrics Registry : ratis.server.f695cbb9-a461-4428-8d13-756fae3d1d34@group-CD3007EAEE61
2020-06-15 15:40:22,800 [pool-115-thread-1] INFO  impl.RoleInfo (RoleInfo.java:updateAndGet(143)) - 24a75401-d909-4cbe-bf6e-d874185015ef: start FollowerState
2020-06-15 15:40:22,801 [pool-131-thread-1] INFO  impl.RaftServerImpl (RaftServerImpl.java:start(186)) - f695cbb9-a461-4428-8d13-756fae3d1d34@group-CD3007EAEE61: start as a follower, conf=-1: [f695cbb9-a461-4428-8d13-756fae3d1d34:172.17.0.2:40579], old=null
2020-06-15 15:40:22,801 [pool-131-thread-1] INFO  impl.RaftServerImpl (RaftServerImpl.java:setRole(175)) - f695cbb9-a461-4428-8d13-756fae3d1d34@group-CD3007EAEE61: changes role from      null to FOLLOWER at term 0 for startAsFollower
2020-06-15 15:40:22,804 [pool-115-thread-1] INFO  util.JmxRegister (JmxRegister.java:tryRegister(44)) - Successfully registered JMX Bean with object name Ratis:service=RaftServer,group=group-14F7D0E30960,id=24a75401-d909-4cbe-bf6e-d874185015ef
2020-06-15 15:40:22,804 [pool-115-thread-1] INFO  metrics.RatisMetrics (RatisMetrics.java:lambda$create$0(36)) - Creating Metrics Registry : ratis.state_machine.24a75401-d909-4cbe-bf6e-d874185015ef@group-14F7D0E30960
2020-06-15 15:40:22,808 [pool-131-thread-1] INFO  impl.RoleInfo (RoleInfo.java:updateAndGet(143)) - f695cbb9-a461-4428-8d13-756fae3d1d34: start FollowerState
2020-06-15 15:40:22,809 [pool-131-thread-1] INFO  util.JmxRegister (JmxRegister.java:tryRegister(44)) - Successfully registered JMX Bean with object name Ratis:service=RaftServer,group=group-CD3007EAEE61,id=f695cbb9-a461-4428-8d13-756fae3d1d34
2020-06-15 15:40:22,809 [pool-131-thread-1] INFO  metrics.RatisMetrics (RatisMetrics.java:lambda$create$0(36)) - Creating Metrics Registry : ratis.state_machine.f695cbb9-a461-4428-8d13-756fae3d1d34@group-CD3007EAEE61
2020-06-15 15:40:22,825 [Command processor thread] INFO  impl.RaftServerProxy (RaftServerProxy.java:addNew(89)) - 76787e2a-cdc9-4e9e-a68d-44f13553fe3c: addNew group-24B47A675F60:[76787e2a-cdc9-4e9e-a68d-44f13553fe3c:172.17.0.2:37067] returns group-24B47A675F60:java.util.concurrent.CompletableFuture@660f8be3[Not completed]
2020-06-15 15:40:22,826 [Command processor thread] INFO  commandhandler.CreatePipelineCommandHandler (CreatePipelineCommandHandler.java:handle(109)) - Created Pipeline RATIS ONE #id: "9a321a2b-0523-44f6-90f1-cd3007eaee61"
.
2020-06-15 15:40:22,826 [Command processor thread] INFO  impl.RaftServerProxy (RaftServerProxy.java:addNew(89)) - f695cbb9-a461-4428-8d13-756fae3d1d34: addNew group-45C8AE79FB34:[f695cbb9-a461-4428-8d13-756fae3d1d34:172.17.0.2:40579, 1555e715-5c6c-4e2d-b7e6-f10fa5f487d3:172.17.0.2:41221, 76787e2a-cdc9-4e9e-a68d-44f13553fe3c:172.17.0.2:37067] returns group-45C8AE79FB34:java.util.concurrent.CompletableFuture@29276c68[Not completed]
2020-06-15 15:40:22,827 [pool-131-thread-1] INFO  impl.RaftServerImpl (RaftServerImpl.java:<init>(99)) - f695cbb9-a461-4428-8d13-756fae3d1d34: new RaftServerImpl for group-45C8AE79FB34:[f695cbb9-a461-4428-8d13-756fae3d1d34:172.17.0.2:40579, 1555e715-5c6c-4e2d-b7e6-f10fa5f487d3:172.17.0.2:41221, 76787e2a-cdc9-4e9e-a68d-44f13553fe3c:172.17.0.2:37067] with ContainerStateMachine:uninitialized
2020-06-15 15:40:22,828 [pool-131-thread-1] INFO  server.RaftServerConfigKeys (ConfUtils.java:logGet(44)) - raft.server.rpc.timeout.min = 1s (custom)
2020-06-15 15:40:22,828 [pool-131-thread-1] INFO  server.RaftServerConfigKeys (ConfUtils.java:logGet(44)) - raft.server.rpc.timeout.max = 1200ms (custom)
2020-06-15 15:40:22,828 [pool-131-thread-1] INFO  server.RaftServerConfigKeys (ConfUtils.java:logGet(44)) - raft.server.rpcslowness.timeout = 300s (custom)
2020-06-15 15:40:22,828 [pool-131-thread-1] INFO  server.RaftServerConfigKeys (ConfUtils.java:logGet(44)) - raft.server.sleep.deviation.threshold = 300 (default)
2020-06-15 15:40:22,828 [pool-131-thread-1] INFO  server.RaftServerConfigKeys (ConfUtils.java:logGet(44)) - raft.server.log.appender.install.snapshot.enabled = false (custom)
2020-06-15 15:40:22,828 [pool-131-thread-1] INFO  impl.RaftServerImpl (ServerState.java:<init>(103)) - f695cbb9-a461-4428-8d13-756fae3d1d34@group-45C8AE79FB34: ConfigurationManager, init=-1: [f695cbb9-a461-4428-8d13-756fae3d1d34:172.17.0.2:40579, 1555e715-5c6c-4e2d-b7e6-f10fa5f487d3:172.17.0.2:41221, 76787e2a-cdc9-4e9e-a68d-44f13553fe3c:172.17.0.2:37067], old=null, confs=<EMPTY_MAP>
2020-06-15 15:40:22,828 [pool-131-thread-1] INFO  server.RaftServerConfigKeys (ConfUtils.java:logGet(44)) - raft.server.storage.dir = [/github/workspace/mnt/ozone/hadoop-ozone/integration-test/target/test-dir/MiniOzoneClusterImpl-821e280a-19ea-4536-9ce4-db87e8de49a0/datanode-6/data/ratis] (custom)
2020-06-15 15:40:22,829 [pool-131-thread-1] INFO  server.RaftServerConfigKeys (ConfUtils.java:logGet(44)) - raft.server.log.corruption.policy = EXCEPTION (default)
2020-06-15 15:40:22,829 [pool-131-thread-1] INFO  storage.RaftStorageDirectory (RaftStorageDirectory.java:analyzeStorage(261)) - The storage directory /github/workspace/mnt/ozone/hadoop-ozone/integration-test/target/test-dir/MiniOzoneClusterImpl-821e280a-19ea-4536-9ce4-db87e8de49a0/datanode-6/data/ratis/7efe5cd7-55cc-4aa9-9f53-45c8ae79fb34 does not exist. Creating ...
2020-06-15 15:40:22,833 [pool-131-thread-1] INFO  storage.RaftStorageDirectory (RaftStorageDirectory.java:tryLock(343)) - Lock on /github/workspace/mnt/ozone/hadoop-ozone/integration-test/target/test-dir/MiniOzoneClusterImpl-821e280a-19ea-4536-9ce4-db87e8de49a0/datanode-6/data/ratis/7efe5cd7-55cc-4aa9-9f53-45c8ae79fb34/in_use.lock acquired by nodename 29548@dd6acf296020
2020-06-15 15:40:22,836 [pool-131-thread-1] INFO  storage.RaftStorage (RaftStorage.java:format(84)) - Storage directory /github/workspace/mnt/ozone/hadoop-ozone/integration-test/target/test-dir/MiniOzoneClusterImpl-821e280a-19ea-4536-9ce4-db87e8de49a0/datanode-6/data/ratis/7efe5cd7-55cc-4aa9-9f53-45c8ae79fb34 has been successfully formatted.
2020-06-15 15:40:22,837 [pool-147-thread-1] INFO  impl.RaftServerImpl (RaftServerImpl.java:<init>(99)) - 76787e2a-cdc9-4e9e-a68d-44f13553fe3c: new RaftServerImpl for group-24B47A675F60:[76787e2a-cdc9-4e9e-a68d-44f13553fe3c:172.17.0.2:37067] with ContainerStateMachine:uninitialized
2020-06-15 15:40:22,840 [pool-147-thread-1] INFO  server.RaftServerConfigKeys (ConfUtils.java:logGet(44)) - raft.server.rpc.timeout.min = 1s (custom)
2020-06-15 15:40:22,842 [pool-147-thread-1] INFO  server.RaftServerConfigKeys (ConfUtils.java:logGet(44)) - raft.server.rpc.timeout.max = 1200ms (custom)
2020-06-15 15:40:22,852 [pool-147-thread-1] INFO  server.RaftServerConfigKeys (ConfUtils.java:logGet(44)) - raft.server.rpcslowness.timeout = 300s (custom)
2020-06-15 15:40:22,852 [pool-147-thread-1] INFO  server.RaftServerConfigKeys (ConfUtils.java:logGet(44)) - raft.server.sleep.deviation.threshold = 300 (default)
2020-06-15 15:40:22,859 [pool-147-thread-1] INFO  server.RaftServerConfigKeys (ConfUtils.java:logGet(44)) - raft.server.log.appender.install.snapshot.enabled = false (custom)
2020-06-15 15:40:22,859 [pool-147-thread-1] INFO  impl.RaftServerImpl (ServerState.java:<init>(103)) - 76787e2a-cdc9-4e9e-a68d-44f13553fe3c@group-24B47A675F60: ConfigurationManager, init=-1: [76787e2a-cdc9-4e9e-a68d-44f13553fe3c:172.17.0.2:37067], old=null, confs=<EMPTY_MAP>
2020-06-15 15:40:22,860 [pool-147-thread-1] INFO  server.RaftServerConfigKeys (ConfUtils.java:logGet(44)) - raft.server.storage.dir = [/github/workspace/mnt/ozone/hadoop-ozone/integration-test/target/test-dir/MiniOzoneClusterImpl-821e280a-19ea-4536-9ce4-db87e8de49a0/datanode-7/data/ratis] (custom)
2020-06-15 15:40:22,860 [pool-147-thread-1] INFO  server.RaftServerConfigKeys (ConfUtils.java:logGet(44)) - raft.server.log.corruption.policy = EXCEPTION (default)
2020-06-15 15:40:22,861 [pool-147-thread-1] INFO  storage.RaftStorageDirectory (RaftStorageDirectory.java:analyzeStorage(261)) - The storage directory /github/workspace/mnt/ozone/hadoop-ozone/integration-test/target/test-dir/MiniOzoneClusterImpl-821e280a-19ea-4536-9ce4-db87e8de49a0/datanode-7/data/ratis/160074c6-40d8-41e8-8c44-24b47a675f60 does not exist. Creating ...
2020-06-15 15:40:22,856 [pool-131-thread-1] INFO  ratis.ContainerStateMachine (ContainerStateMachine.java:loadSnapshot(226)) - group-45C8AE79FB34: The snapshot info is null. Setting the last applied indexto:(t:0, i:~)
2020-06-15 15:40:22,861 [pool-131-thread-1] INFO  server.RaftServerConfigKeys (ConfUtils.java:logGet(44)) - raft.server.notification.no-leader.timeout = 60s (default)
2020-06-15 15:40:22,861 [pool-131-thread-1] INFO  server.RaftServerConfigKeys (ConfUtils.java:logGet(44)) - raft.server.log.use.memory = false (default)
2020-06-15 15:40:22,861 [pool-131-thread-1] INFO  server.RaftServerConfigKeys (ConfUtils.java:logGet(44)) - raft.server.log.purge.gap = 1000000 (custom)
2020-06-15 15:40:22,864 [pool-131-thread-1] INFO  server.RaftServerConfigKeys (ConfUtils.java:logGet(44)) - raft.server.log.appender.buffer.byte-limit = 33554432 (custom)
2020-06-15 15:40:22,864 [pool-131-thread-1] INFO  server.RaftServerConfigKeys (ConfUtils.java:logGet(44)) - raft.server.log.segment.size.max = 1048576 (custom)
2020-06-15 15:40:22,864 [pool-131-thread-1] INFO  metrics.RatisMetrics (RatisMetrics.java:lambda$create$0(36)) - Creating Metrics Registry : ratis.log_worker.f695cbb9-a461-4428-8d13-756fae3d1d34@group-45C8AE79FB34
2020-06-15 15:40:22,864 [pool-131-thread-1] INFO  server.RaftServerConfigKeys (ConfUtils.java:logGet(44)) - raft.server.log.segment.cache.num.max = 2 (custom)
2020-06-15 15:40:22,864 [pool-131-thread-1] INFO  segmented.SegmentedRaftLogWorker (SegmentedRaftLogWorker.java:<init>(180)) - new f695cbb9-a461-4428-8d13-756fae3d1d34@group-45C8AE79FB34-SegmentedRaftLogWorker for RaftStorage:Storage Directory /github/workspace/mnt/ozone/hadoop-ozone/integration-test/target/test-dir/MiniOzoneClusterImpl-821e280a-19ea-4536-9ce4-db87e8de49a0/datanode-6/data/ratis/7efe5cd7-55cc-4aa9-9f53-45c8ae79fb34
2020-06-15 15:40:22,864 [pool-131-thread-1] INFO  server.RaftServerConfigKeys (ConfUtils.java:logGet(44)) - raft.server.log.queue.byte-limit = 2147483647 (custom)
2020-06-15 15:40:22,865 [pool-131-thread-1] INFO  server.RaftServerConfigKeys (ConfUtils.java:logGet(44)) - raft.server.log.queue.element-limit = 1024 (custom)
2020-06-15 15:40:22,865 [pool-131-thread-1] INFO  server.RaftServerConfigKeys (ConfUtils.java:logGet(44)) - raft.server.log.segment.size.max = 1048576 (custom)
2020-06-15 15:40:22,865 [pool-131-thread-1] INFO  server.RaftServerConfigKeys (ConfUtils.java:logGet(44)) - raft.server.log.preallocated.size = 16384 (custom)
2020-06-15 15:40:22,865 [pool-131-thread-1] INFO  server.RaftServerConfigKeys (ConfUtils.java:logGet(44)) - raft.server.log.write.buffer.size = 1048576 (custom)
2020-06-15 15:40:22,865 [pool-131-thread-1] INFO  server.RaftServerConfigKeys (ConfUtils.java:logGet(44)) - raft.server.log.force.sync.num = 128 (default)
2020-06-15 15:40:22,865 [pool-131-thread-1] INFO  server.RaftServerConfigKeys (ConfUtils.java:logGet(44)) - raft.server.log.statemachine.data.sync = true (default)
2020-06-15 15:40:22,865 [pool-131-thread-1] INFO  server.RaftServerConfigKeys (ConfUtils.java:logGet(44)) - raft.server.log.statemachine.data.sync.timeout = 10s (default)
2020-06-15 15:40:22,865 [pool-131-thread-1] INFO  server.RaftServerConfigKeys (ConfUtils.java:logGet(44)) - raft.server.log.statemachine.data.sync.timeout.retry = -1 (default)
2020-06-15 15:40:22,867 [pool-131-thread-1] INFO  server.RaftServerConfigKeys (ConfUtils.java:logGet(44)) - raft.server.log.statemachine.data.caching.enabled = true (custom)
2020-06-15 15:40:22,867 [pool-131-thread-1] INFO  segmented.SegmentedRaftLogWorker (SegmentedRaftLogWorker.java:lambda$new$0(129)) - f695cbb9-a461-4428-8d13-756fae3d1d34@group-45C8AE79FB34-SegmentedRaftLogWorker: flushIndex: setUnconditionally 0 -> -1
2020-06-15 15:40:22,867 [pool-131-thread-1] INFO  segmented.SegmentedRaftLogWorker (SegmentedRaftLogWorker.java:lambda$new$0(129)) - f695cbb9-a461-4428-8d13-756fae3d1d34@group-45C8AE79FB34-SegmentedRaftLogWorker: safeCacheEvictIndex: setUnconditionally 0 -> -1
2020-06-15 15:40:22,867 [Command processor thread] INFO  impl.RaftServerProxy (RaftServerProxy.java:addNew(89)) - 1555e715-5c6c-4e2d-b7e6-f10fa5f487d3: addNew group-705EA30DD5A8:[1555e715-5c6c-4e2d-b7e6-f10fa5f487d3:172.17.0.2:41221] returns group-705EA30DD5A8:java.util.concurrent.CompletableFuture@3c5dd838[Not completed]
2020-06-15 15:40:22,863 [pool-147-thread-1] INFO  storage.RaftStorageDirectory (RaftStorageDirectory.java:tryLock(343)) - Lock on /github/workspace/mnt/ozone/hadoop-ozone/integration-test/target/test-dir/MiniOzoneClusterImpl-821e280a-19ea-4536-9ce4-db87e8de49a0/datanode-7/data/ratis/160074c6-40d8-41e8-8c44-24b47a675f60/in_use.lock acquired by nodename 29548@dd6acf296020
2020-06-15 15:40:22,875 [pool-131-thread-1] INFO  server.RaftServerConfigKeys (ConfUtils.java:logGet(44)) - raft.server.snapshot.auto.trigger.enabled = true (custom)
2020-06-15 15:40:22,875 [pool-131-thread-1] INFO  server.RaftServerConfigKeys (ConfUtils.java:logGet(44)) - raft.server.snapshot.auto.trigger.threshold = 10000 (custom)
2020-06-15 15:40:22,875 [pool-131-thread-1] INFO  server.RaftServerConfigKeys (ConfUtils.java:logGet(44)) - raft.server.snapshot.retention.file.num = 5 (custom)
2020-06-15 15:40:22,875 [pool-131-thread-1] INFO  server.RaftServerConfigKeys (ConfUtils.java:logGet(44)) - raft.server.log.purge.upto.snapshot.index = false (default)
2020-06-15 15:40:22,875 [pool-131-thread-1] INFO  server.RaftServerConfigKeys (ConfUtils.java:logGet(44)) - raft.server.retrycache.expirytime = 600000ms (custom)
2020-06-15 15:40:22,875 [pool-131-thread-1] INFO  metrics.RatisMetrics (RatisMetrics.java:lambda$create$0(36)) - Creating Metrics Registry : ratis.leader_election.f695cbb9-a461-4428-8d13-756fae3d1d34@group-45C8AE79FB34
2020-06-15 15:40:22,876 [pool-131-thread-1] INFO  metrics.RatisMetrics (RatisMetrics.java:lambda$create$0(36)) - Creating Metrics Registry : ratis.server.f695cbb9-a461-4428-8d13-756fae3d1d34@group-45C8AE79FB34
2020-06-15 15:40:22,880 [pool-131-thread-1] INFO  impl.RaftServerImpl (RaftServerImpl.java:start(186)) - f695cbb9-a461-4428-8d13-756fae3d1d34@group-45C8AE79FB34: start as a follower, conf=-1: [f695cbb9-a461-4428-8d13-756fae3d1d34:172.17.0.2:40579, 1555e715-5c6c-4e2d-b7e6-f10fa5f487d3:172.17.0.2:41221, 76787e2a-cdc9-4e9e-a68d-44f13553fe3c:172.17.0.2:37067], old=null
2020-06-15 15:40:22,880 [pool-131-thread-1] INFO  impl.RaftServerImpl (RaftServerImpl.java:setRole(175)) - f695cbb9-a461-4428-8d13-756fae3d1d34@group-45C8AE79FB34: changes role from      null to FOLLOWER at term 0 for startAsFollower
2020-06-15 15:40:22,880 [pool-131-thread-1] INFO  impl.RoleInfo (RoleInfo.java:updateAndGet(143)) - f695cbb9-a461-4428-8d13-756fae3d1d34: start FollowerState
2020-06-15 15:40:22,881 [pool-147-thread-1] INFO  storage.RaftStorage (RaftStorage.java:format(84)) - Storage directory /github/workspace/mnt/ozone/hadoop-ozone/integration-test/target/test-dir/MiniOzoneClusterImpl-821e280a-19ea-4536-9ce4-db87e8de49a0/datanode-7/data/ratis/160074c6-40d8-41e8-8c44-24b47a675f60 has been successfully formatted.
2020-06-15 15:40:22,896 [pool-131-thread-1] INFO  util.JmxRegister (JmxRegister.java:tryRegister(44)) - Successfully registered JMX Bean with object name Ratis:service=RaftServer,group=group-45C8AE79FB34,id=f695cbb9-a461-4428-8d13-756fae3d1d34
2020-06-15 15:40:22,896 [pool-131-thread-1] INFO  metrics.RatisMetrics (RatisMetrics.java:lambda$create$0(36)) - Creating Metrics Registry : ratis.state_machine.f695cbb9-a461-4428-8d13-756fae3d1d34@group-45C8AE79FB34
2020-06-15 15:40:22,898 [pool-163-thread-1] INFO  impl.RaftServerImpl (RaftServerImpl.java:<init>(99)) - 1555e715-5c6c-4e2d-b7e6-f10fa5f487d3: new RaftServerImpl for group-705EA30DD5A8:[1555e715-5c6c-4e2d-b7e6-f10fa5f487d3:172.17.0.2:41221] with ContainerStateMachine:uninitialized
2020-06-15 15:40:22,898 [pool-163-thread-1] INFO  server.RaftServerConfigKeys (ConfUtils.java:logGet(44)) - raft.server.rpc.timeout.min = 1s (custom)
2020-06-15 15:40:22,898 [pool-163-thread-1] INFO  server.RaftServerConfigKeys (ConfUtils.java:logGet(44)) - raft.server.rpc.timeout.max = 1200ms (custom)
2020-06-15 15:40:22,898 [pool-163-thread-1] INFO  server.RaftServerConfigKeys (ConfUtils.java:logGet(44)) - raft.server.rpcslowness.timeout = 300s (custom)
2020-06-15 15:40:22,898 [pool-163-thread-1] INFO  server.RaftServerConfigKeys (ConfUtils.java:logGet(44)) - raft.server.sleep.deviation.threshold = 300 (default)
2020-06-15 15:40:22,898 [pool-163-thread-1] INFO  server.RaftServerConfigKeys (ConfUtils.java:logGet(44)) - raft.server.log.appender.install.snapshot.enabled = false (custom)
2020-06-15 15:40:22,898 [pool-163-thread-1] INFO  impl.RaftServerImpl (ServerState.java:<init>(103)) - 1555e715-5c6c-4e2d-b7e6-f10fa5f487d3@group-705EA30DD5A8: ConfigurationManager, init=-1: [1555e715-5c6c-4e2d-b7e6-f10fa5f487d3:172.17.0.2:41221], old=null, confs=<EMPTY_MAP>
2020-06-15 15:40:22,898 [pool-163-thread-1] INFO  server.RaftServerConfigKeys (ConfUtils.java:logGet(44)) - raft.server.storage.dir = [/github/workspace/mnt/ozone/hadoop-ozone/integration-test/target/test-dir/MiniOzoneClusterImpl-821e280a-19ea-4536-9ce4-db87e8de49a0/datanode-8/data/ratis] (custom)
2020-06-15 15:40:22,898 [pool-163-thread-1] INFO  server.RaftServerConfigKeys (ConfUtils.java:logGet(44)) - raft.server.log.corruption.policy = EXCEPTION (default)
2020-06-15 15:40:22,899 [pool-163-thread-1] INFO  storage.RaftStorageDirectory (RaftStorageDirectory.java:analyzeStorage(261)) - The storage directory /github/workspace/mnt/ozone/hadoop-ozone/integration-test/target/test-dir/MiniOzoneClusterImpl-821e280a-19ea-4536-9ce4-db87e8de49a0/datanode-8/data/ratis/2424e855-3fe0-4dd4-b4cb-705ea30dd5a8 does not exist. Creating ...
2020-06-15 15:40:22,909 [pool-147-thread-1] INFO  ratis.ContainerStateMachine (ContainerStateMachine.java:loadSnapshot(226)) - group-24B47A675F60: The snapshot info is null. Setting the last applied indexto:(t:0, i:~)
2020-06-15 15:40:22,909 [pool-147-thread-1] INFO  server.RaftServerConfigKeys (ConfUtils.java:logGet(44)) - raft.server.notification.no-leader.timeout = 60s (default)
2020-06-15 15:40:22,909 [pool-147-thread-1] INFO  server.RaftServerConfigKeys (ConfUtils.java:logGet(44)) - raft.server.log.use.memory = false (default)
2020-06-15 15:40:22,909 [pool-147-thread-1] INFO  server.RaftServerConfigKeys (ConfUtils.java:logGet(44)) - raft.server.log.purge.gap = 1000000 (custom)
2020-06-15 15:40:22,909 [pool-147-thread-1] INFO  server.RaftServerConfigKeys (ConfUtils.java:logGet(44)) - raft.server.log.appender.buffer.byte-limit = 33554432 (custom)
2020-06-15 15:40:22,909 [pool-147-thread-1] INFO  server.RaftServerConfigKeys (ConfUtils.java:logGet(44)) - raft.server.log.segment.size.max = 1048576 (custom)
2020-06-15 15:40:22,909 [pool-147-thread-1] INFO  metrics.RatisMetrics (RatisMetrics.java:lambda$create$0(36)) - Creating Metrics Registry : ratis.log_worker.76787e2a-cdc9-4e9e-a68d-44f13553fe3c@group-24B47A675F60
2020-06-15 15:40:22,910 [pool-147-thread-1] INFO  server.RaftServerConfigKeys (ConfUtils.java:logGet(44)) - raft.server.log.segment.cache.num.max = 2 (custom)
2020-06-15 15:40:22,910 [pool-147-thread-1] INFO  segmented.SegmentedRaftLogWorker (SegmentedRaftLogWorker.java:<init>(180)) - new 76787e2a-cdc9-4e9e-a68d-44f13553fe3c@group-24B47A675F60-SegmentedRaftLogWorker for RaftStorage:Storage Directory /github/workspace/mnt/ozone/hadoop-ozone/integration-test/target/test-dir/MiniOzoneClusterImpl-821e280a-19ea-4536-9ce4-db87e8de49a0/datanode-7/data/ratis/160074c6-40d8-41e8-8c44-24b47a675f60
2020-06-15 15:40:22,910 [pool-147-thread-1] INFO  server.RaftServerConfigKeys (ConfUtils.java:logGet(44)) - raft.server.log.queue.byte-limit = 2147483647 (custom)
2020-06-15 15:40:22,910 [pool-147-thread-1] INFO  server.RaftServerConfigKeys (ConfUtils.java:logGet(44)) - raft.server.log.queue.element-limit = 1024 (custom)
2020-06-15 15:40:22,910 [pool-147-thread-1] INFO  server.RaftServerConfigKeys (ConfUtils.java:logGet(44)) - raft.server.log.segment.size.max = 1048576 (custom)
2020-06-15 15:40:22,910 [pool-147-thread-1] INFO  server.RaftServerConfigKeys (ConfUtils.java:logGet(44)) - raft.server.log.preallocated.size = 16384 (custom)
2020-06-15 15:40:22,910 [pool-147-thread-1] INFO  server.RaftServerConfigKeys (ConfUtils.java:logGet(44)) - raft.server.log.write.buffer.size = 1048576 (custom)
2020-06-15 15:40:22,910 [pool-147-thread-1] INFO  server.RaftServerConfigKeys (ConfUtils.java:logGet(44)) - raft.server.log.force.sync.num = 128 (default)
2020-06-15 15:40:22,910 [pool-163-thread-1] INFO  storage.RaftStorageDirectory (RaftStorageDirectory.java:tryLock(343)) - Lock on /github/workspace/mnt/ozone/hadoop-ozone/integration-test/target/test-dir/MiniOzoneClusterImpl-821e280a-19ea-4536-9ce4-db87e8de49a0/datanode-8/data/ratis/2424e855-3fe0-4dd4-b4cb-705ea30dd5a8/in_use.lock acquired by nodename 29548@dd6acf296020
2020-06-15 15:40:22,913 [EventQueue-PipelineReportForPipelineReportHandler] INFO  pipeline.PipelineStateManager (PipelineStateManager.java:openPipeline(131)) - Pipeline Pipeline[ Id: 160074c6-40d8-41e8-8c44-24b47a675f60, Nodes: 76787e2a-cdc9-4e9e-a68d-44f13553fe3c{ip: 172.17.0.2, host: dd6acf296020, networkLocation: /default-rack, certSerialId: null}, Type:RATIS, Factor:ONE, State:ALLOCATED, leaderId:76787e2a-cdc9-4e9e-a68d-44f13553fe3c, CreationTimestamp2020-06-15T15:40:19.794Z] moved to OPEN state
2020-06-15 15:40:22,913 [EventQueue-OpenPipelineForOneReplicaPipelineSafeModeRule] INFO  safemode.SCMSafeModeManager (SCMSafeModeManager.java:validateSafeModeExitRules(213)) - AtleastOneDatanodeReportedRule rule is successfully validated
2020-06-15 15:40:22,913 [EventQueue-OpenPipelineForHealthyPipelineSafeModeRule] INFO  safemode.SCMSafeModeManager (HealthyPipelineSafeModeRule.java:process(132)) - SCM in safe mode. Healthy pipelines reported count is 0, required healthy pipeline reported count is 1
2020-06-15 15:40:22,910 [pool-147-thread-1] INFO  server.RaftServerConfigKeys (ConfUtils.java:logGet(44)) - raft.server.log.statemachine.data.sync = true (default)
2020-06-15 15:40:22,914 [pool-147-thread-1] INFO  server.RaftServerConfigKeys (ConfUtils.java:logGet(44)) - raft.server.log.statemachine.data.sync.timeout = 10s (default)
2020-06-15 15:40:22,914 [pool-147-thread-1] INFO  server.RaftServerConfigKeys (ConfUtils.java:logGet(44)) - raft.server.log.statemachine.data.sync.timeout.retry = -1 (default)
2020-06-15 15:40:22,915 [pool-163-thread-1] INFO  storage.RaftStorage (RaftStorage.java:format(84)) - Storage directory /github/workspace/mnt/ozone/hadoop-ozone/integration-test/target/test-dir/MiniOzoneClusterImpl-821e280a-19ea-4536-9ce4-db87e8de49a0/datanode-8/data/ratis/2424e855-3fe0-4dd4-b4cb-705ea30dd5a8 has been successfully formatted.
2020-06-15 15:40:22,916 [pool-147-thread-1] INFO  server.RaftServerConfigKeys (ConfUtils.java:logGet(44)) - raft.server.log.statemachine.data.caching.enabled = true (custom)
2020-06-15 15:40:22,916 [pool-147-thread-1] INFO  segmented.SegmentedRaftLogWorker (SegmentedRaftLogWorker.java:lambda$new$0(129)) - 76787e2a-cdc9-4e9e-a68d-44f13553fe3c@group-24B47A675F60-SegmentedRaftLogWorker: flushIndex: setUnconditionally 0 -> -1
2020-06-15 15:40:22,916 [pool-147-thread-1] INFO  segmented.SegmentedRaftLogWorker (SegmentedRaftLogWorker.java:lambda$new$0(129)) - 76787e2a-cdc9-4e9e-a68d-44f13553fe3c@group-24B47A675F60-SegmentedRaftLogWorker: safeCacheEvictIndex: setUnconditionally 0 -> -1
2020-06-15 15:40:22,917 [pool-147-thread-1] INFO  server.RaftServerConfigKeys (ConfUtils.java:logGet(44)) - raft.server.snapshot.auto.trigger.enabled = true (custom)
2020-06-15 15:40:22,917 [pool-147-thread-1] INFO  server.RaftServerConfigKeys (ConfUtils.java:logGet(44)) - raft.server.snapshot.auto.trigger.threshold = 10000 (custom)
2020-06-15 15:40:22,917 [pool-147-thread-1] INFO  server.RaftServerConfigKeys (ConfUtils.java:logGet(44)) - raft.server.snapshot.retention.file.num = 5 (custom)
2020-06-15 15:40:22,917 [pool-147-thread-1] INFO  server.RaftServerConfigKeys (ConfUtils.java:logGet(44)) - raft.server.log.purge.upto.snapshot.index = false (default)
2020-06-15 15:40:22,917 [pool-147-thread-1] INFO  server.RaftServerConfigKeys (ConfUtils.java:logGet(44)) - raft.server.retrycache.expirytime = 600000ms (custom)
2020-06-15 15:40:22,917 [pool-147-thread-1] INFO  metrics.RatisMetrics (RatisMetrics.java:lambda$create$0(36)) - Creating Metrics Registry : ratis.leader_election.76787e2a-cdc9-4e9e-a68d-44f13553fe3c@group-24B47A675F60
2020-06-15 15:40:22,918 [pool-147-thread-1] INFO  metrics.RatisMetrics (RatisMetrics.java:lambda$create$0(36)) - Creating Metrics Registry : ratis.server.76787e2a-cdc9-4e9e-a68d-44f13553fe3c@group-24B47A675F60
2020-06-15 15:40:22,918 [pool-147-thread-1] INFO  impl.RaftServerImpl (RaftServerImpl.java:start(186)) - 76787e2a-cdc9-4e9e-a68d-44f13553fe3c@group-24B47A675F60: start as a follower, conf=-1: [76787e2a-cdc9-4e9e-a68d-44f13553fe3c:172.17.0.2:37067], old=null
2020-06-15 15:40:22,919 [pool-147-thread-1] INFO  impl.RaftServerImpl (RaftServerImpl.java:setRole(175)) - 76787e2a-cdc9-4e9e-a68d-44f13553fe3c@group-24B47A675F60: changes role from      null to FOLLOWER at term 0 for startAsFollower
2020-06-15 15:40:22,919 [pool-147-thread-1] INFO  impl.RoleInfo (RoleInfo.java:updateAndGet(143)) - 76787e2a-cdc9-4e9e-a68d-44f13553fe3c: start FollowerState
2020-06-15 15:40:22,920 [pool-147-thread-1] INFO  util.JmxRegister (JmxRegister.java:tryRegister(44)) - Successfully registered JMX Bean with object name Ratis:service=RaftServer,group=group-24B47A675F60,id=76787e2a-cdc9-4e9e-a68d-44f13553fe3c
2020-06-15 15:40:22,920 [pool-147-thread-1] INFO  metrics.RatisMetrics (RatisMetrics.java:lambda$create$0(36)) - Creating Metrics Registry : ratis.state_machine.76787e2a-cdc9-4e9e-a68d-44f13553fe3c@group-24B47A675F60
2020-06-15 15:40:22,927 [pool-163-thread-1] INFO  ratis.ContainerStateMachine (ContainerStateMachine.java:loadSnapshot(226)) - group-705EA30DD5A8: The snapshot info is null. Setting the last applied indexto:(t:0, i:~)
2020-06-15 15:40:22,927 [pool-163-thread-1] INFO  server.RaftServerConfigKeys (ConfUtils.java:logGet(44)) - raft.server.notification.no-leader.timeout = 60s (default)
2020-06-15 15:40:22,930 [pool-163-thread-1] INFO  server.RaftServerConfigKeys (ConfUtils.java:logGet(44)) - raft.server.log.use.memory = false (default)
2020-06-15 15:40:22,930 [pool-163-thread-1] INFO  server.RaftServerConfigKeys (ConfUtils.java:logGet(44)) - raft.server.log.purge.gap = 1000000 (custom)
2020-06-15 15:40:22,930 [pool-163-thread-1] INFO  server.RaftServerConfigKeys (ConfUtils.java:logGet(44)) - raft.server.log.appender.buffer.byte-limit = 33554432 (custom)
2020-06-15 15:40:22,931 [EventQueue-PipelineReportForPipelineReportHandler] INFO  pipeline.PipelineStateManager (PipelineStateManager.java:openPipeline(131)) - Pipeline Pipeline[ Id: 2424e855-3fe0-4dd4-b4cb-705ea30dd5a8, Nodes: 1555e715-5c6c-4e2d-b7e6-f10fa5f487d3{ip: 172.17.0.2, host: dd6acf296020, networkLocation: /default-rack, certSerialId: null}, Type:RATIS, Factor:ONE, State:ALLOCATED, leaderId:1555e715-5c6c-4e2d-b7e6-f10fa5f487d3, CreationTimestamp2020-06-15T15:40:19.864Z] moved to OPEN state
2020-06-15 15:40:22,930 [Listener at 127.0.0.1/33397] INFO  ozone.MiniOzoneClusterImpl (MiniOzoneClusterImpl.java:lambda$waitForClusterToBeReady$0(177)) - Nodes are ready. Got 10 of 10 DN Heartbeats.
2020-06-15 15:40:22,931 [Listener at 127.0.0.1/33397] INFO  ozone.MiniOzoneClusterImpl (MiniOzoneClusterImpl.java:lambda$waitForClusterToBeReady$0(180)) - Waiting for cluster to exit safe mode
2020-06-15 15:40:22,929 [Command processor thread] INFO  commandhandler.CreatePipelineCommandHandler (CreatePipelineCommandHandler.java:handle(109)) - Created Pipeline RATIS ONE #id: "160074c6-40d8-41e8-8c44-24b47a675f60"
.
2020-06-15 15:40:22,931 [EventQueue-OpenPipelineForHealthyPipelineSafeModeRule] INFO  safemode.SCMSafeModeManager (HealthyPipelineSafeModeRule.java:process(132)) - SCM in safe mode. Healthy pipelines reported count is 0, required healthy pipeline reported count is 1
2020-06-15 15:40:22,931 [EventQueue-OpenPipelineForOneReplicaPipelineSafeModeRule] INFO  safemode.SCMSafeModeManager (SCMSafeModeManager.java:validateSafeModeExitRules(213)) - AtleastOneDatanodeReportedRule rule is successfully validated
2020-06-15 15:40:22,931 [Command processor thread] INFO  impl.RaftServerProxy (RaftServerProxy.java:addNew(89)) - 76787e2a-cdc9-4e9e-a68d-44f13553fe3c: addNew group-45C8AE79FB34:[f695cbb9-a461-4428-8d13-756fae3d1d34:172.17.0.2:40579, 1555e715-5c6c-4e2d-b7e6-f10fa5f487d3:172.17.0.2:41221, 76787e2a-cdc9-4e9e-a68d-44f13553fe3c:172.17.0.2:37067] returns group-45C8AE79FB34:java.util.concurrent.CompletableFuture@623003fa[Not completed]
2020-06-15 15:40:22,931 [pool-163-thread-1] INFO  server.RaftServerConfigKeys (ConfUtils.java:logGet(44)) - raft.server.log.segment.size.max = 1048576 (custom)
2020-06-15 15:40:22,932 [pool-163-thread-1] INFO  metrics.RatisMetrics (RatisMetrics.java:lambda$create$0(36)) - Creating Metrics Registry : ratis.log_worker.1555e715-5c6c-4e2d-b7e6-f10fa5f487d3@group-705EA30DD5A8
2020-06-15 15:40:22,932 [pool-163-thread-1] INFO  server.RaftServerConfigKeys (ConfUtils.java:logGet(44)) - raft.server.log.segment.cache.num.max = 2 (custom)
2020-06-15 15:40:22,932 [pool-163-thread-1] INFO  segmented.SegmentedRaftLogWorker (SegmentedRaftLogWorker.java:<init>(180)) - new 1555e715-5c6c-4e2d-b7e6-f10fa5f487d3@group-705EA30DD5A8-SegmentedRaftLogWorker for RaftStorage:Storage Directory /github/workspace/mnt/ozone/hadoop-ozone/integration-test/target/test-dir/MiniOzoneClusterImpl-821e280a-19ea-4536-9ce4-db87e8de49a0/datanode-8/data/ratis/2424e855-3fe0-4dd4-b4cb-705ea30dd5a8
2020-06-15 15:40:22,932 [pool-147-thread-1] INFO  impl.RaftServerImpl (RaftServerImpl.java:<init>(99)) - 76787e2a-cdc9-4e9e-a68d-44f13553fe3c: new RaftServerImpl for group-45C8AE79FB34:[f695cbb9-a461-4428-8d13-756fae3d1d34:172.17.0.2:40579, 1555e715-5c6c-4e2d-b7e6-f10fa5f487d3:172.17.0.2:41221, 76787e2a-cdc9-4e9e-a68d-44f13553fe3c:172.17.0.2:37067] with ContainerStateMachine:uninitialized
2020-06-15 15:40:22,932 [pool-147-thread-1] INFO  server.RaftServerConfigKeys (ConfUtils.java:logGet(44)) - raft.server.rpc.timeout.min = 1s (custom)
2020-06-15 15:40:22,932 [pool-147-thread-1] INFO  server.RaftServerConfigKeys (ConfUtils.java:logGet(44)) - raft.server.rpc.timeout.max = 1200ms (custom)
2020-06-15 15:40:22,932 [pool-163-thread-1] INFO  server.RaftServerConfigKeys (ConfUtils.java:logGet(44)) - raft.server.log.queue.byte-limit = 2147483647 (custom)
2020-06-15 15:40:22,933 [pool-163-thread-1] INFO  server.RaftServerConfigKeys (ConfUtils.java:logGet(44)) - raft.server.log.queue.element-limit = 1024 (custom)
2020-06-15 15:40:22,933 [pool-163-thread-1] INFO  server.RaftServerConfigKeys (ConfUtils.java:logGet(44)) - raft.server.log.segment.size.max = 1048576 (custom)
2020-06-15 15:40:22,933 [pool-163-thread-1] INFO  server.RaftServerConfigKeys (ConfUtils.java:logGet(44)) - raft.server.log.preallocated.size = 16384 (custom)
2020-06-15 15:40:22,933 [pool-163-thread-1] INFO  server.RaftServerConfigKeys (ConfUtils.java:logGet(44)) - raft.server.log.write.buffer.size = 1048576 (custom)
2020-06-15 15:40:22,933 [pool-163-thread-1] INFO  server.RaftServerConfigKeys (ConfUtils.java:logGet(44)) - raft.server.log.force.sync.num = 128 (default)
2020-06-15 15:40:22,933 [pool-163-thread-1] INFO  server.RaftServerConfigKeys (ConfUtils.java:logGet(44)) - raft.server.log.statemachine.data.sync = true (default)
2020-06-15 15:40:22,933 [pool-163-thread-1] INFO  server.RaftServerConfigKeys (ConfUtils.java:logGet(44)) - raft.server.log.statemachine.data.sync.timeout = 10s (default)
2020-06-15 15:40:22,933 [pool-163-thread-1] INFO  server.RaftServerConfigKeys (ConfUtils.java:logGet(44)) - raft.server.log.statemachine.data.sync.timeout.retry = -1 (default)
2020-06-15 15:40:22,935 [pool-163-thread-1] INFO  server.RaftServerConfigKeys (ConfUtils.java:logGet(44)) - raft.server.log.statemachine.data.caching.enabled = true (custom)
2020-06-15 15:40:22,935 [pool-163-thread-1] INFO  segmented.SegmentedRaftLogWorker (SegmentedRaftLogWorker.java:lambda$new$0(129)) - 1555e715-5c6c-4e2d-b7e6-f10fa5f487d3@group-705EA30DD5A8-SegmentedRaftLogWorker: flushIndex: setUnconditionally 0 -> -1
2020-06-15 15:40:22,935 [pool-163-thread-1] INFO  segmented.SegmentedRaftLogWorker (SegmentedRaftLogWorker.java:lambda$new$0(129)) - 1555e715-5c6c-4e2d-b7e6-f10fa5f487d3@group-705EA30DD5A8-SegmentedRaftLogWorker: safeCacheEvictIndex: setUnconditionally 0 -> -1
2020-06-15 15:40:22,933 [pool-147-thread-1] INFO  server.RaftServerConfigKeys (ConfUtils.java:logGet(44)) - raft.server.rpcslowness.timeout = 300s (custom)
2020-06-15 15:40:22,936 [pool-147-thread-1] INFO  server.RaftServerConfigKeys (ConfUtils.java:logGet(44)) - raft.server.sleep.deviation.threshold = 300 (default)
2020-06-15 15:40:22,936 [pool-147-thread-1] INFO  server.RaftServerConfigKeys (ConfUtils.java:logGet(44)) - raft.server.log.appender.install.snapshot.enabled = false (custom)
2020-06-15 15:40:22,936 [pool-147-thread-1] INFO  impl.RaftServerImpl (ServerState.java:<init>(103)) - 76787e2a-cdc9-4e9e-a68d-44f13553fe3c@group-45C8AE79FB34: ConfigurationManager, init=-1: [f695cbb9-a461-4428-8d13-756fae3d1d34:172.17.0.2:40579, 1555e715-5c6c-4e2d-b7e6-f10fa5f487d3:172.17.0.2:41221, 76787e2a-cdc9-4e9e-a68d-44f13553fe3c:172.17.0.2:37067], old=null, confs=<EMPTY_MAP>
2020-06-15 15:40:22,936 [pool-147-thread-1] INFO  server.RaftServerConfigKeys (ConfUtils.java:logGet(44)) - raft.server.storage.dir = [/github/workspace/mnt/ozone/hadoop-ozone/integration-test/target/test-dir/MiniOzoneClusterImpl-821e280a-19ea-4536-9ce4-db87e8de49a0/datanode-7/data/ratis] (custom)
2020-06-15 15:40:22,936 [pool-147-thread-1] INFO  server.RaftServerConfigKeys (ConfUtils.java:logGet(44)) - raft.server.log.corruption.policy = EXCEPTION (default)
2020-06-15 15:40:22,936 [pool-147-thread-1] INFO  storage.RaftStorageDirectory (RaftStorageDirectory.java:analyzeStorage(261)) - The storage directory /github/workspace/mnt/ozone/hadoop-ozone/integration-test/target/test-dir/MiniOzoneClusterImpl-821e280a-19ea-4536-9ce4-db87e8de49a0/datanode-7/data/ratis/7efe5cd7-55cc-4aa9-9f53-45c8ae79fb34 does not exist. Creating ...
2020-06-15 15:40:22,937 [pool-147-thread-1] INFO  storage.RaftStorageDirectory (RaftStorageDirectory.java:tryLock(343)) - Lock on /github/workspace/mnt/ozone/hadoop-ozone/integration-test/target/test-dir/MiniOzoneClusterImpl-821e280a-19ea-4536-9ce4-db87e8de49a0/datanode-7/data/ratis/7efe5cd7-55cc-4aa9-9f53-45c8ae79fb34/in_use.lock acquired by nodename 29548@dd6acf296020
2020-06-15 15:40:22,938 [pool-163-thread-1] INFO  server.RaftServerConfigKeys (ConfUtils.java:logGet(44)) - raft.server.snapshot.auto.trigger.enabled = true (custom)
2020-06-15 15:40:22,938 [pool-163-thread-1] INFO  server.RaftServerConfigKeys (ConfUtils.java:logGet(44)) - raft.server.snapshot.auto.trigger.threshold = 10000 (custom)
2020-06-15 15:40:22,938 [pool-163-thread-1] INFO  server.RaftServerConfigKeys (ConfUtils.java:logGet(44)) - raft.server.snapshot.retention.file.num = 5 (custom)
2020-06-15 15:40:22,938 [pool-163-thread-1] INFO  server.RaftServerConfigKeys (ConfUtils.java:logGet(44)) - raft.server.log.purge.upto.snapshot.index = false (default)
2020-06-15 15:40:22,938 [pool-163-thread-1] INFO  server.RaftServerConfigKeys (ConfUtils.java:logGet(44)) - raft.server.retrycache.expirytime = 600000ms (custom)
2020-06-15 15:40:22,948 [pool-163-thread-1] INFO  metrics.RatisMetrics (RatisMetrics.java:lambda$create$0(36)) - Creating Metrics Registry : ratis.leader_election.1555e715-5c6c-4e2d-b7e6-f10fa5f487d3@group-705EA30DD5A8
2020-06-15 15:40:22,948 [pool-147-thread-1] INFO  storage.RaftStorage (RaftStorage.java:format(84)) - Storage directory /github/workspace/mnt/ozone/hadoop-ozone/integration-test/target/test-dir/MiniOzoneClusterImpl-821e280a-19ea-4536-9ce4-db87e8de49a0/datanode-7/data/ratis/7efe5cd7-55cc-4aa9-9f53-45c8ae79fb34 has been successfully formatted.
2020-06-15 15:40:22,948 [pool-147-thread-1] INFO  ratis.ContainerStateMachine (ContainerStateMachine.java:loadSnapshot(226)) - group-45C8AE79FB34: The snapshot info is null. Setting the last applied indexto:(t:0, i:~)
2020-06-15 15:40:22,949 [pool-147-thread-1] INFO  server.RaftServerConfigKeys (ConfUtils.java:logGet(44)) - raft.server.notification.no-leader.timeout = 60s (default)
2020-06-15 15:40:22,949 [pool-147-thread-1] INFO  server.RaftServerConfigKeys (ConfUtils.java:logGet(44)) - raft.server.log.use.memory = false (default)
2020-06-15 15:40:22,949 [pool-147-thread-1] INFO  server.RaftServerConfigKeys (ConfUtils.java:logGet(44)) - raft.server.log.purge.gap = 1000000 (custom)
2020-06-15 15:40:22,949 [pool-163-thread-1] INFO  metrics.RatisMetrics (RatisMetrics.java:lambda$create$0(36)) - Creating Metrics Registry : ratis.server.1555e715-5c6c-4e2d-b7e6-f10fa5f487d3@group-705EA30DD5A8
2020-06-15 15:40:22,949 [pool-147-thread-1] INFO  server.RaftServerConfigKeys (ConfUtils.java:logGet(44)) - raft.server.log.appender.buffer.byte-limit = 33554432 (custom)
2020-06-15 15:40:22,949 [pool-147-thread-1] INFO  server.RaftServerConfigKeys (ConfUtils.java:logGet(44)) - raft.server.log.segment.size.max = 1048576 (custom)
2020-06-15 15:40:22,949 [pool-147-thread-1] INFO  metrics.RatisMetrics (RatisMetrics.java:lambda$create$0(36)) - Creating Metrics Registry : ratis.log_worker.76787e2a-cdc9-4e9e-a68d-44f13553fe3c@group-45C8AE79FB34
2020-06-15 15:40:22,950 [pool-147-thread-1] INFO  server.RaftServerConfigKeys (ConfUtils.java:logGet(44)) - raft.server.log.segment.cache.num.max = 2 (custom)
2020-06-15 15:40:22,950 [pool-147-thread-1] INFO  segmented.SegmentedRaftLogWorker (SegmentedRaftLogWorker.java:<init>(180)) - new 76787e2a-cdc9-4e9e-a68d-44f13553fe3c@group-45C8AE79FB34-SegmentedRaftLogWorker for RaftStorage:Storage Directory /github/workspace/mnt/ozone/hadoop-ozone/integration-test/target/test-dir/MiniOzoneClusterImpl-821e280a-19ea-4536-9ce4-db87e8de49a0/datanode-7/data/ratis/7efe5cd7-55cc-4aa9-9f53-45c8ae79fb34
2020-06-15 15:40:22,950 [pool-147-thread-1] INFO  server.RaftServerConfigKeys (ConfUtils.java:logGet(44)) - raft.server.log.queue.byte-limit = 2147483647 (custom)
2020-06-15 15:40:22,950 [pool-147-thread-1] INFO  server.RaftServerConfigKeys (ConfUtils.java:logGet(44)) - raft.server.log.queue.element-limit = 1024 (custom)
2020-06-15 15:40:22,950 [pool-147-thread-1] INFO  server.RaftServerConfigKeys (ConfUtils.java:logGet(44)) - raft.server.log.segment.size.max = 1048576 (custom)
2020-06-15 15:40:22,950 [pool-147-thread-1] INFO  server.RaftServerConfigKeys (ConfUtils.java:logGet(44)) - raft.server.log.preallocated.size = 16384 (custom)
2020-06-15 15:40:22,950 [pool-163-thread-1] INFO  impl.RaftServerImpl (RaftServerImpl.java:start(186)) - 1555e715-5c6c-4e2d-b7e6-f10fa5f487d3@group-705EA30DD5A8: start as a follower, conf=-1: [1555e715-5c6c-4e2d-b7e6-f10fa5f487d3:172.17.0.2:41221], old=null
2020-06-15 15:40:22,950 [pool-163-thread-1] INFO  impl.RaftServerImpl (RaftServerImpl.java:setRole(175)) - 1555e715-5c6c-4e2d-b7e6-f10fa5f487d3@group-705EA30DD5A8: changes role from      null to FOLLOWER at term 0 for startAsFollower
2020-06-15 15:40:22,950 [pool-163-thread-1] INFO  impl.RoleInfo (RoleInfo.java:updateAndGet(143)) - 1555e715-5c6c-4e2d-b7e6-f10fa5f487d3: start FollowerState
2020-06-15 15:40:22,950 [pool-147-thread-1] INFO  server.RaftServerConfigKeys (ConfUtils.java:logGet(44)) - raft.server.log.write.buffer.size = 1048576 (custom)
2020-06-15 15:40:22,950 [pool-147-thread-1] INFO  server.RaftServerConfigKeys (ConfUtils.java:logGet(44)) - raft.server.log.force.sync.num = 128 (default)
2020-06-15 15:40:22,951 [pool-147-thread-1] INFO  server.RaftServerConfigKeys (ConfUtils.java:logGet(44)) - raft.server.log.statemachine.data.sync = true (default)
2020-06-15 15:40:22,951 [pool-147-thread-1] INFO  server.RaftServerConfigKeys (ConfUtils.java:logGet(44)) - raft.server.log.statemachine.data.sync.timeout = 10s (default)
2020-06-15 15:40:22,951 [pool-147-thread-1] INFO  server.RaftServerConfigKeys (ConfUtils.java:logGet(44)) - raft.server.log.statemachine.data.sync.timeout.retry = -1 (default)
2020-06-15 15:40:22,955 [pool-163-thread-1] INFO  util.JmxRegister (JmxRegister.java:tryRegister(44)) - Successfully registered JMX Bean with object name Ratis:service=RaftServer,group=group-705EA30DD5A8,id=1555e715-5c6c-4e2d-b7e6-f10fa5f487d3
2020-06-15 15:40:22,955 [pool-163-thread-1] INFO  metrics.RatisMetrics (RatisMetrics.java:lambda$create$0(36)) - Creating Metrics Registry : ratis.state_machine.1555e715-5c6c-4e2d-b7e6-f10fa5f487d3@group-705EA30DD5A8
2020-06-15 15:40:22,960 [Command processor thread] INFO  commandhandler.CreatePipelineCommandHandler (CreatePipelineCommandHandler.java:handle(109)) - Created Pipeline RATIS ONE #id: "2424e855-3fe0-4dd4-b4cb-705ea30dd5a8"
.
2020-06-15 15:40:22,960 [Command processor thread] INFO  impl.RaftServerProxy (RaftServerProxy.java:addNew(89)) - 1555e715-5c6c-4e2d-b7e6-f10fa5f487d3: addNew group-45C8AE79FB34:[f695cbb9-a461-4428-8d13-756fae3d1d34:172.17.0.2:40579, 1555e715-5c6c-4e2d-b7e6-f10fa5f487d3:172.17.0.2:41221, 76787e2a-cdc9-4e9e-a68d-44f13553fe3c:172.17.0.2:37067] returns group-45C8AE79FB34:java.util.concurrent.CompletableFuture@38625b6b[Not completed]
2020-06-15 15:40:22,961 [pool-147-thread-1] INFO  server.RaftServerConfigKeys (ConfUtils.java:logGet(44)) - raft.server.log.statemachine.data.caching.enabled = true (custom)
2020-06-15 15:40:22,961 [pool-163-thread-1] INFO  impl.RaftServerImpl (RaftServerImpl.java:<init>(99)) - 1555e715-5c6c-4e2d-b7e6-f10fa5f487d3: new RaftServerImpl for group-45C8AE79FB34:[f695cbb9-a461-4428-8d13-756fae3d1d34:172.17.0.2:40579, 1555e715-5c6c-4e2d-b7e6-f10fa5f487d3:172.17.0.2:41221, 76787e2a-cdc9-4e9e-a68d-44f13553fe3c:172.17.0.2:37067] with ContainerStateMachine:uninitialized
2020-06-15 15:40:22,961 [pool-163-thread-1] INFO  server.RaftServerConfigKeys (ConfUtils.java:logGet(44)) - raft.server.rpc.timeout.min = 1s (custom)
2020-06-15 15:40:22,961 [pool-163-thread-1] INFO  server.RaftServerConfigKeys (ConfUtils.java:logGet(44)) - raft.server.rpc.timeout.max = 1200ms (custom)
2020-06-15 15:40:22,962 [pool-163-thread-1] INFO  server.RaftServerConfigKeys (ConfUtils.java:logGet(44)) - raft.server.rpcslowness.timeout = 300s (custom)
2020-06-15 15:40:22,962 [pool-163-thread-1] INFO  server.RaftServerConfigKeys (ConfUtils.java:logGet(44)) - raft.server.sleep.deviation.threshold = 300 (default)
2020-06-15 15:40:22,962 [pool-163-thread-1] INFO  server.RaftServerConfigKeys (ConfUtils.java:logGet(44)) - raft.server.log.appender.install.snapshot.enabled = false (custom)
2020-06-15 15:40:22,962 [pool-163-thread-1] INFO  impl.RaftServerImpl (ServerState.java:<init>(103)) - 1555e715-5c6c-4e2d-b7e6-f10fa5f487d3@group-45C8AE79FB34: ConfigurationManager, init=-1: [f695cbb9-a461-4428-8d13-756fae3d1d34:172.17.0.2:40579, 1555e715-5c6c-4e2d-b7e6-f10fa5f487d3:172.17.0.2:41221, 76787e2a-cdc9-4e9e-a68d-44f13553fe3c:172.17.0.2:37067], old=null, confs=<EMPTY_MAP>
2020-06-15 15:40:22,962 [pool-163-thread-1] INFO  server.RaftServerConfigKeys (ConfUtils.java:logGet(44)) - raft.server.storage.dir = [/github/workspace/mnt/ozone/hadoop-ozone/integration-test/target/test-dir/MiniOzoneClusterImpl-821e280a-19ea-4536-9ce4-db87e8de49a0/datanode-8/data/ratis] (custom)
2020-06-15 15:40:22,962 [pool-163-thread-1] INFO  server.RaftServerConfigKeys (ConfUtils.java:logGet(44)) - raft.server.log.corruption.policy = EXCEPTION (default)
2020-06-15 15:40:22,963 [pool-163-thread-1] INFO  storage.RaftStorageDirectory (RaftStorageDirectory.java:analyzeStorage(261)) - The storage directory /github/workspace/mnt/ozone/hadoop-ozone/integration-test/target/test-dir/MiniOzoneClusterImpl-821e280a-19ea-4536-9ce4-db87e8de49a0/datanode-8/data/ratis/7efe5cd7-55cc-4aa9-9f53-45c8ae79fb34 does not exist. Creating ...
2020-06-15 15:40:22,961 [pool-147-thread-1] INFO  segmented.SegmentedRaftLogWorker (SegmentedRaftLogWorker.java:lambda$new$0(129)) - 76787e2a-cdc9-4e9e-a68d-44f13553fe3c@group-45C8AE79FB34-SegmentedRaftLogWorker: flushIndex: setUnconditionally 0 -> -1
2020-06-15 15:40:22,969 [pool-147-thread-1] INFO  segmented.SegmentedRaftLogWorker (SegmentedRaftLogWorker.java:lambda$new$0(129)) - 76787e2a-cdc9-4e9e-a68d-44f13553fe3c@group-45C8AE79FB34-SegmentedRaftLogWorker: safeCacheEvictIndex: setUnconditionally 0 -> -1
2020-06-15 15:40:22,980 [pool-147-thread-1] INFO  server.RaftServerConfigKeys (ConfUtils.java:logGet(44)) - raft.server.snapshot.auto.trigger.enabled = true (custom)
2020-06-15 15:40:22,980 [pool-147-thread-1] INFO  server.RaftServerConfigKeys (ConfUtils.java:logGet(44)) - raft.server.snapshot.auto.trigger.threshold = 10000 (custom)
2020-06-15 15:40:22,988 [pool-147-thread-1] INFO  server.RaftServerConfigKeys (ConfUtils.java:logGet(44)) - raft.server.snapshot.retention.file.num = 5 (custom)
2020-06-15 15:40:22,989 [pool-147-thread-1] INFO  server.RaftServerConfigKeys (ConfUtils.java:logGet(44)) - raft.server.log.purge.upto.snapshot.index = false (default)
2020-06-15 15:40:22,989 [pool-147-thread-1] INFO  server.RaftServerConfigKeys (ConfUtils.java:logGet(44)) - raft.server.retrycache.expirytime = 600000ms (custom)
2020-06-15 15:40:22,989 [pool-147-thread-1] INFO  metrics.RatisMetrics (RatisMetrics.java:lambda$create$0(36)) - Creating Metrics Registry : ratis.leader_election.76787e2a-cdc9-4e9e-a68d-44f13553fe3c@group-45C8AE79FB34
2020-06-15 15:40:22,989 [pool-147-thread-1] INFO  metrics.RatisMetrics (RatisMetrics.java:lambda$create$0(36)) - Creating Metrics Registry : ratis.server.76787e2a-cdc9-4e9e-a68d-44f13553fe3c@group-45C8AE79FB34
2020-06-15 15:40:22,990 [pool-147-thread-1] INFO  impl.RaftServerImpl (RaftServerImpl.java:start(186)) - 76787e2a-cdc9-4e9e-a68d-44f13553fe3c@group-45C8AE79FB34: start as a follower, conf=-1: [f695cbb9-a461-4428-8d13-756fae3d1d34:172.17.0.2:40579, 1555e715-5c6c-4e2d-b7e6-f10fa5f487d3:172.17.0.2:41221, 76787e2a-cdc9-4e9e-a68d-44f13553fe3c:172.17.0.2:37067], old=null
2020-06-15 15:40:22,990 [pool-147-thread-1] INFO  impl.RaftServerImpl (RaftServerImpl.java:setRole(175)) - 76787e2a-cdc9-4e9e-a68d-44f13553fe3c@group-45C8AE79FB34: changes role from      null to FOLLOWER at term 0 for startAsFollower
2020-06-15 15:40:22,990 [pool-147-thread-1] INFO  impl.RoleInfo (RoleInfo.java:updateAndGet(143)) - 76787e2a-cdc9-4e9e-a68d-44f13553fe3c: start FollowerState
2020-06-15 15:40:22,990 [pool-147-thread-1] INFO  util.JmxRegister (JmxRegister.java:tryRegister(44)) - Successfully registered JMX Bean with object name Ratis:service=RaftServer,group=group-45C8AE79FB34,id=76787e2a-cdc9-4e9e-a68d-44f13553fe3c
2020-06-15 15:40:22,991 [pool-147-thread-1] INFO  metrics.RatisMetrics (RatisMetrics.java:lambda$create$0(36)) - Creating Metrics Registry : ratis.state_machine.76787e2a-cdc9-4e9e-a68d-44f13553fe3c@group-45C8AE79FB34
2020-06-15 15:40:22,968 [Command processor thread] INFO  impl.RaftServerProxy (RaftServerProxy.java:addNew(89)) - faf68df0-9b28-4036-b0dc-8f3f61b959cf: addNew group-A592AA5858EF:[faf68df0-9b28-4036-b0dc-8f3f61b959cf:172.17.0.2:34353] returns group-A592AA5858EF:java.util.concurrent.CompletableFuture@1447a0e3[Not completed]
2020-06-15 15:40:23,000 [pool-179-thread-1] INFO  impl.RaftServerImpl (RaftServerImpl.java:<init>(99)) - faf68df0-9b28-4036-b0dc-8f3f61b959cf: new RaftServerImpl for group-A592AA5858EF:[faf68df0-9b28-4036-b0dc-8f3f61b959cf:172.17.0.2:34353] with ContainerStateMachine:uninitialized
2020-06-15 15:40:23,001 [pool-179-thread-1] INFO  server.RaftServerConfigKeys (ConfUtils.java:logGet(44)) - raft.server.rpc.timeout.min = 1s (custom)
2020-06-15 15:40:23,001 [pool-179-thread-1] INFO  server.RaftServerConfigKeys (ConfUtils.java:logGet(44)) - raft.server.rpc.timeout.max = 1200ms (custom)
2020-06-15 15:40:23,001 [pool-163-thread-1] INFO  storage.RaftStorageDirectory (RaftStorageDirectory.java:tryLock(343)) - Lock on /github/workspace/mnt/ozone/hadoop-ozone/integration-test/target/test-dir/MiniOzoneClusterImpl-821e280a-19ea-4536-9ce4-db87e8de49a0/datanode-8/data/ratis/7efe5cd7-55cc-4aa9-9f53-45c8ae79fb34/in_use.lock acquired by nodename 29548@dd6acf296020
2020-06-15 15:40:23,001 [pool-179-thread-1] INFO  server.RaftServerConfigKeys (ConfUtils.java:logGet(44)) - raft.server.rpcslowness.timeout = 300s (custom)
2020-06-15 15:40:23,002 [pool-179-thread-1] INFO  server.RaftServerConfigKeys (ConfUtils.java:logGet(44)) - raft.server.sleep.deviation.threshold = 300 (default)
2020-06-15 15:40:23,002 [pool-179-thread-1] INFO  server.RaftServerConfigKeys (ConfUtils.java:logGet(44)) - raft.server.log.appender.install.snapshot.enabled = false (custom)
2020-06-15 15:40:23,002 [pool-179-thread-1] INFO  impl.RaftServerImpl (ServerState.java:<init>(103)) - faf68df0-9b28-4036-b0dc-8f3f61b959cf@group-A592AA5858EF: ConfigurationManager, init=-1: [faf68df0-9b28-4036-b0dc-8f3f61b959cf:172.17.0.2:34353], old=null, confs=<EMPTY_MAP>
2020-06-15 15:40:23,002 [pool-179-thread-1] INFO  server.RaftServerConfigKeys (ConfUtils.java:logGet(44)) - raft.server.storage.dir = [/github/workspace/mnt/ozone/hadoop-ozone/integration-test/target/test-dir/MiniOzoneClusterImpl-821e280a-19ea-4536-9ce4-db87e8de49a0/datanode-9/data/ratis] (custom)
2020-06-15 15:40:23,002 [pool-179-thread-1] INFO  server.RaftServerConfigKeys (ConfUtils.java:logGet(44)) - raft.server.log.corruption.policy = EXCEPTION (default)
2020-06-15 15:40:23,003 [pool-179-thread-1] INFO  storage.RaftStorageDirectory (RaftStorageDirectory.java:analyzeStorage(261)) - The storage directory /github/workspace/mnt/ozone/hadoop-ozone/integration-test/target/test-dir/MiniOzoneClusterImpl-821e280a-19ea-4536-9ce4-db87e8de49a0/datanode-9/data/ratis/23f55de5-b146-436f-8cfd-a592aa5858ef does not exist. Creating ...
2020-06-15 15:40:23,003 [pool-179-thread-1] INFO  storage.RaftStorageDirectory (RaftStorageDirectory.java:tryLock(343)) - Lock on /github/workspace/mnt/ozone/hadoop-ozone/integration-test/target/test-dir/MiniOzoneClusterImpl-821e280a-19ea-4536-9ce4-db87e8de49a0/datanode-9/data/ratis/23f55de5-b146-436f-8cfd-a592aa5858ef/in_use.lock acquired by nodename 29548@dd6acf296020
2020-06-15 15:40:23,003 [pool-163-thread-1] INFO  storage.RaftStorage (RaftStorage.java:format(84)) - Storage directory /github/workspace/mnt/ozone/hadoop-ozone/integration-test/target/test-dir/MiniOzoneClusterImpl-821e280a-19ea-4536-9ce4-db87e8de49a0/datanode-8/data/ratis/7efe5cd7-55cc-4aa9-9f53-45c8ae79fb34 has been successfully formatted.
2020-06-15 15:40:23,004 [pool-163-thread-1] INFO  ratis.ContainerStateMachine (ContainerStateMachine.java:loadSnapshot(226)) - group-45C8AE79FB34: The snapshot info is null. Setting the last applied indexto:(t:0, i:~)
2020-06-15 15:40:23,004 [pool-163-thread-1] INFO  server.RaftServerConfigKeys (ConfUtils.java:logGet(44)) - raft.server.notification.no-leader.timeout = 60s (default)
2020-06-15 15:40:23,004 [pool-163-thread-1] INFO  server.RaftServerConfigKeys (ConfUtils.java:logGet(44)) - raft.server.log.use.memory = false (default)
2020-06-15 15:40:23,004 [pool-163-thread-1] INFO  server.RaftServerConfigKeys (ConfUtils.java:logGet(44)) - raft.server.log.purge.gap = 1000000 (custom)
2020-06-15 15:40:23,004 [pool-163-thread-1] INFO  server.RaftServerConfigKeys (ConfUtils.java:logGet(44)) - raft.server.log.appender.buffer.byte-limit = 33554432 (custom)
2020-06-15 15:40:23,004 [pool-163-thread-1] INFO  server.RaftServerConfigKeys (ConfUtils.java:logGet(44)) - raft.server.log.segment.size.max = 1048576 (custom)
2020-06-15 15:40:23,004 [pool-163-thread-1] INFO  metrics.RatisMetrics (RatisMetrics.java:lambda$create$0(36)) - Creating Metrics Registry : ratis.log_worker.1555e715-5c6c-4e2d-b7e6-f10fa5f487d3@group-45C8AE79FB34
2020-06-15 15:40:23,004 [pool-163-thread-1] INFO  server.RaftServerConfigKeys (ConfUtils.java:logGet(44)) - raft.server.log.segment.cache.num.max = 2 (custom)
2020-06-15 15:40:23,005 [pool-163-thread-1] INFO  segmented.SegmentedRaftLogWorker (SegmentedRaftLogWorker.java:<init>(180)) - new 1555e715-5c6c-4e2d-b7e6-f10fa5f487d3@group-45C8AE79FB34-SegmentedRaftLogWorker for RaftStorage:Storage Directory /github/workspace/mnt/ozone/hadoop-ozone/integration-test/target/test-dir/MiniOzoneClusterImpl-821e280a-19ea-4536-9ce4-db87e8de49a0/datanode-8/data/ratis/7efe5cd7-55cc-4aa9-9f53-45c8ae79fb34
2020-06-15 15:40:23,005 [pool-163-thread-1] INFO  server.RaftServerConfigKeys (ConfUtils.java:logGet(44)) - raft.server.log.queue.byte-limit = 2147483647 (custom)
2020-06-15 15:40:23,005 [pool-163-thread-1] INFO  server.RaftServerConfigKeys (ConfUtils.java:logGet(44)) - raft.server.log.queue.element-limit = 1024 (custom)
2020-06-15 15:40:23,005 [pool-163-thread-1] INFO  server.RaftServerConfigKeys (ConfUtils.java:logGet(44)) - raft.server.log.segment.size.max = 1048576 (custom)
2020-06-15 15:40:23,005 [pool-163-thread-1] INFO  server.RaftServerConfigKeys (ConfUtils.java:logGet(44)) - raft.server.log.preallocated.size = 16384 (custom)
2020-06-15 15:40:23,005 [pool-163-thread-1] INFO  server.RaftServerConfigKeys (ConfUtils.java:logGet(44)) - raft.server.log.write.buffer.size = 1048576 (custom)
2020-06-15 15:40:23,005 [pool-163-thread-1] INFO  server.RaftServerConfigKeys (ConfUtils.java:logGet(44)) - raft.server.log.force.sync.num = 128 (default)
2020-06-15 15:40:23,005 [pool-163-thread-1] INFO  server.RaftServerConfigKeys (ConfUtils.java:logGet(44)) - raft.server.log.statemachine.data.sync = true (default)
2020-06-15 15:40:23,005 [pool-163-thread-1] INFO  server.RaftServerConfigKeys (ConfUtils.java:logGet(44)) - raft.server.log.statemachine.data.sync.timeout = 10s (default)
2020-06-15 15:40:23,006 [pool-163-thread-1] INFO  server.RaftServerConfigKeys (ConfUtils.java:logGet(44)) - raft.server.log.statemachine.data.sync.timeout.retry = -1 (default)
2020-06-15 15:40:23,007 [pool-163-thread-1] INFO  server.RaftServerConfigKeys (ConfUtils.java:logGet(44)) - raft.server.log.statemachine.data.caching.enabled = true (custom)
2020-06-15 15:40:23,007 [pool-163-thread-1] INFO  segmented.SegmentedRaftLogWorker (SegmentedRaftLogWorker.java:lambda$new$0(129)) - 1555e715-5c6c-4e2d-b7e6-f10fa5f487d3@group-45C8AE79FB34-SegmentedRaftLogWorker: flushIndex: setUnconditionally 0 -> -1
2020-06-15 15:40:23,007 [pool-163-thread-1] INFO  segmented.SegmentedRaftLogWorker (SegmentedRaftLogWorker.java:lambda$new$0(129)) - 1555e715-5c6c-4e2d-b7e6-f10fa5f487d3@group-45C8AE79FB34-SegmentedRaftLogWorker: safeCacheEvictIndex: setUnconditionally 0 -> -1
2020-06-15 15:40:23,009 [pool-179-thread-1] INFO  storage.RaftStorage (RaftStorage.java:format(84)) - Storage directory /github/workspace/mnt/ozone/hadoop-ozone/integration-test/target/test-dir/MiniOzoneClusterImpl-821e280a-19ea-4536-9ce4-db87e8de49a0/datanode-9/data/ratis/23f55de5-b146-436f-8cfd-a592aa5858ef has been successfully formatted.
2020-06-15 15:40:23,012 [pool-163-thread-1] INFO  server.RaftServerConfigKeys (ConfUtils.java:logGet(44)) - raft.server.snapshot.auto.trigger.enabled = true (custom)
2020-06-15 15:40:23,012 [pool-163-thread-1] INFO  server.RaftServerConfigKeys (ConfUtils.java:logGet(44)) - raft.server.snapshot.auto.trigger.threshold = 10000 (custom)
2020-06-15 15:40:23,012 [pool-163-thread-1] INFO  server.RaftServerConfigKeys (ConfUtils.java:logGet(44)) - raft.server.snapshot.retention.file.num = 5 (custom)
2020-06-15 15:40:23,012 [pool-163-thread-1] INFO  server.RaftServerConfigKeys (ConfUtils.java:logGet(44)) - raft.server.log.purge.upto.snapshot.index = false (default)
2020-06-15 15:40:23,012 [pool-163-thread-1] INFO  server.RaftServerConfigKeys (ConfUtils.java:logGet(44)) - raft.server.retrycache.expirytime = 600000ms (custom)
2020-06-15 15:40:23,013 [pool-163-thread-1] INFO  metrics.RatisMetrics (RatisMetrics.java:lambda$create$0(36)) - Creating Metrics Registry : ratis.leader_election.1555e715-5c6c-4e2d-b7e6-f10fa5f487d3@group-45C8AE79FB34
2020-06-15 15:40:23,013 [pool-163-thread-1] INFO  metrics.RatisMetrics (RatisMetrics.java:lambda$create$0(36)) - Creating Metrics Registry : ratis.server.1555e715-5c6c-4e2d-b7e6-f10fa5f487d3@group-45C8AE79FB34
2020-06-15 15:40:23,014 [pool-163-thread-1] INFO  impl.RaftServerImpl (RaftServerImpl.java:start(186)) - 1555e715-5c6c-4e2d-b7e6-f10fa5f487d3@group-45C8AE79FB34: start as a follower, conf=-1: [f695cbb9-a461-4428-8d13-756fae3d1d34:172.17.0.2:40579, 1555e715-5c6c-4e2d-b7e6-f10fa5f487d3:172.17.0.2:41221, 76787e2a-cdc9-4e9e-a68d-44f13553fe3c:172.17.0.2:37067], old=null
2020-06-15 15:40:23,014 [pool-163-thread-1] INFO  impl.RaftServerImpl (RaftServerImpl.java:setRole(175)) - 1555e715-5c6c-4e2d-b7e6-f10fa5f487d3@group-45C8AE79FB34: changes role from      null to FOLLOWER at term 0 for startAsFollower
2020-06-15 15:40:23,014 [pool-163-thread-1] INFO  impl.RoleInfo (RoleInfo.java:updateAndGet(143)) - 1555e715-5c6c-4e2d-b7e6-f10fa5f487d3: start FollowerState
2020-06-15 15:40:23,017 [pool-163-thread-1] INFO  util.JmxRegister (JmxRegister.java:tryRegister(44)) - Successfully registered JMX Bean with object name Ratis:service=RaftServer,group=group-45C8AE79FB34,id=1555e715-5c6c-4e2d-b7e6-f10fa5f487d3
2020-06-15 15:40:23,017 [pool-163-thread-1] INFO  metrics.RatisMetrics (RatisMetrics.java:lambda$create$0(36)) - Creating Metrics Registry : ratis.state_machine.1555e715-5c6c-4e2d-b7e6-f10fa5f487d3@group-45C8AE79FB34
2020-06-15 15:40:23,029 [pool-179-thread-1] INFO  ratis.ContainerStateMachine (ContainerStateMachine.java:loadSnapshot(226)) - group-A592AA5858EF: The snapshot info is null. Setting the last applied indexto:(t:0, i:~)
2020-06-15 15:40:23,029 [pool-179-thread-1] INFO  server.RaftServerConfigKeys (ConfUtils.java:logGet(44)) - raft.server.notification.no-leader.timeout = 60s (default)
2020-06-15 15:40:23,029 [pool-179-thread-1] INFO  server.RaftServerConfigKeys (ConfUtils.java:logGet(44)) - raft.server.log.use.memory = false (default)
2020-06-15 15:40:23,029 [pool-179-thread-1] INFO  server.RaftServerConfigKeys (ConfUtils.java:logGet(44)) - raft.server.log.purge.gap = 1000000 (custom)
2020-06-15 15:40:23,029 [pool-179-thread-1] INFO  server.RaftServerConfigKeys (ConfUtils.java:logGet(44)) - raft.server.log.appender.buffer.byte-limit = 33554432 (custom)
2020-06-15 15:40:23,029 [pool-179-thread-1] INFO  server.RaftServerConfigKeys (ConfUtils.java:logGet(44)) - raft.server.log.segment.size.max = 1048576 (custom)
2020-06-15 15:40:23,029 [pool-179-thread-1] INFO  metrics.RatisMetrics (RatisMetrics.java:lambda$create$0(36)) - Creating Metrics Registry : ratis.log_worker.faf68df0-9b28-4036-b0dc-8f3f61b959cf@group-A592AA5858EF
2020-06-15 15:40:23,030 [pool-179-thread-1] INFO  server.RaftServerConfigKeys (ConfUtils.java:logGet(44)) - raft.server.log.segment.cache.num.max = 2 (custom)
2020-06-15 15:40:23,030 [pool-179-thread-1] INFO  segmented.SegmentedRaftLogWorker (SegmentedRaftLogWorker.java:<init>(180)) - new faf68df0-9b28-4036-b0dc-8f3f61b959cf@group-A592AA5858EF-SegmentedRaftLogWorker for RaftStorage:Storage Directory /github/workspace/mnt/ozone/hadoop-ozone/integration-test/target/test-dir/MiniOzoneClusterImpl-821e280a-19ea-4536-9ce4-db87e8de49a0/datanode-9/data/ratis/23f55de5-b146-436f-8cfd-a592aa5858ef
2020-06-15 15:40:23,030 [pool-179-thread-1] INFO  server.RaftServerConfigKeys (ConfUtils.java:logGet(44)) - raft.server.log.queue.byte-limit = 2147483647 (custom)
2020-06-15 15:40:23,030 [pool-179-thread-1] INFO  server.RaftServerConfigKeys (ConfUtils.java:logGet(44)) - raft.server.log.queue.element-limit = 1024 (custom)
2020-06-15 15:40:23,030 [pool-179-thread-1] INFO  server.RaftServerConfigKeys (ConfUtils.java:logGet(44)) - raft.server.log.segment.size.max = 1048576 (custom)
2020-06-15 15:40:23,030 [pool-179-thread-1] INFO  server.RaftServerConfigKeys (ConfUtils.java:logGet(44)) - raft.server.log.preallocated.size = 16384 (custom)
2020-06-15 15:40:23,030 [pool-179-thread-1] INFO  server.RaftServerConfigKeys (ConfUtils.java:logGet(44)) - raft.server.log.write.buffer.size = 1048576 (custom)
2020-06-15 15:40:23,030 [pool-179-thread-1] INFO  server.RaftServerConfigKeys (ConfUtils.java:logGet(44)) - raft.server.log.force.sync.num = 128 (default)
2020-06-15 15:40:23,030 [pool-179-thread-1] INFO  server.RaftServerConfigKeys (ConfUtils.java:logGet(44)) - raft.server.log.statemachine.data.sync = true (default)
2020-06-15 15:40:23,030 [pool-179-thread-1] INFO  server.RaftServerConfigKeys (ConfUtils.java:logGet(44)) - raft.server.log.statemachine.data.sync.timeout = 10s (default)
2020-06-15 15:40:23,031 [pool-179-thread-1] INFO  server.RaftServerConfigKeys (ConfUtils.java:logGet(44)) - raft.server.log.statemachine.data.sync.timeout.retry = -1 (default)
2020-06-15 15:40:23,032 [pool-179-thread-1] INFO  server.RaftServerConfigKeys (ConfUtils.java:logGet(44)) - raft.server.log.statemachine.data.caching.enabled = true (custom)
2020-06-15 15:40:23,032 [pool-179-thread-1] INFO  segmented.SegmentedRaftLogWorker (SegmentedRaftLogWorker.java:lambda$new$0(129)) - faf68df0-9b28-4036-b0dc-8f3f61b959cf@group-A592AA5858EF-SegmentedRaftLogWorker: flushIndex: setUnconditionally 0 -> -1
2020-06-15 15:40:23,032 [pool-179-thread-1] INFO  segmented.SegmentedRaftLogWorker (SegmentedRaftLogWorker.java:lambda$new$0(129)) - faf68df0-9b28-4036-b0dc-8f3f61b959cf@group-A592AA5858EF-SegmentedRaftLogWorker: safeCacheEvictIndex: setUnconditionally 0 -> -1
2020-06-15 15:40:23,035 [pool-179-thread-1] INFO  server.RaftServerConfigKeys (ConfUtils.java:logGet(44)) - raft.server.snapshot.auto.trigger.enabled = true (custom)
2020-06-15 15:40:23,035 [pool-179-thread-1] INFO  server.RaftServerConfigKeys (ConfUtils.java:logGet(44)) - raft.server.snapshot.auto.trigger.threshold = 10000 (custom)
2020-06-15 15:40:23,035 [pool-179-thread-1] INFO  server.RaftServerConfigKeys (ConfUtils.java:logGet(44)) - raft.server.snapshot.retention.file.num = 5 (custom)
2020-06-15 15:40:23,035 [pool-179-thread-1] INFO  server.RaftServerConfigKeys (ConfUtils.java:logGet(44)) - raft.server.log.purge.upto.snapshot.index = false (default)
2020-06-15 15:40:23,036 [pool-179-thread-1] INFO  server.RaftServerConfigKeys (ConfUtils.java:logGet(44)) - raft.server.retrycache.expirytime = 600000ms (custom)
2020-06-15 15:40:23,036 [pool-179-thread-1] INFO  metrics.RatisMetrics (RatisMetrics.java:lambda$create$0(36)) - Creating Metrics Registry : ratis.leader_election.faf68df0-9b28-4036-b0dc-8f3f61b959cf@group-A592AA5858EF
2020-06-15 15:40:23,036 [pool-179-thread-1] INFO  metrics.RatisMetrics (RatisMetrics.java:lambda$create$0(36)) - Creating Metrics Registry : ratis.server.faf68df0-9b28-4036-b0dc-8f3f61b959cf@group-A592AA5858EF
2020-06-15 15:40:23,037 [pool-179-thread-1] INFO  impl.RaftServerImpl (RaftServerImpl.java:start(186)) - faf68df0-9b28-4036-b0dc-8f3f61b959cf@group-A592AA5858EF: start as a follower, conf=-1: [faf68df0-9b28-4036-b0dc-8f3f61b959cf:172.17.0.2:34353], old=null
2020-06-15 15:40:23,037 [pool-179-thread-1] INFO  impl.RaftServerImpl (RaftServerImpl.java:setRole(175)) - faf68df0-9b28-4036-b0dc-8f3f61b959cf@group-A592AA5858EF: changes role from      null to FOLLOWER at term 0 for startAsFollower
2020-06-15 15:40:23,037 [pool-179-thread-1] INFO  impl.RoleInfo (RoleInfo.java:updateAndGet(143)) - faf68df0-9b28-4036-b0dc-8f3f61b959cf: start FollowerState
2020-06-15 15:40:23,038 [pool-179-thread-1] INFO  util.JmxRegister (JmxRegister.java:tryRegister(44)) - Successfully registered JMX Bean with object name Ratis:service=RaftServer,group=group-A592AA5858EF,id=faf68df0-9b28-4036-b0dc-8f3f61b959cf
2020-06-15 15:40:23,038 [pool-179-thread-1] INFO  metrics.RatisMetrics (RatisMetrics.java:lambda$create$0(36)) - Creating Metrics Registry : ratis.state_machine.faf68df0-9b28-4036-b0dc-8f3f61b959cf@group-A592AA5858EF
2020-06-15 15:40:23,039 [Command processor thread] INFO  commandhandler.CreatePipelineCommandHandler (CreatePipelineCommandHandler.java:handle(109)) - Created Pipeline RATIS ONE #id: "23f55de5-b146-436f-8cfd-a592aa5858ef"
.
2020-06-15 15:40:23,042 [EventQueue-PipelineReportForPipelineReportHandler] INFO  pipeline.PipelineStateManager (PipelineStateManager.java:openPipeline(131)) - Pipeline Pipeline[ Id: 23f55de5-b146-436f-8cfd-a592aa5858ef, Nodes: faf68df0-9b28-4036-b0dc-8f3f61b959cf{ip: 172.17.0.2, host: dd6acf296020, networkLocation: /default-rack, certSerialId: null}, Type:RATIS, Factor:ONE, State:ALLOCATED, leaderId:faf68df0-9b28-4036-b0dc-8f3f61b959cf, CreationTimestamp2020-06-15T15:40:19.927Z] moved to OPEN state
2020-06-15 15:40:23,042 [EventQueue-OpenPipelineForOneReplicaPipelineSafeModeRule] INFO  safemode.SCMSafeModeManager (SCMSafeModeManager.java:validateSafeModeExitRules(213)) - AtleastOneDatanodeReportedRule rule is successfully validated
2020-06-15 15:40:23,042 [EventQueue-OpenPipelineForHealthyPipelineSafeModeRule] INFO  safemode.SCMSafeModeManager (HealthyPipelineSafeModeRule.java:process(132)) - SCM in safe mode. Healthy pipelines reported count is 0, required healthy pipeline reported count is 1
2020-06-15 15:40:23,271 [Thread-270] INFO  impl.FollowerState (FollowerState.java:run(108)) - c912bb49-c5b6-43bc-8d73-0672ac2b0169@group-66EA40194D3D-FollowerState: change to CANDIDATE, lastRpcTime:1117ms, electionTimeout:1113ms
2020-06-15 15:40:23,276 [Thread-270] INFO  impl.RoleInfo (RoleInfo.java:shutdownFollowerState(121)) - c912bb49-c5b6-43bc-8d73-0672ac2b0169: shutdown FollowerState
2020-06-15 15:40:23,276 [Thread-270] INFO  impl.RaftServerImpl (RaftServerImpl.java:setRole(175)) - c912bb49-c5b6-43bc-8d73-0672ac2b0169@group-66EA40194D3D: changes role from  FOLLOWER to CANDIDATE at term 0 for changeToCandidate
2020-06-15 15:40:23,277 [Thread-270] INFO  impl.RoleInfo (RoleInfo.java:updateAndGet(143)) - c912bb49-c5b6-43bc-8d73-0672ac2b0169: start LeaderElection
2020-06-15 15:40:23,304 [c912bb49-c5b6-43bc-8d73-0672ac2b0169@group-66EA40194D3D-LeaderElection1] INFO  impl.LeaderElection (LeaderElection.java:askForVotes(206)) - c912bb49-c5b6-43bc-8d73-0672ac2b0169@group-66EA40194D3D-LeaderElection1: begin an election at term 1 for -1: [c912bb49-c5b6-43bc-8d73-0672ac2b0169:172.17.0.2:44503], old=null
2020-06-15 15:40:23,312 [c912bb49-c5b6-43bc-8d73-0672ac2b0169@group-66EA40194D3D-LeaderElection1] INFO  impl.RoleInfo (RoleInfo.java:shutdownLeaderElection(134)) - c912bb49-c5b6-43bc-8d73-0672ac2b0169: shutdown LeaderElection
2020-06-15 15:40:23,312 [c912bb49-c5b6-43bc-8d73-0672ac2b0169@group-66EA40194D3D-LeaderElection1] INFO  impl.RaftServerImpl (RaftServerImpl.java:setRole(175)) - c912bb49-c5b6-43bc-8d73-0672ac2b0169@group-66EA40194D3D: changes role from CANDIDATE to LEADER at term 1 for changeToLeader
2020-06-15 15:40:23,312 [c912bb49-c5b6-43bc-8d73-0672ac2b0169@group-66EA40194D3D-LeaderElection1] INFO  ratis.XceiverServerRatis (XceiverServerRatis.java:handleLeaderChangedNotification(762)) - Leader change notification received for group: group-66EA40194D3D with new leaderId: c912bb49-c5b6-43bc-8d73-0672ac2b0169
2020-06-15 15:40:23,314 [c912bb49-c5b6-43bc-8d73-0672ac2b0169@group-66EA40194D3D-LeaderElection1] INFO  impl.RaftServerImpl (ServerState.java:setLeader(255)) - c912bb49-c5b6-43bc-8d73-0672ac2b0169@group-66EA40194D3D: change Leader from null to c912bb49-c5b6-43bc-8d73-0672ac2b0169 at term 1 for becomeLeader, leader elected after 1320ms
2020-06-15 15:40:23,317 [Thread-272] INFO  impl.FollowerState (FollowerState.java:run(108)) - 9e264cd7-89cf-4adc-86a4-e73cb5c9846a@group-D992D708DA20-FollowerState: change to CANDIDATE, lastRpcTime:1124ms, electionTimeout:1124ms
2020-06-15 15:40:23,321 [Thread-272] INFO  impl.RoleInfo (RoleInfo.java:shutdownFollowerState(121)) - 9e264cd7-89cf-4adc-86a4-e73cb5c9846a: shutdown FollowerState
2020-06-15 15:40:23,321 [Thread-272] INFO  impl.RaftServerImpl (RaftServerImpl.java:setRole(175)) - 9e264cd7-89cf-4adc-86a4-e73cb5c9846a@group-D992D708DA20: changes role from  FOLLOWER to CANDIDATE at term 0 for changeToCandidate
2020-06-15 15:40:23,321 [Thread-272] INFO  impl.RoleInfo (RoleInfo.java:updateAndGet(143)) - 9e264cd7-89cf-4adc-86a4-e73cb5c9846a: start LeaderElection
2020-06-15 15:40:23,358 [Thread-276] INFO  impl.FollowerState (FollowerState.java:run(108)) - c912bb49-c5b6-43bc-8d73-0672ac2b0169@group-3A5C16CF8D5C-FollowerState: change to CANDIDATE, lastRpcTime:1079ms, electionTimeout:1076ms
2020-06-15 15:40:23,367 [c912bb49-c5b6-43bc-8d73-0672ac2b0169@group-66EA40194D3D-LeaderElection1] INFO  server.RaftServerConfigKeys (ConfUtils.java:logGet(44)) - raft.server.staging.catchup.gap = 1000 (default)
2020-06-15 15:40:23,369 [c912bb49-c5b6-43bc-8d73-0672ac2b0169@group-66EA40194D3D-LeaderElection1] INFO  server.RaftServerConfigKeys (ConfUtils.java:logGet(44)) - raft.server.rpc.sleep.time = 25ms (default)
2020-06-15 15:40:23,373 [c912bb49-c5b6-43bc-8d73-0672ac2b0169@group-66EA40194D3D-LeaderElection1] INFO  metrics.RatisMetrics (RatisMetrics.java:lambda$create$0(36)) - Creating Metrics Registry : ratis.log_appender.c912bb49-c5b6-43bc-8d73-0672ac2b0169@group-66EA40194D3D
2020-06-15 15:40:23,375 [c912bb49-c5b6-43bc-8d73-0672ac2b0169@group-66EA40194D3D-LeaderElection1] INFO  server.RaftServerConfigKeys (ConfUtils.java:logGet(44)) - raft.server.write.element-limit = 1024 (custom)
2020-06-15 15:40:23,375 [c912bb49-c5b6-43bc-8d73-0672ac2b0169@group-66EA40194D3D-LeaderElection1] INFO  server.RaftServerConfigKeys (ConfUtils.java:logGet(44)) - raft.server.write.byte-limit = 1073741824 (custom)
2020-06-15 15:40:23,380 [Thread-276] INFO  impl.RoleInfo (RoleInfo.java:shutdownFollowerState(121)) - c912bb49-c5b6-43bc-8d73-0672ac2b0169: shutdown FollowerState
2020-06-15 15:40:23,380 [Thread-276] INFO  impl.RaftServerImpl (RaftServerImpl.java:setRole(175)) - c912bb49-c5b6-43bc-8d73-0672ac2b0169@group-3A5C16CF8D5C: changes role from  FOLLOWER to CANDIDATE at term 0 for changeToCandidate
2020-06-15 15:40:23,383 [c912bb49-c5b6-43bc-8d73-0672ac2b0169@group-66EA40194D3D-LeaderElection1] INFO  server.RaftServerConfigKeys (ConfUtils.java:logGet(44)) - raft.server.watch.timeout = 3s (custom)
2020-06-15 15:40:23,383 [c912bb49-c5b6-43bc-8d73-0672ac2b0169@group-66EA40194D3D-LeaderElection1] INFO  server.RaftServerConfigKeys (ConfUtils.java:logGet(44)) - raft.server.watch.timeout.denomination = 1s (default)
2020-06-15 15:40:23,383 [c912bb49-c5b6-43bc-8d73-0672ac2b0169@group-66EA40194D3D-LeaderElection1] INFO  server.RaftServerConfigKeys (ConfUtils.java:logGet(44)) - raft.server.watch.element-limit = 65536 (default)
2020-06-15 15:40:23,396 [Thread-276] INFO  impl.RoleInfo (RoleInfo.java:updateAndGet(143)) - c912bb49-c5b6-43bc-8d73-0672ac2b0169: start LeaderElection
2020-06-15 15:40:23,400 [Thread-274] INFO  impl.FollowerState (FollowerState.java:run(108)) - 9e264cd7-89cf-4adc-86a4-e73cb5c9846a@group-3A5C16CF8D5C-FollowerState: change to CANDIDATE, lastRpcTime:1157ms, electionTimeout:1140ms
2020-06-15 15:40:23,401 [Thread-274] INFO  impl.RoleInfo (RoleInfo.java:shutdownFollowerState(121)) - 9e264cd7-89cf-4adc-86a4-e73cb5c9846a: shutdown FollowerState
2020-06-15 15:40:23,401 [Thread-274] INFO  impl.RaftServerImpl (RaftServerImpl.java:setRole(175)) - 9e264cd7-89cf-4adc-86a4-e73cb5c9846a@group-3A5C16CF8D5C: changes role from  FOLLOWER to CANDIDATE at term 0 for changeToCandidate
2020-06-15 15:40:23,408 [c912bb49-c5b6-43bc-8d73-0672ac2b0169@group-66EA40194D3D-LeaderElection1] INFO  impl.RoleInfo (RoleInfo.java:updateAndGet(143)) - c912bb49-c5b6-43bc-8d73-0672ac2b0169: start LeaderState
2020-06-15 15:40:23,412 [Thread-274] INFO  impl.RoleInfo (RoleInfo.java:updateAndGet(143)) - 9e264cd7-89cf-4adc-86a4-e73cb5c9846a: start LeaderElection
2020-06-15 15:40:23,401 [9e264cd7-89cf-4adc-86a4-e73cb5c9846a@group-D992D708DA20-LeaderElection2] INFO  impl.LeaderElection (LeaderElection.java:askForVotes(206)) - 9e264cd7-89cf-4adc-86a4-e73cb5c9846a@group-D992D708DA20-LeaderElection2: begin an election at term 1 for -1: [9e264cd7-89cf-4adc-86a4-e73cb5c9846a:172.17.0.2:46793], old=null
2020-06-15 15:40:23,415 [9e264cd7-89cf-4adc-86a4-e73cb5c9846a@group-D992D708DA20-LeaderElection2] INFO  impl.RoleInfo (RoleInfo.java:shutdownLeaderElection(134)) - 9e264cd7-89cf-4adc-86a4-e73cb5c9846a: shutdown LeaderElection
2020-06-15 15:40:23,415 [9e264cd7-89cf-4adc-86a4-e73cb5c9846a@group-D992D708DA20-LeaderElection2] INFO  impl.RaftServerImpl (RaftServerImpl.java:setRole(175)) - 9e264cd7-89cf-4adc-86a4-e73cb5c9846a@group-D992D708DA20: changes role from CANDIDATE to LEADER at term 1 for changeToLeader
2020-06-15 15:40:23,415 [9e264cd7-89cf-4adc-86a4-e73cb5c9846a@group-D992D708DA20-LeaderElection2] INFO  ratis.XceiverServerRatis (XceiverServerRatis.java:handleLeaderChangedNotification(762)) - Leader change notification received for group: group-D992D708DA20 with new leaderId: 9e264cd7-89cf-4adc-86a4-e73cb5c9846a
2020-06-15 15:40:23,415 [9e264cd7-89cf-4adc-86a4-e73cb5c9846a@group-D992D708DA20-LeaderElection2] INFO  impl.RaftServerImpl (ServerState.java:setLeader(255)) - 9e264cd7-89cf-4adc-86a4-e73cb5c9846a@group-D992D708DA20: change Leader from null to 9e264cd7-89cf-4adc-86a4-e73cb5c9846a at term 1 for becomeLeader, leader elected after 1235ms
2020-06-15 15:40:23,430 [9e264cd7-89cf-4adc-86a4-e73cb5c9846a@group-D992D708DA20-LeaderElection2] INFO  server.RaftServerConfigKeys (ConfUtils.java:logGet(44)) - raft.server.staging.catchup.gap = 1000 (default)
2020-06-15 15:40:23,430 [9e264cd7-89cf-4adc-86a4-e73cb5c9846a@group-D992D708DA20-LeaderElection2] INFO  server.RaftServerConfigKeys (ConfUtils.java:logGet(44)) - raft.server.rpc.sleep.time = 25ms (default)
2020-06-15 15:40:23,431 [9e264cd7-89cf-4adc-86a4-e73cb5c9846a@group-D992D708DA20-LeaderElection2] INFO  metrics.RatisMetrics (RatisMetrics.java:lambda$create$0(36)) - Creating Metrics Registry : ratis.log_appender.9e264cd7-89cf-4adc-86a4-e73cb5c9846a@group-D992D708DA20
2020-06-15 15:40:23,431 [9e264cd7-89cf-4adc-86a4-e73cb5c9846a@group-D992D708DA20-LeaderElection2] INFO  server.RaftServerConfigKeys (ConfUtils.java:logGet(44)) - raft.server.write.element-limit = 1024 (custom)
2020-06-15 15:40:23,431 [9e264cd7-89cf-4adc-86a4-e73cb5c9846a@group-D992D708DA20-LeaderElection2] INFO  server.RaftServerConfigKeys (ConfUtils.java:logGet(44)) - raft.server.write.byte-limit = 1073741824 (custom)
2020-06-15 15:40:23,432 [9e264cd7-89cf-4adc-86a4-e73cb5c9846a@group-D992D708DA20-LeaderElection2] INFO  server.RaftServerConfigKeys (ConfUtils.java:logGet(44)) - raft.server.watch.timeout = 3s (custom)
2020-06-15 15:40:23,432 [9e264cd7-89cf-4adc-86a4-e73cb5c9846a@group-D992D708DA20-LeaderElection2] INFO  server.RaftServerConfigKeys (ConfUtils.java:logGet(44)) - raft.server.watch.timeout.denomination = 1s (default)
2020-06-15 15:40:23,432 [9e264cd7-89cf-4adc-86a4-e73cb5c9846a@group-D992D708DA20-LeaderElection2] INFO  server.RaftServerConfigKeys (ConfUtils.java:logGet(44)) - raft.server.watch.element-limit = 65536 (default)
2020-06-15 15:40:23,432 [9e264cd7-89cf-4adc-86a4-e73cb5c9846a@group-D992D708DA20-LeaderElection2] INFO  impl.RoleInfo (RoleInfo.java:updateAndGet(143)) - 9e264cd7-89cf-4adc-86a4-e73cb5c9846a: start LeaderState
2020-06-15 15:40:23,436 [Command processor thread] INFO  commandhandler.CreatePipelineCommandHandler (CreatePipelineCommandHandler.java:handle(109)) - Created Pipeline RATIS THREE #id: "9c50ad9e-5235-4dd0-9b15-3a5c16cf8d5c"
.
2020-06-15 15:40:23,446 [c912bb49-c5b6-43bc-8d73-0672ac2b0169@group-66EA40194D3D-LeaderElection1] INFO  segmented.SegmentedRaftLogWorker (SegmentedRaftLogWorker.java:startLogSegment(397)) - c912bb49-c5b6-43bc-8d73-0672ac2b0169@group-66EA40194D3D-SegmentedRaftLogWorker: Starting segment from index:0
2020-06-15 15:40:23,447 [Command processor thread] INFO  commandhandler.CreatePipelineCommandHandler (CreatePipelineCommandHandler.java:handle(109)) - Created Pipeline RATIS THREE #id: "7efe5cd7-55cc-4aa9-9f53-45c8ae79fb34"
.
2020-06-15 15:40:23,448 [c912bb49-c5b6-43bc-8d73-0672ac2b0169@group-3A5C16CF8D5C-LeaderElection3] INFO  impl.LeaderElection (LeaderElection.java:askForVotes(206)) - c912bb49-c5b6-43bc-8d73-0672ac2b0169@group-3A5C16CF8D5C-LeaderElection3: begin an election at term 1 for -1: [c912bb49-c5b6-43bc-8d73-0672ac2b0169:172.17.0.2:44503, 9e264cd7-89cf-4adc-86a4-e73cb5c9846a:172.17.0.2:46793, 9a0e5fc2-eb4c-4ba8-8ae5-559cc84280be:172.17.0.2:37177], old=null
2020-06-15 15:40:23,448 [9e264cd7-89cf-4adc-86a4-e73cb5c9846a@group-D992D708DA20-LeaderElection2] INFO  segmented.SegmentedRaftLogWorker (SegmentedRaftLogWorker.java:startLogSegment(397)) - 9e264cd7-89cf-4adc-86a4-e73cb5c9846a@group-D992D708DA20-SegmentedRaftLogWorker: Starting segment from index:0
2020-06-15 15:40:23,469 [9e264cd7-89cf-4adc-86a4-e73cb5c9846a@group-D992D708DA20-LeaderElection2] INFO  impl.RaftServerImpl (ServerState.java:setRaftConf(356)) - 9e264cd7-89cf-4adc-86a4-e73cb5c9846a@group-D992D708DA20: set configuration 0: [9e264cd7-89cf-4adc-86a4-e73cb5c9846a:172.17.0.2:46793], old=null at 0
2020-06-15 15:40:23,470 [c912bb49-c5b6-43bc-8d73-0672ac2b0169@group-66EA40194D3D-LeaderElection1] INFO  impl.RaftServerImpl (ServerState.java:setRaftConf(356)) - c912bb49-c5b6-43bc-8d73-0672ac2b0169@group-66EA40194D3D: set configuration 0: [c912bb49-c5b6-43bc-8d73-0672ac2b0169:172.17.0.2:44503], old=null at 0
2020-06-15 15:40:23,471 [Command processor thread] INFO  commandhandler.CreatePipelineCommandHandler (CreatePipelineCommandHandler.java:handle(109)) - Created Pipeline RATIS THREE #id: "a92e5d60-6bd7-4a35-8c33-14f7d0e30960"
.
2020-06-15 15:40:23,481 [9e264cd7-89cf-4adc-86a4-e73cb5c9846a@group-3A5C16CF8D5C-LeaderElection4] INFO  impl.LeaderElection (LeaderElection.java:askForVotes(206)) - 9e264cd7-89cf-4adc-86a4-e73cb5c9846a@group-3A5C16CF8D5C-LeaderElection4: begin an election at term 1 for -1: [c912bb49-c5b6-43bc-8d73-0672ac2b0169:172.17.0.2:44503, 9e264cd7-89cf-4adc-86a4-e73cb5c9846a:172.17.0.2:46793, 9a0e5fc2-eb4c-4ba8-8ae5-559cc84280be:172.17.0.2:37177], old=null
2020-06-15 15:40:23,516 [Command processor thread] INFO  commandhandler.CreatePipelineCommandHandler (CreatePipelineCommandHandler.java:handle(109)) - Created Pipeline RATIS THREE #id: "a92e5d60-6bd7-4a35-8c33-14f7d0e30960"
.
2020-06-15 15:40:23,524 [Command processor thread] INFO  commandhandler.CreatePipelineCommandHandler (CreatePipelineCommandHandler.java:handle(109)) - Created Pipeline RATIS THREE #id: "7efe5cd7-55cc-4aa9-9f53-45c8ae79fb34"
.
2020-06-15 15:40:23,526 [Command processor thread] INFO  commandhandler.CreatePipelineCommandHandler (CreatePipelineCommandHandler.java:handle(109)) - Created Pipeline RATIS THREE #id: "9c50ad9e-5235-4dd0-9b15-3a5c16cf8d5c"
.
2020-06-15 15:40:23,528 [Command processor thread] INFO  commandhandler.CreatePipelineCommandHandler (CreatePipelineCommandHandler.java:handle(109)) - Created Pipeline RATIS THREE #id: "a92e5d60-6bd7-4a35-8c33-14f7d0e30960"
.
2020-06-15 15:40:23,531 [Command processor thread] INFO  commandhandler.CreatePipelineCommandHandler (CreatePipelineCommandHandler.java:handle(109)) - Created Pipeline RATIS THREE #id: "7efe5cd7-55cc-4aa9-9f53-45c8ae79fb34"
.
2020-06-15 15:40:23,531 [Command processor thread] INFO  commandhandler.CreatePipelineCommandHandler (CreatePipelineCommandHandler.java:handle(109)) - Created Pipeline RATIS THREE #id: "9c50ad9e-5235-4dd0-9b15-3a5c16cf8d5c"
.
2020-06-15 15:40:23,552 [grpc-default-executor-5] INFO  impl.RaftServerImpl (RaftServerImpl.java:setRole(175)) - 9a0e5fc2-eb4c-4ba8-8ae5-559cc84280be@group-3A5C16CF8D5C: changes role from  FOLLOWER to FOLLOWER at term 1 for recognizeCandidate:c912bb49-c5b6-43bc-8d73-0672ac2b0169
2020-06-15 15:40:23,552 [grpc-default-executor-5] INFO  impl.RoleInfo (RoleInfo.java:shutdownFollowerState(121)) - 9a0e5fc2-eb4c-4ba8-8ae5-559cc84280be: shutdown FollowerState
2020-06-15 15:40:23,552 [grpc-default-executor-5] INFO  impl.RoleInfo (RoleInfo.java:updateAndGet(143)) - 9a0e5fc2-eb4c-4ba8-8ae5-559cc84280be: start FollowerState
2020-06-15 15:40:23,552 [Thread-287] INFO  impl.FollowerState (FollowerState.java:run(117)) - 9a0e5fc2-eb4c-4ba8-8ae5-559cc84280be@group-3A5C16CF8D5C-FollowerState was interrupted: java.lang.InterruptedException: sleep interrupted
2020-06-15 15:40:23,568 [c912bb49-c5b6-43bc-8d73-0672ac2b0169@group-3A5C16CF8D5C-LeaderElection3] INFO  impl.LeaderElection (LeaderElection.java:logAndReturn(61)) - c912bb49-c5b6-43bc-8d73-0672ac2b0169@group-3A5C16CF8D5C-LeaderElection3: Election PASSED; received 1 response(s) [c912bb49-c5b6-43bc-8d73-0672ac2b0169<-9a0e5fc2-eb4c-4ba8-8ae5-559cc84280be#0:OK-t1] and 0 exception(s); c912bb49-c5b6-43bc-8d73-0672ac2b0169@group-3A5C16CF8D5C:t1, leader=null, voted=c912bb49-c5b6-43bc-8d73-0672ac2b0169, raftlog=c912bb49-c5b6-43bc-8d73-0672ac2b0169@group-3A5C16CF8D5C-SegmentedRaftLog:OPENED:c-1,f-1,i0, conf=-1: [c912bb49-c5b6-43bc-8d73-0672ac2b0169:172.17.0.2:44503, 9e264cd7-89cf-4adc-86a4-e73cb5c9846a:172.17.0.2:46793, 9a0e5fc2-eb4c-4ba8-8ae5-559cc84280be:172.17.0.2:37177], old=null
2020-06-15 15:40:23,568 [c912bb49-c5b6-43bc-8d73-0672ac2b0169@group-3A5C16CF8D5C-LeaderElection3] INFO  impl.RoleInfo (RoleInfo.java:shutdownLeaderElection(134)) - c912bb49-c5b6-43bc-8d73-0672ac2b0169: shutdown LeaderElection
2020-06-15 15:40:23,568 [c912bb49-c5b6-43bc-8d73-0672ac2b0169@group-3A5C16CF8D5C-LeaderElection3] INFO  impl.RaftServerImpl (RaftServerImpl.java:setRole(175)) - c912bb49-c5b6-43bc-8d73-0672ac2b0169@group-3A5C16CF8D5C: changes role from CANDIDATE to LEADER at term 1 for changeToLeader
2020-06-15 15:40:23,568 [c912bb49-c5b6-43bc-8d73-0672ac2b0169@group-3A5C16CF8D5C-LeaderElection3] INFO  ratis.XceiverServerRatis (XceiverServerRatis.java:handleLeaderChangedNotification(762)) - Leader change notification received for group: group-3A5C16CF8D5C with new leaderId: c912bb49-c5b6-43bc-8d73-0672ac2b0169
2020-06-15 15:40:23,569 [c912bb49-c5b6-43bc-8d73-0672ac2b0169@group-3A5C16CF8D5C-LeaderElection3] INFO  impl.RaftServerImpl (ServerState.java:setLeader(255)) - c912bb49-c5b6-43bc-8d73-0672ac2b0169@group-3A5C16CF8D5C: change Leader from null to c912bb49-c5b6-43bc-8d73-0672ac2b0169 at term 1 for becomeLeader, leader elected after 1329ms
2020-06-15 15:40:23,569 [c912bb49-c5b6-43bc-8d73-0672ac2b0169@group-3A5C16CF8D5C-LeaderElection3] INFO  server.RaftServerConfigKeys (ConfUtils.java:logGet(44)) - raft.server.staging.catchup.gap = 1000 (default)
2020-06-15 15:40:23,569 [c912bb49-c5b6-43bc-8d73-0672ac2b0169@group-3A5C16CF8D5C-LeaderElection3] INFO  server.RaftServerConfigKeys (ConfUtils.java:logGet(44)) - raft.server.rpc.sleep.time = 25ms (default)
2020-06-15 15:40:23,569 [c912bb49-c5b6-43bc-8d73-0672ac2b0169@group-3A5C16CF8D5C-LeaderElection3] INFO  metrics.RatisMetrics (RatisMetrics.java:lambda$create$0(36)) - Creating Metrics Registry : ratis.log_appender.c912bb49-c5b6-43bc-8d73-0672ac2b0169@group-3A5C16CF8D5C
2020-06-15 15:40:23,569 [c912bb49-c5b6-43bc-8d73-0672ac2b0169@group-3A5C16CF8D5C-LeaderElection3] INFO  server.RaftServerConfigKeys (ConfUtils.java:logGet(44)) - raft.server.write.element-limit = 1024 (custom)
2020-06-15 15:40:23,569 [c912bb49-c5b6-43bc-8d73-0672ac2b0169@group-3A5C16CF8D5C-LeaderElection3] INFO  server.RaftServerConfigKeys (ConfUtils.java:logGet(44)) - raft.server.write.byte-limit = 1073741824 (custom)
2020-06-15 15:40:23,570 [c912bb49-c5b6-43bc-8d73-0672ac2b0169@group-3A5C16CF8D5C-LeaderElection3] INFO  server.RaftServerConfigKeys (ConfUtils.java:logGet(44)) - raft.server.watch.timeout = 3s (custom)
2020-06-15 15:40:23,570 [c912bb49-c5b6-43bc-8d73-0672ac2b0169@group-3A5C16CF8D5C-LeaderElection3] INFO  server.RaftServerConfigKeys (ConfUtils.java:logGet(44)) - raft.server.watch.timeout.denomination = 1s (default)
2020-06-15 15:40:23,570 [c912bb49-c5b6-43bc-8d73-0672ac2b0169@group-3A5C16CF8D5C-LeaderElection3] INFO  server.RaftServerConfigKeys (ConfUtils.java:logGet(44)) - raft.server.watch.element-limit = 65536 (default)
2020-06-15 15:40:23,572 [9e264cd7-89cf-4adc-86a4-e73cb5c9846a@group-3A5C16CF8D5C-LeaderElection4] INFO  impl.LeaderElection (LeaderElection.java:logAndReturn(61)) - 9e264cd7-89cf-4adc-86a4-e73cb5c9846a@group-3A5C16CF8D5C-LeaderElection4: Election REJECTED; received 2 response(s) [9e264cd7-89cf-4adc-86a4-e73cb5c9846a<-c912bb49-c5b6-43bc-8d73-0672ac2b0169#0:FAIL-t1, 9e264cd7-89cf-4adc-86a4-e73cb5c9846a<-9a0e5fc2-eb4c-4ba8-8ae5-559cc84280be#0:FAIL-t1] and 0 exception(s); 9e264cd7-89cf-4adc-86a4-e73cb5c9846a@group-3A5C16CF8D5C:t1, leader=null, voted=9e264cd7-89cf-4adc-86a4-e73cb5c9846a, raftlog=9e264cd7-89cf-4adc-86a4-e73cb5c9846a@group-3A5C16CF8D5C-SegmentedRaftLog:OPENED:c-1,f-1,i0, conf=-1: [c912bb49-c5b6-43bc-8d73-0672ac2b0169:172.17.0.2:44503, 9e264cd7-89cf-4adc-86a4-e73cb5c9846a:172.17.0.2:46793, 9a0e5fc2-eb4c-4ba8-8ae5-559cc84280be:172.17.0.2:37177], old=null
2020-06-15 15:40:23,573 [EventQueue-PipelineReportForPipelineReportHandler] INFO  pipeline.PipelineStateManager (PipelineStateManager.java:openPipeline(131)) - Pipeline Pipeline[ Id: 9c50ad9e-5235-4dd0-9b15-3a5c16cf8d5c, Nodes: c912bb49-c5b6-43bc-8d73-0672ac2b0169{ip: 172.17.0.2, host: dd6acf296020, networkLocation: /default-rack, certSerialId: null}9e264cd7-89cf-4adc-86a4-e73cb5c9846a{ip: 172.17.0.2, host: dd6acf296020, networkLocation: /default-rack, certSerialId: null}9a0e5fc2-eb4c-4ba8-8ae5-559cc84280be{ip: 172.17.0.2, host: dd6acf296020, networkLocation: /default-rack, certSerialId: null}, Type:RATIS, Factor:THREE, State:ALLOCATED, leaderId:c912bb49-c5b6-43bc-8d73-0672ac2b0169, CreationTimestamp2020-06-15T15:40:19.295Z] moved to OPEN state
2020-06-15 15:40:23,575 [9e264cd7-89cf-4adc-86a4-e73cb5c9846a@group-3A5C16CF8D5C-LeaderElection4] INFO  impl.RaftServerImpl (RaftServerImpl.java:setRole(175)) - 9e264cd7-89cf-4adc-86a4-e73cb5c9846a@group-3A5C16CF8D5C: changes role from CANDIDATE to FOLLOWER at term 1 for DISCOVERED_A_NEW_TERM
2020-06-15 15:40:23,576 [9e264cd7-89cf-4adc-86a4-e73cb5c9846a@group-3A5C16CF8D5C-LeaderElection4] INFO  impl.RoleInfo (RoleInfo.java:shutdownLeaderElection(134)) - 9e264cd7-89cf-4adc-86a4-e73cb5c9846a: shutdown LeaderElection
2020-06-15 15:40:23,575 [EventQueue-OpenPipelineForHealthyPipelineSafeModeRule] INFO  safemode.SCMSafeModeManager (HealthyPipelineSafeModeRule.java:process(132)) - SCM in safe mode. Healthy pipelines reported count is 1, required healthy pipeline reported count is 1
2020-06-15 15:40:23,575 [EventQueue-OpenPipelineForOneReplicaPipelineSafeModeRule] INFO  safemode.SCMSafeModeManager (SCMSafeModeManager.java:validateSafeModeExitRules(213)) - AtleastOneDatanodeReportedRule rule is successfully validated
2020-06-15 15:40:23,584 [EventQueue-OpenPipelineForHealthyPipelineSafeModeRule] INFO  safemode.SCMSafeModeManager (SCMSafeModeManager.java:validateSafeModeExitRules(213)) - HealthyPipelineSafeModeRule rule is successfully validated
2020-06-15 15:40:23,584 [EventQueue-OpenPipelineForHealthyPipelineSafeModeRule] INFO  safemode.SCMSafeModeManager (SCMSafeModeManager.java:validateSafeModeExitRules(227)) - ScmSafeModeManager, all rules are successfully validated
2020-06-15 15:40:23,584 [EventQueue-OpenPipelineForHealthyPipelineSafeModeRule] INFO  safemode.SCMSafeModeManager (SCMSafeModeManager.java:exitSafeMode(256)) - SCM exiting safe mode.
2020-06-15 15:40:23,577 [c912bb49-c5b6-43bc-8d73-0672ac2b0169@group-3A5C16CF8D5C-LeaderElection3] INFO  server.RaftServerConfigKeys (ConfUtils.java:logGet(44)) - raft.server.log.appender.snapshot.chunk.size.max = 16MB (=16777216) (default)
2020-06-15 15:40:23,576 [9e264cd7-89cf-4adc-86a4-e73cb5c9846a@group-3A5C16CF8D5C-LeaderElection4] INFO  impl.RoleInfo (RoleInfo.java:updateAndGet(143)) - 9e264cd7-89cf-4adc-86a4-e73cb5c9846a: start FollowerState
2020-06-15 15:40:23,589 [c912bb49-c5b6-43bc-8d73-0672ac2b0169@group-3A5C16CF8D5C-LeaderElection3] INFO  server.RaftServerConfigKeys (ConfUtils.java:logGet(44)) - raft.server.log.appender.buffer.byte-limit = 33554432 (custom)
2020-06-15 15:40:23,589 [c912bb49-c5b6-43bc-8d73-0672ac2b0169@group-3A5C16CF8D5C-LeaderElection3] INFO  server.RaftServerConfigKeys (ConfUtils.java:logGet(44)) - raft.server.log.appender.buffer.element-limit = 1 (custom)
2020-06-15 15:40:23,609 [c912bb49-c5b6-43bc-8d73-0672ac2b0169@group-3A5C16CF8D5C-LeaderElection3] INFO  grpc.GrpcConfigKeys (ConfUtils.java:logGet(44)) - raft.grpc.server.leader.outstanding.appends.max = 128 (default)
2020-06-15 15:40:23,612 [c912bb49-c5b6-43bc-8d73-0672ac2b0169@group-3A5C16CF8D5C-LeaderElection3] INFO  server.RaftServerConfigKeys (ConfUtils.java:logGet(44)) - raft.server.rpc.request.timeout = 3s (default)
2020-06-15 15:40:23,612 [c912bb49-c5b6-43bc-8d73-0672ac2b0169@group-3A5C16CF8D5C-LeaderElection3] INFO  server.RaftServerConfigKeys (ConfUtils.java:logGet(44)) - raft.server.log.appender.install.snapshot.enabled = false (custom)
2020-06-15 15:40:23,613 [c912bb49-c5b6-43bc-8d73-0672ac2b0169@group-3A5C16CF8D5C-LeaderElection3] INFO  metrics.RatisMetrics (RatisMetrics.java:lambda$create$0(36)) - Creating Metrics Registry : ratis_grpc.log_appender.c912bb49-c5b6-43bc-8d73-0672ac2b0169@group-3A5C16CF8D5C
2020-06-15 15:40:23,618 [c912bb49-c5b6-43bc-8d73-0672ac2b0169@group-3A5C16CF8D5C-LeaderElection3] INFO  server.RaftServerConfigKeys (ConfUtils.java:logGet(44)) - raft.server.log.appender.snapshot.chunk.size.max = 16MB (=16777216) (default)
2020-06-15 15:40:23,618 [c912bb49-c5b6-43bc-8d73-0672ac2b0169@group-3A5C16CF8D5C-LeaderElection3] INFO  server.RaftServerConfigKeys (ConfUtils.java:logGet(44)) - raft.server.log.appender.buffer.byte-limit = 33554432 (custom)
2020-06-15 15:40:23,618 [c912bb49-c5b6-43bc-8d73-0672ac2b0169@group-3A5C16CF8D5C-LeaderElection3] INFO  server.RaftServerConfigKeys (ConfUtils.java:logGet(44)) - raft.server.log.appender.buffer.element-limit = 1 (custom)
2020-06-15 15:40:23,618 [c912bb49-c5b6-43bc-8d73-0672ac2b0169@group-3A5C16CF8D5C-LeaderElection3] INFO  grpc.GrpcConfigKeys (ConfUtils.java:logGet(44)) - raft.grpc.server.leader.outstanding.appends.max = 128 (default)
2020-06-15 15:40:23,618 [c912bb49-c5b6-43bc-8d73-0672ac2b0169@group-3A5C16CF8D5C-LeaderElection3] INFO  server.RaftServerConfigKeys (ConfUtils.java:logGet(44)) - raft.server.rpc.request.timeout = 3s (default)
2020-06-15 15:40:23,618 [c912bb49-c5b6-43bc-8d73-0672ac2b0169@group-3A5C16CF8D5C-LeaderElection3] INFO  server.RaftServerConfigKeys (ConfUtils.java:logGet(44)) - raft.server.log.appender.install.snapshot.enabled = false (custom)
2020-06-15 15:40:23,619 [Thread-279] INFO  impl.FollowerState (FollowerState.java:run(108)) - bb2a17c4-da93-471c-baec-5cf2aa5cf94e@group-AA9654AB1AA0-FollowerState: change to CANDIDATE, lastRpcTime:1038ms, electionTimeout:1020ms
2020-06-15 15:40:23,620 [Thread-279] INFO  impl.RoleInfo (RoleInfo.java:shutdownFollowerState(121)) - bb2a17c4-da93-471c-baec-5cf2aa5cf94e: shutdown FollowerState
2020-06-15 15:40:23,620 [Thread-279] INFO  impl.RaftServerImpl (RaftServerImpl.java:setRole(175)) - bb2a17c4-da93-471c-baec-5cf2aa5cf94e@group-AA9654AB1AA0: changes role from  FOLLOWER to CANDIDATE at term 0 for changeToCandidate
2020-06-15 15:40:23,620 [Thread-279] INFO  impl.RoleInfo (RoleInfo.java:updateAndGet(143)) - bb2a17c4-da93-471c-baec-5cf2aa5cf94e: start LeaderElection
2020-06-15 15:40:23,621 [c912bb49-c5b6-43bc-8d73-0672ac2b0169@group-3A5C16CF8D5C-LeaderElection3] INFO  impl.RoleInfo (RoleInfo.java:updateAndGet(143)) - c912bb49-c5b6-43bc-8d73-0672ac2b0169: start LeaderState
2020-06-15 15:40:23,622 [c912bb49-c5b6-43bc-8d73-0672ac2b0169@group-3A5C16CF8D5C-LeaderElection3] INFO  segmented.SegmentedRaftLogWorker (SegmentedRaftLogWorker.java:startLogSegment(397)) - c912bb49-c5b6-43bc-8d73-0672ac2b0169@group-3A5C16CF8D5C-SegmentedRaftLogWorker: Starting segment from index:0
2020-06-15 15:40:23,634 [c912bb49-c5b6-43bc-8d73-0672ac2b0169@group-3A5C16CF8D5C-LeaderElection3] INFO  impl.RaftServerImpl (ServerState.java:setRaftConf(356)) - c912bb49-c5b6-43bc-8d73-0672ac2b0169@group-3A5C16CF8D5C: set configuration 0: [c912bb49-c5b6-43bc-8d73-0672ac2b0169:172.17.0.2:44503, 9e264cd7-89cf-4adc-86a4-e73cb5c9846a:172.17.0.2:46793, 9a0e5fc2-eb4c-4ba8-8ae5-559cc84280be:172.17.0.2:37177], old=null at 0
2020-06-15 15:40:23,644 [bb2a17c4-da93-471c-baec-5cf2aa5cf94e@group-AA9654AB1AA0-LeaderElection5] INFO  impl.LeaderElection (LeaderElection.java:askForVotes(206)) - bb2a17c4-da93-471c-baec-5cf2aa5cf94e@group-AA9654AB1AA0-LeaderElection5: begin an election at term 1 for -1: [bb2a17c4-da93-471c-baec-5cf2aa5cf94e:172.17.0.2:42619], old=null
2020-06-15 15:40:23,644 [bb2a17c4-da93-471c-baec-5cf2aa5cf94e@group-AA9654AB1AA0-LeaderElection5] INFO  impl.RoleInfo (RoleInfo.java:shutdownLeaderElection(134)) - bb2a17c4-da93-471c-baec-5cf2aa5cf94e: shutdown LeaderElection
2020-06-15 15:40:23,644 [bb2a17c4-da93-471c-baec-5cf2aa5cf94e@group-AA9654AB1AA0-LeaderElection5] INFO  impl.RaftServerImpl (RaftServerImpl.java:setRole(175)) - bb2a17c4-da93-471c-baec-5cf2aa5cf94e@group-AA9654AB1AA0: changes role from CANDIDATE to LEADER at term 1 for changeToLeader
2020-06-15 15:40:23,644 [bb2a17c4-da93-471c-baec-5cf2aa5cf94e@group-AA9654AB1AA0-LeaderElection5] INFO  ratis.XceiverServerRatis (XceiverServerRatis.java:handleLeaderChangedNotification(762)) - Leader change notification received for group: group-AA9654AB1AA0 with new leaderId: bb2a17c4-da93-471c-baec-5cf2aa5cf94e
2020-06-15 15:40:23,646 [bb2a17c4-da93-471c-baec-5cf2aa5cf94e@group-AA9654AB1AA0-LeaderElection5] INFO  impl.RaftServerImpl (ServerState.java:setLeader(255)) - bb2a17c4-da93-471c-baec-5cf2aa5cf94e@group-AA9654AB1AA0: change Leader from null to bb2a17c4-da93-471c-baec-5cf2aa5cf94e at term 1 for becomeLeader, leader elected after 1160ms
2020-06-15 15:40:23,660 [bb2a17c4-da93-471c-baec-5cf2aa5cf94e@group-AA9654AB1AA0-LeaderElection5] INFO  server.RaftServerConfigKeys (ConfUtils.java:logGet(44)) - raft.server.staging.catchup.gap = 1000 (default)
2020-06-15 15:40:23,661 [bb2a17c4-da93-471c-baec-5cf2aa5cf94e@group-AA9654AB1AA0-LeaderElection5] INFO  server.RaftServerConfigKeys (ConfUtils.java:logGet(44)) - raft.server.rpc.sleep.time = 25ms (default)
2020-06-15 15:40:23,661 [bb2a17c4-da93-471c-baec-5cf2aa5cf94e@group-AA9654AB1AA0-LeaderElection5] INFO  metrics.RatisMetrics (RatisMetrics.java:lambda$create$0(36)) - Creating Metrics Registry : ratis.log_appender.bb2a17c4-da93-471c-baec-5cf2aa5cf94e@group-AA9654AB1AA0
2020-06-15 15:40:23,661 [bb2a17c4-da93-471c-baec-5cf2aa5cf94e@group-AA9654AB1AA0-LeaderElection5] INFO  server.RaftServerConfigKeys (ConfUtils.java:logGet(44)) - raft.server.write.element-limit = 1024 (custom)
2020-06-15 15:40:23,661 [bb2a17c4-da93-471c-baec-5cf2aa5cf94e@group-AA9654AB1AA0-LeaderElection5] INFO  server.RaftServerConfigKeys (ConfUtils.java:logGet(44)) - raft.server.write.byte-limit = 1073741824 (custom)
2020-06-15 15:40:23,662 [bb2a17c4-da93-471c-baec-5cf2aa5cf94e@group-AA9654AB1AA0-LeaderElection5] INFO  server.RaftServerConfigKeys (ConfUtils.java:logGet(44)) - raft.server.watch.timeout = 3s (custom)
2020-06-15 15:40:23,662 [bb2a17c4-da93-471c-baec-5cf2aa5cf94e@group-AA9654AB1AA0-LeaderElection5] INFO  server.RaftServerConfigKeys (ConfUtils.java:logGet(44)) - raft.server.watch.timeout.denomination = 1s (default)
2020-06-15 15:40:23,662 [bb2a17c4-da93-471c-baec-5cf2aa5cf94e@group-AA9654AB1AA0-LeaderElection5] INFO  server.RaftServerConfigKeys (ConfUtils.java:logGet(44)) - raft.server.watch.element-limit = 65536 (default)
2020-06-15 15:40:23,662 [bb2a17c4-da93-471c-baec-5cf2aa5cf94e@group-AA9654AB1AA0-LeaderElection5] INFO  impl.RoleInfo (RoleInfo.java:updateAndGet(143)) - bb2a17c4-da93-471c-baec-5cf2aa5cf94e: start LeaderState
2020-06-15 15:40:23,663 [bb2a17c4-da93-471c-baec-5cf2aa5cf94e@group-AA9654AB1AA0-LeaderElection5] INFO  segmented.SegmentedRaftLogWorker (SegmentedRaftLogWorker.java:startLogSegment(397)) - bb2a17c4-da93-471c-baec-5cf2aa5cf94e@group-AA9654AB1AA0-SegmentedRaftLogWorker: Starting segment from index:0
2020-06-15 15:40:23,668 [bb2a17c4-da93-471c-baec-5cf2aa5cf94e@group-AA9654AB1AA0-LeaderElection5] INFO  impl.RaftServerImpl (ServerState.java:setRaftConf(356)) - bb2a17c4-da93-471c-baec-5cf2aa5cf94e@group-AA9654AB1AA0: set configuration 0: [bb2a17c4-da93-471c-baec-5cf2aa5cf94e:172.17.0.2:42619], old=null at 0
2020-06-15 15:40:23,674 [grpc-default-executor-5] INFO  ratis.XceiverServerRatis (XceiverServerRatis.java:handleLeaderChangedNotification(762)) - Leader change notification received for group: group-3A5C16CF8D5C with new leaderId: c912bb49-c5b6-43bc-8d73-0672ac2b0169
2020-06-15 15:40:23,674 [grpc-default-executor-5] INFO  impl.RaftServerImpl (ServerState.java:setLeader(255)) - 9e264cd7-89cf-4adc-86a4-e73cb5c9846a@group-3A5C16CF8D5C: change Leader from null to c912bb49-c5b6-43bc-8d73-0672ac2b0169 at term 1 for appendEntries, leader elected after 1451ms
2020-06-15 15:40:23,673 [grpc-default-executor-1] INFO  ratis.XceiverServerRatis (XceiverServerRatis.java:handleLeaderChangedNotification(762)) - Leader change notification received for group: group-3A5C16CF8D5C with new leaderId: c912bb49-c5b6-43bc-8d73-0672ac2b0169
2020-06-15 15:40:23,675 [grpc-default-executor-1] INFO  impl.RaftServerImpl (ServerState.java:setLeader(255)) - 9a0e5fc2-eb4c-4ba8-8ae5-559cc84280be@group-3A5C16CF8D5C: change Leader from null to c912bb49-c5b6-43bc-8d73-0672ac2b0169 at term 1 for appendEntries, leader elected after 1015ms
2020-06-15 15:40:23,687 [Thread-280] INFO  impl.FollowerState (FollowerState.java:run(108)) - 9a0e5fc2-eb4c-4ba8-8ae5-559cc84280be@group-4D8EAECC9AD7-FollowerState: change to CANDIDATE, lastRpcTime:1074ms, electionTimeout:1070ms
2020-06-15 15:40:23,687 [Thread-280] INFO  impl.RoleInfo (RoleInfo.java:shutdownFollowerState(121)) - 9a0e5fc2-eb4c-4ba8-8ae5-559cc84280be: shutdown FollowerState
2020-06-15 15:40:23,687 [Thread-280] INFO  impl.RaftServerImpl (RaftServerImpl.java:setRole(175)) - 9a0e5fc2-eb4c-4ba8-8ae5-559cc84280be@group-4D8EAECC9AD7: changes role from  FOLLOWER to CANDIDATE at term 0 for changeToCandidate
2020-06-15 15:40:23,689 [grpc-default-executor-5] INFO  impl.RaftServerImpl (ServerState.java:setRaftConf(356)) - 9e264cd7-89cf-4adc-86a4-e73cb5c9846a@group-3A5C16CF8D5C: set configuration 0: [c912bb49-c5b6-43bc-8d73-0672ac2b0169:172.17.0.2:44503, 9e264cd7-89cf-4adc-86a4-e73cb5c9846a:172.17.0.2:46793, 9a0e5fc2-eb4c-4ba8-8ae5-559cc84280be:172.17.0.2:37177], old=null at 0
2020-06-15 15:40:23,690 [grpc-default-executor-5] INFO  segmented.SegmentedRaftLogWorker (SegmentedRaftLogWorker.java:startLogSegment(397)) - 9e264cd7-89cf-4adc-86a4-e73cb5c9846a@group-3A5C16CF8D5C-SegmentedRaftLogWorker: Starting segment from index:0
2020-06-15 15:40:23,697 [grpc-default-executor-1] INFO  impl.RaftServerImpl (ServerState.java:setRaftConf(356)) - 9a0e5fc2-eb4c-4ba8-8ae5-559cc84280be@group-3A5C16CF8D5C: set configuration 0: [c912bb49-c5b6-43bc-8d73-0672ac2b0169:172.17.0.2:44503, 9e264cd7-89cf-4adc-86a4-e73cb5c9846a:172.17.0.2:46793, 9a0e5fc2-eb4c-4ba8-8ae5-559cc84280be:172.17.0.2:37177], old=null at 0
2020-06-15 15:40:23,697 [grpc-default-executor-1] INFO  segmented.SegmentedRaftLogWorker (SegmentedRaftLogWorker.java:startLogSegment(397)) - 9a0e5fc2-eb4c-4ba8-8ae5-559cc84280be@group-3A5C16CF8D5C-SegmentedRaftLogWorker: Starting segment from index:0
2020-06-15 15:40:23,698 [Thread-280] INFO  impl.RoleInfo (RoleInfo.java:updateAndGet(143)) - 9a0e5fc2-eb4c-4ba8-8ae5-559cc84280be: start LeaderElection
2020-06-15 15:40:23,743 [9a0e5fc2-eb4c-4ba8-8ae5-559cc84280be@group-4D8EAECC9AD7-LeaderElection6] INFO  impl.LeaderElection (LeaderElection.java:askForVotes(206)) - 9a0e5fc2-eb4c-4ba8-8ae5-559cc84280be@group-4D8EAECC9AD7-LeaderElection6: begin an election at term 1 for -1: [9a0e5fc2-eb4c-4ba8-8ae5-559cc84280be:172.17.0.2:37177], old=null
2020-06-15 15:40:23,743 [9a0e5fc2-eb4c-4ba8-8ae5-559cc84280be@group-4D8EAECC9AD7-LeaderElection6] INFO  impl.RoleInfo (RoleInfo.java:shutdownLeaderElection(134)) - 9a0e5fc2-eb4c-4ba8-8ae5-559cc84280be: shutdown LeaderElection
2020-06-15 15:40:23,744 [9a0e5fc2-eb4c-4ba8-8ae5-559cc84280be@group-4D8EAECC9AD7-LeaderElection6] INFO  impl.RaftServerImpl (RaftServerImpl.java:setRole(175)) - 9a0e5fc2-eb4c-4ba8-8ae5-559cc84280be@group-4D8EAECC9AD7: changes role from CANDIDATE to LEADER at term 1 for changeToLeader
2020-06-15 15:40:23,744 [9a0e5fc2-eb4c-4ba8-8ae5-559cc84280be@group-4D8EAECC9AD7-LeaderElection6] INFO  ratis.XceiverServerRatis (XceiverServerRatis.java:handleLeaderChangedNotification(762)) - Leader change notification received for group: group-4D8EAECC9AD7 with new leaderId: 9a0e5fc2-eb4c-4ba8-8ae5-559cc84280be
2020-06-15 15:40:23,744 [9a0e5fc2-eb4c-4ba8-8ae5-559cc84280be@group-4D8EAECC9AD7-LeaderElection6] INFO  impl.RaftServerImpl (ServerState.java:setLeader(255)) - 9a0e5fc2-eb4c-4ba8-8ae5-559cc84280be@group-4D8EAECC9AD7: change Leader from null to 9a0e5fc2-eb4c-4ba8-8ae5-559cc84280be at term 1 for becomeLeader, leader elected after 1256ms
2020-06-15 15:40:23,744 [9a0e5fc2-eb4c-4ba8-8ae5-559cc84280be@group-4D8EAECC9AD7-LeaderElection6] INFO  server.RaftServerConfigKeys (ConfUtils.java:logGet(44)) - raft.server.staging.catchup.gap = 1000 (default)
2020-06-15 15:40:23,744 [9a0e5fc2-eb4c-4ba8-8ae5-559cc84280be@group-4D8EAECC9AD7-LeaderElection6] INFO  server.RaftServerConfigKeys (ConfUtils.java:logGet(44)) - raft.server.rpc.sleep.time = 25ms (default)
2020-06-15 15:40:23,745 [9a0e5fc2-eb4c-4ba8-8ae5-559cc84280be@group-4D8EAECC9AD7-LeaderElection6] INFO  metrics.RatisMetrics (RatisMetrics.java:lambda$create$0(36)) - Creating Metrics Registry : ratis.log_appender.9a0e5fc2-eb4c-4ba8-8ae5-559cc84280be@group-4D8EAECC9AD7
2020-06-15 15:40:23,745 [9a0e5fc2-eb4c-4ba8-8ae5-559cc84280be@group-4D8EAECC9AD7-LeaderElection6] INFO  server.RaftServerConfigKeys (ConfUtils.java:logGet(44)) - raft.server.write.element-limit = 1024 (custom)
2020-06-15 15:40:23,745 [9a0e5fc2-eb4c-4ba8-8ae5-559cc84280be@group-4D8EAECC9AD7-LeaderElection6] INFO  server.RaftServerConfigKeys (ConfUtils.java:logGet(44)) - raft.server.write.byte-limit = 1073741824 (custom)
2020-06-15 15:40:23,745 [9a0e5fc2-eb4c-4ba8-8ae5-559cc84280be@group-4D8EAECC9AD7-LeaderElection6] INFO  server.RaftServerConfigKeys (ConfUtils.java:logGet(44)) - raft.server.watch.timeout = 3s (custom)
2020-06-15 15:40:23,745 [9a0e5fc2-eb4c-4ba8-8ae5-559cc84280be@group-4D8EAECC9AD7-LeaderElection6] INFO  server.RaftServerConfigKeys (ConfUtils.java:logGet(44)) - raft.server.watch.timeout.denomination = 1s (default)
2020-06-15 15:40:23,745 [9a0e5fc2-eb4c-4ba8-8ae5-559cc84280be@group-4D8EAECC9AD7-LeaderElection6] INFO  server.RaftServerConfigKeys (ConfUtils.java:logGet(44)) - raft.server.watch.element-limit = 65536 (default)
2020-06-15 15:40:23,746 [9a0e5fc2-eb4c-4ba8-8ae5-559cc84280be@group-4D8EAECC9AD7-LeaderElection6] INFO  impl.RoleInfo (RoleInfo.java:updateAndGet(143)) - 9a0e5fc2-eb4c-4ba8-8ae5-559cc84280be: start LeaderState
2020-06-15 15:40:23,746 [9a0e5fc2-eb4c-4ba8-8ae5-559cc84280be@group-4D8EAECC9AD7-LeaderElection6] INFO  segmented.SegmentedRaftLogWorker (SegmentedRaftLogWorker.java:startLogSegment(397)) - 9a0e5fc2-eb4c-4ba8-8ae5-559cc84280be@group-4D8EAECC9AD7-SegmentedRaftLogWorker: Starting segment from index:0
2020-06-15 15:40:23,746 [9a0e5fc2-eb4c-4ba8-8ae5-559cc84280be@group-4D8EAECC9AD7-LeaderElection6] INFO  impl.RaftServerImpl (ServerState.java:setRaftConf(356)) - 9a0e5fc2-eb4c-4ba8-8ae5-559cc84280be@group-4D8EAECC9AD7: set configuration 0: [9a0e5fc2-eb4c-4ba8-8ae5-559cc84280be:172.17.0.2:37177], old=null at 0
2020-06-15 15:40:23,762 [9a0e5fc2-eb4c-4ba8-8ae5-559cc84280be@group-3A5C16CF8D5C-SegmentedRaftLogWorker] INFO  segmented.SegmentedRaftLogWorker (SegmentedRaftLogWorker.java:execute(596)) - 9a0e5fc2-eb4c-4ba8-8ae5-559cc84280be@group-3A5C16CF8D5C-SegmentedRaftLogWorker: created new log segment /github/workspace/mnt/ozone/hadoop-ozone/integration-test/target/test-dir/MiniOzoneClusterImpl-821e280a-19ea-4536-9ce4-db87e8de49a0/datanode-2/data/ratis/9c50ad9e-5235-4dd0-9b15-3a5c16cf8d5c/current/log_inprogress_0
2020-06-15 15:40:23,762 [9e264cd7-89cf-4adc-86a4-e73cb5c9846a@group-3A5C16CF8D5C-SegmentedRaftLogWorker] INFO  segmented.SegmentedRaftLogWorker (SegmentedRaftLogWorker.java:execute(596)) - 9e264cd7-89cf-4adc-86a4-e73cb5c9846a@group-3A5C16CF8D5C-SegmentedRaftLogWorker: created new log segment /github/workspace/mnt/ozone/hadoop-ozone/integration-test/target/test-dir/MiniOzoneClusterImpl-821e280a-19ea-4536-9ce4-db87e8de49a0/datanode-1/data/ratis/9c50ad9e-5235-4dd0-9b15-3a5c16cf8d5c/current/log_inprogress_0
2020-06-15 15:40:23,762 [bb2a17c4-da93-471c-baec-5cf2aa5cf94e@group-AA9654AB1AA0-SegmentedRaftLogWorker] INFO  segmented.SegmentedRaftLogWorker (SegmentedRaftLogWorker.java:execute(596)) - bb2a17c4-da93-471c-baec-5cf2aa5cf94e@group-AA9654AB1AA0-SegmentedRaftLogWorker: created new log segment /github/workspace/mnt/ozone/hadoop-ozone/integration-test/target/test-dir/MiniOzoneClusterImpl-821e280a-19ea-4536-9ce4-db87e8de49a0/datanode-3/data/ratis/643289b8-3b67-42f9-94ce-aa9654ab1aa0/current/log_inprogress_0
2020-06-15 15:40:23,762 [c912bb49-c5b6-43bc-8d73-0672ac2b0169@group-3A5C16CF8D5C-SegmentedRaftLogWorker] INFO  segmented.SegmentedRaftLogWorker (SegmentedRaftLogWorker.java:execute(596)) - c912bb49-c5b6-43bc-8d73-0672ac2b0169@group-3A5C16CF8D5C-SegmentedRaftLogWorker: created new log segment /github/workspace/mnt/ozone/hadoop-ozone/integration-test/target/test-dir/MiniOzoneClusterImpl-821e280a-19ea-4536-9ce4-db87e8de49a0/datanode-0/data/ratis/9c50ad9e-5235-4dd0-9b15-3a5c16cf8d5c/current/log_inprogress_0
2020-06-15 15:40:23,762 [9e264cd7-89cf-4adc-86a4-e73cb5c9846a@group-D992D708DA20-SegmentedRaftLogWorker] INFO  segmented.SegmentedRaftLogWorker (SegmentedRaftLogWorker.java:execute(596)) - 9e264cd7-89cf-4adc-86a4-e73cb5c9846a@group-D992D708DA20-SegmentedRaftLogWorker: created new log segment /github/workspace/mnt/ozone/hadoop-ozone/integration-test/target/test-dir/MiniOzoneClusterImpl-821e280a-19ea-4536-9ce4-db87e8de49a0/datanode-1/data/ratis/93e13e3d-b88a-4c17-9f35-d992d708da20/current/log_inprogress_0
2020-06-15 15:40:23,765 [9a0e5fc2-eb4c-4ba8-8ae5-559cc84280be@group-4D8EAECC9AD7-SegmentedRaftLogWorker] INFO  segmented.SegmentedRaftLogWorker (SegmentedRaftLogWorker.java:execute(596)) - 9a0e5fc2-eb4c-4ba8-8ae5-559cc84280be@group-4D8EAECC9AD7-SegmentedRaftLogWorker: created new log segment /github/workspace/mnt/ozone/hadoop-ozone/integration-test/target/test-dir/MiniOzoneClusterImpl-821e280a-19ea-4536-9ce4-db87e8de49a0/datanode-2/data/ratis/8e0d6c83-8d03-4abf-8f10-4d8eaecc9ad7/current/log_inprogress_0
2020-06-15 15:40:23,766 [c912bb49-c5b6-43bc-8d73-0672ac2b0169@group-66EA40194D3D-SegmentedRaftLogWorker] INFO  segmented.SegmentedRaftLogWorker (SegmentedRaftLogWorker.java:execute(596)) - c912bb49-c5b6-43bc-8d73-0672ac2b0169@group-66EA40194D3D-SegmentedRaftLogWorker: created new log segment /github/workspace/mnt/ozone/hadoop-ozone/integration-test/target/test-dir/MiniOzoneClusterImpl-821e280a-19ea-4536-9ce4-db87e8de49a0/datanode-0/data/ratis/18995729-6387-458e-93cf-66ea40194d3d/current/log_inprogress_0
2020-06-15 15:40:23,821 [Thread-282] INFO  impl.FollowerState (FollowerState.java:run(108)) - c922d5df-3bd1-4669-b221-1ae7b105f951@group-997157C82D66-FollowerState: change to CANDIDATE, lastRpcTime:1175ms, electionTimeout:1150ms
2020-06-15 15:40:23,821 [Thread-282] INFO  impl.RoleInfo (RoleInfo.java:shutdownFollowerState(121)) - c922d5df-3bd1-4669-b221-1ae7b105f951: shutdown FollowerState
2020-06-15 15:40:23,821 [Thread-282] INFO  impl.RaftServerImpl (RaftServerImpl.java:setRole(175)) - c922d5df-3bd1-4669-b221-1ae7b105f951@group-997157C82D66: changes role from  FOLLOWER to CANDIDATE at term 0 for changeToCandidate
2020-06-15 15:40:23,822 [Thread-282] INFO  impl.RoleInfo (RoleInfo.java:updateAndGet(143)) - c922d5df-3bd1-4669-b221-1ae7b105f951: start LeaderElection
2020-06-15 15:40:23,825 [c922d5df-3bd1-4669-b221-1ae7b105f951@group-997157C82D66-LeaderElection7] INFO  impl.LeaderElection (LeaderElection.java:askForVotes(206)) - c922d5df-3bd1-4669-b221-1ae7b105f951@group-997157C82D66-LeaderElection7: begin an election at term 1 for -1: [c922d5df-3bd1-4669-b221-1ae7b105f951:172.17.0.2:33715], old=null
2020-06-15 15:40:23,825 [c922d5df-3bd1-4669-b221-1ae7b105f951@group-997157C82D66-LeaderElection7] INFO  impl.RoleInfo (RoleInfo.java:shutdownLeaderElection(134)) - c922d5df-3bd1-4669-b221-1ae7b105f951: shutdown LeaderElection
2020-06-15 15:40:23,825 [c922d5df-3bd1-4669-b221-1ae7b105f951@group-997157C82D66-LeaderElection7] INFO  impl.RaftServerImpl (RaftServerImpl.java:setRole(175)) - c922d5df-3bd1-4669-b221-1ae7b105f951@group-997157C82D66: changes role from CANDIDATE to LEADER at term 1 for changeToLeader
2020-06-15 15:40:23,825 [c922d5df-3bd1-4669-b221-1ae7b105f951@group-997157C82D66-LeaderElection7] INFO  ratis.XceiverServerRatis (XceiverServerRatis.java:handleLeaderChangedNotification(762)) - Leader change notification received for group: group-997157C82D66 with new leaderId: c922d5df-3bd1-4669-b221-1ae7b105f951
2020-06-15 15:40:23,825 [c922d5df-3bd1-4669-b221-1ae7b105f951@group-997157C82D66-LeaderElection7] INFO  impl.RaftServerImpl (ServerState.java:setLeader(255)) - c922d5df-3bd1-4669-b221-1ae7b105f951@group-997157C82D66: change Leader from null to c922d5df-3bd1-4669-b221-1ae7b105f951 at term 1 for becomeLeader, leader elected after 1212ms
2020-06-15 15:40:23,827 [c922d5df-3bd1-4669-b221-1ae7b105f951@group-997157C82D66-LeaderElection7] INFO  server.RaftServerConfigKeys (ConfUtils.java:logGet(44)) - raft.server.staging.catchup.gap = 1000 (default)
2020-06-15 15:40:23,827 [c922d5df-3bd1-4669-b221-1ae7b105f951@group-997157C82D66-LeaderElection7] INFO  server.RaftServerConfigKeys (ConfUtils.java:logGet(44)) - raft.server.rpc.sleep.time = 25ms (default)
2020-06-15 15:40:23,827 [c922d5df-3bd1-4669-b221-1ae7b105f951@group-997157C82D66-LeaderElection7] INFO  metrics.RatisMetrics (RatisMetrics.java:lambda$create$0(36)) - Creating Metrics Registry : ratis.log_appender.c922d5df-3bd1-4669-b221-1ae7b105f951@group-997157C82D66
2020-06-15 15:40:23,827 [c922d5df-3bd1-4669-b221-1ae7b105f951@group-997157C82D66-LeaderElection7] INFO  server.RaftServerConfigKeys (ConfUtils.java:logGet(44)) - raft.server.write.element-limit = 1024 (custom)
2020-06-15 15:40:23,827 [c922d5df-3bd1-4669-b221-1ae7b105f951@group-997157C82D66-LeaderElection7] INFO  server.RaftServerConfigKeys (ConfUtils.java:logGet(44)) - raft.server.write.byte-limit = 1073741824 (custom)
2020-06-15 15:40:23,827 [c922d5df-3bd1-4669-b221-1ae7b105f951@group-997157C82D66-LeaderElection7] INFO  server.RaftServerConfigKeys (ConfUtils.java:logGet(44)) - raft.server.watch.timeout = 3s (custom)
2020-06-15 15:40:23,828 [c922d5df-3bd1-4669-b221-1ae7b105f951@group-997157C82D66-LeaderElection7] INFO  server.RaftServerConfigKeys (ConfUtils.java:logGet(44)) - raft.server.watch.timeout.denomination = 1s (default)
2020-06-15 15:40:23,828 [c922d5df-3bd1-4669-b221-1ae7b105f951@group-997157C82D66-LeaderElection7] INFO  server.RaftServerConfigKeys (ConfUtils.java:logGet(44)) - raft.server.watch.element-limit = 65536 (default)
2020-06-15 15:40:23,828 [c922d5df-3bd1-4669-b221-1ae7b105f951@group-997157C82D66-LeaderElection7] INFO  impl.RoleInfo (RoleInfo.java:updateAndGet(143)) - c922d5df-3bd1-4669-b221-1ae7b105f951: start LeaderState
2020-06-15 15:40:23,828 [c922d5df-3bd1-4669-b221-1ae7b105f951@group-997157C82D66-LeaderElection7] INFO  segmented.SegmentedRaftLogWorker (SegmentedRaftLogWorker.java:startLogSegment(397)) - c922d5df-3bd1-4669-b221-1ae7b105f951@group-997157C82D66-SegmentedRaftLogWorker: Starting segment from index:0
2020-06-15 15:40:23,829 [c922d5df-3bd1-4669-b221-1ae7b105f951@group-997157C82D66-SegmentedRaftLogWorker] INFO  segmented.SegmentedRaftLogWorker (SegmentedRaftLogWorker.java:execute(596)) - c922d5df-3bd1-4669-b221-1ae7b105f951@group-997157C82D66-SegmentedRaftLogWorker: created new log segment /github/workspace/mnt/ozone/hadoop-ozone/integration-test/target/test-dir/MiniOzoneClusterImpl-821e280a-19ea-4536-9ce4-db87e8de49a0/datanode-4/data/ratis/6fe9f424-25dd-405d-8fb1-997157c82d66/current/log_inprogress_0
2020-06-15 15:40:23,832 [c922d5df-3bd1-4669-b221-1ae7b105f951@group-997157C82D66-LeaderElection7] INFO  impl.RaftServerImpl (ServerState.java:setRaftConf(356)) - c922d5df-3bd1-4669-b221-1ae7b105f951@group-997157C82D66: set configuration 0: [c922d5df-3bd1-4669-b221-1ae7b105f951:172.17.0.2:33715], old=null at 0
2020-06-15 15:40:23,885 [Thread-284] INFO  impl.FollowerState (FollowerState.java:run(108)) - bb2a17c4-da93-471c-baec-5cf2aa5cf94e@group-14F7D0E30960-FollowerState: change to CANDIDATE, lastRpcTime:1201ms, electionTimeout:1188ms
2020-06-15 15:40:23,886 [Thread-284] INFO  impl.RoleInfo (RoleInfo.java:shutdownFollowerState(121)) - bb2a17c4-da93-471c-baec-5cf2aa5cf94e: shutdown FollowerState
2020-06-15 15:40:23,886 [Thread-284] INFO  impl.RaftServerImpl (RaftServerImpl.java:setRole(175)) - bb2a17c4-da93-471c-baec-5cf2aa5cf94e@group-14F7D0E30960: changes role from  FOLLOWER to CANDIDATE at term 0 for changeToCandidate
2020-06-15 15:40:23,886 [Thread-284] INFO  impl.RoleInfo (RoleInfo.java:updateAndGet(143)) - bb2a17c4-da93-471c-baec-5cf2aa5cf94e: start LeaderElection
2020-06-15 15:40:23,890 [bb2a17c4-da93-471c-baec-5cf2aa5cf94e@group-14F7D0E30960-LeaderElection8] INFO  impl.LeaderElection (LeaderElection.java:askForVotes(206)) - bb2a17c4-da93-471c-baec-5cf2aa5cf94e@group-14F7D0E30960-LeaderElection8: begin an election at term 1 for -1: [bb2a17c4-da93-471c-baec-5cf2aa5cf94e:172.17.0.2:42619, 24a75401-d909-4cbe-bf6e-d874185015ef:172.17.0.2:38429, c922d5df-3bd1-4669-b221-1ae7b105f951:172.17.0.2:33715], old=null
2020-06-15 15:40:23,914 [Thread-290] INFO  impl.FollowerState (FollowerState.java:run(108)) - c922d5df-3bd1-4669-b221-1ae7b105f951@group-14F7D0E30960-FollowerState: change to CANDIDATE, lastRpcTime:1180ms, electionTimeout:1179ms
2020-06-15 15:40:23,915 [Thread-290] INFO  impl.RoleInfo (RoleInfo.java:shutdownFollowerState(121)) - c922d5df-3bd1-4669-b221-1ae7b105f951: shutdown FollowerState
2020-06-15 15:40:23,915 [Thread-290] INFO  impl.RaftServerImpl (RaftServerImpl.java:setRole(175)) - c922d5df-3bd1-4669-b221-1ae7b105f951@group-14F7D0E30960: changes role from  FOLLOWER to CANDIDATE at term 0 for changeToCandidate
2020-06-15 15:40:23,915 [Thread-290] INFO  impl.RoleInfo (RoleInfo.java:updateAndGet(143)) - c922d5df-3bd1-4669-b221-1ae7b105f951: start LeaderElection
2020-06-15 15:40:23,920 [grpc-default-executor-1] INFO  impl.RaftServerImpl (RaftServerImpl.java:setRole(175)) - 24a75401-d909-4cbe-bf6e-d874185015ef@group-14F7D0E30960: changes role from  FOLLOWER to FOLLOWER at term 1 for recognizeCandidate:bb2a17c4-da93-471c-baec-5cf2aa5cf94e
2020-06-15 15:40:23,920 [grpc-default-executor-1] INFO  impl.RoleInfo (RoleInfo.java:shutdownFollowerState(121)) - 24a75401-d909-4cbe-bf6e-d874185015ef: shutdown FollowerState
2020-06-15 15:40:23,920 [grpc-default-executor-1] INFO  impl.RoleInfo (RoleInfo.java:updateAndGet(143)) - 24a75401-d909-4cbe-bf6e-d874185015ef: start FollowerState
2020-06-15 15:40:23,920 [Thread-292] INFO  impl.FollowerState (FollowerState.java:run(117)) - 24a75401-d909-4cbe-bf6e-d874185015ef@group-14F7D0E30960-FollowerState was interrupted: java.lang.InterruptedException: sleep interrupted
2020-06-15 15:40:23,932 [Listener at 127.0.0.1/33397] INFO  ozone.MiniOzoneClusterImpl (MiniOzoneClusterImpl.java:lambda$waitForClusterToBeReady$0(177)) - Nodes are ready. Got 10 of 10 DN Heartbeats.
2020-06-15 15:40:23,932 [Listener at 127.0.0.1/33397] INFO  ozone.MiniOzoneClusterImpl (MiniOzoneClusterImpl.java:lambda$waitForClusterToBeReady$0(180)) - Cluster exits safe mode
2020-06-15 15:40:23,934 [Thread-294] INFO  impl.FollowerState (FollowerState.java:run(108)) - f695cbb9-a461-4428-8d13-756fae3d1d34@group-CD3007EAEE61-FollowerState: change to CANDIDATE, lastRpcTime:1125ms, electionTimeout:1124ms
2020-06-15 15:40:23,934 [Thread-294] INFO  impl.RoleInfo (RoleInfo.java:shutdownFollowerState(121)) - f695cbb9-a461-4428-8d13-756fae3d1d34: shutdown FollowerState
2020-06-15 15:40:23,934 [Thread-294] INFO  impl.RaftServerImpl (RaftServerImpl.java:setRole(175)) - f695cbb9-a461-4428-8d13-756fae3d1d34@group-CD3007EAEE61: changes role from  FOLLOWER to CANDIDATE at term 0 for changeToCandidate
2020-06-15 15:40:23,934 [Thread-294] INFO  impl.RoleInfo (RoleInfo.java:updateAndGet(143)) - f695cbb9-a461-4428-8d13-756fae3d1d34: start LeaderElection
2020-06-15 15:40:23,948 [grpc-default-executor-5] INFO  impl.RaftServerImpl (RaftServerImpl.java:setRole(175)) - c922d5df-3bd1-4669-b221-1ae7b105f951@group-14F7D0E30960: changes role from CANDIDATE to FOLLOWER at term 1 for recognizeCandidate:bb2a17c4-da93-471c-baec-5cf2aa5cf94e
2020-06-15 15:40:23,948 [grpc-default-executor-5] INFO  impl.RoleInfo (RoleInfo.java:shutdownLeaderElection(134)) - c922d5df-3bd1-4669-b221-1ae7b105f951: shutdown LeaderElection
2020-06-15 15:40:23,948 [grpc-default-executor-5] INFO  impl.RoleInfo (RoleInfo.java:updateAndGet(143)) - c922d5df-3bd1-4669-b221-1ae7b105f951: start FollowerState
2020-06-15 15:40:23,948 [bb2a17c4-da93-471c-baec-5cf2aa5cf94e@group-14F7D0E30960-LeaderElection8] INFO  impl.LeaderElection (LeaderElection.java:logAndReturn(61)) - bb2a17c4-da93-471c-baec-5cf2aa5cf94e@group-14F7D0E30960-LeaderElection8: Election PASSED; received 1 response(s) [bb2a17c4-da93-471c-baec-5cf2aa5cf94e<-24a75401-d909-4cbe-bf6e-d874185015ef#0:OK-t1] and 0 exception(s); bb2a17c4-da93-471c-baec-5cf2aa5cf94e@group-14F7D0E30960:t1, leader=null, voted=bb2a17c4-da93-471c-baec-5cf2aa5cf94e, raftlog=bb2a17c4-da93-471c-baec-5cf2aa5cf94e@group-14F7D0E30960-SegmentedRaftLog:OPENED:c-1,f-1,i0, conf=-1: [bb2a17c4-da93-471c-baec-5cf2aa5cf94e:172.17.0.2:42619, 24a75401-d909-4cbe-bf6e-d874185015ef:172.17.0.2:38429, c922d5df-3bd1-4669-b221-1ae7b105f951:172.17.0.2:33715], old=null
2020-06-15 15:40:23,956 [Thread-288] INFO  impl.FollowerState (FollowerState.java:run(108)) - 24a75401-d909-4cbe-bf6e-d874185015ef@group-2FF721B0DB4F-FollowerState: change to CANDIDATE, lastRpcTime:1232ms, electionTimeout:1184ms
2020-06-15 15:40:23,957 [bb2a17c4-da93-471c-baec-5cf2aa5cf94e@group-14F7D0E30960-LeaderElection8] INFO  impl.RoleInfo (RoleInfo.java:shutdownLeaderElection(134)) - bb2a17c4-da93-471c-baec-5cf2aa5cf94e: shutdown LeaderElection
2020-06-15 15:40:23,957 [Thread-288] INFO  impl.RoleInfo (RoleInfo.java:shutdownFollowerState(121)) - 24a75401-d909-4cbe-bf6e-d874185015ef: shutdown FollowerState
2020-06-15 15:40:24,184 [Thread-306] INFO  impl.FollowerState (FollowerState.java:run(108)) - faf68df0-9b28-4036-b0dc-8f3f61b959cf@group-A592AA5858EF-FollowerState: change to CANDIDATE, lastRpcTime:1147ms, electionTimeout:1054ms
2020-06-15 15:40:24,184 [Thread-298] INFO  impl.FollowerState (FollowerState.java:run(108)) - 76787e2a-cdc9-4e9e-a68d-44f13553fe3c@group-24B47A675F60-FollowerState: change to CANDIDATE, lastRpcTime:1265ms, electionTimeout:1152ms
2020-06-15 15:40:24,185 [Thread-306] INFO  impl.RoleInfo (RoleInfo.java:shutdownFollowerState(121)) - faf68df0-9b28-4036-b0dc-8f3f61b959cf: shutdown FollowerState
2020-06-15 15:40:24,185 [Thread-306] INFO  impl.RaftServerImpl (RaftServerImpl.java:setRole(175)) - faf68df0-9b28-4036-b0dc-8f3f61b959cf@group-A592AA5858EF: changes role from  FOLLOWER to CANDIDATE at term 0 for changeToCandidate
2020-06-15 15:40:24,185 [Thread-306] INFO  impl.RoleInfo (RoleInfo.java:updateAndGet(143)) - faf68df0-9b28-4036-b0dc-8f3f61b959cf: start LeaderElection
2020-06-15 15:40:24,185 [Thread-298] INFO  impl.RoleInfo (RoleInfo.java:shutdownFollowerState(121)) - 76787e2a-cdc9-4e9e-a68d-44f13553fe3c: shutdown FollowerState
2020-06-15 15:40:24,185 [Thread-298] INFO  impl.RaftServerImpl (RaftServerImpl.java:setRole(175)) - 76787e2a-cdc9-4e9e-a68d-44f13553fe3c@group-24B47A675F60: changes role from  FOLLOWER to CANDIDATE at term 0 for changeToCandidate
2020-06-15 15:40:24,186 [Thread-298] INFO  impl.RoleInfo (RoleInfo.java:updateAndGet(143)) - 76787e2a-cdc9-4e9e-a68d-44f13553fe3c: start LeaderElection
2020-06-15 15:40:24,186 [Thread-288] INFO  impl.RaftServerImpl (RaftServerImpl.java:setRole(175)) - 24a75401-d909-4cbe-bf6e-d874185015ef@group-2FF721B0DB4F: changes role from  FOLLOWER to CANDIDATE at term 0 for changeToCandidate
2020-06-15 15:40:24,187 [bb2a17c4-da93-471c-baec-5cf2aa5cf94e@group-14F7D0E30960-LeaderElection8] INFO  impl.RaftServerImpl (RaftServerImpl.java:setRole(175)) - bb2a17c4-da93-471c-baec-5cf2aa5cf94e@group-14F7D0E30960: changes role from CANDIDATE to LEADER at term 1 for changeToLeader
2020-06-15 15:40:24,187 [bb2a17c4-da93-471c-baec-5cf2aa5cf94e@group-14F7D0E30960-LeaderElection8] INFO  ratis.XceiverServerRatis (XceiverServerRatis.java:handleLeaderChangedNotification(762)) - Leader change notification received for group: group-14F7D0E30960 with new leaderId: bb2a17c4-da93-471c-baec-5cf2aa5cf94e
2020-06-15 15:40:24,187 [bb2a17c4-da93-471c-baec-5cf2aa5cf94e@group-14F7D0E30960-LeaderElection8] INFO  impl.RaftServerImpl (ServerState.java:setLeader(255)) - bb2a17c4-da93-471c-baec-5cf2aa5cf94e@group-14F7D0E30960: change Leader from null to bb2a17c4-da93-471c-baec-5cf2aa5cf94e at term 1 for becomeLeader, leader elected after 1554ms
2020-06-15 15:40:24,188 [bb2a17c4-da93-471c-baec-5cf2aa5cf94e@group-14F7D0E30960-LeaderElection8] INFO  server.RaftServerConfigKeys (ConfUtils.java:logGet(44)) - raft.server.staging.catchup.gap = 1000 (default)
2020-06-15 15:40:24,188 [bb2a17c4-da93-471c-baec-5cf2aa5cf94e@group-14F7D0E30960-LeaderElection8] INFO  server.RaftServerConfigKeys (ConfUtils.java:logGet(44)) - raft.server.rpc.sleep.time = 25ms (default)
2020-06-15 15:40:24,188 [bb2a17c4-da93-471c-baec-5cf2aa5cf94e@group-14F7D0E30960-LeaderElection8] INFO  metrics.RatisMetrics (RatisMetrics.java:lambda$create$0(36)) - Creating Metrics Registry : ratis.log_appender.bb2a17c4-da93-471c-baec-5cf2aa5cf94e@group-14F7D0E30960
2020-06-15 15:40:24,188 [bb2a17c4-da93-471c-baec-5cf2aa5cf94e@group-14F7D0E30960-LeaderElection8] INFO  server.RaftServerConfigKeys (ConfUtils.java:logGet(44)) - raft.server.write.element-limit = 1024 (custom)
2020-06-15 15:40:24,189 [bb2a17c4-da93-471c-baec-5cf2aa5cf94e@group-14F7D0E30960-LeaderElection8] INFO  server.RaftServerConfigKeys (ConfUtils.java:logGet(44)) - raft.server.write.byte-limit = 1073741824 (custom)
2020-06-15 15:40:24,189 [bb2a17c4-da93-471c-baec-5cf2aa5cf94e@group-14F7D0E30960-LeaderElection8] INFO  server.RaftServerConfigKeys (ConfUtils.java:logGet(44)) - raft.server.watch.timeout = 3s (custom)
2020-06-15 15:40:24,189 [bb2a17c4-da93-471c-baec-5cf2aa5cf94e@group-14F7D0E30960-LeaderElection8] INFO  server.RaftServerConfigKeys (ConfUtils.java:logGet(44)) - raft.server.watch.timeout.denomination = 1s (default)
2020-06-15 15:40:24,189 [bb2a17c4-da93-471c-baec-5cf2aa5cf94e@group-14F7D0E30960-LeaderElection8] INFO  server.RaftServerConfigKeys (ConfUtils.java:logGet(44)) - raft.server.watch.element-limit = 65536 (default)
2020-06-15 15:40:24,189 [bb2a17c4-da93-471c-baec-5cf2aa5cf94e@group-14F7D0E30960-LeaderElection8] INFO  server.RaftServerConfigKeys (ConfUtils.java:logGet(44)) - raft.server.log.appender.snapshot.chunk.size.max = 16MB (=16777216) (default)
2020-06-15 15:40:24,189 [bb2a17c4-da93-471c-baec-5cf2aa5cf94e@group-14F7D0E30960-LeaderElection8] INFO  server.RaftServerConfigKeys (ConfUtils.java:logGet(44)) - raft.server.log.appender.buffer.byte-limit = 33554432 (custom)
2020-06-15 15:40:24,189 [bb2a17c4-da93-471c-baec-5cf2aa5cf94e@group-14F7D0E30960-LeaderElection8] INFO  server.RaftServerConfigKeys (ConfUtils.java:logGet(44)) - raft.server.log.appender.buffer.element-limit = 1 (custom)
2020-06-15 15:40:24,190 [bb2a17c4-da93-471c-baec-5cf2aa5cf94e@group-14F7D0E30960-LeaderElection8] INFO  grpc.GrpcConfigKeys (ConfUtils.java:logGet(44)) - raft.grpc.server.leader.outstanding.appends.max = 128 (default)
2020-06-15 15:40:24,190 [bb2a17c4-da93-471c-baec-5cf2aa5cf94e@group-14F7D0E30960-LeaderElection8] INFO  server.RaftServerConfigKeys (ConfUtils.java:logGet(44)) - raft.server.rpc.request.timeout = 3s (default)
2020-06-15 15:40:24,190 [bb2a17c4-da93-471c-baec-5cf2aa5cf94e@group-14F7D0E30960-LeaderElection8] INFO  server.RaftServerConfigKeys (ConfUtils.java:logGet(44)) - raft.server.log.appender.install.snapshot.enabled = false (custom)
2020-06-15 15:40:24,190 [bb2a17c4-da93-471c-baec-5cf2aa5cf94e@group-14F7D0E30960-LeaderElection8] INFO  metrics.RatisMetrics (RatisMetrics.java:lambda$create$0(36)) - Creating Metrics Registry : ratis_grpc.log_appender.bb2a17c4-da93-471c-baec-5cf2aa5cf94e@group-14F7D0E30960
2020-06-15 15:40:24,191 [bb2a17c4-da93-471c-baec-5cf2aa5cf94e@group-14F7D0E30960-LeaderElection8] INFO  server.RaftServerConfigKeys (ConfUtils.java:logGet(44)) - raft.server.log.appender.snapshot.chunk.size.max = 16MB (=16777216) (default)
2020-06-15 15:40:24,191 [bb2a17c4-da93-471c-baec-5cf2aa5cf94e@group-14F7D0E30960-LeaderElection8] INFO  server.RaftServerConfigKeys (ConfUtils.java:logGet(44)) - raft.server.log.appender.buffer.byte-limit = 33554432 (custom)
2020-06-15 15:40:24,191 [bb2a17c4-da93-471c-baec-5cf2aa5cf94e@group-14F7D0E30960-LeaderElection8] INFO  server.RaftServerConfigKeys (ConfUtils.java:logGet(44)) - raft.server.log.appender.buffer.element-limit = 1 (custom)
2020-06-15 15:40:24,191 [bb2a17c4-da93-471c-baec-5cf2aa5cf94e@group-14F7D0E30960-LeaderElection8] INFO  grpc.GrpcConfigKeys (ConfUtils.java:logGet(44)) - raft.grpc.server.leader.outstanding.appends.max = 128 (default)
2020-06-15 15:40:24,191 [bb2a17c4-da93-471c-baec-5cf2aa5cf94e@group-14F7D0E30960-LeaderElection8] INFO  server.RaftServerConfigKeys (ConfUtils.java:logGet(44)) - raft.server.rpc.request.timeout = 3s (default)
2020-06-15 15:40:24,191 [bb2a17c4-da93-471c-baec-5cf2aa5cf94e@group-14F7D0E30960-LeaderElection8] INFO  server.RaftServerConfigKeys (ConfUtils.java:logGet(44)) - raft.server.log.appender.install.snapshot.enabled = false (custom)
2020-06-15 15:40:24,192 [f695cbb9-a461-4428-8d13-756fae3d1d34@group-CD3007EAEE61-LeaderElection10] INFO  impl.LeaderElection (LeaderElection.java:askForVotes(206)) - f695cbb9-a461-4428-8d13-756fae3d1d34@group-CD3007EAEE61-LeaderElection10: begin an election at term 1 for -1: [f695cbb9-a461-4428-8d13-756fae3d1d34:172.17.0.2:40579], old=null
2020-06-15 15:40:24,192 [f695cbb9-a461-4428-8d13-756fae3d1d34@group-CD3007EAEE61-LeaderElection10] INFO  impl.RoleInfo (RoleInfo.java:shutdownLeaderElection(134)) - f695cbb9-a461-4428-8d13-756fae3d1d34: shutdown LeaderElection
2020-06-15 15:40:24,192 [f695cbb9-a461-4428-8d13-756fae3d1d34@group-CD3007EAEE61-LeaderElection10] INFO  impl.RaftServerImpl (RaftServerImpl.java:setRole(175)) - f695cbb9-a461-4428-8d13-756fae3d1d34@group-CD3007EAEE61: changes role from CANDIDATE to LEADER at term 1 for changeToLeader
2020-06-15 15:40:24,192 [f695cbb9-a461-4428-8d13-756fae3d1d34@group-CD3007EAEE61-LeaderElection10] INFO  ratis.XceiverServerRatis (XceiverServerRatis.java:handleLeaderChangedNotification(762)) - Leader change notification received for group: group-CD3007EAEE61 with new leaderId: f695cbb9-a461-4428-8d13-756fae3d1d34
2020-06-15 15:40:24,192 [f695cbb9-a461-4428-8d13-756fae3d1d34@group-CD3007EAEE61-LeaderElection10] INFO  impl.RaftServerImpl (ServerState.java:setLeader(255)) - f695cbb9-a461-4428-8d13-756fae3d1d34@group-CD3007EAEE61: change Leader from null to f695cbb9-a461-4428-8d13-756fae3d1d34 at term 1 for becomeLeader, leader elected after 1419ms
2020-06-15 15:40:24,193 [Thread-296] INFO  impl.FollowerState (FollowerState.java:run(108)) - f695cbb9-a461-4428-8d13-756fae3d1d34@group-45C8AE79FB34-FollowerState: change to CANDIDATE, lastRpcTime:1312ms, electionTimeout:1117ms
2020-06-15 15:40:24,193 [Thread-296] INFO  impl.RoleInfo (RoleInfo.java:shutdownFollowerState(121)) - f695cbb9-a461-4428-8d13-756fae3d1d34: shutdown FollowerState
2020-06-15 15:40:24,193 [Thread-296] INFO  impl.RaftServerImpl (RaftServerImpl.java:setRole(175)) - f695cbb9-a461-4428-8d13-756fae3d1d34@group-45C8AE79FB34: changes role from  FOLLOWER to CANDIDATE at term 0 for changeToCandidate
2020-06-15 15:40:24,193 [Thread-296] INFO  impl.RoleInfo (RoleInfo.java:updateAndGet(143)) - f695cbb9-a461-4428-8d13-756fae3d1d34: start LeaderElection
2020-06-15 15:40:24,193 [EventQueue-PipelineReportForPipelineReportHandler] INFO  pipeline.PipelineStateManager (PipelineStateManager.java:openPipeline(131)) - Pipeline Pipeline[ Id: a92e5d60-6bd7-4a35-8c33-14f7d0e30960, Nodes: 24a75401-d909-4cbe-bf6e-d874185015ef{ip: 172.17.0.2, host: dd6acf296020, networkLocation: /default-rack, certSerialId: null}c922d5df-3bd1-4669-b221-1ae7b105f951{ip: 172.17.0.2, host: dd6acf296020, networkLocation: /default-rack, certSerialId: null}bb2a17c4-da93-471c-baec-5cf2aa5cf94e{ip: 172.17.0.2, host: dd6acf296020, networkLocation: /default-rack, certSerialId: null}, Type:RATIS, Factor:THREE, State:ALLOCATED, leaderId:bb2a17c4-da93-471c-baec-5cf2aa5cf94e, CreationTimestamp2020-06-15T15:40:19.636Z] moved to OPEN state
2020-06-15 15:40:24,195 [bb2a17c4-da93-471c-baec-5cf2aa5cf94e@group-14F7D0E30960-LeaderElection8] INFO  impl.RoleInfo (RoleInfo.java:updateAndGet(143)) - bb2a17c4-da93-471c-baec-5cf2aa5cf94e: start LeaderState
2020-06-15 15:40:24,195 [bb2a17c4-da93-471c-baec-5cf2aa5cf94e@group-14F7D0E30960-LeaderElection8] INFO  segmented.SegmentedRaftLogWorker (SegmentedRaftLogWorker.java:startLogSegment(397)) - bb2a17c4-da93-471c-baec-5cf2aa5cf94e@group-14F7D0E30960-SegmentedRaftLogWorker: Starting segment from index:0
2020-06-15 15:40:24,196 [Thread-300] INFO  impl.FollowerState (FollowerState.java:run(108)) - 1555e715-5c6c-4e2d-b7e6-f10fa5f487d3@group-705EA30DD5A8-FollowerState: change to CANDIDATE, lastRpcTime:1245ms, electionTimeout:1040ms
2020-06-15 15:40:24,220 [Thread-300] INFO  impl.RoleInfo (RoleInfo.java:shutdownFollowerState(121)) - 1555e715-5c6c-4e2d-b7e6-f10fa5f487d3: shutdown FollowerState
2020-06-15 15:40:24,220 [Thread-300] INFO  impl.RaftServerImpl (RaftServerImpl.java:setRole(175)) - 1555e715-5c6c-4e2d-b7e6-f10fa5f487d3@group-705EA30DD5A8: changes role from  FOLLOWER to CANDIDATE at term 0 for changeToCandidate
2020-06-15 15:40:24,220 [Thread-300] INFO  impl.RoleInfo (RoleInfo.java:updateAndGet(143)) - 1555e715-5c6c-4e2d-b7e6-f10fa5f487d3: start LeaderElection
2020-06-15 15:40:24,217 [bb2a17c4-da93-471c-baec-5cf2aa5cf94e@group-14F7D0E30960-LeaderElection8] INFO  impl.RaftServerImpl (ServerState.java:setRaftConf(356)) - bb2a17c4-da93-471c-baec-5cf2aa5cf94e@group-14F7D0E30960: set configuration 0: [bb2a17c4-da93-471c-baec-5cf2aa5cf94e:172.17.0.2:42619, 24a75401-d909-4cbe-bf6e-d874185015ef:172.17.0.2:38429, c922d5df-3bd1-4669-b221-1ae7b105f951:172.17.0.2:33715], old=null at 0
2020-06-15 15:40:24,213 [Thread-304] INFO  impl.FollowerState (FollowerState.java:run(108)) - 1555e715-5c6c-4e2d-b7e6-f10fa5f487d3@group-45C8AE79FB34-FollowerState: change to CANDIDATE, lastRpcTime:1198ms, electionTimeout:1195ms
2020-06-15 15:40:24,223 [Thread-304] INFO  impl.RoleInfo (RoleInfo.java:shutdownFollowerState(121)) - 1555e715-5c6c-4e2d-b7e6-f10fa5f487d3: shutdown FollowerState
2020-06-15 15:40:24,223 [Thread-304] INFO  impl.RaftServerImpl (RaftServerImpl.java:setRole(175)) - 1555e715-5c6c-4e2d-b7e6-f10fa5f487d3@group-45C8AE79FB34: changes role from  FOLLOWER to CANDIDATE at term 0 for changeToCandidate
2020-06-15 15:40:24,204 [bb2a17c4-da93-471c-baec-5cf2aa5cf94e@group-14F7D0E30960-SegmentedRaftLogWorker] INFO  segmented.SegmentedRaftLogWorker (SegmentedRaftLogWorker.java:execute(596)) - bb2a17c4-da93-471c-baec-5cf2aa5cf94e@group-14F7D0E30960-SegmentedRaftLogWorker: created new log segment /github/workspace/mnt/ozone/hadoop-ozone/integration-test/target/test-dir/MiniOzoneClusterImpl-821e280a-19ea-4536-9ce4-db87e8de49a0/datanode-3/data/ratis/a92e5d60-6bd7-4a35-8c33-14f7d0e30960/current/log_inprogress_0
2020-06-15 15:40:24,201 [f695cbb9-a461-4428-8d13-756fae3d1d34@group-CD3007EAEE61-LeaderElection10] INFO  server.RaftServerConfigKeys (ConfUtils.java:logGet(44)) - raft.server.staging.catchup.gap = 1000 (default)
2020-06-15 15:40:24,200 [Thread-288] INFO  impl.RoleInfo (RoleInfo.java:updateAndGet(143)) - 24a75401-d909-4cbe-bf6e-d874185015ef: start LeaderElection
2020-06-15 15:40:24,199 [c922d5df-3bd1-4669-b221-1ae7b105f951@group-14F7D0E30960-LeaderElection9] INFO  impl.LeaderElection (LeaderElection.java:askForVotes(206)) - c922d5df-3bd1-4669-b221-1ae7b105f951@group-14F7D0E30960-LeaderElection9: begin an election at term 2 for -1: [bb2a17c4-da93-471c-baec-5cf2aa5cf94e:172.17.0.2:42619, 24a75401-d909-4cbe-bf6e-d874185015ef:172.17.0.2:38429, c922d5df-3bd1-4669-b221-1ae7b105f951:172.17.0.2:33715], old=null
2020-06-15 15:40:24,196 [Thread-302] INFO  impl.FollowerState (FollowerState.java:run(108)) - 76787e2a-cdc9-4e9e-a68d-44f13553fe3c@group-45C8AE79FB34-FollowerState: change to CANDIDATE, lastRpcTime:1205ms, electionTimeout:1002ms
2020-06-15 15:40:24,224 [Thread-302] INFO  impl.RoleInfo (RoleInfo.java:shutdownFollowerState(121)) - 76787e2a-cdc9-4e9e-a68d-44f13553fe3c: shutdown FollowerState
2020-06-15 15:40:24,224 [Thread-302] INFO  impl.RaftServerImpl (RaftServerImpl.java:setRole(175)) - 76787e2a-cdc9-4e9e-a68d-44f13553fe3c@group-45C8AE79FB34: changes role from  FOLLOWER to CANDIDATE at term 0 for changeToCandidate
2020-06-15 15:40:24,223 [f695cbb9-a461-4428-8d13-756fae3d1d34@group-CD3007EAEE61-LeaderElection10] INFO  server.RaftServerConfigKeys (ConfUtils.java:logGet(44)) - raft.server.rpc.sleep.time = 25ms (default)
2020-06-15 15:40:24,224 [Thread-362] INFO  impl.RaftServerImpl (ServerState.java:setLeader(255)) - bb2a17c4-da93-471c-baec-5cf2aa5cf94e@group-14F7D0E30960: change Leader from bb2a17c4-da93-471c-baec-5cf2aa5cf94e to null at term 2 for updateCurrentTerm
2020-06-15 15:40:24,224 [Thread-362] INFO  impl.RaftServerImpl (RaftServerImpl.java:setRole(175)) - bb2a17c4-da93-471c-baec-5cf2aa5cf94e@group-14F7D0E30960: changes role from    LEADER to FOLLOWER at term 2 for stepDown
2020-06-15 15:40:24,224 [Thread-362] INFO  impl.RoleInfo (RoleInfo.java:shutdownLeaderState(104)) - bb2a17c4-da93-471c-baec-5cf2aa5cf94e: shutdown LeaderState
2020-06-15 15:40:24,225 [Thread-362] INFO  metrics.RatisMetrics (RatisMetrics.java:unregister(43)) - Unregistering Metrics Registry : ratis_grpc.log_appender.bb2a17c4-da93-471c-baec-5cf2aa5cf94e@group-14F7D0E30960
2020-06-15 15:40:24,226 [f695cbb9-a461-4428-8d13-756fae3d1d34@group-CD3007EAEE61-LeaderElection10] INFO  metrics.RatisMetrics (RatisMetrics.java:lambda$create$0(36)) - Creating Metrics Registry : ratis.log_appender.f695cbb9-a461-4428-8d13-756fae3d1d34@group-CD3007EAEE61
2020-06-15 15:40:24,226 [f695cbb9-a461-4428-8d13-756fae3d1d34@group-CD3007EAEE61-LeaderElection10] INFO  server.RaftServerConfigKeys (ConfUtils.java:logGet(44)) - raft.server.write.element-limit = 1024 (custom)
2020-06-15 15:40:24,226 [f695cbb9-a461-4428-8d13-756fae3d1d34@group-CD3007EAEE61-LeaderElection10] INFO  server.RaftServerConfigKeys (ConfUtils.java:logGet(44)) - raft.server.write.byte-limit = 1073741824 (custom)
2020-06-15 15:40:24,227 [f695cbb9-a461-4428-8d13-756fae3d1d34@group-CD3007EAEE61-LeaderElection10] INFO  server.RaftServerConfigKeys (ConfUtils.java:logGet(44)) - raft.server.watch.timeout = 3s (custom)
2020-06-15 15:40:24,227 [f695cbb9-a461-4428-8d13-756fae3d1d34@group-CD3007EAEE61-LeaderElection10] INFO  server.RaftServerConfigKeys (ConfUtils.java:logGet(44)) - raft.server.watch.timeout.denomination = 1s (default)
2020-06-15 15:40:24,227 [f695cbb9-a461-4428-8d13-756fae3d1d34@group-CD3007EAEE61-LeaderElection10] INFO  server.RaftServerConfigKeys (ConfUtils.java:logGet(44)) - raft.server.watch.element-limit = 65536 (default)
2020-06-15 15:40:24,227 [f695cbb9-a461-4428-8d13-756fae3d1d34@group-CD3007EAEE61-LeaderElection10] INFO  impl.RoleInfo (RoleInfo.java:updateAndGet(143)) - f695cbb9-a461-4428-8d13-756fae3d1d34: start LeaderState
2020-06-15 15:40:24,227 [f695cbb9-a461-4428-8d13-756fae3d1d34@group-CD3007EAEE61-LeaderElection10] INFO  segmented.SegmentedRaftLogWorker (SegmentedRaftLogWorker.java:startLogSegment(397)) - f695cbb9-a461-4428-8d13-756fae3d1d34@group-CD3007EAEE61-SegmentedRaftLogWorker: Starting segment from index:0
2020-06-15 15:40:24,230 [f695cbb9-a461-4428-8d13-756fae3d1d34@group-CD3007EAEE61-SegmentedRaftLogWorker] INFO  segmented.SegmentedRaftLogWorker (SegmentedRaftLogWorker.java:execute(596)) - f695cbb9-a461-4428-8d13-756fae3d1d34@group-CD3007EAEE61-SegmentedRaftLogWorker: created new log segment /github/workspace/mnt/ozone/hadoop-ozone/integration-test/target/test-dir/MiniOzoneClusterImpl-821e280a-19ea-4536-9ce4-db87e8de49a0/datanode-6/data/ratis/9a321a2b-0523-44f6-90f1-cd3007eaee61/current/log_inprogress_0
2020-06-15 15:40:24,231 [f695cbb9-a461-4428-8d13-756fae3d1d34@group-CD3007EAEE61-LeaderElection10] INFO  impl.RaftServerImpl (ServerState.java:setRaftConf(356)) - f695cbb9-a461-4428-8d13-756fae3d1d34@group-CD3007EAEE61: set configuration 0: [f695cbb9-a461-4428-8d13-756fae3d1d34:172.17.0.2:40579], old=null at 0
2020-06-15 15:40:24,240 [Thread-302] INFO  impl.RoleInfo (RoleInfo.java:updateAndGet(143)) - 76787e2a-cdc9-4e9e-a68d-44f13553fe3c: start LeaderElection
2020-06-15 15:40:24,249 [c922d5df-3bd1-4669-b221-1ae7b105f951@group-14F7D0E30960-LeaderElection9] INFO  impl.LeaderElection (LeaderElection.java:logAndReturn(61)) - c922d5df-3bd1-4669-b221-1ae7b105f951@group-14F7D0E30960-LeaderElection9: Election REJECTED; received 0 response(s) [] and 0 exception(s); c922d5df-3bd1-4669-b221-1ae7b105f951@group-14F7D0E30960:t2, leader=null, voted=c922d5df-3bd1-4669-b221-1ae7b105f951, raftlog=c922d5df-3bd1-4669-b221-1ae7b105f951@group-14F7D0E30960-SegmentedRaftLog:OPENED:c-1,f-1,i0, conf=-1: [bb2a17c4-da93-471c-baec-5cf2aa5cf94e:172.17.0.2:42619, 24a75401-d909-4cbe-bf6e-d874185015ef:172.17.0.2:38429, c922d5df-3bd1-4669-b221-1ae7b105f951:172.17.0.2:33715], old=null
2020-06-15 15:40:24,249 [Thread-304] INFO  impl.RoleInfo (RoleInfo.java:updateAndGet(143)) - 1555e715-5c6c-4e2d-b7e6-f10fa5f487d3: start LeaderElection
2020-06-15 15:40:24,254 [Thread-362] INFO  metrics.RatisMetrics (RatisMetrics.java:unregister(43)) - Unregistering Metrics Registry : ratis_grpc.log_appender.bb2a17c4-da93-471c-baec-5cf2aa5cf94e@group-14F7D0E30960
2020-06-15 15:40:24,258 [faf68df0-9b28-4036-b0dc-8f3f61b959cf@group-A592AA5858EF-LeaderElection11] INFO  impl.LeaderElection (LeaderElection.java:askForVotes(206)) - faf68df0-9b28-4036-b0dc-8f3f61b959cf@group-A592AA5858EF-LeaderElection11: begin an election at term 1 for -1: [faf68df0-9b28-4036-b0dc-8f3f61b959cf:172.17.0.2:34353], old=null
2020-06-15 15:40:24,266 [faf68df0-9b28-4036-b0dc-8f3f61b959cf@group-A592AA5858EF-LeaderElection11] INFO  impl.RoleInfo (RoleInfo.java:shutdownLeaderElection(134)) - faf68df0-9b28-4036-b0dc-8f3f61b959cf: shutdown LeaderElection
2020-06-15 15:40:24,266 [faf68df0-9b28-4036-b0dc-8f3f61b959cf@group-A592AA5858EF-LeaderElection11] INFO  impl.RaftServerImpl (RaftServerImpl.java:setRole(175)) - faf68df0-9b28-4036-b0dc-8f3f61b959cf@group-A592AA5858EF: changes role from CANDIDATE to LEADER at term 1 for changeToLeader
2020-06-15 15:40:24,266 [faf68df0-9b28-4036-b0dc-8f3f61b959cf@group-A592AA5858EF-LeaderElection11] INFO  ratis.XceiverServerRatis (XceiverServerRatis.java:handleLeaderChangedNotification(762)) - Leader change notification received for group: group-A592AA5858EF with new leaderId: faf68df0-9b28-4036-b0dc-8f3f61b959cf
2020-06-15 15:40:24,266 [faf68df0-9b28-4036-b0dc-8f3f61b959cf@group-A592AA5858EF-LeaderElection11] INFO  impl.RaftServerImpl (ServerState.java:setLeader(255)) - faf68df0-9b28-4036-b0dc-8f3f61b959cf@group-A592AA5858EF: change Leader from null to faf68df0-9b28-4036-b0dc-8f3f61b959cf at term 1 for becomeLeader, leader elected after 1237ms
2020-06-15 15:40:24,257 [f695cbb9-a461-4428-8d13-756fae3d1d34@group-45C8AE79FB34-LeaderElection14] INFO  impl.LeaderElection (LeaderElection.java:askForVotes(206)) - f695cbb9-a461-4428-8d13-756fae3d1d34@group-45C8AE79FB34-LeaderElection14: begin an election at term 1 for -1: [f695cbb9-a461-4428-8d13-756fae3d1d34:172.17.0.2:40579, 1555e715-5c6c-4e2d-b7e6-f10fa5f487d3:172.17.0.2:41221, 76787e2a-cdc9-4e9e-a68d-44f13553fe3c:172.17.0.2:37067], old=null
2020-06-15 15:40:24,267 [grpc-default-executor-5] INFO  ratis.XceiverServerRatis (XceiverServerRatis.java:handleLeaderChangedNotification(762)) - Leader change notification received for group: group-14F7D0E30960 with new leaderId: bb2a17c4-da93-471c-baec-5cf2aa5cf94e
2020-06-15 15:40:24,267 [grpc-default-executor-5] INFO  impl.RaftServerImpl (ServerState.java:setLeader(255)) - 24a75401-d909-4cbe-bf6e-d874185015ef@group-14F7D0E30960: change Leader from null to bb2a17c4-da93-471c-baec-5cf2aa5cf94e at term 1 for appendEntries, leader elected after 1490ms
2020-06-15 15:40:24,256 [org.apache.ratis.server.impl.LogAppender$AppenderDaemon$$Lambda$438/99317469@28f5fdaf] WARN  server.GrpcLogAppender (GrpcLogAppender.java:mayWait(153)) - bb2a17c4-da93-471c-baec-5cf2aa5cf94e@group-14F7D0E30960->24a75401-d909-4cbe-bf6e-d874185015ef-GrpcLogAppender: Wait interrupted by java.lang.InterruptedException
2020-06-15 15:40:24,268 [76787e2a-cdc9-4e9e-a68d-44f13553fe3c@group-45C8AE79FB34-LeaderElection17] INFO  impl.LeaderElection (LeaderElection.java:askForVotes(206)) - 76787e2a-cdc9-4e9e-a68d-44f13553fe3c@group-45C8AE79FB34-LeaderElection17: begin an election at term 1 for -1: [f695cbb9-a461-4428-8d13-756fae3d1d34:172.17.0.2:40579, 1555e715-5c6c-4e2d-b7e6-f10fa5f487d3:172.17.0.2:41221, 76787e2a-cdc9-4e9e-a68d-44f13553fe3c:172.17.0.2:37067], old=null
2020-06-15 15:40:24,270 [24a75401-d909-4cbe-bf6e-d874185015ef@group-2FF721B0DB4F-LeaderElection13] INFO  impl.LeaderElection (LeaderElection.java:askForVotes(206)) - 24a75401-d909-4cbe-bf6e-d874185015ef@group-2FF721B0DB4F-LeaderElection13: begin an election at term 1 for -1: [24a75401-d909-4cbe-bf6e-d874185015ef:172.17.0.2:38429], old=null
2020-06-15 15:40:24,270 [24a75401-d909-4cbe-bf6e-d874185015ef@group-2FF721B0DB4F-LeaderElection13] INFO  impl.RoleInfo (RoleInfo.java:shutdownLeaderElection(134)) - 24a75401-d909-4cbe-bf6e-d874185015ef: shutdown LeaderElection
2020-06-15 15:40:24,270 [24a75401-d909-4cbe-bf6e-d874185015ef@group-2FF721B0DB4F-LeaderElection13] INFO  impl.RaftServerImpl (RaftServerImpl.java:setRole(175)) - 24a75401-d909-4cbe-bf6e-d874185015ef@group-2FF721B0DB4F: changes role from CANDIDATE to LEADER at term 1 for changeToLeader
2020-06-15 15:40:24,270 [24a75401-d909-4cbe-bf6e-d874185015ef@group-2FF721B0DB4F-LeaderElection13] INFO  ratis.XceiverServerRatis (XceiverServerRatis.java:handleLeaderChangedNotification(762)) - Leader change notification received for group: group-2FF721B0DB4F with new leaderId: 24a75401-d909-4cbe-bf6e-d874185015ef
2020-06-15 15:40:24,272 [76787e2a-cdc9-4e9e-a68d-44f13553fe3c@group-24B47A675F60-LeaderElection12] INFO  impl.LeaderElection (LeaderElection.java:askForVotes(206)) - 76787e2a-cdc9-4e9e-a68d-44f13553fe3c@group-24B47A675F60-LeaderElection12: begin an election at term 1 for -1: [76787e2a-cdc9-4e9e-a68d-44f13553fe3c:172.17.0.2:37067], old=null
2020-06-15 15:40:24,272 [76787e2a-cdc9-4e9e-a68d-44f13553fe3c@group-24B47A675F60-LeaderElection12] INFO  impl.RoleInfo (RoleInfo.java:shutdownLeaderElection(134)) - 76787e2a-cdc9-4e9e-a68d-44f13553fe3c: shutdown LeaderElection
2020-06-15 15:40:24,272 [76787e2a-cdc9-4e9e-a68d-44f13553fe3c@group-24B47A675F60-LeaderElection12] INFO  impl.RaftServerImpl (RaftServerImpl.java:setRole(175)) - 76787e2a-cdc9-4e9e-a68d-44f13553fe3c@group-24B47A675F60: changes role from CANDIDATE to LEADER at term 1 for changeToLeader
2020-06-15 15:40:24,272 [76787e2a-cdc9-4e9e-a68d-44f13553fe3c@group-24B47A675F60-LeaderElection12] INFO  ratis.XceiverServerRatis (XceiverServerRatis.java:handleLeaderChangedNotification(762)) - Leader change notification received for group: group-24B47A675F60 with new leaderId: 76787e2a-cdc9-4e9e-a68d-44f13553fe3c
2020-06-15 15:40:24,272 [1555e715-5c6c-4e2d-b7e6-f10fa5f487d3@group-705EA30DD5A8-LeaderElection15] INFO  impl.LeaderElection (LeaderElection.java:askForVotes(206)) - 1555e715-5c6c-4e2d-b7e6-f10fa5f487d3@group-705EA30DD5A8-LeaderElection15: begin an election at term 1 for -1: [1555e715-5c6c-4e2d-b7e6-f10fa5f487d3:172.17.0.2:41221], old=null
2020-06-15 15:40:24,272 [1555e715-5c6c-4e2d-b7e6-f10fa5f487d3@group-705EA30DD5A8-LeaderElection15] INFO  impl.RoleInfo (RoleInfo.java:shutdownLeaderElection(134)) - 1555e715-5c6c-4e2d-b7e6-f10fa5f487d3: shutdown LeaderElection
2020-06-15 15:40:24,272 [1555e715-5c6c-4e2d-b7e6-f10fa5f487d3@group-705EA30DD5A8-LeaderElection15] INFO  impl.RaftServerImpl (RaftServerImpl.java:setRole(175)) - 1555e715-5c6c-4e2d-b7e6-f10fa5f487d3@group-705EA30DD5A8: changes role from CANDIDATE to LEADER at term 1 for changeToLeader
2020-06-15 15:40:24,272 [1555e715-5c6c-4e2d-b7e6-f10fa5f487d3@group-705EA30DD5A8-LeaderElection15] INFO  ratis.XceiverServerRatis (XceiverServerRatis.java:handleLeaderChangedNotification(762)) - Leader change notification received for group: group-705EA30DD5A8 with new leaderId: 1555e715-5c6c-4e2d-b7e6-f10fa5f487d3
2020-06-15 15:40:24,283 [1555e715-5c6c-4e2d-b7e6-f10fa5f487d3@group-705EA30DD5A8-LeaderElection15] INFO  impl.RaftServerImpl (ServerState.java:setLeader(255)) - 1555e715-5c6c-4e2d-b7e6-f10fa5f487d3@group-705EA30DD5A8: change Leader from null to 1555e715-5c6c-4e2d-b7e6-f10fa5f487d3 at term 1 for becomeLeader, leader elected after 1344ms
2020-06-15 15:40:24,283 [76787e2a-cdc9-4e9e-a68d-44f13553fe3c@group-24B47A675F60-LeaderElection12] INFO  impl.RaftServerImpl (ServerState.java:setLeader(255)) - 76787e2a-cdc9-4e9e-a68d-44f13553fe3c@group-24B47A675F60: change Leader from null to 76787e2a-cdc9-4e9e-a68d-44f13553fe3c at term 1 for becomeLeader, leader elected after 1362ms
2020-06-15 15:40:24,283 [24a75401-d909-4cbe-bf6e-d874185015ef@group-2FF721B0DB4F-LeaderElection13] INFO  impl.RaftServerImpl (ServerState.java:setLeader(255)) - 24a75401-d909-4cbe-bf6e-d874185015ef@group-2FF721B0DB4F: change Leader from null to 24a75401-d909-4cbe-bf6e-d874185015ef at term 1 for becomeLeader, leader elected after 1609ms
2020-06-15 15:40:24,309 [faf68df0-9b28-4036-b0dc-8f3f61b959cf@group-A592AA5858EF-LeaderElection11] INFO  server.RaftServerConfigKeys (ConfUtils.java:logGet(44)) - raft.server.staging.catchup.gap = 1000 (default)
2020-06-15 15:40:24,309 [faf68df0-9b28-4036-b0dc-8f3f61b959cf@group-A592AA5858EF-LeaderElection11] INFO  server.RaftServerConfigKeys (ConfUtils.java:logGet(44)) - raft.server.rpc.sleep.time = 25ms (default)
2020-06-15 15:40:24,309 [1555e715-5c6c-4e2d-b7e6-f10fa5f487d3@group-705EA30DD5A8-LeaderElection15] INFO  server.RaftServerConfigKeys (ConfUtils.java:logGet(44)) - raft.server.staging.catchup.gap = 1000 (default)
2020-06-15 15:40:24,309 [1555e715-5c6c-4e2d-b7e6-f10fa5f487d3@group-705EA30DD5A8-LeaderElection15] INFO  server.RaftServerConfigKeys (ConfUtils.java:logGet(44)) - raft.server.rpc.sleep.time = 25ms (default)
2020-06-15 15:40:24,309 [76787e2a-cdc9-4e9e-a68d-44f13553fe3c@group-24B47A675F60-LeaderElection12] INFO  server.RaftServerConfigKeys (ConfUtils.java:logGet(44)) - raft.server.staging.catchup.gap = 1000 (default)
2020-06-15 15:40:24,309 [76787e2a-cdc9-4e9e-a68d-44f13553fe3c@group-24B47A675F60-LeaderElection12] INFO  server.RaftServerConfigKeys (ConfUtils.java:logGet(44)) - raft.server.rpc.sleep.time = 25ms (default)
2020-06-15 15:40:24,310 [24a75401-d909-4cbe-bf6e-d874185015ef@group-2FF721B0DB4F-LeaderElection13] INFO  server.RaftServerConfigKeys (ConfUtils.java:logGet(44)) - raft.server.staging.catchup.gap = 1000 (default)
2020-06-15 15:40:24,310 [24a75401-d909-4cbe-bf6e-d874185015ef@group-2FF721B0DB4F-LeaderElection13] INFO  server.RaftServerConfigKeys (ConfUtils.java:logGet(44)) - raft.server.rpc.sleep.time = 25ms (default)
2020-06-15 15:40:24,310 [1555e715-5c6c-4e2d-b7e6-f10fa5f487d3@group-45C8AE79FB34-LeaderElection16] INFO  impl.LeaderElection (LeaderElection.java:askForVotes(206)) - 1555e715-5c6c-4e2d-b7e6-f10fa5f487d3@group-45C8AE79FB34-LeaderElection16: begin an election at term 1 for -1: [f695cbb9-a461-4428-8d13-756fae3d1d34:172.17.0.2:40579, 1555e715-5c6c-4e2d-b7e6-f10fa5f487d3:172.17.0.2:41221, 76787e2a-cdc9-4e9e-a68d-44f13553fe3c:172.17.0.2:37067], old=null
2020-06-15 15:40:24,315 [grpc-default-executor-5] INFO  impl.RaftServerImpl (ServerState.java:setRaftConf(356)) - 24a75401-d909-4cbe-bf6e-d874185015ef@group-14F7D0E30960: set configuration 0: [bb2a17c4-da93-471c-baec-5cf2aa5cf94e:172.17.0.2:42619, 24a75401-d909-4cbe-bf6e-d874185015ef:172.17.0.2:38429, c922d5df-3bd1-4669-b221-1ae7b105f951:172.17.0.2:33715], old=null at 0
2020-06-15 15:40:24,315 [grpc-default-executor-5] INFO  segmented.SegmentedRaftLogWorker (SegmentedRaftLogWorker.java:startLogSegment(397)) - 24a75401-d909-4cbe-bf6e-d874185015ef@group-14F7D0E30960-SegmentedRaftLogWorker: Starting segment from index:0
2020-06-15 15:40:24,318 [24a75401-d909-4cbe-bf6e-d874185015ef@group-14F7D0E30960-SegmentedRaftLogWorker] INFO  segmented.SegmentedRaftLogWorker (SegmentedRaftLogWorker.java:execute(596)) - 24a75401-d909-4cbe-bf6e-d874185015ef@group-14F7D0E30960-SegmentedRaftLogWorker: created new log segment /github/workspace/mnt/ozone/hadoop-ozone/integration-test/target/test-dir/MiniOzoneClusterImpl-821e280a-19ea-4536-9ce4-db87e8de49a0/datanode-5/data/ratis/a92e5d60-6bd7-4a35-8c33-14f7d0e30960/current/log_inprogress_0
2020-06-15 15:40:24,321 [grpc-default-executor-5] INFO  server.GrpcServerProtocolService (GrpcServerProtocolService.java:onCompleted(138)) - 24a75401-d909-4cbe-bf6e-d874185015ef: Completed APPEND_ENTRIES, lastRequest: bb2a17c4-da93-471c-baec-5cf2aa5cf94e->24a75401-d909-4cbe-bf6e-d874185015ef#1-t1, previous=(t:0, i:0), leaderCommit=-1, initializing? false, entries: size=1, first=(t:1, i:0), CONFIGURATIONENTRY
2020-06-15 15:40:24,343 [1555e715-5c6c-4e2d-b7e6-f10fa5f487d3@group-705EA30DD5A8-LeaderElection15] INFO  metrics.RatisMetrics (RatisMetrics.java:lambda$create$0(36)) - Creating Metrics Registry : ratis.log_appender.1555e715-5c6c-4e2d-b7e6-f10fa5f487d3@group-705EA30DD5A8
2020-06-15 15:40:24,343 [1555e715-5c6c-4e2d-b7e6-f10fa5f487d3@group-705EA30DD5A8-LeaderElection15] INFO  server.RaftServerConfigKeys (ConfUtils.java:logGet(44)) - raft.server.write.element-limit = 1024 (custom)
2020-06-15 15:40:24,343 [1555e715-5c6c-4e2d-b7e6-f10fa5f487d3@group-705EA30DD5A8-LeaderElection15] INFO  server.RaftServerConfigKeys (ConfUtils.java:logGet(44)) - raft.server.write.byte-limit = 1073741824 (custom)
2020-06-15 15:40:24,344 [1555e715-5c6c-4e2d-b7e6-f10fa5f487d3@group-705EA30DD5A8-LeaderElection15] INFO  server.RaftServerConfigKeys (ConfUtils.java:logGet(44)) - raft.server.watch.timeout = 3s (custom)
2020-06-15 15:40:24,344 [1555e715-5c6c-4e2d-b7e6-f10fa5f487d3@group-705EA30DD5A8-LeaderElection15] INFO  server.RaftServerConfigKeys (ConfUtils.java:logGet(44)) - raft.server.watch.timeout.denomination = 1s (default)
2020-06-15 15:40:24,344 [1555e715-5c6c-4e2d-b7e6-f10fa5f487d3@group-705EA30DD5A8-LeaderElection15] INFO  server.RaftServerConfigKeys (ConfUtils.java:logGet(44)) - raft.server.watch.element-limit = 65536 (default)
2020-06-15 15:40:24,344 [1555e715-5c6c-4e2d-b7e6-f10fa5f487d3@group-705EA30DD5A8-LeaderElection15] INFO  impl.RoleInfo (RoleInfo.java:updateAndGet(143)) - 1555e715-5c6c-4e2d-b7e6-f10fa5f487d3: start LeaderState
2020-06-15 15:40:24,345 [1555e715-5c6c-4e2d-b7e6-f10fa5f487d3@group-705EA30DD5A8-LeaderElection15] INFO  segmented.SegmentedRaftLogWorker (SegmentedRaftLogWorker.java:startLogSegment(397)) - 1555e715-5c6c-4e2d-b7e6-f10fa5f487d3@group-705EA30DD5A8-SegmentedRaftLogWorker: Starting segment from index:0
2020-06-15 15:40:24,346 [24a75401-d909-4cbe-bf6e-d874185015ef@group-2FF721B0DB4F-LeaderElection13] INFO  metrics.RatisMetrics (RatisMetrics.java:lambda$create$0(36)) - Creating Metrics Registry : ratis.log_appender.24a75401-d909-4cbe-bf6e-d874185015ef@group-2FF721B0DB4F
2020-06-15 15:40:24,346 [24a75401-d909-4cbe-bf6e-d874185015ef@group-2FF721B0DB4F-LeaderElection13] INFO  server.RaftServerConfigKeys (ConfUtils.java:logGet(44)) - raft.server.write.element-limit = 1024 (custom)
2020-06-15 15:40:24,346 [24a75401-d909-4cbe-bf6e-d874185015ef@group-2FF721B0DB4F-LeaderElection13] INFO  server.RaftServerConfigKeys (ConfUtils.java:logGet(44)) - raft.server.write.byte-limit = 1073741824 (custom)
2020-06-15 15:40:24,346 [24a75401-d909-4cbe-bf6e-d874185015ef@group-2FF721B0DB4F-LeaderElection13] INFO  server.RaftServerConfigKeys (ConfUtils.java:logGet(44)) - raft.server.watch.timeout = 3s (custom)
2020-06-15 15:40:24,346 [24a75401-d909-4cbe-bf6e-d874185015ef@group-2FF721B0DB4F-LeaderElection13] INFO  server.RaftServerConfigKeys (ConfUtils.java:logGet(44)) - raft.server.watch.timeout.denomination = 1s (default)
2020-06-15 15:40:24,346 [24a75401-d909-4cbe-bf6e-d874185015ef@group-2FF721B0DB4F-LeaderElection13] INFO  server.RaftServerConfigKeys (ConfUtils.java:logGet(44)) - raft.server.watch.element-limit = 65536 (default)
2020-06-15 15:40:24,347 [24a75401-d909-4cbe-bf6e-d874185015ef@group-2FF721B0DB4F-LeaderElection13] INFO  impl.RoleInfo (RoleInfo.java:updateAndGet(143)) - 24a75401-d909-4cbe-bf6e-d874185015ef: start LeaderState
2020-06-15 15:40:24,347 [24a75401-d909-4cbe-bf6e-d874185015ef@group-2FF721B0DB4F-LeaderElection13] INFO  segmented.SegmentedRaftLogWorker (SegmentedRaftLogWorker.java:startLogSegment(397)) - 24a75401-d909-4cbe-bf6e-d874185015ef@group-2FF721B0DB4F-SegmentedRaftLogWorker: Starting segment from index:0
2020-06-15 15:40:24,348 [24a75401-d909-4cbe-bf6e-d874185015ef@group-2FF721B0DB4F-LeaderElection13] INFO  impl.RaftServerImpl (ServerState.java:setRaftConf(356)) - 24a75401-d909-4cbe-bf6e-d874185015ef@group-2FF721B0DB4F: set configuration 0: [24a75401-d909-4cbe-bf6e-d874185015ef:172.17.0.2:38429], old=null at 0
2020-06-15 15:40:24,348 [76787e2a-cdc9-4e9e-a68d-44f13553fe3c@group-24B47A675F60-LeaderElection12] INFO  metrics.RatisMetrics (RatisMetrics.java:lambda$create$0(36)) - Creating Metrics Registry : ratis.log_appender.76787e2a-cdc9-4e9e-a68d-44f13553fe3c@group-24B47A675F60
2020-06-15 15:40:24,348 [76787e2a-cdc9-4e9e-a68d-44f13553fe3c@group-24B47A675F60-LeaderElection12] INFO  server.RaftServerConfigKeys (ConfUtils.java:logGet(44)) - raft.server.write.element-limit = 1024 (custom)
2020-06-15 15:40:24,348 [76787e2a-cdc9-4e9e-a68d-44f13553fe3c@group-24B47A675F60-LeaderElection12] INFO  server.RaftServerConfigKeys (ConfUtils.java:logGet(44)) - raft.server.write.byte-limit = 1073741824 (custom)
2020-06-15 15:40:24,348 [76787e2a-cdc9-4e9e-a68d-44f13553fe3c@group-24B47A675F60-LeaderElection12] INFO  server.RaftServerConfigKeys (ConfUtils.java:logGet(44)) - raft.server.watch.timeout = 3s (custom)
2020-06-15 15:40:24,349 [76787e2a-cdc9-4e9e-a68d-44f13553fe3c@group-24B47A675F60-LeaderElection12] INFO  server.RaftServerConfigKeys (ConfUtils.java:logGet(44)) - raft.server.watch.timeout.denomination = 1s (default)
2020-06-15 15:40:24,349 [76787e2a-cdc9-4e9e-a68d-44f13553fe3c@group-24B47A675F60-LeaderElection12] INFO  server.RaftServerConfigKeys (ConfUtils.java:logGet(44)) - raft.server.watch.element-limit = 65536 (default)
2020-06-15 15:40:24,349 [76787e2a-cdc9-4e9e-a68d-44f13553fe3c@group-24B47A675F60-LeaderElection12] INFO  impl.RoleInfo (RoleInfo.java:updateAndGet(143)) - 76787e2a-cdc9-4e9e-a68d-44f13553fe3c: start LeaderState
2020-06-15 15:40:24,349 [faf68df0-9b28-4036-b0dc-8f3f61b959cf@group-A592AA5858EF-LeaderElection11] INFO  metrics.RatisMetrics (RatisMetrics.java:lambda$create$0(36)) - Creating Metrics Registry : ratis.log_appender.faf68df0-9b28-4036-b0dc-8f3f61b959cf@group-A592AA5858EF
2020-06-15 15:40:24,349 [76787e2a-cdc9-4e9e-a68d-44f13553fe3c@group-24B47A675F60-LeaderElection12] INFO  segmented.SegmentedRaftLogWorker (SegmentedRaftLogWorker.java:startLogSegment(397)) - 76787e2a-cdc9-4e9e-a68d-44f13553fe3c@group-24B47A675F60-SegmentedRaftLogWorker: Starting segment from index:0
2020-06-15 15:40:24,349 [faf68df0-9b28-4036-b0dc-8f3f61b959cf@group-A592AA5858EF-LeaderElection11] INFO  server.RaftServerConfigKeys (ConfUtils.java:logGet(44)) - raft.server.write.element-limit = 1024 (custom)
2020-06-15 15:40:24,349 [faf68df0-9b28-4036-b0dc-8f3f61b959cf@group-A592AA5858EF-LeaderElection11] INFO  server.RaftServerConfigKeys (ConfUtils.java:logGet(44)) - raft.server.write.byte-limit = 1073741824 (custom)
2020-06-15 15:40:24,350 [faf68df0-9b28-4036-b0dc-8f3f61b959cf@group-A592AA5858EF-LeaderElection11] INFO  server.RaftServerConfigKeys (ConfUtils.java:logGet(44)) - raft.server.watch.timeout = 3s (custom)
2020-06-15 15:40:24,350 [faf68df0-9b28-4036-b0dc-8f3f61b959cf@group-A592AA5858EF-LeaderElection11] INFO  server.RaftServerConfigKeys (ConfUtils.java:logGet(44)) - raft.server.watch.timeout.denomination = 1s (default)
2020-06-15 15:40:24,350 [faf68df0-9b28-4036-b0dc-8f3f61b959cf@group-A592AA5858EF-LeaderElection11] INFO  server.RaftServerConfigKeys (ConfUtils.java:logGet(44)) - raft.server.watch.element-limit = 65536 (default)
2020-06-15 15:40:24,350 [faf68df0-9b28-4036-b0dc-8f3f61b959cf@group-A592AA5858EF-LeaderElection11] INFO  impl.RoleInfo (RoleInfo.java:updateAndGet(143)) - faf68df0-9b28-4036-b0dc-8f3f61b959cf: start LeaderState
2020-06-15 15:40:24,350 [faf68df0-9b28-4036-b0dc-8f3f61b959cf@group-A592AA5858EF-LeaderElection11] INFO  segmented.SegmentedRaftLogWorker (SegmentedRaftLogWorker.java:startLogSegment(397)) - faf68df0-9b28-4036-b0dc-8f3f61b959cf@group-A592AA5858EF-SegmentedRaftLogWorker: Starting segment from index:0
2020-06-15 15:40:24,352 [24a75401-d909-4cbe-bf6e-d874185015ef@group-2FF721B0DB4F-SegmentedRaftLogWorker] INFO  segmented.SegmentedRaftLogWorker (SegmentedRaftLogWorker.java:execute(596)) - 24a75401-d909-4cbe-bf6e-d874185015ef@group-2FF721B0DB4F-SegmentedRaftLogWorker: created new log segment /github/workspace/mnt/ozone/hadoop-ozone/integration-test/target/test-dir/MiniOzoneClusterImpl-821e280a-19ea-4536-9ce4-db87e8de49a0/datanode-5/data/ratis/10f5226f-5c96-4596-b893-2ff721b0db4f/current/log_inprogress_0
2020-06-15 15:40:24,353 [faf68df0-9b28-4036-b0dc-8f3f61b959cf@group-A592AA5858EF-SegmentedRaftLogWorker] INFO  segmented.SegmentedRaftLogWorker (SegmentedRaftLogWorker.java:execute(596)) - faf68df0-9b28-4036-b0dc-8f3f61b959cf@group-A592AA5858EF-SegmentedRaftLogWorker: created new log segment /github/workspace/mnt/ozone/hadoop-ozone/integration-test/target/test-dir/MiniOzoneClusterImpl-821e280a-19ea-4536-9ce4-db87e8de49a0/datanode-9/data/ratis/23f55de5-b146-436f-8cfd-a592aa5858ef/current/log_inprogress_0
2020-06-15 15:40:24,356 [faf68df0-9b28-4036-b0dc-8f3f61b959cf@group-A592AA5858EF-LeaderElection11] INFO  impl.RaftServerImpl (ServerState.java:setRaftConf(356)) - faf68df0-9b28-4036-b0dc-8f3f61b959cf@group-A592AA5858EF: set configuration 0: [faf68df0-9b28-4036-b0dc-8f3f61b959cf:172.17.0.2:34353], old=null at 0
2020-06-15 15:40:24,356 [Thread-362] INFO  impl.PendingRequests (PendingRequests.java:sendNotLeaderResponses(249)) - bb2a17c4-da93-471c-baec-5cf2aa5cf94e@group-14F7D0E30960-PendingRequests: sendNotLeaderResponses
2020-06-15 15:40:24,357 [Thread-362] INFO  metrics.RatisMetrics (RatisMetrics.java:unregister(43)) - Unregistering Metrics Registry : ratis.log_appender.bb2a17c4-da93-471c-baec-5cf2aa5cf94e@group-14F7D0E30960
2020-06-15 15:40:24,357 [Thread-362] INFO  metrics.RatisMetrics (RatisMetrics.java:unregister(43)) - Unregistering Metrics Registry : ratis.server.bb2a17c4-da93-471c-baec-5cf2aa5cf94e@group-14F7D0E30960
2020-06-15 15:40:24,358 [Thread-362] INFO  impl.RoleInfo (RoleInfo.java:updateAndGet(143)) - bb2a17c4-da93-471c-baec-5cf2aa5cf94e: start FollowerState
2020-06-15 15:40:24,361 [76787e2a-cdc9-4e9e-a68d-44f13553fe3c@group-24B47A675F60-SegmentedRaftLogWorker] INFO  segmented.SegmentedRaftLogWorker (SegmentedRaftLogWorker.java:execute(596)) - 76787e2a-cdc9-4e9e-a68d-44f13553fe3c@group-24B47A675F60-SegmentedRaftLogWorker: created new log segment /github/workspace/mnt/ozone/hadoop-ozone/integration-test/target/test-dir/MiniOzoneClusterImpl-821e280a-19ea-4536-9ce4-db87e8de49a0/datanode-7/data/ratis/160074c6-40d8-41e8-8c44-24b47a675f60/current/log_inprogress_0
2020-06-15 15:40:24,361 [grpc-default-executor-8] INFO  impl.RaftServerImpl (RaftServerImpl.java:setRole(175)) - bb2a17c4-da93-471c-baec-5cf2aa5cf94e@group-14F7D0E30960: changes role from  FOLLOWER to FOLLOWER at term 2 for recognizeCandidate:c922d5df-3bd1-4669-b221-1ae7b105f951
2020-06-15 15:40:24,361 [grpc-default-executor-8] INFO  impl.RoleInfo (RoleInfo.java:shutdownFollowerState(121)) - bb2a17c4-da93-471c-baec-5cf2aa5cf94e: shutdown FollowerState
2020-06-15 15:40:24,358 [org.apache.ratis.server.impl.LogAppender$AppenderDaemon$$Lambda$438/99317469@5950ab37] WARN  server.GrpcLogAppender (GrpcLogAppender.java:mayWait(153)) - bb2a17c4-da93-471c-baec-5cf2aa5cf94e@group-14F7D0E30960->c922d5df-3bd1-4669-b221-1ae7b105f951-GrpcLogAppender: Wait interrupted by java.lang.InterruptedException
2020-06-15 15:40:24,374 [1555e715-5c6c-4e2d-b7e6-f10fa5f487d3@group-705EA30DD5A8-LeaderElection15] INFO  impl.RaftServerImpl (ServerState.java:setRaftConf(356)) - 1555e715-5c6c-4e2d-b7e6-f10fa5f487d3@group-705EA30DD5A8: set configuration 0: [1555e715-5c6c-4e2d-b7e6-f10fa5f487d3:172.17.0.2:41221], old=null at 0
2020-06-15 15:40:24,375 [76787e2a-cdc9-4e9e-a68d-44f13553fe3c@group-24B47A675F60-LeaderElection12] INFO  impl.RaftServerImpl (ServerState.java:setRaftConf(356)) - 76787e2a-cdc9-4e9e-a68d-44f13553fe3c@group-24B47A675F60: set configuration 0: [76787e2a-cdc9-4e9e-a68d-44f13553fe3c:172.17.0.2:37067], old=null at 0
2020-06-15 15:40:24,378 [grpc-default-executor-7] INFO  server.GrpcServerProtocolService (GrpcServerProtocolService.java:onCompleted(138)) - c922d5df-3bd1-4669-b221-1ae7b105f951: Completed APPEND_ENTRIES, lastRequest: bb2a17c4-da93-471c-baec-5cf2aa5cf94e->c922d5df-3bd1-4669-b221-1ae7b105f951#1-t1, previous=(t:0, i:0), leaderCommit=-1, initializing? false, entries: size=1, first=(t:1, i:0), CONFIGURATIONENTRY
2020-06-15 15:40:24,392 [grpc-default-executor-5] INFO  impl.RaftServerImpl (ServerState.java:setLeader(255)) - 24a75401-d909-4cbe-bf6e-d874185015ef@group-14F7D0E30960: change Leader from bb2a17c4-da93-471c-baec-5cf2aa5cf94e to null at term 2 for updateCurrentTerm
2020-06-15 15:40:24,392 [grpc-default-executor-5] INFO  impl.RaftServerImpl (RaftServerImpl.java:setRole(175)) - 24a75401-d909-4cbe-bf6e-d874185015ef@group-14F7D0E30960: changes role from  FOLLOWER to FOLLOWER at term 2 for recognizeCandidate:c922d5df-3bd1-4669-b221-1ae7b105f951
2020-06-15 15:40:24,392 [grpc-default-executor-5] INFO  impl.RoleInfo (RoleInfo.java:shutdownFollowerState(121)) - 24a75401-d909-4cbe-bf6e-d874185015ef: shutdown FollowerState
2020-06-15 15:40:24,392 [grpc-default-executor-5] INFO  impl.RoleInfo (RoleInfo.java:updateAndGet(143)) - 24a75401-d909-4cbe-bf6e-d874185015ef: start FollowerState
2020-06-15 15:40:24,394 [Thread-356] INFO  impl.FollowerState (FollowerState.java:run(117)) - 24a75401-d909-4cbe-bf6e-d874185015ef@group-14F7D0E30960-FollowerState was interrupted: java.lang.InterruptedException: sleep interrupted
2020-06-15 15:40:24,378 [grpc-default-executor-2] INFO  server.GrpcLogAppender (GrpcLogAppender.java:onCompleted(319)) - bb2a17c4-da93-471c-baec-5cf2aa5cf94e@group-14F7D0E30960->24a75401-d909-4cbe-bf6e-d874185015ef-AppendLogResponseHandler: follower responses appendEntries COMPLETED
2020-06-15 15:40:24,394 [grpc-default-executor-8] INFO  impl.RoleInfo (RoleInfo.java:updateAndGet(143)) - bb2a17c4-da93-471c-baec-5cf2aa5cf94e: start FollowerState
2020-06-15 15:40:24,401 [1555e715-5c6c-4e2d-b7e6-f10fa5f487d3@group-705EA30DD5A8-SegmentedRaftLogWorker] INFO  segmented.SegmentedRaftLogWorker (SegmentedRaftLogWorker.java:execute(596)) - 1555e715-5c6c-4e2d-b7e6-f10fa5f487d3@group-705EA30DD5A8-SegmentedRaftLogWorker: created new log segment /github/workspace/mnt/ozone/hadoop-ozone/integration-test/target/test-dir/MiniOzoneClusterImpl-821e280a-19ea-4536-9ce4-db87e8de49a0/datanode-8/data/ratis/2424e855-3fe0-4dd4-b4cb-705ea30dd5a8/current/log_inprogress_0
2020-06-15 15:40:24,413 [grpc-default-executor-1] INFO  server.GrpcLogAppender (GrpcLogAppender.java:onCompleted(319)) - bb2a17c4-da93-471c-baec-5cf2aa5cf94e@group-14F7D0E30960->c922d5df-3bd1-4669-b221-1ae7b105f951-AppendLogResponseHandler: follower responses appendEntries COMPLETED
2020-06-15 15:40:24,415 [grpc-default-executor-2] INFO  impl.FollowerInfo (FollowerInfo.java:lambda$new$0(51)) - bb2a17c4-da93-471c-baec-5cf2aa5cf94e@group-14F7D0E30960->24a75401-d909-4cbe-bf6e-d874185015ef: nextIndex: updateUnconditionally 1 -> 0
2020-06-15 15:40:24,424 [grpc-default-executor-1] INFO  impl.FollowerInfo (FollowerInfo.java:lambda$new$0(51)) - bb2a17c4-da93-471c-baec-5cf2aa5cf94e@group-14F7D0E30960->c922d5df-3bd1-4669-b221-1ae7b105f951: nextIndex: updateUnconditionally 1 -> 0
2020-06-15 15:40:24,445 [f695cbb9-a461-4428-8d13-756fae3d1d34@group-45C8AE79FB34-LeaderElection14] INFO  impl.LeaderElection (LeaderElection.java:logAndReturn(61)) - f695cbb9-a461-4428-8d13-756fae3d1d34@group-45C8AE79FB34-LeaderElection14: Election REJECTED; received 2 response(s) [f695cbb9-a461-4428-8d13-756fae3d1d34<-1555e715-5c6c-4e2d-b7e6-f10fa5f487d3#0:FAIL-t1, f695cbb9-a461-4428-8d13-756fae3d1d34<-76787e2a-cdc9-4e9e-a68d-44f13553fe3c#0:FAIL-t1] and 0 exception(s); f695cbb9-a461-4428-8d13-756fae3d1d34@group-45C8AE79FB34:t1, leader=null, voted=f695cbb9-a461-4428-8d13-756fae3d1d34, raftlog=f695cbb9-a461-4428-8d13-756fae3d1d34@group-45C8AE79FB34-SegmentedRaftLog:OPENED:c-1,f-1,i0, conf=-1: [f695cbb9-a461-4428-8d13-756fae3d1d34:172.17.0.2:40579, 1555e715-5c6c-4e2d-b7e6-f10fa5f487d3:172.17.0.2:41221, 76787e2a-cdc9-4e9e-a68d-44f13553fe3c:172.17.0.2:37067], old=null
2020-06-15 15:40:24,445 [f695cbb9-a461-4428-8d13-756fae3d1d34@group-45C8AE79FB34-LeaderElection14] INFO  impl.RaftServerImpl (RaftServerImpl.java:setRole(175)) - f695cbb9-a461-4428-8d13-756fae3d1d34@group-45C8AE79FB34: changes role from CANDIDATE to FOLLOWER at term 1 for DISCOVERED_A_NEW_TERM
2020-06-15 15:40:24,445 [f695cbb9-a461-4428-8d13-756fae3d1d34@group-45C8AE79FB34-LeaderElection14] INFO  impl.RoleInfo (RoleInfo.java:shutdownLeaderElection(134)) - f695cbb9-a461-4428-8d13-756fae3d1d34: shutdown LeaderElection
2020-06-15 15:40:24,445 [f695cbb9-a461-4428-8d13-756fae3d1d34@group-45C8AE79FB34-LeaderElection14] INFO  impl.RoleInfo (RoleInfo.java:updateAndGet(143)) - f695cbb9-a461-4428-8d13-756fae3d1d34: start FollowerState
2020-06-15 15:40:24,476 [1555e715-5c6c-4e2d-b7e6-f10fa5f487d3@group-45C8AE79FB34-LeaderElection16] INFO  impl.LeaderElection (LeaderElection.java:logAndReturn(61)) - 1555e715-5c6c-4e2d-b7e6-f10fa5f487d3@group-45C8AE79FB34-LeaderElection16: Election REJECTED; received 2 response(s) [1555e715-5c6c-4e2d-b7e6-f10fa5f487d3<-f695cbb9-a461-4428-8d13-756fae3d1d34#0:FAIL-t1, 1555e715-5c6c-4e2d-b7e6-f10fa5f487d3<-76787e2a-cdc9-4e9e-a68d-44f13553fe3c#0:FAIL-t1] and 0 exception(s); 1555e715-5c6c-4e2d-b7e6-f10fa5f487d3@group-45C8AE79FB34:t1, leader=null, voted=1555e715-5c6c-4e2d-b7e6-f10fa5f487d3, raftlog=1555e715-5c6c-4e2d-b7e6-f10fa5f487d3@group-45C8AE79FB34-SegmentedRaftLog:OPENED:c-1,f-1,i0, conf=-1: [f695cbb9-a461-4428-8d13-756fae3d1d34:172.17.0.2:40579, 1555e715-5c6c-4e2d-b7e6-f10fa5f487d3:172.17.0.2:41221, 76787e2a-cdc9-4e9e-a68d-44f13553fe3c:172.17.0.2:37067], old=null
2020-06-15 15:40:24,481 [1555e715-5c6c-4e2d-b7e6-f10fa5f487d3@group-45C8AE79FB34-LeaderElection16] INFO  impl.RaftServerImpl (RaftServerImpl.java:setRole(175)) - 1555e715-5c6c-4e2d-b7e6-f10fa5f487d3@group-45C8AE79FB34: changes role from CANDIDATE to FOLLOWER at term 1 for DISCOVERED_A_NEW_TERM
2020-06-15 15:40:24,481 [1555e715-5c6c-4e2d-b7e6-f10fa5f487d3@group-45C8AE79FB34-LeaderElection16] INFO  impl.RoleInfo (RoleInfo.java:shutdownLeaderElection(134)) - 1555e715-5c6c-4e2d-b7e6-f10fa5f487d3: shutdown LeaderElection
2020-06-15 15:40:24,481 [1555e715-5c6c-4e2d-b7e6-f10fa5f487d3@group-45C8AE79FB34-LeaderElection16] INFO  impl.RoleInfo (RoleInfo.java:updateAndGet(143)) - 1555e715-5c6c-4e2d-b7e6-f10fa5f487d3: start FollowerState
2020-06-15 15:40:24,480 [76787e2a-cdc9-4e9e-a68d-44f13553fe3c@group-45C8AE79FB34-LeaderElection17] INFO  impl.LeaderElection (LeaderElection.java:logAndReturn(61)) - 76787e2a-cdc9-4e9e-a68d-44f13553fe3c@group-45C8AE79FB34-LeaderElection17: Election REJECTED; received 2 response(s) [76787e2a-cdc9-4e9e-a68d-44f13553fe3c<-f695cbb9-a461-4428-8d13-756fae3d1d34#0:FAIL-t1, 76787e2a-cdc9-4e9e-a68d-44f13553fe3c<-1555e715-5c6c-4e2d-b7e6-f10fa5f487d3#0:FAIL-t1] and 0 exception(s); 76787e2a-cdc9-4e9e-a68d-44f13553fe3c@group-45C8AE79FB34:t1, leader=null, voted=76787e2a-cdc9-4e9e-a68d-44f13553fe3c, raftlog=76787e2a-cdc9-4e9e-a68d-44f13553fe3c@group-45C8AE79FB34-SegmentedRaftLog:OPENED:c-1,f-1,i0, conf=-1: [f695cbb9-a461-4428-8d13-756fae3d1d34:172.17.0.2:40579, 1555e715-5c6c-4e2d-b7e6-f10fa5f487d3:172.17.0.2:41221, 76787e2a-cdc9-4e9e-a68d-44f13553fe3c:172.17.0.2:37067], old=null
2020-06-15 15:40:24,492 [76787e2a-cdc9-4e9e-a68d-44f13553fe3c@group-45C8AE79FB34-LeaderElection17] INFO  impl.RaftServerImpl (RaftServerImpl.java:setRole(175)) - 76787e2a-cdc9-4e9e-a68d-44f13553fe3c@group-45C8AE79FB34: changes role from CANDIDATE to FOLLOWER at term 1 for DISCOVERED_A_NEW_TERM
2020-06-15 15:40:24,492 [76787e2a-cdc9-4e9e-a68d-44f13553fe3c@group-45C8AE79FB34-LeaderElection17] INFO  impl.RoleInfo (RoleInfo.java:shutdownLeaderElection(134)) - 76787e2a-cdc9-4e9e-a68d-44f13553fe3c: shutdown LeaderElection
2020-06-15 15:40:24,492 [76787e2a-cdc9-4e9e-a68d-44f13553fe3c@group-45C8AE79FB34-LeaderElection17] INFO  impl.RoleInfo (RoleInfo.java:updateAndGet(143)) - 76787e2a-cdc9-4e9e-a68d-44f13553fe3c: start FollowerState
2020-06-15 15:40:24,949 [Listener at 127.0.0.1/33397] INFO  rpc.RpcClient (RpcClient.java:createVolume(310)) - Creating Volume: datanodefailurehandlingtest, with jenkins1001 as owner.
2020-06-15 15:40:25,024 [IPC Server handler 13 on default port 33397] INFO  volume.OMVolumeCreateRequest (OMVolumeCreateRequest.java:validateAndUpdateCache(204)) - created volume:datanodefailurehandlingtest for user:jenkins1001
2020-06-15 15:40:25,080 [Listener at 127.0.0.1/33397] INFO  rpc.RpcClient (RpcClient.java:createBucket(450)) - Creating Bucket: datanodefailurehandlingtest/datanodefailurehandlingtest, with Versioning false and Storage Type set to DISK and Encryption set to false 
2020-06-15 15:40:25,122 [Thread-358] INFO  impl.FollowerState (FollowerState.java:run(108)) - c922d5df-3bd1-4669-b221-1ae7b105f951@group-14F7D0E30960-FollowerState: change to CANDIDATE, lastRpcTime:1173ms, electionTimeout:1158ms
2020-06-15 15:40:25,122 [Thread-358] INFO  impl.RoleInfo (RoleInfo.java:shutdownFollowerState(121)) - c922d5df-3bd1-4669-b221-1ae7b105f951: shutdown FollowerState
2020-06-15 15:40:25,122 [Thread-358] INFO  impl.RaftServerImpl (RaftServerImpl.java:setRole(175)) - c922d5df-3bd1-4669-b221-1ae7b105f951@group-14F7D0E30960: changes role from  FOLLOWER to CANDIDATE at term 2 for changeToCandidate
2020-06-15 15:40:25,122 [Thread-358] INFO  impl.RoleInfo (RoleInfo.java:updateAndGet(143)) - c922d5df-3bd1-4669-b221-1ae7b105f951: start LeaderElection
2020-06-15 15:40:25,133 [c922d5df-3bd1-4669-b221-1ae7b105f951@group-14F7D0E30960-LeaderElection18] INFO  impl.LeaderElection (LeaderElection.java:askForVotes(206)) - c922d5df-3bd1-4669-b221-1ae7b105f951@group-14F7D0E30960-LeaderElection18: begin an election at term 3 for -1: [bb2a17c4-da93-471c-baec-5cf2aa5cf94e:172.17.0.2:42619, 24a75401-d909-4cbe-bf6e-d874185015ef:172.17.0.2:38429, c922d5df-3bd1-4669-b221-1ae7b105f951:172.17.0.2:33715], old=null
2020-06-15 15:40:25,149 [grpc-default-executor-1] INFO  impl.RaftServerImpl (RaftServerImpl.java:setRole(175)) - bb2a17c4-da93-471c-baec-5cf2aa5cf94e@group-14F7D0E30960: changes role from  FOLLOWER to FOLLOWER at term 3 for recognizeCandidate:c922d5df-3bd1-4669-b221-1ae7b105f951
2020-06-15 15:40:25,149 [grpc-default-executor-1] INFO  impl.RoleInfo (RoleInfo.java:shutdownFollowerState(121)) - bb2a17c4-da93-471c-baec-5cf2aa5cf94e: shutdown FollowerState
2020-06-15 15:40:25,149 [grpc-default-executor-1] INFO  impl.RoleInfo (RoleInfo.java:updateAndGet(143)) - bb2a17c4-da93-471c-baec-5cf2aa5cf94e: start FollowerState
2020-06-15 15:40:25,150 [Thread-388] INFO  impl.FollowerState (FollowerState.java:run(117)) - bb2a17c4-da93-471c-baec-5cf2aa5cf94e@group-14F7D0E30960-FollowerState was interrupted: java.lang.InterruptedException: sleep interrupted
2020-06-15 15:40:25,166 [grpc-default-executor-4] INFO  impl.RaftServerImpl (RaftServerImpl.java:setRole(175)) - 24a75401-d909-4cbe-bf6e-d874185015ef@group-14F7D0E30960: changes role from  FOLLOWER to FOLLOWER at term 3 for recognizeCandidate:c922d5df-3bd1-4669-b221-1ae7b105f951
2020-06-15 15:40:25,166 [grpc-default-executor-4] INFO  impl.RoleInfo (RoleInfo.java:shutdownFollowerState(121)) - 24a75401-d909-4cbe-bf6e-d874185015ef: shutdown FollowerState
2020-06-15 15:40:25,166 [grpc-default-executor-4] INFO  impl.RoleInfo (RoleInfo.java:updateAndGet(143)) - 24a75401-d909-4cbe-bf6e-d874185015ef: start FollowerState
2020-06-15 15:40:25,166 [Thread-387] INFO  impl.FollowerState (FollowerState.java:run(117)) - 24a75401-d909-4cbe-bf6e-d874185015ef@group-14F7D0E30960-FollowerState was interrupted: java.lang.InterruptedException: sleep interrupted
2020-06-15 15:40:25,181 [c922d5df-3bd1-4669-b221-1ae7b105f951@group-14F7D0E30960-LeaderElection18] INFO  impl.LeaderElection (LeaderElection.java:logAndReturn(61)) - c922d5df-3bd1-4669-b221-1ae7b105f951@group-14F7D0E30960-LeaderElection18: Election REJECTED; received 2 response(s) [c922d5df-3bd1-4669-b221-1ae7b105f951<-bb2a17c4-da93-471c-baec-5cf2aa5cf94e#0:FAIL-t3, c922d5df-3bd1-4669-b221-1ae7b105f951<-24a75401-d909-4cbe-bf6e-d874185015ef#0:FAIL-t3] and 0 exception(s); c922d5df-3bd1-4669-b221-1ae7b105f951@group-14F7D0E30960:t3, leader=null, voted=c922d5df-3bd1-4669-b221-1ae7b105f951, raftlog=c922d5df-3bd1-4669-b221-1ae7b105f951@group-14F7D0E30960-SegmentedRaftLog:OPENED:c-1,f-1,i0, conf=-1: [bb2a17c4-da93-471c-baec-5cf2aa5cf94e:172.17.0.2:42619, 24a75401-d909-4cbe-bf6e-d874185015ef:172.17.0.2:38429, c922d5df-3bd1-4669-b221-1ae7b105f951:172.17.0.2:33715], old=null
2020-06-15 15:40:25,181 [c922d5df-3bd1-4669-b221-1ae7b105f951@group-14F7D0E30960-LeaderElection18] INFO  impl.RaftServerImpl (RaftServerImpl.java:setRole(175)) - c922d5df-3bd1-4669-b221-1ae7b105f951@group-14F7D0E30960: changes role from CANDIDATE to FOLLOWER at term 3 for DISCOVERED_A_NEW_TERM
2020-06-15 15:40:25,181 [c922d5df-3bd1-4669-b221-1ae7b105f951@group-14F7D0E30960-LeaderElection18] INFO  impl.RoleInfo (RoleInfo.java:shutdownLeaderElection(134)) - c922d5df-3bd1-4669-b221-1ae7b105f951: shutdown LeaderElection
2020-06-15 15:40:25,181 [c922d5df-3bd1-4669-b221-1ae7b105f951@group-14F7D0E30960-LeaderElection18] INFO  impl.RoleInfo (RoleInfo.java:updateAndGet(143)) - c922d5df-3bd1-4669-b221-1ae7b105f951: start FollowerState
2020-06-15 15:40:25,445 [Listener at 127.0.0.1/33397] INFO  impl.MetricsSystemImpl (MetricsSystemImpl.java:init(158)) - XceiverClientMetrics metrics system started (again)
2020-06-15 15:40:25,521 [Thread-389] INFO  impl.FollowerState (FollowerState.java:run(108)) - f695cbb9-a461-4428-8d13-756fae3d1d34@group-45C8AE79FB34-FollowerState: change to CANDIDATE, lastRpcTime:1075ms, electionTimeout:1061ms
2020-06-15 15:40:25,521 [Thread-389] INFO  impl.RoleInfo (RoleInfo.java:shutdownFollowerState(121)) - f695cbb9-a461-4428-8d13-756fae3d1d34: shutdown FollowerState
2020-06-15 15:40:25,521 [Thread-389] INFO  impl.RaftServerImpl (RaftServerImpl.java:setRole(175)) - f695cbb9-a461-4428-8d13-756fae3d1d34@group-45C8AE79FB34: changes role from  FOLLOWER to CANDIDATE at term 1 for changeToCandidate
2020-06-15 15:40:25,521 [Thread-389] INFO  impl.RoleInfo (RoleInfo.java:updateAndGet(143)) - f695cbb9-a461-4428-8d13-756fae3d1d34: start LeaderElection
2020-06-15 15:40:25,543 [f695cbb9-a461-4428-8d13-756fae3d1d34@group-45C8AE79FB34-LeaderElection19] INFO  impl.LeaderElection (LeaderElection.java:askForVotes(206)) - f695cbb9-a461-4428-8d13-756fae3d1d34@group-45C8AE79FB34-LeaderElection19: begin an election at term 2 for -1: [f695cbb9-a461-4428-8d13-756fae3d1d34:172.17.0.2:40579, 1555e715-5c6c-4e2d-b7e6-f10fa5f487d3:172.17.0.2:41221, 76787e2a-cdc9-4e9e-a68d-44f13553fe3c:172.17.0.2:37067], old=null
2020-06-15 15:40:25,552 [grpc-default-executor-4] INFO  impl.RaftServerImpl (RaftServerImpl.java:setRole(175)) - 1555e715-5c6c-4e2d-b7e6-f10fa5f487d3@group-45C8AE79FB34: changes role from  FOLLOWER to FOLLOWER at term 2 for recognizeCandidate:f695cbb9-a461-4428-8d13-756fae3d1d34
2020-06-15 15:40:25,552 [grpc-default-executor-4] INFO  impl.RoleInfo (RoleInfo.java:shutdownFollowerState(121)) - 1555e715-5c6c-4e2d-b7e6-f10fa5f487d3: shutdown FollowerState
2020-06-15 15:40:25,552 [grpc-default-executor-4] INFO  impl.RoleInfo (RoleInfo.java:updateAndGet(143)) - 1555e715-5c6c-4e2d-b7e6-f10fa5f487d3: start FollowerState
2020-06-15 15:40:25,553 [Thread-390] INFO  impl.FollowerState (FollowerState.java:run(117)) - 1555e715-5c6c-4e2d-b7e6-f10fa5f487d3@group-45C8AE79FB34-FollowerState was interrupted: java.lang.InterruptedException: sleep interrupted
2020-06-15 15:40:25,573 [f695cbb9-a461-4428-8d13-756fae3d1d34@group-45C8AE79FB34-LeaderElection19] INFO  impl.LeaderElection (LeaderElection.java:logAndReturn(61)) - f695cbb9-a461-4428-8d13-756fae3d1d34@group-45C8AE79FB34-LeaderElection19: Election PASSED; received 1 response(s) [f695cbb9-a461-4428-8d13-756fae3d1d34<-1555e715-5c6c-4e2d-b7e6-f10fa5f487d3#0:OK-t2] and 0 exception(s); f695cbb9-a461-4428-8d13-756fae3d1d34@group-45C8AE79FB34:t2, leader=null, voted=f695cbb9-a461-4428-8d13-756fae3d1d34, raftlog=f695cbb9-a461-4428-8d13-756fae3d1d34@group-45C8AE79FB34-SegmentedRaftLog:OPENED:c-1,f-1,i0, conf=-1: [f695cbb9-a461-4428-8d13-756fae3d1d34:172.17.0.2:40579, 1555e715-5c6c-4e2d-b7e6-f10fa5f487d3:172.17.0.2:41221, 76787e2a-cdc9-4e9e-a68d-44f13553fe3c:172.17.0.2:37067], old=null
2020-06-15 15:40:25,573 [f695cbb9-a461-4428-8d13-756fae3d1d34@group-45C8AE79FB34-LeaderElection19] INFO  impl.RoleInfo (RoleInfo.java:shutdownLeaderElection(134)) - f695cbb9-a461-4428-8d13-756fae3d1d34: shutdown LeaderElection
2020-06-15 15:40:25,573 [f695cbb9-a461-4428-8d13-756fae3d1d34@group-45C8AE79FB34-LeaderElection19] INFO  impl.RaftServerImpl (RaftServerImpl.java:setRole(175)) - f695cbb9-a461-4428-8d13-756fae3d1d34@group-45C8AE79FB34: changes role from CANDIDATE to LEADER at term 2 for changeToLeader
2020-06-15 15:40:25,573 [f695cbb9-a461-4428-8d13-756fae3d1d34@group-45C8AE79FB34-LeaderElection19] INFO  ratis.XceiverServerRatis (XceiverServerRatis.java:handleLeaderChangedNotification(762)) - Leader change notification received for group: group-45C8AE79FB34 with new leaderId: f695cbb9-a461-4428-8d13-756fae3d1d34
2020-06-15 15:40:25,574 [f695cbb9-a461-4428-8d13-756fae3d1d34@group-45C8AE79FB34-LeaderElection19] INFO  impl.RaftServerImpl (ServerState.java:setLeader(255)) - f695cbb9-a461-4428-8d13-756fae3d1d34@group-45C8AE79FB34: change Leader from null to f695cbb9-a461-4428-8d13-756fae3d1d34 at term 2 for becomeLeader, leader elected after 2712ms
2020-06-15 15:40:25,574 [f695cbb9-a461-4428-8d13-756fae3d1d34@group-45C8AE79FB34-LeaderElection19] INFO  server.RaftServerConfigKeys (ConfUtils.java:logGet(44)) - raft.server.staging.catchup.gap = 1000 (default)
2020-06-15 15:40:25,574 [f695cbb9-a461-4428-8d13-756fae3d1d34@group-45C8AE79FB34-LeaderElection19] INFO  server.RaftServerConfigKeys (ConfUtils.java:logGet(44)) - raft.server.rpc.sleep.time = 25ms (default)
2020-06-15 15:40:25,574 [f695cbb9-a461-4428-8d13-756fae3d1d34@group-45C8AE79FB34-LeaderElection19] INFO  metrics.RatisMetrics (RatisMetrics.java:lambda$create$0(36)) - Creating Metrics Registry : ratis.log_appender.f695cbb9-a461-4428-8d13-756fae3d1d34@group-45C8AE79FB34
2020-06-15 15:40:25,574 [f695cbb9-a461-4428-8d13-756fae3d1d34@group-45C8AE79FB34-LeaderElection19] INFO  server.RaftServerConfigKeys (ConfUtils.java:logGet(44)) - raft.server.write.element-limit = 1024 (custom)
2020-06-15 15:40:25,574 [f695cbb9-a461-4428-8d13-756fae3d1d34@group-45C8AE79FB34-LeaderElection19] INFO  server.RaftServerConfigKeys (ConfUtils.java:logGet(44)) - raft.server.write.byte-limit = 1073741824 (custom)
2020-06-15 15:40:25,575 [f695cbb9-a461-4428-8d13-756fae3d1d34@group-45C8AE79FB34-LeaderElection19] INFO  server.RaftServerConfigKeys (ConfUtils.java:logGet(44)) - raft.server.watch.timeout = 3s (custom)
2020-06-15 15:40:25,575 [f695cbb9-a461-4428-8d13-756fae3d1d34@group-45C8AE79FB34-LeaderElection19] INFO  server.RaftServerConfigKeys (ConfUtils.java:logGet(44)) - raft.server.watch.timeout.denomination = 1s (default)
2020-06-15 15:40:25,575 [f695cbb9-a461-4428-8d13-756fae3d1d34@group-45C8AE79FB34-LeaderElection19] INFO  server.RaftServerConfigKeys (ConfUtils.java:logGet(44)) - raft.server.watch.element-limit = 65536 (default)
2020-06-15 15:40:25,575 [f695cbb9-a461-4428-8d13-756fae3d1d34@group-45C8AE79FB34-LeaderElection19] INFO  server.RaftServerConfigKeys (ConfUtils.java:logGet(44)) - raft.server.log.appender.snapshot.chunk.size.max = 16MB (=16777216) (default)
2020-06-15 15:40:25,575 [f695cbb9-a461-4428-8d13-756fae3d1d34@group-45C8AE79FB34-LeaderElection19] INFO  server.RaftServerConfigKeys (ConfUtils.java:logGet(44)) - raft.server.log.appender.buffer.byte-limit = 33554432 (custom)
2020-06-15 15:40:25,575 [f695cbb9-a461-4428-8d13-756fae3d1d34@group-45C8AE79FB34-LeaderElection19] INFO  server.RaftServerConfigKeys (ConfUtils.java:logGet(44)) - raft.server.log.appender.buffer.element-limit = 1 (custom)
2020-06-15 15:40:25,575 [f695cbb9-a461-4428-8d13-756fae3d1d34@group-45C8AE79FB34-LeaderElection19] INFO  grpc.GrpcConfigKeys (ConfUtils.java:logGet(44)) - raft.grpc.server.leader.outstanding.appends.max = 128 (default)
2020-06-15 15:40:25,576 [f695cbb9-a461-4428-8d13-756fae3d1d34@group-45C8AE79FB34-LeaderElection19] INFO  server.RaftServerConfigKeys (ConfUtils.java:logGet(44)) - raft.server.rpc.request.timeout = 3s (default)
2020-06-15 15:40:25,576 [EventQueue-PipelineReportForPipelineReportHandler] INFO  pipeline.PipelineStateManager (PipelineStateManager.java:openPipeline(131)) - Pipeline Pipeline[ Id: 7efe5cd7-55cc-4aa9-9f53-45c8ae79fb34, Nodes: f695cbb9-a461-4428-8d13-756fae3d1d34{ip: 172.17.0.2, host: dd6acf296020, networkLocation: /default-rack, certSerialId: null}76787e2a-cdc9-4e9e-a68d-44f13553fe3c{ip: 172.17.0.2, host: dd6acf296020, networkLocation: /default-rack, certSerialId: null}1555e715-5c6c-4e2d-b7e6-f10fa5f487d3{ip: 172.17.0.2, host: dd6acf296020, networkLocation: /default-rack, certSerialId: null}, Type:RATIS, Factor:THREE, State:ALLOCATED, leaderId:f695cbb9-a461-4428-8d13-756fae3d1d34, CreationTimestamp2020-06-15T15:40:19.871Z] moved to OPEN state
2020-06-15 15:40:25,581 [grpc-default-executor-1] INFO  impl.RaftServerImpl (RaftServerImpl.java:setRole(175)) - 76787e2a-cdc9-4e9e-a68d-44f13553fe3c@group-45C8AE79FB34: changes role from  FOLLOWER to FOLLOWER at term 2 for recognizeCandidate:f695cbb9-a461-4428-8d13-756fae3d1d34
2020-06-15 15:40:25,581 [grpc-default-executor-1] INFO  impl.RoleInfo (RoleInfo.java:shutdownFollowerState(121)) - 76787e2a-cdc9-4e9e-a68d-44f13553fe3c: shutdown FollowerState
2020-06-15 15:40:25,582 [grpc-default-executor-1] INFO  impl.RoleInfo (RoleInfo.java:updateAndGet(143)) - 76787e2a-cdc9-4e9e-a68d-44f13553fe3c: start FollowerState
2020-06-15 15:40:25,582 [Thread-391] INFO  impl.FollowerState (FollowerState.java:run(117)) - 76787e2a-cdc9-4e9e-a68d-44f13553fe3c@group-45C8AE79FB34-FollowerState was interrupted: java.lang.InterruptedException: sleep interrupted
2020-06-15 15:40:25,576 [f695cbb9-a461-4428-8d13-756fae3d1d34@group-45C8AE79FB34-LeaderElection19] INFO  server.RaftServerConfigKeys (ConfUtils.java:logGet(44)) - raft.server.log.appender.install.snapshot.enabled = false (custom)
2020-06-15 15:40:25,593 [f695cbb9-a461-4428-8d13-756fae3d1d34@group-45C8AE79FB34-LeaderElection19] INFO  metrics.RatisMetrics (RatisMetrics.java:lambda$create$0(36)) - Creating Metrics Registry : ratis_grpc.log_appender.f695cbb9-a461-4428-8d13-756fae3d1d34@group-45C8AE79FB34
2020-06-15 15:40:25,594 [f695cbb9-a461-4428-8d13-756fae3d1d34@group-45C8AE79FB34-LeaderElection19] INFO  server.RaftServerConfigKeys (ConfUtils.java:logGet(44)) - raft.server.log.appender.snapshot.chunk.size.max = 16MB (=16777216) (default)
2020-06-15 15:40:25,594 [f695cbb9-a461-4428-8d13-756fae3d1d34@group-45C8AE79FB34-LeaderElection19] INFO  server.RaftServerConfigKeys (ConfUtils.java:logGet(44)) - raft.server.log.appender.buffer.byte-limit = 33554432 (custom)
2020-06-15 15:40:25,594 [f695cbb9-a461-4428-8d13-756fae3d1d34@group-45C8AE79FB34-LeaderElection19] INFO  server.RaftServerConfigKeys (ConfUtils.java:logGet(44)) - raft.server.log.appender.buffer.element-limit = 1 (custom)
2020-06-15 15:40:25,594 [f695cbb9-a461-4428-8d13-756fae3d1d34@group-45C8AE79FB34-LeaderElection19] INFO  grpc.GrpcConfigKeys (ConfUtils.java:logGet(44)) - raft.grpc.server.leader.outstanding.appends.max = 128 (default)
2020-06-15 15:40:25,594 [f695cbb9-a461-4428-8d13-756fae3d1d34@group-45C8AE79FB34-LeaderElection19] INFO  server.RaftServerConfigKeys (ConfUtils.java:logGet(44)) - raft.server.rpc.request.timeout = 3s (default)
2020-06-15 15:40:25,594 [f695cbb9-a461-4428-8d13-756fae3d1d34@group-45C8AE79FB34-LeaderElection19] INFO  server.RaftServerConfigKeys (ConfUtils.java:logGet(44)) - raft.server.log.appender.install.snapshot.enabled = false (custom)
2020-06-15 15:40:25,595 [f695cbb9-a461-4428-8d13-756fae3d1d34@group-45C8AE79FB34-LeaderElection19] INFO  impl.RoleInfo (RoleInfo.java:updateAndGet(143)) - f695cbb9-a461-4428-8d13-756fae3d1d34: start LeaderState
2020-06-15 15:40:25,595 [f695cbb9-a461-4428-8d13-756fae3d1d34@group-45C8AE79FB34-LeaderElection19] INFO  segmented.SegmentedRaftLogWorker (SegmentedRaftLogWorker.java:startLogSegment(397)) - f695cbb9-a461-4428-8d13-756fae3d1d34@group-45C8AE79FB34-SegmentedRaftLogWorker: Starting segment from index:0
2020-06-15 15:40:25,596 [f695cbb9-a461-4428-8d13-756fae3d1d34@group-45C8AE79FB34-SegmentedRaftLogWorker] INFO  segmented.SegmentedRaftLogWorker (SegmentedRaftLogWorker.java:execute(596)) - f695cbb9-a461-4428-8d13-756fae3d1d34@group-45C8AE79FB34-SegmentedRaftLogWorker: created new log segment /github/workspace/mnt/ozone/hadoop-ozone/integration-test/target/test-dir/MiniOzoneClusterImpl-821e280a-19ea-4536-9ce4-db87e8de49a0/datanode-6/data/ratis/7efe5cd7-55cc-4aa9-9f53-45c8ae79fb34/current/log_inprogress_0
2020-06-15 15:40:25,599 [f695cbb9-a461-4428-8d13-756fae3d1d34@group-45C8AE79FB34-LeaderElection19] INFO  impl.RaftServerImpl (ServerState.java:setRaftConf(356)) - f695cbb9-a461-4428-8d13-756fae3d1d34@group-45C8AE79FB34: set configuration 0: [f695cbb9-a461-4428-8d13-756fae3d1d34:172.17.0.2:40579, 1555e715-5c6c-4e2d-b7e6-f10fa5f487d3:172.17.0.2:41221, 76787e2a-cdc9-4e9e-a68d-44f13553fe3c:172.17.0.2:37067], old=null at 0
2020-06-15 15:40:25,622 [grpc-default-executor-1] INFO  ratis.XceiverServerRatis (XceiverServerRatis.java:handleLeaderChangedNotification(762)) - Leader change notification received for group: group-45C8AE79FB34 with new leaderId: f695cbb9-a461-4428-8d13-756fae3d1d34
2020-06-15 15:40:25,622 [grpc-default-executor-1] INFO  impl.RaftServerImpl (ServerState.java:setLeader(255)) - 1555e715-5c6c-4e2d-b7e6-f10fa5f487d3@group-45C8AE79FB34: change Leader from null to f695cbb9-a461-4428-8d13-756fae3d1d34 at term 2 for appendEntries, leader elected after 2617ms
2020-06-15 15:40:25,627 [grpc-default-executor-1] INFO  impl.RaftServerImpl (ServerState.java:setRaftConf(356)) - 1555e715-5c6c-4e2d-b7e6-f10fa5f487d3@group-45C8AE79FB34: set configuration 0: [f695cbb9-a461-4428-8d13-756fae3d1d34:172.17.0.2:40579, 1555e715-5c6c-4e2d-b7e6-f10fa5f487d3:172.17.0.2:41221, 76787e2a-cdc9-4e9e-a68d-44f13553fe3c:172.17.0.2:37067], old=null at 0
2020-06-15 15:40:25,627 [grpc-default-executor-1] INFO  segmented.SegmentedRaftLogWorker (SegmentedRaftLogWorker.java:startLogSegment(397)) - 1555e715-5c6c-4e2d-b7e6-f10fa5f487d3@group-45C8AE79FB34-SegmentedRaftLogWorker: Starting segment from index:0
2020-06-15 15:40:25,629 [1555e715-5c6c-4e2d-b7e6-f10fa5f487d3@group-45C8AE79FB34-SegmentedRaftLogWorker] INFO  segmented.SegmentedRaftLogWorker (SegmentedRaftLogWorker.java:execute(596)) - 1555e715-5c6c-4e2d-b7e6-f10fa5f487d3@group-45C8AE79FB34-SegmentedRaftLogWorker: created new log segment /github/workspace/mnt/ozone/hadoop-ozone/integration-test/target/test-dir/MiniOzoneClusterImpl-821e280a-19ea-4536-9ce4-db87e8de49a0/datanode-8/data/ratis/7efe5cd7-55cc-4aa9-9f53-45c8ae79fb34/current/log_inprogress_0
2020-06-15 15:40:25,631 [grpc-default-executor-1] INFO  ratis.XceiverServerRatis (XceiverServerRatis.java:handleLeaderChangedNotification(762)) - Leader change notification received for group: group-45C8AE79FB34 with new leaderId: f695cbb9-a461-4428-8d13-756fae3d1d34
2020-06-15 15:40:25,631 [grpc-default-executor-1] INFO  impl.RaftServerImpl (ServerState.java:setLeader(255)) - 76787e2a-cdc9-4e9e-a68d-44f13553fe3c@group-45C8AE79FB34: change Leader from null to f695cbb9-a461-4428-8d13-756fae3d1d34 at term 2 for appendEntries, leader elected after 2682ms
2020-06-15 15:40:25,637 [grpc-default-executor-1] INFO  impl.RaftServerImpl (ServerState.java:setRaftConf(356)) - 76787e2a-cdc9-4e9e-a68d-44f13553fe3c@group-45C8AE79FB34: set configuration 0: [f695cbb9-a461-4428-8d13-756fae3d1d34:172.17.0.2:40579, 1555e715-5c6c-4e2d-b7e6-f10fa5f487d3:172.17.0.2:41221, 76787e2a-cdc9-4e9e-a68d-44f13553fe3c:172.17.0.2:37067], old=null at 0
2020-06-15 15:40:25,637 [grpc-default-executor-1] INFO  segmented.SegmentedRaftLogWorker (SegmentedRaftLogWorker.java:startLogSegment(397)) - 76787e2a-cdc9-4e9e-a68d-44f13553fe3c@group-45C8AE79FB34-SegmentedRaftLogWorker: Starting segment from index:0
2020-06-15 15:40:25,648 [76787e2a-cdc9-4e9e-a68d-44f13553fe3c@group-45C8AE79FB34-SegmentedRaftLogWorker] INFO  segmented.SegmentedRaftLogWorker (SegmentedRaftLogWorker.java:execute(596)) - 76787e2a-cdc9-4e9e-a68d-44f13553fe3c@group-45C8AE79FB34-SegmentedRaftLogWorker: created new log segment /github/workspace/mnt/ozone/hadoop-ozone/integration-test/target/test-dir/MiniOzoneClusterImpl-821e280a-19ea-4536-9ce4-db87e8de49a0/datanode-7/data/ratis/7efe5cd7-55cc-4aa9-9f53-45c8ae79fb34/current/log_inprogress_0
2020-06-15 15:40:26,193 [Thread-403] INFO  impl.FollowerState (FollowerState.java:run(108)) - c922d5df-3bd1-4669-b221-1ae7b105f951@group-14F7D0E30960-FollowerState: change to CANDIDATE, lastRpcTime:1011ms, electionTimeout:1000ms
2020-06-15 15:40:26,193 [Thread-403] INFO  impl.RoleInfo (RoleInfo.java:shutdownFollowerState(121)) - c922d5df-3bd1-4669-b221-1ae7b105f951: shutdown FollowerState
2020-06-15 15:40:26,193 [Thread-403] INFO  impl.RaftServerImpl (RaftServerImpl.java:setRole(175)) - c922d5df-3bd1-4669-b221-1ae7b105f951@group-14F7D0E30960: changes role from  FOLLOWER to CANDIDATE at term 3 for changeToCandidate
2020-06-15 15:40:26,193 [Thread-403] INFO  impl.RoleInfo (RoleInfo.java:updateAndGet(143)) - c922d5df-3bd1-4669-b221-1ae7b105f951: start LeaderElection
2020-06-15 15:40:26,196 [c922d5df-3bd1-4669-b221-1ae7b105f951@group-14F7D0E30960-LeaderElection20] INFO  impl.LeaderElection (LeaderElection.java:askForVotes(206)) - c922d5df-3bd1-4669-b221-1ae7b105f951@group-14F7D0E30960-LeaderElection20: begin an election at term 4 for -1: [bb2a17c4-da93-471c-baec-5cf2aa5cf94e:172.17.0.2:42619, 24a75401-d909-4cbe-bf6e-d874185015ef:172.17.0.2:38429, c922d5df-3bd1-4669-b221-1ae7b105f951:172.17.0.2:33715], old=null
2020-06-15 15:40:26,201 [grpc-default-executor-1] INFO  impl.RaftServerImpl (RaftServerImpl.java:setRole(175)) - bb2a17c4-da93-471c-baec-5cf2aa5cf94e@group-14F7D0E30960: changes role from  FOLLOWER to FOLLOWER at term 4 for recognizeCandidate:c922d5df-3bd1-4669-b221-1ae7b105f951
2020-06-15 15:40:26,201 [grpc-default-executor-1] INFO  impl.RoleInfo (RoleInfo.java:shutdownFollowerState(121)) - bb2a17c4-da93-471c-baec-5cf2aa5cf94e: shutdown FollowerState
2020-06-15 15:40:26,201 [grpc-default-executor-1] INFO  impl.RoleInfo (RoleInfo.java:updateAndGet(143)) - bb2a17c4-da93-471c-baec-5cf2aa5cf94e: start FollowerState
2020-06-15 15:40:26,201 [Thread-401] INFO  impl.FollowerState (FollowerState.java:run(117)) - bb2a17c4-da93-471c-baec-5cf2aa5cf94e@group-14F7D0E30960-FollowerState was interrupted: java.lang.InterruptedException: sleep interrupted
2020-06-15 15:40:26,201 [grpc-default-executor-4] INFO  impl.RaftServerImpl (RaftServerImpl.java:setRole(175)) - 24a75401-d909-4cbe-bf6e-d874185015ef@group-14F7D0E30960: changes role from  FOLLOWER to FOLLOWER at term 4 for recognizeCandidate:c922d5df-3bd1-4669-b221-1ae7b105f951
2020-06-15 15:40:26,202 [grpc-default-executor-4] INFO  impl.RoleInfo (RoleInfo.java:shutdownFollowerState(121)) - 24a75401-d909-4cbe-bf6e-d874185015ef: shutdown FollowerState
2020-06-15 15:40:26,203 [grpc-default-executor-4] INFO  impl.RoleInfo (RoleInfo.java:updateAndGet(143)) - 24a75401-d909-4cbe-bf6e-d874185015ef: start FollowerState
2020-06-15 15:40:26,206 [c922d5df-3bd1-4669-b221-1ae7b105f951@group-14F7D0E30960-LeaderElection20] INFO  impl.LeaderElection (LeaderElection.java:logAndReturn(61)) - c922d5df-3bd1-4669-b221-1ae7b105f951@group-14F7D0E30960-LeaderElection20: Election REJECTED; received 2 response(s) [c922d5df-3bd1-4669-b221-1ae7b105f951<-bb2a17c4-da93-471c-baec-5cf2aa5cf94e#0:FAIL-t4, c922d5df-3bd1-4669-b221-1ae7b105f951<-24a75401-d909-4cbe-bf6e-d874185015ef#0:FAIL-t4] and 0 exception(s); c922d5df-3bd1-4669-b221-1ae7b105f951@group-14F7D0E30960:t4, leader=null, voted=c922d5df-3bd1-4669-b221-1ae7b105f951, raftlog=c922d5df-3bd1-4669-b221-1ae7b105f951@group-14F7D0E30960-SegmentedRaftLog:OPENED:c-1,f-1,i0, conf=-1: [bb2a17c4-da93-471c-baec-5cf2aa5cf94e:172.17.0.2:42619, 24a75401-d909-4cbe-bf6e-d874185015ef:172.17.0.2:38429, c922d5df-3bd1-4669-b221-1ae7b105f951:172.17.0.2:33715], old=null
2020-06-15 15:40:26,206 [c922d5df-3bd1-4669-b221-1ae7b105f951@group-14F7D0E30960-LeaderElection20] INFO  impl.RaftServerImpl (RaftServerImpl.java:setRole(175)) - c922d5df-3bd1-4669-b221-1ae7b105f951@group-14F7D0E30960: changes role from CANDIDATE to FOLLOWER at term 4 for DISCOVERED_A_NEW_TERM
2020-06-15 15:40:26,206 [c922d5df-3bd1-4669-b221-1ae7b105f951@group-14F7D0E30960-LeaderElection20] INFO  impl.RoleInfo (RoleInfo.java:shutdownLeaderElection(134)) - c922d5df-3bd1-4669-b221-1ae7b105f951: shutdown LeaderElection
2020-06-15 15:40:26,206 [c922d5df-3bd1-4669-b221-1ae7b105f951@group-14F7D0E30960-LeaderElection20] INFO  impl.RoleInfo (RoleInfo.java:updateAndGet(143)) - c922d5df-3bd1-4669-b221-1ae7b105f951: start FollowerState
2020-06-15 15:40:26,208 [Thread-402] INFO  impl.FollowerState (FollowerState.java:run(117)) - 24a75401-d909-4cbe-bf6e-d874185015ef@group-14F7D0E30960-FollowerState was interrupted: java.lang.InterruptedException: sleep interrupted
2020-06-15 15:40:26,592 [EventQueue-Delayed safe mode statusForReplicationManager] INFO  container.ReplicationManager (ReplicationManager.java:start(176)) - Starting Replication Monitor Thread.
2020-06-15 15:40:26,596 [ReplicationMonitor] INFO  container.ReplicationManager (ReplicationManager.java:run(240)) - Replication Monitor Thread took 3 milliseconds for processing 5 containers.
2020-06-15 15:40:26,596 [EventQueue-CloseContainerForCloseContainerEventHandler] INFO  container.CloseContainerEventHandler (CloseContainerEventHandler.java:onMessage(61)) - Close container Event triggered for container : #5
2020-06-15 15:40:26,597 [EventQueue-CloseContainerForCloseContainerEventHandler] INFO  container.CloseContainerEventHandler (CloseContainerEventHandler.java:onMessage(61)) - Close container Event triggered for container : #1
2020-06-15 15:40:26,598 [EventQueue-CloseContainerForCloseContainerEventHandler] INFO  container.CloseContainerEventHandler (CloseContainerEventHandler.java:onMessage(61)) - Close container Event triggered for container : #2
2020-06-15 15:40:26,598 [EventQueue-CloseContainerForCloseContainerEventHandler] INFO  container.CloseContainerEventHandler (CloseContainerEventHandler.java:onMessage(61)) - Close container Event triggered for container : #3
2020-06-15 15:40:26,598 [EventQueue-CloseContainerForCloseContainerEventHandler] INFO  container.CloseContainerEventHandler (CloseContainerEventHandler.java:onMessage(61)) - Close container Event triggered for container : #4
2020-06-15 15:40:27,245 [Thread-428] INFO  impl.FollowerState (FollowerState.java:run(108)) - 24a75401-d909-4cbe-bf6e-d874185015ef@group-14F7D0E30960-FollowerState: change to CANDIDATE, lastRpcTime:1041ms, electionTimeout:1037ms
2020-06-15 15:40:27,245 [Thread-428] INFO  impl.RoleInfo (RoleInfo.java:shutdownFollowerState(121)) - 24a75401-d909-4cbe-bf6e-d874185015ef: shutdown FollowerState
2020-06-15 15:40:27,245 [Thread-428] INFO  impl.RaftServerImpl (RaftServerImpl.java:setRole(175)) - 24a75401-d909-4cbe-bf6e-d874185015ef@group-14F7D0E30960: changes role from  FOLLOWER to CANDIDATE at term 4 for changeToCandidate
2020-06-15 15:40:27,245 [Thread-428] INFO  impl.RoleInfo (RoleInfo.java:updateAndGet(143)) - 24a75401-d909-4cbe-bf6e-d874185015ef: start LeaderElection
2020-06-15 15:40:27,250 [24a75401-d909-4cbe-bf6e-d874185015ef@group-14F7D0E30960-LeaderElection21] INFO  impl.LeaderElection (LeaderElection.java:askForVotes(206)) - 24a75401-d909-4cbe-bf6e-d874185015ef@group-14F7D0E30960-LeaderElection21: begin an election at term 5 for 0: [bb2a17c4-da93-471c-baec-5cf2aa5cf94e:172.17.0.2:42619, 24a75401-d909-4cbe-bf6e-d874185015ef:172.17.0.2:38429, c922d5df-3bd1-4669-b221-1ae7b105f951:172.17.0.2:33715], old=null
2020-06-15 15:40:27,257 [grpc-default-executor-1] INFO  impl.RaftServerImpl (RaftServerImpl.java:setRole(175)) - bb2a17c4-da93-471c-baec-5cf2aa5cf94e@group-14F7D0E30960: changes role from  FOLLOWER to FOLLOWER at term 5 for recognizeCandidate:24a75401-d909-4cbe-bf6e-d874185015ef
2020-06-15 15:40:27,257 [grpc-default-executor-1] INFO  impl.RoleInfo (RoleInfo.java:shutdownFollowerState(121)) - bb2a17c4-da93-471c-baec-5cf2aa5cf94e: shutdown FollowerState
2020-06-15 15:40:27,257 [grpc-default-executor-1] INFO  impl.RoleInfo (RoleInfo.java:updateAndGet(143)) - bb2a17c4-da93-471c-baec-5cf2aa5cf94e: start FollowerState
2020-06-15 15:40:27,257 [Thread-427] INFO  impl.FollowerState (FollowerState.java:run(117)) - bb2a17c4-da93-471c-baec-5cf2aa5cf94e@group-14F7D0E30960-FollowerState was interrupted: java.lang.InterruptedException: sleep interrupted
2020-06-15 15:40:27,267 [grpc-default-executor-1] INFO  impl.RaftServerImpl (RaftServerImpl.java:setRole(175)) - c922d5df-3bd1-4669-b221-1ae7b105f951@group-14F7D0E30960: changes role from  FOLLOWER to FOLLOWER at term 5 for recognizeCandidate:24a75401-d909-4cbe-bf6e-d874185015ef
2020-06-15 15:40:27,268 [grpc-default-executor-1] INFO  impl.RoleInfo (RoleInfo.java:shutdownFollowerState(121)) - c922d5df-3bd1-4669-b221-1ae7b105f951: shutdown FollowerState
2020-06-15 15:40:27,268 [Thread-429] INFO  impl.FollowerState (FollowerState.java:run(117)) - c922d5df-3bd1-4669-b221-1ae7b105f951@group-14F7D0E30960-FollowerState was interrupted: java.lang.InterruptedException: sleep interrupted
2020-06-15 15:40:27,268 [grpc-default-executor-1] INFO  impl.RoleInfo (RoleInfo.java:updateAndGet(143)) - c922d5df-3bd1-4669-b221-1ae7b105f951: start FollowerState
2020-06-15 15:40:27,272 [24a75401-d909-4cbe-bf6e-d874185015ef@group-14F7D0E30960-LeaderElection21] INFO  impl.LeaderElection (LeaderElection.java:logAndReturn(61)) - 24a75401-d909-4cbe-bf6e-d874185015ef@group-14F7D0E30960-LeaderElection21: Election PASSED; received 1 response(s) [24a75401-d909-4cbe-bf6e-d874185015ef<-bb2a17c4-da93-471c-baec-5cf2aa5cf94e#0:OK-t5] and 0 exception(s); 24a75401-d909-4cbe-bf6e-d874185015ef@group-14F7D0E30960:t5, leader=null, voted=24a75401-d909-4cbe-bf6e-d874185015ef, raftlog=24a75401-d909-4cbe-bf6e-d874185015ef@group-14F7D0E30960-SegmentedRaftLog:OPENED:c-1,f0,i0, conf=0: [bb2a17c4-da93-471c-baec-5cf2aa5cf94e:172.17.0.2:42619, 24a75401-d909-4cbe-bf6e-d874185015ef:172.17.0.2:38429, c922d5df-3bd1-4669-b221-1ae7b105f951:172.17.0.2:33715], old=null
2020-06-15 15:40:27,272 [24a75401-d909-4cbe-bf6e-d874185015ef@group-14F7D0E30960-LeaderElection21] INFO  impl.RoleInfo (RoleInfo.java:shutdownLeaderElection(134)) - 24a75401-d909-4cbe-bf6e-d874185015ef: shutdown LeaderElection
2020-06-15 15:40:27,273 [24a75401-d909-4cbe-bf6e-d874185015ef@group-14F7D0E30960-LeaderElection21] INFO  impl.RaftServerImpl (RaftServerImpl.java:setRole(175)) - 24a75401-d909-4cbe-bf6e-d874185015ef@group-14F7D0E30960: changes role from CANDIDATE to LEADER at term 5 for changeToLeader
2020-06-15 15:40:27,273 [24a75401-d909-4cbe-bf6e-d874185015ef@group-14F7D0E30960-LeaderElection21] INFO  ratis.XceiverServerRatis (XceiverServerRatis.java:handleLeaderChangedNotification(762)) - Leader change notification received for group: group-14F7D0E30960 with new leaderId: 24a75401-d909-4cbe-bf6e-d874185015ef
2020-06-15 15:40:27,273 [24a75401-d909-4cbe-bf6e-d874185015ef@group-14F7D0E30960-LeaderElection21] INFO  impl.RaftServerImpl (ServerState.java:setLeader(255)) - 24a75401-d909-4cbe-bf6e-d874185015ef@group-14F7D0E30960: change Leader from null to 24a75401-d909-4cbe-bf6e-d874185015ef at term 5 for becomeLeader, leader elected after 2881ms
2020-06-15 15:40:27,273 [24a75401-d909-4cbe-bf6e-d874185015ef@group-14F7D0E30960-LeaderElection21] INFO  server.RaftServerConfigKeys (ConfUtils.java:logGet(44)) - raft.server.staging.catchup.gap = 1000 (default)
2020-06-15 15:40:27,273 [24a75401-d909-4cbe-bf6e-d874185015ef@group-14F7D0E30960-LeaderElection21] INFO  server.RaftServerConfigKeys (ConfUtils.java:logGet(44)) - raft.server.rpc.sleep.time = 25ms (default)
2020-06-15 15:40:27,273 [24a75401-d909-4cbe-bf6e-d874185015ef@group-14F7D0E30960-LeaderElection21] INFO  metrics.RatisMetrics (RatisMetrics.java:lambda$create$0(36)) - Creating Metrics Registry : ratis.log_appender.24a75401-d909-4cbe-bf6e-d874185015ef@group-14F7D0E30960
2020-06-15 15:40:27,273 [24a75401-d909-4cbe-bf6e-d874185015ef@group-14F7D0E30960-LeaderElection21] INFO  server.RaftServerConfigKeys (ConfUtils.java:logGet(44)) - raft.server.write.element-limit = 1024 (custom)
2020-06-15 15:40:27,273 [24a75401-d909-4cbe-bf6e-d874185015ef@group-14F7D0E30960-LeaderElection21] INFO  server.RaftServerConfigKeys (ConfUtils.java:logGet(44)) - raft.server.write.byte-limit = 1073741824 (custom)
2020-06-15 15:40:27,275 [24a75401-d909-4cbe-bf6e-d874185015ef@group-14F7D0E30960-LeaderElection21] INFO  server.RaftServerConfigKeys (ConfUtils.java:logGet(44)) - raft.server.watch.timeout = 3s (custom)
2020-06-15 15:40:27,275 [24a75401-d909-4cbe-bf6e-d874185015ef@group-14F7D0E30960-LeaderElection21] INFO  server.RaftServerConfigKeys (ConfUtils.java:logGet(44)) - raft.server.watch.timeout.denomination = 1s (default)
2020-06-15 15:40:27,275 [24a75401-d909-4cbe-bf6e-d874185015ef@group-14F7D0E30960-LeaderElection21] INFO  server.RaftServerConfigKeys (ConfUtils.java:logGet(44)) - raft.server.watch.element-limit = 65536 (default)
2020-06-15 15:40:27,275 [24a75401-d909-4cbe-bf6e-d874185015ef@group-14F7D0E30960-LeaderElection21] INFO  server.RaftServerConfigKeys (ConfUtils.java:logGet(44)) - raft.server.log.appender.snapshot.chunk.size.max = 16MB (=16777216) (default)
2020-06-15 15:40:27,275 [24a75401-d909-4cbe-bf6e-d874185015ef@group-14F7D0E30960-LeaderElection21] INFO  server.RaftServerConfigKeys (ConfUtils.java:logGet(44)) - raft.server.log.appender.buffer.byte-limit = 33554432 (custom)
2020-06-15 15:40:27,275 [24a75401-d909-4cbe-bf6e-d874185015ef@group-14F7D0E30960-LeaderElection21] INFO  server.RaftServerConfigKeys (ConfUtils.java:logGet(44)) - raft.server.log.appender.buffer.element-limit = 1 (custom)
2020-06-15 15:40:27,275 [24a75401-d909-4cbe-bf6e-d874185015ef@group-14F7D0E30960-LeaderElection21] INFO  grpc.GrpcConfigKeys (ConfUtils.java:logGet(44)) - raft.grpc.server.leader.outstanding.appends.max = 128 (default)
2020-06-15 15:40:27,276 [24a75401-d909-4cbe-bf6e-d874185015ef@group-14F7D0E30960-LeaderElection21] INFO  server.RaftServerConfigKeys (ConfUtils.java:logGet(44)) - raft.server.rpc.request.timeout = 3s (default)
2020-06-15 15:40:27,276 [24a75401-d909-4cbe-bf6e-d874185015ef@group-14F7D0E30960-LeaderElection21] INFO  server.RaftServerConfigKeys (ConfUtils.java:logGet(44)) - raft.server.log.appender.install.snapshot.enabled = false (custom)
2020-06-15 15:40:27,276 [24a75401-d909-4cbe-bf6e-d874185015ef@group-14F7D0E30960-LeaderElection21] INFO  metrics.RatisMetrics (RatisMetrics.java:lambda$create$0(36)) - Creating Metrics Registry : ratis_grpc.log_appender.24a75401-d909-4cbe-bf6e-d874185015ef@group-14F7D0E30960
2020-06-15 15:40:27,277 [24a75401-d909-4cbe-bf6e-d874185015ef@group-14F7D0E30960-LeaderElection21] INFO  server.RaftServerConfigKeys (ConfUtils.java:logGet(44)) - raft.server.log.appender.snapshot.chunk.size.max = 16MB (=16777216) (default)
2020-06-15 15:40:27,277 [24a75401-d909-4cbe-bf6e-d874185015ef@group-14F7D0E30960-LeaderElection21] INFO  server.RaftServerConfigKeys (ConfUtils.java:logGet(44)) - raft.server.log.appender.buffer.byte-limit = 33554432 (custom)
2020-06-15 15:40:27,277 [24a75401-d909-4cbe-bf6e-d874185015ef@group-14F7D0E30960-LeaderElection21] INFO  server.RaftServerConfigKeys (ConfUtils.java:logGet(44)) - raft.server.log.appender.buffer.element-limit = 1 (custom)
2020-06-15 15:40:27,277 [24a75401-d909-4cbe-bf6e-d874185015ef@group-14F7D0E30960-LeaderElection21] INFO  grpc.GrpcConfigKeys (ConfUtils.java:logGet(44)) - raft.grpc.server.leader.outstanding.appends.max = 128 (default)
2020-06-15 15:40:27,278 [24a75401-d909-4cbe-bf6e-d874185015ef@group-14F7D0E30960-LeaderElection21] INFO  server.RaftServerConfigKeys (ConfUtils.java:logGet(44)) - raft.server.rpc.request.timeout = 3s (default)
2020-06-15 15:40:27,282 [24a75401-d909-4cbe-bf6e-d874185015ef@group-14F7D0E30960-LeaderElection21] INFO  server.RaftServerConfigKeys (ConfUtils.java:logGet(44)) - raft.server.log.appender.install.snapshot.enabled = false (custom)
2020-06-15 15:40:27,284 [24a75401-d909-4cbe-bf6e-d874185015ef@group-14F7D0E30960-LeaderElection21] INFO  impl.RoleInfo (RoleInfo.java:updateAndGet(143)) - 24a75401-d909-4cbe-bf6e-d874185015ef: start LeaderState
2020-06-15 15:40:27,288 [24a75401-d909-4cbe-bf6e-d874185015ef@group-14F7D0E30960-LeaderElection21] INFO  segmented.SegmentedRaftLogWorker (SegmentedRaftLogWorker.java:rollLogSegment(402)) - 24a75401-d909-4cbe-bf6e-d874185015ef@group-14F7D0E30960-SegmentedRaftLogWorker: Rolling segment log-0_0 to index:0
2020-06-15 15:40:27,289 [24a75401-d909-4cbe-bf6e-d874185015ef@group-14F7D0E30960-SegmentedRaftLogWorker] INFO  segmented.SegmentedRaftLogWorker (SegmentedRaftLogWorker.java:execute(553)) - 24a75401-d909-4cbe-bf6e-d874185015ef@group-14F7D0E30960-SegmentedRaftLogWorker: Rolled log segment from /github/workspace/mnt/ozone/hadoop-ozone/integration-test/target/test-dir/MiniOzoneClusterImpl-821e280a-19ea-4536-9ce4-db87e8de49a0/datanode-5/data/ratis/a92e5d60-6bd7-4a35-8c33-14f7d0e30960/current/log_inprogress_0 to /github/workspace/mnt/ozone/hadoop-ozone/integration-test/target/test-dir/MiniOzoneClusterImpl-821e280a-19ea-4536-9ce4-db87e8de49a0/datanode-5/data/ratis/a92e5d60-6bd7-4a35-8c33-14f7d0e30960/current/log_0-0
2020-06-15 15:40:27,291 [24a75401-d909-4cbe-bf6e-d874185015ef@group-14F7D0E30960-SegmentedRaftLogWorker] INFO  segmented.SegmentedRaftLogWorker (SegmentedRaftLogWorker.java:execute(596)) - 24a75401-d909-4cbe-bf6e-d874185015ef@group-14F7D0E30960-SegmentedRaftLogWorker: created new log segment /github/workspace/mnt/ozone/hadoop-ozone/integration-test/target/test-dir/MiniOzoneClusterImpl-821e280a-19ea-4536-9ce4-db87e8de49a0/datanode-5/data/ratis/a92e5d60-6bd7-4a35-8c33-14f7d0e30960/current/log_inprogress_1
2020-06-15 15:40:27,296 [grpc-default-executor-4] INFO  ratis.XceiverServerRatis (XceiverServerRatis.java:handleLeaderChangedNotification(762)) - Leader change notification received for group: group-14F7D0E30960 with new leaderId: 24a75401-d909-4cbe-bf6e-d874185015ef
2020-06-15 15:40:27,305 [grpc-default-executor-4] INFO  impl.RaftServerImpl (ServerState.java:setLeader(255)) - bb2a17c4-da93-471c-baec-5cf2aa5cf94e@group-14F7D0E30960: change Leader from null to 24a75401-d909-4cbe-bf6e-d874185015ef at term 5 for appendEntries, leader elected after 3071ms
2020-06-15 15:40:27,297 [24a75401-d909-4cbe-bf6e-d874185015ef@group-14F7D0E30960-LeaderElection21] INFO  impl.RaftServerImpl (ServerState.java:setRaftConf(356)) - 24a75401-d909-4cbe-bf6e-d874185015ef@group-14F7D0E30960: set configuration 1: [bb2a17c4-da93-471c-baec-5cf2aa5cf94e:172.17.0.2:42619, 24a75401-d909-4cbe-bf6e-d874185015ef:172.17.0.2:38429, c922d5df-3bd1-4669-b221-1ae7b105f951:172.17.0.2:33715], old=null at 1
2020-06-15 15:40:27,305 [grpc-default-executor-4] INFO  impl.RaftServerImpl (ServerState.java:setRaftConf(356)) - bb2a17c4-da93-471c-baec-5cf2aa5cf94e@group-14F7D0E30960: set configuration 1: [bb2a17c4-da93-471c-baec-5cf2aa5cf94e:172.17.0.2:42619, 24a75401-d909-4cbe-bf6e-d874185015ef:172.17.0.2:38429, c922d5df-3bd1-4669-b221-1ae7b105f951:172.17.0.2:33715], old=null at 1
2020-06-15 15:40:27,306 [grpc-default-executor-4] INFO  segmented.SegmentedRaftLogWorker (SegmentedRaftLogWorker.java:rollLogSegment(402)) - bb2a17c4-da93-471c-baec-5cf2aa5cf94e@group-14F7D0E30960-SegmentedRaftLogWorker: Rolling segment log-0_0 to index:0
2020-06-15 15:40:27,306 [bb2a17c4-da93-471c-baec-5cf2aa5cf94e@group-14F7D0E30960-SegmentedRaftLogWorker] INFO  segmented.SegmentedRaftLogWorker (SegmentedRaftLogWorker.java:execute(553)) - bb2a17c4-da93-471c-baec-5cf2aa5cf94e@group-14F7D0E30960-SegmentedRaftLogWorker: Rolled log segment from /github/workspace/mnt/ozone/hadoop-ozone/integration-test/target/test-dir/MiniOzoneClusterImpl-821e280a-19ea-4536-9ce4-db87e8de49a0/datanode-3/data/ratis/a92e5d60-6bd7-4a35-8c33-14f7d0e30960/current/log_inprogress_0 to /github/workspace/mnt/ozone/hadoop-ozone/integration-test/target/test-dir/MiniOzoneClusterImpl-821e280a-19ea-4536-9ce4-db87e8de49a0/datanode-3/data/ratis/a92e5d60-6bd7-4a35-8c33-14f7d0e30960/current/log_0-0
2020-06-15 15:40:27,309 [bb2a17c4-da93-471c-baec-5cf2aa5cf94e@group-14F7D0E30960-SegmentedRaftLogWorker] INFO  segmented.SegmentedRaftLogWorker (SegmentedRaftLogWorker.java:execute(596)) - bb2a17c4-da93-471c-baec-5cf2aa5cf94e@group-14F7D0E30960-SegmentedRaftLogWorker: created new log segment /github/workspace/mnt/ozone/hadoop-ozone/integration-test/target/test-dir/MiniOzoneClusterImpl-821e280a-19ea-4536-9ce4-db87e8de49a0/datanode-3/data/ratis/a92e5d60-6bd7-4a35-8c33-14f7d0e30960/current/log_inprogress_1
2020-06-15 15:40:27,310 [grpc-default-executor-1] INFO  ratis.XceiverServerRatis (XceiverServerRatis.java:handleLeaderChangedNotification(762)) - Leader change notification received for group: group-14F7D0E30960 with new leaderId: 24a75401-d909-4cbe-bf6e-d874185015ef
2020-06-15 15:40:27,320 [grpc-default-executor-1] INFO  impl.RaftServerImpl (ServerState.java:setLeader(255)) - c922d5df-3bd1-4669-b221-1ae7b105f951@group-14F7D0E30960: change Leader from null to 24a75401-d909-4cbe-bf6e-d874185015ef at term 5 for appendEntries, leader elected after 4618ms
2020-06-15 15:40:27,320 [grpc-default-executor-1] INFO  impl.RaftServerImpl (RaftServerImpl.java:checkInconsistentAppendEntries(1097)) - c922d5df-3bd1-4669-b221-1ae7b105f951@group-14F7D0E30960: Failed appendEntries as previous log entry ((t:1, i:0)) is not found
2020-06-15 15:40:27,320 [grpc-default-executor-1] INFO  impl.RaftServerImpl (RaftServerImpl.java:checkInconsistentAppendEntries(1063)) - c922d5df-3bd1-4669-b221-1ae7b105f951@group-14F7D0E30960: inconsistency entries. Reply:24a75401-d909-4cbe-bf6e-d874185015ef<-c922d5df-3bd1-4669-b221-1ae7b105f951#0:FAIL,INCONSISTENCY,nextIndex:0,term:5,followerCommit:-1
2020-06-15 15:40:27,322 [grpc-default-executor-4] INFO  impl.FollowerInfo (FollowerInfo.java:lambda$new$0(51)) - 24a75401-d909-4cbe-bf6e-d874185015ef@group-14F7D0E30960->c922d5df-3bd1-4669-b221-1ae7b105f951: nextIndex: updateUnconditionally 2 -> 0
2020-06-15 15:40:27,322 [grpc-default-executor-1] INFO  impl.RaftServerImpl (RaftServerImpl.java:checkInconsistentAppendEntries(1097)) - c922d5df-3bd1-4669-b221-1ae7b105f951@group-14F7D0E30960: Failed appendEntries as previous log entry ((t:1, i:0)) is not found
2020-06-15 15:40:27,322 [grpc-default-executor-1] INFO  impl.RaftServerImpl (RaftServerImpl.java:checkInconsistentAppendEntries(1063)) - c922d5df-3bd1-4669-b221-1ae7b105f951@group-14F7D0E30960: inconsistency entries. Reply:24a75401-d909-4cbe-bf6e-d874185015ef<-c922d5df-3bd1-4669-b221-1ae7b105f951#1:FAIL,INCONSISTENCY,nextIndex:0,term:5,followerCommit:-1
2020-06-15 15:40:27,323 [grpc-default-executor-1] INFO  impl.FollowerInfo (FollowerInfo.java:lambda$new$0(51)) - 24a75401-d909-4cbe-bf6e-d874185015ef@group-14F7D0E30960->c922d5df-3bd1-4669-b221-1ae7b105f951: nextIndex: updateUnconditionally 0 -> 0
2020-06-15 15:40:27,327 [grpc-default-executor-4] INFO  impl.RaftServerImpl (ServerState.java:setRaftConf(356)) - c922d5df-3bd1-4669-b221-1ae7b105f951@group-14F7D0E30960: set configuration 0: [bb2a17c4-da93-471c-baec-5cf2aa5cf94e:172.17.0.2:42619, 24a75401-d909-4cbe-bf6e-d874185015ef:172.17.0.2:38429, c922d5df-3bd1-4669-b221-1ae7b105f951:172.17.0.2:33715], old=null at 0
2020-06-15 15:40:27,327 [grpc-default-executor-4] INFO  segmented.SegmentedRaftLogWorker (SegmentedRaftLogWorker.java:startLogSegment(397)) - c922d5df-3bd1-4669-b221-1ae7b105f951@group-14F7D0E30960-SegmentedRaftLogWorker: Starting segment from index:0
2020-06-15 15:40:27,328 [grpc-default-executor-4] INFO  impl.RaftServerImpl (ServerState.java:setRaftConf(356)) - c922d5df-3bd1-4669-b221-1ae7b105f951@group-14F7D0E30960: set configuration 1: [bb2a17c4-da93-471c-baec-5cf2aa5cf94e:172.17.0.2:42619, 24a75401-d909-4cbe-bf6e-d874185015ef:172.17.0.2:38429, c922d5df-3bd1-4669-b221-1ae7b105f951:172.17.0.2:33715], old=null at 1
2020-06-15 15:40:27,328 [grpc-default-executor-4] INFO  segmented.SegmentedRaftLogWorker (SegmentedRaftLogWorker.java:rollLogSegment(402)) - c922d5df-3bd1-4669-b221-1ae7b105f951@group-14F7D0E30960-SegmentedRaftLogWorker: Rolling segment log-0_0 to index:0
2020-06-15 15:40:27,329 [c922d5df-3bd1-4669-b221-1ae7b105f951@group-14F7D0E30960-SegmentedRaftLogWorker] INFO  segmented.SegmentedRaftLogWorker (SegmentedRaftLogWorker.java:execute(596)) - c922d5df-3bd1-4669-b221-1ae7b105f951@group-14F7D0E30960-SegmentedRaftLogWorker: created new log segment /github/workspace/mnt/ozone/hadoop-ozone/integration-test/target/test-dir/MiniOzoneClusterImpl-821e280a-19ea-4536-9ce4-db87e8de49a0/datanode-4/data/ratis/a92e5d60-6bd7-4a35-8c33-14f7d0e30960/current/log_inprogress_0
2020-06-15 15:40:27,331 [c922d5df-3bd1-4669-b221-1ae7b105f951@group-14F7D0E30960-SegmentedRaftLogWorker] INFO  segmented.SegmentedRaftLogWorker (SegmentedRaftLogWorker.java:execute(553)) - c922d5df-3bd1-4669-b221-1ae7b105f951@group-14F7D0E30960-SegmentedRaftLogWorker: Rolled log segment from /github/workspace/mnt/ozone/hadoop-ozone/integration-test/target/test-dir/MiniOzoneClusterImpl-821e280a-19ea-4536-9ce4-db87e8de49a0/datanode-4/data/ratis/a92e5d60-6bd7-4a35-8c33-14f7d0e30960/current/log_inprogress_0 to /github/workspace/mnt/ozone/hadoop-ozone/integration-test/target/test-dir/MiniOzoneClusterImpl-821e280a-19ea-4536-9ce4-db87e8de49a0/datanode-4/data/ratis/a92e5d60-6bd7-4a35-8c33-14f7d0e30960/current/log_0-0
2020-06-15 15:40:27,334 [c922d5df-3bd1-4669-b221-1ae7b105f951@group-14F7D0E30960-SegmentedRaftLogWorker] INFO  segmented.SegmentedRaftLogWorker (SegmentedRaftLogWorker.java:execute(596)) - c922d5df-3bd1-4669-b221-1ae7b105f951@group-14F7D0E30960-SegmentedRaftLogWorker: created new log segment /github/workspace/mnt/ozone/hadoop-ozone/integration-test/target/test-dir/MiniOzoneClusterImpl-821e280a-19ea-4536-9ce4-db87e8de49a0/datanode-4/data/ratis/a92e5d60-6bd7-4a35-8c33-14f7d0e30960/current/log_inprogress_1
2020-06-15 15:40:27,749 [Command processor thread] ERROR commandhandler.CloseContainerCommandHandler (CloseContainerCommandHandler.java:handle(85)) - Container #5 does not exist in datanode. Container close failed.
2020-06-15 15:40:27,753 [Command processor thread] ERROR commandhandler.CloseContainerCommandHandler (CloseContainerCommandHandler.java:handle(85)) - Container #2 does not exist in datanode. Container close failed.
2020-06-15 15:40:27,826 [Command processor thread] ERROR commandhandler.CloseContainerCommandHandler (CloseContainerCommandHandler.java:handle(85)) - Container #1 does not exist in datanode. Container close failed.
2020-06-15 15:40:27,828 [Command processor thread] ERROR commandhandler.CloseContainerCommandHandler (CloseContainerCommandHandler.java:handle(85)) - Container #3 does not exist in datanode. Container close failed.
2020-06-15 15:40:27,828 [Command processor thread] ERROR commandhandler.CloseContainerCommandHandler (CloseContainerCommandHandler.java:handle(85)) - Container #4 does not exist in datanode. Container close failed.
2020-06-15 15:40:28,332 [RatisApplyTransactionExecutor 1] INFO  interfaces.Container (KeyValueContainer.java:flushAndSyncDB(387)) - Container 1 is synced with bcsId 12.
2020-06-15 15:40:28,332 [RatisApplyTransactionExecutor 1] INFO  interfaces.Container (KeyValueContainer.java:flushAndSyncDB(387)) - Container 1 is synced with bcsId 12.
2020-06-15 15:40:28,335 [RatisApplyTransactionExecutor 1] INFO  interfaces.Container (KeyValueContainer.java:close(325)) - Container 1 is closed with bcsId 12.
2020-06-15 15:40:28,348 [EventQueue-IncrementalContainerReportForIncrementalContainerReportHandler] INFO  container.IncrementalContainerReportHandler (AbstractContainerReportHandler.java:updateContainerState(171)) - Moving container #1 to CLOSED state, datanode 24a75401-d909-4cbe-bf6e-d874185015ef{ip: 172.17.0.2, host: dd6acf296020, networkLocation: /default-rack, certSerialId: null} reported CLOSED replica.
2020-06-15 15:40:28,350 [RatisApplyTransactionExecutor 1] INFO  interfaces.Container (KeyValueContainer.java:flushAndSyncDB(387)) - Container 1 is synced with bcsId 12.
2020-06-15 15:40:28,352 [RatisApplyTransactionExecutor 1] INFO  interfaces.Container (KeyValueContainer.java:flushAndSyncDB(387)) - Container 1 is synced with bcsId 12.
2020-06-15 15:40:28,355 [RatisApplyTransactionExecutor 1] INFO  interfaces.Container (KeyValueContainer.java:close(325)) - Container 1 is closed with bcsId 12.
2020-06-15 15:40:28,362 [RatisApplyTransactionExecutor 1] INFO  interfaces.Container (KeyValueContainer.java:flushAndSyncDB(387)) - Container 1 is synced with bcsId 12.
2020-06-15 15:40:28,362 [RatisApplyTransactionExecutor 1] INFO  interfaces.Container (KeyValueContainer.java:flushAndSyncDB(387)) - Container 1 is synced with bcsId 12.
2020-06-15 15:40:28,365 [Command processor thread] ERROR commandhandler.CloseContainerCommandHandler (CloseContainerCommandHandler.java:handle(85)) - Container #3 does not exist in datanode. Container close failed.
2020-06-15 15:40:28,365 [Command processor thread] ERROR commandhandler.CloseContainerCommandHandler (CloseContainerCommandHandler.java:handle(85)) - Container #4 does not exist in datanode. Container close failed.
2020-06-15 15:40:28,366 [RatisApplyTransactionExecutor 1] INFO  interfaces.Container (KeyValueContainer.java:close(325)) - Container 1 is closed with bcsId 12.
15:40:28.385 [grpc-default-executor-4] ERROR DNAudit - user=null | ip=null | op=PUT_BLOCK {blockData=[blockId=conID: 1 locID: 104348753933238272 bcsId: 0,size=4194304]} | ret=FAILURE
org.apache.hadoop.hdds.scm.container.common.helpers.ContainerNotOpenException: Container 1 in CLOSED state
	at org.apache.hadoop.ozone.container.common.impl.HddsDispatcher.validateContainerCommand(HddsDispatcher.java:479) ~[hadoop-hdds-container-service-0.6.0-SNAPSHOT.jar:?]
	at org.apache.hadoop.ozone.container.common.transport.server.ratis.ContainerStateMachine.startTransaction(ContainerStateMachine.java:314) ~[hadoop-hdds-container-service-0.6.0-SNAPSHOT.jar:?]
	at org.apache.ratis.server.impl.RaftServerImpl.submitClientRequestAsync(RaftServerImpl.java:623) ~[ratis-server-0.6.0-6ab75ae-SNAPSHOT.jar:0.6.0-6ab75ae-SNAPSHOT]
	at org.apache.ratis.server.impl.RaftServerProxy.lambda$submitClientRequestAsync$7(RaftServerProxy.java:338) ~[ratis-server-0.6.0-6ab75ae-SNAPSHOT.jar:0.6.0-6ab75ae-SNAPSHOT]
	at org.apache.ratis.server.impl.RaftServerProxy.lambda$null$5(RaftServerProxy.java:333) ~[ratis-server-0.6.0-6ab75ae-SNAPSHOT.jar:0.6.0-6ab75ae-SNAPSHOT]
	at org.apache.ratis.util.JavaUtils.callAsUnchecked(JavaUtils.java:109) ~[ratis-common-0.6.0-6ab75ae-SNAPSHOT.jar:0.6.0-6ab75ae-SNAPSHOT]
	at org.apache.ratis.server.impl.RaftServerProxy.lambda$submitRequest$6(RaftServerProxy.java:333) ~[ratis-server-0.6.0-6ab75ae-SNAPSHOT.jar:0.6.0-6ab75ae-SNAPSHOT]
	at java.util.concurrent.CompletableFuture.uniComposeStage(CompletableFuture.java:995) ~[?:1.8.0_232]
	at java.util.concurrent.CompletableFuture.thenCompose(CompletableFuture.java:2137) ~[?:1.8.0_232]
	at org.apache.ratis.server.impl.RaftServerProxy.submitRequest(RaftServerProxy.java:332) ~[ratis-server-0.6.0-6ab75ae-SNAPSHOT.jar:0.6.0-6ab75ae-SNAPSHOT]
	at org.apache.ratis.server.impl.RaftServerProxy.submitClientRequestAsync(RaftServerProxy.java:338) ~[ratis-server-0.6.0-6ab75ae-SNAPSHOT.jar:0.6.0-6ab75ae-SNAPSHOT]
	at org.apache.ratis.grpc.client.GrpcClientProtocolService$RequestStreamObserver.processClientRequest(GrpcClientProtocolService.java:225) ~[ratis-grpc-0.6.0-6ab75ae-SNAPSHOT.jar:0.6.0-6ab75ae-SNAPSHOT]
	at org.apache.ratis.grpc.client.GrpcClientProtocolService$OrderedRequestStreamObserver.processClientRequest(GrpcClientProtocolService.java:331) ~[ratis-grpc-0.6.0-6ab75ae-SNAPSHOT.jar:0.6.0-6ab75ae-SNAPSHOT]
	at org.apache.ratis.util.SlidingWindow$Server.processRequestsFromHead(SlidingWindow.java:429) [ratis-common-0.6.0-6ab75ae-SNAPSHOT.jar:0.6.0-6ab75ae-SNAPSHOT]
	at org.apache.ratis.util.SlidingWindow$Server.receivedRequest(SlidingWindow.java:421) [ratis-common-0.6.0-6ab75ae-SNAPSHOT.jar:0.6.0-6ab75ae-SNAPSHOT]
	at org.apache.ratis.grpc.client.GrpcClientProtocolService$OrderedRequestStreamObserver.processClientRequest(GrpcClientProtocolService.java:355) [ratis-grpc-0.6.0-6ab75ae-SNAPSHOT.jar:0.6.0-6ab75ae-SNAPSHOT]
	at org.apache.ratis.grpc.client.GrpcClientProtocolService$RequestStreamObserver.onNext(GrpcClientProtocolService.java:245) [ratis-grpc-0.6.0-6ab75ae-SNAPSHOT.jar:0.6.0-6ab75ae-SNAPSHOT]
	at org.apache.ratis.grpc.client.GrpcClientProtocolService$RequestStreamObserver.onNext(GrpcClientProtocolService.java:168) [ratis-grpc-0.6.0-6ab75ae-SNAPSHOT.jar:0.6.0-6ab75ae-SNAPSHOT]
	at org.apache.ratis.thirdparty.io.grpc.stub.ServerCalls$StreamingServerCallHandler$StreamingServerCallListener.onMessage(ServerCalls.java:251) [ratis-thirdparty-misc-0.4.0.jar:0.4.0]
	at org.apache.ratis.thirdparty.io.grpc.internal.ServerCallImpl$ServerStreamListenerImpl.messagesAvailableInternal(ServerCallImpl.java:309) [ratis-thirdparty-misc-0.4.0.jar:0.4.0]
	at org.apache.ratis.thirdparty.io.grpc.internal.ServerCallImpl$ServerStreamListenerImpl.messagesAvailable(ServerCallImpl.java:292) [ratis-thirdparty-misc-0.4.0.jar:0.4.0]
	at org.apache.ratis.thirdparty.io.grpc.internal.ServerImpl$JumpToApplicationThreadServerStreamListener$1MessagesAvailable.runInContext(ServerImpl.java:782) [ratis-thirdparty-misc-0.4.0.jar:0.4.0]
	at org.apache.ratis.thirdparty.io.grpc.internal.ContextRunnable.run(ContextRunnable.java:37) [ratis-thirdparty-misc-0.4.0.jar:0.4.0]
	at org.apache.ratis.thirdparty.io.grpc.internal.SerializingExecutor.run(SerializingExecutor.java:123) [ratis-thirdparty-misc-0.4.0.jar:0.4.0]
	at java.util.concurrent.ThreadPoolExecutor.runWorker(ThreadPoolExecutor.java:1149) [?:1.8.0_232]
	at java.util.concurrent.ThreadPoolExecutor$Worker.run(ThreadPoolExecutor.java:624) [?:1.8.0_232]
	at java.lang.Thread.run(Thread.java:748) [?:1.8.0_232]
2020-06-15 15:40:28,554 [Listener at 127.0.0.1/33397] INFO  ozone.MiniOzoneClusterImpl (MiniOzoneClusterImpl.java:shutdown(387)) - Shutting down the Mini Ozone Cluster
2020-06-15 15:40:28,554 [Listener at 127.0.0.1/33397] INFO  ozone.MiniOzoneClusterImpl (MiniOzoneClusterImpl.java:stop(402)) - Stopping the Mini Ozone Cluster
2020-06-15 15:40:28,555 [Listener at 127.0.0.1/33397] INFO  ozone.MiniOzoneClusterImpl (MiniOzoneClusterImpl.java:stopOM(484)) - Stopping the OzoneManager
2020-06-15 15:40:28,555 [Listener at 127.0.0.1/33397] INFO  ipc.Server (Server.java:stop(3359)) - Stopping server on 33397
2020-06-15 15:40:28,560 [IPC Server Responder] INFO  ipc.Server (Server.java:run(1465)) - Stopping IPC Server Responder
2020-06-15 15:40:28,560 [Listener at 127.0.0.1/33397] INFO  ratis.OzoneManagerDoubleBuffer (OzoneManagerDoubleBuffer.java:stop(410)) - Stopping OMDoubleBuffer flush thread
2020-06-15 15:40:28,560 [IPC Server listener on 0] INFO  ipc.Server (Server.java:run(1330)) - Stopping IPC Server listener on 0
2020-06-15 15:40:28,560 [OMDoubleBufferFlushThread] INFO  ratis.OzoneManagerDoubleBuffer (OzoneManagerDoubleBuffer.java:flushTransactions(342)) - OMDoubleBuffer flush thread OMDoubleBufferFlushThread is interrupted and will exit. OMDoubleBufferFlushThread
2020-06-15 15:40:28,566 [Listener at 127.0.0.1/33397] INFO  utils.BackgroundService (BackgroundService.java:shutdown(157)) - Shutting down service KeyDeletingService
2020-06-15 15:40:28,569 [Listener at 127.0.0.1/33397] INFO  handler.ContextHandler (ContextHandler.java:doStop(1016)) - Stopped o.e.j.w.WebAppContext@781a1ade{ozoneManager,/,null,UNAVAILABLE}{file:/github/workspace/mnt/ozone/hadoop-ozone/integration-test/target/test-classes/webapps/ozoneManager}
2020-06-15 15:40:28,572 [Command processor thread] ERROR commandhandler.CloseContainerCommandHandler (CloseContainerCommandHandler.java:handle(85)) - Container #5 does not exist in datanode. Container close failed.
2020-06-15 15:40:28,577 [Listener at 127.0.0.1/33397] INFO  server.AbstractConnector (AbstractConnector.java:doStop(380)) - Stopped ServerConnector@3b1e264d{HTTP/1.1,[http/1.1]}{0.0.0.0:0}
2020-06-15 15:40:28,577 [Listener at 127.0.0.1/33397] INFO  server.session (HouseKeeper.java:stopScavenging(158)) - node0 Stopped scavenging
2020-06-15 15:40:28,578 [Listener at 127.0.0.1/33397] INFO  handler.ContextHandler (ContextHandler.java:doStop(1016)) - Stopped o.e.j.s.ServletContextHandler@7de699d0{static,/static,file:///github/workspace/mnt/ozone/hadoop-ozone/integration-test/target/test-classes/webapps/static,UNAVAILABLE}
2020-06-15 15:40:28,578 [Listener at 127.0.0.1/33397] INFO  handler.ContextHandler (ContextHandler.java:doStop(1016)) - Stopped o.e.j.s.ServletContextHandler@765870dd{logs,/logs,file:///github/workspace/mnt/ozone/hadoop-ozone/integration-test/target/log,UNAVAILABLE}
2020-06-15 15:40:28,583 [Listener at 127.0.0.1/33397] INFO  ozone.MiniOzoneClusterImpl (MiniOzoneClusterImpl.java:stopDatanodes(461)) - Stopping the HddsDatanodes
2020-06-15 15:40:28,586 [RatisApplyTransactionExecutor 2] INFO  interfaces.Container (KeyValueContainer.java:flushAndSyncDB(387)) - Container 2 is synced with bcsId 4.
2020-06-15 15:40:28,587 [RatisApplyTransactionExecutor 2] INFO  interfaces.Container (KeyValueContainer.java:flushAndSyncDB(387)) - Container 2 is synced with bcsId 4.
2020-06-15 15:40:28,589 [RatisApplyTransactionExecutor 2] INFO  interfaces.Container (KeyValueContainer.java:close(325)) - Container 2 is closed with bcsId 4.
2020-06-15 15:40:28,592 [EventQueue-IncrementalContainerReportForIncrementalContainerReportHandler] INFO  container.IncrementalContainerReportHandler (AbstractContainerReportHandler.java:updateContainerState(171)) - Moving container #2 to CLOSED state, datanode c912bb49-c5b6-43bc-8d73-0672ac2b0169{ip: 172.17.0.2, host: dd6acf296020, networkLocation: /default-rack, certSerialId: null} reported CLOSED replica.
2020-06-15 15:40:28,600 [Datanode State Machine Thread - 0] INFO  statemachine.DatanodeStateMachine (DatanodeStateMachine.java:lambda$startDaemon$0(380)) - Ozone container server started.
2020-06-15 15:40:28,601 [RatisApplyTransactionExecutor 2] INFO  interfaces.Container (KeyValueContainer.java:flushAndSyncDB(387)) - Container 2 is synced with bcsId 4.
2020-06-15 15:40:28,601 [RatisApplyTransactionExecutor 2] INFO  interfaces.Container (KeyValueContainer.java:flushAndSyncDB(387)) - Container 2 is synced with bcsId 4.
2020-06-15 15:40:28,601 [RatisApplyTransactionExecutor 2] INFO  interfaces.Container (KeyValueContainer.java:flushAndSyncDB(387)) - Container 2 is synced with bcsId 4.
2020-06-15 15:40:28,601 [RatisApplyTransactionExecutor 2] INFO  interfaces.Container (KeyValueContainer.java:flushAndSyncDB(387)) - Container 2 is synced with bcsId 4.
2020-06-15 15:40:28,604 [RatisApplyTransactionExecutor 2] INFO  interfaces.Container (KeyValueContainer.java:close(325)) - Container 2 is closed with bcsId 4.
2020-06-15 15:40:28,604 [RatisApplyTransactionExecutor 2] INFO  interfaces.Container (KeyValueContainer.java:close(325)) - Container 2 is closed with bcsId 4.
2020-06-15 15:40:29,192 [Command processor thread] ERROR commandhandler.CloseContainerCommandHandler (CloseContainerCommandHandler.java:handle(85)) - Container #3 does not exist in datanode. Container close failed.
2020-06-15 15:40:29,192 [Command processor thread] ERROR commandhandler.CloseContainerCommandHandler (CloseContainerCommandHandler.java:handle(85)) - Container #4 does not exist in datanode. Container close failed.
2020-06-15 15:40:29,336 [Datanode State Machine Thread - 0] INFO  statemachine.DatanodeStateMachine (DatanodeStateMachine.java:lambda$startDaemon$0(380)) - Ozone container server started.
2020-06-15 15:40:29,418 [Command processor thread] ERROR commandhandler.CloseContainerCommandHandler (CloseContainerCommandHandler.java:handle(85)) - Container #5 does not exist in datanode. Container close failed.
2020-06-15 15:40:33,585 [ForkJoinPool.commonPool-worker-1] INFO  ozoneimpl.OzoneContainer (OzoneContainer.java:stop(246)) - Attempting to stop container services.
2020-06-15 15:40:33,586 [Listener at 127.0.0.1/33397] INFO  ozoneimpl.OzoneContainer (OzoneContainer.java:stop(246)) - Attempting to stop container services.
2020-06-15 15:40:33,589 [Listener at 127.0.0.1/33397] INFO  impl.RaftServerProxy (RaftServerProxy.java:lambda$close$4(319)) - 24a75401-d909-4cbe-bf6e-d874185015ef: close
2020-06-15 15:40:33,590 [Listener at 127.0.0.1/33397] INFO  impl.RaftServerImpl (RaftServerImpl.java:lambda$shutdown$3(252)) - 24a75401-d909-4cbe-bf6e-d874185015ef@group-2FF721B0DB4F: shutdown
2020-06-15 15:40:33,591 [Listener at 127.0.0.1/33397] INFO  util.JmxRegister (JmxRegister.java:unregister(73)) - Successfully un-registered JMX Bean with object name Ratis:service=RaftServer,group=group-2FF721B0DB4F,id=24a75401-d909-4cbe-bf6e-d874185015ef
2020-06-15 15:40:33,591 [Listener at 127.0.0.1/33397] INFO  impl.RoleInfo (RoleInfo.java:shutdownLeaderState(104)) - 24a75401-d909-4cbe-bf6e-d874185015ef: shutdown LeaderState
2020-06-15 15:40:33,591 [Listener at 127.0.0.1/33397] INFO  impl.PendingRequests (PendingRequests.java:sendNotLeaderResponses(249)) - 24a75401-d909-4cbe-bf6e-d874185015ef@group-2FF721B0DB4F-PendingRequests: sendNotLeaderResponses
2020-06-15 15:40:33,592 [Listener at 127.0.0.1/33397] INFO  metrics.RatisMetrics (RatisMetrics.java:unregister(43)) - Unregistering Metrics Registry : ratis.log_appender.24a75401-d909-4cbe-bf6e-d874185015ef@group-2FF721B0DB4F
2020-06-15 15:40:33,593 [Listener at 127.0.0.1/33397] INFO  metrics.RatisMetrics (RatisMetrics.java:unregister(43)) - Unregistering Metrics Registry : ratis.server.24a75401-d909-4cbe-bf6e-d874185015ef@group-2FF721B0DB4F
2020-06-15 15:40:33,591 [ForkJoinPool.commonPool-worker-1] INFO  impl.RaftServerProxy (RaftServerProxy.java:lambda$close$4(319)) - 9a0e5fc2-eb4c-4ba8-8ae5-559cc84280be: close
2020-06-15 15:40:33,593 [ForkJoinPool.commonPool-worker-1] INFO  impl.RaftServerImpl (RaftServerImpl.java:lambda$shutdown$3(252)) - 9a0e5fc2-eb4c-4ba8-8ae5-559cc84280be@group-3A5C16CF8D5C: shutdown
2020-06-15 15:40:33,593 [ForkJoinPool.commonPool-worker-1] INFO  util.JmxRegister (JmxRegister.java:unregister(73)) - Successfully un-registered JMX Bean with object name Ratis:service=RaftServer,group=group-3A5C16CF8D5C,id=9a0e5fc2-eb4c-4ba8-8ae5-559cc84280be
2020-06-15 15:40:33,593 [ForkJoinPool.commonPool-worker-1] INFO  impl.RoleInfo (RoleInfo.java:shutdownFollowerState(121)) - 9a0e5fc2-eb4c-4ba8-8ae5-559cc84280be: shutdown FollowerState
2020-06-15 15:40:33,593 [Thread-335] INFO  impl.FollowerState (FollowerState.java:run(117)) - 9a0e5fc2-eb4c-4ba8-8ae5-559cc84280be@group-3A5C16CF8D5C-FollowerState was interrupted: java.lang.InterruptedException: sleep interrupted
2020-06-15 15:40:33,594 [9a0e5fc2-eb4c-4ba8-8ae5-559cc84280be@group-3A5C16CF8D5C-StateMachineUpdater] INFO  ratis.ContainerStateMachine (ContainerStateMachine.java:takeSnapshot(288)) - group-3A5C16CF8D5C: Taking a snapshot at:(t:1, i:10) file /github/workspace/mnt/ozone/hadoop-ozone/integration-test/target/test-dir/MiniOzoneClusterImpl-821e280a-19ea-4536-9ce4-db87e8de49a0/datanode-2/data/ratis/9c50ad9e-5235-4dd0-9b15-3a5c16cf8d5c/sm/snapshot.1_10
2020-06-15 15:40:33,595 [24a75401-d909-4cbe-bf6e-d874185015ef@group-2FF721B0DB4F-StateMachineUpdater] INFO  ratis.ContainerStateMachine (ContainerStateMachine.java:takeSnapshot(288)) - group-2FF721B0DB4F: Taking a snapshot at:(t:1, i:0) file /github/workspace/mnt/ozone/hadoop-ozone/integration-test/target/test-dir/MiniOzoneClusterImpl-821e280a-19ea-4536-9ce4-db87e8de49a0/datanode-5/data/ratis/10f5226f-5c96-4596-b893-2ff721b0db4f/sm/snapshot.1_0
2020-06-15 15:40:33,593 [ForkJoinPool.commonPool-worker-1] INFO  impl.StateMachineUpdater (StateMachineUpdater.java:stopAndJoin(142)) - 9a0e5fc2-eb4c-4ba8-8ae5-559cc84280be@group-3A5C16CF8D5C-StateMachineUpdater: set stopIndex = 10
2020-06-15 15:40:33,595 [Listener at 127.0.0.1/33397] INFO  impl.StateMachineUpdater (StateMachineUpdater.java:stopAndJoin(142)) - 24a75401-d909-4cbe-bf6e-d874185015ef@group-2FF721B0DB4F-StateMachineUpdater: set stopIndex = 0
2020-06-15 15:40:33,607 [24a75401-d909-4cbe-bf6e-d874185015ef@group-2FF721B0DB4F-StateMachineUpdater] INFO  ratis.ContainerStateMachine (ContainerStateMachine.java:takeSnapshot(299)) - group-2FF721B0DB4F: Finished taking a snapshot at:(t:1, i:0) file:/github/workspace/mnt/ozone/hadoop-ozone/integration-test/target/test-dir/MiniOzoneClusterImpl-821e280a-19ea-4536-9ce4-db87e8de49a0/datanode-5/data/ratis/10f5226f-5c96-4596-b893-2ff721b0db4f/sm/snapshot.1_0 time:12
2020-06-15 15:40:33,608 [24a75401-d909-4cbe-bf6e-d874185015ef@group-2FF721B0DB4F-StateMachineUpdater] INFO  impl.StateMachineUpdater (StateMachineUpdater.java:takeSnapshot(277)) - 24a75401-d909-4cbe-bf6e-d874185015ef@group-2FF721B0DB4F-StateMachineUpdater: Took a snapshot at index 0
2020-06-15 15:40:33,608 [24a75401-d909-4cbe-bf6e-d874185015ef@group-2FF721B0DB4F-StateMachineUpdater] INFO  impl.StateMachineUpdater (StateMachineUpdater.java:lambda$new$0(87)) - 24a75401-d909-4cbe-bf6e-d874185015ef@group-2FF721B0DB4F-StateMachineUpdater: snapshotIndex: updateIncreasingly -1 -> 0
2020-06-15 15:40:33,611 [9a0e5fc2-eb4c-4ba8-8ae5-559cc84280be@group-3A5C16CF8D5C-StateMachineUpdater] INFO  ratis.ContainerStateMachine (ContainerStateMachine.java:takeSnapshot(299)) - group-3A5C16CF8D5C: Finished taking a snapshot at:(t:1, i:10) file:/github/workspace/mnt/ozone/hadoop-ozone/integration-test/target/test-dir/MiniOzoneClusterImpl-821e280a-19ea-4536-9ce4-db87e8de49a0/datanode-2/data/ratis/9c50ad9e-5235-4dd0-9b15-3a5c16cf8d5c/sm/snapshot.1_10 time:16
2020-06-15 15:40:33,611 [9a0e5fc2-eb4c-4ba8-8ae5-559cc84280be@group-3A5C16CF8D5C-StateMachineUpdater] INFO  impl.StateMachineUpdater (StateMachineUpdater.java:takeSnapshot(277)) - 9a0e5fc2-eb4c-4ba8-8ae5-559cc84280be@group-3A5C16CF8D5C-StateMachineUpdater: Took a snapshot at index 10
2020-06-15 15:40:33,611 [9a0e5fc2-eb4c-4ba8-8ae5-559cc84280be@group-3A5C16CF8D5C-StateMachineUpdater] INFO  impl.StateMachineUpdater (StateMachineUpdater.java:lambda$new$0(87)) - 9a0e5fc2-eb4c-4ba8-8ae5-559cc84280be@group-3A5C16CF8D5C-StateMachineUpdater: snapshotIndex: updateIncreasingly -1 -> 10
2020-06-15 15:40:33,621 [24a75401-d909-4cbe-bf6e-d874185015ef@group-2FF721B0DB4F-StateMachineUpdater] INFO  metrics.RatisMetrics (RatisMetrics.java:unregister(43)) - Unregistering Metrics Registry : ratis.state_machine.24a75401-d909-4cbe-bf6e-d874185015ef@group-2FF721B0DB4F
2020-06-15 15:40:33,622 [Listener at 127.0.0.1/33397] INFO  impl.RaftServerImpl (ServerState.java:close(387)) - 24a75401-d909-4cbe-bf6e-d874185015ef@group-2FF721B0DB4F: closes. applyIndex: 0
2020-06-15 15:40:33,623 [24a75401-d909-4cbe-bf6e-d874185015ef@group-2FF721B0DB4F-SegmentedRaftLogWorker] INFO  segmented.SegmentedRaftLogWorker (SegmentedRaftLogWorker.java:run(327)) - 24a75401-d909-4cbe-bf6e-d874185015ef@group-2FF721B0DB4F-SegmentedRaftLogWorker was interrupted, exiting. There are 0 tasks remaining in the queue.
2020-06-15 15:40:33,623 [9a0e5fc2-eb4c-4ba8-8ae5-559cc84280be@group-3A5C16CF8D5C-StateMachineUpdater] INFO  metrics.RatisMetrics (RatisMetrics.java:unregister(43)) - Unregistering Metrics Registry : ratis.state_machine.9a0e5fc2-eb4c-4ba8-8ae5-559cc84280be@group-3A5C16CF8D5C
2020-06-15 15:40:33,623 [ForkJoinPool.commonPool-worker-1] INFO  impl.RaftServerImpl (ServerState.java:close(387)) - 9a0e5fc2-eb4c-4ba8-8ae5-559cc84280be@group-3A5C16CF8D5C: closes. applyIndex: 10
2020-06-15 15:40:33,623 [9a0e5fc2-eb4c-4ba8-8ae5-559cc84280be@group-3A5C16CF8D5C-SegmentedRaftLogWorker] INFO  segmented.SegmentedRaftLogWorker (SegmentedRaftLogWorker.java:run(327)) - 9a0e5fc2-eb4c-4ba8-8ae5-559cc84280be@group-3A5C16CF8D5C-SegmentedRaftLogWorker was interrupted, exiting. There are 0 tasks remaining in the queue.
2020-06-15 15:40:33,626 [ForkJoinPool.commonPool-worker-1] INFO  segmented.SegmentedRaftLogWorker (SegmentedRaftLogWorker.java:close(234)) - 9a0e5fc2-eb4c-4ba8-8ae5-559cc84280be@group-3A5C16CF8D5C-SegmentedRaftLogWorker close()
2020-06-15 15:40:33,626 [Listener at 127.0.0.1/33397] INFO  segmented.SegmentedRaftLogWorker (SegmentedRaftLogWorker.java:close(234)) - 24a75401-d909-4cbe-bf6e-d874185015ef@group-2FF721B0DB4F-SegmentedRaftLogWorker close()
2020-06-15 15:40:33,630 [ForkJoinPool.commonPool-worker-1] INFO  metrics.RatisMetrics (RatisMetrics.java:unregister(43)) - Unregistering Metrics Registry : ratis.log_worker.9a0e5fc2-eb4c-4ba8-8ae5-559cc84280be@group-3A5C16CF8D5C
2020-06-15 15:40:33,631 [ForkJoinPool.commonPool-worker-1] INFO  metrics.RatisMetrics (RatisMetrics.java:unregister(43)) - Unregistering Metrics Registry : ratis.leader_election.9a0e5fc2-eb4c-4ba8-8ae5-559cc84280be@group-3A5C16CF8D5C
2020-06-15 15:40:33,631 [ForkJoinPool.commonPool-worker-1] INFO  metrics.RatisMetrics (RatisMetrics.java:unregister(43)) - Unregistering Metrics Registry : ratis.server.9a0e5fc2-eb4c-4ba8-8ae5-559cc84280be@group-3A5C16CF8D5C
2020-06-15 15:40:33,631 [ForkJoinPool.commonPool-worker-1] INFO  impl.RaftServerImpl (RaftServerImpl.java:lambda$shutdown$3(252)) - 9a0e5fc2-eb4c-4ba8-8ae5-559cc84280be@group-4D8EAECC9AD7: shutdown
2020-06-15 15:40:33,631 [ForkJoinPool.commonPool-worker-1] INFO  util.JmxRegister (JmxRegister.java:unregister(73)) - Successfully un-registered JMX Bean with object name Ratis:service=RaftServer,group=group-4D8EAECC9AD7,id=9a0e5fc2-eb4c-4ba8-8ae5-559cc84280be
2020-06-15 15:40:33,631 [ForkJoinPool.commonPool-worker-1] INFO  impl.RoleInfo (RoleInfo.java:shutdownLeaderState(104)) - 9a0e5fc2-eb4c-4ba8-8ae5-559cc84280be: shutdown LeaderState
2020-06-15 15:40:33,631 [ForkJoinPool.commonPool-worker-1] INFO  impl.PendingRequests (PendingRequests.java:sendNotLeaderResponses(249)) - 9a0e5fc2-eb4c-4ba8-8ae5-559cc84280be@group-4D8EAECC9AD7-PendingRequests: sendNotLeaderResponses
2020-06-15 15:40:33,636 [ForkJoinPool.commonPool-worker-1] INFO  metrics.RatisMetrics (RatisMetrics.java:unregister(43)) - Unregistering Metrics Registry : ratis.log_appender.9a0e5fc2-eb4c-4ba8-8ae5-559cc84280be@group-4D8EAECC9AD7
2020-06-15 15:40:33,637 [ForkJoinPool.commonPool-worker-1] INFO  metrics.RatisMetrics (RatisMetrics.java:unregister(43)) - Unregistering Metrics Registry : ratis.server.9a0e5fc2-eb4c-4ba8-8ae5-559cc84280be@group-4D8EAECC9AD7
2020-06-15 15:40:33,637 [ForkJoinPool.commonPool-worker-1] INFO  impl.StateMachineUpdater (StateMachineUpdater.java:stopAndJoin(142)) - 9a0e5fc2-eb4c-4ba8-8ae5-559cc84280be@group-4D8EAECC9AD7-StateMachineUpdater: set stopIndex = 0
2020-06-15 15:40:33,638 [9a0e5fc2-eb4c-4ba8-8ae5-559cc84280be@group-4D8EAECC9AD7-StateMachineUpdater] INFO  ratis.ContainerStateMachine (ContainerStateMachine.java:takeSnapshot(288)) - group-4D8EAECC9AD7: Taking a snapshot at:(t:1, i:0) file /github/workspace/mnt/ozone/hadoop-ozone/integration-test/target/test-dir/MiniOzoneClusterImpl-821e280a-19ea-4536-9ce4-db87e8de49a0/datanode-2/data/ratis/8e0d6c83-8d03-4abf-8f10-4d8eaecc9ad7/sm/snapshot.1_0
2020-06-15 15:40:33,639 [9a0e5fc2-eb4c-4ba8-8ae5-559cc84280be@group-4D8EAECC9AD7-StateMachineUpdater] INFO  ratis.ContainerStateMachine (ContainerStateMachine.java:takeSnapshot(299)) - group-4D8EAECC9AD7: Finished taking a snapshot at:(t:1, i:0) file:/github/workspace/mnt/ozone/hadoop-ozone/integration-test/target/test-dir/MiniOzoneClusterImpl-821e280a-19ea-4536-9ce4-db87e8de49a0/datanode-2/data/ratis/8e0d6c83-8d03-4abf-8f10-4d8eaecc9ad7/sm/snapshot.1_0 time:1
2020-06-15 15:40:33,639 [9a0e5fc2-eb4c-4ba8-8ae5-559cc84280be@group-4D8EAECC9AD7-StateMachineUpdater] INFO  impl.StateMachineUpdater (StateMachineUpdater.java:takeSnapshot(277)) - 9a0e5fc2-eb4c-4ba8-8ae5-559cc84280be@group-4D8EAECC9AD7-StateMachineUpdater: Took a snapshot at index 0
2020-06-15 15:40:33,639 [9a0e5fc2-eb4c-4ba8-8ae5-559cc84280be@group-4D8EAECC9AD7-StateMachineUpdater] INFO  impl.StateMachineUpdater (StateMachineUpdater.java:lambda$new$0(87)) - 9a0e5fc2-eb4c-4ba8-8ae5-559cc84280be@group-4D8EAECC9AD7-StateMachineUpdater: snapshotIndex: updateIncreasingly -1 -> 0
2020-06-15 15:40:33,639 [9a0e5fc2-eb4c-4ba8-8ae5-559cc84280be@group-4D8EAECC9AD7-StateMachineUpdater] INFO  metrics.RatisMetrics (RatisMetrics.java:unregister(43)) - Unregistering Metrics Registry : ratis.state_machine.9a0e5fc2-eb4c-4ba8-8ae5-559cc84280be@group-4D8EAECC9AD7
2020-06-15 15:40:33,642 [Listener at 127.0.0.1/33397] INFO  metrics.RatisMetrics (RatisMetrics.java:unregister(43)) - Unregistering Metrics Registry : ratis.log_worker.24a75401-d909-4cbe-bf6e-d874185015ef@group-2FF721B0DB4F
2020-06-15 15:40:33,642 [Listener at 127.0.0.1/33397] INFO  metrics.RatisMetrics (RatisMetrics.java:unregister(43)) - Unregistering Metrics Registry : ratis.leader_election.24a75401-d909-4cbe-bf6e-d874185015ef@group-2FF721B0DB4F
2020-06-15 15:40:33,643 [Listener at 127.0.0.1/33397] INFO  metrics.RatisMetrics (RatisMetrics.java:unregister(43)) - Unregistering Metrics Registry : ratis.server.24a75401-d909-4cbe-bf6e-d874185015ef@group-2FF721B0DB4F
2020-06-15 15:40:33,643 [Listener at 127.0.0.1/33397] INFO  impl.RaftServerImpl (RaftServerImpl.java:lambda$shutdown$3(252)) - 24a75401-d909-4cbe-bf6e-d874185015ef@group-14F7D0E30960: shutdown
2020-06-15 15:40:33,643 [Listener at 127.0.0.1/33397] INFO  util.JmxRegister (JmxRegister.java:unregister(73)) - Successfully un-registered JMX Bean with object name Ratis:service=RaftServer,group=group-14F7D0E30960,id=24a75401-d909-4cbe-bf6e-d874185015ef
2020-06-15 15:40:33,643 [Listener at 127.0.0.1/33397] INFO  impl.RoleInfo (RoleInfo.java:shutdownLeaderState(104)) - 24a75401-d909-4cbe-bf6e-d874185015ef: shutdown LeaderState
2020-06-15 15:40:33,643 [Listener at 127.0.0.1/33397] INFO  metrics.RatisMetrics (RatisMetrics.java:unregister(43)) - Unregistering Metrics Registry : ratis_grpc.log_appender.24a75401-d909-4cbe-bf6e-d874185015ef@group-14F7D0E30960
2020-06-15 15:40:33,644 [ForkJoinPool.commonPool-worker-1] INFO  impl.RaftServerImpl (ServerState.java:close(387)) - 9a0e5fc2-eb4c-4ba8-8ae5-559cc84280be@group-4D8EAECC9AD7: closes. applyIndex: 0
2020-06-15 15:40:33,644 [9a0e5fc2-eb4c-4ba8-8ae5-559cc84280be@group-4D8EAECC9AD7-SegmentedRaftLogWorker] INFO  segmented.SegmentedRaftLogWorker (SegmentedRaftLogWorker.java:run(327)) - 9a0e5fc2-eb4c-4ba8-8ae5-559cc84280be@group-4D8EAECC9AD7-SegmentedRaftLogWorker was interrupted, exiting. There are 0 tasks remaining in the queue.
2020-06-15 15:40:33,648 [Listener at 127.0.0.1/33397] INFO  metrics.RatisMetrics (RatisMetrics.java:unregister(43)) - Unregistering Metrics Registry : ratis_grpc.log_appender.24a75401-d909-4cbe-bf6e-d874185015ef@group-14F7D0E30960
2020-06-15 15:40:33,648 [ForkJoinPool.commonPool-worker-1] INFO  segmented.SegmentedRaftLogWorker (SegmentedRaftLogWorker.java:close(234)) - 9a0e5fc2-eb4c-4ba8-8ae5-559cc84280be@group-4D8EAECC9AD7-SegmentedRaftLogWorker close()
2020-06-15 15:40:33,648 [org.apache.ratis.server.impl.LogAppender$AppenderDaemon$$Lambda$438/99317469@390089fa] WARN  server.GrpcLogAppender (GrpcLogAppender.java:mayWait(153)) - 24a75401-d909-4cbe-bf6e-d874185015ef@group-14F7D0E30960->bb2a17c4-da93-471c-baec-5cf2aa5cf94e-GrpcLogAppender: Wait interrupted by java.lang.InterruptedException
2020-06-15 15:40:33,649 [Listener at 127.0.0.1/33397] INFO  impl.PendingRequests (PendingRequests.java:sendNotLeaderResponses(249)) - 24a75401-d909-4cbe-bf6e-d874185015ef@group-14F7D0E30960-PendingRequests: sendNotLeaderResponses
2020-06-15 15:40:33,650 [ForkJoinPool.commonPool-worker-1] INFO  metrics.RatisMetrics (RatisMetrics.java:unregister(43)) - Unregistering Metrics Registry : ratis.log_worker.9a0e5fc2-eb4c-4ba8-8ae5-559cc84280be@group-4D8EAECC9AD7
2020-06-15 15:40:33,651 [ForkJoinPool.commonPool-worker-1] INFO  metrics.RatisMetrics (RatisMetrics.java:unregister(43)) - Unregistering Metrics Registry : ratis.leader_election.9a0e5fc2-eb4c-4ba8-8ae5-559cc84280be@group-4D8EAECC9AD7
2020-06-15 15:40:33,651 [org.apache.ratis.server.impl.LogAppender$AppenderDaemon$$Lambda$438/99317469@749f23f3] WARN  server.GrpcLogAppender (GrpcLogAppender.java:mayWait(153)) - 24a75401-d909-4cbe-bf6e-d874185015ef@group-14F7D0E30960->c922d5df-3bd1-4669-b221-1ae7b105f951-GrpcLogAppender: Wait interrupted by java.lang.InterruptedException
2020-06-15 15:40:33,652 [ForkJoinPool.commonPool-worker-1] INFO  metrics.RatisMetrics (RatisMetrics.java:unregister(43)) - Unregistering Metrics Registry : ratis.server.9a0e5fc2-eb4c-4ba8-8ae5-559cc84280be@group-4D8EAECC9AD7
2020-06-15 15:40:33,653 [ForkJoinPool.commonPool-worker-1] INFO  server.GrpcService (GrpcService.java:closeImpl(166)) - 9a0e5fc2-eb4c-4ba8-8ae5-559cc84280be: shutdown server with port 37177 now
2020-06-15 15:40:33,654 [grpc-default-executor-7] INFO  server.GrpcServerProtocolService (GrpcServerProtocolService.java:onCompleted(138)) - bb2a17c4-da93-471c-baec-5cf2aa5cf94e: Completed APPEND_ENTRIES, lastRequest: 24a75401-d909-4cbe-bf6e-d874185015ef->bb2a17c4-da93-471c-baec-5cf2aa5cf94e#18-t5, previous=(t:5, i:16), leaderCommit=16, initializing? false, entries: size=1, first=(t:5, i:17), METADATAENTRY(c:16)
2020-06-15 15:40:33,655 [Listener at 127.0.0.1/33397] INFO  metrics.RatisMetrics (RatisMetrics.java:unregister(43)) - Unregistering Metrics Registry : ratis.log_appender.24a75401-d909-4cbe-bf6e-d874185015ef@group-14F7D0E30960
2020-06-15 15:40:33,655 [Listener at 127.0.0.1/33397] INFO  metrics.RatisMetrics (RatisMetrics.java:unregister(43)) - Unregistering Metrics Registry : ratis.server.24a75401-d909-4cbe-bf6e-d874185015ef@group-14F7D0E30960
2020-06-15 15:40:33,654 [grpc-default-executor-2] INFO  server.GrpcServerProtocolService (GrpcServerProtocolService.java:onCompleted(138)) - c922d5df-3bd1-4669-b221-1ae7b105f951: Completed APPEND_ENTRIES, lastRequest: 24a75401-d909-4cbe-bf6e-d874185015ef->c922d5df-3bd1-4669-b221-1ae7b105f951#20-t5, previous=(t:5, i:16), leaderCommit=16, initializing? false, entries: size=1, first=(t:5, i:17), METADATAENTRY(c:16)
2020-06-15 15:40:33,660 [grpc-default-executor-7] INFO  server.GrpcLogAppender (GrpcLogAppender.java:onCompleted(319)) - 24a75401-d909-4cbe-bf6e-d874185015ef@group-14F7D0E30960->c922d5df-3bd1-4669-b221-1ae7b105f951-AppendLogResponseHandler: follower responses appendEntries COMPLETED
2020-06-15 15:40:33,661 [24a75401-d909-4cbe-bf6e-d874185015ef@group-14F7D0E30960-StateMachineUpdater] INFO  ratis.ContainerStateMachine (ContainerStateMachine.java:takeSnapshot(288)) - group-14F7D0E30960: Taking a snapshot at:(t:5, i:17) file /github/workspace/mnt/ozone/hadoop-ozone/integration-test/target/test-dir/MiniOzoneClusterImpl-821e280a-19ea-4536-9ce4-db87e8de49a0/datanode-5/data/ratis/a92e5d60-6bd7-4a35-8c33-14f7d0e30960/sm/snapshot.5_17
2020-06-15 15:40:33,663 [grpc-default-executor-2] WARN  server.GrpcServerProtocolService (LogUtils.java:warn(122)) - 9a0e5fc2-eb4c-4ba8-8ae5-559cc84280be: installSnapshot onError, lastRequest: c912bb49-c5b6-43bc-8d73-0672ac2b0169->9a0e5fc2-eb4c-4ba8-8ae5-559cc84280be#19-t1, previous=(t:1, i:9), leaderCommit=9, initializing? false, entries: size=1, first=(t:1, i:10), METADATAENTRY(c:9): org.apache.ratis.thirdparty.io.grpc.StatusRuntimeException: CANCELLED: cancelled before receiving half close
2020-06-15 15:40:33,664 [24a75401-d909-4cbe-bf6e-d874185015ef@group-14F7D0E30960-StateMachineUpdater] INFO  ratis.ContainerStateMachine (ContainerStateMachine.java:takeSnapshot(299)) - group-14F7D0E30960: Finished taking a snapshot at:(t:5, i:17) file:/github/workspace/mnt/ozone/hadoop-ozone/integration-test/target/test-dir/MiniOzoneClusterImpl-821e280a-19ea-4536-9ce4-db87e8de49a0/datanode-5/data/ratis/a92e5d60-6bd7-4a35-8c33-14f7d0e30960/sm/snapshot.5_17 time:3
2020-06-15 15:40:33,664 [24a75401-d909-4cbe-bf6e-d874185015ef@group-14F7D0E30960-StateMachineUpdater] INFO  impl.StateMachineUpdater (StateMachineUpdater.java:takeSnapshot(277)) - 24a75401-d909-4cbe-bf6e-d874185015ef@group-14F7D0E30960-StateMachineUpdater: Took a snapshot at index 17
2020-06-15 15:40:33,664 [24a75401-d909-4cbe-bf6e-d874185015ef@group-14F7D0E30960-StateMachineUpdater] INFO  impl.StateMachineUpdater (StateMachineUpdater.java:lambda$new$0(87)) - 24a75401-d909-4cbe-bf6e-d874185015ef@group-14F7D0E30960-StateMachineUpdater: snapshotIndex: updateIncreasingly -1 -> 17
2020-06-15 15:40:33,664 [24a75401-d909-4cbe-bf6e-d874185015ef@group-14F7D0E30960-StateMachineUpdater] INFO  metrics.RatisMetrics (RatisMetrics.java:unregister(43)) - Unregistering Metrics Registry : ratis.state_machine.24a75401-d909-4cbe-bf6e-d874185015ef@group-14F7D0E30960
2020-06-15 15:40:33,665 [ForkJoinPool.commonPool-worker-1] INFO  server.GrpcService (GrpcService.java:closeImpl(174)) - 9a0e5fc2-eb4c-4ba8-8ae5-559cc84280be: shutdown server with port 37177 successfully
2020-06-15 15:40:33,665 [Listener at 127.0.0.1/33397] INFO  impl.StateMachineUpdater (StateMachineUpdater.java:stopAndJoin(142)) - 24a75401-d909-4cbe-bf6e-d874185015ef@group-14F7D0E30960-StateMachineUpdater: set stopIndex = 17
2020-06-15 15:40:33,665 [Listener at 127.0.0.1/33397] INFO  impl.RaftServerImpl (ServerState.java:close(387)) - 24a75401-d909-4cbe-bf6e-d874185015ef@group-14F7D0E30960: closes. applyIndex: 17
2020-06-15 15:40:33,676 [24a75401-d909-4cbe-bf6e-d874185015ef@group-14F7D0E30960-SegmentedRaftLogWorker] INFO  segmented.SegmentedRaftLogWorker (SegmentedRaftLogWorker.java:run(327)) - 24a75401-d909-4cbe-bf6e-d874185015ef@group-14F7D0E30960-SegmentedRaftLogWorker was interrupted, exiting. There are 0 tasks remaining in the queue.
2020-06-15 15:40:33,676 [grpc-default-executor-2] INFO  server.GrpcLogAppender (GrpcLogAppender.java:onCompleted(319)) - 24a75401-d909-4cbe-bf6e-d874185015ef@group-14F7D0E30960->bb2a17c4-da93-471c-baec-5cf2aa5cf94e-AppendLogResponseHandler: follower responses appendEntries COMPLETED
2020-06-15 15:40:33,677 [grpc-default-executor-4] WARN  server.GrpcLogAppender (LogUtils.java:warn(122)) - c912bb49-c5b6-43bc-8d73-0672ac2b0169@group-3A5C16CF8D5C->9a0e5fc2-eb4c-4ba8-8ae5-559cc84280be-AppendLogResponseHandler: Failed appendEntries: org.apache.ratis.thirdparty.io.grpc.StatusRuntimeException: CANCELLED: HTTP/2 error code: CANCEL
Received Rst Stream
2020-06-15 15:40:33,679 [Listener at 127.0.0.1/33397] INFO  segmented.SegmentedRaftLogWorker (SegmentedRaftLogWorker.java:close(234)) - 24a75401-d909-4cbe-bf6e-d874185015ef@group-14F7D0E30960-SegmentedRaftLogWorker close()
2020-06-15 15:40:33,679 [grpc-default-executor-4] INFO  impl.FollowerInfo (FollowerInfo.java:lambda$new$0(51)) - c912bb49-c5b6-43bc-8d73-0672ac2b0169@group-3A5C16CF8D5C->9a0e5fc2-eb4c-4ba8-8ae5-559cc84280be: nextIndex: updateUnconditionally 11 -> 10
2020-06-15 15:40:33,679 [ForkJoinPool.commonPool-worker-1] INFO  utils.BackgroundService (BackgroundService.java:shutdown(157)) - Shutting down service BlockDeletingService
2020-06-15 15:40:33,679 [grpc-default-executor-7] INFO  impl.FollowerInfo (FollowerInfo.java:lambda$new$0(51)) - 24a75401-d909-4cbe-bf6e-d874185015ef@group-14F7D0E30960->c922d5df-3bd1-4669-b221-1ae7b105f951: nextIndex: updateUnconditionally 18 -> 17
2020-06-15 15:40:33,681 [grpc-default-executor-2] INFO  impl.FollowerInfo (FollowerInfo.java:lambda$new$0(51)) - 24a75401-d909-4cbe-bf6e-d874185015ef@group-14F7D0E30960->bb2a17c4-da93-471c-baec-5cf2aa5cf94e: nextIndex: updateUnconditionally 18 -> 17
2020-06-15 15:40:33,681 [Listener at 127.0.0.1/33397] INFO  metrics.RatisMetrics (RatisMetrics.java:unregister(43)) - Unregistering Metrics Registry : ratis.log_worker.24a75401-d909-4cbe-bf6e-d874185015ef@group-14F7D0E30960
2020-06-15 15:40:33,681 [Listener at 127.0.0.1/33397] INFO  metrics.RatisMetrics (RatisMetrics.java:unregister(43)) - Unregistering Metrics Registry : ratis.leader_election.24a75401-d909-4cbe-bf6e-d874185015ef@group-14F7D0E30960
2020-06-15 15:40:33,681 [Listener at 127.0.0.1/33397] INFO  metrics.RatisMetrics (RatisMetrics.java:unregister(43)) - Unregistering Metrics Registry : ratis.server.24a75401-d909-4cbe-bf6e-d874185015ef@group-14F7D0E30960
2020-06-15 15:40:33,682 [Listener at 127.0.0.1/33397] INFO  server.GrpcService (GrpcService.java:closeImpl(166)) - 24a75401-d909-4cbe-bf6e-d874185015ef: shutdown server with port 38429 now
2020-06-15 15:40:33,684 [grpc-default-executor-7] WARN  client.GrpcClientProtocolService (LogUtils.java:warn(122)) - 2-UnorderedRequestStreamObserver2: onError: org.apache.ratis.thirdparty.io.grpc.StatusRuntimeException: CANCELLED: cancelled before receiving half close
2020-06-15 15:40:33,685 [Listener at 127.0.0.1/33397] INFO  server.GrpcService (GrpcService.java:closeImpl(174)) - 24a75401-d909-4cbe-bf6e-d874185015ef: shutdown server with port 38429 successfully
2020-06-15 15:40:33,685 [Listener at 127.0.0.1/33397] INFO  utils.BackgroundService (BackgroundService.java:shutdown(157)) - Shutting down service BlockDeletingService
2020-06-15 15:40:33,687 [ForkJoinPool.commonPool-worker-1] INFO  statemachine.DatanodeStateMachine (DatanodeStateMachine.java:stopDaemon(428)) - Ozone container server stopped.
2020-06-15 15:40:33,688 [Listener at 127.0.0.1/33397] INFO  statemachine.DatanodeStateMachine (DatanodeStateMachine.java:stopDaemon(428)) - Ozone container server stopped.
2020-06-15 15:40:33,689 [Listener at 127.0.0.1/33397] INFO  handler.ContextHandler (ContextHandler.java:doStop(1016)) - Stopped o.e.j.w.WebAppContext@71a3ccb0{hddsDatanode,/,null,UNAVAILABLE}{jar:file:/home/user/.m2/repository/org/apache/hadoop/hadoop-hdds-container-service/0.6.0-SNAPSHOT/hadoop-hdds-container-service-0.6.0-SNAPSHOT.jar!/webapps/hddsDatanode}
2020-06-15 15:40:33,690 [Listener at 127.0.0.1/33397] INFO  server.AbstractConnector (AbstractConnector.java:doStop(380)) - Stopped ServerConnector@2424b4aa{HTTP/1.1,[http/1.1]}{0.0.0.0:0}
2020-06-15 15:40:33,690 [Listener at 127.0.0.1/33397] INFO  server.session (HouseKeeper.java:stopScavenging(158)) - node0 Stopped scavenging
2020-06-15 15:40:33,690 [Listener at 127.0.0.1/33397] INFO  handler.ContextHandler (ContextHandler.java:doStop(1016)) - Stopped o.e.j.s.ServletContextHandler@dd3e15d{static,/static,jar:file:/home/user/.m2/repository/org/apache/hadoop/hadoop-hdds-container-service/0.6.0-SNAPSHOT/hadoop-hdds-container-service-0.6.0-SNAPSHOT.jar!/webapps/static,UNAVAILABLE}
2020-06-15 15:40:33,690 [Listener at 127.0.0.1/33397] INFO  handler.ContextHandler (ContextHandler.java:doStop(1016)) - Stopped o.e.j.s.ServletContextHandler@26059495{logs,/logs,file:///github/workspace/mnt/ozone/hadoop-ozone/integration-test/target/log,UNAVAILABLE}
2020-06-15 15:40:33,693 [ForkJoinPool.commonPool-worker-1] INFO  handler.ContextHandler (ContextHandler.java:doStop(1016)) - Stopped o.e.j.w.WebAppContext@6c8e07ba{hddsDatanode,/,null,UNAVAILABLE}{jar:file:/home/user/.m2/repository/org/apache/hadoop/hadoop-hdds-container-service/0.6.0-SNAPSHOT/hadoop-hdds-container-service-0.6.0-SNAPSHOT.jar!/webapps/hddsDatanode}
2020-06-15 15:40:33,694 [ForkJoinPool.commonPool-worker-1] INFO  server.AbstractConnector (AbstractConnector.java:doStop(380)) - Stopped ServerConnector@57b1b10e{HTTP/1.1,[http/1.1]}{0.0.0.0:0}
2020-06-15 15:40:33,694 [ForkJoinPool.commonPool-worker-1] INFO  server.session (HouseKeeper.java:stopScavenging(158)) - node0 Stopped scavenging
2020-06-15 15:40:33,695 [ForkJoinPool.commonPool-worker-1] INFO  handler.ContextHandler (ContextHandler.java:doStop(1016)) - Stopped o.e.j.s.ServletContextHandler@55146bce{static,/static,jar:file:/home/user/.m2/repository/org/apache/hadoop/hadoop-hdds-container-service/0.6.0-SNAPSHOT/hadoop-hdds-container-service-0.6.0-SNAPSHOT.jar!/webapps/static,UNAVAILABLE}
2020-06-15 15:40:33,696 [ForkJoinPool.commonPool-worker-1] INFO  handler.ContextHandler (ContextHandler.java:doStop(1016)) - Stopped o.e.j.s.ServletContextHandler@777c3012{logs,/logs,file:///github/workspace/mnt/ozone/hadoop-ozone/integration-test/target/log,UNAVAILABLE}
2020-06-15 15:40:34,146 [grpc-default-executor-2] WARN  server.GrpcLogAppender (LogUtils.java:warn(122)) - c912bb49-c5b6-43bc-8d73-0672ac2b0169@group-3A5C16CF8D5C->9a0e5fc2-eb4c-4ba8-8ae5-559cc84280be-AppendLogResponseHandler: Failed appendEntries: org.apache.ratis.thirdparty.io.grpc.StatusRuntimeException: UNAVAILABLE: io exception
2020-06-15 15:40:34,148 [grpc-default-executor-2] INFO  impl.FollowerInfo (FollowerInfo.java:lambda$new$0(51)) - c912bb49-c5b6-43bc-8d73-0672ac2b0169@group-3A5C16CF8D5C->9a0e5fc2-eb4c-4ba8-8ae5-559cc84280be: nextIndex: updateUnconditionally 11 -> 10
2020-06-15 15:40:34,371 [Datanode State Machine Thread - 0] INFO  statemachine.DatanodeStateMachine (DatanodeStateMachine.java:lambda$startDaemon$0(380)) - Ozone container server started.
2020-06-15 15:40:34,577 [Datanode State Machine Thread - 0] INFO  statemachine.DatanodeStateMachine (DatanodeStateMachine.java:lambda$startDaemon$0(380)) - Ozone container server started.
2020-06-15 15:40:34,645 [grpc-default-executor-7] WARN  server.GrpcLogAppender (LogUtils.java:warn(122)) - c912bb49-c5b6-43bc-8d73-0672ac2b0169@group-3A5C16CF8D5C->9a0e5fc2-eb4c-4ba8-8ae5-559cc84280be-AppendLogResponseHandler: Failed appendEntries: org.apache.ratis.thirdparty.io.grpc.StatusRuntimeException: UNAVAILABLE: io exception
2020-06-15 15:40:34,646 [grpc-default-executor-7] INFO  impl.FollowerInfo (FollowerInfo.java:lambda$new$0(51)) - c912bb49-c5b6-43bc-8d73-0672ac2b0169@group-3A5C16CF8D5C->9a0e5fc2-eb4c-4ba8-8ae5-559cc84280be: nextIndex: updateUnconditionally 11 -> 10
2020-06-15 15:40:35,017 [Thread-445] INFO  impl.FollowerState (FollowerState.java:run(108)) - bb2a17c4-da93-471c-baec-5cf2aa5cf94e@group-14F7D0E30960-FollowerState: change to CANDIDATE, lastRpcTime:1634ms, electionTimeout:1061ms
2020-06-15 15:40:35,017 [Thread-445] INFO  impl.RoleInfo (RoleInfo.java:shutdownFollowerState(121)) - bb2a17c4-da93-471c-baec-5cf2aa5cf94e: shutdown FollowerState
2020-06-15 15:40:35,017 [Thread-445] INFO  impl.RaftServerImpl (RaftServerImpl.java:setRole(175)) - bb2a17c4-da93-471c-baec-5cf2aa5cf94e@group-14F7D0E30960: changes role from  FOLLOWER to CANDIDATE at term 5 for changeToCandidate
2020-06-15 15:40:35,017 [Thread-445] INFO  impl.RoleInfo (RoleInfo.java:updateAndGet(143)) - bb2a17c4-da93-471c-baec-5cf2aa5cf94e: start LeaderElection
2020-06-15 15:40:35,019 [bb2a17c4-da93-471c-baec-5cf2aa5cf94e@group-14F7D0E30960-LeaderElection22] INFO  impl.RaftServerImpl (ServerState.java:setLeader(255)) - bb2a17c4-da93-471c-baec-5cf2aa5cf94e@group-14F7D0E30960: change Leader from 24a75401-d909-4cbe-bf6e-d874185015ef to null at term 5 for initElection
2020-06-15 15:40:35,020 [bb2a17c4-da93-471c-baec-5cf2aa5cf94e@group-14F7D0E30960-LeaderElection22] INFO  impl.LeaderElection (LeaderElection.java:askForVotes(206)) - bb2a17c4-da93-471c-baec-5cf2aa5cf94e@group-14F7D0E30960-LeaderElection22: begin an election at term 6 for 1: [bb2a17c4-da93-471c-baec-5cf2aa5cf94e:172.17.0.2:42619, 24a75401-d909-4cbe-bf6e-d874185015ef:172.17.0.2:38429, c922d5df-3bd1-4669-b221-1ae7b105f951:172.17.0.2:33715], old=null
2020-06-15 15:40:35,029 [bb2a17c4-da93-471c-baec-5cf2aa5cf94e@group-14F7D0E30960-LeaderElection22] INFO  impl.LeaderElection (LogUtils.java:infoOrTrace(137)) - bb2a17c4-da93-471c-baec-5cf2aa5cf94e@group-14F7D0E30960-LeaderElection22 got exception when requesting votes: java.util.concurrent.ExecutionException: org.apache.ratis.thirdparty.io.grpc.StatusRuntimeException: UNAVAILABLE: io exception
2020-06-15 15:40:35,030 [grpc-default-executor-7] INFO  impl.RaftServerImpl (ServerState.java:setLeader(255)) - c922d5df-3bd1-4669-b221-1ae7b105f951@group-14F7D0E30960: change Leader from 24a75401-d909-4cbe-bf6e-d874185015ef to null at term 6 for updateCurrentTerm
2020-06-15 15:40:35,030 [grpc-default-executor-7] INFO  impl.RaftServerImpl (RaftServerImpl.java:setRole(175)) - c922d5df-3bd1-4669-b221-1ae7b105f951@group-14F7D0E30960: changes role from  FOLLOWER to FOLLOWER at term 6 for recognizeCandidate:bb2a17c4-da93-471c-baec-5cf2aa5cf94e
2020-06-15 15:40:35,030 [grpc-default-executor-7] INFO  impl.RoleInfo (RoleInfo.java:shutdownFollowerState(121)) - c922d5df-3bd1-4669-b221-1ae7b105f951: shutdown FollowerState
2020-06-15 15:40:35,030 [grpc-default-executor-7] INFO  impl.RoleInfo (RoleInfo.java:updateAndGet(143)) - c922d5df-3bd1-4669-b221-1ae7b105f951: start FollowerState
2020-06-15 15:40:35,030 [Thread-446] INFO  impl.FollowerState (FollowerState.java:run(117)) - c922d5df-3bd1-4669-b221-1ae7b105f951@group-14F7D0E30960-FollowerState was interrupted: java.lang.InterruptedException: sleep interrupted
2020-06-15 15:40:35,043 [bb2a17c4-da93-471c-baec-5cf2aa5cf94e@group-14F7D0E30960-LeaderElection22] INFO  impl.LeaderElection (LeaderElection.java:logAndReturn(61)) - bb2a17c4-da93-471c-baec-5cf2aa5cf94e@group-14F7D0E30960-LeaderElection22: Election PASSED; received 1 response(s) [bb2a17c4-da93-471c-baec-5cf2aa5cf94e<-c922d5df-3bd1-4669-b221-1ae7b105f951#0:OK-t6] and 1 exception(s); bb2a17c4-da93-471c-baec-5cf2aa5cf94e@group-14F7D0E30960:t6, leader=null, voted=bb2a17c4-da93-471c-baec-5cf2aa5cf94e, raftlog=bb2a17c4-da93-471c-baec-5cf2aa5cf94e@group-14F7D0E30960-SegmentedRaftLog:OPENED:c17,f17,i17, conf=1: [bb2a17c4-da93-471c-baec-5cf2aa5cf94e:172.17.0.2:42619, 24a75401-d909-4cbe-bf6e-d874185015ef:172.17.0.2:38429, c922d5df-3bd1-4669-b221-1ae7b105f951:172.17.0.2:33715], old=null
2020-06-15 15:40:35,043 [bb2a17c4-da93-471c-baec-5cf2aa5cf94e@group-14F7D0E30960-LeaderElection22] INFO  impl.LeaderElection (LogUtils.java:infoOrTrace(137)) -   Exception 0: java.util.concurrent.ExecutionException: org.apache.ratis.thirdparty.io.grpc.StatusRuntimeException: UNAVAILABLE: io exception
2020-06-15 15:40:35,043 [bb2a17c4-da93-471c-baec-5cf2aa5cf94e@group-14F7D0E30960-LeaderElection22] INFO  impl.RoleInfo (RoleInfo.java:shutdownLeaderElection(134)) - bb2a17c4-da93-471c-baec-5cf2aa5cf94e: shutdown LeaderElection
2020-06-15 15:40:35,044 [bb2a17c4-da93-471c-baec-5cf2aa5cf94e@group-14F7D0E30960-LeaderElection22] INFO  impl.RaftServerImpl (RaftServerImpl.java:setRole(175)) - bb2a17c4-da93-471c-baec-5cf2aa5cf94e@group-14F7D0E30960: changes role from CANDIDATE to LEADER at term 6 for changeToLeader
2020-06-15 15:40:35,044 [bb2a17c4-da93-471c-baec-5cf2aa5cf94e@group-14F7D0E30960-LeaderElection22] INFO  ratis.XceiverServerRatis (XceiverServerRatis.java:handleLeaderChangedNotification(762)) - Leader change notification received for group: group-14F7D0E30960 with new leaderId: bb2a17c4-da93-471c-baec-5cf2aa5cf94e
2020-06-15 15:40:35,044 [bb2a17c4-da93-471c-baec-5cf2aa5cf94e@group-14F7D0E30960-LeaderElection22] INFO  impl.RaftServerImpl (ServerState.java:setLeader(255)) - bb2a17c4-da93-471c-baec-5cf2aa5cf94e@group-14F7D0E30960: change Leader from null to bb2a17c4-da93-471c-baec-5cf2aa5cf94e at term 6 for becomeLeader, leader elected after 25ms
2020-06-15 15:40:35,045 [bb2a17c4-da93-471c-baec-5cf2aa5cf94e@group-14F7D0E30960-LeaderElection22] INFO  server.RaftServerConfigKeys (ConfUtils.java:logGet(44)) - raft.server.staging.catchup.gap = 1000 (default)
2020-06-15 15:40:35,045 [bb2a17c4-da93-471c-baec-5cf2aa5cf94e@group-14F7D0E30960-LeaderElection22] INFO  server.RaftServerConfigKeys (ConfUtils.java:logGet(44)) - raft.server.rpc.sleep.time = 25ms (default)
2020-06-15 15:40:35,045 [bb2a17c4-da93-471c-baec-5cf2aa5cf94e@group-14F7D0E30960-LeaderElection22] INFO  metrics.RatisMetrics (RatisMetrics.java:lambda$create$0(36)) - Creating Metrics Registry : ratis.log_appender.bb2a17c4-da93-471c-baec-5cf2aa5cf94e@group-14F7D0E30960
2020-06-15 15:40:35,045 [bb2a17c4-da93-471c-baec-5cf2aa5cf94e@group-14F7D0E30960-LeaderElection22] INFO  server.RaftServerConfigKeys (ConfUtils.java:logGet(44)) - raft.server.write.element-limit = 1024 (custom)
2020-06-15 15:40:35,045 [bb2a17c4-da93-471c-baec-5cf2aa5cf94e@group-14F7D0E30960-LeaderElection22] INFO  server.RaftServerConfigKeys (ConfUtils.java:logGet(44)) - raft.server.write.byte-limit = 1073741824 (custom)
2020-06-15 15:40:35,045 [bb2a17c4-da93-471c-baec-5cf2aa5cf94e@group-14F7D0E30960-LeaderElection22] INFO  server.RaftServerConfigKeys (ConfUtils.java:logGet(44)) - raft.server.watch.timeout = 3s (custom)
2020-06-15 15:40:35,046 [bb2a17c4-da93-471c-baec-5cf2aa5cf94e@group-14F7D0E30960-LeaderElection22] INFO  server.RaftServerConfigKeys (ConfUtils.java:logGet(44)) - raft.server.watch.timeout.denomination = 1s (default)
2020-06-15 15:40:35,046 [bb2a17c4-da93-471c-baec-5cf2aa5cf94e@group-14F7D0E30960-LeaderElection22] INFO  server.RaftServerConfigKeys (ConfUtils.java:logGet(44)) - raft.server.watch.element-limit = 65536 (default)
2020-06-15 15:40:35,046 [bb2a17c4-da93-471c-baec-5cf2aa5cf94e@group-14F7D0E30960-LeaderElection22] INFO  server.RaftServerConfigKeys (ConfUtils.java:logGet(44)) - raft.server.log.appender.snapshot.chunk.size.max = 16MB (=16777216) (default)
2020-06-15 15:40:35,046 [bb2a17c4-da93-471c-baec-5cf2aa5cf94e@group-14F7D0E30960-LeaderElection22] INFO  server.RaftServerConfigKeys (ConfUtils.java:logGet(44)) - raft.server.log.appender.buffer.byte-limit = 33554432 (custom)
2020-06-15 15:40:35,046 [bb2a17c4-da93-471c-baec-5cf2aa5cf94e@group-14F7D0E30960-LeaderElection22] INFO  server.RaftServerConfigKeys (ConfUtils.java:logGet(44)) - raft.server.log.appender.buffer.element-limit = 1 (custom)
2020-06-15 15:40:35,046 [bb2a17c4-da93-471c-baec-5cf2aa5cf94e@group-14F7D0E30960-LeaderElection22] INFO  grpc.GrpcConfigKeys (ConfUtils.java:logGet(44)) - raft.grpc.server.leader.outstanding.appends.max = 128 (default)
2020-06-15 15:40:35,046 [bb2a17c4-da93-471c-baec-5cf2aa5cf94e@group-14F7D0E30960-LeaderElection22] INFO  server.RaftServerConfigKeys (ConfUtils.java:logGet(44)) - raft.server.rpc.request.timeout = 3s (default)
2020-06-15 15:40:35,046 [bb2a17c4-da93-471c-baec-5cf2aa5cf94e@group-14F7D0E30960-LeaderElection22] INFO  server.RaftServerConfigKeys (ConfUtils.java:logGet(44)) - raft.server.log.appender.install.snapshot.enabled = false (custom)
2020-06-15 15:40:35,046 [bb2a17c4-da93-471c-baec-5cf2aa5cf94e@group-14F7D0E30960-LeaderElection22] INFO  metrics.RatisMetrics (RatisMetrics.java:lambda$create$0(36)) - Creating Metrics Registry : ratis_grpc.log_appender.bb2a17c4-da93-471c-baec-5cf2aa5cf94e@group-14F7D0E30960
2020-06-15 15:40:35,048 [bb2a17c4-da93-471c-baec-5cf2aa5cf94e@group-14F7D0E30960-LeaderElection22] INFO  server.RaftServerConfigKeys (ConfUtils.java:logGet(44)) - raft.server.log.appender.snapshot.chunk.size.max = 16MB (=16777216) (default)
2020-06-15 15:40:35,048 [bb2a17c4-da93-471c-baec-5cf2aa5cf94e@group-14F7D0E30960-LeaderElection22] INFO  server.RaftServerConfigKeys (ConfUtils.java:logGet(44)) - raft.server.log.appender.buffer.byte-limit = 33554432 (custom)
2020-06-15 15:40:35,048 [bb2a17c4-da93-471c-baec-5cf2aa5cf94e@group-14F7D0E30960-LeaderElection22] INFO  server.RaftServerConfigKeys (ConfUtils.java:logGet(44)) - raft.server.log.appender.buffer.element-limit = 1 (custom)
2020-06-15 15:40:35,048 [bb2a17c4-da93-471c-baec-5cf2aa5cf94e@group-14F7D0E30960-LeaderElection22] INFO  grpc.GrpcConfigKeys (ConfUtils.java:logGet(44)) - raft.grpc.server.leader.outstanding.appends.max = 128 (default)
2020-06-15 15:40:35,048 [bb2a17c4-da93-471c-baec-5cf2aa5cf94e@group-14F7D0E30960-LeaderElection22] INFO  server.RaftServerConfigKeys (ConfUtils.java:logGet(44)) - raft.server.rpc.request.timeout = 3s (default)
2020-06-15 15:40:35,049 [bb2a17c4-da93-471c-baec-5cf2aa5cf94e@group-14F7D0E30960-LeaderElection22] INFO  server.RaftServerConfigKeys (ConfUtils.java:logGet(44)) - raft.server.log.appender.install.snapshot.enabled = false (custom)
2020-06-15 15:40:35,049 [bb2a17c4-da93-471c-baec-5cf2aa5cf94e@group-14F7D0E30960-LeaderElection22] INFO  impl.RoleInfo (RoleInfo.java:updateAndGet(143)) - bb2a17c4-da93-471c-baec-5cf2aa5cf94e: start LeaderState
2020-06-15 15:40:35,049 [bb2a17c4-da93-471c-baec-5cf2aa5cf94e@group-14F7D0E30960-LeaderElection22] INFO  segmented.SegmentedRaftLogWorker (SegmentedRaftLogWorker.java:rollLogSegment(402)) - bb2a17c4-da93-471c-baec-5cf2aa5cf94e@group-14F7D0E30960-SegmentedRaftLogWorker: Rolling segment log-1_17 to index:17
2020-06-15 15:40:35,050 [bb2a17c4-da93-471c-baec-5cf2aa5cf94e@group-14F7D0E30960-SegmentedRaftLogWorker] INFO  segmented.SegmentedRaftLogWorker (SegmentedRaftLogWorker.java:execute(553)) - bb2a17c4-da93-471c-baec-5cf2aa5cf94e@group-14F7D0E30960-SegmentedRaftLogWorker: Rolled log segment from /github/workspace/mnt/ozone/hadoop-ozone/integration-test/target/test-dir/MiniOzoneClusterImpl-821e280a-19ea-4536-9ce4-db87e8de49a0/datanode-3/data/ratis/a92e5d60-6bd7-4a35-8c33-14f7d0e30960/current/log_inprogress_1 to /github/workspace/mnt/ozone/hadoop-ozone/integration-test/target/test-dir/MiniOzoneClusterImpl-821e280a-19ea-4536-9ce4-db87e8de49a0/datanode-3/data/ratis/a92e5d60-6bd7-4a35-8c33-14f7d0e30960/current/log_1-17
2020-06-15 15:40:35,066 [bb2a17c4-da93-471c-baec-5cf2aa5cf94e@group-14F7D0E30960-SegmentedRaftLogWorker] INFO  segmented.SegmentedRaftLogWorker (SegmentedRaftLogWorker.java:execute(596)) - bb2a17c4-da93-471c-baec-5cf2aa5cf94e@group-14F7D0E30960-SegmentedRaftLogWorker: created new log segment /github/workspace/mnt/ozone/hadoop-ozone/integration-test/target/test-dir/MiniOzoneClusterImpl-821e280a-19ea-4536-9ce4-db87e8de49a0/datanode-3/data/ratis/a92e5d60-6bd7-4a35-8c33-14f7d0e30960/current/log_inprogress_18
2020-06-15 15:40:35,067 [bb2a17c4-da93-471c-baec-5cf2aa5cf94e@group-14F7D0E30960-LeaderElection22] INFO  impl.RaftServerImpl (ServerState.java:setRaftConf(356)) - bb2a17c4-da93-471c-baec-5cf2aa5cf94e@group-14F7D0E30960: set configuration 18: [bb2a17c4-da93-471c-baec-5cf2aa5cf94e:172.17.0.2:42619, 24a75401-d909-4cbe-bf6e-d874185015ef:172.17.0.2:38429, c922d5df-3bd1-4669-b221-1ae7b105f951:172.17.0.2:33715], old=null at 18
2020-06-15 15:40:35,072 [grpc-default-executor-2] WARN  server.GrpcLogAppender (LogUtils.java:warn(122)) - bb2a17c4-da93-471c-baec-5cf2aa5cf94e@group-14F7D0E30960->24a75401-d909-4cbe-bf6e-d874185015ef-AppendLogResponseHandler: Failed appendEntries: org.apache.ratis.thirdparty.io.grpc.StatusRuntimeException: UNAVAILABLE: io exception
2020-06-15 15:40:35,074 [grpc-default-executor-7] INFO  ratis.XceiverServerRatis (XceiverServerRatis.java:handleLeaderChangedNotification(762)) - Leader change notification received for group: group-14F7D0E30960 with new leaderId: bb2a17c4-da93-471c-baec-5cf2aa5cf94e
2020-06-15 15:40:35,074 [grpc-default-executor-7] INFO  impl.RaftServerImpl (ServerState.java:setLeader(255)) - c922d5df-3bd1-4669-b221-1ae7b105f951@group-14F7D0E30960: change Leader from null to bb2a17c4-da93-471c-baec-5cf2aa5cf94e at term 6 for appendEntries, leader elected after 44ms
2020-06-15 15:40:35,076 [grpc-default-executor-7] INFO  impl.RaftServerImpl (ServerState.java:setRaftConf(356)) - c922d5df-3bd1-4669-b221-1ae7b105f951@group-14F7D0E30960: set configuration 18: [bb2a17c4-da93-471c-baec-5cf2aa5cf94e:172.17.0.2:42619, 24a75401-d909-4cbe-bf6e-d874185015ef:172.17.0.2:38429, c922d5df-3bd1-4669-b221-1ae7b105f951:172.17.0.2:33715], old=null at 18
2020-06-15 15:40:35,076 [grpc-default-executor-7] INFO  segmented.SegmentedRaftLogWorker (SegmentedRaftLogWorker.java:rollLogSegment(402)) - c922d5df-3bd1-4669-b221-1ae7b105f951@group-14F7D0E30960-SegmentedRaftLogWorker: Rolling segment log-1_17 to index:17
2020-06-15 15:40:35,082 [c922d5df-3bd1-4669-b221-1ae7b105f951@group-14F7D0E30960-SegmentedRaftLogWorker] INFO  segmented.SegmentedRaftLogWorker (SegmentedRaftLogWorker.java:execute(553)) - c922d5df-3bd1-4669-b221-1ae7b105f951@group-14F7D0E30960-SegmentedRaftLogWorker: Rolled log segment from /github/workspace/mnt/ozone/hadoop-ozone/integration-test/target/test-dir/MiniOzoneClusterImpl-821e280a-19ea-4536-9ce4-db87e8de49a0/datanode-4/data/ratis/a92e5d60-6bd7-4a35-8c33-14f7d0e30960/current/log_inprogress_1 to /github/workspace/mnt/ozone/hadoop-ozone/integration-test/target/test-dir/MiniOzoneClusterImpl-821e280a-19ea-4536-9ce4-db87e8de49a0/datanode-4/data/ratis/a92e5d60-6bd7-4a35-8c33-14f7d0e30960/current/log_1-17
2020-06-15 15:40:35,082 [grpc-default-executor-2] INFO  impl.FollowerInfo (FollowerInfo.java:lambda$new$0(51)) - bb2a17c4-da93-471c-baec-5cf2aa5cf94e@group-14F7D0E30960->24a75401-d909-4cbe-bf6e-d874185015ef: nextIndex: updateUnconditionally 19 -> 1
2020-06-15 15:40:35,084 [c922d5df-3bd1-4669-b221-1ae7b105f951@group-14F7D0E30960-SegmentedRaftLogWorker] INFO  segmented.SegmentedRaftLogWorker (SegmentedRaftLogWorker.java:execute(596)) - c922d5df-3bd1-4669-b221-1ae7b105f951@group-14F7D0E30960-SegmentedRaftLogWorker: created new log segment /github/workspace/mnt/ozone/hadoop-ozone/integration-test/target/test-dir/MiniOzoneClusterImpl-821e280a-19ea-4536-9ce4-db87e8de49a0/datanode-4/data/ratis/a92e5d60-6bd7-4a35-8c33-14f7d0e30960/current/log_inprogress_18
2020-06-15 15:40:35,091 [grpc-default-executor-7] WARN  server.GrpcLogAppender (LogUtils.java:warn(122)) - bb2a17c4-da93-471c-baec-5cf2aa5cf94e@group-14F7D0E30960->24a75401-d909-4cbe-bf6e-d874185015ef-AppendLogResponseHandler: Failed appendEntries: org.apache.ratis.thirdparty.io.grpc.StatusRuntimeException: UNAVAILABLE: io exception
2020-06-15 15:40:35,094 [grpc-default-executor-7] INFO  impl.FollowerInfo (FollowerInfo.java:lambda$new$0(51)) - bb2a17c4-da93-471c-baec-5cf2aa5cf94e@group-14F7D0E30960->24a75401-d909-4cbe-bf6e-d874185015ef: nextIndex: updateUnconditionally 2 -> 1
2020-06-15 15:40:35,102 [grpc-default-executor-2] WARN  server.GrpcLogAppender (LogUtils.java:warn(122)) - bb2a17c4-da93-471c-baec-5cf2aa5cf94e@group-14F7D0E30960->24a75401-d909-4cbe-bf6e-d874185015ef-AppendLogResponseHandler: Failed appendEntries: org.apache.ratis.thirdparty.io.grpc.StatusRuntimeException: UNAVAILABLE: io exception
2020-06-15 15:40:35,103 [grpc-default-executor-2] INFO  impl.FollowerInfo (FollowerInfo.java:lambda$new$0(51)) - bb2a17c4-da93-471c-baec-5cf2aa5cf94e@group-14F7D0E30960->24a75401-d909-4cbe-bf6e-d874185015ef: nextIndex: updateUnconditionally 2 -> 1
2020-06-15 15:40:35,147 [grpc-default-executor-7] WARN  server.GrpcLogAppender (LogUtils.java:warn(122)) - c912bb49-c5b6-43bc-8d73-0672ac2b0169@group-3A5C16CF8D5C->9a0e5fc2-eb4c-4ba8-8ae5-559cc84280be-AppendLogResponseHandler: Failed appendEntries: org.apache.ratis.thirdparty.io.grpc.StatusRuntimeException: UNAVAILABLE: io exception
2020-06-15 15:40:35,149 [grpc-default-executor-7] INFO  impl.FollowerInfo (FollowerInfo.java:lambda$new$0(51)) - c912bb49-c5b6-43bc-8d73-0672ac2b0169@group-3A5C16CF8D5C->9a0e5fc2-eb4c-4ba8-8ae5-559cc84280be: nextIndex: updateUnconditionally 11 -> 10
2020-06-15 15:40:35,599 [grpc-default-executor-2] WARN  server.GrpcLogAppender (LogUtils.java:warn(122)) - bb2a17c4-da93-471c-baec-5cf2aa5cf94e@group-14F7D0E30960->24a75401-d909-4cbe-bf6e-d874185015ef-AppendLogResponseHandler: Failed appendEntries: org.apache.ratis.thirdparty.io.grpc.StatusRuntimeException: UNAVAILABLE: io exception
2020-06-15 15:40:35,600 [grpc-default-executor-2] INFO  impl.FollowerInfo (FollowerInfo.java:lambda$new$0(51)) - bb2a17c4-da93-471c-baec-5cf2aa5cf94e@group-14F7D0E30960->24a75401-d909-4cbe-bf6e-d874185015ef: nextIndex: updateUnconditionally 2 -> 1
2020-06-15 15:40:35,650 [grpc-default-executor-7] WARN  server.GrpcLogAppender (LogUtils.java:warn(122)) - c912bb49-c5b6-43bc-8d73-0672ac2b0169@group-3A5C16CF8D5C->9a0e5fc2-eb4c-4ba8-8ae5-559cc84280be-AppendLogResponseHandler: Failed appendEntries: org.apache.ratis.thirdparty.io.grpc.StatusRuntimeException: UNAVAILABLE: io exception
2020-06-15 15:40:35,651 [grpc-default-executor-7] INFO  impl.FollowerInfo (FollowerInfo.java:lambda$new$0(51)) - c912bb49-c5b6-43bc-8d73-0672ac2b0169@group-3A5C16CF8D5C->9a0e5fc2-eb4c-4ba8-8ae5-559cc84280be: nextIndex: updateUnconditionally 11 -> 10
2020-06-15 15:40:36,101 [grpc-default-executor-2] WARN  server.GrpcLogAppender (LogUtils.java:warn(122)) - bb2a17c4-da93-471c-baec-5cf2aa5cf94e@group-14F7D0E30960->24a75401-d909-4cbe-bf6e-d874185015ef-AppendLogResponseHandler: Failed appendEntries: org.apache.ratis.thirdparty.io.grpc.StatusRuntimeException: UNAVAILABLE: io exception
2020-06-15 15:40:36,103 [grpc-default-executor-2] INFO  impl.FollowerInfo (FollowerInfo.java:lambda$new$0(51)) - bb2a17c4-da93-471c-baec-5cf2aa5cf94e@group-14F7D0E30960->24a75401-d909-4cbe-bf6e-d874185015ef: nextIndex: updateUnconditionally 2 -> 1
2020-06-15 15:40:36,152 [grpc-default-executor-7] WARN  server.GrpcLogAppender (LogUtils.java:warn(122)) - c912bb49-c5b6-43bc-8d73-0672ac2b0169@group-3A5C16CF8D5C->9a0e5fc2-eb4c-4ba8-8ae5-559cc84280be-AppendLogResponseHandler: Failed appendEntries: org.apache.ratis.thirdparty.io.grpc.StatusRuntimeException: UNAVAILABLE: io exception
2020-06-15 15:40:36,153 [grpc-default-executor-7] INFO  impl.FollowerInfo (FollowerInfo.java:lambda$new$0(51)) - c912bb49-c5b6-43bc-8d73-0672ac2b0169@group-3A5C16CF8D5C->9a0e5fc2-eb4c-4ba8-8ae5-559cc84280be: nextIndex: updateUnconditionally 11 -> 10
2020-06-15 15:40:36,602 [grpc-default-executor-2] WARN  server.GrpcLogAppender (LogUtils.java:warn(122)) - bb2a17c4-da93-471c-baec-5cf2aa5cf94e@group-14F7D0E30960->24a75401-d909-4cbe-bf6e-d874185015ef-AppendLogResponseHandler: Failed appendEntries: org.apache.ratis.thirdparty.io.grpc.StatusRuntimeException: UNAVAILABLE: io exception
2020-06-15 15:40:36,604 [grpc-default-executor-2] INFO  impl.FollowerInfo (FollowerInfo.java:lambda$new$0(51)) - bb2a17c4-da93-471c-baec-5cf2aa5cf94e@group-14F7D0E30960->24a75401-d909-4cbe-bf6e-d874185015ef: nextIndex: updateUnconditionally 2 -> 1
2020-06-15 15:40:36,654 [grpc-default-executor-7] WARN  server.GrpcLogAppender (LogUtils.java:warn(122)) - c912bb49-c5b6-43bc-8d73-0672ac2b0169@group-3A5C16CF8D5C->9a0e5fc2-eb4c-4ba8-8ae5-559cc84280be-AppendLogResponseHandler: Failed appendEntries: org.apache.ratis.thirdparty.io.grpc.StatusRuntimeException: UNAVAILABLE: io exception
2020-06-15 15:40:36,658 [grpc-default-executor-7] INFO  impl.FollowerInfo (FollowerInfo.java:lambda$new$0(51)) - c912bb49-c5b6-43bc-8d73-0672ac2b0169@group-3A5C16CF8D5C->9a0e5fc2-eb4c-4ba8-8ae5-559cc84280be: nextIndex: updateUnconditionally 11 -> 10
2020-06-15 15:40:37,106 [grpc-default-executor-2] WARN  server.GrpcLogAppender (LogUtils.java:warn(122)) - bb2a17c4-da93-471c-baec-5cf2aa5cf94e@group-14F7D0E30960->24a75401-d909-4cbe-bf6e-d874185015ef-AppendLogResponseHandler: Failed appendEntries: org.apache.ratis.thirdparty.io.grpc.StatusRuntimeException: UNAVAILABLE: io exception
2020-06-15 15:40:37,110 [grpc-default-executor-2] INFO  impl.FollowerInfo (FollowerInfo.java:lambda$new$0(51)) - bb2a17c4-da93-471c-baec-5cf2aa5cf94e@group-14F7D0E30960->24a75401-d909-4cbe-bf6e-d874185015ef: nextIndex: updateUnconditionally 2 -> 1
2020-06-15 15:40:37,159 [grpc-default-executor-7] WARN  server.GrpcLogAppender (LogUtils.java:warn(122)) - c912bb49-c5b6-43bc-8d73-0672ac2b0169@group-3A5C16CF8D5C->9a0e5fc2-eb4c-4ba8-8ae5-559cc84280be-AppendLogResponseHandler: Failed appendEntries: org.apache.ratis.thirdparty.io.grpc.StatusRuntimeException: UNAVAILABLE: io exception
2020-06-15 15:40:37,161 [grpc-default-executor-7] INFO  impl.FollowerInfo (FollowerInfo.java:lambda$new$0(51)) - c912bb49-c5b6-43bc-8d73-0672ac2b0169@group-3A5C16CF8D5C->9a0e5fc2-eb4c-4ba8-8ae5-559cc84280be: nextIndex: updateUnconditionally 11 -> 10
2020-06-15 15:40:37,609 [grpc-default-executor-2] WARN  server.GrpcLogAppender (LogUtils.java:warn(122)) - bb2a17c4-da93-471c-baec-5cf2aa5cf94e@group-14F7D0E30960->24a75401-d909-4cbe-bf6e-d874185015ef-AppendLogResponseHandler: Failed appendEntries: org.apache.ratis.thirdparty.io.grpc.StatusRuntimeException: UNAVAILABLE: io exception
2020-06-15 15:40:37,617 [grpc-default-executor-2] INFO  impl.FollowerInfo (FollowerInfo.java:lambda$new$0(51)) - bb2a17c4-da93-471c-baec-5cf2aa5cf94e@group-14F7D0E30960->24a75401-d909-4cbe-bf6e-d874185015ef: nextIndex: updateUnconditionally 2 -> 1
2020-06-15 15:40:37,660 [grpc-default-executor-7] WARN  server.GrpcLogAppender (LogUtils.java:warn(122)) - c912bb49-c5b6-43bc-8d73-0672ac2b0169@group-3A5C16CF8D5C->9a0e5fc2-eb4c-4ba8-8ae5-559cc84280be-AppendLogResponseHandler: Failed appendEntries: org.apache.ratis.thirdparty.io.grpc.StatusRuntimeException: UNAVAILABLE: io exception
2020-06-15 15:40:37,663 [grpc-default-executor-7] INFO  impl.FollowerInfo (FollowerInfo.java:lambda$new$0(51)) - c912bb49-c5b6-43bc-8d73-0672ac2b0169@group-3A5C16CF8D5C->9a0e5fc2-eb4c-4ba8-8ae5-559cc84280be: nextIndex: updateUnconditionally 11 -> 10
2020-06-15 15:40:38,112 [grpc-default-executor-2] WARN  server.GrpcLogAppender (LogUtils.java:warn(122)) - bb2a17c4-da93-471c-baec-5cf2aa5cf94e@group-14F7D0E30960->24a75401-d909-4cbe-bf6e-d874185015ef-AppendLogResponseHandler: Failed appendEntries: org.apache.ratis.thirdparty.io.grpc.StatusRuntimeException: UNAVAILABLE: io exception
2020-06-15 15:40:38,113 [grpc-default-executor-2] INFO  impl.FollowerInfo (FollowerInfo.java:lambda$new$0(51)) - bb2a17c4-da93-471c-baec-5cf2aa5cf94e@group-14F7D0E30960->24a75401-d909-4cbe-bf6e-d874185015ef: nextIndex: updateUnconditionally 2 -> 1
2020-06-15 15:40:38,162 [grpc-default-executor-7] WARN  server.GrpcLogAppender (LogUtils.java:warn(122)) - c912bb49-c5b6-43bc-8d73-0672ac2b0169@group-3A5C16CF8D5C->9a0e5fc2-eb4c-4ba8-8ae5-559cc84280be-AppendLogResponseHandler: Failed appendEntries: org.apache.ratis.thirdparty.io.grpc.StatusRuntimeException: UNAVAILABLE: io exception
2020-06-15 15:40:38,163 [grpc-default-executor-7] INFO  impl.FollowerInfo (FollowerInfo.java:lambda$new$0(51)) - c912bb49-c5b6-43bc-8d73-0672ac2b0169@group-3A5C16CF8D5C->9a0e5fc2-eb4c-4ba8-8ae5-559cc84280be: nextIndex: updateUnconditionally 11 -> 10
2020-06-15 15:40:38,615 [grpc-default-executor-2] WARN  server.GrpcLogAppender (LogUtils.java:warn(122)) - bb2a17c4-da93-471c-baec-5cf2aa5cf94e@group-14F7D0E30960->24a75401-d909-4cbe-bf6e-d874185015ef-AppendLogResponseHandler: Failed appendEntries: org.apache.ratis.thirdparty.io.grpc.StatusRuntimeException: UNAVAILABLE: io exception
2020-06-15 15:40:38,616 [grpc-default-executor-2] INFO  impl.FollowerInfo (FollowerInfo.java:lambda$new$0(51)) - bb2a17c4-da93-471c-baec-5cf2aa5cf94e@group-14F7D0E30960->24a75401-d909-4cbe-bf6e-d874185015ef: nextIndex: updateUnconditionally 2 -> 1
2020-06-15 15:40:38,669 [grpc-default-executor-7] WARN  server.GrpcLogAppender (LogUtils.java:warn(122)) - c912bb49-c5b6-43bc-8d73-0672ac2b0169@group-3A5C16CF8D5C->9a0e5fc2-eb4c-4ba8-8ae5-559cc84280be-AppendLogResponseHandler: Failed appendEntries: org.apache.ratis.thirdparty.io.grpc.StatusRuntimeException: UNAVAILABLE: io exception
2020-06-15 15:40:38,671 [grpc-default-executor-7] INFO  impl.FollowerInfo (FollowerInfo.java:lambda$new$0(51)) - c912bb49-c5b6-43bc-8d73-0672ac2b0169@group-3A5C16CF8D5C->9a0e5fc2-eb4c-4ba8-8ae5-559cc84280be: nextIndex: updateUnconditionally 11 -> 10
2020-06-15 15:40:38,692 [Listener at 127.0.0.1/33397] INFO  ozoneimpl.OzoneContainer (OzoneContainer.java:stop(246)) - Attempting to stop container services.
2020-06-15 15:40:38,692 [Listener at 127.0.0.1/33397] INFO  impl.RaftServerProxy (RaftServerProxy.java:lambda$close$4(319)) - f695cbb9-a461-4428-8d13-756fae3d1d34: close
2020-06-15 15:40:38,693 [Listener at 127.0.0.1/33397] INFO  impl.RaftServerImpl (RaftServerImpl.java:lambda$shutdown$3(252)) - f695cbb9-a461-4428-8d13-756fae3d1d34@group-CD3007EAEE61: shutdown
2020-06-15 15:40:38,693 [Listener at 127.0.0.1/33397] INFO  util.JmxRegister (JmxRegister.java:unregister(73)) - Successfully un-registered JMX Bean with object name Ratis:service=RaftServer,group=group-CD3007EAEE61,id=f695cbb9-a461-4428-8d13-756fae3d1d34
2020-06-15 15:40:38,693 [Listener at 127.0.0.1/33397] INFO  impl.RoleInfo (RoleInfo.java:shutdownLeaderState(104)) - f695cbb9-a461-4428-8d13-756fae3d1d34: shutdown LeaderState
2020-06-15 15:40:38,693 [Listener at 127.0.0.1/33397] INFO  impl.PendingRequests (PendingRequests.java:sendNotLeaderResponses(249)) - f695cbb9-a461-4428-8d13-756fae3d1d34@group-CD3007EAEE61-PendingRequests: sendNotLeaderResponses
2020-06-15 15:40:38,694 [Listener at 127.0.0.1/33397] INFO  metrics.RatisMetrics (RatisMetrics.java:unregister(43)) - Unregistering Metrics Registry : ratis.log_appender.f695cbb9-a461-4428-8d13-756fae3d1d34@group-CD3007EAEE61
2020-06-15 15:40:38,694 [Listener at 127.0.0.1/33397] INFO  metrics.RatisMetrics (RatisMetrics.java:unregister(43)) - Unregistering Metrics Registry : ratis.server.f695cbb9-a461-4428-8d13-756fae3d1d34@group-CD3007EAEE61
2020-06-15 15:40:38,694 [Listener at 127.0.0.1/33397] INFO  impl.StateMachineUpdater (StateMachineUpdater.java:stopAndJoin(142)) - f695cbb9-a461-4428-8d13-756fae3d1d34@group-CD3007EAEE61-StateMachineUpdater: set stopIndex = 0
2020-06-15 15:40:38,695 [f695cbb9-a461-4428-8d13-756fae3d1d34@group-CD3007EAEE61-StateMachineUpdater] INFO  ratis.ContainerStateMachine (ContainerStateMachine.java:takeSnapshot(288)) - group-CD3007EAEE61: Taking a snapshot at:(t:1, i:0) file /github/workspace/mnt/ozone/hadoop-ozone/integration-test/target/test-dir/MiniOzoneClusterImpl-821e280a-19ea-4536-9ce4-db87e8de49a0/datanode-6/data/ratis/9a321a2b-0523-44f6-90f1-cd3007eaee61/sm/snapshot.1_0
2020-06-15 15:40:38,696 [f695cbb9-a461-4428-8d13-756fae3d1d34@group-CD3007EAEE61-StateMachineUpdater] INFO  ratis.ContainerStateMachine (ContainerStateMachine.java:takeSnapshot(299)) - group-CD3007EAEE61: Finished taking a snapshot at:(t:1, i:0) file:/github/workspace/mnt/ozone/hadoop-ozone/integration-test/target/test-dir/MiniOzoneClusterImpl-821e280a-19ea-4536-9ce4-db87e8de49a0/datanode-6/data/ratis/9a321a2b-0523-44f6-90f1-cd3007eaee61/sm/snapshot.1_0 time:0
2020-06-15 15:40:38,696 [f695cbb9-a461-4428-8d13-756fae3d1d34@group-CD3007EAEE61-StateMachineUpdater] INFO  impl.StateMachineUpdater (StateMachineUpdater.java:takeSnapshot(277)) - f695cbb9-a461-4428-8d13-756fae3d1d34@group-CD3007EAEE61-StateMachineUpdater: Took a snapshot at index 0
2020-06-15 15:40:38,696 [f695cbb9-a461-4428-8d13-756fae3d1d34@group-CD3007EAEE61-StateMachineUpdater] INFO  impl.StateMachineUpdater (StateMachineUpdater.java:lambda$new$0(87)) - f695cbb9-a461-4428-8d13-756fae3d1d34@group-CD3007EAEE61-StateMachineUpdater: snapshotIndex: updateIncreasingly -1 -> 0
2020-06-15 15:40:38,696 [f695cbb9-a461-4428-8d13-756fae3d1d34@group-CD3007EAEE61-StateMachineUpdater] INFO  metrics.RatisMetrics (RatisMetrics.java:unregister(43)) - Unregistering Metrics Registry : ratis.state_machine.f695cbb9-a461-4428-8d13-756fae3d1d34@group-CD3007EAEE61
2020-06-15 15:40:38,696 [Listener at 127.0.0.1/33397] INFO  impl.RaftServerImpl (ServerState.java:close(387)) - f695cbb9-a461-4428-8d13-756fae3d1d34@group-CD3007EAEE61: closes. applyIndex: 0
2020-06-15 15:40:38,697 [f695cbb9-a461-4428-8d13-756fae3d1d34@group-CD3007EAEE61-SegmentedRaftLogWorker] INFO  segmented.SegmentedRaftLogWorker (SegmentedRaftLogWorker.java:run(327)) - f695cbb9-a461-4428-8d13-756fae3d1d34@group-CD3007EAEE61-SegmentedRaftLogWorker was interrupted, exiting. There are 0 tasks remaining in the queue.
2020-06-15 15:40:38,698 [Listener at 127.0.0.1/33397] INFO  segmented.SegmentedRaftLogWorker (SegmentedRaftLogWorker.java:close(234)) - f695cbb9-a461-4428-8d13-756fae3d1d34@group-CD3007EAEE61-SegmentedRaftLogWorker close()
2020-06-15 15:40:38,699 [Listener at 127.0.0.1/33397] INFO  metrics.RatisMetrics (RatisMetrics.java:unregister(43)) - Unregistering Metrics Registry : ratis.log_worker.f695cbb9-a461-4428-8d13-756fae3d1d34@group-CD3007EAEE61
2020-06-15 15:40:38,699 [ForkJoinPool.commonPool-worker-1] INFO  ozoneimpl.OzoneContainer (OzoneContainer.java:stop(246)) - Attempting to stop container services.
2020-06-15 15:40:38,700 [ForkJoinPool.commonPool-worker-1] INFO  impl.RaftServerProxy (RaftServerProxy.java:lambda$close$4(319)) - bb2a17c4-da93-471c-baec-5cf2aa5cf94e: close
2020-06-15 15:40:38,700 [ForkJoinPool.commonPool-worker-1] INFO  impl.RaftServerImpl (RaftServerImpl.java:lambda$shutdown$3(252)) - bb2a17c4-da93-471c-baec-5cf2aa5cf94e@group-AA9654AB1AA0: shutdown
2020-06-15 15:40:38,700 [ForkJoinPool.commonPool-worker-1] INFO  util.JmxRegister (JmxRegister.java:unregister(73)) - Successfully un-registered JMX Bean with object name Ratis:service=RaftServer,group=group-AA9654AB1AA0,id=bb2a17c4-da93-471c-baec-5cf2aa5cf94e
2020-06-15 15:40:38,700 [ForkJoinPool.commonPool-worker-1] INFO  impl.RoleInfo (RoleInfo.java:shutdownLeaderState(104)) - bb2a17c4-da93-471c-baec-5cf2aa5cf94e: shutdown LeaderState
2020-06-15 15:40:38,700 [ForkJoinPool.commonPool-worker-1] INFO  impl.PendingRequests (PendingRequests.java:sendNotLeaderResponses(249)) - bb2a17c4-da93-471c-baec-5cf2aa5cf94e@group-AA9654AB1AA0-PendingRequests: sendNotLeaderResponses
2020-06-15 15:40:38,700 [ForkJoinPool.commonPool-worker-1] INFO  metrics.RatisMetrics (RatisMetrics.java:unregister(43)) - Unregistering Metrics Registry : ratis.log_appender.bb2a17c4-da93-471c-baec-5cf2aa5cf94e@group-AA9654AB1AA0
2020-06-15 15:40:38,701 [ForkJoinPool.commonPool-worker-1] INFO  metrics.RatisMetrics (RatisMetrics.java:unregister(43)) - Unregistering Metrics Registry : ratis.server.bb2a17c4-da93-471c-baec-5cf2aa5cf94e@group-AA9654AB1AA0
2020-06-15 15:40:38,701 [ForkJoinPool.commonPool-worker-1] INFO  impl.StateMachineUpdater (StateMachineUpdater.java:stopAndJoin(142)) - bb2a17c4-da93-471c-baec-5cf2aa5cf94e@group-AA9654AB1AA0-StateMachineUpdater: set stopIndex = 0
2020-06-15 15:40:38,702 [bb2a17c4-da93-471c-baec-5cf2aa5cf94e@group-AA9654AB1AA0-StateMachineUpdater] INFO  ratis.ContainerStateMachine (ContainerStateMachine.java:takeSnapshot(288)) - group-AA9654AB1AA0: Taking a snapshot at:(t:1, i:0) file /github/workspace/mnt/ozone/hadoop-ozone/integration-test/target/test-dir/MiniOzoneClusterImpl-821e280a-19ea-4536-9ce4-db87e8de49a0/datanode-3/data/ratis/643289b8-3b67-42f9-94ce-aa9654ab1aa0/sm/snapshot.1_0
2020-06-15 15:40:38,702 [Listener at 127.0.0.1/33397] INFO  metrics.RatisMetrics (RatisMetrics.java:unregister(43)) - Unregistering Metrics Registry : ratis.leader_election.f695cbb9-a461-4428-8d13-756fae3d1d34@group-CD3007EAEE61
2020-06-15 15:40:38,702 [Listener at 127.0.0.1/33397] INFO  metrics.RatisMetrics (RatisMetrics.java:unregister(43)) - Unregistering Metrics Registry : ratis.server.f695cbb9-a461-4428-8d13-756fae3d1d34@group-CD3007EAEE61
2020-06-15 15:40:38,702 [bb2a17c4-da93-471c-baec-5cf2aa5cf94e@group-AA9654AB1AA0-StateMachineUpdater] INFO  ratis.ContainerStateMachine (ContainerStateMachine.java:takeSnapshot(299)) - group-AA9654AB1AA0: Finished taking a snapshot at:(t:1, i:0) file:/github/workspace/mnt/ozone/hadoop-ozone/integration-test/target/test-dir/MiniOzoneClusterImpl-821e280a-19ea-4536-9ce4-db87e8de49a0/datanode-3/data/ratis/643289b8-3b67-42f9-94ce-aa9654ab1aa0/sm/snapshot.1_0 time:1
2020-06-15 15:40:38,703 [bb2a17c4-da93-471c-baec-5cf2aa5cf94e@group-AA9654AB1AA0-StateMachineUpdater] INFO  impl.StateMachineUpdater (StateMachineUpdater.java:takeSnapshot(277)) - bb2a17c4-da93-471c-baec-5cf2aa5cf94e@group-AA9654AB1AA0-StateMachineUpdater: Took a snapshot at index 0
2020-06-15 15:40:38,703 [bb2a17c4-da93-471c-baec-5cf2aa5cf94e@group-AA9654AB1AA0-StateMachineUpdater] INFO  impl.StateMachineUpdater (StateMachineUpdater.java:lambda$new$0(87)) - bb2a17c4-da93-471c-baec-5cf2aa5cf94e@group-AA9654AB1AA0-StateMachineUpdater: snapshotIndex: updateIncreasingly -1 -> 0
2020-06-15 15:40:38,703 [bb2a17c4-da93-471c-baec-5cf2aa5cf94e@group-AA9654AB1AA0-StateMachineUpdater] INFO  metrics.RatisMetrics (RatisMetrics.java:unregister(43)) - Unregistering Metrics Registry : ratis.state_machine.bb2a17c4-da93-471c-baec-5cf2aa5cf94e@group-AA9654AB1AA0
2020-06-15 15:40:38,703 [ForkJoinPool.commonPool-worker-1] INFO  impl.RaftServerImpl (ServerState.java:close(387)) - bb2a17c4-da93-471c-baec-5cf2aa5cf94e@group-AA9654AB1AA0: closes. applyIndex: 0
2020-06-15 15:40:38,703 [Listener at 127.0.0.1/33397] INFO  impl.RaftServerImpl (RaftServerImpl.java:lambda$shutdown$3(252)) - f695cbb9-a461-4428-8d13-756fae3d1d34@group-45C8AE79FB34: shutdown
2020-06-15 15:40:38,703 [bb2a17c4-da93-471c-baec-5cf2aa5cf94e@group-AA9654AB1AA0-SegmentedRaftLogWorker] INFO  segmented.SegmentedRaftLogWorker (SegmentedRaftLogWorker.java:run(327)) - bb2a17c4-da93-471c-baec-5cf2aa5cf94e@group-AA9654AB1AA0-SegmentedRaftLogWorker was interrupted, exiting. There are 0 tasks remaining in the queue.
2020-06-15 15:40:38,705 [Listener at 127.0.0.1/33397] INFO  util.JmxRegister (JmxRegister.java:unregister(73)) - Successfully un-registered JMX Bean with object name Ratis:service=RaftServer,group=group-45C8AE79FB34,id=f695cbb9-a461-4428-8d13-756fae3d1d34
2020-06-15 15:40:38,705 [ForkJoinPool.commonPool-worker-1] INFO  segmented.SegmentedRaftLogWorker (SegmentedRaftLogWorker.java:close(234)) - bb2a17c4-da93-471c-baec-5cf2aa5cf94e@group-AA9654AB1AA0-SegmentedRaftLogWorker close()
2020-06-15 15:40:38,707 [ForkJoinPool.commonPool-worker-1] INFO  metrics.RatisMetrics (RatisMetrics.java:unregister(43)) - Unregistering Metrics Registry : ratis.log_worker.bb2a17c4-da93-471c-baec-5cf2aa5cf94e@group-AA9654AB1AA0
2020-06-15 15:40:38,707 [ForkJoinPool.commonPool-worker-1] INFO  metrics.RatisMetrics (RatisMetrics.java:unregister(43)) - Unregistering Metrics Registry : ratis.leader_election.bb2a17c4-da93-471c-baec-5cf2aa5cf94e@group-AA9654AB1AA0
2020-06-15 15:40:38,707 [ForkJoinPool.commonPool-worker-1] INFO  metrics.RatisMetrics (RatisMetrics.java:unregister(43)) - Unregistering Metrics Registry : ratis.server.bb2a17c4-da93-471c-baec-5cf2aa5cf94e@group-AA9654AB1AA0
2020-06-15 15:40:38,707 [ForkJoinPool.commonPool-worker-1] INFO  impl.RaftServerImpl (RaftServerImpl.java:lambda$shutdown$3(252)) - bb2a17c4-da93-471c-baec-5cf2aa5cf94e@group-14F7D0E30960: shutdown
2020-06-15 15:40:38,707 [ForkJoinPool.commonPool-worker-1] INFO  util.JmxRegister (JmxRegister.java:unregister(73)) - Successfully un-registered JMX Bean with object name Ratis:service=RaftServer,group=group-14F7D0E30960,id=bb2a17c4-da93-471c-baec-5cf2aa5cf94e
2020-06-15 15:40:38,707 [ForkJoinPool.commonPool-worker-1] INFO  impl.RoleInfo (RoleInfo.java:shutdownLeaderState(104)) - bb2a17c4-da93-471c-baec-5cf2aa5cf94e: shutdown LeaderState
2020-06-15 15:40:38,708 [ForkJoinPool.commonPool-worker-1] INFO  metrics.RatisMetrics (RatisMetrics.java:unregister(43)) - Unregistering Metrics Registry : ratis_grpc.log_appender.bb2a17c4-da93-471c-baec-5cf2aa5cf94e@group-14F7D0E30960
2020-06-15 15:40:38,708 [Listener at 127.0.0.1/33397] INFO  impl.RoleInfo (RoleInfo.java:shutdownLeaderState(104)) - f695cbb9-a461-4428-8d13-756fae3d1d34: shutdown LeaderState
2020-06-15 15:40:38,709 [Listener at 127.0.0.1/33397] INFO  metrics.RatisMetrics (RatisMetrics.java:unregister(43)) - Unregistering Metrics Registry : ratis_grpc.log_appender.f695cbb9-a461-4428-8d13-756fae3d1d34@group-45C8AE79FB34
2020-06-15 15:40:38,708 [org.apache.ratis.server.impl.LogAppender$AppenderDaemon$$Lambda$438/99317469@14626741] WARN  server.GrpcLogAppender (GrpcLogAppender.java:mayWait(153)) - bb2a17c4-da93-471c-baec-5cf2aa5cf94e@group-14F7D0E30960->24a75401-d909-4cbe-bf6e-d874185015ef-GrpcLogAppender: Wait interrupted by java.lang.InterruptedException
2020-06-15 15:40:38,708 [ForkJoinPool.commonPool-worker-1] INFO  metrics.RatisMetrics (RatisMetrics.java:unregister(43)) - Unregistering Metrics Registry : ratis_grpc.log_appender.bb2a17c4-da93-471c-baec-5cf2aa5cf94e@group-14F7D0E30960
2020-06-15 15:40:38,710 [ForkJoinPool.commonPool-worker-1] INFO  impl.PendingRequests (PendingRequests.java:sendNotLeaderResponses(249)) - bb2a17c4-da93-471c-baec-5cf2aa5cf94e@group-14F7D0E30960-PendingRequests: sendNotLeaderResponses
2020-06-15 15:40:38,710 [org.apache.ratis.server.impl.LogAppender$AppenderDaemon$$Lambda$438/99317469@7b2dccee] WARN  server.GrpcLogAppender (GrpcLogAppender.java:mayWait(153)) - bb2a17c4-da93-471c-baec-5cf2aa5cf94e@group-14F7D0E30960->c922d5df-3bd1-4669-b221-1ae7b105f951-GrpcLogAppender: Wait interrupted by java.lang.InterruptedException
2020-06-15 15:40:38,710 [ForkJoinPool.commonPool-worker-1] INFO  metrics.RatisMetrics (RatisMetrics.java:unregister(43)) - Unregistering Metrics Registry : ratis.log_appender.bb2a17c4-da93-471c-baec-5cf2aa5cf94e@group-14F7D0E30960
2020-06-15 15:40:38,711 [grpc-default-executor-7] INFO  server.GrpcServerProtocolService (GrpcServerProtocolService.java:onCompleted(138)) - c922d5df-3bd1-4669-b221-1ae7b105f951: Completed APPEND_ENTRIES, lastRequest: bb2a17c4-da93-471c-baec-5cf2aa5cf94e->c922d5df-3bd1-4669-b221-1ae7b105f951#2-t6, previous=(t:6, i:18), leaderCommit=18, initializing? false, entries: size=1, first=(t:6, i:19), METADATAENTRY(c:18)
2020-06-15 15:40:38,711 [ForkJoinPool.commonPool-worker-1] INFO  metrics.RatisMetrics (RatisMetrics.java:unregister(43)) - Unregistering Metrics Registry : ratis.server.bb2a17c4-da93-471c-baec-5cf2aa5cf94e@group-14F7D0E30960
2020-06-15 15:40:38,712 [grpc-default-executor-7] INFO  server.GrpcLogAppender (GrpcLogAppender.java:onCompleted(319)) - bb2a17c4-da93-471c-baec-5cf2aa5cf94e@group-14F7D0E30960->c922d5df-3bd1-4669-b221-1ae7b105f951-AppendLogResponseHandler: follower responses appendEntries COMPLETED
2020-06-15 15:40:38,713 [grpc-default-executor-7] INFO  impl.FollowerInfo (FollowerInfo.java:lambda$new$0(51)) - bb2a17c4-da93-471c-baec-5cf2aa5cf94e@group-14F7D0E30960->c922d5df-3bd1-4669-b221-1ae7b105f951: nextIndex: updateUnconditionally 20 -> 19
2020-06-15 15:40:38,713 [bb2a17c4-da93-471c-baec-5cf2aa5cf94e@group-14F7D0E30960-StateMachineUpdater] INFO  ratis.ContainerStateMachine (ContainerStateMachine.java:takeSnapshot(288)) - group-14F7D0E30960: Taking a snapshot at:(t:6, i:19) file /github/workspace/mnt/ozone/hadoop-ozone/integration-test/target/test-dir/MiniOzoneClusterImpl-821e280a-19ea-4536-9ce4-db87e8de49a0/datanode-3/data/ratis/a92e5d60-6bd7-4a35-8c33-14f7d0e30960/sm/snapshot.6_19
2020-06-15 15:40:38,714 [ForkJoinPool.commonPool-worker-1] INFO  impl.StateMachineUpdater (StateMachineUpdater.java:stopAndJoin(142)) - bb2a17c4-da93-471c-baec-5cf2aa5cf94e@group-14F7D0E30960-StateMachineUpdater: set stopIndex = 19
2020-06-15 15:40:38,714 [org.apache.ratis.server.impl.LogAppender$AppenderDaemon$$Lambda$438/99317469@7185e65e] WARN  server.GrpcLogAppender (GrpcLogAppender.java:mayWait(153)) - f695cbb9-a461-4428-8d13-756fae3d1d34@group-45C8AE79FB34->1555e715-5c6c-4e2d-b7e6-f10fa5f487d3-GrpcLogAppender: Wait interrupted by java.lang.InterruptedException
2020-06-15 15:40:38,714 [grpc-default-executor-7] INFO  server.GrpcServerProtocolService (GrpcServerProtocolService.java:onCompleted(138)) - 1555e715-5c6c-4e2d-b7e6-f10fa5f487d3: Completed APPEND_ENTRIES, lastRequest: f695cbb9-a461-4428-8d13-756fae3d1d34->1555e715-5c6c-4e2d-b7e6-f10fa5f487d3#1-t2, previous=(t:0, i:0), leaderCommit=-1, initializing? false, entries: size=1, first=(t:2, i:0), CONFIGURATIONENTRY
2020-06-15 15:40:38,715 [grpc-default-executor-2] INFO  server.GrpcLogAppender (GrpcLogAppender.java:onCompleted(319)) - f695cbb9-a461-4428-8d13-756fae3d1d34@group-45C8AE79FB34->1555e715-5c6c-4e2d-b7e6-f10fa5f487d3-AppendLogResponseHandler: follower responses appendEntries COMPLETED
2020-06-15 15:40:38,716 [grpc-default-executor-2] INFO  impl.FollowerInfo (FollowerInfo.java:lambda$new$0(51)) - f695cbb9-a461-4428-8d13-756fae3d1d34@group-45C8AE79FB34->1555e715-5c6c-4e2d-b7e6-f10fa5f487d3: nextIndex: updateUnconditionally 1 -> 0
2020-06-15 15:40:38,716 [bb2a17c4-da93-471c-baec-5cf2aa5cf94e@group-14F7D0E30960-StateMachineUpdater] INFO  ratis.ContainerStateMachine (ContainerStateMachine.java:takeSnapshot(299)) - group-14F7D0E30960: Finished taking a snapshot at:(t:6, i:19) file:/github/workspace/mnt/ozone/hadoop-ozone/integration-test/target/test-dir/MiniOzoneClusterImpl-821e280a-19ea-4536-9ce4-db87e8de49a0/datanode-3/data/ratis/a92e5d60-6bd7-4a35-8c33-14f7d0e30960/sm/snapshot.6_19 time:3
2020-06-15 15:40:38,716 [bb2a17c4-da93-471c-baec-5cf2aa5cf94e@group-14F7D0E30960-StateMachineUpdater] INFO  impl.StateMachineUpdater (StateMachineUpdater.java:takeSnapshot(277)) - bb2a17c4-da93-471c-baec-5cf2aa5cf94e@group-14F7D0E30960-StateMachineUpdater: Took a snapshot at index 19
2020-06-15 15:40:38,716 [bb2a17c4-da93-471c-baec-5cf2aa5cf94e@group-14F7D0E30960-StateMachineUpdater] INFO  impl.StateMachineUpdater (StateMachineUpdater.java:lambda$new$0(87)) - bb2a17c4-da93-471c-baec-5cf2aa5cf94e@group-14F7D0E30960-StateMachineUpdater: snapshotIndex: updateIncreasingly -1 -> 19
2020-06-15 15:40:38,717 [bb2a17c4-da93-471c-baec-5cf2aa5cf94e@group-14F7D0E30960-StateMachineUpdater] INFO  metrics.RatisMetrics (RatisMetrics.java:unregister(43)) - Unregistering Metrics Registry : ratis.state_machine.bb2a17c4-da93-471c-baec-5cf2aa5cf94e@group-14F7D0E30960
2020-06-15 15:40:38,717 [ForkJoinPool.commonPool-worker-1] INFO  impl.RaftServerImpl (ServerState.java:close(387)) - bb2a17c4-da93-471c-baec-5cf2aa5cf94e@group-14F7D0E30960: closes. applyIndex: 19
2020-06-15 15:40:38,718 [Listener at 127.0.0.1/33397] INFO  metrics.RatisMetrics (RatisMetrics.java:unregister(43)) - Unregistering Metrics Registry : ratis_grpc.log_appender.f695cbb9-a461-4428-8d13-756fae3d1d34@group-45C8AE79FB34
2020-06-15 15:40:38,718 [bb2a17c4-da93-471c-baec-5cf2aa5cf94e@group-14F7D0E30960-SegmentedRaftLogWorker] INFO  segmented.SegmentedRaftLogWorker (SegmentedRaftLogWorker.java:run(327)) - bb2a17c4-da93-471c-baec-5cf2aa5cf94e@group-14F7D0E30960-SegmentedRaftLogWorker was interrupted, exiting. There are 0 tasks remaining in the queue.
2020-06-15 15:40:38,719 [ForkJoinPool.commonPool-worker-1] INFO  segmented.SegmentedRaftLogWorker (SegmentedRaftLogWorker.java:close(234)) - bb2a17c4-da93-471c-baec-5cf2aa5cf94e@group-14F7D0E30960-SegmentedRaftLogWorker close()
2020-06-15 15:40:38,719 [org.apache.ratis.server.impl.LogAppender$AppenderDaemon$$Lambda$438/99317469@2eb7a9c4] WARN  server.GrpcLogAppender (GrpcLogAppender.java:mayWait(153)) - f695cbb9-a461-4428-8d13-756fae3d1d34@group-45C8AE79FB34->76787e2a-cdc9-4e9e-a68d-44f13553fe3c-GrpcLogAppender: Wait interrupted by java.lang.InterruptedException
2020-06-15 15:40:38,719 [grpc-default-executor-7] INFO  server.GrpcServerProtocolService (GrpcServerProtocolService.java:onCompleted(138)) - 76787e2a-cdc9-4e9e-a68d-44f13553fe3c: Completed APPEND_ENTRIES, lastRequest: f695cbb9-a461-4428-8d13-756fae3d1d34->76787e2a-cdc9-4e9e-a68d-44f13553fe3c#1-t2, previous=(t:0, i:0), leaderCommit=0, initializing? false, entries: size=1, first=(t:2, i:0), CONFIGURATIONENTRY
2020-06-15 15:40:38,720 [grpc-default-executor-2] INFO  server.GrpcLogAppender (GrpcLogAppender.java:onCompleted(319)) - f695cbb9-a461-4428-8d13-756fae3d1d34@group-45C8AE79FB34->76787e2a-cdc9-4e9e-a68d-44f13553fe3c-AppendLogResponseHandler: follower responses appendEntries COMPLETED
2020-06-15 15:40:38,721 [grpc-default-executor-2] INFO  impl.FollowerInfo (FollowerInfo.java:lambda$new$0(51)) - f695cbb9-a461-4428-8d13-756fae3d1d34@group-45C8AE79FB34->76787e2a-cdc9-4e9e-a68d-44f13553fe3c: nextIndex: updateUnconditionally 1 -> 0
2020-06-15 15:40:38,722 [Listener at 127.0.0.1/33397] INFO  impl.PendingRequests (PendingRequests.java:sendNotLeaderResponses(249)) - f695cbb9-a461-4428-8d13-756fae3d1d34@group-45C8AE79FB34-PendingRequests: sendNotLeaderResponses
2020-06-15 15:40:38,722 [Listener at 127.0.0.1/33397] INFO  metrics.RatisMetrics (RatisMetrics.java:unregister(43)) - Unregistering Metrics Registry : ratis.log_appender.f695cbb9-a461-4428-8d13-756fae3d1d34@group-45C8AE79FB34
2020-06-15 15:40:38,722 [Listener at 127.0.0.1/33397] INFO  metrics.RatisMetrics (RatisMetrics.java:unregister(43)) - Unregistering Metrics Registry : ratis.server.f695cbb9-a461-4428-8d13-756fae3d1d34@group-45C8AE79FB34
2020-06-15 15:40:38,723 [Listener at 127.0.0.1/33397] INFO  impl.StateMachineUpdater (StateMachineUpdater.java:stopAndJoin(142)) - f695cbb9-a461-4428-8d13-756fae3d1d34@group-45C8AE79FB34-StateMachineUpdater: set stopIndex = 0
2020-06-15 15:40:38,723 [f695cbb9-a461-4428-8d13-756fae3d1d34@group-45C8AE79FB34-StateMachineUpdater] INFO  ratis.ContainerStateMachine (ContainerStateMachine.java:takeSnapshot(288)) - group-45C8AE79FB34: Taking a snapshot at:(t:2, i:0) file /github/workspace/mnt/ozone/hadoop-ozone/integration-test/target/test-dir/MiniOzoneClusterImpl-821e280a-19ea-4536-9ce4-db87e8de49a0/datanode-6/data/ratis/7efe5cd7-55cc-4aa9-9f53-45c8ae79fb34/sm/snapshot.2_0
2020-06-15 15:40:38,724 [ForkJoinPool.commonPool-worker-1] INFO  metrics.RatisMetrics (RatisMetrics.java:unregister(43)) - Unregistering Metrics Registry : ratis.log_worker.bb2a17c4-da93-471c-baec-5cf2aa5cf94e@group-14F7D0E30960
2020-06-15 15:40:38,724 [f695cbb9-a461-4428-8d13-756fae3d1d34@group-45C8AE79FB34-StateMachineUpdater] INFO  ratis.ContainerStateMachine (ContainerStateMachine.java:takeSnapshot(299)) - group-45C8AE79FB34: Finished taking a snapshot at:(t:2, i:0) file:/github/workspace/mnt/ozone/hadoop-ozone/integration-test/target/test-dir/MiniOzoneClusterImpl-821e280a-19ea-4536-9ce4-db87e8de49a0/datanode-6/data/ratis/7efe5cd7-55cc-4aa9-9f53-45c8ae79fb34/sm/snapshot.2_0 time:1
2020-06-15 15:40:38,724 [f695cbb9-a461-4428-8d13-756fae3d1d34@group-45C8AE79FB34-StateMachineUpdater] INFO  impl.StateMachineUpdater (StateMachineUpdater.java:takeSnapshot(277)) - f695cbb9-a461-4428-8d13-756fae3d1d34@group-45C8AE79FB34-StateMachineUpdater: Took a snapshot at index 0
2020-06-15 15:40:38,724 [f695cbb9-a461-4428-8d13-756fae3d1d34@group-45C8AE79FB34-StateMachineUpdater] INFO  impl.StateMachineUpdater (StateMachineUpdater.java:lambda$new$0(87)) - f695cbb9-a461-4428-8d13-756fae3d1d34@group-45C8AE79FB34-StateMachineUpdater: snapshotIndex: updateIncreasingly -1 -> 0
2020-06-15 15:40:38,724 [f695cbb9-a461-4428-8d13-756fae3d1d34@group-45C8AE79FB34-StateMachineUpdater] INFO  metrics.RatisMetrics (RatisMetrics.java:unregister(43)) - Unregistering Metrics Registry : ratis.state_machine.f695cbb9-a461-4428-8d13-756fae3d1d34@group-45C8AE79FB34
2020-06-15 15:40:38,725 [ForkJoinPool.commonPool-worker-1] INFO  metrics.RatisMetrics (RatisMetrics.java:unregister(43)) - Unregistering Metrics Registry : ratis.leader_election.bb2a17c4-da93-471c-baec-5cf2aa5cf94e@group-14F7D0E30960
2020-06-15 15:40:38,725 [ForkJoinPool.commonPool-worker-1] INFO  metrics.RatisMetrics (RatisMetrics.java:unregister(43)) - Unregistering Metrics Registry : ratis.server.bb2a17c4-da93-471c-baec-5cf2aa5cf94e@group-14F7D0E30960
2020-06-15 15:40:38,725 [ForkJoinPool.commonPool-worker-1] INFO  server.GrpcService (GrpcService.java:closeImpl(166)) - bb2a17c4-da93-471c-baec-5cf2aa5cf94e: shutdown server with port 42619 now
2020-06-15 15:40:38,725 [Listener at 127.0.0.1/33397] INFO  impl.RaftServerImpl (ServerState.java:close(387)) - f695cbb9-a461-4428-8d13-756fae3d1d34@group-45C8AE79FB34: closes. applyIndex: 0
2020-06-15 15:40:38,727 [ForkJoinPool.commonPool-worker-1] INFO  server.GrpcService (GrpcService.java:closeImpl(174)) - bb2a17c4-da93-471c-baec-5cf2aa5cf94e: shutdown server with port 42619 successfully
2020-06-15 15:40:38,727 [f695cbb9-a461-4428-8d13-756fae3d1d34@group-45C8AE79FB34-SegmentedRaftLogWorker] INFO  segmented.SegmentedRaftLogWorker (SegmentedRaftLogWorker.java:run(327)) - f695cbb9-a461-4428-8d13-756fae3d1d34@group-45C8AE79FB34-SegmentedRaftLogWorker was interrupted, exiting. There are 0 tasks remaining in the queue.
2020-06-15 15:40:38,731 [Listener at 127.0.0.1/33397] INFO  segmented.SegmentedRaftLogWorker (SegmentedRaftLogWorker.java:close(234)) - f695cbb9-a461-4428-8d13-756fae3d1d34@group-45C8AE79FB34-SegmentedRaftLogWorker close()
2020-06-15 15:40:38,735 [ForkJoinPool.commonPool-worker-1] INFO  utils.BackgroundService (BackgroundService.java:shutdown(157)) - Shutting down service BlockDeletingService
2020-06-15 15:40:38,737 [Listener at 127.0.0.1/33397] INFO  metrics.RatisMetrics (RatisMetrics.java:unregister(43)) - Unregistering Metrics Registry : ratis.log_worker.f695cbb9-a461-4428-8d13-756fae3d1d34@group-45C8AE79FB34
2020-06-15 15:40:38,738 [Listener at 127.0.0.1/33397] INFO  metrics.RatisMetrics (RatisMetrics.java:unregister(43)) - Unregistering Metrics Registry : ratis.leader_election.f695cbb9-a461-4428-8d13-756fae3d1d34@group-45C8AE79FB34
2020-06-15 15:40:38,738 [Listener at 127.0.0.1/33397] INFO  metrics.RatisMetrics (RatisMetrics.java:unregister(43)) - Unregistering Metrics Registry : ratis.server.f695cbb9-a461-4428-8d13-756fae3d1d34@group-45C8AE79FB34
2020-06-15 15:40:38,738 [Listener at 127.0.0.1/33397] INFO  server.GrpcService (GrpcService.java:closeImpl(166)) - f695cbb9-a461-4428-8d13-756fae3d1d34: shutdown server with port 40579 now
2020-06-15 15:40:38,739 [ForkJoinPool.commonPool-worker-1] INFO  statemachine.DatanodeStateMachine (DatanodeStateMachine.java:stopDaemon(428)) - Ozone container server stopped.
2020-06-15 15:40:38,742 [Listener at 127.0.0.1/33397] INFO  server.GrpcService (GrpcService.java:closeImpl(174)) - f695cbb9-a461-4428-8d13-756fae3d1d34: shutdown server with port 40579 successfully
2020-06-15 15:40:38,747 [ForkJoinPool.commonPool-worker-1] INFO  handler.ContextHandler (ContextHandler.java:doStop(1016)) - Stopped o.e.j.w.WebAppContext@42c96a84{hddsDatanode,/,null,UNAVAILABLE}{jar:file:/home/user/.m2/repository/org/apache/hadoop/hadoop-hdds-container-service/0.6.0-SNAPSHOT/hadoop-hdds-container-service-0.6.0-SNAPSHOT.jar!/webapps/hddsDatanode}
2020-06-15 15:40:38,747 [Listener at 127.0.0.1/33397] INFO  utils.BackgroundService (BackgroundService.java:shutdown(157)) - Shutting down service BlockDeletingService
2020-06-15 15:40:38,756 [ForkJoinPool.commonPool-worker-1] INFO  server.AbstractConnector (AbstractConnector.java:doStop(380)) - Stopped ServerConnector@50791748{HTTP/1.1,[http/1.1]}{0.0.0.0:0}
2020-06-15 15:40:38,757 [ForkJoinPool.commonPool-worker-1] INFO  server.session (HouseKeeper.java:stopScavenging(158)) - node0 Stopped scavenging
2020-06-15 15:40:38,757 [ForkJoinPool.commonPool-worker-1] INFO  handler.ContextHandler (ContextHandler.java:doStop(1016)) - Stopped o.e.j.s.ServletContextHandler@7b0ea2d0{static,/static,jar:file:/home/user/.m2/repository/org/apache/hadoop/hadoop-hdds-container-service/0.6.0-SNAPSHOT/hadoop-hdds-container-service-0.6.0-SNAPSHOT.jar!/webapps/static,UNAVAILABLE}
2020-06-15 15:40:38,758 [Listener at 127.0.0.1/33397] INFO  statemachine.DatanodeStateMachine (DatanodeStateMachine.java:stopDaemon(428)) - Ozone container server stopped.
2020-06-15 15:40:38,758 [ForkJoinPool.commonPool-worker-1] INFO  handler.ContextHandler (ContextHandler.java:doStop(1016)) - Stopped o.e.j.s.ServletContextHandler@3f8a59d3{logs,/logs,file:///github/workspace/mnt/ozone/hadoop-ozone/integration-test/target/log,UNAVAILABLE}
2020-06-15 15:40:38,761 [Listener at 127.0.0.1/33397] INFO  handler.ContextHandler (ContextHandler.java:doStop(1016)) - Stopped o.e.j.w.WebAppContext@470c1bb0{hddsDatanode,/,null,UNAVAILABLE}{jar:file:/home/user/.m2/repository/org/apache/hadoop/hadoop-hdds-container-service/0.6.0-SNAPSHOT/hadoop-hdds-container-service-0.6.0-SNAPSHOT.jar!/webapps/hddsDatanode}
2020-06-15 15:40:38,763 [Listener at 127.0.0.1/33397] INFO  server.AbstractConnector (AbstractConnector.java:doStop(380)) - Stopped ServerConnector@2151865e{HTTP/1.1,[http/1.1]}{0.0.0.0:0}
2020-06-15 15:40:38,763 [Listener at 127.0.0.1/33397] INFO  server.session (HouseKeeper.java:stopScavenging(158)) - node0 Stopped scavenging
2020-06-15 15:40:38,763 [Listener at 127.0.0.1/33397] INFO  handler.ContextHandler (ContextHandler.java:doStop(1016)) - Stopped o.e.j.s.ServletContextHandler@5e69cf54{static,/static,jar:file:/home/user/.m2/repository/org/apache/hadoop/hadoop-hdds-container-service/0.6.0-SNAPSHOT/hadoop-hdds-container-service-0.6.0-SNAPSHOT.jar!/webapps/static,UNAVAILABLE}
2020-06-15 15:40:38,763 [Listener at 127.0.0.1/33397] INFO  handler.ContextHandler (ContextHandler.java:doStop(1016)) - Stopped o.e.j.s.ServletContextHandler@718fc632{logs,/logs,file:///github/workspace/mnt/ozone/hadoop-ozone/integration-test/target/log,UNAVAILABLE}
2020-06-15 15:40:39,166 [grpc-default-executor-7] WARN  server.GrpcLogAppender (LogUtils.java:warn(122)) - c912bb49-c5b6-43bc-8d73-0672ac2b0169@group-3A5C16CF8D5C->9a0e5fc2-eb4c-4ba8-8ae5-559cc84280be-AppendLogResponseHandler: Failed appendEntries: org.apache.ratis.thirdparty.io.grpc.StatusRuntimeException: UNAVAILABLE: io exception
2020-06-15 15:40:39,167 [grpc-default-executor-7] INFO  impl.FollowerInfo (FollowerInfo.java:lambda$new$0(51)) - c912bb49-c5b6-43bc-8d73-0672ac2b0169@group-3A5C16CF8D5C->9a0e5fc2-eb4c-4ba8-8ae5-559cc84280be: nextIndex: updateUnconditionally 11 -> 10
2020-06-15 15:40:39,289 [Datanode State Machine Thread - 0] INFO  statemachine.DatanodeStateMachine (DatanodeStateMachine.java:lambda$startDaemon$0(380)) - Ozone container server started.
2020-06-15 15:40:39,358 [Datanode State Machine Thread - 0] INFO  statemachine.DatanodeStateMachine (DatanodeStateMachine.java:lambda$startDaemon$0(380)) - Ozone container server started.
2020-06-15 15:40:39,582 [Thread-409] INFO  impl.FollowerState (FollowerState.java:run(108)) - 1555e715-5c6c-4e2d-b7e6-f10fa5f487d3@group-45C8AE79FB34-FollowerState: change to CANDIDATE, lastRpcTime:1370ms, electionTimeout:1076ms
2020-06-15 15:40:39,582 [Thread-409] INFO  impl.RoleInfo (RoleInfo.java:shutdownFollowerState(121)) - 1555e715-5c6c-4e2d-b7e6-f10fa5f487d3: shutdown FollowerState
2020-06-15 15:40:39,583 [Thread-409] INFO  impl.RaftServerImpl (RaftServerImpl.java:setRole(175)) - 1555e715-5c6c-4e2d-b7e6-f10fa5f487d3@group-45C8AE79FB34: changes role from  FOLLOWER to CANDIDATE at term 2 for changeToCandidate
2020-06-15 15:40:39,583 [Thread-409] INFO  impl.RoleInfo (RoleInfo.java:updateAndGet(143)) - 1555e715-5c6c-4e2d-b7e6-f10fa5f487d3: start LeaderElection
2020-06-15 15:40:39,584 [1555e715-5c6c-4e2d-b7e6-f10fa5f487d3@group-45C8AE79FB34-LeaderElection23] INFO  impl.RaftServerImpl (ServerState.java:setLeader(255)) - 1555e715-5c6c-4e2d-b7e6-f10fa5f487d3@group-45C8AE79FB34: change Leader from f695cbb9-a461-4428-8d13-756fae3d1d34 to null at term 2 for initElection
2020-06-15 15:40:39,586 [1555e715-5c6c-4e2d-b7e6-f10fa5f487d3@group-45C8AE79FB34-LeaderElection23] INFO  impl.LeaderElection (LeaderElection.java:askForVotes(206)) - 1555e715-5c6c-4e2d-b7e6-f10fa5f487d3@group-45C8AE79FB34-LeaderElection23: begin an election at term 3 for 0: [f695cbb9-a461-4428-8d13-756fae3d1d34:172.17.0.2:40579, 1555e715-5c6c-4e2d-b7e6-f10fa5f487d3:172.17.0.2:41221, 76787e2a-cdc9-4e9e-a68d-44f13553fe3c:172.17.0.2:37067], old=null
2020-06-15 15:40:39,588 [grpc-default-executor-7] INFO  impl.RaftServerImpl (ServerState.java:setLeader(255)) - 76787e2a-cdc9-4e9e-a68d-44f13553fe3c@group-45C8AE79FB34: change Leader from f695cbb9-a461-4428-8d13-756fae3d1d34 to null at term 3 for updateCurrentTerm
2020-06-15 15:40:39,588 [grpc-default-executor-7] INFO  impl.RaftServerImpl (RaftServerImpl.java:setRole(175)) - 76787e2a-cdc9-4e9e-a68d-44f13553fe3c@group-45C8AE79FB34: changes role from  FOLLOWER to FOLLOWER at term 3 for recognizeCandidate:1555e715-5c6c-4e2d-b7e6-f10fa5f487d3
2020-06-15 15:40:39,588 [grpc-default-executor-7] INFO  impl.RoleInfo (RoleInfo.java:shutdownFollowerState(121)) - 76787e2a-cdc9-4e9e-a68d-44f13553fe3c: shutdown FollowerState
2020-06-15 15:40:39,588 [grpc-default-executor-7] INFO  impl.RoleInfo (RoleInfo.java:updateAndGet(143)) - 76787e2a-cdc9-4e9e-a68d-44f13553fe3c: start FollowerState
2020-06-15 15:40:39,589 [Thread-412] INFO  impl.FollowerState (FollowerState.java:run(117)) - 76787e2a-cdc9-4e9e-a68d-44f13553fe3c@group-45C8AE79FB34-FollowerState was interrupted: java.lang.InterruptedException: sleep interrupted
2020-06-15 15:40:39,604 [1555e715-5c6c-4e2d-b7e6-f10fa5f487d3@group-45C8AE79FB34-LeaderElection23] INFO  impl.LeaderElection (LogUtils.java:infoOrTrace(137)) - 1555e715-5c6c-4e2d-b7e6-f10fa5f487d3@group-45C8AE79FB34-LeaderElection23 got exception when requesting votes: java.util.concurrent.ExecutionException: org.apache.ratis.thirdparty.io.grpc.StatusRuntimeException: UNAVAILABLE: io exception
2020-06-15 15:40:39,605 [1555e715-5c6c-4e2d-b7e6-f10fa5f487d3@group-45C8AE79FB34-LeaderElection23] INFO  impl.LeaderElection (LeaderElection.java:logAndReturn(61)) - 1555e715-5c6c-4e2d-b7e6-f10fa5f487d3@group-45C8AE79FB34-LeaderElection23: Election PASSED; received 1 response(s) [1555e715-5c6c-4e2d-b7e6-f10fa5f487d3<-76787e2a-cdc9-4e9e-a68d-44f13553fe3c#0:OK-t3] and 1 exception(s); 1555e715-5c6c-4e2d-b7e6-f10fa5f487d3@group-45C8AE79FB34:t3, leader=null, voted=1555e715-5c6c-4e2d-b7e6-f10fa5f487d3, raftlog=1555e715-5c6c-4e2d-b7e6-f10fa5f487d3@group-45C8AE79FB34-SegmentedRaftLog:OPENED:c0,f0,i0, conf=0: [f695cbb9-a461-4428-8d13-756fae3d1d34:172.17.0.2:40579, 1555e715-5c6c-4e2d-b7e6-f10fa5f487d3:172.17.0.2:41221, 76787e2a-cdc9-4e9e-a68d-44f13553fe3c:172.17.0.2:37067], old=null
2020-06-15 15:40:39,605 [1555e715-5c6c-4e2d-b7e6-f10fa5f487d3@group-45C8AE79FB34-LeaderElection23] INFO  impl.LeaderElection (LogUtils.java:infoOrTrace(137)) -   Exception 0: java.util.concurrent.ExecutionException: org.apache.ratis.thirdparty.io.grpc.StatusRuntimeException: UNAVAILABLE: io exception
2020-06-15 15:40:39,605 [1555e715-5c6c-4e2d-b7e6-f10fa5f487d3@group-45C8AE79FB34-LeaderElection23] INFO  impl.RoleInfo (RoleInfo.java:shutdownLeaderElection(134)) - 1555e715-5c6c-4e2d-b7e6-f10fa5f487d3: shutdown LeaderElection
2020-06-15 15:40:39,605 [1555e715-5c6c-4e2d-b7e6-f10fa5f487d3@group-45C8AE79FB34-LeaderElection23] INFO  impl.RaftServerImpl (RaftServerImpl.java:setRole(175)) - 1555e715-5c6c-4e2d-b7e6-f10fa5f487d3@group-45C8AE79FB34: changes role from CANDIDATE to LEADER at term 3 for changeToLeader
2020-06-15 15:40:39,606 [1555e715-5c6c-4e2d-b7e6-f10fa5f487d3@group-45C8AE79FB34-LeaderElection23] INFO  ratis.XceiverServerRatis (XceiverServerRatis.java:handleLeaderChangedNotification(762)) - Leader change notification received for group: group-45C8AE79FB34 with new leaderId: 1555e715-5c6c-4e2d-b7e6-f10fa5f487d3
2020-06-15 15:40:39,606 [1555e715-5c6c-4e2d-b7e6-f10fa5f487d3@group-45C8AE79FB34-LeaderElection23] INFO  impl.RaftServerImpl (ServerState.java:setLeader(255)) - 1555e715-5c6c-4e2d-b7e6-f10fa5f487d3@group-45C8AE79FB34: change Leader from null to 1555e715-5c6c-4e2d-b7e6-f10fa5f487d3 at term 3 for becomeLeader, leader elected after 21ms
2020-06-15 15:40:39,606 [1555e715-5c6c-4e2d-b7e6-f10fa5f487d3@group-45C8AE79FB34-LeaderElection23] INFO  server.RaftServerConfigKeys (ConfUtils.java:logGet(44)) - raft.server.staging.catchup.gap = 1000 (default)
2020-06-15 15:40:39,606 [1555e715-5c6c-4e2d-b7e6-f10fa5f487d3@group-45C8AE79FB34-LeaderElection23] INFO  server.RaftServerConfigKeys (ConfUtils.java:logGet(44)) - raft.server.rpc.sleep.time = 25ms (default)
2020-06-15 15:40:39,606 [1555e715-5c6c-4e2d-b7e6-f10fa5f487d3@group-45C8AE79FB34-LeaderElection23] INFO  metrics.RatisMetrics (RatisMetrics.java:lambda$create$0(36)) - Creating Metrics Registry : ratis.log_appender.1555e715-5c6c-4e2d-b7e6-f10fa5f487d3@group-45C8AE79FB34
2020-06-15 15:40:39,606 [1555e715-5c6c-4e2d-b7e6-f10fa5f487d3@group-45C8AE79FB34-LeaderElection23] INFO  server.RaftServerConfigKeys (ConfUtils.java:logGet(44)) - raft.server.write.element-limit = 1024 (custom)
2020-06-15 15:40:39,606 [1555e715-5c6c-4e2d-b7e6-f10fa5f487d3@group-45C8AE79FB34-LeaderElection23] INFO  server.RaftServerConfigKeys (ConfUtils.java:logGet(44)) - raft.server.write.byte-limit = 1073741824 (custom)
2020-06-15 15:40:39,607 [1555e715-5c6c-4e2d-b7e6-f10fa5f487d3@group-45C8AE79FB34-LeaderElection23] INFO  server.RaftServerConfigKeys (ConfUtils.java:logGet(44)) - raft.server.watch.timeout = 3s (custom)
2020-06-15 15:40:39,607 [1555e715-5c6c-4e2d-b7e6-f10fa5f487d3@group-45C8AE79FB34-LeaderElection23] INFO  server.RaftServerConfigKeys (ConfUtils.java:logGet(44)) - raft.server.watch.timeout.denomination = 1s (default)
2020-06-15 15:40:39,607 [1555e715-5c6c-4e2d-b7e6-f10fa5f487d3@group-45C8AE79FB34-LeaderElection23] INFO  server.RaftServerConfigKeys (ConfUtils.java:logGet(44)) - raft.server.watch.element-limit = 65536 (default)
2020-06-15 15:40:39,607 [1555e715-5c6c-4e2d-b7e6-f10fa5f487d3@group-45C8AE79FB34-LeaderElection23] INFO  server.RaftServerConfigKeys (ConfUtils.java:logGet(44)) - raft.server.log.appender.snapshot.chunk.size.max = 16MB (=16777216) (default)
2020-06-15 15:40:39,607 [1555e715-5c6c-4e2d-b7e6-f10fa5f487d3@group-45C8AE79FB34-LeaderElection23] INFO  server.RaftServerConfigKeys (ConfUtils.java:logGet(44)) - raft.server.log.appender.buffer.byte-limit = 33554432 (custom)
2020-06-15 15:40:39,607 [1555e715-5c6c-4e2d-b7e6-f10fa5f487d3@group-45C8AE79FB34-LeaderElection23] INFO  server.RaftServerConfigKeys (ConfUtils.java:logGet(44)) - raft.server.log.appender.buffer.element-limit = 1 (custom)
2020-06-15 15:40:39,607 [1555e715-5c6c-4e2d-b7e6-f10fa5f487d3@group-45C8AE79FB34-LeaderElection23] INFO  grpc.GrpcConfigKeys (ConfUtils.java:logGet(44)) - raft.grpc.server.leader.outstanding.appends.max = 128 (default)
2020-06-15 15:40:39,607 [1555e715-5c6c-4e2d-b7e6-f10fa5f487d3@group-45C8AE79FB34-LeaderElection23] INFO  server.RaftServerConfigKeys (ConfUtils.java:logGet(44)) - raft.server.rpc.request.timeout = 3s (default)
2020-06-15 15:40:39,608 [1555e715-5c6c-4e2d-b7e6-f10fa5f487d3@group-45C8AE79FB34-LeaderElection23] INFO  server.RaftServerConfigKeys (ConfUtils.java:logGet(44)) - raft.server.log.appender.install.snapshot.enabled = false (custom)
2020-06-15 15:40:39,608 [1555e715-5c6c-4e2d-b7e6-f10fa5f487d3@group-45C8AE79FB34-LeaderElection23] INFO  metrics.RatisMetrics (RatisMetrics.java:lambda$create$0(36)) - Creating Metrics Registry : ratis_grpc.log_appender.1555e715-5c6c-4e2d-b7e6-f10fa5f487d3@group-45C8AE79FB34
2020-06-15 15:40:39,609 [1555e715-5c6c-4e2d-b7e6-f10fa5f487d3@group-45C8AE79FB34-LeaderElection23] INFO  server.RaftServerConfigKeys (ConfUtils.java:logGet(44)) - raft.server.log.appender.snapshot.chunk.size.max = 16MB (=16777216) (default)
2020-06-15 15:40:39,609 [1555e715-5c6c-4e2d-b7e6-f10fa5f487d3@group-45C8AE79FB34-LeaderElection23] INFO  server.RaftServerConfigKeys (ConfUtils.java:logGet(44)) - raft.server.log.appender.buffer.byte-limit = 33554432 (custom)
2020-06-15 15:40:39,609 [1555e715-5c6c-4e2d-b7e6-f10fa5f487d3@group-45C8AE79FB34-LeaderElection23] INFO  server.RaftServerConfigKeys (ConfUtils.java:logGet(44)) - raft.server.log.appender.buffer.element-limit = 1 (custom)
2020-06-15 15:40:39,609 [1555e715-5c6c-4e2d-b7e6-f10fa5f487d3@group-45C8AE79FB34-LeaderElection23] INFO  grpc.GrpcConfigKeys (ConfUtils.java:logGet(44)) - raft.grpc.server.leader.outstanding.appends.max = 128 (default)
2020-06-15 15:40:39,609 [1555e715-5c6c-4e2d-b7e6-f10fa5f487d3@group-45C8AE79FB34-LeaderElection23] INFO  server.RaftServerConfigKeys (ConfUtils.java:logGet(44)) - raft.server.rpc.request.timeout = 3s (default)
2020-06-15 15:40:39,609 [1555e715-5c6c-4e2d-b7e6-f10fa5f487d3@group-45C8AE79FB34-LeaderElection23] INFO  server.RaftServerConfigKeys (ConfUtils.java:logGet(44)) - raft.server.log.appender.install.snapshot.enabled = false (custom)
2020-06-15 15:40:39,611 [1555e715-5c6c-4e2d-b7e6-f10fa5f487d3@group-45C8AE79FB34-LeaderElection23] INFO  impl.RoleInfo (RoleInfo.java:updateAndGet(143)) - 1555e715-5c6c-4e2d-b7e6-f10fa5f487d3: start LeaderState
2020-06-15 15:40:39,611 [1555e715-5c6c-4e2d-b7e6-f10fa5f487d3@group-45C8AE79FB34-LeaderElection23] INFO  segmented.SegmentedRaftLogWorker (SegmentedRaftLogWorker.java:rollLogSegment(402)) - 1555e715-5c6c-4e2d-b7e6-f10fa5f487d3@group-45C8AE79FB34-SegmentedRaftLogWorker: Rolling segment log-0_0 to index:0
2020-06-15 15:40:39,620 [1555e715-5c6c-4e2d-b7e6-f10fa5f487d3@group-45C8AE79FB34-SegmentedRaftLogWorker] INFO  segmented.SegmentedRaftLogWorker (SegmentedRaftLogWorker.java:execute(553)) - 1555e715-5c6c-4e2d-b7e6-f10fa5f487d3@group-45C8AE79FB34-SegmentedRaftLogWorker: Rolled log segment from /github/workspace/mnt/ozone/hadoop-ozone/integration-test/target/test-dir/MiniOzoneClusterImpl-821e280a-19ea-4536-9ce4-db87e8de49a0/datanode-8/data/ratis/7efe5cd7-55cc-4aa9-9f53-45c8ae79fb34/current/log_inprogress_0 to /github/workspace/mnt/ozone/hadoop-ozone/integration-test/target/test-dir/MiniOzoneClusterImpl-821e280a-19ea-4536-9ce4-db87e8de49a0/datanode-8/data/ratis/7efe5cd7-55cc-4aa9-9f53-45c8ae79fb34/current/log_0-0
2020-06-15 15:40:39,637 [1555e715-5c6c-4e2d-b7e6-f10fa5f487d3@group-45C8AE79FB34-LeaderElection23] INFO  impl.RaftServerImpl (ServerState.java:setRaftConf(356)) - 1555e715-5c6c-4e2d-b7e6-f10fa5f487d3@group-45C8AE79FB34: set configuration 1: [f695cbb9-a461-4428-8d13-756fae3d1d34:172.17.0.2:40579, 1555e715-5c6c-4e2d-b7e6-f10fa5f487d3:172.17.0.2:41221, 76787e2a-cdc9-4e9e-a68d-44f13553fe3c:172.17.0.2:37067], old=null at 1
2020-06-15 15:40:39,637 [1555e715-5c6c-4e2d-b7e6-f10fa5f487d3@group-45C8AE79FB34-SegmentedRaftLogWorker] INFO  segmented.SegmentedRaftLogWorker (SegmentedRaftLogWorker.java:execute(596)) - 1555e715-5c6c-4e2d-b7e6-f10fa5f487d3@group-45C8AE79FB34-SegmentedRaftLogWorker: created new log segment /github/workspace/mnt/ozone/hadoop-ozone/integration-test/target/test-dir/MiniOzoneClusterImpl-821e280a-19ea-4536-9ce4-db87e8de49a0/datanode-8/data/ratis/7efe5cd7-55cc-4aa9-9f53-45c8ae79fb34/current/log_inprogress_1
2020-06-15 15:40:39,641 [grpc-default-executor-7] WARN  server.GrpcLogAppender (LogUtils.java:warn(122)) - 1555e715-5c6c-4e2d-b7e6-f10fa5f487d3@group-45C8AE79FB34->f695cbb9-a461-4428-8d13-756fae3d1d34-AppendLogResponseHandler: Failed appendEntries: org.apache.ratis.thirdparty.io.grpc.StatusRuntimeException: UNAVAILABLE: io exception
2020-06-15 15:40:39,642 [grpc-default-executor-2] INFO  ratis.XceiverServerRatis (XceiverServerRatis.java:handleLeaderChangedNotification(762)) - Leader change notification received for group: group-45C8AE79FB34 with new leaderId: 1555e715-5c6c-4e2d-b7e6-f10fa5f487d3
2020-06-15 15:40:39,643 [grpc-default-executor-2] INFO  impl.RaftServerImpl (ServerState.java:setLeader(255)) - 76787e2a-cdc9-4e9e-a68d-44f13553fe3c@group-45C8AE79FB34: change Leader from null to 1555e715-5c6c-4e2d-b7e6-f10fa5f487d3 at term 3 for appendEntries, leader elected after 54ms
2020-06-15 15:40:39,652 [grpc-default-executor-7] INFO  impl.FollowerInfo (FollowerInfo.java:lambda$new$0(51)) - 1555e715-5c6c-4e2d-b7e6-f10fa5f487d3@group-45C8AE79FB34->f695cbb9-a461-4428-8d13-756fae3d1d34: nextIndex: updateUnconditionally 2 -> 1
2020-06-15 15:40:39,652 [grpc-default-executor-2] INFO  impl.RaftServerImpl (ServerState.java:setRaftConf(356)) - 76787e2a-cdc9-4e9e-a68d-44f13553fe3c@group-45C8AE79FB34: set configuration 1: [f695cbb9-a461-4428-8d13-756fae3d1d34:172.17.0.2:40579, 1555e715-5c6c-4e2d-b7e6-f10fa5f487d3:172.17.0.2:41221, 76787e2a-cdc9-4e9e-a68d-44f13553fe3c:172.17.0.2:37067], old=null at 1
2020-06-15 15:40:39,652 [grpc-default-executor-2] INFO  segmented.SegmentedRaftLogWorker (SegmentedRaftLogWorker.java:rollLogSegment(402)) - 76787e2a-cdc9-4e9e-a68d-44f13553fe3c@group-45C8AE79FB34-SegmentedRaftLogWorker: Rolling segment log-0_0 to index:0
2020-06-15 15:40:39,653 [76787e2a-cdc9-4e9e-a68d-44f13553fe3c@group-45C8AE79FB34-SegmentedRaftLogWorker] INFO  segmented.SegmentedRaftLogWorker (SegmentedRaftLogWorker.java:execute(553)) - 76787e2a-cdc9-4e9e-a68d-44f13553fe3c@group-45C8AE79FB34-SegmentedRaftLogWorker: Rolled log segment from /github/workspace/mnt/ozone/hadoop-ozone/integration-test/target/test-dir/MiniOzoneClusterImpl-821e280a-19ea-4536-9ce4-db87e8de49a0/datanode-7/data/ratis/7efe5cd7-55cc-4aa9-9f53-45c8ae79fb34/current/log_inprogress_0 to /github/workspace/mnt/ozone/hadoop-ozone/integration-test/target/test-dir/MiniOzoneClusterImpl-821e280a-19ea-4536-9ce4-db87e8de49a0/datanode-7/data/ratis/7efe5cd7-55cc-4aa9-9f53-45c8ae79fb34/current/log_0-0
2020-06-15 15:40:39,654 [76787e2a-cdc9-4e9e-a68d-44f13553fe3c@group-45C8AE79FB34-SegmentedRaftLogWorker] INFO  segmented.SegmentedRaftLogWorker (SegmentedRaftLogWorker.java:execute(596)) - 76787e2a-cdc9-4e9e-a68d-44f13553fe3c@group-45C8AE79FB34-SegmentedRaftLogWorker: created new log segment /github/workspace/mnt/ozone/hadoop-ozone/integration-test/target/test-dir/MiniOzoneClusterImpl-821e280a-19ea-4536-9ce4-db87e8de49a0/datanode-7/data/ratis/7efe5cd7-55cc-4aa9-9f53-45c8ae79fb34/current/log_inprogress_1
2020-06-15 15:40:39,728 [grpc-default-executor-4] WARN  server.GrpcLogAppender (LogUtils.java:warn(122)) - 1555e715-5c6c-4e2d-b7e6-f10fa5f487d3@group-45C8AE79FB34->f695cbb9-a461-4428-8d13-756fae3d1d34-AppendLogResponseHandler: Failed appendEntries: org.apache.ratis.thirdparty.io.grpc.StatusRuntimeException: UNAVAILABLE: io exception
2020-06-15 15:40:39,728 [grpc-default-executor-7] WARN  server.GrpcLogAppender (LogUtils.java:warn(122)) - c912bb49-c5b6-43bc-8d73-0672ac2b0169@group-3A5C16CF8D5C->9a0e5fc2-eb4c-4ba8-8ae5-559cc84280be-AppendLogResponseHandler: Failed appendEntries: org.apache.ratis.thirdparty.io.grpc.StatusRuntimeException: UNAVAILABLE: io exception
2020-06-15 15:40:39,737 [grpc-default-executor-4] INFO  impl.FollowerInfo (FollowerInfo.java:lambda$new$0(51)) - 1555e715-5c6c-4e2d-b7e6-f10fa5f487d3@group-45C8AE79FB34->f695cbb9-a461-4428-8d13-756fae3d1d34: nextIndex: updateUnconditionally 2 -> 1
2020-06-15 15:40:39,737 [grpc-default-executor-7] INFO  impl.FollowerInfo (FollowerInfo.java:lambda$new$0(51)) - c912bb49-c5b6-43bc-8d73-0672ac2b0169@group-3A5C16CF8D5C->9a0e5fc2-eb4c-4ba8-8ae5-559cc84280be: nextIndex: updateUnconditionally 11 -> 10
2020-06-15 15:40:39,740 [grpc-default-executor-7] WARN  server.GrpcLogAppender (LogUtils.java:warn(122)) - 1555e715-5c6c-4e2d-b7e6-f10fa5f487d3@group-45C8AE79FB34->f695cbb9-a461-4428-8d13-756fae3d1d34-AppendLogResponseHandler: Failed appendEntries: org.apache.ratis.thirdparty.io.grpc.StatusRuntimeException: UNAVAILABLE: io exception
2020-06-15 15:40:39,741 [grpc-default-executor-7] INFO  impl.FollowerInfo (FollowerInfo.java:lambda$new$0(51)) - 1555e715-5c6c-4e2d-b7e6-f10fa5f487d3@group-45C8AE79FB34->f695cbb9-a461-4428-8d13-756fae3d1d34: nextIndex: updateUnconditionally 2 -> 1
2020-06-15 15:40:40,225 [grpc-default-executor-4] WARN  server.GrpcLogAppender (LogUtils.java:warn(122)) - c912bb49-c5b6-43bc-8d73-0672ac2b0169@group-3A5C16CF8D5C->9a0e5fc2-eb4c-4ba8-8ae5-559cc84280be-AppendLogResponseHandler: Failed appendEntries: org.apache.ratis.thirdparty.io.grpc.StatusRuntimeException: UNAVAILABLE: io exception
2020-06-15 15:40:40,226 [grpc-default-executor-4] INFO  impl.FollowerInfo (FollowerInfo.java:lambda$new$0(51)) - c912bb49-c5b6-43bc-8d73-0672ac2b0169@group-3A5C16CF8D5C->9a0e5fc2-eb4c-4ba8-8ae5-559cc84280be: nextIndex: updateUnconditionally 11 -> 10
2020-06-15 15:40:40,242 [grpc-default-executor-7] WARN  server.GrpcLogAppender (LogUtils.java:warn(122)) - 1555e715-5c6c-4e2d-b7e6-f10fa5f487d3@group-45C8AE79FB34->f695cbb9-a461-4428-8d13-756fae3d1d34-AppendLogResponseHandler: Failed appendEntries: org.apache.ratis.thirdparty.io.grpc.StatusRuntimeException: UNAVAILABLE: io exception
2020-06-15 15:40:40,243 [grpc-default-executor-7] INFO  impl.FollowerInfo (FollowerInfo.java:lambda$new$0(51)) - 1555e715-5c6c-4e2d-b7e6-f10fa5f487d3@group-45C8AE79FB34->f695cbb9-a461-4428-8d13-756fae3d1d34: nextIndex: updateUnconditionally 2 -> 1
2020-06-15 15:40:40,517 [Thread-612] INFO  impl.FollowerState (FollowerState.java:run(108)) - c922d5df-3bd1-4669-b221-1ae7b105f951@group-14F7D0E30960-FollowerState: change to CANDIDATE, lastRpcTime:1895ms, electionTimeout:1004ms
2020-06-15 15:40:40,517 [Thread-612] INFO  impl.RoleInfo (RoleInfo.java:shutdownFollowerState(121)) - c922d5df-3bd1-4669-b221-1ae7b105f951: shutdown FollowerState
2020-06-15 15:40:40,517 [Thread-612] INFO  impl.RaftServerImpl (RaftServerImpl.java:setRole(175)) - c922d5df-3bd1-4669-b221-1ae7b105f951@group-14F7D0E30960: changes role from  FOLLOWER to CANDIDATE at term 6 for changeToCandidate
2020-06-15 15:40:40,517 [Thread-612] INFO  impl.RoleInfo (RoleInfo.java:updateAndGet(143)) - c922d5df-3bd1-4669-b221-1ae7b105f951: start LeaderElection
2020-06-15 15:40:40,524 [c922d5df-3bd1-4669-b221-1ae7b105f951@group-14F7D0E30960-LeaderElection24] INFO  impl.RaftServerImpl (ServerState.java:setLeader(255)) - c922d5df-3bd1-4669-b221-1ae7b105f951@group-14F7D0E30960: change Leader from bb2a17c4-da93-471c-baec-5cf2aa5cf94e to null at term 6 for initElection
2020-06-15 15:40:40,526 [c922d5df-3bd1-4669-b221-1ae7b105f951@group-14F7D0E30960-LeaderElection24] INFO  impl.LeaderElection (LeaderElection.java:askForVotes(206)) - c922d5df-3bd1-4669-b221-1ae7b105f951@group-14F7D0E30960-LeaderElection24: begin an election at term 7 for 18: [bb2a17c4-da93-471c-baec-5cf2aa5cf94e:172.17.0.2:42619, 24a75401-d909-4cbe-bf6e-d874185015ef:172.17.0.2:38429, c922d5df-3bd1-4669-b221-1ae7b105f951:172.17.0.2:33715], old=null
2020-06-15 15:40:40,529 [c922d5df-3bd1-4669-b221-1ae7b105f951@group-14F7D0E30960-LeaderElection24] INFO  impl.LeaderElection (LogUtils.java:infoOrTrace(137)) - c922d5df-3bd1-4669-b221-1ae7b105f951@group-14F7D0E30960-LeaderElection24 got exception when requesting votes: java.util.concurrent.ExecutionException: org.apache.ratis.thirdparty.io.grpc.StatusRuntimeException: UNAVAILABLE: io exception
2020-06-15 15:40:40,531 [c922d5df-3bd1-4669-b221-1ae7b105f951@group-14F7D0E30960-LeaderElection24] INFO  impl.LeaderElection (LogUtils.java:infoOrTrace(137)) - c922d5df-3bd1-4669-b221-1ae7b105f951@group-14F7D0E30960-LeaderElection24 got exception when requesting votes: java.util.concurrent.ExecutionException: org.apache.ratis.thirdparty.io.grpc.StatusRuntimeException: UNAVAILABLE: io exception
2020-06-15 15:40:40,531 [c922d5df-3bd1-4669-b221-1ae7b105f951@group-14F7D0E30960-LeaderElection24] INFO  impl.LeaderElection (LeaderElection.java:logAndReturn(61)) - c922d5df-3bd1-4669-b221-1ae7b105f951@group-14F7D0E30960-LeaderElection24: Election REJECTED; received 0 response(s) [] and 2 exception(s); c922d5df-3bd1-4669-b221-1ae7b105f951@group-14F7D0E30960:t7, leader=null, voted=c922d5df-3bd1-4669-b221-1ae7b105f951, raftlog=c922d5df-3bd1-4669-b221-1ae7b105f951@group-14F7D0E30960-SegmentedRaftLog:OPENED:c19,f19,i19, conf=18: [bb2a17c4-da93-471c-baec-5cf2aa5cf94e:172.17.0.2:42619, 24a75401-d909-4cbe-bf6e-d874185015ef:172.17.0.2:38429, c922d5df-3bd1-4669-b221-1ae7b105f951:172.17.0.2:33715], old=null
2020-06-15 15:40:40,531 [c922d5df-3bd1-4669-b221-1ae7b105f951@group-14F7D0E30960-LeaderElection24] INFO  impl.LeaderElection (LogUtils.java:infoOrTrace(137)) -   Exception 0: java.util.concurrent.ExecutionException: org.apache.ratis.thirdparty.io.grpc.StatusRuntimeException: UNAVAILABLE: io exception
2020-06-15 15:40:40,531 [c922d5df-3bd1-4669-b221-1ae7b105f951@group-14F7D0E30960-LeaderElection24] INFO  impl.LeaderElection (LogUtils.java:infoOrTrace(137)) -   Exception 1: java.util.concurrent.ExecutionException: org.apache.ratis.thirdparty.io.grpc.StatusRuntimeException: UNAVAILABLE: io exception
2020-06-15 15:40:40,531 [c922d5df-3bd1-4669-b221-1ae7b105f951@group-14F7D0E30960-LeaderElection24] INFO  impl.RaftServerImpl (RaftServerImpl.java:setRole(175)) - c922d5df-3bd1-4669-b221-1ae7b105f951@group-14F7D0E30960: changes role from CANDIDATE to FOLLOWER at term 7 for DISCOVERED_A_NEW_TERM
2020-06-15 15:40:40,531 [c922d5df-3bd1-4669-b221-1ae7b105f951@group-14F7D0E30960-LeaderElection24] INFO  impl.RoleInfo (RoleInfo.java:shutdownLeaderElection(134)) - c922d5df-3bd1-4669-b221-1ae7b105f951: shutdown LeaderElection
2020-06-15 15:40:40,531 [c922d5df-3bd1-4669-b221-1ae7b105f951@group-14F7D0E30960-LeaderElection24] INFO  impl.RoleInfo (RoleInfo.java:updateAndGet(143)) - c922d5df-3bd1-4669-b221-1ae7b105f951: start FollowerState
2020-06-15 15:40:40,727 [grpc-default-executor-4] WARN  server.GrpcLogAppender (LogUtils.java:warn(122)) - c912bb49-c5b6-43bc-8d73-0672ac2b0169@group-3A5C16CF8D5C->9a0e5fc2-eb4c-4ba8-8ae5-559cc84280be-AppendLogResponseHandler: Failed appendEntries: org.apache.ratis.thirdparty.io.grpc.StatusRuntimeException: UNAVAILABLE: io exception
2020-06-15 15:40:40,729 [grpc-default-executor-4] INFO  impl.FollowerInfo (FollowerInfo.java:lambda$new$0(51)) - c912bb49-c5b6-43bc-8d73-0672ac2b0169@group-3A5C16CF8D5C->9a0e5fc2-eb4c-4ba8-8ae5-559cc84280be: nextIndex: updateUnconditionally 11 -> 10
2020-06-15 15:40:40,744 [grpc-default-executor-4] WARN  server.GrpcLogAppender (LogUtils.java:warn(122)) - 1555e715-5c6c-4e2d-b7e6-f10fa5f487d3@group-45C8AE79FB34->f695cbb9-a461-4428-8d13-756fae3d1d34-AppendLogResponseHandler: Failed appendEntries: org.apache.ratis.thirdparty.io.grpc.StatusRuntimeException: UNAVAILABLE: io exception
2020-06-15 15:40:40,745 [grpc-default-executor-4] INFO  impl.FollowerInfo (FollowerInfo.java:lambda$new$0(51)) - 1555e715-5c6c-4e2d-b7e6-f10fa5f487d3@group-45C8AE79FB34->f695cbb9-a461-4428-8d13-756fae3d1d34: nextIndex: updateUnconditionally 2 -> 1
2020-06-15 15:40:41,234 [grpc-default-executor-4] WARN  server.GrpcLogAppender (LogUtils.java:warn(122)) - c912bb49-c5b6-43bc-8d73-0672ac2b0169@group-3A5C16CF8D5C->9a0e5fc2-eb4c-4ba8-8ae5-559cc84280be-AppendLogResponseHandler: Failed appendEntries: org.apache.ratis.thirdparty.io.grpc.StatusRuntimeException: UNAVAILABLE: io exception
2020-06-15 15:40:41,240 [grpc-default-executor-4] INFO  impl.FollowerInfo (FollowerInfo.java:lambda$new$0(51)) - c912bb49-c5b6-43bc-8d73-0672ac2b0169@group-3A5C16CF8D5C->9a0e5fc2-eb4c-4ba8-8ae5-559cc84280be: nextIndex: updateUnconditionally 11 -> 10
2020-06-15 15:40:41,247 [grpc-default-executor-2] WARN  server.GrpcLogAppender (LogUtils.java:warn(122)) - 1555e715-5c6c-4e2d-b7e6-f10fa5f487d3@group-45C8AE79FB34->f695cbb9-a461-4428-8d13-756fae3d1d34-AppendLogResponseHandler: Failed appendEntries: org.apache.ratis.thirdparty.io.grpc.StatusRuntimeException: UNAVAILABLE: io exception
2020-06-15 15:40:41,249 [grpc-default-executor-2] INFO  impl.FollowerInfo (FollowerInfo.java:lambda$new$0(51)) - 1555e715-5c6c-4e2d-b7e6-f10fa5f487d3@group-45C8AE79FB34->f695cbb9-a461-4428-8d13-756fae3d1d34: nextIndex: updateUnconditionally 2 -> 1
2020-06-15 15:40:41,571 [Thread-665] INFO  impl.FollowerState (FollowerState.java:run(108)) - c922d5df-3bd1-4669-b221-1ae7b105f951@group-14F7D0E30960-FollowerState: change to CANDIDATE, lastRpcTime:1039ms, electionTimeout:1039ms
2020-06-15 15:40:41,571 [Thread-665] INFO  impl.RoleInfo (RoleInfo.java:shutdownFollowerState(121)) - c922d5df-3bd1-4669-b221-1ae7b105f951: shutdown FollowerState
2020-06-15 15:40:41,571 [Thread-665] INFO  impl.RaftServerImpl (RaftServerImpl.java:setRole(175)) - c922d5df-3bd1-4669-b221-1ae7b105f951@group-14F7D0E30960: changes role from  FOLLOWER to CANDIDATE at term 7 for changeToCandidate
2020-06-15 15:40:41,572 [Thread-665] INFO  impl.RoleInfo (RoleInfo.java:updateAndGet(143)) - c922d5df-3bd1-4669-b221-1ae7b105f951: start LeaderElection
2020-06-15 15:40:41,574 [c922d5df-3bd1-4669-b221-1ae7b105f951@group-14F7D0E30960-LeaderElection25] INFO  impl.LeaderElection (LeaderElection.java:askForVotes(206)) - c922d5df-3bd1-4669-b221-1ae7b105f951@group-14F7D0E30960-LeaderElection25: begin an election at term 8 for 18: [bb2a17c4-da93-471c-baec-5cf2aa5cf94e:172.17.0.2:42619, 24a75401-d909-4cbe-bf6e-d874185015ef:172.17.0.2:38429, c922d5df-3bd1-4669-b221-1ae7b105f951:172.17.0.2:33715], old=null
2020-06-15 15:40:41,575 [c922d5df-3bd1-4669-b221-1ae7b105f951@group-14F7D0E30960-LeaderElection25] INFO  impl.LeaderElection (LogUtils.java:infoOrTrace(137)) - c922d5df-3bd1-4669-b221-1ae7b105f951@group-14F7D0E30960-LeaderElection25 got exception when requesting votes: java.util.concurrent.ExecutionException: org.apache.ratis.thirdparty.io.grpc.StatusRuntimeException: UNAVAILABLE: io exception
2020-06-15 15:40:41,575 [c922d5df-3bd1-4669-b221-1ae7b105f951@group-14F7D0E30960-LeaderElection25] INFO  impl.LeaderElection (LogUtils.java:infoOrTrace(137)) - c922d5df-3bd1-4669-b221-1ae7b105f951@group-14F7D0E30960-LeaderElection25 got exception when requesting votes: java.util.concurrent.ExecutionException: org.apache.ratis.thirdparty.io.grpc.StatusRuntimeException: UNAVAILABLE: io exception
2020-06-15 15:40:41,576 [c922d5df-3bd1-4669-b221-1ae7b105f951@group-14F7D0E30960-LeaderElection25] INFO  impl.LeaderElection (LeaderElection.java:logAndReturn(61)) - c922d5df-3bd1-4669-b221-1ae7b105f951@group-14F7D0E30960-LeaderElection25: Election REJECTED; received 0 response(s) [] and 2 exception(s); c922d5df-3bd1-4669-b221-1ae7b105f951@group-14F7D0E30960:t8, leader=null, voted=c922d5df-3bd1-4669-b221-1ae7b105f951, raftlog=c922d5df-3bd1-4669-b221-1ae7b105f951@group-14F7D0E30960-SegmentedRaftLog:OPENED:c19,f19,i19, conf=18: [bb2a17c4-da93-471c-baec-5cf2aa5cf94e:172.17.0.2:42619, 24a75401-d909-4cbe-bf6e-d874185015ef:172.17.0.2:38429, c922d5df-3bd1-4669-b221-1ae7b105f951:172.17.0.2:33715], old=null
2020-06-15 15:40:41,576 [c922d5df-3bd1-4669-b221-1ae7b105f951@group-14F7D0E30960-LeaderElection25] INFO  impl.LeaderElection (LogUtils.java:infoOrTrace(137)) -   Exception 0: java.util.concurrent.ExecutionException: org.apache.ratis.thirdparty.io.grpc.StatusRuntimeException: UNAVAILABLE: io exception
2020-06-15 15:40:41,576 [c922d5df-3bd1-4669-b221-1ae7b105f951@group-14F7D0E30960-LeaderElection25] INFO  impl.LeaderElection (LogUtils.java:infoOrTrace(137)) -   Exception 1: java.util.concurrent.ExecutionException: org.apache.ratis.thirdparty.io.grpc.StatusRuntimeException: UNAVAILABLE: io exception
2020-06-15 15:40:41,576 [c922d5df-3bd1-4669-b221-1ae7b105f951@group-14F7D0E30960-LeaderElection25] INFO  impl.RaftServerImpl (RaftServerImpl.java:setRole(175)) - c922d5df-3bd1-4669-b221-1ae7b105f951@group-14F7D0E30960: changes role from CANDIDATE to FOLLOWER at term 8 for DISCOVERED_A_NEW_TERM
2020-06-15 15:40:41,576 [c922d5df-3bd1-4669-b221-1ae7b105f951@group-14F7D0E30960-LeaderElection25] INFO  impl.RoleInfo (RoleInfo.java:shutdownLeaderElection(134)) - c922d5df-3bd1-4669-b221-1ae7b105f951: shutdown LeaderElection
2020-06-15 15:40:41,576 [c922d5df-3bd1-4669-b221-1ae7b105f951@group-14F7D0E30960-LeaderElection25] INFO  impl.RoleInfo (RoleInfo.java:updateAndGet(143)) - c922d5df-3bd1-4669-b221-1ae7b105f951: start FollowerState
2020-06-15 15:40:41,738 [grpc-default-executor-4] WARN  server.GrpcLogAppender (LogUtils.java:warn(122)) - c912bb49-c5b6-43bc-8d73-0672ac2b0169@group-3A5C16CF8D5C->9a0e5fc2-eb4c-4ba8-8ae5-559cc84280be-AppendLogResponseHandler: Failed appendEntries: org.apache.ratis.thirdparty.io.grpc.StatusRuntimeException: UNAVAILABLE: io exception
2020-06-15 15:40:41,740 [grpc-default-executor-4] INFO  impl.FollowerInfo (FollowerInfo.java:lambda$new$0(51)) - c912bb49-c5b6-43bc-8d73-0672ac2b0169@group-3A5C16CF8D5C->9a0e5fc2-eb4c-4ba8-8ae5-559cc84280be: nextIndex: updateUnconditionally 11 -> 10
2020-06-15 15:40:41,748 [grpc-default-executor-2] WARN  server.GrpcLogAppender (LogUtils.java:warn(122)) - 1555e715-5c6c-4e2d-b7e6-f10fa5f487d3@group-45C8AE79FB34->f695cbb9-a461-4428-8d13-756fae3d1d34-AppendLogResponseHandler: Failed appendEntries: org.apache.ratis.thirdparty.io.grpc.StatusRuntimeException: UNAVAILABLE: io exception
2020-06-15 15:40:41,752 [grpc-default-executor-2] INFO  impl.FollowerInfo (FollowerInfo.java:lambda$new$0(51)) - 1555e715-5c6c-4e2d-b7e6-f10fa5f487d3@group-45C8AE79FB34->f695cbb9-a461-4428-8d13-756fae3d1d34: nextIndex: updateUnconditionally 2 -> 1
2020-06-15 15:40:42,243 [grpc-default-executor-4] WARN  server.GrpcLogAppender (LogUtils.java:warn(122)) - c912bb49-c5b6-43bc-8d73-0672ac2b0169@group-3A5C16CF8D5C->9a0e5fc2-eb4c-4ba8-8ae5-559cc84280be-AppendLogResponseHandler: Failed appendEntries: org.apache.ratis.thirdparty.io.grpc.StatusRuntimeException: UNAVAILABLE: io exception
2020-06-15 15:40:42,243 [grpc-default-executor-4] INFO  impl.FollowerInfo (FollowerInfo.java:lambda$new$0(51)) - c912bb49-c5b6-43bc-8d73-0672ac2b0169@group-3A5C16CF8D5C->9a0e5fc2-eb4c-4ba8-8ae5-559cc84280be: nextIndex: updateUnconditionally 11 -> 10
2020-06-15 15:40:42,249 [grpc-default-executor-7] WARN  server.GrpcLogAppender (LogUtils.java:warn(122)) - 1555e715-5c6c-4e2d-b7e6-f10fa5f487d3@group-45C8AE79FB34->f695cbb9-a461-4428-8d13-756fae3d1d34-AppendLogResponseHandler: Failed appendEntries: org.apache.ratis.thirdparty.io.grpc.StatusRuntimeException: UNAVAILABLE: io exception
2020-06-15 15:40:42,249 [grpc-default-executor-7] INFO  impl.FollowerInfo (FollowerInfo.java:lambda$new$0(51)) - 1555e715-5c6c-4e2d-b7e6-f10fa5f487d3@group-45C8AE79FB34->f695cbb9-a461-4428-8d13-756fae3d1d34: nextIndex: updateUnconditionally 2 -> 1
2020-06-15 15:40:42,718 [Thread-673] INFO  impl.FollowerState (FollowerState.java:run(108)) - c922d5df-3bd1-4669-b221-1ae7b105f951@group-14F7D0E30960-FollowerState: change to CANDIDATE, lastRpcTime:1141ms, electionTimeout:1141ms
2020-06-15 15:40:42,718 [Thread-673] INFO  impl.RoleInfo (RoleInfo.java:shutdownFollowerState(121)) - c922d5df-3bd1-4669-b221-1ae7b105f951: shutdown FollowerState
2020-06-15 15:40:42,718 [Thread-673] INFO  impl.RaftServerImpl (RaftServerImpl.java:setRole(175)) - c922d5df-3bd1-4669-b221-1ae7b105f951@group-14F7D0E30960: changes role from  FOLLOWER to CANDIDATE at term 8 for changeToCandidate
2020-06-15 15:40:42,718 [Thread-673] INFO  impl.RoleInfo (RoleInfo.java:updateAndGet(143)) - c922d5df-3bd1-4669-b221-1ae7b105f951: start LeaderElection
2020-06-15 15:40:42,721 [c922d5df-3bd1-4669-b221-1ae7b105f951@group-14F7D0E30960-LeaderElection26] INFO  impl.LeaderElection (LeaderElection.java:askForVotes(206)) - c922d5df-3bd1-4669-b221-1ae7b105f951@group-14F7D0E30960-LeaderElection26: begin an election at term 9 for 18: [bb2a17c4-da93-471c-baec-5cf2aa5cf94e:172.17.0.2:42619, 24a75401-d909-4cbe-bf6e-d874185015ef:172.17.0.2:38429, c922d5df-3bd1-4669-b221-1ae7b105f951:172.17.0.2:33715], old=null
2020-06-15 15:40:42,724 [c922d5df-3bd1-4669-b221-1ae7b105f951@group-14F7D0E30960-LeaderElection26] INFO  impl.LeaderElection (LogUtils.java:infoOrTrace(137)) - c922d5df-3bd1-4669-b221-1ae7b105f951@group-14F7D0E30960-LeaderElection26 got exception when requesting votes: java.util.concurrent.ExecutionException: org.apache.ratis.thirdparty.io.grpc.StatusRuntimeException: UNAVAILABLE: io exception
2020-06-15 15:40:42,725 [c922d5df-3bd1-4669-b221-1ae7b105f951@group-14F7D0E30960-LeaderElection26] INFO  impl.LeaderElection (LogUtils.java:infoOrTrace(137)) - c922d5df-3bd1-4669-b221-1ae7b105f951@group-14F7D0E30960-LeaderElection26 got exception when requesting votes: java.util.concurrent.ExecutionException: org.apache.ratis.thirdparty.io.grpc.StatusRuntimeException: UNAVAILABLE: io exception
2020-06-15 15:40:42,725 [c922d5df-3bd1-4669-b221-1ae7b105f951@group-14F7D0E30960-LeaderElection26] INFO  impl.LeaderElection (LeaderElection.java:logAndReturn(61)) - c922d5df-3bd1-4669-b221-1ae7b105f951@group-14F7D0E30960-LeaderElection26: Election REJECTED; received 0 response(s) [] and 2 exception(s); c922d5df-3bd1-4669-b221-1ae7b105f951@group-14F7D0E30960:t9, leader=null, voted=c922d5df-3bd1-4669-b221-1ae7b105f951, raftlog=c922d5df-3bd1-4669-b221-1ae7b105f951@group-14F7D0E30960-SegmentedRaftLog:OPENED:c19,f19,i19, conf=18: [bb2a17c4-da93-471c-baec-5cf2aa5cf94e:172.17.0.2:42619, 24a75401-d909-4cbe-bf6e-d874185015ef:172.17.0.2:38429, c922d5df-3bd1-4669-b221-1ae7b105f951:172.17.0.2:33715], old=null
2020-06-15 15:40:42,725 [c922d5df-3bd1-4669-b221-1ae7b105f951@group-14F7D0E30960-LeaderElection26] INFO  impl.LeaderElection (LogUtils.java:infoOrTrace(137)) -   Exception 0: java.util.concurrent.ExecutionException: org.apache.ratis.thirdparty.io.grpc.StatusRuntimeException: UNAVAILABLE: io exception
2020-06-15 15:40:42,725 [c922d5df-3bd1-4669-b221-1ae7b105f951@group-14F7D0E30960-LeaderElection26] INFO  impl.LeaderElection (LogUtils.java:infoOrTrace(137)) -   Exception 1: java.util.concurrent.ExecutionException: org.apache.ratis.thirdparty.io.grpc.StatusRuntimeException: UNAVAILABLE: io exception
2020-06-15 15:40:42,725 [c922d5df-3bd1-4669-b221-1ae7b105f951@group-14F7D0E30960-LeaderElection26] INFO  impl.RaftServerImpl (RaftServerImpl.java:setRole(175)) - c922d5df-3bd1-4669-b221-1ae7b105f951@group-14F7D0E30960: changes role from CANDIDATE to FOLLOWER at term 9 for DISCOVERED_A_NEW_TERM
2020-06-15 15:40:42,725 [c922d5df-3bd1-4669-b221-1ae7b105f951@group-14F7D0E30960-LeaderElection26] INFO  impl.RoleInfo (RoleInfo.java:shutdownLeaderElection(134)) - c922d5df-3bd1-4669-b221-1ae7b105f951: shutdown LeaderElection
2020-06-15 15:40:42,725 [c922d5df-3bd1-4669-b221-1ae7b105f951@group-14F7D0E30960-LeaderElection26] INFO  impl.RoleInfo (RoleInfo.java:updateAndGet(143)) - c922d5df-3bd1-4669-b221-1ae7b105f951: start FollowerState
2020-06-15 15:40:42,747 [grpc-default-executor-7] WARN  server.GrpcLogAppender (LogUtils.java:warn(122)) - c912bb49-c5b6-43bc-8d73-0672ac2b0169@group-3A5C16CF8D5C->9a0e5fc2-eb4c-4ba8-8ae5-559cc84280be-AppendLogResponseHandler: Failed appendEntries: org.apache.ratis.thirdparty.io.grpc.StatusRuntimeException: UNAVAILABLE: io exception
2020-06-15 15:40:42,748 [grpc-default-executor-7] INFO  impl.FollowerInfo (FollowerInfo.java:lambda$new$0(51)) - c912bb49-c5b6-43bc-8d73-0672ac2b0169@group-3A5C16CF8D5C->9a0e5fc2-eb4c-4ba8-8ae5-559cc84280be: nextIndex: updateUnconditionally 11 -> 10
2020-06-15 15:40:42,751 [grpc-default-executor-4] WARN  server.GrpcLogAppender (LogUtils.java:warn(122)) - 1555e715-5c6c-4e2d-b7e6-f10fa5f487d3@group-45C8AE79FB34->f695cbb9-a461-4428-8d13-756fae3d1d34-AppendLogResponseHandler: Failed appendEntries: org.apache.ratis.thirdparty.io.grpc.StatusRuntimeException: UNAVAILABLE: io exception
2020-06-15 15:40:42,751 [grpc-default-executor-4] INFO  impl.FollowerInfo (FollowerInfo.java:lambda$new$0(51)) - 1555e715-5c6c-4e2d-b7e6-f10fa5f487d3@group-45C8AE79FB34->f695cbb9-a461-4428-8d13-756fae3d1d34: nextIndex: updateUnconditionally 2 -> 1
2020-06-15 15:40:43,245 [grpc-default-executor-4] WARN  server.GrpcLogAppender (LogUtils.java:warn(122)) - c912bb49-c5b6-43bc-8d73-0672ac2b0169@group-3A5C16CF8D5C->9a0e5fc2-eb4c-4ba8-8ae5-559cc84280be-AppendLogResponseHandler: Failed appendEntries: org.apache.ratis.thirdparty.io.grpc.StatusRuntimeException: UNAVAILABLE: io exception
2020-06-15 15:40:43,245 [grpc-default-executor-4] INFO  impl.FollowerInfo (FollowerInfo.java:lambda$new$0(51)) - c912bb49-c5b6-43bc-8d73-0672ac2b0169@group-3A5C16CF8D5C->9a0e5fc2-eb4c-4ba8-8ae5-559cc84280be: nextIndex: updateUnconditionally 11 -> 10
2020-06-15 15:40:43,253 [grpc-default-executor-7] WARN  server.GrpcLogAppender (LogUtils.java:warn(122)) - 1555e715-5c6c-4e2d-b7e6-f10fa5f487d3@group-45C8AE79FB34->f695cbb9-a461-4428-8d13-756fae3d1d34-AppendLogResponseHandler: Failed appendEntries: org.apache.ratis.thirdparty.io.grpc.StatusRuntimeException: UNAVAILABLE: io exception
2020-06-15 15:40:43,254 [grpc-default-executor-7] INFO  impl.FollowerInfo (FollowerInfo.java:lambda$new$0(51)) - 1555e715-5c6c-4e2d-b7e6-f10fa5f487d3@group-45C8AE79FB34->f695cbb9-a461-4428-8d13-756fae3d1d34: nextIndex: updateUnconditionally 2 -> 1
2020-06-15 15:40:43,746 [grpc-default-executor-7] WARN  server.GrpcLogAppender (LogUtils.java:warn(122)) - c912bb49-c5b6-43bc-8d73-0672ac2b0169@group-3A5C16CF8D5C->9a0e5fc2-eb4c-4ba8-8ae5-559cc84280be-AppendLogResponseHandler: Failed appendEntries: org.apache.ratis.thirdparty.io.grpc.StatusRuntimeException: UNAVAILABLE: io exception
2020-06-15 15:40:43,747 [grpc-default-executor-7] INFO  impl.FollowerInfo (FollowerInfo.java:lambda$new$0(51)) - c912bb49-c5b6-43bc-8d73-0672ac2b0169@group-3A5C16CF8D5C->9a0e5fc2-eb4c-4ba8-8ae5-559cc84280be: nextIndex: updateUnconditionally 11 -> 10
2020-06-15 15:40:43,755 [grpc-default-executor-4] WARN  server.GrpcLogAppender (LogUtils.java:warn(122)) - 1555e715-5c6c-4e2d-b7e6-f10fa5f487d3@group-45C8AE79FB34->f695cbb9-a461-4428-8d13-756fae3d1d34-AppendLogResponseHandler: Failed appendEntries: org.apache.ratis.thirdparty.io.grpc.StatusRuntimeException: UNAVAILABLE: io exception
2020-06-15 15:40:43,756 [grpc-default-executor-4] INFO  impl.FollowerInfo (FollowerInfo.java:lambda$new$0(51)) - 1555e715-5c6c-4e2d-b7e6-f10fa5f487d3@group-45C8AE79FB34->f695cbb9-a461-4428-8d13-756fae3d1d34: nextIndex: updateUnconditionally 2 -> 1
2020-06-15 15:40:43,761 [ForkJoinPool.commonPool-worker-1] INFO  ozoneimpl.OzoneContainer (OzoneContainer.java:stop(246)) - Attempting to stop container services.
2020-06-15 15:40:43,762 [ForkJoinPool.commonPool-worker-1] INFO  impl.RaftServerProxy (RaftServerProxy.java:lambda$close$4(319)) - c922d5df-3bd1-4669-b221-1ae7b105f951: close
2020-06-15 15:40:43,763 [ForkJoinPool.commonPool-worker-1] INFO  impl.RaftServerImpl (RaftServerImpl.java:lambda$shutdown$3(252)) - c922d5df-3bd1-4669-b221-1ae7b105f951@group-997157C82D66: shutdown
2020-06-15 15:40:43,763 [ForkJoinPool.commonPool-worker-1] INFO  util.JmxRegister (JmxRegister.java:unregister(73)) - Successfully un-registered JMX Bean with object name Ratis:service=RaftServer,group=group-997157C82D66,id=c922d5df-3bd1-4669-b221-1ae7b105f951
2020-06-15 15:40:43,763 [ForkJoinPool.commonPool-worker-1] INFO  impl.RoleInfo (RoleInfo.java:shutdownLeaderState(104)) - c922d5df-3bd1-4669-b221-1ae7b105f951: shutdown LeaderState
2020-06-15 15:40:43,763 [ForkJoinPool.commonPool-worker-1] INFO  impl.PendingRequests (PendingRequests.java:sendNotLeaderResponses(249)) - c922d5df-3bd1-4669-b221-1ae7b105f951@group-997157C82D66-PendingRequests: sendNotLeaderResponses
2020-06-15 15:40:43,763 [ForkJoinPool.commonPool-worker-1] INFO  metrics.RatisMetrics (RatisMetrics.java:unregister(43)) - Unregistering Metrics Registry : ratis.log_appender.c922d5df-3bd1-4669-b221-1ae7b105f951@group-997157C82D66
2020-06-15 15:40:43,763 [ForkJoinPool.commonPool-worker-1] INFO  metrics.RatisMetrics (RatisMetrics.java:unregister(43)) - Unregistering Metrics Registry : ratis.server.c922d5df-3bd1-4669-b221-1ae7b105f951@group-997157C82D66
2020-06-15 15:40:43,764 [c922d5df-3bd1-4669-b221-1ae7b105f951@group-997157C82D66-StateMachineUpdater] INFO  ratis.ContainerStateMachine (ContainerStateMachine.java:takeSnapshot(288)) - group-997157C82D66: Taking a snapshot at:(t:1, i:0) file /github/workspace/mnt/ozone/hadoop-ozone/integration-test/target/test-dir/MiniOzoneClusterImpl-821e280a-19ea-4536-9ce4-db87e8de49a0/datanode-4/data/ratis/6fe9f424-25dd-405d-8fb1-997157c82d66/sm/snapshot.1_0
2020-06-15 15:40:43,764 [ForkJoinPool.commonPool-worker-1] INFO  impl.StateMachineUpdater (StateMachineUpdater.java:stopAndJoin(142)) - c922d5df-3bd1-4669-b221-1ae7b105f951@group-997157C82D66-StateMachineUpdater: set stopIndex = 0
2020-06-15 15:40:43,765 [Listener at 127.0.0.1/33397] INFO  ozoneimpl.OzoneContainer (OzoneContainer.java:stop(246)) - Attempting to stop container services.
2020-06-15 15:40:43,765 [c922d5df-3bd1-4669-b221-1ae7b105f951@group-997157C82D66-StateMachineUpdater] INFO  ratis.ContainerStateMachine (ContainerStateMachine.java:takeSnapshot(299)) - group-997157C82D66: Finished taking a snapshot at:(t:1, i:0) file:/github/workspace/mnt/ozone/hadoop-ozone/integration-test/target/test-dir/MiniOzoneClusterImpl-821e280a-19ea-4536-9ce4-db87e8de49a0/datanode-4/data/ratis/6fe9f424-25dd-405d-8fb1-997157c82d66/sm/snapshot.1_0 time:1
2020-06-15 15:40:43,765 [c922d5df-3bd1-4669-b221-1ae7b105f951@group-997157C82D66-StateMachineUpdater] INFO  impl.StateMachineUpdater (StateMachineUpdater.java:takeSnapshot(277)) - c922d5df-3bd1-4669-b221-1ae7b105f951@group-997157C82D66-StateMachineUpdater: Took a snapshot at index 0
2020-06-15 15:40:43,765 [c922d5df-3bd1-4669-b221-1ae7b105f951@group-997157C82D66-StateMachineUpdater] INFO  impl.StateMachineUpdater (StateMachineUpdater.java:lambda$new$0(87)) - c922d5df-3bd1-4669-b221-1ae7b105f951@group-997157C82D66-StateMachineUpdater: snapshotIndex: updateIncreasingly -1 -> 0
2020-06-15 15:40:43,766 [c922d5df-3bd1-4669-b221-1ae7b105f951@group-997157C82D66-StateMachineUpdater] INFO  metrics.RatisMetrics (RatisMetrics.java:unregister(43)) - Unregistering Metrics Registry : ratis.state_machine.c922d5df-3bd1-4669-b221-1ae7b105f951@group-997157C82D66
2020-06-15 15:40:43,766 [ForkJoinPool.commonPool-worker-1] INFO  impl.RaftServerImpl (ServerState.java:close(387)) - c922d5df-3bd1-4669-b221-1ae7b105f951@group-997157C82D66: closes. applyIndex: 0
2020-06-15 15:40:43,766 [c922d5df-3bd1-4669-b221-1ae7b105f951@group-997157C82D66-SegmentedRaftLogWorker] INFO  segmented.SegmentedRaftLogWorker (SegmentedRaftLogWorker.java:run(327)) - c922d5df-3bd1-4669-b221-1ae7b105f951@group-997157C82D66-SegmentedRaftLogWorker was interrupted, exiting. There are 0 tasks remaining in the queue.
2020-06-15 15:40:43,767 [Listener at 127.0.0.1/33397] INFO  impl.RaftServerProxy (RaftServerProxy.java:lambda$close$4(319)) - 1555e715-5c6c-4e2d-b7e6-f10fa5f487d3: close
2020-06-15 15:40:43,767 [Listener at 127.0.0.1/33397] INFO  impl.RaftServerImpl (RaftServerImpl.java:lambda$shutdown$3(252)) - 1555e715-5c6c-4e2d-b7e6-f10fa5f487d3@group-705EA30DD5A8: shutdown
2020-06-15 15:40:43,767 [Listener at 127.0.0.1/33397] INFO  util.JmxRegister (JmxRegister.java:unregister(73)) - Successfully un-registered JMX Bean with object name Ratis:service=RaftServer,group=group-705EA30DD5A8,id=1555e715-5c6c-4e2d-b7e6-f10fa5f487d3
2020-06-15 15:40:43,767 [Listener at 127.0.0.1/33397] INFO  impl.RoleInfo (RoleInfo.java:shutdownLeaderState(104)) - 1555e715-5c6c-4e2d-b7e6-f10fa5f487d3: shutdown LeaderState
2020-06-15 15:40:43,767 [Listener at 127.0.0.1/33397] INFO  impl.PendingRequests (PendingRequests.java:sendNotLeaderResponses(249)) - 1555e715-5c6c-4e2d-b7e6-f10fa5f487d3@group-705EA30DD5A8-PendingRequests: sendNotLeaderResponses
2020-06-15 15:40:43,767 [Listener at 127.0.0.1/33397] INFO  metrics.RatisMetrics (RatisMetrics.java:unregister(43)) - Unregistering Metrics Registry : ratis.log_appender.1555e715-5c6c-4e2d-b7e6-f10fa5f487d3@group-705EA30DD5A8
2020-06-15 15:40:43,768 [Listener at 127.0.0.1/33397] INFO  metrics.RatisMetrics (RatisMetrics.java:unregister(43)) - Unregistering Metrics Registry : ratis.server.1555e715-5c6c-4e2d-b7e6-f10fa5f487d3@group-705EA30DD5A8
2020-06-15 15:40:43,768 [Listener at 127.0.0.1/33397] INFO  impl.StateMachineUpdater (StateMachineUpdater.java:stopAndJoin(142)) - 1555e715-5c6c-4e2d-b7e6-f10fa5f487d3@group-705EA30DD5A8-StateMachineUpdater: set stopIndex = 0
2020-06-15 15:40:43,769 [1555e715-5c6c-4e2d-b7e6-f10fa5f487d3@group-705EA30DD5A8-StateMachineUpdater] INFO  ratis.ContainerStateMachine (ContainerStateMachine.java:takeSnapshot(288)) - group-705EA30DD5A8: Taking a snapshot at:(t:1, i:0) file /github/workspace/mnt/ozone/hadoop-ozone/integration-test/target/test-dir/MiniOzoneClusterImpl-821e280a-19ea-4536-9ce4-db87e8de49a0/datanode-8/data/ratis/2424e855-3fe0-4dd4-b4cb-705ea30dd5a8/sm/snapshot.1_0
2020-06-15 15:40:43,769 [1555e715-5c6c-4e2d-b7e6-f10fa5f487d3@group-705EA30DD5A8-StateMachineUpdater] INFO  ratis.ContainerStateMachine (ContainerStateMachine.java:takeSnapshot(299)) - group-705EA30DD5A8: Finished taking a snapshot at:(t:1, i:0) file:/github/workspace/mnt/ozone/hadoop-ozone/integration-test/target/test-dir/MiniOzoneClusterImpl-821e280a-19ea-4536-9ce4-db87e8de49a0/datanode-8/data/ratis/2424e855-3fe0-4dd4-b4cb-705ea30dd5a8/sm/snapshot.1_0 time:1
2020-06-15 15:40:43,770 [1555e715-5c6c-4e2d-b7e6-f10fa5f487d3@group-705EA30DD5A8-StateMachineUpdater] INFO  impl.StateMachineUpdater (StateMachineUpdater.java:takeSnapshot(277)) - 1555e715-5c6c-4e2d-b7e6-f10fa5f487d3@group-705EA30DD5A8-StateMachineUpdater: Took a snapshot at index 0
2020-06-15 15:40:43,770 [1555e715-5c6c-4e2d-b7e6-f10fa5f487d3@group-705EA30DD5A8-StateMachineUpdater] INFO  impl.StateMachineUpdater (StateMachineUpdater.java:lambda$new$0(87)) - 1555e715-5c6c-4e2d-b7e6-f10fa5f487d3@group-705EA30DD5A8-StateMachineUpdater: snapshotIndex: updateIncreasingly -1 -> 0
2020-06-15 15:40:43,770 [1555e715-5c6c-4e2d-b7e6-f10fa5f487d3@group-705EA30DD5A8-StateMachineUpdater] INFO  metrics.RatisMetrics (RatisMetrics.java:unregister(43)) - Unregistering Metrics Registry : ratis.state_machine.1555e715-5c6c-4e2d-b7e6-f10fa5f487d3@group-705EA30DD5A8
2020-06-15 15:40:43,771 [Listener at 127.0.0.1/33397] INFO  impl.RaftServerImpl (ServerState.java:close(387)) - 1555e715-5c6c-4e2d-b7e6-f10fa5f487d3@group-705EA30DD5A8: closes. applyIndex: 0
2020-06-15 15:40:43,787 [1555e715-5c6c-4e2d-b7e6-f10fa5f487d3@group-705EA30DD5A8-SegmentedRaftLogWorker] INFO  segmented.SegmentedRaftLogWorker (SegmentedRaftLogWorker.java:run(327)) - 1555e715-5c6c-4e2d-b7e6-f10fa5f487d3@group-705EA30DD5A8-SegmentedRaftLogWorker was interrupted, exiting. There are 0 tasks remaining in the queue.
2020-06-15 15:40:43,787 [ForkJoinPool.commonPool-worker-1] INFO  segmented.SegmentedRaftLogWorker (SegmentedRaftLogWorker.java:close(234)) - c922d5df-3bd1-4669-b221-1ae7b105f951@group-997157C82D66-SegmentedRaftLogWorker close()
2020-06-15 15:40:43,787 [Listener at 127.0.0.1/33397] INFO  segmented.SegmentedRaftLogWorker (SegmentedRaftLogWorker.java:close(234)) - 1555e715-5c6c-4e2d-b7e6-f10fa5f487d3@group-705EA30DD5A8-SegmentedRaftLogWorker close()
2020-06-15 15:40:43,788 [ForkJoinPool.commonPool-worker-1] INFO  metrics.RatisMetrics (RatisMetrics.java:unregister(43)) - Unregistering Metrics Registry : ratis.log_worker.c922d5df-3bd1-4669-b221-1ae7b105f951@group-997157C82D66
2020-06-15 15:40:43,788 [ForkJoinPool.commonPool-worker-1] INFO  metrics.RatisMetrics (RatisMetrics.java:unregister(43)) - Unregistering Metrics Registry : ratis.leader_election.c922d5df-3bd1-4669-b221-1ae7b105f951@group-997157C82D66
2020-06-15 15:40:43,789 [ForkJoinPool.commonPool-worker-1] INFO  metrics.RatisMetrics (RatisMetrics.java:unregister(43)) - Unregistering Metrics Registry : ratis.server.c922d5df-3bd1-4669-b221-1ae7b105f951@group-997157C82D66
2020-06-15 15:40:43,789 [ForkJoinPool.commonPool-worker-1] INFO  impl.RaftServerImpl (RaftServerImpl.java:lambda$shutdown$3(252)) - c922d5df-3bd1-4669-b221-1ae7b105f951@group-14F7D0E30960: shutdown
2020-06-15 15:40:43,789 [ForkJoinPool.commonPool-worker-1] INFO  util.JmxRegister (JmxRegister.java:unregister(73)) - Successfully un-registered JMX Bean with object name Ratis:service=RaftServer,group=group-14F7D0E30960,id=c922d5df-3bd1-4669-b221-1ae7b105f951
2020-06-15 15:40:43,789 [ForkJoinPool.commonPool-worker-1] INFO  impl.RoleInfo (RoleInfo.java:shutdownFollowerState(121)) - c922d5df-3bd1-4669-b221-1ae7b105f951: shutdown FollowerState
2020-06-15 15:40:43,789 [ForkJoinPool.commonPool-worker-1] INFO  impl.StateMachineUpdater (StateMachineUpdater.java:stopAndJoin(142)) - c922d5df-3bd1-4669-b221-1ae7b105f951@group-14F7D0E30960-StateMachineUpdater: set stopIndex = 19
2020-06-15 15:40:43,791 [c922d5df-3bd1-4669-b221-1ae7b105f951@group-14F7D0E30960-StateMachineUpdater] INFO  ratis.ContainerStateMachine (ContainerStateMachine.java:takeSnapshot(288)) - group-14F7D0E30960: Taking a snapshot at:(t:6, i:19) file /github/workspace/mnt/ozone/hadoop-ozone/integration-test/target/test-dir/MiniOzoneClusterImpl-821e280a-19ea-4536-9ce4-db87e8de49a0/datanode-4/data/ratis/a92e5d60-6bd7-4a35-8c33-14f7d0e30960/sm/snapshot.6_19
2020-06-15 15:40:43,788 [Listener at 127.0.0.1/33397] INFO  metrics.RatisMetrics (RatisMetrics.java:unregister(43)) - Unregistering Metrics Registry : ratis.log_worker.1555e715-5c6c-4e2d-b7e6-f10fa5f487d3@group-705EA30DD5A8
2020-06-15 15:40:43,789 [Thread-681] INFO  impl.FollowerState (FollowerState.java:run(117)) - c922d5df-3bd1-4669-b221-1ae7b105f951@group-14F7D0E30960-FollowerState was interrupted: java.lang.InterruptedException: sleep interrupted
2020-06-15 15:40:43,792 [Listener at 127.0.0.1/33397] INFO  metrics.RatisMetrics (RatisMetrics.java:unregister(43)) - Unregistering Metrics Registry : ratis.leader_election.1555e715-5c6c-4e2d-b7e6-f10fa5f487d3@group-705EA30DD5A8
2020-06-15 15:40:43,792 [Listener at 127.0.0.1/33397] INFO  metrics.RatisMetrics (RatisMetrics.java:unregister(43)) - Unregistering Metrics Registry : ratis.server.1555e715-5c6c-4e2d-b7e6-f10fa5f487d3@group-705EA30DD5A8
2020-06-15 15:40:43,793 [Listener at 127.0.0.1/33397] INFO  impl.RaftServerImpl (RaftServerImpl.java:lambda$shutdown$3(252)) - 1555e715-5c6c-4e2d-b7e6-f10fa5f487d3@group-45C8AE79FB34: shutdown
2020-06-15 15:40:43,793 [Listener at 127.0.0.1/33397] INFO  util.JmxRegister (JmxRegister.java:unregister(73)) - Successfully un-registered JMX Bean with object name Ratis:service=RaftServer,group=group-45C8AE79FB34,id=1555e715-5c6c-4e2d-b7e6-f10fa5f487d3
2020-06-15 15:40:43,793 [Listener at 127.0.0.1/33397] INFO  impl.RoleInfo (RoleInfo.java:shutdownLeaderState(104)) - 1555e715-5c6c-4e2d-b7e6-f10fa5f487d3: shutdown LeaderState
2020-06-15 15:40:43,793 [Listener at 127.0.0.1/33397] INFO  metrics.RatisMetrics (RatisMetrics.java:unregister(43)) - Unregistering Metrics Registry : ratis_grpc.log_appender.1555e715-5c6c-4e2d-b7e6-f10fa5f487d3@group-45C8AE79FB34
2020-06-15 15:40:43,794 [c922d5df-3bd1-4669-b221-1ae7b105f951@group-14F7D0E30960-StateMachineUpdater] INFO  ratis.ContainerStateMachine (ContainerStateMachine.java:takeSnapshot(299)) - group-14F7D0E30960: Finished taking a snapshot at:(t:6, i:19) file:/github/workspace/mnt/ozone/hadoop-ozone/integration-test/target/test-dir/MiniOzoneClusterImpl-821e280a-19ea-4536-9ce4-db87e8de49a0/datanode-4/data/ratis/a92e5d60-6bd7-4a35-8c33-14f7d0e30960/sm/snapshot.6_19 time:3
2020-06-15 15:40:43,794 [c922d5df-3bd1-4669-b221-1ae7b105f951@group-14F7D0E30960-StateMachineUpdater] INFO  impl.StateMachineUpdater (StateMachineUpdater.java:takeSnapshot(277)) - c922d5df-3bd1-4669-b221-1ae7b105f951@group-14F7D0E30960-StateMachineUpdater: Took a snapshot at index 19
2020-06-15 15:40:43,795 [c922d5df-3bd1-4669-b221-1ae7b105f951@group-14F7D0E30960-StateMachineUpdater] INFO  impl.StateMachineUpdater (StateMachineUpdater.java:lambda$new$0(87)) - c922d5df-3bd1-4669-b221-1ae7b105f951@group-14F7D0E30960-StateMachineUpdater: snapshotIndex: updateIncreasingly -1 -> 19
2020-06-15 15:40:43,795 [c922d5df-3bd1-4669-b221-1ae7b105f951@group-14F7D0E30960-StateMachineUpdater] INFO  metrics.RatisMetrics (RatisMetrics.java:unregister(43)) - Unregistering Metrics Registry : ratis.state_machine.c922d5df-3bd1-4669-b221-1ae7b105f951@group-14F7D0E30960
2020-06-15 15:40:43,795 [ForkJoinPool.commonPool-worker-1] INFO  impl.RaftServerImpl (ServerState.java:close(387)) - c922d5df-3bd1-4669-b221-1ae7b105f951@group-14F7D0E30960: closes. applyIndex: 19
2020-06-15 15:40:43,795 [c922d5df-3bd1-4669-b221-1ae7b105f951@group-14F7D0E30960-SegmentedRaftLogWorker] INFO  segmented.SegmentedRaftLogWorker (SegmentedRaftLogWorker.java:run(327)) - c922d5df-3bd1-4669-b221-1ae7b105f951@group-14F7D0E30960-SegmentedRaftLogWorker was interrupted, exiting. There are 0 tasks remaining in the queue.
2020-06-15 15:40:43,796 [ForkJoinPool.commonPool-worker-1] INFO  segmented.SegmentedRaftLogWorker (SegmentedRaftLogWorker.java:close(234)) - c922d5df-3bd1-4669-b221-1ae7b105f951@group-14F7D0E30960-SegmentedRaftLogWorker close()
2020-06-15 15:40:43,796 [Listener at 127.0.0.1/33397] INFO  metrics.RatisMetrics (RatisMetrics.java:unregister(43)) - Unregistering Metrics Registry : ratis_grpc.log_appender.1555e715-5c6c-4e2d-b7e6-f10fa5f487d3@group-45C8AE79FB34
2020-06-15 15:40:43,796 [org.apache.ratis.server.impl.LogAppender$AppenderDaemon$$Lambda$438/99317469@fc66dad] WARN  server.GrpcLogAppender (GrpcLogAppender.java:mayWait(153)) - 1555e715-5c6c-4e2d-b7e6-f10fa5f487d3@group-45C8AE79FB34->f695cbb9-a461-4428-8d13-756fae3d1d34-GrpcLogAppender: Wait interrupted by java.lang.InterruptedException
2020-06-15 15:40:43,796 [ForkJoinPool.commonPool-worker-1] INFO  metrics.RatisMetrics (RatisMetrics.java:unregister(43)) - Unregistering Metrics Registry : ratis.log_worker.c922d5df-3bd1-4669-b221-1ae7b105f951@group-14F7D0E30960
2020-06-15 15:40:43,797 [ForkJoinPool.commonPool-worker-1] INFO  metrics.RatisMetrics (RatisMetrics.java:unregister(43)) - Unregistering Metrics Registry : ratis.leader_election.c922d5df-3bd1-4669-b221-1ae7b105f951@group-14F7D0E30960
2020-06-15 15:40:43,797 [ForkJoinPool.commonPool-worker-1] INFO  metrics.RatisMetrics (RatisMetrics.java:unregister(43)) - Unregistering Metrics Registry : ratis.server.c922d5df-3bd1-4669-b221-1ae7b105f951@group-14F7D0E30960
2020-06-15 15:40:43,797 [ForkJoinPool.commonPool-worker-1] INFO  server.GrpcService (GrpcService.java:closeImpl(166)) - c922d5df-3bd1-4669-b221-1ae7b105f951: shutdown server with port 33715 now
2020-06-15 15:40:43,797 [Listener at 127.0.0.1/33397] INFO  impl.PendingRequests (PendingRequests.java:sendNotLeaderResponses(249)) - 1555e715-5c6c-4e2d-b7e6-f10fa5f487d3@group-45C8AE79FB34-PendingRequests: sendNotLeaderResponses
2020-06-15 15:40:43,798 [org.apache.ratis.server.impl.LogAppender$AppenderDaemon$$Lambda$438/99317469@2c0d6001] WARN  server.GrpcLogAppender (GrpcLogAppender.java:mayWait(153)) - 1555e715-5c6c-4e2d-b7e6-f10fa5f487d3@group-45C8AE79FB34->76787e2a-cdc9-4e9e-a68d-44f13553fe3c-GrpcLogAppender: Wait interrupted by java.lang.InterruptedException
2020-06-15 15:40:43,798 [ForkJoinPool.commonPool-worker-1] INFO  server.GrpcService (GrpcService.java:closeImpl(174)) - c922d5df-3bd1-4669-b221-1ae7b105f951: shutdown server with port 33715 successfully
2020-06-15 15:40:43,798 [grpc-default-executor-7] INFO  server.GrpcServerProtocolService (GrpcServerProtocolService.java:onCompleted(138)) - 76787e2a-cdc9-4e9e-a68d-44f13553fe3c: Completed APPEND_ENTRIES, lastRequest: 1555e715-5c6c-4e2d-b7e6-f10fa5f487d3->76787e2a-cdc9-4e9e-a68d-44f13553fe3c#2-t3, previous=(t:3, i:1), leaderCommit=1, initializing? false, entries: size=1, first=(t:3, i:2), METADATAENTRY(c:1)
2020-06-15 15:40:43,799 [grpc-default-executor-4] INFO  server.GrpcLogAppender (GrpcLogAppender.java:onCompleted(319)) - 1555e715-5c6c-4e2d-b7e6-f10fa5f487d3@group-45C8AE79FB34->76787e2a-cdc9-4e9e-a68d-44f13553fe3c-AppendLogResponseHandler: follower responses appendEntries COMPLETED
2020-06-15 15:40:43,800 [Listener at 127.0.0.1/33397] INFO  metrics.RatisMetrics (RatisMetrics.java:unregister(43)) - Unregistering Metrics Registry : ratis.log_appender.1555e715-5c6c-4e2d-b7e6-f10fa5f487d3@group-45C8AE79FB34
2020-06-15 15:40:43,801 [Listener at 127.0.0.1/33397] INFO  metrics.RatisMetrics (RatisMetrics.java:unregister(43)) - Unregistering Metrics Registry : ratis.server.1555e715-5c6c-4e2d-b7e6-f10fa5f487d3@group-45C8AE79FB34
2020-06-15 15:40:43,801 [grpc-default-executor-4] INFO  impl.FollowerInfo (FollowerInfo.java:lambda$new$0(51)) - 1555e715-5c6c-4e2d-b7e6-f10fa5f487d3@group-45C8AE79FB34->76787e2a-cdc9-4e9e-a68d-44f13553fe3c: nextIndex: updateUnconditionally 3 -> 2
2020-06-15 15:40:43,801 [Listener at 127.0.0.1/33397] INFO  impl.StateMachineUpdater (StateMachineUpdater.java:stopAndJoin(142)) - 1555e715-5c6c-4e2d-b7e6-f10fa5f487d3@group-45C8AE79FB34-StateMachineUpdater: set stopIndex = 2
2020-06-15 15:40:43,801 [1555e715-5c6c-4e2d-b7e6-f10fa5f487d3@group-45C8AE79FB34-StateMachineUpdater] INFO  ratis.ContainerStateMachine (ContainerStateMachine.java:takeSnapshot(288)) - group-45C8AE79FB34: Taking a snapshot at:(t:3, i:2) file /github/workspace/mnt/ozone/hadoop-ozone/integration-test/target/test-dir/MiniOzoneClusterImpl-821e280a-19ea-4536-9ce4-db87e8de49a0/datanode-8/data/ratis/7efe5cd7-55cc-4aa9-9f53-45c8ae79fb34/sm/snapshot.3_2
2020-06-15 15:40:43,802 [1555e715-5c6c-4e2d-b7e6-f10fa5f487d3@group-45C8AE79FB34-StateMachineUpdater] INFO  ratis.ContainerStateMachine (ContainerStateMachine.java:takeSnapshot(299)) - group-45C8AE79FB34: Finished taking a snapshot at:(t:3, i:2) file:/github/workspace/mnt/ozone/hadoop-ozone/integration-test/target/test-dir/MiniOzoneClusterImpl-821e280a-19ea-4536-9ce4-db87e8de49a0/datanode-8/data/ratis/7efe5cd7-55cc-4aa9-9f53-45c8ae79fb34/sm/snapshot.3_2 time:1
2020-06-15 15:40:43,803 [1555e715-5c6c-4e2d-b7e6-f10fa5f487d3@group-45C8AE79FB34-StateMachineUpdater] INFO  impl.StateMachineUpdater (StateMachineUpdater.java:takeSnapshot(277)) - 1555e715-5c6c-4e2d-b7e6-f10fa5f487d3@group-45C8AE79FB34-StateMachineUpdater: Took a snapshot at index 2
2020-06-15 15:40:43,803 [1555e715-5c6c-4e2d-b7e6-f10fa5f487d3@group-45C8AE79FB34-StateMachineUpdater] INFO  impl.StateMachineUpdater (StateMachineUpdater.java:lambda$new$0(87)) - 1555e715-5c6c-4e2d-b7e6-f10fa5f487d3@group-45C8AE79FB34-StateMachineUpdater: snapshotIndex: updateIncreasingly -1 -> 2
2020-06-15 15:40:43,803 [1555e715-5c6c-4e2d-b7e6-f10fa5f487d3@group-45C8AE79FB34-StateMachineUpdater] INFO  metrics.RatisMetrics (RatisMetrics.java:unregister(43)) - Unregistering Metrics Registry : ratis.state_machine.1555e715-5c6c-4e2d-b7e6-f10fa5f487d3@group-45C8AE79FB34
2020-06-15 15:40:43,803 [Listener at 127.0.0.1/33397] INFO  impl.RaftServerImpl (ServerState.java:close(387)) - 1555e715-5c6c-4e2d-b7e6-f10fa5f487d3@group-45C8AE79FB34: closes. applyIndex: 2
2020-06-15 15:40:43,804 [1555e715-5c6c-4e2d-b7e6-f10fa5f487d3@group-45C8AE79FB34-SegmentedRaftLogWorker] INFO  segmented.SegmentedRaftLogWorker (SegmentedRaftLogWorker.java:run(327)) - 1555e715-5c6c-4e2d-b7e6-f10fa5f487d3@group-45C8AE79FB34-SegmentedRaftLogWorker was interrupted, exiting. There are 0 tasks remaining in the queue.
2020-06-15 15:40:43,804 [Listener at 127.0.0.1/33397] INFO  segmented.SegmentedRaftLogWorker (SegmentedRaftLogWorker.java:close(234)) - 1555e715-5c6c-4e2d-b7e6-f10fa5f487d3@group-45C8AE79FB34-SegmentedRaftLogWorker close()
2020-06-15 15:40:43,805 [ForkJoinPool.commonPool-worker-1] INFO  utils.BackgroundService (BackgroundService.java:shutdown(157)) - Shutting down service BlockDeletingService
2020-06-15 15:40:43,806 [Listener at 127.0.0.1/33397] INFO  metrics.RatisMetrics (RatisMetrics.java:unregister(43)) - Unregistering Metrics Registry : ratis.log_worker.1555e715-5c6c-4e2d-b7e6-f10fa5f487d3@group-45C8AE79FB34
2020-06-15 15:40:43,806 [Listener at 127.0.0.1/33397] INFO  metrics.RatisMetrics (RatisMetrics.java:unregister(43)) - Unregistering Metrics Registry : ratis.leader_election.1555e715-5c6c-4e2d-b7e6-f10fa5f487d3@group-45C8AE79FB34
2020-06-15 15:40:43,807 [Listener at 127.0.0.1/33397] INFO  metrics.RatisMetrics (RatisMetrics.java:unregister(43)) - Unregistering Metrics Registry : ratis.server.1555e715-5c6c-4e2d-b7e6-f10fa5f487d3@group-45C8AE79FB34
2020-06-15 15:40:43,808 [Listener at 127.0.0.1/33397] INFO  server.GrpcService (GrpcService.java:closeImpl(166)) - 1555e715-5c6c-4e2d-b7e6-f10fa5f487d3: shutdown server with port 41221 now
2020-06-15 15:40:43,807 [ForkJoinPool.commonPool-worker-1] INFO  statemachine.DatanodeStateMachine (DatanodeStateMachine.java:stopDaemon(428)) - Ozone container server stopped.
2020-06-15 15:40:43,810 [Listener at 127.0.0.1/33397] INFO  server.GrpcService (GrpcService.java:closeImpl(174)) - 1555e715-5c6c-4e2d-b7e6-f10fa5f487d3: shutdown server with port 41221 successfully
2020-06-15 15:40:43,811 [Listener at 127.0.0.1/33397] INFO  utils.BackgroundService (BackgroundService.java:shutdown(157)) - Shutting down service BlockDeletingService
2020-06-15 15:40:43,814 [ForkJoinPool.commonPool-worker-1] INFO  handler.ContextHandler (ContextHandler.java:doStop(1016)) - Stopped o.e.j.w.WebAppContext@6c724d25{hddsDatanode,/,null,UNAVAILABLE}{jar:file:/home/user/.m2/repository/org/apache/hadoop/hadoop-hdds-container-service/0.6.0-SNAPSHOT/hadoop-hdds-container-service-0.6.0-SNAPSHOT.jar!/webapps/hddsDatanode}
2020-06-15 15:40:43,815 [Listener at 127.0.0.1/33397] INFO  statemachine.DatanodeStateMachine (DatanodeStateMachine.java:stopDaemon(428)) - Ozone container server stopped.
2020-06-15 15:40:43,815 [ForkJoinPool.commonPool-worker-1] INFO  server.AbstractConnector (AbstractConnector.java:doStop(380)) - Stopped ServerConnector@5fbdbbcc{HTTP/1.1,[http/1.1]}{0.0.0.0:0}
2020-06-15 15:40:43,815 [ForkJoinPool.commonPool-worker-1] INFO  server.session (HouseKeeper.java:stopScavenging(158)) - node0 Stopped scavenging
2020-06-15 15:40:43,815 [Listener at 127.0.0.1/33397] INFO  handler.ContextHandler (ContextHandler.java:doStop(1016)) - Stopped o.e.j.w.WebAppContext@4dcf7963{hddsDatanode,/,null,UNAVAILABLE}{jar:file:/home/user/.m2/repository/org/apache/hadoop/hadoop-hdds-container-service/0.6.0-SNAPSHOT/hadoop-hdds-container-service-0.6.0-SNAPSHOT.jar!/webapps/hddsDatanode}
2020-06-15 15:40:43,817 [Listener at 127.0.0.1/33397] INFO  server.AbstractConnector (AbstractConnector.java:doStop(380)) - Stopped ServerConnector@365cd1c4{HTTP/1.1,[http/1.1]}{0.0.0.0:0}
2020-06-15 15:40:43,818 [Listener at 127.0.0.1/33397] INFO  server.session (HouseKeeper.java:stopScavenging(158)) - node0 Stopped scavenging
2020-06-15 15:40:43,818 [Listener at 127.0.0.1/33397] INFO  handler.ContextHandler (ContextHandler.java:doStop(1016)) - Stopped o.e.j.s.ServletContextHandler@ae3a645{static,/static,jar:file:/home/user/.m2/repository/org/apache/hadoop/hadoop-hdds-container-service/0.6.0-SNAPSHOT/hadoop-hdds-container-service-0.6.0-SNAPSHOT.jar!/webapps/static,UNAVAILABLE}
2020-06-15 15:40:43,818 [Listener at 127.0.0.1/33397] INFO  handler.ContextHandler (ContextHandler.java:doStop(1016)) - Stopped o.e.j.s.ServletContextHandler@5d72a7c5{logs,/logs,file:///github/workspace/mnt/ozone/hadoop-ozone/integration-test/target/log,UNAVAILABLE}
2020-06-15 15:40:43,820 [ForkJoinPool.commonPool-worker-1] INFO  handler.ContextHandler (ContextHandler.java:doStop(1016)) - Stopped o.e.j.s.ServletContextHandler@652f4802{static,/static,jar:file:/home/user/.m2/repository/org/apache/hadoop/hadoop-hdds-container-service/0.6.0-SNAPSHOT/hadoop-hdds-container-service-0.6.0-SNAPSHOT.jar!/webapps/static,UNAVAILABLE}
2020-06-15 15:40:43,822 [ForkJoinPool.commonPool-worker-1] INFO  handler.ContextHandler (ContextHandler.java:doStop(1016)) - Stopped o.e.j.s.ServletContextHandler@12f7ad7c{logs,/logs,file:///github/workspace/mnt/ozone/hadoop-ozone/integration-test/target/log,UNAVAILABLE}
2020-06-15 15:40:44,249 [grpc-default-executor-7] WARN  server.GrpcLogAppender (LogUtils.java:warn(122)) - c912bb49-c5b6-43bc-8d73-0672ac2b0169@group-3A5C16CF8D5C->9a0e5fc2-eb4c-4ba8-8ae5-559cc84280be-AppendLogResponseHandler: Failed appendEntries: org.apache.ratis.thirdparty.io.grpc.StatusRuntimeException: UNAVAILABLE: io exception
2020-06-15 15:40:44,249 [grpc-default-executor-7] INFO  impl.FollowerInfo (FollowerInfo.java:lambda$new$0(51)) - c912bb49-c5b6-43bc-8d73-0672ac2b0169@group-3A5C16CF8D5C->9a0e5fc2-eb4c-4ba8-8ae5-559cc84280be: nextIndex: updateUnconditionally 11 -> 10
2020-06-15 15:40:44,269 [Datanode State Machine Thread - 0] INFO  statemachine.DatanodeStateMachine (DatanodeStateMachine.java:lambda$startDaemon$0(380)) - Ozone container server started.
2020-06-15 15:40:44,602 [Datanode State Machine Thread - 0] INFO  statemachine.DatanodeStateMachine (DatanodeStateMachine.java:lambda$startDaemon$0(380)) - Ozone container server started.
2020-06-15 15:40:44,751 [grpc-default-executor-4] WARN  server.GrpcLogAppender (LogUtils.java:warn(122)) - c912bb49-c5b6-43bc-8d73-0672ac2b0169@group-3A5C16CF8D5C->9a0e5fc2-eb4c-4ba8-8ae5-559cc84280be-AppendLogResponseHandler: Failed appendEntries: org.apache.ratis.thirdparty.io.grpc.StatusRuntimeException: UNAVAILABLE: io exception
2020-06-15 15:40:44,751 [grpc-default-executor-4] INFO  impl.FollowerInfo (FollowerInfo.java:lambda$new$0(51)) - c912bb49-c5b6-43bc-8d73-0672ac2b0169@group-3A5C16CF8D5C->9a0e5fc2-eb4c-4ba8-8ae5-559cc84280be: nextIndex: updateUnconditionally 11 -> 10
2020-06-15 15:40:45,254 [grpc-default-executor-7] WARN  server.GrpcLogAppender (LogUtils.java:warn(122)) - c912bb49-c5b6-43bc-8d73-0672ac2b0169@group-3A5C16CF8D5C->9a0e5fc2-eb4c-4ba8-8ae5-559cc84280be-AppendLogResponseHandler: Failed appendEntries: org.apache.ratis.thirdparty.io.grpc.StatusRuntimeException: UNAVAILABLE: io exception
2020-06-15 15:40:45,254 [grpc-default-executor-7] INFO  impl.FollowerInfo (FollowerInfo.java:lambda$new$0(51)) - c912bb49-c5b6-43bc-8d73-0672ac2b0169@group-3A5C16CF8D5C->9a0e5fc2-eb4c-4ba8-8ae5-559cc84280be: nextIndex: updateUnconditionally 11 -> 10
2020-06-15 15:40:45,756 [grpc-default-executor-4] WARN  server.GrpcLogAppender (LogUtils.java:warn(122)) - c912bb49-c5b6-43bc-8d73-0672ac2b0169@group-3A5C16CF8D5C->9a0e5fc2-eb4c-4ba8-8ae5-559cc84280be-AppendLogResponseHandler: Failed appendEntries: org.apache.ratis.thirdparty.io.grpc.StatusRuntimeException: UNAVAILABLE: io exception
2020-06-15 15:40:45,756 [grpc-default-executor-4] INFO  impl.FollowerInfo (FollowerInfo.java:lambda$new$0(51)) - c912bb49-c5b6-43bc-8d73-0672ac2b0169@group-3A5C16CF8D5C->9a0e5fc2-eb4c-4ba8-8ae5-559cc84280be: nextIndex: updateUnconditionally 11 -> 10
2020-06-15 15:40:46,055 [Thread-652] INFO  impl.FollowerState (FollowerState.java:run(108)) - 76787e2a-cdc9-4e9e-a68d-44f13553fe3c@group-45C8AE79FB34-FollowerState: change to CANDIDATE, lastRpcTime:2267ms, electionTimeout:1120ms
2020-06-15 15:40:46,055 [Thread-652] INFO  impl.RoleInfo (RoleInfo.java:shutdownFollowerState(121)) - 76787e2a-cdc9-4e9e-a68d-44f13553fe3c: shutdown FollowerState
2020-06-15 15:40:46,055 [Thread-652] INFO  impl.RaftServerImpl (RaftServerImpl.java:setRole(175)) - 76787e2a-cdc9-4e9e-a68d-44f13553fe3c@group-45C8AE79FB34: changes role from  FOLLOWER to CANDIDATE at term 3 for changeToCandidate
2020-06-15 15:40:46,055 [Thread-652] INFO  impl.RoleInfo (RoleInfo.java:updateAndGet(143)) - 76787e2a-cdc9-4e9e-a68d-44f13553fe3c: start LeaderElection
2020-06-15 15:40:46,057 [76787e2a-cdc9-4e9e-a68d-44f13553fe3c@group-45C8AE79FB34-LeaderElection27] INFO  impl.RaftServerImpl (ServerState.java:setLeader(255)) - 76787e2a-cdc9-4e9e-a68d-44f13553fe3c@group-45C8AE79FB34: change Leader from 1555e715-5c6c-4e2d-b7e6-f10fa5f487d3 to null at term 3 for initElection
2020-06-15 15:40:46,059 [76787e2a-cdc9-4e9e-a68d-44f13553fe3c@group-45C8AE79FB34-LeaderElection27] INFO  impl.LeaderElection (LeaderElection.java:askForVotes(206)) - 76787e2a-cdc9-4e9e-a68d-44f13553fe3c@group-45C8AE79FB34-LeaderElection27: begin an election at term 4 for 1: [f695cbb9-a461-4428-8d13-756fae3d1d34:172.17.0.2:40579, 1555e715-5c6c-4e2d-b7e6-f10fa5f487d3:172.17.0.2:41221, 76787e2a-cdc9-4e9e-a68d-44f13553fe3c:172.17.0.2:37067], old=null
2020-06-15 15:40:46,061 [76787e2a-cdc9-4e9e-a68d-44f13553fe3c@group-45C8AE79FB34-LeaderElection27] INFO  impl.LeaderElection (LogUtils.java:infoOrTrace(137)) - 76787e2a-cdc9-4e9e-a68d-44f13553fe3c@group-45C8AE79FB34-LeaderElection27 got exception when requesting votes: java.util.concurrent.ExecutionException: org.apache.ratis.thirdparty.io.grpc.StatusRuntimeException: UNAVAILABLE: io exception
2020-06-15 15:40:46,062 [76787e2a-cdc9-4e9e-a68d-44f13553fe3c@group-45C8AE79FB34-LeaderElection27] INFO  impl.LeaderElection (LogUtils.java:infoOrTrace(137)) - 76787e2a-cdc9-4e9e-a68d-44f13553fe3c@group-45C8AE79FB34-LeaderElection27 got exception when requesting votes: java.util.concurrent.ExecutionException: org.apache.ratis.thirdparty.io.grpc.StatusRuntimeException: UNAVAILABLE: io exception
2020-06-15 15:40:46,063 [76787e2a-cdc9-4e9e-a68d-44f13553fe3c@group-45C8AE79FB34-LeaderElection27] INFO  impl.LeaderElection (LeaderElection.java:logAndReturn(61)) - 76787e2a-cdc9-4e9e-a68d-44f13553fe3c@group-45C8AE79FB34-LeaderElection27: Election REJECTED; received 0 response(s) [] and 2 exception(s); 76787e2a-cdc9-4e9e-a68d-44f13553fe3c@group-45C8AE79FB34:t4, leader=null, voted=76787e2a-cdc9-4e9e-a68d-44f13553fe3c, raftlog=76787e2a-cdc9-4e9e-a68d-44f13553fe3c@group-45C8AE79FB34-SegmentedRaftLog:OPENED:c2,f2,i2, conf=1: [f695cbb9-a461-4428-8d13-756fae3d1d34:172.17.0.2:40579, 1555e715-5c6c-4e2d-b7e6-f10fa5f487d3:172.17.0.2:41221, 76787e2a-cdc9-4e9e-a68d-44f13553fe3c:172.17.0.2:37067], old=null
2020-06-15 15:40:46,063 [76787e2a-cdc9-4e9e-a68d-44f13553fe3c@group-45C8AE79FB34-LeaderElection27] INFO  impl.LeaderElection (LogUtils.java:infoOrTrace(137)) -   Exception 0: java.util.concurrent.ExecutionException: org.apache.ratis.thirdparty.io.grpc.StatusRuntimeException: UNAVAILABLE: io exception
2020-06-15 15:40:46,063 [76787e2a-cdc9-4e9e-a68d-44f13553fe3c@group-45C8AE79FB34-LeaderElection27] INFO  impl.LeaderElection (LogUtils.java:infoOrTrace(137)) -   Exception 1: java.util.concurrent.ExecutionException: org.apache.ratis.thirdparty.io.grpc.StatusRuntimeException: UNAVAILABLE: io exception
2020-06-15 15:40:46,063 [76787e2a-cdc9-4e9e-a68d-44f13553fe3c@group-45C8AE79FB34-LeaderElection27] INFO  impl.RaftServerImpl (RaftServerImpl.java:setRole(175)) - 76787e2a-cdc9-4e9e-a68d-44f13553fe3c@group-45C8AE79FB34: changes role from CANDIDATE to FOLLOWER at term 4 for DISCOVERED_A_NEW_TERM
2020-06-15 15:40:46,063 [76787e2a-cdc9-4e9e-a68d-44f13553fe3c@group-45C8AE79FB34-LeaderElection27] INFO  impl.RoleInfo (RoleInfo.java:shutdownLeaderElection(134)) - 76787e2a-cdc9-4e9e-a68d-44f13553fe3c: shutdown LeaderElection
2020-06-15 15:40:46,064 [76787e2a-cdc9-4e9e-a68d-44f13553fe3c@group-45C8AE79FB34-LeaderElection27] INFO  impl.RoleInfo (RoleInfo.java:updateAndGet(143)) - 76787e2a-cdc9-4e9e-a68d-44f13553fe3c: start FollowerState
2020-06-15 15:40:46,258 [grpc-default-executor-7] WARN  server.GrpcLogAppender (LogUtils.java:warn(122)) - c912bb49-c5b6-43bc-8d73-0672ac2b0169@group-3A5C16CF8D5C->9a0e5fc2-eb4c-4ba8-8ae5-559cc84280be-AppendLogResponseHandler: Failed appendEntries: org.apache.ratis.thirdparty.io.grpc.StatusRuntimeException: UNAVAILABLE: io exception
2020-06-15 15:40:46,259 [grpc-default-executor-7] INFO  impl.FollowerInfo (FollowerInfo.java:lambda$new$0(51)) - c912bb49-c5b6-43bc-8d73-0672ac2b0169@group-3A5C16CF8D5C->9a0e5fc2-eb4c-4ba8-8ae5-559cc84280be: nextIndex: updateUnconditionally 11 -> 10
2020-06-15 15:40:46,760 [grpc-default-executor-4] WARN  server.GrpcLogAppender (LogUtils.java:warn(122)) - c912bb49-c5b6-43bc-8d73-0672ac2b0169@group-3A5C16CF8D5C->9a0e5fc2-eb4c-4ba8-8ae5-559cc84280be-AppendLogResponseHandler: Failed appendEntries: org.apache.ratis.thirdparty.io.grpc.StatusRuntimeException: UNAVAILABLE: io exception
2020-06-15 15:40:46,760 [grpc-default-executor-4] INFO  impl.FollowerInfo (FollowerInfo.java:lambda$new$0(51)) - c912bb49-c5b6-43bc-8d73-0672ac2b0169@group-3A5C16CF8D5C->9a0e5fc2-eb4c-4ba8-8ae5-559cc84280be: nextIndex: updateUnconditionally 11 -> 10
2020-06-15 15:40:47,220 [Thread-695] INFO  impl.FollowerState (FollowerState.java:run(108)) - 76787e2a-cdc9-4e9e-a68d-44f13553fe3c@group-45C8AE79FB34-FollowerState: change to CANDIDATE, lastRpcTime:1156ms, electionTimeout:1156ms
2020-06-15 15:40:47,220 [Thread-695] INFO  impl.RoleInfo (RoleInfo.java:shutdownFollowerState(121)) - 76787e2a-cdc9-4e9e-a68d-44f13553fe3c: shutdown FollowerState
2020-06-15 15:40:47,221 [Thread-695] INFO  impl.RaftServerImpl (RaftServerImpl.java:setRole(175)) - 76787e2a-cdc9-4e9e-a68d-44f13553fe3c@group-45C8AE79FB34: changes role from  FOLLOWER to CANDIDATE at term 4 for changeToCandidate
2020-06-15 15:40:47,221 [Thread-695] INFO  impl.RoleInfo (RoleInfo.java:updateAndGet(143)) - 76787e2a-cdc9-4e9e-a68d-44f13553fe3c: start LeaderElection
2020-06-15 15:40:47,222 [76787e2a-cdc9-4e9e-a68d-44f13553fe3c@group-45C8AE79FB34-LeaderElection28] INFO  impl.LeaderElection (LeaderElection.java:askForVotes(206)) - 76787e2a-cdc9-4e9e-a68d-44f13553fe3c@group-45C8AE79FB34-LeaderElection28: begin an election at term 5 for 1: [f695cbb9-a461-4428-8d13-756fae3d1d34:172.17.0.2:40579, 1555e715-5c6c-4e2d-b7e6-f10fa5f487d3:172.17.0.2:41221, 76787e2a-cdc9-4e9e-a68d-44f13553fe3c:172.17.0.2:37067], old=null
2020-06-15 15:40:47,223 [76787e2a-cdc9-4e9e-a68d-44f13553fe3c@group-45C8AE79FB34-LeaderElection28] INFO  impl.LeaderElection (LogUtils.java:infoOrTrace(137)) - 76787e2a-cdc9-4e9e-a68d-44f13553fe3c@group-45C8AE79FB34-LeaderElection28 got exception when requesting votes: java.util.concurrent.ExecutionException: org.apache.ratis.thirdparty.io.grpc.StatusRuntimeException: UNAVAILABLE: io exception
2020-06-15 15:40:47,223 [76787e2a-cdc9-4e9e-a68d-44f13553fe3c@group-45C8AE79FB34-LeaderElection28] INFO  impl.LeaderElection (LogUtils.java:infoOrTrace(137)) - 76787e2a-cdc9-4e9e-a68d-44f13553fe3c@group-45C8AE79FB34-LeaderElection28 got exception when requesting votes: java.util.concurrent.ExecutionException: org.apache.ratis.thirdparty.io.grpc.StatusRuntimeException: UNAVAILABLE: io exception
2020-06-15 15:40:47,223 [76787e2a-cdc9-4e9e-a68d-44f13553fe3c@group-45C8AE79FB34-LeaderElection28] INFO  impl.LeaderElection (LeaderElection.java:logAndReturn(61)) - 76787e2a-cdc9-4e9e-a68d-44f13553fe3c@group-45C8AE79FB34-LeaderElection28: Election REJECTED; received 0 response(s) [] and 2 exception(s); 76787e2a-cdc9-4e9e-a68d-44f13553fe3c@group-45C8AE79FB34:t5, leader=null, voted=76787e2a-cdc9-4e9e-a68d-44f13553fe3c, raftlog=76787e2a-cdc9-4e9e-a68d-44f13553fe3c@group-45C8AE79FB34-SegmentedRaftLog:OPENED:c2,f2,i2, conf=1: [f695cbb9-a461-4428-8d13-756fae3d1d34:172.17.0.2:40579, 1555e715-5c6c-4e2d-b7e6-f10fa5f487d3:172.17.0.2:41221, 76787e2a-cdc9-4e9e-a68d-44f13553fe3c:172.17.0.2:37067], old=null
2020-06-15 15:40:47,223 [76787e2a-cdc9-4e9e-a68d-44f13553fe3c@group-45C8AE79FB34-LeaderElection28] INFO  impl.LeaderElection (LogUtils.java:infoOrTrace(137)) -   Exception 0: java.util.concurrent.ExecutionException: org.apache.ratis.thirdparty.io.grpc.StatusRuntimeException: UNAVAILABLE: io exception
2020-06-15 15:40:47,223 [76787e2a-cdc9-4e9e-a68d-44f13553fe3c@group-45C8AE79FB34-LeaderElection28] INFO  impl.LeaderElection (LogUtils.java:infoOrTrace(137)) -   Exception 1: java.util.concurrent.ExecutionException: org.apache.ratis.thirdparty.io.grpc.StatusRuntimeException: UNAVAILABLE: io exception
2020-06-15 15:40:47,224 [76787e2a-cdc9-4e9e-a68d-44f13553fe3c@group-45C8AE79FB34-LeaderElection28] INFO  impl.RaftServerImpl (RaftServerImpl.java:setRole(175)) - 76787e2a-cdc9-4e9e-a68d-44f13553fe3c@group-45C8AE79FB34: changes role from CANDIDATE to FOLLOWER at term 5 for DISCOVERED_A_NEW_TERM
2020-06-15 15:40:47,224 [76787e2a-cdc9-4e9e-a68d-44f13553fe3c@group-45C8AE79FB34-LeaderElection28] INFO  impl.RoleInfo (RoleInfo.java:shutdownLeaderElection(134)) - 76787e2a-cdc9-4e9e-a68d-44f13553fe3c: shutdown LeaderElection
2020-06-15 15:40:47,224 [76787e2a-cdc9-4e9e-a68d-44f13553fe3c@group-45C8AE79FB34-LeaderElection28] INFO  impl.RoleInfo (RoleInfo.java:updateAndGet(143)) - 76787e2a-cdc9-4e9e-a68d-44f13553fe3c: start FollowerState
2020-06-15 15:40:47,262 [grpc-default-executor-7] WARN  server.GrpcLogAppender (LogUtils.java:warn(122)) - c912bb49-c5b6-43bc-8d73-0672ac2b0169@group-3A5C16CF8D5C->9a0e5fc2-eb4c-4ba8-8ae5-559cc84280be-AppendLogResponseHandler: Failed appendEntries: org.apache.ratis.thirdparty.io.grpc.StatusRuntimeException: UNAVAILABLE: io exception
2020-06-15 15:40:47,263 [grpc-default-executor-7] INFO  impl.FollowerInfo (FollowerInfo.java:lambda$new$0(51)) - c912bb49-c5b6-43bc-8d73-0672ac2b0169@group-3A5C16CF8D5C->9a0e5fc2-eb4c-4ba8-8ae5-559cc84280be: nextIndex: updateUnconditionally 11 -> 10
2020-06-15 15:40:47,764 [grpc-default-executor-7] WARN  server.GrpcLogAppender (LogUtils.java:warn(122)) - c912bb49-c5b6-43bc-8d73-0672ac2b0169@group-3A5C16CF8D5C->9a0e5fc2-eb4c-4ba8-8ae5-559cc84280be-AppendLogResponseHandler: Failed appendEntries: org.apache.ratis.thirdparty.io.grpc.StatusRuntimeException: UNAVAILABLE: io exception
2020-06-15 15:40:47,764 [grpc-default-executor-7] INFO  impl.FollowerInfo (FollowerInfo.java:lambda$new$0(51)) - c912bb49-c5b6-43bc-8d73-0672ac2b0169@group-3A5C16CF8D5C->9a0e5fc2-eb4c-4ba8-8ae5-559cc84280be: nextIndex: updateUnconditionally 10 -> 9
2020-06-15 15:40:47,767 [grpc-default-executor-4] WARN  server.GrpcLogAppender (LogUtils.java:warn(122)) - c912bb49-c5b6-43bc-8d73-0672ac2b0169@group-3A5C16CF8D5C->9a0e5fc2-eb4c-4ba8-8ae5-559cc84280be-AppendLogResponseHandler: Failed appendEntries: org.apache.ratis.thirdparty.io.grpc.StatusRuntimeException: UNAVAILABLE: io exception
2020-06-15 15:40:47,767 [grpc-default-executor-4] INFO  impl.FollowerInfo (FollowerInfo.java:lambda$new$0(51)) - c912bb49-c5b6-43bc-8d73-0672ac2b0169@group-3A5C16CF8D5C->9a0e5fc2-eb4c-4ba8-8ae5-559cc84280be: nextIndex: updateUnconditionally 10 -> 9
2020-06-15 15:40:48,269 [grpc-default-executor-4] WARN  server.GrpcLogAppender (LogUtils.java:warn(122)) - c912bb49-c5b6-43bc-8d73-0672ac2b0169@group-3A5C16CF8D5C->9a0e5fc2-eb4c-4ba8-8ae5-559cc84280be-AppendLogResponseHandler: Failed appendEntries: org.apache.ratis.thirdparty.io.grpc.StatusRuntimeException: UNAVAILABLE: io exception
2020-06-15 15:40:48,270 [grpc-default-executor-4] INFO  impl.FollowerInfo (FollowerInfo.java:lambda$new$0(51)) - c912bb49-c5b6-43bc-8d73-0672ac2b0169@group-3A5C16CF8D5C->9a0e5fc2-eb4c-4ba8-8ae5-559cc84280be: nextIndex: updateUnconditionally 10 -> 9
2020-06-15 15:40:48,280 [Thread-701] INFO  impl.FollowerState (FollowerState.java:run(108)) - 76787e2a-cdc9-4e9e-a68d-44f13553fe3c@group-45C8AE79FB34-FollowerState: change to CANDIDATE, lastRpcTime:1056ms, electionTimeout:1056ms
2020-06-15 15:40:48,281 [Thread-701] INFO  impl.RoleInfo (RoleInfo.java:shutdownFollowerState(121)) - 76787e2a-cdc9-4e9e-a68d-44f13553fe3c: shutdown FollowerState
2020-06-15 15:40:48,281 [Thread-701] INFO  impl.RaftServerImpl (RaftServerImpl.java:setRole(175)) - 76787e2a-cdc9-4e9e-a68d-44f13553fe3c@group-45C8AE79FB34: changes role from  FOLLOWER to CANDIDATE at term 5 for changeToCandidate
2020-06-15 15:40:48,281 [Thread-701] INFO  impl.RoleInfo (RoleInfo.java:updateAndGet(143)) - 76787e2a-cdc9-4e9e-a68d-44f13553fe3c: start LeaderElection
2020-06-15 15:40:48,283 [76787e2a-cdc9-4e9e-a68d-44f13553fe3c@group-45C8AE79FB34-LeaderElection29] INFO  impl.LeaderElection (LeaderElection.java:askForVotes(206)) - 76787e2a-cdc9-4e9e-a68d-44f13553fe3c@group-45C8AE79FB34-LeaderElection29: begin an election at term 6 for 1: [f695cbb9-a461-4428-8d13-756fae3d1d34:172.17.0.2:40579, 1555e715-5c6c-4e2d-b7e6-f10fa5f487d3:172.17.0.2:41221, 76787e2a-cdc9-4e9e-a68d-44f13553fe3c:172.17.0.2:37067], old=null
2020-06-15 15:40:48,283 [76787e2a-cdc9-4e9e-a68d-44f13553fe3c@group-45C8AE79FB34-LeaderElection29] INFO  impl.LeaderElection (LogUtils.java:infoOrTrace(137)) - 76787e2a-cdc9-4e9e-a68d-44f13553fe3c@group-45C8AE79FB34-LeaderElection29 got exception when requesting votes: java.util.concurrent.ExecutionException: org.apache.ratis.thirdparty.io.grpc.StatusRuntimeException: UNAVAILABLE: io exception
2020-06-15 15:40:48,284 [76787e2a-cdc9-4e9e-a68d-44f13553fe3c@group-45C8AE79FB34-LeaderElection29] INFO  impl.LeaderElection (LogUtils.java:infoOrTrace(137)) - 76787e2a-cdc9-4e9e-a68d-44f13553fe3c@group-45C8AE79FB34-LeaderElection29 got exception when requesting votes: java.util.concurrent.ExecutionException: org.apache.ratis.thirdparty.io.grpc.StatusRuntimeException: UNAVAILABLE: io exception
2020-06-15 15:40:48,284 [76787e2a-cdc9-4e9e-a68d-44f13553fe3c@group-45C8AE79FB34-LeaderElection29] INFO  impl.LeaderElection (LeaderElection.java:logAndReturn(61)) - 76787e2a-cdc9-4e9e-a68d-44f13553fe3c@group-45C8AE79FB34-LeaderElection29: Election REJECTED; received 0 response(s) [] and 2 exception(s); 76787e2a-cdc9-4e9e-a68d-44f13553fe3c@group-45C8AE79FB34:t6, leader=null, voted=76787e2a-cdc9-4e9e-a68d-44f13553fe3c, raftlog=76787e2a-cdc9-4e9e-a68d-44f13553fe3c@group-45C8AE79FB34-SegmentedRaftLog:OPENED:c2,f2,i2, conf=1: [f695cbb9-a461-4428-8d13-756fae3d1d34:172.17.0.2:40579, 1555e715-5c6c-4e2d-b7e6-f10fa5f487d3:172.17.0.2:41221, 76787e2a-cdc9-4e9e-a68d-44f13553fe3c:172.17.0.2:37067], old=null
2020-06-15 15:40:48,284 [76787e2a-cdc9-4e9e-a68d-44f13553fe3c@group-45C8AE79FB34-LeaderElection29] INFO  impl.LeaderElection (LogUtils.java:infoOrTrace(137)) -   Exception 0: java.util.concurrent.ExecutionException: org.apache.ratis.thirdparty.io.grpc.StatusRuntimeException: UNAVAILABLE: io exception
2020-06-15 15:40:48,284 [76787e2a-cdc9-4e9e-a68d-44f13553fe3c@group-45C8AE79FB34-LeaderElection29] INFO  impl.LeaderElection (LogUtils.java:infoOrTrace(137)) -   Exception 1: java.util.concurrent.ExecutionException: org.apache.ratis.thirdparty.io.grpc.StatusRuntimeException: UNAVAILABLE: io exception
2020-06-15 15:40:48,284 [76787e2a-cdc9-4e9e-a68d-44f13553fe3c@group-45C8AE79FB34-LeaderElection29] INFO  impl.RaftServerImpl (RaftServerImpl.java:setRole(175)) - 76787e2a-cdc9-4e9e-a68d-44f13553fe3c@group-45C8AE79FB34: changes role from CANDIDATE to FOLLOWER at term 6 for DISCOVERED_A_NEW_TERM
2020-06-15 15:40:48,284 [76787e2a-cdc9-4e9e-a68d-44f13553fe3c@group-45C8AE79FB34-LeaderElection29] INFO  impl.RoleInfo (RoleInfo.java:shutdownLeaderElection(134)) - 76787e2a-cdc9-4e9e-a68d-44f13553fe3c: shutdown LeaderElection
2020-06-15 15:40:48,284 [76787e2a-cdc9-4e9e-a68d-44f13553fe3c@group-45C8AE79FB34-LeaderElection29] INFO  impl.RoleInfo (RoleInfo.java:updateAndGet(143)) - 76787e2a-cdc9-4e9e-a68d-44f13553fe3c: start FollowerState
2020-06-15 15:40:48,771 [grpc-default-executor-4] WARN  server.GrpcLogAppender (LogUtils.java:warn(122)) - c912bb49-c5b6-43bc-8d73-0672ac2b0169@group-3A5C16CF8D5C->9a0e5fc2-eb4c-4ba8-8ae5-559cc84280be-AppendLogResponseHandler: Failed appendEntries: org.apache.ratis.thirdparty.io.grpc.StatusRuntimeException: UNAVAILABLE: io exception
2020-06-15 15:40:48,772 [grpc-default-executor-4] INFO  impl.FollowerInfo (FollowerInfo.java:lambda$new$0(51)) - c912bb49-c5b6-43bc-8d73-0672ac2b0169@group-3A5C16CF8D5C->9a0e5fc2-eb4c-4ba8-8ae5-559cc84280be: nextIndex: updateUnconditionally 10 -> 9
2020-06-15 15:40:48,820 [Listener at 127.0.0.1/33397] INFO  ozoneimpl.OzoneContainer (OzoneContainer.java:stop(246)) - Attempting to stop container services.
2020-06-15 15:40:48,820 [Listener at 127.0.0.1/33397] INFO  impl.RaftServerProxy (RaftServerProxy.java:lambda$close$4(319)) - faf68df0-9b28-4036-b0dc-8f3f61b959cf: close
2020-06-15 15:40:48,820 [Listener at 127.0.0.1/33397] INFO  impl.RaftServerImpl (RaftServerImpl.java:lambda$shutdown$3(252)) - faf68df0-9b28-4036-b0dc-8f3f61b959cf@group-A592AA5858EF: shutdown
2020-06-15 15:40:48,821 [Listener at 127.0.0.1/33397] INFO  util.JmxRegister (JmxRegister.java:unregister(73)) - Successfully un-registered JMX Bean with object name Ratis:service=RaftServer,group=group-A592AA5858EF,id=faf68df0-9b28-4036-b0dc-8f3f61b959cf
2020-06-15 15:40:48,821 [Listener at 127.0.0.1/33397] INFO  impl.RoleInfo (RoleInfo.java:shutdownLeaderState(104)) - faf68df0-9b28-4036-b0dc-8f3f61b959cf: shutdown LeaderState
2020-06-15 15:40:48,821 [Listener at 127.0.0.1/33397] INFO  impl.PendingRequests (PendingRequests.java:sendNotLeaderResponses(249)) - faf68df0-9b28-4036-b0dc-8f3f61b959cf@group-A592AA5858EF-PendingRequests: sendNotLeaderResponses
2020-06-15 15:40:48,821 [Listener at 127.0.0.1/33397] INFO  metrics.RatisMetrics (RatisMetrics.java:unregister(43)) - Unregistering Metrics Registry : ratis.log_appender.faf68df0-9b28-4036-b0dc-8f3f61b959cf@group-A592AA5858EF
2020-06-15 15:40:48,821 [Listener at 127.0.0.1/33397] INFO  metrics.RatisMetrics (RatisMetrics.java:unregister(43)) - Unregistering Metrics Registry : ratis.server.faf68df0-9b28-4036-b0dc-8f3f61b959cf@group-A592AA5858EF
2020-06-15 15:40:48,822 [faf68df0-9b28-4036-b0dc-8f3f61b959cf@group-A592AA5858EF-StateMachineUpdater] INFO  ratis.ContainerStateMachine (ContainerStateMachine.java:takeSnapshot(288)) - group-A592AA5858EF: Taking a snapshot at:(t:1, i:0) file /github/workspace/mnt/ozone/hadoop-ozone/integration-test/target/test-dir/MiniOzoneClusterImpl-821e280a-19ea-4536-9ce4-db87e8de49a0/datanode-9/data/ratis/23f55de5-b146-436f-8cfd-a592aa5858ef/sm/snapshot.1_0
2020-06-15 15:40:48,823 [Listener at 127.0.0.1/33397] INFO  impl.StateMachineUpdater (StateMachineUpdater.java:stopAndJoin(142)) - faf68df0-9b28-4036-b0dc-8f3f61b959cf@group-A592AA5858EF-StateMachineUpdater: set stopIndex = 0
2020-06-15 15:40:48,823 [ForkJoinPool.commonPool-worker-1] INFO  ozoneimpl.OzoneContainer (OzoneContainer.java:stop(246)) - Attempting to stop container services.
2020-06-15 15:40:48,823 [faf68df0-9b28-4036-b0dc-8f3f61b959cf@group-A592AA5858EF-StateMachineUpdater] INFO  ratis.ContainerStateMachine (ContainerStateMachine.java:takeSnapshot(299)) - group-A592AA5858EF: Finished taking a snapshot at:(t:1, i:0) file:/github/workspace/mnt/ozone/hadoop-ozone/integration-test/target/test-dir/MiniOzoneClusterImpl-821e280a-19ea-4536-9ce4-db87e8de49a0/datanode-9/data/ratis/23f55de5-b146-436f-8cfd-a592aa5858ef/sm/snapshot.1_0 time:1
2020-06-15 15:40:48,824 [faf68df0-9b28-4036-b0dc-8f3f61b959cf@group-A592AA5858EF-StateMachineUpdater] INFO  impl.StateMachineUpdater (StateMachineUpdater.java:takeSnapshot(277)) - faf68df0-9b28-4036-b0dc-8f3f61b959cf@group-A592AA5858EF-StateMachineUpdater: Took a snapshot at index 0
2020-06-15 15:40:48,824 [faf68df0-9b28-4036-b0dc-8f3f61b959cf@group-A592AA5858EF-StateMachineUpdater] INFO  impl.StateMachineUpdater (StateMachineUpdater.java:lambda$new$0(87)) - faf68df0-9b28-4036-b0dc-8f3f61b959cf@group-A592AA5858EF-StateMachineUpdater: snapshotIndex: updateIncreasingly -1 -> 0
2020-06-15 15:40:48,824 [ForkJoinPool.commonPool-worker-1] INFO  impl.RaftServerProxy (RaftServerProxy.java:lambda$close$4(319)) - c912bb49-c5b6-43bc-8d73-0672ac2b0169: close
2020-06-15 15:40:48,824 [ForkJoinPool.commonPool-worker-1] INFO  impl.RaftServerImpl (RaftServerImpl.java:lambda$shutdown$3(252)) - c912bb49-c5b6-43bc-8d73-0672ac2b0169@group-3A5C16CF8D5C: shutdown
2020-06-15 15:40:48,824 [faf68df0-9b28-4036-b0dc-8f3f61b959cf@group-A592AA5858EF-StateMachineUpdater] INFO  metrics.RatisMetrics (RatisMetrics.java:unregister(43)) - Unregistering Metrics Registry : ratis.state_machine.faf68df0-9b28-4036-b0dc-8f3f61b959cf@group-A592AA5858EF
2020-06-15 15:40:48,824 [Listener at 127.0.0.1/33397] INFO  impl.RaftServerImpl (ServerState.java:close(387)) - faf68df0-9b28-4036-b0dc-8f3f61b959cf@group-A592AA5858EF: closes. applyIndex: 0
2020-06-15 15:40:48,825 [ForkJoinPool.commonPool-worker-1] INFO  util.JmxRegister (JmxRegister.java:unregister(73)) - Successfully un-registered JMX Bean with object name Ratis:service=RaftServer,group=group-3A5C16CF8D5C,id=c912bb49-c5b6-43bc-8d73-0672ac2b0169
2020-06-15 15:40:48,825 [ForkJoinPool.commonPool-worker-1] INFO  impl.RoleInfo (RoleInfo.java:shutdownLeaderState(104)) - c912bb49-c5b6-43bc-8d73-0672ac2b0169: shutdown LeaderState
2020-06-15 15:40:48,825 [ForkJoinPool.commonPool-worker-1] INFO  metrics.RatisMetrics (RatisMetrics.java:unregister(43)) - Unregistering Metrics Registry : ratis_grpc.log_appender.c912bb49-c5b6-43bc-8d73-0672ac2b0169@group-3A5C16CF8D5C
2020-06-15 15:40:48,825 [faf68df0-9b28-4036-b0dc-8f3f61b959cf@group-A592AA5858EF-SegmentedRaftLogWorker] INFO  segmented.SegmentedRaftLogWorker (SegmentedRaftLogWorker.java:run(327)) - faf68df0-9b28-4036-b0dc-8f3f61b959cf@group-A592AA5858EF-SegmentedRaftLogWorker was interrupted, exiting. There are 0 tasks remaining in the queue.
2020-06-15 15:40:48,825 [Listener at 127.0.0.1/33397] INFO  segmented.SegmentedRaftLogWorker (SegmentedRaftLogWorker.java:close(234)) - faf68df0-9b28-4036-b0dc-8f3f61b959cf@group-A592AA5858EF-SegmentedRaftLogWorker close()
2020-06-15 15:40:48,826 [ForkJoinPool.commonPool-worker-1] INFO  metrics.RatisMetrics (RatisMetrics.java:unregister(43)) - Unregistering Metrics Registry : ratis_grpc.log_appender.c912bb49-c5b6-43bc-8d73-0672ac2b0169@group-3A5C16CF8D5C
2020-06-15 15:40:48,827 [org.apache.ratis.server.impl.LogAppender$AppenderDaemon$$Lambda$438/99317469@438874a2] WARN  server.GrpcLogAppender (GrpcLogAppender.java:mayWait(153)) - c912bb49-c5b6-43bc-8d73-0672ac2b0169@group-3A5C16CF8D5C->9e264cd7-89cf-4adc-86a4-e73cb5c9846a-GrpcLogAppender: Wait interrupted by java.lang.InterruptedException
2020-06-15 15:40:48,827 [grpc-default-executor-4] INFO  server.GrpcServerProtocolService (GrpcServerProtocolService.java:onCompleted(138)) - 9e264cd7-89cf-4adc-86a4-e73cb5c9846a: Completed APPEND_ENTRIES, lastRequest: c912bb49-c5b6-43bc-8d73-0672ac2b0169->9e264cd7-89cf-4adc-86a4-e73cb5c9846a#19-t1, previous=(t:1, i:9), leaderCommit=9, initializing? false, entries: size=1, first=(t:1, i:10), METADATAENTRY(c:9)
2020-06-15 15:40:48,828 [grpc-default-executor-7] INFO  server.GrpcLogAppender (GrpcLogAppender.java:onCompleted(319)) - c912bb49-c5b6-43bc-8d73-0672ac2b0169@group-3A5C16CF8D5C->9e264cd7-89cf-4adc-86a4-e73cb5c9846a-AppendLogResponseHandler: follower responses appendEntries COMPLETED
2020-06-15 15:40:48,828 [grpc-default-executor-7] INFO  impl.FollowerInfo (FollowerInfo.java:lambda$new$0(51)) - c912bb49-c5b6-43bc-8d73-0672ac2b0169@group-3A5C16CF8D5C->9e264cd7-89cf-4adc-86a4-e73cb5c9846a: nextIndex: updateUnconditionally 11 -> 10
2020-06-15 15:40:48,829 [Listener at 127.0.0.1/33397] INFO  metrics.RatisMetrics (RatisMetrics.java:unregister(43)) - Unregistering Metrics Registry : ratis.log_worker.faf68df0-9b28-4036-b0dc-8f3f61b959cf@group-A592AA5858EF
2020-06-15 15:40:48,829 [Listener at 127.0.0.1/33397] INFO  metrics.RatisMetrics (RatisMetrics.java:unregister(43)) - Unregistering Metrics Registry : ratis.leader_election.faf68df0-9b28-4036-b0dc-8f3f61b959cf@group-A592AA5858EF
2020-06-15 15:40:48,829 [Listener at 127.0.0.1/33397] INFO  metrics.RatisMetrics (RatisMetrics.java:unregister(43)) - Unregistering Metrics Registry : ratis.server.faf68df0-9b28-4036-b0dc-8f3f61b959cf@group-A592AA5858EF
2020-06-15 15:40:48,830 [Listener at 127.0.0.1/33397] INFO  server.GrpcService (GrpcService.java:closeImpl(166)) - faf68df0-9b28-4036-b0dc-8f3f61b959cf: shutdown server with port 34353 now
2020-06-15 15:40:48,831 [org.apache.ratis.server.impl.LogAppender$AppenderDaemon$$Lambda$438/99317469@6f28a29e] WARN  server.GrpcLogAppender (GrpcLogAppender.java:mayWait(153)) - c912bb49-c5b6-43bc-8d73-0672ac2b0169@group-3A5C16CF8D5C->9a0e5fc2-eb4c-4ba8-8ae5-559cc84280be-GrpcLogAppender: Wait interrupted by java.lang.InterruptedException
2020-06-15 15:40:48,831 [ForkJoinPool.commonPool-worker-1] INFO  impl.PendingRequests (PendingRequests.java:sendNotLeaderResponses(249)) - c912bb49-c5b6-43bc-8d73-0672ac2b0169@group-3A5C16CF8D5C-PendingRequests: sendNotLeaderResponses
2020-06-15 15:40:48,831 [Listener at 127.0.0.1/33397] INFO  server.GrpcService (GrpcService.java:closeImpl(174)) - faf68df0-9b28-4036-b0dc-8f3f61b959cf: shutdown server with port 34353 successfully
2020-06-15 15:40:48,832 [ForkJoinPool.commonPool-worker-1] INFO  metrics.RatisMetrics (RatisMetrics.java:unregister(43)) - Unregistering Metrics Registry : ratis.log_appender.c912bb49-c5b6-43bc-8d73-0672ac2b0169@group-3A5C16CF8D5C
2020-06-15 15:40:48,832 [ForkJoinPool.commonPool-worker-1] INFO  metrics.RatisMetrics (RatisMetrics.java:unregister(43)) - Unregistering Metrics Registry : ratis.server.c912bb49-c5b6-43bc-8d73-0672ac2b0169@group-3A5C16CF8D5C
2020-06-15 15:40:48,834 [Listener at 127.0.0.1/33397] INFO  utils.BackgroundService (BackgroundService.java:shutdown(157)) - Shutting down service BlockDeletingService
2020-06-15 15:40:48,835 [c912bb49-c5b6-43bc-8d73-0672ac2b0169@group-3A5C16CF8D5C-StateMachineUpdater] INFO  ratis.ContainerStateMachine (ContainerStateMachine.java:takeSnapshot(288)) - group-3A5C16CF8D5C: Taking a snapshot at:(t:1, i:10) file /github/workspace/mnt/ozone/hadoop-ozone/integration-test/target/test-dir/MiniOzoneClusterImpl-821e280a-19ea-4536-9ce4-db87e8de49a0/datanode-0/data/ratis/9c50ad9e-5235-4dd0-9b15-3a5c16cf8d5c/sm/snapshot.1_10
2020-06-15 15:40:48,835 [ForkJoinPool.commonPool-worker-1] INFO  impl.StateMachineUpdater (StateMachineUpdater.java:stopAndJoin(142)) - c912bb49-c5b6-43bc-8d73-0672ac2b0169@group-3A5C16CF8D5C-StateMachineUpdater: set stopIndex = 10
2020-06-15 15:40:48,837 [c912bb49-c5b6-43bc-8d73-0672ac2b0169@group-3A5C16CF8D5C-StateMachineUpdater] INFO  ratis.ContainerStateMachine (ContainerStateMachine.java:takeSnapshot(299)) - group-3A5C16CF8D5C: Finished taking a snapshot at:(t:1, i:10) file:/github/workspace/mnt/ozone/hadoop-ozone/integration-test/target/test-dir/MiniOzoneClusterImpl-821e280a-19ea-4536-9ce4-db87e8de49a0/datanode-0/data/ratis/9c50ad9e-5235-4dd0-9b15-3a5c16cf8d5c/sm/snapshot.1_10 time:1
2020-06-15 15:40:48,837 [c912bb49-c5b6-43bc-8d73-0672ac2b0169@group-3A5C16CF8D5C-StateMachineUpdater] INFO  impl.StateMachineUpdater (StateMachineUpdater.java:takeSnapshot(277)) - c912bb49-c5b6-43bc-8d73-0672ac2b0169@group-3A5C16CF8D5C-StateMachineUpdater: Took a snapshot at index 10
2020-06-15 15:40:48,837 [c912bb49-c5b6-43bc-8d73-0672ac2b0169@group-3A5C16CF8D5C-StateMachineUpdater] INFO  impl.StateMachineUpdater (StateMachineUpdater.java:lambda$new$0(87)) - c912bb49-c5b6-43bc-8d73-0672ac2b0169@group-3A5C16CF8D5C-StateMachineUpdater: snapshotIndex: updateIncreasingly -1 -> 10
2020-06-15 15:40:48,837 [c912bb49-c5b6-43bc-8d73-0672ac2b0169@group-3A5C16CF8D5C-StateMachineUpdater] INFO  metrics.RatisMetrics (RatisMetrics.java:unregister(43)) - Unregistering Metrics Registry : ratis.state_machine.c912bb49-c5b6-43bc-8d73-0672ac2b0169@group-3A5C16CF8D5C
2020-06-15 15:40:48,838 [ForkJoinPool.commonPool-worker-1] INFO  impl.RaftServerImpl (ServerState.java:close(387)) - c912bb49-c5b6-43bc-8d73-0672ac2b0169@group-3A5C16CF8D5C: closes. applyIndex: 10
2020-06-15 15:40:48,838 [c912bb49-c5b6-43bc-8d73-0672ac2b0169@group-3A5C16CF8D5C-SegmentedRaftLogWorker] INFO  segmented.SegmentedRaftLogWorker (SegmentedRaftLogWorker.java:run(327)) - c912bb49-c5b6-43bc-8d73-0672ac2b0169@group-3A5C16CF8D5C-SegmentedRaftLogWorker was interrupted, exiting. There are 0 tasks remaining in the queue.
2020-06-15 15:40:48,838 [ForkJoinPool.commonPool-worker-1] INFO  segmented.SegmentedRaftLogWorker (SegmentedRaftLogWorker.java:close(234)) - c912bb49-c5b6-43bc-8d73-0672ac2b0169@group-3A5C16CF8D5C-SegmentedRaftLogWorker close()
2020-06-15 15:40:48,839 [ForkJoinPool.commonPool-worker-1] INFO  metrics.RatisMetrics (RatisMetrics.java:unregister(43)) - Unregistering Metrics Registry : ratis.log_worker.c912bb49-c5b6-43bc-8d73-0672ac2b0169@group-3A5C16CF8D5C
2020-06-15 15:40:48,839 [ForkJoinPool.commonPool-worker-1] INFO  metrics.RatisMetrics (RatisMetrics.java:unregister(43)) - Unregistering Metrics Registry : ratis.leader_election.c912bb49-c5b6-43bc-8d73-0672ac2b0169@group-3A5C16CF8D5C
2020-06-15 15:40:48,839 [ForkJoinPool.commonPool-worker-1] INFO  metrics.RatisMetrics (RatisMetrics.java:unregister(43)) - Unregistering Metrics Registry : ratis.server.c912bb49-c5b6-43bc-8d73-0672ac2b0169@group-3A5C16CF8D5C
2020-06-15 15:40:48,840 [ForkJoinPool.commonPool-worker-1] INFO  impl.RaftServerImpl (RaftServerImpl.java:lambda$shutdown$3(252)) - c912bb49-c5b6-43bc-8d73-0672ac2b0169@group-66EA40194D3D: shutdown
2020-06-15 15:40:48,840 [ForkJoinPool.commonPool-worker-1] INFO  util.JmxRegister (JmxRegister.java:unregister(73)) - Successfully un-registered JMX Bean with object name Ratis:service=RaftServer,group=group-66EA40194D3D,id=c912bb49-c5b6-43bc-8d73-0672ac2b0169
2020-06-15 15:40:48,841 [Listener at 127.0.0.1/33397] INFO  statemachine.DatanodeStateMachine (DatanodeStateMachine.java:stopDaemon(428)) - Ozone container server stopped.
2020-06-15 15:40:48,848 [ForkJoinPool.commonPool-worker-1] INFO  impl.RoleInfo (RoleInfo.java:shutdownLeaderState(104)) - c912bb49-c5b6-43bc-8d73-0672ac2b0169: shutdown LeaderState
2020-06-15 15:40:48,849 [Listener at 127.0.0.1/33397] INFO  handler.ContextHandler (ContextHandler.java:doStop(1016)) - Stopped o.e.j.w.WebAppContext@144cf765{hddsDatanode,/,null,UNAVAILABLE}{jar:file:/home/user/.m2/repository/org/apache/hadoop/hadoop-hdds-container-service/0.6.0-SNAPSHOT/hadoop-hdds-container-service-0.6.0-SNAPSHOT.jar!/webapps/hddsDatanode}
2020-06-15 15:40:48,850 [ForkJoinPool.commonPool-worker-1] INFO  impl.PendingRequests (PendingRequests.java:sendNotLeaderResponses(249)) - c912bb49-c5b6-43bc-8d73-0672ac2b0169@group-66EA40194D3D-PendingRequests: sendNotLeaderResponses
2020-06-15 15:40:48,850 [ForkJoinPool.commonPool-worker-1] INFO  metrics.RatisMetrics (RatisMetrics.java:unregister(43)) - Unregistering Metrics Registry : ratis.log_appender.c912bb49-c5b6-43bc-8d73-0672ac2b0169@group-66EA40194D3D
2020-06-15 15:40:48,850 [ForkJoinPool.commonPool-worker-1] INFO  metrics.RatisMetrics (RatisMetrics.java:unregister(43)) - Unregistering Metrics Registry : ratis.server.c912bb49-c5b6-43bc-8d73-0672ac2b0169@group-66EA40194D3D
2020-06-15 15:40:48,850 [Listener at 127.0.0.1/33397] INFO  server.AbstractConnector (AbstractConnector.java:doStop(380)) - Stopped ServerConnector@23c3a1d9{HTTP/1.1,[http/1.1]}{0.0.0.0:0}
2020-06-15 15:40:48,851 [Listener at 127.0.0.1/33397] INFO  server.session (HouseKeeper.java:stopScavenging(158)) - node0 Stopped scavenging
2020-06-15 15:40:48,851 [ForkJoinPool.commonPool-worker-1] INFO  impl.StateMachineUpdater (StateMachineUpdater.java:stopAndJoin(142)) - c912bb49-c5b6-43bc-8d73-0672ac2b0169@group-66EA40194D3D-StateMachineUpdater: set stopIndex = 0
2020-06-15 15:40:48,852 [c912bb49-c5b6-43bc-8d73-0672ac2b0169@group-66EA40194D3D-StateMachineUpdater] INFO  ratis.ContainerStateMachine (ContainerStateMachine.java:takeSnapshot(288)) - group-66EA40194D3D: Taking a snapshot at:(t:1, i:0) file /github/workspace/mnt/ozone/hadoop-ozone/integration-test/target/test-dir/MiniOzoneClusterImpl-821e280a-19ea-4536-9ce4-db87e8de49a0/datanode-0/data/ratis/18995729-6387-458e-93cf-66ea40194d3d/sm/snapshot.1_0
2020-06-15 15:40:48,852 [Listener at 127.0.0.1/33397] INFO  handler.ContextHandler (ContextHandler.java:doStop(1016)) - Stopped o.e.j.s.ServletContextHandler@3b16e02e{static,/static,jar:file:/home/user/.m2/repository/org/apache/hadoop/hadoop-hdds-container-service/0.6.0-SNAPSHOT/hadoop-hdds-container-service-0.6.0-SNAPSHOT.jar!/webapps/static,UNAVAILABLE}
2020-06-15 15:40:48,852 [Listener at 127.0.0.1/33397] INFO  handler.ContextHandler (ContextHandler.java:doStop(1016)) - Stopped o.e.j.s.ServletContextHandler@641f464f{logs,/logs,file:///github/workspace/mnt/ozone/hadoop-ozone/integration-test/target/log,UNAVAILABLE}
2020-06-15 15:40:48,854 [c912bb49-c5b6-43bc-8d73-0672ac2b0169@group-66EA40194D3D-StateMachineUpdater] INFO  ratis.ContainerStateMachine (ContainerStateMachine.java:takeSnapshot(299)) - group-66EA40194D3D: Finished taking a snapshot at:(t:1, i:0) file:/github/workspace/mnt/ozone/hadoop-ozone/integration-test/target/test-dir/MiniOzoneClusterImpl-821e280a-19ea-4536-9ce4-db87e8de49a0/datanode-0/data/ratis/18995729-6387-458e-93cf-66ea40194d3d/sm/snapshot.1_0 time:3
2020-06-15 15:40:48,854 [c912bb49-c5b6-43bc-8d73-0672ac2b0169@group-66EA40194D3D-StateMachineUpdater] INFO  impl.StateMachineUpdater (StateMachineUpdater.java:takeSnapshot(277)) - c912bb49-c5b6-43bc-8d73-0672ac2b0169@group-66EA40194D3D-StateMachineUpdater: Took a snapshot at index 0
2020-06-15 15:40:48,854 [c912bb49-c5b6-43bc-8d73-0672ac2b0169@group-66EA40194D3D-StateMachineUpdater] INFO  impl.StateMachineUpdater (StateMachineUpdater.java:lambda$new$0(87)) - c912bb49-c5b6-43bc-8d73-0672ac2b0169@group-66EA40194D3D-StateMachineUpdater: snapshotIndex: updateIncreasingly -1 -> 0
2020-06-15 15:40:48,854 [c912bb49-c5b6-43bc-8d73-0672ac2b0169@group-66EA40194D3D-StateMachineUpdater] INFO  metrics.RatisMetrics (RatisMetrics.java:unregister(43)) - Unregistering Metrics Registry : ratis.state_machine.c912bb49-c5b6-43bc-8d73-0672ac2b0169@group-66EA40194D3D
2020-06-15 15:40:48,854 [ForkJoinPool.commonPool-worker-1] INFO  impl.RaftServerImpl (ServerState.java:close(387)) - c912bb49-c5b6-43bc-8d73-0672ac2b0169@group-66EA40194D3D: closes. applyIndex: 0
2020-06-15 15:40:48,855 [c912bb49-c5b6-43bc-8d73-0672ac2b0169@group-66EA40194D3D-SegmentedRaftLogWorker] INFO  segmented.SegmentedRaftLogWorker (SegmentedRaftLogWorker.java:run(327)) - c912bb49-c5b6-43bc-8d73-0672ac2b0169@group-66EA40194D3D-SegmentedRaftLogWorker was interrupted, exiting. There are 0 tasks remaining in the queue.
2020-06-15 15:40:48,855 [ForkJoinPool.commonPool-worker-1] INFO  segmented.SegmentedRaftLogWorker (SegmentedRaftLogWorker.java:close(234)) - c912bb49-c5b6-43bc-8d73-0672ac2b0169@group-66EA40194D3D-SegmentedRaftLogWorker close()
2020-06-15 15:40:48,856 [ForkJoinPool.commonPool-worker-1] INFO  metrics.RatisMetrics (RatisMetrics.java:unregister(43)) - Unregistering Metrics Registry : ratis.log_worker.c912bb49-c5b6-43bc-8d73-0672ac2b0169@group-66EA40194D3D
2020-06-15 15:40:48,856 [ForkJoinPool.commonPool-worker-1] INFO  metrics.RatisMetrics (RatisMetrics.java:unregister(43)) - Unregistering Metrics Registry : ratis.leader_election.c912bb49-c5b6-43bc-8d73-0672ac2b0169@group-66EA40194D3D
2020-06-15 15:40:48,856 [ForkJoinPool.commonPool-worker-1] INFO  metrics.RatisMetrics (RatisMetrics.java:unregister(43)) - Unregistering Metrics Registry : ratis.server.c912bb49-c5b6-43bc-8d73-0672ac2b0169@group-66EA40194D3D
2020-06-15 15:40:48,856 [ForkJoinPool.commonPool-worker-1] INFO  server.GrpcService (GrpcService.java:closeImpl(166)) - c912bb49-c5b6-43bc-8d73-0672ac2b0169: shutdown server with port 44503 now
2020-06-15 15:40:48,859 [ForkJoinPool.commonPool-worker-1] INFO  server.GrpcService (GrpcService.java:closeImpl(174)) - c912bb49-c5b6-43bc-8d73-0672ac2b0169: shutdown server with port 44503 successfully
2020-06-15 15:40:48,861 [ForkJoinPool.commonPool-worker-1] INFO  utils.BackgroundService (BackgroundService.java:shutdown(157)) - Shutting down service BlockDeletingService
2020-06-15 15:40:48,863 [ForkJoinPool.commonPool-worker-1] INFO  statemachine.DatanodeStateMachine (DatanodeStateMachine.java:stopDaemon(428)) - Ozone container server stopped.
2020-06-15 15:40:48,866 [ForkJoinPool.commonPool-worker-1] INFO  handler.ContextHandler (ContextHandler.java:doStop(1016)) - Stopped o.e.j.w.WebAppContext@499f46e5{hddsDatanode,/,null,UNAVAILABLE}{jar:file:/home/user/.m2/repository/org/apache/hadoop/hadoop-hdds-container-service/0.6.0-SNAPSHOT/hadoop-hdds-container-service-0.6.0-SNAPSHOT.jar!/webapps/hddsDatanode}
2020-06-15 15:40:48,867 [ForkJoinPool.commonPool-worker-1] INFO  server.AbstractConnector (AbstractConnector.java:doStop(380)) - Stopped ServerConnector@47e8ba02{HTTP/1.1,[http/1.1]}{0.0.0.0:0}
2020-06-15 15:40:48,867 [ForkJoinPool.commonPool-worker-1] INFO  server.session (HouseKeeper.java:stopScavenging(158)) - node0 Stopped scavenging
2020-06-15 15:40:48,868 [ForkJoinPool.commonPool-worker-1] INFO  handler.ContextHandler (ContextHandler.java:doStop(1016)) - Stopped o.e.j.s.ServletContextHandler@2a525080{static,/static,jar:file:/home/user/.m2/repository/org/apache/hadoop/hadoop-hdds-container-service/0.6.0-SNAPSHOT/hadoop-hdds-container-service-0.6.0-SNAPSHOT.jar!/webapps/static,UNAVAILABLE}
2020-06-15 15:40:48,869 [ForkJoinPool.commonPool-worker-1] INFO  handler.ContextHandler (ContextHandler.java:doStop(1016)) - Stopped o.e.j.s.ServletContextHandler@76c1a4de{logs,/logs,file:///github/workspace/mnt/ozone/hadoop-ozone/integration-test/target/log,UNAVAILABLE}
2020-06-15 15:40:49,285 [Datanode State Machine Thread - 0] INFO  statemachine.DatanodeStateMachine (DatanodeStateMachine.java:lambda$startDaemon$0(380)) - Ozone container server started.
2020-06-15 15:40:49,345 [Thread-707] INFO  impl.FollowerState (FollowerState.java:run(108)) - 76787e2a-cdc9-4e9e-a68d-44f13553fe3c@group-45C8AE79FB34-FollowerState: change to CANDIDATE, lastRpcTime:1060ms, electionTimeout:1060ms
2020-06-15 15:40:49,345 [Thread-707] INFO  impl.RoleInfo (RoleInfo.java:shutdownFollowerState(121)) - 76787e2a-cdc9-4e9e-a68d-44f13553fe3c: shutdown FollowerState
2020-06-15 15:40:49,345 [Thread-707] INFO  impl.RaftServerImpl (RaftServerImpl.java:setRole(175)) - 76787e2a-cdc9-4e9e-a68d-44f13553fe3c@group-45C8AE79FB34: changes role from  FOLLOWER to CANDIDATE at term 6 for changeToCandidate
2020-06-15 15:40:49,345 [Thread-707] INFO  impl.RoleInfo (RoleInfo.java:updateAndGet(143)) - 76787e2a-cdc9-4e9e-a68d-44f13553fe3c: start LeaderElection
2020-06-15 15:40:49,347 [76787e2a-cdc9-4e9e-a68d-44f13553fe3c@group-45C8AE79FB34-LeaderElection30] INFO  impl.LeaderElection (LeaderElection.java:askForVotes(206)) - 76787e2a-cdc9-4e9e-a68d-44f13553fe3c@group-45C8AE79FB34-LeaderElection30: begin an election at term 7 for 1: [f695cbb9-a461-4428-8d13-756fae3d1d34:172.17.0.2:40579, 1555e715-5c6c-4e2d-b7e6-f10fa5f487d3:172.17.0.2:41221, 76787e2a-cdc9-4e9e-a68d-44f13553fe3c:172.17.0.2:37067], old=null
2020-06-15 15:40:49,347 [76787e2a-cdc9-4e9e-a68d-44f13553fe3c@group-45C8AE79FB34-LeaderElection30] INFO  impl.LeaderElection (LogUtils.java:infoOrTrace(137)) - 76787e2a-cdc9-4e9e-a68d-44f13553fe3c@group-45C8AE79FB34-LeaderElection30 got exception when requesting votes: java.util.concurrent.ExecutionException: org.apache.ratis.thirdparty.io.grpc.StatusRuntimeException: UNAVAILABLE: io exception
2020-06-15 15:40:49,347 [76787e2a-cdc9-4e9e-a68d-44f13553fe3c@group-45C8AE79FB34-LeaderElection30] INFO  impl.LeaderElection (LogUtils.java:infoOrTrace(137)) - 76787e2a-cdc9-4e9e-a68d-44f13553fe3c@group-45C8AE79FB34-LeaderElection30 got exception when requesting votes: java.util.concurrent.ExecutionException: org.apache.ratis.thirdparty.io.grpc.StatusRuntimeException: UNAVAILABLE: io exception
2020-06-15 15:40:49,348 [76787e2a-cdc9-4e9e-a68d-44f13553fe3c@group-45C8AE79FB34-LeaderElection30] INFO  impl.LeaderElection (LeaderElection.java:logAndReturn(61)) - 76787e2a-cdc9-4e9e-a68d-44f13553fe3c@group-45C8AE79FB34-LeaderElection30: Election REJECTED; received 0 response(s) [] and 2 exception(s); 76787e2a-cdc9-4e9e-a68d-44f13553fe3c@group-45C8AE79FB34:t7, leader=null, voted=76787e2a-cdc9-4e9e-a68d-44f13553fe3c, raftlog=76787e2a-cdc9-4e9e-a68d-44f13553fe3c@group-45C8AE79FB34-SegmentedRaftLog:OPENED:c2,f2,i2, conf=1: [f695cbb9-a461-4428-8d13-756fae3d1d34:172.17.0.2:40579, 1555e715-5c6c-4e2d-b7e6-f10fa5f487d3:172.17.0.2:41221, 76787e2a-cdc9-4e9e-a68d-44f13553fe3c:172.17.0.2:37067], old=null
2020-06-15 15:40:49,348 [76787e2a-cdc9-4e9e-a68d-44f13553fe3c@group-45C8AE79FB34-LeaderElection30] INFO  impl.LeaderElection (LogUtils.java:infoOrTrace(137)) -   Exception 0: java.util.concurrent.ExecutionException: org.apache.ratis.thirdparty.io.grpc.StatusRuntimeException: UNAVAILABLE: io exception
2020-06-15 15:40:49,348 [76787e2a-cdc9-4e9e-a68d-44f13553fe3c@group-45C8AE79FB34-LeaderElection30] INFO  impl.LeaderElection (LogUtils.java:infoOrTrace(137)) -   Exception 1: java.util.concurrent.ExecutionException: org.apache.ratis.thirdparty.io.grpc.StatusRuntimeException: UNAVAILABLE: io exception
2020-06-15 15:40:49,348 [76787e2a-cdc9-4e9e-a68d-44f13553fe3c@group-45C8AE79FB34-LeaderElection30] INFO  impl.RaftServerImpl (RaftServerImpl.java:setRole(175)) - 76787e2a-cdc9-4e9e-a68d-44f13553fe3c@group-45C8AE79FB34: changes role from CANDIDATE to FOLLOWER at term 7 for DISCOVERED_A_NEW_TERM
2020-06-15 15:40:49,348 [76787e2a-cdc9-4e9e-a68d-44f13553fe3c@group-45C8AE79FB34-LeaderElection30] INFO  impl.RoleInfo (RoleInfo.java:shutdownLeaderElection(134)) - 76787e2a-cdc9-4e9e-a68d-44f13553fe3c: shutdown LeaderElection
2020-06-15 15:40:49,348 [76787e2a-cdc9-4e9e-a68d-44f13553fe3c@group-45C8AE79FB34-LeaderElection30] INFO  impl.RoleInfo (RoleInfo.java:updateAndGet(143)) - 76787e2a-cdc9-4e9e-a68d-44f13553fe3c: start FollowerState
2020-06-15 15:40:49,613 [Datanode State Machine Thread - 0] INFO  statemachine.DatanodeStateMachine (DatanodeStateMachine.java:lambda$startDaemon$0(380)) - Ozone container server started.
2020-06-15 15:40:50,534 [Thread-713] INFO  impl.FollowerState (FollowerState.java:run(108)) - 76787e2a-cdc9-4e9e-a68d-44f13553fe3c@group-45C8AE79FB34-FollowerState: change to CANDIDATE, lastRpcTime:1185ms, electionTimeout:1185ms
2020-06-15 15:40:50,534 [Thread-713] INFO  impl.RoleInfo (RoleInfo.java:shutdownFollowerState(121)) - 76787e2a-cdc9-4e9e-a68d-44f13553fe3c: shutdown FollowerState
2020-06-15 15:40:50,534 [Thread-713] INFO  impl.RaftServerImpl (RaftServerImpl.java:setRole(175)) - 76787e2a-cdc9-4e9e-a68d-44f13553fe3c@group-45C8AE79FB34: changes role from  FOLLOWER to CANDIDATE at term 7 for changeToCandidate
2020-06-15 15:40:50,534 [Thread-713] INFO  impl.RoleInfo (RoleInfo.java:updateAndGet(143)) - 76787e2a-cdc9-4e9e-a68d-44f13553fe3c: start LeaderElection
2020-06-15 15:40:50,536 [76787e2a-cdc9-4e9e-a68d-44f13553fe3c@group-45C8AE79FB34-LeaderElection31] INFO  impl.LeaderElection (LeaderElection.java:askForVotes(206)) - 76787e2a-cdc9-4e9e-a68d-44f13553fe3c@group-45C8AE79FB34-LeaderElection31: begin an election at term 8 for 1: [f695cbb9-a461-4428-8d13-756fae3d1d34:172.17.0.2:40579, 1555e715-5c6c-4e2d-b7e6-f10fa5f487d3:172.17.0.2:41221, 76787e2a-cdc9-4e9e-a68d-44f13553fe3c:172.17.0.2:37067], old=null
2020-06-15 15:40:50,537 [76787e2a-cdc9-4e9e-a68d-44f13553fe3c@group-45C8AE79FB34-LeaderElection31] INFO  impl.LeaderElection (LogUtils.java:infoOrTrace(137)) - 76787e2a-cdc9-4e9e-a68d-44f13553fe3c@group-45C8AE79FB34-LeaderElection31 got exception when requesting votes: java.util.concurrent.ExecutionException: org.apache.ratis.thirdparty.io.grpc.StatusRuntimeException: UNAVAILABLE: io exception
2020-06-15 15:40:50,540 [76787e2a-cdc9-4e9e-a68d-44f13553fe3c@group-45C8AE79FB34-LeaderElection31] INFO  impl.LeaderElection (LogUtils.java:infoOrTrace(137)) - 76787e2a-cdc9-4e9e-a68d-44f13553fe3c@group-45C8AE79FB34-LeaderElection31 got exception when requesting votes: java.util.concurrent.ExecutionException: org.apache.ratis.thirdparty.io.grpc.StatusRuntimeException: UNAVAILABLE: io exception
2020-06-15 15:40:50,540 [76787e2a-cdc9-4e9e-a68d-44f13553fe3c@group-45C8AE79FB34-LeaderElection31] INFO  impl.LeaderElection (LeaderElection.java:logAndReturn(61)) - 76787e2a-cdc9-4e9e-a68d-44f13553fe3c@group-45C8AE79FB34-LeaderElection31: Election REJECTED; received 0 response(s) [] and 2 exception(s); 76787e2a-cdc9-4e9e-a68d-44f13553fe3c@group-45C8AE79FB34:t8, leader=null, voted=76787e2a-cdc9-4e9e-a68d-44f13553fe3c, raftlog=76787e2a-cdc9-4e9e-a68d-44f13553fe3c@group-45C8AE79FB34-SegmentedRaftLog:OPENED:c2,f2,i2, conf=1: [f695cbb9-a461-4428-8d13-756fae3d1d34:172.17.0.2:40579, 1555e715-5c6c-4e2d-b7e6-f10fa5f487d3:172.17.0.2:41221, 76787e2a-cdc9-4e9e-a68d-44f13553fe3c:172.17.0.2:37067], old=null
2020-06-15 15:40:50,540 [76787e2a-cdc9-4e9e-a68d-44f13553fe3c@group-45C8AE79FB34-LeaderElection31] INFO  impl.LeaderElection (LogUtils.java:infoOrTrace(137)) -   Exception 0: java.util.concurrent.ExecutionException: org.apache.ratis.thirdparty.io.grpc.StatusRuntimeException: UNAVAILABLE: io exception
2020-06-15 15:40:50,540 [76787e2a-cdc9-4e9e-a68d-44f13553fe3c@group-45C8AE79FB34-LeaderElection31] INFO  impl.LeaderElection (LogUtils.java:infoOrTrace(137)) -   Exception 1: java.util.concurrent.ExecutionException: org.apache.ratis.thirdparty.io.grpc.StatusRuntimeException: UNAVAILABLE: io exception
2020-06-15 15:40:50,540 [76787e2a-cdc9-4e9e-a68d-44f13553fe3c@group-45C8AE79FB34-LeaderElection31] INFO  impl.RaftServerImpl (RaftServerImpl.java:setRole(175)) - 76787e2a-cdc9-4e9e-a68d-44f13553fe3c@group-45C8AE79FB34: changes role from CANDIDATE to FOLLOWER at term 8 for DISCOVERED_A_NEW_TERM
2020-06-15 15:40:50,540 [76787e2a-cdc9-4e9e-a68d-44f13553fe3c@group-45C8AE79FB34-LeaderElection31] INFO  impl.RoleInfo (RoleInfo.java:shutdownLeaderElection(134)) - 76787e2a-cdc9-4e9e-a68d-44f13553fe3c: shutdown LeaderElection
2020-06-15 15:40:50,540 [76787e2a-cdc9-4e9e-a68d-44f13553fe3c@group-45C8AE79FB34-LeaderElection31] INFO  impl.RoleInfo (RoleInfo.java:updateAndGet(143)) - 76787e2a-cdc9-4e9e-a68d-44f13553fe3c: start FollowerState
2020-06-15 15:40:51,015 [Thread-337] INFO  impl.FollowerState (FollowerState.java:run(108)) - 9e264cd7-89cf-4adc-86a4-e73cb5c9846a@group-3A5C16CF8D5C-FollowerState: change to CANDIDATE, lastRpcTime:2204ms, electionTimeout:1188ms
2020-06-15 15:40:51,016 [Thread-337] INFO  impl.RoleInfo (RoleInfo.java:shutdownFollowerState(121)) - 9e264cd7-89cf-4adc-86a4-e73cb5c9846a: shutdown FollowerState
2020-06-15 15:40:51,016 [Thread-337] INFO  impl.RaftServerImpl (RaftServerImpl.java:setRole(175)) - 9e264cd7-89cf-4adc-86a4-e73cb5c9846a@group-3A5C16CF8D5C: changes role from  FOLLOWER to CANDIDATE at term 1 for changeToCandidate
2020-06-15 15:40:51,016 [Thread-337] INFO  impl.RoleInfo (RoleInfo.java:updateAndGet(143)) - 9e264cd7-89cf-4adc-86a4-e73cb5c9846a: start LeaderElection
2020-06-15 15:40:51,016 [9e264cd7-89cf-4adc-86a4-e73cb5c9846a@group-3A5C16CF8D5C-LeaderElection32] INFO  impl.RaftServerImpl (ServerState.java:setLeader(255)) - 9e264cd7-89cf-4adc-86a4-e73cb5c9846a@group-3A5C16CF8D5C: change Leader from c912bb49-c5b6-43bc-8d73-0672ac2b0169 to null at term 1 for initElection
2020-06-15 15:40:51,018 [9e264cd7-89cf-4adc-86a4-e73cb5c9846a@group-3A5C16CF8D5C-LeaderElection32] INFO  impl.LeaderElection (LeaderElection.java:askForVotes(206)) - 9e264cd7-89cf-4adc-86a4-e73cb5c9846a@group-3A5C16CF8D5C-LeaderElection32: begin an election at term 2 for 0: [c912bb49-c5b6-43bc-8d73-0672ac2b0169:172.17.0.2:44503, 9e264cd7-89cf-4adc-86a4-e73cb5c9846a:172.17.0.2:46793, 9a0e5fc2-eb4c-4ba8-8ae5-559cc84280be:172.17.0.2:37177], old=null
2020-06-15 15:40:51,020 [9e264cd7-89cf-4adc-86a4-e73cb5c9846a@group-3A5C16CF8D5C-LeaderElection32] INFO  impl.LeaderElection (LogUtils.java:infoOrTrace(137)) - 9e264cd7-89cf-4adc-86a4-e73cb5c9846a@group-3A5C16CF8D5C-LeaderElection32 got exception when requesting votes: java.util.concurrent.ExecutionException: org.apache.ratis.thirdparty.io.grpc.StatusRuntimeException: UNAVAILABLE: io exception
2020-06-15 15:40:51,021 [9e264cd7-89cf-4adc-86a4-e73cb5c9846a@group-3A5C16CF8D5C-LeaderElection32] INFO  impl.LeaderElection (LogUtils.java:infoOrTrace(137)) - 9e264cd7-89cf-4adc-86a4-e73cb5c9846a@group-3A5C16CF8D5C-LeaderElection32 got exception when requesting votes: java.util.concurrent.ExecutionException: org.apache.ratis.thirdparty.io.grpc.StatusRuntimeException: UNAVAILABLE: io exception
2020-06-15 15:40:51,021 [9e264cd7-89cf-4adc-86a4-e73cb5c9846a@group-3A5C16CF8D5C-LeaderElection32] INFO  impl.LeaderElection (LeaderElection.java:logAndReturn(61)) - 9e264cd7-89cf-4adc-86a4-e73cb5c9846a@group-3A5C16CF8D5C-LeaderElection32: Election REJECTED; received 0 response(s) [] and 2 exception(s); 9e264cd7-89cf-4adc-86a4-e73cb5c9846a@group-3A5C16CF8D5C:t2, leader=null, voted=9e264cd7-89cf-4adc-86a4-e73cb5c9846a, raftlog=9e264cd7-89cf-4adc-86a4-e73cb5c9846a@group-3A5C16CF8D5C-SegmentedRaftLog:OPENED:c10,f10,i10, conf=0: [c912bb49-c5b6-43bc-8d73-0672ac2b0169:172.17.0.2:44503, 9e264cd7-89cf-4adc-86a4-e73cb5c9846a:172.17.0.2:46793, 9a0e5fc2-eb4c-4ba8-8ae5-559cc84280be:172.17.0.2:37177], old=null
2020-06-15 15:40:51,021 [9e264cd7-89cf-4adc-86a4-e73cb5c9846a@group-3A5C16CF8D5C-LeaderElection32] INFO  impl.LeaderElection (LogUtils.java:infoOrTrace(137)) -   Exception 0: java.util.concurrent.ExecutionException: org.apache.ratis.thirdparty.io.grpc.StatusRuntimeException: UNAVAILABLE: io exception
2020-06-15 15:40:51,021 [9e264cd7-89cf-4adc-86a4-e73cb5c9846a@group-3A5C16CF8D5C-LeaderElection32] INFO  impl.LeaderElection (LogUtils.java:infoOrTrace(137)) -   Exception 1: java.util.concurrent.ExecutionException: org.apache.ratis.thirdparty.io.grpc.StatusRuntimeException: UNAVAILABLE: io exception
2020-06-15 15:40:51,022 [9e264cd7-89cf-4adc-86a4-e73cb5c9846a@group-3A5C16CF8D5C-LeaderElection32] INFO  impl.RaftServerImpl (RaftServerImpl.java:setRole(175)) - 9e264cd7-89cf-4adc-86a4-e73cb5c9846a@group-3A5C16CF8D5C: changes role from CANDIDATE to FOLLOWER at term 2 for DISCOVERED_A_NEW_TERM
2020-06-15 15:40:51,022 [9e264cd7-89cf-4adc-86a4-e73cb5c9846a@group-3A5C16CF8D5C-LeaderElection32] INFO  impl.RoleInfo (RoleInfo.java:shutdownLeaderElection(134)) - 9e264cd7-89cf-4adc-86a4-e73cb5c9846a: shutdown LeaderElection
2020-06-15 15:40:51,022 [9e264cd7-89cf-4adc-86a4-e73cb5c9846a@group-3A5C16CF8D5C-LeaderElection32] INFO  impl.RoleInfo (RoleInfo.java:updateAndGet(143)) - 9e264cd7-89cf-4adc-86a4-e73cb5c9846a: start FollowerState
2020-06-15 15:40:51,653 [Thread-717] INFO  impl.FollowerState (FollowerState.java:run(108)) - 76787e2a-cdc9-4e9e-a68d-44f13553fe3c@group-45C8AE79FB34-FollowerState: change to CANDIDATE, lastRpcTime:1112ms, electionTimeout:1112ms
2020-06-15 15:40:51,654 [Thread-717] INFO  impl.RoleInfo (RoleInfo.java:shutdownFollowerState(121)) - 76787e2a-cdc9-4e9e-a68d-44f13553fe3c: shutdown FollowerState
2020-06-15 15:40:51,654 [Thread-717] INFO  impl.RaftServerImpl (RaftServerImpl.java:setRole(175)) - 76787e2a-cdc9-4e9e-a68d-44f13553fe3c@group-45C8AE79FB34: changes role from  FOLLOWER to CANDIDATE at term 8 for changeToCandidate
2020-06-15 15:40:51,654 [Thread-717] INFO  impl.RoleInfo (RoleInfo.java:updateAndGet(143)) - 76787e2a-cdc9-4e9e-a68d-44f13553fe3c: start LeaderElection
2020-06-15 15:40:51,656 [76787e2a-cdc9-4e9e-a68d-44f13553fe3c@group-45C8AE79FB34-LeaderElection33] INFO  impl.LeaderElection (LeaderElection.java:askForVotes(206)) - 76787e2a-cdc9-4e9e-a68d-44f13553fe3c@group-45C8AE79FB34-LeaderElection33: begin an election at term 9 for 1: [f695cbb9-a461-4428-8d13-756fae3d1d34:172.17.0.2:40579, 1555e715-5c6c-4e2d-b7e6-f10fa5f487d3:172.17.0.2:41221, 76787e2a-cdc9-4e9e-a68d-44f13553fe3c:172.17.0.2:37067], old=null
2020-06-15 15:40:51,657 [76787e2a-cdc9-4e9e-a68d-44f13553fe3c@group-45C8AE79FB34-LeaderElection33] INFO  impl.LeaderElection (LogUtils.java:infoOrTrace(137)) - 76787e2a-cdc9-4e9e-a68d-44f13553fe3c@group-45C8AE79FB34-LeaderElection33 got exception when requesting votes: java.util.concurrent.ExecutionException: org.apache.ratis.thirdparty.io.grpc.StatusRuntimeException: UNAVAILABLE: io exception
2020-06-15 15:40:51,657 [76787e2a-cdc9-4e9e-a68d-44f13553fe3c@group-45C8AE79FB34-LeaderElection33] INFO  impl.LeaderElection (LogUtils.java:infoOrTrace(137)) - 76787e2a-cdc9-4e9e-a68d-44f13553fe3c@group-45C8AE79FB34-LeaderElection33 got exception when requesting votes: java.util.concurrent.ExecutionException: org.apache.ratis.thirdparty.io.grpc.StatusRuntimeException: UNAVAILABLE: io exception
2020-06-15 15:40:51,657 [76787e2a-cdc9-4e9e-a68d-44f13553fe3c@group-45C8AE79FB34-LeaderElection33] INFO  impl.LeaderElection (LeaderElection.java:logAndReturn(61)) - 76787e2a-cdc9-4e9e-a68d-44f13553fe3c@group-45C8AE79FB34-LeaderElection33: Election REJECTED; received 0 response(s) [] and 2 exception(s); 76787e2a-cdc9-4e9e-a68d-44f13553fe3c@group-45C8AE79FB34:t9, leader=null, voted=76787e2a-cdc9-4e9e-a68d-44f13553fe3c, raftlog=76787e2a-cdc9-4e9e-a68d-44f13553fe3c@group-45C8AE79FB34-SegmentedRaftLog:OPENED:c2,f2,i2, conf=1: [f695cbb9-a461-4428-8d13-756fae3d1d34:172.17.0.2:40579, 1555e715-5c6c-4e2d-b7e6-f10fa5f487d3:172.17.0.2:41221, 76787e2a-cdc9-4e9e-a68d-44f13553fe3c:172.17.0.2:37067], old=null
2020-06-15 15:40:51,657 [76787e2a-cdc9-4e9e-a68d-44f13553fe3c@group-45C8AE79FB34-LeaderElection33] INFO  impl.LeaderElection (LogUtils.java:infoOrTrace(137)) -   Exception 0: java.util.concurrent.ExecutionException: org.apache.ratis.thirdparty.io.grpc.StatusRuntimeException: UNAVAILABLE: io exception
2020-06-15 15:40:51,657 [76787e2a-cdc9-4e9e-a68d-44f13553fe3c@group-45C8AE79FB34-LeaderElection33] INFO  impl.LeaderElection (LogUtils.java:infoOrTrace(137)) -   Exception 1: java.util.concurrent.ExecutionException: org.apache.ratis.thirdparty.io.grpc.StatusRuntimeException: UNAVAILABLE: io exception
2020-06-15 15:40:51,658 [76787e2a-cdc9-4e9e-a68d-44f13553fe3c@group-45C8AE79FB34-LeaderElection33] INFO  impl.RaftServerImpl (RaftServerImpl.java:setRole(175)) - 76787e2a-cdc9-4e9e-a68d-44f13553fe3c@group-45C8AE79FB34: changes role from CANDIDATE to FOLLOWER at term 9 for DISCOVERED_A_NEW_TERM
2020-06-15 15:40:51,658 [76787e2a-cdc9-4e9e-a68d-44f13553fe3c@group-45C8AE79FB34-LeaderElection33] INFO  impl.RoleInfo (RoleInfo.java:shutdownLeaderElection(134)) - 76787e2a-cdc9-4e9e-a68d-44f13553fe3c: shutdown LeaderElection
2020-06-15 15:40:51,658 [76787e2a-cdc9-4e9e-a68d-44f13553fe3c@group-45C8AE79FB34-LeaderElection33] INFO  impl.RoleInfo (RoleInfo.java:updateAndGet(143)) - 76787e2a-cdc9-4e9e-a68d-44f13553fe3c: start FollowerState
2020-06-15 15:40:52,098 [Thread-721] INFO  impl.FollowerState (FollowerState.java:run(108)) - 9e264cd7-89cf-4adc-86a4-e73cb5c9846a@group-3A5C16CF8D5C-FollowerState: change to CANDIDATE, lastRpcTime:1075ms, electionTimeout:1075ms
2020-06-15 15:40:52,099 [Thread-721] INFO  impl.RoleInfo (RoleInfo.java:shutdownFollowerState(121)) - 9e264cd7-89cf-4adc-86a4-e73cb5c9846a: shutdown FollowerState
2020-06-15 15:40:52,099 [Thread-721] INFO  impl.RaftServerImpl (RaftServerImpl.java:setRole(175)) - 9e264cd7-89cf-4adc-86a4-e73cb5c9846a@group-3A5C16CF8D5C: changes role from  FOLLOWER to CANDIDATE at term 2 for changeToCandidate
2020-06-15 15:40:52,099 [Thread-721] INFO  impl.RoleInfo (RoleInfo.java:updateAndGet(143)) - 9e264cd7-89cf-4adc-86a4-e73cb5c9846a: start LeaderElection
2020-06-15 15:40:52,103 [9e264cd7-89cf-4adc-86a4-e73cb5c9846a@group-3A5C16CF8D5C-LeaderElection34] INFO  impl.LeaderElection (LeaderElection.java:askForVotes(206)) - 9e264cd7-89cf-4adc-86a4-e73cb5c9846a@group-3A5C16CF8D5C-LeaderElection34: begin an election at term 3 for 0: [c912bb49-c5b6-43bc-8d73-0672ac2b0169:172.17.0.2:44503, 9e264cd7-89cf-4adc-86a4-e73cb5c9846a:172.17.0.2:46793, 9a0e5fc2-eb4c-4ba8-8ae5-559cc84280be:172.17.0.2:37177], old=null
2020-06-15 15:40:52,104 [9e264cd7-89cf-4adc-86a4-e73cb5c9846a@group-3A5C16CF8D5C-LeaderElection34] INFO  impl.LeaderElection (LogUtils.java:infoOrTrace(137)) - 9e264cd7-89cf-4adc-86a4-e73cb5c9846a@group-3A5C16CF8D5C-LeaderElection34 got exception when requesting votes: java.util.concurrent.ExecutionException: org.apache.ratis.thirdparty.io.grpc.StatusRuntimeException: UNAVAILABLE: io exception
2020-06-15 15:40:52,104 [9e264cd7-89cf-4adc-86a4-e73cb5c9846a@group-3A5C16CF8D5C-LeaderElection34] INFO  impl.LeaderElection (LogUtils.java:infoOrTrace(137)) - 9e264cd7-89cf-4adc-86a4-e73cb5c9846a@group-3A5C16CF8D5C-LeaderElection34 got exception when requesting votes: java.util.concurrent.ExecutionException: org.apache.ratis.thirdparty.io.grpc.StatusRuntimeException: UNAVAILABLE: io exception
2020-06-15 15:40:52,104 [9e264cd7-89cf-4adc-86a4-e73cb5c9846a@group-3A5C16CF8D5C-LeaderElection34] INFO  impl.LeaderElection (LeaderElection.java:logAndReturn(61)) - 9e264cd7-89cf-4adc-86a4-e73cb5c9846a@group-3A5C16CF8D5C-LeaderElection34: Election REJECTED; received 0 response(s) [] and 2 exception(s); 9e264cd7-89cf-4adc-86a4-e73cb5c9846a@group-3A5C16CF8D5C:t3, leader=null, voted=9e264cd7-89cf-4adc-86a4-e73cb5c9846a, raftlog=9e264cd7-89cf-4adc-86a4-e73cb5c9846a@group-3A5C16CF8D5C-SegmentedRaftLog:OPENED:c10,f10,i10, conf=0: [c912bb49-c5b6-43bc-8d73-0672ac2b0169:172.17.0.2:44503, 9e264cd7-89cf-4adc-86a4-e73cb5c9846a:172.17.0.2:46793, 9a0e5fc2-eb4c-4ba8-8ae5-559cc84280be:172.17.0.2:37177], old=null
2020-06-15 15:40:52,105 [9e264cd7-89cf-4adc-86a4-e73cb5c9846a@group-3A5C16CF8D5C-LeaderElection34] INFO  impl.LeaderElection (LogUtils.java:infoOrTrace(137)) -   Exception 0: java.util.concurrent.ExecutionException: org.apache.ratis.thirdparty.io.grpc.StatusRuntimeException: UNAVAILABLE: io exception
2020-06-15 15:40:52,105 [9e264cd7-89cf-4adc-86a4-e73cb5c9846a@group-3A5C16CF8D5C-LeaderElection34] INFO  impl.LeaderElection (LogUtils.java:infoOrTrace(137)) -   Exception 1: java.util.concurrent.ExecutionException: org.apache.ratis.thirdparty.io.grpc.StatusRuntimeException: UNAVAILABLE: io exception
2020-06-15 15:40:52,105 [9e264cd7-89cf-4adc-86a4-e73cb5c9846a@group-3A5C16CF8D5C-LeaderElection34] INFO  impl.RaftServerImpl (RaftServerImpl.java:setRole(175)) - 9e264cd7-89cf-4adc-86a4-e73cb5c9846a@group-3A5C16CF8D5C: changes role from CANDIDATE to FOLLOWER at term 3 for DISCOVERED_A_NEW_TERM
2020-06-15 15:40:52,105 [9e264cd7-89cf-4adc-86a4-e73cb5c9846a@group-3A5C16CF8D5C-LeaderElection34] INFO  impl.RoleInfo (RoleInfo.java:shutdownLeaderElection(134)) - 9e264cd7-89cf-4adc-86a4-e73cb5c9846a: shutdown LeaderElection
2020-06-15 15:40:52,105 [9e264cd7-89cf-4adc-86a4-e73cb5c9846a@group-3A5C16CF8D5C-LeaderElection34] INFO  impl.RoleInfo (RoleInfo.java:updateAndGet(143)) - 9e264cd7-89cf-4adc-86a4-e73cb5c9846a: start FollowerState
2020-06-15 15:40:52,676 [Thread-725] INFO  impl.FollowerState (FollowerState.java:run(108)) - 76787e2a-cdc9-4e9e-a68d-44f13553fe3c@group-45C8AE79FB34-FollowerState: change to CANDIDATE, lastRpcTime:1018ms, electionTimeout:1018ms
2020-06-15 15:40:52,677 [Thread-725] INFO  impl.RoleInfo (RoleInfo.java:shutdownFollowerState(121)) - 76787e2a-cdc9-4e9e-a68d-44f13553fe3c: shutdown FollowerState
2020-06-15 15:40:52,677 [Thread-725] INFO  impl.RaftServerImpl (RaftServerImpl.java:setRole(175)) - 76787e2a-cdc9-4e9e-a68d-44f13553fe3c@group-45C8AE79FB34: changes role from  FOLLOWER to CANDIDATE at term 9 for changeToCandidate
2020-06-15 15:40:52,678 [Thread-725] INFO  impl.RoleInfo (RoleInfo.java:updateAndGet(143)) - 76787e2a-cdc9-4e9e-a68d-44f13553fe3c: start LeaderElection
2020-06-15 15:40:52,679 [76787e2a-cdc9-4e9e-a68d-44f13553fe3c@group-45C8AE79FB34-LeaderElection35] INFO  impl.LeaderElection (LeaderElection.java:askForVotes(206)) - 76787e2a-cdc9-4e9e-a68d-44f13553fe3c@group-45C8AE79FB34-LeaderElection35: begin an election at term 10 for 1: [f695cbb9-a461-4428-8d13-756fae3d1d34:172.17.0.2:40579, 1555e715-5c6c-4e2d-b7e6-f10fa5f487d3:172.17.0.2:41221, 76787e2a-cdc9-4e9e-a68d-44f13553fe3c:172.17.0.2:37067], old=null
2020-06-15 15:40:52,680 [76787e2a-cdc9-4e9e-a68d-44f13553fe3c@group-45C8AE79FB34-LeaderElection35] INFO  impl.LeaderElection (LogUtils.java:infoOrTrace(137)) - 76787e2a-cdc9-4e9e-a68d-44f13553fe3c@group-45C8AE79FB34-LeaderElection35 got exception when requesting votes: java.util.concurrent.ExecutionException: org.apache.ratis.thirdparty.io.grpc.StatusRuntimeException: UNAVAILABLE: io exception
2020-06-15 15:40:52,680 [76787e2a-cdc9-4e9e-a68d-44f13553fe3c@group-45C8AE79FB34-LeaderElection35] INFO  impl.LeaderElection (LogUtils.java:infoOrTrace(137)) - 76787e2a-cdc9-4e9e-a68d-44f13553fe3c@group-45C8AE79FB34-LeaderElection35 got exception when requesting votes: java.util.concurrent.ExecutionException: org.apache.ratis.thirdparty.io.grpc.StatusRuntimeException: UNAVAILABLE: io exception
2020-06-15 15:40:52,680 [76787e2a-cdc9-4e9e-a68d-44f13553fe3c@group-45C8AE79FB34-LeaderElection35] INFO  impl.LeaderElection (LeaderElection.java:logAndReturn(61)) - 76787e2a-cdc9-4e9e-a68d-44f13553fe3c@group-45C8AE79FB34-LeaderElection35: Election REJECTED; received 0 response(s) [] and 2 exception(s); 76787e2a-cdc9-4e9e-a68d-44f13553fe3c@group-45C8AE79FB34:t10, leader=null, voted=76787e2a-cdc9-4e9e-a68d-44f13553fe3c, raftlog=76787e2a-cdc9-4e9e-a68d-44f13553fe3c@group-45C8AE79FB34-SegmentedRaftLog:OPENED:c2,f2,i2, conf=1: [f695cbb9-a461-4428-8d13-756fae3d1d34:172.17.0.2:40579, 1555e715-5c6c-4e2d-b7e6-f10fa5f487d3:172.17.0.2:41221, 76787e2a-cdc9-4e9e-a68d-44f13553fe3c:172.17.0.2:37067], old=null
2020-06-15 15:40:52,680 [76787e2a-cdc9-4e9e-a68d-44f13553fe3c@group-45C8AE79FB34-LeaderElection35] INFO  impl.LeaderElection (LogUtils.java:infoOrTrace(137)) -   Exception 0: java.util.concurrent.ExecutionException: org.apache.ratis.thirdparty.io.grpc.StatusRuntimeException: UNAVAILABLE: io exception
2020-06-15 15:40:52,680 [76787e2a-cdc9-4e9e-a68d-44f13553fe3c@group-45C8AE79FB34-LeaderElection35] INFO  impl.LeaderElection (LogUtils.java:infoOrTrace(137)) -   Exception 1: java.util.concurrent.ExecutionException: org.apache.ratis.thirdparty.io.grpc.StatusRuntimeException: UNAVAILABLE: io exception
2020-06-15 15:40:52,681 [76787e2a-cdc9-4e9e-a68d-44f13553fe3c@group-45C8AE79FB34-LeaderElection35] INFO  impl.RaftServerImpl (RaftServerImpl.java:setRole(175)) - 76787e2a-cdc9-4e9e-a68d-44f13553fe3c@group-45C8AE79FB34: changes role from CANDIDATE to FOLLOWER at term 10 for DISCOVERED_A_NEW_TERM
2020-06-15 15:40:52,681 [76787e2a-cdc9-4e9e-a68d-44f13553fe3c@group-45C8AE79FB34-LeaderElection35] INFO  impl.RoleInfo (RoleInfo.java:shutdownLeaderElection(134)) - 76787e2a-cdc9-4e9e-a68d-44f13553fe3c: shutdown LeaderElection
2020-06-15 15:40:52,681 [76787e2a-cdc9-4e9e-a68d-44f13553fe3c@group-45C8AE79FB34-LeaderElection35] INFO  impl.RoleInfo (RoleInfo.java:updateAndGet(143)) - 76787e2a-cdc9-4e9e-a68d-44f13553fe3c: start FollowerState
2020-06-15 15:40:53,179 [Thread-729] INFO  impl.FollowerState (FollowerState.java:run(108)) - 9e264cd7-89cf-4adc-86a4-e73cb5c9846a@group-3A5C16CF8D5C-FollowerState: change to CANDIDATE, lastRpcTime:1073ms, electionTimeout:1073ms
2020-06-15 15:40:53,180 [Thread-729] INFO  impl.RoleInfo (RoleInfo.java:shutdownFollowerState(121)) - 9e264cd7-89cf-4adc-86a4-e73cb5c9846a: shutdown FollowerState
2020-06-15 15:40:53,180 [Thread-729] INFO  impl.RaftServerImpl (RaftServerImpl.java:setRole(175)) - 9e264cd7-89cf-4adc-86a4-e73cb5c9846a@group-3A5C16CF8D5C: changes role from  FOLLOWER to CANDIDATE at term 3 for changeToCandidate
2020-06-15 15:40:53,180 [Thread-729] INFO  impl.RoleInfo (RoleInfo.java:updateAndGet(143)) - 9e264cd7-89cf-4adc-86a4-e73cb5c9846a: start LeaderElection
2020-06-15 15:40:53,182 [9e264cd7-89cf-4adc-86a4-e73cb5c9846a@group-3A5C16CF8D5C-LeaderElection36] INFO  impl.LeaderElection (LeaderElection.java:askForVotes(206)) - 9e264cd7-89cf-4adc-86a4-e73cb5c9846a@group-3A5C16CF8D5C-LeaderElection36: begin an election at term 4 for 0: [c912bb49-c5b6-43bc-8d73-0672ac2b0169:172.17.0.2:44503, 9e264cd7-89cf-4adc-86a4-e73cb5c9846a:172.17.0.2:46793, 9a0e5fc2-eb4c-4ba8-8ae5-559cc84280be:172.17.0.2:37177], old=null
2020-06-15 15:40:53,183 [9e264cd7-89cf-4adc-86a4-e73cb5c9846a@group-3A5C16CF8D5C-LeaderElection36] INFO  impl.LeaderElection (LogUtils.java:infoOrTrace(137)) - 9e264cd7-89cf-4adc-86a4-e73cb5c9846a@group-3A5C16CF8D5C-LeaderElection36 got exception when requesting votes: java.util.concurrent.ExecutionException: org.apache.ratis.thirdparty.io.grpc.StatusRuntimeException: UNAVAILABLE: io exception
2020-06-15 15:40:53,183 [9e264cd7-89cf-4adc-86a4-e73cb5c9846a@group-3A5C16CF8D5C-LeaderElection36] INFO  impl.LeaderElection (LogUtils.java:infoOrTrace(137)) - 9e264cd7-89cf-4adc-86a4-e73cb5c9846a@group-3A5C16CF8D5C-LeaderElection36 got exception when requesting votes: java.util.concurrent.ExecutionException: org.apache.ratis.thirdparty.io.grpc.StatusRuntimeException: UNAVAILABLE: io exception
2020-06-15 15:40:53,183 [9e264cd7-89cf-4adc-86a4-e73cb5c9846a@group-3A5C16CF8D5C-LeaderElection36] INFO  impl.LeaderElection (LeaderElection.java:logAndReturn(61)) - 9e264cd7-89cf-4adc-86a4-e73cb5c9846a@group-3A5C16CF8D5C-LeaderElection36: Election REJECTED; received 0 response(s) [] and 2 exception(s); 9e264cd7-89cf-4adc-86a4-e73cb5c9846a@group-3A5C16CF8D5C:t4, leader=null, voted=9e264cd7-89cf-4adc-86a4-e73cb5c9846a, raftlog=9e264cd7-89cf-4adc-86a4-e73cb5c9846a@group-3A5C16CF8D5C-SegmentedRaftLog:OPENED:c10,f10,i10, conf=0: [c912bb49-c5b6-43bc-8d73-0672ac2b0169:172.17.0.2:44503, 9e264cd7-89cf-4adc-86a4-e73cb5c9846a:172.17.0.2:46793, 9a0e5fc2-eb4c-4ba8-8ae5-559cc84280be:172.17.0.2:37177], old=null
2020-06-15 15:40:53,183 [9e264cd7-89cf-4adc-86a4-e73cb5c9846a@group-3A5C16CF8D5C-LeaderElection36] INFO  impl.LeaderElection (LogUtils.java:infoOrTrace(137)) -   Exception 0: java.util.concurrent.ExecutionException: org.apache.ratis.thirdparty.io.grpc.StatusRuntimeException: UNAVAILABLE: io exception
2020-06-15 15:40:53,183 [9e264cd7-89cf-4adc-86a4-e73cb5c9846a@group-3A5C16CF8D5C-LeaderElection36] INFO  impl.LeaderElection (LogUtils.java:infoOrTrace(137)) -   Exception 1: java.util.concurrent.ExecutionException: org.apache.ratis.thirdparty.io.grpc.StatusRuntimeException: UNAVAILABLE: io exception
2020-06-15 15:40:53,184 [9e264cd7-89cf-4adc-86a4-e73cb5c9846a@group-3A5C16CF8D5C-LeaderElection36] INFO  impl.RaftServerImpl (RaftServerImpl.java:setRole(175)) - 9e264cd7-89cf-4adc-86a4-e73cb5c9846a@group-3A5C16CF8D5C: changes role from CANDIDATE to FOLLOWER at term 4 for DISCOVERED_A_NEW_TERM
2020-06-15 15:40:53,184 [9e264cd7-89cf-4adc-86a4-e73cb5c9846a@group-3A5C16CF8D5C-LeaderElection36] INFO  impl.RoleInfo (RoleInfo.java:shutdownLeaderElection(134)) - 9e264cd7-89cf-4adc-86a4-e73cb5c9846a: shutdown LeaderElection
2020-06-15 15:40:53,184 [9e264cd7-89cf-4adc-86a4-e73cb5c9846a@group-3A5C16CF8D5C-LeaderElection36] INFO  impl.RoleInfo (RoleInfo.java:updateAndGet(143)) - 9e264cd7-89cf-4adc-86a4-e73cb5c9846a: start FollowerState
2020-06-15 15:40:53,756 [Thread-733] INFO  impl.FollowerState (FollowerState.java:run(108)) - 76787e2a-cdc9-4e9e-a68d-44f13553fe3c@group-45C8AE79FB34-FollowerState: change to CANDIDATE, lastRpcTime:1075ms, electionTimeout:1075ms
2020-06-15 15:40:53,757 [Thread-733] INFO  impl.RoleInfo (RoleInfo.java:shutdownFollowerState(121)) - 76787e2a-cdc9-4e9e-a68d-44f13553fe3c: shutdown FollowerState
2020-06-15 15:40:53,757 [Thread-733] INFO  impl.RaftServerImpl (RaftServerImpl.java:setRole(175)) - 76787e2a-cdc9-4e9e-a68d-44f13553fe3c@group-45C8AE79FB34: changes role from  FOLLOWER to CANDIDATE at term 10 for changeToCandidate
2020-06-15 15:40:53,758 [Thread-733] INFO  impl.RoleInfo (RoleInfo.java:updateAndGet(143)) - 76787e2a-cdc9-4e9e-a68d-44f13553fe3c: start LeaderElection
2020-06-15 15:40:53,759 [76787e2a-cdc9-4e9e-a68d-44f13553fe3c@group-45C8AE79FB34-LeaderElection37] INFO  impl.LeaderElection (LeaderElection.java:askForVotes(206)) - 76787e2a-cdc9-4e9e-a68d-44f13553fe3c@group-45C8AE79FB34-LeaderElection37: begin an election at term 11 for 1: [f695cbb9-a461-4428-8d13-756fae3d1d34:172.17.0.2:40579, 1555e715-5c6c-4e2d-b7e6-f10fa5f487d3:172.17.0.2:41221, 76787e2a-cdc9-4e9e-a68d-44f13553fe3c:172.17.0.2:37067], old=null
2020-06-15 15:40:53,760 [76787e2a-cdc9-4e9e-a68d-44f13553fe3c@group-45C8AE79FB34-LeaderElection37] INFO  impl.LeaderElection (LogUtils.java:infoOrTrace(137)) - 76787e2a-cdc9-4e9e-a68d-44f13553fe3c@group-45C8AE79FB34-LeaderElection37 got exception when requesting votes: java.util.concurrent.ExecutionException: org.apache.ratis.thirdparty.io.grpc.StatusRuntimeException: UNAVAILABLE: io exception
2020-06-15 15:40:53,763 [76787e2a-cdc9-4e9e-a68d-44f13553fe3c@group-45C8AE79FB34-LeaderElection37] INFO  impl.LeaderElection (LogUtils.java:infoOrTrace(137)) - 76787e2a-cdc9-4e9e-a68d-44f13553fe3c@group-45C8AE79FB34-LeaderElection37 got exception when requesting votes: java.util.concurrent.ExecutionException: org.apache.ratis.thirdparty.io.grpc.StatusRuntimeException: UNAVAILABLE: io exception
2020-06-15 15:40:53,763 [76787e2a-cdc9-4e9e-a68d-44f13553fe3c@group-45C8AE79FB34-LeaderElection37] INFO  impl.LeaderElection (LeaderElection.java:logAndReturn(61)) - 76787e2a-cdc9-4e9e-a68d-44f13553fe3c@group-45C8AE79FB34-LeaderElection37: Election REJECTED; received 0 response(s) [] and 2 exception(s); 76787e2a-cdc9-4e9e-a68d-44f13553fe3c@group-45C8AE79FB34:t11, leader=null, voted=76787e2a-cdc9-4e9e-a68d-44f13553fe3c, raftlog=76787e2a-cdc9-4e9e-a68d-44f13553fe3c@group-45C8AE79FB34-SegmentedRaftLog:OPENED:c2,f2,i2, conf=1: [f695cbb9-a461-4428-8d13-756fae3d1d34:172.17.0.2:40579, 1555e715-5c6c-4e2d-b7e6-f10fa5f487d3:172.17.0.2:41221, 76787e2a-cdc9-4e9e-a68d-44f13553fe3c:172.17.0.2:37067], old=null
2020-06-15 15:40:53,764 [76787e2a-cdc9-4e9e-a68d-44f13553fe3c@group-45C8AE79FB34-LeaderElection37] INFO  impl.LeaderElection (LogUtils.java:infoOrTrace(137)) -   Exception 0: java.util.concurrent.ExecutionException: org.apache.ratis.thirdparty.io.grpc.StatusRuntimeException: UNAVAILABLE: io exception
2020-06-15 15:40:53,764 [76787e2a-cdc9-4e9e-a68d-44f13553fe3c@group-45C8AE79FB34-LeaderElection37] INFO  impl.LeaderElection (LogUtils.java:infoOrTrace(137)) -   Exception 1: java.util.concurrent.ExecutionException: org.apache.ratis.thirdparty.io.grpc.StatusRuntimeException: UNAVAILABLE: io exception
2020-06-15 15:40:53,764 [76787e2a-cdc9-4e9e-a68d-44f13553fe3c@group-45C8AE79FB34-LeaderElection37] INFO  impl.RaftServerImpl (RaftServerImpl.java:setRole(175)) - 76787e2a-cdc9-4e9e-a68d-44f13553fe3c@group-45C8AE79FB34: changes role from CANDIDATE to FOLLOWER at term 11 for DISCOVERED_A_NEW_TERM
2020-06-15 15:40:53,764 [76787e2a-cdc9-4e9e-a68d-44f13553fe3c@group-45C8AE79FB34-LeaderElection37] INFO  impl.RoleInfo (RoleInfo.java:shutdownLeaderElection(134)) - 76787e2a-cdc9-4e9e-a68d-44f13553fe3c: shutdown LeaderElection
2020-06-15 15:40:53,764 [76787e2a-cdc9-4e9e-a68d-44f13553fe3c@group-45C8AE79FB34-LeaderElection37] INFO  impl.RoleInfo (RoleInfo.java:updateAndGet(143)) - 76787e2a-cdc9-4e9e-a68d-44f13553fe3c: start FollowerState
2020-06-15 15:40:53,854 [Listener at 127.0.0.1/33397] INFO  ozoneimpl.OzoneContainer (OzoneContainer.java:stop(246)) - Attempting to stop container services.
2020-06-15 15:40:53,855 [Listener at 127.0.0.1/33397] INFO  impl.RaftServerProxy (RaftServerProxy.java:lambda$close$4(319)) - 76787e2a-cdc9-4e9e-a68d-44f13553fe3c: close
2020-06-15 15:40:53,855 [Listener at 127.0.0.1/33397] INFO  impl.RaftServerImpl (RaftServerImpl.java:lambda$shutdown$3(252)) - 76787e2a-cdc9-4e9e-a68d-44f13553fe3c@group-24B47A675F60: shutdown
2020-06-15 15:40:53,855 [Listener at 127.0.0.1/33397] INFO  util.JmxRegister (JmxRegister.java:unregister(73)) - Successfully un-registered JMX Bean with object name Ratis:service=RaftServer,group=group-24B47A675F60,id=76787e2a-cdc9-4e9e-a68d-44f13553fe3c
2020-06-15 15:40:53,856 [Listener at 127.0.0.1/33397] INFO  impl.RoleInfo (RoleInfo.java:shutdownLeaderState(104)) - 76787e2a-cdc9-4e9e-a68d-44f13553fe3c: shutdown LeaderState
2020-06-15 15:40:53,856 [Listener at 127.0.0.1/33397] INFO  impl.PendingRequests (PendingRequests.java:sendNotLeaderResponses(249)) - 76787e2a-cdc9-4e9e-a68d-44f13553fe3c@group-24B47A675F60-PendingRequests: sendNotLeaderResponses
2020-06-15 15:40:53,856 [Listener at 127.0.0.1/33397] INFO  metrics.RatisMetrics (RatisMetrics.java:unregister(43)) - Unregistering Metrics Registry : ratis.log_appender.76787e2a-cdc9-4e9e-a68d-44f13553fe3c@group-24B47A675F60
2020-06-15 15:40:53,856 [Listener at 127.0.0.1/33397] INFO  metrics.RatisMetrics (RatisMetrics.java:unregister(43)) - Unregistering Metrics Registry : ratis.server.76787e2a-cdc9-4e9e-a68d-44f13553fe3c@group-24B47A675F60
2020-06-15 15:40:53,857 [76787e2a-cdc9-4e9e-a68d-44f13553fe3c@group-24B47A675F60-StateMachineUpdater] INFO  ratis.ContainerStateMachine (ContainerStateMachine.java:takeSnapshot(288)) - group-24B47A675F60: Taking a snapshot at:(t:1, i:0) file /github/workspace/mnt/ozone/hadoop-ozone/integration-test/target/test-dir/MiniOzoneClusterImpl-821e280a-19ea-4536-9ce4-db87e8de49a0/datanode-7/data/ratis/160074c6-40d8-41e8-8c44-24b47a675f60/sm/snapshot.1_0
2020-06-15 15:40:53,857 [Listener at 127.0.0.1/33397] INFO  impl.StateMachineUpdater (StateMachineUpdater.java:stopAndJoin(142)) - 76787e2a-cdc9-4e9e-a68d-44f13553fe3c@group-24B47A675F60-StateMachineUpdater: set stopIndex = 0
2020-06-15 15:40:53,858 [76787e2a-cdc9-4e9e-a68d-44f13553fe3c@group-24B47A675F60-StateMachineUpdater] INFO  ratis.ContainerStateMachine (ContainerStateMachine.java:takeSnapshot(299)) - group-24B47A675F60: Finished taking a snapshot at:(t:1, i:0) file:/github/workspace/mnt/ozone/hadoop-ozone/integration-test/target/test-dir/MiniOzoneClusterImpl-821e280a-19ea-4536-9ce4-db87e8de49a0/datanode-7/data/ratis/160074c6-40d8-41e8-8c44-24b47a675f60/sm/snapshot.1_0 time:1
2020-06-15 15:40:53,858 [76787e2a-cdc9-4e9e-a68d-44f13553fe3c@group-24B47A675F60-StateMachineUpdater] INFO  impl.StateMachineUpdater (StateMachineUpdater.java:takeSnapshot(277)) - 76787e2a-cdc9-4e9e-a68d-44f13553fe3c@group-24B47A675F60-StateMachineUpdater: Took a snapshot at index 0
2020-06-15 15:40:53,858 [76787e2a-cdc9-4e9e-a68d-44f13553fe3c@group-24B47A675F60-StateMachineUpdater] INFO  impl.StateMachineUpdater (StateMachineUpdater.java:lambda$new$0(87)) - 76787e2a-cdc9-4e9e-a68d-44f13553fe3c@group-24B47A675F60-StateMachineUpdater: snapshotIndex: updateIncreasingly -1 -> 0
2020-06-15 15:40:53,859 [76787e2a-cdc9-4e9e-a68d-44f13553fe3c@group-24B47A675F60-StateMachineUpdater] INFO  metrics.RatisMetrics (RatisMetrics.java:unregister(43)) - Unregistering Metrics Registry : ratis.state_machine.76787e2a-cdc9-4e9e-a68d-44f13553fe3c@group-24B47A675F60
2020-06-15 15:40:53,859 [Listener at 127.0.0.1/33397] INFO  impl.RaftServerImpl (ServerState.java:close(387)) - 76787e2a-cdc9-4e9e-a68d-44f13553fe3c@group-24B47A675F60: closes. applyIndex: 0
2020-06-15 15:40:53,859 [76787e2a-cdc9-4e9e-a68d-44f13553fe3c@group-24B47A675F60-SegmentedRaftLogWorker] INFO  segmented.SegmentedRaftLogWorker (SegmentedRaftLogWorker.java:run(327)) - 76787e2a-cdc9-4e9e-a68d-44f13553fe3c@group-24B47A675F60-SegmentedRaftLogWorker was interrupted, exiting. There are 0 tasks remaining in the queue.
2020-06-15 15:40:53,859 [Listener at 127.0.0.1/33397] INFO  segmented.SegmentedRaftLogWorker (SegmentedRaftLogWorker.java:close(234)) - 76787e2a-cdc9-4e9e-a68d-44f13553fe3c@group-24B47A675F60-SegmentedRaftLogWorker close()
2020-06-15 15:40:53,861 [Listener at 127.0.0.1/33397] INFO  metrics.RatisMetrics (RatisMetrics.java:unregister(43)) - Unregistering Metrics Registry : ratis.log_worker.76787e2a-cdc9-4e9e-a68d-44f13553fe3c@group-24B47A675F60
2020-06-15 15:40:53,861 [Listener at 127.0.0.1/33397] INFO  metrics.RatisMetrics (RatisMetrics.java:unregister(43)) - Unregistering Metrics Registry : ratis.leader_election.76787e2a-cdc9-4e9e-a68d-44f13553fe3c@group-24B47A675F60
2020-06-15 15:40:53,861 [Listener at 127.0.0.1/33397] INFO  metrics.RatisMetrics (RatisMetrics.java:unregister(43)) - Unregistering Metrics Registry : ratis.server.76787e2a-cdc9-4e9e-a68d-44f13553fe3c@group-24B47A675F60
2020-06-15 15:40:53,861 [Listener at 127.0.0.1/33397] INFO  impl.RaftServerImpl (RaftServerImpl.java:lambda$shutdown$3(252)) - 76787e2a-cdc9-4e9e-a68d-44f13553fe3c@group-45C8AE79FB34: shutdown
2020-06-15 15:40:53,862 [Listener at 127.0.0.1/33397] INFO  util.JmxRegister (JmxRegister.java:unregister(73)) - Successfully un-registered JMX Bean with object name Ratis:service=RaftServer,group=group-45C8AE79FB34,id=76787e2a-cdc9-4e9e-a68d-44f13553fe3c
2020-06-15 15:40:53,862 [Listener at 127.0.0.1/33397] INFO  impl.RoleInfo (RoleInfo.java:shutdownFollowerState(121)) - 76787e2a-cdc9-4e9e-a68d-44f13553fe3c: shutdown FollowerState
2020-06-15 15:40:53,862 [Thread-741] INFO  impl.FollowerState (FollowerState.java:run(117)) - 76787e2a-cdc9-4e9e-a68d-44f13553fe3c@group-45C8AE79FB34-FollowerState was interrupted: java.lang.InterruptedException: sleep interrupted
2020-06-15 15:40:53,862 [76787e2a-cdc9-4e9e-a68d-44f13553fe3c@group-45C8AE79FB34-StateMachineUpdater] INFO  ratis.ContainerStateMachine (ContainerStateMachine.java:takeSnapshot(288)) - group-45C8AE79FB34: Taking a snapshot at:(t:3, i:2) file /github/workspace/mnt/ozone/hadoop-ozone/integration-test/target/test-dir/MiniOzoneClusterImpl-821e280a-19ea-4536-9ce4-db87e8de49a0/datanode-7/data/ratis/7efe5cd7-55cc-4aa9-9f53-45c8ae79fb34/sm/snapshot.3_2
2020-06-15 15:40:53,862 [Listener at 127.0.0.1/33397] INFO  impl.StateMachineUpdater (StateMachineUpdater.java:stopAndJoin(142)) - 76787e2a-cdc9-4e9e-a68d-44f13553fe3c@group-45C8AE79FB34-StateMachineUpdater: set stopIndex = 2
2020-06-15 15:40:53,863 [76787e2a-cdc9-4e9e-a68d-44f13553fe3c@group-45C8AE79FB34-StateMachineUpdater] INFO  ratis.ContainerStateMachine (ContainerStateMachine.java:takeSnapshot(299)) - group-45C8AE79FB34: Finished taking a snapshot at:(t:3, i:2) file:/github/workspace/mnt/ozone/hadoop-ozone/integration-test/target/test-dir/MiniOzoneClusterImpl-821e280a-19ea-4536-9ce4-db87e8de49a0/datanode-7/data/ratis/7efe5cd7-55cc-4aa9-9f53-45c8ae79fb34/sm/snapshot.3_2 time:1
2020-06-15 15:40:53,863 [76787e2a-cdc9-4e9e-a68d-44f13553fe3c@group-45C8AE79FB34-StateMachineUpdater] INFO  impl.StateMachineUpdater (StateMachineUpdater.java:takeSnapshot(277)) - 76787e2a-cdc9-4e9e-a68d-44f13553fe3c@group-45C8AE79FB34-StateMachineUpdater: Took a snapshot at index 2
2020-06-15 15:40:53,863 [76787e2a-cdc9-4e9e-a68d-44f13553fe3c@group-45C8AE79FB34-StateMachineUpdater] INFO  impl.StateMachineUpdater (StateMachineUpdater.java:lambda$new$0(87)) - 76787e2a-cdc9-4e9e-a68d-44f13553fe3c@group-45C8AE79FB34-StateMachineUpdater: snapshotIndex: updateIncreasingly -1 -> 2
2020-06-15 15:40:53,863 [76787e2a-cdc9-4e9e-a68d-44f13553fe3c@group-45C8AE79FB34-StateMachineUpdater] INFO  metrics.RatisMetrics (RatisMetrics.java:unregister(43)) - Unregistering Metrics Registry : ratis.state_machine.76787e2a-cdc9-4e9e-a68d-44f13553fe3c@group-45C8AE79FB34
2020-06-15 15:40:53,865 [Listener at 127.0.0.1/33397] INFO  impl.RaftServerImpl (ServerState.java:close(387)) - 76787e2a-cdc9-4e9e-a68d-44f13553fe3c@group-45C8AE79FB34: closes. applyIndex: 2
2020-06-15 15:40:53,866 [76787e2a-cdc9-4e9e-a68d-44f13553fe3c@group-45C8AE79FB34-SegmentedRaftLogWorker] INFO  segmented.SegmentedRaftLogWorker (SegmentedRaftLogWorker.java:run(327)) - 76787e2a-cdc9-4e9e-a68d-44f13553fe3c@group-45C8AE79FB34-SegmentedRaftLogWorker was interrupted, exiting. There are 0 tasks remaining in the queue.
2020-06-15 15:40:53,866 [Listener at 127.0.0.1/33397] INFO  segmented.SegmentedRaftLogWorker (SegmentedRaftLogWorker.java:close(234)) - 76787e2a-cdc9-4e9e-a68d-44f13553fe3c@group-45C8AE79FB34-SegmentedRaftLogWorker close()
2020-06-15 15:40:53,866 [Listener at 127.0.0.1/33397] INFO  metrics.RatisMetrics (RatisMetrics.java:unregister(43)) - Unregistering Metrics Registry : ratis.log_worker.76787e2a-cdc9-4e9e-a68d-44f13553fe3c@group-45C8AE79FB34
2020-06-15 15:40:53,867 [Listener at 127.0.0.1/33397] INFO  metrics.RatisMetrics (RatisMetrics.java:unregister(43)) - Unregistering Metrics Registry : ratis.leader_election.76787e2a-cdc9-4e9e-a68d-44f13553fe3c@group-45C8AE79FB34
2020-06-15 15:40:53,867 [Listener at 127.0.0.1/33397] INFO  metrics.RatisMetrics (RatisMetrics.java:unregister(43)) - Unregistering Metrics Registry : ratis.server.76787e2a-cdc9-4e9e-a68d-44f13553fe3c@group-45C8AE79FB34
2020-06-15 15:40:53,867 [Listener at 127.0.0.1/33397] INFO  server.GrpcService (GrpcService.java:closeImpl(166)) - 76787e2a-cdc9-4e9e-a68d-44f13553fe3c: shutdown server with port 37067 now
2020-06-15 15:40:53,868 [Listener at 127.0.0.1/33397] INFO  server.GrpcService (GrpcService.java:closeImpl(174)) - 76787e2a-cdc9-4e9e-a68d-44f13553fe3c: shutdown server with port 37067 successfully
2020-06-15 15:40:53,869 [Listener at 127.0.0.1/33397] INFO  utils.BackgroundService (BackgroundService.java:shutdown(157)) - Shutting down service BlockDeletingService
2020-06-15 15:40:53,871 [Listener at 127.0.0.1/33397] INFO  statemachine.DatanodeStateMachine (DatanodeStateMachine.java:stopDaemon(428)) - Ozone container server stopped.
2020-06-15 15:40:53,871 [ForkJoinPool.commonPool-worker-1] INFO  ozoneimpl.OzoneContainer (OzoneContainer.java:stop(246)) - Attempting to stop container services.
2020-06-15 15:40:53,871 [ForkJoinPool.commonPool-worker-1] INFO  impl.RaftServerProxy (RaftServerProxy.java:lambda$close$4(319)) - 9e264cd7-89cf-4adc-86a4-e73cb5c9846a: close
2020-06-15 15:40:53,871 [ForkJoinPool.commonPool-worker-1] INFO  impl.RaftServerImpl (RaftServerImpl.java:lambda$shutdown$3(252)) - 9e264cd7-89cf-4adc-86a4-e73cb5c9846a@group-3A5C16CF8D5C: shutdown
2020-06-15 15:40:53,872 [ForkJoinPool.commonPool-worker-1] INFO  util.JmxRegister (JmxRegister.java:unregister(73)) - Successfully un-registered JMX Bean with object name Ratis:service=RaftServer,group=group-3A5C16CF8D5C,id=9e264cd7-89cf-4adc-86a4-e73cb5c9846a
2020-06-15 15:40:53,872 [ForkJoinPool.commonPool-worker-1] INFO  impl.RoleInfo (RoleInfo.java:shutdownFollowerState(121)) - 9e264cd7-89cf-4adc-86a4-e73cb5c9846a: shutdown FollowerState
2020-06-15 15:40:53,872 [ForkJoinPool.commonPool-worker-1] INFO  impl.StateMachineUpdater (StateMachineUpdater.java:stopAndJoin(142)) - 9e264cd7-89cf-4adc-86a4-e73cb5c9846a@group-3A5C16CF8D5C-StateMachineUpdater: set stopIndex = 10
2020-06-15 15:40:53,872 [9e264cd7-89cf-4adc-86a4-e73cb5c9846a@group-3A5C16CF8D5C-StateMachineUpdater] INFO  ratis.ContainerStateMachine (ContainerStateMachine.java:takeSnapshot(288)) - group-3A5C16CF8D5C: Taking a snapshot at:(t:1, i:10) file /github/workspace/mnt/ozone/hadoop-ozone/integration-test/target/test-dir/MiniOzoneClusterImpl-821e280a-19ea-4536-9ce4-db87e8de49a0/datanode-1/data/ratis/9c50ad9e-5235-4dd0-9b15-3a5c16cf8d5c/sm/snapshot.1_10
2020-06-15 15:40:53,872 [Thread-737] INFO  impl.FollowerState (FollowerState.java:run(117)) - 9e264cd7-89cf-4adc-86a4-e73cb5c9846a@group-3A5C16CF8D5C-FollowerState was interrupted: java.lang.InterruptedException: sleep interrupted
2020-06-15 15:40:53,873 [9e264cd7-89cf-4adc-86a4-e73cb5c9846a@group-3A5C16CF8D5C-StateMachineUpdater] INFO  ratis.ContainerStateMachine (ContainerStateMachine.java:takeSnapshot(299)) - group-3A5C16CF8D5C: Finished taking a snapshot at:(t:1, i:10) file:/github/workspace/mnt/ozone/hadoop-ozone/integration-test/target/test-dir/MiniOzoneClusterImpl-821e280a-19ea-4536-9ce4-db87e8de49a0/datanode-1/data/ratis/9c50ad9e-5235-4dd0-9b15-3a5c16cf8d5c/sm/snapshot.1_10 time:1
2020-06-15 15:40:53,874 [9e264cd7-89cf-4adc-86a4-e73cb5c9846a@group-3A5C16CF8D5C-StateMachineUpdater] INFO  impl.StateMachineUpdater (StateMachineUpdater.java:takeSnapshot(277)) - 9e264cd7-89cf-4adc-86a4-e73cb5c9846a@group-3A5C16CF8D5C-StateMachineUpdater: Took a snapshot at index 10
2020-06-15 15:40:53,874 [9e264cd7-89cf-4adc-86a4-e73cb5c9846a@group-3A5C16CF8D5C-StateMachineUpdater] INFO  impl.StateMachineUpdater (StateMachineUpdater.java:lambda$new$0(87)) - 9e264cd7-89cf-4adc-86a4-e73cb5c9846a@group-3A5C16CF8D5C-StateMachineUpdater: snapshotIndex: updateIncreasingly -1 -> 10
2020-06-15 15:40:53,874 [9e264cd7-89cf-4adc-86a4-e73cb5c9846a@group-3A5C16CF8D5C-StateMachineUpdater] INFO  metrics.RatisMetrics (RatisMetrics.java:unregister(43)) - Unregistering Metrics Registry : ratis.state_machine.9e264cd7-89cf-4adc-86a4-e73cb5c9846a@group-3A5C16CF8D5C
2020-06-15 15:40:53,874 [ForkJoinPool.commonPool-worker-1] INFO  impl.RaftServerImpl (ServerState.java:close(387)) - 9e264cd7-89cf-4adc-86a4-e73cb5c9846a@group-3A5C16CF8D5C: closes. applyIndex: 10
2020-06-15 15:40:53,874 [9e264cd7-89cf-4adc-86a4-e73cb5c9846a@group-3A5C16CF8D5C-SegmentedRaftLogWorker] INFO  segmented.SegmentedRaftLogWorker (SegmentedRaftLogWorker.java:run(327)) - 9e264cd7-89cf-4adc-86a4-e73cb5c9846a@group-3A5C16CF8D5C-SegmentedRaftLogWorker was interrupted, exiting. There are 0 tasks remaining in the queue.
2020-06-15 15:40:53,875 [Listener at 127.0.0.1/33397] INFO  handler.ContextHandler (ContextHandler.java:doStop(1016)) - Stopped o.e.j.w.WebAppContext@4cf31b21{hddsDatanode,/,null,UNAVAILABLE}{jar:file:/home/user/.m2/repository/org/apache/hadoop/hadoop-hdds-container-service/0.6.0-SNAPSHOT/hadoop-hdds-container-service-0.6.0-SNAPSHOT.jar!/webapps/hddsDatanode}
2020-06-15 15:40:53,875 [ForkJoinPool.commonPool-worker-1] INFO  segmented.SegmentedRaftLogWorker (SegmentedRaftLogWorker.java:close(234)) - 9e264cd7-89cf-4adc-86a4-e73cb5c9846a@group-3A5C16CF8D5C-SegmentedRaftLogWorker close()
2020-06-15 15:40:53,875 [ForkJoinPool.commonPool-worker-1] INFO  metrics.RatisMetrics (RatisMetrics.java:unregister(43)) - Unregistering Metrics Registry : ratis.log_worker.9e264cd7-89cf-4adc-86a4-e73cb5c9846a@group-3A5C16CF8D5C
2020-06-15 15:40:53,876 [Listener at 127.0.0.1/33397] INFO  server.AbstractConnector (AbstractConnector.java:doStop(380)) - Stopped ServerConnector@6d7fd0d8{HTTP/1.1,[http/1.1]}{0.0.0.0:0}
2020-06-15 15:40:53,876 [ForkJoinPool.commonPool-worker-1] INFO  metrics.RatisMetrics (RatisMetrics.java:unregister(43)) - Unregistering Metrics Registry : ratis.leader_election.9e264cd7-89cf-4adc-86a4-e73cb5c9846a@group-3A5C16CF8D5C
2020-06-15 15:40:53,876 [Listener at 127.0.0.1/33397] INFO  server.session (HouseKeeper.java:stopScavenging(158)) - node0 Stopped scavenging
2020-06-15 15:40:53,876 [ForkJoinPool.commonPool-worker-1] INFO  metrics.RatisMetrics (RatisMetrics.java:unregister(43)) - Unregistering Metrics Registry : ratis.server.9e264cd7-89cf-4adc-86a4-e73cb5c9846a@group-3A5C16CF8D5C
2020-06-15 15:40:53,876 [Listener at 127.0.0.1/33397] INFO  handler.ContextHandler (ContextHandler.java:doStop(1016)) - Stopped o.e.j.s.ServletContextHandler@31f25a95{static,/static,jar:file:/home/user/.m2/repository/org/apache/hadoop/hadoop-hdds-container-service/0.6.0-SNAPSHOT/hadoop-hdds-container-service-0.6.0-SNAPSHOT.jar!/webapps/static,UNAVAILABLE}
2020-06-15 15:40:53,877 [Listener at 127.0.0.1/33397] INFO  handler.ContextHandler (ContextHandler.java:doStop(1016)) - Stopped o.e.j.s.ServletContextHandler@60424e31{logs,/logs,file:///github/workspace/mnt/ozone/hadoop-ozone/integration-test/target/log,UNAVAILABLE}
2020-06-15 15:40:53,877 [ForkJoinPool.commonPool-worker-1] INFO  impl.RaftServerImpl (RaftServerImpl.java:lambda$shutdown$3(252)) - 9e264cd7-89cf-4adc-86a4-e73cb5c9846a@group-D992D708DA20: shutdown
2020-06-15 15:40:53,877 [ForkJoinPool.commonPool-worker-1] INFO  util.JmxRegister (JmxRegister.java:unregister(73)) - Successfully un-registered JMX Bean with object name Ratis:service=RaftServer,group=group-D992D708DA20,id=9e264cd7-89cf-4adc-86a4-e73cb5c9846a
2020-06-15 15:40:53,878 [ForkJoinPool.commonPool-worker-1] INFO  impl.RoleInfo (RoleInfo.java:shutdownLeaderState(104)) - 9e264cd7-89cf-4adc-86a4-e73cb5c9846a: shutdown LeaderState
2020-06-15 15:40:53,878 [ForkJoinPool.commonPool-worker-1] INFO  impl.PendingRequests (PendingRequests.java:sendNotLeaderResponses(249)) - 9e264cd7-89cf-4adc-86a4-e73cb5c9846a@group-D992D708DA20-PendingRequests: sendNotLeaderResponses
2020-06-15 15:40:53,878 [ForkJoinPool.commonPool-worker-1] INFO  metrics.RatisMetrics (RatisMetrics.java:unregister(43)) - Unregistering Metrics Registry : ratis.log_appender.9e264cd7-89cf-4adc-86a4-e73cb5c9846a@group-D992D708DA20
2020-06-15 15:40:53,878 [ForkJoinPool.commonPool-worker-1] INFO  metrics.RatisMetrics (RatisMetrics.java:unregister(43)) - Unregistering Metrics Registry : ratis.server.9e264cd7-89cf-4adc-86a4-e73cb5c9846a@group-D992D708DA20
2020-06-15 15:40:53,879 [ForkJoinPool.commonPool-worker-1] INFO  impl.StateMachineUpdater (StateMachineUpdater.java:stopAndJoin(142)) - 9e264cd7-89cf-4adc-86a4-e73cb5c9846a@group-D992D708DA20-StateMachineUpdater: set stopIndex = 0
2020-06-15 15:40:53,879 [9e264cd7-89cf-4adc-86a4-e73cb5c9846a@group-D992D708DA20-StateMachineUpdater] INFO  ratis.ContainerStateMachine (ContainerStateMachine.java:takeSnapshot(288)) - group-D992D708DA20: Taking a snapshot at:(t:1, i:0) file /github/workspace/mnt/ozone/hadoop-ozone/integration-test/target/test-dir/MiniOzoneClusterImpl-821e280a-19ea-4536-9ce4-db87e8de49a0/datanode-1/data/ratis/93e13e3d-b88a-4c17-9f35-d992d708da20/sm/snapshot.1_0
2020-06-15 15:40:53,880 [9e264cd7-89cf-4adc-86a4-e73cb5c9846a@group-D992D708DA20-StateMachineUpdater] INFO  ratis.ContainerStateMachine (ContainerStateMachine.java:takeSnapshot(299)) - group-D992D708DA20: Finished taking a snapshot at:(t:1, i:0) file:/github/workspace/mnt/ozone/hadoop-ozone/integration-test/target/test-dir/MiniOzoneClusterImpl-821e280a-19ea-4536-9ce4-db87e8de49a0/datanode-1/data/ratis/93e13e3d-b88a-4c17-9f35-d992d708da20/sm/snapshot.1_0 time:1
2020-06-15 15:40:53,880 [9e264cd7-89cf-4adc-86a4-e73cb5c9846a@group-D992D708DA20-StateMachineUpdater] INFO  impl.StateMachineUpdater (StateMachineUpdater.java:takeSnapshot(277)) - 9e264cd7-89cf-4adc-86a4-e73cb5c9846a@group-D992D708DA20-StateMachineUpdater: Took a snapshot at index 0
2020-06-15 15:40:53,880 [9e264cd7-89cf-4adc-86a4-e73cb5c9846a@group-D992D708DA20-StateMachineUpdater] INFO  impl.StateMachineUpdater (StateMachineUpdater.java:lambda$new$0(87)) - 9e264cd7-89cf-4adc-86a4-e73cb5c9846a@group-D992D708DA20-StateMachineUpdater: snapshotIndex: updateIncreasingly -1 -> 0
2020-06-15 15:40:53,881 [9e264cd7-89cf-4adc-86a4-e73cb5c9846a@group-D992D708DA20-StateMachineUpdater] INFO  metrics.RatisMetrics (RatisMetrics.java:unregister(43)) - Unregistering Metrics Registry : ratis.state_machine.9e264cd7-89cf-4adc-86a4-e73cb5c9846a@group-D992D708DA20
2020-06-15 15:40:53,888 [ForkJoinPool.commonPool-worker-1] INFO  impl.RaftServerImpl (ServerState.java:close(387)) - 9e264cd7-89cf-4adc-86a4-e73cb5c9846a@group-D992D708DA20: closes. applyIndex: 0
2020-06-15 15:40:53,888 [9e264cd7-89cf-4adc-86a4-e73cb5c9846a@group-D992D708DA20-SegmentedRaftLogWorker] INFO  segmented.SegmentedRaftLogWorker (SegmentedRaftLogWorker.java:run(327)) - 9e264cd7-89cf-4adc-86a4-e73cb5c9846a@group-D992D708DA20-SegmentedRaftLogWorker was interrupted, exiting. There are 0 tasks remaining in the queue.
2020-06-15 15:40:53,889 [ForkJoinPool.commonPool-worker-1] INFO  segmented.SegmentedRaftLogWorker (SegmentedRaftLogWorker.java:close(234)) - 9e264cd7-89cf-4adc-86a4-e73cb5c9846a@group-D992D708DA20-SegmentedRaftLogWorker close()
2020-06-15 15:40:53,889 [ForkJoinPool.commonPool-worker-1] INFO  metrics.RatisMetrics (RatisMetrics.java:unregister(43)) - Unregistering Metrics Registry : ratis.log_worker.9e264cd7-89cf-4adc-86a4-e73cb5c9846a@group-D992D708DA20
2020-06-15 15:40:53,889 [ForkJoinPool.commonPool-worker-1] INFO  metrics.RatisMetrics (RatisMetrics.java:unregister(43)) - Unregistering Metrics Registry : ratis.leader_election.9e264cd7-89cf-4adc-86a4-e73cb5c9846a@group-D992D708DA20
2020-06-15 15:40:53,889 [ForkJoinPool.commonPool-worker-1] INFO  metrics.RatisMetrics (RatisMetrics.java:unregister(43)) - Unregistering Metrics Registry : ratis.server.9e264cd7-89cf-4adc-86a4-e73cb5c9846a@group-D992D708DA20
2020-06-15 15:40:53,890 [ForkJoinPool.commonPool-worker-1] INFO  server.GrpcService (GrpcService.java:closeImpl(166)) - 9e264cd7-89cf-4adc-86a4-e73cb5c9846a: shutdown server with port 46793 now
2020-06-15 15:40:53,890 [ForkJoinPool.commonPool-worker-1] INFO  server.GrpcService (GrpcService.java:closeImpl(174)) - 9e264cd7-89cf-4adc-86a4-e73cb5c9846a: shutdown server with port 46793 successfully
2020-06-15 15:40:53,893 [ForkJoinPool.commonPool-worker-1] INFO  utils.BackgroundService (BackgroundService.java:shutdown(157)) - Shutting down service BlockDeletingService
2020-06-15 15:40:53,894 [ForkJoinPool.commonPool-worker-1] INFO  statemachine.DatanodeStateMachine (DatanodeStateMachine.java:stopDaemon(428)) - Ozone container server stopped.
2020-06-15 15:40:53,896 [ForkJoinPool.commonPool-worker-1] INFO  handler.ContextHandler (ContextHandler.java:doStop(1016)) - Stopped o.e.j.w.WebAppContext@29cd6a05{hddsDatanode,/,null,UNAVAILABLE}{jar:file:/home/user/.m2/repository/org/apache/hadoop/hadoop-hdds-container-service/0.6.0-SNAPSHOT/hadoop-hdds-container-service-0.6.0-SNAPSHOT.jar!/webapps/hddsDatanode}
2020-06-15 15:40:53,897 [ForkJoinPool.commonPool-worker-1] INFO  server.AbstractConnector (AbstractConnector.java:doStop(380)) - Stopped ServerConnector@4624ede8{HTTP/1.1,[http/1.1]}{0.0.0.0:0}
2020-06-15 15:40:53,897 [ForkJoinPool.commonPool-worker-1] INFO  server.session (HouseKeeper.java:stopScavenging(158)) - node0 Stopped scavenging
2020-06-15 15:40:53,898 [ForkJoinPool.commonPool-worker-1] INFO  handler.ContextHandler (ContextHandler.java:doStop(1016)) - Stopped o.e.j.s.ServletContextHandler@5b6d8864{static,/static,jar:file:/home/user/.m2/repository/org/apache/hadoop/hadoop-hdds-container-service/0.6.0-SNAPSHOT/hadoop-hdds-container-service-0.6.0-SNAPSHOT.jar!/webapps/static,UNAVAILABLE}
2020-06-15 15:40:53,899 [ForkJoinPool.commonPool-worker-1] INFO  handler.ContextHandler (ContextHandler.java:doStop(1016)) - Stopped o.e.j.s.ServletContextHandler@40b1fb0f{logs,/logs,file:///github/workspace/mnt/ozone/hadoop-ozone/integration-test/target/log,UNAVAILABLE}
2020-06-15 15:40:53,900 [Listener at 127.0.0.1/33397] INFO  ozone.MiniOzoneClusterImpl (MiniOzoneClusterImpl.java:stopSCM(476)) - Stopping the StorageContainerManager
2020-06-15 15:40:53,901 [Listener at 127.0.0.1/33397] INFO  server.StorageContainerManager (StorageContainerManager.java:stop(824)) - Stopping Replication Manager Service.
2020-06-15 15:40:53,901 [Listener at 127.0.0.1/33397] INFO  container.ReplicationManager (ReplicationManager.java:stop(217)) - Stopping Replication Monitor Thread.
2020-06-15 15:40:53,901 [Listener at 127.0.0.1/33397] INFO  server.StorageContainerManager (StorageContainerManager.java:stop(831)) - Stopping Lease Manager of the command watchers
2020-06-15 15:40:53,901 [Listener at 127.0.0.1/33397] INFO  server.StorageContainerManager (StorageContainerManager.java:stop(838)) - Stopping datanode service RPC server
2020-06-15 15:40:53,901 [Listener at 127.0.0.1/33397] INFO  server.SCMDatanodeProtocolServer (SCMDatanodeProtocolServer.java:stop(361)) - Stopping the RPC server for DataNodes
2020-06-15 15:40:53,902 [Listener at 127.0.0.1/33397] INFO  ipc.Server (Server.java:stop(3359)) - Stopping server on 39149
2020-06-15 15:40:53,902 [CommandWatcher-LeaseManager#LeaseMonitor] ERROR lease.LeaseManager (LeaseManager.java:run(238)) - Execution was interrupted 
java.lang.InterruptedException: sleep interrupted
	at java.lang.Thread.sleep(Native Method)
	at org.apache.hadoop.ozone.lease.LeaseManager$LeaseMonitor.run(LeaseManager.java:234)
	at java.lang.Thread.run(Thread.java:748)
2020-06-15 15:40:53,905 [IPC Server Responder] INFO  ipc.Server (Server.java:run(1465)) - Stopping IPC Server Responder
2020-06-15 15:40:53,905 [IPC Server listener on 0] INFO  ipc.Server (Server.java:run(1330)) - Stopping IPC Server listener on 0
2020-06-15 15:40:53,936 [SCM Heartbeat Processing Thread - 0] WARN  node.NodeStateManager (NodeStateManager.java:scheduleNextHealthCheck(661)) - Current Thread is interrupted, shutting down HB processing thread for Node Manager.
2020-06-15 15:40:53,936 [Listener at 127.0.0.1/33397] INFO  server.StorageContainerManager (StorageContainerManager.java:stop(846)) - Stopping block service RPC server
2020-06-15 15:40:53,936 [Listener at 127.0.0.1/33397] INFO  server.SCMBlockProtocolServer (SCMBlockProtocolServer.java:stop(158)) - Stopping the RPC server for Block Protocol
2020-06-15 15:40:53,936 [Listener at 127.0.0.1/33397] INFO  ipc.Server (Server.java:stop(3359)) - Stopping server on 42481
2020-06-15 15:40:53,937 [Listener at 127.0.0.1/33397] INFO  server.StorageContainerManager (StorageContainerManager.java:stop(853)) - Stopping the StorageContainerLocationProtocol RPC server
2020-06-15 15:40:53,938 [Listener at 127.0.0.1/33397] INFO  server.SCMClientProtocolServer (SCMClientProtocolServer.java:stop(164)) - Stopping the RPC server for Client Protocol
2020-06-15 15:40:53,938 [Listener at 127.0.0.1/33397] INFO  ipc.Server (Server.java:stop(3359)) - Stopping server on 38639
2020-06-15 15:40:53,938 [IPC Server listener on 0] INFO  ipc.Server (Server.java:run(1330)) - Stopping IPC Server listener on 0
2020-06-15 15:40:53,938 [IPC Server Responder] INFO  ipc.Server (Server.java:run(1465)) - Stopping IPC Server Responder
2020-06-15 15:40:53,940 [Listener at 127.0.0.1/33397] INFO  server.StorageContainerManager (StorageContainerManager.java:stop(860)) - Stopping Storage Container Manager HTTP server.
2020-06-15 15:40:53,940 [IPC Server listener on 0] INFO  ipc.Server (Server.java:run(1330)) - Stopping IPC Server listener on 0
2020-06-15 15:40:53,941 [Listener at 127.0.0.1/33397] INFO  handler.ContextHandler (ContextHandler.java:doStop(1016)) - Stopped o.e.j.w.WebAppContext@5debe378{scm,/,null,UNAVAILABLE}{file:/github/workspace/mnt/ozone/hadoop-ozone/integration-test/target/test-classes/webapps/scm}
2020-06-15 15:40:53,941 [Listener at 127.0.0.1/33397] INFO  server.AbstractConnector (AbstractConnector.java:doStop(380)) - Stopped ServerConnector@5e13ffec{HTTP/1.1,[http/1.1]}{0.0.0.0:0}
2020-06-15 15:40:53,941 [Listener at 127.0.0.1/33397] INFO  server.session (HouseKeeper.java:stopScavenging(158)) - node0 Stopped scavenging
2020-06-15 15:40:53,941 [IPC Server Responder] INFO  ipc.Server (Server.java:run(1465)) - Stopping IPC Server Responder
2020-06-15 15:40:53,942 [Listener at 127.0.0.1/33397] INFO  handler.ContextHandler (ContextHandler.java:doStop(1016)) - Stopped o.e.j.s.ServletContextHandler@16d66642{static,/static,file:///github/workspace/mnt/ozone/hadoop-ozone/integration-test/target/test-classes/webapps/static,UNAVAILABLE}
2020-06-15 15:40:53,942 [Listener at 127.0.0.1/33397] INFO  handler.ContextHandler (ContextHandler.java:doStop(1016)) - Stopped o.e.j.s.ServletContextHandler@26a18b85{logs,/logs,file:///github/workspace/mnt/ozone/hadoop-ozone/integration-test/target/log,UNAVAILABLE}
2020-06-15 15:40:53,944 [Listener at 127.0.0.1/33397] INFO  server.StorageContainerManager (StorageContainerManager.java:stop(871)) - Stopping Block Manager Service.
2020-06-15 15:40:53,944 [Listener at 127.0.0.1/33397] INFO  utils.BackgroundService (BackgroundService.java:shutdown(157)) - Shutting down service SCMBlockDeletingService
2020-06-15 15:40:53,944 [Listener at 127.0.0.1/33397] INFO  utils.BackgroundService (BackgroundService.java:shutdown(157)) - Shutting down service SCMBlockDeletingService
2020-06-15 15:40:53,945 [Listener at 127.0.0.1/33397] INFO  server.StorageContainerManager (StorageContainerManager.java:stop(896)) - Stopping SCM Event Queue.
2020-06-15 15:40:53,950 [Listener at 127.0.0.1/33397] INFO  impl.MetricsSystemImpl (MetricsSystemImpl.java:stop(210)) - Stopping XceiverClientMetrics metrics system...
2020-06-15 15:40:53,960 [prometheus] INFO  impl.MetricsSinkAdapter (MetricsSinkAdapter.java:publishMetricsFromQueue(141)) - prometheus thread interrupted.
2020-06-15 15:40:53,961 [Listener at 127.0.0.1/33397] INFO  impl.MetricsSystemImpl (MetricsSystemImpl.java:stop(216)) - XceiverClientMetrics metrics system stopped.
]]></system-out>
    <system-err><![CDATA[ERROR StatusLogger No Log4j 2 configuration file found. Using default configuration (logging only errors to the console), or user programmatically provided configurations. Set system property 'log4j2.debug' to show Log4j 2 internal initialization logging. See https://logging.apache.org/log4j/2.x/manual/configuration.html for instructions on how to configure Log4j 2
]]></system-err>
  </testcase>
  <testcase name="testMultiBlockWritesWithDnFailures" classname="org.apache.hadoop.ozone.client.rpc.TestMultiBlockWritesWithDnFailures" time="31.921"/>
</testsuite>