<?xml version="1.0" encoding="UTF-8"?>
<testsuite xmlns:xsi="http://www.w3.org/2001/XMLSchema-instance" xsi:noNamespaceSchemaLocation="https://maven.apache.org/surefire/maven-surefire-plugin/xsd/surefire-test-report-3.0.xsd" version="3.0" name="org.apache.hadoop.ozone.om.TestOmAcls" time="31.103" tests="7" errors="0" skipped="0" failures="1">
  <properties>
    <property name="awt.toolkit" value="sun.awt.X11.XToolkit"/>
    <property name="file.encoding.pkg" value="sun.io"/>
    <property name="java.specification.version" value="1.8"/>
    <property name="log4j.configurationFile" value="auditlog.properties"/>
    <property name="sun.cpu.isalist" value=""/>
    <property name="sun.jnu.encoding" value="UTF-8"/>
    <property name="java.class.path" value="/home/runner/work/ozone/ozone/hadoop-ozone/integration-test/target/test-classes:/home/runner/work/ozone/ozone/hadoop-ozone/integration-test/target/classes:/home/runner/.m2/repository/org/apache/ozone/ozone-common/1.4.0-SNAPSHOT/ozone-common-1.4.0-SNAPSHOT.jar:/home/runner/.m2/repository/io/grpc/grpc-netty/1.51.1/grpc-netty-1.51.1.jar:/home/runner/.m2/repository/io/grpc/grpc-core/1.51.1/grpc-core-1.51.1.jar:/home/runner/.m2/repository/com/google/android/annotations/4.1.1.4/annotations-4.1.1.4.jar:/home/runner/.m2/repository/org/codehaus/mojo/animal-sniffer-annotations/1.21/animal-sniffer-annotations-1.21.jar:/home/runner/.m2/repository/com/google/errorprone/error_prone_annotations/2.2.0/error_prone_annotations-2.2.0.jar:/home/runner/.m2/repository/io/perfmark/perfmark-api/0.25.0/perfmark-api-0.25.0.jar:/home/runner/.m2/repository/io/netty/netty-codec-http2/4.1.86.Final/netty-codec-http2-4.1.86.Final.jar:/home/runner/.m2/repository/io/netty/netty-common/4.1.86.Final/netty-common-4.1.86.Final.jar:/home/runner/.m2/repository/io/netty/netty-buffer/4.1.86.Final/netty-buffer-4.1.86.Final.jar:/home/runner/.m2/repository/io/netty/netty-codec-http/4.1.86.Final/netty-codec-http-4.1.86.Final.jar:/home/runner/.m2/repository/io/netty/netty-handler-proxy/4.1.86.Final/netty-handler-proxy-4.1.86.Final.jar:/home/runner/.m2/repository/io/netty/netty-codec-socks/4.1.86.Final/netty-codec-socks-4.1.86.Final.jar:/home/runner/.m2/repository/io/netty/netty-tcnative-boringssl-static/2.0.54.Final/netty-tcnative-boringssl-static-2.0.54.Final.jar:/home/runner/.m2/repository/io/netty/netty-tcnative-classes/2.0.54.Final/netty-tcnative-classes-2.0.54.Final.jar:/home/runner/.m2/repository/io/netty/netty-tcnative-boringssl-static/2.0.54.Final/netty-tcnative-boringssl-static-2.0.54.Final-linux-x86_64.jar:/home/runner/.m2/repository/io/netty/netty-tcnative-boringssl-static/2.0.54.Final/netty-tcnative-boringssl-static-2.0.54.Final-linux-aarch_64.jar:/home/runner/.m2/repository/io/netty/netty-tcnative-boringssl-static/2.0.54.Final/netty-tcnative-boringssl-static-2.0.54.Final-osx-x86_64.jar:/home/runner/.m2/repository/io/netty/netty-tcnative-boringssl-static/2.0.54.Final/netty-tcnative-boringssl-static-2.0.54.Final-osx-aarch_64.jar:/home/runner/.m2/repository/io/netty/netty-tcnative-boringssl-static/2.0.54.Final/netty-tcnative-boringssl-static-2.0.54.Final-windows-x86_64.jar:/home/runner/.m2/repository/org/apache/commons/commons-compress/1.21/commons-compress-1.21.jar:/home/runner/.m2/repository/org/apache/ozone/hdds-common/1.4.0-SNAPSHOT/hdds-common-1.4.0-SNAPSHOT.jar:/home/runner/.m2/repository/org/apache/ozone/hdds-client/1.4.0-SNAPSHOT/hdds-client-1.4.0-SNAPSHOT.jar:/home/runner/.m2/repository/org/apache/ozone/ozone-interface-client/1.4.0-SNAPSHOT/ozone-interface-client-1.4.0-SNAPSHOT.jar:/home/runner/.m2/repository/org/apache/ozone/hdds-test-utils/1.4.0-SNAPSHOT/hdds-test-utils-1.4.0-SNAPSHOT.jar:/home/runner/.m2/repository/com/google/guava/guava/31.1-jre/guava-31.1-jre.jar:/home/runner/.m2/repository/com/google/guava/failureaccess/1.0.1/failureaccess-1.0.1.jar:/home/runner/.m2/repository/com/google/guava/listenablefuture/9999.0-empty-to-avoid-conflict-with-guava/listenablefuture-9999.0-empty-to-avoid-conflict-with-guava.jar:/home/runner/.m2/repository/com/google/code/findbugs/jsr305/3.0.0/jsr305-3.0.0.jar:/home/runner/.m2/repository/org/checkerframework/checker-qual/3.12.0/checker-qual-3.12.0.jar:/home/runner/.m2/repository/com/google/j2objc/j2objc-annotations/1.3/j2objc-annotations-1.3.jar:/home/runner/.m2/repository/commons-io/commons-io/2.11.0/commons-io-2.11.0.jar:/home/runner/.m2/repository/commons-logging/commons-logging/1.2/commons-logging-1.2.jar:/home/runner/.m2/repository/ch/qos/reload4j/reload4j/1.2.22/reload4j-1.2.22.jar:/home/runner/.m2/repository/org/slf4j/slf4j-api/1.7.36/slf4j-api-1.7.36.jar:/home/runner/.m2/repository/org/apache/ozone/hdds-server-scm/1.4.0-SNAPSHOT/hdds-server-scm-1.4.0-SNAPSHOT.jar:/home/runner/.m2/repository/org/apache/ozone/hdds-container-service/1.4.0-SNAPSHOT/hdds-container-service-1.4.0-SNAPSHOT.jar:/home/runner/.m2/repository/org/apache/ozone/hdds-hadoop-dependency-server/1.4.0-SNAPSHOT/hdds-hadoop-dependency-server-1.4.0-SNAPSHOT.jar:/home/runner/.m2/repository/org/apache/hadoop/hadoop-hdfs/3.3.4/hadoop-hdfs-3.3.4.jar:/home/runner/.m2/repository/org/eclipse/jetty/jetty-util-ajax/9.4.49.v20220914/jetty-util-ajax-9.4.49.v20220914.jar:/home/runner/.m2/repository/commons-daemon/commons-daemon/1.0.13/commons-daemon-1.0.13.jar:/home/runner/.m2/repository/org/apache/ozone/hdds-server-framework/1.4.0-SNAPSHOT/hdds-server-framework-1.4.0-SNAPSHOT.jar:/home/runner/.m2/repository/org/apache/ozone/hdds-interface-server/1.4.0-SNAPSHOT/hdds-interface-server-1.4.0-SNAPSHOT.jar:/home/runner/.m2/repository/org/apache/commons/commons-configuration2/2.1.1/commons-configuration2-2.1.1.jar:/home/runner/.m2/repository/org/apache/logging/log4j/log4j-core/2.17.1/log4j-core-2.17.1.jar:/home/runner/.m2/repository/com/lmax/disruptor/3.4.2/disruptor-3.4.2.jar:/home/runner/.m2/repository/org/eclipse/jetty/jetty-servlet/9.4.49.v20220914/jetty-servlet-9.4.49.v20220914.jar:/home/runner/.m2/repository/org/eclipse/jetty/jetty-security/9.4.49.v20220914/jetty-security-9.4.49.v20220914.jar:/home/runner/.m2/repository/org/rocksdb/rocksdbjni/7.7.3/rocksdbjni-7.7.3.jar:/home/runner/.m2/repository/io/prometheus/simpleclient_dropwizard/0.7.0/simpleclient_dropwizard-0.7.0.jar:/home/runner/.m2/repository/io/prometheus/simpleclient/0.7.0/simpleclient-0.7.0.jar:/home/runner/.m2/repository/io/prometheus/simpleclient_common/0.7.0/simpleclient_common-0.7.0.jar:/home/runner/.m2/repository/com/github/spotbugs/spotbugs-annotations/3.1.12/spotbugs-annotations-3.1.12.jar:/home/runner/.m2/repository/io/dropwizard/metrics/metrics-core/3.2.4/metrics-core-3.2.4.jar:/home/runner/.m2/repository/org/apache/commons/commons-text/1.4/commons-text-1.4.jar:/home/runner/.m2/repository/org/apache/hadoop/hadoop-hdfs-client/3.3.4/hadoop-hdfs-client-3.3.4.jar:/home/runner/.m2/repository/com/squareup/okhttp3/okhttp/4.9.3/okhttp-4.9.3.jar:/home/runner/.m2/repository/com/squareup/okio/okio/2.8.0/okio-2.8.0.jar:/home/runner/.m2/repository/org/jetbrains/kotlin/kotlin-stdlib-common/1.6.21/kotlin-stdlib-common-1.6.21.jar:/home/runner/.m2/repository/org/bouncycastle/bcprov-jdk15on/1.67/bcprov-jdk15on-1.67.jar:/home/runner/.m2/repository/com/google/protobuf/protobuf-java/2.5.0/protobuf-java-2.5.0.jar:/home/runner/.m2/repository/org/apache/ozone/ozone-manager/1.4.0-SNAPSHOT/ozone-manager-1.4.0-SNAPSHOT.jar:/home/runner/.m2/repository/org/aspectj/aspectjrt/1.9.7/aspectjrt-1.9.7.jar:/home/runner/.m2/repository/org/aspectj/aspectjweaver/1.9.7/aspectjweaver-1.9.7.jar:/home/runner/.m2/repository/org/apache/ozone/hdds-interface-client/1.4.0-SNAPSHOT/hdds-interface-client-1.4.0-SNAPSHOT.jar:/home/runner/.m2/repository/org/apache/hadoop/thirdparty/hadoop-shaded-protobuf_3_7/1.1.1/hadoop-shaded-protobuf_3_7-1.1.1.jar:/home/runner/.m2/repository/org/apache/ratis/ratis-thirdparty-misc/1.0.3/ratis-thirdparty-misc-1.0.3.jar:/home/runner/.m2/repository/org/apache/ozone/ozone-interface-storage/1.4.0-SNAPSHOT/ozone-interface-storage-1.4.0-SNAPSHOT.jar:/home/runner/.m2/repository/org/reflections/reflections/0.9.11/reflections-0.9.11.jar:/home/runner/.m2/repository/com/sun/jersey/jersey-client/1.19/jersey-client-1.19.jar:/home/runner/.m2/repository/org/apache/ranger/ranger-intg/2.3.0/ranger-intg-2.3.0.jar:/home/runner/.m2/repository/org/apache/ranger/ranger-plugins-common/2.3.0/ranger-plugins-common-2.3.0.jar:/home/runner/.m2/repository/commons-lang/commons-lang/2.6/commons-lang-2.6.jar:/home/runner/.m2/repository/org/codehaus/jackson/jackson-jaxrs/1.9.13/jackson-jaxrs-1.9.13.jar:/home/runner/.m2/repository/org/apache/ranger/ranger-plugins-cred/2.3.0/ranger-plugins-cred-2.3.0.jar:/home/runner/.m2/repository/org/apache/ranger/ranger-plugins-audit/2.3.0/ranger-plugins-audit-2.3.0.jar:/home/runner/.m2/repository/org/eclipse/jetty/jetty-client/9.4.49.v20220914/jetty-client-9.4.49.v20220914.jar:/home/runner/.m2/repository/org/apache/httpcomponents/httpmime/4.5.6/httpmime-4.5.6.jar:/home/runner/.m2/repository/org/apache/httpcomponents/httpcore-nio/4.4.6/httpcore-nio-4.4.6.jar:/home/runner/.m2/repository/org/apache/httpcomponents/httpasyncclient/4.1.3/httpasyncclient-4.1.3.jar:/home/runner/.m2/repository/com/carrotsearch/hppc/0.8.0/hppc-0.8.0.jar:/home/runner/.m2/repository/org/apache/orc/orc-core/1.5.8/orc-core-1.5.8.jar:/home/runner/.m2/repository/net/java/dev/jna/jna/5.2.0/jna-5.2.0.jar:/home/runner/.m2/repository/net/java/dev/jna/jna-platform/5.2.0/jna-platform-5.2.0.jar:/home/runner/.m2/repository/com/kstruct/gethostname4j/0.0.2/gethostname4j-0.0.2.jar:/home/runner/.m2/repository/org/apache/ranger/ranger-plugin-classloader/2.3.0/ranger-plugin-classloader-2.3.0.jar:/home/runner/.m2/repository/org/apache/hadoop/hadoop-minikdc/3.3.4/hadoop-minikdc-3.3.4.jar:/home/runner/.m2/repository/org/apache/kerby/kerb-simplekdc/1.0.1/kerb-simplekdc-1.0.1.jar:/home/runner/.m2/repository/org/apache/kerby/kerb-client/1.0.1/kerb-client-1.0.1.jar:/home/runner/.m2/repository/org/apache/kerby/kerby-config/1.0.1/kerby-config-1.0.1.jar:/home/runner/.m2/repository/org/apache/kerby/kerb-common/1.0.1/kerb-common-1.0.1.jar:/home/runner/.m2/repository/org/apache/kerby/kerb-crypto/1.0.1/kerb-crypto-1.0.1.jar:/home/runner/.m2/repository/org/apache/kerby/kerb-util/1.0.1/kerb-util-1.0.1.jar:/home/runner/.m2/repository/org/apache/kerby/token-provider/1.0.1/token-provider-1.0.1.jar:/home/runner/.m2/repository/org/apache/kerby/kerb-admin/1.0.1/kerb-admin-1.0.1.jar:/home/runner/.m2/repository/org/apache/kerby/kerb-server/1.0.1/kerb-server-1.0.1.jar:/home/runner/.m2/repository/org/apache/kerby/kerb-identity/1.0.1/kerb-identity-1.0.1.jar:/home/runner/.m2/repository/org/apache/kerby/kerby-xdr/1.0.1/kerby-xdr-1.0.1.jar:/home/runner/.m2/repository/org/apache/ozone/ozone-s3gateway/1.4.0-SNAPSHOT/ozone-s3gateway-1.4.0-SNAPSHOT.jar:/home/runner/.m2/repository/org/javassist/javassist/3.21.0-GA/javassist-3.21.0-GA.jar:/home/runner/.m2/repository/org/jboss/weld/servlet/weld-servlet/2.4.7.Final/weld-servlet-2.4.7.Final.jar:/home/runner/.m2/repository/org/glassfish/jersey/containers/jersey-container-servlet-core/2.34/jersey-container-servlet-core-2.34.jar:/home/runner/.m2/repository/org/glassfish/hk2/external/jakarta.inject/2.6.1/jakarta.inject-2.6.1.jar:/home/runner/.m2/repository/org/glassfish/jersey/core/jersey-common/2.34/jersey-common-2.34.jar:/home/runner/.m2/repository/jakarta/ws/rs/jakarta.ws.rs-api/2.1.6/jakarta.ws.rs-api-2.1.6.jar:/home/runner/.m2/repository/org/glassfish/jersey/ext/cdi/jersey-cdi1x/2.34/jersey-cdi1x-2.34.jar:/home/runner/.m2/repository/org/glassfish/jersey/inject/jersey-hk2/2.34/jersey-hk2-2.34.jar:/home/runner/.m2/repository/org/glassfish/hk2/hk2-locator/2.6.1/hk2-locator-2.6.1.jar:/home/runner/.m2/repository/org/glassfish/jersey/media/jersey-media-jaxb/2.34/jersey-media-jaxb-2.34.jar:/home/runner/.m2/repository/org/glassfish/hk2/osgi-resource-locator/1.0.3/osgi-resource-locator-1.0.3.jar:/home/runner/.m2/repository/org/glassfish/hk2/hk2-api/2.5.0/hk2-api-2.5.0.jar:/home/runner/.m2/repository/org/glassfish/hk2/hk2-utils/2.5.0/hk2-utils-2.5.0.jar:/home/runner/.m2/repository/org/glassfish/hk2/external/aopalliance-repackaged/2.5.0/aopalliance-repackaged-2.5.0.jar:/home/runner/.m2/repository/com/fasterxml/jackson/dataformat/jackson-dataformat-xml/2.13.4/jackson-dataformat-xml-2.13.4.jar:/home/runner/.m2/repository/com/fasterxml/jackson/core/jackson-core/2.13.4/jackson-core-2.13.4.jar:/home/runner/.m2/repository/org/codehaus/woodstox/stax2-api/4.2.1/stax2-api-4.2.1.jar:/home/runner/.m2/repository/com/fasterxml/woodstox/woodstox-core/5.4.0/woodstox-core-5.4.0.jar:/home/runner/.m2/repository/com/fasterxml/jackson/module/jackson-module-jaxb-annotations/2.13.4/jackson-module-jaxb-annotations-2.13.4.jar:/home/runner/.m2/repository/jakarta/xml/bind/jakarta.xml.bind-api/2.3.3/jakarta.xml.bind-api-2.3.3.jar:/home/runner/.m2/repository/jakarta/activation/jakarta.activation-api/1.2.2/jakarta.activation-api-1.2.2.jar:/home/runner/.m2/repository/javax/enterprise/cdi-api/1.2/cdi-api-1.2.jar:/home/runner/.m2/repository/javax/el/javax.el-api/3.0.0/javax.el-api-3.0.0.jar:/home/runner/.m2/repository/javax/interceptor/javax.interceptor-api/1.2/javax.interceptor-api-1.2.jar:/home/runner/.m2/repository/javax/inject/javax.inject/1/javax.inject-1.jar:/home/runner/.m2/repository/javax/xml/bind/jaxb-api/2.3.0/jaxb-api-2.3.0.jar:/home/runner/.m2/repository/org/glassfish/jaxb/jaxb-runtime/2.3.0.1/jaxb-runtime-2.3.0.1.jar:/home/runner/.m2/repository/org/glassfish/jaxb/jaxb-core/2.3.0.1/jaxb-core-2.3.0.1.jar:/home/runner/.m2/repository/org/glassfish/jaxb/txw2/2.3.0.1/txw2-2.3.0.1.jar:/home/runner/.m2/repository/com/sun/istack/istack-commons-runtime/3.0.5/istack-commons-runtime-3.0.5.jar:/home/runner/.m2/repository/org/jvnet/staxex/stax-ex/1.7.8/stax-ex-1.7.8.jar:/home/runner/.m2/repository/com/sun/xml/fastinfoset/FastInfoset/1.2.13/FastInfoset-1.2.13.jar:/home/runner/.m2/repository/javax/activation/activation/1.1.1/activation-1.1.1.jar:/home/runner/.m2/repository/io/grpc/grpc-protobuf/1.51.1/grpc-protobuf-1.51.1.jar:/home/runner/.m2/repository/io/grpc/grpc-api/1.51.1/grpc-api-1.51.1.jar:/home/runner/.m2/repository/io/grpc/grpc-context/1.51.1/grpc-context-1.51.1.jar:/home/runner/.m2/repository/com/google/api/grpc/proto-google-common-protos/2.9.0/proto-google-common-protos-2.9.0.jar:/home/runner/.m2/repository/io/grpc/grpc-protobuf-lite/1.51.1/grpc-protobuf-lite-1.51.1.jar:/home/runner/.m2/repository/io/grpc/grpc-stub/1.51.1/grpc-stub-1.51.1.jar:/home/runner/.m2/repository/io/netty/netty-transport/4.1.86.Final/netty-transport-4.1.86.Final.jar:/home/runner/.m2/repository/io/netty/netty-resolver/4.1.86.Final/netty-resolver-4.1.86.Final.jar:/home/runner/.m2/repository/org/apache/ozone/ozone-csi/1.4.0-SNAPSHOT/ozone-csi-1.4.0-SNAPSHOT.jar:/home/runner/.m2/repository/com/google/protobuf/protobuf-java-util/3.19.6/protobuf-java-util-3.19.6.jar:/home/runner/.m2/repository/com/google/code/gson/gson/2.9.0/gson-2.9.0.jar:/home/runner/.m2/repository/org/apache/ozone/hdds-config/1.4.0-SNAPSHOT/hdds-config-1.4.0-SNAPSHOT.jar:/home/runner/.m2/repository/io/netty/netty-transport-native-epoll/4.1.86.Final/netty-transport-native-epoll-4.1.86.Final-linux-x86_64.jar:/home/runner/.m2/repository/io/netty/netty-transport-classes-epoll/4.1.86.Final/netty-transport-classes-epoll-4.1.86.Final.jar:/home/runner/.m2/repository/io/netty/netty-transport-native-unix-common/4.1.86.Final/netty-transport-native-unix-common-4.1.86.Final.jar:/home/runner/.m2/repository/org/slf4j/slf4j-reload4j/1.7.36/slf4j-reload4j-1.7.36.jar:/home/runner/.m2/repository/org/apache/ozone/ozone-recon/1.4.0-SNAPSHOT/ozone-recon-1.4.0-SNAPSHOT.jar:/home/runner/.m2/repository/org/apache/ozone/ozone-reconcodegen/1.4.0-SNAPSHOT/ozone-reconcodegen-1.4.0-SNAPSHOT.jar:/home/runner/.m2/repository/com/google/inject/extensions/guice-multibindings/4.0/guice-multibindings-4.0.jar:/home/runner/.m2/repository/com/google/inject/guice/4.0/guice-4.0.jar:/home/runner/.m2/repository/aopalliance/aopalliance/1.0/aopalliance-1.0.jar:/home/runner/.m2/repository/com/google/inject/extensions/guice-assistedinject/4.0/guice-assistedinject-4.0.jar:/home/runner/.m2/repository/com/google/inject/extensions/guice-servlet/4.0/guice-servlet-4.0.jar:/home/runner/.m2/repository/org/glassfish/jersey/containers/jersey-container-servlet/2.34/jersey-container-servlet-2.34.jar:/home/runner/.m2/repository/org/glassfish/hk2/guice-bridge/2.5.0/guice-bridge-2.5.0.jar:/home/runner/.m2/repository/org/glassfish/jersey/core/jersey-server/2.34/jersey-server-2.34.jar:/home/runner/.m2/repository/org/glassfish/jersey/core/jersey-client/2.34/jersey-client-2.34.jar:/home/runner/.m2/repository/jakarta/annotation/jakarta.annotation-api/1.3.5/jakarta.annotation-api-1.3.5.jar:/home/runner/.m2/repository/jakarta/validation/jakarta.validation-api/2.0.2/jakarta.validation-api-2.0.2.jar:/home/runner/.m2/repository/org/glassfish/jersey/media/jersey-media-json-jackson/2.34/jersey-media-json-jackson-2.34.jar:/home/runner/.m2/repository/org/glassfish/jersey/ext/jersey-entity-filtering/2.34/jersey-entity-filtering-2.34.jar:/home/runner/.m2/repository/org/jooq/jooq/3.11.10/jooq-3.11.10.jar:/home/runner/.m2/repository/org/jooq/jooq-meta/3.11.10/jooq-meta-3.11.10.jar:/home/runner/.m2/repository/org/jooq/jooq-codegen/3.11.10/jooq-codegen-3.11.10.jar:/home/runner/.m2/repository/com/jolbox/bonecp/0.8.0.RELEASE/bonecp-0.8.0.RELEASE.jar:/home/runner/.m2/repository/org/apache/derby/derby/10.14.2.0/derby-10.14.2.0.jar:/home/runner/.m2/repository/org/xerial/sqlite-jdbc/3.25.2/sqlite-jdbc-3.25.2.jar:/home/runner/.m2/repository/org/springframework/spring-jdbc/5.3.23/spring-jdbc-5.3.23.jar:/home/runner/.m2/repository/org/springframework/spring-beans/5.3.23/spring-beans-5.3.23.jar:/home/runner/.m2/repository/org/springframework/spring-core/5.3.23/spring-core-5.3.23.jar:/home/runner/.m2/repository/org/springframework/spring-jcl/5.3.23/spring-jcl-5.3.23.jar:/home/runner/.m2/repository/org/springframework/spring-tx/5.3.23/spring-tx-5.3.23.jar:/home/runner/.m2/repository/org/apache/ozone/ozone-client/1.4.0-SNAPSHOT/ozone-client-1.4.0-SNAPSHOT.jar:/home/runner/.m2/repository/org/apache/ozone/hdds-erasurecode/1.4.0-SNAPSHOT/hdds-erasurecode-1.4.0-SNAPSHOT.jar:/home/runner/.m2/repository/org/apache/ozone/ozone-filesystem/1.4.0-SNAPSHOT/ozone-filesystem-1.4.0-SNAPSHOT.jar:/home/runner/.m2/repository/org/apache/ozone/ozone-filesystem-common/1.4.0-SNAPSHOT/ozone-filesystem-common-1.4.0-SNAPSHOT.jar:/home/runner/.m2/repository/org/apache/ozone/ozone-tools/1.4.0-SNAPSHOT/ozone-tools-1.4.0-SNAPSHOT.jar:/home/runner/.m2/repository/com/amazonaws/aws-java-sdk-core/1.12.261/aws-java-sdk-core-1.12.261.jar:/home/runner/.m2/repository/org/apache/httpcomponents/httpclient/4.5.13/httpclient-4.5.13.jar:/home/runner/.m2/repository/org/apache/httpcomponents/httpcore/4.4.13/httpcore-4.4.13.jar:/home/runner/.m2/repository/software/amazon/ion/ion-java/1.0.2/ion-java-1.0.2.jar:/home/runner/.m2/repository/com/fasterxml/jackson/dataformat/jackson-dataformat-cbor/2.13.4/jackson-dataformat-cbor-2.13.4.jar:/home/runner/.m2/repository/joda-time/joda-time/2.10.6/joda-time-2.10.6.jar:/home/runner/.m2/repository/com/amazonaws/aws-java-sdk-s3/1.12.261/aws-java-sdk-s3-1.12.261.jar:/home/runner/.m2/repository/com/amazonaws/aws-java-sdk-kms/1.12.261/aws-java-sdk-kms-1.12.261.jar:/home/runner/.m2/repository/com/amazonaws/jmespath-java/1.12.261/jmespath-java-1.12.261.jar:/home/runner/.m2/repository/org/kohsuke/metainf-services/metainf-services/1.8/metainf-services-1.8.jar:/home/runner/.m2/repository/org/apache/ozone/hdds-tools/1.4.0-SNAPSHOT/hdds-tools-1.4.0-SNAPSHOT.jar:/home/runner/.m2/repository/org/apache/ratis/ratis-tools/2.4.2-8b8bdda-SNAPSHOT/ratis-tools-2.4.2-8b8bdda-SNAPSHOT.jar:/home/runner/.m2/repository/org/apache/ratis/ratis-proto/2.4.2-8b8bdda-SNAPSHOT/ratis-proto-2.4.2-8b8bdda-SNAPSHOT.jar:/home/runner/.m2/repository/org/apache/ratis/ratis-common/2.4.2-8b8bdda-SNAPSHOT/ratis-common-2.4.2-8b8bdda-SNAPSHOT.jar:/home/runner/.m2/repository/commons-cli/commons-cli/1.2/commons-cli-1.2.jar:/home/runner/.m2/repository/org/apache/commons/commons-lang3/3.7/commons-lang3-3.7.jar:/home/runner/.m2/repository/org/apache/ozone/ozone-manager/1.4.0-SNAPSHOT/ozone-manager-1.4.0-SNAPSHOT-tests.jar:/home/runner/.m2/repository/org/apache/ozone/hdds-common/1.4.0-SNAPSHOT/hdds-common-1.4.0-SNAPSHOT-tests.jar:/home/runner/.m2/repository/org/apache/ozone/hdds-hadoop-dependency-client/1.4.0-SNAPSHOT/hdds-hadoop-dependency-client-1.4.0-SNAPSHOT.jar:/home/runner/.m2/repository/info/picocli/picocli/4.6.1/picocli-4.6.1.jar:/home/runner/.m2/repository/com/fasterxml/jackson/core/jackson-annotations/2.13.4/jackson-annotations-2.13.4.jar:/home/runner/.m2/repository/com/fasterxml/jackson/datatype/jackson-datatype-jsr310/2.13.4/jackson-datatype-jsr310-2.13.4.jar:/home/runner/.m2/repository/org/apache/ozone/hdds-annotation-processing/1.4.0-SNAPSHOT/hdds-annotation-processing-1.4.0-SNAPSHOT.jar:/home/runner/.m2/repository/javax/annotation/javax.annotation-api/1.2/javax.annotation-api-1.2.jar:/home/runner/.m2/repository/org/apache/ratis/ratis-server/2.4.2-8b8bdda-SNAPSHOT/ratis-server-2.4.2-8b8bdda-SNAPSHOT.jar:/home/runner/.m2/repository/org/apache/ratis/ratis-client/2.4.2-8b8bdda-SNAPSHOT/ratis-client-2.4.2-8b8bdda-SNAPSHOT.jar:/home/runner/.m2/repository/org/apache/ratis/ratis-server-api/2.4.2-8b8bdda-SNAPSHOT/ratis-server-api-2.4.2-8b8bdda-SNAPSHOT.jar:/home/runner/.m2/repository/org/apache/ratis/ratis-metrics/2.4.2-8b8bdda-SNAPSHOT/ratis-metrics-2.4.2-8b8bdda-SNAPSHOT.jar:/home/runner/.m2/repository/org/apache/ratis/ratis-netty/2.4.2-8b8bdda-SNAPSHOT/ratis-netty-2.4.2-8b8bdda-SNAPSHOT.jar:/home/runner/.m2/repository/org/apache/ratis/ratis-grpc/2.4.2-8b8bdda-SNAPSHOT/ratis-grpc-2.4.2-8b8bdda-SNAPSHOT.jar:/home/runner/.m2/repository/org/apache/logging/log4j/log4j-api/2.17.1/log4j-api-2.17.1.jar:/home/runner/.m2/repository/org/apache/commons/commons-pool2/2.6.0/commons-pool2-2.6.0.jar:/home/runner/.m2/repository/org/bouncycastle/bcpkix-jdk15on/1.67/bcpkix-jdk15on-1.67.jar:/home/runner/.m2/repository/commons-validator/commons-validator/1.6/commons-validator-1.6.jar:/home/runner/.m2/repository/commons-beanutils/commons-beanutils/1.9.4/commons-beanutils-1.9.4.jar:/home/runner/.m2/repository/commons-digester/commons-digester/1.8.1/commons-digester-1.8.1.jar:/home/runner/.m2/repository/commons-collections/commons-collections/3.2.2/commons-collections-3.2.2.jar:/home/runner/.m2/repository/io/jaegertracing/jaeger-client/1.6.0/jaeger-client-1.6.0.jar:/home/runner/.m2/repository/io/jaegertracing/jaeger-thrift/1.6.0/jaeger-thrift-1.6.0.jar:/home/runner/.m2/repository/org/apache/thrift/libthrift/0.14.1/libthrift-0.14.1.jar:/home/runner/.m2/repository/io/jaegertracing/jaeger-core/1.6.0/jaeger-core-1.6.0.jar:/home/runner/.m2/repository/io/jaegertracing/jaeger-tracerresolver/1.6.0/jaeger-tracerresolver-1.6.0.jar:/home/runner/.m2/repository/io/opentracing/contrib/opentracing-tracerresolver/0.1.8/opentracing-tracerresolver-0.1.8.jar:/home/runner/.m2/repository/org/jetbrains/kotlin/kotlin-stdlib/1.6.21/kotlin-stdlib-1.6.21.jar:/home/runner/.m2/repository/org/jetbrains/annotations/13.0/annotations-13.0.jar:/home/runner/.m2/repository/io/opentracing/opentracing-util/0.33.0/opentracing-util-0.33.0.jar:/home/runner/.m2/repository/io/opentracing/opentracing-api/0.33.0/opentracing-api-0.33.0.jar:/home/runner/.m2/repository/io/opentracing/opentracing-noop/0.33.0/opentracing-noop-0.33.0.jar:/home/runner/.m2/repository/org/yaml/snakeyaml/1.33/snakeyaml-1.33.jar:/home/runner/.m2/repository/org/apache/ozone/hdds-interface-admin/1.4.0-SNAPSHOT/hdds-interface-admin-1.4.0-SNAPSHOT.jar:/home/runner/.m2/repository/junit/junit/4.13.1/junit-4.13.1.jar:/home/runner/.m2/repository/org/hamcrest/hamcrest-core/1.3/hamcrest-core-1.3.jar:/home/runner/.m2/repository/org/junit/jupiter/junit-jupiter-api/5.8.2/junit-jupiter-api-5.8.2.jar:/home/runner/.m2/repository/org/opentest4j/opentest4j/1.2.0/opentest4j-1.2.0.jar:/home/runner/.m2/repository/org/junit/platform/junit-platform-commons/1.8.2/junit-platform-commons-1.8.2.jar:/home/runner/.m2/repository/org/apiguardian/apiguardian-api/1.1.2/apiguardian-api-1.1.2.jar:/home/runner/.m2/repository/org/junit/jupiter/junit-jupiter-params/5.8.2/junit-jupiter-params-5.8.2.jar:/home/runner/.m2/repository/org/junit/jupiter/junit-jupiter-migrationsupport/5.8.2/junit-jupiter-migrationsupport-5.8.2.jar:/home/runner/.m2/repository/org/junit/jupiter/junit-jupiter-engine/5.8.2/junit-jupiter-engine-5.8.2.jar:/home/runner/.m2/repository/org/junit/platform/junit-platform-engine/1.8.2/junit-platform-engine-1.8.2.jar:/home/runner/.m2/repository/org/junit/vintage/junit-vintage-engine/5.8.2/junit-vintage-engine-5.8.2.jar:/home/runner/.m2/repository/org/junit/platform/junit-platform-launcher/1.8.2/junit-platform-launcher-1.8.2.jar:/home/runner/.m2/repository/org/mockito/mockito-core/2.28.2/mockito-core-2.28.2.jar:/home/runner/.m2/repository/net/bytebuddy/byte-buddy/1.9.10/byte-buddy-1.9.10.jar:/home/runner/.m2/repository/net/bytebuddy/byte-buddy-agent/1.9.10/byte-buddy-agent-1.9.10.jar:/home/runner/.m2/repository/org/objenesis/objenesis/1.0/objenesis-1.0.jar:/home/runner/.m2/repository/org/apache/hadoop/hadoop-kms/3.3.4/hadoop-kms-3.3.4.jar:/home/runner/.m2/repository/org/apache/hadoop/hadoop-auth/3.3.4/hadoop-auth-3.3.4.jar:/home/runner/.m2/repository/com/nimbusds/nimbus-jose-jwt/9.8.1/nimbus-jose-jwt-9.8.1.jar:/home/runner/.m2/repository/com/github/stephenc/jcip/jcip-annotations/1.0-1/jcip-annotations-1.0-1.jar:/home/runner/.m2/repository/net/minidev/json-smart/2.4.7/json-smart-2.4.7.jar:/home/runner/.m2/repository/net/minidev/accessors-smart/2.4.7/accessors-smart-2.4.7.jar:/home/runner/.m2/repository/org/ow2/asm/asm/5.0.4/asm-5.0.4.jar:/home/runner/.m2/repository/org/apache/zookeeper/zookeeper/3.5.6/zookeeper-3.5.6.jar:/home/runner/.m2/repository/org/apache/zookeeper/zookeeper-jute/3.5.6/zookeeper-jute-3.5.6.jar:/home/runner/.m2/repository/org/apache/yetus/audience-annotations/0.5.0/audience-annotations-0.5.0.jar:/home/runner/.m2/repository/org/apache/curator/curator-framework/4.2.0/curator-framework-4.2.0.jar:/home/runner/.m2/repository/org/apache/hadoop/thirdparty/hadoop-shaded-guava/1.1.1/hadoop-shaded-guava-1.1.1.jar:/home/runner/.m2/repository/com/sun/jersey/jersey-core/1.19/jersey-core-1.19.jar:/home/runner/.m2/repository/javax/ws/rs/jsr311-api/1.1.1/jsr311-api-1.1.1.jar:/home/runner/.m2/repository/com/sun/jersey/jersey-server/1.19/jersey-server-1.19.jar:/home/runner/.m2/repository/javax/servlet/javax.servlet-api/3.1.0/javax.servlet-api-3.1.0.jar:/home/runner/.m2/repository/org/eclipse/jetty/jetty-server/9.4.49.v20220914/jetty-server-9.4.49.v20220914.jar:/home/runner/.m2/repository/org/eclipse/jetty/jetty-http/9.4.49.v20220914/jetty-http-9.4.49.v20220914.jar:/home/runner/.m2/repository/org/eclipse/jetty/jetty-io/9.4.49.v20220914/jetty-io-9.4.49.v20220914.jar:/home/runner/.m2/repository/org/eclipse/jetty/jetty-webapp/9.4.49.v20220914/jetty-webapp-9.4.49.v20220914.jar:/home/runner/.m2/repository/org/eclipse/jetty/jetty-xml/9.4.49.v20220914/jetty-xml-9.4.49.v20220914.jar:/home/runner/.m2/repository/org/apache/hadoop/hadoop-common/3.3.4/hadoop-common-3.3.4.jar:/home/runner/.m2/repository/org/apache/commons/commons-math3/3.1.1/commons-math3-3.1.1.jar:/home/runner/.m2/repository/commons-net/commons-net/3.9.0/commons-net-3.9.0.jar:/home/runner/.m2/repository/com/sun/jersey/jersey-servlet/1.19/jersey-servlet-1.19.jar:/home/runner/.m2/repository/com/sun/jersey/jersey-json/1.19/jersey-json-1.19.jar:/home/runner/.m2/repository/org/codehaus/jettison/jettison/1.1/jettison-1.1.jar:/home/runner/.m2/repository/com/sun/xml/bind/jaxb-impl/2.2.3-1/jaxb-impl-2.2.3-1.jar:/home/runner/.m2/repository/org/codehaus/jackson/jackson-xc/1.9.2/jackson-xc-1.9.2.jar:/home/runner/.m2/repository/com/google/re2j/re2j/1.1/re2j-1.1.jar:/home/runner/.m2/repository/com/jcraft/jsch/0.1.54/jsch-0.1.54.jar:/home/runner/.m2/repository/org/apache/curator/curator-client/4.2.0/curator-client-4.2.0.jar:/home/runner/.m2/repository/org/apache/curator/curator-recipes/4.2.0/curator-recipes-4.2.0.jar:/home/runner/.m2/repository/org/apache/kerby/kerb-core/1.0.1/kerb-core-1.0.1.jar:/home/runner/.m2/repository/org/apache/kerby/kerby-pkix/1.0.1/kerby-pkix-1.0.1.jar:/home/runner/.m2/repository/org/apache/kerby/kerby-asn1/1.0.1/kerby-asn1-1.0.1.jar:/home/runner/.m2/repository/org/apache/kerby/kerby-util/1.0.1/kerby-util-1.0.1.jar:/home/runner/.m2/repository/dnsjava/dnsjava/2.1.7/dnsjava-2.1.7.jar:/home/runner/.m2/repository/org/xerial/snappy/snappy-java/1.1.8.2/snappy-java-1.1.8.2.jar:/home/runner/.m2/repository/org/eclipse/jetty/jetty-util/9.4.49.v20220914/jetty-util-9.4.49.v20220914.jar:/home/runner/.m2/repository/com/fasterxml/jackson/core/jackson-databind/2.13.4.2/jackson-databind-2.13.4.2.jar:/home/runner/.m2/repository/org/apache/hadoop/hadoop-kms/3.3.4/hadoop-kms-3.3.4-tests.jar:/home/runner/.m2/repository/org/apache/ozone/hdds-server-scm/1.4.0-SNAPSHOT/hdds-server-scm-1.4.0-SNAPSHOT-tests.jar:/home/runner/.m2/repository/org/apache/ozone/hdds-container-service/1.4.0-SNAPSHOT/hdds-container-service-1.4.0-SNAPSHOT-tests.jar:/home/runner/.m2/repository/com/github/luben/zstd-jni/1.5.2-5/zstd-jni-1.5.2-5.jar:/home/runner/.m2/repository/commons-codec/commons-codec/1.15/commons-codec-1.15.jar:/home/runner/.m2/repository/io/netty/netty-codec/4.1.86.Final/netty-codec-4.1.86.Final.jar:/home/runner/.m2/repository/io/netty/netty-handler/4.1.86.Final/netty-handler-4.1.86.Final.jar:/home/runner/.m2/repository/org/apache/ozone/hdds-hadoop-dependency-test/1.4.0-SNAPSHOT/hdds-hadoop-dependency-test-1.4.0-SNAPSHOT.jar:/home/runner/.m2/repository/org/apache/hadoop/hadoop-common/3.3.4/hadoop-common-3.3.4-tests.jar:/home/runner/.m2/repository/org/apache/hadoop/hadoop-hdfs/3.3.4/hadoop-hdfs-3.3.4-tests.jar:/home/runner/.m2/repository/org/assertj/assertj-core/3.12.2/assertj-core-3.12.2.jar:/home/runner/.m2/repository/org/apache/hadoop/hadoop-distcp/3.3.4/hadoop-distcp-3.3.4.jar:/home/runner/.m2/repository/org/apache/hadoop/hadoop-mapreduce-client-jobclient/3.3.4/hadoop-mapreduce-client-jobclient-3.3.4.jar:/home/runner/.m2/repository/org/apache/hadoop/hadoop-mapreduce-client-common/3.3.4/hadoop-mapreduce-client-common-3.3.4.jar:/home/runner/.m2/repository/org/apache/hadoop/hadoop-yarn-common/3.3.4/hadoop-yarn-common-3.3.4.jar:/home/runner/.m2/repository/org/apache/hadoop/hadoop-yarn-api/3.3.4/hadoop-yarn-api-3.3.4.jar:/home/runner/.m2/repository/com/sun/jersey/contribs/jersey-guice/1.19/jersey-guice-1.19.jar:/home/runner/.m2/repository/com/fasterxml/jackson/jaxrs/jackson-jaxrs-json-provider/2.13.4/jackson-jaxrs-json-provider-2.13.4.jar:/home/runner/.m2/repository/com/fasterxml/jackson/jaxrs/jackson-jaxrs-base/2.13.4/jackson-jaxrs-base-2.13.4.jar:/home/runner/.m2/repository/org/apache/hadoop/hadoop-yarn-client/3.3.4/hadoop-yarn-client-3.3.4.jar:/home/runner/.m2/repository/org/eclipse/jetty/websocket/websocket-client/9.4.43.v20210629/websocket-client-9.4.43.v20210629.jar:/home/runner/.m2/repository/org/eclipse/jetty/websocket/websocket-common/9.4.43.v20210629/websocket-common-9.4.43.v20210629.jar:/home/runner/.m2/repository/org/eclipse/jetty/websocket/websocket-api/9.4.43.v20210629/websocket-api-9.4.43.v20210629.jar:/home/runner/.m2/repository/org/jline/jline/3.9.0/jline-3.9.0.jar:/home/runner/.m2/repository/org/apache/hadoop/hadoop-mapreduce-client-core/3.3.4/hadoop-mapreduce-client-core-3.3.4.jar:/home/runner/.m2/repository/org/apache/avro/avro/1.7.7/avro-1.7.7.jar:/home/runner/.m2/repository/org/codehaus/jackson/jackson-core-asl/1.9.13/jackson-core-asl-1.9.13.jar:/home/runner/.m2/repository/org/codehaus/jackson/jackson-mapper-asl/1.9.13/jackson-mapper-asl-1.9.13.jar:/home/runner/.m2/repository/com/thoughtworks/paranamer/paranamer/2.3/paranamer-2.3.jar:/home/runner/.m2/repository/org/apache/hadoop/hadoop-annotations/3.3.4/hadoop-annotations-3.3.4.jar:/usr/lib/jvm/temurin-8-jdk-amd64/jre/../lib/tools.jar:/home/runner/.m2/repository/io/netty/netty/3.10.6.Final/netty-3.10.6.Final.jar:/home/runner/.m2/repository/org/apache/hadoop/hadoop-distcp/3.3.4/hadoop-distcp-3.3.4-tests.jar:/home/runner/.m2/repository/org/slf4j/jul-to-slf4j/1.7.36/jul-to-slf4j-1.7.36.jar:"/>
    <property name="java.vm.vendor" value="Temurin"/>
    <property name="sun.arch.data.model" value="64"/>
    <property name="test.build.dir" value="/home/runner/work/ozone/ozone/hadoop-ozone/integration-test/target/test-dir"/>
    <property name="test.cache.data" value=""/>
    <property name="java.vendor.url" value="https://adoptium.net/"/>
    <property name="user.timezone" value="Etc/UTC"/>
    <property name="java.vm.specification.version" value="1.8"/>
    <property name="os.name" value="Linux"/>
    <property name="test.build.data" value="/home/runner/work/ozone/ozone/hadoop-ozone/integration-test/target/test-dir"/>
    <property name="sun.java.launcher" value="SUN_STANDARD"/>
    <property name="sun.boot.library.path" value="/usr/lib/jvm/temurin-8-jdk-amd64/jre/lib/amd64"/>
    <property name="sun.java.command" value="/home/runner/work/ozone/ozone/hadoop-ozone/integration-test/target/surefire/surefirebooter3290632889379732817.jar /home/runner/work/ozone/ozone/hadoop-ozone/integration-test/target/surefire 2023-02-01T18-26-41_325-jvmRun1 surefire2116390099151550928tmp surefire_264323374700302626398tmp"/>
    <property name="surefire.test.class.path" value="/home/runner/work/ozone/ozone/hadoop-ozone/integration-test/target/test-classes:/home/runner/work/ozone/ozone/hadoop-ozone/integration-test/target/classes:/home/runner/.m2/repository/org/apache/ozone/ozone-common/1.4.0-SNAPSHOT/ozone-common-1.4.0-SNAPSHOT.jar:/home/runner/.m2/repository/io/grpc/grpc-netty/1.51.1/grpc-netty-1.51.1.jar:/home/runner/.m2/repository/io/grpc/grpc-core/1.51.1/grpc-core-1.51.1.jar:/home/runner/.m2/repository/com/google/android/annotations/4.1.1.4/annotations-4.1.1.4.jar:/home/runner/.m2/repository/org/codehaus/mojo/animal-sniffer-annotations/1.21/animal-sniffer-annotations-1.21.jar:/home/runner/.m2/repository/com/google/errorprone/error_prone_annotations/2.2.0/error_prone_annotations-2.2.0.jar:/home/runner/.m2/repository/io/perfmark/perfmark-api/0.25.0/perfmark-api-0.25.0.jar:/home/runner/.m2/repository/io/netty/netty-codec-http2/4.1.86.Final/netty-codec-http2-4.1.86.Final.jar:/home/runner/.m2/repository/io/netty/netty-common/4.1.86.Final/netty-common-4.1.86.Final.jar:/home/runner/.m2/repository/io/netty/netty-buffer/4.1.86.Final/netty-buffer-4.1.86.Final.jar:/home/runner/.m2/repository/io/netty/netty-codec-http/4.1.86.Final/netty-codec-http-4.1.86.Final.jar:/home/runner/.m2/repository/io/netty/netty-handler-proxy/4.1.86.Final/netty-handler-proxy-4.1.86.Final.jar:/home/runner/.m2/repository/io/netty/netty-codec-socks/4.1.86.Final/netty-codec-socks-4.1.86.Final.jar:/home/runner/.m2/repository/io/netty/netty-tcnative-boringssl-static/2.0.54.Final/netty-tcnative-boringssl-static-2.0.54.Final.jar:/home/runner/.m2/repository/io/netty/netty-tcnative-classes/2.0.54.Final/netty-tcnative-classes-2.0.54.Final.jar:/home/runner/.m2/repository/io/netty/netty-tcnative-boringssl-static/2.0.54.Final/netty-tcnative-boringssl-static-2.0.54.Final-linux-x86_64.jar:/home/runner/.m2/repository/io/netty/netty-tcnative-boringssl-static/2.0.54.Final/netty-tcnative-boringssl-static-2.0.54.Final-linux-aarch_64.jar:/home/runner/.m2/repository/io/netty/netty-tcnative-boringssl-static/2.0.54.Final/netty-tcnative-boringssl-static-2.0.54.Final-osx-x86_64.jar:/home/runner/.m2/repository/io/netty/netty-tcnative-boringssl-static/2.0.54.Final/netty-tcnative-boringssl-static-2.0.54.Final-osx-aarch_64.jar:/home/runner/.m2/repository/io/netty/netty-tcnative-boringssl-static/2.0.54.Final/netty-tcnative-boringssl-static-2.0.54.Final-windows-x86_64.jar:/home/runner/.m2/repository/org/apache/commons/commons-compress/1.21/commons-compress-1.21.jar:/home/runner/.m2/repository/org/apache/ozone/hdds-common/1.4.0-SNAPSHOT/hdds-common-1.4.0-SNAPSHOT.jar:/home/runner/.m2/repository/org/apache/ozone/hdds-client/1.4.0-SNAPSHOT/hdds-client-1.4.0-SNAPSHOT.jar:/home/runner/.m2/repository/org/apache/ozone/ozone-interface-client/1.4.0-SNAPSHOT/ozone-interface-client-1.4.0-SNAPSHOT.jar:/home/runner/.m2/repository/org/apache/ozone/hdds-test-utils/1.4.0-SNAPSHOT/hdds-test-utils-1.4.0-SNAPSHOT.jar:/home/runner/.m2/repository/com/google/guava/guava/31.1-jre/guava-31.1-jre.jar:/home/runner/.m2/repository/com/google/guava/failureaccess/1.0.1/failureaccess-1.0.1.jar:/home/runner/.m2/repository/com/google/guava/listenablefuture/9999.0-empty-to-avoid-conflict-with-guava/listenablefuture-9999.0-empty-to-avoid-conflict-with-guava.jar:/home/runner/.m2/repository/com/google/code/findbugs/jsr305/3.0.0/jsr305-3.0.0.jar:/home/runner/.m2/repository/org/checkerframework/checker-qual/3.12.0/checker-qual-3.12.0.jar:/home/runner/.m2/repository/com/google/j2objc/j2objc-annotations/1.3/j2objc-annotations-1.3.jar:/home/runner/.m2/repository/commons-io/commons-io/2.11.0/commons-io-2.11.0.jar:/home/runner/.m2/repository/commons-logging/commons-logging/1.2/commons-logging-1.2.jar:/home/runner/.m2/repository/ch/qos/reload4j/reload4j/1.2.22/reload4j-1.2.22.jar:/home/runner/.m2/repository/org/slf4j/slf4j-api/1.7.36/slf4j-api-1.7.36.jar:/home/runner/.m2/repository/org/apache/ozone/hdds-server-scm/1.4.0-SNAPSHOT/hdds-server-scm-1.4.0-SNAPSHOT.jar:/home/runner/.m2/repository/org/apache/ozone/hdds-container-service/1.4.0-SNAPSHOT/hdds-container-service-1.4.0-SNAPSHOT.jar:/home/runner/.m2/repository/org/apache/ozone/hdds-hadoop-dependency-server/1.4.0-SNAPSHOT/hdds-hadoop-dependency-server-1.4.0-SNAPSHOT.jar:/home/runner/.m2/repository/org/apache/hadoop/hadoop-hdfs/3.3.4/hadoop-hdfs-3.3.4.jar:/home/runner/.m2/repository/org/eclipse/jetty/jetty-util-ajax/9.4.49.v20220914/jetty-util-ajax-9.4.49.v20220914.jar:/home/runner/.m2/repository/commons-daemon/commons-daemon/1.0.13/commons-daemon-1.0.13.jar:/home/runner/.m2/repository/org/apache/ozone/hdds-server-framework/1.4.0-SNAPSHOT/hdds-server-framework-1.4.0-SNAPSHOT.jar:/home/runner/.m2/repository/org/apache/ozone/hdds-interface-server/1.4.0-SNAPSHOT/hdds-interface-server-1.4.0-SNAPSHOT.jar:/home/runner/.m2/repository/org/apache/commons/commons-configuration2/2.1.1/commons-configuration2-2.1.1.jar:/home/runner/.m2/repository/org/apache/logging/log4j/log4j-core/2.17.1/log4j-core-2.17.1.jar:/home/runner/.m2/repository/com/lmax/disruptor/3.4.2/disruptor-3.4.2.jar:/home/runner/.m2/repository/org/eclipse/jetty/jetty-servlet/9.4.49.v20220914/jetty-servlet-9.4.49.v20220914.jar:/home/runner/.m2/repository/org/eclipse/jetty/jetty-security/9.4.49.v20220914/jetty-security-9.4.49.v20220914.jar:/home/runner/.m2/repository/org/rocksdb/rocksdbjni/7.7.3/rocksdbjni-7.7.3.jar:/home/runner/.m2/repository/io/prometheus/simpleclient_dropwizard/0.7.0/simpleclient_dropwizard-0.7.0.jar:/home/runner/.m2/repository/io/prometheus/simpleclient/0.7.0/simpleclient-0.7.0.jar:/home/runner/.m2/repository/io/prometheus/simpleclient_common/0.7.0/simpleclient_common-0.7.0.jar:/home/runner/.m2/repository/com/github/spotbugs/spotbugs-annotations/3.1.12/spotbugs-annotations-3.1.12.jar:/home/runner/.m2/repository/io/dropwizard/metrics/metrics-core/3.2.4/metrics-core-3.2.4.jar:/home/runner/.m2/repository/org/apache/commons/commons-text/1.4/commons-text-1.4.jar:/home/runner/.m2/repository/org/apache/hadoop/hadoop-hdfs-client/3.3.4/hadoop-hdfs-client-3.3.4.jar:/home/runner/.m2/repository/com/squareup/okhttp3/okhttp/4.9.3/okhttp-4.9.3.jar:/home/runner/.m2/repository/com/squareup/okio/okio/2.8.0/okio-2.8.0.jar:/home/runner/.m2/repository/org/jetbrains/kotlin/kotlin-stdlib-common/1.6.21/kotlin-stdlib-common-1.6.21.jar:/home/runner/.m2/repository/org/bouncycastle/bcprov-jdk15on/1.67/bcprov-jdk15on-1.67.jar:/home/runner/.m2/repository/com/google/protobuf/protobuf-java/2.5.0/protobuf-java-2.5.0.jar:/home/runner/.m2/repository/org/apache/ozone/ozone-manager/1.4.0-SNAPSHOT/ozone-manager-1.4.0-SNAPSHOT.jar:/home/runner/.m2/repository/org/aspectj/aspectjrt/1.9.7/aspectjrt-1.9.7.jar:/home/runner/.m2/repository/org/aspectj/aspectjweaver/1.9.7/aspectjweaver-1.9.7.jar:/home/runner/.m2/repository/org/apache/ozone/hdds-interface-client/1.4.0-SNAPSHOT/hdds-interface-client-1.4.0-SNAPSHOT.jar:/home/runner/.m2/repository/org/apache/hadoop/thirdparty/hadoop-shaded-protobuf_3_7/1.1.1/hadoop-shaded-protobuf_3_7-1.1.1.jar:/home/runner/.m2/repository/org/apache/ratis/ratis-thirdparty-misc/1.0.3/ratis-thirdparty-misc-1.0.3.jar:/home/runner/.m2/repository/org/apache/ozone/ozone-interface-storage/1.4.0-SNAPSHOT/ozone-interface-storage-1.4.0-SNAPSHOT.jar:/home/runner/.m2/repository/org/reflections/reflections/0.9.11/reflections-0.9.11.jar:/home/runner/.m2/repository/com/sun/jersey/jersey-client/1.19/jersey-client-1.19.jar:/home/runner/.m2/repository/org/apache/ranger/ranger-intg/2.3.0/ranger-intg-2.3.0.jar:/home/runner/.m2/repository/org/apache/ranger/ranger-plugins-common/2.3.0/ranger-plugins-common-2.3.0.jar:/home/runner/.m2/repository/commons-lang/commons-lang/2.6/commons-lang-2.6.jar:/home/runner/.m2/repository/org/codehaus/jackson/jackson-jaxrs/1.9.13/jackson-jaxrs-1.9.13.jar:/home/runner/.m2/repository/org/apache/ranger/ranger-plugins-cred/2.3.0/ranger-plugins-cred-2.3.0.jar:/home/runner/.m2/repository/org/apache/ranger/ranger-plugins-audit/2.3.0/ranger-plugins-audit-2.3.0.jar:/home/runner/.m2/repository/org/eclipse/jetty/jetty-client/9.4.49.v20220914/jetty-client-9.4.49.v20220914.jar:/home/runner/.m2/repository/org/apache/httpcomponents/httpmime/4.5.6/httpmime-4.5.6.jar:/home/runner/.m2/repository/org/apache/httpcomponents/httpcore-nio/4.4.6/httpcore-nio-4.4.6.jar:/home/runner/.m2/repository/org/apache/httpcomponents/httpasyncclient/4.1.3/httpasyncclient-4.1.3.jar:/home/runner/.m2/repository/com/carrotsearch/hppc/0.8.0/hppc-0.8.0.jar:/home/runner/.m2/repository/org/apache/orc/orc-core/1.5.8/orc-core-1.5.8.jar:/home/runner/.m2/repository/net/java/dev/jna/jna/5.2.0/jna-5.2.0.jar:/home/runner/.m2/repository/net/java/dev/jna/jna-platform/5.2.0/jna-platform-5.2.0.jar:/home/runner/.m2/repository/com/kstruct/gethostname4j/0.0.2/gethostname4j-0.0.2.jar:/home/runner/.m2/repository/org/apache/ranger/ranger-plugin-classloader/2.3.0/ranger-plugin-classloader-2.3.0.jar:/home/runner/.m2/repository/org/apache/hadoop/hadoop-minikdc/3.3.4/hadoop-minikdc-3.3.4.jar:/home/runner/.m2/repository/org/apache/kerby/kerb-simplekdc/1.0.1/kerb-simplekdc-1.0.1.jar:/home/runner/.m2/repository/org/apache/kerby/kerb-client/1.0.1/kerb-client-1.0.1.jar:/home/runner/.m2/repository/org/apache/kerby/kerby-config/1.0.1/kerby-config-1.0.1.jar:/home/runner/.m2/repository/org/apache/kerby/kerb-common/1.0.1/kerb-common-1.0.1.jar:/home/runner/.m2/repository/org/apache/kerby/kerb-crypto/1.0.1/kerb-crypto-1.0.1.jar:/home/runner/.m2/repository/org/apache/kerby/kerb-util/1.0.1/kerb-util-1.0.1.jar:/home/runner/.m2/repository/org/apache/kerby/token-provider/1.0.1/token-provider-1.0.1.jar:/home/runner/.m2/repository/org/apache/kerby/kerb-admin/1.0.1/kerb-admin-1.0.1.jar:/home/runner/.m2/repository/org/apache/kerby/kerb-server/1.0.1/kerb-server-1.0.1.jar:/home/runner/.m2/repository/org/apache/kerby/kerb-identity/1.0.1/kerb-identity-1.0.1.jar:/home/runner/.m2/repository/org/apache/kerby/kerby-xdr/1.0.1/kerby-xdr-1.0.1.jar:/home/runner/.m2/repository/org/apache/ozone/ozone-s3gateway/1.4.0-SNAPSHOT/ozone-s3gateway-1.4.0-SNAPSHOT.jar:/home/runner/.m2/repository/org/javassist/javassist/3.21.0-GA/javassist-3.21.0-GA.jar:/home/runner/.m2/repository/org/jboss/weld/servlet/weld-servlet/2.4.7.Final/weld-servlet-2.4.7.Final.jar:/home/runner/.m2/repository/org/glassfish/jersey/containers/jersey-container-servlet-core/2.34/jersey-container-servlet-core-2.34.jar:/home/runner/.m2/repository/org/glassfish/hk2/external/jakarta.inject/2.6.1/jakarta.inject-2.6.1.jar:/home/runner/.m2/repository/org/glassfish/jersey/core/jersey-common/2.34/jersey-common-2.34.jar:/home/runner/.m2/repository/jakarta/ws/rs/jakarta.ws.rs-api/2.1.6/jakarta.ws.rs-api-2.1.6.jar:/home/runner/.m2/repository/org/glassfish/jersey/ext/cdi/jersey-cdi1x/2.34/jersey-cdi1x-2.34.jar:/home/runner/.m2/repository/org/glassfish/jersey/inject/jersey-hk2/2.34/jersey-hk2-2.34.jar:/home/runner/.m2/repository/org/glassfish/hk2/hk2-locator/2.6.1/hk2-locator-2.6.1.jar:/home/runner/.m2/repository/org/glassfish/jersey/media/jersey-media-jaxb/2.34/jersey-media-jaxb-2.34.jar:/home/runner/.m2/repository/org/glassfish/hk2/osgi-resource-locator/1.0.3/osgi-resource-locator-1.0.3.jar:/home/runner/.m2/repository/org/glassfish/hk2/hk2-api/2.5.0/hk2-api-2.5.0.jar:/home/runner/.m2/repository/org/glassfish/hk2/hk2-utils/2.5.0/hk2-utils-2.5.0.jar:/home/runner/.m2/repository/org/glassfish/hk2/external/aopalliance-repackaged/2.5.0/aopalliance-repackaged-2.5.0.jar:/home/runner/.m2/repository/com/fasterxml/jackson/dataformat/jackson-dataformat-xml/2.13.4/jackson-dataformat-xml-2.13.4.jar:/home/runner/.m2/repository/com/fasterxml/jackson/core/jackson-core/2.13.4/jackson-core-2.13.4.jar:/home/runner/.m2/repository/org/codehaus/woodstox/stax2-api/4.2.1/stax2-api-4.2.1.jar:/home/runner/.m2/repository/com/fasterxml/woodstox/woodstox-core/5.4.0/woodstox-core-5.4.0.jar:/home/runner/.m2/repository/com/fasterxml/jackson/module/jackson-module-jaxb-annotations/2.13.4/jackson-module-jaxb-annotations-2.13.4.jar:/home/runner/.m2/repository/jakarta/xml/bind/jakarta.xml.bind-api/2.3.3/jakarta.xml.bind-api-2.3.3.jar:/home/runner/.m2/repository/jakarta/activation/jakarta.activation-api/1.2.2/jakarta.activation-api-1.2.2.jar:/home/runner/.m2/repository/javax/enterprise/cdi-api/1.2/cdi-api-1.2.jar:/home/runner/.m2/repository/javax/el/javax.el-api/3.0.0/javax.el-api-3.0.0.jar:/home/runner/.m2/repository/javax/interceptor/javax.interceptor-api/1.2/javax.interceptor-api-1.2.jar:/home/runner/.m2/repository/javax/inject/javax.inject/1/javax.inject-1.jar:/home/runner/.m2/repository/javax/xml/bind/jaxb-api/2.3.0/jaxb-api-2.3.0.jar:/home/runner/.m2/repository/org/glassfish/jaxb/jaxb-runtime/2.3.0.1/jaxb-runtime-2.3.0.1.jar:/home/runner/.m2/repository/org/glassfish/jaxb/jaxb-core/2.3.0.1/jaxb-core-2.3.0.1.jar:/home/runner/.m2/repository/org/glassfish/jaxb/txw2/2.3.0.1/txw2-2.3.0.1.jar:/home/runner/.m2/repository/com/sun/istack/istack-commons-runtime/3.0.5/istack-commons-runtime-3.0.5.jar:/home/runner/.m2/repository/org/jvnet/staxex/stax-ex/1.7.8/stax-ex-1.7.8.jar:/home/runner/.m2/repository/com/sun/xml/fastinfoset/FastInfoset/1.2.13/FastInfoset-1.2.13.jar:/home/runner/.m2/repository/javax/activation/activation/1.1.1/activation-1.1.1.jar:/home/runner/.m2/repository/io/grpc/grpc-protobuf/1.51.1/grpc-protobuf-1.51.1.jar:/home/runner/.m2/repository/io/grpc/grpc-api/1.51.1/grpc-api-1.51.1.jar:/home/runner/.m2/repository/io/grpc/grpc-context/1.51.1/grpc-context-1.51.1.jar:/home/runner/.m2/repository/com/google/api/grpc/proto-google-common-protos/2.9.0/proto-google-common-protos-2.9.0.jar:/home/runner/.m2/repository/io/grpc/grpc-protobuf-lite/1.51.1/grpc-protobuf-lite-1.51.1.jar:/home/runner/.m2/repository/io/grpc/grpc-stub/1.51.1/grpc-stub-1.51.1.jar:/home/runner/.m2/repository/io/netty/netty-transport/4.1.86.Final/netty-transport-4.1.86.Final.jar:/home/runner/.m2/repository/io/netty/netty-resolver/4.1.86.Final/netty-resolver-4.1.86.Final.jar:/home/runner/.m2/repository/org/apache/ozone/ozone-csi/1.4.0-SNAPSHOT/ozone-csi-1.4.0-SNAPSHOT.jar:/home/runner/.m2/repository/com/google/protobuf/protobuf-java-util/3.19.6/protobuf-java-util-3.19.6.jar:/home/runner/.m2/repository/com/google/code/gson/gson/2.9.0/gson-2.9.0.jar:/home/runner/.m2/repository/org/apache/ozone/hdds-config/1.4.0-SNAPSHOT/hdds-config-1.4.0-SNAPSHOT.jar:/home/runner/.m2/repository/io/netty/netty-transport-native-epoll/4.1.86.Final/netty-transport-native-epoll-4.1.86.Final-linux-x86_64.jar:/home/runner/.m2/repository/io/netty/netty-transport-classes-epoll/4.1.86.Final/netty-transport-classes-epoll-4.1.86.Final.jar:/home/runner/.m2/repository/io/netty/netty-transport-native-unix-common/4.1.86.Final/netty-transport-native-unix-common-4.1.86.Final.jar:/home/runner/.m2/repository/org/slf4j/slf4j-reload4j/1.7.36/slf4j-reload4j-1.7.36.jar:/home/runner/.m2/repository/org/apache/ozone/ozone-recon/1.4.0-SNAPSHOT/ozone-recon-1.4.0-SNAPSHOT.jar:/home/runner/.m2/repository/org/apache/ozone/ozone-reconcodegen/1.4.0-SNAPSHOT/ozone-reconcodegen-1.4.0-SNAPSHOT.jar:/home/runner/.m2/repository/com/google/inject/extensions/guice-multibindings/4.0/guice-multibindings-4.0.jar:/home/runner/.m2/repository/com/google/inject/guice/4.0/guice-4.0.jar:/home/runner/.m2/repository/aopalliance/aopalliance/1.0/aopalliance-1.0.jar:/home/runner/.m2/repository/com/google/inject/extensions/guice-assistedinject/4.0/guice-assistedinject-4.0.jar:/home/runner/.m2/repository/com/google/inject/extensions/guice-servlet/4.0/guice-servlet-4.0.jar:/home/runner/.m2/repository/org/glassfish/jersey/containers/jersey-container-servlet/2.34/jersey-container-servlet-2.34.jar:/home/runner/.m2/repository/org/glassfish/hk2/guice-bridge/2.5.0/guice-bridge-2.5.0.jar:/home/runner/.m2/repository/org/glassfish/jersey/core/jersey-server/2.34/jersey-server-2.34.jar:/home/runner/.m2/repository/org/glassfish/jersey/core/jersey-client/2.34/jersey-client-2.34.jar:/home/runner/.m2/repository/jakarta/annotation/jakarta.annotation-api/1.3.5/jakarta.annotation-api-1.3.5.jar:/home/runner/.m2/repository/jakarta/validation/jakarta.validation-api/2.0.2/jakarta.validation-api-2.0.2.jar:/home/runner/.m2/repository/org/glassfish/jersey/media/jersey-media-json-jackson/2.34/jersey-media-json-jackson-2.34.jar:/home/runner/.m2/repository/org/glassfish/jersey/ext/jersey-entity-filtering/2.34/jersey-entity-filtering-2.34.jar:/home/runner/.m2/repository/org/jooq/jooq/3.11.10/jooq-3.11.10.jar:/home/runner/.m2/repository/org/jooq/jooq-meta/3.11.10/jooq-meta-3.11.10.jar:/home/runner/.m2/repository/org/jooq/jooq-codegen/3.11.10/jooq-codegen-3.11.10.jar:/home/runner/.m2/repository/com/jolbox/bonecp/0.8.0.RELEASE/bonecp-0.8.0.RELEASE.jar:/home/runner/.m2/repository/org/apache/derby/derby/10.14.2.0/derby-10.14.2.0.jar:/home/runner/.m2/repository/org/xerial/sqlite-jdbc/3.25.2/sqlite-jdbc-3.25.2.jar:/home/runner/.m2/repository/org/springframework/spring-jdbc/5.3.23/spring-jdbc-5.3.23.jar:/home/runner/.m2/repository/org/springframework/spring-beans/5.3.23/spring-beans-5.3.23.jar:/home/runner/.m2/repository/org/springframework/spring-core/5.3.23/spring-core-5.3.23.jar:/home/runner/.m2/repository/org/springframework/spring-jcl/5.3.23/spring-jcl-5.3.23.jar:/home/runner/.m2/repository/org/springframework/spring-tx/5.3.23/spring-tx-5.3.23.jar:/home/runner/.m2/repository/org/apache/ozone/ozone-client/1.4.0-SNAPSHOT/ozone-client-1.4.0-SNAPSHOT.jar:/home/runner/.m2/repository/org/apache/ozone/hdds-erasurecode/1.4.0-SNAPSHOT/hdds-erasurecode-1.4.0-SNAPSHOT.jar:/home/runner/.m2/repository/org/apache/ozone/ozone-filesystem/1.4.0-SNAPSHOT/ozone-filesystem-1.4.0-SNAPSHOT.jar:/home/runner/.m2/repository/org/apache/ozone/ozone-filesystem-common/1.4.0-SNAPSHOT/ozone-filesystem-common-1.4.0-SNAPSHOT.jar:/home/runner/.m2/repository/org/apache/ozone/ozone-tools/1.4.0-SNAPSHOT/ozone-tools-1.4.0-SNAPSHOT.jar:/home/runner/.m2/repository/com/amazonaws/aws-java-sdk-core/1.12.261/aws-java-sdk-core-1.12.261.jar:/home/runner/.m2/repository/org/apache/httpcomponents/httpclient/4.5.13/httpclient-4.5.13.jar:/home/runner/.m2/repository/org/apache/httpcomponents/httpcore/4.4.13/httpcore-4.4.13.jar:/home/runner/.m2/repository/software/amazon/ion/ion-java/1.0.2/ion-java-1.0.2.jar:/home/runner/.m2/repository/com/fasterxml/jackson/dataformat/jackson-dataformat-cbor/2.13.4/jackson-dataformat-cbor-2.13.4.jar:/home/runner/.m2/repository/joda-time/joda-time/2.10.6/joda-time-2.10.6.jar:/home/runner/.m2/repository/com/amazonaws/aws-java-sdk-s3/1.12.261/aws-java-sdk-s3-1.12.261.jar:/home/runner/.m2/repository/com/amazonaws/aws-java-sdk-kms/1.12.261/aws-java-sdk-kms-1.12.261.jar:/home/runner/.m2/repository/com/amazonaws/jmespath-java/1.12.261/jmespath-java-1.12.261.jar:/home/runner/.m2/repository/org/kohsuke/metainf-services/metainf-services/1.8/metainf-services-1.8.jar:/home/runner/.m2/repository/org/apache/ozone/hdds-tools/1.4.0-SNAPSHOT/hdds-tools-1.4.0-SNAPSHOT.jar:/home/runner/.m2/repository/org/apache/ratis/ratis-tools/2.4.2-8b8bdda-SNAPSHOT/ratis-tools-2.4.2-8b8bdda-SNAPSHOT.jar:/home/runner/.m2/repository/org/apache/ratis/ratis-proto/2.4.2-8b8bdda-SNAPSHOT/ratis-proto-2.4.2-8b8bdda-SNAPSHOT.jar:/home/runner/.m2/repository/org/apache/ratis/ratis-common/2.4.2-8b8bdda-SNAPSHOT/ratis-common-2.4.2-8b8bdda-SNAPSHOT.jar:/home/runner/.m2/repository/commons-cli/commons-cli/1.2/commons-cli-1.2.jar:/home/runner/.m2/repository/org/apache/commons/commons-lang3/3.7/commons-lang3-3.7.jar:/home/runner/.m2/repository/org/apache/ozone/ozone-manager/1.4.0-SNAPSHOT/ozone-manager-1.4.0-SNAPSHOT-tests.jar:/home/runner/.m2/repository/org/apache/ozone/hdds-common/1.4.0-SNAPSHOT/hdds-common-1.4.0-SNAPSHOT-tests.jar:/home/runner/.m2/repository/org/apache/ozone/hdds-hadoop-dependency-client/1.4.0-SNAPSHOT/hdds-hadoop-dependency-client-1.4.0-SNAPSHOT.jar:/home/runner/.m2/repository/info/picocli/picocli/4.6.1/picocli-4.6.1.jar:/home/runner/.m2/repository/com/fasterxml/jackson/core/jackson-annotations/2.13.4/jackson-annotations-2.13.4.jar:/home/runner/.m2/repository/com/fasterxml/jackson/datatype/jackson-datatype-jsr310/2.13.4/jackson-datatype-jsr310-2.13.4.jar:/home/runner/.m2/repository/org/apache/ozone/hdds-annotation-processing/1.4.0-SNAPSHOT/hdds-annotation-processing-1.4.0-SNAPSHOT.jar:/home/runner/.m2/repository/javax/annotation/javax.annotation-api/1.2/javax.annotation-api-1.2.jar:/home/runner/.m2/repository/org/apache/ratis/ratis-server/2.4.2-8b8bdda-SNAPSHOT/ratis-server-2.4.2-8b8bdda-SNAPSHOT.jar:/home/runner/.m2/repository/org/apache/ratis/ratis-client/2.4.2-8b8bdda-SNAPSHOT/ratis-client-2.4.2-8b8bdda-SNAPSHOT.jar:/home/runner/.m2/repository/org/apache/ratis/ratis-server-api/2.4.2-8b8bdda-SNAPSHOT/ratis-server-api-2.4.2-8b8bdda-SNAPSHOT.jar:/home/runner/.m2/repository/org/apache/ratis/ratis-metrics/2.4.2-8b8bdda-SNAPSHOT/ratis-metrics-2.4.2-8b8bdda-SNAPSHOT.jar:/home/runner/.m2/repository/org/apache/ratis/ratis-netty/2.4.2-8b8bdda-SNAPSHOT/ratis-netty-2.4.2-8b8bdda-SNAPSHOT.jar:/home/runner/.m2/repository/org/apache/ratis/ratis-grpc/2.4.2-8b8bdda-SNAPSHOT/ratis-grpc-2.4.2-8b8bdda-SNAPSHOT.jar:/home/runner/.m2/repository/org/apache/logging/log4j/log4j-api/2.17.1/log4j-api-2.17.1.jar:/home/runner/.m2/repository/org/apache/commons/commons-pool2/2.6.0/commons-pool2-2.6.0.jar:/home/runner/.m2/repository/org/bouncycastle/bcpkix-jdk15on/1.67/bcpkix-jdk15on-1.67.jar:/home/runner/.m2/repository/commons-validator/commons-validator/1.6/commons-validator-1.6.jar:/home/runner/.m2/repository/commons-beanutils/commons-beanutils/1.9.4/commons-beanutils-1.9.4.jar:/home/runner/.m2/repository/commons-digester/commons-digester/1.8.1/commons-digester-1.8.1.jar:/home/runner/.m2/repository/commons-collections/commons-collections/3.2.2/commons-collections-3.2.2.jar:/home/runner/.m2/repository/io/jaegertracing/jaeger-client/1.6.0/jaeger-client-1.6.0.jar:/home/runner/.m2/repository/io/jaegertracing/jaeger-thrift/1.6.0/jaeger-thrift-1.6.0.jar:/home/runner/.m2/repository/org/apache/thrift/libthrift/0.14.1/libthrift-0.14.1.jar:/home/runner/.m2/repository/io/jaegertracing/jaeger-core/1.6.0/jaeger-core-1.6.0.jar:/home/runner/.m2/repository/io/jaegertracing/jaeger-tracerresolver/1.6.0/jaeger-tracerresolver-1.6.0.jar:/home/runner/.m2/repository/io/opentracing/contrib/opentracing-tracerresolver/0.1.8/opentracing-tracerresolver-0.1.8.jar:/home/runner/.m2/repository/org/jetbrains/kotlin/kotlin-stdlib/1.6.21/kotlin-stdlib-1.6.21.jar:/home/runner/.m2/repository/org/jetbrains/annotations/13.0/annotations-13.0.jar:/home/runner/.m2/repository/io/opentracing/opentracing-util/0.33.0/opentracing-util-0.33.0.jar:/home/runner/.m2/repository/io/opentracing/opentracing-api/0.33.0/opentracing-api-0.33.0.jar:/home/runner/.m2/repository/io/opentracing/opentracing-noop/0.33.0/opentracing-noop-0.33.0.jar:/home/runner/.m2/repository/org/yaml/snakeyaml/1.33/snakeyaml-1.33.jar:/home/runner/.m2/repository/org/apache/ozone/hdds-interface-admin/1.4.0-SNAPSHOT/hdds-interface-admin-1.4.0-SNAPSHOT.jar:/home/runner/.m2/repository/junit/junit/4.13.1/junit-4.13.1.jar:/home/runner/.m2/repository/org/hamcrest/hamcrest-core/1.3/hamcrest-core-1.3.jar:/home/runner/.m2/repository/org/junit/jupiter/junit-jupiter-api/5.8.2/junit-jupiter-api-5.8.2.jar:/home/runner/.m2/repository/org/opentest4j/opentest4j/1.2.0/opentest4j-1.2.0.jar:/home/runner/.m2/repository/org/junit/platform/junit-platform-commons/1.8.2/junit-platform-commons-1.8.2.jar:/home/runner/.m2/repository/org/apiguardian/apiguardian-api/1.1.2/apiguardian-api-1.1.2.jar:/home/runner/.m2/repository/org/junit/jupiter/junit-jupiter-params/5.8.2/junit-jupiter-params-5.8.2.jar:/home/runner/.m2/repository/org/junit/jupiter/junit-jupiter-migrationsupport/5.8.2/junit-jupiter-migrationsupport-5.8.2.jar:/home/runner/.m2/repository/org/junit/jupiter/junit-jupiter-engine/5.8.2/junit-jupiter-engine-5.8.2.jar:/home/runner/.m2/repository/org/junit/platform/junit-platform-engine/1.8.2/junit-platform-engine-1.8.2.jar:/home/runner/.m2/repository/org/junit/vintage/junit-vintage-engine/5.8.2/junit-vintage-engine-5.8.2.jar:/home/runner/.m2/repository/org/junit/platform/junit-platform-launcher/1.8.2/junit-platform-launcher-1.8.2.jar:/home/runner/.m2/repository/org/mockito/mockito-core/2.28.2/mockito-core-2.28.2.jar:/home/runner/.m2/repository/net/bytebuddy/byte-buddy/1.9.10/byte-buddy-1.9.10.jar:/home/runner/.m2/repository/net/bytebuddy/byte-buddy-agent/1.9.10/byte-buddy-agent-1.9.10.jar:/home/runner/.m2/repository/org/objenesis/objenesis/1.0/objenesis-1.0.jar:/home/runner/.m2/repository/org/apache/hadoop/hadoop-kms/3.3.4/hadoop-kms-3.3.4.jar:/home/runner/.m2/repository/org/apache/hadoop/hadoop-auth/3.3.4/hadoop-auth-3.3.4.jar:/home/runner/.m2/repository/com/nimbusds/nimbus-jose-jwt/9.8.1/nimbus-jose-jwt-9.8.1.jar:/home/runner/.m2/repository/com/github/stephenc/jcip/jcip-annotations/1.0-1/jcip-annotations-1.0-1.jar:/home/runner/.m2/repository/net/minidev/json-smart/2.4.7/json-smart-2.4.7.jar:/home/runner/.m2/repository/net/minidev/accessors-smart/2.4.7/accessors-smart-2.4.7.jar:/home/runner/.m2/repository/org/ow2/asm/asm/5.0.4/asm-5.0.4.jar:/home/runner/.m2/repository/org/apache/zookeeper/zookeeper/3.5.6/zookeeper-3.5.6.jar:/home/runner/.m2/repository/org/apache/zookeeper/zookeeper-jute/3.5.6/zookeeper-jute-3.5.6.jar:/home/runner/.m2/repository/org/apache/yetus/audience-annotations/0.5.0/audience-annotations-0.5.0.jar:/home/runner/.m2/repository/org/apache/curator/curator-framework/4.2.0/curator-framework-4.2.0.jar:/home/runner/.m2/repository/org/apache/hadoop/thirdparty/hadoop-shaded-guava/1.1.1/hadoop-shaded-guava-1.1.1.jar:/home/runner/.m2/repository/com/sun/jersey/jersey-core/1.19/jersey-core-1.19.jar:/home/runner/.m2/repository/javax/ws/rs/jsr311-api/1.1.1/jsr311-api-1.1.1.jar:/home/runner/.m2/repository/com/sun/jersey/jersey-server/1.19/jersey-server-1.19.jar:/home/runner/.m2/repository/javax/servlet/javax.servlet-api/3.1.0/javax.servlet-api-3.1.0.jar:/home/runner/.m2/repository/org/eclipse/jetty/jetty-server/9.4.49.v20220914/jetty-server-9.4.49.v20220914.jar:/home/runner/.m2/repository/org/eclipse/jetty/jetty-http/9.4.49.v20220914/jetty-http-9.4.49.v20220914.jar:/home/runner/.m2/repository/org/eclipse/jetty/jetty-io/9.4.49.v20220914/jetty-io-9.4.49.v20220914.jar:/home/runner/.m2/repository/org/eclipse/jetty/jetty-webapp/9.4.49.v20220914/jetty-webapp-9.4.49.v20220914.jar:/home/runner/.m2/repository/org/eclipse/jetty/jetty-xml/9.4.49.v20220914/jetty-xml-9.4.49.v20220914.jar:/home/runner/.m2/repository/org/apache/hadoop/hadoop-common/3.3.4/hadoop-common-3.3.4.jar:/home/runner/.m2/repository/org/apache/commons/commons-math3/3.1.1/commons-math3-3.1.1.jar:/home/runner/.m2/repository/commons-net/commons-net/3.9.0/commons-net-3.9.0.jar:/home/runner/.m2/repository/com/sun/jersey/jersey-servlet/1.19/jersey-servlet-1.19.jar:/home/runner/.m2/repository/com/sun/jersey/jersey-json/1.19/jersey-json-1.19.jar:/home/runner/.m2/repository/org/codehaus/jettison/jettison/1.1/jettison-1.1.jar:/home/runner/.m2/repository/com/sun/xml/bind/jaxb-impl/2.2.3-1/jaxb-impl-2.2.3-1.jar:/home/runner/.m2/repository/org/codehaus/jackson/jackson-xc/1.9.2/jackson-xc-1.9.2.jar:/home/runner/.m2/repository/com/google/re2j/re2j/1.1/re2j-1.1.jar:/home/runner/.m2/repository/com/jcraft/jsch/0.1.54/jsch-0.1.54.jar:/home/runner/.m2/repository/org/apache/curator/curator-client/4.2.0/curator-client-4.2.0.jar:/home/runner/.m2/repository/org/apache/curator/curator-recipes/4.2.0/curator-recipes-4.2.0.jar:/home/runner/.m2/repository/org/apache/kerby/kerb-core/1.0.1/kerb-core-1.0.1.jar:/home/runner/.m2/repository/org/apache/kerby/kerby-pkix/1.0.1/kerby-pkix-1.0.1.jar:/home/runner/.m2/repository/org/apache/kerby/kerby-asn1/1.0.1/kerby-asn1-1.0.1.jar:/home/runner/.m2/repository/org/apache/kerby/kerby-util/1.0.1/kerby-util-1.0.1.jar:/home/runner/.m2/repository/dnsjava/dnsjava/2.1.7/dnsjava-2.1.7.jar:/home/runner/.m2/repository/org/xerial/snappy/snappy-java/1.1.8.2/snappy-java-1.1.8.2.jar:/home/runner/.m2/repository/org/eclipse/jetty/jetty-util/9.4.49.v20220914/jetty-util-9.4.49.v20220914.jar:/home/runner/.m2/repository/com/fasterxml/jackson/core/jackson-databind/2.13.4.2/jackson-databind-2.13.4.2.jar:/home/runner/.m2/repository/org/apache/hadoop/hadoop-kms/3.3.4/hadoop-kms-3.3.4-tests.jar:/home/runner/.m2/repository/org/apache/ozone/hdds-server-scm/1.4.0-SNAPSHOT/hdds-server-scm-1.4.0-SNAPSHOT-tests.jar:/home/runner/.m2/repository/org/apache/ozone/hdds-container-service/1.4.0-SNAPSHOT/hdds-container-service-1.4.0-SNAPSHOT-tests.jar:/home/runner/.m2/repository/com/github/luben/zstd-jni/1.5.2-5/zstd-jni-1.5.2-5.jar:/home/runner/.m2/repository/commons-codec/commons-codec/1.15/commons-codec-1.15.jar:/home/runner/.m2/repository/io/netty/netty-codec/4.1.86.Final/netty-codec-4.1.86.Final.jar:/home/runner/.m2/repository/io/netty/netty-handler/4.1.86.Final/netty-handler-4.1.86.Final.jar:/home/runner/.m2/repository/org/apache/ozone/hdds-hadoop-dependency-test/1.4.0-SNAPSHOT/hdds-hadoop-dependency-test-1.4.0-SNAPSHOT.jar:/home/runner/.m2/repository/org/apache/hadoop/hadoop-common/3.3.4/hadoop-common-3.3.4-tests.jar:/home/runner/.m2/repository/org/apache/hadoop/hadoop-hdfs/3.3.4/hadoop-hdfs-3.3.4-tests.jar:/home/runner/.m2/repository/org/assertj/assertj-core/3.12.2/assertj-core-3.12.2.jar:/home/runner/.m2/repository/org/apache/hadoop/hadoop-distcp/3.3.4/hadoop-distcp-3.3.4.jar:/home/runner/.m2/repository/org/apache/hadoop/hadoop-mapreduce-client-jobclient/3.3.4/hadoop-mapreduce-client-jobclient-3.3.4.jar:/home/runner/.m2/repository/org/apache/hadoop/hadoop-mapreduce-client-common/3.3.4/hadoop-mapreduce-client-common-3.3.4.jar:/home/runner/.m2/repository/org/apache/hadoop/hadoop-yarn-common/3.3.4/hadoop-yarn-common-3.3.4.jar:/home/runner/.m2/repository/org/apache/hadoop/hadoop-yarn-api/3.3.4/hadoop-yarn-api-3.3.4.jar:/home/runner/.m2/repository/com/sun/jersey/contribs/jersey-guice/1.19/jersey-guice-1.19.jar:/home/runner/.m2/repository/com/fasterxml/jackson/jaxrs/jackson-jaxrs-json-provider/2.13.4/jackson-jaxrs-json-provider-2.13.4.jar:/home/runner/.m2/repository/com/fasterxml/jackson/jaxrs/jackson-jaxrs-base/2.13.4/jackson-jaxrs-base-2.13.4.jar:/home/runner/.m2/repository/org/apache/hadoop/hadoop-yarn-client/3.3.4/hadoop-yarn-client-3.3.4.jar:/home/runner/.m2/repository/org/eclipse/jetty/websocket/websocket-client/9.4.43.v20210629/websocket-client-9.4.43.v20210629.jar:/home/runner/.m2/repository/org/eclipse/jetty/websocket/websocket-common/9.4.43.v20210629/websocket-common-9.4.43.v20210629.jar:/home/runner/.m2/repository/org/eclipse/jetty/websocket/websocket-api/9.4.43.v20210629/websocket-api-9.4.43.v20210629.jar:/home/runner/.m2/repository/org/jline/jline/3.9.0/jline-3.9.0.jar:/home/runner/.m2/repository/org/apache/hadoop/hadoop-mapreduce-client-core/3.3.4/hadoop-mapreduce-client-core-3.3.4.jar:/home/runner/.m2/repository/org/apache/avro/avro/1.7.7/avro-1.7.7.jar:/home/runner/.m2/repository/org/codehaus/jackson/jackson-core-asl/1.9.13/jackson-core-asl-1.9.13.jar:/home/runner/.m2/repository/org/codehaus/jackson/jackson-mapper-asl/1.9.13/jackson-mapper-asl-1.9.13.jar:/home/runner/.m2/repository/com/thoughtworks/paranamer/paranamer/2.3/paranamer-2.3.jar:/home/runner/.m2/repository/org/apache/hadoop/hadoop-annotations/3.3.4/hadoop-annotations-3.3.4.jar:/usr/lib/jvm/temurin-8-jdk-amd64/jre/../lib/tools.jar:/home/runner/.m2/repository/io/netty/netty/3.10.6.Final/netty-3.10.6.Final.jar:/home/runner/.m2/repository/org/apache/hadoop/hadoop-distcp/3.3.4/hadoop-distcp-3.3.4-tests.jar:/home/runner/.m2/repository/org/slf4j/jul-to-slf4j/1.7.36/jul-to-slf4j-1.7.36.jar:"/>
    <property name="sun.cpu.endian" value="little"/>
    <property name="user.home" value="/home/runner"/>
    <property name="user.language" value="en"/>
    <property name="java.specification.vendor" value="Oracle Corporation"/>
    <property name="java.home" value="/usr/lib/jvm/temurin-8-jdk-amd64/jre"/>
    <property name="java.security.krb5.conf" value="/home/runner/work/ozone/ozone/hadoop-ozone/integration-test/target/test-classes/krb5.conf"/>
    <property name="basedir" value="/home/runner/work/ozone/ozone/hadoop-ozone/integration-test"/>
    <property name="file.separator" value="/"/>
    <property name="line.separator" value="&#10;"/>
    <property name="java.vm.specification.vendor" value="Oracle Corporation"/>
    <property name="java.specification.name" value="Java Platform API Specification"/>
    <property name="java.awt.graphicsenv" value="sun.awt.X11GraphicsEnvironment"/>
    <property name="skip.installnpx" value="true"/>
    <property name="surefire.real.class.path" value="/home/runner/work/ozone/ozone/hadoop-ozone/integration-test/target/surefire/surefirebooter3290632889379732817.jar:/home/runner/.m2/repository/org/jacoco/org.jacoco.agent/0.8.5/org.jacoco.agent-0.8.5-runtime.jar"/>
    <property name="hadoop.log.dir" value="/home/runner/work/ozone/ozone/hadoop-ozone/integration-test/target/log"/>
    <property name="sun.boot.class.path" value="/usr/lib/jvm/temurin-8-jdk-amd64/jre/lib/resources.jar:/usr/lib/jvm/temurin-8-jdk-amd64/jre/lib/rt.jar:/usr/lib/jvm/temurin-8-jdk-amd64/jre/lib/sunrsasign.jar:/usr/lib/jvm/temurin-8-jdk-amd64/jre/lib/jsse.jar:/usr/lib/jvm/temurin-8-jdk-amd64/jre/lib/jce.jar:/usr/lib/jvm/temurin-8-jdk-amd64/jre/lib/charsets.jar:/usr/lib/jvm/temurin-8-jdk-amd64/jre/lib/jfr.jar:/usr/lib/jvm/temurin-8-jdk-amd64/jre/classes"/>
    <property name="sun.management.compiler" value="HotSpot 64-Bit Tiered Compilers"/>
    <property name="skip.npx" value="true"/>
    <property name="java.runtime.version" value="1.8.0_352-b08"/>
    <property name="java.net.preferIPv4Stack" value="true"/>
    <property name="user.name" value="runner"/>
    <property name="path.separator" value=":"/>
    <property name="java.security.egd" value="file:///dev/urandom"/>
    <property name="os.version" value="5.15.0-1031-azure"/>
    <property name="java.endorsed.dirs" value="/usr/lib/jvm/temurin-8-jdk-amd64/jre/lib/endorsed"/>
    <property name="java.runtime.name" value="OpenJDK Runtime Environment"/>
    <property name="file.encoding" value="UTF-8"/>
    <property name="java.vm.name" value="OpenJDK 64-Bit Server VM"/>
    <property name="test.build.webapps" value=""/>
    <property name="localRepository" value="/home/runner/.m2/repository"/>
    <property name="jetty.git.hash" value="4231a3b2e4cb8548a412a789936d640a97b1aa0a"/>
    <property name="java.vendor.url.bug" value="https://github.com/adoptium/adoptium-support/issues"/>
    <property name="java.io.tmpdir" value="/tmp"/>
    <property name="require.test.libhadoop" value=""/>
    <property name="java.version" value="1.8.0_352"/>
    <property name="user.dir" value="/home/runner/work/ozone/ozone/hadoop-ozone/integration-test"/>
    <property name="os.arch" value="amd64"/>
    <property name="java.vm.specification.name" value="Java Virtual Machine Specification"/>
    <property name="test.build.classes" value="/home/runner/work/ozone/ozone/hadoop-ozone/integration-test/target/test-classes"/>
    <property name="java.awt.printerjob" value="sun.print.PSPrinterJob"/>
    <property name="sun.os.patch.level" value="unknown"/>
    <property name="org.apache.ratis.thirdparty.io.netty.allocator.useCacheForAllThreads" value="false"/>
    <property name="hadoop.tmp.dir" value="/home/runner/work/ozone/ozone/hadoop-ozone/integration-test/target/tmp"/>
    <property name="java.library.path" value="/usr/java/packages/lib/amd64:/usr/lib64:/lib64:/lib:/usr/lib"/>
    <property name="java.vm.info" value="mixed mode"/>
    <property name="java.vendor" value="Temurin"/>
    <property name="java.vm.version" value="25.352-b08"/>
    <property name="java.specification.maintenance.version" value="4"/>
    <property name="java.ext.dirs" value="/usr/lib/jvm/temurin-8-jdk-amd64/jre/lib/ext:/usr/java/packages/lib/ext"/>
    <property name="sun.io.unicode.encoding" value="UnicodeLittle"/>
    <property name="java.class.version" value="52.0"/>
  </properties>
  <testcase name="testCreateVolumePermissionDenied" classname="org.apache.hadoop.ozone.om.TestOmAcls" time="0.822">
    <failure type="java.lang.AssertionError"><![CDATA[java.lang.AssertionError: Audit log file doesn't contain the message with params  event=CREATE_VOLUME result=FAILURE
	at org.apache.hadoop.ozone.audit.AuditLogTestUtils.verifyAuditLog(AuditLogTestUtils.java:68)
	at org.apache.hadoop.ozone.om.TestOmAcls.testCreateVolumePermissionDenied(TestOmAcls.java:127)
	at sun.reflect.NativeMethodAccessorImpl.invoke0(Native Method)
	at sun.reflect.NativeMethodAccessorImpl.invoke(NativeMethodAccessorImpl.java:62)
	at sun.reflect.DelegatingMethodAccessorImpl.invoke(DelegatingMethodAccessorImpl.java:43)
	at java.lang.reflect.Method.invoke(Method.java:498)
	at org.junit.runners.model.FrameworkMethod$1.runReflectiveCall(FrameworkMethod.java:59)
	at org.junit.internal.runners.model.ReflectiveCallable.run(ReflectiveCallable.java:12)
	at org.junit.runners.model.FrameworkMethod.invokeExplosively(FrameworkMethod.java:56)
	at org.junit.internal.runners.statements.InvokeMethod.evaluate(InvokeMethod.java:17)
	at org.junit.internal.runners.statements.RunBefores.evaluate(RunBefores.java:26)
	at org.junit.internal.runners.statements.FailOnTimeout$CallableStatement.call(FailOnTimeout.java:288)
	at org.junit.internal.runners.statements.FailOnTimeout$CallableStatement.call(FailOnTimeout.java:282)
	at java.util.concurrent.FutureTask.run(FutureTask.java:266)
	at java.lang.Thread.run(Thread.java:750)
]]></failure>
    <system-out><![CDATA[2023-02-01 18:45:26,844 [main] WARN  server.ServerUtils (ServerUtils.java:getScmDbDir(148)) - ozone.scm.db.dirs is not configured. We recommend adding this setting. Falling back to ozone.metadata.dirs instead.
2023-02-01 18:45:26,958 [main] WARN  server.ServerUtils (ServerUtils.java:getScmDbDir(148)) - ozone.scm.db.dirs is not configured. We recommend adding this setting. Falling back to ozone.metadata.dirs instead.
2023-02-01 18:45:26,962 [main] INFO  ha.SCMHANodeDetails (SCMHANodeDetails.java:loadSCMHAConfig(209)) - ServiceID for StorageContainerManager is null
2023-02-01 18:45:26,972 [main] WARN  ha.SCMHANodeDetails (SCMHANodeDetails.java:validateSCMHAConfig(182)) - Invalid config ozone.scm.ratis.enable. The config was not specified, but the default value true conflicts with the expected config value false. Falling back to the expected value. Current State of SCM: SCM is running in Non-HA without Ratis Ratis SCM -> Non Ratis SCM or Non HA SCM -> HA SCM is not supported
2023-02-01 18:45:26,972 [main] INFO  ha.SCMHANodeDetails (SCMHANodeDetails.java:loadSCMHAConfig(214)) - ozone.scm.default.service.id is not defined, falling back to ozone.scm.service.ids to find serviceID for StorageContainerManager if it is HA enabled cluster
2023-02-01 18:45:27,478 [main] WARN  utils.HAUtils (HAUtils.java:getMetaDir(342)) - ozone.scm.db.dirs is not configured. We recommend adding this setting. Falling back to ozone.metadata.dirs instead.
2023-02-01 18:45:27,613 [main] WARN  db.DBStoreBuilder (DBStoreBuilder.java:applyDBDefinition(144)) - ozone.scm.db.dirs is not configured. We recommend adding this setting. Falling back to ozone.metadata.dirs instead.
2023-02-01 18:45:27,884 [main] INFO  net.NodeSchemaLoader (NodeSchemaLoader.java:loadSchemaFromFile(129)) - Loading schema from [jar:file:/home/runner/.m2/repository/org/apache/ozone/hdds-common/1.4.0-SNAPSHOT/hdds-common-1.4.0-SNAPSHOT.jar!/network-topology-default.xml]
2023-02-01 18:45:27,885 [main] INFO  net.NodeSchemaLoader (NodeSchemaLoader.java:loadSchema(176)) - Loading network topology layer schema file
2023-02-01 18:45:27,928 [main] INFO  metrics.MetricRegistries (MetricRegistriesLoader.java:load(64)) - Loaded MetricRegistries class org.apache.ratis.metrics.impl.MetricRegistriesImpl
2023-02-01 18:45:27,932 [main] INFO  upgrade.AbstractLayoutVersionManager (AbstractLayoutVersionManager.java:init(83)) - Initializing Layout version manager with metadata layout = DATANODE_SCHEMA_V3 (version = 4), software layout = DATANODE_SCHEMA_V3 (version = 4)
2023-02-01 18:45:28,124 [main] INFO  reflections.Reflections (Reflections.java:scan(232)) - Reflections took 118 ms to scan 7 urls, producing 149 keys and 361 values 
2023-02-01 18:45:28,210 [main] INFO  ha.SequenceIdGenerator (SequenceIdGenerator.java:upgradeToSequenceId(349)) - upgrade localId to 111677748019200000
2023-02-01 18:45:28,210 [main] INFO  ha.SequenceIdGenerator (SequenceIdGenerator.java:upgradeToSequenceId(359)) - upgrade delTxnId to 0
2023-02-01 18:45:28,213 [main] INFO  ha.SequenceIdGenerator (SequenceIdGenerator.java:upgradeToSequenceId(376)) - upgrade containerId to 0
2023-02-01 18:45:28,215 [main] INFO  ha.SequenceIdGenerator (SequenceIdGenerator.java:<init>(220)) - Init the HA SequenceIdGenerator.
2023-02-01 18:45:28,260 [main] WARN  server.ServerUtils (ServerUtils.java:sanitizeUserArgs(73)) - ozone.scm.stale.node.interval value = 300000 is larger than max = 100000 based on the key value of ozone.scm.heartbeat.thread.interval, reset to the max value 100000.
2023-02-01 18:45:28,261 [main] WARN  server.ServerUtils (ServerUtils.java:sanitizeUserArgs(73)) - ozone.scm.stale.node.interval value = 300000 is larger than max = 100000 based on the key value of ozone.scm.heartbeat.thread.interval, reset to the max value 100000.
2023-02-01 18:45:28,266 [main] INFO  node.SCMNodeManager (SCMNodeManager.java:<init>(149)) - Entering startup safe mode.
2023-02-01 18:45:28,324 [main] INFO  algorithms.ContainerPlacementPolicyFactory (ContainerPlacementPolicyFactory.java:getPolicyInternal(86)) - Create container placement policy of type org.apache.hadoop.hdds.scm.container.placement.algorithms.SCMContainerPlacementRandom
2023-02-01 18:45:28,327 [main] INFO  algorithms.ContainerPlacementPolicyFactory (ContainerPlacementPolicyFactory.java:getPolicyInternal(86)) - Create container placement policy of type org.apache.hadoop.hdds.scm.container.placement.algorithms.SCMContainerPlacementRackScatter
2023-02-01 18:45:28,343 [main] INFO  pipeline.PipelineStateManagerImpl (PipelineStateManagerImpl.java:initialize(78)) - No pipeline exists in current db
2023-02-01 18:45:28,377 [main] INFO  algorithms.LeaderChoosePolicyFactory (LeaderChoosePolicyFactory.java:getPolicy(57)) - Create leader choose policy of type org.apache.hadoop.hdds.scm.pipeline.leader.choose.algorithms.MinLeaderCountChoosePolicy
2023-02-01 18:45:28,377 [main] INFO  algorithms.ContainerPlacementPolicyFactory (ContainerPlacementPolicyFactory.java:getPolicyInternal(86)) - Create container placement policy of type org.apache.hadoop.hdds.scm.container.placement.algorithms.SCMContainerPlacementRackScatter
2023-02-01 18:45:28,382 [main] INFO  ha.SCMServiceManager (SCMServiceManager.java:register(42)) - Registering service BackgroundPipelineCreator.
2023-02-01 18:45:28,382 [main] INFO  pipeline.BackgroundPipelineCreator (BackgroundPipelineCreator.java:start(124)) - Starting RatisPipelineUtilsThread.
2023-02-01 18:45:28,386 [main] INFO  BackgroundPipelineScrubber (BackgroundSCMService.java:start(68)) - Starting BackgroundPipelineScrubber Service.
2023-02-01 18:45:28,387 [main] INFO  ha.SCMServiceManager (SCMServiceManager.java:register(42)) - Registering service BackgroundPipelineScrubber.
2023-02-01 18:45:28,394 [main] INFO  ExpiredContainerReplicaOpScrubber (BackgroundSCMService.java:start(68)) - Starting ExpiredContainerReplicaOpScrubber Service.
2023-02-01 18:45:28,394 [main] INFO  ha.SCMServiceManager (SCMServiceManager.java:register(42)) - Registering service ExpiredContainerReplicaOpScrubber.
2023-02-01 18:45:28,430 [main] INFO  algorithms.PipelineChoosePolicyFactory (PipelineChoosePolicyFactory.java:createPipelineChoosePolicyFromClass(73)) - Create pipeline choose policy of type org.apache.hadoop.hdds.scm.pipeline.choose.algorithms.RandomPipelineChoosePolicy
2023-02-01 18:45:28,446 [main] INFO  ha.SCMServiceManager (SCMServiceManager.java:register(42)) - Registering service SCMBlockDeletingService.
2023-02-01 18:45:28,497 [main] INFO  replication.ReplicationManager (ReplicationManager.java:start(263)) - Starting Replication Monitor Thread.
2023-02-01 18:45:28,507 [main] INFO  ha.SCMServiceManager (SCMServiceManager.java:register(42)) - Registering service ReplicationManager.
2023-02-01 18:45:28,511 [ReplicationMonitor] INFO  replication.ReplicationManager (ReplicationManager.java:processAll(334)) - Replication Manager is not ready to run until 3000ms after safemode exit
2023-02-01 18:45:28,517 [main] INFO  safemode.ContainerSafeModeRule (ContainerSafeModeRule.java:<init>(89)) - containers with one replica threshold count 0
2023-02-01 18:45:28,520 [main] INFO  safemode.HealthyPipelineSafeModeRule (HealthyPipelineSafeModeRule.java:initializeRule(169)) - Total pipeline count is 0, healthy pipeline threshold count is 1
2023-02-01 18:45:28,522 [main] INFO  safemode.OneReplicaPipelineSafeModeRule (OneReplicaPipelineSafeModeRule.java:initializeRule(180)) - Total pipeline count is 0, pipeline's with at least one datanode reported threshold count is 0
2023-02-01 18:45:28,856 [main] INFO  audit.AuditLogger (AuditLogger.java:refreshDebugCmdSet(126)) - Refresh DebugCmdSet for SCMAudit to [].
2023-02-01 18:45:28,884 [main] INFO  ipc.CallQueueManager (CallQueueManager.java:<init>(90)) - Using callQueue: class java.util.concurrent.LinkedBlockingQueue, queueCapacity: 2000, scheduler: class org.apache.hadoop.ipc.DefaultRpcScheduler, ipcBackoff: false.
2023-02-01 18:45:28,920 [Socket Reader #1 for port 0] INFO  ipc.Server (Server.java:run(1273)) - Starting Socket Reader #1 for port 0
2023-02-01 18:45:28,989 [Listener at 0.0.0.0/43205] INFO  audit.AuditLogger (AuditLogger.java:refreshDebugCmdSet(126)) - Refresh DebugCmdSet for SCMAudit to [].
2023-02-01 18:45:28,997 [Listener at 0.0.0.0/43205] INFO  ipc.CallQueueManager (CallQueueManager.java:<init>(90)) - Using callQueue: class java.util.concurrent.LinkedBlockingQueue, queueCapacity: 2000, scheduler: class org.apache.hadoop.ipc.DefaultRpcScheduler, ipcBackoff: false.
2023-02-01 18:45:28,998 [Socket Reader #1 for port 0] INFO  ipc.Server (Server.java:run(1273)) - Starting Socket Reader #1 for port 0
2023-02-01 18:45:29,050 [Listener at 0.0.0.0/35161] INFO  audit.AuditLogger (AuditLogger.java:refreshDebugCmdSet(126)) - Refresh DebugCmdSet for SCMAudit to [].
2023-02-01 18:45:29,060 [Listener at 0.0.0.0/35161] INFO  ipc.CallQueueManager (CallQueueManager.java:<init>(90)) - Using callQueue: class java.util.concurrent.LinkedBlockingQueue, queueCapacity: 2000, scheduler: class org.apache.hadoop.ipc.DefaultRpcScheduler, ipcBackoff: false.
2023-02-01 18:45:29,061 [Socket Reader #1 for port 0] INFO  ipc.Server (Server.java:run(1273)) - Starting Socket Reader #1 for port 0
2023-02-01 18:45:29,205 [Listener at 0.0.0.0/44401] INFO  ha.SCMServiceManager (SCMServiceManager.java:register(42)) - Registering service ContainerBalancer.
2023-02-01 18:45:29,206 [Listener at 0.0.0.0/44401] INFO  server.StorageContainerManager (StorageContainerManager.java:<init>(401)) - 
Container Balancer status:
Key                            Value
Running                        true
Container Balancer Configuration values:
Key                                                Value
Threshold                                          10
Max Datanodes to Involve per Iteration(percent)    20
Max Size to Move per Iteration                     500GB
Max Size Entering Target per Iteration             26GB
Max Size Leaving Source per Iteration              26GB

2023-02-01 18:45:29,207 [Listener at 0.0.0.0/44401] INFO  ha.SCMContext (SCMContext.java:updateSafeModeStatus(228)) - Update SafeModeStatus from SafeModeStatus{safeModeStatus=true, preCheckPassed=false} to SafeModeStatus{safeModeStatus=true, preCheckPassed=false}.
2023-02-01 18:45:29,210 [Listener at 0.0.0.0/44401] INFO  server.StorageContainerManager (StorageContainerManager.java:start(1440)) - StorageContainerLocationProtocol RPC server is listening at /0.0.0.0:44401
2023-02-01 18:45:29,266 [Listener at 0.0.0.0/44401] WARN  impl.MetricsConfig (MetricsConfig.java:loadFirst(136)) - Cannot locate configuration: tried hadoop-metrics2-storagecontainermanager.properties,hadoop-metrics2.properties
2023-02-01 18:45:29,277 [Listener at 0.0.0.0/44401] INFO  impl.MetricsSystemImpl (MetricsSystemImpl.java:startTimer(378)) - Scheduled Metric snapshot period at 10 second(s).
2023-02-01 18:45:29,278 [Listener at 0.0.0.0/44401] INFO  impl.MetricsSystemImpl (MetricsSystemImpl.java:start(191)) - StorageContainerManager metrics system started
2023-02-01 18:45:29,501 [Listener at 0.0.0.0/44401] INFO  server.SCMClientProtocolServer (SCMClientProtocolServer.java:start(170)) - RPC server for Client  is listening at /0.0.0.0:44401
2023-02-01 18:45:29,501 [IPC Server Responder] INFO  ipc.Server (Server.java:run(1512)) - IPC Server Responder: starting
2023-02-01 18:45:29,503 [IPC Server listener on 0] INFO  ipc.Server (Server.java:run(1352)) - IPC Server listener on 0: starting
2023-02-01 18:45:29,505 [Listener at 0.0.0.0/44401] INFO  server.StorageContainerManager (StorageContainerManager.java:start(1454)) - ScmBlockLocationProtocol RPC server is listening at /0.0.0.0:35161
2023-02-01 18:45:29,506 [Listener at 0.0.0.0/44401] INFO  server.SCMBlockProtocolServer (SCMBlockProtocolServer.java:start(152)) - RPC server for Block Protocol is listening at /0.0.0.0:35161
2023-02-01 18:45:29,506 [IPC Server Responder] INFO  ipc.Server (Server.java:run(1512)) - IPC Server Responder: starting
2023-02-01 18:45:29,507 [IPC Server listener on 0] INFO  ipc.Server (Server.java:run(1352)) - IPC Server listener on 0: starting
2023-02-01 18:45:29,509 [Listener at 0.0.0.0/44401] INFO  server.SCMDatanodeProtocolServer (SCMDatanodeProtocolServer.java:start(194)) - ScmDatanodeProtocol RPC server for DataNodes is listening at /0.0.0.0:43205
2023-02-01 18:45:29,510 [IPC Server Responder] INFO  ipc.Server (Server.java:run(1512)) - IPC Server Responder: starting
2023-02-01 18:45:29,510 [IPC Server listener on 0] INFO  ipc.Server (Server.java:run(1352)) - IPC Server listener on 0: starting
2023-02-01 18:45:29,531 [org.apache.hadoop.util.JvmPauseMonitor$Monitor@5f7bd970] INFO  util.JvmPauseMonitor (JvmPauseMonitor.java:run(188)) - Starting JVM pause monitor
2023-02-01 18:45:29,543 [Listener at 0.0.0.0/44401] INFO  http.BaseHttpServer (BaseHttpServer.java:newHttpServer2BuilderForOzone(213)) - Starting Web-server for scm at: http://0.0.0.0:0
2023-02-01 18:45:29,544 [Listener at 0.0.0.0/44401] INFO  http.BaseHttpServer (BaseHttpServer.java:<init>(108)) - Hadoop Security Enabled: false Ozone Security Enabled: false Ozone HTTP Security Enabled: false 
2023-02-01 18:45:29,571 [Listener at 0.0.0.0/44401] INFO  util.log (Log.java:initialized(170)) - Logging initialized @4047ms to org.eclipse.jetty.util.log.Slf4jLog
2023-02-01 18:45:29,676 [Listener at 0.0.0.0/44401] WARN  server.AuthenticationFilter (AuthenticationFilter.java:constructSecretProvider(240)) - Unable to initialize FileSignerSecretProvider, falling back to use random secrets. Reason: Could not read signature secret file: /home/runner/hadoop-http-auth-signature-secret
2023-02-01 18:45:29,684 [Listener at 0.0.0.0/44401] WARN  http.HttpRequestLog (HttpRequestLog.java:getRequestLog(103)) - Jetty request log can only be enabled using Log4j
2023-02-01 18:45:29,692 [Listener at 0.0.0.0/44401] INFO  http.HttpServer2 (HttpServer2.java:addGlobalFilter(1031)) - Added global filter 'safety' (class=org.apache.hadoop.hdds.server.http.HttpServer2$QuotingInputFilter)
2023-02-01 18:45:29,694 [Listener at 0.0.0.0/44401] INFO  http.HttpServer2 (HttpServer2.java:addFilter(1007)) - Added filter static_user_filter (class=org.apache.hadoop.http.lib.StaticUserWebFilter$StaticUserFilter) to context scm
2023-02-01 18:45:29,694 [Listener at 0.0.0.0/44401] INFO  http.HttpServer2 (HttpServer2.java:addFilter(1015)) - Added filter static_user_filter (class=org.apache.hadoop.http.lib.StaticUserWebFilter$StaticUserFilter) to context static
2023-02-01 18:45:29,695 [Listener at 0.0.0.0/44401] INFO  http.HttpServer2 (HttpServer2.java:addFilter(1015)) - Added filter static_user_filter (class=org.apache.hadoop.http.lib.StaticUserWebFilter$StaticUserFilter) to context logs
2023-02-01 18:45:29,734 [Listener at 0.0.0.0/44401] INFO  http.HttpServer2 (HttpServer2.java:bindListener(1250)) - Jetty bound to port 39759
2023-02-01 18:45:29,735 [Listener at 0.0.0.0/44401] INFO  server.Server (Server.java:doStart(375)) - jetty-9.4.49.v20220914; built: 2022-09-14T01:07:36.601Z; git: 4231a3b2e4cb8548a412a789936d640a97b1aa0a; jvm 1.8.0_352-b08
2023-02-01 18:45:29,773 [Listener at 0.0.0.0/44401] INFO  server.session (DefaultSessionIdManager.java:doStart(334)) - DefaultSessionIdManager workerName=node0
2023-02-01 18:45:29,774 [Listener at 0.0.0.0/44401] INFO  server.session (DefaultSessionIdManager.java:doStart(339)) - No SessionScavenger set, using defaults
2023-02-01 18:45:29,775 [Listener at 0.0.0.0/44401] INFO  server.session (HouseKeeper.java:startScavenging(132)) - node0 Scavenging every 600000ms
2023-02-01 18:45:29,788 [Listener at 0.0.0.0/44401] INFO  handler.ContextHandler (ContextHandler.java:doStart(921)) - Started o.e.j.s.ServletContextHandler@20ad64c{logs,/logs,file:///home/runner/work/ozone/ozone/hadoop-ozone/integration-test/target/log,AVAILABLE}
2023-02-01 18:45:29,789 [Listener at 0.0.0.0/44401] INFO  handler.ContextHandler (ContextHandler.java:doStart(921)) - Started o.e.j.s.ServletContextHandler@981d9d2{static,/static,file:///home/runner/work/ozone/ozone/hadoop-ozone/integration-test/target/test-classes/webapps/static,AVAILABLE}
2023-02-01 18:45:29,830 [Listener at 0.0.0.0/44401] INFO  handler.ContextHandler (ContextHandler.java:doStart(921)) - Started o.e.j.w.WebAppContext@4ee1c29a{scm,/,file:///home/runner/work/ozone/ozone/hadoop-ozone/integration-test/target/test-classes/webapps/scm/,AVAILABLE}{file:/home/runner/work/ozone/ozone/hadoop-ozone/integration-test/target/test-classes/webapps/scm}
2023-02-01 18:45:29,838 [Listener at 0.0.0.0/44401] INFO  server.AbstractConnector (AbstractConnector.java:doStart(333)) - Started ServerConnector@7307ae6{HTTP/1.1, (http/1.1)}{0.0.0.0:39759}
2023-02-01 18:45:29,838 [Listener at 0.0.0.0/44401] INFO  server.Server (Server.java:doStart(415)) - Started @4314ms
2023-02-01 18:45:29,843 [Listener at 0.0.0.0/44401] INFO  impl.MetricsSinkAdapter (MetricsSinkAdapter.java:start(204)) - Sink prometheus started
2023-02-01 18:45:29,844 [Listener at 0.0.0.0/44401] INFO  impl.MetricsSystemImpl (MetricsSystemImpl.java:registerSink(305)) - Registered sink prometheus
2023-02-01 18:45:29,845 [Listener at 0.0.0.0/44401] INFO  http.BaseHttpServer (BaseHttpServer.java:updateConnectorAddress(333)) - HTTP server of scm listening at http://0.0.0.0:39759
2023-02-01 18:45:29,846 [Listener at 0.0.0.0/44401] WARN  server.ServerUtils (ServerUtils.java:getDBPath(225)) - ozone.om.db.dirs is not configured. We recommend adding this setting. Falling back to ozone.metadata.dirs instead.
2023-02-01 18:45:29,901 [Listener at 0.0.0.0/44401] INFO  audit.AuditLogger (AuditLogger.java:refreshDebugCmdSet(126)) - Refresh DebugCmdSet for OMAudit to [].
2023-02-01 18:45:29,973 [Listener at 0.0.0.0/44401] INFO  ha.OMHANodeDetails (OMHANodeDetails.java:loadOMHAConfig(115)) - ozone.om.internal.service.id is not defined, falling back to ozone.om.service.ids to find serviceID for OzoneManager if it is HA enabled cluster
2023-02-01 18:45:29,976 [Listener at 0.0.0.0/44401] INFO  ha.OMHANodeDetails (OMHANodeDetails.java:loadOMHAConfig(226)) - Configuration does not have ozone.om.address set. Falling back to the default OM address /127.0.0.1:0
2023-02-01 18:45:29,976 [Listener at 0.0.0.0/44401] INFO  ha.OMHANodeDetails (OMHANodeDetails.java:getOMNodeDetailsForNonHA(254)) - OM Service ID is not set. Setting it to the default ID: omServiceIdDefault
2023-02-01 18:45:29,977 [Listener at 0.0.0.0/44401] INFO  ha.OMHANodeDetails (OMHANodeDetails.java:getOMNodeDetailsForNonHA(261)) - OM Node ID is not set. Setting it to the default ID: om1
2023-02-01 18:45:29,980 [Listener at 0.0.0.0/44401] WARN  server.ServerUtils (ServerUtils.java:getDBPath(225)) - ozone.om.db.dirs is not configured. We recommend adding this setting. Falling back to ozone.metadata.dirs instead.
2023-02-01 18:45:29,983 [Listener at 0.0.0.0/44401] INFO  upgrade.AbstractLayoutVersionManager (AbstractLayoutVersionManager.java:init(83)) - Initializing Layout version manager with metadata layout = MULTITENANCY_SCHEMA (version = 3), software layout = MULTITENANCY_SCHEMA (version = 3)
2023-02-01 18:45:30,058 [Listener at 0.0.0.0/44401] INFO  reflections.Reflections (Reflections.java:scan(232)) - Reflections took 71 ms to scan 2 urls, producing 155 keys and 428 values [using 2 cores]
2023-02-01 18:45:30,062 [Listener at 0.0.0.0/44401] INFO  upgrade.OMLayoutVersionManager (OMLayoutVersionManager.java:lambda$0(115)) - Skipping Upgrade Action MockOmUpgradeAction since it has been finalized.
2023-02-01 18:45:30,063 [Listener at 0.0.0.0/44401] WARN  server.ServerUtils (ServerUtils.java:getDBPath(225)) - ozone.om.db.dirs is not configured. We recommend adding this setting. Falling back to ozone.metadata.dirs instead.
2023-02-01 18:45:30,255 [Listener at 0.0.0.0/44401] INFO  proxy.SCMBlockLocationFailoverProxyProvider (SCMBlockLocationFailoverProxyProvider.java:<init>(114)) - Created block location fail-over proxy with 1 nodes: [nodeId=scmNodeId,nodeAddress=/0.0.0.0:35161]
2023-02-01 18:45:30,288 [Listener at 0.0.0.0/44401] INFO  proxy.SCMBlockLocationFailoverProxyProvider (SCMBlockLocationFailoverProxyProvider.java:<init>(114)) - Created block location fail-over proxy with 1 nodes: [nodeId=scmNodeId,nodeAddress=/0.0.0.0:35161]
2023-02-01 18:45:30,492 | INFO  | SCMAudit | user=runner | ip=10.1.0.29 | op=GET_SCM_INFO null | ret=SUCCESS |  
2023-02-01 18:45:30,517 [Listener at 0.0.0.0/44401] WARN  server.ServerUtils (ServerUtils.java:getDBPath(225)) - ozone.om.db.dirs is not configured. We recommend adding this setting. Falling back to ozone.metadata.dirs instead.
2023-02-01 18:45:30,523 [Listener at 0.0.0.0/44401] INFO  codec.OmKeyInfoCodec (OmKeyInfoCodec.java:<init>(49)) - OmKeyInfoCodec ignorePipeline = true
2023-02-01 18:45:30,524 [Listener at 0.0.0.0/44401] INFO  codec.RepeatedOmKeyInfoCodec (RepeatedOmKeyInfoCodec.java:<init>(41)) - RepeatedOmKeyInfoCodec ignorePipeline = true
2023-02-01 18:45:30,689 [Listener at 0.0.0.0/44401] INFO  om.OzoneManager (OzoneManager.java:instantiateServices(728)) - S3 Multi-Tenancy is disabled
2023-02-01 18:45:30,771 [Listener at 0.0.0.0/44401] INFO  om.OzoneManager (OzoneManager.java:addS3GVolumeToDB(4320)) - Created Volume s3v With Owner runner required for S3Gateway operations.
2023-02-01 18:45:30,827 [Listener at 0.0.0.0/44401] WARN  server.ServerUtils (ServerUtils.java:getDefaultRatisDirectory(237)) - Storage directory for Ratis is not configured. It is a good idea to map this to an SSD disk. Falling back to ozone.metadata.dirs
2023-02-01 18:45:30,827 [Listener at 0.0.0.0/44401] WARN  utils.OzoneManagerRatisUtils (OzoneManagerRatisUtils.java:getOMRatisSnapshotDirectory(431)) - ozone.om.ratis.snapshot.dir is not configured. Falling back to ozone.metadata.dirs config
2023-02-01 18:45:30,845 [Listener at 0.0.0.0/44401] WARN  server.ServerUtils (ServerUtils.java:getDefaultRatisDirectory(237)) - Storage directory for Ratis is not configured. It is a good idea to map this to an SSD disk. Falling back to ozone.metadata.dirs
2023-02-01 18:45:30,880 [Listener at 0.0.0.0/44401] INFO  ratis.OzoneManagerRatisServer (OzoneManagerRatisServer.java:<init>(160)) - Instantiating OM Ratis server with groupID: omServiceIdDefault and peers: localhost:9872
2023-02-01 18:45:30,889 [Listener at 0.0.0.0/44401] INFO  ratis.OzoneManagerStateMachine (OzoneManagerStateMachine.java:loadSnapshotInfoFromDB(636)) - LastAppliedIndex is set from TransactionInfo from OM DB as (t:0, i:~)
2023-02-01 18:45:30,946 [Listener at 0.0.0.0/44401] INFO  server.RaftServer (ConfUtils.java:logGet(46)) - raft.rpc.type = GRPC (default)
2023-02-01 18:45:31,018 [Listener at 0.0.0.0/44401] INFO  grpc.GrpcConfigKeys (ConfUtils.java:logFallback(53)) - raft.grpc.admin.host = null (fallback to raft.grpc.server.host)
2023-02-01 18:45:31,019 [Listener at 0.0.0.0/44401] INFO  grpc.GrpcConfigKeys (ConfUtils.java:logFallback(53)) - raft.grpc.admin.port = 9872 (fallback to raft.grpc.server.port)
2023-02-01 18:45:31,020 [Listener at 0.0.0.0/44401] INFO  grpc.GrpcConfigKeys (ConfUtils.java:logFallback(53)) - raft.grpc.client.host = null (fallback to raft.grpc.server.host)
2023-02-01 18:45:31,021 [Listener at 0.0.0.0/44401] INFO  grpc.GrpcConfigKeys (ConfUtils.java:logFallback(53)) - raft.grpc.client.port = 9872 (fallback to raft.grpc.server.port)
2023-02-01 18:45:31,021 [Listener at 0.0.0.0/44401] INFO  grpc.GrpcConfigKeys (ConfUtils.java:logGet(46)) - raft.grpc.server.host = null (default)
2023-02-01 18:45:31,021 [Listener at 0.0.0.0/44401] INFO  grpc.GrpcConfigKeys (ConfUtils.java:logGet(46)) - raft.grpc.server.port = 9872 (custom)
2023-02-01 18:45:31,022 [Listener at 0.0.0.0/44401] INFO  server.GrpcService (ConfUtils.java:logGet(46)) - raft.grpc.message.size.max = 33554432 (custom)
2023-02-01 18:45:31,024 [Listener at 0.0.0.0/44401] INFO  server.RaftServerConfigKeys (ConfUtils.java:logGet(46)) - raft.server.log.appender.buffer.byte-limit = 33554432 (custom)
2023-02-01 18:45:31,027 [Listener at 0.0.0.0/44401] INFO  server.GrpcService (ConfUtils.java:logGet(46)) - raft.grpc.flow.control.window = 1MB (=1048576) (default)
2023-02-01 18:45:31,028 [Listener at 0.0.0.0/44401] INFO  server.RaftServerConfigKeys (ConfUtils.java:logGet(46)) - raft.server.rpc.request.timeout = 3000ms (default)
2023-02-01 18:45:31,040 [Listener at 0.0.0.0/44401] INFO  grpc.GrpcConfigKeys (ConfUtils.java:logGet(46)) - raft.grpc.server.heartbeat.channel = true (default)
2023-02-01 18:45:31,046 [Listener at 0.0.0.0/44401] INFO  grpc.GrpcConfigKeys (ConfUtils.java:logGet(46)) - raft.grpc.server.async.request.thread.pool.cached = true (default)
2023-02-01 18:45:31,046 [Listener at 0.0.0.0/44401] INFO  grpc.GrpcConfigKeys (ConfUtils.java:logGet(46)) - raft.grpc.server.async.request.thread.pool.size = 32 (default)
2023-02-01 18:45:31,246 [Listener at 0.0.0.0/44401] INFO  impl.DataStreamServerImpl (ConfUtils.java:logGet(46)) - raft.datastream.type = NETTY (custom)
2023-02-01 18:45:31,270 [Listener at 0.0.0.0/44401] INFO  server.RaftServerConfigKeys (ConfUtils.java:logGet(46)) - raft.server.data-stream.async.request.thread.pool.cached = false (default)
2023-02-01 18:45:31,271 [Listener at 0.0.0.0/44401] INFO  server.RaftServerConfigKeys (ConfUtils.java:logGet(46)) - raft.server.data-stream.async.request.thread.pool.size = 32 (default)
2023-02-01 18:45:31,271 [Listener at 0.0.0.0/44401] INFO  server.RaftServerConfigKeys (ConfUtils.java:logGet(46)) - raft.server.data-stream.async.write.thread.pool.size = 16 (default)
2023-02-01 18:45:31,273 [Listener at 0.0.0.0/44401] INFO  server.RaftServerConfigKeys (ConfUtils.java:logGet(46)) - raft.server.data-stream.client.pool.size = 10 (default)
2023-02-01 18:45:31,276 [Listener at 0.0.0.0/44401] INFO  netty.NettyConfigKeys$DataStream (ConfUtils.java:logGet(46)) - raft.netty.dataStream.server.use-epoll = false (default)
2023-02-01 18:45:31,277 [Listener at 0.0.0.0/44401] INFO  netty.NettyConfigKeys$DataStream (ConfUtils.java:logGet(46)) - raft.netty.dataStream.server.boss-group.size = 0 (default)
2023-02-01 18:45:31,283 [Listener at 0.0.0.0/44401] INFO  netty.NettyConfigKeys$DataStream (ConfUtils.java:logGet(46)) - raft.netty.dataStream.server.worker-group.size = 0 (default)
2023-02-01 18:45:31,284 [Listener at 0.0.0.0/44401] INFO  netty.NettyConfigKeys$DataStream (ConfUtils.java:logGet(46)) - raft.netty.dataStream.server.tls.conf = null (default)
2023-02-01 18:45:31,285 [Listener at 0.0.0.0/44401] INFO  netty.NettyConfigKeys$DataStream (ConfUtils.java:logGet(46)) - raft.netty.dataStream.host = null (default)
2023-02-01 18:45:31,286 [Listener at 0.0.0.0/44401] INFO  netty.NettyConfigKeys$DataStream (ConfUtils.java:logGet(46)) - raft.netty.dataStream.port = 0 (default)
2023-02-01 18:45:31,326 [Listener at 0.0.0.0/44401] INFO  server.RaftServerConfigKeys (ConfUtils.java:logGet(46)) - raft.server.threadpool.proxy.cached = true (default)
2023-02-01 18:45:31,327 [Listener at 0.0.0.0/44401] INFO  server.RaftServerConfigKeys (ConfUtils.java:logGet(46)) - raft.server.threadpool.proxy.size = 0 (default)
2023-02-01 18:45:31,330 [Listener at 0.0.0.0/44401] INFO  server.RaftServerConfigKeys (ConfUtils.java:logGet(46)) - raft.server.rpc.slowness.timeout = 120s (custom)
2023-02-01 18:45:31,330 [Listener at 0.0.0.0/44401] INFO  server.RaftServerConfigKeys (ConfUtils.java:logGet(46)) - raft.server.leaderelection.leader.step-down.wait-time = 10s (default)
2023-02-01 18:45:31,336 [Listener at 0.0.0.0/44401] INFO  server.RaftServerConfigKeys (ConfUtils.java:logGet(46)) - raft.server.storage.dir = [/home/runner/work/ozone/ozone/hadoop-ozone/integration-test/target/test-dir/MiniOzoneClusterImpl-64158d22-d035-436d-bfd1-97d6094c143d/ozone-meta/ratis] (custom)
2023-02-01 18:45:31,357 [om1-NettyServerStreamRpc-bossGroup--thread1] INFO  logging.LoggingHandler (AbstractInternalLogger.java:log(148)) - [id: 0x800b5f72] REGISTERED
2023-02-01 18:45:31,359 [om1-NettyServerStreamRpc-bossGroup--thread1] INFO  logging.LoggingHandler (AbstractInternalLogger.java:log(148)) - [id: 0x800b5f72] BIND: 0.0.0.0/0.0.0.0:0
2023-02-01 18:45:31,362 [Listener at 0.0.0.0/44401] INFO  server.RaftServer (RaftServerProxy.java:addNew(96)) - om1: addNew group-C5BA1605619E:[om1|rpc:localhost:9872|priority:0|startupRole:FOLLOWER] returns group-C5BA1605619E:java.util.concurrent.CompletableFuture@53e36530[Not completed]
2023-02-01 18:45:31,363 [Listener at 0.0.0.0/44401] INFO  om.OzoneManager (OzoneManager.java:initializeRatisServer(2012)) - OzoneManager Ratis server initialized at port 9872
2023-02-01 18:45:31,363 [om1-NettyServerStreamRpc-bossGroup--thread1] INFO  logging.LoggingHandler (AbstractInternalLogger.java:log(148)) - [id: 0x800b5f72, L:/0:0:0:0:0:0:0:0:39335] ACTIVE
2023-02-01 18:45:31,384 [Listener at 0.0.0.0/44401] INFO  om.OzoneManager (OzoneManager.java:getRpcServer(1135)) - Creating RPC Server
2023-02-01 18:45:31,394 [pool-54-thread-1] INFO  server.RaftServer$Division (RaftServerImpl.java:<init>(195)) - om1: new RaftServerImpl for group-C5BA1605619E:[om1|rpc:localhost:9872|priority:0|startupRole:FOLLOWER] with OzoneManagerStateMachine:uninitialized
2023-02-01 18:45:31,396 [pool-54-thread-1] INFO  server.RaftServerConfigKeys (ConfUtils.java:logGet(46)) - raft.server.rpc.timeout.min = 1s (custom)
2023-02-01 18:45:31,396 [pool-54-thread-1] INFO  server.RaftServerConfigKeys (ConfUtils.java:logGet(46)) - raft.server.rpc.timeout.max = 1200ms (custom)
2023-02-01 18:45:31,397 [pool-54-thread-1] INFO  server.RaftServerConfigKeys (ConfUtils.java:logGet(46)) - raft.server.rpc.sleep.time = 25ms (default)
2023-02-01 18:45:31,397 [pool-54-thread-1] INFO  server.RaftServerConfigKeys (ConfUtils.java:logGet(46)) - raft.server.rpc.slowness.timeout = 120s (custom)
2023-02-01 18:45:31,397 [pool-54-thread-1] INFO  server.RaftServerConfigKeys (ConfUtils.java:logGet(46)) - raft.server.leaderelection.leader.step-down.wait-time = 10s (default)
2023-02-01 18:45:31,397 [pool-54-thread-1] INFO  server.RaftServerConfigKeys (ConfUtils.java:logGet(46)) - raft.server.sleep.deviation.threshold = 300ms (default)
2023-02-01 18:45:31,407 [pool-54-thread-1] INFO  server.RaftServer$Division (ServerState.java:<init>(118)) - om1@group-C5BA1605619E: ConfigurationManager, init=-1: peers:[om1|rpc:localhost:9872|priority:0|startupRole:FOLLOWER]|listeners:[], old=null, confs=<EMPTY_MAP>
2023-02-01 18:45:31,408 [pool-54-thread-1] INFO  server.RaftServerConfigKeys (ConfUtils.java:logGet(46)) - raft.server.storage.dir = [/home/runner/work/ozone/ozone/hadoop-ozone/integration-test/target/test-dir/MiniOzoneClusterImpl-64158d22-d035-436d-bfd1-97d6094c143d/ozone-meta/ratis] (custom)
2023-02-01 18:45:31,414 [pool-54-thread-1] INFO  server.RaftServerConfigKeys (ConfUtils.java:logGet(46)) - raft.server.log.corruption.policy = EXCEPTION (default)
2023-02-01 18:45:31,415 [pool-54-thread-1] INFO  server.RaftServerConfigKeys (ConfUtils.java:logGet(46)) - raft.server.storage.free-space.min = 0MB (=0) (default)
2023-02-01 18:45:31,423 [pool-54-thread-1] INFO  server.RaftServerConfigKeys (ConfUtils.java:logGet(46)) - raft.server.notification.no-leader.timeout = 120s (custom)
2023-02-01 18:45:31,426 [pool-54-thread-1] INFO  server.RaftServerConfigKeys (ConfUtils.java:logGet(46)) - raft.server.retrycache.expirytime = 300s (custom)
2023-02-01 18:45:31,427 [pool-54-thread-1] INFO  server.RaftServerConfigKeys (ConfUtils.java:logGet(46)) - raft.server.retrycache.statistics.expirytime = 100μs (default)
2023-02-01 18:45:31,508 [pool-54-thread-1] INFO  server.RaftServerConfigKeys (ConfUtils.java:logGet(46)) - raft.server.log.appender.install.snapshot.enabled = false (custom)
2023-02-01 18:45:31,509 [pool-54-thread-1] INFO  server.RaftServerConfigKeys (ConfUtils.java:logGet(46)) - raft.server.threadpool.server.cached = true (default)
2023-02-01 18:45:31,509 [pool-54-thread-1] INFO  server.RaftServerConfigKeys (ConfUtils.java:logGet(46)) - raft.server.threadpool.server.size = 0 (default)
2023-02-01 18:45:31,510 [pool-54-thread-1] INFO  server.RaftServerConfigKeys (ConfUtils.java:logGet(46)) - raft.server.threadpool.client.cached = true (default)
2023-02-01 18:45:31,510 [pool-54-thread-1] INFO  server.RaftServerConfigKeys (ConfUtils.java:logGet(46)) - raft.server.threadpool.client.size = 0 (default)
2023-02-01 18:45:32,147 [Listener at 0.0.0.0/44401] INFO  reflections.Reflections (Reflections.java:scan(232)) - Reflections took 661 ms to scan 19 urls, producing 67 keys and 4594 values [using 2 cores]
2023-02-01 18:45:32,494 [Listener at 0.0.0.0/44401] INFO  ipc.CallQueueManager (CallQueueManager.java:<init>(90)) - Using callQueue: class java.util.concurrent.LinkedBlockingQueue, queueCapacity: 2000, scheduler: class org.apache.hadoop.ipc.DefaultRpcScheduler, ipcBackoff: false.
2023-02-01 18:45:32,495 [Socket Reader #1 for port 0] INFO  ipc.Server (Server.java:run(1273)) - Starting Socket Reader #1 for port 0
2023-02-01 18:45:32,532 [Listener at 127.0.0.1/39701] INFO  impl.MetricsSystemImpl (MetricsSystemImpl.java:init(158)) - OzoneManager metrics system started (again)
2023-02-01 18:45:32,550 [Listener at 127.0.0.1/39701] INFO  om.OzoneManager (OzoneManager.java:start(1519)) - OzoneManager RPC server is listening at localhost/127.0.0.1:39701
2023-02-01 18:45:32,550 [Listener at 127.0.0.1/39701] INFO  ratis.OzoneManagerRatisServer (OzoneManagerRatisServer.java:start(555)) - Starting OzoneManagerRatisServer om1 at port 9872
2023-02-01 18:45:32,553 [om1-impl-thread1] INFO  storage.RaftStorageDirectory (RaftStorageDirectoryImpl.java:analyzeStorage(137)) - The storage directory /home/runner/work/ozone/ozone/hadoop-ozone/integration-test/target/test-dir/MiniOzoneClusterImpl-64158d22-d035-436d-bfd1-97d6094c143d/ozone-meta/ratis/bf265839-605b-3f16-9796-c5ba1605619e does not exist. Creating ...
2023-02-01 18:45:32,558 [om1-impl-thread1] INFO  storage.RaftStorageDirectory (RaftStorageDirectoryImpl.java:tryLock(231)) - Lock on /home/runner/work/ozone/ozone/hadoop-ozone/integration-test/target/test-dir/MiniOzoneClusterImpl-64158d22-d035-436d-bfd1-97d6094c143d/ozone-meta/ratis/bf265839-605b-3f16-9796-c5ba1605619e/in_use.lock acquired by nodename 48019@fv-az985-588
2023-02-01 18:45:32,563 [om1-impl-thread1] INFO  storage.RaftStorage (RaftStorageImpl.java:format(96)) - Storage directory /home/runner/work/ozone/ozone/hadoop-ozone/integration-test/target/test-dir/MiniOzoneClusterImpl-64158d22-d035-436d-bfd1-97d6094c143d/ozone-meta/ratis/bf265839-605b-3f16-9796-c5ba1605619e has been successfully formatted.
2023-02-01 18:45:32,565 [om1-impl-thread1] INFO  server.RaftServerConfigKeys (ConfUtils.java:logGet(46)) - raft.server.log.use.memory = false (default)
2023-02-01 18:45:32,573 [om1-impl-thread1] INFO  server.RaftServerConfigKeys (ConfUtils.java:logGet(46)) - raft.server.log.purge.gap = 1000000 (custom)
2023-02-01 18:45:32,573 [om1-impl-thread1] INFO  server.RaftServerConfigKeys (ConfUtils.java:logGet(46)) - raft.server.log.appender.buffer.byte-limit = 33554432 (custom)
2023-02-01 18:45:32,574 [om1-impl-thread1] INFO  server.RaftServerConfigKeys (ConfUtils.java:logGet(46)) - raft.server.log.statemachine.data.read.timeout = 1000ms (default)
2023-02-01 18:45:32,575 [om1-impl-thread1] INFO  server.RaftServerConfigKeys (ConfUtils.java:logGet(46)) - raft.server.log.purge.preservation.log.num = 0 (default)
2023-02-01 18:45:32,577 [om1-impl-thread1] INFO  server.RaftServerConfigKeys (ConfUtils.java:logGet(46)) - raft.server.log.segment.size.max = 4194304 (custom)
2023-02-01 18:45:32,583 [om1-impl-thread1] INFO  server.RaftServerConfigKeys (ConfUtils.java:logGet(46)) - raft.server.log.segment.cache.num.max = 2 (custom)
2023-02-01 18:45:32,583 [om1-impl-thread1] INFO  server.RaftServerConfigKeys (ConfUtils.java:logGet(46)) - raft.server.log.segment.cache.size.max = 200MB (=209715200) (default)
2023-02-01 18:45:32,589 [om1-impl-thread1] INFO  segmented.SegmentedRaftLogWorker (SegmentedRaftLogWorker.java:<init>(189)) - new om1@group-C5BA1605619E-SegmentedRaftLogWorker for RaftStorageImpl:Storage Directory /home/runner/work/ozone/ozone/hadoop-ozone/integration-test/target/test-dir/MiniOzoneClusterImpl-64158d22-d035-436d-bfd1-97d6094c143d/ozone-meta/ratis/bf265839-605b-3f16-9796-c5ba1605619e
2023-02-01 18:45:32,590 [om1-impl-thread1] INFO  server.RaftServerConfigKeys (ConfUtils.java:logGet(46)) - raft.server.log.queue.byte-limit = 64MB (=67108864) (default)
2023-02-01 18:45:32,590 [om1-impl-thread1] INFO  server.RaftServerConfigKeys (ConfUtils.java:logGet(46)) - raft.server.log.queue.element-limit = 4096 (default)
2023-02-01 18:45:32,591 [om1-impl-thread1] INFO  server.RaftServerConfigKeys (ConfUtils.java:logGet(46)) - raft.server.log.segment.size.max = 4194304 (custom)
2023-02-01 18:45:32,591 [om1-impl-thread1] INFO  server.RaftServerConfigKeys (ConfUtils.java:logGet(46)) - raft.server.log.preallocated.size = 4194304 (custom)
2023-02-01 18:45:32,591 [om1-impl-thread1] INFO  server.RaftServerConfigKeys (ConfUtils.java:logGet(46)) - raft.server.log.force.sync.num = 128 (default)
2023-02-01 18:45:32,592 [om1-impl-thread1] INFO  server.RaftServerConfigKeys (ConfUtils.java:logGet(46)) - raft.server.log.statemachine.data.sync = true (default)
2023-02-01 18:45:32,592 [om1-impl-thread1] INFO  server.RaftServerConfigKeys (ConfUtils.java:logGet(46)) - raft.server.log.statemachine.data.sync.timeout = 10s (default)
2023-02-01 18:45:32,593 [om1-impl-thread1] INFO  server.RaftServerConfigKeys (ConfUtils.java:logGet(46)) - raft.server.log.statemachine.data.sync.timeout.retry = -1 (default)
2023-02-01 18:45:32,601 [om1-impl-thread1] INFO  server.RaftServerConfigKeys (ConfUtils.java:logGet(46)) - raft.server.log.write.buffer.size = 64KB (=65536) (default)
2023-02-01 18:45:32,601 [om1-impl-thread1] INFO  server.RaftServerConfigKeys (ConfUtils.java:logGet(46)) - raft.server.log.appender.buffer.byte-limit = 33554432 (custom)
2023-02-01 18:45:32,604 [om1-impl-thread1] INFO  server.RaftServerConfigKeys (ConfUtils.java:logGet(46)) - raft.server.log.unsafe-flush.enabled = false (default)
2023-02-01 18:45:32,605 [om1-impl-thread1] INFO  server.RaftServerConfigKeys (ConfUtils.java:logGet(46)) - raft.server.log.async-flush.enabled = false (default)
2023-02-01 18:45:32,605 [om1-impl-thread1] INFO  server.RaftServerConfigKeys (ConfUtils.java:logGet(46)) - raft.server.log.statemachine.data.caching.enabled = false (default)
2023-02-01 18:45:32,611 [om1-impl-thread1] INFO  segmented.SegmentedRaftLogWorker (SegmentedRaftLogWorker.java:lambda$new$0(135)) - om1@group-C5BA1605619E-SegmentedRaftLogWorker: flushIndex: setUnconditionally 0 -> -1
2023-02-01 18:45:32,611 [om1-impl-thread1] INFO  segmented.SegmentedRaftLogWorker (SegmentedRaftLogWorker.java:lambda$new$0(135)) - om1@group-C5BA1605619E-SegmentedRaftLogWorker: safeCacheEvictIndex: setUnconditionally 0 -> -1
2023-02-01 18:45:32,613 [om1-impl-thread1] INFO  server.RaftServer$Division (RaftServerImpl.java:start(334)) - om1@group-C5BA1605619E: start as a follower, conf=-1: peers:[om1|rpc:localhost:9872|priority:0|startupRole:FOLLOWER]|listeners:[], old=null
2023-02-01 18:45:32,613 [om1-impl-thread1] INFO  server.RaftServer$Division (RaftServerImpl.java:setRole(321)) - om1@group-C5BA1605619E: changes role from      null to FOLLOWER at term 0 for startAsFollower
2023-02-01 18:45:32,615 [om1-impl-thread1] INFO  impl.RoleInfo (RoleInfo.java:updateAndGet(139)) - om1: start om1@group-C5BA1605619E-FollowerState
2023-02-01 18:45:32,616 [om1-impl-thread1] INFO  util.JmxRegister (JmxRegister.java:tryRegister(44)) - Successfully registered JMX Bean with object name Ratis:service=RaftServer,group=group-C5BA1605619E,id=om1
2023-02-01 18:45:32,618 [om1-impl-thread1] INFO  server.RaftServerConfigKeys (ConfUtils.java:logGet(46)) - raft.server.snapshot.auto.trigger.enabled = true (custom)
2023-02-01 18:45:32,619 [om1-impl-thread1] INFO  server.RaftServerConfigKeys (ConfUtils.java:logGet(46)) - raft.server.snapshot.auto.trigger.threshold = 400000 (default)
2023-02-01 18:45:32,619 [om1-impl-thread1] INFO  server.RaftServerConfigKeys (ConfUtils.java:logGet(46)) - raft.server.snapshot.retention.file.num = -1 (default)
2023-02-01 18:45:32,620 [om1-impl-thread1] INFO  server.RaftServerConfigKeys (ConfUtils.java:logGet(46)) - raft.server.log.purge.upto.snapshot.index = true (custom)
2023-02-01 18:45:32,622 [om1@group-C5BA1605619E-FollowerState] INFO  server.RaftServerConfigKeys (ConfUtils.java:logFallback(53)) - raft.server.rpc.first-election.timeout.min = 1s (fallback to raft.server.rpc.timeout.min)
2023-02-01 18:45:32,625 [om1@group-C5BA1605619E-FollowerState] INFO  server.RaftServerConfigKeys (ConfUtils.java:logFallback(53)) - raft.server.rpc.first-election.timeout.max = 1200ms (fallback to raft.server.rpc.timeout.max)
2023-02-01 18:45:32,625 [Listener at 127.0.0.1/39701] INFO  server.RaftServer (RaftServerProxy.java:startImpl(393)) - om1: start RPC server
2023-02-01 18:45:32,635 [Listener at 127.0.0.1/39701] INFO  server.GrpcService (GrpcService.java:startImpl(262)) - om1: GrpcService started, listening on 9872
2023-02-01 18:45:32,638 [Listener at 127.0.0.1/39701] INFO  om.OzoneManager (OzoneManager.java:start(1535)) - Version File has different layout version (3) than OM DB (null). That is expected if this OM has never been finalized to a newer layout version.
2023-02-01 18:45:32,639 [JvmPauseMonitor0] INFO  util.JvmPauseMonitor (JvmPauseMonitor.java:run(105)) - JvmPauseMonitor-om1: Started
2023-02-01 18:45:32,659 [Listener at 127.0.0.1/39701] INFO  http.BaseHttpServer (BaseHttpServer.java:newHttpServer2BuilderForOzone(213)) - Starting Web-server for ozoneManager at: http://0.0.0.0:0
2023-02-01 18:45:32,659 [Listener at 127.0.0.1/39701] INFO  http.BaseHttpServer (BaseHttpServer.java:<init>(108)) - Hadoop Security Enabled: false Ozone Security Enabled: false Ozone HTTP Security Enabled: false 
2023-02-01 18:45:32,660 [Listener at 127.0.0.1/39701] WARN  server.AuthenticationFilter (AuthenticationFilter.java:constructSecretProvider(240)) - Unable to initialize FileSignerSecretProvider, falling back to use random secrets. Reason: Could not read signature secret file: /home/runner/hadoop-http-auth-signature-secret
2023-02-01 18:45:32,662 [Listener at 127.0.0.1/39701] WARN  http.HttpRequestLog (HttpRequestLog.java:getRequestLog(103)) - Jetty request log can only be enabled using Log4j
2023-02-01 18:45:32,664 [Listener at 127.0.0.1/39701] INFO  http.HttpServer2 (HttpServer2.java:addGlobalFilter(1031)) - Added global filter 'safety' (class=org.apache.hadoop.hdds.server.http.HttpServer2$QuotingInputFilter)
2023-02-01 18:45:32,665 [Listener at 127.0.0.1/39701] INFO  http.HttpServer2 (HttpServer2.java:addFilter(1007)) - Added filter static_user_filter (class=org.apache.hadoop.http.lib.StaticUserWebFilter$StaticUserFilter) to context ozoneManager
2023-02-01 18:45:32,665 [Listener at 127.0.0.1/39701] INFO  http.HttpServer2 (HttpServer2.java:addFilter(1015)) - Added filter static_user_filter (class=org.apache.hadoop.http.lib.StaticUserWebFilter$StaticUserFilter) to context logs
2023-02-01 18:45:32,665 [Listener at 127.0.0.1/39701] INFO  http.HttpServer2 (HttpServer2.java:addFilter(1015)) - Added filter static_user_filter (class=org.apache.hadoop.http.lib.StaticUserWebFilter$StaticUserFilter) to context static
2023-02-01 18:45:32,667 [Listener at 127.0.0.1/39701] INFO  http.HttpServer2 (HttpServer2.java:bindListener(1250)) - Jetty bound to port 40959
2023-02-01 18:45:32,667 [Listener at 127.0.0.1/39701] INFO  server.Server (Server.java:doStart(375)) - jetty-9.4.49.v20220914; built: 2022-09-14T01:07:36.601Z; git: 4231a3b2e4cb8548a412a789936d640a97b1aa0a; jvm 1.8.0_352-b08
2023-02-01 18:45:32,670 [Listener at 127.0.0.1/39701] INFO  server.session (DefaultSessionIdManager.java:doStart(334)) - DefaultSessionIdManager workerName=node0
2023-02-01 18:45:32,670 [Listener at 127.0.0.1/39701] INFO  server.session (DefaultSessionIdManager.java:doStart(339)) - No SessionScavenger set, using defaults
2023-02-01 18:45:32,670 [Listener at 127.0.0.1/39701] INFO  server.session (HouseKeeper.java:startScavenging(132)) - node0 Scavenging every 660000ms
2023-02-01 18:45:32,671 [Listener at 127.0.0.1/39701] INFO  handler.ContextHandler (ContextHandler.java:doStart(921)) - Started o.e.j.s.ServletContextHandler@4a47a1b5{logs,/logs,file:///home/runner/work/ozone/ozone/hadoop-ozone/integration-test/target/log,AVAILABLE}
2023-02-01 18:45:32,671 [Listener at 127.0.0.1/39701] INFO  handler.ContextHandler (ContextHandler.java:doStart(921)) - Started o.e.j.s.ServletContextHandler@790d1534{static,/static,file:///home/runner/work/ozone/ozone/hadoop-ozone/integration-test/target/test-classes/webapps/static,AVAILABLE}
2023-02-01 18:45:32,675 [Listener at 127.0.0.1/39701] INFO  handler.ContextHandler (ContextHandler.java:doStart(921)) - Started o.e.j.w.WebAppContext@2478f64c{ozoneManager,/,file:///home/runner/work/ozone/ozone/hadoop-ozone/integration-test/target/test-classes/webapps/ozoneManager/,AVAILABLE}{file:/home/runner/work/ozone/ozone/hadoop-ozone/integration-test/target/test-classes/webapps/ozoneManager}
2023-02-01 18:45:32,681 [Listener at 127.0.0.1/39701] INFO  server.AbstractConnector (AbstractConnector.java:doStart(333)) - Started ServerConnector@15ede14e{HTTP/1.1, (http/1.1)}{0.0.0.0:40959}
2023-02-01 18:45:32,681 [Listener at 127.0.0.1/39701] INFO  server.Server (Server.java:doStart(415)) - Started @7157ms
2023-02-01 18:45:32,681 [Listener at 127.0.0.1/39701] WARN  impl.MetricsSystemImpl (MetricsSystemImpl.java:register(279)) - Sink prometheus already exists!
2023-02-01 18:45:32,682 [Listener at 127.0.0.1/39701] INFO  http.BaseHttpServer (BaseHttpServer.java:updateConnectorAddress(333)) - HTTP server of ozoneManager listening at http://0.0.0.0:40959
2023-02-01 18:45:32,682 [IPC Server Responder] INFO  ipc.Server (Server.java:run(1512)) - IPC Server Responder: starting
2023-02-01 18:45:32,682 [IPC Server listener on 0] INFO  ipc.Server (Server.java:run(1352)) - IPC Server listener on 0: starting
2023-02-01 18:45:32,685 [Listener at 127.0.0.1/39701] INFO  om.OzoneManager (OzoneManager.java:startTrashEmptier(1956)) - Trash Interval set to 0. Files deleted won't move to trash
2023-02-01 18:45:32,692 [org.apache.hadoop.util.JvmPauseMonitor$Monitor@3fb917bb] INFO  util.JvmPauseMonitor (JvmPauseMonitor.java:run(188)) - Starting JVM pause monitor
2023-02-01 18:45:32,810 [Listener at 127.0.0.1/39701] WARN  impl.MetricRegistriesImpl (MetricRegistriesImpl.java:addReporterRegistration(111)) - New reporters are added after registries were created. Some metrics will be missing from the reporter. Please add reporter before adding any new registry.
2023-02-01 18:45:32,811 [Listener at 127.0.0.1/39701] WARN  impl.MetricRegistriesImpl (MetricRegistriesImpl.java:addReporterRegistration(111)) - New reporters are added after registries were created. Some metrics will be missing from the reporter. Please add reporter before adding any new registry.
2023-02-01 18:45:32,811 [Listener at 127.0.0.1/39701] INFO  impl.MetricsSystemImpl (MetricsSystemImpl.java:init(158)) - HddsDatanode metrics system started (again)
2023-02-01 18:45:32,831 [Listener at 127.0.0.1/39701] INFO  ozone.HddsDatanodeService (HddsDatanodeService.java:start(228)) - HddsDatanodeService host:fv-az985-588.xhnjdmzn5t1uvmusdvupbov25b.phxx.internal.cloudapp.net ip:10.1.0.29
2023-02-01 18:45:32,868 [Listener at 127.0.0.1/39701] INFO  upgrade.AbstractLayoutVersionManager (AbstractLayoutVersionManager.java:init(83)) - Initializing Layout version manager with metadata layout = DATANODE_SCHEMA_V3 (version = 4), software layout = DATANODE_SCHEMA_V3 (version = 4)
2023-02-01 18:45:32,921 [Listener at 127.0.0.1/39701] INFO  reflections.Reflections (Reflections.java:scan(232)) - Reflections took 50 ms to scan 7 urls, producing 149 keys and 361 values 
2023-02-01 18:45:32,929 [Listener at 127.0.0.1/39701] INFO  statemachine.DatanodeStateMachine (DatanodeStateMachine.java:getEndPointTaskThreadPoolSize(261)) - Datanode State Machine Task Thread Pool size 2
2023-02-01 18:45:32,992 [Listener at 127.0.0.1/39701] INFO  volume.HddsVolume (HddsVolume.java:<init>(117)) - Creating HddsVolume: /home/runner/work/ozone/ozone/hadoop-ozone/integration-test/target/test-dir/MiniOzoneClusterImpl-64158d22-d035-436d-bfd1-97d6094c143d/datanode-0/data-0/containers/hdds of storage type : DISK capacity : 9223372036854775807
2023-02-01 18:45:32,994 [Listener at 127.0.0.1/39701] INFO  volume.MutableVolumeSet (MutableVolumeSet.java:initializeVolumeSet(174)) - Added Volume : /home/runner/work/ozone/ozone/hadoop-ozone/integration-test/target/test-dir/MiniOzoneClusterImpl-64158d22-d035-436d-bfd1-97d6094c143d/datanode-0/data-0/containers/hdds to VolumeSet
2023-02-01 18:45:32,995 [Listener at 127.0.0.1/39701] INFO  volume.ThrottledAsyncChecker (ThrottledAsyncChecker.java:schedule(141)) - Scheduling a check for /home/runner/work/ozone/ozone/hadoop-ozone/integration-test/target/test-dir/MiniOzoneClusterImpl-64158d22-d035-436d-bfd1-97d6094c143d/datanode-0/data-0/containers/hdds
2023-02-01 18:45:33,016 [Listener at 127.0.0.1/39701] INFO  volume.StorageVolumeChecker (StorageVolumeChecker.java:checkAllVolumes(202)) - Scheduled health check for volume /home/runner/work/ozone/ozone/hadoop-ozone/integration-test/target/test-dir/MiniOzoneClusterImpl-64158d22-d035-436d-bfd1-97d6094c143d/datanode-0/data-0/containers/hdds
2023-02-01 18:45:33,034 [Listener at 127.0.0.1/39701] INFO  volume.MutableVolumeSet (MutableVolumeSet.java:initializeVolumeSet(174)) - Added Volume : /home/runner/work/ozone/ozone/hadoop-ozone/integration-test/target/test-dir/MiniOzoneClusterImpl-64158d22-d035-436d-bfd1-97d6094c143d/datanode-0/data/ratis to VolumeSet
2023-02-01 18:45:33,034 [Listener at 127.0.0.1/39701] INFO  volume.ThrottledAsyncChecker (ThrottledAsyncChecker.java:schedule(141)) - Scheduling a check for /home/runner/work/ozone/ozone/hadoop-ozone/integration-test/target/test-dir/MiniOzoneClusterImpl-64158d22-d035-436d-bfd1-97d6094c143d/datanode-0/data/ratis
2023-02-01 18:45:33,035 [Listener at 127.0.0.1/39701] INFO  volume.StorageVolumeChecker (StorageVolumeChecker.java:checkAllVolumes(202)) - Scheduled health check for volume /home/runner/work/ozone/ozone/hadoop-ozone/integration-test/target/test-dir/MiniOzoneClusterImpl-64158d22-d035-436d-bfd1-97d6094c143d/datanode-0/data/ratis
2023-02-01 18:45:33,063 [Thread-136] INFO  ozoneimpl.ContainerReader (ContainerReader.java:readVolume(175)) - Finish verifying containers on volume /home/runner/work/ozone/ozone/hadoop-ozone/integration-test/target/test-dir/MiniOzoneClusterImpl-64158d22-d035-436d-bfd1-97d6094c143d/datanode-0/data-0/containers/hdds
2023-02-01 18:45:33,064 [Listener at 127.0.0.1/39701] INFO  ozoneimpl.OzoneContainer (OzoneContainer.java:buildContainerSet(305)) - Build ContainerSet costs 0s
2023-02-01 18:45:33,118 [Listener at 127.0.0.1/39701] INFO  audit.AuditLogger (AuditLogger.java:refreshDebugCmdSet(126)) - Refresh DebugCmdSet for DNAudit to [].
2023-02-01 18:45:33,153 [Listener at 127.0.0.1/39701] INFO  server.RaftServer (ConfUtils.java:logGet(46)) - raft.rpc.type = GRPC (default)
2023-02-01 18:45:33,155 [Listener at 127.0.0.1/39701] INFO  grpc.GrpcConfigKeys (ConfUtils.java:logFallback(53)) - raft.grpc.admin.host = null (fallback to raft.grpc.server.host)
2023-02-01 18:45:33,157 [Listener at 127.0.0.1/39701] INFO  grpc.GrpcConfigKeys (ConfUtils.java:logGet(46)) - raft.grpc.admin.port = 0 (custom)
2023-02-01 18:45:33,160 [Listener at 127.0.0.1/39701] INFO  grpc.GrpcConfigKeys (ConfUtils.java:logFallback(53)) - raft.grpc.client.host = null (fallback to raft.grpc.server.host)
2023-02-01 18:45:33,161 [Listener at 127.0.0.1/39701] INFO  grpc.GrpcConfigKeys (ConfUtils.java:logGet(46)) - raft.grpc.client.port = 0 (custom)
2023-02-01 18:45:33,161 [Listener at 127.0.0.1/39701] INFO  grpc.GrpcConfigKeys (ConfUtils.java:logGet(46)) - raft.grpc.server.host = null (default)
2023-02-01 18:45:33,161 [Listener at 127.0.0.1/39701] INFO  grpc.GrpcConfigKeys (ConfUtils.java:logGet(46)) - raft.grpc.server.port = 0 (default)
2023-02-01 18:45:33,162 [Listener at 127.0.0.1/39701] INFO  server.GrpcService (ConfUtils.java:logGet(46)) - raft.grpc.message.size.max = 32MB (=33554432) (custom)
2023-02-01 18:45:33,162 [Listener at 127.0.0.1/39701] INFO  server.RaftServerConfigKeys (ConfUtils.java:logGet(46)) - raft.server.log.appender.buffer.byte-limit = 33554432 (custom)
2023-02-01 18:45:33,162 [Listener at 127.0.0.1/39701] INFO  server.GrpcService (ConfUtils.java:logGet(46)) - raft.grpc.flow.control.window = 5MB (=5242880) (custom)
2023-02-01 18:45:33,162 [Listener at 127.0.0.1/39701] INFO  server.RaftServerConfigKeys (ConfUtils.java:logGet(46)) - raft.server.rpc.request.timeout = 60s (custom)
2023-02-01 18:45:33,162 [Listener at 127.0.0.1/39701] INFO  grpc.GrpcConfigKeys (ConfUtils.java:logGet(46)) - raft.grpc.server.heartbeat.channel = true (default)
2023-02-01 18:45:33,162 [Listener at 127.0.0.1/39701] INFO  grpc.GrpcConfigKeys (ConfUtils.java:logGet(46)) - raft.grpc.server.async.request.thread.pool.cached = true (default)
2023-02-01 18:45:33,162 [Listener at 127.0.0.1/39701] INFO  grpc.GrpcConfigKeys (ConfUtils.java:logGet(46)) - raft.grpc.server.async.request.thread.pool.size = 32 (default)
2023-02-01 18:45:33,164 [Listener at 127.0.0.1/39701] INFO  impl.DataStreamServerImpl (ConfUtils.java:logGet(46)) - raft.datastream.type = NETTY (custom)
2023-02-01 18:45:33,164 [Listener at 127.0.0.1/39701] INFO  server.RaftServerConfigKeys (ConfUtils.java:logGet(46)) - raft.server.data-stream.async.request.thread.pool.cached = false (default)
2023-02-01 18:45:33,164 [Listener at 127.0.0.1/39701] INFO  server.RaftServerConfigKeys (ConfUtils.java:logGet(46)) - raft.server.data-stream.async.request.thread.pool.size = 20 (custom)
2023-02-01 18:45:33,165 [Listener at 127.0.0.1/39701] INFO  server.RaftServerConfigKeys (ConfUtils.java:logGet(46)) - raft.server.data-stream.async.write.thread.pool.size = 16 (default)
2023-02-01 18:45:33,165 [Listener at 127.0.0.1/39701] INFO  server.RaftServerConfigKeys (ConfUtils.java:logGet(46)) - raft.server.data-stream.client.pool.size = 10 (default)
2023-02-01 18:45:33,165 [Listener at 127.0.0.1/39701] INFO  netty.NettyConfigKeys$DataStream (ConfUtils.java:logGet(46)) - raft.netty.dataStream.server.use-epoll = false (default)
2023-02-01 18:45:33,165 [Listener at 127.0.0.1/39701] INFO  netty.NettyConfigKeys$DataStream (ConfUtils.java:logGet(46)) - raft.netty.dataStream.server.boss-group.size = 0 (default)
2023-02-01 18:45:33,165 [Listener at 127.0.0.1/39701] INFO  netty.NettyConfigKeys$DataStream (ConfUtils.java:logGet(46)) - raft.netty.dataStream.server.worker-group.size = 0 (default)
2023-02-01 18:45:33,180 [Listener at 127.0.0.1/39701] INFO  netty.NettyConfigKeys$DataStream (ConfUtils.java:logGet(46)) - raft.netty.dataStream.server.tls.conf = null (default)
2023-02-01 18:45:33,180 [Listener at 127.0.0.1/39701] INFO  netty.NettyConfigKeys$DataStream (ConfUtils.java:logGet(46)) - raft.netty.dataStream.host = null (default)
2023-02-01 18:45:33,180 [Listener at 127.0.0.1/39701] INFO  netty.NettyConfigKeys$DataStream (ConfUtils.java:logGet(46)) - raft.netty.dataStream.port = 0 (default)
2023-02-01 18:45:33,180 [Listener at 127.0.0.1/39701] INFO  server.RaftServerConfigKeys (ConfUtils.java:logGet(46)) - raft.server.threadpool.proxy.cached = true (default)
2023-02-01 18:45:33,180 [Listener at 127.0.0.1/39701] INFO  server.RaftServerConfigKeys (ConfUtils.java:logGet(46)) - raft.server.threadpool.proxy.size = 0 (default)
2023-02-01 18:45:33,181 [Listener at 127.0.0.1/39701] INFO  server.RaftServerConfigKeys (ConfUtils.java:logGet(46)) - raft.server.rpc.slowness.timeout = 300s (custom)
2023-02-01 18:45:33,181 [Listener at 127.0.0.1/39701] INFO  server.RaftServerConfigKeys (ConfUtils.java:logGet(46)) - raft.server.leaderelection.leader.step-down.wait-time = 10s (default)
2023-02-01 18:45:33,181 [Listener at 127.0.0.1/39701] INFO  server.RaftServerConfigKeys (ConfUtils.java:logGet(46)) - raft.server.storage.dir = [/home/runner/work/ozone/ozone/hadoop-ozone/integration-test/target/test-dir/MiniOzoneClusterImpl-64158d22-d035-436d-bfd1-97d6094c143d/datanode-0/data/ratis] (custom)
2023-02-01 18:45:33,187 [9d11f7a2-de03-4463-8286-a21ff45a32eb-NettyServerStreamRpc-bossGroup--thread1] INFO  logging.LoggingHandler (AbstractInternalLogger.java:log(148)) - [id: 0xf91129c8] REGISTERED
2023-02-01 18:45:33,187 [9d11f7a2-de03-4463-8286-a21ff45a32eb-NettyServerStreamRpc-bossGroup--thread1] INFO  logging.LoggingHandler (AbstractInternalLogger.java:log(148)) - [id: 0xf91129c8] BIND: 0.0.0.0/0.0.0.0:0
2023-02-01 18:45:33,187 [9d11f7a2-de03-4463-8286-a21ff45a32eb-NettyServerStreamRpc-bossGroup--thread1] INFO  logging.LoggingHandler (AbstractInternalLogger.java:log(148)) - [id: 0xf91129c8, L:/0:0:0:0:0:0:0:0:42455] ACTIVE
2023-02-01 18:45:33,213 [Listener at 127.0.0.1/39701] INFO  server.XceiverServerGrpc (XceiverServerGrpc.java:<init>(132)) - GrpcServer channel type EpollServerSocketChannel
2023-02-01 18:45:33,285 [Listener at 127.0.0.1/39701] INFO  http.BaseHttpServer (BaseHttpServer.java:newHttpServer2BuilderForOzone(213)) - Starting Web-server for hddsDatanode at: http://0.0.0.0:0
2023-02-01 18:45:33,285 [Listener at 127.0.0.1/39701] INFO  http.BaseHttpServer (BaseHttpServer.java:<init>(108)) - Hadoop Security Enabled: false Ozone Security Enabled: false Ozone HTTP Security Enabled: false 
2023-02-01 18:45:33,287 [Listener at 127.0.0.1/39701] WARN  server.AuthenticationFilter (AuthenticationFilter.java:constructSecretProvider(240)) - Unable to initialize FileSignerSecretProvider, falling back to use random secrets. Reason: Could not read signature secret file: /home/runner/hadoop-http-auth-signature-secret
2023-02-01 18:45:33,288 [Listener at 127.0.0.1/39701] WARN  http.HttpRequestLog (HttpRequestLog.java:getRequestLog(103)) - Jetty request log can only be enabled using Log4j
2023-02-01 18:45:33,289 [Listener at 127.0.0.1/39701] INFO  http.HttpServer2 (HttpServer2.java:addGlobalFilter(1031)) - Added global filter 'safety' (class=org.apache.hadoop.hdds.server.http.HttpServer2$QuotingInputFilter)
2023-02-01 18:45:33,290 [Listener at 127.0.0.1/39701] INFO  http.HttpServer2 (HttpServer2.java:addFilter(1007)) - Added filter static_user_filter (class=org.apache.hadoop.http.lib.StaticUserWebFilter$StaticUserFilter) to context hddsDatanode
2023-02-01 18:45:33,290 [Listener at 127.0.0.1/39701] INFO  http.HttpServer2 (HttpServer2.java:addFilter(1015)) - Added filter static_user_filter (class=org.apache.hadoop.http.lib.StaticUserWebFilter$StaticUserFilter) to context logs
2023-02-01 18:45:33,290 [Listener at 127.0.0.1/39701] INFO  http.HttpServer2 (HttpServer2.java:addFilter(1015)) - Added filter static_user_filter (class=org.apache.hadoop.http.lib.StaticUserWebFilter$StaticUserFilter) to context static
2023-02-01 18:45:33,291 [Listener at 127.0.0.1/39701] INFO  http.HttpServer2 (HttpServer2.java:bindListener(1250)) - Jetty bound to port 42555
2023-02-01 18:45:33,291 [Listener at 127.0.0.1/39701] INFO  server.Server (Server.java:doStart(375)) - jetty-9.4.49.v20220914; built: 2022-09-14T01:07:36.601Z; git: 4231a3b2e4cb8548a412a789936d640a97b1aa0a; jvm 1.8.0_352-b08
2023-02-01 18:45:33,300 [Listener at 127.0.0.1/39701] INFO  server.session (DefaultSessionIdManager.java:doStart(334)) - DefaultSessionIdManager workerName=node0
2023-02-01 18:45:33,300 [Listener at 127.0.0.1/39701] INFO  server.session (DefaultSessionIdManager.java:doStart(339)) - No SessionScavenger set, using defaults
2023-02-01 18:45:33,301 [Listener at 127.0.0.1/39701] INFO  server.session (HouseKeeper.java:startScavenging(132)) - node0 Scavenging every 660000ms
2023-02-01 18:45:33,301 [Listener at 127.0.0.1/39701] INFO  handler.ContextHandler (ContextHandler.java:doStart(921)) - Started o.e.j.s.ServletContextHandler@26381009{logs,/logs,file:///home/runner/work/ozone/ozone/hadoop-ozone/integration-test/target/log,AVAILABLE}
2023-02-01 18:45:33,302 [Listener at 127.0.0.1/39701] INFO  handler.ContextHandler (ContextHandler.java:doStart(921)) - Started o.e.j.s.ServletContextHandler@3405f26a{static,/static,jar:file:/home/runner/.m2/repository/org/apache/ozone/hdds-container-service/1.4.0-SNAPSHOT/hdds-container-service-1.4.0-SNAPSHOT.jar!/webapps/static,AVAILABLE}
2023-02-01 18:45:33,529 [Listener at 127.0.0.1/39701] INFO  handler.ContextHandler (ContextHandler.java:doStart(921)) - Started o.e.j.w.WebAppContext@5d948005{hddsDatanode,/,file:///tmp/jetty-0_0_0_0-42555-hdds-container-service-1_4_0-SNAPSHOT_jar-_-any-6331559721428480104/webapp/,AVAILABLE}{jar:file:/home/runner/.m2/repository/org/apache/ozone/hdds-container-service/1.4.0-SNAPSHOT/hdds-container-service-1.4.0-SNAPSHOT.jar!/webapps/hddsDatanode}
2023-02-01 18:45:33,530 [Listener at 127.0.0.1/39701] INFO  server.AbstractConnector (AbstractConnector.java:doStart(333)) - Started ServerConnector@72c21c9f{HTTP/1.1, (http/1.1)}{0.0.0.0:42555}
2023-02-01 18:45:33,530 [Listener at 127.0.0.1/39701] INFO  server.Server (Server.java:doStart(415)) - Started @8006ms
2023-02-01 18:45:33,530 [Listener at 127.0.0.1/39701] WARN  impl.MetricsSystemImpl (MetricsSystemImpl.java:register(279)) - Sink prometheus already exists!
2023-02-01 18:45:33,531 [Listener at 127.0.0.1/39701] INFO  http.BaseHttpServer (BaseHttpServer.java:updateConnectorAddress(333)) - HTTP server of hddsDatanode listening at http://0.0.0.0:42555
2023-02-01 18:45:33,534 [Datanode State Machine Daemon Thread] INFO  statemachine.DatanodeStateMachine (DatanodeStateMachine.java:lambda$startDaemon$0(517)) - Ozone container server started.
2023-02-01 18:45:33,535 [Listener at 127.0.0.1/39701] WARN  impl.MetricRegistriesImpl (MetricRegistriesImpl.java:addReporterRegistration(111)) - New reporters are added after registries were created. Some metrics will be missing from the reporter. Please add reporter before adding any new registry.
2023-02-01 18:45:33,540 [Listener at 127.0.0.1/39701] WARN  impl.MetricRegistriesImpl (MetricRegistriesImpl.java:addReporterRegistration(111)) - New reporters are added after registries were created. Some metrics will be missing from the reporter. Please add reporter before adding any new registry.
2023-02-01 18:45:33,540 [Listener at 127.0.0.1/39701] INFO  impl.MetricsSystemImpl (MetricsSystemImpl.java:init(158)) - HddsDatanode metrics system started (again)
2023-02-01 18:45:33,567 [org.apache.hadoop.util.JvmPauseMonitor$Monitor@279f9cbb] INFO  util.JvmPauseMonitor (JvmPauseMonitor.java:run(188)) - Starting JVM pause monitor
2023-02-01 18:45:33,585 [Listener at 127.0.0.1/39701] INFO  ozone.HddsDatanodeService (HddsDatanodeService.java:start(228)) - HddsDatanodeService host:fv-az985-588.xhnjdmzn5t1uvmusdvupbov25b.phxx.internal.cloudapp.net ip:10.1.0.29
2023-02-01 18:45:33,627 [Listener at 127.0.0.1/39701] INFO  upgrade.AbstractLayoutVersionManager (AbstractLayoutVersionManager.java:init(83)) - Initializing Layout version manager with metadata layout = DATANODE_SCHEMA_V3 (version = 4), software layout = DATANODE_SCHEMA_V3 (version = 4)
2023-02-01 18:45:33,698 [Listener at 127.0.0.1/39701] INFO  reflections.Reflections (Reflections.java:scan(232)) - Reflections took 68 ms to scan 7 urls, producing 149 keys and 361 values 
2023-02-01 18:45:33,702 [Listener at 127.0.0.1/39701] INFO  statemachine.DatanodeStateMachine (DatanodeStateMachine.java:getEndPointTaskThreadPoolSize(261)) - Datanode State Machine Task Thread Pool size 2
2023-02-01 18:45:33,705 [Listener at 127.0.0.1/39701] INFO  volume.HddsVolume (HddsVolume.java:<init>(117)) - Creating HddsVolume: /home/runner/work/ozone/ozone/hadoop-ozone/integration-test/target/test-dir/MiniOzoneClusterImpl-64158d22-d035-436d-bfd1-97d6094c143d/datanode-1/data-0/containers/hdds of storage type : DISK capacity : 9223372036854775807
2023-02-01 18:45:33,705 [Listener at 127.0.0.1/39701] INFO  volume.MutableVolumeSet (MutableVolumeSet.java:initializeVolumeSet(174)) - Added Volume : /home/runner/work/ozone/ozone/hadoop-ozone/integration-test/target/test-dir/MiniOzoneClusterImpl-64158d22-d035-436d-bfd1-97d6094c143d/datanode-1/data-0/containers/hdds to VolumeSet
2023-02-01 18:45:33,705 [Listener at 127.0.0.1/39701] INFO  volume.ThrottledAsyncChecker (ThrottledAsyncChecker.java:schedule(141)) - Scheduling a check for /home/runner/work/ozone/ozone/hadoop-ozone/integration-test/target/test-dir/MiniOzoneClusterImpl-64158d22-d035-436d-bfd1-97d6094c143d/datanode-1/data-0/containers/hdds
2023-02-01 18:45:33,707 [Listener at 127.0.0.1/39701] INFO  volume.StorageVolumeChecker (StorageVolumeChecker.java:checkAllVolumes(202)) - Scheduled health check for volume /home/runner/work/ozone/ozone/hadoop-ozone/integration-test/target/test-dir/MiniOzoneClusterImpl-64158d22-d035-436d-bfd1-97d6094c143d/datanode-1/data-0/containers/hdds
2023-02-01 18:45:33,725 [Listener at 127.0.0.1/39701] INFO  volume.MutableVolumeSet (MutableVolumeSet.java:initializeVolumeSet(174)) - Added Volume : /home/runner/work/ozone/ozone/hadoop-ozone/integration-test/target/test-dir/MiniOzoneClusterImpl-64158d22-d035-436d-bfd1-97d6094c143d/datanode-1/data/ratis to VolumeSet
2023-02-01 18:45:33,725 [Listener at 127.0.0.1/39701] INFO  volume.ThrottledAsyncChecker (ThrottledAsyncChecker.java:schedule(141)) - Scheduling a check for /home/runner/work/ozone/ozone/hadoop-ozone/integration-test/target/test-dir/MiniOzoneClusterImpl-64158d22-d035-436d-bfd1-97d6094c143d/datanode-1/data/ratis
2023-02-01 18:45:33,725 [Listener at 127.0.0.1/39701] INFO  volume.StorageVolumeChecker (StorageVolumeChecker.java:checkAllVolumes(202)) - Scheduled health check for volume /home/runner/work/ozone/ozone/hadoop-ozone/integration-test/target/test-dir/MiniOzoneClusterImpl-64158d22-d035-436d-bfd1-97d6094c143d/datanode-1/data/ratis
2023-02-01 18:45:33,737 [Thread-150] INFO  ozoneimpl.ContainerReader (ContainerReader.java:readVolume(175)) - Finish verifying containers on volume /home/runner/work/ozone/ozone/hadoop-ozone/integration-test/target/test-dir/MiniOzoneClusterImpl-64158d22-d035-436d-bfd1-97d6094c143d/datanode-1/data-0/containers/hdds
2023-02-01 18:45:33,738 [Listener at 127.0.0.1/39701] INFO  ozoneimpl.OzoneContainer (OzoneContainer.java:buildContainerSet(305)) - Build ContainerSet costs 0s
2023-02-01 18:45:33,744 [Listener at 127.0.0.1/39701] INFO  server.RaftServer (ConfUtils.java:logGet(46)) - raft.rpc.type = GRPC (default)
2023-02-01 18:45:33,744 [Listener at 127.0.0.1/39701] INFO  grpc.GrpcConfigKeys (ConfUtils.java:logFallback(53)) - raft.grpc.admin.host = null (fallback to raft.grpc.server.host)
2023-02-01 18:45:33,744 [Listener at 127.0.0.1/39701] INFO  grpc.GrpcConfigKeys (ConfUtils.java:logGet(46)) - raft.grpc.admin.port = 0 (custom)
2023-02-01 18:45:33,744 [Listener at 127.0.0.1/39701] INFO  grpc.GrpcConfigKeys (ConfUtils.java:logFallback(53)) - raft.grpc.client.host = null (fallback to raft.grpc.server.host)
2023-02-01 18:45:33,744 [Listener at 127.0.0.1/39701] INFO  grpc.GrpcConfigKeys (ConfUtils.java:logGet(46)) - raft.grpc.client.port = 0 (custom)
2023-02-01 18:45:33,744 [Listener at 127.0.0.1/39701] INFO  grpc.GrpcConfigKeys (ConfUtils.java:logGet(46)) - raft.grpc.server.host = null (default)
2023-02-01 18:45:33,744 [Listener at 127.0.0.1/39701] INFO  grpc.GrpcConfigKeys (ConfUtils.java:logGet(46)) - raft.grpc.server.port = 0 (default)
2023-02-01 18:45:33,745 [Listener at 127.0.0.1/39701] INFO  server.GrpcService (ConfUtils.java:logGet(46)) - raft.grpc.message.size.max = 32MB (=33554432) (custom)
2023-02-01 18:45:33,745 [Listener at 127.0.0.1/39701] INFO  server.RaftServerConfigKeys (ConfUtils.java:logGet(46)) - raft.server.log.appender.buffer.byte-limit = 33554432 (custom)
2023-02-01 18:45:33,745 [Listener at 127.0.0.1/39701] INFO  server.GrpcService (ConfUtils.java:logGet(46)) - raft.grpc.flow.control.window = 5MB (=5242880) (custom)
2023-02-01 18:45:33,745 [Listener at 127.0.0.1/39701] INFO  server.RaftServerConfigKeys (ConfUtils.java:logGet(46)) - raft.server.rpc.request.timeout = 60s (custom)
2023-02-01 18:45:33,745 [Listener at 127.0.0.1/39701] INFO  grpc.GrpcConfigKeys (ConfUtils.java:logGet(46)) - raft.grpc.server.heartbeat.channel = true (default)
2023-02-01 18:45:33,746 [Listener at 127.0.0.1/39701] INFO  grpc.GrpcConfigKeys (ConfUtils.java:logGet(46)) - raft.grpc.server.async.request.thread.pool.cached = true (default)
2023-02-01 18:45:33,746 [Listener at 127.0.0.1/39701] INFO  grpc.GrpcConfigKeys (ConfUtils.java:logGet(46)) - raft.grpc.server.async.request.thread.pool.size = 32 (default)
2023-02-01 18:45:33,749 [Listener at 127.0.0.1/39701] INFO  impl.DataStreamServerImpl (ConfUtils.java:logGet(46)) - raft.datastream.type = NETTY (custom)
2023-02-01 18:45:33,752 [Listener at 127.0.0.1/39701] INFO  server.RaftServerConfigKeys (ConfUtils.java:logGet(46)) - raft.server.data-stream.async.request.thread.pool.cached = false (default)
2023-02-01 18:45:33,752 [Listener at 127.0.0.1/39701] INFO  server.RaftServerConfigKeys (ConfUtils.java:logGet(46)) - raft.server.data-stream.async.request.thread.pool.size = 20 (custom)
2023-02-01 18:45:33,753 [Listener at 127.0.0.1/39701] INFO  server.RaftServerConfigKeys (ConfUtils.java:logGet(46)) - raft.server.data-stream.async.write.thread.pool.size = 16 (default)
2023-02-01 18:45:33,753 [Listener at 127.0.0.1/39701] INFO  server.RaftServerConfigKeys (ConfUtils.java:logGet(46)) - raft.server.data-stream.client.pool.size = 10 (default)
2023-02-01 18:45:33,753 [Listener at 127.0.0.1/39701] INFO  netty.NettyConfigKeys$DataStream (ConfUtils.java:logGet(46)) - raft.netty.dataStream.server.use-epoll = false (default)
2023-02-01 18:45:33,753 [Listener at 127.0.0.1/39701] INFO  netty.NettyConfigKeys$DataStream (ConfUtils.java:logGet(46)) - raft.netty.dataStream.server.boss-group.size = 0 (default)
2023-02-01 18:45:33,754 [Listener at 127.0.0.1/39701] INFO  netty.NettyConfigKeys$DataStream (ConfUtils.java:logGet(46)) - raft.netty.dataStream.server.worker-group.size = 0 (default)
2023-02-01 18:45:33,754 [Listener at 127.0.0.1/39701] INFO  netty.NettyConfigKeys$DataStream (ConfUtils.java:logGet(46)) - raft.netty.dataStream.server.tls.conf = null (default)
2023-02-01 18:45:33,755 [Listener at 127.0.0.1/39701] INFO  netty.NettyConfigKeys$DataStream (ConfUtils.java:logGet(46)) - raft.netty.dataStream.host = null (default)
2023-02-01 18:45:33,755 [Listener at 127.0.0.1/39701] INFO  netty.NettyConfigKeys$DataStream (ConfUtils.java:logGet(46)) - raft.netty.dataStream.port = 0 (default)
2023-02-01 18:45:33,755 [Listener at 127.0.0.1/39701] INFO  server.RaftServerConfigKeys (ConfUtils.java:logGet(46)) - raft.server.threadpool.proxy.cached = true (default)
2023-02-01 18:45:33,755 [Listener at 127.0.0.1/39701] INFO  server.RaftServerConfigKeys (ConfUtils.java:logGet(46)) - raft.server.threadpool.proxy.size = 0 (default)
2023-02-01 18:45:33,755 [Listener at 127.0.0.1/39701] INFO  server.RaftServerConfigKeys (ConfUtils.java:logGet(46)) - raft.server.rpc.slowness.timeout = 300s (custom)
2023-02-01 18:45:33,755 [Listener at 127.0.0.1/39701] INFO  server.RaftServerConfigKeys (ConfUtils.java:logGet(46)) - raft.server.leaderelection.leader.step-down.wait-time = 10s (default)
2023-02-01 18:45:33,756 [Listener at 127.0.0.1/39701] INFO  server.RaftServerConfigKeys (ConfUtils.java:logGet(46)) - raft.server.storage.dir = [/home/runner/work/ozone/ozone/hadoop-ozone/integration-test/target/test-dir/MiniOzoneClusterImpl-64158d22-d035-436d-bfd1-97d6094c143d/datanode-1/data/ratis] (custom)
2023-02-01 18:45:33,764 [8e758023-c9f0-4f3e-97a8-668246130508-NettyServerStreamRpc-bossGroup--thread1] INFO  logging.LoggingHandler (AbstractInternalLogger.java:log(148)) - [id: 0x8e822213] REGISTERED
2023-02-01 18:45:33,764 [8e758023-c9f0-4f3e-97a8-668246130508-NettyServerStreamRpc-bossGroup--thread1] INFO  logging.LoggingHandler (AbstractInternalLogger.java:log(148)) - [id: 0x8e822213] BIND: 0.0.0.0/0.0.0.0:0
2023-02-01 18:45:33,765 [Listener at 127.0.0.1/39701] INFO  server.XceiverServerGrpc (XceiverServerGrpc.java:<init>(132)) - GrpcServer channel type EpollServerSocketChannel
2023-02-01 18:45:33,766 [8e758023-c9f0-4f3e-97a8-668246130508-NettyServerStreamRpc-bossGroup--thread1] INFO  logging.LoggingHandler (AbstractInternalLogger.java:log(148)) - [id: 0x8e822213, L:/0:0:0:0:0:0:0:0:41975] ACTIVE
2023-02-01 18:45:33,771 [Listener at 127.0.0.1/39701] INFO  http.BaseHttpServer (BaseHttpServer.java:newHttpServer2BuilderForOzone(213)) - Starting Web-server for hddsDatanode at: http://0.0.0.0:0
2023-02-01 18:45:33,771 [Listener at 127.0.0.1/39701] INFO  http.BaseHttpServer (BaseHttpServer.java:<init>(108)) - Hadoop Security Enabled: false Ozone Security Enabled: false Ozone HTTP Security Enabled: false 
2023-02-01 18:45:33,772 [Listener at 127.0.0.1/39701] WARN  server.AuthenticationFilter (AuthenticationFilter.java:constructSecretProvider(240)) - Unable to initialize FileSignerSecretProvider, falling back to use random secrets. Reason: Could not read signature secret file: /home/runner/hadoop-http-auth-signature-secret
2023-02-01 18:45:33,777 [Listener at 127.0.0.1/39701] WARN  http.HttpRequestLog (HttpRequestLog.java:getRequestLog(103)) - Jetty request log can only be enabled using Log4j
2023-02-01 18:45:33,779 [Listener at 127.0.0.1/39701] INFO  http.HttpServer2 (HttpServer2.java:addGlobalFilter(1031)) - Added global filter 'safety' (class=org.apache.hadoop.hdds.server.http.HttpServer2$QuotingInputFilter)
2023-02-01 18:45:33,780 [Listener at 127.0.0.1/39701] INFO  http.HttpServer2 (HttpServer2.java:addFilter(1007)) - Added filter static_user_filter (class=org.apache.hadoop.http.lib.StaticUserWebFilter$StaticUserFilter) to context hddsDatanode
2023-02-01 18:45:33,780 [Datanode State Machine Task Thread - 0] INFO  datanode.InitDatanodeState (InitDatanodeState.java:persistContainerDatanodeDetails(138)) - DatanodeDetails is persisted to /home/runner/work/ozone/ozone/hadoop-ozone/integration-test/target/test-dir/MiniOzoneClusterImpl-64158d22-d035-436d-bfd1-97d6094c143d/datanode-0/meta/datanode.id
2023-02-01 18:45:33,780 [Listener at 127.0.0.1/39701] INFO  http.HttpServer2 (HttpServer2.java:addFilter(1015)) - Added filter static_user_filter (class=org.apache.hadoop.http.lib.StaticUserWebFilter$StaticUserFilter) to context logs
2023-02-01 18:45:33,780 [Listener at 127.0.0.1/39701] INFO  http.HttpServer2 (HttpServer2.java:addFilter(1015)) - Added filter static_user_filter (class=org.apache.hadoop.http.lib.StaticUserWebFilter$StaticUserFilter) to context static
2023-02-01 18:45:33,781 [Listener at 127.0.0.1/39701] INFO  http.HttpServer2 (HttpServer2.java:bindListener(1250)) - Jetty bound to port 40377
2023-02-01 18:45:33,781 [Listener at 127.0.0.1/39701] INFO  server.Server (Server.java:doStart(375)) - jetty-9.4.49.v20220914; built: 2022-09-14T01:07:36.601Z; git: 4231a3b2e4cb8548a412a789936d640a97b1aa0a; jvm 1.8.0_352-b08
2023-02-01 18:45:33,788 [Listener at 127.0.0.1/39701] INFO  server.session (DefaultSessionIdManager.java:doStart(334)) - DefaultSessionIdManager workerName=node0
2023-02-01 18:45:33,788 [Listener at 127.0.0.1/39701] INFO  server.session (DefaultSessionIdManager.java:doStart(339)) - No SessionScavenger set, using defaults
2023-02-01 18:45:33,788 [Listener at 127.0.0.1/39701] INFO  server.session (HouseKeeper.java:startScavenging(132)) - node0 Scavenging every 660000ms
2023-02-01 18:45:33,789 [Listener at 127.0.0.1/39701] INFO  handler.ContextHandler (ContextHandler.java:doStart(921)) - Started o.e.j.s.ServletContextHandler@5e8f1579{logs,/logs,file:///home/runner/work/ozone/ozone/hadoop-ozone/integration-test/target/log,AVAILABLE}
2023-02-01 18:45:33,790 [Listener at 127.0.0.1/39701] INFO  handler.ContextHandler (ContextHandler.java:doStart(921)) - Started o.e.j.s.ServletContextHandler@5e0209c{static,/static,jar:file:/home/runner/.m2/repository/org/apache/ozone/hdds-container-service/1.4.0-SNAPSHOT/hdds-container-service-1.4.0-SNAPSHOT.jar!/webapps/static,AVAILABLE}
2023-02-01 18:45:33,813 [om1@group-C5BA1605619E-FollowerState] INFO  impl.FollowerState (FollowerState.java:run(143)) - om1@group-C5BA1605619E-FollowerState: change to CANDIDATE, lastRpcElapsedTime:1198160166ns, electionTimeout:1187ms
2023-02-01 18:45:33,814 [om1@group-C5BA1605619E-FollowerState] INFO  impl.RoleInfo (RoleInfo.java:shutdownFollowerState(110)) - om1: shutdown om1@group-C5BA1605619E-FollowerState
2023-02-01 18:45:33,814 [om1@group-C5BA1605619E-FollowerState] INFO  server.RaftServer$Division (RaftServerImpl.java:setRole(321)) - om1@group-C5BA1605619E: changes role from  FOLLOWER to CANDIDATE at term 0 for changeToCandidate
2023-02-01 18:45:33,817 [om1@group-C5BA1605619E-FollowerState] INFO  server.RaftServerConfigKeys (ConfUtils.java:logGet(46)) - raft.server.leaderelection.pre-vote = false (custom)
2023-02-01 18:45:33,817 [om1@group-C5BA1605619E-FollowerState] INFO  impl.RoleInfo (RoleInfo.java:updateAndGet(139)) - om1: start om1@group-C5BA1605619E-LeaderElection1
2023-02-01 18:45:33,828 [om1@group-C5BA1605619E-LeaderElection1] INFO  impl.LeaderElection (LeaderElection.java:askForVotes(312)) - om1@group-C5BA1605619E-LeaderElection1 ELECTION round 0: submit vote requests at term 1 for -1: peers:[om1|rpc:localhost:9872|priority:0|startupRole:FOLLOWER]|listeners:[], old=null
2023-02-01 18:45:33,829 [om1@group-C5BA1605619E-LeaderElection1] INFO  impl.LeaderElection (LeaderElection.java:askForVotes(314)) - om1@group-C5BA1605619E-LeaderElection1 ELECTION round 0: result PASSED (term=1)
2023-02-01 18:45:33,830 [om1@group-C5BA1605619E-LeaderElection1] INFO  impl.RoleInfo (RoleInfo.java:shutdownLeaderElection(130)) - om1: shutdown om1@group-C5BA1605619E-LeaderElection1
2023-02-01 18:45:33,831 [om1@group-C5BA1605619E-LeaderElection1] INFO  server.RaftServer$Division (RaftServerImpl.java:setRole(321)) - om1@group-C5BA1605619E: changes role from CANDIDATE to LEADER at term 1 for changeToLeader
2023-02-01 18:45:33,831 [om1@group-C5BA1605619E-LeaderElection1] INFO  server.RaftServer$Division (ServerState.java:setLeader(313)) - om1@group-C5BA1605619E: change Leader from null to om1 at term 1 for becomeLeader, leader elected after 2408ms
2023-02-01 18:45:33,842 [om1@group-C5BA1605619E-LeaderElection1] INFO  server.RaftServerConfigKeys (ConfUtils.java:logGet(46)) - raft.server.staging.catchup.gap = 1000 (default)
2023-02-01 18:45:33,852 [om1@group-C5BA1605619E-LeaderElection1] INFO  server.RaftServerConfigKeys (ConfUtils.java:logGet(46)) - raft.server.write.element-limit = 4096 (default)
2023-02-01 18:45:33,853 [om1@group-C5BA1605619E-LeaderElection1] INFO  server.RaftServerConfigKeys (ConfUtils.java:logGet(46)) - raft.server.write.byte-limit = 64MB (=67108864) (default)
2023-02-01 18:45:33,863 [om1@group-C5BA1605619E-LeaderElection1] INFO  server.RaftServerConfigKeys (ConfUtils.java:logGet(46)) - raft.server.watch.timeout = 10s (default)
2023-02-01 18:45:33,863 [om1@group-C5BA1605619E-LeaderElection1] INFO  server.RaftServerConfigKeys (ConfUtils.java:logGet(46)) - raft.server.watch.timeout.denomination = 1s (default)
2023-02-01 18:45:33,864 [om1@group-C5BA1605619E-LeaderElection1] INFO  server.RaftServerConfigKeys (ConfUtils.java:logGet(46)) - raft.server.watch.element-limit = 65536 (default)
2023-02-01 18:45:33,873 [om1@group-C5BA1605619E-LeaderElection1] INFO  server.RaftServerConfigKeys (ConfUtils.java:logGet(46)) - raft.server.write.element-limit = 4096 (default)
2023-02-01 18:45:33,876 [om1@group-C5BA1605619E-LeaderElection1] INFO  server.RaftServerConfigKeys (ConfUtils.java:logGet(46)) - raft.server.write.follower.gap.ratio.max = -1.0 (default)
2023-02-01 18:45:33,880 [om1@group-C5BA1605619E-LeaderElection1] INFO  impl.RoleInfo (RoleInfo.java:updateAndGet(139)) - om1: start om1@group-C5BA1605619E-LeaderStateImpl
2023-02-01 18:45:33,925 [om1@group-C5BA1605619E-LeaderElection1] INFO  segmented.SegmentedRaftLogWorker (SegmentedRaftLogWorker.java:startLogSegment(452)) - om1@group-C5BA1605619E-SegmentedRaftLogWorker: Starting segment from index:0
2023-02-01 18:45:33,992 [om1@group-C5BA1605619E-LeaderElection1] INFO  server.RaftServer$Division (ServerState.java:setRaftConf(430)) - om1@group-C5BA1605619E: set configuration 0: peers:[om1|rpc:localhost:9872|admin:|client:|dataStream:|priority:0|startupRole:FOLLOWER]|listeners:[], old=null
2023-02-01 18:45:34,032 [Listener at 127.0.0.1/39701] INFO  handler.ContextHandler (ContextHandler.java:doStart(921)) - Started o.e.j.w.WebAppContext@6d38bca4{hddsDatanode,/,file:///tmp/jetty-0_0_0_0-40377-hdds-container-service-1_4_0-SNAPSHOT_jar-_-any-7023144283226606491/webapp/,AVAILABLE}{jar:file:/home/runner/.m2/repository/org/apache/ozone/hdds-container-service/1.4.0-SNAPSHOT/hdds-container-service-1.4.0-SNAPSHOT.jar!/webapps/hddsDatanode}
2023-02-01 18:45:34,034 [Listener at 127.0.0.1/39701] INFO  server.AbstractConnector (AbstractConnector.java:doStart(333)) - Started ServerConnector@5348db24{HTTP/1.1, (http/1.1)}{0.0.0.0:40377}
2023-02-01 18:45:34,034 [Listener at 127.0.0.1/39701] INFO  server.Server (Server.java:doStart(415)) - Started @8510ms
2023-02-01 18:45:34,034 [Listener at 127.0.0.1/39701] WARN  impl.MetricsSystemImpl (MetricsSystemImpl.java:register(279)) - Sink prometheus already exists!
2023-02-01 18:45:34,038 [Listener at 127.0.0.1/39701] INFO  http.BaseHttpServer (BaseHttpServer.java:updateConnectorAddress(333)) - HTTP server of hddsDatanode listening at http://0.0.0.0:40377
2023-02-01 18:45:34,043 [Listener at 127.0.0.1/39701] WARN  impl.MetricRegistriesImpl (MetricRegistriesImpl.java:addReporterRegistration(111)) - New reporters are added after registries were created. Some metrics will be missing from the reporter. Please add reporter before adding any new registry.
2023-02-01 18:45:34,043 [Listener at 127.0.0.1/39701] WARN  impl.MetricRegistriesImpl (MetricRegistriesImpl.java:addReporterRegistration(111)) - New reporters are added after registries were created. Some metrics will be missing from the reporter. Please add reporter before adding any new registry.
2023-02-01 18:45:34,043 [Listener at 127.0.0.1/39701] INFO  impl.MetricsSystemImpl (MetricsSystemImpl.java:init(158)) - HddsDatanode metrics system started (again)
2023-02-01 18:45:34,044 [Datanode State Machine Daemon Thread] INFO  statemachine.DatanodeStateMachine (DatanodeStateMachine.java:lambda$startDaemon$0(517)) - Ozone container server started.
2023-02-01 18:45:34,070 [Listener at 127.0.0.1/39701] INFO  ozone.HddsDatanodeService (HddsDatanodeService.java:start(228)) - HddsDatanodeService host:fv-az985-588.xhnjdmzn5t1uvmusdvupbov25b.phxx.internal.cloudapp.net ip:10.1.0.29
2023-02-01 18:45:34,089 [org.apache.hadoop.util.JvmPauseMonitor$Monitor@677c474d] INFO  util.JvmPauseMonitor (JvmPauseMonitor.java:run(188)) - Starting JVM pause monitor
2023-02-01 18:45:34,115 [Listener at 127.0.0.1/39701] INFO  upgrade.AbstractLayoutVersionManager (AbstractLayoutVersionManager.java:init(83)) - Initializing Layout version manager with metadata layout = DATANODE_SCHEMA_V3 (version = 4), software layout = DATANODE_SCHEMA_V3 (version = 4)
2023-02-01 18:45:34,131 [Datanode State Machine Task Thread - 0] INFO  datanode.InitDatanodeState (InitDatanodeState.java:persistContainerDatanodeDetails(138)) - DatanodeDetails is persisted to /home/runner/work/ozone/ozone/hadoop-ozone/integration-test/target/test-dir/MiniOzoneClusterImpl-64158d22-d035-436d-bfd1-97d6094c143d/datanode-1/meta/datanode.id
2023-02-01 18:45:34,143 [om1@group-C5BA1605619E-SegmentedRaftLogWorker] INFO  segmented.SegmentedRaftLogWorker (SegmentedRaftLogWorker.java:execute(656)) - om1@group-C5BA1605619E-SegmentedRaftLogWorker: created new log segment /home/runner/work/ozone/ozone/hadoop-ozone/integration-test/target/test-dir/MiniOzoneClusterImpl-64158d22-d035-436d-bfd1-97d6094c143d/ozone-meta/ratis/bf265839-605b-3f16-9796-c5ba1605619e/current/log_inprogress_0
2023-02-01 18:45:34,187 [Listener at 127.0.0.1/39701] INFO  reflections.Reflections (Reflections.java:scan(232)) - Reflections took 63 ms to scan 7 urls, producing 149 keys and 361 values 
2023-02-01 18:45:34,189 [Listener at 127.0.0.1/39701] INFO  statemachine.DatanodeStateMachine (DatanodeStateMachine.java:getEndPointTaskThreadPoolSize(261)) - Datanode State Machine Task Thread Pool size 2
2023-02-01 18:45:34,191 [Listener at 127.0.0.1/39701] INFO  volume.HddsVolume (HddsVolume.java:<init>(117)) - Creating HddsVolume: /home/runner/work/ozone/ozone/hadoop-ozone/integration-test/target/test-dir/MiniOzoneClusterImpl-64158d22-d035-436d-bfd1-97d6094c143d/datanode-2/data-0/containers/hdds of storage type : DISK capacity : 9223372036854775807
2023-02-01 18:45:34,192 [Listener at 127.0.0.1/39701] INFO  volume.MutableVolumeSet (MutableVolumeSet.java:initializeVolumeSet(174)) - Added Volume : /home/runner/work/ozone/ozone/hadoop-ozone/integration-test/target/test-dir/MiniOzoneClusterImpl-64158d22-d035-436d-bfd1-97d6094c143d/datanode-2/data-0/containers/hdds to VolumeSet
2023-02-01 18:45:34,192 [Listener at 127.0.0.1/39701] INFO  volume.ThrottledAsyncChecker (ThrottledAsyncChecker.java:schedule(141)) - Scheduling a check for /home/runner/work/ozone/ozone/hadoop-ozone/integration-test/target/test-dir/MiniOzoneClusterImpl-64158d22-d035-436d-bfd1-97d6094c143d/datanode-2/data-0/containers/hdds
2023-02-01 18:45:34,196 [Listener at 127.0.0.1/39701] INFO  volume.StorageVolumeChecker (StorageVolumeChecker.java:checkAllVolumes(202)) - Scheduled health check for volume /home/runner/work/ozone/ozone/hadoop-ozone/integration-test/target/test-dir/MiniOzoneClusterImpl-64158d22-d035-436d-bfd1-97d6094c143d/datanode-2/data-0/containers/hdds
2023-02-01 18:45:34,211 [Listener at 127.0.0.1/39701] INFO  volume.MutableVolumeSet (MutableVolumeSet.java:initializeVolumeSet(174)) - Added Volume : /home/runner/work/ozone/ozone/hadoop-ozone/integration-test/target/test-dir/MiniOzoneClusterImpl-64158d22-d035-436d-bfd1-97d6094c143d/datanode-2/data/ratis to VolumeSet
2023-02-01 18:45:34,211 [Listener at 127.0.0.1/39701] INFO  volume.ThrottledAsyncChecker (ThrottledAsyncChecker.java:schedule(141)) - Scheduling a check for /home/runner/work/ozone/ozone/hadoop-ozone/integration-test/target/test-dir/MiniOzoneClusterImpl-64158d22-d035-436d-bfd1-97d6094c143d/datanode-2/data/ratis
2023-02-01 18:45:34,211 [Listener at 127.0.0.1/39701] INFO  volume.StorageVolumeChecker (StorageVolumeChecker.java:checkAllVolumes(202)) - Scheduled health check for volume /home/runner/work/ozone/ozone/hadoop-ozone/integration-test/target/test-dir/MiniOzoneClusterImpl-64158d22-d035-436d-bfd1-97d6094c143d/datanode-2/data/ratis
2023-02-01 18:45:34,223 [Thread-166] INFO  ozoneimpl.ContainerReader (ContainerReader.java:readVolume(175)) - Finish verifying containers on volume /home/runner/work/ozone/ozone/hadoop-ozone/integration-test/target/test-dir/MiniOzoneClusterImpl-64158d22-d035-436d-bfd1-97d6094c143d/datanode-2/data-0/containers/hdds
2023-02-01 18:45:34,223 [Listener at 127.0.0.1/39701] INFO  ozoneimpl.OzoneContainer (OzoneContainer.java:buildContainerSet(305)) - Build ContainerSet costs 0s
2023-02-01 18:45:34,226 [Listener at 127.0.0.1/39701] INFO  server.RaftServer (ConfUtils.java:logGet(46)) - raft.rpc.type = GRPC (default)
2023-02-01 18:45:34,226 [Listener at 127.0.0.1/39701] INFO  grpc.GrpcConfigKeys (ConfUtils.java:logFallback(53)) - raft.grpc.admin.host = null (fallback to raft.grpc.server.host)
2023-02-01 18:45:34,226 [Listener at 127.0.0.1/39701] INFO  grpc.GrpcConfigKeys (ConfUtils.java:logGet(46)) - raft.grpc.admin.port = 0 (custom)
2023-02-01 18:45:34,226 [Listener at 127.0.0.1/39701] INFO  grpc.GrpcConfigKeys (ConfUtils.java:logFallback(53)) - raft.grpc.client.host = null (fallback to raft.grpc.server.host)
2023-02-01 18:45:34,226 [Listener at 127.0.0.1/39701] INFO  grpc.GrpcConfigKeys (ConfUtils.java:logGet(46)) - raft.grpc.client.port = 0 (custom)
2023-02-01 18:45:34,226 [Listener at 127.0.0.1/39701] INFO  grpc.GrpcConfigKeys (ConfUtils.java:logGet(46)) - raft.grpc.server.host = null (default)
2023-02-01 18:45:34,227 [Listener at 127.0.0.1/39701] INFO  grpc.GrpcConfigKeys (ConfUtils.java:logGet(46)) - raft.grpc.server.port = 0 (default)
2023-02-01 18:45:34,227 [Listener at 127.0.0.1/39701] INFO  server.GrpcService (ConfUtils.java:logGet(46)) - raft.grpc.message.size.max = 32MB (=33554432) (custom)
2023-02-01 18:45:34,227 [Listener at 127.0.0.1/39701] INFO  server.RaftServerConfigKeys (ConfUtils.java:logGet(46)) - raft.server.log.appender.buffer.byte-limit = 33554432 (custom)
2023-02-01 18:45:34,227 [Listener at 127.0.0.1/39701] INFO  server.GrpcService (ConfUtils.java:logGet(46)) - raft.grpc.flow.control.window = 5MB (=5242880) (custom)
2023-02-01 18:45:34,227 [Listener at 127.0.0.1/39701] INFO  server.RaftServerConfigKeys (ConfUtils.java:logGet(46)) - raft.server.rpc.request.timeout = 60s (custom)
2023-02-01 18:45:34,227 [Listener at 127.0.0.1/39701] INFO  grpc.GrpcConfigKeys (ConfUtils.java:logGet(46)) - raft.grpc.server.heartbeat.channel = true (default)
2023-02-01 18:45:34,227 [Listener at 127.0.0.1/39701] INFO  grpc.GrpcConfigKeys (ConfUtils.java:logGet(46)) - raft.grpc.server.async.request.thread.pool.cached = true (default)
2023-02-01 18:45:34,227 [Listener at 127.0.0.1/39701] INFO  grpc.GrpcConfigKeys (ConfUtils.java:logGet(46)) - raft.grpc.server.async.request.thread.pool.size = 32 (default)
2023-02-01 18:45:34,229 [Listener at 127.0.0.1/39701] INFO  impl.DataStreamServerImpl (ConfUtils.java:logGet(46)) - raft.datastream.type = NETTY (custom)
2023-02-01 18:45:34,230 [Listener at 127.0.0.1/39701] INFO  server.RaftServerConfigKeys (ConfUtils.java:logGet(46)) - raft.server.data-stream.async.request.thread.pool.cached = false (default)
2023-02-01 18:45:34,232 [Listener at 127.0.0.1/39701] INFO  server.RaftServerConfigKeys (ConfUtils.java:logGet(46)) - raft.server.data-stream.async.request.thread.pool.size = 20 (custom)
2023-02-01 18:45:34,232 [Listener at 127.0.0.1/39701] INFO  server.RaftServerConfigKeys (ConfUtils.java:logGet(46)) - raft.server.data-stream.async.write.thread.pool.size = 16 (default)
2023-02-01 18:45:34,232 [Listener at 127.0.0.1/39701] INFO  server.RaftServerConfigKeys (ConfUtils.java:logGet(46)) - raft.server.data-stream.client.pool.size = 10 (default)
2023-02-01 18:45:34,232 [Listener at 127.0.0.1/39701] INFO  netty.NettyConfigKeys$DataStream (ConfUtils.java:logGet(46)) - raft.netty.dataStream.server.use-epoll = false (default)
2023-02-01 18:45:34,232 [Listener at 127.0.0.1/39701] INFO  netty.NettyConfigKeys$DataStream (ConfUtils.java:logGet(46)) - raft.netty.dataStream.server.boss-group.size = 0 (default)
2023-02-01 18:45:34,233 [Listener at 127.0.0.1/39701] INFO  netty.NettyConfigKeys$DataStream (ConfUtils.java:logGet(46)) - raft.netty.dataStream.server.worker-group.size = 0 (default)
2023-02-01 18:45:34,234 [Listener at 127.0.0.1/39701] INFO  netty.NettyConfigKeys$DataStream (ConfUtils.java:logGet(46)) - raft.netty.dataStream.server.tls.conf = null (default)
2023-02-01 18:45:34,234 [Listener at 127.0.0.1/39701] INFO  netty.NettyConfigKeys$DataStream (ConfUtils.java:logGet(46)) - raft.netty.dataStream.host = null (default)
2023-02-01 18:45:34,234 [Listener at 127.0.0.1/39701] INFO  netty.NettyConfigKeys$DataStream (ConfUtils.java:logGet(46)) - raft.netty.dataStream.port = 0 (default)
2023-02-01 18:45:34,235 [Listener at 127.0.0.1/39701] INFO  server.RaftServerConfigKeys (ConfUtils.java:logGet(46)) - raft.server.threadpool.proxy.cached = true (default)
2023-02-01 18:45:34,235 [Listener at 127.0.0.1/39701] INFO  server.RaftServerConfigKeys (ConfUtils.java:logGet(46)) - raft.server.threadpool.proxy.size = 0 (default)
2023-02-01 18:45:34,235 [Listener at 127.0.0.1/39701] INFO  server.RaftServerConfigKeys (ConfUtils.java:logGet(46)) - raft.server.rpc.slowness.timeout = 300s (custom)
2023-02-01 18:45:34,235 [Listener at 127.0.0.1/39701] INFO  server.RaftServerConfigKeys (ConfUtils.java:logGet(46)) - raft.server.leaderelection.leader.step-down.wait-time = 10s (default)
2023-02-01 18:45:34,235 [Listener at 127.0.0.1/39701] INFO  server.RaftServerConfigKeys (ConfUtils.java:logGet(46)) - raft.server.storage.dir = [/home/runner/work/ozone/ozone/hadoop-ozone/integration-test/target/test-dir/MiniOzoneClusterImpl-64158d22-d035-436d-bfd1-97d6094c143d/datanode-2/data/ratis] (custom)
2023-02-01 18:45:34,239 [5a2bde7b-6aad-464a-b794-b1a97ffa6b25-NettyServerStreamRpc-bossGroup--thread1] INFO  logging.LoggingHandler (AbstractInternalLogger.java:log(148)) - [id: 0x745ea7db] REGISTERED
2023-02-01 18:45:34,240 [5a2bde7b-6aad-464a-b794-b1a97ffa6b25-NettyServerStreamRpc-bossGroup--thread1] INFO  logging.LoggingHandler (AbstractInternalLogger.java:log(148)) - [id: 0x745ea7db] BIND: 0.0.0.0/0.0.0.0:0
2023-02-01 18:45:34,240 [5a2bde7b-6aad-464a-b794-b1a97ffa6b25-NettyServerStreamRpc-bossGroup--thread1] INFO  logging.LoggingHandler (AbstractInternalLogger.java:log(148)) - [id: 0x745ea7db, L:/0:0:0:0:0:0:0:0:40949] ACTIVE
2023-02-01 18:45:34,241 [Listener at 127.0.0.1/39701] INFO  server.XceiverServerGrpc (XceiverServerGrpc.java:<init>(132)) - GrpcServer channel type EpollServerSocketChannel
2023-02-01 18:45:34,248 [Listener at 127.0.0.1/39701] INFO  http.BaseHttpServer (BaseHttpServer.java:newHttpServer2BuilderForOzone(213)) - Starting Web-server for hddsDatanode at: http://0.0.0.0:0
2023-02-01 18:45:34,249 [Listener at 127.0.0.1/39701] INFO  http.BaseHttpServer (BaseHttpServer.java:<init>(108)) - Hadoop Security Enabled: false Ozone Security Enabled: false Ozone HTTP Security Enabled: false 
2023-02-01 18:45:34,250 [Listener at 127.0.0.1/39701] WARN  server.AuthenticationFilter (AuthenticationFilter.java:constructSecretProvider(240)) - Unable to initialize FileSignerSecretProvider, falling back to use random secrets. Reason: Could not read signature secret file: /home/runner/hadoop-http-auth-signature-secret
2023-02-01 18:45:34,256 [Listener at 127.0.0.1/39701] WARN  http.HttpRequestLog (HttpRequestLog.java:getRequestLog(103)) - Jetty request log can only be enabled using Log4j
2023-02-01 18:45:34,257 [Listener at 127.0.0.1/39701] INFO  http.HttpServer2 (HttpServer2.java:addGlobalFilter(1031)) - Added global filter 'safety' (class=org.apache.hadoop.hdds.server.http.HttpServer2$QuotingInputFilter)
2023-02-01 18:45:34,258 [Listener at 127.0.0.1/39701] INFO  http.HttpServer2 (HttpServer2.java:addFilter(1007)) - Added filter static_user_filter (class=org.apache.hadoop.http.lib.StaticUserWebFilter$StaticUserFilter) to context hddsDatanode
2023-02-01 18:45:34,258 [Listener at 127.0.0.1/39701] INFO  http.HttpServer2 (HttpServer2.java:addFilter(1015)) - Added filter static_user_filter (class=org.apache.hadoop.http.lib.StaticUserWebFilter$StaticUserFilter) to context logs
2023-02-01 18:45:34,258 [Listener at 127.0.0.1/39701] INFO  http.HttpServer2 (HttpServer2.java:addFilter(1015)) - Added filter static_user_filter (class=org.apache.hadoop.http.lib.StaticUserWebFilter$StaticUserFilter) to context static
2023-02-01 18:45:34,259 [Listener at 127.0.0.1/39701] INFO  http.HttpServer2 (HttpServer2.java:bindListener(1250)) - Jetty bound to port 34765
2023-02-01 18:45:34,259 [Listener at 127.0.0.1/39701] INFO  server.Server (Server.java:doStart(375)) - jetty-9.4.49.v20220914; built: 2022-09-14T01:07:36.601Z; git: 4231a3b2e4cb8548a412a789936d640a97b1aa0a; jvm 1.8.0_352-b08
2023-02-01 18:45:34,278 [Listener at 127.0.0.1/39701] INFO  server.session (DefaultSessionIdManager.java:doStart(334)) - DefaultSessionIdManager workerName=node0
2023-02-01 18:45:34,278 [Listener at 127.0.0.1/39701] INFO  server.session (DefaultSessionIdManager.java:doStart(339)) - No SessionScavenger set, using defaults
2023-02-01 18:45:34,279 [Listener at 127.0.0.1/39701] INFO  server.session (HouseKeeper.java:startScavenging(132)) - node0 Scavenging every 660000ms
2023-02-01 18:45:34,289 [Listener at 127.0.0.1/39701] INFO  handler.ContextHandler (ContextHandler.java:doStart(921)) - Started o.e.j.s.ServletContextHandler@4ef45124{logs,/logs,file:///home/runner/work/ozone/ozone/hadoop-ozone/integration-test/target/log,AVAILABLE}
2023-02-01 18:45:34,289 [Listener at 127.0.0.1/39701] INFO  handler.ContextHandler (ContextHandler.java:doStart(921)) - Started o.e.j.s.ServletContextHandler@681f3c31{static,/static,jar:file:/home/runner/.m2/repository/org/apache/ozone/hdds-container-service/1.4.0-SNAPSHOT/hdds-container-service-1.4.0-SNAPSHOT.jar!/webapps/static,AVAILABLE}
2023-02-01 18:45:34,296 [om1@group-C5BA1605619E-StateMachineUpdater] INFO  ratis.OzoneManagerStateMachine (OzoneManagerStateMachine.java:notifyConfigurationChanged(192)) - Received Configuration change notification from Ratis. New Peer list:
[id: "om1"
address: "localhost:9872"
startupRole: FOLLOWER
]
2023-02-01 18:45:34,473 [Listener at 127.0.0.1/39701] INFO  handler.ContextHandler (ContextHandler.java:doStart(921)) - Started o.e.j.w.WebAppContext@44b7facb{hddsDatanode,/,file:///tmp/jetty-0_0_0_0-34765-hdds-container-service-1_4_0-SNAPSHOT_jar-_-any-6936453840085301234/webapp/,AVAILABLE}{jar:file:/home/runner/.m2/repository/org/apache/ozone/hdds-container-service/1.4.0-SNAPSHOT/hdds-container-service-1.4.0-SNAPSHOT.jar!/webapps/hddsDatanode}
2023-02-01 18:45:34,475 [Listener at 127.0.0.1/39701] INFO  server.AbstractConnector (AbstractConnector.java:doStart(333)) - Started ServerConnector@5a704d15{HTTP/1.1, (http/1.1)}{0.0.0.0:34765}
2023-02-01 18:45:34,475 [Listener at 127.0.0.1/39701] INFO  server.Server (Server.java:doStart(415)) - Started @8951ms
2023-02-01 18:45:34,475 [Listener at 127.0.0.1/39701] WARN  impl.MetricsSystemImpl (MetricsSystemImpl.java:register(279)) - Sink prometheus already exists!
2023-02-01 18:45:34,478 [Listener at 127.0.0.1/39701] INFO  http.BaseHttpServer (BaseHttpServer.java:updateConnectorAddress(333)) - HTTP server of hddsDatanode listening at http://0.0.0.0:34765
2023-02-01 18:45:34,479 [Datanode State Machine Daemon Thread] INFO  statemachine.DatanodeStateMachine (DatanodeStateMachine.java:lambda$startDaemon$0(517)) - Ozone container server started.
2023-02-01 18:45:34,481 [Listener at 127.0.0.1/39701] INFO  ozone.MiniOzoneClusterImpl (MiniOzoneClusterImpl.java:lambda$waitForClusterToBeReady$0(218)) - Waiting for nodes to be ready. Got 0 of 3 DN Heartbeats.
2023-02-01 18:45:34,481 [Listener at 127.0.0.1/39701] INFO  ozone.MiniOzoneClusterImpl (MiniOzoneClusterImpl.java:lambda$waitForClusterToBeReady$0(221)) - Waiting for cluster to exit safe mode
2023-02-01 18:45:34,481 [Listener at 127.0.0.1/39701] INFO  ozone.MiniOzoneClusterImpl (MiniOzoneClusterImpl.java:lambda$waitForClusterToBeReady$0(223)) - SCM became leader
2023-02-01 18:45:34,496 [org.apache.hadoop.util.JvmPauseMonitor$Monitor@5f470df] INFO  util.JvmPauseMonitor (JvmPauseMonitor.java:run(188)) - Starting JVM pause monitor
2023-02-01 18:45:34,500 [Datanode State Machine Task Thread - 0] INFO  datanode.InitDatanodeState (InitDatanodeState.java:persistContainerDatanodeDetails(138)) - DatanodeDetails is persisted to /home/runner/work/ozone/ozone/hadoop-ozone/integration-test/target/test-dir/MiniOzoneClusterImpl-64158d22-d035-436d-bfd1-97d6094c143d/datanode-2/meta/datanode.id
2023-02-01 18:45:35,481 [Listener at 127.0.0.1/39701] INFO  ozone.MiniOzoneClusterImpl (MiniOzoneClusterImpl.java:lambda$waitForClusterToBeReady$0(218)) - Waiting for nodes to be ready. Got 0 of 3 DN Heartbeats.
2023-02-01 18:45:35,481 [Listener at 127.0.0.1/39701] INFO  ozone.MiniOzoneClusterImpl (MiniOzoneClusterImpl.java:lambda$waitForClusterToBeReady$0(221)) - Waiting for cluster to exit safe mode
2023-02-01 18:45:35,481 [Listener at 127.0.0.1/39701] INFO  ozone.MiniOzoneClusterImpl (MiniOzoneClusterImpl.java:lambda$waitForClusterToBeReady$0(223)) - SCM became leader
2023-02-01 18:45:35,629 | INFO  | SCMAudit | user=runner | ip=10.1.0.29 | op=GET_VERSION null | ret=SUCCESS |  
2023-02-01 18:45:35,683 [EndpointStateMachine task thread for /0.0.0.0:43205 - 0 ] INFO  utils.DatanodeStoreCache (DatanodeStoreCache.java:addDB(58)) - Added db /home/runner/work/ozone/ozone/hadoop-ozone/integration-test/target/test-dir/MiniOzoneClusterImpl-64158d22-d035-436d-bfd1-97d6094c143d/datanode-0/data-0/containers/hdds/64158d22-d035-436d-bfd1-97d6094c143d/DS-bfe22bf1-bf6f-47a9-9ebc-3f24e2795889/container.db to cache
2023-02-01 18:45:35,683 [EndpointStateMachine task thread for /0.0.0.0:43205 - 0 ] INFO  volume.HddsVolume (HddsVolume.java:createDbStore(307)) - SchemaV3 db is created and loaded at /home/runner/work/ozone/ozone/hadoop-ozone/integration-test/target/test-dir/MiniOzoneClusterImpl-64158d22-d035-436d-bfd1-97d6094c143d/datanode-0/data-0/containers/hdds/64158d22-d035-436d-bfd1-97d6094c143d/DS-bfe22bf1-bf6f-47a9-9ebc-3f24e2795889/container.db for volume DS-bfe22bf1-bf6f-47a9-9ebc-3f24e2795889
2023-02-01 18:45:35,684 [EndpointStateMachine task thread for /0.0.0.0:43205 - 0 ] INFO  ozoneimpl.OzoneContainer (OzoneContainer.java:start(399)) - Attempting to start container services.
2023-02-01 18:45:35,686 [EndpointStateMachine task thread for /0.0.0.0:43205 - 0 ] INFO  ozoneimpl.OzoneContainer (OzoneContainer.java:startContainerScrub(316)) - Scheduled background container scanners and the on-demand container scanner have been disabled.
2023-02-01 18:45:35,687 [EndpointStateMachine task thread for /0.0.0.0:43205 - 0 ] INFO  replication.ReplicationServer (ReplicationServer.java:start(109)) - ReplicationServer is started using port 42321
2023-02-01 18:45:35,690 [EndpointStateMachine task thread for /0.0.0.0:43205 - 0 ] INFO  ratis.XceiverServerRatis (XceiverServerRatis.java:start(517)) - Starting XceiverServerRatis 9d11f7a2-de03-4463-8286-a21ff45a32eb
2023-02-01 18:45:35,696 [EndpointStateMachine task thread for /0.0.0.0:43205 - 0 ] INFO  server.RaftServer (RaftServerProxy.java:startImpl(393)) - 9d11f7a2-de03-4463-8286-a21ff45a32eb: start RPC server
2023-02-01 18:45:35,704 [EndpointStateMachine task thread for /0.0.0.0:43205 - 0 ] INFO  server.GrpcService (GrpcService.java:startImpl(262)) - 9d11f7a2-de03-4463-8286-a21ff45a32eb: GrpcService started, listening on 46231
2023-02-01 18:45:35,705 [EndpointStateMachine task thread for /0.0.0.0:43205 - 0 ] INFO  ratis.XceiverServerRatis (XceiverServerRatis.java:getRealPort(543)) - XceiverServerRatis 9d11f7a2-de03-4463-8286-a21ff45a32eb is started using port 46231 for RATIS
2023-02-01 18:45:35,705 [EndpointStateMachine task thread for /0.0.0.0:43205 - 0 ] INFO  ratis.XceiverServerRatis (XceiverServerRatis.java:getRealPort(543)) - XceiverServerRatis 9d11f7a2-de03-4463-8286-a21ff45a32eb is started using port 46231 for RATIS_ADMIN
2023-02-01 18:45:35,705 [EndpointStateMachine task thread for /0.0.0.0:43205 - 0 ] INFO  ratis.XceiverServerRatis (XceiverServerRatis.java:getRealPort(543)) - XceiverServerRatis 9d11f7a2-de03-4463-8286-a21ff45a32eb is started using port 46231 for RATIS_SERVER
2023-02-01 18:45:35,705 [EndpointStateMachine task thread for /0.0.0.0:43205 - 0 ] INFO  ratis.XceiverServerRatis (XceiverServerRatis.java:getRealPort(543)) - XceiverServerRatis 9d11f7a2-de03-4463-8286-a21ff45a32eb is started using port 42455 for RATIS_DATASTREAM
2023-02-01 18:45:35,707 [EndpointStateMachine task thread for /0.0.0.0:43205 - 0 ] INFO  server.XceiverServerGrpc (XceiverServerGrpc.java:start(180)) - XceiverServerGrpc 9d11f7a2-de03-4463-8286-a21ff45a32eb is started using port 42127
2023-02-01 18:45:35,707 [JvmPauseMonitor1] INFO  util.JvmPauseMonitor (JvmPauseMonitor.java:run(105)) - JvmPauseMonitor-9d11f7a2-de03-4463-8286-a21ff45a32eb: Started
2023-02-01 18:45:36,090 | INFO  | SCMAudit | user=runner | ip=10.1.0.29 | op=GET_VERSION null | ret=SUCCESS |  
2023-02-01 18:45:36,116 [EndpointStateMachine task thread for /0.0.0.0:43205 - 0 ] INFO  utils.DatanodeStoreCache (DatanodeStoreCache.java:addDB(58)) - Added db /home/runner/work/ozone/ozone/hadoop-ozone/integration-test/target/test-dir/MiniOzoneClusterImpl-64158d22-d035-436d-bfd1-97d6094c143d/datanode-1/data-0/containers/hdds/64158d22-d035-436d-bfd1-97d6094c143d/DS-e6eab5bc-5e29-4560-9a90-00fc785e00a0/container.db to cache
2023-02-01 18:45:36,116 [EndpointStateMachine task thread for /0.0.0.0:43205 - 0 ] INFO  volume.HddsVolume (HddsVolume.java:createDbStore(307)) - SchemaV3 db is created and loaded at /home/runner/work/ozone/ozone/hadoop-ozone/integration-test/target/test-dir/MiniOzoneClusterImpl-64158d22-d035-436d-bfd1-97d6094c143d/datanode-1/data-0/containers/hdds/64158d22-d035-436d-bfd1-97d6094c143d/DS-e6eab5bc-5e29-4560-9a90-00fc785e00a0/container.db for volume DS-e6eab5bc-5e29-4560-9a90-00fc785e00a0
2023-02-01 18:45:36,117 [EndpointStateMachine task thread for /0.0.0.0:43205 - 0 ] INFO  ozoneimpl.OzoneContainer (OzoneContainer.java:start(399)) - Attempting to start container services.
2023-02-01 18:45:36,117 [EndpointStateMachine task thread for /0.0.0.0:43205 - 0 ] INFO  ozoneimpl.OzoneContainer (OzoneContainer.java:startContainerScrub(316)) - Scheduled background container scanners and the on-demand container scanner have been disabled.
2023-02-01 18:45:36,120 [EndpointStateMachine task thread for /0.0.0.0:43205 - 0 ] INFO  replication.ReplicationServer (ReplicationServer.java:start(109)) - ReplicationServer is started using port 34225
2023-02-01 18:45:36,120 [EndpointStateMachine task thread for /0.0.0.0:43205 - 0 ] INFO  ratis.XceiverServerRatis (XceiverServerRatis.java:start(517)) - Starting XceiverServerRatis 8e758023-c9f0-4f3e-97a8-668246130508
2023-02-01 18:45:36,121 [EndpointStateMachine task thread for /0.0.0.0:43205 - 0 ] INFO  server.RaftServer (RaftServerProxy.java:startImpl(393)) - 8e758023-c9f0-4f3e-97a8-668246130508: start RPC server
2023-02-01 18:45:36,122 [EndpointStateMachine task thread for /0.0.0.0:43205 - 0 ] INFO  server.GrpcService (GrpcService.java:startImpl(262)) - 8e758023-c9f0-4f3e-97a8-668246130508: GrpcService started, listening on 38211
2023-02-01 18:45:36,122 [EndpointStateMachine task thread for /0.0.0.0:43205 - 0 ] INFO  ratis.XceiverServerRatis (XceiverServerRatis.java:getRealPort(543)) - XceiverServerRatis 8e758023-c9f0-4f3e-97a8-668246130508 is started using port 38211 for RATIS
2023-02-01 18:45:36,122 [EndpointStateMachine task thread for /0.0.0.0:43205 - 0 ] INFO  ratis.XceiverServerRatis (XceiverServerRatis.java:getRealPort(543)) - XceiverServerRatis 8e758023-c9f0-4f3e-97a8-668246130508 is started using port 38211 for RATIS_ADMIN
2023-02-01 18:45:36,122 [EndpointStateMachine task thread for /0.0.0.0:43205 - 0 ] INFO  ratis.XceiverServerRatis (XceiverServerRatis.java:getRealPort(543)) - XceiverServerRatis 8e758023-c9f0-4f3e-97a8-668246130508 is started using port 38211 for RATIS_SERVER
2023-02-01 18:45:36,122 [EndpointStateMachine task thread for /0.0.0.0:43205 - 0 ] INFO  ratis.XceiverServerRatis (XceiverServerRatis.java:getRealPort(543)) - XceiverServerRatis 8e758023-c9f0-4f3e-97a8-668246130508 is started using port 41975 for RATIS_DATASTREAM
2023-02-01 18:45:36,123 [JvmPauseMonitor2] INFO  util.JvmPauseMonitor (JvmPauseMonitor.java:run(105)) - JvmPauseMonitor-8e758023-c9f0-4f3e-97a8-668246130508: Started
2023-02-01 18:45:36,131 [EndpointStateMachine task thread for /0.0.0.0:43205 - 0 ] INFO  server.XceiverServerGrpc (XceiverServerGrpc.java:start(180)) - XceiverServerGrpc 8e758023-c9f0-4f3e-97a8-668246130508 is started using port 36737
2023-02-01 18:45:36,482 [Listener at 127.0.0.1/39701] INFO  ozone.MiniOzoneClusterImpl (MiniOzoneClusterImpl.java:lambda$waitForClusterToBeReady$0(218)) - Waiting for nodes to be ready. Got 0 of 3 DN Heartbeats.
2023-02-01 18:45:36,482 [Listener at 127.0.0.1/39701] INFO  ozone.MiniOzoneClusterImpl (MiniOzoneClusterImpl.java:lambda$waitForClusterToBeReady$0(221)) - Waiting for cluster to exit safe mode
2023-02-01 18:45:36,482 [Listener at 127.0.0.1/39701] INFO  ozone.MiniOzoneClusterImpl (MiniOzoneClusterImpl.java:lambda$waitForClusterToBeReady$0(223)) - SCM became leader
2023-02-01 18:45:36,498 | INFO  | SCMAudit | user=runner | ip=10.1.0.29 | op=GET_VERSION null | ret=SUCCESS |  
2023-02-01 18:45:36,527 [EndpointStateMachine task thread for /0.0.0.0:43205 - 0 ] INFO  utils.DatanodeStoreCache (DatanodeStoreCache.java:addDB(58)) - Added db /home/runner/work/ozone/ozone/hadoop-ozone/integration-test/target/test-dir/MiniOzoneClusterImpl-64158d22-d035-436d-bfd1-97d6094c143d/datanode-2/data-0/containers/hdds/64158d22-d035-436d-bfd1-97d6094c143d/DS-3519ef14-035b-44b2-b9c4-aa7c9739064b/container.db to cache
2023-02-01 18:45:36,528 [EndpointStateMachine task thread for /0.0.0.0:43205 - 0 ] INFO  volume.HddsVolume (HddsVolume.java:createDbStore(307)) - SchemaV3 db is created and loaded at /home/runner/work/ozone/ozone/hadoop-ozone/integration-test/target/test-dir/MiniOzoneClusterImpl-64158d22-d035-436d-bfd1-97d6094c143d/datanode-2/data-0/containers/hdds/64158d22-d035-436d-bfd1-97d6094c143d/DS-3519ef14-035b-44b2-b9c4-aa7c9739064b/container.db for volume DS-3519ef14-035b-44b2-b9c4-aa7c9739064b
2023-02-01 18:45:36,528 [EndpointStateMachine task thread for /0.0.0.0:43205 - 0 ] INFO  ozoneimpl.OzoneContainer (OzoneContainer.java:start(399)) - Attempting to start container services.
2023-02-01 18:45:36,528 [EndpointStateMachine task thread for /0.0.0.0:43205 - 0 ] INFO  ozoneimpl.OzoneContainer (OzoneContainer.java:startContainerScrub(316)) - Scheduled background container scanners and the on-demand container scanner have been disabled.
2023-02-01 18:45:36,530 [EndpointStateMachine task thread for /0.0.0.0:43205 - 0 ] INFO  replication.ReplicationServer (ReplicationServer.java:start(109)) - ReplicationServer is started using port 33833
2023-02-01 18:45:36,530 [EndpointStateMachine task thread for /0.0.0.0:43205 - 0 ] INFO  ratis.XceiverServerRatis (XceiverServerRatis.java:start(517)) - Starting XceiverServerRatis 5a2bde7b-6aad-464a-b794-b1a97ffa6b25
2023-02-01 18:45:36,531 [EndpointStateMachine task thread for /0.0.0.0:43205 - 0 ] INFO  server.RaftServer (RaftServerProxy.java:startImpl(393)) - 5a2bde7b-6aad-464a-b794-b1a97ffa6b25: start RPC server
2023-02-01 18:45:36,532 [EndpointStateMachine task thread for /0.0.0.0:43205 - 0 ] INFO  server.GrpcService (GrpcService.java:startImpl(262)) - 5a2bde7b-6aad-464a-b794-b1a97ffa6b25: GrpcService started, listening on 37273
2023-02-01 18:45:36,532 [EndpointStateMachine task thread for /0.0.0.0:43205 - 0 ] INFO  ratis.XceiverServerRatis (XceiverServerRatis.java:getRealPort(543)) - XceiverServerRatis 5a2bde7b-6aad-464a-b794-b1a97ffa6b25 is started using port 37273 for RATIS
2023-02-01 18:45:36,533 [EndpointStateMachine task thread for /0.0.0.0:43205 - 0 ] INFO  ratis.XceiverServerRatis (XceiverServerRatis.java:getRealPort(543)) - XceiverServerRatis 5a2bde7b-6aad-464a-b794-b1a97ffa6b25 is started using port 37273 for RATIS_ADMIN
2023-02-01 18:45:36,533 [JvmPauseMonitor3] INFO  util.JvmPauseMonitor (JvmPauseMonitor.java:run(105)) - JvmPauseMonitor-5a2bde7b-6aad-464a-b794-b1a97ffa6b25: Started
2023-02-01 18:45:36,533 [EndpointStateMachine task thread for /0.0.0.0:43205 - 0 ] INFO  ratis.XceiverServerRatis (XceiverServerRatis.java:getRealPort(543)) - XceiverServerRatis 5a2bde7b-6aad-464a-b794-b1a97ffa6b25 is started using port 37273 for RATIS_SERVER
2023-02-01 18:45:36,533 [EndpointStateMachine task thread for /0.0.0.0:43205 - 0 ] INFO  ratis.XceiverServerRatis (XceiverServerRatis.java:getRealPort(543)) - XceiverServerRatis 5a2bde7b-6aad-464a-b794-b1a97ffa6b25 is started using port 40949 for RATIS_DATASTREAM
2023-02-01 18:45:36,535 [EndpointStateMachine task thread for /0.0.0.0:43205 - 0 ] INFO  server.XceiverServerGrpc (XceiverServerGrpc.java:start(180)) - XceiverServerGrpc 5a2bde7b-6aad-464a-b794-b1a97ffa6b25 is started using port 44731
2023-02-01 18:45:37,482 [Listener at 127.0.0.1/39701] INFO  ozone.MiniOzoneClusterImpl (MiniOzoneClusterImpl.java:lambda$waitForClusterToBeReady$0(218)) - Waiting for nodes to be ready. Got 0 of 3 DN Heartbeats.
2023-02-01 18:45:37,482 [Listener at 127.0.0.1/39701] INFO  ozone.MiniOzoneClusterImpl (MiniOzoneClusterImpl.java:lambda$waitForClusterToBeReady$0(221)) - Waiting for cluster to exit safe mode
2023-02-01 18:45:37,482 [Listener at 127.0.0.1/39701] INFO  ozone.MiniOzoneClusterImpl (MiniOzoneClusterImpl.java:lambda$waitForClusterToBeReady$0(223)) - SCM became leader
2023-02-01 18:45:37,599 [IPC Server handler 0 on default port 43205] INFO  net.NetworkTopologyImpl (NetworkTopologyImpl.java:add(112)) - Added a new node: /default-rack/9d11f7a2-de03-4463-8286-a21ff45a32eb
2023-02-01 18:45:37,601 [IPC Server handler 0 on default port 43205] INFO  node.SCMNodeManager (SCMNodeManager.java:register(397)) - Registered Data node : 9d11f7a2-de03-4463-8286-a21ff45a32eb{ip: 10.1.0.29, host: fv-az985-588.xhnjdmzn5t1uvmusdvupbov25b.phxx.internal.cloudapp.net, ports: [REPLICATION=42321, RATIS=46231, RATIS_ADMIN=46231, RATIS_SERVER=46231, RATIS_DATASTREAM=42455, STANDALONE=42127], networkLocation: /default-rack, certSerialId: null, persistedOpState: null, persistedOpStateExpiryEpochSec: 0}
2023-02-01 18:45:37,605 [EventQueue-NewNodeForNewNodeHandler] INFO  pipeline.BackgroundPipelineCreator (BackgroundPipelineCreator.java:notifyEventTriggered(276)) - trigger a one-shot run on RatisPipelineUtilsThread.
2023-02-01 18:45:37,609 [EventQueue-NodeRegistrationContainerReportForContainerSafeModeRule] INFO  safemode.SCMSafeModeManager (SCMSafeModeManager.java:validateSafeModeExitRules(200)) - ContainerSafeModeRule rule is successfully validated
2023-02-01 18:45:37,611 [EventQueue-NodeRegistrationContainerReportForDataNodeSafeModeRule] INFO  safemode.SCMSafeModeManager (DataNodeSafeModeRule.java:process(71)) - SCM in safe mode. 1 DataNodes registered, 3 required.
2023-02-01 18:45:37,615 [RatisPipelineUtilsThread - 0] INFO  pipeline.RatisPipelineProvider (RatisPipelineProvider.java:lambda$create$0(206)) - Sending CreatePipelineCommand for pipeline:PipelineID=e2bdc62b-b142-4a50-833f-3d04b2cf7a0c to datanode:9d11f7a2-de03-4463-8286-a21ff45a32eb
2023-02-01 18:45:37,616 [EventQueue-PipelineReportForOneReplicaPipelineSafeModeRule] INFO  safemode.SCMSafeModeManager (SCMSafeModeManager.java:validateSafeModeExitRules(200)) - AtleastOneDatanodeReportedRule rule is successfully validated
2023-02-01 18:45:37,617 | INFO  | SCMAudit | user=runner | ip=10.1.0.29 | op=REGISTER {datanodeDetails=9d11f7a2-de03-4463-8286-a21ff45a32eb(fv-az985-588.xhnjdmzn5t1uvmusdvupbov25b.phxx.internal.cloudapp.net/10.1.0.29)} | ret=SUCCESS |  
2023-02-01 18:45:37,626 [RatisPipelineUtilsThread - 0] INFO  pipeline.PipelineStateManagerImpl (PipelineStateManagerImpl.java:addPipeline(103)) - Created pipeline Pipeline[ Id: e2bdc62b-b142-4a50-833f-3d04b2cf7a0c, Nodes: 9d11f7a2-de03-4463-8286-a21ff45a32eb(fv-az985-588.xhnjdmzn5t1uvmusdvupbov25b.phxx.internal.cloudapp.net/10.1.0.29), ReplicationConfig: RATIS/ONE, State:ALLOCATED, leaderId:, CreationTimestamp2023-02-01T18:45:37.613Z[Etc/UTC]].
2023-02-01 18:45:38,090 [IPC Server handler 1 on default port 43205] INFO  net.NetworkTopologyImpl (NetworkTopologyImpl.java:add(112)) - Added a new node: /default-rack/8e758023-c9f0-4f3e-97a8-668246130508
2023-02-01 18:45:38,090 [IPC Server handler 1 on default port 43205] INFO  node.SCMNodeManager (SCMNodeManager.java:register(397)) - Registered Data node : 8e758023-c9f0-4f3e-97a8-668246130508{ip: 10.1.0.29, host: fv-az985-588.xhnjdmzn5t1uvmusdvupbov25b.phxx.internal.cloudapp.net, ports: [REPLICATION=34225, RATIS=38211, RATIS_ADMIN=38211, RATIS_SERVER=38211, RATIS_DATASTREAM=41975, STANDALONE=36737], networkLocation: /default-rack, certSerialId: null, persistedOpState: null, persistedOpStateExpiryEpochSec: 0}
2023-02-01 18:45:38,090 | INFO  | SCMAudit | user=runner | ip=10.1.0.29 | op=REGISTER {datanodeDetails=8e758023-c9f0-4f3e-97a8-668246130508(fv-az985-588.xhnjdmzn5t1uvmusdvupbov25b.phxx.internal.cloudapp.net/10.1.0.29)} | ret=SUCCESS |  
2023-02-01 18:45:38,091 [EventQueue-NewNodeForNewNodeHandler] INFO  pipeline.BackgroundPipelineCreator (BackgroundPipelineCreator.java:notifyEventTriggered(276)) - trigger a one-shot run on RatisPipelineUtilsThread.
2023-02-01 18:45:38,091 [EventQueue-NodeRegistrationContainerReportForDataNodeSafeModeRule] INFO  safemode.SCMSafeModeManager (DataNodeSafeModeRule.java:process(71)) - SCM in safe mode. 2 DataNodes registered, 3 required.
2023-02-01 18:45:38,092 [RatisPipelineUtilsThread - 0] INFO  pipeline.RatisPipelineProvider (RatisPipelineProvider.java:lambda$create$0(206)) - Sending CreatePipelineCommand for pipeline:PipelineID=7e445e54-2345-4e37-a56a-045e5d7e635e to datanode:8e758023-c9f0-4f3e-97a8-668246130508
2023-02-01 18:45:38,093 [RatisPipelineUtilsThread - 0] INFO  pipeline.PipelineStateManagerImpl (PipelineStateManagerImpl.java:addPipeline(103)) - Created pipeline Pipeline[ Id: 7e445e54-2345-4e37-a56a-045e5d7e635e, Nodes: 8e758023-c9f0-4f3e-97a8-668246130508(fv-az985-588.xhnjdmzn5t1uvmusdvupbov25b.phxx.internal.cloudapp.net/10.1.0.29), ReplicationConfig: RATIS/ONE, State:ALLOCATED, leaderId:, CreationTimestamp2023-02-01T18:45:38.092Z[Etc/UTC]].
2023-02-01 18:45:38,483 [Listener at 127.0.0.1/39701] INFO  ozone.MiniOzoneClusterImpl (MiniOzoneClusterImpl.java:lambda$waitForClusterToBeReady$0(218)) - Waiting for nodes to be ready. Got 2 of 3 DN Heartbeats.
2023-02-01 18:45:38,483 [Listener at 127.0.0.1/39701] INFO  ozone.MiniOzoneClusterImpl (MiniOzoneClusterImpl.java:lambda$waitForClusterToBeReady$0(221)) - Waiting for cluster to exit safe mode
2023-02-01 18:45:38,483 [Listener at 127.0.0.1/39701] INFO  ozone.MiniOzoneClusterImpl (MiniOzoneClusterImpl.java:lambda$waitForClusterToBeReady$0(223)) - SCM became leader
2023-02-01 18:45:38,498 [IPC Server handler 2 on default port 43205] INFO  net.NetworkTopologyImpl (NetworkTopologyImpl.java:add(112)) - Added a new node: /default-rack/5a2bde7b-6aad-464a-b794-b1a97ffa6b25
2023-02-01 18:45:38,498 [IPC Server handler 2 on default port 43205] INFO  node.SCMNodeManager (SCMNodeManager.java:register(397)) - Registered Data node : 5a2bde7b-6aad-464a-b794-b1a97ffa6b25{ip: 10.1.0.29, host: fv-az985-588.xhnjdmzn5t1uvmusdvupbov25b.phxx.internal.cloudapp.net, ports: [REPLICATION=33833, RATIS=37273, RATIS_ADMIN=37273, RATIS_SERVER=37273, RATIS_DATASTREAM=40949, STANDALONE=44731], networkLocation: /default-rack, certSerialId: null, persistedOpState: null, persistedOpStateExpiryEpochSec: 0}
2023-02-01 18:45:38,498 [EventQueue-NodeRegistrationContainerReportForDataNodeSafeModeRule] INFO  safemode.SCMSafeModeManager (DataNodeSafeModeRule.java:process(71)) - SCM in safe mode. 3 DataNodes registered, 3 required.
2023-02-01 18:45:38,498 [EventQueue-NodeRegistrationContainerReportForDataNodeSafeModeRule] INFO  safemode.SCMSafeModeManager (SCMSafeModeManager.java:validateSafeModeExitRules(200)) - DataNodeSafeModeRule rule is successfully validated
2023-02-01 18:45:38,498 [EventQueue-NodeRegistrationContainerReportForDataNodeSafeModeRule] INFO  safemode.SCMSafeModeManager (SCMSafeModeManager.java:completePreCheck(229)) - All SCM safe mode pre check rules have passed
2023-02-01 18:45:38,498 [EventQueue-NodeRegistrationContainerReportForDataNodeSafeModeRule] INFO  ha.SCMContext (SCMContext.java:updateSafeModeStatus(228)) - Update SafeModeStatus from SafeModeStatus{safeModeStatus=true, preCheckPassed=false} to SafeModeStatus{safeModeStatus=true, preCheckPassed=true}.
2023-02-01 18:45:38,499 [EventQueue-NodeRegistrationContainerReportForDataNodeSafeModeRule] INFO  pipeline.BackgroundPipelineCreator (BackgroundPipelineCreator.java:notifyEventTriggered(276)) - trigger a one-shot run on RatisPipelineUtilsThread.
2023-02-01 18:45:38,499 | INFO  | SCMAudit | user=runner | ip=10.1.0.29 | op=REGISTER {datanodeDetails=5a2bde7b-6aad-464a-b794-b1a97ffa6b25(fv-az985-588.xhnjdmzn5t1uvmusdvupbov25b.phxx.internal.cloudapp.net/10.1.0.29)} | ret=SUCCESS |  
2023-02-01 18:45:38,499 [EventQueue-NewNodeForNewNodeHandler] INFO  pipeline.BackgroundPipelineCreator (BackgroundPipelineCreator.java:notifyEventTriggered(276)) - trigger a one-shot run on RatisPipelineUtilsThread.
2023-02-01 18:45:38,499 [RatisPipelineUtilsThread - 0] INFO  pipeline.RatisPipelineProvider (RatisPipelineProvider.java:lambda$create$0(206)) - Sending CreatePipelineCommand for pipeline:PipelineID=99d90a8f-c94b-4ee4-9401-1221f31516e9 to datanode:5a2bde7b-6aad-464a-b794-b1a97ffa6b25
2023-02-01 18:45:38,500 [RatisPipelineUtilsThread - 0] INFO  pipeline.PipelineStateManagerImpl (PipelineStateManagerImpl.java:addPipeline(103)) - Created pipeline Pipeline[ Id: 99d90a8f-c94b-4ee4-9401-1221f31516e9, Nodes: 5a2bde7b-6aad-464a-b794-b1a97ffa6b25(fv-az985-588.xhnjdmzn5t1uvmusdvupbov25b.phxx.internal.cloudapp.net/10.1.0.29), ReplicationConfig: RATIS/ONE, State:ALLOCATED, leaderId:, CreationTimestamp2023-02-01T18:45:38.499Z[Etc/UTC]].
2023-02-01 18:45:38,505 [RatisPipelineUtilsThread - 0] INFO  pipeline.RatisPipelineProvider (RatisPipelineProvider.java:lambda$create$0(206)) - Sending CreatePipelineCommand for pipeline:PipelineID=8492ae3b-1383-40d8-aada-517f44eb6a1f to datanode:9d11f7a2-de03-4463-8286-a21ff45a32eb
2023-02-01 18:45:38,505 [RatisPipelineUtilsThread - 0] INFO  pipeline.RatisPipelineProvider (RatisPipelineProvider.java:lambda$create$0(206)) - Sending CreatePipelineCommand for pipeline:PipelineID=8492ae3b-1383-40d8-aada-517f44eb6a1f to datanode:8e758023-c9f0-4f3e-97a8-668246130508
2023-02-01 18:45:38,505 [RatisPipelineUtilsThread - 0] INFO  pipeline.RatisPipelineProvider (RatisPipelineProvider.java:lambda$create$0(206)) - Sending CreatePipelineCommand for pipeline:PipelineID=8492ae3b-1383-40d8-aada-517f44eb6a1f to datanode:5a2bde7b-6aad-464a-b794-b1a97ffa6b25
2023-02-01 18:45:38,506 [RatisPipelineUtilsThread - 0] INFO  pipeline.PipelineStateManagerImpl (PipelineStateManagerImpl.java:addPipeline(103)) - Created pipeline Pipeline[ Id: 8492ae3b-1383-40d8-aada-517f44eb6a1f, Nodes: 9d11f7a2-de03-4463-8286-a21ff45a32eb(fv-az985-588.xhnjdmzn5t1uvmusdvupbov25b.phxx.internal.cloudapp.net/10.1.0.29)8e758023-c9f0-4f3e-97a8-668246130508(fv-az985-588.xhnjdmzn5t1uvmusdvupbov25b.phxx.internal.cloudapp.net/10.1.0.29)5a2bde7b-6aad-464a-b794-b1a97ffa6b25(fv-az985-588.xhnjdmzn5t1uvmusdvupbov25b.phxx.internal.cloudapp.net/10.1.0.29), ReplicationConfig: RATIS/THREE, State:ALLOCATED, leaderId:, CreationTimestamp2023-02-01T18:45:38.505Z[Etc/UTC]].
2023-02-01 18:45:38,507 [RatisPipelineUtilsThread - 0] INFO  pipeline.RatisPipelineProvider (RatisPipelineProvider.java:lambda$create$0(206)) - Sending CreatePipelineCommand for pipeline:PipelineID=fd302ccb-9366-41e4-93e4-75311c7ae31c to datanode:5a2bde7b-6aad-464a-b794-b1a97ffa6b25
2023-02-01 18:45:38,507 [RatisPipelineUtilsThread - 0] INFO  pipeline.RatisPipelineProvider (RatisPipelineProvider.java:lambda$create$0(206)) - Sending CreatePipelineCommand for pipeline:PipelineID=fd302ccb-9366-41e4-93e4-75311c7ae31c to datanode:9d11f7a2-de03-4463-8286-a21ff45a32eb
2023-02-01 18:45:38,507 [RatisPipelineUtilsThread - 0] INFO  pipeline.RatisPipelineProvider (RatisPipelineProvider.java:lambda$create$0(206)) - Sending CreatePipelineCommand for pipeline:PipelineID=fd302ccb-9366-41e4-93e4-75311c7ae31c to datanode:8e758023-c9f0-4f3e-97a8-668246130508
2023-02-01 18:45:38,510 [RatisPipelineUtilsThread - 0] INFO  pipeline.PipelineStateManagerImpl (PipelineStateManagerImpl.java:addPipeline(103)) - Created pipeline Pipeline[ Id: fd302ccb-9366-41e4-93e4-75311c7ae31c, Nodes: 5a2bde7b-6aad-464a-b794-b1a97ffa6b25(fv-az985-588.xhnjdmzn5t1uvmusdvupbov25b.phxx.internal.cloudapp.net/10.1.0.29)9d11f7a2-de03-4463-8286-a21ff45a32eb(fv-az985-588.xhnjdmzn5t1uvmusdvupbov25b.phxx.internal.cloudapp.net/10.1.0.29)8e758023-c9f0-4f3e-97a8-668246130508(fv-az985-588.xhnjdmzn5t1uvmusdvupbov25b.phxx.internal.cloudapp.net/10.1.0.29), ReplicationConfig: RATIS/THREE, State:ALLOCATED, leaderId:, CreationTimestamp2023-02-01T18:45:38.507Z[Etc/UTC]].
2023-02-01 18:45:38,510 [RatisPipelineUtilsThread - 0] INFO  pipeline.PipelineManagerImpl (PipelineManagerImpl.java:recordMetricsForPipeline(826)) - Pipeline: PipelineID=fd302ccb-9366-41e4-93e4-75311c7ae31c contains same datanodes as previous pipelines: PipelineID=8492ae3b-1383-40d8-aada-517f44eb6a1f nodeIds: 5a2bde7b-6aad-464a-b794-b1a97ffa6b25, 9d11f7a2-de03-4463-8286-a21ff45a32eb, 8e758023-c9f0-4f3e-97a8-668246130508
2023-02-01 18:45:38,510 [RatisPipelineUtilsThread - 0] WARN  pipeline.PipelinePlacementPolicy (PipelinePlacementPolicy.java:filterViableNodes(158)) - Pipeline creation failed due to no sufficient healthy datanodes. Required 3. Found 0.
2023-02-01 18:45:38,511 [RatisPipelineUtilsThread - 0] WARN  pipeline.PipelinePlacementPolicy (PipelinePlacementPolicy.java:filterViableNodes(158)) - Pipeline creation failed due to no sufficient healthy datanodes. Required 3. Found 0.
2023-02-01 18:45:39,483 [Listener at 127.0.0.1/39701] INFO  ozone.MiniOzoneClusterImpl (MiniOzoneClusterImpl.java:lambda$waitForClusterToBeReady$0(218)) - Nodes are ready. Got 3 of 3 DN Heartbeats.
2023-02-01 18:45:39,484 [Listener at 127.0.0.1/39701] INFO  ozone.MiniOzoneClusterImpl (MiniOzoneClusterImpl.java:lambda$waitForClusterToBeReady$0(221)) - Waiting for cluster to exit safe mode
2023-02-01 18:45:39,484 [Listener at 127.0.0.1/39701] INFO  ozone.MiniOzoneClusterImpl (MiniOzoneClusterImpl.java:lambda$waitForClusterToBeReady$0(223)) - SCM became leader
2023-02-01 18:45:39,652 | INFO  | SCMAudit | user=runner | ip=10.1.0.29 | op=SEND_HEARTBEAT {datanodeUUID=9d11f7a2-de03-4463-8286-a21ff45a32eb, term=-1, command=[commandType: createPipelineCommand createPipelineCommandProto { pipelineID { id: "e2bdc62b-b142-4a50-833f-3d04b2cf7a0c" uuid128 { mostSigBits: -2108311159579719088 leastSigBits: -8989399240819115508 } } type: RATIS factor: ONE datanode { uuid: "9d11f7a2-de03-4463-8286-a21ff45a32eb" ipAddress: "10.1.0.29" hostName: "fv-az985-588.xhnjdmzn5t1uvmusdvupbov25b.phxx.internal.cloudapp.net" ports { name: "REPLICATION" value: 42321 } ports { name: "RATIS" value: 46231 } ports { name: "RATIS_ADMIN" value: 46231 } ports { name: "RATIS_SERVER" value: 46231 } ports { name: "RATIS_DATASTREAM" value: 42455 } ports { name: "STANDALONE" value: 42127 } networkName: "9d11f7a2-de03-4463-8286-a21ff45a32eb" networkLocation: "/default-rack" persistedOpState: IN_SERVICE persistedOpStateExpiry: 0 uuid128 { mostSigBits: -7128644456269265821 leastSigBits: -9041360943772454165 } } cmdId: 1675277137615 priority: 1 } term: -1 encodedToken: "" deadlineMsSinceEpoch: 0 , commandType: createPipelineCommand createPipelineCommandProto { pipelineID { id: "8492ae3b-1383-40d8-aada-517f44eb6a1f" uuid128 { mostSigBits: -8893854745349635880 leastSigBits: -6135501935279904225 } } type: RATIS factor: THREE datanode { uuid: "9d11f7a2-de03-4463-8286-a21ff45a32eb" ipAddress: "10.1.0.29" hostName: "fv-az985-588.xhnjdmzn5t1uvmusdvupbov25b.phxx.internal.cloudapp.net" ports { name: "REPLICATION" value: 42321 } ports { name: "RATIS" value: 46231 } ports { name: "RATIS_ADMIN" value: 46231 } ports { name: "RATIS_SERVER" value: 46231 } ports { name: "RATIS_DATASTREAM" value: 42455 } ports { name: "STANDALONE" value: 42127 } networkName: "9d11f7a2-de03-4463-8286-a21ff45a32eb" networkLocation: "/default-rack" persistedOpState: IN_SERVICE persistedOpStateExpiry: 0 uuid128 { mostSigBits: -7128644456269265821 leastSigBits: -9041360943772454165 } } datanode { uuid: "8e758023-c9f0-4f3e-97a8-668246130508" ipAddress: "10.1.0.29" hostName: "fv-az985-588.xhnjdmzn5t1uvmusdvupbov25b.phxx.internal.cloudapp.net" ports { name: "REPLICATION" value: 34225 } ports { name: "RATIS" value: 38211 } ports { name: "RATIS_ADMIN" value: 38211 } ports { name: "RATIS_SERVER" value: 38211 } ports { name: "RATIS_DATASTREAM" value: 41975 } ports { name: "STANDALONE" value: 36737 } networkName: "8e758023-c9f0-4f3e-97a8-668246130508" networkLocation: "/default-rack" persistedOpState: IN_SERVICE persistedOpStateExpiry: 0 uuid128 { mostSigBits: -8181492256848457922 leastSigBits: -7518646868187609848 } } datanode { uuid: "5a2bde7b-6aad-464a-b794-b1a97ffa6b25" ipAddress: "10.1.0.29" hostName: "fv-az985-588.xhnjdmzn5t1uvmusdvupbov25b.phxx.internal.cloudapp.net" ports { name: "REPLICATION" value: 33833 } ports { name: "RATIS" value: 37273 } ports { name: "RATIS_ADMIN" value: 37273 } ports { name: "RATIS_SERVER" value: 37273 } ports { name: "RATIS_DATASTREAM" value: 40949 } ports { name: "STANDALONE" value: 44731 } networkName: "5a2bde7b-6aad-464a-b794-b1a97ffa6b25" networkLocation: "/default-rack" persistedOpState: IN_SERVICE persistedOpStateExpiry: 0 uuid128 { mostSigBits: 6497531509064156746 leastSigBits: -5218350726660855003 } } cmdId: 1675277137618 priority: 0 priority: 0 priority: 1 } term: -1 encodedToken: "" deadlineMsSinceEpoch: 0 , commandType: createPipelineCommand createPipelineCommandProto { pipelineID { id: "fd302ccb-9366-41e4-93e4-75311c7ae31c" uuid128 { mostSigBits: -202612730368736796 leastSigBits: -7789972601652452580 } } type: RATIS factor: THREE datanode { uuid: "5a2bde7b-6aad-464a-b794-b1a97ffa6b25" ipAddress: "10.1.0.29" hostName: "fv-az985-588.xhnjdmzn5t1uvmusdvupbov25b.phxx.internal.cloudapp.net" ports { name: "REPLICATION" value: 33833 } ports { name: "RATIS" value: 37273 } ports { name: "RATIS_ADMIN" value: 37273 } ports { name: "RATIS_SERVER" value: 37273 } ports { name: "RATIS_DATASTREAM" value: 40949 } ports { name: "STANDALONE" value: 44731 } networkName: "5a2bde7b-6aad-464a-b794-b1a97ffa6b25" networkLocation: "/default-rack" persistedOpState: IN_SERVICE persistedOpStateExpiry: 0 uuid128 { mostSigBits: 6497531509064156746 leastSigBits: -5218350726660855003 } } datanode { uuid: "9d11f7a2-de03-4463-8286-a21ff45a32eb" ipAddress: "10.1.0.29" hostName: "fv-az985-588.xhnjdmzn5t1uvmusdvupbov25b.phxx.internal.cloudapp.net" ports { name: "REPLICATION" value: 42321 } ports { name: "RATIS" value: 46231 } ports { name: "RATIS_ADMIN" value: 46231 } ports { name: "RATIS_SERVER" value: 46231 } ports { name: "RATIS_DATASTREAM" value: 42455 } ports { name: "STANDALONE" value: 42127 } networkName: "9d11f7a2-de03-4463-8286-a21ff45a32eb" networkLocation: "/default-rack" persistedOpState: IN_SERVICE persistedOpStateExpiry: 0 uuid128 { mostSigBits: -7128644456269265821 leastSigBits: -9041360943772454165 } } datanode { uuid: "8e758023-c9f0-4f3e-97a8-668246130508" ipAddress: "10.1.0.29" hostName: "fv-az985-588.xhnjdmzn5t1uvmusdvupbov25b.phxx.internal.cloudapp.net" ports { name: "REPLICATION" value: 34225 } ports { name: "RATIS" value: 38211 } ports { name: "RATIS_ADMIN" value: 38211 } ports { name: "RATIS_SERVER" value: 38211 } ports { name: "RATIS_DATASTREAM" value: 41975 } ports { name: "STANDALONE" value: 36737 } networkName: "8e758023-c9f0-4f3e-97a8-668246130508" networkLocation: "/default-rack" persistedOpState: IN_SERVICE persistedOpStateExpiry: 0 uuid128 { mostSigBits: -8181492256848457922 leastSigBits: -7518646868187609848 } } cmdId: 1675277137619 priority: 0 priority: 0 priority: 1 } term: -1 encodedToken: "" deadlineMsSinceEpoch: 0 ]} | ret=SUCCESS |  
2023-02-01 18:45:40,094 | INFO  | SCMAudit | user=runner | ip=10.1.0.29 | op=SEND_HEARTBEAT {datanodeUUID=8e758023-c9f0-4f3e-97a8-668246130508, term=-1, command=[commandType: createPipelineCommand createPipelineCommandProto { pipelineID { id: "7e445e54-2345-4e37-a56a-045e5d7e635e" uuid128 { mostSigBits: 9098500862657252919 leastSigBits: -6527399906578111650 } } type: RATIS factor: ONE datanode { uuid: "8e758023-c9f0-4f3e-97a8-668246130508" ipAddress: "10.1.0.29" hostName: "fv-az985-588.xhnjdmzn5t1uvmusdvupbov25b.phxx.internal.cloudapp.net" ports { name: "REPLICATION" value: 34225 } ports { name: "RATIS" value: 38211 } ports { name: "RATIS_ADMIN" value: 38211 } ports { name: "RATIS_SERVER" value: 38211 } ports { name: "RATIS_DATASTREAM" value: 41975 } ports { name: "STANDALONE" value: 36737 } networkName: "8e758023-c9f0-4f3e-97a8-668246130508" networkLocation: "/default-rack" persistedOpState: IN_SERVICE persistedOpStateExpiry: 0 uuid128 { mostSigBits: -8181492256848457922 leastSigBits: -7518646868187609848 } } cmdId: 1675277137616 priority: 1 } term: -1 encodedToken: "" deadlineMsSinceEpoch: 0 , commandType: createPipelineCommand createPipelineCommandProto { pipelineID { id: "8492ae3b-1383-40d8-aada-517f44eb6a1f" uuid128 { mostSigBits: -8893854745349635880 leastSigBits: -6135501935279904225 } } type: RATIS factor: THREE datanode { uuid: "9d11f7a2-de03-4463-8286-a21ff45a32eb" ipAddress: "10.1.0.29" hostName: "fv-az985-588.xhnjdmzn5t1uvmusdvupbov25b.phxx.internal.cloudapp.net" ports { name: "REPLICATION" value: 42321 } ports { name: "RATIS" value: 46231 } ports { name: "RATIS_ADMIN" value: 46231 } ports { name: "RATIS_SERVER" value: 46231 } ports { name: "RATIS_DATASTREAM" value: 42455 } ports { name: "STANDALONE" value: 42127 } networkName: "9d11f7a2-de03-4463-8286-a21ff45a32eb" networkLocation: "/default-rack" persistedOpState: IN_SERVICE persistedOpStateExpiry: 0 uuid128 { mostSigBits: -7128644456269265821 leastSigBits: -9041360943772454165 } } datanode { uuid: "8e758023-c9f0-4f3e-97a8-668246130508" ipAddress: "10.1.0.29" hostName: "fv-az985-588.xhnjdmzn5t1uvmusdvupbov25b.phxx.internal.cloudapp.net" ports { name: "REPLICATION" value: 34225 } ports { name: "RATIS" value: 38211 } ports { name: "RATIS_ADMIN" value: 38211 } ports { name: "RATIS_SERVER" value: 38211 } ports { name: "RATIS_DATASTREAM" value: 41975 } ports { name: "STANDALONE" value: 36737 } networkName: "8e758023-c9f0-4f3e-97a8-668246130508" networkLocation: "/default-rack" persistedOpState: IN_SERVICE persistedOpStateExpiry: 0 uuid128 { mostSigBits: -8181492256848457922 leastSigBits: -7518646868187609848 } } datanode { uuid: "5a2bde7b-6aad-464a-b794-b1a97ffa6b25" ipAddress: "10.1.0.29" hostName: "fv-az985-588.xhnjdmzn5t1uvmusdvupbov25b.phxx.internal.cloudapp.net" ports { name: "REPLICATION" value: 33833 } ports { name: "RATIS" value: 37273 } ports { name: "RATIS_ADMIN" value: 37273 } ports { name: "RATIS_SERVER" value: 37273 } ports { name: "RATIS_DATASTREAM" value: 40949 } ports { name: "STANDALONE" value: 44731 } networkName: "5a2bde7b-6aad-464a-b794-b1a97ffa6b25" networkLocation: "/default-rack" persistedOpState: IN_SERVICE persistedOpStateExpiry: 0 uuid128 { mostSigBits: 6497531509064156746 leastSigBits: -5218350726660855003 } } cmdId: 1675277137618 priority: 0 priority: 0 priority: 1 } term: -1 encodedToken: "" deadlineMsSinceEpoch: 0 , commandType: createPipelineCommand createPipelineCommandProto { pipelineID { id: "fd302ccb-9366-41e4-93e4-75311c7ae31c" uuid128 { mostSigBits: -202612730368736796 leastSigBits: -7789972601652452580 } } type: RATIS factor: THREE datanode { uuid: "5a2bde7b-6aad-464a-b794-b1a97ffa6b25" ipAddress: "10.1.0.29" hostName: "fv-az985-588.xhnjdmzn5t1uvmusdvupbov25b.phxx.internal.cloudapp.net" ports { name: "REPLICATION" value: 33833 } ports { name: "RATIS" value: 37273 } ports { name: "RATIS_ADMIN" value: 37273 } ports { name: "RATIS_SERVER" value: 37273 } ports { name: "RATIS_DATASTREAM" value: 40949 } ports { name: "STANDALONE" value: 44731 } networkName: "5a2bde7b-6aad-464a-b794-b1a97ffa6b25" networkLocation: "/default-rack" persistedOpState: IN_SERVICE persistedOpStateExpiry: 0 uuid128 { mostSigBits: 6497531509064156746 leastSigBits: -5218350726660855003 } } datanode { uuid: "9d11f7a2-de03-4463-8286-a21ff45a32eb" ipAddress: "10.1.0.29" hostName: "fv-az985-588.xhnjdmzn5t1uvmusdvupbov25b.phxx.internal.cloudapp.net" ports { name: "REPLICATION" value: 42321 } ports { name: "RATIS" value: 46231 } ports { name: "RATIS_ADMIN" value: 46231 } ports { name: "RATIS_SERVER" value: 46231 } ports { name: "RATIS_DATASTREAM" value: 42455 } ports { name: "STANDALONE" value: 42127 } networkName: "9d11f7a2-de03-4463-8286-a21ff45a32eb" networkLocation: "/default-rack" persistedOpState: IN_SERVICE persistedOpStateExpiry: 0 uuid128 { mostSigBits: -7128644456269265821 leastSigBits: -9041360943772454165 } } datanode { uuid: "8e758023-c9f0-4f3e-97a8-668246130508" ipAddress: "10.1.0.29" hostName: "fv-az985-588.xhnjdmzn5t1uvmusdvupbov25b.phxx.internal.cloudapp.net" ports { name: "REPLICATION" value: 34225 } ports { name: "RATIS" value: 38211 } ports { name: "RATIS_ADMIN" value: 38211 } ports { name: "RATIS_SERVER" value: 38211 } ports { name: "RATIS_DATASTREAM" value: 41975 } ports { name: "STANDALONE" value: 36737 } networkName: "8e758023-c9f0-4f3e-97a8-668246130508" networkLocation: "/default-rack" persistedOpState: IN_SERVICE persistedOpStateExpiry: 0 uuid128 { mostSigBits: -8181492256848457922 leastSigBits: -7518646868187609848 } } cmdId: 1675277137619 priority: 0 priority: 0 priority: 1 } term: -1 encodedToken: "" deadlineMsSinceEpoch: 0 ]} | ret=SUCCESS |  
2023-02-01 18:45:40,484 [Listener at 127.0.0.1/39701] INFO  ozone.MiniOzoneClusterImpl (MiniOzoneClusterImpl.java:lambda$waitForClusterToBeReady$0(218)) - Nodes are ready. Got 3 of 3 DN Heartbeats.
2023-02-01 18:45:40,484 [Listener at 127.0.0.1/39701] INFO  ozone.MiniOzoneClusterImpl (MiniOzoneClusterImpl.java:lambda$waitForClusterToBeReady$0(221)) - Waiting for cluster to exit safe mode
2023-02-01 18:45:40,484 [Listener at 127.0.0.1/39701] INFO  ozone.MiniOzoneClusterImpl (MiniOzoneClusterImpl.java:lambda$waitForClusterToBeReady$0(223)) - SCM became leader
2023-02-01 18:45:40,503 | INFO  | SCMAudit | user=runner | ip=10.1.0.29 | op=SEND_HEARTBEAT {datanodeUUID=5a2bde7b-6aad-464a-b794-b1a97ffa6b25, term=-1, command=[commandType: createPipelineCommand createPipelineCommandProto { pipelineID { id: "99d90a8f-c94b-4ee4-9401-1221f31516e9" uuid128 { mostSigBits: -7360840503286608156 leastSigBits: -7781918744098040087 } } type: RATIS factor: ONE datanode { uuid: "5a2bde7b-6aad-464a-b794-b1a97ffa6b25" ipAddress: "10.1.0.29" hostName: "fv-az985-588.xhnjdmzn5t1uvmusdvupbov25b.phxx.internal.cloudapp.net" ports { name: "REPLICATION" value: 33833 } ports { name: "RATIS" value: 37273 } ports { name: "RATIS_ADMIN" value: 37273 } ports { name: "RATIS_SERVER" value: 37273 } ports { name: "RATIS_DATASTREAM" value: 40949 } ports { name: "STANDALONE" value: 44731 } networkName: "5a2bde7b-6aad-464a-b794-b1a97ffa6b25" networkLocation: "/default-rack" persistedOpState: IN_SERVICE persistedOpStateExpiry: 0 uuid128 { mostSigBits: 6497531509064156746 leastSigBits: -5218350726660855003 } } cmdId: 1675277137617 priority: 1 } term: -1 encodedToken: "" deadlineMsSinceEpoch: 0 , commandType: createPipelineCommand createPipelineCommandProto { pipelineID { id: "8492ae3b-1383-40d8-aada-517f44eb6a1f" uuid128 { mostSigBits: -8893854745349635880 leastSigBits: -6135501935279904225 } } type: RATIS factor: THREE datanode { uuid: "9d11f7a2-de03-4463-8286-a21ff45a32eb" ipAddress: "10.1.0.29" hostName: "fv-az985-588.xhnjdmzn5t1uvmusdvupbov25b.phxx.internal.cloudapp.net" ports { name: "REPLICATION" value: 42321 } ports { name: "RATIS" value: 46231 } ports { name: "RATIS_ADMIN" value: 46231 } ports { name: "RATIS_SERVER" value: 46231 } ports { name: "RATIS_DATASTREAM" value: 42455 } ports { name: "STANDALONE" value: 42127 } networkName: "9d11f7a2-de03-4463-8286-a21ff45a32eb" networkLocation: "/default-rack" persistedOpState: IN_SERVICE persistedOpStateExpiry: 0 uuid128 { mostSigBits: -7128644456269265821 leastSigBits: -9041360943772454165 } } datanode { uuid: "8e758023-c9f0-4f3e-97a8-668246130508" ipAddress: "10.1.0.29" hostName: "fv-az985-588.xhnjdmzn5t1uvmusdvupbov25b.phxx.internal.cloudapp.net" ports { name: "REPLICATION" value: 34225 } ports { name: "RATIS" value: 38211 } ports { name: "RATIS_ADMIN" value: 38211 } ports { name: "RATIS_SERVER" value: 38211 } ports { name: "RATIS_DATASTREAM" value: 41975 } ports { name: "STANDALONE" value: 36737 } networkName: "8e758023-c9f0-4f3e-97a8-668246130508" networkLocation: "/default-rack" persistedOpState: IN_SERVICE persistedOpStateExpiry: 0 uuid128 { mostSigBits: -8181492256848457922 leastSigBits: -7518646868187609848 } } datanode { uuid: "5a2bde7b-6aad-464a-b794-b1a97ffa6b25" ipAddress: "10.1.0.29" hostName: "fv-az985-588.xhnjdmzn5t1uvmusdvupbov25b.phxx.internal.cloudapp.net" ports { name: "REPLICATION" value: 33833 } ports { name: "RATIS" value: 37273 } ports { name: "RATIS_ADMIN" value: 37273 } ports { name: "RATIS_SERVER" value: 37273 } ports { name: "RATIS_DATASTREAM" value: 40949 } ports { name: "STANDALONE" value: 44731 } networkName: "5a2bde7b-6aad-464a-b794-b1a97ffa6b25" networkLocation: "/default-rack" persistedOpState: IN_SERVICE persistedOpStateExpiry: 0 uuid128 { mostSigBits: 6497531509064156746 leastSigBits: -5218350726660855003 } } cmdId: 1675277137618 priority: 0 priority: 0 priority: 1 } term: -1 encodedToken: "" deadlineMsSinceEpoch: 0 , commandType: createPipelineCommand createPipelineCommandProto { pipelineID { id: "fd302ccb-9366-41e4-93e4-75311c7ae31c" uuid128 { mostSigBits: -202612730368736796 leastSigBits: -7789972601652452580 } } type: RATIS factor: THREE datanode { uuid: "5a2bde7b-6aad-464a-b794-b1a97ffa6b25" ipAddress: "10.1.0.29" hostName: "fv-az985-588.xhnjdmzn5t1uvmusdvupbov25b.phxx.internal.cloudapp.net" ports { name: "REPLICATION" value: 33833 } ports { name: "RATIS" value: 37273 } ports { name: "RATIS_ADMIN" value: 37273 } ports { name: "RATIS_SERVER" value: 37273 } ports { name: "RATIS_DATASTREAM" value: 40949 } ports { name: "STANDALONE" value: 44731 } networkName: "5a2bde7b-6aad-464a-b794-b1a97ffa6b25" networkLocation: "/default-rack" persistedOpState: IN_SERVICE persistedOpStateExpiry: 0 uuid128 { mostSigBits: 6497531509064156746 leastSigBits: -5218350726660855003 } } datanode { uuid: "9d11f7a2-de03-4463-8286-a21ff45a32eb" ipAddress: "10.1.0.29" hostName: "fv-az985-588.xhnjdmzn5t1uvmusdvupbov25b.phxx.internal.cloudapp.net" ports { name: "REPLICATION" value: 42321 } ports { name: "RATIS" value: 46231 } ports { name: "RATIS_ADMIN" value: 46231 } ports { name: "RATIS_SERVER" value: 46231 } ports { name: "RATIS_DATASTREAM" value: 42455 } ports { name: "STANDALONE" value: 42127 } networkName: "9d11f7a2-de03-4463-8286-a21ff45a32eb" networkLocation: "/default-rack" persistedOpState: IN_SERVICE persistedOpStateExpiry: 0 uuid128 { mostSigBits: -7128644456269265821 leastSigBits: -9041360943772454165 } } datanode { uuid: "8e758023-c9f0-4f3e-97a8-668246130508" ipAddress: "10.1.0.29" hostName: "fv-az985-588.xhnjdmzn5t1uvmusdvupbov25b.phxx.internal.cloudapp.net" ports { name: "REPLICATION" value: 34225 } ports { name: "RATIS" value: 38211 } ports { name: "RATIS_ADMIN" value: 38211 } ports { name: "RATIS_SERVER" value: 38211 } ports { name: "RATIS_DATASTREAM" value: 41975 } ports { name: "STANDALONE" value: 36737 } networkName: "8e758023-c9f0-4f3e-97a8-668246130508" networkLocation: "/default-rack" persistedOpState: IN_SERVICE persistedOpStateExpiry: 0 uuid128 { mostSigBits: -8181492256848457922 leastSigBits: -7518646868187609848 } } cmdId: 1675277137619 priority: 0 priority: 0 priority: 1 } term: -1 encodedToken: "" deadlineMsSinceEpoch: 0 ]} | ret=SUCCESS |  
2023-02-01 18:45:40,570 | INFO  | SCMAudit | user=runner | ip=10.1.0.29 | op=SEND_HEARTBEAT {datanodeUUID=9d11f7a2-de03-4463-8286-a21ff45a32eb, term=-1, command=[]} | ret=SUCCESS |  
2023-02-01 18:45:40,601 [Command processor thread] INFO  server.RaftServer (RaftServerProxy.java:addNew(96)) - 9d11f7a2-de03-4463-8286-a21ff45a32eb: addNew group-3D04B2CF7A0C:[9d11f7a2-de03-4463-8286-a21ff45a32eb|rpc:10.1.0.29:46231|dataStream:10.1.0.29:42455|priority:1|startupRole:FOLLOWER] returns group-3D04B2CF7A0C:java.util.concurrent.CompletableFuture@32c3d78b[Not completed]
2023-02-01 18:45:40,611 [pool-71-thread-1] INFO  server.RaftServer$Division (RaftServerImpl.java:<init>(195)) - 9d11f7a2-de03-4463-8286-a21ff45a32eb: new RaftServerImpl for group-3D04B2CF7A0C:[9d11f7a2-de03-4463-8286-a21ff45a32eb|rpc:10.1.0.29:46231|dataStream:10.1.0.29:42455|priority:1|startupRole:FOLLOWER] with ContainerStateMachine:uninitialized
2023-02-01 18:45:40,611 [pool-71-thread-1] INFO  server.RaftServerConfigKeys (ConfUtils.java:logGet(46)) - raft.server.rpc.timeout.min = 5s (custom)
2023-02-01 18:45:40,611 [pool-71-thread-1] INFO  server.RaftServerConfigKeys (ConfUtils.java:logGet(46)) - raft.server.rpc.timeout.max = 5200ms (custom)
2023-02-01 18:45:40,611 [pool-71-thread-1] INFO  server.RaftServerConfigKeys (ConfUtils.java:logGet(46)) - raft.server.rpc.sleep.time = 25ms (default)
2023-02-01 18:45:40,611 [pool-71-thread-1] INFO  server.RaftServerConfigKeys (ConfUtils.java:logGet(46)) - raft.server.rpc.slowness.timeout = 300s (custom)
2023-02-01 18:45:40,611 [pool-71-thread-1] INFO  server.RaftServerConfigKeys (ConfUtils.java:logGet(46)) - raft.server.leaderelection.leader.step-down.wait-time = 10s (default)
2023-02-01 18:45:40,611 [pool-71-thread-1] INFO  server.RaftServerConfigKeys (ConfUtils.java:logGet(46)) - raft.server.sleep.deviation.threshold = 300ms (default)
2023-02-01 18:45:40,612 [pool-71-thread-1] INFO  server.RaftServer$Division (ServerState.java:<init>(118)) - 9d11f7a2-de03-4463-8286-a21ff45a32eb@group-3D04B2CF7A0C: ConfigurationManager, init=-1: peers:[9d11f7a2-de03-4463-8286-a21ff45a32eb|rpc:10.1.0.29:46231|dataStream:10.1.0.29:42455|priority:1|startupRole:FOLLOWER]|listeners:[], old=null, confs=<EMPTY_MAP>
2023-02-01 18:45:40,612 [pool-71-thread-1] INFO  server.RaftServerConfigKeys (ConfUtils.java:logGet(46)) - raft.server.storage.dir = [/home/runner/work/ozone/ozone/hadoop-ozone/integration-test/target/test-dir/MiniOzoneClusterImpl-64158d22-d035-436d-bfd1-97d6094c143d/datanode-0/data/ratis] (custom)
2023-02-01 18:45:40,612 [pool-71-thread-1] INFO  server.RaftServerConfigKeys (ConfUtils.java:logGet(46)) - raft.server.log.corruption.policy = EXCEPTION (default)
2023-02-01 18:45:40,612 [pool-71-thread-1] INFO  server.RaftServerConfigKeys (ConfUtils.java:logGet(46)) - raft.server.storage.free-space.min = 0MB (=0) (default)
2023-02-01 18:45:40,612 [pool-71-thread-1] INFO  server.RaftServerConfigKeys (ConfUtils.java:logGet(46)) - raft.server.notification.no-leader.timeout = 300s (custom)
2023-02-01 18:45:40,612 [pool-71-thread-1] INFO  server.RaftServerConfigKeys (ConfUtils.java:logGet(46)) - raft.server.retrycache.expirytime = 600000ms (custom)
2023-02-01 18:45:40,612 [pool-71-thread-1] INFO  server.RaftServerConfigKeys (ConfUtils.java:logGet(46)) - raft.server.retrycache.statistics.expirytime = 100μs (default)
2023-02-01 18:45:40,614 [pool-71-thread-1] INFO  server.RaftServerConfigKeys (ConfUtils.java:logGet(46)) - raft.server.log.appender.install.snapshot.enabled = false (custom)
2023-02-01 18:45:40,614 [pool-71-thread-1] INFO  server.RaftServerConfigKeys (ConfUtils.java:logGet(46)) - raft.server.threadpool.server.cached = true (default)
2023-02-01 18:45:40,614 [pool-71-thread-1] INFO  server.RaftServerConfigKeys (ConfUtils.java:logGet(46)) - raft.server.threadpool.server.size = 0 (default)
2023-02-01 18:45:40,614 [pool-71-thread-1] INFO  server.RaftServerConfigKeys (ConfUtils.java:logGet(46)) - raft.server.threadpool.client.cached = true (default)
2023-02-01 18:45:40,614 [pool-71-thread-1] INFO  server.RaftServerConfigKeys (ConfUtils.java:logGet(46)) - raft.server.threadpool.client.size = 0 (default)
2023-02-01 18:45:40,614 [pool-71-thread-1] INFO  storage.RaftStorageDirectory (RaftStorageDirectoryImpl.java:analyzeStorage(137)) - The storage directory /home/runner/work/ozone/ozone/hadoop-ozone/integration-test/target/test-dir/MiniOzoneClusterImpl-64158d22-d035-436d-bfd1-97d6094c143d/datanode-0/data/ratis/e2bdc62b-b142-4a50-833f-3d04b2cf7a0c does not exist. Creating ...
2023-02-01 18:45:40,616 [pool-71-thread-1] INFO  storage.RaftStorageDirectory (RaftStorageDirectoryImpl.java:tryLock(231)) - Lock on /home/runner/work/ozone/ozone/hadoop-ozone/integration-test/target/test-dir/MiniOzoneClusterImpl-64158d22-d035-436d-bfd1-97d6094c143d/datanode-0/data/ratis/e2bdc62b-b142-4a50-833f-3d04b2cf7a0c/in_use.lock acquired by nodename 48019@fv-az985-588
2023-02-01 18:45:40,617 [pool-71-thread-1] INFO  storage.RaftStorage (RaftStorageImpl.java:format(96)) - Storage directory /home/runner/work/ozone/ozone/hadoop-ozone/integration-test/target/test-dir/MiniOzoneClusterImpl-64158d22-d035-436d-bfd1-97d6094c143d/datanode-0/data/ratis/e2bdc62b-b142-4a50-833f-3d04b2cf7a0c has been successfully formatted.
2023-02-01 18:45:40,622 [pool-71-thread-1] INFO  ratis.ContainerStateMachine (ContainerStateMachine.java:loadSnapshot(240)) - group-3D04B2CF7A0C: The snapshot info is null. Setting the last applied indexto:(t:0, i:~)
2023-02-01 18:45:40,622 [pool-71-thread-1] INFO  server.RaftServerConfigKeys (ConfUtils.java:logGet(46)) - raft.server.log.use.memory = false (default)
2023-02-01 18:45:40,622 [pool-71-thread-1] INFO  server.RaftServerConfigKeys (ConfUtils.java:logGet(46)) - raft.server.log.purge.gap = 1000000 (custom)
2023-02-01 18:45:40,622 [pool-71-thread-1] INFO  server.RaftServerConfigKeys (ConfUtils.java:logGet(46)) - raft.server.log.appender.buffer.byte-limit = 33554432 (custom)
2023-02-01 18:45:40,622 [pool-71-thread-1] INFO  server.RaftServerConfigKeys (ConfUtils.java:logGet(46)) - raft.server.log.statemachine.data.read.timeout = 1000ms (default)
2023-02-01 18:45:40,622 [pool-71-thread-1] INFO  server.RaftServerConfigKeys (ConfUtils.java:logGet(46)) - raft.server.log.purge.preservation.log.num = 0 (default)
2023-02-01 18:45:40,623 [pool-71-thread-1] INFO  server.RaftServerConfigKeys (ConfUtils.java:logGet(46)) - raft.server.log.segment.size.max = 1048576 (custom)
2023-02-01 18:45:40,623 [pool-71-thread-1] INFO  server.RaftServerConfigKeys (ConfUtils.java:logGet(46)) - raft.server.log.segment.cache.num.max = 2 (custom)
2023-02-01 18:45:40,623 [pool-71-thread-1] INFO  server.RaftServerConfigKeys (ConfUtils.java:logGet(46)) - raft.server.log.segment.cache.size.max = 200MB (=209715200) (default)
2023-02-01 18:45:40,623 [pool-71-thread-1] INFO  segmented.SegmentedRaftLogWorker (SegmentedRaftLogWorker.java:<init>(189)) - new 9d11f7a2-de03-4463-8286-a21ff45a32eb@group-3D04B2CF7A0C-SegmentedRaftLogWorker for RaftStorageImpl:Storage Directory /home/runner/work/ozone/ozone/hadoop-ozone/integration-test/target/test-dir/MiniOzoneClusterImpl-64158d22-d035-436d-bfd1-97d6094c143d/datanode-0/data/ratis/e2bdc62b-b142-4a50-833f-3d04b2cf7a0c
2023-02-01 18:45:40,623 [pool-71-thread-1] INFO  server.RaftServerConfigKeys (ConfUtils.java:logGet(46)) - raft.server.log.queue.byte-limit = 4294967296 (custom)
2023-02-01 18:45:40,623 [pool-71-thread-1] INFO  server.RaftServerConfigKeys (ConfUtils.java:logGet(46)) - raft.server.log.queue.element-limit = 1024 (custom)
2023-02-01 18:45:40,624 [pool-71-thread-1] INFO  server.RaftServerConfigKeys (ConfUtils.java:logGet(46)) - raft.server.log.segment.size.max = 1048576 (custom)
2023-02-01 18:45:40,624 [pool-71-thread-1] INFO  server.RaftServerConfigKeys (ConfUtils.java:logGet(46)) - raft.server.log.preallocated.size = 16384 (custom)
2023-02-01 18:45:40,624 [pool-71-thread-1] INFO  server.RaftServerConfigKeys (ConfUtils.java:logGet(46)) - raft.server.log.force.sync.num = 128 (default)
2023-02-01 18:45:40,624 [pool-71-thread-1] INFO  server.RaftServerConfigKeys (ConfUtils.java:logGet(46)) - raft.server.log.statemachine.data.sync = true (default)
2023-02-01 18:45:40,624 [pool-71-thread-1] INFO  server.RaftServerConfigKeys (ConfUtils.java:logGet(46)) - raft.server.log.statemachine.data.sync.timeout = 10s (default)
2023-02-01 18:45:40,624 [pool-71-thread-1] INFO  server.RaftServerConfigKeys (ConfUtils.java:logGet(46)) - raft.server.log.statemachine.data.sync.timeout.retry = -1 (default)
2023-02-01 18:45:40,625 [pool-71-thread-1] INFO  server.RaftServerConfigKeys (ConfUtils.java:logGet(46)) - raft.server.log.write.buffer.size = 1048576 (custom)
2023-02-01 18:45:40,625 [pool-71-thread-1] INFO  server.RaftServerConfigKeys (ConfUtils.java:logGet(46)) - raft.server.log.appender.buffer.byte-limit = 33554432 (custom)
2023-02-01 18:45:40,631 [pool-71-thread-1] INFO  server.RaftServerConfigKeys (ConfUtils.java:logGet(46)) - raft.server.log.unsafe-flush.enabled = false (default)
2023-02-01 18:45:40,631 [pool-71-thread-1] INFO  server.RaftServerConfigKeys (ConfUtils.java:logGet(46)) - raft.server.log.async-flush.enabled = false (default)
2023-02-01 18:45:40,631 [pool-71-thread-1] INFO  server.RaftServerConfigKeys (ConfUtils.java:logGet(46)) - raft.server.log.statemachine.data.caching.enabled = true (custom)
2023-02-01 18:45:40,632 [pool-71-thread-1] INFO  segmented.SegmentedRaftLogWorker (SegmentedRaftLogWorker.java:lambda$new$0(135)) - 9d11f7a2-de03-4463-8286-a21ff45a32eb@group-3D04B2CF7A0C-SegmentedRaftLogWorker: flushIndex: setUnconditionally 0 -> -1
2023-02-01 18:45:40,632 [pool-71-thread-1] INFO  segmented.SegmentedRaftLogWorker (SegmentedRaftLogWorker.java:lambda$new$0(135)) - 9d11f7a2-de03-4463-8286-a21ff45a32eb@group-3D04B2CF7A0C-SegmentedRaftLogWorker: safeCacheEvictIndex: setUnconditionally 0 -> -1
2023-02-01 18:45:40,632 [pool-71-thread-1] INFO  server.RaftServer$Division (RaftServerImpl.java:start(334)) - 9d11f7a2-de03-4463-8286-a21ff45a32eb@group-3D04B2CF7A0C: start as a follower, conf=-1: peers:[9d11f7a2-de03-4463-8286-a21ff45a32eb|rpc:10.1.0.29:46231|dataStream:10.1.0.29:42455|priority:1|startupRole:FOLLOWER]|listeners:[], old=null
2023-02-01 18:45:40,632 [pool-71-thread-1] INFO  server.RaftServer$Division (RaftServerImpl.java:setRole(321)) - 9d11f7a2-de03-4463-8286-a21ff45a32eb@group-3D04B2CF7A0C: changes role from      null to FOLLOWER at term 0 for startAsFollower
2023-02-01 18:45:40,632 [pool-71-thread-1] INFO  impl.RoleInfo (RoleInfo.java:updateAndGet(139)) - 9d11f7a2-de03-4463-8286-a21ff45a32eb: start 9d11f7a2-de03-4463-8286-a21ff45a32eb@group-3D04B2CF7A0C-FollowerState
2023-02-01 18:45:40,632 [pool-71-thread-1] INFO  util.JmxRegister (JmxRegister.java:tryRegister(44)) - Successfully registered JMX Bean with object name Ratis:service=RaftServer,group=group-3D04B2CF7A0C,id=9d11f7a2-de03-4463-8286-a21ff45a32eb
2023-02-01 18:45:40,632 [pool-71-thread-1] INFO  server.RaftServerConfigKeys (ConfUtils.java:logGet(46)) - raft.server.snapshot.auto.trigger.enabled = true (custom)
2023-02-01 18:45:40,632 [pool-71-thread-1] INFO  server.RaftServerConfigKeys (ConfUtils.java:logGet(46)) - raft.server.snapshot.auto.trigger.threshold = 10000 (custom)
2023-02-01 18:45:40,633 [pool-71-thread-1] INFO  server.RaftServerConfigKeys (ConfUtils.java:logGet(46)) - raft.server.snapshot.retention.file.num = 5 (custom)
2023-02-01 18:45:40,633 [pool-71-thread-1] INFO  server.RaftServerConfigKeys (ConfUtils.java:logGet(46)) - raft.server.log.purge.upto.snapshot.index = false (default)
2023-02-01 18:45:40,633 [9d11f7a2-de03-4463-8286-a21ff45a32eb@group-3D04B2CF7A0C-FollowerState] INFO  server.RaftServerConfigKeys (ConfUtils.java:logFallback(53)) - raft.server.rpc.first-election.timeout.min = 5s (fallback to raft.server.rpc.timeout.min)
2023-02-01 18:45:40,633 [9d11f7a2-de03-4463-8286-a21ff45a32eb@group-3D04B2CF7A0C-FollowerState] INFO  server.RaftServerConfigKeys (ConfUtils.java:logFallback(53)) - raft.server.rpc.first-election.timeout.max = 5200ms (fallback to raft.server.rpc.timeout.max)
2023-02-01 18:45:40,645 [Command processor thread] INFO  ratis.XceiverServerRatis (XceiverServerRatis.java:addGroup(806)) - Created group PipelineID=e2bdc62b-b142-4a50-833f-3d04b2cf7a0c
2023-02-01 18:45:40,646 [Command processor thread] INFO  commandhandler.CreatePipelineCommandHandler (CreatePipelineCommandHandler.java:handle(113)) - Created Pipeline RATIS ONE PipelineID=e2bdc62b-b142-4a50-833f-3d04b2cf7a0c.
2023-02-01 18:45:40,646 [Command processor thread] INFO  server.RaftServer (RaftServerProxy.java:addNew(96)) - 9d11f7a2-de03-4463-8286-a21ff45a32eb: addNew group-517F44EB6A1F:[8e758023-c9f0-4f3e-97a8-668246130508|rpc:10.1.0.29:38211|dataStream:10.1.0.29:41975|priority:0|startupRole:FOLLOWER, 9d11f7a2-de03-4463-8286-a21ff45a32eb|rpc:10.1.0.29:46231|dataStream:10.1.0.29:42455|priority:0|startupRole:FOLLOWER, 5a2bde7b-6aad-464a-b794-b1a97ffa6b25|rpc:10.1.0.29:37273|dataStream:10.1.0.29:40949|priority:1|startupRole:FOLLOWER] returns group-517F44EB6A1F:java.util.concurrent.CompletableFuture@2adafb0c[Not completed]
2023-02-01 18:45:40,648 [pool-71-thread-1] INFO  server.RaftServer$Division (RaftServerImpl.java:<init>(195)) - 9d11f7a2-de03-4463-8286-a21ff45a32eb: new RaftServerImpl for group-517F44EB6A1F:[8e758023-c9f0-4f3e-97a8-668246130508|rpc:10.1.0.29:38211|dataStream:10.1.0.29:41975|priority:0|startupRole:FOLLOWER, 9d11f7a2-de03-4463-8286-a21ff45a32eb|rpc:10.1.0.29:46231|dataStream:10.1.0.29:42455|priority:0|startupRole:FOLLOWER, 5a2bde7b-6aad-464a-b794-b1a97ffa6b25|rpc:10.1.0.29:37273|dataStream:10.1.0.29:40949|priority:1|startupRole:FOLLOWER] with ContainerStateMachine:uninitialized
2023-02-01 18:45:40,648 [pool-71-thread-1] INFO  server.RaftServerConfigKeys (ConfUtils.java:logGet(46)) - raft.server.rpc.timeout.min = 5s (custom)
2023-02-01 18:45:40,648 [pool-71-thread-1] INFO  server.RaftServerConfigKeys (ConfUtils.java:logGet(46)) - raft.server.rpc.timeout.max = 5200ms (custom)
2023-02-01 18:45:40,648 [pool-71-thread-1] INFO  server.RaftServerConfigKeys (ConfUtils.java:logGet(46)) - raft.server.rpc.sleep.time = 25ms (default)
2023-02-01 18:45:40,649 [pool-71-thread-1] INFO  server.RaftServerConfigKeys (ConfUtils.java:logGet(46)) - raft.server.rpc.slowness.timeout = 300s (custom)
2023-02-01 18:45:40,649 [pool-71-thread-1] INFO  server.RaftServerConfigKeys (ConfUtils.java:logGet(46)) - raft.server.leaderelection.leader.step-down.wait-time = 10s (default)
2023-02-01 18:45:40,649 [pool-71-thread-1] INFO  server.RaftServerConfigKeys (ConfUtils.java:logGet(46)) - raft.server.sleep.deviation.threshold = 300ms (default)
2023-02-01 18:45:40,649 [pool-71-thread-1] INFO  server.RaftServer$Division (ServerState.java:<init>(118)) - 9d11f7a2-de03-4463-8286-a21ff45a32eb@group-517F44EB6A1F: ConfigurationManager, init=-1: peers:[8e758023-c9f0-4f3e-97a8-668246130508|rpc:10.1.0.29:38211|dataStream:10.1.0.29:41975|priority:0|startupRole:FOLLOWER, 9d11f7a2-de03-4463-8286-a21ff45a32eb|rpc:10.1.0.29:46231|dataStream:10.1.0.29:42455|priority:0|startupRole:FOLLOWER, 5a2bde7b-6aad-464a-b794-b1a97ffa6b25|rpc:10.1.0.29:37273|dataStream:10.1.0.29:40949|priority:1|startupRole:FOLLOWER]|listeners:[], old=null, confs=<EMPTY_MAP>
2023-02-01 18:45:40,649 [pool-71-thread-1] INFO  server.RaftServerConfigKeys (ConfUtils.java:logGet(46)) - raft.server.storage.dir = [/home/runner/work/ozone/ozone/hadoop-ozone/integration-test/target/test-dir/MiniOzoneClusterImpl-64158d22-d035-436d-bfd1-97d6094c143d/datanode-0/data/ratis] (custom)
2023-02-01 18:45:40,653 | INFO  | SCMAudit | user=runner | ip=10.1.0.29 | op=SEND_HEARTBEAT {datanodeUUID=9d11f7a2-de03-4463-8286-a21ff45a32eb, term=-1, command=[]} | ret=SUCCESS |  
2023-02-01 18:45:40,653 [EventQueue-PipelineReportForPipelineReportHandler] INFO  pipeline.PipelineManagerImpl (PipelineManagerImpl.java:openPipeline(367)) - Pipeline Pipeline[ Id: e2bdc62b-b142-4a50-833f-3d04b2cf7a0c, Nodes: 9d11f7a2-de03-4463-8286-a21ff45a32eb(fv-az985-588.xhnjdmzn5t1uvmusdvupbov25b.phxx.internal.cloudapp.net/10.1.0.29), ReplicationConfig: RATIS/ONE, State:ALLOCATED, leaderId:9d11f7a2-de03-4463-8286-a21ff45a32eb, CreationTimestamp2023-02-01T18:45:37.613Z[Etc/UTC]] moved to OPEN state
2023-02-01 18:45:40,654 [pool-71-thread-1] INFO  server.RaftServerConfigKeys (ConfUtils.java:logGet(46)) - raft.server.log.corruption.policy = EXCEPTION (default)
2023-02-01 18:45:40,654 [pool-71-thread-1] INFO  server.RaftServerConfigKeys (ConfUtils.java:logGet(46)) - raft.server.storage.free-space.min = 0MB (=0) (default)
2023-02-01 18:45:40,654 [pool-71-thread-1] INFO  server.RaftServerConfigKeys (ConfUtils.java:logGet(46)) - raft.server.notification.no-leader.timeout = 300s (custom)
2023-02-01 18:45:40,654 [pool-71-thread-1] INFO  server.RaftServerConfigKeys (ConfUtils.java:logGet(46)) - raft.server.retrycache.expirytime = 600000ms (custom)
2023-02-01 18:45:40,654 [pool-71-thread-1] INFO  server.RaftServerConfigKeys (ConfUtils.java:logGet(46)) - raft.server.retrycache.statistics.expirytime = 100μs (default)
2023-02-01 18:45:40,655 [EventQueue-OpenPipelineForHealthyPipelineSafeModeRule] INFO  safemode.SCMSafeModeManager (HealthyPipelineSafeModeRule.java:process(137)) - SCM in safe mode. Healthy pipelines reported count is 0, required healthy pipeline reported count is 1
2023-02-01 18:45:40,656 [pool-71-thread-1] INFO  server.RaftServerConfigKeys (ConfUtils.java:logGet(46)) - raft.server.log.appender.install.snapshot.enabled = false (custom)
2023-02-01 18:45:40,656 [pool-71-thread-1] INFO  server.RaftServerConfigKeys (ConfUtils.java:logGet(46)) - raft.server.threadpool.server.cached = true (default)
2023-02-01 18:45:40,656 [pool-71-thread-1] INFO  server.RaftServerConfigKeys (ConfUtils.java:logGet(46)) - raft.server.threadpool.server.size = 0 (default)
2023-02-01 18:45:40,657 [pool-71-thread-1] INFO  server.RaftServerConfigKeys (ConfUtils.java:logGet(46)) - raft.server.threadpool.client.cached = true (default)
2023-02-01 18:45:40,657 [pool-71-thread-1] INFO  server.RaftServerConfigKeys (ConfUtils.java:logGet(46)) - raft.server.threadpool.client.size = 0 (default)
2023-02-01 18:45:40,657 [pool-71-thread-1] INFO  storage.RaftStorageDirectory (RaftStorageDirectoryImpl.java:analyzeStorage(137)) - The storage directory /home/runner/work/ozone/ozone/hadoop-ozone/integration-test/target/test-dir/MiniOzoneClusterImpl-64158d22-d035-436d-bfd1-97d6094c143d/datanode-0/data/ratis/8492ae3b-1383-40d8-aada-517f44eb6a1f does not exist. Creating ...
2023-02-01 18:45:40,658 [pool-71-thread-1] INFO  storage.RaftStorageDirectory (RaftStorageDirectoryImpl.java:tryLock(231)) - Lock on /home/runner/work/ozone/ozone/hadoop-ozone/integration-test/target/test-dir/MiniOzoneClusterImpl-64158d22-d035-436d-bfd1-97d6094c143d/datanode-0/data/ratis/8492ae3b-1383-40d8-aada-517f44eb6a1f/in_use.lock acquired by nodename 48019@fv-az985-588
2023-02-01 18:45:40,659 [pool-71-thread-1] INFO  storage.RaftStorage (RaftStorageImpl.java:format(96)) - Storage directory /home/runner/work/ozone/ozone/hadoop-ozone/integration-test/target/test-dir/MiniOzoneClusterImpl-64158d22-d035-436d-bfd1-97d6094c143d/datanode-0/data/ratis/8492ae3b-1383-40d8-aada-517f44eb6a1f has been successfully formatted.
2023-02-01 18:45:40,663 [pool-71-thread-1] INFO  ratis.ContainerStateMachine (ContainerStateMachine.java:loadSnapshot(240)) - group-517F44EB6A1F: The snapshot info is null. Setting the last applied indexto:(t:0, i:~)
2023-02-01 18:45:40,664 [pool-71-thread-1] INFO  server.RaftServerConfigKeys (ConfUtils.java:logGet(46)) - raft.server.log.use.memory = false (default)
2023-02-01 18:45:40,664 [pool-71-thread-1] INFO  server.RaftServerConfigKeys (ConfUtils.java:logGet(46)) - raft.server.log.purge.gap = 1000000 (custom)
2023-02-01 18:45:40,664 [pool-71-thread-1] INFO  server.RaftServerConfigKeys (ConfUtils.java:logGet(46)) - raft.server.log.appender.buffer.byte-limit = 33554432 (custom)
2023-02-01 18:45:40,664 [pool-71-thread-1] INFO  server.RaftServerConfigKeys (ConfUtils.java:logGet(46)) - raft.server.log.statemachine.data.read.timeout = 1000ms (default)
2023-02-01 18:45:40,664 [pool-71-thread-1] INFO  server.RaftServerConfigKeys (ConfUtils.java:logGet(46)) - raft.server.log.purge.preservation.log.num = 0 (default)
2023-02-01 18:45:40,664 [pool-71-thread-1] INFO  server.RaftServerConfigKeys (ConfUtils.java:logGet(46)) - raft.server.log.segment.size.max = 1048576 (custom)
2023-02-01 18:45:40,664 | INFO  | SCMAudit | user=runner | ip=10.1.0.29 | op=SEND_HEARTBEAT {datanodeUUID=9d11f7a2-de03-4463-8286-a21ff45a32eb, term=-1, command=[]} | ret=SUCCESS |  
2023-02-01 18:45:40,667 [pool-71-thread-1] INFO  server.RaftServerConfigKeys (ConfUtils.java:logGet(46)) - raft.server.log.segment.cache.num.max = 2 (custom)
2023-02-01 18:45:40,667 [pool-71-thread-1] INFO  server.RaftServerConfigKeys (ConfUtils.java:logGet(46)) - raft.server.log.segment.cache.size.max = 200MB (=209715200) (default)
2023-02-01 18:45:40,667 [pool-71-thread-1] INFO  segmented.SegmentedRaftLogWorker (SegmentedRaftLogWorker.java:<init>(189)) - new 9d11f7a2-de03-4463-8286-a21ff45a32eb@group-517F44EB6A1F-SegmentedRaftLogWorker for RaftStorageImpl:Storage Directory /home/runner/work/ozone/ozone/hadoop-ozone/integration-test/target/test-dir/MiniOzoneClusterImpl-64158d22-d035-436d-bfd1-97d6094c143d/datanode-0/data/ratis/8492ae3b-1383-40d8-aada-517f44eb6a1f
2023-02-01 18:45:40,667 [pool-71-thread-1] INFO  server.RaftServerConfigKeys (ConfUtils.java:logGet(46)) - raft.server.log.queue.byte-limit = 4294967296 (custom)
2023-02-01 18:45:40,667 [pool-71-thread-1] INFO  server.RaftServerConfigKeys (ConfUtils.java:logGet(46)) - raft.server.log.queue.element-limit = 1024 (custom)
2023-02-01 18:45:40,667 [pool-71-thread-1] INFO  server.RaftServerConfigKeys (ConfUtils.java:logGet(46)) - raft.server.log.segment.size.max = 1048576 (custom)
2023-02-01 18:45:40,667 [pool-71-thread-1] INFO  server.RaftServerConfigKeys (ConfUtils.java:logGet(46)) - raft.server.log.preallocated.size = 16384 (custom)
2023-02-01 18:45:40,668 [pool-71-thread-1] INFO  server.RaftServerConfigKeys (ConfUtils.java:logGet(46)) - raft.server.log.force.sync.num = 128 (default)
2023-02-01 18:45:40,668 [pool-71-thread-1] INFO  server.RaftServerConfigKeys (ConfUtils.java:logGet(46)) - raft.server.log.statemachine.data.sync = true (default)
2023-02-01 18:45:40,668 [pool-71-thread-1] INFO  server.RaftServerConfigKeys (ConfUtils.java:logGet(46)) - raft.server.log.statemachine.data.sync.timeout = 10s (default)
2023-02-01 18:45:40,668 [pool-71-thread-1] INFO  server.RaftServerConfigKeys (ConfUtils.java:logGet(46)) - raft.server.log.statemachine.data.sync.timeout.retry = -1 (default)
2023-02-01 18:45:40,670 [EventQueue-OpenPipelineForHealthyPipelineSafeModeRule] INFO  safemode.SCMSafeModeManager (HealthyPipelineSafeModeRule.java:process(137)) - SCM in safe mode. Healthy pipelines reported count is 0, required healthy pipeline reported count is 1
2023-02-01 18:45:40,670 [pool-71-thread-1] INFO  server.RaftServerConfigKeys (ConfUtils.java:logGet(46)) - raft.server.log.write.buffer.size = 1048576 (custom)
2023-02-01 18:45:40,671 [pool-71-thread-1] INFO  server.RaftServerConfigKeys (ConfUtils.java:logGet(46)) - raft.server.log.appender.buffer.byte-limit = 33554432 (custom)
2023-02-01 18:45:40,678 [pool-71-thread-1] INFO  server.RaftServerConfigKeys (ConfUtils.java:logGet(46)) - raft.server.log.unsafe-flush.enabled = false (default)
2023-02-01 18:45:40,678 [pool-71-thread-1] INFO  server.RaftServerConfigKeys (ConfUtils.java:logGet(46)) - raft.server.log.async-flush.enabled = false (default)
2023-02-01 18:45:40,678 [pool-71-thread-1] INFO  server.RaftServerConfigKeys (ConfUtils.java:logGet(46)) - raft.server.log.statemachine.data.caching.enabled = true (custom)
2023-02-01 18:45:40,679 [pool-71-thread-1] INFO  segmented.SegmentedRaftLogWorker (SegmentedRaftLogWorker.java:lambda$new$0(135)) - 9d11f7a2-de03-4463-8286-a21ff45a32eb@group-517F44EB6A1F-SegmentedRaftLogWorker: flushIndex: setUnconditionally 0 -> -1
2023-02-01 18:45:40,680 [pool-71-thread-1] INFO  segmented.SegmentedRaftLogWorker (SegmentedRaftLogWorker.java:lambda$new$0(135)) - 9d11f7a2-de03-4463-8286-a21ff45a32eb@group-517F44EB6A1F-SegmentedRaftLogWorker: safeCacheEvictIndex: setUnconditionally 0 -> -1
2023-02-01 18:45:40,687 [pool-71-thread-1] INFO  server.RaftServer$Division (RaftServerImpl.java:start(334)) - 9d11f7a2-de03-4463-8286-a21ff45a32eb@group-517F44EB6A1F: start as a follower, conf=-1: peers:[8e758023-c9f0-4f3e-97a8-668246130508|rpc:10.1.0.29:38211|dataStream:10.1.0.29:41975|priority:0|startupRole:FOLLOWER, 9d11f7a2-de03-4463-8286-a21ff45a32eb|rpc:10.1.0.29:46231|dataStream:10.1.0.29:42455|priority:0|startupRole:FOLLOWER, 5a2bde7b-6aad-464a-b794-b1a97ffa6b25|rpc:10.1.0.29:37273|dataStream:10.1.0.29:40949|priority:1|startupRole:FOLLOWER]|listeners:[], old=null
2023-02-01 18:45:40,687 [pool-71-thread-1] INFO  server.RaftServer$Division (RaftServerImpl.java:setRole(321)) - 9d11f7a2-de03-4463-8286-a21ff45a32eb@group-517F44EB6A1F: changes role from      null to FOLLOWER at term 0 for startAsFollower
2023-02-01 18:45:40,687 [pool-71-thread-1] INFO  impl.RoleInfo (RoleInfo.java:updateAndGet(139)) - 9d11f7a2-de03-4463-8286-a21ff45a32eb: start 9d11f7a2-de03-4463-8286-a21ff45a32eb@group-517F44EB6A1F-FollowerState
2023-02-01 18:45:40,692 [pool-71-thread-1] INFO  util.JmxRegister (JmxRegister.java:tryRegister(44)) - Successfully registered JMX Bean with object name Ratis:service=RaftServer,group=group-517F44EB6A1F,id=9d11f7a2-de03-4463-8286-a21ff45a32eb
2023-02-01 18:45:40,692 [pool-71-thread-1] INFO  server.RaftServerConfigKeys (ConfUtils.java:logGet(46)) - raft.server.snapshot.auto.trigger.enabled = true (custom)
2023-02-01 18:45:40,692 [pool-71-thread-1] INFO  server.RaftServerConfigKeys (ConfUtils.java:logGet(46)) - raft.server.snapshot.auto.trigger.threshold = 10000 (custom)
2023-02-01 18:45:40,692 [pool-71-thread-1] INFO  server.RaftServerConfigKeys (ConfUtils.java:logGet(46)) - raft.server.snapshot.retention.file.num = 5 (custom)
2023-02-01 18:45:40,692 [9d11f7a2-de03-4463-8286-a21ff45a32eb@group-517F44EB6A1F-FollowerState] INFO  server.RaftServerConfigKeys (ConfUtils.java:logFallback(53)) - raft.server.rpc.first-election.timeout.min = 5s (fallback to raft.server.rpc.timeout.min)
2023-02-01 18:45:40,692 [9d11f7a2-de03-4463-8286-a21ff45a32eb@group-517F44EB6A1F-FollowerState] INFO  server.RaftServerConfigKeys (ConfUtils.java:logFallback(53)) - raft.server.rpc.first-election.timeout.max = 5200ms (fallback to raft.server.rpc.timeout.max)
2023-02-01 18:45:40,692 [pool-71-thread-1] INFO  server.RaftServerConfigKeys (ConfUtils.java:logGet(46)) - raft.server.log.purge.upto.snapshot.index = false (default)
2023-02-01 18:45:40,694 [Command processor thread] INFO  ratis.XceiverServerRatis (XceiverServerRatis.java:addGroup(806)) - Created group PipelineID=8492ae3b-1383-40d8-aada-517f44eb6a1f
2023-02-01 18:45:41,097 | INFO  | SCMAudit | user=runner | ip=10.1.0.29 | op=SEND_HEARTBEAT {datanodeUUID=8e758023-c9f0-4f3e-97a8-668246130508, term=-1, command=[]} | ret=SUCCESS |  
2023-02-01 18:45:41,106 [Command processor thread] INFO  server.RaftServer (RaftServerProxy.java:addNew(96)) - 8e758023-c9f0-4f3e-97a8-668246130508: addNew group-045E5D7E635E:[8e758023-c9f0-4f3e-97a8-668246130508|rpc:10.1.0.29:38211|dataStream:10.1.0.29:41975|priority:1|startupRole:FOLLOWER] returns group-045E5D7E635E:java.util.concurrent.CompletableFuture@4b95a603[Not completed]
2023-02-01 18:45:41,128 [pool-93-thread-1] INFO  server.RaftServer$Division (RaftServerImpl.java:<init>(195)) - 8e758023-c9f0-4f3e-97a8-668246130508: new RaftServerImpl for group-045E5D7E635E:[8e758023-c9f0-4f3e-97a8-668246130508|rpc:10.1.0.29:38211|dataStream:10.1.0.29:41975|priority:1|startupRole:FOLLOWER] with ContainerStateMachine:uninitialized
2023-02-01 18:45:41,133 [pool-93-thread-1] INFO  server.RaftServerConfigKeys (ConfUtils.java:logGet(46)) - raft.server.rpc.timeout.min = 5s (custom)
2023-02-01 18:45:41,133 [pool-93-thread-1] INFO  server.RaftServerConfigKeys (ConfUtils.java:logGet(46)) - raft.server.rpc.timeout.max = 5200ms (custom)
2023-02-01 18:45:41,133 [pool-93-thread-1] INFO  server.RaftServerConfigKeys (ConfUtils.java:logGet(46)) - raft.server.rpc.sleep.time = 25ms (default)
2023-02-01 18:45:41,133 [pool-93-thread-1] INFO  server.RaftServerConfigKeys (ConfUtils.java:logGet(46)) - raft.server.rpc.slowness.timeout = 300s (custom)
2023-02-01 18:45:41,133 [pool-93-thread-1] INFO  server.RaftServerConfigKeys (ConfUtils.java:logGet(46)) - raft.server.leaderelection.leader.step-down.wait-time = 10s (default)
2023-02-01 18:45:41,133 [pool-93-thread-1] INFO  server.RaftServerConfigKeys (ConfUtils.java:logGet(46)) - raft.server.sleep.deviation.threshold = 300ms (default)
2023-02-01 18:45:41,133 [pool-93-thread-1] INFO  server.RaftServer$Division (ServerState.java:<init>(118)) - 8e758023-c9f0-4f3e-97a8-668246130508@group-045E5D7E635E: ConfigurationManager, init=-1: peers:[8e758023-c9f0-4f3e-97a8-668246130508|rpc:10.1.0.29:38211|dataStream:10.1.0.29:41975|priority:1|startupRole:FOLLOWER]|listeners:[], old=null, confs=<EMPTY_MAP>
2023-02-01 18:45:41,134 [pool-93-thread-1] INFO  server.RaftServerConfigKeys (ConfUtils.java:logGet(46)) - raft.server.storage.dir = [/home/runner/work/ozone/ozone/hadoop-ozone/integration-test/target/test-dir/MiniOzoneClusterImpl-64158d22-d035-436d-bfd1-97d6094c143d/datanode-1/data/ratis] (custom)
2023-02-01 18:45:41,134 [pool-93-thread-1] INFO  server.RaftServerConfigKeys (ConfUtils.java:logGet(46)) - raft.server.log.corruption.policy = EXCEPTION (default)
2023-02-01 18:45:41,134 [pool-93-thread-1] INFO  server.RaftServerConfigKeys (ConfUtils.java:logGet(46)) - raft.server.storage.free-space.min = 0MB (=0) (default)
2023-02-01 18:45:41,134 [pool-93-thread-1] INFO  server.RaftServerConfigKeys (ConfUtils.java:logGet(46)) - raft.server.notification.no-leader.timeout = 300s (custom)
2023-02-01 18:45:41,134 [pool-93-thread-1] INFO  server.RaftServerConfigKeys (ConfUtils.java:logGet(46)) - raft.server.retrycache.expirytime = 600000ms (custom)
2023-02-01 18:45:41,134 [pool-93-thread-1] INFO  server.RaftServerConfigKeys (ConfUtils.java:logGet(46)) - raft.server.retrycache.statistics.expirytime = 100μs (default)
2023-02-01 18:45:41,135 [pool-93-thread-1] INFO  server.RaftServerConfigKeys (ConfUtils.java:logGet(46)) - raft.server.log.appender.install.snapshot.enabled = false (custom)
2023-02-01 18:45:41,136 [pool-93-thread-1] INFO  server.RaftServerConfigKeys (ConfUtils.java:logGet(46)) - raft.server.threadpool.server.cached = true (default)
2023-02-01 18:45:41,136 [pool-93-thread-1] INFO  server.RaftServerConfigKeys (ConfUtils.java:logGet(46)) - raft.server.threadpool.server.size = 0 (default)
2023-02-01 18:45:41,136 [pool-93-thread-1] INFO  server.RaftServerConfigKeys (ConfUtils.java:logGet(46)) - raft.server.threadpool.client.cached = true (default)
2023-02-01 18:45:41,136 [pool-93-thread-1] INFO  server.RaftServerConfigKeys (ConfUtils.java:logGet(46)) - raft.server.threadpool.client.size = 0 (default)
2023-02-01 18:45:41,136 [pool-93-thread-1] INFO  storage.RaftStorageDirectory (RaftStorageDirectoryImpl.java:analyzeStorage(137)) - The storage directory /home/runner/work/ozone/ozone/hadoop-ozone/integration-test/target/test-dir/MiniOzoneClusterImpl-64158d22-d035-436d-bfd1-97d6094c143d/datanode-1/data/ratis/7e445e54-2345-4e37-a56a-045e5d7e635e does not exist. Creating ...
2023-02-01 18:45:41,137 [pool-93-thread-1] INFO  storage.RaftStorageDirectory (RaftStorageDirectoryImpl.java:tryLock(231)) - Lock on /home/runner/work/ozone/ozone/hadoop-ozone/integration-test/target/test-dir/MiniOzoneClusterImpl-64158d22-d035-436d-bfd1-97d6094c143d/datanode-1/data/ratis/7e445e54-2345-4e37-a56a-045e5d7e635e/in_use.lock acquired by nodename 48019@fv-az985-588
2023-02-01 18:45:41,139 [pool-93-thread-1] INFO  storage.RaftStorage (RaftStorageImpl.java:format(96)) - Storage directory /home/runner/work/ozone/ozone/hadoop-ozone/integration-test/target/test-dir/MiniOzoneClusterImpl-64158d22-d035-436d-bfd1-97d6094c143d/datanode-1/data/ratis/7e445e54-2345-4e37-a56a-045e5d7e635e has been successfully formatted.
2023-02-01 18:45:41,141 [pool-93-thread-1] INFO  ratis.ContainerStateMachine (ContainerStateMachine.java:loadSnapshot(240)) - group-045E5D7E635E: The snapshot info is null. Setting the last applied indexto:(t:0, i:~)
2023-02-01 18:45:41,142 | INFO  | SCMAudit | user=runner | ip=10.1.0.29 | op=SEND_HEARTBEAT {datanodeUUID=8e758023-c9f0-4f3e-97a8-668246130508, term=-1, command=[]} | ret=SUCCESS |  
2023-02-01 18:45:41,142 [EventQueue-PipelineReportForPipelineReportHandler] INFO  pipeline.PipelineManagerImpl (PipelineManagerImpl.java:openPipeline(367)) - Pipeline Pipeline[ Id: 7e445e54-2345-4e37-a56a-045e5d7e635e, Nodes: 8e758023-c9f0-4f3e-97a8-668246130508(fv-az985-588.xhnjdmzn5t1uvmusdvupbov25b.phxx.internal.cloudapp.net/10.1.0.29), ReplicationConfig: RATIS/ONE, State:ALLOCATED, leaderId:8e758023-c9f0-4f3e-97a8-668246130508, CreationTimestamp2023-02-01T18:45:38.092Z[Etc/UTC]] moved to OPEN state
2023-02-01 18:45:41,143 [EventQueue-OpenPipelineForHealthyPipelineSafeModeRule] INFO  safemode.SCMSafeModeManager (HealthyPipelineSafeModeRule.java:process(137)) - SCM in safe mode. Healthy pipelines reported count is 0, required healthy pipeline reported count is 1
2023-02-01 18:45:41,143 [pool-93-thread-1] INFO  server.RaftServerConfigKeys (ConfUtils.java:logGet(46)) - raft.server.log.use.memory = false (default)
2023-02-01 18:45:41,143 [pool-93-thread-1] INFO  server.RaftServerConfigKeys (ConfUtils.java:logGet(46)) - raft.server.log.purge.gap = 1000000 (custom)
2023-02-01 18:45:41,143 [pool-93-thread-1] INFO  server.RaftServerConfigKeys (ConfUtils.java:logGet(46)) - raft.server.log.appender.buffer.byte-limit = 33554432 (custom)
2023-02-01 18:45:41,143 [pool-93-thread-1] INFO  server.RaftServerConfigKeys (ConfUtils.java:logGet(46)) - raft.server.log.statemachine.data.read.timeout = 1000ms (default)
2023-02-01 18:45:41,143 [pool-93-thread-1] INFO  server.RaftServerConfigKeys (ConfUtils.java:logGet(46)) - raft.server.log.purge.preservation.log.num = 0 (default)
2023-02-01 18:45:41,143 [pool-93-thread-1] INFO  server.RaftServerConfigKeys (ConfUtils.java:logGet(46)) - raft.server.log.segment.size.max = 1048576 (custom)
2023-02-01 18:45:41,144 [pool-93-thread-1] INFO  server.RaftServerConfigKeys (ConfUtils.java:logGet(46)) - raft.server.log.segment.cache.num.max = 2 (custom)
2023-02-01 18:45:41,144 [pool-93-thread-1] INFO  server.RaftServerConfigKeys (ConfUtils.java:logGet(46)) - raft.server.log.segment.cache.size.max = 200MB (=209715200) (default)
2023-02-01 18:45:41,144 [pool-93-thread-1] INFO  segmented.SegmentedRaftLogWorker (SegmentedRaftLogWorker.java:<init>(189)) - new 8e758023-c9f0-4f3e-97a8-668246130508@group-045E5D7E635E-SegmentedRaftLogWorker for RaftStorageImpl:Storage Directory /home/runner/work/ozone/ozone/hadoop-ozone/integration-test/target/test-dir/MiniOzoneClusterImpl-64158d22-d035-436d-bfd1-97d6094c143d/datanode-1/data/ratis/7e445e54-2345-4e37-a56a-045e5d7e635e
2023-02-01 18:45:41,144 [pool-93-thread-1] INFO  server.RaftServerConfigKeys (ConfUtils.java:logGet(46)) - raft.server.log.queue.byte-limit = 4294967296 (custom)
2023-02-01 18:45:41,144 [pool-93-thread-1] INFO  server.RaftServerConfigKeys (ConfUtils.java:logGet(46)) - raft.server.log.queue.element-limit = 1024 (custom)
2023-02-01 18:45:41,144 [pool-93-thread-1] INFO  server.RaftServerConfigKeys (ConfUtils.java:logGet(46)) - raft.server.log.segment.size.max = 1048576 (custom)
2023-02-01 18:45:41,144 [pool-93-thread-1] INFO  server.RaftServerConfigKeys (ConfUtils.java:logGet(46)) - raft.server.log.preallocated.size = 16384 (custom)
2023-02-01 18:45:41,144 [pool-93-thread-1] INFO  server.RaftServerConfigKeys (ConfUtils.java:logGet(46)) - raft.server.log.force.sync.num = 128 (default)
2023-02-01 18:45:41,144 [pool-93-thread-1] INFO  server.RaftServerConfigKeys (ConfUtils.java:logGet(46)) - raft.server.log.statemachine.data.sync = true (default)
2023-02-01 18:45:41,145 [pool-93-thread-1] INFO  server.RaftServerConfigKeys (ConfUtils.java:logGet(46)) - raft.server.log.statemachine.data.sync.timeout = 10s (default)
2023-02-01 18:45:41,145 [pool-93-thread-1] INFO  server.RaftServerConfigKeys (ConfUtils.java:logGet(46)) - raft.server.log.statemachine.data.sync.timeout.retry = -1 (default)
2023-02-01 18:45:41,147 [pool-93-thread-1] INFO  server.RaftServerConfigKeys (ConfUtils.java:logGet(46)) - raft.server.log.write.buffer.size = 1048576 (custom)
2023-02-01 18:45:41,148 [pool-93-thread-1] INFO  server.RaftServerConfigKeys (ConfUtils.java:logGet(46)) - raft.server.log.appender.buffer.byte-limit = 33554432 (custom)
2023-02-01 18:45:41,153 [pool-93-thread-1] INFO  server.RaftServerConfigKeys (ConfUtils.java:logGet(46)) - raft.server.log.unsafe-flush.enabled = false (default)
2023-02-01 18:45:41,153 [pool-93-thread-1] INFO  server.RaftServerConfigKeys (ConfUtils.java:logGet(46)) - raft.server.log.async-flush.enabled = false (default)
2023-02-01 18:45:41,153 [pool-93-thread-1] INFO  server.RaftServerConfigKeys (ConfUtils.java:logGet(46)) - raft.server.log.statemachine.data.caching.enabled = true (custom)
2023-02-01 18:45:41,153 [pool-93-thread-1] INFO  segmented.SegmentedRaftLogWorker (SegmentedRaftLogWorker.java:lambda$new$0(135)) - 8e758023-c9f0-4f3e-97a8-668246130508@group-045E5D7E635E-SegmentedRaftLogWorker: flushIndex: setUnconditionally 0 -> -1
2023-02-01 18:45:41,153 [pool-93-thread-1] INFO  segmented.SegmentedRaftLogWorker (SegmentedRaftLogWorker.java:lambda$new$0(135)) - 8e758023-c9f0-4f3e-97a8-668246130508@group-045E5D7E635E-SegmentedRaftLogWorker: safeCacheEvictIndex: setUnconditionally 0 -> -1
2023-02-01 18:45:41,154 [pool-93-thread-1] INFO  server.RaftServer$Division (RaftServerImpl.java:start(334)) - 8e758023-c9f0-4f3e-97a8-668246130508@group-045E5D7E635E: start as a follower, conf=-1: peers:[8e758023-c9f0-4f3e-97a8-668246130508|rpc:10.1.0.29:38211|dataStream:10.1.0.29:41975|priority:1|startupRole:FOLLOWER]|listeners:[], old=null
2023-02-01 18:45:41,154 [pool-93-thread-1] INFO  server.RaftServer$Division (RaftServerImpl.java:setRole(321)) - 8e758023-c9f0-4f3e-97a8-668246130508@group-045E5D7E635E: changes role from      null to FOLLOWER at term 0 for startAsFollower
2023-02-01 18:45:41,154 [pool-93-thread-1] INFO  impl.RoleInfo (RoleInfo.java:updateAndGet(139)) - 8e758023-c9f0-4f3e-97a8-668246130508: start 8e758023-c9f0-4f3e-97a8-668246130508@group-045E5D7E635E-FollowerState
2023-02-01 18:45:41,155 [pool-93-thread-1] INFO  util.JmxRegister (JmxRegister.java:tryRegister(44)) - Successfully registered JMX Bean with object name Ratis:service=RaftServer,group=group-045E5D7E635E,id=8e758023-c9f0-4f3e-97a8-668246130508
2023-02-01 18:45:41,158 [pool-93-thread-1] INFO  server.RaftServerConfigKeys (ConfUtils.java:logGet(46)) - raft.server.snapshot.auto.trigger.enabled = true (custom)
2023-02-01 18:45:41,158 [pool-93-thread-1] INFO  server.RaftServerConfigKeys (ConfUtils.java:logGet(46)) - raft.server.snapshot.auto.trigger.threshold = 10000 (custom)
2023-02-01 18:45:41,159 [pool-93-thread-1] INFO  server.RaftServerConfigKeys (ConfUtils.java:logGet(46)) - raft.server.snapshot.retention.file.num = 5 (custom)
2023-02-01 18:45:41,159 [pool-93-thread-1] INFO  server.RaftServerConfigKeys (ConfUtils.java:logGet(46)) - raft.server.log.purge.upto.snapshot.index = false (default)
2023-02-01 18:45:41,163 [Command processor thread] INFO  ratis.XceiverServerRatis (XceiverServerRatis.java:addGroup(806)) - Created group PipelineID=7e445e54-2345-4e37-a56a-045e5d7e635e
2023-02-01 18:45:41,163 [8e758023-c9f0-4f3e-97a8-668246130508@group-045E5D7E635E-FollowerState] INFO  server.RaftServerConfigKeys (ConfUtils.java:logFallback(53)) - raft.server.rpc.first-election.timeout.min = 5s (fallback to raft.server.rpc.timeout.min)
2023-02-01 18:45:41,170 [8e758023-c9f0-4f3e-97a8-668246130508@group-045E5D7E635E-FollowerState] INFO  server.RaftServerConfigKeys (ConfUtils.java:logFallback(53)) - raft.server.rpc.first-election.timeout.max = 5200ms (fallback to raft.server.rpc.timeout.max)
2023-02-01 18:45:41,163 [Command processor thread] INFO  commandhandler.CreatePipelineCommandHandler (CreatePipelineCommandHandler.java:handle(113)) - Created Pipeline RATIS ONE PipelineID=7e445e54-2345-4e37-a56a-045e5d7e635e.
2023-02-01 18:45:41,171 [Command processor thread] INFO  server.RaftServer (RaftServerProxy.java:addNew(96)) - 8e758023-c9f0-4f3e-97a8-668246130508: addNew group-517F44EB6A1F:[8e758023-c9f0-4f3e-97a8-668246130508|rpc:10.1.0.29:38211|dataStream:10.1.0.29:41975|priority:0|startupRole:FOLLOWER, 9d11f7a2-de03-4463-8286-a21ff45a32eb|rpc:10.1.0.29:46231|dataStream:10.1.0.29:42455|priority:0|startupRole:FOLLOWER, 5a2bde7b-6aad-464a-b794-b1a97ffa6b25|rpc:10.1.0.29:37273|dataStream:10.1.0.29:40949|priority:1|startupRole:FOLLOWER] returns group-517F44EB6A1F:java.util.concurrent.CompletableFuture@4faa2ba9[Not completed]
2023-02-01 18:45:41,172 [pool-93-thread-1] INFO  server.RaftServer$Division (RaftServerImpl.java:<init>(195)) - 8e758023-c9f0-4f3e-97a8-668246130508: new RaftServerImpl for group-517F44EB6A1F:[8e758023-c9f0-4f3e-97a8-668246130508|rpc:10.1.0.29:38211|dataStream:10.1.0.29:41975|priority:0|startupRole:FOLLOWER, 9d11f7a2-de03-4463-8286-a21ff45a32eb|rpc:10.1.0.29:46231|dataStream:10.1.0.29:42455|priority:0|startupRole:FOLLOWER, 5a2bde7b-6aad-464a-b794-b1a97ffa6b25|rpc:10.1.0.29:37273|dataStream:10.1.0.29:40949|priority:1|startupRole:FOLLOWER] with ContainerStateMachine:uninitialized
2023-02-01 18:45:41,172 [pool-93-thread-1] INFO  server.RaftServerConfigKeys (ConfUtils.java:logGet(46)) - raft.server.rpc.timeout.min = 5s (custom)
2023-02-01 18:45:41,172 [pool-93-thread-1] INFO  server.RaftServerConfigKeys (ConfUtils.java:logGet(46)) - raft.server.rpc.timeout.max = 5200ms (custom)
2023-02-01 18:45:41,172 [pool-93-thread-1] INFO  server.RaftServerConfigKeys (ConfUtils.java:logGet(46)) - raft.server.rpc.sleep.time = 25ms (default)
2023-02-01 18:45:41,172 [pool-93-thread-1] INFO  server.RaftServerConfigKeys (ConfUtils.java:logGet(46)) - raft.server.rpc.slowness.timeout = 300s (custom)
2023-02-01 18:45:41,172 [pool-93-thread-1] INFO  server.RaftServerConfigKeys (ConfUtils.java:logGet(46)) - raft.server.leaderelection.leader.step-down.wait-time = 10s (default)
2023-02-01 18:45:41,172 [pool-93-thread-1] INFO  server.RaftServerConfigKeys (ConfUtils.java:logGet(46)) - raft.server.sleep.deviation.threshold = 300ms (default)
2023-02-01 18:45:41,172 [pool-93-thread-1] INFO  server.RaftServer$Division (ServerState.java:<init>(118)) - 8e758023-c9f0-4f3e-97a8-668246130508@group-517F44EB6A1F: ConfigurationManager, init=-1: peers:[8e758023-c9f0-4f3e-97a8-668246130508|rpc:10.1.0.29:38211|dataStream:10.1.0.29:41975|priority:0|startupRole:FOLLOWER, 9d11f7a2-de03-4463-8286-a21ff45a32eb|rpc:10.1.0.29:46231|dataStream:10.1.0.29:42455|priority:0|startupRole:FOLLOWER, 5a2bde7b-6aad-464a-b794-b1a97ffa6b25|rpc:10.1.0.29:37273|dataStream:10.1.0.29:40949|priority:1|startupRole:FOLLOWER]|listeners:[], old=null, confs=<EMPTY_MAP>
2023-02-01 18:45:41,172 [pool-93-thread-1] INFO  server.RaftServerConfigKeys (ConfUtils.java:logGet(46)) - raft.server.storage.dir = [/home/runner/work/ozone/ozone/hadoop-ozone/integration-test/target/test-dir/MiniOzoneClusterImpl-64158d22-d035-436d-bfd1-97d6094c143d/datanode-1/data/ratis] (custom)
2023-02-01 18:45:41,173 [pool-93-thread-1] INFO  server.RaftServerConfigKeys (ConfUtils.java:logGet(46)) - raft.server.log.corruption.policy = EXCEPTION (default)
2023-02-01 18:45:41,173 [pool-93-thread-1] INFO  server.RaftServerConfigKeys (ConfUtils.java:logGet(46)) - raft.server.storage.free-space.min = 0MB (=0) (default)
2023-02-01 18:45:41,173 [pool-93-thread-1] INFO  server.RaftServerConfigKeys (ConfUtils.java:logGet(46)) - raft.server.notification.no-leader.timeout = 300s (custom)
2023-02-01 18:45:41,173 [pool-93-thread-1] INFO  server.RaftServerConfigKeys (ConfUtils.java:logGet(46)) - raft.server.retrycache.expirytime = 600000ms (custom)
2023-02-01 18:45:41,173 [pool-93-thread-1] INFO  server.RaftServerConfigKeys (ConfUtils.java:logGet(46)) - raft.server.retrycache.statistics.expirytime = 100μs (default)
2023-02-01 18:45:41,174 [pool-93-thread-1] INFO  server.RaftServerConfigKeys (ConfUtils.java:logGet(46)) - raft.server.log.appender.install.snapshot.enabled = false (custom)
2023-02-01 18:45:41,174 [pool-93-thread-1] INFO  server.RaftServerConfigKeys (ConfUtils.java:logGet(46)) - raft.server.threadpool.server.cached = true (default)
2023-02-01 18:45:41,174 [pool-93-thread-1] INFO  server.RaftServerConfigKeys (ConfUtils.java:logGet(46)) - raft.server.threadpool.server.size = 0 (default)
2023-02-01 18:45:41,174 [pool-93-thread-1] INFO  server.RaftServerConfigKeys (ConfUtils.java:logGet(46)) - raft.server.threadpool.client.cached = true (default)
2023-02-01 18:45:41,174 [pool-93-thread-1] INFO  server.RaftServerConfigKeys (ConfUtils.java:logGet(46)) - raft.server.threadpool.client.size = 0 (default)
2023-02-01 18:45:41,175 [pool-93-thread-1] INFO  storage.RaftStorageDirectory (RaftStorageDirectoryImpl.java:analyzeStorage(137)) - The storage directory /home/runner/work/ozone/ozone/hadoop-ozone/integration-test/target/test-dir/MiniOzoneClusterImpl-64158d22-d035-436d-bfd1-97d6094c143d/datanode-1/data/ratis/8492ae3b-1383-40d8-aada-517f44eb6a1f does not exist. Creating ...
2023-02-01 18:45:41,177 [pool-93-thread-1] INFO  storage.RaftStorageDirectory (RaftStorageDirectoryImpl.java:tryLock(231)) - Lock on /home/runner/work/ozone/ozone/hadoop-ozone/integration-test/target/test-dir/MiniOzoneClusterImpl-64158d22-d035-436d-bfd1-97d6094c143d/datanode-1/data/ratis/8492ae3b-1383-40d8-aada-517f44eb6a1f/in_use.lock acquired by nodename 48019@fv-az985-588
2023-02-01 18:45:41,179 [pool-93-thread-1] INFO  storage.RaftStorage (RaftStorageImpl.java:format(96)) - Storage directory /home/runner/work/ozone/ozone/hadoop-ozone/integration-test/target/test-dir/MiniOzoneClusterImpl-64158d22-d035-436d-bfd1-97d6094c143d/datanode-1/data/ratis/8492ae3b-1383-40d8-aada-517f44eb6a1f has been successfully formatted.
2023-02-01 18:45:41,179 [pool-93-thread-1] INFO  ratis.ContainerStateMachine (ContainerStateMachine.java:loadSnapshot(240)) - group-517F44EB6A1F: The snapshot info is null. Setting the last applied indexto:(t:0, i:~)
2023-02-01 18:45:41,179 [pool-93-thread-1] INFO  server.RaftServerConfigKeys (ConfUtils.java:logGet(46)) - raft.server.log.use.memory = false (default)
2023-02-01 18:45:41,182 | INFO  | SCMAudit | user=runner | ip=10.1.0.29 | op=SEND_HEARTBEAT {datanodeUUID=8e758023-c9f0-4f3e-97a8-668246130508, term=-1, command=[]} | ret=SUCCESS |  
2023-02-01 18:45:41,179 [pool-93-thread-1] INFO  server.RaftServerConfigKeys (ConfUtils.java:logGet(46)) - raft.server.log.purge.gap = 1000000 (custom)
2023-02-01 18:45:41,182 [EventQueue-OpenPipelineForHealthyPipelineSafeModeRule] INFO  safemode.SCMSafeModeManager (HealthyPipelineSafeModeRule.java:process(137)) - SCM in safe mode. Healthy pipelines reported count is 0, required healthy pipeline reported count is 1
2023-02-01 18:45:41,182 [pool-93-thread-1] INFO  server.RaftServerConfigKeys (ConfUtils.java:logGet(46)) - raft.server.log.appender.buffer.byte-limit = 33554432 (custom)
2023-02-01 18:45:41,183 [pool-93-thread-1] INFO  server.RaftServerConfigKeys (ConfUtils.java:logGet(46)) - raft.server.log.statemachine.data.read.timeout = 1000ms (default)
2023-02-01 18:45:41,183 [pool-93-thread-1] INFO  server.RaftServerConfigKeys (ConfUtils.java:logGet(46)) - raft.server.log.purge.preservation.log.num = 0 (default)
2023-02-01 18:45:41,183 [pool-93-thread-1] INFO  server.RaftServerConfigKeys (ConfUtils.java:logGet(46)) - raft.server.log.segment.size.max = 1048576 (custom)
2023-02-01 18:45:41,184 [pool-93-thread-1] INFO  server.RaftServerConfigKeys (ConfUtils.java:logGet(46)) - raft.server.log.segment.cache.num.max = 2 (custom)
2023-02-01 18:45:41,184 [pool-93-thread-1] INFO  server.RaftServerConfigKeys (ConfUtils.java:logGet(46)) - raft.server.log.segment.cache.size.max = 200MB (=209715200) (default)
2023-02-01 18:45:41,184 [pool-93-thread-1] INFO  segmented.SegmentedRaftLogWorker (SegmentedRaftLogWorker.java:<init>(189)) - new 8e758023-c9f0-4f3e-97a8-668246130508@group-517F44EB6A1F-SegmentedRaftLogWorker for RaftStorageImpl:Storage Directory /home/runner/work/ozone/ozone/hadoop-ozone/integration-test/target/test-dir/MiniOzoneClusterImpl-64158d22-d035-436d-bfd1-97d6094c143d/datanode-1/data/ratis/8492ae3b-1383-40d8-aada-517f44eb6a1f
2023-02-01 18:45:41,186 [pool-93-thread-1] INFO  server.RaftServerConfigKeys (ConfUtils.java:logGet(46)) - raft.server.log.queue.byte-limit = 4294967296 (custom)
2023-02-01 18:45:41,186 [pool-93-thread-1] INFO  server.RaftServerConfigKeys (ConfUtils.java:logGet(46)) - raft.server.log.queue.element-limit = 1024 (custom)
2023-02-01 18:45:41,186 [pool-93-thread-1] INFO  server.RaftServerConfigKeys (ConfUtils.java:logGet(46)) - raft.server.log.segment.size.max = 1048576 (custom)
2023-02-01 18:45:41,186 [pool-93-thread-1] INFO  server.RaftServerConfigKeys (ConfUtils.java:logGet(46)) - raft.server.log.preallocated.size = 16384 (custom)
2023-02-01 18:45:41,186 [pool-93-thread-1] INFO  server.RaftServerConfigKeys (ConfUtils.java:logGet(46)) - raft.server.log.force.sync.num = 128 (default)
2023-02-01 18:45:41,186 [pool-93-thread-1] INFO  server.RaftServerConfigKeys (ConfUtils.java:logGet(46)) - raft.server.log.statemachine.data.sync = true (default)
2023-02-01 18:45:41,186 [pool-93-thread-1] INFO  server.RaftServerConfigKeys (ConfUtils.java:logGet(46)) - raft.server.log.statemachine.data.sync.timeout = 10s (default)
2023-02-01 18:45:41,186 [pool-93-thread-1] INFO  server.RaftServerConfigKeys (ConfUtils.java:logGet(46)) - raft.server.log.statemachine.data.sync.timeout.retry = -1 (default)
2023-02-01 18:45:41,195 [pool-93-thread-1] INFO  server.RaftServerConfigKeys (ConfUtils.java:logGet(46)) - raft.server.log.write.buffer.size = 1048576 (custom)
2023-02-01 18:45:41,195 [pool-93-thread-1] INFO  server.RaftServerConfigKeys (ConfUtils.java:logGet(46)) - raft.server.log.appender.buffer.byte-limit = 33554432 (custom)
2023-02-01 18:45:41,200 [pool-93-thread-1] INFO  server.RaftServerConfigKeys (ConfUtils.java:logGet(46)) - raft.server.log.unsafe-flush.enabled = false (default)
2023-02-01 18:45:41,200 [pool-93-thread-1] INFO  server.RaftServerConfigKeys (ConfUtils.java:logGet(46)) - raft.server.log.async-flush.enabled = false (default)
2023-02-01 18:45:41,200 [pool-93-thread-1] INFO  server.RaftServerConfigKeys (ConfUtils.java:logGet(46)) - raft.server.log.statemachine.data.caching.enabled = true (custom)
2023-02-01 18:45:41,200 [pool-93-thread-1] INFO  segmented.SegmentedRaftLogWorker (SegmentedRaftLogWorker.java:lambda$new$0(135)) - 8e758023-c9f0-4f3e-97a8-668246130508@group-517F44EB6A1F-SegmentedRaftLogWorker: flushIndex: setUnconditionally 0 -> -1
2023-02-01 18:45:41,200 [pool-93-thread-1] INFO  segmented.SegmentedRaftLogWorker (SegmentedRaftLogWorker.java:lambda$new$0(135)) - 8e758023-c9f0-4f3e-97a8-668246130508@group-517F44EB6A1F-SegmentedRaftLogWorker: safeCacheEvictIndex: setUnconditionally 0 -> -1
2023-02-01 18:45:41,206 [pool-93-thread-1] INFO  server.RaftServer$Division (RaftServerImpl.java:start(334)) - 8e758023-c9f0-4f3e-97a8-668246130508@group-517F44EB6A1F: start as a follower, conf=-1: peers:[8e758023-c9f0-4f3e-97a8-668246130508|rpc:10.1.0.29:38211|dataStream:10.1.0.29:41975|priority:0|startupRole:FOLLOWER, 9d11f7a2-de03-4463-8286-a21ff45a32eb|rpc:10.1.0.29:46231|dataStream:10.1.0.29:42455|priority:0|startupRole:FOLLOWER, 5a2bde7b-6aad-464a-b794-b1a97ffa6b25|rpc:10.1.0.29:37273|dataStream:10.1.0.29:40949|priority:1|startupRole:FOLLOWER]|listeners:[], old=null
2023-02-01 18:45:41,206 [pool-93-thread-1] INFO  server.RaftServer$Division (RaftServerImpl.java:setRole(321)) - 8e758023-c9f0-4f3e-97a8-668246130508@group-517F44EB6A1F: changes role from      null to FOLLOWER at term 0 for startAsFollower
2023-02-01 18:45:41,206 [pool-93-thread-1] INFO  impl.RoleInfo (RoleInfo.java:updateAndGet(139)) - 8e758023-c9f0-4f3e-97a8-668246130508: start 8e758023-c9f0-4f3e-97a8-668246130508@group-517F44EB6A1F-FollowerState
2023-02-01 18:45:41,206 [pool-93-thread-1] INFO  util.JmxRegister (JmxRegister.java:tryRegister(44)) - Successfully registered JMX Bean with object name Ratis:service=RaftServer,group=group-517F44EB6A1F,id=8e758023-c9f0-4f3e-97a8-668246130508
2023-02-01 18:45:41,206 [pool-93-thread-1] INFO  server.RaftServerConfigKeys (ConfUtils.java:logGet(46)) - raft.server.snapshot.auto.trigger.enabled = true (custom)
2023-02-01 18:45:41,206 [pool-93-thread-1] INFO  server.RaftServerConfigKeys (ConfUtils.java:logGet(46)) - raft.server.snapshot.auto.trigger.threshold = 10000 (custom)
2023-02-01 18:45:41,207 [pool-93-thread-1] INFO  server.RaftServerConfigKeys (ConfUtils.java:logGet(46)) - raft.server.snapshot.retention.file.num = 5 (custom)
2023-02-01 18:45:41,207 [pool-93-thread-1] INFO  server.RaftServerConfigKeys (ConfUtils.java:logGet(46)) - raft.server.log.purge.upto.snapshot.index = false (default)
2023-02-01 18:45:41,212 [Command processor thread] INFO  ratis.XceiverServerRatis (XceiverServerRatis.java:addGroup(806)) - Created group PipelineID=8492ae3b-1383-40d8-aada-517f44eb6a1f
2023-02-01 18:45:41,220 [8e758023-c9f0-4f3e-97a8-668246130508@group-517F44EB6A1F-FollowerState] INFO  server.RaftServerConfigKeys (ConfUtils.java:logFallback(53)) - raft.server.rpc.first-election.timeout.min = 5s (fallback to raft.server.rpc.timeout.min)
2023-02-01 18:45:41,220 [8e758023-c9f0-4f3e-97a8-668246130508@group-517F44EB6A1F-FollowerState] INFO  server.RaftServerConfigKeys (ConfUtils.java:logFallback(53)) - raft.server.rpc.first-election.timeout.max = 5200ms (fallback to raft.server.rpc.timeout.max)
2023-02-01 18:45:41,485 [Listener at 127.0.0.1/39701] INFO  ozone.MiniOzoneClusterImpl (MiniOzoneClusterImpl.java:lambda$waitForClusterToBeReady$0(218)) - Nodes are ready. Got 3 of 3 DN Heartbeats.
2023-02-01 18:45:41,485 [Listener at 127.0.0.1/39701] INFO  ozone.MiniOzoneClusterImpl (MiniOzoneClusterImpl.java:lambda$waitForClusterToBeReady$0(221)) - Waiting for cluster to exit safe mode
2023-02-01 18:45:41,485 [Listener at 127.0.0.1/39701] INFO  ozone.MiniOzoneClusterImpl (MiniOzoneClusterImpl.java:lambda$waitForClusterToBeReady$0(223)) - SCM became leader
2023-02-01 18:45:41,497 [Command processor thread] INFO  server.RaftServer (RaftServerProxy.java:addNew(96)) - 5a2bde7b-6aad-464a-b794-b1a97ffa6b25: addNew group-1221F31516E9:[5a2bde7b-6aad-464a-b794-b1a97ffa6b25|rpc:10.1.0.29:37273|dataStream:10.1.0.29:40949|priority:1|startupRole:FOLLOWER] returns group-1221F31516E9:java.util.concurrent.CompletableFuture@4fa03360[Not completed]
2023-02-01 18:45:41,498 | INFO  | SCMAudit | user=runner | ip=10.1.0.29 | op=SEND_HEARTBEAT {datanodeUUID=5a2bde7b-6aad-464a-b794-b1a97ffa6b25, term=-1, command=[]} | ret=SUCCESS |  
2023-02-01 18:45:41,503 [pool-115-thread-1] INFO  server.RaftServer$Division (RaftServerImpl.java:<init>(195)) - 5a2bde7b-6aad-464a-b794-b1a97ffa6b25: new RaftServerImpl for group-1221F31516E9:[5a2bde7b-6aad-464a-b794-b1a97ffa6b25|rpc:10.1.0.29:37273|dataStream:10.1.0.29:40949|priority:1|startupRole:FOLLOWER] with ContainerStateMachine:uninitialized
2023-02-01 18:45:41,504 [pool-115-thread-1] INFO  server.RaftServerConfigKeys (ConfUtils.java:logGet(46)) - raft.server.rpc.timeout.min = 5s (custom)
2023-02-01 18:45:41,504 [pool-115-thread-1] INFO  server.RaftServerConfigKeys (ConfUtils.java:logGet(46)) - raft.server.rpc.timeout.max = 5200ms (custom)
2023-02-01 18:45:41,504 [pool-115-thread-1] INFO  server.RaftServerConfigKeys (ConfUtils.java:logGet(46)) - raft.server.rpc.sleep.time = 25ms (default)
2023-02-01 18:45:41,504 [pool-115-thread-1] INFO  server.RaftServerConfigKeys (ConfUtils.java:logGet(46)) - raft.server.rpc.slowness.timeout = 300s (custom)
2023-02-01 18:45:41,504 [pool-115-thread-1] INFO  server.RaftServerConfigKeys (ConfUtils.java:logGet(46)) - raft.server.leaderelection.leader.step-down.wait-time = 10s (default)
2023-02-01 18:45:41,504 [pool-115-thread-1] INFO  server.RaftServerConfigKeys (ConfUtils.java:logGet(46)) - raft.server.sleep.deviation.threshold = 300ms (default)
2023-02-01 18:45:41,504 [pool-115-thread-1] INFO  server.RaftServer$Division (ServerState.java:<init>(118)) - 5a2bde7b-6aad-464a-b794-b1a97ffa6b25@group-1221F31516E9: ConfigurationManager, init=-1: peers:[5a2bde7b-6aad-464a-b794-b1a97ffa6b25|rpc:10.1.0.29:37273|dataStream:10.1.0.29:40949|priority:1|startupRole:FOLLOWER]|listeners:[], old=null, confs=<EMPTY_MAP>
2023-02-01 18:45:41,504 [pool-115-thread-1] INFO  server.RaftServerConfigKeys (ConfUtils.java:logGet(46)) - raft.server.storage.dir = [/home/runner/work/ozone/ozone/hadoop-ozone/integration-test/target/test-dir/MiniOzoneClusterImpl-64158d22-d035-436d-bfd1-97d6094c143d/datanode-2/data/ratis] (custom)
2023-02-01 18:45:41,505 [pool-115-thread-1] INFO  server.RaftServerConfigKeys (ConfUtils.java:logGet(46)) - raft.server.log.corruption.policy = EXCEPTION (default)
2023-02-01 18:45:41,505 [pool-115-thread-1] INFO  server.RaftServerConfigKeys (ConfUtils.java:logGet(46)) - raft.server.storage.free-space.min = 0MB (=0) (default)
2023-02-01 18:45:41,505 [pool-115-thread-1] INFO  server.RaftServerConfigKeys (ConfUtils.java:logGet(46)) - raft.server.notification.no-leader.timeout = 300s (custom)
2023-02-01 18:45:41,505 [pool-115-thread-1] INFO  server.RaftServerConfigKeys (ConfUtils.java:logGet(46)) - raft.server.retrycache.expirytime = 600000ms (custom)
2023-02-01 18:45:41,505 [pool-115-thread-1] INFO  server.RaftServerConfigKeys (ConfUtils.java:logGet(46)) - raft.server.retrycache.statistics.expirytime = 100μs (default)
2023-02-01 18:45:41,510 [pool-115-thread-1] INFO  server.RaftServerConfigKeys (ConfUtils.java:logGet(46)) - raft.server.log.appender.install.snapshot.enabled = false (custom)
2023-02-01 18:45:41,510 [pool-115-thread-1] INFO  server.RaftServerConfigKeys (ConfUtils.java:logGet(46)) - raft.server.threadpool.server.cached = true (default)
2023-02-01 18:45:41,510 [pool-115-thread-1] INFO  server.RaftServerConfigKeys (ConfUtils.java:logGet(46)) - raft.server.threadpool.server.size = 0 (default)
2023-02-01 18:45:41,511 [pool-115-thread-1] INFO  server.RaftServerConfigKeys (ConfUtils.java:logGet(46)) - raft.server.threadpool.client.cached = true (default)
2023-02-01 18:45:41,511 [pool-115-thread-1] INFO  server.RaftServerConfigKeys (ConfUtils.java:logGet(46)) - raft.server.threadpool.client.size = 0 (default)
2023-02-01 18:45:41,511 [pool-115-thread-1] INFO  storage.RaftStorageDirectory (RaftStorageDirectoryImpl.java:analyzeStorage(137)) - The storage directory /home/runner/work/ozone/ozone/hadoop-ozone/integration-test/target/test-dir/MiniOzoneClusterImpl-64158d22-d035-436d-bfd1-97d6094c143d/datanode-2/data/ratis/99d90a8f-c94b-4ee4-9401-1221f31516e9 does not exist. Creating ...
2023-02-01 18:45:41,513 [pool-115-thread-1] INFO  storage.RaftStorageDirectory (RaftStorageDirectoryImpl.java:tryLock(231)) - Lock on /home/runner/work/ozone/ozone/hadoop-ozone/integration-test/target/test-dir/MiniOzoneClusterImpl-64158d22-d035-436d-bfd1-97d6094c143d/datanode-2/data/ratis/99d90a8f-c94b-4ee4-9401-1221f31516e9/in_use.lock acquired by nodename 48019@fv-az985-588
2023-02-01 18:45:41,515 [pool-115-thread-1] INFO  storage.RaftStorage (RaftStorageImpl.java:format(96)) - Storage directory /home/runner/work/ozone/ozone/hadoop-ozone/integration-test/target/test-dir/MiniOzoneClusterImpl-64158d22-d035-436d-bfd1-97d6094c143d/datanode-2/data/ratis/99d90a8f-c94b-4ee4-9401-1221f31516e9 has been successfully formatted.
2023-02-01 18:45:41,520 [pool-115-thread-1] INFO  ratis.ContainerStateMachine (ContainerStateMachine.java:loadSnapshot(240)) - group-1221F31516E9: The snapshot info is null. Setting the last applied indexto:(t:0, i:~)
2023-02-01 18:45:41,523 [pool-115-thread-1] INFO  server.RaftServerConfigKeys (ConfUtils.java:logGet(46)) - raft.server.log.use.memory = false (default)
2023-02-01 18:45:41,523 [pool-115-thread-1] INFO  server.RaftServerConfigKeys (ConfUtils.java:logGet(46)) - raft.server.log.purge.gap = 1000000 (custom)
2023-02-01 18:45:41,523 [pool-115-thread-1] INFO  server.RaftServerConfigKeys (ConfUtils.java:logGet(46)) - raft.server.log.appender.buffer.byte-limit = 33554432 (custom)
2023-02-01 18:45:41,523 [pool-115-thread-1] INFO  server.RaftServerConfigKeys (ConfUtils.java:logGet(46)) - raft.server.log.statemachine.data.read.timeout = 1000ms (default)
2023-02-01 18:45:41,523 [pool-115-thread-1] INFO  server.RaftServerConfigKeys (ConfUtils.java:logGet(46)) - raft.server.log.purge.preservation.log.num = 0 (default)
2023-02-01 18:45:41,523 | INFO  | SCMAudit | user=runner | ip=10.1.0.29 | op=SEND_HEARTBEAT {datanodeUUID=5a2bde7b-6aad-464a-b794-b1a97ffa6b25, term=-1, command=[]} | ret=SUCCESS |  
2023-02-01 18:45:41,523 [pool-115-thread-1] INFO  server.RaftServerConfigKeys (ConfUtils.java:logGet(46)) - raft.server.log.segment.size.max = 1048576 (custom)
2023-02-01 18:45:41,524 [EventQueue-PipelineReportForPipelineReportHandler] INFO  pipeline.PipelineManagerImpl (PipelineManagerImpl.java:openPipeline(367)) - Pipeline Pipeline[ Id: 99d90a8f-c94b-4ee4-9401-1221f31516e9, Nodes: 5a2bde7b-6aad-464a-b794-b1a97ffa6b25(fv-az985-588.xhnjdmzn5t1uvmusdvupbov25b.phxx.internal.cloudapp.net/10.1.0.29), ReplicationConfig: RATIS/ONE, State:ALLOCATED, leaderId:5a2bde7b-6aad-464a-b794-b1a97ffa6b25, CreationTimestamp2023-02-01T18:45:38.499Z[Etc/UTC]] moved to OPEN state
2023-02-01 18:45:41,524 [pool-115-thread-1] INFO  server.RaftServerConfigKeys (ConfUtils.java:logGet(46)) - raft.server.log.segment.cache.num.max = 2 (custom)
2023-02-01 18:45:41,524 [pool-115-thread-1] INFO  server.RaftServerConfigKeys (ConfUtils.java:logGet(46)) - raft.server.log.segment.cache.size.max = 200MB (=209715200) (default)
2023-02-01 18:45:41,524 [pool-115-thread-1] INFO  segmented.SegmentedRaftLogWorker (SegmentedRaftLogWorker.java:<init>(189)) - new 5a2bde7b-6aad-464a-b794-b1a97ffa6b25@group-1221F31516E9-SegmentedRaftLogWorker for RaftStorageImpl:Storage Directory /home/runner/work/ozone/ozone/hadoop-ozone/integration-test/target/test-dir/MiniOzoneClusterImpl-64158d22-d035-436d-bfd1-97d6094c143d/datanode-2/data/ratis/99d90a8f-c94b-4ee4-9401-1221f31516e9
2023-02-01 18:45:41,524 [pool-115-thread-1] INFO  server.RaftServerConfigKeys (ConfUtils.java:logGet(46)) - raft.server.log.queue.byte-limit = 4294967296 (custom)
2023-02-01 18:45:41,524 [pool-115-thread-1] INFO  server.RaftServerConfigKeys (ConfUtils.java:logGet(46)) - raft.server.log.queue.element-limit = 1024 (custom)
2023-02-01 18:45:41,524 [pool-115-thread-1] INFO  server.RaftServerConfigKeys (ConfUtils.java:logGet(46)) - raft.server.log.segment.size.max = 1048576 (custom)
2023-02-01 18:45:41,524 [pool-115-thread-1] INFO  server.RaftServerConfigKeys (ConfUtils.java:logGet(46)) - raft.server.log.preallocated.size = 16384 (custom)
2023-02-01 18:45:41,524 [pool-115-thread-1] INFO  server.RaftServerConfigKeys (ConfUtils.java:logGet(46)) - raft.server.log.force.sync.num = 128 (default)
2023-02-01 18:45:41,524 [pool-115-thread-1] INFO  server.RaftServerConfigKeys (ConfUtils.java:logGet(46)) - raft.server.log.statemachine.data.sync = true (default)
2023-02-01 18:45:41,524 [pool-115-thread-1] INFO  server.RaftServerConfigKeys (ConfUtils.java:logGet(46)) - raft.server.log.statemachine.data.sync.timeout = 10s (default)
2023-02-01 18:45:41,524 [pool-115-thread-1] INFO  server.RaftServerConfigKeys (ConfUtils.java:logGet(46)) - raft.server.log.statemachine.data.sync.timeout.retry = -1 (default)
2023-02-01 18:45:41,521 [grpc-default-executor-1] INFO  server.RaftServer (RaftServerProxy.java:addNew(96)) - 5a2bde7b-6aad-464a-b794-b1a97ffa6b25: addNew group-517F44EB6A1F:[8e758023-c9f0-4f3e-97a8-668246130508|rpc:10.1.0.29:38211|dataStream:10.1.0.29:41975|priority:0|startupRole:FOLLOWER, 9d11f7a2-de03-4463-8286-a21ff45a32eb|rpc:10.1.0.29:46231|dataStream:10.1.0.29:42455|priority:0|startupRole:FOLLOWER, 5a2bde7b-6aad-464a-b794-b1a97ffa6b25|rpc:10.1.0.29:37273|dataStream:10.1.0.29:40949|priority:1|startupRole:FOLLOWER] returns group-517F44EB6A1F:java.util.concurrent.CompletableFuture@7ce29a19[Not completed]
2023-02-01 18:45:41,524 [EventQueue-OpenPipelineForHealthyPipelineSafeModeRule] INFO  safemode.SCMSafeModeManager (HealthyPipelineSafeModeRule.java:process(137)) - SCM in safe mode. Healthy pipelines reported count is 0, required healthy pipeline reported count is 1
2023-02-01 18:45:41,525 [pool-115-thread-1] INFO  server.RaftServerConfigKeys (ConfUtils.java:logGet(46)) - raft.server.log.write.buffer.size = 1048576 (custom)
2023-02-01 18:45:41,532 [pool-115-thread-1] INFO  server.RaftServerConfigKeys (ConfUtils.java:logGet(46)) - raft.server.log.appender.buffer.byte-limit = 33554432 (custom)
2023-02-01 18:45:41,537 [pool-115-thread-1] INFO  server.RaftServerConfigKeys (ConfUtils.java:logGet(46)) - raft.server.log.unsafe-flush.enabled = false (default)
2023-02-01 18:45:41,537 [pool-115-thread-1] INFO  server.RaftServerConfigKeys (ConfUtils.java:logGet(46)) - raft.server.log.async-flush.enabled = false (default)
2023-02-01 18:45:41,537 [pool-115-thread-1] INFO  server.RaftServerConfigKeys (ConfUtils.java:logGet(46)) - raft.server.log.statemachine.data.caching.enabled = true (custom)
2023-02-01 18:45:41,537 [pool-115-thread-1] INFO  segmented.SegmentedRaftLogWorker (SegmentedRaftLogWorker.java:lambda$new$0(135)) - 5a2bde7b-6aad-464a-b794-b1a97ffa6b25@group-1221F31516E9-SegmentedRaftLogWorker: flushIndex: setUnconditionally 0 -> -1
2023-02-01 18:45:41,537 [pool-115-thread-1] INFO  segmented.SegmentedRaftLogWorker (SegmentedRaftLogWorker.java:lambda$new$0(135)) - 5a2bde7b-6aad-464a-b794-b1a97ffa6b25@group-1221F31516E9-SegmentedRaftLogWorker: safeCacheEvictIndex: setUnconditionally 0 -> -1
2023-02-01 18:45:41,537 [pool-115-thread-1] INFO  server.RaftServer$Division (RaftServerImpl.java:start(334)) - 5a2bde7b-6aad-464a-b794-b1a97ffa6b25@group-1221F31516E9: start as a follower, conf=-1: peers:[5a2bde7b-6aad-464a-b794-b1a97ffa6b25|rpc:10.1.0.29:37273|dataStream:10.1.0.29:40949|priority:1|startupRole:FOLLOWER]|listeners:[], old=null
2023-02-01 18:45:41,538 [pool-115-thread-1] INFO  server.RaftServer$Division (RaftServerImpl.java:setRole(321)) - 5a2bde7b-6aad-464a-b794-b1a97ffa6b25@group-1221F31516E9: changes role from      null to FOLLOWER at term 0 for startAsFollower
2023-02-01 18:45:41,538 [pool-115-thread-1] INFO  impl.RoleInfo (RoleInfo.java:updateAndGet(139)) - 5a2bde7b-6aad-464a-b794-b1a97ffa6b25: start 5a2bde7b-6aad-464a-b794-b1a97ffa6b25@group-1221F31516E9-FollowerState
2023-02-01 18:45:41,538 [pool-115-thread-1] INFO  util.JmxRegister (JmxRegister.java:tryRegister(44)) - Successfully registered JMX Bean with object name Ratis:service=RaftServer,group=group-1221F31516E9,id=5a2bde7b-6aad-464a-b794-b1a97ffa6b25
2023-02-01 18:45:41,538 [pool-115-thread-1] INFO  server.RaftServerConfigKeys (ConfUtils.java:logGet(46)) - raft.server.snapshot.auto.trigger.enabled = true (custom)
2023-02-01 18:45:41,538 [pool-115-thread-1] INFO  server.RaftServerConfigKeys (ConfUtils.java:logGet(46)) - raft.server.snapshot.auto.trigger.threshold = 10000 (custom)
2023-02-01 18:45:41,538 [pool-115-thread-1] INFO  server.RaftServerConfigKeys (ConfUtils.java:logGet(46)) - raft.server.snapshot.retention.file.num = 5 (custom)
2023-02-01 18:45:41,538 [pool-115-thread-1] INFO  server.RaftServerConfigKeys (ConfUtils.java:logGet(46)) - raft.server.log.purge.upto.snapshot.index = false (default)
2023-02-01 18:45:41,539 [5a2bde7b-6aad-464a-b794-b1a97ffa6b25@group-1221F31516E9-FollowerState] INFO  server.RaftServerConfigKeys (ConfUtils.java:logFallback(53)) - raft.server.rpc.first-election.timeout.min = 5s (fallback to raft.server.rpc.timeout.min)
2023-02-01 18:45:41,539 [5a2bde7b-6aad-464a-b794-b1a97ffa6b25@group-1221F31516E9-FollowerState] INFO  server.RaftServerConfigKeys (ConfUtils.java:logFallback(53)) - raft.server.rpc.first-election.timeout.max = 5200ms (fallback to raft.server.rpc.timeout.max)
2023-02-01 18:45:41,539 [Command processor thread] INFO  ratis.XceiverServerRatis (XceiverServerRatis.java:addGroup(806)) - Created group PipelineID=99d90a8f-c94b-4ee4-9401-1221f31516e9
2023-02-01 18:45:41,539 [Command processor thread] INFO  commandhandler.CreatePipelineCommandHandler (CreatePipelineCommandHandler.java:handle(113)) - Created Pipeline RATIS ONE PipelineID=99d90a8f-c94b-4ee4-9401-1221f31516e9.
2023-02-01 18:45:41,540 [Command processor thread] INFO  server.RaftServer (RaftServerProxy.java:addNew(96)) - 5a2bde7b-6aad-464a-b794-b1a97ffa6b25: addNew group-75311C7AE31C:[8e758023-c9f0-4f3e-97a8-668246130508|rpc:10.1.0.29:38211|dataStream:10.1.0.29:41975|priority:1|startupRole:FOLLOWER, 9d11f7a2-de03-4463-8286-a21ff45a32eb|rpc:10.1.0.29:46231|dataStream:10.1.0.29:42455|priority:0|startupRole:FOLLOWER, 5a2bde7b-6aad-464a-b794-b1a97ffa6b25|rpc:10.1.0.29:37273|dataStream:10.1.0.29:40949|priority:0|startupRole:FOLLOWER] returns group-75311C7AE31C:java.util.concurrent.CompletableFuture@4b9fae4c[Not completed]
2023-02-01 18:45:41,543 [pool-115-thread-1] INFO  server.RaftServer$Division (RaftServerImpl.java:<init>(195)) - 5a2bde7b-6aad-464a-b794-b1a97ffa6b25: new RaftServerImpl for group-517F44EB6A1F:[8e758023-c9f0-4f3e-97a8-668246130508|rpc:10.1.0.29:38211|dataStream:10.1.0.29:41975|priority:0|startupRole:FOLLOWER, 9d11f7a2-de03-4463-8286-a21ff45a32eb|rpc:10.1.0.29:46231|dataStream:10.1.0.29:42455|priority:0|startupRole:FOLLOWER, 5a2bde7b-6aad-464a-b794-b1a97ffa6b25|rpc:10.1.0.29:37273|dataStream:10.1.0.29:40949|priority:1|startupRole:FOLLOWER] with ContainerStateMachine:uninitialized
2023-02-01 18:45:41,543 [pool-115-thread-1] INFO  server.RaftServerConfigKeys (ConfUtils.java:logGet(46)) - raft.server.rpc.timeout.min = 5s (custom)
2023-02-01 18:45:41,544 [pool-115-thread-1] INFO  server.RaftServerConfigKeys (ConfUtils.java:logGet(46)) - raft.server.rpc.timeout.max = 5200ms (custom)
2023-02-01 18:45:41,544 [pool-115-thread-1] INFO  server.RaftServerConfigKeys (ConfUtils.java:logGet(46)) - raft.server.rpc.sleep.time = 25ms (default)
2023-02-01 18:45:41,544 [pool-115-thread-1] INFO  server.RaftServerConfigKeys (ConfUtils.java:logGet(46)) - raft.server.rpc.slowness.timeout = 300s (custom)
2023-02-01 18:45:41,544 [pool-115-thread-1] INFO  server.RaftServerConfigKeys (ConfUtils.java:logGet(46)) - raft.server.leaderelection.leader.step-down.wait-time = 10s (default)
2023-02-01 18:45:41,544 [pool-115-thread-1] INFO  server.RaftServerConfigKeys (ConfUtils.java:logGet(46)) - raft.server.sleep.deviation.threshold = 300ms (default)
2023-02-01 18:45:41,544 [pool-115-thread-1] INFO  server.RaftServer$Division (ServerState.java:<init>(118)) - 5a2bde7b-6aad-464a-b794-b1a97ffa6b25@group-517F44EB6A1F: ConfigurationManager, init=-1: peers:[8e758023-c9f0-4f3e-97a8-668246130508|rpc:10.1.0.29:38211|dataStream:10.1.0.29:41975|priority:0|startupRole:FOLLOWER, 9d11f7a2-de03-4463-8286-a21ff45a32eb|rpc:10.1.0.29:46231|dataStream:10.1.0.29:42455|priority:0|startupRole:FOLLOWER, 5a2bde7b-6aad-464a-b794-b1a97ffa6b25|rpc:10.1.0.29:37273|dataStream:10.1.0.29:40949|priority:1|startupRole:FOLLOWER]|listeners:[], old=null, confs=<EMPTY_MAP>
2023-02-01 18:45:41,544 [pool-115-thread-1] INFO  server.RaftServerConfigKeys (ConfUtils.java:logGet(46)) - raft.server.storage.dir = [/home/runner/work/ozone/ozone/hadoop-ozone/integration-test/target/test-dir/MiniOzoneClusterImpl-64158d22-d035-436d-bfd1-97d6094c143d/datanode-2/data/ratis] (custom)
2023-02-01 18:45:41,544 [pool-115-thread-1] INFO  server.RaftServerConfigKeys (ConfUtils.java:logGet(46)) - raft.server.log.corruption.policy = EXCEPTION (default)
2023-02-01 18:45:41,544 [pool-115-thread-1] INFO  server.RaftServerConfigKeys (ConfUtils.java:logGet(46)) - raft.server.storage.free-space.min = 0MB (=0) (default)
2023-02-01 18:45:41,544 [pool-115-thread-1] INFO  server.RaftServerConfigKeys (ConfUtils.java:logGet(46)) - raft.server.notification.no-leader.timeout = 300s (custom)
2023-02-01 18:45:41,544 [pool-115-thread-1] INFO  server.RaftServerConfigKeys (ConfUtils.java:logGet(46)) - raft.server.retrycache.expirytime = 600000ms (custom)
2023-02-01 18:45:41,544 [pool-115-thread-1] INFO  server.RaftServerConfigKeys (ConfUtils.java:logGet(46)) - raft.server.retrycache.statistics.expirytime = 100μs (default)
2023-02-01 18:45:41,545 [pool-115-thread-1] INFO  server.RaftServerConfigKeys (ConfUtils.java:logGet(46)) - raft.server.log.appender.install.snapshot.enabled = false (custom)
2023-02-01 18:45:41,545 [pool-115-thread-1] INFO  server.RaftServerConfigKeys (ConfUtils.java:logGet(46)) - raft.server.threadpool.server.cached = true (default)
2023-02-01 18:45:41,545 [pool-115-thread-1] INFO  server.RaftServerConfigKeys (ConfUtils.java:logGet(46)) - raft.server.threadpool.server.size = 0 (default)
2023-02-01 18:45:41,545 [pool-115-thread-1] INFO  server.RaftServerConfigKeys (ConfUtils.java:logGet(46)) - raft.server.threadpool.client.cached = true (default)
2023-02-01 18:45:41,545 [pool-115-thread-1] INFO  server.RaftServerConfigKeys (ConfUtils.java:logGet(46)) - raft.server.threadpool.client.size = 0 (default)
2023-02-01 18:45:41,547 [pool-115-thread-1] INFO  server.RaftServer$Division (RaftServerImpl.java:<init>(195)) - 5a2bde7b-6aad-464a-b794-b1a97ffa6b25: new RaftServerImpl for group-75311C7AE31C:[8e758023-c9f0-4f3e-97a8-668246130508|rpc:10.1.0.29:38211|dataStream:10.1.0.29:41975|priority:1|startupRole:FOLLOWER, 9d11f7a2-de03-4463-8286-a21ff45a32eb|rpc:10.1.0.29:46231|dataStream:10.1.0.29:42455|priority:0|startupRole:FOLLOWER, 5a2bde7b-6aad-464a-b794-b1a97ffa6b25|rpc:10.1.0.29:37273|dataStream:10.1.0.29:40949|priority:0|startupRole:FOLLOWER] with ContainerStateMachine:uninitialized
2023-02-01 18:45:41,547 [pool-115-thread-1] INFO  server.RaftServerConfigKeys (ConfUtils.java:logGet(46)) - raft.server.rpc.timeout.min = 5s (custom)
2023-02-01 18:45:41,547 [pool-115-thread-1] INFO  server.RaftServerConfigKeys (ConfUtils.java:logGet(46)) - raft.server.rpc.timeout.max = 5200ms (custom)
2023-02-01 18:45:41,547 [pool-115-thread-1] INFO  server.RaftServerConfigKeys (ConfUtils.java:logGet(46)) - raft.server.rpc.sleep.time = 25ms (default)
2023-02-01 18:45:41,547 [pool-115-thread-1] INFO  server.RaftServerConfigKeys (ConfUtils.java:logGet(46)) - raft.server.rpc.slowness.timeout = 300s (custom)
2023-02-01 18:45:41,547 [pool-115-thread-1] INFO  server.RaftServerConfigKeys (ConfUtils.java:logGet(46)) - raft.server.leaderelection.leader.step-down.wait-time = 10s (default)
2023-02-01 18:45:41,547 [pool-115-thread-1] INFO  server.RaftServerConfigKeys (ConfUtils.java:logGet(46)) - raft.server.sleep.deviation.threshold = 300ms (default)
2023-02-01 18:45:41,547 [pool-115-thread-1] INFO  server.RaftServer$Division (ServerState.java:<init>(118)) - 5a2bde7b-6aad-464a-b794-b1a97ffa6b25@group-75311C7AE31C: ConfigurationManager, init=-1: peers:[8e758023-c9f0-4f3e-97a8-668246130508|rpc:10.1.0.29:38211|dataStream:10.1.0.29:41975|priority:1|startupRole:FOLLOWER, 9d11f7a2-de03-4463-8286-a21ff45a32eb|rpc:10.1.0.29:46231|dataStream:10.1.0.29:42455|priority:0|startupRole:FOLLOWER, 5a2bde7b-6aad-464a-b794-b1a97ffa6b25|rpc:10.1.0.29:37273|dataStream:10.1.0.29:40949|priority:0|startupRole:FOLLOWER]|listeners:[], old=null, confs=<EMPTY_MAP>
2023-02-01 18:45:41,547 [pool-115-thread-1] INFO  server.RaftServerConfigKeys (ConfUtils.java:logGet(46)) - raft.server.storage.dir = [/home/runner/work/ozone/ozone/hadoop-ozone/integration-test/target/test-dir/MiniOzoneClusterImpl-64158d22-d035-436d-bfd1-97d6094c143d/datanode-2/data/ratis] (custom)
2023-02-01 18:45:41,547 [pool-115-thread-1] INFO  server.RaftServerConfigKeys (ConfUtils.java:logGet(46)) - raft.server.log.corruption.policy = EXCEPTION (default)
2023-02-01 18:45:41,547 [pool-115-thread-1] INFO  server.RaftServerConfigKeys (ConfUtils.java:logGet(46)) - raft.server.storage.free-space.min = 0MB (=0) (default)
2023-02-01 18:45:41,547 [pool-115-thread-1] INFO  server.RaftServerConfigKeys (ConfUtils.java:logGet(46)) - raft.server.notification.no-leader.timeout = 300s (custom)
2023-02-01 18:45:41,547 [pool-115-thread-1] INFO  server.RaftServerConfigKeys (ConfUtils.java:logGet(46)) - raft.server.retrycache.expirytime = 600000ms (custom)
2023-02-01 18:45:41,550 [pool-115-thread-1] INFO  server.RaftServerConfigKeys (ConfUtils.java:logGet(46)) - raft.server.retrycache.statistics.expirytime = 100μs (default)
2023-02-01 18:45:41,551 [pool-115-thread-1] INFO  server.RaftServerConfigKeys (ConfUtils.java:logGet(46)) - raft.server.log.appender.install.snapshot.enabled = false (custom)
2023-02-01 18:45:41,551 [pool-115-thread-1] INFO  server.RaftServerConfigKeys (ConfUtils.java:logGet(46)) - raft.server.threadpool.server.cached = true (default)
2023-02-01 18:45:41,553 [pool-115-thread-1] INFO  server.RaftServerConfigKeys (ConfUtils.java:logGet(46)) - raft.server.threadpool.server.size = 0 (default)
2023-02-01 18:45:41,553 [pool-115-thread-1] INFO  server.RaftServerConfigKeys (ConfUtils.java:logGet(46)) - raft.server.threadpool.client.cached = true (default)
2023-02-01 18:45:41,553 [pool-115-thread-1] INFO  server.RaftServerConfigKeys (ConfUtils.java:logGet(46)) - raft.server.threadpool.client.size = 0 (default)
2023-02-01 18:45:41,554 [Command processor thread] INFO  commandhandler.CreatePipelineCommandHandler (CreatePipelineCommandHandler.java:handle(113)) - Created Pipeline RATIS THREE PipelineID=8492ae3b-1383-40d8-aada-517f44eb6a1f.
2023-02-01 18:45:41,554 [Command processor thread] INFO  server.RaftServer (RaftServerProxy.java:addNew(96)) - 9d11f7a2-de03-4463-8286-a21ff45a32eb: addNew group-75311C7AE31C:[8e758023-c9f0-4f3e-97a8-668246130508|rpc:10.1.0.29:38211|dataStream:10.1.0.29:41975|priority:1|startupRole:FOLLOWER, 9d11f7a2-de03-4463-8286-a21ff45a32eb|rpc:10.1.0.29:46231|dataStream:10.1.0.29:42455|priority:0|startupRole:FOLLOWER, 5a2bde7b-6aad-464a-b794-b1a97ffa6b25|rpc:10.1.0.29:37273|dataStream:10.1.0.29:40949|priority:0|startupRole:FOLLOWER] returns group-75311C7AE31C:java.util.concurrent.CompletableFuture@51e3a911[Not completed]
2023-02-01 18:45:41,555 [pool-115-thread-1] INFO  storage.RaftStorageDirectory (RaftStorageDirectoryImpl.java:analyzeStorage(137)) - The storage directory /home/runner/work/ozone/ozone/hadoop-ozone/integration-test/target/test-dir/MiniOzoneClusterImpl-64158d22-d035-436d-bfd1-97d6094c143d/datanode-2/data/ratis/8492ae3b-1383-40d8-aada-517f44eb6a1f does not exist. Creating ...
2023-02-01 18:45:41,556 [pool-71-thread-1] INFO  server.RaftServer$Division (RaftServerImpl.java:<init>(195)) - 9d11f7a2-de03-4463-8286-a21ff45a32eb: new RaftServerImpl for group-75311C7AE31C:[8e758023-c9f0-4f3e-97a8-668246130508|rpc:10.1.0.29:38211|dataStream:10.1.0.29:41975|priority:1|startupRole:FOLLOWER, 9d11f7a2-de03-4463-8286-a21ff45a32eb|rpc:10.1.0.29:46231|dataStream:10.1.0.29:42455|priority:0|startupRole:FOLLOWER, 5a2bde7b-6aad-464a-b794-b1a97ffa6b25|rpc:10.1.0.29:37273|dataStream:10.1.0.29:40949|priority:0|startupRole:FOLLOWER] with ContainerStateMachine:uninitialized
2023-02-01 18:45:41,556 [pool-71-thread-1] INFO  server.RaftServerConfigKeys (ConfUtils.java:logGet(46)) - raft.server.rpc.timeout.min = 5s (custom)
2023-02-01 18:45:41,556 [pool-71-thread-1] INFO  server.RaftServerConfigKeys (ConfUtils.java:logGet(46)) - raft.server.rpc.timeout.max = 5200ms (custom)
2023-02-01 18:45:41,556 [pool-71-thread-1] INFO  server.RaftServerConfigKeys (ConfUtils.java:logGet(46)) - raft.server.rpc.sleep.time = 25ms (default)
2023-02-01 18:45:41,556 [pool-71-thread-1] INFO  server.RaftServerConfigKeys (ConfUtils.java:logGet(46)) - raft.server.rpc.slowness.timeout = 300s (custom)
2023-02-01 18:45:41,556 [pool-71-thread-1] INFO  server.RaftServerConfigKeys (ConfUtils.java:logGet(46)) - raft.server.leaderelection.leader.step-down.wait-time = 10s (default)
2023-02-01 18:45:41,556 [pool-71-thread-1] INFO  server.RaftServerConfigKeys (ConfUtils.java:logGet(46)) - raft.server.sleep.deviation.threshold = 300ms (default)
2023-02-01 18:45:41,556 [pool-71-thread-1] INFO  server.RaftServer$Division (ServerState.java:<init>(118)) - 9d11f7a2-de03-4463-8286-a21ff45a32eb@group-75311C7AE31C: ConfigurationManager, init=-1: peers:[8e758023-c9f0-4f3e-97a8-668246130508|rpc:10.1.0.29:38211|dataStream:10.1.0.29:41975|priority:1|startupRole:FOLLOWER, 9d11f7a2-de03-4463-8286-a21ff45a32eb|rpc:10.1.0.29:46231|dataStream:10.1.0.29:42455|priority:0|startupRole:FOLLOWER, 5a2bde7b-6aad-464a-b794-b1a97ffa6b25|rpc:10.1.0.29:37273|dataStream:10.1.0.29:40949|priority:0|startupRole:FOLLOWER]|listeners:[], old=null, confs=<EMPTY_MAP>
2023-02-01 18:45:41,556 [pool-71-thread-1] INFO  server.RaftServerConfigKeys (ConfUtils.java:logGet(46)) - raft.server.storage.dir = [/home/runner/work/ozone/ozone/hadoop-ozone/integration-test/target/test-dir/MiniOzoneClusterImpl-64158d22-d035-436d-bfd1-97d6094c143d/datanode-0/data/ratis] (custom)
2023-02-01 18:45:41,557 [pool-71-thread-1] INFO  server.RaftServerConfigKeys (ConfUtils.java:logGet(46)) - raft.server.log.corruption.policy = EXCEPTION (default)
2023-02-01 18:45:41,557 [pool-71-thread-1] INFO  server.RaftServerConfigKeys (ConfUtils.java:logGet(46)) - raft.server.storage.free-space.min = 0MB (=0) (default)
2023-02-01 18:45:41,557 [pool-71-thread-1] INFO  server.RaftServerConfigKeys (ConfUtils.java:logGet(46)) - raft.server.notification.no-leader.timeout = 300s (custom)
2023-02-01 18:45:41,557 [pool-71-thread-1] INFO  server.RaftServerConfigKeys (ConfUtils.java:logGet(46)) - raft.server.retrycache.expirytime = 600000ms (custom)
2023-02-01 18:45:41,557 [pool-115-thread-1] INFO  storage.RaftStorageDirectory (RaftStorageDirectoryImpl.java:tryLock(231)) - Lock on /home/runner/work/ozone/ozone/hadoop-ozone/integration-test/target/test-dir/MiniOzoneClusterImpl-64158d22-d035-436d-bfd1-97d6094c143d/datanode-2/data/ratis/8492ae3b-1383-40d8-aada-517f44eb6a1f/in_use.lock acquired by nodename 48019@fv-az985-588
2023-02-01 18:45:41,557 [pool-71-thread-1] INFO  server.RaftServerConfigKeys (ConfUtils.java:logGet(46)) - raft.server.retrycache.statistics.expirytime = 100μs (default)
2023-02-01 18:45:41,558 [pool-115-thread-1] INFO  storage.RaftStorage (RaftStorageImpl.java:format(96)) - Storage directory /home/runner/work/ozone/ozone/hadoop-ozone/integration-test/target/test-dir/MiniOzoneClusterImpl-64158d22-d035-436d-bfd1-97d6094c143d/datanode-2/data/ratis/8492ae3b-1383-40d8-aada-517f44eb6a1f has been successfully formatted.
2023-02-01 18:45:41,558 [pool-71-thread-1] INFO  server.RaftServerConfigKeys (ConfUtils.java:logGet(46)) - raft.server.log.appender.install.snapshot.enabled = false (custom)
2023-02-01 18:45:41,559 [pool-71-thread-1] INFO  server.RaftServerConfigKeys (ConfUtils.java:logGet(46)) - raft.server.threadpool.server.cached = true (default)
2023-02-01 18:45:41,559 [pool-71-thread-1] INFO  server.RaftServerConfigKeys (ConfUtils.java:logGet(46)) - raft.server.threadpool.server.size = 0 (default)
2023-02-01 18:45:41,559 [pool-71-thread-1] INFO  server.RaftServerConfigKeys (ConfUtils.java:logGet(46)) - raft.server.threadpool.client.cached = true (default)
2023-02-01 18:45:41,559 [pool-71-thread-1] INFO  server.RaftServerConfigKeys (ConfUtils.java:logGet(46)) - raft.server.threadpool.client.size = 0 (default)
2023-02-01 18:45:41,559 [pool-115-thread-1] INFO  ratis.ContainerStateMachine (ContainerStateMachine.java:loadSnapshot(240)) - group-517F44EB6A1F: The snapshot info is null. Setting the last applied indexto:(t:0, i:~)
2023-02-01 18:45:41,559 [pool-115-thread-1] INFO  server.RaftServerConfigKeys (ConfUtils.java:logGet(46)) - raft.server.log.use.memory = false (default)
2023-02-01 18:45:41,559 [pool-115-thread-1] INFO  server.RaftServerConfigKeys (ConfUtils.java:logGet(46)) - raft.server.log.purge.gap = 1000000 (custom)
2023-02-01 18:45:41,559 [pool-115-thread-1] INFO  server.RaftServerConfigKeys (ConfUtils.java:logGet(46)) - raft.server.log.appender.buffer.byte-limit = 33554432 (custom)
2023-02-01 18:45:41,559 [pool-115-thread-1] INFO  server.RaftServerConfigKeys (ConfUtils.java:logGet(46)) - raft.server.log.statemachine.data.read.timeout = 1000ms (default)
2023-02-01 18:45:41,559 [pool-115-thread-1] INFO  server.RaftServerConfigKeys (ConfUtils.java:logGet(46)) - raft.server.log.purge.preservation.log.num = 0 (default)
2023-02-01 18:45:41,559 [pool-115-thread-1] INFO  server.RaftServerConfigKeys (ConfUtils.java:logGet(46)) - raft.server.log.segment.size.max = 1048576 (custom)
2023-02-01 18:45:41,560 [pool-71-thread-1] INFO  storage.RaftStorageDirectory (RaftStorageDirectoryImpl.java:analyzeStorage(137)) - The storage directory /home/runner/work/ozone/ozone/hadoop-ozone/integration-test/target/test-dir/MiniOzoneClusterImpl-64158d22-d035-436d-bfd1-97d6094c143d/datanode-0/data/ratis/fd302ccb-9366-41e4-93e4-75311c7ae31c does not exist. Creating ...
2023-02-01 18:45:41,560 [pool-115-thread-1] INFO  server.RaftServerConfigKeys (ConfUtils.java:logGet(46)) - raft.server.log.segment.cache.num.max = 2 (custom)
2023-02-01 18:45:41,560 [pool-115-thread-1] INFO  server.RaftServerConfigKeys (ConfUtils.java:logGet(46)) - raft.server.log.segment.cache.size.max = 200MB (=209715200) (default)
2023-02-01 18:45:41,560 [pool-115-thread-1] INFO  segmented.SegmentedRaftLogWorker (SegmentedRaftLogWorker.java:<init>(189)) - new 5a2bde7b-6aad-464a-b794-b1a97ffa6b25@group-517F44EB6A1F-SegmentedRaftLogWorker for RaftStorageImpl:Storage Directory /home/runner/work/ozone/ozone/hadoop-ozone/integration-test/target/test-dir/MiniOzoneClusterImpl-64158d22-d035-436d-bfd1-97d6094c143d/datanode-2/data/ratis/8492ae3b-1383-40d8-aada-517f44eb6a1f
2023-02-01 18:45:41,560 [pool-115-thread-1] INFO  server.RaftServerConfigKeys (ConfUtils.java:logGet(46)) - raft.server.log.queue.byte-limit = 4294967296 (custom)
2023-02-01 18:45:41,560 [pool-115-thread-1] INFO  server.RaftServerConfigKeys (ConfUtils.java:logGet(46)) - raft.server.log.queue.element-limit = 1024 (custom)
2023-02-01 18:45:41,560 [pool-115-thread-1] INFO  server.RaftServerConfigKeys (ConfUtils.java:logGet(46)) - raft.server.log.segment.size.max = 1048576 (custom)
2023-02-01 18:45:41,560 [pool-115-thread-1] INFO  server.RaftServerConfigKeys (ConfUtils.java:logGet(46)) - raft.server.log.preallocated.size = 16384 (custom)
2023-02-01 18:45:41,560 [pool-115-thread-1] INFO  server.RaftServerConfigKeys (ConfUtils.java:logGet(46)) - raft.server.log.force.sync.num = 128 (default)
2023-02-01 18:45:41,561 | INFO  | SCMAudit | user=runner | ip=10.1.0.29 | op=SEND_HEARTBEAT {datanodeUUID=5a2bde7b-6aad-464a-b794-b1a97ffa6b25, term=-1, command=[]} | ret=SUCCESS |  
2023-02-01 18:45:41,561 [pool-115-thread-1] INFO  server.RaftServerConfigKeys (ConfUtils.java:logGet(46)) - raft.server.log.statemachine.data.sync = true (default)
2023-02-01 18:45:41,561 [EventQueue-OpenPipelineForHealthyPipelineSafeModeRule] INFO  safemode.SCMSafeModeManager (HealthyPipelineSafeModeRule.java:process(137)) - SCM in safe mode. Healthy pipelines reported count is 0, required healthy pipeline reported count is 1
2023-02-01 18:45:41,561 [pool-71-thread-1] INFO  storage.RaftStorageDirectory (RaftStorageDirectoryImpl.java:tryLock(231)) - Lock on /home/runner/work/ozone/ozone/hadoop-ozone/integration-test/target/test-dir/MiniOzoneClusterImpl-64158d22-d035-436d-bfd1-97d6094c143d/datanode-0/data/ratis/fd302ccb-9366-41e4-93e4-75311c7ae31c/in_use.lock acquired by nodename 48019@fv-az985-588
2023-02-01 18:45:41,562 [pool-115-thread-1] INFO  server.RaftServerConfigKeys (ConfUtils.java:logGet(46)) - raft.server.log.statemachine.data.sync.timeout = 10s (default)
2023-02-01 18:45:41,562 [pool-115-thread-1] INFO  server.RaftServerConfigKeys (ConfUtils.java:logGet(46)) - raft.server.log.statemachine.data.sync.timeout.retry = -1 (default)
2023-02-01 18:45:41,562 [pool-115-thread-1] INFO  server.RaftServerConfigKeys (ConfUtils.java:logGet(46)) - raft.server.log.write.buffer.size = 1048576 (custom)
2023-02-01 18:45:41,563 [pool-115-thread-1] INFO  server.RaftServerConfigKeys (ConfUtils.java:logGet(46)) - raft.server.log.appender.buffer.byte-limit = 33554432 (custom)
2023-02-01 18:45:41,563 [pool-71-thread-1] INFO  storage.RaftStorage (RaftStorageImpl.java:format(96)) - Storage directory /home/runner/work/ozone/ozone/hadoop-ozone/integration-test/target/test-dir/MiniOzoneClusterImpl-64158d22-d035-436d-bfd1-97d6094c143d/datanode-0/data/ratis/fd302ccb-9366-41e4-93e4-75311c7ae31c has been successfully formatted.
2023-02-01 18:45:41,564 [pool-71-thread-1] INFO  ratis.ContainerStateMachine (ContainerStateMachine.java:loadSnapshot(240)) - group-75311C7AE31C: The snapshot info is null. Setting the last applied indexto:(t:0, i:~)
2023-02-01 18:45:41,564 [pool-71-thread-1] INFO  server.RaftServerConfigKeys (ConfUtils.java:logGet(46)) - raft.server.log.use.memory = false (default)
2023-02-01 18:45:41,564 [pool-71-thread-1] INFO  server.RaftServerConfigKeys (ConfUtils.java:logGet(46)) - raft.server.log.purge.gap = 1000000 (custom)
2023-02-01 18:45:41,564 [pool-71-thread-1] INFO  server.RaftServerConfigKeys (ConfUtils.java:logGet(46)) - raft.server.log.appender.buffer.byte-limit = 33554432 (custom)
2023-02-01 18:45:41,565 [pool-71-thread-1] INFO  server.RaftServerConfigKeys (ConfUtils.java:logGet(46)) - raft.server.log.statemachine.data.read.timeout = 1000ms (default)
2023-02-01 18:45:41,565 [pool-71-thread-1] INFO  server.RaftServerConfigKeys (ConfUtils.java:logGet(46)) - raft.server.log.purge.preservation.log.num = 0 (default)
2023-02-01 18:45:41,565 [pool-71-thread-1] INFO  server.RaftServerConfigKeys (ConfUtils.java:logGet(46)) - raft.server.log.segment.size.max = 1048576 (custom)
2023-02-01 18:45:41,565 [pool-71-thread-1] INFO  server.RaftServerConfigKeys (ConfUtils.java:logGet(46)) - raft.server.log.segment.cache.num.max = 2 (custom)
2023-02-01 18:45:41,565 [pool-71-thread-1] INFO  server.RaftServerConfigKeys (ConfUtils.java:logGet(46)) - raft.server.log.segment.cache.size.max = 200MB (=209715200) (default)
2023-02-01 18:45:41,565 [pool-71-thread-1] INFO  segmented.SegmentedRaftLogWorker (SegmentedRaftLogWorker.java:<init>(189)) - new 9d11f7a2-de03-4463-8286-a21ff45a32eb@group-75311C7AE31C-SegmentedRaftLogWorker for RaftStorageImpl:Storage Directory /home/runner/work/ozone/ozone/hadoop-ozone/integration-test/target/test-dir/MiniOzoneClusterImpl-64158d22-d035-436d-bfd1-97d6094c143d/datanode-0/data/ratis/fd302ccb-9366-41e4-93e4-75311c7ae31c
2023-02-01 18:45:41,565 [pool-71-thread-1] INFO  server.RaftServerConfigKeys (ConfUtils.java:logGet(46)) - raft.server.log.queue.byte-limit = 4294967296 (custom)
2023-02-01 18:45:41,565 [pool-71-thread-1] INFO  server.RaftServerConfigKeys (ConfUtils.java:logGet(46)) - raft.server.log.queue.element-limit = 1024 (custom)
2023-02-01 18:45:41,565 [pool-71-thread-1] INFO  server.RaftServerConfigKeys (ConfUtils.java:logGet(46)) - raft.server.log.segment.size.max = 1048576 (custom)
2023-02-01 18:45:41,565 [pool-71-thread-1] INFO  server.RaftServerConfigKeys (ConfUtils.java:logGet(46)) - raft.server.log.preallocated.size = 16384 (custom)
2023-02-01 18:45:41,565 [pool-71-thread-1] INFO  server.RaftServerConfigKeys (ConfUtils.java:logGet(46)) - raft.server.log.force.sync.num = 128 (default)
2023-02-01 18:45:41,566 [pool-71-thread-1] INFO  server.RaftServerConfigKeys (ConfUtils.java:logGet(46)) - raft.server.log.statemachine.data.sync = true (default)
2023-02-01 18:45:41,566 [pool-71-thread-1] INFO  server.RaftServerConfigKeys (ConfUtils.java:logGet(46)) - raft.server.log.statemachine.data.sync.timeout = 10s (default)
2023-02-01 18:45:41,566 [pool-71-thread-1] INFO  server.RaftServerConfigKeys (ConfUtils.java:logGet(46)) - raft.server.log.statemachine.data.sync.timeout.retry = -1 (default)
2023-02-01 18:45:41,568 [pool-115-thread-1] INFO  server.RaftServerConfigKeys (ConfUtils.java:logGet(46)) - raft.server.log.unsafe-flush.enabled = false (default)
2023-02-01 18:45:41,569 [pool-115-thread-1] INFO  server.RaftServerConfigKeys (ConfUtils.java:logGet(46)) - raft.server.log.async-flush.enabled = false (default)
2023-02-01 18:45:41,569 [pool-115-thread-1] INFO  server.RaftServerConfigKeys (ConfUtils.java:logGet(46)) - raft.server.log.statemachine.data.caching.enabled = true (custom)
2023-02-01 18:45:41,569 [pool-115-thread-1] INFO  segmented.SegmentedRaftLogWorker (SegmentedRaftLogWorker.java:lambda$new$0(135)) - 5a2bde7b-6aad-464a-b794-b1a97ffa6b25@group-517F44EB6A1F-SegmentedRaftLogWorker: flushIndex: setUnconditionally 0 -> -1
2023-02-01 18:45:41,569 [pool-115-thread-1] INFO  segmented.SegmentedRaftLogWorker (SegmentedRaftLogWorker.java:lambda$new$0(135)) - 5a2bde7b-6aad-464a-b794-b1a97ffa6b25@group-517F44EB6A1F-SegmentedRaftLogWorker: safeCacheEvictIndex: setUnconditionally 0 -> -1
2023-02-01 18:45:41,569 [pool-115-thread-1] INFO  server.RaftServer$Division (RaftServerImpl.java:start(334)) - 5a2bde7b-6aad-464a-b794-b1a97ffa6b25@group-517F44EB6A1F: start as a follower, conf=-1: peers:[8e758023-c9f0-4f3e-97a8-668246130508|rpc:10.1.0.29:38211|dataStream:10.1.0.29:41975|priority:0|startupRole:FOLLOWER, 9d11f7a2-de03-4463-8286-a21ff45a32eb|rpc:10.1.0.29:46231|dataStream:10.1.0.29:42455|priority:0|startupRole:FOLLOWER, 5a2bde7b-6aad-464a-b794-b1a97ffa6b25|rpc:10.1.0.29:37273|dataStream:10.1.0.29:40949|priority:1|startupRole:FOLLOWER]|listeners:[], old=null
2023-02-01 18:45:41,569 [pool-115-thread-1] INFO  server.RaftServer$Division (RaftServerImpl.java:setRole(321)) - 5a2bde7b-6aad-464a-b794-b1a97ffa6b25@group-517F44EB6A1F: changes role from      null to FOLLOWER at term 0 for startAsFollower
2023-02-01 18:45:41,569 [pool-115-thread-1] INFO  impl.RoleInfo (RoleInfo.java:updateAndGet(139)) - 5a2bde7b-6aad-464a-b794-b1a97ffa6b25: start 5a2bde7b-6aad-464a-b794-b1a97ffa6b25@group-517F44EB6A1F-FollowerState
2023-02-01 18:45:41,570 | INFO  | SCMAudit | user=runner | ip=10.1.0.29 | op=SEND_HEARTBEAT {datanodeUUID=9d11f7a2-de03-4463-8286-a21ff45a32eb, term=-1, command=[]} | ret=SUCCESS |  
2023-02-01 18:45:41,570 [pool-115-thread-1] INFO  util.JmxRegister (JmxRegister.java:tryRegister(44)) - Successfully registered JMX Bean with object name Ratis:service=RaftServer,group=group-517F44EB6A1F,id=5a2bde7b-6aad-464a-b794-b1a97ffa6b25
2023-02-01 18:45:41,570 [pool-115-thread-1] INFO  server.RaftServerConfigKeys (ConfUtils.java:logGet(46)) - raft.server.snapshot.auto.trigger.enabled = true (custom)
2023-02-01 18:45:41,570 [pool-115-thread-1] INFO  server.RaftServerConfigKeys (ConfUtils.java:logGet(46)) - raft.server.snapshot.auto.trigger.threshold = 10000 (custom)
2023-02-01 18:45:41,570 [pool-115-thread-1] INFO  server.RaftServerConfigKeys (ConfUtils.java:logGet(46)) - raft.server.snapshot.retention.file.num = 5 (custom)
2023-02-01 18:45:41,570 [pool-115-thread-1] INFO  server.RaftServerConfigKeys (ConfUtils.java:logGet(46)) - raft.server.log.purge.upto.snapshot.index = false (default)
2023-02-01 18:45:41,570 [EventQueue-OpenPipelineForHealthyPipelineSafeModeRule] INFO  safemode.SCMSafeModeManager (HealthyPipelineSafeModeRule.java:process(137)) - SCM in safe mode. Healthy pipelines reported count is 0, required healthy pipeline reported count is 1
2023-02-01 18:45:41,580 [pool-115-thread-1] INFO  storage.RaftStorageDirectory (RaftStorageDirectoryImpl.java:analyzeStorage(137)) - The storage directory /home/runner/work/ozone/ozone/hadoop-ozone/integration-test/target/test-dir/MiniOzoneClusterImpl-64158d22-d035-436d-bfd1-97d6094c143d/datanode-2/data/ratis/fd302ccb-9366-41e4-93e4-75311c7ae31c does not exist. Creating ...
2023-02-01 18:45:41,578 [pool-71-thread-1] INFO  server.RaftServerConfigKeys (ConfUtils.java:logGet(46)) - raft.server.log.write.buffer.size = 1048576 (custom)
2023-02-01 18:45:41,571 [5a2bde7b-6aad-464a-b794-b1a97ffa6b25@group-517F44EB6A1F-FollowerState] INFO  server.RaftServerConfigKeys (ConfUtils.java:logFallback(53)) - raft.server.rpc.first-election.timeout.min = 5s (fallback to raft.server.rpc.timeout.min)
2023-02-01 18:45:41,581 [5a2bde7b-6aad-464a-b794-b1a97ffa6b25@group-517F44EB6A1F-FollowerState] INFO  server.RaftServerConfigKeys (ConfUtils.java:logFallback(53)) - raft.server.rpc.first-election.timeout.max = 5200ms (fallback to raft.server.rpc.timeout.max)
2023-02-01 18:45:41,581 [pool-71-thread-1] INFO  server.RaftServerConfigKeys (ConfUtils.java:logGet(46)) - raft.server.log.appender.buffer.byte-limit = 33554432 (custom)
2023-02-01 18:45:41,581 [pool-115-thread-1] INFO  storage.RaftStorageDirectory (RaftStorageDirectoryImpl.java:tryLock(231)) - Lock on /home/runner/work/ozone/ozone/hadoop-ozone/integration-test/target/test-dir/MiniOzoneClusterImpl-64158d22-d035-436d-bfd1-97d6094c143d/datanode-2/data/ratis/fd302ccb-9366-41e4-93e4-75311c7ae31c/in_use.lock acquired by nodename 48019@fv-az985-588
2023-02-01 18:45:41,582 [pool-115-thread-1] INFO  storage.RaftStorage (RaftStorageImpl.java:format(96)) - Storage directory /home/runner/work/ozone/ozone/hadoop-ozone/integration-test/target/test-dir/MiniOzoneClusterImpl-64158d22-d035-436d-bfd1-97d6094c143d/datanode-2/data/ratis/fd302ccb-9366-41e4-93e4-75311c7ae31c has been successfully formatted.
2023-02-01 18:45:41,583 [pool-115-thread-1] INFO  ratis.ContainerStateMachine (ContainerStateMachine.java:loadSnapshot(240)) - group-75311C7AE31C: The snapshot info is null. Setting the last applied indexto:(t:0, i:~)
2023-02-01 18:45:41,583 [pool-115-thread-1] INFO  server.RaftServerConfigKeys (ConfUtils.java:logGet(46)) - raft.server.log.use.memory = false (default)
2023-02-01 18:45:41,583 [pool-115-thread-1] INFO  server.RaftServerConfigKeys (ConfUtils.java:logGet(46)) - raft.server.log.purge.gap = 1000000 (custom)
2023-02-01 18:45:41,583 [pool-115-thread-1] INFO  server.RaftServerConfigKeys (ConfUtils.java:logGet(46)) - raft.server.log.appender.buffer.byte-limit = 33554432 (custom)
2023-02-01 18:45:41,583 [pool-115-thread-1] INFO  server.RaftServerConfigKeys (ConfUtils.java:logGet(46)) - raft.server.log.statemachine.data.read.timeout = 1000ms (default)
2023-02-01 18:45:41,583 [pool-115-thread-1] INFO  server.RaftServerConfigKeys (ConfUtils.java:logGet(46)) - raft.server.log.purge.preservation.log.num = 0 (default)
2023-02-01 18:45:41,583 [pool-115-thread-1] INFO  server.RaftServerConfigKeys (ConfUtils.java:logGet(46)) - raft.server.log.segment.size.max = 1048576 (custom)
2023-02-01 18:45:41,584 [pool-115-thread-1] INFO  server.RaftServerConfigKeys (ConfUtils.java:logGet(46)) - raft.server.log.segment.cache.num.max = 2 (custom)
2023-02-01 18:45:41,584 [pool-115-thread-1] INFO  server.RaftServerConfigKeys (ConfUtils.java:logGet(46)) - raft.server.log.segment.cache.size.max = 200MB (=209715200) (default)
2023-02-01 18:45:41,584 [pool-115-thread-1] INFO  segmented.SegmentedRaftLogWorker (SegmentedRaftLogWorker.java:<init>(189)) - new 5a2bde7b-6aad-464a-b794-b1a97ffa6b25@group-75311C7AE31C-SegmentedRaftLogWorker for RaftStorageImpl:Storage Directory /home/runner/work/ozone/ozone/hadoop-ozone/integration-test/target/test-dir/MiniOzoneClusterImpl-64158d22-d035-436d-bfd1-97d6094c143d/datanode-2/data/ratis/fd302ccb-9366-41e4-93e4-75311c7ae31c
2023-02-01 18:45:41,584 [pool-115-thread-1] INFO  server.RaftServerConfigKeys (ConfUtils.java:logGet(46)) - raft.server.log.queue.byte-limit = 4294967296 (custom)
2023-02-01 18:45:41,584 [pool-115-thread-1] INFO  server.RaftServerConfigKeys (ConfUtils.java:logGet(46)) - raft.server.log.queue.element-limit = 1024 (custom)
2023-02-01 18:45:41,584 [pool-115-thread-1] INFO  server.RaftServerConfigKeys (ConfUtils.java:logGet(46)) - raft.server.log.segment.size.max = 1048576 (custom)
2023-02-01 18:45:41,584 [pool-115-thread-1] INFO  server.RaftServerConfigKeys (ConfUtils.java:logGet(46)) - raft.server.log.preallocated.size = 16384 (custom)
2023-02-01 18:45:41,584 [pool-115-thread-1] INFO  server.RaftServerConfigKeys (ConfUtils.java:logGet(46)) - raft.server.log.force.sync.num = 128 (default)
2023-02-01 18:45:41,584 [pool-115-thread-1] INFO  server.RaftServerConfigKeys (ConfUtils.java:logGet(46)) - raft.server.log.statemachine.data.sync = true (default)
2023-02-01 18:45:41,584 [pool-115-thread-1] INFO  server.RaftServerConfigKeys (ConfUtils.java:logGet(46)) - raft.server.log.statemachine.data.sync.timeout = 10s (default)
2023-02-01 18:45:41,584 [pool-115-thread-1] INFO  server.RaftServerConfigKeys (ConfUtils.java:logGet(46)) - raft.server.log.statemachine.data.sync.timeout.retry = -1 (default)
2023-02-01 18:45:41,585 [pool-115-thread-1] INFO  server.RaftServerConfigKeys (ConfUtils.java:logGet(46)) - raft.server.log.write.buffer.size = 1048576 (custom)
2023-02-01 18:45:41,586 [pool-115-thread-1] INFO  server.RaftServerConfigKeys (ConfUtils.java:logGet(46)) - raft.server.log.appender.buffer.byte-limit = 33554432 (custom)
2023-02-01 18:45:41,593 | INFO  | SCMAudit | user=runner | ip=10.1.0.29 | op=SEND_HEARTBEAT {datanodeUUID=5a2bde7b-6aad-464a-b794-b1a97ffa6b25, term=-1, command=[]} | ret=SUCCESS |  
2023-02-01 18:45:41,592 [pool-115-thread-1] INFO  server.RaftServerConfigKeys (ConfUtils.java:logGet(46)) - raft.server.log.unsafe-flush.enabled = false (default)
2023-02-01 18:45:41,593 [EventQueue-OpenPipelineForHealthyPipelineSafeModeRule] INFO  safemode.SCMSafeModeManager (HealthyPipelineSafeModeRule.java:process(137)) - SCM in safe mode. Healthy pipelines reported count is 0, required healthy pipeline reported count is 1
2023-02-01 18:45:41,596 [pool-115-thread-1] INFO  server.RaftServerConfigKeys (ConfUtils.java:logGet(46)) - raft.server.log.async-flush.enabled = false (default)
2023-02-01 18:45:41,596 [pool-115-thread-1] INFO  server.RaftServerConfigKeys (ConfUtils.java:logGet(46)) - raft.server.log.statemachine.data.caching.enabled = true (custom)
2023-02-01 18:45:41,596 [pool-115-thread-1] INFO  segmented.SegmentedRaftLogWorker (SegmentedRaftLogWorker.java:lambda$new$0(135)) - 5a2bde7b-6aad-464a-b794-b1a97ffa6b25@group-75311C7AE31C-SegmentedRaftLogWorker: flushIndex: setUnconditionally 0 -> -1
2023-02-01 18:45:41,596 [pool-115-thread-1] INFO  segmented.SegmentedRaftLogWorker (SegmentedRaftLogWorker.java:lambda$new$0(135)) - 5a2bde7b-6aad-464a-b794-b1a97ffa6b25@group-75311C7AE31C-SegmentedRaftLogWorker: safeCacheEvictIndex: setUnconditionally 0 -> -1
2023-02-01 18:45:41,592 [pool-71-thread-1] INFO  server.RaftServerConfigKeys (ConfUtils.java:logGet(46)) - raft.server.log.unsafe-flush.enabled = false (default)
2023-02-01 18:45:41,597 [pool-71-thread-1] INFO  server.RaftServerConfigKeys (ConfUtils.java:logGet(46)) - raft.server.log.async-flush.enabled = false (default)
2023-02-01 18:45:41,597 [pool-71-thread-1] INFO  server.RaftServerConfigKeys (ConfUtils.java:logGet(46)) - raft.server.log.statemachine.data.caching.enabled = true (custom)
2023-02-01 18:45:41,597 [pool-71-thread-1] INFO  segmented.SegmentedRaftLogWorker (SegmentedRaftLogWorker.java:lambda$new$0(135)) - 9d11f7a2-de03-4463-8286-a21ff45a32eb@group-75311C7AE31C-SegmentedRaftLogWorker: flushIndex: setUnconditionally 0 -> -1
2023-02-01 18:45:41,597 [pool-71-thread-1] INFO  segmented.SegmentedRaftLogWorker (SegmentedRaftLogWorker.java:lambda$new$0(135)) - 9d11f7a2-de03-4463-8286-a21ff45a32eb@group-75311C7AE31C-SegmentedRaftLogWorker: safeCacheEvictIndex: setUnconditionally 0 -> -1
2023-02-01 18:45:41,599 [pool-115-thread-1] INFO  server.RaftServer$Division (RaftServerImpl.java:start(334)) - 5a2bde7b-6aad-464a-b794-b1a97ffa6b25@group-75311C7AE31C: start as a follower, conf=-1: peers:[8e758023-c9f0-4f3e-97a8-668246130508|rpc:10.1.0.29:38211|dataStream:10.1.0.29:41975|priority:1|startupRole:FOLLOWER, 9d11f7a2-de03-4463-8286-a21ff45a32eb|rpc:10.1.0.29:46231|dataStream:10.1.0.29:42455|priority:0|startupRole:FOLLOWER, 5a2bde7b-6aad-464a-b794-b1a97ffa6b25|rpc:10.1.0.29:37273|dataStream:10.1.0.29:40949|priority:0|startupRole:FOLLOWER]|listeners:[], old=null
2023-02-01 18:45:41,600 [pool-115-thread-1] INFO  server.RaftServer$Division (RaftServerImpl.java:setRole(321)) - 5a2bde7b-6aad-464a-b794-b1a97ffa6b25@group-75311C7AE31C: changes role from      null to FOLLOWER at term 0 for startAsFollower
2023-02-01 18:45:41,605 [pool-115-thread-1] INFO  impl.RoleInfo (RoleInfo.java:updateAndGet(139)) - 5a2bde7b-6aad-464a-b794-b1a97ffa6b25: start 5a2bde7b-6aad-464a-b794-b1a97ffa6b25@group-75311C7AE31C-FollowerState
2023-02-01 18:45:41,605 [pool-71-thread-1] INFO  server.RaftServer$Division (RaftServerImpl.java:start(334)) - 9d11f7a2-de03-4463-8286-a21ff45a32eb@group-75311C7AE31C: start as a follower, conf=-1: peers:[8e758023-c9f0-4f3e-97a8-668246130508|rpc:10.1.0.29:38211|dataStream:10.1.0.29:41975|priority:1|startupRole:FOLLOWER, 9d11f7a2-de03-4463-8286-a21ff45a32eb|rpc:10.1.0.29:46231|dataStream:10.1.0.29:42455|priority:0|startupRole:FOLLOWER, 5a2bde7b-6aad-464a-b794-b1a97ffa6b25|rpc:10.1.0.29:37273|dataStream:10.1.0.29:40949|priority:0|startupRole:FOLLOWER]|listeners:[], old=null
2023-02-01 18:45:41,605 [pool-115-thread-1] INFO  util.JmxRegister (JmxRegister.java:tryRegister(44)) - Successfully registered JMX Bean with object name Ratis:service=RaftServer,group=group-75311C7AE31C,id=5a2bde7b-6aad-464a-b794-b1a97ffa6b25
2023-02-01 18:45:41,608 [pool-71-thread-1] INFO  server.RaftServer$Division (RaftServerImpl.java:setRole(321)) - 9d11f7a2-de03-4463-8286-a21ff45a32eb@group-75311C7AE31C: changes role from      null to FOLLOWER at term 0 for startAsFollower
2023-02-01 18:45:41,608 [pool-115-thread-1] INFO  server.RaftServerConfigKeys (ConfUtils.java:logGet(46)) - raft.server.snapshot.auto.trigger.enabled = true (custom)
2023-02-01 18:45:41,608 [pool-71-thread-1] INFO  impl.RoleInfo (RoleInfo.java:updateAndGet(139)) - 9d11f7a2-de03-4463-8286-a21ff45a32eb: start 9d11f7a2-de03-4463-8286-a21ff45a32eb@group-75311C7AE31C-FollowerState
2023-02-01 18:45:41,608 [pool-115-thread-1] INFO  server.RaftServerConfigKeys (ConfUtils.java:logGet(46)) - raft.server.snapshot.auto.trigger.threshold = 10000 (custom)
2023-02-01 18:45:41,609 [pool-115-thread-1] INFO  server.RaftServerConfigKeys (ConfUtils.java:logGet(46)) - raft.server.snapshot.retention.file.num = 5 (custom)
2023-02-01 18:45:41,609 [pool-115-thread-1] INFO  server.RaftServerConfigKeys (ConfUtils.java:logGet(46)) - raft.server.log.purge.upto.snapshot.index = false (default)
2023-02-01 18:45:41,611 [pool-71-thread-1] INFO  util.JmxRegister (JmxRegister.java:tryRegister(44)) - Successfully registered JMX Bean with object name Ratis:service=RaftServer,group=group-75311C7AE31C,id=9d11f7a2-de03-4463-8286-a21ff45a32eb
2023-02-01 18:45:41,611 [pool-71-thread-1] INFO  server.RaftServerConfigKeys (ConfUtils.java:logGet(46)) - raft.server.snapshot.auto.trigger.enabled = true (custom)
2023-02-01 18:45:41,611 [pool-71-thread-1] INFO  server.RaftServerConfigKeys (ConfUtils.java:logGet(46)) - raft.server.snapshot.auto.trigger.threshold = 10000 (custom)
2023-02-01 18:45:41,611 [pool-71-thread-1] INFO  server.RaftServerConfigKeys (ConfUtils.java:logGet(46)) - raft.server.snapshot.retention.file.num = 5 (custom)
2023-02-01 18:45:41,611 [pool-71-thread-1] INFO  server.RaftServerConfigKeys (ConfUtils.java:logGet(46)) - raft.server.log.purge.upto.snapshot.index = false (default)
2023-02-01 18:45:41,611 [Command processor thread] INFO  ratis.XceiverServerRatis (XceiverServerRatis.java:addGroup(806)) - Created group PipelineID=fd302ccb-9366-41e4-93e4-75311c7ae31c
2023-02-01 18:45:41,613 [9d11f7a2-de03-4463-8286-a21ff45a32eb@group-75311C7AE31C-FollowerState] INFO  server.RaftServerConfigKeys (ConfUtils.java:logFallback(53)) - raft.server.rpc.first-election.timeout.min = 5s (fallback to raft.server.rpc.timeout.min)
2023-02-01 18:45:41,613 [9d11f7a2-de03-4463-8286-a21ff45a32eb@group-75311C7AE31C-FollowerState] INFO  server.RaftServerConfigKeys (ConfUtils.java:logFallback(53)) - raft.server.rpc.first-election.timeout.max = 5200ms (fallback to raft.server.rpc.timeout.max)
2023-02-01 18:45:41,614 [5a2bde7b-6aad-464a-b794-b1a97ffa6b25@group-75311C7AE31C-FollowerState] INFO  server.RaftServerConfigKeys (ConfUtils.java:logFallback(53)) - raft.server.rpc.first-election.timeout.min = 5s (fallback to raft.server.rpc.timeout.min)
2023-02-01 18:45:41,614 [5a2bde7b-6aad-464a-b794-b1a97ffa6b25@group-75311C7AE31C-FollowerState] INFO  server.RaftServerConfigKeys (ConfUtils.java:logFallback(53)) - raft.server.rpc.first-election.timeout.max = 5200ms (fallback to raft.server.rpc.timeout.max)
2023-02-01 18:45:41,623 [Command processor thread] INFO  ratis.XceiverServerRatis (XceiverServerRatis.java:addGroup(806)) - Created group PipelineID=fd302ccb-9366-41e4-93e4-75311c7ae31c
2023-02-01 18:45:41,660 [Command processor thread] INFO  commandhandler.CreatePipelineCommandHandler (CreatePipelineCommandHandler.java:handle(113)) - Created Pipeline RATIS THREE PipelineID=8492ae3b-1383-40d8-aada-517f44eb6a1f.
2023-02-01 18:45:41,660 [Command processor thread] INFO  server.RaftServer (RaftServerProxy.java:addNew(96)) - 8e758023-c9f0-4f3e-97a8-668246130508: addNew group-75311C7AE31C:[8e758023-c9f0-4f3e-97a8-668246130508|rpc:10.1.0.29:38211|dataStream:10.1.0.29:41975|priority:1|startupRole:FOLLOWER, 9d11f7a2-de03-4463-8286-a21ff45a32eb|rpc:10.1.0.29:46231|dataStream:10.1.0.29:42455|priority:0|startupRole:FOLLOWER, 5a2bde7b-6aad-464a-b794-b1a97ffa6b25|rpc:10.1.0.29:37273|dataStream:10.1.0.29:40949|priority:0|startupRole:FOLLOWER] returns group-75311C7AE31C:java.util.concurrent.CompletableFuture@36c5da4a[Not completed]
2023-02-01 18:45:41,662 [pool-93-thread-1] INFO  server.RaftServer$Division (RaftServerImpl.java:<init>(195)) - 8e758023-c9f0-4f3e-97a8-668246130508: new RaftServerImpl for group-75311C7AE31C:[8e758023-c9f0-4f3e-97a8-668246130508|rpc:10.1.0.29:38211|dataStream:10.1.0.29:41975|priority:1|startupRole:FOLLOWER, 9d11f7a2-de03-4463-8286-a21ff45a32eb|rpc:10.1.0.29:46231|dataStream:10.1.0.29:42455|priority:0|startupRole:FOLLOWER, 5a2bde7b-6aad-464a-b794-b1a97ffa6b25|rpc:10.1.0.29:37273|dataStream:10.1.0.29:40949|priority:0|startupRole:FOLLOWER] with ContainerStateMachine:uninitialized
2023-02-01 18:45:41,662 [pool-93-thread-1] INFO  server.RaftServerConfigKeys (ConfUtils.java:logGet(46)) - raft.server.rpc.timeout.min = 5s (custom)
2023-02-01 18:45:41,662 [pool-93-thread-1] INFO  server.RaftServerConfigKeys (ConfUtils.java:logGet(46)) - raft.server.rpc.timeout.max = 5200ms (custom)
2023-02-01 18:45:41,662 [pool-93-thread-1] INFO  server.RaftServerConfigKeys (ConfUtils.java:logGet(46)) - raft.server.rpc.sleep.time = 25ms (default)
2023-02-01 18:45:41,662 [pool-93-thread-1] INFO  server.RaftServerConfigKeys (ConfUtils.java:logGet(46)) - raft.server.rpc.slowness.timeout = 300s (custom)
2023-02-01 18:45:41,662 [pool-93-thread-1] INFO  server.RaftServerConfigKeys (ConfUtils.java:logGet(46)) - raft.server.leaderelection.leader.step-down.wait-time = 10s (default)
2023-02-01 18:45:41,662 [pool-93-thread-1] INFO  server.RaftServerConfigKeys (ConfUtils.java:logGet(46)) - raft.server.sleep.deviation.threshold = 300ms (default)
2023-02-01 18:45:41,662 [pool-93-thread-1] INFO  server.RaftServer$Division (ServerState.java:<init>(118)) - 8e758023-c9f0-4f3e-97a8-668246130508@group-75311C7AE31C: ConfigurationManager, init=-1: peers:[8e758023-c9f0-4f3e-97a8-668246130508|rpc:10.1.0.29:38211|dataStream:10.1.0.29:41975|priority:1|startupRole:FOLLOWER, 9d11f7a2-de03-4463-8286-a21ff45a32eb|rpc:10.1.0.29:46231|dataStream:10.1.0.29:42455|priority:0|startupRole:FOLLOWER, 5a2bde7b-6aad-464a-b794-b1a97ffa6b25|rpc:10.1.0.29:37273|dataStream:10.1.0.29:40949|priority:0|startupRole:FOLLOWER]|listeners:[], old=null, confs=<EMPTY_MAP>
2023-02-01 18:45:41,662 [pool-93-thread-1] INFO  server.RaftServerConfigKeys (ConfUtils.java:logGet(46)) - raft.server.storage.dir = [/home/runner/work/ozone/ozone/hadoop-ozone/integration-test/target/test-dir/MiniOzoneClusterImpl-64158d22-d035-436d-bfd1-97d6094c143d/datanode-1/data/ratis] (custom)
2023-02-01 18:45:41,662 [pool-93-thread-1] INFO  server.RaftServerConfigKeys (ConfUtils.java:logGet(46)) - raft.server.log.corruption.policy = EXCEPTION (default)
2023-02-01 18:45:41,662 [pool-93-thread-1] INFO  server.RaftServerConfigKeys (ConfUtils.java:logGet(46)) - raft.server.storage.free-space.min = 0MB (=0) (default)
2023-02-01 18:45:41,662 [pool-93-thread-1] INFO  server.RaftServerConfigKeys (ConfUtils.java:logGet(46)) - raft.server.notification.no-leader.timeout = 300s (custom)
2023-02-01 18:45:41,662 [pool-93-thread-1] INFO  server.RaftServerConfigKeys (ConfUtils.java:logGet(46)) - raft.server.retrycache.expirytime = 600000ms (custom)
2023-02-01 18:45:41,663 [pool-93-thread-1] INFO  server.RaftServerConfigKeys (ConfUtils.java:logGet(46)) - raft.server.retrycache.statistics.expirytime = 100μs (default)
2023-02-01 18:45:41,663 [pool-93-thread-1] INFO  server.RaftServerConfigKeys (ConfUtils.java:logGet(46)) - raft.server.log.appender.install.snapshot.enabled = false (custom)
2023-02-01 18:45:41,664 [pool-93-thread-1] INFO  server.RaftServerConfigKeys (ConfUtils.java:logGet(46)) - raft.server.threadpool.server.cached = true (default)
2023-02-01 18:45:41,664 [pool-93-thread-1] INFO  server.RaftServerConfigKeys (ConfUtils.java:logGet(46)) - raft.server.threadpool.server.size = 0 (default)
2023-02-01 18:45:41,664 [pool-93-thread-1] INFO  server.RaftServerConfigKeys (ConfUtils.java:logGet(46)) - raft.server.threadpool.client.cached = true (default)
2023-02-01 18:45:41,664 [pool-93-thread-1] INFO  server.RaftServerConfigKeys (ConfUtils.java:logGet(46)) - raft.server.threadpool.client.size = 0 (default)
2023-02-01 18:45:41,664 [pool-93-thread-1] INFO  storage.RaftStorageDirectory (RaftStorageDirectoryImpl.java:analyzeStorage(137)) - The storage directory /home/runner/work/ozone/ozone/hadoop-ozone/integration-test/target/test-dir/MiniOzoneClusterImpl-64158d22-d035-436d-bfd1-97d6094c143d/datanode-1/data/ratis/fd302ccb-9366-41e4-93e4-75311c7ae31c does not exist. Creating ...
2023-02-01 18:45:41,667 [pool-93-thread-1] INFO  storage.RaftStorageDirectory (RaftStorageDirectoryImpl.java:tryLock(231)) - Lock on /home/runner/work/ozone/ozone/hadoop-ozone/integration-test/target/test-dir/MiniOzoneClusterImpl-64158d22-d035-436d-bfd1-97d6094c143d/datanode-1/data/ratis/fd302ccb-9366-41e4-93e4-75311c7ae31c/in_use.lock acquired by nodename 48019@fv-az985-588
2023-02-01 18:45:41,668 [pool-93-thread-1] INFO  storage.RaftStorage (RaftStorageImpl.java:format(96)) - Storage directory /home/runner/work/ozone/ozone/hadoop-ozone/integration-test/target/test-dir/MiniOzoneClusterImpl-64158d22-d035-436d-bfd1-97d6094c143d/datanode-1/data/ratis/fd302ccb-9366-41e4-93e4-75311c7ae31c has been successfully formatted.
2023-02-01 18:45:41,668 [pool-93-thread-1] INFO  ratis.ContainerStateMachine (ContainerStateMachine.java:loadSnapshot(240)) - group-75311C7AE31C: The snapshot info is null. Setting the last applied indexto:(t:0, i:~)
2023-02-01 18:45:41,668 [pool-93-thread-1] INFO  server.RaftServerConfigKeys (ConfUtils.java:logGet(46)) - raft.server.log.use.memory = false (default)
2023-02-01 18:45:41,669 [pool-93-thread-1] INFO  server.RaftServerConfigKeys (ConfUtils.java:logGet(46)) - raft.server.log.purge.gap = 1000000 (custom)
2023-02-01 18:45:41,669 [pool-93-thread-1] INFO  server.RaftServerConfigKeys (ConfUtils.java:logGet(46)) - raft.server.log.appender.buffer.byte-limit = 33554432 (custom)
2023-02-01 18:45:41,669 [pool-93-thread-1] INFO  server.RaftServerConfigKeys (ConfUtils.java:logGet(46)) - raft.server.log.statemachine.data.read.timeout = 1000ms (default)
2023-02-01 18:45:41,669 [pool-93-thread-1] INFO  server.RaftServerConfigKeys (ConfUtils.java:logGet(46)) - raft.server.log.purge.preservation.log.num = 0 (default)
2023-02-01 18:45:41,669 [pool-93-thread-1] INFO  server.RaftServerConfigKeys (ConfUtils.java:logGet(46)) - raft.server.log.segment.size.max = 1048576 (custom)
2023-02-01 18:45:41,669 [pool-93-thread-1] INFO  server.RaftServerConfigKeys (ConfUtils.java:logGet(46)) - raft.server.log.segment.cache.num.max = 2 (custom)
2023-02-01 18:45:41,669 [pool-93-thread-1] INFO  server.RaftServerConfigKeys (ConfUtils.java:logGet(46)) - raft.server.log.segment.cache.size.max = 200MB (=209715200) (default)
2023-02-01 18:45:41,669 [pool-93-thread-1] INFO  segmented.SegmentedRaftLogWorker (SegmentedRaftLogWorker.java:<init>(189)) - new 8e758023-c9f0-4f3e-97a8-668246130508@group-75311C7AE31C-SegmentedRaftLogWorker for RaftStorageImpl:Storage Directory /home/runner/work/ozone/ozone/hadoop-ozone/integration-test/target/test-dir/MiniOzoneClusterImpl-64158d22-d035-436d-bfd1-97d6094c143d/datanode-1/data/ratis/fd302ccb-9366-41e4-93e4-75311c7ae31c
2023-02-01 18:45:41,669 [pool-93-thread-1] INFO  server.RaftServerConfigKeys (ConfUtils.java:logGet(46)) - raft.server.log.queue.byte-limit = 4294967296 (custom)
2023-02-01 18:45:41,673 [pool-93-thread-1] INFO  server.RaftServerConfigKeys (ConfUtils.java:logGet(46)) - raft.server.log.queue.element-limit = 1024 (custom)
2023-02-01 18:45:41,673 [pool-93-thread-1] INFO  server.RaftServerConfigKeys (ConfUtils.java:logGet(46)) - raft.server.log.segment.size.max = 1048576 (custom)
2023-02-01 18:45:41,673 [pool-93-thread-1] INFO  server.RaftServerConfigKeys (ConfUtils.java:logGet(46)) - raft.server.log.preallocated.size = 16384 (custom)
2023-02-01 18:45:41,673 [pool-93-thread-1] INFO  server.RaftServerConfigKeys (ConfUtils.java:logGet(46)) - raft.server.log.force.sync.num = 128 (default)
2023-02-01 18:45:41,673 [pool-93-thread-1] INFO  server.RaftServerConfigKeys (ConfUtils.java:logGet(46)) - raft.server.log.statemachine.data.sync = true (default)
2023-02-01 18:45:41,673 [pool-93-thread-1] INFO  server.RaftServerConfigKeys (ConfUtils.java:logGet(46)) - raft.server.log.statemachine.data.sync.timeout = 10s (default)
2023-02-01 18:45:41,673 [pool-93-thread-1] INFO  server.RaftServerConfigKeys (ConfUtils.java:logGet(46)) - raft.server.log.statemachine.data.sync.timeout.retry = -1 (default)
2023-02-01 18:45:41,674 [pool-93-thread-1] INFO  server.RaftServerConfigKeys (ConfUtils.java:logGet(46)) - raft.server.log.write.buffer.size = 1048576 (custom)
2023-02-01 18:45:41,674 | INFO  | SCMAudit | user=runner | ip=10.1.0.29 | op=SEND_HEARTBEAT {datanodeUUID=8e758023-c9f0-4f3e-97a8-668246130508, term=-1, command=[]} | ret=SUCCESS |  
2023-02-01 18:45:41,674 [EventQueue-OpenPipelineForHealthyPipelineSafeModeRule] INFO  safemode.SCMSafeModeManager (HealthyPipelineSafeModeRule.java:process(137)) - SCM in safe mode. Healthy pipelines reported count is 0, required healthy pipeline reported count is 1
2023-02-01 18:45:41,675 [pool-93-thread-1] INFO  server.RaftServerConfigKeys (ConfUtils.java:logGet(46)) - raft.server.log.appender.buffer.byte-limit = 33554432 (custom)
2023-02-01 18:45:41,684 [pool-93-thread-1] INFO  server.RaftServerConfigKeys (ConfUtils.java:logGet(46)) - raft.server.log.unsafe-flush.enabled = false (default)
2023-02-01 18:45:41,684 [pool-93-thread-1] INFO  server.RaftServerConfigKeys (ConfUtils.java:logGet(46)) - raft.server.log.async-flush.enabled = false (default)
2023-02-01 18:45:41,684 [pool-93-thread-1] INFO  server.RaftServerConfigKeys (ConfUtils.java:logGet(46)) - raft.server.log.statemachine.data.caching.enabled = true (custom)
2023-02-01 18:45:41,684 [pool-93-thread-1] INFO  segmented.SegmentedRaftLogWorker (SegmentedRaftLogWorker.java:lambda$new$0(135)) - 8e758023-c9f0-4f3e-97a8-668246130508@group-75311C7AE31C-SegmentedRaftLogWorker: flushIndex: setUnconditionally 0 -> -1
2023-02-01 18:45:41,684 [pool-93-thread-1] INFO  segmented.SegmentedRaftLogWorker (SegmentedRaftLogWorker.java:lambda$new$0(135)) - 8e758023-c9f0-4f3e-97a8-668246130508@group-75311C7AE31C-SegmentedRaftLogWorker: safeCacheEvictIndex: setUnconditionally 0 -> -1
2023-02-01 18:45:41,687 [pool-93-thread-1] INFO  server.RaftServer$Division (RaftServerImpl.java:start(334)) - 8e758023-c9f0-4f3e-97a8-668246130508@group-75311C7AE31C: start as a follower, conf=-1: peers:[8e758023-c9f0-4f3e-97a8-668246130508|rpc:10.1.0.29:38211|dataStream:10.1.0.29:41975|priority:1|startupRole:FOLLOWER, 9d11f7a2-de03-4463-8286-a21ff45a32eb|rpc:10.1.0.29:46231|dataStream:10.1.0.29:42455|priority:0|startupRole:FOLLOWER, 5a2bde7b-6aad-464a-b794-b1a97ffa6b25|rpc:10.1.0.29:37273|dataStream:10.1.0.29:40949|priority:0|startupRole:FOLLOWER]|listeners:[], old=null
2023-02-01 18:45:41,687 [pool-93-thread-1] INFO  server.RaftServer$Division (RaftServerImpl.java:setRole(321)) - 8e758023-c9f0-4f3e-97a8-668246130508@group-75311C7AE31C: changes role from      null to FOLLOWER at term 0 for startAsFollower
2023-02-01 18:45:41,687 [pool-93-thread-1] INFO  impl.RoleInfo (RoleInfo.java:updateAndGet(139)) - 8e758023-c9f0-4f3e-97a8-668246130508: start 8e758023-c9f0-4f3e-97a8-668246130508@group-75311C7AE31C-FollowerState
2023-02-01 18:45:41,692 [pool-93-thread-1] INFO  util.JmxRegister (JmxRegister.java:tryRegister(44)) - Successfully registered JMX Bean with object name Ratis:service=RaftServer,group=group-75311C7AE31C,id=8e758023-c9f0-4f3e-97a8-668246130508
2023-02-01 18:45:41,692 [pool-93-thread-1] INFO  server.RaftServerConfigKeys (ConfUtils.java:logGet(46)) - raft.server.snapshot.auto.trigger.enabled = true (custom)
2023-02-01 18:45:41,692 [pool-93-thread-1] INFO  server.RaftServerConfigKeys (ConfUtils.java:logGet(46)) - raft.server.snapshot.auto.trigger.threshold = 10000 (custom)
2023-02-01 18:45:41,693 [pool-93-thread-1] INFO  server.RaftServerConfigKeys (ConfUtils.java:logGet(46)) - raft.server.snapshot.retention.file.num = 5 (custom)
2023-02-01 18:45:41,693 [pool-93-thread-1] INFO  server.RaftServerConfigKeys (ConfUtils.java:logGet(46)) - raft.server.log.purge.upto.snapshot.index = false (default)
2023-02-01 18:45:41,693 [8e758023-c9f0-4f3e-97a8-668246130508@group-75311C7AE31C-FollowerState] INFO  server.RaftServerConfigKeys (ConfUtils.java:logFallback(53)) - raft.server.rpc.first-election.timeout.min = 5s (fallback to raft.server.rpc.timeout.min)
2023-02-01 18:45:41,694 [Command processor thread] INFO  ratis.XceiverServerRatis (XceiverServerRatis.java:addGroup(806)) - Created group PipelineID=fd302ccb-9366-41e4-93e4-75311c7ae31c
2023-02-01 18:45:41,704 [8e758023-c9f0-4f3e-97a8-668246130508@group-75311C7AE31C-FollowerState] INFO  server.RaftServerConfigKeys (ConfUtils.java:logFallback(53)) - raft.server.rpc.first-election.timeout.max = 5200ms (fallback to raft.server.rpc.timeout.max)
2023-02-01 18:45:41,748 [Command processor thread] INFO  commandhandler.CreatePipelineCommandHandler (CreatePipelineCommandHandler.java:handle(113)) - Created Pipeline RATIS THREE PipelineID=fd302ccb-9366-41e4-93e4-75311c7ae31c.
2023-02-01 18:45:41,772 [Command processor thread] INFO  commandhandler.CreatePipelineCommandHandler (CreatePipelineCommandHandler.java:handle(113)) - Created Pipeline RATIS THREE PipelineID=fd302ccb-9366-41e4-93e4-75311c7ae31c.
2023-02-01 18:45:41,779 [Command processor thread] INFO  commandhandler.CreatePipelineCommandHandler (CreatePipelineCommandHandler.java:handle(113)) - Created Pipeline RATIS THREE PipelineID=fd302ccb-9366-41e4-93e4-75311c7ae31c.
2023-02-01 18:45:42,485 [Listener at 127.0.0.1/39701] INFO  ozone.MiniOzoneClusterImpl (MiniOzoneClusterImpl.java:lambda$waitForClusterToBeReady$0(218)) - Nodes are ready. Got 3 of 3 DN Heartbeats.
2023-02-01 18:45:42,485 [Listener at 127.0.0.1/39701] INFO  ozone.MiniOzoneClusterImpl (MiniOzoneClusterImpl.java:lambda$waitForClusterToBeReady$0(221)) - Waiting for cluster to exit safe mode
2023-02-01 18:45:42,485 [Listener at 127.0.0.1/39701] INFO  ozone.MiniOzoneClusterImpl (MiniOzoneClusterImpl.java:lambda$waitForClusterToBeReady$0(223)) - SCM became leader
2023-02-01 18:45:42,566 | INFO  | SCMAudit | user=runner | ip=10.1.0.29 | op=SEND_HEARTBEAT {datanodeUUID=9d11f7a2-de03-4463-8286-a21ff45a32eb, term=-1, command=[]} | ret=SUCCESS |  
2023-02-01 18:45:42,585 | INFO  | SCMAudit | user=runner | ip=10.1.0.29 | op=SEND_HEARTBEAT {datanodeUUID=5a2bde7b-6aad-464a-b794-b1a97ffa6b25, term=-1, command=[]} | ret=SUCCESS |  
2023-02-01 18:45:42,669 | INFO  | SCMAudit | user=runner | ip=10.1.0.29 | op=SEND_HEARTBEAT {datanodeUUID=8e758023-c9f0-4f3e-97a8-668246130508, term=-1, command=[]} | ret=SUCCESS |  
2023-02-01 18:45:43,485 [Listener at 127.0.0.1/39701] INFO  ozone.MiniOzoneClusterImpl (MiniOzoneClusterImpl.java:lambda$waitForClusterToBeReady$0(218)) - Nodes are ready. Got 3 of 3 DN Heartbeats.
2023-02-01 18:45:43,486 [Listener at 127.0.0.1/39701] INFO  ozone.MiniOzoneClusterImpl (MiniOzoneClusterImpl.java:lambda$waitForClusterToBeReady$0(221)) - Waiting for cluster to exit safe mode
2023-02-01 18:45:43,486 [Listener at 127.0.0.1/39701] INFO  ozone.MiniOzoneClusterImpl (MiniOzoneClusterImpl.java:lambda$waitForClusterToBeReady$0(223)) - SCM became leader
2023-02-01 18:45:43,566 | INFO  | SCMAudit | user=runner | ip=10.1.0.29 | op=SEND_HEARTBEAT {datanodeUUID=9d11f7a2-de03-4463-8286-a21ff45a32eb, term=-1, command=[]} | ret=SUCCESS |  
2023-02-01 18:45:43,587 | INFO  | SCMAudit | user=runner | ip=10.1.0.29 | op=SEND_HEARTBEAT {datanodeUUID=5a2bde7b-6aad-464a-b794-b1a97ffa6b25, term=-1, command=[]} | ret=SUCCESS |  
2023-02-01 18:45:43,670 | INFO  | SCMAudit | user=runner | ip=10.1.0.29 | op=SEND_HEARTBEAT {datanodeUUID=8e758023-c9f0-4f3e-97a8-668246130508, term=-1, command=[]} | ret=SUCCESS |  
2023-02-01 18:45:44,486 [Listener at 127.0.0.1/39701] INFO  ozone.MiniOzoneClusterImpl (MiniOzoneClusterImpl.java:lambda$waitForClusterToBeReady$0(218)) - Nodes are ready. Got 3 of 3 DN Heartbeats.
2023-02-01 18:45:44,486 [Listener at 127.0.0.1/39701] INFO  ozone.MiniOzoneClusterImpl (MiniOzoneClusterImpl.java:lambda$waitForClusterToBeReady$0(221)) - Waiting for cluster to exit safe mode
2023-02-01 18:45:44,486 [Listener at 127.0.0.1/39701] INFO  ozone.MiniOzoneClusterImpl (MiniOzoneClusterImpl.java:lambda$waitForClusterToBeReady$0(223)) - SCM became leader
2023-02-01 18:45:44,566 | INFO  | SCMAudit | user=runner | ip=10.1.0.29 | op=SEND_HEARTBEAT {datanodeUUID=9d11f7a2-de03-4463-8286-a21ff45a32eb, term=-1, command=[]} | ret=SUCCESS |  
2023-02-01 18:45:44,585 | INFO  | SCMAudit | user=runner | ip=10.1.0.29 | op=SEND_HEARTBEAT {datanodeUUID=5a2bde7b-6aad-464a-b794-b1a97ffa6b25, term=-1, command=[]} | ret=SUCCESS |  
2023-02-01 18:45:44,670 | INFO  | SCMAudit | user=runner | ip=10.1.0.29 | op=SEND_HEARTBEAT {datanodeUUID=8e758023-c9f0-4f3e-97a8-668246130508, term=-1, command=[]} | ret=SUCCESS |  
2023-02-01 18:45:45,486 [Listener at 127.0.0.1/39701] INFO  ozone.MiniOzoneClusterImpl (MiniOzoneClusterImpl.java:lambda$waitForClusterToBeReady$0(218)) - Nodes are ready. Got 3 of 3 DN Heartbeats.
2023-02-01 18:45:45,487 [Listener at 127.0.0.1/39701] INFO  ozone.MiniOzoneClusterImpl (MiniOzoneClusterImpl.java:lambda$waitForClusterToBeReady$0(221)) - Waiting for cluster to exit safe mode
2023-02-01 18:45:45,487 [Listener at 127.0.0.1/39701] INFO  ozone.MiniOzoneClusterImpl (MiniOzoneClusterImpl.java:lambda$waitForClusterToBeReady$0(223)) - SCM became leader
2023-02-01 18:45:45,566 | INFO  | SCMAudit | user=runner | ip=10.1.0.29 | op=SEND_HEARTBEAT {datanodeUUID=9d11f7a2-de03-4463-8286-a21ff45a32eb, term=-1, command=[]} | ret=SUCCESS |  
2023-02-01 18:45:45,585 | INFO  | SCMAudit | user=runner | ip=10.1.0.29 | op=SEND_HEARTBEAT {datanodeUUID=5a2bde7b-6aad-464a-b794-b1a97ffa6b25, term=-1, command=[]} | ret=SUCCESS |  
2023-02-01 18:45:45,670 | INFO  | SCMAudit | user=runner | ip=10.1.0.29 | op=SEND_HEARTBEAT {datanodeUUID=8e758023-c9f0-4f3e-97a8-668246130508, term=-1, command=[]} | ret=SUCCESS |  
2023-02-01 18:45:45,725 [9d11f7a2-de03-4463-8286-a21ff45a32eb@group-3D04B2CF7A0C-FollowerState] INFO  impl.FollowerState (FollowerState.java:run(143)) - 9d11f7a2-de03-4463-8286-a21ff45a32eb@group-3D04B2CF7A0C-FollowerState: change to CANDIDATE, lastRpcElapsedTime:5092466088ns, electionTimeout:5091ms
2023-02-01 18:45:45,725 [9d11f7a2-de03-4463-8286-a21ff45a32eb@group-3D04B2CF7A0C-FollowerState] INFO  impl.RoleInfo (RoleInfo.java:shutdownFollowerState(110)) - 9d11f7a2-de03-4463-8286-a21ff45a32eb: shutdown 9d11f7a2-de03-4463-8286-a21ff45a32eb@group-3D04B2CF7A0C-FollowerState
2023-02-01 18:45:45,725 [9d11f7a2-de03-4463-8286-a21ff45a32eb@group-3D04B2CF7A0C-FollowerState] INFO  server.RaftServer$Division (RaftServerImpl.java:setRole(321)) - 9d11f7a2-de03-4463-8286-a21ff45a32eb@group-3D04B2CF7A0C: changes role from  FOLLOWER to CANDIDATE at term 0 for changeToCandidate
2023-02-01 18:45:45,725 [9d11f7a2-de03-4463-8286-a21ff45a32eb@group-3D04B2CF7A0C-FollowerState] INFO  server.RaftServerConfigKeys (ConfUtils.java:logGet(46)) - raft.server.leaderelection.pre-vote = false (custom)
2023-02-01 18:45:45,725 [9d11f7a2-de03-4463-8286-a21ff45a32eb@group-3D04B2CF7A0C-FollowerState] INFO  impl.RoleInfo (RoleInfo.java:updateAndGet(139)) - 9d11f7a2-de03-4463-8286-a21ff45a32eb: start 9d11f7a2-de03-4463-8286-a21ff45a32eb@group-3D04B2CF7A0C-LeaderElection2
2023-02-01 18:45:45,728 [9d11f7a2-de03-4463-8286-a21ff45a32eb@group-3D04B2CF7A0C-LeaderElection2] INFO  impl.LeaderElection (LeaderElection.java:askForVotes(312)) - 9d11f7a2-de03-4463-8286-a21ff45a32eb@group-3D04B2CF7A0C-LeaderElection2 ELECTION round 0: submit vote requests at term 1 for -1: peers:[9d11f7a2-de03-4463-8286-a21ff45a32eb|rpc:10.1.0.29:46231|dataStream:10.1.0.29:42455|priority:1|startupRole:FOLLOWER]|listeners:[], old=null
2023-02-01 18:45:45,728 [9d11f7a2-de03-4463-8286-a21ff45a32eb@group-3D04B2CF7A0C-LeaderElection2] INFO  impl.LeaderElection (LeaderElection.java:askForVotes(314)) - 9d11f7a2-de03-4463-8286-a21ff45a32eb@group-3D04B2CF7A0C-LeaderElection2 ELECTION round 0: result PASSED (term=1)
2023-02-01 18:45:45,728 [9d11f7a2-de03-4463-8286-a21ff45a32eb@group-3D04B2CF7A0C-LeaderElection2] INFO  impl.RoleInfo (RoleInfo.java:shutdownLeaderElection(130)) - 9d11f7a2-de03-4463-8286-a21ff45a32eb: shutdown 9d11f7a2-de03-4463-8286-a21ff45a32eb@group-3D04B2CF7A0C-LeaderElection2
2023-02-01 18:45:45,728 [9d11f7a2-de03-4463-8286-a21ff45a32eb@group-3D04B2CF7A0C-LeaderElection2] INFO  server.RaftServer$Division (RaftServerImpl.java:setRole(321)) - 9d11f7a2-de03-4463-8286-a21ff45a32eb@group-3D04B2CF7A0C: changes role from CANDIDATE to LEADER at term 1 for changeToLeader
2023-02-01 18:45:45,731 [9d11f7a2-de03-4463-8286-a21ff45a32eb@group-3D04B2CF7A0C-LeaderElection2] INFO  ratis.XceiverServerRatis (XceiverServerRatis.java:handleLeaderChangedNotification(904)) - Leader change notification received for group: group-3D04B2CF7A0C with new leaderId: 9d11f7a2-de03-4463-8286-a21ff45a32eb
2023-02-01 18:45:45,734 | INFO  | SCMAudit | user=runner | ip=10.1.0.29 | op=SEND_HEARTBEAT {datanodeUUID=9d11f7a2-de03-4463-8286-a21ff45a32eb, term=-1, command=[]} | ret=SUCCESS |  
2023-02-01 18:45:45,735 [EventQueue-OpenPipelineForHealthyPipelineSafeModeRule] INFO  safemode.SCMSafeModeManager (HealthyPipelineSafeModeRule.java:process(137)) - SCM in safe mode. Healthy pipelines reported count is 0, required healthy pipeline reported count is 1
2023-02-01 18:45:45,735 [9d11f7a2-de03-4463-8286-a21ff45a32eb@group-3D04B2CF7A0C-LeaderElection2] INFO  server.RaftServer$Division (ServerState.java:setLeader(313)) - 9d11f7a2-de03-4463-8286-a21ff45a32eb@group-3D04B2CF7A0C: change Leader from null to 9d11f7a2-de03-4463-8286-a21ff45a32eb at term 1 for becomeLeader, leader elected after 5119ms
2023-02-01 18:45:45,735 [9d11f7a2-de03-4463-8286-a21ff45a32eb@group-3D04B2CF7A0C-LeaderElection2] INFO  server.RaftServerConfigKeys (ConfUtils.java:logGet(46)) - raft.server.staging.catchup.gap = 1000 (default)
2023-02-01 18:45:45,736 [9d11f7a2-de03-4463-8286-a21ff45a32eb@group-3D04B2CF7A0C-LeaderElection2] INFO  server.RaftServerConfigKeys (ConfUtils.java:logGet(46)) - raft.server.write.element-limit = 1024 (custom)
2023-02-01 18:45:45,736 [9d11f7a2-de03-4463-8286-a21ff45a32eb@group-3D04B2CF7A0C-LeaderElection2] INFO  server.RaftServerConfigKeys (ConfUtils.java:logGet(46)) - raft.server.write.byte-limit = 1024 M (=1073741824) (custom)
2023-02-01 18:45:45,736 [9d11f7a2-de03-4463-8286-a21ff45a32eb@group-3D04B2CF7A0C-LeaderElection2] INFO  server.RaftServerConfigKeys (ConfUtils.java:logGet(46)) - raft.server.watch.timeout = 180s (custom)
2023-02-01 18:45:45,736 [9d11f7a2-de03-4463-8286-a21ff45a32eb@group-3D04B2CF7A0C-LeaderElection2] INFO  server.RaftServerConfigKeys (ConfUtils.java:logGet(46)) - raft.server.watch.timeout.denomination = 1s (default)
2023-02-01 18:45:45,736 [9d11f7a2-de03-4463-8286-a21ff45a32eb@group-3D04B2CF7A0C-LeaderElection2] INFO  server.RaftServerConfigKeys (ConfUtils.java:logGet(46)) - raft.server.watch.element-limit = 65536 (default)
2023-02-01 18:45:45,736 [9d11f7a2-de03-4463-8286-a21ff45a32eb@group-3D04B2CF7A0C-LeaderElection2] INFO  server.RaftServerConfigKeys (ConfUtils.java:logGet(46)) - raft.server.write.element-limit = 1024 (custom)
2023-02-01 18:45:45,736 [9d11f7a2-de03-4463-8286-a21ff45a32eb@group-3D04B2CF7A0C-LeaderElection2] INFO  server.RaftServerConfigKeys (ConfUtils.java:logGet(46)) - raft.server.write.follower.gap.ratio.max = -1.0 (default)
2023-02-01 18:45:45,736 [9d11f7a2-de03-4463-8286-a21ff45a32eb@group-3D04B2CF7A0C-LeaderElection2] INFO  impl.RoleInfo (RoleInfo.java:updateAndGet(139)) - 9d11f7a2-de03-4463-8286-a21ff45a32eb: start 9d11f7a2-de03-4463-8286-a21ff45a32eb@group-3D04B2CF7A0C-LeaderStateImpl
2023-02-01 18:45:45,736 [9d11f7a2-de03-4463-8286-a21ff45a32eb@group-3D04B2CF7A0C-LeaderElection2] INFO  segmented.SegmentedRaftLogWorker (SegmentedRaftLogWorker.java:startLogSegment(452)) - 9d11f7a2-de03-4463-8286-a21ff45a32eb@group-3D04B2CF7A0C-SegmentedRaftLogWorker: Starting segment from index:0
2023-02-01 18:45:45,738 [9d11f7a2-de03-4463-8286-a21ff45a32eb@group-3D04B2CF7A0C-SegmentedRaftLogWorker] INFO  segmented.SegmentedRaftLogWorker (SegmentedRaftLogWorker.java:execute(656)) - 9d11f7a2-de03-4463-8286-a21ff45a32eb@group-3D04B2CF7A0C-SegmentedRaftLogWorker: created new log segment /home/runner/work/ozone/ozone/hadoop-ozone/integration-test/target/test-dir/MiniOzoneClusterImpl-64158d22-d035-436d-bfd1-97d6094c143d/datanode-0/data/ratis/e2bdc62b-b142-4a50-833f-3d04b2cf7a0c/current/log_inprogress_0
2023-02-01 18:45:45,738 [9d11f7a2-de03-4463-8286-a21ff45a32eb@group-3D04B2CF7A0C-LeaderElection2] INFO  server.RaftServer$Division (ServerState.java:setRaftConf(430)) - 9d11f7a2-de03-4463-8286-a21ff45a32eb@group-3D04B2CF7A0C: set configuration 0: peers:[9d11f7a2-de03-4463-8286-a21ff45a32eb|rpc:10.1.0.29:46231|dataStream:10.1.0.29:42455|priority:1|startupRole:FOLLOWER]|listeners:[], old=null
2023-02-01 18:45:45,839 [9d11f7a2-de03-4463-8286-a21ff45a32eb@group-517F44EB6A1F-FollowerState] INFO  impl.FollowerState (FollowerState.java:run(143)) - 9d11f7a2-de03-4463-8286-a21ff45a32eb@group-517F44EB6A1F-FollowerState: change to CANDIDATE, lastRpcElapsedTime:5151487232ns, electionTimeout:5146ms
2023-02-01 18:45:45,839 [9d11f7a2-de03-4463-8286-a21ff45a32eb@group-517F44EB6A1F-FollowerState] INFO  impl.RoleInfo (RoleInfo.java:shutdownFollowerState(110)) - 9d11f7a2-de03-4463-8286-a21ff45a32eb: shutdown 9d11f7a2-de03-4463-8286-a21ff45a32eb@group-517F44EB6A1F-FollowerState
2023-02-01 18:45:45,840 [9d11f7a2-de03-4463-8286-a21ff45a32eb@group-517F44EB6A1F-FollowerState] INFO  server.RaftServer$Division (RaftServerImpl.java:setRole(321)) - 9d11f7a2-de03-4463-8286-a21ff45a32eb@group-517F44EB6A1F: changes role from  FOLLOWER to CANDIDATE at term 0 for changeToCandidate
2023-02-01 18:45:45,840 [9d11f7a2-de03-4463-8286-a21ff45a32eb@group-517F44EB6A1F-FollowerState] INFO  server.RaftServerConfigKeys (ConfUtils.java:logGet(46)) - raft.server.leaderelection.pre-vote = false (custom)
2023-02-01 18:45:45,840 [9d11f7a2-de03-4463-8286-a21ff45a32eb@group-517F44EB6A1F-FollowerState] INFO  impl.RoleInfo (RoleInfo.java:updateAndGet(139)) - 9d11f7a2-de03-4463-8286-a21ff45a32eb: start 9d11f7a2-de03-4463-8286-a21ff45a32eb@group-517F44EB6A1F-LeaderElection3
2023-02-01 18:45:45,843 [9d11f7a2-de03-4463-8286-a21ff45a32eb@group-517F44EB6A1F-LeaderElection3] INFO  impl.LeaderElection (LeaderElection.java:askForVotes(312)) - 9d11f7a2-de03-4463-8286-a21ff45a32eb@group-517F44EB6A1F-LeaderElection3 ELECTION round 0: submit vote requests at term 1 for -1: peers:[8e758023-c9f0-4f3e-97a8-668246130508|rpc:10.1.0.29:38211|dataStream:10.1.0.29:41975|priority:0|startupRole:FOLLOWER, 9d11f7a2-de03-4463-8286-a21ff45a32eb|rpc:10.1.0.29:46231|dataStream:10.1.0.29:42455|priority:0|startupRole:FOLLOWER, 5a2bde7b-6aad-464a-b794-b1a97ffa6b25|rpc:10.1.0.29:37273|dataStream:10.1.0.29:40949|priority:1|startupRole:FOLLOWER]|listeners:[], old=null
2023-02-01 18:45:45,849 [9d11f7a2-de03-4463-8286-a21ff45a32eb@group-517F44EB6A1F-LeaderElection3] INFO  server.RaftServerConfigKeys (ConfUtils.java:logFallback(53)) - raft.server.rpc.first-election.timeout.min = 5s (fallback to raft.server.rpc.timeout.min)
2023-02-01 18:45:45,849 [9d11f7a2-de03-4463-8286-a21ff45a32eb@group-517F44EB6A1F-LeaderElection3] INFO  server.RaftServerConfigKeys (ConfUtils.java:logFallback(53)) - raft.server.rpc.first-election.timeout.max = 5200ms (fallback to raft.server.rpc.timeout.max)
2023-02-01 18:45:45,849 [9d11f7a2-de03-4463-8286-a21ff45a32eb@group-517F44EB6A1F-LeaderElection3-1] INFO  server.GrpcServerProtocolClient (GrpcServerProtocolClient.java:<init>(63)) - Build channel for 8e758023-c9f0-4f3e-97a8-668246130508
2023-02-01 18:45:45,851 [9d11f7a2-de03-4463-8286-a21ff45a32eb@group-517F44EB6A1F-LeaderElection3-2] INFO  server.GrpcServerProtocolClient (GrpcServerProtocolClient.java:<init>(63)) - Build channel for 5a2bde7b-6aad-464a-b794-b1a97ffa6b25
2023-02-01 18:45:45,872 [grpc-default-executor-0] INFO  server.RaftServer$Division (RaftServerImpl.java:requestVote(1218)) - 8e758023-c9f0-4f3e-97a8-668246130508@group-517F44EB6A1F: receive requestVote(ELECTION, 9d11f7a2-de03-4463-8286-a21ff45a32eb, group-517F44EB6A1F, 1, (t:0, i:0))
2023-02-01 18:45:45,873 [grpc-default-executor-1] INFO  server.RaftServer$Division (RaftServerImpl.java:requestVote(1218)) - 5a2bde7b-6aad-464a-b794-b1a97ffa6b25@group-517F44EB6A1F: receive requestVote(ELECTION, 9d11f7a2-de03-4463-8286-a21ff45a32eb, group-517F44EB6A1F, 1, (t:0, i:0))
2023-02-01 18:45:45,874 [grpc-default-executor-1] INFO  impl.VoteContext (VoteContext.java:log(49)) - 5a2bde7b-6aad-464a-b794-b1a97ffa6b25@group-517F44EB6A1F-FOLLOWER: reject ELECTION from 9d11f7a2-de03-4463-8286-a21ff45a32eb: our priority 1 > candidate's priority 0
2023-02-01 18:45:45,874 [grpc-default-executor-1] INFO  server.RaftServer$Division (RaftServerImpl.java:setRole(321)) - 5a2bde7b-6aad-464a-b794-b1a97ffa6b25@group-517F44EB6A1F: changes role from  FOLLOWER to FOLLOWER at term 1 for candidate:9d11f7a2-de03-4463-8286-a21ff45a32eb
2023-02-01 18:45:45,874 [grpc-default-executor-1] INFO  impl.RoleInfo (RoleInfo.java:shutdownFollowerState(110)) - 5a2bde7b-6aad-464a-b794-b1a97ffa6b25: shutdown 5a2bde7b-6aad-464a-b794-b1a97ffa6b25@group-517F44EB6A1F-FollowerState
2023-02-01 18:45:45,875 [5a2bde7b-6aad-464a-b794-b1a97ffa6b25@group-517F44EB6A1F-FollowerState] INFO  impl.FollowerState (FollowerState.java:run(152)) - 5a2bde7b-6aad-464a-b794-b1a97ffa6b25@group-517F44EB6A1F-FollowerState was interrupted
2023-02-01 18:45:45,875 [grpc-default-executor-1] INFO  impl.RoleInfo (RoleInfo.java:updateAndGet(139)) - 5a2bde7b-6aad-464a-b794-b1a97ffa6b25: start 5a2bde7b-6aad-464a-b794-b1a97ffa6b25@group-517F44EB6A1F-FollowerState
2023-02-01 18:45:45,876 [5a2bde7b-6aad-464a-b794-b1a97ffa6b25@group-517F44EB6A1F-FollowerState] INFO  server.RaftServerConfigKeys (ConfUtils.java:logFallback(53)) - raft.server.rpc.first-election.timeout.min = 5s (fallback to raft.server.rpc.timeout.min)
2023-02-01 18:45:45,875 [grpc-default-executor-0] INFO  impl.VoteContext (VoteContext.java:log(49)) - 8e758023-c9f0-4f3e-97a8-668246130508@group-517F44EB6A1F-FOLLOWER: accept ELECTION from 9d11f7a2-de03-4463-8286-a21ff45a32eb: our priority 0 <= candidate's priority 0
2023-02-01 18:45:45,876 [5a2bde7b-6aad-464a-b794-b1a97ffa6b25@group-517F44EB6A1F-FollowerState] INFO  server.RaftServerConfigKeys (ConfUtils.java:logFallback(53)) - raft.server.rpc.first-election.timeout.max = 5200ms (fallback to raft.server.rpc.timeout.max)
2023-02-01 18:45:45,876 [grpc-default-executor-0] INFO  server.RaftServer$Division (RaftServerImpl.java:setRole(321)) - 8e758023-c9f0-4f3e-97a8-668246130508@group-517F44EB6A1F: changes role from  FOLLOWER to FOLLOWER at term 1 for candidate:9d11f7a2-de03-4463-8286-a21ff45a32eb
2023-02-01 18:45:45,877 [grpc-default-executor-0] INFO  impl.RoleInfo (RoleInfo.java:shutdownFollowerState(110)) - 8e758023-c9f0-4f3e-97a8-668246130508: shutdown 8e758023-c9f0-4f3e-97a8-668246130508@group-517F44EB6A1F-FollowerState
2023-02-01 18:45:45,877 [grpc-default-executor-0] INFO  impl.RoleInfo (RoleInfo.java:updateAndGet(139)) - 8e758023-c9f0-4f3e-97a8-668246130508: start 8e758023-c9f0-4f3e-97a8-668246130508@group-517F44EB6A1F-FollowerState
2023-02-01 18:45:45,879 [8e758023-c9f0-4f3e-97a8-668246130508@group-517F44EB6A1F-FollowerState] INFO  impl.FollowerState (FollowerState.java:run(152)) - 8e758023-c9f0-4f3e-97a8-668246130508@group-517F44EB6A1F-FollowerState was interrupted
2023-02-01 18:45:45,884 [grpc-default-executor-1] INFO  server.RaftServer$Division (RaftServerImpl.java:requestVote(1251)) - 5a2bde7b-6aad-464a-b794-b1a97ffa6b25@group-517F44EB6A1F replies to ELECTION vote request: 9d11f7a2-de03-4463-8286-a21ff45a32eb<-5a2bde7b-6aad-464a-b794-b1a97ffa6b25#0:FAIL-t1. Peer's state: 5a2bde7b-6aad-464a-b794-b1a97ffa6b25@group-517F44EB6A1F:t1, leader=null, voted=null, raftlog=Memoized:5a2bde7b-6aad-464a-b794-b1a97ffa6b25@group-517F44EB6A1F-SegmentedRaftLog:OPENED:c-1, conf=-1: peers:[8e758023-c9f0-4f3e-97a8-668246130508|rpc:10.1.0.29:38211|dataStream:10.1.0.29:41975|priority:0|startupRole:FOLLOWER, 9d11f7a2-de03-4463-8286-a21ff45a32eb|rpc:10.1.0.29:46231|dataStream:10.1.0.29:42455|priority:0|startupRole:FOLLOWER, 5a2bde7b-6aad-464a-b794-b1a97ffa6b25|rpc:10.1.0.29:37273|dataStream:10.1.0.29:40949|priority:1|startupRole:FOLLOWER]|listeners:[], old=null
2023-02-01 18:45:45,885 [grpc-default-executor-0] INFO  server.RaftServer$Division (RaftServerImpl.java:requestVote(1251)) - 8e758023-c9f0-4f3e-97a8-668246130508@group-517F44EB6A1F replies to ELECTION vote request: 9d11f7a2-de03-4463-8286-a21ff45a32eb<-8e758023-c9f0-4f3e-97a8-668246130508#0:OK-t1. Peer's state: 8e758023-c9f0-4f3e-97a8-668246130508@group-517F44EB6A1F:t1, leader=null, voted=9d11f7a2-de03-4463-8286-a21ff45a32eb, raftlog=Memoized:8e758023-c9f0-4f3e-97a8-668246130508@group-517F44EB6A1F-SegmentedRaftLog:OPENED:c-1, conf=-1: peers:[8e758023-c9f0-4f3e-97a8-668246130508|rpc:10.1.0.29:38211|dataStream:10.1.0.29:41975|priority:0|startupRole:FOLLOWER, 9d11f7a2-de03-4463-8286-a21ff45a32eb|rpc:10.1.0.29:46231|dataStream:10.1.0.29:42455|priority:0|startupRole:FOLLOWER, 5a2bde7b-6aad-464a-b794-b1a97ffa6b25|rpc:10.1.0.29:37273|dataStream:10.1.0.29:40949|priority:1|startupRole:FOLLOWER]|listeners:[], old=null
2023-02-01 18:45:45,887 [9d11f7a2-de03-4463-8286-a21ff45a32eb@group-517F44EB6A1F-LeaderElection3] INFO  impl.LeaderElection (LeaderElection.java:logAndReturn(90)) - 9d11f7a2-de03-4463-8286-a21ff45a32eb@group-517F44EB6A1F-LeaderElection3: ELECTION REJECTED received 1 response(s) and 0 exception(s):
2023-02-01 18:45:45,889 [9d11f7a2-de03-4463-8286-a21ff45a32eb@group-517F44EB6A1F-LeaderElection3] INFO  impl.LeaderElection (LeaderElection.java:logAndReturn(94)) -   Response 0: 9d11f7a2-de03-4463-8286-a21ff45a32eb<-5a2bde7b-6aad-464a-b794-b1a97ffa6b25#0:FAIL-t1
2023-02-01 18:45:45,889 [9d11f7a2-de03-4463-8286-a21ff45a32eb@group-517F44EB6A1F-LeaderElection3] INFO  impl.LeaderElection (LeaderElection.java:askForVotes(314)) - 9d11f7a2-de03-4463-8286-a21ff45a32eb@group-517F44EB6A1F-LeaderElection3 ELECTION round 0: result REJECTED
2023-02-01 18:45:45,889 [9d11f7a2-de03-4463-8286-a21ff45a32eb@group-517F44EB6A1F-LeaderElection3] INFO  server.RaftServer$Division (RaftServerImpl.java:setRole(321)) - 9d11f7a2-de03-4463-8286-a21ff45a32eb@group-517F44EB6A1F: changes role from CANDIDATE to FOLLOWER at term 1 for REJECTED
2023-02-01 18:45:45,889 [9d11f7a2-de03-4463-8286-a21ff45a32eb@group-517F44EB6A1F-LeaderElection3] INFO  impl.RoleInfo (RoleInfo.java:shutdownLeaderElection(130)) - 9d11f7a2-de03-4463-8286-a21ff45a32eb: shutdown 9d11f7a2-de03-4463-8286-a21ff45a32eb@group-517F44EB6A1F-LeaderElection3
2023-02-01 18:45:45,889 [9d11f7a2-de03-4463-8286-a21ff45a32eb@group-517F44EB6A1F-LeaderElection3] INFO  impl.RoleInfo (RoleInfo.java:updateAndGet(139)) - 9d11f7a2-de03-4463-8286-a21ff45a32eb: start 9d11f7a2-de03-4463-8286-a21ff45a32eb@group-517F44EB6A1F-FollowerState
2023-02-01 18:45:45,890 [9d11f7a2-de03-4463-8286-a21ff45a32eb@group-517F44EB6A1F-FollowerState] INFO  server.RaftServerConfigKeys (ConfUtils.java:logFallback(53)) - raft.server.rpc.first-election.timeout.min = 5s (fallback to raft.server.rpc.timeout.min)
2023-02-01 18:45:45,891 [9d11f7a2-de03-4463-8286-a21ff45a32eb@group-517F44EB6A1F-FollowerState] INFO  server.RaftServerConfigKeys (ConfUtils.java:logFallback(53)) - raft.server.rpc.first-election.timeout.max = 5200ms (fallback to raft.server.rpc.timeout.max)
2023-02-01 18:45:45,890 [8e758023-c9f0-4f3e-97a8-668246130508@group-517F44EB6A1F-FollowerState] INFO  server.RaftServerConfigKeys (ConfUtils.java:logFallback(53)) - raft.server.rpc.first-election.timeout.min = 5s (fallback to raft.server.rpc.timeout.min)
2023-02-01 18:45:45,892 [8e758023-c9f0-4f3e-97a8-668246130508@group-517F44EB6A1F-FollowerState] INFO  server.RaftServerConfigKeys (ConfUtils.java:logFallback(53)) - raft.server.rpc.first-election.timeout.max = 5200ms (fallback to raft.server.rpc.timeout.max)
2023-02-01 18:45:46,186 [8e758023-c9f0-4f3e-97a8-668246130508@group-045E5D7E635E-FollowerState] INFO  impl.FollowerState (FollowerState.java:run(143)) - 8e758023-c9f0-4f3e-97a8-668246130508@group-045E5D7E635E-FollowerState: change to CANDIDATE, lastRpcElapsedTime:5031179936ns, electionTimeout:5015ms
2023-02-01 18:45:46,186 [8e758023-c9f0-4f3e-97a8-668246130508@group-045E5D7E635E-FollowerState] INFO  impl.RoleInfo (RoleInfo.java:shutdownFollowerState(110)) - 8e758023-c9f0-4f3e-97a8-668246130508: shutdown 8e758023-c9f0-4f3e-97a8-668246130508@group-045E5D7E635E-FollowerState
2023-02-01 18:45:46,186 [8e758023-c9f0-4f3e-97a8-668246130508@group-045E5D7E635E-FollowerState] INFO  server.RaftServer$Division (RaftServerImpl.java:setRole(321)) - 8e758023-c9f0-4f3e-97a8-668246130508@group-045E5D7E635E: changes role from  FOLLOWER to CANDIDATE at term 0 for changeToCandidate
2023-02-01 18:45:46,187 [8e758023-c9f0-4f3e-97a8-668246130508@group-045E5D7E635E-FollowerState] INFO  server.RaftServerConfigKeys (ConfUtils.java:logGet(46)) - raft.server.leaderelection.pre-vote = false (custom)
2023-02-01 18:45:46,187 [8e758023-c9f0-4f3e-97a8-668246130508@group-045E5D7E635E-FollowerState] INFO  impl.RoleInfo (RoleInfo.java:updateAndGet(139)) - 8e758023-c9f0-4f3e-97a8-668246130508: start 8e758023-c9f0-4f3e-97a8-668246130508@group-045E5D7E635E-LeaderElection4
2023-02-01 18:45:46,189 [8e758023-c9f0-4f3e-97a8-668246130508@group-045E5D7E635E-LeaderElection4] INFO  impl.LeaderElection (LeaderElection.java:askForVotes(312)) - 8e758023-c9f0-4f3e-97a8-668246130508@group-045E5D7E635E-LeaderElection4 ELECTION round 0: submit vote requests at term 1 for -1: peers:[8e758023-c9f0-4f3e-97a8-668246130508|rpc:10.1.0.29:38211|dataStream:10.1.0.29:41975|priority:1|startupRole:FOLLOWER]|listeners:[], old=null
2023-02-01 18:45:46,190 [8e758023-c9f0-4f3e-97a8-668246130508@group-045E5D7E635E-LeaderElection4] INFO  impl.LeaderElection (LeaderElection.java:askForVotes(314)) - 8e758023-c9f0-4f3e-97a8-668246130508@group-045E5D7E635E-LeaderElection4 ELECTION round 0: result PASSED (term=1)
2023-02-01 18:45:46,190 [8e758023-c9f0-4f3e-97a8-668246130508@group-045E5D7E635E-LeaderElection4] INFO  impl.RoleInfo (RoleInfo.java:shutdownLeaderElection(130)) - 8e758023-c9f0-4f3e-97a8-668246130508: shutdown 8e758023-c9f0-4f3e-97a8-668246130508@group-045E5D7E635E-LeaderElection4
2023-02-01 18:45:46,190 [8e758023-c9f0-4f3e-97a8-668246130508@group-045E5D7E635E-LeaderElection4] INFO  server.RaftServer$Division (RaftServerImpl.java:setRole(321)) - 8e758023-c9f0-4f3e-97a8-668246130508@group-045E5D7E635E: changes role from CANDIDATE to LEADER at term 1 for changeToLeader
2023-02-01 18:45:46,192 [8e758023-c9f0-4f3e-97a8-668246130508@group-045E5D7E635E-LeaderElection4] INFO  ratis.XceiverServerRatis (XceiverServerRatis.java:handleLeaderChangedNotification(904)) - Leader change notification received for group: group-045E5D7E635E with new leaderId: 8e758023-c9f0-4f3e-97a8-668246130508
2023-02-01 18:45:46,194 | INFO  | SCMAudit | user=runner | ip=10.1.0.29 | op=SEND_HEARTBEAT {datanodeUUID=8e758023-c9f0-4f3e-97a8-668246130508, term=-1, command=[]} | ret=SUCCESS |  
2023-02-01 18:45:46,195 [EventQueue-OpenPipelineForHealthyPipelineSafeModeRule] INFO  safemode.SCMSafeModeManager (HealthyPipelineSafeModeRule.java:process(137)) - SCM in safe mode. Healthy pipelines reported count is 0, required healthy pipeline reported count is 1
2023-02-01 18:45:46,197 [8e758023-c9f0-4f3e-97a8-668246130508@group-045E5D7E635E-LeaderElection4] INFO  server.RaftServer$Division (ServerState.java:setLeader(313)) - 8e758023-c9f0-4f3e-97a8-668246130508@group-045E5D7E635E: change Leader from null to 8e758023-c9f0-4f3e-97a8-668246130508 at term 1 for becomeLeader, leader elected after 5057ms
2023-02-01 18:45:46,197 [8e758023-c9f0-4f3e-97a8-668246130508@group-045E5D7E635E-LeaderElection4] INFO  server.RaftServerConfigKeys (ConfUtils.java:logGet(46)) - raft.server.staging.catchup.gap = 1000 (default)
2023-02-01 18:45:46,198 [8e758023-c9f0-4f3e-97a8-668246130508@group-045E5D7E635E-LeaderElection4] INFO  server.RaftServerConfigKeys (ConfUtils.java:logGet(46)) - raft.server.write.element-limit = 1024 (custom)
2023-02-01 18:45:46,198 [8e758023-c9f0-4f3e-97a8-668246130508@group-045E5D7E635E-LeaderElection4] INFO  server.RaftServerConfigKeys (ConfUtils.java:logGet(46)) - raft.server.write.byte-limit = 1024 M (=1073741824) (custom)
2023-02-01 18:45:46,198 [8e758023-c9f0-4f3e-97a8-668246130508@group-045E5D7E635E-LeaderElection4] INFO  server.RaftServerConfigKeys (ConfUtils.java:logGet(46)) - raft.server.watch.timeout = 180s (custom)
2023-02-01 18:45:46,198 [8e758023-c9f0-4f3e-97a8-668246130508@group-045E5D7E635E-LeaderElection4] INFO  server.RaftServerConfigKeys (ConfUtils.java:logGet(46)) - raft.server.watch.timeout.denomination = 1s (default)
2023-02-01 18:45:46,198 [8e758023-c9f0-4f3e-97a8-668246130508@group-045E5D7E635E-LeaderElection4] INFO  server.RaftServerConfigKeys (ConfUtils.java:logGet(46)) - raft.server.watch.element-limit = 65536 (default)
2023-02-01 18:45:46,198 [8e758023-c9f0-4f3e-97a8-668246130508@group-045E5D7E635E-LeaderElection4] INFO  server.RaftServerConfigKeys (ConfUtils.java:logGet(46)) - raft.server.write.element-limit = 1024 (custom)
2023-02-01 18:45:46,198 [8e758023-c9f0-4f3e-97a8-668246130508@group-045E5D7E635E-LeaderElection4] INFO  server.RaftServerConfigKeys (ConfUtils.java:logGet(46)) - raft.server.write.follower.gap.ratio.max = -1.0 (default)
2023-02-01 18:45:46,198 [8e758023-c9f0-4f3e-97a8-668246130508@group-045E5D7E635E-LeaderElection4] INFO  impl.RoleInfo (RoleInfo.java:updateAndGet(139)) - 8e758023-c9f0-4f3e-97a8-668246130508: start 8e758023-c9f0-4f3e-97a8-668246130508@group-045E5D7E635E-LeaderStateImpl
2023-02-01 18:45:46,200 [8e758023-c9f0-4f3e-97a8-668246130508@group-045E5D7E635E-LeaderElection4] INFO  segmented.SegmentedRaftLogWorker (SegmentedRaftLogWorker.java:startLogSegment(452)) - 8e758023-c9f0-4f3e-97a8-668246130508@group-045E5D7E635E-SegmentedRaftLogWorker: Starting segment from index:0
2023-02-01 18:45:46,201 [8e758023-c9f0-4f3e-97a8-668246130508@group-045E5D7E635E-SegmentedRaftLogWorker] INFO  segmented.SegmentedRaftLogWorker (SegmentedRaftLogWorker.java:execute(656)) - 8e758023-c9f0-4f3e-97a8-668246130508@group-045E5D7E635E-SegmentedRaftLogWorker: created new log segment /home/runner/work/ozone/ozone/hadoop-ozone/integration-test/target/test-dir/MiniOzoneClusterImpl-64158d22-d035-436d-bfd1-97d6094c143d/datanode-1/data/ratis/7e445e54-2345-4e37-a56a-045e5d7e635e/current/log_inprogress_0
2023-02-01 18:45:46,206 [8e758023-c9f0-4f3e-97a8-668246130508@group-045E5D7E635E-LeaderElection4] INFO  server.RaftServer$Division (ServerState.java:setRaftConf(430)) - 8e758023-c9f0-4f3e-97a8-668246130508@group-045E5D7E635E: set configuration 0: peers:[8e758023-c9f0-4f3e-97a8-668246130508|rpc:10.1.0.29:38211|dataStream:10.1.0.29:41975|priority:1|startupRole:FOLLOWER]|listeners:[], old=null
2023-02-01 18:45:46,487 [Listener at 127.0.0.1/39701] INFO  ozone.MiniOzoneClusterImpl (MiniOzoneClusterImpl.java:lambda$waitForClusterToBeReady$0(218)) - Nodes are ready. Got 3 of 3 DN Heartbeats.
2023-02-01 18:45:46,487 [Listener at 127.0.0.1/39701] INFO  ozone.MiniOzoneClusterImpl (MiniOzoneClusterImpl.java:lambda$waitForClusterToBeReady$0(221)) - Waiting for cluster to exit safe mode
2023-02-01 18:45:46,487 [Listener at 127.0.0.1/39701] INFO  ozone.MiniOzoneClusterImpl (MiniOzoneClusterImpl.java:lambda$waitForClusterToBeReady$0(223)) - SCM became leader
2023-02-01 18:45:46,585 | INFO  | SCMAudit | user=runner | ip=10.1.0.29 | op=SEND_HEARTBEAT {datanodeUUID=5a2bde7b-6aad-464a-b794-b1a97ffa6b25, term=-1, command=[]} | ret=SUCCESS |  
2023-02-01 18:45:46,599 [5a2bde7b-6aad-464a-b794-b1a97ffa6b25@group-1221F31516E9-FollowerState] INFO  impl.FollowerState (FollowerState.java:run(143)) - 5a2bde7b-6aad-464a-b794-b1a97ffa6b25@group-1221F31516E9-FollowerState: change to CANDIDATE, lastRpcElapsedTime:5061504961ns, electionTimeout:5060ms
2023-02-01 18:45:46,599 [5a2bde7b-6aad-464a-b794-b1a97ffa6b25@group-1221F31516E9-FollowerState] INFO  impl.RoleInfo (RoleInfo.java:shutdownFollowerState(110)) - 5a2bde7b-6aad-464a-b794-b1a97ffa6b25: shutdown 5a2bde7b-6aad-464a-b794-b1a97ffa6b25@group-1221F31516E9-FollowerState
2023-02-01 18:45:46,599 [5a2bde7b-6aad-464a-b794-b1a97ffa6b25@group-1221F31516E9-FollowerState] INFO  server.RaftServer$Division (RaftServerImpl.java:setRole(321)) - 5a2bde7b-6aad-464a-b794-b1a97ffa6b25@group-1221F31516E9: changes role from  FOLLOWER to CANDIDATE at term 0 for changeToCandidate
2023-02-01 18:45:46,601 [5a2bde7b-6aad-464a-b794-b1a97ffa6b25@group-1221F31516E9-FollowerState] INFO  server.RaftServerConfigKeys (ConfUtils.java:logGet(46)) - raft.server.leaderelection.pre-vote = false (custom)
2023-02-01 18:45:46,601 [5a2bde7b-6aad-464a-b794-b1a97ffa6b25@group-1221F31516E9-FollowerState] INFO  impl.RoleInfo (RoleInfo.java:updateAndGet(139)) - 5a2bde7b-6aad-464a-b794-b1a97ffa6b25: start 5a2bde7b-6aad-464a-b794-b1a97ffa6b25@group-1221F31516E9-LeaderElection5
2023-02-01 18:45:46,604 [5a2bde7b-6aad-464a-b794-b1a97ffa6b25@group-1221F31516E9-LeaderElection5] INFO  impl.LeaderElection (LeaderElection.java:askForVotes(312)) - 5a2bde7b-6aad-464a-b794-b1a97ffa6b25@group-1221F31516E9-LeaderElection5 ELECTION round 0: submit vote requests at term 1 for -1: peers:[5a2bde7b-6aad-464a-b794-b1a97ffa6b25|rpc:10.1.0.29:37273|dataStream:10.1.0.29:40949|priority:1|startupRole:FOLLOWER]|listeners:[], old=null
2023-02-01 18:45:46,604 [5a2bde7b-6aad-464a-b794-b1a97ffa6b25@group-1221F31516E9-LeaderElection5] INFO  impl.LeaderElection (LeaderElection.java:askForVotes(314)) - 5a2bde7b-6aad-464a-b794-b1a97ffa6b25@group-1221F31516E9-LeaderElection5 ELECTION round 0: result PASSED (term=1)
2023-02-01 18:45:46,604 [5a2bde7b-6aad-464a-b794-b1a97ffa6b25@group-1221F31516E9-LeaderElection5] INFO  impl.RoleInfo (RoleInfo.java:shutdownLeaderElection(130)) - 5a2bde7b-6aad-464a-b794-b1a97ffa6b25: shutdown 5a2bde7b-6aad-464a-b794-b1a97ffa6b25@group-1221F31516E9-LeaderElection5
2023-02-01 18:45:46,604 [5a2bde7b-6aad-464a-b794-b1a97ffa6b25@group-1221F31516E9-LeaderElection5] INFO  server.RaftServer$Division (RaftServerImpl.java:setRole(321)) - 5a2bde7b-6aad-464a-b794-b1a97ffa6b25@group-1221F31516E9: changes role from CANDIDATE to LEADER at term 1 for changeToLeader
2023-02-01 18:45:46,604 [5a2bde7b-6aad-464a-b794-b1a97ffa6b25@group-1221F31516E9-LeaderElection5] INFO  ratis.XceiverServerRatis (XceiverServerRatis.java:handleLeaderChangedNotification(904)) - Leader change notification received for group: group-1221F31516E9 with new leaderId: 5a2bde7b-6aad-464a-b794-b1a97ffa6b25
2023-02-01 18:45:46,604 [5a2bde7b-6aad-464a-b794-b1a97ffa6b25@group-1221F31516E9-LeaderElection5] INFO  server.RaftServer$Division (ServerState.java:setLeader(313)) - 5a2bde7b-6aad-464a-b794-b1a97ffa6b25@group-1221F31516E9: change Leader from null to 5a2bde7b-6aad-464a-b794-b1a97ffa6b25 at term 1 for becomeLeader, leader elected after 5098ms
2023-02-01 18:45:46,604 [5a2bde7b-6aad-464a-b794-b1a97ffa6b25@group-1221F31516E9-LeaderElection5] INFO  server.RaftServerConfigKeys (ConfUtils.java:logGet(46)) - raft.server.staging.catchup.gap = 1000 (default)
2023-02-01 18:45:46,606 | INFO  | SCMAudit | user=runner | ip=10.1.0.29 | op=SEND_HEARTBEAT {datanodeUUID=5a2bde7b-6aad-464a-b794-b1a97ffa6b25, term=-1, command=[]} | ret=SUCCESS |  
2023-02-01 18:45:46,606 [5a2bde7b-6aad-464a-b794-b1a97ffa6b25@group-1221F31516E9-LeaderElection5] INFO  server.RaftServerConfigKeys (ConfUtils.java:logGet(46)) - raft.server.write.element-limit = 1024 (custom)
2023-02-01 18:45:46,607 [5a2bde7b-6aad-464a-b794-b1a97ffa6b25@group-1221F31516E9-LeaderElection5] INFO  server.RaftServerConfigKeys (ConfUtils.java:logGet(46)) - raft.server.write.byte-limit = 1024 M (=1073741824) (custom)
2023-02-01 18:45:46,607 [EventQueue-OpenPipelineForHealthyPipelineSafeModeRule] INFO  safemode.SCMSafeModeManager (HealthyPipelineSafeModeRule.java:process(137)) - SCM in safe mode. Healthy pipelines reported count is 0, required healthy pipeline reported count is 1
2023-02-01 18:45:46,608 [5a2bde7b-6aad-464a-b794-b1a97ffa6b25@group-1221F31516E9-LeaderElection5] INFO  server.RaftServerConfigKeys (ConfUtils.java:logGet(46)) - raft.server.watch.timeout = 180s (custom)
2023-02-01 18:45:46,608 [5a2bde7b-6aad-464a-b794-b1a97ffa6b25@group-1221F31516E9-LeaderElection5] INFO  server.RaftServerConfigKeys (ConfUtils.java:logGet(46)) - raft.server.watch.timeout.denomination = 1s (default)
2023-02-01 18:45:46,608 [5a2bde7b-6aad-464a-b794-b1a97ffa6b25@group-1221F31516E9-LeaderElection5] INFO  server.RaftServerConfigKeys (ConfUtils.java:logGet(46)) - raft.server.watch.element-limit = 65536 (default)
2023-02-01 18:45:46,608 [5a2bde7b-6aad-464a-b794-b1a97ffa6b25@group-1221F31516E9-LeaderElection5] INFO  server.RaftServerConfigKeys (ConfUtils.java:logGet(46)) - raft.server.write.element-limit = 1024 (custom)
2023-02-01 18:45:46,608 [5a2bde7b-6aad-464a-b794-b1a97ffa6b25@group-1221F31516E9-LeaderElection5] INFO  server.RaftServerConfigKeys (ConfUtils.java:logGet(46)) - raft.server.write.follower.gap.ratio.max = -1.0 (default)
2023-02-01 18:45:46,609 [5a2bde7b-6aad-464a-b794-b1a97ffa6b25@group-1221F31516E9-LeaderElection5] INFO  impl.RoleInfo (RoleInfo.java:updateAndGet(139)) - 5a2bde7b-6aad-464a-b794-b1a97ffa6b25: start 5a2bde7b-6aad-464a-b794-b1a97ffa6b25@group-1221F31516E9-LeaderStateImpl
2023-02-01 18:45:46,609 [5a2bde7b-6aad-464a-b794-b1a97ffa6b25@group-1221F31516E9-LeaderElection5] INFO  segmented.SegmentedRaftLogWorker (SegmentedRaftLogWorker.java:startLogSegment(452)) - 5a2bde7b-6aad-464a-b794-b1a97ffa6b25@group-1221F31516E9-SegmentedRaftLogWorker: Starting segment from index:0
2023-02-01 18:45:46,610 [5a2bde7b-6aad-464a-b794-b1a97ffa6b25@group-1221F31516E9-SegmentedRaftLogWorker] INFO  segmented.SegmentedRaftLogWorker (SegmentedRaftLogWorker.java:execute(656)) - 5a2bde7b-6aad-464a-b794-b1a97ffa6b25@group-1221F31516E9-SegmentedRaftLogWorker: created new log segment /home/runner/work/ozone/ozone/hadoop-ozone/integration-test/target/test-dir/MiniOzoneClusterImpl-64158d22-d035-436d-bfd1-97d6094c143d/datanode-2/data/ratis/99d90a8f-c94b-4ee4-9401-1221f31516e9/current/log_inprogress_0
2023-02-01 18:45:46,616 [5a2bde7b-6aad-464a-b794-b1a97ffa6b25@group-1221F31516E9-LeaderElection5] INFO  server.RaftServer$Division (ServerState.java:setRaftConf(430)) - 5a2bde7b-6aad-464a-b794-b1a97ffa6b25@group-1221F31516E9: set configuration 0: peers:[5a2bde7b-6aad-464a-b794-b1a97ffa6b25|rpc:10.1.0.29:37273|dataStream:10.1.0.29:40949|priority:1|startupRole:FOLLOWER]|listeners:[], old=null
2023-02-01 18:45:46,678 [9d11f7a2-de03-4463-8286-a21ff45a32eb@group-75311C7AE31C-FollowerState] INFO  impl.FollowerState (FollowerState.java:run(143)) - 9d11f7a2-de03-4463-8286-a21ff45a32eb@group-75311C7AE31C-FollowerState: change to CANDIDATE, lastRpcElapsedTime:5069323393ns, electionTimeout:5065ms
2023-02-01 18:45:46,678 [9d11f7a2-de03-4463-8286-a21ff45a32eb@group-75311C7AE31C-FollowerState] INFO  impl.RoleInfo (RoleInfo.java:shutdownFollowerState(110)) - 9d11f7a2-de03-4463-8286-a21ff45a32eb: shutdown 9d11f7a2-de03-4463-8286-a21ff45a32eb@group-75311C7AE31C-FollowerState
2023-02-01 18:45:46,678 [9d11f7a2-de03-4463-8286-a21ff45a32eb@group-75311C7AE31C-FollowerState] INFO  server.RaftServer$Division (RaftServerImpl.java:setRole(321)) - 9d11f7a2-de03-4463-8286-a21ff45a32eb@group-75311C7AE31C: changes role from  FOLLOWER to CANDIDATE at term 0 for changeToCandidate
2023-02-01 18:45:46,678 [9d11f7a2-de03-4463-8286-a21ff45a32eb@group-75311C7AE31C-FollowerState] INFO  server.RaftServerConfigKeys (ConfUtils.java:logGet(46)) - raft.server.leaderelection.pre-vote = false (custom)
2023-02-01 18:45:46,678 [9d11f7a2-de03-4463-8286-a21ff45a32eb@group-75311C7AE31C-FollowerState] INFO  impl.RoleInfo (RoleInfo.java:updateAndGet(139)) - 9d11f7a2-de03-4463-8286-a21ff45a32eb: start 9d11f7a2-de03-4463-8286-a21ff45a32eb@group-75311C7AE31C-LeaderElection6
2023-02-01 18:45:46,686 [9d11f7a2-de03-4463-8286-a21ff45a32eb@group-75311C7AE31C-LeaderElection6] INFO  impl.LeaderElection (LeaderElection.java:askForVotes(312)) - 9d11f7a2-de03-4463-8286-a21ff45a32eb@group-75311C7AE31C-LeaderElection6 ELECTION round 0: submit vote requests at term 1 for -1: peers:[8e758023-c9f0-4f3e-97a8-668246130508|rpc:10.1.0.29:38211|dataStream:10.1.0.29:41975|priority:1|startupRole:FOLLOWER, 9d11f7a2-de03-4463-8286-a21ff45a32eb|rpc:10.1.0.29:46231|dataStream:10.1.0.29:42455|priority:0|startupRole:FOLLOWER, 5a2bde7b-6aad-464a-b794-b1a97ffa6b25|rpc:10.1.0.29:37273|dataStream:10.1.0.29:40949|priority:0|startupRole:FOLLOWER]|listeners:[], old=null
2023-02-01 18:45:46,687 [9d11f7a2-de03-4463-8286-a21ff45a32eb@group-75311C7AE31C-LeaderElection6] INFO  server.RaftServerConfigKeys (ConfUtils.java:logFallback(53)) - raft.server.rpc.first-election.timeout.min = 5s (fallback to raft.server.rpc.timeout.min)
2023-02-01 18:45:46,687 [9d11f7a2-de03-4463-8286-a21ff45a32eb@group-75311C7AE31C-LeaderElection6] INFO  server.RaftServerConfigKeys (ConfUtils.java:logFallback(53)) - raft.server.rpc.first-election.timeout.max = 5200ms (fallback to raft.server.rpc.timeout.max)
2023-02-01 18:45:46,690 [grpc-default-executor-0] INFO  server.RaftServer$Division (RaftServerImpl.java:requestVote(1218)) - 8e758023-c9f0-4f3e-97a8-668246130508@group-75311C7AE31C: receive requestVote(ELECTION, 9d11f7a2-de03-4463-8286-a21ff45a32eb, group-75311C7AE31C, 1, (t:0, i:0))
2023-02-01 18:45:46,690 [grpc-default-executor-0] INFO  impl.VoteContext (VoteContext.java:log(49)) - 8e758023-c9f0-4f3e-97a8-668246130508@group-75311C7AE31C-FOLLOWER: reject ELECTION from 9d11f7a2-de03-4463-8286-a21ff45a32eb: our priority 1 > candidate's priority 0
2023-02-01 18:45:46,691 [grpc-default-executor-0] INFO  server.RaftServer$Division (RaftServerImpl.java:setRole(321)) - 8e758023-c9f0-4f3e-97a8-668246130508@group-75311C7AE31C: changes role from  FOLLOWER to FOLLOWER at term 1 for candidate:9d11f7a2-de03-4463-8286-a21ff45a32eb
2023-02-01 18:45:46,691 [grpc-default-executor-0] INFO  impl.RoleInfo (RoleInfo.java:shutdownFollowerState(110)) - 8e758023-c9f0-4f3e-97a8-668246130508: shutdown 8e758023-c9f0-4f3e-97a8-668246130508@group-75311C7AE31C-FollowerState
2023-02-01 18:45:46,691 [grpc-default-executor-0] INFO  impl.RoleInfo (RoleInfo.java:updateAndGet(139)) - 8e758023-c9f0-4f3e-97a8-668246130508: start 8e758023-c9f0-4f3e-97a8-668246130508@group-75311C7AE31C-FollowerState
2023-02-01 18:45:46,692 [8e758023-c9f0-4f3e-97a8-668246130508@group-75311C7AE31C-FollowerState] INFO  impl.FollowerState (FollowerState.java:run(152)) - 8e758023-c9f0-4f3e-97a8-668246130508@group-75311C7AE31C-FollowerState was interrupted
2023-02-01 18:45:46,696 [grpc-default-executor-1] INFO  server.RaftServer$Division (RaftServerImpl.java:requestVote(1218)) - 5a2bde7b-6aad-464a-b794-b1a97ffa6b25@group-75311C7AE31C: receive requestVote(ELECTION, 9d11f7a2-de03-4463-8286-a21ff45a32eb, group-75311C7AE31C, 1, (t:0, i:0))
2023-02-01 18:45:46,696 [grpc-default-executor-1] INFO  impl.VoteContext (VoteContext.java:log(49)) - 5a2bde7b-6aad-464a-b794-b1a97ffa6b25@group-75311C7AE31C-FOLLOWER: accept ELECTION from 9d11f7a2-de03-4463-8286-a21ff45a32eb: our priority 0 <= candidate's priority 0
2023-02-01 18:45:46,697 [grpc-default-executor-1] INFO  server.RaftServer$Division (RaftServerImpl.java:setRole(321)) - 5a2bde7b-6aad-464a-b794-b1a97ffa6b25@group-75311C7AE31C: changes role from  FOLLOWER to FOLLOWER at term 1 for candidate:9d11f7a2-de03-4463-8286-a21ff45a32eb
2023-02-01 18:45:46,697 [grpc-default-executor-1] INFO  impl.RoleInfo (RoleInfo.java:shutdownFollowerState(110)) - 5a2bde7b-6aad-464a-b794-b1a97ffa6b25: shutdown 5a2bde7b-6aad-464a-b794-b1a97ffa6b25@group-75311C7AE31C-FollowerState
2023-02-01 18:45:46,697 [grpc-default-executor-1] INFO  impl.RoleInfo (RoleInfo.java:updateAndGet(139)) - 5a2bde7b-6aad-464a-b794-b1a97ffa6b25: start 5a2bde7b-6aad-464a-b794-b1a97ffa6b25@group-75311C7AE31C-FollowerState
2023-02-01 18:45:46,697 [5a2bde7b-6aad-464a-b794-b1a97ffa6b25@group-75311C7AE31C-FollowerState] INFO  impl.FollowerState (FollowerState.java:run(152)) - 5a2bde7b-6aad-464a-b794-b1a97ffa6b25@group-75311C7AE31C-FollowerState was interrupted
2023-02-01 18:45:46,697 [8e758023-c9f0-4f3e-97a8-668246130508@group-75311C7AE31C-FollowerState] INFO  server.RaftServerConfigKeys (ConfUtils.java:logFallback(53)) - raft.server.rpc.first-election.timeout.min = 5s (fallback to raft.server.rpc.timeout.min)
2023-02-01 18:45:46,697 [8e758023-c9f0-4f3e-97a8-668246130508@group-75311C7AE31C-FollowerState] INFO  server.RaftServerConfigKeys (ConfUtils.java:logFallback(53)) - raft.server.rpc.first-election.timeout.max = 5200ms (fallback to raft.server.rpc.timeout.max)
2023-02-01 18:45:46,697 [grpc-default-executor-0] INFO  server.RaftServer$Division (RaftServerImpl.java:requestVote(1251)) - 8e758023-c9f0-4f3e-97a8-668246130508@group-75311C7AE31C replies to ELECTION vote request: 9d11f7a2-de03-4463-8286-a21ff45a32eb<-8e758023-c9f0-4f3e-97a8-668246130508#0:FAIL-t1. Peer's state: 8e758023-c9f0-4f3e-97a8-668246130508@group-75311C7AE31C:t1, leader=null, voted=null, raftlog=Memoized:8e758023-c9f0-4f3e-97a8-668246130508@group-75311C7AE31C-SegmentedRaftLog:OPENED:c-1, conf=-1: peers:[8e758023-c9f0-4f3e-97a8-668246130508|rpc:10.1.0.29:38211|dataStream:10.1.0.29:41975|priority:1|startupRole:FOLLOWER, 9d11f7a2-de03-4463-8286-a21ff45a32eb|rpc:10.1.0.29:46231|dataStream:10.1.0.29:42455|priority:0|startupRole:FOLLOWER, 5a2bde7b-6aad-464a-b794-b1a97ffa6b25|rpc:10.1.0.29:37273|dataStream:10.1.0.29:40949|priority:0|startupRole:FOLLOWER]|listeners:[], old=null
2023-02-01 18:45:46,700 [9d11f7a2-de03-4463-8286-a21ff45a32eb@group-75311C7AE31C-LeaderElection6] INFO  impl.LeaderElection (LeaderElection.java:logAndReturn(90)) - 9d11f7a2-de03-4463-8286-a21ff45a32eb@group-75311C7AE31C-LeaderElection6: ELECTION REJECTED received 1 response(s) and 0 exception(s):
2023-02-01 18:45:46,700 [5a2bde7b-6aad-464a-b794-b1a97ffa6b25@group-75311C7AE31C-FollowerState] INFO  server.RaftServerConfigKeys (ConfUtils.java:logFallback(53)) - raft.server.rpc.first-election.timeout.min = 5s (fallback to raft.server.rpc.timeout.min)
2023-02-01 18:45:46,701 [grpc-default-executor-1] INFO  server.RaftServer$Division (RaftServerImpl.java:requestVote(1251)) - 5a2bde7b-6aad-464a-b794-b1a97ffa6b25@group-75311C7AE31C replies to ELECTION vote request: 9d11f7a2-de03-4463-8286-a21ff45a32eb<-5a2bde7b-6aad-464a-b794-b1a97ffa6b25#0:OK-t1. Peer's state: 5a2bde7b-6aad-464a-b794-b1a97ffa6b25@group-75311C7AE31C:t1, leader=null, voted=9d11f7a2-de03-4463-8286-a21ff45a32eb, raftlog=Memoized:5a2bde7b-6aad-464a-b794-b1a97ffa6b25@group-75311C7AE31C-SegmentedRaftLog:OPENED:c-1, conf=-1: peers:[8e758023-c9f0-4f3e-97a8-668246130508|rpc:10.1.0.29:38211|dataStream:10.1.0.29:41975|priority:1|startupRole:FOLLOWER, 9d11f7a2-de03-4463-8286-a21ff45a32eb|rpc:10.1.0.29:46231|dataStream:10.1.0.29:42455|priority:0|startupRole:FOLLOWER, 5a2bde7b-6aad-464a-b794-b1a97ffa6b25|rpc:10.1.0.29:37273|dataStream:10.1.0.29:40949|priority:0|startupRole:FOLLOWER]|listeners:[], old=null
2023-02-01 18:45:46,700 [9d11f7a2-de03-4463-8286-a21ff45a32eb@group-75311C7AE31C-LeaderElection6] INFO  impl.LeaderElection (LeaderElection.java:logAndReturn(94)) -   Response 0: 9d11f7a2-de03-4463-8286-a21ff45a32eb<-8e758023-c9f0-4f3e-97a8-668246130508#0:FAIL-t1
2023-02-01 18:45:46,702 [9d11f7a2-de03-4463-8286-a21ff45a32eb@group-75311C7AE31C-LeaderElection6] INFO  impl.LeaderElection (LeaderElection.java:askForVotes(314)) - 9d11f7a2-de03-4463-8286-a21ff45a32eb@group-75311C7AE31C-LeaderElection6 ELECTION round 0: result REJECTED
2023-02-01 18:45:46,702 [9d11f7a2-de03-4463-8286-a21ff45a32eb@group-75311C7AE31C-LeaderElection6] INFO  server.RaftServer$Division (RaftServerImpl.java:setRole(321)) - 9d11f7a2-de03-4463-8286-a21ff45a32eb@group-75311C7AE31C: changes role from CANDIDATE to FOLLOWER at term 1 for REJECTED
2023-02-01 18:45:46,702 [9d11f7a2-de03-4463-8286-a21ff45a32eb@group-75311C7AE31C-LeaderElection6] INFO  impl.RoleInfo (RoleInfo.java:shutdownLeaderElection(130)) - 9d11f7a2-de03-4463-8286-a21ff45a32eb: shutdown 9d11f7a2-de03-4463-8286-a21ff45a32eb@group-75311C7AE31C-LeaderElection6
2023-02-01 18:45:46,702 [9d11f7a2-de03-4463-8286-a21ff45a32eb@group-75311C7AE31C-LeaderElection6] INFO  impl.RoleInfo (RoleInfo.java:updateAndGet(139)) - 9d11f7a2-de03-4463-8286-a21ff45a32eb: start 9d11f7a2-de03-4463-8286-a21ff45a32eb@group-75311C7AE31C-FollowerState
2023-02-01 18:45:46,702 [5a2bde7b-6aad-464a-b794-b1a97ffa6b25@group-75311C7AE31C-FollowerState] INFO  server.RaftServerConfigKeys (ConfUtils.java:logFallback(53)) - raft.server.rpc.first-election.timeout.max = 5200ms (fallback to raft.server.rpc.timeout.max)
2023-02-01 18:45:46,703 [9d11f7a2-de03-4463-8286-a21ff45a32eb@group-75311C7AE31C-FollowerState] INFO  server.RaftServerConfigKeys (ConfUtils.java:logFallback(53)) - raft.server.rpc.first-election.timeout.min = 5s (fallback to raft.server.rpc.timeout.min)
2023-02-01 18:45:46,712 [9d11f7a2-de03-4463-8286-a21ff45a32eb@group-75311C7AE31C-FollowerState] INFO  server.RaftServerConfigKeys (ConfUtils.java:logFallback(53)) - raft.server.rpc.first-election.timeout.max = 5200ms (fallback to raft.server.rpc.timeout.max)
2023-02-01 18:45:46,734 | INFO  | SCMAudit | user=runner | ip=10.1.0.29 | op=SEND_HEARTBEAT {datanodeUUID=9d11f7a2-de03-4463-8286-a21ff45a32eb, term=-1, command=[]} | ret=SUCCESS |  
2023-02-01 18:45:47,195 | INFO  | SCMAudit | user=runner | ip=10.1.0.29 | op=SEND_HEARTBEAT {datanodeUUID=8e758023-c9f0-4f3e-97a8-668246130508, term=-1, command=[]} | ret=SUCCESS |  
2023-02-01 18:45:47,487 [Listener at 127.0.0.1/39701] INFO  ozone.MiniOzoneClusterImpl (MiniOzoneClusterImpl.java:lambda$waitForClusterToBeReady$0(218)) - Nodes are ready. Got 3 of 3 DN Heartbeats.
2023-02-01 18:45:47,487 [Listener at 127.0.0.1/39701] INFO  ozone.MiniOzoneClusterImpl (MiniOzoneClusterImpl.java:lambda$waitForClusterToBeReady$0(221)) - Waiting for cluster to exit safe mode
2023-02-01 18:45:47,487 [Listener at 127.0.0.1/39701] INFO  ozone.MiniOzoneClusterImpl (MiniOzoneClusterImpl.java:lambda$waitForClusterToBeReady$0(223)) - SCM became leader
2023-02-01 18:45:47,605 | INFO  | SCMAudit | user=runner | ip=10.1.0.29 | op=SEND_HEARTBEAT {datanodeUUID=5a2bde7b-6aad-464a-b794-b1a97ffa6b25, term=-1, command=[]} | ret=SUCCESS |  
2023-02-01 18:45:47,734 | INFO  | SCMAudit | user=runner | ip=10.1.0.29 | op=SEND_HEARTBEAT {datanodeUUID=9d11f7a2-de03-4463-8286-a21ff45a32eb, term=-1, command=[]} | ret=SUCCESS |  
2023-02-01 18:45:48,195 | INFO  | SCMAudit | user=runner | ip=10.1.0.29 | op=SEND_HEARTBEAT {datanodeUUID=8e758023-c9f0-4f3e-97a8-668246130508, term=-1, command=[]} | ret=SUCCESS |  
2023-02-01 18:45:48,488 [Listener at 127.0.0.1/39701] INFO  ozone.MiniOzoneClusterImpl (MiniOzoneClusterImpl.java:lambda$waitForClusterToBeReady$0(218)) - Nodes are ready. Got 3 of 3 DN Heartbeats.
2023-02-01 18:45:48,488 [Listener at 127.0.0.1/39701] INFO  ozone.MiniOzoneClusterImpl (MiniOzoneClusterImpl.java:lambda$waitForClusterToBeReady$0(221)) - Waiting for cluster to exit safe mode
2023-02-01 18:45:48,488 [Listener at 127.0.0.1/39701] INFO  ozone.MiniOzoneClusterImpl (MiniOzoneClusterImpl.java:lambda$waitForClusterToBeReady$0(223)) - SCM became leader
2023-02-01 18:45:48,605 | INFO  | SCMAudit | user=runner | ip=10.1.0.29 | op=SEND_HEARTBEAT {datanodeUUID=5a2bde7b-6aad-464a-b794-b1a97ffa6b25, term=-1, command=[]} | ret=SUCCESS |  
2023-02-01 18:45:48,735 | INFO  | SCMAudit | user=runner | ip=10.1.0.29 | op=SEND_HEARTBEAT {datanodeUUID=9d11f7a2-de03-4463-8286-a21ff45a32eb, term=-1, command=[]} | ret=SUCCESS |  
2023-02-01 18:45:49,193 | INFO  | SCMAudit | user=runner | ip=10.1.0.29 | op=SEND_HEARTBEAT {datanodeUUID=8e758023-c9f0-4f3e-97a8-668246130508, term=-1, command=[]} | ret=SUCCESS |  
2023-02-01 18:45:49,488 [Listener at 127.0.0.1/39701] INFO  ozone.MiniOzoneClusterImpl (MiniOzoneClusterImpl.java:lambda$waitForClusterToBeReady$0(218)) - Nodes are ready. Got 3 of 3 DN Heartbeats.
2023-02-01 18:45:49,488 [Listener at 127.0.0.1/39701] INFO  ozone.MiniOzoneClusterImpl (MiniOzoneClusterImpl.java:lambda$waitForClusterToBeReady$0(221)) - Waiting for cluster to exit safe mode
2023-02-01 18:45:49,488 [Listener at 127.0.0.1/39701] INFO  ozone.MiniOzoneClusterImpl (MiniOzoneClusterImpl.java:lambda$waitForClusterToBeReady$0(223)) - SCM became leader
2023-02-01 18:45:49,606 | INFO  | SCMAudit | user=runner | ip=10.1.0.29 | op=SEND_HEARTBEAT {datanodeUUID=5a2bde7b-6aad-464a-b794-b1a97ffa6b25, term=-1, command=[]} | ret=SUCCESS |  
2023-02-01 18:45:49,735 | INFO  | SCMAudit | user=runner | ip=10.1.0.29 | op=SEND_HEARTBEAT {datanodeUUID=9d11f7a2-de03-4463-8286-a21ff45a32eb, term=-1, command=[]} | ret=SUCCESS |  
2023-02-01 18:45:50,193 | INFO  | SCMAudit | user=runner | ip=10.1.0.29 | op=SEND_HEARTBEAT {datanodeUUID=8e758023-c9f0-4f3e-97a8-668246130508, term=-1, command=[]} | ret=SUCCESS |  
2023-02-01 18:45:50,489 [Listener at 127.0.0.1/39701] INFO  ozone.MiniOzoneClusterImpl (MiniOzoneClusterImpl.java:lambda$waitForClusterToBeReady$0(218)) - Nodes are ready. Got 3 of 3 DN Heartbeats.
2023-02-01 18:45:50,489 [Listener at 127.0.0.1/39701] INFO  ozone.MiniOzoneClusterImpl (MiniOzoneClusterImpl.java:lambda$waitForClusterToBeReady$0(221)) - Waiting for cluster to exit safe mode
2023-02-01 18:45:50,489 [Listener at 127.0.0.1/39701] INFO  ozone.MiniOzoneClusterImpl (MiniOzoneClusterImpl.java:lambda$waitForClusterToBeReady$0(223)) - SCM became leader
2023-02-01 18:45:50,609 | INFO  | SCMAudit | user=runner | ip=10.1.0.29 | op=SEND_HEARTBEAT {datanodeUUID=5a2bde7b-6aad-464a-b794-b1a97ffa6b25, term=-1, command=[]} | ret=SUCCESS |  
2023-02-01 18:45:50,735 | INFO  | SCMAudit | user=runner | ip=10.1.0.29 | op=SEND_HEARTBEAT {datanodeUUID=9d11f7a2-de03-4463-8286-a21ff45a32eb, term=-1, command=[]} | ret=SUCCESS |  
2023-02-01 18:45:50,911 [5a2bde7b-6aad-464a-b794-b1a97ffa6b25@group-517F44EB6A1F-FollowerState] INFO  impl.FollowerState (FollowerState.java:run(143)) - 5a2bde7b-6aad-464a-b794-b1a97ffa6b25@group-517F44EB6A1F-FollowerState: change to CANDIDATE, lastRpcElapsedTime:5036284120ns, electionTimeout:5034ms
2023-02-01 18:45:50,911 [5a2bde7b-6aad-464a-b794-b1a97ffa6b25@group-517F44EB6A1F-FollowerState] INFO  impl.RoleInfo (RoleInfo.java:shutdownFollowerState(110)) - 5a2bde7b-6aad-464a-b794-b1a97ffa6b25: shutdown 5a2bde7b-6aad-464a-b794-b1a97ffa6b25@group-517F44EB6A1F-FollowerState
2023-02-01 18:45:50,911 [5a2bde7b-6aad-464a-b794-b1a97ffa6b25@group-517F44EB6A1F-FollowerState] INFO  server.RaftServer$Division (RaftServerImpl.java:setRole(321)) - 5a2bde7b-6aad-464a-b794-b1a97ffa6b25@group-517F44EB6A1F: changes role from  FOLLOWER to CANDIDATE at term 1 for changeToCandidate
2023-02-01 18:45:50,912 [5a2bde7b-6aad-464a-b794-b1a97ffa6b25@group-517F44EB6A1F-FollowerState] INFO  server.RaftServerConfigKeys (ConfUtils.java:logGet(46)) - raft.server.leaderelection.pre-vote = false (custom)
2023-02-01 18:45:50,912 [5a2bde7b-6aad-464a-b794-b1a97ffa6b25@group-517F44EB6A1F-FollowerState] INFO  impl.RoleInfo (RoleInfo.java:updateAndGet(139)) - 5a2bde7b-6aad-464a-b794-b1a97ffa6b25: start 5a2bde7b-6aad-464a-b794-b1a97ffa6b25@group-517F44EB6A1F-LeaderElection7
2023-02-01 18:45:50,914 [5a2bde7b-6aad-464a-b794-b1a97ffa6b25@group-517F44EB6A1F-LeaderElection7] INFO  impl.LeaderElection (LeaderElection.java:askForVotes(312)) - 5a2bde7b-6aad-464a-b794-b1a97ffa6b25@group-517F44EB6A1F-LeaderElection7 ELECTION round 0: submit vote requests at term 2 for -1: peers:[8e758023-c9f0-4f3e-97a8-668246130508|rpc:10.1.0.29:38211|dataStream:10.1.0.29:41975|priority:0|startupRole:FOLLOWER, 9d11f7a2-de03-4463-8286-a21ff45a32eb|rpc:10.1.0.29:46231|dataStream:10.1.0.29:42455|priority:0|startupRole:FOLLOWER, 5a2bde7b-6aad-464a-b794-b1a97ffa6b25|rpc:10.1.0.29:37273|dataStream:10.1.0.29:40949|priority:1|startupRole:FOLLOWER]|listeners:[], old=null
2023-02-01 18:45:50,914 [5a2bde7b-6aad-464a-b794-b1a97ffa6b25@group-517F44EB6A1F-LeaderElection7-1] INFO  server.GrpcServerProtocolClient (GrpcServerProtocolClient.java:<init>(63)) - Build channel for 8e758023-c9f0-4f3e-97a8-668246130508
2023-02-01 18:45:50,917 [5a2bde7b-6aad-464a-b794-b1a97ffa6b25@group-517F44EB6A1F-LeaderElection7] INFO  server.RaftServerConfigKeys (ConfUtils.java:logFallback(53)) - raft.server.rpc.first-election.timeout.min = 5s (fallback to raft.server.rpc.timeout.min)
2023-02-01 18:45:50,924 [5a2bde7b-6aad-464a-b794-b1a97ffa6b25@group-517F44EB6A1F-LeaderElection7] INFO  server.RaftServerConfigKeys (ConfUtils.java:logFallback(53)) - raft.server.rpc.first-election.timeout.max = 5200ms (fallback to raft.server.rpc.timeout.max)
2023-02-01 18:45:50,924 [grpc-default-executor-1] INFO  server.RaftServer$Division (RaftServerImpl.java:requestVote(1218)) - 8e758023-c9f0-4f3e-97a8-668246130508@group-517F44EB6A1F: receive requestVote(ELECTION, 5a2bde7b-6aad-464a-b794-b1a97ffa6b25, group-517F44EB6A1F, 2, (t:0, i:0))
2023-02-01 18:45:50,917 [5a2bde7b-6aad-464a-b794-b1a97ffa6b25@group-517F44EB6A1F-LeaderElection7-2] INFO  server.GrpcServerProtocolClient (GrpcServerProtocolClient.java:<init>(63)) - Build channel for 9d11f7a2-de03-4463-8286-a21ff45a32eb
2023-02-01 18:45:50,925 [grpc-default-executor-1] INFO  impl.VoteContext (VoteContext.java:log(49)) - 8e758023-c9f0-4f3e-97a8-668246130508@group-517F44EB6A1F-FOLLOWER: accept ELECTION from 5a2bde7b-6aad-464a-b794-b1a97ffa6b25: our priority 0 <= candidate's priority 1
2023-02-01 18:45:50,925 [grpc-default-executor-1] INFO  server.RaftServer$Division (RaftServerImpl.java:setRole(321)) - 8e758023-c9f0-4f3e-97a8-668246130508@group-517F44EB6A1F: changes role from  FOLLOWER to FOLLOWER at term 2 for candidate:5a2bde7b-6aad-464a-b794-b1a97ffa6b25
2023-02-01 18:45:50,925 [grpc-default-executor-1] INFO  impl.RoleInfo (RoleInfo.java:shutdownFollowerState(110)) - 8e758023-c9f0-4f3e-97a8-668246130508: shutdown 8e758023-c9f0-4f3e-97a8-668246130508@group-517F44EB6A1F-FollowerState
2023-02-01 18:45:50,926 [grpc-default-executor-1] INFO  impl.RoleInfo (RoleInfo.java:updateAndGet(139)) - 8e758023-c9f0-4f3e-97a8-668246130508: start 8e758023-c9f0-4f3e-97a8-668246130508@group-517F44EB6A1F-FollowerState
2023-02-01 18:45:50,926 [8e758023-c9f0-4f3e-97a8-668246130508@group-517F44EB6A1F-FollowerState] INFO  impl.FollowerState (FollowerState.java:run(152)) - 8e758023-c9f0-4f3e-97a8-668246130508@group-517F44EB6A1F-FollowerState was interrupted
2023-02-01 18:45:50,929 [8e758023-c9f0-4f3e-97a8-668246130508@group-517F44EB6A1F-FollowerState] INFO  server.RaftServerConfigKeys (ConfUtils.java:logFallback(53)) - raft.server.rpc.first-election.timeout.min = 5s (fallback to raft.server.rpc.timeout.min)
2023-02-01 18:45:50,929 [8e758023-c9f0-4f3e-97a8-668246130508@group-517F44EB6A1F-FollowerState] INFO  server.RaftServerConfigKeys (ConfUtils.java:logFallback(53)) - raft.server.rpc.first-election.timeout.max = 5200ms (fallback to raft.server.rpc.timeout.max)
2023-02-01 18:45:50,930 [grpc-default-executor-1] INFO  server.RaftServer$Division (RaftServerImpl.java:requestVote(1251)) - 8e758023-c9f0-4f3e-97a8-668246130508@group-517F44EB6A1F replies to ELECTION vote request: 5a2bde7b-6aad-464a-b794-b1a97ffa6b25<-8e758023-c9f0-4f3e-97a8-668246130508#0:OK-t2. Peer's state: 8e758023-c9f0-4f3e-97a8-668246130508@group-517F44EB6A1F:t2, leader=null, voted=5a2bde7b-6aad-464a-b794-b1a97ffa6b25, raftlog=Memoized:8e758023-c9f0-4f3e-97a8-668246130508@group-517F44EB6A1F-SegmentedRaftLog:OPENED:c-1, conf=-1: peers:[8e758023-c9f0-4f3e-97a8-668246130508|rpc:10.1.0.29:38211|dataStream:10.1.0.29:41975|priority:0|startupRole:FOLLOWER, 9d11f7a2-de03-4463-8286-a21ff45a32eb|rpc:10.1.0.29:46231|dataStream:10.1.0.29:42455|priority:0|startupRole:FOLLOWER, 5a2bde7b-6aad-464a-b794-b1a97ffa6b25|rpc:10.1.0.29:37273|dataStream:10.1.0.29:40949|priority:1|startupRole:FOLLOWER]|listeners:[], old=null
2023-02-01 18:45:50,932 [5a2bde7b-6aad-464a-b794-b1a97ffa6b25@group-517F44EB6A1F-LeaderElection7] INFO  impl.LeaderElection (LeaderElection.java:logAndReturn(90)) - 5a2bde7b-6aad-464a-b794-b1a97ffa6b25@group-517F44EB6A1F-LeaderElection7: ELECTION PASSED received 1 response(s) and 0 exception(s):
2023-02-01 18:45:50,932 [5a2bde7b-6aad-464a-b794-b1a97ffa6b25@group-517F44EB6A1F-LeaderElection7] INFO  impl.LeaderElection (LeaderElection.java:logAndReturn(94)) -   Response 0: 5a2bde7b-6aad-464a-b794-b1a97ffa6b25<-8e758023-c9f0-4f3e-97a8-668246130508#0:OK-t2
2023-02-01 18:45:50,932 [5a2bde7b-6aad-464a-b794-b1a97ffa6b25@group-517F44EB6A1F-LeaderElection7] INFO  impl.LeaderElection (LeaderElection.java:askForVotes(314)) - 5a2bde7b-6aad-464a-b794-b1a97ffa6b25@group-517F44EB6A1F-LeaderElection7 ELECTION round 0: result PASSED
2023-02-01 18:45:50,932 [5a2bde7b-6aad-464a-b794-b1a97ffa6b25@group-517F44EB6A1F-LeaderElection7] INFO  impl.RoleInfo (RoleInfo.java:shutdownLeaderElection(130)) - 5a2bde7b-6aad-464a-b794-b1a97ffa6b25: shutdown 5a2bde7b-6aad-464a-b794-b1a97ffa6b25@group-517F44EB6A1F-LeaderElection7
2023-02-01 18:45:50,932 [5a2bde7b-6aad-464a-b794-b1a97ffa6b25@group-517F44EB6A1F-LeaderElection7] INFO  server.RaftServer$Division (RaftServerImpl.java:setRole(321)) - 5a2bde7b-6aad-464a-b794-b1a97ffa6b25@group-517F44EB6A1F: changes role from CANDIDATE to LEADER at term 2 for changeToLeader
2023-02-01 18:45:50,932 [5a2bde7b-6aad-464a-b794-b1a97ffa6b25@group-517F44EB6A1F-LeaderElection7] INFO  ratis.XceiverServerRatis (XceiverServerRatis.java:handleLeaderChangedNotification(904)) - Leader change notification received for group: group-517F44EB6A1F with new leaderId: 5a2bde7b-6aad-464a-b794-b1a97ffa6b25
2023-02-01 18:45:50,932 [5a2bde7b-6aad-464a-b794-b1a97ffa6b25@group-517F44EB6A1F-LeaderElection7] INFO  server.RaftServer$Division (ServerState.java:setLeader(313)) - 5a2bde7b-6aad-464a-b794-b1a97ffa6b25@group-517F44EB6A1F: change Leader from null to 5a2bde7b-6aad-464a-b794-b1a97ffa6b25 at term 2 for becomeLeader, leader elected after 9387ms
2023-02-01 18:45:50,932 [5a2bde7b-6aad-464a-b794-b1a97ffa6b25@group-517F44EB6A1F-LeaderElection7] INFO  server.RaftServerConfigKeys (ConfUtils.java:logGet(46)) - raft.server.staging.catchup.gap = 1000 (default)
2023-02-01 18:45:50,932 [5a2bde7b-6aad-464a-b794-b1a97ffa6b25@group-517F44EB6A1F-LeaderElection7] INFO  server.RaftServerConfigKeys (ConfUtils.java:logGet(46)) - raft.server.write.element-limit = 1024 (custom)
2023-02-01 18:45:50,932 [5a2bde7b-6aad-464a-b794-b1a97ffa6b25@group-517F44EB6A1F-LeaderElection7] INFO  server.RaftServerConfigKeys (ConfUtils.java:logGet(46)) - raft.server.write.byte-limit = 1024 M (=1073741824) (custom)
2023-02-01 18:45:50,933 [5a2bde7b-6aad-464a-b794-b1a97ffa6b25@group-517F44EB6A1F-LeaderElection7] INFO  server.RaftServerConfigKeys (ConfUtils.java:logGet(46)) - raft.server.watch.timeout = 180s (custom)
2023-02-01 18:45:50,933 [5a2bde7b-6aad-464a-b794-b1a97ffa6b25@group-517F44EB6A1F-LeaderElection7] INFO  server.RaftServerConfigKeys (ConfUtils.java:logGet(46)) - raft.server.watch.timeout.denomination = 1s (default)
2023-02-01 18:45:50,933 [5a2bde7b-6aad-464a-b794-b1a97ffa6b25@group-517F44EB6A1F-LeaderElection7] INFO  server.RaftServerConfigKeys (ConfUtils.java:logGet(46)) - raft.server.watch.element-limit = 65536 (default)
2023-02-01 18:45:50,933 [5a2bde7b-6aad-464a-b794-b1a97ffa6b25@group-517F44EB6A1F-LeaderElection7] INFO  server.RaftServerConfigKeys (ConfUtils.java:logGet(46)) - raft.server.write.element-limit = 1024 (custom)
2023-02-01 18:45:50,933 [5a2bde7b-6aad-464a-b794-b1a97ffa6b25@group-517F44EB6A1F-LeaderElection7] INFO  server.RaftServerConfigKeys (ConfUtils.java:logGet(46)) - raft.server.write.follower.gap.ratio.max = -1.0 (default)
2023-02-01 18:45:50,935 | INFO  | SCMAudit | user=runner | ip=10.1.0.29 | op=SEND_HEARTBEAT {datanodeUUID=5a2bde7b-6aad-464a-b794-b1a97ffa6b25, term=-1, command=[]} | ret=SUCCESS |  
2023-02-01 18:45:50,935 [EventQueue-PipelineReportForPipelineReportHandler] INFO  pipeline.PipelineManagerImpl (PipelineManagerImpl.java:openPipeline(367)) - Pipeline Pipeline[ Id: 8492ae3b-1383-40d8-aada-517f44eb6a1f, Nodes: 9d11f7a2-de03-4463-8286-a21ff45a32eb(fv-az985-588.xhnjdmzn5t1uvmusdvupbov25b.phxx.internal.cloudapp.net/10.1.0.29)8e758023-c9f0-4f3e-97a8-668246130508(fv-az985-588.xhnjdmzn5t1uvmusdvupbov25b.phxx.internal.cloudapp.net/10.1.0.29)5a2bde7b-6aad-464a-b794-b1a97ffa6b25(fv-az985-588.xhnjdmzn5t1uvmusdvupbov25b.phxx.internal.cloudapp.net/10.1.0.29), ReplicationConfig: RATIS/THREE, State:ALLOCATED, leaderId:5a2bde7b-6aad-464a-b794-b1a97ffa6b25, CreationTimestamp2023-02-01T18:45:38.505Z[Etc/UTC]] moved to OPEN state
2023-02-01 18:45:50,940 [EventQueue-OpenPipelineForHealthyPipelineSafeModeRule] INFO  safemode.SCMSafeModeManager (HealthyPipelineSafeModeRule.java:process(137)) - SCM in safe mode. Healthy pipelines reported count is 1, required healthy pipeline reported count is 1
2023-02-01 18:45:50,940 [EventQueue-OpenPipelineForHealthyPipelineSafeModeRule] INFO  safemode.SCMSafeModeManager (SCMSafeModeManager.java:validateSafeModeExitRules(200)) - HealthyPipelineSafeModeRule rule is successfully validated
2023-02-01 18:45:50,940 [EventQueue-OpenPipelineForHealthyPipelineSafeModeRule] INFO  safemode.SCMSafeModeManager (SCMSafeModeManager.java:validateSafeModeExitRules(215)) - ScmSafeModeManager, all rules are successfully validated
2023-02-01 18:45:50,940 [EventQueue-OpenPipelineForHealthyPipelineSafeModeRule] INFO  safemode.SCMSafeModeManager (SCMSafeModeManager.java:exitSafeMode(244)) - SCM exiting safe mode.
2023-02-01 18:45:50,941 [EventQueue-OpenPipelineForHealthyPipelineSafeModeRule] INFO  ha.SCMContext (SCMContext.java:updateSafeModeStatus(228)) - Update SafeModeStatus from SafeModeStatus{safeModeStatus=true, preCheckPassed=true} to SafeModeStatus{safeModeStatus=false, preCheckPassed=true}.
2023-02-01 18:45:50,941 [EventQueue-OpenPipelineForHealthyPipelineSafeModeRule] INFO  pipeline.BackgroundPipelineCreator (BackgroundPipelineCreator.java:notifyStatusChanged(254)) - Service BackgroundPipelineCreator transitions to RUNNING.
2023-02-01 18:45:50,941 [EventQueue-OpenPipelineForHealthyPipelineSafeModeRule] INFO  BackgroundPipelineScrubber (BackgroundSCMService.java:notifyStatusChanged(82)) - Service BackgroundPipelineScrubber transitions to RUNNING.
2023-02-01 18:45:50,941 [EventQueue-OpenPipelineForHealthyPipelineSafeModeRule] INFO  ExpiredContainerReplicaOpScrubber (BackgroundSCMService.java:notifyStatusChanged(82)) - Service ExpiredContainerReplicaOpScrubber transitions to RUNNING.
2023-02-01 18:45:50,941 [EventQueue-OpenPipelineForHealthyPipelineSafeModeRule] INFO  replication.ReplicationManager (ReplicationManager.java:notifyStatusChanged(937)) - Service ReplicationManager transitions to RUNNING.
2023-02-01 18:45:50,945 [EventQueue-OpenPipelineForHealthyPipelineSafeModeRule] WARN  balancer.ContainerBalancer (ContainerBalancer.java:shouldRun(131)) - Could not find persisted configuration for ContainerBalancer when checking if ContainerBalancer should run. ContainerBalancer should not run now.
2023-02-01 18:45:50,948 [grpc-default-executor-1] INFO  server.RaftServer$Division (RaftServerImpl.java:requestVote(1218)) - 9d11f7a2-de03-4463-8286-a21ff45a32eb@group-517F44EB6A1F: receive requestVote(ELECTION, 5a2bde7b-6aad-464a-b794-b1a97ffa6b25, group-517F44EB6A1F, 2, (t:0, i:0))
2023-02-01 18:45:50,950 [grpc-default-executor-1] INFO  impl.VoteContext (VoteContext.java:log(49)) - 9d11f7a2-de03-4463-8286-a21ff45a32eb@group-517F44EB6A1F-FOLLOWER: accept ELECTION from 5a2bde7b-6aad-464a-b794-b1a97ffa6b25: our priority 0 <= candidate's priority 1
2023-02-01 18:45:50,950 [grpc-default-executor-1] INFO  server.RaftServer$Division (RaftServerImpl.java:setRole(321)) - 9d11f7a2-de03-4463-8286-a21ff45a32eb@group-517F44EB6A1F: changes role from  FOLLOWER to FOLLOWER at term 2 for candidate:5a2bde7b-6aad-464a-b794-b1a97ffa6b25
2023-02-01 18:45:50,950 [grpc-default-executor-1] INFO  impl.RoleInfo (RoleInfo.java:shutdownFollowerState(110)) - 9d11f7a2-de03-4463-8286-a21ff45a32eb: shutdown 9d11f7a2-de03-4463-8286-a21ff45a32eb@group-517F44EB6A1F-FollowerState
2023-02-01 18:45:50,950 [grpc-default-executor-1] INFO  impl.RoleInfo (RoleInfo.java:updateAndGet(139)) - 9d11f7a2-de03-4463-8286-a21ff45a32eb: start 9d11f7a2-de03-4463-8286-a21ff45a32eb@group-517F44EB6A1F-FollowerState
2023-02-01 18:45:50,950 [9d11f7a2-de03-4463-8286-a21ff45a32eb@group-517F44EB6A1F-FollowerState] INFO  impl.FollowerState (FollowerState.java:run(152)) - 9d11f7a2-de03-4463-8286-a21ff45a32eb@group-517F44EB6A1F-FollowerState was interrupted
2023-02-01 18:45:50,959 [grpc-default-executor-1] INFO  server.RaftServer$Division (RaftServerImpl.java:requestVote(1251)) - 9d11f7a2-de03-4463-8286-a21ff45a32eb@group-517F44EB6A1F replies to ELECTION vote request: 5a2bde7b-6aad-464a-b794-b1a97ffa6b25<-9d11f7a2-de03-4463-8286-a21ff45a32eb#0:OK-t2. Peer's state: 9d11f7a2-de03-4463-8286-a21ff45a32eb@group-517F44EB6A1F:t2, leader=null, voted=5a2bde7b-6aad-464a-b794-b1a97ffa6b25, raftlog=Memoized:9d11f7a2-de03-4463-8286-a21ff45a32eb@group-517F44EB6A1F-SegmentedRaftLog:OPENED:c-1, conf=-1: peers:[8e758023-c9f0-4f3e-97a8-668246130508|rpc:10.1.0.29:38211|dataStream:10.1.0.29:41975|priority:0|startupRole:FOLLOWER, 9d11f7a2-de03-4463-8286-a21ff45a32eb|rpc:10.1.0.29:46231|dataStream:10.1.0.29:42455|priority:0|startupRole:FOLLOWER, 5a2bde7b-6aad-464a-b794-b1a97ffa6b25|rpc:10.1.0.29:37273|dataStream:10.1.0.29:40949|priority:1|startupRole:FOLLOWER]|listeners:[], old=null
2023-02-01 18:45:50,961 [9d11f7a2-de03-4463-8286-a21ff45a32eb@group-517F44EB6A1F-FollowerState] INFO  server.RaftServerConfigKeys (ConfUtils.java:logFallback(53)) - raft.server.rpc.first-election.timeout.min = 5s (fallback to raft.server.rpc.timeout.min)
2023-02-01 18:45:50,962 [9d11f7a2-de03-4463-8286-a21ff45a32eb@group-517F44EB6A1F-FollowerState] INFO  server.RaftServerConfigKeys (ConfUtils.java:logFallback(53)) - raft.server.rpc.first-election.timeout.max = 5200ms (fallback to raft.server.rpc.timeout.max)
2023-02-01 18:45:50,964 [5a2bde7b-6aad-464a-b794-b1a97ffa6b25@group-517F44EB6A1F-LeaderElection7] INFO  server.RaftServerConfigKeys (ConfUtils.java:logGet(46)) - raft.server.log.appender.snapshot.chunk.size.max = 16MB (=16777216) (default)
2023-02-01 18:45:50,965 [5a2bde7b-6aad-464a-b794-b1a97ffa6b25@group-517F44EB6A1F-LeaderElection7] INFO  server.RaftServerConfigKeys (ConfUtils.java:logGet(46)) - raft.server.log.appender.buffer.byte-limit = 33554432 (custom)
2023-02-01 18:45:50,965 [5a2bde7b-6aad-464a-b794-b1a97ffa6b25@group-517F44EB6A1F-LeaderElection7] INFO  server.RaftServerConfigKeys (ConfUtils.java:logGet(46)) - raft.server.log.appender.buffer.element-limit = 1 (custom)
2023-02-01 18:45:50,968 [5a2bde7b-6aad-464a-b794-b1a97ffa6b25@group-517F44EB6A1F-LeaderElection7] INFO  grpc.GrpcConfigKeys (ConfUtils.java:logGet(46)) - raft.grpc.server.leader.outstanding.appends.max = 128 (default)
2023-02-01 18:45:50,968 [5a2bde7b-6aad-464a-b794-b1a97ffa6b25@group-517F44EB6A1F-LeaderElection7] INFO  server.RaftServerConfigKeys (ConfUtils.java:logGet(46)) - raft.server.rpc.request.timeout = 60s (custom)
2023-02-01 18:45:50,968 [5a2bde7b-6aad-464a-b794-b1a97ffa6b25@group-517F44EB6A1F-LeaderElection7] INFO  server.RaftServerConfigKeys (ConfUtils.java:logGet(46)) - raft.server.log.appender.install.snapshot.enabled = false (custom)
2023-02-01 18:45:50,968 [5a2bde7b-6aad-464a-b794-b1a97ffa6b25@group-517F44EB6A1F-LeaderElection7] INFO  grpc.GrpcConfigKeys (ConfUtils.java:logGet(46)) - raft.grpc.server.heartbeat.channel = true (default)
2023-02-01 18:45:50,968 [5a2bde7b-6aad-464a-b794-b1a97ffa6b25@group-517F44EB6A1F-LeaderElection7] INFO  server.RaftServerConfigKeys (ConfUtils.java:logGet(46)) - raft.server.log.appender.wait-time.min = 10ms (default)
2023-02-01 18:45:50,970 [5a2bde7b-6aad-464a-b794-b1a97ffa6b25@group-517F44EB6A1F-LeaderElection7] INFO  server.RaftServerConfigKeys (ConfUtils.java:logGet(46)) - raft.server.log.appender.snapshot.chunk.size.max = 16MB (=16777216) (default)
2023-02-01 18:45:50,970 [5a2bde7b-6aad-464a-b794-b1a97ffa6b25@group-517F44EB6A1F-LeaderElection7] INFO  server.RaftServerConfigKeys (ConfUtils.java:logGet(46)) - raft.server.log.appender.buffer.byte-limit = 33554432 (custom)
2023-02-01 18:45:50,970 [5a2bde7b-6aad-464a-b794-b1a97ffa6b25@group-517F44EB6A1F-LeaderElection7] INFO  server.RaftServerConfigKeys (ConfUtils.java:logGet(46)) - raft.server.log.appender.buffer.element-limit = 1 (custom)
2023-02-01 18:45:50,970 [5a2bde7b-6aad-464a-b794-b1a97ffa6b25@group-517F44EB6A1F-LeaderElection7] INFO  grpc.GrpcConfigKeys (ConfUtils.java:logGet(46)) - raft.grpc.server.leader.outstanding.appends.max = 128 (default)
2023-02-01 18:45:50,970 [5a2bde7b-6aad-464a-b794-b1a97ffa6b25@group-517F44EB6A1F-LeaderElection7] INFO  server.RaftServerConfigKeys (ConfUtils.java:logGet(46)) - raft.server.rpc.request.timeout = 60s (custom)
2023-02-01 18:45:50,970 [5a2bde7b-6aad-464a-b794-b1a97ffa6b25@group-517F44EB6A1F-LeaderElection7] INFO  server.RaftServerConfigKeys (ConfUtils.java:logGet(46)) - raft.server.log.appender.install.snapshot.enabled = false (custom)
2023-02-01 18:45:50,970 [5a2bde7b-6aad-464a-b794-b1a97ffa6b25@group-517F44EB6A1F-LeaderElection7] INFO  grpc.GrpcConfigKeys (ConfUtils.java:logGet(46)) - raft.grpc.server.heartbeat.channel = true (default)
2023-02-01 18:45:50,970 [5a2bde7b-6aad-464a-b794-b1a97ffa6b25@group-517F44EB6A1F-LeaderElection7] INFO  server.RaftServerConfigKeys (ConfUtils.java:logGet(46)) - raft.server.log.appender.wait-time.min = 10ms (default)
2023-02-01 18:45:50,971 [5a2bde7b-6aad-464a-b794-b1a97ffa6b25@group-517F44EB6A1F-LeaderElection7] INFO  impl.RoleInfo (RoleInfo.java:updateAndGet(139)) - 5a2bde7b-6aad-464a-b794-b1a97ffa6b25: start 5a2bde7b-6aad-464a-b794-b1a97ffa6b25@group-517F44EB6A1F-LeaderStateImpl
2023-02-01 18:45:50,971 [5a2bde7b-6aad-464a-b794-b1a97ffa6b25@group-517F44EB6A1F-LeaderElection7] INFO  segmented.SegmentedRaftLogWorker (SegmentedRaftLogWorker.java:startLogSegment(452)) - 5a2bde7b-6aad-464a-b794-b1a97ffa6b25@group-517F44EB6A1F-SegmentedRaftLogWorker: Starting segment from index:0
2023-02-01 18:45:50,973 [5a2bde7b-6aad-464a-b794-b1a97ffa6b25@group-517F44EB6A1F-SegmentedRaftLogWorker] INFO  segmented.SegmentedRaftLogWorker (SegmentedRaftLogWorker.java:execute(656)) - 5a2bde7b-6aad-464a-b794-b1a97ffa6b25@group-517F44EB6A1F-SegmentedRaftLogWorker: created new log segment /home/runner/work/ozone/ozone/hadoop-ozone/integration-test/target/test-dir/MiniOzoneClusterImpl-64158d22-d035-436d-bfd1-97d6094c143d/datanode-2/data/ratis/8492ae3b-1383-40d8-aada-517f44eb6a1f/current/log_inprogress_0
2023-02-01 18:45:50,989 [5a2bde7b-6aad-464a-b794-b1a97ffa6b25@group-517F44EB6A1F-LeaderElection7] INFO  server.RaftServer$Division (ServerState.java:setRaftConf(430)) - 5a2bde7b-6aad-464a-b794-b1a97ffa6b25@group-517F44EB6A1F: set configuration 0: peers:[8e758023-c9f0-4f3e-97a8-668246130508|rpc:10.1.0.29:38211|dataStream:10.1.0.29:41975|priority:0|startupRole:FOLLOWER, 9d11f7a2-de03-4463-8286-a21ff45a32eb|rpc:10.1.0.29:46231|dataStream:10.1.0.29:42455|priority:0|startupRole:FOLLOWER, 5a2bde7b-6aad-464a-b794-b1a97ffa6b25|rpc:10.1.0.29:37273|dataStream:10.1.0.29:40949|priority:1|startupRole:FOLLOWER]|listeners:[], old=null
2023-02-01 18:45:51,040 [9d11f7a2-de03-4463-8286-a21ff45a32eb-server-thread2] INFO  ratis.XceiverServerRatis (XceiverServerRatis.java:handleLeaderChangedNotification(904)) - Leader change notification received for group: group-517F44EB6A1F with new leaderId: 5a2bde7b-6aad-464a-b794-b1a97ffa6b25
2023-02-01 18:45:51,040 [9d11f7a2-de03-4463-8286-a21ff45a32eb-server-thread2] INFO  server.RaftServer$Division (ServerState.java:setLeader(313)) - 9d11f7a2-de03-4463-8286-a21ff45a32eb@group-517F44EB6A1F: change Leader from null to 5a2bde7b-6aad-464a-b794-b1a97ffa6b25 at term 2 for appendEntries, leader elected after 10386ms
2023-02-01 18:45:51,041 [8e758023-c9f0-4f3e-97a8-668246130508-server-thread1] INFO  ratis.XceiverServerRatis (XceiverServerRatis.java:handleLeaderChangedNotification(904)) - Leader change notification received for group: group-517F44EB6A1F with new leaderId: 5a2bde7b-6aad-464a-b794-b1a97ffa6b25
2023-02-01 18:45:51,046 [8e758023-c9f0-4f3e-97a8-668246130508-server-thread1] INFO  server.RaftServer$Division (ServerState.java:setLeader(313)) - 8e758023-c9f0-4f3e-97a8-668246130508@group-517F44EB6A1F: change Leader from null to 5a2bde7b-6aad-464a-b794-b1a97ffa6b25 at term 2 for appendEntries, leader elected after 9868ms
2023-02-01 18:45:51,046 [9d11f7a2-de03-4463-8286-a21ff45a32eb-server-thread2] INFO  server.RaftServer$Division (ServerState.java:setRaftConf(430)) - 9d11f7a2-de03-4463-8286-a21ff45a32eb@group-517F44EB6A1F: set configuration 0: peers:[8e758023-c9f0-4f3e-97a8-668246130508|rpc:10.1.0.29:38211|dataStream:10.1.0.29:41975|priority:0|startupRole:FOLLOWER, 9d11f7a2-de03-4463-8286-a21ff45a32eb|rpc:10.1.0.29:46231|dataStream:10.1.0.29:42455|priority:0|startupRole:FOLLOWER, 5a2bde7b-6aad-464a-b794-b1a97ffa6b25|rpc:10.1.0.29:37273|dataStream:10.1.0.29:40949|priority:1|startupRole:FOLLOWER]|listeners:[], old=null
2023-02-01 18:45:51,047 [9d11f7a2-de03-4463-8286-a21ff45a32eb-server-thread2] INFO  segmented.SegmentedRaftLogWorker (SegmentedRaftLogWorker.java:startLogSegment(452)) - 9d11f7a2-de03-4463-8286-a21ff45a32eb@group-517F44EB6A1F-SegmentedRaftLogWorker: Starting segment from index:0
2023-02-01 18:45:51,052 [8e758023-c9f0-4f3e-97a8-668246130508-server-thread1] INFO  server.RaftServer$Division (ServerState.java:setRaftConf(430)) - 8e758023-c9f0-4f3e-97a8-668246130508@group-517F44EB6A1F: set configuration 0: peers:[8e758023-c9f0-4f3e-97a8-668246130508|rpc:10.1.0.29:38211|dataStream:10.1.0.29:41975|priority:0|startupRole:FOLLOWER, 9d11f7a2-de03-4463-8286-a21ff45a32eb|rpc:10.1.0.29:46231|dataStream:10.1.0.29:42455|priority:0|startupRole:FOLLOWER, 5a2bde7b-6aad-464a-b794-b1a97ffa6b25|rpc:10.1.0.29:37273|dataStream:10.1.0.29:40949|priority:1|startupRole:FOLLOWER]|listeners:[], old=null
2023-02-01 18:45:51,055 [9d11f7a2-de03-4463-8286-a21ff45a32eb@group-517F44EB6A1F-SegmentedRaftLogWorker] INFO  segmented.SegmentedRaftLogWorker (SegmentedRaftLogWorker.java:execute(656)) - 9d11f7a2-de03-4463-8286-a21ff45a32eb@group-517F44EB6A1F-SegmentedRaftLogWorker: created new log segment /home/runner/work/ozone/ozone/hadoop-ozone/integration-test/target/test-dir/MiniOzoneClusterImpl-64158d22-d035-436d-bfd1-97d6094c143d/datanode-0/data/ratis/8492ae3b-1383-40d8-aada-517f44eb6a1f/current/log_inprogress_0
2023-02-01 18:45:51,064 [8e758023-c9f0-4f3e-97a8-668246130508-server-thread1] INFO  segmented.SegmentedRaftLogWorker (SegmentedRaftLogWorker.java:startLogSegment(452)) - 8e758023-c9f0-4f3e-97a8-668246130508@group-517F44EB6A1F-SegmentedRaftLogWorker: Starting segment from index:0
2023-02-01 18:45:51,068 [8e758023-c9f0-4f3e-97a8-668246130508@group-517F44EB6A1F-SegmentedRaftLogWorker] INFO  segmented.SegmentedRaftLogWorker (SegmentedRaftLogWorker.java:execute(656)) - 8e758023-c9f0-4f3e-97a8-668246130508@group-517F44EB6A1F-SegmentedRaftLogWorker: created new log segment /home/runner/work/ozone/ozone/hadoop-ozone/integration-test/target/test-dir/MiniOzoneClusterImpl-64158d22-d035-436d-bfd1-97d6094c143d/datanode-1/data/ratis/8492ae3b-1383-40d8-aada-517f44eb6a1f/current/log_inprogress_0
2023-02-01 18:45:51,194 | INFO  | SCMAudit | user=runner | ip=10.1.0.29 | op=SEND_HEARTBEAT {datanodeUUID=8e758023-c9f0-4f3e-97a8-668246130508, term=-1, command=[]} | ret=SUCCESS |  
2023-02-01 18:45:51,489 [Listener at 127.0.0.1/39701] INFO  ozone.MiniOzoneClusterImpl (MiniOzoneClusterImpl.java:lambda$waitForClusterToBeReady$0(218)) - Nodes are ready. Got 3 of 3 DN Heartbeats.
2023-02-01 18:45:51,489 [Listener at 127.0.0.1/39701] INFO  ozone.MiniOzoneClusterImpl (MiniOzoneClusterImpl.java:lambda$waitForClusterToBeReady$0(221)) - Cluster exits safe mode
2023-02-01 18:45:51,489 [Listener at 127.0.0.1/39701] INFO  ozone.MiniOzoneClusterImpl (MiniOzoneClusterImpl.java:lambda$waitForClusterToBeReady$0(223)) - SCM became leader
2023-02-01 18:45:51,789 [JvmPauseMonitor2] WARN  util.JvmPauseMonitor (JvmPauseMonitor.java:detectPause(126)) - JvmPauseMonitor-8e758023-c9f0-4f3e-97a8-668246130508: Detected pause in JVM or host machine (eg GC): pause of approximately 160686840ns.
GC pool 'PS MarkSweep' had collection(s): count=1 time=174ms
GC pool 'PS Scavenge' had collection(s): count=1 time=63ms
2023-02-01 18:45:51,790 | INFO  | SCMAudit | user=runner | ip=10.1.0.29 | op=SEND_HEARTBEAT {datanodeUUID=9d11f7a2-de03-4463-8286-a21ff45a32eb, term=-1, command=[]} | ret=SUCCESS |  
2023-02-01 18:45:51,791 [JvmPauseMonitor0] WARN  util.JvmPauseMonitor (JvmPauseMonitor.java:detectPause(126)) - JvmPauseMonitor-om1: Detected pause in JVM or host machine (eg GC): pause of approximately 139104453ns.
GC pool 'PS MarkSweep' had collection(s): count=1 time=174ms
GC pool 'PS Scavenge' had collection(s): count=1 time=63ms
2023-02-01 18:45:51,793 [9d11f7a2-de03-4463-8286-a21ff45a32eb@group-75311C7AE31C-FollowerState] INFO  impl.FollowerState (FollowerState.java:run(143)) - 9d11f7a2-de03-4463-8286-a21ff45a32eb@group-75311C7AE31C-FollowerState: change to CANDIDATE, lastRpcElapsedTime:5091200836ns, electionTimeout:5081ms
2023-02-01 18:45:51,794 [9d11f7a2-de03-4463-8286-a21ff45a32eb@group-75311C7AE31C-FollowerState] INFO  impl.RoleInfo (RoleInfo.java:shutdownFollowerState(110)) - 9d11f7a2-de03-4463-8286-a21ff45a32eb: shutdown 9d11f7a2-de03-4463-8286-a21ff45a32eb@group-75311C7AE31C-FollowerState
2023-02-01 18:45:51,794 [9d11f7a2-de03-4463-8286-a21ff45a32eb@group-75311C7AE31C-FollowerState] INFO  server.RaftServer$Division (RaftServerImpl.java:setRole(321)) - 9d11f7a2-de03-4463-8286-a21ff45a32eb@group-75311C7AE31C: changes role from  FOLLOWER to CANDIDATE at term 1 for changeToCandidate
2023-02-01 18:45:51,794 [9d11f7a2-de03-4463-8286-a21ff45a32eb@group-75311C7AE31C-FollowerState] INFO  server.RaftServerConfigKeys (ConfUtils.java:logGet(46)) - raft.server.leaderelection.pre-vote = false (custom)
2023-02-01 18:45:51,794 [9d11f7a2-de03-4463-8286-a21ff45a32eb@group-75311C7AE31C-FollowerState] INFO  impl.RoleInfo (RoleInfo.java:updateAndGet(139)) - 9d11f7a2-de03-4463-8286-a21ff45a32eb: start 9d11f7a2-de03-4463-8286-a21ff45a32eb@group-75311C7AE31C-LeaderElection8
2023-02-01 18:45:51,806 [8e758023-c9f0-4f3e-97a8-668246130508@group-75311C7AE31C-FollowerState] INFO  impl.FollowerState (FollowerState.java:run(143)) - 8e758023-c9f0-4f3e-97a8-668246130508@group-75311C7AE31C-FollowerState: change to CANDIDATE, lastRpcElapsedTime:5115260734ns, electionTimeout:5086ms
2023-02-01 18:45:51,806 [8e758023-c9f0-4f3e-97a8-668246130508@group-75311C7AE31C-FollowerState] INFO  impl.RoleInfo (RoleInfo.java:shutdownFollowerState(110)) - 8e758023-c9f0-4f3e-97a8-668246130508: shutdown 8e758023-c9f0-4f3e-97a8-668246130508@group-75311C7AE31C-FollowerState
2023-02-01 18:45:51,806 [8e758023-c9f0-4f3e-97a8-668246130508@group-75311C7AE31C-FollowerState] INFO  server.RaftServer$Division (RaftServerImpl.java:setRole(321)) - 8e758023-c9f0-4f3e-97a8-668246130508@group-75311C7AE31C: changes role from  FOLLOWER to CANDIDATE at term 1 for changeToCandidate
2023-02-01 18:45:51,806 [8e758023-c9f0-4f3e-97a8-668246130508@group-75311C7AE31C-FollowerState] INFO  server.RaftServerConfigKeys (ConfUtils.java:logGet(46)) - raft.server.leaderelection.pre-vote = false (custom)
2023-02-01 18:45:51,807 [8e758023-c9f0-4f3e-97a8-668246130508@group-75311C7AE31C-FollowerState] INFO  impl.RoleInfo (RoleInfo.java:updateAndGet(139)) - 8e758023-c9f0-4f3e-97a8-668246130508: start 8e758023-c9f0-4f3e-97a8-668246130508@group-75311C7AE31C-LeaderElection9
2023-02-01 18:45:51,810 [8e758023-c9f0-4f3e-97a8-668246130508@group-75311C7AE31C-LeaderElection9] INFO  impl.LeaderElection (LeaderElection.java:askForVotes(312)) - 8e758023-c9f0-4f3e-97a8-668246130508@group-75311C7AE31C-LeaderElection9 ELECTION round 0: submit vote requests at term 2 for -1: peers:[8e758023-c9f0-4f3e-97a8-668246130508|rpc:10.1.0.29:38211|dataStream:10.1.0.29:41975|priority:1|startupRole:FOLLOWER, 9d11f7a2-de03-4463-8286-a21ff45a32eb|rpc:10.1.0.29:46231|dataStream:10.1.0.29:42455|priority:0|startupRole:FOLLOWER, 5a2bde7b-6aad-464a-b794-b1a97ffa6b25|rpc:10.1.0.29:37273|dataStream:10.1.0.29:40949|priority:0|startupRole:FOLLOWER]|listeners:[], old=null
2023-02-01 18:45:51,811 [8e758023-c9f0-4f3e-97a8-668246130508@group-75311C7AE31C-LeaderElection9-1] INFO  server.GrpcServerProtocolClient (GrpcServerProtocolClient.java:<init>(63)) - Build channel for 9d11f7a2-de03-4463-8286-a21ff45a32eb
2023-02-01 18:45:51,815 [8e758023-c9f0-4f3e-97a8-668246130508@group-75311C7AE31C-LeaderElection9] INFO  server.RaftServerConfigKeys (ConfUtils.java:logFallback(53)) - raft.server.rpc.first-election.timeout.min = 5s (fallback to raft.server.rpc.timeout.min)
2023-02-01 18:45:51,820 [9d11f7a2-de03-4463-8286-a21ff45a32eb@group-75311C7AE31C-LeaderElection8] INFO  impl.LeaderElection (LeaderElection.java:askForVotes(312)) - 9d11f7a2-de03-4463-8286-a21ff45a32eb@group-75311C7AE31C-LeaderElection8 ELECTION round 0: submit vote requests at term 2 for -1: peers:[8e758023-c9f0-4f3e-97a8-668246130508|rpc:10.1.0.29:38211|dataStream:10.1.0.29:41975|priority:1|startupRole:FOLLOWER, 9d11f7a2-de03-4463-8286-a21ff45a32eb|rpc:10.1.0.29:46231|dataStream:10.1.0.29:42455|priority:0|startupRole:FOLLOWER, 5a2bde7b-6aad-464a-b794-b1a97ffa6b25|rpc:10.1.0.29:37273|dataStream:10.1.0.29:40949|priority:0|startupRole:FOLLOWER]|listeners:[], old=null
2023-02-01 18:45:51,822 [8e758023-c9f0-4f3e-97a8-668246130508@group-75311C7AE31C-LeaderElection9] INFO  server.RaftServerConfigKeys (ConfUtils.java:logFallback(53)) - raft.server.rpc.first-election.timeout.max = 5200ms (fallback to raft.server.rpc.timeout.max)
2023-02-01 18:45:51,820 [8e758023-c9f0-4f3e-97a8-668246130508@group-75311C7AE31C-LeaderElection9-2] INFO  server.GrpcServerProtocolClient (GrpcServerProtocolClient.java:<init>(63)) - Build channel for 5a2bde7b-6aad-464a-b794-b1a97ffa6b25
2023-02-01 18:45:51,839 [9d11f7a2-de03-4463-8286-a21ff45a32eb@group-75311C7AE31C-LeaderElection8] INFO  server.RaftServerConfigKeys (ConfUtils.java:logFallback(53)) - raft.server.rpc.first-election.timeout.min = 5s (fallback to raft.server.rpc.timeout.min)
2023-02-01 18:45:51,840 [9d11f7a2-de03-4463-8286-a21ff45a32eb@group-75311C7AE31C-LeaderElection8] INFO  server.RaftServerConfigKeys (ConfUtils.java:logFallback(53)) - raft.server.rpc.first-election.timeout.max = 5200ms (fallback to raft.server.rpc.timeout.max)
2023-02-01 18:45:51,854 [grpc-default-executor-0] INFO  server.RaftServer$Division (RaftServerImpl.java:requestVote(1218)) - 5a2bde7b-6aad-464a-b794-b1a97ffa6b25@group-75311C7AE31C: receive requestVote(ELECTION, 9d11f7a2-de03-4463-8286-a21ff45a32eb, group-75311C7AE31C, 2, (t:0, i:0))
2023-02-01 18:45:51,854 [grpc-default-executor-2] INFO  server.RaftServer$Division (RaftServerImpl.java:requestVote(1218)) - 9d11f7a2-de03-4463-8286-a21ff45a32eb@group-75311C7AE31C: receive requestVote(ELECTION, 8e758023-c9f0-4f3e-97a8-668246130508, group-75311C7AE31C, 2, (t:0, i:0))
2023-02-01 18:45:51,854 [grpc-default-executor-2] INFO  impl.VoteContext (VoteContext.java:log(49)) - 9d11f7a2-de03-4463-8286-a21ff45a32eb@group-75311C7AE31C-CANDIDATE: reject ELECTION from 8e758023-c9f0-4f3e-97a8-668246130508: already has voted for 9d11f7a2-de03-4463-8286-a21ff45a32eb at current term 2
2023-02-01 18:45:51,855 [grpc-default-executor-2] INFO  server.RaftServer$Division (RaftServerImpl.java:requestVote(1251)) - 9d11f7a2-de03-4463-8286-a21ff45a32eb@group-75311C7AE31C replies to ELECTION vote request: 8e758023-c9f0-4f3e-97a8-668246130508<-9d11f7a2-de03-4463-8286-a21ff45a32eb#0:FAIL-t2. Peer's state: 9d11f7a2-de03-4463-8286-a21ff45a32eb@group-75311C7AE31C:t2, leader=null, voted=9d11f7a2-de03-4463-8286-a21ff45a32eb, raftlog=Memoized:9d11f7a2-de03-4463-8286-a21ff45a32eb@group-75311C7AE31C-SegmentedRaftLog:OPENED:c-1, conf=-1: peers:[8e758023-c9f0-4f3e-97a8-668246130508|rpc:10.1.0.29:38211|dataStream:10.1.0.29:41975|priority:1|startupRole:FOLLOWER, 9d11f7a2-de03-4463-8286-a21ff45a32eb|rpc:10.1.0.29:46231|dataStream:10.1.0.29:42455|priority:0|startupRole:FOLLOWER, 5a2bde7b-6aad-464a-b794-b1a97ffa6b25|rpc:10.1.0.29:37273|dataStream:10.1.0.29:40949|priority:0|startupRole:FOLLOWER]|listeners:[], old=null
2023-02-01 18:45:51,855 [grpc-default-executor-0] INFO  impl.VoteContext (VoteContext.java:log(49)) - 5a2bde7b-6aad-464a-b794-b1a97ffa6b25@group-75311C7AE31C-FOLLOWER: accept ELECTION from 9d11f7a2-de03-4463-8286-a21ff45a32eb: our priority 0 <= candidate's priority 0
2023-02-01 18:45:51,855 [grpc-default-executor-0] INFO  server.RaftServer$Division (RaftServerImpl.java:setRole(321)) - 5a2bde7b-6aad-464a-b794-b1a97ffa6b25@group-75311C7AE31C: changes role from  FOLLOWER to FOLLOWER at term 2 for candidate:9d11f7a2-de03-4463-8286-a21ff45a32eb
2023-02-01 18:45:51,855 [grpc-default-executor-0] INFO  impl.RoleInfo (RoleInfo.java:shutdownFollowerState(110)) - 5a2bde7b-6aad-464a-b794-b1a97ffa6b25: shutdown 5a2bde7b-6aad-464a-b794-b1a97ffa6b25@group-75311C7AE31C-FollowerState
2023-02-01 18:45:51,855 [grpc-default-executor-0] INFO  impl.RoleInfo (RoleInfo.java:updateAndGet(139)) - 5a2bde7b-6aad-464a-b794-b1a97ffa6b25: start 5a2bde7b-6aad-464a-b794-b1a97ffa6b25@group-75311C7AE31C-FollowerState
2023-02-01 18:45:51,856 [5a2bde7b-6aad-464a-b794-b1a97ffa6b25@group-75311C7AE31C-FollowerState] INFO  impl.FollowerState (FollowerState.java:run(152)) - 5a2bde7b-6aad-464a-b794-b1a97ffa6b25@group-75311C7AE31C-FollowerState was interrupted
2023-02-01 18:45:51,876 [grpc-default-executor-0] INFO  server.RaftServer$Division (RaftServerImpl.java:requestVote(1251)) - 5a2bde7b-6aad-464a-b794-b1a97ffa6b25@group-75311C7AE31C replies to ELECTION vote request: 9d11f7a2-de03-4463-8286-a21ff45a32eb<-5a2bde7b-6aad-464a-b794-b1a97ffa6b25#0:OK-t2. Peer's state: 5a2bde7b-6aad-464a-b794-b1a97ffa6b25@group-75311C7AE31C:t2, leader=null, voted=9d11f7a2-de03-4463-8286-a21ff45a32eb, raftlog=Memoized:5a2bde7b-6aad-464a-b794-b1a97ffa6b25@group-75311C7AE31C-SegmentedRaftLog:OPENED:c-1, conf=-1: peers:[8e758023-c9f0-4f3e-97a8-668246130508|rpc:10.1.0.29:38211|dataStream:10.1.0.29:41975|priority:1|startupRole:FOLLOWER, 9d11f7a2-de03-4463-8286-a21ff45a32eb|rpc:10.1.0.29:46231|dataStream:10.1.0.29:42455|priority:0|startupRole:FOLLOWER, 5a2bde7b-6aad-464a-b794-b1a97ffa6b25|rpc:10.1.0.29:37273|dataStream:10.1.0.29:40949|priority:0|startupRole:FOLLOWER]|listeners:[], old=null
2023-02-01 18:45:51,875 [5a2bde7b-6aad-464a-b794-b1a97ffa6b25@group-75311C7AE31C-FollowerState] INFO  server.RaftServerConfigKeys (ConfUtils.java:logFallback(53)) - raft.server.rpc.first-election.timeout.min = 5s (fallback to raft.server.rpc.timeout.min)
2023-02-01 18:45:51,883 [5a2bde7b-6aad-464a-b794-b1a97ffa6b25@group-75311C7AE31C-FollowerState] INFO  server.RaftServerConfigKeys (ConfUtils.java:logFallback(53)) - raft.server.rpc.first-election.timeout.max = 5200ms (fallback to raft.server.rpc.timeout.max)
2023-02-01 18:45:51,885 [grpc-default-executor-0] INFO  server.RaftServer$Division (RaftServerImpl.java:requestVote(1218)) - 8e758023-c9f0-4f3e-97a8-668246130508@group-75311C7AE31C: receive requestVote(ELECTION, 9d11f7a2-de03-4463-8286-a21ff45a32eb, group-75311C7AE31C, 2, (t:0, i:0))
2023-02-01 18:45:51,885 [grpc-default-executor-0] INFO  impl.VoteContext (VoteContext.java:log(49)) - 8e758023-c9f0-4f3e-97a8-668246130508@group-75311C7AE31C-CANDIDATE: reject ELECTION from 9d11f7a2-de03-4463-8286-a21ff45a32eb: already has voted for 8e758023-c9f0-4f3e-97a8-668246130508 at current term 2
2023-02-01 18:45:51,885 [grpc-default-executor-0] INFO  server.RaftServer$Division (RaftServerImpl.java:requestVote(1251)) - 8e758023-c9f0-4f3e-97a8-668246130508@group-75311C7AE31C replies to ELECTION vote request: 9d11f7a2-de03-4463-8286-a21ff45a32eb<-8e758023-c9f0-4f3e-97a8-668246130508#0:FAIL-t2. Peer's state: 8e758023-c9f0-4f3e-97a8-668246130508@group-75311C7AE31C:t2, leader=null, voted=8e758023-c9f0-4f3e-97a8-668246130508, raftlog=Memoized:8e758023-c9f0-4f3e-97a8-668246130508@group-75311C7AE31C-SegmentedRaftLog:OPENED:c-1, conf=-1: peers:[8e758023-c9f0-4f3e-97a8-668246130508|rpc:10.1.0.29:38211|dataStream:10.1.0.29:41975|priority:1|startupRole:FOLLOWER, 9d11f7a2-de03-4463-8286-a21ff45a32eb|rpc:10.1.0.29:46231|dataStream:10.1.0.29:42455|priority:0|startupRole:FOLLOWER, 5a2bde7b-6aad-464a-b794-b1a97ffa6b25|rpc:10.1.0.29:37273|dataStream:10.1.0.29:40949|priority:0|startupRole:FOLLOWER]|listeners:[], old=null
2023-02-01 18:45:51,889 [grpc-default-executor-2] INFO  server.RaftServer$Division (RaftServerImpl.java:requestVote(1218)) - 5a2bde7b-6aad-464a-b794-b1a97ffa6b25@group-75311C7AE31C: receive requestVote(ELECTION, 8e758023-c9f0-4f3e-97a8-668246130508, group-75311C7AE31C, 2, (t:0, i:0))
2023-02-01 18:45:51,889 [grpc-default-executor-2] INFO  impl.VoteContext (VoteContext.java:log(49)) - 5a2bde7b-6aad-464a-b794-b1a97ffa6b25@group-75311C7AE31C-FOLLOWER: reject ELECTION from 8e758023-c9f0-4f3e-97a8-668246130508: already has voted for 9d11f7a2-de03-4463-8286-a21ff45a32eb at current term 2
2023-02-01 18:45:51,889 [grpc-default-executor-2] INFO  server.RaftServer$Division (RaftServerImpl.java:requestVote(1251)) - 5a2bde7b-6aad-464a-b794-b1a97ffa6b25@group-75311C7AE31C replies to ELECTION vote request: 8e758023-c9f0-4f3e-97a8-668246130508<-5a2bde7b-6aad-464a-b794-b1a97ffa6b25#0:FAIL-t2. Peer's state: 5a2bde7b-6aad-464a-b794-b1a97ffa6b25@group-75311C7AE31C:t2, leader=null, voted=9d11f7a2-de03-4463-8286-a21ff45a32eb, raftlog=Memoized:5a2bde7b-6aad-464a-b794-b1a97ffa6b25@group-75311C7AE31C-SegmentedRaftLog:OPENED:c-1, conf=-1: peers:[8e758023-c9f0-4f3e-97a8-668246130508|rpc:10.1.0.29:38211|dataStream:10.1.0.29:41975|priority:1|startupRole:FOLLOWER, 9d11f7a2-de03-4463-8286-a21ff45a32eb|rpc:10.1.0.29:46231|dataStream:10.1.0.29:42455|priority:0|startupRole:FOLLOWER, 5a2bde7b-6aad-464a-b794-b1a97ffa6b25|rpc:10.1.0.29:37273|dataStream:10.1.0.29:40949|priority:0|startupRole:FOLLOWER]|listeners:[], old=null
2023-02-01 18:45:51,892 [9d11f7a2-de03-4463-8286-a21ff45a32eb@group-75311C7AE31C-LeaderElection8] INFO  impl.LeaderElection (LeaderElection.java:logAndReturn(90)) - 9d11f7a2-de03-4463-8286-a21ff45a32eb@group-75311C7AE31C-LeaderElection8: ELECTION REJECTED received 2 response(s) and 0 exception(s):
2023-02-01 18:45:51,893 [9d11f7a2-de03-4463-8286-a21ff45a32eb@group-75311C7AE31C-LeaderElection8] INFO  impl.LeaderElection (LeaderElection.java:logAndReturn(94)) -   Response 0: 9d11f7a2-de03-4463-8286-a21ff45a32eb<-8e758023-c9f0-4f3e-97a8-668246130508#0:FAIL-t2
2023-02-01 18:45:51,893 [9d11f7a2-de03-4463-8286-a21ff45a32eb@group-75311C7AE31C-LeaderElection8] INFO  impl.LeaderElection (LeaderElection.java:logAndReturn(94)) -   Response 1: 9d11f7a2-de03-4463-8286-a21ff45a32eb<-5a2bde7b-6aad-464a-b794-b1a97ffa6b25#0:OK-t2
2023-02-01 18:45:51,893 [9d11f7a2-de03-4463-8286-a21ff45a32eb@group-75311C7AE31C-LeaderElection8] INFO  impl.LeaderElection (LeaderElection.java:askForVotes(314)) - 9d11f7a2-de03-4463-8286-a21ff45a32eb@group-75311C7AE31C-LeaderElection8 ELECTION round 0: result REJECTED
2023-02-01 18:45:51,893 [9d11f7a2-de03-4463-8286-a21ff45a32eb@group-75311C7AE31C-LeaderElection8] INFO  server.RaftServer$Division (RaftServerImpl.java:setRole(321)) - 9d11f7a2-de03-4463-8286-a21ff45a32eb@group-75311C7AE31C: changes role from CANDIDATE to FOLLOWER at term 2 for REJECTED
2023-02-01 18:45:51,893 [9d11f7a2-de03-4463-8286-a21ff45a32eb@group-75311C7AE31C-LeaderElection8] INFO  impl.RoleInfo (RoleInfo.java:shutdownLeaderElection(130)) - 9d11f7a2-de03-4463-8286-a21ff45a32eb: shutdown 9d11f7a2-de03-4463-8286-a21ff45a32eb@group-75311C7AE31C-LeaderElection8
2023-02-01 18:45:51,893 [9d11f7a2-de03-4463-8286-a21ff45a32eb@group-75311C7AE31C-LeaderElection8] INFO  impl.RoleInfo (RoleInfo.java:updateAndGet(139)) - 9d11f7a2-de03-4463-8286-a21ff45a32eb: start 9d11f7a2-de03-4463-8286-a21ff45a32eb@group-75311C7AE31C-FollowerState
2023-02-01 18:45:51,894 [8e758023-c9f0-4f3e-97a8-668246130508@group-75311C7AE31C-LeaderElection9] INFO  impl.LeaderElection (LeaderElection.java:logAndReturn(90)) - 8e758023-c9f0-4f3e-97a8-668246130508@group-75311C7AE31C-LeaderElection9: ELECTION REJECTED received 2 response(s) and 0 exception(s):
2023-02-01 18:45:51,894 [8e758023-c9f0-4f3e-97a8-668246130508@group-75311C7AE31C-LeaderElection9] INFO  impl.LeaderElection (LeaderElection.java:logAndReturn(94)) -   Response 0: 8e758023-c9f0-4f3e-97a8-668246130508<-9d11f7a2-de03-4463-8286-a21ff45a32eb#0:FAIL-t2
2023-02-01 18:45:51,894 [8e758023-c9f0-4f3e-97a8-668246130508@group-75311C7AE31C-LeaderElection9] INFO  impl.LeaderElection (LeaderElection.java:logAndReturn(94)) -   Response 1: 8e758023-c9f0-4f3e-97a8-668246130508<-5a2bde7b-6aad-464a-b794-b1a97ffa6b25#0:FAIL-t2
2023-02-01 18:45:51,894 [8e758023-c9f0-4f3e-97a8-668246130508@group-75311C7AE31C-LeaderElection9] INFO  impl.LeaderElection (LeaderElection.java:askForVotes(314)) - 8e758023-c9f0-4f3e-97a8-668246130508@group-75311C7AE31C-LeaderElection9 ELECTION round 0: result REJECTED
2023-02-01 18:45:51,895 [8e758023-c9f0-4f3e-97a8-668246130508@group-75311C7AE31C-LeaderElection9] INFO  server.RaftServer$Division (RaftServerImpl.java:setRole(321)) - 8e758023-c9f0-4f3e-97a8-668246130508@group-75311C7AE31C: changes role from CANDIDATE to FOLLOWER at term 2 for REJECTED
2023-02-01 18:45:51,900 [8e758023-c9f0-4f3e-97a8-668246130508@group-75311C7AE31C-LeaderElection9] INFO  impl.RoleInfo (RoleInfo.java:shutdownLeaderElection(130)) - 8e758023-c9f0-4f3e-97a8-668246130508: shutdown 8e758023-c9f0-4f3e-97a8-668246130508@group-75311C7AE31C-LeaderElection9
2023-02-01 18:45:51,901 [8e758023-c9f0-4f3e-97a8-668246130508@group-75311C7AE31C-LeaderElection9] INFO  impl.RoleInfo (RoleInfo.java:updateAndGet(139)) - 8e758023-c9f0-4f3e-97a8-668246130508: start 8e758023-c9f0-4f3e-97a8-668246130508@group-75311C7AE31C-FollowerState
2023-02-01 18:45:51,901 [9d11f7a2-de03-4463-8286-a21ff45a32eb@group-75311C7AE31C-FollowerState] INFO  server.RaftServerConfigKeys (ConfUtils.java:logFallback(53)) - raft.server.rpc.first-election.timeout.min = 5s (fallback to raft.server.rpc.timeout.min)
2023-02-01 18:45:51,901 [9d11f7a2-de03-4463-8286-a21ff45a32eb@group-75311C7AE31C-FollowerState] INFO  server.RaftServerConfigKeys (ConfUtils.java:logFallback(53)) - raft.server.rpc.first-election.timeout.max = 5200ms (fallback to raft.server.rpc.timeout.max)
2023-02-01 18:45:51,907 [8e758023-c9f0-4f3e-97a8-668246130508@group-75311C7AE31C-FollowerState] INFO  server.RaftServerConfigKeys (ConfUtils.java:logFallback(53)) - raft.server.rpc.first-election.timeout.min = 5s (fallback to raft.server.rpc.timeout.min)
2023-02-01 18:45:51,907 [8e758023-c9f0-4f3e-97a8-668246130508@group-75311C7AE31C-FollowerState] INFO  server.RaftServerConfigKeys (ConfUtils.java:logFallback(53)) - raft.server.rpc.first-election.timeout.max = 5200ms (fallback to raft.server.rpc.timeout.max)
2023-02-01 18:45:51,935 | INFO  | SCMAudit | user=runner | ip=10.1.0.29 | op=SEND_HEARTBEAT {datanodeUUID=5a2bde7b-6aad-464a-b794-b1a97ffa6b25, term=-1, command=[]} | ret=SUCCESS |  
2023-02-01 18:45:52,195 | INFO  | SCMAudit | user=runner | ip=10.1.0.29 | op=SEND_HEARTBEAT {datanodeUUID=8e758023-c9f0-4f3e-97a8-668246130508, term=-1, command=[]} | ret=SUCCESS |  
2023-02-01 18:45:52,233 | INFO  | OMAudit | user=runner | ip=127.0.0.1 | op=GET_SERVICE_LIST {} | ret=SUCCESS |  
2023-02-01 18:45:52,267 [Time-limited test] INFO  rpc.RpcClient (RpcClient.java:createVolume(474)) - Creating Volume: volume33084, with user51907 as owner and space quota set to -1 bytes, counts quota set to -1
2023-02-01 18:45:52,305 [OM StateMachine ApplyTransaction Thread - 0] WARN  om.OzoneManager (OzoneManager.java:checkAcls(2498)) - User runner doesn't have CREATE permission to access volume Volume:volume33084 
2023-02-01 18:45:52,309 | ERROR | OMAudit | user=runner | ip=127.0.0.1 | op=CREATE_VOLUME {admin=admin66383, owner=user51907, volume=volume33084, creationTime=1675277152272, modificationTime=1675277152272, quotaInBytes=-1, quotaInNamespace=-1, usedNamespace=0, objectID=-9223372036854775552, updateID=1} | ret=FAILURE | PERMISSION_DENIED org.apache.hadoop.ozone.om.exceptions.OMException: User runner doesn't have CREATE permission to access volume Volume:volume33084 
	at org.apache.hadoop.ozone.om.OzoneManager.checkAcls(OzoneManager.java:2501)
	at org.apache.hadoop.ozone.om.OzoneManager.checkAcls(OzoneManager.java:2476) 
2023-02-01 18:45:52,309 [OM StateMachine ApplyTransaction Thread - 0] ERROR volume.OMVolumeCreateRequest (OMVolumeCreateRequest.java:validateAndUpdateCache(198)) - Volume creation failed for user:user51907 volume:volume33084
PERMISSION_DENIED org.apache.hadoop.ozone.om.exceptions.OMException: User runner doesn't have CREATE permission to access volume Volume:volume33084 
	at org.apache.hadoop.ozone.om.OzoneManager.checkAcls(OzoneManager.java:2501)
	at org.apache.hadoop.ozone.om.OzoneManager.checkAcls(OzoneManager.java:2476)
	at org.apache.hadoop.ozone.om.OzoneAclUtils.checkAllAcls(OzoneAclUtils.java:108)
	at org.apache.hadoop.ozone.om.request.OMClientRequest.checkAcls(OMClientRequest.java:360)
	at org.apache.hadoop.ozone.om.request.OMClientRequest.checkAcls(OMClientRequest.java:215)
	at org.apache.hadoop.ozone.om.request.volume.OMVolumeCreateRequest.validateAndUpdateCache(OMVolumeCreateRequest.java:136)
	at org.apache.hadoop.ozone.protocolPB.OzoneManagerRequestHandler.handleWriteRequest(OzoneManagerRequestHandler.java:317)
	at org.apache.hadoop.ozone.om.ratis.OzoneManagerStateMachine.runCommand(OzoneManagerStateMachine.java:533)
	at org.apache.hadoop.ozone.om.ratis.OzoneManagerStateMachine.lambda$1(OzoneManagerStateMachine.java:324)
	at java.util.concurrent.CompletableFuture$AsyncSupply.run(CompletableFuture.java:1604)
	at java.util.concurrent.ThreadPoolExecutor.runWorker(ThreadPoolExecutor.java:1149)
	at java.util.concurrent.ThreadPoolExecutor$Worker.run(ThreadPoolExecutor.java:624)
	at java.lang.Thread.run(Thread.java:750)
]]></system-out>
  </testcase>
  <testcase name="testReadVolumePermissionDenied" classname="org.apache.hadoop.ozone.om.TestOmAcls" time="0.092">
    <system-out><![CDATA[2023-02-01 18:45:52,342 | INFO  | OMAudit | user=runner | ip=127.0.0.1 | op=GET_SERVICE_LIST {} | ret=SUCCESS |  
2023-02-01 18:45:52,354 [Time-limited test] INFO  rpc.RpcClient (RpcClient.java:createVolume(474)) - Creating Volume: volume18650, with user76871 as owner and space quota set to -1 bytes, counts quota set to -1
2023-02-01 18:45:52,369 | INFO  | OMAudit | user=runner | ip=127.0.0.1 | op=CREATE_VOLUME {admin=admin14321, owner=user76871, volume=volume18650, creationTime=1675277152356, modificationTime=1675277152356, quotaInBytes=-1, quotaInNamespace=-1, usedNamespace=0, objectID=-9223372036854775040, updateID=3} | ret=SUCCESS |  
2023-02-01 18:45:52,370 [OM StateMachine ApplyTransaction Thread - 0] INFO  volume.OMVolumeCreateRequest (OMVolumeCreateRequest.java:validateAndUpdateCache(195)) - created volume:volume18650 for user:user76871
2023-02-01 18:45:52,378 | INFO  | OMAudit | user=runner | ip=127.0.0.1 | op=READ_VOLUME {volume=volume18650} | ret=SUCCESS |  
2023-02-01 18:45:52,382 [Time-limited test] INFO  rpc.RpcClient (RpcClient.java:createBucket(693)) - Creating Bucket: volume18650/bucket14282, with bucket layout LEGACY, runner as owner, Versioning false, Storage Type set to DISK and Encryption set to false 
2023-02-01 18:45:52,399 | INFO  | OMAudit | user=runner | ip=127.0.0.1 | op=CREATE_BUCKET {volume=volume18650, bucket=bucket14282, bucketLayout=LEGACY, gdprEnabled=null, acls=[user:runner:a[ACCESS], group:docker:a[ACCESS], group:adm:a[ACCESS], group:systemd-journal:a[ACCESS]], isVersionEnabled=false, storageType=DISK, creationTime=1675277152394, bucketEncryptionKey=null, modificationTime=1675277152394, usedBytes=0, usedNamespace=0} | ret=SUCCESS |  
2023-02-01 18:45:52,400 [OM StateMachine ApplyTransaction Thread - 0] INFO  bucket.OMBucketCreateRequest (OMBucketCreateRequest.java:validateAndUpdateCache(263)) - created bucket: bucket14282 of layout LEGACY in volume: volume18650
2023-02-01 18:45:52,406 | INFO  | OMAudit | user=runner | ip=127.0.0.1 | op=READ_BUCKET {volume=volume18650, bucket=bucket14282} | ret=SUCCESS |  
2023-02-01 18:45:52,413 | INFO  | OMAudit | user=runner | ip=127.0.0.1 | op=GET_SERVICE_LIST {} | ret=SUCCESS |  
2023-02-01 18:45:52,417 [IPC Server handler 11 on default port 39701] WARN  om.OzoneManager (OzoneManager.java:checkAcls(2498)) - User runner doesn't have READ permission to access volume Volume:volume18650 
2023-02-01 18:45:52,417 | ERROR | OMAudit | user=runner | ip=127.0.0.1 | op=READ_VOLUME {volume=volume18650} | ret=FAILURE | PERMISSION_DENIED org.apache.hadoop.ozone.om.exceptions.OMException: User runner doesn't have READ permission to access volume Volume:volume18650 
	at org.apache.hadoop.ozone.om.OzoneManager.checkAcls(OzoneManager.java:2501)
	at org.apache.hadoop.ozone.om.OzoneManager.checkAcls(OzoneManager.java:2476) 
]]></system-out>
  </testcase>
  <testcase name="testCreateBucketPermissionDenied" classname="org.apache.hadoop.ozone.om.TestOmAcls" time="0.039">
    <system-out><![CDATA[2023-02-01 18:45:52,431 | INFO  | OMAudit | user=runner | ip=127.0.0.1 | op=GET_SERVICE_LIST {} | ret=SUCCESS |  
2023-02-01 18:45:52,445 [Time-limited test] INFO  rpc.RpcClient (RpcClient.java:createVolume(474)) - Creating Volume: volume24324, with user15924 as owner and space quota set to -1 bytes, counts quota set to -1
2023-02-01 18:45:52,449 | INFO  | OMAudit | user=runner | ip=127.0.0.1 | op=CREATE_VOLUME {admin=admin81923, owner=user15924, volume=volume24324, creationTime=1675277152446, modificationTime=1675277152446, quotaInBytes=-1, quotaInNamespace=-1, usedNamespace=0, objectID=-9223372036854774016, updateID=7} | ret=SUCCESS |  
2023-02-01 18:45:52,449 [OM StateMachine ApplyTransaction Thread - 0] INFO  volume.OMVolumeCreateRequest (OMVolumeCreateRequest.java:validateAndUpdateCache(195)) - created volume:volume24324 for user:user15924
2023-02-01 18:45:52,452 | INFO  | OMAudit | user=runner | ip=127.0.0.1 | op=READ_VOLUME {volume=volume24324} | ret=SUCCESS |  
2023-02-01 18:45:52,453 [Time-limited test] INFO  rpc.RpcClient (RpcClient.java:createBucket(693)) - Creating Bucket: volume24324/bucket58968, with bucket layout LEGACY, runner as owner, Versioning false, Storage Type set to DISK and Encryption set to false 
2023-02-01 18:45:52,456 [OM StateMachine ApplyTransaction Thread - 0] WARN  om.OzoneManager (OzoneManager.java:checkAcls(2498)) - User runner doesn't have CREATE permission to access bucket Volume:volume24324 Bucket:bucket58968 
2023-02-01 18:45:52,456 | ERROR | OMAudit | user=runner | ip=127.0.0.1 | op=CREATE_BUCKET {volume=volume24324, bucket=bucket58968, bucketLayout=LEGACY, gdprEnabled=null, acls=[user:runner:a[ACCESS], group:docker:a[ACCESS], group:adm:a[ACCESS], group:systemd-journal:a[ACCESS]], isVersionEnabled=false, storageType=DISK, creationTime=1675277152454, bucketEncryptionKey=null, modificationTime=1675277152454, usedBytes=0, usedNamespace=0} | ret=FAILURE | PERMISSION_DENIED org.apache.hadoop.ozone.om.exceptions.OMException: User runner doesn't have CREATE permission to access bucket Volume:volume24324 Bucket:bucket58968 
	at org.apache.hadoop.ozone.om.OzoneManager.checkAcls(OzoneManager.java:2501)
	at org.apache.hadoop.ozone.om.OzoneManager.checkAcls(OzoneManager.java:2476) 
2023-02-01 18:45:52,457 [OM StateMachine ApplyTransaction Thread - 0] ERROR bucket.OMBucketCreateRequest (OMBucketCreateRequest.java:validateAndUpdateCache(275)) - Bucket creation failed for bucket:bucket58968 in volume:volume24324
PERMISSION_DENIED org.apache.hadoop.ozone.om.exceptions.OMException: User runner doesn't have CREATE permission to access bucket Volume:volume24324 Bucket:bucket58968 
	at org.apache.hadoop.ozone.om.OzoneManager.checkAcls(OzoneManager.java:2501)
	at org.apache.hadoop.ozone.om.OzoneManager.checkAcls(OzoneManager.java:2476)
	at org.apache.hadoop.ozone.om.OzoneAclUtils.checkAllAcls(OzoneAclUtils.java:128)
	at org.apache.hadoop.ozone.om.request.OMClientRequest.checkAcls(OMClientRequest.java:360)
	at org.apache.hadoop.ozone.om.request.OMClientRequest.checkAcls(OMClientRequest.java:215)
	at org.apache.hadoop.ozone.om.request.bucket.OMBucketCreateRequest.validateAndUpdateCache(OMBucketCreateRequest.java:186)
	at org.apache.hadoop.ozone.protocolPB.OzoneManagerRequestHandler.handleWriteRequest(OzoneManagerRequestHandler.java:317)
	at org.apache.hadoop.ozone.om.ratis.OzoneManagerStateMachine.runCommand(OzoneManagerStateMachine.java:533)
	at org.apache.hadoop.ozone.om.ratis.OzoneManagerStateMachine.lambda$1(OzoneManagerStateMachine.java:324)
	at java.util.concurrent.CompletableFuture$AsyncSupply.run(CompletableFuture.java:1604)
	at java.util.concurrent.ThreadPoolExecutor.runWorker(ThreadPoolExecutor.java:1149)
	at java.util.concurrent.ThreadPoolExecutor$Worker.run(ThreadPoolExecutor.java:624)
	at java.lang.Thread.run(Thread.java:750)
]]></system-out>
  </testcase>
  <testcase name="testSetACLPermissionDenied" classname="org.apache.hadoop.ozone.om.TestOmAcls" time="0.044">
    <system-out><![CDATA[2023-02-01 18:45:52,464 | INFO  | OMAudit | user=runner | ip=127.0.0.1 | op=GET_SERVICE_LIST {} | ret=SUCCESS |  
2023-02-01 18:45:52,475 [Time-limited test] INFO  rpc.RpcClient (RpcClient.java:createVolume(474)) - Creating Volume: volume63612, with user41455 as owner and space quota set to -1 bytes, counts quota set to -1
2023-02-01 18:45:52,480 | INFO  | OMAudit | user=runner | ip=127.0.0.1 | op=CREATE_VOLUME {admin=admin69761, owner=user41455, volume=volume63612, creationTime=1675277152476, modificationTime=1675277152476, quotaInBytes=-1, quotaInNamespace=-1, usedNamespace=0, objectID=-9223372036854772992, updateID=11} | ret=SUCCESS |  
2023-02-01 18:45:52,480 [OM StateMachine ApplyTransaction Thread - 0] INFO  volume.OMVolumeCreateRequest (OMVolumeCreateRequest.java:validateAndUpdateCache(195)) - created volume:volume63612 for user:user41455
2023-02-01 18:45:52,483 | INFO  | OMAudit | user=runner | ip=127.0.0.1 | op=READ_VOLUME {volume=volume63612} | ret=SUCCESS |  
2023-02-01 18:45:52,483 [Time-limited test] INFO  rpc.RpcClient (RpcClient.java:createBucket(693)) - Creating Bucket: volume63612/bucket58119, with bucket layout LEGACY, runner as owner, Versioning false, Storage Type set to DISK and Encryption set to false 
2023-02-01 18:45:52,487 | INFO  | OMAudit | user=runner | ip=127.0.0.1 | op=CREATE_BUCKET {volume=volume63612, bucket=bucket58119, bucketLayout=LEGACY, gdprEnabled=null, acls=[user:runner:a[ACCESS], group:docker:a[ACCESS], group:adm:a[ACCESS], group:systemd-journal:a[ACCESS]], isVersionEnabled=false, storageType=DISK, creationTime=1675277152484, bucketEncryptionKey=null, modificationTime=1675277152484, usedBytes=0, usedNamespace=0} | ret=SUCCESS |  
2023-02-01 18:45:52,487 [OM StateMachine ApplyTransaction Thread - 0] INFO  bucket.OMBucketCreateRequest (OMBucketCreateRequest.java:validateAndUpdateCache(263)) - created bucket: bucket58119 of layout LEGACY in volume: volume63612
2023-02-01 18:45:52,489 | INFO  | OMAudit | user=runner | ip=127.0.0.1 | op=READ_BUCKET {volume=volume63612, bucket=bucket58119} | ret=SUCCESS |  
2023-02-01 18:45:52,500 [OM StateMachine ApplyTransaction Thread - 0] WARN  om.OzoneManager (OzoneManager.java:checkAcls(2498)) - User runner doesn't have WRITE_ACL permission to access bucket Volume:volume63612 Bucket:bucket58119 
2023-02-01 18:45:52,501 | ERROR | OMAudit | user=runner | ip=127.0.0.1 | op=SET_ACL {resourceType=bucket, storageType=ozone, volume=volume63612, bucket=bucket58119, key=null, acl=[]} | ret=FAILURE | PERMISSION_DENIED org.apache.hadoop.ozone.om.exceptions.OMException: User runner doesn't have WRITE_ACL permission to access bucket Volume:volume63612 Bucket:bucket58119 
	at org.apache.hadoop.ozone.om.OzoneManager.checkAcls(OzoneManager.java:2501)
	at org.apache.hadoop.ozone.om.OzoneManager.checkAcls(OzoneManager.java:2476) 
2023-02-01 18:45:52,501 [OM StateMachine ApplyTransaction Thread - 0] ERROR acl.OMBucketSetAclRequest (OMBucketSetAclRequest.java:onComplete(136)) - Set acl [] for path /volume63612/bucket58119 failed!
PERMISSION_DENIED org.apache.hadoop.ozone.om.exceptions.OMException: User runner doesn't have WRITE_ACL permission to access bucket Volume:volume63612 Bucket:bucket58119 
	at org.apache.hadoop.ozone.om.OzoneManager.checkAcls(OzoneManager.java:2501)
	at org.apache.hadoop.ozone.om.OzoneManager.checkAcls(OzoneManager.java:2476)
	at org.apache.hadoop.ozone.om.OzoneAclUtils.checkAllAcls(OzoneAclUtils.java:128)
	at org.apache.hadoop.ozone.om.request.OMClientRequest.checkAcls(OMClientRequest.java:360)
	at org.apache.hadoop.ozone.om.request.OMClientRequest.checkAcls(OMClientRequest.java:215)
	at org.apache.hadoop.ozone.om.request.bucket.acl.OMBucketAclRequest.validateAndUpdateCache(OMBucketAclRequest.java:98)
	at org.apache.hadoop.ozone.om.request.bucket.acl.OMBucketSetAclRequest.validateAndUpdateCache(OMBucketSetAclRequest.java:146)
	at org.apache.hadoop.ozone.protocolPB.OzoneManagerRequestHandler.handleWriteRequest(OzoneManagerRequestHandler.java:317)
	at org.apache.hadoop.ozone.om.ratis.OzoneManagerStateMachine.runCommand(OzoneManagerStateMachine.java:533)
	at org.apache.hadoop.ozone.om.ratis.OzoneManagerStateMachine.lambda$1(OzoneManagerStateMachine.java:324)
	at java.util.concurrent.CompletableFuture$AsyncSupply.run(CompletableFuture.java:1604)
	at java.util.concurrent.ThreadPoolExecutor.runWorker(ThreadPoolExecutor.java:1149)
	at java.util.concurrent.ThreadPoolExecutor$Worker.run(ThreadPoolExecutor.java:624)
	at java.lang.Thread.run(Thread.java:750)
]]></system-out>
  </testcase>
  <testcase name="testReadBucketPermissionDenied" classname="org.apache.hadoop.ozone.om.TestOmAcls" time="0.048">
    <system-out><![CDATA[2023-02-01 18:45:52,507 | INFO  | OMAudit | user=runner | ip=127.0.0.1 | op=GET_SERVICE_LIST {} | ret=SUCCESS |  
2023-02-01 18:45:52,522 [Time-limited test] INFO  rpc.RpcClient (RpcClient.java:createVolume(474)) - Creating Volume: volume01008, with user05837 as owner and space quota set to -1 bytes, counts quota set to -1
2023-02-01 18:45:52,526 | INFO  | OMAudit | user=runner | ip=127.0.0.1 | op=CREATE_VOLUME {admin=admin80016, owner=user05837, volume=volume01008, creationTime=1675277152523, modificationTime=1675277152523, quotaInBytes=-1, quotaInNamespace=-1, usedNamespace=0, objectID=-9223372036854771456, updateID=17} | ret=SUCCESS |  
2023-02-01 18:45:52,526 [OM StateMachine ApplyTransaction Thread - 0] INFO  volume.OMVolumeCreateRequest (OMVolumeCreateRequest.java:validateAndUpdateCache(195)) - created volume:volume01008 for user:user05837
2023-02-01 18:45:52,529 | INFO  | OMAudit | user=runner | ip=127.0.0.1 | op=READ_VOLUME {volume=volume01008} | ret=SUCCESS |  
2023-02-01 18:45:52,530 [Time-limited test] INFO  rpc.RpcClient (RpcClient.java:createBucket(693)) - Creating Bucket: volume01008/bucket47968, with bucket layout LEGACY, runner as owner, Versioning false, Storage Type set to DISK and Encryption set to false 
2023-02-01 18:45:52,533 | INFO  | OMAudit | user=runner | ip=127.0.0.1 | op=CREATE_BUCKET {volume=volume01008, bucket=bucket47968, bucketLayout=LEGACY, gdprEnabled=null, acls=[user:runner:a[ACCESS], group:docker:a[ACCESS], group:adm:a[ACCESS], group:systemd-journal:a[ACCESS]], isVersionEnabled=false, storageType=DISK, creationTime=1675277152531, bucketEncryptionKey=null, modificationTime=1675277152531, usedBytes=0, usedNamespace=0} | ret=SUCCESS |  
2023-02-01 18:45:52,533 [OM StateMachine ApplyTransaction Thread - 0] INFO  bucket.OMBucketCreateRequest (OMBucketCreateRequest.java:validateAndUpdateCache(263)) - created bucket: bucket47968 of layout LEGACY in volume: volume01008
2023-02-01 18:45:52,535 | INFO  | OMAudit | user=runner | ip=127.0.0.1 | op=READ_BUCKET {volume=volume01008, bucket=bucket47968} | ret=SUCCESS |  
2023-02-01 18:45:52,544 | INFO  | OMAudit | user=runner | ip=127.0.0.1 | op=GET_SERVICE_LIST {} | ret=SUCCESS |  
2023-02-01 18:45:52,547 | INFO  | OMAudit | user=runner | ip=127.0.0.1 | op=READ_VOLUME {volume=volume01008} | ret=SUCCESS |  
2023-02-01 18:45:52,549 [IPC Server handler 5 on default port 39701] WARN  om.OzoneManager (OzoneManager.java:checkAcls(2498)) - User runner doesn't have READ permission to access bucket Volume:volume01008 Bucket:bucket47968 
2023-02-01 18:45:52,550 | ERROR | OMAudit | user=runner | ip=127.0.0.1 | op=READ_BUCKET {volume=volume01008, bucket=bucket47968} | ret=FAILURE | PERMISSION_DENIED org.apache.hadoop.ozone.om.exceptions.OMException: User runner doesn't have READ permission to access bucket Volume:volume01008 Bucket:bucket47968 
	at org.apache.hadoop.ozone.om.OzoneManager.checkAcls(OzoneManager.java:2501)
	at org.apache.hadoop.ozone.om.OzoneManager.checkAcls(OzoneManager.java:2476) 
]]></system-out>
  </testcase>
  <testcase name="testReadKeyPermissionDenied" classname="org.apache.hadoop.ozone.om.TestOmAcls" time="0.427">
    <system-out><![CDATA[2023-02-01 18:45:52,560 | INFO  | OMAudit | user=runner | ip=127.0.0.1 | op=GET_SERVICE_LIST {} | ret=SUCCESS |  
2023-02-01 18:45:52,577 [Time-limited test] INFO  rpc.RpcClient (RpcClient.java:createVolume(474)) - Creating Volume: volume46926, with user73539 as owner and space quota set to -1 bytes, counts quota set to -1
2023-02-01 18:45:52,582 | INFO  | OMAudit | user=runner | ip=127.0.0.1 | op=CREATE_VOLUME {admin=admin49342, owner=user73539, volume=volume46926, creationTime=1675277152578, modificationTime=1675277152578, quotaInBytes=-1, quotaInNamespace=-1, usedNamespace=0, objectID=-9223372036854770432, updateID=21} | ret=SUCCESS |  
2023-02-01 18:45:52,582 [OM StateMachine ApplyTransaction Thread - 0] INFO  volume.OMVolumeCreateRequest (OMVolumeCreateRequest.java:validateAndUpdateCache(195)) - created volume:volume46926 for user:user73539
2023-02-01 18:45:52,584 | INFO  | OMAudit | user=runner | ip=127.0.0.1 | op=READ_VOLUME {volume=volume46926} | ret=SUCCESS |  
2023-02-01 18:45:52,585 [Time-limited test] INFO  rpc.RpcClient (RpcClient.java:createBucket(693)) - Creating Bucket: volume46926/bucket33141, with bucket layout LEGACY, runner as owner, Versioning false, Storage Type set to DISK and Encryption set to false 
2023-02-01 18:45:52,588 | INFO  | OMAudit | user=runner | ip=127.0.0.1 | op=CREATE_BUCKET {volume=volume46926, bucket=bucket33141, bucketLayout=LEGACY, gdprEnabled=null, acls=[user:runner:a[ACCESS], group:docker:a[ACCESS], group:adm:a[ACCESS], group:systemd-journal:a[ACCESS]], isVersionEnabled=false, storageType=DISK, creationTime=1675277152586, bucketEncryptionKey=null, modificationTime=1675277152586, usedBytes=0, usedNamespace=0} | ret=SUCCESS |  
2023-02-01 18:45:52,588 [OM StateMachine ApplyTransaction Thread - 0] INFO  bucket.OMBucketCreateRequest (OMBucketCreateRequest.java:validateAndUpdateCache(263)) - created bucket: bucket33141 of layout LEGACY in volume: volume46926
2023-02-01 18:45:52,590 | INFO  | OMAudit | user=runner | ip=127.0.0.1 | op=READ_BUCKET {volume=volume46926, bucket=bucket33141} | ret=SUCCESS |  
2023-02-01 18:45:52,613 | INFO  | OMAudit | user=runner | ip=127.0.0.1 | op=READ_BUCKET {volume=volume46926, bucket=bucket33141} | ret=SUCCESS |  
2023-02-01 18:45:52,634 [IPC Server handler 10 on default port 35161] INFO  ha.SequenceIdGenerator (SequenceIdGenerator.java:getNextId(128)) - Allocate a batch for containerId, change lastId from 0 to 1000.
2023-02-01 18:45:52,643 [IPC Server handler 10 on default port 35161] WARN  ha.SequenceIdGenerator (SequenceIdGenerator.java:allocateBatch(237)) - Failed to allocate a batch for localId, expected lastId is 0, actual lastId is 111677748019200000.
2023-02-01 18:45:52,643 [IPC Server handler 10 on default port 35161] INFO  ha.SequenceIdGenerator (SequenceIdGenerator.java:getNextId(128)) - Allocate a batch for localId, change lastId from 111677748019200000 to 111677748019201000.
2023-02-01 18:45:52,645 | INFO  | SCMAudit | user=runner | ip=10.1.0.29 | op=ALLOCATE_BLOCK {replication=RATIS/ONE, owner=om1, size=4194304, num=1, allocated=1} | ret=SUCCESS |  
2023-02-01 18:45:52,682 | INFO  | OMAudit | user=runner | ip=127.0.0.1 | op=ALLOCATE_KEY {volume=volume46926, bucket=bucket33141, key=testKey, dataSize=11, replicationType=RATIS, replicationFactor=ONE} | ret=SUCCESS |  
2023-02-01 18:45:52,723 [Time-limited test] INFO  impl.MetricsSystemImpl (MetricsSystemImpl.java:init(158)) - XceiverClientMetrics metrics system started (again)
2023-02-01 18:45:52,777 | INFO  | SCMAudit | user=runner | ip=10.1.0.29 | op=SEND_HEARTBEAT {datanodeUUID=9d11f7a2-de03-4463-8286-a21ff45a32eb, term=-1, command=[]} | ret=SUCCESS |  
2023-02-01 18:45:52,884 | INFO  | SCMAudit | user=runner | ip=10.1.0.29 | op=SEND_HEARTBEAT {datanodeUUID=5a2bde7b-6aad-464a-b794-b1a97ffa6b25, term=-1, command=[]} | ret=SUCCESS |  
2023-02-01 18:45:52,971 | INFO  | OMAudit | user=runner | ip=127.0.0.1 | op=COMMIT_KEY {volume=volume46926, bucket=bucket33141, key=testKey, dataSize=11, replicationType=RATIS, replicationFactor=ONE} | ret=SUCCESS |  
2023-02-01 18:45:52,976 [IPC Server handler 2 on default port 39701] WARN  om.OzoneManager (OzoneManager.java:checkAcls(2498)) - User runner doesn't have READ permission to access key Volume:volume46926 Bucket:bucket33141 Key:testKey
2023-02-01 18:45:52,976 | ERROR | OMAudit | user=runner | ip=127.0.0.1 | op=READ_KEY {volume=volume46926, bucket=bucket33141, key=testKey, dataSize=0, replicationConfig=null} | ret=FAILURE | PERMISSION_DENIED org.apache.hadoop.ozone.om.exceptions.OMException: User runner doesn't have READ permission to access key Volume:volume46926 Bucket:bucket33141 Key:testKey
	at org.apache.hadoop.ozone.om.OzoneManager.checkAcls(OzoneManager.java:2501)
	at org.apache.hadoop.ozone.om.OzoneManager.checkAcls(OzoneManager.java:2476) 
]]></system-out>
  </testcase>
  <testcase name="testCreateKeyPermissionDenied" classname="org.apache.hadoop.ozone.om.TestOmAcls" time="0.047">
    <system-out><![CDATA[2023-02-01 18:45:52,989 | INFO  | OMAudit | user=runner | ip=127.0.0.1 | op=GET_SERVICE_LIST {} | ret=SUCCESS |  
2023-02-01 18:45:53,004 [Time-limited test] INFO  rpc.RpcClient (RpcClient.java:createVolume(474)) - Creating Volume: volume07627, with user45716 as owner and space quota set to -1 bytes, counts quota set to -1
2023-02-01 18:45:53,008 | INFO  | OMAudit | user=runner | ip=127.0.0.1 | op=CREATE_VOLUME {admin=admin13470, owner=user45716, volume=volume07627, creationTime=1675277153005, modificationTime=1675277153005, quotaInBytes=-1, quotaInNamespace=-1, usedNamespace=0, objectID=-9223372036854768384, updateID=29} | ret=SUCCESS |  
2023-02-01 18:45:53,008 [OM StateMachine ApplyTransaction Thread - 0] INFO  volume.OMVolumeCreateRequest (OMVolumeCreateRequest.java:validateAndUpdateCache(195)) - created volume:volume07627 for user:user45716
2023-02-01 18:45:53,011 | INFO  | OMAudit | user=runner | ip=127.0.0.1 | op=READ_VOLUME {volume=volume07627} | ret=SUCCESS |  
2023-02-01 18:45:53,011 [Time-limited test] INFO  rpc.RpcClient (RpcClient.java:createBucket(693)) - Creating Bucket: volume07627/bucket50070, with bucket layout LEGACY, runner as owner, Versioning false, Storage Type set to DISK and Encryption set to false 
2023-02-01 18:45:53,014 | INFO  | OMAudit | user=runner | ip=127.0.0.1 | op=CREATE_BUCKET {volume=volume07627, bucket=bucket50070, bucketLayout=LEGACY, gdprEnabled=null, acls=[user:runner:a[ACCESS], group:docker:a[ACCESS], group:adm:a[ACCESS], group:systemd-journal:a[ACCESS]], isVersionEnabled=false, storageType=DISK, creationTime=1675277153012, bucketEncryptionKey=null, modificationTime=1675277153012, usedBytes=0, usedNamespace=0} | ret=SUCCESS |  
2023-02-01 18:45:53,015 [OM StateMachine ApplyTransaction Thread - 0] INFO  bucket.OMBucketCreateRequest (OMBucketCreateRequest.java:validateAndUpdateCache(263)) - created bucket: bucket50070 of layout LEGACY in volume: volume07627
2023-02-01 18:45:53,016 | INFO  | OMAudit | user=runner | ip=127.0.0.1 | op=READ_BUCKET {volume=volume07627, bucket=bucket50070} | ret=SUCCESS |  
2023-02-01 18:45:53,018 | INFO  | OMAudit | user=runner | ip=127.0.0.1 | op=READ_BUCKET {volume=volume07627, bucket=bucket50070} | ret=SUCCESS |  
2023-02-01 18:45:53,020 | INFO  | SCMAudit | user=runner | ip=10.1.0.29 | op=ALLOCATE_BLOCK {replication=RATIS/ONE, owner=om1, size=4194304, num=1, allocated=1} | ret=SUCCESS |  
2023-02-01 18:45:53,023 [OM StateMachine ApplyTransaction Thread - 0] WARN  om.OzoneManager (OzoneManager.java:checkAcls(2498)) - User runner doesn't have CREATE permission to access key Volume:volume07627 Bucket:bucket50070 Key:testKey
2023-02-01 18:45:53,024 | ERROR | OMAudit | user=runner | ip=127.0.0.1 | op=ALLOCATE_KEY {volume=volume07627, bucket=bucket50070, key=testKey, dataSize=11, replicationType=RATIS, replicationFactor=ONE} | ret=FAILURE | PERMISSION_DENIED org.apache.hadoop.ozone.om.exceptions.OMException: User runner doesn't have CREATE permission to access key Volume:volume07627 Bucket:bucket50070 Key:testKey
	at org.apache.hadoop.ozone.om.OzoneManager.checkAcls(OzoneManager.java:2501)
	at org.apache.hadoop.ozone.om.OzoneManager.checkAcls(OzoneManager.java:2476) 
2023-02-01 18:45:53,024 [OM StateMachine ApplyTransaction Thread - 0] ERROR key.OMKeyCreateRequest (OMKeyCreateRequest.java:logResult(383)) - Key creation failed. Volume:volume07627, Bucket:bucket50070, Key:testKey. 
PERMISSION_DENIED org.apache.hadoop.ozone.om.exceptions.OMException: User runner doesn't have CREATE permission to access key Volume:volume07627 Bucket:bucket50070 Key:testKey
	at org.apache.hadoop.ozone.om.OzoneManager.checkAcls(OzoneManager.java:2501)
	at org.apache.hadoop.ozone.om.OzoneManager.checkAcls(OzoneManager.java:2476)
	at org.apache.hadoop.ozone.om.OzoneAclUtils.checkAllAcls(OzoneAclUtils.java:128)
	at org.apache.hadoop.ozone.om.request.OMClientRequest.checkAcls(OMClientRequest.java:360)
	at org.apache.hadoop.ozone.om.request.OMClientRequest.checkAcls(OMClientRequest.java:215)
	at org.apache.hadoop.ozone.om.request.key.OMKeyRequest.checkKeyAcls(OMKeyRequest.java:342)
	at org.apache.hadoop.ozone.om.request.key.OMKeyCreateRequest.validateAndUpdateCache(OMKeyCreateRequest.java:221)
	at org.apache.hadoop.ozone.protocolPB.OzoneManagerRequestHandler.handleWriteRequest(OzoneManagerRequestHandler.java:317)
	at org.apache.hadoop.ozone.om.ratis.OzoneManagerStateMachine.runCommand(OzoneManagerStateMachine.java:533)
	at org.apache.hadoop.ozone.om.ratis.OzoneManagerStateMachine.lambda$1(OzoneManagerStateMachine.java:324)
	at java.util.concurrent.CompletableFuture$AsyncSupply.run(CompletableFuture.java:1604)
	at java.util.concurrent.ThreadPoolExecutor.runWorker(ThreadPoolExecutor.java:1149)
	at java.util.concurrent.ThreadPoolExecutor$Worker.run(ThreadPoolExecutor.java:624)
	at java.lang.Thread.run(Thread.java:750)
]]></system-out>
  </testcase>
</testsuite>