<?xml version="1.0" encoding="UTF-8"?>
<testsuite xmlns:xsi="http://www.w3.org/2001/XMLSchema-instance" xsi:noNamespaceSchemaLocation="https://maven.apache.org/surefire/maven-surefire-plugin/xsd/surefire-test-report.xsd" name="org.apache.hadoop.ozone.client.rpc.TestOzoneClientRetriesOnException" time="78.404" tests="2" errors="0" skipped="0" failures="1">
  <properties>
    <property name="awt.toolkit" value="sun.awt.X11.XToolkit"/>
    <property name="file.encoding.pkg" value="sun.io"/>
    <property name="java.specification.version" value="1.8"/>
    <property name="sun.cpu.isalist" value=""/>
    <property name="sun.jnu.encoding" value="ANSI_X3.4-1968"/>
    <property name="java.class.path" value="/github/workspace/mnt/ozone/hadoop-ozone/integration-test/target/test-classes:/github/workspace/mnt/ozone/hadoop-ozone/integration-test/target/classes:/home/user/.m2/repository/org/apache/hadoop/hadoop-ozone-common/1.1.0-SNAPSHOT/hadoop-ozone-common-1.1.0-SNAPSHOT.jar:/home/user/.m2/repository/org/apache/commons/commons-compress/1.4.1/commons-compress-1.4.1.jar:/home/user/.m2/repository/org/tukaani/xz/1.0/xz-1.0.jar:/home/user/.m2/repository/org/apache/hadoop/hadoop-hdds-common/1.1.0-SNAPSHOT/hadoop-hdds-common-1.1.0-SNAPSHOT.jar:/home/user/.m2/repository/org/apache/hadoop/hadoop-hdds-hadoop-dependency-client/1.1.0-SNAPSHOT/hadoop-hdds-hadoop-dependency-client-1.1.0-SNAPSHOT.jar:/home/user/.m2/repository/info/picocli/picocli/4.4.0/picocli-4.4.0.jar:/home/user/.m2/repository/com/fasterxml/jackson/core/jackson-annotations/2.10.3/jackson-annotations-2.10.3.jar:/home/user/.m2/repository/javax/annotation/javax.annotation-api/1.2/javax.annotation-api-1.2.jar:/home/user/.m2/repository/org/apache/ratis/ratis-server/1.1.0-11689cd-SNAPSHOT/ratis-server-1.1.0-11689cd-SNAPSHOT.jar:/home/user/.m2/repository/org/apache/ratis/ratis-client/1.1.0-11689cd-SNAPSHOT/ratis-client-1.1.0-11689cd-SNAPSHOT.jar:/home/user/.m2/repository/org/apache/ratis/ratis-metrics/1.1.0-11689cd-SNAPSHOT/ratis-metrics-1.1.0-11689cd-SNAPSHOT.jar:/home/user/.m2/repository/org/apache/ratis/ratis-netty/1.1.0-11689cd-SNAPSHOT/ratis-netty-1.1.0-11689cd-SNAPSHOT.jar:/home/user/.m2/repository/org/apache/ratis/ratis-grpc/1.1.0-11689cd-SNAPSHOT/ratis-grpc-1.1.0-11689cd-SNAPSHOT.jar:/home/user/.m2/repository/org/apache/logging/log4j/log4j-api/2.13.3/log4j-api-2.13.3.jar:/home/user/.m2/repository/org/apache/logging/log4j/log4j-core/2.13.3/log4j-core-2.13.3.jar:/home/user/.m2/repository/com/lmax/disruptor/3.4.2/disruptor-3.4.2.jar:/home/user/.m2/repository/org/apache/commons/commons-pool2/2.6.0/commons-pool2-2.6.0.jar:/home/user/.m2/repository/org/bouncycastle/bcpkix-jdk15on/1.60/bcpkix-jdk15on-1.60.jar:/home/user/.m2/repository/commons-validator/commons-validator/1.6/commons-validator-1.6.jar:/home/user/.m2/repository/commons-digester/commons-digester/1.8.1/commons-digester-1.8.1.jar:/home/user/.m2/repository/io/jaegertracing/jaeger-client/1.2.0/jaeger-client-1.2.0.jar:/home/user/.m2/repository/io/jaegertracing/jaeger-thrift/1.2.0/jaeger-thrift-1.2.0.jar:/home/user/.m2/repository/org/apache/thrift/libthrift/0.13.0/libthrift-0.13.0.jar:/home/user/.m2/repository/com/squareup/okhttp3/okhttp/4.2.2/okhttp-4.2.2.jar:/home/user/.m2/repository/com/squareup/okio/okio/2.2.2/okio-2.2.2.jar:/home/user/.m2/repository/org/jetbrains/kotlin/kotlin-stdlib/1.3.50/kotlin-stdlib-1.3.50.jar:/home/user/.m2/repository/org/jetbrains/kotlin/kotlin-stdlib-common/1.3.50/kotlin-stdlib-common-1.3.50.jar:/home/user/.m2/repository/org/jetbrains/annotations/13.0/annotations-13.0.jar:/home/user/.m2/repository/io/jaegertracing/jaeger-core/1.2.0/jaeger-core-1.2.0.jar:/home/user/.m2/repository/io/jaegertracing/jaeger-tracerresolver/1.2.0/jaeger-tracerresolver-1.2.0.jar:/home/user/.m2/repository/io/opentracing/contrib/opentracing-tracerresolver/0.1.8/opentracing-tracerresolver-0.1.8.jar:/home/user/.m2/repository/io/opentracing/opentracing-util/0.33.0/opentracing-util-0.33.0.jar:/home/user/.m2/repository/io/opentracing/opentracing-api/0.33.0/opentracing-api-0.33.0.jar:/home/user/.m2/repository/io/opentracing/opentracing-noop/0.33.0/opentracing-noop-0.33.0.jar:/home/user/.m2/repository/org/apache/hadoop/hadoop-hdds-client/1.1.0-SNAPSHOT/hadoop-hdds-client-1.1.0-SNAPSHOT.jar:/home/user/.m2/repository/org/apache/hadoop/hadoop-ozone-interface-client/1.1.0-SNAPSHOT/hadoop-ozone-interface-client-1.1.0-SNAPSHOT.jar:/home/user/.m2/repository/org/apache/hadoop/hadoop-hdds-test-utils/1.1.0-SNAPSHOT/hadoop-hdds-test-utils-1.1.0-SNAPSHOT.jar:/home/user/.m2/repository/com/google/guava/guava/28.2-jre/guava-28.2-jre.jar:/home/user/.m2/repository/com/google/guava/failureaccess/1.0.1/failureaccess-1.0.1.jar:/home/user/.m2/repository/com/google/guava/listenablefuture/9999.0-empty-to-avoid-conflict-with-guava/listenablefuture-9999.0-empty-to-avoid-conflict-with-guava.jar:/home/user/.m2/repository/com/google/code/findbugs/jsr305/3.0.0/jsr305-3.0.0.jar:/home/user/.m2/repository/org/checkerframework/checker-qual/2.10.0/checker-qual-2.10.0.jar:/home/user/.m2/repository/com/google/errorprone/error_prone_annotations/2.2.0/error_prone_annotations-2.2.0.jar:/home/user/.m2/repository/com/google/j2objc/j2objc-annotations/1.3/j2objc-annotations-1.3.jar:/home/user/.m2/repository/commons-io/commons-io/2.5/commons-io-2.5.jar:/home/user/.m2/repository/commons-logging/commons-logging/1.2/commons-logging-1.2.jar:/home/user/.m2/repository/log4j/log4j/1.2.17/log4j-1.2.17.jar:/home/user/.m2/repository/org/slf4j/slf4j-api/1.7.25/slf4j-api-1.7.25.jar:/home/user/.m2/repository/org/apache/hadoop/hadoop-hdds-server-scm/1.1.0-SNAPSHOT/hadoop-hdds-server-scm-1.1.0-SNAPSHOT.jar:/home/user/.m2/repository/org/apache/hadoop/hadoop-hdds-container-service/1.1.0-SNAPSHOT/hadoop-hdds-container-service-1.1.0-SNAPSHOT.jar:/home/user/.m2/repository/org/apache/hadoop/hadoop-hdds-hadoop-dependency-server/1.1.0-SNAPSHOT/hadoop-hdds-hadoop-dependency-server-1.1.0-SNAPSHOT.jar:/home/user/.m2/repository/org/apache/hadoop/hadoop-hdds-server-framework/1.1.0-SNAPSHOT/hadoop-hdds-server-framework-1.1.0-SNAPSHOT.jar:/home/user/.m2/repository/org/apache/hadoop/hadoop-hdds-interface-server/1.1.0-SNAPSHOT/hadoop-hdds-interface-server-1.1.0-SNAPSHOT.jar:/home/user/.m2/repository/org/apache/hadoop/hadoop-hdds-interface-admin/1.1.0-SNAPSHOT/hadoop-hdds-interface-admin-1.1.0-SNAPSHOT.jar:/home/user/.m2/repository/org/rocksdb/rocksdbjni/6.8.1/rocksdbjni-6.8.1.jar:/home/user/.m2/repository/io/prometheus/simpleclient_dropwizard/0.7.0/simpleclient_dropwizard-0.7.0.jar:/home/user/.m2/repository/io/prometheus/simpleclient/0.7.0/simpleclient-0.7.0.jar:/home/user/.m2/repository/io/prometheus/simpleclient_common/0.7.0/simpleclient_common-0.7.0.jar:/home/user/.m2/repository/com/fasterxml/jackson/datatype/jackson-datatype-jsr310/2.10.3/jackson-datatype-jsr310-2.10.3.jar:/home/user/.m2/repository/io/dropwizard/metrics/metrics-core/3.2.4/metrics-core-3.2.4.jar:/home/user/.m2/repository/org/apache/hadoop/hadoop-hdfs-client/3.2.1/hadoop-hdfs-client-3.2.1.jar:/home/user/.m2/repository/org/bouncycastle/bcprov-jdk15on/1.60/bcprov-jdk15on-1.60.jar:/home/user/.m2/repository/org/apache/hadoop/hadoop-ozone-ozone-manager/1.1.0-SNAPSHOT/hadoop-ozone-ozone-manager-1.1.0-SNAPSHOT.jar:/home/user/.m2/repository/org/apache/hadoop/hadoop-hdds-interface-client/1.1.0-SNAPSHOT/hadoop-hdds-interface-client-1.1.0-SNAPSHOT.jar:/home/user/.m2/repository/org/apache/ratis/ratis-thirdparty-misc/0.6.0-SNAPSHOT/ratis-thirdparty-misc-0.6.0-SNAPSHOT.jar:/home/user/.m2/repository/org/apache/hadoop/hadoop-ozone-interface-storage/1.1.0-SNAPSHOT/hadoop-ozone-interface-storage-1.1.0-SNAPSHOT.jar:/home/user/.m2/repository/org/apache/hadoop/hadoop-minikdc/3.2.1/hadoop-minikdc-3.2.1.jar:/home/user/.m2/repository/org/apache/kerby/kerb-simplekdc/1.0.1/kerb-simplekdc-1.0.1.jar:/home/user/.m2/repository/org/apache/kerby/kerb-client/1.0.1/kerb-client-1.0.1.jar:/home/user/.m2/repository/org/apache/kerby/kerby-config/1.0.1/kerby-config-1.0.1.jar:/home/user/.m2/repository/org/apache/kerby/kerb-core/1.0.1/kerb-core-1.0.1.jar:/home/user/.m2/repository/org/apache/kerby/kerby-pkix/1.0.1/kerby-pkix-1.0.1.jar:/home/user/.m2/repository/org/apache/kerby/kerby-asn1/1.0.1/kerby-asn1-1.0.1.jar:/home/user/.m2/repository/org/apache/kerby/kerby-util/1.0.1/kerby-util-1.0.1.jar:/home/user/.m2/repository/org/apache/kerby/kerb-common/1.0.1/kerb-common-1.0.1.jar:/home/user/.m2/repository/org/apache/kerby/kerb-crypto/1.0.1/kerb-crypto-1.0.1.jar:/home/user/.m2/repository/org/apache/kerby/kerb-util/1.0.1/kerb-util-1.0.1.jar:/home/user/.m2/repository/org/apache/kerby/token-provider/1.0.1/token-provider-1.0.1.jar:/home/user/.m2/repository/org/apache/kerby/kerb-admin/1.0.1/kerb-admin-1.0.1.jar:/home/user/.m2/repository/org/apache/kerby/kerb-server/1.0.1/kerb-server-1.0.1.jar:/home/user/.m2/repository/org/apache/kerby/kerb-identity/1.0.1/kerb-identity-1.0.1.jar:/home/user/.m2/repository/org/apache/kerby/kerby-xdr/1.0.1/kerby-xdr-1.0.1.jar:/home/user/.m2/repository/org/slf4j/slf4j-log4j12/1.7.25/slf4j-log4j12-1.7.25.jar:/home/user/.m2/repository/org/apache/hadoop/hadoop-ozone-s3gateway/1.1.0-SNAPSHOT/hadoop-ozone-s3gateway-1.1.0-SNAPSHOT.jar:/home/user/.m2/repository/org/jboss/weld/servlet/weld-servlet/2.4.7.Final/weld-servlet-2.4.7.Final.jar:/home/user/.m2/repository/org/glassfish/jersey/containers/jersey-container-servlet-core/2.27/jersey-container-servlet-core-2.27.jar:/home/user/.m2/repository/org/glassfish/hk2/external/javax.inject/2.5.0-b42/javax.inject-2.5.0-b42.jar:/home/user/.m2/repository/org/glassfish/jersey/core/jersey-common/2.27/jersey-common-2.27.jar:/home/user/.m2/repository/org/glassfish/hk2/osgi-resource-locator/1.0.1/osgi-resource-locator-1.0.1.jar:/home/user/.m2/repository/javax/ws/rs/javax.ws.rs-api/2.1/javax.ws.rs-api-2.1.jar:/home/user/.m2/repository/org/glassfish/jersey/ext/cdi/jersey-cdi1x/2.27/jersey-cdi1x-2.27.jar:/home/user/.m2/repository/org/glassfish/jersey/inject/jersey-hk2/2.27/jersey-hk2-2.27.jar:/home/user/.m2/repository/org/glassfish/hk2/hk2-locator/2.5.0-b42/hk2-locator-2.5.0-b42.jar:/home/user/.m2/repository/org/javassist/javassist/3.22.0-CR2/javassist-3.22.0-CR2.jar:/home/user/.m2/repository/org/glassfish/hk2/hk2-api/2.5.0/hk2-api-2.5.0.jar:/home/user/.m2/repository/org/glassfish/hk2/external/jakarta.inject/2.5.0/jakarta.inject-2.5.0.jar:/home/user/.m2/repository/org/glassfish/hk2/hk2-utils/2.5.0/hk2-utils-2.5.0.jar:/home/user/.m2/repository/jakarta/annotation/jakarta.annotation-api/1.3.4/jakarta.annotation-api-1.3.4.jar:/home/user/.m2/repository/org/glassfish/hk2/external/aopalliance-repackaged/2.5.0/aopalliance-repackaged-2.5.0.jar:/home/user/.m2/repository/com/fasterxml/jackson/dataformat/jackson-dataformat-xml/2.10.3/jackson-dataformat-xml-2.10.3.jar:/home/user/.m2/repository/com/fasterxml/jackson/core/jackson-core/2.10.3/jackson-core-2.10.3.jar:/home/user/.m2/repository/com/fasterxml/jackson/module/jackson-module-jaxb-annotations/2.10.3/jackson-module-jaxb-annotations-2.10.3.jar:/home/user/.m2/repository/jakarta/xml/bind/jakarta.xml.bind-api/2.3.2/jakarta.xml.bind-api-2.3.2.jar:/home/user/.m2/repository/jakarta/activation/jakarta.activation-api/1.2.1/jakarta.activation-api-1.2.1.jar:/home/user/.m2/repository/org/codehaus/woodstox/stax2-api/3.1.4/stax2-api-3.1.4.jar:/home/user/.m2/repository/com/fasterxml/woodstox/woodstox-core/5.0.3/woodstox-core-5.0.3.jar:/home/user/.m2/repository/javax/enterprise/cdi-api/1.2/cdi-api-1.2.jar:/home/user/.m2/repository/javax/el/javax.el-api/3.0.0/javax.el-api-3.0.0.jar:/home/user/.m2/repository/javax/interceptor/javax.interceptor-api/1.2/javax.interceptor-api-1.2.jar:/home/user/.m2/repository/javax/inject/javax.inject/1/javax.inject-1.jar:/home/user/.m2/repository/com/sun/xml/bind/jaxb-impl/2.3.0.1/jaxb-impl-2.3.0.1.jar:/home/user/.m2/repository/com/sun/xml/bind/jaxb-core/2.3.0.1/jaxb-core-2.3.0.1.jar:/home/user/.m2/repository/javax/xml/bind/jaxb-api/2.3.0/jaxb-api-2.3.0.jar:/home/user/.m2/repository/javax/activation/activation/1.1.1/activation-1.1.1.jar:/home/user/.m2/repository/org/apache/hadoop/hadoop-ozone-csi/1.1.0-SNAPSHOT/hadoop-ozone-csi-1.1.0-SNAPSHOT.jar:/home/user/.m2/repository/com/google/protobuf/protobuf-java-util/3.11.0/protobuf-java-util-3.11.0.jar:/home/user/.m2/repository/com/google/code/gson/gson/2.2.4/gson-2.2.4.jar:/home/user/.m2/repository/org/apache/hadoop/hadoop-hdds-config/1.1.0-SNAPSHOT/hadoop-hdds-config-1.1.0-SNAPSHOT.jar:/home/user/.m2/repository/com/google/protobuf/protobuf-java/2.5.0/protobuf-java-2.5.0.jar:/home/user/.m2/repository/io/grpc/grpc-netty/1.29.0/grpc-netty-1.29.0.jar:/home/user/.m2/repository/io/grpc/grpc-core/1.29.0/grpc-core-1.29.0.jar:/home/user/.m2/repository/com/google/android/annotations/4.1.1.4/annotations-4.1.1.4.jar:/home/user/.m2/repository/io/perfmark/perfmark-api/0.19.0/perfmark-api-0.19.0.jar:/home/user/.m2/repository/io/netty/netty-codec-http2/4.1.48.Final/netty-codec-http2-4.1.48.Final.jar:/home/user/.m2/repository/io/netty/netty-codec/4.1.48.Final/netty-codec-4.1.48.Final.jar:/home/user/.m2/repository/io/netty/netty-handler/4.1.48.Final/netty-handler-4.1.48.Final.jar:/home/user/.m2/repository/io/netty/netty-codec-http/4.1.48.Final/netty-codec-http-4.1.48.Final.jar:/home/user/.m2/repository/io/netty/netty-handler-proxy/4.1.48.Final/netty-handler-proxy-4.1.48.Final.jar:/home/user/.m2/repository/io/netty/netty-codec-socks/4.1.48.Final/netty-codec-socks-4.1.48.Final.jar:/home/user/.m2/repository/io/netty/netty-transport-native-epoll/4.1.48.Final/netty-transport-native-epoll-4.1.48.Final.jar:/home/user/.m2/repository/io/netty/netty-common/4.1.48.Final/netty-common-4.1.48.Final.jar:/home/user/.m2/repository/io/netty/netty-buffer/4.1.48.Final/netty-buffer-4.1.48.Final.jar:/home/user/.m2/repository/io/netty/netty-transport/4.1.48.Final/netty-transport-4.1.48.Final.jar:/home/user/.m2/repository/io/netty/netty-resolver/4.1.48.Final/netty-resolver-4.1.48.Final.jar:/home/user/.m2/repository/io/netty/netty-transport-native-unix-common/4.1.48.Final/netty-transport-native-unix-common-4.1.48.Final.jar:/home/user/.m2/repository/io/grpc/grpc-protobuf/1.29.0/grpc-protobuf-1.29.0.jar:/home/user/.m2/repository/io/grpc/grpc-api/1.29.0/grpc-api-1.29.0.jar:/home/user/.m2/repository/io/grpc/grpc-context/1.29.0/grpc-context-1.29.0.jar:/home/user/.m2/repository/org/codehaus/mojo/animal-sniffer-annotations/1.18/animal-sniffer-annotations-1.18.jar:/home/user/.m2/repository/com/google/api/grpc/proto-google-common-protos/1.17.0/proto-google-common-protos-1.17.0.jar:/home/user/.m2/repository/io/grpc/grpc-protobuf-lite/1.29.0/grpc-protobuf-lite-1.29.0.jar:/home/user/.m2/repository/io/grpc/grpc-stub/1.29.0/grpc-stub-1.29.0.jar:/home/user/.m2/repository/org/apache/hadoop/hadoop-ozone-recon/1.1.0-SNAPSHOT/hadoop-ozone-recon-1.1.0-SNAPSHOT.jar:/home/user/.m2/repository/org/apache/hadoop/hadoop-ozone-reconcodegen/1.1.0-SNAPSHOT/hadoop-ozone-reconcodegen-1.1.0-SNAPSHOT.jar:/home/user/.m2/repository/com/google/inject/extensions/guice-multibindings/4.0/guice-multibindings-4.0.jar:/home/user/.m2/repository/com/google/inject/guice/4.0/guice-4.0.jar:/home/user/.m2/repository/aopalliance/aopalliance/1.0/aopalliance-1.0.jar:/home/user/.m2/repository/com/google/inject/extensions/guice-assistedinject/4.0/guice-assistedinject-4.0.jar:/home/user/.m2/repository/com/google/inject/extensions/guice-servlet/4.0/guice-servlet-4.0.jar:/home/user/.m2/repository/org/glassfish/jersey/containers/jersey-container-servlet/2.27/jersey-container-servlet-2.27.jar:/home/user/.m2/repository/org/glassfish/hk2/guice-bridge/2.5.0/guice-bridge-2.5.0.jar:/home/user/.m2/repository/org/glassfish/jersey/core/jersey-server/2.27/jersey-server-2.27.jar:/home/user/.m2/repository/org/glassfish/jersey/core/jersey-client/2.27/jersey-client-2.27.jar:/home/user/.m2/repository/org/glassfish/jersey/media/jersey-media-jaxb/2.27/jersey-media-jaxb-2.27.jar:/home/user/.m2/repository/javax/validation/validation-api/1.1.0.Final/validation-api-1.1.0.Final.jar:/home/user/.m2/repository/org/glassfish/jersey/media/jersey-media-json-jackson/2.27/jersey-media-json-jackson-2.27.jar:/home/user/.m2/repository/org/glassfish/jersey/ext/jersey-entity-filtering/2.27/jersey-entity-filtering-2.27.jar:/home/user/.m2/repository/org/jooq/jooq/3.11.10/jooq-3.11.10.jar:/home/user/.m2/repository/org/jooq/jooq-meta/3.11.10/jooq-meta-3.11.10.jar:/home/user/.m2/repository/org/jooq/jooq-codegen/3.11.10/jooq-codegen-3.11.10.jar:/home/user/.m2/repository/com/jolbox/bonecp/0.8.0.RELEASE/bonecp-0.8.0.RELEASE.jar:/home/user/.m2/repository/org/apache/derby/derby/10.14.2.0/derby-10.14.2.0.jar:/home/user/.m2/repository/org/xerial/sqlite-jdbc/3.25.2/sqlite-jdbc-3.25.2.jar:/home/user/.m2/repository/org/springframework/spring-jdbc/5.2.5.RELEASE/spring-jdbc-5.2.5.RELEASE.jar:/home/user/.m2/repository/org/springframework/spring-beans/5.2.5.RELEASE/spring-beans-5.2.5.RELEASE.jar:/home/user/.m2/repository/org/springframework/spring-core/5.2.5.RELEASE/spring-core-5.2.5.RELEASE.jar:/home/user/.m2/repository/org/springframework/spring-jcl/5.2.5.RELEASE/spring-jcl-5.2.5.RELEASE.jar:/home/user/.m2/repository/org/springframework/spring-tx/5.2.5.RELEASE/spring-tx-5.2.5.RELEASE.jar:/home/user/.m2/repository/org/apache/hadoop/hadoop-ozone-client/1.1.0-SNAPSHOT/hadoop-ozone-client-1.1.0-SNAPSHOT.jar:/home/user/.m2/repository/org/apache/hadoop/hadoop-ozone-filesystem/1.1.0-SNAPSHOT/hadoop-ozone-filesystem-1.1.0-SNAPSHOT.jar:/home/user/.m2/repository/org/apache/hadoop/hadoop-ozone-filesystem-common/1.1.0-SNAPSHOT/hadoop-ozone-filesystem-common-1.1.0-SNAPSHOT.jar:/home/user/.m2/repository/org/apache/hadoop/hadoop-ozone-tools/1.1.0-SNAPSHOT/hadoop-ozone-tools-1.1.0-SNAPSHOT.jar:/home/user/.m2/repository/org/apache/hadoop/hadoop-hdfs/3.2.1/hadoop-hdfs-3.2.1.jar:/home/user/.m2/repository/org/apache/ratis/ratis-tools/1.1.0-11689cd-SNAPSHOT/ratis-tools-1.1.0-11689cd-SNAPSHOT.jar:/home/user/.m2/repository/org/apache/ratis/ratis-proto/1.1.0-11689cd-SNAPSHOT/ratis-proto-1.1.0-11689cd-SNAPSHOT.jar:/home/user/.m2/repository/org/apache/ratis/ratis-common/1.1.0-11689cd-SNAPSHOT/ratis-common-1.1.0-11689cd-SNAPSHOT.jar:/home/user/.m2/repository/com/amazonaws/aws-java-sdk-core/1.11.615/aws-java-sdk-core-1.11.615.jar:/home/user/.m2/repository/org/apache/httpcomponents/httpclient/4.5.2/httpclient-4.5.2.jar:/home/user/.m2/repository/org/apache/httpcomponents/httpcore/4.4.4/httpcore-4.4.4.jar:/home/user/.m2/repository/software/amazon/ion/ion-java/1.0.2/ion-java-1.0.2.jar:/home/user/.m2/repository/com/fasterxml/jackson/dataformat/jackson-dataformat-cbor/2.10.3/jackson-dataformat-cbor-2.10.3.jar:/home/user/.m2/repository/joda-time/joda-time/2.8.1/joda-time-2.8.1.jar:/home/user/.m2/repository/com/amazonaws/aws-java-sdk-s3/1.11.615/aws-java-sdk-s3-1.11.615.jar:/home/user/.m2/repository/com/amazonaws/aws-java-sdk-kms/1.11.615/aws-java-sdk-kms-1.11.615.jar:/home/user/.m2/repository/com/amazonaws/jmespath-java/1.11.615/jmespath-java-1.11.615.jar:/home/user/.m2/repository/org/kohsuke/metainf-services/metainf-services/1.8/metainf-services-1.8.jar:/home/user/.m2/repository/org/apache/hadoop/hadoop-hdds-tools/1.1.0-SNAPSHOT/hadoop-hdds-tools-1.1.0-SNAPSHOT.jar:/home/user/.m2/repository/commons-cli/commons-cli/1.2/commons-cli-1.2.jar:/home/user/.m2/repository/org/apache/commons/commons-lang3/3.7/commons-lang3-3.7.jar:/home/user/.m2/repository/org/apache/hadoop/hadoop-ozone-ozone-manager/1.1.0-SNAPSHOT/hadoop-ozone-ozone-manager-1.1.0-SNAPSHOT-tests.jar:/home/user/.m2/repository/junit/junit/4.11/junit-4.11.jar:/home/user/.m2/repository/org/hamcrest/hamcrest-core/1.3/hamcrest-core-1.3.jar:/home/user/.m2/repository/org/openjdk/jmh/jmh-core/1.19/jmh-core-1.19.jar:/home/user/.m2/repository/net/sf/jopt-simple/jopt-simple/4.6/jopt-simple-4.6.jar:/home/user/.m2/repository/org/apache/commons/commons-math3/3.1.1/commons-math3-3.1.1.jar:/home/user/.m2/repository/org/openjdk/jmh/jmh-generator-annprocess/1.19/jmh-generator-annprocess-1.19.jar:/home/user/.m2/repository/org/mockito/mockito-all/1.8.5/mockito-all-1.8.5.jar:/home/user/.m2/repository/org/apache/hadoop/hadoop-kms/3.2.1/hadoop-kms-3.2.1.jar:/home/user/.m2/repository/org/apache/hadoop/hadoop-auth/3.2.1/hadoop-auth-3.2.1.jar:/home/user/.m2/repository/com/nimbusds/nimbus-jose-jwt/7.9/nimbus-jose-jwt-7.9.jar:/home/user/.m2/repository/com/github/stephenc/jcip/jcip-annotations/1.0-1/jcip-annotations-1.0-1.jar:/home/user/.m2/repository/net/minidev/json-smart/2.3/json-smart-2.3.jar:/home/user/.m2/repository/net/minidev/accessors-smart/1.2/accessors-smart-1.2.jar:/home/user/.m2/repository/org/ow2/asm/asm/5.0.4/asm-5.0.4.jar:/home/user/.m2/repository/org/apache/zookeeper/zookeeper/3.4.13/zookeeper-3.4.13.jar:/home/user/.m2/repository/org/apache/yetus/audience-annotations/0.5.0/audience-annotations-0.5.0.jar:/home/user/.m2/repository/org/apache/curator/curator-framework/2.13.0/curator-framework-2.13.0.jar:/home/user/.m2/repository/com/sun/jersey/jersey-core/1.19/jersey-core-1.19.jar:/home/user/.m2/repository/javax/ws/rs/jsr311-api/1.1.1/jsr311-api-1.1.1.jar:/home/user/.m2/repository/com/sun/jersey/jersey-server/1.19/jersey-server-1.19.jar:/home/user/.m2/repository/javax/servlet/javax.servlet-api/3.1.0/javax.servlet-api-3.1.0.jar:/home/user/.m2/repository/org/eclipse/jetty/jetty-server/9.4.26.v20200117/jetty-server-9.4.26.v20200117.jar:/home/user/.m2/repository/org/eclipse/jetty/jetty-http/9.4.26.v20200117/jetty-http-9.4.26.v20200117.jar:/home/user/.m2/repository/org/eclipse/jetty/jetty-io/9.4.26.v20200117/jetty-io-9.4.26.v20200117.jar:/home/user/.m2/repository/org/eclipse/jetty/jetty-webapp/9.4.26.v20200117/jetty-webapp-9.4.26.v20200117.jar:/home/user/.m2/repository/org/eclipse/jetty/jetty-xml/9.4.26.v20200117/jetty-xml-9.4.26.v20200117.jar:/home/user/.m2/repository/org/eclipse/jetty/jetty-servlet/9.4.26.v20200117/jetty-servlet-9.4.26.v20200117.jar:/home/user/.m2/repository/org/eclipse/jetty/jetty-security/9.4.26.v20200117/jetty-security-9.4.26.v20200117.jar:/home/user/.m2/repository/org/apache/hadoop/hadoop-common/3.2.1/hadoop-common-3.2.1.jar:/home/user/.m2/repository/commons-net/commons-net/3.6/commons-net-3.6.jar:/home/user/.m2/repository/commons-collections/commons-collections/3.2.2/commons-collections-3.2.2.jar:/home/user/.m2/repository/com/sun/jersey/jersey-servlet/1.19/jersey-servlet-1.19.jar:/home/user/.m2/repository/com/sun/jersey/jersey-json/1.19/jersey-json-1.19.jar:/home/user/.m2/repository/org/codehaus/jettison/jettison/1.1/jettison-1.1.jar:/home/user/.m2/repository/org/codehaus/jackson/jackson-jaxrs/1.9.2/jackson-jaxrs-1.9.2.jar:/home/user/.m2/repository/org/codehaus/jackson/jackson-xc/1.9.2/jackson-xc-1.9.2.jar:/home/user/.m2/repository/commons-beanutils/commons-beanutils/1.9.4/commons-beanutils-1.9.4.jar:/home/user/.m2/repository/org/apache/commons/commons-configuration2/2.1.1/commons-configuration2-2.1.1.jar:/home/user/.m2/repository/org/apache/commons/commons-text/1.4/commons-text-1.4.jar:/home/user/.m2/repository/com/google/re2j/re2j/1.1/re2j-1.1.jar:/home/user/.m2/repository/com/jcraft/jsch/0.1.54/jsch-0.1.54.jar:/home/user/.m2/repository/org/apache/curator/curator-client/2.13.0/curator-client-2.13.0.jar:/home/user/.m2/repository/org/apache/curator/curator-recipes/2.13.0/curator-recipes-2.13.0.jar:/home/user/.m2/repository/dnsjava/dnsjava/2.1.7/dnsjava-2.1.7.jar:/home/user/.m2/repository/org/slf4j/jul-to-slf4j/1.7.25/jul-to-slf4j-1.7.25.jar:/home/user/.m2/repository/org/eclipse/jetty/jetty-util/9.4.26.v20200117/jetty-util-9.4.26.v20200117.jar:/home/user/.m2/repository/com/fasterxml/jackson/core/jackson-databind/2.10.3/jackson-databind-2.10.3.jar:/home/user/.m2/repository/org/apache/hadoop/hadoop-kms/3.2.1/hadoop-kms-3.2.1-tests.jar:/home/user/.m2/repository/org/apache/hadoop/hadoop-hdds-server-scm/1.1.0-SNAPSHOT/hadoop-hdds-server-scm-1.1.0-SNAPSHOT-tests.jar:/home/user/.m2/repository/org/apache/hadoop/hadoop-hdds-container-service/1.1.0-SNAPSHOT/hadoop-hdds-container-service-1.1.0-SNAPSHOT-tests.jar:/home/user/.m2/repository/org/apache/hadoop/hadoop-hdds-common/1.1.0-SNAPSHOT/hadoop-hdds-common-1.1.0-SNAPSHOT-tests.jar:/home/user/.m2/repository/org/yaml/snakeyaml/1.16/snakeyaml-1.16.jar:/home/user/.m2/repository/org/apache/hadoop/hadoop-hdds-hadoop-dependency-test/1.1.0-SNAPSHOT/hadoop-hdds-hadoop-dependency-test-1.1.0-SNAPSHOT.jar:/home/user/.m2/repository/org/apache/hadoop/hadoop-common/3.2.1/hadoop-common-3.2.1-tests.jar:/home/user/.m2/repository/javax/servlet/jsp/jsp-api/2.1/jsp-api-2.1.jar:/home/user/.m2/repository/org/apache/hadoop/hadoop-hdfs/3.2.1/hadoop-hdfs-3.2.1-tests.jar:/home/user/.m2/repository/org/eclipse/jetty/jetty-util-ajax/9.4.26.v20200117/jetty-util-ajax-9.4.26.v20200117.jar:/home/user/.m2/repository/commons-codec/commons-codec/1.11/commons-codec-1.11.jar:/home/user/.m2/repository/commons-daemon/commons-daemon/1.0.13/commons-daemon-1.0.13.jar:/home/user/.m2/repository/io/netty/netty/3.10.5.Final/netty-3.10.5.Final.jar:/home/user/.m2/repository/io/netty/netty-all/4.1.48.Final/netty-all-4.1.48.Final.jar:/home/user/.m2/repository/org/apache/htrace/htrace-core4/4.1.0-incubating/htrace-core4-4.1.0-incubating.jar:/home/user/.m2/repository/org/fusesource/leveldbjni/leveldbjni-all/1.8/leveldbjni-all-1.8.jar:/home/user/.m2/repository/org/apache/hadoop/hadoop-distcp/3.2.1/hadoop-distcp-3.2.1.jar:/home/user/.m2/repository/org/apache/hadoop/hadoop-mapreduce-client-jobclient/3.2.1/hadoop-mapreduce-client-jobclient-3.2.1.jar:/home/user/.m2/repository/org/apache/hadoop/hadoop-mapreduce-client-common/3.2.1/hadoop-mapreduce-client-common-3.2.1.jar:/home/user/.m2/repository/org/apache/hadoop/hadoop-yarn-common/3.2.1/hadoop-yarn-common-3.2.1.jar:/home/user/.m2/repository/org/apache/hadoop/hadoop-yarn-api/3.2.1/hadoop-yarn-api-3.2.1.jar:/home/user/.m2/repository/com/sun/jersey/jersey-client/1.19/jersey-client-1.19.jar:/home/user/.m2/repository/com/sun/jersey/contribs/jersey-guice/1.19/jersey-guice-1.19.jar:/home/user/.m2/repository/com/fasterxml/jackson/jaxrs/jackson-jaxrs-json-provider/2.10.3/jackson-jaxrs-json-provider-2.10.3.jar:/home/user/.m2/repository/com/fasterxml/jackson/jaxrs/jackson-jaxrs-base/2.10.3/jackson-jaxrs-base-2.10.3.jar:/home/user/.m2/repository/org/apache/hadoop/hadoop-yarn-client/3.2.1/hadoop-yarn-client-3.2.1.jar:/home/user/.m2/repository/org/apache/hadoop/hadoop-mapreduce-client-core/3.2.1/hadoop-mapreduce-client-core-3.2.1.jar:/home/user/.m2/repository/org/apache/avro/avro/1.7.7/avro-1.7.7.jar:/home/user/.m2/repository/org/codehaus/jackson/jackson-core-asl/1.9.13/jackson-core-asl-1.9.13.jar:/home/user/.m2/repository/org/codehaus/jackson/jackson-mapper-asl/1.9.13/jackson-mapper-asl-1.9.13.jar:/home/user/.m2/repository/com/thoughtworks/paranamer/paranamer/2.3/paranamer-2.3.jar:/home/user/.m2/repository/org/xerial/snappy/snappy-java/1.0.5/snappy-java-1.0.5.jar:/home/user/.m2/repository/org/apache/hadoop/hadoop-annotations/3.2.1/hadoop-annotations-3.2.1.jar:/usr/lib/jvm/java-1.8.0-openjdk-1.8.0.232.b09-0.el7_7.x86_64/jre/../lib/tools.jar:/home/user/.m2/repository/org/apache/hadoop/hadoop-distcp/3.2.1/hadoop-distcp-3.2.1-tests.jar:"/>
    <property name="java.vm.vendor" value="Oracle Corporation"/>
    <property name="sun.arch.data.model" value="64"/>
    <property name="test.build.dir" value="/github/workspace/mnt/ozone/hadoop-ozone/integration-test/target/test-dir"/>
    <property name="test.cache.data" value=""/>
    <property name="java.vendor.url" value="http://java.oracle.com/"/>
    <property name="user.timezone" value=""/>
    <property name="java.vm.specification.version" value="1.8"/>
    <property name="os.name" value="Linux"/>
    <property name="test.build.data" value="/github/workspace/mnt/ozone/hadoop-ozone/integration-test/target/test-dir"/>
    <property name="user.country" value="US"/>
    <property name="sun.java.launcher" value="SUN_STANDARD"/>
    <property name="sun.boot.library.path" value="/usr/lib/jvm/java-1.8.0-openjdk-1.8.0.232.b09-0.el7_7.x86_64/jre/lib/amd64"/>
    <property name="sun.java.command" value="/github/workspace/mnt/ozone/hadoop-ozone/integration-test/target/surefire/surefirebooter1819436753864201170.jar /github/workspace/mnt/ozone/hadoop-ozone/integration-test/target/surefire 2020-10-09T12-50-10_989-jvmRun1 surefire8386586374919884640tmp surefire_52317927322630023714tmp"/>
    <property name="surefire.test.class.path" value="/github/workspace/mnt/ozone/hadoop-ozone/integration-test/target/test-classes:/github/workspace/mnt/ozone/hadoop-ozone/integration-test/target/classes:/home/user/.m2/repository/org/apache/hadoop/hadoop-ozone-common/1.1.0-SNAPSHOT/hadoop-ozone-common-1.1.0-SNAPSHOT.jar:/home/user/.m2/repository/org/apache/commons/commons-compress/1.4.1/commons-compress-1.4.1.jar:/home/user/.m2/repository/org/tukaani/xz/1.0/xz-1.0.jar:/home/user/.m2/repository/org/apache/hadoop/hadoop-hdds-common/1.1.0-SNAPSHOT/hadoop-hdds-common-1.1.0-SNAPSHOT.jar:/home/user/.m2/repository/org/apache/hadoop/hadoop-hdds-hadoop-dependency-client/1.1.0-SNAPSHOT/hadoop-hdds-hadoop-dependency-client-1.1.0-SNAPSHOT.jar:/home/user/.m2/repository/info/picocli/picocli/4.4.0/picocli-4.4.0.jar:/home/user/.m2/repository/com/fasterxml/jackson/core/jackson-annotations/2.10.3/jackson-annotations-2.10.3.jar:/home/user/.m2/repository/javax/annotation/javax.annotation-api/1.2/javax.annotation-api-1.2.jar:/home/user/.m2/repository/org/apache/ratis/ratis-server/1.1.0-11689cd-SNAPSHOT/ratis-server-1.1.0-11689cd-SNAPSHOT.jar:/home/user/.m2/repository/org/apache/ratis/ratis-client/1.1.0-11689cd-SNAPSHOT/ratis-client-1.1.0-11689cd-SNAPSHOT.jar:/home/user/.m2/repository/org/apache/ratis/ratis-metrics/1.1.0-11689cd-SNAPSHOT/ratis-metrics-1.1.0-11689cd-SNAPSHOT.jar:/home/user/.m2/repository/org/apache/ratis/ratis-netty/1.1.0-11689cd-SNAPSHOT/ratis-netty-1.1.0-11689cd-SNAPSHOT.jar:/home/user/.m2/repository/org/apache/ratis/ratis-grpc/1.1.0-11689cd-SNAPSHOT/ratis-grpc-1.1.0-11689cd-SNAPSHOT.jar:/home/user/.m2/repository/org/apache/logging/log4j/log4j-api/2.13.3/log4j-api-2.13.3.jar:/home/user/.m2/repository/org/apache/logging/log4j/log4j-core/2.13.3/log4j-core-2.13.3.jar:/home/user/.m2/repository/com/lmax/disruptor/3.4.2/disruptor-3.4.2.jar:/home/user/.m2/repository/org/apache/commons/commons-pool2/2.6.0/commons-pool2-2.6.0.jar:/home/user/.m2/repository/org/bouncycastle/bcpkix-jdk15on/1.60/bcpkix-jdk15on-1.60.jar:/home/user/.m2/repository/commons-validator/commons-validator/1.6/commons-validator-1.6.jar:/home/user/.m2/repository/commons-digester/commons-digester/1.8.1/commons-digester-1.8.1.jar:/home/user/.m2/repository/io/jaegertracing/jaeger-client/1.2.0/jaeger-client-1.2.0.jar:/home/user/.m2/repository/io/jaegertracing/jaeger-thrift/1.2.0/jaeger-thrift-1.2.0.jar:/home/user/.m2/repository/org/apache/thrift/libthrift/0.13.0/libthrift-0.13.0.jar:/home/user/.m2/repository/com/squareup/okhttp3/okhttp/4.2.2/okhttp-4.2.2.jar:/home/user/.m2/repository/com/squareup/okio/okio/2.2.2/okio-2.2.2.jar:/home/user/.m2/repository/org/jetbrains/kotlin/kotlin-stdlib/1.3.50/kotlin-stdlib-1.3.50.jar:/home/user/.m2/repository/org/jetbrains/kotlin/kotlin-stdlib-common/1.3.50/kotlin-stdlib-common-1.3.50.jar:/home/user/.m2/repository/org/jetbrains/annotations/13.0/annotations-13.0.jar:/home/user/.m2/repository/io/jaegertracing/jaeger-core/1.2.0/jaeger-core-1.2.0.jar:/home/user/.m2/repository/io/jaegertracing/jaeger-tracerresolver/1.2.0/jaeger-tracerresolver-1.2.0.jar:/home/user/.m2/repository/io/opentracing/contrib/opentracing-tracerresolver/0.1.8/opentracing-tracerresolver-0.1.8.jar:/home/user/.m2/repository/io/opentracing/opentracing-util/0.33.0/opentracing-util-0.33.0.jar:/home/user/.m2/repository/io/opentracing/opentracing-api/0.33.0/opentracing-api-0.33.0.jar:/home/user/.m2/repository/io/opentracing/opentracing-noop/0.33.0/opentracing-noop-0.33.0.jar:/home/user/.m2/repository/org/apache/hadoop/hadoop-hdds-client/1.1.0-SNAPSHOT/hadoop-hdds-client-1.1.0-SNAPSHOT.jar:/home/user/.m2/repository/org/apache/hadoop/hadoop-ozone-interface-client/1.1.0-SNAPSHOT/hadoop-ozone-interface-client-1.1.0-SNAPSHOT.jar:/home/user/.m2/repository/org/apache/hadoop/hadoop-hdds-test-utils/1.1.0-SNAPSHOT/hadoop-hdds-test-utils-1.1.0-SNAPSHOT.jar:/home/user/.m2/repository/com/google/guava/guava/28.2-jre/guava-28.2-jre.jar:/home/user/.m2/repository/com/google/guava/failureaccess/1.0.1/failureaccess-1.0.1.jar:/home/user/.m2/repository/com/google/guava/listenablefuture/9999.0-empty-to-avoid-conflict-with-guava/listenablefuture-9999.0-empty-to-avoid-conflict-with-guava.jar:/home/user/.m2/repository/com/google/code/findbugs/jsr305/3.0.0/jsr305-3.0.0.jar:/home/user/.m2/repository/org/checkerframework/checker-qual/2.10.0/checker-qual-2.10.0.jar:/home/user/.m2/repository/com/google/errorprone/error_prone_annotations/2.2.0/error_prone_annotations-2.2.0.jar:/home/user/.m2/repository/com/google/j2objc/j2objc-annotations/1.3/j2objc-annotations-1.3.jar:/home/user/.m2/repository/commons-io/commons-io/2.5/commons-io-2.5.jar:/home/user/.m2/repository/commons-logging/commons-logging/1.2/commons-logging-1.2.jar:/home/user/.m2/repository/log4j/log4j/1.2.17/log4j-1.2.17.jar:/home/user/.m2/repository/org/slf4j/slf4j-api/1.7.25/slf4j-api-1.7.25.jar:/home/user/.m2/repository/org/apache/hadoop/hadoop-hdds-server-scm/1.1.0-SNAPSHOT/hadoop-hdds-server-scm-1.1.0-SNAPSHOT.jar:/home/user/.m2/repository/org/apache/hadoop/hadoop-hdds-container-service/1.1.0-SNAPSHOT/hadoop-hdds-container-service-1.1.0-SNAPSHOT.jar:/home/user/.m2/repository/org/apache/hadoop/hadoop-hdds-hadoop-dependency-server/1.1.0-SNAPSHOT/hadoop-hdds-hadoop-dependency-server-1.1.0-SNAPSHOT.jar:/home/user/.m2/repository/org/apache/hadoop/hadoop-hdds-server-framework/1.1.0-SNAPSHOT/hadoop-hdds-server-framework-1.1.0-SNAPSHOT.jar:/home/user/.m2/repository/org/apache/hadoop/hadoop-hdds-interface-server/1.1.0-SNAPSHOT/hadoop-hdds-interface-server-1.1.0-SNAPSHOT.jar:/home/user/.m2/repository/org/apache/hadoop/hadoop-hdds-interface-admin/1.1.0-SNAPSHOT/hadoop-hdds-interface-admin-1.1.0-SNAPSHOT.jar:/home/user/.m2/repository/org/rocksdb/rocksdbjni/6.8.1/rocksdbjni-6.8.1.jar:/home/user/.m2/repository/io/prometheus/simpleclient_dropwizard/0.7.0/simpleclient_dropwizard-0.7.0.jar:/home/user/.m2/repository/io/prometheus/simpleclient/0.7.0/simpleclient-0.7.0.jar:/home/user/.m2/repository/io/prometheus/simpleclient_common/0.7.0/simpleclient_common-0.7.0.jar:/home/user/.m2/repository/com/fasterxml/jackson/datatype/jackson-datatype-jsr310/2.10.3/jackson-datatype-jsr310-2.10.3.jar:/home/user/.m2/repository/io/dropwizard/metrics/metrics-core/3.2.4/metrics-core-3.2.4.jar:/home/user/.m2/repository/org/apache/hadoop/hadoop-hdfs-client/3.2.1/hadoop-hdfs-client-3.2.1.jar:/home/user/.m2/repository/org/bouncycastle/bcprov-jdk15on/1.60/bcprov-jdk15on-1.60.jar:/home/user/.m2/repository/org/apache/hadoop/hadoop-ozone-ozone-manager/1.1.0-SNAPSHOT/hadoop-ozone-ozone-manager-1.1.0-SNAPSHOT.jar:/home/user/.m2/repository/org/apache/hadoop/hadoop-hdds-interface-client/1.1.0-SNAPSHOT/hadoop-hdds-interface-client-1.1.0-SNAPSHOT.jar:/home/user/.m2/repository/org/apache/ratis/ratis-thirdparty-misc/0.6.0-SNAPSHOT/ratis-thirdparty-misc-0.6.0-SNAPSHOT.jar:/home/user/.m2/repository/org/apache/hadoop/hadoop-ozone-interface-storage/1.1.0-SNAPSHOT/hadoop-ozone-interface-storage-1.1.0-SNAPSHOT.jar:/home/user/.m2/repository/org/apache/hadoop/hadoop-minikdc/3.2.1/hadoop-minikdc-3.2.1.jar:/home/user/.m2/repository/org/apache/kerby/kerb-simplekdc/1.0.1/kerb-simplekdc-1.0.1.jar:/home/user/.m2/repository/org/apache/kerby/kerb-client/1.0.1/kerb-client-1.0.1.jar:/home/user/.m2/repository/org/apache/kerby/kerby-config/1.0.1/kerby-config-1.0.1.jar:/home/user/.m2/repository/org/apache/kerby/kerb-core/1.0.1/kerb-core-1.0.1.jar:/home/user/.m2/repository/org/apache/kerby/kerby-pkix/1.0.1/kerby-pkix-1.0.1.jar:/home/user/.m2/repository/org/apache/kerby/kerby-asn1/1.0.1/kerby-asn1-1.0.1.jar:/home/user/.m2/repository/org/apache/kerby/kerby-util/1.0.1/kerby-util-1.0.1.jar:/home/user/.m2/repository/org/apache/kerby/kerb-common/1.0.1/kerb-common-1.0.1.jar:/home/user/.m2/repository/org/apache/kerby/kerb-crypto/1.0.1/kerb-crypto-1.0.1.jar:/home/user/.m2/repository/org/apache/kerby/kerb-util/1.0.1/kerb-util-1.0.1.jar:/home/user/.m2/repository/org/apache/kerby/token-provider/1.0.1/token-provider-1.0.1.jar:/home/user/.m2/repository/org/apache/kerby/kerb-admin/1.0.1/kerb-admin-1.0.1.jar:/home/user/.m2/repository/org/apache/kerby/kerb-server/1.0.1/kerb-server-1.0.1.jar:/home/user/.m2/repository/org/apache/kerby/kerb-identity/1.0.1/kerb-identity-1.0.1.jar:/home/user/.m2/repository/org/apache/kerby/kerby-xdr/1.0.1/kerby-xdr-1.0.1.jar:/home/user/.m2/repository/org/slf4j/slf4j-log4j12/1.7.25/slf4j-log4j12-1.7.25.jar:/home/user/.m2/repository/org/apache/hadoop/hadoop-ozone-s3gateway/1.1.0-SNAPSHOT/hadoop-ozone-s3gateway-1.1.0-SNAPSHOT.jar:/home/user/.m2/repository/org/jboss/weld/servlet/weld-servlet/2.4.7.Final/weld-servlet-2.4.7.Final.jar:/home/user/.m2/repository/org/glassfish/jersey/containers/jersey-container-servlet-core/2.27/jersey-container-servlet-core-2.27.jar:/home/user/.m2/repository/org/glassfish/hk2/external/javax.inject/2.5.0-b42/javax.inject-2.5.0-b42.jar:/home/user/.m2/repository/org/glassfish/jersey/core/jersey-common/2.27/jersey-common-2.27.jar:/home/user/.m2/repository/org/glassfish/hk2/osgi-resource-locator/1.0.1/osgi-resource-locator-1.0.1.jar:/home/user/.m2/repository/javax/ws/rs/javax.ws.rs-api/2.1/javax.ws.rs-api-2.1.jar:/home/user/.m2/repository/org/glassfish/jersey/ext/cdi/jersey-cdi1x/2.27/jersey-cdi1x-2.27.jar:/home/user/.m2/repository/org/glassfish/jersey/inject/jersey-hk2/2.27/jersey-hk2-2.27.jar:/home/user/.m2/repository/org/glassfish/hk2/hk2-locator/2.5.0-b42/hk2-locator-2.5.0-b42.jar:/home/user/.m2/repository/org/javassist/javassist/3.22.0-CR2/javassist-3.22.0-CR2.jar:/home/user/.m2/repository/org/glassfish/hk2/hk2-api/2.5.0/hk2-api-2.5.0.jar:/home/user/.m2/repository/org/glassfish/hk2/external/jakarta.inject/2.5.0/jakarta.inject-2.5.0.jar:/home/user/.m2/repository/org/glassfish/hk2/hk2-utils/2.5.0/hk2-utils-2.5.0.jar:/home/user/.m2/repository/jakarta/annotation/jakarta.annotation-api/1.3.4/jakarta.annotation-api-1.3.4.jar:/home/user/.m2/repository/org/glassfish/hk2/external/aopalliance-repackaged/2.5.0/aopalliance-repackaged-2.5.0.jar:/home/user/.m2/repository/com/fasterxml/jackson/dataformat/jackson-dataformat-xml/2.10.3/jackson-dataformat-xml-2.10.3.jar:/home/user/.m2/repository/com/fasterxml/jackson/core/jackson-core/2.10.3/jackson-core-2.10.3.jar:/home/user/.m2/repository/com/fasterxml/jackson/module/jackson-module-jaxb-annotations/2.10.3/jackson-module-jaxb-annotations-2.10.3.jar:/home/user/.m2/repository/jakarta/xml/bind/jakarta.xml.bind-api/2.3.2/jakarta.xml.bind-api-2.3.2.jar:/home/user/.m2/repository/jakarta/activation/jakarta.activation-api/1.2.1/jakarta.activation-api-1.2.1.jar:/home/user/.m2/repository/org/codehaus/woodstox/stax2-api/3.1.4/stax2-api-3.1.4.jar:/home/user/.m2/repository/com/fasterxml/woodstox/woodstox-core/5.0.3/woodstox-core-5.0.3.jar:/home/user/.m2/repository/javax/enterprise/cdi-api/1.2/cdi-api-1.2.jar:/home/user/.m2/repository/javax/el/javax.el-api/3.0.0/javax.el-api-3.0.0.jar:/home/user/.m2/repository/javax/interceptor/javax.interceptor-api/1.2/javax.interceptor-api-1.2.jar:/home/user/.m2/repository/javax/inject/javax.inject/1/javax.inject-1.jar:/home/user/.m2/repository/com/sun/xml/bind/jaxb-impl/2.3.0.1/jaxb-impl-2.3.0.1.jar:/home/user/.m2/repository/com/sun/xml/bind/jaxb-core/2.3.0.1/jaxb-core-2.3.0.1.jar:/home/user/.m2/repository/javax/xml/bind/jaxb-api/2.3.0/jaxb-api-2.3.0.jar:/home/user/.m2/repository/javax/activation/activation/1.1.1/activation-1.1.1.jar:/home/user/.m2/repository/org/apache/hadoop/hadoop-ozone-csi/1.1.0-SNAPSHOT/hadoop-ozone-csi-1.1.0-SNAPSHOT.jar:/home/user/.m2/repository/com/google/protobuf/protobuf-java-util/3.11.0/protobuf-java-util-3.11.0.jar:/home/user/.m2/repository/com/google/code/gson/gson/2.2.4/gson-2.2.4.jar:/home/user/.m2/repository/org/apache/hadoop/hadoop-hdds-config/1.1.0-SNAPSHOT/hadoop-hdds-config-1.1.0-SNAPSHOT.jar:/home/user/.m2/repository/com/google/protobuf/protobuf-java/2.5.0/protobuf-java-2.5.0.jar:/home/user/.m2/repository/io/grpc/grpc-netty/1.29.0/grpc-netty-1.29.0.jar:/home/user/.m2/repository/io/grpc/grpc-core/1.29.0/grpc-core-1.29.0.jar:/home/user/.m2/repository/com/google/android/annotations/4.1.1.4/annotations-4.1.1.4.jar:/home/user/.m2/repository/io/perfmark/perfmark-api/0.19.0/perfmark-api-0.19.0.jar:/home/user/.m2/repository/io/netty/netty-codec-http2/4.1.48.Final/netty-codec-http2-4.1.48.Final.jar:/home/user/.m2/repository/io/netty/netty-codec/4.1.48.Final/netty-codec-4.1.48.Final.jar:/home/user/.m2/repository/io/netty/netty-handler/4.1.48.Final/netty-handler-4.1.48.Final.jar:/home/user/.m2/repository/io/netty/netty-codec-http/4.1.48.Final/netty-codec-http-4.1.48.Final.jar:/home/user/.m2/repository/io/netty/netty-handler-proxy/4.1.48.Final/netty-handler-proxy-4.1.48.Final.jar:/home/user/.m2/repository/io/netty/netty-codec-socks/4.1.48.Final/netty-codec-socks-4.1.48.Final.jar:/home/user/.m2/repository/io/netty/netty-transport-native-epoll/4.1.48.Final/netty-transport-native-epoll-4.1.48.Final.jar:/home/user/.m2/repository/io/netty/netty-common/4.1.48.Final/netty-common-4.1.48.Final.jar:/home/user/.m2/repository/io/netty/netty-buffer/4.1.48.Final/netty-buffer-4.1.48.Final.jar:/home/user/.m2/repository/io/netty/netty-transport/4.1.48.Final/netty-transport-4.1.48.Final.jar:/home/user/.m2/repository/io/netty/netty-resolver/4.1.48.Final/netty-resolver-4.1.48.Final.jar:/home/user/.m2/repository/io/netty/netty-transport-native-unix-common/4.1.48.Final/netty-transport-native-unix-common-4.1.48.Final.jar:/home/user/.m2/repository/io/grpc/grpc-protobuf/1.29.0/grpc-protobuf-1.29.0.jar:/home/user/.m2/repository/io/grpc/grpc-api/1.29.0/grpc-api-1.29.0.jar:/home/user/.m2/repository/io/grpc/grpc-context/1.29.0/grpc-context-1.29.0.jar:/home/user/.m2/repository/org/codehaus/mojo/animal-sniffer-annotations/1.18/animal-sniffer-annotations-1.18.jar:/home/user/.m2/repository/com/google/api/grpc/proto-google-common-protos/1.17.0/proto-google-common-protos-1.17.0.jar:/home/user/.m2/repository/io/grpc/grpc-protobuf-lite/1.29.0/grpc-protobuf-lite-1.29.0.jar:/home/user/.m2/repository/io/grpc/grpc-stub/1.29.0/grpc-stub-1.29.0.jar:/home/user/.m2/repository/org/apache/hadoop/hadoop-ozone-recon/1.1.0-SNAPSHOT/hadoop-ozone-recon-1.1.0-SNAPSHOT.jar:/home/user/.m2/repository/org/apache/hadoop/hadoop-ozone-reconcodegen/1.1.0-SNAPSHOT/hadoop-ozone-reconcodegen-1.1.0-SNAPSHOT.jar:/home/user/.m2/repository/com/google/inject/extensions/guice-multibindings/4.0/guice-multibindings-4.0.jar:/home/user/.m2/repository/com/google/inject/guice/4.0/guice-4.0.jar:/home/user/.m2/repository/aopalliance/aopalliance/1.0/aopalliance-1.0.jar:/home/user/.m2/repository/com/google/inject/extensions/guice-assistedinject/4.0/guice-assistedinject-4.0.jar:/home/user/.m2/repository/com/google/inject/extensions/guice-servlet/4.0/guice-servlet-4.0.jar:/home/user/.m2/repository/org/glassfish/jersey/containers/jersey-container-servlet/2.27/jersey-container-servlet-2.27.jar:/home/user/.m2/repository/org/glassfish/hk2/guice-bridge/2.5.0/guice-bridge-2.5.0.jar:/home/user/.m2/repository/org/glassfish/jersey/core/jersey-server/2.27/jersey-server-2.27.jar:/home/user/.m2/repository/org/glassfish/jersey/core/jersey-client/2.27/jersey-client-2.27.jar:/home/user/.m2/repository/org/glassfish/jersey/media/jersey-media-jaxb/2.27/jersey-media-jaxb-2.27.jar:/home/user/.m2/repository/javax/validation/validation-api/1.1.0.Final/validation-api-1.1.0.Final.jar:/home/user/.m2/repository/org/glassfish/jersey/media/jersey-media-json-jackson/2.27/jersey-media-json-jackson-2.27.jar:/home/user/.m2/repository/org/glassfish/jersey/ext/jersey-entity-filtering/2.27/jersey-entity-filtering-2.27.jar:/home/user/.m2/repository/org/jooq/jooq/3.11.10/jooq-3.11.10.jar:/home/user/.m2/repository/org/jooq/jooq-meta/3.11.10/jooq-meta-3.11.10.jar:/home/user/.m2/repository/org/jooq/jooq-codegen/3.11.10/jooq-codegen-3.11.10.jar:/home/user/.m2/repository/com/jolbox/bonecp/0.8.0.RELEASE/bonecp-0.8.0.RELEASE.jar:/home/user/.m2/repository/org/apache/derby/derby/10.14.2.0/derby-10.14.2.0.jar:/home/user/.m2/repository/org/xerial/sqlite-jdbc/3.25.2/sqlite-jdbc-3.25.2.jar:/home/user/.m2/repository/org/springframework/spring-jdbc/5.2.5.RELEASE/spring-jdbc-5.2.5.RELEASE.jar:/home/user/.m2/repository/org/springframework/spring-beans/5.2.5.RELEASE/spring-beans-5.2.5.RELEASE.jar:/home/user/.m2/repository/org/springframework/spring-core/5.2.5.RELEASE/spring-core-5.2.5.RELEASE.jar:/home/user/.m2/repository/org/springframework/spring-jcl/5.2.5.RELEASE/spring-jcl-5.2.5.RELEASE.jar:/home/user/.m2/repository/org/springframework/spring-tx/5.2.5.RELEASE/spring-tx-5.2.5.RELEASE.jar:/home/user/.m2/repository/org/apache/hadoop/hadoop-ozone-client/1.1.0-SNAPSHOT/hadoop-ozone-client-1.1.0-SNAPSHOT.jar:/home/user/.m2/repository/org/apache/hadoop/hadoop-ozone-filesystem/1.1.0-SNAPSHOT/hadoop-ozone-filesystem-1.1.0-SNAPSHOT.jar:/home/user/.m2/repository/org/apache/hadoop/hadoop-ozone-filesystem-common/1.1.0-SNAPSHOT/hadoop-ozone-filesystem-common-1.1.0-SNAPSHOT.jar:/home/user/.m2/repository/org/apache/hadoop/hadoop-ozone-tools/1.1.0-SNAPSHOT/hadoop-ozone-tools-1.1.0-SNAPSHOT.jar:/home/user/.m2/repository/org/apache/hadoop/hadoop-hdfs/3.2.1/hadoop-hdfs-3.2.1.jar:/home/user/.m2/repository/org/apache/ratis/ratis-tools/1.1.0-11689cd-SNAPSHOT/ratis-tools-1.1.0-11689cd-SNAPSHOT.jar:/home/user/.m2/repository/org/apache/ratis/ratis-proto/1.1.0-11689cd-SNAPSHOT/ratis-proto-1.1.0-11689cd-SNAPSHOT.jar:/home/user/.m2/repository/org/apache/ratis/ratis-common/1.1.0-11689cd-SNAPSHOT/ratis-common-1.1.0-11689cd-SNAPSHOT.jar:/home/user/.m2/repository/com/amazonaws/aws-java-sdk-core/1.11.615/aws-java-sdk-core-1.11.615.jar:/home/user/.m2/repository/org/apache/httpcomponents/httpclient/4.5.2/httpclient-4.5.2.jar:/home/user/.m2/repository/org/apache/httpcomponents/httpcore/4.4.4/httpcore-4.4.4.jar:/home/user/.m2/repository/software/amazon/ion/ion-java/1.0.2/ion-java-1.0.2.jar:/home/user/.m2/repository/com/fasterxml/jackson/dataformat/jackson-dataformat-cbor/2.10.3/jackson-dataformat-cbor-2.10.3.jar:/home/user/.m2/repository/joda-time/joda-time/2.8.1/joda-time-2.8.1.jar:/home/user/.m2/repository/com/amazonaws/aws-java-sdk-s3/1.11.615/aws-java-sdk-s3-1.11.615.jar:/home/user/.m2/repository/com/amazonaws/aws-java-sdk-kms/1.11.615/aws-java-sdk-kms-1.11.615.jar:/home/user/.m2/repository/com/amazonaws/jmespath-java/1.11.615/jmespath-java-1.11.615.jar:/home/user/.m2/repository/org/kohsuke/metainf-services/metainf-services/1.8/metainf-services-1.8.jar:/home/user/.m2/repository/org/apache/hadoop/hadoop-hdds-tools/1.1.0-SNAPSHOT/hadoop-hdds-tools-1.1.0-SNAPSHOT.jar:/home/user/.m2/repository/commons-cli/commons-cli/1.2/commons-cli-1.2.jar:/home/user/.m2/repository/org/apache/commons/commons-lang3/3.7/commons-lang3-3.7.jar:/home/user/.m2/repository/org/apache/hadoop/hadoop-ozone-ozone-manager/1.1.0-SNAPSHOT/hadoop-ozone-ozone-manager-1.1.0-SNAPSHOT-tests.jar:/home/user/.m2/repository/junit/junit/4.11/junit-4.11.jar:/home/user/.m2/repository/org/hamcrest/hamcrest-core/1.3/hamcrest-core-1.3.jar:/home/user/.m2/repository/org/openjdk/jmh/jmh-core/1.19/jmh-core-1.19.jar:/home/user/.m2/repository/net/sf/jopt-simple/jopt-simple/4.6/jopt-simple-4.6.jar:/home/user/.m2/repository/org/apache/commons/commons-math3/3.1.1/commons-math3-3.1.1.jar:/home/user/.m2/repository/org/openjdk/jmh/jmh-generator-annprocess/1.19/jmh-generator-annprocess-1.19.jar:/home/user/.m2/repository/org/mockito/mockito-all/1.8.5/mockito-all-1.8.5.jar:/home/user/.m2/repository/org/apache/hadoop/hadoop-kms/3.2.1/hadoop-kms-3.2.1.jar:/home/user/.m2/repository/org/apache/hadoop/hadoop-auth/3.2.1/hadoop-auth-3.2.1.jar:/home/user/.m2/repository/com/nimbusds/nimbus-jose-jwt/7.9/nimbus-jose-jwt-7.9.jar:/home/user/.m2/repository/com/github/stephenc/jcip/jcip-annotations/1.0-1/jcip-annotations-1.0-1.jar:/home/user/.m2/repository/net/minidev/json-smart/2.3/json-smart-2.3.jar:/home/user/.m2/repository/net/minidev/accessors-smart/1.2/accessors-smart-1.2.jar:/home/user/.m2/repository/org/ow2/asm/asm/5.0.4/asm-5.0.4.jar:/home/user/.m2/repository/org/apache/zookeeper/zookeeper/3.4.13/zookeeper-3.4.13.jar:/home/user/.m2/repository/org/apache/yetus/audience-annotations/0.5.0/audience-annotations-0.5.0.jar:/home/user/.m2/repository/org/apache/curator/curator-framework/2.13.0/curator-framework-2.13.0.jar:/home/user/.m2/repository/com/sun/jersey/jersey-core/1.19/jersey-core-1.19.jar:/home/user/.m2/repository/javax/ws/rs/jsr311-api/1.1.1/jsr311-api-1.1.1.jar:/home/user/.m2/repository/com/sun/jersey/jersey-server/1.19/jersey-server-1.19.jar:/home/user/.m2/repository/javax/servlet/javax.servlet-api/3.1.0/javax.servlet-api-3.1.0.jar:/home/user/.m2/repository/org/eclipse/jetty/jetty-server/9.4.26.v20200117/jetty-server-9.4.26.v20200117.jar:/home/user/.m2/repository/org/eclipse/jetty/jetty-http/9.4.26.v20200117/jetty-http-9.4.26.v20200117.jar:/home/user/.m2/repository/org/eclipse/jetty/jetty-io/9.4.26.v20200117/jetty-io-9.4.26.v20200117.jar:/home/user/.m2/repository/org/eclipse/jetty/jetty-webapp/9.4.26.v20200117/jetty-webapp-9.4.26.v20200117.jar:/home/user/.m2/repository/org/eclipse/jetty/jetty-xml/9.4.26.v20200117/jetty-xml-9.4.26.v20200117.jar:/home/user/.m2/repository/org/eclipse/jetty/jetty-servlet/9.4.26.v20200117/jetty-servlet-9.4.26.v20200117.jar:/home/user/.m2/repository/org/eclipse/jetty/jetty-security/9.4.26.v20200117/jetty-security-9.4.26.v20200117.jar:/home/user/.m2/repository/org/apache/hadoop/hadoop-common/3.2.1/hadoop-common-3.2.1.jar:/home/user/.m2/repository/commons-net/commons-net/3.6/commons-net-3.6.jar:/home/user/.m2/repository/commons-collections/commons-collections/3.2.2/commons-collections-3.2.2.jar:/home/user/.m2/repository/com/sun/jersey/jersey-servlet/1.19/jersey-servlet-1.19.jar:/home/user/.m2/repository/com/sun/jersey/jersey-json/1.19/jersey-json-1.19.jar:/home/user/.m2/repository/org/codehaus/jettison/jettison/1.1/jettison-1.1.jar:/home/user/.m2/repository/org/codehaus/jackson/jackson-jaxrs/1.9.2/jackson-jaxrs-1.9.2.jar:/home/user/.m2/repository/org/codehaus/jackson/jackson-xc/1.9.2/jackson-xc-1.9.2.jar:/home/user/.m2/repository/commons-beanutils/commons-beanutils/1.9.4/commons-beanutils-1.9.4.jar:/home/user/.m2/repository/org/apache/commons/commons-configuration2/2.1.1/commons-configuration2-2.1.1.jar:/home/user/.m2/repository/org/apache/commons/commons-text/1.4/commons-text-1.4.jar:/home/user/.m2/repository/com/google/re2j/re2j/1.1/re2j-1.1.jar:/home/user/.m2/repository/com/jcraft/jsch/0.1.54/jsch-0.1.54.jar:/home/user/.m2/repository/org/apache/curator/curator-client/2.13.0/curator-client-2.13.0.jar:/home/user/.m2/repository/org/apache/curator/curator-recipes/2.13.0/curator-recipes-2.13.0.jar:/home/user/.m2/repository/dnsjava/dnsjava/2.1.7/dnsjava-2.1.7.jar:/home/user/.m2/repository/org/slf4j/jul-to-slf4j/1.7.25/jul-to-slf4j-1.7.25.jar:/home/user/.m2/repository/org/eclipse/jetty/jetty-util/9.4.26.v20200117/jetty-util-9.4.26.v20200117.jar:/home/user/.m2/repository/com/fasterxml/jackson/core/jackson-databind/2.10.3/jackson-databind-2.10.3.jar:/home/user/.m2/repository/org/apache/hadoop/hadoop-kms/3.2.1/hadoop-kms-3.2.1-tests.jar:/home/user/.m2/repository/org/apache/hadoop/hadoop-hdds-server-scm/1.1.0-SNAPSHOT/hadoop-hdds-server-scm-1.1.0-SNAPSHOT-tests.jar:/home/user/.m2/repository/org/apache/hadoop/hadoop-hdds-container-service/1.1.0-SNAPSHOT/hadoop-hdds-container-service-1.1.0-SNAPSHOT-tests.jar:/home/user/.m2/repository/org/apache/hadoop/hadoop-hdds-common/1.1.0-SNAPSHOT/hadoop-hdds-common-1.1.0-SNAPSHOT-tests.jar:/home/user/.m2/repository/org/yaml/snakeyaml/1.16/snakeyaml-1.16.jar:/home/user/.m2/repository/org/apache/hadoop/hadoop-hdds-hadoop-dependency-test/1.1.0-SNAPSHOT/hadoop-hdds-hadoop-dependency-test-1.1.0-SNAPSHOT.jar:/home/user/.m2/repository/org/apache/hadoop/hadoop-common/3.2.1/hadoop-common-3.2.1-tests.jar:/home/user/.m2/repository/javax/servlet/jsp/jsp-api/2.1/jsp-api-2.1.jar:/home/user/.m2/repository/org/apache/hadoop/hadoop-hdfs/3.2.1/hadoop-hdfs-3.2.1-tests.jar:/home/user/.m2/repository/org/eclipse/jetty/jetty-util-ajax/9.4.26.v20200117/jetty-util-ajax-9.4.26.v20200117.jar:/home/user/.m2/repository/commons-codec/commons-codec/1.11/commons-codec-1.11.jar:/home/user/.m2/repository/commons-daemon/commons-daemon/1.0.13/commons-daemon-1.0.13.jar:/home/user/.m2/repository/io/netty/netty/3.10.5.Final/netty-3.10.5.Final.jar:/home/user/.m2/repository/io/netty/netty-all/4.1.48.Final/netty-all-4.1.48.Final.jar:/home/user/.m2/repository/org/apache/htrace/htrace-core4/4.1.0-incubating/htrace-core4-4.1.0-incubating.jar:/home/user/.m2/repository/org/fusesource/leveldbjni/leveldbjni-all/1.8/leveldbjni-all-1.8.jar:/home/user/.m2/repository/org/apache/hadoop/hadoop-distcp/3.2.1/hadoop-distcp-3.2.1.jar:/home/user/.m2/repository/org/apache/hadoop/hadoop-mapreduce-client-jobclient/3.2.1/hadoop-mapreduce-client-jobclient-3.2.1.jar:/home/user/.m2/repository/org/apache/hadoop/hadoop-mapreduce-client-common/3.2.1/hadoop-mapreduce-client-common-3.2.1.jar:/home/user/.m2/repository/org/apache/hadoop/hadoop-yarn-common/3.2.1/hadoop-yarn-common-3.2.1.jar:/home/user/.m2/repository/org/apache/hadoop/hadoop-yarn-api/3.2.1/hadoop-yarn-api-3.2.1.jar:/home/user/.m2/repository/com/sun/jersey/jersey-client/1.19/jersey-client-1.19.jar:/home/user/.m2/repository/com/sun/jersey/contribs/jersey-guice/1.19/jersey-guice-1.19.jar:/home/user/.m2/repository/com/fasterxml/jackson/jaxrs/jackson-jaxrs-json-provider/2.10.3/jackson-jaxrs-json-provider-2.10.3.jar:/home/user/.m2/repository/com/fasterxml/jackson/jaxrs/jackson-jaxrs-base/2.10.3/jackson-jaxrs-base-2.10.3.jar:/home/user/.m2/repository/org/apache/hadoop/hadoop-yarn-client/3.2.1/hadoop-yarn-client-3.2.1.jar:/home/user/.m2/repository/org/apache/hadoop/hadoop-mapreduce-client-core/3.2.1/hadoop-mapreduce-client-core-3.2.1.jar:/home/user/.m2/repository/org/apache/avro/avro/1.7.7/avro-1.7.7.jar:/home/user/.m2/repository/org/codehaus/jackson/jackson-core-asl/1.9.13/jackson-core-asl-1.9.13.jar:/home/user/.m2/repository/org/codehaus/jackson/jackson-mapper-asl/1.9.13/jackson-mapper-asl-1.9.13.jar:/home/user/.m2/repository/com/thoughtworks/paranamer/paranamer/2.3/paranamer-2.3.jar:/home/user/.m2/repository/org/xerial/snappy/snappy-java/1.0.5/snappy-java-1.0.5.jar:/home/user/.m2/repository/org/apache/hadoop/hadoop-annotations/3.2.1/hadoop-annotations-3.2.1.jar:/usr/lib/jvm/java-1.8.0-openjdk-1.8.0.232.b09-0.el7_7.x86_64/jre/../lib/tools.jar:/home/user/.m2/repository/org/apache/hadoop/hadoop-distcp/3.2.1/hadoop-distcp-3.2.1-tests.jar:"/>
    <property name="sun.cpu.endian" value="little"/>
    <property name="user.home" value="/home/user"/>
    <property name="user.language" value="en"/>
    <property name="java.specification.vendor" value="Oracle Corporation"/>
    <property name="java.home" value="/usr/lib/jvm/java-1.8.0-openjdk-1.8.0.232.b09-0.el7_7.x86_64/jre"/>
    <property name="java.security.krb5.conf" value="/github/workspace/mnt/ozone/hadoop-ozone/integration-test/target/test-classes/krb5.conf"/>
    <property name="basedir" value="/github/workspace/mnt/ozone/hadoop-ozone/integration-test"/>
    <property name="file.separator" value="/"/>
    <property name="line.separator" value="&#10;"/>
    <property name="java.vm.specification.vendor" value="Oracle Corporation"/>
    <property name="java.specification.name" value="Java Platform API Specification"/>
    <property name="java.awt.graphicsenv" value="sun.awt.X11GraphicsEnvironment"/>
    <property name="skip.installnpx" value="true"/>
    <property name="surefire.real.class.path" value="/github/workspace/mnt/ozone/hadoop-ozone/integration-test/target/surefire/surefirebooter1819436753864201170.jar:/home/user/.m2/repository/org/jacoco/org.jacoco.agent/0.8.5/org.jacoco.agent-0.8.5-runtime.jar"/>
    <property name="hadoop.log.dir" value="/github/workspace/mnt/ozone/hadoop-ozone/integration-test/target/log"/>
    <property name="sun.boot.class.path" value="/usr/lib/jvm/java-1.8.0-openjdk-1.8.0.232.b09-0.el7_7.x86_64/jre/lib/resources.jar:/usr/lib/jvm/java-1.8.0-openjdk-1.8.0.232.b09-0.el7_7.x86_64/jre/lib/rt.jar:/usr/lib/jvm/java-1.8.0-openjdk-1.8.0.232.b09-0.el7_7.x86_64/jre/lib/sunrsasign.jar:/usr/lib/jvm/java-1.8.0-openjdk-1.8.0.232.b09-0.el7_7.x86_64/jre/lib/jsse.jar:/usr/lib/jvm/java-1.8.0-openjdk-1.8.0.232.b09-0.el7_7.x86_64/jre/lib/jce.jar:/usr/lib/jvm/java-1.8.0-openjdk-1.8.0.232.b09-0.el7_7.x86_64/jre/lib/charsets.jar:/usr/lib/jvm/java-1.8.0-openjdk-1.8.0.232.b09-0.el7_7.x86_64/jre/lib/jfr.jar:/usr/lib/jvm/java-1.8.0-openjdk-1.8.0.232.b09-0.el7_7.x86_64/jre/classes"/>
    <property name="sun.management.compiler" value="HotSpot 64-Bit Tiered Compilers"/>
    <property name="skip.npx" value="true"/>
    <property name="java.runtime.version" value="1.8.0_232-b09"/>
    <property name="java.net.preferIPv4Stack" value="true"/>
    <property name="user.name" value="jenkins1001"/>
    <property name="path.separator" value=":"/>
    <property name="java.security.egd" value="file:///dev/urandom"/>
    <property name="os.version" value="5.4.0-1026-azure"/>
    <property name="java.endorsed.dirs" value="/usr/lib/jvm/java-1.8.0-openjdk-1.8.0.232.b09-0.el7_7.x86_64/jre/lib/endorsed"/>
    <property name="java.runtime.name" value="OpenJDK Runtime Environment"/>
    <property name="file.encoding" value="ANSI_X3.4-1968"/>
    <property name="java.vm.name" value="OpenJDK 64-Bit Server VM"/>
    <property name="test.build.webapps" value=""/>
    <property name="localRepository" value="/home/user/.m2/repository"/>
    <property name="java.vendor.url.bug" value="http://bugreport.sun.com/bugreport/"/>
    <property name="java.io.tmpdir" value="/tmp"/>
    <property name="require.test.libhadoop" value=""/>
    <property name="java.version" value="1.8.0_232"/>
    <property name="user.dir" value="/github/workspace/mnt/ozone/hadoop-ozone/integration-test"/>
    <property name="os.arch" value="amd64"/>
    <property name="java.vm.specification.name" value="Java Virtual Machine Specification"/>
    <property name="test.build.classes" value="/github/workspace/mnt/ozone/hadoop-ozone/integration-test/target/test-classes"/>
    <property name="java.awt.printerjob" value="sun.print.PSPrinterJob"/>
    <property name="sun.os.patch.level" value="unknown"/>
    <property name="hadoop.tmp.dir" value="/github/workspace/mnt/ozone/hadoop-ozone/integration-test/target/tmp"/>
    <property name="java.library.path" value="/usr/lib:/usr/java/packages/lib/amd64:/usr/lib64:/lib64:/lib:/usr/lib"/>
    <property name="java.vm.info" value="mixed mode"/>
    <property name="java.vendor" value="Oracle Corporation"/>
    <property name="java.vm.version" value="25.232-b09"/>
    <property name="java.ext.dirs" value="/usr/lib/jvm/java-1.8.0-openjdk-1.8.0.232.b09-0.el7_7.x86_64/jre/lib/ext:/usr/java/packages/lib/ext"/>
    <property name="sun.io.unicode.encoding" value="UnicodeLittle"/>
    <property name="java.class.version" value="52.0"/>
  </properties>
  <testcase name="testGroupMismatchExceptionHandling" classname="org.apache.hadoop.ozone.client.rpc.TestOzoneClientRetriesOnException" time="41.915"/>
  <testcase name="testMaxRetriesByOzoneClient" classname="org.apache.hadoop.ozone.client.rpc.TestOzoneClientRetriesOnException" time="36.276">
    <failure message="Expected exception not thrown" type="java.lang.AssertionError">java.lang.AssertionError: Expected exception not thrown
	at org.junit.Assert.fail(Assert.java:88)
	at org.apache.hadoop.ozone.client.rpc.TestOzoneClientRetriesOnException.testMaxRetriesByOzoneClient(TestOzoneClientRetriesOnException.java:231)
	at sun.reflect.NativeMethodAccessorImpl.invoke0(Native Method)
	at sun.reflect.NativeMethodAccessorImpl.invoke(NativeMethodAccessorImpl.java:62)
	at sun.reflect.DelegatingMethodAccessorImpl.invoke(DelegatingMethodAccessorImpl.java:43)
	at java.lang.reflect.Method.invoke(Method.java:498)
	at org.junit.runners.model.FrameworkMethod$1.runReflectiveCall(FrameworkMethod.java:47)
	at org.junit.internal.runners.model.ReflectiveCallable.run(ReflectiveCallable.java:12)
	at org.junit.runners.model.FrameworkMethod.invokeExplosively(FrameworkMethod.java:44)
	at org.junit.internal.runners.statements.InvokeMethod.evaluate(InvokeMethod.java:17)
	at org.junit.internal.runners.statements.RunBefores.evaluate(RunBefores.java:26)
	at org.junit.internal.runners.statements.RunAfters.evaluate(RunAfters.java:27)
	at org.junit.internal.runners.statements.FailOnTimeout$StatementThread.run(FailOnTimeout.java:74)
</failure>
    <system-out><![CDATA[2020-10-09 13:09:12,241 [Thread-355] WARN  server.ServerUtils (ServerUtils.java:getScmDbDir(148)) - ozone.scm.db.dirs is not configured. We recommend adding this setting. Falling back to ozone.metadata.dirs instead.
2020-10-09 13:09:12,243 [Thread-355] WARN  server.ServerUtils (ServerUtils.java:getScmDbDir(148)) - ozone.scm.db.dirs is not configured. We recommend adding this setting. Falling back to ozone.metadata.dirs instead.
2020-10-09 13:09:12,244 [Thread-355] WARN  db.DBStoreBuilder (DBStoreBuilder.java:createDBStoreBuilder(283)) - ozone.scm.db.dirs is not configured. We recommend adding this setting. Falling back to ozone.metadata.dirs instead.
2020-10-09 13:09:12,267 [Thread-355] INFO  net.NodeSchemaLoader (NodeSchemaLoader.java:loadSchemaFromFile(126)) - Loading file from sun.misc.CompoundEnumeration@37a53061
2020-10-09 13:09:12,267 [Thread-355] INFO  net.NodeSchemaLoader (NodeSchemaLoader.java:loadSchema(172)) - Loading network topology layer schema file
2020-10-09 13:09:12,270 [Thread-355] WARN  server.ServerUtils (ServerUtils.java:sanitizeUserArgs(73)) - ozone.scm.stale.node.interval value = 300000 is larger than max = 100000 based on the key value of ozone.scm.heartbeat.thread.interval, reset to the max value 100000.
2020-10-09 13:09:12,270 [Thread-355] WARN  server.ServerUtils (ServerUtils.java:sanitizeUserArgs(73)) - ozone.scm.stale.node.interval value = 300000 is larger than max = 100000 based on the key value of ozone.scm.heartbeat.thread.interval, reset to the max value 100000.
2020-10-09 13:09:12,271 [Thread-355] INFO  node.SCMNodeManager (SCMNodeManager.java:<init>(120)) - Entering startup safe mode.
2020-10-09 13:09:12,271 [Thread-355] INFO  algorithms.ContainerPlacementPolicyFactory (ContainerPlacementPolicyFactory.java:getPolicy(60)) - Create container placement policy of type org.apache.hadoop.hdds.scm.container.placement.algorithms.SCMContainerPlacementRandom
2020-10-09 13:09:12,272 [Thread-355] INFO  pipeline.SCMPipelineManager (SCMPipelineManager.java:initializePipelineState(161)) - No pipeline exists in current db
2020-10-09 13:09:12,272 [Thread-355] INFO  algorithms.PipelineChoosePolicyFactory (PipelineChoosePolicyFactory.java:createPipelineChoosePolicyFromClass(75)) - Create pipeline choose policy of type org.apache.hadoop.hdds.scm.pipeline.choose.algorithms.RandomPipelineChoosePolicy
2020-10-09 13:09:12,273 [Thread-355] INFO  safemode.HealthyPipelineSafeModeRule (HealthyPipelineSafeModeRule.java:<init>(89)) - Total pipeline count is 0, healthy pipeline threshold count is 0
2020-10-09 13:09:12,273 [Thread-355] INFO  safemode.OneReplicaPipelineSafeModeRule (OneReplicaPipelineSafeModeRule.java:<init>(79)) - Total pipeline count is 0, pipeline's with at least one datanode reported threshold count is 0
2020-10-09 13:09:12,274 [Thread-355] INFO  ipc.CallQueueManager (CallQueueManager.java:<init>(84)) - Using callQueue: class java.util.concurrent.LinkedBlockingQueue, queueCapacity: 2000, scheduler: class org.apache.hadoop.ipc.DefaultRpcScheduler, ipcBackoff: false.
2020-10-09 13:09:12,275 [Socket Reader #1 for port 0] INFO  ipc.Server (Server.java:run(1219)) - Starting Socket Reader #1 for port 0
2020-10-09 13:09:12,276 [Listener at 0.0.0.0/34705] INFO  ipc.CallQueueManager (CallQueueManager.java:<init>(84)) - Using callQueue: class java.util.concurrent.LinkedBlockingQueue, queueCapacity: 2000, scheduler: class org.apache.hadoop.ipc.DefaultRpcScheduler, ipcBackoff: false.
2020-10-09 13:09:12,276 [Socket Reader #1 for port 0] INFO  ipc.Server (Server.java:run(1219)) - Starting Socket Reader #1 for port 0
2020-10-09 13:09:12,277 [Listener at 0.0.0.0/34361] INFO  ipc.CallQueueManager (CallQueueManager.java:<init>(84)) - Using callQueue: class java.util.concurrent.LinkedBlockingQueue, queueCapacity: 2000, scheduler: class org.apache.hadoop.ipc.DefaultRpcScheduler, ipcBackoff: false.
2020-10-09 13:09:12,279 [Socket Reader #1 for port 0] INFO  ipc.Server (Server.java:run(1219)) - Starting Socket Reader #1 for port 0
2020-10-09 13:09:12,288 [Listener at 0.0.0.0/34259] INFO  http.BaseHttpServer (BaseHttpServer.java:newHttpServer2BuilderForOzone(207)) - Starting Web-server for scm at: http://0.0.0.0:0
2020-10-09 13:09:12,288 [Listener at 0.0.0.0/34259] INFO  http.BaseHttpServer (BaseHttpServer.java:<init>(106)) - Hadoop Security Enabled: false Ozone Security Enabled: false Ozone HTTP Security Enabled: false 
2020-10-09 13:09:12,289 [Listener at 0.0.0.0/34259] INFO  server.AuthenticationFilter (AuthenticationFilter.java:constructSecretProvider(240)) - Unable to initialize FileSignerSecretProvider, falling back to use random secrets.
2020-10-09 13:09:12,290 [Listener at 0.0.0.0/34259] WARN  http.HttpRequestLog (HttpRequestLog.java:getRequestLog(103)) - Jetty request log can only be enabled using Log4j
2020-10-09 13:09:12,291 [Listener at 0.0.0.0/34259] INFO  http.HttpServer2 (HttpServer2.java:addGlobalFilter(1019)) - Added global filter 'safety' (class=org.apache.hadoop.hdds.server.http.HttpServer2$QuotingInputFilter)
2020-10-09 13:09:12,291 [Listener at 0.0.0.0/34259] INFO  http.HttpServer2 (HttpServer2.java:addFilter(995)) - Added filter static_user_filter (class=org.apache.hadoop.http.lib.StaticUserWebFilter$StaticUserFilter) to context scm
2020-10-09 13:09:12,292 [Listener at 0.0.0.0/34259] INFO  http.HttpServer2 (HttpServer2.java:addFilter(1003)) - Added filter static_user_filter (class=org.apache.hadoop.http.lib.StaticUserWebFilter$StaticUserFilter) to context static
2020-10-09 13:09:12,292 [Listener at 0.0.0.0/34259] INFO  http.HttpServer2 (HttpServer2.java:addFilter(1003)) - Added filter static_user_filter (class=org.apache.hadoop.http.lib.StaticUserWebFilter$StaticUserFilter) to context logs
2020-10-09 13:09:12,294 [Listener at 0.0.0.0/34259] INFO  server.StorageContainerManager (StorageContainerManager.java:start(789)) - StorageContainerLocationProtocol RPC server is listening at /0.0.0.0:34259
2020-10-09 13:09:12,295 [Listener at 0.0.0.0/34259] WARN  impl.MetricsConfig (MetricsConfig.java:loadFirst(134)) - Cannot locate configuration: tried hadoop-metrics2-storagecontainermanager.properties,hadoop-metrics2.properties
2020-10-09 13:09:12,296 [Listener at 0.0.0.0/34259] INFO  impl.MetricsSystemImpl (MetricsSystemImpl.java:startTimer(374)) - Scheduled Metric snapshot period at 10 second(s).
2020-10-09 13:09:12,296 [Listener at 0.0.0.0/34259] INFO  impl.MetricsSystemImpl (MetricsSystemImpl.java:start(191)) - StorageContainerManager metrics system started
2020-10-09 13:09:12,303 [Listener at 0.0.0.0/34259] WARN  impl.MetricsSystemImpl (MetricsSystemImpl.java:register(276)) - Sink prometheus already exists!
2020-10-09 13:09:12,325 [Listener at 0.0.0.0/34259] INFO  server.SCMClientProtocolServer (SCMClientProtocolServer.java:start(156)) - RPC server for Client  is listening at /0.0.0.0:34259
2020-10-09 13:09:12,325 [IPC Server Responder] INFO  ipc.Server (Server.java:run(1460)) - IPC Server Responder: starting
2020-10-09 13:09:12,325 [IPC Server listener on 0] INFO  ipc.Server (Server.java:run(1298)) - IPC Server listener on 0: starting
2020-10-09 13:09:12,330 [Listener at 0.0.0.0/34259] INFO  server.StorageContainerManager (StorageContainerManager.java:start(801)) - ScmBlockLocationProtocol RPC server is listening at /0.0.0.0:34361
2020-10-09 13:09:12,331 [Listener at 0.0.0.0/34259] INFO  server.SCMBlockProtocolServer (SCMBlockProtocolServer.java:start(149)) - RPC server for Block Protocol is listening at /0.0.0.0:34361
2020-10-09 13:09:12,331 [IPC Server Responder] INFO  ipc.Server (Server.java:run(1460)) - IPC Server Responder: starting
2020-10-09 13:09:12,332 [IPC Server listener on 0] INFO  ipc.Server (Server.java:run(1298)) - IPC Server listener on 0: starting
2020-10-09 13:09:12,338 [Listener at 0.0.0.0/34259] INFO  server.StorageContainerManager (StorageContainerManager.java:start(807)) - ScmDatanodeProtocl RPC server is listening at /0.0.0.0:34705
2020-10-09 13:09:12,338 [Listener at 0.0.0.0/34259] INFO  server.SCMDatanodeProtocolServer (SCMDatanodeProtocolServer.java:start(172)) - RPC server for DataNodes is listening at /0.0.0.0:34705
2020-10-09 13:09:12,339 [IPC Server Responder] INFO  ipc.Server (Server.java:run(1460)) - IPC Server Responder: starting
2020-10-09 13:09:12,339 [IPC Server listener on 0] INFO  ipc.Server (Server.java:run(1298)) - IPC Server listener on 0: starting
2020-10-09 13:09:12,346 [Listener at 0.0.0.0/34259] INFO  http.HttpServer2 (HttpServer2.java:bindListener(1237)) - Jetty bound to port 35513
2020-10-09 13:09:12,347 [Listener at 0.0.0.0/34259] INFO  server.Server (Server.java:doStart(359)) - jetty-9.4.26.v20200117; built: 2020-01-17T12:35:33.676Z; git: 7b38981d25d14afb4a12ff1f2596756144edf695; jvm 1.8.0_232-b09
2020-10-09 13:09:12,349 [Listener at 0.0.0.0/34259] INFO  server.session (DefaultSessionIdManager.java:doStart(333)) - DefaultSessionIdManager workerName=node0
2020-10-09 13:09:12,349 [Listener at 0.0.0.0/34259] INFO  server.session (DefaultSessionIdManager.java:doStart(338)) - No SessionScavenger set, using defaults
2020-10-09 13:09:12,349 [Listener at 0.0.0.0/34259] INFO  server.session (HouseKeeper.java:startScavenging(140)) - node0 Scavenging every 600000ms
2020-10-09 13:09:12,350 [Listener at 0.0.0.0/34259] INFO  handler.ContextHandler (ContextHandler.java:doStart(825)) - Started o.e.j.s.ServletContextHandler@7d7300cd{logs,/logs,file:///github/workspace/mnt/ozone/hadoop-ozone/integration-test/target/log,AVAILABLE}
2020-10-09 13:09:12,350 [Listener at 0.0.0.0/34259] INFO  handler.ContextHandler (ContextHandler.java:doStart(825)) - Started o.e.j.s.ServletContextHandler@722434c4{static,/static,file:///github/workspace/mnt/ozone/hadoop-ozone/integration-test/target/test-classes/webapps/static,AVAILABLE}
2020-10-09 13:09:12,354 [Listener at 0.0.0.0/34259] INFO  handler.ContextHandler (ContextHandler.java:doStart(825)) - Started o.e.j.w.WebAppContext@145b47a2{scm,/,file:///github/workspace/mnt/ozone/hadoop-ozone/integration-test/target/test-classes/webapps/scm/,AVAILABLE}{file:/github/workspace/mnt/ozone/hadoop-ozone/integration-test/target/test-classes/webapps/scm}
2020-10-09 13:09:12,354 [Listener at 0.0.0.0/34259] INFO  server.AbstractConnector (AbstractConnector.java:doStart(330)) - Started ServerConnector@2c06f7b1{HTTP/1.1,[http/1.1]}{0.0.0.0:35513}
2020-10-09 13:09:12,355 [Listener at 0.0.0.0/34259] INFO  server.Server (Server.java:doStart(399)) - Started @42868ms
2020-10-09 13:09:12,355 [Listener at 0.0.0.0/34259] WARN  impl.MetricsSystemImpl (MetricsSystemImpl.java:register(276)) - Sink prometheus already exists!
2020-10-09 13:09:12,360 [Listener at 0.0.0.0/34259] INFO  http.BaseHttpServer (BaseHttpServer.java:updateConnectorAddress(327)) - HTTP server of scm listening at http://0.0.0.0:35513
2020-10-09 13:09:12,365 [Listener at 0.0.0.0/34259] WARN  server.ServerUtils (ServerUtils.java:getDBPath(225)) - ozone.om.db.dirs is not configured. We recommend adding this setting. Falling back to ozone.metadata.dirs instead.
2020-10-09 13:09:12,365 [org.apache.hadoop.util.JvmPauseMonitor$Monitor@2d743e99] INFO  util.JvmPauseMonitor (JvmPauseMonitor.java:run(188)) - Starting JVM pause monitor
2020-10-09 13:09:12,366 [Listener at 0.0.0.0/34259] INFO  ha.OMHANodeDetails (OMHANodeDetails.java:loadOMHAConfig(104)) - ozone.om.internal.service.id is not defined, falling back to ozone.om.service.ids to find serviceID for OzoneManager if it is HA enabled cluster
2020-10-09 13:09:12,366 [Listener at 0.0.0.0/34259] INFO  ha.OMHANodeDetails (OMHANodeDetails.java:loadOMHAConfig(213)) - Configuration either no ozone.om.address set. Falling back to the default OM address /127.0.0.1:0
2020-10-09 13:09:12,366 [Listener at 0.0.0.0/34259] INFO  ha.OMHANodeDetails (OMHANodeDetails.java:getOMNodeDetails(241)) - OM Service ID is not set. Setting it to the default ID: omServiceIdDefault
2020-10-09 13:09:12,367 [Listener at 0.0.0.0/34259] WARN  server.ServerUtils (ServerUtils.java:getDBPath(225)) - ozone.om.db.dirs is not configured. We recommend adding this setting. Falling back to ozone.metadata.dirs instead.
2020-10-09 13:09:12,367 [Listener at 0.0.0.0/34259] WARN  server.ServerUtils (ServerUtils.java:getDBPath(225)) - ozone.om.db.dirs is not configured. We recommend adding this setting. Falling back to ozone.metadata.dirs instead.
2020-10-09 13:09:12,375 [Listener at 0.0.0.0/34259] WARN  server.ServerUtils (ServerUtils.java:getDBPath(225)) - ozone.om.db.dirs is not configured. We recommend adding this setting. Falling back to ozone.metadata.dirs instead.
2020-10-09 13:09:12,375 [Listener at 0.0.0.0/34259] INFO  codec.OmKeyInfoCodec (OmKeyInfoCodec.java:<init>(41)) - OmKeyInfoCodec ignorePipeline = true
2020-10-09 13:09:12,375 [Listener at 0.0.0.0/34259] INFO  codec.RepeatedOmKeyInfoCodec (RepeatedOmKeyInfoCodec.java:<init>(40)) - RepeatedOmKeyInfoCodec ignorePipeline = true
2020-10-09 13:09:12,432 [Listener at 0.0.0.0/34259] INFO  om.OzoneManager (OzoneManager.java:addS3GVolumeToDB(3621)) - Created Volume s3v With Owner jenkins1001 required for S3Gateway operations.
2020-10-09 13:09:12,433 [Listener at 0.0.0.0/34259] INFO  ipc.CallQueueManager (CallQueueManager.java:<init>(84)) - Using callQueue: class java.util.concurrent.LinkedBlockingQueue, queueCapacity: 2000, scheduler: class org.apache.hadoop.ipc.DefaultRpcScheduler, ipcBackoff: false.
2020-10-09 13:09:12,434 [Socket Reader #1 for port 0] INFO  ipc.Server (Server.java:run(1219)) - Starting Socket Reader #1 for port 0
2020-10-09 13:09:12,458 [Listener at 127.0.0.1/33443] INFO  impl.MetricsSystemImpl (MetricsSystemImpl.java:init(158)) - OzoneManager metrics system started (again)
2020-10-09 13:09:12,459 [Listener at 127.0.0.1/33443] INFO  om.OzoneManager (OzoneManager.java:start(1133)) - OzoneManager RPC server is listening at localhost/127.0.0.1:33443
2020-10-09 13:09:12,465 [Listener at 127.0.0.1/33443] INFO  http.BaseHttpServer (BaseHttpServer.java:newHttpServer2BuilderForOzone(207)) - Starting Web-server for ozoneManager at: http://0.0.0.0:0
2020-10-09 13:09:12,465 [Listener at 127.0.0.1/33443] INFO  http.BaseHttpServer (BaseHttpServer.java:<init>(106)) - Hadoop Security Enabled: false Ozone Security Enabled: false Ozone HTTP Security Enabled: false 
2020-10-09 13:09:12,466 [Listener at 127.0.0.1/33443] INFO  server.AuthenticationFilter (AuthenticationFilter.java:constructSecretProvider(240)) - Unable to initialize FileSignerSecretProvider, falling back to use random secrets.
2020-10-09 13:09:12,467 [Listener at 127.0.0.1/33443] WARN  http.HttpRequestLog (HttpRequestLog.java:getRequestLog(103)) - Jetty request log can only be enabled using Log4j
2020-10-09 13:09:12,468 [Listener at 127.0.0.1/33443] INFO  http.HttpServer2 (HttpServer2.java:addGlobalFilter(1019)) - Added global filter 'safety' (class=org.apache.hadoop.hdds.server.http.HttpServer2$QuotingInputFilter)
2020-10-09 13:09:12,469 [Listener at 127.0.0.1/33443] INFO  http.HttpServer2 (HttpServer2.java:addFilter(995)) - Added filter static_user_filter (class=org.apache.hadoop.http.lib.StaticUserWebFilter$StaticUserFilter) to context ozoneManager
2020-10-09 13:09:12,469 [Listener at 127.0.0.1/33443] INFO  http.HttpServer2 (HttpServer2.java:addFilter(1003)) - Added filter static_user_filter (class=org.apache.hadoop.http.lib.StaticUserWebFilter$StaticUserFilter) to context logs
2020-10-09 13:09:12,469 [Listener at 127.0.0.1/33443] INFO  http.HttpServer2 (HttpServer2.java:addFilter(1003)) - Added filter static_user_filter (class=org.apache.hadoop.http.lib.StaticUserWebFilter$StaticUserFilter) to context static
2020-10-09 13:09:12,469 [Listener at 127.0.0.1/33443] INFO  http.HttpServer2 (HttpServer2.java:bindListener(1237)) - Jetty bound to port 42287
2020-10-09 13:09:12,469 [Listener at 127.0.0.1/33443] INFO  server.Server (Server.java:doStart(359)) - jetty-9.4.26.v20200117; built: 2020-01-17T12:35:33.676Z; git: 7b38981d25d14afb4a12ff1f2596756144edf695; jvm 1.8.0_232-b09
2020-10-09 13:09:12,471 [Listener at 127.0.0.1/33443] INFO  server.session (DefaultSessionIdManager.java:doStart(333)) - DefaultSessionIdManager workerName=node0
2020-10-09 13:09:12,472 [Listener at 127.0.0.1/33443] INFO  server.session (DefaultSessionIdManager.java:doStart(338)) - No SessionScavenger set, using defaults
2020-10-09 13:09:12,472 [Listener at 127.0.0.1/33443] INFO  server.session (HouseKeeper.java:startScavenging(140)) - node0 Scavenging every 660000ms
2020-10-09 13:09:12,472 [Listener at 127.0.0.1/33443] INFO  handler.ContextHandler (ContextHandler.java:doStart(825)) - Started o.e.j.s.ServletContextHandler@12dd1ccf{logs,/logs,file:///github/workspace/mnt/ozone/hadoop-ozone/integration-test/target/log,AVAILABLE}
2020-10-09 13:09:12,473 [Listener at 127.0.0.1/33443] INFO  handler.ContextHandler (ContextHandler.java:doStart(825)) - Started o.e.j.s.ServletContextHandler@52cab5a8{static,/static,file:///github/workspace/mnt/ozone/hadoop-ozone/integration-test/target/test-classes/webapps/static,AVAILABLE}
2020-10-09 13:09:12,476 [Listener at 127.0.0.1/33443] INFO  handler.ContextHandler (ContextHandler.java:doStart(825)) - Started o.e.j.w.WebAppContext@6055fe6{ozoneManager,/,file:///github/workspace/mnt/ozone/hadoop-ozone/integration-test/target/test-classes/webapps/ozoneManager/,AVAILABLE}{file:/github/workspace/mnt/ozone/hadoop-ozone/integration-test/target/test-classes/webapps/ozoneManager}
2020-10-09 13:09:12,477 [Listener at 127.0.0.1/33443] INFO  server.AbstractConnector (AbstractConnector.java:doStart(330)) - Started ServerConnector@359454d1{HTTP/1.1,[http/1.1]}{0.0.0.0:42287}
2020-10-09 13:09:12,478 [Listener at 127.0.0.1/33443] INFO  server.Server (Server.java:doStart(399)) - Started @42990ms
2020-10-09 13:09:12,478 [Listener at 127.0.0.1/33443] WARN  impl.MetricsSystemImpl (MetricsSystemImpl.java:register(276)) - Sink prometheus already exists!
2020-10-09 13:09:12,482 [Listener at 127.0.0.1/33443] INFO  http.BaseHttpServer (BaseHttpServer.java:updateConnectorAddress(327)) - HTTP server of ozoneManager listening at http://0.0.0.0:42287
2020-10-09 13:09:12,483 [IPC Server Responder] INFO  ipc.Server (Server.java:run(1460)) - IPC Server Responder: starting
2020-10-09 13:09:12,484 [IPC Server listener on 0] INFO  ipc.Server (Server.java:run(1298)) - IPC Server listener on 0: starting
2020-10-09 13:09:12,494 [org.apache.hadoop.util.JvmPauseMonitor$Monitor@59a0759f] INFO  util.JvmPauseMonitor (JvmPauseMonitor.java:run(188)) - Starting JVM pause monitor
2020-10-09 13:09:12,509 [Listener at 127.0.0.1/33443] INFO  impl.MetricsSystemImpl (MetricsSystemImpl.java:init(158)) - HddsDatanode metrics system started (again)
2020-10-09 13:09:12,510 [Listener at 127.0.0.1/33443] INFO  ozone.HddsDatanodeService (HddsDatanodeService.java:start(217)) - HddsDatanodeService host:01daa2e02541 ip:172.17.0.2
2020-10-09 13:09:12,511 [Listener at 127.0.0.1/33443] INFO  volume.HddsVolume (HddsVolume.java:<init>(176)) - Creating Volume: /github/workspace/mnt/ozone/hadoop-ozone/integration-test/target/test-dir/MiniOzoneClusterImpl-3c6d3de1-1da1-4a65-89f4-2560fa2fb7b3/datanode-0/data-0/containers/hdds of storage type : DISK and capacity : 9223372036854775807
2020-10-09 13:09:12,511 [Listener at 127.0.0.1/33443] INFO  volume.MutableVolumeSet (MutableVolumeSet.java:initializeVolumeSet(179)) - Added Volume : /github/workspace/mnt/ozone/hadoop-ozone/integration-test/target/test-dir/MiniOzoneClusterImpl-3c6d3de1-1da1-4a65-89f4-2560fa2fb7b3/datanode-0/data-0/containers/hdds to VolumeSet
2020-10-09 13:09:12,511 [Listener at 127.0.0.1/33443] INFO  volume.ThrottledAsyncChecker (ThrottledAsyncChecker.java:schedule(141)) - Scheduling a check for /github/workspace/mnt/ozone/hadoop-ozone/integration-test/target/test-dir/MiniOzoneClusterImpl-3c6d3de1-1da1-4a65-89f4-2560fa2fb7b3/datanode-0/data-0/containers/hdds
2020-10-09 13:09:12,512 [Listener at 127.0.0.1/33443] INFO  volume.HddsVolumeChecker (HddsVolumeChecker.java:checkAllVolumes(200)) - Scheduled health check for volume /github/workspace/mnt/ozone/hadoop-ozone/integration-test/target/test-dir/MiniOzoneClusterImpl-3c6d3de1-1da1-4a65-89f4-2560fa2fb7b3/datanode-0/data-0/containers/hdds
2020-10-09 13:09:12,525 [Thread-479] INFO  ozoneimpl.ContainerReader (ContainerReader.java:readVolume(123)) - Start to verify containers on volume /github/workspace/mnt/ozone/hadoop-ozone/integration-test/target/test-dir/MiniOzoneClusterImpl-3c6d3de1-1da1-4a65-89f4-2560fa2fb7b3/datanode-0/data-0/containers/hdds
2020-10-09 13:09:12,525 [Thread-479] INFO  ozoneimpl.ContainerReader (ContainerReader.java:readVolume(148)) - Finish verifying containers on volume /github/workspace/mnt/ozone/hadoop-ozone/integration-test/target/test-dir/MiniOzoneClusterImpl-3c6d3de1-1da1-4a65-89f4-2560fa2fb7b3/datanode-0/data-0/containers/hdds
2020-10-09 13:09:12,525 [Listener at 127.0.0.1/33443] INFO  ozoneimpl.OzoneContainer (OzoneContainer.java:buildContainerSet(196)) - Build ContainerSet costs 0s
2020-10-09 13:09:12,527 [Listener at 127.0.0.1/33443] INFO  impl.RaftServerProxy (ConfUtils.java:logGet(44)) - raft.rpc.type = GRPC (default)
2020-10-09 13:09:12,527 [Listener at 127.0.0.1/33443] INFO  grpc.GrpcFactory (GrpcFactory.java:checkPooledByteBufAllocatorUseCacheForAllThreads(45)) - PERFORMANCE WARNING: useCacheForAllThreads is true that may cause Netty to create a lot garbage objects and, as a result, trigger GC.
	It is recommended to disable useCacheForAllThreads by setting -Dorg.apache.ratis.thirdparty.io.netty.allocator.useCacheForAllThreads=false in command line.
2020-10-09 13:09:12,528 [Listener at 127.0.0.1/33443] INFO  grpc.GrpcConfigKeys (ConfUtils.java:logGet(44)) - raft.grpc.server.port = 0 (default)
2020-10-09 13:09:12,528 [Listener at 127.0.0.1/33443] INFO  server.GrpcService (ConfUtils.java:logGet(44)) - raft.grpc.message.size.max = 32MB (=33554432) (custom)
2020-10-09 13:09:12,528 [Listener at 127.0.0.1/33443] INFO  server.RaftServerConfigKeys (ConfUtils.java:logGet(44)) - raft.server.log.appender.buffer.byte-limit = 33554432 (custom)
2020-10-09 13:09:12,528 [Listener at 127.0.0.1/33443] INFO  server.GrpcService (ConfUtils.java:logGet(44)) - raft.grpc.flow.control.window = 5MB (=5242880) (custom)
2020-10-09 13:09:12,528 [Listener at 127.0.0.1/33443] INFO  server.RaftServerConfigKeys (ConfUtils.java:logGet(44)) - raft.server.rpc.request.timeout = 60s (custom)
2020-10-09 13:09:12,529 [Listener at 127.0.0.1/33443] INFO  server.RaftServerConfigKeys (ConfUtils.java:logGet(44)) - raft.server.storage.dir = [/github/workspace/mnt/ozone/hadoop-ozone/integration-test/target/test-dir/MiniOzoneClusterImpl-3c6d3de1-1da1-4a65-89f4-2560fa2fb7b3/datanode-0/data/ratis] (custom)
2020-10-09 13:09:12,534 [Listener at 127.0.0.1/33443] INFO  http.BaseHttpServer (BaseHttpServer.java:newHttpServer2BuilderForOzone(207)) - Starting Web-server for hddsDatanode at: http://0.0.0.0:0
2020-10-09 13:09:12,535 [Listener at 127.0.0.1/33443] INFO  http.BaseHttpServer (BaseHttpServer.java:<init>(106)) - Hadoop Security Enabled: false Ozone Security Enabled: false Ozone HTTP Security Enabled: false 
2020-10-09 13:09:12,535 [Listener at 127.0.0.1/33443] INFO  server.AuthenticationFilter (AuthenticationFilter.java:constructSecretProvider(240)) - Unable to initialize FileSignerSecretProvider, falling back to use random secrets.
2020-10-09 13:09:12,536 [Listener at 127.0.0.1/33443] WARN  http.HttpRequestLog (HttpRequestLog.java:getRequestLog(103)) - Jetty request log can only be enabled using Log4j
2020-10-09 13:09:12,537 [Listener at 127.0.0.1/33443] INFO  http.HttpServer2 (HttpServer2.java:addGlobalFilter(1019)) - Added global filter 'safety' (class=org.apache.hadoop.hdds.server.http.HttpServer2$QuotingInputFilter)
2020-10-09 13:09:12,537 [Listener at 127.0.0.1/33443] INFO  http.HttpServer2 (HttpServer2.java:addFilter(995)) - Added filter static_user_filter (class=org.apache.hadoop.http.lib.StaticUserWebFilter$StaticUserFilter) to context hddsDatanode
2020-10-09 13:09:12,537 [Listener at 127.0.0.1/33443] INFO  http.HttpServer2 (HttpServer2.java:addFilter(1003)) - Added filter static_user_filter (class=org.apache.hadoop.http.lib.StaticUserWebFilter$StaticUserFilter) to context logs
2020-10-09 13:09:12,537 [Listener at 127.0.0.1/33443] INFO  http.HttpServer2 (HttpServer2.java:addFilter(1003)) - Added filter static_user_filter (class=org.apache.hadoop.http.lib.StaticUserWebFilter$StaticUserFilter) to context static
2020-10-09 13:09:12,538 [Listener at 127.0.0.1/33443] INFO  http.HttpServer2 (HttpServer2.java:bindListener(1237)) - Jetty bound to port 40517
2020-10-09 13:09:12,538 [Listener at 127.0.0.1/33443] INFO  server.Server (Server.java:doStart(359)) - jetty-9.4.26.v20200117; built: 2020-01-17T12:35:33.676Z; git: 7b38981d25d14afb4a12ff1f2596756144edf695; jvm 1.8.0_232-b09
2020-10-09 13:09:12,540 [Listener at 127.0.0.1/33443] INFO  server.session (DefaultSessionIdManager.java:doStart(333)) - DefaultSessionIdManager workerName=node0
2020-10-09 13:09:12,540 [Listener at 127.0.0.1/33443] INFO  server.session (DefaultSessionIdManager.java:doStart(338)) - No SessionScavenger set, using defaults
2020-10-09 13:09:12,540 [Listener at 127.0.0.1/33443] INFO  server.session (HouseKeeper.java:startScavenging(140)) - node0 Scavenging every 660000ms
2020-10-09 13:09:12,541 [Listener at 127.0.0.1/33443] INFO  handler.ContextHandler (ContextHandler.java:doStart(825)) - Started o.e.j.s.ServletContextHandler@714a9897{logs,/logs,file:///github/workspace/mnt/ozone/hadoop-ozone/integration-test/target/log,AVAILABLE}
2020-10-09 13:09:12,541 [Listener at 127.0.0.1/33443] INFO  handler.ContextHandler (ContextHandler.java:doStart(825)) - Started o.e.j.s.ServletContextHandler@1203725d{static,/static,jar:file:/home/user/.m2/repository/org/apache/hadoop/hadoop-hdds-container-service/1.1.0-SNAPSHOT/hadoop-hdds-container-service-1.1.0-SNAPSHOT.jar!/webapps/static,AVAILABLE}
2020-10-09 13:09:12,697 [Listener at 127.0.0.1/33443] INFO  handler.ContextHandler (ContextHandler.java:doStart(825)) - Started o.e.j.w.WebAppContext@3a51c6b6{hddsDatanode,/,file:///tmp/jetty-0_0_0_0-40517-hadoop-hdds-container-service-1_1_0-SNAPSHOT_jar-_-any-3600010119350388225.dir/webapp/,AVAILABLE}{jar:file:/home/user/.m2/repository/org/apache/hadoop/hadoop-hdds-container-service/1.1.0-SNAPSHOT/hadoop-hdds-container-service-1.1.0-SNAPSHOT.jar!/webapps/hddsDatanode}
2020-10-09 13:09:12,699 [Listener at 127.0.0.1/33443] INFO  server.AbstractConnector (AbstractConnector.java:doStart(330)) - Started ServerConnector@5bc5adf6{HTTP/1.1,[http/1.1]}{0.0.0.0:40517}
2020-10-09 13:09:12,699 [Listener at 127.0.0.1/33443] INFO  server.Server (Server.java:doStart(399)) - Started @43212ms
2020-10-09 13:09:12,700 [Listener at 127.0.0.1/33443] WARN  impl.MetricsSystemImpl (MetricsSystemImpl.java:register(276)) - Sink prometheus already exists!
2020-10-09 13:09:12,704 [Listener at 127.0.0.1/33443] INFO  http.BaseHttpServer (BaseHttpServer.java:updateConnectorAddress(327)) - HTTP server of hddsDatanode listening at http://0.0.0.0:40517
2020-10-09 13:09:12,709 [org.apache.hadoop.util.JvmPauseMonitor$Monitor@33f1a0f1] INFO  util.JvmPauseMonitor (JvmPauseMonitor.java:run(188)) - Starting JVM pause monitor
2020-10-09 13:09:12,710 [Listener at 127.0.0.1/33443] INFO  impl.MetricsSystemImpl (MetricsSystemImpl.java:init(158)) - HddsDatanode metrics system started (again)
2020-10-09 13:09:12,711 [Datanode State Machine Task Thread - 0] INFO  datanode.InitDatanodeState (InitDatanodeState.java:persistContainerDatanodeDetails(145)) - DatanodeDetails is persisted to /github/workspace/mnt/ozone/hadoop-ozone/integration-test/target/test-dir/MiniOzoneClusterImpl-3c6d3de1-1da1-4a65-89f4-2560fa2fb7b3/datanode-0/meta/datanode.id
2020-10-09 13:09:12,713 [Listener at 127.0.0.1/33443] INFO  ozone.HddsDatanodeService (HddsDatanodeService.java:start(217)) - HddsDatanodeService host:01daa2e02541 ip:172.17.0.2
2020-10-09 13:09:12,714 [Listener at 127.0.0.1/33443] INFO  volume.HddsVolume (HddsVolume.java:<init>(176)) - Creating Volume: /github/workspace/mnt/ozone/hadoop-ozone/integration-test/target/test-dir/MiniOzoneClusterImpl-3c6d3de1-1da1-4a65-89f4-2560fa2fb7b3/datanode-1/data-0/containers/hdds of storage type : DISK and capacity : 9223372036854775807
2020-10-09 13:09:12,714 [Listener at 127.0.0.1/33443] INFO  volume.MutableVolumeSet (MutableVolumeSet.java:initializeVolumeSet(179)) - Added Volume : /github/workspace/mnt/ozone/hadoop-ozone/integration-test/target/test-dir/MiniOzoneClusterImpl-3c6d3de1-1da1-4a65-89f4-2560fa2fb7b3/datanode-1/data-0/containers/hdds to VolumeSet
2020-10-09 13:09:12,714 [Listener at 127.0.0.1/33443] INFO  volume.ThrottledAsyncChecker (ThrottledAsyncChecker.java:schedule(141)) - Scheduling a check for /github/workspace/mnt/ozone/hadoop-ozone/integration-test/target/test-dir/MiniOzoneClusterImpl-3c6d3de1-1da1-4a65-89f4-2560fa2fb7b3/datanode-1/data-0/containers/hdds
2020-10-09 13:09:12,714 [Listener at 127.0.0.1/33443] INFO  volume.HddsVolumeChecker (HddsVolumeChecker.java:checkAllVolumes(200)) - Scheduled health check for volume /github/workspace/mnt/ozone/hadoop-ozone/integration-test/target/test-dir/MiniOzoneClusterImpl-3c6d3de1-1da1-4a65-89f4-2560fa2fb7b3/datanode-1/data-0/containers/hdds
2020-10-09 13:09:12,727 [Thread-490] INFO  ozoneimpl.ContainerReader (ContainerReader.java:readVolume(123)) - Start to verify containers on volume /github/workspace/mnt/ozone/hadoop-ozone/integration-test/target/test-dir/MiniOzoneClusterImpl-3c6d3de1-1da1-4a65-89f4-2560fa2fb7b3/datanode-1/data-0/containers/hdds
2020-10-09 13:09:12,727 [Thread-490] INFO  ozoneimpl.ContainerReader (ContainerReader.java:readVolume(148)) - Finish verifying containers on volume /github/workspace/mnt/ozone/hadoop-ozone/integration-test/target/test-dir/MiniOzoneClusterImpl-3c6d3de1-1da1-4a65-89f4-2560fa2fb7b3/datanode-1/data-0/containers/hdds
2020-10-09 13:09:12,727 [Listener at 127.0.0.1/33443] INFO  ozoneimpl.OzoneContainer (OzoneContainer.java:buildContainerSet(196)) - Build ContainerSet costs 0s
2020-10-09 13:09:12,729 [Listener at 127.0.0.1/33443] INFO  impl.RaftServerProxy (ConfUtils.java:logGet(44)) - raft.rpc.type = GRPC (default)
2020-10-09 13:09:12,729 [Listener at 127.0.0.1/33443] INFO  grpc.GrpcFactory (GrpcFactory.java:checkPooledByteBufAllocatorUseCacheForAllThreads(45)) - PERFORMANCE WARNING: useCacheForAllThreads is true that may cause Netty to create a lot garbage objects and, as a result, trigger GC.
	It is recommended to disable useCacheForAllThreads by setting -Dorg.apache.ratis.thirdparty.io.netty.allocator.useCacheForAllThreads=false in command line.
2020-10-09 13:09:12,729 [Listener at 127.0.0.1/33443] INFO  grpc.GrpcConfigKeys (ConfUtils.java:logGet(44)) - raft.grpc.server.port = 0 (default)
2020-10-09 13:09:12,729 [Listener at 127.0.0.1/33443] INFO  server.GrpcService (ConfUtils.java:logGet(44)) - raft.grpc.message.size.max = 32MB (=33554432) (custom)
2020-10-09 13:09:12,729 [Listener at 127.0.0.1/33443] INFO  server.RaftServerConfigKeys (ConfUtils.java:logGet(44)) - raft.server.log.appender.buffer.byte-limit = 33554432 (custom)
2020-10-09 13:09:12,729 [Listener at 127.0.0.1/33443] INFO  server.GrpcService (ConfUtils.java:logGet(44)) - raft.grpc.flow.control.window = 5MB (=5242880) (custom)
2020-10-09 13:09:12,729 [Listener at 127.0.0.1/33443] INFO  server.RaftServerConfigKeys (ConfUtils.java:logGet(44)) - raft.server.rpc.request.timeout = 60s (custom)
2020-10-09 13:09:12,730 [Listener at 127.0.0.1/33443] INFO  server.RaftServerConfigKeys (ConfUtils.java:logGet(44)) - raft.server.storage.dir = [/github/workspace/mnt/ozone/hadoop-ozone/integration-test/target/test-dir/MiniOzoneClusterImpl-3c6d3de1-1da1-4a65-89f4-2560fa2fb7b3/datanode-1/data/ratis] (custom)
2020-10-09 13:09:12,737 [Listener at 127.0.0.1/33443] INFO  http.BaseHttpServer (BaseHttpServer.java:newHttpServer2BuilderForOzone(207)) - Starting Web-server for hddsDatanode at: http://0.0.0.0:0
2020-10-09 13:09:12,737 [Listener at 127.0.0.1/33443] INFO  http.BaseHttpServer (BaseHttpServer.java:<init>(106)) - Hadoop Security Enabled: false Ozone Security Enabled: false Ozone HTTP Security Enabled: false 
2020-10-09 13:09:12,738 [Listener at 127.0.0.1/33443] INFO  server.AuthenticationFilter (AuthenticationFilter.java:constructSecretProvider(240)) - Unable to initialize FileSignerSecretProvider, falling back to use random secrets.
2020-10-09 13:09:12,738 [Listener at 127.0.0.1/33443] WARN  http.HttpRequestLog (HttpRequestLog.java:getRequestLog(103)) - Jetty request log can only be enabled using Log4j
2020-10-09 13:09:12,738 [Listener at 127.0.0.1/33443] INFO  http.HttpServer2 (HttpServer2.java:addGlobalFilter(1019)) - Added global filter 'safety' (class=org.apache.hadoop.hdds.server.http.HttpServer2$QuotingInputFilter)
2020-10-09 13:09:12,739 [Listener at 127.0.0.1/33443] INFO  http.HttpServer2 (HttpServer2.java:addFilter(995)) - Added filter static_user_filter (class=org.apache.hadoop.http.lib.StaticUserWebFilter$StaticUserFilter) to context hddsDatanode
2020-10-09 13:09:12,739 [Listener at 127.0.0.1/33443] INFO  http.HttpServer2 (HttpServer2.java:addFilter(1003)) - Added filter static_user_filter (class=org.apache.hadoop.http.lib.StaticUserWebFilter$StaticUserFilter) to context logs
2020-10-09 13:09:12,739 [Listener at 127.0.0.1/33443] INFO  http.HttpServer2 (HttpServer2.java:addFilter(1003)) - Added filter static_user_filter (class=org.apache.hadoop.http.lib.StaticUserWebFilter$StaticUserFilter) to context static
2020-10-09 13:09:12,739 [Listener at 127.0.0.1/33443] INFO  http.HttpServer2 (HttpServer2.java:bindListener(1237)) - Jetty bound to port 41701
2020-10-09 13:09:12,740 [Listener at 127.0.0.1/33443] INFO  server.Server (Server.java:doStart(359)) - jetty-9.4.26.v20200117; built: 2020-01-17T12:35:33.676Z; git: 7b38981d25d14afb4a12ff1f2596756144edf695; jvm 1.8.0_232-b09
2020-10-09 13:09:12,741 [Listener at 127.0.0.1/33443] INFO  server.session (DefaultSessionIdManager.java:doStart(333)) - DefaultSessionIdManager workerName=node0
2020-10-09 13:09:12,741 [Listener at 127.0.0.1/33443] INFO  server.session (DefaultSessionIdManager.java:doStart(338)) - No SessionScavenger set, using defaults
2020-10-09 13:09:12,741 [Listener at 127.0.0.1/33443] INFO  server.session (HouseKeeper.java:startScavenging(140)) - node0 Scavenging every 600000ms
2020-10-09 13:09:12,741 [Listener at 127.0.0.1/33443] INFO  handler.ContextHandler (ContextHandler.java:doStart(825)) - Started o.e.j.s.ServletContextHandler@3d90cb49{logs,/logs,file:///github/workspace/mnt/ozone/hadoop-ozone/integration-test/target/log,AVAILABLE}
2020-10-09 13:09:12,742 [Listener at 127.0.0.1/33443] INFO  handler.ContextHandler (ContextHandler.java:doStart(825)) - Started o.e.j.s.ServletContextHandler@23c6901d{static,/static,jar:file:/home/user/.m2/repository/org/apache/hadoop/hadoop-hdds-container-service/1.1.0-SNAPSHOT/hadoop-hdds-container-service-1.1.0-SNAPSHOT.jar!/webapps/static,AVAILABLE}
2020-10-09 13:09:12,862 [Listener at 127.0.0.1/33443] INFO  handler.ContextHandler (ContextHandler.java:doStart(825)) - Started o.e.j.w.WebAppContext@670ce0dc{hddsDatanode,/,file:///tmp/jetty-0_0_0_0-41701-hadoop-hdds-container-service-1_1_0-SNAPSHOT_jar-_-any-317485737839903328.dir/webapp/,AVAILABLE}{jar:file:/home/user/.m2/repository/org/apache/hadoop/hadoop-hdds-container-service/1.1.0-SNAPSHOT/hadoop-hdds-container-service-1.1.0-SNAPSHOT.jar!/webapps/hddsDatanode}
2020-10-09 13:09:12,863 [Listener at 127.0.0.1/33443] INFO  server.AbstractConnector (AbstractConnector.java:doStart(330)) - Started ServerConnector@7d948b00{HTTP/1.1,[http/1.1]}{0.0.0.0:41701}
2020-10-09 13:09:12,863 [Listener at 127.0.0.1/33443] INFO  server.Server (Server.java:doStart(399)) - Started @43376ms
2020-10-09 13:09:12,863 [Listener at 127.0.0.1/33443] WARN  impl.MetricsSystemImpl (MetricsSystemImpl.java:register(276)) - Sink prometheus already exists!
2020-10-09 13:09:12,868 [Listener at 127.0.0.1/33443] INFO  http.BaseHttpServer (BaseHttpServer.java:updateConnectorAddress(327)) - HTTP server of hddsDatanode listening at http://0.0.0.0:41701
2020-10-09 13:09:12,868 [Listener at 127.0.0.1/33443] INFO  impl.MetricsSystemImpl (MetricsSystemImpl.java:init(158)) - HddsDatanode metrics system started (again)
2020-10-09 13:09:12,870 [Listener at 127.0.0.1/33443] INFO  ozone.HddsDatanodeService (HddsDatanodeService.java:start(217)) - HddsDatanodeService host:01daa2e02541 ip:172.17.0.2
2020-10-09 13:09:12,872 [Listener at 127.0.0.1/33443] INFO  volume.HddsVolume (HddsVolume.java:<init>(176)) - Creating Volume: /github/workspace/mnt/ozone/hadoop-ozone/integration-test/target/test-dir/MiniOzoneClusterImpl-3c6d3de1-1da1-4a65-89f4-2560fa2fb7b3/datanode-2/data-0/containers/hdds of storage type : DISK and capacity : 9223372036854775807
2020-10-09 13:09:12,872 [Listener at 127.0.0.1/33443] INFO  volume.MutableVolumeSet (MutableVolumeSet.java:initializeVolumeSet(179)) - Added Volume : /github/workspace/mnt/ozone/hadoop-ozone/integration-test/target/test-dir/MiniOzoneClusterImpl-3c6d3de1-1da1-4a65-89f4-2560fa2fb7b3/datanode-2/data-0/containers/hdds to VolumeSet
2020-10-09 13:09:12,872 [Listener at 127.0.0.1/33443] INFO  volume.ThrottledAsyncChecker (ThrottledAsyncChecker.java:schedule(141)) - Scheduling a check for /github/workspace/mnt/ozone/hadoop-ozone/integration-test/target/test-dir/MiniOzoneClusterImpl-3c6d3de1-1da1-4a65-89f4-2560fa2fb7b3/datanode-2/data-0/containers/hdds
2020-10-09 13:09:12,876 [org.apache.hadoop.util.JvmPauseMonitor$Monitor@6b9664c2] INFO  util.JvmPauseMonitor (JvmPauseMonitor.java:run(188)) - Starting JVM pause monitor
2020-10-09 13:09:12,878 [Datanode State Machine Task Thread - 0] INFO  datanode.InitDatanodeState (InitDatanodeState.java:persistContainerDatanodeDetails(145)) - DatanodeDetails is persisted to /github/workspace/mnt/ozone/hadoop-ozone/integration-test/target/test-dir/MiniOzoneClusterImpl-3c6d3de1-1da1-4a65-89f4-2560fa2fb7b3/datanode-1/meta/datanode.id
2020-10-09 13:09:12,878 [Listener at 127.0.0.1/33443] INFO  volume.HddsVolumeChecker (HddsVolumeChecker.java:checkAllVolumes(200)) - Scheduled health check for volume /github/workspace/mnt/ozone/hadoop-ozone/integration-test/target/test-dir/MiniOzoneClusterImpl-3c6d3de1-1da1-4a65-89f4-2560fa2fb7b3/datanode-2/data-0/containers/hdds
2020-10-09 13:09:12,890 [Thread-501] INFO  ozoneimpl.ContainerReader (ContainerReader.java:readVolume(123)) - Start to verify containers on volume /github/workspace/mnt/ozone/hadoop-ozone/integration-test/target/test-dir/MiniOzoneClusterImpl-3c6d3de1-1da1-4a65-89f4-2560fa2fb7b3/datanode-2/data-0/containers/hdds
2020-10-09 13:09:12,890 [Thread-501] INFO  ozoneimpl.ContainerReader (ContainerReader.java:readVolume(148)) - Finish verifying containers on volume /github/workspace/mnt/ozone/hadoop-ozone/integration-test/target/test-dir/MiniOzoneClusterImpl-3c6d3de1-1da1-4a65-89f4-2560fa2fb7b3/datanode-2/data-0/containers/hdds
2020-10-09 13:09:12,890 [Listener at 127.0.0.1/33443] INFO  ozoneimpl.OzoneContainer (OzoneContainer.java:buildContainerSet(196)) - Build ContainerSet costs 0s
2020-10-09 13:09:12,893 [Listener at 127.0.0.1/33443] INFO  impl.RaftServerProxy (ConfUtils.java:logGet(44)) - raft.rpc.type = GRPC (default)
2020-10-09 13:09:12,893 [Listener at 127.0.0.1/33443] INFO  grpc.GrpcFactory (GrpcFactory.java:checkPooledByteBufAllocatorUseCacheForAllThreads(45)) - PERFORMANCE WARNING: useCacheForAllThreads is true that may cause Netty to create a lot garbage objects and, as a result, trigger GC.
	It is recommended to disable useCacheForAllThreads by setting -Dorg.apache.ratis.thirdparty.io.netty.allocator.useCacheForAllThreads=false in command line.
2020-10-09 13:09:12,893 [Listener at 127.0.0.1/33443] INFO  grpc.GrpcConfigKeys (ConfUtils.java:logGet(44)) - raft.grpc.server.port = 0 (default)
2020-10-09 13:09:12,893 [Listener at 127.0.0.1/33443] INFO  server.GrpcService (ConfUtils.java:logGet(44)) - raft.grpc.message.size.max = 32MB (=33554432) (custom)
2020-10-09 13:09:12,893 [Listener at 127.0.0.1/33443] INFO  server.RaftServerConfigKeys (ConfUtils.java:logGet(44)) - raft.server.log.appender.buffer.byte-limit = 33554432 (custom)
2020-10-09 13:09:12,893 [Listener at 127.0.0.1/33443] INFO  server.GrpcService (ConfUtils.java:logGet(44)) - raft.grpc.flow.control.window = 5MB (=5242880) (custom)
2020-10-09 13:09:12,893 [Listener at 127.0.0.1/33443] INFO  server.RaftServerConfigKeys (ConfUtils.java:logGet(44)) - raft.server.rpc.request.timeout = 60s (custom)
2020-10-09 13:09:12,894 [Listener at 127.0.0.1/33443] INFO  server.RaftServerConfigKeys (ConfUtils.java:logGet(44)) - raft.server.storage.dir = [/github/workspace/mnt/ozone/hadoop-ozone/integration-test/target/test-dir/MiniOzoneClusterImpl-3c6d3de1-1da1-4a65-89f4-2560fa2fb7b3/datanode-2/data/ratis] (custom)
2020-10-09 13:09:12,900 [Listener at 127.0.0.1/33443] INFO  http.BaseHttpServer (BaseHttpServer.java:newHttpServer2BuilderForOzone(207)) - Starting Web-server for hddsDatanode at: http://0.0.0.0:0
2020-10-09 13:09:12,900 [Listener at 127.0.0.1/33443] INFO  http.BaseHttpServer (BaseHttpServer.java:<init>(106)) - Hadoop Security Enabled: false Ozone Security Enabled: false Ozone HTTP Security Enabled: false 
2020-10-09 13:09:12,901 [Listener at 127.0.0.1/33443] INFO  server.AuthenticationFilter (AuthenticationFilter.java:constructSecretProvider(240)) - Unable to initialize FileSignerSecretProvider, falling back to use random secrets.
2020-10-09 13:09:12,902 [Listener at 127.0.0.1/33443] WARN  http.HttpRequestLog (HttpRequestLog.java:getRequestLog(103)) - Jetty request log can only be enabled using Log4j
2020-10-09 13:09:12,902 [Listener at 127.0.0.1/33443] INFO  http.HttpServer2 (HttpServer2.java:addGlobalFilter(1019)) - Added global filter 'safety' (class=org.apache.hadoop.hdds.server.http.HttpServer2$QuotingInputFilter)
2020-10-09 13:09:12,903 [Listener at 127.0.0.1/33443] INFO  http.HttpServer2 (HttpServer2.java:addFilter(995)) - Added filter static_user_filter (class=org.apache.hadoop.http.lib.StaticUserWebFilter$StaticUserFilter) to context hddsDatanode
2020-10-09 13:09:12,903 [Listener at 127.0.0.1/33443] INFO  http.HttpServer2 (HttpServer2.java:addFilter(1003)) - Added filter static_user_filter (class=org.apache.hadoop.http.lib.StaticUserWebFilter$StaticUserFilter) to context static
2020-10-09 13:09:12,903 [Listener at 127.0.0.1/33443] INFO  http.HttpServer2 (HttpServer2.java:addFilter(1003)) - Added filter static_user_filter (class=org.apache.hadoop.http.lib.StaticUserWebFilter$StaticUserFilter) to context logs
2020-10-09 13:09:12,903 [Listener at 127.0.0.1/33443] INFO  http.HttpServer2 (HttpServer2.java:bindListener(1237)) - Jetty bound to port 34543
2020-10-09 13:09:12,903 [Listener at 127.0.0.1/33443] INFO  server.Server (Server.java:doStart(359)) - jetty-9.4.26.v20200117; built: 2020-01-17T12:35:33.676Z; git: 7b38981d25d14afb4a12ff1f2596756144edf695; jvm 1.8.0_232-b09
2020-10-09 13:09:12,906 [Listener at 127.0.0.1/33443] INFO  server.session (DefaultSessionIdManager.java:doStart(333)) - DefaultSessionIdManager workerName=node0
2020-10-09 13:09:12,906 [Listener at 127.0.0.1/33443] INFO  server.session (DefaultSessionIdManager.java:doStart(338)) - No SessionScavenger set, using defaults
2020-10-09 13:09:12,906 [Listener at 127.0.0.1/33443] INFO  server.session (HouseKeeper.java:startScavenging(140)) - node0 Scavenging every 660000ms
2020-10-09 13:09:12,907 [Listener at 127.0.0.1/33443] INFO  handler.ContextHandler (ContextHandler.java:doStart(825)) - Started o.e.j.s.ServletContextHandler@34e9e295{logs,/logs,file:///github/workspace/mnt/ozone/hadoop-ozone/integration-test/target/log,AVAILABLE}
2020-10-09 13:09:12,907 [Listener at 127.0.0.1/33443] INFO  handler.ContextHandler (ContextHandler.java:doStart(825)) - Started o.e.j.s.ServletContextHandler@77106e30{static,/static,jar:file:/home/user/.m2/repository/org/apache/hadoop/hadoop-hdds-container-service/1.1.0-SNAPSHOT/hadoop-hdds-container-service-1.1.0-SNAPSHOT.jar!/webapps/static,AVAILABLE}
2020-10-09 13:09:13,023 [Listener at 127.0.0.1/33443] INFO  handler.ContextHandler (ContextHandler.java:doStart(825)) - Started o.e.j.w.WebAppContext@21ac7893{hddsDatanode,/,file:///tmp/jetty-0_0_0_0-34543-hadoop-hdds-container-service-1_1_0-SNAPSHOT_jar-_-any-72300853804626653.dir/webapp/,AVAILABLE}{jar:file:/home/user/.m2/repository/org/apache/hadoop/hadoop-hdds-container-service/1.1.0-SNAPSHOT/hadoop-hdds-container-service-1.1.0-SNAPSHOT.jar!/webapps/hddsDatanode}
2020-10-09 13:09:13,025 [Listener at 127.0.0.1/33443] INFO  server.AbstractConnector (AbstractConnector.java:doStart(330)) - Started ServerConnector@7a2faef4{HTTP/1.1,[http/1.1]}{0.0.0.0:34543}
2020-10-09 13:09:13,026 [Listener at 127.0.0.1/33443] INFO  server.Server (Server.java:doStart(399)) - Started @43539ms
2020-10-09 13:09:13,026 [Listener at 127.0.0.1/33443] WARN  impl.MetricsSystemImpl (MetricsSystemImpl.java:register(276)) - Sink prometheus already exists!
2020-10-09 13:09:13,031 [Listener at 127.0.0.1/33443] INFO  http.BaseHttpServer (BaseHttpServer.java:updateConnectorAddress(327)) - HTTP server of hddsDatanode listening at http://0.0.0.0:34543
2020-10-09 13:09:13,033 [Listener at 127.0.0.1/33443] INFO  impl.MetricsSystemImpl (MetricsSystemImpl.java:init(158)) - HddsDatanode metrics system started (again)
2020-10-09 13:09:13,034 [Listener at 127.0.0.1/33443] INFO  ozone.HddsDatanodeService (HddsDatanodeService.java:start(217)) - HddsDatanodeService host:01daa2e02541 ip:172.17.0.2
2020-10-09 13:09:13,039 [org.apache.hadoop.util.JvmPauseMonitor$Monitor@383ec38c] INFO  util.JvmPauseMonitor (JvmPauseMonitor.java:run(188)) - Starting JVM pause monitor
2020-10-09 13:09:13,040 [Datanode State Machine Task Thread - 0] INFO  datanode.InitDatanodeState (InitDatanodeState.java:persistContainerDatanodeDetails(145)) - DatanodeDetails is persisted to /github/workspace/mnt/ozone/hadoop-ozone/integration-test/target/test-dir/MiniOzoneClusterImpl-3c6d3de1-1da1-4a65-89f4-2560fa2fb7b3/datanode-2/meta/datanode.id
2020-10-09 13:09:13,040 [Listener at 127.0.0.1/33443] INFO  volume.HddsVolume (HddsVolume.java:<init>(176)) - Creating Volume: /github/workspace/mnt/ozone/hadoop-ozone/integration-test/target/test-dir/MiniOzoneClusterImpl-3c6d3de1-1da1-4a65-89f4-2560fa2fb7b3/datanode-3/data-0/containers/hdds of storage type : DISK and capacity : 9223372036854775807
2020-10-09 13:09:13,041 [Listener at 127.0.0.1/33443] INFO  volume.MutableVolumeSet (MutableVolumeSet.java:initializeVolumeSet(179)) - Added Volume : /github/workspace/mnt/ozone/hadoop-ozone/integration-test/target/test-dir/MiniOzoneClusterImpl-3c6d3de1-1da1-4a65-89f4-2560fa2fb7b3/datanode-3/data-0/containers/hdds to VolumeSet
2020-10-09 13:09:13,041 [Listener at 127.0.0.1/33443] INFO  volume.ThrottledAsyncChecker (ThrottledAsyncChecker.java:schedule(141)) - Scheduling a check for /github/workspace/mnt/ozone/hadoop-ozone/integration-test/target/test-dir/MiniOzoneClusterImpl-3c6d3de1-1da1-4a65-89f4-2560fa2fb7b3/datanode-3/data-0/containers/hdds
2020-10-09 13:09:13,041 [Listener at 127.0.0.1/33443] INFO  volume.HddsVolumeChecker (HddsVolumeChecker.java:checkAllVolumes(200)) - Scheduled health check for volume /github/workspace/mnt/ozone/hadoop-ozone/integration-test/target/test-dir/MiniOzoneClusterImpl-3c6d3de1-1da1-4a65-89f4-2560fa2fb7b3/datanode-3/data-0/containers/hdds
2020-10-09 13:09:13,055 [Thread-512] INFO  ozoneimpl.ContainerReader (ContainerReader.java:readVolume(123)) - Start to verify containers on volume /github/workspace/mnt/ozone/hadoop-ozone/integration-test/target/test-dir/MiniOzoneClusterImpl-3c6d3de1-1da1-4a65-89f4-2560fa2fb7b3/datanode-3/data-0/containers/hdds
2020-10-09 13:09:13,055 [Thread-512] INFO  ozoneimpl.ContainerReader (ContainerReader.java:readVolume(148)) - Finish verifying containers on volume /github/workspace/mnt/ozone/hadoop-ozone/integration-test/target/test-dir/MiniOzoneClusterImpl-3c6d3de1-1da1-4a65-89f4-2560fa2fb7b3/datanode-3/data-0/containers/hdds
2020-10-09 13:09:13,055 [Listener at 127.0.0.1/33443] INFO  ozoneimpl.OzoneContainer (OzoneContainer.java:buildContainerSet(196)) - Build ContainerSet costs 0s
2020-10-09 13:09:13,057 [Listener at 127.0.0.1/33443] INFO  impl.RaftServerProxy (ConfUtils.java:logGet(44)) - raft.rpc.type = GRPC (default)
2020-10-09 13:09:13,057 [Listener at 127.0.0.1/33443] INFO  grpc.GrpcFactory (GrpcFactory.java:checkPooledByteBufAllocatorUseCacheForAllThreads(45)) - PERFORMANCE WARNING: useCacheForAllThreads is true that may cause Netty to create a lot garbage objects and, as a result, trigger GC.
	It is recommended to disable useCacheForAllThreads by setting -Dorg.apache.ratis.thirdparty.io.netty.allocator.useCacheForAllThreads=false in command line.
2020-10-09 13:09:13,057 [Listener at 127.0.0.1/33443] INFO  grpc.GrpcConfigKeys (ConfUtils.java:logGet(44)) - raft.grpc.server.port = 0 (default)
2020-10-09 13:09:13,057 [Listener at 127.0.0.1/33443] INFO  server.GrpcService (ConfUtils.java:logGet(44)) - raft.grpc.message.size.max = 32MB (=33554432) (custom)
2020-10-09 13:09:13,057 [Listener at 127.0.0.1/33443] INFO  server.RaftServerConfigKeys (ConfUtils.java:logGet(44)) - raft.server.log.appender.buffer.byte-limit = 33554432 (custom)
2020-10-09 13:09:13,057 [Listener at 127.0.0.1/33443] INFO  server.GrpcService (ConfUtils.java:logGet(44)) - raft.grpc.flow.control.window = 5MB (=5242880) (custom)
2020-10-09 13:09:13,057 [Listener at 127.0.0.1/33443] INFO  server.RaftServerConfigKeys (ConfUtils.java:logGet(44)) - raft.server.rpc.request.timeout = 60s (custom)
2020-10-09 13:09:13,058 [Listener at 127.0.0.1/33443] INFO  server.RaftServerConfigKeys (ConfUtils.java:logGet(44)) - raft.server.storage.dir = [/github/workspace/mnt/ozone/hadoop-ozone/integration-test/target/test-dir/MiniOzoneClusterImpl-3c6d3de1-1da1-4a65-89f4-2560fa2fb7b3/datanode-3/data/ratis] (custom)
2020-10-09 13:09:13,064 [Listener at 127.0.0.1/33443] INFO  http.BaseHttpServer (BaseHttpServer.java:newHttpServer2BuilderForOzone(207)) - Starting Web-server for hddsDatanode at: http://0.0.0.0:0
2020-10-09 13:09:13,064 [Listener at 127.0.0.1/33443] INFO  http.BaseHttpServer (BaseHttpServer.java:<init>(106)) - Hadoop Security Enabled: false Ozone Security Enabled: false Ozone HTTP Security Enabled: false 
2020-10-09 13:09:13,065 [Listener at 127.0.0.1/33443] INFO  server.AuthenticationFilter (AuthenticationFilter.java:constructSecretProvider(240)) - Unable to initialize FileSignerSecretProvider, falling back to use random secrets.
2020-10-09 13:09:13,065 [Listener at 127.0.0.1/33443] WARN  http.HttpRequestLog (HttpRequestLog.java:getRequestLog(103)) - Jetty request log can only be enabled using Log4j
2020-10-09 13:09:13,066 [Listener at 127.0.0.1/33443] INFO  http.HttpServer2 (HttpServer2.java:addGlobalFilter(1019)) - Added global filter 'safety' (class=org.apache.hadoop.hdds.server.http.HttpServer2$QuotingInputFilter)
2020-10-09 13:09:13,067 [Listener at 127.0.0.1/33443] INFO  http.HttpServer2 (HttpServer2.java:addFilter(995)) - Added filter static_user_filter (class=org.apache.hadoop.http.lib.StaticUserWebFilter$StaticUserFilter) to context hddsDatanode
2020-10-09 13:09:13,067 [Listener at 127.0.0.1/33443] INFO  http.HttpServer2 (HttpServer2.java:addFilter(1003)) - Added filter static_user_filter (class=org.apache.hadoop.http.lib.StaticUserWebFilter$StaticUserFilter) to context static
2020-10-09 13:09:13,067 [Listener at 127.0.0.1/33443] INFO  http.HttpServer2 (HttpServer2.java:addFilter(1003)) - Added filter static_user_filter (class=org.apache.hadoop.http.lib.StaticUserWebFilter$StaticUserFilter) to context logs
2020-10-09 13:09:13,068 [Listener at 127.0.0.1/33443] INFO  http.HttpServer2 (HttpServer2.java:bindListener(1237)) - Jetty bound to port 44413
2020-10-09 13:09:13,068 [Listener at 127.0.0.1/33443] INFO  server.Server (Server.java:doStart(359)) - jetty-9.4.26.v20200117; built: 2020-01-17T12:35:33.676Z; git: 7b38981d25d14afb4a12ff1f2596756144edf695; jvm 1.8.0_232-b09
2020-10-09 13:09:13,070 [Listener at 127.0.0.1/33443] INFO  server.session (DefaultSessionIdManager.java:doStart(333)) - DefaultSessionIdManager workerName=node0
2020-10-09 13:09:13,070 [Listener at 127.0.0.1/33443] INFO  server.session (DefaultSessionIdManager.java:doStart(338)) - No SessionScavenger set, using defaults
2020-10-09 13:09:13,070 [Listener at 127.0.0.1/33443] INFO  server.session (HouseKeeper.java:startScavenging(140)) - node0 Scavenging every 660000ms
2020-10-09 13:09:13,071 [Listener at 127.0.0.1/33443] INFO  handler.ContextHandler (ContextHandler.java:doStart(825)) - Started o.e.j.s.ServletContextHandler@39c6c1ac{logs,/logs,file:///github/workspace/mnt/ozone/hadoop-ozone/integration-test/target/log,AVAILABLE}
2020-10-09 13:09:13,071 [Listener at 127.0.0.1/33443] INFO  handler.ContextHandler (ContextHandler.java:doStart(825)) - Started o.e.j.s.ServletContextHandler@4d47bcee{static,/static,jar:file:/home/user/.m2/repository/org/apache/hadoop/hadoop-hdds-container-service/1.1.0-SNAPSHOT/hadoop-hdds-container-service-1.1.0-SNAPSHOT.jar!/webapps/static,AVAILABLE}
2020-10-09 13:09:13,195 [Listener at 127.0.0.1/33443] INFO  handler.ContextHandler (ContextHandler.java:doStart(825)) - Started o.e.j.w.WebAppContext@3d0f9709{hddsDatanode,/,file:///tmp/jetty-0_0_0_0-44413-hadoop-hdds-container-service-1_1_0-SNAPSHOT_jar-_-any-2242496899531490464.dir/webapp/,AVAILABLE}{jar:file:/home/user/.m2/repository/org/apache/hadoop/hadoop-hdds-container-service/1.1.0-SNAPSHOT/hadoop-hdds-container-service-1.1.0-SNAPSHOT.jar!/webapps/hddsDatanode}
2020-10-09 13:09:13,196 [Listener at 127.0.0.1/33443] INFO  server.AbstractConnector (AbstractConnector.java:doStart(330)) - Started ServerConnector@30909139{HTTP/1.1,[http/1.1]}{0.0.0.0:44413}
2020-10-09 13:09:13,197 [Listener at 127.0.0.1/33443] INFO  server.Server (Server.java:doStart(399)) - Started @43710ms
2020-10-09 13:09:13,197 [Listener at 127.0.0.1/33443] WARN  impl.MetricsSystemImpl (MetricsSystemImpl.java:register(276)) - Sink prometheus already exists!
2020-10-09 13:09:13,215 [Listener at 127.0.0.1/33443] INFO  http.BaseHttpServer (BaseHttpServer.java:updateConnectorAddress(327)) - HTTP server of hddsDatanode listening at http://0.0.0.0:44413
2020-10-09 13:09:13,217 [Listener at 127.0.0.1/33443] INFO  impl.MetricsSystemImpl (MetricsSystemImpl.java:init(158)) - HddsDatanode metrics system started (again)
2020-10-09 13:09:13,219 [org.apache.hadoop.util.JvmPauseMonitor$Monitor@5314a1c4] INFO  util.JvmPauseMonitor (JvmPauseMonitor.java:run(188)) - Starting JVM pause monitor
2020-10-09 13:09:13,220 [Datanode State Machine Task Thread - 0] INFO  datanode.InitDatanodeState (InitDatanodeState.java:persistContainerDatanodeDetails(145)) - DatanodeDetails is persisted to /github/workspace/mnt/ozone/hadoop-ozone/integration-test/target/test-dir/MiniOzoneClusterImpl-3c6d3de1-1da1-4a65-89f4-2560fa2fb7b3/datanode-3/meta/datanode.id
2020-10-09 13:09:13,220 [Listener at 127.0.0.1/33443] INFO  ozone.HddsDatanodeService (HddsDatanodeService.java:start(217)) - HddsDatanodeService host:01daa2e02541 ip:172.17.0.2
2020-10-09 13:09:13,221 [Listener at 127.0.0.1/33443] INFO  volume.HddsVolume (HddsVolume.java:<init>(176)) - Creating Volume: /github/workspace/mnt/ozone/hadoop-ozone/integration-test/target/test-dir/MiniOzoneClusterImpl-3c6d3de1-1da1-4a65-89f4-2560fa2fb7b3/datanode-4/data-0/containers/hdds of storage type : DISK and capacity : 9223372036854775807
2020-10-09 13:09:13,221 [Listener at 127.0.0.1/33443] INFO  volume.MutableVolumeSet (MutableVolumeSet.java:initializeVolumeSet(179)) - Added Volume : /github/workspace/mnt/ozone/hadoop-ozone/integration-test/target/test-dir/MiniOzoneClusterImpl-3c6d3de1-1da1-4a65-89f4-2560fa2fb7b3/datanode-4/data-0/containers/hdds to VolumeSet
2020-10-09 13:09:13,221 [Listener at 127.0.0.1/33443] INFO  volume.ThrottledAsyncChecker (ThrottledAsyncChecker.java:schedule(141)) - Scheduling a check for /github/workspace/mnt/ozone/hadoop-ozone/integration-test/target/test-dir/MiniOzoneClusterImpl-3c6d3de1-1da1-4a65-89f4-2560fa2fb7b3/datanode-4/data-0/containers/hdds
2020-10-09 13:09:13,223 [Listener at 127.0.0.1/33443] INFO  volume.HddsVolumeChecker (HddsVolumeChecker.java:checkAllVolumes(200)) - Scheduled health check for volume /github/workspace/mnt/ozone/hadoop-ozone/integration-test/target/test-dir/MiniOzoneClusterImpl-3c6d3de1-1da1-4a65-89f4-2560fa2fb7b3/datanode-4/data-0/containers/hdds
2020-10-09 13:09:13,235 [Thread-523] INFO  ozoneimpl.ContainerReader (ContainerReader.java:readVolume(123)) - Start to verify containers on volume /github/workspace/mnt/ozone/hadoop-ozone/integration-test/target/test-dir/MiniOzoneClusterImpl-3c6d3de1-1da1-4a65-89f4-2560fa2fb7b3/datanode-4/data-0/containers/hdds
2020-10-09 13:09:13,235 [Thread-523] INFO  ozoneimpl.ContainerReader (ContainerReader.java:readVolume(148)) - Finish verifying containers on volume /github/workspace/mnt/ozone/hadoop-ozone/integration-test/target/test-dir/MiniOzoneClusterImpl-3c6d3de1-1da1-4a65-89f4-2560fa2fb7b3/datanode-4/data-0/containers/hdds
2020-10-09 13:09:13,235 [Listener at 127.0.0.1/33443] INFO  ozoneimpl.OzoneContainer (OzoneContainer.java:buildContainerSet(196)) - Build ContainerSet costs 0s
2020-10-09 13:09:13,237 [Listener at 127.0.0.1/33443] INFO  impl.RaftServerProxy (ConfUtils.java:logGet(44)) - raft.rpc.type = GRPC (default)
2020-10-09 13:09:13,237 [Listener at 127.0.0.1/33443] INFO  grpc.GrpcFactory (GrpcFactory.java:checkPooledByteBufAllocatorUseCacheForAllThreads(45)) - PERFORMANCE WARNING: useCacheForAllThreads is true that may cause Netty to create a lot garbage objects and, as a result, trigger GC.
	It is recommended to disable useCacheForAllThreads by setting -Dorg.apache.ratis.thirdparty.io.netty.allocator.useCacheForAllThreads=false in command line.
2020-10-09 13:09:13,237 [Listener at 127.0.0.1/33443] INFO  grpc.GrpcConfigKeys (ConfUtils.java:logGet(44)) - raft.grpc.server.port = 0 (default)
2020-10-09 13:09:13,237 [Listener at 127.0.0.1/33443] INFO  server.GrpcService (ConfUtils.java:logGet(44)) - raft.grpc.message.size.max = 32MB (=33554432) (custom)
2020-10-09 13:09:13,237 [Listener at 127.0.0.1/33443] INFO  server.RaftServerConfigKeys (ConfUtils.java:logGet(44)) - raft.server.log.appender.buffer.byte-limit = 33554432 (custom)
2020-10-09 13:09:13,238 [Listener at 127.0.0.1/33443] INFO  server.GrpcService (ConfUtils.java:logGet(44)) - raft.grpc.flow.control.window = 5MB (=5242880) (custom)
2020-10-09 13:09:13,238 [Listener at 127.0.0.1/33443] INFO  server.RaftServerConfigKeys (ConfUtils.java:logGet(44)) - raft.server.rpc.request.timeout = 60s (custom)
2020-10-09 13:09:13,238 [Listener at 127.0.0.1/33443] INFO  server.RaftServerConfigKeys (ConfUtils.java:logGet(44)) - raft.server.storage.dir = [/github/workspace/mnt/ozone/hadoop-ozone/integration-test/target/test-dir/MiniOzoneClusterImpl-3c6d3de1-1da1-4a65-89f4-2560fa2fb7b3/datanode-4/data/ratis] (custom)
2020-10-09 13:09:13,245 [Listener at 127.0.0.1/33443] INFO  http.BaseHttpServer (BaseHttpServer.java:newHttpServer2BuilderForOzone(207)) - Starting Web-server for hddsDatanode at: http://0.0.0.0:0
2020-10-09 13:09:13,245 [Listener at 127.0.0.1/33443] INFO  http.BaseHttpServer (BaseHttpServer.java:<init>(106)) - Hadoop Security Enabled: false Ozone Security Enabled: false Ozone HTTP Security Enabled: false 
2020-10-09 13:09:13,247 [Listener at 127.0.0.1/33443] INFO  server.AuthenticationFilter (AuthenticationFilter.java:constructSecretProvider(240)) - Unable to initialize FileSignerSecretProvider, falling back to use random secrets.
2020-10-09 13:09:13,247 [Listener at 127.0.0.1/33443] WARN  http.HttpRequestLog (HttpRequestLog.java:getRequestLog(103)) - Jetty request log can only be enabled using Log4j
2020-10-09 13:09:13,248 [Listener at 127.0.0.1/33443] INFO  http.HttpServer2 (HttpServer2.java:addGlobalFilter(1019)) - Added global filter 'safety' (class=org.apache.hadoop.hdds.server.http.HttpServer2$QuotingInputFilter)
2020-10-09 13:09:13,249 [Listener at 127.0.0.1/33443] INFO  http.HttpServer2 (HttpServer2.java:addFilter(995)) - Added filter static_user_filter (class=org.apache.hadoop.http.lib.StaticUserWebFilter$StaticUserFilter) to context hddsDatanode
2020-10-09 13:09:13,249 [Listener at 127.0.0.1/33443] INFO  http.HttpServer2 (HttpServer2.java:addFilter(1003)) - Added filter static_user_filter (class=org.apache.hadoop.http.lib.StaticUserWebFilter$StaticUserFilter) to context static
2020-10-09 13:09:13,249 [Listener at 127.0.0.1/33443] INFO  http.HttpServer2 (HttpServer2.java:addFilter(1003)) - Added filter static_user_filter (class=org.apache.hadoop.http.lib.StaticUserWebFilter$StaticUserFilter) to context logs
2020-10-09 13:09:13,250 [Listener at 127.0.0.1/33443] INFO  http.HttpServer2 (HttpServer2.java:bindListener(1237)) - Jetty bound to port 42565
2020-10-09 13:09:13,250 [Listener at 127.0.0.1/33443] INFO  server.Server (Server.java:doStart(359)) - jetty-9.4.26.v20200117; built: 2020-01-17T12:35:33.676Z; git: 7b38981d25d14afb4a12ff1f2596756144edf695; jvm 1.8.0_232-b09
2020-10-09 13:09:13,250 [Listener at 127.0.0.1/33443] INFO  server.session (DefaultSessionIdManager.java:doStart(333)) - DefaultSessionIdManager workerName=node0
2020-10-09 13:09:13,251 [Listener at 127.0.0.1/33443] INFO  server.session (DefaultSessionIdManager.java:doStart(338)) - No SessionScavenger set, using defaults
2020-10-09 13:09:13,251 [Listener at 127.0.0.1/33443] INFO  server.session (HouseKeeper.java:startScavenging(140)) - node0 Scavenging every 600000ms
2020-10-09 13:09:13,252 [Listener at 127.0.0.1/33443] INFO  handler.ContextHandler (ContextHandler.java:doStart(825)) - Started o.e.j.s.ServletContextHandler@7be5e117{logs,/logs,file:///github/workspace/mnt/ozone/hadoop-ozone/integration-test/target/log,AVAILABLE}
2020-10-09 13:09:13,252 [Listener at 127.0.0.1/33443] INFO  handler.ContextHandler (ContextHandler.java:doStart(825)) - Started o.e.j.s.ServletContextHandler@640b7a1a{static,/static,jar:file:/home/user/.m2/repository/org/apache/hadoop/hadoop-hdds-container-service/1.1.0-SNAPSHOT/hadoop-hdds-container-service-1.1.0-SNAPSHOT.jar!/webapps/static,AVAILABLE}
2020-10-09 13:09:13,374 [Listener at 127.0.0.1/33443] INFO  handler.ContextHandler (ContextHandler.java:doStart(825)) - Started o.e.j.w.WebAppContext@5c8a7150{hddsDatanode,/,file:///tmp/jetty-0_0_0_0-42565-hadoop-hdds-container-service-1_1_0-SNAPSHOT_jar-_-any-7559555548019355353.dir/webapp/,AVAILABLE}{jar:file:/home/user/.m2/repository/org/apache/hadoop/hadoop-hdds-container-service/1.1.0-SNAPSHOT/hadoop-hdds-container-service-1.1.0-SNAPSHOT.jar!/webapps/hddsDatanode}
2020-10-09 13:09:13,375 [Listener at 127.0.0.1/33443] INFO  server.AbstractConnector (AbstractConnector.java:doStart(330)) - Started ServerConnector@58f45dcc{HTTP/1.1,[http/1.1]}{0.0.0.0:42565}
2020-10-09 13:09:13,376 [Listener at 127.0.0.1/33443] INFO  server.Server (Server.java:doStart(399)) - Started @43889ms
2020-10-09 13:09:13,376 [Listener at 127.0.0.1/33443] WARN  impl.MetricsSystemImpl (MetricsSystemImpl.java:register(276)) - Sink prometheus already exists!
2020-10-09 13:09:13,381 [Listener at 127.0.0.1/33443] INFO  http.BaseHttpServer (BaseHttpServer.java:updateConnectorAddress(327)) - HTTP server of hddsDatanode listening at http://0.0.0.0:42565
2020-10-09 13:09:13,383 [Listener at 127.0.0.1/33443] INFO  impl.MetricsSystemImpl (MetricsSystemImpl.java:init(158)) - HddsDatanode metrics system started (again)
2020-10-09 13:09:13,384 [Listener at 127.0.0.1/33443] INFO  ozone.HddsDatanodeService (HddsDatanodeService.java:start(217)) - HddsDatanodeService host:01daa2e02541 ip:172.17.0.2
2020-10-09 13:09:13,385 [Listener at 127.0.0.1/33443] INFO  volume.HddsVolume (HddsVolume.java:<init>(176)) - Creating Volume: /github/workspace/mnt/ozone/hadoop-ozone/integration-test/target/test-dir/MiniOzoneClusterImpl-3c6d3de1-1da1-4a65-89f4-2560fa2fb7b3/datanode-5/data-0/containers/hdds of storage type : DISK and capacity : 9223372036854775807
2020-10-09 13:09:13,385 [Listener at 127.0.0.1/33443] INFO  volume.MutableVolumeSet (MutableVolumeSet.java:initializeVolumeSet(179)) - Added Volume : /github/workspace/mnt/ozone/hadoop-ozone/integration-test/target/test-dir/MiniOzoneClusterImpl-3c6d3de1-1da1-4a65-89f4-2560fa2fb7b3/datanode-5/data-0/containers/hdds to VolumeSet
2020-10-09 13:09:13,385 [Listener at 127.0.0.1/33443] INFO  volume.ThrottledAsyncChecker (ThrottledAsyncChecker.java:schedule(141)) - Scheduling a check for /github/workspace/mnt/ozone/hadoop-ozone/integration-test/target/test-dir/MiniOzoneClusterImpl-3c6d3de1-1da1-4a65-89f4-2560fa2fb7b3/datanode-5/data-0/containers/hdds
2020-10-09 13:09:13,388 [Listener at 127.0.0.1/33443] INFO  volume.HddsVolumeChecker (HddsVolumeChecker.java:checkAllVolumes(200)) - Scheduled health check for volume /github/workspace/mnt/ozone/hadoop-ozone/integration-test/target/test-dir/MiniOzoneClusterImpl-3c6d3de1-1da1-4a65-89f4-2560fa2fb7b3/datanode-5/data-0/containers/hdds
2020-10-09 13:09:13,396 [org.apache.hadoop.util.JvmPauseMonitor$Monitor@752ee8bc] INFO  util.JvmPauseMonitor (JvmPauseMonitor.java:run(188)) - Starting JVM pause monitor
2020-10-09 13:09:13,400 [Thread-534] INFO  ozoneimpl.ContainerReader (ContainerReader.java:readVolume(123)) - Start to verify containers on volume /github/workspace/mnt/ozone/hadoop-ozone/integration-test/target/test-dir/MiniOzoneClusterImpl-3c6d3de1-1da1-4a65-89f4-2560fa2fb7b3/datanode-5/data-0/containers/hdds
2020-10-09 13:09:13,400 [Thread-534] INFO  ozoneimpl.ContainerReader (ContainerReader.java:readVolume(148)) - Finish verifying containers on volume /github/workspace/mnt/ozone/hadoop-ozone/integration-test/target/test-dir/MiniOzoneClusterImpl-3c6d3de1-1da1-4a65-89f4-2560fa2fb7b3/datanode-5/data-0/containers/hdds
2020-10-09 13:09:13,400 [Listener at 127.0.0.1/33443] INFO  ozoneimpl.OzoneContainer (OzoneContainer.java:buildContainerSet(196)) - Build ContainerSet costs 0s
2020-10-09 13:09:13,402 [Listener at 127.0.0.1/33443] INFO  impl.RaftServerProxy (ConfUtils.java:logGet(44)) - raft.rpc.type = GRPC (default)
2020-10-09 13:09:13,402 [Listener at 127.0.0.1/33443] INFO  grpc.GrpcFactory (GrpcFactory.java:checkPooledByteBufAllocatorUseCacheForAllThreads(45)) - PERFORMANCE WARNING: useCacheForAllThreads is true that may cause Netty to create a lot garbage objects and, as a result, trigger GC.
	It is recommended to disable useCacheForAllThreads by setting -Dorg.apache.ratis.thirdparty.io.netty.allocator.useCacheForAllThreads=false in command line.
2020-10-09 13:09:13,402 [Listener at 127.0.0.1/33443] INFO  grpc.GrpcConfigKeys (ConfUtils.java:logGet(44)) - raft.grpc.server.port = 0 (default)
2020-10-09 13:09:13,402 [Listener at 127.0.0.1/33443] INFO  server.GrpcService (ConfUtils.java:logGet(44)) - raft.grpc.message.size.max = 32MB (=33554432) (custom)
2020-10-09 13:09:13,402 [Listener at 127.0.0.1/33443] INFO  server.RaftServerConfigKeys (ConfUtils.java:logGet(44)) - raft.server.log.appender.buffer.byte-limit = 33554432 (custom)
2020-10-09 13:09:13,403 [Listener at 127.0.0.1/33443] INFO  server.GrpcService (ConfUtils.java:logGet(44)) - raft.grpc.flow.control.window = 5MB (=5242880) (custom)
2020-10-09 13:09:13,403 [Listener at 127.0.0.1/33443] INFO  server.RaftServerConfigKeys (ConfUtils.java:logGet(44)) - raft.server.rpc.request.timeout = 60s (custom)
2020-10-09 13:09:13,403 [Listener at 127.0.0.1/33443] INFO  server.RaftServerConfigKeys (ConfUtils.java:logGet(44)) - raft.server.storage.dir = [/github/workspace/mnt/ozone/hadoop-ozone/integration-test/target/test-dir/MiniOzoneClusterImpl-3c6d3de1-1da1-4a65-89f4-2560fa2fb7b3/datanode-5/data/ratis] (custom)
2020-10-09 13:09:13,405 [Datanode State Machine Task Thread - 0] INFO  datanode.InitDatanodeState (InitDatanodeState.java:persistContainerDatanodeDetails(145)) - DatanodeDetails is persisted to /github/workspace/mnt/ozone/hadoop-ozone/integration-test/target/test-dir/MiniOzoneClusterImpl-3c6d3de1-1da1-4a65-89f4-2560fa2fb7b3/datanode-4/meta/datanode.id
2020-10-09 13:09:13,410 [Listener at 127.0.0.1/33443] INFO  http.BaseHttpServer (BaseHttpServer.java:newHttpServer2BuilderForOzone(207)) - Starting Web-server for hddsDatanode at: http://0.0.0.0:0
2020-10-09 13:09:13,410 [Listener at 127.0.0.1/33443] INFO  http.BaseHttpServer (BaseHttpServer.java:<init>(106)) - Hadoop Security Enabled: false Ozone Security Enabled: false Ozone HTTP Security Enabled: false 
2020-10-09 13:09:13,411 [Listener at 127.0.0.1/33443] INFO  server.AuthenticationFilter (AuthenticationFilter.java:constructSecretProvider(240)) - Unable to initialize FileSignerSecretProvider, falling back to use random secrets.
2020-10-09 13:09:13,411 [Listener at 127.0.0.1/33443] WARN  http.HttpRequestLog (HttpRequestLog.java:getRequestLog(103)) - Jetty request log can only be enabled using Log4j
2020-10-09 13:09:13,412 [Listener at 127.0.0.1/33443] INFO  http.HttpServer2 (HttpServer2.java:addGlobalFilter(1019)) - Added global filter 'safety' (class=org.apache.hadoop.hdds.server.http.HttpServer2$QuotingInputFilter)
2020-10-09 13:09:13,412 [Listener at 127.0.0.1/33443] INFO  http.HttpServer2 (HttpServer2.java:addFilter(995)) - Added filter static_user_filter (class=org.apache.hadoop.http.lib.StaticUserWebFilter$StaticUserFilter) to context hddsDatanode
2020-10-09 13:09:13,412 [Listener at 127.0.0.1/33443] INFO  http.HttpServer2 (HttpServer2.java:addFilter(1003)) - Added filter static_user_filter (class=org.apache.hadoop.http.lib.StaticUserWebFilter$StaticUserFilter) to context static
2020-10-09 13:09:13,412 [Listener at 127.0.0.1/33443] INFO  http.HttpServer2 (HttpServer2.java:addFilter(1003)) - Added filter static_user_filter (class=org.apache.hadoop.http.lib.StaticUserWebFilter$StaticUserFilter) to context logs
2020-10-09 13:09:13,413 [Listener at 127.0.0.1/33443] INFO  http.HttpServer2 (HttpServer2.java:bindListener(1237)) - Jetty bound to port 39517
2020-10-09 13:09:13,413 [Listener at 127.0.0.1/33443] INFO  server.Server (Server.java:doStart(359)) - jetty-9.4.26.v20200117; built: 2020-01-17T12:35:33.676Z; git: 7b38981d25d14afb4a12ff1f2596756144edf695; jvm 1.8.0_232-b09
2020-10-09 13:09:13,416 [Listener at 127.0.0.1/33443] INFO  server.session (DefaultSessionIdManager.java:doStart(333)) - DefaultSessionIdManager workerName=node0
2020-10-09 13:09:13,416 [Listener at 127.0.0.1/33443] INFO  server.session (DefaultSessionIdManager.java:doStart(338)) - No SessionScavenger set, using defaults
2020-10-09 13:09:13,416 [Listener at 127.0.0.1/33443] INFO  server.session (HouseKeeper.java:startScavenging(140)) - node0 Scavenging every 660000ms
2020-10-09 13:09:13,417 [Listener at 127.0.0.1/33443] INFO  handler.ContextHandler (ContextHandler.java:doStart(825)) - Started o.e.j.s.ServletContextHandler@6e1cb578{logs,/logs,file:///github/workspace/mnt/ozone/hadoop-ozone/integration-test/target/log,AVAILABLE}
2020-10-09 13:09:13,417 [Listener at 127.0.0.1/33443] INFO  handler.ContextHandler (ContextHandler.java:doStart(825)) - Started o.e.j.s.ServletContextHandler@2002a440{static,/static,jar:file:/home/user/.m2/repository/org/apache/hadoop/hadoop-hdds-container-service/1.1.0-SNAPSHOT/hadoop-hdds-container-service-1.1.0-SNAPSHOT.jar!/webapps/static,AVAILABLE}
2020-10-09 13:09:13,549 [Listener at 127.0.0.1/33443] INFO  handler.ContextHandler (ContextHandler.java:doStart(825)) - Started o.e.j.w.WebAppContext@43bb1eb{hddsDatanode,/,file:///tmp/jetty-0_0_0_0-39517-hadoop-hdds-container-service-1_1_0-SNAPSHOT_jar-_-any-5271724907420678248.dir/webapp/,AVAILABLE}{jar:file:/home/user/.m2/repository/org/apache/hadoop/hadoop-hdds-container-service/1.1.0-SNAPSHOT/hadoop-hdds-container-service-1.1.0-SNAPSHOT.jar!/webapps/hddsDatanode}
2020-10-09 13:09:13,550 [Listener at 127.0.0.1/33443] INFO  server.AbstractConnector (AbstractConnector.java:doStart(330)) - Started ServerConnector@752110b{HTTP/1.1,[http/1.1]}{0.0.0.0:39517}
2020-10-09 13:09:13,550 [Listener at 127.0.0.1/33443] INFO  server.Server (Server.java:doStart(399)) - Started @44063ms
2020-10-09 13:09:13,550 [Listener at 127.0.0.1/33443] WARN  impl.MetricsSystemImpl (MetricsSystemImpl.java:register(276)) - Sink prometheus already exists!
2020-10-09 13:09:13,554 [Listener at 127.0.0.1/33443] INFO  http.BaseHttpServer (BaseHttpServer.java:updateConnectorAddress(327)) - HTTP server of hddsDatanode listening at http://0.0.0.0:39517
2020-10-09 13:09:13,556 [Listener at 127.0.0.1/33443] INFO  impl.MetricsSystemImpl (MetricsSystemImpl.java:init(158)) - HddsDatanode metrics system started (again)
2020-10-09 13:09:13,558 [Listener at 127.0.0.1/33443] INFO  ozone.HddsDatanodeService (HddsDatanodeService.java:start(217)) - HddsDatanodeService host:01daa2e02541 ip:172.17.0.2
2020-10-09 13:09:13,558 [org.apache.hadoop.util.JvmPauseMonitor$Monitor@6c0390ab] INFO  util.JvmPauseMonitor (JvmPauseMonitor.java:run(188)) - Starting JVM pause monitor
2020-10-09 13:09:13,559 [Datanode State Machine Task Thread - 0] INFO  datanode.InitDatanodeState (InitDatanodeState.java:persistContainerDatanodeDetails(145)) - DatanodeDetails is persisted to /github/workspace/mnt/ozone/hadoop-ozone/integration-test/target/test-dir/MiniOzoneClusterImpl-3c6d3de1-1da1-4a65-89f4-2560fa2fb7b3/datanode-5/meta/datanode.id
2020-10-09 13:09:13,560 [Listener at 127.0.0.1/33443] INFO  volume.HddsVolume (HddsVolume.java:<init>(176)) - Creating Volume: /github/workspace/mnt/ozone/hadoop-ozone/integration-test/target/test-dir/MiniOzoneClusterImpl-3c6d3de1-1da1-4a65-89f4-2560fa2fb7b3/datanode-6/data-0/containers/hdds of storage type : DISK and capacity : 9223372036854775807
2020-10-09 13:09:13,560 [Listener at 127.0.0.1/33443] INFO  volume.MutableVolumeSet (MutableVolumeSet.java:initializeVolumeSet(179)) - Added Volume : /github/workspace/mnt/ozone/hadoop-ozone/integration-test/target/test-dir/MiniOzoneClusterImpl-3c6d3de1-1da1-4a65-89f4-2560fa2fb7b3/datanode-6/data-0/containers/hdds to VolumeSet
2020-10-09 13:09:13,560 [Listener at 127.0.0.1/33443] INFO  volume.ThrottledAsyncChecker (ThrottledAsyncChecker.java:schedule(141)) - Scheduling a check for /github/workspace/mnt/ozone/hadoop-ozone/integration-test/target/test-dir/MiniOzoneClusterImpl-3c6d3de1-1da1-4a65-89f4-2560fa2fb7b3/datanode-6/data-0/containers/hdds
2020-10-09 13:09:13,561 [Listener at 127.0.0.1/33443] INFO  volume.HddsVolumeChecker (HddsVolumeChecker.java:checkAllVolumes(200)) - Scheduled health check for volume /github/workspace/mnt/ozone/hadoop-ozone/integration-test/target/test-dir/MiniOzoneClusterImpl-3c6d3de1-1da1-4a65-89f4-2560fa2fb7b3/datanode-6/data-0/containers/hdds
2020-10-09 13:09:13,573 [Thread-545] INFO  ozoneimpl.ContainerReader (ContainerReader.java:readVolume(123)) - Start to verify containers on volume /github/workspace/mnt/ozone/hadoop-ozone/integration-test/target/test-dir/MiniOzoneClusterImpl-3c6d3de1-1da1-4a65-89f4-2560fa2fb7b3/datanode-6/data-0/containers/hdds
2020-10-09 13:09:13,573 [Thread-545] INFO  ozoneimpl.ContainerReader (ContainerReader.java:readVolume(148)) - Finish verifying containers on volume /github/workspace/mnt/ozone/hadoop-ozone/integration-test/target/test-dir/MiniOzoneClusterImpl-3c6d3de1-1da1-4a65-89f4-2560fa2fb7b3/datanode-6/data-0/containers/hdds
2020-10-09 13:09:13,573 [Listener at 127.0.0.1/33443] INFO  ozoneimpl.OzoneContainer (OzoneContainer.java:buildContainerSet(196)) - Build ContainerSet costs 0s
2020-10-09 13:09:13,575 [Listener at 127.0.0.1/33443] INFO  impl.RaftServerProxy (ConfUtils.java:logGet(44)) - raft.rpc.type = GRPC (default)
2020-10-09 13:09:13,575 [Listener at 127.0.0.1/33443] INFO  grpc.GrpcFactory (GrpcFactory.java:checkPooledByteBufAllocatorUseCacheForAllThreads(45)) - PERFORMANCE WARNING: useCacheForAllThreads is true that may cause Netty to create a lot garbage objects and, as a result, trigger GC.
	It is recommended to disable useCacheForAllThreads by setting -Dorg.apache.ratis.thirdparty.io.netty.allocator.useCacheForAllThreads=false in command line.
2020-10-09 13:09:13,575 [Listener at 127.0.0.1/33443] INFO  grpc.GrpcConfigKeys (ConfUtils.java:logGet(44)) - raft.grpc.server.port = 0 (default)
2020-10-09 13:09:13,575 [Listener at 127.0.0.1/33443] INFO  server.GrpcService (ConfUtils.java:logGet(44)) - raft.grpc.message.size.max = 32MB (=33554432) (custom)
2020-10-09 13:09:13,575 [Listener at 127.0.0.1/33443] INFO  server.RaftServerConfigKeys (ConfUtils.java:logGet(44)) - raft.server.log.appender.buffer.byte-limit = 33554432 (custom)
2020-10-09 13:09:13,575 [Listener at 127.0.0.1/33443] INFO  server.GrpcService (ConfUtils.java:logGet(44)) - raft.grpc.flow.control.window = 5MB (=5242880) (custom)
2020-10-09 13:09:13,576 [Listener at 127.0.0.1/33443] INFO  server.RaftServerConfigKeys (ConfUtils.java:logGet(44)) - raft.server.rpc.request.timeout = 60s (custom)
2020-10-09 13:09:13,576 [Listener at 127.0.0.1/33443] INFO  server.RaftServerConfigKeys (ConfUtils.java:logGet(44)) - raft.server.storage.dir = [/github/workspace/mnt/ozone/hadoop-ozone/integration-test/target/test-dir/MiniOzoneClusterImpl-3c6d3de1-1da1-4a65-89f4-2560fa2fb7b3/datanode-6/data/ratis] (custom)
2020-10-09 13:09:13,581 [Listener at 127.0.0.1/33443] INFO  http.BaseHttpServer (BaseHttpServer.java:newHttpServer2BuilderForOzone(207)) - Starting Web-server for hddsDatanode at: http://0.0.0.0:0
2020-10-09 13:09:13,581 [Listener at 127.0.0.1/33443] INFO  http.BaseHttpServer (BaseHttpServer.java:<init>(106)) - Hadoop Security Enabled: false Ozone Security Enabled: false Ozone HTTP Security Enabled: false 
2020-10-09 13:09:13,582 [Listener at 127.0.0.1/33443] INFO  server.AuthenticationFilter (AuthenticationFilter.java:constructSecretProvider(240)) - Unable to initialize FileSignerSecretProvider, falling back to use random secrets.
2020-10-09 13:09:13,582 [Listener at 127.0.0.1/33443] WARN  http.HttpRequestLog (HttpRequestLog.java:getRequestLog(103)) - Jetty request log can only be enabled using Log4j
2020-10-09 13:09:13,583 [Listener at 127.0.0.1/33443] INFO  http.HttpServer2 (HttpServer2.java:addGlobalFilter(1019)) - Added global filter 'safety' (class=org.apache.hadoop.hdds.server.http.HttpServer2$QuotingInputFilter)
2020-10-09 13:09:13,584 [Listener at 127.0.0.1/33443] INFO  http.HttpServer2 (HttpServer2.java:addFilter(995)) - Added filter static_user_filter (class=org.apache.hadoop.http.lib.StaticUserWebFilter$StaticUserFilter) to context hddsDatanode
2020-10-09 13:09:13,584 [Listener at 127.0.0.1/33443] INFO  http.HttpServer2 (HttpServer2.java:addFilter(1003)) - Added filter static_user_filter (class=org.apache.hadoop.http.lib.StaticUserWebFilter$StaticUserFilter) to context logs
2020-10-09 13:09:13,584 [Listener at 127.0.0.1/33443] INFO  http.HttpServer2 (HttpServer2.java:addFilter(1003)) - Added filter static_user_filter (class=org.apache.hadoop.http.lib.StaticUserWebFilter$StaticUserFilter) to context static
2020-10-09 13:09:13,584 [Listener at 127.0.0.1/33443] INFO  http.HttpServer2 (HttpServer2.java:bindListener(1237)) - Jetty bound to port 44589
2020-10-09 13:09:13,584 [Listener at 127.0.0.1/33443] INFO  server.Server (Server.java:doStart(359)) - jetty-9.4.26.v20200117; built: 2020-01-17T12:35:33.676Z; git: 7b38981d25d14afb4a12ff1f2596756144edf695; jvm 1.8.0_232-b09
2020-10-09 13:09:13,586 [Listener at 127.0.0.1/33443] INFO  server.session (DefaultSessionIdManager.java:doStart(333)) - DefaultSessionIdManager workerName=node0
2020-10-09 13:09:13,586 [Listener at 127.0.0.1/33443] INFO  server.session (DefaultSessionIdManager.java:doStart(338)) - No SessionScavenger set, using defaults
2020-10-09 13:09:13,586 [Listener at 127.0.0.1/33443] INFO  server.session (HouseKeeper.java:startScavenging(140)) - node0 Scavenging every 660000ms
2020-10-09 13:09:13,587 [Listener at 127.0.0.1/33443] INFO  handler.ContextHandler (ContextHandler.java:doStart(825)) - Started o.e.j.s.ServletContextHandler@6f8cdf2c{logs,/logs,file:///github/workspace/mnt/ozone/hadoop-ozone/integration-test/target/log,AVAILABLE}
2020-10-09 13:09:13,587 [Listener at 127.0.0.1/33443] INFO  handler.ContextHandler (ContextHandler.java:doStart(825)) - Started o.e.j.s.ServletContextHandler@59f4beb0{static,/static,jar:file:/home/user/.m2/repository/org/apache/hadoop/hadoop-hdds-container-service/1.1.0-SNAPSHOT/hadoop-hdds-container-service-1.1.0-SNAPSHOT.jar!/webapps/static,AVAILABLE}
2020-10-09 13:09:13,715 [Listener at 127.0.0.1/33443] INFO  handler.ContextHandler (ContextHandler.java:doStart(825)) - Started o.e.j.w.WebAppContext@543c7256{hddsDatanode,/,file:///tmp/jetty-0_0_0_0-44589-hadoop-hdds-container-service-1_1_0-SNAPSHOT_jar-_-any-8623446868902439269.dir/webapp/,AVAILABLE}{jar:file:/home/user/.m2/repository/org/apache/hadoop/hadoop-hdds-container-service/1.1.0-SNAPSHOT/hadoop-hdds-container-service-1.1.0-SNAPSHOT.jar!/webapps/hddsDatanode}
2020-10-09 13:09:13,716 [Listener at 127.0.0.1/33443] INFO  server.AbstractConnector (AbstractConnector.java:doStart(330)) - Started ServerConnector@7231b31{HTTP/1.1,[http/1.1]}{0.0.0.0:44589}
2020-10-09 13:09:13,716 [Listener at 127.0.0.1/33443] INFO  server.Server (Server.java:doStart(399)) - Started @44229ms
2020-10-09 13:09:13,716 [Listener at 127.0.0.1/33443] WARN  impl.MetricsSystemImpl (MetricsSystemImpl.java:register(276)) - Sink prometheus already exists!
2020-10-09 13:09:13,722 [Listener at 127.0.0.1/33443] INFO  http.BaseHttpServer (BaseHttpServer.java:updateConnectorAddress(327)) - HTTP server of hddsDatanode listening at http://0.0.0.0:44589
2020-10-09 13:09:13,723 [Listener at 127.0.0.1/33443] INFO  ozone.MiniOzoneClusterImpl (MiniOzoneClusterImpl.java:lambda$waitForClusterToBeReady$0(177)) - Waiting for nodes to be ready. Got 0 of 7 DN Heartbeats.
2020-10-09 13:09:13,723 [Listener at 127.0.0.1/33443] INFO  ozone.MiniOzoneClusterImpl (MiniOzoneClusterImpl.java:lambda$waitForClusterToBeReady$0(180)) - Waiting for cluster to exit safe mode
2020-10-09 13:09:13,728 [org.apache.hadoop.util.JvmPauseMonitor$Monitor@459f9298] INFO  util.JvmPauseMonitor (JvmPauseMonitor.java:run(188)) - Starting JVM pause monitor
2020-10-09 13:09:13,730 [Datanode State Machine Task Thread - 0] INFO  datanode.InitDatanodeState (InitDatanodeState.java:persistContainerDatanodeDetails(145)) - DatanodeDetails is persisted to /github/workspace/mnt/ozone/hadoop-ozone/integration-test/target/test-dir/MiniOzoneClusterImpl-3c6d3de1-1da1-4a65-89f4-2560fa2fb7b3/datanode-6/meta/datanode.id
2020-10-09 13:09:14,715 [Datanode State Machine Task Thread - 1] INFO  ozoneimpl.OzoneContainer (OzoneContainer.java:start(245)) - Attempting to start container services.
2020-10-09 13:09:14,715 [Datanode State Machine Task Thread - 1] INFO  ozoneimpl.OzoneContainer (OzoneContainer.java:startContainerScrub(209)) - Background container scanner has been disabled.
2020-10-09 13:09:14,715 [Datanode State Machine Task Thread - 1] INFO  ratis.XceiverServerRatis (XceiverServerRatis.java:start(440)) - Starting XceiverServerRatis 806253e9-663f-42ca-9134-07a713f9f0ba at port 0
2020-10-09 13:09:14,719 [Datanode State Machine Task Thread - 1] INFO  impl.RaftServerProxy (RaftServerProxy.java:lambda$start$3(307)) - 806253e9-663f-42ca-9134-07a713f9f0ba: start RPC server
2020-10-09 13:09:14,720 [Datanode State Machine Task Thread - 1] INFO  server.GrpcService (GrpcService.java:startImpl(177)) - 806253e9-663f-42ca-9134-07a713f9f0ba: GrpcService started, listening on 0.0.0.0/0.0.0.0:45075
2020-10-09 13:09:14,720 [Datanode State Machine Task Thread - 1] INFO  ratis.XceiverServerRatis (XceiverServerRatis.java:start(452)) - XceiverServerRatis 806253e9-663f-42ca-9134-07a713f9f0ba is started using port 45075
2020-10-09 13:09:14,721 [Datanode State Machine Task Thread - 1] INFO  server.XceiverServerGrpc (XceiverServerGrpc.java:start(145)) - XceiverServerGrpc 806253e9-663f-42ca-9134-07a713f9f0ba is started using port 35259
2020-10-09 13:09:14,724 [Listener at 127.0.0.1/33443] INFO  ozone.MiniOzoneClusterImpl (MiniOzoneClusterImpl.java:lambda$waitForClusterToBeReady$0(177)) - Waiting for nodes to be ready. Got 0 of 7 DN Heartbeats.
2020-10-09 13:09:14,724 [Listener at 127.0.0.1/33443] INFO  ozone.MiniOzoneClusterImpl (MiniOzoneClusterImpl.java:lambda$waitForClusterToBeReady$0(180)) - Waiting for cluster to exit safe mode
2020-10-09 13:09:14,881 [Datanode State Machine Task Thread - 1] INFO  ozoneimpl.OzoneContainer (OzoneContainer.java:start(245)) - Attempting to start container services.
2020-10-09 13:09:14,881 [Datanode State Machine Task Thread - 1] INFO  ozoneimpl.OzoneContainer (OzoneContainer.java:startContainerScrub(209)) - Background container scanner has been disabled.
2020-10-09 13:09:14,881 [Datanode State Machine Task Thread - 1] INFO  ratis.XceiverServerRatis (XceiverServerRatis.java:start(440)) - Starting XceiverServerRatis c898e38e-09ec-443f-8bfc-2e0e927f6f14 at port 0
2020-10-09 13:09:14,882 [Datanode State Machine Task Thread - 1] INFO  impl.RaftServerProxy (RaftServerProxy.java:lambda$start$3(307)) - c898e38e-09ec-443f-8bfc-2e0e927f6f14: start RPC server
2020-10-09 13:09:14,885 [Datanode State Machine Task Thread - 1] INFO  server.GrpcService (GrpcService.java:startImpl(177)) - c898e38e-09ec-443f-8bfc-2e0e927f6f14: GrpcService started, listening on 0.0.0.0/0.0.0.0:40791
2020-10-09 13:09:14,885 [Datanode State Machine Task Thread - 1] INFO  ratis.XceiverServerRatis (XceiverServerRatis.java:start(452)) - XceiverServerRatis c898e38e-09ec-443f-8bfc-2e0e927f6f14 is started using port 40791
2020-10-09 13:09:14,885 [Datanode State Machine Task Thread - 1] INFO  server.XceiverServerGrpc (XceiverServerGrpc.java:start(145)) - XceiverServerGrpc c898e38e-09ec-443f-8bfc-2e0e927f6f14 is started using port 38919
2020-10-09 13:09:15,042 [Datanode State Machine Task Thread - 1] INFO  ozoneimpl.OzoneContainer (OzoneContainer.java:start(245)) - Attempting to start container services.
2020-10-09 13:09:15,042 [Datanode State Machine Task Thread - 1] INFO  ozoneimpl.OzoneContainer (OzoneContainer.java:startContainerScrub(209)) - Background container scanner has been disabled.
2020-10-09 13:09:15,042 [Datanode State Machine Task Thread - 1] INFO  ratis.XceiverServerRatis (XceiverServerRatis.java:start(440)) - Starting XceiverServerRatis 35f076fd-81c9-4d49-85ba-25f227690f12 at port 0
2020-10-09 13:09:15,043 [Datanode State Machine Task Thread - 1] INFO  impl.RaftServerProxy (RaftServerProxy.java:lambda$start$3(307)) - 35f076fd-81c9-4d49-85ba-25f227690f12: start RPC server
2020-10-09 13:09:15,044 [Datanode State Machine Task Thread - 1] INFO  server.GrpcService (GrpcService.java:startImpl(177)) - 35f076fd-81c9-4d49-85ba-25f227690f12: GrpcService started, listening on 0.0.0.0/0.0.0.0:35535
2020-10-09 13:09:15,044 [Datanode State Machine Task Thread - 1] INFO  ratis.XceiverServerRatis (XceiverServerRatis.java:start(452)) - XceiverServerRatis 35f076fd-81c9-4d49-85ba-25f227690f12 is started using port 35535
2020-10-09 13:09:15,047 [Datanode State Machine Task Thread - 1] INFO  server.XceiverServerGrpc (XceiverServerGrpc.java:start(145)) - XceiverServerGrpc 35f076fd-81c9-4d49-85ba-25f227690f12 is started using port 39217
2020-10-09 13:09:15,221 [Datanode State Machine Task Thread - 1] INFO  ozoneimpl.OzoneContainer (OzoneContainer.java:start(245)) - Attempting to start container services.
2020-10-09 13:09:15,222 [Datanode State Machine Task Thread - 1] INFO  ozoneimpl.OzoneContainer (OzoneContainer.java:startContainerScrub(209)) - Background container scanner has been disabled.
2020-10-09 13:09:15,222 [Datanode State Machine Task Thread - 1] INFO  ratis.XceiverServerRatis (XceiverServerRatis.java:start(440)) - Starting XceiverServerRatis a81afdc5-1418-4294-8777-a85822e5b345 at port 0
2020-10-09 13:09:15,223 [Datanode State Machine Task Thread - 1] INFO  impl.RaftServerProxy (RaftServerProxy.java:lambda$start$3(307)) - a81afdc5-1418-4294-8777-a85822e5b345: start RPC server
2020-10-09 13:09:15,228 [Datanode State Machine Task Thread - 1] INFO  server.GrpcService (GrpcService.java:startImpl(177)) - a81afdc5-1418-4294-8777-a85822e5b345: GrpcService started, listening on 0.0.0.0/0.0.0.0:34583
2020-10-09 13:09:15,228 [Datanode State Machine Task Thread - 1] INFO  ratis.XceiverServerRatis (XceiverServerRatis.java:start(452)) - XceiverServerRatis a81afdc5-1418-4294-8777-a85822e5b345 is started using port 34583
2020-10-09 13:09:15,229 [Datanode State Machine Task Thread - 1] INFO  server.XceiverServerGrpc (XceiverServerGrpc.java:start(145)) - XceiverServerGrpc a81afdc5-1418-4294-8777-a85822e5b345 is started using port 45591
2020-10-09 13:09:15,399 [Datanode State Machine Task Thread - 1] INFO  ozoneimpl.OzoneContainer (OzoneContainer.java:start(245)) - Attempting to start container services.
2020-10-09 13:09:15,400 [Datanode State Machine Task Thread - 1] INFO  ozoneimpl.OzoneContainer (OzoneContainer.java:startContainerScrub(209)) - Background container scanner has been disabled.
2020-10-09 13:09:15,400 [Datanode State Machine Task Thread - 1] INFO  ratis.XceiverServerRatis (XceiverServerRatis.java:start(440)) - Starting XceiverServerRatis fb832d46-014a-40af-bef4-7a4864cad3bb at port 0
2020-10-09 13:09:15,401 [Datanode State Machine Task Thread - 1] INFO  impl.RaftServerProxy (RaftServerProxy.java:lambda$start$3(307)) - fb832d46-014a-40af-bef4-7a4864cad3bb: start RPC server
2020-10-09 13:09:15,402 [Datanode State Machine Task Thread - 1] INFO  server.GrpcService (GrpcService.java:startImpl(177)) - fb832d46-014a-40af-bef4-7a4864cad3bb: GrpcService started, listening on 0.0.0.0/0.0.0.0:34119
2020-10-09 13:09:15,402 [Datanode State Machine Task Thread - 1] INFO  ratis.XceiverServerRatis (XceiverServerRatis.java:start(452)) - XceiverServerRatis fb832d46-014a-40af-bef4-7a4864cad3bb is started using port 34119
2020-10-09 13:09:15,402 [Datanode State Machine Task Thread - 1] INFO  server.XceiverServerGrpc (XceiverServerGrpc.java:start(145)) - XceiverServerGrpc fb832d46-014a-40af-bef4-7a4864cad3bb is started using port 44123
2020-10-09 13:09:15,560 [Datanode State Machine Task Thread - 1] INFO  ozoneimpl.OzoneContainer (OzoneContainer.java:start(245)) - Attempting to start container services.
2020-10-09 13:09:15,560 [Datanode State Machine Task Thread - 1] INFO  ozoneimpl.OzoneContainer (OzoneContainer.java:startContainerScrub(209)) - Background container scanner has been disabled.
2020-10-09 13:09:15,560 [Datanode State Machine Task Thread - 1] INFO  ratis.XceiverServerRatis (XceiverServerRatis.java:start(440)) - Starting XceiverServerRatis d6479ada-01f6-46a2-af6c-4c5e8a8a5896 at port 0
2020-10-09 13:09:15,561 [Datanode State Machine Task Thread - 1] INFO  impl.RaftServerProxy (RaftServerProxy.java:lambda$start$3(307)) - d6479ada-01f6-46a2-af6c-4c5e8a8a5896: start RPC server
2020-10-09 13:09:15,562 [Datanode State Machine Task Thread - 1] INFO  server.GrpcService (GrpcService.java:startImpl(177)) - d6479ada-01f6-46a2-af6c-4c5e8a8a5896: GrpcService started, listening on 0.0.0.0/0.0.0.0:38307
2020-10-09 13:09:15,562 [Datanode State Machine Task Thread - 1] INFO  ratis.XceiverServerRatis (XceiverServerRatis.java:start(452)) - XceiverServerRatis d6479ada-01f6-46a2-af6c-4c5e8a8a5896 is started using port 38307
2020-10-09 13:09:15,563 [Datanode State Machine Task Thread - 1] INFO  server.XceiverServerGrpc (XceiverServerGrpc.java:start(145)) - XceiverServerGrpc d6479ada-01f6-46a2-af6c-4c5e8a8a5896 is started using port 45305
2020-10-09 13:09:15,724 [Listener at 127.0.0.1/33443] INFO  ozone.MiniOzoneClusterImpl (MiniOzoneClusterImpl.java:lambda$waitForClusterToBeReady$0(177)) - Waiting for nodes to be ready. Got 0 of 7 DN Heartbeats.
2020-10-09 13:09:15,724 [Listener at 127.0.0.1/33443] INFO  ozone.MiniOzoneClusterImpl (MiniOzoneClusterImpl.java:lambda$waitForClusterToBeReady$0(180)) - Waiting for cluster to exit safe mode
2020-10-09 13:09:15,732 [Datanode State Machine Task Thread - 1] INFO  ozoneimpl.OzoneContainer (OzoneContainer.java:start(245)) - Attempting to start container services.
2020-10-09 13:09:15,732 [Datanode State Machine Task Thread - 1] INFO  ozoneimpl.OzoneContainer (OzoneContainer.java:startContainerScrub(209)) - Background container scanner has been disabled.
2020-10-09 13:09:15,732 [Datanode State Machine Task Thread - 1] INFO  ratis.XceiverServerRatis (XceiverServerRatis.java:start(440)) - Starting XceiverServerRatis 2496a6d5-eb4d-4d52-a464-3aecd426488f at port 0
2020-10-09 13:09:15,733 [Datanode State Machine Task Thread - 1] INFO  impl.RaftServerProxy (RaftServerProxy.java:lambda$start$3(307)) - 2496a6d5-eb4d-4d52-a464-3aecd426488f: start RPC server
2020-10-09 13:09:15,734 [Datanode State Machine Task Thread - 1] INFO  server.GrpcService (GrpcService.java:startImpl(177)) - 2496a6d5-eb4d-4d52-a464-3aecd426488f: GrpcService started, listening on 0.0.0.0/0.0.0.0:34011
2020-10-09 13:09:15,734 [Datanode State Machine Task Thread - 1] INFO  ratis.XceiverServerRatis (XceiverServerRatis.java:start(452)) - XceiverServerRatis 2496a6d5-eb4d-4d52-a464-3aecd426488f is started using port 34011
2020-10-09 13:09:15,735 [Datanode State Machine Task Thread - 1] INFO  server.XceiverServerGrpc (XceiverServerGrpc.java:start(145)) - XceiverServerGrpc 2496a6d5-eb4d-4d52-a464-3aecd426488f is started using port 36627
2020-10-09 13:09:16,713 [IPC Server handler 2 on default port 34705] INFO  net.NetworkTopologyImpl (NetworkTopologyImpl.java:add(111)) - Added a new node: /default-rack/806253e9-663f-42ca-9134-07a713f9f0ba
2020-10-09 13:09:16,714 [IPC Server handler 2 on default port 34705] INFO  node.SCMNodeManager (SCMNodeManager.java:register(282)) - Registered Data node : 806253e9-663f-42ca-9134-07a713f9f0ba{ip: 172.17.0.2, host: 01daa2e02541, networkLocation: /default-rack, certSerialId: null}
2020-10-09 13:09:16,716 [EventQueue-NodeRegistrationContainerReportForContainerSafeModeRule] INFO  safemode.SCMSafeModeManager (SCMSafeModeManager.java:validateSafeModeExitRules(214)) - ContainerSafeModeRule rule is successfully validated
2020-10-09 13:09:16,716 [EventQueue-NodeRegistrationContainerReportForDataNodeSafeModeRule] INFO  safemode.SCMSafeModeManager (DataNodeSafeModeRule.java:process(71)) - SCM in safe mode. 1 DataNodes registered, 1 required.
2020-10-09 13:09:16,718 [EventQueue-NodeRegistrationContainerReportForDataNodeSafeModeRule] INFO  safemode.SCMSafeModeManager (SCMSafeModeManager.java:validateSafeModeExitRules(214)) - DataNodeSafeModeRule rule is successfully validated
2020-10-09 13:09:16,718 [EventQueue-NodeRegistrationContainerReportForDataNodeSafeModeRule] INFO  safemode.SCMSafeModeManager (SCMSafeModeManager.java:completePreCheck(242)) - All SCM safe mode pre check rules have passed
2020-10-09 13:09:16,718 [RatisPipelineUtilsThread] INFO  pipeline.RatisPipelineProvider (RatisPipelineProvider.java:lambda$create$0(138)) - Sending CreatePipelineCommand for pipeline:PipelineID=02cbea50-f4a4-4954-aeaa-382996ac8cc6 to datanode:806253e9-663f-42ca-9134-07a713f9f0ba
2020-10-09 13:09:16,719 [RatisPipelineUtilsThread] INFO  pipeline.PipelineStateManager (PipelineStateManager.java:addPipeline(54)) - Created pipeline Pipeline[ Id: 02cbea50-f4a4-4954-aeaa-382996ac8cc6, Nodes: 806253e9-663f-42ca-9134-07a713f9f0ba{ip: 172.17.0.2, host: 01daa2e02541, networkLocation: /default-rack, certSerialId: null}, Type:RATIS, Factor:ONE, State:ALLOCATED, leaderId:, CreationTimestamp2020-10-09T13:09:16.718Z]
2020-10-09 13:09:16,719 [RatisPipelineUtilsThread] WARN  pipeline.PipelinePlacementPolicy (PipelinePlacementPolicy.java:filterViableNodes(138)) - Pipeline creation failed due to no sufficient healthy datanodes. Required 3. Found 1.
2020-10-09 13:09:16,725 [Listener at 127.0.0.1/33443] INFO  ozone.MiniOzoneClusterImpl (MiniOzoneClusterImpl.java:lambda$waitForClusterToBeReady$0(177)) - Waiting for nodes to be ready. Got 1 of 7 DN Heartbeats.
2020-10-09 13:09:16,725 [Listener at 127.0.0.1/33443] INFO  ozone.MiniOzoneClusterImpl (MiniOzoneClusterImpl.java:lambda$waitForClusterToBeReady$0(180)) - Waiting for cluster to exit safe mode
2020-10-09 13:09:16,879 [IPC Server handler 3 on default port 34705] INFO  net.NetworkTopologyImpl (NetworkTopologyImpl.java:add(111)) - Added a new node: /default-rack/c898e38e-09ec-443f-8bfc-2e0e927f6f14
2020-10-09 13:09:16,879 [IPC Server handler 3 on default port 34705] INFO  node.SCMNodeManager (SCMNodeManager.java:register(282)) - Registered Data node : c898e38e-09ec-443f-8bfc-2e0e927f6f14{ip: 172.17.0.2, host: 01daa2e02541, networkLocation: /default-rack, certSerialId: null}
2020-10-09 13:09:16,880 [EventQueue-NodeRegistrationContainerReportForContainerSafeModeRule] INFO  safemode.SCMSafeModeManager (SCMSafeModeManager.java:validateSafeModeExitRules(214)) - ContainerSafeModeRule rule is successfully validated
2020-10-09 13:09:16,880 [EventQueue-NodeRegistrationContainerReportForDataNodeSafeModeRule] INFO  safemode.SCMSafeModeManager (SCMSafeModeManager.java:validateSafeModeExitRules(214)) - DataNodeSafeModeRule rule is successfully validated
2020-10-09 13:09:16,881 [RatisPipelineUtilsThread] INFO  pipeline.RatisPipelineProvider (RatisPipelineProvider.java:lambda$create$0(138)) - Sending CreatePipelineCommand for pipeline:PipelineID=dadab27e-89ab-428e-8bf6-16d47ac4e272 to datanode:c898e38e-09ec-443f-8bfc-2e0e927f6f14
2020-10-09 13:09:16,881 [RatisPipelineUtilsThread] INFO  pipeline.PipelineStateManager (PipelineStateManager.java:addPipeline(54)) - Created pipeline Pipeline[ Id: dadab27e-89ab-428e-8bf6-16d47ac4e272, Nodes: c898e38e-09ec-443f-8bfc-2e0e927f6f14{ip: 172.17.0.2, host: 01daa2e02541, networkLocation: /default-rack, certSerialId: null}, Type:RATIS, Factor:ONE, State:ALLOCATED, leaderId:, CreationTimestamp2020-10-09T13:09:16.881Z]
2020-10-09 13:09:16,882 [RatisPipelineUtilsThread] WARN  pipeline.PipelinePlacementPolicy (PipelinePlacementPolicy.java:filterViableNodes(138)) - Pipeline creation failed due to no sufficient healthy datanodes. Required 3. Found 2.
2020-10-09 13:09:17,042 [IPC Server handler 4 on default port 34705] INFO  net.NetworkTopologyImpl (NetworkTopologyImpl.java:add(111)) - Added a new node: /default-rack/35f076fd-81c9-4d49-85ba-25f227690f12
2020-10-09 13:09:17,042 [IPC Server handler 4 on default port 34705] INFO  node.SCMNodeManager (SCMNodeManager.java:register(282)) - Registered Data node : 35f076fd-81c9-4d49-85ba-25f227690f12{ip: 172.17.0.2, host: 01daa2e02541, networkLocation: /default-rack, certSerialId: null}
2020-10-09 13:09:17,042 [EventQueue-NodeRegistrationContainerReportForContainerSafeModeRule] INFO  safemode.SCMSafeModeManager (SCMSafeModeManager.java:validateSafeModeExitRules(214)) - ContainerSafeModeRule rule is successfully validated
2020-10-09 13:09:17,043 [EventQueue-NodeRegistrationContainerReportForDataNodeSafeModeRule] INFO  safemode.SCMSafeModeManager (SCMSafeModeManager.java:validateSafeModeExitRules(214)) - DataNodeSafeModeRule rule is successfully validated
2020-10-09 13:09:17,044 [RatisPipelineUtilsThread] INFO  pipeline.RatisPipelineProvider (RatisPipelineProvider.java:lambda$create$0(138)) - Sending CreatePipelineCommand for pipeline:PipelineID=06b70b34-0e25-4487-abbc-290dd5e9e2ab to datanode:35f076fd-81c9-4d49-85ba-25f227690f12
2020-10-09 13:09:17,044 [RatisPipelineUtilsThread] INFO  pipeline.PipelineStateManager (PipelineStateManager.java:addPipeline(54)) - Created pipeline Pipeline[ Id: 06b70b34-0e25-4487-abbc-290dd5e9e2ab, Nodes: 35f076fd-81c9-4d49-85ba-25f227690f12{ip: 172.17.0.2, host: 01daa2e02541, networkLocation: /default-rack, certSerialId: null}, Type:RATIS, Factor:ONE, State:ALLOCATED, leaderId:, CreationTimestamp2020-10-09T13:09:17.044Z]
2020-10-09 13:09:17,045 [RatisPipelineUtilsThread] INFO  pipeline.RatisPipelineProvider (RatisPipelineProvider.java:lambda$create$0(138)) - Sending CreatePipelineCommand for pipeline:PipelineID=6ff09228-2254-425a-803c-e53d4a471d87 to datanode:c898e38e-09ec-443f-8bfc-2e0e927f6f14
2020-10-09 13:09:17,045 [RatisPipelineUtilsThread] INFO  pipeline.RatisPipelineProvider (RatisPipelineProvider.java:lambda$create$0(138)) - Sending CreatePipelineCommand for pipeline:PipelineID=6ff09228-2254-425a-803c-e53d4a471d87 to datanode:806253e9-663f-42ca-9134-07a713f9f0ba
2020-10-09 13:09:17,045 [RatisPipelineUtilsThread] INFO  pipeline.RatisPipelineProvider (RatisPipelineProvider.java:lambda$create$0(138)) - Sending CreatePipelineCommand for pipeline:PipelineID=6ff09228-2254-425a-803c-e53d4a471d87 to datanode:35f076fd-81c9-4d49-85ba-25f227690f12
2020-10-09 13:09:17,046 [RatisPipelineUtilsThread] INFO  pipeline.PipelineStateManager (PipelineStateManager.java:addPipeline(54)) - Created pipeline Pipeline[ Id: 6ff09228-2254-425a-803c-e53d4a471d87, Nodes: c898e38e-09ec-443f-8bfc-2e0e927f6f14{ip: 172.17.0.2, host: 01daa2e02541, networkLocation: /default-rack, certSerialId: null}806253e9-663f-42ca-9134-07a713f9f0ba{ip: 172.17.0.2, host: 01daa2e02541, networkLocation: /default-rack, certSerialId: null}35f076fd-81c9-4d49-85ba-25f227690f12{ip: 172.17.0.2, host: 01daa2e02541, networkLocation: /default-rack, certSerialId: null}, Type:RATIS, Factor:THREE, State:ALLOCATED, leaderId:, CreationTimestamp2020-10-09T13:09:17.045Z]
2020-10-09 13:09:17,221 [IPC Server handler 5 on default port 34705] INFO  net.NetworkTopologyImpl (NetworkTopologyImpl.java:add(111)) - Added a new node: /default-rack/a81afdc5-1418-4294-8777-a85822e5b345
2020-10-09 13:09:17,221 [IPC Server handler 5 on default port 34705] INFO  node.SCMNodeManager (SCMNodeManager.java:register(282)) - Registered Data node : a81afdc5-1418-4294-8777-a85822e5b345{ip: 172.17.0.2, host: 01daa2e02541, networkLocation: /default-rack, certSerialId: null}
2020-10-09 13:09:17,221 [EventQueue-NodeRegistrationContainerReportForContainerSafeModeRule] INFO  safemode.SCMSafeModeManager (SCMSafeModeManager.java:validateSafeModeExitRules(214)) - ContainerSafeModeRule rule is successfully validated
2020-10-09 13:09:17,223 [EventQueue-NodeRegistrationContainerReportForDataNodeSafeModeRule] INFO  safemode.SCMSafeModeManager (SCMSafeModeManager.java:validateSafeModeExitRules(214)) - DataNodeSafeModeRule rule is successfully validated
2020-10-09 13:09:17,223 [RatisPipelineUtilsThread] INFO  pipeline.RatisPipelineProvider (RatisPipelineProvider.java:lambda$create$0(138)) - Sending CreatePipelineCommand for pipeline:PipelineID=eff39d32-4522-4b42-820c-85d311487b0e to datanode:a81afdc5-1418-4294-8777-a85822e5b345
2020-10-09 13:09:17,224 [RatisPipelineUtilsThread] INFO  pipeline.PipelineStateManager (PipelineStateManager.java:addPipeline(54)) - Created pipeline Pipeline[ Id: eff39d32-4522-4b42-820c-85d311487b0e, Nodes: a81afdc5-1418-4294-8777-a85822e5b345{ip: 172.17.0.2, host: 01daa2e02541, networkLocation: /default-rack, certSerialId: null}, Type:RATIS, Factor:ONE, State:ALLOCATED, leaderId:, CreationTimestamp2020-10-09T13:09:17.223Z]
2020-10-09 13:09:17,405 [IPC Server handler 1 on default port 34705] INFO  net.NetworkTopologyImpl (NetworkTopologyImpl.java:add(111)) - Added a new node: /default-rack/fb832d46-014a-40af-bef4-7a4864cad3bb
2020-10-09 13:09:17,405 [IPC Server handler 1 on default port 34705] INFO  node.SCMNodeManager (SCMNodeManager.java:register(282)) - Registered Data node : fb832d46-014a-40af-bef4-7a4864cad3bb{ip: 172.17.0.2, host: 01daa2e02541, networkLocation: /default-rack, certSerialId: null}
2020-10-09 13:09:17,406 [RatisPipelineUtilsThread] INFO  pipeline.RatisPipelineProvider (RatisPipelineProvider.java:lambda$create$0(138)) - Sending CreatePipelineCommand for pipeline:PipelineID=87856b61-c5bd-40ec-bcd1-645c64f3deb7 to datanode:fb832d46-014a-40af-bef4-7a4864cad3bb
2020-10-09 13:09:17,406 [EventQueue-NodeRegistrationContainerReportForContainerSafeModeRule] INFO  safemode.SCMSafeModeManager (SCMSafeModeManager.java:validateSafeModeExitRules(214)) - ContainerSafeModeRule rule is successfully validated
2020-10-09 13:09:17,406 [EventQueue-NodeRegistrationContainerReportForDataNodeSafeModeRule] INFO  safemode.SCMSafeModeManager (SCMSafeModeManager.java:validateSafeModeExitRules(214)) - DataNodeSafeModeRule rule is successfully validated
2020-10-09 13:09:17,406 [RatisPipelineUtilsThread] INFO  pipeline.PipelineStateManager (PipelineStateManager.java:addPipeline(54)) - Created pipeline Pipeline[ Id: 87856b61-c5bd-40ec-bcd1-645c64f3deb7, Nodes: fb832d46-014a-40af-bef4-7a4864cad3bb{ip: 172.17.0.2, host: 01daa2e02541, networkLocation: /default-rack, certSerialId: null}, Type:RATIS, Factor:ONE, State:ALLOCATED, leaderId:, CreationTimestamp2020-10-09T13:09:17.405Z]
2020-10-09 13:09:17,560 [IPC Server handler 2 on default port 34705] INFO  net.NetworkTopologyImpl (NetworkTopologyImpl.java:add(111)) - Added a new node: /default-rack/d6479ada-01f6-46a2-af6c-4c5e8a8a5896
2020-10-09 13:09:17,560 [IPC Server handler 2 on default port 34705] INFO  node.SCMNodeManager (SCMNodeManager.java:register(282)) - Registered Data node : d6479ada-01f6-46a2-af6c-4c5e8a8a5896{ip: 172.17.0.2, host: 01daa2e02541, networkLocation: /default-rack, certSerialId: null}
2020-10-09 13:09:17,561 [RatisPipelineUtilsThread] INFO  pipeline.RatisPipelineProvider (RatisPipelineProvider.java:lambda$create$0(138)) - Sending CreatePipelineCommand for pipeline:PipelineID=574f904f-c48d-48f7-bfd9-5e5c92167bf9 to datanode:d6479ada-01f6-46a2-af6c-4c5e8a8a5896
2020-10-09 13:09:17,561 [EventQueue-NodeRegistrationContainerReportForContainerSafeModeRule] INFO  safemode.SCMSafeModeManager (SCMSafeModeManager.java:validateSafeModeExitRules(214)) - ContainerSafeModeRule rule is successfully validated
2020-10-09 13:09:17,561 [EventQueue-NodeRegistrationContainerReportForDataNodeSafeModeRule] INFO  safemode.SCMSafeModeManager (SCMSafeModeManager.java:validateSafeModeExitRules(214)) - DataNodeSafeModeRule rule is successfully validated
2020-10-09 13:09:17,561 [RatisPipelineUtilsThread] INFO  pipeline.PipelineStateManager (PipelineStateManager.java:addPipeline(54)) - Created pipeline Pipeline[ Id: 574f904f-c48d-48f7-bfd9-5e5c92167bf9, Nodes: d6479ada-01f6-46a2-af6c-4c5e8a8a5896{ip: 172.17.0.2, host: 01daa2e02541, networkLocation: /default-rack, certSerialId: null}, Type:RATIS, Factor:ONE, State:ALLOCATED, leaderId:, CreationTimestamp2020-10-09T13:09:17.561Z]
2020-10-09 13:09:17,562 [RatisPipelineUtilsThread] INFO  pipeline.RatisPipelineProvider (RatisPipelineProvider.java:lambda$create$0(138)) - Sending CreatePipelineCommand for pipeline:PipelineID=9d4a6958-0a4a-4646-bfed-31c907f937b7 to datanode:d6479ada-01f6-46a2-af6c-4c5e8a8a5896
2020-10-09 13:09:17,562 [RatisPipelineUtilsThread] INFO  pipeline.RatisPipelineProvider (RatisPipelineProvider.java:lambda$create$0(138)) - Sending CreatePipelineCommand for pipeline:PipelineID=9d4a6958-0a4a-4646-bfed-31c907f937b7 to datanode:a81afdc5-1418-4294-8777-a85822e5b345
2020-10-09 13:09:17,562 [RatisPipelineUtilsThread] INFO  pipeline.RatisPipelineProvider (RatisPipelineProvider.java:lambda$create$0(138)) - Sending CreatePipelineCommand for pipeline:PipelineID=9d4a6958-0a4a-4646-bfed-31c907f937b7 to datanode:fb832d46-014a-40af-bef4-7a4864cad3bb
2020-10-09 13:09:17,562 [RatisPipelineUtilsThread] INFO  pipeline.PipelineStateManager (PipelineStateManager.java:addPipeline(54)) - Created pipeline Pipeline[ Id: 9d4a6958-0a4a-4646-bfed-31c907f937b7, Nodes: d6479ada-01f6-46a2-af6c-4c5e8a8a5896{ip: 172.17.0.2, host: 01daa2e02541, networkLocation: /default-rack, certSerialId: null}a81afdc5-1418-4294-8777-a85822e5b345{ip: 172.17.0.2, host: 01daa2e02541, networkLocation: /default-rack, certSerialId: null}fb832d46-014a-40af-bef4-7a4864cad3bb{ip: 172.17.0.2, host: 01daa2e02541, networkLocation: /default-rack, certSerialId: null}, Type:RATIS, Factor:THREE, State:ALLOCATED, leaderId:, CreationTimestamp2020-10-09T13:09:17.562Z]
2020-10-09 13:09:17,725 [Listener at 127.0.0.1/33443] INFO  ozone.MiniOzoneClusterImpl (MiniOzoneClusterImpl.java:lambda$waitForClusterToBeReady$0(177)) - Waiting for nodes to be ready. Got 6 of 7 DN Heartbeats.
2020-10-09 13:09:17,725 [Listener at 127.0.0.1/33443] INFO  ozone.MiniOzoneClusterImpl (MiniOzoneClusterImpl.java:lambda$waitForClusterToBeReady$0(180)) - Waiting for cluster to exit safe mode
2020-10-09 13:09:17,730 [IPC Server handler 3 on default port 34705] INFO  net.NetworkTopologyImpl (NetworkTopologyImpl.java:add(111)) - Added a new node: /default-rack/2496a6d5-eb4d-4d52-a464-3aecd426488f
2020-10-09 13:09:17,731 [IPC Server handler 3 on default port 34705] INFO  node.SCMNodeManager (SCMNodeManager.java:register(282)) - Registered Data node : 2496a6d5-eb4d-4d52-a464-3aecd426488f{ip: 172.17.0.2, host: 01daa2e02541, networkLocation: /default-rack, certSerialId: null}
2020-10-09 13:09:17,732 [RatisPipelineUtilsThread] INFO  pipeline.RatisPipelineProvider (RatisPipelineProvider.java:lambda$create$0(138)) - Sending CreatePipelineCommand for pipeline:PipelineID=37037c9e-d9fe-4225-b5a2-90c62601240a to datanode:2496a6d5-eb4d-4d52-a464-3aecd426488f
2020-10-09 13:09:17,732 [EventQueue-NodeRegistrationContainerReportForDataNodeSafeModeRule] INFO  safemode.SCMSafeModeManager (SCMSafeModeManager.java:validateSafeModeExitRules(214)) - DataNodeSafeModeRule rule is successfully validated
2020-10-09 13:09:17,732 [RatisPipelineUtilsThread] INFO  pipeline.PipelineStateManager (PipelineStateManager.java:addPipeline(54)) - Created pipeline Pipeline[ Id: 37037c9e-d9fe-4225-b5a2-90c62601240a, Nodes: 2496a6d5-eb4d-4d52-a464-3aecd426488f{ip: 172.17.0.2, host: 01daa2e02541, networkLocation: /default-rack, certSerialId: null}, Type:RATIS, Factor:ONE, State:ALLOCATED, leaderId:, CreationTimestamp2020-10-09T13:09:17.732Z]
2020-10-09 13:09:17,732 [EventQueue-NodeRegistrationContainerReportForContainerSafeModeRule] INFO  safemode.SCMSafeModeManager (SCMSafeModeManager.java:validateSafeModeExitRules(214)) - ContainerSafeModeRule rule is successfully validated
2020-10-09 13:09:18,726 [Listener at 127.0.0.1/33443] INFO  ozone.MiniOzoneClusterImpl (MiniOzoneClusterImpl.java:lambda$waitForClusterToBeReady$0(177)) - Nodes are ready. Got 7 of 7 DN Heartbeats.
2020-10-09 13:09:18,726 [Listener at 127.0.0.1/33443] INFO  ozone.MiniOzoneClusterImpl (MiniOzoneClusterImpl.java:lambda$waitForClusterToBeReady$0(180)) - Waiting for cluster to exit safe mode
2020-10-09 13:09:19,715 [Command processor thread] INFO  impl.RaftServerProxy (RaftServerProxy.java:addNew(92)) - 806253e9-663f-42ca-9134-07a713f9f0ba: addNew group-382996AC8CC6:[806253e9-663f-42ca-9134-07a713f9f0ba:172.17.0.2:45075:0] returns group-382996AC8CC6:java.util.concurrent.CompletableFuture@1b1a7248[Not completed]
2020-10-09 13:09:19,717 [pool-168-thread-1] INFO  impl.RaftServerImpl (RaftServerImpl.java:<init>(120)) - 806253e9-663f-42ca-9134-07a713f9f0ba: new RaftServerImpl for group-382996AC8CC6:[806253e9-663f-42ca-9134-07a713f9f0ba:172.17.0.2:45075:0] with ContainerStateMachine:uninitialized
2020-10-09 13:09:19,717 [pool-168-thread-1] INFO  server.RaftServerConfigKeys (ConfUtils.java:logGet(44)) - raft.server.rpc.timeout.min = 5s (custom)
2020-10-09 13:09:19,717 [pool-168-thread-1] INFO  server.RaftServerConfigKeys (ConfUtils.java:logGet(44)) - raft.server.rpc.timeout.max = 5200ms (custom)
2020-10-09 13:09:19,717 [pool-168-thread-1] INFO  server.RaftServerConfigKeys (ConfUtils.java:logGet(44)) - raft.server.rpcslowness.timeout = 300s (custom)
2020-10-09 13:09:19,718 [pool-168-thread-1] INFO  server.RaftServerConfigKeys (ConfUtils.java:logGet(44)) - raft.server.sleep.deviation.threshold = 300 (default)
2020-10-09 13:09:19,718 [pool-168-thread-1] INFO  server.RaftServerConfigKeys (ConfUtils.java:logGet(44)) - raft.server.log.appender.install.snapshot.enabled = false (custom)
2020-10-09 13:09:19,718 [pool-168-thread-1] INFO  impl.RaftServerImpl (ServerState.java:<init>(104)) - 806253e9-663f-42ca-9134-07a713f9f0ba@group-382996AC8CC6: ConfigurationManager, init=-1: [806253e9-663f-42ca-9134-07a713f9f0ba:172.17.0.2:45075:0], old=null, confs=<EMPTY_MAP>
2020-10-09 13:09:19,718 [pool-168-thread-1] INFO  server.RaftServerConfigKeys (ConfUtils.java:logGet(44)) - raft.server.storage.dir = [/github/workspace/mnt/ozone/hadoop-ozone/integration-test/target/test-dir/MiniOzoneClusterImpl-3c6d3de1-1da1-4a65-89f4-2560fa2fb7b3/datanode-0/data/ratis] (custom)
2020-10-09 13:09:19,718 [pool-168-thread-1] INFO  server.RaftServerConfigKeys (ConfUtils.java:logGet(44)) - raft.server.log.corruption.policy = EXCEPTION (default)
2020-10-09 13:09:19,719 [pool-168-thread-1] INFO  storage.RaftStorageDirectory (RaftStorageDirectory.java:analyzeStorage(261)) - The storage directory /github/workspace/mnt/ozone/hadoop-ozone/integration-test/target/test-dir/MiniOzoneClusterImpl-3c6d3de1-1da1-4a65-89f4-2560fa2fb7b3/datanode-0/data/ratis/02cbea50-f4a4-4954-aeaa-382996ac8cc6 does not exist. Creating ...
2020-10-09 13:09:19,720 [pool-168-thread-1] INFO  storage.RaftStorageDirectory (RaftStorageDirectory.java:tryLock(343)) - Lock on /github/workspace/mnt/ozone/hadoop-ozone/integration-test/target/test-dir/MiniOzoneClusterImpl-3c6d3de1-1da1-4a65-89f4-2560fa2fb7b3/datanode-0/data/ratis/02cbea50-f4a4-4954-aeaa-382996ac8cc6/in_use.lock acquired by nodename 19038@01daa2e02541
2020-10-09 13:09:19,721 [pool-168-thread-1] INFO  storage.RaftStorage (RaftStorage.java:format(84)) - Storage directory /github/workspace/mnt/ozone/hadoop-ozone/integration-test/target/test-dir/MiniOzoneClusterImpl-3c6d3de1-1da1-4a65-89f4-2560fa2fb7b3/datanode-0/data/ratis/02cbea50-f4a4-4954-aeaa-382996ac8cc6 has been successfully formatted.
2020-10-09 13:09:19,721 [pool-168-thread-1] INFO  ratis.ContainerStateMachine (ContainerStateMachine.java:loadSnapshot(225)) - group-382996AC8CC6: The snapshot info is null. Setting the last applied indexto:(t:0, i:~)
2020-10-09 13:09:19,722 [pool-168-thread-1] INFO  server.RaftServerConfigKeys (ConfUtils.java:logGet(44)) - raft.server.notification.no-leader.timeout = 300s (custom)
2020-10-09 13:09:19,723 [pool-168-thread-1] INFO  server.RaftServerConfigKeys (ConfUtils.java:logGet(44)) - raft.server.log.use.memory = false (default)
2020-10-09 13:09:19,723 [pool-168-thread-1] INFO  server.RaftServerConfigKeys (ConfUtils.java:logGet(44)) - raft.server.log.purge.gap = 1000000 (custom)
2020-10-09 13:09:19,723 [pool-168-thread-1] INFO  metrics.RatisMetrics (RatisMetrics.java:lambda$create$0(36)) - Creating Metrics Registry : ratis.log_worker.806253e9-663f-42ca-9134-07a713f9f0ba@group-382996AC8CC6
2020-10-09 13:09:19,724 [pool-168-thread-1] INFO  server.RaftServerConfigKeys (ConfUtils.java:logGet(44)) - raft.server.log.appender.buffer.byte-limit = 33554432 (custom)
2020-10-09 13:09:19,724 [pool-168-thread-1] INFO  server.RaftServerConfigKeys (ConfUtils.java:logGet(44)) - raft.server.log.segment.size.max = 1048576 (custom)
2020-10-09 13:09:19,724 [EventQueue-PipelineReportForPipelineReportHandler] INFO  pipeline.PipelineStateManager (PipelineStateManager.java:openPipeline(131)) - Pipeline Pipeline[ Id: 02cbea50-f4a4-4954-aeaa-382996ac8cc6, Nodes: 806253e9-663f-42ca-9134-07a713f9f0ba{ip: 172.17.0.2, host: 01daa2e02541, networkLocation: /default-rack, certSerialId: null}, Type:RATIS, Factor:ONE, State:ALLOCATED, leaderId:806253e9-663f-42ca-9134-07a713f9f0ba, CreationTimestamp2020-10-09T13:09:16.718Z] moved to OPEN state
2020-10-09 13:09:19,724 [pool-168-thread-1] INFO  server.RaftServerConfigKeys (ConfUtils.java:logGet(44)) - raft.server.log.segment.cache.num.max = 2 (custom)
2020-10-09 13:09:19,724 [pool-168-thread-1] INFO  segmented.SegmentedRaftLogWorker (SegmentedRaftLogWorker.java:<init>(180)) - new 806253e9-663f-42ca-9134-07a713f9f0ba@group-382996AC8CC6-SegmentedRaftLogWorker for RaftStorage:Storage Directory /github/workspace/mnt/ozone/hadoop-ozone/integration-test/target/test-dir/MiniOzoneClusterImpl-3c6d3de1-1da1-4a65-89f4-2560fa2fb7b3/datanode-0/data/ratis/02cbea50-f4a4-4954-aeaa-382996ac8cc6
2020-10-09 13:09:19,724 [pool-168-thread-1] INFO  server.RaftServerConfigKeys (ConfUtils.java:logGet(44)) - raft.server.log.queue.byte-limit = 2147483647 (custom)
2020-10-09 13:09:19,725 [pool-168-thread-1] INFO  server.RaftServerConfigKeys (ConfUtils.java:logGet(44)) - raft.server.log.queue.element-limit = 1024 (custom)
2020-10-09 13:09:19,725 [pool-168-thread-1] INFO  server.RaftServerConfigKeys (ConfUtils.java:logGet(44)) - raft.server.log.segment.size.max = 1048576 (custom)
2020-10-09 13:09:19,725 [pool-168-thread-1] INFO  server.RaftServerConfigKeys (ConfUtils.java:logGet(44)) - raft.server.log.preallocated.size = 16384 (custom)
2020-10-09 13:09:19,725 [pool-168-thread-1] INFO  server.RaftServerConfigKeys (ConfUtils.java:logGet(44)) - raft.server.log.write.buffer.size = 1048576 (custom)
2020-10-09 13:09:19,725 [pool-168-thread-1] INFO  server.RaftServerConfigKeys (ConfUtils.java:logGet(44)) - raft.server.log.force.sync.num = 128 (default)
2020-10-09 13:09:19,725 [pool-168-thread-1] INFO  server.RaftServerConfigKeys (ConfUtils.java:logGet(44)) - raft.server.log.statemachine.data.sync = true (default)
2020-10-09 13:09:19,725 [EventQueue-OpenPipelineForHealthyPipelineSafeModeRule] INFO  safemode.SCMSafeModeManager (HealthyPipelineSafeModeRule.java:process(129)) - SCM in safe mode. Healthy pipelines reported count is 0, required healthy pipeline reported count is 1
2020-10-09 13:09:19,725 [pool-168-thread-1] INFO  server.RaftServerConfigKeys (ConfUtils.java:logGet(44)) - raft.server.log.statemachine.data.sync.timeout = 10s (default)
2020-10-09 13:09:19,726 [pool-168-thread-1] INFO  server.RaftServerConfigKeys (ConfUtils.java:logGet(44)) - raft.server.log.statemachine.data.sync.timeout.retry = -1 (default)
2020-10-09 13:09:19,726 [Listener at 127.0.0.1/33443] INFO  ozone.MiniOzoneClusterImpl (MiniOzoneClusterImpl.java:lambda$waitForClusterToBeReady$0(177)) - Nodes are ready. Got 7 of 7 DN Heartbeats.
2020-10-09 13:09:19,726 [Listener at 127.0.0.1/33443] INFO  ozone.MiniOzoneClusterImpl (MiniOzoneClusterImpl.java:lambda$waitForClusterToBeReady$0(180)) - Waiting for cluster to exit safe mode
2020-10-09 13:09:19,727 [pool-168-thread-1] INFO  server.RaftServerConfigKeys (ConfUtils.java:logGet(44)) - raft.server.log.statemachine.data.caching.enabled = true (custom)
2020-10-09 13:09:19,727 [pool-168-thread-1] INFO  segmented.SegmentedRaftLogWorker (SegmentedRaftLogWorker.java:lambda$new$0(129)) - 806253e9-663f-42ca-9134-07a713f9f0ba@group-382996AC8CC6-SegmentedRaftLogWorker: flushIndex: setUnconditionally 0 -> -1
2020-10-09 13:09:19,727 [pool-168-thread-1] INFO  segmented.SegmentedRaftLogWorker (SegmentedRaftLogWorker.java:lambda$new$0(129)) - 806253e9-663f-42ca-9134-07a713f9f0ba@group-382996AC8CC6-SegmentedRaftLogWorker: safeCacheEvictIndex: setUnconditionally 0 -> -1
2020-10-09 13:09:19,727 [pool-168-thread-1] INFO  server.RaftServerConfigKeys (ConfUtils.java:logGet(44)) - raft.server.snapshot.auto.trigger.enabled = true (custom)
2020-10-09 13:09:19,728 [pool-168-thread-1] INFO  server.RaftServerConfigKeys (ConfUtils.java:logGet(44)) - raft.server.snapshot.auto.trigger.threshold = 10000 (custom)
2020-10-09 13:09:19,728 [pool-168-thread-1] INFO  server.RaftServerConfigKeys (ConfUtils.java:logGet(44)) - raft.server.snapshot.retention.file.num = 5 (custom)
2020-10-09 13:09:19,728 [pool-168-thread-1] INFO  server.RaftServerConfigKeys (ConfUtils.java:logGet(44)) - raft.server.log.purge.upto.snapshot.index = false (default)
2020-10-09 13:09:19,728 [pool-168-thread-1] INFO  server.RaftServerConfigKeys (ConfUtils.java:logGet(44)) - raft.server.retrycache.expirytime = 600000ms (custom)
2020-10-09 13:09:19,728 [pool-168-thread-1] INFO  metrics.RatisMetrics (RatisMetrics.java:lambda$create$0(36)) - Creating Metrics Registry : ratis.leader_election.806253e9-663f-42ca-9134-07a713f9f0ba@group-382996AC8CC6
2020-10-09 13:09:19,729 [pool-168-thread-1] INFO  metrics.RatisMetrics (RatisMetrics.java:lambda$create$0(36)) - Creating Metrics Registry : ratis.server.806253e9-663f-42ca-9134-07a713f9f0ba@group-382996AC8CC6
2020-10-09 13:09:19,730 [pool-168-thread-1] INFO  impl.RaftServerImpl (RaftServerImpl.java:start(209)) - 806253e9-663f-42ca-9134-07a713f9f0ba@group-382996AC8CC6: start as a follower, conf=-1: [806253e9-663f-42ca-9134-07a713f9f0ba:172.17.0.2:45075:0], old=null
2020-10-09 13:09:19,730 [pool-168-thread-1] INFO  impl.RaftServerImpl (RaftServerImpl.java:setRole(198)) - 806253e9-663f-42ca-9134-07a713f9f0ba@group-382996AC8CC6: changes role from      null to FOLLOWER at term 0 for startAsFollower
2020-10-09 13:09:19,731 [pool-168-thread-1] INFO  impl.RoleInfo (RoleInfo.java:updateAndGet(143)) - 806253e9-663f-42ca-9134-07a713f9f0ba: start FollowerState
2020-10-09 13:09:19,731 [EventQueue-OpenPipelineForOneReplicaPipelineSafeModeRule] INFO  safemode.SCMSafeModeManager (SCMSafeModeManager.java:validateSafeModeExitRules(214)) - AtleastOneDatanodeReportedRule rule is successfully validated
2020-10-09 13:09:19,731 [pool-168-thread-1] INFO  util.JmxRegister (JmxRegister.java:tryRegister(44)) - Successfully registered JMX Bean with object name Ratis:service=RaftServer,group=group-382996AC8CC6,id=806253e9-663f-42ca-9134-07a713f9f0ba
2020-10-09 13:09:19,731 [pool-168-thread-1] INFO  metrics.RatisMetrics (RatisMetrics.java:lambda$create$0(36)) - Creating Metrics Registry : ratis.state_machine.806253e9-663f-42ca-9134-07a713f9f0ba@group-382996AC8CC6
2020-10-09 13:09:19,732 [Command processor thread] INFO  commandhandler.CreatePipelineCommandHandler (CreatePipelineCommandHandler.java:handle(110)) - Created Pipeline RATIS ONE #id: "02cbea50-f4a4-4954-aeaa-382996ac8cc6"
uuid128 {
  mostSigBits: 201512241770809684
  leastSigBits: -5860810213796574010
}
.
2020-10-09 13:09:19,733 [Command processor thread] INFO  impl.RaftServerProxy (RaftServerProxy.java:addNew(92)) - 806253e9-663f-42ca-9134-07a713f9f0ba: addNew group-E53D4A471D87:[35f076fd-81c9-4d49-85ba-25f227690f12:172.17.0.2:35535:0, c898e38e-09ec-443f-8bfc-2e0e927f6f14:172.17.0.2:40791:0, 806253e9-663f-42ca-9134-07a713f9f0ba:172.17.0.2:45075:0] returns group-E53D4A471D87:java.util.concurrent.CompletableFuture@1f25e5f3[Not completed]
2020-10-09 13:09:19,733 [pool-168-thread-1] INFO  impl.RaftServerImpl (RaftServerImpl.java:<init>(120)) - 806253e9-663f-42ca-9134-07a713f9f0ba: new RaftServerImpl for group-E53D4A471D87:[35f076fd-81c9-4d49-85ba-25f227690f12:172.17.0.2:35535:0, c898e38e-09ec-443f-8bfc-2e0e927f6f14:172.17.0.2:40791:0, 806253e9-663f-42ca-9134-07a713f9f0ba:172.17.0.2:45075:0] with ContainerStateMachine:uninitialized
2020-10-09 13:09:19,733 [pool-168-thread-1] INFO  server.RaftServerConfigKeys (ConfUtils.java:logGet(44)) - raft.server.rpc.timeout.min = 5s (custom)
2020-10-09 13:09:19,733 [pool-168-thread-1] INFO  server.RaftServerConfigKeys (ConfUtils.java:logGet(44)) - raft.server.rpc.timeout.max = 5200ms (custom)
2020-10-09 13:09:19,733 [pool-168-thread-1] INFO  server.RaftServerConfigKeys (ConfUtils.java:logGet(44)) - raft.server.rpcslowness.timeout = 300s (custom)
2020-10-09 13:09:19,733 [pool-168-thread-1] INFO  server.RaftServerConfigKeys (ConfUtils.java:logGet(44)) - raft.server.sleep.deviation.threshold = 300 (default)
2020-10-09 13:09:19,734 [pool-168-thread-1] INFO  server.RaftServerConfigKeys (ConfUtils.java:logGet(44)) - raft.server.log.appender.install.snapshot.enabled = false (custom)
2020-10-09 13:09:19,734 [pool-168-thread-1] INFO  impl.RaftServerImpl (ServerState.java:<init>(104)) - 806253e9-663f-42ca-9134-07a713f9f0ba@group-E53D4A471D87: ConfigurationManager, init=-1: [35f076fd-81c9-4d49-85ba-25f227690f12:172.17.0.2:35535:0, c898e38e-09ec-443f-8bfc-2e0e927f6f14:172.17.0.2:40791:0, 806253e9-663f-42ca-9134-07a713f9f0ba:172.17.0.2:45075:0], old=null, confs=<EMPTY_MAP>
2020-10-09 13:09:19,734 [pool-168-thread-1] INFO  server.RaftServerConfigKeys (ConfUtils.java:logGet(44)) - raft.server.storage.dir = [/github/workspace/mnt/ozone/hadoop-ozone/integration-test/target/test-dir/MiniOzoneClusterImpl-3c6d3de1-1da1-4a65-89f4-2560fa2fb7b3/datanode-0/data/ratis] (custom)
2020-10-09 13:09:19,734 [pool-168-thread-1] INFO  server.RaftServerConfigKeys (ConfUtils.java:logGet(44)) - raft.server.log.corruption.policy = EXCEPTION (default)
2020-10-09 13:09:19,734 [pool-168-thread-1] INFO  storage.RaftStorageDirectory (RaftStorageDirectory.java:analyzeStorage(261)) - The storage directory /github/workspace/mnt/ozone/hadoop-ozone/integration-test/target/test-dir/MiniOzoneClusterImpl-3c6d3de1-1da1-4a65-89f4-2560fa2fb7b3/datanode-0/data/ratis/6ff09228-2254-425a-803c-e53d4a471d87 does not exist. Creating ...
2020-10-09 13:09:19,735 [pool-168-thread-1] INFO  storage.RaftStorageDirectory (RaftStorageDirectory.java:tryLock(343)) - Lock on /github/workspace/mnt/ozone/hadoop-ozone/integration-test/target/test-dir/MiniOzoneClusterImpl-3c6d3de1-1da1-4a65-89f4-2560fa2fb7b3/datanode-0/data/ratis/6ff09228-2254-425a-803c-e53d4a471d87/in_use.lock acquired by nodename 19038@01daa2e02541
2020-10-09 13:09:19,736 [pool-168-thread-1] INFO  storage.RaftStorage (RaftStorage.java:format(84)) - Storage directory /github/workspace/mnt/ozone/hadoop-ozone/integration-test/target/test-dir/MiniOzoneClusterImpl-3c6d3de1-1da1-4a65-89f4-2560fa2fb7b3/datanode-0/data/ratis/6ff09228-2254-425a-803c-e53d4a471d87 has been successfully formatted.
2020-10-09 13:09:19,736 [pool-168-thread-1] INFO  ratis.ContainerStateMachine (ContainerStateMachine.java:loadSnapshot(225)) - group-E53D4A471D87: The snapshot info is null. Setting the last applied indexto:(t:0, i:~)
2020-10-09 13:09:19,737 [pool-168-thread-1] INFO  server.RaftServerConfigKeys (ConfUtils.java:logGet(44)) - raft.server.notification.no-leader.timeout = 300s (custom)
2020-10-09 13:09:19,737 [pool-168-thread-1] INFO  server.RaftServerConfigKeys (ConfUtils.java:logGet(44)) - raft.server.log.use.memory = false (default)
2020-10-09 13:09:19,737 [pool-168-thread-1] INFO  server.RaftServerConfigKeys (ConfUtils.java:logGet(44)) - raft.server.log.purge.gap = 1000000 (custom)
2020-10-09 13:09:19,737 [pool-168-thread-1] INFO  metrics.RatisMetrics (RatisMetrics.java:lambda$create$0(36)) - Creating Metrics Registry : ratis.log_worker.806253e9-663f-42ca-9134-07a713f9f0ba@group-E53D4A471D87
2020-10-09 13:09:19,738 [pool-168-thread-1] INFO  server.RaftServerConfigKeys (ConfUtils.java:logGet(44)) - raft.server.log.appender.buffer.byte-limit = 33554432 (custom)
2020-10-09 13:09:19,738 [pool-168-thread-1] INFO  server.RaftServerConfigKeys (ConfUtils.java:logGet(44)) - raft.server.log.segment.size.max = 1048576 (custom)
2020-10-09 13:09:19,738 [pool-168-thread-1] INFO  server.RaftServerConfigKeys (ConfUtils.java:logGet(44)) - raft.server.log.segment.cache.num.max = 2 (custom)
2020-10-09 13:09:19,738 [pool-168-thread-1] INFO  segmented.SegmentedRaftLogWorker (SegmentedRaftLogWorker.java:<init>(180)) - new 806253e9-663f-42ca-9134-07a713f9f0ba@group-E53D4A471D87-SegmentedRaftLogWorker for RaftStorage:Storage Directory /github/workspace/mnt/ozone/hadoop-ozone/integration-test/target/test-dir/MiniOzoneClusterImpl-3c6d3de1-1da1-4a65-89f4-2560fa2fb7b3/datanode-0/data/ratis/6ff09228-2254-425a-803c-e53d4a471d87
2020-10-09 13:09:19,738 [pool-168-thread-1] INFO  server.RaftServerConfigKeys (ConfUtils.java:logGet(44)) - raft.server.log.queue.byte-limit = 2147483647 (custom)
2020-10-09 13:09:19,738 [pool-168-thread-1] INFO  server.RaftServerConfigKeys (ConfUtils.java:logGet(44)) - raft.server.log.queue.element-limit = 1024 (custom)
2020-10-09 13:09:19,739 [pool-168-thread-1] INFO  server.RaftServerConfigKeys (ConfUtils.java:logGet(44)) - raft.server.log.segment.size.max = 1048576 (custom)
2020-10-09 13:09:19,739 [pool-168-thread-1] INFO  server.RaftServerConfigKeys (ConfUtils.java:logGet(44)) - raft.server.log.preallocated.size = 16384 (custom)
2020-10-09 13:09:19,739 [pool-168-thread-1] INFO  server.RaftServerConfigKeys (ConfUtils.java:logGet(44)) - raft.server.log.write.buffer.size = 1048576 (custom)
2020-10-09 13:09:19,739 [pool-168-thread-1] INFO  server.RaftServerConfigKeys (ConfUtils.java:logGet(44)) - raft.server.log.force.sync.num = 128 (default)
2020-10-09 13:09:19,739 [pool-168-thread-1] INFO  server.RaftServerConfigKeys (ConfUtils.java:logGet(44)) - raft.server.log.statemachine.data.sync = true (default)
2020-10-09 13:09:19,739 [pool-168-thread-1] INFO  server.RaftServerConfigKeys (ConfUtils.java:logGet(44)) - raft.server.log.statemachine.data.sync.timeout = 10s (default)
2020-10-09 13:09:19,739 [pool-168-thread-1] INFO  server.RaftServerConfigKeys (ConfUtils.java:logGet(44)) - raft.server.log.statemachine.data.sync.timeout.retry = -1 (default)
2020-10-09 13:09:19,741 [pool-168-thread-1] INFO  server.RaftServerConfigKeys (ConfUtils.java:logGet(44)) - raft.server.log.statemachine.data.caching.enabled = true (custom)
2020-10-09 13:09:19,741 [pool-168-thread-1] INFO  segmented.SegmentedRaftLogWorker (SegmentedRaftLogWorker.java:lambda$new$0(129)) - 806253e9-663f-42ca-9134-07a713f9f0ba@group-E53D4A471D87-SegmentedRaftLogWorker: flushIndex: setUnconditionally 0 -> -1
2020-10-09 13:09:19,741 [pool-168-thread-1] INFO  segmented.SegmentedRaftLogWorker (SegmentedRaftLogWorker.java:lambda$new$0(129)) - 806253e9-663f-42ca-9134-07a713f9f0ba@group-E53D4A471D87-SegmentedRaftLogWorker: safeCacheEvictIndex: setUnconditionally 0 -> -1
2020-10-09 13:09:19,745 [pool-168-thread-1] INFO  server.RaftServerConfigKeys (ConfUtils.java:logGet(44)) - raft.server.snapshot.auto.trigger.enabled = true (custom)
2020-10-09 13:09:19,745 [pool-168-thread-1] INFO  server.RaftServerConfigKeys (ConfUtils.java:logGet(44)) - raft.server.snapshot.auto.trigger.threshold = 10000 (custom)
2020-10-09 13:09:19,745 [pool-168-thread-1] INFO  server.RaftServerConfigKeys (ConfUtils.java:logGet(44)) - raft.server.snapshot.retention.file.num = 5 (custom)
2020-10-09 13:09:19,745 [pool-168-thread-1] INFO  server.RaftServerConfigKeys (ConfUtils.java:logGet(44)) - raft.server.log.purge.upto.snapshot.index = false (default)
2020-10-09 13:09:19,745 [pool-168-thread-1] INFO  server.RaftServerConfigKeys (ConfUtils.java:logGet(44)) - raft.server.retrycache.expirytime = 600000ms (custom)
2020-10-09 13:09:19,745 [pool-168-thread-1] INFO  metrics.RatisMetrics (RatisMetrics.java:lambda$create$0(36)) - Creating Metrics Registry : ratis.leader_election.806253e9-663f-42ca-9134-07a713f9f0ba@group-E53D4A471D87
2020-10-09 13:09:19,746 [pool-168-thread-1] INFO  metrics.RatisMetrics (RatisMetrics.java:lambda$create$0(36)) - Creating Metrics Registry : ratis.server.806253e9-663f-42ca-9134-07a713f9f0ba@group-E53D4A471D87
2020-10-09 13:09:19,746 [pool-168-thread-1] INFO  impl.RaftServerImpl (RaftServerImpl.java:start(209)) - 806253e9-663f-42ca-9134-07a713f9f0ba@group-E53D4A471D87: start as a follower, conf=-1: [35f076fd-81c9-4d49-85ba-25f227690f12:172.17.0.2:35535:0, c898e38e-09ec-443f-8bfc-2e0e927f6f14:172.17.0.2:40791:0, 806253e9-663f-42ca-9134-07a713f9f0ba:172.17.0.2:45075:0], old=null
2020-10-09 13:09:19,746 [pool-168-thread-1] INFO  impl.RaftServerImpl (RaftServerImpl.java:setRole(198)) - 806253e9-663f-42ca-9134-07a713f9f0ba@group-E53D4A471D87: changes role from      null to FOLLOWER at term 0 for startAsFollower
2020-10-09 13:09:19,747 [pool-168-thread-1] INFO  impl.RoleInfo (RoleInfo.java:updateAndGet(143)) - 806253e9-663f-42ca-9134-07a713f9f0ba: start FollowerState
2020-10-09 13:09:19,747 [pool-168-thread-1] INFO  util.JmxRegister (JmxRegister.java:tryRegister(44)) - Successfully registered JMX Bean with object name Ratis:service=RaftServer,group=group-E53D4A471D87,id=806253e9-663f-42ca-9134-07a713f9f0ba
2020-10-09 13:09:19,747 [pool-168-thread-1] INFO  metrics.RatisMetrics (RatisMetrics.java:lambda$create$0(36)) - Creating Metrics Registry : ratis.state_machine.806253e9-663f-42ca-9134-07a713f9f0ba@group-E53D4A471D87
2020-10-09 13:09:19,749 [Command processor thread] INFO  metrics.RatisMetrics (RatisMetrics.java:lambda$create$0(36)) - Creating Metrics Registry : ratis.client_message_metrics.client-7246A2DC1D24->c898e38e-09ec-443f-8bfc-2e0e927f6f14
2020-10-09 13:09:19,754 [grpc-default-executor-0] INFO  metrics.RatisMetrics (RatisMetrics.java:lambda$create$0(36)) - Creating Metrics Registry : ratis.server_message_metrics.c898e38e-09ec-443f-8bfc-2e0e927f6f14
2020-10-09 13:09:19,755 [grpc-default-executor-0] INFO  impl.RaftServerProxy (RaftServerProxy.java:addNew(92)) - c898e38e-09ec-443f-8bfc-2e0e927f6f14: addNew group-E53D4A471D87:[35f076fd-81c9-4d49-85ba-25f227690f12:172.17.0.2:35535:0, c898e38e-09ec-443f-8bfc-2e0e927f6f14:172.17.0.2:40791:0, 806253e9-663f-42ca-9134-07a713f9f0ba:172.17.0.2:45075:0] returns group-E53D4A471D87:java.util.concurrent.CompletableFuture@68a1b4fe[Not completed]
2020-10-09 13:09:19,757 [pool-183-thread-1] INFO  impl.RaftServerImpl (RaftServerImpl.java:<init>(120)) - c898e38e-09ec-443f-8bfc-2e0e927f6f14: new RaftServerImpl for group-E53D4A471D87:[35f076fd-81c9-4d49-85ba-25f227690f12:172.17.0.2:35535:0, c898e38e-09ec-443f-8bfc-2e0e927f6f14:172.17.0.2:40791:0, 806253e9-663f-42ca-9134-07a713f9f0ba:172.17.0.2:45075:0] with ContainerStateMachine:uninitialized
2020-10-09 13:09:19,757 [pool-183-thread-1] INFO  server.RaftServerConfigKeys (ConfUtils.java:logGet(44)) - raft.server.rpc.timeout.min = 5s (custom)
2020-10-09 13:09:19,757 [pool-183-thread-1] INFO  server.RaftServerConfigKeys (ConfUtils.java:logGet(44)) - raft.server.rpc.timeout.max = 5200ms (custom)
2020-10-09 13:09:19,757 [pool-183-thread-1] INFO  server.RaftServerConfigKeys (ConfUtils.java:logGet(44)) - raft.server.rpcslowness.timeout = 300s (custom)
2020-10-09 13:09:19,757 [pool-183-thread-1] INFO  server.RaftServerConfigKeys (ConfUtils.java:logGet(44)) - raft.server.sleep.deviation.threshold = 300 (default)
2020-10-09 13:09:19,758 [pool-183-thread-1] INFO  server.RaftServerConfigKeys (ConfUtils.java:logGet(44)) - raft.server.log.appender.install.snapshot.enabled = false (custom)
2020-10-09 13:09:19,758 [pool-183-thread-1] INFO  impl.RaftServerImpl (ServerState.java:<init>(104)) - c898e38e-09ec-443f-8bfc-2e0e927f6f14@group-E53D4A471D87: ConfigurationManager, init=-1: [35f076fd-81c9-4d49-85ba-25f227690f12:172.17.0.2:35535:0, c898e38e-09ec-443f-8bfc-2e0e927f6f14:172.17.0.2:40791:0, 806253e9-663f-42ca-9134-07a713f9f0ba:172.17.0.2:45075:0], old=null, confs=<EMPTY_MAP>
2020-10-09 13:09:19,758 [pool-183-thread-1] INFO  server.RaftServerConfigKeys (ConfUtils.java:logGet(44)) - raft.server.storage.dir = [/github/workspace/mnt/ozone/hadoop-ozone/integration-test/target/test-dir/MiniOzoneClusterImpl-3c6d3de1-1da1-4a65-89f4-2560fa2fb7b3/datanode-1/data/ratis] (custom)
2020-10-09 13:09:19,758 [pool-183-thread-1] INFO  server.RaftServerConfigKeys (ConfUtils.java:logGet(44)) - raft.server.log.corruption.policy = EXCEPTION (default)
2020-10-09 13:09:19,758 [pool-183-thread-1] INFO  storage.RaftStorageDirectory (RaftStorageDirectory.java:analyzeStorage(261)) - The storage directory /github/workspace/mnt/ozone/hadoop-ozone/integration-test/target/test-dir/MiniOzoneClusterImpl-3c6d3de1-1da1-4a65-89f4-2560fa2fb7b3/datanode-1/data/ratis/6ff09228-2254-425a-803c-e53d4a471d87 does not exist. Creating ...
2020-10-09 13:09:19,759 [pool-183-thread-1] INFO  storage.RaftStorageDirectory (RaftStorageDirectory.java:tryLock(343)) - Lock on /github/workspace/mnt/ozone/hadoop-ozone/integration-test/target/test-dir/MiniOzoneClusterImpl-3c6d3de1-1da1-4a65-89f4-2560fa2fb7b3/datanode-1/data/ratis/6ff09228-2254-425a-803c-e53d4a471d87/in_use.lock acquired by nodename 19038@01daa2e02541
2020-10-09 13:09:19,761 [pool-183-thread-1] INFO  storage.RaftStorage (RaftStorage.java:format(84)) - Storage directory /github/workspace/mnt/ozone/hadoop-ozone/integration-test/target/test-dir/MiniOzoneClusterImpl-3c6d3de1-1da1-4a65-89f4-2560fa2fb7b3/datanode-1/data/ratis/6ff09228-2254-425a-803c-e53d4a471d87 has been successfully formatted.
2020-10-09 13:09:19,768 [pool-183-thread-1] INFO  ratis.ContainerStateMachine (ContainerStateMachine.java:loadSnapshot(225)) - group-E53D4A471D87: The snapshot info is null. Setting the last applied indexto:(t:0, i:~)
2020-10-09 13:09:19,768 [pool-183-thread-1] INFO  server.RaftServerConfigKeys (ConfUtils.java:logGet(44)) - raft.server.notification.no-leader.timeout = 300s (custom)
2020-10-09 13:09:19,768 [pool-183-thread-1] INFO  server.RaftServerConfigKeys (ConfUtils.java:logGet(44)) - raft.server.log.use.memory = false (default)
2020-10-09 13:09:19,768 [pool-183-thread-1] INFO  server.RaftServerConfigKeys (ConfUtils.java:logGet(44)) - raft.server.log.purge.gap = 1000000 (custom)
2020-10-09 13:09:19,769 [pool-183-thread-1] INFO  metrics.RatisMetrics (RatisMetrics.java:lambda$create$0(36)) - Creating Metrics Registry : ratis.log_worker.c898e38e-09ec-443f-8bfc-2e0e927f6f14@group-E53D4A471D87
2020-10-09 13:09:19,769 [pool-183-thread-1] INFO  server.RaftServerConfigKeys (ConfUtils.java:logGet(44)) - raft.server.log.appender.buffer.byte-limit = 33554432 (custom)
2020-10-09 13:09:19,769 [pool-183-thread-1] INFO  server.RaftServerConfigKeys (ConfUtils.java:logGet(44)) - raft.server.log.segment.size.max = 1048576 (custom)
2020-10-09 13:09:19,769 [pool-183-thread-1] INFO  server.RaftServerConfigKeys (ConfUtils.java:logGet(44)) - raft.server.log.segment.cache.num.max = 2 (custom)
2020-10-09 13:09:19,769 [pool-183-thread-1] INFO  segmented.SegmentedRaftLogWorker (SegmentedRaftLogWorker.java:<init>(180)) - new c898e38e-09ec-443f-8bfc-2e0e927f6f14@group-E53D4A471D87-SegmentedRaftLogWorker for RaftStorage:Storage Directory /github/workspace/mnt/ozone/hadoop-ozone/integration-test/target/test-dir/MiniOzoneClusterImpl-3c6d3de1-1da1-4a65-89f4-2560fa2fb7b3/datanode-1/data/ratis/6ff09228-2254-425a-803c-e53d4a471d87
2020-10-09 13:09:19,769 [pool-183-thread-1] INFO  server.RaftServerConfigKeys (ConfUtils.java:logGet(44)) - raft.server.log.queue.byte-limit = 2147483647 (custom)
2020-10-09 13:09:19,769 [pool-183-thread-1] INFO  server.RaftServerConfigKeys (ConfUtils.java:logGet(44)) - raft.server.log.queue.element-limit = 1024 (custom)
2020-10-09 13:09:19,770 [pool-183-thread-1] INFO  server.RaftServerConfigKeys (ConfUtils.java:logGet(44)) - raft.server.log.segment.size.max = 1048576 (custom)
2020-10-09 13:09:19,770 [pool-183-thread-1] INFO  server.RaftServerConfigKeys (ConfUtils.java:logGet(44)) - raft.server.log.preallocated.size = 16384 (custom)
2020-10-09 13:09:19,770 [pool-183-thread-1] INFO  server.RaftServerConfigKeys (ConfUtils.java:logGet(44)) - raft.server.log.write.buffer.size = 1048576 (custom)
2020-10-09 13:09:19,770 [pool-183-thread-1] INFO  server.RaftServerConfigKeys (ConfUtils.java:logGet(44)) - raft.server.log.force.sync.num = 128 (default)
2020-10-09 13:09:19,770 [pool-183-thread-1] INFO  server.RaftServerConfigKeys (ConfUtils.java:logGet(44)) - raft.server.log.statemachine.data.sync = true (default)
2020-10-09 13:09:19,770 [pool-183-thread-1] INFO  server.RaftServerConfigKeys (ConfUtils.java:logGet(44)) - raft.server.log.statemachine.data.sync.timeout = 10s (default)
2020-10-09 13:09:19,770 [pool-183-thread-1] INFO  server.RaftServerConfigKeys (ConfUtils.java:logGet(44)) - raft.server.log.statemachine.data.sync.timeout.retry = -1 (default)
2020-10-09 13:09:19,771 [pool-183-thread-1] INFO  server.RaftServerConfigKeys (ConfUtils.java:logGet(44)) - raft.server.log.statemachine.data.caching.enabled = true (custom)
2020-10-09 13:09:19,771 [pool-183-thread-1] INFO  segmented.SegmentedRaftLogWorker (SegmentedRaftLogWorker.java:lambda$new$0(129)) - c898e38e-09ec-443f-8bfc-2e0e927f6f14@group-E53D4A471D87-SegmentedRaftLogWorker: flushIndex: setUnconditionally 0 -> -1
2020-10-09 13:09:19,771 [pool-183-thread-1] INFO  segmented.SegmentedRaftLogWorker (SegmentedRaftLogWorker.java:lambda$new$0(129)) - c898e38e-09ec-443f-8bfc-2e0e927f6f14@group-E53D4A471D87-SegmentedRaftLogWorker: safeCacheEvictIndex: setUnconditionally 0 -> -1
2020-10-09 13:09:19,771 [pool-183-thread-1] INFO  server.RaftServerConfigKeys (ConfUtils.java:logGet(44)) - raft.server.snapshot.auto.trigger.enabled = true (custom)
2020-10-09 13:09:19,771 [pool-183-thread-1] INFO  server.RaftServerConfigKeys (ConfUtils.java:logGet(44)) - raft.server.snapshot.auto.trigger.threshold = 10000 (custom)
2020-10-09 13:09:19,771 [pool-183-thread-1] INFO  server.RaftServerConfigKeys (ConfUtils.java:logGet(44)) - raft.server.snapshot.retention.file.num = 5 (custom)
2020-10-09 13:09:19,772 [pool-183-thread-1] INFO  server.RaftServerConfigKeys (ConfUtils.java:logGet(44)) - raft.server.log.purge.upto.snapshot.index = false (default)
2020-10-09 13:09:19,772 [pool-183-thread-1] INFO  server.RaftServerConfigKeys (ConfUtils.java:logGet(44)) - raft.server.retrycache.expirytime = 600000ms (custom)
2020-10-09 13:09:19,772 [pool-183-thread-1] INFO  metrics.RatisMetrics (RatisMetrics.java:lambda$create$0(36)) - Creating Metrics Registry : ratis.leader_election.c898e38e-09ec-443f-8bfc-2e0e927f6f14@group-E53D4A471D87
2020-10-09 13:09:19,772 [pool-183-thread-1] INFO  metrics.RatisMetrics (RatisMetrics.java:lambda$create$0(36)) - Creating Metrics Registry : ratis.server.c898e38e-09ec-443f-8bfc-2e0e927f6f14@group-E53D4A471D87
2020-10-09 13:09:19,773 [pool-183-thread-1] INFO  impl.RaftServerImpl (RaftServerImpl.java:start(209)) - c898e38e-09ec-443f-8bfc-2e0e927f6f14@group-E53D4A471D87: start as a follower, conf=-1: [35f076fd-81c9-4d49-85ba-25f227690f12:172.17.0.2:35535:0, c898e38e-09ec-443f-8bfc-2e0e927f6f14:172.17.0.2:40791:0, 806253e9-663f-42ca-9134-07a713f9f0ba:172.17.0.2:45075:0], old=null
2020-10-09 13:09:19,773 [pool-183-thread-1] INFO  impl.RaftServerImpl (RaftServerImpl.java:setRole(198)) - c898e38e-09ec-443f-8bfc-2e0e927f6f14@group-E53D4A471D87: changes role from      null to FOLLOWER at term 0 for startAsFollower
2020-10-09 13:09:19,773 [pool-183-thread-1] INFO  impl.RoleInfo (RoleInfo.java:updateAndGet(143)) - c898e38e-09ec-443f-8bfc-2e0e927f6f14: start FollowerState
2020-10-09 13:09:19,776 [pool-183-thread-1] INFO  util.JmxRegister (JmxRegister.java:tryRegister(44)) - Successfully registered JMX Bean with object name Ratis:service=RaftServer,group=group-E53D4A471D87,id=c898e38e-09ec-443f-8bfc-2e0e927f6f14
2020-10-09 13:09:19,776 [pool-183-thread-1] INFO  metrics.RatisMetrics (RatisMetrics.java:lambda$create$0(36)) - Creating Metrics Registry : ratis.state_machine.c898e38e-09ec-443f-8bfc-2e0e927f6f14@group-E53D4A471D87
2020-10-09 13:09:19,793 [Command processor thread] INFO  metrics.RatisMetrics (RatisMetrics.java:lambda$create$0(36)) - Creating Metrics Registry : ratis.client_message_metrics.client-5933FF5F074B->35f076fd-81c9-4d49-85ba-25f227690f12
2020-10-09 13:09:19,800 [grpc-default-executor-0] INFO  metrics.RatisMetrics (RatisMetrics.java:lambda$create$0(36)) - Creating Metrics Registry : ratis.server_message_metrics.35f076fd-81c9-4d49-85ba-25f227690f12
2020-10-09 13:09:19,804 [grpc-default-executor-0] INFO  impl.RaftServerProxy (RaftServerProxy.java:addNew(92)) - 35f076fd-81c9-4d49-85ba-25f227690f12: addNew group-E53D4A471D87:[35f076fd-81c9-4d49-85ba-25f227690f12:172.17.0.2:35535:0, c898e38e-09ec-443f-8bfc-2e0e927f6f14:172.17.0.2:40791:0, 806253e9-663f-42ca-9134-07a713f9f0ba:172.17.0.2:45075:0] returns group-E53D4A471D87:java.util.concurrent.CompletableFuture@709770fb[Not completed]
2020-10-09 13:09:19,805 [pool-198-thread-1] INFO  impl.RaftServerImpl (RaftServerImpl.java:<init>(120)) - 35f076fd-81c9-4d49-85ba-25f227690f12: new RaftServerImpl for group-E53D4A471D87:[35f076fd-81c9-4d49-85ba-25f227690f12:172.17.0.2:35535:0, c898e38e-09ec-443f-8bfc-2e0e927f6f14:172.17.0.2:40791:0, 806253e9-663f-42ca-9134-07a713f9f0ba:172.17.0.2:45075:0] with ContainerStateMachine:uninitialized
2020-10-09 13:09:19,805 [pool-198-thread-1] INFO  server.RaftServerConfigKeys (ConfUtils.java:logGet(44)) - raft.server.rpc.timeout.min = 5s (custom)
2020-10-09 13:09:19,805 [pool-198-thread-1] INFO  server.RaftServerConfigKeys (ConfUtils.java:logGet(44)) - raft.server.rpc.timeout.max = 5200ms (custom)
2020-10-09 13:09:19,805 [pool-198-thread-1] INFO  server.RaftServerConfigKeys (ConfUtils.java:logGet(44)) - raft.server.rpcslowness.timeout = 300s (custom)
2020-10-09 13:09:19,805 [pool-198-thread-1] INFO  server.RaftServerConfigKeys (ConfUtils.java:logGet(44)) - raft.server.sleep.deviation.threshold = 300 (default)
2020-10-09 13:09:19,805 [pool-198-thread-1] INFO  server.RaftServerConfigKeys (ConfUtils.java:logGet(44)) - raft.server.log.appender.install.snapshot.enabled = false (custom)
2020-10-09 13:09:19,805 [pool-198-thread-1] INFO  impl.RaftServerImpl (ServerState.java:<init>(104)) - 35f076fd-81c9-4d49-85ba-25f227690f12@group-E53D4A471D87: ConfigurationManager, init=-1: [35f076fd-81c9-4d49-85ba-25f227690f12:172.17.0.2:35535:0, c898e38e-09ec-443f-8bfc-2e0e927f6f14:172.17.0.2:40791:0, 806253e9-663f-42ca-9134-07a713f9f0ba:172.17.0.2:45075:0], old=null, confs=<EMPTY_MAP>
2020-10-09 13:09:19,806 [pool-198-thread-1] INFO  server.RaftServerConfigKeys (ConfUtils.java:logGet(44)) - raft.server.storage.dir = [/github/workspace/mnt/ozone/hadoop-ozone/integration-test/target/test-dir/MiniOzoneClusterImpl-3c6d3de1-1da1-4a65-89f4-2560fa2fb7b3/datanode-2/data/ratis] (custom)
2020-10-09 13:09:19,806 [pool-198-thread-1] INFO  server.RaftServerConfigKeys (ConfUtils.java:logGet(44)) - raft.server.log.corruption.policy = EXCEPTION (default)
2020-10-09 13:09:19,806 [pool-198-thread-1] INFO  storage.RaftStorageDirectory (RaftStorageDirectory.java:analyzeStorage(261)) - The storage directory /github/workspace/mnt/ozone/hadoop-ozone/integration-test/target/test-dir/MiniOzoneClusterImpl-3c6d3de1-1da1-4a65-89f4-2560fa2fb7b3/datanode-2/data/ratis/6ff09228-2254-425a-803c-e53d4a471d87 does not exist. Creating ...
2020-10-09 13:09:19,807 [pool-198-thread-1] INFO  storage.RaftStorageDirectory (RaftStorageDirectory.java:tryLock(343)) - Lock on /github/workspace/mnt/ozone/hadoop-ozone/integration-test/target/test-dir/MiniOzoneClusterImpl-3c6d3de1-1da1-4a65-89f4-2560fa2fb7b3/datanode-2/data/ratis/6ff09228-2254-425a-803c-e53d4a471d87/in_use.lock acquired by nodename 19038@01daa2e02541
2020-10-09 13:09:19,808 [pool-198-thread-1] INFO  storage.RaftStorage (RaftStorage.java:format(84)) - Storage directory /github/workspace/mnt/ozone/hadoop-ozone/integration-test/target/test-dir/MiniOzoneClusterImpl-3c6d3de1-1da1-4a65-89f4-2560fa2fb7b3/datanode-2/data/ratis/6ff09228-2254-425a-803c-e53d4a471d87 has been successfully formatted.
2020-10-09 13:09:19,808 [pool-198-thread-1] INFO  ratis.ContainerStateMachine (ContainerStateMachine.java:loadSnapshot(225)) - group-E53D4A471D87: The snapshot info is null. Setting the last applied indexto:(t:0, i:~)
2020-10-09 13:09:19,810 [pool-198-thread-1] INFO  server.RaftServerConfigKeys (ConfUtils.java:logGet(44)) - raft.server.notification.no-leader.timeout = 300s (custom)
2020-10-09 13:09:19,810 [pool-198-thread-1] INFO  server.RaftServerConfigKeys (ConfUtils.java:logGet(44)) - raft.server.log.use.memory = false (default)
2020-10-09 13:09:19,810 [pool-198-thread-1] INFO  server.RaftServerConfigKeys (ConfUtils.java:logGet(44)) - raft.server.log.purge.gap = 1000000 (custom)
2020-10-09 13:09:19,810 [pool-198-thread-1] INFO  metrics.RatisMetrics (RatisMetrics.java:lambda$create$0(36)) - Creating Metrics Registry : ratis.log_worker.35f076fd-81c9-4d49-85ba-25f227690f12@group-E53D4A471D87
2020-10-09 13:09:19,810 [pool-198-thread-1] INFO  server.RaftServerConfigKeys (ConfUtils.java:logGet(44)) - raft.server.log.appender.buffer.byte-limit = 33554432 (custom)
2020-10-09 13:09:19,810 [pool-198-thread-1] INFO  server.RaftServerConfigKeys (ConfUtils.java:logGet(44)) - raft.server.log.segment.size.max = 1048576 (custom)
2020-10-09 13:09:19,810 [pool-198-thread-1] INFO  server.RaftServerConfigKeys (ConfUtils.java:logGet(44)) - raft.server.log.segment.cache.num.max = 2 (custom)
2020-10-09 13:09:19,811 [pool-198-thread-1] INFO  segmented.SegmentedRaftLogWorker (SegmentedRaftLogWorker.java:<init>(180)) - new 35f076fd-81c9-4d49-85ba-25f227690f12@group-E53D4A471D87-SegmentedRaftLogWorker for RaftStorage:Storage Directory /github/workspace/mnt/ozone/hadoop-ozone/integration-test/target/test-dir/MiniOzoneClusterImpl-3c6d3de1-1da1-4a65-89f4-2560fa2fb7b3/datanode-2/data/ratis/6ff09228-2254-425a-803c-e53d4a471d87
2020-10-09 13:09:19,811 [pool-198-thread-1] INFO  server.RaftServerConfigKeys (ConfUtils.java:logGet(44)) - raft.server.log.queue.byte-limit = 2147483647 (custom)
2020-10-09 13:09:19,811 [pool-198-thread-1] INFO  server.RaftServerConfigKeys (ConfUtils.java:logGet(44)) - raft.server.log.queue.element-limit = 1024 (custom)
2020-10-09 13:09:19,811 [pool-198-thread-1] INFO  server.RaftServerConfigKeys (ConfUtils.java:logGet(44)) - raft.server.log.segment.size.max = 1048576 (custom)
2020-10-09 13:09:19,811 [pool-198-thread-1] INFO  server.RaftServerConfigKeys (ConfUtils.java:logGet(44)) - raft.server.log.preallocated.size = 16384 (custom)
2020-10-09 13:09:19,811 [pool-198-thread-1] INFO  server.RaftServerConfigKeys (ConfUtils.java:logGet(44)) - raft.server.log.write.buffer.size = 1048576 (custom)
2020-10-09 13:09:19,811 [pool-198-thread-1] INFO  server.RaftServerConfigKeys (ConfUtils.java:logGet(44)) - raft.server.log.force.sync.num = 128 (default)
2020-10-09 13:09:19,811 [pool-198-thread-1] INFO  server.RaftServerConfigKeys (ConfUtils.java:logGet(44)) - raft.server.log.statemachine.data.sync = true (default)
2020-10-09 13:09:19,811 [pool-198-thread-1] INFO  server.RaftServerConfigKeys (ConfUtils.java:logGet(44)) - raft.server.log.statemachine.data.sync.timeout = 10s (default)
2020-10-09 13:09:19,811 [pool-198-thread-1] INFO  server.RaftServerConfigKeys (ConfUtils.java:logGet(44)) - raft.server.log.statemachine.data.sync.timeout.retry = -1 (default)
2020-10-09 13:09:19,813 [pool-198-thread-1] INFO  server.RaftServerConfigKeys (ConfUtils.java:logGet(44)) - raft.server.log.statemachine.data.caching.enabled = true (custom)
2020-10-09 13:09:19,814 [pool-198-thread-1] INFO  segmented.SegmentedRaftLogWorker (SegmentedRaftLogWorker.java:lambda$new$0(129)) - 35f076fd-81c9-4d49-85ba-25f227690f12@group-E53D4A471D87-SegmentedRaftLogWorker: flushIndex: setUnconditionally 0 -> -1
2020-10-09 13:09:19,814 [pool-198-thread-1] INFO  segmented.SegmentedRaftLogWorker (SegmentedRaftLogWorker.java:lambda$new$0(129)) - 35f076fd-81c9-4d49-85ba-25f227690f12@group-E53D4A471D87-SegmentedRaftLogWorker: safeCacheEvictIndex: setUnconditionally 0 -> -1
2020-10-09 13:09:19,814 [pool-198-thread-1] INFO  server.RaftServerConfigKeys (ConfUtils.java:logGet(44)) - raft.server.snapshot.auto.trigger.enabled = true (custom)
2020-10-09 13:09:19,814 [pool-198-thread-1] INFO  server.RaftServerConfigKeys (ConfUtils.java:logGet(44)) - raft.server.snapshot.auto.trigger.threshold = 10000 (custom)
2020-10-09 13:09:19,814 [pool-198-thread-1] INFO  server.RaftServerConfigKeys (ConfUtils.java:logGet(44)) - raft.server.snapshot.retention.file.num = 5 (custom)
2020-10-09 13:09:19,814 [pool-198-thread-1] INFO  server.RaftServerConfigKeys (ConfUtils.java:logGet(44)) - raft.server.log.purge.upto.snapshot.index = false (default)
2020-10-09 13:09:19,815 [pool-198-thread-1] INFO  server.RaftServerConfigKeys (ConfUtils.java:logGet(44)) - raft.server.retrycache.expirytime = 600000ms (custom)
2020-10-09 13:09:19,815 [pool-198-thread-1] INFO  metrics.RatisMetrics (RatisMetrics.java:lambda$create$0(36)) - Creating Metrics Registry : ratis.leader_election.35f076fd-81c9-4d49-85ba-25f227690f12@group-E53D4A471D87
2020-10-09 13:09:19,815 [pool-198-thread-1] INFO  metrics.RatisMetrics (RatisMetrics.java:lambda$create$0(36)) - Creating Metrics Registry : ratis.server.35f076fd-81c9-4d49-85ba-25f227690f12@group-E53D4A471D87
2020-10-09 13:09:19,816 [pool-198-thread-1] INFO  impl.RaftServerImpl (RaftServerImpl.java:start(209)) - 35f076fd-81c9-4d49-85ba-25f227690f12@group-E53D4A471D87: start as a follower, conf=-1: [35f076fd-81c9-4d49-85ba-25f227690f12:172.17.0.2:35535:0, c898e38e-09ec-443f-8bfc-2e0e927f6f14:172.17.0.2:40791:0, 806253e9-663f-42ca-9134-07a713f9f0ba:172.17.0.2:45075:0], old=null
2020-10-09 13:09:19,816 [pool-198-thread-1] INFO  impl.RaftServerImpl (RaftServerImpl.java:setRole(198)) - 35f076fd-81c9-4d49-85ba-25f227690f12@group-E53D4A471D87: changes role from      null to FOLLOWER at term 0 for startAsFollower
2020-10-09 13:09:19,816 [pool-198-thread-1] INFO  impl.RoleInfo (RoleInfo.java:updateAndGet(143)) - 35f076fd-81c9-4d49-85ba-25f227690f12: start FollowerState
2020-10-09 13:09:19,820 [pool-198-thread-1] INFO  util.JmxRegister (JmxRegister.java:tryRegister(44)) - Successfully registered JMX Bean with object name Ratis:service=RaftServer,group=group-E53D4A471D87,id=35f076fd-81c9-4d49-85ba-25f227690f12
2020-10-09 13:09:19,820 [pool-198-thread-1] INFO  metrics.RatisMetrics (RatisMetrics.java:lambda$create$0(36)) - Creating Metrics Registry : ratis.state_machine.35f076fd-81c9-4d49-85ba-25f227690f12@group-E53D4A471D87
2020-10-09 13:09:19,834 [Command processor thread] INFO  commandhandler.CreatePipelineCommandHandler (CreatePipelineCommandHandler.java:handle(110)) - Created Pipeline RATIS THREE #id: "6ff09228-2254-425a-803c-e53d4a471d87"
uuid128 {
  mostSigBits: 8066107633692852826
  leastSigBits: -9206231486850196089
}
.
2020-10-09 13:09:19,877 [Command processor thread] INFO  impl.RaftServerProxy (RaftServerProxy.java:addNew(92)) - c898e38e-09ec-443f-8bfc-2e0e927f6f14: addNew group-16D47AC4E272:[c898e38e-09ec-443f-8bfc-2e0e927f6f14:172.17.0.2:40791:0] returns group-16D47AC4E272:java.util.concurrent.CompletableFuture@5447c666[Not completed]
2020-10-09 13:09:19,878 [pool-183-thread-1] INFO  impl.RaftServerImpl (RaftServerImpl.java:<init>(120)) - c898e38e-09ec-443f-8bfc-2e0e927f6f14: new RaftServerImpl for group-16D47AC4E272:[c898e38e-09ec-443f-8bfc-2e0e927f6f14:172.17.0.2:40791:0] with ContainerStateMachine:uninitialized
2020-10-09 13:09:19,878 [pool-183-thread-1] INFO  server.RaftServerConfigKeys (ConfUtils.java:logGet(44)) - raft.server.rpc.timeout.min = 5s (custom)
2020-10-09 13:09:19,878 [pool-183-thread-1] INFO  server.RaftServerConfigKeys (ConfUtils.java:logGet(44)) - raft.server.rpc.timeout.max = 5200ms (custom)
2020-10-09 13:09:19,878 [pool-183-thread-1] INFO  server.RaftServerConfigKeys (ConfUtils.java:logGet(44)) - raft.server.rpcslowness.timeout = 300s (custom)
2020-10-09 13:09:19,878 [pool-183-thread-1] INFO  server.RaftServerConfigKeys (ConfUtils.java:logGet(44)) - raft.server.sleep.deviation.threshold = 300 (default)
2020-10-09 13:09:19,878 [pool-183-thread-1] INFO  server.RaftServerConfigKeys (ConfUtils.java:logGet(44)) - raft.server.log.appender.install.snapshot.enabled = false (custom)
2020-10-09 13:09:19,878 [pool-183-thread-1] INFO  impl.RaftServerImpl (ServerState.java:<init>(104)) - c898e38e-09ec-443f-8bfc-2e0e927f6f14@group-16D47AC4E272: ConfigurationManager, init=-1: [c898e38e-09ec-443f-8bfc-2e0e927f6f14:172.17.0.2:40791:0], old=null, confs=<EMPTY_MAP>
2020-10-09 13:09:19,879 [pool-183-thread-1] INFO  server.RaftServerConfigKeys (ConfUtils.java:logGet(44)) - raft.server.storage.dir = [/github/workspace/mnt/ozone/hadoop-ozone/integration-test/target/test-dir/MiniOzoneClusterImpl-3c6d3de1-1da1-4a65-89f4-2560fa2fb7b3/datanode-1/data/ratis] (custom)
2020-10-09 13:09:19,879 [pool-183-thread-1] INFO  server.RaftServerConfigKeys (ConfUtils.java:logGet(44)) - raft.server.log.corruption.policy = EXCEPTION (default)
2020-10-09 13:09:19,879 [pool-183-thread-1] INFO  storage.RaftStorageDirectory (RaftStorageDirectory.java:analyzeStorage(261)) - The storage directory /github/workspace/mnt/ozone/hadoop-ozone/integration-test/target/test-dir/MiniOzoneClusterImpl-3c6d3de1-1da1-4a65-89f4-2560fa2fb7b3/datanode-1/data/ratis/dadab27e-89ab-428e-8bf6-16d47ac4e272 does not exist. Creating ...
2020-10-09 13:09:19,880 [pool-183-thread-1] INFO  storage.RaftStorageDirectory (RaftStorageDirectory.java:tryLock(343)) - Lock on /github/workspace/mnt/ozone/hadoop-ozone/integration-test/target/test-dir/MiniOzoneClusterImpl-3c6d3de1-1da1-4a65-89f4-2560fa2fb7b3/datanode-1/data/ratis/dadab27e-89ab-428e-8bf6-16d47ac4e272/in_use.lock acquired by nodename 19038@01daa2e02541
2020-10-09 13:09:19,881 [pool-183-thread-1] INFO  storage.RaftStorage (RaftStorage.java:format(84)) - Storage directory /github/workspace/mnt/ozone/hadoop-ozone/integration-test/target/test-dir/MiniOzoneClusterImpl-3c6d3de1-1da1-4a65-89f4-2560fa2fb7b3/datanode-1/data/ratis/dadab27e-89ab-428e-8bf6-16d47ac4e272 has been successfully formatted.
2020-10-09 13:09:19,882 [pool-183-thread-1] INFO  ratis.ContainerStateMachine (ContainerStateMachine.java:loadSnapshot(225)) - group-16D47AC4E272: The snapshot info is null. Setting the last applied indexto:(t:0, i:~)
2020-10-09 13:09:19,885 [pool-183-thread-1] INFO  server.RaftServerConfigKeys (ConfUtils.java:logGet(44)) - raft.server.notification.no-leader.timeout = 300s (custom)
2020-10-09 13:09:19,885 [EventQueue-PipelineReportForPipelineReportHandler] INFO  pipeline.PipelineStateManager (PipelineStateManager.java:openPipeline(131)) - Pipeline Pipeline[ Id: dadab27e-89ab-428e-8bf6-16d47ac4e272, Nodes: c898e38e-09ec-443f-8bfc-2e0e927f6f14{ip: 172.17.0.2, host: 01daa2e02541, networkLocation: /default-rack, certSerialId: null}, Type:RATIS, Factor:ONE, State:ALLOCATED, leaderId:c898e38e-09ec-443f-8bfc-2e0e927f6f14, CreationTimestamp2020-10-09T13:09:16.881Z] moved to OPEN state
2020-10-09 13:09:19,886 [pool-183-thread-1] INFO  server.RaftServerConfigKeys (ConfUtils.java:logGet(44)) - raft.server.log.use.memory = false (default)
2020-10-09 13:09:19,886 [EventQueue-OpenPipelineForOneReplicaPipelineSafeModeRule] INFO  safemode.SCMSafeModeManager (SCMSafeModeManager.java:validateSafeModeExitRules(214)) - AtleastOneDatanodeReportedRule rule is successfully validated
2020-10-09 13:09:19,886 [EventQueue-OpenPipelineForHealthyPipelineSafeModeRule] INFO  safemode.SCMSafeModeManager (HealthyPipelineSafeModeRule.java:process(129)) - SCM in safe mode. Healthy pipelines reported count is 0, required healthy pipeline reported count is 1
2020-10-09 13:09:19,886 [pool-183-thread-1] INFO  server.RaftServerConfigKeys (ConfUtils.java:logGet(44)) - raft.server.log.purge.gap = 1000000 (custom)
2020-10-09 13:09:19,886 [pool-183-thread-1] INFO  metrics.RatisMetrics (RatisMetrics.java:lambda$create$0(36)) - Creating Metrics Registry : ratis.log_worker.c898e38e-09ec-443f-8bfc-2e0e927f6f14@group-16D47AC4E272
2020-10-09 13:09:19,886 [pool-183-thread-1] INFO  server.RaftServerConfigKeys (ConfUtils.java:logGet(44)) - raft.server.log.appender.buffer.byte-limit = 33554432 (custom)
2020-10-09 13:09:19,886 [pool-183-thread-1] INFO  server.RaftServerConfigKeys (ConfUtils.java:logGet(44)) - raft.server.log.segment.size.max = 1048576 (custom)
2020-10-09 13:09:19,887 [pool-183-thread-1] INFO  server.RaftServerConfigKeys (ConfUtils.java:logGet(44)) - raft.server.log.segment.cache.num.max = 2 (custom)
2020-10-09 13:09:19,887 [pool-183-thread-1] INFO  segmented.SegmentedRaftLogWorker (SegmentedRaftLogWorker.java:<init>(180)) - new c898e38e-09ec-443f-8bfc-2e0e927f6f14@group-16D47AC4E272-SegmentedRaftLogWorker for RaftStorage:Storage Directory /github/workspace/mnt/ozone/hadoop-ozone/integration-test/target/test-dir/MiniOzoneClusterImpl-3c6d3de1-1da1-4a65-89f4-2560fa2fb7b3/datanode-1/data/ratis/dadab27e-89ab-428e-8bf6-16d47ac4e272
2020-10-09 13:09:19,887 [pool-183-thread-1] INFO  server.RaftServerConfigKeys (ConfUtils.java:logGet(44)) - raft.server.log.queue.byte-limit = 2147483647 (custom)
2020-10-09 13:09:19,887 [pool-183-thread-1] INFO  server.RaftServerConfigKeys (ConfUtils.java:logGet(44)) - raft.server.log.queue.element-limit = 1024 (custom)
2020-10-09 13:09:19,887 [pool-183-thread-1] INFO  server.RaftServerConfigKeys (ConfUtils.java:logGet(44)) - raft.server.log.segment.size.max = 1048576 (custom)
2020-10-09 13:09:19,887 [pool-183-thread-1] INFO  server.RaftServerConfigKeys (ConfUtils.java:logGet(44)) - raft.server.log.preallocated.size = 16384 (custom)
2020-10-09 13:09:19,888 [pool-183-thread-1] INFO  server.RaftServerConfigKeys (ConfUtils.java:logGet(44)) - raft.server.log.write.buffer.size = 1048576 (custom)
2020-10-09 13:09:19,888 [pool-183-thread-1] INFO  server.RaftServerConfigKeys (ConfUtils.java:logGet(44)) - raft.server.log.force.sync.num = 128 (default)
2020-10-09 13:09:19,888 [pool-183-thread-1] INFO  server.RaftServerConfigKeys (ConfUtils.java:logGet(44)) - raft.server.log.statemachine.data.sync = true (default)
2020-10-09 13:09:19,888 [pool-183-thread-1] INFO  server.RaftServerConfigKeys (ConfUtils.java:logGet(44)) - raft.server.log.statemachine.data.sync.timeout = 10s (default)
2020-10-09 13:09:19,888 [pool-183-thread-1] INFO  server.RaftServerConfigKeys (ConfUtils.java:logGet(44)) - raft.server.log.statemachine.data.sync.timeout.retry = -1 (default)
2020-10-09 13:09:19,889 [pool-183-thread-1] INFO  server.RaftServerConfigKeys (ConfUtils.java:logGet(44)) - raft.server.log.statemachine.data.caching.enabled = true (custom)
2020-10-09 13:09:19,890 [pool-183-thread-1] INFO  segmented.SegmentedRaftLogWorker (SegmentedRaftLogWorker.java:lambda$new$0(129)) - c898e38e-09ec-443f-8bfc-2e0e927f6f14@group-16D47AC4E272-SegmentedRaftLogWorker: flushIndex: setUnconditionally 0 -> -1
2020-10-09 13:09:19,890 [pool-183-thread-1] INFO  segmented.SegmentedRaftLogWorker (SegmentedRaftLogWorker.java:lambda$new$0(129)) - c898e38e-09ec-443f-8bfc-2e0e927f6f14@group-16D47AC4E272-SegmentedRaftLogWorker: safeCacheEvictIndex: setUnconditionally 0 -> -1
2020-10-09 13:09:19,890 [pool-183-thread-1] INFO  server.RaftServerConfigKeys (ConfUtils.java:logGet(44)) - raft.server.snapshot.auto.trigger.enabled = true (custom)
2020-10-09 13:09:19,890 [pool-183-thread-1] INFO  server.RaftServerConfigKeys (ConfUtils.java:logGet(44)) - raft.server.snapshot.auto.trigger.threshold = 10000 (custom)
2020-10-09 13:09:19,890 [pool-183-thread-1] INFO  server.RaftServerConfigKeys (ConfUtils.java:logGet(44)) - raft.server.snapshot.retention.file.num = 5 (custom)
2020-10-09 13:09:19,890 [pool-183-thread-1] INFO  server.RaftServerConfigKeys (ConfUtils.java:logGet(44)) - raft.server.log.purge.upto.snapshot.index = false (default)
2020-10-09 13:09:19,890 [pool-183-thread-1] INFO  server.RaftServerConfigKeys (ConfUtils.java:logGet(44)) - raft.server.retrycache.expirytime = 600000ms (custom)
2020-10-09 13:09:19,890 [pool-183-thread-1] INFO  metrics.RatisMetrics (RatisMetrics.java:lambda$create$0(36)) - Creating Metrics Registry : ratis.leader_election.c898e38e-09ec-443f-8bfc-2e0e927f6f14@group-16D47AC4E272
2020-10-09 13:09:19,891 [pool-183-thread-1] INFO  metrics.RatisMetrics (RatisMetrics.java:lambda$create$0(36)) - Creating Metrics Registry : ratis.server.c898e38e-09ec-443f-8bfc-2e0e927f6f14@group-16D47AC4E272
2020-10-09 13:09:19,892 [pool-183-thread-1] INFO  impl.RaftServerImpl (RaftServerImpl.java:start(209)) - c898e38e-09ec-443f-8bfc-2e0e927f6f14@group-16D47AC4E272: start as a follower, conf=-1: [c898e38e-09ec-443f-8bfc-2e0e927f6f14:172.17.0.2:40791:0], old=null
2020-10-09 13:09:19,892 [pool-183-thread-1] INFO  impl.RaftServerImpl (RaftServerImpl.java:setRole(198)) - c898e38e-09ec-443f-8bfc-2e0e927f6f14@group-16D47AC4E272: changes role from      null to FOLLOWER at term 0 for startAsFollower
2020-10-09 13:09:19,892 [pool-183-thread-1] INFO  impl.RoleInfo (RoleInfo.java:updateAndGet(143)) - c898e38e-09ec-443f-8bfc-2e0e927f6f14: start FollowerState
2020-10-09 13:09:19,892 [pool-183-thread-1] INFO  util.JmxRegister (JmxRegister.java:tryRegister(44)) - Successfully registered JMX Bean with object name Ratis:service=RaftServer,group=group-16D47AC4E272,id=c898e38e-09ec-443f-8bfc-2e0e927f6f14
2020-10-09 13:09:19,892 [pool-183-thread-1] INFO  metrics.RatisMetrics (RatisMetrics.java:lambda$create$0(36)) - Creating Metrics Registry : ratis.state_machine.c898e38e-09ec-443f-8bfc-2e0e927f6f14@group-16D47AC4E272
2020-10-09 13:09:19,893 [Command processor thread] INFO  commandhandler.CreatePipelineCommandHandler (CreatePipelineCommandHandler.java:handle(110)) - Created Pipeline RATIS ONE #id: "dadab27e-89ab-428e-8bf6-16d47ac4e272"
uuid128 {
  mostSigBits: -2676630771973012850
  leastSigBits: -8361470556318145934
}
.
2020-10-09 13:09:20,040 [Command processor thread] INFO  impl.RaftServerProxy (RaftServerProxy.java:addNew(92)) - 35f076fd-81c9-4d49-85ba-25f227690f12: addNew group-290DD5E9E2AB:[35f076fd-81c9-4d49-85ba-25f227690f12:172.17.0.2:35535:0] returns group-290DD5E9E2AB:java.util.concurrent.CompletableFuture@66fbc55d[Not completed]
2020-10-09 13:09:20,041 [pool-198-thread-1] INFO  impl.RaftServerImpl (RaftServerImpl.java:<init>(120)) - 35f076fd-81c9-4d49-85ba-25f227690f12: new RaftServerImpl for group-290DD5E9E2AB:[35f076fd-81c9-4d49-85ba-25f227690f12:172.17.0.2:35535:0] with ContainerStateMachine:uninitialized
2020-10-09 13:09:20,041 [pool-198-thread-1] INFO  server.RaftServerConfigKeys (ConfUtils.java:logGet(44)) - raft.server.rpc.timeout.min = 5s (custom)
2020-10-09 13:09:20,041 [pool-198-thread-1] INFO  server.RaftServerConfigKeys (ConfUtils.java:logGet(44)) - raft.server.rpc.timeout.max = 5200ms (custom)
2020-10-09 13:09:20,042 [pool-198-thread-1] INFO  server.RaftServerConfigKeys (ConfUtils.java:logGet(44)) - raft.server.rpcslowness.timeout = 300s (custom)
2020-10-09 13:09:20,042 [pool-198-thread-1] INFO  server.RaftServerConfigKeys (ConfUtils.java:logGet(44)) - raft.server.sleep.deviation.threshold = 300 (default)
2020-10-09 13:09:20,042 [pool-198-thread-1] INFO  server.RaftServerConfigKeys (ConfUtils.java:logGet(44)) - raft.server.log.appender.install.snapshot.enabled = false (custom)
2020-10-09 13:09:20,042 [pool-198-thread-1] INFO  impl.RaftServerImpl (ServerState.java:<init>(104)) - 35f076fd-81c9-4d49-85ba-25f227690f12@group-290DD5E9E2AB: ConfigurationManager, init=-1: [35f076fd-81c9-4d49-85ba-25f227690f12:172.17.0.2:35535:0], old=null, confs=<EMPTY_MAP>
2020-10-09 13:09:20,042 [pool-198-thread-1] INFO  server.RaftServerConfigKeys (ConfUtils.java:logGet(44)) - raft.server.storage.dir = [/github/workspace/mnt/ozone/hadoop-ozone/integration-test/target/test-dir/MiniOzoneClusterImpl-3c6d3de1-1da1-4a65-89f4-2560fa2fb7b3/datanode-2/data/ratis] (custom)
2020-10-09 13:09:20,042 [pool-198-thread-1] INFO  server.RaftServerConfigKeys (ConfUtils.java:logGet(44)) - raft.server.log.corruption.policy = EXCEPTION (default)
2020-10-09 13:09:20,043 [pool-198-thread-1] INFO  storage.RaftStorageDirectory (RaftStorageDirectory.java:analyzeStorage(261)) - The storage directory /github/workspace/mnt/ozone/hadoop-ozone/integration-test/target/test-dir/MiniOzoneClusterImpl-3c6d3de1-1da1-4a65-89f4-2560fa2fb7b3/datanode-2/data/ratis/06b70b34-0e25-4487-abbc-290dd5e9e2ab does not exist. Creating ...
2020-10-09 13:09:20,044 [pool-198-thread-1] INFO  storage.RaftStorageDirectory (RaftStorageDirectory.java:tryLock(343)) - Lock on /github/workspace/mnt/ozone/hadoop-ozone/integration-test/target/test-dir/MiniOzoneClusterImpl-3c6d3de1-1da1-4a65-89f4-2560fa2fb7b3/datanode-2/data/ratis/06b70b34-0e25-4487-abbc-290dd5e9e2ab/in_use.lock acquired by nodename 19038@01daa2e02541
2020-10-09 13:09:20,045 [pool-198-thread-1] INFO  storage.RaftStorage (RaftStorage.java:format(84)) - Storage directory /github/workspace/mnt/ozone/hadoop-ozone/integration-test/target/test-dir/MiniOzoneClusterImpl-3c6d3de1-1da1-4a65-89f4-2560fa2fb7b3/datanode-2/data/ratis/06b70b34-0e25-4487-abbc-290dd5e9e2ab has been successfully formatted.
2020-10-09 13:09:20,046 [pool-198-thread-1] INFO  ratis.ContainerStateMachine (ContainerStateMachine.java:loadSnapshot(225)) - group-290DD5E9E2AB: The snapshot info is null. Setting the last applied indexto:(t:0, i:~)
2020-10-09 13:09:20,047 [pool-198-thread-1] INFO  server.RaftServerConfigKeys (ConfUtils.java:logGet(44)) - raft.server.notification.no-leader.timeout = 300s (custom)
2020-10-09 13:09:20,048 [pool-198-thread-1] INFO  server.RaftServerConfigKeys (ConfUtils.java:logGet(44)) - raft.server.log.use.memory = false (default)
2020-10-09 13:09:20,049 [EventQueue-PipelineReportForPipelineReportHandler] INFO  pipeline.PipelineStateManager (PipelineStateManager.java:openPipeline(131)) - Pipeline Pipeline[ Id: 06b70b34-0e25-4487-abbc-290dd5e9e2ab, Nodes: 35f076fd-81c9-4d49-85ba-25f227690f12{ip: 172.17.0.2, host: 01daa2e02541, networkLocation: /default-rack, certSerialId: null}, Type:RATIS, Factor:ONE, State:ALLOCATED, leaderId:35f076fd-81c9-4d49-85ba-25f227690f12, CreationTimestamp2020-10-09T13:09:17.044Z] moved to OPEN state
2020-10-09 13:09:20,049 [pool-198-thread-1] INFO  server.RaftServerConfigKeys (ConfUtils.java:logGet(44)) - raft.server.log.purge.gap = 1000000 (custom)
2020-10-09 13:09:20,050 [pool-198-thread-1] INFO  metrics.RatisMetrics (RatisMetrics.java:lambda$create$0(36)) - Creating Metrics Registry : ratis.log_worker.35f076fd-81c9-4d49-85ba-25f227690f12@group-290DD5E9E2AB
2020-10-09 13:09:20,050 [EventQueue-OpenPipelineForOneReplicaPipelineSafeModeRule] INFO  safemode.SCMSafeModeManager (SCMSafeModeManager.java:validateSafeModeExitRules(214)) - AtleastOneDatanodeReportedRule rule is successfully validated
2020-10-09 13:09:20,050 [EventQueue-OpenPipelineForHealthyPipelineSafeModeRule] INFO  safemode.SCMSafeModeManager (HealthyPipelineSafeModeRule.java:process(129)) - SCM in safe mode. Healthy pipelines reported count is 0, required healthy pipeline reported count is 1
2020-10-09 13:09:20,050 [pool-198-thread-1] INFO  server.RaftServerConfigKeys (ConfUtils.java:logGet(44)) - raft.server.log.appender.buffer.byte-limit = 33554432 (custom)
2020-10-09 13:09:20,050 [pool-198-thread-1] INFO  server.RaftServerConfigKeys (ConfUtils.java:logGet(44)) - raft.server.log.segment.size.max = 1048576 (custom)
2020-10-09 13:09:20,050 [pool-198-thread-1] INFO  server.RaftServerConfigKeys (ConfUtils.java:logGet(44)) - raft.server.log.segment.cache.num.max = 2 (custom)
2020-10-09 13:09:20,051 [pool-198-thread-1] INFO  segmented.SegmentedRaftLogWorker (SegmentedRaftLogWorker.java:<init>(180)) - new 35f076fd-81c9-4d49-85ba-25f227690f12@group-290DD5E9E2AB-SegmentedRaftLogWorker for RaftStorage:Storage Directory /github/workspace/mnt/ozone/hadoop-ozone/integration-test/target/test-dir/MiniOzoneClusterImpl-3c6d3de1-1da1-4a65-89f4-2560fa2fb7b3/datanode-2/data/ratis/06b70b34-0e25-4487-abbc-290dd5e9e2ab
2020-10-09 13:09:20,052 [pool-198-thread-1] INFO  server.RaftServerConfigKeys (ConfUtils.java:logGet(44)) - raft.server.log.queue.byte-limit = 2147483647 (custom)
2020-10-09 13:09:20,052 [pool-198-thread-1] INFO  server.RaftServerConfigKeys (ConfUtils.java:logGet(44)) - raft.server.log.queue.element-limit = 1024 (custom)
2020-10-09 13:09:20,052 [pool-198-thread-1] INFO  server.RaftServerConfigKeys (ConfUtils.java:logGet(44)) - raft.server.log.segment.size.max = 1048576 (custom)
2020-10-09 13:09:20,052 [pool-198-thread-1] INFO  server.RaftServerConfigKeys (ConfUtils.java:logGet(44)) - raft.server.log.preallocated.size = 16384 (custom)
2020-10-09 13:09:20,052 [pool-198-thread-1] INFO  server.RaftServerConfigKeys (ConfUtils.java:logGet(44)) - raft.server.log.write.buffer.size = 1048576 (custom)
2020-10-09 13:09:20,053 [pool-198-thread-1] INFO  server.RaftServerConfigKeys (ConfUtils.java:logGet(44)) - raft.server.log.force.sync.num = 128 (default)
2020-10-09 13:09:20,053 [pool-198-thread-1] INFO  server.RaftServerConfigKeys (ConfUtils.java:logGet(44)) - raft.server.log.statemachine.data.sync = true (default)
2020-10-09 13:09:20,053 [pool-198-thread-1] INFO  server.RaftServerConfigKeys (ConfUtils.java:logGet(44)) - raft.server.log.statemachine.data.sync.timeout = 10s (default)
2020-10-09 13:09:20,053 [pool-198-thread-1] INFO  server.RaftServerConfigKeys (ConfUtils.java:logGet(44)) - raft.server.log.statemachine.data.sync.timeout.retry = -1 (default)
2020-10-09 13:09:20,054 [pool-198-thread-1] INFO  server.RaftServerConfigKeys (ConfUtils.java:logGet(44)) - raft.server.log.statemachine.data.caching.enabled = true (custom)
2020-10-09 13:09:20,055 [pool-198-thread-1] INFO  segmented.SegmentedRaftLogWorker (SegmentedRaftLogWorker.java:lambda$new$0(129)) - 35f076fd-81c9-4d49-85ba-25f227690f12@group-290DD5E9E2AB-SegmentedRaftLogWorker: flushIndex: setUnconditionally 0 -> -1
2020-10-09 13:09:20,055 [pool-198-thread-1] INFO  segmented.SegmentedRaftLogWorker (SegmentedRaftLogWorker.java:lambda$new$0(129)) - 35f076fd-81c9-4d49-85ba-25f227690f12@group-290DD5E9E2AB-SegmentedRaftLogWorker: safeCacheEvictIndex: setUnconditionally 0 -> -1
2020-10-09 13:09:20,055 [pool-198-thread-1] INFO  server.RaftServerConfigKeys (ConfUtils.java:logGet(44)) - raft.server.snapshot.auto.trigger.enabled = true (custom)
2020-10-09 13:09:20,055 [pool-198-thread-1] INFO  server.RaftServerConfigKeys (ConfUtils.java:logGet(44)) - raft.server.snapshot.auto.trigger.threshold = 10000 (custom)
2020-10-09 13:09:20,055 [pool-198-thread-1] INFO  server.RaftServerConfigKeys (ConfUtils.java:logGet(44)) - raft.server.snapshot.retention.file.num = 5 (custom)
2020-10-09 13:09:20,055 [pool-198-thread-1] INFO  server.RaftServerConfigKeys (ConfUtils.java:logGet(44)) - raft.server.log.purge.upto.snapshot.index = false (default)
2020-10-09 13:09:20,055 [pool-198-thread-1] INFO  server.RaftServerConfigKeys (ConfUtils.java:logGet(44)) - raft.server.retrycache.expirytime = 600000ms (custom)
2020-10-09 13:09:20,055 [pool-198-thread-1] INFO  metrics.RatisMetrics (RatisMetrics.java:lambda$create$0(36)) - Creating Metrics Registry : ratis.leader_election.35f076fd-81c9-4d49-85ba-25f227690f12@group-290DD5E9E2AB
2020-10-09 13:09:20,056 [pool-198-thread-1] INFO  metrics.RatisMetrics (RatisMetrics.java:lambda$create$0(36)) - Creating Metrics Registry : ratis.server.35f076fd-81c9-4d49-85ba-25f227690f12@group-290DD5E9E2AB
2020-10-09 13:09:20,057 [pool-198-thread-1] INFO  impl.RaftServerImpl (RaftServerImpl.java:start(209)) - 35f076fd-81c9-4d49-85ba-25f227690f12@group-290DD5E9E2AB: start as a follower, conf=-1: [35f076fd-81c9-4d49-85ba-25f227690f12:172.17.0.2:35535:0], old=null
2020-10-09 13:09:20,057 [pool-198-thread-1] INFO  impl.RaftServerImpl (RaftServerImpl.java:setRole(198)) - 35f076fd-81c9-4d49-85ba-25f227690f12@group-290DD5E9E2AB: changes role from      null to FOLLOWER at term 0 for startAsFollower
2020-10-09 13:09:20,057 [pool-198-thread-1] INFO  impl.RoleInfo (RoleInfo.java:updateAndGet(143)) - 35f076fd-81c9-4d49-85ba-25f227690f12: start FollowerState
2020-10-09 13:09:20,060 [pool-198-thread-1] INFO  util.JmxRegister (JmxRegister.java:tryRegister(44)) - Successfully registered JMX Bean with object name Ratis:service=RaftServer,group=group-290DD5E9E2AB,id=35f076fd-81c9-4d49-85ba-25f227690f12
2020-10-09 13:09:20,060 [pool-198-thread-1] INFO  metrics.RatisMetrics (RatisMetrics.java:lambda$create$0(36)) - Creating Metrics Registry : ratis.state_machine.35f076fd-81c9-4d49-85ba-25f227690f12@group-290DD5E9E2AB
2020-10-09 13:09:20,062 [Command processor thread] INFO  commandhandler.CreatePipelineCommandHandler (CreatePipelineCommandHandler.java:handle(110)) - Created Pipeline RATIS ONE #id: "06b70b34-0e25-4487-abbc-290dd5e9e2ab"
uuid128 {
  mostSigBits: 483867803169145991
  leastSigBits: -6071933058202082645
}
.
2020-10-09 13:09:20,219 [Command processor thread] INFO  impl.RaftServerProxy (RaftServerProxy.java:addNew(92)) - a81afdc5-1418-4294-8777-a85822e5b345: addNew group-85D311487B0E:[a81afdc5-1418-4294-8777-a85822e5b345:172.17.0.2:34583:0] returns group-85D311487B0E:java.util.concurrent.CompletableFuture@2e6ff51a[Not completed]
2020-10-09 13:09:20,221 [pool-213-thread-1] INFO  impl.RaftServerImpl (RaftServerImpl.java:<init>(120)) - a81afdc5-1418-4294-8777-a85822e5b345: new RaftServerImpl for group-85D311487B0E:[a81afdc5-1418-4294-8777-a85822e5b345:172.17.0.2:34583:0] with ContainerStateMachine:uninitialized
2020-10-09 13:09:20,221 [pool-213-thread-1] INFO  server.RaftServerConfigKeys (ConfUtils.java:logGet(44)) - raft.server.rpc.timeout.min = 5s (custom)
2020-10-09 13:09:20,221 [pool-213-thread-1] INFO  server.RaftServerConfigKeys (ConfUtils.java:logGet(44)) - raft.server.rpc.timeout.max = 5200ms (custom)
2020-10-09 13:09:20,222 [pool-213-thread-1] INFO  server.RaftServerConfigKeys (ConfUtils.java:logGet(44)) - raft.server.rpcslowness.timeout = 300s (custom)
2020-10-09 13:09:20,222 [pool-213-thread-1] INFO  server.RaftServerConfigKeys (ConfUtils.java:logGet(44)) - raft.server.sleep.deviation.threshold = 300 (default)
2020-10-09 13:09:20,222 [pool-213-thread-1] INFO  server.RaftServerConfigKeys (ConfUtils.java:logGet(44)) - raft.server.log.appender.install.snapshot.enabled = false (custom)
2020-10-09 13:09:20,222 [pool-213-thread-1] INFO  impl.RaftServerImpl (ServerState.java:<init>(104)) - a81afdc5-1418-4294-8777-a85822e5b345@group-85D311487B0E: ConfigurationManager, init=-1: [a81afdc5-1418-4294-8777-a85822e5b345:172.17.0.2:34583:0], old=null, confs=<EMPTY_MAP>
2020-10-09 13:09:20,222 [pool-213-thread-1] INFO  server.RaftServerConfigKeys (ConfUtils.java:logGet(44)) - raft.server.storage.dir = [/github/workspace/mnt/ozone/hadoop-ozone/integration-test/target/test-dir/MiniOzoneClusterImpl-3c6d3de1-1da1-4a65-89f4-2560fa2fb7b3/datanode-3/data/ratis] (custom)
2020-10-09 13:09:20,222 [pool-213-thread-1] INFO  server.RaftServerConfigKeys (ConfUtils.java:logGet(44)) - raft.server.log.corruption.policy = EXCEPTION (default)
2020-10-09 13:09:20,222 [pool-213-thread-1] INFO  storage.RaftStorageDirectory (RaftStorageDirectory.java:analyzeStorage(261)) - The storage directory /github/workspace/mnt/ozone/hadoop-ozone/integration-test/target/test-dir/MiniOzoneClusterImpl-3c6d3de1-1da1-4a65-89f4-2560fa2fb7b3/datanode-3/data/ratis/eff39d32-4522-4b42-820c-85d311487b0e does not exist. Creating ...
2020-10-09 13:09:20,224 [pool-213-thread-1] INFO  storage.RaftStorageDirectory (RaftStorageDirectory.java:tryLock(343)) - Lock on /github/workspace/mnt/ozone/hadoop-ozone/integration-test/target/test-dir/MiniOzoneClusterImpl-3c6d3de1-1da1-4a65-89f4-2560fa2fb7b3/datanode-3/data/ratis/eff39d32-4522-4b42-820c-85d311487b0e/in_use.lock acquired by nodename 19038@01daa2e02541
2020-10-09 13:09:20,225 [pool-213-thread-1] INFO  storage.RaftStorage (RaftStorage.java:format(84)) - Storage directory /github/workspace/mnt/ozone/hadoop-ozone/integration-test/target/test-dir/MiniOzoneClusterImpl-3c6d3de1-1da1-4a65-89f4-2560fa2fb7b3/datanode-3/data/ratis/eff39d32-4522-4b42-820c-85d311487b0e has been successfully formatted.
2020-10-09 13:09:20,226 [pool-213-thread-1] INFO  ratis.ContainerStateMachine (ContainerStateMachine.java:loadSnapshot(225)) - group-85D311487B0E: The snapshot info is null. Setting the last applied indexto:(t:0, i:~)
2020-10-09 13:09:20,226 [pool-213-thread-1] INFO  server.RaftServerConfigKeys (ConfUtils.java:logGet(44)) - raft.server.notification.no-leader.timeout = 300s (custom)
2020-10-09 13:09:20,227 [pool-213-thread-1] INFO  server.RaftServerConfigKeys (ConfUtils.java:logGet(44)) - raft.server.log.use.memory = false (default)
2020-10-09 13:09:20,227 [pool-213-thread-1] INFO  server.RaftServerConfigKeys (ConfUtils.java:logGet(44)) - raft.server.log.purge.gap = 1000000 (custom)
2020-10-09 13:09:20,228 [EventQueue-PipelineReportForPipelineReportHandler] INFO  pipeline.PipelineStateManager (PipelineStateManager.java:openPipeline(131)) - Pipeline Pipeline[ Id: eff39d32-4522-4b42-820c-85d311487b0e, Nodes: a81afdc5-1418-4294-8777-a85822e5b345{ip: 172.17.0.2, host: 01daa2e02541, networkLocation: /default-rack, certSerialId: null}, Type:RATIS, Factor:ONE, State:ALLOCATED, leaderId:a81afdc5-1418-4294-8777-a85822e5b345, CreationTimestamp2020-10-09T13:09:17.223Z] moved to OPEN state
2020-10-09 13:09:20,228 [pool-213-thread-1] INFO  metrics.RatisMetrics (RatisMetrics.java:lambda$create$0(36)) - Creating Metrics Registry : ratis.log_worker.a81afdc5-1418-4294-8777-a85822e5b345@group-85D311487B0E
2020-10-09 13:09:20,228 [EventQueue-OpenPipelineForOneReplicaPipelineSafeModeRule] INFO  safemode.SCMSafeModeManager (SCMSafeModeManager.java:validateSafeModeExitRules(214)) - AtleastOneDatanodeReportedRule rule is successfully validated
2020-10-09 13:09:20,228 [EventQueue-OpenPipelineForHealthyPipelineSafeModeRule] INFO  safemode.SCMSafeModeManager (HealthyPipelineSafeModeRule.java:process(129)) - SCM in safe mode. Healthy pipelines reported count is 0, required healthy pipeline reported count is 1
2020-10-09 13:09:20,228 [pool-213-thread-1] INFO  server.RaftServerConfigKeys (ConfUtils.java:logGet(44)) - raft.server.log.appender.buffer.byte-limit = 33554432 (custom)
2020-10-09 13:09:20,228 [pool-213-thread-1] INFO  server.RaftServerConfigKeys (ConfUtils.java:logGet(44)) - raft.server.log.segment.size.max = 1048576 (custom)
2020-10-09 13:09:20,229 [pool-213-thread-1] INFO  server.RaftServerConfigKeys (ConfUtils.java:logGet(44)) - raft.server.log.segment.cache.num.max = 2 (custom)
2020-10-09 13:09:20,229 [pool-213-thread-1] INFO  segmented.SegmentedRaftLogWorker (SegmentedRaftLogWorker.java:<init>(180)) - new a81afdc5-1418-4294-8777-a85822e5b345@group-85D311487B0E-SegmentedRaftLogWorker for RaftStorage:Storage Directory /github/workspace/mnt/ozone/hadoop-ozone/integration-test/target/test-dir/MiniOzoneClusterImpl-3c6d3de1-1da1-4a65-89f4-2560fa2fb7b3/datanode-3/data/ratis/eff39d32-4522-4b42-820c-85d311487b0e
2020-10-09 13:09:20,229 [pool-213-thread-1] INFO  server.RaftServerConfigKeys (ConfUtils.java:logGet(44)) - raft.server.log.queue.byte-limit = 2147483647 (custom)
2020-10-09 13:09:20,229 [pool-213-thread-1] INFO  server.RaftServerConfigKeys (ConfUtils.java:logGet(44)) - raft.server.log.queue.element-limit = 1024 (custom)
2020-10-09 13:09:20,229 [pool-213-thread-1] INFO  server.RaftServerConfigKeys (ConfUtils.java:logGet(44)) - raft.server.log.segment.size.max = 1048576 (custom)
2020-10-09 13:09:20,229 [pool-213-thread-1] INFO  server.RaftServerConfigKeys (ConfUtils.java:logGet(44)) - raft.server.log.preallocated.size = 16384 (custom)
2020-10-09 13:09:20,229 [pool-213-thread-1] INFO  server.RaftServerConfigKeys (ConfUtils.java:logGet(44)) - raft.server.log.write.buffer.size = 1048576 (custom)
2020-10-09 13:09:20,229 [pool-213-thread-1] INFO  server.RaftServerConfigKeys (ConfUtils.java:logGet(44)) - raft.server.log.force.sync.num = 128 (default)
2020-10-09 13:09:20,229 [pool-213-thread-1] INFO  server.RaftServerConfigKeys (ConfUtils.java:logGet(44)) - raft.server.log.statemachine.data.sync = true (default)
2020-10-09 13:09:20,230 [pool-213-thread-1] INFO  server.RaftServerConfigKeys (ConfUtils.java:logGet(44)) - raft.server.log.statemachine.data.sync.timeout = 10s (default)
2020-10-09 13:09:20,230 [pool-213-thread-1] INFO  server.RaftServerConfigKeys (ConfUtils.java:logGet(44)) - raft.server.log.statemachine.data.sync.timeout.retry = -1 (default)
2020-10-09 13:09:20,231 [pool-213-thread-1] INFO  server.RaftServerConfigKeys (ConfUtils.java:logGet(44)) - raft.server.log.statemachine.data.caching.enabled = true (custom)
2020-10-09 13:09:20,231 [pool-213-thread-1] INFO  segmented.SegmentedRaftLogWorker (SegmentedRaftLogWorker.java:lambda$new$0(129)) - a81afdc5-1418-4294-8777-a85822e5b345@group-85D311487B0E-SegmentedRaftLogWorker: flushIndex: setUnconditionally 0 -> -1
2020-10-09 13:09:20,231 [pool-213-thread-1] INFO  segmented.SegmentedRaftLogWorker (SegmentedRaftLogWorker.java:lambda$new$0(129)) - a81afdc5-1418-4294-8777-a85822e5b345@group-85D311487B0E-SegmentedRaftLogWorker: safeCacheEvictIndex: setUnconditionally 0 -> -1
2020-10-09 13:09:20,235 [pool-213-thread-1] INFO  server.RaftServerConfigKeys (ConfUtils.java:logGet(44)) - raft.server.snapshot.auto.trigger.enabled = true (custom)
2020-10-09 13:09:20,235 [pool-213-thread-1] INFO  server.RaftServerConfigKeys (ConfUtils.java:logGet(44)) - raft.server.snapshot.auto.trigger.threshold = 10000 (custom)
2020-10-09 13:09:20,235 [pool-213-thread-1] INFO  server.RaftServerConfigKeys (ConfUtils.java:logGet(44)) - raft.server.snapshot.retention.file.num = 5 (custom)
2020-10-09 13:09:20,235 [pool-213-thread-1] INFO  server.RaftServerConfigKeys (ConfUtils.java:logGet(44)) - raft.server.log.purge.upto.snapshot.index = false (default)
2020-10-09 13:09:20,235 [pool-213-thread-1] INFO  server.RaftServerConfigKeys (ConfUtils.java:logGet(44)) - raft.server.retrycache.expirytime = 600000ms (custom)
2020-10-09 13:09:20,235 [pool-213-thread-1] INFO  metrics.RatisMetrics (RatisMetrics.java:lambda$create$0(36)) - Creating Metrics Registry : ratis.leader_election.a81afdc5-1418-4294-8777-a85822e5b345@group-85D311487B0E
2020-10-09 13:09:20,235 [pool-213-thread-1] INFO  metrics.RatisMetrics (RatisMetrics.java:lambda$create$0(36)) - Creating Metrics Registry : ratis.server.a81afdc5-1418-4294-8777-a85822e5b345@group-85D311487B0E
2020-10-09 13:09:20,236 [pool-213-thread-1] INFO  impl.RaftServerImpl (RaftServerImpl.java:start(209)) - a81afdc5-1418-4294-8777-a85822e5b345@group-85D311487B0E: start as a follower, conf=-1: [a81afdc5-1418-4294-8777-a85822e5b345:172.17.0.2:34583:0], old=null
2020-10-09 13:09:20,236 [pool-213-thread-1] INFO  impl.RaftServerImpl (RaftServerImpl.java:setRole(198)) - a81afdc5-1418-4294-8777-a85822e5b345@group-85D311487B0E: changes role from      null to FOLLOWER at term 0 for startAsFollower
2020-10-09 13:09:20,237 [pool-213-thread-1] INFO  impl.RoleInfo (RoleInfo.java:updateAndGet(143)) - a81afdc5-1418-4294-8777-a85822e5b345: start FollowerState
2020-10-09 13:09:20,237 [pool-213-thread-1] INFO  util.JmxRegister (JmxRegister.java:tryRegister(44)) - Successfully registered JMX Bean with object name Ratis:service=RaftServer,group=group-85D311487B0E,id=a81afdc5-1418-4294-8777-a85822e5b345
2020-10-09 13:09:20,237 [pool-213-thread-1] INFO  metrics.RatisMetrics (RatisMetrics.java:lambda$create$0(36)) - Creating Metrics Registry : ratis.state_machine.a81afdc5-1418-4294-8777-a85822e5b345@group-85D311487B0E
2020-10-09 13:09:20,238 [Command processor thread] INFO  commandhandler.CreatePipelineCommandHandler (CreatePipelineCommandHandler.java:handle(110)) - Created Pipeline RATIS ONE #id: "eff39d32-4522-4b42-820c-85d311487b0e"
uuid128 {
  mostSigBits: -1156407840070284478
  leastSigBits: -9075732007483835634
}
.
2020-10-09 13:09:20,238 [Command processor thread] INFO  impl.RaftServerProxy (RaftServerProxy.java:addNew(92)) - a81afdc5-1418-4294-8777-a85822e5b345: addNew group-31C907F937B7:[d6479ada-01f6-46a2-af6c-4c5e8a8a5896:172.17.0.2:38307:0, a81afdc5-1418-4294-8777-a85822e5b345:172.17.0.2:34583:0, fb832d46-014a-40af-bef4-7a4864cad3bb:172.17.0.2:34119:0] returns group-31C907F937B7:java.util.concurrent.CompletableFuture@2a50640f[Not completed]
2020-10-09 13:09:20,238 [pool-213-thread-1] INFO  impl.RaftServerImpl (RaftServerImpl.java:<init>(120)) - a81afdc5-1418-4294-8777-a85822e5b345: new RaftServerImpl for group-31C907F937B7:[d6479ada-01f6-46a2-af6c-4c5e8a8a5896:172.17.0.2:38307:0, a81afdc5-1418-4294-8777-a85822e5b345:172.17.0.2:34583:0, fb832d46-014a-40af-bef4-7a4864cad3bb:172.17.0.2:34119:0] with ContainerStateMachine:uninitialized
2020-10-09 13:09:20,239 [pool-213-thread-1] INFO  server.RaftServerConfigKeys (ConfUtils.java:logGet(44)) - raft.server.rpc.timeout.min = 5s (custom)
2020-10-09 13:09:20,239 [pool-213-thread-1] INFO  server.RaftServerConfigKeys (ConfUtils.java:logGet(44)) - raft.server.rpc.timeout.max = 5200ms (custom)
2020-10-09 13:09:20,239 [pool-213-thread-1] INFO  server.RaftServerConfigKeys (ConfUtils.java:logGet(44)) - raft.server.rpcslowness.timeout = 300s (custom)
2020-10-09 13:09:20,239 [pool-213-thread-1] INFO  server.RaftServerConfigKeys (ConfUtils.java:logGet(44)) - raft.server.sleep.deviation.threshold = 300 (default)
2020-10-09 13:09:20,239 [pool-213-thread-1] INFO  server.RaftServerConfigKeys (ConfUtils.java:logGet(44)) - raft.server.log.appender.install.snapshot.enabled = false (custom)
2020-10-09 13:09:20,239 [pool-213-thread-1] INFO  impl.RaftServerImpl (ServerState.java:<init>(104)) - a81afdc5-1418-4294-8777-a85822e5b345@group-31C907F937B7: ConfigurationManager, init=-1: [d6479ada-01f6-46a2-af6c-4c5e8a8a5896:172.17.0.2:38307:0, a81afdc5-1418-4294-8777-a85822e5b345:172.17.0.2:34583:0, fb832d46-014a-40af-bef4-7a4864cad3bb:172.17.0.2:34119:0], old=null, confs=<EMPTY_MAP>
2020-10-09 13:09:20,239 [pool-213-thread-1] INFO  server.RaftServerConfigKeys (ConfUtils.java:logGet(44)) - raft.server.storage.dir = [/github/workspace/mnt/ozone/hadoop-ozone/integration-test/target/test-dir/MiniOzoneClusterImpl-3c6d3de1-1da1-4a65-89f4-2560fa2fb7b3/datanode-3/data/ratis] (custom)
2020-10-09 13:09:20,239 [pool-213-thread-1] INFO  server.RaftServerConfigKeys (ConfUtils.java:logGet(44)) - raft.server.log.corruption.policy = EXCEPTION (default)
2020-10-09 13:09:20,239 [pool-213-thread-1] INFO  storage.RaftStorageDirectory (RaftStorageDirectory.java:analyzeStorage(261)) - The storage directory /github/workspace/mnt/ozone/hadoop-ozone/integration-test/target/test-dir/MiniOzoneClusterImpl-3c6d3de1-1da1-4a65-89f4-2560fa2fb7b3/datanode-3/data/ratis/9d4a6958-0a4a-4646-bfed-31c907f937b7 does not exist. Creating ...
2020-10-09 13:09:20,240 [pool-213-thread-1] INFO  storage.RaftStorageDirectory (RaftStorageDirectory.java:tryLock(343)) - Lock on /github/workspace/mnt/ozone/hadoop-ozone/integration-test/target/test-dir/MiniOzoneClusterImpl-3c6d3de1-1da1-4a65-89f4-2560fa2fb7b3/datanode-3/data/ratis/9d4a6958-0a4a-4646-bfed-31c907f937b7/in_use.lock acquired by nodename 19038@01daa2e02541
2020-10-09 13:09:20,241 [pool-213-thread-1] INFO  storage.RaftStorage (RaftStorage.java:format(84)) - Storage directory /github/workspace/mnt/ozone/hadoop-ozone/integration-test/target/test-dir/MiniOzoneClusterImpl-3c6d3de1-1da1-4a65-89f4-2560fa2fb7b3/datanode-3/data/ratis/9d4a6958-0a4a-4646-bfed-31c907f937b7 has been successfully formatted.
2020-10-09 13:09:20,241 [pool-213-thread-1] INFO  ratis.ContainerStateMachine (ContainerStateMachine.java:loadSnapshot(225)) - group-31C907F937B7: The snapshot info is null. Setting the last applied indexto:(t:0, i:~)
2020-10-09 13:09:20,242 [pool-213-thread-1] INFO  server.RaftServerConfigKeys (ConfUtils.java:logGet(44)) - raft.server.notification.no-leader.timeout = 300s (custom)
2020-10-09 13:09:20,242 [pool-213-thread-1] INFO  server.RaftServerConfigKeys (ConfUtils.java:logGet(44)) - raft.server.log.use.memory = false (default)
2020-10-09 13:09:20,242 [pool-213-thread-1] INFO  server.RaftServerConfigKeys (ConfUtils.java:logGet(44)) - raft.server.log.purge.gap = 1000000 (custom)
2020-10-09 13:09:20,242 [pool-213-thread-1] INFO  metrics.RatisMetrics (RatisMetrics.java:lambda$create$0(36)) - Creating Metrics Registry : ratis.log_worker.a81afdc5-1418-4294-8777-a85822e5b345@group-31C907F937B7
2020-10-09 13:09:20,242 [pool-213-thread-1] INFO  server.RaftServerConfigKeys (ConfUtils.java:logGet(44)) - raft.server.log.appender.buffer.byte-limit = 33554432 (custom)
2020-10-09 13:09:20,242 [pool-213-thread-1] INFO  server.RaftServerConfigKeys (ConfUtils.java:logGet(44)) - raft.server.log.segment.size.max = 1048576 (custom)
2020-10-09 13:09:20,243 [pool-213-thread-1] INFO  server.RaftServerConfigKeys (ConfUtils.java:logGet(44)) - raft.server.log.segment.cache.num.max = 2 (custom)
2020-10-09 13:09:20,243 [pool-213-thread-1] INFO  segmented.SegmentedRaftLogWorker (SegmentedRaftLogWorker.java:<init>(180)) - new a81afdc5-1418-4294-8777-a85822e5b345@group-31C907F937B7-SegmentedRaftLogWorker for RaftStorage:Storage Directory /github/workspace/mnt/ozone/hadoop-ozone/integration-test/target/test-dir/MiniOzoneClusterImpl-3c6d3de1-1da1-4a65-89f4-2560fa2fb7b3/datanode-3/data/ratis/9d4a6958-0a4a-4646-bfed-31c907f937b7
2020-10-09 13:09:20,243 [pool-213-thread-1] INFO  server.RaftServerConfigKeys (ConfUtils.java:logGet(44)) - raft.server.log.queue.byte-limit = 2147483647 (custom)
2020-10-09 13:09:20,243 [pool-213-thread-1] INFO  server.RaftServerConfigKeys (ConfUtils.java:logGet(44)) - raft.server.log.queue.element-limit = 1024 (custom)
2020-10-09 13:09:20,243 [pool-213-thread-1] INFO  server.RaftServerConfigKeys (ConfUtils.java:logGet(44)) - raft.server.log.segment.size.max = 1048576 (custom)
2020-10-09 13:09:20,243 [pool-213-thread-1] INFO  server.RaftServerConfigKeys (ConfUtils.java:logGet(44)) - raft.server.log.preallocated.size = 16384 (custom)
2020-10-09 13:09:20,243 [pool-213-thread-1] INFO  server.RaftServerConfigKeys (ConfUtils.java:logGet(44)) - raft.server.log.write.buffer.size = 1048576 (custom)
2020-10-09 13:09:20,243 [pool-213-thread-1] INFO  server.RaftServerConfigKeys (ConfUtils.java:logGet(44)) - raft.server.log.force.sync.num = 128 (default)
2020-10-09 13:09:20,243 [pool-213-thread-1] INFO  server.RaftServerConfigKeys (ConfUtils.java:logGet(44)) - raft.server.log.statemachine.data.sync = true (default)
2020-10-09 13:09:20,243 [pool-213-thread-1] INFO  server.RaftServerConfigKeys (ConfUtils.java:logGet(44)) - raft.server.log.statemachine.data.sync.timeout = 10s (default)
2020-10-09 13:09:20,244 [pool-213-thread-1] INFO  server.RaftServerConfigKeys (ConfUtils.java:logGet(44)) - raft.server.log.statemachine.data.sync.timeout.retry = -1 (default)
2020-10-09 13:09:20,245 [pool-213-thread-1] INFO  server.RaftServerConfigKeys (ConfUtils.java:logGet(44)) - raft.server.log.statemachine.data.caching.enabled = true (custom)
2020-10-09 13:09:20,245 [pool-213-thread-1] INFO  segmented.SegmentedRaftLogWorker (SegmentedRaftLogWorker.java:lambda$new$0(129)) - a81afdc5-1418-4294-8777-a85822e5b345@group-31C907F937B7-SegmentedRaftLogWorker: flushIndex: setUnconditionally 0 -> -1
2020-10-09 13:09:20,245 [pool-213-thread-1] INFO  segmented.SegmentedRaftLogWorker (SegmentedRaftLogWorker.java:lambda$new$0(129)) - a81afdc5-1418-4294-8777-a85822e5b345@group-31C907F937B7-SegmentedRaftLogWorker: safeCacheEvictIndex: setUnconditionally 0 -> -1
2020-10-09 13:09:20,245 [pool-213-thread-1] INFO  server.RaftServerConfigKeys (ConfUtils.java:logGet(44)) - raft.server.snapshot.auto.trigger.enabled = true (custom)
2020-10-09 13:09:20,245 [pool-213-thread-1] INFO  server.RaftServerConfigKeys (ConfUtils.java:logGet(44)) - raft.server.snapshot.auto.trigger.threshold = 10000 (custom)
2020-10-09 13:09:20,245 [pool-213-thread-1] INFO  server.RaftServerConfigKeys (ConfUtils.java:logGet(44)) - raft.server.snapshot.retention.file.num = 5 (custom)
2020-10-09 13:09:20,245 [pool-213-thread-1] INFO  server.RaftServerConfigKeys (ConfUtils.java:logGet(44)) - raft.server.log.purge.upto.snapshot.index = false (default)
2020-10-09 13:09:20,245 [pool-213-thread-1] INFO  server.RaftServerConfigKeys (ConfUtils.java:logGet(44)) - raft.server.retrycache.expirytime = 600000ms (custom)
2020-10-09 13:09:20,246 [pool-213-thread-1] INFO  metrics.RatisMetrics (RatisMetrics.java:lambda$create$0(36)) - Creating Metrics Registry : ratis.leader_election.a81afdc5-1418-4294-8777-a85822e5b345@group-31C907F937B7
2020-10-09 13:09:20,246 [pool-213-thread-1] INFO  metrics.RatisMetrics (RatisMetrics.java:lambda$create$0(36)) - Creating Metrics Registry : ratis.server.a81afdc5-1418-4294-8777-a85822e5b345@group-31C907F937B7
2020-10-09 13:09:20,247 [pool-213-thread-1] INFO  impl.RaftServerImpl (RaftServerImpl.java:start(209)) - a81afdc5-1418-4294-8777-a85822e5b345@group-31C907F937B7: start as a follower, conf=-1: [d6479ada-01f6-46a2-af6c-4c5e8a8a5896:172.17.0.2:38307:0, a81afdc5-1418-4294-8777-a85822e5b345:172.17.0.2:34583:0, fb832d46-014a-40af-bef4-7a4864cad3bb:172.17.0.2:34119:0], old=null
2020-10-09 13:09:20,247 [pool-213-thread-1] INFO  impl.RaftServerImpl (RaftServerImpl.java:setRole(198)) - a81afdc5-1418-4294-8777-a85822e5b345@group-31C907F937B7: changes role from      null to FOLLOWER at term 0 for startAsFollower
2020-10-09 13:09:20,247 [pool-213-thread-1] INFO  impl.RoleInfo (RoleInfo.java:updateAndGet(143)) - a81afdc5-1418-4294-8777-a85822e5b345: start FollowerState
2020-10-09 13:09:20,248 [pool-213-thread-1] INFO  util.JmxRegister (JmxRegister.java:tryRegister(44)) - Successfully registered JMX Bean with object name Ratis:service=RaftServer,group=group-31C907F937B7,id=a81afdc5-1418-4294-8777-a85822e5b345
2020-10-09 13:09:20,248 [pool-213-thread-1] INFO  metrics.RatisMetrics (RatisMetrics.java:lambda$create$0(36)) - Creating Metrics Registry : ratis.state_machine.a81afdc5-1418-4294-8777-a85822e5b345@group-31C907F937B7
2020-10-09 13:09:20,249 [Command processor thread] INFO  metrics.RatisMetrics (RatisMetrics.java:lambda$create$0(36)) - Creating Metrics Registry : ratis.client_message_metrics.client-BDD7A7E49501->d6479ada-01f6-46a2-af6c-4c5e8a8a5896
2020-10-09 13:09:20,255 [grpc-default-executor-0] INFO  metrics.RatisMetrics (RatisMetrics.java:lambda$create$0(36)) - Creating Metrics Registry : ratis.server_message_metrics.d6479ada-01f6-46a2-af6c-4c5e8a8a5896
2020-10-09 13:09:20,260 [grpc-default-executor-0] INFO  impl.RaftServerProxy (RaftServerProxy.java:addNew(92)) - d6479ada-01f6-46a2-af6c-4c5e8a8a5896: addNew group-31C907F937B7:[d6479ada-01f6-46a2-af6c-4c5e8a8a5896:172.17.0.2:38307:0, a81afdc5-1418-4294-8777-a85822e5b345:172.17.0.2:34583:0, fb832d46-014a-40af-bef4-7a4864cad3bb:172.17.0.2:34119:0] returns group-31C907F937B7:java.util.concurrent.CompletableFuture@5a129141[Not completed]
2020-10-09 13:09:20,268 [pool-243-thread-1] INFO  impl.RaftServerImpl (RaftServerImpl.java:<init>(120)) - d6479ada-01f6-46a2-af6c-4c5e8a8a5896: new RaftServerImpl for group-31C907F937B7:[d6479ada-01f6-46a2-af6c-4c5e8a8a5896:172.17.0.2:38307:0, a81afdc5-1418-4294-8777-a85822e5b345:172.17.0.2:34583:0, fb832d46-014a-40af-bef4-7a4864cad3bb:172.17.0.2:34119:0] with ContainerStateMachine:uninitialized
2020-10-09 13:09:20,271 [pool-243-thread-1] INFO  server.RaftServerConfigKeys (ConfUtils.java:logGet(44)) - raft.server.rpc.timeout.min = 5s (custom)
2020-10-09 13:09:20,271 [pool-243-thread-1] INFO  server.RaftServerConfigKeys (ConfUtils.java:logGet(44)) - raft.server.rpc.timeout.max = 5200ms (custom)
2020-10-09 13:09:20,271 [pool-243-thread-1] INFO  server.RaftServerConfigKeys (ConfUtils.java:logGet(44)) - raft.server.rpcslowness.timeout = 300s (custom)
2020-10-09 13:09:20,271 [pool-243-thread-1] INFO  server.RaftServerConfigKeys (ConfUtils.java:logGet(44)) - raft.server.sleep.deviation.threshold = 300 (default)
2020-10-09 13:09:20,272 [pool-243-thread-1] INFO  server.RaftServerConfigKeys (ConfUtils.java:logGet(44)) - raft.server.log.appender.install.snapshot.enabled = false (custom)
2020-10-09 13:09:20,272 [pool-243-thread-1] INFO  impl.RaftServerImpl (ServerState.java:<init>(104)) - d6479ada-01f6-46a2-af6c-4c5e8a8a5896@group-31C907F937B7: ConfigurationManager, init=-1: [d6479ada-01f6-46a2-af6c-4c5e8a8a5896:172.17.0.2:38307:0, a81afdc5-1418-4294-8777-a85822e5b345:172.17.0.2:34583:0, fb832d46-014a-40af-bef4-7a4864cad3bb:172.17.0.2:34119:0], old=null, confs=<EMPTY_MAP>
2020-10-09 13:09:20,272 [pool-243-thread-1] INFO  server.RaftServerConfigKeys (ConfUtils.java:logGet(44)) - raft.server.storage.dir = [/github/workspace/mnt/ozone/hadoop-ozone/integration-test/target/test-dir/MiniOzoneClusterImpl-3c6d3de1-1da1-4a65-89f4-2560fa2fb7b3/datanode-5/data/ratis] (custom)
2020-10-09 13:09:20,272 [pool-243-thread-1] INFO  server.RaftServerConfigKeys (ConfUtils.java:logGet(44)) - raft.server.log.corruption.policy = EXCEPTION (default)
2020-10-09 13:09:20,272 [pool-243-thread-1] INFO  storage.RaftStorageDirectory (RaftStorageDirectory.java:analyzeStorage(261)) - The storage directory /github/workspace/mnt/ozone/hadoop-ozone/integration-test/target/test-dir/MiniOzoneClusterImpl-3c6d3de1-1da1-4a65-89f4-2560fa2fb7b3/datanode-5/data/ratis/9d4a6958-0a4a-4646-bfed-31c907f937b7 does not exist. Creating ...
2020-10-09 13:09:20,273 [pool-243-thread-1] INFO  storage.RaftStorageDirectory (RaftStorageDirectory.java:tryLock(343)) - Lock on /github/workspace/mnt/ozone/hadoop-ozone/integration-test/target/test-dir/MiniOzoneClusterImpl-3c6d3de1-1da1-4a65-89f4-2560fa2fb7b3/datanode-5/data/ratis/9d4a6958-0a4a-4646-bfed-31c907f937b7/in_use.lock acquired by nodename 19038@01daa2e02541
2020-10-09 13:09:20,274 [pool-243-thread-1] INFO  storage.RaftStorage (RaftStorage.java:format(84)) - Storage directory /github/workspace/mnt/ozone/hadoop-ozone/integration-test/target/test-dir/MiniOzoneClusterImpl-3c6d3de1-1da1-4a65-89f4-2560fa2fb7b3/datanode-5/data/ratis/9d4a6958-0a4a-4646-bfed-31c907f937b7 has been successfully formatted.
2020-10-09 13:09:20,275 [pool-243-thread-1] INFO  ratis.ContainerStateMachine (ContainerStateMachine.java:loadSnapshot(225)) - group-31C907F937B7: The snapshot info is null. Setting the last applied indexto:(t:0, i:~)
2020-10-09 13:09:20,275 [pool-243-thread-1] INFO  server.RaftServerConfigKeys (ConfUtils.java:logGet(44)) - raft.server.notification.no-leader.timeout = 300s (custom)
2020-10-09 13:09:20,275 [pool-243-thread-1] INFO  server.RaftServerConfigKeys (ConfUtils.java:logGet(44)) - raft.server.log.use.memory = false (default)
2020-10-09 13:09:20,275 [pool-243-thread-1] INFO  server.RaftServerConfigKeys (ConfUtils.java:logGet(44)) - raft.server.log.purge.gap = 1000000 (custom)
2020-10-09 13:09:20,275 [pool-243-thread-1] INFO  metrics.RatisMetrics (RatisMetrics.java:lambda$create$0(36)) - Creating Metrics Registry : ratis.log_worker.d6479ada-01f6-46a2-af6c-4c5e8a8a5896@group-31C907F937B7
2020-10-09 13:09:20,276 [pool-243-thread-1] INFO  server.RaftServerConfigKeys (ConfUtils.java:logGet(44)) - raft.server.log.appender.buffer.byte-limit = 33554432 (custom)
2020-10-09 13:09:20,276 [pool-243-thread-1] INFO  server.RaftServerConfigKeys (ConfUtils.java:logGet(44)) - raft.server.log.segment.size.max = 1048576 (custom)
2020-10-09 13:09:20,276 [pool-243-thread-1] INFO  server.RaftServerConfigKeys (ConfUtils.java:logGet(44)) - raft.server.log.segment.cache.num.max = 2 (custom)
2020-10-09 13:09:20,276 [pool-243-thread-1] INFO  segmented.SegmentedRaftLogWorker (SegmentedRaftLogWorker.java:<init>(180)) - new d6479ada-01f6-46a2-af6c-4c5e8a8a5896@group-31C907F937B7-SegmentedRaftLogWorker for RaftStorage:Storage Directory /github/workspace/mnt/ozone/hadoop-ozone/integration-test/target/test-dir/MiniOzoneClusterImpl-3c6d3de1-1da1-4a65-89f4-2560fa2fb7b3/datanode-5/data/ratis/9d4a6958-0a4a-4646-bfed-31c907f937b7
2020-10-09 13:09:20,276 [pool-243-thread-1] INFO  server.RaftServerConfigKeys (ConfUtils.java:logGet(44)) - raft.server.log.queue.byte-limit = 2147483647 (custom)
2020-10-09 13:09:20,277 [pool-243-thread-1] INFO  server.RaftServerConfigKeys (ConfUtils.java:logGet(44)) - raft.server.log.queue.element-limit = 1024 (custom)
2020-10-09 13:09:20,277 [pool-243-thread-1] INFO  server.RaftServerConfigKeys (ConfUtils.java:logGet(44)) - raft.server.log.segment.size.max = 1048576 (custom)
2020-10-09 13:09:20,277 [pool-243-thread-1] INFO  server.RaftServerConfigKeys (ConfUtils.java:logGet(44)) - raft.server.log.preallocated.size = 16384 (custom)
2020-10-09 13:09:20,277 [pool-243-thread-1] INFO  server.RaftServerConfigKeys (ConfUtils.java:logGet(44)) - raft.server.log.write.buffer.size = 1048576 (custom)
2020-10-09 13:09:20,277 [pool-243-thread-1] INFO  server.RaftServerConfigKeys (ConfUtils.java:logGet(44)) - raft.server.log.force.sync.num = 128 (default)
2020-10-09 13:09:20,277 [pool-243-thread-1] INFO  server.RaftServerConfigKeys (ConfUtils.java:logGet(44)) - raft.server.log.statemachine.data.sync = true (default)
2020-10-09 13:09:20,277 [pool-243-thread-1] INFO  server.RaftServerConfigKeys (ConfUtils.java:logGet(44)) - raft.server.log.statemachine.data.sync.timeout = 10s (default)
2020-10-09 13:09:20,277 [pool-243-thread-1] INFO  server.RaftServerConfigKeys (ConfUtils.java:logGet(44)) - raft.server.log.statemachine.data.sync.timeout.retry = -1 (default)
2020-10-09 13:09:20,278 [pool-243-thread-1] INFO  server.RaftServerConfigKeys (ConfUtils.java:logGet(44)) - raft.server.log.statemachine.data.caching.enabled = true (custom)
2020-10-09 13:09:20,279 [pool-243-thread-1] INFO  segmented.SegmentedRaftLogWorker (SegmentedRaftLogWorker.java:lambda$new$0(129)) - d6479ada-01f6-46a2-af6c-4c5e8a8a5896@group-31C907F937B7-SegmentedRaftLogWorker: flushIndex: setUnconditionally 0 -> -1
2020-10-09 13:09:20,279 [pool-243-thread-1] INFO  segmented.SegmentedRaftLogWorker (SegmentedRaftLogWorker.java:lambda$new$0(129)) - d6479ada-01f6-46a2-af6c-4c5e8a8a5896@group-31C907F937B7-SegmentedRaftLogWorker: safeCacheEvictIndex: setUnconditionally 0 -> -1
2020-10-09 13:09:20,279 [pool-243-thread-1] INFO  server.RaftServerConfigKeys (ConfUtils.java:logGet(44)) - raft.server.snapshot.auto.trigger.enabled = true (custom)
2020-10-09 13:09:20,279 [pool-243-thread-1] INFO  server.RaftServerConfigKeys (ConfUtils.java:logGet(44)) - raft.server.snapshot.auto.trigger.threshold = 10000 (custom)
2020-10-09 13:09:20,279 [pool-243-thread-1] INFO  server.RaftServerConfigKeys (ConfUtils.java:logGet(44)) - raft.server.snapshot.retention.file.num = 5 (custom)
2020-10-09 13:09:20,279 [pool-243-thread-1] INFO  server.RaftServerConfigKeys (ConfUtils.java:logGet(44)) - raft.server.log.purge.upto.snapshot.index = false (default)
2020-10-09 13:09:20,279 [pool-243-thread-1] INFO  server.RaftServerConfigKeys (ConfUtils.java:logGet(44)) - raft.server.retrycache.expirytime = 600000ms (custom)
2020-10-09 13:09:20,279 [pool-243-thread-1] INFO  metrics.RatisMetrics (RatisMetrics.java:lambda$create$0(36)) - Creating Metrics Registry : ratis.leader_election.d6479ada-01f6-46a2-af6c-4c5e8a8a5896@group-31C907F937B7
2020-10-09 13:09:20,280 [pool-243-thread-1] INFO  metrics.RatisMetrics (RatisMetrics.java:lambda$create$0(36)) - Creating Metrics Registry : ratis.server.d6479ada-01f6-46a2-af6c-4c5e8a8a5896@group-31C907F937B7
2020-10-09 13:09:20,288 [pool-243-thread-1] INFO  impl.RaftServerImpl (RaftServerImpl.java:start(209)) - d6479ada-01f6-46a2-af6c-4c5e8a8a5896@group-31C907F937B7: start as a follower, conf=-1: [d6479ada-01f6-46a2-af6c-4c5e8a8a5896:172.17.0.2:38307:0, a81afdc5-1418-4294-8777-a85822e5b345:172.17.0.2:34583:0, fb832d46-014a-40af-bef4-7a4864cad3bb:172.17.0.2:34119:0], old=null
2020-10-09 13:09:20,288 [pool-243-thread-1] INFO  impl.RaftServerImpl (RaftServerImpl.java:setRole(198)) - d6479ada-01f6-46a2-af6c-4c5e8a8a5896@group-31C907F937B7: changes role from      null to FOLLOWER at term 0 for startAsFollower
2020-10-09 13:09:20,288 [pool-243-thread-1] INFO  impl.RoleInfo (RoleInfo.java:updateAndGet(143)) - d6479ada-01f6-46a2-af6c-4c5e8a8a5896: start FollowerState
2020-10-09 13:09:20,288 [pool-243-thread-1] INFO  util.JmxRegister (JmxRegister.java:tryRegister(44)) - Successfully registered JMX Bean with object name Ratis:service=RaftServer,group=group-31C907F937B7,id=d6479ada-01f6-46a2-af6c-4c5e8a8a5896
2020-10-09 13:09:20,289 [pool-243-thread-1] INFO  metrics.RatisMetrics (RatisMetrics.java:lambda$create$0(36)) - Creating Metrics Registry : ratis.state_machine.d6479ada-01f6-46a2-af6c-4c5e8a8a5896@group-31C907F937B7
2020-10-09 13:09:20,299 [Command processor thread] INFO  metrics.RatisMetrics (RatisMetrics.java:lambda$create$0(36)) - Creating Metrics Registry : ratis.client_message_metrics.client-370E57B92376->fb832d46-014a-40af-bef4-7a4864cad3bb
2020-10-09 13:09:20,304 [grpc-default-executor-0] INFO  metrics.RatisMetrics (RatisMetrics.java:lambda$create$0(36)) - Creating Metrics Registry : ratis.server_message_metrics.fb832d46-014a-40af-bef4-7a4864cad3bb
2020-10-09 13:09:20,306 [grpc-default-executor-0] INFO  impl.RaftServerProxy (RaftServerProxy.java:addNew(92)) - fb832d46-014a-40af-bef4-7a4864cad3bb: addNew group-31C907F937B7:[d6479ada-01f6-46a2-af6c-4c5e8a8a5896:172.17.0.2:38307:0, a81afdc5-1418-4294-8777-a85822e5b345:172.17.0.2:34583:0, fb832d46-014a-40af-bef4-7a4864cad3bb:172.17.0.2:34119:0] returns group-31C907F937B7:java.util.concurrent.CompletableFuture@73d3072f[Not completed]
2020-10-09 13:09:20,307 [pool-228-thread-1] INFO  impl.RaftServerImpl (RaftServerImpl.java:<init>(120)) - fb832d46-014a-40af-bef4-7a4864cad3bb: new RaftServerImpl for group-31C907F937B7:[d6479ada-01f6-46a2-af6c-4c5e8a8a5896:172.17.0.2:38307:0, a81afdc5-1418-4294-8777-a85822e5b345:172.17.0.2:34583:0, fb832d46-014a-40af-bef4-7a4864cad3bb:172.17.0.2:34119:0] with ContainerStateMachine:uninitialized
2020-10-09 13:09:20,307 [pool-228-thread-1] INFO  server.RaftServerConfigKeys (ConfUtils.java:logGet(44)) - raft.server.rpc.timeout.min = 5s (custom)
2020-10-09 13:09:20,307 [pool-228-thread-1] INFO  server.RaftServerConfigKeys (ConfUtils.java:logGet(44)) - raft.server.rpc.timeout.max = 5200ms (custom)
2020-10-09 13:09:20,307 [pool-228-thread-1] INFO  server.RaftServerConfigKeys (ConfUtils.java:logGet(44)) - raft.server.rpcslowness.timeout = 300s (custom)
2020-10-09 13:09:20,307 [pool-228-thread-1] INFO  server.RaftServerConfigKeys (ConfUtils.java:logGet(44)) - raft.server.sleep.deviation.threshold = 300 (default)
2020-10-09 13:09:20,307 [pool-228-thread-1] INFO  server.RaftServerConfigKeys (ConfUtils.java:logGet(44)) - raft.server.log.appender.install.snapshot.enabled = false (custom)
2020-10-09 13:09:20,307 [pool-228-thread-1] INFO  impl.RaftServerImpl (ServerState.java:<init>(104)) - fb832d46-014a-40af-bef4-7a4864cad3bb@group-31C907F937B7: ConfigurationManager, init=-1: [d6479ada-01f6-46a2-af6c-4c5e8a8a5896:172.17.0.2:38307:0, a81afdc5-1418-4294-8777-a85822e5b345:172.17.0.2:34583:0, fb832d46-014a-40af-bef4-7a4864cad3bb:172.17.0.2:34119:0], old=null, confs=<EMPTY_MAP>
2020-10-09 13:09:20,307 [pool-228-thread-1] INFO  server.RaftServerConfigKeys (ConfUtils.java:logGet(44)) - raft.server.storage.dir = [/github/workspace/mnt/ozone/hadoop-ozone/integration-test/target/test-dir/MiniOzoneClusterImpl-3c6d3de1-1da1-4a65-89f4-2560fa2fb7b3/datanode-4/data/ratis] (custom)
2020-10-09 13:09:20,308 [pool-228-thread-1] INFO  server.RaftServerConfigKeys (ConfUtils.java:logGet(44)) - raft.server.log.corruption.policy = EXCEPTION (default)
2020-10-09 13:09:20,308 [pool-228-thread-1] INFO  storage.RaftStorageDirectory (RaftStorageDirectory.java:analyzeStorage(261)) - The storage directory /github/workspace/mnt/ozone/hadoop-ozone/integration-test/target/test-dir/MiniOzoneClusterImpl-3c6d3de1-1da1-4a65-89f4-2560fa2fb7b3/datanode-4/data/ratis/9d4a6958-0a4a-4646-bfed-31c907f937b7 does not exist. Creating ...
2020-10-09 13:09:20,309 [pool-228-thread-1] INFO  storage.RaftStorageDirectory (RaftStorageDirectory.java:tryLock(343)) - Lock on /github/workspace/mnt/ozone/hadoop-ozone/integration-test/target/test-dir/MiniOzoneClusterImpl-3c6d3de1-1da1-4a65-89f4-2560fa2fb7b3/datanode-4/data/ratis/9d4a6958-0a4a-4646-bfed-31c907f937b7/in_use.lock acquired by nodename 19038@01daa2e02541
2020-10-09 13:09:20,310 [pool-228-thread-1] INFO  storage.RaftStorage (RaftStorage.java:format(84)) - Storage directory /github/workspace/mnt/ozone/hadoop-ozone/integration-test/target/test-dir/MiniOzoneClusterImpl-3c6d3de1-1da1-4a65-89f4-2560fa2fb7b3/datanode-4/data/ratis/9d4a6958-0a4a-4646-bfed-31c907f937b7 has been successfully formatted.
2020-10-09 13:09:20,310 [pool-228-thread-1] INFO  ratis.ContainerStateMachine (ContainerStateMachine.java:loadSnapshot(225)) - group-31C907F937B7: The snapshot info is null. Setting the last applied indexto:(t:0, i:~)
2020-10-09 13:09:20,311 [pool-228-thread-1] INFO  server.RaftServerConfigKeys (ConfUtils.java:logGet(44)) - raft.server.notification.no-leader.timeout = 300s (custom)
2020-10-09 13:09:20,311 [pool-228-thread-1] INFO  server.RaftServerConfigKeys (ConfUtils.java:logGet(44)) - raft.server.log.use.memory = false (default)
2020-10-09 13:09:20,312 [pool-228-thread-1] INFO  server.RaftServerConfigKeys (ConfUtils.java:logGet(44)) - raft.server.log.purge.gap = 1000000 (custom)
2020-10-09 13:09:20,312 [pool-228-thread-1] INFO  metrics.RatisMetrics (RatisMetrics.java:lambda$create$0(36)) - Creating Metrics Registry : ratis.log_worker.fb832d46-014a-40af-bef4-7a4864cad3bb@group-31C907F937B7
2020-10-09 13:09:20,312 [pool-228-thread-1] INFO  server.RaftServerConfigKeys (ConfUtils.java:logGet(44)) - raft.server.log.appender.buffer.byte-limit = 33554432 (custom)
2020-10-09 13:09:20,312 [pool-228-thread-1] INFO  server.RaftServerConfigKeys (ConfUtils.java:logGet(44)) - raft.server.log.segment.size.max = 1048576 (custom)
2020-10-09 13:09:20,312 [pool-228-thread-1] INFO  server.RaftServerConfigKeys (ConfUtils.java:logGet(44)) - raft.server.log.segment.cache.num.max = 2 (custom)
2020-10-09 13:09:20,313 [pool-228-thread-1] INFO  segmented.SegmentedRaftLogWorker (SegmentedRaftLogWorker.java:<init>(180)) - new fb832d46-014a-40af-bef4-7a4864cad3bb@group-31C907F937B7-SegmentedRaftLogWorker for RaftStorage:Storage Directory /github/workspace/mnt/ozone/hadoop-ozone/integration-test/target/test-dir/MiniOzoneClusterImpl-3c6d3de1-1da1-4a65-89f4-2560fa2fb7b3/datanode-4/data/ratis/9d4a6958-0a4a-4646-bfed-31c907f937b7
2020-10-09 13:09:20,313 [pool-228-thread-1] INFO  server.RaftServerConfigKeys (ConfUtils.java:logGet(44)) - raft.server.log.queue.byte-limit = 2147483647 (custom)
2020-10-09 13:09:20,313 [pool-228-thread-1] INFO  server.RaftServerConfigKeys (ConfUtils.java:logGet(44)) - raft.server.log.queue.element-limit = 1024 (custom)
2020-10-09 13:09:20,313 [pool-228-thread-1] INFO  server.RaftServerConfigKeys (ConfUtils.java:logGet(44)) - raft.server.log.segment.size.max = 1048576 (custom)
2020-10-09 13:09:20,313 [pool-228-thread-1] INFO  server.RaftServerConfigKeys (ConfUtils.java:logGet(44)) - raft.server.log.preallocated.size = 16384 (custom)
2020-10-09 13:09:20,313 [pool-228-thread-1] INFO  server.RaftServerConfigKeys (ConfUtils.java:logGet(44)) - raft.server.log.write.buffer.size = 1048576 (custom)
2020-10-09 13:09:20,313 [pool-228-thread-1] INFO  server.RaftServerConfigKeys (ConfUtils.java:logGet(44)) - raft.server.log.force.sync.num = 128 (default)
2020-10-09 13:09:20,313 [pool-228-thread-1] INFO  server.RaftServerConfigKeys (ConfUtils.java:logGet(44)) - raft.server.log.statemachine.data.sync = true (default)
2020-10-09 13:09:20,313 [pool-228-thread-1] INFO  server.RaftServerConfigKeys (ConfUtils.java:logGet(44)) - raft.server.log.statemachine.data.sync.timeout = 10s (default)
2020-10-09 13:09:20,313 [pool-228-thread-1] INFO  server.RaftServerConfigKeys (ConfUtils.java:logGet(44)) - raft.server.log.statemachine.data.sync.timeout.retry = -1 (default)
2020-10-09 13:09:20,315 [pool-228-thread-1] INFO  server.RaftServerConfigKeys (ConfUtils.java:logGet(44)) - raft.server.log.statemachine.data.caching.enabled = true (custom)
2020-10-09 13:09:20,315 [pool-228-thread-1] INFO  segmented.SegmentedRaftLogWorker (SegmentedRaftLogWorker.java:lambda$new$0(129)) - fb832d46-014a-40af-bef4-7a4864cad3bb@group-31C907F937B7-SegmentedRaftLogWorker: flushIndex: setUnconditionally 0 -> -1
2020-10-09 13:09:20,315 [pool-228-thread-1] INFO  segmented.SegmentedRaftLogWorker (SegmentedRaftLogWorker.java:lambda$new$0(129)) - fb832d46-014a-40af-bef4-7a4864cad3bb@group-31C907F937B7-SegmentedRaftLogWorker: safeCacheEvictIndex: setUnconditionally 0 -> -1
2020-10-09 13:09:20,315 [pool-228-thread-1] INFO  server.RaftServerConfigKeys (ConfUtils.java:logGet(44)) - raft.server.snapshot.auto.trigger.enabled = true (custom)
2020-10-09 13:09:20,315 [pool-228-thread-1] INFO  server.RaftServerConfigKeys (ConfUtils.java:logGet(44)) - raft.server.snapshot.auto.trigger.threshold = 10000 (custom)
2020-10-09 13:09:20,315 [pool-228-thread-1] INFO  server.RaftServerConfigKeys (ConfUtils.java:logGet(44)) - raft.server.snapshot.retention.file.num = 5 (custom)
2020-10-09 13:09:20,315 [pool-228-thread-1] INFO  server.RaftServerConfigKeys (ConfUtils.java:logGet(44)) - raft.server.log.purge.upto.snapshot.index = false (default)
2020-10-09 13:09:20,315 [pool-228-thread-1] INFO  server.RaftServerConfigKeys (ConfUtils.java:logGet(44)) - raft.server.retrycache.expirytime = 600000ms (custom)
2020-10-09 13:09:20,315 [pool-228-thread-1] INFO  metrics.RatisMetrics (RatisMetrics.java:lambda$create$0(36)) - Creating Metrics Registry : ratis.leader_election.fb832d46-014a-40af-bef4-7a4864cad3bb@group-31C907F937B7
2020-10-09 13:09:20,316 [pool-228-thread-1] INFO  metrics.RatisMetrics (RatisMetrics.java:lambda$create$0(36)) - Creating Metrics Registry : ratis.server.fb832d46-014a-40af-bef4-7a4864cad3bb@group-31C907F937B7
2020-10-09 13:09:20,317 [pool-228-thread-1] INFO  impl.RaftServerImpl (RaftServerImpl.java:start(209)) - fb832d46-014a-40af-bef4-7a4864cad3bb@group-31C907F937B7: start as a follower, conf=-1: [d6479ada-01f6-46a2-af6c-4c5e8a8a5896:172.17.0.2:38307:0, a81afdc5-1418-4294-8777-a85822e5b345:172.17.0.2:34583:0, fb832d46-014a-40af-bef4-7a4864cad3bb:172.17.0.2:34119:0], old=null
2020-10-09 13:09:20,317 [pool-228-thread-1] INFO  impl.RaftServerImpl (RaftServerImpl.java:setRole(198)) - fb832d46-014a-40af-bef4-7a4864cad3bb@group-31C907F937B7: changes role from      null to FOLLOWER at term 0 for startAsFollower
2020-10-09 13:09:20,317 [pool-228-thread-1] INFO  impl.RoleInfo (RoleInfo.java:updateAndGet(143)) - fb832d46-014a-40af-bef4-7a4864cad3bb: start FollowerState
2020-10-09 13:09:20,317 [pool-228-thread-1] INFO  util.JmxRegister (JmxRegister.java:tryRegister(44)) - Successfully registered JMX Bean with object name Ratis:service=RaftServer,group=group-31C907F937B7,id=fb832d46-014a-40af-bef4-7a4864cad3bb
2020-10-09 13:09:20,317 [pool-228-thread-1] INFO  metrics.RatisMetrics (RatisMetrics.java:lambda$create$0(36)) - Creating Metrics Registry : ratis.state_machine.fb832d46-014a-40af-bef4-7a4864cad3bb@group-31C907F937B7
2020-10-09 13:09:20,322 [Command processor thread] INFO  commandhandler.CreatePipelineCommandHandler (CreatePipelineCommandHandler.java:handle(110)) - Created Pipeline RATIS THREE #id: "9d4a6958-0a4a-4646-bfed-31c907f937b7"
uuid128 {
  mostSigBits: -7112756834627598778
  leastSigBits: -4616979303492929609
}
.
2020-10-09 13:09:20,397 [Command processor thread] INFO  impl.RaftServerProxy (RaftServerProxy.java:addNew(92)) - fb832d46-014a-40af-bef4-7a4864cad3bb: addNew group-645C64F3DEB7:[fb832d46-014a-40af-bef4-7a4864cad3bb:172.17.0.2:34119:0] returns group-645C64F3DEB7:java.util.concurrent.CompletableFuture@3767a176[Not completed]
2020-10-09 13:09:20,398 [pool-228-thread-1] INFO  impl.RaftServerImpl (RaftServerImpl.java:<init>(120)) - fb832d46-014a-40af-bef4-7a4864cad3bb: new RaftServerImpl for group-645C64F3DEB7:[fb832d46-014a-40af-bef4-7a4864cad3bb:172.17.0.2:34119:0] with ContainerStateMachine:uninitialized
2020-10-09 13:09:20,399 [pool-228-thread-1] INFO  server.RaftServerConfigKeys (ConfUtils.java:logGet(44)) - raft.server.rpc.timeout.min = 5s (custom)
2020-10-09 13:09:20,399 [pool-228-thread-1] INFO  server.RaftServerConfigKeys (ConfUtils.java:logGet(44)) - raft.server.rpc.timeout.max = 5200ms (custom)
2020-10-09 13:09:20,399 [pool-228-thread-1] INFO  server.RaftServerConfigKeys (ConfUtils.java:logGet(44)) - raft.server.rpcslowness.timeout = 300s (custom)
2020-10-09 13:09:20,399 [pool-228-thread-1] INFO  server.RaftServerConfigKeys (ConfUtils.java:logGet(44)) - raft.server.sleep.deviation.threshold = 300 (default)
2020-10-09 13:09:20,399 [pool-228-thread-1] INFO  server.RaftServerConfigKeys (ConfUtils.java:logGet(44)) - raft.server.log.appender.install.snapshot.enabled = false (custom)
2020-10-09 13:09:20,399 [pool-228-thread-1] INFO  impl.RaftServerImpl (ServerState.java:<init>(104)) - fb832d46-014a-40af-bef4-7a4864cad3bb@group-645C64F3DEB7: ConfigurationManager, init=-1: [fb832d46-014a-40af-bef4-7a4864cad3bb:172.17.0.2:34119:0], old=null, confs=<EMPTY_MAP>
2020-10-09 13:09:20,399 [pool-228-thread-1] INFO  server.RaftServerConfigKeys (ConfUtils.java:logGet(44)) - raft.server.storage.dir = [/github/workspace/mnt/ozone/hadoop-ozone/integration-test/target/test-dir/MiniOzoneClusterImpl-3c6d3de1-1da1-4a65-89f4-2560fa2fb7b3/datanode-4/data/ratis] (custom)
2020-10-09 13:09:20,399 [pool-228-thread-1] INFO  server.RaftServerConfigKeys (ConfUtils.java:logGet(44)) - raft.server.log.corruption.policy = EXCEPTION (default)
2020-10-09 13:09:20,400 [pool-228-thread-1] INFO  storage.RaftStorageDirectory (RaftStorageDirectory.java:analyzeStorage(261)) - The storage directory /github/workspace/mnt/ozone/hadoop-ozone/integration-test/target/test-dir/MiniOzoneClusterImpl-3c6d3de1-1da1-4a65-89f4-2560fa2fb7b3/datanode-4/data/ratis/87856b61-c5bd-40ec-bcd1-645c64f3deb7 does not exist. Creating ...
2020-10-09 13:09:20,401 [pool-228-thread-1] INFO  storage.RaftStorageDirectory (RaftStorageDirectory.java:tryLock(343)) - Lock on /github/workspace/mnt/ozone/hadoop-ozone/integration-test/target/test-dir/MiniOzoneClusterImpl-3c6d3de1-1da1-4a65-89f4-2560fa2fb7b3/datanode-4/data/ratis/87856b61-c5bd-40ec-bcd1-645c64f3deb7/in_use.lock acquired by nodename 19038@01daa2e02541
2020-10-09 13:09:20,403 [pool-228-thread-1] INFO  storage.RaftStorage (RaftStorage.java:format(84)) - Storage directory /github/workspace/mnt/ozone/hadoop-ozone/integration-test/target/test-dir/MiniOzoneClusterImpl-3c6d3de1-1da1-4a65-89f4-2560fa2fb7b3/datanode-4/data/ratis/87856b61-c5bd-40ec-bcd1-645c64f3deb7 has been successfully formatted.
2020-10-09 13:09:20,406 [EventQueue-PipelineReportForPipelineReportHandler] INFO  pipeline.PipelineStateManager (PipelineStateManager.java:openPipeline(131)) - Pipeline Pipeline[ Id: 87856b61-c5bd-40ec-bcd1-645c64f3deb7, Nodes: fb832d46-014a-40af-bef4-7a4864cad3bb{ip: 172.17.0.2, host: 01daa2e02541, networkLocation: /default-rack, certSerialId: null}, Type:RATIS, Factor:ONE, State:ALLOCATED, leaderId:fb832d46-014a-40af-bef4-7a4864cad3bb, CreationTimestamp2020-10-09T13:09:17.405Z] moved to OPEN state
2020-10-09 13:09:20,406 [EventQueue-OpenPipelineForHealthyPipelineSafeModeRule] INFO  safemode.SCMSafeModeManager (HealthyPipelineSafeModeRule.java:process(129)) - SCM in safe mode. Healthy pipelines reported count is 0, required healthy pipeline reported count is 1
2020-10-09 13:09:20,406 [EventQueue-OpenPipelineForOneReplicaPipelineSafeModeRule] INFO  safemode.SCMSafeModeManager (SCMSafeModeManager.java:validateSafeModeExitRules(214)) - AtleastOneDatanodeReportedRule rule is successfully validated
2020-10-09 13:09:20,406 [pool-228-thread-1] INFO  ratis.ContainerStateMachine (ContainerStateMachine.java:loadSnapshot(225)) - group-645C64F3DEB7: The snapshot info is null. Setting the last applied indexto:(t:0, i:~)
2020-10-09 13:09:20,406 [pool-228-thread-1] INFO  server.RaftServerConfigKeys (ConfUtils.java:logGet(44)) - raft.server.notification.no-leader.timeout = 300s (custom)
2020-10-09 13:09:20,407 [pool-228-thread-1] INFO  server.RaftServerConfigKeys (ConfUtils.java:logGet(44)) - raft.server.log.use.memory = false (default)
2020-10-09 13:09:20,407 [pool-228-thread-1] INFO  server.RaftServerConfigKeys (ConfUtils.java:logGet(44)) - raft.server.log.purge.gap = 1000000 (custom)
2020-10-09 13:09:20,407 [pool-228-thread-1] INFO  metrics.RatisMetrics (RatisMetrics.java:lambda$create$0(36)) - Creating Metrics Registry : ratis.log_worker.fb832d46-014a-40af-bef4-7a4864cad3bb@group-645C64F3DEB7
2020-10-09 13:09:20,407 [pool-228-thread-1] INFO  server.RaftServerConfigKeys (ConfUtils.java:logGet(44)) - raft.server.log.appender.buffer.byte-limit = 33554432 (custom)
2020-10-09 13:09:20,407 [pool-228-thread-1] INFO  server.RaftServerConfigKeys (ConfUtils.java:logGet(44)) - raft.server.log.segment.size.max = 1048576 (custom)
2020-10-09 13:09:20,407 [pool-228-thread-1] INFO  server.RaftServerConfigKeys (ConfUtils.java:logGet(44)) - raft.server.log.segment.cache.num.max = 2 (custom)
2020-10-09 13:09:20,407 [pool-228-thread-1] INFO  segmented.SegmentedRaftLogWorker (SegmentedRaftLogWorker.java:<init>(180)) - new fb832d46-014a-40af-bef4-7a4864cad3bb@group-645C64F3DEB7-SegmentedRaftLogWorker for RaftStorage:Storage Directory /github/workspace/mnt/ozone/hadoop-ozone/integration-test/target/test-dir/MiniOzoneClusterImpl-3c6d3de1-1da1-4a65-89f4-2560fa2fb7b3/datanode-4/data/ratis/87856b61-c5bd-40ec-bcd1-645c64f3deb7
2020-10-09 13:09:20,408 [pool-228-thread-1] INFO  server.RaftServerConfigKeys (ConfUtils.java:logGet(44)) - raft.server.log.queue.byte-limit = 2147483647 (custom)
2020-10-09 13:09:20,408 [pool-228-thread-1] INFO  server.RaftServerConfigKeys (ConfUtils.java:logGet(44)) - raft.server.log.queue.element-limit = 1024 (custom)
2020-10-09 13:09:20,408 [pool-228-thread-1] INFO  server.RaftServerConfigKeys (ConfUtils.java:logGet(44)) - raft.server.log.segment.size.max = 1048576 (custom)
2020-10-09 13:09:20,408 [pool-228-thread-1] INFO  server.RaftServerConfigKeys (ConfUtils.java:logGet(44)) - raft.server.log.preallocated.size = 16384 (custom)
2020-10-09 13:09:20,408 [pool-228-thread-1] INFO  server.RaftServerConfigKeys (ConfUtils.java:logGet(44)) - raft.server.log.write.buffer.size = 1048576 (custom)
2020-10-09 13:09:20,408 [pool-228-thread-1] INFO  server.RaftServerConfigKeys (ConfUtils.java:logGet(44)) - raft.server.log.force.sync.num = 128 (default)
2020-10-09 13:09:20,408 [pool-228-thread-1] INFO  server.RaftServerConfigKeys (ConfUtils.java:logGet(44)) - raft.server.log.statemachine.data.sync = true (default)
2020-10-09 13:09:20,408 [pool-228-thread-1] INFO  server.RaftServerConfigKeys (ConfUtils.java:logGet(44)) - raft.server.log.statemachine.data.sync.timeout = 10s (default)
2020-10-09 13:09:20,408 [pool-228-thread-1] INFO  server.RaftServerConfigKeys (ConfUtils.java:logGet(44)) - raft.server.log.statemachine.data.sync.timeout.retry = -1 (default)
2020-10-09 13:09:20,410 [pool-228-thread-1] INFO  server.RaftServerConfigKeys (ConfUtils.java:logGet(44)) - raft.server.log.statemachine.data.caching.enabled = true (custom)
2020-10-09 13:09:20,410 [pool-228-thread-1] INFO  segmented.SegmentedRaftLogWorker (SegmentedRaftLogWorker.java:lambda$new$0(129)) - fb832d46-014a-40af-bef4-7a4864cad3bb@group-645C64F3DEB7-SegmentedRaftLogWorker: flushIndex: setUnconditionally 0 -> -1
2020-10-09 13:09:20,411 [pool-228-thread-1] INFO  segmented.SegmentedRaftLogWorker (SegmentedRaftLogWorker.java:lambda$new$0(129)) - fb832d46-014a-40af-bef4-7a4864cad3bb@group-645C64F3DEB7-SegmentedRaftLogWorker: safeCacheEvictIndex: setUnconditionally 0 -> -1
2020-10-09 13:09:20,411 [pool-228-thread-1] INFO  server.RaftServerConfigKeys (ConfUtils.java:logGet(44)) - raft.server.snapshot.auto.trigger.enabled = true (custom)
2020-10-09 13:09:20,411 [pool-228-thread-1] INFO  server.RaftServerConfigKeys (ConfUtils.java:logGet(44)) - raft.server.snapshot.auto.trigger.threshold = 10000 (custom)
2020-10-09 13:09:20,411 [pool-228-thread-1] INFO  server.RaftServerConfigKeys (ConfUtils.java:logGet(44)) - raft.server.snapshot.retention.file.num = 5 (custom)
2020-10-09 13:09:20,411 [pool-228-thread-1] INFO  server.RaftServerConfigKeys (ConfUtils.java:logGet(44)) - raft.server.log.purge.upto.snapshot.index = false (default)
2020-10-09 13:09:20,412 [pool-228-thread-1] INFO  server.RaftServerConfigKeys (ConfUtils.java:logGet(44)) - raft.server.retrycache.expirytime = 600000ms (custom)
2020-10-09 13:09:20,412 [pool-228-thread-1] INFO  metrics.RatisMetrics (RatisMetrics.java:lambda$create$0(36)) - Creating Metrics Registry : ratis.leader_election.fb832d46-014a-40af-bef4-7a4864cad3bb@group-645C64F3DEB7
2020-10-09 13:09:20,412 [pool-228-thread-1] INFO  metrics.RatisMetrics (RatisMetrics.java:lambda$create$0(36)) - Creating Metrics Registry : ratis.server.fb832d46-014a-40af-bef4-7a4864cad3bb@group-645C64F3DEB7
2020-10-09 13:09:20,413 [pool-228-thread-1] INFO  impl.RaftServerImpl (RaftServerImpl.java:start(209)) - fb832d46-014a-40af-bef4-7a4864cad3bb@group-645C64F3DEB7: start as a follower, conf=-1: [fb832d46-014a-40af-bef4-7a4864cad3bb:172.17.0.2:34119:0], old=null
2020-10-09 13:09:20,413 [pool-228-thread-1] INFO  impl.RaftServerImpl (RaftServerImpl.java:setRole(198)) - fb832d46-014a-40af-bef4-7a4864cad3bb@group-645C64F3DEB7: changes role from      null to FOLLOWER at term 0 for startAsFollower
2020-10-09 13:09:20,413 [pool-228-thread-1] INFO  impl.RoleInfo (RoleInfo.java:updateAndGet(143)) - fb832d46-014a-40af-bef4-7a4864cad3bb: start FollowerState
2020-10-09 13:09:20,413 [pool-228-thread-1] INFO  util.JmxRegister (JmxRegister.java:tryRegister(44)) - Successfully registered JMX Bean with object name Ratis:service=RaftServer,group=group-645C64F3DEB7,id=fb832d46-014a-40af-bef4-7a4864cad3bb
2020-10-09 13:09:20,413 [pool-228-thread-1] INFO  metrics.RatisMetrics (RatisMetrics.java:lambda$create$0(36)) - Creating Metrics Registry : ratis.state_machine.fb832d46-014a-40af-bef4-7a4864cad3bb@group-645C64F3DEB7
2020-10-09 13:09:20,414 [Command processor thread] INFO  commandhandler.CreatePipelineCommandHandler (CreatePipelineCommandHandler.java:handle(110)) - Created Pipeline RATIS ONE #id: "87856b61-c5bd-40ec-bcd1-645c64f3deb7"
uuid128 {
  mostSigBits: -8681414639013248788
  leastSigBits: -4840977776453099849
}
.
2020-10-09 13:09:20,558 [Command processor thread] INFO  impl.RaftServerProxy (RaftServerProxy.java:addNew(92)) - d6479ada-01f6-46a2-af6c-4c5e8a8a5896: addNew group-5E5C92167BF9:[d6479ada-01f6-46a2-af6c-4c5e8a8a5896:172.17.0.2:38307:0] returns group-5E5C92167BF9:java.util.concurrent.CompletableFuture@4299db3d[Not completed]
2020-10-09 13:09:20,559 [pool-243-thread-1] INFO  impl.RaftServerImpl (RaftServerImpl.java:<init>(120)) - d6479ada-01f6-46a2-af6c-4c5e8a8a5896: new RaftServerImpl for group-5E5C92167BF9:[d6479ada-01f6-46a2-af6c-4c5e8a8a5896:172.17.0.2:38307:0] with ContainerStateMachine:uninitialized
2020-10-09 13:09:20,560 [pool-243-thread-1] INFO  server.RaftServerConfigKeys (ConfUtils.java:logGet(44)) - raft.server.rpc.timeout.min = 5s (custom)
2020-10-09 13:09:20,560 [pool-243-thread-1] INFO  server.RaftServerConfigKeys (ConfUtils.java:logGet(44)) - raft.server.rpc.timeout.max = 5200ms (custom)
2020-10-09 13:09:20,560 [pool-243-thread-1] INFO  server.RaftServerConfigKeys (ConfUtils.java:logGet(44)) - raft.server.rpcslowness.timeout = 300s (custom)
2020-10-09 13:09:20,560 [pool-243-thread-1] INFO  server.RaftServerConfigKeys (ConfUtils.java:logGet(44)) - raft.server.sleep.deviation.threshold = 300 (default)
2020-10-09 13:09:20,560 [pool-243-thread-1] INFO  server.RaftServerConfigKeys (ConfUtils.java:logGet(44)) - raft.server.log.appender.install.snapshot.enabled = false (custom)
2020-10-09 13:09:20,560 [pool-243-thread-1] INFO  impl.RaftServerImpl (ServerState.java:<init>(104)) - d6479ada-01f6-46a2-af6c-4c5e8a8a5896@group-5E5C92167BF9: ConfigurationManager, init=-1: [d6479ada-01f6-46a2-af6c-4c5e8a8a5896:172.17.0.2:38307:0], old=null, confs=<EMPTY_MAP>
2020-10-09 13:09:20,560 [pool-243-thread-1] INFO  server.RaftServerConfigKeys (ConfUtils.java:logGet(44)) - raft.server.storage.dir = [/github/workspace/mnt/ozone/hadoop-ozone/integration-test/target/test-dir/MiniOzoneClusterImpl-3c6d3de1-1da1-4a65-89f4-2560fa2fb7b3/datanode-5/data/ratis] (custom)
2020-10-09 13:09:20,561 [pool-243-thread-1] INFO  server.RaftServerConfigKeys (ConfUtils.java:logGet(44)) - raft.server.log.corruption.policy = EXCEPTION (default)
2020-10-09 13:09:20,561 [pool-243-thread-1] INFO  storage.RaftStorageDirectory (RaftStorageDirectory.java:analyzeStorage(261)) - The storage directory /github/workspace/mnt/ozone/hadoop-ozone/integration-test/target/test-dir/MiniOzoneClusterImpl-3c6d3de1-1da1-4a65-89f4-2560fa2fb7b3/datanode-5/data/ratis/574f904f-c48d-48f7-bfd9-5e5c92167bf9 does not exist. Creating ...
2020-10-09 13:09:20,562 [pool-243-thread-1] INFO  storage.RaftStorageDirectory (RaftStorageDirectory.java:tryLock(343)) - Lock on /github/workspace/mnt/ozone/hadoop-ozone/integration-test/target/test-dir/MiniOzoneClusterImpl-3c6d3de1-1da1-4a65-89f4-2560fa2fb7b3/datanode-5/data/ratis/574f904f-c48d-48f7-bfd9-5e5c92167bf9/in_use.lock acquired by nodename 19038@01daa2e02541
2020-10-09 13:09:20,563 [pool-243-thread-1] INFO  storage.RaftStorage (RaftStorage.java:format(84)) - Storage directory /github/workspace/mnt/ozone/hadoop-ozone/integration-test/target/test-dir/MiniOzoneClusterImpl-3c6d3de1-1da1-4a65-89f4-2560fa2fb7b3/datanode-5/data/ratis/574f904f-c48d-48f7-bfd9-5e5c92167bf9 has been successfully formatted.
2020-10-09 13:09:20,564 [pool-243-thread-1] INFO  ratis.ContainerStateMachine (ContainerStateMachine.java:loadSnapshot(225)) - group-5E5C92167BF9: The snapshot info is null. Setting the last applied indexto:(t:0, i:~)
2020-10-09 13:09:20,564 [pool-243-thread-1] INFO  server.RaftServerConfigKeys (ConfUtils.java:logGet(44)) - raft.server.notification.no-leader.timeout = 300s (custom)
2020-10-09 13:09:20,564 [pool-243-thread-1] INFO  server.RaftServerConfigKeys (ConfUtils.java:logGet(44)) - raft.server.log.use.memory = false (default)
2020-10-09 13:09:20,566 [pool-243-thread-1] INFO  server.RaftServerConfigKeys (ConfUtils.java:logGet(44)) - raft.server.log.purge.gap = 1000000 (custom)
2020-10-09 13:09:20,566 [pool-243-thread-1] INFO  metrics.RatisMetrics (RatisMetrics.java:lambda$create$0(36)) - Creating Metrics Registry : ratis.log_worker.d6479ada-01f6-46a2-af6c-4c5e8a8a5896@group-5E5C92167BF9
2020-10-09 13:09:20,566 [pool-243-thread-1] INFO  server.RaftServerConfigKeys (ConfUtils.java:logGet(44)) - raft.server.log.appender.buffer.byte-limit = 33554432 (custom)
2020-10-09 13:09:20,567 [pool-243-thread-1] INFO  server.RaftServerConfigKeys (ConfUtils.java:logGet(44)) - raft.server.log.segment.size.max = 1048576 (custom)
2020-10-09 13:09:20,567 [EventQueue-PipelineReportForPipelineReportHandler] INFO  pipeline.PipelineStateManager (PipelineStateManager.java:openPipeline(131)) - Pipeline Pipeline[ Id: 574f904f-c48d-48f7-bfd9-5e5c92167bf9, Nodes: d6479ada-01f6-46a2-af6c-4c5e8a8a5896{ip: 172.17.0.2, host: 01daa2e02541, networkLocation: /default-rack, certSerialId: null}, Type:RATIS, Factor:ONE, State:ALLOCATED, leaderId:d6479ada-01f6-46a2-af6c-4c5e8a8a5896, CreationTimestamp2020-10-09T13:09:17.561Z] moved to OPEN state
2020-10-09 13:09:20,567 [EventQueue-OpenPipelineForHealthyPipelineSafeModeRule] INFO  safemode.SCMSafeModeManager (HealthyPipelineSafeModeRule.java:process(129)) - SCM in safe mode. Healthy pipelines reported count is 0, required healthy pipeline reported count is 1
2020-10-09 13:09:20,568 [EventQueue-OpenPipelineForOneReplicaPipelineSafeModeRule] INFO  safemode.SCMSafeModeManager (SCMSafeModeManager.java:validateSafeModeExitRules(214)) - AtleastOneDatanodeReportedRule rule is successfully validated
2020-10-09 13:09:20,572 [pool-243-thread-1] INFO  server.RaftServerConfigKeys (ConfUtils.java:logGet(44)) - raft.server.log.segment.cache.num.max = 2 (custom)
2020-10-09 13:09:20,572 [pool-243-thread-1] INFO  segmented.SegmentedRaftLogWorker (SegmentedRaftLogWorker.java:<init>(180)) - new d6479ada-01f6-46a2-af6c-4c5e8a8a5896@group-5E5C92167BF9-SegmentedRaftLogWorker for RaftStorage:Storage Directory /github/workspace/mnt/ozone/hadoop-ozone/integration-test/target/test-dir/MiniOzoneClusterImpl-3c6d3de1-1da1-4a65-89f4-2560fa2fb7b3/datanode-5/data/ratis/574f904f-c48d-48f7-bfd9-5e5c92167bf9
2020-10-09 13:09:20,572 [pool-243-thread-1] INFO  server.RaftServerConfigKeys (ConfUtils.java:logGet(44)) - raft.server.log.queue.byte-limit = 2147483647 (custom)
2020-10-09 13:09:20,572 [pool-243-thread-1] INFO  server.RaftServerConfigKeys (ConfUtils.java:logGet(44)) - raft.server.log.queue.element-limit = 1024 (custom)
2020-10-09 13:09:20,572 [pool-243-thread-1] INFO  server.RaftServerConfigKeys (ConfUtils.java:logGet(44)) - raft.server.log.segment.size.max = 1048576 (custom)
2020-10-09 13:09:20,572 [pool-243-thread-1] INFO  server.RaftServerConfigKeys (ConfUtils.java:logGet(44)) - raft.server.log.preallocated.size = 16384 (custom)
2020-10-09 13:09:20,573 [pool-243-thread-1] INFO  server.RaftServerConfigKeys (ConfUtils.java:logGet(44)) - raft.server.log.write.buffer.size = 1048576 (custom)
2020-10-09 13:09:20,573 [pool-243-thread-1] INFO  server.RaftServerConfigKeys (ConfUtils.java:logGet(44)) - raft.server.log.force.sync.num = 128 (default)
2020-10-09 13:09:20,573 [pool-243-thread-1] INFO  server.RaftServerConfigKeys (ConfUtils.java:logGet(44)) - raft.server.log.statemachine.data.sync = true (default)
2020-10-09 13:09:20,573 [pool-243-thread-1] INFO  server.RaftServerConfigKeys (ConfUtils.java:logGet(44)) - raft.server.log.statemachine.data.sync.timeout = 10s (default)
2020-10-09 13:09:20,573 [pool-243-thread-1] INFO  server.RaftServerConfigKeys (ConfUtils.java:logGet(44)) - raft.server.log.statemachine.data.sync.timeout.retry = -1 (default)
2020-10-09 13:09:20,574 [pool-243-thread-1] INFO  server.RaftServerConfigKeys (ConfUtils.java:logGet(44)) - raft.server.log.statemachine.data.caching.enabled = true (custom)
2020-10-09 13:09:20,574 [pool-243-thread-1] INFO  segmented.SegmentedRaftLogWorker (SegmentedRaftLogWorker.java:lambda$new$0(129)) - d6479ada-01f6-46a2-af6c-4c5e8a8a5896@group-5E5C92167BF9-SegmentedRaftLogWorker: flushIndex: setUnconditionally 0 -> -1
2020-10-09 13:09:20,574 [pool-243-thread-1] INFO  segmented.SegmentedRaftLogWorker (SegmentedRaftLogWorker.java:lambda$new$0(129)) - d6479ada-01f6-46a2-af6c-4c5e8a8a5896@group-5E5C92167BF9-SegmentedRaftLogWorker: safeCacheEvictIndex: setUnconditionally 0 -> -1
2020-10-09 13:09:20,575 [pool-243-thread-1] INFO  server.RaftServerConfigKeys (ConfUtils.java:logGet(44)) - raft.server.snapshot.auto.trigger.enabled = true (custom)
2020-10-09 13:09:20,575 [pool-243-thread-1] INFO  server.RaftServerConfigKeys (ConfUtils.java:logGet(44)) - raft.server.snapshot.auto.trigger.threshold = 10000 (custom)
2020-10-09 13:09:20,575 [pool-243-thread-1] INFO  server.RaftServerConfigKeys (ConfUtils.java:logGet(44)) - raft.server.snapshot.retention.file.num = 5 (custom)
2020-10-09 13:09:20,575 [pool-243-thread-1] INFO  server.RaftServerConfigKeys (ConfUtils.java:logGet(44)) - raft.server.log.purge.upto.snapshot.index = false (default)
2020-10-09 13:09:20,575 [pool-243-thread-1] INFO  server.RaftServerConfigKeys (ConfUtils.java:logGet(44)) - raft.server.retrycache.expirytime = 600000ms (custom)
2020-10-09 13:09:20,575 [pool-243-thread-1] INFO  metrics.RatisMetrics (RatisMetrics.java:lambda$create$0(36)) - Creating Metrics Registry : ratis.leader_election.d6479ada-01f6-46a2-af6c-4c5e8a8a5896@group-5E5C92167BF9
2020-10-09 13:09:20,575 [pool-243-thread-1] INFO  metrics.RatisMetrics (RatisMetrics.java:lambda$create$0(36)) - Creating Metrics Registry : ratis.server.d6479ada-01f6-46a2-af6c-4c5e8a8a5896@group-5E5C92167BF9
2020-10-09 13:09:20,576 [pool-243-thread-1] INFO  impl.RaftServerImpl (RaftServerImpl.java:start(209)) - d6479ada-01f6-46a2-af6c-4c5e8a8a5896@group-5E5C92167BF9: start as a follower, conf=-1: [d6479ada-01f6-46a2-af6c-4c5e8a8a5896:172.17.0.2:38307:0], old=null
2020-10-09 13:09:20,576 [pool-243-thread-1] INFO  impl.RaftServerImpl (RaftServerImpl.java:setRole(198)) - d6479ada-01f6-46a2-af6c-4c5e8a8a5896@group-5E5C92167BF9: changes role from      null to FOLLOWER at term 0 for startAsFollower
2020-10-09 13:09:20,576 [pool-243-thread-1] INFO  impl.RoleInfo (RoleInfo.java:updateAndGet(143)) - d6479ada-01f6-46a2-af6c-4c5e8a8a5896: start FollowerState
2020-10-09 13:09:20,576 [pool-243-thread-1] INFO  util.JmxRegister (JmxRegister.java:tryRegister(44)) - Successfully registered JMX Bean with object name Ratis:service=RaftServer,group=group-5E5C92167BF9,id=d6479ada-01f6-46a2-af6c-4c5e8a8a5896
2020-10-09 13:09:20,577 [pool-243-thread-1] INFO  metrics.RatisMetrics (RatisMetrics.java:lambda$create$0(36)) - Creating Metrics Registry : ratis.state_machine.d6479ada-01f6-46a2-af6c-4c5e8a8a5896@group-5E5C92167BF9
2020-10-09 13:09:20,577 [Command processor thread] INFO  commandhandler.CreatePipelineCommandHandler (CreatePipelineCommandHandler.java:handle(110)) - Created Pipeline RATIS ONE #id: "574f904f-c48d-48f7-bfd9-5e5c92167bf9"
uuid128 {
  mostSigBits: 6291405876734281975
  leastSigBits: -4622559790838154247
}
.
2020-10-09 13:09:20,726 [Listener at 127.0.0.1/33443] INFO  ozone.MiniOzoneClusterImpl (MiniOzoneClusterImpl.java:lambda$waitForClusterToBeReady$0(177)) - Nodes are ready. Got 7 of 7 DN Heartbeats.
2020-10-09 13:09:20,727 [Listener at 127.0.0.1/33443] INFO  ozone.MiniOzoneClusterImpl (MiniOzoneClusterImpl.java:lambda$waitForClusterToBeReady$0(180)) - Waiting for cluster to exit safe mode
2020-10-09 13:09:20,733 [Command processor thread] INFO  impl.RaftServerProxy (RaftServerProxy.java:addNew(92)) - 2496a6d5-eb4d-4d52-a464-3aecd426488f: addNew group-90C62601240A:[2496a6d5-eb4d-4d52-a464-3aecd426488f:172.17.0.2:34011:0] returns group-90C62601240A:java.util.concurrent.CompletableFuture@7a8ff246[Not completed]
2020-10-09 13:09:20,735 [pool-258-thread-1] INFO  impl.RaftServerImpl (RaftServerImpl.java:<init>(120)) - 2496a6d5-eb4d-4d52-a464-3aecd426488f: new RaftServerImpl for group-90C62601240A:[2496a6d5-eb4d-4d52-a464-3aecd426488f:172.17.0.2:34011:0] with ContainerStateMachine:uninitialized
2020-10-09 13:09:20,736 [pool-258-thread-1] INFO  server.RaftServerConfigKeys (ConfUtils.java:logGet(44)) - raft.server.rpc.timeout.min = 5s (custom)
2020-10-09 13:09:20,736 [pool-258-thread-1] INFO  server.RaftServerConfigKeys (ConfUtils.java:logGet(44)) - raft.server.rpc.timeout.max = 5200ms (custom)
2020-10-09 13:09:20,737 [pool-258-thread-1] INFO  server.RaftServerConfigKeys (ConfUtils.java:logGet(44)) - raft.server.rpcslowness.timeout = 300s (custom)
2020-10-09 13:09:20,737 [pool-258-thread-1] INFO  server.RaftServerConfigKeys (ConfUtils.java:logGet(44)) - raft.server.sleep.deviation.threshold = 300 (default)
2020-10-09 13:09:20,737 [pool-258-thread-1] INFO  server.RaftServerConfigKeys (ConfUtils.java:logGet(44)) - raft.server.log.appender.install.snapshot.enabled = false (custom)
2020-10-09 13:09:20,737 [pool-258-thread-1] INFO  impl.RaftServerImpl (ServerState.java:<init>(104)) - 2496a6d5-eb4d-4d52-a464-3aecd426488f@group-90C62601240A: ConfigurationManager, init=-1: [2496a6d5-eb4d-4d52-a464-3aecd426488f:172.17.0.2:34011:0], old=null, confs=<EMPTY_MAP>
2020-10-09 13:09:20,737 [pool-258-thread-1] INFO  server.RaftServerConfigKeys (ConfUtils.java:logGet(44)) - raft.server.storage.dir = [/github/workspace/mnt/ozone/hadoop-ozone/integration-test/target/test-dir/MiniOzoneClusterImpl-3c6d3de1-1da1-4a65-89f4-2560fa2fb7b3/datanode-6/data/ratis] (custom)
2020-10-09 13:09:20,737 [pool-258-thread-1] INFO  server.RaftServerConfigKeys (ConfUtils.java:logGet(44)) - raft.server.log.corruption.policy = EXCEPTION (default)
2020-10-09 13:09:20,738 [pool-258-thread-1] INFO  storage.RaftStorageDirectory (RaftStorageDirectory.java:analyzeStorage(261)) - The storage directory /github/workspace/mnt/ozone/hadoop-ozone/integration-test/target/test-dir/MiniOzoneClusterImpl-3c6d3de1-1da1-4a65-89f4-2560fa2fb7b3/datanode-6/data/ratis/37037c9e-d9fe-4225-b5a2-90c62601240a does not exist. Creating ...
2020-10-09 13:09:20,739 [pool-258-thread-1] INFO  storage.RaftStorageDirectory (RaftStorageDirectory.java:tryLock(343)) - Lock on /github/workspace/mnt/ozone/hadoop-ozone/integration-test/target/test-dir/MiniOzoneClusterImpl-3c6d3de1-1da1-4a65-89f4-2560fa2fb7b3/datanode-6/data/ratis/37037c9e-d9fe-4225-b5a2-90c62601240a/in_use.lock acquired by nodename 19038@01daa2e02541
2020-10-09 13:09:20,740 [pool-258-thread-1] INFO  storage.RaftStorage (RaftStorage.java:format(84)) - Storage directory /github/workspace/mnt/ozone/hadoop-ozone/integration-test/target/test-dir/MiniOzoneClusterImpl-3c6d3de1-1da1-4a65-89f4-2560fa2fb7b3/datanode-6/data/ratis/37037c9e-d9fe-4225-b5a2-90c62601240a has been successfully formatted.
2020-10-09 13:09:20,740 [pool-258-thread-1] INFO  ratis.ContainerStateMachine (ContainerStateMachine.java:loadSnapshot(225)) - group-90C62601240A: The snapshot info is null. Setting the last applied indexto:(t:0, i:~)
2020-10-09 13:09:20,740 [pool-258-thread-1] INFO  server.RaftServerConfigKeys (ConfUtils.java:logGet(44)) - raft.server.notification.no-leader.timeout = 300s (custom)
2020-10-09 13:09:20,740 [pool-258-thread-1] INFO  server.RaftServerConfigKeys (ConfUtils.java:logGet(44)) - raft.server.log.use.memory = false (default)
2020-10-09 13:09:20,740 [pool-258-thread-1] INFO  server.RaftServerConfigKeys (ConfUtils.java:logGet(44)) - raft.server.log.purge.gap = 1000000 (custom)
2020-10-09 13:09:20,740 [pool-258-thread-1] INFO  metrics.RatisMetrics (RatisMetrics.java:lambda$create$0(36)) - Creating Metrics Registry : ratis.log_worker.2496a6d5-eb4d-4d52-a464-3aecd426488f@group-90C62601240A
2020-10-09 13:09:20,741 [EventQueue-PipelineReportForPipelineReportHandler] INFO  pipeline.PipelineStateManager (PipelineStateManager.java:openPipeline(131)) - Pipeline Pipeline[ Id: 37037c9e-d9fe-4225-b5a2-90c62601240a, Nodes: 2496a6d5-eb4d-4d52-a464-3aecd426488f{ip: 172.17.0.2, host: 01daa2e02541, networkLocation: /default-rack, certSerialId: null}, Type:RATIS, Factor:ONE, State:ALLOCATED, leaderId:2496a6d5-eb4d-4d52-a464-3aecd426488f, CreationTimestamp2020-10-09T13:09:17.732Z] moved to OPEN state
2020-10-09 13:09:20,741 [pool-258-thread-1] INFO  server.RaftServerConfigKeys (ConfUtils.java:logGet(44)) - raft.server.log.appender.buffer.byte-limit = 33554432 (custom)
2020-10-09 13:09:20,741 [EventQueue-OpenPipelineForHealthyPipelineSafeModeRule] INFO  safemode.SCMSafeModeManager (HealthyPipelineSafeModeRule.java:process(129)) - SCM in safe mode. Healthy pipelines reported count is 0, required healthy pipeline reported count is 1
2020-10-09 13:09:20,741 [pool-258-thread-1] INFO  server.RaftServerConfigKeys (ConfUtils.java:logGet(44)) - raft.server.log.segment.size.max = 1048576 (custom)
2020-10-09 13:09:20,741 [EventQueue-OpenPipelineForOneReplicaPipelineSafeModeRule] INFO  safemode.SCMSafeModeManager (SCMSafeModeManager.java:validateSafeModeExitRules(214)) - AtleastOneDatanodeReportedRule rule is successfully validated
2020-10-09 13:09:20,742 [pool-258-thread-1] INFO  server.RaftServerConfigKeys (ConfUtils.java:logGet(44)) - raft.server.log.segment.cache.num.max = 2 (custom)
2020-10-09 13:09:20,742 [pool-258-thread-1] INFO  segmented.SegmentedRaftLogWorker (SegmentedRaftLogWorker.java:<init>(180)) - new 2496a6d5-eb4d-4d52-a464-3aecd426488f@group-90C62601240A-SegmentedRaftLogWorker for RaftStorage:Storage Directory /github/workspace/mnt/ozone/hadoop-ozone/integration-test/target/test-dir/MiniOzoneClusterImpl-3c6d3de1-1da1-4a65-89f4-2560fa2fb7b3/datanode-6/data/ratis/37037c9e-d9fe-4225-b5a2-90c62601240a
2020-10-09 13:09:20,742 [pool-258-thread-1] INFO  server.RaftServerConfigKeys (ConfUtils.java:logGet(44)) - raft.server.log.queue.byte-limit = 2147483647 (custom)
2020-10-09 13:09:20,742 [pool-258-thread-1] INFO  server.RaftServerConfigKeys (ConfUtils.java:logGet(44)) - raft.server.log.queue.element-limit = 1024 (custom)
2020-10-09 13:09:20,742 [pool-258-thread-1] INFO  server.RaftServerConfigKeys (ConfUtils.java:logGet(44)) - raft.server.log.segment.size.max = 1048576 (custom)
2020-10-09 13:09:20,742 [pool-258-thread-1] INFO  server.RaftServerConfigKeys (ConfUtils.java:logGet(44)) - raft.server.log.preallocated.size = 16384 (custom)
2020-10-09 13:09:20,742 [pool-258-thread-1] INFO  server.RaftServerConfigKeys (ConfUtils.java:logGet(44)) - raft.server.log.write.buffer.size = 1048576 (custom)
2020-10-09 13:09:20,742 [pool-258-thread-1] INFO  server.RaftServerConfigKeys (ConfUtils.java:logGet(44)) - raft.server.log.force.sync.num = 128 (default)
2020-10-09 13:09:20,742 [pool-258-thread-1] INFO  server.RaftServerConfigKeys (ConfUtils.java:logGet(44)) - raft.server.log.statemachine.data.sync = true (default)
2020-10-09 13:09:20,742 [pool-258-thread-1] INFO  server.RaftServerConfigKeys (ConfUtils.java:logGet(44)) - raft.server.log.statemachine.data.sync.timeout = 10s (default)
2020-10-09 13:09:20,742 [pool-258-thread-1] INFO  server.RaftServerConfigKeys (ConfUtils.java:logGet(44)) - raft.server.log.statemachine.data.sync.timeout.retry = -1 (default)
2020-10-09 13:09:20,744 [pool-258-thread-1] INFO  server.RaftServerConfigKeys (ConfUtils.java:logGet(44)) - raft.server.log.statemachine.data.caching.enabled = true (custom)
2020-10-09 13:09:20,744 [pool-258-thread-1] INFO  segmented.SegmentedRaftLogWorker (SegmentedRaftLogWorker.java:lambda$new$0(129)) - 2496a6d5-eb4d-4d52-a464-3aecd426488f@group-90C62601240A-SegmentedRaftLogWorker: flushIndex: setUnconditionally 0 -> -1
2020-10-09 13:09:20,744 [pool-258-thread-1] INFO  segmented.SegmentedRaftLogWorker (SegmentedRaftLogWorker.java:lambda$new$0(129)) - 2496a6d5-eb4d-4d52-a464-3aecd426488f@group-90C62601240A-SegmentedRaftLogWorker: safeCacheEvictIndex: setUnconditionally 0 -> -1
2020-10-09 13:09:20,744 [pool-258-thread-1] INFO  server.RaftServerConfigKeys (ConfUtils.java:logGet(44)) - raft.server.snapshot.auto.trigger.enabled = true (custom)
2020-10-09 13:09:20,745 [pool-258-thread-1] INFO  server.RaftServerConfigKeys (ConfUtils.java:logGet(44)) - raft.server.snapshot.auto.trigger.threshold = 10000 (custom)
2020-10-09 13:09:20,745 [pool-258-thread-1] INFO  server.RaftServerConfigKeys (ConfUtils.java:logGet(44)) - raft.server.snapshot.retention.file.num = 5 (custom)
2020-10-09 13:09:20,745 [pool-258-thread-1] INFO  server.RaftServerConfigKeys (ConfUtils.java:logGet(44)) - raft.server.log.purge.upto.snapshot.index = false (default)
2020-10-09 13:09:20,745 [pool-258-thread-1] INFO  server.RaftServerConfigKeys (ConfUtils.java:logGet(44)) - raft.server.retrycache.expirytime = 600000ms (custom)
2020-10-09 13:09:20,745 [pool-258-thread-1] INFO  metrics.RatisMetrics (RatisMetrics.java:lambda$create$0(36)) - Creating Metrics Registry : ratis.leader_election.2496a6d5-eb4d-4d52-a464-3aecd426488f@group-90C62601240A
2020-10-09 13:09:20,745 [pool-258-thread-1] INFO  metrics.RatisMetrics (RatisMetrics.java:lambda$create$0(36)) - Creating Metrics Registry : ratis.server.2496a6d5-eb4d-4d52-a464-3aecd426488f@group-90C62601240A
2020-10-09 13:09:20,746 [pool-258-thread-1] INFO  impl.RaftServerImpl (RaftServerImpl.java:start(209)) - 2496a6d5-eb4d-4d52-a464-3aecd426488f@group-90C62601240A: start as a follower, conf=-1: [2496a6d5-eb4d-4d52-a464-3aecd426488f:172.17.0.2:34011:0], old=null
2020-10-09 13:09:20,746 [pool-258-thread-1] INFO  impl.RaftServerImpl (RaftServerImpl.java:setRole(198)) - 2496a6d5-eb4d-4d52-a464-3aecd426488f@group-90C62601240A: changes role from      null to FOLLOWER at term 0 for startAsFollower
2020-10-09 13:09:20,746 [pool-258-thread-1] INFO  impl.RoleInfo (RoleInfo.java:updateAndGet(143)) - 2496a6d5-eb4d-4d52-a464-3aecd426488f: start FollowerState
2020-10-09 13:09:20,746 [pool-258-thread-1] INFO  util.JmxRegister (JmxRegister.java:tryRegister(44)) - Successfully registered JMX Bean with object name Ratis:service=RaftServer,group=group-90C62601240A,id=2496a6d5-eb4d-4d52-a464-3aecd426488f
2020-10-09 13:09:20,746 [pool-258-thread-1] INFO  metrics.RatisMetrics (RatisMetrics.java:lambda$create$0(36)) - Creating Metrics Registry : ratis.state_machine.2496a6d5-eb4d-4d52-a464-3aecd426488f@group-90C62601240A
2020-10-09 13:09:20,747 [Command processor thread] INFO  commandhandler.CreatePipelineCommandHandler (CreatePipelineCommandHandler.java:handle(110)) - Created Pipeline RATIS ONE #id: "37037c9e-d9fe-4225-b5a2-90c62601240a"
uuid128 {
  mostSigBits: 3964149118720164389
  leastSigBits: -5358561425901935606
}
.
2020-10-09 13:09:21,727 [Listener at 127.0.0.1/33443] INFO  ozone.MiniOzoneClusterImpl (MiniOzoneClusterImpl.java:lambda$waitForClusterToBeReady$0(177)) - Nodes are ready. Got 7 of 7 DN Heartbeats.
2020-10-09 13:09:21,727 [Listener at 127.0.0.1/33443] INFO  ozone.MiniOzoneClusterImpl (MiniOzoneClusterImpl.java:lambda$waitForClusterToBeReady$0(180)) - Waiting for cluster to exit safe mode
2020-10-09 13:09:22,728 [Listener at 127.0.0.1/33443] INFO  ozone.MiniOzoneClusterImpl (MiniOzoneClusterImpl.java:lambda$waitForClusterToBeReady$0(177)) - Nodes are ready. Got 7 of 7 DN Heartbeats.
2020-10-09 13:09:22,728 [Listener at 127.0.0.1/33443] INFO  ozone.MiniOzoneClusterImpl (MiniOzoneClusterImpl.java:lambda$waitForClusterToBeReady$0(180)) - Waiting for cluster to exit safe mode
2020-10-09 13:09:23,728 [Listener at 127.0.0.1/33443] INFO  ozone.MiniOzoneClusterImpl (MiniOzoneClusterImpl.java:lambda$waitForClusterToBeReady$0(177)) - Nodes are ready. Got 7 of 7 DN Heartbeats.
2020-10-09 13:09:23,729 [Listener at 127.0.0.1/33443] INFO  ozone.MiniOzoneClusterImpl (MiniOzoneClusterImpl.java:lambda$waitForClusterToBeReady$0(180)) - Waiting for cluster to exit safe mode
2020-10-09 13:09:24,729 [Listener at 127.0.0.1/33443] INFO  ozone.MiniOzoneClusterImpl (MiniOzoneClusterImpl.java:lambda$waitForClusterToBeReady$0(177)) - Nodes are ready. Got 7 of 7 DN Heartbeats.
2020-10-09 13:09:24,729 [Listener at 127.0.0.1/33443] INFO  ozone.MiniOzoneClusterImpl (MiniOzoneClusterImpl.java:lambda$waitForClusterToBeReady$0(180)) - Waiting for cluster to exit safe mode
2020-10-09 13:09:24,798 [Thread-584] INFO  impl.FollowerState (FollowerState.java:run(108)) - c898e38e-09ec-443f-8bfc-2e0e927f6f14@group-E53D4A471D87-FollowerState: change to CANDIDATE, lastRpcTime:5025ms, electionTimeout:5021ms
2020-10-09 13:09:24,799 [Thread-584] INFO  impl.RoleInfo (RoleInfo.java:shutdownFollowerState(121)) - c898e38e-09ec-443f-8bfc-2e0e927f6f14: shutdown FollowerState
2020-10-09 13:09:24,799 [Thread-584] INFO  impl.RaftServerImpl (RaftServerImpl.java:setRole(198)) - c898e38e-09ec-443f-8bfc-2e0e927f6f14@group-E53D4A471D87: changes role from  FOLLOWER to CANDIDATE at term 0 for changeToCandidate
2020-10-09 13:09:24,799 [Thread-584] INFO  impl.RoleInfo (RoleInfo.java:updateAndGet(143)) - c898e38e-09ec-443f-8bfc-2e0e927f6f14: start LeaderElection
2020-10-09 13:09:24,803 [c898e38e-09ec-443f-8bfc-2e0e927f6f14@group-E53D4A471D87-LeaderElection14] INFO  impl.LeaderElection (LeaderElection.java:askForVotes(210)) - c898e38e-09ec-443f-8bfc-2e0e927f6f14@group-E53D4A471D87-LeaderElection14: begin an election at term 1 for -1: [35f076fd-81c9-4d49-85ba-25f227690f12:172.17.0.2:35535:0, c898e38e-09ec-443f-8bfc-2e0e927f6f14:172.17.0.2:40791:0, 806253e9-663f-42ca-9134-07a713f9f0ba:172.17.0.2:45075:0], old=null
2020-10-09 13:09:24,813 [grpc-default-executor-0] INFO  impl.RaftServerImpl (RaftServerImpl.java:setRole(198)) - 35f076fd-81c9-4d49-85ba-25f227690f12@group-E53D4A471D87: changes role from  FOLLOWER to FOLLOWER at term 1 for recognizeCandidate:c898e38e-09ec-443f-8bfc-2e0e927f6f14
2020-10-09 13:09:24,813 [grpc-default-executor-0] INFO  impl.RoleInfo (RoleInfo.java:shutdownFollowerState(121)) - 35f076fd-81c9-4d49-85ba-25f227690f12: shutdown FollowerState
2020-10-09 13:09:24,813 [grpc-default-executor-0] INFO  impl.RoleInfo (RoleInfo.java:updateAndGet(143)) - 35f076fd-81c9-4d49-85ba-25f227690f12: start FollowerState
2020-10-09 13:09:24,813 [Thread-587] INFO  impl.FollowerState (FollowerState.java:run(117)) - 35f076fd-81c9-4d49-85ba-25f227690f12@group-E53D4A471D87-FollowerState was interrupted: java.lang.InterruptedException: sleep interrupted
2020-10-09 13:09:24,814 [grpc-default-executor-0] INFO  impl.RaftServerImpl (RaftServerImpl.java:requestVote(923)) -  FOLLOWER 35f076fd-81c9-4d49-85ba-25f227690f12@group-E53D4A471D87:t1, leader=null, voted=null, raftlog=35f076fd-81c9-4d49-85ba-25f227690f12@group-E53D4A471D87-SegmentedRaftLog:OPENED:c-1,f-1,i0, conf=-1: [35f076fd-81c9-4d49-85ba-25f227690f12:172.17.0.2:35535:0, c898e38e-09ec-443f-8bfc-2e0e927f6f14:172.17.0.2:40791:0, 806253e9-663f-42ca-9134-07a713f9f0ba:172.17.0.2:45075:0], old=null RUNNING priority:0 candidate:c898e38e-09ec-443f-8bfc-2e0e927f6f14:172.17.0.2:40791:0 candidatePriority:0 compare:0
2020-10-09 13:09:24,814 [grpc-default-executor-2] INFO  metrics.RatisMetrics (RatisMetrics.java:lambda$create$0(36)) - Creating Metrics Registry : ratis.server_message_metrics.806253e9-663f-42ca-9134-07a713f9f0ba
2020-10-09 13:09:24,821 [grpc-default-executor-2] INFO  impl.RaftServerImpl (RaftServerImpl.java:setRole(198)) - 806253e9-663f-42ca-9134-07a713f9f0ba@group-E53D4A471D87: changes role from  FOLLOWER to FOLLOWER at term 1 for recognizeCandidate:c898e38e-09ec-443f-8bfc-2e0e927f6f14
2020-10-09 13:09:24,821 [grpc-default-executor-2] INFO  impl.RoleInfo (RoleInfo.java:shutdownFollowerState(121)) - 806253e9-663f-42ca-9134-07a713f9f0ba: shutdown FollowerState
2020-10-09 13:09:24,821 [grpc-default-executor-2] INFO  impl.RoleInfo (RoleInfo.java:updateAndGet(143)) - 806253e9-663f-42ca-9134-07a713f9f0ba: start FollowerState
2020-10-09 13:09:24,821 [Thread-582] INFO  impl.FollowerState (FollowerState.java:run(117)) - 806253e9-663f-42ca-9134-07a713f9f0ba@group-E53D4A471D87-FollowerState was interrupted: java.lang.InterruptedException: sleep interrupted
2020-10-09 13:09:24,822 [grpc-default-executor-2] INFO  impl.RaftServerImpl (RaftServerImpl.java:requestVote(923)) -  FOLLOWER 806253e9-663f-42ca-9134-07a713f9f0ba@group-E53D4A471D87:t1, leader=null, voted=null, raftlog=806253e9-663f-42ca-9134-07a713f9f0ba@group-E53D4A471D87-SegmentedRaftLog:OPENED:c-1,f-1,i0, conf=-1: [35f076fd-81c9-4d49-85ba-25f227690f12:172.17.0.2:35535:0, c898e38e-09ec-443f-8bfc-2e0e927f6f14:172.17.0.2:40791:0, 806253e9-663f-42ca-9134-07a713f9f0ba:172.17.0.2:45075:0], old=null RUNNING priority:0 candidate:c898e38e-09ec-443f-8bfc-2e0e927f6f14:172.17.0.2:40791:0 candidatePriority:0 compare:0
2020-10-09 13:09:24,830 [c898e38e-09ec-443f-8bfc-2e0e927f6f14@group-E53D4A471D87-LeaderElection14] INFO  impl.LeaderElection (LeaderElection.java:logAndReturn(62)) - c898e38e-09ec-443f-8bfc-2e0e927f6f14@group-E53D4A471D87-LeaderElection14: Election PASSED; received 1 response(s) [c898e38e-09ec-443f-8bfc-2e0e927f6f14<-35f076fd-81c9-4d49-85ba-25f227690f12#0:OK-t1] and 0 exception(s); c898e38e-09ec-443f-8bfc-2e0e927f6f14@group-E53D4A471D87:t1, leader=null, voted=c898e38e-09ec-443f-8bfc-2e0e927f6f14, raftlog=c898e38e-09ec-443f-8bfc-2e0e927f6f14@group-E53D4A471D87-SegmentedRaftLog:OPENED:c-1,f-1,i0, conf=-1: [35f076fd-81c9-4d49-85ba-25f227690f12:172.17.0.2:35535:0, c898e38e-09ec-443f-8bfc-2e0e927f6f14:172.17.0.2:40791:0, 806253e9-663f-42ca-9134-07a713f9f0ba:172.17.0.2:45075:0], old=null
2020-10-09 13:09:24,830 [c898e38e-09ec-443f-8bfc-2e0e927f6f14@group-E53D4A471D87-LeaderElection14] INFO  impl.RoleInfo (RoleInfo.java:shutdownLeaderElection(134)) - c898e38e-09ec-443f-8bfc-2e0e927f6f14: shutdown LeaderElection
2020-10-09 13:09:24,830 [c898e38e-09ec-443f-8bfc-2e0e927f6f14@group-E53D4A471D87-LeaderElection14] INFO  impl.RaftServerImpl (RaftServerImpl.java:setRole(198)) - c898e38e-09ec-443f-8bfc-2e0e927f6f14@group-E53D4A471D87: changes role from CANDIDATE to LEADER at term 1 for changeToLeader
2020-10-09 13:09:24,830 [c898e38e-09ec-443f-8bfc-2e0e927f6f14@group-E53D4A471D87-LeaderElection14] INFO  ratis.XceiverServerRatis (XceiverServerRatis.java:handleLeaderChangedNotification(822)) - Leader change notification received for group: group-E53D4A471D87 with new leaderId: c898e38e-09ec-443f-8bfc-2e0e927f6f14
2020-10-09 13:09:24,831 [c898e38e-09ec-443f-8bfc-2e0e927f6f14@group-E53D4A471D87-LeaderElection14] INFO  impl.RaftServerImpl (ServerState.java:setLeader(256)) - c898e38e-09ec-443f-8bfc-2e0e927f6f14@group-E53D4A471D87: change Leader from null to c898e38e-09ec-443f-8bfc-2e0e927f6f14 at term 1 for becomeLeader, leader elected after 5062ms
2020-10-09 13:09:24,832 [EventQueue-PipelineReportForPipelineReportHandler] INFO  pipeline.PipelineStateManager (PipelineStateManager.java:openPipeline(131)) - Pipeline Pipeline[ Id: 6ff09228-2254-425a-803c-e53d4a471d87, Nodes: c898e38e-09ec-443f-8bfc-2e0e927f6f14{ip: 172.17.0.2, host: 01daa2e02541, networkLocation: /default-rack, certSerialId: null}806253e9-663f-42ca-9134-07a713f9f0ba{ip: 172.17.0.2, host: 01daa2e02541, networkLocation: /default-rack, certSerialId: null}35f076fd-81c9-4d49-85ba-25f227690f12{ip: 172.17.0.2, host: 01daa2e02541, networkLocation: /default-rack, certSerialId: null}, Type:RATIS, Factor:THREE, State:ALLOCATED, leaderId:c898e38e-09ec-443f-8bfc-2e0e927f6f14, CreationTimestamp2020-10-09T13:09:17.045Z] moved to OPEN state
2020-10-09 13:09:24,832 [c898e38e-09ec-443f-8bfc-2e0e927f6f14@group-E53D4A471D87-LeaderElection14] INFO  server.RaftServerConfigKeys (ConfUtils.java:logGet(44)) - raft.server.staging.catchup.gap = 1000 (default)
2020-10-09 13:09:24,833 [EventQueue-OpenPipelineForHealthyPipelineSafeModeRule] INFO  safemode.SCMSafeModeManager (HealthyPipelineSafeModeRule.java:process(129)) - SCM in safe mode. Healthy pipelines reported count is 1, required healthy pipeline reported count is 1
2020-10-09 13:09:24,833 [c898e38e-09ec-443f-8bfc-2e0e927f6f14@group-E53D4A471D87-LeaderElection14] INFO  server.RaftServerConfigKeys (ConfUtils.java:logGet(44)) - raft.server.rpc.sleep.time = 25ms (default)
2020-10-09 13:09:24,836 [c898e38e-09ec-443f-8bfc-2e0e927f6f14@group-E53D4A471D87-LeaderElection14] INFO  metrics.RatisMetrics (RatisMetrics.java:lambda$create$0(36)) - Creating Metrics Registry : ratis.log_appender.c898e38e-09ec-443f-8bfc-2e0e927f6f14@group-E53D4A471D87
2020-10-09 13:09:24,833 [EventQueue-OpenPipelineForOneReplicaPipelineSafeModeRule] INFO  safemode.SCMSafeModeManager (SCMSafeModeManager.java:validateSafeModeExitRules(214)) - AtleastOneDatanodeReportedRule rule is successfully validated
2020-10-09 13:09:24,836 [EventQueue-OpenPipelineForHealthyPipelineSafeModeRule] INFO  safemode.SCMSafeModeManager (SCMSafeModeManager.java:validateSafeModeExitRules(214)) - HealthyPipelineSafeModeRule rule is successfully validated
2020-10-09 13:09:24,836 [EventQueue-OpenPipelineForHealthyPipelineSafeModeRule] INFO  safemode.SCMSafeModeManager (SCMSafeModeManager.java:validateSafeModeExitRules(228)) - ScmSafeModeManager, all rules are successfully validated
2020-10-09 13:09:24,836 [EventQueue-OpenPipelineForHealthyPipelineSafeModeRule] INFO  safemode.SCMSafeModeManager (SCMSafeModeManager.java:exitSafeMode(257)) - SCM exiting safe mode.
2020-10-09 13:09:24,836 [c898e38e-09ec-443f-8bfc-2e0e927f6f14@group-E53D4A471D87-LeaderElection14] INFO  server.RaftServerConfigKeys (ConfUtils.java:logGet(44)) - raft.server.write.element-limit = 1024 (custom)
2020-10-09 13:09:24,836 [c898e38e-09ec-443f-8bfc-2e0e927f6f14@group-E53D4A471D87-LeaderElection14] INFO  server.RaftServerConfigKeys (ConfUtils.java:logGet(44)) - raft.server.write.byte-limit = 1073741824 (custom)
2020-10-09 13:09:24,837 [c898e38e-09ec-443f-8bfc-2e0e927f6f14@group-E53D4A471D87-LeaderElection14] INFO  server.RaftServerConfigKeys (ConfUtils.java:logGet(44)) - raft.server.watch.timeout = 180s (custom)
2020-10-09 13:09:24,837 [c898e38e-09ec-443f-8bfc-2e0e927f6f14@group-E53D4A471D87-LeaderElection14] INFO  server.RaftServerConfigKeys (ConfUtils.java:logGet(44)) - raft.server.watch.timeout.denomination = 1s (default)
2020-10-09 13:09:24,837 [c898e38e-09ec-443f-8bfc-2e0e927f6f14@group-E53D4A471D87-LeaderElection14] INFO  server.RaftServerConfigKeys (ConfUtils.java:logGet(44)) - raft.server.watch.element-limit = 65536 (default)
2020-10-09 13:09:24,837 [c898e38e-09ec-443f-8bfc-2e0e927f6f14@group-E53D4A471D87-LeaderElection14] INFO  server.RaftServerConfigKeys (ConfUtils.java:logGet(44)) - raft.server.log.appender.snapshot.chunk.size.max = 16MB (=16777216) (default)
2020-10-09 13:09:24,837 [c898e38e-09ec-443f-8bfc-2e0e927f6f14@group-E53D4A471D87-LeaderElection14] INFO  server.RaftServerConfigKeys (ConfUtils.java:logGet(44)) - raft.server.log.appender.buffer.byte-limit = 33554432 (custom)
2020-10-09 13:09:24,837 [c898e38e-09ec-443f-8bfc-2e0e927f6f14@group-E53D4A471D87-LeaderElection14] INFO  server.RaftServerConfigKeys (ConfUtils.java:logGet(44)) - raft.server.log.appender.buffer.element-limit = 1 (custom)
2020-10-09 13:09:24,843 [c898e38e-09ec-443f-8bfc-2e0e927f6f14@group-E53D4A471D87-LeaderElection14] INFO  grpc.GrpcConfigKeys (ConfUtils.java:logGet(44)) - raft.grpc.server.leader.outstanding.appends.max = 128 (default)
2020-10-09 13:09:24,843 [c898e38e-09ec-443f-8bfc-2e0e927f6f14@group-E53D4A471D87-LeaderElection14] INFO  server.RaftServerConfigKeys (ConfUtils.java:logGet(44)) - raft.server.rpc.request.timeout = 60s (custom)
2020-10-09 13:09:24,844 [c898e38e-09ec-443f-8bfc-2e0e927f6f14@group-E53D4A471D87-LeaderElection14] INFO  server.RaftServerConfigKeys (ConfUtils.java:logGet(44)) - raft.server.log.appender.install.snapshot.enabled = false (custom)
2020-10-09 13:09:24,844 [c898e38e-09ec-443f-8bfc-2e0e927f6f14@group-E53D4A471D87-LeaderElection14] INFO  metrics.RatisMetrics (RatisMetrics.java:lambda$create$0(36)) - Creating Metrics Registry : ratis_grpc.log_appender.c898e38e-09ec-443f-8bfc-2e0e927f6f14@group-E53D4A471D87
2020-10-09 13:09:24,845 [c898e38e-09ec-443f-8bfc-2e0e927f6f14@group-E53D4A471D87-LeaderElection14] INFO  server.RaftServerConfigKeys (ConfUtils.java:logGet(44)) - raft.server.log.appender.snapshot.chunk.size.max = 16MB (=16777216) (default)
2020-10-09 13:09:24,845 [c898e38e-09ec-443f-8bfc-2e0e927f6f14@group-E53D4A471D87-LeaderElection14] INFO  server.RaftServerConfigKeys (ConfUtils.java:logGet(44)) - raft.server.log.appender.buffer.byte-limit = 33554432 (custom)
2020-10-09 13:09:24,845 [c898e38e-09ec-443f-8bfc-2e0e927f6f14@group-E53D4A471D87-LeaderElection14] INFO  server.RaftServerConfigKeys (ConfUtils.java:logGet(44)) - raft.server.log.appender.buffer.element-limit = 1 (custom)
2020-10-09 13:09:24,845 [c898e38e-09ec-443f-8bfc-2e0e927f6f14@group-E53D4A471D87-LeaderElection14] INFO  grpc.GrpcConfigKeys (ConfUtils.java:logGet(44)) - raft.grpc.server.leader.outstanding.appends.max = 128 (default)
2020-10-09 13:09:24,845 [c898e38e-09ec-443f-8bfc-2e0e927f6f14@group-E53D4A471D87-LeaderElection14] INFO  server.RaftServerConfigKeys (ConfUtils.java:logGet(44)) - raft.server.rpc.request.timeout = 60s (custom)
2020-10-09 13:09:24,845 [c898e38e-09ec-443f-8bfc-2e0e927f6f14@group-E53D4A471D87-LeaderElection14] INFO  server.RaftServerConfigKeys (ConfUtils.java:logGet(44)) - raft.server.log.appender.install.snapshot.enabled = false (custom)
2020-10-09 13:09:24,846 [c898e38e-09ec-443f-8bfc-2e0e927f6f14@group-E53D4A471D87-LeaderElection14] INFO  impl.RoleInfo (RoleInfo.java:updateAndGet(143)) - c898e38e-09ec-443f-8bfc-2e0e927f6f14: start LeaderState
2020-10-09 13:09:24,847 [c898e38e-09ec-443f-8bfc-2e0e927f6f14@group-E53D4A471D87-LeaderElection14] INFO  segmented.SegmentedRaftLogWorker (SegmentedRaftLogWorker.java:startLogSegment(397)) - c898e38e-09ec-443f-8bfc-2e0e927f6f14@group-E53D4A471D87-SegmentedRaftLogWorker: Starting segment from index:0
2020-10-09 13:09:24,848 [c898e38e-09ec-443f-8bfc-2e0e927f6f14@group-E53D4A471D87-SegmentedRaftLogWorker] INFO  segmented.SegmentedRaftLogWorker (SegmentedRaftLogWorker.java:execute(596)) - c898e38e-09ec-443f-8bfc-2e0e927f6f14@group-E53D4A471D87-SegmentedRaftLogWorker: created new log segment /github/workspace/mnt/ozone/hadoop-ozone/integration-test/target/test-dir/MiniOzoneClusterImpl-3c6d3de1-1da1-4a65-89f4-2560fa2fb7b3/datanode-1/data/ratis/6ff09228-2254-425a-803c-e53d4a471d87/current/log_inprogress_0
2020-10-09 13:09:24,852 [c898e38e-09ec-443f-8bfc-2e0e927f6f14@group-E53D4A471D87-LeaderElection14] INFO  impl.RaftServerImpl (ServerState.java:setRaftConf(374)) - c898e38e-09ec-443f-8bfc-2e0e927f6f14@group-E53D4A471D87: set configuration 0: [35f076fd-81c9-4d49-85ba-25f227690f12:172.17.0.2:35535:0, c898e38e-09ec-443f-8bfc-2e0e927f6f14:172.17.0.2:40791:0, 806253e9-663f-42ca-9134-07a713f9f0ba:172.17.0.2:45075:0], old=null at 0
2020-10-09 13:09:24,864 [grpc-default-executor-0] INFO  ratis.XceiverServerRatis (XceiverServerRatis.java:handleLeaderChangedNotification(822)) - Leader change notification received for group: group-E53D4A471D87 with new leaderId: c898e38e-09ec-443f-8bfc-2e0e927f6f14
2020-10-09 13:09:24,865 [grpc-default-executor-0] INFO  impl.RaftServerImpl (ServerState.java:setLeader(256)) - 35f076fd-81c9-4d49-85ba-25f227690f12@group-E53D4A471D87: change Leader from null to c898e38e-09ec-443f-8bfc-2e0e927f6f14 at term 1 for appendEntries, leader elected after 5054ms
2020-10-09 13:09:24,869 [grpc-default-executor-0] INFO  impl.RaftServerImpl (ServerState.java:setRaftConf(374)) - 35f076fd-81c9-4d49-85ba-25f227690f12@group-E53D4A471D87: set configuration 0: [35f076fd-81c9-4d49-85ba-25f227690f12:172.17.0.2:35535:0, c898e38e-09ec-443f-8bfc-2e0e927f6f14:172.17.0.2:40791:0, 806253e9-663f-42ca-9134-07a713f9f0ba:172.17.0.2:45075:0], old=null at 0
2020-10-09 13:09:24,870 [grpc-default-executor-0] INFO  segmented.SegmentedRaftLogWorker (SegmentedRaftLogWorker.java:startLogSegment(397)) - 35f076fd-81c9-4d49-85ba-25f227690f12@group-E53D4A471D87-SegmentedRaftLogWorker: Starting segment from index:0
2020-10-09 13:09:24,871 [grpc-default-executor-3] INFO  ratis.XceiverServerRatis (XceiverServerRatis.java:handleLeaderChangedNotification(822)) - Leader change notification received for group: group-E53D4A471D87 with new leaderId: c898e38e-09ec-443f-8bfc-2e0e927f6f14
2020-10-09 13:09:24,872 [grpc-default-executor-3] INFO  impl.RaftServerImpl (ServerState.java:setLeader(256)) - 806253e9-663f-42ca-9134-07a713f9f0ba@group-E53D4A471D87: change Leader from null to c898e38e-09ec-443f-8bfc-2e0e927f6f14 at term 1 for appendEntries, leader elected after 5134ms
2020-10-09 13:09:24,873 [grpc-default-executor-0] INFO  impl.RaftServerImpl (ServerState.java:setRaftConf(374)) - 806253e9-663f-42ca-9134-07a713f9f0ba@group-E53D4A471D87: set configuration 0: [35f076fd-81c9-4d49-85ba-25f227690f12:172.17.0.2:35535:0, c898e38e-09ec-443f-8bfc-2e0e927f6f14:172.17.0.2:40791:0, 806253e9-663f-42ca-9134-07a713f9f0ba:172.17.0.2:45075:0], old=null at 0
2020-10-09 13:09:24,874 [grpc-default-executor-0] INFO  segmented.SegmentedRaftLogWorker (SegmentedRaftLogWorker.java:startLogSegment(397)) - 806253e9-663f-42ca-9134-07a713f9f0ba@group-E53D4A471D87-SegmentedRaftLogWorker: Starting segment from index:0
2020-10-09 13:09:24,874 [35f076fd-81c9-4d49-85ba-25f227690f12@group-E53D4A471D87-SegmentedRaftLogWorker] INFO  segmented.SegmentedRaftLogWorker (SegmentedRaftLogWorker.java:execute(596)) - 35f076fd-81c9-4d49-85ba-25f227690f12@group-E53D4A471D87-SegmentedRaftLogWorker: created new log segment /github/workspace/mnt/ozone/hadoop-ozone/integration-test/target/test-dir/MiniOzoneClusterImpl-3c6d3de1-1da1-4a65-89f4-2560fa2fb7b3/datanode-2/data/ratis/6ff09228-2254-425a-803c-e53d4a471d87/current/log_inprogress_0
2020-10-09 13:09:24,876 [806253e9-663f-42ca-9134-07a713f9f0ba@group-E53D4A471D87-SegmentedRaftLogWorker] INFO  segmented.SegmentedRaftLogWorker (SegmentedRaftLogWorker.java:execute(596)) - 806253e9-663f-42ca-9134-07a713f9f0ba@group-E53D4A471D87-SegmentedRaftLogWorker: created new log segment /github/workspace/mnt/ozone/hadoop-ozone/integration-test/target/test-dir/MiniOzoneClusterImpl-3c6d3de1-1da1-4a65-89f4-2560fa2fb7b3/datanode-0/data/ratis/6ff09228-2254-425a-803c-e53d4a471d87/current/log_inprogress_0
2020-10-09 13:09:24,885 [Thread-580] INFO  impl.FollowerState (FollowerState.java:run(108)) - 806253e9-663f-42ca-9134-07a713f9f0ba@group-382996AC8CC6-FollowerState: change to CANDIDATE, lastRpcTime:5154ms, electionTimeout:5153ms
2020-10-09 13:09:24,885 [Thread-580] INFO  impl.RoleInfo (RoleInfo.java:shutdownFollowerState(121)) - 806253e9-663f-42ca-9134-07a713f9f0ba: shutdown FollowerState
2020-10-09 13:09:24,885 [Thread-580] INFO  impl.RaftServerImpl (RaftServerImpl.java:setRole(198)) - 806253e9-663f-42ca-9134-07a713f9f0ba@group-382996AC8CC6: changes role from  FOLLOWER to CANDIDATE at term 0 for changeToCandidate
2020-10-09 13:09:24,885 [Thread-580] INFO  impl.RoleInfo (RoleInfo.java:updateAndGet(143)) - 806253e9-663f-42ca-9134-07a713f9f0ba: start LeaderElection
2020-10-09 13:09:24,891 [806253e9-663f-42ca-9134-07a713f9f0ba@group-382996AC8CC6-LeaderElection15] INFO  impl.LeaderElection (LeaderElection.java:askForVotes(210)) - 806253e9-663f-42ca-9134-07a713f9f0ba@group-382996AC8CC6-LeaderElection15: begin an election at term 1 for -1: [806253e9-663f-42ca-9134-07a713f9f0ba:172.17.0.2:45075:0], old=null
2020-10-09 13:09:24,891 [806253e9-663f-42ca-9134-07a713f9f0ba@group-382996AC8CC6-LeaderElection15] INFO  impl.RoleInfo (RoleInfo.java:shutdownLeaderElection(134)) - 806253e9-663f-42ca-9134-07a713f9f0ba: shutdown LeaderElection
2020-10-09 13:09:24,891 [806253e9-663f-42ca-9134-07a713f9f0ba@group-382996AC8CC6-LeaderElection15] INFO  impl.RaftServerImpl (RaftServerImpl.java:setRole(198)) - 806253e9-663f-42ca-9134-07a713f9f0ba@group-382996AC8CC6: changes role from CANDIDATE to LEADER at term 1 for changeToLeader
2020-10-09 13:09:24,891 [806253e9-663f-42ca-9134-07a713f9f0ba@group-382996AC8CC6-LeaderElection15] INFO  ratis.XceiverServerRatis (XceiverServerRatis.java:handleLeaderChangedNotification(822)) - Leader change notification received for group: group-382996AC8CC6 with new leaderId: 806253e9-663f-42ca-9134-07a713f9f0ba
2020-10-09 13:09:24,891 [806253e9-663f-42ca-9134-07a713f9f0ba@group-382996AC8CC6-LeaderElection15] INFO  impl.RaftServerImpl (ServerState.java:setLeader(256)) - 806253e9-663f-42ca-9134-07a713f9f0ba@group-382996AC8CC6: change Leader from null to 806253e9-663f-42ca-9134-07a713f9f0ba at term 1 for becomeLeader, leader elected after 5169ms
2020-10-09 13:09:24,892 [806253e9-663f-42ca-9134-07a713f9f0ba@group-382996AC8CC6-LeaderElection15] INFO  server.RaftServerConfigKeys (ConfUtils.java:logGet(44)) - raft.server.staging.catchup.gap = 1000 (default)
2020-10-09 13:09:24,892 [806253e9-663f-42ca-9134-07a713f9f0ba@group-382996AC8CC6-LeaderElection15] INFO  server.RaftServerConfigKeys (ConfUtils.java:logGet(44)) - raft.server.rpc.sleep.time = 25ms (default)
2020-10-09 13:09:24,892 [806253e9-663f-42ca-9134-07a713f9f0ba@group-382996AC8CC6-LeaderElection15] INFO  metrics.RatisMetrics (RatisMetrics.java:lambda$create$0(36)) - Creating Metrics Registry : ratis.log_appender.806253e9-663f-42ca-9134-07a713f9f0ba@group-382996AC8CC6
2020-10-09 13:09:24,893 [806253e9-663f-42ca-9134-07a713f9f0ba@group-382996AC8CC6-LeaderElection15] INFO  server.RaftServerConfigKeys (ConfUtils.java:logGet(44)) - raft.server.write.element-limit = 1024 (custom)
2020-10-09 13:09:24,893 [806253e9-663f-42ca-9134-07a713f9f0ba@group-382996AC8CC6-LeaderElection15] INFO  server.RaftServerConfigKeys (ConfUtils.java:logGet(44)) - raft.server.write.byte-limit = 1073741824 (custom)
2020-10-09 13:09:24,893 [806253e9-663f-42ca-9134-07a713f9f0ba@group-382996AC8CC6-LeaderElection15] INFO  server.RaftServerConfigKeys (ConfUtils.java:logGet(44)) - raft.server.watch.timeout = 180s (custom)
2020-10-09 13:09:24,893 [806253e9-663f-42ca-9134-07a713f9f0ba@group-382996AC8CC6-LeaderElection15] INFO  server.RaftServerConfigKeys (ConfUtils.java:logGet(44)) - raft.server.watch.timeout.denomination = 1s (default)
2020-10-09 13:09:24,893 [806253e9-663f-42ca-9134-07a713f9f0ba@group-382996AC8CC6-LeaderElection15] INFO  server.RaftServerConfigKeys (ConfUtils.java:logGet(44)) - raft.server.watch.element-limit = 65536 (default)
2020-10-09 13:09:24,893 [806253e9-663f-42ca-9134-07a713f9f0ba@group-382996AC8CC6-LeaderElection15] INFO  impl.RoleInfo (RoleInfo.java:updateAndGet(143)) - 806253e9-663f-42ca-9134-07a713f9f0ba: start LeaderState
2020-10-09 13:09:24,894 [806253e9-663f-42ca-9134-07a713f9f0ba@group-382996AC8CC6-LeaderElection15] INFO  segmented.SegmentedRaftLogWorker (SegmentedRaftLogWorker.java:startLogSegment(397)) - 806253e9-663f-42ca-9134-07a713f9f0ba@group-382996AC8CC6-SegmentedRaftLogWorker: Starting segment from index:0
2020-10-09 13:09:24,894 [806253e9-663f-42ca-9134-07a713f9f0ba@group-382996AC8CC6-LeaderElection15] INFO  impl.RaftServerImpl (ServerState.java:setRaftConf(374)) - 806253e9-663f-42ca-9134-07a713f9f0ba@group-382996AC8CC6: set configuration 0: [806253e9-663f-42ca-9134-07a713f9f0ba:172.17.0.2:45075:0], old=null at 0
2020-10-09 13:09:24,895 [806253e9-663f-42ca-9134-07a713f9f0ba@group-382996AC8CC6-SegmentedRaftLogWorker] INFO  segmented.SegmentedRaftLogWorker (SegmentedRaftLogWorker.java:execute(596)) - 806253e9-663f-42ca-9134-07a713f9f0ba@group-382996AC8CC6-SegmentedRaftLogWorker: created new log segment /github/workspace/mnt/ozone/hadoop-ozone/integration-test/target/test-dir/MiniOzoneClusterImpl-3c6d3de1-1da1-4a65-89f4-2560fa2fb7b3/datanode-0/data/ratis/02cbea50-f4a4-4954-aeaa-382996ac8cc6/current/log_inprogress_0
2020-10-09 13:09:24,947 [Thread-590] INFO  impl.FollowerState (FollowerState.java:run(108)) - c898e38e-09ec-443f-8bfc-2e0e927f6f14@group-16D47AC4E272-FollowerState: change to CANDIDATE, lastRpcTime:5054ms, electionTimeout:5053ms
2020-10-09 13:09:24,947 [Thread-590] INFO  impl.RoleInfo (RoleInfo.java:shutdownFollowerState(121)) - c898e38e-09ec-443f-8bfc-2e0e927f6f14: shutdown FollowerState
2020-10-09 13:09:24,947 [Thread-590] INFO  impl.RaftServerImpl (RaftServerImpl.java:setRole(198)) - c898e38e-09ec-443f-8bfc-2e0e927f6f14@group-16D47AC4E272: changes role from  FOLLOWER to CANDIDATE at term 0 for changeToCandidate
2020-10-09 13:09:24,947 [Thread-590] INFO  impl.RoleInfo (RoleInfo.java:updateAndGet(143)) - c898e38e-09ec-443f-8bfc-2e0e927f6f14: start LeaderElection
2020-10-09 13:09:24,950 [c898e38e-09ec-443f-8bfc-2e0e927f6f14@group-16D47AC4E272-LeaderElection16] INFO  impl.LeaderElection (LeaderElection.java:askForVotes(210)) - c898e38e-09ec-443f-8bfc-2e0e927f6f14@group-16D47AC4E272-LeaderElection16: begin an election at term 1 for -1: [c898e38e-09ec-443f-8bfc-2e0e927f6f14:172.17.0.2:40791:0], old=null
2020-10-09 13:09:24,950 [c898e38e-09ec-443f-8bfc-2e0e927f6f14@group-16D47AC4E272-LeaderElection16] INFO  impl.RoleInfo (RoleInfo.java:shutdownLeaderElection(134)) - c898e38e-09ec-443f-8bfc-2e0e927f6f14: shutdown LeaderElection
2020-10-09 13:09:24,950 [c898e38e-09ec-443f-8bfc-2e0e927f6f14@group-16D47AC4E272-LeaderElection16] INFO  impl.RaftServerImpl (RaftServerImpl.java:setRole(198)) - c898e38e-09ec-443f-8bfc-2e0e927f6f14@group-16D47AC4E272: changes role from CANDIDATE to LEADER at term 1 for changeToLeader
2020-10-09 13:09:24,950 [c898e38e-09ec-443f-8bfc-2e0e927f6f14@group-16D47AC4E272-LeaderElection16] INFO  ratis.XceiverServerRatis (XceiverServerRatis.java:handleLeaderChangedNotification(822)) - Leader change notification received for group: group-16D47AC4E272 with new leaderId: c898e38e-09ec-443f-8bfc-2e0e927f6f14
2020-10-09 13:09:24,950 [c898e38e-09ec-443f-8bfc-2e0e927f6f14@group-16D47AC4E272-LeaderElection16] INFO  impl.RaftServerImpl (ServerState.java:setLeader(256)) - c898e38e-09ec-443f-8bfc-2e0e927f6f14@group-16D47AC4E272: change Leader from null to c898e38e-09ec-443f-8bfc-2e0e927f6f14 at term 1 for becomeLeader, leader elected after 5065ms
2020-10-09 13:09:24,951 [c898e38e-09ec-443f-8bfc-2e0e927f6f14@group-16D47AC4E272-LeaderElection16] INFO  server.RaftServerConfigKeys (ConfUtils.java:logGet(44)) - raft.server.staging.catchup.gap = 1000 (default)
2020-10-09 13:09:24,952 [c898e38e-09ec-443f-8bfc-2e0e927f6f14@group-16D47AC4E272-LeaderElection16] INFO  server.RaftServerConfigKeys (ConfUtils.java:logGet(44)) - raft.server.rpc.sleep.time = 25ms (default)
2020-10-09 13:09:24,952 [c898e38e-09ec-443f-8bfc-2e0e927f6f14@group-16D47AC4E272-LeaderElection16] INFO  metrics.RatisMetrics (RatisMetrics.java:lambda$create$0(36)) - Creating Metrics Registry : ratis.log_appender.c898e38e-09ec-443f-8bfc-2e0e927f6f14@group-16D47AC4E272
2020-10-09 13:09:24,952 [c898e38e-09ec-443f-8bfc-2e0e927f6f14@group-16D47AC4E272-LeaderElection16] INFO  server.RaftServerConfigKeys (ConfUtils.java:logGet(44)) - raft.server.write.element-limit = 1024 (custom)
2020-10-09 13:09:24,952 [c898e38e-09ec-443f-8bfc-2e0e927f6f14@group-16D47AC4E272-LeaderElection16] INFO  server.RaftServerConfigKeys (ConfUtils.java:logGet(44)) - raft.server.write.byte-limit = 1073741824 (custom)
2020-10-09 13:09:24,952 [c898e38e-09ec-443f-8bfc-2e0e927f6f14@group-16D47AC4E272-LeaderElection16] INFO  server.RaftServerConfigKeys (ConfUtils.java:logGet(44)) - raft.server.watch.timeout = 180s (custom)
2020-10-09 13:09:24,953 [c898e38e-09ec-443f-8bfc-2e0e927f6f14@group-16D47AC4E272-LeaderElection16] INFO  server.RaftServerConfigKeys (ConfUtils.java:logGet(44)) - raft.server.watch.timeout.denomination = 1s (default)
2020-10-09 13:09:24,953 [c898e38e-09ec-443f-8bfc-2e0e927f6f14@group-16D47AC4E272-LeaderElection16] INFO  server.RaftServerConfigKeys (ConfUtils.java:logGet(44)) - raft.server.watch.element-limit = 65536 (default)
2020-10-09 13:09:24,953 [c898e38e-09ec-443f-8bfc-2e0e927f6f14@group-16D47AC4E272-LeaderElection16] INFO  impl.RoleInfo (RoleInfo.java:updateAndGet(143)) - c898e38e-09ec-443f-8bfc-2e0e927f6f14: start LeaderState
2020-10-09 13:09:24,953 [c898e38e-09ec-443f-8bfc-2e0e927f6f14@group-16D47AC4E272-LeaderElection16] INFO  segmented.SegmentedRaftLogWorker (SegmentedRaftLogWorker.java:startLogSegment(397)) - c898e38e-09ec-443f-8bfc-2e0e927f6f14@group-16D47AC4E272-SegmentedRaftLogWorker: Starting segment from index:0
2020-10-09 13:09:24,955 [c898e38e-09ec-443f-8bfc-2e0e927f6f14@group-16D47AC4E272-SegmentedRaftLogWorker] INFO  segmented.SegmentedRaftLogWorker (SegmentedRaftLogWorker.java:execute(596)) - c898e38e-09ec-443f-8bfc-2e0e927f6f14@group-16D47AC4E272-SegmentedRaftLogWorker: created new log segment /github/workspace/mnt/ozone/hadoop-ozone/integration-test/target/test-dir/MiniOzoneClusterImpl-3c6d3de1-1da1-4a65-89f4-2560fa2fb7b3/datanode-1/data/ratis/dadab27e-89ab-428e-8bf6-16d47ac4e272/current/log_inprogress_0
2020-10-09 13:09:24,956 [c898e38e-09ec-443f-8bfc-2e0e927f6f14@group-16D47AC4E272-LeaderElection16] INFO  impl.RaftServerImpl (ServerState.java:setRaftConf(374)) - c898e38e-09ec-443f-8bfc-2e0e927f6f14@group-16D47AC4E272: set configuration 0: [c898e38e-09ec-443f-8bfc-2e0e927f6f14:172.17.0.2:40791:0], old=null at 0
2020-10-09 13:09:25,064 [Thread-592] INFO  impl.FollowerState (FollowerState.java:run(108)) - 35f076fd-81c9-4d49-85ba-25f227690f12@group-290DD5E9E2AB-FollowerState: change to CANDIDATE, lastRpcTime:5007ms, electionTimeout:5007ms
2020-10-09 13:09:25,065 [Thread-592] INFO  impl.RoleInfo (RoleInfo.java:shutdownFollowerState(121)) - 35f076fd-81c9-4d49-85ba-25f227690f12: shutdown FollowerState
2020-10-09 13:09:25,065 [Thread-592] INFO  impl.RaftServerImpl (RaftServerImpl.java:setRole(198)) - 35f076fd-81c9-4d49-85ba-25f227690f12@group-290DD5E9E2AB: changes role from  FOLLOWER to CANDIDATE at term 0 for changeToCandidate
2020-10-09 13:09:25,065 [Thread-592] INFO  impl.RoleInfo (RoleInfo.java:updateAndGet(143)) - 35f076fd-81c9-4d49-85ba-25f227690f12: start LeaderElection
2020-10-09 13:09:25,070 [35f076fd-81c9-4d49-85ba-25f227690f12@group-290DD5E9E2AB-LeaderElection17] INFO  impl.LeaderElection (LeaderElection.java:askForVotes(210)) - 35f076fd-81c9-4d49-85ba-25f227690f12@group-290DD5E9E2AB-LeaderElection17: begin an election at term 1 for -1: [35f076fd-81c9-4d49-85ba-25f227690f12:172.17.0.2:35535:0], old=null
2020-10-09 13:09:25,070 [35f076fd-81c9-4d49-85ba-25f227690f12@group-290DD5E9E2AB-LeaderElection17] INFO  impl.RoleInfo (RoleInfo.java:shutdownLeaderElection(134)) - 35f076fd-81c9-4d49-85ba-25f227690f12: shutdown LeaderElection
2020-10-09 13:09:25,070 [35f076fd-81c9-4d49-85ba-25f227690f12@group-290DD5E9E2AB-LeaderElection17] INFO  impl.RaftServerImpl (RaftServerImpl.java:setRole(198)) - 35f076fd-81c9-4d49-85ba-25f227690f12@group-290DD5E9E2AB: changes role from CANDIDATE to LEADER at term 1 for changeToLeader
2020-10-09 13:09:25,070 [35f076fd-81c9-4d49-85ba-25f227690f12@group-290DD5E9E2AB-LeaderElection17] INFO  ratis.XceiverServerRatis (XceiverServerRatis.java:handleLeaderChangedNotification(822)) - Leader change notification received for group: group-290DD5E9E2AB with new leaderId: 35f076fd-81c9-4d49-85ba-25f227690f12
2020-10-09 13:09:25,071 [35f076fd-81c9-4d49-85ba-25f227690f12@group-290DD5E9E2AB-LeaderElection17] INFO  impl.RaftServerImpl (ServerState.java:setLeader(256)) - 35f076fd-81c9-4d49-85ba-25f227690f12@group-290DD5E9E2AB: change Leader from null to 35f076fd-81c9-4d49-85ba-25f227690f12 at term 1 for becomeLeader, leader elected after 5024ms
2020-10-09 13:09:25,071 [35f076fd-81c9-4d49-85ba-25f227690f12@group-290DD5E9E2AB-LeaderElection17] INFO  server.RaftServerConfigKeys (ConfUtils.java:logGet(44)) - raft.server.staging.catchup.gap = 1000 (default)
2020-10-09 13:09:25,071 [35f076fd-81c9-4d49-85ba-25f227690f12@group-290DD5E9E2AB-LeaderElection17] INFO  server.RaftServerConfigKeys (ConfUtils.java:logGet(44)) - raft.server.rpc.sleep.time = 25ms (default)
2020-10-09 13:09:25,071 [35f076fd-81c9-4d49-85ba-25f227690f12@group-290DD5E9E2AB-LeaderElection17] INFO  metrics.RatisMetrics (RatisMetrics.java:lambda$create$0(36)) - Creating Metrics Registry : ratis.log_appender.35f076fd-81c9-4d49-85ba-25f227690f12@group-290DD5E9E2AB
2020-10-09 13:09:25,072 [35f076fd-81c9-4d49-85ba-25f227690f12@group-290DD5E9E2AB-LeaderElection17] INFO  server.RaftServerConfigKeys (ConfUtils.java:logGet(44)) - raft.server.write.element-limit = 1024 (custom)
2020-10-09 13:09:25,072 [35f076fd-81c9-4d49-85ba-25f227690f12@group-290DD5E9E2AB-LeaderElection17] INFO  server.RaftServerConfigKeys (ConfUtils.java:logGet(44)) - raft.server.write.byte-limit = 1073741824 (custom)
2020-10-09 13:09:25,072 [35f076fd-81c9-4d49-85ba-25f227690f12@group-290DD5E9E2AB-LeaderElection17] INFO  server.RaftServerConfigKeys (ConfUtils.java:logGet(44)) - raft.server.watch.timeout = 180s (custom)
2020-10-09 13:09:25,073 [35f076fd-81c9-4d49-85ba-25f227690f12@group-290DD5E9E2AB-LeaderElection17] INFO  server.RaftServerConfigKeys (ConfUtils.java:logGet(44)) - raft.server.watch.timeout.denomination = 1s (default)
2020-10-09 13:09:25,073 [35f076fd-81c9-4d49-85ba-25f227690f12@group-290DD5E9E2AB-LeaderElection17] INFO  server.RaftServerConfigKeys (ConfUtils.java:logGet(44)) - raft.server.watch.element-limit = 65536 (default)
2020-10-09 13:09:25,073 [35f076fd-81c9-4d49-85ba-25f227690f12@group-290DD5E9E2AB-LeaderElection17] INFO  impl.RoleInfo (RoleInfo.java:updateAndGet(143)) - 35f076fd-81c9-4d49-85ba-25f227690f12: start LeaderState
2020-10-09 13:09:25,073 [35f076fd-81c9-4d49-85ba-25f227690f12@group-290DD5E9E2AB-LeaderElection17] INFO  segmented.SegmentedRaftLogWorker (SegmentedRaftLogWorker.java:startLogSegment(397)) - 35f076fd-81c9-4d49-85ba-25f227690f12@group-290DD5E9E2AB-SegmentedRaftLogWorker: Starting segment from index:0
2020-10-09 13:09:25,074 [35f076fd-81c9-4d49-85ba-25f227690f12@group-290DD5E9E2AB-LeaderElection17] INFO  impl.RaftServerImpl (ServerState.java:setRaftConf(374)) - 35f076fd-81c9-4d49-85ba-25f227690f12@group-290DD5E9E2AB: set configuration 0: [35f076fd-81c9-4d49-85ba-25f227690f12:172.17.0.2:35535:0], old=null at 0
2020-10-09 13:09:25,075 [35f076fd-81c9-4d49-85ba-25f227690f12@group-290DD5E9E2AB-SegmentedRaftLogWorker] INFO  segmented.SegmentedRaftLogWorker (SegmentedRaftLogWorker.java:execute(596)) - 35f076fd-81c9-4d49-85ba-25f227690f12@group-290DD5E9E2AB-SegmentedRaftLogWorker: created new log segment /github/workspace/mnt/ozone/hadoop-ozone/integration-test/target/test-dir/MiniOzoneClusterImpl-3c6d3de1-1da1-4a65-89f4-2560fa2fb7b3/datanode-2/data/ratis/06b70b34-0e25-4487-abbc-290dd5e9e2ab/current/log_inprogress_0
2020-10-09 13:09:25,257 [Thread-594] INFO  impl.FollowerState (FollowerState.java:run(108)) - a81afdc5-1418-4294-8777-a85822e5b345@group-85D311487B0E-FollowerState: change to CANDIDATE, lastRpcTime:5020ms, electionTimeout:5020ms
2020-10-09 13:09:25,257 [Thread-594] INFO  impl.RoleInfo (RoleInfo.java:shutdownFollowerState(121)) - a81afdc5-1418-4294-8777-a85822e5b345: shutdown FollowerState
2020-10-09 13:09:25,258 [Thread-594] INFO  impl.RaftServerImpl (RaftServerImpl.java:setRole(198)) - a81afdc5-1418-4294-8777-a85822e5b345@group-85D311487B0E: changes role from  FOLLOWER to CANDIDATE at term 0 for changeToCandidate
2020-10-09 13:09:25,258 [Thread-594] INFO  impl.RoleInfo (RoleInfo.java:updateAndGet(143)) - a81afdc5-1418-4294-8777-a85822e5b345: start LeaderElection
2020-10-09 13:09:25,260 [a81afdc5-1418-4294-8777-a85822e5b345@group-85D311487B0E-LeaderElection18] INFO  impl.LeaderElection (LeaderElection.java:askForVotes(210)) - a81afdc5-1418-4294-8777-a85822e5b345@group-85D311487B0E-LeaderElection18: begin an election at term 1 for -1: [a81afdc5-1418-4294-8777-a85822e5b345:172.17.0.2:34583:0], old=null
2020-10-09 13:09:25,260 [a81afdc5-1418-4294-8777-a85822e5b345@group-85D311487B0E-LeaderElection18] INFO  impl.RoleInfo (RoleInfo.java:shutdownLeaderElection(134)) - a81afdc5-1418-4294-8777-a85822e5b345: shutdown LeaderElection
2020-10-09 13:09:25,260 [a81afdc5-1418-4294-8777-a85822e5b345@group-85D311487B0E-LeaderElection18] INFO  impl.RaftServerImpl (RaftServerImpl.java:setRole(198)) - a81afdc5-1418-4294-8777-a85822e5b345@group-85D311487B0E: changes role from CANDIDATE to LEADER at term 1 for changeToLeader
2020-10-09 13:09:25,261 [a81afdc5-1418-4294-8777-a85822e5b345@group-85D311487B0E-LeaderElection18] INFO  ratis.XceiverServerRatis (XceiverServerRatis.java:handleLeaderChangedNotification(822)) - Leader change notification received for group: group-85D311487B0E with new leaderId: a81afdc5-1418-4294-8777-a85822e5b345
2020-10-09 13:09:25,261 [a81afdc5-1418-4294-8777-a85822e5b345@group-85D311487B0E-LeaderElection18] INFO  impl.RaftServerImpl (ServerState.java:setLeader(256)) - a81afdc5-1418-4294-8777-a85822e5b345@group-85D311487B0E: change Leader from null to a81afdc5-1418-4294-8777-a85822e5b345 at term 1 for becomeLeader, leader elected after 5034ms
2020-10-09 13:09:25,261 [a81afdc5-1418-4294-8777-a85822e5b345@group-85D311487B0E-LeaderElection18] INFO  server.RaftServerConfigKeys (ConfUtils.java:logGet(44)) - raft.server.staging.catchup.gap = 1000 (default)
2020-10-09 13:09:25,262 [a81afdc5-1418-4294-8777-a85822e5b345@group-85D311487B0E-LeaderElection18] INFO  server.RaftServerConfigKeys (ConfUtils.java:logGet(44)) - raft.server.rpc.sleep.time = 25ms (default)
2020-10-09 13:09:25,262 [a81afdc5-1418-4294-8777-a85822e5b345@group-85D311487B0E-LeaderElection18] INFO  metrics.RatisMetrics (RatisMetrics.java:lambda$create$0(36)) - Creating Metrics Registry : ratis.log_appender.a81afdc5-1418-4294-8777-a85822e5b345@group-85D311487B0E
2020-10-09 13:09:25,262 [a81afdc5-1418-4294-8777-a85822e5b345@group-85D311487B0E-LeaderElection18] INFO  server.RaftServerConfigKeys (ConfUtils.java:logGet(44)) - raft.server.write.element-limit = 1024 (custom)
2020-10-09 13:09:25,262 [a81afdc5-1418-4294-8777-a85822e5b345@group-85D311487B0E-LeaderElection18] INFO  server.RaftServerConfigKeys (ConfUtils.java:logGet(44)) - raft.server.write.byte-limit = 1073741824 (custom)
2020-10-09 13:09:25,262 [a81afdc5-1418-4294-8777-a85822e5b345@group-85D311487B0E-LeaderElection18] INFO  server.RaftServerConfigKeys (ConfUtils.java:logGet(44)) - raft.server.watch.timeout = 180s (custom)
2020-10-09 13:09:25,262 [a81afdc5-1418-4294-8777-a85822e5b345@group-85D311487B0E-LeaderElection18] INFO  server.RaftServerConfigKeys (ConfUtils.java:logGet(44)) - raft.server.watch.timeout.denomination = 1s (default)
2020-10-09 13:09:25,263 [a81afdc5-1418-4294-8777-a85822e5b345@group-85D311487B0E-LeaderElection18] INFO  server.RaftServerConfigKeys (ConfUtils.java:logGet(44)) - raft.server.watch.element-limit = 65536 (default)
2020-10-09 13:09:25,263 [a81afdc5-1418-4294-8777-a85822e5b345@group-85D311487B0E-LeaderElection18] INFO  impl.RoleInfo (RoleInfo.java:updateAndGet(143)) - a81afdc5-1418-4294-8777-a85822e5b345: start LeaderState
2020-10-09 13:09:25,263 [a81afdc5-1418-4294-8777-a85822e5b345@group-85D311487B0E-LeaderElection18] INFO  segmented.SegmentedRaftLogWorker (SegmentedRaftLogWorker.java:startLogSegment(397)) - a81afdc5-1418-4294-8777-a85822e5b345@group-85D311487B0E-SegmentedRaftLogWorker: Starting segment from index:0
2020-10-09 13:09:25,264 [a81afdc5-1418-4294-8777-a85822e5b345@group-85D311487B0E-LeaderElection18] INFO  impl.RaftServerImpl (ServerState.java:setRaftConf(374)) - a81afdc5-1418-4294-8777-a85822e5b345@group-85D311487B0E: set configuration 0: [a81afdc5-1418-4294-8777-a85822e5b345:172.17.0.2:34583:0], old=null at 0
2020-10-09 13:09:25,264 [a81afdc5-1418-4294-8777-a85822e5b345@group-85D311487B0E-SegmentedRaftLogWorker] INFO  segmented.SegmentedRaftLogWorker (SegmentedRaftLogWorker.java:execute(596)) - a81afdc5-1418-4294-8777-a85822e5b345@group-85D311487B0E-SegmentedRaftLogWorker: created new log segment /github/workspace/mnt/ozone/hadoop-ozone/integration-test/target/test-dir/MiniOzoneClusterImpl-3c6d3de1-1da1-4a65-89f4-2560fa2fb7b3/datanode-3/data/ratis/eff39d32-4522-4b42-820c-85d311487b0e/current/log_inprogress_0
2020-10-09 13:09:25,388 [Thread-598] INFO  impl.FollowerState (FollowerState.java:run(108)) - d6479ada-01f6-46a2-af6c-4c5e8a8a5896@group-31C907F937B7-FollowerState: change to CANDIDATE, lastRpcTime:5099ms, electionTimeout:5099ms
2020-10-09 13:09:25,389 [Thread-598] INFO  impl.RoleInfo (RoleInfo.java:shutdownFollowerState(121)) - d6479ada-01f6-46a2-af6c-4c5e8a8a5896: shutdown FollowerState
2020-10-09 13:09:25,389 [Thread-598] INFO  impl.RaftServerImpl (RaftServerImpl.java:setRole(198)) - d6479ada-01f6-46a2-af6c-4c5e8a8a5896@group-31C907F937B7: changes role from  FOLLOWER to CANDIDATE at term 0 for changeToCandidate
2020-10-09 13:09:25,389 [Thread-598] INFO  impl.RoleInfo (RoleInfo.java:updateAndGet(143)) - d6479ada-01f6-46a2-af6c-4c5e8a8a5896: start LeaderElection
2020-10-09 13:09:25,394 [Thread-596] INFO  impl.FollowerState (FollowerState.java:run(108)) - a81afdc5-1418-4294-8777-a85822e5b345@group-31C907F937B7-FollowerState: change to CANDIDATE, lastRpcTime:5147ms, electionTimeout:5146ms
2020-10-09 13:09:25,394 [Thread-596] INFO  impl.RoleInfo (RoleInfo.java:shutdownFollowerState(121)) - a81afdc5-1418-4294-8777-a85822e5b345: shutdown FollowerState
2020-10-09 13:09:25,394 [Thread-596] INFO  impl.RaftServerImpl (RaftServerImpl.java:setRole(198)) - a81afdc5-1418-4294-8777-a85822e5b345@group-31C907F937B7: changes role from  FOLLOWER to CANDIDATE at term 0 for changeToCandidate
2020-10-09 13:09:25,395 [Thread-596] INFO  impl.RoleInfo (RoleInfo.java:updateAndGet(143)) - a81afdc5-1418-4294-8777-a85822e5b345: start LeaderElection
2020-10-09 13:09:25,395 [Thread-601] INFO  impl.FollowerState (FollowerState.java:run(108)) - fb832d46-014a-40af-bef4-7a4864cad3bb@group-31C907F937B7-FollowerState: change to CANDIDATE, lastRpcTime:5078ms, electionTimeout:5077ms
2020-10-09 13:09:25,395 [Thread-601] INFO  impl.RoleInfo (RoleInfo.java:shutdownFollowerState(121)) - fb832d46-014a-40af-bef4-7a4864cad3bb: shutdown FollowerState
2020-10-09 13:09:25,395 [Thread-601] INFO  impl.RaftServerImpl (RaftServerImpl.java:setRole(198)) - fb832d46-014a-40af-bef4-7a4864cad3bb@group-31C907F937B7: changes role from  FOLLOWER to CANDIDATE at term 0 for changeToCandidate
2020-10-09 13:09:25,399 [Thread-601] INFO  impl.RoleInfo (RoleInfo.java:updateAndGet(143)) - fb832d46-014a-40af-bef4-7a4864cad3bb: start LeaderElection
2020-10-09 13:09:25,400 [d6479ada-01f6-46a2-af6c-4c5e8a8a5896@group-31C907F937B7-LeaderElection19] INFO  impl.LeaderElection (LeaderElection.java:askForVotes(210)) - d6479ada-01f6-46a2-af6c-4c5e8a8a5896@group-31C907F937B7-LeaderElection19: begin an election at term 1 for -1: [d6479ada-01f6-46a2-af6c-4c5e8a8a5896:172.17.0.2:38307:0, a81afdc5-1418-4294-8777-a85822e5b345:172.17.0.2:34583:0, fb832d46-014a-40af-bef4-7a4864cad3bb:172.17.0.2:34119:0], old=null
2020-10-09 13:09:25,401 [a81afdc5-1418-4294-8777-a85822e5b345@group-31C907F937B7-LeaderElection20] INFO  impl.LeaderElection (LeaderElection.java:askForVotes(210)) - a81afdc5-1418-4294-8777-a85822e5b345@group-31C907F937B7-LeaderElection20: begin an election at term 1 for -1: [d6479ada-01f6-46a2-af6c-4c5e8a8a5896:172.17.0.2:38307:0, a81afdc5-1418-4294-8777-a85822e5b345:172.17.0.2:34583:0, fb832d46-014a-40af-bef4-7a4864cad3bb:172.17.0.2:34119:0], old=null
2020-10-09 13:09:25,415 [grpc-default-executor-3] INFO  metrics.RatisMetrics (RatisMetrics.java:lambda$create$0(36)) - Creating Metrics Registry : ratis.server_message_metrics.a81afdc5-1418-4294-8777-a85822e5b345
2020-10-09 13:09:25,427 [fb832d46-014a-40af-bef4-7a4864cad3bb@group-31C907F937B7-LeaderElection21] INFO  impl.LeaderElection (LeaderElection.java:askForVotes(210)) - fb832d46-014a-40af-bef4-7a4864cad3bb@group-31C907F937B7-LeaderElection21: begin an election at term 1 for -1: [d6479ada-01f6-46a2-af6c-4c5e8a8a5896:172.17.0.2:38307:0, a81afdc5-1418-4294-8777-a85822e5b345:172.17.0.2:34583:0, fb832d46-014a-40af-bef4-7a4864cad3bb:172.17.0.2:34119:0], old=null
2020-10-09 13:09:25,427 [Thread-604] INFO  impl.FollowerState (FollowerState.java:run(108)) - fb832d46-014a-40af-bef4-7a4864cad3bb@group-645C64F3DEB7-FollowerState: change to CANDIDATE, lastRpcTime:5014ms, electionTimeout:5013ms
2020-10-09 13:09:25,427 [Thread-604] INFO  impl.RoleInfo (RoleInfo.java:shutdownFollowerState(121)) - fb832d46-014a-40af-bef4-7a4864cad3bb: shutdown FollowerState
2020-10-09 13:09:25,428 [Thread-604] INFO  impl.RaftServerImpl (RaftServerImpl.java:setRole(198)) - fb832d46-014a-40af-bef4-7a4864cad3bb@group-645C64F3DEB7: changes role from  FOLLOWER to CANDIDATE at term 0 for changeToCandidate
2020-10-09 13:09:25,436 [Thread-604] INFO  impl.RoleInfo (RoleInfo.java:updateAndGet(143)) - fb832d46-014a-40af-bef4-7a4864cad3bb: start LeaderElection
2020-10-09 13:09:25,454 [d6479ada-01f6-46a2-af6c-4c5e8a8a5896@group-31C907F937B7-LeaderElection19] INFO  impl.LeaderElection (LeaderElection.java:logAndReturn(62)) - d6479ada-01f6-46a2-af6c-4c5e8a8a5896@group-31C907F937B7-LeaderElection19: Election REJECTED; received 2 response(s) [d6479ada-01f6-46a2-af6c-4c5e8a8a5896<-a81afdc5-1418-4294-8777-a85822e5b345#0:FAIL-t1, d6479ada-01f6-46a2-af6c-4c5e8a8a5896<-fb832d46-014a-40af-bef4-7a4864cad3bb#0:FAIL-t1] and 0 exception(s); d6479ada-01f6-46a2-af6c-4c5e8a8a5896@group-31C907F937B7:t1, leader=null, voted=d6479ada-01f6-46a2-af6c-4c5e8a8a5896, raftlog=d6479ada-01f6-46a2-af6c-4c5e8a8a5896@group-31C907F937B7-SegmentedRaftLog:OPENED:c-1,f-1,i0, conf=-1: [d6479ada-01f6-46a2-af6c-4c5e8a8a5896:172.17.0.2:38307:0, a81afdc5-1418-4294-8777-a85822e5b345:172.17.0.2:34583:0, fb832d46-014a-40af-bef4-7a4864cad3bb:172.17.0.2:34119:0], old=null
2020-10-09 13:09:25,455 [d6479ada-01f6-46a2-af6c-4c5e8a8a5896@group-31C907F937B7-LeaderElection19] INFO  impl.RaftServerImpl (RaftServerImpl.java:setRole(198)) - d6479ada-01f6-46a2-af6c-4c5e8a8a5896@group-31C907F937B7: changes role from CANDIDATE to FOLLOWER at term 1 for DISCOVERED_A_NEW_TERM
2020-10-09 13:09:25,455 [d6479ada-01f6-46a2-af6c-4c5e8a8a5896@group-31C907F937B7-LeaderElection19] INFO  impl.RoleInfo (RoleInfo.java:shutdownLeaderElection(134)) - d6479ada-01f6-46a2-af6c-4c5e8a8a5896: shutdown LeaderElection
2020-10-09 13:09:25,455 [d6479ada-01f6-46a2-af6c-4c5e8a8a5896@group-31C907F937B7-LeaderElection19] INFO  impl.RoleInfo (RoleInfo.java:updateAndGet(143)) - d6479ada-01f6-46a2-af6c-4c5e8a8a5896: start FollowerState
2020-10-09 13:09:25,469 [fb832d46-014a-40af-bef4-7a4864cad3bb@group-645C64F3DEB7-LeaderElection22] INFO  impl.LeaderElection (LeaderElection.java:askForVotes(210)) - fb832d46-014a-40af-bef4-7a4864cad3bb@group-645C64F3DEB7-LeaderElection22: begin an election at term 1 for -1: [fb832d46-014a-40af-bef4-7a4864cad3bb:172.17.0.2:34119:0], old=null
2020-10-09 13:09:25,471 [fb832d46-014a-40af-bef4-7a4864cad3bb@group-645C64F3DEB7-LeaderElection22] INFO  impl.RoleInfo (RoleInfo.java:shutdownLeaderElection(134)) - fb832d46-014a-40af-bef4-7a4864cad3bb: shutdown LeaderElection
2020-10-09 13:09:25,471 [fb832d46-014a-40af-bef4-7a4864cad3bb@group-645C64F3DEB7-LeaderElection22] INFO  impl.RaftServerImpl (RaftServerImpl.java:setRole(198)) - fb832d46-014a-40af-bef4-7a4864cad3bb@group-645C64F3DEB7: changes role from CANDIDATE to LEADER at term 1 for changeToLeader
2020-10-09 13:09:25,471 [fb832d46-014a-40af-bef4-7a4864cad3bb@group-645C64F3DEB7-LeaderElection22] INFO  ratis.XceiverServerRatis (XceiverServerRatis.java:handleLeaderChangedNotification(822)) - Leader change notification received for group: group-645C64F3DEB7 with new leaderId: fb832d46-014a-40af-bef4-7a4864cad3bb
2020-10-09 13:09:25,471 [fb832d46-014a-40af-bef4-7a4864cad3bb@group-645C64F3DEB7-LeaderElection22] INFO  impl.RaftServerImpl (ServerState.java:setLeader(256)) - fb832d46-014a-40af-bef4-7a4864cad3bb@group-645C64F3DEB7: change Leader from null to fb832d46-014a-40af-bef4-7a4864cad3bb at term 1 for becomeLeader, leader elected after 5064ms
2020-10-09 13:09:25,473 [fb832d46-014a-40af-bef4-7a4864cad3bb@group-645C64F3DEB7-LeaderElection22] INFO  server.RaftServerConfigKeys (ConfUtils.java:logGet(44)) - raft.server.staging.catchup.gap = 1000 (default)
2020-10-09 13:09:25,473 [fb832d46-014a-40af-bef4-7a4864cad3bb@group-645C64F3DEB7-LeaderElection22] INFO  server.RaftServerConfigKeys (ConfUtils.java:logGet(44)) - raft.server.rpc.sleep.time = 25ms (default)
2020-10-09 13:09:25,474 [fb832d46-014a-40af-bef4-7a4864cad3bb@group-645C64F3DEB7-LeaderElection22] INFO  metrics.RatisMetrics (RatisMetrics.java:lambda$create$0(36)) - Creating Metrics Registry : ratis.log_appender.fb832d46-014a-40af-bef4-7a4864cad3bb@group-645C64F3DEB7
2020-10-09 13:09:25,474 [fb832d46-014a-40af-bef4-7a4864cad3bb@group-645C64F3DEB7-LeaderElection22] INFO  server.RaftServerConfigKeys (ConfUtils.java:logGet(44)) - raft.server.write.element-limit = 1024 (custom)
2020-10-09 13:09:25,474 [fb832d46-014a-40af-bef4-7a4864cad3bb@group-645C64F3DEB7-LeaderElection22] INFO  server.RaftServerConfigKeys (ConfUtils.java:logGet(44)) - raft.server.write.byte-limit = 1073741824 (custom)
2020-10-09 13:09:25,474 [fb832d46-014a-40af-bef4-7a4864cad3bb@group-645C64F3DEB7-LeaderElection22] INFO  server.RaftServerConfigKeys (ConfUtils.java:logGet(44)) - raft.server.watch.timeout = 180s (custom)
2020-10-09 13:09:25,474 [fb832d46-014a-40af-bef4-7a4864cad3bb@group-645C64F3DEB7-LeaderElection22] INFO  server.RaftServerConfigKeys (ConfUtils.java:logGet(44)) - raft.server.watch.timeout.denomination = 1s (default)
2020-10-09 13:09:25,474 [fb832d46-014a-40af-bef4-7a4864cad3bb@group-645C64F3DEB7-LeaderElection22] INFO  server.RaftServerConfigKeys (ConfUtils.java:logGet(44)) - raft.server.watch.element-limit = 65536 (default)
2020-10-09 13:09:25,474 [fb832d46-014a-40af-bef4-7a4864cad3bb@group-645C64F3DEB7-LeaderElection22] INFO  impl.RoleInfo (RoleInfo.java:updateAndGet(143)) - fb832d46-014a-40af-bef4-7a4864cad3bb: start LeaderState
2020-10-09 13:09:25,475 [fb832d46-014a-40af-bef4-7a4864cad3bb@group-645C64F3DEB7-LeaderElection22] INFO  segmented.SegmentedRaftLogWorker (SegmentedRaftLogWorker.java:startLogSegment(397)) - fb832d46-014a-40af-bef4-7a4864cad3bb@group-645C64F3DEB7-SegmentedRaftLogWorker: Starting segment from index:0
2020-10-09 13:09:25,476 [fb832d46-014a-40af-bef4-7a4864cad3bb@group-645C64F3DEB7-SegmentedRaftLogWorker] INFO  segmented.SegmentedRaftLogWorker (SegmentedRaftLogWorker.java:execute(596)) - fb832d46-014a-40af-bef4-7a4864cad3bb@group-645C64F3DEB7-SegmentedRaftLogWorker: created new log segment /github/workspace/mnt/ozone/hadoop-ozone/integration-test/target/test-dir/MiniOzoneClusterImpl-3c6d3de1-1da1-4a65-89f4-2560fa2fb7b3/datanode-4/data/ratis/87856b61-c5bd-40ec-bcd1-645c64f3deb7/current/log_inprogress_0
2020-10-09 13:09:25,477 [fb832d46-014a-40af-bef4-7a4864cad3bb@group-645C64F3DEB7-LeaderElection22] INFO  impl.RaftServerImpl (ServerState.java:setRaftConf(374)) - fb832d46-014a-40af-bef4-7a4864cad3bb@group-645C64F3DEB7: set configuration 0: [fb832d46-014a-40af-bef4-7a4864cad3bb:172.17.0.2:34119:0], old=null at 0
2020-10-09 13:09:25,481 [a81afdc5-1418-4294-8777-a85822e5b345@group-31C907F937B7-LeaderElection20] INFO  impl.LeaderElection (LeaderElection.java:logAndReturn(62)) - a81afdc5-1418-4294-8777-a85822e5b345@group-31C907F937B7-LeaderElection20: Election REJECTED; received 2 response(s) [a81afdc5-1418-4294-8777-a85822e5b345<-d6479ada-01f6-46a2-af6c-4c5e8a8a5896#0:FAIL-t1, a81afdc5-1418-4294-8777-a85822e5b345<-fb832d46-014a-40af-bef4-7a4864cad3bb#0:FAIL-t1] and 0 exception(s); a81afdc5-1418-4294-8777-a85822e5b345@group-31C907F937B7:t1, leader=null, voted=a81afdc5-1418-4294-8777-a85822e5b345, raftlog=a81afdc5-1418-4294-8777-a85822e5b345@group-31C907F937B7-SegmentedRaftLog:OPENED:c-1,f-1,i0, conf=-1: [d6479ada-01f6-46a2-af6c-4c5e8a8a5896:172.17.0.2:38307:0, a81afdc5-1418-4294-8777-a85822e5b345:172.17.0.2:34583:0, fb832d46-014a-40af-bef4-7a4864cad3bb:172.17.0.2:34119:0], old=null
2020-10-09 13:09:25,481 [a81afdc5-1418-4294-8777-a85822e5b345@group-31C907F937B7-LeaderElection20] INFO  impl.RaftServerImpl (RaftServerImpl.java:setRole(198)) - a81afdc5-1418-4294-8777-a85822e5b345@group-31C907F937B7: changes role from CANDIDATE to FOLLOWER at term 1 for DISCOVERED_A_NEW_TERM
2020-10-09 13:09:25,481 [a81afdc5-1418-4294-8777-a85822e5b345@group-31C907F937B7-LeaderElection20] INFO  impl.RoleInfo (RoleInfo.java:shutdownLeaderElection(134)) - a81afdc5-1418-4294-8777-a85822e5b345: shutdown LeaderElection
2020-10-09 13:09:25,481 [a81afdc5-1418-4294-8777-a85822e5b345@group-31C907F937B7-LeaderElection20] INFO  impl.RoleInfo (RoleInfo.java:updateAndGet(143)) - a81afdc5-1418-4294-8777-a85822e5b345: start FollowerState
2020-10-09 13:09:25,487 [fb832d46-014a-40af-bef4-7a4864cad3bb@group-31C907F937B7-LeaderElection21] INFO  impl.LeaderElection (LeaderElection.java:logAndReturn(62)) - fb832d46-014a-40af-bef4-7a4864cad3bb@group-31C907F937B7-LeaderElection21: Election REJECTED; received 2 response(s) [fb832d46-014a-40af-bef4-7a4864cad3bb<-d6479ada-01f6-46a2-af6c-4c5e8a8a5896#0:FAIL-t1, fb832d46-014a-40af-bef4-7a4864cad3bb<-a81afdc5-1418-4294-8777-a85822e5b345#0:FAIL-t1] and 0 exception(s); fb832d46-014a-40af-bef4-7a4864cad3bb@group-31C907F937B7:t1, leader=null, voted=fb832d46-014a-40af-bef4-7a4864cad3bb, raftlog=fb832d46-014a-40af-bef4-7a4864cad3bb@group-31C907F937B7-SegmentedRaftLog:OPENED:c-1,f-1,i0, conf=-1: [d6479ada-01f6-46a2-af6c-4c5e8a8a5896:172.17.0.2:38307:0, a81afdc5-1418-4294-8777-a85822e5b345:172.17.0.2:34583:0, fb832d46-014a-40af-bef4-7a4864cad3bb:172.17.0.2:34119:0], old=null
2020-10-09 13:09:25,488 [fb832d46-014a-40af-bef4-7a4864cad3bb@group-31C907F937B7-LeaderElection21] INFO  impl.RaftServerImpl (RaftServerImpl.java:setRole(198)) - fb832d46-014a-40af-bef4-7a4864cad3bb@group-31C907F937B7: changes role from CANDIDATE to FOLLOWER at term 1 for DISCOVERED_A_NEW_TERM
2020-10-09 13:09:25,488 [fb832d46-014a-40af-bef4-7a4864cad3bb@group-31C907F937B7-LeaderElection21] INFO  impl.RoleInfo (RoleInfo.java:shutdownLeaderElection(134)) - fb832d46-014a-40af-bef4-7a4864cad3bb: shutdown LeaderElection
2020-10-09 13:09:25,488 [fb832d46-014a-40af-bef4-7a4864cad3bb@group-31C907F937B7-LeaderElection21] INFO  impl.RoleInfo (RoleInfo.java:updateAndGet(143)) - fb832d46-014a-40af-bef4-7a4864cad3bb: start FollowerState
2020-10-09 13:09:25,730 [Listener at 127.0.0.1/33443] INFO  ozone.MiniOzoneClusterImpl (MiniOzoneClusterImpl.java:lambda$waitForClusterToBeReady$0(177)) - Nodes are ready. Got 7 of 7 DN Heartbeats.
2020-10-09 13:09:25,731 [Listener at 127.0.0.1/33443] INFO  ozone.MiniOzoneClusterImpl (MiniOzoneClusterImpl.java:lambda$waitForClusterToBeReady$0(180)) - Cluster exits safe mode
2020-10-09 13:09:25,731 [Thread-606] INFO  impl.FollowerState (FollowerState.java:run(108)) - d6479ada-01f6-46a2-af6c-4c5e8a8a5896@group-5E5C92167BF9-FollowerState: change to CANDIDATE, lastRpcTime:5154ms, electionTimeout:5153ms
2020-10-09 13:09:25,731 [Thread-606] INFO  impl.RoleInfo (RoleInfo.java:shutdownFollowerState(121)) - d6479ada-01f6-46a2-af6c-4c5e8a8a5896: shutdown FollowerState
2020-10-09 13:09:25,732 [Thread-606] INFO  impl.RaftServerImpl (RaftServerImpl.java:setRole(198)) - d6479ada-01f6-46a2-af6c-4c5e8a8a5896@group-5E5C92167BF9: changes role from  FOLLOWER to CANDIDATE at term 0 for changeToCandidate
2020-10-09 13:09:25,734 [Thread-606] INFO  impl.RoleInfo (RoleInfo.java:updateAndGet(143)) - d6479ada-01f6-46a2-af6c-4c5e8a8a5896: start LeaderElection
2020-10-09 13:09:25,739 [d6479ada-01f6-46a2-af6c-4c5e8a8a5896@group-5E5C92167BF9-LeaderElection23] INFO  impl.LeaderElection (LeaderElection.java:askForVotes(210)) - d6479ada-01f6-46a2-af6c-4c5e8a8a5896@group-5E5C92167BF9-LeaderElection23: begin an election at term 1 for -1: [d6479ada-01f6-46a2-af6c-4c5e8a8a5896:172.17.0.2:38307:0], old=null
2020-10-09 13:09:25,745 [d6479ada-01f6-46a2-af6c-4c5e8a8a5896@group-5E5C92167BF9-LeaderElection23] INFO  impl.RoleInfo (RoleInfo.java:shutdownLeaderElection(134)) - d6479ada-01f6-46a2-af6c-4c5e8a8a5896: shutdown LeaderElection
2020-10-09 13:09:25,745 [d6479ada-01f6-46a2-af6c-4c5e8a8a5896@group-5E5C92167BF9-LeaderElection23] INFO  impl.RaftServerImpl (RaftServerImpl.java:setRole(198)) - d6479ada-01f6-46a2-af6c-4c5e8a8a5896@group-5E5C92167BF9: changes role from CANDIDATE to LEADER at term 1 for changeToLeader
2020-10-09 13:09:25,751 [d6479ada-01f6-46a2-af6c-4c5e8a8a5896@group-5E5C92167BF9-LeaderElection23] INFO  ratis.XceiverServerRatis (XceiverServerRatis.java:handleLeaderChangedNotification(822)) - Leader change notification received for group: group-5E5C92167BF9 with new leaderId: d6479ada-01f6-46a2-af6c-4c5e8a8a5896
2020-10-09 13:09:25,752 [d6479ada-01f6-46a2-af6c-4c5e8a8a5896@group-5E5C92167BF9-LeaderElection23] INFO  impl.RaftServerImpl (ServerState.java:setLeader(256)) - d6479ada-01f6-46a2-af6c-4c5e8a8a5896@group-5E5C92167BF9: change Leader from null to d6479ada-01f6-46a2-af6c-4c5e8a8a5896 at term 1 for becomeLeader, leader elected after 5186ms
2020-10-09 13:09:25,752 [d6479ada-01f6-46a2-af6c-4c5e8a8a5896@group-5E5C92167BF9-LeaderElection23] INFO  server.RaftServerConfigKeys (ConfUtils.java:logGet(44)) - raft.server.staging.catchup.gap = 1000 (default)
2020-10-09 13:09:25,752 [d6479ada-01f6-46a2-af6c-4c5e8a8a5896@group-5E5C92167BF9-LeaderElection23] INFO  server.RaftServerConfigKeys (ConfUtils.java:logGet(44)) - raft.server.rpc.sleep.time = 25ms (default)
2020-10-09 13:09:25,753 [d6479ada-01f6-46a2-af6c-4c5e8a8a5896@group-5E5C92167BF9-LeaderElection23] INFO  metrics.RatisMetrics (RatisMetrics.java:lambda$create$0(36)) - Creating Metrics Registry : ratis.log_appender.d6479ada-01f6-46a2-af6c-4c5e8a8a5896@group-5E5C92167BF9
2020-10-09 13:09:25,753 [d6479ada-01f6-46a2-af6c-4c5e8a8a5896@group-5E5C92167BF9-LeaderElection23] INFO  server.RaftServerConfigKeys (ConfUtils.java:logGet(44)) - raft.server.write.element-limit = 1024 (custom)
2020-10-09 13:09:25,753 [d6479ada-01f6-46a2-af6c-4c5e8a8a5896@group-5E5C92167BF9-LeaderElection23] INFO  server.RaftServerConfigKeys (ConfUtils.java:logGet(44)) - raft.server.write.byte-limit = 1073741824 (custom)
2020-10-09 13:09:25,754 [d6479ada-01f6-46a2-af6c-4c5e8a8a5896@group-5E5C92167BF9-LeaderElection23] INFO  server.RaftServerConfigKeys (ConfUtils.java:logGet(44)) - raft.server.watch.timeout = 180s (custom)
2020-10-09 13:09:25,754 [d6479ada-01f6-46a2-af6c-4c5e8a8a5896@group-5E5C92167BF9-LeaderElection23] INFO  server.RaftServerConfigKeys (ConfUtils.java:logGet(44)) - raft.server.watch.timeout.denomination = 1s (default)
2020-10-09 13:09:25,754 [d6479ada-01f6-46a2-af6c-4c5e8a8a5896@group-5E5C92167BF9-LeaderElection23] INFO  server.RaftServerConfigKeys (ConfUtils.java:logGet(44)) - raft.server.watch.element-limit = 65536 (default)
2020-10-09 13:09:25,754 [d6479ada-01f6-46a2-af6c-4c5e8a8a5896@group-5E5C92167BF9-LeaderElection23] INFO  impl.RoleInfo (RoleInfo.java:updateAndGet(143)) - d6479ada-01f6-46a2-af6c-4c5e8a8a5896: start LeaderState
2020-10-09 13:09:25,754 [d6479ada-01f6-46a2-af6c-4c5e8a8a5896@group-5E5C92167BF9-LeaderElection23] INFO  segmented.SegmentedRaftLogWorker (SegmentedRaftLogWorker.java:startLogSegment(397)) - d6479ada-01f6-46a2-af6c-4c5e8a8a5896@group-5E5C92167BF9-SegmentedRaftLogWorker: Starting segment from index:0
2020-10-09 13:09:25,756 [d6479ada-01f6-46a2-af6c-4c5e8a8a5896@group-5E5C92167BF9-SegmentedRaftLogWorker] INFO  segmented.SegmentedRaftLogWorker (SegmentedRaftLogWorker.java:execute(596)) - d6479ada-01f6-46a2-af6c-4c5e8a8a5896@group-5E5C92167BF9-SegmentedRaftLogWorker: created new log segment /github/workspace/mnt/ozone/hadoop-ozone/integration-test/target/test-dir/MiniOzoneClusterImpl-3c6d3de1-1da1-4a65-89f4-2560fa2fb7b3/datanode-5/data/ratis/574f904f-c48d-48f7-bfd9-5e5c92167bf9/current/log_inprogress_0
2020-10-09 13:09:25,757 [Listener at 127.0.0.1/33443] INFO  rpc.RpcClient (RpcClient.java:createVolume(321)) - Creating Volume: testblockoutputstreamwithretries, with jenkins1001 as owner.
2020-10-09 13:09:25,758 [IPC Server handler 0 on default port 33443] INFO  volume.OMVolumeCreateRequest (OMVolumeCreateRequest.java:validateAndUpdateCache(195)) - created volume:testblockoutputstreamwithretries for user:jenkins1001
2020-10-09 13:09:25,761 [d6479ada-01f6-46a2-af6c-4c5e8a8a5896@group-5E5C92167BF9-LeaderElection23] INFO  impl.RaftServerImpl (ServerState.java:setRaftConf(374)) - d6479ada-01f6-46a2-af6c-4c5e8a8a5896@group-5E5C92167BF9: set configuration 0: [d6479ada-01f6-46a2-af6c-4c5e8a8a5896:172.17.0.2:38307:0], old=null at 0
2020-10-09 13:09:25,763 [Listener at 127.0.0.1/33443] INFO  rpc.RpcClient (RpcClient.java:createBucket(476)) - Creating Bucket: testblockoutputstreamwithretries/testblockoutputstreamwithretries, with Versioning false and Storage Type set to DISK and Encryption set to false 
2020-10-09 13:09:25,779 [Listener at 127.0.0.1/33443] INFO  metrics.RatisMetrics (RatisMetrics.java:lambda$create$0(36)) - Creating Metrics Registry : ratis.client_message_metrics.client-40BF4CFF7ED7->806253e9-663f-42ca-9134-07a713f9f0ba
2020-10-09 13:09:25,834 [Listener at 127.0.0.1/33443] INFO  metrics.RatisMetrics (RatisMetrics.java:lambda$create$0(36)) - Creating Metrics Registry : ratis.client_message_metrics.client-63B4A32FAD32->a81afdc5-1418-4294-8777-a85822e5b345
2020-10-09 13:09:25,888 [Thread-608] INFO  impl.FollowerState (FollowerState.java:run(108)) - 2496a6d5-eb4d-4d52-a464-3aecd426488f@group-90C62601240A-FollowerState: change to CANDIDATE, lastRpcTime:5142ms, electionTimeout:5142ms
2020-10-09 13:09:25,889 [Thread-608] INFO  impl.RoleInfo (RoleInfo.java:shutdownFollowerState(121)) - 2496a6d5-eb4d-4d52-a464-3aecd426488f: shutdown FollowerState
2020-10-09 13:09:25,889 [Thread-608] INFO  impl.RaftServerImpl (RaftServerImpl.java:setRole(198)) - 2496a6d5-eb4d-4d52-a464-3aecd426488f@group-90C62601240A: changes role from  FOLLOWER to CANDIDATE at term 0 for changeToCandidate
2020-10-09 13:09:25,889 [Thread-608] INFO  impl.RoleInfo (RoleInfo.java:updateAndGet(143)) - 2496a6d5-eb4d-4d52-a464-3aecd426488f: start LeaderElection
2020-10-09 13:09:25,895 [2496a6d5-eb4d-4d52-a464-3aecd426488f@group-90C62601240A-LeaderElection24] INFO  impl.LeaderElection (LeaderElection.java:askForVotes(210)) - 2496a6d5-eb4d-4d52-a464-3aecd426488f@group-90C62601240A-LeaderElection24: begin an election at term 1 for -1: [2496a6d5-eb4d-4d52-a464-3aecd426488f:172.17.0.2:34011:0], old=null
2020-10-09 13:09:25,895 [2496a6d5-eb4d-4d52-a464-3aecd426488f@group-90C62601240A-LeaderElection24] INFO  impl.RoleInfo (RoleInfo.java:shutdownLeaderElection(134)) - 2496a6d5-eb4d-4d52-a464-3aecd426488f: shutdown LeaderElection
2020-10-09 13:09:25,895 [2496a6d5-eb4d-4d52-a464-3aecd426488f@group-90C62601240A-LeaderElection24] INFO  impl.RaftServerImpl (RaftServerImpl.java:setRole(198)) - 2496a6d5-eb4d-4d52-a464-3aecd426488f@group-90C62601240A: changes role from CANDIDATE to LEADER at term 1 for changeToLeader
2020-10-09 13:09:25,895 [2496a6d5-eb4d-4d52-a464-3aecd426488f@group-90C62601240A-LeaderElection24] INFO  ratis.XceiverServerRatis (XceiverServerRatis.java:handleLeaderChangedNotification(822)) - Leader change notification received for group: group-90C62601240A with new leaderId: 2496a6d5-eb4d-4d52-a464-3aecd426488f
2020-10-09 13:09:25,895 [2496a6d5-eb4d-4d52-a464-3aecd426488f@group-90C62601240A-LeaderElection24] INFO  impl.RaftServerImpl (ServerState.java:setLeader(256)) - 2496a6d5-eb4d-4d52-a464-3aecd426488f@group-90C62601240A: change Leader from null to 2496a6d5-eb4d-4d52-a464-3aecd426488f at term 1 for becomeLeader, leader elected after 5155ms
2020-10-09 13:09:25,895 [2496a6d5-eb4d-4d52-a464-3aecd426488f@group-90C62601240A-LeaderElection24] INFO  server.RaftServerConfigKeys (ConfUtils.java:logGet(44)) - raft.server.staging.catchup.gap = 1000 (default)
2020-10-09 13:09:25,896 [2496a6d5-eb4d-4d52-a464-3aecd426488f@group-90C62601240A-LeaderElection24] INFO  server.RaftServerConfigKeys (ConfUtils.java:logGet(44)) - raft.server.rpc.sleep.time = 25ms (default)
2020-10-09 13:09:25,896 [2496a6d5-eb4d-4d52-a464-3aecd426488f@group-90C62601240A-LeaderElection24] INFO  metrics.RatisMetrics (RatisMetrics.java:lambda$create$0(36)) - Creating Metrics Registry : ratis.log_appender.2496a6d5-eb4d-4d52-a464-3aecd426488f@group-90C62601240A
2020-10-09 13:09:25,896 [2496a6d5-eb4d-4d52-a464-3aecd426488f@group-90C62601240A-LeaderElection24] INFO  server.RaftServerConfigKeys (ConfUtils.java:logGet(44)) - raft.server.write.element-limit = 1024 (custom)
2020-10-09 13:09:25,896 [2496a6d5-eb4d-4d52-a464-3aecd426488f@group-90C62601240A-LeaderElection24] INFO  server.RaftServerConfigKeys (ConfUtils.java:logGet(44)) - raft.server.write.byte-limit = 1073741824 (custom)
2020-10-09 13:09:25,896 [2496a6d5-eb4d-4d52-a464-3aecd426488f@group-90C62601240A-LeaderElection24] INFO  server.RaftServerConfigKeys (ConfUtils.java:logGet(44)) - raft.server.watch.timeout = 180s (custom)
2020-10-09 13:09:25,896 [2496a6d5-eb4d-4d52-a464-3aecd426488f@group-90C62601240A-LeaderElection24] INFO  server.RaftServerConfigKeys (ConfUtils.java:logGet(44)) - raft.server.watch.timeout.denomination = 1s (default)
2020-10-09 13:09:25,896 [2496a6d5-eb4d-4d52-a464-3aecd426488f@group-90C62601240A-LeaderElection24] INFO  server.RaftServerConfigKeys (ConfUtils.java:logGet(44)) - raft.server.watch.element-limit = 65536 (default)
2020-10-09 13:09:25,896 [2496a6d5-eb4d-4d52-a464-3aecd426488f@group-90C62601240A-LeaderElection24] INFO  impl.RoleInfo (RoleInfo.java:updateAndGet(143)) - 2496a6d5-eb4d-4d52-a464-3aecd426488f: start LeaderState
2020-10-09 13:09:25,897 [2496a6d5-eb4d-4d52-a464-3aecd426488f@group-90C62601240A-LeaderElection24] INFO  segmented.SegmentedRaftLogWorker (SegmentedRaftLogWorker.java:startLogSegment(397)) - 2496a6d5-eb4d-4d52-a464-3aecd426488f@group-90C62601240A-SegmentedRaftLogWorker: Starting segment from index:0
2020-10-09 13:09:25,897 [2496a6d5-eb4d-4d52-a464-3aecd426488f@group-90C62601240A-LeaderElection24] INFO  impl.RaftServerImpl (ServerState.java:setRaftConf(374)) - 2496a6d5-eb4d-4d52-a464-3aecd426488f@group-90C62601240A: set configuration 0: [2496a6d5-eb4d-4d52-a464-3aecd426488f:172.17.0.2:34011:0], old=null at 0
2020-10-09 13:09:25,899 [2496a6d5-eb4d-4d52-a464-3aecd426488f@group-90C62601240A-SegmentedRaftLogWorker] INFO  segmented.SegmentedRaftLogWorker (SegmentedRaftLogWorker.java:execute(596)) - 2496a6d5-eb4d-4d52-a464-3aecd426488f@group-90C62601240A-SegmentedRaftLogWorker: created new log segment /github/workspace/mnt/ozone/hadoop-ozone/integration-test/target/test-dir/MiniOzoneClusterImpl-3c6d3de1-1da1-4a65-89f4-2560fa2fb7b3/datanode-6/data/ratis/37037c9e-d9fe-4225-b5a2-90c62601240a/current/log_inprogress_0
2020-10-09 13:09:25,907 [Listener at 127.0.0.1/33443] INFO  metrics.RatisMetrics (RatisMetrics.java:lambda$create$0(36)) - Creating Metrics Registry : ratis.client_message_metrics.client-D133B4EFB4B1->806253e9-663f-42ca-9134-07a713f9f0ba
2020-10-09 13:09:25,950 [EventQueue-CloseContainerForCloseContainerEventHandler] INFO  container.CloseContainerEventHandler (CloseContainerEventHandler.java:onMessage(61)) - Close container Event triggered for container : #1
2020-10-09 13:09:25,950 [EventQueue-CloseContainerForCloseContainerEventHandler] INFO  container.CloseContainerEventHandler (CloseContainerEventHandler.java:onMessage(61)) - Close container Event triggered for container : #2
2020-10-09 13:09:25,952 [EventQueue-CloseContainerForCloseContainerEventHandler] INFO  container.CloseContainerEventHandler (CloseContainerEventHandler.java:onMessage(61)) - Close container Event triggered for container : #3
2020-10-09 13:09:27,855 [EventQueue-Delayed safe mode statusForReplicationManager] INFO  container.ReplicationManager (ReplicationManager.java:start(178)) - Starting Replication Monitor Thread.
2020-10-09 13:09:27,857 [ReplicationMonitor] INFO  container.ReplicationManager (ReplicationManager.java:sendCloseCommand(881)) - Sending close container command for container #1 to datanode 806253e9-663f-42ca-9134-07a713f9f0ba{ip: 172.17.0.2, host: 01daa2e02541, networkLocation: /default-rack, certSerialId: null}.
2020-10-09 13:09:27,857 [ReplicationMonitor] INFO  container.ReplicationManager (ReplicationManager.java:sendCloseCommand(881)) - Sending close container command for container #2 to datanode a81afdc5-1418-4294-8777-a85822e5b345{ip: 172.17.0.2, host: 01daa2e02541, networkLocation: /default-rack, certSerialId: null}.
2020-10-09 13:09:27,858 [ReplicationMonitor] INFO  container.ReplicationManager (ReplicationManager.java:sendCloseCommand(881)) - Sending close container command for container #3 to datanode 806253e9-663f-42ca-9134-07a713f9f0ba{ip: 172.17.0.2, host: 01daa2e02541, networkLocation: /default-rack, certSerialId: null}.
2020-10-09 13:09:27,858 [ReplicationMonitor] INFO  container.ReplicationManager (ReplicationManager.java:run(242)) - Replication Monitor Thread took 1 milliseconds for processing 3 containers.
2020-10-09 13:09:27,875 [RatisApplyTransactionExecutor 2] INFO  keyvalue.KeyValueContainer (KeyValueContainer.java:flushAndSyncDB(388)) - Container 2 is synced with bcsId 0.
2020-10-09 13:09:27,875 [RatisApplyTransactionExecutor 2] INFO  keyvalue.KeyValueContainer (KeyValueContainer.java:flushAndSyncDB(388)) - Container 2 is synced with bcsId 0.
2020-10-09 13:09:27,880 [RatisApplyTransactionExecutor 2] INFO  keyvalue.KeyValueContainer (KeyValueContainer.java:close(326)) - Container 2 is closed with bcsId 0.
2020-10-09 13:09:27,880 [EventQueue-IncrementalContainerReportForIncrementalContainerReportHandler] INFO  container.IncrementalContainerReportHandler (AbstractContainerReportHandler.java:updateContainerState(215)) - Moving container #2 to CLOSED state, datanode a81afdc5-1418-4294-8777-a85822e5b345{ip: 172.17.0.2, host: 01daa2e02541, networkLocation: /default-rack, certSerialId: null} reported CLOSED replica.
2020-10-09 13:09:27,906 [RatisApplyTransactionExecutor 1] INFO  keyvalue.KeyValueContainer (KeyValueContainer.java:flushAndSyncDB(388)) - Container 1 is synced with bcsId 11.
2020-10-09 13:09:27,906 [RatisApplyTransactionExecutor 1] INFO  keyvalue.KeyValueContainer (KeyValueContainer.java:flushAndSyncDB(388)) - Container 1 is synced with bcsId 11.
2020-10-09 13:09:27,908 [RatisApplyTransactionExecutor 1] INFO  keyvalue.KeyValueContainer (KeyValueContainer.java:close(326)) - Container 1 is closed with bcsId 11.
2020-10-09 13:09:27,909 [EventQueue-IncrementalContainerReportForIncrementalContainerReportHandler] INFO  container.IncrementalContainerReportHandler (AbstractContainerReportHandler.java:updateContainerState(215)) - Moving container #1 to CLOSED state, datanode 806253e9-663f-42ca-9134-07a713f9f0ba{ip: 172.17.0.2, host: 01daa2e02541, networkLocation: /default-rack, certSerialId: null} reported CLOSED replica.
2020-10-09 13:09:27,914 [RatisApplyTransactionExecutor 3] INFO  keyvalue.KeyValueContainer (KeyValueContainer.java:flushAndSyncDB(388)) - Container 3 is synced with bcsId 0.
2020-10-09 13:09:27,914 [RatisApplyTransactionExecutor 3] INFO  keyvalue.KeyValueContainer (KeyValueContainer.java:flushAndSyncDB(388)) - Container 3 is synced with bcsId 0.
2020-10-09 13:09:27,916 [RatisApplyTransactionExecutor 3] INFO  keyvalue.KeyValueContainer (KeyValueContainer.java:close(326)) - Container 3 is closed with bcsId 0.
2020-10-09 13:09:27,917 [EventQueue-IncrementalContainerReportForIncrementalContainerReportHandler] INFO  container.IncrementalContainerReportHandler (AbstractContainerReportHandler.java:updateContainerState(215)) - Moving container #3 to CLOSED state, datanode 806253e9-663f-42ca-9134-07a713f9f0ba{ip: 172.17.0.2, host: 01daa2e02541, networkLocation: /default-rack, certSerialId: null} reported CLOSED replica.
13:09:27.955 [grpc-default-executor-3] ERROR DNAudit - user=null | ip=null | op=WRITE_CHUNK {blockData=conID: 1 locID: 105004988220768259 bcsId: 11} | ret=FAILURE
org.apache.hadoop.hdds.scm.container.common.helpers.ContainerNotOpenException: Container 1 in CLOSED state
	at org.apache.hadoop.ozone.container.common.impl.HddsDispatcher.validateContainerCommand(HddsDispatcher.java:484) ~[hadoop-hdds-container-service-1.1.0-SNAPSHOT.jar:?]
	at org.apache.hadoop.ozone.container.common.transport.server.ratis.ContainerStateMachine.startTransaction(ContainerStateMachine.java:319) ~[hadoop-hdds-container-service-1.1.0-SNAPSHOT.jar:?]
	at org.apache.ratis.server.impl.RaftServerImpl.submitClientRequestAsync(RaftServerImpl.java:684) ~[ratis-server-1.1.0-11689cd-SNAPSHOT.jar:1.1.0-11689cd-SNAPSHOT]
	at org.apache.ratis.server.impl.RaftServerProxy.lambda$submitClientRequestAsync$7(RaftServerProxy.java:341) ~[ratis-server-1.1.0-11689cd-SNAPSHOT.jar:1.1.0-11689cd-SNAPSHOT]
	at org.apache.ratis.server.impl.RaftServerProxy.lambda$null$5(RaftServerProxy.java:336) ~[ratis-server-1.1.0-11689cd-SNAPSHOT.jar:1.1.0-11689cd-SNAPSHOT]
	at org.apache.ratis.util.JavaUtils.callAsUnchecked(JavaUtils.java:109) ~[ratis-common-1.1.0-11689cd-SNAPSHOT.jar:1.1.0-11689cd-SNAPSHOT]
	at org.apache.ratis.server.impl.RaftServerProxy.lambda$submitRequest$6(RaftServerProxy.java:336) ~[ratis-server-1.1.0-11689cd-SNAPSHOT.jar:1.1.0-11689cd-SNAPSHOT]
	at java.util.concurrent.CompletableFuture.uniComposeStage(CompletableFuture.java:995) ~[?:1.8.0_232]
	at java.util.concurrent.CompletableFuture.thenCompose(CompletableFuture.java:2137) ~[?:1.8.0_232]
	at org.apache.ratis.server.impl.RaftServerProxy.submitRequest(RaftServerProxy.java:335) ~[ratis-server-1.1.0-11689cd-SNAPSHOT.jar:1.1.0-11689cd-SNAPSHOT]
	at org.apache.ratis.server.impl.RaftServerProxy.submitClientRequestAsync(RaftServerProxy.java:341) ~[ratis-server-1.1.0-11689cd-SNAPSHOT.jar:1.1.0-11689cd-SNAPSHOT]
	at org.apache.ratis.grpc.client.GrpcClientProtocolService$RequestStreamObserver.processClientRequest(GrpcClientProtocolService.java:228) ~[ratis-grpc-1.1.0-11689cd-SNAPSHOT.jar:1.1.0-11689cd-SNAPSHOT]
	at org.apache.ratis.grpc.client.GrpcClientProtocolService$OrderedRequestStreamObserver.processClientRequest(GrpcClientProtocolService.java:334) ~[ratis-grpc-1.1.0-11689cd-SNAPSHOT.jar:1.1.0-11689cd-SNAPSHOT]
	at org.apache.ratis.util.SlidingWindow$Server.processRequestsFromHead(SlidingWindow.java:429) [ratis-common-1.1.0-11689cd-SNAPSHOT.jar:1.1.0-11689cd-SNAPSHOT]
	at org.apache.ratis.util.SlidingWindow$Server.receivedRequest(SlidingWindow.java:421) [ratis-common-1.1.0-11689cd-SNAPSHOT.jar:1.1.0-11689cd-SNAPSHOT]
	at org.apache.ratis.grpc.client.GrpcClientProtocolService$OrderedRequestStreamObserver.processClientRequest(GrpcClientProtocolService.java:358) [ratis-grpc-1.1.0-11689cd-SNAPSHOT.jar:1.1.0-11689cd-SNAPSHOT]
	at org.apache.ratis.grpc.client.GrpcClientProtocolService$RequestStreamObserver.onNext(GrpcClientProtocolService.java:248) [ratis-grpc-1.1.0-11689cd-SNAPSHOT.jar:1.1.0-11689cd-SNAPSHOT]
	at org.apache.ratis.grpc.client.GrpcClientProtocolService$RequestStreamObserver.onNext(GrpcClientProtocolService.java:171) [ratis-grpc-1.1.0-11689cd-SNAPSHOT.jar:1.1.0-11689cd-SNAPSHOT]
	at org.apache.ratis.thirdparty.io.grpc.stub.ServerCalls$StreamingServerCallHandler$StreamingServerCallListener.onMessage(ServerCalls.java:251) [ratis-thirdparty-misc-0.6.0-SNAPSHOT.jar:0.6.0-SNAPSHOT]
	at org.apache.ratis.thirdparty.io.grpc.ForwardingServerCallListener.onMessage(ForwardingServerCallListener.java:33) [ratis-thirdparty-misc-0.6.0-SNAPSHOT.jar:0.6.0-SNAPSHOT]
	at org.apache.ratis.thirdparty.io.grpc.internal.ServerCallImpl$ServerStreamListenerImpl.messagesAvailableInternal(ServerCallImpl.java:309) [ratis-thirdparty-misc-0.6.0-SNAPSHOT.jar:0.6.0-SNAPSHOT]
	at org.apache.ratis.thirdparty.io.grpc.internal.ServerCallImpl$ServerStreamListenerImpl.messagesAvailable(ServerCallImpl.java:292) [ratis-thirdparty-misc-0.6.0-SNAPSHOT.jar:0.6.0-SNAPSHOT]
	at org.apache.ratis.thirdparty.io.grpc.internal.ServerImpl$JumpToApplicationThreadServerStreamListener$1MessagesAvailable.runInContext(ServerImpl.java:783) [ratis-thirdparty-misc-0.6.0-SNAPSHOT.jar:0.6.0-SNAPSHOT]
	at org.apache.ratis.thirdparty.io.grpc.internal.ContextRunnable.run(ContextRunnable.java:37) [ratis-thirdparty-misc-0.6.0-SNAPSHOT.jar:0.6.0-SNAPSHOT]
	at org.apache.ratis.thirdparty.io.grpc.internal.SerializingExecutor.run(SerializingExecutor.java:123) [ratis-thirdparty-misc-0.6.0-SNAPSHOT.jar:0.6.0-SNAPSHOT]
	at java.util.concurrent.ThreadPoolExecutor.runWorker(ThreadPoolExecutor.java:1149) [?:1.8.0_232]
	at java.util.concurrent.ThreadPoolExecutor$Worker.run(ThreadPoolExecutor.java:624) [?:1.8.0_232]
	at java.lang.Thread.run(Thread.java:748) [?:1.8.0_232]
13:09:27.969 [grpc-default-executor-3] ERROR DNAudit - user=null | ip=null | op=WRITE_CHUNK {blockData=conID: 1 locID: 105004988220768259 bcsId: 11} | ret=FAILURE
org.apache.hadoop.hdds.scm.container.common.helpers.ContainerNotOpenException: Container 1 in CLOSED state
	at org.apache.hadoop.ozone.container.common.impl.HddsDispatcher.validateContainerCommand(HddsDispatcher.java:484) ~[hadoop-hdds-container-service-1.1.0-SNAPSHOT.jar:?]
	at org.apache.hadoop.ozone.container.common.transport.server.ratis.ContainerStateMachine.startTransaction(ContainerStateMachine.java:319) ~[hadoop-hdds-container-service-1.1.0-SNAPSHOT.jar:?]
	at org.apache.ratis.server.impl.RaftServerImpl.submitClientRequestAsync(RaftServerImpl.java:684) ~[ratis-server-1.1.0-11689cd-SNAPSHOT.jar:1.1.0-11689cd-SNAPSHOT]
	at org.apache.ratis.server.impl.RaftServerProxy.lambda$submitClientRequestAsync$7(RaftServerProxy.java:341) ~[ratis-server-1.1.0-11689cd-SNAPSHOT.jar:1.1.0-11689cd-SNAPSHOT]
	at org.apache.ratis.server.impl.RaftServerProxy.lambda$null$5(RaftServerProxy.java:336) ~[ratis-server-1.1.0-11689cd-SNAPSHOT.jar:1.1.0-11689cd-SNAPSHOT]
	at org.apache.ratis.util.JavaUtils.callAsUnchecked(JavaUtils.java:109) ~[ratis-common-1.1.0-11689cd-SNAPSHOT.jar:1.1.0-11689cd-SNAPSHOT]
	at org.apache.ratis.server.impl.RaftServerProxy.lambda$submitRequest$6(RaftServerProxy.java:336) ~[ratis-server-1.1.0-11689cd-SNAPSHOT.jar:1.1.0-11689cd-SNAPSHOT]
	at java.util.concurrent.CompletableFuture.uniComposeStage(CompletableFuture.java:995) ~[?:1.8.0_232]
	at java.util.concurrent.CompletableFuture.thenCompose(CompletableFuture.java:2137) ~[?:1.8.0_232]
	at org.apache.ratis.server.impl.RaftServerProxy.submitRequest(RaftServerProxy.java:335) ~[ratis-server-1.1.0-11689cd-SNAPSHOT.jar:1.1.0-11689cd-SNAPSHOT]
	at org.apache.ratis.server.impl.RaftServerProxy.submitClientRequestAsync(RaftServerProxy.java:341) ~[ratis-server-1.1.0-11689cd-SNAPSHOT.jar:1.1.0-11689cd-SNAPSHOT]
	at org.apache.ratis.grpc.client.GrpcClientProtocolService$RequestStreamObserver.processClientRequest(GrpcClientProtocolService.java:228) ~[ratis-grpc-1.1.0-11689cd-SNAPSHOT.jar:1.1.0-11689cd-SNAPSHOT]
	at org.apache.ratis.grpc.client.GrpcClientProtocolService$OrderedRequestStreamObserver.processClientRequest(GrpcClientProtocolService.java:334) ~[ratis-grpc-1.1.0-11689cd-SNAPSHOT.jar:1.1.0-11689cd-SNAPSHOT]
	at org.apache.ratis.util.SlidingWindow$Server.processRequestsFromHead(SlidingWindow.java:429) [ratis-common-1.1.0-11689cd-SNAPSHOT.jar:1.1.0-11689cd-SNAPSHOT]
	at org.apache.ratis.util.SlidingWindow$Server.receivedRequest(SlidingWindow.java:421) [ratis-common-1.1.0-11689cd-SNAPSHOT.jar:1.1.0-11689cd-SNAPSHOT]
	at org.apache.ratis.grpc.client.GrpcClientProtocolService$OrderedRequestStreamObserver.processClientRequest(GrpcClientProtocolService.java:358) [ratis-grpc-1.1.0-11689cd-SNAPSHOT.jar:1.1.0-11689cd-SNAPSHOT]
	at org.apache.ratis.grpc.client.GrpcClientProtocolService$RequestStreamObserver.onNext(GrpcClientProtocolService.java:248) [ratis-grpc-1.1.0-11689cd-SNAPSHOT.jar:1.1.0-11689cd-SNAPSHOT]
	at org.apache.ratis.grpc.client.GrpcClientProtocolService$RequestStreamObserver.onNext(GrpcClientProtocolService.java:171) [ratis-grpc-1.1.0-11689cd-SNAPSHOT.jar:1.1.0-11689cd-SNAPSHOT]
	at org.apache.ratis.thirdparty.io.grpc.stub.ServerCalls$StreamingServerCallHandler$StreamingServerCallListener.onMessage(ServerCalls.java:251) [ratis-thirdparty-misc-0.6.0-SNAPSHOT.jar:0.6.0-SNAPSHOT]
	at org.apache.ratis.thirdparty.io.grpc.ForwardingServerCallListener.onMessage(ForwardingServerCallListener.java:33) [ratis-thirdparty-misc-0.6.0-SNAPSHOT.jar:0.6.0-SNAPSHOT]
	at org.apache.ratis.thirdparty.io.grpc.internal.ServerCallImpl$ServerStreamListenerImpl.messagesAvailableInternal(ServerCallImpl.java:309) [ratis-thirdparty-misc-0.6.0-SNAPSHOT.jar:0.6.0-SNAPSHOT]
	at org.apache.ratis.thirdparty.io.grpc.internal.ServerCallImpl$ServerStreamListenerImpl.messagesAvailable(ServerCallImpl.java:292) [ratis-thirdparty-misc-0.6.0-SNAPSHOT.jar:0.6.0-SNAPSHOT]
	at org.apache.ratis.thirdparty.io.grpc.internal.ServerImpl$JumpToApplicationThreadServerStreamListener$1MessagesAvailable.runInContext(ServerImpl.java:783) [ratis-thirdparty-misc-0.6.0-SNAPSHOT.jar:0.6.0-SNAPSHOT]
	at org.apache.ratis.thirdparty.io.grpc.internal.ContextRunnable.run(ContextRunnable.java:37) [ratis-thirdparty-misc-0.6.0-SNAPSHOT.jar:0.6.0-SNAPSHOT]
	at org.apache.ratis.thirdparty.io.grpc.internal.SerializingExecutor.run(SerializingExecutor.java:123) [ratis-thirdparty-misc-0.6.0-SNAPSHOT.jar:0.6.0-SNAPSHOT]
	at java.util.concurrent.ThreadPoolExecutor.runWorker(ThreadPoolExecutor.java:1149) [?:1.8.0_232]
	at java.util.concurrent.ThreadPoolExecutor$Worker.run(ThreadPoolExecutor.java:624) [?:1.8.0_232]
	at java.lang.Thread.run(Thread.java:748) [?:1.8.0_232]
2020-10-09 13:09:27,980 [grpc-default-executor-2] ERROR storage.BlockOutputStream (BlockOutputStream.java:lambda$writeChunkToContainer$3(678)) - writing chunk failed 105004988220768259_chunk_5 blockID conID: 1 locID: 105004988220768259 bcsId: 11 with exception org.apache.ratis.protocol.exceptions.StateMachineException: org.apache.hadoop.hdds.scm.container.common.helpers.ContainerNotOpenException from Server 806253e9-663f-42ca-9134-07a713f9f0ba@group-382996AC8CC6: Container 1 in CLOSED state
2020-10-09 13:09:27,984 [grpc-default-executor-2] ERROR storage.BlockOutputStream (BlockOutputStream.java:lambda$writeChunkToContainer$3(678)) - writing chunk failed 105004988220768259_chunk_6 blockID conID: 1 locID: 105004988220768259 bcsId: 11 with exception org.apache.ratis.protocol.exceptions.StateMachineException: org.apache.hadoop.hdds.scm.container.common.helpers.ContainerNotOpenException from Server 806253e9-663f-42ca-9134-07a713f9f0ba@group-382996AC8CC6: Container 1 in CLOSED state
13:09:27.984 [grpc-default-executor-3] ERROR DNAudit - user=null | ip=null | op=PUT_BLOCK {blockData=[blockId=conID: 1 locID: 105004988220768259 bcsId: 0,size=600]} | ret=FAILURE
org.apache.hadoop.hdds.scm.container.common.helpers.ContainerNotOpenException: Container 1 in CLOSED state
	at org.apache.hadoop.ozone.container.common.impl.HddsDispatcher.validateContainerCommand(HddsDispatcher.java:484) ~[hadoop-hdds-container-service-1.1.0-SNAPSHOT.jar:?]
	at org.apache.hadoop.ozone.container.common.transport.server.ratis.ContainerStateMachine.startTransaction(ContainerStateMachine.java:319) ~[hadoop-hdds-container-service-1.1.0-SNAPSHOT.jar:?]
	at org.apache.ratis.server.impl.RaftServerImpl.submitClientRequestAsync(RaftServerImpl.java:684) ~[ratis-server-1.1.0-11689cd-SNAPSHOT.jar:1.1.0-11689cd-SNAPSHOT]
	at org.apache.ratis.server.impl.RaftServerProxy.lambda$submitClientRequestAsync$7(RaftServerProxy.java:341) ~[ratis-server-1.1.0-11689cd-SNAPSHOT.jar:1.1.0-11689cd-SNAPSHOT]
	at org.apache.ratis.server.impl.RaftServerProxy.lambda$null$5(RaftServerProxy.java:336) ~[ratis-server-1.1.0-11689cd-SNAPSHOT.jar:1.1.0-11689cd-SNAPSHOT]
	at org.apache.ratis.util.JavaUtils.callAsUnchecked(JavaUtils.java:109) ~[ratis-common-1.1.0-11689cd-SNAPSHOT.jar:1.1.0-11689cd-SNAPSHOT]
	at org.apache.ratis.server.impl.RaftServerProxy.lambda$submitRequest$6(RaftServerProxy.java:336) ~[ratis-server-1.1.0-11689cd-SNAPSHOT.jar:1.1.0-11689cd-SNAPSHOT]
	at java.util.concurrent.CompletableFuture.uniComposeStage(CompletableFuture.java:995) ~[?:1.8.0_232]
	at java.util.concurrent.CompletableFuture.thenCompose(CompletableFuture.java:2137) ~[?:1.8.0_232]
	at org.apache.ratis.server.impl.RaftServerProxy.submitRequest(RaftServerProxy.java:335) ~[ratis-server-1.1.0-11689cd-SNAPSHOT.jar:1.1.0-11689cd-SNAPSHOT]
	at org.apache.ratis.server.impl.RaftServerProxy.submitClientRequestAsync(RaftServerProxy.java:341) ~[ratis-server-1.1.0-11689cd-SNAPSHOT.jar:1.1.0-11689cd-SNAPSHOT]
	at org.apache.ratis.grpc.client.GrpcClientProtocolService$RequestStreamObserver.processClientRequest(GrpcClientProtocolService.java:228) ~[ratis-grpc-1.1.0-11689cd-SNAPSHOT.jar:1.1.0-11689cd-SNAPSHOT]
	at org.apache.ratis.grpc.client.GrpcClientProtocolService$OrderedRequestStreamObserver.processClientRequest(GrpcClientProtocolService.java:334) ~[ratis-grpc-1.1.0-11689cd-SNAPSHOT.jar:1.1.0-11689cd-SNAPSHOT]
	at org.apache.ratis.util.SlidingWindow$Server.processRequestsFromHead(SlidingWindow.java:429) [ratis-common-1.1.0-11689cd-SNAPSHOT.jar:1.1.0-11689cd-SNAPSHOT]
	at org.apache.ratis.util.SlidingWindow$Server.receivedRequest(SlidingWindow.java:421) [ratis-common-1.1.0-11689cd-SNAPSHOT.jar:1.1.0-11689cd-SNAPSHOT]
	at org.apache.ratis.grpc.client.GrpcClientProtocolService$OrderedRequestStreamObserver.processClientRequest(GrpcClientProtocolService.java:358) [ratis-grpc-1.1.0-11689cd-SNAPSHOT.jar:1.1.0-11689cd-SNAPSHOT]
	at org.apache.ratis.grpc.client.GrpcClientProtocolService$RequestStreamObserver.onNext(GrpcClientProtocolService.java:248) [ratis-grpc-1.1.0-11689cd-SNAPSHOT.jar:1.1.0-11689cd-SNAPSHOT]
	at org.apache.ratis.grpc.client.GrpcClientProtocolService$RequestStreamObserver.onNext(GrpcClientProtocolService.java:171) [ratis-grpc-1.1.0-11689cd-SNAPSHOT.jar:1.1.0-11689cd-SNAPSHOT]
	at org.apache.ratis.thirdparty.io.grpc.stub.ServerCalls$StreamingServerCallHandler$StreamingServerCallListener.onMessage(ServerCalls.java:251) [ratis-thirdparty-misc-0.6.0-SNAPSHOT.jar:0.6.0-SNAPSHOT]
	at org.apache.ratis.thirdparty.io.grpc.ForwardingServerCallListener.onMessage(ForwardingServerCallListener.java:33) [ratis-thirdparty-misc-0.6.0-SNAPSHOT.jar:0.6.0-SNAPSHOT]
	at org.apache.ratis.thirdparty.io.grpc.internal.ServerCallImpl$ServerStreamListenerImpl.messagesAvailableInternal(ServerCallImpl.java:309) [ratis-thirdparty-misc-0.6.0-SNAPSHOT.jar:0.6.0-SNAPSHOT]
	at org.apache.ratis.thirdparty.io.grpc.internal.ServerCallImpl$ServerStreamListenerImpl.messagesAvailable(ServerCallImpl.java:292) [ratis-thirdparty-misc-0.6.0-SNAPSHOT.jar:0.6.0-SNAPSHOT]
	at org.apache.ratis.thirdparty.io.grpc.internal.ServerImpl$JumpToApplicationThreadServerStreamListener$1MessagesAvailable.runInContext(ServerImpl.java:783) [ratis-thirdparty-misc-0.6.0-SNAPSHOT.jar:0.6.0-SNAPSHOT]
	at org.apache.ratis.thirdparty.io.grpc.internal.ContextRunnable.run(ContextRunnable.java:37) [ratis-thirdparty-misc-0.6.0-SNAPSHOT.jar:0.6.0-SNAPSHOT]
	at org.apache.ratis.thirdparty.io.grpc.internal.SerializingExecutor.run(SerializingExecutor.java:123) [ratis-thirdparty-misc-0.6.0-SNAPSHOT.jar:0.6.0-SNAPSHOT]
	at java.util.concurrent.ThreadPoolExecutor.runWorker(ThreadPoolExecutor.java:1149) [?:1.8.0_232]
	at java.util.concurrent.ThreadPoolExecutor$Worker.run(ThreadPoolExecutor.java:624) [?:1.8.0_232]
	at java.lang.Thread.run(Thread.java:748) [?:1.8.0_232]
13:09:27.987 [grpc-default-executor-3] ERROR DNAudit - user=null | ip=null | op=WRITE_CHUNK {blockData=conID: 1 locID: 105004988220768259 bcsId: 11} | ret=FAILURE
org.apache.hadoop.hdds.scm.container.common.helpers.ContainerNotOpenException: Container 1 in CLOSED state
	at org.apache.hadoop.ozone.container.common.impl.HddsDispatcher.validateContainerCommand(HddsDispatcher.java:484) ~[hadoop-hdds-container-service-1.1.0-SNAPSHOT.jar:?]
	at org.apache.hadoop.ozone.container.common.transport.server.ratis.ContainerStateMachine.startTransaction(ContainerStateMachine.java:319) ~[hadoop-hdds-container-service-1.1.0-SNAPSHOT.jar:?]
	at org.apache.ratis.server.impl.RaftServerImpl.submitClientRequestAsync(RaftServerImpl.java:684) ~[ratis-server-1.1.0-11689cd-SNAPSHOT.jar:1.1.0-11689cd-SNAPSHOT]
	at org.apache.ratis.server.impl.RaftServerProxy.lambda$submitClientRequestAsync$7(RaftServerProxy.java:341) ~[ratis-server-1.1.0-11689cd-SNAPSHOT.jar:1.1.0-11689cd-SNAPSHOT]
	at org.apache.ratis.server.impl.RaftServerProxy.lambda$null$5(RaftServerProxy.java:336) ~[ratis-server-1.1.0-11689cd-SNAPSHOT.jar:1.1.0-11689cd-SNAPSHOT]
	at org.apache.ratis.util.JavaUtils.callAsUnchecked(JavaUtils.java:109) ~[ratis-common-1.1.0-11689cd-SNAPSHOT.jar:1.1.0-11689cd-SNAPSHOT]
	at org.apache.ratis.server.impl.RaftServerProxy.lambda$submitRequest$6(RaftServerProxy.java:336) ~[ratis-server-1.1.0-11689cd-SNAPSHOT.jar:1.1.0-11689cd-SNAPSHOT]
	at java.util.concurrent.CompletableFuture.uniComposeStage(CompletableFuture.java:995) ~[?:1.8.0_232]
	at java.util.concurrent.CompletableFuture.thenCompose(CompletableFuture.java:2137) ~[?:1.8.0_232]
	at org.apache.ratis.server.impl.RaftServerProxy.submitRequest(RaftServerProxy.java:335) ~[ratis-server-1.1.0-11689cd-SNAPSHOT.jar:1.1.0-11689cd-SNAPSHOT]
	at org.apache.ratis.server.impl.RaftServerProxy.submitClientRequestAsync(RaftServerProxy.java:341) ~[ratis-server-1.1.0-11689cd-SNAPSHOT.jar:1.1.0-11689cd-SNAPSHOT]
	at org.apache.ratis.grpc.client.GrpcClientProtocolService$RequestStreamObserver.processClientRequest(GrpcClientProtocolService.java:228) ~[ratis-grpc-1.1.0-11689cd-SNAPSHOT.jar:1.1.0-11689cd-SNAPSHOT]
	at org.apache.ratis.grpc.client.GrpcClientProtocolService$OrderedRequestStreamObserver.processClientRequest(GrpcClientProtocolService.java:334) ~[ratis-grpc-1.1.0-11689cd-SNAPSHOT.jar:1.1.0-11689cd-SNAPSHOT]
	at org.apache.ratis.util.SlidingWindow$Server.processRequestsFromHead(SlidingWindow.java:429) [ratis-common-1.1.0-11689cd-SNAPSHOT.jar:1.1.0-11689cd-SNAPSHOT]
	at org.apache.ratis.util.SlidingWindow$Server.receivedRequest(SlidingWindow.java:421) [ratis-common-1.1.0-11689cd-SNAPSHOT.jar:1.1.0-11689cd-SNAPSHOT]
	at org.apache.ratis.grpc.client.GrpcClientProtocolService$OrderedRequestStreamObserver.processClientRequest(GrpcClientProtocolService.java:358) [ratis-grpc-1.1.0-11689cd-SNAPSHOT.jar:1.1.0-11689cd-SNAPSHOT]
	at org.apache.ratis.grpc.client.GrpcClientProtocolService$RequestStreamObserver.onNext(GrpcClientProtocolService.java:248) [ratis-grpc-1.1.0-11689cd-SNAPSHOT.jar:1.1.0-11689cd-SNAPSHOT]
	at org.apache.ratis.grpc.client.GrpcClientProtocolService$RequestStreamObserver.onNext(GrpcClientProtocolService.java:171) [ratis-grpc-1.1.0-11689cd-SNAPSHOT.jar:1.1.0-11689cd-SNAPSHOT]
	at org.apache.ratis.thirdparty.io.grpc.stub.ServerCalls$StreamingServerCallHandler$StreamingServerCallListener.onMessage(ServerCalls.java:251) [ratis-thirdparty-misc-0.6.0-SNAPSHOT.jar:0.6.0-SNAPSHOT]
	at org.apache.ratis.thirdparty.io.grpc.ForwardingServerCallListener.onMessage(ForwardingServerCallListener.java:33) [ratis-thirdparty-misc-0.6.0-SNAPSHOT.jar:0.6.0-SNAPSHOT]
	at org.apache.ratis.thirdparty.io.grpc.internal.ServerCallImpl$ServerStreamListenerImpl.messagesAvailableInternal(ServerCallImpl.java:309) [ratis-thirdparty-misc-0.6.0-SNAPSHOT.jar:0.6.0-SNAPSHOT]
	at org.apache.ratis.thirdparty.io.grpc.internal.ServerCallImpl$ServerStreamListenerImpl.messagesAvailable(ServerCallImpl.java:292) [ratis-thirdparty-misc-0.6.0-SNAPSHOT.jar:0.6.0-SNAPSHOT]
	at org.apache.ratis.thirdparty.io.grpc.internal.ServerImpl$JumpToApplicationThreadServerStreamListener$1MessagesAvailable.runInContext(ServerImpl.java:783) [ratis-thirdparty-misc-0.6.0-SNAPSHOT.jar:0.6.0-SNAPSHOT]
	at org.apache.ratis.thirdparty.io.grpc.internal.ContextRunnable.run(ContextRunnable.java:37) [ratis-thirdparty-misc-0.6.0-SNAPSHOT.jar:0.6.0-SNAPSHOT]
	at org.apache.ratis.thirdparty.io.grpc.internal.SerializingExecutor.run(SerializingExecutor.java:123) [ratis-thirdparty-misc-0.6.0-SNAPSHOT.jar:0.6.0-SNAPSHOT]
	at java.util.concurrent.ThreadPoolExecutor.runWorker(ThreadPoolExecutor.java:1149) [?:1.8.0_232]
	at java.util.concurrent.ThreadPoolExecutor$Worker.run(ThreadPoolExecutor.java:624) [?:1.8.0_232]
	at java.lang.Thread.run(Thread.java:748) [?:1.8.0_232]
13:09:27.991 [grpc-default-executor-3] ERROR DNAudit - user=null | ip=null | op=WRITE_CHUNK {blockData=conID: 1 locID: 105004988220768259 bcsId: 11} | ret=FAILURE
org.apache.hadoop.hdds.scm.container.common.helpers.ContainerNotOpenException: Container 1 in CLOSED state
	at org.apache.hadoop.ozone.container.common.impl.HddsDispatcher.validateContainerCommand(HddsDispatcher.java:484) ~[hadoop-hdds-container-service-1.1.0-SNAPSHOT.jar:?]
	at org.apache.hadoop.ozone.container.common.transport.server.ratis.ContainerStateMachine.startTransaction(ContainerStateMachine.java:319) ~[hadoop-hdds-container-service-1.1.0-SNAPSHOT.jar:?]
	at org.apache.ratis.server.impl.RaftServerImpl.submitClientRequestAsync(RaftServerImpl.java:684) ~[ratis-server-1.1.0-11689cd-SNAPSHOT.jar:1.1.0-11689cd-SNAPSHOT]
	at org.apache.ratis.server.impl.RaftServerProxy.lambda$submitClientRequestAsync$7(RaftServerProxy.java:341) ~[ratis-server-1.1.0-11689cd-SNAPSHOT.jar:1.1.0-11689cd-SNAPSHOT]
	at org.apache.ratis.server.impl.RaftServerProxy.lambda$null$5(RaftServerProxy.java:336) ~[ratis-server-1.1.0-11689cd-SNAPSHOT.jar:1.1.0-11689cd-SNAPSHOT]
	at org.apache.ratis.util.JavaUtils.callAsUnchecked(JavaUtils.java:109) ~[ratis-common-1.1.0-11689cd-SNAPSHOT.jar:1.1.0-11689cd-SNAPSHOT]
	at org.apache.ratis.server.impl.RaftServerProxy.lambda$submitRequest$6(RaftServerProxy.java:336) ~[ratis-server-1.1.0-11689cd-SNAPSHOT.jar:1.1.0-11689cd-SNAPSHOT]
	at java.util.concurrent.CompletableFuture.uniComposeStage(CompletableFuture.java:995) ~[?:1.8.0_232]
	at java.util.concurrent.CompletableFuture.thenCompose(CompletableFuture.java:2137) ~[?:1.8.0_232]
	at org.apache.ratis.server.impl.RaftServerProxy.submitRequest(RaftServerProxy.java:335) ~[ratis-server-1.1.0-11689cd-SNAPSHOT.jar:1.1.0-11689cd-SNAPSHOT]
	at org.apache.ratis.server.impl.RaftServerProxy.submitClientRequestAsync(RaftServerProxy.java:341) ~[ratis-server-1.1.0-11689cd-SNAPSHOT.jar:1.1.0-11689cd-SNAPSHOT]
	at org.apache.ratis.grpc.client.GrpcClientProtocolService$RequestStreamObserver.processClientRequest(GrpcClientProtocolService.java:228) ~[ratis-grpc-1.1.0-11689cd-SNAPSHOT.jar:1.1.0-11689cd-SNAPSHOT]
	at org.apache.ratis.grpc.client.GrpcClientProtocolService$OrderedRequestStreamObserver.processClientRequest(GrpcClientProtocolService.java:334) ~[ratis-grpc-1.1.0-11689cd-SNAPSHOT.jar:1.1.0-11689cd-SNAPSHOT]
	at org.apache.ratis.util.SlidingWindow$Server.processRequestsFromHead(SlidingWindow.java:429) [ratis-common-1.1.0-11689cd-SNAPSHOT.jar:1.1.0-11689cd-SNAPSHOT]
	at org.apache.ratis.util.SlidingWindow$Server.receivedRequest(SlidingWindow.java:421) [ratis-common-1.1.0-11689cd-SNAPSHOT.jar:1.1.0-11689cd-SNAPSHOT]
	at org.apache.ratis.grpc.client.GrpcClientProtocolService$OrderedRequestStreamObserver.processClientRequest(GrpcClientProtocolService.java:358) [ratis-grpc-1.1.0-11689cd-SNAPSHOT.jar:1.1.0-11689cd-SNAPSHOT]
	at org.apache.ratis.grpc.client.GrpcClientProtocolService$RequestStreamObserver.onNext(GrpcClientProtocolService.java:248) [ratis-grpc-1.1.0-11689cd-SNAPSHOT.jar:1.1.0-11689cd-SNAPSHOT]
	at org.apache.ratis.grpc.client.GrpcClientProtocolService$RequestStreamObserver.onNext(GrpcClientProtocolService.java:171) [ratis-grpc-1.1.0-11689cd-SNAPSHOT.jar:1.1.0-11689cd-SNAPSHOT]
	at org.apache.ratis.thirdparty.io.grpc.stub.ServerCalls$StreamingServerCallHandler$StreamingServerCallListener.onMessage(ServerCalls.java:251) [ratis-thirdparty-misc-0.6.0-SNAPSHOT.jar:0.6.0-SNAPSHOT]
	at org.apache.ratis.thirdparty.io.grpc.ForwardingServerCallListener.onMessage(ForwardingServerCallListener.java:33) [ratis-thirdparty-misc-0.6.0-SNAPSHOT.jar:0.6.0-SNAPSHOT]
	at org.apache.ratis.thirdparty.io.grpc.internal.ServerCallImpl$ServerStreamListenerImpl.messagesAvailableInternal(ServerCallImpl.java:309) [ratis-thirdparty-misc-0.6.0-SNAPSHOT.jar:0.6.0-SNAPSHOT]
	at org.apache.ratis.thirdparty.io.grpc.internal.ServerCallImpl$ServerStreamListenerImpl.messagesAvailable(ServerCallImpl.java:292) [ratis-thirdparty-misc-0.6.0-SNAPSHOT.jar:0.6.0-SNAPSHOT]
	at org.apache.ratis.thirdparty.io.grpc.internal.ServerImpl$JumpToApplicationThreadServerStreamListener$1MessagesAvailable.runInContext(ServerImpl.java:783) [ratis-thirdparty-misc-0.6.0-SNAPSHOT.jar:0.6.0-SNAPSHOT]
	at org.apache.ratis.thirdparty.io.grpc.internal.ContextRunnable.run(ContextRunnable.java:37) [ratis-thirdparty-misc-0.6.0-SNAPSHOT.jar:0.6.0-SNAPSHOT]
	at org.apache.ratis.thirdparty.io.grpc.internal.SerializingExecutor.run(SerializingExecutor.java:123) [ratis-thirdparty-misc-0.6.0-SNAPSHOT.jar:0.6.0-SNAPSHOT]
	at java.util.concurrent.ThreadPoolExecutor.runWorker(ThreadPoolExecutor.java:1149) [?:1.8.0_232]
	at java.util.concurrent.ThreadPoolExecutor$Worker.run(ThreadPoolExecutor.java:624) [?:1.8.0_232]
	at java.lang.Thread.run(Thread.java:748) [?:1.8.0_232]
2020-10-09 13:09:27,992 [grpc-default-executor-2] ERROR storage.BlockOutputStream (BlockOutputStream.java:lambda$writeChunkToContainer$3(678)) - writing chunk failed 105004988220768259_chunk_7 blockID conID: 1 locID: 105004988220768259 bcsId: 11 with exception org.apache.ratis.protocol.exceptions.StateMachineException: org.apache.hadoop.hdds.scm.container.common.helpers.ContainerNotOpenException from Server 806253e9-663f-42ca-9134-07a713f9f0ba@group-382996AC8CC6: Container 1 in CLOSED state
2020-10-09 13:09:27,995 [grpc-default-executor-2] ERROR storage.BlockOutputStream (BlockOutputStream.java:lambda$writeChunkToContainer$3(678)) - writing chunk failed 105004988220768259_chunk_8 blockID conID: 1 locID: 105004988220768259 bcsId: 11 with exception org.apache.ratis.protocol.exceptions.StateMachineException: org.apache.hadoop.hdds.scm.container.common.helpers.ContainerNotOpenException from Server 806253e9-663f-42ca-9134-07a713f9f0ba@group-382996AC8CC6: Container 1 in CLOSED state
13:09:27.995 [grpc-default-executor-3] ERROR DNAudit - user=null | ip=null | op=PUT_BLOCK {blockData=[blockId=conID: 1 locID: 105004988220768259 bcsId: 0,size=800]} | ret=FAILURE
org.apache.hadoop.hdds.scm.container.common.helpers.ContainerNotOpenException: Container 1 in CLOSED state
	at org.apache.hadoop.ozone.container.common.impl.HddsDispatcher.validateContainerCommand(HddsDispatcher.java:484) ~[hadoop-hdds-container-service-1.1.0-SNAPSHOT.jar:?]
	at org.apache.hadoop.ozone.container.common.transport.server.ratis.ContainerStateMachine.startTransaction(ContainerStateMachine.java:319) ~[hadoop-hdds-container-service-1.1.0-SNAPSHOT.jar:?]
	at org.apache.ratis.server.impl.RaftServerImpl.submitClientRequestAsync(RaftServerImpl.java:684) ~[ratis-server-1.1.0-11689cd-SNAPSHOT.jar:1.1.0-11689cd-SNAPSHOT]
	at org.apache.ratis.server.impl.RaftServerProxy.lambda$submitClientRequestAsync$7(RaftServerProxy.java:341) ~[ratis-server-1.1.0-11689cd-SNAPSHOT.jar:1.1.0-11689cd-SNAPSHOT]
	at org.apache.ratis.server.impl.RaftServerProxy.lambda$null$5(RaftServerProxy.java:336) ~[ratis-server-1.1.0-11689cd-SNAPSHOT.jar:1.1.0-11689cd-SNAPSHOT]
	at org.apache.ratis.util.JavaUtils.callAsUnchecked(JavaUtils.java:109) ~[ratis-common-1.1.0-11689cd-SNAPSHOT.jar:1.1.0-11689cd-SNAPSHOT]
	at org.apache.ratis.server.impl.RaftServerProxy.lambda$submitRequest$6(RaftServerProxy.java:336) ~[ratis-server-1.1.0-11689cd-SNAPSHOT.jar:1.1.0-11689cd-SNAPSHOT]
	at java.util.concurrent.CompletableFuture.uniComposeStage(CompletableFuture.java:995) ~[?:1.8.0_232]
	at java.util.concurrent.CompletableFuture.thenCompose(CompletableFuture.java:2137) ~[?:1.8.0_232]
	at org.apache.ratis.server.impl.RaftServerProxy.submitRequest(RaftServerProxy.java:335) ~[ratis-server-1.1.0-11689cd-SNAPSHOT.jar:1.1.0-11689cd-SNAPSHOT]
	at org.apache.ratis.server.impl.RaftServerProxy.submitClientRequestAsync(RaftServerProxy.java:341) ~[ratis-server-1.1.0-11689cd-SNAPSHOT.jar:1.1.0-11689cd-SNAPSHOT]
	at org.apache.ratis.grpc.client.GrpcClientProtocolService$RequestStreamObserver.processClientRequest(GrpcClientProtocolService.java:228) ~[ratis-grpc-1.1.0-11689cd-SNAPSHOT.jar:1.1.0-11689cd-SNAPSHOT]
	at org.apache.ratis.grpc.client.GrpcClientProtocolService$OrderedRequestStreamObserver.processClientRequest(GrpcClientProtocolService.java:334) ~[ratis-grpc-1.1.0-11689cd-SNAPSHOT.jar:1.1.0-11689cd-SNAPSHOT]
	at org.apache.ratis.util.SlidingWindow$Server.processRequestsFromHead(SlidingWindow.java:429) [ratis-common-1.1.0-11689cd-SNAPSHOT.jar:1.1.0-11689cd-SNAPSHOT]
	at org.apache.ratis.util.SlidingWindow$Server.receivedRequest(SlidingWindow.java:421) [ratis-common-1.1.0-11689cd-SNAPSHOT.jar:1.1.0-11689cd-SNAPSHOT]
	at org.apache.ratis.grpc.client.GrpcClientProtocolService$OrderedRequestStreamObserver.processClientRequest(GrpcClientProtocolService.java:358) [ratis-grpc-1.1.0-11689cd-SNAPSHOT.jar:1.1.0-11689cd-SNAPSHOT]
	at org.apache.ratis.grpc.client.GrpcClientProtocolService$RequestStreamObserver.onNext(GrpcClientProtocolService.java:248) [ratis-grpc-1.1.0-11689cd-SNAPSHOT.jar:1.1.0-11689cd-SNAPSHOT]
	at org.apache.ratis.grpc.client.GrpcClientProtocolService$RequestStreamObserver.onNext(GrpcClientProtocolService.java:171) [ratis-grpc-1.1.0-11689cd-SNAPSHOT.jar:1.1.0-11689cd-SNAPSHOT]
	at org.apache.ratis.thirdparty.io.grpc.stub.ServerCalls$StreamingServerCallHandler$StreamingServerCallListener.onMessage(ServerCalls.java:251) [ratis-thirdparty-misc-0.6.0-SNAPSHOT.jar:0.6.0-SNAPSHOT]
	at org.apache.ratis.thirdparty.io.grpc.ForwardingServerCallListener.onMessage(ForwardingServerCallListener.java:33) [ratis-thirdparty-misc-0.6.0-SNAPSHOT.jar:0.6.0-SNAPSHOT]
	at org.apache.ratis.thirdparty.io.grpc.internal.ServerCallImpl$ServerStreamListenerImpl.messagesAvailableInternal(ServerCallImpl.java:309) [ratis-thirdparty-misc-0.6.0-SNAPSHOT.jar:0.6.0-SNAPSHOT]
	at org.apache.ratis.thirdparty.io.grpc.internal.ServerCallImpl$ServerStreamListenerImpl.messagesAvailable(ServerCallImpl.java:292) [ratis-thirdparty-misc-0.6.0-SNAPSHOT.jar:0.6.0-SNAPSHOT]
	at org.apache.ratis.thirdparty.io.grpc.internal.ServerImpl$JumpToApplicationThreadServerStreamListener$1MessagesAvailable.runInContext(ServerImpl.java:783) [ratis-thirdparty-misc-0.6.0-SNAPSHOT.jar:0.6.0-SNAPSHOT]
	at org.apache.ratis.thirdparty.io.grpc.internal.ContextRunnable.run(ContextRunnable.java:37) [ratis-thirdparty-misc-0.6.0-SNAPSHOT.jar:0.6.0-SNAPSHOT]
	at org.apache.ratis.thirdparty.io.grpc.internal.SerializingExecutor.run(SerializingExecutor.java:123) [ratis-thirdparty-misc-0.6.0-SNAPSHOT.jar:0.6.0-SNAPSHOT]
	at java.util.concurrent.ThreadPoolExecutor.runWorker(ThreadPoolExecutor.java:1149) [?:1.8.0_232]
	at java.util.concurrent.ThreadPoolExecutor$Worker.run(ThreadPoolExecutor.java:624) [?:1.8.0_232]
	at java.lang.Thread.run(Thread.java:748) [?:1.8.0_232]
2020-10-09 13:09:28,011 [Listener at 127.0.0.1/33443] INFO  metrics.RatisMetrics (RatisMetrics.java:lambda$create$0(36)) - Creating Metrics Registry : ratis.client_message_metrics.client-35CB1220105C->a81afdc5-1418-4294-8777-a85822e5b345
13:09:28.028 [grpc-default-executor-2] ERROR DNAudit - user=null | ip=null | op=WRITE_CHUNK {blockData=conID: 2 locID: 105004988220768260 bcsId: 0} | ret=FAILURE
org.apache.hadoop.hdds.scm.container.common.helpers.ContainerNotOpenException: Container 2 in CLOSED state
	at org.apache.hadoop.ozone.container.common.impl.HddsDispatcher.validateContainerCommand(HddsDispatcher.java:484) ~[hadoop-hdds-container-service-1.1.0-SNAPSHOT.jar:?]
	at org.apache.hadoop.ozone.container.common.transport.server.ratis.ContainerStateMachine.startTransaction(ContainerStateMachine.java:319) ~[hadoop-hdds-container-service-1.1.0-SNAPSHOT.jar:?]
	at org.apache.ratis.server.impl.RaftServerImpl.submitClientRequestAsync(RaftServerImpl.java:684) ~[ratis-server-1.1.0-11689cd-SNAPSHOT.jar:1.1.0-11689cd-SNAPSHOT]
	at org.apache.ratis.server.impl.RaftServerProxy.lambda$submitClientRequestAsync$7(RaftServerProxy.java:341) ~[ratis-server-1.1.0-11689cd-SNAPSHOT.jar:1.1.0-11689cd-SNAPSHOT]
	at org.apache.ratis.server.impl.RaftServerProxy.lambda$null$5(RaftServerProxy.java:336) ~[ratis-server-1.1.0-11689cd-SNAPSHOT.jar:1.1.0-11689cd-SNAPSHOT]
	at org.apache.ratis.util.JavaUtils.callAsUnchecked(JavaUtils.java:109) ~[ratis-common-1.1.0-11689cd-SNAPSHOT.jar:1.1.0-11689cd-SNAPSHOT]
	at org.apache.ratis.server.impl.RaftServerProxy.lambda$submitRequest$6(RaftServerProxy.java:336) ~[ratis-server-1.1.0-11689cd-SNAPSHOT.jar:1.1.0-11689cd-SNAPSHOT]
	at java.util.concurrent.CompletableFuture.uniComposeStage(CompletableFuture.java:995) ~[?:1.8.0_232]
	at java.util.concurrent.CompletableFuture.thenCompose(CompletableFuture.java:2137) ~[?:1.8.0_232]
	at org.apache.ratis.server.impl.RaftServerProxy.submitRequest(RaftServerProxy.java:335) ~[ratis-server-1.1.0-11689cd-SNAPSHOT.jar:1.1.0-11689cd-SNAPSHOT]
	at org.apache.ratis.server.impl.RaftServerProxy.submitClientRequestAsync(RaftServerProxy.java:341) ~[ratis-server-1.1.0-11689cd-SNAPSHOT.jar:1.1.0-11689cd-SNAPSHOT]
	at org.apache.ratis.grpc.client.GrpcClientProtocolService$RequestStreamObserver.processClientRequest(GrpcClientProtocolService.java:228) ~[ratis-grpc-1.1.0-11689cd-SNAPSHOT.jar:1.1.0-11689cd-SNAPSHOT]
	at org.apache.ratis.grpc.client.GrpcClientProtocolService$OrderedRequestStreamObserver.processClientRequest(GrpcClientProtocolService.java:334) ~[ratis-grpc-1.1.0-11689cd-SNAPSHOT.jar:1.1.0-11689cd-SNAPSHOT]
	at org.apache.ratis.util.SlidingWindow$Server.processRequestsFromHead(SlidingWindow.java:429) [ratis-common-1.1.0-11689cd-SNAPSHOT.jar:1.1.0-11689cd-SNAPSHOT]
	at org.apache.ratis.util.SlidingWindow$Server.receivedRequest(SlidingWindow.java:421) [ratis-common-1.1.0-11689cd-SNAPSHOT.jar:1.1.0-11689cd-SNAPSHOT]
	at org.apache.ratis.grpc.client.GrpcClientProtocolService$OrderedRequestStreamObserver.processClientRequest(GrpcClientProtocolService.java:358) [ratis-grpc-1.1.0-11689cd-SNAPSHOT.jar:1.1.0-11689cd-SNAPSHOT]
	at org.apache.ratis.grpc.client.GrpcClientProtocolService$RequestStreamObserver.onNext(GrpcClientProtocolService.java:248) [ratis-grpc-1.1.0-11689cd-SNAPSHOT.jar:1.1.0-11689cd-SNAPSHOT]
	at org.apache.ratis.grpc.client.GrpcClientProtocolService$RequestStreamObserver.onNext(GrpcClientProtocolService.java:171) [ratis-grpc-1.1.0-11689cd-SNAPSHOT.jar:1.1.0-11689cd-SNAPSHOT]
	at org.apache.ratis.thirdparty.io.grpc.stub.ServerCalls$StreamingServerCallHandler$StreamingServerCallListener.onMessage(ServerCalls.java:251) [ratis-thirdparty-misc-0.6.0-SNAPSHOT.jar:0.6.0-SNAPSHOT]
	at org.apache.ratis.thirdparty.io.grpc.ForwardingServerCallListener.onMessage(ForwardingServerCallListener.java:33) [ratis-thirdparty-misc-0.6.0-SNAPSHOT.jar:0.6.0-SNAPSHOT]
	at org.apache.ratis.thirdparty.io.grpc.internal.ServerCallImpl$ServerStreamListenerImpl.messagesAvailableInternal(ServerCallImpl.java:309) [ratis-thirdparty-misc-0.6.0-SNAPSHOT.jar:0.6.0-SNAPSHOT]
	at org.apache.ratis.thirdparty.io.grpc.internal.ServerCallImpl$ServerStreamListenerImpl.messagesAvailable(ServerCallImpl.java:292) [ratis-thirdparty-misc-0.6.0-SNAPSHOT.jar:0.6.0-SNAPSHOT]
	at org.apache.ratis.thirdparty.io.grpc.internal.ServerImpl$JumpToApplicationThreadServerStreamListener$1MessagesAvailable.runInContext(ServerImpl.java:783) [ratis-thirdparty-misc-0.6.0-SNAPSHOT.jar:0.6.0-SNAPSHOT]
	at org.apache.ratis.thirdparty.io.grpc.internal.ContextRunnable.run(ContextRunnable.java:37) [ratis-thirdparty-misc-0.6.0-SNAPSHOT.jar:0.6.0-SNAPSHOT]
	at org.apache.ratis.thirdparty.io.grpc.internal.SerializingExecutor.run(SerializingExecutor.java:123) [ratis-thirdparty-misc-0.6.0-SNAPSHOT.jar:0.6.0-SNAPSHOT]
	at java.util.concurrent.ThreadPoolExecutor.runWorker(ThreadPoolExecutor.java:1149) [?:1.8.0_232]
	at java.util.concurrent.ThreadPoolExecutor$Worker.run(ThreadPoolExecutor.java:624) [?:1.8.0_232]
	at java.lang.Thread.run(Thread.java:748) [?:1.8.0_232]
13:09:28.029 [grpc-default-executor-2] ERROR DNAudit - user=null | ip=null | op=WRITE_CHUNK {blockData=conID: 2 locID: 105004988220768260 bcsId: 0} | ret=FAILURE
org.apache.hadoop.hdds.scm.container.common.helpers.ContainerNotOpenException: Container 2 in CLOSED state
	at org.apache.hadoop.ozone.container.common.impl.HddsDispatcher.validateContainerCommand(HddsDispatcher.java:484) ~[hadoop-hdds-container-service-1.1.0-SNAPSHOT.jar:?]
	at org.apache.hadoop.ozone.container.common.transport.server.ratis.ContainerStateMachine.startTransaction(ContainerStateMachine.java:319) ~[hadoop-hdds-container-service-1.1.0-SNAPSHOT.jar:?]
	at org.apache.ratis.server.impl.RaftServerImpl.submitClientRequestAsync(RaftServerImpl.java:684) ~[ratis-server-1.1.0-11689cd-SNAPSHOT.jar:1.1.0-11689cd-SNAPSHOT]
	at org.apache.ratis.server.impl.RaftServerProxy.lambda$submitClientRequestAsync$7(RaftServerProxy.java:341) ~[ratis-server-1.1.0-11689cd-SNAPSHOT.jar:1.1.0-11689cd-SNAPSHOT]
	at org.apache.ratis.server.impl.RaftServerProxy.lambda$null$5(RaftServerProxy.java:336) ~[ratis-server-1.1.0-11689cd-SNAPSHOT.jar:1.1.0-11689cd-SNAPSHOT]
	at org.apache.ratis.util.JavaUtils.callAsUnchecked(JavaUtils.java:109) ~[ratis-common-1.1.0-11689cd-SNAPSHOT.jar:1.1.0-11689cd-SNAPSHOT]
	at org.apache.ratis.server.impl.RaftServerProxy.lambda$submitRequest$6(RaftServerProxy.java:336) ~[ratis-server-1.1.0-11689cd-SNAPSHOT.jar:1.1.0-11689cd-SNAPSHOT]
	at java.util.concurrent.CompletableFuture.uniComposeStage(CompletableFuture.java:995) ~[?:1.8.0_232]
	at java.util.concurrent.CompletableFuture.thenCompose(CompletableFuture.java:2137) ~[?:1.8.0_232]
	at org.apache.ratis.server.impl.RaftServerProxy.submitRequest(RaftServerProxy.java:335) ~[ratis-server-1.1.0-11689cd-SNAPSHOT.jar:1.1.0-11689cd-SNAPSHOT]
	at org.apache.ratis.server.impl.RaftServerProxy.submitClientRequestAsync(RaftServerProxy.java:341) ~[ratis-server-1.1.0-11689cd-SNAPSHOT.jar:1.1.0-11689cd-SNAPSHOT]
	at org.apache.ratis.grpc.client.GrpcClientProtocolService$RequestStreamObserver.processClientRequest(GrpcClientProtocolService.java:228) ~[ratis-grpc-1.1.0-11689cd-SNAPSHOT.jar:1.1.0-11689cd-SNAPSHOT]
	at org.apache.ratis.grpc.client.GrpcClientProtocolService$OrderedRequestStreamObserver.processClientRequest(GrpcClientProtocolService.java:334) ~[ratis-grpc-1.1.0-11689cd-SNAPSHOT.jar:1.1.0-11689cd-SNAPSHOT]
	at org.apache.ratis.util.SlidingWindow$Server.processRequestsFromHead(SlidingWindow.java:429) [ratis-common-1.1.0-11689cd-SNAPSHOT.jar:1.1.0-11689cd-SNAPSHOT]
	at org.apache.ratis.util.SlidingWindow$Server.receivedRequest(SlidingWindow.java:421) [ratis-common-1.1.0-11689cd-SNAPSHOT.jar:1.1.0-11689cd-SNAPSHOT]
	at org.apache.ratis.grpc.client.GrpcClientProtocolService$OrderedRequestStreamObserver.processClientRequest(GrpcClientProtocolService.java:358) [ratis-grpc-1.1.0-11689cd-SNAPSHOT.jar:1.1.0-11689cd-SNAPSHOT]
	at org.apache.ratis.grpc.client.GrpcClientProtocolService$RequestStreamObserver.onNext(GrpcClientProtocolService.java:248) [ratis-grpc-1.1.0-11689cd-SNAPSHOT.jar:1.1.0-11689cd-SNAPSHOT]
	at org.apache.ratis.grpc.client.GrpcClientProtocolService$RequestStreamObserver.onNext(GrpcClientProtocolService.java:171) [ratis-grpc-1.1.0-11689cd-SNAPSHOT.jar:1.1.0-11689cd-SNAPSHOT]
	at org.apache.ratis.thirdparty.io.grpc.stub.ServerCalls$StreamingServerCallHandler$StreamingServerCallListener.onMessage(ServerCalls.java:251) [ratis-thirdparty-misc-0.6.0-SNAPSHOT.jar:0.6.0-SNAPSHOT]
	at org.apache.ratis.thirdparty.io.grpc.ForwardingServerCallListener.onMessage(ForwardingServerCallListener.java:33) [ratis-thirdparty-misc-0.6.0-SNAPSHOT.jar:0.6.0-SNAPSHOT]
	at org.apache.ratis.thirdparty.io.grpc.internal.ServerCallImpl$ServerStreamListenerImpl.messagesAvailableInternal(ServerCallImpl.java:309) [ratis-thirdparty-misc-0.6.0-SNAPSHOT.jar:0.6.0-SNAPSHOT]
	at org.apache.ratis.thirdparty.io.grpc.internal.ServerCallImpl$ServerStreamListenerImpl.messagesAvailable(ServerCallImpl.java:292) [ratis-thirdparty-misc-0.6.0-SNAPSHOT.jar:0.6.0-SNAPSHOT]
	at org.apache.ratis.thirdparty.io.grpc.internal.ServerImpl$JumpToApplicationThreadServerStreamListener$1MessagesAvailable.runInContext(ServerImpl.java:783) [ratis-thirdparty-misc-0.6.0-SNAPSHOT.jar:0.6.0-SNAPSHOT]
	at org.apache.ratis.thirdparty.io.grpc.internal.ContextRunnable.run(ContextRunnable.java:37) [ratis-thirdparty-misc-0.6.0-SNAPSHOT.jar:0.6.0-SNAPSHOT]
	at org.apache.ratis.thirdparty.io.grpc.internal.SerializingExecutor.run(SerializingExecutor.java:123) [ratis-thirdparty-misc-0.6.0-SNAPSHOT.jar:0.6.0-SNAPSHOT]
	at java.util.concurrent.ThreadPoolExecutor.runWorker(ThreadPoolExecutor.java:1149) [?:1.8.0_232]
	at java.util.concurrent.ThreadPoolExecutor$Worker.run(ThreadPoolExecutor.java:624) [?:1.8.0_232]
	at java.lang.Thread.run(Thread.java:748) [?:1.8.0_232]
13:09:28.034 [grpc-default-executor-2] ERROR DNAudit - user=null | ip=null | op=PUT_BLOCK {blockData=[blockId=conID: 2 locID: 105004988220768260 bcsId: 0,size=200]} | ret=FAILURE
org.apache.hadoop.hdds.scm.container.common.helpers.ContainerNotOpenException: Container 2 in CLOSED state
	at org.apache.hadoop.ozone.container.common.impl.HddsDispatcher.validateContainerCommand(HddsDispatcher.java:484) ~[hadoop-hdds-container-service-1.1.0-SNAPSHOT.jar:?]
	at org.apache.hadoop.ozone.container.common.transport.server.ratis.ContainerStateMachine.startTransaction(ContainerStateMachine.java:319) ~[hadoop-hdds-container-service-1.1.0-SNAPSHOT.jar:?]
	at org.apache.ratis.server.impl.RaftServerImpl.submitClientRequestAsync(RaftServerImpl.java:684) ~[ratis-server-1.1.0-11689cd-SNAPSHOT.jar:1.1.0-11689cd-SNAPSHOT]
	at org.apache.ratis.server.impl.RaftServerProxy.lambda$submitClientRequestAsync$7(RaftServerProxy.java:341) ~[ratis-server-1.1.0-11689cd-SNAPSHOT.jar:1.1.0-11689cd-SNAPSHOT]
	at org.apache.ratis.server.impl.RaftServerProxy.lambda$null$5(RaftServerProxy.java:336) ~[ratis-server-1.1.0-11689cd-SNAPSHOT.jar:1.1.0-11689cd-SNAPSHOT]
	at org.apache.ratis.util.JavaUtils.callAsUnchecked(JavaUtils.java:109) ~[ratis-common-1.1.0-11689cd-SNAPSHOT.jar:1.1.0-11689cd-SNAPSHOT]
	at org.apache.ratis.server.impl.RaftServerProxy.lambda$submitRequest$6(RaftServerProxy.java:336) ~[ratis-server-1.1.0-11689cd-SNAPSHOT.jar:1.1.0-11689cd-SNAPSHOT]
	at java.util.concurrent.CompletableFuture.uniComposeStage(CompletableFuture.java:995) ~[?:1.8.0_232]
	at java.util.concurrent.CompletableFuture.thenCompose(CompletableFuture.java:2137) ~[?:1.8.0_232]
	at org.apache.ratis.server.impl.RaftServerProxy.submitRequest(RaftServerProxy.java:335) ~[ratis-server-1.1.0-11689cd-SNAPSHOT.jar:1.1.0-11689cd-SNAPSHOT]
	at org.apache.ratis.server.impl.RaftServerProxy.submitClientRequestAsync(RaftServerProxy.java:341) ~[ratis-server-1.1.0-11689cd-SNAPSHOT.jar:1.1.0-11689cd-SNAPSHOT]
	at org.apache.ratis.grpc.client.GrpcClientProtocolService$RequestStreamObserver.processClientRequest(GrpcClientProtocolService.java:228) ~[ratis-grpc-1.1.0-11689cd-SNAPSHOT.jar:1.1.0-11689cd-SNAPSHOT]
	at org.apache.ratis.grpc.client.GrpcClientProtocolService$OrderedRequestStreamObserver.processClientRequest(GrpcClientProtocolService.java:334) ~[ratis-grpc-1.1.0-11689cd-SNAPSHOT.jar:1.1.0-11689cd-SNAPSHOT]
	at org.apache.ratis.util.SlidingWindow$Server.processRequestsFromHead(SlidingWindow.java:429) [ratis-common-1.1.0-11689cd-SNAPSHOT.jar:1.1.0-11689cd-SNAPSHOT]
	at org.apache.ratis.util.SlidingWindow$Server.receivedRequest(SlidingWindow.java:421) [ratis-common-1.1.0-11689cd-SNAPSHOT.jar:1.1.0-11689cd-SNAPSHOT]
	at org.apache.ratis.grpc.client.GrpcClientProtocolService$OrderedRequestStreamObserver.processClientRequest(GrpcClientProtocolService.java:358) [ratis-grpc-1.1.0-11689cd-SNAPSHOT.jar:1.1.0-11689cd-SNAPSHOT]
	at org.apache.ratis.grpc.client.GrpcClientProtocolService$RequestStreamObserver.onNext(GrpcClientProtocolService.java:248) [ratis-grpc-1.1.0-11689cd-SNAPSHOT.jar:1.1.0-11689cd-SNAPSHOT]
	at org.apache.ratis.grpc.client.GrpcClientProtocolService$RequestStreamObserver.onNext(GrpcClientProtocolService.java:171) [ratis-grpc-1.1.0-11689cd-SNAPSHOT.jar:1.1.0-11689cd-SNAPSHOT]
	at org.apache.ratis.thirdparty.io.grpc.stub.ServerCalls$StreamingServerCallHandler$StreamingServerCallListener.onMessage(ServerCalls.java:251) [ratis-thirdparty-misc-0.6.0-SNAPSHOT.jar:0.6.0-SNAPSHOT]
	at org.apache.ratis.thirdparty.io.grpc.ForwardingServerCallListener.onMessage(ForwardingServerCallListener.java:33) [ratis-thirdparty-misc-0.6.0-SNAPSHOT.jar:0.6.0-SNAPSHOT]
	at org.apache.ratis.thirdparty.io.grpc.internal.ServerCallImpl$ServerStreamListenerImpl.messagesAvailableInternal(ServerCallImpl.java:309) [ratis-thirdparty-misc-0.6.0-SNAPSHOT.jar:0.6.0-SNAPSHOT]
	at org.apache.ratis.thirdparty.io.grpc.internal.ServerCallImpl$ServerStreamListenerImpl.messagesAvailable(ServerCallImpl.java:292) [ratis-thirdparty-misc-0.6.0-SNAPSHOT.jar:0.6.0-SNAPSHOT]
	at org.apache.ratis.thirdparty.io.grpc.internal.ServerImpl$JumpToApplicationThreadServerStreamListener$1MessagesAvailable.runInContext(ServerImpl.java:783) [ratis-thirdparty-misc-0.6.0-SNAPSHOT.jar:0.6.0-SNAPSHOT]
	at org.apache.ratis.thirdparty.io.grpc.internal.ContextRunnable.run(ContextRunnable.java:37) [ratis-thirdparty-misc-0.6.0-SNAPSHOT.jar:0.6.0-SNAPSHOT]
	at org.apache.ratis.thirdparty.io.grpc.internal.SerializingExecutor.run(SerializingExecutor.java:123) [ratis-thirdparty-misc-0.6.0-SNAPSHOT.jar:0.6.0-SNAPSHOT]
	at java.util.concurrent.ThreadPoolExecutor.runWorker(ThreadPoolExecutor.java:1149) [?:1.8.0_232]
	at java.util.concurrent.ThreadPoolExecutor$Worker.run(ThreadPoolExecutor.java:624) [?:1.8.0_232]
	at java.lang.Thread.run(Thread.java:748) [?:1.8.0_232]
13:09:28.036 [grpc-default-executor-2] ERROR DNAudit - user=null | ip=null | op=WRITE_CHUNK {blockData=conID: 2 locID: 105004988220768260 bcsId: 0} | ret=FAILURE
org.apache.hadoop.hdds.scm.container.common.helpers.ContainerNotOpenException: Container 2 in CLOSED state
	at org.apache.hadoop.ozone.container.common.impl.HddsDispatcher.validateContainerCommand(HddsDispatcher.java:484) ~[hadoop-hdds-container-service-1.1.0-SNAPSHOT.jar:?]
	at org.apache.hadoop.ozone.container.common.transport.server.ratis.ContainerStateMachine.startTransaction(ContainerStateMachine.java:319) ~[hadoop-hdds-container-service-1.1.0-SNAPSHOT.jar:?]
	at org.apache.ratis.server.impl.RaftServerImpl.submitClientRequestAsync(RaftServerImpl.java:684) ~[ratis-server-1.1.0-11689cd-SNAPSHOT.jar:1.1.0-11689cd-SNAPSHOT]
	at org.apache.ratis.server.impl.RaftServerProxy.lambda$submitClientRequestAsync$7(RaftServerProxy.java:341) ~[ratis-server-1.1.0-11689cd-SNAPSHOT.jar:1.1.0-11689cd-SNAPSHOT]
	at org.apache.ratis.server.impl.RaftServerProxy.lambda$null$5(RaftServerProxy.java:336) ~[ratis-server-1.1.0-11689cd-SNAPSHOT.jar:1.1.0-11689cd-SNAPSHOT]
	at org.apache.ratis.util.JavaUtils.callAsUnchecked(JavaUtils.java:109) ~[ratis-common-1.1.0-11689cd-SNAPSHOT.jar:1.1.0-11689cd-SNAPSHOT]
	at org.apache.ratis.server.impl.RaftServerProxy.lambda$submitRequest$6(RaftServerProxy.java:336) ~[ratis-server-1.1.0-11689cd-SNAPSHOT.jar:1.1.0-11689cd-SNAPSHOT]
	at java.util.concurrent.CompletableFuture.uniComposeStage(CompletableFuture.java:995) ~[?:1.8.0_232]
	at java.util.concurrent.CompletableFuture.thenCompose(CompletableFuture.java:2137) ~[?:1.8.0_232]
	at org.apache.ratis.server.impl.RaftServerProxy.submitRequest(RaftServerProxy.java:335) ~[ratis-server-1.1.0-11689cd-SNAPSHOT.jar:1.1.0-11689cd-SNAPSHOT]
	at org.apache.ratis.server.impl.RaftServerProxy.submitClientRequestAsync(RaftServerProxy.java:341) ~[ratis-server-1.1.0-11689cd-SNAPSHOT.jar:1.1.0-11689cd-SNAPSHOT]
	at org.apache.ratis.grpc.client.GrpcClientProtocolService$RequestStreamObserver.processClientRequest(GrpcClientProtocolService.java:228) ~[ratis-grpc-1.1.0-11689cd-SNAPSHOT.jar:1.1.0-11689cd-SNAPSHOT]
	at org.apache.ratis.grpc.client.GrpcClientProtocolService$OrderedRequestStreamObserver.processClientRequest(GrpcClientProtocolService.java:334) ~[ratis-grpc-1.1.0-11689cd-SNAPSHOT.jar:1.1.0-11689cd-SNAPSHOT]
	at org.apache.ratis.util.SlidingWindow$Server.processRequestsFromHead(SlidingWindow.java:429) [ratis-common-1.1.0-11689cd-SNAPSHOT.jar:1.1.0-11689cd-SNAPSHOT]
	at org.apache.ratis.util.SlidingWindow$Server.receivedRequest(SlidingWindow.java:421) [ratis-common-1.1.0-11689cd-SNAPSHOT.jar:1.1.0-11689cd-SNAPSHOT]
	at org.apache.ratis.grpc.client.GrpcClientProtocolService$OrderedRequestStreamObserver.processClientRequest(GrpcClientProtocolService.java:358) [ratis-grpc-1.1.0-11689cd-SNAPSHOT.jar:1.1.0-11689cd-SNAPSHOT]
	at org.apache.ratis.grpc.client.GrpcClientProtocolService$RequestStreamObserver.onNext(GrpcClientProtocolService.java:248) [ratis-grpc-1.1.0-11689cd-SNAPSHOT.jar:1.1.0-11689cd-SNAPSHOT]
	at org.apache.ratis.grpc.client.GrpcClientProtocolService$RequestStreamObserver.onNext(GrpcClientProtocolService.java:171) [ratis-grpc-1.1.0-11689cd-SNAPSHOT.jar:1.1.0-11689cd-SNAPSHOT]
	at org.apache.ratis.thirdparty.io.grpc.stub.ServerCalls$StreamingServerCallHandler$StreamingServerCallListener.onMessage(ServerCalls.java:251) [ratis-thirdparty-misc-0.6.0-SNAPSHOT.jar:0.6.0-SNAPSHOT]
	at org.apache.ratis.thirdparty.io.grpc.ForwardingServerCallListener.onMessage(ForwardingServerCallListener.java:33) [ratis-thirdparty-misc-0.6.0-SNAPSHOT.jar:0.6.0-SNAPSHOT]
	at org.apache.ratis.thirdparty.io.grpc.internal.ServerCallImpl$ServerStreamListenerImpl.messagesAvailableInternal(ServerCallImpl.java:309) [ratis-thirdparty-misc-0.6.0-SNAPSHOT.jar:0.6.0-SNAPSHOT]
	at org.apache.ratis.thirdparty.io.grpc.internal.ServerCallImpl$ServerStreamListenerImpl.messagesAvailable(ServerCallImpl.java:292) [ratis-thirdparty-misc-0.6.0-SNAPSHOT.jar:0.6.0-SNAPSHOT]
	at org.apache.ratis.thirdparty.io.grpc.internal.ServerImpl$JumpToApplicationThreadServerStreamListener$1MessagesAvailable.runInContext(ServerImpl.java:783) [ratis-thirdparty-misc-0.6.0-SNAPSHOT.jar:0.6.0-SNAPSHOT]
	at org.apache.ratis.thirdparty.io.grpc.internal.ContextRunnable.run(ContextRunnable.java:37) [ratis-thirdparty-misc-0.6.0-SNAPSHOT.jar:0.6.0-SNAPSHOT]
	at org.apache.ratis.thirdparty.io.grpc.internal.SerializingExecutor.run(SerializingExecutor.java:123) [ratis-thirdparty-misc-0.6.0-SNAPSHOT.jar:0.6.0-SNAPSHOT]
	at java.util.concurrent.ThreadPoolExecutor.runWorker(ThreadPoolExecutor.java:1149) [?:1.8.0_232]
	at java.util.concurrent.ThreadPoolExecutor$Worker.run(ThreadPoolExecutor.java:624) [?:1.8.0_232]
	at java.lang.Thread.run(Thread.java:748) [?:1.8.0_232]
13:09:28.037 [grpc-default-executor-2] ERROR DNAudit - user=null | ip=null | op=WRITE_CHUNK {blockData=conID: 2 locID: 105004988220768260 bcsId: 0} | ret=FAILURE
org.apache.hadoop.hdds.scm.container.common.helpers.ContainerNotOpenException: Container 2 in CLOSED state
	at org.apache.hadoop.ozone.container.common.impl.HddsDispatcher.validateContainerCommand(HddsDispatcher.java:484) ~[hadoop-hdds-container-service-1.1.0-SNAPSHOT.jar:?]
	at org.apache.hadoop.ozone.container.common.transport.server.ratis.ContainerStateMachine.startTransaction(ContainerStateMachine.java:319) ~[hadoop-hdds-container-service-1.1.0-SNAPSHOT.jar:?]
	at org.apache.ratis.server.impl.RaftServerImpl.submitClientRequestAsync(RaftServerImpl.java:684) ~[ratis-server-1.1.0-11689cd-SNAPSHOT.jar:1.1.0-11689cd-SNAPSHOT]
	at org.apache.ratis.server.impl.RaftServerProxy.lambda$submitClientRequestAsync$7(RaftServerProxy.java:341) ~[ratis-server-1.1.0-11689cd-SNAPSHOT.jar:1.1.0-11689cd-SNAPSHOT]
	at org.apache.ratis.server.impl.RaftServerProxy.lambda$null$5(RaftServerProxy.java:336) ~[ratis-server-1.1.0-11689cd-SNAPSHOT.jar:1.1.0-11689cd-SNAPSHOT]
	at org.apache.ratis.util.JavaUtils.callAsUnchecked(JavaUtils.java:109) ~[ratis-common-1.1.0-11689cd-SNAPSHOT.jar:1.1.0-11689cd-SNAPSHOT]
	at org.apache.ratis.server.impl.RaftServerProxy.lambda$submitRequest$6(RaftServerProxy.java:336) ~[ratis-server-1.1.0-11689cd-SNAPSHOT.jar:1.1.0-11689cd-SNAPSHOT]
	at java.util.concurrent.CompletableFuture.uniComposeStage(CompletableFuture.java:995) ~[?:1.8.0_232]
	at java.util.concurrent.CompletableFuture.thenCompose(CompletableFuture.java:2137) ~[?:1.8.0_232]
	at org.apache.ratis.server.impl.RaftServerProxy.submitRequest(RaftServerProxy.java:335) ~[ratis-server-1.1.0-11689cd-SNAPSHOT.jar:1.1.0-11689cd-SNAPSHOT]
	at org.apache.ratis.server.impl.RaftServerProxy.submitClientRequestAsync(RaftServerProxy.java:341) ~[ratis-server-1.1.0-11689cd-SNAPSHOT.jar:1.1.0-11689cd-SNAPSHOT]
	at org.apache.ratis.grpc.client.GrpcClientProtocolService$RequestStreamObserver.processClientRequest(GrpcClientProtocolService.java:228) ~[ratis-grpc-1.1.0-11689cd-SNAPSHOT.jar:1.1.0-11689cd-SNAPSHOT]
	at org.apache.ratis.grpc.client.GrpcClientProtocolService$OrderedRequestStreamObserver.processClientRequest(GrpcClientProtocolService.java:334) ~[ratis-grpc-1.1.0-11689cd-SNAPSHOT.jar:1.1.0-11689cd-SNAPSHOT]
	at org.apache.ratis.util.SlidingWindow$Server.processRequestsFromHead(SlidingWindow.java:429) [ratis-common-1.1.0-11689cd-SNAPSHOT.jar:1.1.0-11689cd-SNAPSHOT]
	at org.apache.ratis.util.SlidingWindow$Server.receivedRequest(SlidingWindow.java:421) [ratis-common-1.1.0-11689cd-SNAPSHOT.jar:1.1.0-11689cd-SNAPSHOT]
	at org.apache.ratis.grpc.client.GrpcClientProtocolService$OrderedRequestStreamObserver.processClientRequest(GrpcClientProtocolService.java:358) [ratis-grpc-1.1.0-11689cd-SNAPSHOT.jar:1.1.0-11689cd-SNAPSHOT]
	at org.apache.ratis.grpc.client.GrpcClientProtocolService$RequestStreamObserver.onNext(GrpcClientProtocolService.java:248) [ratis-grpc-1.1.0-11689cd-SNAPSHOT.jar:1.1.0-11689cd-SNAPSHOT]
	at org.apache.ratis.grpc.client.GrpcClientProtocolService$RequestStreamObserver.onNext(GrpcClientProtocolService.java:171) [ratis-grpc-1.1.0-11689cd-SNAPSHOT.jar:1.1.0-11689cd-SNAPSHOT]
	at org.apache.ratis.thirdparty.io.grpc.stub.ServerCalls$StreamingServerCallHandler$StreamingServerCallListener.onMessage(ServerCalls.java:251) [ratis-thirdparty-misc-0.6.0-SNAPSHOT.jar:0.6.0-SNAPSHOT]
	at org.apache.ratis.thirdparty.io.grpc.ForwardingServerCallListener.onMessage(ForwardingServerCallListener.java:33) [ratis-thirdparty-misc-0.6.0-SNAPSHOT.jar:0.6.0-SNAPSHOT]
	at org.apache.ratis.thirdparty.io.grpc.internal.ServerCallImpl$ServerStreamListenerImpl.messagesAvailableInternal(ServerCallImpl.java:309) [ratis-thirdparty-misc-0.6.0-SNAPSHOT.jar:0.6.0-SNAPSHOT]
	at org.apache.ratis.thirdparty.io.grpc.internal.ServerCallImpl$ServerStreamListenerImpl.messagesAvailable(ServerCallImpl.java:292) [ratis-thirdparty-misc-0.6.0-SNAPSHOT.jar:0.6.0-SNAPSHOT]
	at org.apache.ratis.thirdparty.io.grpc.internal.ServerImpl$JumpToApplicationThreadServerStreamListener$1MessagesAvailable.runInContext(ServerImpl.java:783) [ratis-thirdparty-misc-0.6.0-SNAPSHOT.jar:0.6.0-SNAPSHOT]
	at org.apache.ratis.thirdparty.io.grpc.internal.ContextRunnable.run(ContextRunnable.java:37) [ratis-thirdparty-misc-0.6.0-SNAPSHOT.jar:0.6.0-SNAPSHOT]
	at org.apache.ratis.thirdparty.io.grpc.internal.SerializingExecutor.run(SerializingExecutor.java:123) [ratis-thirdparty-misc-0.6.0-SNAPSHOT.jar:0.6.0-SNAPSHOT]
	at java.util.concurrent.ThreadPoolExecutor.runWorker(ThreadPoolExecutor.java:1149) [?:1.8.0_232]
	at java.util.concurrent.ThreadPoolExecutor$Worker.run(ThreadPoolExecutor.java:624) [?:1.8.0_232]
	at java.lang.Thread.run(Thread.java:748) [?:1.8.0_232]
13:09:28.039 [grpc-default-executor-2] ERROR DNAudit - user=null | ip=null | op=PUT_BLOCK {blockData=[blockId=conID: 2 locID: 105004988220768260 bcsId: 0,size=400]} | ret=FAILURE
org.apache.hadoop.hdds.scm.container.common.helpers.ContainerNotOpenException: Container 2 in CLOSED state
	at org.apache.hadoop.ozone.container.common.impl.HddsDispatcher.validateContainerCommand(HddsDispatcher.java:484) ~[hadoop-hdds-container-service-1.1.0-SNAPSHOT.jar:?]
	at org.apache.hadoop.ozone.container.common.transport.server.ratis.ContainerStateMachine.startTransaction(ContainerStateMachine.java:319) ~[hadoop-hdds-container-service-1.1.0-SNAPSHOT.jar:?]
	at org.apache.ratis.server.impl.RaftServerImpl.submitClientRequestAsync(RaftServerImpl.java:684) ~[ratis-server-1.1.0-11689cd-SNAPSHOT.jar:1.1.0-11689cd-SNAPSHOT]
	at org.apache.ratis.server.impl.RaftServerProxy.lambda$submitClientRequestAsync$7(RaftServerProxy.java:341) ~[ratis-server-1.1.0-11689cd-SNAPSHOT.jar:1.1.0-11689cd-SNAPSHOT]
	at org.apache.ratis.server.impl.RaftServerProxy.lambda$null$5(RaftServerProxy.java:336) ~[ratis-server-1.1.0-11689cd-SNAPSHOT.jar:1.1.0-11689cd-SNAPSHOT]
	at org.apache.ratis.util.JavaUtils.callAsUnchecked(JavaUtils.java:109) ~[ratis-common-1.1.0-11689cd-SNAPSHOT.jar:1.1.0-11689cd-SNAPSHOT]
	at org.apache.ratis.server.impl.RaftServerProxy.lambda$submitRequest$6(RaftServerProxy.java:336) ~[ratis-server-1.1.0-11689cd-SNAPSHOT.jar:1.1.0-11689cd-SNAPSHOT]
	at java.util.concurrent.CompletableFuture.uniComposeStage(CompletableFuture.java:995) ~[?:1.8.0_232]
	at java.util.concurrent.CompletableFuture.thenCompose(CompletableFuture.java:2137) ~[?:1.8.0_232]
	at org.apache.ratis.server.impl.RaftServerProxy.submitRequest(RaftServerProxy.java:335) ~[ratis-server-1.1.0-11689cd-SNAPSHOT.jar:1.1.0-11689cd-SNAPSHOT]
	at org.apache.ratis.server.impl.RaftServerProxy.submitClientRequestAsync(RaftServerProxy.java:341) ~[ratis-server-1.1.0-11689cd-SNAPSHOT.jar:1.1.0-11689cd-SNAPSHOT]
	at org.apache.ratis.grpc.client.GrpcClientProtocolService$RequestStreamObserver.processClientRequest(GrpcClientProtocolService.java:228) ~[ratis-grpc-1.1.0-11689cd-SNAPSHOT.jar:1.1.0-11689cd-SNAPSHOT]
	at org.apache.ratis.grpc.client.GrpcClientProtocolService$OrderedRequestStreamObserver.processClientRequest(GrpcClientProtocolService.java:334) ~[ratis-grpc-1.1.0-11689cd-SNAPSHOT.jar:1.1.0-11689cd-SNAPSHOT]
	at org.apache.ratis.util.SlidingWindow$Server.processRequestsFromHead(SlidingWindow.java:429) [ratis-common-1.1.0-11689cd-SNAPSHOT.jar:1.1.0-11689cd-SNAPSHOT]
	at org.apache.ratis.util.SlidingWindow$Server.receivedRequest(SlidingWindow.java:421) [ratis-common-1.1.0-11689cd-SNAPSHOT.jar:1.1.0-11689cd-SNAPSHOT]
	at org.apache.ratis.grpc.client.GrpcClientProtocolService$OrderedRequestStreamObserver.processClientRequest(GrpcClientProtocolService.java:358) [ratis-grpc-1.1.0-11689cd-SNAPSHOT.jar:1.1.0-11689cd-SNAPSHOT]
	at org.apache.ratis.grpc.client.GrpcClientProtocolService$RequestStreamObserver.onNext(GrpcClientProtocolService.java:248) [ratis-grpc-1.1.0-11689cd-SNAPSHOT.jar:1.1.0-11689cd-SNAPSHOT]
	at org.apache.ratis.grpc.client.GrpcClientProtocolService$RequestStreamObserver.onNext(GrpcClientProtocolService.java:171) [ratis-grpc-1.1.0-11689cd-SNAPSHOT.jar:1.1.0-11689cd-SNAPSHOT]
	at org.apache.ratis.thirdparty.io.grpc.stub.ServerCalls$StreamingServerCallHandler$StreamingServerCallListener.onMessage(ServerCalls.java:251) [ratis-thirdparty-misc-0.6.0-SNAPSHOT.jar:0.6.0-SNAPSHOT]
	at org.apache.ratis.thirdparty.io.grpc.ForwardingServerCallListener.onMessage(ForwardingServerCallListener.java:33) [ratis-thirdparty-misc-0.6.0-SNAPSHOT.jar:0.6.0-SNAPSHOT]
	at org.apache.ratis.thirdparty.io.grpc.internal.ServerCallImpl$ServerStreamListenerImpl.messagesAvailableInternal(ServerCallImpl.java:309) [ratis-thirdparty-misc-0.6.0-SNAPSHOT.jar:0.6.0-SNAPSHOT]
	at org.apache.ratis.thirdparty.io.grpc.internal.ServerCallImpl$ServerStreamListenerImpl.messagesAvailable(ServerCallImpl.java:292) [ratis-thirdparty-misc-0.6.0-SNAPSHOT.jar:0.6.0-SNAPSHOT]
	at org.apache.ratis.thirdparty.io.grpc.internal.ServerImpl$JumpToApplicationThreadServerStreamListener$1MessagesAvailable.runInContext(ServerImpl.java:783) [ratis-thirdparty-misc-0.6.0-SNAPSHOT.jar:0.6.0-SNAPSHOT]
	at org.apache.ratis.thirdparty.io.grpc.internal.ContextRunnable.run(ContextRunnable.java:37) [ratis-thirdparty-misc-0.6.0-SNAPSHOT.jar:0.6.0-SNAPSHOT]
	at org.apache.ratis.thirdparty.io.grpc.internal.SerializingExecutor.run(SerializingExecutor.java:123) [ratis-thirdparty-misc-0.6.0-SNAPSHOT.jar:0.6.0-SNAPSHOT]
	at java.util.concurrent.ThreadPoolExecutor.runWorker(ThreadPoolExecutor.java:1149) [?:1.8.0_232]
	at java.util.concurrent.ThreadPoolExecutor$Worker.run(ThreadPoolExecutor.java:624) [?:1.8.0_232]
	at java.lang.Thread.run(Thread.java:748) [?:1.8.0_232]
2020-10-09 13:09:28,048 [grpc-default-executor-2] ERROR storage.BlockOutputStream (BlockOutputStream.java:lambda$writeChunkToContainer$3(678)) - writing chunk failed 105004988220768260_chunk_1 blockID conID: 2 locID: 105004988220768260 bcsId: 0 with exception org.apache.ratis.protocol.exceptions.StateMachineException: org.apache.hadoop.hdds.scm.container.common.helpers.ContainerNotOpenException from Server a81afdc5-1418-4294-8777-a85822e5b345@group-85D311487B0E: Container 2 in CLOSED state
2020-10-09 13:09:28,052 [grpc-default-executor-2] ERROR storage.BlockOutputStream (BlockOutputStream.java:lambda$writeChunkToContainer$3(678)) - writing chunk failed 105004988220768260_chunk_2 blockID conID: 2 locID: 105004988220768260 bcsId: 0 with exception org.apache.ratis.protocol.exceptions.StateMachineException: org.apache.hadoop.hdds.scm.container.common.helpers.ContainerNotOpenException from Server a81afdc5-1418-4294-8777-a85822e5b345@group-85D311487B0E: Container 2 in CLOSED state
2020-10-09 13:09:28,057 [grpc-default-executor-2] ERROR storage.BlockOutputStream (BlockOutputStream.java:lambda$writeChunkToContainer$3(678)) - writing chunk failed 105004988220768260_chunk_3 blockID conID: 2 locID: 105004988220768260 bcsId: 0 with exception org.apache.ratis.protocol.exceptions.StateMachineException: org.apache.hadoop.hdds.scm.container.common.helpers.ContainerNotOpenException from Server a81afdc5-1418-4294-8777-a85822e5b345@group-85D311487B0E: Container 2 in CLOSED state
2020-10-09 13:09:28,059 [grpc-default-executor-2] ERROR storage.BlockOutputStream (BlockOutputStream.java:lambda$writeChunkToContainer$3(678)) - writing chunk failed 105004988220768260_chunk_4 blockID conID: 2 locID: 105004988220768260 bcsId: 0 with exception org.apache.ratis.protocol.exceptions.StateMachineException: org.apache.hadoop.hdds.scm.container.common.helpers.ContainerNotOpenException from Server a81afdc5-1418-4294-8777-a85822e5b345@group-85D311487B0E: Container 2 in CLOSED state
13:09:28.066 [grpc-default-executor-2] ERROR DNAudit - user=null | ip=null | op=WRITE_CHUNK {blockData=conID: 3 locID: 105004988220833797 bcsId: 0} | ret=FAILURE
org.apache.hadoop.hdds.scm.container.common.helpers.ContainerNotOpenException: Container 3 in CLOSED state
	at org.apache.hadoop.ozone.container.common.impl.HddsDispatcher.validateContainerCommand(HddsDispatcher.java:484) ~[hadoop-hdds-container-service-1.1.0-SNAPSHOT.jar:?]
	at org.apache.hadoop.ozone.container.common.transport.server.ratis.ContainerStateMachine.startTransaction(ContainerStateMachine.java:319) ~[hadoop-hdds-container-service-1.1.0-SNAPSHOT.jar:?]
	at org.apache.ratis.server.impl.RaftServerImpl.submitClientRequestAsync(RaftServerImpl.java:684) ~[ratis-server-1.1.0-11689cd-SNAPSHOT.jar:1.1.0-11689cd-SNAPSHOT]
	at org.apache.ratis.server.impl.RaftServerProxy.lambda$submitClientRequestAsync$7(RaftServerProxy.java:341) ~[ratis-server-1.1.0-11689cd-SNAPSHOT.jar:1.1.0-11689cd-SNAPSHOT]
	at org.apache.ratis.server.impl.RaftServerProxy.lambda$null$5(RaftServerProxy.java:336) ~[ratis-server-1.1.0-11689cd-SNAPSHOT.jar:1.1.0-11689cd-SNAPSHOT]
	at org.apache.ratis.util.JavaUtils.callAsUnchecked(JavaUtils.java:109) ~[ratis-common-1.1.0-11689cd-SNAPSHOT.jar:1.1.0-11689cd-SNAPSHOT]
	at org.apache.ratis.server.impl.RaftServerProxy.lambda$submitRequest$6(RaftServerProxy.java:336) ~[ratis-server-1.1.0-11689cd-SNAPSHOT.jar:1.1.0-11689cd-SNAPSHOT]
	at java.util.concurrent.CompletableFuture.uniComposeStage(CompletableFuture.java:995) ~[?:1.8.0_232]
	at java.util.concurrent.CompletableFuture.thenCompose(CompletableFuture.java:2137) ~[?:1.8.0_232]
	at org.apache.ratis.server.impl.RaftServerProxy.submitRequest(RaftServerProxy.java:335) ~[ratis-server-1.1.0-11689cd-SNAPSHOT.jar:1.1.0-11689cd-SNAPSHOT]
	at org.apache.ratis.server.impl.RaftServerProxy.submitClientRequestAsync(RaftServerProxy.java:341) ~[ratis-server-1.1.0-11689cd-SNAPSHOT.jar:1.1.0-11689cd-SNAPSHOT]
	at org.apache.ratis.grpc.client.GrpcClientProtocolService$RequestStreamObserver.processClientRequest(GrpcClientProtocolService.java:228) ~[ratis-grpc-1.1.0-11689cd-SNAPSHOT.jar:1.1.0-11689cd-SNAPSHOT]
	at org.apache.ratis.grpc.client.GrpcClientProtocolService$OrderedRequestStreamObserver.processClientRequest(GrpcClientProtocolService.java:334) ~[ratis-grpc-1.1.0-11689cd-SNAPSHOT.jar:1.1.0-11689cd-SNAPSHOT]
	at org.apache.ratis.util.SlidingWindow$Server.processRequestsFromHead(SlidingWindow.java:429) [ratis-common-1.1.0-11689cd-SNAPSHOT.jar:1.1.0-11689cd-SNAPSHOT]
	at org.apache.ratis.util.SlidingWindow$Server.receivedRequest(SlidingWindow.java:421) [ratis-common-1.1.0-11689cd-SNAPSHOT.jar:1.1.0-11689cd-SNAPSHOT]
	at org.apache.ratis.grpc.client.GrpcClientProtocolService$OrderedRequestStreamObserver.processClientRequest(GrpcClientProtocolService.java:358) [ratis-grpc-1.1.0-11689cd-SNAPSHOT.jar:1.1.0-11689cd-SNAPSHOT]
	at org.apache.ratis.grpc.client.GrpcClientProtocolService$RequestStreamObserver.onNext(GrpcClientProtocolService.java:248) [ratis-grpc-1.1.0-11689cd-SNAPSHOT.jar:1.1.0-11689cd-SNAPSHOT]
	at org.apache.ratis.grpc.client.GrpcClientProtocolService$RequestStreamObserver.onNext(GrpcClientProtocolService.java:171) [ratis-grpc-1.1.0-11689cd-SNAPSHOT.jar:1.1.0-11689cd-SNAPSHOT]
	at org.apache.ratis.thirdparty.io.grpc.stub.ServerCalls$StreamingServerCallHandler$StreamingServerCallListener.onMessage(ServerCalls.java:251) [ratis-thirdparty-misc-0.6.0-SNAPSHOT.jar:0.6.0-SNAPSHOT]
	at org.apache.ratis.thirdparty.io.grpc.ForwardingServerCallListener.onMessage(ForwardingServerCallListener.java:33) [ratis-thirdparty-misc-0.6.0-SNAPSHOT.jar:0.6.0-SNAPSHOT]
	at org.apache.ratis.thirdparty.io.grpc.internal.ServerCallImpl$ServerStreamListenerImpl.messagesAvailableInternal(ServerCallImpl.java:309) [ratis-thirdparty-misc-0.6.0-SNAPSHOT.jar:0.6.0-SNAPSHOT]
	at org.apache.ratis.thirdparty.io.grpc.internal.ServerCallImpl$ServerStreamListenerImpl.messagesAvailable(ServerCallImpl.java:292) [ratis-thirdparty-misc-0.6.0-SNAPSHOT.jar:0.6.0-SNAPSHOT]
	at org.apache.ratis.thirdparty.io.grpc.internal.ServerImpl$JumpToApplicationThreadServerStreamListener$1MessagesAvailable.runInContext(ServerImpl.java:783) [ratis-thirdparty-misc-0.6.0-SNAPSHOT.jar:0.6.0-SNAPSHOT]
	at org.apache.ratis.thirdparty.io.grpc.internal.ContextRunnable.run(ContextRunnable.java:37) [ratis-thirdparty-misc-0.6.0-SNAPSHOT.jar:0.6.0-SNAPSHOT]
	at org.apache.ratis.thirdparty.io.grpc.internal.SerializingExecutor.run(SerializingExecutor.java:123) [ratis-thirdparty-misc-0.6.0-SNAPSHOT.jar:0.6.0-SNAPSHOT]
	at java.util.concurrent.ThreadPoolExecutor.runWorker(ThreadPoolExecutor.java:1149) [?:1.8.0_232]
	at java.util.concurrent.ThreadPoolExecutor$Worker.run(ThreadPoolExecutor.java:624) [?:1.8.0_232]
	at java.lang.Thread.run(Thread.java:748) [?:1.8.0_232]
13:09:28.076 [grpc-default-executor-2] ERROR DNAudit - user=null | ip=null | op=WRITE_CHUNK {blockData=conID: 3 locID: 105004988220833797 bcsId: 0} | ret=FAILURE
org.apache.hadoop.hdds.scm.container.common.helpers.ContainerNotOpenException: Container 3 in CLOSED state
	at org.apache.hadoop.ozone.container.common.impl.HddsDispatcher.validateContainerCommand(HddsDispatcher.java:484) ~[hadoop-hdds-container-service-1.1.0-SNAPSHOT.jar:?]
	at org.apache.hadoop.ozone.container.common.transport.server.ratis.ContainerStateMachine.startTransaction(ContainerStateMachine.java:319) ~[hadoop-hdds-container-service-1.1.0-SNAPSHOT.jar:?]
	at org.apache.ratis.server.impl.RaftServerImpl.submitClientRequestAsync(RaftServerImpl.java:684) ~[ratis-server-1.1.0-11689cd-SNAPSHOT.jar:1.1.0-11689cd-SNAPSHOT]
	at org.apache.ratis.server.impl.RaftServerProxy.lambda$submitClientRequestAsync$7(RaftServerProxy.java:341) ~[ratis-server-1.1.0-11689cd-SNAPSHOT.jar:1.1.0-11689cd-SNAPSHOT]
	at org.apache.ratis.server.impl.RaftServerProxy.lambda$null$5(RaftServerProxy.java:336) ~[ratis-server-1.1.0-11689cd-SNAPSHOT.jar:1.1.0-11689cd-SNAPSHOT]
	at org.apache.ratis.util.JavaUtils.callAsUnchecked(JavaUtils.java:109) ~[ratis-common-1.1.0-11689cd-SNAPSHOT.jar:1.1.0-11689cd-SNAPSHOT]
	at org.apache.ratis.server.impl.RaftServerProxy.lambda$submitRequest$6(RaftServerProxy.java:336) ~[ratis-server-1.1.0-11689cd-SNAPSHOT.jar:1.1.0-11689cd-SNAPSHOT]
	at java.util.concurrent.CompletableFuture.uniComposeStage(CompletableFuture.java:995) ~[?:1.8.0_232]
	at java.util.concurrent.CompletableFuture.thenCompose(CompletableFuture.java:2137) ~[?:1.8.0_232]
	at org.apache.ratis.server.impl.RaftServerProxy.submitRequest(RaftServerProxy.java:335) ~[ratis-server-1.1.0-11689cd-SNAPSHOT.jar:1.1.0-11689cd-SNAPSHOT]
	at org.apache.ratis.server.impl.RaftServerProxy.submitClientRequestAsync(RaftServerProxy.java:341) ~[ratis-server-1.1.0-11689cd-SNAPSHOT.jar:1.1.0-11689cd-SNAPSHOT]
	at org.apache.ratis.grpc.client.GrpcClientProtocolService$RequestStreamObserver.processClientRequest(GrpcClientProtocolService.java:228) ~[ratis-grpc-1.1.0-11689cd-SNAPSHOT.jar:1.1.0-11689cd-SNAPSHOT]
	at org.apache.ratis.grpc.client.GrpcClientProtocolService$OrderedRequestStreamObserver.processClientRequest(GrpcClientProtocolService.java:334) ~[ratis-grpc-1.1.0-11689cd-SNAPSHOT.jar:1.1.0-11689cd-SNAPSHOT]
	at org.apache.ratis.util.SlidingWindow$Server.processRequestsFromHead(SlidingWindow.java:429) [ratis-common-1.1.0-11689cd-SNAPSHOT.jar:1.1.0-11689cd-SNAPSHOT]
	at org.apache.ratis.util.SlidingWindow$Server.receivedRequest(SlidingWindow.java:421) [ratis-common-1.1.0-11689cd-SNAPSHOT.jar:1.1.0-11689cd-SNAPSHOT]
	at org.apache.ratis.grpc.client.GrpcClientProtocolService$OrderedRequestStreamObserver.processClientRequest(GrpcClientProtocolService.java:358) [ratis-grpc-1.1.0-11689cd-SNAPSHOT.jar:1.1.0-11689cd-SNAPSHOT]
	at org.apache.ratis.grpc.client.GrpcClientProtocolService$RequestStreamObserver.onNext(GrpcClientProtocolService.java:248) [ratis-grpc-1.1.0-11689cd-SNAPSHOT.jar:1.1.0-11689cd-SNAPSHOT]
	at org.apache.ratis.grpc.client.GrpcClientProtocolService$RequestStreamObserver.onNext(GrpcClientProtocolService.java:171) [ratis-grpc-1.1.0-11689cd-SNAPSHOT.jar:1.1.0-11689cd-SNAPSHOT]
	at org.apache.ratis.thirdparty.io.grpc.stub.ServerCalls$StreamingServerCallHandler$StreamingServerCallListener.onMessage(ServerCalls.java:251) [ratis-thirdparty-misc-0.6.0-SNAPSHOT.jar:0.6.0-SNAPSHOT]
	at org.apache.ratis.thirdparty.io.grpc.ForwardingServerCallListener.onMessage(ForwardingServerCallListener.java:33) [ratis-thirdparty-misc-0.6.0-SNAPSHOT.jar:0.6.0-SNAPSHOT]
	at org.apache.ratis.thirdparty.io.grpc.internal.ServerCallImpl$ServerStreamListenerImpl.messagesAvailableInternal(ServerCallImpl.java:309) [ratis-thirdparty-misc-0.6.0-SNAPSHOT.jar:0.6.0-SNAPSHOT]
	at org.apache.ratis.thirdparty.io.grpc.internal.ServerCallImpl$ServerStreamListenerImpl.messagesAvailable(ServerCallImpl.java:292) [ratis-thirdparty-misc-0.6.0-SNAPSHOT.jar:0.6.0-SNAPSHOT]
	at org.apache.ratis.thirdparty.io.grpc.internal.ServerImpl$JumpToApplicationThreadServerStreamListener$1MessagesAvailable.runInContext(ServerImpl.java:783) [ratis-thirdparty-misc-0.6.0-SNAPSHOT.jar:0.6.0-SNAPSHOT]
	at org.apache.ratis.thirdparty.io.grpc.internal.ContextRunnable.run(ContextRunnable.java:37) [ratis-thirdparty-misc-0.6.0-SNAPSHOT.jar:0.6.0-SNAPSHOT]
	at org.apache.ratis.thirdparty.io.grpc.internal.SerializingExecutor.run(SerializingExecutor.java:123) [ratis-thirdparty-misc-0.6.0-SNAPSHOT.jar:0.6.0-SNAPSHOT]
	at java.util.concurrent.ThreadPoolExecutor.runWorker(ThreadPoolExecutor.java:1149) [?:1.8.0_232]
	at java.util.concurrent.ThreadPoolExecutor$Worker.run(ThreadPoolExecutor.java:624) [?:1.8.0_232]
	at java.lang.Thread.run(Thread.java:748) [?:1.8.0_232]
2020-10-09 13:09:28,077 [grpc-default-executor-3] ERROR storage.BlockOutputStream (BlockOutputStream.java:lambda$writeChunkToContainer$3(678)) - writing chunk failed 105004988220833797_chunk_1 blockID conID: 3 locID: 105004988220833797 bcsId: 0 with exception org.apache.ratis.protocol.exceptions.StateMachineException: org.apache.hadoop.hdds.scm.container.common.helpers.ContainerNotOpenException from Server 806253e9-663f-42ca-9134-07a713f9f0ba@group-382996AC8CC6: Container 3 in CLOSED state
2020-10-09 13:09:28,084 [grpc-default-executor-3] ERROR storage.BlockOutputStream (BlockOutputStream.java:lambda$writeChunkToContainer$3(678)) - writing chunk failed 105004988220833797_chunk_2 blockID conID: 3 locID: 105004988220833797 bcsId: 0 with exception org.apache.ratis.protocol.exceptions.StateMachineException: org.apache.hadoop.hdds.scm.container.common.helpers.ContainerNotOpenException from Server 806253e9-663f-42ca-9134-07a713f9f0ba@group-382996AC8CC6: Container 3 in CLOSED state
13:09:28.084 [grpc-default-executor-2] ERROR DNAudit - user=null | ip=null | op=PUT_BLOCK {blockData=[blockId=conID: 3 locID: 105004988220833797 bcsId: 0,size=200]} | ret=FAILURE
org.apache.hadoop.hdds.scm.container.common.helpers.ContainerNotOpenException: Container 3 in CLOSED state
	at org.apache.hadoop.ozone.container.common.impl.HddsDispatcher.validateContainerCommand(HddsDispatcher.java:484) ~[hadoop-hdds-container-service-1.1.0-SNAPSHOT.jar:?]
	at org.apache.hadoop.ozone.container.common.transport.server.ratis.ContainerStateMachine.startTransaction(ContainerStateMachine.java:319) ~[hadoop-hdds-container-service-1.1.0-SNAPSHOT.jar:?]
	at org.apache.ratis.server.impl.RaftServerImpl.submitClientRequestAsync(RaftServerImpl.java:684) ~[ratis-server-1.1.0-11689cd-SNAPSHOT.jar:1.1.0-11689cd-SNAPSHOT]
	at org.apache.ratis.server.impl.RaftServerProxy.lambda$submitClientRequestAsync$7(RaftServerProxy.java:341) ~[ratis-server-1.1.0-11689cd-SNAPSHOT.jar:1.1.0-11689cd-SNAPSHOT]
	at org.apache.ratis.server.impl.RaftServerProxy.lambda$null$5(RaftServerProxy.java:336) ~[ratis-server-1.1.0-11689cd-SNAPSHOT.jar:1.1.0-11689cd-SNAPSHOT]
	at org.apache.ratis.util.JavaUtils.callAsUnchecked(JavaUtils.java:109) ~[ratis-common-1.1.0-11689cd-SNAPSHOT.jar:1.1.0-11689cd-SNAPSHOT]
	at org.apache.ratis.server.impl.RaftServerProxy.lambda$submitRequest$6(RaftServerProxy.java:336) ~[ratis-server-1.1.0-11689cd-SNAPSHOT.jar:1.1.0-11689cd-SNAPSHOT]
	at java.util.concurrent.CompletableFuture.uniComposeStage(CompletableFuture.java:995) ~[?:1.8.0_232]
	at java.util.concurrent.CompletableFuture.thenCompose(CompletableFuture.java:2137) ~[?:1.8.0_232]
	at org.apache.ratis.server.impl.RaftServerProxy.submitRequest(RaftServerProxy.java:335) ~[ratis-server-1.1.0-11689cd-SNAPSHOT.jar:1.1.0-11689cd-SNAPSHOT]
	at org.apache.ratis.server.impl.RaftServerProxy.submitClientRequestAsync(RaftServerProxy.java:341) ~[ratis-server-1.1.0-11689cd-SNAPSHOT.jar:1.1.0-11689cd-SNAPSHOT]
	at org.apache.ratis.grpc.client.GrpcClientProtocolService$RequestStreamObserver.processClientRequest(GrpcClientProtocolService.java:228) ~[ratis-grpc-1.1.0-11689cd-SNAPSHOT.jar:1.1.0-11689cd-SNAPSHOT]
	at org.apache.ratis.grpc.client.GrpcClientProtocolService$OrderedRequestStreamObserver.processClientRequest(GrpcClientProtocolService.java:334) ~[ratis-grpc-1.1.0-11689cd-SNAPSHOT.jar:1.1.0-11689cd-SNAPSHOT]
	at org.apache.ratis.util.SlidingWindow$Server.processRequestsFromHead(SlidingWindow.java:429) [ratis-common-1.1.0-11689cd-SNAPSHOT.jar:1.1.0-11689cd-SNAPSHOT]
	at org.apache.ratis.util.SlidingWindow$Server.receivedRequest(SlidingWindow.java:421) [ratis-common-1.1.0-11689cd-SNAPSHOT.jar:1.1.0-11689cd-SNAPSHOT]
	at org.apache.ratis.grpc.client.GrpcClientProtocolService$OrderedRequestStreamObserver.processClientRequest(GrpcClientProtocolService.java:358) [ratis-grpc-1.1.0-11689cd-SNAPSHOT.jar:1.1.0-11689cd-SNAPSHOT]
	at org.apache.ratis.grpc.client.GrpcClientProtocolService$RequestStreamObserver.onNext(GrpcClientProtocolService.java:248) [ratis-grpc-1.1.0-11689cd-SNAPSHOT.jar:1.1.0-11689cd-SNAPSHOT]
	at org.apache.ratis.grpc.client.GrpcClientProtocolService$RequestStreamObserver.onNext(GrpcClientProtocolService.java:171) [ratis-grpc-1.1.0-11689cd-SNAPSHOT.jar:1.1.0-11689cd-SNAPSHOT]
	at org.apache.ratis.thirdparty.io.grpc.stub.ServerCalls$StreamingServerCallHandler$StreamingServerCallListener.onMessage(ServerCalls.java:251) [ratis-thirdparty-misc-0.6.0-SNAPSHOT.jar:0.6.0-SNAPSHOT]
	at org.apache.ratis.thirdparty.io.grpc.ForwardingServerCallListener.onMessage(ForwardingServerCallListener.java:33) [ratis-thirdparty-misc-0.6.0-SNAPSHOT.jar:0.6.0-SNAPSHOT]
	at org.apache.ratis.thirdparty.io.grpc.internal.ServerCallImpl$ServerStreamListenerImpl.messagesAvailableInternal(ServerCallImpl.java:309) [ratis-thirdparty-misc-0.6.0-SNAPSHOT.jar:0.6.0-SNAPSHOT]
	at org.apache.ratis.thirdparty.io.grpc.internal.ServerCallImpl$ServerStreamListenerImpl.messagesAvailable(ServerCallImpl.java:292) [ratis-thirdparty-misc-0.6.0-SNAPSHOT.jar:0.6.0-SNAPSHOT]
	at org.apache.ratis.thirdparty.io.grpc.internal.ServerImpl$JumpToApplicationThreadServerStreamListener$1MessagesAvailable.runInContext(ServerImpl.java:783) [ratis-thirdparty-misc-0.6.0-SNAPSHOT.jar:0.6.0-SNAPSHOT]
	at org.apache.ratis.thirdparty.io.grpc.internal.ContextRunnable.run(ContextRunnable.java:37) [ratis-thirdparty-misc-0.6.0-SNAPSHOT.jar:0.6.0-SNAPSHOT]
	at org.apache.ratis.thirdparty.io.grpc.internal.SerializingExecutor.run(SerializingExecutor.java:123) [ratis-thirdparty-misc-0.6.0-SNAPSHOT.jar:0.6.0-SNAPSHOT]
	at java.util.concurrent.ThreadPoolExecutor.runWorker(ThreadPoolExecutor.java:1149) [?:1.8.0_232]
	at java.util.concurrent.ThreadPoolExecutor$Worker.run(ThreadPoolExecutor.java:624) [?:1.8.0_232]
	at java.lang.Thread.run(Thread.java:748) [?:1.8.0_232]
13:09:28.086 [grpc-default-executor-2] ERROR DNAudit - user=null | ip=null | op=WRITE_CHUNK {blockData=conID: 3 locID: 105004988220833797 bcsId: 0} | ret=FAILURE
org.apache.hadoop.hdds.scm.container.common.helpers.ContainerNotOpenException: Container 3 in CLOSED state
	at org.apache.hadoop.ozone.container.common.impl.HddsDispatcher.validateContainerCommand(HddsDispatcher.java:484) ~[hadoop-hdds-container-service-1.1.0-SNAPSHOT.jar:?]
	at org.apache.hadoop.ozone.container.common.transport.server.ratis.ContainerStateMachine.startTransaction(ContainerStateMachine.java:319) ~[hadoop-hdds-container-service-1.1.0-SNAPSHOT.jar:?]
	at org.apache.ratis.server.impl.RaftServerImpl.submitClientRequestAsync(RaftServerImpl.java:684) ~[ratis-server-1.1.0-11689cd-SNAPSHOT.jar:1.1.0-11689cd-SNAPSHOT]
	at org.apache.ratis.server.impl.RaftServerProxy.lambda$submitClientRequestAsync$7(RaftServerProxy.java:341) ~[ratis-server-1.1.0-11689cd-SNAPSHOT.jar:1.1.0-11689cd-SNAPSHOT]
	at org.apache.ratis.server.impl.RaftServerProxy.lambda$null$5(RaftServerProxy.java:336) ~[ratis-server-1.1.0-11689cd-SNAPSHOT.jar:1.1.0-11689cd-SNAPSHOT]
	at org.apache.ratis.util.JavaUtils.callAsUnchecked(JavaUtils.java:109) ~[ratis-common-1.1.0-11689cd-SNAPSHOT.jar:1.1.0-11689cd-SNAPSHOT]
	at org.apache.ratis.server.impl.RaftServerProxy.lambda$submitRequest$6(RaftServerProxy.java:336) ~[ratis-server-1.1.0-11689cd-SNAPSHOT.jar:1.1.0-11689cd-SNAPSHOT]
	at java.util.concurrent.CompletableFuture.uniComposeStage(CompletableFuture.java:995) ~[?:1.8.0_232]
	at java.util.concurrent.CompletableFuture.thenCompose(CompletableFuture.java:2137) ~[?:1.8.0_232]
	at org.apache.ratis.server.impl.RaftServerProxy.submitRequest(RaftServerProxy.java:335) ~[ratis-server-1.1.0-11689cd-SNAPSHOT.jar:1.1.0-11689cd-SNAPSHOT]
	at org.apache.ratis.server.impl.RaftServerProxy.submitClientRequestAsync(RaftServerProxy.java:341) ~[ratis-server-1.1.0-11689cd-SNAPSHOT.jar:1.1.0-11689cd-SNAPSHOT]
	at org.apache.ratis.grpc.client.GrpcClientProtocolService$RequestStreamObserver.processClientRequest(GrpcClientProtocolService.java:228) ~[ratis-grpc-1.1.0-11689cd-SNAPSHOT.jar:1.1.0-11689cd-SNAPSHOT]
	at org.apache.ratis.grpc.client.GrpcClientProtocolService$OrderedRequestStreamObserver.processClientRequest(GrpcClientProtocolService.java:334) ~[ratis-grpc-1.1.0-11689cd-SNAPSHOT.jar:1.1.0-11689cd-SNAPSHOT]
	at org.apache.ratis.util.SlidingWindow$Server.processRequestsFromHead(SlidingWindow.java:429) [ratis-common-1.1.0-11689cd-SNAPSHOT.jar:1.1.0-11689cd-SNAPSHOT]
	at org.apache.ratis.util.SlidingWindow$Server.receivedRequest(SlidingWindow.java:421) [ratis-common-1.1.0-11689cd-SNAPSHOT.jar:1.1.0-11689cd-SNAPSHOT]
	at org.apache.ratis.grpc.client.GrpcClientProtocolService$OrderedRequestStreamObserver.processClientRequest(GrpcClientProtocolService.java:358) [ratis-grpc-1.1.0-11689cd-SNAPSHOT.jar:1.1.0-11689cd-SNAPSHOT]
	at org.apache.ratis.grpc.client.GrpcClientProtocolService$RequestStreamObserver.onNext(GrpcClientProtocolService.java:248) [ratis-grpc-1.1.0-11689cd-SNAPSHOT.jar:1.1.0-11689cd-SNAPSHOT]
	at org.apache.ratis.grpc.client.GrpcClientProtocolService$RequestStreamObserver.onNext(GrpcClientProtocolService.java:171) [ratis-grpc-1.1.0-11689cd-SNAPSHOT.jar:1.1.0-11689cd-SNAPSHOT]
	at org.apache.ratis.thirdparty.io.grpc.stub.ServerCalls$StreamingServerCallHandler$StreamingServerCallListener.onMessage(ServerCalls.java:251) [ratis-thirdparty-misc-0.6.0-SNAPSHOT.jar:0.6.0-SNAPSHOT]
	at org.apache.ratis.thirdparty.io.grpc.ForwardingServerCallListener.onMessage(ForwardingServerCallListener.java:33) [ratis-thirdparty-misc-0.6.0-SNAPSHOT.jar:0.6.0-SNAPSHOT]
	at org.apache.ratis.thirdparty.io.grpc.internal.ServerCallImpl$ServerStreamListenerImpl.messagesAvailableInternal(ServerCallImpl.java:309) [ratis-thirdparty-misc-0.6.0-SNAPSHOT.jar:0.6.0-SNAPSHOT]
	at org.apache.ratis.thirdparty.io.grpc.internal.ServerCallImpl$ServerStreamListenerImpl.messagesAvailable(ServerCallImpl.java:292) [ratis-thirdparty-misc-0.6.0-SNAPSHOT.jar:0.6.0-SNAPSHOT]
	at org.apache.ratis.thirdparty.io.grpc.internal.ServerImpl$JumpToApplicationThreadServerStreamListener$1MessagesAvailable.runInContext(ServerImpl.java:783) [ratis-thirdparty-misc-0.6.0-SNAPSHOT.jar:0.6.0-SNAPSHOT]
	at org.apache.ratis.thirdparty.io.grpc.internal.ContextRunnable.run(ContextRunnable.java:37) [ratis-thirdparty-misc-0.6.0-SNAPSHOT.jar:0.6.0-SNAPSHOT]
	at org.apache.ratis.thirdparty.io.grpc.internal.SerializingExecutor.run(SerializingExecutor.java:123) [ratis-thirdparty-misc-0.6.0-SNAPSHOT.jar:0.6.0-SNAPSHOT]
	at java.util.concurrent.ThreadPoolExecutor.runWorker(ThreadPoolExecutor.java:1149) [?:1.8.0_232]
	at java.util.concurrent.ThreadPoolExecutor$Worker.run(ThreadPoolExecutor.java:624) [?:1.8.0_232]
	at java.lang.Thread.run(Thread.java:748) [?:1.8.0_232]
13:09:28.087 [grpc-default-executor-2] ERROR DNAudit - user=null | ip=null | op=WRITE_CHUNK {blockData=conID: 3 locID: 105004988220833797 bcsId: 0} | ret=FAILURE
org.apache.hadoop.hdds.scm.container.common.helpers.ContainerNotOpenException: Container 3 in CLOSED state
	at org.apache.hadoop.ozone.container.common.impl.HddsDispatcher.validateContainerCommand(HddsDispatcher.java:484) ~[hadoop-hdds-container-service-1.1.0-SNAPSHOT.jar:?]
	at org.apache.hadoop.ozone.container.common.transport.server.ratis.ContainerStateMachine.startTransaction(ContainerStateMachine.java:319) ~[hadoop-hdds-container-service-1.1.0-SNAPSHOT.jar:?]
	at org.apache.ratis.server.impl.RaftServerImpl.submitClientRequestAsync(RaftServerImpl.java:684) ~[ratis-server-1.1.0-11689cd-SNAPSHOT.jar:1.1.0-11689cd-SNAPSHOT]
	at org.apache.ratis.server.impl.RaftServerProxy.lambda$submitClientRequestAsync$7(RaftServerProxy.java:341) ~[ratis-server-1.1.0-11689cd-SNAPSHOT.jar:1.1.0-11689cd-SNAPSHOT]
	at org.apache.ratis.server.impl.RaftServerProxy.lambda$null$5(RaftServerProxy.java:336) ~[ratis-server-1.1.0-11689cd-SNAPSHOT.jar:1.1.0-11689cd-SNAPSHOT]
	at org.apache.ratis.util.JavaUtils.callAsUnchecked(JavaUtils.java:109) ~[ratis-common-1.1.0-11689cd-SNAPSHOT.jar:1.1.0-11689cd-SNAPSHOT]
	at org.apache.ratis.server.impl.RaftServerProxy.lambda$submitRequest$6(RaftServerProxy.java:336) ~[ratis-server-1.1.0-11689cd-SNAPSHOT.jar:1.1.0-11689cd-SNAPSHOT]
	at java.util.concurrent.CompletableFuture.uniComposeStage(CompletableFuture.java:995) ~[?:1.8.0_232]
	at java.util.concurrent.CompletableFuture.thenCompose(CompletableFuture.java:2137) ~[?:1.8.0_232]
	at org.apache.ratis.server.impl.RaftServerProxy.submitRequest(RaftServerProxy.java:335) ~[ratis-server-1.1.0-11689cd-SNAPSHOT.jar:1.1.0-11689cd-SNAPSHOT]
	at org.apache.ratis.server.impl.RaftServerProxy.submitClientRequestAsync(RaftServerProxy.java:341) ~[ratis-server-1.1.0-11689cd-SNAPSHOT.jar:1.1.0-11689cd-SNAPSHOT]
	at org.apache.ratis.grpc.client.GrpcClientProtocolService$RequestStreamObserver.processClientRequest(GrpcClientProtocolService.java:228) ~[ratis-grpc-1.1.0-11689cd-SNAPSHOT.jar:1.1.0-11689cd-SNAPSHOT]
	at org.apache.ratis.grpc.client.GrpcClientProtocolService$OrderedRequestStreamObserver.processClientRequest(GrpcClientProtocolService.java:334) ~[ratis-grpc-1.1.0-11689cd-SNAPSHOT.jar:1.1.0-11689cd-SNAPSHOT]
	at org.apache.ratis.util.SlidingWindow$Server.processRequestsFromHead(SlidingWindow.java:429) [ratis-common-1.1.0-11689cd-SNAPSHOT.jar:1.1.0-11689cd-SNAPSHOT]
	at org.apache.ratis.util.SlidingWindow$Server.receivedRequest(SlidingWindow.java:421) [ratis-common-1.1.0-11689cd-SNAPSHOT.jar:1.1.0-11689cd-SNAPSHOT]
	at org.apache.ratis.grpc.client.GrpcClientProtocolService$OrderedRequestStreamObserver.processClientRequest(GrpcClientProtocolService.java:358) [ratis-grpc-1.1.0-11689cd-SNAPSHOT.jar:1.1.0-11689cd-SNAPSHOT]
	at org.apache.ratis.grpc.client.GrpcClientProtocolService$RequestStreamObserver.onNext(GrpcClientProtocolService.java:248) [ratis-grpc-1.1.0-11689cd-SNAPSHOT.jar:1.1.0-11689cd-SNAPSHOT]
	at org.apache.ratis.grpc.client.GrpcClientProtocolService$RequestStreamObserver.onNext(GrpcClientProtocolService.java:171) [ratis-grpc-1.1.0-11689cd-SNAPSHOT.jar:1.1.0-11689cd-SNAPSHOT]
	at org.apache.ratis.thirdparty.io.grpc.stub.ServerCalls$StreamingServerCallHandler$StreamingServerCallListener.onMessage(ServerCalls.java:251) [ratis-thirdparty-misc-0.6.0-SNAPSHOT.jar:0.6.0-SNAPSHOT]
	at org.apache.ratis.thirdparty.io.grpc.ForwardingServerCallListener.onMessage(ForwardingServerCallListener.java:33) [ratis-thirdparty-misc-0.6.0-SNAPSHOT.jar:0.6.0-SNAPSHOT]
	at org.apache.ratis.thirdparty.io.grpc.internal.ServerCallImpl$ServerStreamListenerImpl.messagesAvailableInternal(ServerCallImpl.java:309) [ratis-thirdparty-misc-0.6.0-SNAPSHOT.jar:0.6.0-SNAPSHOT]
	at org.apache.ratis.thirdparty.io.grpc.internal.ServerCallImpl$ServerStreamListenerImpl.messagesAvailable(ServerCallImpl.java:292) [ratis-thirdparty-misc-0.6.0-SNAPSHOT.jar:0.6.0-SNAPSHOT]
	at org.apache.ratis.thirdparty.io.grpc.internal.ServerImpl$JumpToApplicationThreadServerStreamListener$1MessagesAvailable.runInContext(ServerImpl.java:783) [ratis-thirdparty-misc-0.6.0-SNAPSHOT.jar:0.6.0-SNAPSHOT]
	at org.apache.ratis.thirdparty.io.grpc.internal.ContextRunnable.run(ContextRunnable.java:37) [ratis-thirdparty-misc-0.6.0-SNAPSHOT.jar:0.6.0-SNAPSHOT]
	at org.apache.ratis.thirdparty.io.grpc.internal.SerializingExecutor.run(SerializingExecutor.java:123) [ratis-thirdparty-misc-0.6.0-SNAPSHOT.jar:0.6.0-SNAPSHOT]
	at java.util.concurrent.ThreadPoolExecutor.runWorker(ThreadPoolExecutor.java:1149) [?:1.8.0_232]
	at java.util.concurrent.ThreadPoolExecutor$Worker.run(ThreadPoolExecutor.java:624) [?:1.8.0_232]
	at java.lang.Thread.run(Thread.java:748) [?:1.8.0_232]
13:09:28.090 [grpc-default-executor-2] ERROR DNAudit - user=null | ip=null | op=PUT_BLOCK {blockData=[blockId=conID: 3 locID: 105004988220833797 bcsId: 0,size=400]} | ret=FAILURE
org.apache.hadoop.hdds.scm.container.common.helpers.ContainerNotOpenException: Container 3 in CLOSED state
	at org.apache.hadoop.ozone.container.common.impl.HddsDispatcher.validateContainerCommand(HddsDispatcher.java:484) ~[hadoop-hdds-container-service-1.1.0-SNAPSHOT.jar:?]
	at org.apache.hadoop.ozone.container.common.transport.server.ratis.ContainerStateMachine.startTransaction(ContainerStateMachine.java:319) ~[hadoop-hdds-container-service-1.1.0-SNAPSHOT.jar:?]
	at org.apache.ratis.server.impl.RaftServerImpl.submitClientRequestAsync(RaftServerImpl.java:684) ~[ratis-server-1.1.0-11689cd-SNAPSHOT.jar:1.1.0-11689cd-SNAPSHOT]
	at org.apache.ratis.server.impl.RaftServerProxy.lambda$submitClientRequestAsync$7(RaftServerProxy.java:341) ~[ratis-server-1.1.0-11689cd-SNAPSHOT.jar:1.1.0-11689cd-SNAPSHOT]
	at org.apache.ratis.server.impl.RaftServerProxy.lambda$null$5(RaftServerProxy.java:336) ~[ratis-server-1.1.0-11689cd-SNAPSHOT.jar:1.1.0-11689cd-SNAPSHOT]
	at org.apache.ratis.util.JavaUtils.callAsUnchecked(JavaUtils.java:109) ~[ratis-common-1.1.0-11689cd-SNAPSHOT.jar:1.1.0-11689cd-SNAPSHOT]
	at org.apache.ratis.server.impl.RaftServerProxy.lambda$submitRequest$6(RaftServerProxy.java:336) ~[ratis-server-1.1.0-11689cd-SNAPSHOT.jar:1.1.0-11689cd-SNAPSHOT]
	at java.util.concurrent.CompletableFuture.uniComposeStage(CompletableFuture.java:995) ~[?:1.8.0_232]
	at java.util.concurrent.CompletableFuture.thenCompose(CompletableFuture.java:2137) ~[?:1.8.0_232]
	at org.apache.ratis.server.impl.RaftServerProxy.submitRequest(RaftServerProxy.java:335) ~[ratis-server-1.1.0-11689cd-SNAPSHOT.jar:1.1.0-11689cd-SNAPSHOT]
	at org.apache.ratis.server.impl.RaftServerProxy.submitClientRequestAsync(RaftServerProxy.java:341) ~[ratis-server-1.1.0-11689cd-SNAPSHOT.jar:1.1.0-11689cd-SNAPSHOT]
	at org.apache.ratis.grpc.client.GrpcClientProtocolService$RequestStreamObserver.processClientRequest(GrpcClientProtocolService.java:228) ~[ratis-grpc-1.1.0-11689cd-SNAPSHOT.jar:1.1.0-11689cd-SNAPSHOT]
	at org.apache.ratis.grpc.client.GrpcClientProtocolService$OrderedRequestStreamObserver.processClientRequest(GrpcClientProtocolService.java:334) ~[ratis-grpc-1.1.0-11689cd-SNAPSHOT.jar:1.1.0-11689cd-SNAPSHOT]
	at org.apache.ratis.util.SlidingWindow$Server.processRequestsFromHead(SlidingWindow.java:429) [ratis-common-1.1.0-11689cd-SNAPSHOT.jar:1.1.0-11689cd-SNAPSHOT]
	at org.apache.ratis.util.SlidingWindow$Server.receivedRequest(SlidingWindow.java:421) [ratis-common-1.1.0-11689cd-SNAPSHOT.jar:1.1.0-11689cd-SNAPSHOT]
	at org.apache.ratis.grpc.client.GrpcClientProtocolService$OrderedRequestStreamObserver.processClientRequest(GrpcClientProtocolService.java:358) [ratis-grpc-1.1.0-11689cd-SNAPSHOT.jar:1.1.0-11689cd-SNAPSHOT]
	at org.apache.ratis.grpc.client.GrpcClientProtocolService$RequestStreamObserver.onNext(GrpcClientProtocolService.java:248) [ratis-grpc-1.1.0-11689cd-SNAPSHOT.jar:1.1.0-11689cd-SNAPSHOT]
	at org.apache.ratis.grpc.client.GrpcClientProtocolService$RequestStreamObserver.onNext(GrpcClientProtocolService.java:171) [ratis-grpc-1.1.0-11689cd-SNAPSHOT.jar:1.1.0-11689cd-SNAPSHOT]
	at org.apache.ratis.thirdparty.io.grpc.stub.ServerCalls$StreamingServerCallHandler$StreamingServerCallListener.onMessage(ServerCalls.java:251) [ratis-thirdparty-misc-0.6.0-SNAPSHOT.jar:0.6.0-SNAPSHOT]
	at org.apache.ratis.thirdparty.io.grpc.ForwardingServerCallListener.onMessage(ForwardingServerCallListener.java:33) [ratis-thirdparty-misc-0.6.0-SNAPSHOT.jar:0.6.0-SNAPSHOT]
	at org.apache.ratis.thirdparty.io.grpc.internal.ServerCallImpl$ServerStreamListenerImpl.messagesAvailableInternal(ServerCallImpl.java:309) [ratis-thirdparty-misc-0.6.0-SNAPSHOT.jar:0.6.0-SNAPSHOT]
	at org.apache.ratis.thirdparty.io.grpc.internal.ServerCallImpl$ServerStreamListenerImpl.messagesAvailable(ServerCallImpl.java:292) [ratis-thirdparty-misc-0.6.0-SNAPSHOT.jar:0.6.0-SNAPSHOT]
	at org.apache.ratis.thirdparty.io.grpc.internal.ServerImpl$JumpToApplicationThreadServerStreamListener$1MessagesAvailable.runInContext(ServerImpl.java:783) [ratis-thirdparty-misc-0.6.0-SNAPSHOT.jar:0.6.0-SNAPSHOT]
	at org.apache.ratis.thirdparty.io.grpc.internal.ContextRunnable.run(ContextRunnable.java:37) [ratis-thirdparty-misc-0.6.0-SNAPSHOT.jar:0.6.0-SNAPSHOT]
	at org.apache.ratis.thirdparty.io.grpc.internal.SerializingExecutor.run(SerializingExecutor.java:123) [ratis-thirdparty-misc-0.6.0-SNAPSHOT.jar:0.6.0-SNAPSHOT]
	at java.util.concurrent.ThreadPoolExecutor.runWorker(ThreadPoolExecutor.java:1149) [?:1.8.0_232]
	at java.util.concurrent.ThreadPoolExecutor$Worker.run(ThreadPoolExecutor.java:624) [?:1.8.0_232]
	at java.lang.Thread.run(Thread.java:748) [?:1.8.0_232]
2020-10-09 13:09:28,100 [grpc-default-executor-2] ERROR storage.BlockOutputStream (BlockOutputStream.java:lambda$writeChunkToContainer$3(678)) - writing chunk failed 105004988220833797_chunk_3 blockID conID: 3 locID: 105004988220833797 bcsId: 0 with exception org.apache.ratis.protocol.exceptions.StateMachineException: org.apache.hadoop.hdds.scm.container.common.helpers.ContainerNotOpenException from Server 806253e9-663f-42ca-9134-07a713f9f0ba@group-382996AC8CC6: Container 3 in CLOSED state
2020-10-09 13:09:28,102 [grpc-default-executor-2] ERROR storage.BlockOutputStream (BlockOutputStream.java:lambda$writeChunkToContainer$3(678)) - writing chunk failed 105004988220833797_chunk_4 blockID conID: 3 locID: 105004988220833797 bcsId: 0 with exception org.apache.ratis.protocol.exceptions.StateMachineException: org.apache.hadoop.hdds.scm.container.common.helpers.ContainerNotOpenException from Server 806253e9-663f-42ca-9134-07a713f9f0ba@group-382996AC8CC6: Container 3 in CLOSED state
2020-10-09 13:09:28,109 [Listener at 127.0.0.1/33443] INFO  io.BlockOutputStreamEntryPool (BlockOutputStreamEntryPool.java:allocateNewBlock(287)) - Allocating block with ExcludeList {datanodes = [], containerIds = [#1, #2, #3], pipelineIds = []}
2020-10-09 13:09:28,117 [Listener at 127.0.0.1/33443] INFO  metrics.RatisMetrics (RatisMetrics.java:lambda$create$0(36)) - Creating Metrics Registry : ratis.client_message_metrics.client-4A3BCE55130C->2496a6d5-eb4d-4d52-a464-3aecd426488f
2020-10-09 13:09:28,122 [grpc-default-executor-2] INFO  metrics.RatisMetrics (RatisMetrics.java:lambda$create$0(36)) - Creating Metrics Registry : ratis.server_message_metrics.2496a6d5-eb4d-4d52-a464-3aecd426488f
2020-10-09 13:09:28,186 [Listener at 127.0.0.1/33443] INFO  ozone.MiniOzoneClusterImpl (MiniOzoneClusterImpl.java:shutdown(387)) - Shutting down the Mini Ozone Cluster
2020-10-09 13:09:28,186 [Listener at 127.0.0.1/33443] INFO  ozone.MiniOzoneClusterImpl (MiniOzoneClusterImpl.java:stop(402)) - Stopping the Mini Ozone Cluster
2020-10-09 13:09:28,186 [Listener at 127.0.0.1/33443] INFO  ozone.MiniOzoneClusterImpl (MiniOzoneClusterImpl.java:stopOM(484)) - Stopping the OzoneManager
2020-10-09 13:09:28,186 [Listener at 127.0.0.1/33443] INFO  ipc.Server (Server.java:stop(3359)) - Stopping server on 33443
2020-10-09 13:09:28,190 [IPC Server listener on 0] INFO  ipc.Server (Server.java:run(1330)) - Stopping IPC Server listener on 0
2020-10-09 13:09:28,190 [IPC Server Responder] INFO  ipc.Server (Server.java:run(1465)) - Stopping IPC Server Responder
2020-10-09 13:09:28,190 [Listener at 127.0.0.1/33443] INFO  ratis.OzoneManagerDoubleBuffer (OzoneManagerDoubleBuffer.java:stop(458)) - Stopping OMDoubleBuffer flush thread
2020-10-09 13:09:28,190 [OMDoubleBufferFlushThread] INFO  ratis.OzoneManagerDoubleBuffer (OzoneManagerDoubleBuffer.java:flushTransactions(357)) - OMDoubleBuffer flush thread OMDoubleBufferFlushThread is interrupted and will exit. OMDoubleBufferFlushThread
2020-10-09 13:09:28,191 [Listener at 127.0.0.1/33443] INFO  utils.BackgroundService (BackgroundService.java:shutdown(132)) - Shutting down service KeyDeletingService
2020-10-09 13:09:28,192 [Listener at 127.0.0.1/33443] INFO  handler.ContextHandler (ContextHandler.java:doStop(1016)) - Stopped o.e.j.w.WebAppContext@6055fe6{ozoneManager,/,null,UNAVAILABLE}{file:/github/workspace/mnt/ozone/hadoop-ozone/integration-test/target/test-classes/webapps/ozoneManager}
2020-10-09 13:09:28,192 [Listener at 127.0.0.1/33443] INFO  server.AbstractConnector (AbstractConnector.java:doStop(380)) - Stopped ServerConnector@359454d1{HTTP/1.1,[http/1.1]}{0.0.0.0:0}
2020-10-09 13:09:28,192 [Listener at 127.0.0.1/33443] INFO  server.session (HouseKeeper.java:stopScavenging(158)) - node0 Stopped scavenging
2020-10-09 13:09:28,193 [Listener at 127.0.0.1/33443] INFO  handler.ContextHandler (ContextHandler.java:doStop(1016)) - Stopped o.e.j.s.ServletContextHandler@52cab5a8{static,/static,file:///github/workspace/mnt/ozone/hadoop-ozone/integration-test/target/test-classes/webapps/static,UNAVAILABLE}
2020-10-09 13:09:28,193 [Listener at 127.0.0.1/33443] INFO  handler.ContextHandler (ContextHandler.java:doStop(1016)) - Stopped o.e.j.s.ServletContextHandler@12dd1ccf{logs,/logs,file:///github/workspace/mnt/ozone/hadoop-ozone/integration-test/target/log,UNAVAILABLE}
2020-10-09 13:09:28,195 [Listener at 127.0.0.1/33443] INFO  ozone.MiniOzoneClusterImpl (MiniOzoneClusterImpl.java:stopDatanodes(461)) - Stopping the HddsDatanodes
2020-10-09 13:09:28,471 [Datanode State Machine Thread - 0] INFO  statemachine.DatanodeStateMachine (DatanodeStateMachine.java:lambda$startDaemon$0(405)) - Ozone container server started.
2020-10-09 13:09:28,950 [Datanode State Machine Thread - 0] INFO  statemachine.DatanodeStateMachine (DatanodeStateMachine.java:lambda$startDaemon$0(405)) - Ozone container server started.
2020-10-09 13:09:30,477 [Thread-641] INFO  impl.FollowerState (FollowerState.java:run(108)) - d6479ada-01f6-46a2-af6c-4c5e8a8a5896@group-31C907F937B7-FollowerState: change to CANDIDATE, lastRpcTime:5021ms, electionTimeout:5014ms
2020-10-09 13:09:30,477 [Thread-641] INFO  impl.RoleInfo (RoleInfo.java:shutdownFollowerState(121)) - d6479ada-01f6-46a2-af6c-4c5e8a8a5896: shutdown FollowerState
2020-10-09 13:09:30,477 [Thread-641] INFO  impl.RaftServerImpl (RaftServerImpl.java:setRole(198)) - d6479ada-01f6-46a2-af6c-4c5e8a8a5896@group-31C907F937B7: changes role from  FOLLOWER to CANDIDATE at term 1 for changeToCandidate
2020-10-09 13:09:30,477 [Thread-641] INFO  impl.RoleInfo (RoleInfo.java:updateAndGet(143)) - d6479ada-01f6-46a2-af6c-4c5e8a8a5896: start LeaderElection
2020-10-09 13:09:30,480 [d6479ada-01f6-46a2-af6c-4c5e8a8a5896@group-31C907F937B7-LeaderElection25] INFO  impl.LeaderElection (LeaderElection.java:askForVotes(210)) - d6479ada-01f6-46a2-af6c-4c5e8a8a5896@group-31C907F937B7-LeaderElection25: begin an election at term 2 for -1: [d6479ada-01f6-46a2-af6c-4c5e8a8a5896:172.17.0.2:38307:0, a81afdc5-1418-4294-8777-a85822e5b345:172.17.0.2:34583:0, fb832d46-014a-40af-bef4-7a4864cad3bb:172.17.0.2:34119:0], old=null
2020-10-09 13:09:30,485 [grpc-default-executor-3] INFO  impl.RaftServerImpl (RaftServerImpl.java:setRole(198)) - a81afdc5-1418-4294-8777-a85822e5b345@group-31C907F937B7: changes role from  FOLLOWER to FOLLOWER at term 2 for recognizeCandidate:d6479ada-01f6-46a2-af6c-4c5e8a8a5896
2020-10-09 13:09:30,485 [grpc-default-executor-3] INFO  impl.RoleInfo (RoleInfo.java:shutdownFollowerState(121)) - a81afdc5-1418-4294-8777-a85822e5b345: shutdown FollowerState
2020-10-09 13:09:30,486 [grpc-default-executor-3] INFO  impl.RoleInfo (RoleInfo.java:updateAndGet(143)) - a81afdc5-1418-4294-8777-a85822e5b345: start FollowerState
2020-10-09 13:09:30,486 [Thread-643] INFO  impl.FollowerState (FollowerState.java:run(117)) - a81afdc5-1418-4294-8777-a85822e5b345@group-31C907F937B7-FollowerState was interrupted: java.lang.InterruptedException: sleep interrupted
2020-10-09 13:09:30,487 [grpc-default-executor-3] INFO  impl.RaftServerImpl (RaftServerImpl.java:requestVote(923)) -  FOLLOWER a81afdc5-1418-4294-8777-a85822e5b345@group-31C907F937B7:t2, leader=null, voted=null, raftlog=a81afdc5-1418-4294-8777-a85822e5b345@group-31C907F937B7-SegmentedRaftLog:OPENED:c-1,f-1,i0, conf=-1: [d6479ada-01f6-46a2-af6c-4c5e8a8a5896:172.17.0.2:38307:0, a81afdc5-1418-4294-8777-a85822e5b345:172.17.0.2:34583:0, fb832d46-014a-40af-bef4-7a4864cad3bb:172.17.0.2:34119:0], old=null RUNNING priority:0 candidate:d6479ada-01f6-46a2-af6c-4c5e8a8a5896:172.17.0.2:38307:0 candidatePriority:0 compare:0
2020-10-09 13:09:30,496 [grpc-default-executor-2] INFO  impl.RaftServerImpl (RaftServerImpl.java:setRole(198)) - fb832d46-014a-40af-bef4-7a4864cad3bb@group-31C907F937B7: changes role from  FOLLOWER to FOLLOWER at term 2 for recognizeCandidate:d6479ada-01f6-46a2-af6c-4c5e8a8a5896
2020-10-09 13:09:30,496 [grpc-default-executor-2] INFO  impl.RoleInfo (RoleInfo.java:shutdownFollowerState(121)) - fb832d46-014a-40af-bef4-7a4864cad3bb: shutdown FollowerState
2020-10-09 13:09:30,496 [grpc-default-executor-2] INFO  impl.RoleInfo (RoleInfo.java:updateAndGet(143)) - fb832d46-014a-40af-bef4-7a4864cad3bb: start FollowerState
2020-10-09 13:09:30,496 [Thread-644] INFO  impl.FollowerState (FollowerState.java:run(117)) - fb832d46-014a-40af-bef4-7a4864cad3bb@group-31C907F937B7-FollowerState was interrupted: java.lang.InterruptedException: sleep interrupted
2020-10-09 13:09:30,497 [grpc-default-executor-2] INFO  impl.RaftServerImpl (RaftServerImpl.java:requestVote(923)) -  FOLLOWER fb832d46-014a-40af-bef4-7a4864cad3bb@group-31C907F937B7:t2, leader=null, voted=null, raftlog=fb832d46-014a-40af-bef4-7a4864cad3bb@group-31C907F937B7-SegmentedRaftLog:OPENED:c-1,f-1,i0, conf=-1: [d6479ada-01f6-46a2-af6c-4c5e8a8a5896:172.17.0.2:38307:0, a81afdc5-1418-4294-8777-a85822e5b345:172.17.0.2:34583:0, fb832d46-014a-40af-bef4-7a4864cad3bb:172.17.0.2:34119:0], old=null RUNNING priority:0 candidate:d6479ada-01f6-46a2-af6c-4c5e8a8a5896:172.17.0.2:38307:0 candidatePriority:0 compare:0
2020-10-09 13:09:30,503 [d6479ada-01f6-46a2-af6c-4c5e8a8a5896@group-31C907F937B7-LeaderElection25] INFO  impl.LeaderElection (LeaderElection.java:logAndReturn(62)) - d6479ada-01f6-46a2-af6c-4c5e8a8a5896@group-31C907F937B7-LeaderElection25: Election PASSED; received 1 response(s) [d6479ada-01f6-46a2-af6c-4c5e8a8a5896<-a81afdc5-1418-4294-8777-a85822e5b345#0:OK-t2] and 0 exception(s); d6479ada-01f6-46a2-af6c-4c5e8a8a5896@group-31C907F937B7:t2, leader=null, voted=d6479ada-01f6-46a2-af6c-4c5e8a8a5896, raftlog=d6479ada-01f6-46a2-af6c-4c5e8a8a5896@group-31C907F937B7-SegmentedRaftLog:OPENED:c-1,f-1,i0, conf=-1: [d6479ada-01f6-46a2-af6c-4c5e8a8a5896:172.17.0.2:38307:0, a81afdc5-1418-4294-8777-a85822e5b345:172.17.0.2:34583:0, fb832d46-014a-40af-bef4-7a4864cad3bb:172.17.0.2:34119:0], old=null
2020-10-09 13:09:30,503 [d6479ada-01f6-46a2-af6c-4c5e8a8a5896@group-31C907F937B7-LeaderElection25] INFO  impl.RoleInfo (RoleInfo.java:shutdownLeaderElection(134)) - d6479ada-01f6-46a2-af6c-4c5e8a8a5896: shutdown LeaderElection
2020-10-09 13:09:30,503 [d6479ada-01f6-46a2-af6c-4c5e8a8a5896@group-31C907F937B7-LeaderElection25] INFO  impl.RaftServerImpl (RaftServerImpl.java:setRole(198)) - d6479ada-01f6-46a2-af6c-4c5e8a8a5896@group-31C907F937B7: changes role from CANDIDATE to LEADER at term 2 for changeToLeader
2020-10-09 13:09:30,503 [d6479ada-01f6-46a2-af6c-4c5e8a8a5896@group-31C907F937B7-LeaderElection25] INFO  ratis.XceiverServerRatis (XceiverServerRatis.java:handleLeaderChangedNotification(822)) - Leader change notification received for group: group-31C907F937B7 with new leaderId: d6479ada-01f6-46a2-af6c-4c5e8a8a5896
2020-10-09 13:09:30,503 [d6479ada-01f6-46a2-af6c-4c5e8a8a5896@group-31C907F937B7-LeaderElection25] INFO  impl.RaftServerImpl (ServerState.java:setLeader(256)) - d6479ada-01f6-46a2-af6c-4c5e8a8a5896@group-31C907F937B7: change Leader from null to d6479ada-01f6-46a2-af6c-4c5e8a8a5896 at term 2 for becomeLeader, leader elected after 10228ms
2020-10-09 13:09:30,503 [d6479ada-01f6-46a2-af6c-4c5e8a8a5896@group-31C907F937B7-LeaderElection25] INFO  server.RaftServerConfigKeys (ConfUtils.java:logGet(44)) - raft.server.staging.catchup.gap = 1000 (default)
2020-10-09 13:09:30,503 [d6479ada-01f6-46a2-af6c-4c5e8a8a5896@group-31C907F937B7-LeaderElection25] INFO  server.RaftServerConfigKeys (ConfUtils.java:logGet(44)) - raft.server.rpc.sleep.time = 25ms (default)
2020-10-09 13:09:30,504 [d6479ada-01f6-46a2-af6c-4c5e8a8a5896@group-31C907F937B7-LeaderElection25] INFO  metrics.RatisMetrics (RatisMetrics.java:lambda$create$0(36)) - Creating Metrics Registry : ratis.log_appender.d6479ada-01f6-46a2-af6c-4c5e8a8a5896@group-31C907F937B7
2020-10-09 13:09:30,504 [d6479ada-01f6-46a2-af6c-4c5e8a8a5896@group-31C907F937B7-LeaderElection25] INFO  server.RaftServerConfigKeys (ConfUtils.java:logGet(44)) - raft.server.write.element-limit = 1024 (custom)
2020-10-09 13:09:30,504 [d6479ada-01f6-46a2-af6c-4c5e8a8a5896@group-31C907F937B7-LeaderElection25] INFO  server.RaftServerConfigKeys (ConfUtils.java:logGet(44)) - raft.server.write.byte-limit = 1073741824 (custom)
2020-10-09 13:09:30,505 [EventQueue-PipelineReportForPipelineReportHandler] INFO  pipeline.PipelineStateManager (PipelineStateManager.java:openPipeline(131)) - Pipeline Pipeline[ Id: 9d4a6958-0a4a-4646-bfed-31c907f937b7, Nodes: d6479ada-01f6-46a2-af6c-4c5e8a8a5896{ip: 172.17.0.2, host: 01daa2e02541, networkLocation: /default-rack, certSerialId: null}a81afdc5-1418-4294-8777-a85822e5b345{ip: 172.17.0.2, host: 01daa2e02541, networkLocation: /default-rack, certSerialId: null}fb832d46-014a-40af-bef4-7a4864cad3bb{ip: 172.17.0.2, host: 01daa2e02541, networkLocation: /default-rack, certSerialId: null}, Type:RATIS, Factor:THREE, State:ALLOCATED, leaderId:d6479ada-01f6-46a2-af6c-4c5e8a8a5896, CreationTimestamp2020-10-09T13:09:17.562Z] moved to OPEN state
2020-10-09 13:09:30,505 [d6479ada-01f6-46a2-af6c-4c5e8a8a5896@group-31C907F937B7-LeaderElection25] INFO  server.RaftServerConfigKeys (ConfUtils.java:logGet(44)) - raft.server.watch.timeout = 180s (custom)
2020-10-09 13:09:30,507 [d6479ada-01f6-46a2-af6c-4c5e8a8a5896@group-31C907F937B7-LeaderElection25] INFO  server.RaftServerConfigKeys (ConfUtils.java:logGet(44)) - raft.server.watch.timeout.denomination = 1s (default)
2020-10-09 13:09:30,507 [d6479ada-01f6-46a2-af6c-4c5e8a8a5896@group-31C907F937B7-LeaderElection25] INFO  server.RaftServerConfigKeys (ConfUtils.java:logGet(44)) - raft.server.watch.element-limit = 65536 (default)
2020-10-09 13:09:30,507 [d6479ada-01f6-46a2-af6c-4c5e8a8a5896@group-31C907F937B7-LeaderElection25] INFO  server.RaftServerConfigKeys (ConfUtils.java:logGet(44)) - raft.server.log.appender.snapshot.chunk.size.max = 16MB (=16777216) (default)
2020-10-09 13:09:30,508 [d6479ada-01f6-46a2-af6c-4c5e8a8a5896@group-31C907F937B7-LeaderElection25] INFO  server.RaftServerConfigKeys (ConfUtils.java:logGet(44)) - raft.server.log.appender.buffer.byte-limit = 33554432 (custom)
2020-10-09 13:09:30,508 [d6479ada-01f6-46a2-af6c-4c5e8a8a5896@group-31C907F937B7-LeaderElection25] INFO  server.RaftServerConfigKeys (ConfUtils.java:logGet(44)) - raft.server.log.appender.buffer.element-limit = 1 (custom)
2020-10-09 13:09:30,508 [d6479ada-01f6-46a2-af6c-4c5e8a8a5896@group-31C907F937B7-LeaderElection25] INFO  grpc.GrpcConfigKeys (ConfUtils.java:logGet(44)) - raft.grpc.server.leader.outstanding.appends.max = 128 (default)
2020-10-09 13:09:30,508 [d6479ada-01f6-46a2-af6c-4c5e8a8a5896@group-31C907F937B7-LeaderElection25] INFO  server.RaftServerConfigKeys (ConfUtils.java:logGet(44)) - raft.server.rpc.request.timeout = 60s (custom)
2020-10-09 13:09:30,508 [d6479ada-01f6-46a2-af6c-4c5e8a8a5896@group-31C907F937B7-LeaderElection25] INFO  server.RaftServerConfigKeys (ConfUtils.java:logGet(44)) - raft.server.log.appender.install.snapshot.enabled = false (custom)
2020-10-09 13:09:30,508 [d6479ada-01f6-46a2-af6c-4c5e8a8a5896@group-31C907F937B7-LeaderElection25] INFO  metrics.RatisMetrics (RatisMetrics.java:lambda$create$0(36)) - Creating Metrics Registry : ratis_grpc.log_appender.d6479ada-01f6-46a2-af6c-4c5e8a8a5896@group-31C907F937B7
2020-10-09 13:09:30,509 [d6479ada-01f6-46a2-af6c-4c5e8a8a5896@group-31C907F937B7-LeaderElection25] INFO  server.RaftServerConfigKeys (ConfUtils.java:logGet(44)) - raft.server.log.appender.snapshot.chunk.size.max = 16MB (=16777216) (default)
2020-10-09 13:09:30,509 [d6479ada-01f6-46a2-af6c-4c5e8a8a5896@group-31C907F937B7-LeaderElection25] INFO  server.RaftServerConfigKeys (ConfUtils.java:logGet(44)) - raft.server.log.appender.buffer.byte-limit = 33554432 (custom)
2020-10-09 13:09:30,509 [d6479ada-01f6-46a2-af6c-4c5e8a8a5896@group-31C907F937B7-LeaderElection25] INFO  server.RaftServerConfigKeys (ConfUtils.java:logGet(44)) - raft.server.log.appender.buffer.element-limit = 1 (custom)
2020-10-09 13:09:30,509 [d6479ada-01f6-46a2-af6c-4c5e8a8a5896@group-31C907F937B7-LeaderElection25] INFO  grpc.GrpcConfigKeys (ConfUtils.java:logGet(44)) - raft.grpc.server.leader.outstanding.appends.max = 128 (default)
2020-10-09 13:09:30,510 [d6479ada-01f6-46a2-af6c-4c5e8a8a5896@group-31C907F937B7-LeaderElection25] INFO  server.RaftServerConfigKeys (ConfUtils.java:logGet(44)) - raft.server.rpc.request.timeout = 60s (custom)
2020-10-09 13:09:30,510 [d6479ada-01f6-46a2-af6c-4c5e8a8a5896@group-31C907F937B7-LeaderElection25] INFO  server.RaftServerConfigKeys (ConfUtils.java:logGet(44)) - raft.server.log.appender.install.snapshot.enabled = false (custom)
2020-10-09 13:09:30,510 [d6479ada-01f6-46a2-af6c-4c5e8a8a5896@group-31C907F937B7-LeaderElection25] INFO  impl.RoleInfo (RoleInfo.java:updateAndGet(143)) - d6479ada-01f6-46a2-af6c-4c5e8a8a5896: start LeaderState
2020-10-09 13:09:30,511 [d6479ada-01f6-46a2-af6c-4c5e8a8a5896@group-31C907F937B7-LeaderElection25] INFO  segmented.SegmentedRaftLogWorker (SegmentedRaftLogWorker.java:startLogSegment(397)) - d6479ada-01f6-46a2-af6c-4c5e8a8a5896@group-31C907F937B7-SegmentedRaftLogWorker: Starting segment from index:0
2020-10-09 13:09:30,512 [d6479ada-01f6-46a2-af6c-4c5e8a8a5896@group-31C907F937B7-SegmentedRaftLogWorker] INFO  segmented.SegmentedRaftLogWorker (SegmentedRaftLogWorker.java:execute(596)) - d6479ada-01f6-46a2-af6c-4c5e8a8a5896@group-31C907F937B7-SegmentedRaftLogWorker: created new log segment /github/workspace/mnt/ozone/hadoop-ozone/integration-test/target/test-dir/MiniOzoneClusterImpl-3c6d3de1-1da1-4a65-89f4-2560fa2fb7b3/datanode-5/data/ratis/9d4a6958-0a4a-4646-bfed-31c907f937b7/current/log_inprogress_0
2020-10-09 13:09:30,513 [d6479ada-01f6-46a2-af6c-4c5e8a8a5896@group-31C907F937B7-LeaderElection25] INFO  impl.RaftServerImpl (ServerState.java:setRaftConf(374)) - d6479ada-01f6-46a2-af6c-4c5e8a8a5896@group-31C907F937B7: set configuration 0: [d6479ada-01f6-46a2-af6c-4c5e8a8a5896:172.17.0.2:38307:0, a81afdc5-1418-4294-8777-a85822e5b345:172.17.0.2:34583:0, fb832d46-014a-40af-bef4-7a4864cad3bb:172.17.0.2:34119:0], old=null at 0
2020-10-09 13:09:30,520 [grpc-default-executor-2] INFO  ratis.XceiverServerRatis (XceiverServerRatis.java:handleLeaderChangedNotification(822)) - Leader change notification received for group: group-31C907F937B7 with new leaderId: d6479ada-01f6-46a2-af6c-4c5e8a8a5896
2020-10-09 13:09:30,520 [grpc-default-executor-2] INFO  impl.RaftServerImpl (ServerState.java:setLeader(256)) - a81afdc5-1418-4294-8777-a85822e5b345@group-31C907F937B7: change Leader from null to d6479ada-01f6-46a2-af6c-4c5e8a8a5896 at term 2 for appendEntries, leader elected after 10278ms
2020-10-09 13:09:30,522 [grpc-default-executor-2] INFO  impl.RaftServerImpl (ServerState.java:setRaftConf(374)) - a81afdc5-1418-4294-8777-a85822e5b345@group-31C907F937B7: set configuration 0: [d6479ada-01f6-46a2-af6c-4c5e8a8a5896:172.17.0.2:38307:0, a81afdc5-1418-4294-8777-a85822e5b345:172.17.0.2:34583:0, fb832d46-014a-40af-bef4-7a4864cad3bb:172.17.0.2:34119:0], old=null at 0
2020-10-09 13:09:30,522 [grpc-default-executor-2] INFO  segmented.SegmentedRaftLogWorker (SegmentedRaftLogWorker.java:startLogSegment(397)) - a81afdc5-1418-4294-8777-a85822e5b345@group-31C907F937B7-SegmentedRaftLogWorker: Starting segment from index:0
2020-10-09 13:09:30,524 [a81afdc5-1418-4294-8777-a85822e5b345@group-31C907F937B7-SegmentedRaftLogWorker] INFO  segmented.SegmentedRaftLogWorker (SegmentedRaftLogWorker.java:execute(596)) - a81afdc5-1418-4294-8777-a85822e5b345@group-31C907F937B7-SegmentedRaftLogWorker: created new log segment /github/workspace/mnt/ozone/hadoop-ozone/integration-test/target/test-dir/MiniOzoneClusterImpl-3c6d3de1-1da1-4a65-89f4-2560fa2fb7b3/datanode-3/data/ratis/9d4a6958-0a4a-4646-bfed-31c907f937b7/current/log_inprogress_0
2020-10-09 13:09:30,532 [grpc-default-executor-1] INFO  ratis.XceiverServerRatis (XceiverServerRatis.java:handleLeaderChangedNotification(822)) - Leader change notification received for group: group-31C907F937B7 with new leaderId: d6479ada-01f6-46a2-af6c-4c5e8a8a5896
2020-10-09 13:09:30,532 [grpc-default-executor-1] INFO  impl.RaftServerImpl (ServerState.java:setLeader(256)) - fb832d46-014a-40af-bef4-7a4864cad3bb@group-31C907F937B7: change Leader from null to d6479ada-01f6-46a2-af6c-4c5e8a8a5896 at term 2 for appendEntries, leader elected after 10220ms
2020-10-09 13:09:30,536 [grpc-default-executor-1] INFO  impl.RaftServerImpl (ServerState.java:setRaftConf(374)) - fb832d46-014a-40af-bef4-7a4864cad3bb@group-31C907F937B7: set configuration 0: [d6479ada-01f6-46a2-af6c-4c5e8a8a5896:172.17.0.2:38307:0, a81afdc5-1418-4294-8777-a85822e5b345:172.17.0.2:34583:0, fb832d46-014a-40af-bef4-7a4864cad3bb:172.17.0.2:34119:0], old=null at 0
2020-10-09 13:09:30,537 [grpc-default-executor-1] INFO  segmented.SegmentedRaftLogWorker (SegmentedRaftLogWorker.java:startLogSegment(397)) - fb832d46-014a-40af-bef4-7a4864cad3bb@group-31C907F937B7-SegmentedRaftLogWorker: Starting segment from index:0
2020-10-09 13:09:30,542 [fb832d46-014a-40af-bef4-7a4864cad3bb@group-31C907F937B7-SegmentedRaftLogWorker] INFO  segmented.SegmentedRaftLogWorker (SegmentedRaftLogWorker.java:execute(596)) - fb832d46-014a-40af-bef4-7a4864cad3bb@group-31C907F937B7-SegmentedRaftLogWorker: created new log segment /github/workspace/mnt/ozone/hadoop-ozone/integration-test/target/test-dir/MiniOzoneClusterImpl-3c6d3de1-1da1-4a65-89f4-2560fa2fb7b3/datanode-4/data/ratis/9d4a6958-0a4a-4646-bfed-31c907f937b7/current/log_inprogress_0
2020-10-09 13:09:33,196 [Listener at 127.0.0.1/33443] INFO  ozoneimpl.OzoneContainer (OzoneContainer.java:stop(259)) - Attempting to stop container services.
2020-10-09 13:09:33,196 [ForkJoinPool.commonPool-worker-0] INFO  ozoneimpl.OzoneContainer (OzoneContainer.java:stop(259)) - Attempting to stop container services.
2020-10-09 13:09:33,197 [Listener at 127.0.0.1/33443] INFO  impl.RaftServerProxy (RaftServerProxy.java:lambda$close$4(322)) - fb832d46-014a-40af-bef4-7a4864cad3bb: close
2020-10-09 13:09:33,197 [ForkJoinPool.commonPool-worker-0] INFO  impl.RaftServerProxy (RaftServerProxy.java:lambda$close$4(322)) - c898e38e-09ec-443f-8bfc-2e0e927f6f14: close
2020-10-09 13:09:33,197 [Listener at 127.0.0.1/33443] INFO  impl.RaftServerImpl (RaftServerImpl.java:lambda$shutdown$3(321)) - fb832d46-014a-40af-bef4-7a4864cad3bb@group-31C907F937B7: shutdown
2020-10-09 13:09:33,197 [Listener at 127.0.0.1/33443] INFO  util.JmxRegister (JmxRegister.java:unregister(73)) - Successfully un-registered JMX Bean with object name Ratis:service=RaftServer,group=group-31C907F937B7,id=fb832d46-014a-40af-bef4-7a4864cad3bb
2020-10-09 13:09:33,198 [Listener at 127.0.0.1/33443] INFO  impl.RoleInfo (RoleInfo.java:shutdownFollowerState(121)) - fb832d46-014a-40af-bef4-7a4864cad3bb: shutdown FollowerState
2020-10-09 13:09:33,198 [Listener at 127.0.0.1/33443] INFO  impl.StateMachineUpdater (StateMachineUpdater.java:stopAndJoin(142)) - fb832d46-014a-40af-bef4-7a4864cad3bb@group-31C907F937B7-StateMachineUpdater: set stopIndex = 0
2020-10-09 13:09:33,198 [Thread-706] INFO  impl.FollowerState (FollowerState.java:run(117)) - fb832d46-014a-40af-bef4-7a4864cad3bb@group-31C907F937B7-FollowerState was interrupted: java.lang.InterruptedException: sleep interrupted
2020-10-09 13:09:33,197 [ForkJoinPool.commonPool-worker-0] INFO  impl.RaftServerImpl (RaftServerImpl.java:lambda$shutdown$3(321)) - c898e38e-09ec-443f-8bfc-2e0e927f6f14@group-16D47AC4E272: shutdown
2020-10-09 13:09:33,199 [ForkJoinPool.commonPool-worker-0] INFO  util.JmxRegister (JmxRegister.java:unregister(73)) - Successfully un-registered JMX Bean with object name Ratis:service=RaftServer,group=group-16D47AC4E272,id=c898e38e-09ec-443f-8bfc-2e0e927f6f14
2020-10-09 13:09:33,199 [ForkJoinPool.commonPool-worker-0] INFO  impl.RoleInfo (RoleInfo.java:shutdownLeaderState(104)) - c898e38e-09ec-443f-8bfc-2e0e927f6f14: shutdown LeaderState
2020-10-09 13:09:33,199 [fb832d46-014a-40af-bef4-7a4864cad3bb@group-31C907F937B7-StateMachineUpdater] INFO  ratis.ContainerStateMachine (ContainerStateMachine.java:takeSnapshot(293)) - group-31C907F937B7: Taking a snapshot at:(t:2, i:0) file /github/workspace/mnt/ozone/hadoop-ozone/integration-test/target/test-dir/MiniOzoneClusterImpl-3c6d3de1-1da1-4a65-89f4-2560fa2fb7b3/datanode-4/data/ratis/9d4a6958-0a4a-4646-bfed-31c907f937b7/sm/snapshot.2_0
2020-10-09 13:09:33,200 [ForkJoinPool.commonPool-worker-0] INFO  impl.PendingRequests (PendingRequests.java:sendNotLeaderResponses(249)) - c898e38e-09ec-443f-8bfc-2e0e927f6f14@group-16D47AC4E272-PendingRequests: sendNotLeaderResponses
2020-10-09 13:09:33,200 [ForkJoinPool.commonPool-worker-0] INFO  metrics.RatisMetrics (RatisMetrics.java:unregister(43)) - Unregistering Metrics Registry : ratis.log_appender.c898e38e-09ec-443f-8bfc-2e0e927f6f14@group-16D47AC4E272
2020-10-09 13:09:33,200 [ForkJoinPool.commonPool-worker-0] INFO  metrics.RatisMetrics (RatisMetrics.java:unregister(43)) - Unregistering Metrics Registry : ratis.server.c898e38e-09ec-443f-8bfc-2e0e927f6f14@group-16D47AC4E272
2020-10-09 13:09:33,200 [fb832d46-014a-40af-bef4-7a4864cad3bb@group-31C907F937B7-StateMachineUpdater] INFO  ratis.ContainerStateMachine (ContainerStateMachine.java:takeSnapshot(304)) - group-31C907F937B7: Finished taking a snapshot at:(t:2, i:0) file:/github/workspace/mnt/ozone/hadoop-ozone/integration-test/target/test-dir/MiniOzoneClusterImpl-3c6d3de1-1da1-4a65-89f4-2560fa2fb7b3/datanode-4/data/ratis/9d4a6958-0a4a-4646-bfed-31c907f937b7/sm/snapshot.2_0 time:2
2020-10-09 13:09:33,201 [fb832d46-014a-40af-bef4-7a4864cad3bb@group-31C907F937B7-StateMachineUpdater] INFO  impl.StateMachineUpdater (StateMachineUpdater.java:takeSnapshot(277)) - fb832d46-014a-40af-bef4-7a4864cad3bb@group-31C907F937B7-StateMachineUpdater: Took a snapshot at index 0
2020-10-09 13:09:33,201 [fb832d46-014a-40af-bef4-7a4864cad3bb@group-31C907F937B7-StateMachineUpdater] INFO  impl.StateMachineUpdater (StateMachineUpdater.java:lambda$new$0(87)) - fb832d46-014a-40af-bef4-7a4864cad3bb@group-31C907F937B7-StateMachineUpdater: snapshotIndex: updateIncreasingly -1 -> 0
2020-10-09 13:09:33,201 [ForkJoinPool.commonPool-worker-0] INFO  impl.StateMachineUpdater (StateMachineUpdater.java:stopAndJoin(142)) - c898e38e-09ec-443f-8bfc-2e0e927f6f14@group-16D47AC4E272-StateMachineUpdater: set stopIndex = 0
2020-10-09 13:09:33,201 [c898e38e-09ec-443f-8bfc-2e0e927f6f14@group-16D47AC4E272-StateMachineUpdater] INFO  ratis.ContainerStateMachine (ContainerStateMachine.java:takeSnapshot(293)) - group-16D47AC4E272: Taking a snapshot at:(t:1, i:0) file /github/workspace/mnt/ozone/hadoop-ozone/integration-test/target/test-dir/MiniOzoneClusterImpl-3c6d3de1-1da1-4a65-89f4-2560fa2fb7b3/datanode-1/data/ratis/dadab27e-89ab-428e-8bf6-16d47ac4e272/sm/snapshot.1_0
2020-10-09 13:09:33,201 [fb832d46-014a-40af-bef4-7a4864cad3bb@group-31C907F937B7-StateMachineUpdater] INFO  metrics.RatisMetrics (RatisMetrics.java:unregister(43)) - Unregistering Metrics Registry : ratis.state_machine.fb832d46-014a-40af-bef4-7a4864cad3bb@group-31C907F937B7
2020-10-09 13:09:33,202 [c898e38e-09ec-443f-8bfc-2e0e927f6f14@group-16D47AC4E272-StateMachineUpdater] INFO  ratis.ContainerStateMachine (ContainerStateMachine.java:takeSnapshot(304)) - group-16D47AC4E272: Finished taking a snapshot at:(t:1, i:0) file:/github/workspace/mnt/ozone/hadoop-ozone/integration-test/target/test-dir/MiniOzoneClusterImpl-3c6d3de1-1da1-4a65-89f4-2560fa2fb7b3/datanode-1/data/ratis/dadab27e-89ab-428e-8bf6-16d47ac4e272/sm/snapshot.1_0 time:1
2020-10-09 13:09:33,202 [c898e38e-09ec-443f-8bfc-2e0e927f6f14@group-16D47AC4E272-StateMachineUpdater] INFO  impl.StateMachineUpdater (StateMachineUpdater.java:takeSnapshot(277)) - c898e38e-09ec-443f-8bfc-2e0e927f6f14@group-16D47AC4E272-StateMachineUpdater: Took a snapshot at index 0
2020-10-09 13:09:33,202 [c898e38e-09ec-443f-8bfc-2e0e927f6f14@group-16D47AC4E272-StateMachineUpdater] INFO  impl.StateMachineUpdater (StateMachineUpdater.java:lambda$new$0(87)) - c898e38e-09ec-443f-8bfc-2e0e927f6f14@group-16D47AC4E272-StateMachineUpdater: snapshotIndex: updateIncreasingly -1 -> 0
2020-10-09 13:09:33,202 [c898e38e-09ec-443f-8bfc-2e0e927f6f14@group-16D47AC4E272-StateMachineUpdater] INFO  metrics.RatisMetrics (RatisMetrics.java:unregister(43)) - Unregistering Metrics Registry : ratis.state_machine.c898e38e-09ec-443f-8bfc-2e0e927f6f14@group-16D47AC4E272
2020-10-09 13:09:33,203 [ForkJoinPool.commonPool-worker-0] INFO  impl.RaftServerImpl (ServerState.java:close(405)) - c898e38e-09ec-443f-8bfc-2e0e927f6f14@group-16D47AC4E272: closes. applyIndex: 0
2020-10-09 13:09:33,203 [c898e38e-09ec-443f-8bfc-2e0e927f6f14@group-16D47AC4E272-SegmentedRaftLogWorker] INFO  segmented.SegmentedRaftLogWorker (SegmentedRaftLogWorker.java:run(327)) - c898e38e-09ec-443f-8bfc-2e0e927f6f14@group-16D47AC4E272-SegmentedRaftLogWorker was interrupted, exiting. There are 0 tasks remaining in the queue.
2020-10-09 13:09:33,204 [Listener at 127.0.0.1/33443] INFO  impl.RaftServerImpl (ServerState.java:close(405)) - fb832d46-014a-40af-bef4-7a4864cad3bb@group-31C907F937B7: closes. applyIndex: 0
2020-10-09 13:09:33,204 [fb832d46-014a-40af-bef4-7a4864cad3bb@group-31C907F937B7-SegmentedRaftLogWorker] INFO  segmented.SegmentedRaftLogWorker (SegmentedRaftLogWorker.java:run(327)) - fb832d46-014a-40af-bef4-7a4864cad3bb@group-31C907F937B7-SegmentedRaftLogWorker was interrupted, exiting. There are 0 tasks remaining in the queue.
2020-10-09 13:09:33,204 [ForkJoinPool.commonPool-worker-0] INFO  segmented.SegmentedRaftLogWorker (SegmentedRaftLogWorker.java:close(234)) - c898e38e-09ec-443f-8bfc-2e0e927f6f14@group-16D47AC4E272-SegmentedRaftLogWorker close()
2020-10-09 13:09:33,205 [Listener at 127.0.0.1/33443] INFO  segmented.SegmentedRaftLogWorker (SegmentedRaftLogWorker.java:close(234)) - fb832d46-014a-40af-bef4-7a4864cad3bb@group-31C907F937B7-SegmentedRaftLogWorker close()
2020-10-09 13:09:33,207 [Listener at 127.0.0.1/33443] INFO  metrics.RatisMetrics (RatisMetrics.java:unregister(43)) - Unregistering Metrics Registry : ratis.log_worker.fb832d46-014a-40af-bef4-7a4864cad3bb@group-31C907F937B7
2020-10-09 13:09:33,207 [Listener at 127.0.0.1/33443] INFO  metrics.RatisMetrics (RatisMetrics.java:unregister(43)) - Unregistering Metrics Registry : ratis.leader_election.fb832d46-014a-40af-bef4-7a4864cad3bb@group-31C907F937B7
2020-10-09 13:09:33,207 [Listener at 127.0.0.1/33443] INFO  metrics.RatisMetrics (RatisMetrics.java:unregister(43)) - Unregistering Metrics Registry : ratis.server.fb832d46-014a-40af-bef4-7a4864cad3bb@group-31C907F937B7
2020-10-09 13:09:33,207 [Listener at 127.0.0.1/33443] INFO  impl.RaftServerImpl (RaftServerImpl.java:lambda$shutdown$3(321)) - fb832d46-014a-40af-bef4-7a4864cad3bb@group-645C64F3DEB7: shutdown
2020-10-09 13:09:33,208 [Listener at 127.0.0.1/33443] INFO  util.JmxRegister (JmxRegister.java:unregister(73)) - Successfully un-registered JMX Bean with object name Ratis:service=RaftServer,group=group-645C64F3DEB7,id=fb832d46-014a-40af-bef4-7a4864cad3bb
2020-10-09 13:09:33,208 [Listener at 127.0.0.1/33443] INFO  impl.RoleInfo (RoleInfo.java:shutdownLeaderState(104)) - fb832d46-014a-40af-bef4-7a4864cad3bb: shutdown LeaderState
2020-10-09 13:09:33,208 [Listener at 127.0.0.1/33443] INFO  impl.PendingRequests (PendingRequests.java:sendNotLeaderResponses(249)) - fb832d46-014a-40af-bef4-7a4864cad3bb@group-645C64F3DEB7-PendingRequests: sendNotLeaderResponses
2020-10-09 13:09:33,208 [Listener at 127.0.0.1/33443] INFO  metrics.RatisMetrics (RatisMetrics.java:unregister(43)) - Unregistering Metrics Registry : ratis.log_appender.fb832d46-014a-40af-bef4-7a4864cad3bb@group-645C64F3DEB7
2020-10-09 13:09:33,208 [ForkJoinPool.commonPool-worker-0] INFO  metrics.RatisMetrics (RatisMetrics.java:unregister(43)) - Unregistering Metrics Registry : ratis.log_worker.c898e38e-09ec-443f-8bfc-2e0e927f6f14@group-16D47AC4E272
2020-10-09 13:09:33,209 [ForkJoinPool.commonPool-worker-0] INFO  metrics.RatisMetrics (RatisMetrics.java:unregister(43)) - Unregistering Metrics Registry : ratis.leader_election.c898e38e-09ec-443f-8bfc-2e0e927f6f14@group-16D47AC4E272
2020-10-09 13:09:33,209 [ForkJoinPool.commonPool-worker-0] INFO  metrics.RatisMetrics (RatisMetrics.java:unregister(43)) - Unregistering Metrics Registry : ratis.server.c898e38e-09ec-443f-8bfc-2e0e927f6f14@group-16D47AC4E272
2020-10-09 13:09:33,209 [ForkJoinPool.commonPool-worker-0] INFO  impl.RaftServerImpl (RaftServerImpl.java:lambda$shutdown$3(321)) - c898e38e-09ec-443f-8bfc-2e0e927f6f14@group-E53D4A471D87: shutdown
2020-10-09 13:09:33,209 [ForkJoinPool.commonPool-worker-0] INFO  util.JmxRegister (JmxRegister.java:unregister(73)) - Successfully un-registered JMX Bean with object name Ratis:service=RaftServer,group=group-E53D4A471D87,id=c898e38e-09ec-443f-8bfc-2e0e927f6f14
2020-10-09 13:09:33,209 [ForkJoinPool.commonPool-worker-0] INFO  impl.RoleInfo (RoleInfo.java:shutdownLeaderState(104)) - c898e38e-09ec-443f-8bfc-2e0e927f6f14: shutdown LeaderState
2020-10-09 13:09:33,209 [ForkJoinPool.commonPool-worker-0] INFO  metrics.RatisMetrics (RatisMetrics.java:unregister(43)) - Unregistering Metrics Registry : ratis_grpc.log_appender.c898e38e-09ec-443f-8bfc-2e0e927f6f14@group-E53D4A471D87
2020-10-09 13:09:33,208 [Listener at 127.0.0.1/33443] INFO  metrics.RatisMetrics (RatisMetrics.java:unregister(43)) - Unregistering Metrics Registry : ratis.server.fb832d46-014a-40af-bef4-7a4864cad3bb@group-645C64F3DEB7
2020-10-09 13:09:33,210 [Listener at 127.0.0.1/33443] INFO  impl.StateMachineUpdater (StateMachineUpdater.java:stopAndJoin(142)) - fb832d46-014a-40af-bef4-7a4864cad3bb@group-645C64F3DEB7-StateMachineUpdater: set stopIndex = 0
2020-10-09 13:09:33,210 [fb832d46-014a-40af-bef4-7a4864cad3bb@group-645C64F3DEB7-StateMachineUpdater] INFO  ratis.ContainerStateMachine (ContainerStateMachine.java:takeSnapshot(293)) - group-645C64F3DEB7: Taking a snapshot at:(t:1, i:0) file /github/workspace/mnt/ozone/hadoop-ozone/integration-test/target/test-dir/MiniOzoneClusterImpl-3c6d3de1-1da1-4a65-89f4-2560fa2fb7b3/datanode-4/data/ratis/87856b61-c5bd-40ec-bcd1-645c64f3deb7/sm/snapshot.1_0
2020-10-09 13:09:33,210 [org.apache.ratis.server.impl.LogAppender$AppenderDaemon$$Lambda$467/613179422@19e721b9] WARN  server.GrpcLogAppender (GrpcLogAppender.java:mayWait(168)) - c898e38e-09ec-443f-8bfc-2e0e927f6f14@group-E53D4A471D87->35f076fd-81c9-4d49-85ba-25f227690f12-GrpcLogAppender: Wait interrupted by java.lang.InterruptedException
2020-10-09 13:09:33,210 [ForkJoinPool.commonPool-worker-0] INFO  metrics.RatisMetrics (RatisMetrics.java:unregister(43)) - Unregistering Metrics Registry : ratis_grpc.log_appender.c898e38e-09ec-443f-8bfc-2e0e927f6f14@group-E53D4A471D87
2020-10-09 13:09:33,211 [org.apache.ratis.server.impl.LogAppender$AppenderDaemon$$Lambda$467/613179422@24221b95] WARN  server.GrpcLogAppender (GrpcLogAppender.java:mayWait(168)) - c898e38e-09ec-443f-8bfc-2e0e927f6f14@group-E53D4A471D87->806253e9-663f-42ca-9134-07a713f9f0ba-GrpcLogAppender: Wait interrupted by java.lang.InterruptedException
2020-10-09 13:09:33,211 [fb832d46-014a-40af-bef4-7a4864cad3bb@group-645C64F3DEB7-StateMachineUpdater] INFO  ratis.ContainerStateMachine (ContainerStateMachine.java:takeSnapshot(304)) - group-645C64F3DEB7: Finished taking a snapshot at:(t:1, i:0) file:/github/workspace/mnt/ozone/hadoop-ozone/integration-test/target/test-dir/MiniOzoneClusterImpl-3c6d3de1-1da1-4a65-89f4-2560fa2fb7b3/datanode-4/data/ratis/87856b61-c5bd-40ec-bcd1-645c64f3deb7/sm/snapshot.1_0 time:1
2020-10-09 13:09:33,212 [fb832d46-014a-40af-bef4-7a4864cad3bb@group-645C64F3DEB7-StateMachineUpdater] INFO  impl.StateMachineUpdater (StateMachineUpdater.java:takeSnapshot(277)) - fb832d46-014a-40af-bef4-7a4864cad3bb@group-645C64F3DEB7-StateMachineUpdater: Took a snapshot at index 0
2020-10-09 13:09:33,212 [fb832d46-014a-40af-bef4-7a4864cad3bb@group-645C64F3DEB7-StateMachineUpdater] INFO  impl.StateMachineUpdater (StateMachineUpdater.java:lambda$new$0(87)) - fb832d46-014a-40af-bef4-7a4864cad3bb@group-645C64F3DEB7-StateMachineUpdater: snapshotIndex: updateIncreasingly -1 -> 0
2020-10-09 13:09:33,212 [fb832d46-014a-40af-bef4-7a4864cad3bb@group-645C64F3DEB7-StateMachineUpdater] INFO  metrics.RatisMetrics (RatisMetrics.java:unregister(43)) - Unregistering Metrics Registry : ratis.state_machine.fb832d46-014a-40af-bef4-7a4864cad3bb@group-645C64F3DEB7
2020-10-09 13:09:33,212 [Listener at 127.0.0.1/33443] INFO  impl.RaftServerImpl (ServerState.java:close(405)) - fb832d46-014a-40af-bef4-7a4864cad3bb@group-645C64F3DEB7: closes. applyIndex: 0
2020-10-09 13:09:33,211 [grpc-default-executor-1] INFO  server.GrpcServerProtocolService (GrpcServerProtocolService.java:onCompleted(138)) - 35f076fd-81c9-4d49-85ba-25f227690f12: Completed APPEND_ENTRIES, lastRequest: c898e38e-09ec-443f-8bfc-2e0e927f6f14->35f076fd-81c9-4d49-85ba-25f227690f12#1-t1, previous=(t:0, i:0), leaderCommit=0, initializing? false, entries: size=1, first=(t:1, i:0), CONFIGURATIONENTRY
2020-10-09 13:09:33,212 [ForkJoinPool.commonPool-worker-0] INFO  impl.PendingRequests (PendingRequests.java:sendNotLeaderResponses(249)) - c898e38e-09ec-443f-8bfc-2e0e927f6f14@group-E53D4A471D87-PendingRequests: sendNotLeaderResponses
2020-10-09 13:09:33,213 [fb832d46-014a-40af-bef4-7a4864cad3bb@group-645C64F3DEB7-SegmentedRaftLogWorker] INFO  segmented.SegmentedRaftLogWorker (SegmentedRaftLogWorker.java:run(327)) - fb832d46-014a-40af-bef4-7a4864cad3bb@group-645C64F3DEB7-SegmentedRaftLogWorker was interrupted, exiting. There are 0 tasks remaining in the queue.
2020-10-09 13:09:33,213 [grpc-default-executor-1] INFO  server.GrpcLogAppender (GrpcLogAppender.java:onCompleted(336)) - c898e38e-09ec-443f-8bfc-2e0e927f6f14@group-E53D4A471D87->35f076fd-81c9-4d49-85ba-25f227690f12-AppendLogResponseHandler: follower responses appendEntries COMPLETED
2020-10-09 13:09:33,214 [ForkJoinPool.commonPool-worker-0] INFO  metrics.RatisMetrics (RatisMetrics.java:unregister(43)) - Unregistering Metrics Registry : ratis.log_appender.c898e38e-09ec-443f-8bfc-2e0e927f6f14@group-E53D4A471D87
2020-10-09 13:09:33,212 [grpc-default-executor-3] INFO  server.GrpcServerProtocolService (GrpcServerProtocolService.java:onCompleted(138)) - 806253e9-663f-42ca-9134-07a713f9f0ba: Completed APPEND_ENTRIES, lastRequest: c898e38e-09ec-443f-8bfc-2e0e927f6f14->806253e9-663f-42ca-9134-07a713f9f0ba#1-t1, previous=(t:0, i:0), leaderCommit=0, initializing? false, entries: size=1, first=(t:1, i:0), CONFIGURATIONENTRY
2020-10-09 13:09:33,214 [Listener at 127.0.0.1/33443] INFO  segmented.SegmentedRaftLogWorker (SegmentedRaftLogWorker.java:close(234)) - fb832d46-014a-40af-bef4-7a4864cad3bb@group-645C64F3DEB7-SegmentedRaftLogWorker close()
2020-10-09 13:09:33,214 [grpc-default-executor-1] INFO  impl.FollowerInfo (FollowerInfo.java:lambda$new$0(51)) - c898e38e-09ec-443f-8bfc-2e0e927f6f14@group-E53D4A471D87->35f076fd-81c9-4d49-85ba-25f227690f12: nextIndex: updateUnconditionally 1 -> 0
2020-10-09 13:09:33,215 [grpc-default-executor-2] INFO  server.GrpcLogAppender (GrpcLogAppender.java:onCompleted(336)) - c898e38e-09ec-443f-8bfc-2e0e927f6f14@group-E53D4A471D87->806253e9-663f-42ca-9134-07a713f9f0ba-AppendLogResponseHandler: follower responses appendEntries COMPLETED
2020-10-09 13:09:33,215 [grpc-default-executor-2] INFO  impl.FollowerInfo (FollowerInfo.java:lambda$new$0(51)) - c898e38e-09ec-443f-8bfc-2e0e927f6f14@group-E53D4A471D87->806253e9-663f-42ca-9134-07a713f9f0ba: nextIndex: updateUnconditionally 1 -> 0
2020-10-09 13:09:33,220 [ForkJoinPool.commonPool-worker-0] INFO  metrics.RatisMetrics (RatisMetrics.java:unregister(43)) - Unregistering Metrics Registry : ratis.server.c898e38e-09ec-443f-8bfc-2e0e927f6f14@group-E53D4A471D87
2020-10-09 13:09:33,220 [ForkJoinPool.commonPool-worker-0] INFO  impl.StateMachineUpdater (StateMachineUpdater.java:stopAndJoin(142)) - c898e38e-09ec-443f-8bfc-2e0e927f6f14@group-E53D4A471D87-StateMachineUpdater: set stopIndex = 0
2020-10-09 13:09:33,221 [Listener at 127.0.0.1/33443] INFO  metrics.RatisMetrics (RatisMetrics.java:unregister(43)) - Unregistering Metrics Registry : ratis.log_worker.fb832d46-014a-40af-bef4-7a4864cad3bb@group-645C64F3DEB7
2020-10-09 13:09:33,221 [c898e38e-09ec-443f-8bfc-2e0e927f6f14@group-E53D4A471D87-StateMachineUpdater] INFO  ratis.ContainerStateMachine (ContainerStateMachine.java:takeSnapshot(293)) - group-E53D4A471D87: Taking a snapshot at:(t:1, i:0) file /github/workspace/mnt/ozone/hadoop-ozone/integration-test/target/test-dir/MiniOzoneClusterImpl-3c6d3de1-1da1-4a65-89f4-2560fa2fb7b3/datanode-1/data/ratis/6ff09228-2254-425a-803c-e53d4a471d87/sm/snapshot.1_0
2020-10-09 13:09:33,221 [Listener at 127.0.0.1/33443] INFO  metrics.RatisMetrics (RatisMetrics.java:unregister(43)) - Unregistering Metrics Registry : ratis.leader_election.fb832d46-014a-40af-bef4-7a4864cad3bb@group-645C64F3DEB7
2020-10-09 13:09:33,222 [Listener at 127.0.0.1/33443] INFO  metrics.RatisMetrics (RatisMetrics.java:unregister(43)) - Unregistering Metrics Registry : ratis.server.fb832d46-014a-40af-bef4-7a4864cad3bb@group-645C64F3DEB7
2020-10-09 13:09:33,222 [Listener at 127.0.0.1/33443] INFO  server.GrpcService (GrpcService.java:closeImpl(183)) - fb832d46-014a-40af-bef4-7a4864cad3bb: shutdown server with port 34119 now
2020-10-09 13:09:33,222 [c898e38e-09ec-443f-8bfc-2e0e927f6f14@group-E53D4A471D87-StateMachineUpdater] INFO  ratis.ContainerStateMachine (ContainerStateMachine.java:takeSnapshot(304)) - group-E53D4A471D87: Finished taking a snapshot at:(t:1, i:0) file:/github/workspace/mnt/ozone/hadoop-ozone/integration-test/target/test-dir/MiniOzoneClusterImpl-3c6d3de1-1da1-4a65-89f4-2560fa2fb7b3/datanode-1/data/ratis/6ff09228-2254-425a-803c-e53d4a471d87/sm/snapshot.1_0 time:1
2020-10-09 13:09:33,222 [c898e38e-09ec-443f-8bfc-2e0e927f6f14@group-E53D4A471D87-StateMachineUpdater] INFO  impl.StateMachineUpdater (StateMachineUpdater.java:takeSnapshot(277)) - c898e38e-09ec-443f-8bfc-2e0e927f6f14@group-E53D4A471D87-StateMachineUpdater: Took a snapshot at index 0
2020-10-09 13:09:33,222 [c898e38e-09ec-443f-8bfc-2e0e927f6f14@group-E53D4A471D87-StateMachineUpdater] INFO  impl.StateMachineUpdater (StateMachineUpdater.java:lambda$new$0(87)) - c898e38e-09ec-443f-8bfc-2e0e927f6f14@group-E53D4A471D87-StateMachineUpdater: snapshotIndex: updateIncreasingly -1 -> 0
2020-10-09 13:09:33,222 [c898e38e-09ec-443f-8bfc-2e0e927f6f14@group-E53D4A471D87-StateMachineUpdater] INFO  metrics.RatisMetrics (RatisMetrics.java:unregister(43)) - Unregistering Metrics Registry : ratis.state_machine.c898e38e-09ec-443f-8bfc-2e0e927f6f14@group-E53D4A471D87
2020-10-09 13:09:33,224 [ForkJoinPool.commonPool-worker-0] INFO  impl.RaftServerImpl (ServerState.java:close(405)) - c898e38e-09ec-443f-8bfc-2e0e927f6f14@group-E53D4A471D87: closes. applyIndex: 0
2020-10-09 13:09:33,225 [grpc-default-executor-1] WARN  server.GrpcLogAppender (LogUtils.java:warn(122)) - d6479ada-01f6-46a2-af6c-4c5e8a8a5896@group-31C907F937B7->fb832d46-014a-40af-bef4-7a4864cad3bb-AppendLogResponseHandler: Failed appendEntries: org.apache.ratis.thirdparty.io.grpc.StatusRuntimeException: CANCELLED: HTTP/2 error code: CANCEL
Received Rst Stream
2020-10-09 13:09:33,225 [grpc-default-executor-1] WARN  server.GrpcLogAppender (GrpcLogAppender.java:resetClient(107)) - d6479ada-01f6-46a2-af6c-4c5e8a8a5896@group-31C907F937B7->fb832d46-014a-40af-bef4-7a4864cad3bb-GrpcLogAppender: Leader has not got in touch with Follower d6479ada-01f6-46a2-af6c-4c5e8a8a5896@group-31C907F937B7->fb832d46-014a-40af-bef4-7a4864cad3bb(c0,m0,n1, attendVote=true, lastRpcSendTime=178, lastRpcResponseTime=178) yet, just keep nextIndex unchanged and retry.
2020-10-09 13:09:33,225 [grpc-default-executor-3] WARN  server.GrpcServerProtocolService (LogUtils.java:warn(122)) - fb832d46-014a-40af-bef4-7a4864cad3bb: installSnapshot onError, lastRequest: d6479ada-01f6-46a2-af6c-4c5e8a8a5896->fb832d46-014a-40af-bef4-7a4864cad3bb#1-t2, previous=(t:0, i:0), leaderCommit=0, initializing? false, entries: size=1, first=(t:2, i:0), CONFIGURATIONENTRY: org.apache.ratis.thirdparty.io.grpc.StatusRuntimeException: CANCELLED: cancelled before receiving half close
2020-10-09 13:09:33,225 [c898e38e-09ec-443f-8bfc-2e0e927f6f14@group-E53D4A471D87-SegmentedRaftLogWorker] INFO  segmented.SegmentedRaftLogWorker (SegmentedRaftLogWorker.java:run(327)) - c898e38e-09ec-443f-8bfc-2e0e927f6f14@group-E53D4A471D87-SegmentedRaftLogWorker was interrupted, exiting. There are 0 tasks remaining in the queue.
2020-10-09 13:09:33,237 [ForkJoinPool.commonPool-worker-0] INFO  segmented.SegmentedRaftLogWorker (SegmentedRaftLogWorker.java:close(234)) - c898e38e-09ec-443f-8bfc-2e0e927f6f14@group-E53D4A471D87-SegmentedRaftLogWorker close()
2020-10-09 13:09:33,238 [ForkJoinPool.commonPool-worker-0] INFO  metrics.RatisMetrics (RatisMetrics.java:unregister(43)) - Unregistering Metrics Registry : ratis.log_worker.c898e38e-09ec-443f-8bfc-2e0e927f6f14@group-E53D4A471D87
2020-10-09 13:09:33,239 [ForkJoinPool.commonPool-worker-0] INFO  metrics.RatisMetrics (RatisMetrics.java:unregister(43)) - Unregistering Metrics Registry : ratis.leader_election.c898e38e-09ec-443f-8bfc-2e0e927f6f14@group-E53D4A471D87
2020-10-09 13:09:33,239 [ForkJoinPool.commonPool-worker-0] INFO  metrics.RatisMetrics (RatisMetrics.java:unregister(43)) - Unregistering Metrics Registry : ratis.server.c898e38e-09ec-443f-8bfc-2e0e927f6f14@group-E53D4A471D87
2020-10-09 13:09:33,239 [ForkJoinPool.commonPool-worker-0] INFO  server.GrpcService (GrpcService.java:closeImpl(183)) - c898e38e-09ec-443f-8bfc-2e0e927f6f14: shutdown server with port 40791 now
2020-10-09 13:09:33,240 [Listener at 127.0.0.1/33443] INFO  server.GrpcService (GrpcService.java:closeImpl(191)) - fb832d46-014a-40af-bef4-7a4864cad3bb: shutdown server with port 34119 successfully
2020-10-09 13:09:33,242 [Listener at 127.0.0.1/33443] INFO  utils.BackgroundService (BackgroundService.java:shutdown(132)) - Shutting down service BlockDeletingService
2020-10-09 13:09:33,244 [ForkJoinPool.commonPool-worker-0] INFO  server.GrpcService (GrpcService.java:closeImpl(191)) - c898e38e-09ec-443f-8bfc-2e0e927f6f14: shutdown server with port 40791 successfully
2020-10-09 13:09:33,245 [ForkJoinPool.commonPool-worker-0] INFO  utils.BackgroundService (BackgroundService.java:shutdown(132)) - Shutting down service BlockDeletingService
2020-10-09 13:09:33,249 [Listener at 127.0.0.1/33443] INFO  statemachine.DatanodeStateMachine (DatanodeStateMachine.java:stopDaemon(453)) - Ozone container server stopped.
2020-10-09 13:09:33,256 [Listener at 127.0.0.1/33443] INFO  handler.ContextHandler (ContextHandler.java:doStop(1016)) - Stopped o.e.j.w.WebAppContext@5c8a7150{hddsDatanode,/,null,UNAVAILABLE}{jar:file:/home/user/.m2/repository/org/apache/hadoop/hadoop-hdds-container-service/1.1.0-SNAPSHOT/hadoop-hdds-container-service-1.1.0-SNAPSHOT.jar!/webapps/hddsDatanode}
2020-10-09 13:09:33,259 [ForkJoinPool.commonPool-worker-0] INFO  statemachine.DatanodeStateMachine (DatanodeStateMachine.java:stopDaemon(453)) - Ozone container server stopped.
2020-10-09 13:09:33,260 [Listener at 127.0.0.1/33443] INFO  server.AbstractConnector (AbstractConnector.java:doStop(380)) - Stopped ServerConnector@58f45dcc{HTTP/1.1,[http/1.1]}{0.0.0.0:0}
2020-10-09 13:09:33,260 [Listener at 127.0.0.1/33443] INFO  server.session (HouseKeeper.java:stopScavenging(158)) - node0 Stopped scavenging
2020-10-09 13:09:33,261 [Listener at 127.0.0.1/33443] INFO  handler.ContextHandler (ContextHandler.java:doStop(1016)) - Stopped o.e.j.s.ServletContextHandler@640b7a1a{static,/static,jar:file:/home/user/.m2/repository/org/apache/hadoop/hadoop-hdds-container-service/1.1.0-SNAPSHOT/hadoop-hdds-container-service-1.1.0-SNAPSHOT.jar!/webapps/static,UNAVAILABLE}
2020-10-09 13:09:33,261 [Listener at 127.0.0.1/33443] INFO  handler.ContextHandler (ContextHandler.java:doStop(1016)) - Stopped o.e.j.s.ServletContextHandler@7be5e117{logs,/logs,file:///github/workspace/mnt/ozone/hadoop-ozone/integration-test/target/log,UNAVAILABLE}
2020-10-09 13:09:33,268 [ForkJoinPool.commonPool-worker-0] INFO  handler.ContextHandler (ContextHandler.java:doStop(1016)) - Stopped o.e.j.w.WebAppContext@670ce0dc{hddsDatanode,/,null,UNAVAILABLE}{jar:file:/home/user/.m2/repository/org/apache/hadoop/hadoop-hdds-container-service/1.1.0-SNAPSHOT/hadoop-hdds-container-service-1.1.0-SNAPSHOT.jar!/webapps/hddsDatanode}
2020-10-09 13:09:33,269 [ForkJoinPool.commonPool-worker-0] INFO  server.AbstractConnector (AbstractConnector.java:doStop(380)) - Stopped ServerConnector@7d948b00{HTTP/1.1,[http/1.1]}{0.0.0.0:0}
2020-10-09 13:09:33,269 [ForkJoinPool.commonPool-worker-0] INFO  server.session (HouseKeeper.java:stopScavenging(158)) - node0 Stopped scavenging
2020-10-09 13:09:33,269 [ForkJoinPool.commonPool-worker-0] INFO  handler.ContextHandler (ContextHandler.java:doStop(1016)) - Stopped o.e.j.s.ServletContextHandler@23c6901d{static,/static,jar:file:/home/user/.m2/repository/org/apache/hadoop/hadoop-hdds-container-service/1.1.0-SNAPSHOT/hadoop-hdds-container-service-1.1.0-SNAPSHOT.jar!/webapps/static,UNAVAILABLE}
2020-10-09 13:09:33,270 [ForkJoinPool.commonPool-worker-0] INFO  handler.ContextHandler (ContextHandler.java:doStop(1016)) - Stopped o.e.j.s.ServletContextHandler@3d90cb49{logs,/logs,file:///github/workspace/mnt/ozone/hadoop-ozone/integration-test/target/log,UNAVAILABLE}
2020-10-09 13:09:33,881 [Datanode State Machine Thread - 0] INFO  statemachine.DatanodeStateMachine (DatanodeStateMachine.java:lambda$startDaemon$0(405)) - Ozone container server started.
2020-10-09 13:09:34,072 [Datanode State Machine Thread - 0] INFO  statemachine.DatanodeStateMachine (DatanodeStateMachine.java:lambda$startDaemon$0(405)) - Ozone container server started.
2020-10-09 13:09:35,552 [grpc-default-executor-3] WARN  server.GrpcLogAppender (LogUtils.java:warn(122)) - d6479ada-01f6-46a2-af6c-4c5e8a8a5896@group-31C907F937B7->fb832d46-014a-40af-bef4-7a4864cad3bb-AppendLogResponseHandler: Failed appendEntries: org.apache.ratis.thirdparty.io.grpc.StatusRuntimeException: UNAVAILABLE: io exception
2020-10-09 13:09:35,552 [grpc-default-executor-3] WARN  server.GrpcLogAppender (GrpcLogAppender.java:resetClient(107)) - d6479ada-01f6-46a2-af6c-4c5e8a8a5896@group-31C907F937B7->fb832d46-014a-40af-bef4-7a4864cad3bb-GrpcLogAppender: Leader has not got in touch with Follower d6479ada-01f6-46a2-af6c-4c5e8a8a5896@group-31C907F937B7->fb832d46-014a-40af-bef4-7a4864cad3bb(c0,m0,n1, attendVote=true, lastRpcSendTime=2505, lastRpcResponseTime=2505) yet, just keep nextIndex unchanged and retry.
2020-10-09 13:09:38,054 [grpc-default-executor-2] WARN  server.GrpcLogAppender (LogUtils.java:warn(122)) - d6479ada-01f6-46a2-af6c-4c5e8a8a5896@group-31C907F937B7->fb832d46-014a-40af-bef4-7a4864cad3bb-AppendLogResponseHandler: Failed appendEntries: org.apache.ratis.thirdparty.io.grpc.StatusRuntimeException: UNAVAILABLE: io exception
2020-10-09 13:09:38,055 [grpc-default-executor-2] WARN  server.GrpcLogAppender (GrpcLogAppender.java:resetClient(107)) - d6479ada-01f6-46a2-af6c-4c5e8a8a5896@group-31C907F937B7->fb832d46-014a-40af-bef4-7a4864cad3bb-GrpcLogAppender: Leader has not got in touch with Follower d6479ada-01f6-46a2-af6c-4c5e8a8a5896@group-31C907F937B7->fb832d46-014a-40af-bef4-7a4864cad3bb(c0,m0,n1, attendVote=true, lastRpcSendTime=0, lastRpcResponseTime=5007) yet, just keep nextIndex unchanged and retry.
2020-10-09 13:09:38,266 [Listener at 127.0.0.1/33443] INFO  ozoneimpl.OzoneContainer (OzoneContainer.java:stop(259)) - Attempting to stop container services.
2020-10-09 13:09:38,266 [Listener at 127.0.0.1/33443] INFO  impl.RaftServerProxy (RaftServerProxy.java:lambda$close$4(322)) - a81afdc5-1418-4294-8777-a85822e5b345: close
2020-10-09 13:09:38,266 [Listener at 127.0.0.1/33443] INFO  impl.RaftServerImpl (RaftServerImpl.java:lambda$shutdown$3(321)) - a81afdc5-1418-4294-8777-a85822e5b345@group-31C907F937B7: shutdown
2020-10-09 13:09:38,267 [Listener at 127.0.0.1/33443] INFO  util.JmxRegister (JmxRegister.java:unregister(73)) - Successfully un-registered JMX Bean with object name Ratis:service=RaftServer,group=group-31C907F937B7,id=a81afdc5-1418-4294-8777-a85822e5b345
2020-10-09 13:09:38,267 [Listener at 127.0.0.1/33443] INFO  impl.RoleInfo (RoleInfo.java:shutdownFollowerState(121)) - a81afdc5-1418-4294-8777-a85822e5b345: shutdown FollowerState
2020-10-09 13:09:38,267 [Listener at 127.0.0.1/33443] INFO  impl.StateMachineUpdater (StateMachineUpdater.java:stopAndJoin(142)) - a81afdc5-1418-4294-8777-a85822e5b345@group-31C907F937B7-StateMachineUpdater: set stopIndex = 0
2020-10-09 13:09:38,267 [a81afdc5-1418-4294-8777-a85822e5b345@group-31C907F937B7-StateMachineUpdater] INFO  ratis.ContainerStateMachine (ContainerStateMachine.java:takeSnapshot(293)) - group-31C907F937B7: Taking a snapshot at:(t:2, i:0) file /github/workspace/mnt/ozone/hadoop-ozone/integration-test/target/test-dir/MiniOzoneClusterImpl-3c6d3de1-1da1-4a65-89f4-2560fa2fb7b3/datanode-3/data/ratis/9d4a6958-0a4a-4646-bfed-31c907f937b7/sm/snapshot.2_0
2020-10-09 13:09:38,267 [Thread-705] INFO  impl.FollowerState (FollowerState.java:run(117)) - a81afdc5-1418-4294-8777-a85822e5b345@group-31C907F937B7-FollowerState was interrupted: java.lang.InterruptedException: sleep interrupted
2020-10-09 13:09:38,269 [a81afdc5-1418-4294-8777-a85822e5b345@group-31C907F937B7-StateMachineUpdater] INFO  ratis.ContainerStateMachine (ContainerStateMachine.java:takeSnapshot(304)) - group-31C907F937B7: Finished taking a snapshot at:(t:2, i:0) file:/github/workspace/mnt/ozone/hadoop-ozone/integration-test/target/test-dir/MiniOzoneClusterImpl-3c6d3de1-1da1-4a65-89f4-2560fa2fb7b3/datanode-3/data/ratis/9d4a6958-0a4a-4646-bfed-31c907f937b7/sm/snapshot.2_0 time:1
2020-10-09 13:09:38,269 [a81afdc5-1418-4294-8777-a85822e5b345@group-31C907F937B7-StateMachineUpdater] INFO  impl.StateMachineUpdater (StateMachineUpdater.java:takeSnapshot(277)) - a81afdc5-1418-4294-8777-a85822e5b345@group-31C907F937B7-StateMachineUpdater: Took a snapshot at index 0
2020-10-09 13:09:38,269 [a81afdc5-1418-4294-8777-a85822e5b345@group-31C907F937B7-StateMachineUpdater] INFO  impl.StateMachineUpdater (StateMachineUpdater.java:lambda$new$0(87)) - a81afdc5-1418-4294-8777-a85822e5b345@group-31C907F937B7-StateMachineUpdater: snapshotIndex: updateIncreasingly -1 -> 0
2020-10-09 13:09:38,269 [a81afdc5-1418-4294-8777-a85822e5b345@group-31C907F937B7-StateMachineUpdater] INFO  metrics.RatisMetrics (RatisMetrics.java:unregister(43)) - Unregistering Metrics Registry : ratis.state_machine.a81afdc5-1418-4294-8777-a85822e5b345@group-31C907F937B7
2020-10-09 13:09:38,269 [Listener at 127.0.0.1/33443] INFO  impl.RaftServerImpl (ServerState.java:close(405)) - a81afdc5-1418-4294-8777-a85822e5b345@group-31C907F937B7: closes. applyIndex: 0
2020-10-09 13:09:38,269 [a81afdc5-1418-4294-8777-a85822e5b345@group-31C907F937B7-SegmentedRaftLogWorker] INFO  segmented.SegmentedRaftLogWorker (SegmentedRaftLogWorker.java:run(327)) - a81afdc5-1418-4294-8777-a85822e5b345@group-31C907F937B7-SegmentedRaftLogWorker was interrupted, exiting. There are 0 tasks remaining in the queue.
2020-10-09 13:09:38,270 [Listener at 127.0.0.1/33443] INFO  segmented.SegmentedRaftLogWorker (SegmentedRaftLogWorker.java:close(234)) - a81afdc5-1418-4294-8777-a85822e5b345@group-31C907F937B7-SegmentedRaftLogWorker close()
2020-10-09 13:09:38,271 [Listener at 127.0.0.1/33443] INFO  metrics.RatisMetrics (RatisMetrics.java:unregister(43)) - Unregistering Metrics Registry : ratis.log_worker.a81afdc5-1418-4294-8777-a85822e5b345@group-31C907F937B7
2020-10-09 13:09:38,271 [Listener at 127.0.0.1/33443] INFO  metrics.RatisMetrics (RatisMetrics.java:unregister(43)) - Unregistering Metrics Registry : ratis.leader_election.a81afdc5-1418-4294-8777-a85822e5b345@group-31C907F937B7
2020-10-09 13:09:38,271 [Listener at 127.0.0.1/33443] INFO  metrics.RatisMetrics (RatisMetrics.java:unregister(43)) - Unregistering Metrics Registry : ratis.server.a81afdc5-1418-4294-8777-a85822e5b345@group-31C907F937B7
2020-10-09 13:09:38,271 [Listener at 127.0.0.1/33443] INFO  impl.RaftServerImpl (RaftServerImpl.java:lambda$shutdown$3(321)) - a81afdc5-1418-4294-8777-a85822e5b345@group-85D311487B0E: shutdown
2020-10-09 13:09:38,272 [Listener at 127.0.0.1/33443] INFO  util.JmxRegister (JmxRegister.java:unregister(73)) - Successfully un-registered JMX Bean with object name Ratis:service=RaftServer,group=group-85D311487B0E,id=a81afdc5-1418-4294-8777-a85822e5b345
2020-10-09 13:09:38,272 [ForkJoinPool.commonPool-worker-0] INFO  ozoneimpl.OzoneContainer (OzoneContainer.java:stop(259)) - Attempting to stop container services.
2020-10-09 13:09:38,272 [ForkJoinPool.commonPool-worker-0] INFO  impl.RaftServerProxy (RaftServerProxy.java:lambda$close$4(322)) - 35f076fd-81c9-4d49-85ba-25f227690f12: close
2020-10-09 13:09:38,272 [Listener at 127.0.0.1/33443] INFO  impl.RoleInfo (RoleInfo.java:shutdownLeaderState(104)) - a81afdc5-1418-4294-8777-a85822e5b345: shutdown LeaderState
2020-10-09 13:09:38,272 [ForkJoinPool.commonPool-worker-0] INFO  impl.RaftServerImpl (RaftServerImpl.java:lambda$shutdown$3(321)) - 35f076fd-81c9-4d49-85ba-25f227690f12@group-290DD5E9E2AB: shutdown
2020-10-09 13:09:38,272 [Listener at 127.0.0.1/33443] INFO  impl.PendingRequests (PendingRequests.java:sendNotLeaderResponses(249)) - a81afdc5-1418-4294-8777-a85822e5b345@group-85D311487B0E-PendingRequests: sendNotLeaderResponses
2020-10-09 13:09:38,272 [ForkJoinPool.commonPool-worker-0] INFO  util.JmxRegister (JmxRegister.java:unregister(73)) - Successfully un-registered JMX Bean with object name Ratis:service=RaftServer,group=group-290DD5E9E2AB,id=35f076fd-81c9-4d49-85ba-25f227690f12
2020-10-09 13:09:38,273 [ForkJoinPool.commonPool-worker-0] INFO  impl.RoleInfo (RoleInfo.java:shutdownLeaderState(104)) - 35f076fd-81c9-4d49-85ba-25f227690f12: shutdown LeaderState
2020-10-09 13:09:38,273 [ForkJoinPool.commonPool-worker-0] INFO  impl.PendingRequests (PendingRequests.java:sendNotLeaderResponses(249)) - 35f076fd-81c9-4d49-85ba-25f227690f12@group-290DD5E9E2AB-PendingRequests: sendNotLeaderResponses
2020-10-09 13:09:38,273 [ForkJoinPool.commonPool-worker-0] INFO  metrics.RatisMetrics (RatisMetrics.java:unregister(43)) - Unregistering Metrics Registry : ratis.log_appender.35f076fd-81c9-4d49-85ba-25f227690f12@group-290DD5E9E2AB
2020-10-09 13:09:38,273 [ForkJoinPool.commonPool-worker-0] INFO  metrics.RatisMetrics (RatisMetrics.java:unregister(43)) - Unregistering Metrics Registry : ratis.server.35f076fd-81c9-4d49-85ba-25f227690f12@group-290DD5E9E2AB
2020-10-09 13:09:38,273 [ForkJoinPool.commonPool-worker-0] INFO  impl.StateMachineUpdater (StateMachineUpdater.java:stopAndJoin(142)) - 35f076fd-81c9-4d49-85ba-25f227690f12@group-290DD5E9E2AB-StateMachineUpdater: set stopIndex = 0
2020-10-09 13:09:38,274 [35f076fd-81c9-4d49-85ba-25f227690f12@group-290DD5E9E2AB-StateMachineUpdater] INFO  ratis.ContainerStateMachine (ContainerStateMachine.java:takeSnapshot(293)) - group-290DD5E9E2AB: Taking a snapshot at:(t:1, i:0) file /github/workspace/mnt/ozone/hadoop-ozone/integration-test/target/test-dir/MiniOzoneClusterImpl-3c6d3de1-1da1-4a65-89f4-2560fa2fb7b3/datanode-2/data/ratis/06b70b34-0e25-4487-abbc-290dd5e9e2ab/sm/snapshot.1_0
2020-10-09 13:09:38,276 [35f076fd-81c9-4d49-85ba-25f227690f12@group-290DD5E9E2AB-StateMachineUpdater] INFO  ratis.ContainerStateMachine (ContainerStateMachine.java:takeSnapshot(304)) - group-290DD5E9E2AB: Finished taking a snapshot at:(t:1, i:0) file:/github/workspace/mnt/ozone/hadoop-ozone/integration-test/target/test-dir/MiniOzoneClusterImpl-3c6d3de1-1da1-4a65-89f4-2560fa2fb7b3/datanode-2/data/ratis/06b70b34-0e25-4487-abbc-290dd5e9e2ab/sm/snapshot.1_0 time:1
2020-10-09 13:09:38,276 [35f076fd-81c9-4d49-85ba-25f227690f12@group-290DD5E9E2AB-StateMachineUpdater] INFO  impl.StateMachineUpdater (StateMachineUpdater.java:takeSnapshot(277)) - 35f076fd-81c9-4d49-85ba-25f227690f12@group-290DD5E9E2AB-StateMachineUpdater: Took a snapshot at index 0
2020-10-09 13:09:38,276 [35f076fd-81c9-4d49-85ba-25f227690f12@group-290DD5E9E2AB-StateMachineUpdater] INFO  impl.StateMachineUpdater (StateMachineUpdater.java:lambda$new$0(87)) - 35f076fd-81c9-4d49-85ba-25f227690f12@group-290DD5E9E2AB-StateMachineUpdater: snapshotIndex: updateIncreasingly -1 -> 0
2020-10-09 13:09:38,276 [35f076fd-81c9-4d49-85ba-25f227690f12@group-290DD5E9E2AB-StateMachineUpdater] INFO  metrics.RatisMetrics (RatisMetrics.java:unregister(43)) - Unregistering Metrics Registry : ratis.state_machine.35f076fd-81c9-4d49-85ba-25f227690f12@group-290DD5E9E2AB
2020-10-09 13:09:38,276 [ForkJoinPool.commonPool-worker-0] INFO  impl.RaftServerImpl (ServerState.java:close(405)) - 35f076fd-81c9-4d49-85ba-25f227690f12@group-290DD5E9E2AB: closes. applyIndex: 0
2020-10-09 13:09:38,277 [35f076fd-81c9-4d49-85ba-25f227690f12@group-290DD5E9E2AB-SegmentedRaftLogWorker] INFO  segmented.SegmentedRaftLogWorker (SegmentedRaftLogWorker.java:run(327)) - 35f076fd-81c9-4d49-85ba-25f227690f12@group-290DD5E9E2AB-SegmentedRaftLogWorker was interrupted, exiting. There are 0 tasks remaining in the queue.
2020-10-09 13:09:38,277 [ForkJoinPool.commonPool-worker-0] INFO  segmented.SegmentedRaftLogWorker (SegmentedRaftLogWorker.java:close(234)) - 35f076fd-81c9-4d49-85ba-25f227690f12@group-290DD5E9E2AB-SegmentedRaftLogWorker close()
2020-10-09 13:09:38,279 [ForkJoinPool.commonPool-worker-0] INFO  metrics.RatisMetrics (RatisMetrics.java:unregister(43)) - Unregistering Metrics Registry : ratis.log_worker.35f076fd-81c9-4d49-85ba-25f227690f12@group-290DD5E9E2AB
2020-10-09 13:09:38,280 [ForkJoinPool.commonPool-worker-0] INFO  metrics.RatisMetrics (RatisMetrics.java:unregister(43)) - Unregistering Metrics Registry : ratis.leader_election.35f076fd-81c9-4d49-85ba-25f227690f12@group-290DD5E9E2AB
2020-10-09 13:09:38,280 [ForkJoinPool.commonPool-worker-0] INFO  metrics.RatisMetrics (RatisMetrics.java:unregister(43)) - Unregistering Metrics Registry : ratis.server.35f076fd-81c9-4d49-85ba-25f227690f12@group-290DD5E9E2AB
2020-10-09 13:09:38,280 [ForkJoinPool.commonPool-worker-0] INFO  impl.RaftServerImpl (RaftServerImpl.java:lambda$shutdown$3(321)) - 35f076fd-81c9-4d49-85ba-25f227690f12@group-E53D4A471D87: shutdown
2020-10-09 13:09:38,280 [ForkJoinPool.commonPool-worker-0] INFO  util.JmxRegister (JmxRegister.java:unregister(73)) - Successfully un-registered JMX Bean with object name Ratis:service=RaftServer,group=group-E53D4A471D87,id=35f076fd-81c9-4d49-85ba-25f227690f12
2020-10-09 13:09:38,280 [ForkJoinPool.commonPool-worker-0] INFO  impl.RoleInfo (RoleInfo.java:shutdownFollowerState(121)) - 35f076fd-81c9-4d49-85ba-25f227690f12: shutdown FollowerState
2020-10-09 13:09:38,280 [35f076fd-81c9-4d49-85ba-25f227690f12@group-E53D4A471D87-StateMachineUpdater] INFO  ratis.ContainerStateMachine (ContainerStateMachine.java:takeSnapshot(293)) - group-E53D4A471D87: Taking a snapshot at:(t:1, i:0) file /github/workspace/mnt/ozone/hadoop-ozone/integration-test/target/test-dir/MiniOzoneClusterImpl-3c6d3de1-1da1-4a65-89f4-2560fa2fb7b3/datanode-2/data/ratis/6ff09228-2254-425a-803c-e53d4a471d87/sm/snapshot.1_0
2020-10-09 13:09:38,281 [Thread-612] INFO  impl.FollowerState (FollowerState.java:run(117)) - 35f076fd-81c9-4d49-85ba-25f227690f12@group-E53D4A471D87-FollowerState was interrupted: java.lang.InterruptedException: sleep interrupted
2020-10-09 13:09:38,281 [ForkJoinPool.commonPool-worker-0] INFO  impl.StateMachineUpdater (StateMachineUpdater.java:stopAndJoin(142)) - 35f076fd-81c9-4d49-85ba-25f227690f12@group-E53D4A471D87-StateMachineUpdater: set stopIndex = 0
2020-10-09 13:09:38,281 [35f076fd-81c9-4d49-85ba-25f227690f12@group-E53D4A471D87-StateMachineUpdater] INFO  ratis.ContainerStateMachine (ContainerStateMachine.java:takeSnapshot(304)) - group-E53D4A471D87: Finished taking a snapshot at:(t:1, i:0) file:/github/workspace/mnt/ozone/hadoop-ozone/integration-test/target/test-dir/MiniOzoneClusterImpl-3c6d3de1-1da1-4a65-89f4-2560fa2fb7b3/datanode-2/data/ratis/6ff09228-2254-425a-803c-e53d4a471d87/sm/snapshot.1_0 time:1
2020-10-09 13:09:38,281 [35f076fd-81c9-4d49-85ba-25f227690f12@group-E53D4A471D87-StateMachineUpdater] INFO  impl.StateMachineUpdater (StateMachineUpdater.java:takeSnapshot(277)) - 35f076fd-81c9-4d49-85ba-25f227690f12@group-E53D4A471D87-StateMachineUpdater: Took a snapshot at index 0
2020-10-09 13:09:38,281 [35f076fd-81c9-4d49-85ba-25f227690f12@group-E53D4A471D87-StateMachineUpdater] INFO  impl.StateMachineUpdater (StateMachineUpdater.java:lambda$new$0(87)) - 35f076fd-81c9-4d49-85ba-25f227690f12@group-E53D4A471D87-StateMachineUpdater: snapshotIndex: updateIncreasingly -1 -> 0
2020-10-09 13:09:38,281 [35f076fd-81c9-4d49-85ba-25f227690f12@group-E53D4A471D87-StateMachineUpdater] INFO  metrics.RatisMetrics (RatisMetrics.java:unregister(43)) - Unregistering Metrics Registry : ratis.state_machine.35f076fd-81c9-4d49-85ba-25f227690f12@group-E53D4A471D87
2020-10-09 13:09:38,282 [ForkJoinPool.commonPool-worker-0] INFO  impl.RaftServerImpl (ServerState.java:close(405)) - 35f076fd-81c9-4d49-85ba-25f227690f12@group-E53D4A471D87: closes. applyIndex: 0
2020-10-09 13:09:38,282 [35f076fd-81c9-4d49-85ba-25f227690f12@group-E53D4A471D87-SegmentedRaftLogWorker] INFO  segmented.SegmentedRaftLogWorker (SegmentedRaftLogWorker.java:run(327)) - 35f076fd-81c9-4d49-85ba-25f227690f12@group-E53D4A471D87-SegmentedRaftLogWorker was interrupted, exiting. There are 0 tasks remaining in the queue.
2020-10-09 13:09:38,282 [Listener at 127.0.0.1/33443] INFO  metrics.RatisMetrics (RatisMetrics.java:unregister(43)) - Unregistering Metrics Registry : ratis.log_appender.a81afdc5-1418-4294-8777-a85822e5b345@group-85D311487B0E
2020-10-09 13:09:38,283 [Listener at 127.0.0.1/33443] INFO  metrics.RatisMetrics (RatisMetrics.java:unregister(43)) - Unregistering Metrics Registry : ratis.server.a81afdc5-1418-4294-8777-a85822e5b345@group-85D311487B0E
2020-10-09 13:09:38,284 [ForkJoinPool.commonPool-worker-0] INFO  segmented.SegmentedRaftLogWorker (SegmentedRaftLogWorker.java:close(234)) - 35f076fd-81c9-4d49-85ba-25f227690f12@group-E53D4A471D87-SegmentedRaftLogWorker close()
2020-10-09 13:09:38,284 [ForkJoinPool.commonPool-worker-0] INFO  metrics.RatisMetrics (RatisMetrics.java:unregister(43)) - Unregistering Metrics Registry : ratis.log_worker.35f076fd-81c9-4d49-85ba-25f227690f12@group-E53D4A471D87
2020-10-09 13:09:38,284 [ForkJoinPool.commonPool-worker-0] INFO  metrics.RatisMetrics (RatisMetrics.java:unregister(43)) - Unregistering Metrics Registry : ratis.leader_election.35f076fd-81c9-4d49-85ba-25f227690f12@group-E53D4A471D87
2020-10-09 13:09:38,284 [ForkJoinPool.commonPool-worker-0] INFO  metrics.RatisMetrics (RatisMetrics.java:unregister(43)) - Unregistering Metrics Registry : ratis.server.35f076fd-81c9-4d49-85ba-25f227690f12@group-E53D4A471D87
2020-10-09 13:09:38,285 [ForkJoinPool.commonPool-worker-0] INFO  server.GrpcService (GrpcService.java:closeImpl(183)) - 35f076fd-81c9-4d49-85ba-25f227690f12: shutdown server with port 35535 now
2020-10-09 13:09:38,285 [Listener at 127.0.0.1/33443] INFO  impl.StateMachineUpdater (StateMachineUpdater.java:stopAndJoin(142)) - a81afdc5-1418-4294-8777-a85822e5b345@group-85D311487B0E-StateMachineUpdater: set stopIndex = 4
2020-10-09 13:09:38,285 [ForkJoinPool.commonPool-worker-0] INFO  server.GrpcService (GrpcService.java:closeImpl(191)) - 35f076fd-81c9-4d49-85ba-25f227690f12: shutdown server with port 35535 successfully
2020-10-09 13:09:38,285 [a81afdc5-1418-4294-8777-a85822e5b345@group-85D311487B0E-StateMachineUpdater] INFO  ratis.ContainerStateMachine (ContainerStateMachine.java:takeSnapshot(293)) - group-85D311487B0E: Taking a snapshot at:(t:1, i:4) file /github/workspace/mnt/ozone/hadoop-ozone/integration-test/target/test-dir/MiniOzoneClusterImpl-3c6d3de1-1da1-4a65-89f4-2560fa2fb7b3/datanode-3/data/ratis/eff39d32-4522-4b42-820c-85d311487b0e/sm/snapshot.1_4
2020-10-09 13:09:38,286 [a81afdc5-1418-4294-8777-a85822e5b345@group-85D311487B0E-StateMachineUpdater] INFO  ratis.ContainerStateMachine (ContainerStateMachine.java:takeSnapshot(304)) - group-85D311487B0E: Finished taking a snapshot at:(t:1, i:4) file:/github/workspace/mnt/ozone/hadoop-ozone/integration-test/target/test-dir/MiniOzoneClusterImpl-3c6d3de1-1da1-4a65-89f4-2560fa2fb7b3/datanode-3/data/ratis/eff39d32-4522-4b42-820c-85d311487b0e/sm/snapshot.1_4 time:1
2020-10-09 13:09:38,287 [a81afdc5-1418-4294-8777-a85822e5b345@group-85D311487B0E-StateMachineUpdater] INFO  impl.StateMachineUpdater (StateMachineUpdater.java:takeSnapshot(277)) - a81afdc5-1418-4294-8777-a85822e5b345@group-85D311487B0E-StateMachineUpdater: Took a snapshot at index 4
2020-10-09 13:09:38,287 [a81afdc5-1418-4294-8777-a85822e5b345@group-85D311487B0E-StateMachineUpdater] INFO  impl.StateMachineUpdater (StateMachineUpdater.java:lambda$new$0(87)) - a81afdc5-1418-4294-8777-a85822e5b345@group-85D311487B0E-StateMachineUpdater: snapshotIndex: updateIncreasingly -1 -> 4
2020-10-09 13:09:38,287 [a81afdc5-1418-4294-8777-a85822e5b345@group-85D311487B0E-StateMachineUpdater] INFO  metrics.RatisMetrics (RatisMetrics.java:unregister(43)) - Unregistering Metrics Registry : ratis.state_machine.a81afdc5-1418-4294-8777-a85822e5b345@group-85D311487B0E
2020-10-09 13:09:38,287 [Listener at 127.0.0.1/33443] INFO  impl.RaftServerImpl (ServerState.java:close(405)) - a81afdc5-1418-4294-8777-a85822e5b345@group-85D311487B0E: closes. applyIndex: 4
2020-10-09 13:09:38,287 [a81afdc5-1418-4294-8777-a85822e5b345@group-85D311487B0E-SegmentedRaftLogWorker] INFO  segmented.SegmentedRaftLogWorker (SegmentedRaftLogWorker.java:run(327)) - a81afdc5-1418-4294-8777-a85822e5b345@group-85D311487B0E-SegmentedRaftLogWorker was interrupted, exiting. There are 0 tasks remaining in the queue.
2020-10-09 13:09:38,293 [Listener at 127.0.0.1/33443] INFO  segmented.SegmentedRaftLogWorker (SegmentedRaftLogWorker.java:close(234)) - a81afdc5-1418-4294-8777-a85822e5b345@group-85D311487B0E-SegmentedRaftLogWorker close()
2020-10-09 13:09:38,293 [ForkJoinPool.commonPool-worker-0] INFO  utils.BackgroundService (BackgroundService.java:shutdown(132)) - Shutting down service BlockDeletingService
2020-10-09 13:09:38,293 [Listener at 127.0.0.1/33443] INFO  metrics.RatisMetrics (RatisMetrics.java:unregister(43)) - Unregistering Metrics Registry : ratis.log_worker.a81afdc5-1418-4294-8777-a85822e5b345@group-85D311487B0E
2020-10-09 13:09:38,294 [Listener at 127.0.0.1/33443] INFO  metrics.RatisMetrics (RatisMetrics.java:unregister(43)) - Unregistering Metrics Registry : ratis.leader_election.a81afdc5-1418-4294-8777-a85822e5b345@group-85D311487B0E
2020-10-09 13:09:38,296 [Listener at 127.0.0.1/33443] INFO  metrics.RatisMetrics (RatisMetrics.java:unregister(43)) - Unregistering Metrics Registry : ratis.server.a81afdc5-1418-4294-8777-a85822e5b345@group-85D311487B0E
2020-10-09 13:09:38,296 [Listener at 127.0.0.1/33443] INFO  server.GrpcService (GrpcService.java:closeImpl(183)) - a81afdc5-1418-4294-8777-a85822e5b345: shutdown server with port 34583 now
2020-10-09 13:09:38,305 [grpc-default-executor-2] WARN  server.GrpcLogAppender (LogUtils.java:warn(122)) - d6479ada-01f6-46a2-af6c-4c5e8a8a5896@group-31C907F937B7->a81afdc5-1418-4294-8777-a85822e5b345-AppendLogResponseHandler: Failed appendEntries: org.apache.ratis.thirdparty.io.grpc.StatusRuntimeException: CANCELLED: HTTP/2 error code: CANCEL
Received Rst Stream
2020-10-09 13:09:38,305 [grpc-default-executor-2] WARN  server.GrpcLogAppender (GrpcLogAppender.java:resetClient(107)) - d6479ada-01f6-46a2-af6c-4c5e8a8a5896@group-31C907F937B7->a81afdc5-1418-4294-8777-a85822e5b345-GrpcLogAppender: Leader has not got in touch with Follower d6479ada-01f6-46a2-af6c-4c5e8a8a5896@group-31C907F937B7->a81afdc5-1418-4294-8777-a85822e5b345(c0,m0,n1, attendVote=true, lastRpcSendTime=253, lastRpcResponseTime=250) yet, just keep nextIndex unchanged and retry.
2020-10-09 13:09:38,305 [grpc-default-executor-3] WARN  server.GrpcServerProtocolService (LogUtils.java:warn(122)) - a81afdc5-1418-4294-8777-a85822e5b345: installSnapshot onError, lastRequest: d6479ada-01f6-46a2-af6c-4c5e8a8a5896->a81afdc5-1418-4294-8777-a85822e5b345#1-t2, previous=(t:0, i:0), leaderCommit=0, initializing? false, entries: size=1, first=(t:2, i:0), CONFIGURATIONENTRY: org.apache.ratis.thirdparty.io.grpc.StatusRuntimeException: CANCELLED: cancelled before receiving half close
2020-10-09 13:09:38,306 [ForkJoinPool.commonPool-worker-0] INFO  statemachine.DatanodeStateMachine (DatanodeStateMachine.java:stopDaemon(453)) - Ozone container server stopped.
2020-10-09 13:09:38,309 [Listener at 127.0.0.1/33443] INFO  server.GrpcService (GrpcService.java:closeImpl(191)) - a81afdc5-1418-4294-8777-a85822e5b345: shutdown server with port 34583 successfully
2020-10-09 13:09:38,312 [Listener at 127.0.0.1/33443] INFO  utils.BackgroundService (BackgroundService.java:shutdown(132)) - Shutting down service BlockDeletingService
2020-10-09 13:09:38,319 [Listener at 127.0.0.1/33443] INFO  statemachine.DatanodeStateMachine (DatanodeStateMachine.java:stopDaemon(453)) - Ozone container server stopped.
2020-10-09 13:09:38,319 [ForkJoinPool.commonPool-worker-0] INFO  handler.ContextHandler (ContextHandler.java:doStop(1016)) - Stopped o.e.j.w.WebAppContext@21ac7893{hddsDatanode,/,null,UNAVAILABLE}{jar:file:/home/user/.m2/repository/org/apache/hadoop/hadoop-hdds-container-service/1.1.0-SNAPSHOT/hadoop-hdds-container-service-1.1.0-SNAPSHOT.jar!/webapps/hddsDatanode}
2020-10-09 13:09:38,325 [ForkJoinPool.commonPool-worker-0] INFO  server.AbstractConnector (AbstractConnector.java:doStop(380)) - Stopped ServerConnector@7a2faef4{HTTP/1.1,[http/1.1]}{0.0.0.0:0}
2020-10-09 13:09:38,325 [ForkJoinPool.commonPool-worker-0] INFO  server.session (HouseKeeper.java:stopScavenging(158)) - node0 Stopped scavenging
2020-10-09 13:09:38,326 [ForkJoinPool.commonPool-worker-0] INFO  handler.ContextHandler (ContextHandler.java:doStop(1016)) - Stopped o.e.j.s.ServletContextHandler@77106e30{static,/static,jar:file:/home/user/.m2/repository/org/apache/hadoop/hadoop-hdds-container-service/1.1.0-SNAPSHOT/hadoop-hdds-container-service-1.1.0-SNAPSHOT.jar!/webapps/static,UNAVAILABLE}
2020-10-09 13:09:38,327 [Listener at 127.0.0.1/33443] INFO  handler.ContextHandler (ContextHandler.java:doStop(1016)) - Stopped o.e.j.w.WebAppContext@3d0f9709{hddsDatanode,/,null,UNAVAILABLE}{jar:file:/home/user/.m2/repository/org/apache/hadoop/hadoop-hdds-container-service/1.1.0-SNAPSHOT/hadoop-hdds-container-service-1.1.0-SNAPSHOT.jar!/webapps/hddsDatanode}
2020-10-09 13:09:38,328 [ForkJoinPool.commonPool-worker-0] INFO  handler.ContextHandler (ContextHandler.java:doStop(1016)) - Stopped o.e.j.s.ServletContextHandler@34e9e295{logs,/logs,file:///github/workspace/mnt/ozone/hadoop-ozone/integration-test/target/log,UNAVAILABLE}
2020-10-09 13:09:38,328 [Listener at 127.0.0.1/33443] INFO  server.AbstractConnector (AbstractConnector.java:doStop(380)) - Stopped ServerConnector@30909139{HTTP/1.1,[http/1.1]}{0.0.0.0:0}
2020-10-09 13:09:38,329 [Listener at 127.0.0.1/33443] INFO  server.session (HouseKeeper.java:stopScavenging(158)) - node0 Stopped scavenging
2020-10-09 13:09:38,329 [Listener at 127.0.0.1/33443] INFO  handler.ContextHandler (ContextHandler.java:doStop(1016)) - Stopped o.e.j.s.ServletContextHandler@4d47bcee{static,/static,jar:file:/home/user/.m2/repository/org/apache/hadoop/hadoop-hdds-container-service/1.1.0-SNAPSHOT/hadoop-hdds-container-service-1.1.0-SNAPSHOT.jar!/webapps/static,UNAVAILABLE}
2020-10-09 13:09:38,329 [Listener at 127.0.0.1/33443] INFO  handler.ContextHandler (ContextHandler.java:doStop(1016)) - Stopped o.e.j.s.ServletContextHandler@39c6c1ac{logs,/logs,file:///github/workspace/mnt/ozone/hadoop-ozone/integration-test/target/log,UNAVAILABLE}
2020-10-09 13:09:38,917 [Datanode State Machine Thread - 0] INFO  statemachine.DatanodeStateMachine (DatanodeStateMachine.java:lambda$startDaemon$0(405)) - Ozone container server started.
2020-10-09 13:09:39,159 [Datanode State Machine Thread - 0] INFO  statemachine.DatanodeStateMachine (DatanodeStateMachine.java:lambda$startDaemon$0(405)) - Ozone container server started.
2020-10-09 13:09:40,080 [Thread-613] INFO  impl.FollowerState (FollowerState.java:run(108)) - 806253e9-663f-42ca-9134-07a713f9f0ba@group-E53D4A471D87-FollowerState: change to CANDIDATE, lastRpcTime:7690ms, electionTimeout:5112ms
2020-10-09 13:09:40,080 [Thread-613] INFO  impl.RoleInfo (RoleInfo.java:shutdownFollowerState(121)) - 806253e9-663f-42ca-9134-07a713f9f0ba: shutdown FollowerState
2020-10-09 13:09:40,081 [Thread-613] INFO  impl.RaftServerImpl (RaftServerImpl.java:setRole(198)) - 806253e9-663f-42ca-9134-07a713f9f0ba@group-E53D4A471D87: changes role from  FOLLOWER to CANDIDATE at term 1 for changeToCandidate
2020-10-09 13:09:40,081 [Thread-613] INFO  impl.RoleInfo (RoleInfo.java:updateAndGet(143)) - 806253e9-663f-42ca-9134-07a713f9f0ba: start LeaderElection
2020-10-09 13:09:40,082 [806253e9-663f-42ca-9134-07a713f9f0ba@group-E53D4A471D87-LeaderElection26] INFO  impl.RaftServerImpl (ServerState.java:setLeader(256)) - 806253e9-663f-42ca-9134-07a713f9f0ba@group-E53D4A471D87: change Leader from c898e38e-09ec-443f-8bfc-2e0e927f6f14 to null at term 1 for initElection
2020-10-09 13:09:40,084 [806253e9-663f-42ca-9134-07a713f9f0ba@group-E53D4A471D87-LeaderElection26] INFO  impl.LeaderElection (LeaderElection.java:askForVotes(210)) - 806253e9-663f-42ca-9134-07a713f9f0ba@group-E53D4A471D87-LeaderElection26: begin an election at term 2 for 0: [35f076fd-81c9-4d49-85ba-25f227690f12:172.17.0.2:35535:0, c898e38e-09ec-443f-8bfc-2e0e927f6f14:172.17.0.2:40791:0, 806253e9-663f-42ca-9134-07a713f9f0ba:172.17.0.2:45075:0], old=null
2020-10-09 13:09:40,087 [806253e9-663f-42ca-9134-07a713f9f0ba@group-E53D4A471D87-LeaderElection26] INFO  impl.LeaderElection (LogUtils.java:infoOrTrace(137)) - 806253e9-663f-42ca-9134-07a713f9f0ba@group-E53D4A471D87-LeaderElection26 got exception when requesting votes: java.util.concurrent.ExecutionException: org.apache.ratis.thirdparty.io.grpc.StatusRuntimeException: UNAVAILABLE: io exception
2020-10-09 13:09:40,089 [806253e9-663f-42ca-9134-07a713f9f0ba@group-E53D4A471D87-LeaderElection26] INFO  impl.LeaderElection (LogUtils.java:infoOrTrace(137)) - 806253e9-663f-42ca-9134-07a713f9f0ba@group-E53D4A471D87-LeaderElection26 got exception when requesting votes: java.util.concurrent.ExecutionException: org.apache.ratis.thirdparty.io.grpc.StatusRuntimeException: UNAVAILABLE: io exception
2020-10-09 13:09:40,089 [806253e9-663f-42ca-9134-07a713f9f0ba@group-E53D4A471D87-LeaderElection26] INFO  impl.LeaderElection (LeaderElection.java:logAndReturn(62)) - 806253e9-663f-42ca-9134-07a713f9f0ba@group-E53D4A471D87-LeaderElection26: Election REJECTED; received 0 response(s) [] and 2 exception(s); 806253e9-663f-42ca-9134-07a713f9f0ba@group-E53D4A471D87:t2, leader=null, voted=806253e9-663f-42ca-9134-07a713f9f0ba, raftlog=806253e9-663f-42ca-9134-07a713f9f0ba@group-E53D4A471D87-SegmentedRaftLog:OPENED:c0,f0,i0, conf=0: [35f076fd-81c9-4d49-85ba-25f227690f12:172.17.0.2:35535:0, c898e38e-09ec-443f-8bfc-2e0e927f6f14:172.17.0.2:40791:0, 806253e9-663f-42ca-9134-07a713f9f0ba:172.17.0.2:45075:0], old=null
2020-10-09 13:09:40,090 [806253e9-663f-42ca-9134-07a713f9f0ba@group-E53D4A471D87-LeaderElection26] INFO  impl.LeaderElection (LogUtils.java:infoOrTrace(137)) -   Exception 0: java.util.concurrent.ExecutionException: org.apache.ratis.thirdparty.io.grpc.StatusRuntimeException: UNAVAILABLE: io exception
2020-10-09 13:09:40,090 [806253e9-663f-42ca-9134-07a713f9f0ba@group-E53D4A471D87-LeaderElection26] INFO  impl.LeaderElection (LogUtils.java:infoOrTrace(137)) -   Exception 1: java.util.concurrent.ExecutionException: org.apache.ratis.thirdparty.io.grpc.StatusRuntimeException: UNAVAILABLE: io exception
2020-10-09 13:09:40,091 [806253e9-663f-42ca-9134-07a713f9f0ba@group-E53D4A471D87-LeaderElection26] INFO  impl.RaftServerImpl (RaftServerImpl.java:setRole(198)) - 806253e9-663f-42ca-9134-07a713f9f0ba@group-E53D4A471D87: changes role from CANDIDATE to FOLLOWER at term 2 for DISCOVERED_A_NEW_TERM
2020-10-09 13:09:40,091 [806253e9-663f-42ca-9134-07a713f9f0ba@group-E53D4A471D87-LeaderElection26] INFO  impl.RoleInfo (RoleInfo.java:shutdownLeaderElection(134)) - 806253e9-663f-42ca-9134-07a713f9f0ba: shutdown LeaderElection
2020-10-09 13:09:40,091 [806253e9-663f-42ca-9134-07a713f9f0ba@group-E53D4A471D87-LeaderElection26] INFO  impl.RoleInfo (RoleInfo.java:updateAndGet(143)) - 806253e9-663f-42ca-9134-07a713f9f0ba: start FollowerState
2020-10-09 13:09:40,555 [grpc-default-executor-3] WARN  server.GrpcLogAppender (LogUtils.java:warn(122)) - d6479ada-01f6-46a2-af6c-4c5e8a8a5896@group-31C907F937B7->fb832d46-014a-40af-bef4-7a4864cad3bb-AppendLogResponseHandler: Failed appendEntries: org.apache.ratis.thirdparty.io.grpc.StatusRuntimeException: UNAVAILABLE: io exception
2020-10-09 13:09:40,557 [grpc-default-executor-3] WARN  server.GrpcLogAppender (GrpcLogAppender.java:resetClient(107)) - d6479ada-01f6-46a2-af6c-4c5e8a8a5896@group-31C907F937B7->fb832d46-014a-40af-bef4-7a4864cad3bb-GrpcLogAppender: Leader has not got in touch with Follower d6479ada-01f6-46a2-af6c-4c5e8a8a5896@group-31C907F937B7->fb832d46-014a-40af-bef4-7a4864cad3bb(c0,m0,n1, attendVote=true, lastRpcSendTime=1, lastRpcResponseTime=7509) yet, just keep nextIndex unchanged and retry.
2020-10-09 13:09:40,559 [grpc-default-executor-2] WARN  server.GrpcLogAppender (LogUtils.java:warn(122)) - d6479ada-01f6-46a2-af6c-4c5e8a8a5896@group-31C907F937B7->a81afdc5-1418-4294-8777-a85822e5b345-AppendLogResponseHandler: Failed appendEntries: org.apache.ratis.thirdparty.io.grpc.StatusRuntimeException: UNAVAILABLE: io exception
2020-10-09 13:09:40,559 [grpc-default-executor-2] WARN  server.GrpcLogAppender (GrpcLogAppender.java:resetClient(107)) - d6479ada-01f6-46a2-af6c-4c5e8a8a5896@group-31C907F937B7->a81afdc5-1418-4294-8777-a85822e5b345-GrpcLogAppender: Leader has not got in touch with Follower d6479ada-01f6-46a2-af6c-4c5e8a8a5896@group-31C907F937B7->a81afdc5-1418-4294-8777-a85822e5b345(c0,m0,n1, attendVote=true, lastRpcSendTime=0, lastRpcResponseTime=2504) yet, just keep nextIndex unchanged and retry.
2020-10-09 13:09:43,056 [grpc-default-executor-2] WARN  server.GrpcLogAppender (LogUtils.java:warn(122)) - d6479ada-01f6-46a2-af6c-4c5e8a8a5896@group-31C907F937B7->fb832d46-014a-40af-bef4-7a4864cad3bb-AppendLogResponseHandler: Failed appendEntries: org.apache.ratis.thirdparty.io.grpc.StatusRuntimeException: UNAVAILABLE: io exception
2020-10-09 13:09:43,057 [grpc-default-executor-2] WARN  server.GrpcLogAppender (GrpcLogAppender.java:resetClient(107)) - d6479ada-01f6-46a2-af6c-4c5e8a8a5896@group-31C907F937B7->fb832d46-014a-40af-bef4-7a4864cad3bb-GrpcLogAppender: Leader has not got in touch with Follower d6479ada-01f6-46a2-af6c-4c5e8a8a5896@group-31C907F937B7->fb832d46-014a-40af-bef4-7a4864cad3bb(c0,m0,n1, attendVote=true, lastRpcSendTime=1, lastRpcResponseTime=10009) yet, just keep nextIndex unchanged and retry.
2020-10-09 13:09:43,060 [grpc-default-executor-2] WARN  server.GrpcLogAppender (LogUtils.java:warn(122)) - d6479ada-01f6-46a2-af6c-4c5e8a8a5896@group-31C907F937B7->a81afdc5-1418-4294-8777-a85822e5b345-AppendLogResponseHandler: Failed appendEntries: org.apache.ratis.thirdparty.io.grpc.StatusRuntimeException: UNAVAILABLE: io exception
2020-10-09 13:09:43,061 [grpc-default-executor-2] WARN  server.GrpcLogAppender (GrpcLogAppender.java:resetClient(107)) - d6479ada-01f6-46a2-af6c-4c5e8a8a5896@group-31C907F937B7->a81afdc5-1418-4294-8777-a85822e5b345-GrpcLogAppender: Leader has not got in touch with Follower d6479ada-01f6-46a2-af6c-4c5e8a8a5896@group-31C907F937B7->a81afdc5-1418-4294-8777-a85822e5b345(c0,m0,n1, attendVote=true, lastRpcSendTime=0, lastRpcResponseTime=5005) yet, just keep nextIndex unchanged and retry.
2020-10-09 13:09:43,332 [ForkJoinPool.commonPool-worker-0] INFO  ozoneimpl.OzoneContainer (OzoneContainer.java:stop(259)) - Attempting to stop container services.
2020-10-09 13:09:43,332 [Listener at 127.0.0.1/33443] INFO  ozoneimpl.OzoneContainer (OzoneContainer.java:stop(259)) - Attempting to stop container services.
2020-10-09 13:09:43,332 [ForkJoinPool.commonPool-worker-0] INFO  impl.RaftServerProxy (RaftServerProxy.java:lambda$close$4(322)) - 806253e9-663f-42ca-9134-07a713f9f0ba: close
2020-10-09 13:09:43,333 [ForkJoinPool.commonPool-worker-0] INFO  impl.RaftServerImpl (RaftServerImpl.java:lambda$shutdown$3(321)) - 806253e9-663f-42ca-9134-07a713f9f0ba@group-382996AC8CC6: shutdown
2020-10-09 13:09:43,333 [ForkJoinPool.commonPool-worker-0] INFO  util.JmxRegister (JmxRegister.java:unregister(73)) - Successfully un-registered JMX Bean with object name Ratis:service=RaftServer,group=group-382996AC8CC6,id=806253e9-663f-42ca-9134-07a713f9f0ba
2020-10-09 13:09:43,333 [ForkJoinPool.commonPool-worker-0] INFO  impl.RoleInfo (RoleInfo.java:shutdownLeaderState(104)) - 806253e9-663f-42ca-9134-07a713f9f0ba: shutdown LeaderState
2020-10-09 13:09:43,333 [Listener at 127.0.0.1/33443] INFO  impl.RaftServerProxy (RaftServerProxy.java:lambda$close$4(322)) - 2496a6d5-eb4d-4d52-a464-3aecd426488f: close
2020-10-09 13:09:43,334 [Listener at 127.0.0.1/33443] INFO  impl.RaftServerImpl (RaftServerImpl.java:lambda$shutdown$3(321)) - 2496a6d5-eb4d-4d52-a464-3aecd426488f@group-90C62601240A: shutdown
2020-10-09 13:09:43,334 [Listener at 127.0.0.1/33443] INFO  util.JmxRegister (JmxRegister.java:unregister(73)) - Successfully un-registered JMX Bean with object name Ratis:service=RaftServer,group=group-90C62601240A,id=2496a6d5-eb4d-4d52-a464-3aecd426488f
2020-10-09 13:09:43,334 [Listener at 127.0.0.1/33443] INFO  impl.RoleInfo (RoleInfo.java:shutdownLeaderState(104)) - 2496a6d5-eb4d-4d52-a464-3aecd426488f: shutdown LeaderState
2020-10-09 13:09:43,334 [Listener at 127.0.0.1/33443] INFO  impl.PendingRequests (PendingRequests.java:sendNotLeaderResponses(249)) - 2496a6d5-eb4d-4d52-a464-3aecd426488f@group-90C62601240A-PendingRequests: sendNotLeaderResponses
2020-10-09 13:09:43,333 [ForkJoinPool.commonPool-worker-0] INFO  impl.PendingRequests (PendingRequests.java:sendNotLeaderResponses(249)) - 806253e9-663f-42ca-9134-07a713f9f0ba@group-382996AC8CC6-PendingRequests: sendNotLeaderResponses
2020-10-09 13:09:43,340 [ForkJoinPool.commonPool-worker-0] INFO  metrics.RatisMetrics (RatisMetrics.java:unregister(43)) - Unregistering Metrics Registry : ratis.log_appender.806253e9-663f-42ca-9134-07a713f9f0ba@group-382996AC8CC6
2020-10-09 13:09:43,340 [ForkJoinPool.commonPool-worker-0] INFO  metrics.RatisMetrics (RatisMetrics.java:unregister(43)) - Unregistering Metrics Registry : ratis.server.806253e9-663f-42ca-9134-07a713f9f0ba@group-382996AC8CC6
2020-10-09 13:09:43,344 [Listener at 127.0.0.1/33443] INFO  metrics.RatisMetrics (RatisMetrics.java:unregister(43)) - Unregistering Metrics Registry : ratis.log_appender.2496a6d5-eb4d-4d52-a464-3aecd426488f@group-90C62601240A
2020-10-09 13:09:43,344 [Listener at 127.0.0.1/33443] INFO  metrics.RatisMetrics (RatisMetrics.java:unregister(43)) - Unregistering Metrics Registry : ratis.server.2496a6d5-eb4d-4d52-a464-3aecd426488f@group-90C62601240A
2020-10-09 13:09:43,346 [ForkJoinPool.commonPool-worker-0] INFO  impl.StateMachineUpdater (StateMachineUpdater.java:stopAndJoin(142)) - 806253e9-663f-42ca-9134-07a713f9f0ba@group-382996AC8CC6-StateMachineUpdater: set stopIndex = 16
2020-10-09 13:09:43,347 [806253e9-663f-42ca-9134-07a713f9f0ba@group-382996AC8CC6-StateMachineUpdater] INFO  ratis.ContainerStateMachine (ContainerStateMachine.java:takeSnapshot(293)) - group-382996AC8CC6: Taking a snapshot at:(t:1, i:16) file /github/workspace/mnt/ozone/hadoop-ozone/integration-test/target/test-dir/MiniOzoneClusterImpl-3c6d3de1-1da1-4a65-89f4-2560fa2fb7b3/datanode-0/data/ratis/02cbea50-f4a4-4954-aeaa-382996ac8cc6/sm/snapshot.1_16
2020-10-09 13:09:43,347 [Listener at 127.0.0.1/33443] INFO  impl.StateMachineUpdater (StateMachineUpdater.java:stopAndJoin(142)) - 2496a6d5-eb4d-4d52-a464-3aecd426488f@group-90C62601240A-StateMachineUpdater: set stopIndex = 10
2020-10-09 13:09:43,347 [2496a6d5-eb4d-4d52-a464-3aecd426488f@group-90C62601240A-StateMachineUpdater] INFO  ratis.ContainerStateMachine (ContainerStateMachine.java:takeSnapshot(293)) - group-90C62601240A: Taking a snapshot at:(t:1, i:10) file /github/workspace/mnt/ozone/hadoop-ozone/integration-test/target/test-dir/MiniOzoneClusterImpl-3c6d3de1-1da1-4a65-89f4-2560fa2fb7b3/datanode-6/data/ratis/37037c9e-d9fe-4225-b5a2-90c62601240a/sm/snapshot.1_10
2020-10-09 13:09:43,348 [806253e9-663f-42ca-9134-07a713f9f0ba@group-382996AC8CC6-StateMachineUpdater] INFO  ratis.ContainerStateMachine (ContainerStateMachine.java:takeSnapshot(304)) - group-382996AC8CC6: Finished taking a snapshot at:(t:1, i:16) file:/github/workspace/mnt/ozone/hadoop-ozone/integration-test/target/test-dir/MiniOzoneClusterImpl-3c6d3de1-1da1-4a65-89f4-2560fa2fb7b3/datanode-0/data/ratis/02cbea50-f4a4-4954-aeaa-382996ac8cc6/sm/snapshot.1_16 time:2
2020-10-09 13:09:43,348 [806253e9-663f-42ca-9134-07a713f9f0ba@group-382996AC8CC6-StateMachineUpdater] INFO  impl.StateMachineUpdater (StateMachineUpdater.java:takeSnapshot(277)) - 806253e9-663f-42ca-9134-07a713f9f0ba@group-382996AC8CC6-StateMachineUpdater: Took a snapshot at index 16
2020-10-09 13:09:43,348 [806253e9-663f-42ca-9134-07a713f9f0ba@group-382996AC8CC6-StateMachineUpdater] INFO  impl.StateMachineUpdater (StateMachineUpdater.java:lambda$new$0(87)) - 806253e9-663f-42ca-9134-07a713f9f0ba@group-382996AC8CC6-StateMachineUpdater: snapshotIndex: updateIncreasingly -1 -> 16
2020-10-09 13:09:43,348 [806253e9-663f-42ca-9134-07a713f9f0ba@group-382996AC8CC6-StateMachineUpdater] INFO  metrics.RatisMetrics (RatisMetrics.java:unregister(43)) - Unregistering Metrics Registry : ratis.state_machine.806253e9-663f-42ca-9134-07a713f9f0ba@group-382996AC8CC6
2020-10-09 13:09:43,348 [ForkJoinPool.commonPool-worker-0] INFO  impl.RaftServerImpl (ServerState.java:close(405)) - 806253e9-663f-42ca-9134-07a713f9f0ba@group-382996AC8CC6: closes. applyIndex: 16
2020-10-09 13:09:43,349 [806253e9-663f-42ca-9134-07a713f9f0ba@group-382996AC8CC6-SegmentedRaftLogWorker] INFO  segmented.SegmentedRaftLogWorker (SegmentedRaftLogWorker.java:run(327)) - 806253e9-663f-42ca-9134-07a713f9f0ba@group-382996AC8CC6-SegmentedRaftLogWorker was interrupted, exiting. There are 0 tasks remaining in the queue.
2020-10-09 13:09:43,349 [2496a6d5-eb4d-4d52-a464-3aecd426488f@group-90C62601240A-StateMachineUpdater] INFO  ratis.ContainerStateMachine (ContainerStateMachine.java:takeSnapshot(304)) - group-90C62601240A: Finished taking a snapshot at:(t:1, i:10) file:/github/workspace/mnt/ozone/hadoop-ozone/integration-test/target/test-dir/MiniOzoneClusterImpl-3c6d3de1-1da1-4a65-89f4-2560fa2fb7b3/datanode-6/data/ratis/37037c9e-d9fe-4225-b5a2-90c62601240a/sm/snapshot.1_10 time:2
2020-10-09 13:09:43,349 [2496a6d5-eb4d-4d52-a464-3aecd426488f@group-90C62601240A-StateMachineUpdater] INFO  impl.StateMachineUpdater (StateMachineUpdater.java:takeSnapshot(277)) - 2496a6d5-eb4d-4d52-a464-3aecd426488f@group-90C62601240A-StateMachineUpdater: Took a snapshot at index 10
2020-10-09 13:09:43,349 [2496a6d5-eb4d-4d52-a464-3aecd426488f@group-90C62601240A-StateMachineUpdater] INFO  impl.StateMachineUpdater (StateMachineUpdater.java:lambda$new$0(87)) - 2496a6d5-eb4d-4d52-a464-3aecd426488f@group-90C62601240A-StateMachineUpdater: snapshotIndex: updateIncreasingly -1 -> 10
2020-10-09 13:09:43,349 [2496a6d5-eb4d-4d52-a464-3aecd426488f@group-90C62601240A-StateMachineUpdater] INFO  metrics.RatisMetrics (RatisMetrics.java:unregister(43)) - Unregistering Metrics Registry : ratis.state_machine.2496a6d5-eb4d-4d52-a464-3aecd426488f@group-90C62601240A
2020-10-09 13:09:43,350 [Listener at 127.0.0.1/33443] INFO  impl.RaftServerImpl (ServerState.java:close(405)) - 2496a6d5-eb4d-4d52-a464-3aecd426488f@group-90C62601240A: closes. applyIndex: 10
2020-10-09 13:09:43,350 [2496a6d5-eb4d-4d52-a464-3aecd426488f@group-90C62601240A-SegmentedRaftLogWorker] INFO  segmented.SegmentedRaftLogWorker (SegmentedRaftLogWorker.java:run(327)) - 2496a6d5-eb4d-4d52-a464-3aecd426488f@group-90C62601240A-SegmentedRaftLogWorker was interrupted, exiting. There are 0 tasks remaining in the queue.
2020-10-09 13:09:43,350 [ForkJoinPool.commonPool-worker-0] INFO  segmented.SegmentedRaftLogWorker (SegmentedRaftLogWorker.java:close(234)) - 806253e9-663f-42ca-9134-07a713f9f0ba@group-382996AC8CC6-SegmentedRaftLogWorker close()
2020-10-09 13:09:43,351 [Listener at 127.0.0.1/33443] INFO  segmented.SegmentedRaftLogWorker (SegmentedRaftLogWorker.java:close(234)) - 2496a6d5-eb4d-4d52-a464-3aecd426488f@group-90C62601240A-SegmentedRaftLogWorker close()
2020-10-09 13:09:43,351 [ForkJoinPool.commonPool-worker-0] INFO  metrics.RatisMetrics (RatisMetrics.java:unregister(43)) - Unregistering Metrics Registry : ratis.log_worker.806253e9-663f-42ca-9134-07a713f9f0ba@group-382996AC8CC6
2020-10-09 13:09:43,352 [ForkJoinPool.commonPool-worker-0] INFO  metrics.RatisMetrics (RatisMetrics.java:unregister(43)) - Unregistering Metrics Registry : ratis.leader_election.806253e9-663f-42ca-9134-07a713f9f0ba@group-382996AC8CC6
2020-10-09 13:09:43,352 [ForkJoinPool.commonPool-worker-0] INFO  metrics.RatisMetrics (RatisMetrics.java:unregister(43)) - Unregistering Metrics Registry : ratis.server.806253e9-663f-42ca-9134-07a713f9f0ba@group-382996AC8CC6
2020-10-09 13:09:43,352 [ForkJoinPool.commonPool-worker-0] INFO  impl.RaftServerImpl (RaftServerImpl.java:lambda$shutdown$3(321)) - 806253e9-663f-42ca-9134-07a713f9f0ba@group-E53D4A471D87: shutdown
2020-10-09 13:09:43,352 [ForkJoinPool.commonPool-worker-0] INFO  util.JmxRegister (JmxRegister.java:unregister(73)) - Successfully un-registered JMX Bean with object name Ratis:service=RaftServer,group=group-E53D4A471D87,id=806253e9-663f-42ca-9134-07a713f9f0ba
2020-10-09 13:09:43,353 [ForkJoinPool.commonPool-worker-0] INFO  impl.RoleInfo (RoleInfo.java:shutdownFollowerState(121)) - 806253e9-663f-42ca-9134-07a713f9f0ba: shutdown FollowerState
2020-10-09 13:09:43,353 [ForkJoinPool.commonPool-worker-0] INFO  impl.StateMachineUpdater (StateMachineUpdater.java:stopAndJoin(142)) - 806253e9-663f-42ca-9134-07a713f9f0ba@group-E53D4A471D87-StateMachineUpdater: set stopIndex = 0
2020-10-09 13:09:43,353 [Listener at 127.0.0.1/33443] INFO  metrics.RatisMetrics (RatisMetrics.java:unregister(43)) - Unregistering Metrics Registry : ratis.log_worker.2496a6d5-eb4d-4d52-a464-3aecd426488f@group-90C62601240A
2020-10-09 13:09:43,353 [Listener at 127.0.0.1/33443] INFO  metrics.RatisMetrics (RatisMetrics.java:unregister(43)) - Unregistering Metrics Registry : ratis.leader_election.2496a6d5-eb4d-4d52-a464-3aecd426488f@group-90C62601240A
2020-10-09 13:09:43,353 [Listener at 127.0.0.1/33443] INFO  metrics.RatisMetrics (RatisMetrics.java:unregister(43)) - Unregistering Metrics Registry : ratis.server.2496a6d5-eb4d-4d52-a464-3aecd426488f@group-90C62601240A
2020-10-09 13:09:43,353 [Listener at 127.0.0.1/33443] INFO  server.GrpcService (GrpcService.java:closeImpl(183)) - 2496a6d5-eb4d-4d52-a464-3aecd426488f: shutdown server with port 34011 now
2020-10-09 13:09:43,353 [Thread-724] INFO  impl.FollowerState (FollowerState.java:run(117)) - 806253e9-663f-42ca-9134-07a713f9f0ba@group-E53D4A471D87-FollowerState was interrupted: java.lang.InterruptedException: sleep interrupted
2020-10-09 13:09:43,361 [Listener at 127.0.0.1/33443] INFO  server.GrpcService (GrpcService.java:closeImpl(191)) - 2496a6d5-eb4d-4d52-a464-3aecd426488f: shutdown server with port 34011 successfully
2020-10-09 13:09:43,362 [806253e9-663f-42ca-9134-07a713f9f0ba@group-E53D4A471D87-StateMachineUpdater] INFO  ratis.ContainerStateMachine (ContainerStateMachine.java:takeSnapshot(293)) - group-E53D4A471D87: Taking a snapshot at:(t:1, i:0) file /github/workspace/mnt/ozone/hadoop-ozone/integration-test/target/test-dir/MiniOzoneClusterImpl-3c6d3de1-1da1-4a65-89f4-2560fa2fb7b3/datanode-0/data/ratis/6ff09228-2254-425a-803c-e53d4a471d87/sm/snapshot.1_0
2020-10-09 13:09:43,363 [Listener at 127.0.0.1/33443] INFO  utils.BackgroundService (BackgroundService.java:shutdown(132)) - Shutting down service BlockDeletingService
2020-10-09 13:09:43,363 [806253e9-663f-42ca-9134-07a713f9f0ba@group-E53D4A471D87-StateMachineUpdater] INFO  ratis.ContainerStateMachine (ContainerStateMachine.java:takeSnapshot(304)) - group-E53D4A471D87: Finished taking a snapshot at:(t:1, i:0) file:/github/workspace/mnt/ozone/hadoop-ozone/integration-test/target/test-dir/MiniOzoneClusterImpl-3c6d3de1-1da1-4a65-89f4-2560fa2fb7b3/datanode-0/data/ratis/6ff09228-2254-425a-803c-e53d4a471d87/sm/snapshot.1_0 time:9
2020-10-09 13:09:43,364 [Listener at 127.0.0.1/33443] INFO  statemachine.DatanodeStateMachine (DatanodeStateMachine.java:stopDaemon(453)) - Ozone container server stopped.
2020-10-09 13:09:43,364 [806253e9-663f-42ca-9134-07a713f9f0ba@group-E53D4A471D87-StateMachineUpdater] INFO  impl.StateMachineUpdater (StateMachineUpdater.java:takeSnapshot(277)) - 806253e9-663f-42ca-9134-07a713f9f0ba@group-E53D4A471D87-StateMachineUpdater: Took a snapshot at index 0
2020-10-09 13:09:43,364 [806253e9-663f-42ca-9134-07a713f9f0ba@group-E53D4A471D87-StateMachineUpdater] INFO  impl.StateMachineUpdater (StateMachineUpdater.java:lambda$new$0(87)) - 806253e9-663f-42ca-9134-07a713f9f0ba@group-E53D4A471D87-StateMachineUpdater: snapshotIndex: updateIncreasingly -1 -> 0
2020-10-09 13:09:43,364 [806253e9-663f-42ca-9134-07a713f9f0ba@group-E53D4A471D87-StateMachineUpdater] INFO  metrics.RatisMetrics (RatisMetrics.java:unregister(43)) - Unregistering Metrics Registry : ratis.state_machine.806253e9-663f-42ca-9134-07a713f9f0ba@group-E53D4A471D87
2020-10-09 13:09:43,364 [ForkJoinPool.commonPool-worker-0] INFO  impl.RaftServerImpl (ServerState.java:close(405)) - 806253e9-663f-42ca-9134-07a713f9f0ba@group-E53D4A471D87: closes. applyIndex: 0
2020-10-09 13:09:43,365 [806253e9-663f-42ca-9134-07a713f9f0ba@group-E53D4A471D87-SegmentedRaftLogWorker] INFO  segmented.SegmentedRaftLogWorker (SegmentedRaftLogWorker.java:run(327)) - 806253e9-663f-42ca-9134-07a713f9f0ba@group-E53D4A471D87-SegmentedRaftLogWorker was interrupted, exiting. There are 0 tasks remaining in the queue.
2020-10-09 13:09:43,365 [ForkJoinPool.commonPool-worker-0] INFO  segmented.SegmentedRaftLogWorker (SegmentedRaftLogWorker.java:close(234)) - 806253e9-663f-42ca-9134-07a713f9f0ba@group-E53D4A471D87-SegmentedRaftLogWorker close()
2020-10-09 13:09:43,365 [ForkJoinPool.commonPool-worker-0] INFO  metrics.RatisMetrics (RatisMetrics.java:unregister(43)) - Unregistering Metrics Registry : ratis.log_worker.806253e9-663f-42ca-9134-07a713f9f0ba@group-E53D4A471D87
2020-10-09 13:09:43,365 [ForkJoinPool.commonPool-worker-0] INFO  metrics.RatisMetrics (RatisMetrics.java:unregister(43)) - Unregistering Metrics Registry : ratis.leader_election.806253e9-663f-42ca-9134-07a713f9f0ba@group-E53D4A471D87
2020-10-09 13:09:43,365 [ForkJoinPool.commonPool-worker-0] INFO  metrics.RatisMetrics (RatisMetrics.java:unregister(43)) - Unregistering Metrics Registry : ratis.server.806253e9-663f-42ca-9134-07a713f9f0ba@group-E53D4A471D87
2020-10-09 13:09:43,365 [ForkJoinPool.commonPool-worker-0] INFO  server.GrpcService (GrpcService.java:closeImpl(183)) - 806253e9-663f-42ca-9134-07a713f9f0ba: shutdown server with port 45075 now
2020-10-09 13:09:43,370 [ForkJoinPool.commonPool-worker-0] INFO  server.GrpcService (GrpcService.java:closeImpl(191)) - 806253e9-663f-42ca-9134-07a713f9f0ba: shutdown server with port 45075 successfully
2020-10-09 13:09:43,371 [ForkJoinPool.commonPool-worker-0] INFO  utils.BackgroundService (BackgroundService.java:shutdown(132)) - Shutting down service BlockDeletingService
2020-10-09 13:09:43,372 [ForkJoinPool.commonPool-worker-0] INFO  statemachine.DatanodeStateMachine (DatanodeStateMachine.java:stopDaemon(453)) - Ozone container server stopped.
2020-10-09 13:09:43,376 [Listener at 127.0.0.1/33443] INFO  handler.ContextHandler (ContextHandler.java:doStop(1016)) - Stopped o.e.j.w.WebAppContext@543c7256{hddsDatanode,/,null,UNAVAILABLE}{jar:file:/home/user/.m2/repository/org/apache/hadoop/hadoop-hdds-container-service/1.1.0-SNAPSHOT/hadoop-hdds-container-service-1.1.0-SNAPSHOT.jar!/webapps/hddsDatanode}
2020-10-09 13:09:43,379 [Listener at 127.0.0.1/33443] INFO  server.AbstractConnector (AbstractConnector.java:doStop(380)) - Stopped ServerConnector@7231b31{HTTP/1.1,[http/1.1]}{0.0.0.0:0}
2020-10-09 13:09:43,379 [Listener at 127.0.0.1/33443] INFO  server.session (HouseKeeper.java:stopScavenging(158)) - node0 Stopped scavenging
2020-10-09 13:09:43,379 [Listener at 127.0.0.1/33443] INFO  handler.ContextHandler (ContextHandler.java:doStop(1016)) - Stopped o.e.j.s.ServletContextHandler@59f4beb0{static,/static,jar:file:/home/user/.m2/repository/org/apache/hadoop/hadoop-hdds-container-service/1.1.0-SNAPSHOT/hadoop-hdds-container-service-1.1.0-SNAPSHOT.jar!/webapps/static,UNAVAILABLE}
2020-10-09 13:09:43,379 [Listener at 127.0.0.1/33443] INFO  handler.ContextHandler (ContextHandler.java:doStop(1016)) - Stopped o.e.j.s.ServletContextHandler@6f8cdf2c{logs,/logs,file:///github/workspace/mnt/ozone/hadoop-ozone/integration-test/target/log,UNAVAILABLE}
2020-10-09 13:09:43,381 [ForkJoinPool.commonPool-worker-0] INFO  handler.ContextHandler (ContextHandler.java:doStop(1016)) - Stopped o.e.j.w.WebAppContext@3a51c6b6{hddsDatanode,/,null,UNAVAILABLE}{jar:file:/home/user/.m2/repository/org/apache/hadoop/hadoop-hdds-container-service/1.1.0-SNAPSHOT/hadoop-hdds-container-service-1.1.0-SNAPSHOT.jar!/webapps/hddsDatanode}
2020-10-09 13:09:43,382 [ForkJoinPool.commonPool-worker-0] INFO  server.AbstractConnector (AbstractConnector.java:doStop(380)) - Stopped ServerConnector@5bc5adf6{HTTP/1.1,[http/1.1]}{0.0.0.0:0}
2020-10-09 13:09:43,382 [ForkJoinPool.commonPool-worker-0] INFO  server.session (HouseKeeper.java:stopScavenging(158)) - node0 Stopped scavenging
2020-10-09 13:09:43,383 [ForkJoinPool.commonPool-worker-0] INFO  handler.ContextHandler (ContextHandler.java:doStop(1016)) - Stopped o.e.j.s.ServletContextHandler@1203725d{static,/static,jar:file:/home/user/.m2/repository/org/apache/hadoop/hadoop-hdds-container-service/1.1.0-SNAPSHOT/hadoop-hdds-container-service-1.1.0-SNAPSHOT.jar!/webapps/static,UNAVAILABLE}
2020-10-09 13:09:43,383 [ForkJoinPool.commonPool-worker-0] INFO  handler.ContextHandler (ContextHandler.java:doStop(1016)) - Stopped o.e.j.s.ServletContextHandler@714a9897{logs,/logs,file:///github/workspace/mnt/ozone/hadoop-ozone/integration-test/target/log,UNAVAILABLE}
2020-10-09 13:09:43,505 [Datanode State Machine Thread - 0] INFO  statemachine.DatanodeStateMachine (DatanodeStateMachine.java:lambda$startDaemon$0(405)) - Ozone container server started.
2020-10-09 13:09:45,557 [grpc-default-executor-2] WARN  server.GrpcLogAppender (LogUtils.java:warn(122)) - d6479ada-01f6-46a2-af6c-4c5e8a8a5896@group-31C907F937B7->fb832d46-014a-40af-bef4-7a4864cad3bb-AppendLogResponseHandler: Failed appendEntries: org.apache.ratis.thirdparty.io.grpc.StatusRuntimeException: UNAVAILABLE: io exception
2020-10-09 13:09:45,558 [grpc-default-executor-2] WARN  server.GrpcLogAppender (GrpcLogAppender.java:resetClient(107)) - d6479ada-01f6-46a2-af6c-4c5e8a8a5896@group-31C907F937B7->fb832d46-014a-40af-bef4-7a4864cad3bb-GrpcLogAppender: Leader has not got in touch with Follower d6479ada-01f6-46a2-af6c-4c5e8a8a5896@group-31C907F937B7->fb832d46-014a-40af-bef4-7a4864cad3bb(c0,m0,n1, attendVote=true, lastRpcSendTime=1, lastRpcResponseTime=12510) yet, just keep nextIndex unchanged and retry.
2020-10-09 13:09:45,562 [grpc-default-executor-2] WARN  server.GrpcLogAppender (LogUtils.java:warn(122)) - d6479ada-01f6-46a2-af6c-4c5e8a8a5896@group-31C907F937B7->a81afdc5-1418-4294-8777-a85822e5b345-AppendLogResponseHandler: Failed appendEntries: org.apache.ratis.thirdparty.io.grpc.StatusRuntimeException: UNAVAILABLE: io exception
2020-10-09 13:09:45,563 [grpc-default-executor-2] WARN  server.GrpcLogAppender (GrpcLogAppender.java:resetClient(107)) - d6479ada-01f6-46a2-af6c-4c5e8a8a5896@group-31C907F937B7->a81afdc5-1418-4294-8777-a85822e5b345-GrpcLogAppender: Leader has not got in touch with Follower d6479ada-01f6-46a2-af6c-4c5e8a8a5896@group-31C907F937B7->a81afdc5-1418-4294-8777-a85822e5b345(c0,m0,n1, attendVote=true, lastRpcSendTime=0, lastRpcResponseTime=7508) yet, just keep nextIndex unchanged and retry.
2020-10-09 13:09:46,128 [Thread-707] WARN  impl.RaftServerImpl (LeaderState.java:checkLeadership(893)) - d6479ada-01f6-46a2-af6c-4c5e8a8a5896@group-31C907F937B7-LeaderState: Lost leadership on term: 2. Election timeout: 5200ms. In charge for: 15624ms. Conf: 0: [d6479ada-01f6-46a2-af6c-4c5e8a8a5896:172.17.0.2:38307:0, a81afdc5-1418-4294-8777-a85822e5b345:172.17.0.2:34583:0, fb832d46-014a-40af-bef4-7a4864cad3bb:172.17.0.2:34119:0], old=null. Followers: [d6479ada-01f6-46a2-af6c-4c5e8a8a5896@group-31C907F937B7->a81afdc5-1418-4294-8777-a85822e5b345(c0,m0,n1, attendVote=true, lastRpcSendTime=565, lastRpcResponseTime=8073), d6479ada-01f6-46a2-af6c-4c5e8a8a5896@group-31C907F937B7->fb832d46-014a-40af-bef4-7a4864cad3bb(c0,m0,n1, attendVote=true, lastRpcSendTime=571, lastRpcResponseTime=13080)]
2020-10-09 13:09:46,128 [Thread-707] INFO  impl.RaftServerImpl (RaftServerImpl.java:setRole(198)) - d6479ada-01f6-46a2-af6c-4c5e8a8a5896@group-31C907F937B7: changes role from    LEADER to FOLLOWER at term 2 for stepDown
2020-10-09 13:09:46,128 [Thread-707] INFO  impl.RoleInfo (RoleInfo.java:shutdownLeaderState(104)) - d6479ada-01f6-46a2-af6c-4c5e8a8a5896: shutdown LeaderState
2020-10-09 13:09:46,128 [Thread-707] INFO  metrics.RatisMetrics (RatisMetrics.java:unregister(43)) - Unregistering Metrics Registry : ratis_grpc.log_appender.d6479ada-01f6-46a2-af6c-4c5e8a8a5896@group-31C907F937B7
2020-10-09 13:09:46,129 [Thread-707] INFO  metrics.RatisMetrics (RatisMetrics.java:unregister(43)) - Unregistering Metrics Registry : ratis_grpc.log_appender.d6479ada-01f6-46a2-af6c-4c5e8a8a5896@group-31C907F937B7
2020-10-09 13:09:46,129 [Thread-707] INFO  impl.PendingRequests (PendingRequests.java:sendNotLeaderResponses(249)) - d6479ada-01f6-46a2-af6c-4c5e8a8a5896@group-31C907F937B7-PendingRequests: sendNotLeaderResponses
2020-10-09 13:09:46,129 [Thread-707] INFO  metrics.RatisMetrics (RatisMetrics.java:unregister(43)) - Unregistering Metrics Registry : ratis.log_appender.d6479ada-01f6-46a2-af6c-4c5e8a8a5896@group-31C907F937B7
2020-10-09 13:09:46,129 [Thread-707] INFO  metrics.RatisMetrics (RatisMetrics.java:unregister(43)) - Unregistering Metrics Registry : ratis.server.d6479ada-01f6-46a2-af6c-4c5e8a8a5896@group-31C907F937B7
2020-10-09 13:09:46,130 [Thread-707] INFO  impl.RoleInfo (RoleInfo.java:updateAndGet(143)) - d6479ada-01f6-46a2-af6c-4c5e8a8a5896: start FollowerState
2020-10-09 13:09:46,130 [org.apache.ratis.server.impl.LogAppender$AppenderDaemon$$Lambda$467/613179422@4e08753] WARN  server.GrpcLogAppender (GrpcLogAppender.java:mayWait(168)) - d6479ada-01f6-46a2-af6c-4c5e8a8a5896@group-31C907F937B7->a81afdc5-1418-4294-8777-a85822e5b345-GrpcLogAppender: Wait interrupted by java.lang.InterruptedException
2020-10-09 13:09:46,130 [org.apache.ratis.server.impl.LogAppender$AppenderDaemon$$Lambda$467/613179422@3c23395f] WARN  server.GrpcLogAppender (GrpcLogAppender.java:mayWait(168)) - d6479ada-01f6-46a2-af6c-4c5e8a8a5896@group-31C907F937B7->fb832d46-014a-40af-bef4-7a4864cad3bb-GrpcLogAppender: Wait interrupted by java.lang.InterruptedException
2020-10-09 13:09:48,382 [Listener at 127.0.0.1/33443] INFO  ozoneimpl.OzoneContainer (OzoneContainer.java:stop(259)) - Attempting to stop container services.
2020-10-09 13:09:48,383 [Listener at 127.0.0.1/33443] INFO  impl.RaftServerProxy (RaftServerProxy.java:lambda$close$4(322)) - d6479ada-01f6-46a2-af6c-4c5e8a8a5896: close
2020-10-09 13:09:48,383 [Listener at 127.0.0.1/33443] INFO  impl.RaftServerImpl (RaftServerImpl.java:lambda$shutdown$3(321)) - d6479ada-01f6-46a2-af6c-4c5e8a8a5896@group-5E5C92167BF9: shutdown
2020-10-09 13:09:48,383 [Listener at 127.0.0.1/33443] INFO  util.JmxRegister (JmxRegister.java:unregister(73)) - Successfully un-registered JMX Bean with object name Ratis:service=RaftServer,group=group-5E5C92167BF9,id=d6479ada-01f6-46a2-af6c-4c5e8a8a5896
2020-10-09 13:09:48,384 [Listener at 127.0.0.1/33443] INFO  impl.RoleInfo (RoleInfo.java:shutdownLeaderState(104)) - d6479ada-01f6-46a2-af6c-4c5e8a8a5896: shutdown LeaderState
2020-10-09 13:09:48,384 [Listener at 127.0.0.1/33443] INFO  impl.PendingRequests (PendingRequests.java:sendNotLeaderResponses(249)) - d6479ada-01f6-46a2-af6c-4c5e8a8a5896@group-5E5C92167BF9-PendingRequests: sendNotLeaderResponses
2020-10-09 13:09:48,384 [Listener at 127.0.0.1/33443] INFO  metrics.RatisMetrics (RatisMetrics.java:unregister(43)) - Unregistering Metrics Registry : ratis.log_appender.d6479ada-01f6-46a2-af6c-4c5e8a8a5896@group-5E5C92167BF9
2020-10-09 13:09:48,384 [Listener at 127.0.0.1/33443] INFO  metrics.RatisMetrics (RatisMetrics.java:unregister(43)) - Unregistering Metrics Registry : ratis.server.d6479ada-01f6-46a2-af6c-4c5e8a8a5896@group-5E5C92167BF9
2020-10-09 13:09:48,385 [Listener at 127.0.0.1/33443] INFO  impl.StateMachineUpdater (StateMachineUpdater.java:stopAndJoin(142)) - d6479ada-01f6-46a2-af6c-4c5e8a8a5896@group-5E5C92167BF9-StateMachineUpdater: set stopIndex = 0
2020-10-09 13:09:48,386 [d6479ada-01f6-46a2-af6c-4c5e8a8a5896@group-5E5C92167BF9-StateMachineUpdater] INFO  ratis.ContainerStateMachine (ContainerStateMachine.java:takeSnapshot(293)) - group-5E5C92167BF9: Taking a snapshot at:(t:1, i:0) file /github/workspace/mnt/ozone/hadoop-ozone/integration-test/target/test-dir/MiniOzoneClusterImpl-3c6d3de1-1da1-4a65-89f4-2560fa2fb7b3/datanode-5/data/ratis/574f904f-c48d-48f7-bfd9-5e5c92167bf9/sm/snapshot.1_0
2020-10-09 13:09:48,387 [d6479ada-01f6-46a2-af6c-4c5e8a8a5896@group-5E5C92167BF9-StateMachineUpdater] INFO  ratis.ContainerStateMachine (ContainerStateMachine.java:takeSnapshot(304)) - group-5E5C92167BF9: Finished taking a snapshot at:(t:1, i:0) file:/github/workspace/mnt/ozone/hadoop-ozone/integration-test/target/test-dir/MiniOzoneClusterImpl-3c6d3de1-1da1-4a65-89f4-2560fa2fb7b3/datanode-5/data/ratis/574f904f-c48d-48f7-bfd9-5e5c92167bf9/sm/snapshot.1_0 time:1
2020-10-09 13:09:48,387 [d6479ada-01f6-46a2-af6c-4c5e8a8a5896@group-5E5C92167BF9-StateMachineUpdater] INFO  impl.StateMachineUpdater (StateMachineUpdater.java:takeSnapshot(277)) - d6479ada-01f6-46a2-af6c-4c5e8a8a5896@group-5E5C92167BF9-StateMachineUpdater: Took a snapshot at index 0
2020-10-09 13:09:48,387 [d6479ada-01f6-46a2-af6c-4c5e8a8a5896@group-5E5C92167BF9-StateMachineUpdater] INFO  impl.StateMachineUpdater (StateMachineUpdater.java:lambda$new$0(87)) - d6479ada-01f6-46a2-af6c-4c5e8a8a5896@group-5E5C92167BF9-StateMachineUpdater: snapshotIndex: updateIncreasingly -1 -> 0
2020-10-09 13:09:48,387 [d6479ada-01f6-46a2-af6c-4c5e8a8a5896@group-5E5C92167BF9-StateMachineUpdater] INFO  metrics.RatisMetrics (RatisMetrics.java:unregister(43)) - Unregistering Metrics Registry : ratis.state_machine.d6479ada-01f6-46a2-af6c-4c5e8a8a5896@group-5E5C92167BF9
2020-10-09 13:09:48,387 [Listener at 127.0.0.1/33443] INFO  impl.RaftServerImpl (ServerState.java:close(405)) - d6479ada-01f6-46a2-af6c-4c5e8a8a5896@group-5E5C92167BF9: closes. applyIndex: 0
2020-10-09 13:09:48,388 [d6479ada-01f6-46a2-af6c-4c5e8a8a5896@group-5E5C92167BF9-SegmentedRaftLogWorker] INFO  segmented.SegmentedRaftLogWorker (SegmentedRaftLogWorker.java:run(327)) - d6479ada-01f6-46a2-af6c-4c5e8a8a5896@group-5E5C92167BF9-SegmentedRaftLogWorker was interrupted, exiting. There are 0 tasks remaining in the queue.
2020-10-09 13:09:48,388 [Listener at 127.0.0.1/33443] INFO  segmented.SegmentedRaftLogWorker (SegmentedRaftLogWorker.java:close(234)) - d6479ada-01f6-46a2-af6c-4c5e8a8a5896@group-5E5C92167BF9-SegmentedRaftLogWorker close()
2020-10-09 13:09:48,388 [Listener at 127.0.0.1/33443] INFO  metrics.RatisMetrics (RatisMetrics.java:unregister(43)) - Unregistering Metrics Registry : ratis.log_worker.d6479ada-01f6-46a2-af6c-4c5e8a8a5896@group-5E5C92167BF9
2020-10-09 13:09:48,389 [Listener at 127.0.0.1/33443] INFO  metrics.RatisMetrics (RatisMetrics.java:unregister(43)) - Unregistering Metrics Registry : ratis.leader_election.d6479ada-01f6-46a2-af6c-4c5e8a8a5896@group-5E5C92167BF9
2020-10-09 13:09:48,389 [Listener at 127.0.0.1/33443] INFO  metrics.RatisMetrics (RatisMetrics.java:unregister(43)) - Unregistering Metrics Registry : ratis.server.d6479ada-01f6-46a2-af6c-4c5e8a8a5896@group-5E5C92167BF9
2020-10-09 13:09:48,389 [Listener at 127.0.0.1/33443] INFO  impl.RaftServerImpl (RaftServerImpl.java:lambda$shutdown$3(321)) - d6479ada-01f6-46a2-af6c-4c5e8a8a5896@group-31C907F937B7: shutdown
2020-10-09 13:09:48,389 [Listener at 127.0.0.1/33443] INFO  util.JmxRegister (JmxRegister.java:unregister(73)) - Successfully un-registered JMX Bean with object name Ratis:service=RaftServer,group=group-31C907F937B7,id=d6479ada-01f6-46a2-af6c-4c5e8a8a5896
2020-10-09 13:09:48,390 [Listener at 127.0.0.1/33443] INFO  impl.RoleInfo (RoleInfo.java:shutdownFollowerState(121)) - d6479ada-01f6-46a2-af6c-4c5e8a8a5896: shutdown FollowerState
2020-10-09 13:09:48,390 [Thread-725] INFO  impl.FollowerState (FollowerState.java:run(117)) - d6479ada-01f6-46a2-af6c-4c5e8a8a5896@group-31C907F937B7-FollowerState was interrupted: java.lang.InterruptedException: sleep interrupted
2020-10-09 13:09:48,391 [d6479ada-01f6-46a2-af6c-4c5e8a8a5896@group-31C907F937B7-StateMachineUpdater] INFO  ratis.ContainerStateMachine (ContainerStateMachine.java:takeSnapshot(293)) - group-31C907F937B7: Taking a snapshot at:(t:2, i:0) file /github/workspace/mnt/ozone/hadoop-ozone/integration-test/target/test-dir/MiniOzoneClusterImpl-3c6d3de1-1da1-4a65-89f4-2560fa2fb7b3/datanode-5/data/ratis/9d4a6958-0a4a-4646-bfed-31c907f937b7/sm/snapshot.2_0
2020-10-09 13:09:48,391 [Listener at 127.0.0.1/33443] INFO  impl.StateMachineUpdater (StateMachineUpdater.java:stopAndJoin(142)) - d6479ada-01f6-46a2-af6c-4c5e8a8a5896@group-31C907F937B7-StateMachineUpdater: set stopIndex = 0
2020-10-09 13:09:48,391 [d6479ada-01f6-46a2-af6c-4c5e8a8a5896@group-31C907F937B7-StateMachineUpdater] INFO  ratis.ContainerStateMachine (ContainerStateMachine.java:takeSnapshot(304)) - group-31C907F937B7: Finished taking a snapshot at:(t:2, i:0) file:/github/workspace/mnt/ozone/hadoop-ozone/integration-test/target/test-dir/MiniOzoneClusterImpl-3c6d3de1-1da1-4a65-89f4-2560fa2fb7b3/datanode-5/data/ratis/9d4a6958-0a4a-4646-bfed-31c907f937b7/sm/snapshot.2_0 time:0
2020-10-09 13:09:48,391 [d6479ada-01f6-46a2-af6c-4c5e8a8a5896@group-31C907F937B7-StateMachineUpdater] INFO  impl.StateMachineUpdater (StateMachineUpdater.java:takeSnapshot(277)) - d6479ada-01f6-46a2-af6c-4c5e8a8a5896@group-31C907F937B7-StateMachineUpdater: Took a snapshot at index 0
2020-10-09 13:09:48,392 [d6479ada-01f6-46a2-af6c-4c5e8a8a5896@group-31C907F937B7-StateMachineUpdater] INFO  impl.StateMachineUpdater (StateMachineUpdater.java:lambda$new$0(87)) - d6479ada-01f6-46a2-af6c-4c5e8a8a5896@group-31C907F937B7-StateMachineUpdater: snapshotIndex: updateIncreasingly -1 -> 0
2020-10-09 13:09:48,392 [d6479ada-01f6-46a2-af6c-4c5e8a8a5896@group-31C907F937B7-StateMachineUpdater] INFO  metrics.RatisMetrics (RatisMetrics.java:unregister(43)) - Unregistering Metrics Registry : ratis.state_machine.d6479ada-01f6-46a2-af6c-4c5e8a8a5896@group-31C907F937B7
2020-10-09 13:09:48,392 [Listener at 127.0.0.1/33443] INFO  impl.RaftServerImpl (ServerState.java:close(405)) - d6479ada-01f6-46a2-af6c-4c5e8a8a5896@group-31C907F937B7: closes. applyIndex: 0
2020-10-09 13:09:48,392 [d6479ada-01f6-46a2-af6c-4c5e8a8a5896@group-31C907F937B7-SegmentedRaftLogWorker] INFO  segmented.SegmentedRaftLogWorker (SegmentedRaftLogWorker.java:run(327)) - d6479ada-01f6-46a2-af6c-4c5e8a8a5896@group-31C907F937B7-SegmentedRaftLogWorker was interrupted, exiting. There are 0 tasks remaining in the queue.
2020-10-09 13:09:48,392 [Listener at 127.0.0.1/33443] INFO  segmented.SegmentedRaftLogWorker (SegmentedRaftLogWorker.java:close(234)) - d6479ada-01f6-46a2-af6c-4c5e8a8a5896@group-31C907F937B7-SegmentedRaftLogWorker close()
2020-10-09 13:09:48,393 [Listener at 127.0.0.1/33443] INFO  metrics.RatisMetrics (RatisMetrics.java:unregister(43)) - Unregistering Metrics Registry : ratis.log_worker.d6479ada-01f6-46a2-af6c-4c5e8a8a5896@group-31C907F937B7
2020-10-09 13:09:48,393 [Listener at 127.0.0.1/33443] INFO  metrics.RatisMetrics (RatisMetrics.java:unregister(43)) - Unregistering Metrics Registry : ratis.leader_election.d6479ada-01f6-46a2-af6c-4c5e8a8a5896@group-31C907F937B7
2020-10-09 13:09:48,393 [Listener at 127.0.0.1/33443] INFO  metrics.RatisMetrics (RatisMetrics.java:unregister(43)) - Unregistering Metrics Registry : ratis.server.d6479ada-01f6-46a2-af6c-4c5e8a8a5896@group-31C907F937B7
2020-10-09 13:09:48,393 [Listener at 127.0.0.1/33443] INFO  server.GrpcService (GrpcService.java:closeImpl(183)) - d6479ada-01f6-46a2-af6c-4c5e8a8a5896: shutdown server with port 38307 now
2020-10-09 13:09:48,395 [Listener at 127.0.0.1/33443] INFO  server.GrpcService (GrpcService.java:closeImpl(191)) - d6479ada-01f6-46a2-af6c-4c5e8a8a5896: shutdown server with port 38307 successfully
2020-10-09 13:09:48,397 [Listener at 127.0.0.1/33443] INFO  utils.BackgroundService (BackgroundService.java:shutdown(132)) - Shutting down service BlockDeletingService
2020-10-09 13:09:48,399 [Listener at 127.0.0.1/33443] INFO  statemachine.DatanodeStateMachine (DatanodeStateMachine.java:stopDaemon(453)) - Ozone container server stopped.
2020-10-09 13:09:48,407 [Listener at 127.0.0.1/33443] INFO  handler.ContextHandler (ContextHandler.java:doStop(1016)) - Stopped o.e.j.w.WebAppContext@43bb1eb{hddsDatanode,/,null,UNAVAILABLE}{jar:file:/home/user/.m2/repository/org/apache/hadoop/hadoop-hdds-container-service/1.1.0-SNAPSHOT/hadoop-hdds-container-service-1.1.0-SNAPSHOT.jar!/webapps/hddsDatanode}
2020-10-09 13:09:48,407 [Listener at 127.0.0.1/33443] INFO  server.AbstractConnector (AbstractConnector.java:doStop(380)) - Stopped ServerConnector@752110b{HTTP/1.1,[http/1.1]}{0.0.0.0:0}
2020-10-09 13:09:48,407 [Listener at 127.0.0.1/33443] INFO  server.session (HouseKeeper.java:stopScavenging(158)) - node0 Stopped scavenging
2020-10-09 13:09:48,407 [Listener at 127.0.0.1/33443] INFO  handler.ContextHandler (ContextHandler.java:doStop(1016)) - Stopped o.e.j.s.ServletContextHandler@2002a440{static,/static,jar:file:/home/user/.m2/repository/org/apache/hadoop/hadoop-hdds-container-service/1.1.0-SNAPSHOT/hadoop-hdds-container-service-1.1.0-SNAPSHOT.jar!/webapps/static,UNAVAILABLE}
2020-10-09 13:09:48,407 [Listener at 127.0.0.1/33443] INFO  handler.ContextHandler (ContextHandler.java:doStop(1016)) - Stopped o.e.j.s.ServletContextHandler@6e1cb578{logs,/logs,file:///github/workspace/mnt/ozone/hadoop-ozone/integration-test/target/log,UNAVAILABLE}
2020-10-09 13:09:48,408 [Listener at 127.0.0.1/33443] INFO  ozone.MiniOzoneClusterImpl (MiniOzoneClusterImpl.java:stopSCM(476)) - Stopping the StorageContainerManager
2020-10-09 13:09:48,408 [Listener at 127.0.0.1/33443] INFO  server.StorageContainerManager (StorageContainerManager.java:stop(832)) - Stopping Replication Manager Service.
2020-10-09 13:09:48,408 [Listener at 127.0.0.1/33443] INFO  container.ReplicationManager (ReplicationManager.java:stop(219)) - Stopping Replication Monitor Thread.
2020-10-09 13:09:48,409 [Listener at 127.0.0.1/33443] INFO  server.StorageContainerManager (StorageContainerManager.java:stop(839)) - Stopping Lease Manager of the command watchers
2020-10-09 13:09:48,409 [CommandWatcher-LeaseManager#LeaseMonitor] ERROR lease.LeaseManager (LeaseManager.java:run(238)) - Execution was interrupted 
java.lang.InterruptedException: sleep interrupted
	at java.lang.Thread.sleep(Native Method)
	at org.apache.hadoop.ozone.lease.LeaseManager$LeaseMonitor.run(LeaseManager.java:234)
	at java.lang.Thread.run(Thread.java:748)
2020-10-09 13:09:48,409 [Listener at 127.0.0.1/33443] INFO  server.StorageContainerManager (StorageContainerManager.java:stop(846)) - Stopping datanode service RPC server
2020-10-09 13:09:48,409 [Listener at 127.0.0.1/33443] INFO  server.SCMDatanodeProtocolServer (SCMDatanodeProtocolServer.java:stop(361)) - Stopping the RPC server for DataNodes
2020-10-09 13:09:48,409 [Listener at 127.0.0.1/33443] INFO  ipc.Server (Server.java:stop(3359)) - Stopping server on 34705
2020-10-09 13:09:48,411 [IPC Server listener on 0] INFO  ipc.Server (Server.java:run(1330)) - Stopping IPC Server listener on 0
2020-10-09 13:09:48,412 [IPC Server Responder] INFO  ipc.Server (Server.java:run(1465)) - Stopping IPC Server Responder
2020-10-09 13:09:48,454 [SCM Heartbeat Processing Thread - 0] WARN  node.NodeStateManager (NodeStateManager.java:scheduleNextHealthCheck(661)) - Current Thread is interrupted, shutting down HB processing thread for Node Manager.
2020-10-09 13:09:48,454 [Listener at 127.0.0.1/33443] INFO  server.StorageContainerManager (StorageContainerManager.java:stop(854)) - Stopping block service RPC server
2020-10-09 13:09:48,454 [Listener at 127.0.0.1/33443] INFO  server.SCMBlockProtocolServer (SCMBlockProtocolServer.java:stop(158)) - Stopping the RPC server for Block Protocol
2020-10-09 13:09:48,454 [Listener at 127.0.0.1/33443] INFO  ipc.Server (Server.java:stop(3359)) - Stopping server on 34361
2020-10-09 13:09:48,456 [IPC Server listener on 0] INFO  ipc.Server (Server.java:run(1330)) - Stopping IPC Server listener on 0
2020-10-09 13:09:48,462 [IPC Server Responder] INFO  ipc.Server (Server.java:run(1465)) - Stopping IPC Server Responder
2020-10-09 13:09:48,462 [Listener at 127.0.0.1/33443] INFO  server.StorageContainerManager (StorageContainerManager.java:stop(861)) - Stopping the StorageContainerLocationProtocol RPC server
2020-10-09 13:09:48,463 [Listener at 127.0.0.1/33443] INFO  server.SCMClientProtocolServer (SCMClientProtocolServer.java:stop(165)) - Stopping the RPC server for Client Protocol
2020-10-09 13:09:48,463 [Listener at 127.0.0.1/33443] INFO  ipc.Server (Server.java:stop(3359)) - Stopping server on 34259
2020-10-09 13:09:48,463 [IPC Server listener on 0] INFO  ipc.Server (Server.java:run(1330)) - Stopping IPC Server listener on 0
2020-10-09 13:09:48,464 [Listener at 127.0.0.1/33443] INFO  server.StorageContainerManager (StorageContainerManager.java:stop(868)) - Stopping Storage Container Manager HTTP server.
2020-10-09 13:09:48,464 [IPC Server Responder] INFO  ipc.Server (Server.java:run(1465)) - Stopping IPC Server Responder
2020-10-09 13:09:48,464 [Listener at 127.0.0.1/33443] INFO  handler.ContextHandler (ContextHandler.java:doStop(1016)) - Stopped o.e.j.w.WebAppContext@145b47a2{scm,/,null,UNAVAILABLE}{file:/github/workspace/mnt/ozone/hadoop-ozone/integration-test/target/test-classes/webapps/scm}
2020-10-09 13:09:48,465 [Listener at 127.0.0.1/33443] INFO  server.AbstractConnector (AbstractConnector.java:doStop(380)) - Stopped ServerConnector@2c06f7b1{HTTP/1.1,[http/1.1]}{0.0.0.0:0}
2020-10-09 13:09:48,465 [Listener at 127.0.0.1/33443] INFO  server.session (HouseKeeper.java:stopScavenging(158)) - node0 Stopped scavenging
2020-10-09 13:09:48,466 [Listener at 127.0.0.1/33443] INFO  handler.ContextHandler (ContextHandler.java:doStop(1016)) - Stopped o.e.j.s.ServletContextHandler@722434c4{static,/static,file:///github/workspace/mnt/ozone/hadoop-ozone/integration-test/target/test-classes/webapps/static,UNAVAILABLE}
2020-10-09 13:09:48,466 [Listener at 127.0.0.1/33443] INFO  handler.ContextHandler (ContextHandler.java:doStop(1016)) - Stopped o.e.j.s.ServletContextHandler@7d7300cd{logs,/logs,file:///github/workspace/mnt/ozone/hadoop-ozone/integration-test/target/log,UNAVAILABLE}
2020-10-09 13:09:48,466 [Listener at 127.0.0.1/33443] INFO  server.StorageContainerManager (StorageContainerManager.java:stop(879)) - Stopping Block Manager Service.
2020-10-09 13:09:48,466 [Listener at 127.0.0.1/33443] INFO  utils.BackgroundService (BackgroundService.java:shutdown(132)) - Shutting down service SCMBlockDeletingService
2020-10-09 13:09:48,467 [Listener at 127.0.0.1/33443] INFO  utils.BackgroundService (BackgroundService.java:shutdown(132)) - Shutting down service SCMBlockDeletingService
2020-10-09 13:09:48,467 [Listener at 127.0.0.1/33443] INFO  server.StorageContainerManager (StorageContainerManager.java:stop(904)) - Stopping SCM Event Queue.
2020-10-09 13:09:48,469 [Listener at 127.0.0.1/33443] INFO  impl.MetricsSystemImpl (MetricsSystemImpl.java:stop(210)) - Stopping HddsDatanode metrics system...
2020-10-09 13:09:48,479 [Listener at 127.0.0.1/33443] INFO  impl.MetricsSystemImpl (MetricsSystemImpl.java:stop(216)) - HddsDatanode metrics system stopped.
]]></system-out>
  </testcase>
</testsuite>