<?xml version="1.0" encoding="UTF-8"?>
<testsuite xmlns:xsi="http://www.w3.org/2001/XMLSchema-instance" xsi:noNamespaceSchemaLocation="https://maven.apache.org/surefire/maven-surefire-plugin/xsd/surefire-test-report.xsd" name="org.apache.hadoop.ozone.om.TestOzoneManagerPrepare" time="311.418" tests="6" errors="4" skipped="1" failures="0">
  <properties>
    <property name="awt.toolkit" value="sun.awt.X11.XToolkit"/>
    <property name="file.encoding.pkg" value="sun.io"/>
    <property name="java.specification.version" value="1.8"/>
    <property name="sun.cpu.isalist" value=""/>
    <property name="sun.jnu.encoding" value="UTF-8"/>
    <property name="java.class.path" value="/home/runner/work/ozone/ozone/hadoop-ozone/integration-test/target/test-classes:/home/runner/work/ozone/ozone/hadoop-ozone/integration-test/target/classes:/home/runner/.m2/repository/org/apache/ozone/ozone-common/1.2.0-SNAPSHOT/ozone-common-1.2.0-SNAPSHOT.jar:/home/runner/.m2/repository/org/apache/commons/commons-compress/1.21/commons-compress-1.21.jar:/home/runner/.m2/repository/org/apache/ozone/hdds-common/1.2.0-SNAPSHOT/hdds-common-1.2.0-SNAPSHOT.jar:/home/runner/.m2/repository/org/apache/ozone/hdds-client/1.2.0-SNAPSHOT/hdds-client-1.2.0-SNAPSHOT.jar:/home/runner/.m2/repository/org/apache/ozone/ozone-interface-client/1.2.0-SNAPSHOT/ozone-interface-client-1.2.0-SNAPSHOT.jar:/home/runner/.m2/repository/org/apache/ozone/hdds-server-framework/1.2.0-SNAPSHOT/hdds-server-framework-1.2.0-SNAPSHOT.jar:/home/runner/.m2/repository/org/apache/ozone/hdds-interface-server/1.2.0-SNAPSHOT/hdds-interface-server-1.2.0-SNAPSHOT.jar:/home/runner/.m2/repository/org/eclipse/jetty/jetty-servlet/9.4.43.v20210629/jetty-servlet-9.4.43.v20210629.jar:/home/runner/.m2/repository/org/eclipse/jetty/jetty-security/9.4.43.v20210629/jetty-security-9.4.43.v20210629.jar:/home/runner/.m2/repository/org/rocksdb/rocksdbjni/6.20.3/rocksdbjni-6.20.3.jar:/home/runner/.m2/repository/io/prometheus/simpleclient_dropwizard/0.7.0/simpleclient_dropwizard-0.7.0.jar:/home/runner/.m2/repository/io/prometheus/simpleclient/0.7.0/simpleclient-0.7.0.jar:/home/runner/.m2/repository/io/prometheus/simpleclient_common/0.7.0/simpleclient_common-0.7.0.jar:/home/runner/.m2/repository/com/fasterxml/jackson/datatype/jackson-datatype-jsr310/2.12.1/jackson-datatype-jsr310-2.12.1.jar:/home/runner/.m2/repository/org/apache/ozone/hdds-test-utils/1.2.0-SNAPSHOT/hdds-test-utils-1.2.0-SNAPSHOT.jar:/home/runner/.m2/repository/com/google/guava/guava/30.1.1-jre/guava-30.1.1-jre.jar:/home/runner/.m2/repository/com/google/guava/failureaccess/1.0.1/failureaccess-1.0.1.jar:/home/runner/.m2/repository/com/google/guava/listenablefuture/9999.0-empty-to-avoid-conflict-with-guava/listenablefuture-9999.0-empty-to-avoid-conflict-with-guava.jar:/home/runner/.m2/repository/com/google/code/findbugs/jsr305/3.0.0/jsr305-3.0.0.jar:/home/runner/.m2/repository/org/checkerframework/checker-qual/3.8.0/checker-qual-3.8.0.jar:/home/runner/.m2/repository/com/google/errorprone/error_prone_annotations/2.2.0/error_prone_annotations-2.2.0.jar:/home/runner/.m2/repository/com/google/j2objc/j2objc-annotations/1.3/j2objc-annotations-1.3.jar:/home/runner/.m2/repository/commons-io/commons-io/2.11.0/commons-io-2.11.0.jar:/home/runner/.m2/repository/commons-logging/commons-logging/1.2/commons-logging-1.2.jar:/home/runner/.m2/repository/log4j/log4j/1.2.17/log4j-1.2.17.jar:/home/runner/.m2/repository/org/slf4j/slf4j-api/1.7.30/slf4j-api-1.7.30.jar:/home/runner/.m2/repository/org/apache/ozone/hdds-server-scm/1.2.0-SNAPSHOT/hdds-server-scm-1.2.0-SNAPSHOT.jar:/home/runner/.m2/repository/org/apache/ozone/hdds-container-service/1.2.0-SNAPSHOT/hdds-container-service-1.2.0-SNAPSHOT.jar:/home/runner/.m2/repository/org/apache/ozone/hdds-hadoop-dependency-server/1.2.0-SNAPSHOT/hdds-hadoop-dependency-server-1.2.0-SNAPSHOT.jar:/home/runner/.m2/repository/org/apache/hadoop/hadoop-hdfs/3.3.1/hadoop-hdfs-3.3.1.jar:/home/runner/.m2/repository/io/dropwizard/metrics/metrics-core/3.2.4/metrics-core-3.2.4.jar:/home/runner/.m2/repository/org/apache/hadoop/hadoop-hdfs-client/3.3.1/hadoop-hdfs-client-3.3.1.jar:/home/runner/.m2/repository/org/bouncycastle/bcprov-jdk15on/1.67/bcprov-jdk15on-1.67.jar:/home/runner/.m2/repository/com/google/protobuf/protobuf-java/2.5.0/protobuf-java-2.5.0.jar:/home/runner/.m2/repository/org/apache/ozone/ozone-manager/1.2.0-SNAPSHOT/ozone-manager-1.2.0-SNAPSHOT.jar:/home/runner/.m2/repository/org/aspectj/aspectjrt/1.9.7/aspectjrt-1.9.7.jar:/home/runner/.m2/repository/org/aspectj/aspectjweaver/1.9.7/aspectjweaver-1.9.7.jar:/home/runner/.m2/repository/org/apache/ozone/hdds-interface-client/1.2.0-SNAPSHOT/hdds-interface-client-1.2.0-SNAPSHOT.jar:/home/runner/.m2/repository/org/apache/hadoop/thirdparty/hadoop-shaded-protobuf_3_7/1.1.1/hadoop-shaded-protobuf_3_7-1.1.1.jar:/home/runner/.m2/repository/org/apache/ozone/ozone-interface-storage/1.2.0-SNAPSHOT/ozone-interface-storage-1.2.0-SNAPSHOT.jar:/home/runner/.m2/repository/org/reflections/reflections/0.9.11/reflections-0.9.11.jar:/home/runner/.m2/repository/org/apache/hadoop/hadoop-minikdc/3.3.1/hadoop-minikdc-3.3.1.jar:/home/runner/.m2/repository/org/apache/kerby/kerb-simplekdc/1.0.1/kerb-simplekdc-1.0.1.jar:/home/runner/.m2/repository/org/apache/kerby/kerb-client/1.0.1/kerb-client-1.0.1.jar:/home/runner/.m2/repository/org/apache/kerby/kerby-config/1.0.1/kerby-config-1.0.1.jar:/home/runner/.m2/repository/org/apache/kerby/kerb-common/1.0.1/kerb-common-1.0.1.jar:/home/runner/.m2/repository/org/apache/kerby/kerb-crypto/1.0.1/kerb-crypto-1.0.1.jar:/home/runner/.m2/repository/org/apache/kerby/kerb-util/1.0.1/kerb-util-1.0.1.jar:/home/runner/.m2/repository/org/apache/kerby/token-provider/1.0.1/token-provider-1.0.1.jar:/home/runner/.m2/repository/org/apache/kerby/kerb-admin/1.0.1/kerb-admin-1.0.1.jar:/home/runner/.m2/repository/org/apache/kerby/kerb-server/1.0.1/kerb-server-1.0.1.jar:/home/runner/.m2/repository/org/apache/kerby/kerb-identity/1.0.1/kerb-identity-1.0.1.jar:/home/runner/.m2/repository/org/apache/kerby/kerby-xdr/1.0.1/kerby-xdr-1.0.1.jar:/home/runner/.m2/repository/org/slf4j/slf4j-log4j12/1.7.30/slf4j-log4j12-1.7.30.jar:/home/runner/.m2/repository/org/apache/ozone/ozone-s3gateway/1.2.0-SNAPSHOT/ozone-s3gateway-1.2.0-SNAPSHOT.jar:/home/runner/.m2/repository/org/javassist/javassist/3.21.0-GA/javassist-3.21.0-GA.jar:/home/runner/.m2/repository/org/jboss/weld/servlet/weld-servlet/2.4.7.Final/weld-servlet-2.4.7.Final.jar:/home/runner/.m2/repository/org/glassfish/jersey/containers/jersey-container-servlet-core/2.33/jersey-container-servlet-core-2.33.jar:/home/runner/.m2/repository/org/glassfish/hk2/external/jakarta.inject/2.6.1/jakarta.inject-2.6.1.jar:/home/runner/.m2/repository/org/glassfish/jersey/core/jersey-common/2.33/jersey-common-2.33.jar:/home/runner/.m2/repository/jakarta/ws/rs/jakarta.ws.rs-api/2.1.6/jakarta.ws.rs-api-2.1.6.jar:/home/runner/.m2/repository/org/glassfish/jersey/ext/cdi/jersey-cdi1x/2.33/jersey-cdi1x-2.33.jar:/home/runner/.m2/repository/org/glassfish/jersey/inject/jersey-hk2/2.33/jersey-hk2-2.33.jar:/home/runner/.m2/repository/org/glassfish/hk2/hk2-locator/2.6.1/hk2-locator-2.6.1.jar:/home/runner/.m2/repository/org/glassfish/jersey/media/jersey-media-jaxb/2.33/jersey-media-jaxb-2.33.jar:/home/runner/.m2/repository/org/glassfish/hk2/osgi-resource-locator/1.0.3/osgi-resource-locator-1.0.3.jar:/home/runner/.m2/repository/org/glassfish/hk2/hk2-api/2.5.0/hk2-api-2.5.0.jar:/home/runner/.m2/repository/org/glassfish/hk2/hk2-utils/2.5.0/hk2-utils-2.5.0.jar:/home/runner/.m2/repository/org/glassfish/hk2/external/aopalliance-repackaged/2.5.0/aopalliance-repackaged-2.5.0.jar:/home/runner/.m2/repository/com/fasterxml/jackson/dataformat/jackson-dataformat-xml/2.12.1/jackson-dataformat-xml-2.12.1.jar:/home/runner/.m2/repository/com/fasterxml/jackson/core/jackson-core/2.12.1/jackson-core-2.12.1.jar:/home/runner/.m2/repository/com/fasterxml/jackson/module/jackson-module-jaxb-annotations/2.12.1/jackson-module-jaxb-annotations-2.12.1.jar:/home/runner/.m2/repository/jakarta/xml/bind/jakarta.xml.bind-api/2.3.2/jakarta.xml.bind-api-2.3.2.jar:/home/runner/.m2/repository/org/codehaus/woodstox/stax2-api/3.1.4/stax2-api-3.1.4.jar:/home/runner/.m2/repository/com/fasterxml/woodstox/woodstox-core/5.0.3/woodstox-core-5.0.3.jar:/home/runner/.m2/repository/javax/enterprise/cdi-api/1.2/cdi-api-1.2.jar:/home/runner/.m2/repository/javax/el/javax.el-api/3.0.0/javax.el-api-3.0.0.jar:/home/runner/.m2/repository/javax/interceptor/javax.interceptor-api/1.2/javax.interceptor-api-1.2.jar:/home/runner/.m2/repository/javax/inject/javax.inject/1/javax.inject-1.jar:/home/runner/.m2/repository/javax/xml/bind/jaxb-api/2.3.0/jaxb-api-2.3.0.jar:/home/runner/.m2/repository/org/glassfish/jaxb/jaxb-runtime/2.3.0.1/jaxb-runtime-2.3.0.1.jar:/home/runner/.m2/repository/org/glassfish/jaxb/jaxb-core/2.3.0.1/jaxb-core-2.3.0.1.jar:/home/runner/.m2/repository/org/glassfish/jaxb/txw2/2.3.0.1/txw2-2.3.0.1.jar:/home/runner/.m2/repository/com/sun/istack/istack-commons-runtime/3.0.5/istack-commons-runtime-3.0.5.jar:/home/runner/.m2/repository/org/jvnet/staxex/stax-ex/1.7.8/stax-ex-1.7.8.jar:/home/runner/.m2/repository/com/sun/xml/fastinfoset/FastInfoset/1.2.13/FastInfoset-1.2.13.jar:/home/runner/.m2/repository/javax/activation/activation/1.1.1/activation-1.1.1.jar:/home/runner/.m2/repository/org/apache/ozone/ozone-csi/1.2.0-SNAPSHOT/ozone-csi-1.2.0-SNAPSHOT.jar:/home/runner/.m2/repository/com/google/protobuf/protobuf-java-util/3.12.0/protobuf-java-util-3.12.0.jar:/home/runner/.m2/repository/com/google/code/gson/gson/2.2.4/gson-2.2.4.jar:/home/runner/.m2/repository/org/apache/ozone/hdds-config/1.2.0-SNAPSHOT/hdds-config-1.2.0-SNAPSHOT.jar:/home/runner/.m2/repository/io/grpc/grpc-netty/1.33.0/grpc-netty-1.33.0.jar:/home/runner/.m2/repository/io/grpc/grpc-core/1.33.0/grpc-core-1.33.0.jar:/home/runner/.m2/repository/com/google/android/annotations/4.1.1.4/annotations-4.1.1.4.jar:/home/runner/.m2/repository/io/netty/netty-codec-http2/4.1.63.Final/netty-codec-http2-4.1.63.Final.jar:/home/runner/.m2/repository/io/netty/netty-codec-http/4.1.63.Final/netty-codec-http-4.1.63.Final.jar:/home/runner/.m2/repository/io/netty/netty-handler-proxy/4.1.63.Final/netty-handler-proxy-4.1.63.Final.jar:/home/runner/.m2/repository/io/netty/netty-codec-socks/4.1.63.Final/netty-codec-socks-4.1.63.Final.jar:/home/runner/.m2/repository/io/perfmark/perfmark-api/0.19.0/perfmark-api-0.19.0.jar:/home/runner/.m2/repository/org/codehaus/mojo/animal-sniffer-annotations/1.18/animal-sniffer-annotations-1.18.jar:/home/runner/.m2/repository/io/netty/netty-transport-native-epoll/4.1.63.Final/netty-transport-native-epoll-4.1.63.Final.jar:/home/runner/.m2/repository/io/netty/netty-common/4.1.63.Final/netty-common-4.1.63.Final.jar:/home/runner/.m2/repository/io/netty/netty-buffer/4.1.63.Final/netty-buffer-4.1.63.Final.jar:/home/runner/.m2/repository/io/netty/netty-transport-native-unix-common/4.1.63.Final/netty-transport-native-unix-common-4.1.63.Final.jar:/home/runner/.m2/repository/io/grpc/grpc-protobuf/1.33.0/grpc-protobuf-1.33.0.jar:/home/runner/.m2/repository/io/grpc/grpc-api/1.33.0/grpc-api-1.33.0.jar:/home/runner/.m2/repository/io/grpc/grpc-context/1.33.0/grpc-context-1.33.0.jar:/home/runner/.m2/repository/com/google/api/grpc/proto-google-common-protos/1.17.0/proto-google-common-protos-1.17.0.jar:/home/runner/.m2/repository/io/grpc/grpc-protobuf-lite/1.33.0/grpc-protobuf-lite-1.33.0.jar:/home/runner/.m2/repository/io/grpc/grpc-stub/1.33.0/grpc-stub-1.33.0.jar:/home/runner/.m2/repository/org/apache/ozone/ozone-recon/1.2.0-SNAPSHOT/ozone-recon-1.2.0-SNAPSHOT.jar:/home/runner/.m2/repository/org/apache/ozone/ozone-reconcodegen/1.2.0-SNAPSHOT/ozone-reconcodegen-1.2.0-SNAPSHOT.jar:/home/runner/.m2/repository/com/google/inject/extensions/guice-multibindings/4.0/guice-multibindings-4.0.jar:/home/runner/.m2/repository/com/google/inject/guice/4.0/guice-4.0.jar:/home/runner/.m2/repository/aopalliance/aopalliance/1.0/aopalliance-1.0.jar:/home/runner/.m2/repository/com/google/inject/extensions/guice-assistedinject/4.0/guice-assistedinject-4.0.jar:/home/runner/.m2/repository/com/google/inject/extensions/guice-servlet/4.0/guice-servlet-4.0.jar:/home/runner/.m2/repository/org/glassfish/jersey/containers/jersey-container-servlet/2.33/jersey-container-servlet-2.33.jar:/home/runner/.m2/repository/org/glassfish/hk2/guice-bridge/2.5.0/guice-bridge-2.5.0.jar:/home/runner/.m2/repository/org/glassfish/jersey/core/jersey-server/2.33/jersey-server-2.33.jar:/home/runner/.m2/repository/org/glassfish/jersey/core/jersey-client/2.33/jersey-client-2.33.jar:/home/runner/.m2/repository/jakarta/annotation/jakarta.annotation-api/1.3.5/jakarta.annotation-api-1.3.5.jar:/home/runner/.m2/repository/jakarta/validation/jakarta.validation-api/2.0.2/jakarta.validation-api-2.0.2.jar:/home/runner/.m2/repository/org/glassfish/jersey/media/jersey-media-json-jackson/2.33/jersey-media-json-jackson-2.33.jar:/home/runner/.m2/repository/org/glassfish/jersey/ext/jersey-entity-filtering/2.33/jersey-entity-filtering-2.33.jar:/home/runner/.m2/repository/org/jooq/jooq/3.11.10/jooq-3.11.10.jar:/home/runner/.m2/repository/org/jooq/jooq-meta/3.11.10/jooq-meta-3.11.10.jar:/home/runner/.m2/repository/org/jooq/jooq-codegen/3.11.10/jooq-codegen-3.11.10.jar:/home/runner/.m2/repository/com/jolbox/bonecp/0.8.0.RELEASE/bonecp-0.8.0.RELEASE.jar:/home/runner/.m2/repository/org/apache/derby/derby/10.14.2.0/derby-10.14.2.0.jar:/home/runner/.m2/repository/org/xerial/sqlite-jdbc/3.25.2/sqlite-jdbc-3.25.2.jar:/home/runner/.m2/repository/org/springframework/spring-jdbc/5.2.17.RELEASE/spring-jdbc-5.2.17.RELEASE.jar:/home/runner/.m2/repository/org/springframework/spring-beans/5.2.17.RELEASE/spring-beans-5.2.17.RELEASE.jar:/home/runner/.m2/repository/org/springframework/spring-core/5.2.17.RELEASE/spring-core-5.2.17.RELEASE.jar:/home/runner/.m2/repository/org/springframework/spring-jcl/5.2.17.RELEASE/spring-jcl-5.2.17.RELEASE.jar:/home/runner/.m2/repository/org/springframework/spring-tx/5.2.17.RELEASE/spring-tx-5.2.17.RELEASE.jar:/home/runner/.m2/repository/org/apache/ozone/ozone-client/1.2.0-SNAPSHOT/ozone-client-1.2.0-SNAPSHOT.jar:/home/runner/.m2/repository/org/apache/ozone/ozone-filesystem/1.2.0-SNAPSHOT/ozone-filesystem-1.2.0-SNAPSHOT.jar:/home/runner/.m2/repository/org/apache/ozone/ozone-filesystem-common/1.2.0-SNAPSHOT/ozone-filesystem-common-1.2.0-SNAPSHOT.jar:/home/runner/.m2/repository/org/apache/ozone/ozone-tools/1.2.0-SNAPSHOT/ozone-tools-1.2.0-SNAPSHOT.jar:/home/runner/.m2/repository/org/apache/ratis/ratis-tools/2.2.0/ratis-tools-2.2.0.jar:/home/runner/.m2/repository/com/amazonaws/aws-java-sdk-core/1.11.1034/aws-java-sdk-core-1.11.1034.jar:/home/runner/.m2/repository/org/apache/httpcomponents/httpclient/4.5.13/httpclient-4.5.13.jar:/home/runner/.m2/repository/org/apache/httpcomponents/httpcore/4.4.13/httpcore-4.4.13.jar:/home/runner/.m2/repository/software/amazon/ion/ion-java/1.0.2/ion-java-1.0.2.jar:/home/runner/.m2/repository/com/fasterxml/jackson/dataformat/jackson-dataformat-cbor/2.12.1/jackson-dataformat-cbor-2.12.1.jar:/home/runner/.m2/repository/joda-time/joda-time/2.8.1/joda-time-2.8.1.jar:/home/runner/.m2/repository/com/amazonaws/aws-java-sdk-s3/1.11.1034/aws-java-sdk-s3-1.11.1034.jar:/home/runner/.m2/repository/com/amazonaws/aws-java-sdk-kms/1.11.1034/aws-java-sdk-kms-1.11.1034.jar:/home/runner/.m2/repository/com/amazonaws/jmespath-java/1.11.1034/jmespath-java-1.11.1034.jar:/home/runner/.m2/repository/org/kohsuke/metainf-services/metainf-services/1.8/metainf-services-1.8.jar:/home/runner/.m2/repository/org/apache/ozone/hdds-tools/1.2.0-SNAPSHOT/hdds-tools-1.2.0-SNAPSHOT.jar:/home/runner/.m2/repository/commons-cli/commons-cli/1.2/commons-cli-1.2.jar:/home/runner/.m2/repository/org/apache/commons/commons-lang3/3.7/commons-lang3-3.7.jar:/home/runner/.m2/repository/org/apache/ozone/ozone-manager/1.2.0-SNAPSHOT/ozone-manager-1.2.0-SNAPSHOT-tests.jar:/home/runner/.m2/repository/org/apache/ozone/hdds-common/1.2.0-SNAPSHOT/hdds-common-1.2.0-SNAPSHOT-tests.jar:/home/runner/.m2/repository/org/apache/ozone/hdds-hadoop-dependency-client/1.2.0-SNAPSHOT/hdds-hadoop-dependency-client-1.2.0-SNAPSHOT.jar:/home/runner/.m2/repository/info/picocli/picocli/4.6.1/picocli-4.6.1.jar:/home/runner/.m2/repository/com/fasterxml/jackson/core/jackson-annotations/2.12.1/jackson-annotations-2.12.1.jar:/home/runner/.m2/repository/javax/annotation/javax.annotation-api/1.2/javax.annotation-api-1.2.jar:/home/runner/.m2/repository/org/apache/ratis/ratis-server/2.2.0/ratis-server-2.2.0.jar:/home/runner/.m2/repository/org/apache/ratis/ratis-client/2.2.0/ratis-client-2.2.0.jar:/home/runner/.m2/repository/org/apache/ratis/ratis-server-api/2.2.0/ratis-server-api-2.2.0.jar:/home/runner/.m2/repository/org/apache/ratis/ratis-metrics/2.2.0/ratis-metrics-2.2.0.jar:/home/runner/.m2/repository/org/apache/ratis/ratis-netty/2.2.0/ratis-netty-2.2.0.jar:/home/runner/.m2/repository/org/apache/ratis/ratis-grpc/2.2.0/ratis-grpc-2.2.0.jar:/home/runner/.m2/repository/org/apache/logging/log4j/log4j-api/2.13.3/log4j-api-2.13.3.jar:/home/runner/.m2/repository/org/apache/logging/log4j/log4j-core/2.13.3/log4j-core-2.13.3.jar:/home/runner/.m2/repository/com/lmax/disruptor/3.4.2/disruptor-3.4.2.jar:/home/runner/.m2/repository/org/apache/commons/commons-pool2/2.6.0/commons-pool2-2.6.0.jar:/home/runner/.m2/repository/org/bouncycastle/bcpkix-jdk15on/1.67/bcpkix-jdk15on-1.67.jar:/home/runner/.m2/repository/commons-validator/commons-validator/1.6/commons-validator-1.6.jar:/home/runner/.m2/repository/commons-beanutils/commons-beanutils/1.9.4/commons-beanutils-1.9.4.jar:/home/runner/.m2/repository/commons-digester/commons-digester/1.8.1/commons-digester-1.8.1.jar:/home/runner/.m2/repository/commons-collections/commons-collections/3.2.2/commons-collections-3.2.2.jar:/home/runner/.m2/repository/io/jaegertracing/jaeger-client/1.6.0/jaeger-client-1.6.0.jar:/home/runner/.m2/repository/io/jaegertracing/jaeger-thrift/1.6.0/jaeger-thrift-1.6.0.jar:/home/runner/.m2/repository/org/apache/thrift/libthrift/0.14.1/libthrift-0.14.1.jar:/home/runner/.m2/repository/com/squareup/okhttp3/okhttp/4.9.0/okhttp-4.9.0.jar:/home/runner/.m2/repository/com/squareup/okio/okio/2.8.0/okio-2.8.0.jar:/home/runner/.m2/repository/io/jaegertracing/jaeger-core/1.6.0/jaeger-core-1.6.0.jar:/home/runner/.m2/repository/io/jaegertracing/jaeger-tracerresolver/1.6.0/jaeger-tracerresolver-1.6.0.jar:/home/runner/.m2/repository/io/opentracing/contrib/opentracing-tracerresolver/0.1.8/opentracing-tracerresolver-0.1.8.jar:/home/runner/.m2/repository/org/jetbrains/kotlin/kotlin-stdlib/1.4.31/kotlin-stdlib-1.4.31.jar:/home/runner/.m2/repository/org/jetbrains/kotlin/kotlin-stdlib-common/1.4.31/kotlin-stdlib-common-1.4.31.jar:/home/runner/.m2/repository/org/jetbrains/annotations/13.0/annotations-13.0.jar:/home/runner/.m2/repository/io/opentracing/opentracing-util/0.33.0/opentracing-util-0.33.0.jar:/home/runner/.m2/repository/io/opentracing/opentracing-api/0.33.0/opentracing-api-0.33.0.jar:/home/runner/.m2/repository/io/opentracing/opentracing-noop/0.33.0/opentracing-noop-0.33.0.jar:/home/runner/.m2/repository/org/yaml/snakeyaml/1.26/snakeyaml-1.26.jar:/home/runner/.m2/repository/org/apache/ozone/hdds-interface-admin/1.2.0-SNAPSHOT/hdds-interface-admin-1.2.0-SNAPSHOT.jar:/home/runner/.m2/repository/junit/junit/4.13.1/junit-4.13.1.jar:/home/runner/.m2/repository/org/hamcrest/hamcrest-core/1.3/hamcrest-core-1.3.jar:/home/runner/.m2/repository/org/junit/jupiter/junit-jupiter-api/5.7.0/junit-jupiter-api-5.7.0.jar:/home/runner/.m2/repository/org/apiguardian/apiguardian-api/1.1.0/apiguardian-api-1.1.0.jar:/home/runner/.m2/repository/org/opentest4j/opentest4j/1.2.0/opentest4j-1.2.0.jar:/home/runner/.m2/repository/org/junit/platform/junit-platform-commons/1.7.0/junit-platform-commons-1.7.0.jar:/home/runner/.m2/repository/org/junit/jupiter/junit-jupiter-engine/5.7.0/junit-jupiter-engine-5.7.0.jar:/home/runner/.m2/repository/org/junit/platform/junit-platform-engine/1.7.0/junit-platform-engine-1.7.0.jar:/home/runner/.m2/repository/org/junit/vintage/junit-vintage-engine/5.7.0/junit-vintage-engine-5.7.0.jar:/home/runner/.m2/repository/org/junit/platform/junit-platform-launcher/1.7.0/junit-platform-launcher-1.7.0.jar:/home/runner/.m2/repository/org/openjdk/jmh/jmh-core/1.19/jmh-core-1.19.jar:/home/runner/.m2/repository/net/sf/jopt-simple/jopt-simple/4.6/jopt-simple-4.6.jar:/home/runner/.m2/repository/org/apache/commons/commons-math3/3.1.1/commons-math3-3.1.1.jar:/home/runner/.m2/repository/org/openjdk/jmh/jmh-generator-annprocess/1.19/jmh-generator-annprocess-1.19.jar:/home/runner/.m2/repository/org/mockito/mockito-core/2.28.2/mockito-core-2.28.2.jar:/home/runner/.m2/repository/net/bytebuddy/byte-buddy/1.9.10/byte-buddy-1.9.10.jar:/home/runner/.m2/repository/net/bytebuddy/byte-buddy-agent/1.9.10/byte-buddy-agent-1.9.10.jar:/home/runner/.m2/repository/org/objenesis/objenesis/1.0/objenesis-1.0.jar:/home/runner/.m2/repository/org/apache/hadoop/hadoop-kms/3.3.1/hadoop-kms-3.3.1.jar:/home/runner/.m2/repository/org/apache/hadoop/hadoop-auth/3.3.1/hadoop-auth-3.3.1.jar:/home/runner/.m2/repository/com/nimbusds/nimbus-jose-jwt/7.9/nimbus-jose-jwt-7.9.jar:/home/runner/.m2/repository/com/github/stephenc/jcip/jcip-annotations/1.0-1/jcip-annotations-1.0-1.jar:/home/runner/.m2/repository/net/minidev/json-smart/2.3.1/json-smart-2.3.1.jar:/home/runner/.m2/repository/net/minidev/accessors-smart/2.3.1/accessors-smart-2.3.1.jar:/home/runner/.m2/repository/org/ow2/asm/asm/5.0.4/asm-5.0.4.jar:/home/runner/.m2/repository/org/apache/zookeeper/zookeeper/3.5.6/zookeeper-3.5.6.jar:/home/runner/.m2/repository/org/apache/zookeeper/zookeeper-jute/3.5.6/zookeeper-jute-3.5.6.jar:/home/runner/.m2/repository/org/apache/yetus/audience-annotations/0.5.0/audience-annotations-0.5.0.jar:/home/runner/.m2/repository/org/apache/curator/curator-framework/4.2.0/curator-framework-4.2.0.jar:/home/runner/.m2/repository/org/apache/hadoop/thirdparty/hadoop-shaded-guava/1.1.1/hadoop-shaded-guava-1.1.1.jar:/home/runner/.m2/repository/com/sun/jersey/jersey-core/1.19/jersey-core-1.19.jar:/home/runner/.m2/repository/javax/ws/rs/jsr311-api/1.1.1/jsr311-api-1.1.1.jar:/home/runner/.m2/repository/com/sun/jersey/jersey-server/1.19/jersey-server-1.19.jar:/home/runner/.m2/repository/javax/servlet/javax.servlet-api/3.1.0/javax.servlet-api-3.1.0.jar:/home/runner/.m2/repository/org/eclipse/jetty/jetty-server/9.4.43.v20210629/jetty-server-9.4.43.v20210629.jar:/home/runner/.m2/repository/org/eclipse/jetty/jetty-http/9.4.43.v20210629/jetty-http-9.4.43.v20210629.jar:/home/runner/.m2/repository/org/eclipse/jetty/jetty-io/9.4.43.v20210629/jetty-io-9.4.43.v20210629.jar:/home/runner/.m2/repository/org/eclipse/jetty/jetty-webapp/9.4.43.v20210629/jetty-webapp-9.4.43.v20210629.jar:/home/runner/.m2/repository/org/eclipse/jetty/jetty-xml/9.4.43.v20210629/jetty-xml-9.4.43.v20210629.jar:/home/runner/.m2/repository/org/apache/hadoop/hadoop-common/3.3.1/hadoop-common-3.3.1.jar:/home/runner/.m2/repository/commons-net/commons-net/3.6/commons-net-3.6.jar:/home/runner/.m2/repository/jakarta/activation/jakarta.activation-api/1.2.1/jakarta.activation-api-1.2.1.jar:/home/runner/.m2/repository/com/sun/jersey/jersey-servlet/1.19/jersey-servlet-1.19.jar:/home/runner/.m2/repository/com/sun/jersey/jersey-json/1.19/jersey-json-1.19.jar:/home/runner/.m2/repository/org/codehaus/jettison/jettison/1.1/jettison-1.1.jar:/home/runner/.m2/repository/com/sun/xml/bind/jaxb-impl/2.2.3-1/jaxb-impl-2.2.3-1.jar:/home/runner/.m2/repository/org/codehaus/jackson/jackson-jaxrs/1.9.2/jackson-jaxrs-1.9.2.jar:/home/runner/.m2/repository/org/codehaus/jackson/jackson-xc/1.9.2/jackson-xc-1.9.2.jar:/home/runner/.m2/repository/org/apache/commons/commons-configuration2/2.1.1/commons-configuration2-2.1.1.jar:/home/runner/.m2/repository/org/apache/commons/commons-text/1.4/commons-text-1.4.jar:/home/runner/.m2/repository/com/google/re2j/re2j/1.1/re2j-1.1.jar:/home/runner/.m2/repository/com/jcraft/jsch/0.1.54/jsch-0.1.54.jar:/home/runner/.m2/repository/org/apache/curator/curator-client/4.2.0/curator-client-4.2.0.jar:/home/runner/.m2/repository/org/apache/curator/curator-recipes/4.2.0/curator-recipes-4.2.0.jar:/home/runner/.m2/repository/org/apache/kerby/kerb-core/1.0.1/kerb-core-1.0.1.jar:/home/runner/.m2/repository/org/apache/kerby/kerby-pkix/1.0.1/kerby-pkix-1.0.1.jar:/home/runner/.m2/repository/org/apache/kerby/kerby-asn1/1.0.1/kerby-asn1-1.0.1.jar:/home/runner/.m2/repository/org/apache/kerby/kerby-util/1.0.1/kerby-util-1.0.1.jar:/home/runner/.m2/repository/dnsjava/dnsjava/2.1.7/dnsjava-2.1.7.jar:/home/runner/.m2/repository/org/xerial/snappy/snappy-java/1.1.8.2/snappy-java-1.1.8.2.jar:/home/runner/.m2/repository/org/slf4j/jul-to-slf4j/1.7.30/jul-to-slf4j-1.7.30.jar:/home/runner/.m2/repository/org/eclipse/jetty/jetty-util/9.4.43.v20210629/jetty-util-9.4.43.v20210629.jar:/home/runner/.m2/repository/com/fasterxml/jackson/core/jackson-databind/2.12.1/jackson-databind-2.12.1.jar:/home/runner/.m2/repository/org/apache/hadoop/hadoop-kms/3.3.1/hadoop-kms-3.3.1-tests.jar:/home/runner/.m2/repository/org/apache/ozone/hdds-server-scm/1.2.0-SNAPSHOT/hdds-server-scm-1.2.0-SNAPSHOT-tests.jar:/home/runner/.m2/repository/org/apache/ozone/hdds-container-service/1.2.0-SNAPSHOT/hdds-container-service-1.2.0-SNAPSHOT-tests.jar:/home/runner/.m2/repository/commons-codec/commons-codec/1.11/commons-codec-1.11.jar:/home/runner/.m2/repository/io/netty/netty-transport/4.1.63.Final/netty-transport-4.1.63.Final.jar:/home/runner/.m2/repository/io/netty/netty-resolver/4.1.63.Final/netty-resolver-4.1.63.Final.jar:/home/runner/.m2/repository/io/netty/netty-codec/4.1.63.Final/netty-codec-4.1.63.Final.jar:/home/runner/.m2/repository/io/netty/netty-handler/4.1.63.Final/netty-handler-4.1.63.Final.jar:/home/runner/.m2/repository/org/apache/ozone/hdds-hadoop-dependency-test/1.2.0-SNAPSHOT/hdds-hadoop-dependency-test-1.2.0-SNAPSHOT.jar:/home/runner/.m2/repository/org/apache/hadoop/hadoop-common/3.3.1/hadoop-common-3.3.1-tests.jar:/home/runner/.m2/repository/org/assertj/assertj-core/3.12.2/assertj-core-3.12.2.jar:/home/runner/.m2/repository/org/apache/hadoop/hadoop-hdfs/3.3.1/hadoop-hdfs-3.3.1-tests.jar:/home/runner/.m2/repository/org/eclipse/jetty/jetty-util-ajax/9.4.43.v20210629/jetty-util-ajax-9.4.43.v20210629.jar:/home/runner/.m2/repository/commons-daemon/commons-daemon/1.0.13/commons-daemon-1.0.13.jar:/home/runner/.m2/repository/io/netty/netty/3.10.6.Final/netty-3.10.6.Final.jar:/home/runner/.m2/repository/io/netty/netty-all/4.1.63.Final/netty-all-4.1.63.Final.jar:/home/runner/.m2/repository/org/apache/htrace/htrace-core4/4.1.0-incubating/htrace-core4-4.1.0-incubating.jar:/home/runner/.m2/repository/org/fusesource/leveldbjni/leveldbjni-all/1.8/leveldbjni-all-1.8.jar:/home/runner/.m2/repository/org/apache/hadoop/hadoop-distcp/3.3.1/hadoop-distcp-3.3.1.jar:/home/runner/.m2/repository/org/apache/hadoop/hadoop-mapreduce-client-jobclient/3.3.1/hadoop-mapreduce-client-jobclient-3.3.1.jar:/home/runner/.m2/repository/org/apache/hadoop/hadoop-mapreduce-client-common/3.3.1/hadoop-mapreduce-client-common-3.3.1.jar:/home/runner/.m2/repository/org/apache/hadoop/hadoop-yarn-common/3.3.1/hadoop-yarn-common-3.3.1.jar:/home/runner/.m2/repository/org/apache/hadoop/hadoop-yarn-api/3.3.1/hadoop-yarn-api-3.3.1.jar:/home/runner/.m2/repository/com/sun/jersey/jersey-client/1.19/jersey-client-1.19.jar:/home/runner/.m2/repository/com/sun/jersey/contribs/jersey-guice/1.19/jersey-guice-1.19.jar:/home/runner/.m2/repository/com/fasterxml/jackson/jaxrs/jackson-jaxrs-json-provider/2.12.1/jackson-jaxrs-json-provider-2.12.1.jar:/home/runner/.m2/repository/com/fasterxml/jackson/jaxrs/jackson-jaxrs-base/2.12.1/jackson-jaxrs-base-2.12.1.jar:/home/runner/.m2/repository/org/apache/hadoop/hadoop-yarn-client/3.3.1/hadoop-yarn-client-3.3.1.jar:/home/runner/.m2/repository/org/eclipse/jetty/websocket/websocket-client/9.4.40.v20210413/websocket-client-9.4.40.v20210413.jar:/home/runner/.m2/repository/org/eclipse/jetty/jetty-client/9.4.40.v20210413/jetty-client-9.4.40.v20210413.jar:/home/runner/.m2/repository/org/eclipse/jetty/websocket/websocket-common/9.4.40.v20210413/websocket-common-9.4.40.v20210413.jar:/home/runner/.m2/repository/org/eclipse/jetty/websocket/websocket-api/9.4.40.v20210413/websocket-api-9.4.40.v20210413.jar:/home/runner/.m2/repository/org/jline/jline/3.9.0/jline-3.9.0.jar:/home/runner/.m2/repository/org/apache/hadoop/hadoop-mapreduce-client-core/3.3.1/hadoop-mapreduce-client-core-3.3.1.jar:/home/runner/.m2/repository/org/apache/avro/avro/1.7.7/avro-1.7.7.jar:/home/runner/.m2/repository/org/codehaus/jackson/jackson-core-asl/1.9.13/jackson-core-asl-1.9.13.jar:/home/runner/.m2/repository/org/codehaus/jackson/jackson-mapper-asl/1.9.13/jackson-mapper-asl-1.9.13.jar:/home/runner/.m2/repository/com/thoughtworks/paranamer/paranamer/2.3/paranamer-2.3.jar:/home/runner/.m2/repository/org/apache/hadoop/hadoop-annotations/3.3.1/hadoop-annotations-3.3.1.jar:/usr/lib/jvm/adoptopenjdk-8-hotspot-amd64/jre/../lib/tools.jar:/home/runner/.m2/repository/org/apache/hadoop/hadoop-distcp/3.3.1/hadoop-distcp-3.3.1-tests.jar:/home/runner/.m2/repository/org/apache/ratis/ratis-common/2.2.0/ratis-common-2.2.0.jar:/home/runner/.m2/repository/org/apache/ratis/ratis-thirdparty-misc/0.7.0/ratis-thirdparty-misc-0.7.0.jar:/home/runner/.m2/repository/org/apache/ratis/ratis-proto/2.2.0/ratis-proto-2.2.0.jar:"/>
    <property name="java.vm.vendor" value="AdoptOpenJDK"/>
    <property name="sun.arch.data.model" value="64"/>
    <property name="test.build.dir" value="/home/runner/work/ozone/ozone/hadoop-ozone/integration-test/target/test-dir"/>
    <property name="test.cache.data" value=""/>
    <property name="java.vendor.url" value="https://adoptopenjdk.net/"/>
    <property name="user.timezone" value=""/>
    <property name="java.vm.specification.version" value="1.8"/>
    <property name="os.name" value="Linux"/>
    <property name="test.build.data" value="/home/runner/work/ozone/ozone/hadoop-ozone/integration-test/target/test-dir"/>
    <property name="sun.java.launcher" value="SUN_STANDARD"/>
    <property name="sun.boot.library.path" value="/usr/lib/jvm/adoptopenjdk-8-hotspot-amd64/jre/lib/amd64"/>
    <property name="sun.java.command" value="/home/runner/work/ozone/ozone/hadoop-ozone/integration-test/target/surefire/surefirebooter1848410932694323901.jar /home/runner/work/ozone/ozone/hadoop-ozone/integration-test/target/surefire 2021-10-31T00-55-25_900-jvmRun1 surefire5115969148567502191tmp surefire_148975962833799849293tmp"/>
    <property name="surefire.test.class.path" value="/home/runner/work/ozone/ozone/hadoop-ozone/integration-test/target/test-classes:/home/runner/work/ozone/ozone/hadoop-ozone/integration-test/target/classes:/home/runner/.m2/repository/org/apache/ozone/ozone-common/1.2.0-SNAPSHOT/ozone-common-1.2.0-SNAPSHOT.jar:/home/runner/.m2/repository/org/apache/commons/commons-compress/1.21/commons-compress-1.21.jar:/home/runner/.m2/repository/org/apache/ozone/hdds-common/1.2.0-SNAPSHOT/hdds-common-1.2.0-SNAPSHOT.jar:/home/runner/.m2/repository/org/apache/ozone/hdds-client/1.2.0-SNAPSHOT/hdds-client-1.2.0-SNAPSHOT.jar:/home/runner/.m2/repository/org/apache/ozone/ozone-interface-client/1.2.0-SNAPSHOT/ozone-interface-client-1.2.0-SNAPSHOT.jar:/home/runner/.m2/repository/org/apache/ozone/hdds-server-framework/1.2.0-SNAPSHOT/hdds-server-framework-1.2.0-SNAPSHOT.jar:/home/runner/.m2/repository/org/apache/ozone/hdds-interface-server/1.2.0-SNAPSHOT/hdds-interface-server-1.2.0-SNAPSHOT.jar:/home/runner/.m2/repository/org/eclipse/jetty/jetty-servlet/9.4.43.v20210629/jetty-servlet-9.4.43.v20210629.jar:/home/runner/.m2/repository/org/eclipse/jetty/jetty-security/9.4.43.v20210629/jetty-security-9.4.43.v20210629.jar:/home/runner/.m2/repository/org/rocksdb/rocksdbjni/6.20.3/rocksdbjni-6.20.3.jar:/home/runner/.m2/repository/io/prometheus/simpleclient_dropwizard/0.7.0/simpleclient_dropwizard-0.7.0.jar:/home/runner/.m2/repository/io/prometheus/simpleclient/0.7.0/simpleclient-0.7.0.jar:/home/runner/.m2/repository/io/prometheus/simpleclient_common/0.7.0/simpleclient_common-0.7.0.jar:/home/runner/.m2/repository/com/fasterxml/jackson/datatype/jackson-datatype-jsr310/2.12.1/jackson-datatype-jsr310-2.12.1.jar:/home/runner/.m2/repository/org/apache/ozone/hdds-test-utils/1.2.0-SNAPSHOT/hdds-test-utils-1.2.0-SNAPSHOT.jar:/home/runner/.m2/repository/com/google/guava/guava/30.1.1-jre/guava-30.1.1-jre.jar:/home/runner/.m2/repository/com/google/guava/failureaccess/1.0.1/failureaccess-1.0.1.jar:/home/runner/.m2/repository/com/google/guava/listenablefuture/9999.0-empty-to-avoid-conflict-with-guava/listenablefuture-9999.0-empty-to-avoid-conflict-with-guava.jar:/home/runner/.m2/repository/com/google/code/findbugs/jsr305/3.0.0/jsr305-3.0.0.jar:/home/runner/.m2/repository/org/checkerframework/checker-qual/3.8.0/checker-qual-3.8.0.jar:/home/runner/.m2/repository/com/google/errorprone/error_prone_annotations/2.2.0/error_prone_annotations-2.2.0.jar:/home/runner/.m2/repository/com/google/j2objc/j2objc-annotations/1.3/j2objc-annotations-1.3.jar:/home/runner/.m2/repository/commons-io/commons-io/2.11.0/commons-io-2.11.0.jar:/home/runner/.m2/repository/commons-logging/commons-logging/1.2/commons-logging-1.2.jar:/home/runner/.m2/repository/log4j/log4j/1.2.17/log4j-1.2.17.jar:/home/runner/.m2/repository/org/slf4j/slf4j-api/1.7.30/slf4j-api-1.7.30.jar:/home/runner/.m2/repository/org/apache/ozone/hdds-server-scm/1.2.0-SNAPSHOT/hdds-server-scm-1.2.0-SNAPSHOT.jar:/home/runner/.m2/repository/org/apache/ozone/hdds-container-service/1.2.0-SNAPSHOT/hdds-container-service-1.2.0-SNAPSHOT.jar:/home/runner/.m2/repository/org/apache/ozone/hdds-hadoop-dependency-server/1.2.0-SNAPSHOT/hdds-hadoop-dependency-server-1.2.0-SNAPSHOT.jar:/home/runner/.m2/repository/org/apache/hadoop/hadoop-hdfs/3.3.1/hadoop-hdfs-3.3.1.jar:/home/runner/.m2/repository/io/dropwizard/metrics/metrics-core/3.2.4/metrics-core-3.2.4.jar:/home/runner/.m2/repository/org/apache/hadoop/hadoop-hdfs-client/3.3.1/hadoop-hdfs-client-3.3.1.jar:/home/runner/.m2/repository/org/bouncycastle/bcprov-jdk15on/1.67/bcprov-jdk15on-1.67.jar:/home/runner/.m2/repository/com/google/protobuf/protobuf-java/2.5.0/protobuf-java-2.5.0.jar:/home/runner/.m2/repository/org/apache/ozone/ozone-manager/1.2.0-SNAPSHOT/ozone-manager-1.2.0-SNAPSHOT.jar:/home/runner/.m2/repository/org/aspectj/aspectjrt/1.9.7/aspectjrt-1.9.7.jar:/home/runner/.m2/repository/org/aspectj/aspectjweaver/1.9.7/aspectjweaver-1.9.7.jar:/home/runner/.m2/repository/org/apache/ozone/hdds-interface-client/1.2.0-SNAPSHOT/hdds-interface-client-1.2.0-SNAPSHOT.jar:/home/runner/.m2/repository/org/apache/hadoop/thirdparty/hadoop-shaded-protobuf_3_7/1.1.1/hadoop-shaded-protobuf_3_7-1.1.1.jar:/home/runner/.m2/repository/org/apache/ozone/ozone-interface-storage/1.2.0-SNAPSHOT/ozone-interface-storage-1.2.0-SNAPSHOT.jar:/home/runner/.m2/repository/org/reflections/reflections/0.9.11/reflections-0.9.11.jar:/home/runner/.m2/repository/org/apache/hadoop/hadoop-minikdc/3.3.1/hadoop-minikdc-3.3.1.jar:/home/runner/.m2/repository/org/apache/kerby/kerb-simplekdc/1.0.1/kerb-simplekdc-1.0.1.jar:/home/runner/.m2/repository/org/apache/kerby/kerb-client/1.0.1/kerb-client-1.0.1.jar:/home/runner/.m2/repository/org/apache/kerby/kerby-config/1.0.1/kerby-config-1.0.1.jar:/home/runner/.m2/repository/org/apache/kerby/kerb-common/1.0.1/kerb-common-1.0.1.jar:/home/runner/.m2/repository/org/apache/kerby/kerb-crypto/1.0.1/kerb-crypto-1.0.1.jar:/home/runner/.m2/repository/org/apache/kerby/kerb-util/1.0.1/kerb-util-1.0.1.jar:/home/runner/.m2/repository/org/apache/kerby/token-provider/1.0.1/token-provider-1.0.1.jar:/home/runner/.m2/repository/org/apache/kerby/kerb-admin/1.0.1/kerb-admin-1.0.1.jar:/home/runner/.m2/repository/org/apache/kerby/kerb-server/1.0.1/kerb-server-1.0.1.jar:/home/runner/.m2/repository/org/apache/kerby/kerb-identity/1.0.1/kerb-identity-1.0.1.jar:/home/runner/.m2/repository/org/apache/kerby/kerby-xdr/1.0.1/kerby-xdr-1.0.1.jar:/home/runner/.m2/repository/org/slf4j/slf4j-log4j12/1.7.30/slf4j-log4j12-1.7.30.jar:/home/runner/.m2/repository/org/apache/ozone/ozone-s3gateway/1.2.0-SNAPSHOT/ozone-s3gateway-1.2.0-SNAPSHOT.jar:/home/runner/.m2/repository/org/javassist/javassist/3.21.0-GA/javassist-3.21.0-GA.jar:/home/runner/.m2/repository/org/jboss/weld/servlet/weld-servlet/2.4.7.Final/weld-servlet-2.4.7.Final.jar:/home/runner/.m2/repository/org/glassfish/jersey/containers/jersey-container-servlet-core/2.33/jersey-container-servlet-core-2.33.jar:/home/runner/.m2/repository/org/glassfish/hk2/external/jakarta.inject/2.6.1/jakarta.inject-2.6.1.jar:/home/runner/.m2/repository/org/glassfish/jersey/core/jersey-common/2.33/jersey-common-2.33.jar:/home/runner/.m2/repository/jakarta/ws/rs/jakarta.ws.rs-api/2.1.6/jakarta.ws.rs-api-2.1.6.jar:/home/runner/.m2/repository/org/glassfish/jersey/ext/cdi/jersey-cdi1x/2.33/jersey-cdi1x-2.33.jar:/home/runner/.m2/repository/org/glassfish/jersey/inject/jersey-hk2/2.33/jersey-hk2-2.33.jar:/home/runner/.m2/repository/org/glassfish/hk2/hk2-locator/2.6.1/hk2-locator-2.6.1.jar:/home/runner/.m2/repository/org/glassfish/jersey/media/jersey-media-jaxb/2.33/jersey-media-jaxb-2.33.jar:/home/runner/.m2/repository/org/glassfish/hk2/osgi-resource-locator/1.0.3/osgi-resource-locator-1.0.3.jar:/home/runner/.m2/repository/org/glassfish/hk2/hk2-api/2.5.0/hk2-api-2.5.0.jar:/home/runner/.m2/repository/org/glassfish/hk2/hk2-utils/2.5.0/hk2-utils-2.5.0.jar:/home/runner/.m2/repository/org/glassfish/hk2/external/aopalliance-repackaged/2.5.0/aopalliance-repackaged-2.5.0.jar:/home/runner/.m2/repository/com/fasterxml/jackson/dataformat/jackson-dataformat-xml/2.12.1/jackson-dataformat-xml-2.12.1.jar:/home/runner/.m2/repository/com/fasterxml/jackson/core/jackson-core/2.12.1/jackson-core-2.12.1.jar:/home/runner/.m2/repository/com/fasterxml/jackson/module/jackson-module-jaxb-annotations/2.12.1/jackson-module-jaxb-annotations-2.12.1.jar:/home/runner/.m2/repository/jakarta/xml/bind/jakarta.xml.bind-api/2.3.2/jakarta.xml.bind-api-2.3.2.jar:/home/runner/.m2/repository/org/codehaus/woodstox/stax2-api/3.1.4/stax2-api-3.1.4.jar:/home/runner/.m2/repository/com/fasterxml/woodstox/woodstox-core/5.0.3/woodstox-core-5.0.3.jar:/home/runner/.m2/repository/javax/enterprise/cdi-api/1.2/cdi-api-1.2.jar:/home/runner/.m2/repository/javax/el/javax.el-api/3.0.0/javax.el-api-3.0.0.jar:/home/runner/.m2/repository/javax/interceptor/javax.interceptor-api/1.2/javax.interceptor-api-1.2.jar:/home/runner/.m2/repository/javax/inject/javax.inject/1/javax.inject-1.jar:/home/runner/.m2/repository/javax/xml/bind/jaxb-api/2.3.0/jaxb-api-2.3.0.jar:/home/runner/.m2/repository/org/glassfish/jaxb/jaxb-runtime/2.3.0.1/jaxb-runtime-2.3.0.1.jar:/home/runner/.m2/repository/org/glassfish/jaxb/jaxb-core/2.3.0.1/jaxb-core-2.3.0.1.jar:/home/runner/.m2/repository/org/glassfish/jaxb/txw2/2.3.0.1/txw2-2.3.0.1.jar:/home/runner/.m2/repository/com/sun/istack/istack-commons-runtime/3.0.5/istack-commons-runtime-3.0.5.jar:/home/runner/.m2/repository/org/jvnet/staxex/stax-ex/1.7.8/stax-ex-1.7.8.jar:/home/runner/.m2/repository/com/sun/xml/fastinfoset/FastInfoset/1.2.13/FastInfoset-1.2.13.jar:/home/runner/.m2/repository/javax/activation/activation/1.1.1/activation-1.1.1.jar:/home/runner/.m2/repository/org/apache/ozone/ozone-csi/1.2.0-SNAPSHOT/ozone-csi-1.2.0-SNAPSHOT.jar:/home/runner/.m2/repository/com/google/protobuf/protobuf-java-util/3.12.0/protobuf-java-util-3.12.0.jar:/home/runner/.m2/repository/com/google/code/gson/gson/2.2.4/gson-2.2.4.jar:/home/runner/.m2/repository/org/apache/ozone/hdds-config/1.2.0-SNAPSHOT/hdds-config-1.2.0-SNAPSHOT.jar:/home/runner/.m2/repository/io/grpc/grpc-netty/1.33.0/grpc-netty-1.33.0.jar:/home/runner/.m2/repository/io/grpc/grpc-core/1.33.0/grpc-core-1.33.0.jar:/home/runner/.m2/repository/com/google/android/annotations/4.1.1.4/annotations-4.1.1.4.jar:/home/runner/.m2/repository/io/netty/netty-codec-http2/4.1.63.Final/netty-codec-http2-4.1.63.Final.jar:/home/runner/.m2/repository/io/netty/netty-codec-http/4.1.63.Final/netty-codec-http-4.1.63.Final.jar:/home/runner/.m2/repository/io/netty/netty-handler-proxy/4.1.63.Final/netty-handler-proxy-4.1.63.Final.jar:/home/runner/.m2/repository/io/netty/netty-codec-socks/4.1.63.Final/netty-codec-socks-4.1.63.Final.jar:/home/runner/.m2/repository/io/perfmark/perfmark-api/0.19.0/perfmark-api-0.19.0.jar:/home/runner/.m2/repository/org/codehaus/mojo/animal-sniffer-annotations/1.18/animal-sniffer-annotations-1.18.jar:/home/runner/.m2/repository/io/netty/netty-transport-native-epoll/4.1.63.Final/netty-transport-native-epoll-4.1.63.Final.jar:/home/runner/.m2/repository/io/netty/netty-common/4.1.63.Final/netty-common-4.1.63.Final.jar:/home/runner/.m2/repository/io/netty/netty-buffer/4.1.63.Final/netty-buffer-4.1.63.Final.jar:/home/runner/.m2/repository/io/netty/netty-transport-native-unix-common/4.1.63.Final/netty-transport-native-unix-common-4.1.63.Final.jar:/home/runner/.m2/repository/io/grpc/grpc-protobuf/1.33.0/grpc-protobuf-1.33.0.jar:/home/runner/.m2/repository/io/grpc/grpc-api/1.33.0/grpc-api-1.33.0.jar:/home/runner/.m2/repository/io/grpc/grpc-context/1.33.0/grpc-context-1.33.0.jar:/home/runner/.m2/repository/com/google/api/grpc/proto-google-common-protos/1.17.0/proto-google-common-protos-1.17.0.jar:/home/runner/.m2/repository/io/grpc/grpc-protobuf-lite/1.33.0/grpc-protobuf-lite-1.33.0.jar:/home/runner/.m2/repository/io/grpc/grpc-stub/1.33.0/grpc-stub-1.33.0.jar:/home/runner/.m2/repository/org/apache/ozone/ozone-recon/1.2.0-SNAPSHOT/ozone-recon-1.2.0-SNAPSHOT.jar:/home/runner/.m2/repository/org/apache/ozone/ozone-reconcodegen/1.2.0-SNAPSHOT/ozone-reconcodegen-1.2.0-SNAPSHOT.jar:/home/runner/.m2/repository/com/google/inject/extensions/guice-multibindings/4.0/guice-multibindings-4.0.jar:/home/runner/.m2/repository/com/google/inject/guice/4.0/guice-4.0.jar:/home/runner/.m2/repository/aopalliance/aopalliance/1.0/aopalliance-1.0.jar:/home/runner/.m2/repository/com/google/inject/extensions/guice-assistedinject/4.0/guice-assistedinject-4.0.jar:/home/runner/.m2/repository/com/google/inject/extensions/guice-servlet/4.0/guice-servlet-4.0.jar:/home/runner/.m2/repository/org/glassfish/jersey/containers/jersey-container-servlet/2.33/jersey-container-servlet-2.33.jar:/home/runner/.m2/repository/org/glassfish/hk2/guice-bridge/2.5.0/guice-bridge-2.5.0.jar:/home/runner/.m2/repository/org/glassfish/jersey/core/jersey-server/2.33/jersey-server-2.33.jar:/home/runner/.m2/repository/org/glassfish/jersey/core/jersey-client/2.33/jersey-client-2.33.jar:/home/runner/.m2/repository/jakarta/annotation/jakarta.annotation-api/1.3.5/jakarta.annotation-api-1.3.5.jar:/home/runner/.m2/repository/jakarta/validation/jakarta.validation-api/2.0.2/jakarta.validation-api-2.0.2.jar:/home/runner/.m2/repository/org/glassfish/jersey/media/jersey-media-json-jackson/2.33/jersey-media-json-jackson-2.33.jar:/home/runner/.m2/repository/org/glassfish/jersey/ext/jersey-entity-filtering/2.33/jersey-entity-filtering-2.33.jar:/home/runner/.m2/repository/org/jooq/jooq/3.11.10/jooq-3.11.10.jar:/home/runner/.m2/repository/org/jooq/jooq-meta/3.11.10/jooq-meta-3.11.10.jar:/home/runner/.m2/repository/org/jooq/jooq-codegen/3.11.10/jooq-codegen-3.11.10.jar:/home/runner/.m2/repository/com/jolbox/bonecp/0.8.0.RELEASE/bonecp-0.8.0.RELEASE.jar:/home/runner/.m2/repository/org/apache/derby/derby/10.14.2.0/derby-10.14.2.0.jar:/home/runner/.m2/repository/org/xerial/sqlite-jdbc/3.25.2/sqlite-jdbc-3.25.2.jar:/home/runner/.m2/repository/org/springframework/spring-jdbc/5.2.17.RELEASE/spring-jdbc-5.2.17.RELEASE.jar:/home/runner/.m2/repository/org/springframework/spring-beans/5.2.17.RELEASE/spring-beans-5.2.17.RELEASE.jar:/home/runner/.m2/repository/org/springframework/spring-core/5.2.17.RELEASE/spring-core-5.2.17.RELEASE.jar:/home/runner/.m2/repository/org/springframework/spring-jcl/5.2.17.RELEASE/spring-jcl-5.2.17.RELEASE.jar:/home/runner/.m2/repository/org/springframework/spring-tx/5.2.17.RELEASE/spring-tx-5.2.17.RELEASE.jar:/home/runner/.m2/repository/org/apache/ozone/ozone-client/1.2.0-SNAPSHOT/ozone-client-1.2.0-SNAPSHOT.jar:/home/runner/.m2/repository/org/apache/ozone/ozone-filesystem/1.2.0-SNAPSHOT/ozone-filesystem-1.2.0-SNAPSHOT.jar:/home/runner/.m2/repository/org/apache/ozone/ozone-filesystem-common/1.2.0-SNAPSHOT/ozone-filesystem-common-1.2.0-SNAPSHOT.jar:/home/runner/.m2/repository/org/apache/ozone/ozone-tools/1.2.0-SNAPSHOT/ozone-tools-1.2.0-SNAPSHOT.jar:/home/runner/.m2/repository/org/apache/ratis/ratis-tools/2.2.0/ratis-tools-2.2.0.jar:/home/runner/.m2/repository/com/amazonaws/aws-java-sdk-core/1.11.1034/aws-java-sdk-core-1.11.1034.jar:/home/runner/.m2/repository/org/apache/httpcomponents/httpclient/4.5.13/httpclient-4.5.13.jar:/home/runner/.m2/repository/org/apache/httpcomponents/httpcore/4.4.13/httpcore-4.4.13.jar:/home/runner/.m2/repository/software/amazon/ion/ion-java/1.0.2/ion-java-1.0.2.jar:/home/runner/.m2/repository/com/fasterxml/jackson/dataformat/jackson-dataformat-cbor/2.12.1/jackson-dataformat-cbor-2.12.1.jar:/home/runner/.m2/repository/joda-time/joda-time/2.8.1/joda-time-2.8.1.jar:/home/runner/.m2/repository/com/amazonaws/aws-java-sdk-s3/1.11.1034/aws-java-sdk-s3-1.11.1034.jar:/home/runner/.m2/repository/com/amazonaws/aws-java-sdk-kms/1.11.1034/aws-java-sdk-kms-1.11.1034.jar:/home/runner/.m2/repository/com/amazonaws/jmespath-java/1.11.1034/jmespath-java-1.11.1034.jar:/home/runner/.m2/repository/org/kohsuke/metainf-services/metainf-services/1.8/metainf-services-1.8.jar:/home/runner/.m2/repository/org/apache/ozone/hdds-tools/1.2.0-SNAPSHOT/hdds-tools-1.2.0-SNAPSHOT.jar:/home/runner/.m2/repository/commons-cli/commons-cli/1.2/commons-cli-1.2.jar:/home/runner/.m2/repository/org/apache/commons/commons-lang3/3.7/commons-lang3-3.7.jar:/home/runner/.m2/repository/org/apache/ozone/ozone-manager/1.2.0-SNAPSHOT/ozone-manager-1.2.0-SNAPSHOT-tests.jar:/home/runner/.m2/repository/org/apache/ozone/hdds-common/1.2.0-SNAPSHOT/hdds-common-1.2.0-SNAPSHOT-tests.jar:/home/runner/.m2/repository/org/apache/ozone/hdds-hadoop-dependency-client/1.2.0-SNAPSHOT/hdds-hadoop-dependency-client-1.2.0-SNAPSHOT.jar:/home/runner/.m2/repository/info/picocli/picocli/4.6.1/picocli-4.6.1.jar:/home/runner/.m2/repository/com/fasterxml/jackson/core/jackson-annotations/2.12.1/jackson-annotations-2.12.1.jar:/home/runner/.m2/repository/javax/annotation/javax.annotation-api/1.2/javax.annotation-api-1.2.jar:/home/runner/.m2/repository/org/apache/ratis/ratis-server/2.2.0/ratis-server-2.2.0.jar:/home/runner/.m2/repository/org/apache/ratis/ratis-client/2.2.0/ratis-client-2.2.0.jar:/home/runner/.m2/repository/org/apache/ratis/ratis-server-api/2.2.0/ratis-server-api-2.2.0.jar:/home/runner/.m2/repository/org/apache/ratis/ratis-metrics/2.2.0/ratis-metrics-2.2.0.jar:/home/runner/.m2/repository/org/apache/ratis/ratis-netty/2.2.0/ratis-netty-2.2.0.jar:/home/runner/.m2/repository/org/apache/ratis/ratis-grpc/2.2.0/ratis-grpc-2.2.0.jar:/home/runner/.m2/repository/org/apache/logging/log4j/log4j-api/2.13.3/log4j-api-2.13.3.jar:/home/runner/.m2/repository/org/apache/logging/log4j/log4j-core/2.13.3/log4j-core-2.13.3.jar:/home/runner/.m2/repository/com/lmax/disruptor/3.4.2/disruptor-3.4.2.jar:/home/runner/.m2/repository/org/apache/commons/commons-pool2/2.6.0/commons-pool2-2.6.0.jar:/home/runner/.m2/repository/org/bouncycastle/bcpkix-jdk15on/1.67/bcpkix-jdk15on-1.67.jar:/home/runner/.m2/repository/commons-validator/commons-validator/1.6/commons-validator-1.6.jar:/home/runner/.m2/repository/commons-beanutils/commons-beanutils/1.9.4/commons-beanutils-1.9.4.jar:/home/runner/.m2/repository/commons-digester/commons-digester/1.8.1/commons-digester-1.8.1.jar:/home/runner/.m2/repository/commons-collections/commons-collections/3.2.2/commons-collections-3.2.2.jar:/home/runner/.m2/repository/io/jaegertracing/jaeger-client/1.6.0/jaeger-client-1.6.0.jar:/home/runner/.m2/repository/io/jaegertracing/jaeger-thrift/1.6.0/jaeger-thrift-1.6.0.jar:/home/runner/.m2/repository/org/apache/thrift/libthrift/0.14.1/libthrift-0.14.1.jar:/home/runner/.m2/repository/com/squareup/okhttp3/okhttp/4.9.0/okhttp-4.9.0.jar:/home/runner/.m2/repository/com/squareup/okio/okio/2.8.0/okio-2.8.0.jar:/home/runner/.m2/repository/io/jaegertracing/jaeger-core/1.6.0/jaeger-core-1.6.0.jar:/home/runner/.m2/repository/io/jaegertracing/jaeger-tracerresolver/1.6.0/jaeger-tracerresolver-1.6.0.jar:/home/runner/.m2/repository/io/opentracing/contrib/opentracing-tracerresolver/0.1.8/opentracing-tracerresolver-0.1.8.jar:/home/runner/.m2/repository/org/jetbrains/kotlin/kotlin-stdlib/1.4.31/kotlin-stdlib-1.4.31.jar:/home/runner/.m2/repository/org/jetbrains/kotlin/kotlin-stdlib-common/1.4.31/kotlin-stdlib-common-1.4.31.jar:/home/runner/.m2/repository/org/jetbrains/annotations/13.0/annotations-13.0.jar:/home/runner/.m2/repository/io/opentracing/opentracing-util/0.33.0/opentracing-util-0.33.0.jar:/home/runner/.m2/repository/io/opentracing/opentracing-api/0.33.0/opentracing-api-0.33.0.jar:/home/runner/.m2/repository/io/opentracing/opentracing-noop/0.33.0/opentracing-noop-0.33.0.jar:/home/runner/.m2/repository/org/yaml/snakeyaml/1.26/snakeyaml-1.26.jar:/home/runner/.m2/repository/org/apache/ozone/hdds-interface-admin/1.2.0-SNAPSHOT/hdds-interface-admin-1.2.0-SNAPSHOT.jar:/home/runner/.m2/repository/junit/junit/4.13.1/junit-4.13.1.jar:/home/runner/.m2/repository/org/hamcrest/hamcrest-core/1.3/hamcrest-core-1.3.jar:/home/runner/.m2/repository/org/junit/jupiter/junit-jupiter-api/5.7.0/junit-jupiter-api-5.7.0.jar:/home/runner/.m2/repository/org/apiguardian/apiguardian-api/1.1.0/apiguardian-api-1.1.0.jar:/home/runner/.m2/repository/org/opentest4j/opentest4j/1.2.0/opentest4j-1.2.0.jar:/home/runner/.m2/repository/org/junit/platform/junit-platform-commons/1.7.0/junit-platform-commons-1.7.0.jar:/home/runner/.m2/repository/org/junit/jupiter/junit-jupiter-engine/5.7.0/junit-jupiter-engine-5.7.0.jar:/home/runner/.m2/repository/org/junit/platform/junit-platform-engine/1.7.0/junit-platform-engine-1.7.0.jar:/home/runner/.m2/repository/org/junit/vintage/junit-vintage-engine/5.7.0/junit-vintage-engine-5.7.0.jar:/home/runner/.m2/repository/org/junit/platform/junit-platform-launcher/1.7.0/junit-platform-launcher-1.7.0.jar:/home/runner/.m2/repository/org/openjdk/jmh/jmh-core/1.19/jmh-core-1.19.jar:/home/runner/.m2/repository/net/sf/jopt-simple/jopt-simple/4.6/jopt-simple-4.6.jar:/home/runner/.m2/repository/org/apache/commons/commons-math3/3.1.1/commons-math3-3.1.1.jar:/home/runner/.m2/repository/org/openjdk/jmh/jmh-generator-annprocess/1.19/jmh-generator-annprocess-1.19.jar:/home/runner/.m2/repository/org/mockito/mockito-core/2.28.2/mockito-core-2.28.2.jar:/home/runner/.m2/repository/net/bytebuddy/byte-buddy/1.9.10/byte-buddy-1.9.10.jar:/home/runner/.m2/repository/net/bytebuddy/byte-buddy-agent/1.9.10/byte-buddy-agent-1.9.10.jar:/home/runner/.m2/repository/org/objenesis/objenesis/1.0/objenesis-1.0.jar:/home/runner/.m2/repository/org/apache/hadoop/hadoop-kms/3.3.1/hadoop-kms-3.3.1.jar:/home/runner/.m2/repository/org/apache/hadoop/hadoop-auth/3.3.1/hadoop-auth-3.3.1.jar:/home/runner/.m2/repository/com/nimbusds/nimbus-jose-jwt/7.9/nimbus-jose-jwt-7.9.jar:/home/runner/.m2/repository/com/github/stephenc/jcip/jcip-annotations/1.0-1/jcip-annotations-1.0-1.jar:/home/runner/.m2/repository/net/minidev/json-smart/2.3.1/json-smart-2.3.1.jar:/home/runner/.m2/repository/net/minidev/accessors-smart/2.3.1/accessors-smart-2.3.1.jar:/home/runner/.m2/repository/org/ow2/asm/asm/5.0.4/asm-5.0.4.jar:/home/runner/.m2/repository/org/apache/zookeeper/zookeeper/3.5.6/zookeeper-3.5.6.jar:/home/runner/.m2/repository/org/apache/zookeeper/zookeeper-jute/3.5.6/zookeeper-jute-3.5.6.jar:/home/runner/.m2/repository/org/apache/yetus/audience-annotations/0.5.0/audience-annotations-0.5.0.jar:/home/runner/.m2/repository/org/apache/curator/curator-framework/4.2.0/curator-framework-4.2.0.jar:/home/runner/.m2/repository/org/apache/hadoop/thirdparty/hadoop-shaded-guava/1.1.1/hadoop-shaded-guava-1.1.1.jar:/home/runner/.m2/repository/com/sun/jersey/jersey-core/1.19/jersey-core-1.19.jar:/home/runner/.m2/repository/javax/ws/rs/jsr311-api/1.1.1/jsr311-api-1.1.1.jar:/home/runner/.m2/repository/com/sun/jersey/jersey-server/1.19/jersey-server-1.19.jar:/home/runner/.m2/repository/javax/servlet/javax.servlet-api/3.1.0/javax.servlet-api-3.1.0.jar:/home/runner/.m2/repository/org/eclipse/jetty/jetty-server/9.4.43.v20210629/jetty-server-9.4.43.v20210629.jar:/home/runner/.m2/repository/org/eclipse/jetty/jetty-http/9.4.43.v20210629/jetty-http-9.4.43.v20210629.jar:/home/runner/.m2/repository/org/eclipse/jetty/jetty-io/9.4.43.v20210629/jetty-io-9.4.43.v20210629.jar:/home/runner/.m2/repository/org/eclipse/jetty/jetty-webapp/9.4.43.v20210629/jetty-webapp-9.4.43.v20210629.jar:/home/runner/.m2/repository/org/eclipse/jetty/jetty-xml/9.4.43.v20210629/jetty-xml-9.4.43.v20210629.jar:/home/runner/.m2/repository/org/apache/hadoop/hadoop-common/3.3.1/hadoop-common-3.3.1.jar:/home/runner/.m2/repository/commons-net/commons-net/3.6/commons-net-3.6.jar:/home/runner/.m2/repository/jakarta/activation/jakarta.activation-api/1.2.1/jakarta.activation-api-1.2.1.jar:/home/runner/.m2/repository/com/sun/jersey/jersey-servlet/1.19/jersey-servlet-1.19.jar:/home/runner/.m2/repository/com/sun/jersey/jersey-json/1.19/jersey-json-1.19.jar:/home/runner/.m2/repository/org/codehaus/jettison/jettison/1.1/jettison-1.1.jar:/home/runner/.m2/repository/com/sun/xml/bind/jaxb-impl/2.2.3-1/jaxb-impl-2.2.3-1.jar:/home/runner/.m2/repository/org/codehaus/jackson/jackson-jaxrs/1.9.2/jackson-jaxrs-1.9.2.jar:/home/runner/.m2/repository/org/codehaus/jackson/jackson-xc/1.9.2/jackson-xc-1.9.2.jar:/home/runner/.m2/repository/org/apache/commons/commons-configuration2/2.1.1/commons-configuration2-2.1.1.jar:/home/runner/.m2/repository/org/apache/commons/commons-text/1.4/commons-text-1.4.jar:/home/runner/.m2/repository/com/google/re2j/re2j/1.1/re2j-1.1.jar:/home/runner/.m2/repository/com/jcraft/jsch/0.1.54/jsch-0.1.54.jar:/home/runner/.m2/repository/org/apache/curator/curator-client/4.2.0/curator-client-4.2.0.jar:/home/runner/.m2/repository/org/apache/curator/curator-recipes/4.2.0/curator-recipes-4.2.0.jar:/home/runner/.m2/repository/org/apache/kerby/kerb-core/1.0.1/kerb-core-1.0.1.jar:/home/runner/.m2/repository/org/apache/kerby/kerby-pkix/1.0.1/kerby-pkix-1.0.1.jar:/home/runner/.m2/repository/org/apache/kerby/kerby-asn1/1.0.1/kerby-asn1-1.0.1.jar:/home/runner/.m2/repository/org/apache/kerby/kerby-util/1.0.1/kerby-util-1.0.1.jar:/home/runner/.m2/repository/dnsjava/dnsjava/2.1.7/dnsjava-2.1.7.jar:/home/runner/.m2/repository/org/xerial/snappy/snappy-java/1.1.8.2/snappy-java-1.1.8.2.jar:/home/runner/.m2/repository/org/slf4j/jul-to-slf4j/1.7.30/jul-to-slf4j-1.7.30.jar:/home/runner/.m2/repository/org/eclipse/jetty/jetty-util/9.4.43.v20210629/jetty-util-9.4.43.v20210629.jar:/home/runner/.m2/repository/com/fasterxml/jackson/core/jackson-databind/2.12.1/jackson-databind-2.12.1.jar:/home/runner/.m2/repository/org/apache/hadoop/hadoop-kms/3.3.1/hadoop-kms-3.3.1-tests.jar:/home/runner/.m2/repository/org/apache/ozone/hdds-server-scm/1.2.0-SNAPSHOT/hdds-server-scm-1.2.0-SNAPSHOT-tests.jar:/home/runner/.m2/repository/org/apache/ozone/hdds-container-service/1.2.0-SNAPSHOT/hdds-container-service-1.2.0-SNAPSHOT-tests.jar:/home/runner/.m2/repository/commons-codec/commons-codec/1.11/commons-codec-1.11.jar:/home/runner/.m2/repository/io/netty/netty-transport/4.1.63.Final/netty-transport-4.1.63.Final.jar:/home/runner/.m2/repository/io/netty/netty-resolver/4.1.63.Final/netty-resolver-4.1.63.Final.jar:/home/runner/.m2/repository/io/netty/netty-codec/4.1.63.Final/netty-codec-4.1.63.Final.jar:/home/runner/.m2/repository/io/netty/netty-handler/4.1.63.Final/netty-handler-4.1.63.Final.jar:/home/runner/.m2/repository/org/apache/ozone/hdds-hadoop-dependency-test/1.2.0-SNAPSHOT/hdds-hadoop-dependency-test-1.2.0-SNAPSHOT.jar:/home/runner/.m2/repository/org/apache/hadoop/hadoop-common/3.3.1/hadoop-common-3.3.1-tests.jar:/home/runner/.m2/repository/org/assertj/assertj-core/3.12.2/assertj-core-3.12.2.jar:/home/runner/.m2/repository/org/apache/hadoop/hadoop-hdfs/3.3.1/hadoop-hdfs-3.3.1-tests.jar:/home/runner/.m2/repository/org/eclipse/jetty/jetty-util-ajax/9.4.43.v20210629/jetty-util-ajax-9.4.43.v20210629.jar:/home/runner/.m2/repository/commons-daemon/commons-daemon/1.0.13/commons-daemon-1.0.13.jar:/home/runner/.m2/repository/io/netty/netty/3.10.6.Final/netty-3.10.6.Final.jar:/home/runner/.m2/repository/io/netty/netty-all/4.1.63.Final/netty-all-4.1.63.Final.jar:/home/runner/.m2/repository/org/apache/htrace/htrace-core4/4.1.0-incubating/htrace-core4-4.1.0-incubating.jar:/home/runner/.m2/repository/org/fusesource/leveldbjni/leveldbjni-all/1.8/leveldbjni-all-1.8.jar:/home/runner/.m2/repository/org/apache/hadoop/hadoop-distcp/3.3.1/hadoop-distcp-3.3.1.jar:/home/runner/.m2/repository/org/apache/hadoop/hadoop-mapreduce-client-jobclient/3.3.1/hadoop-mapreduce-client-jobclient-3.3.1.jar:/home/runner/.m2/repository/org/apache/hadoop/hadoop-mapreduce-client-common/3.3.1/hadoop-mapreduce-client-common-3.3.1.jar:/home/runner/.m2/repository/org/apache/hadoop/hadoop-yarn-common/3.3.1/hadoop-yarn-common-3.3.1.jar:/home/runner/.m2/repository/org/apache/hadoop/hadoop-yarn-api/3.3.1/hadoop-yarn-api-3.3.1.jar:/home/runner/.m2/repository/com/sun/jersey/jersey-client/1.19/jersey-client-1.19.jar:/home/runner/.m2/repository/com/sun/jersey/contribs/jersey-guice/1.19/jersey-guice-1.19.jar:/home/runner/.m2/repository/com/fasterxml/jackson/jaxrs/jackson-jaxrs-json-provider/2.12.1/jackson-jaxrs-json-provider-2.12.1.jar:/home/runner/.m2/repository/com/fasterxml/jackson/jaxrs/jackson-jaxrs-base/2.12.1/jackson-jaxrs-base-2.12.1.jar:/home/runner/.m2/repository/org/apache/hadoop/hadoop-yarn-client/3.3.1/hadoop-yarn-client-3.3.1.jar:/home/runner/.m2/repository/org/eclipse/jetty/websocket/websocket-client/9.4.40.v20210413/websocket-client-9.4.40.v20210413.jar:/home/runner/.m2/repository/org/eclipse/jetty/jetty-client/9.4.40.v20210413/jetty-client-9.4.40.v20210413.jar:/home/runner/.m2/repository/org/eclipse/jetty/websocket/websocket-common/9.4.40.v20210413/websocket-common-9.4.40.v20210413.jar:/home/runner/.m2/repository/org/eclipse/jetty/websocket/websocket-api/9.4.40.v20210413/websocket-api-9.4.40.v20210413.jar:/home/runner/.m2/repository/org/jline/jline/3.9.0/jline-3.9.0.jar:/home/runner/.m2/repository/org/apache/hadoop/hadoop-mapreduce-client-core/3.3.1/hadoop-mapreduce-client-core-3.3.1.jar:/home/runner/.m2/repository/org/apache/avro/avro/1.7.7/avro-1.7.7.jar:/home/runner/.m2/repository/org/codehaus/jackson/jackson-core-asl/1.9.13/jackson-core-asl-1.9.13.jar:/home/runner/.m2/repository/org/codehaus/jackson/jackson-mapper-asl/1.9.13/jackson-mapper-asl-1.9.13.jar:/home/runner/.m2/repository/com/thoughtworks/paranamer/paranamer/2.3/paranamer-2.3.jar:/home/runner/.m2/repository/org/apache/hadoop/hadoop-annotations/3.3.1/hadoop-annotations-3.3.1.jar:/usr/lib/jvm/adoptopenjdk-8-hotspot-amd64/jre/../lib/tools.jar:/home/runner/.m2/repository/org/apache/hadoop/hadoop-distcp/3.3.1/hadoop-distcp-3.3.1-tests.jar:/home/runner/.m2/repository/org/apache/ratis/ratis-common/2.2.0/ratis-common-2.2.0.jar:/home/runner/.m2/repository/org/apache/ratis/ratis-thirdparty-misc/0.7.0/ratis-thirdparty-misc-0.7.0.jar:/home/runner/.m2/repository/org/apache/ratis/ratis-proto/2.2.0/ratis-proto-2.2.0.jar:"/>
    <property name="sun.cpu.endian" value="little"/>
    <property name="user.home" value="/home/runner"/>
    <property name="user.language" value="en"/>
    <property name="java.specification.vendor" value="Oracle Corporation"/>
    <property name="java.home" value="/usr/lib/jvm/adoptopenjdk-8-hotspot-amd64/jre"/>
    <property name="java.security.krb5.conf" value="/home/runner/work/ozone/ozone/hadoop-ozone/integration-test/target/test-classes/krb5.conf"/>
    <property name="basedir" value="/home/runner/work/ozone/ozone/hadoop-ozone/integration-test"/>
    <property name="file.separator" value="/"/>
    <property name="line.separator" value="&#10;"/>
    <property name="java.vm.specification.vendor" value="Oracle Corporation"/>
    <property name="java.specification.name" value="Java Platform API Specification"/>
    <property name="java.awt.graphicsenv" value="sun.awt.X11GraphicsEnvironment"/>
    <property name="skip.installnpx" value="true"/>
    <property name="surefire.real.class.path" value="/home/runner/work/ozone/ozone/hadoop-ozone/integration-test/target/surefire/surefirebooter1848410932694323901.jar:/home/runner/.m2/repository/org/jacoco/org.jacoco.agent/0.8.5/org.jacoco.agent-0.8.5-runtime.jar"/>
    <property name="hadoop.log.dir" value="/home/runner/work/ozone/ozone/hadoop-ozone/integration-test/target/log"/>
    <property name="sun.boot.class.path" value="/usr/lib/jvm/adoptopenjdk-8-hotspot-amd64/jre/lib/resources.jar:/usr/lib/jvm/adoptopenjdk-8-hotspot-amd64/jre/lib/rt.jar:/usr/lib/jvm/adoptopenjdk-8-hotspot-amd64/jre/lib/sunrsasign.jar:/usr/lib/jvm/adoptopenjdk-8-hotspot-amd64/jre/lib/jsse.jar:/usr/lib/jvm/adoptopenjdk-8-hotspot-amd64/jre/lib/jce.jar:/usr/lib/jvm/adoptopenjdk-8-hotspot-amd64/jre/lib/charsets.jar:/usr/lib/jvm/adoptopenjdk-8-hotspot-amd64/jre/lib/jfr.jar:/usr/lib/jvm/adoptopenjdk-8-hotspot-amd64/jre/classes"/>
    <property name="sun.management.compiler" value="HotSpot 64-Bit Tiered Compilers"/>
    <property name="skip.npx" value="true"/>
    <property name="java.runtime.version" value="1.8.0_292-b10"/>
    <property name="java.net.preferIPv4Stack" value="true"/>
    <property name="user.name" value="runner"/>
    <property name="path.separator" value=":"/>
    <property name="java.security.egd" value="file:///dev/urandom"/>
    <property name="os.version" value="5.4.0-1061-azure"/>
    <property name="java.endorsed.dirs" value="/usr/lib/jvm/adoptopenjdk-8-hotspot-amd64/jre/lib/endorsed"/>
    <property name="java.runtime.name" value="OpenJDK Runtime Environment"/>
    <property name="file.encoding" value="UTF-8"/>
    <property name="java.vm.name" value="OpenJDK 64-Bit Server VM"/>
    <property name="test.build.webapps" value=""/>
    <property name="localRepository" value="/home/runner/.m2/repository"/>
    <property name="java.vendor.url.bug" value="https://github.com/AdoptOpenJDK/openjdk-support/issues"/>
    <property name="java.io.tmpdir" value="/tmp"/>
    <property name="require.test.libhadoop" value=""/>
    <property name="java.version" value="1.8.0_292"/>
    <property name="user.dir" value="/home/runner/work/ozone/ozone/hadoop-ozone/integration-test"/>
    <property name="os.arch" value="amd64"/>
    <property name="java.vm.specification.name" value="Java Virtual Machine Specification"/>
    <property name="test.build.classes" value="/home/runner/work/ozone/ozone/hadoop-ozone/integration-test/target/test-classes"/>
    <property name="java.awt.printerjob" value="sun.print.PSPrinterJob"/>
    <property name="sun.os.patch.level" value="unknown"/>
    <property name="hadoop.tmp.dir" value="/home/runner/work/ozone/ozone/hadoop-ozone/integration-test/target/tmp"/>
    <property name="java.library.path" value="/usr/java/packages/lib/amd64:/usr/lib64:/lib64:/lib:/usr/lib"/>
    <property name="java.vm.info" value="mixed mode"/>
    <property name="java.vendor" value="AdoptOpenJDK"/>
    <property name="java.vm.version" value="25.292-b10"/>
    <property name="java.ext.dirs" value="/usr/lib/jvm/adoptopenjdk-8-hotspot-amd64/jre/lib/ext:/usr/java/packages/lib/ext"/>
    <property name="sun.io.unicode.encoding" value="UnicodeLittle"/>
    <property name="java.class.version" value="52.0"/>
  </properties>
  <testcase name="testPrepareFailsWhenTwoOmsAreDown" classname="org.apache.hadoop.ozone.om.TestOzoneManagerPrepare" time="0">
    <skipped message="Saving on CI time since this is a pessimistic test. We should not be able to do anything with 2 OMs down."/>
    <system-out><![CDATA[2021-10-31 01:03:21,697 [main] WARN  server.ServerUtils (ServerUtils.java:getScmDbDir(148)) - ozone.scm.db.dirs is not configured. We recommend adding this setting. Falling back to ozone.metadata.dirs instead.
2021-10-31 01:03:21,819 [main] INFO  ha.SCMHANodeDetails (SCMHANodeDetails.java:loadSCMHAConfig(157)) - ServiceID for StorageContainerManager is null
2021-10-31 01:03:21,819 [main] INFO  ha.SCMHANodeDetails (SCMHANodeDetails.java:loadSCMHAConfig(162)) - ozone.scm.default.service.id is not defined, falling back to ozone.scm.service.ids to find serviceID for StorageContainerManager if it is HA enabled cluster
2021-10-31 01:03:21,942 [main] WARN  server.ServerUtils (ServerUtils.java:getScmDbDir(148)) - ozone.scm.db.dirs is not configured. We recommend adding this setting. Falling back to ozone.metadata.dirs instead.
2021-10-31 01:03:21,945 [main] INFO  upgrade.AbstractLayoutVersionManager (AbstractLayoutVersionManager.java:init(79)) - Initializing Layout version manager with metadata layout = SCM_HA (version = 2), software layout = SCM_HA (version = 2)
2021-10-31 01:03:22,159 [main] INFO  reflections.Reflections (Reflections.java:scan(232)) - Reflections took 122 ms to scan 7 urls, producing 119 keys and 279 values 
2021-10-31 01:03:22,759 [main] WARN  utils.HAUtils (HAUtils.java:getMetaDir(342)) - ozone.scm.db.dirs is not configured. We recommend adding this setting. Falling back to ozone.metadata.dirs instead.
2021-10-31 01:03:22,890 [main] WARN  db.DBStoreBuilder (DBStoreBuilder.java:applyDBDefinition(145)) - ozone.scm.db.dirs is not configured. We recommend adding this setting. Falling back to ozone.metadata.dirs instead.
2021-10-31 01:03:23,063 [main] INFO  net.NodeSchemaLoader (NodeSchemaLoader.java:loadSchemaFromFile(129)) - Loading schema from [jar:file:/home/runner/.m2/repository/org/apache/ozone/hdds-common/1.2.0-SNAPSHOT/hdds-common-1.2.0-SNAPSHOT.jar!/network-topology-default.xml]
2021-10-31 01:03:23,065 [main] INFO  net.NodeSchemaLoader (NodeSchemaLoader.java:loadSchema(176)) - Loading network topology layer schema file
2021-10-31 01:03:23,117 [main] INFO  metrics.MetricRegistries (MetricRegistriesLoader.java:load(64)) - Loaded MetricRegistries class org.apache.ratis.metrics.impl.MetricRegistriesImpl
2021-10-31 01:03:23,139 [main] INFO  ha.SequenceIdGenerator (SequenceIdGenerator.java:upgradeToSequenceId(347)) - upgrade localId to 107544261427200000
2021-10-31 01:03:23,139 [main] INFO  ha.SequenceIdGenerator (SequenceIdGenerator.java:upgradeToSequenceId(357)) - upgrade delTxnId to 0
2021-10-31 01:03:23,150 [main] INFO  ha.SequenceIdGenerator (SequenceIdGenerator.java:upgradeToSequenceId(371)) - upgrade containerId to 0
2021-10-31 01:03:23,152 [main] INFO  ha.SequenceIdGenerator (SequenceIdGenerator.java:<init>(218)) - Init the HA SequenceIdGenerator.
2021-10-31 01:03:23,203 [main] WARN  server.ServerUtils (ServerUtils.java:sanitizeUserArgs(73)) - ozone.scm.stale.node.interval value = 300000 is larger than max = 100000 based on the key value of ozone.scm.heartbeat.thread.interval, reset to the max value 100000.
2021-10-31 01:03:23,204 [main] WARN  server.ServerUtils (ServerUtils.java:sanitizeUserArgs(73)) - ozone.scm.stale.node.interval value = 300000 is larger than max = 100000 based on the key value of ozone.scm.heartbeat.thread.interval, reset to the max value 100000.
2021-10-31 01:03:23,210 [main] INFO  node.SCMNodeManager (SCMNodeManager.java:<init>(144)) - Entering startup safe mode.
2021-10-31 01:03:23,279 [main] INFO  algorithms.ContainerPlacementPolicyFactory (ContainerPlacementPolicyFactory.java:getPolicy(60)) - Create container placement policy of type org.apache.hadoop.hdds.scm.container.placement.algorithms.SCMContainerPlacementRandom
2021-10-31 01:03:23,294 [main] INFO  pipeline.PipelineStateManagerImpl (PipelineStateManagerImpl.java:initialize(78)) - No pipeline exists in current db
2021-10-31 01:03:23,336 [main] INFO  algorithms.LeaderChoosePolicyFactory (LeaderChoosePolicyFactory.java:getPolicy(57)) - Create leader choose policy of type org.apache.hadoop.hdds.scm.pipeline.leader.choose.algorithms.MinLeaderCountChoosePolicy
2021-10-31 01:03:23,345 [main] INFO  ha.SCMServiceManager (SCMServiceManager.java:register(43)) - Registering service BackgroundPipelineCreator.
2021-10-31 01:03:23,345 [main] INFO  pipeline.BackgroundPipelineCreator (BackgroundPipelineCreator.java:start(130)) - Starting RatisPipelineUtilsThread.
2021-10-31 01:03:23,386 [main] INFO  algorithms.PipelineChoosePolicyFactory (PipelineChoosePolicyFactory.java:createPipelineChoosePolicyFromClass(73)) - Create pipeline choose policy of type org.apache.hadoop.hdds.scm.pipeline.choose.algorithms.RandomPipelineChoosePolicy
2021-10-31 01:03:23,407 [main] INFO  ha.SCMServiceManager (SCMServiceManager.java:register(43)) - Registering service SCMBlockDeletingService.
2021-10-31 01:03:23,437 [main] INFO  ha.SCMServiceManager (SCMServiceManager.java:register(43)) - Registering service ReplicationManager.
2021-10-31 01:03:23,442 [main] INFO  container.ReplicationManager (ReplicationManager.java:start(319)) - Starting Replication Monitor Thread.
2021-10-31 01:03:23,453 [ReplicationMonitor] INFO  container.ReplicationManager (ReplicationManager.java:processAll(371)) - Replication Monitor Thread took 4 milliseconds for processing 0 containers.
2021-10-31 01:03:23,460 [main] INFO  safemode.ContainerSafeModeRule (ContainerSafeModeRule.java:<init>(89)) - containers with one replica threshold count 0
2021-10-31 01:03:23,464 [main] INFO  safemode.HealthyPipelineSafeModeRule (HealthyPipelineSafeModeRule.java:initializeRule(156)) - Total pipeline count is 0, healthy pipeline threshold count is 1
2021-10-31 01:03:23,467 [main] INFO  safemode.OneReplicaPipelineSafeModeRule (OneReplicaPipelineSafeModeRule.java:initializeRule(180)) - Total pipeline count is 0, pipeline's with at least one datanode reported threshold count is 0
2021-10-31 01:03:23,888 [main] INFO  ipc.CallQueueManager (CallQueueManager.java:<init>(90)) - Using callQueue: class java.util.concurrent.LinkedBlockingQueue, queueCapacity: 2000, scheduler: class org.apache.hadoop.ipc.DefaultRpcScheduler, ipcBackoff: false.
2021-10-31 01:03:23,931 [Socket Reader #1 for port 0] INFO  ipc.Server (Server.java:run(1265)) - Starting Socket Reader #1 for port 0
2021-10-31 01:03:23,972 [Listener at 0.0.0.0/46195] INFO  ipc.CallQueueManager (CallQueueManager.java:<init>(90)) - Using callQueue: class java.util.concurrent.LinkedBlockingQueue, queueCapacity: 2000, scheduler: class org.apache.hadoop.ipc.DefaultRpcScheduler, ipcBackoff: false.
2021-10-31 01:03:23,973 [Socket Reader #1 for port 0] INFO  ipc.Server (Server.java:run(1265)) - Starting Socket Reader #1 for port 0
2021-10-31 01:03:23,990 [Listener at 0.0.0.0/41117] INFO  ipc.CallQueueManager (CallQueueManager.java:<init>(90)) - Using callQueue: class java.util.concurrent.LinkedBlockingQueue, queueCapacity: 2000, scheduler: class org.apache.hadoop.ipc.DefaultRpcScheduler, ipcBackoff: false.
2021-10-31 01:03:23,991 [Socket Reader #1 for port 0] INFO  ipc.Server (Server.java:run(1265)) - Starting Socket Reader #1 for port 0
2021-10-31 01:03:24,032 [Listener at 0.0.0.0/42331] INFO  algorithms.ContainerPlacementPolicyFactory (ContainerPlacementPolicyFactory.java:getPolicy(60)) - Create container placement policy of type org.apache.hadoop.hdds.scm.container.placement.algorithms.SCMContainerPlacementRandom
2021-10-31 01:03:24,037 [Listener at 0.0.0.0/42331] INFO  server.StorageContainerManager (StorageContainerManager.java:<init>(388)) - 
Container Balancer status:
Key                            Value
Running                        false
Container Balancer Configuration values:
Key                                                Value
Threshold                                          0.1
Max Datanodes to Involve per Iteration(ratio)      0.2
Max Size to Move per Iteration                     32212254720B

2021-10-31 01:03:24,037 [Listener at 0.0.0.0/42331] WARN  events.EventQueue (EventQueue.java:fireEvent(194)) - No event handler registered for event TypedEvent{payloadType=SafeModeStatus, name='Safe mode status'}
2021-10-31 01:03:24,037 [Listener at 0.0.0.0/42331] INFO  ha.SCMContext (SCMContext.java:updateSafeModeStatus(205)) - Update SafeModeStatus from SafeModeStatus{safeModeStatus=true, preCheckPassed=false} to SafeModeStatus{safeModeStatus=true, preCheckPassed=false}.
2021-10-31 01:03:24,040 [Listener at 0.0.0.0/42331] INFO  server.StorageContainerManager (StorageContainerManager.java:start(1303)) - StorageContainerLocationProtocol RPC server is listening at /0.0.0.0:42331
2021-10-31 01:03:24,119 [Listener at 0.0.0.0/42331] WARN  impl.MetricsConfig (MetricsConfig.java:loadFirst(136)) - Cannot locate configuration: tried hadoop-metrics2-storagecontainermanager.properties,hadoop-metrics2.properties
2021-10-31 01:03:24,137 [Listener at 0.0.0.0/42331] INFO  impl.MetricsSystemImpl (MetricsSystemImpl.java:startTimer(378)) - Scheduled Metric snapshot period at 10 second(s).
2021-10-31 01:03:24,138 [Listener at 0.0.0.0/42331] INFO  impl.MetricsSystemImpl (MetricsSystemImpl.java:start(191)) - StorageContainerManager metrics system started
2021-10-31 01:03:24,469 [Listener at 0.0.0.0/42331] INFO  server.SCMClientProtocolServer (SCMClientProtocolServer.java:start(164)) - RPC server for Client  is listening at /0.0.0.0:42331
2021-10-31 01:03:24,470 [IPC Server Responder] INFO  ipc.Server (Server.java:run(1507)) - IPC Server Responder: starting
2021-10-31 01:03:24,472 [IPC Server listener on 0] INFO  ipc.Server (Server.java:run(1344)) - IPC Server listener on 0: starting
2021-10-31 01:03:24,478 [Listener at 0.0.0.0/42331] INFO  server.StorageContainerManager (StorageContainerManager.java:start(1318)) - ScmBlockLocationProtocol RPC server is listening at /0.0.0.0:41117
2021-10-31 01:03:24,479 [Listener at 0.0.0.0/42331] INFO  server.SCMBlockProtocolServer (SCMBlockProtocolServer.java:start(151)) - RPC server for Block Protocol is listening at /0.0.0.0:41117
2021-10-31 01:03:24,479 [IPC Server Responder] INFO  ipc.Server (Server.java:run(1507)) - IPC Server Responder: starting
2021-10-31 01:03:24,480 [IPC Server listener on 0] INFO  ipc.Server (Server.java:run(1344)) - IPC Server listener on 0: starting
2021-10-31 01:03:24,484 [Listener at 0.0.0.0/42331] INFO  server.StorageContainerManager (StorageContainerManager.java:start(1324)) - ScmDatanodeProtocl RPC server is listening at /0.0.0.0:46195
2021-10-31 01:03:24,484 [Listener at 0.0.0.0/42331] INFO  server.SCMDatanodeProtocolServer (SCMDatanodeProtocolServer.java:start(181)) - RPC server for DataNodes is listening at /0.0.0.0:46195
2021-10-31 01:03:24,485 [IPC Server Responder] INFO  ipc.Server (Server.java:run(1507)) - IPC Server Responder: starting
2021-10-31 01:03:24,486 [IPC Server listener on 0] INFO  ipc.Server (Server.java:run(1344)) - IPC Server listener on 0: starting
2021-10-31 01:03:24,511 [org.apache.hadoop.util.JvmPauseMonitor$Monitor@fabfc79] INFO  util.JvmPauseMonitor (JvmPauseMonitor.java:run(188)) - Starting JVM pause monitor
2021-10-31 01:03:24,521 [Listener at 0.0.0.0/42331] INFO  http.BaseHttpServer (BaseHttpServer.java:newHttpServer2BuilderForOzone(209)) - Starting Web-server for scm at: http://0.0.0.0:0
2021-10-31 01:03:24,521 [Listener at 0.0.0.0/42331] INFO  http.BaseHttpServer (BaseHttpServer.java:<init>(107)) - Hadoop Security Enabled: false Ozone Security Enabled: false Ozone HTTP Security Enabled: false 
2021-10-31 01:03:24,548 [Listener at 0.0.0.0/42331] INFO  util.log (Log.java:initialized(170)) - Logging initialized @4482ms to org.eclipse.jetty.util.log.Slf4jLog
2021-10-31 01:03:24,657 [Listener at 0.0.0.0/42331] INFO  server.AuthenticationFilter (AuthenticationFilter.java:constructSecretProvider(240)) - Unable to initialize FileSignerSecretProvider, falling back to use random secrets.
2021-10-31 01:03:24,663 [Listener at 0.0.0.0/42331] WARN  http.HttpRequestLog (HttpRequestLog.java:getRequestLog(103)) - Jetty request log can only be enabled using Log4j
2021-10-31 01:03:24,668 [Listener at 0.0.0.0/42331] INFO  http.HttpServer2 (HttpServer2.java:addGlobalFilter(1030)) - Added global filter 'safety' (class=org.apache.hadoop.hdds.server.http.HttpServer2$QuotingInputFilter)
2021-10-31 01:03:24,670 [Listener at 0.0.0.0/42331] INFO  http.HttpServer2 (HttpServer2.java:addFilter(1006)) - Added filter static_user_filter (class=org.apache.hadoop.http.lib.StaticUserWebFilter$StaticUserFilter) to context scm
2021-10-31 01:03:24,671 [Listener at 0.0.0.0/42331] INFO  http.HttpServer2 (HttpServer2.java:addFilter(1014)) - Added filter static_user_filter (class=org.apache.hadoop.http.lib.StaticUserWebFilter$StaticUserFilter) to context logs
2021-10-31 01:03:24,671 [Listener at 0.0.0.0/42331] INFO  http.HttpServer2 (HttpServer2.java:addFilter(1014)) - Added filter static_user_filter (class=org.apache.hadoop.http.lib.StaticUserWebFilter$StaticUserFilter) to context static
2021-10-31 01:03:24,710 [Listener at 0.0.0.0/42331] INFO  http.HttpServer2 (HttpServer2.java:bindListener(1249)) - Jetty bound to port 45097
2021-10-31 01:03:24,711 [Listener at 0.0.0.0/42331] INFO  server.Server (Server.java:doStart(375)) - jetty-9.4.43.v20210629; built: 2021-06-30T11:07:22.254Z; git: 526006ecfa3af7f1a27ef3a288e2bef7ea9dd7e8; jvm 1.8.0_292-b10
2021-10-31 01:03:24,744 [Listener at 0.0.0.0/42331] INFO  server.session (DefaultSessionIdManager.java:doStart(334)) - DefaultSessionIdManager workerName=node0
2021-10-31 01:03:24,745 [Listener at 0.0.0.0/42331] INFO  server.session (DefaultSessionIdManager.java:doStart(339)) - No SessionScavenger set, using defaults
2021-10-31 01:03:24,748 [Listener at 0.0.0.0/42331] INFO  server.session (HouseKeeper.java:startScavenging(132)) - node0 Scavenging every 660000ms
2021-10-31 01:03:24,763 [Listener at 0.0.0.0/42331] INFO  handler.ContextHandler (ContextHandler.java:doStart(915)) - Started o.e.j.s.ServletContextHandler@3cab07dd{logs,/logs,file:///home/runner/work/ozone/ozone/hadoop-ozone/integration-test/target/log,AVAILABLE}
2021-10-31 01:03:24,764 [Listener at 0.0.0.0/42331] INFO  handler.ContextHandler (ContextHandler.java:doStart(915)) - Started o.e.j.s.ServletContextHandler@234bfc8c{static,/static,file:///home/runner/work/ozone/ozone/hadoop-ozone/integration-test/target/test-classes/webapps/static,AVAILABLE}
2021-10-31 01:03:24,813 [Listener at 0.0.0.0/42331] INFO  handler.ContextHandler (ContextHandler.java:doStart(915)) - Started o.e.j.w.WebAppContext@1e18876d{scm,/,file:///home/runner/work/ozone/ozone/hadoop-ozone/integration-test/target/test-classes/webapps/scm/,AVAILABLE}{file:/home/runner/work/ozone/ozone/hadoop-ozone/integration-test/target/test-classes/webapps/scm}
2021-10-31 01:03:24,823 [Listener at 0.0.0.0/42331] INFO  server.AbstractConnector (AbstractConnector.java:doStart(331)) - Started ServerConnector@39159b14{HTTP/1.1, (http/1.1)}{0.0.0.0:45097}
2021-10-31 01:03:24,823 [Listener at 0.0.0.0/42331] INFO  server.Server (Server.java:doStart(415)) - Started @4757ms
2021-10-31 01:03:24,825 [Listener at 0.0.0.0/42331] INFO  impl.MetricsSinkAdapter (MetricsSinkAdapter.java:start(204)) - Sink prometheus started
2021-10-31 01:03:24,826 [Listener at 0.0.0.0/42331] INFO  impl.MetricsSystemImpl (MetricsSystemImpl.java:registerSink(305)) - Registered sink prometheus
2021-10-31 01:03:24,827 [Listener at 0.0.0.0/42331] INFO  http.BaseHttpServer (BaseHttpServer.java:updateConnectorAddress(329)) - HTTP server of scm listening at http://0.0.0.0:45097
2021-10-31 01:03:24,939 [Listener at 0.0.0.0/42331] INFO  ha.OMHANodeDetails (OMHANodeDetails.java:loadOMHAConfig(118)) - ServiceID for OzoneManager is om-service-test1
2021-10-31 01:03:24,945 [Listener at 0.0.0.0/42331] INFO  ha.OMHANodeDetails (OMHANodeDetails.java:loadOMHAConfig(194)) - Found matching OM address with OMServiceId: om-service-test1, OMNodeId: omNode-1, RPC Address: localhost:11916 and Ratis port: 11920
2021-10-31 01:03:24,945 [Listener at 0.0.0.0/42331] INFO  ha.OMHANodeDetails (ConfUtils.java:setNodeSpecificConfigs(108)) - Setting configuration key ozone.om.http-address with value of key ozone.om.http-address.om-service-test1.omNode-1: 127.0.0.1:11918
2021-10-31 01:03:24,945 [Listener at 0.0.0.0/42331] INFO  ha.OMHANodeDetails (ConfUtils.java:setNodeSpecificConfigs(108)) - Setting configuration key ozone.om.https-address with value of key ozone.om.https-address.om-service-test1.omNode-1: 127.0.0.1:11919
2021-10-31 01:03:24,945 [Listener at 0.0.0.0/42331] INFO  ha.OMHANodeDetails (ConfUtils.java:setNodeSpecificConfigs(108)) - Setting configuration key ozone.om.address with value of key ozone.om.address.om-service-test1.omNode-1: 127.0.0.1:11916
2021-10-31 01:03:24,946 [Listener at 0.0.0.0/42331] WARN  server.ServerUtils (ServerUtils.java:getDBPath(225)) - ozone.om.db.dirs is not configured. We recommend adding this setting. Falling back to ozone.metadata.dirs instead.
OM initialization succeeded.Current cluster id for sd=/home/runner/work/ozone/ozone/hadoop-ozone/integration-test/target/test-dir/MiniOzoneClusterImpl-b8864bcf-37cc-42b5-82cc-559abfd78a8f/omNode-1/om;cid=b8864bcf-37cc-42b5-82cc-559abfd78a8f;layoutVersion=0
2021-10-31 01:03:25,203 [Listener at 0.0.0.0/42331] INFO  ha.OMHANodeDetails (OMHANodeDetails.java:loadOMHAConfig(118)) - ServiceID for OzoneManager is om-service-test1
2021-10-31 01:03:25,204 [Listener at 0.0.0.0/42331] INFO  ha.OMHANodeDetails (OMHANodeDetails.java:loadOMHAConfig(194)) - Found matching OM address with OMServiceId: om-service-test1, OMNodeId: omNode-1, RPC Address: localhost:11916 and Ratis port: 11920
2021-10-31 01:03:25,204 [Listener at 0.0.0.0/42331] INFO  ha.OMHANodeDetails (ConfUtils.java:setNodeSpecificConfigs(108)) - Setting configuration key ozone.om.http-address with value of key ozone.om.http-address.om-service-test1.omNode-1: 127.0.0.1:11918
2021-10-31 01:03:25,204 [Listener at 0.0.0.0/42331] INFO  ha.OMHANodeDetails (ConfUtils.java:setNodeSpecificConfigs(108)) - Setting configuration key ozone.om.https-address with value of key ozone.om.https-address.om-service-test1.omNode-1: 127.0.0.1:11919
2021-10-31 01:03:25,204 [Listener at 0.0.0.0/42331] INFO  ha.OMHANodeDetails (ConfUtils.java:setNodeSpecificConfigs(108)) - Setting configuration key ozone.om.address with value of key ozone.om.address.om-service-test1.omNode-1: 127.0.0.1:11916
2021-10-31 01:03:25,205 [Listener at 0.0.0.0/42331] WARN  server.ServerUtils (ServerUtils.java:getDBPath(225)) - ozone.om.db.dirs is not configured. We recommend adding this setting. Falling back to ozone.metadata.dirs instead.
2021-10-31 01:03:25,206 [Listener at 0.0.0.0/42331] INFO  upgrade.AbstractLayoutVersionManager (AbstractLayoutVersionManager.java:init(79)) - Initializing Layout version manager with metadata layout = INITIAL_VERSION (version = 0), software layout = INITIAL_VERSION (version = 0)
2021-10-31 01:03:25,263 [Listener at 0.0.0.0/42331] INFO  reflections.Reflections (Reflections.java:scan(232)) - Reflections took 52 ms to scan 2 urls, producing 131 keys and 344 values [using 2 cores]
2021-10-31 01:03:25,269 [Listener at 0.0.0.0/42331] INFO  upgrade.OMLayoutVersionManager (OMLayoutVersionManager.java:lambda$0(115)) - Skipping Upgrade Action MockOmUpgradeAction since it has been finalized.
2021-10-31 01:03:25,270 [Listener at 0.0.0.0/42331] WARN  server.ServerUtils (ServerUtils.java:getDBPath(225)) - ozone.om.db.dirs is not configured. We recommend adding this setting. Falling back to ozone.metadata.dirs instead.
2021-10-31 01:03:25,439 [Listener at 0.0.0.0/42331] WARN  server.ServerUtils (ServerUtils.java:getDBPath(225)) - ozone.om.db.dirs is not configured. We recommend adding this setting. Falling back to ozone.metadata.dirs instead.
2021-10-31 01:03:25,447 [Listener at 0.0.0.0/42331] INFO  codec.OmKeyInfoCodec (OmKeyInfoCodec.java:<init>(51)) - OmKeyInfoCodec ignorePipeline = true
2021-10-31 01:03:25,449 [Listener at 0.0.0.0/42331] INFO  codec.RepeatedOmKeyInfoCodec (RepeatedOmKeyInfoCodec.java:<init>(42)) - RepeatedOmKeyInfoCodec ignorePipeline = true
2021-10-31 01:03:25,695 [Listener at 0.0.0.0/42331] INFO  om.OzoneManager (OzoneManager.java:addS3GVolumeToDB(3428)) - Created Volume s3v With Owner runner required for S3Gateway operations.
2021-10-31 01:03:25,799 [Listener at 0.0.0.0/42331] WARN  server.ServerUtils (ServerUtils.java:getDefaultRatisDirectory(237)) - Storage directory for Ratis is not configured. It is a good idea to map this to an SSD disk. Falling back to ozone.metadata.dirs
2021-10-31 01:03:25,801 [Listener at 0.0.0.0/42331] WARN  utils.OzoneManagerRatisUtils (OzoneManagerRatisUtils.java:getOMRatisSnapshotDirectory(435)) - ozone.om.ratis.snapshot.dir is not configured. Falling back to ozone.metadata.dirs config
2021-10-31 01:03:25,834 [Listener at 0.0.0.0/42331] INFO  snapshot.OzoneManagerSnapshotProvider (OzoneManagerSnapshotProvider.java:<init>(76)) - Initializing OM Snapshot Provider
2021-10-31 01:03:25,985 [Listener at 0.0.0.0/42331] WARN  server.ServerUtils (ServerUtils.java:getDefaultRatisDirectory(237)) - Storage directory for Ratis is not configured. It is a good idea to map this to an SSD disk. Falling back to ozone.metadata.dirs
2021-10-31 01:03:26,020 [Listener at 0.0.0.0/42331] INFO  ratis.OzoneManagerRatisServer (OzoneManagerRatisServer.java:<init>(159)) - Instantiating OM Ratis server with groupID: om-service-test1 and peers: localhost:11920, localhost:11932, localhost:11926
2021-10-31 01:03:26,029 [Listener at 0.0.0.0/42331] INFO  ratis.OzoneManagerStateMachine (OzoneManagerStateMachine.java:loadSnapshotInfoFromDB(605)) - LastAppliedIndex is set from TransactionInfo from OM DB as (t:0, i:~)
2021-10-31 01:03:26,070 [Listener at 0.0.0.0/42331] INFO  server.RaftServer (ConfUtils.java:logGet(44)) - raft.rpc.type = GRPC (default)
2021-10-31 01:03:26,154 [Listener at 0.0.0.0/42331] INFO  grpc.GrpcFactory (GrpcFactory.java:checkPooledByteBufAllocatorUseCacheForAllThreads(48)) - PERFORMANCE WARNING: useCacheForAllThreads is true that may cause Netty to create a lot garbage objects and, as a result, trigger GC.
	It is recommended to disable useCacheForAllThreads by setting -Dorg.apache.ratis.thirdparty.io.netty.allocator.useCacheForAllThreads=false in command line.
2021-10-31 01:03:26,158 [Listener at 0.0.0.0/42331] INFO  grpc.GrpcConfigKeys (ConfUtils.java:logGet(44)) - raft.grpc.admin.port = -1 (default)
2021-10-31 01:03:26,159 [Listener at 0.0.0.0/42331] INFO  grpc.GrpcConfigKeys (ConfUtils.java:logGet(44)) - raft.grpc.server.port = 11920 (custom)
2021-10-31 01:03:26,159 [Listener at 0.0.0.0/42331] INFO  grpc.GrpcConfigKeys (ConfUtils.java:logGet(44)) - raft.grpc.client.port = -1 (default)
2021-10-31 01:03:26,159 [Listener at 0.0.0.0/42331] INFO  grpc.GrpcConfigKeys (ConfUtils.java:logGet(44)) - raft.grpc.server.port = 11920 (custom)
2021-10-31 01:03:26,160 [Listener at 0.0.0.0/42331] INFO  grpc.GrpcConfigKeys (ConfUtils.java:logGet(44)) - raft.grpc.server.port = 11920 (custom)
2021-10-31 01:03:26,160 [Listener at 0.0.0.0/42331] INFO  server.GrpcService (ConfUtils.java:logGet(44)) - raft.grpc.message.size.max = 33554432 (custom)
2021-10-31 01:03:26,162 [Listener at 0.0.0.0/42331] INFO  server.RaftServerConfigKeys (ConfUtils.java:logGet(44)) - raft.server.log.appender.buffer.byte-limit = 33554432 (custom)
2021-10-31 01:03:26,162 [Listener at 0.0.0.0/42331] INFO  server.GrpcService (ConfUtils.java:logGet(44)) - raft.grpc.flow.control.window = 1MB (=1048576) (default)
2021-10-31 01:03:26,163 [Listener at 0.0.0.0/42331] INFO  server.RaftServerConfigKeys (ConfUtils.java:logGet(44)) - raft.server.rpc.request.timeout = 3000ms (default)
2021-10-31 01:03:26,480 [Listener at 0.0.0.0/42331] INFO  impl.DataStreamServerImpl (ConfUtils.java:logGet(44)) - raft.datastream.type = DISABLED (default)
2021-10-31 01:03:26,484 [Listener at 0.0.0.0/42331] INFO  server.RaftServerConfigKeys (ConfUtils.java:logGet(44)) - raft.server.rpc.slowness.timeout = 2s (custom)
2021-10-31 01:03:26,484 [Listener at 0.0.0.0/42331] INFO  server.RaftServerConfigKeys (ConfUtils.java:logGet(44)) - raft.server.leaderelection.leader.step-down.wait-time = 10s (default)
2021-10-31 01:03:26,502 [Listener at 0.0.0.0/42331] INFO  server.RaftServerConfigKeys (ConfUtils.java:logGet(44)) - raft.server.storage.dir = [/home/runner/work/ozone/ozone/hadoop-ozone/integration-test/target/test-dir/MiniOzoneClusterImpl-b8864bcf-37cc-42b5-82cc-559abfd78a8f/omNode-1/ratis] (custom)
2021-10-31 01:03:26,508 [Listener at 0.0.0.0/42331] INFO  server.RaftServer (RaftServerProxy.java:addNew(95)) - omNode-1: addNew group-523986131536:[omNode-3|rpc:localhost:11932|priority:0, omNode-1|rpc:localhost:11920|priority:0, omNode-2|rpc:localhost:11926|priority:0] returns group-523986131536:java.util.concurrent.CompletableFuture@5d225368[Not completed]
2021-10-31 01:03:26,510 [Listener at 0.0.0.0/42331] INFO  om.OzoneManager (OzoneManager.java:initializeRatisServer(1618)) - OzoneManager Ratis server initialized at port 11920
2021-10-31 01:03:26,535 [Listener at 0.0.0.0/42331] INFO  ipc.CallQueueManager (CallQueueManager.java:<init>(90)) - Using callQueue: class java.util.concurrent.LinkedBlockingQueue, queueCapacity: 2000, scheduler: class org.apache.hadoop.ipc.DefaultRpcScheduler, ipcBackoff: false.
2021-10-31 01:03:26,536 [pool-39-thread-1] INFO  server.RaftServer$Division (RaftServerImpl.java:<init>(184)) - omNode-1: new RaftServerImpl for group-523986131536:[omNode-3|rpc:localhost:11932|priority:0, omNode-1|rpc:localhost:11920|priority:0, omNode-2|rpc:localhost:11926|priority:0] with OzoneManagerStateMachine:uninitialized
2021-10-31 01:03:26,539 [pool-39-thread-1] INFO  server.RaftServerConfigKeys (ConfUtils.java:logGet(44)) - raft.server.rpc.timeout.min = 1s (custom)
2021-10-31 01:03:26,545 [pool-39-thread-1] INFO  server.RaftServerConfigKeys (ConfUtils.java:logGet(44)) - raft.server.rpc.timeout.max = 1200ms (custom)
2021-10-31 01:03:26,545 [pool-39-thread-1] INFO  server.RaftServerConfigKeys (ConfUtils.java:logGet(44)) - raft.server.rpc.sleep.time = 25ms (default)
2021-10-31 01:03:26,545 [pool-39-thread-1] INFO  server.RaftServerConfigKeys (ConfUtils.java:logGet(44)) - raft.server.rpc.slowness.timeout = 2s (custom)
2021-10-31 01:03:26,545 [pool-39-thread-1] INFO  server.RaftServerConfigKeys (ConfUtils.java:logGet(44)) - raft.server.leaderelection.leader.step-down.wait-time = 10s (default)
2021-10-31 01:03:26,546 [pool-39-thread-1] INFO  server.RaftServerConfigKeys (ConfUtils.java:logGet(44)) - raft.server.sleep.deviation.threshold = 300ms (default)
2021-10-31 01:03:26,546 [Socket Reader #1 for port 11916] INFO  ipc.Server (Server.java:run(1265)) - Starting Socket Reader #1 for port 11916
2021-10-31 01:03:26,546 [pool-39-thread-1] INFO  server.RaftServerConfigKeys (ConfUtils.java:logGet(44)) - raft.server.log.appender.install.snapshot.enabled = false (custom)
2021-10-31 01:03:26,556 [pool-39-thread-1] INFO  server.RaftServer$Division (ServerState.java:<init>(105)) - omNode-1@group-523986131536: ConfigurationManager, init=-1: [omNode-3|rpc:localhost:11932|priority:0, omNode-1|rpc:localhost:11920|priority:0, omNode-2|rpc:localhost:11926|priority:0], old=null, confs=<EMPTY_MAP>
2021-10-31 01:03:26,556 [pool-39-thread-1] INFO  server.RaftServerConfigKeys (ConfUtils.java:logGet(44)) - raft.server.storage.dir = [/home/runner/work/ozone/ozone/hadoop-ozone/integration-test/target/test-dir/MiniOzoneClusterImpl-b8864bcf-37cc-42b5-82cc-559abfd78a8f/omNode-1/ratis] (custom)
2021-10-31 01:03:26,569 [pool-39-thread-1] INFO  server.RaftServerConfigKeys (ConfUtils.java:logGet(44)) - raft.server.log.corruption.policy = EXCEPTION (default)
2021-10-31 01:03:26,570 [pool-39-thread-1] INFO  server.RaftServerConfigKeys (ConfUtils.java:logGet(44)) - raft.server.storage.free-space.min = 0MB (=0) (default)
2021-10-31 01:03:26,571 [pool-39-thread-1] INFO  storage.RaftStorageDirectory (RaftStorageDirectoryImpl.java:analyzeStorage(135)) - The storage directory /home/runner/work/ozone/ozone/hadoop-ozone/integration-test/target/test-dir/MiniOzoneClusterImpl-b8864bcf-37cc-42b5-82cc-559abfd78a8f/omNode-1/ratis/c9bc4cf4-3bc3-3c60-a66b-523986131536 does not exist. Creating ...
2021-10-31 01:03:26,582 [Listener at 127.0.0.1/11916] INFO  om.OzoneManager (OzoneManager.java:initFSOLayout(3634)) - Configured ozone.om.metadata.layout=SIMPLE and disabled optimized OM FS operations
2021-10-31 01:03:26,583 [Listener at 127.0.0.1/11916] INFO  impl.MetricsSystemImpl (MetricsSystemImpl.java:init(158)) - OzoneManager metrics system started (again)
2021-10-31 01:03:26,590 [pool-39-thread-1] INFO  storage.RaftStorageDirectory (RaftStorageDirectoryImpl.java:tryLock(230)) - Lock on /home/runner/work/ozone/ozone/hadoop-ozone/integration-test/target/test-dir/MiniOzoneClusterImpl-b8864bcf-37cc-42b5-82cc-559abfd78a8f/omNode-1/ratis/c9bc4cf4-3bc3-3c60-a66b-523986131536/in_use.lock acquired by nodename 14068@fv-az50-512
2021-10-31 01:03:26,606 [Listener at 127.0.0.1/11916] INFO  om.OzoneManager (OzoneManager.java:start(1302)) - OzoneManager RPC server is listening at localhost/127.0.0.1:11916
2021-10-31 01:03:26,607 [Listener at 127.0.0.1/11916] INFO  ratis.OzoneManagerRatisServer (OzoneManagerRatisServer.java:start(522)) - Starting OzoneManagerRatisServer omNode-1 at port 11920
2021-10-31 01:03:26,610 [pool-39-thread-1] INFO  storage.RaftStorage (RaftStorageImpl.java:format(89)) - Storage directory /home/runner/work/ozone/ozone/hadoop-ozone/integration-test/target/test-dir/MiniOzoneClusterImpl-b8864bcf-37cc-42b5-82cc-559abfd78a8f/omNode-1/ratis/c9bc4cf4-3bc3-3c60-a66b-523986131536 has been successfully formatted.
2021-10-31 01:03:26,612 [pool-39-thread-1] INFO  server.RaftServerConfigKeys (ConfUtils.java:logGet(44)) - raft.server.notification.no-leader.timeout = 2s (custom)
2021-10-31 01:03:26,614 [pool-39-thread-1] INFO  server.RaftServerConfigKeys (ConfUtils.java:logGet(44)) - raft.server.log.use.memory = false (default)
2021-10-31 01:03:26,622 [pool-39-thread-1] INFO  server.RaftServerConfigKeys (ConfUtils.java:logGet(44)) - raft.server.log.purge.gap = 50 (custom)
2021-10-31 01:03:26,622 [pool-39-thread-1] INFO  server.RaftServerConfigKeys (ConfUtils.java:logGet(44)) - raft.server.log.appender.buffer.byte-limit = 33554432 (custom)
2021-10-31 01:03:26,635 [pool-39-thread-1] INFO  server.RaftServerConfigKeys (ConfUtils.java:logGet(44)) - raft.server.log.segment.size.max = 4194304 (custom)
2021-10-31 01:03:26,642 [pool-39-thread-1] INFO  server.RaftServerConfigKeys (ConfUtils.java:logGet(44)) - raft.server.log.segment.cache.num.max = 2 (custom)
2021-10-31 01:03:26,643 [pool-39-thread-1] INFO  server.RaftServerConfigKeys (ConfUtils.java:logGet(44)) - raft.server.log.segment.cache.size.max = 200MB (=209715200) (default)
2021-10-31 01:03:26,649 [pool-39-thread-1] INFO  segmented.SegmentedRaftLogWorker (SegmentedRaftLogWorker.java:<init>(182)) - new omNode-1@group-523986131536-SegmentedRaftLogWorker for RaftStorageImpl:Storage Directory /home/runner/work/ozone/ozone/hadoop-ozone/integration-test/target/test-dir/MiniOzoneClusterImpl-b8864bcf-37cc-42b5-82cc-559abfd78a8f/omNode-1/ratis/c9bc4cf4-3bc3-3c60-a66b-523986131536
2021-10-31 01:03:26,649 [pool-39-thread-1] INFO  server.RaftServerConfigKeys (ConfUtils.java:logGet(44)) - raft.server.log.queue.byte-limit = 64MB (=67108864) (default)
2021-10-31 01:03:26,650 [pool-39-thread-1] INFO  server.RaftServerConfigKeys (ConfUtils.java:logGet(44)) - raft.server.log.queue.element-limit = 4096 (default)
2021-10-31 01:03:26,651 [pool-39-thread-1] INFO  server.RaftServerConfigKeys (ConfUtils.java:logGet(44)) - raft.server.log.segment.size.max = 4194304 (custom)
2021-10-31 01:03:26,651 [pool-39-thread-1] INFO  server.RaftServerConfigKeys (ConfUtils.java:logGet(44)) - raft.server.log.preallocated.size = 4194304 (custom)
2021-10-31 01:03:26,652 [pool-39-thread-1] INFO  server.RaftServerConfigKeys (ConfUtils.java:logGet(44)) - raft.server.log.force.sync.num = 128 (default)
2021-10-31 01:03:26,653 [pool-39-thread-1] INFO  server.RaftServerConfigKeys (ConfUtils.java:logGet(44)) - raft.server.log.statemachine.data.sync = true (default)
2021-10-31 01:03:26,653 [pool-39-thread-1] INFO  server.RaftServerConfigKeys (ConfUtils.java:logGet(44)) - raft.server.log.statemachine.data.sync.timeout = 10s (default)
2021-10-31 01:03:26,654 [pool-39-thread-1] INFO  server.RaftServerConfigKeys (ConfUtils.java:logGet(44)) - raft.server.log.statemachine.data.sync.timeout.retry = -1 (default)
2021-10-31 01:03:26,664 [pool-39-thread-1] INFO  server.RaftServerConfigKeys (ConfUtils.java:logGet(44)) - raft.server.log.write.buffer.size = 64KB (=65536) (default)
2021-10-31 01:03:26,665 [pool-39-thread-1] INFO  server.RaftServerConfigKeys (ConfUtils.java:logGet(44)) - raft.server.log.statemachine.data.caching.enabled = false (default)
2021-10-31 01:03:26,671 [pool-39-thread-1] INFO  segmented.SegmentedRaftLogWorker (SegmentedRaftLogWorker.java:lambda$new$0(133)) - omNode-1@group-523986131536-SegmentedRaftLogWorker: flushIndex: setUnconditionally 0 -> -1
2021-10-31 01:03:26,672 [pool-39-thread-1] INFO  segmented.SegmentedRaftLogWorker (SegmentedRaftLogWorker.java:lambda$new$0(133)) - omNode-1@group-523986131536-SegmentedRaftLogWorker: safeCacheEvictIndex: setUnconditionally 0 -> -1
2021-10-31 01:03:26,678 [pool-39-thread-1] INFO  server.RaftServerConfigKeys (ConfUtils.java:logGet(44)) - raft.server.snapshot.auto.trigger.enabled = true (custom)
2021-10-31 01:03:26,679 [pool-39-thread-1] INFO  server.RaftServerConfigKeys (ConfUtils.java:logGet(44)) - raft.server.snapshot.auto.trigger.threshold = 50 (custom)
2021-10-31 01:03:26,679 [pool-39-thread-1] INFO  server.RaftServerConfigKeys (ConfUtils.java:logGet(44)) - raft.server.snapshot.retention.file.num = -1 (default)
2021-10-31 01:03:26,680 [pool-39-thread-1] INFO  server.RaftServerConfigKeys (ConfUtils.java:logGet(44)) - raft.server.log.purge.upto.snapshot.index = true (custom)
2021-10-31 01:03:26,681 [pool-39-thread-1] INFO  server.RaftServerConfigKeys (ConfUtils.java:logGet(44)) - raft.server.retrycache.expirytime = 30000ms (custom)
2021-10-31 01:03:26,681 [pool-39-thread-1] INFO  server.RaftServerConfigKeys (ConfUtils.java:logGet(44)) - raft.server.retrycache.statistics.expirytime = 100μs (default)
2021-10-31 01:03:26,727 [Listener at 127.0.0.1/11916] INFO  server.RaftServer$Division (RaftServerImpl.java:start(301)) - omNode-1@group-523986131536: start as a follower, conf=-1: [omNode-3|rpc:localhost:11932|priority:0, omNode-1|rpc:localhost:11920|priority:0, omNode-2|rpc:localhost:11926|priority:0], old=null
2021-10-31 01:03:26,729 [Listener at 127.0.0.1/11916] INFO  server.RaftServer$Division (RaftServerImpl.java:setRole(290)) - omNode-1@group-523986131536: changes role from      null to FOLLOWER at term 0 for startAsFollower
2021-10-31 01:03:26,730 [Listener at 127.0.0.1/11916] INFO  impl.RoleInfo (RoleInfo.java:updateAndGet(130)) - omNode-1: start omNode-1@group-523986131536-FollowerState
2021-10-31 01:03:26,735 [Listener at 127.0.0.1/11916] INFO  util.JmxRegister (JmxRegister.java:tryRegister(44)) - Successfully registered JMX Bean with object name Ratis:service=RaftServer,group=group-523986131536,id=omNode-1
2021-10-31 01:03:26,743 [Listener at 127.0.0.1/11916] INFO  server.RaftServer (RaftServerProxy.java:lambda$start$5(374)) - omNode-1: start RPC server
2021-10-31 01:03:26,810 [Listener at 127.0.0.1/11916] INFO  server.GrpcService (GrpcService.java:startImpl(253)) - omNode-1: GrpcService started, listening on 11920
2021-10-31 01:03:26,813 [org.apache.ratis.util.JvmPauseMonitor$$Lambda$523/2066045717@2165828d] INFO  util.JvmPauseMonitor (JvmPauseMonitor.java:run(103)) - JvmPauseMonitor-omNode-1: Started
2021-10-31 01:03:26,814 [Listener at 127.0.0.1/11916] INFO  om.OzoneManager (OzoneManager.java:start(1320)) - Version File has different layout version (0) than OM DB (null). That is expected if this OM has never been finalized to a newer layout version.
2021-10-31 01:03:26,828 [Listener at 127.0.0.1/11916] INFO  http.BaseHttpServer (BaseHttpServer.java:newHttpServer2BuilderForOzone(209)) - Starting Web-server for ozoneManager at: http://0.0.0.0:11918
2021-10-31 01:03:26,829 [Listener at 127.0.0.1/11916] INFO  http.BaseHttpServer (BaseHttpServer.java:<init>(107)) - Hadoop Security Enabled: false Ozone Security Enabled: false Ozone HTTP Security Enabled: false 
2021-10-31 01:03:26,831 [Listener at 127.0.0.1/11916] INFO  server.AuthenticationFilter (AuthenticationFilter.java:constructSecretProvider(240)) - Unable to initialize FileSignerSecretProvider, falling back to use random secrets.
2021-10-31 01:03:26,833 [Listener at 127.0.0.1/11916] WARN  http.HttpRequestLog (HttpRequestLog.java:getRequestLog(103)) - Jetty request log can only be enabled using Log4j
2021-10-31 01:03:26,836 [Listener at 127.0.0.1/11916] INFO  http.HttpServer2 (HttpServer2.java:addGlobalFilter(1030)) - Added global filter 'safety' (class=org.apache.hadoop.hdds.server.http.HttpServer2$QuotingInputFilter)
2021-10-31 01:03:26,838 [Listener at 127.0.0.1/11916] INFO  http.HttpServer2 (HttpServer2.java:addFilter(1006)) - Added filter static_user_filter (class=org.apache.hadoop.http.lib.StaticUserWebFilter$StaticUserFilter) to context ozoneManager
2021-10-31 01:03:26,838 [Listener at 127.0.0.1/11916] INFO  http.HttpServer2 (HttpServer2.java:addFilter(1014)) - Added filter static_user_filter (class=org.apache.hadoop.http.lib.StaticUserWebFilter$StaticUserFilter) to context logs
2021-10-31 01:03:26,838 [Listener at 127.0.0.1/11916] INFO  http.HttpServer2 (HttpServer2.java:addFilter(1014)) - Added filter static_user_filter (class=org.apache.hadoop.http.lib.StaticUserWebFilter$StaticUserFilter) to context static
2021-10-31 01:03:26,842 [Listener at 127.0.0.1/11916] INFO  http.HttpServer2 (HttpServer2.java:bindListener(1249)) - Jetty bound to port 11918
2021-10-31 01:03:26,843 [Listener at 127.0.0.1/11916] INFO  server.Server (Server.java:doStart(375)) - jetty-9.4.43.v20210629; built: 2021-06-30T11:07:22.254Z; git: 526006ecfa3af7f1a27ef3a288e2bef7ea9dd7e8; jvm 1.8.0_292-b10
2021-10-31 01:03:26,860 [Listener at 127.0.0.1/11916] INFO  server.session (DefaultSessionIdManager.java:doStart(334)) - DefaultSessionIdManager workerName=node0
2021-10-31 01:03:26,860 [Listener at 127.0.0.1/11916] INFO  server.session (DefaultSessionIdManager.java:doStart(339)) - No SessionScavenger set, using defaults
2021-10-31 01:03:26,861 [Listener at 127.0.0.1/11916] INFO  server.session (HouseKeeper.java:startScavenging(132)) - node0 Scavenging every 660000ms
2021-10-31 01:03:26,861 [Listener at 127.0.0.1/11916] INFO  handler.ContextHandler (ContextHandler.java:doStart(915)) - Started o.e.j.s.ServletContextHandler@5408854f{logs,/logs,file:///home/runner/work/ozone/ozone/hadoop-ozone/integration-test/target/log,AVAILABLE}
2021-10-31 01:03:26,862 [Listener at 127.0.0.1/11916] INFO  handler.ContextHandler (ContextHandler.java:doStart(915)) - Started o.e.j.s.ServletContextHandler@5cef76a2{static,/static,file:///home/runner/work/ozone/ozone/hadoop-ozone/integration-test/target/test-classes/webapps/static,AVAILABLE}
2021-10-31 01:03:26,868 [Listener at 127.0.0.1/11916] INFO  handler.ContextHandler (ContextHandler.java:doStart(915)) - Started o.e.j.w.WebAppContext@3a5f0ed5{ozoneManager,/,file:///home/runner/work/ozone/ozone/hadoop-ozone/integration-test/target/test-classes/webapps/ozoneManager/,AVAILABLE}{file:/home/runner/work/ozone/ozone/hadoop-ozone/integration-test/target/test-classes/webapps/ozoneManager}
2021-10-31 01:03:26,869 [Listener at 127.0.0.1/11916] INFO  server.AbstractConnector (AbstractConnector.java:doStart(331)) - Started ServerConnector@5e22ac65{HTTP/1.1, (http/1.1)}{0.0.0.0:11918}
2021-10-31 01:03:26,870 [Listener at 127.0.0.1/11916] INFO  server.Server (Server.java:doStart(415)) - Started @6803ms
2021-10-31 01:03:26,870 [Listener at 127.0.0.1/11916] WARN  impl.MetricsSystemImpl (MetricsSystemImpl.java:register(279)) - Sink prometheus already exists!
2021-10-31 01:03:26,870 [Listener at 127.0.0.1/11916] INFO  http.BaseHttpServer (BaseHttpServer.java:updateConnectorAddress(329)) - HTTP server of ozoneManager listening at http://0.0.0.0:11918
2021-10-31 01:03:26,871 [IPC Server Responder] INFO  ipc.Server (Server.java:run(1507)) - IPC Server Responder: starting
2021-10-31 01:03:26,878 [IPC Server listener on 11916] INFO  ipc.Server (Server.java:run(1344)) - IPC Server listener on 11916: starting
2021-10-31 01:03:26,901 [Listener at 127.0.0.1/11916] INFO  om.OzoneManager (OzoneManager.java:startTrashEmptier(1576)) - Trash Interval set to 0. Files deleted will not move to trash
2021-10-31 01:03:26,903 [Listener at 127.0.0.1/11916] INFO  ozone.MiniOzoneHAClusterImpl (MiniOzoneHAClusterImpl.java:createOMService(485)) - Started OzoneManager omNode-1 RPC server at localhost/127.0.0.1:11916
2021-10-31 01:03:26,903 [org.apache.hadoop.util.JvmPauseMonitor$Monitor@52da1357] INFO  util.JvmPauseMonitor (JvmPauseMonitor.java:run(188)) - Starting JVM pause monitor
2021-10-31 01:03:26,904 [Listener at 127.0.0.1/11916] INFO  ha.OMHANodeDetails (OMHANodeDetails.java:loadOMHAConfig(118)) - ServiceID for OzoneManager is om-service-test1
2021-10-31 01:03:26,906 [Listener at 127.0.0.1/11916] INFO  ha.OMHANodeDetails (OMHANodeDetails.java:loadOMHAConfig(194)) - Found matching OM address with OMServiceId: om-service-test1, OMNodeId: omNode-2, RPC Address: localhost:11922 and Ratis port: 11926
2021-10-31 01:03:26,906 [Listener at 127.0.0.1/11916] INFO  ha.OMHANodeDetails (ConfUtils.java:setNodeSpecificConfigs(108)) - Setting configuration key ozone.om.http-address with value of key ozone.om.http-address.om-service-test1.omNode-2: 127.0.0.1:11924
2021-10-31 01:03:26,906 [Listener at 127.0.0.1/11916] INFO  ha.OMHANodeDetails (ConfUtils.java:setNodeSpecificConfigs(108)) - Setting configuration key ozone.om.https-address with value of key ozone.om.https-address.om-service-test1.omNode-2: 127.0.0.1:11925
2021-10-31 01:03:26,906 [Listener at 127.0.0.1/11916] INFO  ha.OMHANodeDetails (ConfUtils.java:setNodeSpecificConfigs(108)) - Setting configuration key ozone.om.address with value of key ozone.om.address.om-service-test1.omNode-2: 127.0.0.1:11922
2021-10-31 01:03:26,907 [Listener at 127.0.0.1/11916] WARN  server.ServerUtils (ServerUtils.java:getDBPath(225)) - ozone.om.db.dirs is not configured. We recommend adding this setting. Falling back to ozone.metadata.dirs instead.
OM initialization succeeded.Current cluster id for sd=/home/runner/work/ozone/ozone/hadoop-ozone/integration-test/target/test-dir/MiniOzoneClusterImpl-b8864bcf-37cc-42b5-82cc-559abfd78a8f/omNode-2/om;cid=b8864bcf-37cc-42b5-82cc-559abfd78a8f;layoutVersion=0
2021-10-31 01:03:26,918 [Listener at 127.0.0.1/11916] INFO  ha.OMHANodeDetails (OMHANodeDetails.java:loadOMHAConfig(118)) - ServiceID for OzoneManager is om-service-test1
2021-10-31 01:03:26,918 [Listener at 127.0.0.1/11916] INFO  ha.OMHANodeDetails (OMHANodeDetails.java:loadOMHAConfig(194)) - Found matching OM address with OMServiceId: om-service-test1, OMNodeId: omNode-2, RPC Address: localhost:11922 and Ratis port: 11926
2021-10-31 01:03:26,919 [Listener at 127.0.0.1/11916] INFO  ha.OMHANodeDetails (ConfUtils.java:setNodeSpecificConfigs(108)) - Setting configuration key ozone.om.http-address with value of key ozone.om.http-address.om-service-test1.omNode-2: 127.0.0.1:11924
2021-10-31 01:03:26,919 [Listener at 127.0.0.1/11916] INFO  ha.OMHANodeDetails (ConfUtils.java:setNodeSpecificConfigs(108)) - Setting configuration key ozone.om.https-address with value of key ozone.om.https-address.om-service-test1.omNode-2: 127.0.0.1:11925
2021-10-31 01:03:26,919 [Listener at 127.0.0.1/11916] INFO  ha.OMHANodeDetails (ConfUtils.java:setNodeSpecificConfigs(108)) - Setting configuration key ozone.om.address with value of key ozone.om.address.om-service-test1.omNode-2: 127.0.0.1:11922
2021-10-31 01:03:26,919 [Listener at 127.0.0.1/11916] WARN  server.ServerUtils (ServerUtils.java:getDBPath(225)) - ozone.om.db.dirs is not configured. We recommend adding this setting. Falling back to ozone.metadata.dirs instead.
2021-10-31 01:03:26,920 [Listener at 127.0.0.1/11916] INFO  upgrade.AbstractLayoutVersionManager (AbstractLayoutVersionManager.java:init(79)) - Initializing Layout version manager with metadata layout = INITIAL_VERSION (version = 0), software layout = INITIAL_VERSION (version = 0)
2021-10-31 01:03:26,967 [Listener at 127.0.0.1/11916] INFO  reflections.Reflections (Reflections.java:scan(232)) - Reflections took 46 ms to scan 2 urls, producing 131 keys and 344 values [using 2 cores]
2021-10-31 01:03:26,968 [Listener at 127.0.0.1/11916] INFO  upgrade.OMLayoutVersionManager (OMLayoutVersionManager.java:lambda$0(115)) - Skipping Upgrade Action MockOmUpgradeAction since it has been finalized.
2021-10-31 01:03:26,968 [Listener at 127.0.0.1/11916] WARN  server.ServerUtils (ServerUtils.java:getDBPath(225)) - ozone.om.db.dirs is not configured. We recommend adding this setting. Falling back to ozone.metadata.dirs instead.
2021-10-31 01:03:26,983 [Listener at 127.0.0.1/11916] WARN  server.ServerUtils (ServerUtils.java:getDBPath(225)) - ozone.om.db.dirs is not configured. We recommend adding this setting. Falling back to ozone.metadata.dirs instead.
2021-10-31 01:03:26,984 [Listener at 127.0.0.1/11916] INFO  codec.OmKeyInfoCodec (OmKeyInfoCodec.java:<init>(51)) - OmKeyInfoCodec ignorePipeline = true
2021-10-31 01:03:26,984 [Listener at 127.0.0.1/11916] INFO  codec.RepeatedOmKeyInfoCodec (RepeatedOmKeyInfoCodec.java:<init>(42)) - RepeatedOmKeyInfoCodec ignorePipeline = true
2021-10-31 01:03:27,133 [Listener at 127.0.0.1/11916] INFO  om.OzoneManager (OzoneManager.java:addS3GVolumeToDB(3428)) - Created Volume s3v With Owner runner required for S3Gateway operations.
2021-10-31 01:03:27,133 [Listener at 127.0.0.1/11916] WARN  server.ServerUtils (ServerUtils.java:getDefaultRatisDirectory(237)) - Storage directory for Ratis is not configured. It is a good idea to map this to an SSD disk. Falling back to ozone.metadata.dirs
2021-10-31 01:03:27,134 [Listener at 127.0.0.1/11916] WARN  utils.OzoneManagerRatisUtils (OzoneManagerRatisUtils.java:getOMRatisSnapshotDirectory(435)) - ozone.om.ratis.snapshot.dir is not configured. Falling back to ozone.metadata.dirs config
2021-10-31 01:03:27,135 [Listener at 127.0.0.1/11916] INFO  snapshot.OzoneManagerSnapshotProvider (OzoneManagerSnapshotProvider.java:<init>(76)) - Initializing OM Snapshot Provider
2021-10-31 01:03:27,136 [Listener at 127.0.0.1/11916] WARN  impl.MetricRegistriesImpl (MetricRegistriesImpl.java:addReporterRegistration(111)) - New reporters are added after registries were created. Some metrics will be missing from the reporter. Please add reporter before adding any new registry.
2021-10-31 01:03:27,136 [Listener at 127.0.0.1/11916] WARN  impl.MetricRegistriesImpl (MetricRegistriesImpl.java:addReporterRegistration(111)) - New reporters are added after registries were created. Some metrics will be missing from the reporter. Please add reporter before adding any new registry.
2021-10-31 01:03:27,136 [Listener at 127.0.0.1/11916] WARN  server.ServerUtils (ServerUtils.java:getDefaultRatisDirectory(237)) - Storage directory for Ratis is not configured. It is a good idea to map this to an SSD disk. Falling back to ozone.metadata.dirs
2021-10-31 01:03:27,140 [Listener at 127.0.0.1/11916] INFO  ratis.OzoneManagerRatisServer (OzoneManagerRatisServer.java:<init>(159)) - Instantiating OM Ratis server with groupID: om-service-test1 and peers: localhost:11926, localhost:11932, localhost:11920
2021-10-31 01:03:27,141 [Listener at 127.0.0.1/11916] INFO  ratis.OzoneManagerStateMachine (OzoneManagerStateMachine.java:loadSnapshotInfoFromDB(605)) - LastAppliedIndex is set from TransactionInfo from OM DB as (t:0, i:~)
2021-10-31 01:03:27,141 [Listener at 127.0.0.1/11916] INFO  server.RaftServer (ConfUtils.java:logGet(44)) - raft.rpc.type = GRPC (default)
2021-10-31 01:03:27,141 [Listener at 127.0.0.1/11916] INFO  grpc.GrpcFactory (GrpcFactory.java:checkPooledByteBufAllocatorUseCacheForAllThreads(48)) - PERFORMANCE WARNING: useCacheForAllThreads is true that may cause Netty to create a lot garbage objects and, as a result, trigger GC.
	It is recommended to disable useCacheForAllThreads by setting -Dorg.apache.ratis.thirdparty.io.netty.allocator.useCacheForAllThreads=false in command line.
2021-10-31 01:03:27,142 [Listener at 127.0.0.1/11916] INFO  grpc.GrpcConfigKeys (ConfUtils.java:logGet(44)) - raft.grpc.admin.port = -1 (default)
2021-10-31 01:03:27,142 [Listener at 127.0.0.1/11916] INFO  grpc.GrpcConfigKeys (ConfUtils.java:logGet(44)) - raft.grpc.server.port = 11926 (custom)
2021-10-31 01:03:27,142 [Listener at 127.0.0.1/11916] INFO  grpc.GrpcConfigKeys (ConfUtils.java:logGet(44)) - raft.grpc.client.port = -1 (default)
2021-10-31 01:03:27,143 [Listener at 127.0.0.1/11916] INFO  grpc.GrpcConfigKeys (ConfUtils.java:logGet(44)) - raft.grpc.server.port = 11926 (custom)
2021-10-31 01:03:27,143 [Listener at 127.0.0.1/11916] INFO  grpc.GrpcConfigKeys (ConfUtils.java:logGet(44)) - raft.grpc.server.port = 11926 (custom)
2021-10-31 01:03:27,143 [Listener at 127.0.0.1/11916] INFO  server.GrpcService (ConfUtils.java:logGet(44)) - raft.grpc.message.size.max = 33554432 (custom)
2021-10-31 01:03:27,144 [Listener at 127.0.0.1/11916] INFO  server.RaftServerConfigKeys (ConfUtils.java:logGet(44)) - raft.server.log.appender.buffer.byte-limit = 33554432 (custom)
2021-10-31 01:03:27,144 [Listener at 127.0.0.1/11916] INFO  server.GrpcService (ConfUtils.java:logGet(44)) - raft.grpc.flow.control.window = 1MB (=1048576) (default)
2021-10-31 01:03:27,144 [Listener at 127.0.0.1/11916] INFO  server.RaftServerConfigKeys (ConfUtils.java:logGet(44)) - raft.server.rpc.request.timeout = 3000ms (default)
2021-10-31 01:03:27,145 [Listener at 127.0.0.1/11916] INFO  impl.DataStreamServerImpl (ConfUtils.java:logGet(44)) - raft.datastream.type = DISABLED (default)
2021-10-31 01:03:27,146 [Listener at 127.0.0.1/11916] INFO  server.RaftServerConfigKeys (ConfUtils.java:logGet(44)) - raft.server.rpc.slowness.timeout = 2s (custom)
2021-10-31 01:03:27,146 [Listener at 127.0.0.1/11916] INFO  server.RaftServerConfigKeys (ConfUtils.java:logGet(44)) - raft.server.leaderelection.leader.step-down.wait-time = 10s (default)
2021-10-31 01:03:27,146 [Listener at 127.0.0.1/11916] INFO  server.RaftServerConfigKeys (ConfUtils.java:logGet(44)) - raft.server.storage.dir = [/home/runner/work/ozone/ozone/hadoop-ozone/integration-test/target/test-dir/MiniOzoneClusterImpl-b8864bcf-37cc-42b5-82cc-559abfd78a8f/omNode-2/ratis] (custom)
2021-10-31 01:03:27,147 [Listener at 127.0.0.1/11916] INFO  server.RaftServer (RaftServerProxy.java:addNew(95)) - omNode-2: addNew group-523986131536:[omNode-3|rpc:localhost:11932|priority:0, omNode-1|rpc:localhost:11920|priority:0, omNode-2|rpc:localhost:11926|priority:0] returns group-523986131536:java.util.concurrent.CompletableFuture@5afef53[Not completed]
2021-10-31 01:03:27,147 [pool-62-thread-1] INFO  server.RaftServer$Division (RaftServerImpl.java:<init>(184)) - omNode-2: new RaftServerImpl for group-523986131536:[omNode-3|rpc:localhost:11932|priority:0, omNode-1|rpc:localhost:11920|priority:0, omNode-2|rpc:localhost:11926|priority:0] with OzoneManagerStateMachine:uninitialized
2021-10-31 01:03:27,147 [Listener at 127.0.0.1/11916] INFO  om.OzoneManager (OzoneManager.java:initializeRatisServer(1618)) - OzoneManager Ratis server initialized at port 11926
2021-10-31 01:03:27,147 [pool-62-thread-1] INFO  server.RaftServerConfigKeys (ConfUtils.java:logGet(44)) - raft.server.rpc.timeout.min = 1s (custom)
2021-10-31 01:03:27,148 [pool-62-thread-1] INFO  server.RaftServerConfigKeys (ConfUtils.java:logGet(44)) - raft.server.rpc.timeout.max = 1200ms (custom)
2021-10-31 01:03:27,149 [pool-62-thread-1] INFO  server.RaftServerConfigKeys (ConfUtils.java:logGet(44)) - raft.server.rpc.sleep.time = 25ms (default)
2021-10-31 01:03:27,150 [pool-62-thread-1] INFO  server.RaftServerConfigKeys (ConfUtils.java:logGet(44)) - raft.server.rpc.slowness.timeout = 2s (custom)
2021-10-31 01:03:27,156 [pool-62-thread-1] INFO  server.RaftServerConfigKeys (ConfUtils.java:logGet(44)) - raft.server.leaderelection.leader.step-down.wait-time = 10s (default)
2021-10-31 01:03:27,157 [pool-62-thread-1] INFO  server.RaftServerConfigKeys (ConfUtils.java:logGet(44)) - raft.server.sleep.deviation.threshold = 300ms (default)
2021-10-31 01:03:27,157 [pool-62-thread-1] INFO  server.RaftServerConfigKeys (ConfUtils.java:logGet(44)) - raft.server.log.appender.install.snapshot.enabled = false (custom)
2021-10-31 01:03:27,157 [pool-62-thread-1] INFO  server.RaftServer$Division (ServerState.java:<init>(105)) - omNode-2@group-523986131536: ConfigurationManager, init=-1: [omNode-3|rpc:localhost:11932|priority:0, omNode-1|rpc:localhost:11920|priority:0, omNode-2|rpc:localhost:11926|priority:0], old=null, confs=<EMPTY_MAP>
2021-10-31 01:03:27,157 [pool-62-thread-1] INFO  server.RaftServerConfigKeys (ConfUtils.java:logGet(44)) - raft.server.storage.dir = [/home/runner/work/ozone/ozone/hadoop-ozone/integration-test/target/test-dir/MiniOzoneClusterImpl-b8864bcf-37cc-42b5-82cc-559abfd78a8f/omNode-2/ratis] (custom)
2021-10-31 01:03:27,157 [Listener at 127.0.0.1/11916] INFO  ipc.CallQueueManager (CallQueueManager.java:<init>(90)) - Using callQueue: class java.util.concurrent.LinkedBlockingQueue, queueCapacity: 2000, scheduler: class org.apache.hadoop.ipc.DefaultRpcScheduler, ipcBackoff: false.
2021-10-31 01:03:27,157 [pool-62-thread-1] INFO  server.RaftServerConfigKeys (ConfUtils.java:logGet(44)) - raft.server.log.corruption.policy = EXCEPTION (default)
2021-10-31 01:03:27,161 [pool-62-thread-1] INFO  server.RaftServerConfigKeys (ConfUtils.java:logGet(44)) - raft.server.storage.free-space.min = 0MB (=0) (default)
2021-10-31 01:03:27,161 [pool-62-thread-1] INFO  storage.RaftStorageDirectory (RaftStorageDirectoryImpl.java:analyzeStorage(135)) - The storage directory /home/runner/work/ozone/ozone/hadoop-ozone/integration-test/target/test-dir/MiniOzoneClusterImpl-b8864bcf-37cc-42b5-82cc-559abfd78a8f/omNode-2/ratis/c9bc4cf4-3bc3-3c60-a66b-523986131536 does not exist. Creating ...
2021-10-31 01:03:27,165 [pool-62-thread-1] INFO  storage.RaftStorageDirectory (RaftStorageDirectoryImpl.java:tryLock(230)) - Lock on /home/runner/work/ozone/ozone/hadoop-ozone/integration-test/target/test-dir/MiniOzoneClusterImpl-b8864bcf-37cc-42b5-82cc-559abfd78a8f/omNode-2/ratis/c9bc4cf4-3bc3-3c60-a66b-523986131536/in_use.lock acquired by nodename 14068@fv-az50-512
2021-10-31 01:03:27,167 [pool-62-thread-1] INFO  storage.RaftStorage (RaftStorageImpl.java:format(89)) - Storage directory /home/runner/work/ozone/ozone/hadoop-ozone/integration-test/target/test-dir/MiniOzoneClusterImpl-b8864bcf-37cc-42b5-82cc-559abfd78a8f/omNode-2/ratis/c9bc4cf4-3bc3-3c60-a66b-523986131536 has been successfully formatted.
2021-10-31 01:03:27,168 [pool-62-thread-1] INFO  server.RaftServerConfigKeys (ConfUtils.java:logGet(44)) - raft.server.notification.no-leader.timeout = 2s (custom)
2021-10-31 01:03:27,168 [pool-62-thread-1] INFO  server.RaftServerConfigKeys (ConfUtils.java:logGet(44)) - raft.server.log.use.memory = false (default)
2021-10-31 01:03:27,168 [pool-62-thread-1] INFO  server.RaftServerConfigKeys (ConfUtils.java:logGet(44)) - raft.server.log.purge.gap = 50 (custom)
2021-10-31 01:03:27,168 [pool-62-thread-1] INFO  server.RaftServerConfigKeys (ConfUtils.java:logGet(44)) - raft.server.log.appender.buffer.byte-limit = 33554432 (custom)
2021-10-31 01:03:27,168 [pool-62-thread-1] INFO  server.RaftServerConfigKeys (ConfUtils.java:logGet(44)) - raft.server.log.segment.size.max = 4194304 (custom)
2021-10-31 01:03:27,169 [pool-62-thread-1] INFO  server.RaftServerConfigKeys (ConfUtils.java:logGet(44)) - raft.server.log.segment.cache.num.max = 2 (custom)
2021-10-31 01:03:27,169 [pool-62-thread-1] INFO  server.RaftServerConfigKeys (ConfUtils.java:logGet(44)) - raft.server.log.segment.cache.size.max = 200MB (=209715200) (default)
2021-10-31 01:03:27,170 [Socket Reader #1 for port 11922] INFO  ipc.Server (Server.java:run(1265)) - Starting Socket Reader #1 for port 11922
2021-10-31 01:03:27,169 [pool-62-thread-1] INFO  segmented.SegmentedRaftLogWorker (SegmentedRaftLogWorker.java:<init>(182)) - new omNode-2@group-523986131536-SegmentedRaftLogWorker for RaftStorageImpl:Storage Directory /home/runner/work/ozone/ozone/hadoop-ozone/integration-test/target/test-dir/MiniOzoneClusterImpl-b8864bcf-37cc-42b5-82cc-559abfd78a8f/omNode-2/ratis/c9bc4cf4-3bc3-3c60-a66b-523986131536
2021-10-31 01:03:27,181 [pool-62-thread-1] INFO  server.RaftServerConfigKeys (ConfUtils.java:logGet(44)) - raft.server.log.queue.byte-limit = 64MB (=67108864) (default)
2021-10-31 01:03:27,182 [pool-62-thread-1] INFO  server.RaftServerConfigKeys (ConfUtils.java:logGet(44)) - raft.server.log.queue.element-limit = 4096 (default)
2021-10-31 01:03:27,182 [pool-62-thread-1] INFO  server.RaftServerConfigKeys (ConfUtils.java:logGet(44)) - raft.server.log.segment.size.max = 4194304 (custom)
2021-10-31 01:03:27,182 [pool-62-thread-1] INFO  server.RaftServerConfigKeys (ConfUtils.java:logGet(44)) - raft.server.log.preallocated.size = 4194304 (custom)
2021-10-31 01:03:27,182 [pool-62-thread-1] INFO  server.RaftServerConfigKeys (ConfUtils.java:logGet(44)) - raft.server.log.force.sync.num = 128 (default)
2021-10-31 01:03:27,182 [pool-62-thread-1] INFO  server.RaftServerConfigKeys (ConfUtils.java:logGet(44)) - raft.server.log.statemachine.data.sync = true (default)
2021-10-31 01:03:27,182 [pool-62-thread-1] INFO  server.RaftServerConfigKeys (ConfUtils.java:logGet(44)) - raft.server.log.statemachine.data.sync.timeout = 10s (default)
2021-10-31 01:03:27,182 [pool-62-thread-1] INFO  server.RaftServerConfigKeys (ConfUtils.java:logGet(44)) - raft.server.log.statemachine.data.sync.timeout.retry = -1 (default)
2021-10-31 01:03:27,183 [pool-62-thread-1] INFO  server.RaftServerConfigKeys (ConfUtils.java:logGet(44)) - raft.server.log.write.buffer.size = 64KB (=65536) (default)
2021-10-31 01:03:27,188 [pool-62-thread-1] INFO  server.RaftServerConfigKeys (ConfUtils.java:logGet(44)) - raft.server.log.statemachine.data.caching.enabled = false (default)
2021-10-31 01:03:27,188 [pool-62-thread-1] INFO  segmented.SegmentedRaftLogWorker (SegmentedRaftLogWorker.java:lambda$new$0(133)) - omNode-2@group-523986131536-SegmentedRaftLogWorker: flushIndex: setUnconditionally 0 -> -1
2021-10-31 01:03:27,188 [pool-62-thread-1] INFO  segmented.SegmentedRaftLogWorker (SegmentedRaftLogWorker.java:lambda$new$0(133)) - omNode-2@group-523986131536-SegmentedRaftLogWorker: safeCacheEvictIndex: setUnconditionally 0 -> -1
2021-10-31 01:03:27,193 [Listener at 127.0.0.1/11922] INFO  om.OzoneManager (OzoneManager.java:initFSOLayout(3634)) - Configured ozone.om.metadata.layout=SIMPLE and disabled optimized OM FS operations
2021-10-31 01:03:27,193 [pool-62-thread-1] INFO  server.RaftServerConfigKeys (ConfUtils.java:logGet(44)) - raft.server.snapshot.auto.trigger.enabled = true (custom)
2021-10-31 01:03:27,194 [pool-62-thread-1] INFO  server.RaftServerConfigKeys (ConfUtils.java:logGet(44)) - raft.server.snapshot.auto.trigger.threshold = 50 (custom)
2021-10-31 01:03:27,194 [pool-62-thread-1] INFO  server.RaftServerConfigKeys (ConfUtils.java:logGet(44)) - raft.server.snapshot.retention.file.num = -1 (default)
2021-10-31 01:03:27,194 [pool-62-thread-1] INFO  server.RaftServerConfigKeys (ConfUtils.java:logGet(44)) - raft.server.log.purge.upto.snapshot.index = true (custom)
2021-10-31 01:03:27,194 [pool-62-thread-1] INFO  server.RaftServerConfigKeys (ConfUtils.java:logGet(44)) - raft.server.retrycache.expirytime = 30000ms (custom)
2021-10-31 01:03:27,194 [pool-62-thread-1] INFO  server.RaftServerConfigKeys (ConfUtils.java:logGet(44)) - raft.server.retrycache.statistics.expirytime = 100μs (default)
2021-10-31 01:03:27,198 [Listener at 127.0.0.1/11922] INFO  impl.MetricsSystemImpl (MetricsSystemImpl.java:init(158)) - OzoneManager metrics system started (again)
2021-10-31 01:03:27,215 [Listener at 127.0.0.1/11922] INFO  om.OzoneManager (OzoneManager.java:start(1302)) - OzoneManager RPC server is listening at localhost/127.0.0.1:11922
2021-10-31 01:03:27,216 [Listener at 127.0.0.1/11922] INFO  ratis.OzoneManagerRatisServer (OzoneManagerRatisServer.java:start(522)) - Starting OzoneManagerRatisServer omNode-2 at port 11926
2021-10-31 01:03:27,216 [Listener at 127.0.0.1/11922] INFO  server.RaftServer$Division (RaftServerImpl.java:start(301)) - omNode-2@group-523986131536: start as a follower, conf=-1: [omNode-3|rpc:localhost:11932|priority:0, omNode-1|rpc:localhost:11920|priority:0, omNode-2|rpc:localhost:11926|priority:0], old=null
2021-10-31 01:03:27,216 [Listener at 127.0.0.1/11922] INFO  server.RaftServer$Division (RaftServerImpl.java:setRole(290)) - omNode-2@group-523986131536: changes role from      null to FOLLOWER at term 0 for startAsFollower
2021-10-31 01:03:27,216 [Listener at 127.0.0.1/11922] INFO  impl.RoleInfo (RoleInfo.java:updateAndGet(130)) - omNode-2: start omNode-2@group-523986131536-FollowerState
2021-10-31 01:03:27,217 [Listener at 127.0.0.1/11922] INFO  util.JmxRegister (JmxRegister.java:tryRegister(44)) - Successfully registered JMX Bean with object name Ratis:service=RaftServer,group=group-523986131536,id=omNode-2
2021-10-31 01:03:27,218 [Listener at 127.0.0.1/11922] INFO  server.RaftServer (RaftServerProxy.java:lambda$start$5(374)) - omNode-2: start RPC server
2021-10-31 01:03:27,219 [Listener at 127.0.0.1/11922] INFO  server.GrpcService (GrpcService.java:startImpl(253)) - omNode-2: GrpcService started, listening on 11926
2021-10-31 01:03:27,220 [Listener at 127.0.0.1/11922] INFO  om.OzoneManager (OzoneManager.java:start(1320)) - Version File has different layout version (0) than OM DB (null). That is expected if this OM has never been finalized to a newer layout version.
2021-10-31 01:03:27,221 [org.apache.ratis.util.JvmPauseMonitor$$Lambda$523/2066045717@13068335] INFO  util.JvmPauseMonitor (JvmPauseMonitor.java:run(103)) - JvmPauseMonitor-omNode-2: Started
2021-10-31 01:03:27,234 [Listener at 127.0.0.1/11922] INFO  http.BaseHttpServer (BaseHttpServer.java:newHttpServer2BuilderForOzone(209)) - Starting Web-server for ozoneManager at: http://0.0.0.0:11924
2021-10-31 01:03:27,235 [Listener at 127.0.0.1/11922] INFO  http.BaseHttpServer (BaseHttpServer.java:<init>(107)) - Hadoop Security Enabled: false Ozone Security Enabled: false Ozone HTTP Security Enabled: false 
2021-10-31 01:03:27,236 [Listener at 127.0.0.1/11922] INFO  server.AuthenticationFilter (AuthenticationFilter.java:constructSecretProvider(240)) - Unable to initialize FileSignerSecretProvider, falling back to use random secrets.
2021-10-31 01:03:27,237 [Listener at 127.0.0.1/11922] WARN  http.HttpRequestLog (HttpRequestLog.java:getRequestLog(103)) - Jetty request log can only be enabled using Log4j
2021-10-31 01:03:27,239 [Listener at 127.0.0.1/11922] INFO  http.HttpServer2 (HttpServer2.java:addGlobalFilter(1030)) - Added global filter 'safety' (class=org.apache.hadoop.hdds.server.http.HttpServer2$QuotingInputFilter)
2021-10-31 01:03:27,239 [Listener at 127.0.0.1/11922] INFO  http.HttpServer2 (HttpServer2.java:addFilter(1006)) - Added filter static_user_filter (class=org.apache.hadoop.http.lib.StaticUserWebFilter$StaticUserFilter) to context ozoneManager
2021-10-31 01:03:27,240 [Listener at 127.0.0.1/11922] INFO  http.HttpServer2 (HttpServer2.java:addFilter(1014)) - Added filter static_user_filter (class=org.apache.hadoop.http.lib.StaticUserWebFilter$StaticUserFilter) to context static
2021-10-31 01:03:27,240 [Listener at 127.0.0.1/11922] INFO  http.HttpServer2 (HttpServer2.java:addFilter(1014)) - Added filter static_user_filter (class=org.apache.hadoop.http.lib.StaticUserWebFilter$StaticUserFilter) to context logs
2021-10-31 01:03:27,240 [Listener at 127.0.0.1/11922] INFO  http.HttpServer2 (HttpServer2.java:bindListener(1249)) - Jetty bound to port 11924
2021-10-31 01:03:27,240 [Listener at 127.0.0.1/11922] INFO  server.Server (Server.java:doStart(375)) - jetty-9.4.43.v20210629; built: 2021-06-30T11:07:22.254Z; git: 526006ecfa3af7f1a27ef3a288e2bef7ea9dd7e8; jvm 1.8.0_292-b10
2021-10-31 01:03:27,244 [Listener at 127.0.0.1/11922] INFO  server.session (DefaultSessionIdManager.java:doStart(334)) - DefaultSessionIdManager workerName=node0
2021-10-31 01:03:27,244 [Listener at 127.0.0.1/11922] INFO  server.session (DefaultSessionIdManager.java:doStart(339)) - No SessionScavenger set, using defaults
2021-10-31 01:03:27,244 [Listener at 127.0.0.1/11922] INFO  server.session (HouseKeeper.java:startScavenging(132)) - node0 Scavenging every 660000ms
2021-10-31 01:03:27,245 [Listener at 127.0.0.1/11922] INFO  handler.ContextHandler (ContextHandler.java:doStart(915)) - Started o.e.j.s.ServletContextHandler@462c68b3{logs,/logs,file:///home/runner/work/ozone/ozone/hadoop-ozone/integration-test/target/log,AVAILABLE}
2021-10-31 01:03:27,246 [Listener at 127.0.0.1/11922] INFO  handler.ContextHandler (ContextHandler.java:doStart(915)) - Started o.e.j.s.ServletContextHandler@536905ed{static,/static,file:///home/runner/work/ozone/ozone/hadoop-ozone/integration-test/target/test-classes/webapps/static,AVAILABLE}
2021-10-31 01:03:27,249 [Listener at 127.0.0.1/11922] INFO  handler.ContextHandler (ContextHandler.java:doStart(915)) - Started o.e.j.w.WebAppContext@414749f8{ozoneManager,/,file:///home/runner/work/ozone/ozone/hadoop-ozone/integration-test/target/test-classes/webapps/ozoneManager/,AVAILABLE}{file:/home/runner/work/ozone/ozone/hadoop-ozone/integration-test/target/test-classes/webapps/ozoneManager}
2021-10-31 01:03:27,250 [Listener at 127.0.0.1/11922] INFO  server.AbstractConnector (AbstractConnector.java:doStart(331)) - Started ServerConnector@18b378a2{HTTP/1.1, (http/1.1)}{0.0.0.0:11924}
2021-10-31 01:03:27,250 [Listener at 127.0.0.1/11922] INFO  server.Server (Server.java:doStart(415)) - Started @7184ms
2021-10-31 01:03:27,251 [Listener at 127.0.0.1/11922] WARN  impl.MetricsSystemImpl (MetricsSystemImpl.java:register(279)) - Sink prometheus already exists!
2021-10-31 01:03:27,251 [Listener at 127.0.0.1/11922] INFO  http.BaseHttpServer (BaseHttpServer.java:updateConnectorAddress(329)) - HTTP server of ozoneManager listening at http://0.0.0.0:11924
2021-10-31 01:03:27,252 [IPC Server Responder] INFO  ipc.Server (Server.java:run(1507)) - IPC Server Responder: starting
2021-10-31 01:03:27,253 [IPC Server listener on 11922] INFO  ipc.Server (Server.java:run(1344)) - IPC Server listener on 11922: starting
2021-10-31 01:03:27,265 [Listener at 127.0.0.1/11922] INFO  om.OzoneManager (OzoneManager.java:startTrashEmptier(1576)) - Trash Interval set to 0. Files deleted will not move to trash
2021-10-31 01:03:27,265 [Listener at 127.0.0.1/11922] INFO  ozone.MiniOzoneHAClusterImpl (MiniOzoneHAClusterImpl.java:createOMService(485)) - Started OzoneManager omNode-2 RPC server at localhost/127.0.0.1:11922
2021-10-31 01:03:27,265 [org.apache.hadoop.util.JvmPauseMonitor$Monitor@2674c88f] INFO  util.JvmPauseMonitor (JvmPauseMonitor.java:run(188)) - Starting JVM pause monitor
2021-10-31 01:03:27,266 [Listener at 127.0.0.1/11922] INFO  ha.OMHANodeDetails (OMHANodeDetails.java:loadOMHAConfig(118)) - ServiceID for OzoneManager is om-service-test1
2021-10-31 01:03:27,266 [Listener at 127.0.0.1/11922] INFO  ha.OMHANodeDetails (OMHANodeDetails.java:loadOMHAConfig(194)) - Found matching OM address with OMServiceId: om-service-test1, OMNodeId: omNode-3, RPC Address: localhost:11928 and Ratis port: 11932
2021-10-31 01:03:27,266 [Listener at 127.0.0.1/11922] INFO  ha.OMHANodeDetails (ConfUtils.java:setNodeSpecificConfigs(108)) - Setting configuration key ozone.om.http-address with value of key ozone.om.http-address.om-service-test1.omNode-3: 127.0.0.1:11930
2021-10-31 01:03:27,267 [Listener at 127.0.0.1/11922] INFO  ha.OMHANodeDetails (ConfUtils.java:setNodeSpecificConfigs(108)) - Setting configuration key ozone.om.https-address with value of key ozone.om.https-address.om-service-test1.omNode-3: 127.0.0.1:11931
2021-10-31 01:03:27,267 [Listener at 127.0.0.1/11922] INFO  ha.OMHANodeDetails (ConfUtils.java:setNodeSpecificConfigs(108)) - Setting configuration key ozone.om.address with value of key ozone.om.address.om-service-test1.omNode-3: 127.0.0.1:11928
2021-10-31 01:03:27,267 [Listener at 127.0.0.1/11922] WARN  server.ServerUtils (ServerUtils.java:getDBPath(225)) - ozone.om.db.dirs is not configured. We recommend adding this setting. Falling back to ozone.metadata.dirs instead.
OM initialization succeeded.Current cluster id for sd=/home/runner/work/ozone/ozone/hadoop-ozone/integration-test/target/test-dir/MiniOzoneClusterImpl-b8864bcf-37cc-42b5-82cc-559abfd78a8f/omNode-3/om;cid=b8864bcf-37cc-42b5-82cc-559abfd78a8f;layoutVersion=0
2021-10-31 01:03:27,280 [Listener at 127.0.0.1/11922] INFO  ha.OMHANodeDetails (OMHANodeDetails.java:loadOMHAConfig(118)) - ServiceID for OzoneManager is om-service-test1
2021-10-31 01:03:27,280 [Listener at 127.0.0.1/11922] INFO  ha.OMHANodeDetails (OMHANodeDetails.java:loadOMHAConfig(194)) - Found matching OM address with OMServiceId: om-service-test1, OMNodeId: omNode-3, RPC Address: localhost:11928 and Ratis port: 11932
2021-10-31 01:03:27,281 [Listener at 127.0.0.1/11922] INFO  ha.OMHANodeDetails (ConfUtils.java:setNodeSpecificConfigs(108)) - Setting configuration key ozone.om.http-address with value of key ozone.om.http-address.om-service-test1.omNode-3: 127.0.0.1:11930
2021-10-31 01:03:27,281 [Listener at 127.0.0.1/11922] INFO  ha.OMHANodeDetails (ConfUtils.java:setNodeSpecificConfigs(108)) - Setting configuration key ozone.om.https-address with value of key ozone.om.https-address.om-service-test1.omNode-3: 127.0.0.1:11931
2021-10-31 01:03:27,281 [Listener at 127.0.0.1/11922] INFO  ha.OMHANodeDetails (ConfUtils.java:setNodeSpecificConfigs(108)) - Setting configuration key ozone.om.address with value of key ozone.om.address.om-service-test1.omNode-3: 127.0.0.1:11928
2021-10-31 01:03:27,281 [Listener at 127.0.0.1/11922] WARN  server.ServerUtils (ServerUtils.java:getDBPath(225)) - ozone.om.db.dirs is not configured. We recommend adding this setting. Falling back to ozone.metadata.dirs instead.
2021-10-31 01:03:27,282 [Listener at 127.0.0.1/11922] INFO  upgrade.AbstractLayoutVersionManager (AbstractLayoutVersionManager.java:init(79)) - Initializing Layout version manager with metadata layout = INITIAL_VERSION (version = 0), software layout = INITIAL_VERSION (version = 0)
2021-10-31 01:03:27,336 [Listener at 127.0.0.1/11922] INFO  reflections.Reflections (Reflections.java:scan(232)) - Reflections took 52 ms to scan 2 urls, producing 131 keys and 344 values [using 2 cores]
2021-10-31 01:03:27,336 [Listener at 127.0.0.1/11922] INFO  upgrade.OMLayoutVersionManager (OMLayoutVersionManager.java:lambda$0(115)) - Skipping Upgrade Action MockOmUpgradeAction since it has been finalized.
2021-10-31 01:03:27,336 [Listener at 127.0.0.1/11922] WARN  server.ServerUtils (ServerUtils.java:getDBPath(225)) - ozone.om.db.dirs is not configured. We recommend adding this setting. Falling back to ozone.metadata.dirs instead.
2021-10-31 01:03:27,351 [Listener at 127.0.0.1/11922] WARN  server.ServerUtils (ServerUtils.java:getDBPath(225)) - ozone.om.db.dirs is not configured. We recommend adding this setting. Falling back to ozone.metadata.dirs instead.
2021-10-31 01:03:27,352 [Listener at 127.0.0.1/11922] INFO  codec.OmKeyInfoCodec (OmKeyInfoCodec.java:<init>(51)) - OmKeyInfoCodec ignorePipeline = true
2021-10-31 01:03:27,352 [Listener at 127.0.0.1/11922] INFO  codec.RepeatedOmKeyInfoCodec (RepeatedOmKeyInfoCodec.java:<init>(42)) - RepeatedOmKeyInfoCodec ignorePipeline = true
2021-10-31 01:03:27,497 [Listener at 127.0.0.1/11922] INFO  om.OzoneManager (OzoneManager.java:addS3GVolumeToDB(3428)) - Created Volume s3v With Owner runner required for S3Gateway operations.
2021-10-31 01:03:27,498 [Listener at 127.0.0.1/11922] WARN  server.ServerUtils (ServerUtils.java:getDefaultRatisDirectory(237)) - Storage directory for Ratis is not configured. It is a good idea to map this to an SSD disk. Falling back to ozone.metadata.dirs
2021-10-31 01:03:27,498 [Listener at 127.0.0.1/11922] WARN  utils.OzoneManagerRatisUtils (OzoneManagerRatisUtils.java:getOMRatisSnapshotDirectory(435)) - ozone.om.ratis.snapshot.dir is not configured. Falling back to ozone.metadata.dirs config
2021-10-31 01:03:27,498 [Listener at 127.0.0.1/11922] INFO  snapshot.OzoneManagerSnapshotProvider (OzoneManagerSnapshotProvider.java:<init>(76)) - Initializing OM Snapshot Provider
2021-10-31 01:03:27,499 [Listener at 127.0.0.1/11922] WARN  impl.MetricRegistriesImpl (MetricRegistriesImpl.java:addReporterRegistration(111)) - New reporters are added after registries were created. Some metrics will be missing from the reporter. Please add reporter before adding any new registry.
2021-10-31 01:03:27,499 [Listener at 127.0.0.1/11922] WARN  impl.MetricRegistriesImpl (MetricRegistriesImpl.java:addReporterRegistration(111)) - New reporters are added after registries were created. Some metrics will be missing from the reporter. Please add reporter before adding any new registry.
2021-10-31 01:03:27,500 [Listener at 127.0.0.1/11922] WARN  server.ServerUtils (ServerUtils.java:getDefaultRatisDirectory(237)) - Storage directory for Ratis is not configured. It is a good idea to map this to an SSD disk. Falling back to ozone.metadata.dirs
2021-10-31 01:03:27,501 [Listener at 127.0.0.1/11922] INFO  ratis.OzoneManagerRatisServer (OzoneManagerRatisServer.java:<init>(159)) - Instantiating OM Ratis server with groupID: om-service-test1 and peers: localhost:11932, localhost:11920, localhost:11926
2021-10-31 01:03:27,501 [Listener at 127.0.0.1/11922] INFO  ratis.OzoneManagerStateMachine (OzoneManagerStateMachine.java:loadSnapshotInfoFromDB(605)) - LastAppliedIndex is set from TransactionInfo from OM DB as (t:0, i:~)
2021-10-31 01:03:27,501 [Listener at 127.0.0.1/11922] INFO  server.RaftServer (ConfUtils.java:logGet(44)) - raft.rpc.type = GRPC (default)
2021-10-31 01:03:27,502 [Listener at 127.0.0.1/11922] INFO  grpc.GrpcFactory (GrpcFactory.java:checkPooledByteBufAllocatorUseCacheForAllThreads(48)) - PERFORMANCE WARNING: useCacheForAllThreads is true that may cause Netty to create a lot garbage objects and, as a result, trigger GC.
	It is recommended to disable useCacheForAllThreads by setting -Dorg.apache.ratis.thirdparty.io.netty.allocator.useCacheForAllThreads=false in command line.
2021-10-31 01:03:27,502 [Listener at 127.0.0.1/11922] INFO  grpc.GrpcConfigKeys (ConfUtils.java:logGet(44)) - raft.grpc.admin.port = -1 (default)
2021-10-31 01:03:27,502 [Listener at 127.0.0.1/11922] INFO  grpc.GrpcConfigKeys (ConfUtils.java:logGet(44)) - raft.grpc.server.port = 11932 (custom)
2021-10-31 01:03:27,502 [Listener at 127.0.0.1/11922] INFO  grpc.GrpcConfigKeys (ConfUtils.java:logGet(44)) - raft.grpc.client.port = -1 (default)
2021-10-31 01:03:27,502 [Listener at 127.0.0.1/11922] INFO  grpc.GrpcConfigKeys (ConfUtils.java:logGet(44)) - raft.grpc.server.port = 11932 (custom)
2021-10-31 01:03:27,502 [Listener at 127.0.0.1/11922] INFO  grpc.GrpcConfigKeys (ConfUtils.java:logGet(44)) - raft.grpc.server.port = 11932 (custom)
2021-10-31 01:03:27,503 [Listener at 127.0.0.1/11922] INFO  server.GrpcService (ConfUtils.java:logGet(44)) - raft.grpc.message.size.max = 33554432 (custom)
2021-10-31 01:03:27,503 [Listener at 127.0.0.1/11922] INFO  server.RaftServerConfigKeys (ConfUtils.java:logGet(44)) - raft.server.log.appender.buffer.byte-limit = 33554432 (custom)
2021-10-31 01:03:27,505 [Listener at 127.0.0.1/11922] INFO  server.GrpcService (ConfUtils.java:logGet(44)) - raft.grpc.flow.control.window = 1MB (=1048576) (default)
2021-10-31 01:03:27,505 [Listener at 127.0.0.1/11922] INFO  server.RaftServerConfigKeys (ConfUtils.java:logGet(44)) - raft.server.rpc.request.timeout = 3000ms (default)
2021-10-31 01:03:27,506 [Listener at 127.0.0.1/11922] INFO  impl.DataStreamServerImpl (ConfUtils.java:logGet(44)) - raft.datastream.type = DISABLED (default)
2021-10-31 01:03:27,507 [Listener at 127.0.0.1/11922] INFO  server.RaftServerConfigKeys (ConfUtils.java:logGet(44)) - raft.server.rpc.slowness.timeout = 2s (custom)
2021-10-31 01:03:27,507 [Listener at 127.0.0.1/11922] INFO  server.RaftServerConfigKeys (ConfUtils.java:logGet(44)) - raft.server.leaderelection.leader.step-down.wait-time = 10s (default)
2021-10-31 01:03:27,507 [Listener at 127.0.0.1/11922] INFO  server.RaftServerConfigKeys (ConfUtils.java:logGet(44)) - raft.server.storage.dir = [/home/runner/work/ozone/ozone/hadoop-ozone/integration-test/target/test-dir/MiniOzoneClusterImpl-b8864bcf-37cc-42b5-82cc-559abfd78a8f/omNode-3/ratis] (custom)
2021-10-31 01:03:27,509 [Listener at 127.0.0.1/11922] INFO  server.RaftServer (RaftServerProxy.java:addNew(95)) - omNode-3: addNew group-523986131536:[omNode-3|rpc:localhost:11932|priority:0, omNode-1|rpc:localhost:11920|priority:0, omNode-2|rpc:localhost:11926|priority:0] returns group-523986131536:java.util.concurrent.CompletableFuture@293918f9[Not completed]
2021-10-31 01:03:27,509 [Listener at 127.0.0.1/11922] INFO  om.OzoneManager (OzoneManager.java:initializeRatisServer(1618)) - OzoneManager Ratis server initialized at port 11932
2021-10-31 01:03:27,511 [Listener at 127.0.0.1/11922] INFO  ipc.CallQueueManager (CallQueueManager.java:<init>(90)) - Using callQueue: class java.util.concurrent.LinkedBlockingQueue, queueCapacity: 2000, scheduler: class org.apache.hadoop.ipc.DefaultRpcScheduler, ipcBackoff: false.
2021-10-31 01:03:27,512 [pool-83-thread-1] INFO  server.RaftServer$Division (RaftServerImpl.java:<init>(184)) - omNode-3: new RaftServerImpl for group-523986131536:[omNode-3|rpc:localhost:11932|priority:0, omNode-1|rpc:localhost:11920|priority:0, omNode-2|rpc:localhost:11926|priority:0] with OzoneManagerStateMachine:uninitialized
2021-10-31 01:03:27,513 [Socket Reader #1 for port 11928] INFO  ipc.Server (Server.java:run(1265)) - Starting Socket Reader #1 for port 11928
2021-10-31 01:03:27,521 [pool-83-thread-1] INFO  server.RaftServerConfigKeys (ConfUtils.java:logGet(44)) - raft.server.rpc.timeout.min = 1s (custom)
2021-10-31 01:03:27,521 [pool-83-thread-1] INFO  server.RaftServerConfigKeys (ConfUtils.java:logGet(44)) - raft.server.rpc.timeout.max = 1200ms (custom)
2021-10-31 01:03:27,522 [pool-83-thread-1] INFO  server.RaftServerConfigKeys (ConfUtils.java:logGet(44)) - raft.server.rpc.sleep.time = 25ms (default)
2021-10-31 01:03:27,522 [pool-83-thread-1] INFO  server.RaftServerConfigKeys (ConfUtils.java:logGet(44)) - raft.server.rpc.slowness.timeout = 2s (custom)
2021-10-31 01:03:27,522 [pool-83-thread-1] INFO  server.RaftServerConfigKeys (ConfUtils.java:logGet(44)) - raft.server.leaderelection.leader.step-down.wait-time = 10s (default)
2021-10-31 01:03:27,522 [pool-83-thread-1] INFO  server.RaftServerConfigKeys (ConfUtils.java:logGet(44)) - raft.server.sleep.deviation.threshold = 300ms (default)
2021-10-31 01:03:27,522 [pool-83-thread-1] INFO  server.RaftServerConfigKeys (ConfUtils.java:logGet(44)) - raft.server.log.appender.install.snapshot.enabled = false (custom)
2021-10-31 01:03:27,522 [pool-83-thread-1] INFO  server.RaftServer$Division (ServerState.java:<init>(105)) - omNode-3@group-523986131536: ConfigurationManager, init=-1: [omNode-3|rpc:localhost:11932|priority:0, omNode-1|rpc:localhost:11920|priority:0, omNode-2|rpc:localhost:11926|priority:0], old=null, confs=<EMPTY_MAP>
2021-10-31 01:03:27,527 [pool-83-thread-1] INFO  server.RaftServerConfigKeys (ConfUtils.java:logGet(44)) - raft.server.storage.dir = [/home/runner/work/ozone/ozone/hadoop-ozone/integration-test/target/test-dir/MiniOzoneClusterImpl-b8864bcf-37cc-42b5-82cc-559abfd78a8f/omNode-3/ratis] (custom)
2021-10-31 01:03:27,545 [pool-83-thread-1] INFO  server.RaftServerConfigKeys (ConfUtils.java:logGet(44)) - raft.server.log.corruption.policy = EXCEPTION (default)
2021-10-31 01:03:27,546 [pool-83-thread-1] INFO  server.RaftServerConfigKeys (ConfUtils.java:logGet(44)) - raft.server.storage.free-space.min = 0MB (=0) (default)
2021-10-31 01:03:27,546 [pool-83-thread-1] INFO  storage.RaftStorageDirectory (RaftStorageDirectoryImpl.java:analyzeStorage(135)) - The storage directory /home/runner/work/ozone/ozone/hadoop-ozone/integration-test/target/test-dir/MiniOzoneClusterImpl-b8864bcf-37cc-42b5-82cc-559abfd78a8f/omNode-3/ratis/c9bc4cf4-3bc3-3c60-a66b-523986131536 does not exist. Creating ...
2021-10-31 01:03:27,548 [pool-83-thread-1] INFO  storage.RaftStorageDirectory (RaftStorageDirectoryImpl.java:tryLock(230)) - Lock on /home/runner/work/ozone/ozone/hadoop-ozone/integration-test/target/test-dir/MiniOzoneClusterImpl-b8864bcf-37cc-42b5-82cc-559abfd78a8f/omNode-3/ratis/c9bc4cf4-3bc3-3c60-a66b-523986131536/in_use.lock acquired by nodename 14068@fv-az50-512
2021-10-31 01:03:27,549 [pool-83-thread-1] INFO  storage.RaftStorage (RaftStorageImpl.java:format(89)) - Storage directory /home/runner/work/ozone/ozone/hadoop-ozone/integration-test/target/test-dir/MiniOzoneClusterImpl-b8864bcf-37cc-42b5-82cc-559abfd78a8f/omNode-3/ratis/c9bc4cf4-3bc3-3c60-a66b-523986131536 has been successfully formatted.
2021-10-31 01:03:27,556 [pool-83-thread-1] INFO  server.RaftServerConfigKeys (ConfUtils.java:logGet(44)) - raft.server.notification.no-leader.timeout = 2s (custom)
2021-10-31 01:03:27,557 [pool-83-thread-1] INFO  server.RaftServerConfigKeys (ConfUtils.java:logGet(44)) - raft.server.log.use.memory = false (default)
2021-10-31 01:03:27,557 [pool-83-thread-1] INFO  server.RaftServerConfigKeys (ConfUtils.java:logGet(44)) - raft.server.log.purge.gap = 50 (custom)
2021-10-31 01:03:27,558 [pool-83-thread-1] INFO  server.RaftServerConfigKeys (ConfUtils.java:logGet(44)) - raft.server.log.appender.buffer.byte-limit = 33554432 (custom)
2021-10-31 01:03:27,558 [pool-83-thread-1] INFO  server.RaftServerConfigKeys (ConfUtils.java:logGet(44)) - raft.server.log.segment.size.max = 4194304 (custom)
2021-10-31 01:03:27,560 [pool-83-thread-1] INFO  server.RaftServerConfigKeys (ConfUtils.java:logGet(44)) - raft.server.log.segment.cache.num.max = 2 (custom)
2021-10-31 01:03:27,560 [Listener at 127.0.0.1/11928] INFO  om.OzoneManager (OzoneManager.java:initFSOLayout(3634)) - Configured ozone.om.metadata.layout=SIMPLE and disabled optimized OM FS operations
2021-10-31 01:03:27,561 [Listener at 127.0.0.1/11928] INFO  impl.MetricsSystemImpl (MetricsSystemImpl.java:init(158)) - OzoneManager metrics system started (again)
2021-10-31 01:03:27,561 [pool-83-thread-1] INFO  server.RaftServerConfigKeys (ConfUtils.java:logGet(44)) - raft.server.log.segment.cache.size.max = 200MB (=209715200) (default)
2021-10-31 01:03:27,562 [pool-83-thread-1] INFO  segmented.SegmentedRaftLogWorker (SegmentedRaftLogWorker.java:<init>(182)) - new omNode-3@group-523986131536-SegmentedRaftLogWorker for RaftStorageImpl:Storage Directory /home/runner/work/ozone/ozone/hadoop-ozone/integration-test/target/test-dir/MiniOzoneClusterImpl-b8864bcf-37cc-42b5-82cc-559abfd78a8f/omNode-3/ratis/c9bc4cf4-3bc3-3c60-a66b-523986131536
2021-10-31 01:03:27,562 [pool-83-thread-1] INFO  server.RaftServerConfigKeys (ConfUtils.java:logGet(44)) - raft.server.log.queue.byte-limit = 64MB (=67108864) (default)
2021-10-31 01:03:27,563 [pool-83-thread-1] INFO  server.RaftServerConfigKeys (ConfUtils.java:logGet(44)) - raft.server.log.queue.element-limit = 4096 (default)
2021-10-31 01:03:27,565 [pool-83-thread-1] INFO  server.RaftServerConfigKeys (ConfUtils.java:logGet(44)) - raft.server.log.segment.size.max = 4194304 (custom)
2021-10-31 01:03:27,565 [pool-83-thread-1] INFO  server.RaftServerConfigKeys (ConfUtils.java:logGet(44)) - raft.server.log.preallocated.size = 4194304 (custom)
2021-10-31 01:03:27,566 [pool-83-thread-1] INFO  server.RaftServerConfigKeys (ConfUtils.java:logGet(44)) - raft.server.log.force.sync.num = 128 (default)
2021-10-31 01:03:27,566 [pool-83-thread-1] INFO  server.RaftServerConfigKeys (ConfUtils.java:logGet(44)) - raft.server.log.statemachine.data.sync = true (default)
2021-10-31 01:03:27,566 [pool-83-thread-1] INFO  server.RaftServerConfigKeys (ConfUtils.java:logGet(44)) - raft.server.log.statemachine.data.sync.timeout = 10s (default)
2021-10-31 01:03:27,566 [pool-83-thread-1] INFO  server.RaftServerConfigKeys (ConfUtils.java:logGet(44)) - raft.server.log.statemachine.data.sync.timeout.retry = -1 (default)
2021-10-31 01:03:27,567 [pool-83-thread-1] INFO  server.RaftServerConfigKeys (ConfUtils.java:logGet(44)) - raft.server.log.write.buffer.size = 64KB (=65536) (default)
2021-10-31 01:03:27,568 [pool-83-thread-1] INFO  server.RaftServerConfigKeys (ConfUtils.java:logGet(44)) - raft.server.log.statemachine.data.caching.enabled = false (default)
2021-10-31 01:03:27,576 [pool-83-thread-1] INFO  segmented.SegmentedRaftLogWorker (SegmentedRaftLogWorker.java:lambda$new$0(133)) - omNode-3@group-523986131536-SegmentedRaftLogWorker: flushIndex: setUnconditionally 0 -> -1
2021-10-31 01:03:27,576 [pool-83-thread-1] INFO  segmented.SegmentedRaftLogWorker (SegmentedRaftLogWorker.java:lambda$new$0(133)) - omNode-3@group-523986131536-SegmentedRaftLogWorker: safeCacheEvictIndex: setUnconditionally 0 -> -1
2021-10-31 01:03:27,576 [Listener at 127.0.0.1/11928] INFO  om.OzoneManager (OzoneManager.java:start(1302)) - OzoneManager RPC server is listening at localhost/127.0.0.1:11928
2021-10-31 01:03:27,577 [Listener at 127.0.0.1/11928] INFO  ratis.OzoneManagerRatisServer (OzoneManagerRatisServer.java:start(522)) - Starting OzoneManagerRatisServer omNode-3 at port 11932
2021-10-31 01:03:27,577 [pool-83-thread-1] INFO  server.RaftServerConfigKeys (ConfUtils.java:logGet(44)) - raft.server.snapshot.auto.trigger.enabled = true (custom)
2021-10-31 01:03:27,577 [pool-83-thread-1] INFO  server.RaftServerConfigKeys (ConfUtils.java:logGet(44)) - raft.server.snapshot.auto.trigger.threshold = 50 (custom)
2021-10-31 01:03:27,577 [pool-83-thread-1] INFO  server.RaftServerConfigKeys (ConfUtils.java:logGet(44)) - raft.server.snapshot.retention.file.num = -1 (default)
2021-10-31 01:03:27,577 [pool-83-thread-1] INFO  server.RaftServerConfigKeys (ConfUtils.java:logGet(44)) - raft.server.log.purge.upto.snapshot.index = true (custom)
2021-10-31 01:03:27,578 [pool-83-thread-1] INFO  server.RaftServerConfigKeys (ConfUtils.java:logGet(44)) - raft.server.retrycache.expirytime = 30000ms (custom)
2021-10-31 01:03:27,578 [pool-83-thread-1] INFO  server.RaftServerConfigKeys (ConfUtils.java:logGet(44)) - raft.server.retrycache.statistics.expirytime = 100μs (default)
2021-10-31 01:03:27,580 [Listener at 127.0.0.1/11928] INFO  server.RaftServer$Division (RaftServerImpl.java:start(301)) - omNode-3@group-523986131536: start as a follower, conf=-1: [omNode-3|rpc:localhost:11932|priority:0, omNode-1|rpc:localhost:11920|priority:0, omNode-2|rpc:localhost:11926|priority:0], old=null
2021-10-31 01:03:27,580 [Listener at 127.0.0.1/11928] INFO  server.RaftServer$Division (RaftServerImpl.java:setRole(290)) - omNode-3@group-523986131536: changes role from      null to FOLLOWER at term 0 for startAsFollower
2021-10-31 01:03:27,580 [Listener at 127.0.0.1/11928] INFO  impl.RoleInfo (RoleInfo.java:updateAndGet(130)) - omNode-3: start omNode-3@group-523986131536-FollowerState
2021-10-31 01:03:27,582 [Listener at 127.0.0.1/11928] INFO  util.JmxRegister (JmxRegister.java:tryRegister(44)) - Successfully registered JMX Bean with object name Ratis:service=RaftServer,group=group-523986131536,id=omNode-3
2021-10-31 01:03:27,583 [Listener at 127.0.0.1/11928] INFO  server.RaftServer (RaftServerProxy.java:lambda$start$5(374)) - omNode-3: start RPC server
2021-10-31 01:03:27,586 [Listener at 127.0.0.1/11928] INFO  server.GrpcService (GrpcService.java:startImpl(253)) - omNode-3: GrpcService started, listening on 11932
2021-10-31 01:03:27,588 [Listener at 127.0.0.1/11928] INFO  om.OzoneManager (OzoneManager.java:start(1320)) - Version File has different layout version (0) than OM DB (null). That is expected if this OM has never been finalized to a newer layout version.
2021-10-31 01:03:27,588 [org.apache.ratis.util.JvmPauseMonitor$$Lambda$523/2066045717@2b9ac1b4] INFO  util.JvmPauseMonitor (JvmPauseMonitor.java:run(103)) - JvmPauseMonitor-omNode-3: Started
2021-10-31 01:03:27,591 [Listener at 127.0.0.1/11928] INFO  http.BaseHttpServer (BaseHttpServer.java:newHttpServer2BuilderForOzone(209)) - Starting Web-server for ozoneManager at: http://0.0.0.0:11930
2021-10-31 01:03:27,591 [Listener at 127.0.0.1/11928] INFO  http.BaseHttpServer (BaseHttpServer.java:<init>(107)) - Hadoop Security Enabled: false Ozone Security Enabled: false Ozone HTTP Security Enabled: false 
2021-10-31 01:03:27,592 [Listener at 127.0.0.1/11928] INFO  server.AuthenticationFilter (AuthenticationFilter.java:constructSecretProvider(240)) - Unable to initialize FileSignerSecretProvider, falling back to use random secrets.
2021-10-31 01:03:27,593 [Listener at 127.0.0.1/11928] WARN  http.HttpRequestLog (HttpRequestLog.java:getRequestLog(103)) - Jetty request log can only be enabled using Log4j
2021-10-31 01:03:27,594 [Listener at 127.0.0.1/11928] INFO  http.HttpServer2 (HttpServer2.java:addGlobalFilter(1030)) - Added global filter 'safety' (class=org.apache.hadoop.hdds.server.http.HttpServer2$QuotingInputFilter)
2021-10-31 01:03:27,596 [Listener at 127.0.0.1/11928] INFO  http.HttpServer2 (HttpServer2.java:addFilter(1006)) - Added filter static_user_filter (class=org.apache.hadoop.http.lib.StaticUserWebFilter$StaticUserFilter) to context ozoneManager
2021-10-31 01:03:27,596 [Listener at 127.0.0.1/11928] INFO  http.HttpServer2 (HttpServer2.java:addFilter(1014)) - Added filter static_user_filter (class=org.apache.hadoop.http.lib.StaticUserWebFilter$StaticUserFilter) to context logs
2021-10-31 01:03:27,596 [Listener at 127.0.0.1/11928] INFO  http.HttpServer2 (HttpServer2.java:addFilter(1014)) - Added filter static_user_filter (class=org.apache.hadoop.http.lib.StaticUserWebFilter$StaticUserFilter) to context static
2021-10-31 01:03:27,597 [Listener at 127.0.0.1/11928] INFO  http.HttpServer2 (HttpServer2.java:bindListener(1249)) - Jetty bound to port 11930
2021-10-31 01:03:27,597 [Listener at 127.0.0.1/11928] INFO  server.Server (Server.java:doStart(375)) - jetty-9.4.43.v20210629; built: 2021-06-30T11:07:22.254Z; git: 526006ecfa3af7f1a27ef3a288e2bef7ea9dd7e8; jvm 1.8.0_292-b10
2021-10-31 01:03:27,600 [Listener at 127.0.0.1/11928] INFO  server.session (DefaultSessionIdManager.java:doStart(334)) - DefaultSessionIdManager workerName=node0
2021-10-31 01:03:27,600 [Listener at 127.0.0.1/11928] INFO  server.session (DefaultSessionIdManager.java:doStart(339)) - No SessionScavenger set, using defaults
2021-10-31 01:03:27,600 [Listener at 127.0.0.1/11928] INFO  server.session (HouseKeeper.java:startScavenging(132)) - node0 Scavenging every 660000ms
2021-10-31 01:03:27,606 [Listener at 127.0.0.1/11928] INFO  handler.ContextHandler (ContextHandler.java:doStart(915)) - Started o.e.j.s.ServletContextHandler@43f06942{logs,/logs,file:///home/runner/work/ozone/ozone/hadoop-ozone/integration-test/target/log,AVAILABLE}
2021-10-31 01:03:27,606 [Listener at 127.0.0.1/11928] INFO  handler.ContextHandler (ContextHandler.java:doStart(915)) - Started o.e.j.s.ServletContextHandler@579c15a7{static,/static,file:///home/runner/work/ozone/ozone/hadoop-ozone/integration-test/target/test-classes/webapps/static,AVAILABLE}
2021-10-31 01:03:27,612 [Listener at 127.0.0.1/11928] INFO  handler.ContextHandler (ContextHandler.java:doStart(915)) - Started o.e.j.w.WebAppContext@1881289b{ozoneManager,/,file:///home/runner/work/ozone/ozone/hadoop-ozone/integration-test/target/test-classes/webapps/ozoneManager/,AVAILABLE}{file:/home/runner/work/ozone/ozone/hadoop-ozone/integration-test/target/test-classes/webapps/ozoneManager}
2021-10-31 01:03:27,613 [Listener at 127.0.0.1/11928] INFO  server.AbstractConnector (AbstractConnector.java:doStart(331)) - Started ServerConnector@12f43d7a{HTTP/1.1, (http/1.1)}{0.0.0.0:11930}
2021-10-31 01:03:27,613 [Listener at 127.0.0.1/11928] INFO  server.Server (Server.java:doStart(415)) - Started @7547ms
2021-10-31 01:03:27,613 [Listener at 127.0.0.1/11928] WARN  impl.MetricsSystemImpl (MetricsSystemImpl.java:register(279)) - Sink prometheus already exists!
2021-10-31 01:03:27,614 [Listener at 127.0.0.1/11928] INFO  http.BaseHttpServer (BaseHttpServer.java:updateConnectorAddress(329)) - HTTP server of ozoneManager listening at http://0.0.0.0:11930
2021-10-31 01:03:27,615 [IPC Server Responder] INFO  ipc.Server (Server.java:run(1507)) - IPC Server Responder: starting
2021-10-31 01:03:27,618 [IPC Server listener on 11928] INFO  ipc.Server (Server.java:run(1344)) - IPC Server listener on 11928: starting
2021-10-31 01:03:27,631 [Listener at 127.0.0.1/11928] INFO  om.OzoneManager (OzoneManager.java:startTrashEmptier(1576)) - Trash Interval set to 0. Files deleted will not move to trash
2021-10-31 01:03:27,631 [Listener at 127.0.0.1/11928] INFO  ozone.MiniOzoneHAClusterImpl (MiniOzoneHAClusterImpl.java:createOMService(485)) - Started OzoneManager omNode-3 RPC server at localhost/127.0.0.1:11928
2021-10-31 01:03:27,631 [org.apache.hadoop.util.JvmPauseMonitor$Monitor@5d1b4556] INFO  util.JvmPauseMonitor (JvmPauseMonitor.java:run(188)) - Starting JVM pause monitor
2021-10-31 01:03:27,834 [Listener at 127.0.0.1/11928] WARN  impl.MetricRegistriesImpl (MetricRegistriesImpl.java:addReporterRegistration(111)) - New reporters are added after registries were created. Some metrics will be missing from the reporter. Please add reporter before adding any new registry.
2021-10-31 01:03:27,835 [Listener at 127.0.0.1/11928] WARN  impl.MetricRegistriesImpl (MetricRegistriesImpl.java:addReporterRegistration(111)) - New reporters are added after registries were created. Some metrics will be missing from the reporter. Please add reporter before adding any new registry.
2021-10-31 01:03:27,835 [Listener at 127.0.0.1/11928] INFO  impl.MetricsSystemImpl (MetricsSystemImpl.java:init(158)) - HddsDatanode metrics system started (again)
2021-10-31 01:03:27,838 [omNode-1@group-523986131536-FollowerState] INFO  impl.FollowerState (FollowerState.java:run(134)) - omNode-1@group-523986131536-FollowerState: change to CANDIDATE, lastRpcElapsedTime:1108421055ns, electionTimeout:1100ms
2021-10-31 01:03:27,839 [omNode-1@group-523986131536-FollowerState] INFO  impl.RoleInfo (RoleInfo.java:shutdownFollowerState(108)) - omNode-1: shutdown omNode-1@group-523986131536-FollowerState
2021-10-31 01:03:27,846 [omNode-1@group-523986131536-FollowerState] INFO  server.RaftServer$Division (RaftServerImpl.java:setRole(290)) - omNode-1@group-523986131536: changes role from  FOLLOWER to CANDIDATE at term 0 for changeToCandidate
2021-10-31 01:03:27,849 [omNode-1@group-523986131536-FollowerState] INFO  server.RaftServerConfigKeys (ConfUtils.java:logGet(44)) - raft.server.leaderelection.pre-vote = false (custom)
2021-10-31 01:03:27,849 [omNode-1@group-523986131536-FollowerState] INFO  impl.RoleInfo (RoleInfo.java:updateAndGet(130)) - omNode-1: start omNode-1@group-523986131536-LeaderElection1
2021-10-31 01:03:27,867 [omNode-1@group-523986131536-LeaderElection1] INFO  impl.LeaderElection (LeaderElection.java:askForVotes(306)) - omNode-1@group-523986131536-LeaderElection1 ELECTION round 0: submit vote requests at term 1 for -1: [omNode-3|rpc:localhost:11932|priority:0, omNode-1|rpc:localhost:11920|priority:0, omNode-2|rpc:localhost:11926|priority:0], old=null
2021-10-31 01:03:27,889 [Listener at 127.0.0.1/11928] INFO  ozone.HddsDatanodeService (HddsDatanodeService.java:start(234)) - HddsDatanodeService host:fv-az50-512.grzltbmokehuzjyc5b133kdqgh.cx.internal.cloudapp.net ip:10.1.0.98
2021-10-31 01:03:27,932 [Listener at 127.0.0.1/11928] INFO  upgrade.AbstractLayoutVersionManager (AbstractLayoutVersionManager.java:init(79)) - Initializing Layout version manager with metadata layout = SCM_HA (version = 2), software layout = SCM_HA (version = 2)
2021-10-31 01:03:27,999 [Listener at 127.0.0.1/11928] INFO  reflections.Reflections (Reflections.java:scan(232)) - Reflections took 63 ms to scan 7 urls, producing 119 keys and 279 values 
2021-10-31 01:03:28,005 [Listener at 127.0.0.1/11928] INFO  statemachine.DatanodeStateMachine (DatanodeStateMachine.java:getEndPointTaskThreadPoolSize(219)) - Datanode State Machine Task Thread Pool size 2
2021-10-31 01:03:28,298 [omNode-2@group-523986131536-FollowerState] INFO  impl.FollowerState (FollowerState.java:run(134)) - omNode-2@group-523986131536-FollowerState: change to CANDIDATE, lastRpcElapsedTime:1081515167ns, electionTimeout:1080ms
2021-10-31 01:03:28,299 [omNode-2@group-523986131536-FollowerState] INFO  impl.RoleInfo (RoleInfo.java:shutdownFollowerState(108)) - omNode-2: shutdown omNode-2@group-523986131536-FollowerState
2021-10-31 01:03:28,299 [omNode-2@group-523986131536-FollowerState] INFO  server.RaftServer$Division (RaftServerImpl.java:setRole(290)) - omNode-2@group-523986131536: changes role from  FOLLOWER to CANDIDATE at term 0 for changeToCandidate
2021-10-31 01:03:28,299 [omNode-2@group-523986131536-FollowerState] INFO  server.RaftServerConfigKeys (ConfUtils.java:logGet(44)) - raft.server.leaderelection.pre-vote = false (custom)
2021-10-31 01:03:28,299 [omNode-2@group-523986131536-FollowerState] INFO  impl.RoleInfo (RoleInfo.java:updateAndGet(130)) - omNode-2: start omNode-2@group-523986131536-LeaderElection2
2021-10-31 01:03:28,310 [Listener at 127.0.0.1/11928] INFO  volume.HddsVolume (HddsVolume.java:<init>(120)) - Creating HddsVolume: /home/runner/work/ozone/ozone/hadoop-ozone/integration-test/target/test-dir/MiniOzoneClusterImpl-b8864bcf-37cc-42b5-82cc-559abfd78a8f/datanode-0/data-0/containers/hdds of storage type : DISK capacity : 9223372036854775807
2021-10-31 01:03:28,330 [Listener at 127.0.0.1/11928] INFO  volume.MutableVolumeSet (MutableVolumeSet.java:initializeVolumeSet(168)) - Added Volume : /home/runner/work/ozone/ozone/hadoop-ozone/integration-test/target/test-dir/MiniOzoneClusterImpl-b8864bcf-37cc-42b5-82cc-559abfd78a8f/datanode-0/data-0/containers/hdds to VolumeSet
2021-10-31 01:03:28,331 [Listener at 127.0.0.1/11928] INFO  volume.ThrottledAsyncChecker (ThrottledAsyncChecker.java:schedule(141)) - Scheduling a check for /home/runner/work/ozone/ozone/hadoop-ozone/integration-test/target/test-dir/MiniOzoneClusterImpl-b8864bcf-37cc-42b5-82cc-559abfd78a8f/datanode-0/data-0/containers/hdds
2021-10-31 01:03:28,341 [omNode-2@group-523986131536-LeaderElection2] INFO  impl.LeaderElection (LeaderElection.java:askForVotes(306)) - omNode-2@group-523986131536-LeaderElection2 ELECTION round 0: submit vote requests at term 1 for -1: [omNode-3|rpc:localhost:11932|priority:0, omNode-1|rpc:localhost:11920|priority:0, omNode-2|rpc:localhost:11926|priority:0], old=null
2021-10-31 01:03:28,391 [Listener at 127.0.0.1/11928] INFO  volume.StorageVolumeChecker (StorageVolumeChecker.java:checkAllVolumes(202)) - Scheduled health check for volume /home/runner/work/ozone/ozone/hadoop-ozone/integration-test/target/test-dir/MiniOzoneClusterImpl-b8864bcf-37cc-42b5-82cc-559abfd78a8f/datanode-0/data-0/containers/hdds
2021-10-31 01:03:28,444 [Listener at 127.0.0.1/11928] INFO  volume.MutableVolumeSet (MutableVolumeSet.java:initializeVolumeSet(168)) - Added Volume : /home/runner/work/ozone/ozone/hadoop-ozone/integration-test/target/test-dir/MiniOzoneClusterImpl-b8864bcf-37cc-42b5-82cc-559abfd78a8f/datanode-0/data/ratis to VolumeSet
2021-10-31 01:03:28,451 [Listener at 127.0.0.1/11928] INFO  volume.ThrottledAsyncChecker (ThrottledAsyncChecker.java:schedule(141)) - Scheduling a check for /home/runner/work/ozone/ozone/hadoop-ozone/integration-test/target/test-dir/MiniOzoneClusterImpl-b8864bcf-37cc-42b5-82cc-559abfd78a8f/datanode-0/data/ratis
2021-10-31 01:03:28,451 [Listener at 127.0.0.1/11928] INFO  volume.StorageVolumeChecker (StorageVolumeChecker.java:checkAllVolumes(202)) - Scheduled health check for volume /home/runner/work/ozone/ozone/hadoop-ozone/integration-test/target/test-dir/MiniOzoneClusterImpl-b8864bcf-37cc-42b5-82cc-559abfd78a8f/datanode-0/data/ratis
2021-10-31 01:03:28,487 [Thread-221] INFO  ozoneimpl.ContainerReader (ContainerReader.java:readVolume(172)) - Finish verifying containers on volume /home/runner/work/ozone/ozone/hadoop-ozone/integration-test/target/test-dir/MiniOzoneClusterImpl-b8864bcf-37cc-42b5-82cc-559abfd78a8f/datanode-0/data-0/containers/hdds
2021-10-31 01:03:28,487 [Listener at 127.0.0.1/11928] INFO  ozoneimpl.OzoneContainer (OzoneContainer.java:buildContainerSet(236)) - Build ContainerSet costs 0s
2021-10-31 01:03:28,701 [Listener at 127.0.0.1/11928] INFO  server.RaftServer (ConfUtils.java:logGet(44)) - raft.rpc.type = GRPC (default)
2021-10-31 01:03:28,702 [Listener at 127.0.0.1/11928] INFO  grpc.GrpcFactory (GrpcFactory.java:checkPooledByteBufAllocatorUseCacheForAllThreads(48)) - PERFORMANCE WARNING: useCacheForAllThreads is true that may cause Netty to create a lot garbage objects and, as a result, trigger GC.
	It is recommended to disable useCacheForAllThreads by setting -Dorg.apache.ratis.thirdparty.io.netty.allocator.useCacheForAllThreads=false in command line.
2021-10-31 01:03:28,702 [Listener at 127.0.0.1/11928] INFO  grpc.GrpcConfigKeys (ConfUtils.java:logGet(44)) - raft.grpc.admin.port = 0 (custom)
2021-10-31 01:03:28,702 [Listener at 127.0.0.1/11928] INFO  grpc.GrpcConfigKeys (ConfUtils.java:logGet(44)) - raft.grpc.client.port = 0 (custom)
2021-10-31 01:03:28,702 [Listener at 127.0.0.1/11928] INFO  grpc.GrpcConfigKeys (ConfUtils.java:logGet(44)) - raft.grpc.server.port = 0 (default)
2021-10-31 01:03:28,702 [Listener at 127.0.0.1/11928] INFO  server.GrpcService (ConfUtils.java:logGet(44)) - raft.grpc.message.size.max = 32MB (=33554432) (custom)
2021-10-31 01:03:28,703 [Listener at 127.0.0.1/11928] INFO  server.RaftServerConfigKeys (ConfUtils.java:logGet(44)) - raft.server.log.appender.buffer.byte-limit = 33554432 (custom)
2021-10-31 01:03:28,703 [Listener at 127.0.0.1/11928] INFO  server.GrpcService (ConfUtils.java:logGet(44)) - raft.grpc.flow.control.window = 5MB (=5242880) (custom)
2021-10-31 01:03:28,703 [Listener at 127.0.0.1/11928] INFO  server.RaftServerConfigKeys (ConfUtils.java:logGet(44)) - raft.server.rpc.request.timeout = 60s (custom)
2021-10-31 01:03:28,704 [Listener at 127.0.0.1/11928] INFO  impl.DataStreamServerImpl (ConfUtils.java:logGet(44)) - raft.datastream.type = DISABLED (default)
2021-10-31 01:03:28,704 [Listener at 127.0.0.1/11928] INFO  server.RaftServerConfigKeys (ConfUtils.java:logGet(44)) - raft.server.rpc.slowness.timeout = 300s (custom)
2021-10-31 01:03:28,705 [Listener at 127.0.0.1/11928] INFO  server.RaftServerConfigKeys (ConfUtils.java:logGet(44)) - raft.server.leaderelection.leader.step-down.wait-time = 10s (default)
2021-10-31 01:03:28,705 [Listener at 127.0.0.1/11928] INFO  server.RaftServerConfigKeys (ConfUtils.java:logGet(44)) - raft.server.storage.dir = [/home/runner/work/ozone/ozone/hadoop-ozone/integration-test/target/test-dir/MiniOzoneClusterImpl-b8864bcf-37cc-42b5-82cc-559abfd78a8f/datanode-0/data/ratis] (custom)
2021-10-31 01:03:28,751 [omNode-3@group-523986131536-FollowerState] INFO  impl.FollowerState (FollowerState.java:run(134)) - omNode-3@group-523986131536-FollowerState: change to CANDIDATE, lastRpcElapsedTime:1170757761ns, electionTimeout:1159ms
2021-10-31 01:03:28,751 [omNode-3@group-523986131536-FollowerState] INFO  impl.RoleInfo (RoleInfo.java:shutdownFollowerState(108)) - omNode-3: shutdown omNode-3@group-523986131536-FollowerState
2021-10-31 01:03:28,751 [omNode-3@group-523986131536-FollowerState] INFO  server.RaftServer$Division (RaftServerImpl.java:setRole(290)) - omNode-3@group-523986131536: changes role from  FOLLOWER to CANDIDATE at term 0 for changeToCandidate
2021-10-31 01:03:28,751 [omNode-3@group-523986131536-FollowerState] INFO  server.RaftServerConfigKeys (ConfUtils.java:logGet(44)) - raft.server.leaderelection.pre-vote = false (custom)
2021-10-31 01:03:28,751 [omNode-3@group-523986131536-FollowerState] INFO  impl.RoleInfo (RoleInfo.java:updateAndGet(130)) - omNode-3: start omNode-3@group-523986131536-LeaderElection3
2021-10-31 01:03:28,775 [omNode-3@group-523986131536-LeaderElection3] INFO  impl.LeaderElection (LeaderElection.java:askForVotes(306)) - omNode-3@group-523986131536-LeaderElection3 ELECTION round 0: submit vote requests at term 1 for -1: [omNode-3|rpc:localhost:11932|priority:0, omNode-1|rpc:localhost:11920|priority:0, omNode-2|rpc:localhost:11926|priority:0], old=null
2021-10-31 01:03:28,958 [grpc-default-executor-0] INFO  server.RaftServer$Division (RaftServerImpl.java:requestVote(1046)) - omNode-3@group-523986131536: receive requestVote(ELECTION, omNode-1, group-523986131536, 1, (t:0, i:~))
2021-10-31 01:03:28,958 [grpc-default-executor-2] INFO  server.RaftServer$Division (RaftServerImpl.java:requestVote(1046)) - omNode-3@group-523986131536: receive requestVote(ELECTION, omNode-2, group-523986131536, 1, (t:0, i:~))
2021-10-31 01:03:28,959 [grpc-default-executor-1] INFO  server.RaftServer$Division (RaftServerImpl.java:requestVote(1046)) - omNode-2@group-523986131536: receive requestVote(ELECTION, omNode-1, group-523986131536, 1, (t:0, i:~))
2021-10-31 01:03:28,960 [grpc-default-executor-3] INFO  server.RaftServer$Division (RaftServerImpl.java:requestVote(1046)) - omNode-1@group-523986131536: receive requestVote(ELECTION, omNode-2, group-523986131536, 1, (t:0, i:~))
2021-10-31 01:03:28,960 [Listener at 127.0.0.1/11928] INFO  http.BaseHttpServer (BaseHttpServer.java:newHttpServer2BuilderForOzone(209)) - Starting Web-server for hddsDatanode at: http://0.0.0.0:0
2021-10-31 01:03:28,961 [Listener at 127.0.0.1/11928] INFO  http.BaseHttpServer (BaseHttpServer.java:<init>(107)) - Hadoop Security Enabled: false Ozone Security Enabled: false Ozone HTTP Security Enabled: false 
2021-10-31 01:03:28,960 [grpc-default-executor-0] INFO  impl.VoteContext (VoteContext.java:log(48)) - omNode-3@group-523986131536-CANDIDATE: reject ELECTION from omNode-1: already has voted for omNode-3 at current term 1
2021-10-31 01:03:28,964 [grpc-default-executor-4] INFO  server.RaftServer$Division (RaftServerImpl.java:requestVote(1046)) - omNode-1@group-523986131536: receive requestVote(ELECTION, omNode-3, group-523986131536, 1, (t:0, i:~))
2021-10-31 01:03:28,961 [grpc-default-executor-1] INFO  impl.VoteContext (VoteContext.java:log(48)) - omNode-2@group-523986131536-CANDIDATE: reject ELECTION from omNode-1: already has voted for omNode-2 at current term 1
2021-10-31 01:03:28,961 [grpc-default-executor-3] INFO  impl.VoteContext (VoteContext.java:log(48)) - omNode-1@group-523986131536-CANDIDATE: reject ELECTION from omNode-2: already has voted for omNode-1 at current term 1
2021-10-31 01:03:28,970 [grpc-default-executor-5] INFO  server.RaftServer$Division (RaftServerImpl.java:requestVote(1046)) - omNode-2@group-523986131536: receive requestVote(ELECTION, omNode-3, group-523986131536, 1, (t:0, i:~))
2021-10-31 01:03:28,973 [grpc-default-executor-1] INFO  server.RaftServer$Division (RaftServerImpl.java:requestVote(1078)) - omNode-2@group-523986131536 replies to ELECTION vote request: omNode-1<-omNode-2#0:FAIL-t1. Peer's state: omNode-2@group-523986131536:t1, leader=null, voted=omNode-2, raftlog=omNode-2@group-523986131536-SegmentedRaftLog:OPENED:c-1, conf=-1: [omNode-3|rpc:localhost:11932|priority:0, omNode-1|rpc:localhost:11920|priority:0, omNode-2|rpc:localhost:11926|priority:0], old=null
2021-10-31 01:03:28,974 [grpc-default-executor-5] INFO  impl.VoteContext (VoteContext.java:log(48)) - omNode-2@group-523986131536-CANDIDATE: reject ELECTION from omNode-3: already has voted for omNode-2 at current term 1
2021-10-31 01:03:28,974 [grpc-default-executor-5] INFO  server.RaftServer$Division (RaftServerImpl.java:requestVote(1078)) - omNode-2@group-523986131536 replies to ELECTION vote request: omNode-3<-omNode-2#0:FAIL-t1. Peer's state: omNode-2@group-523986131536:t1, leader=null, voted=omNode-2, raftlog=omNode-2@group-523986131536-SegmentedRaftLog:OPENED:c-1, conf=-1: [omNode-3|rpc:localhost:11932|priority:0, omNode-1|rpc:localhost:11920|priority:0, omNode-2|rpc:localhost:11926|priority:0], old=null
2021-10-31 01:03:28,973 [grpc-default-executor-3] INFO  server.RaftServer$Division (RaftServerImpl.java:requestVote(1078)) - omNode-1@group-523986131536 replies to ELECTION vote request: omNode-2<-omNode-1#0:FAIL-t1. Peer's state: omNode-1@group-523986131536:t1, leader=null, voted=omNode-1, raftlog=omNode-1@group-523986131536-SegmentedRaftLog:OPENED:c-1, conf=-1: [omNode-3|rpc:localhost:11932|priority:0, omNode-1|rpc:localhost:11920|priority:0, omNode-2|rpc:localhost:11926|priority:0], old=null
2021-10-31 01:03:28,973 [grpc-default-executor-0] INFO  server.RaftServer$Division (RaftServerImpl.java:requestVote(1078)) - omNode-3@group-523986131536 replies to ELECTION vote request: omNode-1<-omNode-3#0:FAIL-t1. Peer's state: omNode-3@group-523986131536:t1, leader=null, voted=omNode-3, raftlog=omNode-3@group-523986131536-SegmentedRaftLog:OPENED:c-1, conf=-1: [omNode-3|rpc:localhost:11932|priority:0, omNode-1|rpc:localhost:11920|priority:0, omNode-2|rpc:localhost:11926|priority:0], old=null
2021-10-31 01:03:28,982 [grpc-default-executor-4] INFO  impl.VoteContext (VoteContext.java:log(48)) - omNode-1@group-523986131536-CANDIDATE: reject ELECTION from omNode-3: already has voted for omNode-1 at current term 1
2021-10-31 01:03:28,983 [grpc-default-executor-4] INFO  server.RaftServer$Division (RaftServerImpl.java:requestVote(1078)) - omNode-1@group-523986131536 replies to ELECTION vote request: omNode-3<-omNode-1#0:FAIL-t1. Peer's state: omNode-1@group-523986131536:t1, leader=null, voted=omNode-1, raftlog=omNode-1@group-523986131536-SegmentedRaftLog:OPENED:c-1, conf=-1: [omNode-3|rpc:localhost:11932|priority:0, omNode-1|rpc:localhost:11920|priority:0, omNode-2|rpc:localhost:11926|priority:0], old=null
2021-10-31 01:03:28,976 [Listener at 127.0.0.1/11928] INFO  server.AuthenticationFilter (AuthenticationFilter.java:constructSecretProvider(240)) - Unable to initialize FileSignerSecretProvider, falling back to use random secrets.
2021-10-31 01:03:28,985 [grpc-default-executor-2] INFO  impl.VoteContext (VoteContext.java:log(48)) - omNode-3@group-523986131536-CANDIDATE: reject ELECTION from omNode-2: already has voted for omNode-3 at current term 1
2021-10-31 01:03:28,985 [grpc-default-executor-2] INFO  server.RaftServer$Division (RaftServerImpl.java:requestVote(1078)) - omNode-3@group-523986131536 replies to ELECTION vote request: omNode-2<-omNode-3#0:FAIL-t1. Peer's state: omNode-3@group-523986131536:t1, leader=null, voted=omNode-3, raftlog=omNode-3@group-523986131536-SegmentedRaftLog:OPENED:c-1, conf=-1: [omNode-3|rpc:localhost:11932|priority:0, omNode-1|rpc:localhost:11920|priority:0, omNode-2|rpc:localhost:11926|priority:0], old=null
2021-10-31 01:03:28,986 [Listener at 127.0.0.1/11928] WARN  http.HttpRequestLog (HttpRequestLog.java:getRequestLog(103)) - Jetty request log can only be enabled using Log4j
2021-10-31 01:03:28,987 [Listener at 127.0.0.1/11928] INFO  http.HttpServer2 (HttpServer2.java:addGlobalFilter(1030)) - Added global filter 'safety' (class=org.apache.hadoop.hdds.server.http.HttpServer2$QuotingInputFilter)
2021-10-31 01:03:28,988 [Listener at 127.0.0.1/11928] INFO  http.HttpServer2 (HttpServer2.java:addFilter(1006)) - Added filter static_user_filter (class=org.apache.hadoop.http.lib.StaticUserWebFilter$StaticUserFilter) to context hddsDatanode
2021-10-31 01:03:28,988 [Listener at 127.0.0.1/11928] INFO  http.HttpServer2 (HttpServer2.java:addFilter(1014)) - Added filter static_user_filter (class=org.apache.hadoop.http.lib.StaticUserWebFilter$StaticUserFilter) to context logs
2021-10-31 01:03:28,988 [Listener at 127.0.0.1/11928] INFO  http.HttpServer2 (HttpServer2.java:addFilter(1014)) - Added filter static_user_filter (class=org.apache.hadoop.http.lib.StaticUserWebFilter$StaticUserFilter) to context static
2021-10-31 01:03:28,989 [Listener at 127.0.0.1/11928] INFO  http.HttpServer2 (HttpServer2.java:bindListener(1249)) - Jetty bound to port 43743
2021-10-31 01:03:28,989 [Listener at 127.0.0.1/11928] INFO  server.Server (Server.java:doStart(375)) - jetty-9.4.43.v20210629; built: 2021-06-30T11:07:22.254Z; git: 526006ecfa3af7f1a27ef3a288e2bef7ea9dd7e8; jvm 1.8.0_292-b10
2021-10-31 01:03:28,998 [omNode-1@group-523986131536-LeaderElection1] INFO  impl.LeaderElection (LeaderElection.java:logAndReturn(89)) - omNode-1@group-523986131536-LeaderElection1: ELECTION TIMEOUT received 0 response(s) and 0 exception(s):
2021-10-31 01:03:29,006 [omNode-1@group-523986131536-LeaderElection1] INFO  impl.LeaderElection (LeaderElection.java:askForVotes(308)) - omNode-1@group-523986131536-LeaderElection1 ELECTION round 0: result TIMEOUT
2021-10-31 01:03:29,009 [omNode-1@group-523986131536-LeaderElection1] INFO  impl.LeaderElection (LeaderElection.java:askForVotes(306)) - omNode-1@group-523986131536-LeaderElection1 ELECTION round 1: submit vote requests at term 2 for -1: [omNode-3|rpc:localhost:11932|priority:0, omNode-1|rpc:localhost:11920|priority:0, omNode-2|rpc:localhost:11926|priority:0], old=null
2021-10-31 01:03:29,034 [Listener at 127.0.0.1/11928] INFO  server.session (DefaultSessionIdManager.java:doStart(334)) - DefaultSessionIdManager workerName=node0
2021-10-31 01:03:29,034 [Listener at 127.0.0.1/11928] INFO  server.session (DefaultSessionIdManager.java:doStart(339)) - No SessionScavenger set, using defaults
2021-10-31 01:03:29,035 [Listener at 127.0.0.1/11928] INFO  server.session (HouseKeeper.java:startScavenging(132)) - node0 Scavenging every 600000ms
2021-10-31 01:03:29,036 [Listener at 127.0.0.1/11928] INFO  handler.ContextHandler (ContextHandler.java:doStart(915)) - Started o.e.j.s.ServletContextHandler@2986db02{logs,/logs,file:///home/runner/work/ozone/ozone/hadoop-ozone/integration-test/target/log,AVAILABLE}
2021-10-31 01:03:29,036 [Listener at 127.0.0.1/11928] INFO  handler.ContextHandler (ContextHandler.java:doStart(915)) - Started o.e.j.s.ServletContextHandler@2375cb0e{static,/static,jar:file:/home/runner/.m2/repository/org/apache/ozone/hdds-container-service/1.2.0-SNAPSHOT/hdds-container-service-1.2.0-SNAPSHOT.jar!/webapps/static,AVAILABLE}
2021-10-31 01:03:29,040 [grpc-default-executor-4] INFO  server.RaftServer$Division (RaftServerImpl.java:requestVote(1046)) - omNode-2@group-523986131536: receive requestVote(ELECTION, omNode-1, group-523986131536, 2, (t:0, i:~))
2021-10-31 01:03:29,041 [grpc-default-executor-4] INFO  impl.VoteContext (VoteContext.java:log(48)) - omNode-2@group-523986131536-CANDIDATE: accept ELECTION from omNode-1: our priority 0 <= candidate's priority 0
2021-10-31 01:03:29,043 [grpc-default-executor-4] INFO  server.RaftServer$Division (RaftServerImpl.java:setRole(290)) - omNode-2@group-523986131536: changes role from CANDIDATE to FOLLOWER at term 2 for candidate:omNode-1
2021-10-31 01:03:29,043 [grpc-default-executor-4] INFO  impl.RoleInfo (RoleInfo.java:shutdownLeaderElection(121)) - omNode-2: shutdown omNode-2@group-523986131536-LeaderElection2
2021-10-31 01:03:29,044 [grpc-default-executor-4] INFO  impl.RoleInfo (RoleInfo.java:updateAndGet(130)) - omNode-2: start omNode-2@group-523986131536-FollowerState
2021-10-31 01:03:29,055 [grpc-default-executor-4] INFO  server.RaftServer$Division (RaftServerImpl.java:requestVote(1078)) - omNode-2@group-523986131536 replies to ELECTION vote request: omNode-1<-omNode-2#0:OK-t2. Peer's state: omNode-2@group-523986131536:t2, leader=null, voted=omNode-1, raftlog=omNode-2@group-523986131536-SegmentedRaftLog:OPENED:c-1, conf=-1: [omNode-3|rpc:localhost:11932|priority:0, omNode-1|rpc:localhost:11920|priority:0, omNode-2|rpc:localhost:11926|priority:0], old=null
2021-10-31 01:03:29,063 [omNode-1@group-523986131536-LeaderElection1] INFO  impl.LeaderElection (LeaderElection.java:logAndReturn(89)) - omNode-1@group-523986131536-LeaderElection1: ELECTION PASSED received 1 response(s) and 0 exception(s):
2021-10-31 01:03:29,063 [omNode-1@group-523986131536-LeaderElection1] INFO  impl.LeaderElection (LeaderElection.java:logAndReturn(93)) -   Response 0: omNode-1<-omNode-2#0:OK-t2
2021-10-31 01:03:29,063 [omNode-1@group-523986131536-LeaderElection1] INFO  impl.LeaderElection (LeaderElection.java:askForVotes(308)) - omNode-1@group-523986131536-LeaderElection1 ELECTION round 1: result PASSED
2021-10-31 01:03:29,063 [omNode-1@group-523986131536-LeaderElection1] INFO  impl.RoleInfo (RoleInfo.java:shutdownLeaderElection(121)) - omNode-1: shutdown omNode-1@group-523986131536-LeaderElection1
2021-10-31 01:03:29,063 [omNode-1@group-523986131536-LeaderElection1] INFO  server.RaftServer$Division (RaftServerImpl.java:setRole(290)) - omNode-1@group-523986131536: changes role from CANDIDATE to LEADER at term 2 for changeToLeader
2021-10-31 01:03:29,063 [omNode-1@group-523986131536-LeaderElection1] INFO  server.RaftServer$Division (ServerState.java:setLeader(285)) - omNode-1@group-523986131536: change Leader from null to omNode-1 at term 2 for becomeLeader, leader elected after 2451ms
2021-10-31 01:03:29,077 [omNode-1@group-523986131536-LeaderElection1] INFO  server.RaftServerConfigKeys (ConfUtils.java:logGet(44)) - raft.server.staging.catchup.gap = 1000 (default)
2021-10-31 01:03:29,077 [omNode-2@group-523986131536-LeaderElection2] INFO  impl.LeaderElection (LeaderElection.java:logAndReturn(89)) - omNode-2@group-523986131536-LeaderElection2: ELECTION REJECTED received 1 response(s) and 0 exception(s):
2021-10-31 01:03:29,077 [omNode-2@group-523986131536-LeaderElection2] INFO  impl.LeaderElection (LeaderElection.java:logAndReturn(93)) -   Response 0: omNode-2<-omNode-3#0:FAIL-t1
2021-10-31 01:03:29,077 [omNode-2@group-523986131536-LeaderElection2] INFO  impl.LeaderElection (LeaderElection.java:askForVotes(308)) - omNode-2@group-523986131536-LeaderElection2 ELECTION round 0: result REJECTED
2021-10-31 01:03:29,078 [omNode-3@group-523986131536-LeaderElection3] INFO  impl.LeaderElection (LeaderElection.java:logAndReturn(89)) - omNode-3@group-523986131536-LeaderElection3: ELECTION REJECTED received 2 response(s) and 0 exception(s):
2021-10-31 01:03:29,078 [omNode-3@group-523986131536-LeaderElection3] INFO  impl.LeaderElection (LeaderElection.java:logAndReturn(93)) -   Response 0: omNode-3<-omNode-1#0:FAIL-t1
2021-10-31 01:03:29,078 [omNode-3@group-523986131536-LeaderElection3] INFO  impl.LeaderElection (LeaderElection.java:logAndReturn(93)) -   Response 1: omNode-3<-omNode-2#0:FAIL-t1
2021-10-31 01:03:29,078 [omNode-3@group-523986131536-LeaderElection3] INFO  impl.LeaderElection (LeaderElection.java:askForVotes(308)) - omNode-3@group-523986131536-LeaderElection3 ELECTION round 0: result REJECTED
2021-10-31 01:03:29,078 [omNode-3@group-523986131536-LeaderElection3] INFO  server.RaftServer$Division (RaftServerImpl.java:setRole(290)) - omNode-3@group-523986131536: changes role from CANDIDATE to FOLLOWER at term 1 for REJECTED
2021-10-31 01:03:29,078 [omNode-3@group-523986131536-LeaderElection3] INFO  impl.RoleInfo (RoleInfo.java:shutdownLeaderElection(121)) - omNode-3: shutdown omNode-3@group-523986131536-LeaderElection3
2021-10-31 01:03:29,078 [omNode-3@group-523986131536-LeaderElection3] INFO  impl.RoleInfo (RoleInfo.java:updateAndGet(130)) - omNode-3: start omNode-3@group-523986131536-FollowerState
2021-10-31 01:03:29,079 [grpc-default-executor-1] INFO  server.RaftServer$Division (RaftServerImpl.java:requestVote(1046)) - omNode-3@group-523986131536: receive requestVote(ELECTION, omNode-1, group-523986131536, 2, (t:0, i:~))
2021-10-31 01:03:29,083 [grpc-default-executor-1] INFO  impl.VoteContext (VoteContext.java:log(48)) - omNode-3@group-523986131536-FOLLOWER: accept ELECTION from omNode-1: our priority 0 <= candidate's priority 0
2021-10-31 01:03:29,084 [grpc-default-executor-1] INFO  server.RaftServer$Division (RaftServerImpl.java:setRole(290)) - omNode-3@group-523986131536: changes role from  FOLLOWER to FOLLOWER at term 2 for candidate:omNode-1
2021-10-31 01:03:29,084 [grpc-default-executor-1] INFO  impl.RoleInfo (RoleInfo.java:shutdownFollowerState(108)) - omNode-3: shutdown omNode-3@group-523986131536-FollowerState
2021-10-31 01:03:29,084 [grpc-default-executor-1] INFO  impl.RoleInfo (RoleInfo.java:updateAndGet(130)) - omNode-3: start omNode-3@group-523986131536-FollowerState
2021-10-31 01:03:29,087 [grpc-default-executor-1] INFO  server.RaftServer$Division (RaftServerImpl.java:requestVote(1078)) - omNode-3@group-523986131536 replies to ELECTION vote request: omNode-1<-omNode-3#0:OK-t2. Peer's state: omNode-3@group-523986131536:t2, leader=null, voted=omNode-1, raftlog=omNode-3@group-523986131536-SegmentedRaftLog:OPENED:c-1, conf=-1: [omNode-3|rpc:localhost:11932|priority:0, omNode-1|rpc:localhost:11920|priority:0, omNode-2|rpc:localhost:11926|priority:0], old=null
2021-10-31 01:03:29,090 [omNode-1@group-523986131536-LeaderElection1] INFO  server.RaftServerConfigKeys (ConfUtils.java:logGet(44)) - raft.server.write.element-limit = 4096 (default)
2021-10-31 01:03:29,098 [omNode-1@group-523986131536-LeaderElection1] INFO  server.RaftServerConfigKeys (ConfUtils.java:logGet(44)) - raft.server.write.byte-limit = 64MB (=67108864) (default)
2021-10-31 01:03:29,106 [omNode-1@group-523986131536-LeaderElection1] INFO  server.RaftServerConfigKeys (ConfUtils.java:logGet(44)) - raft.server.watch.timeout = 10s (default)
2021-10-31 01:03:29,114 [omNode-1@group-523986131536-LeaderElection1] INFO  server.RaftServerConfigKeys (ConfUtils.java:logGet(44)) - raft.server.watch.timeout.denomination = 1s (default)
2021-10-31 01:03:29,115 [omNode-1@group-523986131536-LeaderElection1] INFO  server.RaftServerConfigKeys (ConfUtils.java:logGet(44)) - raft.server.watch.element-limit = 65536 (default)
2021-10-31 01:03:29,119 [omNode-1@group-523986131536-LeaderElection1] INFO  server.RaftServerConfigKeys (ConfUtils.java:logGet(44)) - raft.server.write.element-limit = 4096 (default)
2021-10-31 01:03:29,122 [omNode-1@group-523986131536-LeaderElection1] INFO  server.RaftServerConfigKeys (ConfUtils.java:logGet(44)) - raft.server.write.follower.gap.ratio.max = -1.0 (default)
2021-10-31 01:03:29,130 [Listener at 127.0.0.1/11928] INFO  handler.ContextHandler (ContextHandler.java:doStart(915)) - Started o.e.j.w.WebAppContext@532a48d4{hddsDatanode,/,file:///tmp/jetty-0_0_0_0-43743-hdds-container-service-1_2_0-SNAPSHOT_jar-_-any-5779968631294926233/webapp/,AVAILABLE}{jar:file:/home/runner/.m2/repository/org/apache/ozone/hdds-container-service/1.2.0-SNAPSHOT/hdds-container-service-1.2.0-SNAPSHOT.jar!/webapps/hddsDatanode}
2021-10-31 01:03:29,133 [Listener at 127.0.0.1/11928] INFO  server.AbstractConnector (AbstractConnector.java:doStart(331)) - Started ServerConnector@55c9400d{HTTP/1.1, (http/1.1)}{0.0.0.0:43743}
2021-10-31 01:03:29,133 [Listener at 127.0.0.1/11928] INFO  server.Server (Server.java:doStart(415)) - Started @9066ms
2021-10-31 01:03:29,133 [Listener at 127.0.0.1/11928] WARN  impl.MetricsSystemImpl (MetricsSystemImpl.java:register(279)) - Sink prometheus already exists!
2021-10-31 01:03:29,138 [Listener at 127.0.0.1/11928] INFO  http.BaseHttpServer (BaseHttpServer.java:updateConnectorAddress(329)) - HTTP server of hddsDatanode listening at http://0.0.0.0:43743
2021-10-31 01:03:29,139 [Listener at 127.0.0.1/11928] WARN  impl.MetricRegistriesImpl (MetricRegistriesImpl.java:addReporterRegistration(111)) - New reporters are added after registries were created. Some metrics will be missing from the reporter. Please add reporter before adding any new registry.
2021-10-31 01:03:29,140 [Listener at 127.0.0.1/11928] WARN  impl.MetricRegistriesImpl (MetricRegistriesImpl.java:addReporterRegistration(111)) - New reporters are added after registries were created. Some metrics will be missing from the reporter. Please add reporter before adding any new registry.
2021-10-31 01:03:29,140 [omNode-1@group-523986131536-LeaderElection1] INFO  server.RaftServerConfigKeys (ConfUtils.java:logGet(44)) - raft.server.log.appender.snapshot.chunk.size.max = 16MB (=16777216) (default)
2021-10-31 01:03:29,140 [Listener at 127.0.0.1/11928] INFO  impl.MetricsSystemImpl (MetricsSystemImpl.java:init(158)) - HddsDatanode metrics system started (again)
2021-10-31 01:03:29,140 [omNode-1@group-523986131536-LeaderElection1] INFO  server.RaftServerConfigKeys (ConfUtils.java:logGet(44)) - raft.server.log.appender.buffer.byte-limit = 33554432 (custom)
2021-10-31 01:03:29,140 [omNode-1@group-523986131536-LeaderElection1] INFO  server.RaftServerConfigKeys (ConfUtils.java:logGet(44)) - raft.server.log.appender.buffer.element-limit = 1024 (custom)
2021-10-31 01:03:29,149 [Datanode State Machine Daemon Thread] INFO  statemachine.DatanodeStateMachine (DatanodeStateMachine.java:lambda$startDaemon$0(467)) - Ozone container server started.
2021-10-31 01:03:29,157 [omNode-1@group-523986131536-LeaderElection1] INFO  grpc.GrpcConfigKeys (ConfUtils.java:logGet(44)) - raft.grpc.server.leader.outstanding.appends.max = 128 (default)
2021-10-31 01:03:29,160 [org.apache.hadoop.util.JvmPauseMonitor$Monitor@71258132] INFO  util.JvmPauseMonitor (JvmPauseMonitor.java:run(188)) - Starting JVM pause monitor
2021-10-31 01:03:29,161 [omNode-1@group-523986131536-LeaderElection1] INFO  server.RaftServerConfigKeys (ConfUtils.java:logGet(44)) - raft.server.rpc.request.timeout = 3000ms (default)
2021-10-31 01:03:29,162 [omNode-1@group-523986131536-LeaderElection1] INFO  server.RaftServerConfigKeys (ConfUtils.java:logGet(44)) - raft.server.log.appender.install.snapshot.enabled = false (custom)
2021-10-31 01:03:29,165 [Listener at 127.0.0.1/11928] INFO  ozone.HddsDatanodeService (HddsDatanodeService.java:start(234)) - HddsDatanodeService host:fv-az50-512.grzltbmokehuzjyc5b133kdqgh.cx.internal.cloudapp.net ip:10.1.0.98
2021-10-31 01:03:29,178 [omNode-1@group-523986131536-LeaderElection1] INFO  server.RaftServerConfigKeys (ConfUtils.java:logGet(44)) - raft.server.log.appender.snapshot.chunk.size.max = 16MB (=16777216) (default)
2021-10-31 01:03:29,178 [omNode-1@group-523986131536-LeaderElection1] INFO  server.RaftServerConfigKeys (ConfUtils.java:logGet(44)) - raft.server.log.appender.buffer.byte-limit = 33554432 (custom)
2021-10-31 01:03:29,178 [omNode-1@group-523986131536-LeaderElection1] INFO  server.RaftServerConfigKeys (ConfUtils.java:logGet(44)) - raft.server.log.appender.buffer.element-limit = 1024 (custom)
2021-10-31 01:03:29,179 [omNode-1@group-523986131536-LeaderElection1] INFO  grpc.GrpcConfigKeys (ConfUtils.java:logGet(44)) - raft.grpc.server.leader.outstanding.appends.max = 128 (default)
2021-10-31 01:03:29,179 [omNode-1@group-523986131536-LeaderElection1] INFO  server.RaftServerConfigKeys (ConfUtils.java:logGet(44)) - raft.server.rpc.request.timeout = 3000ms (default)
2021-10-31 01:03:29,179 [omNode-1@group-523986131536-LeaderElection1] INFO  server.RaftServerConfigKeys (ConfUtils.java:logGet(44)) - raft.server.log.appender.install.snapshot.enabled = false (custom)
2021-10-31 01:03:29,182 [omNode-1@group-523986131536-LeaderElection1] INFO  impl.RoleInfo (RoleInfo.java:updateAndGet(130)) - omNode-1: start omNode-1@group-523986131536-LeaderStateImpl
2021-10-31 01:03:29,213 [Listener at 127.0.0.1/11928] INFO  upgrade.AbstractLayoutVersionManager (AbstractLayoutVersionManager.java:init(79)) - Initializing Layout version manager with metadata layout = SCM_HA (version = 2), software layout = SCM_HA (version = 2)
2021-10-31 01:03:29,257 [omNode-1@group-523986131536-LeaderElection1] INFO  segmented.SegmentedRaftLogWorker (SegmentedRaftLogWorker.java:startLogSegment(394)) - omNode-1@group-523986131536-SegmentedRaftLogWorker: Starting segment from index:0
2021-10-31 01:03:29,362 [Listener at 127.0.0.1/11928] INFO  reflections.Reflections (Reflections.java:scan(232)) - Reflections took 144 ms to scan 7 urls, producing 119 keys and 279 values 
2021-10-31 01:03:29,371 [Listener at 127.0.0.1/11928] INFO  statemachine.DatanodeStateMachine (DatanodeStateMachine.java:getEndPointTaskThreadPoolSize(219)) - Datanode State Machine Task Thread Pool size 2
2021-10-31 01:03:29,372 [Listener at 127.0.0.1/11928] INFO  volume.HddsVolume (HddsVolume.java:<init>(120)) - Creating HddsVolume: /home/runner/work/ozone/ozone/hadoop-ozone/integration-test/target/test-dir/MiniOzoneClusterImpl-b8864bcf-37cc-42b5-82cc-559abfd78a8f/datanode-1/data-0/containers/hdds of storage type : DISK capacity : 9223372036854775807
2021-10-31 01:03:29,373 [Listener at 127.0.0.1/11928] INFO  volume.MutableVolumeSet (MutableVolumeSet.java:initializeVolumeSet(168)) - Added Volume : /home/runner/work/ozone/ozone/hadoop-ozone/integration-test/target/test-dir/MiniOzoneClusterImpl-b8864bcf-37cc-42b5-82cc-559abfd78a8f/datanode-1/data-0/containers/hdds to VolumeSet
2021-10-31 01:03:29,373 [Listener at 127.0.0.1/11928] INFO  volume.ThrottledAsyncChecker (ThrottledAsyncChecker.java:schedule(141)) - Scheduling a check for /home/runner/work/ozone/ozone/hadoop-ozone/integration-test/target/test-dir/MiniOzoneClusterImpl-b8864bcf-37cc-42b5-82cc-559abfd78a8f/datanode-1/data-0/containers/hdds
2021-10-31 01:03:29,374 [Listener at 127.0.0.1/11928] INFO  volume.StorageVolumeChecker (StorageVolumeChecker.java:checkAllVolumes(202)) - Scheduled health check for volume /home/runner/work/ozone/ozone/hadoop-ozone/integration-test/target/test-dir/MiniOzoneClusterImpl-b8864bcf-37cc-42b5-82cc-559abfd78a8f/datanode-1/data-0/containers/hdds
2021-10-31 01:03:29,424 [omNode-1@group-523986131536-LeaderElection1] INFO  server.RaftServer$Division (ServerState.java:setRaftConf(387)) - omNode-1@group-523986131536: set configuration 0: [omNode-3|rpc:localhost:11932|admin:|client:|dataStream:|priority:0, omNode-1|rpc:localhost:11920|admin:|client:|dataStream:|priority:0, omNode-2|rpc:localhost:11926|admin:|client:|dataStream:|priority:0], old=null
2021-10-31 01:03:29,437 [Listener at 127.0.0.1/11928] INFO  volume.MutableVolumeSet (MutableVolumeSet.java:initializeVolumeSet(168)) - Added Volume : /home/runner/work/ozone/ozone/hadoop-ozone/integration-test/target/test-dir/MiniOzoneClusterImpl-b8864bcf-37cc-42b5-82cc-559abfd78a8f/datanode-1/data/ratis to VolumeSet
2021-10-31 01:03:29,459 [Listener at 127.0.0.1/11928] INFO  volume.ThrottledAsyncChecker (ThrottledAsyncChecker.java:schedule(141)) - Scheduling a check for /home/runner/work/ozone/ozone/hadoop-ozone/integration-test/target/test-dir/MiniOzoneClusterImpl-b8864bcf-37cc-42b5-82cc-559abfd78a8f/datanode-1/data/ratis
2021-10-31 01:03:29,459 [Listener at 127.0.0.1/11928] INFO  volume.StorageVolumeChecker (StorageVolumeChecker.java:checkAllVolumes(202)) - Scheduled health check for volume /home/runner/work/ozone/ozone/hadoop-ozone/integration-test/target/test-dir/MiniOzoneClusterImpl-b8864bcf-37cc-42b5-82cc-559abfd78a8f/datanode-1/data/ratis
2021-10-31 01:03:29,493 [grpc-default-executor-4] INFO  server.RaftServer$Division (ServerState.java:setLeader(285)) - omNode-3@group-523986131536: change Leader from null to omNode-1 at term 2 for appendEntries, leader elected after 1937ms
2021-10-31 01:03:29,501 [Datanode State Machine Task Thread - 0] INFO  datanode.InitDatanodeState (InitDatanodeState.java:persistContainerDatanodeDetails(145)) - DatanodeDetails is persisted to /home/runner/work/ozone/ozone/hadoop-ozone/integration-test/target/test-dir/MiniOzoneClusterImpl-b8864bcf-37cc-42b5-82cc-559abfd78a8f/datanode-0/meta/datanode.id
2021-10-31 01:03:29,513 [grpc-default-executor-1] INFO  server.RaftServer$Division (ServerState.java:setLeader(285)) - omNode-2@group-523986131536: change Leader from null to omNode-1 at term 2 for appendEntries, leader elected after 2345ms
2021-10-31 01:03:29,516 [grpc-default-executor-4] INFO  server.RaftServer$Division (ServerState.java:setRaftConf(387)) - omNode-3@group-523986131536: set configuration 0: [omNode-3|rpc:localhost:11932|admin:|client:|dataStream:|priority:0, omNode-1|rpc:localhost:11920|admin:|client:|dataStream:|priority:0, omNode-2|rpc:localhost:11926|admin:|client:|dataStream:|priority:0], old=null
2021-10-31 01:03:29,517 [grpc-default-executor-4] INFO  segmented.SegmentedRaftLogWorker (SegmentedRaftLogWorker.java:startLogSegment(394)) - omNode-3@group-523986131536-SegmentedRaftLogWorker: Starting segment from index:0
2021-10-31 01:03:29,537 [Thread-246] INFO  ozoneimpl.ContainerReader (ContainerReader.java:readVolume(172)) - Finish verifying containers on volume /home/runner/work/ozone/ozone/hadoop-ozone/integration-test/target/test-dir/MiniOzoneClusterImpl-b8864bcf-37cc-42b5-82cc-559abfd78a8f/datanode-1/data-0/containers/hdds
2021-10-31 01:03:29,540 [Listener at 127.0.0.1/11928] INFO  ozoneimpl.OzoneContainer (OzoneContainer.java:buildContainerSet(236)) - Build ContainerSet costs 0s
2021-10-31 01:03:29,544 [Listener at 127.0.0.1/11928] INFO  server.RaftServer (ConfUtils.java:logGet(44)) - raft.rpc.type = GRPC (default)
2021-10-31 01:03:29,552 [Listener at 127.0.0.1/11928] INFO  grpc.GrpcFactory (GrpcFactory.java:checkPooledByteBufAllocatorUseCacheForAllThreads(48)) - PERFORMANCE WARNING: useCacheForAllThreads is true that may cause Netty to create a lot garbage objects and, as a result, trigger GC.
	It is recommended to disable useCacheForAllThreads by setting -Dorg.apache.ratis.thirdparty.io.netty.allocator.useCacheForAllThreads=false in command line.
2021-10-31 01:03:29,552 [Listener at 127.0.0.1/11928] INFO  grpc.GrpcConfigKeys (ConfUtils.java:logGet(44)) - raft.grpc.admin.port = 0 (custom)
2021-10-31 01:03:29,553 [Listener at 127.0.0.1/11928] INFO  grpc.GrpcConfigKeys (ConfUtils.java:logGet(44)) - raft.grpc.client.port = 0 (custom)
2021-10-31 01:03:29,553 [Listener at 127.0.0.1/11928] INFO  grpc.GrpcConfigKeys (ConfUtils.java:logGet(44)) - raft.grpc.server.port = 0 (default)
2021-10-31 01:03:29,553 [Listener at 127.0.0.1/11928] INFO  server.GrpcService (ConfUtils.java:logGet(44)) - raft.grpc.message.size.max = 32MB (=33554432) (custom)
2021-10-31 01:03:29,553 [Listener at 127.0.0.1/11928] INFO  server.RaftServerConfigKeys (ConfUtils.java:logGet(44)) - raft.server.log.appender.buffer.byte-limit = 33554432 (custom)
2021-10-31 01:03:29,554 [grpc-default-executor-4] INFO  server.RaftServer$Division (ServerState.java:setRaftConf(387)) - omNode-2@group-523986131536: set configuration 0: [omNode-3|rpc:localhost:11932|admin:|client:|dataStream:|priority:0, omNode-1|rpc:localhost:11920|admin:|client:|dataStream:|priority:0, omNode-2|rpc:localhost:11926|admin:|client:|dataStream:|priority:0], old=null
2021-10-31 01:03:29,558 [grpc-default-executor-4] INFO  segmented.SegmentedRaftLogWorker (SegmentedRaftLogWorker.java:startLogSegment(394)) - omNode-2@group-523986131536-SegmentedRaftLogWorker: Starting segment from index:0
2021-10-31 01:03:29,559 [Listener at 127.0.0.1/11928] INFO  server.GrpcService (ConfUtils.java:logGet(44)) - raft.grpc.flow.control.window = 5MB (=5242880) (custom)
2021-10-31 01:03:29,559 [Listener at 127.0.0.1/11928] INFO  server.RaftServerConfigKeys (ConfUtils.java:logGet(44)) - raft.server.rpc.request.timeout = 60s (custom)
2021-10-31 01:03:29,565 [Listener at 127.0.0.1/11928] INFO  impl.DataStreamServerImpl (ConfUtils.java:logGet(44)) - raft.datastream.type = DISABLED (default)
2021-10-31 01:03:29,566 [Listener at 127.0.0.1/11928] INFO  server.RaftServerConfigKeys (ConfUtils.java:logGet(44)) - raft.server.rpc.slowness.timeout = 300s (custom)
2021-10-31 01:03:29,566 [Listener at 127.0.0.1/11928] INFO  server.RaftServerConfigKeys (ConfUtils.java:logGet(44)) - raft.server.leaderelection.leader.step-down.wait-time = 10s (default)
2021-10-31 01:03:29,566 [Listener at 127.0.0.1/11928] INFO  server.RaftServerConfigKeys (ConfUtils.java:logGet(44)) - raft.server.storage.dir = [/home/runner/work/ozone/ozone/hadoop-ozone/integration-test/target/test-dir/MiniOzoneClusterImpl-b8864bcf-37cc-42b5-82cc-559abfd78a8f/datanode-1/data/ratis] (custom)
2021-10-31 01:03:29,574 [Listener at 127.0.0.1/11928] INFO  http.BaseHttpServer (BaseHttpServer.java:newHttpServer2BuilderForOzone(209)) - Starting Web-server for hddsDatanode at: http://0.0.0.0:0
2021-10-31 01:03:29,574 [Listener at 127.0.0.1/11928] INFO  http.BaseHttpServer (BaseHttpServer.java:<init>(107)) - Hadoop Security Enabled: false Ozone Security Enabled: false Ozone HTTP Security Enabled: false 
2021-10-31 01:03:29,576 [Listener at 127.0.0.1/11928] INFO  server.AuthenticationFilter (AuthenticationFilter.java:constructSecretProvider(240)) - Unable to initialize FileSignerSecretProvider, falling back to use random secrets.
2021-10-31 01:03:29,579 [Listener at 127.0.0.1/11928] WARN  http.HttpRequestLog (HttpRequestLog.java:getRequestLog(103)) - Jetty request log can only be enabled using Log4j
2021-10-31 01:03:29,581 [Listener at 127.0.0.1/11928] INFO  http.HttpServer2 (HttpServer2.java:addGlobalFilter(1030)) - Added global filter 'safety' (class=org.apache.hadoop.hdds.server.http.HttpServer2$QuotingInputFilter)
2021-10-31 01:03:29,587 [omNode-3@group-523986131536-SegmentedRaftLogWorker] INFO  segmented.SegmentedRaftLogWorker (SegmentedRaftLogWorker.java:execute(601)) - omNode-3@group-523986131536-SegmentedRaftLogWorker: created new log segment /home/runner/work/ozone/ozone/hadoop-ozone/integration-test/target/test-dir/MiniOzoneClusterImpl-b8864bcf-37cc-42b5-82cc-559abfd78a8f/omNode-3/ratis/c9bc4cf4-3bc3-3c60-a66b-523986131536/current/log_inprogress_0
2021-10-31 01:03:29,589 [omNode-1@group-523986131536-SegmentedRaftLogWorker] INFO  segmented.SegmentedRaftLogWorker (SegmentedRaftLogWorker.java:execute(601)) - omNode-1@group-523986131536-SegmentedRaftLogWorker: created new log segment /home/runner/work/ozone/ozone/hadoop-ozone/integration-test/target/test-dir/MiniOzoneClusterImpl-b8864bcf-37cc-42b5-82cc-559abfd78a8f/omNode-1/ratis/c9bc4cf4-3bc3-3c60-a66b-523986131536/current/log_inprogress_0
2021-10-31 01:03:29,590 [Listener at 127.0.0.1/11928] INFO  http.HttpServer2 (HttpServer2.java:addFilter(1006)) - Added filter static_user_filter (class=org.apache.hadoop.http.lib.StaticUserWebFilter$StaticUserFilter) to context hddsDatanode
2021-10-31 01:03:29,590 [Listener at 127.0.0.1/11928] INFO  http.HttpServer2 (HttpServer2.java:addFilter(1014)) - Added filter static_user_filter (class=org.apache.hadoop.http.lib.StaticUserWebFilter$StaticUserFilter) to context logs
2021-10-31 01:03:29,590 [Listener at 127.0.0.1/11928] INFO  http.HttpServer2 (HttpServer2.java:addFilter(1014)) - Added filter static_user_filter (class=org.apache.hadoop.http.lib.StaticUserWebFilter$StaticUserFilter) to context static
2021-10-31 01:03:29,591 [Listener at 127.0.0.1/11928] INFO  http.HttpServer2 (HttpServer2.java:bindListener(1249)) - Jetty bound to port 45565
2021-10-31 01:03:29,596 [Listener at 127.0.0.1/11928] INFO  server.Server (Server.java:doStart(375)) - jetty-9.4.43.v20210629; built: 2021-06-30T11:07:22.254Z; git: 526006ecfa3af7f1a27ef3a288e2bef7ea9dd7e8; jvm 1.8.0_292-b10
2021-10-31 01:03:29,608 [Listener at 127.0.0.1/11928] INFO  server.session (DefaultSessionIdManager.java:doStart(334)) - DefaultSessionIdManager workerName=node0
2021-10-31 01:03:29,608 [Listener at 127.0.0.1/11928] INFO  server.session (DefaultSessionIdManager.java:doStart(339)) - No SessionScavenger set, using defaults
2021-10-31 01:03:29,609 [Listener at 127.0.0.1/11928] INFO  server.session (HouseKeeper.java:startScavenging(132)) - node0 Scavenging every 660000ms
2021-10-31 01:03:29,610 [Listener at 127.0.0.1/11928] INFO  handler.ContextHandler (ContextHandler.java:doStart(915)) - Started o.e.j.s.ServletContextHandler@56cee7f6{logs,/logs,file:///home/runner/work/ozone/ozone/hadoop-ozone/integration-test/target/log,AVAILABLE}
2021-10-31 01:03:29,611 [Listener at 127.0.0.1/11928] INFO  handler.ContextHandler (ContextHandler.java:doStart(915)) - Started o.e.j.s.ServletContextHandler@582a24c3{static,/static,jar:file:/home/runner/.m2/repository/org/apache/ozone/hdds-container-service/1.2.0-SNAPSHOT/hdds-container-service-1.2.0-SNAPSHOT.jar!/webapps/static,AVAILABLE}
2021-10-31 01:03:29,631 [omNode-2@group-523986131536-SegmentedRaftLogWorker] INFO  segmented.SegmentedRaftLogWorker (SegmentedRaftLogWorker.java:execute(601)) - omNode-2@group-523986131536-SegmentedRaftLogWorker: created new log segment /home/runner/work/ozone/ozone/hadoop-ozone/integration-test/target/test-dir/MiniOzoneClusterImpl-b8864bcf-37cc-42b5-82cc-559abfd78a8f/omNode-2/ratis/c9bc4cf4-3bc3-3c60-a66b-523986131536/current/log_inprogress_0
2021-10-31 01:03:29,661 [Listener at 127.0.0.1/11928] INFO  handler.ContextHandler (ContextHandler.java:doStart(915)) - Started o.e.j.w.WebAppContext@25014710{hddsDatanode,/,file:///tmp/jetty-0_0_0_0-45565-hdds-container-service-1_2_0-SNAPSHOT_jar-_-any-3961305699416027554/webapp/,AVAILABLE}{jar:file:/home/runner/.m2/repository/org/apache/ozone/hdds-container-service/1.2.0-SNAPSHOT/hdds-container-service-1.2.0-SNAPSHOT.jar!/webapps/hddsDatanode}
2021-10-31 01:03:29,662 [Listener at 127.0.0.1/11928] INFO  server.AbstractConnector (AbstractConnector.java:doStart(331)) - Started ServerConnector@a91212e{HTTP/1.1, (http/1.1)}{0.0.0.0:45565}
2021-10-31 01:03:29,662 [Listener at 127.0.0.1/11928] INFO  server.Server (Server.java:doStart(415)) - Started @9596ms
2021-10-31 01:03:29,662 [Listener at 127.0.0.1/11928] WARN  impl.MetricsSystemImpl (MetricsSystemImpl.java:register(279)) - Sink prometheus already exists!
2021-10-31 01:03:29,663 [Listener at 127.0.0.1/11928] INFO  http.BaseHttpServer (BaseHttpServer.java:updateConnectorAddress(329)) - HTTP server of hddsDatanode listening at http://0.0.0.0:45565
2021-10-31 01:03:29,677 [Datanode State Machine Daemon Thread] INFO  statemachine.DatanodeStateMachine (DatanodeStateMachine.java:lambda$startDaemon$0(467)) - Ozone container server started.
2021-10-31 01:03:29,678 [Listener at 127.0.0.1/11928] WARN  impl.MetricRegistriesImpl (MetricRegistriesImpl.java:addReporterRegistration(111)) - New reporters are added after registries were created. Some metrics will be missing from the reporter. Please add reporter before adding any new registry.
2021-10-31 01:03:29,682 [Listener at 127.0.0.1/11928] WARN  impl.MetricRegistriesImpl (MetricRegistriesImpl.java:addReporterRegistration(111)) - New reporters are added after registries were created. Some metrics will be missing from the reporter. Please add reporter before adding any new registry.
2021-10-31 01:03:29,682 [Listener at 127.0.0.1/11928] INFO  impl.MetricsSystemImpl (MetricsSystemImpl.java:init(158)) - HddsDatanode metrics system started (again)
2021-10-31 01:03:29,691 [org.apache.hadoop.util.JvmPauseMonitor$Monitor@358f32] INFO  util.JvmPauseMonitor (JvmPauseMonitor.java:run(188)) - Starting JVM pause monitor
2021-10-31 01:03:29,712 [Datanode State Machine Task Thread - 0] INFO  datanode.InitDatanodeState (InitDatanodeState.java:persistContainerDatanodeDetails(145)) - DatanodeDetails is persisted to /home/runner/work/ozone/ozone/hadoop-ozone/integration-test/target/test-dir/MiniOzoneClusterImpl-b8864bcf-37cc-42b5-82cc-559abfd78a8f/datanode-1/meta/datanode.id
2021-10-31 01:03:29,716 [Listener at 127.0.0.1/11928] INFO  ozone.HddsDatanodeService (HddsDatanodeService.java:start(234)) - HddsDatanodeService host:fv-az50-512.grzltbmokehuzjyc5b133kdqgh.cx.internal.cloudapp.net ip:10.1.0.98
2021-10-31 01:03:29,747 [omNode-1@group-523986131536-StateMachineUpdater] INFO  ratis.OzoneManagerStateMachine (OzoneManagerStateMachine.java:notifyConfigurationChanged(188)) - Received Configuration change notification from Ratis. New Peer list:
[id: "omNode-3"
address: "localhost:11932"
, id: "omNode-1"
address: "localhost:11920"
, id: "omNode-2"
address: "localhost:11926"
]
2021-10-31 01:03:29,750 [Listener at 127.0.0.1/11928] INFO  upgrade.AbstractLayoutVersionManager (AbstractLayoutVersionManager.java:init(79)) - Initializing Layout version manager with metadata layout = SCM_HA (version = 2), software layout = SCM_HA (version = 2)
2021-10-31 01:03:29,797 [Listener at 127.0.0.1/11928] INFO  reflections.Reflections (Reflections.java:scan(232)) - Reflections took 46 ms to scan 7 urls, producing 119 keys and 279 values 
2021-10-31 01:03:29,799 [Listener at 127.0.0.1/11928] INFO  statemachine.DatanodeStateMachine (DatanodeStateMachine.java:getEndPointTaskThreadPoolSize(219)) - Datanode State Machine Task Thread Pool size 2
2021-10-31 01:03:29,801 [Listener at 127.0.0.1/11928] INFO  volume.HddsVolume (HddsVolume.java:<init>(120)) - Creating HddsVolume: /home/runner/work/ozone/ozone/hadoop-ozone/integration-test/target/test-dir/MiniOzoneClusterImpl-b8864bcf-37cc-42b5-82cc-559abfd78a8f/datanode-2/data-0/containers/hdds of storage type : DISK capacity : 9223372036854775807
2021-10-31 01:03:29,802 [Listener at 127.0.0.1/11928] INFO  volume.MutableVolumeSet (MutableVolumeSet.java:initializeVolumeSet(168)) - Added Volume : /home/runner/work/ozone/ozone/hadoop-ozone/integration-test/target/test-dir/MiniOzoneClusterImpl-b8864bcf-37cc-42b5-82cc-559abfd78a8f/datanode-2/data-0/containers/hdds to VolumeSet
2021-10-31 01:03:29,802 [Listener at 127.0.0.1/11928] INFO  volume.ThrottledAsyncChecker (ThrottledAsyncChecker.java:schedule(141)) - Scheduling a check for /home/runner/work/ozone/ozone/hadoop-ozone/integration-test/target/test-dir/MiniOzoneClusterImpl-b8864bcf-37cc-42b5-82cc-559abfd78a8f/datanode-2/data-0/containers/hdds
2021-10-31 01:03:29,806 [Listener at 127.0.0.1/11928] INFO  volume.StorageVolumeChecker (StorageVolumeChecker.java:checkAllVolumes(202)) - Scheduled health check for volume /home/runner/work/ozone/ozone/hadoop-ozone/integration-test/target/test-dir/MiniOzoneClusterImpl-b8864bcf-37cc-42b5-82cc-559abfd78a8f/datanode-2/data-0/containers/hdds
2021-10-31 01:03:29,821 [Listener at 127.0.0.1/11928] INFO  volume.MutableVolumeSet (MutableVolumeSet.java:initializeVolumeSet(168)) - Added Volume : /home/runner/work/ozone/ozone/hadoop-ozone/integration-test/target/test-dir/MiniOzoneClusterImpl-b8864bcf-37cc-42b5-82cc-559abfd78a8f/datanode-2/data/ratis to VolumeSet
2021-10-31 01:03:29,821 [Listener at 127.0.0.1/11928] INFO  volume.ThrottledAsyncChecker (ThrottledAsyncChecker.java:schedule(141)) - Scheduling a check for /home/runner/work/ozone/ozone/hadoop-ozone/integration-test/target/test-dir/MiniOzoneClusterImpl-b8864bcf-37cc-42b5-82cc-559abfd78a8f/datanode-2/data/ratis
2021-10-31 01:03:29,821 [Listener at 127.0.0.1/11928] INFO  volume.StorageVolumeChecker (StorageVolumeChecker.java:checkAllVolumes(202)) - Scheduled health check for volume /home/runner/work/ozone/ozone/hadoop-ozone/integration-test/target/test-dir/MiniOzoneClusterImpl-b8864bcf-37cc-42b5-82cc-559abfd78a8f/datanode-2/data/ratis
2021-10-31 01:03:29,834 [Thread-261] INFO  ozoneimpl.ContainerReader (ContainerReader.java:readVolume(172)) - Finish verifying containers on volume /home/runner/work/ozone/ozone/hadoop-ozone/integration-test/target/test-dir/MiniOzoneClusterImpl-b8864bcf-37cc-42b5-82cc-559abfd78a8f/datanode-2/data-0/containers/hdds
2021-10-31 01:03:29,834 [Listener at 127.0.0.1/11928] INFO  ozoneimpl.OzoneContainer (OzoneContainer.java:buildContainerSet(236)) - Build ContainerSet costs 0s
2021-10-31 01:03:29,838 [Listener at 127.0.0.1/11928] INFO  server.RaftServer (ConfUtils.java:logGet(44)) - raft.rpc.type = GRPC (default)
2021-10-31 01:03:29,838 [Listener at 127.0.0.1/11928] INFO  grpc.GrpcFactory (GrpcFactory.java:checkPooledByteBufAllocatorUseCacheForAllThreads(48)) - PERFORMANCE WARNING: useCacheForAllThreads is true that may cause Netty to create a lot garbage objects and, as a result, trigger GC.
	It is recommended to disable useCacheForAllThreads by setting -Dorg.apache.ratis.thirdparty.io.netty.allocator.useCacheForAllThreads=false in command line.
2021-10-31 01:03:29,838 [Listener at 127.0.0.1/11928] INFO  grpc.GrpcConfigKeys (ConfUtils.java:logGet(44)) - raft.grpc.admin.port = 0 (custom)
2021-10-31 01:03:29,838 [Listener at 127.0.0.1/11928] INFO  grpc.GrpcConfigKeys (ConfUtils.java:logGet(44)) - raft.grpc.client.port = 0 (custom)
2021-10-31 01:03:29,838 [Listener at 127.0.0.1/11928] INFO  grpc.GrpcConfigKeys (ConfUtils.java:logGet(44)) - raft.grpc.server.port = 0 (default)
2021-10-31 01:03:29,838 [Listener at 127.0.0.1/11928] INFO  server.GrpcService (ConfUtils.java:logGet(44)) - raft.grpc.message.size.max = 32MB (=33554432) (custom)
2021-10-31 01:03:29,839 [Listener at 127.0.0.1/11928] INFO  server.RaftServerConfigKeys (ConfUtils.java:logGet(44)) - raft.server.log.appender.buffer.byte-limit = 33554432 (custom)
2021-10-31 01:03:29,839 [Listener at 127.0.0.1/11928] INFO  server.GrpcService (ConfUtils.java:logGet(44)) - raft.grpc.flow.control.window = 5MB (=5242880) (custom)
2021-10-31 01:03:29,839 [Listener at 127.0.0.1/11928] INFO  server.RaftServerConfigKeys (ConfUtils.java:logGet(44)) - raft.server.rpc.request.timeout = 60s (custom)
2021-10-31 01:03:29,840 [Listener at 127.0.0.1/11928] INFO  impl.DataStreamServerImpl (ConfUtils.java:logGet(44)) - raft.datastream.type = DISABLED (default)
2021-10-31 01:03:29,840 [Listener at 127.0.0.1/11928] INFO  server.RaftServerConfigKeys (ConfUtils.java:logGet(44)) - raft.server.rpc.slowness.timeout = 300s (custom)
2021-10-31 01:03:29,840 [Listener at 127.0.0.1/11928] INFO  server.RaftServerConfigKeys (ConfUtils.java:logGet(44)) - raft.server.leaderelection.leader.step-down.wait-time = 10s (default)
2021-10-31 01:03:29,840 [Listener at 127.0.0.1/11928] INFO  server.RaftServerConfigKeys (ConfUtils.java:logGet(44)) - raft.server.storage.dir = [/home/runner/work/ozone/ozone/hadoop-ozone/integration-test/target/test-dir/MiniOzoneClusterImpl-b8864bcf-37cc-42b5-82cc-559abfd78a8f/datanode-2/data/ratis] (custom)
2021-10-31 01:03:29,844 [Listener at 127.0.0.1/11928] INFO  http.BaseHttpServer (BaseHttpServer.java:newHttpServer2BuilderForOzone(209)) - Starting Web-server for hddsDatanode at: http://0.0.0.0:0
2021-10-31 01:03:29,844 [Listener at 127.0.0.1/11928] INFO  http.BaseHttpServer (BaseHttpServer.java:<init>(107)) - Hadoop Security Enabled: false Ozone Security Enabled: false Ozone HTTP Security Enabled: false 
2021-10-31 01:03:29,845 [Listener at 127.0.0.1/11928] INFO  server.AuthenticationFilter (AuthenticationFilter.java:constructSecretProvider(240)) - Unable to initialize FileSignerSecretProvider, falling back to use random secrets.
2021-10-31 01:03:29,847 [Listener at 127.0.0.1/11928] WARN  http.HttpRequestLog (HttpRequestLog.java:getRequestLog(103)) - Jetty request log can only be enabled using Log4j
2021-10-31 01:03:29,848 [Listener at 127.0.0.1/11928] INFO  http.HttpServer2 (HttpServer2.java:addGlobalFilter(1030)) - Added global filter 'safety' (class=org.apache.hadoop.hdds.server.http.HttpServer2$QuotingInputFilter)
2021-10-31 01:03:29,849 [Listener at 127.0.0.1/11928] INFO  http.HttpServer2 (HttpServer2.java:addFilter(1006)) - Added filter static_user_filter (class=org.apache.hadoop.http.lib.StaticUserWebFilter$StaticUserFilter) to context hddsDatanode
2021-10-31 01:03:29,849 [Listener at 127.0.0.1/11928] INFO  http.HttpServer2 (HttpServer2.java:addFilter(1014)) - Added filter static_user_filter (class=org.apache.hadoop.http.lib.StaticUserWebFilter$StaticUserFilter) to context static
2021-10-31 01:03:29,849 [Listener at 127.0.0.1/11928] INFO  http.HttpServer2 (HttpServer2.java:addFilter(1014)) - Added filter static_user_filter (class=org.apache.hadoop.http.lib.StaticUserWebFilter$StaticUserFilter) to context logs
2021-10-31 01:03:29,850 [Listener at 127.0.0.1/11928] INFO  http.HttpServer2 (HttpServer2.java:bindListener(1249)) - Jetty bound to port 33977
2021-10-31 01:03:29,850 [Listener at 127.0.0.1/11928] INFO  server.Server (Server.java:doStart(375)) - jetty-9.4.43.v20210629; built: 2021-06-30T11:07:22.254Z; git: 526006ecfa3af7f1a27ef3a288e2bef7ea9dd7e8; jvm 1.8.0_292-b10
2021-10-31 01:03:29,851 [Listener at 127.0.0.1/11928] INFO  server.session (DefaultSessionIdManager.java:doStart(334)) - DefaultSessionIdManager workerName=node0
2021-10-31 01:03:29,851 [Listener at 127.0.0.1/11928] INFO  server.session (DefaultSessionIdManager.java:doStart(339)) - No SessionScavenger set, using defaults
2021-10-31 01:03:29,852 [Listener at 127.0.0.1/11928] INFO  server.session (HouseKeeper.java:startScavenging(132)) - node0 Scavenging every 660000ms
2021-10-31 01:03:29,853 [Listener at 127.0.0.1/11928] INFO  handler.ContextHandler (ContextHandler.java:doStart(915)) - Started o.e.j.s.ServletContextHandler@6c8eab63{logs,/logs,file:///home/runner/work/ozone/ozone/hadoop-ozone/integration-test/target/log,AVAILABLE}
2021-10-31 01:03:29,853 [Listener at 127.0.0.1/11928] INFO  handler.ContextHandler (ContextHandler.java:doStart(915)) - Started o.e.j.s.ServletContextHandler@3dd3f237{static,/static,jar:file:/home/runner/.m2/repository/org/apache/ozone/hdds-container-service/1.2.0-SNAPSHOT/hdds-container-service-1.2.0-SNAPSHOT.jar!/webapps/static,AVAILABLE}
2021-10-31 01:03:29,899 [Listener at 127.0.0.1/11928] INFO  handler.ContextHandler (ContextHandler.java:doStart(915)) - Started o.e.j.w.WebAppContext@55f4d7be{hddsDatanode,/,file:///tmp/jetty-0_0_0_0-33977-hdds-container-service-1_2_0-SNAPSHOT_jar-_-any-38141908133565257/webapp/,AVAILABLE}{jar:file:/home/runner/.m2/repository/org/apache/ozone/hdds-container-service/1.2.0-SNAPSHOT/hdds-container-service-1.2.0-SNAPSHOT.jar!/webapps/hddsDatanode}
2021-10-31 01:03:29,903 [Listener at 127.0.0.1/11928] INFO  server.AbstractConnector (AbstractConnector.java:doStart(331)) - Started ServerConnector@1e71b70d{HTTP/1.1, (http/1.1)}{0.0.0.0:33977}
2021-10-31 01:03:29,903 [Listener at 127.0.0.1/11928] INFO  server.Server (Server.java:doStart(415)) - Started @9837ms
2021-10-31 01:03:29,903 [Listener at 127.0.0.1/11928] WARN  impl.MetricsSystemImpl (MetricsSystemImpl.java:register(279)) - Sink prometheus already exists!
2021-10-31 01:03:29,904 [Listener at 127.0.0.1/11928] INFO  http.BaseHttpServer (BaseHttpServer.java:updateConnectorAddress(329)) - HTTP server of hddsDatanode listening at http://0.0.0.0:33977
2021-10-31 01:03:29,906 [Listener at 127.0.0.1/11928] INFO  ozone.MiniOzoneClusterImpl (MiniOzoneClusterImpl.java:lambda$waitForClusterToBeReady$0(235)) - Waiting for nodes to be ready. Got 0 of 3 DN Heartbeats.
2021-10-31 01:03:29,906 [Listener at 127.0.0.1/11928] INFO  ozone.MiniOzoneClusterImpl (MiniOzoneClusterImpl.java:lambda$waitForClusterToBeReady$0(238)) - Waiting for cluster to exit safe mode
2021-10-31 01:03:29,907 [Listener at 127.0.0.1/11928] INFO  ozone.MiniOzoneClusterImpl (MiniOzoneClusterImpl.java:lambda$waitForClusterToBeReady$0(240)) - SCM became leader
2021-10-31 01:03:29,907 [Datanode State Machine Daemon Thread] INFO  statemachine.DatanodeStateMachine (DatanodeStateMachine.java:lambda$startDaemon$0(467)) - Ozone container server started.
2021-10-31 01:03:29,917 [org.apache.hadoop.util.JvmPauseMonitor$Monitor@59cb06f2] INFO  util.JvmPauseMonitor (JvmPauseMonitor.java:run(188)) - Starting JVM pause monitor
2021-10-31 01:03:29,919 [Datanode State Machine Task Thread - 0] INFO  datanode.InitDatanodeState (InitDatanodeState.java:persistContainerDatanodeDetails(145)) - DatanodeDetails is persisted to /home/runner/work/ozone/ozone/hadoop-ozone/integration-test/target/test-dir/MiniOzoneClusterImpl-b8864bcf-37cc-42b5-82cc-559abfd78a8f/datanode-2/meta/datanode.id
2021-10-31 01:03:30,120 [omNode-3@group-523986131536-StateMachineUpdater] INFO  ratis.OzoneManagerStateMachine (OzoneManagerStateMachine.java:notifyConfigurationChanged(188)) - Received Configuration change notification from Ratis. New Peer list:
[id: "omNode-3"
address: "localhost:11932"
, id: "omNode-1"
address: "localhost:11920"
, id: "omNode-2"
address: "localhost:11926"
]
2021-10-31 01:03:30,152 [omNode-2@group-523986131536-StateMachineUpdater] INFO  ratis.OzoneManagerStateMachine (OzoneManagerStateMachine.java:notifyConfigurationChanged(188)) - Received Configuration change notification from Ratis. New Peer list:
[id: "omNode-3"
address: "localhost:11932"
, id: "omNode-1"
address: "localhost:11920"
, id: "omNode-2"
address: "localhost:11926"
]
2021-10-31 01:03:30,907 [Listener at 127.0.0.1/11928] INFO  ozone.MiniOzoneClusterImpl (MiniOzoneClusterImpl.java:lambda$waitForClusterToBeReady$0(235)) - Waiting for nodes to be ready. Got 0 of 3 DN Heartbeats.
2021-10-31 01:03:30,907 [Listener at 127.0.0.1/11928] INFO  ozone.MiniOzoneClusterImpl (MiniOzoneClusterImpl.java:lambda$waitForClusterToBeReady$0(238)) - Waiting for cluster to exit safe mode
2021-10-31 01:03:30,907 [Listener at 127.0.0.1/11928] INFO  ozone.MiniOzoneClusterImpl (MiniOzoneClusterImpl.java:lambda$waitForClusterToBeReady$0(240)) - SCM became leader
2021-10-31 01:03:31,216 [EndpointStateMachine task thread for /0.0.0.0:46195 - 0 ] INFO  ozoneimpl.OzoneContainer (OzoneContainer.java:start(304)) - Attempting to start container services.
2021-10-31 01:03:31,222 [EndpointStateMachine task thread for /0.0.0.0:46195 - 0 ] INFO  ozoneimpl.OzoneContainer (OzoneContainer.java:startContainerScrub(249)) - Background container scanner has been disabled.
2021-10-31 01:03:31,223 [EndpointStateMachine task thread for /0.0.0.0:46195 - 0 ] INFO  replication.ReplicationServer (ReplicationServer.java:start(107)) - ReplicationServer is started using port 32905
2021-10-31 01:03:31,226 [EndpointStateMachine task thread for /0.0.0.0:46195 - 0 ] INFO  ratis.XceiverServerRatis (XceiverServerRatis.java:start(484)) - Starting XceiverServerRatis 1b81dd96-85e5-46dc-89c9-973755fd74f9
2021-10-31 01:03:31,229 [EndpointStateMachine task thread for /0.0.0.0:46195 - 0 ] INFO  server.RaftServer (RaftServerProxy.java:lambda$start$5(374)) - 1b81dd96-85e5-46dc-89c9-973755fd74f9: start RPC server
2021-10-31 01:03:31,241 [EndpointStateMachine task thread for /0.0.0.0:46195 - 0 ] INFO  server.GrpcService (GrpcService.java:startImpl(253)) - 1b81dd96-85e5-46dc-89c9-973755fd74f9: GrpcService started, listening on 44891
2021-10-31 01:03:31,242 [EndpointStateMachine task thread for /0.0.0.0:46195 - 0 ] INFO  ratis.XceiverServerRatis (XceiverServerRatis.java:getRealPort(505)) - XceiverServerRatis 1b81dd96-85e5-46dc-89c9-973755fd74f9 is started using port 44891 for RATIS
2021-10-31 01:03:31,242 [EndpointStateMachine task thread for /0.0.0.0:46195 - 0 ] INFO  ratis.XceiverServerRatis (XceiverServerRatis.java:getRealPort(505)) - XceiverServerRatis 1b81dd96-85e5-46dc-89c9-973755fd74f9 is started using port 44891 for RATIS_ADMIN
2021-10-31 01:03:31,242 [EndpointStateMachine task thread for /0.0.0.0:46195 - 0 ] INFO  ratis.XceiverServerRatis (XceiverServerRatis.java:getRealPort(505)) - XceiverServerRatis 1b81dd96-85e5-46dc-89c9-973755fd74f9 is started using port 44891 for RATIS_SERVER
2021-10-31 01:03:31,249 [org.apache.ratis.util.JvmPauseMonitor$$Lambda$523/2066045717@14f1f07f] INFO  util.JvmPauseMonitor (JvmPauseMonitor.java:run(103)) - JvmPauseMonitor-1b81dd96-85e5-46dc-89c9-973755fd74f9: Started
2021-10-31 01:03:31,250 [EndpointStateMachine task thread for /0.0.0.0:46195 - 0 ] INFO  server.XceiverServerGrpc (XceiverServerGrpc.java:start(135)) - XceiverServerGrpc 1b81dd96-85e5-46dc-89c9-973755fd74f9 is started using port 44947
2021-10-31 01:03:31,686 [EndpointStateMachine task thread for /0.0.0.0:46195 - 0 ] INFO  ozoneimpl.OzoneContainer (OzoneContainer.java:start(304)) - Attempting to start container services.
2021-10-31 01:03:31,686 [EndpointStateMachine task thread for /0.0.0.0:46195 - 0 ] INFO  ozoneimpl.OzoneContainer (OzoneContainer.java:startContainerScrub(249)) - Background container scanner has been disabled.
2021-10-31 01:03:31,688 [EndpointStateMachine task thread for /0.0.0.0:46195 - 0 ] INFO  replication.ReplicationServer (ReplicationServer.java:start(107)) - ReplicationServer is started using port 42347
2021-10-31 01:03:31,690 [EndpointStateMachine task thread for /0.0.0.0:46195 - 0 ] INFO  ratis.XceiverServerRatis (XceiverServerRatis.java:start(484)) - Starting XceiverServerRatis 4fe03719-c323-4acc-b4e8-a1a5c546f443
2021-10-31 01:03:31,691 [EndpointStateMachine task thread for /0.0.0.0:46195 - 0 ] INFO  server.RaftServer (RaftServerProxy.java:lambda$start$5(374)) - 4fe03719-c323-4acc-b4e8-a1a5c546f443: start RPC server
2021-10-31 01:03:31,693 [EndpointStateMachine task thread for /0.0.0.0:46195 - 0 ] INFO  server.GrpcService (GrpcService.java:startImpl(253)) - 4fe03719-c323-4acc-b4e8-a1a5c546f443: GrpcService started, listening on 34073
2021-10-31 01:03:31,694 [EndpointStateMachine task thread for /0.0.0.0:46195 - 0 ] INFO  ratis.XceiverServerRatis (XceiverServerRatis.java:getRealPort(505)) - XceiverServerRatis 4fe03719-c323-4acc-b4e8-a1a5c546f443 is started using port 34073 for RATIS
2021-10-31 01:03:31,694 [EndpointStateMachine task thread for /0.0.0.0:46195 - 0 ] INFO  ratis.XceiverServerRatis (XceiverServerRatis.java:getRealPort(505)) - XceiverServerRatis 4fe03719-c323-4acc-b4e8-a1a5c546f443 is started using port 34073 for RATIS_ADMIN
2021-10-31 01:03:31,694 [EndpointStateMachine task thread for /0.0.0.0:46195 - 0 ] INFO  ratis.XceiverServerRatis (XceiverServerRatis.java:getRealPort(505)) - XceiverServerRatis 4fe03719-c323-4acc-b4e8-a1a5c546f443 is started using port 34073 for RATIS_SERVER
2021-10-31 01:03:31,694 [org.apache.ratis.util.JvmPauseMonitor$$Lambda$523/2066045717@6d4daa1d] INFO  util.JvmPauseMonitor (JvmPauseMonitor.java:run(103)) - JvmPauseMonitor-4fe03719-c323-4acc-b4e8-a1a5c546f443: Started
2021-10-31 01:03:31,695 [EndpointStateMachine task thread for /0.0.0.0:46195 - 0 ] INFO  server.XceiverServerGrpc (XceiverServerGrpc.java:start(135)) - XceiverServerGrpc 4fe03719-c323-4acc-b4e8-a1a5c546f443 is started using port 40399
2021-10-31 01:03:31,908 [Listener at 127.0.0.1/11928] INFO  ozone.MiniOzoneClusterImpl (MiniOzoneClusterImpl.java:lambda$waitForClusterToBeReady$0(235)) - Waiting for nodes to be ready. Got 0 of 3 DN Heartbeats.
2021-10-31 01:03:31,908 [Listener at 127.0.0.1/11928] INFO  ozone.MiniOzoneClusterImpl (MiniOzoneClusterImpl.java:lambda$waitForClusterToBeReady$0(238)) - Waiting for cluster to exit safe mode
2021-10-31 01:03:31,908 [Listener at 127.0.0.1/11928] INFO  ozone.MiniOzoneClusterImpl (MiniOzoneClusterImpl.java:lambda$waitForClusterToBeReady$0(240)) - SCM became leader
2021-10-31 01:03:31,921 [EndpointStateMachine task thread for /0.0.0.0:46195 - 0 ] INFO  ozoneimpl.OzoneContainer (OzoneContainer.java:start(304)) - Attempting to start container services.
2021-10-31 01:03:31,922 [EndpointStateMachine task thread for /0.0.0.0:46195 - 0 ] INFO  ozoneimpl.OzoneContainer (OzoneContainer.java:startContainerScrub(249)) - Background container scanner has been disabled.
2021-10-31 01:03:31,925 [EndpointStateMachine task thread for /0.0.0.0:46195 - 0 ] INFO  replication.ReplicationServer (ReplicationServer.java:start(107)) - ReplicationServer is started using port 33557
2021-10-31 01:03:31,926 [EndpointStateMachine task thread for /0.0.0.0:46195 - 0 ] INFO  ratis.XceiverServerRatis (XceiverServerRatis.java:start(484)) - Starting XceiverServerRatis 64fce9c9-b0bf-428e-b112-2418aa6d81be
2021-10-31 01:03:31,929 [EndpointStateMachine task thread for /0.0.0.0:46195 - 0 ] INFO  server.RaftServer (RaftServerProxy.java:lambda$start$5(374)) - 64fce9c9-b0bf-428e-b112-2418aa6d81be: start RPC server
2021-10-31 01:03:31,930 [EndpointStateMachine task thread for /0.0.0.0:46195 - 0 ] INFO  server.GrpcService (GrpcService.java:startImpl(253)) - 64fce9c9-b0bf-428e-b112-2418aa6d81be: GrpcService started, listening on 37719
2021-10-31 01:03:31,934 [EndpointStateMachine task thread for /0.0.0.0:46195 - 0 ] INFO  ratis.XceiverServerRatis (XceiverServerRatis.java:getRealPort(505)) - XceiverServerRatis 64fce9c9-b0bf-428e-b112-2418aa6d81be is started using port 37719 for RATIS
2021-10-31 01:03:31,934 [org.apache.ratis.util.JvmPauseMonitor$$Lambda$523/2066045717@2c649d49] INFO  util.JvmPauseMonitor (JvmPauseMonitor.java:run(103)) - JvmPauseMonitor-64fce9c9-b0bf-428e-b112-2418aa6d81be: Started
2021-10-31 01:03:31,934 [EndpointStateMachine task thread for /0.0.0.0:46195 - 0 ] INFO  ratis.XceiverServerRatis (XceiverServerRatis.java:getRealPort(505)) - XceiverServerRatis 64fce9c9-b0bf-428e-b112-2418aa6d81be is started using port 37719 for RATIS_ADMIN
2021-10-31 01:03:31,934 [EndpointStateMachine task thread for /0.0.0.0:46195 - 0 ] INFO  ratis.XceiverServerRatis (XceiverServerRatis.java:getRealPort(505)) - XceiverServerRatis 64fce9c9-b0bf-428e-b112-2418aa6d81be is started using port 37719 for RATIS_SERVER
2021-10-31 01:03:31,936 [EndpointStateMachine task thread for /0.0.0.0:46195 - 0 ] INFO  server.XceiverServerGrpc (XceiverServerGrpc.java:start(135)) - XceiverServerGrpc 64fce9c9-b0bf-428e-b112-2418aa6d81be is started using port 46749
2021-10-31 01:03:32,909 [Listener at 127.0.0.1/11928] INFO  ozone.MiniOzoneClusterImpl (MiniOzoneClusterImpl.java:lambda$waitForClusterToBeReady$0(235)) - Waiting for nodes to be ready. Got 0 of 3 DN Heartbeats.
2021-10-31 01:03:32,909 [Listener at 127.0.0.1/11928] INFO  ozone.MiniOzoneClusterImpl (MiniOzoneClusterImpl.java:lambda$waitForClusterToBeReady$0(238)) - Waiting for cluster to exit safe mode
2021-10-31 01:03:32,909 [Listener at 127.0.0.1/11928] INFO  ozone.MiniOzoneClusterImpl (MiniOzoneClusterImpl.java:lambda$waitForClusterToBeReady$0(240)) - SCM became leader
2021-10-31 01:03:33,192 [IPC Server handler 5 on default port 46195] INFO  net.NetworkTopologyImpl (NetworkTopologyImpl.java:add(112)) - Added a new node: /default-rack/1b81dd96-85e5-46dc-89c9-973755fd74f9
2021-10-31 01:03:33,194 [IPC Server handler 5 on default port 46195] INFO  node.SCMNodeManager (SCMNodeManager.java:register(389)) - Registered Data node : 1b81dd96-85e5-46dc-89c9-973755fd74f9{ip: 10.1.0.98, host: fv-az50-512.grzltbmokehuzjyc5b133kdqgh.cx.internal.cloudapp.net, ports: [REPLICATION=32905, RATIS=44891, RATIS_ADMIN=44891, RATIS_SERVER=44891, STANDALONE=44947], networkLocation: /default-rack, certSerialId: null, persistedOpState: null, persistedOpStateExpiryEpochSec: 0}
2021-10-31 01:03:33,199 [EventQueue-NewNodeForNewNodeHandler] INFO  pipeline.BackgroundPipelineCreator (BackgroundPipelineCreator.java:notifyEventTriggered(285)) - trigger a one-shot run on RatisPipelineUtilsThread.
2021-10-31 01:03:33,204 [EventQueue-NodeRegistrationContainerReportForDataNodeSafeModeRule] INFO  safemode.SCMSafeModeManager (DataNodeSafeModeRule.java:process(71)) - SCM in safe mode. 1 DataNodes registered, 3 required.
2021-10-31 01:03:33,206 [EventQueue-NodeRegistrationContainerReportForContainerSafeModeRule] INFO  safemode.SCMSafeModeManager (SCMSafeModeManager.java:validateSafeModeExitRules(204)) - ContainerSafeModeRule rule is successfully validated
2021-10-31 01:03:33,210 [EventQueue-PipelineReportForOneReplicaPipelineSafeModeRule] INFO  safemode.SCMSafeModeManager (SCMSafeModeManager.java:validateSafeModeExitRules(204)) - AtleastOneDatanodeReportedRule rule is successfully validated
2021-10-31 01:03:33,214 [RatisPipelineUtilsThread - 0] INFO  pipeline.RatisPipelineProvider (RatisPipelineProvider.java:lambda$create$0(183)) - Sending CreatePipelineCommand for pipeline:PipelineID=fcc57954-92ca-4a2b-b4ad-395bdfde99e8 to datanode:1b81dd96-85e5-46dc-89c9-973755fd74f9
2021-10-31 01:03:33,223 [RatisPipelineUtilsThread - 0] INFO  pipeline.PipelineStateManagerImpl (PipelineStateManagerImpl.java:addPipeline(101)) - Created pipeline Pipeline[ Id: fcc57954-92ca-4a2b-b4ad-395bdfde99e8, Nodes: 1b81dd96-85e5-46dc-89c9-973755fd74f9{ip: 10.1.0.98, host: fv-az50-512.grzltbmokehuzjyc5b133kdqgh.cx.internal.cloudapp.net, ports: [REPLICATION=32905, RATIS=44891, RATIS_ADMIN=44891, RATIS_SERVER=44891, STANDALONE=44947], networkLocation: /default-rack, certSerialId: null, persistedOpState: IN_SERVICE, persistedOpStateExpiryEpochSec: 0}, ReplicationConfig: RATIS/ONE, State:ALLOCATED, leaderId:, CreationTimestamp2021-10-31T01:03:33.211Z[Etc/UTC]].
2021-10-31 01:03:33,683 [IPC Server handler 3 on default port 46195] INFO  net.NetworkTopologyImpl (NetworkTopologyImpl.java:add(112)) - Added a new node: /default-rack/4fe03719-c323-4acc-b4e8-a1a5c546f443
2021-10-31 01:03:33,684 [IPC Server handler 3 on default port 46195] INFO  node.SCMNodeManager (SCMNodeManager.java:register(389)) - Registered Data node : 4fe03719-c323-4acc-b4e8-a1a5c546f443{ip: 10.1.0.98, host: fv-az50-512.grzltbmokehuzjyc5b133kdqgh.cx.internal.cloudapp.net, ports: [REPLICATION=42347, RATIS=34073, RATIS_ADMIN=34073, RATIS_SERVER=34073, STANDALONE=40399], networkLocation: /default-rack, certSerialId: null, persistedOpState: null, persistedOpStateExpiryEpochSec: 0}
2021-10-31 01:03:33,684 [EventQueue-NewNodeForNewNodeHandler] INFO  pipeline.BackgroundPipelineCreator (BackgroundPipelineCreator.java:notifyEventTriggered(285)) - trigger a one-shot run on RatisPipelineUtilsThread.
2021-10-31 01:03:33,685 [EventQueue-NodeRegistrationContainerReportForDataNodeSafeModeRule] INFO  safemode.SCMSafeModeManager (DataNodeSafeModeRule.java:process(71)) - SCM in safe mode. 2 DataNodes registered, 3 required.
2021-10-31 01:03:33,687 [RatisPipelineUtilsThread - 0] INFO  pipeline.RatisPipelineProvider (RatisPipelineProvider.java:lambda$create$0(183)) - Sending CreatePipelineCommand for pipeline:PipelineID=c9748e32-8b95-4df3-a142-6b0f9f102959 to datanode:4fe03719-c323-4acc-b4e8-a1a5c546f443
2021-10-31 01:03:33,688 [RatisPipelineUtilsThread - 0] INFO  pipeline.PipelineStateManagerImpl (PipelineStateManagerImpl.java:addPipeline(101)) - Created pipeline Pipeline[ Id: c9748e32-8b95-4df3-a142-6b0f9f102959, Nodes: 4fe03719-c323-4acc-b4e8-a1a5c546f443{ip: 10.1.0.98, host: fv-az50-512.grzltbmokehuzjyc5b133kdqgh.cx.internal.cloudapp.net, ports: [REPLICATION=42347, RATIS=34073, RATIS_ADMIN=34073, RATIS_SERVER=34073, STANDALONE=40399], networkLocation: /default-rack, certSerialId: null, persistedOpState: IN_SERVICE, persistedOpStateExpiryEpochSec: 0}, ReplicationConfig: RATIS/ONE, State:ALLOCATED, leaderId:, CreationTimestamp2021-10-31T01:03:33.687Z[Etc/UTC]].
2021-10-31 01:03:33,910 [Listener at 127.0.0.1/11928] INFO  ozone.MiniOzoneClusterImpl (MiniOzoneClusterImpl.java:lambda$waitForClusterToBeReady$0(235)) - Waiting for nodes to be ready. Got 2 of 3 DN Heartbeats.
2021-10-31 01:03:33,910 [Listener at 127.0.0.1/11928] INFO  ozone.MiniOzoneClusterImpl (MiniOzoneClusterImpl.java:lambda$waitForClusterToBeReady$0(238)) - Waiting for cluster to exit safe mode
2021-10-31 01:03:33,910 [Listener at 127.0.0.1/11928] INFO  ozone.MiniOzoneClusterImpl (MiniOzoneClusterImpl.java:lambda$waitForClusterToBeReady$0(240)) - SCM became leader
2021-10-31 01:03:33,918 [IPC Server handler 4 on default port 46195] INFO  net.NetworkTopologyImpl (NetworkTopologyImpl.java:add(112)) - Added a new node: /default-rack/64fce9c9-b0bf-428e-b112-2418aa6d81be
2021-10-31 01:03:33,919 [IPC Server handler 4 on default port 46195] INFO  node.SCMNodeManager (SCMNodeManager.java:register(389)) - Registered Data node : 64fce9c9-b0bf-428e-b112-2418aa6d81be{ip: 10.1.0.98, host: fv-az50-512.grzltbmokehuzjyc5b133kdqgh.cx.internal.cloudapp.net, ports: [REPLICATION=33557, RATIS=37719, RATIS_ADMIN=37719, RATIS_SERVER=37719, STANDALONE=46749], networkLocation: /default-rack, certSerialId: null, persistedOpState: null, persistedOpStateExpiryEpochSec: 0}
2021-10-31 01:03:33,920 [EventQueue-NewNodeForNewNodeHandler] INFO  pipeline.BackgroundPipelineCreator (BackgroundPipelineCreator.java:notifyEventTriggered(285)) - trigger a one-shot run on RatisPipelineUtilsThread.
2021-10-31 01:03:33,921 [RatisPipelineUtilsThread - 0] INFO  pipeline.RatisPipelineProvider (RatisPipelineProvider.java:lambda$create$0(183)) - Sending CreatePipelineCommand for pipeline:PipelineID=c4887ddd-bbc0-48ed-a145-8b4869e847e2 to datanode:64fce9c9-b0bf-428e-b112-2418aa6d81be
2021-10-31 01:03:33,922 [RatisPipelineUtilsThread - 0] INFO  pipeline.PipelineStateManagerImpl (PipelineStateManagerImpl.java:addPipeline(101)) - Created pipeline Pipeline[ Id: c4887ddd-bbc0-48ed-a145-8b4869e847e2, Nodes: 64fce9c9-b0bf-428e-b112-2418aa6d81be{ip: 10.1.0.98, host: fv-az50-512.grzltbmokehuzjyc5b133kdqgh.cx.internal.cloudapp.net, ports: [REPLICATION=33557, RATIS=37719, RATIS_ADMIN=37719, RATIS_SERVER=37719, STANDALONE=46749], networkLocation: /default-rack, certSerialId: null, persistedOpState: IN_SERVICE, persistedOpStateExpiryEpochSec: 0}, ReplicationConfig: RATIS/ONE, State:ALLOCATED, leaderId:, CreationTimestamp2021-10-31T01:03:33.921Z[Etc/UTC]].
2021-10-31 01:03:33,922 [EventQueue-NodeRegistrationContainerReportForDataNodeSafeModeRule] INFO  safemode.SCMSafeModeManager (DataNodeSafeModeRule.java:process(71)) - SCM in safe mode. 3 DataNodes registered, 3 required.
2021-10-31 01:03:33,923 [EventQueue-NodeRegistrationContainerReportForDataNodeSafeModeRule] INFO  safemode.SCMSafeModeManager (SCMSafeModeManager.java:validateSafeModeExitRules(204)) - DataNodeSafeModeRule rule is successfully validated
2021-10-31 01:03:33,923 [EventQueue-NodeRegistrationContainerReportForDataNodeSafeModeRule] INFO  safemode.SCMSafeModeManager (SCMSafeModeManager.java:completePreCheck(233)) - All SCM safe mode pre check rules have passed
2021-10-31 01:03:33,923 [EventQueue-NodeRegistrationContainerReportForDataNodeSafeModeRule] WARN  events.EventQueue (EventQueue.java:fireEvent(194)) - No event handler registered for event TypedEvent{payloadType=SafeModeStatus, name='Safe mode status'}
2021-10-31 01:03:33,923 [EventQueue-NodeRegistrationContainerReportForDataNodeSafeModeRule] INFO  ha.SCMContext (SCMContext.java:updateSafeModeStatus(205)) - Update SafeModeStatus from SafeModeStatus{safeModeStatus=true, preCheckPassed=false} to SafeModeStatus{safeModeStatus=true, preCheckPassed=true}.
2021-10-31 01:03:33,923 [EventQueue-NodeRegistrationContainerReportForDataNodeSafeModeRule] INFO  pipeline.BackgroundPipelineCreator (BackgroundPipelineCreator.java:notifyEventTriggered(285)) - trigger a one-shot run on RatisPipelineUtilsThread.
2021-10-31 01:03:33,926 [RatisPipelineUtilsThread - 0] INFO  pipeline.RatisPipelineProvider (RatisPipelineProvider.java:lambda$create$0(183)) - Sending CreatePipelineCommand for pipeline:PipelineID=68d4ea20-f63b-4053-b203-8f572447dbd7 to datanode:1b81dd96-85e5-46dc-89c9-973755fd74f9
2021-10-31 01:03:33,927 [RatisPipelineUtilsThread - 0] INFO  pipeline.RatisPipelineProvider (RatisPipelineProvider.java:lambda$create$0(183)) - Sending CreatePipelineCommand for pipeline:PipelineID=68d4ea20-f63b-4053-b203-8f572447dbd7 to datanode:64fce9c9-b0bf-428e-b112-2418aa6d81be
2021-10-31 01:03:33,927 [RatisPipelineUtilsThread - 0] INFO  pipeline.RatisPipelineProvider (RatisPipelineProvider.java:lambda$create$0(183)) - Sending CreatePipelineCommand for pipeline:PipelineID=68d4ea20-f63b-4053-b203-8f572447dbd7 to datanode:4fe03719-c323-4acc-b4e8-a1a5c546f443
2021-10-31 01:03:33,931 [RatisPipelineUtilsThread - 0] INFO  pipeline.PipelineStateManagerImpl (PipelineStateManagerImpl.java:addPipeline(101)) - Created pipeline Pipeline[ Id: 68d4ea20-f63b-4053-b203-8f572447dbd7, Nodes: 1b81dd96-85e5-46dc-89c9-973755fd74f9{ip: 10.1.0.98, host: fv-az50-512.grzltbmokehuzjyc5b133kdqgh.cx.internal.cloudapp.net, ports: [REPLICATION=32905, RATIS=44891, RATIS_ADMIN=44891, RATIS_SERVER=44891, STANDALONE=44947], networkLocation: /default-rack, certSerialId: null, persistedOpState: IN_SERVICE, persistedOpStateExpiryEpochSec: 0}64fce9c9-b0bf-428e-b112-2418aa6d81be{ip: 10.1.0.98, host: fv-az50-512.grzltbmokehuzjyc5b133kdqgh.cx.internal.cloudapp.net, ports: [REPLICATION=33557, RATIS=37719, RATIS_ADMIN=37719, RATIS_SERVER=37719, STANDALONE=46749], networkLocation: /default-rack, certSerialId: null, persistedOpState: IN_SERVICE, persistedOpStateExpiryEpochSec: 0}4fe03719-c323-4acc-b4e8-a1a5c546f443{ip: 10.1.0.98, host: fv-az50-512.grzltbmokehuzjyc5b133kdqgh.cx.internal.cloudapp.net, ports: [REPLICATION=42347, RATIS=34073, RATIS_ADMIN=34073, RATIS_SERVER=34073, STANDALONE=40399], networkLocation: /default-rack, certSerialId: null, persistedOpState: IN_SERVICE, persistedOpStateExpiryEpochSec: 0}, ReplicationConfig: RATIS/THREE, State:ALLOCATED, leaderId:, CreationTimestamp2021-10-31T01:03:33.926Z[Etc/UTC]].
2021-10-31 01:03:33,933 [RatisPipelineUtilsThread - 0] INFO  pipeline.RatisPipelineProvider (RatisPipelineProvider.java:lambda$create$0(183)) - Sending CreatePipelineCommand for pipeline:PipelineID=07f9b43c-0ee4-4368-b53e-484a3af31a93 to datanode:4fe03719-c323-4acc-b4e8-a1a5c546f443
2021-10-31 01:03:33,933 [RatisPipelineUtilsThread - 0] INFO  pipeline.RatisPipelineProvider (RatisPipelineProvider.java:lambda$create$0(183)) - Sending CreatePipelineCommand for pipeline:PipelineID=07f9b43c-0ee4-4368-b53e-484a3af31a93 to datanode:1b81dd96-85e5-46dc-89c9-973755fd74f9
2021-10-31 01:03:33,933 [RatisPipelineUtilsThread - 0] INFO  pipeline.RatisPipelineProvider (RatisPipelineProvider.java:lambda$create$0(183)) - Sending CreatePipelineCommand for pipeline:PipelineID=07f9b43c-0ee4-4368-b53e-484a3af31a93 to datanode:64fce9c9-b0bf-428e-b112-2418aa6d81be
2021-10-31 01:03:33,936 [RatisPipelineUtilsThread - 0] INFO  pipeline.PipelineStateManagerImpl (PipelineStateManagerImpl.java:addPipeline(101)) - Created pipeline Pipeline[ Id: 07f9b43c-0ee4-4368-b53e-484a3af31a93, Nodes: 4fe03719-c323-4acc-b4e8-a1a5c546f443{ip: 10.1.0.98, host: fv-az50-512.grzltbmokehuzjyc5b133kdqgh.cx.internal.cloudapp.net, ports: [REPLICATION=42347, RATIS=34073, RATIS_ADMIN=34073, RATIS_SERVER=34073, STANDALONE=40399], networkLocation: /default-rack, certSerialId: null, persistedOpState: IN_SERVICE, persistedOpStateExpiryEpochSec: 0}1b81dd96-85e5-46dc-89c9-973755fd74f9{ip: 10.1.0.98, host: fv-az50-512.grzltbmokehuzjyc5b133kdqgh.cx.internal.cloudapp.net, ports: [REPLICATION=32905, RATIS=44891, RATIS_ADMIN=44891, RATIS_SERVER=44891, STANDALONE=44947], networkLocation: /default-rack, certSerialId: null, persistedOpState: IN_SERVICE, persistedOpStateExpiryEpochSec: 0}64fce9c9-b0bf-428e-b112-2418aa6d81be{ip: 10.1.0.98, host: fv-az50-512.grzltbmokehuzjyc5b133kdqgh.cx.internal.cloudapp.net, ports: [REPLICATION=33557, RATIS=37719, RATIS_ADMIN=37719, RATIS_SERVER=37719, STANDALONE=46749], networkLocation: /default-rack, certSerialId: null, persistedOpState: IN_SERVICE, persistedOpStateExpiryEpochSec: 0}, ReplicationConfig: RATIS/THREE, State:ALLOCATED, leaderId:, CreationTimestamp2021-10-31T01:03:33.932Z[Etc/UTC]].
2021-10-31 01:03:33,937 [RatisPipelineUtilsThread - 0] INFO  pipeline.PipelineManagerImpl (PipelineManagerImpl.java:recordMetricsForPipeline(620)) - Pipeline: PipelineID=07f9b43c-0ee4-4368-b53e-484a3af31a93 contains same datanodes as previous pipelines: PipelineID=68d4ea20-f63b-4053-b203-8f572447dbd7 nodeIds: 4fe03719-c323-4acc-b4e8-a1a5c546f443, 1b81dd96-85e5-46dc-89c9-973755fd74f9, 64fce9c9-b0bf-428e-b112-2418aa6d81be
2021-10-31 01:03:34,910 [Listener at 127.0.0.1/11928] INFO  ozone.MiniOzoneClusterImpl (MiniOzoneClusterImpl.java:lambda$waitForClusterToBeReady$0(235)) - Nodes are ready. Got 3 of 3 DN Heartbeats.
2021-10-31 01:03:34,912 [Listener at 127.0.0.1/11928] INFO  ozone.MiniOzoneClusterImpl (MiniOzoneClusterImpl.java:lambda$waitForClusterToBeReady$0(238)) - Waiting for cluster to exit safe mode
2021-10-31 01:03:34,912 [Listener at 127.0.0.1/11928] INFO  ozone.MiniOzoneClusterImpl (MiniOzoneClusterImpl.java:lambda$waitForClusterToBeReady$0(240)) - SCM became leader
2021-10-31 01:03:35,912 [Listener at 127.0.0.1/11928] INFO  ozone.MiniOzoneClusterImpl (MiniOzoneClusterImpl.java:lambda$waitForClusterToBeReady$0(235)) - Nodes are ready. Got 3 of 3 DN Heartbeats.
2021-10-31 01:03:35,912 [Listener at 127.0.0.1/11928] INFO  ozone.MiniOzoneClusterImpl (MiniOzoneClusterImpl.java:lambda$waitForClusterToBeReady$0(238)) - Waiting for cluster to exit safe mode
2021-10-31 01:03:35,912 [Listener at 127.0.0.1/11928] INFO  ozone.MiniOzoneClusterImpl (MiniOzoneClusterImpl.java:lambda$waitForClusterToBeReady$0(240)) - SCM became leader
2021-10-31 01:03:36,178 [Command processor thread] INFO  server.RaftServer (RaftServerProxy.java:addNew(95)) - 1b81dd96-85e5-46dc-89c9-973755fd74f9: addNew group-395BDFDE99E8:[1b81dd96-85e5-46dc-89c9-973755fd74f9|rpc:10.1.0.98:44891|priority:1] returns group-395BDFDE99E8:java.util.concurrent.CompletableFuture@4cf0cd9e[Not completed]
2021-10-31 01:03:36,190 [pool-97-thread-1] INFO  server.RaftServer$Division (RaftServerImpl.java:<init>(184)) - 1b81dd96-85e5-46dc-89c9-973755fd74f9: new RaftServerImpl for group-395BDFDE99E8:[1b81dd96-85e5-46dc-89c9-973755fd74f9|rpc:10.1.0.98:44891|priority:1] with ContainerStateMachine:uninitialized
2021-10-31 01:03:36,190 [pool-97-thread-1] INFO  server.RaftServerConfigKeys (ConfUtils.java:logGet(44)) - raft.server.rpc.timeout.min = 5s (custom)
2021-10-31 01:03:36,191 [pool-97-thread-1] INFO  server.RaftServerConfigKeys (ConfUtils.java:logGet(44)) - raft.server.rpc.timeout.max = 5200ms (custom)
2021-10-31 01:03:36,191 [pool-97-thread-1] INFO  server.RaftServerConfigKeys (ConfUtils.java:logGet(44)) - raft.server.rpc.sleep.time = 25ms (default)
2021-10-31 01:03:36,191 [pool-97-thread-1] INFO  server.RaftServerConfigKeys (ConfUtils.java:logGet(44)) - raft.server.rpc.slowness.timeout = 300s (custom)
2021-10-31 01:03:36,191 [pool-97-thread-1] INFO  server.RaftServerConfigKeys (ConfUtils.java:logGet(44)) - raft.server.leaderelection.leader.step-down.wait-time = 10s (default)
2021-10-31 01:03:36,191 [pool-97-thread-1] INFO  server.RaftServerConfigKeys (ConfUtils.java:logGet(44)) - raft.server.sleep.deviation.threshold = 300ms (default)
2021-10-31 01:03:36,191 [pool-97-thread-1] INFO  server.RaftServerConfigKeys (ConfUtils.java:logGet(44)) - raft.server.log.appender.install.snapshot.enabled = false (custom)
2021-10-31 01:03:36,191 [pool-97-thread-1] INFO  server.RaftServer$Division (ServerState.java:<init>(105)) - 1b81dd96-85e5-46dc-89c9-973755fd74f9@group-395BDFDE99E8: ConfigurationManager, init=-1: [1b81dd96-85e5-46dc-89c9-973755fd74f9|rpc:10.1.0.98:44891|priority:1], old=null, confs=<EMPTY_MAP>
2021-10-31 01:03:36,192 [pool-97-thread-1] INFO  server.RaftServerConfigKeys (ConfUtils.java:logGet(44)) - raft.server.storage.dir = [/home/runner/work/ozone/ozone/hadoop-ozone/integration-test/target/test-dir/MiniOzoneClusterImpl-b8864bcf-37cc-42b5-82cc-559abfd78a8f/datanode-0/data/ratis] (custom)
2021-10-31 01:03:36,192 [pool-97-thread-1] INFO  server.RaftServerConfigKeys (ConfUtils.java:logGet(44)) - raft.server.log.corruption.policy = EXCEPTION (default)
2021-10-31 01:03:36,192 [pool-97-thread-1] INFO  server.RaftServerConfigKeys (ConfUtils.java:logGet(44)) - raft.server.storage.free-space.min = 0MB (=0) (default)
2021-10-31 01:03:36,192 [pool-97-thread-1] INFO  storage.RaftStorageDirectory (RaftStorageDirectoryImpl.java:analyzeStorage(135)) - The storage directory /home/runner/work/ozone/ozone/hadoop-ozone/integration-test/target/test-dir/MiniOzoneClusterImpl-b8864bcf-37cc-42b5-82cc-559abfd78a8f/datanode-0/data/ratis/fcc57954-92ca-4a2b-b4ad-395bdfde99e8 does not exist. Creating ...
2021-10-31 01:03:36,194 [pool-97-thread-1] INFO  storage.RaftStorageDirectory (RaftStorageDirectoryImpl.java:tryLock(230)) - Lock on /home/runner/work/ozone/ozone/hadoop-ozone/integration-test/target/test-dir/MiniOzoneClusterImpl-b8864bcf-37cc-42b5-82cc-559abfd78a8f/datanode-0/data/ratis/fcc57954-92ca-4a2b-b4ad-395bdfde99e8/in_use.lock acquired by nodename 14068@fv-az50-512
2021-10-31 01:03:36,196 [pool-97-thread-1] INFO  storage.RaftStorage (RaftStorageImpl.java:format(89)) - Storage directory /home/runner/work/ozone/ozone/hadoop-ozone/integration-test/target/test-dir/MiniOzoneClusterImpl-b8864bcf-37cc-42b5-82cc-559abfd78a8f/datanode-0/data/ratis/fcc57954-92ca-4a2b-b4ad-395bdfde99e8 has been successfully formatted.
2021-10-31 01:03:36,200 [pool-97-thread-1] INFO  ratis.ContainerStateMachine (ContainerStateMachine.java:loadSnapshot(224)) - group-395BDFDE99E8: The snapshot info is null. Setting the last applied indexto:(t:0, i:~)
2021-10-31 01:03:36,201 [pool-97-thread-1] INFO  server.RaftServerConfigKeys (ConfUtils.java:logGet(44)) - raft.server.notification.no-leader.timeout = 300s (custom)
2021-10-31 01:03:36,201 [pool-97-thread-1] INFO  server.RaftServerConfigKeys (ConfUtils.java:logGet(44)) - raft.server.log.use.memory = false (default)
2021-10-31 01:03:36,201 [pool-97-thread-1] INFO  server.RaftServerConfigKeys (ConfUtils.java:logGet(44)) - raft.server.log.purge.gap = 1000000 (custom)
2021-10-31 01:03:36,201 [pool-97-thread-1] INFO  server.RaftServerConfigKeys (ConfUtils.java:logGet(44)) - raft.server.log.appender.buffer.byte-limit = 33554432 (custom)
2021-10-31 01:03:36,203 [pool-97-thread-1] INFO  server.RaftServerConfigKeys (ConfUtils.java:logGet(44)) - raft.server.log.segment.size.max = 1048576 (custom)
2021-10-31 01:03:36,204 [pool-97-thread-1] INFO  server.RaftServerConfigKeys (ConfUtils.java:logGet(44)) - raft.server.log.segment.cache.num.max = 2 (custom)
2021-10-31 01:03:36,204 [pool-97-thread-1] INFO  server.RaftServerConfigKeys (ConfUtils.java:logGet(44)) - raft.server.log.segment.cache.size.max = 200MB (=209715200) (default)
2021-10-31 01:03:36,204 [pool-97-thread-1] INFO  segmented.SegmentedRaftLogWorker (SegmentedRaftLogWorker.java:<init>(182)) - new 1b81dd96-85e5-46dc-89c9-973755fd74f9@group-395BDFDE99E8-SegmentedRaftLogWorker for RaftStorageImpl:Storage Directory /home/runner/work/ozone/ozone/hadoop-ozone/integration-test/target/test-dir/MiniOzoneClusterImpl-b8864bcf-37cc-42b5-82cc-559abfd78a8f/datanode-0/data/ratis/fcc57954-92ca-4a2b-b4ad-395bdfde99e8
2021-10-31 01:03:36,204 [pool-97-thread-1] INFO  server.RaftServerConfigKeys (ConfUtils.java:logGet(44)) - raft.server.log.queue.byte-limit = 2147483647 (custom)
2021-10-31 01:03:36,204 [pool-97-thread-1] INFO  server.RaftServerConfigKeys (ConfUtils.java:logGet(44)) - raft.server.log.queue.element-limit = 1024 (custom)
2021-10-31 01:03:36,204 [pool-97-thread-1] INFO  server.RaftServerConfigKeys (ConfUtils.java:logGet(44)) - raft.server.log.segment.size.max = 1048576 (custom)
2021-10-31 01:03:36,204 [pool-97-thread-1] INFO  server.RaftServerConfigKeys (ConfUtils.java:logGet(44)) - raft.server.log.preallocated.size = 16384 (custom)
2021-10-31 01:03:36,205 [pool-97-thread-1] INFO  server.RaftServerConfigKeys (ConfUtils.java:logGet(44)) - raft.server.log.force.sync.num = 128 (default)
2021-10-31 01:03:36,205 [pool-97-thread-1] INFO  server.RaftServerConfigKeys (ConfUtils.java:logGet(44)) - raft.server.log.statemachine.data.sync = true (default)
2021-10-31 01:03:36,205 [pool-97-thread-1] INFO  server.RaftServerConfigKeys (ConfUtils.java:logGet(44)) - raft.server.log.statemachine.data.sync.timeout = 10s (default)
2021-10-31 01:03:36,205 [pool-97-thread-1] INFO  server.RaftServerConfigKeys (ConfUtils.java:logGet(44)) - raft.server.log.statemachine.data.sync.timeout.retry = -1 (default)
2021-10-31 01:03:36,207 [pool-97-thread-1] INFO  server.RaftServerConfigKeys (ConfUtils.java:logGet(44)) - raft.server.log.write.buffer.size = 1048576 (custom)
2021-10-31 01:03:36,211 [pool-97-thread-1] INFO  server.RaftServerConfigKeys (ConfUtils.java:logGet(44)) - raft.server.log.statemachine.data.caching.enabled = true (custom)
2021-10-31 01:03:36,212 [pool-97-thread-1] INFO  segmented.SegmentedRaftLogWorker (SegmentedRaftLogWorker.java:lambda$new$0(133)) - 1b81dd96-85e5-46dc-89c9-973755fd74f9@group-395BDFDE99E8-SegmentedRaftLogWorker: flushIndex: setUnconditionally 0 -> -1
2021-10-31 01:03:36,213 [pool-97-thread-1] INFO  segmented.SegmentedRaftLogWorker (SegmentedRaftLogWorker.java:lambda$new$0(133)) - 1b81dd96-85e5-46dc-89c9-973755fd74f9@group-395BDFDE99E8-SegmentedRaftLogWorker: safeCacheEvictIndex: setUnconditionally 0 -> -1
2021-10-31 01:03:36,216 [pool-97-thread-1] INFO  server.RaftServerConfigKeys (ConfUtils.java:logGet(44)) - raft.server.snapshot.auto.trigger.enabled = true (custom)
2021-10-31 01:03:36,216 [pool-97-thread-1] INFO  server.RaftServerConfigKeys (ConfUtils.java:logGet(44)) - raft.server.snapshot.auto.trigger.threshold = 10000 (custom)
2021-10-31 01:03:36,217 [pool-97-thread-1] INFO  server.RaftServerConfigKeys (ConfUtils.java:logGet(44)) - raft.server.snapshot.retention.file.num = 5 (custom)
2021-10-31 01:03:36,217 [pool-97-thread-1] INFO  server.RaftServerConfigKeys (ConfUtils.java:logGet(44)) - raft.server.log.purge.upto.snapshot.index = false (default)
2021-10-31 01:03:36,217 [pool-97-thread-1] INFO  server.RaftServerConfigKeys (ConfUtils.java:logGet(44)) - raft.server.retrycache.expirytime = 600000ms (custom)
2021-10-31 01:03:36,217 [pool-97-thread-1] INFO  server.RaftServerConfigKeys (ConfUtils.java:logGet(44)) - raft.server.retrycache.statistics.expirytime = 100μs (default)
2021-10-31 01:03:36,219 [pool-97-thread-1] INFO  server.RaftServer$Division (RaftServerImpl.java:start(301)) - 1b81dd96-85e5-46dc-89c9-973755fd74f9@group-395BDFDE99E8: start as a follower, conf=-1: [1b81dd96-85e5-46dc-89c9-973755fd74f9|rpc:10.1.0.98:44891|priority:1], old=null
2021-10-31 01:03:36,219 [pool-97-thread-1] INFO  server.RaftServer$Division (RaftServerImpl.java:setRole(290)) - 1b81dd96-85e5-46dc-89c9-973755fd74f9@group-395BDFDE99E8: changes role from      null to FOLLOWER at term 0 for startAsFollower
2021-10-31 01:03:36,219 [pool-97-thread-1] INFO  impl.RoleInfo (RoleInfo.java:updateAndGet(130)) - 1b81dd96-85e5-46dc-89c9-973755fd74f9: start 1b81dd96-85e5-46dc-89c9-973755fd74f9@group-395BDFDE99E8-FollowerState
2021-10-31 01:03:36,219 [pool-97-thread-1] INFO  util.JmxRegister (JmxRegister.java:tryRegister(44)) - Successfully registered JMX Bean with object name Ratis:service=RaftServer,group=group-395BDFDE99E8,id=1b81dd96-85e5-46dc-89c9-973755fd74f9
2021-10-31 01:03:36,223 [Command processor thread] INFO  ratis.XceiverServerRatis (XceiverServerRatis.java:addGroup(768)) - Created group PipelineID=fcc57954-92ca-4a2b-b4ad-395bdfde99e8
2021-10-31 01:03:36,225 [Command processor thread] INFO  commandhandler.CreatePipelineCommandHandler (CreatePipelineCommandHandler.java:handle(106)) - Created Pipeline RATIS ONE PipelineID=fcc57954-92ca-4a2b-b4ad-395bdfde99e8.
2021-10-31 01:03:36,226 [Command processor thread] INFO  server.RaftServer (RaftServerProxy.java:addNew(95)) - 1b81dd96-85e5-46dc-89c9-973755fd74f9: addNew group-8F572447DBD7:[64fce9c9-b0bf-428e-b112-2418aa6d81be|rpc:10.1.0.98:37719|priority:0, 1b81dd96-85e5-46dc-89c9-973755fd74f9|rpc:10.1.0.98:44891|priority:1, 4fe03719-c323-4acc-b4e8-a1a5c546f443|rpc:10.1.0.98:34073|priority:0] returns group-8F572447DBD7:java.util.concurrent.CompletableFuture@29d0f4b6[Not completed]
2021-10-31 01:03:36,229 [pool-97-thread-1] INFO  server.RaftServer$Division (RaftServerImpl.java:<init>(184)) - 1b81dd96-85e5-46dc-89c9-973755fd74f9: new RaftServerImpl for group-8F572447DBD7:[64fce9c9-b0bf-428e-b112-2418aa6d81be|rpc:10.1.0.98:37719|priority:0, 1b81dd96-85e5-46dc-89c9-973755fd74f9|rpc:10.1.0.98:44891|priority:1, 4fe03719-c323-4acc-b4e8-a1a5c546f443|rpc:10.1.0.98:34073|priority:0] with ContainerStateMachine:uninitialized
2021-10-31 01:03:36,230 [pool-97-thread-1] INFO  server.RaftServerConfigKeys (ConfUtils.java:logGet(44)) - raft.server.rpc.timeout.min = 5s (custom)
2021-10-31 01:03:36,230 [pool-97-thread-1] INFO  server.RaftServerConfigKeys (ConfUtils.java:logGet(44)) - raft.server.rpc.timeout.max = 5200ms (custom)
2021-10-31 01:03:36,230 [pool-97-thread-1] INFO  server.RaftServerConfigKeys (ConfUtils.java:logGet(44)) - raft.server.rpc.sleep.time = 25ms (default)
2021-10-31 01:03:36,230 [pool-97-thread-1] INFO  server.RaftServerConfigKeys (ConfUtils.java:logGet(44)) - raft.server.rpc.slowness.timeout = 300s (custom)
2021-10-31 01:03:36,230 [pool-97-thread-1] INFO  server.RaftServerConfigKeys (ConfUtils.java:logGet(44)) - raft.server.leaderelection.leader.step-down.wait-time = 10s (default)
2021-10-31 01:03:36,229 [EventQueue-PipelineReportForPipelineReportHandler] INFO  pipeline.PipelineManagerImpl (PipelineManagerImpl.java:openPipeline(289)) - Pipeline Pipeline[ Id: fcc57954-92ca-4a2b-b4ad-395bdfde99e8, Nodes: 1b81dd96-85e5-46dc-89c9-973755fd74f9{ip: 10.1.0.98, host: fv-az50-512.grzltbmokehuzjyc5b133kdqgh.cx.internal.cloudapp.net, ports: [REPLICATION=32905, RATIS=44891, RATIS_ADMIN=44891, RATIS_SERVER=44891, STANDALONE=44947], networkLocation: /default-rack, certSerialId: null, persistedOpState: IN_SERVICE, persistedOpStateExpiryEpochSec: 0}, ReplicationConfig: RATIS/ONE, State:ALLOCATED, leaderId:1b81dd96-85e5-46dc-89c9-973755fd74f9, CreationTimestamp2021-10-31T01:03:33.211Z[Etc/UTC]] moved to OPEN state
2021-10-31 01:03:36,231 [pool-97-thread-1] INFO  server.RaftServerConfigKeys (ConfUtils.java:logGet(44)) - raft.server.sleep.deviation.threshold = 300ms (default)
2021-10-31 01:03:36,231 [pool-97-thread-1] INFO  server.RaftServerConfigKeys (ConfUtils.java:logGet(44)) - raft.server.log.appender.install.snapshot.enabled = false (custom)
2021-10-31 01:03:36,231 [pool-97-thread-1] INFO  server.RaftServer$Division (ServerState.java:<init>(105)) - 1b81dd96-85e5-46dc-89c9-973755fd74f9@group-8F572447DBD7: ConfigurationManager, init=-1: [64fce9c9-b0bf-428e-b112-2418aa6d81be|rpc:10.1.0.98:37719|priority:0, 1b81dd96-85e5-46dc-89c9-973755fd74f9|rpc:10.1.0.98:44891|priority:1, 4fe03719-c323-4acc-b4e8-a1a5c546f443|rpc:10.1.0.98:34073|priority:0], old=null, confs=<EMPTY_MAP>
2021-10-31 01:03:36,231 [pool-97-thread-1] INFO  server.RaftServerConfigKeys (ConfUtils.java:logGet(44)) - raft.server.storage.dir = [/home/runner/work/ozone/ozone/hadoop-ozone/integration-test/target/test-dir/MiniOzoneClusterImpl-b8864bcf-37cc-42b5-82cc-559abfd78a8f/datanode-0/data/ratis] (custom)
2021-10-31 01:03:36,232 [pool-97-thread-1] INFO  server.RaftServerConfigKeys (ConfUtils.java:logGet(44)) - raft.server.log.corruption.policy = EXCEPTION (default)
2021-10-31 01:03:36,232 [pool-97-thread-1] INFO  server.RaftServerConfigKeys (ConfUtils.java:logGet(44)) - raft.server.storage.free-space.min = 0MB (=0) (default)
2021-10-31 01:03:36,232 [pool-97-thread-1] INFO  storage.RaftStorageDirectory (RaftStorageDirectoryImpl.java:analyzeStorage(135)) - The storage directory /home/runner/work/ozone/ozone/hadoop-ozone/integration-test/target/test-dir/MiniOzoneClusterImpl-b8864bcf-37cc-42b5-82cc-559abfd78a8f/datanode-0/data/ratis/68d4ea20-f63b-4053-b203-8f572447dbd7 does not exist. Creating ...
2021-10-31 01:03:36,234 [EventQueue-OpenPipelineForHealthyPipelineSafeModeRule] INFO  safemode.SCMSafeModeManager (HealthyPipelineSafeModeRule.java:process(124)) - SCM in safe mode. Healthy pipelines reported count is 0, required healthy pipeline reported count is 1
2021-10-31 01:03:36,235 [pool-97-thread-1] INFO  storage.RaftStorageDirectory (RaftStorageDirectoryImpl.java:tryLock(230)) - Lock on /home/runner/work/ozone/ozone/hadoop-ozone/integration-test/target/test-dir/MiniOzoneClusterImpl-b8864bcf-37cc-42b5-82cc-559abfd78a8f/datanode-0/data/ratis/68d4ea20-f63b-4053-b203-8f572447dbd7/in_use.lock acquired by nodename 14068@fv-az50-512
2021-10-31 01:03:36,237 [pool-97-thread-1] INFO  storage.RaftStorage (RaftStorageImpl.java:format(89)) - Storage directory /home/runner/work/ozone/ozone/hadoop-ozone/integration-test/target/test-dir/MiniOzoneClusterImpl-b8864bcf-37cc-42b5-82cc-559abfd78a8f/datanode-0/data/ratis/68d4ea20-f63b-4053-b203-8f572447dbd7 has been successfully formatted.
2021-10-31 01:03:36,237 [pool-97-thread-1] INFO  ratis.ContainerStateMachine (ContainerStateMachine.java:loadSnapshot(224)) - group-8F572447DBD7: The snapshot info is null. Setting the last applied indexto:(t:0, i:~)
2021-10-31 01:03:36,238 [pool-97-thread-1] INFO  server.RaftServerConfigKeys (ConfUtils.java:logGet(44)) - raft.server.notification.no-leader.timeout = 300s (custom)
2021-10-31 01:03:36,241 [pool-97-thread-1] INFO  server.RaftServerConfigKeys (ConfUtils.java:logGet(44)) - raft.server.log.use.memory = false (default)
2021-10-31 01:03:36,241 [pool-97-thread-1] INFO  server.RaftServerConfigKeys (ConfUtils.java:logGet(44)) - raft.server.log.purge.gap = 1000000 (custom)
2021-10-31 01:03:36,241 [pool-97-thread-1] INFO  server.RaftServerConfigKeys (ConfUtils.java:logGet(44)) - raft.server.log.appender.buffer.byte-limit = 33554432 (custom)
2021-10-31 01:03:36,239 [EventQueue-OpenPipelineForHealthyPipelineSafeModeRule] INFO  safemode.SCMSafeModeManager (HealthyPipelineSafeModeRule.java:process(124)) - SCM in safe mode. Healthy pipelines reported count is 0, required healthy pipeline reported count is 1
2021-10-31 01:03:36,243 [pool-97-thread-1] INFO  server.RaftServerConfigKeys (ConfUtils.java:logGet(44)) - raft.server.log.segment.size.max = 1048576 (custom)
2021-10-31 01:03:36,243 [pool-97-thread-1] INFO  server.RaftServerConfigKeys (ConfUtils.java:logGet(44)) - raft.server.log.segment.cache.num.max = 2 (custom)
2021-10-31 01:03:36,243 [pool-97-thread-1] INFO  server.RaftServerConfigKeys (ConfUtils.java:logGet(44)) - raft.server.log.segment.cache.size.max = 200MB (=209715200) (default)
2021-10-31 01:03:36,243 [pool-97-thread-1] INFO  segmented.SegmentedRaftLogWorker (SegmentedRaftLogWorker.java:<init>(182)) - new 1b81dd96-85e5-46dc-89c9-973755fd74f9@group-8F572447DBD7-SegmentedRaftLogWorker for RaftStorageImpl:Storage Directory /home/runner/work/ozone/ozone/hadoop-ozone/integration-test/target/test-dir/MiniOzoneClusterImpl-b8864bcf-37cc-42b5-82cc-559abfd78a8f/datanode-0/data/ratis/68d4ea20-f63b-4053-b203-8f572447dbd7
2021-10-31 01:03:36,244 [pool-97-thread-1] INFO  server.RaftServerConfigKeys (ConfUtils.java:logGet(44)) - raft.server.log.queue.byte-limit = 2147483647 (custom)
2021-10-31 01:03:36,244 [pool-97-thread-1] INFO  server.RaftServerConfigKeys (ConfUtils.java:logGet(44)) - raft.server.log.queue.element-limit = 1024 (custom)
2021-10-31 01:03:36,244 [pool-97-thread-1] INFO  server.RaftServerConfigKeys (ConfUtils.java:logGet(44)) - raft.server.log.segment.size.max = 1048576 (custom)
2021-10-31 01:03:36,244 [pool-97-thread-1] INFO  server.RaftServerConfigKeys (ConfUtils.java:logGet(44)) - raft.server.log.preallocated.size = 16384 (custom)
2021-10-31 01:03:36,244 [pool-97-thread-1] INFO  server.RaftServerConfigKeys (ConfUtils.java:logGet(44)) - raft.server.log.force.sync.num = 128 (default)
2021-10-31 01:03:36,244 [pool-97-thread-1] INFO  server.RaftServerConfigKeys (ConfUtils.java:logGet(44)) - raft.server.log.statemachine.data.sync = true (default)
2021-10-31 01:03:36,245 [pool-97-thread-1] INFO  server.RaftServerConfigKeys (ConfUtils.java:logGet(44)) - raft.server.log.statemachine.data.sync.timeout = 10s (default)
2021-10-31 01:03:36,245 [pool-97-thread-1] INFO  server.RaftServerConfigKeys (ConfUtils.java:logGet(44)) - raft.server.log.statemachine.data.sync.timeout.retry = -1 (default)
2021-10-31 01:03:36,246 [pool-97-thread-1] INFO  server.RaftServerConfigKeys (ConfUtils.java:logGet(44)) - raft.server.log.write.buffer.size = 1048576 (custom)
2021-10-31 01:03:36,247 [pool-97-thread-1] INFO  server.RaftServerConfigKeys (ConfUtils.java:logGet(44)) - raft.server.log.statemachine.data.caching.enabled = true (custom)
2021-10-31 01:03:36,247 [pool-97-thread-1] INFO  segmented.SegmentedRaftLogWorker (SegmentedRaftLogWorker.java:lambda$new$0(133)) - 1b81dd96-85e5-46dc-89c9-973755fd74f9@group-8F572447DBD7-SegmentedRaftLogWorker: flushIndex: setUnconditionally 0 -> -1
2021-10-31 01:03:36,247 [pool-97-thread-1] INFO  segmented.SegmentedRaftLogWorker (SegmentedRaftLogWorker.java:lambda$new$0(133)) - 1b81dd96-85e5-46dc-89c9-973755fd74f9@group-8F572447DBD7-SegmentedRaftLogWorker: safeCacheEvictIndex: setUnconditionally 0 -> -1
2021-10-31 01:03:36,249 [pool-97-thread-1] INFO  server.RaftServerConfigKeys (ConfUtils.java:logGet(44)) - raft.server.snapshot.auto.trigger.enabled = true (custom)
2021-10-31 01:03:36,249 [pool-97-thread-1] INFO  server.RaftServerConfigKeys (ConfUtils.java:logGet(44)) - raft.server.snapshot.auto.trigger.threshold = 10000 (custom)
2021-10-31 01:03:36,249 [pool-97-thread-1] INFO  server.RaftServerConfigKeys (ConfUtils.java:logGet(44)) - raft.server.snapshot.retention.file.num = 5 (custom)
2021-10-31 01:03:36,250 [pool-97-thread-1] INFO  server.RaftServerConfigKeys (ConfUtils.java:logGet(44)) - raft.server.log.purge.upto.snapshot.index = false (default)
2021-10-31 01:03:36,250 [pool-97-thread-1] INFO  server.RaftServerConfigKeys (ConfUtils.java:logGet(44)) - raft.server.retrycache.expirytime = 600000ms (custom)
2021-10-31 01:03:36,250 [pool-97-thread-1] INFO  server.RaftServerConfigKeys (ConfUtils.java:logGet(44)) - raft.server.retrycache.statistics.expirytime = 100μs (default)
2021-10-31 01:03:36,251 [pool-97-thread-1] INFO  server.RaftServer$Division (RaftServerImpl.java:start(301)) - 1b81dd96-85e5-46dc-89c9-973755fd74f9@group-8F572447DBD7: start as a follower, conf=-1: [64fce9c9-b0bf-428e-b112-2418aa6d81be|rpc:10.1.0.98:37719|priority:0, 1b81dd96-85e5-46dc-89c9-973755fd74f9|rpc:10.1.0.98:44891|priority:1, 4fe03719-c323-4acc-b4e8-a1a5c546f443|rpc:10.1.0.98:34073|priority:0], old=null
2021-10-31 01:03:36,252 [pool-97-thread-1] INFO  server.RaftServer$Division (RaftServerImpl.java:setRole(290)) - 1b81dd96-85e5-46dc-89c9-973755fd74f9@group-8F572447DBD7: changes role from      null to FOLLOWER at term 0 for startAsFollower
2021-10-31 01:03:36,252 [pool-97-thread-1] INFO  impl.RoleInfo (RoleInfo.java:updateAndGet(130)) - 1b81dd96-85e5-46dc-89c9-973755fd74f9: start 1b81dd96-85e5-46dc-89c9-973755fd74f9@group-8F572447DBD7-FollowerState
2021-10-31 01:03:36,259 [pool-97-thread-1] INFO  util.JmxRegister (JmxRegister.java:tryRegister(44)) - Successfully registered JMX Bean with object name Ratis:service=RaftServer,group=group-8F572447DBD7,id=1b81dd96-85e5-46dc-89c9-973755fd74f9
2021-10-31 01:03:36,260 [Command processor thread] INFO  ratis.XceiverServerRatis (XceiverServerRatis.java:addGroup(768)) - Created group PipelineID=68d4ea20-f63b-4053-b203-8f572447dbd7
2021-10-31 01:03:36,332 [grpc-default-executor-4] INFO  server.RaftServer (RaftServerProxy.java:addNew(95)) - 64fce9c9-b0bf-428e-b112-2418aa6d81be: addNew group-8F572447DBD7:[64fce9c9-b0bf-428e-b112-2418aa6d81be|rpc:10.1.0.98:37719|dataStream:|priority:0, 1b81dd96-85e5-46dc-89c9-973755fd74f9|rpc:10.1.0.98:44891|dataStream:|priority:1, 4fe03719-c323-4acc-b4e8-a1a5c546f443|rpc:10.1.0.98:34073|dataStream:|priority:0] returns group-8F572447DBD7:java.util.concurrent.CompletableFuture@9917e8b[Not completed]
2021-10-31 01:03:36,334 [pool-135-thread-1] INFO  server.RaftServer$Division (RaftServerImpl.java:<init>(184)) - 64fce9c9-b0bf-428e-b112-2418aa6d81be: new RaftServerImpl for group-8F572447DBD7:[64fce9c9-b0bf-428e-b112-2418aa6d81be|rpc:10.1.0.98:37719|dataStream:|priority:0, 1b81dd96-85e5-46dc-89c9-973755fd74f9|rpc:10.1.0.98:44891|dataStream:|priority:1, 4fe03719-c323-4acc-b4e8-a1a5c546f443|rpc:10.1.0.98:34073|dataStream:|priority:0] with ContainerStateMachine:uninitialized
2021-10-31 01:03:36,335 [pool-135-thread-1] INFO  server.RaftServerConfigKeys (ConfUtils.java:logGet(44)) - raft.server.rpc.timeout.min = 5s (custom)
2021-10-31 01:03:36,335 [pool-135-thread-1] INFO  server.RaftServerConfigKeys (ConfUtils.java:logGet(44)) - raft.server.rpc.timeout.max = 5200ms (custom)
2021-10-31 01:03:36,335 [pool-135-thread-1] INFO  server.RaftServerConfigKeys (ConfUtils.java:logGet(44)) - raft.server.rpc.sleep.time = 25ms (default)
2021-10-31 01:03:36,335 [pool-135-thread-1] INFO  server.RaftServerConfigKeys (ConfUtils.java:logGet(44)) - raft.server.rpc.slowness.timeout = 300s (custom)
2021-10-31 01:03:36,335 [pool-135-thread-1] INFO  server.RaftServerConfigKeys (ConfUtils.java:logGet(44)) - raft.server.leaderelection.leader.step-down.wait-time = 10s (default)
2021-10-31 01:03:36,336 [pool-135-thread-1] INFO  server.RaftServerConfigKeys (ConfUtils.java:logGet(44)) - raft.server.sleep.deviation.threshold = 300ms (default)
2021-10-31 01:03:36,336 [pool-135-thread-1] INFO  server.RaftServerConfigKeys (ConfUtils.java:logGet(44)) - raft.server.log.appender.install.snapshot.enabled = false (custom)
2021-10-31 01:03:36,336 [pool-135-thread-1] INFO  server.RaftServer$Division (ServerState.java:<init>(105)) - 64fce9c9-b0bf-428e-b112-2418aa6d81be@group-8F572447DBD7: ConfigurationManager, init=-1: [64fce9c9-b0bf-428e-b112-2418aa6d81be|rpc:10.1.0.98:37719|dataStream:|priority:0, 1b81dd96-85e5-46dc-89c9-973755fd74f9|rpc:10.1.0.98:44891|dataStream:|priority:1, 4fe03719-c323-4acc-b4e8-a1a5c546f443|rpc:10.1.0.98:34073|dataStream:|priority:0], old=null, confs=<EMPTY_MAP>
2021-10-31 01:03:36,336 [pool-135-thread-1] INFO  server.RaftServerConfigKeys (ConfUtils.java:logGet(44)) - raft.server.storage.dir = [/home/runner/work/ozone/ozone/hadoop-ozone/integration-test/target/test-dir/MiniOzoneClusterImpl-b8864bcf-37cc-42b5-82cc-559abfd78a8f/datanode-2/data/ratis] (custom)
2021-10-31 01:03:36,336 [pool-135-thread-1] INFO  server.RaftServerConfigKeys (ConfUtils.java:logGet(44)) - raft.server.log.corruption.policy = EXCEPTION (default)
2021-10-31 01:03:36,336 [pool-135-thread-1] INFO  server.RaftServerConfigKeys (ConfUtils.java:logGet(44)) - raft.server.storage.free-space.min = 0MB (=0) (default)
2021-10-31 01:03:36,337 [pool-135-thread-1] INFO  storage.RaftStorageDirectory (RaftStorageDirectoryImpl.java:analyzeStorage(135)) - The storage directory /home/runner/work/ozone/ozone/hadoop-ozone/integration-test/target/test-dir/MiniOzoneClusterImpl-b8864bcf-37cc-42b5-82cc-559abfd78a8f/datanode-2/data/ratis/68d4ea20-f63b-4053-b203-8f572447dbd7 does not exist. Creating ...
2021-10-31 01:03:36,338 [pool-135-thread-1] INFO  storage.RaftStorageDirectory (RaftStorageDirectoryImpl.java:tryLock(230)) - Lock on /home/runner/work/ozone/ozone/hadoop-ozone/integration-test/target/test-dir/MiniOzoneClusterImpl-b8864bcf-37cc-42b5-82cc-559abfd78a8f/datanode-2/data/ratis/68d4ea20-f63b-4053-b203-8f572447dbd7/in_use.lock acquired by nodename 14068@fv-az50-512
2021-10-31 01:03:36,340 [pool-135-thread-1] INFO  storage.RaftStorage (RaftStorageImpl.java:format(89)) - Storage directory /home/runner/work/ozone/ozone/hadoop-ozone/integration-test/target/test-dir/MiniOzoneClusterImpl-b8864bcf-37cc-42b5-82cc-559abfd78a8f/datanode-2/data/ratis/68d4ea20-f63b-4053-b203-8f572447dbd7 has been successfully formatted.
2021-10-31 01:03:36,341 [pool-135-thread-1] INFO  ratis.ContainerStateMachine (ContainerStateMachine.java:loadSnapshot(224)) - group-8F572447DBD7: The snapshot info is null. Setting the last applied indexto:(t:0, i:~)
2021-10-31 01:03:36,345 [pool-135-thread-1] INFO  server.RaftServerConfigKeys (ConfUtils.java:logGet(44)) - raft.server.notification.no-leader.timeout = 300s (custom)
2021-10-31 01:03:36,345 [pool-135-thread-1] INFO  server.RaftServerConfigKeys (ConfUtils.java:logGet(44)) - raft.server.log.use.memory = false (default)
2021-10-31 01:03:36,345 [pool-135-thread-1] INFO  server.RaftServerConfigKeys (ConfUtils.java:logGet(44)) - raft.server.log.purge.gap = 1000000 (custom)
2021-10-31 01:03:36,345 [pool-135-thread-1] INFO  server.RaftServerConfigKeys (ConfUtils.java:logGet(44)) - raft.server.log.appender.buffer.byte-limit = 33554432 (custom)
2021-10-31 01:03:36,346 [pool-135-thread-1] INFO  server.RaftServerConfigKeys (ConfUtils.java:logGet(44)) - raft.server.log.segment.size.max = 1048576 (custom)
2021-10-31 01:03:36,346 [pool-135-thread-1] INFO  server.RaftServerConfigKeys (ConfUtils.java:logGet(44)) - raft.server.log.segment.cache.num.max = 2 (custom)
2021-10-31 01:03:36,347 [pool-135-thread-1] INFO  server.RaftServerConfigKeys (ConfUtils.java:logGet(44)) - raft.server.log.segment.cache.size.max = 200MB (=209715200) (default)
2021-10-31 01:03:36,347 [pool-135-thread-1] INFO  segmented.SegmentedRaftLogWorker (SegmentedRaftLogWorker.java:<init>(182)) - new 64fce9c9-b0bf-428e-b112-2418aa6d81be@group-8F572447DBD7-SegmentedRaftLogWorker for RaftStorageImpl:Storage Directory /home/runner/work/ozone/ozone/hadoop-ozone/integration-test/target/test-dir/MiniOzoneClusterImpl-b8864bcf-37cc-42b5-82cc-559abfd78a8f/datanode-2/data/ratis/68d4ea20-f63b-4053-b203-8f572447dbd7
2021-10-31 01:03:36,347 [pool-135-thread-1] INFO  server.RaftServerConfigKeys (ConfUtils.java:logGet(44)) - raft.server.log.queue.byte-limit = 2147483647 (custom)
2021-10-31 01:03:36,347 [pool-135-thread-1] INFO  server.RaftServerConfigKeys (ConfUtils.java:logGet(44)) - raft.server.log.queue.element-limit = 1024 (custom)
2021-10-31 01:03:36,347 [pool-135-thread-1] INFO  server.RaftServerConfigKeys (ConfUtils.java:logGet(44)) - raft.server.log.segment.size.max = 1048576 (custom)
2021-10-31 01:03:36,347 [pool-135-thread-1] INFO  server.RaftServerConfigKeys (ConfUtils.java:logGet(44)) - raft.server.log.preallocated.size = 16384 (custom)
2021-10-31 01:03:36,347 [pool-135-thread-1] INFO  server.RaftServerConfigKeys (ConfUtils.java:logGet(44)) - raft.server.log.force.sync.num = 128 (default)
2021-10-31 01:03:36,347 [pool-135-thread-1] INFO  server.RaftServerConfigKeys (ConfUtils.java:logGet(44)) - raft.server.log.statemachine.data.sync = true (default)
2021-10-31 01:03:36,347 [pool-135-thread-1] INFO  server.RaftServerConfigKeys (ConfUtils.java:logGet(44)) - raft.server.log.statemachine.data.sync.timeout = 10s (default)
2021-10-31 01:03:36,348 [pool-135-thread-1] INFO  server.RaftServerConfigKeys (ConfUtils.java:logGet(44)) - raft.server.log.statemachine.data.sync.timeout.retry = -1 (default)
2021-10-31 01:03:36,349 [pool-135-thread-1] INFO  server.RaftServerConfigKeys (ConfUtils.java:logGet(44)) - raft.server.log.write.buffer.size = 1048576 (custom)
2021-10-31 01:03:36,349 [pool-135-thread-1] INFO  server.RaftServerConfigKeys (ConfUtils.java:logGet(44)) - raft.server.log.statemachine.data.caching.enabled = true (custom)
2021-10-31 01:03:36,350 [pool-135-thread-1] INFO  segmented.SegmentedRaftLogWorker (SegmentedRaftLogWorker.java:lambda$new$0(133)) - 64fce9c9-b0bf-428e-b112-2418aa6d81be@group-8F572447DBD7-SegmentedRaftLogWorker: flushIndex: setUnconditionally 0 -> -1
2021-10-31 01:03:36,350 [pool-135-thread-1] INFO  segmented.SegmentedRaftLogWorker (SegmentedRaftLogWorker.java:lambda$new$0(133)) - 64fce9c9-b0bf-428e-b112-2418aa6d81be@group-8F572447DBD7-SegmentedRaftLogWorker: safeCacheEvictIndex: setUnconditionally 0 -> -1
2021-10-31 01:03:36,350 [pool-135-thread-1] INFO  server.RaftServerConfigKeys (ConfUtils.java:logGet(44)) - raft.server.snapshot.auto.trigger.enabled = true (custom)
2021-10-31 01:03:36,350 [pool-135-thread-1] INFO  server.RaftServerConfigKeys (ConfUtils.java:logGet(44)) - raft.server.snapshot.auto.trigger.threshold = 10000 (custom)
2021-10-31 01:03:36,350 [pool-135-thread-1] INFO  server.RaftServerConfigKeys (ConfUtils.java:logGet(44)) - raft.server.snapshot.retention.file.num = 5 (custom)
2021-10-31 01:03:36,350 [pool-135-thread-1] INFO  server.RaftServerConfigKeys (ConfUtils.java:logGet(44)) - raft.server.log.purge.upto.snapshot.index = false (default)
2021-10-31 01:03:36,351 [pool-135-thread-1] INFO  server.RaftServerConfigKeys (ConfUtils.java:logGet(44)) - raft.server.retrycache.expirytime = 600000ms (custom)
2021-10-31 01:03:36,351 [pool-135-thread-1] INFO  server.RaftServerConfigKeys (ConfUtils.java:logGet(44)) - raft.server.retrycache.statistics.expirytime = 100μs (default)
2021-10-31 01:03:36,352 [pool-135-thread-1] INFO  server.RaftServer$Division (RaftServerImpl.java:start(301)) - 64fce9c9-b0bf-428e-b112-2418aa6d81be@group-8F572447DBD7: start as a follower, conf=-1: [64fce9c9-b0bf-428e-b112-2418aa6d81be|rpc:10.1.0.98:37719|dataStream:|priority:0, 1b81dd96-85e5-46dc-89c9-973755fd74f9|rpc:10.1.0.98:44891|dataStream:|priority:1, 4fe03719-c323-4acc-b4e8-a1a5c546f443|rpc:10.1.0.98:34073|dataStream:|priority:0], old=null
2021-10-31 01:03:36,352 [pool-135-thread-1] INFO  server.RaftServer$Division (RaftServerImpl.java:setRole(290)) - 64fce9c9-b0bf-428e-b112-2418aa6d81be@group-8F572447DBD7: changes role from      null to FOLLOWER at term 0 for startAsFollower
2021-10-31 01:03:36,352 [pool-135-thread-1] INFO  impl.RoleInfo (RoleInfo.java:updateAndGet(130)) - 64fce9c9-b0bf-428e-b112-2418aa6d81be: start 64fce9c9-b0bf-428e-b112-2418aa6d81be@group-8F572447DBD7-FollowerState
2021-10-31 01:03:36,355 [pool-135-thread-1] INFO  util.JmxRegister (JmxRegister.java:tryRegister(44)) - Successfully registered JMX Bean with object name Ratis:service=RaftServer,group=group-8F572447DBD7,id=64fce9c9-b0bf-428e-b112-2418aa6d81be
2021-10-31 01:03:36,422 [grpc-default-executor-4] INFO  server.RaftServer (RaftServerProxy.java:addNew(95)) - 4fe03719-c323-4acc-b4e8-a1a5c546f443: addNew group-8F572447DBD7:[64fce9c9-b0bf-428e-b112-2418aa6d81be|rpc:10.1.0.98:37719|dataStream:|priority:0, 1b81dd96-85e5-46dc-89c9-973755fd74f9|rpc:10.1.0.98:44891|dataStream:|priority:1, 4fe03719-c323-4acc-b4e8-a1a5c546f443|rpc:10.1.0.98:34073|dataStream:|priority:0] returns group-8F572447DBD7:java.util.concurrent.CompletableFuture@1ed1e272[Not completed]
2021-10-31 01:03:36,425 [pool-116-thread-1] INFO  server.RaftServer$Division (RaftServerImpl.java:<init>(184)) - 4fe03719-c323-4acc-b4e8-a1a5c546f443: new RaftServerImpl for group-8F572447DBD7:[64fce9c9-b0bf-428e-b112-2418aa6d81be|rpc:10.1.0.98:37719|dataStream:|priority:0, 1b81dd96-85e5-46dc-89c9-973755fd74f9|rpc:10.1.0.98:44891|dataStream:|priority:1, 4fe03719-c323-4acc-b4e8-a1a5c546f443|rpc:10.1.0.98:34073|dataStream:|priority:0] with ContainerStateMachine:uninitialized
2021-10-31 01:03:36,426 [pool-116-thread-1] INFO  server.RaftServerConfigKeys (ConfUtils.java:logGet(44)) - raft.server.rpc.timeout.min = 5s (custom)
2021-10-31 01:03:36,426 [pool-116-thread-1] INFO  server.RaftServerConfigKeys (ConfUtils.java:logGet(44)) - raft.server.rpc.timeout.max = 5200ms (custom)
2021-10-31 01:03:36,426 [pool-116-thread-1] INFO  server.RaftServerConfigKeys (ConfUtils.java:logGet(44)) - raft.server.rpc.sleep.time = 25ms (default)
2021-10-31 01:03:36,426 [pool-116-thread-1] INFO  server.RaftServerConfigKeys (ConfUtils.java:logGet(44)) - raft.server.rpc.slowness.timeout = 300s (custom)
2021-10-31 01:03:36,426 [pool-116-thread-1] INFO  server.RaftServerConfigKeys (ConfUtils.java:logGet(44)) - raft.server.leaderelection.leader.step-down.wait-time = 10s (default)
2021-10-31 01:03:36,427 [pool-116-thread-1] INFO  server.RaftServerConfigKeys (ConfUtils.java:logGet(44)) - raft.server.sleep.deviation.threshold = 300ms (default)
2021-10-31 01:03:36,428 [pool-116-thread-1] INFO  server.RaftServerConfigKeys (ConfUtils.java:logGet(44)) - raft.server.log.appender.install.snapshot.enabled = false (custom)
2021-10-31 01:03:36,428 [pool-116-thread-1] INFO  server.RaftServer$Division (ServerState.java:<init>(105)) - 4fe03719-c323-4acc-b4e8-a1a5c546f443@group-8F572447DBD7: ConfigurationManager, init=-1: [64fce9c9-b0bf-428e-b112-2418aa6d81be|rpc:10.1.0.98:37719|dataStream:|priority:0, 1b81dd96-85e5-46dc-89c9-973755fd74f9|rpc:10.1.0.98:44891|dataStream:|priority:1, 4fe03719-c323-4acc-b4e8-a1a5c546f443|rpc:10.1.0.98:34073|dataStream:|priority:0], old=null, confs=<EMPTY_MAP>
2021-10-31 01:03:36,428 [pool-116-thread-1] INFO  server.RaftServerConfigKeys (ConfUtils.java:logGet(44)) - raft.server.storage.dir = [/home/runner/work/ozone/ozone/hadoop-ozone/integration-test/target/test-dir/MiniOzoneClusterImpl-b8864bcf-37cc-42b5-82cc-559abfd78a8f/datanode-1/data/ratis] (custom)
2021-10-31 01:03:36,429 [pool-116-thread-1] INFO  server.RaftServerConfigKeys (ConfUtils.java:logGet(44)) - raft.server.log.corruption.policy = EXCEPTION (default)
2021-10-31 01:03:36,429 [pool-116-thread-1] INFO  server.RaftServerConfigKeys (ConfUtils.java:logGet(44)) - raft.server.storage.free-space.min = 0MB (=0) (default)
2021-10-31 01:03:36,429 [pool-116-thread-1] INFO  storage.RaftStorageDirectory (RaftStorageDirectoryImpl.java:analyzeStorage(135)) - The storage directory /home/runner/work/ozone/ozone/hadoop-ozone/integration-test/target/test-dir/MiniOzoneClusterImpl-b8864bcf-37cc-42b5-82cc-559abfd78a8f/datanode-1/data/ratis/68d4ea20-f63b-4053-b203-8f572447dbd7 does not exist. Creating ...
2021-10-31 01:03:36,436 [pool-116-thread-1] INFO  storage.RaftStorageDirectory (RaftStorageDirectoryImpl.java:tryLock(230)) - Lock on /home/runner/work/ozone/ozone/hadoop-ozone/integration-test/target/test-dir/MiniOzoneClusterImpl-b8864bcf-37cc-42b5-82cc-559abfd78a8f/datanode-1/data/ratis/68d4ea20-f63b-4053-b203-8f572447dbd7/in_use.lock acquired by nodename 14068@fv-az50-512
2021-10-31 01:03:36,438 [pool-116-thread-1] INFO  storage.RaftStorage (RaftStorageImpl.java:format(89)) - Storage directory /home/runner/work/ozone/ozone/hadoop-ozone/integration-test/target/test-dir/MiniOzoneClusterImpl-b8864bcf-37cc-42b5-82cc-559abfd78a8f/datanode-1/data/ratis/68d4ea20-f63b-4053-b203-8f572447dbd7 has been successfully formatted.
2021-10-31 01:03:36,440 [pool-116-thread-1] INFO  ratis.ContainerStateMachine (ContainerStateMachine.java:loadSnapshot(224)) - group-8F572447DBD7: The snapshot info is null. Setting the last applied indexto:(t:0, i:~)
2021-10-31 01:03:36,440 [pool-116-thread-1] INFO  server.RaftServerConfigKeys (ConfUtils.java:logGet(44)) - raft.server.notification.no-leader.timeout = 300s (custom)
2021-10-31 01:03:36,441 [pool-116-thread-1] INFO  server.RaftServerConfigKeys (ConfUtils.java:logGet(44)) - raft.server.log.use.memory = false (default)
2021-10-31 01:03:36,441 [pool-116-thread-1] INFO  server.RaftServerConfigKeys (ConfUtils.java:logGet(44)) - raft.server.log.purge.gap = 1000000 (custom)
2021-10-31 01:03:36,442 [pool-116-thread-1] INFO  server.RaftServerConfigKeys (ConfUtils.java:logGet(44)) - raft.server.log.appender.buffer.byte-limit = 33554432 (custom)
2021-10-31 01:03:36,449 [pool-116-thread-1] INFO  server.RaftServerConfigKeys (ConfUtils.java:logGet(44)) - raft.server.log.segment.size.max = 1048576 (custom)
2021-10-31 01:03:36,450 [pool-116-thread-1] INFO  server.RaftServerConfigKeys (ConfUtils.java:logGet(44)) - raft.server.log.segment.cache.num.max = 2 (custom)
2021-10-31 01:03:36,450 [pool-116-thread-1] INFO  server.RaftServerConfigKeys (ConfUtils.java:logGet(44)) - raft.server.log.segment.cache.size.max = 200MB (=209715200) (default)
2021-10-31 01:03:36,451 [pool-116-thread-1] INFO  segmented.SegmentedRaftLogWorker (SegmentedRaftLogWorker.java:<init>(182)) - new 4fe03719-c323-4acc-b4e8-a1a5c546f443@group-8F572447DBD7-SegmentedRaftLogWorker for RaftStorageImpl:Storage Directory /home/runner/work/ozone/ozone/hadoop-ozone/integration-test/target/test-dir/MiniOzoneClusterImpl-b8864bcf-37cc-42b5-82cc-559abfd78a8f/datanode-1/data/ratis/68d4ea20-f63b-4053-b203-8f572447dbd7
2021-10-31 01:03:36,451 [pool-116-thread-1] INFO  server.RaftServerConfigKeys (ConfUtils.java:logGet(44)) - raft.server.log.queue.byte-limit = 2147483647 (custom)
2021-10-31 01:03:36,451 [pool-116-thread-1] INFO  server.RaftServerConfigKeys (ConfUtils.java:logGet(44)) - raft.server.log.queue.element-limit = 1024 (custom)
2021-10-31 01:03:36,451 [pool-116-thread-1] INFO  server.RaftServerConfigKeys (ConfUtils.java:logGet(44)) - raft.server.log.segment.size.max = 1048576 (custom)
2021-10-31 01:03:36,451 [pool-116-thread-1] INFO  server.RaftServerConfigKeys (ConfUtils.java:logGet(44)) - raft.server.log.preallocated.size = 16384 (custom)
2021-10-31 01:03:36,451 [pool-116-thread-1] INFO  server.RaftServerConfigKeys (ConfUtils.java:logGet(44)) - raft.server.log.force.sync.num = 128 (default)
2021-10-31 01:03:36,451 [pool-116-thread-1] INFO  server.RaftServerConfigKeys (ConfUtils.java:logGet(44)) - raft.server.log.statemachine.data.sync = true (default)
2021-10-31 01:03:36,451 [pool-116-thread-1] INFO  server.RaftServerConfigKeys (ConfUtils.java:logGet(44)) - raft.server.log.statemachine.data.sync.timeout = 10s (default)
2021-10-31 01:03:36,452 [pool-116-thread-1] INFO  server.RaftServerConfigKeys (ConfUtils.java:logGet(44)) - raft.server.log.statemachine.data.sync.timeout.retry = -1 (default)
2021-10-31 01:03:36,454 [pool-116-thread-1] INFO  server.RaftServerConfigKeys (ConfUtils.java:logGet(44)) - raft.server.log.write.buffer.size = 1048576 (custom)
2021-10-31 01:03:36,455 [pool-116-thread-1] INFO  server.RaftServerConfigKeys (ConfUtils.java:logGet(44)) - raft.server.log.statemachine.data.caching.enabled = true (custom)
2021-10-31 01:03:36,455 [pool-116-thread-1] INFO  segmented.SegmentedRaftLogWorker (SegmentedRaftLogWorker.java:lambda$new$0(133)) - 4fe03719-c323-4acc-b4e8-a1a5c546f443@group-8F572447DBD7-SegmentedRaftLogWorker: flushIndex: setUnconditionally 0 -> -1
2021-10-31 01:03:36,455 [pool-116-thread-1] INFO  segmented.SegmentedRaftLogWorker (SegmentedRaftLogWorker.java:lambda$new$0(133)) - 4fe03719-c323-4acc-b4e8-a1a5c546f443@group-8F572447DBD7-SegmentedRaftLogWorker: safeCacheEvictIndex: setUnconditionally 0 -> -1
2021-10-31 01:03:36,455 [pool-116-thread-1] INFO  server.RaftServerConfigKeys (ConfUtils.java:logGet(44)) - raft.server.snapshot.auto.trigger.enabled = true (custom)
2021-10-31 01:03:36,456 [pool-116-thread-1] INFO  server.RaftServerConfigKeys (ConfUtils.java:logGet(44)) - raft.server.snapshot.auto.trigger.threshold = 10000 (custom)
2021-10-31 01:03:36,456 [pool-116-thread-1] INFO  server.RaftServerConfigKeys (ConfUtils.java:logGet(44)) - raft.server.snapshot.retention.file.num = 5 (custom)
2021-10-31 01:03:36,456 [pool-116-thread-1] INFO  server.RaftServerConfigKeys (ConfUtils.java:logGet(44)) - raft.server.log.purge.upto.snapshot.index = false (default)
2021-10-31 01:03:36,456 [pool-116-thread-1] INFO  server.RaftServerConfigKeys (ConfUtils.java:logGet(44)) - raft.server.retrycache.expirytime = 600000ms (custom)
2021-10-31 01:03:36,456 [pool-116-thread-1] INFO  server.RaftServerConfigKeys (ConfUtils.java:logGet(44)) - raft.server.retrycache.statistics.expirytime = 100μs (default)
2021-10-31 01:03:36,457 [pool-116-thread-1] INFO  server.RaftServer$Division (RaftServerImpl.java:start(301)) - 4fe03719-c323-4acc-b4e8-a1a5c546f443@group-8F572447DBD7: start as a follower, conf=-1: [64fce9c9-b0bf-428e-b112-2418aa6d81be|rpc:10.1.0.98:37719|dataStream:|priority:0, 1b81dd96-85e5-46dc-89c9-973755fd74f9|rpc:10.1.0.98:44891|dataStream:|priority:1, 4fe03719-c323-4acc-b4e8-a1a5c546f443|rpc:10.1.0.98:34073|dataStream:|priority:0], old=null
2021-10-31 01:03:36,457 [pool-116-thread-1] INFO  server.RaftServer$Division (RaftServerImpl.java:setRole(290)) - 4fe03719-c323-4acc-b4e8-a1a5c546f443@group-8F572447DBD7: changes role from      null to FOLLOWER at term 0 for startAsFollower
2021-10-31 01:03:36,457 [pool-116-thread-1] INFO  impl.RoleInfo (RoleInfo.java:updateAndGet(130)) - 4fe03719-c323-4acc-b4e8-a1a5c546f443: start 4fe03719-c323-4acc-b4e8-a1a5c546f443@group-8F572447DBD7-FollowerState
2021-10-31 01:03:36,458 [pool-116-thread-1] INFO  util.JmxRegister (JmxRegister.java:tryRegister(44)) - Successfully registered JMX Bean with object name Ratis:service=RaftServer,group=group-8F572447DBD7,id=4fe03719-c323-4acc-b4e8-a1a5c546f443
2021-10-31 01:03:36,468 [Command processor thread] INFO  commandhandler.CreatePipelineCommandHandler (CreatePipelineCommandHandler.java:handle(106)) - Created Pipeline RATIS THREE PipelineID=68d4ea20-f63b-4053-b203-8f572447dbd7.
2021-10-31 01:03:36,469 [Command processor thread] INFO  server.RaftServer (RaftServerProxy.java:addNew(95)) - 1b81dd96-85e5-46dc-89c9-973755fd74f9: addNew group-484A3AF31A93:[64fce9c9-b0bf-428e-b112-2418aa6d81be|rpc:10.1.0.98:37719|priority:1, 1b81dd96-85e5-46dc-89c9-973755fd74f9|rpc:10.1.0.98:44891|priority:0, 4fe03719-c323-4acc-b4e8-a1a5c546f443|rpc:10.1.0.98:34073|priority:0] returns group-484A3AF31A93:java.util.concurrent.CompletableFuture@2033d4b3[Not completed]
2021-10-31 01:03:36,470 [pool-97-thread-1] INFO  server.RaftServer$Division (RaftServerImpl.java:<init>(184)) - 1b81dd96-85e5-46dc-89c9-973755fd74f9: new RaftServerImpl for group-484A3AF31A93:[64fce9c9-b0bf-428e-b112-2418aa6d81be|rpc:10.1.0.98:37719|priority:1, 1b81dd96-85e5-46dc-89c9-973755fd74f9|rpc:10.1.0.98:44891|priority:0, 4fe03719-c323-4acc-b4e8-a1a5c546f443|rpc:10.1.0.98:34073|priority:0] with ContainerStateMachine:uninitialized
2021-10-31 01:03:36,470 [pool-97-thread-1] INFO  server.RaftServerConfigKeys (ConfUtils.java:logGet(44)) - raft.server.rpc.timeout.min = 5s (custom)
2021-10-31 01:03:36,470 [pool-97-thread-1] INFO  server.RaftServerConfigKeys (ConfUtils.java:logGet(44)) - raft.server.rpc.timeout.max = 5200ms (custom)
2021-10-31 01:03:36,470 [pool-97-thread-1] INFO  server.RaftServerConfigKeys (ConfUtils.java:logGet(44)) - raft.server.rpc.sleep.time = 25ms (default)
2021-10-31 01:03:36,470 [pool-97-thread-1] INFO  server.RaftServerConfigKeys (ConfUtils.java:logGet(44)) - raft.server.rpc.slowness.timeout = 300s (custom)
2021-10-31 01:03:36,470 [pool-97-thread-1] INFO  server.RaftServerConfigKeys (ConfUtils.java:logGet(44)) - raft.server.leaderelection.leader.step-down.wait-time = 10s (default)
2021-10-31 01:03:36,470 [pool-97-thread-1] INFO  server.RaftServerConfigKeys (ConfUtils.java:logGet(44)) - raft.server.sleep.deviation.threshold = 300ms (default)
2021-10-31 01:03:36,470 [pool-97-thread-1] INFO  server.RaftServerConfigKeys (ConfUtils.java:logGet(44)) - raft.server.log.appender.install.snapshot.enabled = false (custom)
2021-10-31 01:03:36,470 [pool-97-thread-1] INFO  server.RaftServer$Division (ServerState.java:<init>(105)) - 1b81dd96-85e5-46dc-89c9-973755fd74f9@group-484A3AF31A93: ConfigurationManager, init=-1: [64fce9c9-b0bf-428e-b112-2418aa6d81be|rpc:10.1.0.98:37719|priority:1, 1b81dd96-85e5-46dc-89c9-973755fd74f9|rpc:10.1.0.98:44891|priority:0, 4fe03719-c323-4acc-b4e8-a1a5c546f443|rpc:10.1.0.98:34073|priority:0], old=null, confs=<EMPTY_MAP>
2021-10-31 01:03:36,471 [pool-97-thread-1] INFO  server.RaftServerConfigKeys (ConfUtils.java:logGet(44)) - raft.server.storage.dir = [/home/runner/work/ozone/ozone/hadoop-ozone/integration-test/target/test-dir/MiniOzoneClusterImpl-b8864bcf-37cc-42b5-82cc-559abfd78a8f/datanode-0/data/ratis] (custom)
2021-10-31 01:03:36,471 [pool-97-thread-1] INFO  server.RaftServerConfigKeys (ConfUtils.java:logGet(44)) - raft.server.log.corruption.policy = EXCEPTION (default)
2021-10-31 01:03:36,471 [pool-97-thread-1] INFO  server.RaftServerConfigKeys (ConfUtils.java:logGet(44)) - raft.server.storage.free-space.min = 0MB (=0) (default)
2021-10-31 01:03:36,471 [pool-97-thread-1] INFO  storage.RaftStorageDirectory (RaftStorageDirectoryImpl.java:analyzeStorage(135)) - The storage directory /home/runner/work/ozone/ozone/hadoop-ozone/integration-test/target/test-dir/MiniOzoneClusterImpl-b8864bcf-37cc-42b5-82cc-559abfd78a8f/datanode-0/data/ratis/07f9b43c-0ee4-4368-b53e-484a3af31a93 does not exist. Creating ...
2021-10-31 01:03:36,472 [pool-97-thread-1] INFO  storage.RaftStorageDirectory (RaftStorageDirectoryImpl.java:tryLock(230)) - Lock on /home/runner/work/ozone/ozone/hadoop-ozone/integration-test/target/test-dir/MiniOzoneClusterImpl-b8864bcf-37cc-42b5-82cc-559abfd78a8f/datanode-0/data/ratis/07f9b43c-0ee4-4368-b53e-484a3af31a93/in_use.lock acquired by nodename 14068@fv-az50-512
2021-10-31 01:03:36,474 [pool-97-thread-1] INFO  storage.RaftStorage (RaftStorageImpl.java:format(89)) - Storage directory /home/runner/work/ozone/ozone/hadoop-ozone/integration-test/target/test-dir/MiniOzoneClusterImpl-b8864bcf-37cc-42b5-82cc-559abfd78a8f/datanode-0/data/ratis/07f9b43c-0ee4-4368-b53e-484a3af31a93 has been successfully formatted.
2021-10-31 01:03:36,474 [pool-97-thread-1] INFO  ratis.ContainerStateMachine (ContainerStateMachine.java:loadSnapshot(224)) - group-484A3AF31A93: The snapshot info is null. Setting the last applied indexto:(t:0, i:~)
2021-10-31 01:03:36,475 [pool-97-thread-1] INFO  server.RaftServerConfigKeys (ConfUtils.java:logGet(44)) - raft.server.notification.no-leader.timeout = 300s (custom)
2021-10-31 01:03:36,476 [EventQueue-OpenPipelineForHealthyPipelineSafeModeRule] INFO  safemode.SCMSafeModeManager (HealthyPipelineSafeModeRule.java:process(124)) - SCM in safe mode. Healthy pipelines reported count is 0, required healthy pipeline reported count is 1
2021-10-31 01:03:36,476 [pool-97-thread-1] INFO  server.RaftServerConfigKeys (ConfUtils.java:logGet(44)) - raft.server.log.use.memory = false (default)
2021-10-31 01:03:36,477 [pool-97-thread-1] INFO  server.RaftServerConfigKeys (ConfUtils.java:logGet(44)) - raft.server.log.purge.gap = 1000000 (custom)
2021-10-31 01:03:36,477 [pool-97-thread-1] INFO  server.RaftServerConfigKeys (ConfUtils.java:logGet(44)) - raft.server.log.appender.buffer.byte-limit = 33554432 (custom)
2021-10-31 01:03:36,477 [pool-97-thread-1] INFO  server.RaftServerConfigKeys (ConfUtils.java:logGet(44)) - raft.server.log.segment.size.max = 1048576 (custom)
2021-10-31 01:03:36,478 [pool-97-thread-1] INFO  server.RaftServerConfigKeys (ConfUtils.java:logGet(44)) - raft.server.log.segment.cache.num.max = 2 (custom)
2021-10-31 01:03:36,478 [pool-97-thread-1] INFO  server.RaftServerConfigKeys (ConfUtils.java:logGet(44)) - raft.server.log.segment.cache.size.max = 200MB (=209715200) (default)
2021-10-31 01:03:36,478 [pool-97-thread-1] INFO  segmented.SegmentedRaftLogWorker (SegmentedRaftLogWorker.java:<init>(182)) - new 1b81dd96-85e5-46dc-89c9-973755fd74f9@group-484A3AF31A93-SegmentedRaftLogWorker for RaftStorageImpl:Storage Directory /home/runner/work/ozone/ozone/hadoop-ozone/integration-test/target/test-dir/MiniOzoneClusterImpl-b8864bcf-37cc-42b5-82cc-559abfd78a8f/datanode-0/data/ratis/07f9b43c-0ee4-4368-b53e-484a3af31a93
2021-10-31 01:03:36,478 [pool-97-thread-1] INFO  server.RaftServerConfigKeys (ConfUtils.java:logGet(44)) - raft.server.log.queue.byte-limit = 2147483647 (custom)
2021-10-31 01:03:36,478 [pool-97-thread-1] INFO  server.RaftServerConfigKeys (ConfUtils.java:logGet(44)) - raft.server.log.queue.element-limit = 1024 (custom)
2021-10-31 01:03:36,478 [pool-97-thread-1] INFO  server.RaftServerConfigKeys (ConfUtils.java:logGet(44)) - raft.server.log.segment.size.max = 1048576 (custom)
2021-10-31 01:03:36,478 [pool-97-thread-1] INFO  server.RaftServerConfigKeys (ConfUtils.java:logGet(44)) - raft.server.log.preallocated.size = 16384 (custom)
2021-10-31 01:03:36,478 [pool-97-thread-1] INFO  server.RaftServerConfigKeys (ConfUtils.java:logGet(44)) - raft.server.log.force.sync.num = 128 (default)
2021-10-31 01:03:36,479 [pool-97-thread-1] INFO  server.RaftServerConfigKeys (ConfUtils.java:logGet(44)) - raft.server.log.statemachine.data.sync = true (default)
2021-10-31 01:03:36,479 [pool-97-thread-1] INFO  server.RaftServerConfigKeys (ConfUtils.java:logGet(44)) - raft.server.log.statemachine.data.sync.timeout = 10s (default)
2021-10-31 01:03:36,479 [pool-97-thread-1] INFO  server.RaftServerConfigKeys (ConfUtils.java:logGet(44)) - raft.server.log.statemachine.data.sync.timeout.retry = -1 (default)
2021-10-31 01:03:36,480 [pool-97-thread-1] INFO  server.RaftServerConfigKeys (ConfUtils.java:logGet(44)) - raft.server.log.write.buffer.size = 1048576 (custom)
2021-10-31 01:03:36,480 [pool-97-thread-1] INFO  server.RaftServerConfigKeys (ConfUtils.java:logGet(44)) - raft.server.log.statemachine.data.caching.enabled = true (custom)
2021-10-31 01:03:36,481 [pool-97-thread-1] INFO  segmented.SegmentedRaftLogWorker (SegmentedRaftLogWorker.java:lambda$new$0(133)) - 1b81dd96-85e5-46dc-89c9-973755fd74f9@group-484A3AF31A93-SegmentedRaftLogWorker: flushIndex: setUnconditionally 0 -> -1
2021-10-31 01:03:36,481 [pool-97-thread-1] INFO  segmented.SegmentedRaftLogWorker (SegmentedRaftLogWorker.java:lambda$new$0(133)) - 1b81dd96-85e5-46dc-89c9-973755fd74f9@group-484A3AF31A93-SegmentedRaftLogWorker: safeCacheEvictIndex: setUnconditionally 0 -> -1
2021-10-31 01:03:36,486 [pool-97-thread-1] INFO  server.RaftServerConfigKeys (ConfUtils.java:logGet(44)) - raft.server.snapshot.auto.trigger.enabled = true (custom)
2021-10-31 01:03:36,487 [pool-97-thread-1] INFO  server.RaftServerConfigKeys (ConfUtils.java:logGet(44)) - raft.server.snapshot.auto.trigger.threshold = 10000 (custom)
2021-10-31 01:03:36,487 [pool-97-thread-1] INFO  server.RaftServerConfigKeys (ConfUtils.java:logGet(44)) - raft.server.snapshot.retention.file.num = 5 (custom)
2021-10-31 01:03:36,487 [pool-97-thread-1] INFO  server.RaftServerConfigKeys (ConfUtils.java:logGet(44)) - raft.server.log.purge.upto.snapshot.index = false (default)
2021-10-31 01:03:36,487 [pool-97-thread-1] INFO  server.RaftServerConfigKeys (ConfUtils.java:logGet(44)) - raft.server.retrycache.expirytime = 600000ms (custom)
2021-10-31 01:03:36,488 [pool-97-thread-1] INFO  server.RaftServerConfigKeys (ConfUtils.java:logGet(44)) - raft.server.retrycache.statistics.expirytime = 100μs (default)
2021-10-31 01:03:36,490 [pool-97-thread-1] INFO  server.RaftServer$Division (RaftServerImpl.java:start(301)) - 1b81dd96-85e5-46dc-89c9-973755fd74f9@group-484A3AF31A93: start as a follower, conf=-1: [64fce9c9-b0bf-428e-b112-2418aa6d81be|rpc:10.1.0.98:37719|priority:1, 1b81dd96-85e5-46dc-89c9-973755fd74f9|rpc:10.1.0.98:44891|priority:0, 4fe03719-c323-4acc-b4e8-a1a5c546f443|rpc:10.1.0.98:34073|priority:0], old=null
2021-10-31 01:03:36,491 [pool-97-thread-1] INFO  server.RaftServer$Division (RaftServerImpl.java:setRole(290)) - 1b81dd96-85e5-46dc-89c9-973755fd74f9@group-484A3AF31A93: changes role from      null to FOLLOWER at term 0 for startAsFollower
2021-10-31 01:03:36,491 [pool-97-thread-1] INFO  impl.RoleInfo (RoleInfo.java:updateAndGet(130)) - 1b81dd96-85e5-46dc-89c9-973755fd74f9: start 1b81dd96-85e5-46dc-89c9-973755fd74f9@group-484A3AF31A93-FollowerState
2021-10-31 01:03:36,493 [pool-97-thread-1] INFO  util.JmxRegister (JmxRegister.java:tryRegister(44)) - Successfully registered JMX Bean with object name Ratis:service=RaftServer,group=group-484A3AF31A93,id=1b81dd96-85e5-46dc-89c9-973755fd74f9
2021-10-31 01:03:36,494 [Command processor thread] INFO  ratis.XceiverServerRatis (XceiverServerRatis.java:addGroup(768)) - Created group PipelineID=07f9b43c-0ee4-4368-b53e-484a3af31a93
2021-10-31 01:03:36,504 [grpc-default-executor-4] INFO  server.RaftServer (RaftServerProxy.java:addNew(95)) - 4fe03719-c323-4acc-b4e8-a1a5c546f443: addNew group-484A3AF31A93:[64fce9c9-b0bf-428e-b112-2418aa6d81be|rpc:10.1.0.98:37719|dataStream:|priority:1, 1b81dd96-85e5-46dc-89c9-973755fd74f9|rpc:10.1.0.98:44891|dataStream:|priority:0, 4fe03719-c323-4acc-b4e8-a1a5c546f443|rpc:10.1.0.98:34073|dataStream:|priority:0] returns group-484A3AF31A93:java.util.concurrent.CompletableFuture@19671899[Not completed]
2021-10-31 01:03:36,505 [pool-116-thread-1] INFO  server.RaftServer$Division (RaftServerImpl.java:<init>(184)) - 4fe03719-c323-4acc-b4e8-a1a5c546f443: new RaftServerImpl for group-484A3AF31A93:[64fce9c9-b0bf-428e-b112-2418aa6d81be|rpc:10.1.0.98:37719|dataStream:|priority:1, 1b81dd96-85e5-46dc-89c9-973755fd74f9|rpc:10.1.0.98:44891|dataStream:|priority:0, 4fe03719-c323-4acc-b4e8-a1a5c546f443|rpc:10.1.0.98:34073|dataStream:|priority:0] with ContainerStateMachine:uninitialized
2021-10-31 01:03:36,505 [pool-116-thread-1] INFO  server.RaftServerConfigKeys (ConfUtils.java:logGet(44)) - raft.server.rpc.timeout.min = 5s (custom)
2021-10-31 01:03:36,505 [pool-116-thread-1] INFO  server.RaftServerConfigKeys (ConfUtils.java:logGet(44)) - raft.server.rpc.timeout.max = 5200ms (custom)
2021-10-31 01:03:36,505 [pool-116-thread-1] INFO  server.RaftServerConfigKeys (ConfUtils.java:logGet(44)) - raft.server.rpc.sleep.time = 25ms (default)
2021-10-31 01:03:36,505 [pool-116-thread-1] INFO  server.RaftServerConfigKeys (ConfUtils.java:logGet(44)) - raft.server.rpc.slowness.timeout = 300s (custom)
2021-10-31 01:03:36,505 [pool-116-thread-1] INFO  server.RaftServerConfigKeys (ConfUtils.java:logGet(44)) - raft.server.leaderelection.leader.step-down.wait-time = 10s (default)
2021-10-31 01:03:36,505 [pool-116-thread-1] INFO  server.RaftServerConfigKeys (ConfUtils.java:logGet(44)) - raft.server.sleep.deviation.threshold = 300ms (default)
2021-10-31 01:03:36,505 [pool-116-thread-1] INFO  server.RaftServerConfigKeys (ConfUtils.java:logGet(44)) - raft.server.log.appender.install.snapshot.enabled = false (custom)
2021-10-31 01:03:36,506 [pool-116-thread-1] INFO  server.RaftServer$Division (ServerState.java:<init>(105)) - 4fe03719-c323-4acc-b4e8-a1a5c546f443@group-484A3AF31A93: ConfigurationManager, init=-1: [64fce9c9-b0bf-428e-b112-2418aa6d81be|rpc:10.1.0.98:37719|dataStream:|priority:1, 1b81dd96-85e5-46dc-89c9-973755fd74f9|rpc:10.1.0.98:44891|dataStream:|priority:0, 4fe03719-c323-4acc-b4e8-a1a5c546f443|rpc:10.1.0.98:34073|dataStream:|priority:0], old=null, confs=<EMPTY_MAP>
2021-10-31 01:03:36,506 [pool-116-thread-1] INFO  server.RaftServerConfigKeys (ConfUtils.java:logGet(44)) - raft.server.storage.dir = [/home/runner/work/ozone/ozone/hadoop-ozone/integration-test/target/test-dir/MiniOzoneClusterImpl-b8864bcf-37cc-42b5-82cc-559abfd78a8f/datanode-1/data/ratis] (custom)
2021-10-31 01:03:36,506 [pool-116-thread-1] INFO  server.RaftServerConfigKeys (ConfUtils.java:logGet(44)) - raft.server.log.corruption.policy = EXCEPTION (default)
2021-10-31 01:03:36,506 [pool-116-thread-1] INFO  server.RaftServerConfigKeys (ConfUtils.java:logGet(44)) - raft.server.storage.free-space.min = 0MB (=0) (default)
2021-10-31 01:03:36,506 [pool-116-thread-1] INFO  storage.RaftStorageDirectory (RaftStorageDirectoryImpl.java:analyzeStorage(135)) - The storage directory /home/runner/work/ozone/ozone/hadoop-ozone/integration-test/target/test-dir/MiniOzoneClusterImpl-b8864bcf-37cc-42b5-82cc-559abfd78a8f/datanode-1/data/ratis/07f9b43c-0ee4-4368-b53e-484a3af31a93 does not exist. Creating ...
2021-10-31 01:03:36,507 [pool-116-thread-1] INFO  storage.RaftStorageDirectory (RaftStorageDirectoryImpl.java:tryLock(230)) - Lock on /home/runner/work/ozone/ozone/hadoop-ozone/integration-test/target/test-dir/MiniOzoneClusterImpl-b8864bcf-37cc-42b5-82cc-559abfd78a8f/datanode-1/data/ratis/07f9b43c-0ee4-4368-b53e-484a3af31a93/in_use.lock acquired by nodename 14068@fv-az50-512
2021-10-31 01:03:36,510 [pool-116-thread-1] INFO  storage.RaftStorage (RaftStorageImpl.java:format(89)) - Storage directory /home/runner/work/ozone/ozone/hadoop-ozone/integration-test/target/test-dir/MiniOzoneClusterImpl-b8864bcf-37cc-42b5-82cc-559abfd78a8f/datanode-1/data/ratis/07f9b43c-0ee4-4368-b53e-484a3af31a93 has been successfully formatted.
2021-10-31 01:03:36,510 [pool-116-thread-1] INFO  ratis.ContainerStateMachine (ContainerStateMachine.java:loadSnapshot(224)) - group-484A3AF31A93: The snapshot info is null. Setting the last applied indexto:(t:0, i:~)
2021-10-31 01:03:36,510 [pool-116-thread-1] INFO  server.RaftServerConfigKeys (ConfUtils.java:logGet(44)) - raft.server.notification.no-leader.timeout = 300s (custom)
2021-10-31 01:03:36,510 [pool-116-thread-1] INFO  server.RaftServerConfigKeys (ConfUtils.java:logGet(44)) - raft.server.log.use.memory = false (default)
2021-10-31 01:03:36,510 [pool-116-thread-1] INFO  server.RaftServerConfigKeys (ConfUtils.java:logGet(44)) - raft.server.log.purge.gap = 1000000 (custom)
2021-10-31 01:03:36,510 [pool-116-thread-1] INFO  server.RaftServerConfigKeys (ConfUtils.java:logGet(44)) - raft.server.log.appender.buffer.byte-limit = 33554432 (custom)
2021-10-31 01:03:36,516 [pool-116-thread-1] INFO  server.RaftServerConfigKeys (ConfUtils.java:logGet(44)) - raft.server.log.segment.size.max = 1048576 (custom)
2021-10-31 01:03:36,517 [pool-116-thread-1] INFO  server.RaftServerConfigKeys (ConfUtils.java:logGet(44)) - raft.server.log.segment.cache.num.max = 2 (custom)
2021-10-31 01:03:36,517 [pool-116-thread-1] INFO  server.RaftServerConfigKeys (ConfUtils.java:logGet(44)) - raft.server.log.segment.cache.size.max = 200MB (=209715200) (default)
2021-10-31 01:03:36,517 [pool-116-thread-1] INFO  segmented.SegmentedRaftLogWorker (SegmentedRaftLogWorker.java:<init>(182)) - new 4fe03719-c323-4acc-b4e8-a1a5c546f443@group-484A3AF31A93-SegmentedRaftLogWorker for RaftStorageImpl:Storage Directory /home/runner/work/ozone/ozone/hadoop-ozone/integration-test/target/test-dir/MiniOzoneClusterImpl-b8864bcf-37cc-42b5-82cc-559abfd78a8f/datanode-1/data/ratis/07f9b43c-0ee4-4368-b53e-484a3af31a93
2021-10-31 01:03:36,517 [pool-116-thread-1] INFO  server.RaftServerConfigKeys (ConfUtils.java:logGet(44)) - raft.server.log.queue.byte-limit = 2147483647 (custom)
2021-10-31 01:03:36,518 [pool-116-thread-1] INFO  server.RaftServerConfigKeys (ConfUtils.java:logGet(44)) - raft.server.log.queue.element-limit = 1024 (custom)
2021-10-31 01:03:36,518 [pool-116-thread-1] INFO  server.RaftServerConfigKeys (ConfUtils.java:logGet(44)) - raft.server.log.segment.size.max = 1048576 (custom)
2021-10-31 01:03:36,518 [pool-116-thread-1] INFO  server.RaftServerConfigKeys (ConfUtils.java:logGet(44)) - raft.server.log.preallocated.size = 16384 (custom)
2021-10-31 01:03:36,518 [pool-116-thread-1] INFO  server.RaftServerConfigKeys (ConfUtils.java:logGet(44)) - raft.server.log.force.sync.num = 128 (default)
2021-10-31 01:03:36,518 [pool-116-thread-1] INFO  server.RaftServerConfigKeys (ConfUtils.java:logGet(44)) - raft.server.log.statemachine.data.sync = true (default)
2021-10-31 01:03:36,518 [pool-116-thread-1] INFO  server.RaftServerConfigKeys (ConfUtils.java:logGet(44)) - raft.server.log.statemachine.data.sync.timeout = 10s (default)
2021-10-31 01:03:36,518 [pool-116-thread-1] INFO  server.RaftServerConfigKeys (ConfUtils.java:logGet(44)) - raft.server.log.statemachine.data.sync.timeout.retry = -1 (default)
2021-10-31 01:03:36,519 [pool-116-thread-1] INFO  server.RaftServerConfigKeys (ConfUtils.java:logGet(44)) - raft.server.log.write.buffer.size = 1048576 (custom)
2021-10-31 01:03:36,520 [pool-116-thread-1] INFO  server.RaftServerConfigKeys (ConfUtils.java:logGet(44)) - raft.server.log.statemachine.data.caching.enabled = true (custom)
2021-10-31 01:03:36,520 [pool-116-thread-1] INFO  segmented.SegmentedRaftLogWorker (SegmentedRaftLogWorker.java:lambda$new$0(133)) - 4fe03719-c323-4acc-b4e8-a1a5c546f443@group-484A3AF31A93-SegmentedRaftLogWorker: flushIndex: setUnconditionally 0 -> -1
2021-10-31 01:03:36,520 [pool-116-thread-1] INFO  segmented.SegmentedRaftLogWorker (SegmentedRaftLogWorker.java:lambda$new$0(133)) - 4fe03719-c323-4acc-b4e8-a1a5c546f443@group-484A3AF31A93-SegmentedRaftLogWorker: safeCacheEvictIndex: setUnconditionally 0 -> -1
2021-10-31 01:03:36,520 [pool-116-thread-1] INFO  server.RaftServerConfigKeys (ConfUtils.java:logGet(44)) - raft.server.snapshot.auto.trigger.enabled = true (custom)
2021-10-31 01:03:36,521 [pool-116-thread-1] INFO  server.RaftServerConfigKeys (ConfUtils.java:logGet(44)) - raft.server.snapshot.auto.trigger.threshold = 10000 (custom)
2021-10-31 01:03:36,521 [pool-116-thread-1] INFO  server.RaftServerConfigKeys (ConfUtils.java:logGet(44)) - raft.server.snapshot.retention.file.num = 5 (custom)
2021-10-31 01:03:36,521 [pool-116-thread-1] INFO  server.RaftServerConfigKeys (ConfUtils.java:logGet(44)) - raft.server.log.purge.upto.snapshot.index = false (default)
2021-10-31 01:03:36,521 [pool-116-thread-1] INFO  server.RaftServerConfigKeys (ConfUtils.java:logGet(44)) - raft.server.retrycache.expirytime = 600000ms (custom)
2021-10-31 01:03:36,521 [pool-116-thread-1] INFO  server.RaftServerConfigKeys (ConfUtils.java:logGet(44)) - raft.server.retrycache.statistics.expirytime = 100μs (default)
2021-10-31 01:03:36,522 [pool-116-thread-1] INFO  server.RaftServer$Division (RaftServerImpl.java:start(301)) - 4fe03719-c323-4acc-b4e8-a1a5c546f443@group-484A3AF31A93: start as a follower, conf=-1: [64fce9c9-b0bf-428e-b112-2418aa6d81be|rpc:10.1.0.98:37719|dataStream:|priority:1, 1b81dd96-85e5-46dc-89c9-973755fd74f9|rpc:10.1.0.98:44891|dataStream:|priority:0, 4fe03719-c323-4acc-b4e8-a1a5c546f443|rpc:10.1.0.98:34073|dataStream:|priority:0], old=null
2021-10-31 01:03:36,522 [pool-116-thread-1] INFO  server.RaftServer$Division (RaftServerImpl.java:setRole(290)) - 4fe03719-c323-4acc-b4e8-a1a5c546f443@group-484A3AF31A93: changes role from      null to FOLLOWER at term 0 for startAsFollower
2021-10-31 01:03:36,522 [pool-116-thread-1] INFO  impl.RoleInfo (RoleInfo.java:updateAndGet(130)) - 4fe03719-c323-4acc-b4e8-a1a5c546f443: start 4fe03719-c323-4acc-b4e8-a1a5c546f443@group-484A3AF31A93-FollowerState
2021-10-31 01:03:36,523 [pool-116-thread-1] INFO  util.JmxRegister (JmxRegister.java:tryRegister(44)) - Successfully registered JMX Bean with object name Ratis:service=RaftServer,group=group-484A3AF31A93,id=4fe03719-c323-4acc-b4e8-a1a5c546f443
2021-10-31 01:03:36,541 [grpc-default-executor-4] INFO  server.RaftServer (RaftServerProxy.java:addNew(95)) - 64fce9c9-b0bf-428e-b112-2418aa6d81be: addNew group-484A3AF31A93:[64fce9c9-b0bf-428e-b112-2418aa6d81be|rpc:10.1.0.98:37719|dataStream:|priority:1, 1b81dd96-85e5-46dc-89c9-973755fd74f9|rpc:10.1.0.98:44891|dataStream:|priority:0, 4fe03719-c323-4acc-b4e8-a1a5c546f443|rpc:10.1.0.98:34073|dataStream:|priority:0] returns group-484A3AF31A93:java.util.concurrent.CompletableFuture@56b04f17[Not completed]
2021-10-31 01:03:36,543 [pool-135-thread-1] INFO  server.RaftServer$Division (RaftServerImpl.java:<init>(184)) - 64fce9c9-b0bf-428e-b112-2418aa6d81be: new RaftServerImpl for group-484A3AF31A93:[64fce9c9-b0bf-428e-b112-2418aa6d81be|rpc:10.1.0.98:37719|dataStream:|priority:1, 1b81dd96-85e5-46dc-89c9-973755fd74f9|rpc:10.1.0.98:44891|dataStream:|priority:0, 4fe03719-c323-4acc-b4e8-a1a5c546f443|rpc:10.1.0.98:34073|dataStream:|priority:0] with ContainerStateMachine:uninitialized
2021-10-31 01:03:36,543 [pool-135-thread-1] INFO  server.RaftServerConfigKeys (ConfUtils.java:logGet(44)) - raft.server.rpc.timeout.min = 5s (custom)
2021-10-31 01:03:36,543 [pool-135-thread-1] INFO  server.RaftServerConfigKeys (ConfUtils.java:logGet(44)) - raft.server.rpc.timeout.max = 5200ms (custom)
2021-10-31 01:03:36,543 [pool-135-thread-1] INFO  server.RaftServerConfigKeys (ConfUtils.java:logGet(44)) - raft.server.rpc.sleep.time = 25ms (default)
2021-10-31 01:03:36,543 [pool-135-thread-1] INFO  server.RaftServerConfigKeys (ConfUtils.java:logGet(44)) - raft.server.rpc.slowness.timeout = 300s (custom)
2021-10-31 01:03:36,543 [pool-135-thread-1] INFO  server.RaftServerConfigKeys (ConfUtils.java:logGet(44)) - raft.server.leaderelection.leader.step-down.wait-time = 10s (default)
2021-10-31 01:03:36,543 [pool-135-thread-1] INFO  server.RaftServerConfigKeys (ConfUtils.java:logGet(44)) - raft.server.sleep.deviation.threshold = 300ms (default)
2021-10-31 01:03:36,543 [pool-135-thread-1] INFO  server.RaftServerConfigKeys (ConfUtils.java:logGet(44)) - raft.server.log.appender.install.snapshot.enabled = false (custom)
2021-10-31 01:03:36,544 [pool-135-thread-1] INFO  server.RaftServer$Division (ServerState.java:<init>(105)) - 64fce9c9-b0bf-428e-b112-2418aa6d81be@group-484A3AF31A93: ConfigurationManager, init=-1: [64fce9c9-b0bf-428e-b112-2418aa6d81be|rpc:10.1.0.98:37719|dataStream:|priority:1, 1b81dd96-85e5-46dc-89c9-973755fd74f9|rpc:10.1.0.98:44891|dataStream:|priority:0, 4fe03719-c323-4acc-b4e8-a1a5c546f443|rpc:10.1.0.98:34073|dataStream:|priority:0], old=null, confs=<EMPTY_MAP>
2021-10-31 01:03:36,544 [pool-135-thread-1] INFO  server.RaftServerConfigKeys (ConfUtils.java:logGet(44)) - raft.server.storage.dir = [/home/runner/work/ozone/ozone/hadoop-ozone/integration-test/target/test-dir/MiniOzoneClusterImpl-b8864bcf-37cc-42b5-82cc-559abfd78a8f/datanode-2/data/ratis] (custom)
2021-10-31 01:03:36,544 [pool-135-thread-1] INFO  server.RaftServerConfigKeys (ConfUtils.java:logGet(44)) - raft.server.log.corruption.policy = EXCEPTION (default)
2021-10-31 01:03:36,544 [pool-135-thread-1] INFO  server.RaftServerConfigKeys (ConfUtils.java:logGet(44)) - raft.server.storage.free-space.min = 0MB (=0) (default)
2021-10-31 01:03:36,544 [pool-135-thread-1] INFO  storage.RaftStorageDirectory (RaftStorageDirectoryImpl.java:analyzeStorage(135)) - The storage directory /home/runner/work/ozone/ozone/hadoop-ozone/integration-test/target/test-dir/MiniOzoneClusterImpl-b8864bcf-37cc-42b5-82cc-559abfd78a8f/datanode-2/data/ratis/07f9b43c-0ee4-4368-b53e-484a3af31a93 does not exist. Creating ...
2021-10-31 01:03:36,546 [pool-135-thread-1] INFO  storage.RaftStorageDirectory (RaftStorageDirectoryImpl.java:tryLock(230)) - Lock on /home/runner/work/ozone/ozone/hadoop-ozone/integration-test/target/test-dir/MiniOzoneClusterImpl-b8864bcf-37cc-42b5-82cc-559abfd78a8f/datanode-2/data/ratis/07f9b43c-0ee4-4368-b53e-484a3af31a93/in_use.lock acquired by nodename 14068@fv-az50-512
2021-10-31 01:03:36,555 [pool-135-thread-1] INFO  storage.RaftStorage (RaftStorageImpl.java:format(89)) - Storage directory /home/runner/work/ozone/ozone/hadoop-ozone/integration-test/target/test-dir/MiniOzoneClusterImpl-b8864bcf-37cc-42b5-82cc-559abfd78a8f/datanode-2/data/ratis/07f9b43c-0ee4-4368-b53e-484a3af31a93 has been successfully formatted.
2021-10-31 01:03:36,555 [pool-135-thread-1] INFO  ratis.ContainerStateMachine (ContainerStateMachine.java:loadSnapshot(224)) - group-484A3AF31A93: The snapshot info is null. Setting the last applied indexto:(t:0, i:~)
2021-10-31 01:03:36,555 [pool-135-thread-1] INFO  server.RaftServerConfigKeys (ConfUtils.java:logGet(44)) - raft.server.notification.no-leader.timeout = 300s (custom)
2021-10-31 01:03:36,555 [pool-135-thread-1] INFO  server.RaftServerConfigKeys (ConfUtils.java:logGet(44)) - raft.server.log.use.memory = false (default)
2021-10-31 01:03:36,555 [pool-135-thread-1] INFO  server.RaftServerConfigKeys (ConfUtils.java:logGet(44)) - raft.server.log.purge.gap = 1000000 (custom)
2021-10-31 01:03:36,555 [pool-135-thread-1] INFO  server.RaftServerConfigKeys (ConfUtils.java:logGet(44)) - raft.server.log.appender.buffer.byte-limit = 33554432 (custom)
2021-10-31 01:03:36,556 [pool-135-thread-1] INFO  server.RaftServerConfigKeys (ConfUtils.java:logGet(44)) - raft.server.log.segment.size.max = 1048576 (custom)
2021-10-31 01:03:36,556 [pool-135-thread-1] INFO  server.RaftServerConfigKeys (ConfUtils.java:logGet(44)) - raft.server.log.segment.cache.num.max = 2 (custom)
2021-10-31 01:03:36,556 [pool-135-thread-1] INFO  server.RaftServerConfigKeys (ConfUtils.java:logGet(44)) - raft.server.log.segment.cache.size.max = 200MB (=209715200) (default)
2021-10-31 01:03:36,556 [pool-135-thread-1] INFO  segmented.SegmentedRaftLogWorker (SegmentedRaftLogWorker.java:<init>(182)) - new 64fce9c9-b0bf-428e-b112-2418aa6d81be@group-484A3AF31A93-SegmentedRaftLogWorker for RaftStorageImpl:Storage Directory /home/runner/work/ozone/ozone/hadoop-ozone/integration-test/target/test-dir/MiniOzoneClusterImpl-b8864bcf-37cc-42b5-82cc-559abfd78a8f/datanode-2/data/ratis/07f9b43c-0ee4-4368-b53e-484a3af31a93
2021-10-31 01:03:36,556 [pool-135-thread-1] INFO  server.RaftServerConfigKeys (ConfUtils.java:logGet(44)) - raft.server.log.queue.byte-limit = 2147483647 (custom)
2021-10-31 01:03:36,556 [pool-135-thread-1] INFO  server.RaftServerConfigKeys (ConfUtils.java:logGet(44)) - raft.server.log.queue.element-limit = 1024 (custom)
2021-10-31 01:03:36,556 [pool-135-thread-1] INFO  server.RaftServerConfigKeys (ConfUtils.java:logGet(44)) - raft.server.log.segment.size.max = 1048576 (custom)
2021-10-31 01:03:36,556 [pool-135-thread-1] INFO  server.RaftServerConfigKeys (ConfUtils.java:logGet(44)) - raft.server.log.preallocated.size = 16384 (custom)
2021-10-31 01:03:36,556 [pool-135-thread-1] INFO  server.RaftServerConfigKeys (ConfUtils.java:logGet(44)) - raft.server.log.force.sync.num = 128 (default)
2021-10-31 01:03:36,557 [pool-135-thread-1] INFO  server.RaftServerConfigKeys (ConfUtils.java:logGet(44)) - raft.server.log.statemachine.data.sync = true (default)
2021-10-31 01:03:36,557 [pool-135-thread-1] INFO  server.RaftServerConfigKeys (ConfUtils.java:logGet(44)) - raft.server.log.statemachine.data.sync.timeout = 10s (default)
2021-10-31 01:03:36,557 [pool-135-thread-1] INFO  server.RaftServerConfigKeys (ConfUtils.java:logGet(44)) - raft.server.log.statemachine.data.sync.timeout.retry = -1 (default)
2021-10-31 01:03:36,558 [pool-135-thread-1] INFO  server.RaftServerConfigKeys (ConfUtils.java:logGet(44)) - raft.server.log.write.buffer.size = 1048576 (custom)
2021-10-31 01:03:36,559 [pool-135-thread-1] INFO  server.RaftServerConfigKeys (ConfUtils.java:logGet(44)) - raft.server.log.statemachine.data.caching.enabled = true (custom)
2021-10-31 01:03:36,559 [pool-135-thread-1] INFO  segmented.SegmentedRaftLogWorker (SegmentedRaftLogWorker.java:lambda$new$0(133)) - 64fce9c9-b0bf-428e-b112-2418aa6d81be@group-484A3AF31A93-SegmentedRaftLogWorker: flushIndex: setUnconditionally 0 -> -1
2021-10-31 01:03:36,559 [pool-135-thread-1] INFO  segmented.SegmentedRaftLogWorker (SegmentedRaftLogWorker.java:lambda$new$0(133)) - 64fce9c9-b0bf-428e-b112-2418aa6d81be@group-484A3AF31A93-SegmentedRaftLogWorker: safeCacheEvictIndex: setUnconditionally 0 -> -1
2021-10-31 01:03:36,559 [pool-135-thread-1] INFO  server.RaftServerConfigKeys (ConfUtils.java:logGet(44)) - raft.server.snapshot.auto.trigger.enabled = true (custom)
2021-10-31 01:03:36,559 [pool-135-thread-1] INFO  server.RaftServerConfigKeys (ConfUtils.java:logGet(44)) - raft.server.snapshot.auto.trigger.threshold = 10000 (custom)
2021-10-31 01:03:36,559 [pool-135-thread-1] INFO  server.RaftServerConfigKeys (ConfUtils.java:logGet(44)) - raft.server.snapshot.retention.file.num = 5 (custom)
2021-10-31 01:03:36,560 [pool-135-thread-1] INFO  server.RaftServerConfigKeys (ConfUtils.java:logGet(44)) - raft.server.log.purge.upto.snapshot.index = false (default)
2021-10-31 01:03:36,560 [pool-135-thread-1] INFO  server.RaftServerConfigKeys (ConfUtils.java:logGet(44)) - raft.server.retrycache.expirytime = 600000ms (custom)
2021-10-31 01:03:36,560 [pool-135-thread-1] INFO  server.RaftServerConfigKeys (ConfUtils.java:logGet(44)) - raft.server.retrycache.statistics.expirytime = 100μs (default)
2021-10-31 01:03:36,561 [pool-135-thread-1] INFO  server.RaftServer$Division (RaftServerImpl.java:start(301)) - 64fce9c9-b0bf-428e-b112-2418aa6d81be@group-484A3AF31A93: start as a follower, conf=-1: [64fce9c9-b0bf-428e-b112-2418aa6d81be|rpc:10.1.0.98:37719|dataStream:|priority:1, 1b81dd96-85e5-46dc-89c9-973755fd74f9|rpc:10.1.0.98:44891|dataStream:|priority:0, 4fe03719-c323-4acc-b4e8-a1a5c546f443|rpc:10.1.0.98:34073|dataStream:|priority:0], old=null
2021-10-31 01:03:36,561 [pool-135-thread-1] INFO  server.RaftServer$Division (RaftServerImpl.java:setRole(290)) - 64fce9c9-b0bf-428e-b112-2418aa6d81be@group-484A3AF31A93: changes role from      null to FOLLOWER at term 0 for startAsFollower
2021-10-31 01:03:36,561 [pool-135-thread-1] INFO  impl.RoleInfo (RoleInfo.java:updateAndGet(130)) - 64fce9c9-b0bf-428e-b112-2418aa6d81be: start 64fce9c9-b0bf-428e-b112-2418aa6d81be@group-484A3AF31A93-FollowerState
2021-10-31 01:03:36,562 [pool-135-thread-1] INFO  util.JmxRegister (JmxRegister.java:tryRegister(44)) - Successfully registered JMX Bean with object name Ratis:service=RaftServer,group=group-484A3AF31A93,id=64fce9c9-b0bf-428e-b112-2418aa6d81be
2021-10-31 01:03:36,573 [Command processor thread] INFO  commandhandler.CreatePipelineCommandHandler (CreatePipelineCommandHandler.java:handle(106)) - Created Pipeline RATIS THREE PipelineID=07f9b43c-0ee4-4368-b53e-484a3af31a93.
2021-10-31 01:03:36,683 [Command processor thread] INFO  server.RaftServer (RaftServerProxy.java:addNew(95)) - 4fe03719-c323-4acc-b4e8-a1a5c546f443: addNew group-6B0F9F102959:[4fe03719-c323-4acc-b4e8-a1a5c546f443|rpc:10.1.0.98:34073|priority:1] returns group-6B0F9F102959:java.util.concurrent.CompletableFuture@2279c388[Not completed]
2021-10-31 01:03:36,684 [pool-116-thread-1] INFO  server.RaftServer$Division (RaftServerImpl.java:<init>(184)) - 4fe03719-c323-4acc-b4e8-a1a5c546f443: new RaftServerImpl for group-6B0F9F102959:[4fe03719-c323-4acc-b4e8-a1a5c546f443|rpc:10.1.0.98:34073|priority:1] with ContainerStateMachine:uninitialized
2021-10-31 01:03:36,684 [pool-116-thread-1] INFO  server.RaftServerConfigKeys (ConfUtils.java:logGet(44)) - raft.server.rpc.timeout.min = 5s (custom)
2021-10-31 01:03:36,684 [pool-116-thread-1] INFO  server.RaftServerConfigKeys (ConfUtils.java:logGet(44)) - raft.server.rpc.timeout.max = 5200ms (custom)
2021-10-31 01:03:36,684 [pool-116-thread-1] INFO  server.RaftServerConfigKeys (ConfUtils.java:logGet(44)) - raft.server.rpc.sleep.time = 25ms (default)
2021-10-31 01:03:36,685 [pool-116-thread-1] INFO  server.RaftServerConfigKeys (ConfUtils.java:logGet(44)) - raft.server.rpc.slowness.timeout = 300s (custom)
2021-10-31 01:03:36,685 [pool-116-thread-1] INFO  server.RaftServerConfigKeys (ConfUtils.java:logGet(44)) - raft.server.leaderelection.leader.step-down.wait-time = 10s (default)
2021-10-31 01:03:36,685 [pool-116-thread-1] INFO  server.RaftServerConfigKeys (ConfUtils.java:logGet(44)) - raft.server.sleep.deviation.threshold = 300ms (default)
2021-10-31 01:03:36,685 [pool-116-thread-1] INFO  server.RaftServerConfigKeys (ConfUtils.java:logGet(44)) - raft.server.log.appender.install.snapshot.enabled = false (custom)
2021-10-31 01:03:36,685 [pool-116-thread-1] INFO  server.RaftServer$Division (ServerState.java:<init>(105)) - 4fe03719-c323-4acc-b4e8-a1a5c546f443@group-6B0F9F102959: ConfigurationManager, init=-1: [4fe03719-c323-4acc-b4e8-a1a5c546f443|rpc:10.1.0.98:34073|priority:1], old=null, confs=<EMPTY_MAP>
2021-10-31 01:03:36,685 [pool-116-thread-1] INFO  server.RaftServerConfigKeys (ConfUtils.java:logGet(44)) - raft.server.storage.dir = [/home/runner/work/ozone/ozone/hadoop-ozone/integration-test/target/test-dir/MiniOzoneClusterImpl-b8864bcf-37cc-42b5-82cc-559abfd78a8f/datanode-1/data/ratis] (custom)
2021-10-31 01:03:36,685 [pool-116-thread-1] INFO  server.RaftServerConfigKeys (ConfUtils.java:logGet(44)) - raft.server.log.corruption.policy = EXCEPTION (default)
2021-10-31 01:03:36,686 [pool-116-thread-1] INFO  server.RaftServerConfigKeys (ConfUtils.java:logGet(44)) - raft.server.storage.free-space.min = 0MB (=0) (default)
2021-10-31 01:03:36,686 [pool-116-thread-1] INFO  storage.RaftStorageDirectory (RaftStorageDirectoryImpl.java:analyzeStorage(135)) - The storage directory /home/runner/work/ozone/ozone/hadoop-ozone/integration-test/target/test-dir/MiniOzoneClusterImpl-b8864bcf-37cc-42b5-82cc-559abfd78a8f/datanode-1/data/ratis/c9748e32-8b95-4df3-a142-6b0f9f102959 does not exist. Creating ...
2021-10-31 01:03:36,688 [pool-116-thread-1] INFO  storage.RaftStorageDirectory (RaftStorageDirectoryImpl.java:tryLock(230)) - Lock on /home/runner/work/ozone/ozone/hadoop-ozone/integration-test/target/test-dir/MiniOzoneClusterImpl-b8864bcf-37cc-42b5-82cc-559abfd78a8f/datanode-1/data/ratis/c9748e32-8b95-4df3-a142-6b0f9f102959/in_use.lock acquired by nodename 14068@fv-az50-512
2021-10-31 01:03:36,690 [pool-116-thread-1] INFO  storage.RaftStorage (RaftStorageImpl.java:format(89)) - Storage directory /home/runner/work/ozone/ozone/hadoop-ozone/integration-test/target/test-dir/MiniOzoneClusterImpl-b8864bcf-37cc-42b5-82cc-559abfd78a8f/datanode-1/data/ratis/c9748e32-8b95-4df3-a142-6b0f9f102959 has been successfully formatted.
2021-10-31 01:03:36,691 [pool-116-thread-1] INFO  ratis.ContainerStateMachine (ContainerStateMachine.java:loadSnapshot(224)) - group-6B0F9F102959: The snapshot info is null. Setting the last applied indexto:(t:0, i:~)
2021-10-31 01:03:36,691 [pool-116-thread-1] INFO  server.RaftServerConfigKeys (ConfUtils.java:logGet(44)) - raft.server.notification.no-leader.timeout = 300s (custom)
2021-10-31 01:03:36,691 [pool-116-thread-1] INFO  server.RaftServerConfigKeys (ConfUtils.java:logGet(44)) - raft.server.log.use.memory = false (default)
2021-10-31 01:03:36,693 [EventQueue-PipelineReportForPipelineReportHandler] INFO  pipeline.PipelineManagerImpl (PipelineManagerImpl.java:openPipeline(289)) - Pipeline Pipeline[ Id: c9748e32-8b95-4df3-a142-6b0f9f102959, Nodes: 4fe03719-c323-4acc-b4e8-a1a5c546f443{ip: 10.1.0.98, host: fv-az50-512.grzltbmokehuzjyc5b133kdqgh.cx.internal.cloudapp.net, ports: [REPLICATION=42347, RATIS=34073, RATIS_ADMIN=34073, RATIS_SERVER=34073, STANDALONE=40399], networkLocation: /default-rack, certSerialId: null, persistedOpState: IN_SERVICE, persistedOpStateExpiryEpochSec: 0}, ReplicationConfig: RATIS/ONE, State:ALLOCATED, leaderId:4fe03719-c323-4acc-b4e8-a1a5c546f443, CreationTimestamp2021-10-31T01:03:33.687Z[Etc/UTC]] moved to OPEN state
2021-10-31 01:03:36,698 [EventQueue-OpenPipelineForHealthyPipelineSafeModeRule] INFO  safemode.SCMSafeModeManager (HealthyPipelineSafeModeRule.java:process(124)) - SCM in safe mode. Healthy pipelines reported count is 0, required healthy pipeline reported count is 1
2021-10-31 01:03:36,699 [pool-116-thread-1] INFO  server.RaftServerConfigKeys (ConfUtils.java:logGet(44)) - raft.server.log.purge.gap = 1000000 (custom)
2021-10-31 01:03:36,700 [pool-116-thread-1] INFO  server.RaftServerConfigKeys (ConfUtils.java:logGet(44)) - raft.server.log.appender.buffer.byte-limit = 33554432 (custom)
2021-10-31 01:03:36,700 [pool-116-thread-1] INFO  server.RaftServerConfigKeys (ConfUtils.java:logGet(44)) - raft.server.log.segment.size.max = 1048576 (custom)
2021-10-31 01:03:36,701 [pool-116-thread-1] INFO  server.RaftServerConfigKeys (ConfUtils.java:logGet(44)) - raft.server.log.segment.cache.num.max = 2 (custom)
2021-10-31 01:03:36,701 [pool-116-thread-1] INFO  server.RaftServerConfigKeys (ConfUtils.java:logGet(44)) - raft.server.log.segment.cache.size.max = 200MB (=209715200) (default)
2021-10-31 01:03:36,701 [pool-116-thread-1] INFO  segmented.SegmentedRaftLogWorker (SegmentedRaftLogWorker.java:<init>(182)) - new 4fe03719-c323-4acc-b4e8-a1a5c546f443@group-6B0F9F102959-SegmentedRaftLogWorker for RaftStorageImpl:Storage Directory /home/runner/work/ozone/ozone/hadoop-ozone/integration-test/target/test-dir/MiniOzoneClusterImpl-b8864bcf-37cc-42b5-82cc-559abfd78a8f/datanode-1/data/ratis/c9748e32-8b95-4df3-a142-6b0f9f102959
2021-10-31 01:03:36,701 [pool-116-thread-1] INFO  server.RaftServerConfigKeys (ConfUtils.java:logGet(44)) - raft.server.log.queue.byte-limit = 2147483647 (custom)
2021-10-31 01:03:36,701 [pool-116-thread-1] INFO  server.RaftServerConfigKeys (ConfUtils.java:logGet(44)) - raft.server.log.queue.element-limit = 1024 (custom)
2021-10-31 01:03:36,701 [pool-116-thread-1] INFO  server.RaftServerConfigKeys (ConfUtils.java:logGet(44)) - raft.server.log.segment.size.max = 1048576 (custom)
2021-10-31 01:03:36,701 [pool-116-thread-1] INFO  server.RaftServerConfigKeys (ConfUtils.java:logGet(44)) - raft.server.log.preallocated.size = 16384 (custom)
2021-10-31 01:03:36,701 [pool-116-thread-1] INFO  server.RaftServerConfigKeys (ConfUtils.java:logGet(44)) - raft.server.log.force.sync.num = 128 (default)
2021-10-31 01:03:36,702 [pool-116-thread-1] INFO  server.RaftServerConfigKeys (ConfUtils.java:logGet(44)) - raft.server.log.statemachine.data.sync = true (default)
2021-10-31 01:03:36,702 [pool-116-thread-1] INFO  server.RaftServerConfigKeys (ConfUtils.java:logGet(44)) - raft.server.log.statemachine.data.sync.timeout = 10s (default)
2021-10-31 01:03:36,702 [pool-116-thread-1] INFO  server.RaftServerConfigKeys (ConfUtils.java:logGet(44)) - raft.server.log.statemachine.data.sync.timeout.retry = -1 (default)
2021-10-31 01:03:36,705 [pool-116-thread-1] INFO  server.RaftServerConfigKeys (ConfUtils.java:logGet(44)) - raft.server.log.write.buffer.size = 1048576 (custom)
2021-10-31 01:03:36,707 [pool-116-thread-1] INFO  server.RaftServerConfigKeys (ConfUtils.java:logGet(44)) - raft.server.log.statemachine.data.caching.enabled = true (custom)
2021-10-31 01:03:36,707 [pool-116-thread-1] INFO  segmented.SegmentedRaftLogWorker (SegmentedRaftLogWorker.java:lambda$new$0(133)) - 4fe03719-c323-4acc-b4e8-a1a5c546f443@group-6B0F9F102959-SegmentedRaftLogWorker: flushIndex: setUnconditionally 0 -> -1
2021-10-31 01:03:36,707 [pool-116-thread-1] INFO  segmented.SegmentedRaftLogWorker (SegmentedRaftLogWorker.java:lambda$new$0(133)) - 4fe03719-c323-4acc-b4e8-a1a5c546f443@group-6B0F9F102959-SegmentedRaftLogWorker: safeCacheEvictIndex: setUnconditionally 0 -> -1
2021-10-31 01:03:36,708 [pool-116-thread-1] INFO  server.RaftServerConfigKeys (ConfUtils.java:logGet(44)) - raft.server.snapshot.auto.trigger.enabled = true (custom)
2021-10-31 01:03:36,708 [pool-116-thread-1] INFO  server.RaftServerConfigKeys (ConfUtils.java:logGet(44)) - raft.server.snapshot.auto.trigger.threshold = 10000 (custom)
2021-10-31 01:03:36,708 [pool-116-thread-1] INFO  server.RaftServerConfigKeys (ConfUtils.java:logGet(44)) - raft.server.snapshot.retention.file.num = 5 (custom)
2021-10-31 01:03:36,708 [pool-116-thread-1] INFO  server.RaftServerConfigKeys (ConfUtils.java:logGet(44)) - raft.server.log.purge.upto.snapshot.index = false (default)
2021-10-31 01:03:36,708 [pool-116-thread-1] INFO  server.RaftServerConfigKeys (ConfUtils.java:logGet(44)) - raft.server.retrycache.expirytime = 600000ms (custom)
2021-10-31 01:03:36,708 [pool-116-thread-1] INFO  server.RaftServerConfigKeys (ConfUtils.java:logGet(44)) - raft.server.retrycache.statistics.expirytime = 100μs (default)
2021-10-31 01:03:36,709 [pool-116-thread-1] INFO  server.RaftServer$Division (RaftServerImpl.java:start(301)) - 4fe03719-c323-4acc-b4e8-a1a5c546f443@group-6B0F9F102959: start as a follower, conf=-1: [4fe03719-c323-4acc-b4e8-a1a5c546f443|rpc:10.1.0.98:34073|priority:1], old=null
2021-10-31 01:03:36,709 [pool-116-thread-1] INFO  server.RaftServer$Division (RaftServerImpl.java:setRole(290)) - 4fe03719-c323-4acc-b4e8-a1a5c546f443@group-6B0F9F102959: changes role from      null to FOLLOWER at term 0 for startAsFollower
2021-10-31 01:03:36,709 [pool-116-thread-1] INFO  impl.RoleInfo (RoleInfo.java:updateAndGet(130)) - 4fe03719-c323-4acc-b4e8-a1a5c546f443: start 4fe03719-c323-4acc-b4e8-a1a5c546f443@group-6B0F9F102959-FollowerState
2021-10-31 01:03:36,713 [pool-116-thread-1] INFO  util.JmxRegister (JmxRegister.java:tryRegister(44)) - Successfully registered JMX Bean with object name Ratis:service=RaftServer,group=group-6B0F9F102959,id=4fe03719-c323-4acc-b4e8-a1a5c546f443
2021-10-31 01:03:36,714 [Command processor thread] INFO  ratis.XceiverServerRatis (XceiverServerRatis.java:addGroup(768)) - Created group PipelineID=c9748e32-8b95-4df3-a142-6b0f9f102959
2021-10-31 01:03:36,714 [Command processor thread] INFO  commandhandler.CreatePipelineCommandHandler (CreatePipelineCommandHandler.java:handle(106)) - Created Pipeline RATIS ONE PipelineID=c9748e32-8b95-4df3-a142-6b0f9f102959.
2021-10-31 01:03:36,913 [Listener at 127.0.0.1/11928] INFO  ozone.MiniOzoneClusterImpl (MiniOzoneClusterImpl.java:lambda$waitForClusterToBeReady$0(235)) - Nodes are ready. Got 3 of 3 DN Heartbeats.
2021-10-31 01:03:36,913 [Listener at 127.0.0.1/11928] INFO  ozone.MiniOzoneClusterImpl (MiniOzoneClusterImpl.java:lambda$waitForClusterToBeReady$0(238)) - Waiting for cluster to exit safe mode
2021-10-31 01:03:36,913 [Listener at 127.0.0.1/11928] INFO  ozone.MiniOzoneClusterImpl (MiniOzoneClusterImpl.java:lambda$waitForClusterToBeReady$0(240)) - SCM became leader
2021-10-31 01:03:36,916 [Command processor thread] INFO  server.RaftServer (RaftServerProxy.java:addNew(95)) - 64fce9c9-b0bf-428e-b112-2418aa6d81be: addNew group-8B4869E847E2:[64fce9c9-b0bf-428e-b112-2418aa6d81be|rpc:10.1.0.98:37719|priority:1] returns group-8B4869E847E2:java.util.concurrent.CompletableFuture@4df174b8[Not completed]
2021-10-31 01:03:36,917 [pool-135-thread-1] INFO  server.RaftServer$Division (RaftServerImpl.java:<init>(184)) - 64fce9c9-b0bf-428e-b112-2418aa6d81be: new RaftServerImpl for group-8B4869E847E2:[64fce9c9-b0bf-428e-b112-2418aa6d81be|rpc:10.1.0.98:37719|priority:1] with ContainerStateMachine:uninitialized
2021-10-31 01:03:36,917 [pool-135-thread-1] INFO  server.RaftServerConfigKeys (ConfUtils.java:logGet(44)) - raft.server.rpc.timeout.min = 5s (custom)
2021-10-31 01:03:36,917 [pool-135-thread-1] INFO  server.RaftServerConfigKeys (ConfUtils.java:logGet(44)) - raft.server.rpc.timeout.max = 5200ms (custom)
2021-10-31 01:03:36,917 [pool-135-thread-1] INFO  server.RaftServerConfigKeys (ConfUtils.java:logGet(44)) - raft.server.rpc.sleep.time = 25ms (default)
2021-10-31 01:03:36,917 [pool-135-thread-1] INFO  server.RaftServerConfigKeys (ConfUtils.java:logGet(44)) - raft.server.rpc.slowness.timeout = 300s (custom)
2021-10-31 01:03:36,917 [pool-135-thread-1] INFO  server.RaftServerConfigKeys (ConfUtils.java:logGet(44)) - raft.server.leaderelection.leader.step-down.wait-time = 10s (default)
2021-10-31 01:03:36,917 [pool-135-thread-1] INFO  server.RaftServerConfigKeys (ConfUtils.java:logGet(44)) - raft.server.sleep.deviation.threshold = 300ms (default)
2021-10-31 01:03:36,918 [pool-135-thread-1] INFO  server.RaftServerConfigKeys (ConfUtils.java:logGet(44)) - raft.server.log.appender.install.snapshot.enabled = false (custom)
2021-10-31 01:03:36,918 [pool-135-thread-1] INFO  server.RaftServer$Division (ServerState.java:<init>(105)) - 64fce9c9-b0bf-428e-b112-2418aa6d81be@group-8B4869E847E2: ConfigurationManager, init=-1: [64fce9c9-b0bf-428e-b112-2418aa6d81be|rpc:10.1.0.98:37719|priority:1], old=null, confs=<EMPTY_MAP>
2021-10-31 01:03:36,918 [pool-135-thread-1] INFO  server.RaftServerConfigKeys (ConfUtils.java:logGet(44)) - raft.server.storage.dir = [/home/runner/work/ozone/ozone/hadoop-ozone/integration-test/target/test-dir/MiniOzoneClusterImpl-b8864bcf-37cc-42b5-82cc-559abfd78a8f/datanode-2/data/ratis] (custom)
2021-10-31 01:03:36,918 [pool-135-thread-1] INFO  server.RaftServerConfigKeys (ConfUtils.java:logGet(44)) - raft.server.log.corruption.policy = EXCEPTION (default)
2021-10-31 01:03:36,918 [pool-135-thread-1] INFO  server.RaftServerConfigKeys (ConfUtils.java:logGet(44)) - raft.server.storage.free-space.min = 0MB (=0) (default)
2021-10-31 01:03:36,918 [pool-135-thread-1] INFO  storage.RaftStorageDirectory (RaftStorageDirectoryImpl.java:analyzeStorage(135)) - The storage directory /home/runner/work/ozone/ozone/hadoop-ozone/integration-test/target/test-dir/MiniOzoneClusterImpl-b8864bcf-37cc-42b5-82cc-559abfd78a8f/datanode-2/data/ratis/c4887ddd-bbc0-48ed-a145-8b4869e847e2 does not exist. Creating ...
2021-10-31 01:03:36,923 [pool-135-thread-1] INFO  storage.RaftStorageDirectory (RaftStorageDirectoryImpl.java:tryLock(230)) - Lock on /home/runner/work/ozone/ozone/hadoop-ozone/integration-test/target/test-dir/MiniOzoneClusterImpl-b8864bcf-37cc-42b5-82cc-559abfd78a8f/datanode-2/data/ratis/c4887ddd-bbc0-48ed-a145-8b4869e847e2/in_use.lock acquired by nodename 14068@fv-az50-512
2021-10-31 01:03:36,924 [pool-135-thread-1] INFO  storage.RaftStorage (RaftStorageImpl.java:format(89)) - Storage directory /home/runner/work/ozone/ozone/hadoop-ozone/integration-test/target/test-dir/MiniOzoneClusterImpl-b8864bcf-37cc-42b5-82cc-559abfd78a8f/datanode-2/data/ratis/c4887ddd-bbc0-48ed-a145-8b4869e847e2 has been successfully formatted.
2021-10-31 01:03:36,925 [pool-135-thread-1] INFO  ratis.ContainerStateMachine (ContainerStateMachine.java:loadSnapshot(224)) - group-8B4869E847E2: The snapshot info is null. Setting the last applied indexto:(t:0, i:~)
2021-10-31 01:03:36,925 [pool-135-thread-1] INFO  server.RaftServerConfigKeys (ConfUtils.java:logGet(44)) - raft.server.notification.no-leader.timeout = 300s (custom)
2021-10-31 01:03:36,925 [pool-135-thread-1] INFO  server.RaftServerConfigKeys (ConfUtils.java:logGet(44)) - raft.server.log.use.memory = false (default)
2021-10-31 01:03:36,926 [pool-135-thread-1] INFO  server.RaftServerConfigKeys (ConfUtils.java:logGet(44)) - raft.server.log.purge.gap = 1000000 (custom)
2021-10-31 01:03:36,926 [pool-135-thread-1] INFO  server.RaftServerConfigKeys (ConfUtils.java:logGet(44)) - raft.server.log.appender.buffer.byte-limit = 33554432 (custom)
2021-10-31 01:03:36,926 [pool-135-thread-1] INFO  server.RaftServerConfigKeys (ConfUtils.java:logGet(44)) - raft.server.log.segment.size.max = 1048576 (custom)
2021-10-31 01:03:36,927 [pool-135-thread-1] INFO  server.RaftServerConfigKeys (ConfUtils.java:logGet(44)) - raft.server.log.segment.cache.num.max = 2 (custom)
2021-10-31 01:03:36,927 [pool-135-thread-1] INFO  server.RaftServerConfigKeys (ConfUtils.java:logGet(44)) - raft.server.log.segment.cache.size.max = 200MB (=209715200) (default)
2021-10-31 01:03:36,927 [pool-135-thread-1] INFO  segmented.SegmentedRaftLogWorker (SegmentedRaftLogWorker.java:<init>(182)) - new 64fce9c9-b0bf-428e-b112-2418aa6d81be@group-8B4869E847E2-SegmentedRaftLogWorker for RaftStorageImpl:Storage Directory /home/runner/work/ozone/ozone/hadoop-ozone/integration-test/target/test-dir/MiniOzoneClusterImpl-b8864bcf-37cc-42b5-82cc-559abfd78a8f/datanode-2/data/ratis/c4887ddd-bbc0-48ed-a145-8b4869e847e2
2021-10-31 01:03:36,928 [EventQueue-PipelineReportForPipelineReportHandler] INFO  pipeline.PipelineManagerImpl (PipelineManagerImpl.java:openPipeline(289)) - Pipeline Pipeline[ Id: c4887ddd-bbc0-48ed-a145-8b4869e847e2, Nodes: 64fce9c9-b0bf-428e-b112-2418aa6d81be{ip: 10.1.0.98, host: fv-az50-512.grzltbmokehuzjyc5b133kdqgh.cx.internal.cloudapp.net, ports: [REPLICATION=33557, RATIS=37719, RATIS_ADMIN=37719, RATIS_SERVER=37719, STANDALONE=46749], networkLocation: /default-rack, certSerialId: null, persistedOpState: IN_SERVICE, persistedOpStateExpiryEpochSec: 0}, ReplicationConfig: RATIS/ONE, State:ALLOCATED, leaderId:64fce9c9-b0bf-428e-b112-2418aa6d81be, CreationTimestamp2021-10-31T01:03:33.921Z[Etc/UTC]] moved to OPEN state
2021-10-31 01:03:36,929 [EventQueue-OpenPipelineForHealthyPipelineSafeModeRule] INFO  safemode.SCMSafeModeManager (HealthyPipelineSafeModeRule.java:process(124)) - SCM in safe mode. Healthy pipelines reported count is 0, required healthy pipeline reported count is 1
2021-10-31 01:03:36,929 [pool-135-thread-1] INFO  server.RaftServerConfigKeys (ConfUtils.java:logGet(44)) - raft.server.log.queue.byte-limit = 2147483647 (custom)
2021-10-31 01:03:36,935 [pool-135-thread-1] INFO  server.RaftServerConfigKeys (ConfUtils.java:logGet(44)) - raft.server.log.queue.element-limit = 1024 (custom)
2021-10-31 01:03:36,935 [pool-135-thread-1] INFO  server.RaftServerConfigKeys (ConfUtils.java:logGet(44)) - raft.server.log.segment.size.max = 1048576 (custom)
2021-10-31 01:03:36,935 [pool-135-thread-1] INFO  server.RaftServerConfigKeys (ConfUtils.java:logGet(44)) - raft.server.log.preallocated.size = 16384 (custom)
2021-10-31 01:03:36,935 [pool-135-thread-1] INFO  server.RaftServerConfigKeys (ConfUtils.java:logGet(44)) - raft.server.log.force.sync.num = 128 (default)
2021-10-31 01:03:36,935 [pool-135-thread-1] INFO  server.RaftServerConfigKeys (ConfUtils.java:logGet(44)) - raft.server.log.statemachine.data.sync = true (default)
2021-10-31 01:03:36,935 [pool-135-thread-1] INFO  server.RaftServerConfigKeys (ConfUtils.java:logGet(44)) - raft.server.log.statemachine.data.sync.timeout = 10s (default)
2021-10-31 01:03:36,935 [pool-135-thread-1] INFO  server.RaftServerConfigKeys (ConfUtils.java:logGet(44)) - raft.server.log.statemachine.data.sync.timeout.retry = -1 (default)
2021-10-31 01:03:36,936 [pool-135-thread-1] INFO  server.RaftServerConfigKeys (ConfUtils.java:logGet(44)) - raft.server.log.write.buffer.size = 1048576 (custom)
2021-10-31 01:03:36,937 [pool-135-thread-1] INFO  server.RaftServerConfigKeys (ConfUtils.java:logGet(44)) - raft.server.log.statemachine.data.caching.enabled = true (custom)
2021-10-31 01:03:36,937 [pool-135-thread-1] INFO  segmented.SegmentedRaftLogWorker (SegmentedRaftLogWorker.java:lambda$new$0(133)) - 64fce9c9-b0bf-428e-b112-2418aa6d81be@group-8B4869E847E2-SegmentedRaftLogWorker: flushIndex: setUnconditionally 0 -> -1
2021-10-31 01:03:36,937 [pool-135-thread-1] INFO  segmented.SegmentedRaftLogWorker (SegmentedRaftLogWorker.java:lambda$new$0(133)) - 64fce9c9-b0bf-428e-b112-2418aa6d81be@group-8B4869E847E2-SegmentedRaftLogWorker: safeCacheEvictIndex: setUnconditionally 0 -> -1
2021-10-31 01:03:36,939 [pool-135-thread-1] INFO  server.RaftServerConfigKeys (ConfUtils.java:logGet(44)) - raft.server.snapshot.auto.trigger.enabled = true (custom)
2021-10-31 01:03:36,939 [pool-135-thread-1] INFO  server.RaftServerConfigKeys (ConfUtils.java:logGet(44)) - raft.server.snapshot.auto.trigger.threshold = 10000 (custom)
2021-10-31 01:03:36,939 [pool-135-thread-1] INFO  server.RaftServerConfigKeys (ConfUtils.java:logGet(44)) - raft.server.snapshot.retention.file.num = 5 (custom)
2021-10-31 01:03:36,939 [pool-135-thread-1] INFO  server.RaftServerConfigKeys (ConfUtils.java:logGet(44)) - raft.server.log.purge.upto.snapshot.index = false (default)
2021-10-31 01:03:36,939 [pool-135-thread-1] INFO  server.RaftServerConfigKeys (ConfUtils.java:logGet(44)) - raft.server.retrycache.expirytime = 600000ms (custom)
2021-10-31 01:03:36,939 [pool-135-thread-1] INFO  server.RaftServerConfigKeys (ConfUtils.java:logGet(44)) - raft.server.retrycache.statistics.expirytime = 100μs (default)
2021-10-31 01:03:36,943 [pool-135-thread-1] INFO  server.RaftServer$Division (RaftServerImpl.java:start(301)) - 64fce9c9-b0bf-428e-b112-2418aa6d81be@group-8B4869E847E2: start as a follower, conf=-1: [64fce9c9-b0bf-428e-b112-2418aa6d81be|rpc:10.1.0.98:37719|priority:1], old=null
2021-10-31 01:03:36,943 [pool-135-thread-1] INFO  server.RaftServer$Division (RaftServerImpl.java:setRole(290)) - 64fce9c9-b0bf-428e-b112-2418aa6d81be@group-8B4869E847E2: changes role from      null to FOLLOWER at term 0 for startAsFollower
2021-10-31 01:03:36,943 [pool-135-thread-1] INFO  impl.RoleInfo (RoleInfo.java:updateAndGet(130)) - 64fce9c9-b0bf-428e-b112-2418aa6d81be: start 64fce9c9-b0bf-428e-b112-2418aa6d81be@group-8B4869E847E2-FollowerState
2021-10-31 01:03:36,943 [pool-135-thread-1] INFO  util.JmxRegister (JmxRegister.java:tryRegister(44)) - Successfully registered JMX Bean with object name Ratis:service=RaftServer,group=group-8B4869E847E2,id=64fce9c9-b0bf-428e-b112-2418aa6d81be
2021-10-31 01:03:36,944 [Command processor thread] INFO  ratis.XceiverServerRatis (XceiverServerRatis.java:addGroup(768)) - Created group PipelineID=c4887ddd-bbc0-48ed-a145-8b4869e847e2
2021-10-31 01:03:36,944 [Command processor thread] INFO  commandhandler.CreatePipelineCommandHandler (CreatePipelineCommandHandler.java:handle(106)) - Created Pipeline RATIS ONE PipelineID=c4887ddd-bbc0-48ed-a145-8b4869e847e2.
2021-10-31 01:03:37,913 [Listener at 127.0.0.1/11928] INFO  ozone.MiniOzoneClusterImpl (MiniOzoneClusterImpl.java:lambda$waitForClusterToBeReady$0(235)) - Nodes are ready. Got 3 of 3 DN Heartbeats.
2021-10-31 01:03:37,914 [Listener at 127.0.0.1/11928] INFO  ozone.MiniOzoneClusterImpl (MiniOzoneClusterImpl.java:lambda$waitForClusterToBeReady$0(238)) - Waiting for cluster to exit safe mode
2021-10-31 01:03:37,914 [Listener at 127.0.0.1/11928] INFO  ozone.MiniOzoneClusterImpl (MiniOzoneClusterImpl.java:lambda$waitForClusterToBeReady$0(240)) - SCM became leader
2021-10-31 01:03:38,915 [Listener at 127.0.0.1/11928] INFO  ozone.MiniOzoneClusterImpl (MiniOzoneClusterImpl.java:lambda$waitForClusterToBeReady$0(235)) - Nodes are ready. Got 3 of 3 DN Heartbeats.
2021-10-31 01:03:38,915 [Listener at 127.0.0.1/11928] INFO  ozone.MiniOzoneClusterImpl (MiniOzoneClusterImpl.java:lambda$waitForClusterToBeReady$0(238)) - Waiting for cluster to exit safe mode
2021-10-31 01:03:38,915 [Listener at 127.0.0.1/11928] INFO  ozone.MiniOzoneClusterImpl (MiniOzoneClusterImpl.java:lambda$waitForClusterToBeReady$0(240)) - SCM became leader
2021-10-31 01:03:39,915 [Listener at 127.0.0.1/11928] INFO  ozone.MiniOzoneClusterImpl (MiniOzoneClusterImpl.java:lambda$waitForClusterToBeReady$0(235)) - Nodes are ready. Got 3 of 3 DN Heartbeats.
2021-10-31 01:03:39,916 [Listener at 127.0.0.1/11928] INFO  ozone.MiniOzoneClusterImpl (MiniOzoneClusterImpl.java:lambda$waitForClusterToBeReady$0(238)) - Waiting for cluster to exit safe mode
2021-10-31 01:03:39,916 [Listener at 127.0.0.1/11928] INFO  ozone.MiniOzoneClusterImpl (MiniOzoneClusterImpl.java:lambda$waitForClusterToBeReady$0(240)) - SCM became leader
2021-10-31 01:03:40,916 [Listener at 127.0.0.1/11928] INFO  ozone.MiniOzoneClusterImpl (MiniOzoneClusterImpl.java:lambda$waitForClusterToBeReady$0(235)) - Nodes are ready. Got 3 of 3 DN Heartbeats.
2021-10-31 01:03:40,916 [Listener at 127.0.0.1/11928] INFO  ozone.MiniOzoneClusterImpl (MiniOzoneClusterImpl.java:lambda$waitForClusterToBeReady$0(238)) - Waiting for cluster to exit safe mode
2021-10-31 01:03:40,916 [Listener at 127.0.0.1/11928] INFO  ozone.MiniOzoneClusterImpl (MiniOzoneClusterImpl.java:lambda$waitForClusterToBeReady$0(240)) - SCM became leader
2021-10-31 01:03:41,347 [1b81dd96-85e5-46dc-89c9-973755fd74f9@group-395BDFDE99E8-FollowerState] INFO  impl.FollowerState (FollowerState.java:run(134)) - 1b81dd96-85e5-46dc-89c9-973755fd74f9@group-395BDFDE99E8-FollowerState: change to CANDIDATE, lastRpcElapsedTime:5128199006ns, electionTimeout:5127ms
2021-10-31 01:03:41,347 [1b81dd96-85e5-46dc-89c9-973755fd74f9@group-395BDFDE99E8-FollowerState] INFO  impl.RoleInfo (RoleInfo.java:shutdownFollowerState(108)) - 1b81dd96-85e5-46dc-89c9-973755fd74f9: shutdown 1b81dd96-85e5-46dc-89c9-973755fd74f9@group-395BDFDE99E8-FollowerState
2021-10-31 01:03:41,347 [1b81dd96-85e5-46dc-89c9-973755fd74f9@group-395BDFDE99E8-FollowerState] INFO  server.RaftServer$Division (RaftServerImpl.java:setRole(290)) - 1b81dd96-85e5-46dc-89c9-973755fd74f9@group-395BDFDE99E8: changes role from  FOLLOWER to CANDIDATE at term 0 for changeToCandidate
2021-10-31 01:03:41,348 [1b81dd96-85e5-46dc-89c9-973755fd74f9@group-395BDFDE99E8-FollowerState] INFO  server.RaftServerConfigKeys (ConfUtils.java:logGet(44)) - raft.server.leaderelection.pre-vote = false (custom)
2021-10-31 01:03:41,348 [1b81dd96-85e5-46dc-89c9-973755fd74f9@group-395BDFDE99E8-FollowerState] INFO  impl.RoleInfo (RoleInfo.java:updateAndGet(130)) - 1b81dd96-85e5-46dc-89c9-973755fd74f9: start 1b81dd96-85e5-46dc-89c9-973755fd74f9@group-395BDFDE99E8-LeaderElection4
2021-10-31 01:03:41,352 [1b81dd96-85e5-46dc-89c9-973755fd74f9@group-395BDFDE99E8-LeaderElection4] INFO  impl.LeaderElection (LeaderElection.java:askForVotes(306)) - 1b81dd96-85e5-46dc-89c9-973755fd74f9@group-395BDFDE99E8-LeaderElection4 ELECTION round 0: submit vote requests at term 1 for -1: [1b81dd96-85e5-46dc-89c9-973755fd74f9|rpc:10.1.0.98:44891|priority:1], old=null
2021-10-31 01:03:41,352 [1b81dd96-85e5-46dc-89c9-973755fd74f9@group-395BDFDE99E8-LeaderElection4] INFO  impl.LeaderElection (LeaderElection.java:askForVotes(308)) - 1b81dd96-85e5-46dc-89c9-973755fd74f9@group-395BDFDE99E8-LeaderElection4 ELECTION round 0: result PASSED (term=1)
2021-10-31 01:03:41,352 [1b81dd96-85e5-46dc-89c9-973755fd74f9@group-395BDFDE99E8-LeaderElection4] INFO  impl.RoleInfo (RoleInfo.java:shutdownLeaderElection(121)) - 1b81dd96-85e5-46dc-89c9-973755fd74f9: shutdown 1b81dd96-85e5-46dc-89c9-973755fd74f9@group-395BDFDE99E8-LeaderElection4
2021-10-31 01:03:41,352 [1b81dd96-85e5-46dc-89c9-973755fd74f9@group-395BDFDE99E8-LeaderElection4] INFO  server.RaftServer$Division (RaftServerImpl.java:setRole(290)) - 1b81dd96-85e5-46dc-89c9-973755fd74f9@group-395BDFDE99E8: changes role from CANDIDATE to LEADER at term 1 for changeToLeader
2021-10-31 01:03:41,352 [1b81dd96-85e5-46dc-89c9-973755fd74f9@group-395BDFDE99E8-LeaderElection4] INFO  ratis.XceiverServerRatis (XceiverServerRatis.java:handleLeaderChangedNotification(866)) - Leader change notification received for group: group-395BDFDE99E8 with new leaderId: 1b81dd96-85e5-46dc-89c9-973755fd74f9
2021-10-31 01:03:41,352 [1b81dd96-85e5-46dc-89c9-973755fd74f9@group-395BDFDE99E8-LeaderElection4] INFO  server.RaftServer$Division (ServerState.java:setLeader(285)) - 1b81dd96-85e5-46dc-89c9-973755fd74f9@group-395BDFDE99E8: change Leader from null to 1b81dd96-85e5-46dc-89c9-973755fd74f9 at term 1 for becomeLeader, leader elected after 5151ms
2021-10-31 01:03:41,352 [1b81dd96-85e5-46dc-89c9-973755fd74f9@group-395BDFDE99E8-LeaderElection4] INFO  server.RaftServerConfigKeys (ConfUtils.java:logGet(44)) - raft.server.staging.catchup.gap = 1000 (default)
2021-10-31 01:03:41,353 [1b81dd96-85e5-46dc-89c9-973755fd74f9@group-395BDFDE99E8-LeaderElection4] INFO  server.RaftServerConfigKeys (ConfUtils.java:logGet(44)) - raft.server.write.element-limit = 1024 (custom)
2021-10-31 01:03:41,353 [1b81dd96-85e5-46dc-89c9-973755fd74f9@group-395BDFDE99E8-LeaderElection4] INFO  server.RaftServerConfigKeys (ConfUtils.java:logGet(44)) - raft.server.write.byte-limit = 1024 M (=1073741824) (custom)
2021-10-31 01:03:41,353 [1b81dd96-85e5-46dc-89c9-973755fd74f9@group-395BDFDE99E8-LeaderElection4] INFO  server.RaftServerConfigKeys (ConfUtils.java:logGet(44)) - raft.server.watch.timeout = 180s (custom)
2021-10-31 01:03:41,354 [1b81dd96-85e5-46dc-89c9-973755fd74f9@group-395BDFDE99E8-LeaderElection4] INFO  server.RaftServerConfigKeys (ConfUtils.java:logGet(44)) - raft.server.watch.timeout.denomination = 1s (default)
2021-10-31 01:03:41,354 [1b81dd96-85e5-46dc-89c9-973755fd74f9@group-395BDFDE99E8-LeaderElection4] INFO  server.RaftServerConfigKeys (ConfUtils.java:logGet(44)) - raft.server.watch.element-limit = 65536 (default)
2021-10-31 01:03:41,354 [1b81dd96-85e5-46dc-89c9-973755fd74f9@group-395BDFDE99E8-LeaderElection4] INFO  server.RaftServerConfigKeys (ConfUtils.java:logGet(44)) - raft.server.write.element-limit = 1024 (custom)
2021-10-31 01:03:41,354 [1b81dd96-85e5-46dc-89c9-973755fd74f9@group-395BDFDE99E8-LeaderElection4] INFO  server.RaftServerConfigKeys (ConfUtils.java:logGet(44)) - raft.server.write.follower.gap.ratio.max = -1.0 (default)
2021-10-31 01:03:41,354 [1b81dd96-85e5-46dc-89c9-973755fd74f9@group-395BDFDE99E8-LeaderElection4] INFO  impl.RoleInfo (RoleInfo.java:updateAndGet(130)) - 1b81dd96-85e5-46dc-89c9-973755fd74f9: start 1b81dd96-85e5-46dc-89c9-973755fd74f9@group-395BDFDE99E8-LeaderStateImpl
2021-10-31 01:03:41,354 [1b81dd96-85e5-46dc-89c9-973755fd74f9@group-395BDFDE99E8-LeaderElection4] INFO  segmented.SegmentedRaftLogWorker (SegmentedRaftLogWorker.java:startLogSegment(394)) - 1b81dd96-85e5-46dc-89c9-973755fd74f9@group-395BDFDE99E8-SegmentedRaftLogWorker: Starting segment from index:0
2021-10-31 01:03:41,358 [1b81dd96-85e5-46dc-89c9-973755fd74f9@group-395BDFDE99E8-SegmentedRaftLogWorker] INFO  segmented.SegmentedRaftLogWorker (SegmentedRaftLogWorker.java:execute(601)) - 1b81dd96-85e5-46dc-89c9-973755fd74f9@group-395BDFDE99E8-SegmentedRaftLogWorker: created new log segment /home/runner/work/ozone/ozone/hadoop-ozone/integration-test/target/test-dir/MiniOzoneClusterImpl-b8864bcf-37cc-42b5-82cc-559abfd78a8f/datanode-0/data/ratis/fcc57954-92ca-4a2b-b4ad-395bdfde99e8/current/log_inprogress_0
2021-10-31 01:03:41,360 [EventQueue-OpenPipelineForHealthyPipelineSafeModeRule] INFO  safemode.SCMSafeModeManager (HealthyPipelineSafeModeRule.java:process(124)) - SCM in safe mode. Healthy pipelines reported count is 0, required healthy pipeline reported count is 1
2021-10-31 01:03:41,363 [1b81dd96-85e5-46dc-89c9-973755fd74f9@group-395BDFDE99E8-LeaderElection4] INFO  server.RaftServer$Division (ServerState.java:setRaftConf(387)) - 1b81dd96-85e5-46dc-89c9-973755fd74f9@group-395BDFDE99E8: set configuration 0: [1b81dd96-85e5-46dc-89c9-973755fd74f9|rpc:10.1.0.98:44891|dataStream:|priority:1], old=null
2021-10-31 01:03:41,393 [1b81dd96-85e5-46dc-89c9-973755fd74f9@group-8F572447DBD7-FollowerState] INFO  impl.FollowerState (FollowerState.java:run(134)) - 1b81dd96-85e5-46dc-89c9-973755fd74f9@group-8F572447DBD7-FollowerState: change to CANDIDATE, lastRpcElapsedTime:5141761251ns, electionTimeout:5134ms
2021-10-31 01:03:41,394 [1b81dd96-85e5-46dc-89c9-973755fd74f9@group-8F572447DBD7-FollowerState] INFO  impl.RoleInfo (RoleInfo.java:shutdownFollowerState(108)) - 1b81dd96-85e5-46dc-89c9-973755fd74f9: shutdown 1b81dd96-85e5-46dc-89c9-973755fd74f9@group-8F572447DBD7-FollowerState
2021-10-31 01:03:41,394 [1b81dd96-85e5-46dc-89c9-973755fd74f9@group-8F572447DBD7-FollowerState] INFO  server.RaftServer$Division (RaftServerImpl.java:setRole(290)) - 1b81dd96-85e5-46dc-89c9-973755fd74f9@group-8F572447DBD7: changes role from  FOLLOWER to CANDIDATE at term 0 for changeToCandidate
2021-10-31 01:03:41,394 [1b81dd96-85e5-46dc-89c9-973755fd74f9@group-8F572447DBD7-FollowerState] INFO  server.RaftServerConfigKeys (ConfUtils.java:logGet(44)) - raft.server.leaderelection.pre-vote = false (custom)
2021-10-31 01:03:41,394 [1b81dd96-85e5-46dc-89c9-973755fd74f9@group-8F572447DBD7-FollowerState] INFO  impl.RoleInfo (RoleInfo.java:updateAndGet(130)) - 1b81dd96-85e5-46dc-89c9-973755fd74f9: start 1b81dd96-85e5-46dc-89c9-973755fd74f9@group-8F572447DBD7-LeaderElection5
2021-10-31 01:03:41,404 [1b81dd96-85e5-46dc-89c9-973755fd74f9@group-8F572447DBD7-LeaderElection5] INFO  impl.LeaderElection (LeaderElection.java:askForVotes(306)) - 1b81dd96-85e5-46dc-89c9-973755fd74f9@group-8F572447DBD7-LeaderElection5 ELECTION round 0: submit vote requests at term 1 for -1: [64fce9c9-b0bf-428e-b112-2418aa6d81be|rpc:10.1.0.98:37719|priority:0, 1b81dd96-85e5-46dc-89c9-973755fd74f9|rpc:10.1.0.98:44891|priority:1, 4fe03719-c323-4acc-b4e8-a1a5c546f443|rpc:10.1.0.98:34073|priority:0], old=null
2021-10-31 01:03:41,415 [64fce9c9-b0bf-428e-b112-2418aa6d81be@group-8F572447DBD7-FollowerState] INFO  impl.FollowerState (FollowerState.java:run(134)) - 64fce9c9-b0bf-428e-b112-2418aa6d81be@group-8F572447DBD7-FollowerState: change to CANDIDATE, lastRpcElapsedTime:5062934091ns, electionTimeout:5049ms
2021-10-31 01:03:41,415 [64fce9c9-b0bf-428e-b112-2418aa6d81be@group-8F572447DBD7-FollowerState] INFO  impl.RoleInfo (RoleInfo.java:shutdownFollowerState(108)) - 64fce9c9-b0bf-428e-b112-2418aa6d81be: shutdown 64fce9c9-b0bf-428e-b112-2418aa6d81be@group-8F572447DBD7-FollowerState
2021-10-31 01:03:41,415 [64fce9c9-b0bf-428e-b112-2418aa6d81be@group-8F572447DBD7-FollowerState] INFO  server.RaftServer$Division (RaftServerImpl.java:setRole(290)) - 64fce9c9-b0bf-428e-b112-2418aa6d81be@group-8F572447DBD7: changes role from  FOLLOWER to CANDIDATE at term 0 for changeToCandidate
2021-10-31 01:03:41,415 [64fce9c9-b0bf-428e-b112-2418aa6d81be@group-8F572447DBD7-FollowerState] INFO  server.RaftServerConfigKeys (ConfUtils.java:logGet(44)) - raft.server.leaderelection.pre-vote = false (custom)
2021-10-31 01:03:41,415 [64fce9c9-b0bf-428e-b112-2418aa6d81be@group-8F572447DBD7-FollowerState] INFO  impl.RoleInfo (RoleInfo.java:updateAndGet(130)) - 64fce9c9-b0bf-428e-b112-2418aa6d81be: start 64fce9c9-b0bf-428e-b112-2418aa6d81be@group-8F572447DBD7-LeaderElection6
2021-10-31 01:03:41,418 [grpc-default-executor-1] INFO  server.RaftServer$Division (RaftServerImpl.java:requestVote(1046)) - 64fce9c9-b0bf-428e-b112-2418aa6d81be@group-8F572447DBD7: receive requestVote(ELECTION, 1b81dd96-85e5-46dc-89c9-973755fd74f9, group-8F572447DBD7, 1, (t:0, i:0))
2021-10-31 01:03:41,419 [grpc-default-executor-1] INFO  impl.VoteContext (VoteContext.java:log(48)) - 64fce9c9-b0bf-428e-b112-2418aa6d81be@group-8F572447DBD7-CANDIDATE: accept ELECTION from 1b81dd96-85e5-46dc-89c9-973755fd74f9: our priority 0 <= candidate's priority 1
2021-10-31 01:03:41,419 [grpc-default-executor-1] INFO  server.RaftServer$Division (RaftServerImpl.java:setRole(290)) - 64fce9c9-b0bf-428e-b112-2418aa6d81be@group-8F572447DBD7: changes role from CANDIDATE to FOLLOWER at term 1 for candidate:1b81dd96-85e5-46dc-89c9-973755fd74f9
2021-10-31 01:03:41,419 [grpc-default-executor-1] INFO  impl.RoleInfo (RoleInfo.java:shutdownLeaderElection(121)) - 64fce9c9-b0bf-428e-b112-2418aa6d81be: shutdown 64fce9c9-b0bf-428e-b112-2418aa6d81be@group-8F572447DBD7-LeaderElection6
2021-10-31 01:03:41,419 [grpc-default-executor-1] INFO  impl.RoleInfo (RoleInfo.java:updateAndGet(130)) - 64fce9c9-b0bf-428e-b112-2418aa6d81be: start 64fce9c9-b0bf-428e-b112-2418aa6d81be@group-8F572447DBD7-FollowerState
2021-10-31 01:03:41,419 [64fce9c9-b0bf-428e-b112-2418aa6d81be@group-8F572447DBD7-LeaderElection6] INFO  impl.LeaderElection (LeaderElection.java:run(230)) - 64fce9c9-b0bf-428e-b112-2418aa6d81be@group-8F572447DBD7-LeaderElection6: skip running since this is already CLOSING
2021-10-31 01:03:41,423 [grpc-default-executor-4] INFO  server.RaftServer$Division (RaftServerImpl.java:requestVote(1046)) - 4fe03719-c323-4acc-b4e8-a1a5c546f443@group-8F572447DBD7: receive requestVote(ELECTION, 1b81dd96-85e5-46dc-89c9-973755fd74f9, group-8F572447DBD7, 1, (t:0, i:0))
2021-10-31 01:03:41,423 [grpc-default-executor-1] INFO  server.RaftServer$Division (RaftServerImpl.java:requestVote(1078)) - 64fce9c9-b0bf-428e-b112-2418aa6d81be@group-8F572447DBD7 replies to ELECTION vote request: 1b81dd96-85e5-46dc-89c9-973755fd74f9<-64fce9c9-b0bf-428e-b112-2418aa6d81be#0:OK-t1. Peer's state: 64fce9c9-b0bf-428e-b112-2418aa6d81be@group-8F572447DBD7:t1, leader=null, voted=1b81dd96-85e5-46dc-89c9-973755fd74f9, raftlog=64fce9c9-b0bf-428e-b112-2418aa6d81be@group-8F572447DBD7-SegmentedRaftLog:OPENED:c-1, conf=-1: [64fce9c9-b0bf-428e-b112-2418aa6d81be|rpc:10.1.0.98:37719|dataStream:|priority:0, 1b81dd96-85e5-46dc-89c9-973755fd74f9|rpc:10.1.0.98:44891|dataStream:|priority:1, 4fe03719-c323-4acc-b4e8-a1a5c546f443|rpc:10.1.0.98:34073|dataStream:|priority:0], old=null
2021-10-31 01:03:41,423 [grpc-default-executor-4] INFO  impl.VoteContext (VoteContext.java:log(48)) - 4fe03719-c323-4acc-b4e8-a1a5c546f443@group-8F572447DBD7-FOLLOWER: accept ELECTION from 1b81dd96-85e5-46dc-89c9-973755fd74f9: our priority 0 <= candidate's priority 1
2021-10-31 01:03:41,423 [grpc-default-executor-4] INFO  server.RaftServer$Division (RaftServerImpl.java:setRole(290)) - 4fe03719-c323-4acc-b4e8-a1a5c546f443@group-8F572447DBD7: changes role from  FOLLOWER to FOLLOWER at term 1 for candidate:1b81dd96-85e5-46dc-89c9-973755fd74f9
2021-10-31 01:03:41,423 [grpc-default-executor-4] INFO  impl.RoleInfo (RoleInfo.java:shutdownFollowerState(108)) - 4fe03719-c323-4acc-b4e8-a1a5c546f443: shutdown 4fe03719-c323-4acc-b4e8-a1a5c546f443@group-8F572447DBD7-FollowerState
2021-10-31 01:03:41,423 [grpc-default-executor-4] INFO  impl.RoleInfo (RoleInfo.java:updateAndGet(130)) - 4fe03719-c323-4acc-b4e8-a1a5c546f443: start 4fe03719-c323-4acc-b4e8-a1a5c546f443@group-8F572447DBD7-FollowerState
2021-10-31 01:03:41,424 [4fe03719-c323-4acc-b4e8-a1a5c546f443@group-8F572447DBD7-FollowerState] INFO  impl.FollowerState (FollowerState.java:run(143)) - 4fe03719-c323-4acc-b4e8-a1a5c546f443@group-8F572447DBD7-FollowerState was interrupted: {}
java.lang.InterruptedException: sleep interrupted
	at java.lang.Thread.sleep(Native Method)
	at java.lang.Thread.sleep(Thread.java:340)
	at java.util.concurrent.TimeUnit.sleep(TimeUnit.java:386)
	at org.apache.ratis.util.TimeDuration.sleep(TimeDuration.java:324)
	at org.apache.ratis.util.TimeDuration.sleep(TimeDuration.java:309)
	at org.apache.ratis.server.impl.FollowerState.run(FollowerState.java:118)
2021-10-31 01:03:41,431 [1b81dd96-85e5-46dc-89c9-973755fd74f9@group-8F572447DBD7-LeaderElection5] INFO  impl.LeaderElection (LeaderElection.java:logAndReturn(89)) - 1b81dd96-85e5-46dc-89c9-973755fd74f9@group-8F572447DBD7-LeaderElection5: ELECTION PASSED received 1 response(s) and 0 exception(s):
2021-10-31 01:03:41,431 [1b81dd96-85e5-46dc-89c9-973755fd74f9@group-8F572447DBD7-LeaderElection5] INFO  impl.LeaderElection (LeaderElection.java:logAndReturn(93)) -   Response 0: 1b81dd96-85e5-46dc-89c9-973755fd74f9<-64fce9c9-b0bf-428e-b112-2418aa6d81be#0:OK-t1
2021-10-31 01:03:41,431 [1b81dd96-85e5-46dc-89c9-973755fd74f9@group-8F572447DBD7-LeaderElection5] INFO  impl.LeaderElection (LeaderElection.java:askForVotes(308)) - 1b81dd96-85e5-46dc-89c9-973755fd74f9@group-8F572447DBD7-LeaderElection5 ELECTION round 0: result PASSED
2021-10-31 01:03:41,431 [1b81dd96-85e5-46dc-89c9-973755fd74f9@group-8F572447DBD7-LeaderElection5] INFO  impl.RoleInfo (RoleInfo.java:shutdownLeaderElection(121)) - 1b81dd96-85e5-46dc-89c9-973755fd74f9: shutdown 1b81dd96-85e5-46dc-89c9-973755fd74f9@group-8F572447DBD7-LeaderElection5
2021-10-31 01:03:41,431 [1b81dd96-85e5-46dc-89c9-973755fd74f9@group-8F572447DBD7-LeaderElection5] INFO  server.RaftServer$Division (RaftServerImpl.java:setRole(290)) - 1b81dd96-85e5-46dc-89c9-973755fd74f9@group-8F572447DBD7: changes role from CANDIDATE to LEADER at term 1 for changeToLeader
2021-10-31 01:03:41,431 [1b81dd96-85e5-46dc-89c9-973755fd74f9@group-8F572447DBD7-LeaderElection5] INFO  ratis.XceiverServerRatis (XceiverServerRatis.java:handleLeaderChangedNotification(866)) - Leader change notification received for group: group-8F572447DBD7 with new leaderId: 1b81dd96-85e5-46dc-89c9-973755fd74f9
2021-10-31 01:03:41,431 [1b81dd96-85e5-46dc-89c9-973755fd74f9@group-8F572447DBD7-LeaderElection5] INFO  server.RaftServer$Division (ServerState.java:setLeader(285)) - 1b81dd96-85e5-46dc-89c9-973755fd74f9@group-8F572447DBD7: change Leader from null to 1b81dd96-85e5-46dc-89c9-973755fd74f9 at term 1 for becomeLeader, leader elected after 5193ms
2021-10-31 01:03:41,431 [1b81dd96-85e5-46dc-89c9-973755fd74f9@group-8F572447DBD7-LeaderElection5] INFO  server.RaftServerConfigKeys (ConfUtils.java:logGet(44)) - raft.server.staging.catchup.gap = 1000 (default)
2021-10-31 01:03:41,432 [1b81dd96-85e5-46dc-89c9-973755fd74f9@group-8F572447DBD7-LeaderElection5] INFO  server.RaftServerConfigKeys (ConfUtils.java:logGet(44)) - raft.server.write.element-limit = 1024 (custom)
2021-10-31 01:03:41,432 [1b81dd96-85e5-46dc-89c9-973755fd74f9@group-8F572447DBD7-LeaderElection5] INFO  server.RaftServerConfigKeys (ConfUtils.java:logGet(44)) - raft.server.write.byte-limit = 1024 M (=1073741824) (custom)
2021-10-31 01:03:41,433 [1b81dd96-85e5-46dc-89c9-973755fd74f9@group-8F572447DBD7-LeaderElection5] INFO  server.RaftServerConfigKeys (ConfUtils.java:logGet(44)) - raft.server.watch.timeout = 180s (custom)
2021-10-31 01:03:41,434 [EventQueue-PipelineReportForPipelineReportHandler] INFO  pipeline.PipelineManagerImpl (PipelineManagerImpl.java:openPipeline(289)) - Pipeline Pipeline[ Id: 68d4ea20-f63b-4053-b203-8f572447dbd7, Nodes: 1b81dd96-85e5-46dc-89c9-973755fd74f9{ip: 10.1.0.98, host: fv-az50-512.grzltbmokehuzjyc5b133kdqgh.cx.internal.cloudapp.net, ports: [REPLICATION=32905, RATIS=44891, RATIS_ADMIN=44891, RATIS_SERVER=44891, STANDALONE=44947], networkLocation: /default-rack, certSerialId: null, persistedOpState: IN_SERVICE, persistedOpStateExpiryEpochSec: 0}64fce9c9-b0bf-428e-b112-2418aa6d81be{ip: 10.1.0.98, host: fv-az50-512.grzltbmokehuzjyc5b133kdqgh.cx.internal.cloudapp.net, ports: [REPLICATION=33557, RATIS=37719, RATIS_ADMIN=37719, RATIS_SERVER=37719, STANDALONE=46749], networkLocation: /default-rack, certSerialId: null, persistedOpState: IN_SERVICE, persistedOpStateExpiryEpochSec: 0}4fe03719-c323-4acc-b4e8-a1a5c546f443{ip: 10.1.0.98, host: fv-az50-512.grzltbmokehuzjyc5b133kdqgh.cx.internal.cloudapp.net, ports: [REPLICATION=42347, RATIS=34073, RATIS_ADMIN=34073, RATIS_SERVER=34073, STANDALONE=40399], networkLocation: /default-rack, certSerialId: null, persistedOpState: IN_SERVICE, persistedOpStateExpiryEpochSec: 0}, ReplicationConfig: RATIS/THREE, State:ALLOCATED, leaderId:1b81dd96-85e5-46dc-89c9-973755fd74f9, CreationTimestamp2021-10-31T01:03:33.926Z[Etc/UTC]] moved to OPEN state
2021-10-31 01:03:41,433 [EventQueue-OpenPipelineForHealthyPipelineSafeModeRule] INFO  safemode.SCMSafeModeManager (HealthyPipelineSafeModeRule.java:process(124)) - SCM in safe mode. Healthy pipelines reported count is 0, required healthy pipeline reported count is 1
2021-10-31 01:03:41,434 [1b81dd96-85e5-46dc-89c9-973755fd74f9@group-8F572447DBD7-LeaderElection5] INFO  server.RaftServerConfigKeys (ConfUtils.java:logGet(44)) - raft.server.watch.timeout.denomination = 1s (default)
2021-10-31 01:03:41,434 [EventQueue-OpenPipelineForHealthyPipelineSafeModeRule] INFO  safemode.SCMSafeModeManager (HealthyPipelineSafeModeRule.java:process(124)) - SCM in safe mode. Healthy pipelines reported count is 1, required healthy pipeline reported count is 1
2021-10-31 01:03:41,436 [EventQueue-OpenPipelineForHealthyPipelineSafeModeRule] INFO  safemode.SCMSafeModeManager (SCMSafeModeManager.java:validateSafeModeExitRules(204)) - HealthyPipelineSafeModeRule rule is successfully validated
2021-10-31 01:03:41,436 [EventQueue-OpenPipelineForHealthyPipelineSafeModeRule] INFO  safemode.SCMSafeModeManager (SCMSafeModeManager.java:validateSafeModeExitRules(219)) - ScmSafeModeManager, all rules are successfully validated
2021-10-31 01:03:41,436 [EventQueue-OpenPipelineForHealthyPipelineSafeModeRule] INFO  safemode.SCMSafeModeManager (SCMSafeModeManager.java:exitSafeMode(248)) - SCM exiting safe mode.
2021-10-31 01:03:41,436 [1b81dd96-85e5-46dc-89c9-973755fd74f9@group-8F572447DBD7-LeaderElection5] INFO  server.RaftServerConfigKeys (ConfUtils.java:logGet(44)) - raft.server.watch.element-limit = 65536 (default)
2021-10-31 01:03:41,436 [1b81dd96-85e5-46dc-89c9-973755fd74f9@group-8F572447DBD7-LeaderElection5] INFO  server.RaftServerConfigKeys (ConfUtils.java:logGet(44)) - raft.server.write.element-limit = 1024 (custom)
2021-10-31 01:03:41,436 [1b81dd96-85e5-46dc-89c9-973755fd74f9@group-8F572447DBD7-LeaderElection5] INFO  server.RaftServerConfigKeys (ConfUtils.java:logGet(44)) - raft.server.write.follower.gap.ratio.max = -1.0 (default)
2021-10-31 01:03:41,436 [EventQueue-OpenPipelineForHealthyPipelineSafeModeRule] WARN  events.EventQueue (EventQueue.java:fireEvent(194)) - No event handler registered for event TypedEvent{payloadType=SafeModeStatus, name='Safe mode status'}
2021-10-31 01:03:41,436 [1b81dd96-85e5-46dc-89c9-973755fd74f9@group-8F572447DBD7-LeaderElection5] INFO  server.RaftServerConfigKeys (ConfUtils.java:logGet(44)) - raft.server.log.appender.snapshot.chunk.size.max = 16MB (=16777216) (default)
2021-10-31 01:03:41,436 [grpc-default-executor-4] INFO  server.RaftServer$Division (RaftServerImpl.java:requestVote(1078)) - 4fe03719-c323-4acc-b4e8-a1a5c546f443@group-8F572447DBD7 replies to ELECTION vote request: 1b81dd96-85e5-46dc-89c9-973755fd74f9<-4fe03719-c323-4acc-b4e8-a1a5c546f443#0:OK-t1. Peer's state: 4fe03719-c323-4acc-b4e8-a1a5c546f443@group-8F572447DBD7:t1, leader=null, voted=1b81dd96-85e5-46dc-89c9-973755fd74f9, raftlog=4fe03719-c323-4acc-b4e8-a1a5c546f443@group-8F572447DBD7-SegmentedRaftLog:OPENED:c-1, conf=-1: [64fce9c9-b0bf-428e-b112-2418aa6d81be|rpc:10.1.0.98:37719|dataStream:|priority:0, 1b81dd96-85e5-46dc-89c9-973755fd74f9|rpc:10.1.0.98:44891|dataStream:|priority:1, 4fe03719-c323-4acc-b4e8-a1a5c546f443|rpc:10.1.0.98:34073|dataStream:|priority:0], old=null
2021-10-31 01:03:41,436 [1b81dd96-85e5-46dc-89c9-973755fd74f9@group-8F572447DBD7-LeaderElection5] INFO  server.RaftServerConfigKeys (ConfUtils.java:logGet(44)) - raft.server.log.appender.buffer.byte-limit = 33554432 (custom)
2021-10-31 01:03:41,436 [EventQueue-OpenPipelineForHealthyPipelineSafeModeRule] INFO  ha.SCMContext (SCMContext.java:updateSafeModeStatus(205)) - Update SafeModeStatus from SafeModeStatus{safeModeStatus=true, preCheckPassed=true} to SafeModeStatus{safeModeStatus=false, preCheckPassed=true}.
2021-10-31 01:03:41,438 [EventQueue-OpenPipelineForHealthyPipelineSafeModeRule] INFO  pipeline.BackgroundPipelineCreator (BackgroundPipelineCreator.java:notifyStatusChanged(264)) - Service BackgroundPipelineCreator transitions to RUNNING.
2021-10-31 01:03:41,438 [EventQueue-OpenPipelineForHealthyPipelineSafeModeRule] INFO  container.ReplicationManager (ReplicationManager.java:notifyStatusChanged(1746)) - Service ReplicationManager transitions to RUNNING.
2021-10-31 01:03:41,437 [1b81dd96-85e5-46dc-89c9-973755fd74f9@group-8F572447DBD7-LeaderElection5] INFO  server.RaftServerConfigKeys (ConfUtils.java:logGet(44)) - raft.server.log.appender.buffer.element-limit = 1 (custom)
2021-10-31 01:03:41,439 [1b81dd96-85e5-46dc-89c9-973755fd74f9@group-8F572447DBD7-LeaderElection5] INFO  grpc.GrpcConfigKeys (ConfUtils.java:logGet(44)) - raft.grpc.server.leader.outstanding.appends.max = 128 (default)
2021-10-31 01:03:41,439 [1b81dd96-85e5-46dc-89c9-973755fd74f9@group-8F572447DBD7-LeaderElection5] INFO  server.RaftServerConfigKeys (ConfUtils.java:logGet(44)) - raft.server.rpc.request.timeout = 60s (custom)
2021-10-31 01:03:41,439 [1b81dd96-85e5-46dc-89c9-973755fd74f9@group-8F572447DBD7-LeaderElection5] INFO  server.RaftServerConfigKeys (ConfUtils.java:logGet(44)) - raft.server.log.appender.install.snapshot.enabled = false (custom)
2021-10-31 01:03:41,440 [1b81dd96-85e5-46dc-89c9-973755fd74f9@group-8F572447DBD7-LeaderElection5] INFO  server.RaftServerConfigKeys (ConfUtils.java:logGet(44)) - raft.server.log.appender.snapshot.chunk.size.max = 16MB (=16777216) (default)
2021-10-31 01:03:41,440 [1b81dd96-85e5-46dc-89c9-973755fd74f9@group-8F572447DBD7-LeaderElection5] INFO  server.RaftServerConfigKeys (ConfUtils.java:logGet(44)) - raft.server.log.appender.buffer.byte-limit = 33554432 (custom)
2021-10-31 01:03:41,440 [1b81dd96-85e5-46dc-89c9-973755fd74f9@group-8F572447DBD7-LeaderElection5] INFO  server.RaftServerConfigKeys (ConfUtils.java:logGet(44)) - raft.server.log.appender.buffer.element-limit = 1 (custom)
2021-10-31 01:03:41,440 [1b81dd96-85e5-46dc-89c9-973755fd74f9@group-8F572447DBD7-LeaderElection5] INFO  grpc.GrpcConfigKeys (ConfUtils.java:logGet(44)) - raft.grpc.server.leader.outstanding.appends.max = 128 (default)
2021-10-31 01:03:41,441 [1b81dd96-85e5-46dc-89c9-973755fd74f9@group-8F572447DBD7-LeaderElection5] INFO  server.RaftServerConfigKeys (ConfUtils.java:logGet(44)) - raft.server.rpc.request.timeout = 60s (custom)
2021-10-31 01:03:41,441 [1b81dd96-85e5-46dc-89c9-973755fd74f9@group-8F572447DBD7-LeaderElection5] INFO  server.RaftServerConfigKeys (ConfUtils.java:logGet(44)) - raft.server.log.appender.install.snapshot.enabled = false (custom)
2021-10-31 01:03:41,441 [1b81dd96-85e5-46dc-89c9-973755fd74f9@group-8F572447DBD7-LeaderElection5] INFO  impl.RoleInfo (RoleInfo.java:updateAndGet(130)) - 1b81dd96-85e5-46dc-89c9-973755fd74f9: start 1b81dd96-85e5-46dc-89c9-973755fd74f9@group-8F572447DBD7-LeaderStateImpl
2021-10-31 01:03:41,442 [1b81dd96-85e5-46dc-89c9-973755fd74f9@group-8F572447DBD7-LeaderElection5] INFO  segmented.SegmentedRaftLogWorker (SegmentedRaftLogWorker.java:startLogSegment(394)) - 1b81dd96-85e5-46dc-89c9-973755fd74f9@group-8F572447DBD7-SegmentedRaftLogWorker: Starting segment from index:0
2021-10-31 01:03:41,443 [1b81dd96-85e5-46dc-89c9-973755fd74f9@group-8F572447DBD7-SegmentedRaftLogWorker] INFO  segmented.SegmentedRaftLogWorker (SegmentedRaftLogWorker.java:execute(601)) - 1b81dd96-85e5-46dc-89c9-973755fd74f9@group-8F572447DBD7-SegmentedRaftLogWorker: created new log segment /home/runner/work/ozone/ozone/hadoop-ozone/integration-test/target/test-dir/MiniOzoneClusterImpl-b8864bcf-37cc-42b5-82cc-559abfd78a8f/datanode-0/data/ratis/68d4ea20-f63b-4053-b203-8f572447dbd7/current/log_inprogress_0
2021-10-31 01:03:41,459 [1b81dd96-85e5-46dc-89c9-973755fd74f9@group-8F572447DBD7-LeaderElection5] INFO  server.RaftServer$Division (ServerState.java:setRaftConf(387)) - 1b81dd96-85e5-46dc-89c9-973755fd74f9@group-8F572447DBD7: set configuration 0: [64fce9c9-b0bf-428e-b112-2418aa6d81be|rpc:10.1.0.98:37719|dataStream:|priority:0, 1b81dd96-85e5-46dc-89c9-973755fd74f9|rpc:10.1.0.98:44891|dataStream:|priority:1, 4fe03719-c323-4acc-b4e8-a1a5c546f443|rpc:10.1.0.98:34073|dataStream:|priority:0], old=null
2021-10-31 01:03:41,471 [grpc-default-executor-1] INFO  ratis.XceiverServerRatis (XceiverServerRatis.java:handleLeaderChangedNotification(866)) - Leader change notification received for group: group-8F572447DBD7 with new leaderId: 1b81dd96-85e5-46dc-89c9-973755fd74f9
2021-10-31 01:03:41,471 [grpc-default-executor-1] INFO  server.RaftServer$Division (ServerState.java:setLeader(285)) - 4fe03719-c323-4acc-b4e8-a1a5c546f443@group-8F572447DBD7: change Leader from null to 1b81dd96-85e5-46dc-89c9-973755fd74f9 at term 1 for appendEntries, leader elected after 5030ms
2021-10-31 01:03:41,475 [grpc-default-executor-1] INFO  server.RaftServer$Division (ServerState.java:setRaftConf(387)) - 4fe03719-c323-4acc-b4e8-a1a5c546f443@group-8F572447DBD7: set configuration 0: [64fce9c9-b0bf-428e-b112-2418aa6d81be|rpc:10.1.0.98:37719|dataStream:|priority:0, 1b81dd96-85e5-46dc-89c9-973755fd74f9|rpc:10.1.0.98:44891|dataStream:|priority:1, 4fe03719-c323-4acc-b4e8-a1a5c546f443|rpc:10.1.0.98:34073|dataStream:|priority:0], old=null
2021-10-31 01:03:41,475 [grpc-default-executor-1] INFO  segmented.SegmentedRaftLogWorker (SegmentedRaftLogWorker.java:startLogSegment(394)) - 4fe03719-c323-4acc-b4e8-a1a5c546f443@group-8F572447DBD7-SegmentedRaftLogWorker: Starting segment from index:0
2021-10-31 01:03:41,477 [4fe03719-c323-4acc-b4e8-a1a5c546f443@group-8F572447DBD7-SegmentedRaftLogWorker] INFO  segmented.SegmentedRaftLogWorker (SegmentedRaftLogWorker.java:execute(601)) - 4fe03719-c323-4acc-b4e8-a1a5c546f443@group-8F572447DBD7-SegmentedRaftLogWorker: created new log segment /home/runner/work/ozone/ozone/hadoop-ozone/integration-test/target/test-dir/MiniOzoneClusterImpl-b8864bcf-37cc-42b5-82cc-559abfd78a8f/datanode-1/data/ratis/68d4ea20-f63b-4053-b203-8f572447dbd7/current/log_inprogress_0
2021-10-31 01:03:41,484 [grpc-default-executor-1] INFO  ratis.XceiverServerRatis (XceiverServerRatis.java:handleLeaderChangedNotification(866)) - Leader change notification received for group: group-8F572447DBD7 with new leaderId: 1b81dd96-85e5-46dc-89c9-973755fd74f9
2021-10-31 01:03:41,485 [grpc-default-executor-1] INFO  server.RaftServer$Division (ServerState.java:setLeader(285)) - 64fce9c9-b0bf-428e-b112-2418aa6d81be@group-8F572447DBD7: change Leader from null to 1b81dd96-85e5-46dc-89c9-973755fd74f9 at term 1 for appendEntries, leader elected after 5140ms
2021-10-31 01:03:41,491 [grpc-default-executor-1] INFO  server.RaftServer$Division (ServerState.java:setRaftConf(387)) - 64fce9c9-b0bf-428e-b112-2418aa6d81be@group-8F572447DBD7: set configuration 0: [64fce9c9-b0bf-428e-b112-2418aa6d81be|rpc:10.1.0.98:37719|dataStream:|priority:0, 1b81dd96-85e5-46dc-89c9-973755fd74f9|rpc:10.1.0.98:44891|dataStream:|priority:1, 4fe03719-c323-4acc-b4e8-a1a5c546f443|rpc:10.1.0.98:34073|dataStream:|priority:0], old=null
2021-10-31 01:03:41,491 [grpc-default-executor-1] INFO  segmented.SegmentedRaftLogWorker (SegmentedRaftLogWorker.java:startLogSegment(394)) - 64fce9c9-b0bf-428e-b112-2418aa6d81be@group-8F572447DBD7-SegmentedRaftLogWorker: Starting segment from index:0
2021-10-31 01:03:41,493 [64fce9c9-b0bf-428e-b112-2418aa6d81be@group-8F572447DBD7-SegmentedRaftLogWorker] INFO  segmented.SegmentedRaftLogWorker (SegmentedRaftLogWorker.java:execute(601)) - 64fce9c9-b0bf-428e-b112-2418aa6d81be@group-8F572447DBD7-SegmentedRaftLogWorker: created new log segment /home/runner/work/ozone/ozone/hadoop-ozone/integration-test/target/test-dir/MiniOzoneClusterImpl-b8864bcf-37cc-42b5-82cc-559abfd78a8f/datanode-2/data/ratis/68d4ea20-f63b-4053-b203-8f572447dbd7/current/log_inprogress_0
2021-10-31 01:03:41,574 [4fe03719-c323-4acc-b4e8-a1a5c546f443@group-484A3AF31A93-FollowerState] INFO  impl.FollowerState (FollowerState.java:run(134)) - 4fe03719-c323-4acc-b4e8-a1a5c546f443@group-484A3AF31A93-FollowerState: change to CANDIDATE, lastRpcElapsedTime:5052028355ns, electionTimeout:5051ms
2021-10-31 01:03:41,575 [4fe03719-c323-4acc-b4e8-a1a5c546f443@group-484A3AF31A93-FollowerState] INFO  impl.RoleInfo (RoleInfo.java:shutdownFollowerState(108)) - 4fe03719-c323-4acc-b4e8-a1a5c546f443: shutdown 4fe03719-c323-4acc-b4e8-a1a5c546f443@group-484A3AF31A93-FollowerState
2021-10-31 01:03:41,575 [4fe03719-c323-4acc-b4e8-a1a5c546f443@group-484A3AF31A93-FollowerState] INFO  server.RaftServer$Division (RaftServerImpl.java:setRole(290)) - 4fe03719-c323-4acc-b4e8-a1a5c546f443@group-484A3AF31A93: changes role from  FOLLOWER to CANDIDATE at term 0 for changeToCandidate
2021-10-31 01:03:41,575 [4fe03719-c323-4acc-b4e8-a1a5c546f443@group-484A3AF31A93-FollowerState] INFO  server.RaftServerConfigKeys (ConfUtils.java:logGet(44)) - raft.server.leaderelection.pre-vote = false (custom)
2021-10-31 01:03:41,575 [4fe03719-c323-4acc-b4e8-a1a5c546f443@group-484A3AF31A93-FollowerState] INFO  impl.RoleInfo (RoleInfo.java:updateAndGet(130)) - 4fe03719-c323-4acc-b4e8-a1a5c546f443: start 4fe03719-c323-4acc-b4e8-a1a5c546f443@group-484A3AF31A93-LeaderElection7
2021-10-31 01:03:41,580 [4fe03719-c323-4acc-b4e8-a1a5c546f443@group-484A3AF31A93-LeaderElection7] INFO  impl.LeaderElection (LeaderElection.java:askForVotes(306)) - 4fe03719-c323-4acc-b4e8-a1a5c546f443@group-484A3AF31A93-LeaderElection7 ELECTION round 0: submit vote requests at term 1 for -1: [64fce9c9-b0bf-428e-b112-2418aa6d81be|rpc:10.1.0.98:37719|dataStream:|priority:1, 1b81dd96-85e5-46dc-89c9-973755fd74f9|rpc:10.1.0.98:44891|dataStream:|priority:0, 4fe03719-c323-4acc-b4e8-a1a5c546f443|rpc:10.1.0.98:34073|dataStream:|priority:0], old=null
2021-10-31 01:03:41,594 [grpc-default-executor-1] INFO  server.RaftServer$Division (RaftServerImpl.java:requestVote(1046)) - 64fce9c9-b0bf-428e-b112-2418aa6d81be@group-484A3AF31A93: receive requestVote(ELECTION, 4fe03719-c323-4acc-b4e8-a1a5c546f443, group-484A3AF31A93, 1, (t:0, i:0))
2021-10-31 01:03:41,594 [grpc-default-executor-1] INFO  impl.VoteContext (VoteContext.java:log(48)) - 64fce9c9-b0bf-428e-b112-2418aa6d81be@group-484A3AF31A93-FOLLOWER: reject ELECTION from 4fe03719-c323-4acc-b4e8-a1a5c546f443: our priority 1 > candidate's priority 0
2021-10-31 01:03:41,594 [grpc-default-executor-1] INFO  server.RaftServer$Division (RaftServerImpl.java:setRole(290)) - 64fce9c9-b0bf-428e-b112-2418aa6d81be@group-484A3AF31A93: changes role from  FOLLOWER to FOLLOWER at term 1 for candidate:4fe03719-c323-4acc-b4e8-a1a5c546f443
2021-10-31 01:03:41,594 [grpc-default-executor-1] INFO  impl.RoleInfo (RoleInfo.java:shutdownFollowerState(108)) - 64fce9c9-b0bf-428e-b112-2418aa6d81be: shutdown 64fce9c9-b0bf-428e-b112-2418aa6d81be@group-484A3AF31A93-FollowerState
2021-10-31 01:03:41,594 [grpc-default-executor-1] INFO  impl.RoleInfo (RoleInfo.java:updateAndGet(130)) - 64fce9c9-b0bf-428e-b112-2418aa6d81be: start 64fce9c9-b0bf-428e-b112-2418aa6d81be@group-484A3AF31A93-FollowerState
2021-10-31 01:03:41,594 [64fce9c9-b0bf-428e-b112-2418aa6d81be@group-484A3AF31A93-FollowerState] INFO  impl.FollowerState (FollowerState.java:run(143)) - 64fce9c9-b0bf-428e-b112-2418aa6d81be@group-484A3AF31A93-FollowerState was interrupted: {}
java.lang.InterruptedException: sleep interrupted
	at java.lang.Thread.sleep(Native Method)
	at java.lang.Thread.sleep(Thread.java:340)
	at java.util.concurrent.TimeUnit.sleep(TimeUnit.java:386)
	at org.apache.ratis.util.TimeDuration.sleep(TimeDuration.java:324)
	at org.apache.ratis.util.TimeDuration.sleep(TimeDuration.java:309)
	at org.apache.ratis.server.impl.FollowerState.run(FollowerState.java:118)
2021-10-31 01:03:41,601 [grpc-default-executor-4] INFO  server.RaftServer$Division (RaftServerImpl.java:requestVote(1046)) - 1b81dd96-85e5-46dc-89c9-973755fd74f9@group-484A3AF31A93: receive requestVote(ELECTION, 4fe03719-c323-4acc-b4e8-a1a5c546f443, group-484A3AF31A93, 1, (t:0, i:0))
2021-10-31 01:03:41,601 [grpc-default-executor-4] INFO  impl.VoteContext (VoteContext.java:log(48)) - 1b81dd96-85e5-46dc-89c9-973755fd74f9@group-484A3AF31A93-FOLLOWER: accept ELECTION from 4fe03719-c323-4acc-b4e8-a1a5c546f443: our priority 0 <= candidate's priority 0
2021-10-31 01:03:41,602 [grpc-default-executor-4] INFO  server.RaftServer$Division (RaftServerImpl.java:setRole(290)) - 1b81dd96-85e5-46dc-89c9-973755fd74f9@group-484A3AF31A93: changes role from  FOLLOWER to FOLLOWER at term 1 for candidate:4fe03719-c323-4acc-b4e8-a1a5c546f443
2021-10-31 01:03:41,602 [grpc-default-executor-4] INFO  impl.RoleInfo (RoleInfo.java:shutdownFollowerState(108)) - 1b81dd96-85e5-46dc-89c9-973755fd74f9: shutdown 1b81dd96-85e5-46dc-89c9-973755fd74f9@group-484A3AF31A93-FollowerState
2021-10-31 01:03:41,602 [grpc-default-executor-4] INFO  impl.RoleInfo (RoleInfo.java:updateAndGet(130)) - 1b81dd96-85e5-46dc-89c9-973755fd74f9: start 1b81dd96-85e5-46dc-89c9-973755fd74f9@group-484A3AF31A93-FollowerState
2021-10-31 01:03:41,602 [1b81dd96-85e5-46dc-89c9-973755fd74f9@group-484A3AF31A93-FollowerState] INFO  impl.FollowerState (FollowerState.java:run(143)) - 1b81dd96-85e5-46dc-89c9-973755fd74f9@group-484A3AF31A93-FollowerState was interrupted: {}
java.lang.InterruptedException: sleep interrupted
	at java.lang.Thread.sleep(Native Method)
	at java.lang.Thread.sleep(Thread.java:340)
	at java.util.concurrent.TimeUnit.sleep(TimeUnit.java:386)
	at org.apache.ratis.util.TimeDuration.sleep(TimeDuration.java:324)
	at org.apache.ratis.util.TimeDuration.sleep(TimeDuration.java:309)
	at org.apache.ratis.server.impl.FollowerState.run(FollowerState.java:118)
2021-10-31 01:03:41,603 [grpc-default-executor-1] INFO  server.RaftServer$Division (RaftServerImpl.java:requestVote(1078)) - 64fce9c9-b0bf-428e-b112-2418aa6d81be@group-484A3AF31A93 replies to ELECTION vote request: 4fe03719-c323-4acc-b4e8-a1a5c546f443<-64fce9c9-b0bf-428e-b112-2418aa6d81be#0:FAIL-t1. Peer's state: 64fce9c9-b0bf-428e-b112-2418aa6d81be@group-484A3AF31A93:t1, leader=null, voted=null, raftlog=64fce9c9-b0bf-428e-b112-2418aa6d81be@group-484A3AF31A93-SegmentedRaftLog:OPENED:c-1, conf=-1: [64fce9c9-b0bf-428e-b112-2418aa6d81be|rpc:10.1.0.98:37719|dataStream:|priority:1, 1b81dd96-85e5-46dc-89c9-973755fd74f9|rpc:10.1.0.98:44891|dataStream:|priority:0, 4fe03719-c323-4acc-b4e8-a1a5c546f443|rpc:10.1.0.98:34073|dataStream:|priority:0], old=null
2021-10-31 01:03:41,631 [grpc-default-executor-4] INFO  server.RaftServer$Division (RaftServerImpl.java:requestVote(1078)) - 1b81dd96-85e5-46dc-89c9-973755fd74f9@group-484A3AF31A93 replies to ELECTION vote request: 4fe03719-c323-4acc-b4e8-a1a5c546f443<-1b81dd96-85e5-46dc-89c9-973755fd74f9#0:OK-t1. Peer's state: 1b81dd96-85e5-46dc-89c9-973755fd74f9@group-484A3AF31A93:t1, leader=null, voted=4fe03719-c323-4acc-b4e8-a1a5c546f443, raftlog=1b81dd96-85e5-46dc-89c9-973755fd74f9@group-484A3AF31A93-SegmentedRaftLog:OPENED:c-1, conf=-1: [64fce9c9-b0bf-428e-b112-2418aa6d81be|rpc:10.1.0.98:37719|priority:1, 1b81dd96-85e5-46dc-89c9-973755fd74f9|rpc:10.1.0.98:44891|priority:0, 4fe03719-c323-4acc-b4e8-a1a5c546f443|rpc:10.1.0.98:34073|priority:0], old=null
2021-10-31 01:03:41,632 [4fe03719-c323-4acc-b4e8-a1a5c546f443@group-484A3AF31A93-LeaderElection7] INFO  impl.LeaderElection (LeaderElection.java:logAndReturn(89)) - 4fe03719-c323-4acc-b4e8-a1a5c546f443@group-484A3AF31A93-LeaderElection7: ELECTION REJECTED received 1 response(s) and 0 exception(s):
2021-10-31 01:03:41,633 [4fe03719-c323-4acc-b4e8-a1a5c546f443@group-484A3AF31A93-LeaderElection7] INFO  impl.LeaderElection (LeaderElection.java:logAndReturn(93)) -   Response 0: 4fe03719-c323-4acc-b4e8-a1a5c546f443<-64fce9c9-b0bf-428e-b112-2418aa6d81be#0:FAIL-t1
2021-10-31 01:03:41,633 [4fe03719-c323-4acc-b4e8-a1a5c546f443@group-484A3AF31A93-LeaderElection7] INFO  impl.LeaderElection (LeaderElection.java:askForVotes(308)) - 4fe03719-c323-4acc-b4e8-a1a5c546f443@group-484A3AF31A93-LeaderElection7 ELECTION round 0: result REJECTED
2021-10-31 01:03:41,634 [4fe03719-c323-4acc-b4e8-a1a5c546f443@group-484A3AF31A93-LeaderElection7] INFO  server.RaftServer$Division (RaftServerImpl.java:setRole(290)) - 4fe03719-c323-4acc-b4e8-a1a5c546f443@group-484A3AF31A93: changes role from CANDIDATE to FOLLOWER at term 1 for REJECTED
2021-10-31 01:03:41,634 [4fe03719-c323-4acc-b4e8-a1a5c546f443@group-484A3AF31A93-LeaderElection7] INFO  impl.RoleInfo (RoleInfo.java:shutdownLeaderElection(121)) - 4fe03719-c323-4acc-b4e8-a1a5c546f443: shutdown 4fe03719-c323-4acc-b4e8-a1a5c546f443@group-484A3AF31A93-LeaderElection7
2021-10-31 01:03:41,634 [4fe03719-c323-4acc-b4e8-a1a5c546f443@group-484A3AF31A93-LeaderElection7] INFO  impl.RoleInfo (RoleInfo.java:updateAndGet(130)) - 4fe03719-c323-4acc-b4e8-a1a5c546f443: start 4fe03719-c323-4acc-b4e8-a1a5c546f443@group-484A3AF31A93-FollowerState
2021-10-31 01:03:41,718 [4fe03719-c323-4acc-b4e8-a1a5c546f443@group-6B0F9F102959-FollowerState] INFO  impl.FollowerState (FollowerState.java:run(134)) - 4fe03719-c323-4acc-b4e8-a1a5c546f443@group-6B0F9F102959-FollowerState: change to CANDIDATE, lastRpcElapsedTime:5008876913ns, electionTimeout:5004ms
2021-10-31 01:03:41,720 [4fe03719-c323-4acc-b4e8-a1a5c546f443@group-6B0F9F102959-FollowerState] INFO  impl.RoleInfo (RoleInfo.java:shutdownFollowerState(108)) - 4fe03719-c323-4acc-b4e8-a1a5c546f443: shutdown 4fe03719-c323-4acc-b4e8-a1a5c546f443@group-6B0F9F102959-FollowerState
2021-10-31 01:03:41,720 [4fe03719-c323-4acc-b4e8-a1a5c546f443@group-6B0F9F102959-FollowerState] INFO  server.RaftServer$Division (RaftServerImpl.java:setRole(290)) - 4fe03719-c323-4acc-b4e8-a1a5c546f443@group-6B0F9F102959: changes role from  FOLLOWER to CANDIDATE at term 0 for changeToCandidate
2021-10-31 01:03:41,720 [4fe03719-c323-4acc-b4e8-a1a5c546f443@group-6B0F9F102959-FollowerState] INFO  server.RaftServerConfigKeys (ConfUtils.java:logGet(44)) - raft.server.leaderelection.pre-vote = false (custom)
2021-10-31 01:03:41,720 [4fe03719-c323-4acc-b4e8-a1a5c546f443@group-6B0F9F102959-FollowerState] INFO  impl.RoleInfo (RoleInfo.java:updateAndGet(130)) - 4fe03719-c323-4acc-b4e8-a1a5c546f443: start 4fe03719-c323-4acc-b4e8-a1a5c546f443@group-6B0F9F102959-LeaderElection8
2021-10-31 01:03:41,724 [4fe03719-c323-4acc-b4e8-a1a5c546f443@group-6B0F9F102959-LeaderElection8] INFO  impl.LeaderElection (LeaderElection.java:askForVotes(306)) - 4fe03719-c323-4acc-b4e8-a1a5c546f443@group-6B0F9F102959-LeaderElection8 ELECTION round 0: submit vote requests at term 1 for -1: [4fe03719-c323-4acc-b4e8-a1a5c546f443|rpc:10.1.0.98:34073|priority:1], old=null
2021-10-31 01:03:41,724 [4fe03719-c323-4acc-b4e8-a1a5c546f443@group-6B0F9F102959-LeaderElection8] INFO  impl.LeaderElection (LeaderElection.java:askForVotes(308)) - 4fe03719-c323-4acc-b4e8-a1a5c546f443@group-6B0F9F102959-LeaderElection8 ELECTION round 0: result PASSED (term=1)
2021-10-31 01:03:41,724 [4fe03719-c323-4acc-b4e8-a1a5c546f443@group-6B0F9F102959-LeaderElection8] INFO  impl.RoleInfo (RoleInfo.java:shutdownLeaderElection(121)) - 4fe03719-c323-4acc-b4e8-a1a5c546f443: shutdown 4fe03719-c323-4acc-b4e8-a1a5c546f443@group-6B0F9F102959-LeaderElection8
2021-10-31 01:03:41,724 [4fe03719-c323-4acc-b4e8-a1a5c546f443@group-6B0F9F102959-LeaderElection8] INFO  server.RaftServer$Division (RaftServerImpl.java:setRole(290)) - 4fe03719-c323-4acc-b4e8-a1a5c546f443@group-6B0F9F102959: changes role from CANDIDATE to LEADER at term 1 for changeToLeader
2021-10-31 01:03:41,724 [4fe03719-c323-4acc-b4e8-a1a5c546f443@group-6B0F9F102959-LeaderElection8] INFO  ratis.XceiverServerRatis (XceiverServerRatis.java:handleLeaderChangedNotification(866)) - Leader change notification received for group: group-6B0F9F102959 with new leaderId: 4fe03719-c323-4acc-b4e8-a1a5c546f443
2021-10-31 01:03:41,724 [4fe03719-c323-4acc-b4e8-a1a5c546f443@group-6B0F9F102959-LeaderElection8] INFO  server.RaftServer$Division (ServerState.java:setLeader(285)) - 4fe03719-c323-4acc-b4e8-a1a5c546f443@group-6B0F9F102959: change Leader from null to 4fe03719-c323-4acc-b4e8-a1a5c546f443 at term 1 for becomeLeader, leader elected after 5032ms
2021-10-31 01:03:41,726 [4fe03719-c323-4acc-b4e8-a1a5c546f443@group-6B0F9F102959-LeaderElection8] INFO  server.RaftServerConfigKeys (ConfUtils.java:logGet(44)) - raft.server.staging.catchup.gap = 1000 (default)
2021-10-31 01:03:41,727 [4fe03719-c323-4acc-b4e8-a1a5c546f443@group-6B0F9F102959-LeaderElection8] INFO  server.RaftServerConfigKeys (ConfUtils.java:logGet(44)) - raft.server.write.element-limit = 1024 (custom)
2021-10-31 01:03:41,727 [4fe03719-c323-4acc-b4e8-a1a5c546f443@group-6B0F9F102959-LeaderElection8] INFO  server.RaftServerConfigKeys (ConfUtils.java:logGet(44)) - raft.server.write.byte-limit = 1024 M (=1073741824) (custom)
2021-10-31 01:03:41,732 [4fe03719-c323-4acc-b4e8-a1a5c546f443@group-6B0F9F102959-LeaderElection8] INFO  server.RaftServerConfigKeys (ConfUtils.java:logGet(44)) - raft.server.watch.timeout = 180s (custom)
2021-10-31 01:03:41,732 [4fe03719-c323-4acc-b4e8-a1a5c546f443@group-6B0F9F102959-LeaderElection8] INFO  server.RaftServerConfigKeys (ConfUtils.java:logGet(44)) - raft.server.watch.timeout.denomination = 1s (default)
2021-10-31 01:03:41,732 [4fe03719-c323-4acc-b4e8-a1a5c546f443@group-6B0F9F102959-LeaderElection8] INFO  server.RaftServerConfigKeys (ConfUtils.java:logGet(44)) - raft.server.watch.element-limit = 65536 (default)
2021-10-31 01:03:41,732 [4fe03719-c323-4acc-b4e8-a1a5c546f443@group-6B0F9F102959-LeaderElection8] INFO  server.RaftServerConfigKeys (ConfUtils.java:logGet(44)) - raft.server.write.element-limit = 1024 (custom)
2021-10-31 01:03:41,733 [4fe03719-c323-4acc-b4e8-a1a5c546f443@group-6B0F9F102959-LeaderElection8] INFO  server.RaftServerConfigKeys (ConfUtils.java:logGet(44)) - raft.server.write.follower.gap.ratio.max = -1.0 (default)
2021-10-31 01:03:41,733 [4fe03719-c323-4acc-b4e8-a1a5c546f443@group-6B0F9F102959-LeaderElection8] INFO  impl.RoleInfo (RoleInfo.java:updateAndGet(130)) - 4fe03719-c323-4acc-b4e8-a1a5c546f443: start 4fe03719-c323-4acc-b4e8-a1a5c546f443@group-6B0F9F102959-LeaderStateImpl
2021-10-31 01:03:41,733 [4fe03719-c323-4acc-b4e8-a1a5c546f443@group-6B0F9F102959-LeaderElection8] INFO  segmented.SegmentedRaftLogWorker (SegmentedRaftLogWorker.java:startLogSegment(394)) - 4fe03719-c323-4acc-b4e8-a1a5c546f443@group-6B0F9F102959-SegmentedRaftLogWorker: Starting segment from index:0
2021-10-31 01:03:41,736 [4fe03719-c323-4acc-b4e8-a1a5c546f443@group-6B0F9F102959-SegmentedRaftLogWorker] INFO  segmented.SegmentedRaftLogWorker (SegmentedRaftLogWorker.java:execute(601)) - 4fe03719-c323-4acc-b4e8-a1a5c546f443@group-6B0F9F102959-SegmentedRaftLogWorker: created new log segment /home/runner/work/ozone/ozone/hadoop-ozone/integration-test/target/test-dir/MiniOzoneClusterImpl-b8864bcf-37cc-42b5-82cc-559abfd78a8f/datanode-1/data/ratis/c9748e32-8b95-4df3-a142-6b0f9f102959/current/log_inprogress_0
2021-10-31 01:03:41,736 [4fe03719-c323-4acc-b4e8-a1a5c546f443@group-6B0F9F102959-LeaderElection8] INFO  server.RaftServer$Division (ServerState.java:setRaftConf(387)) - 4fe03719-c323-4acc-b4e8-a1a5c546f443@group-6B0F9F102959: set configuration 0: [4fe03719-c323-4acc-b4e8-a1a5c546f443|rpc:10.1.0.98:34073|dataStream:|priority:1], old=null
2021-10-31 01:03:41,917 [Listener at 127.0.0.1/11928] INFO  ozone.MiniOzoneClusterImpl (MiniOzoneClusterImpl.java:lambda$waitForClusterToBeReady$0(235)) - Nodes are ready. Got 3 of 3 DN Heartbeats.
2021-10-31 01:03:41,917 [Listener at 127.0.0.1/11928] INFO  ozone.MiniOzoneClusterImpl (MiniOzoneClusterImpl.java:lambda$waitForClusterToBeReady$0(238)) - Cluster exits safe mode
2021-10-31 01:03:41,917 [Listener at 127.0.0.1/11928] INFO  ozone.MiniOzoneClusterImpl (MiniOzoneClusterImpl.java:lambda$waitForClusterToBeReady$0(240)) - SCM became leader
2021-10-31 01:03:42,090 [64fce9c9-b0bf-428e-b112-2418aa6d81be@group-8B4869E847E2-FollowerState] INFO  impl.FollowerState (FollowerState.java:run(134)) - 64fce9c9-b0bf-428e-b112-2418aa6d81be@group-8B4869E847E2-FollowerState: change to CANDIDATE, lastRpcElapsedTime:5147462870ns, electionTimeout:5147ms
2021-10-31 01:03:42,091 [64fce9c9-b0bf-428e-b112-2418aa6d81be@group-8B4869E847E2-FollowerState] INFO  impl.RoleInfo (RoleInfo.java:shutdownFollowerState(108)) - 64fce9c9-b0bf-428e-b112-2418aa6d81be: shutdown 64fce9c9-b0bf-428e-b112-2418aa6d81be@group-8B4869E847E2-FollowerState
2021-10-31 01:03:42,091 [64fce9c9-b0bf-428e-b112-2418aa6d81be@group-8B4869E847E2-FollowerState] INFO  server.RaftServer$Division (RaftServerImpl.java:setRole(290)) - 64fce9c9-b0bf-428e-b112-2418aa6d81be@group-8B4869E847E2: changes role from  FOLLOWER to CANDIDATE at term 0 for changeToCandidate
2021-10-31 01:03:42,091 [64fce9c9-b0bf-428e-b112-2418aa6d81be@group-8B4869E847E2-FollowerState] INFO  server.RaftServerConfigKeys (ConfUtils.java:logGet(44)) - raft.server.leaderelection.pre-vote = false (custom)
2021-10-31 01:03:42,091 [64fce9c9-b0bf-428e-b112-2418aa6d81be@group-8B4869E847E2-FollowerState] INFO  impl.RoleInfo (RoleInfo.java:updateAndGet(130)) - 64fce9c9-b0bf-428e-b112-2418aa6d81be: start 64fce9c9-b0bf-428e-b112-2418aa6d81be@group-8B4869E847E2-LeaderElection9
2021-10-31 01:03:42,108 [64fce9c9-b0bf-428e-b112-2418aa6d81be@group-8B4869E847E2-LeaderElection9] INFO  impl.LeaderElection (LeaderElection.java:askForVotes(306)) - 64fce9c9-b0bf-428e-b112-2418aa6d81be@group-8B4869E847E2-LeaderElection9 ELECTION round 0: submit vote requests at term 1 for -1: [64fce9c9-b0bf-428e-b112-2418aa6d81be|rpc:10.1.0.98:37719|priority:1], old=null
2021-10-31 01:03:42,108 [64fce9c9-b0bf-428e-b112-2418aa6d81be@group-8B4869E847E2-LeaderElection9] INFO  impl.LeaderElection (LeaderElection.java:askForVotes(308)) - 64fce9c9-b0bf-428e-b112-2418aa6d81be@group-8B4869E847E2-LeaderElection9 ELECTION round 0: result PASSED (term=1)
2021-10-31 01:03:42,108 [64fce9c9-b0bf-428e-b112-2418aa6d81be@group-8B4869E847E2-LeaderElection9] INFO  impl.RoleInfo (RoleInfo.java:shutdownLeaderElection(121)) - 64fce9c9-b0bf-428e-b112-2418aa6d81be: shutdown 64fce9c9-b0bf-428e-b112-2418aa6d81be@group-8B4869E847E2-LeaderElection9
2021-10-31 01:03:42,108 [64fce9c9-b0bf-428e-b112-2418aa6d81be@group-8B4869E847E2-LeaderElection9] INFO  server.RaftServer$Division (RaftServerImpl.java:setRole(290)) - 64fce9c9-b0bf-428e-b112-2418aa6d81be@group-8B4869E847E2: changes role from CANDIDATE to LEADER at term 1 for changeToLeader
2021-10-31 01:03:42,108 [64fce9c9-b0bf-428e-b112-2418aa6d81be@group-8B4869E847E2-LeaderElection9] INFO  ratis.XceiverServerRatis (XceiverServerRatis.java:handleLeaderChangedNotification(866)) - Leader change notification received for group: group-8B4869E847E2 with new leaderId: 64fce9c9-b0bf-428e-b112-2418aa6d81be
2021-10-31 01:03:42,108 [64fce9c9-b0bf-428e-b112-2418aa6d81be@group-8B4869E847E2-LeaderElection9] INFO  server.RaftServer$Division (ServerState.java:setLeader(285)) - 64fce9c9-b0bf-428e-b112-2418aa6d81be@group-8B4869E847E2: change Leader from null to 64fce9c9-b0bf-428e-b112-2418aa6d81be at term 1 for becomeLeader, leader elected after 5182ms
2021-10-31 01:03:42,108 [64fce9c9-b0bf-428e-b112-2418aa6d81be@group-8B4869E847E2-LeaderElection9] INFO  server.RaftServerConfigKeys (ConfUtils.java:logGet(44)) - raft.server.staging.catchup.gap = 1000 (default)
2021-10-31 01:03:42,108 [64fce9c9-b0bf-428e-b112-2418aa6d81be@group-8B4869E847E2-LeaderElection9] INFO  server.RaftServerConfigKeys (ConfUtils.java:logGet(44)) - raft.server.write.element-limit = 1024 (custom)
2021-10-31 01:03:42,109 [64fce9c9-b0bf-428e-b112-2418aa6d81be@group-8B4869E847E2-LeaderElection9] INFO  server.RaftServerConfigKeys (ConfUtils.java:logGet(44)) - raft.server.write.byte-limit = 1024 M (=1073741824) (custom)
2021-10-31 01:03:42,109 [64fce9c9-b0bf-428e-b112-2418aa6d81be@group-8B4869E847E2-LeaderElection9] INFO  server.RaftServerConfigKeys (ConfUtils.java:logGet(44)) - raft.server.watch.timeout = 180s (custom)
2021-10-31 01:03:42,109 [64fce9c9-b0bf-428e-b112-2418aa6d81be@group-8B4869E847E2-LeaderElection9] INFO  server.RaftServerConfigKeys (ConfUtils.java:logGet(44)) - raft.server.watch.timeout.denomination = 1s (default)
2021-10-31 01:03:42,109 [64fce9c9-b0bf-428e-b112-2418aa6d81be@group-8B4869E847E2-LeaderElection9] INFO  server.RaftServerConfigKeys (ConfUtils.java:logGet(44)) - raft.server.watch.element-limit = 65536 (default)
2021-10-31 01:03:42,109 [64fce9c9-b0bf-428e-b112-2418aa6d81be@group-8B4869E847E2-LeaderElection9] INFO  server.RaftServerConfigKeys (ConfUtils.java:logGet(44)) - raft.server.write.element-limit = 1024 (custom)
2021-10-31 01:03:42,109 [64fce9c9-b0bf-428e-b112-2418aa6d81be@group-8B4869E847E2-LeaderElection9] INFO  server.RaftServerConfigKeys (ConfUtils.java:logGet(44)) - raft.server.write.follower.gap.ratio.max = -1.0 (default)
2021-10-31 01:03:42,109 [64fce9c9-b0bf-428e-b112-2418aa6d81be@group-8B4869E847E2-LeaderElection9] INFO  impl.RoleInfo (RoleInfo.java:updateAndGet(130)) - 64fce9c9-b0bf-428e-b112-2418aa6d81be: start 64fce9c9-b0bf-428e-b112-2418aa6d81be@group-8B4869E847E2-LeaderStateImpl
2021-10-31 01:03:42,110 [64fce9c9-b0bf-428e-b112-2418aa6d81be@group-8B4869E847E2-LeaderElection9] INFO  segmented.SegmentedRaftLogWorker (SegmentedRaftLogWorker.java:startLogSegment(394)) - 64fce9c9-b0bf-428e-b112-2418aa6d81be@group-8B4869E847E2-SegmentedRaftLogWorker: Starting segment from index:0
2021-10-31 01:03:42,115 [64fce9c9-b0bf-428e-b112-2418aa6d81be@group-8B4869E847E2-SegmentedRaftLogWorker] INFO  segmented.SegmentedRaftLogWorker (SegmentedRaftLogWorker.java:execute(601)) - 64fce9c9-b0bf-428e-b112-2418aa6d81be@group-8B4869E847E2-SegmentedRaftLogWorker: created new log segment /home/runner/work/ozone/ozone/hadoop-ozone/integration-test/target/test-dir/MiniOzoneClusterImpl-b8864bcf-37cc-42b5-82cc-559abfd78a8f/datanode-2/data/ratis/c4887ddd-bbc0-48ed-a145-8b4869e847e2/current/log_inprogress_0
2021-10-31 01:03:42,118 [64fce9c9-b0bf-428e-b112-2418aa6d81be@group-8B4869E847E2-LeaderElection9] INFO  server.RaftServer$Division (ServerState.java:setRaftConf(387)) - 64fce9c9-b0bf-428e-b112-2418aa6d81be@group-8B4869E847E2: set configuration 0: [64fce9c9-b0bf-428e-b112-2418aa6d81be|rpc:10.1.0.98:37719|dataStream:|priority:1], old=null
]]></system-out>
  </testcase>
  <testcase name="testPrepareWithMultipleThreads" classname="org.apache.hadoop.ozone.om.TestOzoneManagerPrepare" time="9.17"/>
  <testcase name="testCancelPrepare" classname="org.apache.hadoop.ozone.om.TestOzoneManagerPrepare" time="123.564">
    <error message="timeout: after 120000 millis" type="java.util.concurrent.TimeoutException">java.util.concurrent.TimeoutException: timeout: after 120000 millis
	at org.apache.ozone.test.LambdaTestUtils$GenerateTimeout.evaluate(LambdaTestUtils.java:677)
	at org.apache.ozone.test.LambdaTestUtils.await(LambdaTestUtils.java:154)
	at org.apache.ozone.test.LambdaTestUtils.await(LambdaTestUtils.java:192)
	at org.apache.hadoop.ozone.om.TestOzoneManagerPrepare.assertClusterNotPrepared(TestOzoneManagerPrepare.java:484)
	at org.apache.hadoop.ozone.om.TestOzoneManagerPrepare.assertClusterNotPrepared(TestOzoneManagerPrepare.java:478)
	at org.apache.hadoop.ozone.om.TestOzoneManagerPrepare.initOM(TestOzoneManagerPrepare.java:91)
	at sun.reflect.NativeMethodAccessorImpl.invoke0(Native Method)
	at sun.reflect.NativeMethodAccessorImpl.invoke(NativeMethodAccessorImpl.java:62)
	at sun.reflect.DelegatingMethodAccessorImpl.invoke(DelegatingMethodAccessorImpl.java:43)
	at java.lang.reflect.Method.invoke(Method.java:498)
	at org.junit.runners.model.FrameworkMethod$1.runReflectiveCall(FrameworkMethod.java:59)
	at org.junit.internal.runners.model.ReflectiveCallable.run(ReflectiveCallable.java:12)
	at org.junit.runners.model.FrameworkMethod.invokeExplosively(FrameworkMethod.java:56)
	at org.junit.internal.runners.statements.RunBefores.invokeMethod(RunBefores.java:33)
	at org.junit.internal.runners.statements.RunBefores.evaluate(RunBefores.java:24)
	at org.junit.internal.runners.statements.RunAfters.evaluate(RunAfters.java:27)
	at org.junit.rules.ExpectedException$ExpectedExceptionStatement.evaluate(ExpectedException.java:258)
	at org.junit.internal.runners.statements.FailOnTimeout$CallableStatement.call(FailOnTimeout.java:288)
	at org.junit.internal.runners.statements.FailOnTimeout$CallableStatement.call(FailOnTimeout.java:282)
	at java.util.concurrent.FutureTask.run(FutureTask.java:266)
	at java.lang.Thread.run(Thread.java:748)
</error>
    <system-out><![CDATA[2021-10-31 01:03:51,592 [Time-limited test] INFO  retry.RetryInvocationHandler (RetryInvocationHandler.java:log(411)) - com.google.protobuf.ServiceException: java.io.EOFException: End of File Exception between local host is: "fv-az50-512/10.1.0.98"; destination host is: "localhost":11916; : java.io.EOFException; For more details see:  http://wiki.apache.org/hadoop/EOFException, while invoking $Proxy52.submitRequest over nodeId=omNode-1,nodeAddress=127.0.0.1:11916. Trying to failover immediately.
2021-10-31 01:03:51,598 [Time-limited test] INFO  retry.RetryInvocationHandler (RetryInvocationHandler.java:log(411)) - com.google.protobuf.ServiceException: org.apache.hadoop.ipc.RemoteException(org.apache.hadoop.ozone.om.exceptions.OMNotLeaderException): OM:omNode-2 is not the leader. Could not determine the leader node.
	at org.apache.hadoop.ozone.om.ratis.utils.OzoneManagerRatisUtils.createNotLeaderException(OzoneManagerRatisUtils.java:465)
	at org.apache.hadoop.ozone.om.ratis.utils.OzoneManagerRatisUtils.checkLeaderStatus(OzoneManagerRatisUtils.java:451)
	at org.apache.hadoop.ozone.protocolPB.OzoneManagerProtocolServerSideTranslatorPB.checkLeaderStatus(OzoneManagerProtocolServerSideTranslatorPB.java:248)
	at org.apache.hadoop.ozone.protocolPB.OzoneManagerProtocolServerSideTranslatorPB.processRequest(OzoneManagerProtocolServerSideTranslatorPB.java:135)
	at org.apache.hadoop.hdds.server.OzoneProtocolMessageDispatcher.processRequest(OzoneProtocolMessageDispatcher.java:87)
	at org.apache.hadoop.ozone.protocolPB.OzoneManagerProtocolServerSideTranslatorPB.submitRequest(OzoneManagerProtocolServerSideTranslatorPB.java:124)
	at org.apache.hadoop.ozone.protocol.proto.OzoneManagerProtocolProtos$OzoneManagerService$2.callBlockingMethod(OzoneManagerProtocolProtos.java)
	at org.apache.hadoop.ipc.ProtobufRpcEngine$Server.processCall(ProtobufRpcEngine.java:466)
	at org.apache.hadoop.ipc.ProtobufRpcEngine2$Server$ProtoBufRpcInvoker.call(ProtobufRpcEngine2.java:574)
	at org.apache.hadoop.ipc.ProtobufRpcEngine2$Server$ProtoBufRpcInvoker.call(ProtobufRpcEngine2.java:552)
	at org.apache.hadoop.ipc.RPC$Server.call(RPC.java:1093)
	at org.apache.hadoop.ipc.Server$RpcCall.run(Server.java:1035)
	at org.apache.hadoop.ipc.Server$RpcCall.run(Server.java:963)
	at java.security.AccessController.doPrivileged(Native Method)
	at javax.security.auth.Subject.doAs(Subject.java:422)
	at org.apache.hadoop.security.UserGroupInformation.doAs(UserGroupInformation.java:1878)
	at org.apache.hadoop.ipc.Server$Handler.run(Server.java:2966)
, while invoking $Proxy52.submitRequest over nodeId=omNode-2,nodeAddress=127.0.0.1:11922 after 1 failover attempts. Trying to failover immediately.
2021-10-31 01:03:51,604 [Time-limited test] INFO  retry.RetryInvocationHandler (RetryInvocationHandler.java:log(411)) - com.google.protobuf.ServiceException: org.apache.hadoop.ipc.RemoteException(org.apache.hadoop.ozone.om.exceptions.OMNotLeaderException): OM:omNode-3 is not the leader. Could not determine the leader node.
	at org.apache.hadoop.ozone.om.ratis.utils.OzoneManagerRatisUtils.createNotLeaderException(OzoneManagerRatisUtils.java:465)
	at org.apache.hadoop.ozone.om.ratis.utils.OzoneManagerRatisUtils.checkLeaderStatus(OzoneManagerRatisUtils.java:451)
	at org.apache.hadoop.ozone.protocolPB.OzoneManagerProtocolServerSideTranslatorPB.checkLeaderStatus(OzoneManagerProtocolServerSideTranslatorPB.java:248)
	at org.apache.hadoop.ozone.protocolPB.OzoneManagerProtocolServerSideTranslatorPB.processRequest(OzoneManagerProtocolServerSideTranslatorPB.java:135)
	at org.apache.hadoop.hdds.server.OzoneProtocolMessageDispatcher.processRequest(OzoneProtocolMessageDispatcher.java:87)
	at org.apache.hadoop.ozone.protocolPB.OzoneManagerProtocolServerSideTranslatorPB.submitRequest(OzoneManagerProtocolServerSideTranslatorPB.java:124)
	at org.apache.hadoop.ozone.protocol.proto.OzoneManagerProtocolProtos$OzoneManagerService$2.callBlockingMethod(OzoneManagerProtocolProtos.java)
	at org.apache.hadoop.ipc.ProtobufRpcEngine$Server.processCall(ProtobufRpcEngine.java:466)
	at org.apache.hadoop.ipc.ProtobufRpcEngine2$Server$ProtoBufRpcInvoker.call(ProtobufRpcEngine2.java:574)
	at org.apache.hadoop.ipc.ProtobufRpcEngine2$Server$ProtoBufRpcInvoker.call(ProtobufRpcEngine2.java:552)
	at org.apache.hadoop.ipc.RPC$Server.call(RPC.java:1093)
	at org.apache.hadoop.ipc.Server$RpcCall.run(Server.java:1035)
	at org.apache.hadoop.ipc.Server$RpcCall.run(Server.java:963)
	at java.security.AccessController.doPrivileged(Native Method)
	at javax.security.auth.Subject.doAs(Subject.java:422)
	at org.apache.hadoop.security.UserGroupInformation.doAs(UserGroupInformation.java:1878)
	at org.apache.hadoop.ipc.Server$Handler.run(Server.java:2966)
, while invoking $Proxy52.submitRequest over nodeId=omNode-3,nodeAddress=127.0.0.1:11928 after 2 failover attempts. Trying to failover after sleeping for 2000ms.
2021-10-31 01:03:52,343 [omNode-1@group-523986131536-FollowerState] INFO  impl.FollowerState (FollowerState.java:run(134)) - omNode-1@group-523986131536-FollowerState: change to CANDIDATE, lastRpcElapsedTime:1016179449ns, electionTimeout:1006ms
2021-10-31 01:03:52,345 [omNode-1@group-523986131536-FollowerState] INFO  impl.RoleInfo (RoleInfo.java:shutdownFollowerState(108)) - omNode-1: shutdown omNode-1@group-523986131536-FollowerState
2021-10-31 01:03:52,345 [omNode-1@group-523986131536-FollowerState] INFO  server.RaftServer$Division (RaftServerImpl.java:setRole(290)) - omNode-1@group-523986131536: changes role from  FOLLOWER to CANDIDATE at term 2 for changeToCandidate
2021-10-31 01:03:52,345 [omNode-1@group-523986131536-FollowerState] INFO  server.RaftServerConfigKeys (ConfUtils.java:logGet(44)) - raft.server.leaderelection.pre-vote = false (custom)
2021-10-31 01:03:52,345 [omNode-1@group-523986131536-FollowerState] INFO  impl.RoleInfo (RoleInfo.java:updateAndGet(130)) - omNode-1: start omNode-1@group-523986131536-LeaderElection13
2021-10-31 01:03:52,349 [omNode-1@group-523986131536-LeaderElection13] INFO  impl.LeaderElection (LeaderElection.java:askForVotes(306)) - omNode-1@group-523986131536-LeaderElection13 ELECTION round 0: submit vote requests at term 3 for 0: [omNode-3|rpc:localhost:11932|admin:|client:|dataStream:|priority:0, omNode-1|rpc:localhost:11920|admin:|client:|dataStream:|priority:0, omNode-2|rpc:localhost:11926|admin:|client:|dataStream:|priority:0], old=null
2021-10-31 01:03:52,361 [grpc-default-executor-3] INFO  server.RaftServer$Division (RaftServerImpl.java:requestVote(1046)) - omNode-3@group-523986131536: receive requestVote(ELECTION, omNode-1, group-523986131536, 3, (t:2, i:11))
2021-10-31 01:03:52,361 [grpc-default-executor-3] INFO  impl.VoteContext (VoteContext.java:log(48)) - omNode-3@group-523986131536-FOLLOWER: reject ELECTION from omNode-1: already has voted for omNode-2 at current term 3
2021-10-31 01:03:52,361 [grpc-default-executor-3] INFO  server.RaftServer$Division (RaftServerImpl.java:requestVote(1078)) - omNode-3@group-523986131536 replies to ELECTION vote request: omNode-1<-omNode-3#0:FAIL-t3. Peer's state: omNode-3@group-523986131536:t3, leader=omNode-2, voted=omNode-2, raftlog=omNode-3@group-523986131536-SegmentedRaftLog:OPENED:c13, conf=12: [omNode-3|rpc:localhost:11932|admin:|client:|dataStream:|priority:0, omNode-1|rpc:localhost:11920|admin:|client:|dataStream:|priority:0, omNode-2|rpc:localhost:11926|admin:|client:|dataStream:|priority:0], old=null
2021-10-31 01:03:52,369 [grpc-default-executor-3] INFO  server.RaftServer$Division (RaftServerImpl.java:requestVote(1046)) - omNode-2@group-523986131536: receive requestVote(ELECTION, omNode-1, group-523986131536, 3, (t:2, i:11))
2021-10-31 01:03:52,369 [grpc-default-executor-3] INFO  impl.VoteContext (VoteContext.java:log(48)) - omNode-2@group-523986131536-FOLLOWER: reject ELECTION from omNode-1: already has voted for omNode-2 at current term 3
2021-10-31 01:03:52,369 [grpc-default-executor-3] INFO  server.RaftServer$Division (RaftServerImpl.java:requestVote(1078)) - omNode-2@group-523986131536 replies to ELECTION vote request: omNode-1<-omNode-2#0:FAIL-t3. Peer's state: omNode-2@group-523986131536:t3, leader=null, voted=omNode-2, raftlog=omNode-2@group-523986131536-SegmentedRaftLog:OPENED:c13, conf=12: [omNode-3|rpc:localhost:11932|admin:|client:|dataStream:|priority:0, omNode-1|rpc:localhost:11920|admin:|client:|dataStream:|priority:0, omNode-2|rpc:localhost:11926|admin:|client:|dataStream:|priority:0], old=null
2021-10-31 01:03:52,370 [omNode-1@group-523986131536-LeaderElection13] INFO  impl.LeaderElection (LeaderElection.java:logAndReturn(89)) - omNode-1@group-523986131536-LeaderElection13: ELECTION REJECTED received 2 response(s) and 0 exception(s):
2021-10-31 01:03:52,371 [omNode-1@group-523986131536-LeaderElection13] INFO  impl.LeaderElection (LeaderElection.java:logAndReturn(93)) -   Response 0: omNode-1<-omNode-3#0:FAIL-t3
2021-10-31 01:03:52,371 [omNode-1@group-523986131536-LeaderElection13] INFO  impl.LeaderElection (LeaderElection.java:logAndReturn(93)) -   Response 1: omNode-1<-omNode-2#0:FAIL-t3
2021-10-31 01:03:52,371 [omNode-1@group-523986131536-LeaderElection13] INFO  impl.LeaderElection (LeaderElection.java:askForVotes(308)) - omNode-1@group-523986131536-LeaderElection13 ELECTION round 0: result REJECTED
2021-10-31 01:03:52,372 [omNode-1@group-523986131536-LeaderElection13] INFO  server.RaftServer$Division (RaftServerImpl.java:setRole(290)) - omNode-1@group-523986131536: changes role from CANDIDATE to FOLLOWER at term 3 for REJECTED
2021-10-31 01:03:52,372 [omNode-1@group-523986131536-LeaderElection13] INFO  impl.RoleInfo (RoleInfo.java:shutdownLeaderElection(121)) - omNode-1: shutdown omNode-1@group-523986131536-LeaderElection13
2021-10-31 01:03:52,372 [omNode-1@group-523986131536-LeaderElection13] INFO  impl.RoleInfo (RoleInfo.java:updateAndGet(130)) - omNode-1: start omNode-1@group-523986131536-FollowerState
2021-10-31 01:03:52,678 [omNode-2@group-523986131536-FollowerState] INFO  impl.FollowerState (FollowerState.java:run(134)) - omNode-2@group-523986131536-FollowerState: change to CANDIDATE, lastRpcElapsedTime:1138382252ns, electionTimeout:1137ms
2021-10-31 01:03:52,679 [omNode-2@group-523986131536-FollowerState] INFO  impl.RoleInfo (RoleInfo.java:shutdownFollowerState(108)) - omNode-2: shutdown omNode-2@group-523986131536-FollowerState
2021-10-31 01:03:52,679 [omNode-2@group-523986131536-FollowerState] INFO  server.RaftServer$Division (RaftServerImpl.java:setRole(290)) - omNode-2@group-523986131536: changes role from  FOLLOWER to CANDIDATE at term 3 for changeToCandidate
2021-10-31 01:03:52,679 [omNode-2@group-523986131536-FollowerState] INFO  server.RaftServerConfigKeys (ConfUtils.java:logGet(44)) - raft.server.leaderelection.pre-vote = false (custom)
2021-10-31 01:03:52,679 [omNode-2@group-523986131536-FollowerState] INFO  impl.RoleInfo (RoleInfo.java:updateAndGet(130)) - omNode-2: start omNode-2@group-523986131536-LeaderElection14
2021-10-31 01:03:52,682 [omNode-2@group-523986131536-LeaderElection14] INFO  impl.LeaderElection (LeaderElection.java:askForVotes(306)) - omNode-2@group-523986131536-LeaderElection14 ELECTION round 0: submit vote requests at term 4 for 12: [omNode-3|rpc:localhost:11932|admin:|client:|dataStream:|priority:0, omNode-1|rpc:localhost:11920|admin:|client:|dataStream:|priority:0, omNode-2|rpc:localhost:11926|admin:|client:|dataStream:|priority:0], old=null
2021-10-31 01:03:52,691 [grpc-default-executor-3] INFO  server.RaftServer$Division (RaftServerImpl.java:requestVote(1046)) - omNode-1@group-523986131536: receive requestVote(ELECTION, omNode-2, group-523986131536, 4, (t:3, i:13))
2021-10-31 01:03:52,691 [grpc-default-executor-3] INFO  impl.VoteContext (VoteContext.java:log(48)) - omNode-1@group-523986131536-FOLLOWER: accept ELECTION from omNode-2: our last entry (t:2, i:11) < candidate's last entry (t:3, i:13)
2021-10-31 01:03:52,691 [grpc-default-executor-3] INFO  server.RaftServer$Division (RaftServerImpl.java:setRole(290)) - omNode-1@group-523986131536: changes role from  FOLLOWER to FOLLOWER at term 4 for candidate:omNode-2
2021-10-31 01:03:52,691 [grpc-default-executor-3] INFO  impl.RoleInfo (RoleInfo.java:shutdownFollowerState(108)) - omNode-1: shutdown omNode-1@group-523986131536-FollowerState
2021-10-31 01:03:52,691 [grpc-default-executor-3] INFO  impl.RoleInfo (RoleInfo.java:updateAndGet(130)) - omNode-1: start omNode-1@group-523986131536-FollowerState
2021-10-31 01:03:52,691 [omNode-1@group-523986131536-FollowerState] INFO  impl.FollowerState (FollowerState.java:run(143)) - omNode-1@group-523986131536-FollowerState was interrupted: {}
java.lang.InterruptedException: sleep interrupted
	at java.lang.Thread.sleep(Native Method)
	at java.lang.Thread.sleep(Thread.java:340)
	at java.util.concurrent.TimeUnit.sleep(TimeUnit.java:386)
	at org.apache.ratis.util.TimeDuration.sleep(TimeDuration.java:324)
	at org.apache.ratis.util.TimeDuration.sleep(TimeDuration.java:309)
	at org.apache.ratis.server.impl.FollowerState.run(FollowerState.java:118)
2021-10-31 01:03:52,696 [grpc-default-executor-3] INFO  server.RaftServer$Division (RaftServerImpl.java:requestVote(1078)) - omNode-1@group-523986131536 replies to ELECTION vote request: omNode-2<-omNode-1#0:OK-t4. Peer's state: omNode-1@group-523986131536:t4, leader=null, voted=omNode-2, raftlog=omNode-1@group-523986131536-SegmentedRaftLog:OPENED:c11, conf=0: [omNode-3|rpc:localhost:11932|admin:|client:|dataStream:|priority:0, omNode-1|rpc:localhost:11920|admin:|client:|dataStream:|priority:0, omNode-2|rpc:localhost:11926|admin:|client:|dataStream:|priority:0], old=null
2021-10-31 01:03:52,698 [grpc-default-executor-3] INFO  server.RaftServer$Division (RaftServerImpl.java:requestVote(1046)) - omNode-3@group-523986131536: receive requestVote(ELECTION, omNode-2, group-523986131536, 4, (t:3, i:13))
2021-10-31 01:03:52,698 [grpc-default-executor-3] INFO  impl.VoteContext (VoteContext.java:log(48)) - omNode-3@group-523986131536-FOLLOWER: accept ELECTION from omNode-2: our priority 0 <= candidate's priority 0
2021-10-31 01:03:52,698 [grpc-default-executor-3] INFO  server.RaftServer$Division (ServerState.java:setLeader(285)) - omNode-3@group-523986131536: change Leader from omNode-2 to null at term 4 for updateCurrentTerm
2021-10-31 01:03:52,698 [grpc-default-executor-3] INFO  server.RaftServer$Division (RaftServerImpl.java:setRole(290)) - omNode-3@group-523986131536: changes role from  FOLLOWER to FOLLOWER at term 4 for candidate:omNode-2
2021-10-31 01:03:52,698 [grpc-default-executor-3] INFO  impl.RoleInfo (RoleInfo.java:shutdownFollowerState(108)) - omNode-3: shutdown omNode-3@group-523986131536-FollowerState
2021-10-31 01:03:52,698 [grpc-default-executor-3] INFO  impl.RoleInfo (RoleInfo.java:updateAndGet(130)) - omNode-3: start omNode-3@group-523986131536-FollowerState
2021-10-31 01:03:52,698 [omNode-3@group-523986131536-FollowerState] INFO  impl.FollowerState (FollowerState.java:run(143)) - omNode-3@group-523986131536-FollowerState was interrupted: {}
java.lang.InterruptedException: sleep interrupted
	at java.lang.Thread.sleep(Native Method)
	at java.lang.Thread.sleep(Thread.java:340)
	at java.util.concurrent.TimeUnit.sleep(TimeUnit.java:386)
	at org.apache.ratis.util.TimeDuration.sleep(TimeDuration.java:324)
	at org.apache.ratis.util.TimeDuration.sleep(TimeDuration.java:309)
	at org.apache.ratis.server.impl.FollowerState.run(FollowerState.java:118)
2021-10-31 01:03:52,706 [omNode-2@group-523986131536-LeaderElection14] INFO  impl.LeaderElection (LeaderElection.java:logAndReturn(89)) - omNode-2@group-523986131536-LeaderElection14: ELECTION PASSED received 1 response(s) and 0 exception(s):
2021-10-31 01:03:52,706 [omNode-2@group-523986131536-LeaderElection14] INFO  impl.LeaderElection (LeaderElection.java:logAndReturn(93)) -   Response 0: omNode-2<-omNode-1#0:OK-t4
2021-10-31 01:03:52,706 [omNode-2@group-523986131536-LeaderElection14] INFO  impl.LeaderElection (LeaderElection.java:askForVotes(308)) - omNode-2@group-523986131536-LeaderElection14 ELECTION round 0: result PASSED
2021-10-31 01:03:52,707 [omNode-2@group-523986131536-LeaderElection14] INFO  impl.RoleInfo (RoleInfo.java:shutdownLeaderElection(121)) - omNode-2: shutdown omNode-2@group-523986131536-LeaderElection14
2021-10-31 01:03:52,707 [omNode-2@group-523986131536-LeaderElection14] INFO  server.RaftServer$Division (RaftServerImpl.java:setRole(290)) - omNode-2@group-523986131536: changes role from CANDIDATE to LEADER at term 4 for changeToLeader
2021-10-31 01:03:52,707 [omNode-2@group-523986131536-LeaderElection14] INFO  server.RaftServer$Division (ServerState.java:setLeader(285)) - omNode-2@group-523986131536: change Leader from null to omNode-2 at term 4 for becomeLeader, leader elected after 1186ms
2021-10-31 01:03:52,707 [omNode-2@group-523986131536-LeaderElection14] INFO  server.RaftServerConfigKeys (ConfUtils.java:logGet(44)) - raft.server.staging.catchup.gap = 1000 (default)
2021-10-31 01:03:52,707 [omNode-2@group-523986131536-LeaderElection14] INFO  server.RaftServerConfigKeys (ConfUtils.java:logGet(44)) - raft.server.write.element-limit = 4096 (default)
2021-10-31 01:03:52,707 [omNode-2@group-523986131536-LeaderElection14] INFO  server.RaftServerConfigKeys (ConfUtils.java:logGet(44)) - raft.server.write.byte-limit = 64MB (=67108864) (default)
2021-10-31 01:03:52,708 [omNode-2@group-523986131536-LeaderElection14] INFO  server.RaftServerConfigKeys (ConfUtils.java:logGet(44)) - raft.server.watch.timeout = 10s (default)
2021-10-31 01:03:52,708 [omNode-2@group-523986131536-LeaderElection14] INFO  server.RaftServerConfigKeys (ConfUtils.java:logGet(44)) - raft.server.watch.timeout.denomination = 1s (default)
2021-10-31 01:03:52,708 [omNode-2@group-523986131536-LeaderElection14] INFO  server.RaftServerConfigKeys (ConfUtils.java:logGet(44)) - raft.server.watch.element-limit = 65536 (default)
2021-10-31 01:03:52,708 [omNode-2@group-523986131536-LeaderElection14] INFO  server.RaftServerConfigKeys (ConfUtils.java:logGet(44)) - raft.server.write.element-limit = 4096 (default)
2021-10-31 01:03:52,708 [omNode-2@group-523986131536-LeaderElection14] INFO  server.RaftServerConfigKeys (ConfUtils.java:logGet(44)) - raft.server.write.follower.gap.ratio.max = -1.0 (default)
2021-10-31 01:03:52,708 [omNode-2@group-523986131536-LeaderElection14] INFO  server.RaftServerConfigKeys (ConfUtils.java:logGet(44)) - raft.server.log.appender.snapshot.chunk.size.max = 16MB (=16777216) (default)
2021-10-31 01:03:52,708 [omNode-2@group-523986131536-LeaderElection14] INFO  server.RaftServerConfigKeys (ConfUtils.java:logGet(44)) - raft.server.log.appender.buffer.byte-limit = 33554432 (custom)
2021-10-31 01:03:52,708 [omNode-2@group-523986131536-LeaderElection14] INFO  server.RaftServerConfigKeys (ConfUtils.java:logGet(44)) - raft.server.log.appender.buffer.element-limit = 1024 (custom)
2021-10-31 01:03:52,708 [omNode-2@group-523986131536-LeaderElection14] INFO  grpc.GrpcConfigKeys (ConfUtils.java:logGet(44)) - raft.grpc.server.leader.outstanding.appends.max = 128 (default)
2021-10-31 01:03:52,708 [omNode-2@group-523986131536-LeaderElection14] INFO  server.RaftServerConfigKeys (ConfUtils.java:logGet(44)) - raft.server.rpc.request.timeout = 3000ms (default)
2021-10-31 01:03:52,708 [omNode-2@group-523986131536-LeaderElection14] INFO  server.RaftServerConfigKeys (ConfUtils.java:logGet(44)) - raft.server.log.appender.install.snapshot.enabled = false (custom)
2021-10-31 01:03:52,709 [omNode-2@group-523986131536-LeaderElection14] INFO  server.RaftServerConfigKeys (ConfUtils.java:logGet(44)) - raft.server.log.appender.snapshot.chunk.size.max = 16MB (=16777216) (default)
2021-10-31 01:03:52,710 [omNode-2@group-523986131536-LeaderElection14] INFO  server.RaftServerConfigKeys (ConfUtils.java:logGet(44)) - raft.server.log.appender.buffer.byte-limit = 33554432 (custom)
2021-10-31 01:03:52,710 [omNode-2@group-523986131536-LeaderElection14] INFO  server.RaftServerConfigKeys (ConfUtils.java:logGet(44)) - raft.server.log.appender.buffer.element-limit = 1024 (custom)
2021-10-31 01:03:52,710 [omNode-2@group-523986131536-LeaderElection14] INFO  grpc.GrpcConfigKeys (ConfUtils.java:logGet(44)) - raft.grpc.server.leader.outstanding.appends.max = 128 (default)
2021-10-31 01:03:52,710 [omNode-2@group-523986131536-LeaderElection14] INFO  server.RaftServerConfigKeys (ConfUtils.java:logGet(44)) - raft.server.rpc.request.timeout = 3000ms (default)
2021-10-31 01:03:52,710 [omNode-2@group-523986131536-LeaderElection14] INFO  server.RaftServerConfigKeys (ConfUtils.java:logGet(44)) - raft.server.log.appender.install.snapshot.enabled = false (custom)
2021-10-31 01:03:52,710 [grpc-default-executor-3] INFO  server.RaftServer$Division (RaftServerImpl.java:requestVote(1078)) - omNode-3@group-523986131536 replies to ELECTION vote request: omNode-2<-omNode-3#0:OK-t4. Peer's state: omNode-3@group-523986131536:t4, leader=null, voted=omNode-2, raftlog=omNode-3@group-523986131536-SegmentedRaftLog:OPENED:c13, conf=12: [omNode-3|rpc:localhost:11932|admin:|client:|dataStream:|priority:0, omNode-1|rpc:localhost:11920|admin:|client:|dataStream:|priority:0, omNode-2|rpc:localhost:11926|admin:|client:|dataStream:|priority:0], old=null
2021-10-31 01:03:52,711 [omNode-2@group-523986131536-LeaderElection14] INFO  impl.RoleInfo (RoleInfo.java:updateAndGet(130)) - omNode-2: start omNode-2@group-523986131536-LeaderStateImpl
2021-10-31 01:03:52,712 [omNode-2@group-523986131536-LeaderElection14] INFO  segmented.SegmentedRaftLogWorker (SegmentedRaftLogWorker.java:rollLogSegment(399)) - omNode-2@group-523986131536-SegmentedRaftLogWorker: Rolling segment log-12_13 to index:13
2021-10-31 01:03:52,715 [omNode-2@group-523986131536-SegmentedRaftLogWorker] INFO  segmented.SegmentedRaftLogWorker (SegmentedRaftLogWorker.java:execute(558)) - omNode-2@group-523986131536-SegmentedRaftLogWorker: Rolled log segment from /home/runner/work/ozone/ozone/hadoop-ozone/integration-test/target/test-dir/MiniOzoneClusterImpl-b8864bcf-37cc-42b5-82cc-559abfd78a8f/omNode-2/ratis/c9bc4cf4-3bc3-3c60-a66b-523986131536/current/log_inprogress_12 to /home/runner/work/ozone/ozone/hadoop-ozone/integration-test/target/test-dir/MiniOzoneClusterImpl-b8864bcf-37cc-42b5-82cc-559abfd78a8f/omNode-2/ratis/c9bc4cf4-3bc3-3c60-a66b-523986131536/current/log_12-13
2021-10-31 01:03:52,727 [omNode-2@group-523986131536-SegmentedRaftLogWorker] INFO  segmented.SegmentedRaftLogWorker (SegmentedRaftLogWorker.java:execute(601)) - omNode-2@group-523986131536-SegmentedRaftLogWorker: created new log segment /home/runner/work/ozone/ozone/hadoop-ozone/integration-test/target/test-dir/MiniOzoneClusterImpl-b8864bcf-37cc-42b5-82cc-559abfd78a8f/omNode-2/ratis/c9bc4cf4-3bc3-3c60-a66b-523986131536/current/log_inprogress_14
2021-10-31 01:03:52,738 [omNode-2@group-523986131536-LeaderElection14] INFO  server.RaftServer$Division (ServerState.java:setRaftConf(387)) - omNode-2@group-523986131536: set configuration 14: [omNode-3|rpc:localhost:11932|admin:|client:|dataStream:|priority:0, omNode-1|rpc:localhost:11920|admin:|client:|dataStream:|priority:0, omNode-2|rpc:localhost:11926|admin:|client:|dataStream:|priority:0], old=null
2021-10-31 01:03:52,740 [grpc-default-executor-2] INFO  server.RaftServer$Division (ServerState.java:setLeader(285)) - omNode-1@group-523986131536: change Leader from null to omNode-2 at term 4 for appendEntries, leader elected after 1432ms
2021-10-31 01:03:52,740 [grpc-default-executor-2] INFO  server.RaftServer$Division (RaftServerImpl.java:checkInconsistentAppendEntries(1322)) - omNode-1@group-523986131536: Failed appendEntries as previous log entry ((t:3, i:13)) is not found
2021-10-31 01:03:52,740 [grpc-default-executor-2] INFO  server.RaftServer$Division (RaftServerImpl.java:checkInconsistentAppendEntries(1288)) - omNode-1@group-523986131536: inconsistency entries. Reply:omNode-2<-omNode-1#0:FAIL-t4,INCONSISTENCY,nextIndex=12,followerCommit=11
2021-10-31 01:03:52,742 [grpc-default-executor-3] INFO  leader.FollowerInfo (FollowerInfoImpl.java:lambda$new$0(47)) - omNode-2@group-523986131536->omNode-1: nextIndex: updateUnconditionally 15 -> 12
2021-10-31 01:03:52,743 [omNode-2@group-523986131536->omNode-1-GrpcLogAppender-LogAppenderDaemon] ERROR leader.LogAppenderDaemon (LogAppenderDaemon.java:run(86)) - omNode-2@group-523986131536->omNode-1-GrpcLogAppender-LogAppenderDaemon failed
java.lang.NullPointerException: omNode-2@group-523986131536->omNode-1: Previous TermIndex not found for firstIndex = 12
	at java.util.Objects.requireNonNull(Objects.java:290)
	at org.apache.ratis.server.leader.LogAppenderBase.assertProtos(LogAppenderBase.java:169)
	at org.apache.ratis.server.leader.LogAppenderBase.newAppendEntriesRequest(LogAppenderBase.java:154)
	at org.apache.ratis.grpc.server.GrpcLogAppender.appendLog(GrpcLogAppender.java:213)
	at org.apache.ratis.grpc.server.GrpcLogAppender.run(GrpcLogAppender.java:147)
	at org.apache.ratis.server.leader.LogAppenderDaemon.run(LogAppenderDaemon.java:77)
	at java.lang.Thread.run(Thread.java:748)
2021-10-31 01:03:52,743 [omNode-2@group-523986131536->omNode-1-GrpcLogAppender-LogAppenderDaemon] INFO  server.RaftServer$Division (LeaderStateImpl.java:restart(514)) - omNode-2@group-523986131536-LeaderStateImpl: Restarting GrpcLogAppender for omNode-2@group-523986131536->omNode-1
2021-10-31 01:03:52,743 [grpc-default-executor-2] INFO  server.RaftServer$Division (RaftServerImpl.java:checkInconsistentAppendEntries(1322)) - omNode-1@group-523986131536: Failed appendEntries as previous log entry ((t:3, i:13)) is not found
2021-10-31 01:03:52,743 [grpc-default-executor-2] INFO  server.RaftServer$Division (RaftServerImpl.java:checkInconsistentAppendEntries(1288)) - omNode-1@group-523986131536: inconsistency entries. Reply:omNode-2<-omNode-1#1:FAIL-t4,INCONSISTENCY,nextIndex=12,followerCommit=11
2021-10-31 01:03:52,743 [grpc-default-executor-2] INFO  leader.FollowerInfo (FollowerInfoImpl.java:lambda$new$0(47)) - omNode-2@group-523986131536->omNode-1: nextIndex: updateUnconditionally 12 -> 12
2021-10-31 01:03:52,745 [grpc-default-executor-2] INFO  server.RaftServer$Division (ServerState.java:setLeader(285)) - omNode-3@group-523986131536: change Leader from null to omNode-2 at term 4 for appendEntries, leader elected after 46ms
2021-10-31 01:03:52,743 [omNode-2@group-523986131536->omNode-1-GrpcLogAppender-LogAppenderDaemon] INFO  server.RaftServerConfigKeys (ConfUtils.java:logGet(44)) - raft.server.log.appender.snapshot.chunk.size.max = 16MB (=16777216) (default)
2021-10-31 01:03:52,746 [omNode-2@group-523986131536->omNode-1-GrpcLogAppender-LogAppenderDaemon] INFO  server.RaftServerConfigKeys (ConfUtils.java:logGet(44)) - raft.server.log.appender.buffer.byte-limit = 33554432 (custom)
2021-10-31 01:03:52,746 [omNode-2@group-523986131536->omNode-1-GrpcLogAppender-LogAppenderDaemon] INFO  server.RaftServerConfigKeys (ConfUtils.java:logGet(44)) - raft.server.log.appender.buffer.element-limit = 1024 (custom)
2021-10-31 01:03:52,746 [omNode-2@group-523986131536->omNode-1-GrpcLogAppender-LogAppenderDaemon] INFO  grpc.GrpcConfigKeys (ConfUtils.java:logGet(44)) - raft.grpc.server.leader.outstanding.appends.max = 128 (default)
2021-10-31 01:03:52,747 [omNode-2@group-523986131536->omNode-1-GrpcLogAppender-LogAppenderDaemon] INFO  server.RaftServerConfigKeys (ConfUtils.java:logGet(44)) - raft.server.rpc.request.timeout = 3000ms (default)
2021-10-31 01:03:52,747 [omNode-2@group-523986131536->omNode-1-GrpcLogAppender-LogAppenderDaemon] INFO  server.RaftServerConfigKeys (ConfUtils.java:logGet(44)) - raft.server.log.appender.install.snapshot.enabled = false (custom)
2021-10-31 01:03:52,748 [grpc-default-executor-2] INFO  server.RaftServer$Division (ServerState.java:setRaftConf(387)) - omNode-3@group-523986131536: set configuration 14: [omNode-3|rpc:localhost:11932|admin:|client:|dataStream:|priority:0, omNode-1|rpc:localhost:11920|admin:|client:|dataStream:|priority:0, omNode-2|rpc:localhost:11926|admin:|client:|dataStream:|priority:0], old=null
2021-10-31 01:03:52,748 [grpc-default-executor-2] INFO  segmented.SegmentedRaftLogWorker (SegmentedRaftLogWorker.java:rollLogSegment(399)) - omNode-3@group-523986131536-SegmentedRaftLogWorker: Rolling segment log-12_13 to index:13
2021-10-31 01:03:52,748 [omNode-2@group-523986131536->omNode-1-GrpcLogAppender-LogAppenderDaemon] INFO  server.GrpcLogAppender (GrpcLogAppender.java:installSnapshot(550)) - omNode-2@group-523986131536->omNode-1-GrpcLogAppender: followerNextIndex = 0 but logStartIndex = 12, notify follower to install snapshot-(t:3, i:12)
2021-10-31 01:03:52,748 [omNode-2@group-523986131536->omNode-1-GrpcLogAppender-LogAppenderDaemon] INFO  server.GrpcLogAppender (GrpcLogAppender.java:installSnapshot(558)) - omNode-2@group-523986131536->omNode-1-GrpcLogAppender: send omNode-2->omNode-1#0-t4,notify:(t:3, i:12)
2021-10-31 01:03:52,749 [omNode-3@group-523986131536-SegmentedRaftLogWorker] INFO  segmented.SegmentedRaftLogWorker (SegmentedRaftLogWorker.java:execute(558)) - omNode-3@group-523986131536-SegmentedRaftLogWorker: Rolled log segment from /home/runner/work/ozone/ozone/hadoop-ozone/integration-test/target/test-dir/MiniOzoneClusterImpl-b8864bcf-37cc-42b5-82cc-559abfd78a8f/omNode-3/ratis/c9bc4cf4-3bc3-3c60-a66b-523986131536/current/log_inprogress_12 to /home/runner/work/ozone/ozone/hadoop-ozone/integration-test/target/test-dir/MiniOzoneClusterImpl-b8864bcf-37cc-42b5-82cc-559abfd78a8f/omNode-3/ratis/c9bc4cf4-3bc3-3c60-a66b-523986131536/current/log_12-13
2021-10-31 01:03:52,750 [grpc-default-executor-2] INFO  server.RaftServer$Division (RaftServerImpl.java:installSnapshot(1332)) - omNode-1@group-523986131536: receive installSnapshot: omNode-2->omNode-1#0-t4,notify:(t:3, i:12)
2021-10-31 01:03:52,750 [grpc-default-executor-2] INFO  server.RaftServer$Division (RaftServerImpl.java:notifyStateMachineToInstallSnapshot(1551)) - omNode-1@group-523986131536: Received notification to install snapshot at index 12
2021-10-31 01:03:52,750 [grpc-default-executor-2] INFO  server.RaftServer$Division (RaftServerImpl.java:notifyStateMachineToInstallSnapshot(1559)) - omNode-1@group-523986131536: InstallSnapshot notification result: ALREADY_INSTALLED, current snapshot index: 11
2021-10-31 01:03:52,750 [grpc-default-executor-2] INFO  server.RaftServer$Division (RaftServerImpl.java:installSnapshotImpl(1462)) - omNode-1@group-523986131536: set new configuration index: 14
configurationEntry {
  peers {
    id: "omNode-3"
    address: "localhost:11932"
  }
  peers {
    id: "omNode-1"
    address: "localhost:11920"
  }
  peers {
    id: "omNode-2"
    address: "localhost:11926"
  }
}
 from snapshot
2021-10-31 01:03:52,758 [grpc-default-executor-2] INFO  server.RaftServer$Division (ServerState.java:setRaftConf(387)) - omNode-1@group-523986131536: set configuration 14: [omNode-3|rpc:localhost:11932|admin:|client:|dataStream:|priority:0, omNode-1|rpc:localhost:11920|admin:|client:|dataStream:|priority:0, omNode-2|rpc:localhost:11926|admin:|client:|dataStream:|priority:0], old=null
2021-10-31 01:03:52,758 [grpc-default-executor-2] INFO  ratis.OzoneManagerStateMachine (OzoneManagerStateMachine.java:notifyConfigurationChanged(188)) - Received Configuration change notification from Ratis. New Peer list:
[id: "omNode-3"
address: "localhost:11932"
, id: "omNode-1"
address: "localhost:11920"
, id: "omNode-2"
address: "localhost:11926"
]
2021-10-31 01:03:52,758 [grpc-default-executor-2] INFO  server.RaftServer$Division (RaftServerImpl.java:installSnapshot(1343)) - omNode-1@group-523986131536: reply installSnapshot: omNode-2<-omNode-1#0:FAIL-t4,ALREADY_INSTALLED,snapshotIndex=11
2021-10-31 01:03:52,759 [grpc-default-executor-2] INFO  server.GrpcServerProtocolService (GrpcServerProtocolService.java:onCompleted(140)) - omNode-1: Completed INSTALL_SNAPSHOT, lastRequest: omNode-2->omNode-1#0-t4,notify:(t:3, i:12)
2021-10-31 01:03:52,759 [grpc-default-executor-3] INFO  server.GrpcLogAppender (GrpcLogAppender.java:onNext(410)) - omNode-2@group-523986131536->omNode-1-InstallSnapshotResponseHandler: received the first reply omNode-2<-omNode-1#0:FAIL-t4,ALREADY_INSTALLED,snapshotIndex=11
2021-10-31 01:03:52,760 [grpc-default-executor-3] INFO  server.GrpcLogAppender (GrpcLogAppender.java:onNext(433)) - omNode-2@group-523986131536->omNode-1-InstallSnapshotResponseHandler: Follower snapshot is already at index 11.
2021-10-31 01:03:52,760 [grpc-default-executor-3] INFO  leader.FollowerInfo (FollowerInfoImpl.java:lambda$new$0(47)) - omNode-2@group-523986131536->omNode-1: snapshotIndex: setUnconditionally 0 -> 11
2021-10-31 01:03:52,760 [grpc-default-executor-3] INFO  leader.FollowerInfo (FollowerInfoImpl.java:lambda$new$0(47)) - omNode-2@group-523986131536->omNode-1: matchIndex: setUnconditionally 0 -> 11
2021-10-31 01:03:52,760 [grpc-default-executor-3] INFO  leader.FollowerInfo (FollowerInfoImpl.java:lambda$new$0(47)) - omNode-2@group-523986131536->omNode-1: nextIndex: setUnconditionally 0 -> 12
2021-10-31 01:03:52,760 [grpc-default-executor-3] INFO  leader.FollowerInfo (FollowerInfoImpl.java:setAttemptedToInstallSnapshot(116)) - Follower omNode-2@group-523986131536->omNode-1 acknowledged installing snapshot
2021-10-31 01:03:52,760 [grpc-default-executor-3] INFO  leader.FollowerInfo (FollowerInfoImpl.java:lambda$new$0(47)) - omNode-2@group-523986131536->omNode-1: nextIndex: updateToMax old=12, new=12, updated? false
2021-10-31 01:03:52,760 [omNode-3@group-523986131536-SegmentedRaftLogWorker] INFO  segmented.SegmentedRaftLogWorker (SegmentedRaftLogWorker.java:execute(601)) - omNode-3@group-523986131536-SegmentedRaftLogWorker: created new log segment /home/runner/work/ozone/ozone/hadoop-ozone/integration-test/target/test-dir/MiniOzoneClusterImpl-b8864bcf-37cc-42b5-82cc-559abfd78a8f/omNode-3/ratis/c9bc4cf4-3bc3-3c60-a66b-523986131536/current/log_inprogress_14
2021-10-31 01:03:52,765 [omNode-2@group-523986131536-StateMachineUpdater] INFO  ratis.OzoneManagerStateMachine (OzoneManagerStateMachine.java:notifyConfigurationChanged(188)) - Received Configuration change notification from Ratis. New Peer list:
[id: "omNode-3"
address: "localhost:11932"
, id: "omNode-1"
address: "localhost:11920"
, id: "omNode-2"
address: "localhost:11926"
]
2021-10-31 01:03:52,774 [grpc-default-executor-2] INFO  server.RaftServer$Division (RaftServerImpl.java:checkInconsistentAppendEntries(1322)) - omNode-1@group-523986131536: Failed appendEntries as previous log entry ((t:4, i:14)) is not found
2021-10-31 01:03:52,774 [grpc-default-executor-2] INFO  server.RaftServer$Division (RaftServerImpl.java:checkInconsistentAppendEntries(1288)) - omNode-1@group-523986131536: inconsistency entries. Reply:omNode-2<-omNode-1#2:FAIL-t4,INCONSISTENCY,nextIndex=12,followerCommit=11
2021-10-31 01:03:52,778 [omNode-3@group-523986131536-StateMachineUpdater] INFO  ratis.OzoneManagerStateMachine (OzoneManagerStateMachine.java:notifyConfigurationChanged(188)) - Received Configuration change notification from Ratis. New Peer list:
[id: "omNode-3"
address: "localhost:11932"
, id: "omNode-1"
address: "localhost:11920"
, id: "omNode-2"
address: "localhost:11926"
]
2021-10-31 01:03:53,276 [grpc-default-executor-2] INFO  server.RaftServer$Division (RaftServerImpl.java:checkInconsistentAppendEntries(1322)) - omNode-1@group-523986131536: Failed appendEntries as previous log entry ((t:4, i:15)) is not found
2021-10-31 01:03:53,277 [grpc-default-executor-2] INFO  server.RaftServer$Division (RaftServerImpl.java:checkInconsistentAppendEntries(1288)) - omNode-1@group-523986131536: inconsistency entries. Reply:omNode-2<-omNode-1#55:FAIL-t4,INCONSISTENCY,nextIndex=12,followerCommit=11
2021-10-31 01:03:53,278 [grpc-default-executor-2] INFO  leader.FollowerInfo (FollowerInfoImpl.java:lambda$new$0(47)) - omNode-2@group-523986131536->omNode-1: nextIndex: updateUnconditionally 16 -> 12
2021-10-31 01:03:53,609 [Time-limited test] INFO  retry.RetryInvocationHandler (RetryInvocationHandler.java:log(411)) - com.google.protobuf.ServiceException: org.apache.hadoop.ipc.RemoteException(org.apache.hadoop.ozone.om.exceptions.OMNotLeaderException): OM:omNode-1 is not the leader. Could not determine the leader node.
	at org.apache.hadoop.ozone.om.ratis.utils.OzoneManagerRatisUtils.createNotLeaderException(OzoneManagerRatisUtils.java:465)
	at org.apache.hadoop.ozone.om.ratis.utils.OzoneManagerRatisUtils.checkLeaderStatus(OzoneManagerRatisUtils.java:451)
	at org.apache.hadoop.ozone.protocolPB.OzoneManagerProtocolServerSideTranslatorPB.checkLeaderStatus(OzoneManagerProtocolServerSideTranslatorPB.java:248)
	at org.apache.hadoop.ozone.protocolPB.OzoneManagerProtocolServerSideTranslatorPB.processRequest(OzoneManagerProtocolServerSideTranslatorPB.java:135)
	at org.apache.hadoop.hdds.server.OzoneProtocolMessageDispatcher.processRequest(OzoneProtocolMessageDispatcher.java:87)
	at org.apache.hadoop.ozone.protocolPB.OzoneManagerProtocolServerSideTranslatorPB.submitRequest(OzoneManagerProtocolServerSideTranslatorPB.java:124)
	at org.apache.hadoop.ozone.protocol.proto.OzoneManagerProtocolProtos$OzoneManagerService$2.callBlockingMethod(OzoneManagerProtocolProtos.java)
	at org.apache.hadoop.ipc.ProtobufRpcEngine$Server.processCall(ProtobufRpcEngine.java:466)
	at org.apache.hadoop.ipc.ProtobufRpcEngine2$Server$ProtoBufRpcInvoker.call(ProtobufRpcEngine2.java:574)
	at org.apache.hadoop.ipc.ProtobufRpcEngine2$Server$ProtoBufRpcInvoker.call(ProtobufRpcEngine2.java:552)
	at org.apache.hadoop.ipc.RPC$Server.call(RPC.java:1093)
	at org.apache.hadoop.ipc.Server$RpcCall.run(Server.java:1035)
	at org.apache.hadoop.ipc.Server$RpcCall.run(Server.java:963)
	at java.security.AccessController.doPrivileged(Native Method)
	at javax.security.auth.Subject.doAs(Subject.java:422)
	at org.apache.hadoop.security.UserGroupInformation.doAs(UserGroupInformation.java:1878)
	at org.apache.hadoop.ipc.Server$Handler.run(Server.java:2966)
, while invoking $Proxy52.submitRequest over nodeId=omNode-1,nodeAddress=127.0.0.1:11916 after 3 failover attempts. Trying to failover immediately.
2021-10-31 01:03:53,613 [grpc-default-executor-2] INFO  server.RaftServer$Division (RaftServerImpl.java:checkInconsistentAppendEntries(1322)) - omNode-1@group-523986131536: Failed appendEntries as previous log entry ((t:4, i:15)) is not found
2021-10-31 01:03:53,613 [grpc-default-executor-2] INFO  server.RaftServer$Division (RaftServerImpl.java:checkInconsistentAppendEntries(1288)) - omNode-1@group-523986131536: inconsistency entries. Reply:omNode-2<-omNode-1#90:FAIL-t4,INCONSISTENCY,nextIndex=12,followerCommit=11
2021-10-31 01:03:53,620 [OM StateMachine ApplyTransaction Thread - 0] INFO  upgrade.OMCancelPrepareRequest (OMCancelPrepareRequest.java:validateAndUpdateCache(55)) - OM omNode-2 Received cancel prepare request with log index 16
2021-10-31 01:03:53,621 [OM StateMachine ApplyTransaction Thread - 0] INFO  om.OzoneManagerPrepareState (OzoneManagerPrepareState.java:deletePrepareMarkerFile(271)) - Deleted prepare marker file: /home/runner/work/ozone/ozone/hadoop-ozone/integration-test/target/test-dir/MiniOzoneClusterImpl-b8864bcf-37cc-42b5-82cc-559abfd78a8f/omNode-2/current/prepareMarker
2021-10-31 01:03:53,621 [OM StateMachine ApplyTransaction Thread - 0] INFO  upgrade.OMCancelPrepareRequest (OMCancelPrepareRequest.java:validateAndUpdateCache(84)) - OM omNode-2 prepare state cancelled at log index 16. Returning response 
2021-10-31 01:03:53,620 [grpc-default-executor-2] INFO  server.RaftServer$Division (RaftServerImpl.java:checkInconsistentAppendEntries(1322)) - omNode-1@group-523986131536: Failed appendEntries as previous log entry ((t:4, i:16)) is not found
2021-10-31 01:03:53,624 [grpc-default-executor-2] INFO  server.RaftServer$Division (RaftServerImpl.java:checkInconsistentAppendEntries(1288)) - omNode-1@group-523986131536: inconsistency entries. Reply:omNode-2<-omNode-1#91:FAIL-t4,INCONSISTENCY,nextIndex=12,followerCommit=11
2021-10-31 01:03:53,634 [OM StateMachine ApplyTransaction Thread - 0] INFO  upgrade.OMCancelPrepareRequest (OMCancelPrepareRequest.java:validateAndUpdateCache(55)) - OM omNode-3 Received cancel prepare request with log index 16
2021-10-31 01:03:53,635 [OM StateMachine ApplyTransaction Thread - 0] INFO  om.OzoneManagerPrepareState (OzoneManagerPrepareState.java:deletePrepareMarkerFile(271)) - Deleted prepare marker file: /home/runner/work/ozone/ozone/hadoop-ozone/integration-test/target/test-dir/MiniOzoneClusterImpl-b8864bcf-37cc-42b5-82cc-559abfd78a8f/omNode-3/current/prepareMarker
2021-10-31 01:03:53,636 [OM StateMachine ApplyTransaction Thread - 0] INFO  upgrade.OMCancelPrepareRequest (OMCancelPrepareRequest.java:validateAndUpdateCache(84)) - OM omNode-3 prepare state cancelled at log index 16. Returning response 
2021-10-31 01:03:54,119 [grpc-default-executor-2] INFO  server.RaftServer$Division (RaftServerImpl.java:checkInconsistentAppendEntries(1322)) - omNode-1@group-523986131536: Failed appendEntries as previous log entry ((t:4, i:17)) is not found
2021-10-31 01:03:54,119 [grpc-default-executor-2] INFO  server.RaftServer$Division (RaftServerImpl.java:checkInconsistentAppendEntries(1288)) - omNode-1@group-523986131536: inconsistency entries. Reply:omNode-2<-omNode-1#141:FAIL-t4,INCONSISTENCY,nextIndex=12,followerCommit=11
2021-10-31 01:03:54,119 [grpc-default-executor-2] INFO  leader.FollowerInfo (FollowerInfoImpl.java:lambda$new$0(47)) - omNode-2@group-523986131536->omNode-1: nextIndex: updateUnconditionally 18 -> 12
2021-10-31 01:03:54,621 [grpc-default-executor-2] INFO  server.RaftServer$Division (RaftServerImpl.java:checkInconsistentAppendEntries(1322)) - omNode-1@group-523986131536: Failed appendEntries as previous log entry ((t:4, i:17)) is not found
2021-10-31 01:03:54,622 [grpc-default-executor-2] INFO  server.RaftServer$Division (RaftServerImpl.java:checkInconsistentAppendEntries(1288)) - omNode-1@group-523986131536: inconsistency entries. Reply:omNode-2<-omNode-1#192:FAIL-t4,INCONSISTENCY,nextIndex=12,followerCommit=11
2021-10-31 01:03:54,622 [grpc-default-executor-2] INFO  leader.FollowerInfo (FollowerInfoImpl.java:lambda$new$0(47)) - omNode-2@group-523986131536->omNode-1: nextIndex: updateUnconditionally 18 -> 12
2021-10-31 01:03:55,125 [grpc-default-executor-2] INFO  server.RaftServer$Division (RaftServerImpl.java:checkInconsistentAppendEntries(1322)) - omNode-1@group-523986131536: Failed appendEntries as previous log entry ((t:4, i:17)) is not found
2021-10-31 01:03:55,125 [grpc-default-executor-2] INFO  server.RaftServer$Division (RaftServerImpl.java:checkInconsistentAppendEntries(1288)) - omNode-1@group-523986131536: inconsistency entries. Reply:omNode-2<-omNode-1#243:FAIL-t4,INCONSISTENCY,nextIndex=12,followerCommit=11
2021-10-31 01:03:55,125 [grpc-default-executor-2] INFO  leader.FollowerInfo (FollowerInfoImpl.java:lambda$new$0(47)) - omNode-2@group-523986131536->omNode-1: nextIndex: updateUnconditionally 18 -> 12
2021-10-31 01:03:55,628 [grpc-default-executor-2] INFO  server.RaftServer$Division (RaftServerImpl.java:checkInconsistentAppendEntries(1322)) - omNode-1@group-523986131536: Failed appendEntries as previous log entry ((t:4, i:17)) is not found
2021-10-31 01:03:55,628 [grpc-default-executor-2] INFO  server.RaftServer$Division (RaftServerImpl.java:checkInconsistentAppendEntries(1288)) - omNode-1@group-523986131536: inconsistency entries. Reply:omNode-2<-omNode-1#294:FAIL-t4,INCONSISTENCY,nextIndex=12,followerCommit=11
2021-10-31 01:03:55,629 [grpc-default-executor-2] INFO  leader.FollowerInfo (FollowerInfoImpl.java:lambda$new$0(47)) - omNode-2@group-523986131536->omNode-1: nextIndex: updateUnconditionally 18 -> 12
2021-10-31 01:03:56,131 [grpc-default-executor-2] INFO  server.RaftServer$Division (RaftServerImpl.java:checkInconsistentAppendEntries(1322)) - omNode-1@group-523986131536: Failed appendEntries as previous log entry ((t:4, i:17)) is not found
2021-10-31 01:03:56,131 [grpc-default-executor-2] INFO  server.RaftServer$Division (RaftServerImpl.java:checkInconsistentAppendEntries(1288)) - omNode-1@group-523986131536: inconsistency entries. Reply:omNode-2<-omNode-1#345:FAIL-t4,INCONSISTENCY,nextIndex=12,followerCommit=11
2021-10-31 01:03:56,132 [grpc-default-executor-2] INFO  leader.FollowerInfo (FollowerInfoImpl.java:lambda$new$0(47)) - omNode-2@group-523986131536->omNode-1: nextIndex: updateUnconditionally 18 -> 12
2021-10-31 01:03:56,633 [grpc-default-executor-2] INFO  server.RaftServer$Division (RaftServerImpl.java:checkInconsistentAppendEntries(1322)) - omNode-1@group-523986131536: Failed appendEntries as previous log entry ((t:4, i:17)) is not found
2021-10-31 01:03:56,634 [grpc-default-executor-2] INFO  server.RaftServer$Division (RaftServerImpl.java:checkInconsistentAppendEntries(1288)) - omNode-1@group-523986131536: inconsistency entries. Reply:omNode-2<-omNode-1#396:FAIL-t4,INCONSISTENCY,nextIndex=12,followerCommit=11
2021-10-31 01:03:56,634 [grpc-default-executor-2] INFO  leader.FollowerInfo (FollowerInfoImpl.java:lambda$new$0(47)) - omNode-2@group-523986131536->omNode-1: nextIndex: updateUnconditionally 18 -> 12
2021-10-31 01:03:57,137 [grpc-default-executor-3] INFO  server.RaftServer$Division (RaftServerImpl.java:checkInconsistentAppendEntries(1322)) - omNode-1@group-523986131536: Failed appendEntries as previous log entry ((t:4, i:17)) is not found
2021-10-31 01:03:57,137 [grpc-default-executor-3] INFO  server.RaftServer$Division (RaftServerImpl.java:checkInconsistentAppendEntries(1288)) - omNode-1@group-523986131536: inconsistency entries. Reply:omNode-2<-omNode-1#447:FAIL-t4,INCONSISTENCY,nextIndex=12,followerCommit=11
2021-10-31 01:03:57,138 [grpc-default-executor-3] INFO  leader.FollowerInfo (FollowerInfoImpl.java:lambda$new$0(47)) - omNode-2@group-523986131536->omNode-1: nextIndex: updateUnconditionally 18 -> 12
2021-10-31 01:03:57,640 [grpc-default-executor-3] INFO  server.RaftServer$Division (RaftServerImpl.java:checkInconsistentAppendEntries(1322)) - omNode-1@group-523986131536: Failed appendEntries as previous log entry ((t:4, i:17)) is not found
2021-10-31 01:03:57,640 [grpc-default-executor-3] INFO  server.RaftServer$Division (RaftServerImpl.java:checkInconsistentAppendEntries(1288)) - omNode-1@group-523986131536: inconsistency entries. Reply:omNode-2<-omNode-1#498:FAIL-t4,INCONSISTENCY,nextIndex=12,followerCommit=11
2021-10-31 01:03:57,641 [grpc-default-executor-3] INFO  leader.FollowerInfo (FollowerInfoImpl.java:lambda$new$0(47)) - omNode-2@group-523986131536->omNode-1: nextIndex: updateUnconditionally 18 -> 12
2021-10-31 01:03:58,143 [grpc-default-executor-3] INFO  server.RaftServer$Division (RaftServerImpl.java:checkInconsistentAppendEntries(1322)) - omNode-1@group-523986131536: Failed appendEntries as previous log entry ((t:4, i:17)) is not found
2021-10-31 01:03:58,143 [grpc-default-executor-3] INFO  server.RaftServer$Division (RaftServerImpl.java:checkInconsistentAppendEntries(1288)) - omNode-1@group-523986131536: inconsistency entries. Reply:omNode-2<-omNode-1#549:FAIL-t4,INCONSISTENCY,nextIndex=12,followerCommit=11
2021-10-31 01:03:58,144 [grpc-default-executor-3] INFO  leader.FollowerInfo (FollowerInfoImpl.java:lambda$new$0(47)) - omNode-2@group-523986131536->omNode-1: nextIndex: updateUnconditionally 18 -> 12
2021-10-31 01:03:58,646 [grpc-default-executor-3] INFO  server.RaftServer$Division (RaftServerImpl.java:checkInconsistentAppendEntries(1322)) - omNode-1@group-523986131536: Failed appendEntries as previous log entry ((t:4, i:17)) is not found
2021-10-31 01:03:58,646 [grpc-default-executor-3] INFO  server.RaftServer$Division (RaftServerImpl.java:checkInconsistentAppendEntries(1288)) - omNode-1@group-523986131536: inconsistency entries. Reply:omNode-2<-omNode-1#600:FAIL-t4,INCONSISTENCY,nextIndex=12,followerCommit=11
2021-10-31 01:03:58,647 [grpc-default-executor-3] INFO  leader.FollowerInfo (FollowerInfoImpl.java:lambda$new$0(47)) - omNode-2@group-523986131536->omNode-1: nextIndex: updateUnconditionally 18 -> 12
2021-10-31 01:03:59,149 [grpc-default-executor-3] INFO  server.RaftServer$Division (RaftServerImpl.java:checkInconsistentAppendEntries(1322)) - omNode-1@group-523986131536: Failed appendEntries as previous log entry ((t:4, i:17)) is not found
2021-10-31 01:03:59,149 [grpc-default-executor-3] INFO  server.RaftServer$Division (RaftServerImpl.java:checkInconsistentAppendEntries(1288)) - omNode-1@group-523986131536: inconsistency entries. Reply:omNode-2<-omNode-1#651:FAIL-t4,INCONSISTENCY,nextIndex=12,followerCommit=11
2021-10-31 01:03:59,150 [grpc-default-executor-3] INFO  leader.FollowerInfo (FollowerInfoImpl.java:lambda$new$0(47)) - omNode-2@group-523986131536->omNode-1: nextIndex: updateUnconditionally 18 -> 12
2021-10-31 01:03:59,652 [grpc-default-executor-3] INFO  server.RaftServer$Division (RaftServerImpl.java:checkInconsistentAppendEntries(1322)) - omNode-1@group-523986131536: Failed appendEntries as previous log entry ((t:4, i:17)) is not found
2021-10-31 01:03:59,653 [grpc-default-executor-3] INFO  server.RaftServer$Division (RaftServerImpl.java:checkInconsistentAppendEntries(1288)) - omNode-1@group-523986131536: inconsistency entries. Reply:omNode-2<-omNode-1#702:FAIL-t4,INCONSISTENCY,nextIndex=12,followerCommit=11
2021-10-31 01:03:59,653 [grpc-default-executor-3] INFO  leader.FollowerInfo (FollowerInfoImpl.java:lambda$new$0(47)) - omNode-2@group-523986131536->omNode-1: nextIndex: updateUnconditionally 18 -> 12
2021-10-31 01:04:00,156 [grpc-default-executor-3] INFO  server.RaftServer$Division (RaftServerImpl.java:checkInconsistentAppendEntries(1322)) - omNode-1@group-523986131536: Failed appendEntries as previous log entry ((t:4, i:17)) is not found
2021-10-31 01:04:00,156 [grpc-default-executor-3] INFO  server.RaftServer$Division (RaftServerImpl.java:checkInconsistentAppendEntries(1288)) - omNode-1@group-523986131536: inconsistency entries. Reply:omNode-2<-omNode-1#753:FAIL-t4,INCONSISTENCY,nextIndex=12,followerCommit=11
2021-10-31 01:04:00,157 [grpc-default-executor-3] INFO  leader.FollowerInfo (FollowerInfoImpl.java:lambda$new$0(47)) - omNode-2@group-523986131536->omNode-1: nextIndex: updateUnconditionally 18 -> 12
2021-10-31 01:04:00,659 [grpc-default-executor-3] INFO  server.RaftServer$Division (RaftServerImpl.java:checkInconsistentAppendEntries(1322)) - omNode-1@group-523986131536: Failed appendEntries as previous log entry ((t:4, i:17)) is not found
2021-10-31 01:04:00,659 [grpc-default-executor-3] INFO  server.RaftServer$Division (RaftServerImpl.java:checkInconsistentAppendEntries(1288)) - omNode-1@group-523986131536: inconsistency entries. Reply:omNode-2<-omNode-1#803:FAIL-t4,INCONSISTENCY,nextIndex=12,followerCommit=11
2021-10-31 01:04:00,660 [grpc-default-executor-3] INFO  leader.FollowerInfo (FollowerInfoImpl.java:lambda$new$0(47)) - omNode-2@group-523986131536->omNode-1: nextIndex: updateUnconditionally 18 -> 12
2021-10-31 01:04:01,163 [grpc-default-executor-3] INFO  server.RaftServer$Division (RaftServerImpl.java:checkInconsistentAppendEntries(1322)) - omNode-1@group-523986131536: Failed appendEntries as previous log entry ((t:4, i:17)) is not found
2021-10-31 01:04:01,163 [grpc-default-executor-3] INFO  server.RaftServer$Division (RaftServerImpl.java:checkInconsistentAppendEntries(1288)) - omNode-1@group-523986131536: inconsistency entries. Reply:omNode-2<-omNode-1#854:FAIL-t4,INCONSISTENCY,nextIndex=12,followerCommit=11
2021-10-31 01:04:01,164 [grpc-default-executor-3] INFO  leader.FollowerInfo (FollowerInfoImpl.java:lambda$new$0(47)) - omNode-2@group-523986131536->omNode-1: nextIndex: updateUnconditionally 18 -> 12
2021-10-31 01:04:01,666 [grpc-default-executor-3] INFO  server.RaftServer$Division (RaftServerImpl.java:checkInconsistentAppendEntries(1322)) - omNode-1@group-523986131536: Failed appendEntries as previous log entry ((t:4, i:17)) is not found
2021-10-31 01:04:01,667 [grpc-default-executor-3] INFO  server.RaftServer$Division (RaftServerImpl.java:checkInconsistentAppendEntries(1288)) - omNode-1@group-523986131536: inconsistency entries. Reply:omNode-2<-omNode-1#905:FAIL-t4,INCONSISTENCY,nextIndex=12,followerCommit=11
2021-10-31 01:04:01,667 [grpc-default-executor-3] INFO  leader.FollowerInfo (FollowerInfoImpl.java:lambda$new$0(47)) - omNode-2@group-523986131536->omNode-1: nextIndex: updateUnconditionally 18 -> 12
2021-10-31 01:04:02,170 [grpc-default-executor-3] INFO  server.RaftServer$Division (RaftServerImpl.java:checkInconsistentAppendEntries(1322)) - omNode-1@group-523986131536: Failed appendEntries as previous log entry ((t:4, i:17)) is not found
2021-10-31 01:04:02,170 [grpc-default-executor-3] INFO  server.RaftServer$Division (RaftServerImpl.java:checkInconsistentAppendEntries(1288)) - omNode-1@group-523986131536: inconsistency entries. Reply:omNode-2<-omNode-1#956:FAIL-t4,INCONSISTENCY,nextIndex=12,followerCommit=11
2021-10-31 01:04:02,170 [grpc-default-executor-3] INFO  leader.FollowerInfo (FollowerInfoImpl.java:lambda$new$0(47)) - omNode-2@group-523986131536->omNode-1: nextIndex: updateUnconditionally 18 -> 12
2021-10-31 01:04:02,673 [grpc-default-executor-2] INFO  server.RaftServer$Division (RaftServerImpl.java:checkInconsistentAppendEntries(1322)) - omNode-1@group-523986131536: Failed appendEntries as previous log entry ((t:4, i:17)) is not found
2021-10-31 01:04:02,673 [grpc-default-executor-2] INFO  server.RaftServer$Division (RaftServerImpl.java:checkInconsistentAppendEntries(1288)) - omNode-1@group-523986131536: inconsistency entries. Reply:omNode-2<-omNode-1#1007:FAIL-t4,INCONSISTENCY,nextIndex=12,followerCommit=11
2021-10-31 01:04:02,674 [grpc-default-executor-3] INFO  leader.FollowerInfo (FollowerInfoImpl.java:lambda$new$0(47)) - omNode-2@group-523986131536->omNode-1: nextIndex: updateUnconditionally 18 -> 12
2021-10-31 01:04:03,177 [grpc-default-executor-3] INFO  server.RaftServer$Division (RaftServerImpl.java:checkInconsistentAppendEntries(1322)) - omNode-1@group-523986131536: Failed appendEntries as previous log entry ((t:4, i:17)) is not found
2021-10-31 01:04:03,177 [grpc-default-executor-3] INFO  server.RaftServer$Division (RaftServerImpl.java:checkInconsistentAppendEntries(1288)) - omNode-1@group-523986131536: inconsistency entries. Reply:omNode-2<-omNode-1#1058:FAIL-t4,INCONSISTENCY,nextIndex=12,followerCommit=11
2021-10-31 01:04:03,177 [grpc-default-executor-3] INFO  leader.FollowerInfo (FollowerInfoImpl.java:lambda$new$0(47)) - omNode-2@group-523986131536->omNode-1: nextIndex: updateUnconditionally 18 -> 12
2021-10-31 01:04:03,679 [grpc-default-executor-2] INFO  server.RaftServer$Division (RaftServerImpl.java:checkInconsistentAppendEntries(1322)) - omNode-1@group-523986131536: Failed appendEntries as previous log entry ((t:4, i:17)) is not found
2021-10-31 01:04:03,680 [grpc-default-executor-2] INFO  server.RaftServer$Division (RaftServerImpl.java:checkInconsistentAppendEntries(1288)) - omNode-1@group-523986131536: inconsistency entries. Reply:omNode-2<-omNode-1#1109:FAIL-t4,INCONSISTENCY,nextIndex=12,followerCommit=11
2021-10-31 01:04:03,680 [grpc-default-executor-2] INFO  leader.FollowerInfo (FollowerInfoImpl.java:lambda$new$0(47)) - omNode-2@group-523986131536->omNode-1: nextIndex: updateUnconditionally 18 -> 12
2021-10-31 01:04:04,182 [grpc-default-executor-3] INFO  server.RaftServer$Division (RaftServerImpl.java:checkInconsistentAppendEntries(1322)) - omNode-1@group-523986131536: Failed appendEntries as previous log entry ((t:4, i:17)) is not found
2021-10-31 01:04:04,183 [grpc-default-executor-3] INFO  server.RaftServer$Division (RaftServerImpl.java:checkInconsistentAppendEntries(1288)) - omNode-1@group-523986131536: inconsistency entries. Reply:omNode-2<-omNode-1#1160:FAIL-t4,INCONSISTENCY,nextIndex=12,followerCommit=11
2021-10-31 01:04:04,183 [grpc-default-executor-3] INFO  leader.FollowerInfo (FollowerInfoImpl.java:lambda$new$0(47)) - omNode-2@group-523986131536->omNode-1: nextIndex: updateUnconditionally 18 -> 12
2021-10-31 01:04:04,686 [grpc-default-executor-3] INFO  server.RaftServer$Division (RaftServerImpl.java:checkInconsistentAppendEntries(1322)) - omNode-1@group-523986131536: Failed appendEntries as previous log entry ((t:4, i:17)) is not found
2021-10-31 01:04:04,686 [grpc-default-executor-3] INFO  server.RaftServer$Division (RaftServerImpl.java:checkInconsistentAppendEntries(1288)) - omNode-1@group-523986131536: inconsistency entries. Reply:omNode-2<-omNode-1#1211:FAIL-t4,INCONSISTENCY,nextIndex=12,followerCommit=11
2021-10-31 01:04:04,687 [grpc-default-executor-3] INFO  leader.FollowerInfo (FollowerInfoImpl.java:lambda$new$0(47)) - omNode-2@group-523986131536->omNode-1: nextIndex: updateUnconditionally 18 -> 12
2021-10-31 01:04:05,189 [grpc-default-executor-3] INFO  server.RaftServer$Division (RaftServerImpl.java:checkInconsistentAppendEntries(1322)) - omNode-1@group-523986131536: Failed appendEntries as previous log entry ((t:4, i:17)) is not found
2021-10-31 01:04:05,190 [grpc-default-executor-3] INFO  server.RaftServer$Division (RaftServerImpl.java:checkInconsistentAppendEntries(1288)) - omNode-1@group-523986131536: inconsistency entries. Reply:omNode-2<-omNode-1#1262:FAIL-t4,INCONSISTENCY,nextIndex=12,followerCommit=11
2021-10-31 01:04:05,198 [grpc-default-executor-3] INFO  leader.FollowerInfo (FollowerInfoImpl.java:lambda$new$0(47)) - omNode-2@group-523986131536->omNode-1: nextIndex: updateUnconditionally 18 -> 12
2021-10-31 01:04:05,700 [grpc-default-executor-3] INFO  server.RaftServer$Division (RaftServerImpl.java:checkInconsistentAppendEntries(1322)) - omNode-1@group-523986131536: Failed appendEntries as previous log entry ((t:4, i:17)) is not found
2021-10-31 01:04:05,701 [grpc-default-executor-3] INFO  server.RaftServer$Division (RaftServerImpl.java:checkInconsistentAppendEntries(1288)) - omNode-1@group-523986131536: inconsistency entries. Reply:omNode-2<-omNode-1#1313:FAIL-t4,INCONSISTENCY,nextIndex=12,followerCommit=11
2021-10-31 01:04:05,701 [grpc-default-executor-3] INFO  leader.FollowerInfo (FollowerInfoImpl.java:lambda$new$0(47)) - omNode-2@group-523986131536->omNode-1: nextIndex: updateUnconditionally 18 -> 12
2021-10-31 01:04:06,204 [grpc-default-executor-3] INFO  server.RaftServer$Division (RaftServerImpl.java:checkInconsistentAppendEntries(1322)) - omNode-1@group-523986131536: Failed appendEntries as previous log entry ((t:4, i:17)) is not found
2021-10-31 01:04:06,205 [grpc-default-executor-3] INFO  server.RaftServer$Division (RaftServerImpl.java:checkInconsistentAppendEntries(1288)) - omNode-1@group-523986131536: inconsistency entries. Reply:omNode-2<-omNode-1#1364:FAIL-t4,INCONSISTENCY,nextIndex=12,followerCommit=11
2021-10-31 01:04:06,208 [grpc-default-executor-3] INFO  leader.FollowerInfo (FollowerInfoImpl.java:lambda$new$0(47)) - omNode-2@group-523986131536->omNode-1: nextIndex: updateUnconditionally 18 -> 12
2021-10-31 01:04:06,711 [grpc-default-executor-2] INFO  server.RaftServer$Division (RaftServerImpl.java:checkInconsistentAppendEntries(1322)) - omNode-1@group-523986131536: Failed appendEntries as previous log entry ((t:4, i:17)) is not found
2021-10-31 01:04:06,711 [grpc-default-executor-2] INFO  server.RaftServer$Division (RaftServerImpl.java:checkInconsistentAppendEntries(1288)) - omNode-1@group-523986131536: inconsistency entries. Reply:omNode-2<-omNode-1#1415:FAIL-t4,INCONSISTENCY,nextIndex=12,followerCommit=11
2021-10-31 01:04:06,712 [grpc-default-executor-2] INFO  leader.FollowerInfo (FollowerInfoImpl.java:lambda$new$0(47)) - omNode-2@group-523986131536->omNode-1: nextIndex: updateUnconditionally 18 -> 12
2021-10-31 01:04:07,214 [grpc-default-executor-4] INFO  server.RaftServer$Division (RaftServerImpl.java:checkInconsistentAppendEntries(1322)) - omNode-1@group-523986131536: Failed appendEntries as previous log entry ((t:4, i:17)) is not found
2021-10-31 01:04:07,215 [grpc-default-executor-4] INFO  server.RaftServer$Division (RaftServerImpl.java:checkInconsistentAppendEntries(1288)) - omNode-1@group-523986131536: inconsistency entries. Reply:omNode-2<-omNode-1#1466:FAIL-t4,INCONSISTENCY,nextIndex=12,followerCommit=11
2021-10-31 01:04:07,215 [grpc-default-executor-4] INFO  leader.FollowerInfo (FollowerInfoImpl.java:lambda$new$0(47)) - omNode-2@group-523986131536->omNode-1: nextIndex: updateUnconditionally 18 -> 12
2021-10-31 01:04:07,718 [grpc-default-executor-4] INFO  server.RaftServer$Division (RaftServerImpl.java:checkInconsistentAppendEntries(1322)) - omNode-1@group-523986131536: Failed appendEntries as previous log entry ((t:4, i:17)) is not found
2021-10-31 01:04:07,718 [grpc-default-executor-4] INFO  server.RaftServer$Division (RaftServerImpl.java:checkInconsistentAppendEntries(1288)) - omNode-1@group-523986131536: inconsistency entries. Reply:omNode-2<-omNode-1#1517:FAIL-t4,INCONSISTENCY,nextIndex=12,followerCommit=11
2021-10-31 01:04:07,719 [grpc-default-executor-4] INFO  leader.FollowerInfo (FollowerInfoImpl.java:lambda$new$0(47)) - omNode-2@group-523986131536->omNode-1: nextIndex: updateUnconditionally 18 -> 12
2021-10-31 01:04:08,221 [grpc-default-executor-4] INFO  server.RaftServer$Division (RaftServerImpl.java:checkInconsistentAppendEntries(1322)) - omNode-1@group-523986131536: Failed appendEntries as previous log entry ((t:4, i:17)) is not found
2021-10-31 01:04:08,221 [grpc-default-executor-4] INFO  server.RaftServer$Division (RaftServerImpl.java:checkInconsistentAppendEntries(1288)) - omNode-1@group-523986131536: inconsistency entries. Reply:omNode-2<-omNode-1#1567:FAIL-t4,INCONSISTENCY,nextIndex=12,followerCommit=11
2021-10-31 01:04:08,222 [grpc-default-executor-4] INFO  leader.FollowerInfo (FollowerInfoImpl.java:lambda$new$0(47)) - omNode-2@group-523986131536->omNode-1: nextIndex: updateUnconditionally 18 -> 12
2021-10-31 01:04:08,725 [grpc-default-executor-2] INFO  server.RaftServer$Division (RaftServerImpl.java:checkInconsistentAppendEntries(1322)) - omNode-1@group-523986131536: Failed appendEntries as previous log entry ((t:4, i:17)) is not found
2021-10-31 01:04:08,725 [grpc-default-executor-2] INFO  server.RaftServer$Division (RaftServerImpl.java:checkInconsistentAppendEntries(1288)) - omNode-1@group-523986131536: inconsistency entries. Reply:omNode-2<-omNode-1#1618:FAIL-t4,INCONSISTENCY,nextIndex=12,followerCommit=11
2021-10-31 01:04:08,726 [grpc-default-executor-2] INFO  leader.FollowerInfo (FollowerInfoImpl.java:lambda$new$0(47)) - omNode-2@group-523986131536->omNode-1: nextIndex: updateUnconditionally 18 -> 12
2021-10-31 01:04:09,231 [grpc-default-executor-2] INFO  server.RaftServer$Division (RaftServerImpl.java:checkInconsistentAppendEntries(1322)) - omNode-1@group-523986131536: Failed appendEntries as previous log entry ((t:4, i:17)) is not found
2021-10-31 01:04:09,231 [grpc-default-executor-2] INFO  server.RaftServer$Division (RaftServerImpl.java:checkInconsistentAppendEntries(1288)) - omNode-1@group-523986131536: inconsistency entries. Reply:omNode-2<-omNode-1#1669:FAIL-t4,INCONSISTENCY,nextIndex=12,followerCommit=11
2021-10-31 01:04:09,232 [grpc-default-executor-2] INFO  leader.FollowerInfo (FollowerInfoImpl.java:lambda$new$0(47)) - omNode-2@group-523986131536->omNode-1: nextIndex: updateUnconditionally 18 -> 12
2021-10-31 01:04:09,734 [grpc-default-executor-2] INFO  server.RaftServer$Division (RaftServerImpl.java:checkInconsistentAppendEntries(1322)) - omNode-1@group-523986131536: Failed appendEntries as previous log entry ((t:4, i:17)) is not found
2021-10-31 01:04:09,735 [grpc-default-executor-2] INFO  server.RaftServer$Division (RaftServerImpl.java:checkInconsistentAppendEntries(1288)) - omNode-1@group-523986131536: inconsistency entries. Reply:omNode-2<-omNode-1#1720:FAIL-t4,INCONSISTENCY,nextIndex=12,followerCommit=11
2021-10-31 01:04:09,735 [grpc-default-executor-2] INFO  leader.FollowerInfo (FollowerInfoImpl.java:lambda$new$0(47)) - omNode-2@group-523986131536->omNode-1: nextIndex: updateUnconditionally 18 -> 12
2021-10-31 01:04:10,237 [grpc-default-executor-2] INFO  server.RaftServer$Division (RaftServerImpl.java:checkInconsistentAppendEntries(1322)) - omNode-1@group-523986131536: Failed appendEntries as previous log entry ((t:4, i:17)) is not found
2021-10-31 01:04:10,237 [grpc-default-executor-2] INFO  server.RaftServer$Division (RaftServerImpl.java:checkInconsistentAppendEntries(1288)) - omNode-1@group-523986131536: inconsistency entries. Reply:omNode-2<-omNode-1#1771:FAIL-t4,INCONSISTENCY,nextIndex=12,followerCommit=11
2021-10-31 01:04:10,238 [grpc-default-executor-2] INFO  leader.FollowerInfo (FollowerInfoImpl.java:lambda$new$0(47)) - omNode-2@group-523986131536->omNode-1: nextIndex: updateUnconditionally 18 -> 12
2021-10-31 01:04:10,740 [grpc-default-executor-2] INFO  server.RaftServer$Division (RaftServerImpl.java:checkInconsistentAppendEntries(1322)) - omNode-1@group-523986131536: Failed appendEntries as previous log entry ((t:4, i:17)) is not found
2021-10-31 01:04:10,740 [grpc-default-executor-2] INFO  server.RaftServer$Division (RaftServerImpl.java:checkInconsistentAppendEntries(1288)) - omNode-1@group-523986131536: inconsistency entries. Reply:omNode-2<-omNode-1#1822:FAIL-t4,INCONSISTENCY,nextIndex=12,followerCommit=11
2021-10-31 01:04:10,741 [grpc-default-executor-2] INFO  leader.FollowerInfo (FollowerInfoImpl.java:lambda$new$0(47)) - omNode-2@group-523986131536->omNode-1: nextIndex: updateUnconditionally 18 -> 12
2021-10-31 01:04:11,244 [grpc-default-executor-2] INFO  server.RaftServer$Division (RaftServerImpl.java:checkInconsistentAppendEntries(1322)) - omNode-1@group-523986131536: Failed appendEntries as previous log entry ((t:4, i:17)) is not found
2021-10-31 01:04:11,244 [grpc-default-executor-2] INFO  server.RaftServer$Division (RaftServerImpl.java:checkInconsistentAppendEntries(1288)) - omNode-1@group-523986131536: inconsistency entries. Reply:omNode-2<-omNode-1#1873:FAIL-t4,INCONSISTENCY,nextIndex=12,followerCommit=11
2021-10-31 01:04:11,245 [grpc-default-executor-4] INFO  leader.FollowerInfo (FollowerInfoImpl.java:lambda$new$0(47)) - omNode-2@group-523986131536->omNode-1: nextIndex: updateUnconditionally 18 -> 12
2021-10-31 01:04:11,747 [grpc-default-executor-2] INFO  server.RaftServer$Division (RaftServerImpl.java:checkInconsistentAppendEntries(1322)) - omNode-1@group-523986131536: Failed appendEntries as previous log entry ((t:4, i:17)) is not found
2021-10-31 01:04:11,747 [grpc-default-executor-2] INFO  server.RaftServer$Division (RaftServerImpl.java:checkInconsistentAppendEntries(1288)) - omNode-1@group-523986131536: inconsistency entries. Reply:omNode-2<-omNode-1#1924:FAIL-t4,INCONSISTENCY,nextIndex=12,followerCommit=11
2021-10-31 01:04:11,748 [grpc-default-executor-2] INFO  leader.FollowerInfo (FollowerInfoImpl.java:lambda$new$0(47)) - omNode-2@group-523986131536->omNode-1: nextIndex: updateUnconditionally 18 -> 12
2021-10-31 01:04:12,250 [grpc-default-executor-2] INFO  server.RaftServer$Division (RaftServerImpl.java:checkInconsistentAppendEntries(1322)) - omNode-1@group-523986131536: Failed appendEntries as previous log entry ((t:4, i:17)) is not found
2021-10-31 01:04:12,250 [grpc-default-executor-2] INFO  server.RaftServer$Division (RaftServerImpl.java:checkInconsistentAppendEntries(1288)) - omNode-1@group-523986131536: inconsistency entries. Reply:omNode-2<-omNode-1#1975:FAIL-t4,INCONSISTENCY,nextIndex=12,followerCommit=11
2021-10-31 01:04:12,251 [grpc-default-executor-2] INFO  leader.FollowerInfo (FollowerInfoImpl.java:lambda$new$0(47)) - omNode-2@group-523986131536->omNode-1: nextIndex: updateUnconditionally 18 -> 12
2021-10-31 01:04:12,752 [grpc-default-executor-2] INFO  server.RaftServer$Division (RaftServerImpl.java:checkInconsistentAppendEntries(1322)) - omNode-1@group-523986131536: Failed appendEntries as previous log entry ((t:4, i:17)) is not found
2021-10-31 01:04:12,752 [grpc-default-executor-2] INFO  server.RaftServer$Division (RaftServerImpl.java:checkInconsistentAppendEntries(1288)) - omNode-1@group-523986131536: inconsistency entries. Reply:omNode-2<-omNode-1#2026:FAIL-t4,INCONSISTENCY,nextIndex=12,followerCommit=11
2021-10-31 01:04:12,753 [grpc-default-executor-2] INFO  leader.FollowerInfo (FollowerInfoImpl.java:lambda$new$0(47)) - omNode-2@group-523986131536->omNode-1: nextIndex: updateUnconditionally 18 -> 12
2021-10-31 01:04:13,256 [grpc-default-executor-4] INFO  server.RaftServer$Division (RaftServerImpl.java:checkInconsistentAppendEntries(1322)) - omNode-1@group-523986131536: Failed appendEntries as previous log entry ((t:4, i:17)) is not found
2021-10-31 01:04:13,256 [grpc-default-executor-4] INFO  server.RaftServer$Division (RaftServerImpl.java:checkInconsistentAppendEntries(1288)) - omNode-1@group-523986131536: inconsistency entries. Reply:omNode-2<-omNode-1#2077:FAIL-t4,INCONSISTENCY,nextIndex=12,followerCommit=11
2021-10-31 01:04:13,257 [grpc-default-executor-4] INFO  leader.FollowerInfo (FollowerInfoImpl.java:lambda$new$0(47)) - omNode-2@group-523986131536->omNode-1: nextIndex: updateUnconditionally 18 -> 12
2021-10-31 01:04:13,759 [grpc-default-executor-2] INFO  server.RaftServer$Division (RaftServerImpl.java:checkInconsistentAppendEntries(1322)) - omNode-1@group-523986131536: Failed appendEntries as previous log entry ((t:4, i:17)) is not found
2021-10-31 01:04:13,759 [grpc-default-executor-2] INFO  server.RaftServer$Division (RaftServerImpl.java:checkInconsistentAppendEntries(1288)) - omNode-1@group-523986131536: inconsistency entries. Reply:omNode-2<-omNode-1#2128:FAIL-t4,INCONSISTENCY,nextIndex=12,followerCommit=11
2021-10-31 01:04:13,760 [grpc-default-executor-4] INFO  leader.FollowerInfo (FollowerInfoImpl.java:lambda$new$0(47)) - omNode-2@group-523986131536->omNode-1: nextIndex: updateUnconditionally 18 -> 12
2021-10-31 01:04:14,262 [grpc-default-executor-4] INFO  server.RaftServer$Division (RaftServerImpl.java:checkInconsistentAppendEntries(1322)) - omNode-1@group-523986131536: Failed appendEntries as previous log entry ((t:4, i:17)) is not found
2021-10-31 01:04:14,262 [grpc-default-executor-4] INFO  server.RaftServer$Division (RaftServerImpl.java:checkInconsistentAppendEntries(1288)) - omNode-1@group-523986131536: inconsistency entries. Reply:omNode-2<-omNode-1#2179:FAIL-t4,INCONSISTENCY,nextIndex=12,followerCommit=11
2021-10-31 01:04:14,262 [grpc-default-executor-4] INFO  leader.FollowerInfo (FollowerInfoImpl.java:lambda$new$0(47)) - omNode-2@group-523986131536->omNode-1: nextIndex: updateUnconditionally 18 -> 12
2021-10-31 01:04:14,764 [grpc-default-executor-4] INFO  server.RaftServer$Division (RaftServerImpl.java:checkInconsistentAppendEntries(1322)) - omNode-1@group-523986131536: Failed appendEntries as previous log entry ((t:4, i:17)) is not found
2021-10-31 01:04:14,764 [grpc-default-executor-4] INFO  server.RaftServer$Division (RaftServerImpl.java:checkInconsistentAppendEntries(1288)) - omNode-1@group-523986131536: inconsistency entries. Reply:omNode-2<-omNode-1#2230:FAIL-t4,INCONSISTENCY,nextIndex=12,followerCommit=11
2021-10-31 01:04:14,765 [grpc-default-executor-4] INFO  leader.FollowerInfo (FollowerInfoImpl.java:lambda$new$0(47)) - omNode-2@group-523986131536->omNode-1: nextIndex: updateUnconditionally 18 -> 12
2021-10-31 01:04:15,267 [grpc-default-executor-2] INFO  server.RaftServer$Division (RaftServerImpl.java:checkInconsistentAppendEntries(1322)) - omNode-1@group-523986131536: Failed appendEntries as previous log entry ((t:4, i:17)) is not found
2021-10-31 01:04:15,267 [grpc-default-executor-2] INFO  server.RaftServer$Division (RaftServerImpl.java:checkInconsistentAppendEntries(1288)) - omNode-1@group-523986131536: inconsistency entries. Reply:omNode-2<-omNode-1#2281:FAIL-t4,INCONSISTENCY,nextIndex=12,followerCommit=11
2021-10-31 01:04:15,268 [grpc-default-executor-2] INFO  leader.FollowerInfo (FollowerInfoImpl.java:lambda$new$0(47)) - omNode-2@group-523986131536->omNode-1: nextIndex: updateUnconditionally 18 -> 12
2021-10-31 01:04:15,770 [grpc-default-executor-2] INFO  server.RaftServer$Division (RaftServerImpl.java:checkInconsistentAppendEntries(1322)) - omNode-1@group-523986131536: Failed appendEntries as previous log entry ((t:4, i:17)) is not found
2021-10-31 01:04:15,770 [grpc-default-executor-2] INFO  server.RaftServer$Division (RaftServerImpl.java:checkInconsistentAppendEntries(1288)) - omNode-1@group-523986131536: inconsistency entries. Reply:omNode-2<-omNode-1#2332:FAIL-t4,INCONSISTENCY,nextIndex=12,followerCommit=11
2021-10-31 01:04:15,771 [grpc-default-executor-2] INFO  leader.FollowerInfo (FollowerInfoImpl.java:lambda$new$0(47)) - omNode-2@group-523986131536->omNode-1: nextIndex: updateUnconditionally 18 -> 12
2021-10-31 01:04:16,273 [grpc-default-executor-2] INFO  server.RaftServer$Division (RaftServerImpl.java:checkInconsistentAppendEntries(1322)) - omNode-1@group-523986131536: Failed appendEntries as previous log entry ((t:4, i:17)) is not found
2021-10-31 01:04:16,273 [grpc-default-executor-2] INFO  server.RaftServer$Division (RaftServerImpl.java:checkInconsistentAppendEntries(1288)) - omNode-1@group-523986131536: inconsistency entries. Reply:omNode-2<-omNode-1#2383:FAIL-t4,INCONSISTENCY,nextIndex=12,followerCommit=11
2021-10-31 01:04:16,274 [grpc-default-executor-2] INFO  leader.FollowerInfo (FollowerInfoImpl.java:lambda$new$0(47)) - omNode-2@group-523986131536->omNode-1: nextIndex: updateUnconditionally 18 -> 12
2021-10-31 01:04:16,776 [grpc-default-executor-2] INFO  server.RaftServer$Division (RaftServerImpl.java:checkInconsistentAppendEntries(1322)) - omNode-1@group-523986131536: Failed appendEntries as previous log entry ((t:4, i:17)) is not found
2021-10-31 01:04:16,776 [grpc-default-executor-2] INFO  server.RaftServer$Division (RaftServerImpl.java:checkInconsistentAppendEntries(1288)) - omNode-1@group-523986131536: inconsistency entries. Reply:omNode-2<-omNode-1#2434:FAIL-t4,INCONSISTENCY,nextIndex=12,followerCommit=11
2021-10-31 01:04:16,777 [grpc-default-executor-4] INFO  leader.FollowerInfo (FollowerInfoImpl.java:lambda$new$0(47)) - omNode-2@group-523986131536->omNode-1: nextIndex: updateUnconditionally 18 -> 12
2021-10-31 01:04:17,280 [grpc-default-executor-2] INFO  server.RaftServer$Division (RaftServerImpl.java:checkInconsistentAppendEntries(1322)) - omNode-1@group-523986131536: Failed appendEntries as previous log entry ((t:4, i:17)) is not found
2021-10-31 01:04:17,280 [grpc-default-executor-2] INFO  server.RaftServer$Division (RaftServerImpl.java:checkInconsistentAppendEntries(1288)) - omNode-1@group-523986131536: inconsistency entries. Reply:omNode-2<-omNode-1#2485:FAIL-t4,INCONSISTENCY,nextIndex=12,followerCommit=11
2021-10-31 01:04:17,281 [grpc-default-executor-2] INFO  leader.FollowerInfo (FollowerInfoImpl.java:lambda$new$0(47)) - omNode-2@group-523986131536->omNode-1: nextIndex: updateUnconditionally 18 -> 12
2021-10-31 01:04:17,782 [grpc-default-executor-2] INFO  server.RaftServer$Division (RaftServerImpl.java:checkInconsistentAppendEntries(1322)) - omNode-1@group-523986131536: Failed appendEntries as previous log entry ((t:4, i:17)) is not found
2021-10-31 01:04:17,782 [grpc-default-executor-2] INFO  server.RaftServer$Division (RaftServerImpl.java:checkInconsistentAppendEntries(1288)) - omNode-1@group-523986131536: inconsistency entries. Reply:omNode-2<-omNode-1#2536:FAIL-t4,INCONSISTENCY,nextIndex=12,followerCommit=11
2021-10-31 01:04:17,783 [grpc-default-executor-2] INFO  leader.FollowerInfo (FollowerInfoImpl.java:lambda$new$0(47)) - omNode-2@group-523986131536->omNode-1: nextIndex: updateUnconditionally 18 -> 12
2021-10-31 01:04:18,286 [grpc-default-executor-2] INFO  server.RaftServer$Division (RaftServerImpl.java:checkInconsistentAppendEntries(1322)) - omNode-1@group-523986131536: Failed appendEntries as previous log entry ((t:4, i:17)) is not found
2021-10-31 01:04:18,286 [grpc-default-executor-2] INFO  server.RaftServer$Division (RaftServerImpl.java:checkInconsistentAppendEntries(1288)) - omNode-1@group-523986131536: inconsistency entries. Reply:omNode-2<-omNode-1#2587:FAIL-t4,INCONSISTENCY,nextIndex=12,followerCommit=11
2021-10-31 01:04:18,287 [grpc-default-executor-2] INFO  leader.FollowerInfo (FollowerInfoImpl.java:lambda$new$0(47)) - omNode-2@group-523986131536->omNode-1: nextIndex: updateUnconditionally 18 -> 12
2021-10-31 01:04:18,788 [grpc-default-executor-4] INFO  server.RaftServer$Division (RaftServerImpl.java:checkInconsistentAppendEntries(1322)) - omNode-1@group-523986131536: Failed appendEntries as previous log entry ((t:4, i:17)) is not found
2021-10-31 01:04:18,788 [grpc-default-executor-4] INFO  server.RaftServer$Division (RaftServerImpl.java:checkInconsistentAppendEntries(1288)) - omNode-1@group-523986131536: inconsistency entries. Reply:omNode-2<-omNode-1#2638:FAIL-t4,INCONSISTENCY,nextIndex=12,followerCommit=11
2021-10-31 01:04:18,789 [grpc-default-executor-2] INFO  leader.FollowerInfo (FollowerInfoImpl.java:lambda$new$0(47)) - omNode-2@group-523986131536->omNode-1: nextIndex: updateUnconditionally 18 -> 12
2021-10-31 01:04:19,290 [grpc-default-executor-2] INFO  server.RaftServer$Division (RaftServerImpl.java:checkInconsistentAppendEntries(1322)) - omNode-1@group-523986131536: Failed appendEntries as previous log entry ((t:4, i:17)) is not found
2021-10-31 01:04:19,291 [grpc-default-executor-2] INFO  server.RaftServer$Division (RaftServerImpl.java:checkInconsistentAppendEntries(1288)) - omNode-1@group-523986131536: inconsistency entries. Reply:omNode-2<-omNode-1#2689:FAIL-t4,INCONSISTENCY,nextIndex=12,followerCommit=11
2021-10-31 01:04:19,291 [grpc-default-executor-2] INFO  leader.FollowerInfo (FollowerInfoImpl.java:lambda$new$0(47)) - omNode-2@group-523986131536->omNode-1: nextIndex: updateUnconditionally 18 -> 12
2021-10-31 01:04:19,793 [grpc-default-executor-4] INFO  server.RaftServer$Division (RaftServerImpl.java:checkInconsistentAppendEntries(1322)) - omNode-1@group-523986131536: Failed appendEntries as previous log entry ((t:4, i:17)) is not found
2021-10-31 01:04:19,794 [grpc-default-executor-4] INFO  server.RaftServer$Division (RaftServerImpl.java:checkInconsistentAppendEntries(1288)) - omNode-1@group-523986131536: inconsistency entries. Reply:omNode-2<-omNode-1#2740:FAIL-t4,INCONSISTENCY,nextIndex=12,followerCommit=11
2021-10-31 01:04:19,794 [grpc-default-executor-4] INFO  leader.FollowerInfo (FollowerInfoImpl.java:lambda$new$0(47)) - omNode-2@group-523986131536->omNode-1: nextIndex: updateUnconditionally 18 -> 12
2021-10-31 01:04:20,296 [grpc-default-executor-4] INFO  server.RaftServer$Division (RaftServerImpl.java:checkInconsistentAppendEntries(1322)) - omNode-1@group-523986131536: Failed appendEntries as previous log entry ((t:4, i:17)) is not found
2021-10-31 01:04:20,297 [grpc-default-executor-4] INFO  server.RaftServer$Division (RaftServerImpl.java:checkInconsistentAppendEntries(1288)) - omNode-1@group-523986131536: inconsistency entries. Reply:omNode-2<-omNode-1#2791:FAIL-t4,INCONSISTENCY,nextIndex=12,followerCommit=11
2021-10-31 01:04:20,297 [grpc-default-executor-4] INFO  leader.FollowerInfo (FollowerInfoImpl.java:lambda$new$0(47)) - omNode-2@group-523986131536->omNode-1: nextIndex: updateUnconditionally 18 -> 12
2021-10-31 01:04:20,799 [grpc-default-executor-2] INFO  server.RaftServer$Division (RaftServerImpl.java:checkInconsistentAppendEntries(1322)) - omNode-1@group-523986131536: Failed appendEntries as previous log entry ((t:4, i:17)) is not found
2021-10-31 01:04:20,799 [grpc-default-executor-2] INFO  server.RaftServer$Division (RaftServerImpl.java:checkInconsistentAppendEntries(1288)) - omNode-1@group-523986131536: inconsistency entries. Reply:omNode-2<-omNode-1#2842:FAIL-t4,INCONSISTENCY,nextIndex=12,followerCommit=11
2021-10-31 01:04:20,799 [grpc-default-executor-2] INFO  leader.FollowerInfo (FollowerInfoImpl.java:lambda$new$0(47)) - omNode-2@group-523986131536->omNode-1: nextIndex: updateUnconditionally 18 -> 12
2021-10-31 01:04:21,301 [grpc-default-executor-2] INFO  server.RaftServer$Division (RaftServerImpl.java:checkInconsistentAppendEntries(1322)) - omNode-1@group-523986131536: Failed appendEntries as previous log entry ((t:4, i:17)) is not found
2021-10-31 01:04:21,302 [grpc-default-executor-2] INFO  server.RaftServer$Division (RaftServerImpl.java:checkInconsistentAppendEntries(1288)) - omNode-1@group-523986131536: inconsistency entries. Reply:omNode-2<-omNode-1#2893:FAIL-t4,INCONSISTENCY,nextIndex=12,followerCommit=11
2021-10-31 01:04:21,302 [grpc-default-executor-4] INFO  leader.FollowerInfo (FollowerInfoImpl.java:lambda$new$0(47)) - omNode-2@group-523986131536->omNode-1: nextIndex: updateUnconditionally 18 -> 12
2021-10-31 01:04:21,804 [grpc-default-executor-4] INFO  server.RaftServer$Division (RaftServerImpl.java:checkInconsistentAppendEntries(1322)) - omNode-1@group-523986131536: Failed appendEntries as previous log entry ((t:4, i:17)) is not found
2021-10-31 01:04:21,804 [grpc-default-executor-4] INFO  server.RaftServer$Division (RaftServerImpl.java:checkInconsistentAppendEntries(1288)) - omNode-1@group-523986131536: inconsistency entries. Reply:omNode-2<-omNode-1#2944:FAIL-t4,INCONSISTENCY,nextIndex=12,followerCommit=11
2021-10-31 01:04:21,805 [grpc-default-executor-4] INFO  leader.FollowerInfo (FollowerInfoImpl.java:lambda$new$0(47)) - omNode-2@group-523986131536->omNode-1: nextIndex: updateUnconditionally 18 -> 12
2021-10-31 01:04:22,307 [grpc-default-executor-2] INFO  server.RaftServer$Division (RaftServerImpl.java:checkInconsistentAppendEntries(1322)) - omNode-1@group-523986131536: Failed appendEntries as previous log entry ((t:4, i:17)) is not found
2021-10-31 01:04:22,307 [grpc-default-executor-2] INFO  server.RaftServer$Division (RaftServerImpl.java:checkInconsistentAppendEntries(1288)) - omNode-1@group-523986131536: inconsistency entries. Reply:omNode-2<-omNode-1#2995:FAIL-t4,INCONSISTENCY,nextIndex=12,followerCommit=11
2021-10-31 01:04:22,308 [grpc-default-executor-2] INFO  leader.FollowerInfo (FollowerInfoImpl.java:lambda$new$0(47)) - omNode-2@group-523986131536->omNode-1: nextIndex: updateUnconditionally 18 -> 12
2021-10-31 01:04:22,810 [grpc-default-executor-2] INFO  server.RaftServer$Division (RaftServerImpl.java:checkInconsistentAppendEntries(1322)) - omNode-1@group-523986131536: Failed appendEntries as previous log entry ((t:4, i:17)) is not found
2021-10-31 01:04:22,810 [grpc-default-executor-2] INFO  server.RaftServer$Division (RaftServerImpl.java:checkInconsistentAppendEntries(1288)) - omNode-1@group-523986131536: inconsistency entries. Reply:omNode-2<-omNode-1#3046:FAIL-t4,INCONSISTENCY,nextIndex=12,followerCommit=11
2021-10-31 01:04:22,811 [grpc-default-executor-2] INFO  leader.FollowerInfo (FollowerInfoImpl.java:lambda$new$0(47)) - omNode-2@group-523986131536->omNode-1: nextIndex: updateUnconditionally 18 -> 12
2021-10-31 01:04:23,313 [grpc-default-executor-2] INFO  server.RaftServer$Division (RaftServerImpl.java:checkInconsistentAppendEntries(1322)) - omNode-1@group-523986131536: Failed appendEntries as previous log entry ((t:4, i:17)) is not found
2021-10-31 01:04:23,313 [grpc-default-executor-2] INFO  server.RaftServer$Division (RaftServerImpl.java:checkInconsistentAppendEntries(1288)) - omNode-1@group-523986131536: inconsistency entries. Reply:omNode-2<-omNode-1#3097:FAIL-t4,INCONSISTENCY,nextIndex=12,followerCommit=11
2021-10-31 01:04:23,314 [grpc-default-executor-2] INFO  leader.FollowerInfo (FollowerInfoImpl.java:lambda$new$0(47)) - omNode-2@group-523986131536->omNode-1: nextIndex: updateUnconditionally 18 -> 12
2021-10-31 01:04:23,816 [grpc-default-executor-2] INFO  server.RaftServer$Division (RaftServerImpl.java:checkInconsistentAppendEntries(1322)) - omNode-1@group-523986131536: Failed appendEntries as previous log entry ((t:4, i:17)) is not found
2021-10-31 01:04:23,816 [grpc-default-executor-2] INFO  server.RaftServer$Division (RaftServerImpl.java:checkInconsistentAppendEntries(1288)) - omNode-1@group-523986131536: inconsistency entries. Reply:omNode-2<-omNode-1#3148:FAIL-t4,INCONSISTENCY,nextIndex=12,followerCommit=11
2021-10-31 01:04:23,817 [grpc-default-executor-2] INFO  leader.FollowerInfo (FollowerInfoImpl.java:lambda$new$0(47)) - omNode-2@group-523986131536->omNode-1: nextIndex: updateUnconditionally 18 -> 12
2021-10-31 01:04:24,318 [grpc-default-executor-2] INFO  server.RaftServer$Division (RaftServerImpl.java:checkInconsistentAppendEntries(1322)) - omNode-1@group-523986131536: Failed appendEntries as previous log entry ((t:4, i:17)) is not found
2021-10-31 01:04:24,318 [grpc-default-executor-2] INFO  server.RaftServer$Division (RaftServerImpl.java:checkInconsistentAppendEntries(1288)) - omNode-1@group-523986131536: inconsistency entries. Reply:omNode-2<-omNode-1#3199:FAIL-t4,INCONSISTENCY,nextIndex=12,followerCommit=11
2021-10-31 01:04:24,319 [grpc-default-executor-2] INFO  leader.FollowerInfo (FollowerInfoImpl.java:lambda$new$0(47)) - omNode-2@group-523986131536->omNode-1: nextIndex: updateUnconditionally 18 -> 12
2021-10-31 01:04:24,821 [grpc-default-executor-2] INFO  server.RaftServer$Division (RaftServerImpl.java:checkInconsistentAppendEntries(1322)) - omNode-1@group-523986131536: Failed appendEntries as previous log entry ((t:4, i:17)) is not found
2021-10-31 01:04:24,821 [grpc-default-executor-2] INFO  server.RaftServer$Division (RaftServerImpl.java:checkInconsistentAppendEntries(1288)) - omNode-1@group-523986131536: inconsistency entries. Reply:omNode-2<-omNode-1#3250:FAIL-t4,INCONSISTENCY,nextIndex=12,followerCommit=11
2021-10-31 01:04:24,822 [grpc-default-executor-2] INFO  leader.FollowerInfo (FollowerInfoImpl.java:lambda$new$0(47)) - omNode-2@group-523986131536->omNode-1: nextIndex: updateUnconditionally 18 -> 12
2021-10-31 01:04:25,325 [grpc-default-executor-2] INFO  server.RaftServer$Division (RaftServerImpl.java:checkInconsistentAppendEntries(1322)) - omNode-1@group-523986131536: Failed appendEntries as previous log entry ((t:4, i:17)) is not found
2021-10-31 01:04:25,325 [grpc-default-executor-2] INFO  server.RaftServer$Division (RaftServerImpl.java:checkInconsistentAppendEntries(1288)) - omNode-1@group-523986131536: inconsistency entries. Reply:omNode-2<-omNode-1#3301:FAIL-t4,INCONSISTENCY,nextIndex=12,followerCommit=11
2021-10-31 01:04:25,326 [grpc-default-executor-4] INFO  leader.FollowerInfo (FollowerInfoImpl.java:lambda$new$0(47)) - omNode-2@group-523986131536->omNode-1: nextIndex: updateUnconditionally 18 -> 12
2021-10-31 01:04:25,828 [grpc-default-executor-2] INFO  server.RaftServer$Division (RaftServerImpl.java:checkInconsistentAppendEntries(1322)) - omNode-1@group-523986131536: Failed appendEntries as previous log entry ((t:4, i:17)) is not found
2021-10-31 01:04:25,829 [grpc-default-executor-2] INFO  server.RaftServer$Division (RaftServerImpl.java:checkInconsistentAppendEntries(1288)) - omNode-1@group-523986131536: inconsistency entries. Reply:omNode-2<-omNode-1#3352:FAIL-t4,INCONSISTENCY,nextIndex=12,followerCommit=11
2021-10-31 01:04:25,829 [grpc-default-executor-2] INFO  leader.FollowerInfo (FollowerInfoImpl.java:lambda$new$0(47)) - omNode-2@group-523986131536->omNode-1: nextIndex: updateUnconditionally 18 -> 12
2021-10-31 01:04:26,331 [grpc-default-executor-2] INFO  server.RaftServer$Division (RaftServerImpl.java:checkInconsistentAppendEntries(1322)) - omNode-1@group-523986131536: Failed appendEntries as previous log entry ((t:4, i:17)) is not found
2021-10-31 01:04:26,331 [grpc-default-executor-2] INFO  server.RaftServer$Division (RaftServerImpl.java:checkInconsistentAppendEntries(1288)) - omNode-1@group-523986131536: inconsistency entries. Reply:omNode-2<-omNode-1#3403:FAIL-t4,INCONSISTENCY,nextIndex=12,followerCommit=11
2021-10-31 01:04:26,332 [grpc-default-executor-2] INFO  leader.FollowerInfo (FollowerInfoImpl.java:lambda$new$0(47)) - omNode-2@group-523986131536->omNode-1: nextIndex: updateUnconditionally 18 -> 12
2021-10-31 01:04:26,834 [grpc-default-executor-2] INFO  server.RaftServer$Division (RaftServerImpl.java:checkInconsistentAppendEntries(1322)) - omNode-1@group-523986131536: Failed appendEntries as previous log entry ((t:4, i:17)) is not found
2021-10-31 01:04:26,834 [grpc-default-executor-2] INFO  server.RaftServer$Division (RaftServerImpl.java:checkInconsistentAppendEntries(1288)) - omNode-1@group-523986131536: inconsistency entries. Reply:omNode-2<-omNode-1#3454:FAIL-t4,INCONSISTENCY,nextIndex=12,followerCommit=11
2021-10-31 01:04:26,834 [grpc-default-executor-2] INFO  leader.FollowerInfo (FollowerInfoImpl.java:lambda$new$0(47)) - omNode-2@group-523986131536->omNode-1: nextIndex: updateUnconditionally 18 -> 12
2021-10-31 01:04:27,336 [grpc-default-executor-2] INFO  server.RaftServer$Division (RaftServerImpl.java:checkInconsistentAppendEntries(1322)) - omNode-1@group-523986131536: Failed appendEntries as previous log entry ((t:4, i:17)) is not found
2021-10-31 01:04:27,336 [grpc-default-executor-2] INFO  server.RaftServer$Division (RaftServerImpl.java:checkInconsistentAppendEntries(1288)) - omNode-1@group-523986131536: inconsistency entries. Reply:omNode-2<-omNode-1#3505:FAIL-t4,INCONSISTENCY,nextIndex=12,followerCommit=11
2021-10-31 01:04:27,337 [grpc-default-executor-2] INFO  leader.FollowerInfo (FollowerInfoImpl.java:lambda$new$0(47)) - omNode-2@group-523986131536->omNode-1: nextIndex: updateUnconditionally 18 -> 12
2021-10-31 01:04:27,838 [grpc-default-executor-2] INFO  server.RaftServer$Division (RaftServerImpl.java:checkInconsistentAppendEntries(1322)) - omNode-1@group-523986131536: Failed appendEntries as previous log entry ((t:4, i:17)) is not found
2021-10-31 01:04:27,839 [grpc-default-executor-2] INFO  server.RaftServer$Division (RaftServerImpl.java:checkInconsistentAppendEntries(1288)) - omNode-1@group-523986131536: inconsistency entries. Reply:omNode-2<-omNode-1#3556:FAIL-t4,INCONSISTENCY,nextIndex=12,followerCommit=11
2021-10-31 01:04:27,839 [grpc-default-executor-2] INFO  leader.FollowerInfo (FollowerInfoImpl.java:lambda$new$0(47)) - omNode-2@group-523986131536->omNode-1: nextIndex: updateUnconditionally 18 -> 12
2021-10-31 01:04:28,341 [grpc-default-executor-2] INFO  server.RaftServer$Division (RaftServerImpl.java:checkInconsistentAppendEntries(1322)) - omNode-1@group-523986131536: Failed appendEntries as previous log entry ((t:4, i:17)) is not found
2021-10-31 01:04:28,341 [grpc-default-executor-2] INFO  server.RaftServer$Division (RaftServerImpl.java:checkInconsistentAppendEntries(1288)) - omNode-1@group-523986131536: inconsistency entries. Reply:omNode-2<-omNode-1#3607:FAIL-t4,INCONSISTENCY,nextIndex=12,followerCommit=11
2021-10-31 01:04:28,342 [grpc-default-executor-2] INFO  leader.FollowerInfo (FollowerInfoImpl.java:lambda$new$0(47)) - omNode-2@group-523986131536->omNode-1: nextIndex: updateUnconditionally 18 -> 12
2021-10-31 01:04:28,844 [grpc-default-executor-2] INFO  server.RaftServer$Division (RaftServerImpl.java:checkInconsistentAppendEntries(1322)) - omNode-1@group-523986131536: Failed appendEntries as previous log entry ((t:4, i:17)) is not found
2021-10-31 01:04:28,844 [grpc-default-executor-2] INFO  server.RaftServer$Division (RaftServerImpl.java:checkInconsistentAppendEntries(1288)) - omNode-1@group-523986131536: inconsistency entries. Reply:omNode-2<-omNode-1#3658:FAIL-t4,INCONSISTENCY,nextIndex=12,followerCommit=11
2021-10-31 01:04:28,845 [grpc-default-executor-2] INFO  leader.FollowerInfo (FollowerInfoImpl.java:lambda$new$0(47)) - omNode-2@group-523986131536->omNode-1: nextIndex: updateUnconditionally 18 -> 12
2021-10-31 01:04:29,347 [grpc-default-executor-2] INFO  server.RaftServer$Division (RaftServerImpl.java:checkInconsistentAppendEntries(1322)) - omNode-1@group-523986131536: Failed appendEntries as previous log entry ((t:4, i:17)) is not found
2021-10-31 01:04:29,347 [grpc-default-executor-2] INFO  server.RaftServer$Division (RaftServerImpl.java:checkInconsistentAppendEntries(1288)) - omNode-1@group-523986131536: inconsistency entries. Reply:omNode-2<-omNode-1#3709:FAIL-t4,INCONSISTENCY,nextIndex=12,followerCommit=11
2021-10-31 01:04:29,347 [grpc-default-executor-2] INFO  leader.FollowerInfo (FollowerInfoImpl.java:lambda$new$0(47)) - omNode-2@group-523986131536->omNode-1: nextIndex: updateUnconditionally 18 -> 12
2021-10-31 01:04:29,850 [grpc-default-executor-2] INFO  server.RaftServer$Division (RaftServerImpl.java:checkInconsistentAppendEntries(1322)) - omNode-1@group-523986131536: Failed appendEntries as previous log entry ((t:4, i:17)) is not found
2021-10-31 01:04:29,850 [grpc-default-executor-2] INFO  server.RaftServer$Division (RaftServerImpl.java:checkInconsistentAppendEntries(1288)) - omNode-1@group-523986131536: inconsistency entries. Reply:omNode-2<-omNode-1#3760:FAIL-t4,INCONSISTENCY,nextIndex=12,followerCommit=11
2021-10-31 01:04:29,851 [grpc-default-executor-2] INFO  leader.FollowerInfo (FollowerInfoImpl.java:lambda$new$0(47)) - omNode-2@group-523986131536->omNode-1: nextIndex: updateUnconditionally 18 -> 12
2021-10-31 01:04:30,353 [grpc-default-executor-2] INFO  server.RaftServer$Division (RaftServerImpl.java:checkInconsistentAppendEntries(1322)) - omNode-1@group-523986131536: Failed appendEntries as previous log entry ((t:4, i:17)) is not found
2021-10-31 01:04:30,353 [grpc-default-executor-2] INFO  server.RaftServer$Division (RaftServerImpl.java:checkInconsistentAppendEntries(1288)) - omNode-1@group-523986131536: inconsistency entries. Reply:omNode-2<-omNode-1#3811:FAIL-t4,INCONSISTENCY,nextIndex=12,followerCommit=11
2021-10-31 01:04:30,354 [grpc-default-executor-2] INFO  leader.FollowerInfo (FollowerInfoImpl.java:lambda$new$0(47)) - omNode-2@group-523986131536->omNode-1: nextIndex: updateUnconditionally 18 -> 12
2021-10-31 01:04:30,856 [grpc-default-executor-4] INFO  server.RaftServer$Division (RaftServerImpl.java:checkInconsistentAppendEntries(1322)) - omNode-1@group-523986131536: Failed appendEntries as previous log entry ((t:4, i:17)) is not found
2021-10-31 01:04:30,856 [grpc-default-executor-4] INFO  server.RaftServer$Division (RaftServerImpl.java:checkInconsistentAppendEntries(1288)) - omNode-1@group-523986131536: inconsistency entries. Reply:omNode-2<-omNode-1#3862:FAIL-t4,INCONSISTENCY,nextIndex=12,followerCommit=11
2021-10-31 01:04:30,857 [grpc-default-executor-4] INFO  leader.FollowerInfo (FollowerInfoImpl.java:lambda$new$0(47)) - omNode-2@group-523986131536->omNode-1: nextIndex: updateUnconditionally 18 -> 12
2021-10-31 01:04:31,360 [grpc-default-executor-4] INFO  server.RaftServer$Division (RaftServerImpl.java:checkInconsistentAppendEntries(1322)) - omNode-1@group-523986131536: Failed appendEntries as previous log entry ((t:4, i:17)) is not found
2021-10-31 01:04:31,360 [grpc-default-executor-4] INFO  server.RaftServer$Division (RaftServerImpl.java:checkInconsistentAppendEntries(1288)) - omNode-1@group-523986131536: inconsistency entries. Reply:omNode-2<-omNode-1#3913:FAIL-t4,INCONSISTENCY,nextIndex=12,followerCommit=11
2021-10-31 01:04:31,361 [grpc-default-executor-4] INFO  leader.FollowerInfo (FollowerInfoImpl.java:lambda$new$0(47)) - omNode-2@group-523986131536->omNode-1: nextIndex: updateUnconditionally 18 -> 12
2021-10-31 01:04:31,863 [grpc-default-executor-4] INFO  server.RaftServer$Division (RaftServerImpl.java:checkInconsistentAppendEntries(1322)) - omNode-1@group-523986131536: Failed appendEntries as previous log entry ((t:4, i:17)) is not found
2021-10-31 01:04:31,863 [grpc-default-executor-4] INFO  server.RaftServer$Division (RaftServerImpl.java:checkInconsistentAppendEntries(1288)) - omNode-1@group-523986131536: inconsistency entries. Reply:omNode-2<-omNode-1#3964:FAIL-t4,INCONSISTENCY,nextIndex=12,followerCommit=11
2021-10-31 01:04:31,864 [grpc-default-executor-2] INFO  leader.FollowerInfo (FollowerInfoImpl.java:lambda$new$0(47)) - omNode-2@group-523986131536->omNode-1: nextIndex: updateUnconditionally 18 -> 12
2021-10-31 01:04:32,366 [grpc-default-executor-4] INFO  server.RaftServer$Division (RaftServerImpl.java:checkInconsistentAppendEntries(1322)) - omNode-1@group-523986131536: Failed appendEntries as previous log entry ((t:4, i:17)) is not found
2021-10-31 01:04:32,367 [grpc-default-executor-4] INFO  server.RaftServer$Division (RaftServerImpl.java:checkInconsistentAppendEntries(1288)) - omNode-1@group-523986131536: inconsistency entries. Reply:omNode-2<-omNode-1#4015:FAIL-t4,INCONSISTENCY,nextIndex=12,followerCommit=11
2021-10-31 01:04:32,367 [grpc-default-executor-4] INFO  leader.FollowerInfo (FollowerInfoImpl.java:lambda$new$0(47)) - omNode-2@group-523986131536->omNode-1: nextIndex: updateUnconditionally 18 -> 12
2021-10-31 01:04:32,869 [grpc-default-executor-2] INFO  server.RaftServer$Division (RaftServerImpl.java:checkInconsistentAppendEntries(1322)) - omNode-1@group-523986131536: Failed appendEntries as previous log entry ((t:4, i:17)) is not found
2021-10-31 01:04:32,869 [grpc-default-executor-2] INFO  server.RaftServer$Division (RaftServerImpl.java:checkInconsistentAppendEntries(1288)) - omNode-1@group-523986131536: inconsistency entries. Reply:omNode-2<-omNode-1#4066:FAIL-t4,INCONSISTENCY,nextIndex=12,followerCommit=11
2021-10-31 01:04:32,870 [grpc-default-executor-2] INFO  leader.FollowerInfo (FollowerInfoImpl.java:lambda$new$0(47)) - omNode-2@group-523986131536->omNode-1: nextIndex: updateUnconditionally 18 -> 12
2021-10-31 01:04:33,371 [grpc-default-executor-2] INFO  server.RaftServer$Division (RaftServerImpl.java:checkInconsistentAppendEntries(1322)) - omNode-1@group-523986131536: Failed appendEntries as previous log entry ((t:4, i:17)) is not found
2021-10-31 01:04:33,372 [grpc-default-executor-2] INFO  server.RaftServer$Division (RaftServerImpl.java:checkInconsistentAppendEntries(1288)) - omNode-1@group-523986131536: inconsistency entries. Reply:omNode-2<-omNode-1#4117:FAIL-t4,INCONSISTENCY,nextIndex=12,followerCommit=11
2021-10-31 01:04:33,372 [grpc-default-executor-4] INFO  leader.FollowerInfo (FollowerInfoImpl.java:lambda$new$0(47)) - omNode-2@group-523986131536->omNode-1: nextIndex: updateUnconditionally 18 -> 12
2021-10-31 01:04:33,874 [grpc-default-executor-2] INFO  server.RaftServer$Division (RaftServerImpl.java:checkInconsistentAppendEntries(1322)) - omNode-1@group-523986131536: Failed appendEntries as previous log entry ((t:4, i:17)) is not found
2021-10-31 01:04:33,874 [grpc-default-executor-2] INFO  server.RaftServer$Division (RaftServerImpl.java:checkInconsistentAppendEntries(1288)) - omNode-1@group-523986131536: inconsistency entries. Reply:omNode-2<-omNode-1#4168:FAIL-t4,INCONSISTENCY,nextIndex=12,followerCommit=11
2021-10-31 01:04:33,875 [grpc-default-executor-2] INFO  leader.FollowerInfo (FollowerInfoImpl.java:lambda$new$0(47)) - omNode-2@group-523986131536->omNode-1: nextIndex: updateUnconditionally 18 -> 12
2021-10-31 01:04:34,376 [grpc-default-executor-4] INFO  server.RaftServer$Division (RaftServerImpl.java:checkInconsistentAppendEntries(1322)) - omNode-1@group-523986131536: Failed appendEntries as previous log entry ((t:4, i:17)) is not found
2021-10-31 01:04:34,377 [grpc-default-executor-4] INFO  server.RaftServer$Division (RaftServerImpl.java:checkInconsistentAppendEntries(1288)) - omNode-1@group-523986131536: inconsistency entries. Reply:omNode-2<-omNode-1#4219:FAIL-t4,INCONSISTENCY,nextIndex=12,followerCommit=11
2021-10-31 01:04:34,378 [grpc-default-executor-4] INFO  leader.FollowerInfo (FollowerInfoImpl.java:lambda$new$0(47)) - omNode-2@group-523986131536->omNode-1: nextIndex: updateUnconditionally 18 -> 12
2021-10-31 01:04:34,880 [grpc-default-executor-2] INFO  server.RaftServer$Division (RaftServerImpl.java:checkInconsistentAppendEntries(1322)) - omNode-1@group-523986131536: Failed appendEntries as previous log entry ((t:4, i:17)) is not found
2021-10-31 01:04:34,880 [grpc-default-executor-2] INFO  server.RaftServer$Division (RaftServerImpl.java:checkInconsistentAppendEntries(1288)) - omNode-1@group-523986131536: inconsistency entries. Reply:omNode-2<-omNode-1#4270:FAIL-t4,INCONSISTENCY,nextIndex=12,followerCommit=11
2021-10-31 01:04:34,881 [grpc-default-executor-4] INFO  leader.FollowerInfo (FollowerInfoImpl.java:lambda$new$0(47)) - omNode-2@group-523986131536->omNode-1: nextIndex: updateUnconditionally 18 -> 12
2021-10-31 01:04:35,382 [grpc-default-executor-2] INFO  server.RaftServer$Division (RaftServerImpl.java:checkInconsistentAppendEntries(1322)) - omNode-1@group-523986131536: Failed appendEntries as previous log entry ((t:4, i:17)) is not found
2021-10-31 01:04:35,382 [grpc-default-executor-2] INFO  server.RaftServer$Division (RaftServerImpl.java:checkInconsistentAppendEntries(1288)) - omNode-1@group-523986131536: inconsistency entries. Reply:omNode-2<-omNode-1#4321:FAIL-t4,INCONSISTENCY,nextIndex=12,followerCommit=11
2021-10-31 01:04:35,384 [grpc-default-executor-2] INFO  leader.FollowerInfo (FollowerInfoImpl.java:lambda$new$0(47)) - omNode-2@group-523986131536->omNode-1: nextIndex: updateUnconditionally 18 -> 12
2021-10-31 01:04:35,885 [grpc-default-executor-2] INFO  server.RaftServer$Division (RaftServerImpl.java:checkInconsistentAppendEntries(1322)) - omNode-1@group-523986131536: Failed appendEntries as previous log entry ((t:4, i:17)) is not found
2021-10-31 01:04:35,885 [grpc-default-executor-2] INFO  server.RaftServer$Division (RaftServerImpl.java:checkInconsistentAppendEntries(1288)) - omNode-1@group-523986131536: inconsistency entries. Reply:omNode-2<-omNode-1#4372:FAIL-t4,INCONSISTENCY,nextIndex=12,followerCommit=11
2021-10-31 01:04:35,886 [grpc-default-executor-2] INFO  leader.FollowerInfo (FollowerInfoImpl.java:lambda$new$0(47)) - omNode-2@group-523986131536->omNode-1: nextIndex: updateUnconditionally 18 -> 12
2021-10-31 01:04:36,388 [grpc-default-executor-2] INFO  server.RaftServer$Division (RaftServerImpl.java:checkInconsistentAppendEntries(1322)) - omNode-1@group-523986131536: Failed appendEntries as previous log entry ((t:4, i:17)) is not found
2021-10-31 01:04:36,388 [grpc-default-executor-2] INFO  server.RaftServer$Division (RaftServerImpl.java:checkInconsistentAppendEntries(1288)) - omNode-1@group-523986131536: inconsistency entries. Reply:omNode-2<-omNode-1#4423:FAIL-t4,INCONSISTENCY,nextIndex=12,followerCommit=11
2021-10-31 01:04:36,389 [grpc-default-executor-2] INFO  leader.FollowerInfo (FollowerInfoImpl.java:lambda$new$0(47)) - omNode-2@group-523986131536->omNode-1: nextIndex: updateUnconditionally 18 -> 12
2021-10-31 01:04:36,890 [grpc-default-executor-2] INFO  server.RaftServer$Division (RaftServerImpl.java:checkInconsistentAppendEntries(1322)) - omNode-1@group-523986131536: Failed appendEntries as previous log entry ((t:4, i:17)) is not found
2021-10-31 01:04:36,890 [grpc-default-executor-2] INFO  server.RaftServer$Division (RaftServerImpl.java:checkInconsistentAppendEntries(1288)) - omNode-1@group-523986131536: inconsistency entries. Reply:omNode-2<-omNode-1#4474:FAIL-t4,INCONSISTENCY,nextIndex=12,followerCommit=11
2021-10-31 01:04:36,891 [grpc-default-executor-2] INFO  leader.FollowerInfo (FollowerInfoImpl.java:lambda$new$0(47)) - omNode-2@group-523986131536->omNode-1: nextIndex: updateUnconditionally 18 -> 12
2021-10-31 01:04:37,392 [grpc-default-executor-2] INFO  server.RaftServer$Division (RaftServerImpl.java:checkInconsistentAppendEntries(1322)) - omNode-1@group-523986131536: Failed appendEntries as previous log entry ((t:4, i:17)) is not found
2021-10-31 01:04:37,393 [grpc-default-executor-2] INFO  server.RaftServer$Division (RaftServerImpl.java:checkInconsistentAppendEntries(1288)) - omNode-1@group-523986131536: inconsistency entries. Reply:omNode-2<-omNode-1#4525:FAIL-t4,INCONSISTENCY,nextIndex=12,followerCommit=11
2021-10-31 01:04:37,393 [grpc-default-executor-4] INFO  leader.FollowerInfo (FollowerInfoImpl.java:lambda$new$0(47)) - omNode-2@group-523986131536->omNode-1: nextIndex: updateUnconditionally 18 -> 12
2021-10-31 01:04:37,895 [grpc-default-executor-2] INFO  server.RaftServer$Division (RaftServerImpl.java:checkInconsistentAppendEntries(1322)) - omNode-1@group-523986131536: Failed appendEntries as previous log entry ((t:4, i:17)) is not found
2021-10-31 01:04:37,895 [grpc-default-executor-2] INFO  server.RaftServer$Division (RaftServerImpl.java:checkInconsistentAppendEntries(1288)) - omNode-1@group-523986131536: inconsistency entries. Reply:omNode-2<-omNode-1#4576:FAIL-t4,INCONSISTENCY,nextIndex=12,followerCommit=11
2021-10-31 01:04:37,896 [grpc-default-executor-2] INFO  leader.FollowerInfo (FollowerInfoImpl.java:lambda$new$0(47)) - omNode-2@group-523986131536->omNode-1: nextIndex: updateUnconditionally 18 -> 12
2021-10-31 01:04:38,398 [grpc-default-executor-2] INFO  server.RaftServer$Division (RaftServerImpl.java:checkInconsistentAppendEntries(1322)) - omNode-1@group-523986131536: Failed appendEntries as previous log entry ((t:4, i:17)) is not found
2021-10-31 01:04:38,399 [grpc-default-executor-2] INFO  server.RaftServer$Division (RaftServerImpl.java:checkInconsistentAppendEntries(1288)) - omNode-1@group-523986131536: inconsistency entries. Reply:omNode-2<-omNode-1#4627:FAIL-t4,INCONSISTENCY,nextIndex=12,followerCommit=11
2021-10-31 01:04:38,399 [grpc-default-executor-4] INFO  leader.FollowerInfo (FollowerInfoImpl.java:lambda$new$0(47)) - omNode-2@group-523986131536->omNode-1: nextIndex: updateUnconditionally 18 -> 12
2021-10-31 01:04:38,901 [grpc-default-executor-4] INFO  server.RaftServer$Division (RaftServerImpl.java:checkInconsistentAppendEntries(1322)) - omNode-1@group-523986131536: Failed appendEntries as previous log entry ((t:4, i:17)) is not found
2021-10-31 01:04:38,902 [grpc-default-executor-4] INFO  server.RaftServer$Division (RaftServerImpl.java:checkInconsistentAppendEntries(1288)) - omNode-1@group-523986131536: inconsistency entries. Reply:omNode-2<-omNode-1#4678:FAIL-t4,INCONSISTENCY,nextIndex=12,followerCommit=11
2021-10-31 01:04:38,902 [grpc-default-executor-4] INFO  leader.FollowerInfo (FollowerInfoImpl.java:lambda$new$0(47)) - omNode-2@group-523986131536->omNode-1: nextIndex: updateUnconditionally 18 -> 12
2021-10-31 01:04:39,403 [grpc-default-executor-4] INFO  server.RaftServer$Division (RaftServerImpl.java:checkInconsistentAppendEntries(1322)) - omNode-1@group-523986131536: Failed appendEntries as previous log entry ((t:4, i:17)) is not found
2021-10-31 01:04:39,404 [grpc-default-executor-4] INFO  server.RaftServer$Division (RaftServerImpl.java:checkInconsistentAppendEntries(1288)) - omNode-1@group-523986131536: inconsistency entries. Reply:omNode-2<-omNode-1#4729:FAIL-t4,INCONSISTENCY,nextIndex=12,followerCommit=11
2021-10-31 01:04:39,405 [grpc-default-executor-4] INFO  leader.FollowerInfo (FollowerInfoImpl.java:lambda$new$0(47)) - omNode-2@group-523986131536->omNode-1: nextIndex: updateUnconditionally 18 -> 12
2021-10-31 01:04:39,907 [grpc-default-executor-2] INFO  server.RaftServer$Division (RaftServerImpl.java:checkInconsistentAppendEntries(1322)) - omNode-1@group-523986131536: Failed appendEntries as previous log entry ((t:4, i:17)) is not found
2021-10-31 01:04:39,907 [grpc-default-executor-2] INFO  server.RaftServer$Division (RaftServerImpl.java:checkInconsistentAppendEntries(1288)) - omNode-1@group-523986131536: inconsistency entries. Reply:omNode-2<-omNode-1#4780:FAIL-t4,INCONSISTENCY,nextIndex=12,followerCommit=11
2021-10-31 01:04:39,908 [grpc-default-executor-4] INFO  leader.FollowerInfo (FollowerInfoImpl.java:lambda$new$0(47)) - omNode-2@group-523986131536->omNode-1: nextIndex: updateUnconditionally 18 -> 12
2021-10-31 01:04:40,409 [grpc-default-executor-2] INFO  server.RaftServer$Division (RaftServerImpl.java:checkInconsistentAppendEntries(1322)) - omNode-1@group-523986131536: Failed appendEntries as previous log entry ((t:4, i:17)) is not found
2021-10-31 01:04:40,409 [grpc-default-executor-2] INFO  server.RaftServer$Division (RaftServerImpl.java:checkInconsistentAppendEntries(1288)) - omNode-1@group-523986131536: inconsistency entries. Reply:omNode-2<-omNode-1#4831:FAIL-t4,INCONSISTENCY,nextIndex=12,followerCommit=11
2021-10-31 01:04:40,410 [grpc-default-executor-2] INFO  leader.FollowerInfo (FollowerInfoImpl.java:lambda$new$0(47)) - omNode-2@group-523986131536->omNode-1: nextIndex: updateUnconditionally 18 -> 12
2021-10-31 01:04:40,912 [grpc-default-executor-4] INFO  server.RaftServer$Division (RaftServerImpl.java:checkInconsistentAppendEntries(1322)) - omNode-1@group-523986131536: Failed appendEntries as previous log entry ((t:4, i:17)) is not found
2021-10-31 01:04:40,912 [grpc-default-executor-4] INFO  server.RaftServer$Division (RaftServerImpl.java:checkInconsistentAppendEntries(1288)) - omNode-1@group-523986131536: inconsistency entries. Reply:omNode-2<-omNode-1#4882:FAIL-t4,INCONSISTENCY,nextIndex=12,followerCommit=11
2021-10-31 01:04:40,913 [grpc-default-executor-4] INFO  leader.FollowerInfo (FollowerInfoImpl.java:lambda$new$0(47)) - omNode-2@group-523986131536->omNode-1: nextIndex: updateUnconditionally 18 -> 12
2021-10-31 01:04:41,416 [grpc-default-executor-4] INFO  server.RaftServer$Division (RaftServerImpl.java:checkInconsistentAppendEntries(1322)) - omNode-1@group-523986131536: Failed appendEntries as previous log entry ((t:4, i:17)) is not found
2021-10-31 01:04:41,416 [grpc-default-executor-4] INFO  server.RaftServer$Division (RaftServerImpl.java:checkInconsistentAppendEntries(1288)) - omNode-1@group-523986131536: inconsistency entries. Reply:omNode-2<-omNode-1#4933:FAIL-t4,INCONSISTENCY,nextIndex=12,followerCommit=11
2021-10-31 01:04:41,416 [grpc-default-executor-4] INFO  leader.FollowerInfo (FollowerInfoImpl.java:lambda$new$0(47)) - omNode-2@group-523986131536->omNode-1: nextIndex: updateUnconditionally 18 -> 12
2021-10-31 01:04:41,922 [grpc-default-executor-4] INFO  server.RaftServer$Division (RaftServerImpl.java:checkInconsistentAppendEntries(1322)) - omNode-1@group-523986131536: Failed appendEntries as previous log entry ((t:4, i:17)) is not found
2021-10-31 01:04:41,922 [grpc-default-executor-4] INFO  server.RaftServer$Division (RaftServerImpl.java:checkInconsistentAppendEntries(1288)) - omNode-1@group-523986131536: inconsistency entries. Reply:omNode-2<-omNode-1#4984:FAIL-t4,INCONSISTENCY,nextIndex=12,followerCommit=11
2021-10-31 01:04:41,922 [grpc-default-executor-4] INFO  leader.FollowerInfo (FollowerInfoImpl.java:lambda$new$0(47)) - omNode-2@group-523986131536->omNode-1: nextIndex: updateUnconditionally 18 -> 12
2021-10-31 01:04:42,424 [grpc-default-executor-4] INFO  server.RaftServer$Division (RaftServerImpl.java:checkInconsistentAppendEntries(1322)) - omNode-1@group-523986131536: Failed appendEntries as previous log entry ((t:4, i:17)) is not found
2021-10-31 01:04:42,424 [grpc-default-executor-4] INFO  server.RaftServer$Division (RaftServerImpl.java:checkInconsistentAppendEntries(1288)) - omNode-1@group-523986131536: inconsistency entries. Reply:omNode-2<-omNode-1#5035:FAIL-t4,INCONSISTENCY,nextIndex=12,followerCommit=11
2021-10-31 01:04:42,424 [grpc-default-executor-4] INFO  leader.FollowerInfo (FollowerInfoImpl.java:lambda$new$0(47)) - omNode-2@group-523986131536->omNode-1: nextIndex: updateUnconditionally 18 -> 12
2021-10-31 01:04:42,925 [grpc-default-executor-4] INFO  server.RaftServer$Division (RaftServerImpl.java:checkInconsistentAppendEntries(1322)) - omNode-1@group-523986131536: Failed appendEntries as previous log entry ((t:4, i:17)) is not found
2021-10-31 01:04:42,926 [grpc-default-executor-4] INFO  server.RaftServer$Division (RaftServerImpl.java:checkInconsistentAppendEntries(1288)) - omNode-1@group-523986131536: inconsistency entries. Reply:omNode-2<-omNode-1#5086:FAIL-t4,INCONSISTENCY,nextIndex=12,followerCommit=11
2021-10-31 01:04:42,926 [grpc-default-executor-4] INFO  leader.FollowerInfo (FollowerInfoImpl.java:lambda$new$0(47)) - omNode-2@group-523986131536->omNode-1: nextIndex: updateUnconditionally 18 -> 12
2021-10-31 01:04:43,427 [grpc-default-executor-4] INFO  server.RaftServer$Division (RaftServerImpl.java:checkInconsistentAppendEntries(1322)) - omNode-1@group-523986131536: Failed appendEntries as previous log entry ((t:4, i:17)) is not found
2021-10-31 01:04:43,427 [grpc-default-executor-4] INFO  server.RaftServer$Division (RaftServerImpl.java:checkInconsistentAppendEntries(1288)) - omNode-1@group-523986131536: inconsistency entries. Reply:omNode-2<-omNode-1#5137:FAIL-t4,INCONSISTENCY,nextIndex=12,followerCommit=11
2021-10-31 01:04:43,428 [grpc-default-executor-4] INFO  leader.FollowerInfo (FollowerInfoImpl.java:lambda$new$0(47)) - omNode-2@group-523986131536->omNode-1: nextIndex: updateUnconditionally 18 -> 12
2021-10-31 01:04:43,929 [grpc-default-executor-4] INFO  server.RaftServer$Division (RaftServerImpl.java:checkInconsistentAppendEntries(1322)) - omNode-1@group-523986131536: Failed appendEntries as previous log entry ((t:4, i:17)) is not found
2021-10-31 01:04:43,930 [grpc-default-executor-4] INFO  server.RaftServer$Division (RaftServerImpl.java:checkInconsistentAppendEntries(1288)) - omNode-1@group-523986131536: inconsistency entries. Reply:omNode-2<-omNode-1#5188:FAIL-t4,INCONSISTENCY,nextIndex=12,followerCommit=11
2021-10-31 01:04:43,930 [grpc-default-executor-4] INFO  leader.FollowerInfo (FollowerInfoImpl.java:lambda$new$0(47)) - omNode-2@group-523986131536->omNode-1: nextIndex: updateUnconditionally 18 -> 12
2021-10-31 01:04:44,431 [grpc-default-executor-4] INFO  server.RaftServer$Division (RaftServerImpl.java:checkInconsistentAppendEntries(1322)) - omNode-1@group-523986131536: Failed appendEntries as previous log entry ((t:4, i:17)) is not found
2021-10-31 01:04:44,432 [grpc-default-executor-4] INFO  server.RaftServer$Division (RaftServerImpl.java:checkInconsistentAppendEntries(1288)) - omNode-1@group-523986131536: inconsistency entries. Reply:omNode-2<-omNode-1#5238:FAIL-t4,INCONSISTENCY,nextIndex=12,followerCommit=11
2021-10-31 01:04:44,432 [grpc-default-executor-4] INFO  leader.FollowerInfo (FollowerInfoImpl.java:lambda$new$0(47)) - omNode-2@group-523986131536->omNode-1: nextIndex: updateUnconditionally 18 -> 12
2021-10-31 01:04:44,933 [grpc-default-executor-4] INFO  server.RaftServer$Division (RaftServerImpl.java:checkInconsistentAppendEntries(1322)) - omNode-1@group-523986131536: Failed appendEntries as previous log entry ((t:4, i:17)) is not found
2021-10-31 01:04:44,934 [grpc-default-executor-4] INFO  server.RaftServer$Division (RaftServerImpl.java:checkInconsistentAppendEntries(1288)) - omNode-1@group-523986131536: inconsistency entries. Reply:omNode-2<-omNode-1#5289:FAIL-t4,INCONSISTENCY,nextIndex=12,followerCommit=11
2021-10-31 01:04:44,935 [grpc-default-executor-4] INFO  leader.FollowerInfo (FollowerInfoImpl.java:lambda$new$0(47)) - omNode-2@group-523986131536->omNode-1: nextIndex: updateUnconditionally 18 -> 12
2021-10-31 01:04:45,436 [grpc-default-executor-4] INFO  server.RaftServer$Division (RaftServerImpl.java:checkInconsistentAppendEntries(1322)) - omNode-1@group-523986131536: Failed appendEntries as previous log entry ((t:4, i:17)) is not found
2021-10-31 01:04:45,436 [grpc-default-executor-4] INFO  server.RaftServer$Division (RaftServerImpl.java:checkInconsistentAppendEntries(1288)) - omNode-1@group-523986131536: inconsistency entries. Reply:omNode-2<-omNode-1#5340:FAIL-t4,INCONSISTENCY,nextIndex=12,followerCommit=11
2021-10-31 01:04:45,437 [grpc-default-executor-4] INFO  leader.FollowerInfo (FollowerInfoImpl.java:lambda$new$0(47)) - omNode-2@group-523986131536->omNode-1: nextIndex: updateUnconditionally 18 -> 12
2021-10-31 01:04:45,938 [grpc-default-executor-4] INFO  server.RaftServer$Division (RaftServerImpl.java:checkInconsistentAppendEntries(1322)) - omNode-1@group-523986131536: Failed appendEntries as previous log entry ((t:4, i:17)) is not found
2021-10-31 01:04:45,938 [grpc-default-executor-4] INFO  server.RaftServer$Division (RaftServerImpl.java:checkInconsistentAppendEntries(1288)) - omNode-1@group-523986131536: inconsistency entries. Reply:omNode-2<-omNode-1#5391:FAIL-t4,INCONSISTENCY,nextIndex=12,followerCommit=11
2021-10-31 01:04:45,939 [grpc-default-executor-4] INFO  leader.FollowerInfo (FollowerInfoImpl.java:lambda$new$0(47)) - omNode-2@group-523986131536->omNode-1: nextIndex: updateUnconditionally 18 -> 12
2021-10-31 01:04:46,441 [grpc-default-executor-4] INFO  server.RaftServer$Division (RaftServerImpl.java:checkInconsistentAppendEntries(1322)) - omNode-1@group-523986131536: Failed appendEntries as previous log entry ((t:4, i:17)) is not found
2021-10-31 01:04:46,441 [grpc-default-executor-4] INFO  server.RaftServer$Division (RaftServerImpl.java:checkInconsistentAppendEntries(1288)) - omNode-1@group-523986131536: inconsistency entries. Reply:omNode-2<-omNode-1#5442:FAIL-t4,INCONSISTENCY,nextIndex=12,followerCommit=11
2021-10-31 01:04:46,441 [grpc-default-executor-4] INFO  leader.FollowerInfo (FollowerInfoImpl.java:lambda$new$0(47)) - omNode-2@group-523986131536->omNode-1: nextIndex: updateUnconditionally 18 -> 12
2021-10-31 01:04:46,943 [grpc-default-executor-2] INFO  server.RaftServer$Division (RaftServerImpl.java:checkInconsistentAppendEntries(1322)) - omNode-1@group-523986131536: Failed appendEntries as previous log entry ((t:4, i:17)) is not found
2021-10-31 01:04:46,944 [grpc-default-executor-2] INFO  server.RaftServer$Division (RaftServerImpl.java:checkInconsistentAppendEntries(1288)) - omNode-1@group-523986131536: inconsistency entries. Reply:omNode-2<-omNode-1#5493:FAIL-t4,INCONSISTENCY,nextIndex=12,followerCommit=11
2021-10-31 01:04:46,944 [grpc-default-executor-2] INFO  leader.FollowerInfo (FollowerInfoImpl.java:lambda$new$0(47)) - omNode-2@group-523986131536->omNode-1: nextIndex: updateUnconditionally 18 -> 12
2021-10-31 01:04:47,445 [grpc-default-executor-2] INFO  server.RaftServer$Division (RaftServerImpl.java:checkInconsistentAppendEntries(1322)) - omNode-1@group-523986131536: Failed appendEntries as previous log entry ((t:4, i:17)) is not found
2021-10-31 01:04:47,445 [grpc-default-executor-2] INFO  server.RaftServer$Division (RaftServerImpl.java:checkInconsistentAppendEntries(1288)) - omNode-1@group-523986131536: inconsistency entries. Reply:omNode-2<-omNode-1#5544:FAIL-t4,INCONSISTENCY,nextIndex=12,followerCommit=11
2021-10-31 01:04:47,446 [grpc-default-executor-2] INFO  leader.FollowerInfo (FollowerInfoImpl.java:lambda$new$0(47)) - omNode-2@group-523986131536->omNode-1: nextIndex: updateUnconditionally 18 -> 12
2021-10-31 01:04:47,947 [grpc-default-executor-2] INFO  server.RaftServer$Division (RaftServerImpl.java:checkInconsistentAppendEntries(1322)) - omNode-1@group-523986131536: Failed appendEntries as previous log entry ((t:4, i:17)) is not found
2021-10-31 01:04:47,947 [grpc-default-executor-2] INFO  server.RaftServer$Division (RaftServerImpl.java:checkInconsistentAppendEntries(1288)) - omNode-1@group-523986131536: inconsistency entries. Reply:omNode-2<-omNode-1#5595:FAIL-t4,INCONSISTENCY,nextIndex=12,followerCommit=11
2021-10-31 01:04:47,948 [grpc-default-executor-2] INFO  leader.FollowerInfo (FollowerInfoImpl.java:lambda$new$0(47)) - omNode-2@group-523986131536->omNode-1: nextIndex: updateUnconditionally 18 -> 12
2021-10-31 01:04:48,449 [grpc-default-executor-2] INFO  server.RaftServer$Division (RaftServerImpl.java:checkInconsistentAppendEntries(1322)) - omNode-1@group-523986131536: Failed appendEntries as previous log entry ((t:4, i:17)) is not found
2021-10-31 01:04:48,449 [grpc-default-executor-2] INFO  server.RaftServer$Division (RaftServerImpl.java:checkInconsistentAppendEntries(1288)) - omNode-1@group-523986131536: inconsistency entries. Reply:omNode-2<-omNode-1#5646:FAIL-t4,INCONSISTENCY,nextIndex=12,followerCommit=11
2021-10-31 01:04:48,450 [grpc-default-executor-2] INFO  leader.FollowerInfo (FollowerInfoImpl.java:lambda$new$0(47)) - omNode-2@group-523986131536->omNode-1: nextIndex: updateUnconditionally 18 -> 12
2021-10-31 01:04:48,952 [grpc-default-executor-2] INFO  server.RaftServer$Division (RaftServerImpl.java:checkInconsistentAppendEntries(1322)) - omNode-1@group-523986131536: Failed appendEntries as previous log entry ((t:4, i:17)) is not found
2021-10-31 01:04:48,952 [grpc-default-executor-2] INFO  server.RaftServer$Division (RaftServerImpl.java:checkInconsistentAppendEntries(1288)) - omNode-1@group-523986131536: inconsistency entries. Reply:omNode-2<-omNode-1#5697:FAIL-t4,INCONSISTENCY,nextIndex=12,followerCommit=11
2021-10-31 01:04:48,953 [grpc-default-executor-2] INFO  leader.FollowerInfo (FollowerInfoImpl.java:lambda$new$0(47)) - omNode-2@group-523986131536->omNode-1: nextIndex: updateUnconditionally 18 -> 12
2021-10-31 01:04:49,454 [grpc-default-executor-4] INFO  server.RaftServer$Division (RaftServerImpl.java:checkInconsistentAppendEntries(1322)) - omNode-1@group-523986131536: Failed appendEntries as previous log entry ((t:4, i:17)) is not found
2021-10-31 01:04:49,454 [grpc-default-executor-4] INFO  server.RaftServer$Division (RaftServerImpl.java:checkInconsistentAppendEntries(1288)) - omNode-1@group-523986131536: inconsistency entries. Reply:omNode-2<-omNode-1#5748:FAIL-t4,INCONSISTENCY,nextIndex=12,followerCommit=11
2021-10-31 01:04:49,455 [grpc-default-executor-4] INFO  leader.FollowerInfo (FollowerInfoImpl.java:lambda$new$0(47)) - omNode-2@group-523986131536->omNode-1: nextIndex: updateUnconditionally 18 -> 12
2021-10-31 01:04:49,956 [grpc-default-executor-2] INFO  server.RaftServer$Division (RaftServerImpl.java:checkInconsistentAppendEntries(1322)) - omNode-1@group-523986131536: Failed appendEntries as previous log entry ((t:4, i:17)) is not found
2021-10-31 01:04:49,957 [grpc-default-executor-2] INFO  server.RaftServer$Division (RaftServerImpl.java:checkInconsistentAppendEntries(1288)) - omNode-1@group-523986131536: inconsistency entries. Reply:omNode-2<-omNode-1#5799:FAIL-t4,INCONSISTENCY,nextIndex=12,followerCommit=11
2021-10-31 01:04:49,957 [grpc-default-executor-4] INFO  leader.FollowerInfo (FollowerInfoImpl.java:lambda$new$0(47)) - omNode-2@group-523986131536->omNode-1: nextIndex: updateUnconditionally 18 -> 12
2021-10-31 01:04:50,461 [grpc-default-executor-2] INFO  server.RaftServer$Division (RaftServerImpl.java:checkInconsistentAppendEntries(1322)) - omNode-1@group-523986131536: Failed appendEntries as previous log entry ((t:4, i:17)) is not found
2021-10-31 01:04:50,461 [grpc-default-executor-2] INFO  server.RaftServer$Division (RaftServerImpl.java:checkInconsistentAppendEntries(1288)) - omNode-1@group-523986131536: inconsistency entries. Reply:omNode-2<-omNode-1#5850:FAIL-t4,INCONSISTENCY,nextIndex=12,followerCommit=11
2021-10-31 01:04:50,461 [grpc-default-executor-2] INFO  leader.FollowerInfo (FollowerInfoImpl.java:lambda$new$0(47)) - omNode-2@group-523986131536->omNode-1: nextIndex: updateUnconditionally 18 -> 12
2021-10-31 01:04:50,963 [grpc-default-executor-4] INFO  server.RaftServer$Division (RaftServerImpl.java:checkInconsistentAppendEntries(1322)) - omNode-1@group-523986131536: Failed appendEntries as previous log entry ((t:4, i:17)) is not found
2021-10-31 01:04:50,963 [grpc-default-executor-4] INFO  server.RaftServer$Division (RaftServerImpl.java:checkInconsistentAppendEntries(1288)) - omNode-1@group-523986131536: inconsistency entries. Reply:omNode-2<-omNode-1#5901:FAIL-t4,INCONSISTENCY,nextIndex=12,followerCommit=11
2021-10-31 01:04:50,964 [grpc-default-executor-4] INFO  leader.FollowerInfo (FollowerInfoImpl.java:lambda$new$0(47)) - omNode-2@group-523986131536->omNode-1: nextIndex: updateUnconditionally 18 -> 12
2021-10-31 01:04:51,466 [grpc-default-executor-4] INFO  server.RaftServer$Division (RaftServerImpl.java:checkInconsistentAppendEntries(1322)) - omNode-1@group-523986131536: Failed appendEntries as previous log entry ((t:4, i:17)) is not found
2021-10-31 01:04:51,466 [grpc-default-executor-4] INFO  server.RaftServer$Division (RaftServerImpl.java:checkInconsistentAppendEntries(1288)) - omNode-1@group-523986131536: inconsistency entries. Reply:omNode-2<-omNode-1#5952:FAIL-t4,INCONSISTENCY,nextIndex=12,followerCommit=11
2021-10-31 01:04:51,466 [grpc-default-executor-4] INFO  leader.FollowerInfo (FollowerInfoImpl.java:lambda$new$0(47)) - omNode-2@group-523986131536->omNode-1: nextIndex: updateUnconditionally 18 -> 12
2021-10-31 01:04:51,968 [grpc-default-executor-4] INFO  server.RaftServer$Division (RaftServerImpl.java:checkInconsistentAppendEntries(1322)) - omNode-1@group-523986131536: Failed appendEntries as previous log entry ((t:4, i:17)) is not found
2021-10-31 01:04:51,969 [grpc-default-executor-4] INFO  server.RaftServer$Division (RaftServerImpl.java:checkInconsistentAppendEntries(1288)) - omNode-1@group-523986131536: inconsistency entries. Reply:omNode-2<-omNode-1#6003:FAIL-t4,INCONSISTENCY,nextIndex=12,followerCommit=11
2021-10-31 01:04:51,969 [grpc-default-executor-4] INFO  leader.FollowerInfo (FollowerInfoImpl.java:lambda$new$0(47)) - omNode-2@group-523986131536->omNode-1: nextIndex: updateUnconditionally 18 -> 12
2021-10-31 01:04:52,471 [grpc-default-executor-2] INFO  server.RaftServer$Division (RaftServerImpl.java:checkInconsistentAppendEntries(1322)) - omNode-1@group-523986131536: Failed appendEntries as previous log entry ((t:4, i:17)) is not found
2021-10-31 01:04:52,471 [grpc-default-executor-2] INFO  server.RaftServer$Division (RaftServerImpl.java:checkInconsistentAppendEntries(1288)) - omNode-1@group-523986131536: inconsistency entries. Reply:omNode-2<-omNode-1#6054:FAIL-t4,INCONSISTENCY,nextIndex=12,followerCommit=11
2021-10-31 01:04:52,472 [grpc-default-executor-4] INFO  leader.FollowerInfo (FollowerInfoImpl.java:lambda$new$0(47)) - omNode-2@group-523986131536->omNode-1: nextIndex: updateUnconditionally 18 -> 12
2021-10-31 01:04:52,974 [grpc-default-executor-4] INFO  server.RaftServer$Division (RaftServerImpl.java:checkInconsistentAppendEntries(1322)) - omNode-1@group-523986131536: Failed appendEntries as previous log entry ((t:4, i:17)) is not found
2021-10-31 01:04:52,974 [grpc-default-executor-4] INFO  server.RaftServer$Division (RaftServerImpl.java:checkInconsistentAppendEntries(1288)) - omNode-1@group-523986131536: inconsistency entries. Reply:omNode-2<-omNode-1#6105:FAIL-t4,INCONSISTENCY,nextIndex=12,followerCommit=11
2021-10-31 01:04:52,975 [grpc-default-executor-4] INFO  leader.FollowerInfo (FollowerInfoImpl.java:lambda$new$0(47)) - omNode-2@group-523986131536->omNode-1: nextIndex: updateUnconditionally 18 -> 12
2021-10-31 01:04:53,476 [grpc-default-executor-4] INFO  server.RaftServer$Division (RaftServerImpl.java:checkInconsistentAppendEntries(1322)) - omNode-1@group-523986131536: Failed appendEntries as previous log entry ((t:4, i:17)) is not found
2021-10-31 01:04:53,477 [grpc-default-executor-4] INFO  server.RaftServer$Division (RaftServerImpl.java:checkInconsistentAppendEntries(1288)) - omNode-1@group-523986131536: inconsistency entries. Reply:omNode-2<-omNode-1#6156:FAIL-t4,INCONSISTENCY,nextIndex=12,followerCommit=11
2021-10-31 01:04:53,477 [grpc-default-executor-4] INFO  leader.FollowerInfo (FollowerInfoImpl.java:lambda$new$0(47)) - omNode-2@group-523986131536->omNode-1: nextIndex: updateUnconditionally 18 -> 12
2021-10-31 01:04:53,978 [grpc-default-executor-2] INFO  server.RaftServer$Division (RaftServerImpl.java:checkInconsistentAppendEntries(1322)) - omNode-1@group-523986131536: Failed appendEntries as previous log entry ((t:4, i:17)) is not found
2021-10-31 01:04:53,979 [grpc-default-executor-2] INFO  server.RaftServer$Division (RaftServerImpl.java:checkInconsistentAppendEntries(1288)) - omNode-1@group-523986131536: inconsistency entries. Reply:omNode-2<-omNode-1#6207:FAIL-t4,INCONSISTENCY,nextIndex=12,followerCommit=11
2021-10-31 01:04:53,980 [grpc-default-executor-4] INFO  leader.FollowerInfo (FollowerInfoImpl.java:lambda$new$0(47)) - omNode-2@group-523986131536->omNode-1: nextIndex: updateUnconditionally 18 -> 12
2021-10-31 01:04:54,481 [grpc-default-executor-2] INFO  server.RaftServer$Division (RaftServerImpl.java:checkInconsistentAppendEntries(1322)) - omNode-1@group-523986131536: Failed appendEntries as previous log entry ((t:4, i:17)) is not found
2021-10-31 01:04:54,481 [grpc-default-executor-2] INFO  server.RaftServer$Division (RaftServerImpl.java:checkInconsistentAppendEntries(1288)) - omNode-1@group-523986131536: inconsistency entries. Reply:omNode-2<-omNode-1#6258:FAIL-t4,INCONSISTENCY,nextIndex=12,followerCommit=11
2021-10-31 01:04:54,482 [grpc-default-executor-4] INFO  leader.FollowerInfo (FollowerInfoImpl.java:lambda$new$0(47)) - omNode-2@group-523986131536->omNode-1: nextIndex: updateUnconditionally 18 -> 12
2021-10-31 01:04:54,983 [grpc-default-executor-2] INFO  server.RaftServer$Division (RaftServerImpl.java:checkInconsistentAppendEntries(1322)) - omNode-1@group-523986131536: Failed appendEntries as previous log entry ((t:4, i:17)) is not found
2021-10-31 01:04:54,984 [grpc-default-executor-2] INFO  server.RaftServer$Division (RaftServerImpl.java:checkInconsistentAppendEntries(1288)) - omNode-1@group-523986131536: inconsistency entries. Reply:omNode-2<-omNode-1#6309:FAIL-t4,INCONSISTENCY,nextIndex=12,followerCommit=11
2021-10-31 01:04:54,984 [grpc-default-executor-2] INFO  leader.FollowerInfo (FollowerInfoImpl.java:lambda$new$0(47)) - omNode-2@group-523986131536->omNode-1: nextIndex: updateUnconditionally 18 -> 12
2021-10-31 01:04:55,485 [grpc-default-executor-4] INFO  server.RaftServer$Division (RaftServerImpl.java:checkInconsistentAppendEntries(1322)) - omNode-1@group-523986131536: Failed appendEntries as previous log entry ((t:4, i:17)) is not found
2021-10-31 01:04:55,486 [grpc-default-executor-4] INFO  server.RaftServer$Division (RaftServerImpl.java:checkInconsistentAppendEntries(1288)) - omNode-1@group-523986131536: inconsistency entries. Reply:omNode-2<-omNode-1#6360:FAIL-t4,INCONSISTENCY,nextIndex=12,followerCommit=11
2021-10-31 01:04:55,486 [grpc-default-executor-4] INFO  leader.FollowerInfo (FollowerInfoImpl.java:lambda$new$0(47)) - omNode-2@group-523986131536->omNode-1: nextIndex: updateUnconditionally 18 -> 12
2021-10-31 01:04:55,988 [grpc-default-executor-4] INFO  server.RaftServer$Division (RaftServerImpl.java:checkInconsistentAppendEntries(1322)) - omNode-1@group-523986131536: Failed appendEntries as previous log entry ((t:4, i:17)) is not found
2021-10-31 01:04:55,988 [grpc-default-executor-4] INFO  server.RaftServer$Division (RaftServerImpl.java:checkInconsistentAppendEntries(1288)) - omNode-1@group-523986131536: inconsistency entries. Reply:omNode-2<-omNode-1#6411:FAIL-t4,INCONSISTENCY,nextIndex=12,followerCommit=11
2021-10-31 01:04:55,988 [grpc-default-executor-4] INFO  leader.FollowerInfo (FollowerInfoImpl.java:lambda$new$0(47)) - omNode-2@group-523986131536->omNode-1: nextIndex: updateUnconditionally 18 -> 12
2021-10-31 01:04:56,490 [grpc-default-executor-2] INFO  server.RaftServer$Division (RaftServerImpl.java:checkInconsistentAppendEntries(1322)) - omNode-1@group-523986131536: Failed appendEntries as previous log entry ((t:4, i:17)) is not found
2021-10-31 01:04:56,490 [grpc-default-executor-2] INFO  server.RaftServer$Division (RaftServerImpl.java:checkInconsistentAppendEntries(1288)) - omNode-1@group-523986131536: inconsistency entries. Reply:omNode-2<-omNode-1#6462:FAIL-t4,INCONSISTENCY,nextIndex=12,followerCommit=11
2021-10-31 01:04:56,491 [grpc-default-executor-2] INFO  leader.FollowerInfo (FollowerInfoImpl.java:lambda$new$0(47)) - omNode-2@group-523986131536->omNode-1: nextIndex: updateUnconditionally 18 -> 12
2021-10-31 01:04:56,994 [grpc-default-executor-2] INFO  server.RaftServer$Division (RaftServerImpl.java:checkInconsistentAppendEntries(1322)) - omNode-1@group-523986131536: Failed appendEntries as previous log entry ((t:4, i:17)) is not found
2021-10-31 01:04:56,994 [grpc-default-executor-2] INFO  server.RaftServer$Division (RaftServerImpl.java:checkInconsistentAppendEntries(1288)) - omNode-1@group-523986131536: inconsistency entries. Reply:omNode-2<-omNode-1#6513:FAIL-t4,INCONSISTENCY,nextIndex=12,followerCommit=11
2021-10-31 01:04:56,995 [grpc-default-executor-4] INFO  leader.FollowerInfo (FollowerInfoImpl.java:lambda$new$0(47)) - omNode-2@group-523986131536->omNode-1: nextIndex: updateUnconditionally 18 -> 12
2021-10-31 01:04:57,496 [grpc-default-executor-4] INFO  server.RaftServer$Division (RaftServerImpl.java:checkInconsistentAppendEntries(1322)) - omNode-1@group-523986131536: Failed appendEntries as previous log entry ((t:4, i:17)) is not found
2021-10-31 01:04:57,497 [grpc-default-executor-4] INFO  server.RaftServer$Division (RaftServerImpl.java:checkInconsistentAppendEntries(1288)) - omNode-1@group-523986131536: inconsistency entries. Reply:omNode-2<-omNode-1#6564:FAIL-t4,INCONSISTENCY,nextIndex=12,followerCommit=11
2021-10-31 01:04:57,498 [grpc-default-executor-4] INFO  leader.FollowerInfo (FollowerInfoImpl.java:lambda$new$0(47)) - omNode-2@group-523986131536->omNode-1: nextIndex: updateUnconditionally 18 -> 12
2021-10-31 01:04:57,999 [grpc-default-executor-2] INFO  server.RaftServer$Division (RaftServerImpl.java:checkInconsistentAppendEntries(1322)) - omNode-1@group-523986131536: Failed appendEntries as previous log entry ((t:4, i:17)) is not found
2021-10-31 01:04:58,000 [grpc-default-executor-2] INFO  server.RaftServer$Division (RaftServerImpl.java:checkInconsistentAppendEntries(1288)) - omNode-1@group-523986131536: inconsistency entries. Reply:omNode-2<-omNode-1#6615:FAIL-t4,INCONSISTENCY,nextIndex=12,followerCommit=11
2021-10-31 01:04:58,000 [grpc-default-executor-4] INFO  leader.FollowerInfo (FollowerInfoImpl.java:lambda$new$0(47)) - omNode-2@group-523986131536->omNode-1: nextIndex: updateUnconditionally 18 -> 12
2021-10-31 01:04:58,501 [grpc-default-executor-4] INFO  server.RaftServer$Division (RaftServerImpl.java:checkInconsistentAppendEntries(1322)) - omNode-1@group-523986131536: Failed appendEntries as previous log entry ((t:4, i:17)) is not found
2021-10-31 01:04:58,501 [grpc-default-executor-4] INFO  server.RaftServer$Division (RaftServerImpl.java:checkInconsistentAppendEntries(1288)) - omNode-1@group-523986131536: inconsistency entries. Reply:omNode-2<-omNode-1#6666:FAIL-t4,INCONSISTENCY,nextIndex=12,followerCommit=11
2021-10-31 01:04:58,502 [grpc-default-executor-4] INFO  leader.FollowerInfo (FollowerInfoImpl.java:lambda$new$0(47)) - omNode-2@group-523986131536->omNode-1: nextIndex: updateUnconditionally 18 -> 12
2021-10-31 01:04:59,003 [grpc-default-executor-2] INFO  server.RaftServer$Division (RaftServerImpl.java:checkInconsistentAppendEntries(1322)) - omNode-1@group-523986131536: Failed appendEntries as previous log entry ((t:4, i:17)) is not found
2021-10-31 01:04:59,004 [grpc-default-executor-2] INFO  server.RaftServer$Division (RaftServerImpl.java:checkInconsistentAppendEntries(1288)) - omNode-1@group-523986131536: inconsistency entries. Reply:omNode-2<-omNode-1#6717:FAIL-t4,INCONSISTENCY,nextIndex=12,followerCommit=11
2021-10-31 01:04:59,004 [grpc-default-executor-4] INFO  leader.FollowerInfo (FollowerInfoImpl.java:lambda$new$0(47)) - omNode-2@group-523986131536->omNode-1: nextIndex: updateUnconditionally 18 -> 12
2021-10-31 01:04:59,506 [grpc-default-executor-4] INFO  server.RaftServer$Division (RaftServerImpl.java:checkInconsistentAppendEntries(1322)) - omNode-1@group-523986131536: Failed appendEntries as previous log entry ((t:4, i:17)) is not found
2021-10-31 01:04:59,506 [grpc-default-executor-4] INFO  server.RaftServer$Division (RaftServerImpl.java:checkInconsistentAppendEntries(1288)) - omNode-1@group-523986131536: inconsistency entries. Reply:omNode-2<-omNode-1#6768:FAIL-t4,INCONSISTENCY,nextIndex=12,followerCommit=11
2021-10-31 01:04:59,506 [grpc-default-executor-4] INFO  leader.FollowerInfo (FollowerInfoImpl.java:lambda$new$0(47)) - omNode-2@group-523986131536->omNode-1: nextIndex: updateUnconditionally 18 -> 12
2021-10-31 01:05:00,008 [grpc-default-executor-4] INFO  server.RaftServer$Division (RaftServerImpl.java:checkInconsistentAppendEntries(1322)) - omNode-1@group-523986131536: Failed appendEntries as previous log entry ((t:4, i:17)) is not found
2021-10-31 01:05:00,008 [grpc-default-executor-4] INFO  server.RaftServer$Division (RaftServerImpl.java:checkInconsistentAppendEntries(1288)) - omNode-1@group-523986131536: inconsistency entries. Reply:omNode-2<-omNode-1#6819:FAIL-t4,INCONSISTENCY,nextIndex=12,followerCommit=11
2021-10-31 01:05:00,010 [grpc-default-executor-4] INFO  leader.FollowerInfo (FollowerInfoImpl.java:lambda$new$0(47)) - omNode-2@group-523986131536->omNode-1: nextIndex: updateUnconditionally 18 -> 12
2021-10-31 01:05:00,511 [grpc-default-executor-4] INFO  server.RaftServer$Division (RaftServerImpl.java:checkInconsistentAppendEntries(1322)) - omNode-1@group-523986131536: Failed appendEntries as previous log entry ((t:4, i:17)) is not found
2021-10-31 01:05:00,511 [grpc-default-executor-4] INFO  server.RaftServer$Division (RaftServerImpl.java:checkInconsistentAppendEntries(1288)) - omNode-1@group-523986131536: inconsistency entries. Reply:omNode-2<-omNode-1#6870:FAIL-t4,INCONSISTENCY,nextIndex=12,followerCommit=11
2021-10-31 01:05:00,513 [grpc-default-executor-4] INFO  leader.FollowerInfo (FollowerInfoImpl.java:lambda$new$0(47)) - omNode-2@group-523986131536->omNode-1: nextIndex: updateUnconditionally 18 -> 12
2021-10-31 01:05:01,013 [grpc-default-executor-4] INFO  server.RaftServer$Division (RaftServerImpl.java:checkInconsistentAppendEntries(1322)) - omNode-1@group-523986131536: Failed appendEntries as previous log entry ((t:4, i:17)) is not found
2021-10-31 01:05:01,014 [grpc-default-executor-4] INFO  server.RaftServer$Division (RaftServerImpl.java:checkInconsistentAppendEntries(1288)) - omNode-1@group-523986131536: inconsistency entries. Reply:omNode-2<-omNode-1#6921:FAIL-t4,INCONSISTENCY,nextIndex=12,followerCommit=11
2021-10-31 01:05:01,014 [grpc-default-executor-2] INFO  leader.FollowerInfo (FollowerInfoImpl.java:lambda$new$0(47)) - omNode-2@group-523986131536->omNode-1: nextIndex: updateUnconditionally 18 -> 12
2021-10-31 01:05:01,516 [grpc-default-executor-4] INFO  server.RaftServer$Division (RaftServerImpl.java:checkInconsistentAppendEntries(1322)) - omNode-1@group-523986131536: Failed appendEntries as previous log entry ((t:4, i:17)) is not found
2021-10-31 01:05:01,516 [grpc-default-executor-4] INFO  server.RaftServer$Division (RaftServerImpl.java:checkInconsistentAppendEntries(1288)) - omNode-1@group-523986131536: inconsistency entries. Reply:omNode-2<-omNode-1#6972:FAIL-t4,INCONSISTENCY,nextIndex=12,followerCommit=11
2021-10-31 01:05:01,517 [grpc-default-executor-4] INFO  leader.FollowerInfo (FollowerInfoImpl.java:lambda$new$0(47)) - omNode-2@group-523986131536->omNode-1: nextIndex: updateUnconditionally 18 -> 12
2021-10-31 01:05:02,019 [grpc-default-executor-2] INFO  server.RaftServer$Division (RaftServerImpl.java:checkInconsistentAppendEntries(1322)) - omNode-1@group-523986131536: Failed appendEntries as previous log entry ((t:4, i:17)) is not found
2021-10-31 01:05:02,020 [grpc-default-executor-2] INFO  server.RaftServer$Division (RaftServerImpl.java:checkInconsistentAppendEntries(1288)) - omNode-1@group-523986131536: inconsistency entries. Reply:omNode-2<-omNode-1#7023:FAIL-t4,INCONSISTENCY,nextIndex=12,followerCommit=11
2021-10-31 01:05:02,021 [grpc-default-executor-2] INFO  leader.FollowerInfo (FollowerInfoImpl.java:lambda$new$0(47)) - omNode-2@group-523986131536->omNode-1: nextIndex: updateUnconditionally 18 -> 12
2021-10-31 01:05:02,522 [grpc-default-executor-2] INFO  server.RaftServer$Division (RaftServerImpl.java:checkInconsistentAppendEntries(1322)) - omNode-1@group-523986131536: Failed appendEntries as previous log entry ((t:4, i:17)) is not found
2021-10-31 01:05:02,522 [grpc-default-executor-2] INFO  server.RaftServer$Division (RaftServerImpl.java:checkInconsistentAppendEntries(1288)) - omNode-1@group-523986131536: inconsistency entries. Reply:omNode-2<-omNode-1#7074:FAIL-t4,INCONSISTENCY,nextIndex=12,followerCommit=11
2021-10-31 01:05:02,523 [grpc-default-executor-2] INFO  leader.FollowerInfo (FollowerInfoImpl.java:lambda$new$0(47)) - omNode-2@group-523986131536->omNode-1: nextIndex: updateUnconditionally 18 -> 12
2021-10-31 01:05:03,024 [grpc-default-executor-2] INFO  server.RaftServer$Division (RaftServerImpl.java:checkInconsistentAppendEntries(1322)) - omNode-1@group-523986131536: Failed appendEntries as previous log entry ((t:4, i:17)) is not found
2021-10-31 01:05:03,024 [grpc-default-executor-2] INFO  server.RaftServer$Division (RaftServerImpl.java:checkInconsistentAppendEntries(1288)) - omNode-1@group-523986131536: inconsistency entries. Reply:omNode-2<-omNode-1#7124:FAIL-t4,INCONSISTENCY,nextIndex=12,followerCommit=11
2021-10-31 01:05:03,025 [grpc-default-executor-2] INFO  leader.FollowerInfo (FollowerInfoImpl.java:lambda$new$0(47)) - omNode-2@group-523986131536->omNode-1: nextIndex: updateUnconditionally 18 -> 12
2021-10-31 01:05:03,526 [grpc-default-executor-2] INFO  server.RaftServer$Division (RaftServerImpl.java:checkInconsistentAppendEntries(1322)) - omNode-1@group-523986131536: Failed appendEntries as previous log entry ((t:4, i:17)) is not found
2021-10-31 01:05:03,526 [grpc-default-executor-2] INFO  server.RaftServer$Division (RaftServerImpl.java:checkInconsistentAppendEntries(1288)) - omNode-1@group-523986131536: inconsistency entries. Reply:omNode-2<-omNode-1#7175:FAIL-t4,INCONSISTENCY,nextIndex=12,followerCommit=11
2021-10-31 01:05:03,527 [grpc-default-executor-4] INFO  leader.FollowerInfo (FollowerInfoImpl.java:lambda$new$0(47)) - omNode-2@group-523986131536->omNode-1: nextIndex: updateUnconditionally 18 -> 12
2021-10-31 01:05:04,029 [grpc-default-executor-4] INFO  server.RaftServer$Division (RaftServerImpl.java:checkInconsistentAppendEntries(1322)) - omNode-1@group-523986131536: Failed appendEntries as previous log entry ((t:4, i:17)) is not found
2021-10-31 01:05:04,030 [grpc-default-executor-4] INFO  server.RaftServer$Division (RaftServerImpl.java:checkInconsistentAppendEntries(1288)) - omNode-1@group-523986131536: inconsistency entries. Reply:omNode-2<-omNode-1#7226:FAIL-t4,INCONSISTENCY,nextIndex=12,followerCommit=11
2021-10-31 01:05:04,031 [grpc-default-executor-2] INFO  leader.FollowerInfo (FollowerInfoImpl.java:lambda$new$0(47)) - omNode-2@group-523986131536->omNode-1: nextIndex: updateUnconditionally 18 -> 12
2021-10-31 01:05:04,532 [grpc-default-executor-4] INFO  server.RaftServer$Division (RaftServerImpl.java:checkInconsistentAppendEntries(1322)) - omNode-1@group-523986131536: Failed appendEntries as previous log entry ((t:4, i:17)) is not found
2021-10-31 01:05:04,532 [grpc-default-executor-4] INFO  server.RaftServer$Division (RaftServerImpl.java:checkInconsistentAppendEntries(1288)) - omNode-1@group-523986131536: inconsistency entries. Reply:omNode-2<-omNode-1#7277:FAIL-t4,INCONSISTENCY,nextIndex=12,followerCommit=11
2021-10-31 01:05:04,533 [grpc-default-executor-4] INFO  leader.FollowerInfo (FollowerInfoImpl.java:lambda$new$0(47)) - omNode-2@group-523986131536->omNode-1: nextIndex: updateUnconditionally 18 -> 12
2021-10-31 01:05:05,034 [grpc-default-executor-2] INFO  server.RaftServer$Division (RaftServerImpl.java:checkInconsistentAppendEntries(1322)) - omNode-1@group-523986131536: Failed appendEntries as previous log entry ((t:4, i:17)) is not found
2021-10-31 01:05:05,035 [grpc-default-executor-2] INFO  server.RaftServer$Division (RaftServerImpl.java:checkInconsistentAppendEntries(1288)) - omNode-1@group-523986131536: inconsistency entries. Reply:omNode-2<-omNode-1#7328:FAIL-t4,INCONSISTENCY,nextIndex=12,followerCommit=11
2021-10-31 01:05:05,035 [grpc-default-executor-4] INFO  leader.FollowerInfo (FollowerInfoImpl.java:lambda$new$0(47)) - omNode-2@group-523986131536->omNode-1: nextIndex: updateUnconditionally 18 -> 12
2021-10-31 01:05:05,537 [grpc-default-executor-2] INFO  server.RaftServer$Division (RaftServerImpl.java:checkInconsistentAppendEntries(1322)) - omNode-1@group-523986131536: Failed appendEntries as previous log entry ((t:4, i:17)) is not found
2021-10-31 01:05:05,537 [grpc-default-executor-2] INFO  server.RaftServer$Division (RaftServerImpl.java:checkInconsistentAppendEntries(1288)) - omNode-1@group-523986131536: inconsistency entries. Reply:omNode-2<-omNode-1#7379:FAIL-t4,INCONSISTENCY,nextIndex=12,followerCommit=11
2021-10-31 01:05:05,538 [grpc-default-executor-2] INFO  leader.FollowerInfo (FollowerInfoImpl.java:lambda$new$0(47)) - omNode-2@group-523986131536->omNode-1: nextIndex: updateUnconditionally 18 -> 12
2021-10-31 01:05:06,039 [grpc-default-executor-2] INFO  server.RaftServer$Division (RaftServerImpl.java:checkInconsistentAppendEntries(1322)) - omNode-1@group-523986131536: Failed appendEntries as previous log entry ((t:4, i:17)) is not found
2021-10-31 01:05:06,040 [grpc-default-executor-2] INFO  server.RaftServer$Division (RaftServerImpl.java:checkInconsistentAppendEntries(1288)) - omNode-1@group-523986131536: inconsistency entries. Reply:omNode-2<-omNode-1#7430:FAIL-t4,INCONSISTENCY,nextIndex=12,followerCommit=11
2021-10-31 01:05:06,041 [grpc-default-executor-4] INFO  leader.FollowerInfo (FollowerInfoImpl.java:lambda$new$0(47)) - omNode-2@group-523986131536->omNode-1: nextIndex: updateUnconditionally 18 -> 12
2021-10-31 01:05:06,542 [grpc-default-executor-4] INFO  server.RaftServer$Division (RaftServerImpl.java:checkInconsistentAppendEntries(1322)) - omNode-1@group-523986131536: Failed appendEntries as previous log entry ((t:4, i:17)) is not found
2021-10-31 01:05:06,542 [grpc-default-executor-4] INFO  server.RaftServer$Division (RaftServerImpl.java:checkInconsistentAppendEntries(1288)) - omNode-1@group-523986131536: inconsistency entries. Reply:omNode-2<-omNode-1#7481:FAIL-t4,INCONSISTENCY,nextIndex=12,followerCommit=11
2021-10-31 01:05:06,543 [grpc-default-executor-4] INFO  leader.FollowerInfo (FollowerInfoImpl.java:lambda$new$0(47)) - omNode-2@group-523986131536->omNode-1: nextIndex: updateUnconditionally 18 -> 12
2021-10-31 01:05:07,045 [grpc-default-executor-4] INFO  server.RaftServer$Division (RaftServerImpl.java:checkInconsistentAppendEntries(1322)) - omNode-1@group-523986131536: Failed appendEntries as previous log entry ((t:4, i:17)) is not found
2021-10-31 01:05:07,045 [grpc-default-executor-4] INFO  server.RaftServer$Division (RaftServerImpl.java:checkInconsistentAppendEntries(1288)) - omNode-1@group-523986131536: inconsistency entries. Reply:omNode-2<-omNode-1#7532:FAIL-t4,INCONSISTENCY,nextIndex=12,followerCommit=11
2021-10-31 01:05:07,046 [grpc-default-executor-2] INFO  leader.FollowerInfo (FollowerInfoImpl.java:lambda$new$0(47)) - omNode-2@group-523986131536->omNode-1: nextIndex: updateUnconditionally 18 -> 12
2021-10-31 01:05:07,548 [grpc-default-executor-2] INFO  server.RaftServer$Division (RaftServerImpl.java:checkInconsistentAppendEntries(1322)) - omNode-1@group-523986131536: Failed appendEntries as previous log entry ((t:4, i:17)) is not found
2021-10-31 01:05:07,548 [grpc-default-executor-2] INFO  server.RaftServer$Division (RaftServerImpl.java:checkInconsistentAppendEntries(1288)) - omNode-1@group-523986131536: inconsistency entries. Reply:omNode-2<-omNode-1#7583:FAIL-t4,INCONSISTENCY,nextIndex=12,followerCommit=11
2021-10-31 01:05:07,548 [grpc-default-executor-4] INFO  leader.FollowerInfo (FollowerInfoImpl.java:lambda$new$0(47)) - omNode-2@group-523986131536->omNode-1: nextIndex: updateUnconditionally 18 -> 12
2021-10-31 01:05:08,049 [grpc-default-executor-4] INFO  server.RaftServer$Division (RaftServerImpl.java:checkInconsistentAppendEntries(1322)) - omNode-1@group-523986131536: Failed appendEntries as previous log entry ((t:4, i:17)) is not found
2021-10-31 01:05:08,050 [grpc-default-executor-4] INFO  server.RaftServer$Division (RaftServerImpl.java:checkInconsistentAppendEntries(1288)) - omNode-1@group-523986131536: inconsistency entries. Reply:omNode-2<-omNode-1#7634:FAIL-t4,INCONSISTENCY,nextIndex=12,followerCommit=11
2021-10-31 01:05:08,050 [grpc-default-executor-2] INFO  leader.FollowerInfo (FollowerInfoImpl.java:lambda$new$0(47)) - omNode-2@group-523986131536->omNode-1: nextIndex: updateUnconditionally 18 -> 12
2021-10-31 01:05:08,552 [grpc-default-executor-2] INFO  server.RaftServer$Division (RaftServerImpl.java:checkInconsistentAppendEntries(1322)) - omNode-1@group-523986131536: Failed appendEntries as previous log entry ((t:4, i:17)) is not found
2021-10-31 01:05:08,552 [grpc-default-executor-2] INFO  server.RaftServer$Division (RaftServerImpl.java:checkInconsistentAppendEntries(1288)) - omNode-1@group-523986131536: inconsistency entries. Reply:omNode-2<-omNode-1#7685:FAIL-t4,INCONSISTENCY,nextIndex=12,followerCommit=11
2021-10-31 01:05:08,553 [grpc-default-executor-2] INFO  leader.FollowerInfo (FollowerInfoImpl.java:lambda$new$0(47)) - omNode-2@group-523986131536->omNode-1: nextIndex: updateUnconditionally 18 -> 12
2021-10-31 01:05:09,054 [grpc-default-executor-2] INFO  server.RaftServer$Division (RaftServerImpl.java:checkInconsistentAppendEntries(1322)) - omNode-1@group-523986131536: Failed appendEntries as previous log entry ((t:4, i:17)) is not found
2021-10-31 01:05:09,055 [grpc-default-executor-2] INFO  server.RaftServer$Division (RaftServerImpl.java:checkInconsistentAppendEntries(1288)) - omNode-1@group-523986131536: inconsistency entries. Reply:omNode-2<-omNode-1#7736:FAIL-t4,INCONSISTENCY,nextIndex=12,followerCommit=11
2021-10-31 01:05:09,055 [grpc-default-executor-2] INFO  leader.FollowerInfo (FollowerInfoImpl.java:lambda$new$0(47)) - omNode-2@group-523986131536->omNode-1: nextIndex: updateUnconditionally 18 -> 12
2021-10-31 01:05:09,557 [grpc-default-executor-2] INFO  server.RaftServer$Division (RaftServerImpl.java:checkInconsistentAppendEntries(1322)) - omNode-1@group-523986131536: Failed appendEntries as previous log entry ((t:4, i:17)) is not found
2021-10-31 01:05:09,557 [grpc-default-executor-2] INFO  server.RaftServer$Division (RaftServerImpl.java:checkInconsistentAppendEntries(1288)) - omNode-1@group-523986131536: inconsistency entries. Reply:omNode-2<-omNode-1#7787:FAIL-t4,INCONSISTENCY,nextIndex=12,followerCommit=11
2021-10-31 01:05:09,558 [grpc-default-executor-4] INFO  leader.FollowerInfo (FollowerInfoImpl.java:lambda$new$0(47)) - omNode-2@group-523986131536->omNode-1: nextIndex: updateUnconditionally 18 -> 12
2021-10-31 01:05:10,059 [grpc-default-executor-4] INFO  server.RaftServer$Division (RaftServerImpl.java:checkInconsistentAppendEntries(1322)) - omNode-1@group-523986131536: Failed appendEntries as previous log entry ((t:4, i:17)) is not found
2021-10-31 01:05:10,059 [grpc-default-executor-4] INFO  server.RaftServer$Division (RaftServerImpl.java:checkInconsistentAppendEntries(1288)) - omNode-1@group-523986131536: inconsistency entries. Reply:omNode-2<-omNode-1#7838:FAIL-t4,INCONSISTENCY,nextIndex=12,followerCommit=11
2021-10-31 01:05:10,060 [grpc-default-executor-4] INFO  leader.FollowerInfo (FollowerInfoImpl.java:lambda$new$0(47)) - omNode-2@group-523986131536->omNode-1: nextIndex: updateUnconditionally 18 -> 12
2021-10-31 01:05:10,561 [grpc-default-executor-4] INFO  server.RaftServer$Division (RaftServerImpl.java:checkInconsistentAppendEntries(1322)) - omNode-1@group-523986131536: Failed appendEntries as previous log entry ((t:4, i:17)) is not found
2021-10-31 01:05:10,562 [grpc-default-executor-4] INFO  server.RaftServer$Division (RaftServerImpl.java:checkInconsistentAppendEntries(1288)) - omNode-1@group-523986131536: inconsistency entries. Reply:omNode-2<-omNode-1#7889:FAIL-t4,INCONSISTENCY,nextIndex=12,followerCommit=11
2021-10-31 01:05:10,562 [grpc-default-executor-4] INFO  leader.FollowerInfo (FollowerInfoImpl.java:lambda$new$0(47)) - omNode-2@group-523986131536->omNode-1: nextIndex: updateUnconditionally 18 -> 12
2021-10-31 01:05:11,064 [grpc-default-executor-2] INFO  server.RaftServer$Division (RaftServerImpl.java:checkInconsistentAppendEntries(1322)) - omNode-1@group-523986131536: Failed appendEntries as previous log entry ((t:4, i:17)) is not found
2021-10-31 01:05:11,064 [grpc-default-executor-2] INFO  server.RaftServer$Division (RaftServerImpl.java:checkInconsistentAppendEntries(1288)) - omNode-1@group-523986131536: inconsistency entries. Reply:omNode-2<-omNode-1#7940:FAIL-t4,INCONSISTENCY,nextIndex=12,followerCommit=11
2021-10-31 01:05:11,064 [grpc-default-executor-2] INFO  leader.FollowerInfo (FollowerInfoImpl.java:lambda$new$0(47)) - omNode-2@group-523986131536->omNode-1: nextIndex: updateUnconditionally 18 -> 12
2021-10-31 01:05:11,566 [grpc-default-executor-4] INFO  server.RaftServer$Division (RaftServerImpl.java:checkInconsistentAppendEntries(1322)) - omNode-1@group-523986131536: Failed appendEntries as previous log entry ((t:4, i:17)) is not found
2021-10-31 01:05:11,567 [grpc-default-executor-4] INFO  server.RaftServer$Division (RaftServerImpl.java:checkInconsistentAppendEntries(1288)) - omNode-1@group-523986131536: inconsistency entries. Reply:omNode-2<-omNode-1#7991:FAIL-t4,INCONSISTENCY,nextIndex=12,followerCommit=11
2021-10-31 01:05:11,567 [grpc-default-executor-2] INFO  leader.FollowerInfo (FollowerInfoImpl.java:lambda$new$0(47)) - omNode-2@group-523986131536->omNode-1: nextIndex: updateUnconditionally 18 -> 12
2021-10-31 01:05:12,069 [grpc-default-executor-2] INFO  server.RaftServer$Division (RaftServerImpl.java:checkInconsistentAppendEntries(1322)) - omNode-1@group-523986131536: Failed appendEntries as previous log entry ((t:4, i:17)) is not found
2021-10-31 01:05:12,069 [grpc-default-executor-2] INFO  server.RaftServer$Division (RaftServerImpl.java:checkInconsistentAppendEntries(1288)) - omNode-1@group-523986131536: inconsistency entries. Reply:omNode-2<-omNode-1#8042:FAIL-t4,INCONSISTENCY,nextIndex=12,followerCommit=11
2021-10-31 01:05:12,070 [grpc-default-executor-2] INFO  leader.FollowerInfo (FollowerInfoImpl.java:lambda$new$0(47)) - omNode-2@group-523986131536->omNode-1: nextIndex: updateUnconditionally 18 -> 12
2021-10-31 01:05:12,573 [grpc-default-executor-2] INFO  server.RaftServer$Division (RaftServerImpl.java:checkInconsistentAppendEntries(1322)) - omNode-1@group-523986131536: Failed appendEntries as previous log entry ((t:4, i:17)) is not found
2021-10-31 01:05:12,574 [grpc-default-executor-2] INFO  server.RaftServer$Division (RaftServerImpl.java:checkInconsistentAppendEntries(1288)) - omNode-1@group-523986131536: inconsistency entries. Reply:omNode-2<-omNode-1#8093:FAIL-t4,INCONSISTENCY,nextIndex=12,followerCommit=11
2021-10-31 01:05:12,574 [grpc-default-executor-2] INFO  leader.FollowerInfo (FollowerInfoImpl.java:lambda$new$0(47)) - omNode-2@group-523986131536->omNode-1: nextIndex: updateUnconditionally 18 -> 12
2021-10-31 01:05:13,077 [grpc-default-executor-2] INFO  server.RaftServer$Division (RaftServerImpl.java:checkInconsistentAppendEntries(1322)) - omNode-1@group-523986131536: Failed appendEntries as previous log entry ((t:4, i:17)) is not found
2021-10-31 01:05:13,077 [grpc-default-executor-2] INFO  server.RaftServer$Division (RaftServerImpl.java:checkInconsistentAppendEntries(1288)) - omNode-1@group-523986131536: inconsistency entries. Reply:omNode-2<-omNode-1#8144:FAIL-t4,INCONSISTENCY,nextIndex=12,followerCommit=11
2021-10-31 01:05:13,078 [grpc-default-executor-2] INFO  leader.FollowerInfo (FollowerInfoImpl.java:lambda$new$0(47)) - omNode-2@group-523986131536->omNode-1: nextIndex: updateUnconditionally 18 -> 12
2021-10-31 01:05:13,579 [grpc-default-executor-2] INFO  server.RaftServer$Division (RaftServerImpl.java:checkInconsistentAppendEntries(1322)) - omNode-1@group-523986131536: Failed appendEntries as previous log entry ((t:4, i:17)) is not found
2021-10-31 01:05:13,579 [grpc-default-executor-2] INFO  server.RaftServer$Division (RaftServerImpl.java:checkInconsistentAppendEntries(1288)) - omNode-1@group-523986131536: inconsistency entries. Reply:omNode-2<-omNode-1#8195:FAIL-t4,INCONSISTENCY,nextIndex=12,followerCommit=11
2021-10-31 01:05:13,580 [grpc-default-executor-2] INFO  leader.FollowerInfo (FollowerInfoImpl.java:lambda$new$0(47)) - omNode-2@group-523986131536->omNode-1: nextIndex: updateUnconditionally 18 -> 12
2021-10-31 01:05:14,081 [grpc-default-executor-2] INFO  server.RaftServer$Division (RaftServerImpl.java:checkInconsistentAppendEntries(1322)) - omNode-1@group-523986131536: Failed appendEntries as previous log entry ((t:4, i:17)) is not found
2021-10-31 01:05:14,082 [grpc-default-executor-2] INFO  server.RaftServer$Division (RaftServerImpl.java:checkInconsistentAppendEntries(1288)) - omNode-1@group-523986131536: inconsistency entries. Reply:omNode-2<-omNode-1#8246:FAIL-t4,INCONSISTENCY,nextIndex=12,followerCommit=11
2021-10-31 01:05:14,082 [grpc-default-executor-2] INFO  leader.FollowerInfo (FollowerInfoImpl.java:lambda$new$0(47)) - omNode-2@group-523986131536->omNode-1: nextIndex: updateUnconditionally 18 -> 12
2021-10-31 01:05:14,583 [grpc-default-executor-2] INFO  server.RaftServer$Division (RaftServerImpl.java:checkInconsistentAppendEntries(1322)) - omNode-1@group-523986131536: Failed appendEntries as previous log entry ((t:4, i:17)) is not found
2021-10-31 01:05:14,584 [grpc-default-executor-2] INFO  server.RaftServer$Division (RaftServerImpl.java:checkInconsistentAppendEntries(1288)) - omNode-1@group-523986131536: inconsistency entries. Reply:omNode-2<-omNode-1#8297:FAIL-t4,INCONSISTENCY,nextIndex=12,followerCommit=11
2021-10-31 01:05:14,585 [grpc-default-executor-2] INFO  leader.FollowerInfo (FollowerInfoImpl.java:lambda$new$0(47)) - omNode-2@group-523986131536->omNode-1: nextIndex: updateUnconditionally 18 -> 12
2021-10-31 01:05:15,086 [grpc-default-executor-2] INFO  server.RaftServer$Division (RaftServerImpl.java:checkInconsistentAppendEntries(1322)) - omNode-1@group-523986131536: Failed appendEntries as previous log entry ((t:4, i:17)) is not found
2021-10-31 01:05:15,087 [grpc-default-executor-2] INFO  server.RaftServer$Division (RaftServerImpl.java:checkInconsistentAppendEntries(1288)) - omNode-1@group-523986131536: inconsistency entries. Reply:omNode-2<-omNode-1#8348:FAIL-t4,INCONSISTENCY,nextIndex=12,followerCommit=11
2021-10-31 01:05:15,087 [grpc-default-executor-2] INFO  leader.FollowerInfo (FollowerInfoImpl.java:lambda$new$0(47)) - omNode-2@group-523986131536->omNode-1: nextIndex: updateUnconditionally 18 -> 12
2021-10-31 01:05:15,588 [grpc-default-executor-2] INFO  server.RaftServer$Division (RaftServerImpl.java:checkInconsistentAppendEntries(1322)) - omNode-1@group-523986131536: Failed appendEntries as previous log entry ((t:4, i:17)) is not found
2021-10-31 01:05:15,589 [grpc-default-executor-2] INFO  server.RaftServer$Division (RaftServerImpl.java:checkInconsistentAppendEntries(1288)) - omNode-1@group-523986131536: inconsistency entries. Reply:omNode-2<-omNode-1#8399:FAIL-t4,INCONSISTENCY,nextIndex=12,followerCommit=11
2021-10-31 01:05:15,589 [grpc-default-executor-2] INFO  leader.FollowerInfo (FollowerInfoImpl.java:lambda$new$0(47)) - omNode-2@group-523986131536->omNode-1: nextIndex: updateUnconditionally 18 -> 12
2021-10-31 01:05:16,091 [grpc-default-executor-2] INFO  server.RaftServer$Division (RaftServerImpl.java:checkInconsistentAppendEntries(1322)) - omNode-1@group-523986131536: Failed appendEntries as previous log entry ((t:4, i:17)) is not found
2021-10-31 01:05:16,091 [grpc-default-executor-2] INFO  server.RaftServer$Division (RaftServerImpl.java:checkInconsistentAppendEntries(1288)) - omNode-1@group-523986131536: inconsistency entries. Reply:omNode-2<-omNode-1#8450:FAIL-t4,INCONSISTENCY,nextIndex=12,followerCommit=11
2021-10-31 01:05:16,092 [grpc-default-executor-2] INFO  leader.FollowerInfo (FollowerInfoImpl.java:lambda$new$0(47)) - omNode-2@group-523986131536->omNode-1: nextIndex: updateUnconditionally 18 -> 12
2021-10-31 01:05:16,593 [grpc-default-executor-2] INFO  server.RaftServer$Division (RaftServerImpl.java:checkInconsistentAppendEntries(1322)) - omNode-1@group-523986131536: Failed appendEntries as previous log entry ((t:4, i:17)) is not found
2021-10-31 01:05:16,593 [grpc-default-executor-2] INFO  server.RaftServer$Division (RaftServerImpl.java:checkInconsistentAppendEntries(1288)) - omNode-1@group-523986131536: inconsistency entries. Reply:omNode-2<-omNode-1#8501:FAIL-t4,INCONSISTENCY,nextIndex=12,followerCommit=11
2021-10-31 01:05:16,594 [grpc-default-executor-2] INFO  leader.FollowerInfo (FollowerInfoImpl.java:lambda$new$0(47)) - omNode-2@group-523986131536->omNode-1: nextIndex: updateUnconditionally 18 -> 12
2021-10-31 01:05:17,095 [grpc-default-executor-2] INFO  server.RaftServer$Division (RaftServerImpl.java:checkInconsistentAppendEntries(1322)) - omNode-1@group-523986131536: Failed appendEntries as previous log entry ((t:4, i:17)) is not found
2021-10-31 01:05:17,096 [grpc-default-executor-2] INFO  server.RaftServer$Division (RaftServerImpl.java:checkInconsistentAppendEntries(1288)) - omNode-1@group-523986131536: inconsistency entries. Reply:omNode-2<-omNode-1#8552:FAIL-t4,INCONSISTENCY,nextIndex=12,followerCommit=11
2021-10-31 01:05:17,096 [grpc-default-executor-2] INFO  leader.FollowerInfo (FollowerInfoImpl.java:lambda$new$0(47)) - omNode-2@group-523986131536->omNode-1: nextIndex: updateUnconditionally 18 -> 12
2021-10-31 01:05:17,598 [grpc-default-executor-2] INFO  server.RaftServer$Division (RaftServerImpl.java:checkInconsistentAppendEntries(1322)) - omNode-1@group-523986131536: Failed appendEntries as previous log entry ((t:4, i:17)) is not found
2021-10-31 01:05:17,598 [grpc-default-executor-2] INFO  server.RaftServer$Division (RaftServerImpl.java:checkInconsistentAppendEntries(1288)) - omNode-1@group-523986131536: inconsistency entries. Reply:omNode-2<-omNode-1#8603:FAIL-t4,INCONSISTENCY,nextIndex=12,followerCommit=11
2021-10-31 01:05:17,598 [grpc-default-executor-2] INFO  leader.FollowerInfo (FollowerInfoImpl.java:lambda$new$0(47)) - omNode-2@group-523986131536->omNode-1: nextIndex: updateUnconditionally 18 -> 12
2021-10-31 01:05:18,100 [grpc-default-executor-2] INFO  server.RaftServer$Division (RaftServerImpl.java:checkInconsistentAppendEntries(1322)) - omNode-1@group-523986131536: Failed appendEntries as previous log entry ((t:4, i:17)) is not found
2021-10-31 01:05:18,100 [grpc-default-executor-2] INFO  server.RaftServer$Division (RaftServerImpl.java:checkInconsistentAppendEntries(1288)) - omNode-1@group-523986131536: inconsistency entries. Reply:omNode-2<-omNode-1#8654:FAIL-t4,INCONSISTENCY,nextIndex=12,followerCommit=11
2021-10-31 01:05:18,101 [grpc-default-executor-2] INFO  leader.FollowerInfo (FollowerInfoImpl.java:lambda$new$0(47)) - omNode-2@group-523986131536->omNode-1: nextIndex: updateUnconditionally 18 -> 12
2021-10-31 01:05:18,602 [grpc-default-executor-2] INFO  server.RaftServer$Division (RaftServerImpl.java:checkInconsistentAppendEntries(1322)) - omNode-1@group-523986131536: Failed appendEntries as previous log entry ((t:4, i:17)) is not found
2021-10-31 01:05:18,602 [grpc-default-executor-2] INFO  server.RaftServer$Division (RaftServerImpl.java:checkInconsistentAppendEntries(1288)) - omNode-1@group-523986131536: inconsistency entries. Reply:omNode-2<-omNode-1#8705:FAIL-t4,INCONSISTENCY,nextIndex=12,followerCommit=11
2021-10-31 01:05:18,602 [grpc-default-executor-2] INFO  leader.FollowerInfo (FollowerInfoImpl.java:lambda$new$0(47)) - omNode-2@group-523986131536->omNode-1: nextIndex: updateUnconditionally 18 -> 12
2021-10-31 01:05:19,103 [grpc-default-executor-2] INFO  server.RaftServer$Division (RaftServerImpl.java:checkInconsistentAppendEntries(1322)) - omNode-1@group-523986131536: Failed appendEntries as previous log entry ((t:4, i:17)) is not found
2021-10-31 01:05:19,104 [grpc-default-executor-2] INFO  server.RaftServer$Division (RaftServerImpl.java:checkInconsistentAppendEntries(1288)) - omNode-1@group-523986131536: inconsistency entries. Reply:omNode-2<-omNode-1#8756:FAIL-t4,INCONSISTENCY,nextIndex=12,followerCommit=11
2021-10-31 01:05:19,104 [grpc-default-executor-2] INFO  leader.FollowerInfo (FollowerInfoImpl.java:lambda$new$0(47)) - omNode-2@group-523986131536->omNode-1: nextIndex: updateUnconditionally 18 -> 12
2021-10-31 01:05:19,606 [grpc-default-executor-6] INFO  server.RaftServer$Division (RaftServerImpl.java:checkInconsistentAppendEntries(1322)) - omNode-1@group-523986131536: Failed appendEntries as previous log entry ((t:4, i:17)) is not found
2021-10-31 01:05:19,606 [grpc-default-executor-6] INFO  server.RaftServer$Division (RaftServerImpl.java:checkInconsistentAppendEntries(1288)) - omNode-1@group-523986131536: inconsistency entries. Reply:omNode-2<-omNode-1#8807:FAIL-t4,INCONSISTENCY,nextIndex=12,followerCommit=11
2021-10-31 01:05:19,606 [grpc-default-executor-6] INFO  leader.FollowerInfo (FollowerInfoImpl.java:lambda$new$0(47)) - omNode-2@group-523986131536->omNode-1: nextIndex: updateUnconditionally 18 -> 12
2021-10-31 01:05:20,108 [grpc-default-executor-6] INFO  server.RaftServer$Division (RaftServerImpl.java:checkInconsistentAppendEntries(1322)) - omNode-1@group-523986131536: Failed appendEntries as previous log entry ((t:4, i:17)) is not found
2021-10-31 01:05:20,108 [grpc-default-executor-6] INFO  server.RaftServer$Division (RaftServerImpl.java:checkInconsistentAppendEntries(1288)) - omNode-1@group-523986131536: inconsistency entries. Reply:omNode-2<-omNode-1#8858:FAIL-t4,INCONSISTENCY,nextIndex=12,followerCommit=11
2021-10-31 01:05:20,109 [grpc-default-executor-6] INFO  leader.FollowerInfo (FollowerInfoImpl.java:lambda$new$0(47)) - omNode-2@group-523986131536->omNode-1: nextIndex: updateUnconditionally 18 -> 12
2021-10-31 01:05:20,610 [grpc-default-executor-6] INFO  server.RaftServer$Division (RaftServerImpl.java:checkInconsistentAppendEntries(1322)) - omNode-1@group-523986131536: Failed appendEntries as previous log entry ((t:4, i:17)) is not found
2021-10-31 01:05:20,610 [grpc-default-executor-6] INFO  server.RaftServer$Division (RaftServerImpl.java:checkInconsistentAppendEntries(1288)) - omNode-1@group-523986131536: inconsistency entries. Reply:omNode-2<-omNode-1#8909:FAIL-t4,INCONSISTENCY,nextIndex=12,followerCommit=11
2021-10-31 01:05:20,610 [grpc-default-executor-6] INFO  leader.FollowerInfo (FollowerInfoImpl.java:lambda$new$0(47)) - omNode-2@group-523986131536->omNode-1: nextIndex: updateUnconditionally 18 -> 12
2021-10-31 01:05:21,111 [grpc-default-executor-6] INFO  server.RaftServer$Division (RaftServerImpl.java:checkInconsistentAppendEntries(1322)) - omNode-1@group-523986131536: Failed appendEntries as previous log entry ((t:4, i:17)) is not found
2021-10-31 01:05:21,111 [grpc-default-executor-6] INFO  server.RaftServer$Division (RaftServerImpl.java:checkInconsistentAppendEntries(1288)) - omNode-1@group-523986131536: inconsistency entries. Reply:omNode-2<-omNode-1#8960:FAIL-t4,INCONSISTENCY,nextIndex=12,followerCommit=11
2021-10-31 01:05:21,113 [grpc-default-executor-6] INFO  leader.FollowerInfo (FollowerInfoImpl.java:lambda$new$0(47)) - omNode-2@group-523986131536->omNode-1: nextIndex: updateUnconditionally 18 -> 12
2021-10-31 01:05:21,614 [grpc-default-executor-6] INFO  server.RaftServer$Division (RaftServerImpl.java:checkInconsistentAppendEntries(1322)) - omNode-1@group-523986131536: Failed appendEntries as previous log entry ((t:4, i:17)) is not found
2021-10-31 01:05:21,615 [grpc-default-executor-6] INFO  server.RaftServer$Division (RaftServerImpl.java:checkInconsistentAppendEntries(1288)) - omNode-1@group-523986131536: inconsistency entries. Reply:omNode-2<-omNode-1#9011:FAIL-t4,INCONSISTENCY,nextIndex=12,followerCommit=11
2021-10-31 01:05:21,615 [grpc-default-executor-6] INFO  leader.FollowerInfo (FollowerInfoImpl.java:lambda$new$0(47)) - omNode-2@group-523986131536->omNode-1: nextIndex: updateUnconditionally 18 -> 12
2021-10-31 01:05:22,116 [grpc-default-executor-6] INFO  server.RaftServer$Division (RaftServerImpl.java:checkInconsistentAppendEntries(1322)) - omNode-1@group-523986131536: Failed appendEntries as previous log entry ((t:4, i:17)) is not found
2021-10-31 01:05:22,116 [grpc-default-executor-6] INFO  server.RaftServer$Division (RaftServerImpl.java:checkInconsistentAppendEntries(1288)) - omNode-1@group-523986131536: inconsistency entries. Reply:omNode-2<-omNode-1#9062:FAIL-t4,INCONSISTENCY,nextIndex=12,followerCommit=11
2021-10-31 01:05:22,117 [grpc-default-executor-6] INFO  leader.FollowerInfo (FollowerInfoImpl.java:lambda$new$0(47)) - omNode-2@group-523986131536->omNode-1: nextIndex: updateUnconditionally 18 -> 12
2021-10-31 01:05:22,618 [grpc-default-executor-2] INFO  server.RaftServer$Division (RaftServerImpl.java:checkInconsistentAppendEntries(1322)) - omNode-1@group-523986131536: Failed appendEntries as previous log entry ((t:4, i:17)) is not found
2021-10-31 01:05:22,618 [grpc-default-executor-2] INFO  server.RaftServer$Division (RaftServerImpl.java:checkInconsistentAppendEntries(1288)) - omNode-1@group-523986131536: inconsistency entries. Reply:omNode-2<-omNode-1#9113:FAIL-t4,INCONSISTENCY,nextIndex=12,followerCommit=11
2021-10-31 01:05:22,618 [grpc-default-executor-2] INFO  leader.FollowerInfo (FollowerInfoImpl.java:lambda$new$0(47)) - omNode-2@group-523986131536->omNode-1: nextIndex: updateUnconditionally 18 -> 12
2021-10-31 01:05:23,120 [grpc-default-executor-2] INFO  server.RaftServer$Division (RaftServerImpl.java:checkInconsistentAppendEntries(1322)) - omNode-1@group-523986131536: Failed appendEntries as previous log entry ((t:4, i:17)) is not found
2021-10-31 01:05:23,120 [grpc-default-executor-2] INFO  server.RaftServer$Division (RaftServerImpl.java:checkInconsistentAppendEntries(1288)) - omNode-1@group-523986131536: inconsistency entries. Reply:omNode-2<-omNode-1#9164:FAIL-t4,INCONSISTENCY,nextIndex=12,followerCommit=11
2021-10-31 01:05:23,120 [grpc-default-executor-6] INFO  leader.FollowerInfo (FollowerInfoImpl.java:lambda$new$0(47)) - omNode-2@group-523986131536->omNode-1: nextIndex: updateUnconditionally 18 -> 12
2021-10-31 01:05:23,622 [grpc-default-executor-6] INFO  server.RaftServer$Division (RaftServerImpl.java:checkInconsistentAppendEntries(1322)) - omNode-1@group-523986131536: Failed appendEntries as previous log entry ((t:4, i:17)) is not found
2021-10-31 01:05:23,622 [grpc-default-executor-6] INFO  server.RaftServer$Division (RaftServerImpl.java:checkInconsistentAppendEntries(1288)) - omNode-1@group-523986131536: inconsistency entries. Reply:omNode-2<-omNode-1#9215:FAIL-t4,INCONSISTENCY,nextIndex=12,followerCommit=11
2021-10-31 01:05:23,622 [grpc-default-executor-6] INFO  leader.FollowerInfo (FollowerInfoImpl.java:lambda$new$0(47)) - omNode-2@group-523986131536->omNode-1: nextIndex: updateUnconditionally 18 -> 12
2021-10-31 01:05:24,124 [grpc-default-executor-6] INFO  server.RaftServer$Division (RaftServerImpl.java:checkInconsistentAppendEntries(1322)) - omNode-1@group-523986131536: Failed appendEntries as previous log entry ((t:4, i:17)) is not found
2021-10-31 01:05:24,124 [grpc-default-executor-6] INFO  server.RaftServer$Division (RaftServerImpl.java:checkInconsistentAppendEntries(1288)) - omNode-1@group-523986131536: inconsistency entries. Reply:omNode-2<-omNode-1#9266:FAIL-t4,INCONSISTENCY,nextIndex=12,followerCommit=11
2021-10-31 01:05:24,124 [grpc-default-executor-6] INFO  leader.FollowerInfo (FollowerInfoImpl.java:lambda$new$0(47)) - omNode-2@group-523986131536->omNode-1: nextIndex: updateUnconditionally 18 -> 12
2021-10-31 01:05:24,625 [grpc-default-executor-2] INFO  server.RaftServer$Division (RaftServerImpl.java:checkInconsistentAppendEntries(1322)) - omNode-1@group-523986131536: Failed appendEntries as previous log entry ((t:4, i:17)) is not found
2021-10-31 01:05:24,626 [grpc-default-executor-2] INFO  server.RaftServer$Division (RaftServerImpl.java:checkInconsistentAppendEntries(1288)) - omNode-1@group-523986131536: inconsistency entries. Reply:omNode-2<-omNode-1#9316:FAIL-t4,INCONSISTENCY,nextIndex=12,followerCommit=11
2021-10-31 01:05:24,626 [grpc-default-executor-6] INFO  leader.FollowerInfo (FollowerInfoImpl.java:lambda$new$0(47)) - omNode-2@group-523986131536->omNode-1: nextIndex: updateUnconditionally 18 -> 12
2021-10-31 01:05:25,128 [grpc-default-executor-2] INFO  server.RaftServer$Division (RaftServerImpl.java:checkInconsistentAppendEntries(1322)) - omNode-1@group-523986131536: Failed appendEntries as previous log entry ((t:4, i:17)) is not found
2021-10-31 01:05:25,128 [grpc-default-executor-2] INFO  server.RaftServer$Division (RaftServerImpl.java:checkInconsistentAppendEntries(1288)) - omNode-1@group-523986131536: inconsistency entries. Reply:omNode-2<-omNode-1#9367:FAIL-t4,INCONSISTENCY,nextIndex=12,followerCommit=11
2021-10-31 01:05:25,129 [grpc-default-executor-2] INFO  leader.FollowerInfo (FollowerInfoImpl.java:lambda$new$0(47)) - omNode-2@group-523986131536->omNode-1: nextIndex: updateUnconditionally 18 -> 12
2021-10-31 01:05:25,631 [grpc-default-executor-6] INFO  server.RaftServer$Division (RaftServerImpl.java:checkInconsistentAppendEntries(1322)) - omNode-1@group-523986131536: Failed appendEntries as previous log entry ((t:4, i:17)) is not found
2021-10-31 01:05:25,631 [grpc-default-executor-6] INFO  server.RaftServer$Division (RaftServerImpl.java:checkInconsistentAppendEntries(1288)) - omNode-1@group-523986131536: inconsistency entries. Reply:omNode-2<-omNode-1#9418:FAIL-t4,INCONSISTENCY,nextIndex=12,followerCommit=11
2021-10-31 01:05:25,632 [grpc-default-executor-6] INFO  leader.FollowerInfo (FollowerInfoImpl.java:lambda$new$0(47)) - omNode-2@group-523986131536->omNode-1: nextIndex: updateUnconditionally 18 -> 12
2021-10-31 01:05:26,134 [grpc-default-executor-6] INFO  server.RaftServer$Division (RaftServerImpl.java:checkInconsistentAppendEntries(1322)) - omNode-1@group-523986131536: Failed appendEntries as previous log entry ((t:4, i:17)) is not found
2021-10-31 01:05:26,134 [grpc-default-executor-6] INFO  server.RaftServer$Division (RaftServerImpl.java:checkInconsistentAppendEntries(1288)) - omNode-1@group-523986131536: inconsistency entries. Reply:omNode-2<-omNode-1#9469:FAIL-t4,INCONSISTENCY,nextIndex=12,followerCommit=11
2021-10-31 01:05:26,134 [grpc-default-executor-2] INFO  leader.FollowerInfo (FollowerInfoImpl.java:lambda$new$0(47)) - omNode-2@group-523986131536->omNode-1: nextIndex: updateUnconditionally 18 -> 12
2021-10-31 01:05:26,635 [grpc-default-executor-6] INFO  server.RaftServer$Division (RaftServerImpl.java:checkInconsistentAppendEntries(1322)) - omNode-1@group-523986131536: Failed appendEntries as previous log entry ((t:4, i:17)) is not found
2021-10-31 01:05:26,636 [grpc-default-executor-6] INFO  server.RaftServer$Division (RaftServerImpl.java:checkInconsistentAppendEntries(1288)) - omNode-1@group-523986131536: inconsistency entries. Reply:omNode-2<-omNode-1#9520:FAIL-t4,INCONSISTENCY,nextIndex=12,followerCommit=11
2021-10-31 01:05:26,636 [grpc-default-executor-6] INFO  leader.FollowerInfo (FollowerInfoImpl.java:lambda$new$0(47)) - omNode-2@group-523986131536->omNode-1: nextIndex: updateUnconditionally 18 -> 12
2021-10-31 01:05:27,137 [grpc-default-executor-6] INFO  server.RaftServer$Division (RaftServerImpl.java:checkInconsistentAppendEntries(1322)) - omNode-1@group-523986131536: Failed appendEntries as previous log entry ((t:4, i:17)) is not found
2021-10-31 01:05:27,138 [grpc-default-executor-6] INFO  server.RaftServer$Division (RaftServerImpl.java:checkInconsistentAppendEntries(1288)) - omNode-1@group-523986131536: inconsistency entries. Reply:omNode-2<-omNode-1#9571:FAIL-t4,INCONSISTENCY,nextIndex=12,followerCommit=11
2021-10-31 01:05:27,141 [grpc-default-executor-6] INFO  leader.FollowerInfo (FollowerInfoImpl.java:lambda$new$0(47)) - omNode-2@group-523986131536->omNode-1: nextIndex: updateUnconditionally 18 -> 12
2021-10-31 01:05:27,643 [grpc-default-executor-6] INFO  server.RaftServer$Division (RaftServerImpl.java:checkInconsistentAppendEntries(1322)) - omNode-1@group-523986131536: Failed appendEntries as previous log entry ((t:4, i:17)) is not found
2021-10-31 01:05:27,643 [grpc-default-executor-6] INFO  server.RaftServer$Division (RaftServerImpl.java:checkInconsistentAppendEntries(1288)) - omNode-1@group-523986131536: inconsistency entries. Reply:omNode-2<-omNode-1#9622:FAIL-t4,INCONSISTENCY,nextIndex=12,followerCommit=11
2021-10-31 01:05:27,644 [grpc-default-executor-6] INFO  leader.FollowerInfo (FollowerInfoImpl.java:lambda$new$0(47)) - omNode-2@group-523986131536->omNode-1: nextIndex: updateUnconditionally 18 -> 12
2021-10-31 01:05:28,145 [grpc-default-executor-6] INFO  server.RaftServer$Division (RaftServerImpl.java:checkInconsistentAppendEntries(1322)) - omNode-1@group-523986131536: Failed appendEntries as previous log entry ((t:4, i:17)) is not found
2021-10-31 01:05:28,145 [grpc-default-executor-6] INFO  server.RaftServer$Division (RaftServerImpl.java:checkInconsistentAppendEntries(1288)) - omNode-1@group-523986131536: inconsistency entries. Reply:omNode-2<-omNode-1#9673:FAIL-t4,INCONSISTENCY,nextIndex=12,followerCommit=11
2021-10-31 01:05:28,146 [grpc-default-executor-6] INFO  leader.FollowerInfo (FollowerInfoImpl.java:lambda$new$0(47)) - omNode-2@group-523986131536->omNode-1: nextIndex: updateUnconditionally 18 -> 12
2021-10-31 01:05:28,647 [grpc-default-executor-6] INFO  server.RaftServer$Division (RaftServerImpl.java:checkInconsistentAppendEntries(1322)) - omNode-1@group-523986131536: Failed appendEntries as previous log entry ((t:4, i:17)) is not found
2021-10-31 01:05:28,647 [grpc-default-executor-6] INFO  server.RaftServer$Division (RaftServerImpl.java:checkInconsistentAppendEntries(1288)) - omNode-1@group-523986131536: inconsistency entries. Reply:omNode-2<-omNode-1#9724:FAIL-t4,INCONSISTENCY,nextIndex=12,followerCommit=11
2021-10-31 01:05:28,647 [grpc-default-executor-6] INFO  leader.FollowerInfo (FollowerInfoImpl.java:lambda$new$0(47)) - omNode-2@group-523986131536->omNode-1: nextIndex: updateUnconditionally 18 -> 12
2021-10-31 01:05:29,149 [grpc-default-executor-2] INFO  server.RaftServer$Division (RaftServerImpl.java:checkInconsistentAppendEntries(1322)) - omNode-1@group-523986131536: Failed appendEntries as previous log entry ((t:4, i:17)) is not found
2021-10-31 01:05:29,149 [grpc-default-executor-2] INFO  server.RaftServer$Division (RaftServerImpl.java:checkInconsistentAppendEntries(1288)) - omNode-1@group-523986131536: inconsistency entries. Reply:omNode-2<-omNode-1#9775:FAIL-t4,INCONSISTENCY,nextIndex=12,followerCommit=11
2021-10-31 01:05:29,150 [grpc-default-executor-2] INFO  leader.FollowerInfo (FollowerInfoImpl.java:lambda$new$0(47)) - omNode-2@group-523986131536->omNode-1: nextIndex: updateUnconditionally 18 -> 12
2021-10-31 01:05:29,651 [grpc-default-executor-6] INFO  server.RaftServer$Division (RaftServerImpl.java:checkInconsistentAppendEntries(1322)) - omNode-1@group-523986131536: Failed appendEntries as previous log entry ((t:4, i:17)) is not found
2021-10-31 01:05:29,651 [grpc-default-executor-6] INFO  server.RaftServer$Division (RaftServerImpl.java:checkInconsistentAppendEntries(1288)) - omNode-1@group-523986131536: inconsistency entries. Reply:omNode-2<-omNode-1#9826:FAIL-t4,INCONSISTENCY,nextIndex=12,followerCommit=11
2021-10-31 01:05:29,651 [grpc-default-executor-6] INFO  leader.FollowerInfo (FollowerInfoImpl.java:lambda$new$0(47)) - omNode-2@group-523986131536->omNode-1: nextIndex: updateUnconditionally 18 -> 12
2021-10-31 01:05:30,153 [grpc-default-executor-6] INFO  server.RaftServer$Division (RaftServerImpl.java:checkInconsistentAppendEntries(1322)) - omNode-1@group-523986131536: Failed appendEntries as previous log entry ((t:4, i:17)) is not found
2021-10-31 01:05:30,153 [grpc-default-executor-6] INFO  server.RaftServer$Division (RaftServerImpl.java:checkInconsistentAppendEntries(1288)) - omNode-1@group-523986131536: inconsistency entries. Reply:omNode-2<-omNode-1#9877:FAIL-t4,INCONSISTENCY,nextIndex=12,followerCommit=11
2021-10-31 01:05:30,153 [grpc-default-executor-6] INFO  leader.FollowerInfo (FollowerInfoImpl.java:lambda$new$0(47)) - omNode-2@group-523986131536->omNode-1: nextIndex: updateUnconditionally 18 -> 12
2021-10-31 01:05:30,654 [grpc-default-executor-6] INFO  server.RaftServer$Division (RaftServerImpl.java:checkInconsistentAppendEntries(1322)) - omNode-1@group-523986131536: Failed appendEntries as previous log entry ((t:4, i:17)) is not found
2021-10-31 01:05:30,655 [grpc-default-executor-6] INFO  server.RaftServer$Division (RaftServerImpl.java:checkInconsistentAppendEntries(1288)) - omNode-1@group-523986131536: inconsistency entries. Reply:omNode-2<-omNode-1#9928:FAIL-t4,INCONSISTENCY,nextIndex=12,followerCommit=11
2021-10-31 01:05:30,655 [grpc-default-executor-6] INFO  leader.FollowerInfo (FollowerInfoImpl.java:lambda$new$0(47)) - omNode-2@group-523986131536->omNode-1: nextIndex: updateUnconditionally 18 -> 12
2021-10-31 01:05:31,156 [grpc-default-executor-6] INFO  server.RaftServer$Division (RaftServerImpl.java:checkInconsistentAppendEntries(1322)) - omNode-1@group-523986131536: Failed appendEntries as previous log entry ((t:4, i:17)) is not found
2021-10-31 01:05:31,156 [grpc-default-executor-6] INFO  server.RaftServer$Division (RaftServerImpl.java:checkInconsistentAppendEntries(1288)) - omNode-1@group-523986131536: inconsistency entries. Reply:omNode-2<-omNode-1#9979:FAIL-t4,INCONSISTENCY,nextIndex=12,followerCommit=11
2021-10-31 01:05:31,156 [grpc-default-executor-6] INFO  leader.FollowerInfo (FollowerInfoImpl.java:lambda$new$0(47)) - omNode-2@group-523986131536->omNode-1: nextIndex: updateUnconditionally 18 -> 12
2021-10-31 01:05:31,657 [grpc-default-executor-6] INFO  server.RaftServer$Division (RaftServerImpl.java:checkInconsistentAppendEntries(1322)) - omNode-1@group-523986131536: Failed appendEntries as previous log entry ((t:4, i:17)) is not found
2021-10-31 01:05:31,658 [grpc-default-executor-6] INFO  server.RaftServer$Division (RaftServerImpl.java:checkInconsistentAppendEntries(1288)) - omNode-1@group-523986131536: inconsistency entries. Reply:omNode-2<-omNode-1#10030:FAIL-t4,INCONSISTENCY,nextIndex=12,followerCommit=11
2021-10-31 01:05:31,658 [grpc-default-executor-6] INFO  leader.FollowerInfo (FollowerInfoImpl.java:lambda$new$0(47)) - omNode-2@group-523986131536->omNode-1: nextIndex: updateUnconditionally 18 -> 12
2021-10-31 01:05:32,159 [grpc-default-executor-6] INFO  server.RaftServer$Division (RaftServerImpl.java:checkInconsistentAppendEntries(1322)) - omNode-1@group-523986131536: Failed appendEntries as previous log entry ((t:4, i:17)) is not found
2021-10-31 01:05:32,160 [grpc-default-executor-6] INFO  server.RaftServer$Division (RaftServerImpl.java:checkInconsistentAppendEntries(1288)) - omNode-1@group-523986131536: inconsistency entries. Reply:omNode-2<-omNode-1#10081:FAIL-t4,INCONSISTENCY,nextIndex=12,followerCommit=11
2021-10-31 01:05:32,160 [grpc-default-executor-6] INFO  leader.FollowerInfo (FollowerInfoImpl.java:lambda$new$0(47)) - omNode-2@group-523986131536->omNode-1: nextIndex: updateUnconditionally 18 -> 12
2021-10-31 01:05:32,662 [grpc-default-executor-6] INFO  server.RaftServer$Division (RaftServerImpl.java:checkInconsistentAppendEntries(1322)) - omNode-1@group-523986131536: Failed appendEntries as previous log entry ((t:4, i:17)) is not found
2021-10-31 01:05:32,662 [grpc-default-executor-6] INFO  server.RaftServer$Division (RaftServerImpl.java:checkInconsistentAppendEntries(1288)) - omNode-1@group-523986131536: inconsistency entries. Reply:omNode-2<-omNode-1#10132:FAIL-t4,INCONSISTENCY,nextIndex=12,followerCommit=11
2021-10-31 01:05:32,662 [grpc-default-executor-6] INFO  leader.FollowerInfo (FollowerInfoImpl.java:lambda$new$0(47)) - omNode-2@group-523986131536->omNode-1: nextIndex: updateUnconditionally 18 -> 12
2021-10-31 01:05:33,163 [grpc-default-executor-6] INFO  server.RaftServer$Division (RaftServerImpl.java:checkInconsistentAppendEntries(1322)) - omNode-1@group-523986131536: Failed appendEntries as previous log entry ((t:4, i:17)) is not found
2021-10-31 01:05:33,163 [grpc-default-executor-6] INFO  server.RaftServer$Division (RaftServerImpl.java:checkInconsistentAppendEntries(1288)) - omNode-1@group-523986131536: inconsistency entries. Reply:omNode-2<-omNode-1#10183:FAIL-t4,INCONSISTENCY,nextIndex=12,followerCommit=11
2021-10-31 01:05:33,164 [grpc-default-executor-6] INFO  leader.FollowerInfo (FollowerInfoImpl.java:lambda$new$0(47)) - omNode-2@group-523986131536->omNode-1: nextIndex: updateUnconditionally 18 -> 12
2021-10-31 01:05:33,665 [grpc-default-executor-6] INFO  server.RaftServer$Division (RaftServerImpl.java:checkInconsistentAppendEntries(1322)) - omNode-1@group-523986131536: Failed appendEntries as previous log entry ((t:4, i:17)) is not found
2021-10-31 01:05:33,665 [grpc-default-executor-6] INFO  server.RaftServer$Division (RaftServerImpl.java:checkInconsistentAppendEntries(1288)) - omNode-1@group-523986131536: inconsistency entries. Reply:omNode-2<-omNode-1#10234:FAIL-t4,INCONSISTENCY,nextIndex=12,followerCommit=11
2021-10-31 01:05:33,666 [grpc-default-executor-6] INFO  leader.FollowerInfo (FollowerInfoImpl.java:lambda$new$0(47)) - omNode-2@group-523986131536->omNode-1: nextIndex: updateUnconditionally 18 -> 12
2021-10-31 01:05:34,167 [grpc-default-executor-2] INFO  server.RaftServer$Division (RaftServerImpl.java:checkInconsistentAppendEntries(1322)) - omNode-1@group-523986131536: Failed appendEntries as previous log entry ((t:4, i:17)) is not found
2021-10-31 01:05:34,167 [grpc-default-executor-2] INFO  server.RaftServer$Division (RaftServerImpl.java:checkInconsistentAppendEntries(1288)) - omNode-1@group-523986131536: inconsistency entries. Reply:omNode-2<-omNode-1#10285:FAIL-t4,INCONSISTENCY,nextIndex=12,followerCommit=11
2021-10-31 01:05:34,167 [grpc-default-executor-2] INFO  leader.FollowerInfo (FollowerInfoImpl.java:lambda$new$0(47)) - omNode-2@group-523986131536->omNode-1: nextIndex: updateUnconditionally 18 -> 12
2021-10-31 01:05:34,669 [grpc-default-executor-2] INFO  server.RaftServer$Division (RaftServerImpl.java:checkInconsistentAppendEntries(1322)) - omNode-1@group-523986131536: Failed appendEntries as previous log entry ((t:4, i:17)) is not found
2021-10-31 01:05:34,670 [grpc-default-executor-2] INFO  server.RaftServer$Division (RaftServerImpl.java:checkInconsistentAppendEntries(1288)) - omNode-1@group-523986131536: inconsistency entries. Reply:omNode-2<-omNode-1#10336:FAIL-t4,INCONSISTENCY,nextIndex=12,followerCommit=11
2021-10-31 01:05:34,670 [grpc-default-executor-2] INFO  leader.FollowerInfo (FollowerInfoImpl.java:lambda$new$0(47)) - omNode-2@group-523986131536->omNode-1: nextIndex: updateUnconditionally 18 -> 12
2021-10-31 01:05:35,172 [grpc-default-executor-2] INFO  server.RaftServer$Division (RaftServerImpl.java:checkInconsistentAppendEntries(1322)) - omNode-1@group-523986131536: Failed appendEntries as previous log entry ((t:4, i:17)) is not found
2021-10-31 01:05:35,172 [grpc-default-executor-2] INFO  server.RaftServer$Division (RaftServerImpl.java:checkInconsistentAppendEntries(1288)) - omNode-1@group-523986131536: inconsistency entries. Reply:omNode-2<-omNode-1#10387:FAIL-t4,INCONSISTENCY,nextIndex=12,followerCommit=11
2021-10-31 01:05:35,172 [grpc-default-executor-6] INFO  leader.FollowerInfo (FollowerInfoImpl.java:lambda$new$0(47)) - omNode-2@group-523986131536->omNode-1: nextIndex: updateUnconditionally 18 -> 12
2021-10-31 01:05:35,673 [grpc-default-executor-2] INFO  server.RaftServer$Division (RaftServerImpl.java:checkInconsistentAppendEntries(1322)) - omNode-1@group-523986131536: Failed appendEntries as previous log entry ((t:4, i:17)) is not found
2021-10-31 01:05:35,674 [grpc-default-executor-2] INFO  server.RaftServer$Division (RaftServerImpl.java:checkInconsistentAppendEntries(1288)) - omNode-1@group-523986131536: inconsistency entries. Reply:omNode-2<-omNode-1#10438:FAIL-t4,INCONSISTENCY,nextIndex=12,followerCommit=11
2021-10-31 01:05:35,674 [grpc-default-executor-2] INFO  leader.FollowerInfo (FollowerInfoImpl.java:lambda$new$0(47)) - omNode-2@group-523986131536->omNode-1: nextIndex: updateUnconditionally 18 -> 12
2021-10-31 01:05:36,176 [grpc-default-executor-2] INFO  server.RaftServer$Division (RaftServerImpl.java:checkInconsistentAppendEntries(1322)) - omNode-1@group-523986131536: Failed appendEntries as previous log entry ((t:4, i:17)) is not found
2021-10-31 01:05:36,176 [grpc-default-executor-2] INFO  server.RaftServer$Division (RaftServerImpl.java:checkInconsistentAppendEntries(1288)) - omNode-1@group-523986131536: inconsistency entries. Reply:omNode-2<-omNode-1#10489:FAIL-t4,INCONSISTENCY,nextIndex=12,followerCommit=11
2021-10-31 01:05:36,177 [grpc-default-executor-2] INFO  leader.FollowerInfo (FollowerInfoImpl.java:lambda$new$0(47)) - omNode-2@group-523986131536->omNode-1: nextIndex: updateUnconditionally 18 -> 12
2021-10-31 01:05:36,678 [grpc-default-executor-6] INFO  server.RaftServer$Division (RaftServerImpl.java:checkInconsistentAppendEntries(1322)) - omNode-1@group-523986131536: Failed appendEntries as previous log entry ((t:4, i:17)) is not found
2021-10-31 01:05:36,678 [grpc-default-executor-6] INFO  server.RaftServer$Division (RaftServerImpl.java:checkInconsistentAppendEntries(1288)) - omNode-1@group-523986131536: inconsistency entries. Reply:omNode-2<-omNode-1#10540:FAIL-t4,INCONSISTENCY,nextIndex=12,followerCommit=11
2021-10-31 01:05:36,679 [grpc-default-executor-6] INFO  leader.FollowerInfo (FollowerInfoImpl.java:lambda$new$0(47)) - omNode-2@group-523986131536->omNode-1: nextIndex: updateUnconditionally 18 -> 12
2021-10-31 01:05:37,180 [grpc-default-executor-2] INFO  server.RaftServer$Division (RaftServerImpl.java:checkInconsistentAppendEntries(1322)) - omNode-1@group-523986131536: Failed appendEntries as previous log entry ((t:4, i:17)) is not found
2021-10-31 01:05:37,180 [grpc-default-executor-2] INFO  server.RaftServer$Division (RaftServerImpl.java:checkInconsistentAppendEntries(1288)) - omNode-1@group-523986131536: inconsistency entries. Reply:omNode-2<-omNode-1#10591:FAIL-t4,INCONSISTENCY,nextIndex=12,followerCommit=11
2021-10-31 01:05:37,180 [grpc-default-executor-2] INFO  leader.FollowerInfo (FollowerInfoImpl.java:lambda$new$0(47)) - omNode-2@group-523986131536->omNode-1: nextIndex: updateUnconditionally 18 -> 12
2021-10-31 01:05:37,682 [grpc-default-executor-2] INFO  server.RaftServer$Division (RaftServerImpl.java:checkInconsistentAppendEntries(1322)) - omNode-1@group-523986131536: Failed appendEntries as previous log entry ((t:4, i:17)) is not found
2021-10-31 01:05:37,682 [grpc-default-executor-2] INFO  server.RaftServer$Division (RaftServerImpl.java:checkInconsistentAppendEntries(1288)) - omNode-1@group-523986131536: inconsistency entries. Reply:omNode-2<-omNode-1#10642:FAIL-t4,INCONSISTENCY,nextIndex=12,followerCommit=11
2021-10-31 01:05:37,682 [grpc-default-executor-2] INFO  leader.FollowerInfo (FollowerInfoImpl.java:lambda$new$0(47)) - omNode-2@group-523986131536->omNode-1: nextIndex: updateUnconditionally 18 -> 12
2021-10-31 01:05:38,184 [grpc-default-executor-2] INFO  server.RaftServer$Division (RaftServerImpl.java:checkInconsistentAppendEntries(1322)) - omNode-1@group-523986131536: Failed appendEntries as previous log entry ((t:4, i:17)) is not found
2021-10-31 01:05:38,185 [grpc-default-executor-2] INFO  server.RaftServer$Division (RaftServerImpl.java:checkInconsistentAppendEntries(1288)) - omNode-1@group-523986131536: inconsistency entries. Reply:omNode-2<-omNode-1#10693:FAIL-t4,INCONSISTENCY,nextIndex=12,followerCommit=11
2021-10-31 01:05:38,185 [grpc-default-executor-2] INFO  leader.FollowerInfo (FollowerInfoImpl.java:lambda$new$0(47)) - omNode-2@group-523986131536->omNode-1: nextIndex: updateUnconditionally 18 -> 12
2021-10-31 01:05:38,686 [grpc-default-executor-2] INFO  server.RaftServer$Division (RaftServerImpl.java:checkInconsistentAppendEntries(1322)) - omNode-1@group-523986131536: Failed appendEntries as previous log entry ((t:4, i:17)) is not found
2021-10-31 01:05:38,686 [grpc-default-executor-2] INFO  server.RaftServer$Division (RaftServerImpl.java:checkInconsistentAppendEntries(1288)) - omNode-1@group-523986131536: inconsistency entries. Reply:omNode-2<-omNode-1#10744:FAIL-t4,INCONSISTENCY,nextIndex=12,followerCommit=11
2021-10-31 01:05:38,687 [grpc-default-executor-2] INFO  leader.FollowerInfo (FollowerInfoImpl.java:lambda$new$0(47)) - omNode-2@group-523986131536->omNode-1: nextIndex: updateUnconditionally 18 -> 12
2021-10-31 01:05:39,188 [grpc-default-executor-2] INFO  server.RaftServer$Division (RaftServerImpl.java:checkInconsistentAppendEntries(1322)) - omNode-1@group-523986131536: Failed appendEntries as previous log entry ((t:4, i:17)) is not found
2021-10-31 01:05:39,189 [grpc-default-executor-2] INFO  server.RaftServer$Division (RaftServerImpl.java:checkInconsistentAppendEntries(1288)) - omNode-1@group-523986131536: inconsistency entries. Reply:omNode-2<-omNode-1#10795:FAIL-t4,INCONSISTENCY,nextIndex=12,followerCommit=11
2021-10-31 01:05:39,189 [grpc-default-executor-2] INFO  leader.FollowerInfo (FollowerInfoImpl.java:lambda$new$0(47)) - omNode-2@group-523986131536->omNode-1: nextIndex: updateUnconditionally 18 -> 12
2021-10-31 01:05:39,690 [grpc-default-executor-6] INFO  server.RaftServer$Division (RaftServerImpl.java:checkInconsistentAppendEntries(1322)) - omNode-1@group-523986131536: Failed appendEntries as previous log entry ((t:4, i:17)) is not found
2021-10-31 01:05:39,690 [grpc-default-executor-6] INFO  server.RaftServer$Division (RaftServerImpl.java:checkInconsistentAppendEntries(1288)) - omNode-1@group-523986131536: inconsistency entries. Reply:omNode-2<-omNode-1#10846:FAIL-t4,INCONSISTENCY,nextIndex=12,followerCommit=11
2021-10-31 01:05:39,691 [grpc-default-executor-6] INFO  leader.FollowerInfo (FollowerInfoImpl.java:lambda$new$0(47)) - omNode-2@group-523986131536->omNode-1: nextIndex: updateUnconditionally 18 -> 12
2021-10-31 01:05:40,192 [grpc-default-executor-6] INFO  server.RaftServer$Division (RaftServerImpl.java:checkInconsistentAppendEntries(1322)) - omNode-1@group-523986131536: Failed appendEntries as previous log entry ((t:4, i:17)) is not found
2021-10-31 01:05:40,192 [grpc-default-executor-6] INFO  server.RaftServer$Division (RaftServerImpl.java:checkInconsistentAppendEntries(1288)) - omNode-1@group-523986131536: inconsistency entries. Reply:omNode-2<-omNode-1#10897:FAIL-t4,INCONSISTENCY,nextIndex=12,followerCommit=11
2021-10-31 01:05:40,193 [grpc-default-executor-6] INFO  leader.FollowerInfo (FollowerInfoImpl.java:lambda$new$0(47)) - omNode-2@group-523986131536->omNode-1: nextIndex: updateUnconditionally 18 -> 12
2021-10-31 01:05:40,694 [grpc-default-executor-6] INFO  server.RaftServer$Division (RaftServerImpl.java:checkInconsistentAppendEntries(1322)) - omNode-1@group-523986131536: Failed appendEntries as previous log entry ((t:4, i:17)) is not found
2021-10-31 01:05:40,694 [grpc-default-executor-6] INFO  server.RaftServer$Division (RaftServerImpl.java:checkInconsistentAppendEntries(1288)) - omNode-1@group-523986131536: inconsistency entries. Reply:omNode-2<-omNode-1#10948:FAIL-t4,INCONSISTENCY,nextIndex=12,followerCommit=11
2021-10-31 01:05:40,695 [grpc-default-executor-6] INFO  leader.FollowerInfo (FollowerInfoImpl.java:lambda$new$0(47)) - omNode-2@group-523986131536->omNode-1: nextIndex: updateUnconditionally 18 -> 12
2021-10-31 01:05:41,196 [grpc-default-executor-6] INFO  server.RaftServer$Division (RaftServerImpl.java:checkInconsistentAppendEntries(1322)) - omNode-1@group-523986131536: Failed appendEntries as previous log entry ((t:4, i:17)) is not found
2021-10-31 01:05:41,197 [grpc-default-executor-6] INFO  server.RaftServer$Division (RaftServerImpl.java:checkInconsistentAppendEntries(1288)) - omNode-1@group-523986131536: inconsistency entries. Reply:omNode-2<-omNode-1#10999:FAIL-t4,INCONSISTENCY,nextIndex=12,followerCommit=11
2021-10-31 01:05:41,198 [grpc-default-executor-6] INFO  leader.FollowerInfo (FollowerInfoImpl.java:lambda$new$0(47)) - omNode-2@group-523986131536->omNode-1: nextIndex: updateUnconditionally 18 -> 12
2021-10-31 01:05:41,700 [grpc-default-executor-2] INFO  server.RaftServer$Division (RaftServerImpl.java:checkInconsistentAppendEntries(1322)) - omNode-1@group-523986131536: Failed appendEntries as previous log entry ((t:4, i:17)) is not found
2021-10-31 01:05:41,700 [grpc-default-executor-2] INFO  server.RaftServer$Division (RaftServerImpl.java:checkInconsistentAppendEntries(1288)) - omNode-1@group-523986131536: inconsistency entries. Reply:omNode-2<-omNode-1#11050:FAIL-t4,INCONSISTENCY,nextIndex=12,followerCommit=11
2021-10-31 01:05:41,700 [grpc-default-executor-2] INFO  leader.FollowerInfo (FollowerInfoImpl.java:lambda$new$0(47)) - omNode-2@group-523986131536->omNode-1: nextIndex: updateUnconditionally 18 -> 12
2021-10-31 01:05:42,202 [grpc-default-executor-2] INFO  server.RaftServer$Division (RaftServerImpl.java:checkInconsistentAppendEntries(1322)) - omNode-1@group-523986131536: Failed appendEntries as previous log entry ((t:4, i:17)) is not found
2021-10-31 01:05:42,202 [grpc-default-executor-2] INFO  server.RaftServer$Division (RaftServerImpl.java:checkInconsistentAppendEntries(1288)) - omNode-1@group-523986131536: inconsistency entries. Reply:omNode-2<-omNode-1#11101:FAIL-t4,INCONSISTENCY,nextIndex=12,followerCommit=11
2021-10-31 01:05:42,202 [grpc-default-executor-2] INFO  leader.FollowerInfo (FollowerInfoImpl.java:lambda$new$0(47)) - omNode-2@group-523986131536->omNode-1: nextIndex: updateUnconditionally 18 -> 12
2021-10-31 01:05:42,703 [grpc-default-executor-2] INFO  server.RaftServer$Division (RaftServerImpl.java:checkInconsistentAppendEntries(1322)) - omNode-1@group-523986131536: Failed appendEntries as previous log entry ((t:4, i:17)) is not found
2021-10-31 01:05:42,704 [grpc-default-executor-2] INFO  server.RaftServer$Division (RaftServerImpl.java:checkInconsistentAppendEntries(1288)) - omNode-1@group-523986131536: inconsistency entries. Reply:omNode-2<-omNode-1#11152:FAIL-t4,INCONSISTENCY,nextIndex=12,followerCommit=11
2021-10-31 01:05:42,704 [grpc-default-executor-2] INFO  leader.FollowerInfo (FollowerInfoImpl.java:lambda$new$0(47)) - omNode-2@group-523986131536->omNode-1: nextIndex: updateUnconditionally 18 -> 12
2021-10-31 01:05:43,207 [grpc-default-executor-2] INFO  server.RaftServer$Division (RaftServerImpl.java:checkInconsistentAppendEntries(1322)) - omNode-1@group-523986131536: Failed appendEntries as previous log entry ((t:4, i:17)) is not found
2021-10-31 01:05:43,207 [grpc-default-executor-2] INFO  server.RaftServer$Division (RaftServerImpl.java:checkInconsistentAppendEntries(1288)) - omNode-1@group-523986131536: inconsistency entries. Reply:omNode-2<-omNode-1#11203:FAIL-t4,INCONSISTENCY,nextIndex=12,followerCommit=11
2021-10-31 01:05:43,208 [grpc-default-executor-2] INFO  leader.FollowerInfo (FollowerInfoImpl.java:lambda$new$0(47)) - omNode-2@group-523986131536->omNode-1: nextIndex: updateUnconditionally 18 -> 12
2021-10-31 01:05:43,709 [grpc-default-executor-2] INFO  server.RaftServer$Division (RaftServerImpl.java:checkInconsistentAppendEntries(1322)) - omNode-1@group-523986131536: Failed appendEntries as previous log entry ((t:4, i:17)) is not found
2021-10-31 01:05:43,709 [grpc-default-executor-2] INFO  server.RaftServer$Division (RaftServerImpl.java:checkInconsistentAppendEntries(1288)) - omNode-1@group-523986131536: inconsistency entries. Reply:omNode-2<-omNode-1#11254:FAIL-t4,INCONSISTENCY,nextIndex=12,followerCommit=11
2021-10-31 01:05:43,710 [grpc-default-executor-2] INFO  leader.FollowerInfo (FollowerInfoImpl.java:lambda$new$0(47)) - omNode-2@group-523986131536->omNode-1: nextIndex: updateUnconditionally 18 -> 12
2021-10-31 01:05:44,211 [grpc-default-executor-2] INFO  server.RaftServer$Division (RaftServerImpl.java:checkInconsistentAppendEntries(1322)) - omNode-1@group-523986131536: Failed appendEntries as previous log entry ((t:4, i:17)) is not found
2021-10-31 01:05:44,211 [grpc-default-executor-2] INFO  server.RaftServer$Division (RaftServerImpl.java:checkInconsistentAppendEntries(1288)) - omNode-1@group-523986131536: inconsistency entries. Reply:omNode-2<-omNode-1#11305:FAIL-t4,INCONSISTENCY,nextIndex=12,followerCommit=11
2021-10-31 01:05:44,212 [grpc-default-executor-2] INFO  leader.FollowerInfo (FollowerInfoImpl.java:lambda$new$0(47)) - omNode-2@group-523986131536->omNode-1: nextIndex: updateUnconditionally 18 -> 12
2021-10-31 01:05:44,713 [grpc-default-executor-2] INFO  server.RaftServer$Division (RaftServerImpl.java:checkInconsistentAppendEntries(1322)) - omNode-1@group-523986131536: Failed appendEntries as previous log entry ((t:4, i:17)) is not found
2021-10-31 01:05:44,713 [grpc-default-executor-2] INFO  server.RaftServer$Division (RaftServerImpl.java:checkInconsistentAppendEntries(1288)) - omNode-1@group-523986131536: inconsistency entries. Reply:omNode-2<-omNode-1#11356:FAIL-t4,INCONSISTENCY,nextIndex=12,followerCommit=11
2021-10-31 01:05:44,714 [grpc-default-executor-2] INFO  leader.FollowerInfo (FollowerInfoImpl.java:lambda$new$0(47)) - omNode-2@group-523986131536->omNode-1: nextIndex: updateUnconditionally 18 -> 12
2021-10-31 01:05:45,215 [grpc-default-executor-2] INFO  server.RaftServer$Division (RaftServerImpl.java:checkInconsistentAppendEntries(1322)) - omNode-1@group-523986131536: Failed appendEntries as previous log entry ((t:4, i:17)) is not found
2021-10-31 01:05:45,215 [grpc-default-executor-2] INFO  server.RaftServer$Division (RaftServerImpl.java:checkInconsistentAppendEntries(1288)) - omNode-1@group-523986131536: inconsistency entries. Reply:omNode-2<-omNode-1#11407:FAIL-t4,INCONSISTENCY,nextIndex=12,followerCommit=11
2021-10-31 01:05:45,215 [grpc-default-executor-2] INFO  leader.FollowerInfo (FollowerInfoImpl.java:lambda$new$0(47)) - omNode-2@group-523986131536->omNode-1: nextIndex: updateUnconditionally 18 -> 12
2021-10-31 01:05:45,716 [grpc-default-executor-2] INFO  server.RaftServer$Division (RaftServerImpl.java:checkInconsistentAppendEntries(1322)) - omNode-1@group-523986131536: Failed appendEntries as previous log entry ((t:4, i:17)) is not found
2021-10-31 01:05:45,717 [grpc-default-executor-2] INFO  server.RaftServer$Division (RaftServerImpl.java:checkInconsistentAppendEntries(1288)) - omNode-1@group-523986131536: inconsistency entries. Reply:omNode-2<-omNode-1#11457:FAIL-t4,INCONSISTENCY,nextIndex=12,followerCommit=11
2021-10-31 01:05:45,717 [grpc-default-executor-2] INFO  leader.FollowerInfo (FollowerInfoImpl.java:lambda$new$0(47)) - omNode-2@group-523986131536->omNode-1: nextIndex: updateUnconditionally 18 -> 12
2021-10-31 01:05:46,219 [grpc-default-executor-2] INFO  server.RaftServer$Division (RaftServerImpl.java:checkInconsistentAppendEntries(1322)) - omNode-1@group-523986131536: Failed appendEntries as previous log entry ((t:4, i:17)) is not found
2021-10-31 01:05:46,219 [grpc-default-executor-2] INFO  server.RaftServer$Division (RaftServerImpl.java:checkInconsistentAppendEntries(1288)) - omNode-1@group-523986131536: inconsistency entries. Reply:omNode-2<-omNode-1#11508:FAIL-t4,INCONSISTENCY,nextIndex=12,followerCommit=11
2021-10-31 01:05:46,219 [grpc-default-executor-2] INFO  leader.FollowerInfo (FollowerInfoImpl.java:lambda$new$0(47)) - omNode-2@group-523986131536->omNode-1: nextIndex: updateUnconditionally 18 -> 12
2021-10-31 01:05:46,721 [grpc-default-executor-2] INFO  server.RaftServer$Division (RaftServerImpl.java:checkInconsistentAppendEntries(1322)) - omNode-1@group-523986131536: Failed appendEntries as previous log entry ((t:4, i:17)) is not found
2021-10-31 01:05:46,721 [grpc-default-executor-2] INFO  server.RaftServer$Division (RaftServerImpl.java:checkInconsistentAppendEntries(1288)) - omNode-1@group-523986131536: inconsistency entries. Reply:omNode-2<-omNode-1#11559:FAIL-t4,INCONSISTENCY,nextIndex=12,followerCommit=11
2021-10-31 01:05:46,721 [grpc-default-executor-2] INFO  leader.FollowerInfo (FollowerInfoImpl.java:lambda$new$0(47)) - omNode-2@group-523986131536->omNode-1: nextIndex: updateUnconditionally 18 -> 12
2021-10-31 01:05:47,223 [grpc-default-executor-6] INFO  server.RaftServer$Division (RaftServerImpl.java:checkInconsistentAppendEntries(1322)) - omNode-1@group-523986131536: Failed appendEntries as previous log entry ((t:4, i:17)) is not found
2021-10-31 01:05:47,223 [grpc-default-executor-6] INFO  server.RaftServer$Division (RaftServerImpl.java:checkInconsistentAppendEntries(1288)) - omNode-1@group-523986131536: inconsistency entries. Reply:omNode-2<-omNode-1#11610:FAIL-t4,INCONSISTENCY,nextIndex=12,followerCommit=11
2021-10-31 01:05:47,223 [grpc-default-executor-6] INFO  leader.FollowerInfo (FollowerInfoImpl.java:lambda$new$0(47)) - omNode-2@group-523986131536->omNode-1: nextIndex: updateUnconditionally 18 -> 12
2021-10-31 01:05:47,724 [grpc-default-executor-6] INFO  server.RaftServer$Division (RaftServerImpl.java:checkInconsistentAppendEntries(1322)) - omNode-1@group-523986131536: Failed appendEntries as previous log entry ((t:4, i:17)) is not found
2021-10-31 01:05:47,725 [grpc-default-executor-6] INFO  server.RaftServer$Division (RaftServerImpl.java:checkInconsistentAppendEntries(1288)) - omNode-1@group-523986131536: inconsistency entries. Reply:omNode-2<-omNode-1#11661:FAIL-t4,INCONSISTENCY,nextIndex=12,followerCommit=11
2021-10-31 01:05:47,725 [grpc-default-executor-6] INFO  leader.FollowerInfo (FollowerInfoImpl.java:lambda$new$0(47)) - omNode-2@group-523986131536->omNode-1: nextIndex: updateUnconditionally 18 -> 12
2021-10-31 01:05:48,227 [grpc-default-executor-6] INFO  server.RaftServer$Division (RaftServerImpl.java:checkInconsistentAppendEntries(1322)) - omNode-1@group-523986131536: Failed appendEntries as previous log entry ((t:4, i:17)) is not found
2021-10-31 01:05:48,227 [grpc-default-executor-6] INFO  server.RaftServer$Division (RaftServerImpl.java:checkInconsistentAppendEntries(1288)) - omNode-1@group-523986131536: inconsistency entries. Reply:omNode-2<-omNode-1#11711:FAIL-t4,INCONSISTENCY,nextIndex=12,followerCommit=11
2021-10-31 01:05:48,227 [grpc-default-executor-6] INFO  leader.FollowerInfo (FollowerInfoImpl.java:lambda$new$0(47)) - omNode-2@group-523986131536->omNode-1: nextIndex: updateUnconditionally 18 -> 12
2021-10-31 01:05:48,729 [grpc-default-executor-6] INFO  server.RaftServer$Division (RaftServerImpl.java:checkInconsistentAppendEntries(1322)) - omNode-1@group-523986131536: Failed appendEntries as previous log entry ((t:4, i:17)) is not found
2021-10-31 01:05:48,729 [grpc-default-executor-6] INFO  server.RaftServer$Division (RaftServerImpl.java:checkInconsistentAppendEntries(1288)) - omNode-1@group-523986131536: inconsistency entries. Reply:omNode-2<-omNode-1#11762:FAIL-t4,INCONSISTENCY,nextIndex=12,followerCommit=11
2021-10-31 01:05:48,730 [grpc-default-executor-6] INFO  leader.FollowerInfo (FollowerInfoImpl.java:lambda$new$0(47)) - omNode-2@group-523986131536->omNode-1: nextIndex: updateUnconditionally 18 -> 12
2021-10-31 01:05:49,231 [grpc-default-executor-2] INFO  server.RaftServer$Division (RaftServerImpl.java:checkInconsistentAppendEntries(1322)) - omNode-1@group-523986131536: Failed appendEntries as previous log entry ((t:4, i:17)) is not found
2021-10-31 01:05:49,231 [grpc-default-executor-2] INFO  server.RaftServer$Division (RaftServerImpl.java:checkInconsistentAppendEntries(1288)) - omNode-1@group-523986131536: inconsistency entries. Reply:omNode-2<-omNode-1#11813:FAIL-t4,INCONSISTENCY,nextIndex=12,followerCommit=11
2021-10-31 01:05:49,231 [grpc-default-executor-2] INFO  leader.FollowerInfo (FollowerInfoImpl.java:lambda$new$0(47)) - omNode-2@group-523986131536->omNode-1: nextIndex: updateUnconditionally 18 -> 12
2021-10-31 01:05:49,733 [grpc-default-executor-2] INFO  server.RaftServer$Division (RaftServerImpl.java:checkInconsistentAppendEntries(1322)) - omNode-1@group-523986131536: Failed appendEntries as previous log entry ((t:4, i:17)) is not found
2021-10-31 01:05:49,733 [grpc-default-executor-2] INFO  server.RaftServer$Division (RaftServerImpl.java:checkInconsistentAppendEntries(1288)) - omNode-1@group-523986131536: inconsistency entries. Reply:omNode-2<-omNode-1#11864:FAIL-t4,INCONSISTENCY,nextIndex=12,followerCommit=11
2021-10-31 01:05:49,733 [grpc-default-executor-2] INFO  leader.FollowerInfo (FollowerInfoImpl.java:lambda$new$0(47)) - omNode-2@group-523986131536->omNode-1: nextIndex: updateUnconditionally 18 -> 12
2021-10-31 01:05:50,235 [grpc-default-executor-2] INFO  server.RaftServer$Division (RaftServerImpl.java:checkInconsistentAppendEntries(1322)) - omNode-1@group-523986131536: Failed appendEntries as previous log entry ((t:4, i:17)) is not found
2021-10-31 01:05:50,235 [grpc-default-executor-2] INFO  server.RaftServer$Division (RaftServerImpl.java:checkInconsistentAppendEntries(1288)) - omNode-1@group-523986131536: inconsistency entries. Reply:omNode-2<-omNode-1#11915:FAIL-t4,INCONSISTENCY,nextIndex=12,followerCommit=11
2021-10-31 01:05:50,236 [grpc-default-executor-2] INFO  leader.FollowerInfo (FollowerInfoImpl.java:lambda$new$0(47)) - omNode-2@group-523986131536->omNode-1: nextIndex: updateUnconditionally 18 -> 12
2021-10-31 01:05:50,738 [grpc-default-executor-2] INFO  server.RaftServer$Division (RaftServerImpl.java:checkInconsistentAppendEntries(1322)) - omNode-1@group-523986131536: Failed appendEntries as previous log entry ((t:4, i:17)) is not found
2021-10-31 01:05:50,738 [grpc-default-executor-2] INFO  server.RaftServer$Division (RaftServerImpl.java:checkInconsistentAppendEntries(1288)) - omNode-1@group-523986131536: inconsistency entries. Reply:omNode-2<-omNode-1#11966:FAIL-t4,INCONSISTENCY,nextIndex=12,followerCommit=11
2021-10-31 01:05:50,738 [grpc-default-executor-2] INFO  leader.FollowerInfo (FollowerInfoImpl.java:lambda$new$0(47)) - omNode-2@group-523986131536->omNode-1: nextIndex: updateUnconditionally 18 -> 12
2021-10-31 01:05:51,239 [grpc-default-executor-2] INFO  server.RaftServer$Division (RaftServerImpl.java:checkInconsistentAppendEntries(1322)) - omNode-1@group-523986131536: Failed appendEntries as previous log entry ((t:4, i:17)) is not found
2021-10-31 01:05:51,240 [grpc-default-executor-2] INFO  server.RaftServer$Division (RaftServerImpl.java:checkInconsistentAppendEntries(1288)) - omNode-1@group-523986131536: inconsistency entries. Reply:omNode-2<-omNode-1#12017:FAIL-t4,INCONSISTENCY,nextIndex=12,followerCommit=11
2021-10-31 01:05:51,240 [grpc-default-executor-2] INFO  leader.FollowerInfo (FollowerInfoImpl.java:lambda$new$0(47)) - omNode-2@group-523986131536->omNode-1: nextIndex: updateUnconditionally 18 -> 12
2021-10-31 01:05:51,741 [grpc-default-executor-6] INFO  server.RaftServer$Division (RaftServerImpl.java:checkInconsistentAppendEntries(1322)) - omNode-1@group-523986131536: Failed appendEntries as previous log entry ((t:4, i:17)) is not found
2021-10-31 01:05:51,741 [grpc-default-executor-6] INFO  server.RaftServer$Division (RaftServerImpl.java:checkInconsistentAppendEntries(1288)) - omNode-1@group-523986131536: inconsistency entries. Reply:omNode-2<-omNode-1#12068:FAIL-t4,INCONSISTENCY,nextIndex=12,followerCommit=11
2021-10-31 01:05:51,742 [grpc-default-executor-6] INFO  leader.FollowerInfo (FollowerInfoImpl.java:lambda$new$0(47)) - omNode-2@group-523986131536->omNode-1: nextIndex: updateUnconditionally 18 -> 12
2021-10-31 01:05:52,243 [grpc-default-executor-6] INFO  server.RaftServer$Division (RaftServerImpl.java:checkInconsistentAppendEntries(1322)) - omNode-1@group-523986131536: Failed appendEntries as previous log entry ((t:4, i:17)) is not found
2021-10-31 01:05:52,243 [grpc-default-executor-6] INFO  server.RaftServer$Division (RaftServerImpl.java:checkInconsistentAppendEntries(1288)) - omNode-1@group-523986131536: inconsistency entries. Reply:omNode-2<-omNode-1#12119:FAIL-t4,INCONSISTENCY,nextIndex=12,followerCommit=11
2021-10-31 01:05:52,243 [grpc-default-executor-6] INFO  leader.FollowerInfo (FollowerInfoImpl.java:lambda$new$0(47)) - omNode-2@group-523986131536->omNode-1: nextIndex: updateUnconditionally 18 -> 12
2021-10-31 01:05:52,745 [grpc-default-executor-6] INFO  server.RaftServer$Division (RaftServerImpl.java:checkInconsistentAppendEntries(1322)) - omNode-1@group-523986131536: Failed appendEntries as previous log entry ((t:4, i:17)) is not found
2021-10-31 01:05:52,745 [grpc-default-executor-6] INFO  server.RaftServer$Division (RaftServerImpl.java:checkInconsistentAppendEntries(1288)) - omNode-1@group-523986131536: inconsistency entries. Reply:omNode-2<-omNode-1#12170:FAIL-t4,INCONSISTENCY,nextIndex=12,followerCommit=11
2021-10-31 01:05:52,745 [grpc-default-executor-6] INFO  leader.FollowerInfo (FollowerInfoImpl.java:lambda$new$0(47)) - omNode-2@group-523986131536->omNode-1: nextIndex: updateUnconditionally 18 -> 12
2021-10-31 01:05:53,246 [grpc-default-executor-6] INFO  server.RaftServer$Division (RaftServerImpl.java:checkInconsistentAppendEntries(1322)) - omNode-1@group-523986131536: Failed appendEntries as previous log entry ((t:4, i:17)) is not found
2021-10-31 01:05:53,247 [grpc-default-executor-6] INFO  server.RaftServer$Division (RaftServerImpl.java:checkInconsistentAppendEntries(1288)) - omNode-1@group-523986131536: inconsistency entries. Reply:omNode-2<-omNode-1#12221:FAIL-t4,INCONSISTENCY,nextIndex=12,followerCommit=11
2021-10-31 01:05:53,247 [grpc-default-executor-6] INFO  leader.FollowerInfo (FollowerInfoImpl.java:lambda$new$0(47)) - omNode-2@group-523986131536->omNode-1: nextIndex: updateUnconditionally 18 -> 12
2021-10-31 01:05:53,749 [grpc-default-executor-6] INFO  server.RaftServer$Division (RaftServerImpl.java:checkInconsistentAppendEntries(1322)) - omNode-1@group-523986131536: Failed appendEntries as previous log entry ((t:4, i:17)) is not found
2021-10-31 01:05:53,749 [grpc-default-executor-6] INFO  server.RaftServer$Division (RaftServerImpl.java:checkInconsistentAppendEntries(1288)) - omNode-1@group-523986131536: inconsistency entries. Reply:omNode-2<-omNode-1#12272:FAIL-t4,INCONSISTENCY,nextIndex=12,followerCommit=11
2021-10-31 01:05:53,749 [grpc-default-executor-6] INFO  leader.FollowerInfo (FollowerInfoImpl.java:lambda$new$0(47)) - omNode-2@group-523986131536->omNode-1: nextIndex: updateUnconditionally 18 -> 12
2021-10-31 01:05:54,250 [grpc-default-executor-2] INFO  server.RaftServer$Division (RaftServerImpl.java:checkInconsistentAppendEntries(1322)) - omNode-1@group-523986131536: Failed appendEntries as previous log entry ((t:4, i:17)) is not found
2021-10-31 01:05:54,251 [grpc-default-executor-2] INFO  server.RaftServer$Division (RaftServerImpl.java:checkInconsistentAppendEntries(1288)) - omNode-1@group-523986131536: inconsistency entries. Reply:omNode-2<-omNode-1#12323:FAIL-t4,INCONSISTENCY,nextIndex=12,followerCommit=11
2021-10-31 01:05:54,251 [grpc-default-executor-2] INFO  leader.FollowerInfo (FollowerInfoImpl.java:lambda$new$0(47)) - omNode-2@group-523986131536->omNode-1: nextIndex: updateUnconditionally 18 -> 12
2021-10-31 01:05:54,654 [Time-limited test] INFO  om.OzoneManager (OzoneManager.java:stop(1677)) - Stopping Ozone Manager
2021-10-31 01:05:54,655 [Time-limited test] INFO  ipc.Server (Server.java:stop(3414)) - Stopping server on 11928
2021-10-31 01:05:54,660 [IPC Server listener on 11928] INFO  ipc.Server (Server.java:run(1376)) - Stopping IPC Server listener on 11928
2021-10-31 01:05:54,660 [IPC Server Responder] INFO  ipc.Server (Server.java:run(1512)) - Stopping IPC Server Responder
2021-10-31 01:05:54,661 [Time-limited test] INFO  server.RaftServer (RaftServerProxy.java:lambda$close$6(391)) - omNode-3: close
2021-10-31 01:05:54,661 [Time-limited test] INFO  server.RaftServer$Division (RaftServerImpl.java:lambda$close$4(412)) - omNode-3@group-523986131536: shutdown
2021-10-31 01:05:54,661 [Time-limited test] INFO  util.JmxRegister (JmxRegister.java:unregister(73)) - Successfully un-registered JMX Bean with object name Ratis:service=RaftServer,group=group-523986131536,id=omNode-3
2021-10-31 01:05:54,662 [Time-limited test] INFO  impl.RoleInfo (RoleInfo.java:shutdownFollowerState(108)) - omNode-3: shutdown omNode-3@group-523986131536-FollowerState
2021-10-31 01:05:54,662 [omNode-3@group-523986131536-FollowerState] INFO  impl.FollowerState (FollowerState.java:run(143)) - omNode-3@group-523986131536-FollowerState was interrupted: {}
java.lang.InterruptedException: sleep interrupted
	at java.lang.Thread.sleep(Native Method)
	at java.lang.Thread.sleep(Thread.java:340)
	at java.util.concurrent.TimeUnit.sleep(TimeUnit.java:386)
	at org.apache.ratis.util.TimeDuration.sleep(TimeDuration.java:324)
	at org.apache.ratis.util.TimeDuration.sleep(TimeDuration.java:309)
	at org.apache.ratis.server.impl.FollowerState.run(FollowerState.java:118)
2021-10-31 01:05:54,663 [omNode-3@group-523986131536-StateMachineUpdater] INFO  ratis.OzoneManagerStateMachine (OzoneManagerStateMachine.java:takeSnapshot(417)) - Current Snapshot Index (t:4, i:17)
2021-10-31 01:05:54,663 [omNode-3@group-523986131536-StateMachineUpdater] INFO  impl.StateMachineUpdater (StateMachineUpdater.java:takeSnapshot(281)) - omNode-3@group-523986131536-StateMachineUpdater: Took a snapshot at index 17
2021-10-31 01:05:54,663 [Time-limited test] INFO  impl.StateMachineUpdater (StateMachineUpdater.java:stopAndJoin(149)) - omNode-3@group-523986131536-StateMachineUpdater: set stopIndex = 17
2021-10-31 01:05:54,663 [omNode-3@group-523986131536-StateMachineUpdater] INFO  impl.StateMachineUpdater (StateMachineUpdater.java:lambda$new$0(89)) - omNode-3@group-523986131536-StateMachineUpdater: snapshotIndex: updateIncreasingly 11 -> 17
2021-10-31 01:05:54,664 [omNode-3@group-523986131536-StateMachineUpdater] INFO  ratis.OzoneManagerStateMachine (OzoneManagerStateMachine.java:close(471)) - StateMachine has shutdown. Shutdown OzoneManager if not already shutdown.
2021-10-31 01:05:54,664 [Time-limited test] INFO  server.RaftServer$Division (ServerState.java:close(419)) - omNode-3@group-523986131536: closes. applyIndex: 17
2021-10-31 01:05:54,664 [omNode-3@group-523986131536-SegmentedRaftLogWorker] INFO  segmented.SegmentedRaftLogWorker (SegmentedRaftLogWorker.java:run(327)) - omNode-3@group-523986131536-SegmentedRaftLogWorker was interrupted, exiting. There are 0 tasks remaining in the queue.
2021-10-31 01:05:54,665 [Time-limited test] INFO  segmented.SegmentedRaftLogWorker (SegmentedRaftLogWorker.java:close(237)) - omNode-3@group-523986131536-SegmentedRaftLogWorker close()
2021-10-31 01:05:54,666 [Time-limited test] INFO  server.GrpcService (GrpcService.java:closeImpl(262)) - omNode-3: shutdown server with port 11932 now
2021-10-31 01:05:54,670 [grpc-default-executor-2] WARN  server.GrpcServerProtocolService (LogUtils.java:warn(122)) - omNode-3: installSnapshot onError, lastRequest: omNode-2->omNode-3#56-t4,previous=(t:4, i:16),leaderCommit=16,initializing? true,entries: size=1, first=(t:4, i:17), METADATAENTRY(c:16): org.apache.ratis.thirdparty.io.grpc.StatusRuntimeException: CANCELLED: client cancelled
2021-10-31 01:05:54,670 [Time-limited test] INFO  server.GrpcService (GrpcService.java:closeImpl(271)) - omNode-3: shutdown server with port 11932 successfully
2021-10-31 01:05:54,670 [org.apache.ratis.util.JvmPauseMonitor$$Lambda$523/2066045717@4da797ca] INFO  util.JvmPauseMonitor (JvmPauseMonitor.java:run(109)) - JvmPauseMonitor-omNode-3: Stopped
2021-10-31 01:05:54,671 [Time-limited test] INFO  ratis.OzoneManagerDoubleBuffer (OzoneManagerDoubleBuffer.java:stop(437)) - Stopping OMDoubleBuffer flush thread
2021-10-31 01:05:54,671 [OMDoubleBufferFlushThread] INFO  ratis.OzoneManagerDoubleBuffer (OzoneManagerDoubleBuffer.java:flushTransactions(356)) - OMDoubleBuffer flush thread OMDoubleBufferFlushThread is interrupted and will exit. OMDoubleBufferFlushThread
2021-10-31 01:05:54,677 [grpc-default-executor-7] WARN  server.GrpcLogAppender (LogUtils.java:warn(122)) - omNode-2@group-523986131536->omNode-3-AppendLogResponseHandler: Failed appendEntries: org.apache.ratis.thirdparty.io.grpc.StatusRuntimeException: CANCELLED: HTTP/2 error code: CANCEL
Received Rst Stream
2021-10-31 01:05:54,679 [Time-limited test] INFO  handler.ContextHandler (ContextHandler.java:doStop(1153)) - Stopped o.e.j.w.WebAppContext@1a971b4c{ozoneManager,/,null,STOPPED}{file:/home/runner/work/ozone/ozone/hadoop-ozone/integration-test/target/test-classes/webapps/ozoneManager}
2021-10-31 01:05:54,682 [Time-limited test] INFO  server.AbstractConnector (AbstractConnector.java:doStop(381)) - Stopped ServerConnector@6ec68869{HTTP/1.1, (http/1.1)}{0.0.0.0:11930}
2021-10-31 01:05:54,679 [grpc-default-executor-7] INFO  leader.FollowerInfo (FollowerInfoImpl.java:lambda$new$0(47)) - omNode-2@group-523986131536->omNode-3: nextIndex: updateUnconditionally 18 -> 17
2021-10-31 01:05:54,682 [Time-limited test] INFO  server.session (HouseKeeper.java:stopScavenging(149)) - node0 Stopped scavenging
2021-10-31 01:05:54,683 [Time-limited test] INFO  handler.ContextHandler (ContextHandler.java:doStop(1153)) - Stopped o.e.j.s.ServletContextHandler@39c12dfa{static,/static,file:///home/runner/work/ozone/ozone/hadoop-ozone/integration-test/target/test-classes/webapps/static,STOPPED}
2021-10-31 01:05:54,684 [Time-limited test] INFO  handler.ContextHandler (ContextHandler.java:doStop(1153)) - Stopped o.e.j.s.ServletContextHandler@e7912ff{logs,/logs,file:///home/runner/work/ozone/ozone/hadoop-ozone/integration-test/target/log,STOPPED}
2021-10-31 01:05:54,689 [grpc-default-executor-2] WARN  server.GrpcLogAppender (LogUtils.java:warn(122)) - omNode-2@group-523986131536->omNode-3-AppendLogResponseHandler: Failed appendEntries: org.apache.ratis.thirdparty.io.grpc.StatusRuntimeException: UNAVAILABLE: io exception
2021-10-31 01:05:54,690 [Time-limited test] INFO  om.OzoneManager (OzoneManager.java:initFSOLayout(3634)) - Configured ozone.om.metadata.layout=SIMPLE and disabled optimized OM FS operations
2021-10-31 01:05:54,690 [Time-limited test] INFO  om.OzoneManager (OzoneManager.java:restart(1392)) - OzoneManager RPC server is listening at localhost/127.0.0.1:11928
2021-10-31 01:05:54,690 [Time-limited test] INFO  impl.MetricsSystemImpl (MetricsSystemImpl.java:init(158)) - OzoneManager metrics system started (again)
2021-10-31 01:05:54,690 [grpc-default-executor-2] INFO  leader.FollowerInfo (FollowerInfoImpl.java:lambda$new$0(47)) - omNode-2@group-523986131536->omNode-3: nextIndex: updateUnconditionally 18 -> 17
2021-10-31 01:05:54,706 [Time-limited test] WARN  server.ServerUtils (ServerUtils.java:getDBPath(225)) - ozone.om.db.dirs is not configured. We recommend adding this setting. Falling back to ozone.metadata.dirs instead.
2021-10-31 01:05:54,707 [Time-limited test] INFO  codec.OmKeyInfoCodec (OmKeyInfoCodec.java:<init>(51)) - OmKeyInfoCodec ignorePipeline = true
2021-10-31 01:05:54,707 [Time-limited test] INFO  codec.RepeatedOmKeyInfoCodec (RepeatedOmKeyInfoCodec.java:<init>(42)) - RepeatedOmKeyInfoCodec ignorePipeline = true
2021-10-31 01:05:54,753 [grpc-default-executor-7] INFO  server.RaftServer$Division (RaftServerImpl.java:checkInconsistentAppendEntries(1322)) - omNode-1@group-523986131536: Failed appendEntries as previous log entry ((t:4, i:17)) is not found
2021-10-31 01:05:54,754 [grpc-default-executor-7] INFO  server.RaftServer$Division (RaftServerImpl.java:checkInconsistentAppendEntries(1288)) - omNode-1@group-523986131536: inconsistency entries. Reply:omNode-2<-omNode-1#12374:FAIL-t4,INCONSISTENCY,nextIndex=12,followerCommit=11
2021-10-31 01:05:54,755 [grpc-default-executor-7] INFO  leader.FollowerInfo (FollowerInfoImpl.java:lambda$new$0(47)) - omNode-2@group-523986131536->omNode-1: nextIndex: updateUnconditionally 18 -> 12
2021-10-31 01:05:54,756 [Time-limited test] WARN  impl.MetricRegistriesImpl (MetricRegistriesImpl.java:addReporterRegistration(111)) - New reporters are added after registries were created. Some metrics will be missing from the reporter. Please add reporter before adding any new registry.
2021-10-31 01:05:54,756 [Time-limited test] WARN  impl.MetricRegistriesImpl (MetricRegistriesImpl.java:addReporterRegistration(111)) - New reporters are added after registries were created. Some metrics will be missing from the reporter. Please add reporter before adding any new registry.
2021-10-31 01:05:54,756 [Time-limited test] WARN  server.ServerUtils (ServerUtils.java:getDefaultRatisDirectory(237)) - Storage directory for Ratis is not configured. It is a good idea to map this to an SSD disk. Falling back to ozone.metadata.dirs
2021-10-31 01:05:54,758 [Time-limited test] INFO  ratis.OzoneManagerRatisServer (OzoneManagerRatisServer.java:<init>(159)) - Instantiating OM Ratis server with groupID: om-service-test1 and peers: localhost:11932, localhost:11920, localhost:11926
2021-10-31 01:05:54,758 [Time-limited test] INFO  ratis.OzoneManagerStateMachine (OzoneManagerStateMachine.java:loadSnapshotInfoFromDB(605)) - LastAppliedIndex is set from TransactionInfo from OM DB as (t:4, i:17)
2021-10-31 01:05:54,759 [Time-limited test] INFO  server.RaftServer (ConfUtils.java:logGet(44)) - raft.rpc.type = GRPC (default)
2021-10-31 01:05:54,759 [Time-limited test] INFO  grpc.GrpcFactory (GrpcFactory.java:checkPooledByteBufAllocatorUseCacheForAllThreads(48)) - PERFORMANCE WARNING: useCacheForAllThreads is true that may cause Netty to create a lot garbage objects and, as a result, trigger GC.
	It is recommended to disable useCacheForAllThreads by setting -Dorg.apache.ratis.thirdparty.io.netty.allocator.useCacheForAllThreads=false in command line.
2021-10-31 01:05:54,759 [Time-limited test] INFO  grpc.GrpcConfigKeys (ConfUtils.java:logGet(44)) - raft.grpc.admin.port = -1 (default)
2021-10-31 01:05:54,760 [Time-limited test] INFO  grpc.GrpcConfigKeys (ConfUtils.java:logGet(44)) - raft.grpc.server.port = 11932 (custom)
2021-10-31 01:05:54,760 [Time-limited test] INFO  grpc.GrpcConfigKeys (ConfUtils.java:logGet(44)) - raft.grpc.client.port = -1 (default)
2021-10-31 01:05:54,760 [Time-limited test] INFO  grpc.GrpcConfigKeys (ConfUtils.java:logGet(44)) - raft.grpc.server.port = 11932 (custom)
2021-10-31 01:05:54,760 [Time-limited test] INFO  grpc.GrpcConfigKeys (ConfUtils.java:logGet(44)) - raft.grpc.server.port = 11932 (custom)
2021-10-31 01:05:54,760 [Time-limited test] INFO  server.GrpcService (ConfUtils.java:logGet(44)) - raft.grpc.message.size.max = 33554432 (custom)
2021-10-31 01:05:54,760 [Time-limited test] INFO  server.RaftServerConfigKeys (ConfUtils.java:logGet(44)) - raft.server.log.appender.buffer.byte-limit = 33554432 (custom)
2021-10-31 01:05:54,760 [Time-limited test] INFO  server.GrpcService (ConfUtils.java:logGet(44)) - raft.grpc.flow.control.window = 1MB (=1048576) (default)
2021-10-31 01:05:54,761 [Time-limited test] INFO  server.RaftServerConfigKeys (ConfUtils.java:logGet(44)) - raft.server.rpc.request.timeout = 3000ms (default)
2021-10-31 01:05:54,762 [Time-limited test] INFO  impl.DataStreamServerImpl (ConfUtils.java:logGet(44)) - raft.datastream.type = DISABLED (default)
2021-10-31 01:05:54,762 [Time-limited test] INFO  server.RaftServerConfigKeys (ConfUtils.java:logGet(44)) - raft.server.rpc.slowness.timeout = 2s (custom)
2021-10-31 01:05:54,762 [Time-limited test] INFO  server.RaftServerConfigKeys (ConfUtils.java:logGet(44)) - raft.server.leaderelection.leader.step-down.wait-time = 10s (default)
2021-10-31 01:05:54,762 [Time-limited test] INFO  server.RaftServerConfigKeys (ConfUtils.java:logGet(44)) - raft.server.storage.dir = [/home/runner/work/ozone/ozone/hadoop-ozone/integration-test/target/test-dir/MiniOzoneClusterImpl-b8864bcf-37cc-42b5-82cc-559abfd78a8f/omNode-3/ratis] (custom)
2021-10-31 01:05:54,762 [Time-limited test] INFO  server.RaftServer (RaftServerProxy.java:lambda$null$1(235)) - omNode-3: found a subdirectory /home/runner/work/ozone/ozone/hadoop-ozone/integration-test/target/test-dir/MiniOzoneClusterImpl-b8864bcf-37cc-42b5-82cc-559abfd78a8f/omNode-3/ratis/c9bc4cf4-3bc3-3c60-a66b-523986131536
2021-10-31 01:05:54,763 [Time-limited test] INFO  server.RaftServer (RaftServerProxy.java:addNew(95)) - omNode-3: addNew group-523986131536:[omNode-3|rpc:localhost:11932|priority:0, omNode-1|rpc:localhost:11920|priority:0, omNode-2|rpc:localhost:11926|priority:0] returns group-523986131536:java.util.concurrent.CompletableFuture@310e4698[Not completed]
2021-10-31 01:05:54,763 [Time-limited test] INFO  om.OzoneManager (OzoneManager.java:initializeRatisServer(1618)) - OzoneManager Ratis server initialized at port 11932
2021-10-31 01:05:54,763 [Time-limited test] INFO  ratis.OzoneManagerRatisServer (OzoneManagerRatisServer.java:start(522)) - Starting OzoneManagerRatisServer omNode-3 at port 11932
2021-10-31 01:05:54,763 [pool-231-thread-1] INFO  server.RaftServer$Division (RaftServerImpl.java:<init>(184)) - omNode-3: new RaftServerImpl for group-523986131536:[omNode-3|rpc:localhost:11932|priority:0, omNode-1|rpc:localhost:11920|priority:0, omNode-2|rpc:localhost:11926|priority:0] with OzoneManagerStateMachine:uninitialized
2021-10-31 01:05:54,764 [pool-231-thread-1] INFO  server.RaftServerConfigKeys (ConfUtils.java:logGet(44)) - raft.server.rpc.timeout.min = 1s (custom)
2021-10-31 01:05:54,764 [pool-231-thread-1] INFO  server.RaftServerConfigKeys (ConfUtils.java:logGet(44)) - raft.server.rpc.timeout.max = 1200ms (custom)
2021-10-31 01:05:54,764 [pool-231-thread-1] INFO  server.RaftServerConfigKeys (ConfUtils.java:logGet(44)) - raft.server.rpc.sleep.time = 25ms (default)
2021-10-31 01:05:54,764 [pool-231-thread-1] INFO  server.RaftServerConfigKeys (ConfUtils.java:logGet(44)) - raft.server.rpc.slowness.timeout = 2s (custom)
2021-10-31 01:05:54,764 [pool-231-thread-1] INFO  server.RaftServerConfigKeys (ConfUtils.java:logGet(44)) - raft.server.leaderelection.leader.step-down.wait-time = 10s (default)
2021-10-31 01:05:54,765 [pool-231-thread-1] INFO  server.RaftServerConfigKeys (ConfUtils.java:logGet(44)) - raft.server.sleep.deviation.threshold = 300ms (default)
2021-10-31 01:05:54,765 [pool-231-thread-1] INFO  server.RaftServerConfigKeys (ConfUtils.java:logGet(44)) - raft.server.log.appender.install.snapshot.enabled = false (custom)
2021-10-31 01:05:54,765 [pool-231-thread-1] INFO  server.RaftServer$Division (ServerState.java:<init>(105)) - omNode-3@group-523986131536: ConfigurationManager, init=-1: [omNode-3|rpc:localhost:11932|priority:0, omNode-1|rpc:localhost:11920|priority:0, omNode-2|rpc:localhost:11926|priority:0], old=null, confs=<EMPTY_MAP>
2021-10-31 01:05:54,765 [pool-231-thread-1] INFO  server.RaftServerConfigKeys (ConfUtils.java:logGet(44)) - raft.server.storage.dir = [/home/runner/work/ozone/ozone/hadoop-ozone/integration-test/target/test-dir/MiniOzoneClusterImpl-b8864bcf-37cc-42b5-82cc-559abfd78a8f/omNode-3/ratis] (custom)
2021-10-31 01:05:54,765 [pool-231-thread-1] INFO  server.RaftServerConfigKeys (ConfUtils.java:logGet(44)) - raft.server.log.corruption.policy = EXCEPTION (default)
2021-10-31 01:05:54,765 [pool-231-thread-1] INFO  server.RaftServerConfigKeys (ConfUtils.java:logGet(44)) - raft.server.storage.free-space.min = 0MB (=0) (default)
2021-10-31 01:05:54,767 [pool-231-thread-1] INFO  storage.RaftStorageDirectory (RaftStorageDirectoryImpl.java:tryLock(230)) - Lock on /home/runner/work/ozone/ozone/hadoop-ozone/integration-test/target/test-dir/MiniOzoneClusterImpl-b8864bcf-37cc-42b5-82cc-559abfd78a8f/omNode-3/ratis/c9bc4cf4-3bc3-3c60-a66b-523986131536/in_use.lock acquired by nodename 14068@fv-az50-512
2021-10-31 01:05:54,767 [pool-231-thread-1] INFO  storage.RaftStorage (RaftStorageImpl.java:analyzeAndRecoverStorage(110)) - Read RaftStorageMetadata{term=4, votedFor=omNode-2} from /home/runner/work/ozone/ozone/hadoop-ozone/integration-test/target/test-dir/MiniOzoneClusterImpl-b8864bcf-37cc-42b5-82cc-559abfd78a8f/omNode-3/ratis/c9bc4cf4-3bc3-3c60-a66b-523986131536/current/raft-meta
2021-10-31 01:05:54,768 [pool-231-thread-1] INFO  server.RaftServer$Division (ServerState.java:setRaftConf(387)) - omNode-3@group-523986131536: set configuration 14: [omNode-3|rpc:localhost:11932|admin:|client:|dataStream:|priority:0, omNode-1|rpc:localhost:11920|admin:|client:|dataStream:|priority:0, omNode-2|rpc:localhost:11926|admin:|client:|dataStream:|priority:0], old=null
2021-10-31 01:05:54,768 [pool-231-thread-1] INFO  server.RaftServerConfigKeys (ConfUtils.java:logGet(44)) - raft.server.notification.no-leader.timeout = 2s (custom)
2021-10-31 01:05:54,768 [pool-231-thread-1] INFO  server.RaftServerConfigKeys (ConfUtils.java:logGet(44)) - raft.server.log.use.memory = false (default)
2021-10-31 01:05:54,768 [pool-231-thread-1] INFO  server.RaftServerConfigKeys (ConfUtils.java:logGet(44)) - raft.server.log.purge.gap = 50 (custom)
2021-10-31 01:05:54,768 [pool-231-thread-1] INFO  server.RaftServerConfigKeys (ConfUtils.java:logGet(44)) - raft.server.log.appender.buffer.byte-limit = 33554432 (custom)
2021-10-31 01:05:54,768 [pool-231-thread-1] INFO  server.RaftServerConfigKeys (ConfUtils.java:logGet(44)) - raft.server.log.segment.size.max = 4194304 (custom)
2021-10-31 01:05:54,769 [pool-231-thread-1] INFO  server.RaftServerConfigKeys (ConfUtils.java:logGet(44)) - raft.server.log.segment.cache.num.max = 2 (custom)
2021-10-31 01:05:54,769 [pool-231-thread-1] INFO  server.RaftServerConfigKeys (ConfUtils.java:logGet(44)) - raft.server.log.segment.cache.size.max = 200MB (=209715200) (default)
2021-10-31 01:05:54,769 [pool-231-thread-1] INFO  segmented.SegmentedRaftLogWorker (SegmentedRaftLogWorker.java:<init>(182)) - new omNode-3@group-523986131536-SegmentedRaftLogWorker for RaftStorageImpl:Storage Directory /home/runner/work/ozone/ozone/hadoop-ozone/integration-test/target/test-dir/MiniOzoneClusterImpl-b8864bcf-37cc-42b5-82cc-559abfd78a8f/omNode-3/ratis/c9bc4cf4-3bc3-3c60-a66b-523986131536
2021-10-31 01:05:54,769 [pool-231-thread-1] INFO  server.RaftServerConfigKeys (ConfUtils.java:logGet(44)) - raft.server.log.queue.byte-limit = 64MB (=67108864) (default)
2021-10-31 01:05:54,769 [pool-231-thread-1] INFO  server.RaftServerConfigKeys (ConfUtils.java:logGet(44)) - raft.server.log.queue.element-limit = 4096 (default)
2021-10-31 01:05:54,769 [pool-231-thread-1] INFO  server.RaftServerConfigKeys (ConfUtils.java:logGet(44)) - raft.server.log.segment.size.max = 4194304 (custom)
2021-10-31 01:05:54,769 [pool-231-thread-1] INFO  server.RaftServerConfigKeys (ConfUtils.java:logGet(44)) - raft.server.log.preallocated.size = 4194304 (custom)
2021-10-31 01:05:54,769 [pool-231-thread-1] INFO  server.RaftServerConfigKeys (ConfUtils.java:logGet(44)) - raft.server.log.force.sync.num = 128 (default)
2021-10-31 01:05:54,769 [pool-231-thread-1] INFO  server.RaftServerConfigKeys (ConfUtils.java:logGet(44)) - raft.server.log.statemachine.data.sync = true (default)
2021-10-31 01:05:54,770 [pool-231-thread-1] INFO  server.RaftServerConfigKeys (ConfUtils.java:logGet(44)) - raft.server.log.statemachine.data.sync.timeout = 10s (default)
2021-10-31 01:05:54,770 [pool-231-thread-1] INFO  server.RaftServerConfigKeys (ConfUtils.java:logGet(44)) - raft.server.log.statemachine.data.sync.timeout.retry = -1 (default)
2021-10-31 01:05:54,771 [pool-231-thread-1] INFO  server.RaftServerConfigKeys (ConfUtils.java:logGet(44)) - raft.server.log.write.buffer.size = 64KB (=65536) (default)
2021-10-31 01:05:54,771 [pool-231-thread-1] INFO  server.RaftServerConfigKeys (ConfUtils.java:logGet(44)) - raft.server.log.statemachine.data.caching.enabled = false (default)
2021-10-31 01:05:54,773 [pool-231-thread-1] INFO  server.RaftServer$Division (ServerState.java:setRaftConf(387)) - omNode-3@group-523986131536: set configuration 12: [omNode-3|rpc:localhost:11932|admin:|client:|dataStream:|priority:0, omNode-1|rpc:localhost:11920|admin:|client:|dataStream:|priority:0, omNode-2|rpc:localhost:11926|admin:|client:|dataStream:|priority:0], old=null
2021-10-31 01:05:54,773 [pool-231-thread-1] INFO  segmented.LogSegment (LogSegment.java:loadSegment(173)) - Successfully read 2 entries from segment file /home/runner/work/ozone/ozone/hadoop-ozone/integration-test/target/test-dir/MiniOzoneClusterImpl-b8864bcf-37cc-42b5-82cc-559abfd78a8f/omNode-3/ratis/c9bc4cf4-3bc3-3c60-a66b-523986131536/current/log_12-13
2021-10-31 01:05:54,774 [pool-231-thread-1] INFO  server.RaftServer$Division (ServerState.java:setRaftConf(387)) - omNode-3@group-523986131536: set configuration 14: [omNode-3|rpc:localhost:11932|admin:|client:|dataStream:|priority:0, omNode-1|rpc:localhost:11920|admin:|client:|dataStream:|priority:0, omNode-2|rpc:localhost:11926|admin:|client:|dataStream:|priority:0], old=null
2021-10-31 01:05:54,775 [pool-231-thread-1] INFO  segmented.LogSegment (LogSegment.java:loadSegment(173)) - Successfully read 4 entries from segment file /home/runner/work/ozone/ozone/hadoop-ozone/integration-test/target/test-dir/MiniOzoneClusterImpl-b8864bcf-37cc-42b5-82cc-559abfd78a8f/omNode-3/ratis/c9bc4cf4-3bc3-3c60-a66b-523986131536/current/log_inprogress_14
2021-10-31 01:05:54,775 [pool-231-thread-1] INFO  segmented.SegmentedRaftLogWorker (SegmentedRaftLogWorker.java:lambda$new$0(133)) - omNode-3@group-523986131536-SegmentedRaftLogWorker: flushIndex: setUnconditionally 0 -> 17
2021-10-31 01:05:54,776 [pool-231-thread-1] INFO  segmented.SegmentedRaftLogWorker (SegmentedRaftLogWorker.java:lambda$new$0(133)) - omNode-3@group-523986131536-SegmentedRaftLogWorker: safeCacheEvictIndex: setUnconditionally 0 -> 13
2021-10-31 01:05:54,777 [pool-231-thread-1] INFO  raftlog.RaftLog (RaftLogBase.java:lambda$new$0(53)) - omNode-3@group-523986131536-SegmentedRaftLog: commitIndex: updateToMax old=17, new=16, updated? false
2021-10-31 01:05:54,777 [pool-231-thread-1] INFO  raftlog.RaftLog (RaftLogBase.java:lambda$new$0(53)) - omNode-3@group-523986131536-SegmentedRaftLog: purgeIndex: updateIncreasingly -1 -> 11
2021-10-31 01:05:54,777 [pool-231-thread-1] INFO  server.RaftServerConfigKeys (ConfUtils.java:logGet(44)) - raft.server.snapshot.auto.trigger.enabled = true (custom)
2021-10-31 01:05:54,777 [pool-231-thread-1] INFO  server.RaftServerConfigKeys (ConfUtils.java:logGet(44)) - raft.server.snapshot.auto.trigger.threshold = 50 (custom)
2021-10-31 01:05:54,777 [pool-231-thread-1] INFO  server.RaftServerConfigKeys (ConfUtils.java:logGet(44)) - raft.server.snapshot.retention.file.num = -1 (default)
2021-10-31 01:05:54,777 [pool-231-thread-1] INFO  server.RaftServerConfigKeys (ConfUtils.java:logGet(44)) - raft.server.log.purge.upto.snapshot.index = true (custom)
2021-10-31 01:05:54,777 [pool-231-thread-1] INFO  server.RaftServerConfigKeys (ConfUtils.java:logGet(44)) - raft.server.retrycache.expirytime = 30000ms (custom)
2021-10-31 01:05:54,777 [pool-231-thread-1] INFO  server.RaftServerConfigKeys (ConfUtils.java:logGet(44)) - raft.server.retrycache.statistics.expirytime = 100μs (default)
2021-10-31 01:05:54,779 [Time-limited test] INFO  server.RaftServer$Division (RaftServerImpl.java:start(301)) - omNode-3@group-523986131536: start as a follower, conf=14: [omNode-3|rpc:localhost:11932|admin:|client:|dataStream:|priority:0, omNode-1|rpc:localhost:11920|admin:|client:|dataStream:|priority:0, omNode-2|rpc:localhost:11926|admin:|client:|dataStream:|priority:0], old=null
2021-10-31 01:05:54,779 [Time-limited test] INFO  server.RaftServer$Division (RaftServerImpl.java:setRole(290)) - omNode-3@group-523986131536: changes role from      null to FOLLOWER at term 4 for startAsFollower
2021-10-31 01:05:54,779 [Time-limited test] INFO  impl.RoleInfo (RoleInfo.java:updateAndGet(130)) - omNode-3: start omNode-3@group-523986131536-FollowerState
2021-10-31 01:05:54,779 [Time-limited test] INFO  util.JmxRegister (JmxRegister.java:tryRegister(44)) - Successfully registered JMX Bean with object name Ratis:service=RaftServer,group=group-523986131536,id=omNode-3
2021-10-31 01:05:54,787 [Time-limited test] INFO  server.RaftServer (RaftServerProxy.java:lambda$start$5(374)) - omNode-3: start RPC server
2021-10-31 01:05:54,788 [Time-limited test] INFO  server.GrpcService (GrpcService.java:startImpl(253)) - omNode-3: GrpcService started, listening on 11932
2021-10-31 01:05:54,793 [Time-limited test] INFO  ipc.CallQueueManager (CallQueueManager.java:<init>(90)) - Using callQueue: class java.util.concurrent.LinkedBlockingQueue, queueCapacity: 2000, scheduler: class org.apache.hadoop.ipc.DefaultRpcScheduler, ipcBackoff: false.
2021-10-31 01:05:54,793 [org.apache.ratis.util.JvmPauseMonitor$$Lambda$523/2066045717@515df324] INFO  util.JvmPauseMonitor (JvmPauseMonitor.java:run(103)) - JvmPauseMonitor-omNode-3: Started
2021-10-31 01:05:54,794 [Socket Reader #1 for port 11928] INFO  ipc.Server (Server.java:run(1265)) - Starting Socket Reader #1 for port 11928
2021-10-31 01:05:54,797 [Listener at localhost/11928] INFO  http.BaseHttpServer (BaseHttpServer.java:newHttpServer2BuilderForOzone(209)) - Starting Web-server for ozoneManager at: http://0.0.0.0:11930
2021-10-31 01:05:54,797 [Listener at localhost/11928] INFO  http.BaseHttpServer (BaseHttpServer.java:<init>(107)) - Hadoop Security Enabled: false Ozone Security Enabled: false Ozone HTTP Security Enabled: false 
2021-10-31 01:05:54,798 [Listener at localhost/11928] INFO  server.AuthenticationFilter (AuthenticationFilter.java:constructSecretProvider(240)) - Unable to initialize FileSignerSecretProvider, falling back to use random secrets.
2021-10-31 01:05:54,798 [Listener at localhost/11928] WARN  http.HttpRequestLog (HttpRequestLog.java:getRequestLog(103)) - Jetty request log can only be enabled using Log4j
2021-10-31 01:05:54,799 [Listener at localhost/11928] INFO  http.HttpServer2 (HttpServer2.java:addGlobalFilter(1030)) - Added global filter 'safety' (class=org.apache.hadoop.hdds.server.http.HttpServer2$QuotingInputFilter)
2021-10-31 01:05:54,800 [Listener at localhost/11928] INFO  http.HttpServer2 (HttpServer2.java:addFilter(1006)) - Added filter static_user_filter (class=org.apache.hadoop.http.lib.StaticUserWebFilter$StaticUserFilter) to context ozoneManager
2021-10-31 01:05:54,800 [Listener at localhost/11928] INFO  http.HttpServer2 (HttpServer2.java:addFilter(1014)) - Added filter static_user_filter (class=org.apache.hadoop.http.lib.StaticUserWebFilter$StaticUserFilter) to context logs
2021-10-31 01:05:54,800 [Listener at localhost/11928] INFO  http.HttpServer2 (HttpServer2.java:addFilter(1014)) - Added filter static_user_filter (class=org.apache.hadoop.http.lib.StaticUserWebFilter$StaticUserFilter) to context static
2021-10-31 01:05:54,801 [Listener at localhost/11928] INFO  http.HttpServer2 (HttpServer2.java:bindListener(1249)) - Jetty bound to port 11930
2021-10-31 01:05:54,801 [Listener at localhost/11928] INFO  server.Server (Server.java:doStart(375)) - jetty-9.4.43.v20210629; built: 2021-06-30T11:07:22.254Z; git: 526006ecfa3af7f1a27ef3a288e2bef7ea9dd7e8; jvm 1.8.0_292-b10
2021-10-31 01:05:54,804 [Listener at localhost/11928] INFO  server.session (DefaultSessionIdManager.java:doStart(334)) - DefaultSessionIdManager workerName=node0
2021-10-31 01:05:54,804 [Listener at localhost/11928] INFO  server.session (DefaultSessionIdManager.java:doStart(339)) - No SessionScavenger set, using defaults
2021-10-31 01:05:54,804 [Listener at localhost/11928] INFO  server.session (HouseKeeper.java:startScavenging(132)) - node0 Scavenging every 660000ms
2021-10-31 01:05:54,805 [Listener at localhost/11928] INFO  handler.ContextHandler (ContextHandler.java:doStart(915)) - Started o.e.j.s.ServletContextHandler@4d3155c5{logs,/logs,file:///home/runner/work/ozone/ozone/hadoop-ozone/integration-test/target/log,AVAILABLE}
2021-10-31 01:05:54,805 [Listener at localhost/11928] INFO  handler.ContextHandler (ContextHandler.java:doStart(915)) - Started o.e.j.s.ServletContextHandler@23999f51{static,/static,file:///home/runner/work/ozone/ozone/hadoop-ozone/integration-test/target/test-classes/webapps/static,AVAILABLE}
2021-10-31 01:05:54,809 [Listener at localhost/11928] INFO  handler.ContextHandler (ContextHandler.java:doStart(915)) - Started o.e.j.w.WebAppContext@2aae6efd{ozoneManager,/,file:///home/runner/work/ozone/ozone/hadoop-ozone/integration-test/target/test-classes/webapps/ozoneManager/,AVAILABLE}{file:/home/runner/work/ozone/ozone/hadoop-ozone/integration-test/target/test-classes/webapps/ozoneManager}
2021-10-31 01:05:54,814 [Listener at localhost/11928] INFO  server.AbstractConnector (AbstractConnector.java:doStart(331)) - Started ServerConnector@7d4b277{HTTP/1.1, (http/1.1)}{0.0.0.0:11930}
2021-10-31 01:05:54,814 [Listener at localhost/11928] INFO  server.Server (Server.java:doStart(415)) - Started @154748ms
2021-10-31 01:05:54,815 [Listener at localhost/11928] WARN  impl.MetricsSystemImpl (MetricsSystemImpl.java:register(279)) - Sink prometheus already exists!
2021-10-31 01:05:54,815 [Listener at localhost/11928] INFO  http.BaseHttpServer (BaseHttpServer.java:updateConnectorAddress(329)) - HTTP server of ozoneManager listening at http://0.0.0.0:11930
2021-10-31 01:05:54,816 [IPC Server Responder] INFO  ipc.Server (Server.java:run(1507)) - IPC Server Responder: starting
2021-10-31 01:05:54,816 [IPC Server listener on 11928] INFO  ipc.Server (Server.java:run(1344)) - IPC Server listener on 11928: starting
2021-10-31 01:05:54,821 [Listener at localhost/11928] INFO  om.OzoneManager (OzoneManager.java:startTrashEmptier(1576)) - Trash Interval set to 0. Files deleted will not move to trash
2021-10-31 01:05:54,825 [Listener at localhost/11928] INFO  om.OzoneManager (OzoneManager.java:stop(1677)) - Stopping Ozone Manager
2021-10-31 01:05:54,826 [Listener at localhost/11928] INFO  ipc.Server (Server.java:stop(3414)) - Stopping server on 11916
2021-10-31 01:05:54,826 [IPC Server listener on 11916] INFO  ipc.Server (Server.java:run(1376)) - Stopping IPC Server listener on 11916
2021-10-31 01:05:54,828 [IPC Server Responder] INFO  ipc.Server (Server.java:run(1512)) - Stopping IPC Server Responder
2021-10-31 01:05:54,830 [Listener at localhost/11928] INFO  server.RaftServer (RaftServerProxy.java:lambda$close$6(391)) - omNode-1: close
2021-10-31 01:05:54,830 [org.apache.hadoop.util.JvmPauseMonitor$Monitor@453b0442] INFO  util.JvmPauseMonitor (JvmPauseMonitor.java:run(188)) - Starting JVM pause monitor
2021-10-31 01:05:54,830 [Listener at localhost/11928] INFO  server.RaftServer$Division (RaftServerImpl.java:lambda$close$4(412)) - omNode-1@group-523986131536: shutdown
2021-10-31 01:05:54,831 [Listener at localhost/11928] INFO  util.JmxRegister (JmxRegister.java:unregister(73)) - Successfully un-registered JMX Bean with object name Ratis:service=RaftServer,group=group-523986131536,id=omNode-1
2021-10-31 01:05:54,831 [Listener at localhost/11928] INFO  impl.RoleInfo (RoleInfo.java:shutdownFollowerState(108)) - omNode-1: shutdown omNode-1@group-523986131536-FollowerState
2021-10-31 01:05:54,831 [Listener at localhost/11928] INFO  impl.StateMachineUpdater (StateMachineUpdater.java:stopAndJoin(149)) - omNode-1@group-523986131536-StateMachineUpdater: set stopIndex = 11
2021-10-31 01:05:54,831 [omNode-1@group-523986131536-StateMachineUpdater] INFO  ratis.OzoneManagerStateMachine (OzoneManagerStateMachine.java:close(471)) - StateMachine has shutdown. Shutdown OzoneManager if not already shutdown.
2021-10-31 01:05:54,831 [Listener at localhost/11928] INFO  server.RaftServer$Division (ServerState.java:close(419)) - omNode-1@group-523986131536: closes. applyIndex: 11
2021-10-31 01:05:54,831 [omNode-1@group-523986131536-FollowerState] INFO  impl.FollowerState (FollowerState.java:run(143)) - omNode-1@group-523986131536-FollowerState was interrupted: {}
java.lang.InterruptedException: sleep interrupted
	at java.lang.Thread.sleep(Native Method)
	at java.lang.Thread.sleep(Thread.java:340)
	at java.util.concurrent.TimeUnit.sleep(TimeUnit.java:386)
	at org.apache.ratis.util.TimeDuration.sleep(TimeDuration.java:324)
	at org.apache.ratis.util.TimeDuration.sleep(TimeDuration.java:309)
	at org.apache.ratis.server.impl.FollowerState.run(FollowerState.java:118)
2021-10-31 01:05:54,831 [omNode-1@group-523986131536-SegmentedRaftLogWorker] INFO  segmented.SegmentedRaftLogWorker (SegmentedRaftLogWorker.java:run(327)) - omNode-1@group-523986131536-SegmentedRaftLogWorker was interrupted, exiting. There are 0 tasks remaining in the queue.
2021-10-31 01:05:54,832 [Listener at localhost/11928] INFO  segmented.SegmentedRaftLogWorker (SegmentedRaftLogWorker.java:close(237)) - omNode-1@group-523986131536-SegmentedRaftLogWorker close()
2021-10-31 01:05:54,834 [Listener at localhost/11928] INFO  server.GrpcService (GrpcService.java:closeImpl(262)) - omNode-1: shutdown server with port 11920 now
2021-10-31 01:05:54,835 [grpc-default-executor-2] WARN  server.GrpcServerProtocolService (LogUtils.java:warn(122)) - omNode-1: installSnapshot onError, lastRequest: omNode-2->omNode-1#1-t4,previous=(t:3, i:13),leaderCommit=13,initializing? true,entries: size=1, first=(t:4, i:14), CONFIGURATIONENTRY: org.apache.ratis.thirdparty.io.grpc.StatusRuntimeException: CANCELLED: client cancelled
2021-10-31 01:05:54,836 [grpc-default-executor-6] WARN  server.GrpcServerProtocolService (LogUtils.java:warn(122)) - omNode-1: installSnapshot onError, lastRequest: omNode-2->omNode-1#12375-t4,previous=(t:0, i:0),leaderCommit=6,initializing? false,entries: size=6, first=(t:3, i:12), CONFIGURATIONENTRY: org.apache.ratis.thirdparty.io.grpc.StatusRuntimeException: CANCELLED: client cancelled
2021-10-31 01:05:54,837 [grpc-default-executor-4] INFO  server.GrpcLogAppender (GrpcLogAppender.java:onError(335)) - omNode-2@group-523986131536->omNode-1-GrpcLogAppender is stopped
2021-10-31 01:05:54,842 [grpc-default-executor-8] WARN  server.GrpcLogAppender (LogUtils.java:warn(122)) - omNode-2@group-523986131536->omNode-1-AppendLogResponseHandler: Failed appendEntries: org.apache.ratis.thirdparty.io.grpc.StatusRuntimeException: CANCELLED: HTTP/2 error code: CANCEL
Received Rst Stream
2021-10-31 01:05:54,842 [grpc-default-executor-8] INFO  leader.FollowerInfo (FollowerInfoImpl.java:lambda$new$0(47)) - omNode-2@group-523986131536->omNode-1: nextIndex: updateUnconditionally 18 -> 12
2021-10-31 01:05:54,844 [Listener at localhost/11928] INFO  server.GrpcService (GrpcService.java:closeImpl(271)) - omNode-1: shutdown server with port 11920 successfully
2021-10-31 01:05:54,844 [org.apache.ratis.util.JvmPauseMonitor$$Lambda$523/2066045717@490dfb8f] INFO  util.JvmPauseMonitor (JvmPauseMonitor.java:run(109)) - JvmPauseMonitor-omNode-1: Stopped
2021-10-31 01:05:54,844 [Listener at localhost/11928] INFO  ratis.OzoneManagerDoubleBuffer (OzoneManagerDoubleBuffer.java:stop(437)) - Stopping OMDoubleBuffer flush thread
2021-10-31 01:05:54,845 [OMDoubleBufferFlushThread] INFO  ratis.OzoneManagerDoubleBuffer (OzoneManagerDoubleBuffer.java:flushTransactions(356)) - OMDoubleBuffer flush thread OMDoubleBufferFlushThread is interrupted and will exit. OMDoubleBufferFlushThread
2021-10-31 01:05:54,848 [Listener at localhost/11928] INFO  handler.ContextHandler (ContextHandler.java:doStop(1153)) - Stopped o.e.j.w.WebAppContext@5f72b6c1{ozoneManager,/,null,STOPPED}{file:/home/runner/work/ozone/ozone/hadoop-ozone/integration-test/target/test-classes/webapps/ozoneManager}
2021-10-31 01:05:54,848 [Listener at localhost/11928] INFO  server.AbstractConnector (AbstractConnector.java:doStop(381)) - Stopped ServerConnector@571c4118{HTTP/1.1, (http/1.1)}{0.0.0.0:11918}
2021-10-31 01:05:54,849 [Listener at localhost/11928] INFO  server.session (HouseKeeper.java:stopScavenging(149)) - node0 Stopped scavenging
2021-10-31 01:05:54,850 [Listener at localhost/11928] INFO  handler.ContextHandler (ContextHandler.java:doStop(1153)) - Stopped o.e.j.s.ServletContextHandler@46eb4aac{static,/static,file:///home/runner/work/ozone/ozone/hadoop-ozone/integration-test/target/test-classes/webapps/static,STOPPED}
2021-10-31 01:05:54,850 [Listener at localhost/11928] INFO  handler.ContextHandler (ContextHandler.java:doStop(1153)) - Stopped o.e.j.s.ServletContextHandler@5afc5475{logs,/logs,file:///home/runner/work/ozone/ozone/hadoop-ozone/integration-test/target/log,STOPPED}
2021-10-31 01:05:54,853 [grpc-default-executor-2] WARN  server.GrpcLogAppender (LogUtils.java:warn(122)) - omNode-2@group-523986131536->omNode-1-AppendLogResponseHandler: Failed appendEntries: org.apache.ratis.thirdparty.io.grpc.StatusRuntimeException: UNAVAILABLE: io exception
2021-10-31 01:05:54,853 [grpc-default-executor-2] INFO  leader.FollowerInfo (FollowerInfoImpl.java:lambda$new$0(47)) - omNode-2@group-523986131536->omNode-1: nextIndex: updateUnconditionally 18 -> 12
2021-10-31 01:05:54,856 [Listener at localhost/11928] INFO  om.OzoneManager (OzoneManager.java:initFSOLayout(3634)) - Configured ozone.om.metadata.layout=SIMPLE and disabled optimized OM FS operations
2021-10-31 01:05:54,856 [Listener at localhost/11928] INFO  om.OzoneManager (OzoneManager.java:restart(1392)) - OzoneManager RPC server is listening at localhost/127.0.0.1:11916
2021-10-31 01:05:54,857 [Listener at localhost/11928] INFO  impl.MetricsSystemImpl (MetricsSystemImpl.java:init(158)) - OzoneManager metrics system started (again)
2021-10-31 01:05:54,871 [Listener at localhost/11928] WARN  server.ServerUtils (ServerUtils.java:getDBPath(225)) - ozone.om.db.dirs is not configured. We recommend adding this setting. Falling back to ozone.metadata.dirs instead.
2021-10-31 01:05:54,872 [Listener at localhost/11928] INFO  codec.OmKeyInfoCodec (OmKeyInfoCodec.java:<init>(51)) - OmKeyInfoCodec ignorePipeline = true
2021-10-31 01:05:54,872 [Listener at localhost/11928] INFO  codec.RepeatedOmKeyInfoCodec (RepeatedOmKeyInfoCodec.java:<init>(42)) - RepeatedOmKeyInfoCodec ignorePipeline = true
2021-10-31 01:05:54,910 [Listener at localhost/11928] WARN  om.OzoneManager (OzoneManager.java:instantiatePrepareStateOnStartup(3513)) - Prepare marker file index 11 does not match DB prepare index 10. Writing DB index to prepare file and maintaining prepared state.
2021-10-31 01:05:54,910 [Listener at localhost/11928] INFO  om.OzoneManagerPrepareState (OzoneManagerPrepareState.java:writePrepareMarkerFile(262)) - Prepare marker file written with log index 10 to file /home/runner/work/ozone/ozone/hadoop-ozone/integration-test/target/test-dir/MiniOzoneClusterImpl-b8864bcf-37cc-42b5-82cc-559abfd78a8f/omNode-1/current/prepareMarker
2021-10-31 01:05:54,910 [Listener at localhost/11928] WARN  impl.MetricRegistriesImpl (MetricRegistriesImpl.java:addReporterRegistration(111)) - New reporters are added after registries were created. Some metrics will be missing from the reporter. Please add reporter before adding any new registry.
2021-10-31 01:05:54,911 [Listener at localhost/11928] WARN  impl.MetricRegistriesImpl (MetricRegistriesImpl.java:addReporterRegistration(111)) - New reporters are added after registries were created. Some metrics will be missing from the reporter. Please add reporter before adding any new registry.
2021-10-31 01:05:54,911 [Listener at localhost/11928] WARN  server.ServerUtils (ServerUtils.java:getDefaultRatisDirectory(237)) - Storage directory for Ratis is not configured. It is a good idea to map this to an SSD disk. Falling back to ozone.metadata.dirs
2021-10-31 01:05:54,912 [Listener at localhost/11928] INFO  ratis.OzoneManagerRatisServer (OzoneManagerRatisServer.java:<init>(159)) - Instantiating OM Ratis server with groupID: om-service-test1 and peers: localhost:11920, localhost:11932, localhost:11926
2021-10-31 01:05:54,912 [Listener at localhost/11928] INFO  ratis.OzoneManagerStateMachine (OzoneManagerStateMachine.java:loadSnapshotInfoFromDB(605)) - LastAppliedIndex is set from TransactionInfo from OM DB as (t:2, i:11)
2021-10-31 01:05:54,913 [Listener at localhost/11928] INFO  server.RaftServer (ConfUtils.java:logGet(44)) - raft.rpc.type = GRPC (default)
2021-10-31 01:05:54,913 [Listener at localhost/11928] INFO  grpc.GrpcFactory (GrpcFactory.java:checkPooledByteBufAllocatorUseCacheForAllThreads(48)) - PERFORMANCE WARNING: useCacheForAllThreads is true that may cause Netty to create a lot garbage objects and, as a result, trigger GC.
	It is recommended to disable useCacheForAllThreads by setting -Dorg.apache.ratis.thirdparty.io.netty.allocator.useCacheForAllThreads=false in command line.
2021-10-31 01:05:54,914 [Listener at localhost/11928] INFO  grpc.GrpcConfigKeys (ConfUtils.java:logGet(44)) - raft.grpc.admin.port = -1 (default)
2021-10-31 01:05:54,914 [Listener at localhost/11928] INFO  grpc.GrpcConfigKeys (ConfUtils.java:logGet(44)) - raft.grpc.server.port = 11920 (custom)
2021-10-31 01:05:54,914 [Listener at localhost/11928] INFO  grpc.GrpcConfigKeys (ConfUtils.java:logGet(44)) - raft.grpc.client.port = -1 (default)
2021-10-31 01:05:54,914 [Listener at localhost/11928] INFO  grpc.GrpcConfigKeys (ConfUtils.java:logGet(44)) - raft.grpc.server.port = 11920 (custom)
2021-10-31 01:05:54,914 [Listener at localhost/11928] INFO  grpc.GrpcConfigKeys (ConfUtils.java:logGet(44)) - raft.grpc.server.port = 11920 (custom)
2021-10-31 01:05:54,914 [Listener at localhost/11928] INFO  server.GrpcService (ConfUtils.java:logGet(44)) - raft.grpc.message.size.max = 33554432 (custom)
2021-10-31 01:05:54,915 [Listener at localhost/11928] INFO  server.RaftServerConfigKeys (ConfUtils.java:logGet(44)) - raft.server.log.appender.buffer.byte-limit = 33554432 (custom)
2021-10-31 01:05:54,915 [Listener at localhost/11928] INFO  server.GrpcService (ConfUtils.java:logGet(44)) - raft.grpc.flow.control.window = 1MB (=1048576) (default)
2021-10-31 01:05:54,915 [Listener at localhost/11928] INFO  server.RaftServerConfigKeys (ConfUtils.java:logGet(44)) - raft.server.rpc.request.timeout = 3000ms (default)
2021-10-31 01:05:54,916 [Listener at localhost/11928] INFO  impl.DataStreamServerImpl (ConfUtils.java:logGet(44)) - raft.datastream.type = DISABLED (default)
2021-10-31 01:05:54,916 [Listener at localhost/11928] INFO  server.RaftServerConfigKeys (ConfUtils.java:logGet(44)) - raft.server.rpc.slowness.timeout = 2s (custom)
2021-10-31 01:05:54,916 [Listener at localhost/11928] INFO  server.RaftServerConfigKeys (ConfUtils.java:logGet(44)) - raft.server.leaderelection.leader.step-down.wait-time = 10s (default)
2021-10-31 01:05:54,916 [Listener at localhost/11928] INFO  server.RaftServerConfigKeys (ConfUtils.java:logGet(44)) - raft.server.storage.dir = [/home/runner/work/ozone/ozone/hadoop-ozone/integration-test/target/test-dir/MiniOzoneClusterImpl-b8864bcf-37cc-42b5-82cc-559abfd78a8f/omNode-1/ratis] (custom)
2021-10-31 01:05:54,916 [Listener at localhost/11928] INFO  server.RaftServer (RaftServerProxy.java:lambda$null$1(235)) - omNode-1: found a subdirectory /home/runner/work/ozone/ozone/hadoop-ozone/integration-test/target/test-dir/MiniOzoneClusterImpl-b8864bcf-37cc-42b5-82cc-559abfd78a8f/omNode-1/ratis/c9bc4cf4-3bc3-3c60-a66b-523986131536
2021-10-31 01:05:54,917 [Listener at localhost/11928] INFO  server.RaftServer (RaftServerProxy.java:addNew(95)) - omNode-1: addNew group-523986131536:[omNode-3|rpc:localhost:11932|priority:0, omNode-1|rpc:localhost:11920|priority:0, omNode-2|rpc:localhost:11926|priority:0] returns group-523986131536:java.util.concurrent.CompletableFuture@e7d3a36[Not completed]
2021-10-31 01:05:54,917 [Listener at localhost/11928] INFO  om.OzoneManager (OzoneManager.java:initializeRatisServer(1618)) - OzoneManager Ratis server initialized at port 11920
2021-10-31 01:05:54,917 [Listener at localhost/11928] INFO  ratis.OzoneManagerRatisServer (OzoneManagerRatisServer.java:start(522)) - Starting OzoneManagerRatisServer omNode-1 at port 11920
2021-10-31 01:05:54,917 [pool-251-thread-1] INFO  server.RaftServer$Division (RaftServerImpl.java:<init>(184)) - omNode-1: new RaftServerImpl for group-523986131536:[omNode-3|rpc:localhost:11932|priority:0, omNode-1|rpc:localhost:11920|priority:0, omNode-2|rpc:localhost:11926|priority:0] with OzoneManagerStateMachine:uninitialized
2021-10-31 01:05:54,918 [pool-251-thread-1] INFO  server.RaftServerConfigKeys (ConfUtils.java:logGet(44)) - raft.server.rpc.timeout.min = 1s (custom)
2021-10-31 01:05:54,918 [pool-251-thread-1] INFO  server.RaftServerConfigKeys (ConfUtils.java:logGet(44)) - raft.server.rpc.timeout.max = 1200ms (custom)
2021-10-31 01:05:54,918 [pool-251-thread-1] INFO  server.RaftServerConfigKeys (ConfUtils.java:logGet(44)) - raft.server.rpc.sleep.time = 25ms (default)
2021-10-31 01:05:54,918 [pool-251-thread-1] INFO  server.RaftServerConfigKeys (ConfUtils.java:logGet(44)) - raft.server.rpc.slowness.timeout = 2s (custom)
2021-10-31 01:05:54,918 [pool-251-thread-1] INFO  server.RaftServerConfigKeys (ConfUtils.java:logGet(44)) - raft.server.leaderelection.leader.step-down.wait-time = 10s (default)
2021-10-31 01:05:54,918 [pool-251-thread-1] INFO  server.RaftServerConfigKeys (ConfUtils.java:logGet(44)) - raft.server.sleep.deviation.threshold = 300ms (default)
2021-10-31 01:05:54,918 [pool-251-thread-1] INFO  server.RaftServerConfigKeys (ConfUtils.java:logGet(44)) - raft.server.log.appender.install.snapshot.enabled = false (custom)
2021-10-31 01:05:54,918 [pool-251-thread-1] INFO  server.RaftServer$Division (ServerState.java:<init>(105)) - omNode-1@group-523986131536: ConfigurationManager, init=-1: [omNode-3|rpc:localhost:11932|priority:0, omNode-1|rpc:localhost:11920|priority:0, omNode-2|rpc:localhost:11926|priority:0], old=null, confs=<EMPTY_MAP>
2021-10-31 01:05:54,918 [pool-251-thread-1] INFO  server.RaftServerConfigKeys (ConfUtils.java:logGet(44)) - raft.server.storage.dir = [/home/runner/work/ozone/ozone/hadoop-ozone/integration-test/target/test-dir/MiniOzoneClusterImpl-b8864bcf-37cc-42b5-82cc-559abfd78a8f/omNode-1/ratis] (custom)
2021-10-31 01:05:54,918 [pool-251-thread-1] INFO  server.RaftServerConfigKeys (ConfUtils.java:logGet(44)) - raft.server.log.corruption.policy = EXCEPTION (default)
2021-10-31 01:05:54,918 [pool-251-thread-1] INFO  server.RaftServerConfigKeys (ConfUtils.java:logGet(44)) - raft.server.storage.free-space.min = 0MB (=0) (default)
2021-10-31 01:05:54,920 [pool-251-thread-1] INFO  storage.RaftStorageDirectory (RaftStorageDirectoryImpl.java:tryLock(230)) - Lock on /home/runner/work/ozone/ozone/hadoop-ozone/integration-test/target/test-dir/MiniOzoneClusterImpl-b8864bcf-37cc-42b5-82cc-559abfd78a8f/omNode-1/ratis/c9bc4cf4-3bc3-3c60-a66b-523986131536/in_use.lock acquired by nodename 14068@fv-az50-512
2021-10-31 01:05:54,921 [pool-251-thread-1] INFO  storage.RaftStorage (RaftStorageImpl.java:analyzeAndRecoverStorage(110)) - Read RaftStorageMetadata{term=4, votedFor=omNode-2} from /home/runner/work/ozone/ozone/hadoop-ozone/integration-test/target/test-dir/MiniOzoneClusterImpl-b8864bcf-37cc-42b5-82cc-559abfd78a8f/omNode-1/ratis/c9bc4cf4-3bc3-3c60-a66b-523986131536/current/raft-meta
2021-10-31 01:05:54,921 [pool-251-thread-1] INFO  server.RaftServer$Division (ServerState.java:setRaftConf(387)) - omNode-1@group-523986131536: set configuration 14: [omNode-3|rpc:localhost:11932|admin:|client:|dataStream:|priority:0, omNode-1|rpc:localhost:11920|admin:|client:|dataStream:|priority:0, omNode-2|rpc:localhost:11926|admin:|client:|dataStream:|priority:0], old=null
2021-10-31 01:05:54,921 [pool-251-thread-1] INFO  server.RaftServerConfigKeys (ConfUtils.java:logGet(44)) - raft.server.notification.no-leader.timeout = 2s (custom)
2021-10-31 01:05:54,921 [pool-251-thread-1] INFO  server.RaftServerConfigKeys (ConfUtils.java:logGet(44)) - raft.server.log.use.memory = false (default)
2021-10-31 01:05:54,921 [pool-251-thread-1] INFO  server.RaftServerConfigKeys (ConfUtils.java:logGet(44)) - raft.server.log.purge.gap = 50 (custom)
2021-10-31 01:05:54,921 [pool-251-thread-1] INFO  server.RaftServerConfigKeys (ConfUtils.java:logGet(44)) - raft.server.log.appender.buffer.byte-limit = 33554432 (custom)
2021-10-31 01:05:54,922 [pool-251-thread-1] INFO  server.RaftServerConfigKeys (ConfUtils.java:logGet(44)) - raft.server.log.segment.size.max = 4194304 (custom)
2021-10-31 01:05:54,922 [pool-251-thread-1] INFO  server.RaftServerConfigKeys (ConfUtils.java:logGet(44)) - raft.server.log.segment.cache.num.max = 2 (custom)
2021-10-31 01:05:54,922 [pool-251-thread-1] INFO  server.RaftServerConfigKeys (ConfUtils.java:logGet(44)) - raft.server.log.segment.cache.size.max = 200MB (=209715200) (default)
2021-10-31 01:05:54,922 [pool-251-thread-1] INFO  segmented.SegmentedRaftLogWorker (SegmentedRaftLogWorker.java:<init>(182)) - new omNode-1@group-523986131536-SegmentedRaftLogWorker for RaftStorageImpl:Storage Directory /home/runner/work/ozone/ozone/hadoop-ozone/integration-test/target/test-dir/MiniOzoneClusterImpl-b8864bcf-37cc-42b5-82cc-559abfd78a8f/omNode-1/ratis/c9bc4cf4-3bc3-3c60-a66b-523986131536
2021-10-31 01:05:54,922 [pool-251-thread-1] INFO  server.RaftServerConfigKeys (ConfUtils.java:logGet(44)) - raft.server.log.queue.byte-limit = 64MB (=67108864) (default)
2021-10-31 01:05:54,922 [pool-251-thread-1] INFO  server.RaftServerConfigKeys (ConfUtils.java:logGet(44)) - raft.server.log.queue.element-limit = 4096 (default)
2021-10-31 01:05:54,922 [pool-251-thread-1] INFO  server.RaftServerConfigKeys (ConfUtils.java:logGet(44)) - raft.server.log.segment.size.max = 4194304 (custom)
2021-10-31 01:05:54,922 [pool-251-thread-1] INFO  server.RaftServerConfigKeys (ConfUtils.java:logGet(44)) - raft.server.log.preallocated.size = 4194304 (custom)
2021-10-31 01:05:54,922 [pool-251-thread-1] INFO  server.RaftServerConfigKeys (ConfUtils.java:logGet(44)) - raft.server.log.force.sync.num = 128 (default)
2021-10-31 01:05:54,922 [pool-251-thread-1] INFO  server.RaftServerConfigKeys (ConfUtils.java:logGet(44)) - raft.server.log.statemachine.data.sync = true (default)
2021-10-31 01:05:54,923 [pool-251-thread-1] INFO  server.RaftServerConfigKeys (ConfUtils.java:logGet(44)) - raft.server.log.statemachine.data.sync.timeout = 10s (default)
2021-10-31 01:05:54,923 [pool-251-thread-1] INFO  server.RaftServerConfigKeys (ConfUtils.java:logGet(44)) - raft.server.log.statemachine.data.sync.timeout.retry = -1 (default)
2021-10-31 01:05:54,924 [pool-251-thread-1] INFO  server.RaftServerConfigKeys (ConfUtils.java:logGet(44)) - raft.server.log.write.buffer.size = 64KB (=65536) (default)
2021-10-31 01:05:54,924 [pool-251-thread-1] INFO  server.RaftServerConfigKeys (ConfUtils.java:logGet(44)) - raft.server.log.statemachine.data.caching.enabled = false (default)
2021-10-31 01:05:54,924 [pool-251-thread-1] INFO  segmented.SegmentedRaftLogWorker (SegmentedRaftLogWorker.java:lambda$new$0(133)) - omNode-1@group-523986131536-SegmentedRaftLogWorker: flushIndex: setUnconditionally 0 -> 11
2021-10-31 01:05:54,924 [pool-251-thread-1] INFO  segmented.SegmentedRaftLogWorker (SegmentedRaftLogWorker.java:lambda$new$0(133)) - omNode-1@group-523986131536-SegmentedRaftLogWorker: safeCacheEvictIndex: setUnconditionally 0 -> -1
2021-10-31 01:05:54,924 [pool-251-thread-1] INFO  server.RaftServerConfigKeys (ConfUtils.java:logGet(44)) - raft.server.snapshot.auto.trigger.enabled = true (custom)
2021-10-31 01:05:54,924 [pool-251-thread-1] INFO  server.RaftServerConfigKeys (ConfUtils.java:logGet(44)) - raft.server.snapshot.auto.trigger.threshold = 50 (custom)
2021-10-31 01:05:54,924 [pool-251-thread-1] INFO  server.RaftServerConfigKeys (ConfUtils.java:logGet(44)) - raft.server.snapshot.retention.file.num = -1 (default)
2021-10-31 01:05:54,924 [pool-251-thread-1] INFO  server.RaftServerConfigKeys (ConfUtils.java:logGet(44)) - raft.server.log.purge.upto.snapshot.index = true (custom)
2021-10-31 01:05:54,924 [pool-251-thread-1] INFO  server.RaftServerConfigKeys (ConfUtils.java:logGet(44)) - raft.server.retrycache.expirytime = 30000ms (custom)
2021-10-31 01:05:54,924 [pool-251-thread-1] INFO  server.RaftServerConfigKeys (ConfUtils.java:logGet(44)) - raft.server.retrycache.statistics.expirytime = 100μs (default)
2021-10-31 01:05:54,926 [Listener at localhost/11928] INFO  server.RaftServer$Division (RaftServerImpl.java:start(301)) - omNode-1@group-523986131536: start as a follower, conf=14: [omNode-3|rpc:localhost:11932|admin:|client:|dataStream:|priority:0, omNode-1|rpc:localhost:11920|admin:|client:|dataStream:|priority:0, omNode-2|rpc:localhost:11926|admin:|client:|dataStream:|priority:0], old=null
2021-10-31 01:05:54,926 [Listener at localhost/11928] INFO  server.RaftServer$Division (RaftServerImpl.java:setRole(290)) - omNode-1@group-523986131536: changes role from      null to FOLLOWER at term 4 for startAsFollower
2021-10-31 01:05:54,926 [Listener at localhost/11928] INFO  impl.RoleInfo (RoleInfo.java:updateAndGet(130)) - omNode-1: start omNode-1@group-523986131536-FollowerState
2021-10-31 01:05:54,929 [Listener at localhost/11928] INFO  util.JmxRegister (JmxRegister.java:tryRegister(44)) - Successfully registered JMX Bean with object name Ratis:service=RaftServer,group=group-523986131536,id=omNode-1
2021-10-31 01:05:54,930 [Listener at localhost/11928] INFO  server.RaftServer (RaftServerProxy.java:lambda$start$5(374)) - omNode-1: start RPC server
2021-10-31 01:05:54,931 [Listener at localhost/11928] INFO  server.GrpcService (GrpcService.java:startImpl(253)) - omNode-1: GrpcService started, listening on 11920
2021-10-31 01:05:54,931 [Listener at localhost/11928] INFO  ipc.CallQueueManager (CallQueueManager.java:<init>(90)) - Using callQueue: class java.util.concurrent.LinkedBlockingQueue, queueCapacity: 2000, scheduler: class org.apache.hadoop.ipc.DefaultRpcScheduler, ipcBackoff: false.
2021-10-31 01:05:54,932 [org.apache.ratis.util.JvmPauseMonitor$$Lambda$523/2066045717@616b23dc] INFO  util.JvmPauseMonitor (JvmPauseMonitor.java:run(103)) - JvmPauseMonitor-omNode-1: Started
2021-10-31 01:05:54,932 [Socket Reader #1 for port 11916] INFO  ipc.Server (Server.java:run(1265)) - Starting Socket Reader #1 for port 11916
2021-10-31 01:05:54,938 [Listener at localhost/11916] INFO  http.BaseHttpServer (BaseHttpServer.java:newHttpServer2BuilderForOzone(209)) - Starting Web-server for ozoneManager at: http://0.0.0.0:11918
2021-10-31 01:05:54,938 [Listener at localhost/11916] INFO  http.BaseHttpServer (BaseHttpServer.java:<init>(107)) - Hadoop Security Enabled: false Ozone Security Enabled: false Ozone HTTP Security Enabled: false 
2021-10-31 01:05:54,940 [Listener at localhost/11916] INFO  server.AuthenticationFilter (AuthenticationFilter.java:constructSecretProvider(240)) - Unable to initialize FileSignerSecretProvider, falling back to use random secrets.
2021-10-31 01:05:54,945 [Listener at localhost/11916] WARN  http.HttpRequestLog (HttpRequestLog.java:getRequestLog(103)) - Jetty request log can only be enabled using Log4j
2021-10-31 01:05:54,947 [Listener at localhost/11916] INFO  http.HttpServer2 (HttpServer2.java:addGlobalFilter(1030)) - Added global filter 'safety' (class=org.apache.hadoop.hdds.server.http.HttpServer2$QuotingInputFilter)
2021-10-31 01:05:54,948 [Listener at localhost/11916] INFO  http.HttpServer2 (HttpServer2.java:addFilter(1006)) - Added filter static_user_filter (class=org.apache.hadoop.http.lib.StaticUserWebFilter$StaticUserFilter) to context ozoneManager
2021-10-31 01:05:54,948 [Listener at localhost/11916] INFO  http.HttpServer2 (HttpServer2.java:addFilter(1014)) - Added filter static_user_filter (class=org.apache.hadoop.http.lib.StaticUserWebFilter$StaticUserFilter) to context logs
2021-10-31 01:05:54,948 [Listener at localhost/11916] INFO  http.HttpServer2 (HttpServer2.java:addFilter(1014)) - Added filter static_user_filter (class=org.apache.hadoop.http.lib.StaticUserWebFilter$StaticUserFilter) to context static
2021-10-31 01:05:54,949 [Listener at localhost/11916] INFO  http.HttpServer2 (HttpServer2.java:bindListener(1249)) - Jetty bound to port 11918
2021-10-31 01:05:54,949 [Listener at localhost/11916] INFO  server.Server (Server.java:doStart(375)) - jetty-9.4.43.v20210629; built: 2021-06-30T11:07:22.254Z; git: 526006ecfa3af7f1a27ef3a288e2bef7ea9dd7e8; jvm 1.8.0_292-b10
2021-10-31 01:05:54,962 [Listener at localhost/11916] INFO  server.session (DefaultSessionIdManager.java:doStart(334)) - DefaultSessionIdManager workerName=node0
2021-10-31 01:05:54,963 [Listener at localhost/11916] INFO  server.session (DefaultSessionIdManager.java:doStart(339)) - No SessionScavenger set, using defaults
2021-10-31 01:05:54,963 [Listener at localhost/11916] INFO  server.session (HouseKeeper.java:startScavenging(132)) - node0 Scavenging every 600000ms
2021-10-31 01:05:54,963 [Listener at localhost/11916] INFO  handler.ContextHandler (ContextHandler.java:doStart(915)) - Started o.e.j.s.ServletContextHandler@6d8de71d{logs,/logs,file:///home/runner/work/ozone/ozone/hadoop-ozone/integration-test/target/log,AVAILABLE}
2021-10-31 01:05:54,964 [Listener at localhost/11916] INFO  handler.ContextHandler (ContextHandler.java:doStart(915)) - Started o.e.j.s.ServletContextHandler@38900629{static,/static,file:///home/runner/work/ozone/ozone/hadoop-ozone/integration-test/target/test-classes/webapps/static,AVAILABLE}
2021-10-31 01:05:54,967 [Listener at localhost/11916] INFO  handler.ContextHandler (ContextHandler.java:doStart(915)) - Started o.e.j.w.WebAppContext@48c294f9{ozoneManager,/,file:///home/runner/work/ozone/ozone/hadoop-ozone/integration-test/target/test-classes/webapps/ozoneManager/,AVAILABLE}{file:/home/runner/work/ozone/ozone/hadoop-ozone/integration-test/target/test-classes/webapps/ozoneManager}
2021-10-31 01:05:54,968 [Listener at localhost/11916] INFO  server.AbstractConnector (AbstractConnector.java:doStart(331)) - Started ServerConnector@7a5ebadb{HTTP/1.1, (http/1.1)}{0.0.0.0:11918}
2021-10-31 01:05:54,968 [Listener at localhost/11916] INFO  server.Server (Server.java:doStart(415)) - Started @154902ms
2021-10-31 01:05:54,968 [Listener at localhost/11916] WARN  impl.MetricsSystemImpl (MetricsSystemImpl.java:register(279)) - Sink prometheus already exists!
2021-10-31 01:05:54,969 [Listener at localhost/11916] INFO  http.BaseHttpServer (BaseHttpServer.java:updateConnectorAddress(329)) - HTTP server of ozoneManager listening at http://0.0.0.0:11918
2021-10-31 01:05:54,970 [IPC Server Responder] INFO  ipc.Server (Server.java:run(1507)) - IPC Server Responder: starting
2021-10-31 01:05:54,974 [IPC Server listener on 11916] INFO  ipc.Server (Server.java:run(1344)) - IPC Server listener on 11916: starting
2021-10-31 01:05:54,980 [Listener at localhost/11916] INFO  om.OzoneManager (OzoneManager.java:startTrashEmptier(1576)) - Trash Interval set to 0. Files deleted will not move to trash
2021-10-31 01:05:54,981 [Listener at localhost/11916] INFO  om.OzoneManager (OzoneManager.java:stop(1677)) - Stopping Ozone Manager
2021-10-31 01:05:54,986 [Listener at localhost/11916] INFO  ipc.Server (Server.java:stop(3414)) - Stopping server on 11922
2021-10-31 01:05:54,987 [IPC Server listener on 11922] INFO  ipc.Server (Server.java:run(1376)) - Stopping IPC Server listener on 11922
2021-10-31 01:05:54,987 [IPC Server Responder] INFO  ipc.Server (Server.java:run(1512)) - Stopping IPC Server Responder
2021-10-31 01:05:54,988 [org.apache.hadoop.util.JvmPauseMonitor$Monitor@c1d9249] INFO  util.JvmPauseMonitor (JvmPauseMonitor.java:run(188)) - Starting JVM pause monitor
2021-10-31 01:05:54,989 [Listener at localhost/11916] INFO  server.RaftServer (RaftServerProxy.java:lambda$close$6(391)) - omNode-2: close
2021-10-31 01:05:54,989 [Listener at localhost/11916] INFO  server.RaftServer$Division (RaftServerImpl.java:lambda$close$4(412)) - omNode-2@group-523986131536: shutdown
2021-10-31 01:05:54,990 [Listener at localhost/11916] INFO  util.JmxRegister (JmxRegister.java:unregister(73)) - Successfully un-registered JMX Bean with object name Ratis:service=RaftServer,group=group-523986131536,id=omNode-2
2021-10-31 01:05:54,990 [Listener at localhost/11916] INFO  impl.RoleInfo (RoleInfo.java:shutdownLeaderState(91)) - omNode-2: shutdown omNode-2@group-523986131536-LeaderStateImpl
2021-10-31 01:05:54,990 [omNode-2@group-523986131536->omNode-1-GrpcLogAppender-LogAppenderDaemon] WARN  server.GrpcLogAppender (GrpcLogAppender.java:mayWait(177)) - omNode-2@group-523986131536->omNode-1-GrpcLogAppender: Wait interrupted by java.lang.InterruptedException
2021-10-31 01:05:54,990 [Listener at localhost/11916] INFO  impl.PendingRequests (PendingRequests.java:sendNotLeaderResponses(282)) - omNode-2@group-523986131536-PendingRequests: sendNotLeaderResponses
2021-10-31 01:05:54,991 [omNode-2@group-523986131536->omNode-3-GrpcLogAppender-LogAppenderDaemon] WARN  server.GrpcLogAppender (GrpcLogAppender.java:mayWait(177)) - omNode-2@group-523986131536->omNode-3-GrpcLogAppender: Wait interrupted by java.lang.InterruptedException
2021-10-31 01:05:54,993 [Listener at localhost/11916] INFO  impl.StateMachineUpdater (StateMachineUpdater.java:stopAndJoin(149)) - omNode-2@group-523986131536-StateMachineUpdater: set stopIndex = 17
2021-10-31 01:05:54,993 [omNode-2@group-523986131536-StateMachineUpdater] INFO  ratis.OzoneManagerStateMachine (OzoneManagerStateMachine.java:takeSnapshot(417)) - Current Snapshot Index (t:4, i:17)
2021-10-31 01:05:54,994 [omNode-2@group-523986131536-StateMachineUpdater] INFO  impl.StateMachineUpdater (StateMachineUpdater.java:takeSnapshot(281)) - omNode-2@group-523986131536-StateMachineUpdater: Took a snapshot at index 17
2021-10-31 01:05:54,994 [omNode-2@group-523986131536-StateMachineUpdater] INFO  impl.StateMachineUpdater (StateMachineUpdater.java:lambda$new$0(89)) - omNode-2@group-523986131536-StateMachineUpdater: snapshotIndex: updateIncreasingly 13 -> 17
2021-10-31 01:05:54,994 [omNode-2@group-523986131536-StateMachineUpdater] INFO  ratis.OzoneManagerStateMachine (OzoneManagerStateMachine.java:close(471)) - StateMachine has shutdown. Shutdown OzoneManager if not already shutdown.
2021-10-31 01:05:54,994 [Listener at localhost/11916] INFO  server.RaftServer$Division (ServerState.java:close(419)) - omNode-2@group-523986131536: closes. applyIndex: 17
2021-10-31 01:05:54,994 [omNode-2@group-523986131536-SegmentedRaftLogWorker] INFO  segmented.SegmentedRaftLogWorker (SegmentedRaftLogWorker.java:run(327)) - omNode-2@group-523986131536-SegmentedRaftLogWorker was interrupted, exiting. There are 0 tasks remaining in the queue.
2021-10-31 01:05:54,995 [Listener at localhost/11916] INFO  segmented.SegmentedRaftLogWorker (SegmentedRaftLogWorker.java:close(237)) - omNode-2@group-523986131536-SegmentedRaftLogWorker close()
2021-10-31 01:05:54,996 [Listener at localhost/11916] INFO  server.GrpcService (GrpcService.java:closeImpl(262)) - omNode-2: shutdown server with port 11926 now
2021-10-31 01:05:55,001 [Listener at localhost/11916] INFO  server.GrpcService (GrpcService.java:closeImpl(271)) - omNode-2: shutdown server with port 11926 successfully
2021-10-31 01:05:55,001 [org.apache.ratis.util.JvmPauseMonitor$$Lambda$523/2066045717@4dd2270a] INFO  util.JvmPauseMonitor (JvmPauseMonitor.java:run(109)) - JvmPauseMonitor-omNode-2: Stopped
2021-10-31 01:05:55,001 [Listener at localhost/11916] INFO  ratis.OzoneManagerDoubleBuffer (OzoneManagerDoubleBuffer.java:stop(437)) - Stopping OMDoubleBuffer flush thread
2021-10-31 01:05:55,001 [OMDoubleBufferFlushThread] INFO  ratis.OzoneManagerDoubleBuffer (OzoneManagerDoubleBuffer.java:flushTransactions(356)) - OMDoubleBuffer flush thread OMDoubleBufferFlushThread is interrupted and will exit. OMDoubleBufferFlushThread
2021-10-31 01:05:55,006 [Listener at localhost/11916] INFO  handler.ContextHandler (ContextHandler.java:doStop(1153)) - Stopped o.e.j.w.WebAppContext@6367e90a{ozoneManager,/,null,STOPPED}{file:/home/runner/work/ozone/ozone/hadoop-ozone/integration-test/target/test-classes/webapps/ozoneManager}
2021-10-31 01:05:55,006 [Listener at localhost/11916] INFO  server.AbstractConnector (AbstractConnector.java:doStop(381)) - Stopped ServerConnector@4f39f69c{HTTP/1.1, (http/1.1)}{0.0.0.0:11924}
2021-10-31 01:05:55,006 [Listener at localhost/11916] INFO  server.session (HouseKeeper.java:stopScavenging(149)) - node0 Stopped scavenging
2021-10-31 01:05:55,009 [Listener at localhost/11916] INFO  handler.ContextHandler (ContextHandler.java:doStop(1153)) - Stopped o.e.j.s.ServletContextHandler@7c7a72fa{static,/static,file:///home/runner/work/ozone/ozone/hadoop-ozone/integration-test/target/test-classes/webapps/static,STOPPED}
2021-10-31 01:05:55,010 [Listener at localhost/11916] INFO  handler.ContextHandler (ContextHandler.java:doStop(1153)) - Stopped o.e.j.s.ServletContextHandler@142d5b91{logs,/logs,file:///home/runner/work/ozone/ozone/hadoop-ozone/integration-test/target/log,STOPPED}
2021-10-31 01:05:55,014 [Listener at localhost/11916] INFO  om.OzoneManager (OzoneManager.java:initFSOLayout(3634)) - Configured ozone.om.metadata.layout=SIMPLE and disabled optimized OM FS operations
2021-10-31 01:05:55,014 [Listener at localhost/11916] INFO  om.OzoneManager (OzoneManager.java:restart(1392)) - OzoneManager RPC server is listening at localhost/127.0.0.1:11922
2021-10-31 01:05:55,014 [Listener at localhost/11916] INFO  impl.MetricsSystemImpl (MetricsSystemImpl.java:init(158)) - OzoneManager metrics system started (again)
2021-10-31 01:05:55,029 [Listener at localhost/11916] WARN  server.ServerUtils (ServerUtils.java:getDBPath(225)) - ozone.om.db.dirs is not configured. We recommend adding this setting. Falling back to ozone.metadata.dirs instead.
2021-10-31 01:05:55,033 [Listener at localhost/11916] INFO  codec.OmKeyInfoCodec (OmKeyInfoCodec.java:<init>(51)) - OmKeyInfoCodec ignorePipeline = true
2021-10-31 01:05:55,033 [Listener at localhost/11916] INFO  codec.RepeatedOmKeyInfoCodec (RepeatedOmKeyInfoCodec.java:<init>(42)) - RepeatedOmKeyInfoCodec ignorePipeline = true
2021-10-31 01:05:55,081 [Listener at localhost/11916] WARN  impl.MetricRegistriesImpl (MetricRegistriesImpl.java:addReporterRegistration(111)) - New reporters are added after registries were created. Some metrics will be missing from the reporter. Please add reporter before adding any new registry.
2021-10-31 01:05:55,081 [Listener at localhost/11916] WARN  impl.MetricRegistriesImpl (MetricRegistriesImpl.java:addReporterRegistration(111)) - New reporters are added after registries were created. Some metrics will be missing from the reporter. Please add reporter before adding any new registry.
2021-10-31 01:05:55,081 [Listener at localhost/11916] WARN  server.ServerUtils (ServerUtils.java:getDefaultRatisDirectory(237)) - Storage directory for Ratis is not configured. It is a good idea to map this to an SSD disk. Falling back to ozone.metadata.dirs
2021-10-31 01:05:55,082 [Listener at localhost/11916] INFO  ratis.OzoneManagerRatisServer (OzoneManagerRatisServer.java:<init>(159)) - Instantiating OM Ratis server with groupID: om-service-test1 and peers: localhost:11926, localhost:11932, localhost:11920
2021-10-31 01:05:55,083 [Listener at localhost/11916] INFO  ratis.OzoneManagerStateMachine (OzoneManagerStateMachine.java:loadSnapshotInfoFromDB(605)) - LastAppliedIndex is set from TransactionInfo from OM DB as (t:4, i:17)
2021-10-31 01:05:55,083 [Listener at localhost/11916] INFO  server.RaftServer (ConfUtils.java:logGet(44)) - raft.rpc.type = GRPC (default)
2021-10-31 01:05:55,085 [Listener at localhost/11916] INFO  grpc.GrpcFactory (GrpcFactory.java:checkPooledByteBufAllocatorUseCacheForAllThreads(48)) - PERFORMANCE WARNING: useCacheForAllThreads is true that may cause Netty to create a lot garbage objects and, as a result, trigger GC.
	It is recommended to disable useCacheForAllThreads by setting -Dorg.apache.ratis.thirdparty.io.netty.allocator.useCacheForAllThreads=false in command line.
2021-10-31 01:05:55,085 [Listener at localhost/11916] INFO  grpc.GrpcConfigKeys (ConfUtils.java:logGet(44)) - raft.grpc.admin.port = -1 (default)
2021-10-31 01:05:55,085 [Listener at localhost/11916] INFO  grpc.GrpcConfigKeys (ConfUtils.java:logGet(44)) - raft.grpc.server.port = 11926 (custom)
2021-10-31 01:05:55,086 [Listener at localhost/11916] INFO  grpc.GrpcConfigKeys (ConfUtils.java:logGet(44)) - raft.grpc.client.port = -1 (default)
2021-10-31 01:05:55,086 [Listener at localhost/11916] INFO  grpc.GrpcConfigKeys (ConfUtils.java:logGet(44)) - raft.grpc.server.port = 11926 (custom)
2021-10-31 01:05:55,086 [Listener at localhost/11916] INFO  grpc.GrpcConfigKeys (ConfUtils.java:logGet(44)) - raft.grpc.server.port = 11926 (custom)
2021-10-31 01:05:55,086 [Listener at localhost/11916] INFO  server.GrpcService (ConfUtils.java:logGet(44)) - raft.grpc.message.size.max = 33554432 (custom)
2021-10-31 01:05:55,086 [Listener at localhost/11916] INFO  server.RaftServerConfigKeys (ConfUtils.java:logGet(44)) - raft.server.log.appender.buffer.byte-limit = 33554432 (custom)
2021-10-31 01:05:55,086 [Listener at localhost/11916] INFO  server.GrpcService (ConfUtils.java:logGet(44)) - raft.grpc.flow.control.window = 1MB (=1048576) (default)
2021-10-31 01:05:55,086 [Listener at localhost/11916] INFO  server.RaftServerConfigKeys (ConfUtils.java:logGet(44)) - raft.server.rpc.request.timeout = 3000ms (default)
2021-10-31 01:05:55,088 [Listener at localhost/11916] INFO  impl.DataStreamServerImpl (ConfUtils.java:logGet(44)) - raft.datastream.type = DISABLED (default)
2021-10-31 01:05:55,088 [Listener at localhost/11916] INFO  server.RaftServerConfigKeys (ConfUtils.java:logGet(44)) - raft.server.rpc.slowness.timeout = 2s (custom)
2021-10-31 01:05:55,088 [Listener at localhost/11916] INFO  server.RaftServerConfigKeys (ConfUtils.java:logGet(44)) - raft.server.leaderelection.leader.step-down.wait-time = 10s (default)
2021-10-31 01:05:55,088 [Listener at localhost/11916] INFO  server.RaftServerConfigKeys (ConfUtils.java:logGet(44)) - raft.server.storage.dir = [/home/runner/work/ozone/ozone/hadoop-ozone/integration-test/target/test-dir/MiniOzoneClusterImpl-b8864bcf-37cc-42b5-82cc-559abfd78a8f/omNode-2/ratis] (custom)
2021-10-31 01:05:55,088 [Listener at localhost/11916] INFO  server.RaftServer (RaftServerProxy.java:lambda$null$1(235)) - omNode-2: found a subdirectory /home/runner/work/ozone/ozone/hadoop-ozone/integration-test/target/test-dir/MiniOzoneClusterImpl-b8864bcf-37cc-42b5-82cc-559abfd78a8f/omNode-2/ratis/c9bc4cf4-3bc3-3c60-a66b-523986131536
2021-10-31 01:05:55,089 [Listener at localhost/11916] INFO  server.RaftServer (RaftServerProxy.java:addNew(95)) - omNode-2: addNew group-523986131536:[omNode-3|rpc:localhost:11932|priority:0, omNode-1|rpc:localhost:11920|priority:0, omNode-2|rpc:localhost:11926|priority:0] returns group-523986131536:java.util.concurrent.CompletableFuture@30cb8f19[Not completed]
2021-10-31 01:05:55,089 [Listener at localhost/11916] INFO  om.OzoneManager (OzoneManager.java:initializeRatisServer(1618)) - OzoneManager Ratis server initialized at port 11926
2021-10-31 01:05:55,089 [Listener at localhost/11916] INFO  ratis.OzoneManagerRatisServer (OzoneManagerRatisServer.java:start(522)) - Starting OzoneManagerRatisServer omNode-2 at port 11926
2021-10-31 01:05:55,089 [pool-271-thread-1] INFO  server.RaftServer$Division (RaftServerImpl.java:<init>(184)) - omNode-2: new RaftServerImpl for group-523986131536:[omNode-3|rpc:localhost:11932|priority:0, omNode-1|rpc:localhost:11920|priority:0, omNode-2|rpc:localhost:11926|priority:0] with OzoneManagerStateMachine:uninitialized
2021-10-31 01:05:55,091 [pool-271-thread-1] INFO  server.RaftServerConfigKeys (ConfUtils.java:logGet(44)) - raft.server.rpc.timeout.min = 1s (custom)
2021-10-31 01:05:55,091 [pool-271-thread-1] INFO  server.RaftServerConfigKeys (ConfUtils.java:logGet(44)) - raft.server.rpc.timeout.max = 1200ms (custom)
2021-10-31 01:05:55,091 [pool-271-thread-1] INFO  server.RaftServerConfigKeys (ConfUtils.java:logGet(44)) - raft.server.rpc.sleep.time = 25ms (default)
2021-10-31 01:05:55,091 [pool-271-thread-1] INFO  server.RaftServerConfigKeys (ConfUtils.java:logGet(44)) - raft.server.rpc.slowness.timeout = 2s (custom)
2021-10-31 01:05:55,091 [pool-271-thread-1] INFO  server.RaftServerConfigKeys (ConfUtils.java:logGet(44)) - raft.server.leaderelection.leader.step-down.wait-time = 10s (default)
2021-10-31 01:05:55,091 [pool-271-thread-1] INFO  server.RaftServerConfigKeys (ConfUtils.java:logGet(44)) - raft.server.sleep.deviation.threshold = 300ms (default)
2021-10-31 01:05:55,091 [pool-271-thread-1] INFO  server.RaftServerConfigKeys (ConfUtils.java:logGet(44)) - raft.server.log.appender.install.snapshot.enabled = false (custom)
2021-10-31 01:05:55,091 [pool-271-thread-1] INFO  server.RaftServer$Division (ServerState.java:<init>(105)) - omNode-2@group-523986131536: ConfigurationManager, init=-1: [omNode-3|rpc:localhost:11932|priority:0, omNode-1|rpc:localhost:11920|priority:0, omNode-2|rpc:localhost:11926|priority:0], old=null, confs=<EMPTY_MAP>
2021-10-31 01:05:55,091 [pool-271-thread-1] INFO  server.RaftServerConfigKeys (ConfUtils.java:logGet(44)) - raft.server.storage.dir = [/home/runner/work/ozone/ozone/hadoop-ozone/integration-test/target/test-dir/MiniOzoneClusterImpl-b8864bcf-37cc-42b5-82cc-559abfd78a8f/omNode-2/ratis] (custom)
2021-10-31 01:05:55,091 [pool-271-thread-1] INFO  server.RaftServerConfigKeys (ConfUtils.java:logGet(44)) - raft.server.log.corruption.policy = EXCEPTION (default)
2021-10-31 01:05:55,091 [pool-271-thread-1] INFO  server.RaftServerConfigKeys (ConfUtils.java:logGet(44)) - raft.server.storage.free-space.min = 0MB (=0) (default)
2021-10-31 01:05:55,094 [pool-271-thread-1] INFO  storage.RaftStorageDirectory (RaftStorageDirectoryImpl.java:tryLock(230)) - Lock on /home/runner/work/ozone/ozone/hadoop-ozone/integration-test/target/test-dir/MiniOzoneClusterImpl-b8864bcf-37cc-42b5-82cc-559abfd78a8f/omNode-2/ratis/c9bc4cf4-3bc3-3c60-a66b-523986131536/in_use.lock acquired by nodename 14068@fv-az50-512
2021-10-31 01:05:55,094 [pool-271-thread-1] INFO  storage.RaftStorage (RaftStorageImpl.java:analyzeAndRecoverStorage(110)) - Read RaftStorageMetadata{term=4, votedFor=omNode-2} from /home/runner/work/ozone/ozone/hadoop-ozone/integration-test/target/test-dir/MiniOzoneClusterImpl-b8864bcf-37cc-42b5-82cc-559abfd78a8f/omNode-2/ratis/c9bc4cf4-3bc3-3c60-a66b-523986131536/current/raft-meta
2021-10-31 01:05:55,094 [pool-271-thread-1] INFO  server.RaftServer$Division (ServerState.java:setRaftConf(387)) - omNode-2@group-523986131536: set configuration 14: [omNode-3|rpc:localhost:11932|admin:|client:|dataStream:|priority:0, omNode-1|rpc:localhost:11920|admin:|client:|dataStream:|priority:0, omNode-2|rpc:localhost:11926|admin:|client:|dataStream:|priority:0], old=null
2021-10-31 01:05:55,094 [pool-271-thread-1] INFO  server.RaftServerConfigKeys (ConfUtils.java:logGet(44)) - raft.server.notification.no-leader.timeout = 2s (custom)
2021-10-31 01:05:55,094 [pool-271-thread-1] INFO  server.RaftServerConfigKeys (ConfUtils.java:logGet(44)) - raft.server.log.use.memory = false (default)
2021-10-31 01:05:55,095 [pool-271-thread-1] INFO  server.RaftServerConfigKeys (ConfUtils.java:logGet(44)) - raft.server.log.purge.gap = 50 (custom)
2021-10-31 01:05:55,095 [pool-271-thread-1] INFO  server.RaftServerConfigKeys (ConfUtils.java:logGet(44)) - raft.server.log.appender.buffer.byte-limit = 33554432 (custom)
2021-10-31 01:05:55,095 [pool-271-thread-1] INFO  server.RaftServerConfigKeys (ConfUtils.java:logGet(44)) - raft.server.log.segment.size.max = 4194304 (custom)
2021-10-31 01:05:55,095 [pool-271-thread-1] INFO  server.RaftServerConfigKeys (ConfUtils.java:logGet(44)) - raft.server.log.segment.cache.num.max = 2 (custom)
2021-10-31 01:05:55,095 [pool-271-thread-1] INFO  server.RaftServerConfigKeys (ConfUtils.java:logGet(44)) - raft.server.log.segment.cache.size.max = 200MB (=209715200) (default)
2021-10-31 01:05:55,095 [pool-271-thread-1] INFO  segmented.SegmentedRaftLogWorker (SegmentedRaftLogWorker.java:<init>(182)) - new omNode-2@group-523986131536-SegmentedRaftLogWorker for RaftStorageImpl:Storage Directory /home/runner/work/ozone/ozone/hadoop-ozone/integration-test/target/test-dir/MiniOzoneClusterImpl-b8864bcf-37cc-42b5-82cc-559abfd78a8f/omNode-2/ratis/c9bc4cf4-3bc3-3c60-a66b-523986131536
2021-10-31 01:05:55,095 [pool-271-thread-1] INFO  server.RaftServerConfigKeys (ConfUtils.java:logGet(44)) - raft.server.log.queue.byte-limit = 64MB (=67108864) (default)
2021-10-31 01:05:55,095 [pool-271-thread-1] INFO  server.RaftServerConfigKeys (ConfUtils.java:logGet(44)) - raft.server.log.queue.element-limit = 4096 (default)
2021-10-31 01:05:55,096 [pool-271-thread-1] INFO  server.RaftServerConfigKeys (ConfUtils.java:logGet(44)) - raft.server.log.segment.size.max = 4194304 (custom)
2021-10-31 01:05:55,096 [pool-271-thread-1] INFO  server.RaftServerConfigKeys (ConfUtils.java:logGet(44)) - raft.server.log.preallocated.size = 4194304 (custom)
2021-10-31 01:05:55,096 [pool-271-thread-1] INFO  server.RaftServerConfigKeys (ConfUtils.java:logGet(44)) - raft.server.log.force.sync.num = 128 (default)
2021-10-31 01:05:55,096 [pool-271-thread-1] INFO  server.RaftServerConfigKeys (ConfUtils.java:logGet(44)) - raft.server.log.statemachine.data.sync = true (default)
2021-10-31 01:05:55,096 [pool-271-thread-1] INFO  server.RaftServerConfigKeys (ConfUtils.java:logGet(44)) - raft.server.log.statemachine.data.sync.timeout = 10s (default)
2021-10-31 01:05:55,096 [pool-271-thread-1] INFO  server.RaftServerConfigKeys (ConfUtils.java:logGet(44)) - raft.server.log.statemachine.data.sync.timeout.retry = -1 (default)
2021-10-31 01:05:55,097 [pool-271-thread-1] INFO  server.RaftServerConfigKeys (ConfUtils.java:logGet(44)) - raft.server.log.write.buffer.size = 64KB (=65536) (default)
2021-10-31 01:05:55,097 [pool-271-thread-1] INFO  server.RaftServerConfigKeys (ConfUtils.java:logGet(44)) - raft.server.log.statemachine.data.caching.enabled = false (default)
2021-10-31 01:05:55,098 [pool-271-thread-1] INFO  server.RaftServer$Division (ServerState.java:setRaftConf(387)) - omNode-2@group-523986131536: set configuration 12: [omNode-3|rpc:localhost:11932|admin:|client:|dataStream:|priority:0, omNode-1|rpc:localhost:11920|admin:|client:|dataStream:|priority:0, omNode-2|rpc:localhost:11926|admin:|client:|dataStream:|priority:0], old=null
2021-10-31 01:05:55,098 [pool-271-thread-1] INFO  segmented.LogSegment (LogSegment.java:loadSegment(173)) - Successfully read 2 entries from segment file /home/runner/work/ozone/ozone/hadoop-ozone/integration-test/target/test-dir/MiniOzoneClusterImpl-b8864bcf-37cc-42b5-82cc-559abfd78a8f/omNode-2/ratis/c9bc4cf4-3bc3-3c60-a66b-523986131536/current/log_12-13
2021-10-31 01:05:55,098 [pool-271-thread-1] INFO  server.RaftServer$Division (ServerState.java:setRaftConf(387)) - omNode-2@group-523986131536: set configuration 14: [omNode-3|rpc:localhost:11932|admin:|client:|dataStream:|priority:0, omNode-1|rpc:localhost:11920|admin:|client:|dataStream:|priority:0, omNode-2|rpc:localhost:11926|admin:|client:|dataStream:|priority:0], old=null
2021-10-31 01:05:55,098 [pool-271-thread-1] INFO  segmented.LogSegment (LogSegment.java:loadSegment(173)) - Successfully read 4 entries from segment file /home/runner/work/ozone/ozone/hadoop-ozone/integration-test/target/test-dir/MiniOzoneClusterImpl-b8864bcf-37cc-42b5-82cc-559abfd78a8f/omNode-2/ratis/c9bc4cf4-3bc3-3c60-a66b-523986131536/current/log_inprogress_14
2021-10-31 01:05:55,099 [pool-271-thread-1] INFO  segmented.SegmentedRaftLogWorker (SegmentedRaftLogWorker.java:lambda$new$0(133)) - omNode-2@group-523986131536-SegmentedRaftLogWorker: flushIndex: setUnconditionally 0 -> 17
2021-10-31 01:05:55,099 [pool-271-thread-1] INFO  segmented.SegmentedRaftLogWorker (SegmentedRaftLogWorker.java:lambda$new$0(133)) - omNode-2@group-523986131536-SegmentedRaftLogWorker: safeCacheEvictIndex: setUnconditionally 0 -> 13
2021-10-31 01:05:55,099 [pool-271-thread-1] INFO  raftlog.RaftLog (RaftLogBase.java:lambda$new$0(53)) - omNode-2@group-523986131536-SegmentedRaftLog: commitIndex: updateToMax old=17, new=16, updated? false
2021-10-31 01:05:55,099 [pool-271-thread-1] INFO  raftlog.RaftLog (RaftLogBase.java:lambda$new$0(53)) - omNode-2@group-523986131536-SegmentedRaftLog: purgeIndex: updateIncreasingly -1 -> 11
2021-10-31 01:05:55,099 [pool-271-thread-1] INFO  server.RaftServerConfigKeys (ConfUtils.java:logGet(44)) - raft.server.snapshot.auto.trigger.enabled = true (custom)
2021-10-31 01:05:55,099 [pool-271-thread-1] INFO  server.RaftServerConfigKeys (ConfUtils.java:logGet(44)) - raft.server.snapshot.auto.trigger.threshold = 50 (custom)
2021-10-31 01:05:55,099 [pool-271-thread-1] INFO  server.RaftServerConfigKeys (ConfUtils.java:logGet(44)) - raft.server.snapshot.retention.file.num = -1 (default)
2021-10-31 01:05:55,099 [pool-271-thread-1] INFO  server.RaftServerConfigKeys (ConfUtils.java:logGet(44)) - raft.server.log.purge.upto.snapshot.index = true (custom)
2021-10-31 01:05:55,099 [pool-271-thread-1] INFO  server.RaftServerConfigKeys (ConfUtils.java:logGet(44)) - raft.server.retrycache.expirytime = 30000ms (custom)
2021-10-31 01:05:55,099 [pool-271-thread-1] INFO  server.RaftServerConfigKeys (ConfUtils.java:logGet(44)) - raft.server.retrycache.statistics.expirytime = 100μs (default)
2021-10-31 01:05:55,101 [Listener at localhost/11916] INFO  server.RaftServer$Division (RaftServerImpl.java:start(301)) - omNode-2@group-523986131536: start as a follower, conf=14: [omNode-3|rpc:localhost:11932|admin:|client:|dataStream:|priority:0, omNode-1|rpc:localhost:11920|admin:|client:|dataStream:|priority:0, omNode-2|rpc:localhost:11926|admin:|client:|dataStream:|priority:0], old=null
2021-10-31 01:05:55,101 [Listener at localhost/11916] INFO  server.RaftServer$Division (RaftServerImpl.java:setRole(290)) - omNode-2@group-523986131536: changes role from      null to FOLLOWER at term 4 for startAsFollower
2021-10-31 01:05:55,101 [Listener at localhost/11916] INFO  impl.RoleInfo (RoleInfo.java:updateAndGet(130)) - omNode-2: start omNode-2@group-523986131536-FollowerState
2021-10-31 01:05:55,102 [Listener at localhost/11916] INFO  util.JmxRegister (JmxRegister.java:tryRegister(44)) - Successfully registered JMX Bean with object name Ratis:service=RaftServer,group=group-523986131536,id=omNode-2
2021-10-31 01:05:55,103 [Listener at localhost/11916] INFO  server.RaftServer (RaftServerProxy.java:lambda$start$5(374)) - omNode-2: start RPC server
2021-10-31 01:05:55,103 [Listener at localhost/11916] INFO  server.GrpcService (GrpcService.java:startImpl(253)) - omNode-2: GrpcService started, listening on 11926
2021-10-31 01:05:55,104 [Listener at localhost/11916] INFO  ipc.CallQueueManager (CallQueueManager.java:<init>(90)) - Using callQueue: class java.util.concurrent.LinkedBlockingQueue, queueCapacity: 2000, scheduler: class org.apache.hadoop.ipc.DefaultRpcScheduler, ipcBackoff: false.
2021-10-31 01:05:55,104 [org.apache.ratis.util.JvmPauseMonitor$$Lambda$523/2066045717@5d118e11] INFO  util.JvmPauseMonitor (JvmPauseMonitor.java:run(103)) - JvmPauseMonitor-omNode-2: Started
2021-10-31 01:05:55,105 [Socket Reader #1 for port 11922] INFO  ipc.Server (Server.java:run(1265)) - Starting Socket Reader #1 for port 11922
2021-10-31 01:05:55,113 [Listener at localhost/11922] INFO  http.BaseHttpServer (BaseHttpServer.java:newHttpServer2BuilderForOzone(209)) - Starting Web-server for ozoneManager at: http://0.0.0.0:11924
2021-10-31 01:05:55,113 [Listener at localhost/11922] INFO  http.BaseHttpServer (BaseHttpServer.java:<init>(107)) - Hadoop Security Enabled: false Ozone Security Enabled: false Ozone HTTP Security Enabled: false 
2021-10-31 01:05:55,114 [Listener at localhost/11922] INFO  server.AuthenticationFilter (AuthenticationFilter.java:constructSecretProvider(240)) - Unable to initialize FileSignerSecretProvider, falling back to use random secrets.
2021-10-31 01:05:55,115 [Listener at localhost/11922] WARN  http.HttpRequestLog (HttpRequestLog.java:getRequestLog(103)) - Jetty request log can only be enabled using Log4j
2021-10-31 01:05:55,116 [Listener at localhost/11922] INFO  http.HttpServer2 (HttpServer2.java:addGlobalFilter(1030)) - Added global filter 'safety' (class=org.apache.hadoop.hdds.server.http.HttpServer2$QuotingInputFilter)
2021-10-31 01:05:55,116 [Listener at localhost/11922] INFO  http.HttpServer2 (HttpServer2.java:addFilter(1006)) - Added filter static_user_filter (class=org.apache.hadoop.http.lib.StaticUserWebFilter$StaticUserFilter) to context ozoneManager
2021-10-31 01:05:55,116 [Listener at localhost/11922] INFO  http.HttpServer2 (HttpServer2.java:addFilter(1014)) - Added filter static_user_filter (class=org.apache.hadoop.http.lib.StaticUserWebFilter$StaticUserFilter) to context static
2021-10-31 01:05:55,116 [Listener at localhost/11922] INFO  http.HttpServer2 (HttpServer2.java:addFilter(1014)) - Added filter static_user_filter (class=org.apache.hadoop.http.lib.StaticUserWebFilter$StaticUserFilter) to context logs
2021-10-31 01:05:55,117 [Listener at localhost/11922] INFO  http.HttpServer2 (HttpServer2.java:bindListener(1249)) - Jetty bound to port 11924
2021-10-31 01:05:55,117 [Listener at localhost/11922] INFO  server.Server (Server.java:doStart(375)) - jetty-9.4.43.v20210629; built: 2021-06-30T11:07:22.254Z; git: 526006ecfa3af7f1a27ef3a288e2bef7ea9dd7e8; jvm 1.8.0_292-b10
2021-10-31 01:05:55,120 [Listener at localhost/11922] INFO  server.session (DefaultSessionIdManager.java:doStart(334)) - DefaultSessionIdManager workerName=node0
2021-10-31 01:05:55,120 [Listener at localhost/11922] INFO  server.session (DefaultSessionIdManager.java:doStart(339)) - No SessionScavenger set, using defaults
2021-10-31 01:05:55,120 [Listener at localhost/11922] INFO  server.session (HouseKeeper.java:startScavenging(132)) - node0 Scavenging every 660000ms
2021-10-31 01:05:55,122 [Listener at localhost/11922] INFO  handler.ContextHandler (ContextHandler.java:doStart(915)) - Started o.e.j.s.ServletContextHandler@3886aa49{logs,/logs,file:///home/runner/work/ozone/ozone/hadoop-ozone/integration-test/target/log,AVAILABLE}
2021-10-31 01:05:55,122 [Listener at localhost/11922] INFO  handler.ContextHandler (ContextHandler.java:doStart(915)) - Started o.e.j.s.ServletContextHandler@6ac64520{static,/static,file:///home/runner/work/ozone/ozone/hadoop-ozone/integration-test/target/test-classes/webapps/static,AVAILABLE}
2021-10-31 01:05:55,128 [Listener at localhost/11922] INFO  handler.ContextHandler (ContextHandler.java:doStart(915)) - Started o.e.j.w.WebAppContext@54ac3124{ozoneManager,/,file:///home/runner/work/ozone/ozone/hadoop-ozone/integration-test/target/test-classes/webapps/ozoneManager/,AVAILABLE}{file:/home/runner/work/ozone/ozone/hadoop-ozone/integration-test/target/test-classes/webapps/ozoneManager}
2021-10-31 01:05:55,129 [Listener at localhost/11922] INFO  server.AbstractConnector (AbstractConnector.java:doStart(331)) - Started ServerConnector@36e5078{HTTP/1.1, (http/1.1)}{0.0.0.0:11924}
2021-10-31 01:05:55,129 [Listener at localhost/11922] INFO  server.Server (Server.java:doStart(415)) - Started @155063ms
2021-10-31 01:05:55,129 [Listener at localhost/11922] WARN  impl.MetricsSystemImpl (MetricsSystemImpl.java:register(279)) - Sink prometheus already exists!
2021-10-31 01:05:55,130 [Listener at localhost/11922] INFO  http.BaseHttpServer (BaseHttpServer.java:updateConnectorAddress(329)) - HTTP server of ozoneManager listening at http://0.0.0.0:11924
2021-10-31 01:05:55,133 [IPC Server Responder] INFO  ipc.Server (Server.java:run(1507)) - IPC Server Responder: starting
2021-10-31 01:05:55,133 [IPC Server listener on 11922] INFO  ipc.Server (Server.java:run(1344)) - IPC Server listener on 11922: starting
2021-10-31 01:05:55,140 [Listener at localhost/11922] INFO  om.OzoneManager (OzoneManager.java:startTrashEmptier(1576)) - Trash Interval set to 0. Files deleted will not move to trash
2021-10-31 01:05:55,141 [org.apache.hadoop.util.JvmPauseMonitor$Monitor@543267e9] INFO  util.JvmPauseMonitor (JvmPauseMonitor.java:run(188)) - Starting JVM pause monitor
]]></system-out>
  </testcase>
  <testcase name="testPrepareWithTransactions" classname="org.apache.hadoop.ozone.om.TestOzoneManagerPrepare" time="125.91">
    <error message="timeout: after 120000 millis" type="java.util.concurrent.TimeoutException">java.util.concurrent.TimeoutException: timeout: after 120000 millis
	at org.apache.ozone.test.LambdaTestUtils$GenerateTimeout.evaluate(LambdaTestUtils.java:677)
	at org.apache.ozone.test.LambdaTestUtils.await(LambdaTestUtils.java:154)
	at org.apache.ozone.test.LambdaTestUtils.await(LambdaTestUtils.java:192)
	at org.apache.hadoop.ozone.om.TestOzoneManagerPrepare.assertClusterNotPrepared(TestOzoneManagerPrepare.java:484)
	at org.apache.hadoop.ozone.om.TestOzoneManagerPrepare.assertClusterNotPrepared(TestOzoneManagerPrepare.java:478)
	at org.apache.hadoop.ozone.om.TestOzoneManagerPrepare.initOM(TestOzoneManagerPrepare.java:91)
	at sun.reflect.NativeMethodAccessorImpl.invoke0(Native Method)
	at sun.reflect.NativeMethodAccessorImpl.invoke(NativeMethodAccessorImpl.java:62)
	at sun.reflect.DelegatingMethodAccessorImpl.invoke(DelegatingMethodAccessorImpl.java:43)
	at java.lang.reflect.Method.invoke(Method.java:498)
	at org.junit.runners.model.FrameworkMethod$1.runReflectiveCall(FrameworkMethod.java:59)
	at org.junit.internal.runners.model.ReflectiveCallable.run(ReflectiveCallable.java:12)
	at org.junit.runners.model.FrameworkMethod.invokeExplosively(FrameworkMethod.java:56)
	at org.junit.internal.runners.statements.RunBefores.invokeMethod(RunBefores.java:33)
	at org.junit.internal.runners.statements.RunBefores.evaluate(RunBefores.java:24)
	at org.junit.internal.runners.statements.RunAfters.evaluate(RunAfters.java:27)
	at org.junit.rules.ExpectedException$ExpectedExceptionStatement.evaluate(ExpectedException.java:258)
	at org.junit.internal.runners.statements.FailOnTimeout$CallableStatement.call(FailOnTimeout.java:288)
	at org.junit.internal.runners.statements.FailOnTimeout$CallableStatement.call(FailOnTimeout.java:282)
	at java.util.concurrent.FutureTask.run(FutureTask.java:266)
	at java.lang.Thread.run(Thread.java:748)
</error>
    <system-out><![CDATA[2021-10-31 01:05:55,156 [Time-limited test] INFO  retry.RetryInvocationHandler (RetryInvocationHandler.java:log(411)) - com.google.protobuf.ServiceException: org.apache.hadoop.ipc.RemoteException(org.apache.hadoop.ozone.om.exceptions.OMNotLeaderException): OM:omNode-2 is not the leader. Could not determine the leader node.
	at org.apache.hadoop.ozone.om.ratis.utils.OzoneManagerRatisUtils.createNotLeaderException(OzoneManagerRatisUtils.java:465)
	at org.apache.hadoop.ozone.om.ratis.utils.OzoneManagerRatisUtils.checkLeaderStatus(OzoneManagerRatisUtils.java:451)
	at org.apache.hadoop.ozone.protocolPB.OzoneManagerProtocolServerSideTranslatorPB.checkLeaderStatus(OzoneManagerProtocolServerSideTranslatorPB.java:248)
	at org.apache.hadoop.ozone.protocolPB.OzoneManagerProtocolServerSideTranslatorPB.processRequest(OzoneManagerProtocolServerSideTranslatorPB.java:135)
	at org.apache.hadoop.hdds.server.OzoneProtocolMessageDispatcher.processRequest(OzoneProtocolMessageDispatcher.java:87)
	at org.apache.hadoop.ozone.protocolPB.OzoneManagerProtocolServerSideTranslatorPB.submitRequest(OzoneManagerProtocolServerSideTranslatorPB.java:124)
	at org.apache.hadoop.ozone.protocol.proto.OzoneManagerProtocolProtos$OzoneManagerService$2.callBlockingMethod(OzoneManagerProtocolProtos.java)
	at org.apache.hadoop.ipc.ProtobufRpcEngine$Server.processCall(ProtobufRpcEngine.java:466)
	at org.apache.hadoop.ipc.ProtobufRpcEngine2$Server$ProtoBufRpcInvoker.call(ProtobufRpcEngine2.java:574)
	at org.apache.hadoop.ipc.ProtobufRpcEngine2$Server$ProtoBufRpcInvoker.call(ProtobufRpcEngine2.java:552)
	at org.apache.hadoop.ipc.RPC$Server.call(RPC.java:1093)
	at org.apache.hadoop.ipc.Server$RpcCall.run(Server.java:1035)
	at org.apache.hadoop.ipc.Server$RpcCall.run(Server.java:963)
	at java.security.AccessController.doPrivileged(Native Method)
	at javax.security.auth.Subject.doAs(Subject.java:422)
	at org.apache.hadoop.security.UserGroupInformation.doAs(UserGroupInformation.java:1878)
	at org.apache.hadoop.ipc.Server$Handler.run(Server.java:2966)
, while invoking $Proxy52.submitRequest over nodeId=omNode-2,nodeAddress=127.0.0.1:11922. Trying to failover immediately.
2021-10-31 01:05:55,160 [Time-limited test] INFO  retry.RetryInvocationHandler (RetryInvocationHandler.java:log(411)) - com.google.protobuf.ServiceException: org.apache.hadoop.ipc.RemoteException(org.apache.hadoop.ozone.om.exceptions.OMNotLeaderException): OM:omNode-3 is not the leader. Could not determine the leader node.
	at org.apache.hadoop.ozone.om.ratis.utils.OzoneManagerRatisUtils.createNotLeaderException(OzoneManagerRatisUtils.java:465)
	at org.apache.hadoop.ozone.om.ratis.utils.OzoneManagerRatisUtils.checkLeaderStatus(OzoneManagerRatisUtils.java:451)
	at org.apache.hadoop.ozone.protocolPB.OzoneManagerProtocolServerSideTranslatorPB.checkLeaderStatus(OzoneManagerProtocolServerSideTranslatorPB.java:248)
	at org.apache.hadoop.ozone.protocolPB.OzoneManagerProtocolServerSideTranslatorPB.processRequest(OzoneManagerProtocolServerSideTranslatorPB.java:135)
	at org.apache.hadoop.hdds.server.OzoneProtocolMessageDispatcher.processRequest(OzoneProtocolMessageDispatcher.java:87)
	at org.apache.hadoop.ozone.protocolPB.OzoneManagerProtocolServerSideTranslatorPB.submitRequest(OzoneManagerProtocolServerSideTranslatorPB.java:124)
	at org.apache.hadoop.ozone.protocol.proto.OzoneManagerProtocolProtos$OzoneManagerService$2.callBlockingMethod(OzoneManagerProtocolProtos.java)
	at org.apache.hadoop.ipc.ProtobufRpcEngine$Server.processCall(ProtobufRpcEngine.java:466)
	at org.apache.hadoop.ipc.ProtobufRpcEngine2$Server$ProtoBufRpcInvoker.call(ProtobufRpcEngine2.java:574)
	at org.apache.hadoop.ipc.ProtobufRpcEngine2$Server$ProtoBufRpcInvoker.call(ProtobufRpcEngine2.java:552)
	at org.apache.hadoop.ipc.RPC$Server.call(RPC.java:1093)
	at org.apache.hadoop.ipc.Server$RpcCall.run(Server.java:1035)
	at org.apache.hadoop.ipc.Server$RpcCall.run(Server.java:963)
	at java.security.AccessController.doPrivileged(Native Method)
	at javax.security.auth.Subject.doAs(Subject.java:422)
	at org.apache.hadoop.security.UserGroupInformation.doAs(UserGroupInformation.java:1878)
	at org.apache.hadoop.ipc.Server$Handler.run(Server.java:2966)
, while invoking $Proxy52.submitRequest over nodeId=omNode-3,nodeAddress=127.0.0.1:11928 after 1 failover attempts. Trying to failover after sleeping for 2000ms.
2021-10-31 01:05:55,987 [omNode-3@group-523986131536-FollowerState] INFO  impl.FollowerState (FollowerState.java:run(134)) - omNode-3@group-523986131536-FollowerState: change to CANDIDATE, lastRpcElapsedTime:1208302176ns, electionTimeout:1200ms
2021-10-31 01:05:55,989 [omNode-3@group-523986131536-FollowerState] INFO  impl.RoleInfo (RoleInfo.java:shutdownFollowerState(108)) - omNode-3: shutdown omNode-3@group-523986131536-FollowerState
2021-10-31 01:05:55,989 [omNode-3@group-523986131536-FollowerState] INFO  server.RaftServer$Division (RaftServerImpl.java:setRole(290)) - omNode-3@group-523986131536: changes role from  FOLLOWER to CANDIDATE at term 4 for changeToCandidate
2021-10-31 01:05:55,989 [omNode-3@group-523986131536-FollowerState] INFO  server.RaftServerConfigKeys (ConfUtils.java:logGet(44)) - raft.server.leaderelection.pre-vote = false (custom)
2021-10-31 01:05:55,989 [omNode-3@group-523986131536-FollowerState] INFO  impl.RoleInfo (RoleInfo.java:updateAndGet(130)) - omNode-3: start omNode-3@group-523986131536-LeaderElection15
2021-10-31 01:05:55,992 [omNode-3@group-523986131536-LeaderElection15] INFO  impl.LeaderElection (LeaderElection.java:askForVotes(306)) - omNode-3@group-523986131536-LeaderElection15 ELECTION round 0: submit vote requests at term 5 for 14: [omNode-3|rpc:localhost:11932|admin:|client:|dataStream:|priority:0, omNode-1|rpc:localhost:11920|admin:|client:|dataStream:|priority:0, omNode-2|rpc:localhost:11926|admin:|client:|dataStream:|priority:0], old=null
2021-10-31 01:05:56,007 [grpc-default-executor-8] INFO  server.RaftServer$Division (RaftServerImpl.java:requestVote(1046)) - omNode-1@group-523986131536: receive requestVote(ELECTION, omNode-3, group-523986131536, 5, (t:4, i:17))
2021-10-31 01:05:56,008 [grpc-default-executor-8] INFO  impl.VoteContext (VoteContext.java:log(48)) - omNode-1@group-523986131536-FOLLOWER: accept ELECTION from omNode-3: our last entry (t:2, i:11) < candidate's last entry (t:4, i:17)
2021-10-31 01:05:56,008 [grpc-default-executor-8] INFO  server.RaftServer$Division (RaftServerImpl.java:setRole(290)) - omNode-1@group-523986131536: changes role from  FOLLOWER to FOLLOWER at term 5 for candidate:omNode-3
2021-10-31 01:05:56,008 [grpc-default-executor-8] INFO  impl.RoleInfo (RoleInfo.java:shutdownFollowerState(108)) - omNode-1: shutdown omNode-1@group-523986131536-FollowerState
2021-10-31 01:05:56,008 [omNode-1@group-523986131536-FollowerState] INFO  impl.FollowerState (FollowerState.java:run(143)) - omNode-1@group-523986131536-FollowerState was interrupted: {}
java.lang.InterruptedException: sleep interrupted
	at java.lang.Thread.sleep(Native Method)
	at java.lang.Thread.sleep(Thread.java:340)
	at java.util.concurrent.TimeUnit.sleep(TimeUnit.java:386)
	at org.apache.ratis.util.TimeDuration.sleep(TimeDuration.java:324)
	at org.apache.ratis.util.TimeDuration.sleep(TimeDuration.java:309)
	at org.apache.ratis.server.impl.FollowerState.run(FollowerState.java:118)
2021-10-31 01:05:56,009 [grpc-default-executor-8] INFO  impl.RoleInfo (RoleInfo.java:updateAndGet(130)) - omNode-1: start omNode-1@group-523986131536-FollowerState
2021-10-31 01:05:56,011 [grpc-default-executor-8] INFO  server.RaftServer$Division (RaftServerImpl.java:requestVote(1078)) - omNode-1@group-523986131536 replies to ELECTION vote request: omNode-3<-omNode-1#0:OK-t5. Peer's state: omNode-1@group-523986131536:t5, leader=null, voted=omNode-3, raftlog=omNode-1@group-523986131536-SegmentedRaftLog:OPENED:c11, conf=14: [omNode-3|rpc:localhost:11932|admin:|client:|dataStream:|priority:0, omNode-1|rpc:localhost:11920|admin:|client:|dataStream:|priority:0, omNode-2|rpc:localhost:11926|admin:|client:|dataStream:|priority:0], old=null
2021-10-31 01:05:56,013 [grpc-default-executor-2] INFO  server.RaftServer$Division (RaftServerImpl.java:requestVote(1046)) - omNode-2@group-523986131536: receive requestVote(ELECTION, omNode-3, group-523986131536, 5, (t:4, i:17))
2021-10-31 01:05:56,013 [grpc-default-executor-2] INFO  impl.VoteContext (VoteContext.java:log(48)) - omNode-2@group-523986131536-FOLLOWER: accept ELECTION from omNode-3: our priority 0 <= candidate's priority 0
2021-10-31 01:05:56,013 [grpc-default-executor-2] INFO  server.RaftServer$Division (RaftServerImpl.java:setRole(290)) - omNode-2@group-523986131536: changes role from  FOLLOWER to FOLLOWER at term 5 for candidate:omNode-3
2021-10-31 01:05:56,013 [grpc-default-executor-2] INFO  impl.RoleInfo (RoleInfo.java:shutdownFollowerState(108)) - omNode-2: shutdown omNode-2@group-523986131536-FollowerState
2021-10-31 01:05:56,013 [grpc-default-executor-2] INFO  impl.RoleInfo (RoleInfo.java:updateAndGet(130)) - omNode-2: start omNode-2@group-523986131536-FollowerState
2021-10-31 01:05:56,013 [omNode-2@group-523986131536-FollowerState] INFO  impl.FollowerState (FollowerState.java:run(143)) - omNode-2@group-523986131536-FollowerState was interrupted: {}
java.lang.InterruptedException: sleep interrupted
	at java.lang.Thread.sleep(Native Method)
	at java.lang.Thread.sleep(Thread.java:340)
	at java.util.concurrent.TimeUnit.sleep(TimeUnit.java:386)
	at org.apache.ratis.util.TimeDuration.sleep(TimeDuration.java:324)
	at org.apache.ratis.util.TimeDuration.sleep(TimeDuration.java:309)
	at org.apache.ratis.server.impl.FollowerState.run(FollowerState.java:118)
2021-10-31 01:05:56,016 [grpc-default-executor-2] INFO  server.RaftServer$Division (RaftServerImpl.java:requestVote(1078)) - omNode-2@group-523986131536 replies to ELECTION vote request: omNode-3<-omNode-2#0:OK-t5. Peer's state: omNode-2@group-523986131536:t5, leader=null, voted=omNode-3, raftlog=omNode-2@group-523986131536-SegmentedRaftLog:OPENED:c17, conf=14: [omNode-3|rpc:localhost:11932|admin:|client:|dataStream:|priority:0, omNode-1|rpc:localhost:11920|admin:|client:|dataStream:|priority:0, omNode-2|rpc:localhost:11926|admin:|client:|dataStream:|priority:0], old=null
2021-10-31 01:05:56,020 [omNode-3@group-523986131536-LeaderElection15] INFO  impl.LeaderElection (LeaderElection.java:logAndReturn(89)) - omNode-3@group-523986131536-LeaderElection15: ELECTION PASSED received 1 response(s) and 0 exception(s):
2021-10-31 01:05:56,022 [omNode-3@group-523986131536-LeaderElection15] INFO  impl.LeaderElection (LeaderElection.java:logAndReturn(93)) -   Response 0: omNode-3<-omNode-1#0:OK-t5
2021-10-31 01:05:56,022 [omNode-3@group-523986131536-LeaderElection15] INFO  impl.LeaderElection (LeaderElection.java:askForVotes(308)) - omNode-3@group-523986131536-LeaderElection15 ELECTION round 0: result PASSED
2021-10-31 01:05:56,022 [omNode-3@group-523986131536-LeaderElection15] INFO  impl.RoleInfo (RoleInfo.java:shutdownLeaderElection(121)) - omNode-3: shutdown omNode-3@group-523986131536-LeaderElection15
2021-10-31 01:05:56,022 [omNode-3@group-523986131536-LeaderElection15] INFO  server.RaftServer$Division (RaftServerImpl.java:setRole(290)) - omNode-3@group-523986131536: changes role from CANDIDATE to LEADER at term 5 for changeToLeader
2021-10-31 01:05:56,022 [omNode-3@group-523986131536-LeaderElection15] INFO  server.RaftServer$Division (ServerState.java:setLeader(285)) - omNode-3@group-523986131536: change Leader from null to omNode-3 at term 5 for becomeLeader, leader elected after 1254ms
2021-10-31 01:05:56,022 [omNode-3@group-523986131536-LeaderElection15] INFO  server.RaftServerConfigKeys (ConfUtils.java:logGet(44)) - raft.server.staging.catchup.gap = 1000 (default)
2021-10-31 01:05:56,022 [omNode-3@group-523986131536-LeaderElection15] INFO  server.RaftServerConfigKeys (ConfUtils.java:logGet(44)) - raft.server.write.element-limit = 4096 (default)
2021-10-31 01:05:56,022 [omNode-3@group-523986131536-LeaderElection15] INFO  server.RaftServerConfigKeys (ConfUtils.java:logGet(44)) - raft.server.write.byte-limit = 64MB (=67108864) (default)
2021-10-31 01:05:56,023 [omNode-3@group-523986131536-LeaderElection15] INFO  server.RaftServerConfigKeys (ConfUtils.java:logGet(44)) - raft.server.watch.timeout = 10s (default)
2021-10-31 01:05:56,023 [omNode-3@group-523986131536-LeaderElection15] INFO  server.RaftServerConfigKeys (ConfUtils.java:logGet(44)) - raft.server.watch.timeout.denomination = 1s (default)
2021-10-31 01:05:56,023 [omNode-3@group-523986131536-LeaderElection15] INFO  server.RaftServerConfigKeys (ConfUtils.java:logGet(44)) - raft.server.watch.element-limit = 65536 (default)
2021-10-31 01:05:56,023 [omNode-3@group-523986131536-LeaderElection15] INFO  server.RaftServerConfigKeys (ConfUtils.java:logGet(44)) - raft.server.write.element-limit = 4096 (default)
2021-10-31 01:05:56,023 [omNode-3@group-523986131536-LeaderElection15] INFO  server.RaftServerConfigKeys (ConfUtils.java:logGet(44)) - raft.server.write.follower.gap.ratio.max = -1.0 (default)
2021-10-31 01:05:56,023 [omNode-3@group-523986131536-LeaderElection15] INFO  server.RaftServerConfigKeys (ConfUtils.java:logGet(44)) - raft.server.log.appender.snapshot.chunk.size.max = 16MB (=16777216) (default)
2021-10-31 01:05:56,023 [omNode-3@group-523986131536-LeaderElection15] INFO  server.RaftServerConfigKeys (ConfUtils.java:logGet(44)) - raft.server.log.appender.buffer.byte-limit = 33554432 (custom)
2021-10-31 01:05:56,023 [omNode-3@group-523986131536-LeaderElection15] INFO  server.RaftServerConfigKeys (ConfUtils.java:logGet(44)) - raft.server.log.appender.buffer.element-limit = 1024 (custom)
2021-10-31 01:05:56,023 [omNode-3@group-523986131536-LeaderElection15] INFO  grpc.GrpcConfigKeys (ConfUtils.java:logGet(44)) - raft.grpc.server.leader.outstanding.appends.max = 128 (default)
2021-10-31 01:05:56,023 [omNode-3@group-523986131536-LeaderElection15] INFO  server.RaftServerConfigKeys (ConfUtils.java:logGet(44)) - raft.server.rpc.request.timeout = 3000ms (default)
2021-10-31 01:05:56,023 [omNode-3@group-523986131536-LeaderElection15] INFO  server.RaftServerConfigKeys (ConfUtils.java:logGet(44)) - raft.server.log.appender.install.snapshot.enabled = false (custom)
2021-10-31 01:05:56,024 [omNode-3@group-523986131536-LeaderElection15] INFO  server.RaftServerConfigKeys (ConfUtils.java:logGet(44)) - raft.server.log.appender.snapshot.chunk.size.max = 16MB (=16777216) (default)
2021-10-31 01:05:56,024 [omNode-3@group-523986131536-LeaderElection15] INFO  server.RaftServerConfigKeys (ConfUtils.java:logGet(44)) - raft.server.log.appender.buffer.byte-limit = 33554432 (custom)
2021-10-31 01:05:56,024 [omNode-3@group-523986131536-LeaderElection15] INFO  server.RaftServerConfigKeys (ConfUtils.java:logGet(44)) - raft.server.log.appender.buffer.element-limit = 1024 (custom)
2021-10-31 01:05:56,024 [omNode-3@group-523986131536-LeaderElection15] INFO  grpc.GrpcConfigKeys (ConfUtils.java:logGet(44)) - raft.grpc.server.leader.outstanding.appends.max = 128 (default)
2021-10-31 01:05:56,025 [omNode-3@group-523986131536-LeaderElection15] INFO  server.RaftServerConfigKeys (ConfUtils.java:logGet(44)) - raft.server.rpc.request.timeout = 3000ms (default)
2021-10-31 01:05:56,025 [omNode-3@group-523986131536-LeaderElection15] INFO  server.RaftServerConfigKeys (ConfUtils.java:logGet(44)) - raft.server.log.appender.install.snapshot.enabled = false (custom)
2021-10-31 01:05:56,026 [omNode-3@group-523986131536-LeaderElection15] INFO  impl.RoleInfo (RoleInfo.java:updateAndGet(130)) - omNode-3: start omNode-3@group-523986131536-LeaderStateImpl
2021-10-31 01:05:56,026 [omNode-3@group-523986131536-LeaderElection15] INFO  segmented.SegmentedRaftLogWorker (SegmentedRaftLogWorker.java:rollLogSegment(399)) - omNode-3@group-523986131536-SegmentedRaftLogWorker: Rolling segment log-14_17 to index:17
2021-10-31 01:05:56,027 [omNode-3@group-523986131536-SegmentedRaftLogWorker] INFO  segmented.SegmentedRaftLogWorker (SegmentedRaftLogWorker.java:execute(558)) - omNode-3@group-523986131536-SegmentedRaftLogWorker: Rolled log segment from /home/runner/work/ozone/ozone/hadoop-ozone/integration-test/target/test-dir/MiniOzoneClusterImpl-b8864bcf-37cc-42b5-82cc-559abfd78a8f/omNode-3/ratis/c9bc4cf4-3bc3-3c60-a66b-523986131536/current/log_inprogress_14 to /home/runner/work/ozone/ozone/hadoop-ozone/integration-test/target/test-dir/MiniOzoneClusterImpl-b8864bcf-37cc-42b5-82cc-559abfd78a8f/omNode-3/ratis/c9bc4cf4-3bc3-3c60-a66b-523986131536/current/log_14-17
2021-10-31 01:05:56,034 [omNode-3@group-523986131536-SegmentedRaftLogWorker] INFO  segmented.SegmentedRaftLogWorker (SegmentedRaftLogWorker.java:execute(601)) - omNode-3@group-523986131536-SegmentedRaftLogWorker: created new log segment /home/runner/work/ozone/ozone/hadoop-ozone/integration-test/target/test-dir/MiniOzoneClusterImpl-b8864bcf-37cc-42b5-82cc-559abfd78a8f/omNode-3/ratis/c9bc4cf4-3bc3-3c60-a66b-523986131536/current/log_inprogress_18
2021-10-31 01:05:56,046 [grpc-default-executor-8] INFO  server.RaftServer$Division (ServerState.java:setLeader(285)) - omNode-2@group-523986131536: change Leader from null to omNode-3 at term 5 for appendEntries, leader elected after 951ms
2021-10-31 01:05:56,046 [omNode-3@group-523986131536-LeaderElection15] INFO  server.RaftServer$Division (ServerState.java:setRaftConf(387)) - omNode-3@group-523986131536: set configuration 18: [omNode-3|rpc:localhost:11932|admin:|client:|dataStream:|priority:0, omNode-1|rpc:localhost:11920|admin:|client:|dataStream:|priority:0, omNode-2|rpc:localhost:11926|admin:|client:|dataStream:|priority:0], old=null
2021-10-31 01:05:56,057 [grpc-default-executor-8] INFO  server.RaftServer$Division (ServerState.java:setRaftConf(387)) - omNode-2@group-523986131536: set configuration 18: [omNode-3|rpc:localhost:11932|admin:|client:|dataStream:|priority:0, omNode-1|rpc:localhost:11920|admin:|client:|dataStream:|priority:0, omNode-2|rpc:localhost:11926|admin:|client:|dataStream:|priority:0], old=null
2021-10-31 01:05:56,057 [grpc-default-executor-8] INFO  segmented.SegmentedRaftLogWorker (SegmentedRaftLogWorker.java:rollLogSegment(399)) - omNode-2@group-523986131536-SegmentedRaftLogWorker: Rolling segment log-14_17 to index:17
2021-10-31 01:05:56,058 [grpc-default-executor-2] INFO  server.RaftServer$Division (ServerState.java:setLeader(285)) - omNode-1@group-523986131536: change Leader from null to omNode-3 at term 5 for appendEntries, leader elected after 1137ms
2021-10-31 01:05:56,058 [grpc-default-executor-2] INFO  server.RaftServer$Division (RaftServerImpl.java:checkInconsistentAppendEntries(1322)) - omNode-1@group-523986131536: Failed appendEntries as previous log entry ((t:4, i:17)) is not found
2021-10-31 01:05:56,058 [grpc-default-executor-2] INFO  server.RaftServer$Division (RaftServerImpl.java:checkInconsistentAppendEntries(1288)) - omNode-1@group-523986131536: inconsistency entries. Reply:omNode-3<-omNode-1#0:FAIL-t5,INCONSISTENCY,nextIndex=12,followerCommit=11
2021-10-31 01:05:56,059 [omNode-2@group-523986131536-SegmentedRaftLogWorker] INFO  segmented.SegmentedRaftLogWorker (SegmentedRaftLogWorker.java:execute(558)) - omNode-2@group-523986131536-SegmentedRaftLogWorker: Rolled log segment from /home/runner/work/ozone/ozone/hadoop-ozone/integration-test/target/test-dir/MiniOzoneClusterImpl-b8864bcf-37cc-42b5-82cc-559abfd78a8f/omNode-2/ratis/c9bc4cf4-3bc3-3c60-a66b-523986131536/current/log_inprogress_14 to /home/runner/work/ozone/ozone/hadoop-ozone/integration-test/target/test-dir/MiniOzoneClusterImpl-b8864bcf-37cc-42b5-82cc-559abfd78a8f/omNode-2/ratis/c9bc4cf4-3bc3-3c60-a66b-523986131536/current/log_14-17
2021-10-31 01:05:56,061 [grpc-default-executor-8] INFO  server.RaftServer$Division (RaftServerImpl.java:checkInconsistentAppendEntries(1322)) - omNode-1@group-523986131536: Failed appendEntries as previous log entry ((t:4, i:17)) is not found
2021-10-31 01:05:56,062 [grpc-default-executor-8] INFO  server.RaftServer$Division (RaftServerImpl.java:checkInconsistentAppendEntries(1288)) - omNode-1@group-523986131536: inconsistency entries. Reply:omNode-3<-omNode-1#1:FAIL-t5,INCONSISTENCY,nextIndex=12,followerCommit=11
2021-10-31 01:05:56,062 [grpc-default-executor-2] INFO  leader.FollowerInfo (FollowerInfoImpl.java:lambda$new$0(47)) - omNode-3@group-523986131536->omNode-1: nextIndex: updateUnconditionally 19 -> 12
2021-10-31 01:05:56,067 [omNode-3@group-523986131536->omNode-1-GrpcLogAppender-LogAppenderDaemon] ERROR leader.LogAppenderDaemon (LogAppenderDaemon.java:run(86)) - omNode-3@group-523986131536->omNode-1-GrpcLogAppender-LogAppenderDaemon failed
java.lang.NullPointerException: omNode-3@group-523986131536->omNode-1: Previous TermIndex not found for firstIndex = 12
	at java.util.Objects.requireNonNull(Objects.java:290)
	at org.apache.ratis.server.leader.LogAppenderBase.assertProtos(LogAppenderBase.java:169)
	at org.apache.ratis.server.leader.LogAppenderBase.newAppendEntriesRequest(LogAppenderBase.java:154)
	at org.apache.ratis.grpc.server.GrpcLogAppender.appendLog(GrpcLogAppender.java:213)
	at org.apache.ratis.grpc.server.GrpcLogAppender.run(GrpcLogAppender.java:147)
	at org.apache.ratis.server.leader.LogAppenderDaemon.run(LogAppenderDaemon.java:77)
	at java.lang.Thread.run(Thread.java:748)
2021-10-31 01:05:56,067 [grpc-default-executor-2] INFO  leader.FollowerInfo (FollowerInfoImpl.java:lambda$new$0(47)) - omNode-3@group-523986131536->omNode-1: nextIndex: updateUnconditionally 12 -> 12
2021-10-31 01:05:56,067 [omNode-2@group-523986131536-SegmentedRaftLogWorker] INFO  segmented.SegmentedRaftLogWorker (SegmentedRaftLogWorker.java:execute(601)) - omNode-2@group-523986131536-SegmentedRaftLogWorker: created new log segment /home/runner/work/ozone/ozone/hadoop-ozone/integration-test/target/test-dir/MiniOzoneClusterImpl-b8864bcf-37cc-42b5-82cc-559abfd78a8f/omNode-2/ratis/c9bc4cf4-3bc3-3c60-a66b-523986131536/current/log_inprogress_18
2021-10-31 01:05:56,067 [omNode-3@group-523986131536->omNode-1-GrpcLogAppender-LogAppenderDaemon] INFO  server.RaftServer$Division (LeaderStateImpl.java:restart(514)) - omNode-3@group-523986131536-LeaderStateImpl: Restarting GrpcLogAppender for omNode-3@group-523986131536->omNode-1
2021-10-31 01:05:56,067 [omNode-3@group-523986131536->omNode-1-GrpcLogAppender-LogAppenderDaemon] INFO  server.RaftServerConfigKeys (ConfUtils.java:logGet(44)) - raft.server.log.appender.snapshot.chunk.size.max = 16MB (=16777216) (default)
2021-10-31 01:05:56,068 [omNode-3@group-523986131536->omNode-1-GrpcLogAppender-LogAppenderDaemon] INFO  server.RaftServerConfigKeys (ConfUtils.java:logGet(44)) - raft.server.log.appender.buffer.byte-limit = 33554432 (custom)
2021-10-31 01:05:56,068 [omNode-3@group-523986131536->omNode-1-GrpcLogAppender-LogAppenderDaemon] INFO  server.RaftServerConfigKeys (ConfUtils.java:logGet(44)) - raft.server.log.appender.buffer.element-limit = 1024 (custom)
2021-10-31 01:05:56,068 [omNode-3@group-523986131536->omNode-1-GrpcLogAppender-LogAppenderDaemon] INFO  grpc.GrpcConfigKeys (ConfUtils.java:logGet(44)) - raft.grpc.server.leader.outstanding.appends.max = 128 (default)
2021-10-31 01:05:56,068 [omNode-3@group-523986131536->omNode-1-GrpcLogAppender-LogAppenderDaemon] INFO  server.RaftServerConfigKeys (ConfUtils.java:logGet(44)) - raft.server.rpc.request.timeout = 3000ms (default)
2021-10-31 01:05:56,068 [omNode-3@group-523986131536->omNode-1-GrpcLogAppender-LogAppenderDaemon] INFO  server.RaftServerConfigKeys (ConfUtils.java:logGet(44)) - raft.server.log.appender.install.snapshot.enabled = false (custom)
2021-10-31 01:05:56,070 [omNode-3@group-523986131536->omNode-1-GrpcLogAppender-LogAppenderDaemon] INFO  server.GrpcLogAppender (GrpcLogAppender.java:installSnapshot(550)) - omNode-3@group-523986131536->omNode-1-GrpcLogAppender: followerNextIndex = 0 but logStartIndex = 12, notify follower to install snapshot-(t:3, i:12)
2021-10-31 01:05:56,070 [omNode-3@group-523986131536->omNode-1-GrpcLogAppender-LogAppenderDaemon] INFO  server.GrpcLogAppender (GrpcLogAppender.java:installSnapshot(558)) - omNode-3@group-523986131536->omNode-1-GrpcLogAppender: send omNode-3->omNode-1#0-t5,notify:(t:3, i:12)
2021-10-31 01:05:56,073 [grpc-default-executor-2] INFO  server.RaftServer$Division (RaftServerImpl.java:installSnapshot(1332)) - omNode-1@group-523986131536: receive installSnapshot: omNode-3->omNode-1#0-t5,notify:(t:3, i:12)
2021-10-31 01:05:56,073 [grpc-default-executor-2] INFO  server.RaftServer$Division (RaftServerImpl.java:notifyStateMachineToInstallSnapshot(1551)) - omNode-1@group-523986131536: Received notification to install snapshot at index 12
2021-10-31 01:05:56,073 [grpc-default-executor-2] INFO  server.RaftServer$Division (RaftServerImpl.java:notifyStateMachineToInstallSnapshot(1559)) - omNode-1@group-523986131536: InstallSnapshot notification result: ALREADY_INSTALLED, current snapshot index: 11
2021-10-31 01:05:56,073 [grpc-default-executor-2] INFO  server.RaftServer$Division (RaftServerImpl.java:installSnapshotImpl(1462)) - omNode-1@group-523986131536: set new configuration index: 18
configurationEntry {
  peers {
    id: "omNode-3"
    address: "localhost:11932"
  }
  peers {
    id: "omNode-1"
    address: "localhost:11920"
  }
  peers {
    id: "omNode-2"
    address: "localhost:11926"
  }
}
 from snapshot
2021-10-31 01:05:56,077 [grpc-default-executor-2] INFO  server.RaftServer$Division (ServerState.java:setRaftConf(387)) - omNode-1@group-523986131536: set configuration 18: [omNode-3|rpc:localhost:11932|admin:|client:|dataStream:|priority:0, omNode-1|rpc:localhost:11920|admin:|client:|dataStream:|priority:0, omNode-2|rpc:localhost:11926|admin:|client:|dataStream:|priority:0], old=null
2021-10-31 01:05:56,077 [grpc-default-executor-2] INFO  ratis.OzoneManagerStateMachine (OzoneManagerStateMachine.java:notifyConfigurationChanged(188)) - Received Configuration change notification from Ratis. New Peer list:
[id: "omNode-3"
address: "localhost:11932"
, id: "omNode-1"
address: "localhost:11920"
, id: "omNode-2"
address: "localhost:11926"
]
2021-10-31 01:05:56,077 [grpc-default-executor-2] INFO  server.RaftServer$Division (RaftServerImpl.java:installSnapshot(1343)) - omNode-1@group-523986131536: reply installSnapshot: omNode-3<-omNode-1#0:FAIL-t5,ALREADY_INSTALLED,snapshotIndex=11
2021-10-31 01:05:56,077 [grpc-default-executor-2] INFO  server.GrpcServerProtocolService (GrpcServerProtocolService.java:onCompleted(140)) - omNode-1: Completed INSTALL_SNAPSHOT, lastRequest: omNode-3->omNode-1#0-t5,notify:(t:3, i:12)
2021-10-31 01:05:56,078 [grpc-default-executor-8] INFO  server.GrpcLogAppender (GrpcLogAppender.java:onNext(410)) - omNode-3@group-523986131536->omNode-1-InstallSnapshotResponseHandler: received the first reply omNode-3<-omNode-1#0:FAIL-t5,ALREADY_INSTALLED,snapshotIndex=11
2021-10-31 01:05:56,078 [grpc-default-executor-8] INFO  server.GrpcLogAppender (GrpcLogAppender.java:onNext(433)) - omNode-3@group-523986131536->omNode-1-InstallSnapshotResponseHandler: Follower snapshot is already at index 11.
2021-10-31 01:05:56,078 [grpc-default-executor-8] INFO  leader.FollowerInfo (FollowerInfoImpl.java:lambda$new$0(47)) - omNode-3@group-523986131536->omNode-1: snapshotIndex: setUnconditionally 0 -> 11
2021-10-31 01:05:56,078 [grpc-default-executor-8] INFO  leader.FollowerInfo (FollowerInfoImpl.java:lambda$new$0(47)) - omNode-3@group-523986131536->omNode-1: matchIndex: setUnconditionally 0 -> 11
2021-10-31 01:05:56,079 [grpc-default-executor-8] INFO  leader.FollowerInfo (FollowerInfoImpl.java:lambda$new$0(47)) - omNode-3@group-523986131536->omNode-1: nextIndex: setUnconditionally 0 -> 12
2021-10-31 01:05:56,079 [grpc-default-executor-8] INFO  leader.FollowerInfo (FollowerInfoImpl.java:setAttemptedToInstallSnapshot(116)) - Follower omNode-3@group-523986131536->omNode-1 acknowledged installing snapshot
2021-10-31 01:05:56,079 [grpc-default-executor-8] INFO  leader.FollowerInfo (FollowerInfoImpl.java:lambda$new$0(47)) - omNode-3@group-523986131536->omNode-1: nextIndex: updateToMax old=12, new=12, updated? false
2021-10-31 01:05:56,080 [omNode-3@group-523986131536-StateMachineUpdater] INFO  ratis.OzoneManagerStateMachine (OzoneManagerStateMachine.java:notifyConfigurationChanged(188)) - Received Configuration change notification from Ratis. New Peer list:
[id: "omNode-3"
address: "localhost:11932"
, id: "omNode-1"
address: "localhost:11920"
, id: "omNode-2"
address: "localhost:11926"
]
2021-10-31 01:05:56,086 [omNode-2@group-523986131536-StateMachineUpdater] INFO  ratis.OzoneManagerStateMachine (OzoneManagerStateMachine.java:notifyConfigurationChanged(188)) - Received Configuration change notification from Ratis. New Peer list:
[id: "omNode-3"
address: "localhost:11932"
, id: "omNode-1"
address: "localhost:11920"
, id: "omNode-2"
address: "localhost:11926"
]
2021-10-31 01:05:56,590 [grpc-default-executor-2] INFO  server.RaftServer$Division (RaftServerImpl.java:checkInconsistentAppendEntries(1322)) - omNode-1@group-523986131536: Failed appendEntries as previous log entry ((t:5, i:19)) is not found
2021-10-31 01:05:56,590 [grpc-default-executor-2] INFO  server.RaftServer$Division (RaftServerImpl.java:checkInconsistentAppendEntries(1288)) - omNode-1@group-523986131536: inconsistency entries. Reply:omNode-3<-omNode-1#53:FAIL-t5,INCONSISTENCY,nextIndex=12,followerCommit=11
2021-10-31 01:05:56,591 [grpc-default-executor-2] INFO  leader.FollowerInfo (FollowerInfoImpl.java:lambda$new$0(47)) - omNode-3@group-523986131536->omNode-1: nextIndex: updateUnconditionally 20 -> 12
2021-10-31 01:05:57,093 [grpc-default-executor-8] INFO  server.RaftServer$Division (RaftServerImpl.java:checkInconsistentAppendEntries(1322)) - omNode-1@group-523986131536: Failed appendEntries as previous log entry ((t:5, i:19)) is not found
2021-10-31 01:05:57,093 [grpc-default-executor-8] INFO  server.RaftServer$Division (RaftServerImpl.java:checkInconsistentAppendEntries(1288)) - omNode-1@group-523986131536: inconsistency entries. Reply:omNode-3<-omNode-1#104:FAIL-t5,INCONSISTENCY,nextIndex=12,followerCommit=11
2021-10-31 01:05:57,094 [grpc-default-executor-8] INFO  leader.FollowerInfo (FollowerInfoImpl.java:lambda$new$0(47)) - omNode-3@group-523986131536->omNode-1: nextIndex: updateUnconditionally 20 -> 12
2021-10-31 01:05:57,165 [Time-limited test] INFO  retry.RetryInvocationHandler (RetryInvocationHandler.java:log(411)) - com.google.protobuf.ServiceException: org.apache.hadoop.ipc.RemoteException(org.apache.hadoop.ozone.om.exceptions.OMNotLeaderException): OM:omNode-1 is not the leader. Could not determine the leader node.
	at org.apache.hadoop.ozone.om.ratis.utils.OzoneManagerRatisUtils.createNotLeaderException(OzoneManagerRatisUtils.java:465)
	at org.apache.hadoop.ozone.om.ratis.utils.OzoneManagerRatisUtils.checkLeaderStatus(OzoneManagerRatisUtils.java:451)
	at org.apache.hadoop.ozone.protocolPB.OzoneManagerProtocolServerSideTranslatorPB.checkLeaderStatus(OzoneManagerProtocolServerSideTranslatorPB.java:248)
	at org.apache.hadoop.ozone.protocolPB.OzoneManagerProtocolServerSideTranslatorPB.processRequest(OzoneManagerProtocolServerSideTranslatorPB.java:135)
	at org.apache.hadoop.hdds.server.OzoneProtocolMessageDispatcher.processRequest(OzoneProtocolMessageDispatcher.java:87)
	at org.apache.hadoop.ozone.protocolPB.OzoneManagerProtocolServerSideTranslatorPB.submitRequest(OzoneManagerProtocolServerSideTranslatorPB.java:124)
	at org.apache.hadoop.ozone.protocol.proto.OzoneManagerProtocolProtos$OzoneManagerService$2.callBlockingMethod(OzoneManagerProtocolProtos.java)
	at org.apache.hadoop.ipc.ProtobufRpcEngine$Server.processCall(ProtobufRpcEngine.java:466)
	at org.apache.hadoop.ipc.ProtobufRpcEngine2$Server$ProtoBufRpcInvoker.call(ProtobufRpcEngine2.java:574)
	at org.apache.hadoop.ipc.ProtobufRpcEngine2$Server$ProtoBufRpcInvoker.call(ProtobufRpcEngine2.java:552)
	at org.apache.hadoop.ipc.RPC$Server.call(RPC.java:1093)
	at org.apache.hadoop.ipc.Server$RpcCall.run(Server.java:1035)
	at org.apache.hadoop.ipc.Server$RpcCall.run(Server.java:963)
	at java.security.AccessController.doPrivileged(Native Method)
	at javax.security.auth.Subject.doAs(Subject.java:422)
	at org.apache.hadoop.security.UserGroupInformation.doAs(UserGroupInformation.java:1878)
	at org.apache.hadoop.ipc.Server$Handler.run(Server.java:2966)
, while invoking $Proxy52.submitRequest over nodeId=omNode-1,nodeAddress=127.0.0.1:11916 after 2 failover attempts. Trying to failover immediately.
2021-10-31 01:05:57,168 [Time-limited test] INFO  retry.RetryInvocationHandler (RetryInvocationHandler.java:log(411)) - com.google.protobuf.ServiceException: org.apache.hadoop.ipc.RemoteException(org.apache.hadoop.ozone.om.exceptions.OMNotLeaderException): OM:omNode-2 is not the leader. Could not determine the leader node.
	at org.apache.hadoop.ozone.om.ratis.utils.OzoneManagerRatisUtils.createNotLeaderException(OzoneManagerRatisUtils.java:465)
	at org.apache.hadoop.ozone.om.ratis.utils.OzoneManagerRatisUtils.checkLeaderStatus(OzoneManagerRatisUtils.java:451)
	at org.apache.hadoop.ozone.protocolPB.OzoneManagerProtocolServerSideTranslatorPB.checkLeaderStatus(OzoneManagerProtocolServerSideTranslatorPB.java:248)
	at org.apache.hadoop.ozone.protocolPB.OzoneManagerProtocolServerSideTranslatorPB.processRequest(OzoneManagerProtocolServerSideTranslatorPB.java:135)
	at org.apache.hadoop.hdds.server.OzoneProtocolMessageDispatcher.processRequest(OzoneProtocolMessageDispatcher.java:87)
	at org.apache.hadoop.ozone.protocolPB.OzoneManagerProtocolServerSideTranslatorPB.submitRequest(OzoneManagerProtocolServerSideTranslatorPB.java:124)
	at org.apache.hadoop.ozone.protocol.proto.OzoneManagerProtocolProtos$OzoneManagerService$2.callBlockingMethod(OzoneManagerProtocolProtos.java)
	at org.apache.hadoop.ipc.ProtobufRpcEngine$Server.processCall(ProtobufRpcEngine.java:466)
	at org.apache.hadoop.ipc.ProtobufRpcEngine2$Server$ProtoBufRpcInvoker.call(ProtobufRpcEngine2.java:574)
	at org.apache.hadoop.ipc.ProtobufRpcEngine2$Server$ProtoBufRpcInvoker.call(ProtobufRpcEngine2.java:552)
	at org.apache.hadoop.ipc.RPC$Server.call(RPC.java:1093)
	at org.apache.hadoop.ipc.Server$RpcCall.run(Server.java:1035)
	at org.apache.hadoop.ipc.Server$RpcCall.run(Server.java:963)
	at java.security.AccessController.doPrivileged(Native Method)
	at javax.security.auth.Subject.doAs(Subject.java:422)
	at org.apache.hadoop.security.UserGroupInformation.doAs(UserGroupInformation.java:1878)
	at org.apache.hadoop.ipc.Server$Handler.run(Server.java:2966)
, while invoking $Proxy52.submitRequest over nodeId=omNode-2,nodeAddress=127.0.0.1:11922 after 3 failover attempts. Trying to failover immediately.
2021-10-31 01:05:57,171 [grpc-default-executor-8] INFO  server.RaftServer$Division (RaftServerImpl.java:checkInconsistentAppendEntries(1322)) - omNode-1@group-523986131536: Failed appendEntries as previous log entry ((t:5, i:19)) is not found
2021-10-31 01:05:57,172 [grpc-default-executor-8] INFO  server.RaftServer$Division (RaftServerImpl.java:checkInconsistentAppendEntries(1288)) - omNode-1@group-523986131536: inconsistency entries. Reply:omNode-3<-omNode-1#113:FAIL-t5,INCONSISTENCY,nextIndex=12,followerCommit=11
2021-10-31 01:05:57,176 [grpc-default-executor-2] INFO  server.RaftServer$Division (RaftServerImpl.java:checkInconsistentAppendEntries(1322)) - omNode-1@group-523986131536: Failed appendEntries as previous log entry ((t:5, i:20)) is not found
2021-10-31 01:05:57,177 [grpc-default-executor-2] INFO  server.RaftServer$Division (RaftServerImpl.java:checkInconsistentAppendEntries(1288)) - omNode-1@group-523986131536: inconsistency entries. Reply:omNode-3<-omNode-1#114:FAIL-t5,INCONSISTENCY,nextIndex=12,followerCommit=11
2021-10-31 01:05:57,176 [OM StateMachine ApplyTransaction Thread - 0] INFO  upgrade.OMCancelPrepareRequest (OMCancelPrepareRequest.java:validateAndUpdateCache(55)) - OM omNode-3 Received cancel prepare request with log index 20
2021-10-31 01:05:57,181 [OM StateMachine ApplyTransaction Thread - 0] INFO  upgrade.OMCancelPrepareRequest (OMCancelPrepareRequest.java:validateAndUpdateCache(84)) - OM omNode-3 prepare state cancelled at log index 20. Returning response 
2021-10-31 01:05:57,182 [OM StateMachine ApplyTransaction Thread - 0] INFO  upgrade.OMCancelPrepareRequest (OMCancelPrepareRequest.java:validateAndUpdateCache(55)) - OM omNode-2 Received cancel prepare request with log index 20
2021-10-31 01:05:57,185 [OM StateMachine ApplyTransaction Thread - 0] INFO  upgrade.OMCancelPrepareRequest (OMCancelPrepareRequest.java:validateAndUpdateCache(84)) - OM omNode-2 prepare state cancelled at log index 20. Returning response 
2021-10-31 01:05:57,678 [grpc-default-executor-8] INFO  server.RaftServer$Division (RaftServerImpl.java:checkInconsistentAppendEntries(1322)) - omNode-1@group-523986131536: Failed appendEntries as previous log entry ((t:5, i:21)) is not found
2021-10-31 01:05:57,678 [grpc-default-executor-8] INFO  server.RaftServer$Division (RaftServerImpl.java:checkInconsistentAppendEntries(1288)) - omNode-1@group-523986131536: inconsistency entries. Reply:omNode-3<-omNode-1#166:FAIL-t5,INCONSISTENCY,nextIndex=12,followerCommit=11
2021-10-31 01:05:57,678 [grpc-default-executor-8] INFO  leader.FollowerInfo (FollowerInfoImpl.java:lambda$new$0(47)) - omNode-3@group-523986131536->omNode-1: nextIndex: updateUnconditionally 22 -> 12
2021-10-31 01:05:58,180 [grpc-default-executor-8] INFO  server.RaftServer$Division (RaftServerImpl.java:checkInconsistentAppendEntries(1322)) - omNode-1@group-523986131536: Failed appendEntries as previous log entry ((t:5, i:21)) is not found
2021-10-31 01:05:58,180 [grpc-default-executor-8] INFO  server.RaftServer$Division (RaftServerImpl.java:checkInconsistentAppendEntries(1288)) - omNode-1@group-523986131536: inconsistency entries. Reply:omNode-3<-omNode-1#218:FAIL-t5,INCONSISTENCY,nextIndex=12,followerCommit=11
2021-10-31 01:05:58,181 [grpc-default-executor-8] INFO  leader.FollowerInfo (FollowerInfoImpl.java:lambda$new$0(47)) - omNode-3@group-523986131536->omNode-1: nextIndex: updateUnconditionally 22 -> 12
2021-10-31 01:05:58,682 [grpc-default-executor-8] INFO  server.RaftServer$Division (RaftServerImpl.java:checkInconsistentAppendEntries(1322)) - omNode-1@group-523986131536: Failed appendEntries as previous log entry ((t:5, i:21)) is not found
2021-10-31 01:05:58,682 [grpc-default-executor-8] INFO  server.RaftServer$Division (RaftServerImpl.java:checkInconsistentAppendEntries(1288)) - omNode-1@group-523986131536: inconsistency entries. Reply:omNode-3<-omNode-1#269:FAIL-t5,INCONSISTENCY,nextIndex=12,followerCommit=11
2021-10-31 01:05:58,683 [grpc-default-executor-8] INFO  leader.FollowerInfo (FollowerInfoImpl.java:lambda$new$0(47)) - omNode-3@group-523986131536->omNode-1: nextIndex: updateUnconditionally 22 -> 12
2021-10-31 01:05:59,183 [grpc-default-executor-8] INFO  server.RaftServer$Division (RaftServerImpl.java:checkInconsistentAppendEntries(1322)) - omNode-1@group-523986131536: Failed appendEntries as previous log entry ((t:5, i:21)) is not found
2021-10-31 01:05:59,184 [grpc-default-executor-8] INFO  server.RaftServer$Division (RaftServerImpl.java:checkInconsistentAppendEntries(1288)) - omNode-1@group-523986131536: inconsistency entries. Reply:omNode-3<-omNode-1#320:FAIL-t5,INCONSISTENCY,nextIndex=12,followerCommit=11
2021-10-31 01:05:59,184 [grpc-default-executor-8] INFO  leader.FollowerInfo (FollowerInfoImpl.java:lambda$new$0(47)) - omNode-3@group-523986131536->omNode-1: nextIndex: updateUnconditionally 22 -> 12
2021-10-31 01:05:59,686 [grpc-default-executor-8] INFO  server.RaftServer$Division (RaftServerImpl.java:checkInconsistentAppendEntries(1322)) - omNode-1@group-523986131536: Failed appendEntries as previous log entry ((t:5, i:21)) is not found
2021-10-31 01:05:59,686 [grpc-default-executor-8] INFO  server.RaftServer$Division (RaftServerImpl.java:checkInconsistentAppendEntries(1288)) - omNode-1@group-523986131536: inconsistency entries. Reply:omNode-3<-omNode-1#371:FAIL-t5,INCONSISTENCY,nextIndex=12,followerCommit=11
2021-10-31 01:05:59,687 [grpc-default-executor-8] INFO  leader.FollowerInfo (FollowerInfoImpl.java:lambda$new$0(47)) - omNode-3@group-523986131536->omNode-1: nextIndex: updateUnconditionally 22 -> 12
2021-10-31 01:06:00,189 [grpc-default-executor-8] INFO  server.RaftServer$Division (RaftServerImpl.java:checkInconsistentAppendEntries(1322)) - omNode-1@group-523986131536: Failed appendEntries as previous log entry ((t:5, i:21)) is not found
2021-10-31 01:06:00,189 [grpc-default-executor-8] INFO  server.RaftServer$Division (RaftServerImpl.java:checkInconsistentAppendEntries(1288)) - omNode-1@group-523986131536: inconsistency entries. Reply:omNode-3<-omNode-1#422:FAIL-t5,INCONSISTENCY,nextIndex=12,followerCommit=11
2021-10-31 01:06:00,190 [grpc-default-executor-8] INFO  leader.FollowerInfo (FollowerInfoImpl.java:lambda$new$0(47)) - omNode-3@group-523986131536->omNode-1: nextIndex: updateUnconditionally 22 -> 12
2021-10-31 01:06:00,691 [grpc-default-executor-2] INFO  server.RaftServer$Division (RaftServerImpl.java:checkInconsistentAppendEntries(1322)) - omNode-1@group-523986131536: Failed appendEntries as previous log entry ((t:5, i:21)) is not found
2021-10-31 01:06:00,692 [grpc-default-executor-2] INFO  server.RaftServer$Division (RaftServerImpl.java:checkInconsistentAppendEntries(1288)) - omNode-1@group-523986131536: inconsistency entries. Reply:omNode-3<-omNode-1#473:FAIL-t5,INCONSISTENCY,nextIndex=12,followerCommit=11
2021-10-31 01:06:00,692 [grpc-default-executor-2] INFO  leader.FollowerInfo (FollowerInfoImpl.java:lambda$new$0(47)) - omNode-3@group-523986131536->omNode-1: nextIndex: updateUnconditionally 22 -> 12
2021-10-31 01:06:01,193 [grpc-default-executor-2] INFO  server.RaftServer$Division (RaftServerImpl.java:checkInconsistentAppendEntries(1322)) - omNode-1@group-523986131536: Failed appendEntries as previous log entry ((t:5, i:21)) is not found
2021-10-31 01:06:01,194 [grpc-default-executor-2] INFO  server.RaftServer$Division (RaftServerImpl.java:checkInconsistentAppendEntries(1288)) - omNode-1@group-523986131536: inconsistency entries. Reply:omNode-3<-omNode-1#524:FAIL-t5,INCONSISTENCY,nextIndex=12,followerCommit=11
2021-10-31 01:06:01,194 [grpc-default-executor-2] INFO  leader.FollowerInfo (FollowerInfoImpl.java:lambda$new$0(47)) - omNode-3@group-523986131536->omNode-1: nextIndex: updateUnconditionally 22 -> 12
2021-10-31 01:06:01,695 [grpc-default-executor-8] INFO  server.RaftServer$Division (RaftServerImpl.java:checkInconsistentAppendEntries(1322)) - omNode-1@group-523986131536: Failed appendEntries as previous log entry ((t:5, i:21)) is not found
2021-10-31 01:06:01,695 [grpc-default-executor-8] INFO  server.RaftServer$Division (RaftServerImpl.java:checkInconsistentAppendEntries(1288)) - omNode-1@group-523986131536: inconsistency entries. Reply:omNode-3<-omNode-1#575:FAIL-t5,INCONSISTENCY,nextIndex=12,followerCommit=11
2021-10-31 01:06:01,696 [grpc-default-executor-8] INFO  leader.FollowerInfo (FollowerInfoImpl.java:lambda$new$0(47)) - omNode-3@group-523986131536->omNode-1: nextIndex: updateUnconditionally 22 -> 12
2021-10-31 01:06:02,197 [grpc-default-executor-2] INFO  server.RaftServer$Division (RaftServerImpl.java:checkInconsistentAppendEntries(1322)) - omNode-1@group-523986131536: Failed appendEntries as previous log entry ((t:5, i:21)) is not found
2021-10-31 01:06:02,198 [grpc-default-executor-2] INFO  server.RaftServer$Division (RaftServerImpl.java:checkInconsistentAppendEntries(1288)) - omNode-1@group-523986131536: inconsistency entries. Reply:omNode-3<-omNode-1#626:FAIL-t5,INCONSISTENCY,nextIndex=12,followerCommit=11
2021-10-31 01:06:02,198 [grpc-default-executor-2] INFO  leader.FollowerInfo (FollowerInfoImpl.java:lambda$new$0(47)) - omNode-3@group-523986131536->omNode-1: nextIndex: updateUnconditionally 22 -> 12
2021-10-31 01:06:02,700 [grpc-default-executor-2] INFO  server.RaftServer$Division (RaftServerImpl.java:checkInconsistentAppendEntries(1322)) - omNode-1@group-523986131536: Failed appendEntries as previous log entry ((t:5, i:21)) is not found
2021-10-31 01:06:02,700 [grpc-default-executor-2] INFO  server.RaftServer$Division (RaftServerImpl.java:checkInconsistentAppendEntries(1288)) - omNode-1@group-523986131536: inconsistency entries. Reply:omNode-3<-omNode-1#677:FAIL-t5,INCONSISTENCY,nextIndex=12,followerCommit=11
2021-10-31 01:06:02,700 [grpc-default-executor-2] INFO  leader.FollowerInfo (FollowerInfoImpl.java:lambda$new$0(47)) - omNode-3@group-523986131536->omNode-1: nextIndex: updateUnconditionally 22 -> 12
2021-10-31 01:06:03,202 [grpc-default-executor-8] INFO  server.RaftServer$Division (RaftServerImpl.java:checkInconsistentAppendEntries(1322)) - omNode-1@group-523986131536: Failed appendEntries as previous log entry ((t:5, i:21)) is not found
2021-10-31 01:06:03,202 [grpc-default-executor-8] INFO  server.RaftServer$Division (RaftServerImpl.java:checkInconsistentAppendEntries(1288)) - omNode-1@group-523986131536: inconsistency entries. Reply:omNode-3<-omNode-1#728:FAIL-t5,INCONSISTENCY,nextIndex=12,followerCommit=11
2021-10-31 01:06:03,203 [grpc-default-executor-8] INFO  leader.FollowerInfo (FollowerInfoImpl.java:lambda$new$0(47)) - omNode-3@group-523986131536->omNode-1: nextIndex: updateUnconditionally 22 -> 12
2021-10-31 01:06:03,705 [grpc-default-executor-2] INFO  server.RaftServer$Division (RaftServerImpl.java:checkInconsistentAppendEntries(1322)) - omNode-1@group-523986131536: Failed appendEntries as previous log entry ((t:5, i:21)) is not found
2021-10-31 01:06:03,705 [grpc-default-executor-2] INFO  server.RaftServer$Division (RaftServerImpl.java:checkInconsistentAppendEntries(1288)) - omNode-1@group-523986131536: inconsistency entries. Reply:omNode-3<-omNode-1#779:FAIL-t5,INCONSISTENCY,nextIndex=12,followerCommit=11
2021-10-31 01:06:03,706 [grpc-default-executor-8] INFO  leader.FollowerInfo (FollowerInfoImpl.java:lambda$new$0(47)) - omNode-3@group-523986131536->omNode-1: nextIndex: updateUnconditionally 22 -> 12
2021-10-31 01:06:04,207 [grpc-default-executor-8] INFO  server.RaftServer$Division (RaftServerImpl.java:checkInconsistentAppendEntries(1322)) - omNode-1@group-523986131536: Failed appendEntries as previous log entry ((t:5, i:21)) is not found
2021-10-31 01:06:04,207 [grpc-default-executor-8] INFO  server.RaftServer$Division (RaftServerImpl.java:checkInconsistentAppendEntries(1288)) - omNode-1@group-523986131536: inconsistency entries. Reply:omNode-3<-omNode-1#830:FAIL-t5,INCONSISTENCY,nextIndex=12,followerCommit=11
2021-10-31 01:06:04,208 [grpc-default-executor-8] INFO  leader.FollowerInfo (FollowerInfoImpl.java:lambda$new$0(47)) - omNode-3@group-523986131536->omNode-1: nextIndex: updateUnconditionally 22 -> 12
2021-10-31 01:06:04,709 [grpc-default-executor-8] INFO  server.RaftServer$Division (RaftServerImpl.java:checkInconsistentAppendEntries(1322)) - omNode-1@group-523986131536: Failed appendEntries as previous log entry ((t:5, i:21)) is not found
2021-10-31 01:06:04,710 [grpc-default-executor-8] INFO  server.RaftServer$Division (RaftServerImpl.java:checkInconsistentAppendEntries(1288)) - omNode-1@group-523986131536: inconsistency entries. Reply:omNode-3<-omNode-1#881:FAIL-t5,INCONSISTENCY,nextIndex=12,followerCommit=11
2021-10-31 01:06:04,710 [grpc-default-executor-8] INFO  leader.FollowerInfo (FollowerInfoImpl.java:lambda$new$0(47)) - omNode-3@group-523986131536->omNode-1: nextIndex: updateUnconditionally 22 -> 12
2021-10-31 01:06:05,211 [grpc-default-executor-8] INFO  server.RaftServer$Division (RaftServerImpl.java:checkInconsistentAppendEntries(1322)) - omNode-1@group-523986131536: Failed appendEntries as previous log entry ((t:5, i:21)) is not found
2021-10-31 01:06:05,212 [grpc-default-executor-8] INFO  server.RaftServer$Division (RaftServerImpl.java:checkInconsistentAppendEntries(1288)) - omNode-1@group-523986131536: inconsistency entries. Reply:omNode-3<-omNode-1#932:FAIL-t5,INCONSISTENCY,nextIndex=12,followerCommit=11
2021-10-31 01:06:05,212 [grpc-default-executor-8] INFO  leader.FollowerInfo (FollowerInfoImpl.java:lambda$new$0(47)) - omNode-3@group-523986131536->omNode-1: nextIndex: updateUnconditionally 22 -> 12
2021-10-31 01:06:05,714 [grpc-default-executor-2] INFO  server.RaftServer$Division (RaftServerImpl.java:checkInconsistentAppendEntries(1322)) - omNode-1@group-523986131536: Failed appendEntries as previous log entry ((t:5, i:21)) is not found
2021-10-31 01:06:05,714 [grpc-default-executor-2] INFO  server.RaftServer$Division (RaftServerImpl.java:checkInconsistentAppendEntries(1288)) - omNode-1@group-523986131536: inconsistency entries. Reply:omNode-3<-omNode-1#982:FAIL-t5,INCONSISTENCY,nextIndex=12,followerCommit=11
2021-10-31 01:06:05,715 [grpc-default-executor-2] INFO  leader.FollowerInfo (FollowerInfoImpl.java:lambda$new$0(47)) - omNode-3@group-523986131536->omNode-1: nextIndex: updateUnconditionally 22 -> 12
2021-10-31 01:06:06,217 [grpc-default-executor-8] INFO  server.RaftServer$Division (RaftServerImpl.java:checkInconsistentAppendEntries(1322)) - omNode-1@group-523986131536: Failed appendEntries as previous log entry ((t:5, i:21)) is not found
2021-10-31 01:06:06,218 [grpc-default-executor-8] INFO  server.RaftServer$Division (RaftServerImpl.java:checkInconsistentAppendEntries(1288)) - omNode-1@group-523986131536: inconsistency entries. Reply:omNode-3<-omNode-1#1033:FAIL-t5,INCONSISTENCY,nextIndex=12,followerCommit=11
2021-10-31 01:06:06,218 [grpc-default-executor-8] INFO  leader.FollowerInfo (FollowerInfoImpl.java:lambda$new$0(47)) - omNode-3@group-523986131536->omNode-1: nextIndex: updateUnconditionally 22 -> 12
2021-10-31 01:06:06,719 [grpc-default-executor-8] INFO  server.RaftServer$Division (RaftServerImpl.java:checkInconsistentAppendEntries(1322)) - omNode-1@group-523986131536: Failed appendEntries as previous log entry ((t:5, i:21)) is not found
2021-10-31 01:06:06,720 [grpc-default-executor-8] INFO  server.RaftServer$Division (RaftServerImpl.java:checkInconsistentAppendEntries(1288)) - omNode-1@group-523986131536: inconsistency entries. Reply:omNode-3<-omNode-1#1084:FAIL-t5,INCONSISTENCY,nextIndex=12,followerCommit=11
2021-10-31 01:06:06,720 [grpc-default-executor-8] INFO  leader.FollowerInfo (FollowerInfoImpl.java:lambda$new$0(47)) - omNode-3@group-523986131536->omNode-1: nextIndex: updateUnconditionally 22 -> 12
2021-10-31 01:06:07,221 [grpc-default-executor-2] INFO  server.RaftServer$Division (RaftServerImpl.java:checkInconsistentAppendEntries(1322)) - omNode-1@group-523986131536: Failed appendEntries as previous log entry ((t:5, i:21)) is not found
2021-10-31 01:06:07,221 [grpc-default-executor-2] INFO  server.RaftServer$Division (RaftServerImpl.java:checkInconsistentAppendEntries(1288)) - omNode-1@group-523986131536: inconsistency entries. Reply:omNode-3<-omNode-1#1135:FAIL-t5,INCONSISTENCY,nextIndex=12,followerCommit=11
2021-10-31 01:06:07,221 [grpc-default-executor-2] INFO  leader.FollowerInfo (FollowerInfoImpl.java:lambda$new$0(47)) - omNode-3@group-523986131536->omNode-1: nextIndex: updateUnconditionally 22 -> 12
2021-10-31 01:06:07,723 [grpc-default-executor-8] INFO  server.RaftServer$Division (RaftServerImpl.java:checkInconsistentAppendEntries(1322)) - omNode-1@group-523986131536: Failed appendEntries as previous log entry ((t:5, i:21)) is not found
2021-10-31 01:06:07,723 [grpc-default-executor-8] INFO  server.RaftServer$Division (RaftServerImpl.java:checkInconsistentAppendEntries(1288)) - omNode-1@group-523986131536: inconsistency entries. Reply:omNode-3<-omNode-1#1186:FAIL-t5,INCONSISTENCY,nextIndex=12,followerCommit=11
2021-10-31 01:06:07,724 [grpc-default-executor-8] INFO  leader.FollowerInfo (FollowerInfoImpl.java:lambda$new$0(47)) - omNode-3@group-523986131536->omNode-1: nextIndex: updateUnconditionally 22 -> 12
2021-10-31 01:06:08,225 [grpc-default-executor-8] INFO  server.RaftServer$Division (RaftServerImpl.java:checkInconsistentAppendEntries(1322)) - omNode-1@group-523986131536: Failed appendEntries as previous log entry ((t:5, i:21)) is not found
2021-10-31 01:06:08,225 [grpc-default-executor-8] INFO  server.RaftServer$Division (RaftServerImpl.java:checkInconsistentAppendEntries(1288)) - omNode-1@group-523986131536: inconsistency entries. Reply:omNode-3<-omNode-1#1237:FAIL-t5,INCONSISTENCY,nextIndex=12,followerCommit=11
2021-10-31 01:06:08,227 [grpc-default-executor-8] INFO  leader.FollowerInfo (FollowerInfoImpl.java:lambda$new$0(47)) - omNode-3@group-523986131536->omNode-1: nextIndex: updateUnconditionally 22 -> 12
2021-10-31 01:06:08,728 [grpc-default-executor-2] INFO  server.RaftServer$Division (RaftServerImpl.java:checkInconsistentAppendEntries(1322)) - omNode-1@group-523986131536: Failed appendEntries as previous log entry ((t:5, i:21)) is not found
2021-10-31 01:06:08,728 [grpc-default-executor-2] INFO  server.RaftServer$Division (RaftServerImpl.java:checkInconsistentAppendEntries(1288)) - omNode-1@group-523986131536: inconsistency entries. Reply:omNode-3<-omNode-1#1288:FAIL-t5,INCONSISTENCY,nextIndex=12,followerCommit=11
2021-10-31 01:06:08,729 [grpc-default-executor-2] INFO  leader.FollowerInfo (FollowerInfoImpl.java:lambda$new$0(47)) - omNode-3@group-523986131536->omNode-1: nextIndex: updateUnconditionally 22 -> 12
2021-10-31 01:06:09,230 [grpc-default-executor-2] INFO  server.RaftServer$Division (RaftServerImpl.java:checkInconsistentAppendEntries(1322)) - omNode-1@group-523986131536: Failed appendEntries as previous log entry ((t:5, i:21)) is not found
2021-10-31 01:06:09,230 [grpc-default-executor-2] INFO  server.RaftServer$Division (RaftServerImpl.java:checkInconsistentAppendEntries(1288)) - omNode-1@group-523986131536: inconsistency entries. Reply:omNode-3<-omNode-1#1339:FAIL-t5,INCONSISTENCY,nextIndex=12,followerCommit=11
2021-10-31 01:06:09,230 [grpc-default-executor-2] INFO  leader.FollowerInfo (FollowerInfoImpl.java:lambda$new$0(47)) - omNode-3@group-523986131536->omNode-1: nextIndex: updateUnconditionally 22 -> 12
2021-10-31 01:06:09,732 [grpc-default-executor-8] INFO  server.RaftServer$Division (RaftServerImpl.java:checkInconsistentAppendEntries(1322)) - omNode-1@group-523986131536: Failed appendEntries as previous log entry ((t:5, i:21)) is not found
2021-10-31 01:06:09,732 [grpc-default-executor-8] INFO  server.RaftServer$Division (RaftServerImpl.java:checkInconsistentAppendEntries(1288)) - omNode-1@group-523986131536: inconsistency entries. Reply:omNode-3<-omNode-1#1390:FAIL-t5,INCONSISTENCY,nextIndex=12,followerCommit=11
2021-10-31 01:06:09,732 [grpc-default-executor-2] INFO  leader.FollowerInfo (FollowerInfoImpl.java:lambda$new$0(47)) - omNode-3@group-523986131536->omNode-1: nextIndex: updateUnconditionally 22 -> 12
2021-10-31 01:06:10,234 [grpc-default-executor-2] INFO  server.RaftServer$Division (RaftServerImpl.java:checkInconsistentAppendEntries(1322)) - omNode-1@group-523986131536: Failed appendEntries as previous log entry ((t:5, i:21)) is not found
2021-10-31 01:06:10,234 [grpc-default-executor-2] INFO  server.RaftServer$Division (RaftServerImpl.java:checkInconsistentAppendEntries(1288)) - omNode-1@group-523986131536: inconsistency entries. Reply:omNode-3<-omNode-1#1441:FAIL-t5,INCONSISTENCY,nextIndex=12,followerCommit=11
2021-10-31 01:06:10,234 [grpc-default-executor-8] INFO  leader.FollowerInfo (FollowerInfoImpl.java:lambda$new$0(47)) - omNode-3@group-523986131536->omNode-1: nextIndex: updateUnconditionally 22 -> 12
2021-10-31 01:06:10,736 [grpc-default-executor-2] INFO  server.RaftServer$Division (RaftServerImpl.java:checkInconsistentAppendEntries(1322)) - omNode-1@group-523986131536: Failed appendEntries as previous log entry ((t:5, i:21)) is not found
2021-10-31 01:06:10,736 [grpc-default-executor-2] INFO  server.RaftServer$Division (RaftServerImpl.java:checkInconsistentAppendEntries(1288)) - omNode-1@group-523986131536: inconsistency entries. Reply:omNode-3<-omNode-1#1491:FAIL-t5,INCONSISTENCY,nextIndex=12,followerCommit=11
2021-10-31 01:06:10,737 [grpc-default-executor-8] INFO  leader.FollowerInfo (FollowerInfoImpl.java:lambda$new$0(47)) - omNode-3@group-523986131536->omNode-1: nextIndex: updateUnconditionally 22 -> 12
2021-10-31 01:06:11,239 [grpc-default-executor-2] INFO  server.RaftServer$Division (RaftServerImpl.java:checkInconsistentAppendEntries(1322)) - omNode-1@group-523986131536: Failed appendEntries as previous log entry ((t:5, i:21)) is not found
2021-10-31 01:06:11,239 [grpc-default-executor-2] INFO  server.RaftServer$Division (RaftServerImpl.java:checkInconsistentAppendEntries(1288)) - omNode-1@group-523986131536: inconsistency entries. Reply:omNode-3<-omNode-1#1542:FAIL-t5,INCONSISTENCY,nextIndex=12,followerCommit=11
2021-10-31 01:06:11,239 [grpc-default-executor-8] INFO  leader.FollowerInfo (FollowerInfoImpl.java:lambda$new$0(47)) - omNode-3@group-523986131536->omNode-1: nextIndex: updateUnconditionally 22 -> 12
2021-10-31 01:06:11,741 [grpc-default-executor-8] INFO  server.RaftServer$Division (RaftServerImpl.java:checkInconsistentAppendEntries(1322)) - omNode-1@group-523986131536: Failed appendEntries as previous log entry ((t:5, i:21)) is not found
2021-10-31 01:06:11,741 [grpc-default-executor-8] INFO  server.RaftServer$Division (RaftServerImpl.java:checkInconsistentAppendEntries(1288)) - omNode-1@group-523986131536: inconsistency entries. Reply:omNode-3<-omNode-1#1593:FAIL-t5,INCONSISTENCY,nextIndex=12,followerCommit=11
2021-10-31 01:06:11,741 [grpc-default-executor-8] INFO  leader.FollowerInfo (FollowerInfoImpl.java:lambda$new$0(47)) - omNode-3@group-523986131536->omNode-1: nextIndex: updateUnconditionally 22 -> 12
2021-10-31 01:06:12,243 [grpc-default-executor-2] INFO  server.RaftServer$Division (RaftServerImpl.java:checkInconsistentAppendEntries(1322)) - omNode-1@group-523986131536: Failed appendEntries as previous log entry ((t:5, i:21)) is not found
2021-10-31 01:06:12,243 [grpc-default-executor-2] INFO  server.RaftServer$Division (RaftServerImpl.java:checkInconsistentAppendEntries(1288)) - omNode-1@group-523986131536: inconsistency entries. Reply:omNode-3<-omNode-1#1644:FAIL-t5,INCONSISTENCY,nextIndex=12,followerCommit=11
2021-10-31 01:06:12,243 [grpc-default-executor-8] INFO  leader.FollowerInfo (FollowerInfoImpl.java:lambda$new$0(47)) - omNode-3@group-523986131536->omNode-1: nextIndex: updateUnconditionally 22 -> 12
2021-10-31 01:06:12,745 [grpc-default-executor-2] INFO  server.RaftServer$Division (RaftServerImpl.java:checkInconsistentAppendEntries(1322)) - omNode-1@group-523986131536: Failed appendEntries as previous log entry ((t:5, i:21)) is not found
2021-10-31 01:06:12,745 [grpc-default-executor-2] INFO  server.RaftServer$Division (RaftServerImpl.java:checkInconsistentAppendEntries(1288)) - omNode-1@group-523986131536: inconsistency entries. Reply:omNode-3<-omNode-1#1695:FAIL-t5,INCONSISTENCY,nextIndex=12,followerCommit=11
2021-10-31 01:06:12,746 [grpc-default-executor-8] INFO  leader.FollowerInfo (FollowerInfoImpl.java:lambda$new$0(47)) - omNode-3@group-523986131536->omNode-1: nextIndex: updateUnconditionally 22 -> 12
2021-10-31 01:06:13,247 [grpc-default-executor-2] INFO  server.RaftServer$Division (RaftServerImpl.java:checkInconsistentAppendEntries(1322)) - omNode-1@group-523986131536: Failed appendEntries as previous log entry ((t:5, i:21)) is not found
2021-10-31 01:06:13,247 [grpc-default-executor-2] INFO  server.RaftServer$Division (RaftServerImpl.java:checkInconsistentAppendEntries(1288)) - omNode-1@group-523986131536: inconsistency entries. Reply:omNode-3<-omNode-1#1746:FAIL-t5,INCONSISTENCY,nextIndex=12,followerCommit=11
2021-10-31 01:06:13,248 [grpc-default-executor-8] INFO  leader.FollowerInfo (FollowerInfoImpl.java:lambda$new$0(47)) - omNode-3@group-523986131536->omNode-1: nextIndex: updateUnconditionally 22 -> 12
2021-10-31 01:06:13,749 [grpc-default-executor-2] INFO  server.RaftServer$Division (RaftServerImpl.java:checkInconsistentAppendEntries(1322)) - omNode-1@group-523986131536: Failed appendEntries as previous log entry ((t:5, i:21)) is not found
2021-10-31 01:06:13,749 [grpc-default-executor-2] INFO  server.RaftServer$Division (RaftServerImpl.java:checkInconsistentAppendEntries(1288)) - omNode-1@group-523986131536: inconsistency entries. Reply:omNode-3<-omNode-1#1797:FAIL-t5,INCONSISTENCY,nextIndex=12,followerCommit=11
2021-10-31 01:06:13,750 [grpc-default-executor-8] INFO  leader.FollowerInfo (FollowerInfoImpl.java:lambda$new$0(47)) - omNode-3@group-523986131536->omNode-1: nextIndex: updateUnconditionally 22 -> 12
2021-10-31 01:06:14,251 [grpc-default-executor-8] INFO  server.RaftServer$Division (RaftServerImpl.java:checkInconsistentAppendEntries(1322)) - omNode-1@group-523986131536: Failed appendEntries as previous log entry ((t:5, i:21)) is not found
2021-10-31 01:06:14,252 [grpc-default-executor-8] INFO  server.RaftServer$Division (RaftServerImpl.java:checkInconsistentAppendEntries(1288)) - omNode-1@group-523986131536: inconsistency entries. Reply:omNode-3<-omNode-1#1847:FAIL-t5,INCONSISTENCY,nextIndex=12,followerCommit=11
2021-10-31 01:06:14,252 [grpc-default-executor-2] INFO  leader.FollowerInfo (FollowerInfoImpl.java:lambda$new$0(47)) - omNode-3@group-523986131536->omNode-1: nextIndex: updateUnconditionally 22 -> 12
2021-10-31 01:06:14,754 [grpc-default-executor-2] INFO  server.RaftServer$Division (RaftServerImpl.java:checkInconsistentAppendEntries(1322)) - omNode-1@group-523986131536: Failed appendEntries as previous log entry ((t:5, i:21)) is not found
2021-10-31 01:06:14,754 [grpc-default-executor-2] INFO  server.RaftServer$Division (RaftServerImpl.java:checkInconsistentAppendEntries(1288)) - omNode-1@group-523986131536: inconsistency entries. Reply:omNode-3<-omNode-1#1898:FAIL-t5,INCONSISTENCY,nextIndex=12,followerCommit=11
2021-10-31 01:06:14,755 [grpc-default-executor-2] INFO  leader.FollowerInfo (FollowerInfoImpl.java:lambda$new$0(47)) - omNode-3@group-523986131536->omNode-1: nextIndex: updateUnconditionally 22 -> 12
2021-10-31 01:06:15,256 [grpc-default-executor-2] INFO  server.RaftServer$Division (RaftServerImpl.java:checkInconsistentAppendEntries(1322)) - omNode-1@group-523986131536: Failed appendEntries as previous log entry ((t:5, i:21)) is not found
2021-10-31 01:06:15,256 [grpc-default-executor-2] INFO  server.RaftServer$Division (RaftServerImpl.java:checkInconsistentAppendEntries(1288)) - omNode-1@group-523986131536: inconsistency entries. Reply:omNode-3<-omNode-1#1949:FAIL-t5,INCONSISTENCY,nextIndex=12,followerCommit=11
2021-10-31 01:06:15,257 [grpc-default-executor-2] INFO  leader.FollowerInfo (FollowerInfoImpl.java:lambda$new$0(47)) - omNode-3@group-523986131536->omNode-1: nextIndex: updateUnconditionally 22 -> 12
2021-10-31 01:06:15,759 [grpc-default-executor-2] INFO  server.RaftServer$Division (RaftServerImpl.java:checkInconsistentAppendEntries(1322)) - omNode-1@group-523986131536: Failed appendEntries as previous log entry ((t:5, i:21)) is not found
2021-10-31 01:06:15,759 [grpc-default-executor-2] INFO  server.RaftServer$Division (RaftServerImpl.java:checkInconsistentAppendEntries(1288)) - omNode-1@group-523986131536: inconsistency entries. Reply:omNode-3<-omNode-1#2000:FAIL-t5,INCONSISTENCY,nextIndex=12,followerCommit=11
2021-10-31 01:06:15,759 [grpc-default-executor-2] INFO  leader.FollowerInfo (FollowerInfoImpl.java:lambda$new$0(47)) - omNode-3@group-523986131536->omNode-1: nextIndex: updateUnconditionally 22 -> 12
2021-10-31 01:06:16,261 [grpc-default-executor-8] INFO  server.RaftServer$Division (RaftServerImpl.java:checkInconsistentAppendEntries(1322)) - omNode-1@group-523986131536: Failed appendEntries as previous log entry ((t:5, i:21)) is not found
2021-10-31 01:06:16,261 [grpc-default-executor-8] INFO  server.RaftServer$Division (RaftServerImpl.java:checkInconsistentAppendEntries(1288)) - omNode-1@group-523986131536: inconsistency entries. Reply:omNode-3<-omNode-1#2051:FAIL-t5,INCONSISTENCY,nextIndex=12,followerCommit=11
2021-10-31 01:06:16,261 [grpc-default-executor-8] INFO  leader.FollowerInfo (FollowerInfoImpl.java:lambda$new$0(47)) - omNode-3@group-523986131536->omNode-1: nextIndex: updateUnconditionally 22 -> 12
2021-10-31 01:06:16,763 [grpc-default-executor-8] INFO  server.RaftServer$Division (RaftServerImpl.java:checkInconsistentAppendEntries(1322)) - omNode-1@group-523986131536: Failed appendEntries as previous log entry ((t:5, i:21)) is not found
2021-10-31 01:06:16,765 [grpc-default-executor-8] INFO  server.RaftServer$Division (RaftServerImpl.java:checkInconsistentAppendEntries(1288)) - omNode-1@group-523986131536: inconsistency entries. Reply:omNode-3<-omNode-1#2102:FAIL-t5,INCONSISTENCY,nextIndex=12,followerCommit=11
2021-10-31 01:06:16,765 [grpc-default-executor-2] INFO  leader.FollowerInfo (FollowerInfoImpl.java:lambda$new$0(47)) - omNode-3@group-523986131536->omNode-1: nextIndex: updateUnconditionally 22 -> 12
2021-10-31 01:06:17,267 [grpc-default-executor-8] INFO  server.RaftServer$Division (RaftServerImpl.java:checkInconsistentAppendEntries(1322)) - omNode-1@group-523986131536: Failed appendEntries as previous log entry ((t:5, i:21)) is not found
2021-10-31 01:06:17,267 [grpc-default-executor-8] INFO  server.RaftServer$Division (RaftServerImpl.java:checkInconsistentAppendEntries(1288)) - omNode-1@group-523986131536: inconsistency entries. Reply:omNode-3<-omNode-1#2153:FAIL-t5,INCONSISTENCY,nextIndex=12,followerCommit=11
2021-10-31 01:06:17,268 [grpc-default-executor-8] INFO  leader.FollowerInfo (FollowerInfoImpl.java:lambda$new$0(47)) - omNode-3@group-523986131536->omNode-1: nextIndex: updateUnconditionally 22 -> 12
2021-10-31 01:06:17,769 [grpc-default-executor-8] INFO  server.RaftServer$Division (RaftServerImpl.java:checkInconsistentAppendEntries(1322)) - omNode-1@group-523986131536: Failed appendEntries as previous log entry ((t:5, i:21)) is not found
2021-10-31 01:06:17,769 [grpc-default-executor-8] INFO  server.RaftServer$Division (RaftServerImpl.java:checkInconsistentAppendEntries(1288)) - omNode-1@group-523986131536: inconsistency entries. Reply:omNode-3<-omNode-1#2204:FAIL-t5,INCONSISTENCY,nextIndex=12,followerCommit=11
2021-10-31 01:06:17,769 [grpc-default-executor-8] INFO  leader.FollowerInfo (FollowerInfoImpl.java:lambda$new$0(47)) - omNode-3@group-523986131536->omNode-1: nextIndex: updateUnconditionally 22 -> 12
2021-10-31 01:06:18,271 [grpc-default-executor-2] INFO  server.RaftServer$Division (RaftServerImpl.java:checkInconsistentAppendEntries(1322)) - omNode-1@group-523986131536: Failed appendEntries as previous log entry ((t:5, i:21)) is not found
2021-10-31 01:06:18,272 [grpc-default-executor-2] INFO  server.RaftServer$Division (RaftServerImpl.java:checkInconsistentAppendEntries(1288)) - omNode-1@group-523986131536: inconsistency entries. Reply:omNode-3<-omNode-1#2255:FAIL-t5,INCONSISTENCY,nextIndex=12,followerCommit=11
2021-10-31 01:06:18,273 [grpc-default-executor-8] INFO  leader.FollowerInfo (FollowerInfoImpl.java:lambda$new$0(47)) - omNode-3@group-523986131536->omNode-1: nextIndex: updateUnconditionally 22 -> 12
2021-10-31 01:06:18,775 [grpc-default-executor-8] INFO  server.RaftServer$Division (RaftServerImpl.java:checkInconsistentAppendEntries(1322)) - omNode-1@group-523986131536: Failed appendEntries as previous log entry ((t:5, i:21)) is not found
2021-10-31 01:06:18,775 [grpc-default-executor-8] INFO  server.RaftServer$Division (RaftServerImpl.java:checkInconsistentAppendEntries(1288)) - omNode-1@group-523986131536: inconsistency entries. Reply:omNode-3<-omNode-1#2306:FAIL-t5,INCONSISTENCY,nextIndex=12,followerCommit=11
2021-10-31 01:06:18,775 [grpc-default-executor-2] INFO  leader.FollowerInfo (FollowerInfoImpl.java:lambda$new$0(47)) - omNode-3@group-523986131536->omNode-1: nextIndex: updateUnconditionally 22 -> 12
2021-10-31 01:06:19,277 [grpc-default-executor-2] INFO  server.RaftServer$Division (RaftServerImpl.java:checkInconsistentAppendEntries(1322)) - omNode-1@group-523986131536: Failed appendEntries as previous log entry ((t:5, i:21)) is not found
2021-10-31 01:06:19,277 [grpc-default-executor-2] INFO  server.RaftServer$Division (RaftServerImpl.java:checkInconsistentAppendEntries(1288)) - omNode-1@group-523986131536: inconsistency entries. Reply:omNode-3<-omNode-1#2357:FAIL-t5,INCONSISTENCY,nextIndex=12,followerCommit=11
2021-10-31 01:06:19,277 [grpc-default-executor-2] INFO  leader.FollowerInfo (FollowerInfoImpl.java:lambda$new$0(47)) - omNode-3@group-523986131536->omNode-1: nextIndex: updateUnconditionally 22 -> 12
2021-10-31 01:06:19,779 [grpc-default-executor-2] INFO  server.RaftServer$Division (RaftServerImpl.java:checkInconsistentAppendEntries(1322)) - omNode-1@group-523986131536: Failed appendEntries as previous log entry ((t:5, i:21)) is not found
2021-10-31 01:06:19,780 [grpc-default-executor-2] INFO  server.RaftServer$Division (RaftServerImpl.java:checkInconsistentAppendEntries(1288)) - omNode-1@group-523986131536: inconsistency entries. Reply:omNode-3<-omNode-1#2408:FAIL-t5,INCONSISTENCY,nextIndex=12,followerCommit=11
2021-10-31 01:06:19,780 [grpc-default-executor-8] INFO  leader.FollowerInfo (FollowerInfoImpl.java:lambda$new$0(47)) - omNode-3@group-523986131536->omNode-1: nextIndex: updateUnconditionally 22 -> 12
2021-10-31 01:06:20,282 [grpc-default-executor-2] INFO  server.RaftServer$Division (RaftServerImpl.java:checkInconsistentAppendEntries(1322)) - omNode-1@group-523986131536: Failed appendEntries as previous log entry ((t:5, i:21)) is not found
2021-10-31 01:06:20,282 [grpc-default-executor-2] INFO  server.RaftServer$Division (RaftServerImpl.java:checkInconsistentAppendEntries(1288)) - omNode-1@group-523986131536: inconsistency entries. Reply:omNode-3<-omNode-1#2459:FAIL-t5,INCONSISTENCY,nextIndex=12,followerCommit=11
2021-10-31 01:06:20,285 [grpc-default-executor-8] INFO  leader.FollowerInfo (FollowerInfoImpl.java:lambda$new$0(47)) - omNode-3@group-523986131536->omNode-1: nextIndex: updateUnconditionally 22 -> 12
2021-10-31 01:06:20,787 [grpc-default-executor-2] INFO  server.RaftServer$Division (RaftServerImpl.java:checkInconsistentAppendEntries(1322)) - omNode-1@group-523986131536: Failed appendEntries as previous log entry ((t:5, i:21)) is not found
2021-10-31 01:06:20,787 [grpc-default-executor-2] INFO  server.RaftServer$Division (RaftServerImpl.java:checkInconsistentAppendEntries(1288)) - omNode-1@group-523986131536: inconsistency entries. Reply:omNode-3<-omNode-1#2510:FAIL-t5,INCONSISTENCY,nextIndex=12,followerCommit=11
2021-10-31 01:06:20,788 [grpc-default-executor-8] INFO  leader.FollowerInfo (FollowerInfoImpl.java:lambda$new$0(47)) - omNode-3@group-523986131536->omNode-1: nextIndex: updateUnconditionally 22 -> 12
2021-10-31 01:06:21,288 [grpc-default-executor-2] INFO  server.RaftServer$Division (RaftServerImpl.java:checkInconsistentAppendEntries(1322)) - omNode-1@group-523986131536: Failed appendEntries as previous log entry ((t:5, i:21)) is not found
2021-10-31 01:06:21,289 [grpc-default-executor-2] INFO  server.RaftServer$Division (RaftServerImpl.java:checkInconsistentAppendEntries(1288)) - omNode-1@group-523986131536: inconsistency entries. Reply:omNode-3<-omNode-1#2561:FAIL-t5,INCONSISTENCY,nextIndex=12,followerCommit=11
2021-10-31 01:06:21,289 [grpc-default-executor-2] INFO  leader.FollowerInfo (FollowerInfoImpl.java:lambda$new$0(47)) - omNode-3@group-523986131536->omNode-1: nextIndex: updateUnconditionally 22 -> 12
2021-10-31 01:06:21,791 [grpc-default-executor-8] INFO  server.RaftServer$Division (RaftServerImpl.java:checkInconsistentAppendEntries(1322)) - omNode-1@group-523986131536: Failed appendEntries as previous log entry ((t:5, i:21)) is not found
2021-10-31 01:06:21,791 [grpc-default-executor-8] INFO  server.RaftServer$Division (RaftServerImpl.java:checkInconsistentAppendEntries(1288)) - omNode-1@group-523986131536: inconsistency entries. Reply:omNode-3<-omNode-1#2612:FAIL-t5,INCONSISTENCY,nextIndex=12,followerCommit=11
2021-10-31 01:06:21,791 [grpc-default-executor-8] INFO  leader.FollowerInfo (FollowerInfoImpl.java:lambda$new$0(47)) - omNode-3@group-523986131536->omNode-1: nextIndex: updateUnconditionally 22 -> 12
2021-10-31 01:06:22,293 [grpc-default-executor-8] INFO  server.RaftServer$Division (RaftServerImpl.java:checkInconsistentAppendEntries(1322)) - omNode-1@group-523986131536: Failed appendEntries as previous log entry ((t:5, i:21)) is not found
2021-10-31 01:06:22,294 [grpc-default-executor-8] INFO  server.RaftServer$Division (RaftServerImpl.java:checkInconsistentAppendEntries(1288)) - omNode-1@group-523986131536: inconsistency entries. Reply:omNode-3<-omNode-1#2663:FAIL-t5,INCONSISTENCY,nextIndex=12,followerCommit=11
2021-10-31 01:06:22,294 [grpc-default-executor-8] INFO  leader.FollowerInfo (FollowerInfoImpl.java:lambda$new$0(47)) - omNode-3@group-523986131536->omNode-1: nextIndex: updateUnconditionally 22 -> 12
2021-10-31 01:06:22,796 [grpc-default-executor-2] INFO  server.RaftServer$Division (RaftServerImpl.java:checkInconsistentAppendEntries(1322)) - omNode-1@group-523986131536: Failed appendEntries as previous log entry ((t:5, i:21)) is not found
2021-10-31 01:06:22,796 [grpc-default-executor-2] INFO  server.RaftServer$Division (RaftServerImpl.java:checkInconsistentAppendEntries(1288)) - omNode-1@group-523986131536: inconsistency entries. Reply:omNode-3<-omNode-1#2714:FAIL-t5,INCONSISTENCY,nextIndex=12,followerCommit=11
2021-10-31 01:06:22,797 [grpc-default-executor-8] INFO  leader.FollowerInfo (FollowerInfoImpl.java:lambda$new$0(47)) - omNode-3@group-523986131536->omNode-1: nextIndex: updateUnconditionally 22 -> 12
2021-10-31 01:06:23,298 [grpc-default-executor-2] INFO  server.RaftServer$Division (RaftServerImpl.java:checkInconsistentAppendEntries(1322)) - omNode-1@group-523986131536: Failed appendEntries as previous log entry ((t:5, i:21)) is not found
2021-10-31 01:06:23,298 [grpc-default-executor-2] INFO  server.RaftServer$Division (RaftServerImpl.java:checkInconsistentAppendEntries(1288)) - omNode-1@group-523986131536: inconsistency entries. Reply:omNode-3<-omNode-1#2764:FAIL-t5,INCONSISTENCY,nextIndex=12,followerCommit=11
2021-10-31 01:06:23,298 [grpc-default-executor-2] INFO  leader.FollowerInfo (FollowerInfoImpl.java:lambda$new$0(47)) - omNode-3@group-523986131536->omNode-1: nextIndex: updateUnconditionally 22 -> 12
2021-10-31 01:06:23,799 [grpc-default-executor-8] INFO  server.RaftServer$Division (RaftServerImpl.java:checkInconsistentAppendEntries(1322)) - omNode-1@group-523986131536: Failed appendEntries as previous log entry ((t:5, i:21)) is not found
2021-10-31 01:06:23,800 [grpc-default-executor-8] INFO  server.RaftServer$Division (RaftServerImpl.java:checkInconsistentAppendEntries(1288)) - omNode-1@group-523986131536: inconsistency entries. Reply:omNode-3<-omNode-1#2815:FAIL-t5,INCONSISTENCY,nextIndex=12,followerCommit=11
2021-10-31 01:06:23,800 [grpc-default-executor-8] INFO  leader.FollowerInfo (FollowerInfoImpl.java:lambda$new$0(47)) - omNode-3@group-523986131536->omNode-1: nextIndex: updateUnconditionally 22 -> 12
2021-10-31 01:06:24,421 [org.apache.ratis.util.JvmPauseMonitor$$Lambda$523/2066045717@14f1f07f] WARN  util.JvmPauseMonitor (JvmPauseMonitor.java:detectPause(124)) - JvmPauseMonitor-1b81dd96-85e5-46dc-89c9-973755fd74f9: Detected pause in JVM or host machine (eg GC): pause of approximately 107614599ns.
GC pool 'PS MarkSweep' had collection(s): count=1 time=170ms
GC pool 'PS Scavenge' had collection(s): count=1 time=91ms
2021-10-31 01:06:24,422 [org.apache.ratis.util.JvmPauseMonitor$$Lambda$523/2066045717@515df324] WARN  util.JvmPauseMonitor (JvmPauseMonitor.java:detectPause(124)) - JvmPauseMonitor-omNode-3: Detected pause in JVM or host machine (eg GC): pause of approximately 119537139ns.
GC pool 'PS MarkSweep' had collection(s): count=1 time=170ms
GC pool 'PS Scavenge' had collection(s): count=1 time=91ms
2021-10-31 01:06:24,422 [org.apache.ratis.util.JvmPauseMonitor$$Lambda$523/2066045717@6d4daa1d] WARN  util.JvmPauseMonitor (JvmPauseMonitor.java:detectPause(124)) - JvmPauseMonitor-4fe03719-c323-4acc-b4e8-a1a5c546f443: Detected pause in JVM or host machine (eg GC): pause of approximately 160769874ns.
GC pool 'PS MarkSweep' had collection(s): count=1 time=170ms
GC pool 'PS Scavenge' had collection(s): count=1 time=91ms
2021-10-31 01:06:24,429 [grpc-default-executor-2] INFO  server.RaftServer$Division (RaftServerImpl.java:checkInconsistentAppendEntries(1322)) - omNode-1@group-523986131536: Failed appendEntries as previous log entry ((t:5, i:21)) is not found
2021-10-31 01:06:24,429 [grpc-default-executor-2] INFO  server.RaftServer$Division (RaftServerImpl.java:checkInconsistentAppendEntries(1288)) - omNode-1@group-523986131536: inconsistency entries. Reply:omNode-3<-omNode-1#2851:FAIL-t5,INCONSISTENCY,nextIndex=12,followerCommit=11
2021-10-31 01:06:24,429 [grpc-default-executor-2] INFO  leader.FollowerInfo (FollowerInfoImpl.java:lambda$new$0(47)) - omNode-3@group-523986131536->omNode-1: nextIndex: updateUnconditionally 22 -> 12
2021-10-31 01:06:24,931 [grpc-default-executor-8] INFO  server.RaftServer$Division (RaftServerImpl.java:checkInconsistentAppendEntries(1322)) - omNode-1@group-523986131536: Failed appendEntries as previous log entry ((t:5, i:21)) is not found
2021-10-31 01:06:24,932 [grpc-default-executor-8] INFO  server.RaftServer$Division (RaftServerImpl.java:checkInconsistentAppendEntries(1288)) - omNode-1@group-523986131536: inconsistency entries. Reply:omNode-3<-omNode-1#2902:FAIL-t5,INCONSISTENCY,nextIndex=12,followerCommit=11
2021-10-31 01:06:24,932 [grpc-default-executor-8] INFO  leader.FollowerInfo (FollowerInfoImpl.java:lambda$new$0(47)) - omNode-3@group-523986131536->omNode-1: nextIndex: updateUnconditionally 22 -> 12
2021-10-31 01:06:25,433 [grpc-default-executor-8] INFO  server.RaftServer$Division (RaftServerImpl.java:checkInconsistentAppendEntries(1322)) - omNode-1@group-523986131536: Failed appendEntries as previous log entry ((t:5, i:21)) is not found
2021-10-31 01:06:25,434 [grpc-default-executor-8] INFO  server.RaftServer$Division (RaftServerImpl.java:checkInconsistentAppendEntries(1288)) - omNode-1@group-523986131536: inconsistency entries. Reply:omNode-3<-omNode-1#2953:FAIL-t5,INCONSISTENCY,nextIndex=12,followerCommit=11
2021-10-31 01:06:25,434 [grpc-default-executor-8] INFO  leader.FollowerInfo (FollowerInfoImpl.java:lambda$new$0(47)) - omNode-3@group-523986131536->omNode-1: nextIndex: updateUnconditionally 22 -> 12
2021-10-31 01:06:25,936 [grpc-default-executor-8] INFO  server.RaftServer$Division (RaftServerImpl.java:checkInconsistentAppendEntries(1322)) - omNode-1@group-523986131536: Failed appendEntries as previous log entry ((t:5, i:21)) is not found
2021-10-31 01:06:25,936 [grpc-default-executor-8] INFO  server.RaftServer$Division (RaftServerImpl.java:checkInconsistentAppendEntries(1288)) - omNode-1@group-523986131536: inconsistency entries. Reply:omNode-3<-omNode-1#3004:FAIL-t5,INCONSISTENCY,nextIndex=12,followerCommit=11
2021-10-31 01:06:25,936 [grpc-default-executor-8] INFO  leader.FollowerInfo (FollowerInfoImpl.java:lambda$new$0(47)) - omNode-3@group-523986131536->omNode-1: nextIndex: updateUnconditionally 22 -> 12
2021-10-31 01:06:26,438 [grpc-default-executor-8] INFO  server.RaftServer$Division (RaftServerImpl.java:checkInconsistentAppendEntries(1322)) - omNode-1@group-523986131536: Failed appendEntries as previous log entry ((t:5, i:21)) is not found
2021-10-31 01:06:26,439 [grpc-default-executor-8] INFO  server.RaftServer$Division (RaftServerImpl.java:checkInconsistentAppendEntries(1288)) - omNode-1@group-523986131536: inconsistency entries. Reply:omNode-3<-omNode-1#3055:FAIL-t5,INCONSISTENCY,nextIndex=12,followerCommit=11
2021-10-31 01:06:26,439 [grpc-default-executor-8] INFO  leader.FollowerInfo (FollowerInfoImpl.java:lambda$new$0(47)) - omNode-3@group-523986131536->omNode-1: nextIndex: updateUnconditionally 22 -> 12
2021-10-31 01:06:26,941 [grpc-default-executor-2] INFO  server.RaftServer$Division (RaftServerImpl.java:checkInconsistentAppendEntries(1322)) - omNode-1@group-523986131536: Failed appendEntries as previous log entry ((t:5, i:21)) is not found
2021-10-31 01:06:26,941 [grpc-default-executor-2] INFO  server.RaftServer$Division (RaftServerImpl.java:checkInconsistentAppendEntries(1288)) - omNode-1@group-523986131536: inconsistency entries. Reply:omNode-3<-omNode-1#3106:FAIL-t5,INCONSISTENCY,nextIndex=12,followerCommit=11
2021-10-31 01:06:26,941 [grpc-default-executor-6] INFO  leader.FollowerInfo (FollowerInfoImpl.java:lambda$new$0(47)) - omNode-3@group-523986131536->omNode-1: nextIndex: updateUnconditionally 22 -> 12
2021-10-31 01:06:27,444 [grpc-default-executor-2] INFO  server.RaftServer$Division (RaftServerImpl.java:checkInconsistentAppendEntries(1322)) - omNode-1@group-523986131536: Failed appendEntries as previous log entry ((t:5, i:21)) is not found
2021-10-31 01:06:27,444 [grpc-default-executor-2] INFO  server.RaftServer$Division (RaftServerImpl.java:checkInconsistentAppendEntries(1288)) - omNode-1@group-523986131536: inconsistency entries. Reply:omNode-3<-omNode-1#3157:FAIL-t5,INCONSISTENCY,nextIndex=12,followerCommit=11
2021-10-31 01:06:27,444 [grpc-default-executor-6] INFO  leader.FollowerInfo (FollowerInfoImpl.java:lambda$new$0(47)) - omNode-3@group-523986131536->omNode-1: nextIndex: updateUnconditionally 22 -> 12
2021-10-31 01:06:27,945 [grpc-default-executor-2] INFO  server.RaftServer$Division (RaftServerImpl.java:checkInconsistentAppendEntries(1322)) - omNode-1@group-523986131536: Failed appendEntries as previous log entry ((t:5, i:21)) is not found
2021-10-31 01:06:27,945 [grpc-default-executor-2] INFO  server.RaftServer$Division (RaftServerImpl.java:checkInconsistentAppendEntries(1288)) - omNode-1@group-523986131536: inconsistency entries. Reply:omNode-3<-omNode-1#3207:FAIL-t5,INCONSISTENCY,nextIndex=12,followerCommit=11
2021-10-31 01:06:27,946 [grpc-default-executor-2] INFO  leader.FollowerInfo (FollowerInfoImpl.java:lambda$new$0(47)) - omNode-3@group-523986131536->omNode-1: nextIndex: updateUnconditionally 22 -> 12
2021-10-31 01:06:28,447 [grpc-default-executor-2] INFO  server.RaftServer$Division (RaftServerImpl.java:checkInconsistentAppendEntries(1322)) - omNode-1@group-523986131536: Failed appendEntries as previous log entry ((t:5, i:21)) is not found
2021-10-31 01:06:28,448 [grpc-default-executor-2] INFO  server.RaftServer$Division (RaftServerImpl.java:checkInconsistentAppendEntries(1288)) - omNode-1@group-523986131536: inconsistency entries. Reply:omNode-3<-omNode-1#3258:FAIL-t5,INCONSISTENCY,nextIndex=12,followerCommit=11
2021-10-31 01:06:28,448 [grpc-default-executor-6] INFO  leader.FollowerInfo (FollowerInfoImpl.java:lambda$new$0(47)) - omNode-3@group-523986131536->omNode-1: nextIndex: updateUnconditionally 22 -> 12
2021-10-31 01:06:28,950 [grpc-default-executor-2] INFO  server.RaftServer$Division (RaftServerImpl.java:checkInconsistentAppendEntries(1322)) - omNode-1@group-523986131536: Failed appendEntries as previous log entry ((t:5, i:21)) is not found
2021-10-31 01:06:28,950 [grpc-default-executor-2] INFO  server.RaftServer$Division (RaftServerImpl.java:checkInconsistentAppendEntries(1288)) - omNode-1@group-523986131536: inconsistency entries. Reply:omNode-3<-omNode-1#3309:FAIL-t5,INCONSISTENCY,nextIndex=12,followerCommit=11
2021-10-31 01:06:28,950 [grpc-default-executor-2] INFO  leader.FollowerInfo (FollowerInfoImpl.java:lambda$new$0(47)) - omNode-3@group-523986131536->omNode-1: nextIndex: updateUnconditionally 22 -> 12
2021-10-31 01:06:29,452 [grpc-default-executor-6] INFO  server.RaftServer$Division (RaftServerImpl.java:checkInconsistentAppendEntries(1322)) - omNode-1@group-523986131536: Failed appendEntries as previous log entry ((t:5, i:21)) is not found
2021-10-31 01:06:29,452 [grpc-default-executor-6] INFO  server.RaftServer$Division (RaftServerImpl.java:checkInconsistentAppendEntries(1288)) - omNode-1@group-523986131536: inconsistency entries. Reply:omNode-3<-omNode-1#3360:FAIL-t5,INCONSISTENCY,nextIndex=12,followerCommit=11
2021-10-31 01:06:29,452 [grpc-default-executor-6] INFO  leader.FollowerInfo (FollowerInfoImpl.java:lambda$new$0(47)) - omNode-3@group-523986131536->omNode-1: nextIndex: updateUnconditionally 22 -> 12
2021-10-31 01:06:29,954 [grpc-default-executor-6] INFO  server.RaftServer$Division (RaftServerImpl.java:checkInconsistentAppendEntries(1322)) - omNode-1@group-523986131536: Failed appendEntries as previous log entry ((t:5, i:21)) is not found
2021-10-31 01:06:29,955 [grpc-default-executor-6] INFO  server.RaftServer$Division (RaftServerImpl.java:checkInconsistentAppendEntries(1288)) - omNode-1@group-523986131536: inconsistency entries. Reply:omNode-3<-omNode-1#3411:FAIL-t5,INCONSISTENCY,nextIndex=12,followerCommit=11
2021-10-31 01:06:29,955 [grpc-default-executor-2] INFO  leader.FollowerInfo (FollowerInfoImpl.java:lambda$new$0(47)) - omNode-3@group-523986131536->omNode-1: nextIndex: updateUnconditionally 22 -> 12
2021-10-31 01:06:30,456 [grpc-default-executor-6] INFO  server.RaftServer$Division (RaftServerImpl.java:checkInconsistentAppendEntries(1322)) - omNode-1@group-523986131536: Failed appendEntries as previous log entry ((t:5, i:21)) is not found
2021-10-31 01:06:30,457 [grpc-default-executor-6] INFO  server.RaftServer$Division (RaftServerImpl.java:checkInconsistentAppendEntries(1288)) - omNode-1@group-523986131536: inconsistency entries. Reply:omNode-3<-omNode-1#3462:FAIL-t5,INCONSISTENCY,nextIndex=12,followerCommit=11
2021-10-31 01:06:30,457 [grpc-default-executor-6] INFO  leader.FollowerInfo (FollowerInfoImpl.java:lambda$new$0(47)) - omNode-3@group-523986131536->omNode-1: nextIndex: updateUnconditionally 22 -> 12
2021-10-31 01:06:30,959 [grpc-default-executor-2] INFO  server.RaftServer$Division (RaftServerImpl.java:checkInconsistentAppendEntries(1322)) - omNode-1@group-523986131536: Failed appendEntries as previous log entry ((t:5, i:21)) is not found
2021-10-31 01:06:30,959 [grpc-default-executor-2] INFO  server.RaftServer$Division (RaftServerImpl.java:checkInconsistentAppendEntries(1288)) - omNode-1@group-523986131536: inconsistency entries. Reply:omNode-3<-omNode-1#3513:FAIL-t5,INCONSISTENCY,nextIndex=12,followerCommit=11
2021-10-31 01:06:30,959 [grpc-default-executor-2] INFO  leader.FollowerInfo (FollowerInfoImpl.java:lambda$new$0(47)) - omNode-3@group-523986131536->omNode-1: nextIndex: updateUnconditionally 22 -> 12
2021-10-31 01:06:31,461 [grpc-default-executor-6] INFO  server.RaftServer$Division (RaftServerImpl.java:checkInconsistentAppendEntries(1322)) - omNode-1@group-523986131536: Failed appendEntries as previous log entry ((t:5, i:21)) is not found
2021-10-31 01:06:31,461 [grpc-default-executor-6] INFO  server.RaftServer$Division (RaftServerImpl.java:checkInconsistentAppendEntries(1288)) - omNode-1@group-523986131536: inconsistency entries. Reply:omNode-3<-omNode-1#3564:FAIL-t5,INCONSISTENCY,nextIndex=12,followerCommit=11
2021-10-31 01:06:31,461 [grpc-default-executor-6] INFO  leader.FollowerInfo (FollowerInfoImpl.java:lambda$new$0(47)) - omNode-3@group-523986131536->omNode-1: nextIndex: updateUnconditionally 22 -> 12
2021-10-31 01:06:31,963 [grpc-default-executor-2] INFO  server.RaftServer$Division (RaftServerImpl.java:checkInconsistentAppendEntries(1322)) - omNode-1@group-523986131536: Failed appendEntries as previous log entry ((t:5, i:21)) is not found
2021-10-31 01:06:31,963 [grpc-default-executor-2] INFO  server.RaftServer$Division (RaftServerImpl.java:checkInconsistentAppendEntries(1288)) - omNode-1@group-523986131536: inconsistency entries. Reply:omNode-3<-omNode-1#3615:FAIL-t5,INCONSISTENCY,nextIndex=12,followerCommit=11
2021-10-31 01:06:31,963 [grpc-default-executor-6] INFO  leader.FollowerInfo (FollowerInfoImpl.java:lambda$new$0(47)) - omNode-3@group-523986131536->omNode-1: nextIndex: updateUnconditionally 22 -> 12
2021-10-31 01:06:32,464 [grpc-default-executor-2] INFO  server.RaftServer$Division (RaftServerImpl.java:checkInconsistentAppendEntries(1322)) - omNode-1@group-523986131536: Failed appendEntries as previous log entry ((t:5, i:21)) is not found
2021-10-31 01:06:32,465 [grpc-default-executor-2] INFO  server.RaftServer$Division (RaftServerImpl.java:checkInconsistentAppendEntries(1288)) - omNode-1@group-523986131536: inconsistency entries. Reply:omNode-3<-omNode-1#3666:FAIL-t5,INCONSISTENCY,nextIndex=12,followerCommit=11
2021-10-31 01:06:32,465 [grpc-default-executor-2] INFO  leader.FollowerInfo (FollowerInfoImpl.java:lambda$new$0(47)) - omNode-3@group-523986131536->omNode-1: nextIndex: updateUnconditionally 22 -> 12
2021-10-31 01:06:32,967 [grpc-default-executor-2] INFO  server.RaftServer$Division (RaftServerImpl.java:checkInconsistentAppendEntries(1322)) - omNode-1@group-523986131536: Failed appendEntries as previous log entry ((t:5, i:21)) is not found
2021-10-31 01:06:32,967 [grpc-default-executor-2] INFO  server.RaftServer$Division (RaftServerImpl.java:checkInconsistentAppendEntries(1288)) - omNode-1@group-523986131536: inconsistency entries. Reply:omNode-3<-omNode-1#3717:FAIL-t5,INCONSISTENCY,nextIndex=12,followerCommit=11
2021-10-31 01:06:32,967 [grpc-default-executor-2] INFO  leader.FollowerInfo (FollowerInfoImpl.java:lambda$new$0(47)) - omNode-3@group-523986131536->omNode-1: nextIndex: updateUnconditionally 22 -> 12
2021-10-31 01:06:33,468 [grpc-default-executor-2] INFO  server.RaftServer$Division (RaftServerImpl.java:checkInconsistentAppendEntries(1322)) - omNode-1@group-523986131536: Failed appendEntries as previous log entry ((t:5, i:21)) is not found
2021-10-31 01:06:33,469 [grpc-default-executor-2] INFO  server.RaftServer$Division (RaftServerImpl.java:checkInconsistentAppendEntries(1288)) - omNode-1@group-523986131536: inconsistency entries. Reply:omNode-3<-omNode-1#3768:FAIL-t5,INCONSISTENCY,nextIndex=12,followerCommit=11
2021-10-31 01:06:33,469 [grpc-default-executor-6] INFO  leader.FollowerInfo (FollowerInfoImpl.java:lambda$new$0(47)) - omNode-3@group-523986131536->omNode-1: nextIndex: updateUnconditionally 22 -> 12
2021-10-31 01:06:33,970 [grpc-default-executor-6] INFO  server.RaftServer$Division (RaftServerImpl.java:checkInconsistentAppendEntries(1322)) - omNode-1@group-523986131536: Failed appendEntries as previous log entry ((t:5, i:21)) is not found
2021-10-31 01:06:33,971 [grpc-default-executor-6] INFO  server.RaftServer$Division (RaftServerImpl.java:checkInconsistentAppendEntries(1288)) - omNode-1@group-523986131536: inconsistency entries. Reply:omNode-3<-omNode-1#3819:FAIL-t5,INCONSISTENCY,nextIndex=12,followerCommit=11
2021-10-31 01:06:33,971 [grpc-default-executor-2] INFO  leader.FollowerInfo (FollowerInfoImpl.java:lambda$new$0(47)) - omNode-3@group-523986131536->omNode-1: nextIndex: updateUnconditionally 22 -> 12
2021-10-31 01:06:34,473 [grpc-default-executor-2] INFO  server.RaftServer$Division (RaftServerImpl.java:checkInconsistentAppendEntries(1322)) - omNode-1@group-523986131536: Failed appendEntries as previous log entry ((t:5, i:21)) is not found
2021-10-31 01:06:34,473 [grpc-default-executor-2] INFO  server.RaftServer$Division (RaftServerImpl.java:checkInconsistentAppendEntries(1288)) - omNode-1@group-523986131536: inconsistency entries. Reply:omNode-3<-omNode-1#3870:FAIL-t5,INCONSISTENCY,nextIndex=12,followerCommit=11
2021-10-31 01:06:34,473 [grpc-default-executor-6] INFO  leader.FollowerInfo (FollowerInfoImpl.java:lambda$new$0(47)) - omNode-3@group-523986131536->omNode-1: nextIndex: updateUnconditionally 22 -> 12
2021-10-31 01:06:34,974 [grpc-default-executor-6] INFO  server.RaftServer$Division (RaftServerImpl.java:checkInconsistentAppendEntries(1322)) - omNode-1@group-523986131536: Failed appendEntries as previous log entry ((t:5, i:21)) is not found
2021-10-31 01:06:34,976 [grpc-default-executor-6] INFO  server.RaftServer$Division (RaftServerImpl.java:checkInconsistentAppendEntries(1288)) - omNode-1@group-523986131536: inconsistency entries. Reply:omNode-3<-omNode-1#3921:FAIL-t5,INCONSISTENCY,nextIndex=12,followerCommit=11
2021-10-31 01:06:34,976 [grpc-default-executor-2] INFO  leader.FollowerInfo (FollowerInfoImpl.java:lambda$new$0(47)) - omNode-3@group-523986131536->omNode-1: nextIndex: updateUnconditionally 22 -> 12
2021-10-31 01:06:35,478 [grpc-default-executor-2] INFO  server.RaftServer$Division (RaftServerImpl.java:checkInconsistentAppendEntries(1322)) - omNode-1@group-523986131536: Failed appendEntries as previous log entry ((t:5, i:21)) is not found
2021-10-31 01:06:35,478 [grpc-default-executor-2] INFO  server.RaftServer$Division (RaftServerImpl.java:checkInconsistentAppendEntries(1288)) - omNode-1@group-523986131536: inconsistency entries. Reply:omNode-3<-omNode-1#3972:FAIL-t5,INCONSISTENCY,nextIndex=12,followerCommit=11
2021-10-31 01:06:35,479 [grpc-default-executor-2] INFO  leader.FollowerInfo (FollowerInfoImpl.java:lambda$new$0(47)) - omNode-3@group-523986131536->omNode-1: nextIndex: updateUnconditionally 22 -> 12
2021-10-31 01:06:35,980 [grpc-default-executor-6] INFO  server.RaftServer$Division (RaftServerImpl.java:checkInconsistentAppendEntries(1322)) - omNode-1@group-523986131536: Failed appendEntries as previous log entry ((t:5, i:21)) is not found
2021-10-31 01:06:35,980 [grpc-default-executor-6] INFO  server.RaftServer$Division (RaftServerImpl.java:checkInconsistentAppendEntries(1288)) - omNode-1@group-523986131536: inconsistency entries. Reply:omNode-3<-omNode-1#4023:FAIL-t5,INCONSISTENCY,nextIndex=12,followerCommit=11
2021-10-31 01:06:35,980 [grpc-default-executor-6] INFO  leader.FollowerInfo (FollowerInfoImpl.java:lambda$new$0(47)) - omNode-3@group-523986131536->omNode-1: nextIndex: updateUnconditionally 22 -> 12
2021-10-31 01:06:36,481 [grpc-default-executor-2] INFO  server.RaftServer$Division (RaftServerImpl.java:checkInconsistentAppendEntries(1322)) - omNode-1@group-523986131536: Failed appendEntries as previous log entry ((t:5, i:21)) is not found
2021-10-31 01:06:36,482 [grpc-default-executor-2] INFO  server.RaftServer$Division (RaftServerImpl.java:checkInconsistentAppendEntries(1288)) - omNode-1@group-523986131536: inconsistency entries. Reply:omNode-3<-omNode-1#4074:FAIL-t5,INCONSISTENCY,nextIndex=12,followerCommit=11
2021-10-31 01:06:36,482 [grpc-default-executor-6] INFO  leader.FollowerInfo (FollowerInfoImpl.java:lambda$new$0(47)) - omNode-3@group-523986131536->omNode-1: nextIndex: updateUnconditionally 22 -> 12
2021-10-31 01:06:36,984 [grpc-default-executor-2] INFO  server.RaftServer$Division (RaftServerImpl.java:checkInconsistentAppendEntries(1322)) - omNode-1@group-523986131536: Failed appendEntries as previous log entry ((t:5, i:21)) is not found
2021-10-31 01:06:36,984 [grpc-default-executor-2] INFO  server.RaftServer$Division (RaftServerImpl.java:checkInconsistentAppendEntries(1288)) - omNode-1@group-523986131536: inconsistency entries. Reply:omNode-3<-omNode-1#4125:FAIL-t5,INCONSISTENCY,nextIndex=12,followerCommit=11
2021-10-31 01:06:36,984 [grpc-default-executor-2] INFO  leader.FollowerInfo (FollowerInfoImpl.java:lambda$new$0(47)) - omNode-3@group-523986131536->omNode-1: nextIndex: updateUnconditionally 22 -> 12
2021-10-31 01:06:37,485 [grpc-default-executor-2] INFO  server.RaftServer$Division (RaftServerImpl.java:checkInconsistentAppendEntries(1322)) - omNode-1@group-523986131536: Failed appendEntries as previous log entry ((t:5, i:21)) is not found
2021-10-31 01:06:37,486 [grpc-default-executor-2] INFO  server.RaftServer$Division (RaftServerImpl.java:checkInconsistentAppendEntries(1288)) - omNode-1@group-523986131536: inconsistency entries. Reply:omNode-3<-omNode-1#4176:FAIL-t5,INCONSISTENCY,nextIndex=12,followerCommit=11
2021-10-31 01:06:37,486 [grpc-default-executor-2] INFO  leader.FollowerInfo (FollowerInfoImpl.java:lambda$new$0(47)) - omNode-3@group-523986131536->omNode-1: nextIndex: updateUnconditionally 22 -> 12
2021-10-31 01:06:37,987 [grpc-default-executor-8] INFO  server.RaftServer$Division (RaftServerImpl.java:checkInconsistentAppendEntries(1322)) - omNode-1@group-523986131536: Failed appendEntries as previous log entry ((t:5, i:21)) is not found
2021-10-31 01:06:37,988 [grpc-default-executor-8] INFO  server.RaftServer$Division (RaftServerImpl.java:checkInconsistentAppendEntries(1288)) - omNode-1@group-523986131536: inconsistency entries. Reply:omNode-3<-omNode-1#4227:FAIL-t5,INCONSISTENCY,nextIndex=12,followerCommit=11
2021-10-31 01:06:37,988 [grpc-default-executor-8] INFO  leader.FollowerInfo (FollowerInfoImpl.java:lambda$new$0(47)) - omNode-3@group-523986131536->omNode-1: nextIndex: updateUnconditionally 22 -> 12
2021-10-31 01:06:38,489 [grpc-default-executor-8] INFO  server.RaftServer$Division (RaftServerImpl.java:checkInconsistentAppendEntries(1322)) - omNode-1@group-523986131536: Failed appendEntries as previous log entry ((t:5, i:21)) is not found
2021-10-31 01:06:38,489 [grpc-default-executor-8] INFO  server.RaftServer$Division (RaftServerImpl.java:checkInconsistentAppendEntries(1288)) - omNode-1@group-523986131536: inconsistency entries. Reply:omNode-3<-omNode-1#4278:FAIL-t5,INCONSISTENCY,nextIndex=12,followerCommit=11
2021-10-31 01:06:38,489 [grpc-default-executor-8] INFO  leader.FollowerInfo (FollowerInfoImpl.java:lambda$new$0(47)) - omNode-3@group-523986131536->omNode-1: nextIndex: updateUnconditionally 22 -> 12
2021-10-31 01:06:38,990 [grpc-default-executor-8] INFO  server.RaftServer$Division (RaftServerImpl.java:checkInconsistentAppendEntries(1322)) - omNode-1@group-523986131536: Failed appendEntries as previous log entry ((t:5, i:21)) is not found
2021-10-31 01:06:38,990 [grpc-default-executor-8] INFO  server.RaftServer$Division (RaftServerImpl.java:checkInconsistentAppendEntries(1288)) - omNode-1@group-523986131536: inconsistency entries. Reply:omNode-3<-omNode-1#4329:FAIL-t5,INCONSISTENCY,nextIndex=12,followerCommit=11
2021-10-31 01:06:38,991 [grpc-default-executor-8] INFO  leader.FollowerInfo (FollowerInfoImpl.java:lambda$new$0(47)) - omNode-3@group-523986131536->omNode-1: nextIndex: updateUnconditionally 22 -> 12
2021-10-31 01:06:39,492 [grpc-default-executor-8] INFO  server.RaftServer$Division (RaftServerImpl.java:checkInconsistentAppendEntries(1322)) - omNode-1@group-523986131536: Failed appendEntries as previous log entry ((t:5, i:21)) is not found
2021-10-31 01:06:39,492 [grpc-default-executor-8] INFO  server.RaftServer$Division (RaftServerImpl.java:checkInconsistentAppendEntries(1288)) - omNode-1@group-523986131536: inconsistency entries. Reply:omNode-3<-omNode-1#4380:FAIL-t5,INCONSISTENCY,nextIndex=12,followerCommit=11
2021-10-31 01:06:39,492 [grpc-default-executor-8] INFO  leader.FollowerInfo (FollowerInfoImpl.java:lambda$new$0(47)) - omNode-3@group-523986131536->omNode-1: nextIndex: updateUnconditionally 22 -> 12
2021-10-31 01:06:39,993 [grpc-default-executor-8] INFO  server.RaftServer$Division (RaftServerImpl.java:checkInconsistentAppendEntries(1322)) - omNode-1@group-523986131536: Failed appendEntries as previous log entry ((t:5, i:21)) is not found
2021-10-31 01:06:39,993 [grpc-default-executor-8] INFO  server.RaftServer$Division (RaftServerImpl.java:checkInconsistentAppendEntries(1288)) - omNode-1@group-523986131536: inconsistency entries. Reply:omNode-3<-omNode-1#4431:FAIL-t5,INCONSISTENCY,nextIndex=12,followerCommit=11
2021-10-31 01:06:39,994 [grpc-default-executor-8] INFO  leader.FollowerInfo (FollowerInfoImpl.java:lambda$new$0(47)) - omNode-3@group-523986131536->omNode-1: nextIndex: updateUnconditionally 22 -> 12
2021-10-31 01:06:40,495 [grpc-default-executor-6] INFO  server.RaftServer$Division (RaftServerImpl.java:checkInconsistentAppendEntries(1322)) - omNode-1@group-523986131536: Failed appendEntries as previous log entry ((t:5, i:21)) is not found
2021-10-31 01:06:40,495 [grpc-default-executor-6] INFO  server.RaftServer$Division (RaftServerImpl.java:checkInconsistentAppendEntries(1288)) - omNode-1@group-523986131536: inconsistency entries. Reply:omNode-3<-omNode-1#4482:FAIL-t5,INCONSISTENCY,nextIndex=12,followerCommit=11
2021-10-31 01:06:40,496 [grpc-default-executor-6] INFO  leader.FollowerInfo (FollowerInfoImpl.java:lambda$new$0(47)) - omNode-3@group-523986131536->omNode-1: nextIndex: updateUnconditionally 22 -> 12
2021-10-31 01:06:40,997 [grpc-default-executor-8] INFO  server.RaftServer$Division (RaftServerImpl.java:checkInconsistentAppendEntries(1322)) - omNode-1@group-523986131536: Failed appendEntries as previous log entry ((t:5, i:21)) is not found
2021-10-31 01:06:40,997 [grpc-default-executor-8] INFO  server.RaftServer$Division (RaftServerImpl.java:checkInconsistentAppendEntries(1288)) - omNode-1@group-523986131536: inconsistency entries. Reply:omNode-3<-omNode-1#4533:FAIL-t5,INCONSISTENCY,nextIndex=12,followerCommit=11
2021-10-31 01:06:40,997 [grpc-default-executor-6] INFO  leader.FollowerInfo (FollowerInfoImpl.java:lambda$new$0(47)) - omNode-3@group-523986131536->omNode-1: nextIndex: updateUnconditionally 22 -> 12
2021-10-31 01:06:41,499 [grpc-default-executor-8] INFO  server.RaftServer$Division (RaftServerImpl.java:checkInconsistentAppendEntries(1322)) - omNode-1@group-523986131536: Failed appendEntries as previous log entry ((t:5, i:21)) is not found
2021-10-31 01:06:41,499 [grpc-default-executor-8] INFO  server.RaftServer$Division (RaftServerImpl.java:checkInconsistentAppendEntries(1288)) - omNode-1@group-523986131536: inconsistency entries. Reply:omNode-3<-omNode-1#4584:FAIL-t5,INCONSISTENCY,nextIndex=12,followerCommit=11
2021-10-31 01:06:41,499 [grpc-default-executor-8] INFO  leader.FollowerInfo (FollowerInfoImpl.java:lambda$new$0(47)) - omNode-3@group-523986131536->omNode-1: nextIndex: updateUnconditionally 22 -> 12
2021-10-31 01:06:42,000 [grpc-default-executor-2] INFO  server.RaftServer$Division (RaftServerImpl.java:checkInconsistentAppendEntries(1322)) - omNode-1@group-523986131536: Failed appendEntries as previous log entry ((t:5, i:21)) is not found
2021-10-31 01:06:42,000 [grpc-default-executor-2] INFO  server.RaftServer$Division (RaftServerImpl.java:checkInconsistentAppendEntries(1288)) - omNode-1@group-523986131536: inconsistency entries. Reply:omNode-3<-omNode-1#4635:FAIL-t5,INCONSISTENCY,nextIndex=12,followerCommit=11
2021-10-31 01:06:42,001 [grpc-default-executor-2] INFO  leader.FollowerInfo (FollowerInfoImpl.java:lambda$new$0(47)) - omNode-3@group-523986131536->omNode-1: nextIndex: updateUnconditionally 22 -> 12
2021-10-31 01:06:42,502 [grpc-default-executor-8] INFO  server.RaftServer$Division (RaftServerImpl.java:checkInconsistentAppendEntries(1322)) - omNode-1@group-523986131536: Failed appendEntries as previous log entry ((t:5, i:21)) is not found
2021-10-31 01:06:42,503 [grpc-default-executor-8] INFO  server.RaftServer$Division (RaftServerImpl.java:checkInconsistentAppendEntries(1288)) - omNode-1@group-523986131536: inconsistency entries. Reply:omNode-3<-omNode-1#4686:FAIL-t5,INCONSISTENCY,nextIndex=12,followerCommit=11
2021-10-31 01:06:42,503 [grpc-default-executor-8] INFO  leader.FollowerInfo (FollowerInfoImpl.java:lambda$new$0(47)) - omNode-3@group-523986131536->omNode-1: nextIndex: updateUnconditionally 22 -> 12
2021-10-31 01:06:43,004 [grpc-default-executor-2] INFO  server.RaftServer$Division (RaftServerImpl.java:checkInconsistentAppendEntries(1322)) - omNode-1@group-523986131536: Failed appendEntries as previous log entry ((t:5, i:21)) is not found
2021-10-31 01:06:43,004 [grpc-default-executor-2] INFO  server.RaftServer$Division (RaftServerImpl.java:checkInconsistentAppendEntries(1288)) - omNode-1@group-523986131536: inconsistency entries. Reply:omNode-3<-omNode-1#4737:FAIL-t5,INCONSISTENCY,nextIndex=12,followerCommit=11
2021-10-31 01:06:43,005 [grpc-default-executor-2] INFO  leader.FollowerInfo (FollowerInfoImpl.java:lambda$new$0(47)) - omNode-3@group-523986131536->omNode-1: nextIndex: updateUnconditionally 22 -> 12
2021-10-31 01:06:43,507 [grpc-default-executor-8] INFO  server.RaftServer$Division (RaftServerImpl.java:checkInconsistentAppendEntries(1322)) - omNode-1@group-523986131536: Failed appendEntries as previous log entry ((t:5, i:21)) is not found
2021-10-31 01:06:43,507 [grpc-default-executor-8] INFO  server.RaftServer$Division (RaftServerImpl.java:checkInconsistentAppendEntries(1288)) - omNode-1@group-523986131536: inconsistency entries. Reply:omNode-3<-omNode-1#4788:FAIL-t5,INCONSISTENCY,nextIndex=12,followerCommit=11
2021-10-31 01:06:43,507 [grpc-default-executor-8] INFO  leader.FollowerInfo (FollowerInfoImpl.java:lambda$new$0(47)) - omNode-3@group-523986131536->omNode-1: nextIndex: updateUnconditionally 22 -> 12
2021-10-31 01:06:44,009 [grpc-default-executor-2] INFO  server.RaftServer$Division (RaftServerImpl.java:checkInconsistentAppendEntries(1322)) - omNode-1@group-523986131536: Failed appendEntries as previous log entry ((t:5, i:21)) is not found
2021-10-31 01:06:44,009 [grpc-default-executor-2] INFO  server.RaftServer$Division (RaftServerImpl.java:checkInconsistentAppendEntries(1288)) - omNode-1@group-523986131536: inconsistency entries. Reply:omNode-3<-omNode-1#4839:FAIL-t5,INCONSISTENCY,nextIndex=12,followerCommit=11
2021-10-31 01:06:44,009 [grpc-default-executor-2] INFO  leader.FollowerInfo (FollowerInfoImpl.java:lambda$new$0(47)) - omNode-3@group-523986131536->omNode-1: nextIndex: updateUnconditionally 22 -> 12
2021-10-31 01:06:44,511 [grpc-default-executor-2] INFO  server.RaftServer$Division (RaftServerImpl.java:checkInconsistentAppendEntries(1322)) - omNode-1@group-523986131536: Failed appendEntries as previous log entry ((t:5, i:21)) is not found
2021-10-31 01:06:44,511 [grpc-default-executor-2] INFO  server.RaftServer$Division (RaftServerImpl.java:checkInconsistentAppendEntries(1288)) - omNode-1@group-523986131536: inconsistency entries. Reply:omNode-3<-omNode-1#4890:FAIL-t5,INCONSISTENCY,nextIndex=12,followerCommit=11
2021-10-31 01:06:44,512 [grpc-default-executor-8] INFO  leader.FollowerInfo (FollowerInfoImpl.java:lambda$new$0(47)) - omNode-3@group-523986131536->omNode-1: nextIndex: updateUnconditionally 22 -> 12
2021-10-31 01:06:45,013 [grpc-default-executor-8] INFO  server.RaftServer$Division (RaftServerImpl.java:checkInconsistentAppendEntries(1322)) - omNode-1@group-523986131536: Failed appendEntries as previous log entry ((t:5, i:21)) is not found
2021-10-31 01:06:45,014 [grpc-default-executor-8] INFO  server.RaftServer$Division (RaftServerImpl.java:checkInconsistentAppendEntries(1288)) - omNode-1@group-523986131536: inconsistency entries. Reply:omNode-3<-omNode-1#4940:FAIL-t5,INCONSISTENCY,nextIndex=12,followerCommit=11
2021-10-31 01:06:45,014 [grpc-default-executor-2] INFO  leader.FollowerInfo (FollowerInfoImpl.java:lambda$new$0(47)) - omNode-3@group-523986131536->omNode-1: nextIndex: updateUnconditionally 22 -> 12
2021-10-31 01:06:45,516 [grpc-default-executor-8] INFO  server.RaftServer$Division (RaftServerImpl.java:checkInconsistentAppendEntries(1322)) - omNode-1@group-523986131536: Failed appendEntries as previous log entry ((t:5, i:21)) is not found
2021-10-31 01:06:45,516 [grpc-default-executor-8] INFO  server.RaftServer$Division (RaftServerImpl.java:checkInconsistentAppendEntries(1288)) - omNode-1@group-523986131536: inconsistency entries. Reply:omNode-3<-omNode-1#4991:FAIL-t5,INCONSISTENCY,nextIndex=12,followerCommit=11
2021-10-31 01:06:45,516 [grpc-default-executor-8] INFO  leader.FollowerInfo (FollowerInfoImpl.java:lambda$new$0(47)) - omNode-3@group-523986131536->omNode-1: nextIndex: updateUnconditionally 22 -> 12
2021-10-31 01:06:46,019 [grpc-default-executor-8] INFO  server.RaftServer$Division (RaftServerImpl.java:checkInconsistentAppendEntries(1322)) - omNode-1@group-523986131536: Failed appendEntries as previous log entry ((t:5, i:21)) is not found
2021-10-31 01:06:46,019 [grpc-default-executor-8] INFO  server.RaftServer$Division (RaftServerImpl.java:checkInconsistentAppendEntries(1288)) - omNode-1@group-523986131536: inconsistency entries. Reply:omNode-3<-omNode-1#5042:FAIL-t5,INCONSISTENCY,nextIndex=12,followerCommit=11
2021-10-31 01:06:46,020 [grpc-default-executor-8] INFO  leader.FollowerInfo (FollowerInfoImpl.java:lambda$new$0(47)) - omNode-3@group-523986131536->omNode-1: nextIndex: updateUnconditionally 22 -> 12
2021-10-31 01:06:46,522 [grpc-default-executor-2] INFO  server.RaftServer$Division (RaftServerImpl.java:checkInconsistentAppendEntries(1322)) - omNode-1@group-523986131536: Failed appendEntries as previous log entry ((t:5, i:21)) is not found
2021-10-31 01:06:46,522 [grpc-default-executor-2] INFO  server.RaftServer$Division (RaftServerImpl.java:checkInconsistentAppendEntries(1288)) - omNode-1@group-523986131536: inconsistency entries. Reply:omNode-3<-omNode-1#5093:FAIL-t5,INCONSISTENCY,nextIndex=12,followerCommit=11
2021-10-31 01:06:46,522 [grpc-default-executor-2] INFO  leader.FollowerInfo (FollowerInfoImpl.java:lambda$new$0(47)) - omNode-3@group-523986131536->omNode-1: nextIndex: updateUnconditionally 22 -> 12
2021-10-31 01:06:47,024 [grpc-default-executor-8] INFO  server.RaftServer$Division (RaftServerImpl.java:checkInconsistentAppendEntries(1322)) - omNode-1@group-523986131536: Failed appendEntries as previous log entry ((t:5, i:21)) is not found
2021-10-31 01:06:47,024 [grpc-default-executor-8] INFO  server.RaftServer$Division (RaftServerImpl.java:checkInconsistentAppendEntries(1288)) - omNode-1@group-523986131536: inconsistency entries. Reply:omNode-3<-omNode-1#5144:FAIL-t5,INCONSISTENCY,nextIndex=12,followerCommit=11
2021-10-31 01:06:47,024 [grpc-default-executor-2] INFO  leader.FollowerInfo (FollowerInfoImpl.java:lambda$new$0(47)) - omNode-3@group-523986131536->omNode-1: nextIndex: updateUnconditionally 22 -> 12
2021-10-31 01:06:47,526 [grpc-default-executor-2] INFO  server.RaftServer$Division (RaftServerImpl.java:checkInconsistentAppendEntries(1322)) - omNode-1@group-523986131536: Failed appendEntries as previous log entry ((t:5, i:21)) is not found
2021-10-31 01:06:47,526 [grpc-default-executor-2] INFO  server.RaftServer$Division (RaftServerImpl.java:checkInconsistentAppendEntries(1288)) - omNode-1@group-523986131536: inconsistency entries. Reply:omNode-3<-omNode-1#5195:FAIL-t5,INCONSISTENCY,nextIndex=12,followerCommit=11
2021-10-31 01:06:47,527 [grpc-default-executor-2] INFO  leader.FollowerInfo (FollowerInfoImpl.java:lambda$new$0(47)) - omNode-3@group-523986131536->omNode-1: nextIndex: updateUnconditionally 22 -> 12
2021-10-31 01:06:48,028 [grpc-default-executor-2] INFO  server.RaftServer$Division (RaftServerImpl.java:checkInconsistentAppendEntries(1322)) - omNode-1@group-523986131536: Failed appendEntries as previous log entry ((t:5, i:21)) is not found
2021-10-31 01:06:48,029 [grpc-default-executor-2] INFO  server.RaftServer$Division (RaftServerImpl.java:checkInconsistentAppendEntries(1288)) - omNode-1@group-523986131536: inconsistency entries. Reply:omNode-3<-omNode-1#5246:FAIL-t5,INCONSISTENCY,nextIndex=12,followerCommit=11
2021-10-31 01:06:48,029 [grpc-default-executor-2] INFO  leader.FollowerInfo (FollowerInfoImpl.java:lambda$new$0(47)) - omNode-3@group-523986131536->omNode-1: nextIndex: updateUnconditionally 22 -> 12
2021-10-31 01:06:48,531 [grpc-default-executor-2] INFO  server.RaftServer$Division (RaftServerImpl.java:checkInconsistentAppendEntries(1322)) - omNode-1@group-523986131536: Failed appendEntries as previous log entry ((t:5, i:21)) is not found
2021-10-31 01:06:48,531 [grpc-default-executor-2] INFO  server.RaftServer$Division (RaftServerImpl.java:checkInconsistentAppendEntries(1288)) - omNode-1@group-523986131536: inconsistency entries. Reply:omNode-3<-omNode-1#5297:FAIL-t5,INCONSISTENCY,nextIndex=12,followerCommit=11
2021-10-31 01:06:48,531 [grpc-default-executor-2] INFO  leader.FollowerInfo (FollowerInfoImpl.java:lambda$new$0(47)) - omNode-3@group-523986131536->omNode-1: nextIndex: updateUnconditionally 22 -> 12
2021-10-31 01:06:49,033 [grpc-default-executor-8] INFO  server.RaftServer$Division (RaftServerImpl.java:checkInconsistentAppendEntries(1322)) - omNode-1@group-523986131536: Failed appendEntries as previous log entry ((t:5, i:21)) is not found
2021-10-31 01:06:49,033 [grpc-default-executor-8] INFO  server.RaftServer$Division (RaftServerImpl.java:checkInconsistentAppendEntries(1288)) - omNode-1@group-523986131536: inconsistency entries. Reply:omNode-3<-omNode-1#5348:FAIL-t5,INCONSISTENCY,nextIndex=12,followerCommit=11
2021-10-31 01:06:49,033 [grpc-default-executor-8] INFO  leader.FollowerInfo (FollowerInfoImpl.java:lambda$new$0(47)) - omNode-3@group-523986131536->omNode-1: nextIndex: updateUnconditionally 22 -> 12
2021-10-31 01:06:49,534 [grpc-default-executor-8] INFO  server.RaftServer$Division (RaftServerImpl.java:checkInconsistentAppendEntries(1322)) - omNode-1@group-523986131536: Failed appendEntries as previous log entry ((t:5, i:21)) is not found
2021-10-31 01:06:49,535 [grpc-default-executor-8] INFO  server.RaftServer$Division (RaftServerImpl.java:checkInconsistentAppendEntries(1288)) - omNode-1@group-523986131536: inconsistency entries. Reply:omNode-3<-omNode-1#5399:FAIL-t5,INCONSISTENCY,nextIndex=12,followerCommit=11
2021-10-31 01:06:49,535 [grpc-default-executor-8] INFO  leader.FollowerInfo (FollowerInfoImpl.java:lambda$new$0(47)) - omNode-3@group-523986131536->omNode-1: nextIndex: updateUnconditionally 22 -> 12
2021-10-31 01:06:50,036 [grpc-default-executor-8] INFO  server.RaftServer$Division (RaftServerImpl.java:checkInconsistentAppendEntries(1322)) - omNode-1@group-523986131536: Failed appendEntries as previous log entry ((t:5, i:21)) is not found
2021-10-31 01:06:50,036 [grpc-default-executor-8] INFO  server.RaftServer$Division (RaftServerImpl.java:checkInconsistentAppendEntries(1288)) - omNode-1@group-523986131536: inconsistency entries. Reply:omNode-3<-omNode-1#5450:FAIL-t5,INCONSISTENCY,nextIndex=12,followerCommit=11
2021-10-31 01:06:50,037 [grpc-default-executor-8] INFO  leader.FollowerInfo (FollowerInfoImpl.java:lambda$new$0(47)) - omNode-3@group-523986131536->omNode-1: nextIndex: updateUnconditionally 22 -> 12
2021-10-31 01:06:50,539 [grpc-default-executor-8] INFO  server.RaftServer$Division (RaftServerImpl.java:checkInconsistentAppendEntries(1322)) - omNode-1@group-523986131536: Failed appendEntries as previous log entry ((t:5, i:21)) is not found
2021-10-31 01:06:50,539 [grpc-default-executor-8] INFO  server.RaftServer$Division (RaftServerImpl.java:checkInconsistentAppendEntries(1288)) - omNode-1@group-523986131536: inconsistency entries. Reply:omNode-3<-omNode-1#5501:FAIL-t5,INCONSISTENCY,nextIndex=12,followerCommit=11
2021-10-31 01:06:50,539 [grpc-default-executor-8] INFO  leader.FollowerInfo (FollowerInfoImpl.java:lambda$new$0(47)) - omNode-3@group-523986131536->omNode-1: nextIndex: updateUnconditionally 22 -> 12
2021-10-31 01:06:51,041 [grpc-default-executor-8] INFO  server.RaftServer$Division (RaftServerImpl.java:checkInconsistentAppendEntries(1322)) - omNode-1@group-523986131536: Failed appendEntries as previous log entry ((t:5, i:21)) is not found
2021-10-31 01:06:51,041 [grpc-default-executor-8] INFO  server.RaftServer$Division (RaftServerImpl.java:checkInconsistentAppendEntries(1288)) - omNode-1@group-523986131536: inconsistency entries. Reply:omNode-3<-omNode-1#5552:FAIL-t5,INCONSISTENCY,nextIndex=12,followerCommit=11
2021-10-31 01:06:51,042 [grpc-default-executor-2] INFO  leader.FollowerInfo (FollowerInfoImpl.java:lambda$new$0(47)) - omNode-3@group-523986131536->omNode-1: nextIndex: updateUnconditionally 22 -> 12
2021-10-31 01:06:51,544 [grpc-default-executor-2] INFO  server.RaftServer$Division (RaftServerImpl.java:checkInconsistentAppendEntries(1322)) - omNode-1@group-523986131536: Failed appendEntries as previous log entry ((t:5, i:21)) is not found
2021-10-31 01:06:51,544 [grpc-default-executor-2] INFO  server.RaftServer$Division (RaftServerImpl.java:checkInconsistentAppendEntries(1288)) - omNode-1@group-523986131536: inconsistency entries. Reply:omNode-3<-omNode-1#5603:FAIL-t5,INCONSISTENCY,nextIndex=12,followerCommit=11
2021-10-31 01:06:51,544 [grpc-default-executor-2] INFO  leader.FollowerInfo (FollowerInfoImpl.java:lambda$new$0(47)) - omNode-3@group-523986131536->omNode-1: nextIndex: updateUnconditionally 22 -> 12
2021-10-31 01:06:52,046 [grpc-default-executor-6] INFO  server.RaftServer$Division (RaftServerImpl.java:checkInconsistentAppendEntries(1322)) - omNode-1@group-523986131536: Failed appendEntries as previous log entry ((t:5, i:21)) is not found
2021-10-31 01:06:52,046 [grpc-default-executor-6] INFO  server.RaftServer$Division (RaftServerImpl.java:checkInconsistentAppendEntries(1288)) - omNode-1@group-523986131536: inconsistency entries. Reply:omNode-3<-omNode-1#5654:FAIL-t5,INCONSISTENCY,nextIndex=12,followerCommit=11
2021-10-31 01:06:52,046 [grpc-default-executor-6] INFO  leader.FollowerInfo (FollowerInfoImpl.java:lambda$new$0(47)) - omNode-3@group-523986131536->omNode-1: nextIndex: updateUnconditionally 22 -> 12
2021-10-31 01:06:52,548 [grpc-default-executor-8] INFO  server.RaftServer$Division (RaftServerImpl.java:checkInconsistentAppendEntries(1322)) - omNode-1@group-523986131536: Failed appendEntries as previous log entry ((t:5, i:21)) is not found
2021-10-31 01:06:52,548 [grpc-default-executor-8] INFO  server.RaftServer$Division (RaftServerImpl.java:checkInconsistentAppendEntries(1288)) - omNode-1@group-523986131536: inconsistency entries. Reply:omNode-3<-omNode-1#5705:FAIL-t5,INCONSISTENCY,nextIndex=12,followerCommit=11
2021-10-31 01:06:52,549 [grpc-default-executor-6] INFO  leader.FollowerInfo (FollowerInfoImpl.java:lambda$new$0(47)) - omNode-3@group-523986131536->omNode-1: nextIndex: updateUnconditionally 22 -> 12
2021-10-31 01:06:53,050 [grpc-default-executor-8] INFO  server.RaftServer$Division (RaftServerImpl.java:checkInconsistentAppendEntries(1322)) - omNode-1@group-523986131536: Failed appendEntries as previous log entry ((t:5, i:21)) is not found
2021-10-31 01:06:53,050 [grpc-default-executor-8] INFO  server.RaftServer$Division (RaftServerImpl.java:checkInconsistentAppendEntries(1288)) - omNode-1@group-523986131536: inconsistency entries. Reply:omNode-3<-omNode-1#5756:FAIL-t5,INCONSISTENCY,nextIndex=12,followerCommit=11
2021-10-31 01:06:53,052 [grpc-default-executor-8] INFO  leader.FollowerInfo (FollowerInfoImpl.java:lambda$new$0(47)) - omNode-3@group-523986131536->omNode-1: nextIndex: updateUnconditionally 22 -> 12
2021-10-31 01:06:53,554 [grpc-default-executor-8] INFO  server.RaftServer$Division (RaftServerImpl.java:checkInconsistentAppendEntries(1322)) - omNode-1@group-523986131536: Failed appendEntries as previous log entry ((t:5, i:21)) is not found
2021-10-31 01:06:53,554 [grpc-default-executor-8] INFO  server.RaftServer$Division (RaftServerImpl.java:checkInconsistentAppendEntries(1288)) - omNode-1@group-523986131536: inconsistency entries. Reply:omNode-3<-omNode-1#5807:FAIL-t5,INCONSISTENCY,nextIndex=12,followerCommit=11
2021-10-31 01:06:53,554 [grpc-default-executor-8] INFO  leader.FollowerInfo (FollowerInfoImpl.java:lambda$new$0(47)) - omNode-3@group-523986131536->omNode-1: nextIndex: updateUnconditionally 22 -> 12
2021-10-31 01:06:54,056 [grpc-default-executor-6] INFO  server.RaftServer$Division (RaftServerImpl.java:checkInconsistentAppendEntries(1322)) - omNode-1@group-523986131536: Failed appendEntries as previous log entry ((t:5, i:21)) is not found
2021-10-31 01:06:54,056 [grpc-default-executor-6] INFO  server.RaftServer$Division (RaftServerImpl.java:checkInconsistentAppendEntries(1288)) - omNode-1@group-523986131536: inconsistency entries. Reply:omNode-3<-omNode-1#5858:FAIL-t5,INCONSISTENCY,nextIndex=12,followerCommit=11
2021-10-31 01:06:54,056 [grpc-default-executor-6] INFO  leader.FollowerInfo (FollowerInfoImpl.java:lambda$new$0(47)) - omNode-3@group-523986131536->omNode-1: nextIndex: updateUnconditionally 22 -> 12
2021-10-31 01:06:54,558 [grpc-default-executor-8] INFO  server.RaftServer$Division (RaftServerImpl.java:checkInconsistentAppendEntries(1322)) - omNode-1@group-523986131536: Failed appendEntries as previous log entry ((t:5, i:21)) is not found
2021-10-31 01:06:54,558 [grpc-default-executor-8] INFO  server.RaftServer$Division (RaftServerImpl.java:checkInconsistentAppendEntries(1288)) - omNode-1@group-523986131536: inconsistency entries. Reply:omNode-3<-omNode-1#5909:FAIL-t5,INCONSISTENCY,nextIndex=12,followerCommit=11
2021-10-31 01:06:54,558 [grpc-default-executor-8] INFO  leader.FollowerInfo (FollowerInfoImpl.java:lambda$new$0(47)) - omNode-3@group-523986131536->omNode-1: nextIndex: updateUnconditionally 22 -> 12
2021-10-31 01:06:55,062 [grpc-default-executor-8] INFO  server.RaftServer$Division (RaftServerImpl.java:checkInconsistentAppendEntries(1322)) - omNode-1@group-523986131536: Failed appendEntries as previous log entry ((t:5, i:21)) is not found
2021-10-31 01:06:55,062 [grpc-default-executor-8] INFO  server.RaftServer$Division (RaftServerImpl.java:checkInconsistentAppendEntries(1288)) - omNode-1@group-523986131536: inconsistency entries. Reply:omNode-3<-omNode-1#5960:FAIL-t5,INCONSISTENCY,nextIndex=12,followerCommit=11
2021-10-31 01:06:55,063 [grpc-default-executor-8] INFO  leader.FollowerInfo (FollowerInfoImpl.java:lambda$new$0(47)) - omNode-3@group-523986131536->omNode-1: nextIndex: updateUnconditionally 22 -> 12
2021-10-31 01:06:55,564 [grpc-default-executor-6] INFO  server.RaftServer$Division (RaftServerImpl.java:checkInconsistentAppendEntries(1322)) - omNode-1@group-523986131536: Failed appendEntries as previous log entry ((t:5, i:21)) is not found
2021-10-31 01:06:55,565 [grpc-default-executor-6] INFO  server.RaftServer$Division (RaftServerImpl.java:checkInconsistentAppendEntries(1288)) - omNode-1@group-523986131536: inconsistency entries. Reply:omNode-3<-omNode-1#6011:FAIL-t5,INCONSISTENCY,nextIndex=12,followerCommit=11
2021-10-31 01:06:55,565 [grpc-default-executor-6] INFO  leader.FollowerInfo (FollowerInfoImpl.java:lambda$new$0(47)) - omNode-3@group-523986131536->omNode-1: nextIndex: updateUnconditionally 22 -> 12
2021-10-31 01:06:56,067 [grpc-default-executor-6] INFO  server.RaftServer$Division (RaftServerImpl.java:checkInconsistentAppendEntries(1322)) - omNode-1@group-523986131536: Failed appendEntries as previous log entry ((t:5, i:21)) is not found
2021-10-31 01:06:56,067 [grpc-default-executor-6] INFO  server.RaftServer$Division (RaftServerImpl.java:checkInconsistentAppendEntries(1288)) - omNode-1@group-523986131536: inconsistency entries. Reply:omNode-3<-omNode-1#6062:FAIL-t5,INCONSISTENCY,nextIndex=12,followerCommit=11
2021-10-31 01:06:56,068 [grpc-default-executor-6] INFO  leader.FollowerInfo (FollowerInfoImpl.java:lambda$new$0(47)) - omNode-3@group-523986131536->omNode-1: nextIndex: updateUnconditionally 22 -> 12
2021-10-31 01:06:56,569 [grpc-default-executor-6] INFO  server.RaftServer$Division (RaftServerImpl.java:checkInconsistentAppendEntries(1322)) - omNode-1@group-523986131536: Failed appendEntries as previous log entry ((t:5, i:21)) is not found
2021-10-31 01:06:56,569 [grpc-default-executor-6] INFO  server.RaftServer$Division (RaftServerImpl.java:checkInconsistentAppendEntries(1288)) - omNode-1@group-523986131536: inconsistency entries. Reply:omNode-3<-omNode-1#6113:FAIL-t5,INCONSISTENCY,nextIndex=12,followerCommit=11
2021-10-31 01:06:56,570 [grpc-default-executor-6] INFO  leader.FollowerInfo (FollowerInfoImpl.java:lambda$new$0(47)) - omNode-3@group-523986131536->omNode-1: nextIndex: updateUnconditionally 22 -> 12
2021-10-31 01:06:57,071 [grpc-default-executor-8] INFO  server.RaftServer$Division (RaftServerImpl.java:checkInconsistentAppendEntries(1322)) - omNode-1@group-523986131536: Failed appendEntries as previous log entry ((t:5, i:21)) is not found
2021-10-31 01:06:57,071 [grpc-default-executor-8] INFO  server.RaftServer$Division (RaftServerImpl.java:checkInconsistentAppendEntries(1288)) - omNode-1@group-523986131536: inconsistency entries. Reply:omNode-3<-omNode-1#6164:FAIL-t5,INCONSISTENCY,nextIndex=12,followerCommit=11
2021-10-31 01:06:57,072 [grpc-default-executor-6] INFO  leader.FollowerInfo (FollowerInfoImpl.java:lambda$new$0(47)) - omNode-3@group-523986131536->omNode-1: nextIndex: updateUnconditionally 22 -> 12
2021-10-31 01:06:57,573 [grpc-default-executor-6] INFO  server.RaftServer$Division (RaftServerImpl.java:checkInconsistentAppendEntries(1322)) - omNode-1@group-523986131536: Failed appendEntries as previous log entry ((t:5, i:21)) is not found
2021-10-31 01:06:57,574 [grpc-default-executor-6] INFO  server.RaftServer$Division (RaftServerImpl.java:checkInconsistentAppendEntries(1288)) - omNode-1@group-523986131536: inconsistency entries. Reply:omNode-3<-omNode-1#6215:FAIL-t5,INCONSISTENCY,nextIndex=12,followerCommit=11
2021-10-31 01:06:57,574 [grpc-default-executor-6] INFO  leader.FollowerInfo (FollowerInfoImpl.java:lambda$new$0(47)) - omNode-3@group-523986131536->omNode-1: nextIndex: updateUnconditionally 22 -> 12
2021-10-31 01:06:58,075 [grpc-default-executor-8] INFO  server.RaftServer$Division (RaftServerImpl.java:checkInconsistentAppendEntries(1322)) - omNode-1@group-523986131536: Failed appendEntries as previous log entry ((t:5, i:21)) is not found
2021-10-31 01:06:58,076 [grpc-default-executor-8] INFO  server.RaftServer$Division (RaftServerImpl.java:checkInconsistentAppendEntries(1288)) - omNode-1@group-523986131536: inconsistency entries. Reply:omNode-3<-omNode-1#6266:FAIL-t5,INCONSISTENCY,nextIndex=12,followerCommit=11
2021-10-31 01:06:58,076 [grpc-default-executor-6] INFO  leader.FollowerInfo (FollowerInfoImpl.java:lambda$new$0(47)) - omNode-3@group-523986131536->omNode-1: nextIndex: updateUnconditionally 22 -> 12
2021-10-31 01:06:58,577 [grpc-default-executor-8] INFO  server.RaftServer$Division (RaftServerImpl.java:checkInconsistentAppendEntries(1322)) - omNode-1@group-523986131536: Failed appendEntries as previous log entry ((t:5, i:21)) is not found
2021-10-31 01:06:58,577 [grpc-default-executor-8] INFO  server.RaftServer$Division (RaftServerImpl.java:checkInconsistentAppendEntries(1288)) - omNode-1@group-523986131536: inconsistency entries. Reply:omNode-3<-omNode-1#6317:FAIL-t5,INCONSISTENCY,nextIndex=12,followerCommit=11
2021-10-31 01:06:58,577 [grpc-default-executor-8] INFO  leader.FollowerInfo (FollowerInfoImpl.java:lambda$new$0(47)) - omNode-3@group-523986131536->omNode-1: nextIndex: updateUnconditionally 22 -> 12
2021-10-31 01:06:59,079 [grpc-default-executor-6] INFO  server.RaftServer$Division (RaftServerImpl.java:checkInconsistentAppendEntries(1322)) - omNode-1@group-523986131536: Failed appendEntries as previous log entry ((t:5, i:21)) is not found
2021-10-31 01:06:59,079 [grpc-default-executor-6] INFO  server.RaftServer$Division (RaftServerImpl.java:checkInconsistentAppendEntries(1288)) - omNode-1@group-523986131536: inconsistency entries. Reply:omNode-3<-omNode-1#6368:FAIL-t5,INCONSISTENCY,nextIndex=12,followerCommit=11
2021-10-31 01:06:59,080 [grpc-default-executor-6] INFO  leader.FollowerInfo (FollowerInfoImpl.java:lambda$new$0(47)) - omNode-3@group-523986131536->omNode-1: nextIndex: updateUnconditionally 22 -> 12
2021-10-31 01:06:59,581 [grpc-default-executor-8] INFO  server.RaftServer$Division (RaftServerImpl.java:checkInconsistentAppendEntries(1322)) - omNode-1@group-523986131536: Failed appendEntries as previous log entry ((t:5, i:21)) is not found
2021-10-31 01:06:59,581 [grpc-default-executor-8] INFO  server.RaftServer$Division (RaftServerImpl.java:checkInconsistentAppendEntries(1288)) - omNode-1@group-523986131536: inconsistency entries. Reply:omNode-3<-omNode-1#6419:FAIL-t5,INCONSISTENCY,nextIndex=12,followerCommit=11
2021-10-31 01:06:59,581 [grpc-default-executor-6] INFO  leader.FollowerInfo (FollowerInfoImpl.java:lambda$new$0(47)) - omNode-3@group-523986131536->omNode-1: nextIndex: updateUnconditionally 22 -> 12
2021-10-31 01:07:00,083 [grpc-default-executor-6] INFO  server.RaftServer$Division (RaftServerImpl.java:checkInconsistentAppendEntries(1322)) - omNode-1@group-523986131536: Failed appendEntries as previous log entry ((t:5, i:21)) is not found
2021-10-31 01:07:00,083 [grpc-default-executor-6] INFO  server.RaftServer$Division (RaftServerImpl.java:checkInconsistentAppendEntries(1288)) - omNode-1@group-523986131536: inconsistency entries. Reply:omNode-3<-omNode-1#6470:FAIL-t5,INCONSISTENCY,nextIndex=12,followerCommit=11
2021-10-31 01:07:00,083 [grpc-default-executor-6] INFO  leader.FollowerInfo (FollowerInfoImpl.java:lambda$new$0(47)) - omNode-3@group-523986131536->omNode-1: nextIndex: updateUnconditionally 22 -> 12
2021-10-31 01:07:00,585 [grpc-default-executor-6] INFO  server.RaftServer$Division (RaftServerImpl.java:checkInconsistentAppendEntries(1322)) - omNode-1@group-523986131536: Failed appendEntries as previous log entry ((t:5, i:21)) is not found
2021-10-31 01:07:00,585 [grpc-default-executor-6] INFO  server.RaftServer$Division (RaftServerImpl.java:checkInconsistentAppendEntries(1288)) - omNode-1@group-523986131536: inconsistency entries. Reply:omNode-3<-omNode-1#6521:FAIL-t5,INCONSISTENCY,nextIndex=12,followerCommit=11
2021-10-31 01:07:00,586 [grpc-default-executor-6] INFO  leader.FollowerInfo (FollowerInfoImpl.java:lambda$new$0(47)) - omNode-3@group-523986131536->omNode-1: nextIndex: updateUnconditionally 22 -> 12
2021-10-31 01:07:01,087 [grpc-default-executor-6] INFO  server.RaftServer$Division (RaftServerImpl.java:checkInconsistentAppendEntries(1322)) - omNode-1@group-523986131536: Failed appendEntries as previous log entry ((t:5, i:21)) is not found
2021-10-31 01:07:01,087 [grpc-default-executor-6] INFO  server.RaftServer$Division (RaftServerImpl.java:checkInconsistentAppendEntries(1288)) - omNode-1@group-523986131536: inconsistency entries. Reply:omNode-3<-omNode-1#6572:FAIL-t5,INCONSISTENCY,nextIndex=12,followerCommit=11
2021-10-31 01:07:01,088 [grpc-default-executor-6] INFO  leader.FollowerInfo (FollowerInfoImpl.java:lambda$new$0(47)) - omNode-3@group-523986131536->omNode-1: nextIndex: updateUnconditionally 22 -> 12
2021-10-31 01:07:01,589 [grpc-default-executor-8] INFO  server.RaftServer$Division (RaftServerImpl.java:checkInconsistentAppendEntries(1322)) - omNode-1@group-523986131536: Failed appendEntries as previous log entry ((t:5, i:21)) is not found
2021-10-31 01:07:01,589 [grpc-default-executor-8] INFO  server.RaftServer$Division (RaftServerImpl.java:checkInconsistentAppendEntries(1288)) - omNode-1@group-523986131536: inconsistency entries. Reply:omNode-3<-omNode-1#6623:FAIL-t5,INCONSISTENCY,nextIndex=12,followerCommit=11
2021-10-31 01:07:01,590 [grpc-default-executor-8] INFO  leader.FollowerInfo (FollowerInfoImpl.java:lambda$new$0(47)) - omNode-3@group-523986131536->omNode-1: nextIndex: updateUnconditionally 22 -> 12
2021-10-31 01:07:02,090 [grpc-default-executor-6] INFO  server.RaftServer$Division (RaftServerImpl.java:checkInconsistentAppendEntries(1322)) - omNode-1@group-523986131536: Failed appendEntries as previous log entry ((t:5, i:21)) is not found
2021-10-31 01:07:02,091 [grpc-default-executor-6] INFO  server.RaftServer$Division (RaftServerImpl.java:checkInconsistentAppendEntries(1288)) - omNode-1@group-523986131536: inconsistency entries. Reply:omNode-3<-omNode-1#6674:FAIL-t5,INCONSISTENCY,nextIndex=12,followerCommit=11
2021-10-31 01:07:02,091 [grpc-default-executor-6] INFO  leader.FollowerInfo (FollowerInfoImpl.java:lambda$new$0(47)) - omNode-3@group-523986131536->omNode-1: nextIndex: updateUnconditionally 22 -> 12
2021-10-31 01:07:02,593 [grpc-default-executor-6] INFO  server.RaftServer$Division (RaftServerImpl.java:checkInconsistentAppendEntries(1322)) - omNode-1@group-523986131536: Failed appendEntries as previous log entry ((t:5, i:21)) is not found
2021-10-31 01:07:02,593 [grpc-default-executor-6] INFO  server.RaftServer$Division (RaftServerImpl.java:checkInconsistentAppendEntries(1288)) - omNode-1@group-523986131536: inconsistency entries. Reply:omNode-3<-omNode-1#6725:FAIL-t5,INCONSISTENCY,nextIndex=12,followerCommit=11
2021-10-31 01:07:02,593 [grpc-default-executor-6] INFO  leader.FollowerInfo (FollowerInfoImpl.java:lambda$new$0(47)) - omNode-3@group-523986131536->omNode-1: nextIndex: updateUnconditionally 22 -> 12
2021-10-31 01:07:03,094 [grpc-default-executor-6] INFO  server.RaftServer$Division (RaftServerImpl.java:checkInconsistentAppendEntries(1322)) - omNode-1@group-523986131536: Failed appendEntries as previous log entry ((t:5, i:21)) is not found
2021-10-31 01:07:03,094 [grpc-default-executor-6] INFO  server.RaftServer$Division (RaftServerImpl.java:checkInconsistentAppendEntries(1288)) - omNode-1@group-523986131536: inconsistency entries. Reply:omNode-3<-omNode-1#6776:FAIL-t5,INCONSISTENCY,nextIndex=12,followerCommit=11
2021-10-31 01:07:03,095 [grpc-default-executor-6] INFO  leader.FollowerInfo (FollowerInfoImpl.java:lambda$new$0(47)) - omNode-3@group-523986131536->omNode-1: nextIndex: updateUnconditionally 22 -> 12
2021-10-31 01:07:03,596 [grpc-default-executor-6] INFO  server.RaftServer$Division (RaftServerImpl.java:checkInconsistentAppendEntries(1322)) - omNode-1@group-523986131536: Failed appendEntries as previous log entry ((t:5, i:21)) is not found
2021-10-31 01:07:03,596 [grpc-default-executor-6] INFO  server.RaftServer$Division (RaftServerImpl.java:checkInconsistentAppendEntries(1288)) - omNode-1@group-523986131536: inconsistency entries. Reply:omNode-3<-omNode-1#6826:FAIL-t5,INCONSISTENCY,nextIndex=12,followerCommit=11
2021-10-31 01:07:03,597 [grpc-default-executor-8] INFO  leader.FollowerInfo (FollowerInfoImpl.java:lambda$new$0(47)) - omNode-3@group-523986131536->omNode-1: nextIndex: updateUnconditionally 22 -> 12
2021-10-31 01:07:04,098 [grpc-default-executor-8] INFO  server.RaftServer$Division (RaftServerImpl.java:checkInconsistentAppendEntries(1322)) - omNode-1@group-523986131536: Failed appendEntries as previous log entry ((t:5, i:21)) is not found
2021-10-31 01:07:04,099 [grpc-default-executor-8] INFO  server.RaftServer$Division (RaftServerImpl.java:checkInconsistentAppendEntries(1288)) - omNode-1@group-523986131536: inconsistency entries. Reply:omNode-3<-omNode-1#6877:FAIL-t5,INCONSISTENCY,nextIndex=12,followerCommit=11
2021-10-31 01:07:04,099 [grpc-default-executor-8] INFO  leader.FollowerInfo (FollowerInfoImpl.java:lambda$new$0(47)) - omNode-3@group-523986131536->omNode-1: nextIndex: updateUnconditionally 22 -> 12
2021-10-31 01:07:04,601 [grpc-default-executor-6] INFO  server.RaftServer$Division (RaftServerImpl.java:checkInconsistentAppendEntries(1322)) - omNode-1@group-523986131536: Failed appendEntries as previous log entry ((t:5, i:21)) is not found
2021-10-31 01:07:04,601 [grpc-default-executor-6] INFO  server.RaftServer$Division (RaftServerImpl.java:checkInconsistentAppendEntries(1288)) - omNode-1@group-523986131536: inconsistency entries. Reply:omNode-3<-omNode-1#6928:FAIL-t5,INCONSISTENCY,nextIndex=12,followerCommit=11
2021-10-31 01:07:04,601 [grpc-default-executor-6] INFO  leader.FollowerInfo (FollowerInfoImpl.java:lambda$new$0(47)) - omNode-3@group-523986131536->omNode-1: nextIndex: updateUnconditionally 22 -> 12
2021-10-31 01:07:05,103 [grpc-default-executor-8] INFO  server.RaftServer$Division (RaftServerImpl.java:checkInconsistentAppendEntries(1322)) - omNode-1@group-523986131536: Failed appendEntries as previous log entry ((t:5, i:21)) is not found
2021-10-31 01:07:05,103 [grpc-default-executor-8] INFO  server.RaftServer$Division (RaftServerImpl.java:checkInconsistentAppendEntries(1288)) - omNode-1@group-523986131536: inconsistency entries. Reply:omNode-3<-omNode-1#6979:FAIL-t5,INCONSISTENCY,nextIndex=12,followerCommit=11
2021-10-31 01:07:05,103 [grpc-default-executor-6] INFO  leader.FollowerInfo (FollowerInfoImpl.java:lambda$new$0(47)) - omNode-3@group-523986131536->omNode-1: nextIndex: updateUnconditionally 22 -> 12
2021-10-31 01:07:05,604 [grpc-default-executor-6] INFO  server.RaftServer$Division (RaftServerImpl.java:checkInconsistentAppendEntries(1322)) - omNode-1@group-523986131536: Failed appendEntries as previous log entry ((t:5, i:21)) is not found
2021-10-31 01:07:05,605 [grpc-default-executor-6] INFO  server.RaftServer$Division (RaftServerImpl.java:checkInconsistentAppendEntries(1288)) - omNode-1@group-523986131536: inconsistency entries. Reply:omNode-3<-omNode-1#7030:FAIL-t5,INCONSISTENCY,nextIndex=12,followerCommit=11
2021-10-31 01:07:05,605 [grpc-default-executor-6] INFO  leader.FollowerInfo (FollowerInfoImpl.java:lambda$new$0(47)) - omNode-3@group-523986131536->omNode-1: nextIndex: updateUnconditionally 22 -> 12
2021-10-31 01:07:06,106 [grpc-default-executor-6] INFO  server.RaftServer$Division (RaftServerImpl.java:checkInconsistentAppendEntries(1322)) - omNode-1@group-523986131536: Failed appendEntries as previous log entry ((t:5, i:21)) is not found
2021-10-31 01:07:06,107 [grpc-default-executor-6] INFO  server.RaftServer$Division (RaftServerImpl.java:checkInconsistentAppendEntries(1288)) - omNode-1@group-523986131536: inconsistency entries. Reply:omNode-3<-omNode-1#7081:FAIL-t5,INCONSISTENCY,nextIndex=12,followerCommit=11
2021-10-31 01:07:06,108 [grpc-default-executor-6] INFO  leader.FollowerInfo (FollowerInfoImpl.java:lambda$new$0(47)) - omNode-3@group-523986131536->omNode-1: nextIndex: updateUnconditionally 22 -> 12
2021-10-31 01:07:06,609 [grpc-default-executor-8] INFO  server.RaftServer$Division (RaftServerImpl.java:checkInconsistentAppendEntries(1322)) - omNode-1@group-523986131536: Failed appendEntries as previous log entry ((t:5, i:21)) is not found
2021-10-31 01:07:06,609 [grpc-default-executor-8] INFO  server.RaftServer$Division (RaftServerImpl.java:checkInconsistentAppendEntries(1288)) - omNode-1@group-523986131536: inconsistency entries. Reply:omNode-3<-omNode-1#7132:FAIL-t5,INCONSISTENCY,nextIndex=12,followerCommit=11
2021-10-31 01:07:06,610 [grpc-default-executor-6] INFO  leader.FollowerInfo (FollowerInfoImpl.java:lambda$new$0(47)) - omNode-3@group-523986131536->omNode-1: nextIndex: updateUnconditionally 22 -> 12
2021-10-31 01:07:07,111 [grpc-default-executor-8] INFO  server.RaftServer$Division (RaftServerImpl.java:checkInconsistentAppendEntries(1322)) - omNode-1@group-523986131536: Failed appendEntries as previous log entry ((t:5, i:21)) is not found
2021-10-31 01:07:07,111 [grpc-default-executor-8] INFO  server.RaftServer$Division (RaftServerImpl.java:checkInconsistentAppendEntries(1288)) - omNode-1@group-523986131536: inconsistency entries. Reply:omNode-3<-omNode-1#7183:FAIL-t5,INCONSISTENCY,nextIndex=12,followerCommit=11
2021-10-31 01:07:07,112 [grpc-default-executor-6] INFO  leader.FollowerInfo (FollowerInfoImpl.java:lambda$new$0(47)) - omNode-3@group-523986131536->omNode-1: nextIndex: updateUnconditionally 22 -> 12
2021-10-31 01:07:07,614 [grpc-default-executor-6] INFO  server.RaftServer$Division (RaftServerImpl.java:checkInconsistentAppendEntries(1322)) - omNode-1@group-523986131536: Failed appendEntries as previous log entry ((t:5, i:21)) is not found
2021-10-31 01:07:07,614 [grpc-default-executor-6] INFO  server.RaftServer$Division (RaftServerImpl.java:checkInconsistentAppendEntries(1288)) - omNode-1@group-523986131536: inconsistency entries. Reply:omNode-3<-omNode-1#7234:FAIL-t5,INCONSISTENCY,nextIndex=12,followerCommit=11
2021-10-31 01:07:07,614 [grpc-default-executor-6] INFO  leader.FollowerInfo (FollowerInfoImpl.java:lambda$new$0(47)) - omNode-3@group-523986131536->omNode-1: nextIndex: updateUnconditionally 22 -> 12
2021-10-31 01:07:08,116 [grpc-default-executor-8] INFO  server.RaftServer$Division (RaftServerImpl.java:checkInconsistentAppendEntries(1322)) - omNode-1@group-523986131536: Failed appendEntries as previous log entry ((t:5, i:21)) is not found
2021-10-31 01:07:08,116 [grpc-default-executor-8] INFO  server.RaftServer$Division (RaftServerImpl.java:checkInconsistentAppendEntries(1288)) - omNode-1@group-523986131536: inconsistency entries. Reply:omNode-3<-omNode-1#7285:FAIL-t5,INCONSISTENCY,nextIndex=12,followerCommit=11
2021-10-31 01:07:08,117 [grpc-default-executor-6] INFO  leader.FollowerInfo (FollowerInfoImpl.java:lambda$new$0(47)) - omNode-3@group-523986131536->omNode-1: nextIndex: updateUnconditionally 22 -> 12
2021-10-31 01:07:08,618 [grpc-default-executor-8] INFO  server.RaftServer$Division (RaftServerImpl.java:checkInconsistentAppendEntries(1322)) - omNode-1@group-523986131536: Failed appendEntries as previous log entry ((t:5, i:21)) is not found
2021-10-31 01:07:08,618 [grpc-default-executor-8] INFO  server.RaftServer$Division (RaftServerImpl.java:checkInconsistentAppendEntries(1288)) - omNode-1@group-523986131536: inconsistency entries. Reply:omNode-3<-omNode-1#7336:FAIL-t5,INCONSISTENCY,nextIndex=12,followerCommit=11
2021-10-31 01:07:08,619 [grpc-default-executor-8] INFO  leader.FollowerInfo (FollowerInfoImpl.java:lambda$new$0(47)) - omNode-3@group-523986131536->omNode-1: nextIndex: updateUnconditionally 22 -> 12
2021-10-31 01:07:09,120 [grpc-default-executor-8] INFO  server.RaftServer$Division (RaftServerImpl.java:checkInconsistentAppendEntries(1322)) - omNode-1@group-523986131536: Failed appendEntries as previous log entry ((t:5, i:21)) is not found
2021-10-31 01:07:09,120 [grpc-default-executor-8] INFO  server.RaftServer$Division (RaftServerImpl.java:checkInconsistentAppendEntries(1288)) - omNode-1@group-523986131536: inconsistency entries. Reply:omNode-3<-omNode-1#7387:FAIL-t5,INCONSISTENCY,nextIndex=12,followerCommit=11
2021-10-31 01:07:09,121 [grpc-default-executor-8] INFO  leader.FollowerInfo (FollowerInfoImpl.java:lambda$new$0(47)) - omNode-3@group-523986131536->omNode-1: nextIndex: updateUnconditionally 22 -> 12
2021-10-31 01:07:09,622 [grpc-default-executor-6] INFO  server.RaftServer$Division (RaftServerImpl.java:checkInconsistentAppendEntries(1322)) - omNode-1@group-523986131536: Failed appendEntries as previous log entry ((t:5, i:21)) is not found
2021-10-31 01:07:09,622 [grpc-default-executor-6] INFO  server.RaftServer$Division (RaftServerImpl.java:checkInconsistentAppendEntries(1288)) - omNode-1@group-523986131536: inconsistency entries. Reply:omNode-3<-omNode-1#7438:FAIL-t5,INCONSISTENCY,nextIndex=12,followerCommit=11
2021-10-31 01:07:09,622 [grpc-default-executor-8] INFO  leader.FollowerInfo (FollowerInfoImpl.java:lambda$new$0(47)) - omNode-3@group-523986131536->omNode-1: nextIndex: updateUnconditionally 22 -> 12
2021-10-31 01:07:10,124 [grpc-default-executor-8] INFO  server.RaftServer$Division (RaftServerImpl.java:checkInconsistentAppendEntries(1322)) - omNode-1@group-523986131536: Failed appendEntries as previous log entry ((t:5, i:21)) is not found
2021-10-31 01:07:10,124 [grpc-default-executor-8] INFO  server.RaftServer$Division (RaftServerImpl.java:checkInconsistentAppendEntries(1288)) - omNode-1@group-523986131536: inconsistency entries. Reply:omNode-3<-omNode-1#7489:FAIL-t5,INCONSISTENCY,nextIndex=12,followerCommit=11
2021-10-31 01:07:10,124 [grpc-default-executor-8] INFO  leader.FollowerInfo (FollowerInfoImpl.java:lambda$new$0(47)) - omNode-3@group-523986131536->omNode-1: nextIndex: updateUnconditionally 22 -> 12
2021-10-31 01:07:10,626 [grpc-default-executor-8] INFO  server.RaftServer$Division (RaftServerImpl.java:checkInconsistentAppendEntries(1322)) - omNode-1@group-523986131536: Failed appendEntries as previous log entry ((t:5, i:21)) is not found
2021-10-31 01:07:10,626 [grpc-default-executor-8] INFO  server.RaftServer$Division (RaftServerImpl.java:checkInconsistentAppendEntries(1288)) - omNode-1@group-523986131536: inconsistency entries. Reply:omNode-3<-omNode-1#7540:FAIL-t5,INCONSISTENCY,nextIndex=12,followerCommit=11
2021-10-31 01:07:10,627 [grpc-default-executor-8] INFO  leader.FollowerInfo (FollowerInfoImpl.java:lambda$new$0(47)) - omNode-3@group-523986131536->omNode-1: nextIndex: updateUnconditionally 22 -> 12
2021-10-31 01:07:11,129 [grpc-default-executor-6] INFO  server.RaftServer$Division (RaftServerImpl.java:checkInconsistentAppendEntries(1322)) - omNode-1@group-523986131536: Failed appendEntries as previous log entry ((t:5, i:21)) is not found
2021-10-31 01:07:11,129 [grpc-default-executor-6] INFO  server.RaftServer$Division (RaftServerImpl.java:checkInconsistentAppendEntries(1288)) - omNode-1@group-523986131536: inconsistency entries. Reply:omNode-3<-omNode-1#7591:FAIL-t5,INCONSISTENCY,nextIndex=12,followerCommit=11
2021-10-31 01:07:11,129 [grpc-default-executor-6] INFO  leader.FollowerInfo (FollowerInfoImpl.java:lambda$new$0(47)) - omNode-3@group-523986131536->omNode-1: nextIndex: updateUnconditionally 22 -> 12
2021-10-31 01:07:11,631 [grpc-default-executor-8] INFO  server.RaftServer$Division (RaftServerImpl.java:checkInconsistentAppendEntries(1322)) - omNode-1@group-523986131536: Failed appendEntries as previous log entry ((t:5, i:21)) is not found
2021-10-31 01:07:11,631 [grpc-default-executor-8] INFO  server.RaftServer$Division (RaftServerImpl.java:checkInconsistentAppendEntries(1288)) - omNode-1@group-523986131536: inconsistency entries. Reply:omNode-3<-omNode-1#7642:FAIL-t5,INCONSISTENCY,nextIndex=12,followerCommit=11
2021-10-31 01:07:11,632 [grpc-default-executor-6] INFO  leader.FollowerInfo (FollowerInfoImpl.java:lambda$new$0(47)) - omNode-3@group-523986131536->omNode-1: nextIndex: updateUnconditionally 22 -> 12
2021-10-31 01:07:12,133 [grpc-default-executor-6] INFO  server.RaftServer$Division (RaftServerImpl.java:checkInconsistentAppendEntries(1322)) - omNode-1@group-523986131536: Failed appendEntries as previous log entry ((t:5, i:21)) is not found
2021-10-31 01:07:12,133 [grpc-default-executor-6] INFO  server.RaftServer$Division (RaftServerImpl.java:checkInconsistentAppendEntries(1288)) - omNode-1@group-523986131536: inconsistency entries. Reply:omNode-3<-omNode-1#7693:FAIL-t5,INCONSISTENCY,nextIndex=12,followerCommit=11
2021-10-31 01:07:12,134 [grpc-default-executor-6] INFO  leader.FollowerInfo (FollowerInfoImpl.java:lambda$new$0(47)) - omNode-3@group-523986131536->omNode-1: nextIndex: updateUnconditionally 22 -> 12
2021-10-31 01:07:12,636 [grpc-default-executor-6] INFO  server.RaftServer$Division (RaftServerImpl.java:checkInconsistentAppendEntries(1322)) - omNode-1@group-523986131536: Failed appendEntries as previous log entry ((t:5, i:21)) is not found
2021-10-31 01:07:12,636 [grpc-default-executor-6] INFO  server.RaftServer$Division (RaftServerImpl.java:checkInconsistentAppendEntries(1288)) - omNode-1@group-523986131536: inconsistency entries. Reply:omNode-3<-omNode-1#7744:FAIL-t5,INCONSISTENCY,nextIndex=12,followerCommit=11
2021-10-31 01:07:12,636 [grpc-default-executor-6] INFO  leader.FollowerInfo (FollowerInfoImpl.java:lambda$new$0(47)) - omNode-3@group-523986131536->omNode-1: nextIndex: updateUnconditionally 22 -> 12
2021-10-31 01:07:13,137 [grpc-default-executor-6] INFO  server.RaftServer$Division (RaftServerImpl.java:checkInconsistentAppendEntries(1322)) - omNode-1@group-523986131536: Failed appendEntries as previous log entry ((t:5, i:21)) is not found
2021-10-31 01:07:13,137 [grpc-default-executor-6] INFO  server.RaftServer$Division (RaftServerImpl.java:checkInconsistentAppendEntries(1288)) - omNode-1@group-523986131536: inconsistency entries. Reply:omNode-3<-omNode-1#7795:FAIL-t5,INCONSISTENCY,nextIndex=12,followerCommit=11
2021-10-31 01:07:13,138 [grpc-default-executor-6] INFO  leader.FollowerInfo (FollowerInfoImpl.java:lambda$new$0(47)) - omNode-3@group-523986131536->omNode-1: nextIndex: updateUnconditionally 22 -> 12
2021-10-31 01:07:13,639 [grpc-default-executor-6] INFO  server.RaftServer$Division (RaftServerImpl.java:checkInconsistentAppendEntries(1322)) - omNode-1@group-523986131536: Failed appendEntries as previous log entry ((t:5, i:21)) is not found
2021-10-31 01:07:13,639 [grpc-default-executor-6] INFO  server.RaftServer$Division (RaftServerImpl.java:checkInconsistentAppendEntries(1288)) - omNode-1@group-523986131536: inconsistency entries. Reply:omNode-3<-omNode-1#7846:FAIL-t5,INCONSISTENCY,nextIndex=12,followerCommit=11
2021-10-31 01:07:13,639 [grpc-default-executor-6] INFO  leader.FollowerInfo (FollowerInfoImpl.java:lambda$new$0(47)) - omNode-3@group-523986131536->omNode-1: nextIndex: updateUnconditionally 22 -> 12
2021-10-31 01:07:14,143 [grpc-default-executor-8] INFO  server.RaftServer$Division (RaftServerImpl.java:checkInconsistentAppendEntries(1322)) - omNode-1@group-523986131536: Failed appendEntries as previous log entry ((t:5, i:21)) is not found
2021-10-31 01:07:14,143 [grpc-default-executor-8] INFO  server.RaftServer$Division (RaftServerImpl.java:checkInconsistentAppendEntries(1288)) - omNode-1@group-523986131536: inconsistency entries. Reply:omNode-3<-omNode-1#7897:FAIL-t5,INCONSISTENCY,nextIndex=12,followerCommit=11
2021-10-31 01:07:14,143 [grpc-default-executor-8] INFO  leader.FollowerInfo (FollowerInfoImpl.java:lambda$new$0(47)) - omNode-3@group-523986131536->omNode-1: nextIndex: updateUnconditionally 22 -> 12
2021-10-31 01:07:14,651 [grpc-default-executor-6] INFO  server.RaftServer$Division (RaftServerImpl.java:checkInconsistentAppendEntries(1322)) - omNode-1@group-523986131536: Failed appendEntries as previous log entry ((t:5, i:21)) is not found
2021-10-31 01:07:14,651 [grpc-default-executor-6] INFO  server.RaftServer$Division (RaftServerImpl.java:checkInconsistentAppendEntries(1288)) - omNode-1@group-523986131536: inconsistency entries. Reply:omNode-3<-omNode-1#7948:FAIL-t5,INCONSISTENCY,nextIndex=12,followerCommit=11
2021-10-31 01:07:14,651 [grpc-default-executor-6] INFO  leader.FollowerInfo (FollowerInfoImpl.java:lambda$new$0(47)) - omNode-3@group-523986131536->omNode-1: nextIndex: updateUnconditionally 22 -> 12
2021-10-31 01:07:15,153 [grpc-default-executor-6] INFO  server.RaftServer$Division (RaftServerImpl.java:checkInconsistentAppendEntries(1322)) - omNode-1@group-523986131536: Failed appendEntries as previous log entry ((t:5, i:21)) is not found
2021-10-31 01:07:15,154 [grpc-default-executor-6] INFO  server.RaftServer$Division (RaftServerImpl.java:checkInconsistentAppendEntries(1288)) - omNode-1@group-523986131536: inconsistency entries. Reply:omNode-3<-omNode-1#7999:FAIL-t5,INCONSISTENCY,nextIndex=12,followerCommit=11
2021-10-31 01:07:15,154 [grpc-default-executor-6] INFO  leader.FollowerInfo (FollowerInfoImpl.java:lambda$new$0(47)) - omNode-3@group-523986131536->omNode-1: nextIndex: updateUnconditionally 22 -> 12
2021-10-31 01:07:15,655 [grpc-default-executor-6] INFO  server.RaftServer$Division (RaftServerImpl.java:checkInconsistentAppendEntries(1322)) - omNode-1@group-523986131536: Failed appendEntries as previous log entry ((t:5, i:21)) is not found
2021-10-31 01:07:15,655 [grpc-default-executor-6] INFO  server.RaftServer$Division (RaftServerImpl.java:checkInconsistentAppendEntries(1288)) - omNode-1@group-523986131536: inconsistency entries. Reply:omNode-3<-omNode-1#8050:FAIL-t5,INCONSISTENCY,nextIndex=12,followerCommit=11
2021-10-31 01:07:15,656 [grpc-default-executor-6] INFO  leader.FollowerInfo (FollowerInfoImpl.java:lambda$new$0(47)) - omNode-3@group-523986131536->omNode-1: nextIndex: updateUnconditionally 22 -> 12
2021-10-31 01:07:16,158 [grpc-default-executor-6] INFO  server.RaftServer$Division (RaftServerImpl.java:checkInconsistentAppendEntries(1322)) - omNode-1@group-523986131536: Failed appendEntries as previous log entry ((t:5, i:21)) is not found
2021-10-31 01:07:16,158 [grpc-default-executor-6] INFO  server.RaftServer$Division (RaftServerImpl.java:checkInconsistentAppendEntries(1288)) - omNode-1@group-523986131536: inconsistency entries. Reply:omNode-3<-omNode-1#8101:FAIL-t5,INCONSISTENCY,nextIndex=12,followerCommit=11
2021-10-31 01:07:16,158 [grpc-default-executor-6] INFO  leader.FollowerInfo (FollowerInfoImpl.java:lambda$new$0(47)) - omNode-3@group-523986131536->omNode-1: nextIndex: updateUnconditionally 22 -> 12
2021-10-31 01:07:16,660 [grpc-default-executor-8] INFO  server.RaftServer$Division (RaftServerImpl.java:checkInconsistentAppendEntries(1322)) - omNode-1@group-523986131536: Failed appendEntries as previous log entry ((t:5, i:21)) is not found
2021-10-31 01:07:16,660 [grpc-default-executor-8] INFO  server.RaftServer$Division (RaftServerImpl.java:checkInconsistentAppendEntries(1288)) - omNode-1@group-523986131536: inconsistency entries. Reply:omNode-3<-omNode-1#8152:FAIL-t5,INCONSISTENCY,nextIndex=12,followerCommit=11
2021-10-31 01:07:16,661 [grpc-default-executor-8] INFO  leader.FollowerInfo (FollowerInfoImpl.java:lambda$new$0(47)) - omNode-3@group-523986131536->omNode-1: nextIndex: updateUnconditionally 22 -> 12
2021-10-31 01:07:17,162 [grpc-default-executor-8] INFO  server.RaftServer$Division (RaftServerImpl.java:checkInconsistentAppendEntries(1322)) - omNode-1@group-523986131536: Failed appendEntries as previous log entry ((t:5, i:21)) is not found
2021-10-31 01:07:17,163 [grpc-default-executor-8] INFO  server.RaftServer$Division (RaftServerImpl.java:checkInconsistentAppendEntries(1288)) - omNode-1@group-523986131536: inconsistency entries. Reply:omNode-3<-omNode-1#8203:FAIL-t5,INCONSISTENCY,nextIndex=12,followerCommit=11
2021-10-31 01:07:17,163 [grpc-default-executor-8] INFO  leader.FollowerInfo (FollowerInfoImpl.java:lambda$new$0(47)) - omNode-3@group-523986131536->omNode-1: nextIndex: updateUnconditionally 22 -> 12
2021-10-31 01:07:17,665 [grpc-default-executor-8] INFO  server.RaftServer$Division (RaftServerImpl.java:checkInconsistentAppendEntries(1322)) - omNode-1@group-523986131536: Failed appendEntries as previous log entry ((t:5, i:21)) is not found
2021-10-31 01:07:17,666 [grpc-default-executor-8] INFO  server.RaftServer$Division (RaftServerImpl.java:checkInconsistentAppendEntries(1288)) - omNode-1@group-523986131536: inconsistency entries. Reply:omNode-3<-omNode-1#8254:FAIL-t5,INCONSISTENCY,nextIndex=12,followerCommit=11
2021-10-31 01:07:17,667 [grpc-default-executor-8] INFO  leader.FollowerInfo (FollowerInfoImpl.java:lambda$new$0(47)) - omNode-3@group-523986131536->omNode-1: nextIndex: updateUnconditionally 22 -> 12
2021-10-31 01:07:18,168 [grpc-default-executor-6] INFO  server.RaftServer$Division (RaftServerImpl.java:checkInconsistentAppendEntries(1322)) - omNode-1@group-523986131536: Failed appendEntries as previous log entry ((t:5, i:21)) is not found
2021-10-31 01:07:18,168 [grpc-default-executor-6] INFO  server.RaftServer$Division (RaftServerImpl.java:checkInconsistentAppendEntries(1288)) - omNode-1@group-523986131536: inconsistency entries. Reply:omNode-3<-omNode-1#8305:FAIL-t5,INCONSISTENCY,nextIndex=12,followerCommit=11
2021-10-31 01:07:18,169 [grpc-default-executor-6] INFO  leader.FollowerInfo (FollowerInfoImpl.java:lambda$new$0(47)) - omNode-3@group-523986131536->omNode-1: nextIndex: updateUnconditionally 22 -> 12
2021-10-31 01:07:18,670 [grpc-default-executor-6] INFO  server.RaftServer$Division (RaftServerImpl.java:checkInconsistentAppendEntries(1322)) - omNode-1@group-523986131536: Failed appendEntries as previous log entry ((t:5, i:21)) is not found
2021-10-31 01:07:18,670 [grpc-default-executor-6] INFO  server.RaftServer$Division (RaftServerImpl.java:checkInconsistentAppendEntries(1288)) - omNode-1@group-523986131536: inconsistency entries. Reply:omNode-3<-omNode-1#8356:FAIL-t5,INCONSISTENCY,nextIndex=12,followerCommit=11
2021-10-31 01:07:18,671 [grpc-default-executor-6] INFO  leader.FollowerInfo (FollowerInfoImpl.java:lambda$new$0(47)) - omNode-3@group-523986131536->omNode-1: nextIndex: updateUnconditionally 22 -> 12
2021-10-31 01:07:19,172 [grpc-default-executor-6] INFO  server.RaftServer$Division (RaftServerImpl.java:checkInconsistentAppendEntries(1322)) - omNode-1@group-523986131536: Failed appendEntries as previous log entry ((t:5, i:21)) is not found
2021-10-31 01:07:19,172 [grpc-default-executor-6] INFO  server.RaftServer$Division (RaftServerImpl.java:checkInconsistentAppendEntries(1288)) - omNode-1@group-523986131536: inconsistency entries. Reply:omNode-3<-omNode-1#8407:FAIL-t5,INCONSISTENCY,nextIndex=12,followerCommit=11
2021-10-31 01:07:19,173 [grpc-default-executor-6] INFO  leader.FollowerInfo (FollowerInfoImpl.java:lambda$new$0(47)) - omNode-3@group-523986131536->omNode-1: nextIndex: updateUnconditionally 22 -> 12
2021-10-31 01:07:19,674 [grpc-default-executor-6] INFO  server.RaftServer$Division (RaftServerImpl.java:checkInconsistentAppendEntries(1322)) - omNode-1@group-523986131536: Failed appendEntries as previous log entry ((t:5, i:21)) is not found
2021-10-31 01:07:19,674 [grpc-default-executor-6] INFO  server.RaftServer$Division (RaftServerImpl.java:checkInconsistentAppendEntries(1288)) - omNode-1@group-523986131536: inconsistency entries. Reply:omNode-3<-omNode-1#8458:FAIL-t5,INCONSISTENCY,nextIndex=12,followerCommit=11
2021-10-31 01:07:19,674 [grpc-default-executor-6] INFO  leader.FollowerInfo (FollowerInfoImpl.java:lambda$new$0(47)) - omNode-3@group-523986131536->omNode-1: nextIndex: updateUnconditionally 22 -> 12
2021-10-31 01:07:20,176 [grpc-default-executor-6] INFO  server.RaftServer$Division (RaftServerImpl.java:checkInconsistentAppendEntries(1322)) - omNode-1@group-523986131536: Failed appendEntries as previous log entry ((t:5, i:21)) is not found
2021-10-31 01:07:20,177 [grpc-default-executor-6] INFO  server.RaftServer$Division (RaftServerImpl.java:checkInconsistentAppendEntries(1288)) - omNode-1@group-523986131536: inconsistency entries. Reply:omNode-3<-omNode-1#8509:FAIL-t5,INCONSISTENCY,nextIndex=12,followerCommit=11
2021-10-31 01:07:20,177 [grpc-default-executor-6] INFO  leader.FollowerInfo (FollowerInfoImpl.java:lambda$new$0(47)) - omNode-3@group-523986131536->omNode-1: nextIndex: updateUnconditionally 22 -> 12
2021-10-31 01:07:20,678 [grpc-default-executor-2] INFO  server.RaftServer$Division (RaftServerImpl.java:checkInconsistentAppendEntries(1322)) - omNode-1@group-523986131536: Failed appendEntries as previous log entry ((t:5, i:21)) is not found
2021-10-31 01:07:20,679 [grpc-default-executor-2] INFO  server.RaftServer$Division (RaftServerImpl.java:checkInconsistentAppendEntries(1288)) - omNode-1@group-523986131536: inconsistency entries. Reply:omNode-3<-omNode-1#8560:FAIL-t5,INCONSISTENCY,nextIndex=12,followerCommit=11
2021-10-31 01:07:20,679 [grpc-default-executor-2] INFO  leader.FollowerInfo (FollowerInfoImpl.java:lambda$new$0(47)) - omNode-3@group-523986131536->omNode-1: nextIndex: updateUnconditionally 22 -> 12
2021-10-31 01:07:21,180 [grpc-default-executor-2] INFO  server.RaftServer$Division (RaftServerImpl.java:checkInconsistentAppendEntries(1322)) - omNode-1@group-523986131536: Failed appendEntries as previous log entry ((t:5, i:21)) is not found
2021-10-31 01:07:21,181 [grpc-default-executor-2] INFO  server.RaftServer$Division (RaftServerImpl.java:checkInconsistentAppendEntries(1288)) - omNode-1@group-523986131536: inconsistency entries. Reply:omNode-3<-omNode-1#8611:FAIL-t5,INCONSISTENCY,nextIndex=12,followerCommit=11
2021-10-31 01:07:21,181 [grpc-default-executor-2] INFO  leader.FollowerInfo (FollowerInfoImpl.java:lambda$new$0(47)) - omNode-3@group-523986131536->omNode-1: nextIndex: updateUnconditionally 22 -> 12
2021-10-31 01:07:21,682 [grpc-default-executor-2] INFO  server.RaftServer$Division (RaftServerImpl.java:checkInconsistentAppendEntries(1322)) - omNode-1@group-523986131536: Failed appendEntries as previous log entry ((t:5, i:21)) is not found
2021-10-31 01:07:21,682 [grpc-default-executor-2] INFO  server.RaftServer$Division (RaftServerImpl.java:checkInconsistentAppendEntries(1288)) - omNode-1@group-523986131536: inconsistency entries. Reply:omNode-3<-omNode-1#8662:FAIL-t5,INCONSISTENCY,nextIndex=12,followerCommit=11
2021-10-31 01:07:21,683 [grpc-default-executor-2] INFO  leader.FollowerInfo (FollowerInfoImpl.java:lambda$new$0(47)) - omNode-3@group-523986131536->omNode-1: nextIndex: updateUnconditionally 22 -> 12
2021-10-31 01:07:22,184 [grpc-default-executor-2] INFO  server.RaftServer$Division (RaftServerImpl.java:checkInconsistentAppendEntries(1322)) - omNode-1@group-523986131536: Failed appendEntries as previous log entry ((t:5, i:21)) is not found
2021-10-31 01:07:22,184 [grpc-default-executor-2] INFO  server.RaftServer$Division (RaftServerImpl.java:checkInconsistentAppendEntries(1288)) - omNode-1@group-523986131536: inconsistency entries. Reply:omNode-3<-omNode-1#8713:FAIL-t5,INCONSISTENCY,nextIndex=12,followerCommit=11
2021-10-31 01:07:22,184 [grpc-default-executor-2] INFO  leader.FollowerInfo (FollowerInfoImpl.java:lambda$new$0(47)) - omNode-3@group-523986131536->omNode-1: nextIndex: updateUnconditionally 22 -> 12
2021-10-31 01:07:22,686 [grpc-default-executor-2] INFO  server.RaftServer$Division (RaftServerImpl.java:checkInconsistentAppendEntries(1322)) - omNode-1@group-523986131536: Failed appendEntries as previous log entry ((t:5, i:21)) is not found
2021-10-31 01:07:22,686 [grpc-default-executor-2] INFO  server.RaftServer$Division (RaftServerImpl.java:checkInconsistentAppendEntries(1288)) - omNode-1@group-523986131536: inconsistency entries. Reply:omNode-3<-omNode-1#8764:FAIL-t5,INCONSISTENCY,nextIndex=12,followerCommit=11
2021-10-31 01:07:22,686 [grpc-default-executor-6] INFO  leader.FollowerInfo (FollowerInfoImpl.java:lambda$new$0(47)) - omNode-3@group-523986131536->omNode-1: nextIndex: updateUnconditionally 22 -> 12
2021-10-31 01:07:23,187 [grpc-default-executor-6] INFO  server.RaftServer$Division (RaftServerImpl.java:checkInconsistentAppendEntries(1322)) - omNode-1@group-523986131536: Failed appendEntries as previous log entry ((t:5, i:21)) is not found
2021-10-31 01:07:23,188 [grpc-default-executor-6] INFO  server.RaftServer$Division (RaftServerImpl.java:checkInconsistentAppendEntries(1288)) - omNode-1@group-523986131536: inconsistency entries. Reply:omNode-3<-omNode-1#8815:FAIL-t5,INCONSISTENCY,nextIndex=12,followerCommit=11
2021-10-31 01:07:23,188 [grpc-default-executor-6] INFO  leader.FollowerInfo (FollowerInfoImpl.java:lambda$new$0(47)) - omNode-3@group-523986131536->omNode-1: nextIndex: updateUnconditionally 22 -> 12
2021-10-31 01:07:23,690 [grpc-default-executor-2] INFO  server.RaftServer$Division (RaftServerImpl.java:checkInconsistentAppendEntries(1322)) - omNode-1@group-523986131536: Failed appendEntries as previous log entry ((t:5, i:21)) is not found
2021-10-31 01:07:23,690 [grpc-default-executor-2] INFO  server.RaftServer$Division (RaftServerImpl.java:checkInconsistentAppendEntries(1288)) - omNode-1@group-523986131536: inconsistency entries. Reply:omNode-3<-omNode-1#8866:FAIL-t5,INCONSISTENCY,nextIndex=12,followerCommit=11
2021-10-31 01:07:23,690 [grpc-default-executor-2] INFO  leader.FollowerInfo (FollowerInfoImpl.java:lambda$new$0(47)) - omNode-3@group-523986131536->omNode-1: nextIndex: updateUnconditionally 22 -> 12
2021-10-31 01:07:24,192 [grpc-default-executor-2] INFO  server.RaftServer$Division (RaftServerImpl.java:checkInconsistentAppendEntries(1322)) - omNode-1@group-523986131536: Failed appendEntries as previous log entry ((t:5, i:21)) is not found
2021-10-31 01:07:24,192 [grpc-default-executor-2] INFO  server.RaftServer$Division (RaftServerImpl.java:checkInconsistentAppendEntries(1288)) - omNode-1@group-523986131536: inconsistency entries. Reply:omNode-3<-omNode-1#8917:FAIL-t5,INCONSISTENCY,nextIndex=12,followerCommit=11
2021-10-31 01:07:24,194 [grpc-default-executor-2] INFO  leader.FollowerInfo (FollowerInfoImpl.java:lambda$new$0(47)) - omNode-3@group-523986131536->omNode-1: nextIndex: updateUnconditionally 22 -> 12
2021-10-31 01:07:24,695 [grpc-default-executor-6] INFO  server.RaftServer$Division (RaftServerImpl.java:checkInconsistentAppendEntries(1322)) - omNode-1@group-523986131536: Failed appendEntries as previous log entry ((t:5, i:21)) is not found
2021-10-31 01:07:24,695 [grpc-default-executor-6] INFO  server.RaftServer$Division (RaftServerImpl.java:checkInconsistentAppendEntries(1288)) - omNode-1@group-523986131536: inconsistency entries. Reply:omNode-3<-omNode-1#8968:FAIL-t5,INCONSISTENCY,nextIndex=12,followerCommit=11
2021-10-31 01:07:24,696 [grpc-default-executor-6] INFO  leader.FollowerInfo (FollowerInfoImpl.java:lambda$new$0(47)) - omNode-3@group-523986131536->omNode-1: nextIndex: updateUnconditionally 22 -> 12
2021-10-31 01:07:25,197 [grpc-default-executor-6] INFO  server.RaftServer$Division (RaftServerImpl.java:checkInconsistentAppendEntries(1322)) - omNode-1@group-523986131536: Failed appendEntries as previous log entry ((t:5, i:21)) is not found
2021-10-31 01:07:25,197 [grpc-default-executor-6] INFO  server.RaftServer$Division (RaftServerImpl.java:checkInconsistentAppendEntries(1288)) - omNode-1@group-523986131536: inconsistency entries. Reply:omNode-3<-omNode-1#9019:FAIL-t5,INCONSISTENCY,nextIndex=12,followerCommit=11
2021-10-31 01:07:25,198 [grpc-default-executor-6] INFO  leader.FollowerInfo (FollowerInfoImpl.java:lambda$new$0(47)) - omNode-3@group-523986131536->omNode-1: nextIndex: updateUnconditionally 22 -> 12
2021-10-31 01:07:25,699 [grpc-default-executor-6] INFO  server.RaftServer$Division (RaftServerImpl.java:checkInconsistentAppendEntries(1322)) - omNode-1@group-523986131536: Failed appendEntries as previous log entry ((t:5, i:21)) is not found
2021-10-31 01:07:25,700 [grpc-default-executor-6] INFO  server.RaftServer$Division (RaftServerImpl.java:checkInconsistentAppendEntries(1288)) - omNode-1@group-523986131536: inconsistency entries. Reply:omNode-3<-omNode-1#9069:FAIL-t5,INCONSISTENCY,nextIndex=12,followerCommit=11
2021-10-31 01:07:25,700 [grpc-default-executor-6] INFO  leader.FollowerInfo (FollowerInfoImpl.java:lambda$new$0(47)) - omNode-3@group-523986131536->omNode-1: nextIndex: updateUnconditionally 22 -> 12
2021-10-31 01:07:26,201 [grpc-default-executor-2] INFO  server.RaftServer$Division (RaftServerImpl.java:checkInconsistentAppendEntries(1322)) - omNode-1@group-523986131536: Failed appendEntries as previous log entry ((t:5, i:21)) is not found
2021-10-31 01:07:26,201 [grpc-default-executor-2] INFO  server.RaftServer$Division (RaftServerImpl.java:checkInconsistentAppendEntries(1288)) - omNode-1@group-523986131536: inconsistency entries. Reply:omNode-3<-omNode-1#9120:FAIL-t5,INCONSISTENCY,nextIndex=12,followerCommit=11
2021-10-31 01:07:26,202 [grpc-default-executor-2] INFO  leader.FollowerInfo (FollowerInfoImpl.java:lambda$new$0(47)) - omNode-3@group-523986131536->omNode-1: nextIndex: updateUnconditionally 22 -> 12
2021-10-31 01:07:26,704 [grpc-default-executor-6] INFO  server.RaftServer$Division (RaftServerImpl.java:checkInconsistentAppendEntries(1322)) - omNode-1@group-523986131536: Failed appendEntries as previous log entry ((t:5, i:21)) is not found
2021-10-31 01:07:26,704 [grpc-default-executor-6] INFO  server.RaftServer$Division (RaftServerImpl.java:checkInconsistentAppendEntries(1288)) - omNode-1@group-523986131536: inconsistency entries. Reply:omNode-3<-omNode-1#9171:FAIL-t5,INCONSISTENCY,nextIndex=12,followerCommit=11
2021-10-31 01:07:26,704 [grpc-default-executor-2] INFO  leader.FollowerInfo (FollowerInfoImpl.java:lambda$new$0(47)) - omNode-3@group-523986131536->omNode-1: nextIndex: updateUnconditionally 22 -> 12
2021-10-31 01:07:27,205 [grpc-default-executor-6] INFO  server.RaftServer$Division (RaftServerImpl.java:checkInconsistentAppendEntries(1322)) - omNode-1@group-523986131536: Failed appendEntries as previous log entry ((t:5, i:21)) is not found
2021-10-31 01:07:27,206 [grpc-default-executor-6] INFO  server.RaftServer$Division (RaftServerImpl.java:checkInconsistentAppendEntries(1288)) - omNode-1@group-523986131536: inconsistency entries. Reply:omNode-3<-omNode-1#9222:FAIL-t5,INCONSISTENCY,nextIndex=12,followerCommit=11
2021-10-31 01:07:27,206 [grpc-default-executor-6] INFO  leader.FollowerInfo (FollowerInfoImpl.java:lambda$new$0(47)) - omNode-3@group-523986131536->omNode-1: nextIndex: updateUnconditionally 22 -> 12
2021-10-31 01:07:27,708 [grpc-default-executor-2] INFO  server.RaftServer$Division (RaftServerImpl.java:checkInconsistentAppendEntries(1322)) - omNode-1@group-523986131536: Failed appendEntries as previous log entry ((t:5, i:21)) is not found
2021-10-31 01:07:27,708 [grpc-default-executor-2] INFO  server.RaftServer$Division (RaftServerImpl.java:checkInconsistentAppendEntries(1288)) - omNode-1@group-523986131536: inconsistency entries. Reply:omNode-3<-omNode-1#9273:FAIL-t5,INCONSISTENCY,nextIndex=12,followerCommit=11
2021-10-31 01:07:27,708 [grpc-default-executor-2] INFO  leader.FollowerInfo (FollowerInfoImpl.java:lambda$new$0(47)) - omNode-3@group-523986131536->omNode-1: nextIndex: updateUnconditionally 22 -> 12
2021-10-31 01:07:28,210 [grpc-default-executor-2] INFO  server.RaftServer$Division (RaftServerImpl.java:checkInconsistentAppendEntries(1322)) - omNode-1@group-523986131536: Failed appendEntries as previous log entry ((t:5, i:21)) is not found
2021-10-31 01:07:28,210 [grpc-default-executor-2] INFO  server.RaftServer$Division (RaftServerImpl.java:checkInconsistentAppendEntries(1288)) - omNode-1@group-523986131536: inconsistency entries. Reply:omNode-3<-omNode-1#9324:FAIL-t5,INCONSISTENCY,nextIndex=12,followerCommit=11
2021-10-31 01:07:28,210 [grpc-default-executor-6] INFO  leader.FollowerInfo (FollowerInfoImpl.java:lambda$new$0(47)) - omNode-3@group-523986131536->omNode-1: nextIndex: updateUnconditionally 22 -> 12
2021-10-31 01:07:28,712 [grpc-default-executor-6] INFO  server.RaftServer$Division (RaftServerImpl.java:checkInconsistentAppendEntries(1322)) - omNode-1@group-523986131536: Failed appendEntries as previous log entry ((t:5, i:21)) is not found
2021-10-31 01:07:28,712 [grpc-default-executor-6] INFO  server.RaftServer$Division (RaftServerImpl.java:checkInconsistentAppendEntries(1288)) - omNode-1@group-523986131536: inconsistency entries. Reply:omNode-3<-omNode-1#9375:FAIL-t5,INCONSISTENCY,nextIndex=12,followerCommit=11
2021-10-31 01:07:28,712 [grpc-default-executor-6] INFO  leader.FollowerInfo (FollowerInfoImpl.java:lambda$new$0(47)) - omNode-3@group-523986131536->omNode-1: nextIndex: updateUnconditionally 22 -> 12
2021-10-31 01:07:29,213 [grpc-default-executor-2] INFO  server.RaftServer$Division (RaftServerImpl.java:checkInconsistentAppendEntries(1322)) - omNode-1@group-523986131536: Failed appendEntries as previous log entry ((t:5, i:21)) is not found
2021-10-31 01:07:29,214 [grpc-default-executor-2] INFO  server.RaftServer$Division (RaftServerImpl.java:checkInconsistentAppendEntries(1288)) - omNode-1@group-523986131536: inconsistency entries. Reply:omNode-3<-omNode-1#9426:FAIL-t5,INCONSISTENCY,nextIndex=12,followerCommit=11
2021-10-31 01:07:29,214 [grpc-default-executor-2] INFO  leader.FollowerInfo (FollowerInfoImpl.java:lambda$new$0(47)) - omNode-3@group-523986131536->omNode-1: nextIndex: updateUnconditionally 22 -> 12
2021-10-31 01:07:29,717 [grpc-default-executor-2] INFO  server.RaftServer$Division (RaftServerImpl.java:checkInconsistentAppendEntries(1322)) - omNode-1@group-523986131536: Failed appendEntries as previous log entry ((t:5, i:21)) is not found
2021-10-31 01:07:29,717 [grpc-default-executor-2] INFO  server.RaftServer$Division (RaftServerImpl.java:checkInconsistentAppendEntries(1288)) - omNode-1@group-523986131536: inconsistency entries. Reply:omNode-3<-omNode-1#9477:FAIL-t5,INCONSISTENCY,nextIndex=12,followerCommit=11
2021-10-31 01:07:29,717 [grpc-default-executor-6] INFO  leader.FollowerInfo (FollowerInfoImpl.java:lambda$new$0(47)) - omNode-3@group-523986131536->omNode-1: nextIndex: updateUnconditionally 22 -> 12
2021-10-31 01:07:30,219 [grpc-default-executor-6] INFO  server.RaftServer$Division (RaftServerImpl.java:checkInconsistentAppendEntries(1322)) - omNode-1@group-523986131536: Failed appendEntries as previous log entry ((t:5, i:21)) is not found
2021-10-31 01:07:30,219 [grpc-default-executor-6] INFO  server.RaftServer$Division (RaftServerImpl.java:checkInconsistentAppendEntries(1288)) - omNode-1@group-523986131536: inconsistency entries. Reply:omNode-3<-omNode-1#9528:FAIL-t5,INCONSISTENCY,nextIndex=12,followerCommit=11
2021-10-31 01:07:30,220 [grpc-default-executor-6] INFO  leader.FollowerInfo (FollowerInfoImpl.java:lambda$new$0(47)) - omNode-3@group-523986131536->omNode-1: nextIndex: updateUnconditionally 22 -> 12
2021-10-31 01:07:30,721 [grpc-default-executor-6] INFO  server.RaftServer$Division (RaftServerImpl.java:checkInconsistentAppendEntries(1322)) - omNode-1@group-523986131536: Failed appendEntries as previous log entry ((t:5, i:21)) is not found
2021-10-31 01:07:30,721 [grpc-default-executor-6] INFO  server.RaftServer$Division (RaftServerImpl.java:checkInconsistentAppendEntries(1288)) - omNode-1@group-523986131536: inconsistency entries. Reply:omNode-3<-omNode-1#9579:FAIL-t5,INCONSISTENCY,nextIndex=12,followerCommit=11
2021-10-31 01:07:30,721 [grpc-default-executor-6] INFO  leader.FollowerInfo (FollowerInfoImpl.java:lambda$new$0(47)) - omNode-3@group-523986131536->omNode-1: nextIndex: updateUnconditionally 22 -> 12
2021-10-31 01:07:31,222 [grpc-default-executor-2] INFO  server.RaftServer$Division (RaftServerImpl.java:checkInconsistentAppendEntries(1322)) - omNode-1@group-523986131536: Failed appendEntries as previous log entry ((t:5, i:21)) is not found
2021-10-31 01:07:31,222 [grpc-default-executor-2] INFO  server.RaftServer$Division (RaftServerImpl.java:checkInconsistentAppendEntries(1288)) - omNode-1@group-523986131536: inconsistency entries. Reply:omNode-3<-omNode-1#9630:FAIL-t5,INCONSISTENCY,nextIndex=12,followerCommit=11
2021-10-31 01:07:31,223 [grpc-default-executor-6] INFO  leader.FollowerInfo (FollowerInfoImpl.java:lambda$new$0(47)) - omNode-3@group-523986131536->omNode-1: nextIndex: updateUnconditionally 22 -> 12
2021-10-31 01:07:31,724 [grpc-default-executor-2] INFO  server.RaftServer$Division (RaftServerImpl.java:checkInconsistentAppendEntries(1322)) - omNode-1@group-523986131536: Failed appendEntries as previous log entry ((t:5, i:21)) is not found
2021-10-31 01:07:31,725 [grpc-default-executor-2] INFO  server.RaftServer$Division (RaftServerImpl.java:checkInconsistentAppendEntries(1288)) - omNode-1@group-523986131536: inconsistency entries. Reply:omNode-3<-omNode-1#9681:FAIL-t5,INCONSISTENCY,nextIndex=12,followerCommit=11
2021-10-31 01:07:31,725 [grpc-default-executor-6] INFO  leader.FollowerInfo (FollowerInfoImpl.java:lambda$new$0(47)) - omNode-3@group-523986131536->omNode-1: nextIndex: updateUnconditionally 22 -> 12
2021-10-31 01:07:32,227 [grpc-default-executor-6] INFO  server.RaftServer$Division (RaftServerImpl.java:checkInconsistentAppendEntries(1322)) - omNode-1@group-523986131536: Failed appendEntries as previous log entry ((t:5, i:21)) is not found
2021-10-31 01:07:32,227 [grpc-default-executor-6] INFO  server.RaftServer$Division (RaftServerImpl.java:checkInconsistentAppendEntries(1288)) - omNode-1@group-523986131536: inconsistency entries. Reply:omNode-3<-omNode-1#9732:FAIL-t5,INCONSISTENCY,nextIndex=12,followerCommit=11
2021-10-31 01:07:32,227 [grpc-default-executor-6] INFO  leader.FollowerInfo (FollowerInfoImpl.java:lambda$new$0(47)) - omNode-3@group-523986131536->omNode-1: nextIndex: updateUnconditionally 22 -> 12
2021-10-31 01:07:32,729 [grpc-default-executor-2] INFO  server.RaftServer$Division (RaftServerImpl.java:checkInconsistentAppendEntries(1322)) - omNode-1@group-523986131536: Failed appendEntries as previous log entry ((t:5, i:21)) is not found
2021-10-31 01:07:32,729 [grpc-default-executor-2] INFO  server.RaftServer$Division (RaftServerImpl.java:checkInconsistentAppendEntries(1288)) - omNode-1@group-523986131536: inconsistency entries. Reply:omNode-3<-omNode-1#9783:FAIL-t5,INCONSISTENCY,nextIndex=12,followerCommit=11
2021-10-31 01:07:32,730 [grpc-default-executor-2] INFO  leader.FollowerInfo (FollowerInfoImpl.java:lambda$new$0(47)) - omNode-3@group-523986131536->omNode-1: nextIndex: updateUnconditionally 22 -> 12
2021-10-31 01:07:33,231 [grpc-default-executor-2] INFO  server.RaftServer$Division (RaftServerImpl.java:checkInconsistentAppendEntries(1322)) - omNode-1@group-523986131536: Failed appendEntries as previous log entry ((t:5, i:21)) is not found
2021-10-31 01:07:33,231 [grpc-default-executor-2] INFO  server.RaftServer$Division (RaftServerImpl.java:checkInconsistentAppendEntries(1288)) - omNode-1@group-523986131536: inconsistency entries. Reply:omNode-3<-omNode-1#9834:FAIL-t5,INCONSISTENCY,nextIndex=12,followerCommit=11
2021-10-31 01:07:33,231 [grpc-default-executor-2] INFO  leader.FollowerInfo (FollowerInfoImpl.java:lambda$new$0(47)) - omNode-3@group-523986131536->omNode-1: nextIndex: updateUnconditionally 22 -> 12
2021-10-31 01:07:33,733 [grpc-default-executor-6] INFO  server.RaftServer$Division (RaftServerImpl.java:checkInconsistentAppendEntries(1322)) - omNode-1@group-523986131536: Failed appendEntries as previous log entry ((t:5, i:21)) is not found
2021-10-31 01:07:33,733 [grpc-default-executor-6] INFO  server.RaftServer$Division (RaftServerImpl.java:checkInconsistentAppendEntries(1288)) - omNode-1@group-523986131536: inconsistency entries. Reply:omNode-3<-omNode-1#9885:FAIL-t5,INCONSISTENCY,nextIndex=12,followerCommit=11
2021-10-31 01:07:33,734 [grpc-default-executor-2] INFO  leader.FollowerInfo (FollowerInfoImpl.java:lambda$new$0(47)) - omNode-3@group-523986131536->omNode-1: nextIndex: updateUnconditionally 22 -> 12
2021-10-31 01:07:34,235 [grpc-default-executor-6] INFO  server.RaftServer$Division (RaftServerImpl.java:checkInconsistentAppendEntries(1322)) - omNode-1@group-523986131536: Failed appendEntries as previous log entry ((t:5, i:21)) is not found
2021-10-31 01:07:34,236 [grpc-default-executor-6] INFO  server.RaftServer$Division (RaftServerImpl.java:checkInconsistentAppendEntries(1288)) - omNode-1@group-523986131536: inconsistency entries. Reply:omNode-3<-omNode-1#9936:FAIL-t5,INCONSISTENCY,nextIndex=12,followerCommit=11
2021-10-31 01:07:34,236 [grpc-default-executor-2] INFO  leader.FollowerInfo (FollowerInfoImpl.java:lambda$new$0(47)) - omNode-3@group-523986131536->omNode-1: nextIndex: updateUnconditionally 22 -> 12
2021-10-31 01:07:34,738 [grpc-default-executor-6] INFO  server.RaftServer$Division (RaftServerImpl.java:checkInconsistentAppendEntries(1322)) - omNode-1@group-523986131536: Failed appendEntries as previous log entry ((t:5, i:21)) is not found
2021-10-31 01:07:34,738 [grpc-default-executor-6] INFO  server.RaftServer$Division (RaftServerImpl.java:checkInconsistentAppendEntries(1288)) - omNode-1@group-523986131536: inconsistency entries. Reply:omNode-3<-omNode-1#9987:FAIL-t5,INCONSISTENCY,nextIndex=12,followerCommit=11
2021-10-31 01:07:34,739 [grpc-default-executor-6] INFO  leader.FollowerInfo (FollowerInfoImpl.java:lambda$new$0(47)) - omNode-3@group-523986131536->omNode-1: nextIndex: updateUnconditionally 22 -> 12
2021-10-31 01:07:35,240 [grpc-default-executor-2] INFO  server.RaftServer$Division (RaftServerImpl.java:checkInconsistentAppendEntries(1322)) - omNode-1@group-523986131536: Failed appendEntries as previous log entry ((t:5, i:21)) is not found
2021-10-31 01:07:35,241 [grpc-default-executor-2] INFO  server.RaftServer$Division (RaftServerImpl.java:checkInconsistentAppendEntries(1288)) - omNode-1@group-523986131536: inconsistency entries. Reply:omNode-3<-omNode-1#10038:FAIL-t5,INCONSISTENCY,nextIndex=12,followerCommit=11
2021-10-31 01:07:35,241 [grpc-default-executor-2] INFO  leader.FollowerInfo (FollowerInfoImpl.java:lambda$new$0(47)) - omNode-3@group-523986131536->omNode-1: nextIndex: updateUnconditionally 22 -> 12
2021-10-31 01:07:35,742 [grpc-default-executor-2] INFO  server.RaftServer$Division (RaftServerImpl.java:checkInconsistentAppendEntries(1322)) - omNode-1@group-523986131536: Failed appendEntries as previous log entry ((t:5, i:21)) is not found
2021-10-31 01:07:35,742 [grpc-default-executor-2] INFO  server.RaftServer$Division (RaftServerImpl.java:checkInconsistentAppendEntries(1288)) - omNode-1@group-523986131536: inconsistency entries. Reply:omNode-3<-omNode-1#10089:FAIL-t5,INCONSISTENCY,nextIndex=12,followerCommit=11
2021-10-31 01:07:35,743 [grpc-default-executor-2] INFO  leader.FollowerInfo (FollowerInfoImpl.java:lambda$new$0(47)) - omNode-3@group-523986131536->omNode-1: nextIndex: updateUnconditionally 22 -> 12
2021-10-31 01:07:36,244 [grpc-default-executor-2] INFO  server.RaftServer$Division (RaftServerImpl.java:checkInconsistentAppendEntries(1322)) - omNode-1@group-523986131536: Failed appendEntries as previous log entry ((t:5, i:21)) is not found
2021-10-31 01:07:36,244 [grpc-default-executor-2] INFO  server.RaftServer$Division (RaftServerImpl.java:checkInconsistentAppendEntries(1288)) - omNode-1@group-523986131536: inconsistency entries. Reply:omNode-3<-omNode-1#10140:FAIL-t5,INCONSISTENCY,nextIndex=12,followerCommit=11
2021-10-31 01:07:36,244 [grpc-default-executor-2] INFO  leader.FollowerInfo (FollowerInfoImpl.java:lambda$new$0(47)) - omNode-3@group-523986131536->omNode-1: nextIndex: updateUnconditionally 22 -> 12
2021-10-31 01:07:36,746 [grpc-default-executor-6] INFO  server.RaftServer$Division (RaftServerImpl.java:checkInconsistentAppendEntries(1322)) - omNode-1@group-523986131536: Failed appendEntries as previous log entry ((t:5, i:21)) is not found
2021-10-31 01:07:36,746 [grpc-default-executor-6] INFO  server.RaftServer$Division (RaftServerImpl.java:checkInconsistentAppendEntries(1288)) - omNode-1@group-523986131536: inconsistency entries. Reply:omNode-3<-omNode-1#10191:FAIL-t5,INCONSISTENCY,nextIndex=12,followerCommit=11
2021-10-31 01:07:36,746 [grpc-default-executor-2] INFO  leader.FollowerInfo (FollowerInfoImpl.java:lambda$new$0(47)) - omNode-3@group-523986131536->omNode-1: nextIndex: updateUnconditionally 22 -> 12
2021-10-31 01:07:37,248 [grpc-default-executor-2] INFO  server.RaftServer$Division (RaftServerImpl.java:checkInconsistentAppendEntries(1322)) - omNode-1@group-523986131536: Failed appendEntries as previous log entry ((t:5, i:21)) is not found
2021-10-31 01:07:37,248 [grpc-default-executor-2] INFO  server.RaftServer$Division (RaftServerImpl.java:checkInconsistentAppendEntries(1288)) - omNode-1@group-523986131536: inconsistency entries. Reply:omNode-3<-omNode-1#10242:FAIL-t5,INCONSISTENCY,nextIndex=12,followerCommit=11
2021-10-31 01:07:37,248 [grpc-default-executor-2] INFO  leader.FollowerInfo (FollowerInfoImpl.java:lambda$new$0(47)) - omNode-3@group-523986131536->omNode-1: nextIndex: updateUnconditionally 22 -> 12
2021-10-31 01:07:37,750 [grpc-default-executor-6] INFO  server.RaftServer$Division (RaftServerImpl.java:checkInconsistentAppendEntries(1322)) - omNode-1@group-523986131536: Failed appendEntries as previous log entry ((t:5, i:21)) is not found
2021-10-31 01:07:37,750 [grpc-default-executor-6] INFO  server.RaftServer$Division (RaftServerImpl.java:checkInconsistentAppendEntries(1288)) - omNode-1@group-523986131536: inconsistency entries. Reply:omNode-3<-omNode-1#10293:FAIL-t5,INCONSISTENCY,nextIndex=12,followerCommit=11
2021-10-31 01:07:37,750 [grpc-default-executor-2] INFO  leader.FollowerInfo (FollowerInfoImpl.java:lambda$new$0(47)) - omNode-3@group-523986131536->omNode-1: nextIndex: updateUnconditionally 22 -> 12
2021-10-31 01:07:38,252 [grpc-default-executor-2] INFO  server.RaftServer$Division (RaftServerImpl.java:checkInconsistentAppendEntries(1322)) - omNode-1@group-523986131536: Failed appendEntries as previous log entry ((t:5, i:21)) is not found
2021-10-31 01:07:38,252 [grpc-default-executor-2] INFO  server.RaftServer$Division (RaftServerImpl.java:checkInconsistentAppendEntries(1288)) - omNode-1@group-523986131536: inconsistency entries. Reply:omNode-3<-omNode-1#10344:FAIL-t5,INCONSISTENCY,nextIndex=12,followerCommit=11
2021-10-31 01:07:38,252 [grpc-default-executor-2] INFO  leader.FollowerInfo (FollowerInfoImpl.java:lambda$new$0(47)) - omNode-3@group-523986131536->omNode-1: nextIndex: updateUnconditionally 22 -> 12
2021-10-31 01:07:38,755 [grpc-default-executor-6] INFO  server.RaftServer$Division (RaftServerImpl.java:checkInconsistentAppendEntries(1322)) - omNode-1@group-523986131536: Failed appendEntries as previous log entry ((t:5, i:21)) is not found
2021-10-31 01:07:38,755 [grpc-default-executor-6] INFO  server.RaftServer$Division (RaftServerImpl.java:checkInconsistentAppendEntries(1288)) - omNode-1@group-523986131536: inconsistency entries. Reply:omNode-3<-omNode-1#10395:FAIL-t5,INCONSISTENCY,nextIndex=12,followerCommit=11
2021-10-31 01:07:38,756 [grpc-default-executor-6] INFO  leader.FollowerInfo (FollowerInfoImpl.java:lambda$new$0(47)) - omNode-3@group-523986131536->omNode-1: nextIndex: updateUnconditionally 22 -> 12
2021-10-31 01:07:39,257 [grpc-default-executor-2] INFO  server.RaftServer$Division (RaftServerImpl.java:checkInconsistentAppendEntries(1322)) - omNode-1@group-523986131536: Failed appendEntries as previous log entry ((t:5, i:21)) is not found
2021-10-31 01:07:39,257 [grpc-default-executor-2] INFO  server.RaftServer$Division (RaftServerImpl.java:checkInconsistentAppendEntries(1288)) - omNode-1@group-523986131536: inconsistency entries. Reply:omNode-3<-omNode-1#10446:FAIL-t5,INCONSISTENCY,nextIndex=12,followerCommit=11
2021-10-31 01:07:39,257 [grpc-default-executor-2] INFO  leader.FollowerInfo (FollowerInfoImpl.java:lambda$new$0(47)) - omNode-3@group-523986131536->omNode-1: nextIndex: updateUnconditionally 22 -> 12
2021-10-31 01:07:39,759 [grpc-default-executor-6] INFO  server.RaftServer$Division (RaftServerImpl.java:checkInconsistentAppendEntries(1322)) - omNode-1@group-523986131536: Failed appendEntries as previous log entry ((t:5, i:21)) is not found
2021-10-31 01:07:39,759 [grpc-default-executor-6] INFO  server.RaftServer$Division (RaftServerImpl.java:checkInconsistentAppendEntries(1288)) - omNode-1@group-523986131536: inconsistency entries. Reply:omNode-3<-omNode-1#10497:FAIL-t5,INCONSISTENCY,nextIndex=12,followerCommit=11
2021-10-31 01:07:39,759 [grpc-default-executor-2] INFO  leader.FollowerInfo (FollowerInfoImpl.java:lambda$new$0(47)) - omNode-3@group-523986131536->omNode-1: nextIndex: updateUnconditionally 22 -> 12
2021-10-31 01:07:40,261 [grpc-default-executor-6] INFO  server.RaftServer$Division (RaftServerImpl.java:checkInconsistentAppendEntries(1322)) - omNode-1@group-523986131536: Failed appendEntries as previous log entry ((t:5, i:21)) is not found
2021-10-31 01:07:40,261 [grpc-default-executor-6] INFO  server.RaftServer$Division (RaftServerImpl.java:checkInconsistentAppendEntries(1288)) - omNode-1@group-523986131536: inconsistency entries. Reply:omNode-3<-omNode-1#10548:FAIL-t5,INCONSISTENCY,nextIndex=12,followerCommit=11
2021-10-31 01:07:40,261 [grpc-default-executor-6] INFO  leader.FollowerInfo (FollowerInfoImpl.java:lambda$new$0(47)) - omNode-3@group-523986131536->omNode-1: nextIndex: updateUnconditionally 22 -> 12
2021-10-31 01:07:40,763 [grpc-default-executor-6] INFO  server.RaftServer$Division (RaftServerImpl.java:checkInconsistentAppendEntries(1322)) - omNode-1@group-523986131536: Failed appendEntries as previous log entry ((t:5, i:21)) is not found
2021-10-31 01:07:40,763 [grpc-default-executor-6] INFO  server.RaftServer$Division (RaftServerImpl.java:checkInconsistentAppendEntries(1288)) - omNode-1@group-523986131536: inconsistency entries. Reply:omNode-3<-omNode-1#10599:FAIL-t5,INCONSISTENCY,nextIndex=12,followerCommit=11
2021-10-31 01:07:40,764 [grpc-default-executor-2] INFO  leader.FollowerInfo (FollowerInfoImpl.java:lambda$new$0(47)) - omNode-3@group-523986131536->omNode-1: nextIndex: updateUnconditionally 22 -> 12
2021-10-31 01:07:41,265 [grpc-default-executor-2] INFO  server.RaftServer$Division (RaftServerImpl.java:checkInconsistentAppendEntries(1322)) - omNode-1@group-523986131536: Failed appendEntries as previous log entry ((t:5, i:21)) is not found
2021-10-31 01:07:41,265 [grpc-default-executor-2] INFO  server.RaftServer$Division (RaftServerImpl.java:checkInconsistentAppendEntries(1288)) - omNode-1@group-523986131536: inconsistency entries. Reply:omNode-3<-omNode-1#10650:FAIL-t5,INCONSISTENCY,nextIndex=12,followerCommit=11
2021-10-31 01:07:41,266 [grpc-default-executor-6] INFO  leader.FollowerInfo (FollowerInfoImpl.java:lambda$new$0(47)) - omNode-3@group-523986131536->omNode-1: nextIndex: updateUnconditionally 22 -> 12
2021-10-31 01:07:41,767 [grpc-default-executor-6] INFO  server.RaftServer$Division (RaftServerImpl.java:checkInconsistentAppendEntries(1322)) - omNode-1@group-523986131536: Failed appendEntries as previous log entry ((t:5, i:21)) is not found
2021-10-31 01:07:41,767 [grpc-default-executor-6] INFO  server.RaftServer$Division (RaftServerImpl.java:checkInconsistentAppendEntries(1288)) - omNode-1@group-523986131536: inconsistency entries. Reply:omNode-3<-omNode-1#10701:FAIL-t5,INCONSISTENCY,nextIndex=12,followerCommit=11
2021-10-31 01:07:41,767 [grpc-default-executor-2] INFO  leader.FollowerInfo (FollowerInfoImpl.java:lambda$new$0(47)) - omNode-3@group-523986131536->omNode-1: nextIndex: updateUnconditionally 22 -> 12
2021-10-31 01:07:42,269 [grpc-default-executor-2] INFO  server.RaftServer$Division (RaftServerImpl.java:checkInconsistentAppendEntries(1322)) - omNode-1@group-523986131536: Failed appendEntries as previous log entry ((t:5, i:21)) is not found
2021-10-31 01:07:42,269 [grpc-default-executor-2] INFO  server.RaftServer$Division (RaftServerImpl.java:checkInconsistentAppendEntries(1288)) - omNode-1@group-523986131536: inconsistency entries. Reply:omNode-3<-omNode-1#10752:FAIL-t5,INCONSISTENCY,nextIndex=12,followerCommit=11
2021-10-31 01:07:42,270 [grpc-default-executor-2] INFO  leader.FollowerInfo (FollowerInfoImpl.java:lambda$new$0(47)) - omNode-3@group-523986131536->omNode-1: nextIndex: updateUnconditionally 22 -> 12
2021-10-31 01:07:42,771 [grpc-default-executor-2] INFO  server.RaftServer$Division (RaftServerImpl.java:checkInconsistentAppendEntries(1322)) - omNode-1@group-523986131536: Failed appendEntries as previous log entry ((t:5, i:21)) is not found
2021-10-31 01:07:42,771 [grpc-default-executor-2] INFO  server.RaftServer$Division (RaftServerImpl.java:checkInconsistentAppendEntries(1288)) - omNode-1@group-523986131536: inconsistency entries. Reply:omNode-3<-omNode-1#10803:FAIL-t5,INCONSISTENCY,nextIndex=12,followerCommit=11
2021-10-31 01:07:42,772 [grpc-default-executor-2] INFO  leader.FollowerInfo (FollowerInfoImpl.java:lambda$new$0(47)) - omNode-3@group-523986131536->omNode-1: nextIndex: updateUnconditionally 22 -> 12
2021-10-31 01:07:43,273 [grpc-default-executor-2] INFO  server.RaftServer$Division (RaftServerImpl.java:checkInconsistentAppendEntries(1322)) - omNode-1@group-523986131536: Failed appendEntries as previous log entry ((t:5, i:21)) is not found
2021-10-31 01:07:43,273 [grpc-default-executor-2] INFO  server.RaftServer$Division (RaftServerImpl.java:checkInconsistentAppendEntries(1288)) - omNode-1@group-523986131536: inconsistency entries. Reply:omNode-3<-omNode-1#10854:FAIL-t5,INCONSISTENCY,nextIndex=12,followerCommit=11
2021-10-31 01:07:43,273 [grpc-default-executor-6] INFO  leader.FollowerInfo (FollowerInfoImpl.java:lambda$new$0(47)) - omNode-3@group-523986131536->omNode-1: nextIndex: updateUnconditionally 22 -> 12
2021-10-31 01:07:43,776 [grpc-default-executor-6] INFO  server.RaftServer$Division (RaftServerImpl.java:checkInconsistentAppendEntries(1322)) - omNode-1@group-523986131536: Failed appendEntries as previous log entry ((t:5, i:21)) is not found
2021-10-31 01:07:43,776 [grpc-default-executor-6] INFO  server.RaftServer$Division (RaftServerImpl.java:checkInconsistentAppendEntries(1288)) - omNode-1@group-523986131536: inconsistency entries. Reply:omNode-3<-omNode-1#10905:FAIL-t5,INCONSISTENCY,nextIndex=12,followerCommit=11
2021-10-31 01:07:43,777 [grpc-default-executor-6] INFO  leader.FollowerInfo (FollowerInfoImpl.java:lambda$new$0(47)) - omNode-3@group-523986131536->omNode-1: nextIndex: updateUnconditionally 22 -> 12
2021-10-31 01:07:44,278 [grpc-default-executor-6] INFO  server.RaftServer$Division (RaftServerImpl.java:checkInconsistentAppendEntries(1322)) - omNode-1@group-523986131536: Failed appendEntries as previous log entry ((t:5, i:21)) is not found
2021-10-31 01:07:44,278 [grpc-default-executor-6] INFO  server.RaftServer$Division (RaftServerImpl.java:checkInconsistentAppendEntries(1288)) - omNode-1@group-523986131536: inconsistency entries. Reply:omNode-3<-omNode-1#10956:FAIL-t5,INCONSISTENCY,nextIndex=12,followerCommit=11
2021-10-31 01:07:44,278 [grpc-default-executor-6] INFO  leader.FollowerInfo (FollowerInfoImpl.java:lambda$new$0(47)) - omNode-3@group-523986131536->omNode-1: nextIndex: updateUnconditionally 22 -> 12
2021-10-31 01:07:44,780 [grpc-default-executor-6] INFO  server.RaftServer$Division (RaftServerImpl.java:checkInconsistentAppendEntries(1322)) - omNode-1@group-523986131536: Failed appendEntries as previous log entry ((t:5, i:21)) is not found
2021-10-31 01:07:44,780 [grpc-default-executor-6] INFO  server.RaftServer$Division (RaftServerImpl.java:checkInconsistentAppendEntries(1288)) - omNode-1@group-523986131536: inconsistency entries. Reply:omNode-3<-omNode-1#11007:FAIL-t5,INCONSISTENCY,nextIndex=12,followerCommit=11
2021-10-31 01:07:44,780 [grpc-default-executor-6] INFO  leader.FollowerInfo (FollowerInfoImpl.java:lambda$new$0(47)) - omNode-3@group-523986131536->omNode-1: nextIndex: updateUnconditionally 22 -> 12
2021-10-31 01:07:45,282 [grpc-default-executor-6] INFO  server.RaftServer$Division (RaftServerImpl.java:checkInconsistentAppendEntries(1322)) - omNode-1@group-523986131536: Failed appendEntries as previous log entry ((t:5, i:21)) is not found
2021-10-31 01:07:45,282 [grpc-default-executor-6] INFO  server.RaftServer$Division (RaftServerImpl.java:checkInconsistentAppendEntries(1288)) - omNode-1@group-523986131536: inconsistency entries. Reply:omNode-3<-omNode-1#11058:FAIL-t5,INCONSISTENCY,nextIndex=12,followerCommit=11
2021-10-31 01:07:45,282 [grpc-default-executor-2] INFO  leader.FollowerInfo (FollowerInfoImpl.java:lambda$new$0(47)) - omNode-3@group-523986131536->omNode-1: nextIndex: updateUnconditionally 22 -> 12
2021-10-31 01:07:45,783 [grpc-default-executor-6] INFO  server.RaftServer$Division (RaftServerImpl.java:checkInconsistentAppendEntries(1322)) - omNode-1@group-523986131536: Failed appendEntries as previous log entry ((t:5, i:21)) is not found
2021-10-31 01:07:45,784 [grpc-default-executor-6] INFO  server.RaftServer$Division (RaftServerImpl.java:checkInconsistentAppendEntries(1288)) - omNode-1@group-523986131536: inconsistency entries. Reply:omNode-3<-omNode-1#11109:FAIL-t5,INCONSISTENCY,nextIndex=12,followerCommit=11
2021-10-31 01:07:45,784 [grpc-default-executor-6] INFO  leader.FollowerInfo (FollowerInfoImpl.java:lambda$new$0(47)) - omNode-3@group-523986131536->omNode-1: nextIndex: updateUnconditionally 22 -> 12
2021-10-31 01:07:46,285 [grpc-default-executor-2] INFO  server.RaftServer$Division (RaftServerImpl.java:checkInconsistentAppendEntries(1322)) - omNode-1@group-523986131536: Failed appendEntries as previous log entry ((t:5, i:21)) is not found
2021-10-31 01:07:46,285 [grpc-default-executor-2] INFO  server.RaftServer$Division (RaftServerImpl.java:checkInconsistentAppendEntries(1288)) - omNode-1@group-523986131536: inconsistency entries. Reply:omNode-3<-omNode-1#11160:FAIL-t5,INCONSISTENCY,nextIndex=12,followerCommit=11
2021-10-31 01:07:46,286 [grpc-default-executor-2] INFO  leader.FollowerInfo (FollowerInfoImpl.java:lambda$new$0(47)) - omNode-3@group-523986131536->omNode-1: nextIndex: updateUnconditionally 22 -> 12
2021-10-31 01:07:46,787 [grpc-default-executor-2] INFO  server.RaftServer$Division (RaftServerImpl.java:checkInconsistentAppendEntries(1322)) - omNode-1@group-523986131536: Failed appendEntries as previous log entry ((t:5, i:21)) is not found
2021-10-31 01:07:46,788 [grpc-default-executor-2] INFO  server.RaftServer$Division (RaftServerImpl.java:checkInconsistentAppendEntries(1288)) - omNode-1@group-523986131536: inconsistency entries. Reply:omNode-3<-omNode-1#11211:FAIL-t5,INCONSISTENCY,nextIndex=12,followerCommit=11
2021-10-31 01:07:46,788 [grpc-default-executor-6] INFO  leader.FollowerInfo (FollowerInfoImpl.java:lambda$new$0(47)) - omNode-3@group-523986131536->omNode-1: nextIndex: updateUnconditionally 22 -> 12
2021-10-31 01:07:47,289 [grpc-default-executor-6] INFO  server.RaftServer$Division (RaftServerImpl.java:checkInconsistentAppendEntries(1322)) - omNode-1@group-523986131536: Failed appendEntries as previous log entry ((t:5, i:21)) is not found
2021-10-31 01:07:47,290 [grpc-default-executor-6] INFO  server.RaftServer$Division (RaftServerImpl.java:checkInconsistentAppendEntries(1288)) - omNode-1@group-523986131536: inconsistency entries. Reply:omNode-3<-omNode-1#11262:FAIL-t5,INCONSISTENCY,nextIndex=12,followerCommit=11
2021-10-31 01:07:47,290 [grpc-default-executor-6] INFO  leader.FollowerInfo (FollowerInfoImpl.java:lambda$new$0(47)) - omNode-3@group-523986131536->omNode-1: nextIndex: updateUnconditionally 22 -> 12
2021-10-31 01:07:47,792 [grpc-default-executor-6] INFO  server.RaftServer$Division (RaftServerImpl.java:checkInconsistentAppendEntries(1322)) - omNode-1@group-523986131536: Failed appendEntries as previous log entry ((t:5, i:21)) is not found
2021-10-31 01:07:47,793 [grpc-default-executor-6] INFO  server.RaftServer$Division (RaftServerImpl.java:checkInconsistentAppendEntries(1288)) - omNode-1@group-523986131536: inconsistency entries. Reply:omNode-3<-omNode-1#11313:FAIL-t5,INCONSISTENCY,nextIndex=12,followerCommit=11
2021-10-31 01:07:47,793 [grpc-default-executor-6] INFO  leader.FollowerInfo (FollowerInfoImpl.java:lambda$new$0(47)) - omNode-3@group-523986131536->omNode-1: nextIndex: updateUnconditionally 22 -> 12
2021-10-31 01:07:48,294 [grpc-default-executor-2] INFO  server.RaftServer$Division (RaftServerImpl.java:checkInconsistentAppendEntries(1322)) - omNode-1@group-523986131536: Failed appendEntries as previous log entry ((t:5, i:21)) is not found
2021-10-31 01:07:48,295 [grpc-default-executor-2] INFO  server.RaftServer$Division (RaftServerImpl.java:checkInconsistentAppendEntries(1288)) - omNode-1@group-523986131536: inconsistency entries. Reply:omNode-3<-omNode-1#11364:FAIL-t5,INCONSISTENCY,nextIndex=12,followerCommit=11
2021-10-31 01:07:48,295 [grpc-default-executor-2] INFO  leader.FollowerInfo (FollowerInfoImpl.java:lambda$new$0(47)) - omNode-3@group-523986131536->omNode-1: nextIndex: updateUnconditionally 22 -> 12
2021-10-31 01:07:48,797 [grpc-default-executor-2] INFO  server.RaftServer$Division (RaftServerImpl.java:checkInconsistentAppendEntries(1322)) - omNode-1@group-523986131536: Failed appendEntries as previous log entry ((t:5, i:21)) is not found
2021-10-31 01:07:48,797 [grpc-default-executor-2] INFO  server.RaftServer$Division (RaftServerImpl.java:checkInconsistentAppendEntries(1288)) - omNode-1@group-523986131536: inconsistency entries. Reply:omNode-3<-omNode-1#11415:FAIL-t5,INCONSISTENCY,nextIndex=12,followerCommit=11
2021-10-31 01:07:48,797 [grpc-default-executor-2] INFO  leader.FollowerInfo (FollowerInfoImpl.java:lambda$new$0(47)) - omNode-3@group-523986131536->omNode-1: nextIndex: updateUnconditionally 22 -> 12
2021-10-31 01:07:49,299 [grpc-default-executor-6] INFO  server.RaftServer$Division (RaftServerImpl.java:checkInconsistentAppendEntries(1322)) - omNode-1@group-523986131536: Failed appendEntries as previous log entry ((t:5, i:21)) is not found
2021-10-31 01:07:49,299 [grpc-default-executor-6] INFO  server.RaftServer$Division (RaftServerImpl.java:checkInconsistentAppendEntries(1288)) - omNode-1@group-523986131536: inconsistency entries. Reply:omNode-3<-omNode-1#11466:FAIL-t5,INCONSISTENCY,nextIndex=12,followerCommit=11
2021-10-31 01:07:49,299 [grpc-default-executor-2] INFO  leader.FollowerInfo (FollowerInfoImpl.java:lambda$new$0(47)) - omNode-3@group-523986131536->omNode-1: nextIndex: updateUnconditionally 22 -> 12
2021-10-31 01:07:49,801 [grpc-default-executor-6] INFO  server.RaftServer$Division (RaftServerImpl.java:checkInconsistentAppendEntries(1322)) - omNode-1@group-523986131536: Failed appendEntries as previous log entry ((t:5, i:21)) is not found
2021-10-31 01:07:49,801 [grpc-default-executor-6] INFO  server.RaftServer$Division (RaftServerImpl.java:checkInconsistentAppendEntries(1288)) - omNode-1@group-523986131536: inconsistency entries. Reply:omNode-3<-omNode-1#11517:FAIL-t5,INCONSISTENCY,nextIndex=12,followerCommit=11
2021-10-31 01:07:49,801 [grpc-default-executor-2] INFO  leader.FollowerInfo (FollowerInfoImpl.java:lambda$new$0(47)) - omNode-3@group-523986131536->omNode-1: nextIndex: updateUnconditionally 22 -> 12
2021-10-31 01:07:50,303 [grpc-default-executor-2] INFO  server.RaftServer$Division (RaftServerImpl.java:checkInconsistentAppendEntries(1322)) - omNode-1@group-523986131536: Failed appendEntries as previous log entry ((t:5, i:21)) is not found
2021-10-31 01:07:50,303 [grpc-default-executor-2] INFO  server.RaftServer$Division (RaftServerImpl.java:checkInconsistentAppendEntries(1288)) - omNode-1@group-523986131536: inconsistency entries. Reply:omNode-3<-omNode-1#11568:FAIL-t5,INCONSISTENCY,nextIndex=12,followerCommit=11
2021-10-31 01:07:50,303 [grpc-default-executor-2] INFO  leader.FollowerInfo (FollowerInfoImpl.java:lambda$new$0(47)) - omNode-3@group-523986131536->omNode-1: nextIndex: updateUnconditionally 22 -> 12
2021-10-31 01:07:50,805 [grpc-default-executor-6] INFO  server.RaftServer$Division (RaftServerImpl.java:checkInconsistentAppendEntries(1322)) - omNode-1@group-523986131536: Failed appendEntries as previous log entry ((t:5, i:21)) is not found
2021-10-31 01:07:50,805 [grpc-default-executor-6] INFO  server.RaftServer$Division (RaftServerImpl.java:checkInconsistentAppendEntries(1288)) - omNode-1@group-523986131536: inconsistency entries. Reply:omNode-3<-omNode-1#11619:FAIL-t5,INCONSISTENCY,nextIndex=12,followerCommit=11
2021-10-31 01:07:50,806 [grpc-default-executor-6] INFO  leader.FollowerInfo (FollowerInfoImpl.java:lambda$new$0(47)) - omNode-3@group-523986131536->omNode-1: nextIndex: updateUnconditionally 22 -> 12
2021-10-31 01:07:51,307 [grpc-default-executor-6] INFO  server.RaftServer$Division (RaftServerImpl.java:checkInconsistentAppendEntries(1322)) - omNode-1@group-523986131536: Failed appendEntries as previous log entry ((t:5, i:21)) is not found
2021-10-31 01:07:51,307 [grpc-default-executor-6] INFO  server.RaftServer$Division (RaftServerImpl.java:checkInconsistentAppendEntries(1288)) - omNode-1@group-523986131536: inconsistency entries. Reply:omNode-3<-omNode-1#11670:FAIL-t5,INCONSISTENCY,nextIndex=12,followerCommit=11
2021-10-31 01:07:51,308 [grpc-default-executor-2] INFO  leader.FollowerInfo (FollowerInfoImpl.java:lambda$new$0(47)) - omNode-3@group-523986131536->omNode-1: nextIndex: updateUnconditionally 22 -> 12
2021-10-31 01:07:51,810 [grpc-default-executor-6] INFO  server.RaftServer$Division (RaftServerImpl.java:checkInconsistentAppendEntries(1322)) - omNode-1@group-523986131536: Failed appendEntries as previous log entry ((t:5, i:21)) is not found
2021-10-31 01:07:51,810 [grpc-default-executor-6] INFO  server.RaftServer$Division (RaftServerImpl.java:checkInconsistentAppendEntries(1288)) - omNode-1@group-523986131536: inconsistency entries. Reply:omNode-3<-omNode-1#11721:FAIL-t5,INCONSISTENCY,nextIndex=12,followerCommit=11
2021-10-31 01:07:51,810 [grpc-default-executor-6] INFO  leader.FollowerInfo (FollowerInfoImpl.java:lambda$new$0(47)) - omNode-3@group-523986131536->omNode-1: nextIndex: updateUnconditionally 22 -> 12
2021-10-31 01:07:52,311 [grpc-default-executor-6] INFO  server.RaftServer$Division (RaftServerImpl.java:checkInconsistentAppendEntries(1322)) - omNode-1@group-523986131536: Failed appendEntries as previous log entry ((t:5, i:21)) is not found
2021-10-31 01:07:52,312 [grpc-default-executor-6] INFO  server.RaftServer$Division (RaftServerImpl.java:checkInconsistentAppendEntries(1288)) - omNode-1@group-523986131536: inconsistency entries. Reply:omNode-3<-omNode-1#11772:FAIL-t5,INCONSISTENCY,nextIndex=12,followerCommit=11
2021-10-31 01:07:52,312 [grpc-default-executor-6] INFO  leader.FollowerInfo (FollowerInfoImpl.java:lambda$new$0(47)) - omNode-3@group-523986131536->omNode-1: nextIndex: updateUnconditionally 22 -> 12
2021-10-31 01:07:52,813 [grpc-default-executor-6] INFO  server.RaftServer$Division (RaftServerImpl.java:checkInconsistentAppendEntries(1322)) - omNode-1@group-523986131536: Failed appendEntries as previous log entry ((t:5, i:21)) is not found
2021-10-31 01:07:52,813 [grpc-default-executor-6] INFO  server.RaftServer$Division (RaftServerImpl.java:checkInconsistentAppendEntries(1288)) - omNode-1@group-523986131536: inconsistency entries. Reply:omNode-3<-omNode-1#11823:FAIL-t5,INCONSISTENCY,nextIndex=12,followerCommit=11
2021-10-31 01:07:52,814 [grpc-default-executor-6] INFO  leader.FollowerInfo (FollowerInfoImpl.java:lambda$new$0(47)) - omNode-3@group-523986131536->omNode-1: nextIndex: updateUnconditionally 22 -> 12
2021-10-31 01:07:53,315 [grpc-default-executor-6] INFO  server.RaftServer$Division (RaftServerImpl.java:checkInconsistentAppendEntries(1322)) - omNode-1@group-523986131536: Failed appendEntries as previous log entry ((t:5, i:21)) is not found
2021-10-31 01:07:53,315 [grpc-default-executor-6] INFO  server.RaftServer$Division (RaftServerImpl.java:checkInconsistentAppendEntries(1288)) - omNode-1@group-523986131536: inconsistency entries. Reply:omNode-3<-omNode-1#11874:FAIL-t5,INCONSISTENCY,nextIndex=12,followerCommit=11
2021-10-31 01:07:53,315 [grpc-default-executor-6] INFO  leader.FollowerInfo (FollowerInfoImpl.java:lambda$new$0(47)) - omNode-3@group-523986131536->omNode-1: nextIndex: updateUnconditionally 22 -> 12
2021-10-31 01:07:53,817 [grpc-default-executor-6] INFO  server.RaftServer$Division (RaftServerImpl.java:checkInconsistentAppendEntries(1322)) - omNode-1@group-523986131536: Failed appendEntries as previous log entry ((t:5, i:21)) is not found
2021-10-31 01:07:53,817 [grpc-default-executor-6] INFO  server.RaftServer$Division (RaftServerImpl.java:checkInconsistentAppendEntries(1288)) - omNode-1@group-523986131536: inconsistency entries. Reply:omNode-3<-omNode-1#11925:FAIL-t5,INCONSISTENCY,nextIndex=12,followerCommit=11
2021-10-31 01:07:53,818 [grpc-default-executor-2] INFO  leader.FollowerInfo (FollowerInfoImpl.java:lambda$new$0(47)) - omNode-3@group-523986131536->omNode-1: nextIndex: updateUnconditionally 22 -> 12
2021-10-31 01:07:54,319 [grpc-default-executor-6] INFO  server.RaftServer$Division (RaftServerImpl.java:checkInconsistentAppendEntries(1322)) - omNode-1@group-523986131536: Failed appendEntries as previous log entry ((t:5, i:21)) is not found
2021-10-31 01:07:54,320 [grpc-default-executor-6] INFO  server.RaftServer$Division (RaftServerImpl.java:checkInconsistentAppendEntries(1288)) - omNode-1@group-523986131536: inconsistency entries. Reply:omNode-3<-omNode-1#11975:FAIL-t5,INCONSISTENCY,nextIndex=12,followerCommit=11
2021-10-31 01:07:54,320 [grpc-default-executor-6] INFO  leader.FollowerInfo (FollowerInfoImpl.java:lambda$new$0(47)) - omNode-3@group-523986131536->omNode-1: nextIndex: updateUnconditionally 22 -> 12
2021-10-31 01:07:54,822 [grpc-default-executor-6] INFO  server.RaftServer$Division (RaftServerImpl.java:checkInconsistentAppendEntries(1322)) - omNode-1@group-523986131536: Failed appendEntries as previous log entry ((t:5, i:21)) is not found
2021-10-31 01:07:54,822 [grpc-default-executor-6] INFO  server.RaftServer$Division (RaftServerImpl.java:checkInconsistentAppendEntries(1288)) - omNode-1@group-523986131536: inconsistency entries. Reply:omNode-3<-omNode-1#12026:FAIL-t5,INCONSISTENCY,nextIndex=12,followerCommit=11
2021-10-31 01:07:54,822 [grpc-default-executor-6] INFO  leader.FollowerInfo (FollowerInfoImpl.java:lambda$new$0(47)) - omNode-3@group-523986131536->omNode-1: nextIndex: updateUnconditionally 22 -> 12
2021-10-31 01:07:55,323 [grpc-default-executor-2] INFO  server.RaftServer$Division (RaftServerImpl.java:checkInconsistentAppendEntries(1322)) - omNode-1@group-523986131536: Failed appendEntries as previous log entry ((t:5, i:21)) is not found
2021-10-31 01:07:55,323 [grpc-default-executor-2] INFO  server.RaftServer$Division (RaftServerImpl.java:checkInconsistentAppendEntries(1288)) - omNode-1@group-523986131536: inconsistency entries. Reply:omNode-3<-omNode-1#12077:FAIL-t5,INCONSISTENCY,nextIndex=12,followerCommit=11
2021-10-31 01:07:55,324 [grpc-default-executor-2] INFO  leader.FollowerInfo (FollowerInfoImpl.java:lambda$new$0(47)) - omNode-3@group-523986131536->omNode-1: nextIndex: updateUnconditionally 22 -> 12
2021-10-31 01:07:55,825 [grpc-default-executor-6] INFO  server.RaftServer$Division (RaftServerImpl.java:checkInconsistentAppendEntries(1322)) - omNode-1@group-523986131536: Failed appendEntries as previous log entry ((t:5, i:21)) is not found
2021-10-31 01:07:55,826 [grpc-default-executor-6] INFO  server.RaftServer$Division (RaftServerImpl.java:checkInconsistentAppendEntries(1288)) - omNode-1@group-523986131536: inconsistency entries. Reply:omNode-3<-omNode-1#12128:FAIL-t5,INCONSISTENCY,nextIndex=12,followerCommit=11
2021-10-31 01:07:55,826 [grpc-default-executor-2] INFO  leader.FollowerInfo (FollowerInfoImpl.java:lambda$new$0(47)) - omNode-3@group-523986131536->omNode-1: nextIndex: updateUnconditionally 22 -> 12
2021-10-31 01:07:56,327 [grpc-default-executor-2] INFO  server.RaftServer$Division (RaftServerImpl.java:checkInconsistentAppendEntries(1322)) - omNode-1@group-523986131536: Failed appendEntries as previous log entry ((t:5, i:21)) is not found
2021-10-31 01:07:56,327 [grpc-default-executor-2] INFO  server.RaftServer$Division (RaftServerImpl.java:checkInconsistentAppendEntries(1288)) - omNode-1@group-523986131536: inconsistency entries. Reply:omNode-3<-omNode-1#12178:FAIL-t5,INCONSISTENCY,nextIndex=12,followerCommit=11
2021-10-31 01:07:56,328 [grpc-default-executor-2] INFO  leader.FollowerInfo (FollowerInfoImpl.java:lambda$new$0(47)) - omNode-3@group-523986131536->omNode-1: nextIndex: updateUnconditionally 22 -> 12
2021-10-31 01:07:56,830 [grpc-default-executor-6] INFO  server.RaftServer$Division (RaftServerImpl.java:checkInconsistentAppendEntries(1322)) - omNode-1@group-523986131536: Failed appendEntries as previous log entry ((t:5, i:21)) is not found
2021-10-31 01:07:56,830 [grpc-default-executor-6] INFO  server.RaftServer$Division (RaftServerImpl.java:checkInconsistentAppendEntries(1288)) - omNode-1@group-523986131536: inconsistency entries. Reply:omNode-3<-omNode-1#12229:FAIL-t5,INCONSISTENCY,nextIndex=12,followerCommit=11
2021-10-31 01:07:56,830 [grpc-default-executor-2] INFO  leader.FollowerInfo (FollowerInfoImpl.java:lambda$new$0(47)) - omNode-3@group-523986131536->omNode-1: nextIndex: updateUnconditionally 22 -> 12
2021-10-31 01:07:57,331 [grpc-default-executor-6] INFO  server.RaftServer$Division (RaftServerImpl.java:checkInconsistentAppendEntries(1322)) - omNode-1@group-523986131536: Failed appendEntries as previous log entry ((t:5, i:21)) is not found
2021-10-31 01:07:57,331 [grpc-default-executor-6] INFO  server.RaftServer$Division (RaftServerImpl.java:checkInconsistentAppendEntries(1288)) - omNode-1@group-523986131536: inconsistency entries. Reply:omNode-3<-omNode-1#12280:FAIL-t5,INCONSISTENCY,nextIndex=12,followerCommit=11
2021-10-31 01:07:57,332 [grpc-default-executor-6] INFO  leader.FollowerInfo (FollowerInfoImpl.java:lambda$new$0(47)) - omNode-3@group-523986131536->omNode-1: nextIndex: updateUnconditionally 22 -> 12
2021-10-31 01:07:57,467 [Time-limited test] INFO  om.OzoneManager (OzoneManager.java:stop(1677)) - Stopping Ozone Manager
2021-10-31 01:07:57,467 [Time-limited test] INFO  ipc.Server (Server.java:stop(3414)) - Stopping server on 11928
2021-10-31 01:07:57,471 [IPC Server Responder] INFO  ipc.Server (Server.java:run(1512)) - Stopping IPC Server Responder
2021-10-31 01:07:57,471 [IPC Server listener on 11928] INFO  ipc.Server (Server.java:run(1376)) - Stopping IPC Server listener on 11928
2021-10-31 01:07:57,472 [Time-limited test] INFO  server.RaftServer (RaftServerProxy.java:lambda$close$6(391)) - omNode-3: close
2021-10-31 01:07:57,472 [Time-limited test] INFO  server.RaftServer$Division (RaftServerImpl.java:lambda$close$4(412)) - omNode-3@group-523986131536: shutdown
2021-10-31 01:07:57,472 [Time-limited test] INFO  util.JmxRegister (JmxRegister.java:unregister(73)) - Successfully un-registered JMX Bean with object name Ratis:service=RaftServer,group=group-523986131536,id=omNode-3
2021-10-31 01:07:57,472 [Time-limited test] INFO  impl.RoleInfo (RoleInfo.java:shutdownLeaderState(91)) - omNode-3: shutdown omNode-3@group-523986131536-LeaderStateImpl
2021-10-31 01:07:57,473 [omNode-3@group-523986131536->omNode-1-GrpcLogAppender-LogAppenderDaemon] WARN  server.GrpcLogAppender (GrpcLogAppender.java:mayWait(177)) - omNode-3@group-523986131536->omNode-1-GrpcLogAppender: Wait interrupted by java.lang.InterruptedException
2021-10-31 01:07:57,473 [omNode-3@group-523986131536->omNode-2-GrpcLogAppender-LogAppenderDaemon] WARN  server.GrpcLogAppender (GrpcLogAppender.java:mayWait(177)) - omNode-3@group-523986131536->omNode-2-GrpcLogAppender: Wait interrupted by java.lang.InterruptedException
2021-10-31 01:07:57,474 [grpc-default-executor-2] INFO  server.GrpcServerProtocolService (GrpcServerProtocolService.java:onCompleted(140)) - omNode-1: Completed APPEND_ENTRIES, lastRequest: omNode-3->omNode-1#12281-t5,previous=(t:0, i:0),leaderCommit=10,initializing? false,entries: size=10, first=(t:3, i:12), CONFIGURATIONENTRY
2021-10-31 01:07:57,475 [grpc-default-executor-8] INFO  server.GrpcLogAppender (GrpcLogAppender.java:onCompleted(346)) - omNode-3@group-523986131536->omNode-1-AppendLogResponseHandler: follower responses appendEntries COMPLETED
2021-10-31 01:07:57,476 [grpc-default-executor-8] INFO  leader.FollowerInfo (FollowerInfoImpl.java:lambda$new$0(47)) - omNode-3@group-523986131536->omNode-1: nextIndex: updateUnconditionally 22 -> 12
2021-10-31 01:07:57,473 [Time-limited test] INFO  impl.PendingRequests (PendingRequests.java:sendNotLeaderResponses(282)) - omNode-3@group-523986131536-PendingRequests: sendNotLeaderResponses
2021-10-31 01:07:57,474 [grpc-default-executor-6] INFO  server.GrpcServerProtocolService (GrpcServerProtocolService.java:onCompleted(140)) - omNode-2: Completed APPEND_ENTRIES, lastRequest: omNode-3->omNode-2#58-t5,previous=(t:5, i:20),leaderCommit=20,initializing? true,entries: size=1, first=(t:5, i:21), METADATAENTRY(c:20)
2021-10-31 01:07:57,490 [grpc-default-executor-2] INFO  server.GrpcLogAppender (GrpcLogAppender.java:onCompleted(346)) - omNode-3@group-523986131536->omNode-2-AppendLogResponseHandler: follower responses appendEntries COMPLETED
2021-10-31 01:07:57,491 [grpc-default-executor-2] INFO  leader.FollowerInfo (FollowerInfoImpl.java:lambda$new$0(47)) - omNode-3@group-523986131536->omNode-2: nextIndex: updateUnconditionally 22 -> 21
2021-10-31 01:07:57,491 [Time-limited test] INFO  impl.StateMachineUpdater (StateMachineUpdater.java:stopAndJoin(149)) - omNode-3@group-523986131536-StateMachineUpdater: set stopIndex = 21
2021-10-31 01:07:57,492 [omNode-3@group-523986131536-StateMachineUpdater] INFO  ratis.OzoneManagerStateMachine (OzoneManagerStateMachine.java:takeSnapshot(417)) - Current Snapshot Index (t:5, i:21)
2021-10-31 01:07:57,492 [omNode-3@group-523986131536-StateMachineUpdater] INFO  impl.StateMachineUpdater (StateMachineUpdater.java:takeSnapshot(281)) - omNode-3@group-523986131536-StateMachineUpdater: Took a snapshot at index 21
2021-10-31 01:07:57,492 [omNode-3@group-523986131536-StateMachineUpdater] INFO  impl.StateMachineUpdater (StateMachineUpdater.java:lambda$new$0(89)) - omNode-3@group-523986131536-StateMachineUpdater: snapshotIndex: updateIncreasingly 17 -> 21
2021-10-31 01:07:57,492 [omNode-3@group-523986131536-StateMachineUpdater] INFO  ratis.OzoneManagerStateMachine (OzoneManagerStateMachine.java:close(471)) - StateMachine has shutdown. Shutdown OzoneManager if not already shutdown.
2021-10-31 01:07:57,492 [Time-limited test] INFO  server.RaftServer$Division (ServerState.java:close(419)) - omNode-3@group-523986131536: closes. applyIndex: 21
2021-10-31 01:07:57,493 [omNode-3@group-523986131536-SegmentedRaftLogWorker] INFO  segmented.SegmentedRaftLogWorker (SegmentedRaftLogWorker.java:run(327)) - omNode-3@group-523986131536-SegmentedRaftLogWorker was interrupted, exiting. There are 0 tasks remaining in the queue.
2021-10-31 01:07:57,494 [Time-limited test] INFO  segmented.SegmentedRaftLogWorker (SegmentedRaftLogWorker.java:close(237)) - omNode-3@group-523986131536-SegmentedRaftLogWorker close()
2021-10-31 01:07:57,496 [Time-limited test] INFO  server.GrpcService (GrpcService.java:closeImpl(262)) - omNode-3: shutdown server with port 11932 now
2021-10-31 01:07:59,218 [omNode-1@group-523986131536-FollowerState] INFO  impl.FollowerState (FollowerState.java:run(134)) - omNode-1@group-523986131536-FollowerState: change to CANDIDATE, lastRpcElapsedTime:1886478605ns, electionTimeout:1180ms
2021-10-31 01:07:59,218 [omNode-1@group-523986131536-FollowerState] INFO  impl.RoleInfo (RoleInfo.java:shutdownFollowerState(108)) - omNode-1: shutdown omNode-1@group-523986131536-FollowerState
2021-10-31 01:07:59,218 [omNode-1@group-523986131536-FollowerState] INFO  server.RaftServer$Division (RaftServerImpl.java:setRole(290)) - omNode-1@group-523986131536: changes role from  FOLLOWER to CANDIDATE at term 5 for changeToCandidate
2021-10-31 01:07:59,219 [omNode-1@group-523986131536-FollowerState] INFO  server.RaftServerConfigKeys (ConfUtils.java:logGet(44)) - raft.server.leaderelection.pre-vote = false (custom)
2021-10-31 01:07:59,219 [omNode-1@group-523986131536-FollowerState] INFO  impl.RoleInfo (RoleInfo.java:updateAndGet(130)) - omNode-1: start omNode-1@group-523986131536-LeaderElection16
2021-10-31 01:07:59,221 [omNode-1@group-523986131536-LeaderElection16] INFO  server.RaftServer$Division (ServerState.java:setLeader(285)) - omNode-1@group-523986131536: change Leader from omNode-3 to null at term 5 for ELECTION
2021-10-31 01:07:59,223 [omNode-1@group-523986131536-LeaderElection16] INFO  impl.LeaderElection (LeaderElection.java:askForVotes(306)) - omNode-1@group-523986131536-LeaderElection16 ELECTION round 0: submit vote requests at term 6 for 18: [omNode-3|rpc:localhost:11932|admin:|client:|dataStream:|priority:0, omNode-1|rpc:localhost:11920|admin:|client:|dataStream:|priority:0, omNode-2|rpc:localhost:11926|admin:|client:|dataStream:|priority:0], old=null
2021-10-31 01:07:59,231 [grpc-default-executor-6] INFO  server.RaftServer$Division (RaftServerImpl.java:requestVote(1046)) - omNode-2@group-523986131536: receive requestVote(ELECTION, omNode-1, group-523986131536, 6, (t:2, i:11))
2021-10-31 01:07:59,231 [grpc-default-executor-6] INFO  impl.VoteContext (VoteContext.java:log(48)) - omNode-2@group-523986131536-FOLLOWER: reject ELECTION from omNode-1: our last entry (t:5, i:21) > candidate's last entry (t:2, i:11)
2021-10-31 01:07:59,231 [grpc-default-executor-6] INFO  server.RaftServer$Division (ServerState.java:setLeader(285)) - omNode-2@group-523986131536: change Leader from omNode-3 to null at term 6 for updateCurrentTerm
2021-10-31 01:07:59,231 [grpc-default-executor-6] INFO  server.RaftServer$Division (RaftServerImpl.java:setRole(290)) - omNode-2@group-523986131536: changes role from  FOLLOWER to FOLLOWER at term 6 for candidate:omNode-1
2021-10-31 01:07:59,231 [grpc-default-executor-6] INFO  impl.RoleInfo (RoleInfo.java:shutdownFollowerState(108)) - omNode-2: shutdown omNode-2@group-523986131536-FollowerState
2021-10-31 01:07:59,231 [grpc-default-executor-6] INFO  impl.RoleInfo (RoleInfo.java:updateAndGet(130)) - omNode-2: start omNode-2@group-523986131536-FollowerState
2021-10-31 01:07:59,231 [omNode-2@group-523986131536-FollowerState] INFO  impl.FollowerState (FollowerState.java:run(143)) - omNode-2@group-523986131536-FollowerState was interrupted: {}
java.lang.InterruptedException: sleep interrupted
	at java.lang.Thread.sleep(Native Method)
	at java.lang.Thread.sleep(Thread.java:340)
	at java.util.concurrent.TimeUnit.sleep(TimeUnit.java:386)
	at org.apache.ratis.util.TimeDuration.sleep(TimeDuration.java:324)
	at org.apache.ratis.util.TimeDuration.sleep(TimeDuration.java:309)
	at org.apache.ratis.server.impl.FollowerState.run(FollowerState.java:118)
2021-10-31 01:07:59,238 [omNode-1@group-523986131536-LeaderElection16] INFO  impl.LeaderElection (LogUtils.java:infoOrTrace(137)) - omNode-1@group-523986131536-LeaderElection16 got exception when requesting votes: java.util.concurrent.ExecutionException: org.apache.ratis.thirdparty.io.grpc.StatusRuntimeException: UNAVAILABLE: io exception
2021-10-31 01:07:59,241 [grpc-default-executor-6] INFO  server.RaftServer$Division (RaftServerImpl.java:requestVote(1078)) - omNode-2@group-523986131536 replies to ELECTION vote request: omNode-1<-omNode-2#0:FAIL-t6. Peer's state: omNode-2@group-523986131536:t6, leader=null, voted=null, raftlog=omNode-2@group-523986131536-SegmentedRaftLog:OPENED:c21, conf=18: [omNode-3|rpc:localhost:11932|admin:|client:|dataStream:|priority:0, omNode-1|rpc:localhost:11920|admin:|client:|dataStream:|priority:0, omNode-2|rpc:localhost:11926|admin:|client:|dataStream:|priority:0], old=null
2021-10-31 01:07:59,242 [omNode-1@group-523986131536-LeaderElection16] INFO  impl.LeaderElection (LeaderElection.java:logAndReturn(89)) - omNode-1@group-523986131536-LeaderElection16: ELECTION REJECTED received 1 response(s) and 1 exception(s):
2021-10-31 01:07:59,242 [omNode-1@group-523986131536-LeaderElection16] INFO  impl.LeaderElection (LeaderElection.java:logAndReturn(93)) -   Response 0: omNode-1<-omNode-2#0:FAIL-t6
2021-10-31 01:07:59,242 [omNode-1@group-523986131536-LeaderElection16] INFO  impl.LeaderElection (LogUtils.java:infoOrTrace(137)) -   Exception 1: java.util.concurrent.ExecutionException: org.apache.ratis.thirdparty.io.grpc.StatusRuntimeException: UNAVAILABLE: io exception
2021-10-31 01:07:59,242 [omNode-1@group-523986131536-LeaderElection16] INFO  impl.LeaderElection (LeaderElection.java:askForVotes(308)) - omNode-1@group-523986131536-LeaderElection16 ELECTION round 0: result REJECTED
2021-10-31 01:07:59,242 [omNode-1@group-523986131536-LeaderElection16] INFO  server.RaftServer$Division (RaftServerImpl.java:setRole(290)) - omNode-1@group-523986131536: changes role from CANDIDATE to FOLLOWER at term 6 for REJECTED
2021-10-31 01:07:59,242 [omNode-1@group-523986131536-LeaderElection16] INFO  impl.RoleInfo (RoleInfo.java:shutdownLeaderElection(121)) - omNode-1: shutdown omNode-1@group-523986131536-LeaderElection16
2021-10-31 01:07:59,243 [omNode-1@group-523986131536-LeaderElection16] INFO  impl.RoleInfo (RoleInfo.java:updateAndGet(130)) - omNode-1: start omNode-1@group-523986131536-FollowerState
2021-10-31 01:08:00,352 [omNode-2@group-523986131536-FollowerState] INFO  impl.FollowerState (FollowerState.java:run(134)) - omNode-2@group-523986131536-FollowerState: change to CANDIDATE, lastRpcElapsedTime:1120343785ns, electionTimeout:1109ms
2021-10-31 01:08:00,353 [omNode-2@group-523986131536-FollowerState] INFO  impl.RoleInfo (RoleInfo.java:shutdownFollowerState(108)) - omNode-2: shutdown omNode-2@group-523986131536-FollowerState
2021-10-31 01:08:00,353 [omNode-2@group-523986131536-FollowerState] INFO  server.RaftServer$Division (RaftServerImpl.java:setRole(290)) - omNode-2@group-523986131536: changes role from  FOLLOWER to CANDIDATE at term 6 for changeToCandidate
2021-10-31 01:08:00,353 [omNode-2@group-523986131536-FollowerState] INFO  server.RaftServerConfigKeys (ConfUtils.java:logGet(44)) - raft.server.leaderelection.pre-vote = false (custom)
2021-10-31 01:08:00,353 [omNode-2@group-523986131536-FollowerState] INFO  impl.RoleInfo (RoleInfo.java:updateAndGet(130)) - omNode-2: start omNode-2@group-523986131536-LeaderElection17
2021-10-31 01:08:00,357 [omNode-2@group-523986131536-LeaderElection17] INFO  impl.LeaderElection (LeaderElection.java:askForVotes(306)) - omNode-2@group-523986131536-LeaderElection17 ELECTION round 0: submit vote requests at term 7 for 18: [omNode-3|rpc:localhost:11932|admin:|client:|dataStream:|priority:0, omNode-1|rpc:localhost:11920|admin:|client:|dataStream:|priority:0, omNode-2|rpc:localhost:11926|admin:|client:|dataStream:|priority:0], old=null
2021-10-31 01:08:00,365 [omNode-2@group-523986131536-LeaderElection17] INFO  impl.LeaderElection (LogUtils.java:infoOrTrace(137)) - omNode-2@group-523986131536-LeaderElection17 got exception when requesting votes: java.util.concurrent.ExecutionException: org.apache.ratis.thirdparty.io.grpc.StatusRuntimeException: UNAVAILABLE: io exception
2021-10-31 01:08:00,374 [grpc-default-executor-6] INFO  server.RaftServer$Division (RaftServerImpl.java:requestVote(1046)) - omNode-1@group-523986131536: receive requestVote(ELECTION, omNode-2, group-523986131536, 7, (t:5, i:21))
2021-10-31 01:08:00,374 [grpc-default-executor-6] INFO  impl.VoteContext (VoteContext.java:log(48)) - omNode-1@group-523986131536-FOLLOWER: accept ELECTION from omNode-2: our last entry (t:2, i:11) < candidate's last entry (t:5, i:21)
2021-10-31 01:08:00,374 [grpc-default-executor-6] INFO  server.RaftServer$Division (RaftServerImpl.java:setRole(290)) - omNode-1@group-523986131536: changes role from  FOLLOWER to FOLLOWER at term 7 for candidate:omNode-2
2021-10-31 01:08:00,375 [grpc-default-executor-6] INFO  impl.RoleInfo (RoleInfo.java:shutdownFollowerState(108)) - omNode-1: shutdown omNode-1@group-523986131536-FollowerState
2021-10-31 01:08:00,375 [grpc-default-executor-6] INFO  impl.RoleInfo (RoleInfo.java:updateAndGet(130)) - omNode-1: start omNode-1@group-523986131536-FollowerState
2021-10-31 01:08:00,375 [omNode-1@group-523986131536-FollowerState] INFO  impl.FollowerState (FollowerState.java:run(143)) - omNode-1@group-523986131536-FollowerState was interrupted: {}
java.lang.InterruptedException: sleep interrupted
	at java.lang.Thread.sleep(Native Method)
	at java.lang.Thread.sleep(Thread.java:340)
	at java.util.concurrent.TimeUnit.sleep(TimeUnit.java:386)
	at org.apache.ratis.util.TimeDuration.sleep(TimeDuration.java:324)
	at org.apache.ratis.util.TimeDuration.sleep(TimeDuration.java:309)
	at org.apache.ratis.server.impl.FollowerState.run(FollowerState.java:118)
2021-10-31 01:08:00,378 [grpc-default-executor-6] INFO  server.RaftServer$Division (RaftServerImpl.java:requestVote(1078)) - omNode-1@group-523986131536 replies to ELECTION vote request: omNode-2<-omNode-1#0:OK-t7. Peer's state: omNode-1@group-523986131536:t7, leader=null, voted=omNode-2, raftlog=omNode-1@group-523986131536-SegmentedRaftLog:OPENED:c11, conf=18: [omNode-3|rpc:localhost:11932|admin:|client:|dataStream:|priority:0, omNode-1|rpc:localhost:11920|admin:|client:|dataStream:|priority:0, omNode-2|rpc:localhost:11926|admin:|client:|dataStream:|priority:0], old=null
2021-10-31 01:08:00,382 [omNode-2@group-523986131536-LeaderElection17] INFO  impl.LeaderElection (LeaderElection.java:logAndReturn(89)) - omNode-2@group-523986131536-LeaderElection17: ELECTION PASSED received 1 response(s) and 1 exception(s):
2021-10-31 01:08:00,383 [omNode-2@group-523986131536-LeaderElection17] INFO  impl.LeaderElection (LeaderElection.java:logAndReturn(93)) -   Response 0: omNode-2<-omNode-1#0:OK-t7
2021-10-31 01:08:00,383 [omNode-2@group-523986131536-LeaderElection17] INFO  impl.LeaderElection (LogUtils.java:infoOrTrace(137)) -   Exception 1: java.util.concurrent.ExecutionException: org.apache.ratis.thirdparty.io.grpc.StatusRuntimeException: UNAVAILABLE: io exception
2021-10-31 01:08:00,383 [omNode-2@group-523986131536-LeaderElection17] INFO  impl.LeaderElection (LeaderElection.java:askForVotes(308)) - omNode-2@group-523986131536-LeaderElection17 ELECTION round 0: result PASSED
2021-10-31 01:08:00,383 [omNode-2@group-523986131536-LeaderElection17] INFO  impl.RoleInfo (RoleInfo.java:shutdownLeaderElection(121)) - omNode-2: shutdown omNode-2@group-523986131536-LeaderElection17
2021-10-31 01:08:00,383 [omNode-2@group-523986131536-LeaderElection17] INFO  server.RaftServer$Division (RaftServerImpl.java:setRole(290)) - omNode-2@group-523986131536: changes role from CANDIDATE to LEADER at term 7 for changeToLeader
2021-10-31 01:08:00,383 [omNode-2@group-523986131536-LeaderElection17] INFO  server.RaftServer$Division (ServerState.java:setLeader(285)) - omNode-2@group-523986131536: change Leader from null to omNode-2 at term 7 for becomeLeader, leader elected after 1151ms
2021-10-31 01:08:00,383 [omNode-2@group-523986131536-LeaderElection17] INFO  server.RaftServerConfigKeys (ConfUtils.java:logGet(44)) - raft.server.staging.catchup.gap = 1000 (default)
2021-10-31 01:08:00,383 [omNode-2@group-523986131536-LeaderElection17] INFO  server.RaftServerConfigKeys (ConfUtils.java:logGet(44)) - raft.server.write.element-limit = 4096 (default)
2021-10-31 01:08:00,383 [omNode-2@group-523986131536-LeaderElection17] INFO  server.RaftServerConfigKeys (ConfUtils.java:logGet(44)) - raft.server.write.byte-limit = 64MB (=67108864) (default)
2021-10-31 01:08:00,383 [omNode-2@group-523986131536-LeaderElection17] INFO  server.RaftServerConfigKeys (ConfUtils.java:logGet(44)) - raft.server.watch.timeout = 10s (default)
2021-10-31 01:08:00,384 [omNode-2@group-523986131536-LeaderElection17] INFO  server.RaftServerConfigKeys (ConfUtils.java:logGet(44)) - raft.server.watch.timeout.denomination = 1s (default)
2021-10-31 01:08:00,384 [omNode-2@group-523986131536-LeaderElection17] INFO  server.RaftServerConfigKeys (ConfUtils.java:logGet(44)) - raft.server.watch.element-limit = 65536 (default)
2021-10-31 01:08:00,384 [omNode-2@group-523986131536-LeaderElection17] INFO  server.RaftServerConfigKeys (ConfUtils.java:logGet(44)) - raft.server.write.element-limit = 4096 (default)
2021-10-31 01:08:00,384 [omNode-2@group-523986131536-LeaderElection17] INFO  server.RaftServerConfigKeys (ConfUtils.java:logGet(44)) - raft.server.write.follower.gap.ratio.max = -1.0 (default)
2021-10-31 01:08:00,384 [omNode-2@group-523986131536-LeaderElection17] INFO  server.RaftServerConfigKeys (ConfUtils.java:logGet(44)) - raft.server.log.appender.snapshot.chunk.size.max = 16MB (=16777216) (default)
2021-10-31 01:08:00,384 [omNode-2@group-523986131536-LeaderElection17] INFO  server.RaftServerConfigKeys (ConfUtils.java:logGet(44)) - raft.server.log.appender.buffer.byte-limit = 33554432 (custom)
2021-10-31 01:08:00,384 [omNode-2@group-523986131536-LeaderElection17] INFO  server.RaftServerConfigKeys (ConfUtils.java:logGet(44)) - raft.server.log.appender.buffer.element-limit = 1024 (custom)
2021-10-31 01:08:00,384 [omNode-2@group-523986131536-LeaderElection17] INFO  grpc.GrpcConfigKeys (ConfUtils.java:logGet(44)) - raft.grpc.server.leader.outstanding.appends.max = 128 (default)
2021-10-31 01:08:00,384 [omNode-2@group-523986131536-LeaderElection17] INFO  server.RaftServerConfigKeys (ConfUtils.java:logGet(44)) - raft.server.rpc.request.timeout = 3000ms (default)
2021-10-31 01:08:00,384 [omNode-2@group-523986131536-LeaderElection17] INFO  server.RaftServerConfigKeys (ConfUtils.java:logGet(44)) - raft.server.log.appender.install.snapshot.enabled = false (custom)
2021-10-31 01:08:00,386 [omNode-2@group-523986131536-LeaderElection17] INFO  server.RaftServerConfigKeys (ConfUtils.java:logGet(44)) - raft.server.log.appender.snapshot.chunk.size.max = 16MB (=16777216) (default)
2021-10-31 01:08:00,386 [omNode-2@group-523986131536-LeaderElection17] INFO  server.RaftServerConfigKeys (ConfUtils.java:logGet(44)) - raft.server.log.appender.buffer.byte-limit = 33554432 (custom)
2021-10-31 01:08:00,386 [omNode-2@group-523986131536-LeaderElection17] INFO  server.RaftServerConfigKeys (ConfUtils.java:logGet(44)) - raft.server.log.appender.buffer.element-limit = 1024 (custom)
2021-10-31 01:08:00,386 [omNode-2@group-523986131536-LeaderElection17] INFO  grpc.GrpcConfigKeys (ConfUtils.java:logGet(44)) - raft.grpc.server.leader.outstanding.appends.max = 128 (default)
2021-10-31 01:08:00,386 [omNode-2@group-523986131536-LeaderElection17] INFO  server.RaftServerConfigKeys (ConfUtils.java:logGet(44)) - raft.server.rpc.request.timeout = 3000ms (default)
2021-10-31 01:08:00,386 [omNode-2@group-523986131536-LeaderElection17] INFO  server.RaftServerConfigKeys (ConfUtils.java:logGet(44)) - raft.server.log.appender.install.snapshot.enabled = false (custom)
2021-10-31 01:08:00,387 [omNode-2@group-523986131536-LeaderElection17] INFO  impl.RoleInfo (RoleInfo.java:updateAndGet(130)) - omNode-2: start omNode-2@group-523986131536-LeaderStateImpl
2021-10-31 01:08:00,387 [omNode-2@group-523986131536-LeaderElection17] INFO  segmented.SegmentedRaftLogWorker (SegmentedRaftLogWorker.java:rollLogSegment(399)) - omNode-2@group-523986131536-SegmentedRaftLogWorker: Rolling segment log-18_21 to index:21
2021-10-31 01:08:00,388 [omNode-2@group-523986131536-SegmentedRaftLogWorker] INFO  segmented.SegmentedRaftLogWorker (SegmentedRaftLogWorker.java:execute(558)) - omNode-2@group-523986131536-SegmentedRaftLogWorker: Rolled log segment from /home/runner/work/ozone/ozone/hadoop-ozone/integration-test/target/test-dir/MiniOzoneClusterImpl-b8864bcf-37cc-42b5-82cc-559abfd78a8f/omNode-2/ratis/c9bc4cf4-3bc3-3c60-a66b-523986131536/current/log_inprogress_18 to /home/runner/work/ozone/ozone/hadoop-ozone/integration-test/target/test-dir/MiniOzoneClusterImpl-b8864bcf-37cc-42b5-82cc-559abfd78a8f/omNode-2/ratis/c9bc4cf4-3bc3-3c60-a66b-523986131536/current/log_18-21
2021-10-31 01:08:00,396 [omNode-2@group-523986131536-SegmentedRaftLogWorker] INFO  segmented.SegmentedRaftLogWorker (SegmentedRaftLogWorker.java:execute(601)) - omNode-2@group-523986131536-SegmentedRaftLogWorker: created new log segment /home/runner/work/ozone/ozone/hadoop-ozone/integration-test/target/test-dir/MiniOzoneClusterImpl-b8864bcf-37cc-42b5-82cc-559abfd78a8f/omNode-2/ratis/c9bc4cf4-3bc3-3c60-a66b-523986131536/current/log_inprogress_22
2021-10-31 01:08:00,397 [omNode-2@group-523986131536-LeaderElection17] INFO  server.RaftServer$Division (ServerState.java:setRaftConf(387)) - omNode-2@group-523986131536: set configuration 22: [omNode-3|rpc:localhost:11932|admin:|client:|dataStream:|priority:0, omNode-1|rpc:localhost:11920|admin:|client:|dataStream:|priority:0, omNode-2|rpc:localhost:11926|admin:|client:|dataStream:|priority:0], old=null
2021-10-31 01:08:00,399 [grpc-default-executor-2] INFO  server.RaftServer$Division (ServerState.java:setLeader(285)) - omNode-1@group-523986131536: change Leader from null to omNode-2 at term 7 for appendEntries, leader elected after 1178ms
2021-10-31 01:08:00,399 [grpc-default-executor-2] INFO  server.RaftServer$Division (RaftServerImpl.java:checkInconsistentAppendEntries(1322)) - omNode-1@group-523986131536: Failed appendEntries as previous log entry ((t:5, i:21)) is not found
2021-10-31 01:08:00,399 [grpc-default-executor-2] INFO  server.RaftServer$Division (RaftServerImpl.java:checkInconsistentAppendEntries(1288)) - omNode-1@group-523986131536: inconsistency entries. Reply:omNode-2<-omNode-1#0:FAIL-t7,INCONSISTENCY,nextIndex=12,followerCommit=11
2021-10-31 01:08:00,400 [grpc-default-executor-2] INFO  leader.FollowerInfo (FollowerInfoImpl.java:lambda$new$0(47)) - omNode-2@group-523986131536->omNode-1: nextIndex: updateUnconditionally 22 -> 12
2021-10-31 01:08:00,401 [omNode-2@group-523986131536->omNode-1-GrpcLogAppender-LogAppenderDaemon] ERROR leader.LogAppenderDaemon (LogAppenderDaemon.java:run(86)) - omNode-2@group-523986131536->omNode-1-GrpcLogAppender-LogAppenderDaemon failed
java.lang.NullPointerException: omNode-2@group-523986131536->omNode-1: Previous TermIndex not found for firstIndex = 12
	at java.util.Objects.requireNonNull(Objects.java:290)
	at org.apache.ratis.server.leader.LogAppenderBase.assertProtos(LogAppenderBase.java:169)
	at org.apache.ratis.server.leader.LogAppenderBase.newAppendEntriesRequest(LogAppenderBase.java:154)
	at org.apache.ratis.grpc.server.GrpcLogAppender.appendLog(GrpcLogAppender.java:213)
	at org.apache.ratis.grpc.server.GrpcLogAppender.run(GrpcLogAppender.java:147)
	at org.apache.ratis.server.leader.LogAppenderDaemon.run(LogAppenderDaemon.java:77)
	at java.lang.Thread.run(Thread.java:748)
2021-10-31 01:08:00,401 [omNode-2@group-523986131536->omNode-1-GrpcLogAppender-LogAppenderDaemon] INFO  server.RaftServer$Division (LeaderStateImpl.java:restart(514)) - omNode-2@group-523986131536-LeaderStateImpl: Restarting GrpcLogAppender for omNode-2@group-523986131536->omNode-1
2021-10-31 01:08:00,401 [omNode-2@group-523986131536->omNode-1-GrpcLogAppender-LogAppenderDaemon] INFO  server.RaftServerConfigKeys (ConfUtils.java:logGet(44)) - raft.server.log.appender.snapshot.chunk.size.max = 16MB (=16777216) (default)
2021-10-31 01:08:00,402 [omNode-2@group-523986131536->omNode-1-GrpcLogAppender-LogAppenderDaemon] INFO  server.RaftServerConfigKeys (ConfUtils.java:logGet(44)) - raft.server.log.appender.buffer.byte-limit = 33554432 (custom)
2021-10-31 01:08:00,402 [omNode-2@group-523986131536->omNode-1-GrpcLogAppender-LogAppenderDaemon] INFO  server.RaftServerConfigKeys (ConfUtils.java:logGet(44)) - raft.server.log.appender.buffer.element-limit = 1024 (custom)
2021-10-31 01:08:00,402 [omNode-2@group-523986131536->omNode-1-GrpcLogAppender-LogAppenderDaemon] INFO  grpc.GrpcConfigKeys (ConfUtils.java:logGet(44)) - raft.grpc.server.leader.outstanding.appends.max = 128 (default)
2021-10-31 01:08:00,402 [omNode-2@group-523986131536->omNode-1-GrpcLogAppender-LogAppenderDaemon] INFO  server.RaftServerConfigKeys (ConfUtils.java:logGet(44)) - raft.server.rpc.request.timeout = 3000ms (default)
2021-10-31 01:08:00,402 [omNode-2@group-523986131536->omNode-1-GrpcLogAppender-LogAppenderDaemon] INFO  server.RaftServerConfigKeys (ConfUtils.java:logGet(44)) - raft.server.log.appender.install.snapshot.enabled = false (custom)
2021-10-31 01:08:00,403 [omNode-2@group-523986131536->omNode-1-GrpcLogAppender-LogAppenderDaemon] INFO  server.GrpcLogAppender (GrpcLogAppender.java:installSnapshot(550)) - omNode-2@group-523986131536->omNode-1-GrpcLogAppender: followerNextIndex = 0 but logStartIndex = 12, notify follower to install snapshot-(t:3, i:12)
2021-10-31 01:08:00,403 [omNode-2@group-523986131536->omNode-1-GrpcLogAppender-LogAppenderDaemon] INFO  server.GrpcLogAppender (GrpcLogAppender.java:installSnapshot(558)) - omNode-2@group-523986131536->omNode-1-GrpcLogAppender: send omNode-2->omNode-1#0-t7,notify:(t:3, i:12)
2021-10-31 01:08:00,404 [grpc-default-executor-6] WARN  server.GrpcLogAppender (LogUtils.java:warn(122)) - omNode-2@group-523986131536->omNode-3-AppendLogResponseHandler: Failed appendEntries: org.apache.ratis.thirdparty.io.grpc.StatusRuntimeException: UNAVAILABLE: io exception
2021-10-31 01:08:00,404 [grpc-default-executor-2] INFO  server.RaftServer$Division (RaftServerImpl.java:installSnapshot(1332)) - omNode-1@group-523986131536: receive installSnapshot: omNode-2->omNode-1#0-t7,notify:(t:3, i:12)
2021-10-31 01:08:00,405 [grpc-default-executor-2] INFO  server.RaftServer$Division (RaftServerImpl.java:notifyStateMachineToInstallSnapshot(1551)) - omNode-1@group-523986131536: Received notification to install snapshot at index 12
2021-10-31 01:08:00,405 [grpc-default-executor-2] INFO  server.RaftServer$Division (RaftServerImpl.java:notifyStateMachineToInstallSnapshot(1559)) - omNode-1@group-523986131536: InstallSnapshot notification result: ALREADY_INSTALLED, current snapshot index: 11
2021-10-31 01:08:00,405 [grpc-default-executor-6] WARN  server.GrpcLogAppender (GrpcLogAppender.java:resetClient(110)) - omNode-2@group-523986131536->omNode-3-GrpcLogAppender: Leader has not got in touch with Follower omNode-2@group-523986131536->omNode-3(c-1,m0,n22, attendVote=true, lastRpcSendTime=1220, lastRpcResponseTime=1220) yet, just keep nextIndex unchanged and retry.
2021-10-31 01:08:00,405 [grpc-default-executor-2] INFO  server.RaftServer$Division (RaftServerImpl.java:installSnapshotImpl(1462)) - omNode-1@group-523986131536: set new configuration index: 22
configurationEntry {
  peers {
    id: "omNode-3"
    address: "localhost:11932"
  }
  peers {
    id: "omNode-1"
    address: "localhost:11920"
  }
  peers {
    id: "omNode-2"
    address: "localhost:11926"
  }
}
 from snapshot
2021-10-31 01:08:00,405 [grpc-default-executor-2] INFO  server.RaftServer$Division (ServerState.java:setRaftConf(387)) - omNode-1@group-523986131536: set configuration 22: [omNode-3|rpc:localhost:11932|admin:|client:|dataStream:|priority:0, omNode-1|rpc:localhost:11920|admin:|client:|dataStream:|priority:0, omNode-2|rpc:localhost:11926|admin:|client:|dataStream:|priority:0], old=null
2021-10-31 01:08:00,405 [grpc-default-executor-2] INFO  ratis.OzoneManagerStateMachine (OzoneManagerStateMachine.java:notifyConfigurationChanged(188)) - Received Configuration change notification from Ratis. New Peer list:
[id: "omNode-3"
address: "localhost:11932"
, id: "omNode-1"
address: "localhost:11920"
, id: "omNode-2"
address: "localhost:11926"
]
2021-10-31 01:08:00,405 [grpc-default-executor-2] INFO  server.RaftServer$Division (RaftServerImpl.java:installSnapshot(1343)) - omNode-1@group-523986131536: reply installSnapshot: omNode-2<-omNode-1#0:FAIL-t7,ALREADY_INSTALLED,snapshotIndex=11
2021-10-31 01:08:00,407 [grpc-default-executor-6] WARN  server.GrpcLogAppender (LogUtils.java:warn(122)) - omNode-2@group-523986131536->omNode-3-AppendLogResponseHandler: Failed appendEntries: org.apache.ratis.thirdparty.io.grpc.StatusRuntimeException: UNAVAILABLE: io exception
2021-10-31 01:08:00,407 [grpc-default-executor-2] INFO  server.GrpcLogAppender (GrpcLogAppender.java:onNext(410)) - omNode-2@group-523986131536->omNode-1-InstallSnapshotResponseHandler: received the first reply omNode-2<-omNode-1#0:FAIL-t7,ALREADY_INSTALLED,snapshotIndex=11
2021-10-31 01:08:00,407 [grpc-default-executor-2] INFO  server.GrpcLogAppender (GrpcLogAppender.java:onNext(433)) - omNode-2@group-523986131536->omNode-1-InstallSnapshotResponseHandler: Follower snapshot is already at index 11.
2021-10-31 01:08:00,407 [grpc-default-executor-2] INFO  leader.FollowerInfo (FollowerInfoImpl.java:lambda$new$0(47)) - omNode-2@group-523986131536->omNode-1: snapshotIndex: setUnconditionally 0 -> 11
2021-10-31 01:08:00,407 [grpc-default-executor-2] INFO  leader.FollowerInfo (FollowerInfoImpl.java:lambda$new$0(47)) - omNode-2@group-523986131536->omNode-1: matchIndex: setUnconditionally 0 -> 11
2021-10-31 01:08:00,407 [grpc-default-executor-2] INFO  leader.FollowerInfo (FollowerInfoImpl.java:lambda$new$0(47)) - omNode-2@group-523986131536->omNode-1: nextIndex: setUnconditionally 0 -> 12
2021-10-31 01:08:00,407 [grpc-default-executor-2] INFO  leader.FollowerInfo (FollowerInfoImpl.java:setAttemptedToInstallSnapshot(116)) - Follower omNode-2@group-523986131536->omNode-1 acknowledged installing snapshot
2021-10-31 01:08:00,408 [grpc-default-executor-2] INFO  leader.FollowerInfo (FollowerInfoImpl.java:lambda$new$0(47)) - omNode-2@group-523986131536->omNode-1: nextIndex: updateToMax old=12, new=12, updated? false
2021-10-31 01:08:00,408 [grpc-default-executor-2] WARN  server.GrpcLogAppender (LogUtils.java:warn(122)) - omNode-2@group-523986131536->omNode-1-InstallSnapshotResponseHandler: Failed InstallSnapshot: org.apache.ratis.thirdparty.io.grpc.StatusRuntimeException: CANCELLED: Failed to read message.
2021-10-31 01:08:00,409 [grpc-default-executor-2] INFO  leader.FollowerInfo (FollowerInfoImpl.java:lambda$new$0(47)) - omNode-2@group-523986131536->omNode-1: nextIndex: updateUnconditionally 12 -> 11
2021-10-31 01:08:00,410 [omNode-2@group-523986131536->omNode-1-GrpcLogAppender-LogAppenderDaemon] INFO  server.GrpcLogAppender (GrpcLogAppender.java:installSnapshot(550)) - omNode-2@group-523986131536->omNode-1-GrpcLogAppender: followerNextIndex = 11 but logStartIndex = 12, notify follower to install snapshot-(t:3, i:12)
2021-10-31 01:08:00,410 [omNode-2@group-523986131536->omNode-1-GrpcLogAppender-LogAppenderDaemon] INFO  server.GrpcLogAppender (GrpcLogAppender.java:installSnapshot(558)) - omNode-2@group-523986131536->omNode-1-GrpcLogAppender: send omNode-2->omNode-1#0-t7,notify:(t:3, i:12)
2021-10-31 01:08:00,411 [grpc-default-executor-6] WARN  server.GrpcLogAppender (GrpcLogAppender.java:resetClient(110)) - omNode-2@group-523986131536->omNode-3-GrpcLogAppender: Leader has not got in touch with Follower omNode-2@group-523986131536->omNode-3(c-1,m0,n23, attendVote=true, lastRpcSendTime=5, lastRpcResponseTime=1227) yet, just keep nextIndex unchanged and retry.
2021-10-31 01:08:00,412 [grpc-default-executor-9] WARN  server.GrpcServerProtocolService (LogUtils.java:warn(122)) - omNode-1: installSnapshot onError, lastRequest: omNode-2->omNode-1#0-t7,notify:(t:3, i:12): org.apache.ratis.thirdparty.io.grpc.StatusRuntimeException: CANCELLED: client cancelled
2021-10-31 01:08:00,438 [grpc-default-executor-10] INFO  server.RaftServer$Division (RaftServerImpl.java:installSnapshot(1332)) - omNode-1@group-523986131536: receive installSnapshot: omNode-2->omNode-1#0-t7,notify:(t:3, i:12)
2021-10-31 01:08:00,438 [grpc-default-executor-10] INFO  server.RaftServer$Division (RaftServerImpl.java:notifyStateMachineToInstallSnapshot(1551)) - omNode-1@group-523986131536: Received notification to install snapshot at index 12
2021-10-31 01:08:00,439 [grpc-default-executor-10] INFO  server.RaftServer$Division (RaftServerImpl.java:notifyStateMachineToInstallSnapshot(1559)) - omNode-1@group-523986131536: InstallSnapshot notification result: ALREADY_INSTALLED, current snapshot index: 11
2021-10-31 01:08:00,439 [grpc-default-executor-10] INFO  server.RaftServer$Division (RaftServerImpl.java:installSnapshotImpl(1462)) - omNode-1@group-523986131536: set new configuration index: 22
configurationEntry {
  peers {
    id: "omNode-3"
    address: "localhost:11932"
  }
  peers {
    id: "omNode-1"
    address: "localhost:11920"
  }
  peers {
    id: "omNode-2"
    address: "localhost:11926"
  }
}
 from snapshot
2021-10-31 01:08:00,439 [grpc-default-executor-10] INFO  server.RaftServer$Division (ServerState.java:setRaftConf(387)) - omNode-1@group-523986131536: set configuration 22: [omNode-3|rpc:localhost:11932|admin:|client:|dataStream:|priority:0, omNode-1|rpc:localhost:11920|admin:|client:|dataStream:|priority:0, omNode-2|rpc:localhost:11926|admin:|client:|dataStream:|priority:0], old=null
2021-10-31 01:08:00,439 [grpc-default-executor-10] INFO  ratis.OzoneManagerStateMachine (OzoneManagerStateMachine.java:notifyConfigurationChanged(188)) - Received Configuration change notification from Ratis. New Peer list:
[id: "omNode-3"
address: "localhost:11932"
, id: "omNode-1"
address: "localhost:11920"
, id: "omNode-2"
address: "localhost:11926"
]
2021-10-31 01:08:00,440 [grpc-default-executor-10] INFO  server.RaftServer$Division (RaftServerImpl.java:installSnapshot(1343)) - omNode-1@group-523986131536: reply installSnapshot: omNode-2<-omNode-1#0:FAIL-t7,ALREADY_INSTALLED,snapshotIndex=11
2021-10-31 01:08:00,441 [grpc-default-executor-10] INFO  server.GrpcServerProtocolService (GrpcServerProtocolService.java:onCompleted(140)) - omNode-1: Completed INSTALL_SNAPSHOT, lastRequest: omNode-2->omNode-1#0-t7,notify:(t:3, i:12)
2021-10-31 01:08:00,443 [grpc-default-executor-10] INFO  server.GrpcLogAppender (GrpcLogAppender.java:onNext(410)) - omNode-2@group-523986131536->omNode-1-InstallSnapshotResponseHandler: received the first reply omNode-2<-omNode-1#0:FAIL-t7,ALREADY_INSTALLED,snapshotIndex=11
2021-10-31 01:08:00,443 [grpc-default-executor-10] INFO  server.GrpcLogAppender (GrpcLogAppender.java:onNext(433)) - omNode-2@group-523986131536->omNode-1-InstallSnapshotResponseHandler: Follower snapshot is already at index 11.
2021-10-31 01:08:00,443 [grpc-default-executor-10] INFO  leader.FollowerInfo (FollowerInfoImpl.java:lambda$new$0(47)) - omNode-2@group-523986131536->omNode-1: snapshotIndex: setUnconditionally 11 -> 11
2021-10-31 01:08:00,443 [grpc-default-executor-10] INFO  leader.FollowerInfo (FollowerInfoImpl.java:lambda$new$0(47)) - omNode-2@group-523986131536->omNode-1: matchIndex: setUnconditionally 11 -> 11
2021-10-31 01:08:00,443 [grpc-default-executor-10] INFO  leader.FollowerInfo (FollowerInfoImpl.java:lambda$new$0(47)) - omNode-2@group-523986131536->omNode-1: nextIndex: setUnconditionally 11 -> 12
2021-10-31 01:08:00,443 [grpc-default-executor-10] INFO  leader.FollowerInfo (FollowerInfoImpl.java:setAttemptedToInstallSnapshot(116)) - Follower omNode-2@group-523986131536->omNode-1 acknowledged installing snapshot
2021-10-31 01:08:00,443 [grpc-default-executor-10] INFO  leader.FollowerInfo (FollowerInfoImpl.java:lambda$new$0(47)) - omNode-2@group-523986131536->omNode-1: nextIndex: updateToMax old=12, new=12, updated? false
2021-10-31 01:08:00,506 [Time-limited test] WARN  grpc.GrpcUtil (GrpcUtil.java:shutdownManagedChannel(216)) - Timed out gracefully shutting down connection: ManagedChannelOrphanWrapper{delegate=ManagedChannelImpl{logId=345, target=localhost:11920}}. 
2021-10-31 01:08:00,507 [grpc-default-executor-2] INFO  server.GrpcLogAppender (GrpcLogAppender.java:onError(335)) - omNode-3@group-523986131536->omNode-1-GrpcLogAppender is stopped
2021-10-31 01:08:00,508 [grpc-default-executor-10] WARN  server.GrpcServerProtocolService (LogUtils.java:warn(122)) - omNode-1: installSnapshot onError, lastRequest: omNode-3->omNode-1#1-t5,previous=(t:4, i:17),leaderCommit=17,initializing? true,entries: size=1, first=(t:5, i:18), CONFIGURATIONENTRY: org.apache.ratis.thirdparty.io.grpc.StatusRuntimeException: CANCELLED: client cancelled
2021-10-31 01:08:00,519 [Time-limited test] INFO  server.GrpcService (GrpcService.java:closeImpl(271)) - omNode-3: shutdown server with port 11932 successfully
2021-10-31 01:08:00,519 [org.apache.ratis.util.JvmPauseMonitor$$Lambda$523/2066045717@515df324] INFO  util.JvmPauseMonitor (JvmPauseMonitor.java:run(109)) - JvmPauseMonitor-omNode-3: Stopped
2021-10-31 01:08:00,520 [Time-limited test] INFO  ratis.OzoneManagerDoubleBuffer (OzoneManagerDoubleBuffer.java:stop(437)) - Stopping OMDoubleBuffer flush thread
2021-10-31 01:08:00,520 [OMDoubleBufferFlushThread] INFO  ratis.OzoneManagerDoubleBuffer (OzoneManagerDoubleBuffer.java:flushTransactions(356)) - OMDoubleBuffer flush thread OMDoubleBufferFlushThread is interrupted and will exit. OMDoubleBufferFlushThread
2021-10-31 01:08:00,521 [Time-limited test] INFO  handler.ContextHandler (ContextHandler.java:doStop(1153)) - Stopped o.e.j.w.WebAppContext@2aae6efd{ozoneManager,/,null,STOPPED}{file:/home/runner/work/ozone/ozone/hadoop-ozone/integration-test/target/test-classes/webapps/ozoneManager}
2021-10-31 01:08:00,523 [Time-limited test] INFO  server.AbstractConnector (AbstractConnector.java:doStop(381)) - Stopped ServerConnector@7d4b277{HTTP/1.1, (http/1.1)}{0.0.0.0:11930}
2021-10-31 01:08:00,523 [Time-limited test] INFO  server.session (HouseKeeper.java:stopScavenging(149)) - node0 Stopped scavenging
2021-10-31 01:08:00,524 [Time-limited test] INFO  handler.ContextHandler (ContextHandler.java:doStop(1153)) - Stopped o.e.j.s.ServletContextHandler@23999f51{static,/static,file:///home/runner/work/ozone/ozone/hadoop-ozone/integration-test/target/test-classes/webapps/static,STOPPED}
2021-10-31 01:08:00,524 [Time-limited test] INFO  handler.ContextHandler (ContextHandler.java:doStop(1153)) - Stopped o.e.j.s.ServletContextHandler@4d3155c5{logs,/logs,file:///home/runner/work/ozone/ozone/hadoop-ozone/integration-test/target/log,STOPPED}
2021-10-31 01:08:00,527 [Time-limited test] INFO  om.OzoneManager (OzoneManager.java:initFSOLayout(3634)) - Configured ozone.om.metadata.layout=SIMPLE and disabled optimized OM FS operations
2021-10-31 01:08:00,527 [Time-limited test] INFO  om.OzoneManager (OzoneManager.java:restart(1392)) - OzoneManager RPC server is listening at localhost/127.0.0.1:11928
2021-10-31 01:08:00,527 [Time-limited test] INFO  impl.MetricsSystemImpl (MetricsSystemImpl.java:init(158)) - OzoneManager metrics system started (again)
2021-10-31 01:08:00,545 [Time-limited test] WARN  server.ServerUtils (ServerUtils.java:getDBPath(225)) - ozone.om.db.dirs is not configured. We recommend adding this setting. Falling back to ozone.metadata.dirs instead.
2021-10-31 01:08:00,546 [Time-limited test] INFO  codec.OmKeyInfoCodec (OmKeyInfoCodec.java:<init>(51)) - OmKeyInfoCodec ignorePipeline = true
2021-10-31 01:08:00,546 [Time-limited test] INFO  codec.RepeatedOmKeyInfoCodec (RepeatedOmKeyInfoCodec.java:<init>(42)) - RepeatedOmKeyInfoCodec ignorePipeline = true
2021-10-31 01:08:00,605 [Time-limited test] WARN  impl.MetricRegistriesImpl (MetricRegistriesImpl.java:addReporterRegistration(111)) - New reporters are added after registries were created. Some metrics will be missing from the reporter. Please add reporter before adding any new registry.
2021-10-31 01:08:00,605 [Time-limited test] WARN  impl.MetricRegistriesImpl (MetricRegistriesImpl.java:addReporterRegistration(111)) - New reporters are added after registries were created. Some metrics will be missing from the reporter. Please add reporter before adding any new registry.
2021-10-31 01:08:00,606 [Time-limited test] WARN  server.ServerUtils (ServerUtils.java:getDefaultRatisDirectory(237)) - Storage directory for Ratis is not configured. It is a good idea to map this to an SSD disk. Falling back to ozone.metadata.dirs
2021-10-31 01:08:00,607 [Time-limited test] INFO  ratis.OzoneManagerRatisServer (OzoneManagerRatisServer.java:<init>(159)) - Instantiating OM Ratis server with groupID: om-service-test1 and peers: localhost:11932, localhost:11920, localhost:11926
2021-10-31 01:08:00,607 [Time-limited test] INFO  ratis.OzoneManagerStateMachine (OzoneManagerStateMachine.java:loadSnapshotInfoFromDB(605)) - LastAppliedIndex is set from TransactionInfo from OM DB as (t:5, i:21)
2021-10-31 01:08:00,609 [Time-limited test] INFO  server.RaftServer (ConfUtils.java:logGet(44)) - raft.rpc.type = GRPC (default)
2021-10-31 01:08:00,609 [Time-limited test] INFO  grpc.GrpcFactory (GrpcFactory.java:checkPooledByteBufAllocatorUseCacheForAllThreads(48)) - PERFORMANCE WARNING: useCacheForAllThreads is true that may cause Netty to create a lot garbage objects and, as a result, trigger GC.
	It is recommended to disable useCacheForAllThreads by setting -Dorg.apache.ratis.thirdparty.io.netty.allocator.useCacheForAllThreads=false in command line.
2021-10-31 01:08:00,609 [Time-limited test] INFO  grpc.GrpcConfigKeys (ConfUtils.java:logGet(44)) - raft.grpc.admin.port = -1 (default)
2021-10-31 01:08:00,610 [Time-limited test] INFO  grpc.GrpcConfigKeys (ConfUtils.java:logGet(44)) - raft.grpc.server.port = 11932 (custom)
2021-10-31 01:08:00,610 [Time-limited test] INFO  grpc.GrpcConfigKeys (ConfUtils.java:logGet(44)) - raft.grpc.client.port = -1 (default)
2021-10-31 01:08:00,610 [Time-limited test] INFO  grpc.GrpcConfigKeys (ConfUtils.java:logGet(44)) - raft.grpc.server.port = 11932 (custom)
2021-10-31 01:08:00,610 [Time-limited test] INFO  grpc.GrpcConfigKeys (ConfUtils.java:logGet(44)) - raft.grpc.server.port = 11932 (custom)
2021-10-31 01:08:00,610 [Time-limited test] INFO  server.GrpcService (ConfUtils.java:logGet(44)) - raft.grpc.message.size.max = 33554432 (custom)
2021-10-31 01:08:00,610 [Time-limited test] INFO  server.RaftServerConfigKeys (ConfUtils.java:logGet(44)) - raft.server.log.appender.buffer.byte-limit = 33554432 (custom)
2021-10-31 01:08:00,610 [Time-limited test] INFO  server.GrpcService (ConfUtils.java:logGet(44)) - raft.grpc.flow.control.window = 1MB (=1048576) (default)
2021-10-31 01:08:00,610 [Time-limited test] INFO  server.RaftServerConfigKeys (ConfUtils.java:logGet(44)) - raft.server.rpc.request.timeout = 3000ms (default)
2021-10-31 01:08:00,612 [Time-limited test] INFO  impl.DataStreamServerImpl (ConfUtils.java:logGet(44)) - raft.datastream.type = DISABLED (default)
2021-10-31 01:08:00,612 [Time-limited test] INFO  server.RaftServerConfigKeys (ConfUtils.java:logGet(44)) - raft.server.rpc.slowness.timeout = 2s (custom)
2021-10-31 01:08:00,612 [Time-limited test] INFO  server.RaftServerConfigKeys (ConfUtils.java:logGet(44)) - raft.server.leaderelection.leader.step-down.wait-time = 10s (default)
2021-10-31 01:08:00,612 [Time-limited test] INFO  server.RaftServerConfigKeys (ConfUtils.java:logGet(44)) - raft.server.storage.dir = [/home/runner/work/ozone/ozone/hadoop-ozone/integration-test/target/test-dir/MiniOzoneClusterImpl-b8864bcf-37cc-42b5-82cc-559abfd78a8f/omNode-3/ratis] (custom)
2021-10-31 01:08:00,612 [Time-limited test] INFO  server.RaftServer (RaftServerProxy.java:lambda$null$1(235)) - omNode-3: found a subdirectory /home/runner/work/ozone/ozone/hadoop-ozone/integration-test/target/test-dir/MiniOzoneClusterImpl-b8864bcf-37cc-42b5-82cc-559abfd78a8f/omNode-3/ratis/c9bc4cf4-3bc3-3c60-a66b-523986131536
2021-10-31 01:08:00,613 [Time-limited test] INFO  server.RaftServer (RaftServerProxy.java:addNew(95)) - omNode-3: addNew group-523986131536:[omNode-3|rpc:localhost:11932|priority:0, omNode-1|rpc:localhost:11920|priority:0, omNode-2|rpc:localhost:11926|priority:0] returns group-523986131536:java.util.concurrent.CompletableFuture@a65f18a[Not completed]
2021-10-31 01:08:00,613 [Time-limited test] INFO  om.OzoneManager (OzoneManager.java:initializeRatisServer(1618)) - OzoneManager Ratis server initialized at port 11932
2021-10-31 01:08:00,613 [Time-limited test] INFO  ratis.OzoneManagerRatisServer (OzoneManagerRatisServer.java:start(522)) - Starting OzoneManagerRatisServer omNode-3 at port 11932
2021-10-31 01:08:00,614 [pool-291-thread-1] INFO  server.RaftServer$Division (RaftServerImpl.java:<init>(184)) - omNode-3: new RaftServerImpl for group-523986131536:[omNode-3|rpc:localhost:11932|priority:0, omNode-1|rpc:localhost:11920|priority:0, omNode-2|rpc:localhost:11926|priority:0] with OzoneManagerStateMachine:uninitialized
2021-10-31 01:08:00,615 [pool-291-thread-1] INFO  server.RaftServerConfigKeys (ConfUtils.java:logGet(44)) - raft.server.rpc.timeout.min = 1s (custom)
2021-10-31 01:08:00,615 [pool-291-thread-1] INFO  server.RaftServerConfigKeys (ConfUtils.java:logGet(44)) - raft.server.rpc.timeout.max = 1200ms (custom)
2021-10-31 01:08:00,615 [pool-291-thread-1] INFO  server.RaftServerConfigKeys (ConfUtils.java:logGet(44)) - raft.server.rpc.sleep.time = 25ms (default)
2021-10-31 01:08:00,615 [pool-291-thread-1] INFO  server.RaftServerConfigKeys (ConfUtils.java:logGet(44)) - raft.server.rpc.slowness.timeout = 2s (custom)
2021-10-31 01:08:00,615 [pool-291-thread-1] INFO  server.RaftServerConfigKeys (ConfUtils.java:logGet(44)) - raft.server.leaderelection.leader.step-down.wait-time = 10s (default)
2021-10-31 01:08:00,615 [pool-291-thread-1] INFO  server.RaftServerConfigKeys (ConfUtils.java:logGet(44)) - raft.server.sleep.deviation.threshold = 300ms (default)
2021-10-31 01:08:00,615 [pool-291-thread-1] INFO  server.RaftServerConfigKeys (ConfUtils.java:logGet(44)) - raft.server.log.appender.install.snapshot.enabled = false (custom)
2021-10-31 01:08:00,615 [pool-291-thread-1] INFO  server.RaftServer$Division (ServerState.java:<init>(105)) - omNode-3@group-523986131536: ConfigurationManager, init=-1: [omNode-3|rpc:localhost:11932|priority:0, omNode-1|rpc:localhost:11920|priority:0, omNode-2|rpc:localhost:11926|priority:0], old=null, confs=<EMPTY_MAP>
2021-10-31 01:08:00,615 [pool-291-thread-1] INFO  server.RaftServerConfigKeys (ConfUtils.java:logGet(44)) - raft.server.storage.dir = [/home/runner/work/ozone/ozone/hadoop-ozone/integration-test/target/test-dir/MiniOzoneClusterImpl-b8864bcf-37cc-42b5-82cc-559abfd78a8f/omNode-3/ratis] (custom)
2021-10-31 01:08:00,616 [pool-291-thread-1] INFO  server.RaftServerConfigKeys (ConfUtils.java:logGet(44)) - raft.server.log.corruption.policy = EXCEPTION (default)
2021-10-31 01:08:00,616 [pool-291-thread-1] INFO  server.RaftServerConfigKeys (ConfUtils.java:logGet(44)) - raft.server.storage.free-space.min = 0MB (=0) (default)
2021-10-31 01:08:00,617 [pool-291-thread-1] INFO  storage.RaftStorageDirectory (RaftStorageDirectoryImpl.java:tryLock(230)) - Lock on /home/runner/work/ozone/ozone/hadoop-ozone/integration-test/target/test-dir/MiniOzoneClusterImpl-b8864bcf-37cc-42b5-82cc-559abfd78a8f/omNode-3/ratis/c9bc4cf4-3bc3-3c60-a66b-523986131536/in_use.lock acquired by nodename 14068@fv-az50-512
2021-10-31 01:08:00,618 [pool-291-thread-1] INFO  storage.RaftStorage (RaftStorageImpl.java:analyzeAndRecoverStorage(110)) - Read RaftStorageMetadata{term=5, votedFor=omNode-3} from /home/runner/work/ozone/ozone/hadoop-ozone/integration-test/target/test-dir/MiniOzoneClusterImpl-b8864bcf-37cc-42b5-82cc-559abfd78a8f/omNode-3/ratis/c9bc4cf4-3bc3-3c60-a66b-523986131536/current/raft-meta
2021-10-31 01:08:00,618 [pool-291-thread-1] INFO  server.RaftServer$Division (ServerState.java:setRaftConf(387)) - omNode-3@group-523986131536: set configuration 18: [omNode-3|rpc:localhost:11932|admin:|client:|dataStream:|priority:0, omNode-1|rpc:localhost:11920|admin:|client:|dataStream:|priority:0, omNode-2|rpc:localhost:11926|admin:|client:|dataStream:|priority:0], old=null
2021-10-31 01:08:00,618 [pool-291-thread-1] INFO  server.RaftServerConfigKeys (ConfUtils.java:logGet(44)) - raft.server.notification.no-leader.timeout = 2s (custom)
2021-10-31 01:08:00,618 [pool-291-thread-1] INFO  server.RaftServerConfigKeys (ConfUtils.java:logGet(44)) - raft.server.log.use.memory = false (default)
2021-10-31 01:08:00,619 [pool-291-thread-1] INFO  server.RaftServerConfigKeys (ConfUtils.java:logGet(44)) - raft.server.log.purge.gap = 50 (custom)
2021-10-31 01:08:00,619 [pool-291-thread-1] INFO  server.RaftServerConfigKeys (ConfUtils.java:logGet(44)) - raft.server.log.appender.buffer.byte-limit = 33554432 (custom)
2021-10-31 01:08:00,619 [pool-291-thread-1] INFO  server.RaftServerConfigKeys (ConfUtils.java:logGet(44)) - raft.server.log.segment.size.max = 4194304 (custom)
2021-10-31 01:08:00,619 [pool-291-thread-1] INFO  server.RaftServerConfigKeys (ConfUtils.java:logGet(44)) - raft.server.log.segment.cache.num.max = 2 (custom)
2021-10-31 01:08:00,619 [pool-291-thread-1] INFO  server.RaftServerConfigKeys (ConfUtils.java:logGet(44)) - raft.server.log.segment.cache.size.max = 200MB (=209715200) (default)
2021-10-31 01:08:00,620 [pool-291-thread-1] INFO  segmented.SegmentedRaftLogWorker (SegmentedRaftLogWorker.java:<init>(182)) - new omNode-3@group-523986131536-SegmentedRaftLogWorker for RaftStorageImpl:Storage Directory /home/runner/work/ozone/ozone/hadoop-ozone/integration-test/target/test-dir/MiniOzoneClusterImpl-b8864bcf-37cc-42b5-82cc-559abfd78a8f/omNode-3/ratis/c9bc4cf4-3bc3-3c60-a66b-523986131536
2021-10-31 01:08:00,620 [pool-291-thread-1] INFO  server.RaftServerConfigKeys (ConfUtils.java:logGet(44)) - raft.server.log.queue.byte-limit = 64MB (=67108864) (default)
2021-10-31 01:08:00,620 [pool-291-thread-1] INFO  server.RaftServerConfigKeys (ConfUtils.java:logGet(44)) - raft.server.log.queue.element-limit = 4096 (default)
2021-10-31 01:08:00,620 [pool-291-thread-1] INFO  server.RaftServerConfigKeys (ConfUtils.java:logGet(44)) - raft.server.log.segment.size.max = 4194304 (custom)
2021-10-31 01:08:00,620 [pool-291-thread-1] INFO  server.RaftServerConfigKeys (ConfUtils.java:logGet(44)) - raft.server.log.preallocated.size = 4194304 (custom)
2021-10-31 01:08:00,620 [pool-291-thread-1] INFO  server.RaftServerConfigKeys (ConfUtils.java:logGet(44)) - raft.server.log.force.sync.num = 128 (default)
2021-10-31 01:08:00,620 [pool-291-thread-1] INFO  server.RaftServerConfigKeys (ConfUtils.java:logGet(44)) - raft.server.log.statemachine.data.sync = true (default)
2021-10-31 01:08:00,620 [pool-291-thread-1] INFO  server.RaftServerConfigKeys (ConfUtils.java:logGet(44)) - raft.server.log.statemachine.data.sync.timeout = 10s (default)
2021-10-31 01:08:00,620 [pool-291-thread-1] INFO  server.RaftServerConfigKeys (ConfUtils.java:logGet(44)) - raft.server.log.statemachine.data.sync.timeout.retry = -1 (default)
2021-10-31 01:08:00,621 [pool-291-thread-1] INFO  server.RaftServerConfigKeys (ConfUtils.java:logGet(44)) - raft.server.log.write.buffer.size = 64KB (=65536) (default)
2021-10-31 01:08:00,621 [pool-291-thread-1] INFO  server.RaftServerConfigKeys (ConfUtils.java:logGet(44)) - raft.server.log.statemachine.data.caching.enabled = false (default)
2021-10-31 01:08:00,622 [pool-291-thread-1] INFO  server.RaftServer$Division (ServerState.java:setRaftConf(387)) - omNode-3@group-523986131536: set configuration 12: [omNode-3|rpc:localhost:11932|admin:|client:|dataStream:|priority:0, omNode-1|rpc:localhost:11920|admin:|client:|dataStream:|priority:0, omNode-2|rpc:localhost:11926|admin:|client:|dataStream:|priority:0], old=null
2021-10-31 01:08:00,622 [pool-291-thread-1] INFO  segmented.LogSegment (LogSegment.java:loadSegment(173)) - Successfully read 2 entries from segment file /home/runner/work/ozone/ozone/hadoop-ozone/integration-test/target/test-dir/MiniOzoneClusterImpl-b8864bcf-37cc-42b5-82cc-559abfd78a8f/omNode-3/ratis/c9bc4cf4-3bc3-3c60-a66b-523986131536/current/log_12-13
2021-10-31 01:08:00,623 [pool-291-thread-1] INFO  server.RaftServer$Division (ServerState.java:setRaftConf(387)) - omNode-3@group-523986131536: set configuration 14: [omNode-3|rpc:localhost:11932|admin:|client:|dataStream:|priority:0, omNode-1|rpc:localhost:11920|admin:|client:|dataStream:|priority:0, omNode-2|rpc:localhost:11926|admin:|client:|dataStream:|priority:0], old=null
2021-10-31 01:08:00,623 [pool-291-thread-1] INFO  segmented.LogSegment (LogSegment.java:loadSegment(173)) - Successfully read 4 entries from segment file /home/runner/work/ozone/ozone/hadoop-ozone/integration-test/target/test-dir/MiniOzoneClusterImpl-b8864bcf-37cc-42b5-82cc-559abfd78a8f/omNode-3/ratis/c9bc4cf4-3bc3-3c60-a66b-523986131536/current/log_14-17
2021-10-31 01:08:00,624 [pool-291-thread-1] INFO  server.RaftServer$Division (ServerState.java:setRaftConf(387)) - omNode-3@group-523986131536: set configuration 18: [omNode-3|rpc:localhost:11932|admin:|client:|dataStream:|priority:0, omNode-1|rpc:localhost:11920|admin:|client:|dataStream:|priority:0, omNode-2|rpc:localhost:11926|admin:|client:|dataStream:|priority:0], old=null
2021-10-31 01:08:00,624 [pool-291-thread-1] INFO  segmented.LogSegment (LogSegment.java:loadSegment(173)) - Successfully read 4 entries from segment file /home/runner/work/ozone/ozone/hadoop-ozone/integration-test/target/test-dir/MiniOzoneClusterImpl-b8864bcf-37cc-42b5-82cc-559abfd78a8f/omNode-3/ratis/c9bc4cf4-3bc3-3c60-a66b-523986131536/current/log_inprogress_18
2021-10-31 01:08:00,624 [pool-291-thread-1] INFO  segmented.SegmentedRaftLogWorker (SegmentedRaftLogWorker.java:lambda$new$0(133)) - omNode-3@group-523986131536-SegmentedRaftLogWorker: flushIndex: setUnconditionally 0 -> 21
2021-10-31 01:08:00,624 [pool-291-thread-1] INFO  segmented.SegmentedRaftLogWorker (SegmentedRaftLogWorker.java:lambda$new$0(133)) - omNode-3@group-523986131536-SegmentedRaftLogWorker: safeCacheEvictIndex: setUnconditionally 0 -> 17
2021-10-31 01:08:00,628 [pool-291-thread-1] INFO  raftlog.RaftLog (RaftLogBase.java:lambda$new$0(53)) - omNode-3@group-523986131536-SegmentedRaftLog: commitIndex: updateToMax old=21, new=20, updated? false
2021-10-31 01:08:00,628 [pool-291-thread-1] INFO  raftlog.RaftLog (RaftLogBase.java:lambda$new$0(53)) - omNode-3@group-523986131536-SegmentedRaftLog: purgeIndex: updateIncreasingly -1 -> 11
2021-10-31 01:08:00,629 [pool-291-thread-1] INFO  server.RaftServerConfigKeys (ConfUtils.java:logGet(44)) - raft.server.snapshot.auto.trigger.enabled = true (custom)
2021-10-31 01:08:00,629 [pool-291-thread-1] INFO  server.RaftServerConfigKeys (ConfUtils.java:logGet(44)) - raft.server.snapshot.auto.trigger.threshold = 50 (custom)
2021-10-31 01:08:00,629 [pool-291-thread-1] INFO  server.RaftServerConfigKeys (ConfUtils.java:logGet(44)) - raft.server.snapshot.retention.file.num = -1 (default)
2021-10-31 01:08:00,629 [pool-291-thread-1] INFO  server.RaftServerConfigKeys (ConfUtils.java:logGet(44)) - raft.server.log.purge.upto.snapshot.index = true (custom)
2021-10-31 01:08:00,629 [pool-291-thread-1] INFO  server.RaftServerConfigKeys (ConfUtils.java:logGet(44)) - raft.server.retrycache.expirytime = 30000ms (custom)
2021-10-31 01:08:00,629 [pool-291-thread-1] INFO  server.RaftServerConfigKeys (ConfUtils.java:logGet(44)) - raft.server.retrycache.statistics.expirytime = 100μs (default)
2021-10-31 01:08:00,631 [Time-limited test] INFO  server.RaftServer$Division (RaftServerImpl.java:start(301)) - omNode-3@group-523986131536: start as a follower, conf=18: [omNode-3|rpc:localhost:11932|admin:|client:|dataStream:|priority:0, omNode-1|rpc:localhost:11920|admin:|client:|dataStream:|priority:0, omNode-2|rpc:localhost:11926|admin:|client:|dataStream:|priority:0], old=null
2021-10-31 01:08:00,631 [Time-limited test] INFO  server.RaftServer$Division (RaftServerImpl.java:setRole(290)) - omNode-3@group-523986131536: changes role from      null to FOLLOWER at term 5 for startAsFollower
2021-10-31 01:08:00,631 [Time-limited test] INFO  impl.RoleInfo (RoleInfo.java:updateAndGet(130)) - omNode-3: start omNode-3@group-523986131536-FollowerState
2021-10-31 01:08:00,633 [Time-limited test] INFO  util.JmxRegister (JmxRegister.java:tryRegister(44)) - Successfully registered JMX Bean with object name Ratis:service=RaftServer,group=group-523986131536,id=omNode-3
2021-10-31 01:08:00,637 [Time-limited test] INFO  server.RaftServer (RaftServerProxy.java:lambda$start$5(374)) - omNode-3: start RPC server
2021-10-31 01:08:00,641 [Time-limited test] INFO  server.GrpcService (GrpcService.java:startImpl(253)) - omNode-3: GrpcService started, listening on 11932
2021-10-31 01:08:00,642 [Time-limited test] INFO  ipc.CallQueueManager (CallQueueManager.java:<init>(90)) - Using callQueue: class java.util.concurrent.LinkedBlockingQueue, queueCapacity: 2000, scheduler: class org.apache.hadoop.ipc.DefaultRpcScheduler, ipcBackoff: false.
2021-10-31 01:08:00,643 [org.apache.ratis.util.JvmPauseMonitor$$Lambda$523/2066045717@14246f4] INFO  util.JvmPauseMonitor (JvmPauseMonitor.java:run(103)) - JvmPauseMonitor-omNode-3: Started
2021-10-31 01:08:00,643 [Socket Reader #1 for port 11928] INFO  ipc.Server (Server.java:run(1265)) - Starting Socket Reader #1 for port 11928
2021-10-31 01:08:00,647 [Listener at localhost/11928] INFO  http.BaseHttpServer (BaseHttpServer.java:newHttpServer2BuilderForOzone(209)) - Starting Web-server for ozoneManager at: http://0.0.0.0:11930
2021-10-31 01:08:00,647 [Listener at localhost/11928] INFO  http.BaseHttpServer (BaseHttpServer.java:<init>(107)) - Hadoop Security Enabled: false Ozone Security Enabled: false Ozone HTTP Security Enabled: false 
2021-10-31 01:08:00,648 [Listener at localhost/11928] INFO  server.AuthenticationFilter (AuthenticationFilter.java:constructSecretProvider(240)) - Unable to initialize FileSignerSecretProvider, falling back to use random secrets.
2021-10-31 01:08:00,649 [Listener at localhost/11928] WARN  http.HttpRequestLog (HttpRequestLog.java:getRequestLog(103)) - Jetty request log can only be enabled using Log4j
2021-10-31 01:08:00,651 [Listener at localhost/11928] INFO  http.HttpServer2 (HttpServer2.java:addGlobalFilter(1030)) - Added global filter 'safety' (class=org.apache.hadoop.hdds.server.http.HttpServer2$QuotingInputFilter)
2021-10-31 01:08:00,651 [Listener at localhost/11928] INFO  http.HttpServer2 (HttpServer2.java:addFilter(1006)) - Added filter static_user_filter (class=org.apache.hadoop.http.lib.StaticUserWebFilter$StaticUserFilter) to context ozoneManager
2021-10-31 01:08:00,651 [Listener at localhost/11928] INFO  http.HttpServer2 (HttpServer2.java:addFilter(1014)) - Added filter static_user_filter (class=org.apache.hadoop.http.lib.StaticUserWebFilter$StaticUserFilter) to context static
2021-10-31 01:08:00,651 [Listener at localhost/11928] INFO  http.HttpServer2 (HttpServer2.java:addFilter(1014)) - Added filter static_user_filter (class=org.apache.hadoop.http.lib.StaticUserWebFilter$StaticUserFilter) to context logs
2021-10-31 01:08:00,652 [Listener at localhost/11928] INFO  http.HttpServer2 (HttpServer2.java:bindListener(1249)) - Jetty bound to port 11930
2021-10-31 01:08:00,652 [Listener at localhost/11928] INFO  server.Server (Server.java:doStart(375)) - jetty-9.4.43.v20210629; built: 2021-06-30T11:07:22.254Z; git: 526006ecfa3af7f1a27ef3a288e2bef7ea9dd7e8; jvm 1.8.0_292-b10
2021-10-31 01:08:00,654 [Listener at localhost/11928] INFO  server.session (DefaultSessionIdManager.java:doStart(334)) - DefaultSessionIdManager workerName=node0
2021-10-31 01:08:00,654 [Listener at localhost/11928] INFO  server.session (DefaultSessionIdManager.java:doStart(339)) - No SessionScavenger set, using defaults
2021-10-31 01:08:00,654 [Listener at localhost/11928] INFO  server.session (HouseKeeper.java:startScavenging(132)) - node0 Scavenging every 660000ms
2021-10-31 01:08:00,655 [Listener at localhost/11928] INFO  handler.ContextHandler (ContextHandler.java:doStart(915)) - Started o.e.j.s.ServletContextHandler@4931ac9{logs,/logs,file:///home/runner/work/ozone/ozone/hadoop-ozone/integration-test/target/log,AVAILABLE}
2021-10-31 01:08:00,655 [Listener at localhost/11928] INFO  handler.ContextHandler (ContextHandler.java:doStart(915)) - Started o.e.j.s.ServletContextHandler@23f7fcb3{static,/static,file:///home/runner/work/ozone/ozone/hadoop-ozone/integration-test/target/test-classes/webapps/static,AVAILABLE}
2021-10-31 01:08:00,658 [Listener at localhost/11928] INFO  handler.ContextHandler (ContextHandler.java:doStart(915)) - Started o.e.j.w.WebAppContext@6526b264{ozoneManager,/,file:///home/runner/work/ozone/ozone/hadoop-ozone/integration-test/target/test-classes/webapps/ozoneManager/,AVAILABLE}{file:/home/runner/work/ozone/ozone/hadoop-ozone/integration-test/target/test-classes/webapps/ozoneManager}
2021-10-31 01:08:00,662 [Listener at localhost/11928] INFO  server.AbstractConnector (AbstractConnector.java:doStart(331)) - Started ServerConnector@aed798c{HTTP/1.1, (http/1.1)}{0.0.0.0:11930}
2021-10-31 01:08:00,662 [Listener at localhost/11928] INFO  server.Server (Server.java:doStart(415)) - Started @280595ms
2021-10-31 01:08:00,662 [Listener at localhost/11928] WARN  impl.MetricsSystemImpl (MetricsSystemImpl.java:register(279)) - Sink prometheus already exists!
2021-10-31 01:08:00,663 [Listener at localhost/11928] INFO  http.BaseHttpServer (BaseHttpServer.java:updateConnectorAddress(329)) - HTTP server of ozoneManager listening at http://0.0.0.0:11930
2021-10-31 01:08:00,663 [IPC Server Responder] INFO  ipc.Server (Server.java:run(1507)) - IPC Server Responder: starting
2021-10-31 01:08:00,663 [IPC Server listener on 11928] INFO  ipc.Server (Server.java:run(1344)) - IPC Server listener on 11928: starting
2021-10-31 01:08:00,683 [Listener at localhost/11928] INFO  om.OzoneManager (OzoneManager.java:startTrashEmptier(1576)) - Trash Interval set to 0. Files deleted will not move to trash
2021-10-31 01:08:00,685 [Listener at localhost/11928] INFO  om.OzoneManager (OzoneManager.java:stop(1677)) - Stopping Ozone Manager
2021-10-31 01:08:00,685 [Listener at localhost/11928] INFO  ipc.Server (Server.java:stop(3414)) - Stopping server on 11916
2021-10-31 01:08:00,688 [org.apache.hadoop.util.JvmPauseMonitor$Monitor@182864c5] INFO  util.JvmPauseMonitor (JvmPauseMonitor.java:run(188)) - Starting JVM pause monitor
2021-10-31 01:08:00,690 [IPC Server Responder] INFO  ipc.Server (Server.java:run(1512)) - Stopping IPC Server Responder
2021-10-31 01:08:00,690 [IPC Server listener on 11916] INFO  ipc.Server (Server.java:run(1376)) - Stopping IPC Server listener on 11916
2021-10-31 01:08:00,690 [Listener at localhost/11928] INFO  server.RaftServer (RaftServerProxy.java:lambda$close$6(391)) - omNode-1: close
2021-10-31 01:08:00,691 [Listener at localhost/11928] INFO  server.RaftServer$Division (RaftServerImpl.java:lambda$close$4(412)) - omNode-1@group-523986131536: shutdown
2021-10-31 01:08:00,691 [Listener at localhost/11928] INFO  util.JmxRegister (JmxRegister.java:unregister(73)) - Successfully un-registered JMX Bean with object name Ratis:service=RaftServer,group=group-523986131536,id=omNode-1
2021-10-31 01:08:00,691 [Listener at localhost/11928] INFO  impl.RoleInfo (RoleInfo.java:shutdownFollowerState(108)) - omNode-1: shutdown omNode-1@group-523986131536-FollowerState
2021-10-31 01:08:00,691 [Listener at localhost/11928] INFO  impl.StateMachineUpdater (StateMachineUpdater.java:stopAndJoin(149)) - omNode-1@group-523986131536-StateMachineUpdater: set stopIndex = 11
2021-10-31 01:08:00,691 [omNode-1@group-523986131536-FollowerState] INFO  impl.FollowerState (FollowerState.java:run(143)) - omNode-1@group-523986131536-FollowerState was interrupted: {}
java.lang.InterruptedException: sleep interrupted
	at java.lang.Thread.sleep(Native Method)
	at java.lang.Thread.sleep(Thread.java:340)
	at java.util.concurrent.TimeUnit.sleep(TimeUnit.java:386)
	at org.apache.ratis.util.TimeDuration.sleep(TimeDuration.java:324)
	at org.apache.ratis.util.TimeDuration.sleep(TimeDuration.java:309)
	at org.apache.ratis.server.impl.FollowerState.run(FollowerState.java:118)
2021-10-31 01:08:00,691 [omNode-1@group-523986131536-StateMachineUpdater] INFO  ratis.OzoneManagerStateMachine (OzoneManagerStateMachine.java:close(471)) - StateMachine has shutdown. Shutdown OzoneManager if not already shutdown.
2021-10-31 01:08:00,691 [Listener at localhost/11928] INFO  server.RaftServer$Division (ServerState.java:close(419)) - omNode-1@group-523986131536: closes. applyIndex: 11
2021-10-31 01:08:00,692 [omNode-1@group-523986131536-SegmentedRaftLogWorker] INFO  segmented.SegmentedRaftLogWorker (SegmentedRaftLogWorker.java:run(327)) - omNode-1@group-523986131536-SegmentedRaftLogWorker was interrupted, exiting. There are 0 tasks remaining in the queue.
2021-10-31 01:08:00,692 [Listener at localhost/11928] INFO  segmented.SegmentedRaftLogWorker (SegmentedRaftLogWorker.java:close(237)) - omNode-1@group-523986131536-SegmentedRaftLogWorker close()
2021-10-31 01:08:00,693 [Listener at localhost/11928] INFO  server.GrpcService (GrpcService.java:closeImpl(262)) - omNode-1: shutdown server with port 11920 now
2021-10-31 01:08:00,696 [grpc-default-executor-2] WARN  server.GrpcServerProtocolService (LogUtils.java:warn(122)) - omNode-1: installSnapshot onError, lastRequest: null: org.apache.ratis.thirdparty.io.grpc.StatusRuntimeException: CANCELLED: client cancelled
2021-10-31 01:08:00,696 [grpc-default-executor-9] WARN  server.GrpcServerProtocolService (LogUtils.java:warn(122)) - omNode-1: installSnapshot onError, lastRequest: omNode-2->omNode-1#2-t7,previous=(t:0, i:0),leaderCommit=11,initializing? false,entries: size=11, first=(t:3, i:12), CONFIGURATIONENTRY: org.apache.ratis.thirdparty.io.grpc.StatusRuntimeException: CANCELLED: client cancelled
2021-10-31 01:08:00,698 [grpc-default-executor-9] INFO  server.GrpcLogAppender (GrpcLogAppender.java:onError(335)) - omNode-2@group-523986131536->omNode-1-GrpcLogAppender is stopped
2021-10-31 01:08:00,702 [grpc-default-executor-9] WARN  server.GrpcLogAppender (LogUtils.java:warn(122)) - omNode-2@group-523986131536->omNode-1-AppendLogResponseHandler: Failed appendEntries: org.apache.ratis.thirdparty.io.grpc.StatusRuntimeException: CANCELLED: HTTP/2 error code: CANCEL
Received Rst Stream
2021-10-31 01:08:00,702 [grpc-default-executor-9] INFO  leader.FollowerInfo (FollowerInfoImpl.java:lambda$new$0(47)) - omNode-2@group-523986131536->omNode-1: nextIndex: updateUnconditionally 23 -> 12
2021-10-31 01:08:00,706 [Listener at localhost/11928] INFO  server.GrpcService (GrpcService.java:closeImpl(271)) - omNode-1: shutdown server with port 11920 successfully
2021-10-31 01:08:00,709 [org.apache.ratis.util.JvmPauseMonitor$$Lambda$523/2066045717@616b23dc] INFO  util.JvmPauseMonitor (JvmPauseMonitor.java:run(109)) - JvmPauseMonitor-omNode-1: Stopped
2021-10-31 01:08:00,709 [Listener at localhost/11928] INFO  ratis.OzoneManagerDoubleBuffer (OzoneManagerDoubleBuffer.java:stop(437)) - Stopping OMDoubleBuffer flush thread
2021-10-31 01:08:00,709 [OMDoubleBufferFlushThread] INFO  ratis.OzoneManagerDoubleBuffer (OzoneManagerDoubleBuffer.java:flushTransactions(356)) - OMDoubleBuffer flush thread OMDoubleBufferFlushThread is interrupted and will exit. OMDoubleBufferFlushThread
2021-10-31 01:08:00,710 [Listener at localhost/11928] INFO  handler.ContextHandler (ContextHandler.java:doStop(1153)) - Stopped o.e.j.w.WebAppContext@48c294f9{ozoneManager,/,null,STOPPED}{file:/home/runner/work/ozone/ozone/hadoop-ozone/integration-test/target/test-classes/webapps/ozoneManager}
2021-10-31 01:08:00,710 [Listener at localhost/11928] INFO  server.AbstractConnector (AbstractConnector.java:doStop(381)) - Stopped ServerConnector@7a5ebadb{HTTP/1.1, (http/1.1)}{0.0.0.0:11918}
2021-10-31 01:08:00,710 [Listener at localhost/11928] INFO  server.session (HouseKeeper.java:stopScavenging(149)) - node0 Stopped scavenging
2021-10-31 01:08:00,710 [Listener at localhost/11928] INFO  handler.ContextHandler (ContextHandler.java:doStop(1153)) - Stopped o.e.j.s.ServletContextHandler@38900629{static,/static,file:///home/runner/work/ozone/ozone/hadoop-ozone/integration-test/target/test-classes/webapps/static,STOPPED}
2021-10-31 01:08:00,711 [Listener at localhost/11928] INFO  handler.ContextHandler (ContextHandler.java:doStop(1153)) - Stopped o.e.j.s.ServletContextHandler@6d8de71d{logs,/logs,file:///home/runner/work/ozone/ozone/hadoop-ozone/integration-test/target/log,STOPPED}
2021-10-31 01:08:00,714 [grpc-default-executor-2] WARN  server.GrpcLogAppender (LogUtils.java:warn(122)) - omNode-2@group-523986131536->omNode-1-AppendLogResponseHandler: Failed appendEntries: org.apache.ratis.thirdparty.io.grpc.StatusRuntimeException: UNAVAILABLE: io exception
2021-10-31 01:08:00,714 [grpc-default-executor-2] INFO  leader.FollowerInfo (FollowerInfoImpl.java:lambda$new$0(47)) - omNode-2@group-523986131536->omNode-1: nextIndex: updateUnconditionally 23 -> 12
2021-10-31 01:08:00,715 [Listener at localhost/11928] INFO  om.OzoneManager (OzoneManager.java:initFSOLayout(3634)) - Configured ozone.om.metadata.layout=SIMPLE and disabled optimized OM FS operations
2021-10-31 01:08:00,716 [Listener at localhost/11928] INFO  om.OzoneManager (OzoneManager.java:restart(1392)) - OzoneManager RPC server is listening at localhost/127.0.0.1:11916
2021-10-31 01:08:00,716 [Listener at localhost/11928] INFO  impl.MetricsSystemImpl (MetricsSystemImpl.java:init(158)) - OzoneManager metrics system started (again)
2021-10-31 01:08:00,742 [Listener at localhost/11928] WARN  server.ServerUtils (ServerUtils.java:getDBPath(225)) - ozone.om.db.dirs is not configured. We recommend adding this setting. Falling back to ozone.metadata.dirs instead.
2021-10-31 01:08:00,744 [Listener at localhost/11928] INFO  codec.OmKeyInfoCodec (OmKeyInfoCodec.java:<init>(51)) - OmKeyInfoCodec ignorePipeline = true
2021-10-31 01:08:00,744 [Listener at localhost/11928] INFO  codec.RepeatedOmKeyInfoCodec (RepeatedOmKeyInfoCodec.java:<init>(42)) - RepeatedOmKeyInfoCodec ignorePipeline = true
2021-10-31 01:08:00,790 [Listener at localhost/11928] WARN  om.OzoneManager (OzoneManager.java:instantiatePrepareStateOnStartup(3513)) - Prepare marker file index 11 does not match DB prepare index 10. Writing DB index to prepare file and maintaining prepared state.
2021-10-31 01:08:00,791 [Listener at localhost/11928] INFO  om.OzoneManagerPrepareState (OzoneManagerPrepareState.java:writePrepareMarkerFile(262)) - Prepare marker file written with log index 10 to file /home/runner/work/ozone/ozone/hadoop-ozone/integration-test/target/test-dir/MiniOzoneClusterImpl-b8864bcf-37cc-42b5-82cc-559abfd78a8f/omNode-1/current/prepareMarker
2021-10-31 01:08:00,791 [Listener at localhost/11928] WARN  impl.MetricRegistriesImpl (MetricRegistriesImpl.java:addReporterRegistration(111)) - New reporters are added after registries were created. Some metrics will be missing from the reporter. Please add reporter before adding any new registry.
2021-10-31 01:08:00,792 [Listener at localhost/11928] WARN  impl.MetricRegistriesImpl (MetricRegistriesImpl.java:addReporterRegistration(111)) - New reporters are added after registries were created. Some metrics will be missing from the reporter. Please add reporter before adding any new registry.
2021-10-31 01:08:00,792 [Listener at localhost/11928] WARN  server.ServerUtils (ServerUtils.java:getDefaultRatisDirectory(237)) - Storage directory for Ratis is not configured. It is a good idea to map this to an SSD disk. Falling back to ozone.metadata.dirs
2021-10-31 01:08:00,793 [Listener at localhost/11928] INFO  ratis.OzoneManagerRatisServer (OzoneManagerRatisServer.java:<init>(159)) - Instantiating OM Ratis server with groupID: om-service-test1 and peers: localhost:11920, localhost:11932, localhost:11926
2021-10-31 01:08:00,793 [Listener at localhost/11928] INFO  ratis.OzoneManagerStateMachine (OzoneManagerStateMachine.java:loadSnapshotInfoFromDB(605)) - LastAppliedIndex is set from TransactionInfo from OM DB as (t:2, i:11)
2021-10-31 01:08:00,797 [Listener at localhost/11928] INFO  server.RaftServer (ConfUtils.java:logGet(44)) - raft.rpc.type = GRPC (default)
2021-10-31 01:08:00,797 [Listener at localhost/11928] INFO  grpc.GrpcFactory (GrpcFactory.java:checkPooledByteBufAllocatorUseCacheForAllThreads(48)) - PERFORMANCE WARNING: useCacheForAllThreads is true that may cause Netty to create a lot garbage objects and, as a result, trigger GC.
	It is recommended to disable useCacheForAllThreads by setting -Dorg.apache.ratis.thirdparty.io.netty.allocator.useCacheForAllThreads=false in command line.
2021-10-31 01:08:00,797 [Listener at localhost/11928] INFO  grpc.GrpcConfigKeys (ConfUtils.java:logGet(44)) - raft.grpc.admin.port = -1 (default)
2021-10-31 01:08:00,798 [Listener at localhost/11928] INFO  grpc.GrpcConfigKeys (ConfUtils.java:logGet(44)) - raft.grpc.server.port = 11920 (custom)
2021-10-31 01:08:00,798 [Listener at localhost/11928] INFO  grpc.GrpcConfigKeys (ConfUtils.java:logGet(44)) - raft.grpc.client.port = -1 (default)
2021-10-31 01:08:00,798 [Listener at localhost/11928] INFO  grpc.GrpcConfigKeys (ConfUtils.java:logGet(44)) - raft.grpc.server.port = 11920 (custom)
2021-10-31 01:08:00,798 [Listener at localhost/11928] INFO  grpc.GrpcConfigKeys (ConfUtils.java:logGet(44)) - raft.grpc.server.port = 11920 (custom)
2021-10-31 01:08:00,798 [Listener at localhost/11928] INFO  server.GrpcService (ConfUtils.java:logGet(44)) - raft.grpc.message.size.max = 33554432 (custom)
2021-10-31 01:08:00,798 [Listener at localhost/11928] INFO  server.RaftServerConfigKeys (ConfUtils.java:logGet(44)) - raft.server.log.appender.buffer.byte-limit = 33554432 (custom)
2021-10-31 01:08:00,798 [Listener at localhost/11928] INFO  server.GrpcService (ConfUtils.java:logGet(44)) - raft.grpc.flow.control.window = 1MB (=1048576) (default)
2021-10-31 01:08:00,798 [Listener at localhost/11928] INFO  server.RaftServerConfigKeys (ConfUtils.java:logGet(44)) - raft.server.rpc.request.timeout = 3000ms (default)
2021-10-31 01:08:00,799 [Listener at localhost/11928] INFO  impl.DataStreamServerImpl (ConfUtils.java:logGet(44)) - raft.datastream.type = DISABLED (default)
2021-10-31 01:08:00,799 [Listener at localhost/11928] INFO  server.RaftServerConfigKeys (ConfUtils.java:logGet(44)) - raft.server.rpc.slowness.timeout = 2s (custom)
2021-10-31 01:08:00,799 [Listener at localhost/11928] INFO  server.RaftServerConfigKeys (ConfUtils.java:logGet(44)) - raft.server.leaderelection.leader.step-down.wait-time = 10s (default)
2021-10-31 01:08:00,799 [Listener at localhost/11928] INFO  server.RaftServerConfigKeys (ConfUtils.java:logGet(44)) - raft.server.storage.dir = [/home/runner/work/ozone/ozone/hadoop-ozone/integration-test/target/test-dir/MiniOzoneClusterImpl-b8864bcf-37cc-42b5-82cc-559abfd78a8f/omNode-1/ratis] (custom)
2021-10-31 01:08:00,799 [Listener at localhost/11928] INFO  server.RaftServer (RaftServerProxy.java:lambda$null$1(235)) - omNode-1: found a subdirectory /home/runner/work/ozone/ozone/hadoop-ozone/integration-test/target/test-dir/MiniOzoneClusterImpl-b8864bcf-37cc-42b5-82cc-559abfd78a8f/omNode-1/ratis/c9bc4cf4-3bc3-3c60-a66b-523986131536
2021-10-31 01:08:00,801 [Listener at localhost/11928] INFO  server.RaftServer (RaftServerProxy.java:addNew(95)) - omNode-1: addNew group-523986131536:[omNode-3|rpc:localhost:11932|priority:0, omNode-1|rpc:localhost:11920|priority:0, omNode-2|rpc:localhost:11926|priority:0] returns group-523986131536:java.util.concurrent.CompletableFuture@72d0db91[Not completed]
2021-10-31 01:08:00,801 [Listener at localhost/11928] INFO  om.OzoneManager (OzoneManager.java:initializeRatisServer(1618)) - OzoneManager Ratis server initialized at port 11920
2021-10-31 01:08:00,802 [Listener at localhost/11928] INFO  ratis.OzoneManagerRatisServer (OzoneManagerRatisServer.java:start(522)) - Starting OzoneManagerRatisServer omNode-1 at port 11920
2021-10-31 01:08:00,802 [pool-311-thread-1] INFO  server.RaftServer$Division (RaftServerImpl.java:<init>(184)) - omNode-1: new RaftServerImpl for group-523986131536:[omNode-3|rpc:localhost:11932|priority:0, omNode-1|rpc:localhost:11920|priority:0, omNode-2|rpc:localhost:11926|priority:0] with OzoneManagerStateMachine:uninitialized
2021-10-31 01:08:00,803 [pool-311-thread-1] INFO  server.RaftServerConfigKeys (ConfUtils.java:logGet(44)) - raft.server.rpc.timeout.min = 1s (custom)
2021-10-31 01:08:00,804 [pool-311-thread-1] INFO  server.RaftServerConfigKeys (ConfUtils.java:logGet(44)) - raft.server.rpc.timeout.max = 1200ms (custom)
2021-10-31 01:08:00,804 [pool-311-thread-1] INFO  server.RaftServerConfigKeys (ConfUtils.java:logGet(44)) - raft.server.rpc.sleep.time = 25ms (default)
2021-10-31 01:08:00,804 [pool-311-thread-1] INFO  server.RaftServerConfigKeys (ConfUtils.java:logGet(44)) - raft.server.rpc.slowness.timeout = 2s (custom)
2021-10-31 01:08:00,804 [pool-311-thread-1] INFO  server.RaftServerConfigKeys (ConfUtils.java:logGet(44)) - raft.server.leaderelection.leader.step-down.wait-time = 10s (default)
2021-10-31 01:08:00,804 [pool-311-thread-1] INFO  server.RaftServerConfigKeys (ConfUtils.java:logGet(44)) - raft.server.sleep.deviation.threshold = 300ms (default)
2021-10-31 01:08:00,804 [pool-311-thread-1] INFO  server.RaftServerConfigKeys (ConfUtils.java:logGet(44)) - raft.server.log.appender.install.snapshot.enabled = false (custom)
2021-10-31 01:08:00,804 [pool-311-thread-1] INFO  server.RaftServer$Division (ServerState.java:<init>(105)) - omNode-1@group-523986131536: ConfigurationManager, init=-1: [omNode-3|rpc:localhost:11932|priority:0, omNode-1|rpc:localhost:11920|priority:0, omNode-2|rpc:localhost:11926|priority:0], old=null, confs=<EMPTY_MAP>
2021-10-31 01:08:00,804 [pool-311-thread-1] INFO  server.RaftServerConfigKeys (ConfUtils.java:logGet(44)) - raft.server.storage.dir = [/home/runner/work/ozone/ozone/hadoop-ozone/integration-test/target/test-dir/MiniOzoneClusterImpl-b8864bcf-37cc-42b5-82cc-559abfd78a8f/omNode-1/ratis] (custom)
2021-10-31 01:08:00,804 [pool-311-thread-1] INFO  server.RaftServerConfigKeys (ConfUtils.java:logGet(44)) - raft.server.log.corruption.policy = EXCEPTION (default)
2021-10-31 01:08:00,804 [pool-311-thread-1] INFO  server.RaftServerConfigKeys (ConfUtils.java:logGet(44)) - raft.server.storage.free-space.min = 0MB (=0) (default)
2021-10-31 01:08:00,806 [pool-311-thread-1] INFO  storage.RaftStorageDirectory (RaftStorageDirectoryImpl.java:tryLock(230)) - Lock on /home/runner/work/ozone/ozone/hadoop-ozone/integration-test/target/test-dir/MiniOzoneClusterImpl-b8864bcf-37cc-42b5-82cc-559abfd78a8f/omNode-1/ratis/c9bc4cf4-3bc3-3c60-a66b-523986131536/in_use.lock acquired by nodename 14068@fv-az50-512
2021-10-31 01:08:00,807 [pool-311-thread-1] INFO  storage.RaftStorage (RaftStorageImpl.java:analyzeAndRecoverStorage(110)) - Read RaftStorageMetadata{term=7, votedFor=omNode-2} from /home/runner/work/ozone/ozone/hadoop-ozone/integration-test/target/test-dir/MiniOzoneClusterImpl-b8864bcf-37cc-42b5-82cc-559abfd78a8f/omNode-1/ratis/c9bc4cf4-3bc3-3c60-a66b-523986131536/current/raft-meta
2021-10-31 01:08:00,807 [pool-311-thread-1] INFO  server.RaftServer$Division (ServerState.java:setRaftConf(387)) - omNode-1@group-523986131536: set configuration 22: [omNode-3|rpc:localhost:11932|admin:|client:|dataStream:|priority:0, omNode-1|rpc:localhost:11920|admin:|client:|dataStream:|priority:0, omNode-2|rpc:localhost:11926|admin:|client:|dataStream:|priority:0], old=null
2021-10-31 01:08:00,807 [pool-311-thread-1] INFO  server.RaftServerConfigKeys (ConfUtils.java:logGet(44)) - raft.server.notification.no-leader.timeout = 2s (custom)
2021-10-31 01:08:00,807 [pool-311-thread-1] INFO  server.RaftServerConfigKeys (ConfUtils.java:logGet(44)) - raft.server.log.use.memory = false (default)
2021-10-31 01:08:00,807 [pool-311-thread-1] INFO  server.RaftServerConfigKeys (ConfUtils.java:logGet(44)) - raft.server.log.purge.gap = 50 (custom)
2021-10-31 01:08:00,807 [pool-311-thread-1] INFO  server.RaftServerConfigKeys (ConfUtils.java:logGet(44)) - raft.server.log.appender.buffer.byte-limit = 33554432 (custom)
2021-10-31 01:08:00,808 [pool-311-thread-1] INFO  server.RaftServerConfigKeys (ConfUtils.java:logGet(44)) - raft.server.log.segment.size.max = 4194304 (custom)
2021-10-31 01:08:00,809 [pool-311-thread-1] INFO  server.RaftServerConfigKeys (ConfUtils.java:logGet(44)) - raft.server.log.segment.cache.num.max = 2 (custom)
2021-10-31 01:08:00,810 [pool-311-thread-1] INFO  server.RaftServerConfigKeys (ConfUtils.java:logGet(44)) - raft.server.log.segment.cache.size.max = 200MB (=209715200) (default)
2021-10-31 01:08:00,810 [pool-311-thread-1] INFO  segmented.SegmentedRaftLogWorker (SegmentedRaftLogWorker.java:<init>(182)) - new omNode-1@group-523986131536-SegmentedRaftLogWorker for RaftStorageImpl:Storage Directory /home/runner/work/ozone/ozone/hadoop-ozone/integration-test/target/test-dir/MiniOzoneClusterImpl-b8864bcf-37cc-42b5-82cc-559abfd78a8f/omNode-1/ratis/c9bc4cf4-3bc3-3c60-a66b-523986131536
2021-10-31 01:08:00,811 [pool-311-thread-1] INFO  server.RaftServerConfigKeys (ConfUtils.java:logGet(44)) - raft.server.log.queue.byte-limit = 64MB (=67108864) (default)
2021-10-31 01:08:00,811 [pool-311-thread-1] INFO  server.RaftServerConfigKeys (ConfUtils.java:logGet(44)) - raft.server.log.queue.element-limit = 4096 (default)
2021-10-31 01:08:00,811 [pool-311-thread-1] INFO  server.RaftServerConfigKeys (ConfUtils.java:logGet(44)) - raft.server.log.segment.size.max = 4194304 (custom)
2021-10-31 01:08:00,811 [pool-311-thread-1] INFO  server.RaftServerConfigKeys (ConfUtils.java:logGet(44)) - raft.server.log.preallocated.size = 4194304 (custom)
2021-10-31 01:08:00,811 [pool-311-thread-1] INFO  server.RaftServerConfigKeys (ConfUtils.java:logGet(44)) - raft.server.log.force.sync.num = 128 (default)
2021-10-31 01:08:00,811 [pool-311-thread-1] INFO  server.RaftServerConfigKeys (ConfUtils.java:logGet(44)) - raft.server.log.statemachine.data.sync = true (default)
2021-10-31 01:08:00,811 [pool-311-thread-1] INFO  server.RaftServerConfigKeys (ConfUtils.java:logGet(44)) - raft.server.log.statemachine.data.sync.timeout = 10s (default)
2021-10-31 01:08:00,811 [pool-311-thread-1] INFO  server.RaftServerConfigKeys (ConfUtils.java:logGet(44)) - raft.server.log.statemachine.data.sync.timeout.retry = -1 (default)
2021-10-31 01:08:00,813 [pool-311-thread-1] INFO  server.RaftServerConfigKeys (ConfUtils.java:logGet(44)) - raft.server.log.write.buffer.size = 64KB (=65536) (default)
2021-10-31 01:08:00,813 [pool-311-thread-1] INFO  server.RaftServerConfigKeys (ConfUtils.java:logGet(44)) - raft.server.log.statemachine.data.caching.enabled = false (default)
2021-10-31 01:08:00,813 [pool-311-thread-1] INFO  segmented.SegmentedRaftLogWorker (SegmentedRaftLogWorker.java:lambda$new$0(133)) - omNode-1@group-523986131536-SegmentedRaftLogWorker: flushIndex: setUnconditionally 0 -> 11
2021-10-31 01:08:00,813 [pool-311-thread-1] INFO  segmented.SegmentedRaftLogWorker (SegmentedRaftLogWorker.java:lambda$new$0(133)) - omNode-1@group-523986131536-SegmentedRaftLogWorker: safeCacheEvictIndex: setUnconditionally 0 -> -1
2021-10-31 01:08:00,817 [pool-311-thread-1] INFO  server.RaftServerConfigKeys (ConfUtils.java:logGet(44)) - raft.server.snapshot.auto.trigger.enabled = true (custom)
2021-10-31 01:08:00,817 [pool-311-thread-1] INFO  server.RaftServerConfigKeys (ConfUtils.java:logGet(44)) - raft.server.snapshot.auto.trigger.threshold = 50 (custom)
2021-10-31 01:08:00,817 [pool-311-thread-1] INFO  server.RaftServerConfigKeys (ConfUtils.java:logGet(44)) - raft.server.snapshot.retention.file.num = -1 (default)
2021-10-31 01:08:00,817 [pool-311-thread-1] INFO  server.RaftServerConfigKeys (ConfUtils.java:logGet(44)) - raft.server.log.purge.upto.snapshot.index = true (custom)
2021-10-31 01:08:00,818 [pool-311-thread-1] INFO  server.RaftServerConfigKeys (ConfUtils.java:logGet(44)) - raft.server.retrycache.expirytime = 30000ms (custom)
2021-10-31 01:08:00,818 [pool-311-thread-1] INFO  server.RaftServerConfigKeys (ConfUtils.java:logGet(44)) - raft.server.retrycache.statistics.expirytime = 100μs (default)
2021-10-31 01:08:00,820 [Listener at localhost/11928] INFO  server.RaftServer$Division (RaftServerImpl.java:start(301)) - omNode-1@group-523986131536: start as a follower, conf=22: [omNode-3|rpc:localhost:11932|admin:|client:|dataStream:|priority:0, omNode-1|rpc:localhost:11920|admin:|client:|dataStream:|priority:0, omNode-2|rpc:localhost:11926|admin:|client:|dataStream:|priority:0], old=null
2021-10-31 01:08:00,820 [Listener at localhost/11928] INFO  server.RaftServer$Division (RaftServerImpl.java:setRole(290)) - omNode-1@group-523986131536: changes role from      null to FOLLOWER at term 7 for startAsFollower
2021-10-31 01:08:00,820 [Listener at localhost/11928] INFO  impl.RoleInfo (RoleInfo.java:updateAndGet(130)) - omNode-1: start omNode-1@group-523986131536-FollowerState
2021-10-31 01:08:00,826 [Listener at localhost/11928] INFO  util.JmxRegister (JmxRegister.java:tryRegister(44)) - Successfully registered JMX Bean with object name Ratis:service=RaftServer,group=group-523986131536,id=omNode-1
2021-10-31 01:08:00,829 [Listener at localhost/11928] INFO  server.RaftServer (RaftServerProxy.java:lambda$start$5(374)) - omNode-1: start RPC server
2021-10-31 01:08:00,830 [Listener at localhost/11928] INFO  server.GrpcService (GrpcService.java:startImpl(253)) - omNode-1: GrpcService started, listening on 11920
2021-10-31 01:08:00,831 [Listener at localhost/11928] INFO  ipc.CallQueueManager (CallQueueManager.java:<init>(90)) - Using callQueue: class java.util.concurrent.LinkedBlockingQueue, queueCapacity: 2000, scheduler: class org.apache.hadoop.ipc.DefaultRpcScheduler, ipcBackoff: false.
2021-10-31 01:08:00,880 [Socket Reader #1 for port 11916] INFO  ipc.Server (Server.java:run(1265)) - Starting Socket Reader #1 for port 11916
2021-10-31 01:08:00,886 [org.apache.ratis.util.JvmPauseMonitor$$Lambda$523/2066045717@1a935313] INFO  util.JvmPauseMonitor (JvmPauseMonitor.java:run(103)) - JvmPauseMonitor-omNode-1: Started
2021-10-31 01:08:00,886 [Listener at localhost/11916] INFO  http.BaseHttpServer (BaseHttpServer.java:newHttpServer2BuilderForOzone(209)) - Starting Web-server for ozoneManager at: http://0.0.0.0:11918
2021-10-31 01:08:00,886 [Listener at localhost/11916] INFO  http.BaseHttpServer (BaseHttpServer.java:<init>(107)) - Hadoop Security Enabled: false Ozone Security Enabled: false Ozone HTTP Security Enabled: false 
2021-10-31 01:08:00,887 [Listener at localhost/11916] INFO  server.AuthenticationFilter (AuthenticationFilter.java:constructSecretProvider(240)) - Unable to initialize FileSignerSecretProvider, falling back to use random secrets.
2021-10-31 01:08:00,888 [Listener at localhost/11916] WARN  http.HttpRequestLog (HttpRequestLog.java:getRequestLog(103)) - Jetty request log can only be enabled using Log4j
2021-10-31 01:08:00,889 [Listener at localhost/11916] INFO  http.HttpServer2 (HttpServer2.java:addGlobalFilter(1030)) - Added global filter 'safety' (class=org.apache.hadoop.hdds.server.http.HttpServer2$QuotingInputFilter)
2021-10-31 01:08:00,889 [Listener at localhost/11916] INFO  http.HttpServer2 (HttpServer2.java:addFilter(1006)) - Added filter static_user_filter (class=org.apache.hadoop.http.lib.StaticUserWebFilter$StaticUserFilter) to context ozoneManager
2021-10-31 01:08:00,889 [Listener at localhost/11916] INFO  http.HttpServer2 (HttpServer2.java:addFilter(1014)) - Added filter static_user_filter (class=org.apache.hadoop.http.lib.StaticUserWebFilter$StaticUserFilter) to context logs
2021-10-31 01:08:00,889 [Listener at localhost/11916] INFO  http.HttpServer2 (HttpServer2.java:addFilter(1014)) - Added filter static_user_filter (class=org.apache.hadoop.http.lib.StaticUserWebFilter$StaticUserFilter) to context static
2021-10-31 01:08:00,890 [Listener at localhost/11916] INFO  http.HttpServer2 (HttpServer2.java:bindListener(1249)) - Jetty bound to port 11918
2021-10-31 01:08:00,890 [Listener at localhost/11916] INFO  server.Server (Server.java:doStart(375)) - jetty-9.4.43.v20210629; built: 2021-06-30T11:07:22.254Z; git: 526006ecfa3af7f1a27ef3a288e2bef7ea9dd7e8; jvm 1.8.0_292-b10
2021-10-31 01:08:00,892 [Listener at localhost/11916] INFO  server.session (DefaultSessionIdManager.java:doStart(334)) - DefaultSessionIdManager workerName=node0
2021-10-31 01:08:00,892 [Listener at localhost/11916] INFO  server.session (DefaultSessionIdManager.java:doStart(339)) - No SessionScavenger set, using defaults
2021-10-31 01:08:00,892 [Listener at localhost/11916] INFO  server.session (HouseKeeper.java:startScavenging(132)) - node0 Scavenging every 660000ms
2021-10-31 01:08:00,893 [Listener at localhost/11916] INFO  handler.ContextHandler (ContextHandler.java:doStart(915)) - Started o.e.j.s.ServletContextHandler@2489d24e{logs,/logs,file:///home/runner/work/ozone/ozone/hadoop-ozone/integration-test/target/log,AVAILABLE}
2021-10-31 01:08:00,893 [Listener at localhost/11916] INFO  handler.ContextHandler (ContextHandler.java:doStart(915)) - Started o.e.j.s.ServletContextHandler@7a33160e{static,/static,file:///home/runner/work/ozone/ozone/hadoop-ozone/integration-test/target/test-classes/webapps/static,AVAILABLE}
2021-10-31 01:08:00,897 [Listener at localhost/11916] INFO  handler.ContextHandler (ContextHandler.java:doStart(915)) - Started o.e.j.w.WebAppContext@4cc53042{ozoneManager,/,file:///home/runner/work/ozone/ozone/hadoop-ozone/integration-test/target/test-classes/webapps/ozoneManager/,AVAILABLE}{file:/home/runner/work/ozone/ozone/hadoop-ozone/integration-test/target/test-classes/webapps/ozoneManager}
2021-10-31 01:08:00,901 [Listener at localhost/11916] INFO  server.AbstractConnector (AbstractConnector.java:doStart(331)) - Started ServerConnector@6f619979{HTTP/1.1, (http/1.1)}{0.0.0.0:11918}
2021-10-31 01:08:00,902 [Listener at localhost/11916] INFO  server.Server (Server.java:doStart(415)) - Started @280835ms
2021-10-31 01:08:00,902 [Listener at localhost/11916] WARN  impl.MetricsSystemImpl (MetricsSystemImpl.java:register(279)) - Sink prometheus already exists!
2021-10-31 01:08:00,902 [Listener at localhost/11916] INFO  http.BaseHttpServer (BaseHttpServer.java:updateConnectorAddress(329)) - HTTP server of ozoneManager listening at http://0.0.0.0:11918
2021-10-31 01:08:00,903 [IPC Server Responder] INFO  ipc.Server (Server.java:run(1507)) - IPC Server Responder: starting
2021-10-31 01:08:00,903 [IPC Server listener on 11916] INFO  ipc.Server (Server.java:run(1344)) - IPC Server listener on 11916: starting
2021-10-31 01:08:00,911 [Listener at localhost/11916] INFO  om.OzoneManager (OzoneManager.java:startTrashEmptier(1576)) - Trash Interval set to 0. Files deleted will not move to trash
2021-10-31 01:08:00,911 [Listener at localhost/11916] INFO  om.OzoneManager (OzoneManager.java:stop(1677)) - Stopping Ozone Manager
2021-10-31 01:08:00,911 [Listener at localhost/11916] INFO  ipc.Server (Server.java:stop(3414)) - Stopping server on 11922
2021-10-31 01:08:00,913 [org.apache.hadoop.util.JvmPauseMonitor$Monitor@2ba16f26] INFO  util.JvmPauseMonitor (JvmPauseMonitor.java:run(188)) - Starting JVM pause monitor
2021-10-31 01:08:00,914 [IPC Server listener on 11922] INFO  ipc.Server (Server.java:run(1376)) - Stopping IPC Server listener on 11922
2021-10-31 01:08:00,914 [IPC Server Responder] INFO  ipc.Server (Server.java:run(1512)) - Stopping IPC Server Responder
2021-10-31 01:08:00,914 [Listener at localhost/11916] INFO  server.RaftServer (RaftServerProxy.java:lambda$close$6(391)) - omNode-2: close
2021-10-31 01:08:00,914 [Listener at localhost/11916] INFO  server.RaftServer$Division (RaftServerImpl.java:lambda$close$4(412)) - omNode-2@group-523986131536: shutdown
2021-10-31 01:08:00,915 [Listener at localhost/11916] INFO  util.JmxRegister (JmxRegister.java:unregister(73)) - Successfully un-registered JMX Bean with object name Ratis:service=RaftServer,group=group-523986131536,id=omNode-2
2021-10-31 01:08:00,915 [Listener at localhost/11916] INFO  impl.RoleInfo (RoleInfo.java:shutdownLeaderState(91)) - omNode-2: shutdown omNode-2@group-523986131536-LeaderStateImpl
2021-10-31 01:08:00,916 [omNode-2@group-523986131536->omNode-1-GrpcLogAppender-LogAppenderDaemon] WARN  server.GrpcLogAppender (GrpcLogAppender.java:mayWait(177)) - omNode-2@group-523986131536->omNode-1-GrpcLogAppender: Wait interrupted by java.lang.InterruptedException
2021-10-31 01:08:00,916 [grpc-default-executor-2] INFO  server.GrpcLogAppender (GrpcLogAppender.java:onError(335)) - omNode-2@group-523986131536->omNode-3-GrpcLogAppender is stopped
2021-10-31 01:08:00,917 [Listener at localhost/11916] INFO  impl.PendingRequests (PendingRequests.java:sendNotLeaderResponses(282)) - omNode-2@group-523986131536-PendingRequests: sendNotLeaderResponses
2021-10-31 01:08:00,919 [Listener at localhost/11916] INFO  impl.StateMachineUpdater (StateMachineUpdater.java:stopAndJoin(149)) - omNode-2@group-523986131536-StateMachineUpdater: set stopIndex = 21
2021-10-31 01:08:00,919 [omNode-2@group-523986131536-StateMachineUpdater] INFO  ratis.OzoneManagerStateMachine (OzoneManagerStateMachine.java:takeSnapshot(417)) - Current Snapshot Index (t:5, i:21)
2021-10-31 01:08:00,919 [omNode-2@group-523986131536-StateMachineUpdater] INFO  impl.StateMachineUpdater (StateMachineUpdater.java:takeSnapshot(281)) - omNode-2@group-523986131536-StateMachineUpdater: Took a snapshot at index 21
2021-10-31 01:08:00,919 [omNode-2@group-523986131536-StateMachineUpdater] INFO  impl.StateMachineUpdater (StateMachineUpdater.java:lambda$new$0(89)) - omNode-2@group-523986131536-StateMachineUpdater: snapshotIndex: updateIncreasingly 17 -> 21
2021-10-31 01:08:00,919 [omNode-2@group-523986131536-StateMachineUpdater] INFO  ratis.OzoneManagerStateMachine (OzoneManagerStateMachine.java:close(471)) - StateMachine has shutdown. Shutdown OzoneManager if not already shutdown.
2021-10-31 01:08:00,920 [Listener at localhost/11916] INFO  server.RaftServer$Division (ServerState.java:close(419)) - omNode-2@group-523986131536: closes. applyIndex: 21
2021-10-31 01:08:00,921 [omNode-2@group-523986131536-SegmentedRaftLogWorker] INFO  segmented.SegmentedRaftLogWorker (SegmentedRaftLogWorker.java:run(327)) - omNode-2@group-523986131536-SegmentedRaftLogWorker was interrupted, exiting. There are 0 tasks remaining in the queue.
2021-10-31 01:08:00,922 [Listener at localhost/11916] INFO  segmented.SegmentedRaftLogWorker (SegmentedRaftLogWorker.java:close(237)) - omNode-2@group-523986131536-SegmentedRaftLogWorker close()
2021-10-31 01:08:00,923 [Listener at localhost/11916] INFO  server.GrpcService (GrpcService.java:closeImpl(262)) - omNode-2: shutdown server with port 11926 now
2021-10-31 01:08:00,929 [Listener at localhost/11916] INFO  server.GrpcService (GrpcService.java:closeImpl(271)) - omNode-2: shutdown server with port 11926 successfully
2021-10-31 01:08:00,929 [org.apache.ratis.util.JvmPauseMonitor$$Lambda$523/2066045717@5d118e11] INFO  util.JvmPauseMonitor (JvmPauseMonitor.java:run(109)) - JvmPauseMonitor-omNode-2: Stopped
2021-10-31 01:08:00,929 [Listener at localhost/11916] INFO  ratis.OzoneManagerDoubleBuffer (OzoneManagerDoubleBuffer.java:stop(437)) - Stopping OMDoubleBuffer flush thread
2021-10-31 01:08:00,929 [OMDoubleBufferFlushThread] INFO  ratis.OzoneManagerDoubleBuffer (OzoneManagerDoubleBuffer.java:flushTransactions(356)) - OMDoubleBuffer flush thread OMDoubleBufferFlushThread is interrupted and will exit. OMDoubleBufferFlushThread
2021-10-31 01:08:00,931 [Listener at localhost/11916] INFO  handler.ContextHandler (ContextHandler.java:doStop(1153)) - Stopped o.e.j.w.WebAppContext@54ac3124{ozoneManager,/,null,STOPPED}{file:/home/runner/work/ozone/ozone/hadoop-ozone/integration-test/target/test-classes/webapps/ozoneManager}
2021-10-31 01:08:00,932 [Listener at localhost/11916] INFO  server.AbstractConnector (AbstractConnector.java:doStop(381)) - Stopped ServerConnector@36e5078{HTTP/1.1, (http/1.1)}{0.0.0.0:11924}
2021-10-31 01:08:00,932 [Listener at localhost/11916] INFO  server.session (HouseKeeper.java:stopScavenging(149)) - node0 Stopped scavenging
2021-10-31 01:08:00,932 [Listener at localhost/11916] INFO  handler.ContextHandler (ContextHandler.java:doStop(1153)) - Stopped o.e.j.s.ServletContextHandler@6ac64520{static,/static,file:///home/runner/work/ozone/ozone/hadoop-ozone/integration-test/target/test-classes/webapps/static,STOPPED}
2021-10-31 01:08:00,933 [Listener at localhost/11916] INFO  handler.ContextHandler (ContextHandler.java:doStop(1153)) - Stopped o.e.j.s.ServletContextHandler@3886aa49{logs,/logs,file:///home/runner/work/ozone/ozone/hadoop-ozone/integration-test/target/log,STOPPED}
2021-10-31 01:08:00,935 [Listener at localhost/11916] INFO  om.OzoneManager (OzoneManager.java:initFSOLayout(3634)) - Configured ozone.om.metadata.layout=SIMPLE and disabled optimized OM FS operations
2021-10-31 01:08:00,935 [Listener at localhost/11916] INFO  om.OzoneManager (OzoneManager.java:restart(1392)) - OzoneManager RPC server is listening at localhost/127.0.0.1:11922
2021-10-31 01:08:00,935 [Listener at localhost/11916] INFO  impl.MetricsSystemImpl (MetricsSystemImpl.java:init(158)) - OzoneManager metrics system started (again)
2021-10-31 01:08:00,951 [Listener at localhost/11916] WARN  server.ServerUtils (ServerUtils.java:getDBPath(225)) - ozone.om.db.dirs is not configured. We recommend adding this setting. Falling back to ozone.metadata.dirs instead.
2021-10-31 01:08:00,952 [Listener at localhost/11916] INFO  codec.OmKeyInfoCodec (OmKeyInfoCodec.java:<init>(51)) - OmKeyInfoCodec ignorePipeline = true
2021-10-31 01:08:00,953 [Listener at localhost/11916] INFO  codec.RepeatedOmKeyInfoCodec (RepeatedOmKeyInfoCodec.java:<init>(42)) - RepeatedOmKeyInfoCodec ignorePipeline = true
2021-10-31 01:08:00,992 [Listener at localhost/11916] WARN  impl.MetricRegistriesImpl (MetricRegistriesImpl.java:addReporterRegistration(111)) - New reporters are added after registries were created. Some metrics will be missing from the reporter. Please add reporter before adding any new registry.
2021-10-31 01:08:00,992 [Listener at localhost/11916] WARN  impl.MetricRegistriesImpl (MetricRegistriesImpl.java:addReporterRegistration(111)) - New reporters are added after registries were created. Some metrics will be missing from the reporter. Please add reporter before adding any new registry.
2021-10-31 01:08:00,992 [Listener at localhost/11916] WARN  server.ServerUtils (ServerUtils.java:getDefaultRatisDirectory(237)) - Storage directory for Ratis is not configured. It is a good idea to map this to an SSD disk. Falling back to ozone.metadata.dirs
2021-10-31 01:08:00,993 [Listener at localhost/11916] INFO  ratis.OzoneManagerRatisServer (OzoneManagerRatisServer.java:<init>(159)) - Instantiating OM Ratis server with groupID: om-service-test1 and peers: localhost:11926, localhost:11932, localhost:11920
2021-10-31 01:08:00,993 [Listener at localhost/11916] INFO  ratis.OzoneManagerStateMachine (OzoneManagerStateMachine.java:loadSnapshotInfoFromDB(605)) - LastAppliedIndex is set from TransactionInfo from OM DB as (t:5, i:21)
2021-10-31 01:08:00,993 [Listener at localhost/11916] INFO  server.RaftServer (ConfUtils.java:logGet(44)) - raft.rpc.type = GRPC (default)
2021-10-31 01:08:00,993 [Listener at localhost/11916] INFO  grpc.GrpcFactory (GrpcFactory.java:checkPooledByteBufAllocatorUseCacheForAllThreads(48)) - PERFORMANCE WARNING: useCacheForAllThreads is true that may cause Netty to create a lot garbage objects and, as a result, trigger GC.
	It is recommended to disable useCacheForAllThreads by setting -Dorg.apache.ratis.thirdparty.io.netty.allocator.useCacheForAllThreads=false in command line.
2021-10-31 01:08:00,993 [Listener at localhost/11916] INFO  grpc.GrpcConfigKeys (ConfUtils.java:logGet(44)) - raft.grpc.admin.port = -1 (default)
2021-10-31 01:08:00,994 [Listener at localhost/11916] INFO  grpc.GrpcConfigKeys (ConfUtils.java:logGet(44)) - raft.grpc.server.port = 11926 (custom)
2021-10-31 01:08:00,994 [Listener at localhost/11916] INFO  grpc.GrpcConfigKeys (ConfUtils.java:logGet(44)) - raft.grpc.client.port = -1 (default)
2021-10-31 01:08:00,994 [Listener at localhost/11916] INFO  grpc.GrpcConfigKeys (ConfUtils.java:logGet(44)) - raft.grpc.server.port = 11926 (custom)
2021-10-31 01:08:00,994 [Listener at localhost/11916] INFO  grpc.GrpcConfigKeys (ConfUtils.java:logGet(44)) - raft.grpc.server.port = 11926 (custom)
2021-10-31 01:08:00,994 [Listener at localhost/11916] INFO  server.GrpcService (ConfUtils.java:logGet(44)) - raft.grpc.message.size.max = 33554432 (custom)
2021-10-31 01:08:00,994 [Listener at localhost/11916] INFO  server.RaftServerConfigKeys (ConfUtils.java:logGet(44)) - raft.server.log.appender.buffer.byte-limit = 33554432 (custom)
2021-10-31 01:08:00,994 [Listener at localhost/11916] INFO  server.GrpcService (ConfUtils.java:logGet(44)) - raft.grpc.flow.control.window = 1MB (=1048576) (default)
2021-10-31 01:08:00,994 [Listener at localhost/11916] INFO  server.RaftServerConfigKeys (ConfUtils.java:logGet(44)) - raft.server.rpc.request.timeout = 3000ms (default)
2021-10-31 01:08:00,995 [Listener at localhost/11916] INFO  impl.DataStreamServerImpl (ConfUtils.java:logGet(44)) - raft.datastream.type = DISABLED (default)
2021-10-31 01:08:00,995 [Listener at localhost/11916] INFO  server.RaftServerConfigKeys (ConfUtils.java:logGet(44)) - raft.server.rpc.slowness.timeout = 2s (custom)
2021-10-31 01:08:00,995 [Listener at localhost/11916] INFO  server.RaftServerConfigKeys (ConfUtils.java:logGet(44)) - raft.server.leaderelection.leader.step-down.wait-time = 10s (default)
2021-10-31 01:08:00,996 [Listener at localhost/11916] INFO  server.RaftServerConfigKeys (ConfUtils.java:logGet(44)) - raft.server.storage.dir = [/home/runner/work/ozone/ozone/hadoop-ozone/integration-test/target/test-dir/MiniOzoneClusterImpl-b8864bcf-37cc-42b5-82cc-559abfd78a8f/omNode-2/ratis] (custom)
2021-10-31 01:08:00,996 [Listener at localhost/11916] INFO  server.RaftServer (RaftServerProxy.java:lambda$null$1(235)) - omNode-2: found a subdirectory /home/runner/work/ozone/ozone/hadoop-ozone/integration-test/target/test-dir/MiniOzoneClusterImpl-b8864bcf-37cc-42b5-82cc-559abfd78a8f/omNode-2/ratis/c9bc4cf4-3bc3-3c60-a66b-523986131536
2021-10-31 01:08:00,996 [Listener at localhost/11916] INFO  server.RaftServer (RaftServerProxy.java:addNew(95)) - omNode-2: addNew group-523986131536:[omNode-3|rpc:localhost:11932|priority:0, omNode-1|rpc:localhost:11920|priority:0, omNode-2|rpc:localhost:11926|priority:0] returns group-523986131536:java.util.concurrent.CompletableFuture@373aa6d9[Not completed]
2021-10-31 01:08:00,996 [Listener at localhost/11916] INFO  om.OzoneManager (OzoneManager.java:initializeRatisServer(1618)) - OzoneManager Ratis server initialized at port 11926
2021-10-31 01:08:00,996 [Listener at localhost/11916] INFO  ratis.OzoneManagerRatisServer (OzoneManagerRatisServer.java:start(522)) - Starting OzoneManagerRatisServer omNode-2 at port 11926
2021-10-31 01:08:00,996 [pool-331-thread-1] INFO  server.RaftServer$Division (RaftServerImpl.java:<init>(184)) - omNode-2: new RaftServerImpl for group-523986131536:[omNode-3|rpc:localhost:11932|priority:0, omNode-1|rpc:localhost:11920|priority:0, omNode-2|rpc:localhost:11926|priority:0] with OzoneManagerStateMachine:uninitialized
2021-10-31 01:08:01,003 [pool-331-thread-1] INFO  server.RaftServerConfigKeys (ConfUtils.java:logGet(44)) - raft.server.rpc.timeout.min = 1s (custom)
2021-10-31 01:08:01,003 [pool-331-thread-1] INFO  server.RaftServerConfigKeys (ConfUtils.java:logGet(44)) - raft.server.rpc.timeout.max = 1200ms (custom)
2021-10-31 01:08:01,003 [pool-331-thread-1] INFO  server.RaftServerConfigKeys (ConfUtils.java:logGet(44)) - raft.server.rpc.sleep.time = 25ms (default)
2021-10-31 01:08:01,003 [pool-331-thread-1] INFO  server.RaftServerConfigKeys (ConfUtils.java:logGet(44)) - raft.server.rpc.slowness.timeout = 2s (custom)
2021-10-31 01:08:01,004 [pool-331-thread-1] INFO  server.RaftServerConfigKeys (ConfUtils.java:logGet(44)) - raft.server.leaderelection.leader.step-down.wait-time = 10s (default)
2021-10-31 01:08:01,004 [pool-331-thread-1] INFO  server.RaftServerConfigKeys (ConfUtils.java:logGet(44)) - raft.server.sleep.deviation.threshold = 300ms (default)
2021-10-31 01:08:01,004 [pool-331-thread-1] INFO  server.RaftServerConfigKeys (ConfUtils.java:logGet(44)) - raft.server.log.appender.install.snapshot.enabled = false (custom)
2021-10-31 01:08:01,004 [pool-331-thread-1] INFO  server.RaftServer$Division (ServerState.java:<init>(105)) - omNode-2@group-523986131536: ConfigurationManager, init=-1: [omNode-3|rpc:localhost:11932|priority:0, omNode-1|rpc:localhost:11920|priority:0, omNode-2|rpc:localhost:11926|priority:0], old=null, confs=<EMPTY_MAP>
2021-10-31 01:08:01,004 [pool-331-thread-1] INFO  server.RaftServerConfigKeys (ConfUtils.java:logGet(44)) - raft.server.storage.dir = [/home/runner/work/ozone/ozone/hadoop-ozone/integration-test/target/test-dir/MiniOzoneClusterImpl-b8864bcf-37cc-42b5-82cc-559abfd78a8f/omNode-2/ratis] (custom)
2021-10-31 01:08:01,004 [pool-331-thread-1] INFO  server.RaftServerConfigKeys (ConfUtils.java:logGet(44)) - raft.server.log.corruption.policy = EXCEPTION (default)
2021-10-31 01:08:01,004 [pool-331-thread-1] INFO  server.RaftServerConfigKeys (ConfUtils.java:logGet(44)) - raft.server.storage.free-space.min = 0MB (=0) (default)
2021-10-31 01:08:01,006 [pool-331-thread-1] INFO  storage.RaftStorageDirectory (RaftStorageDirectoryImpl.java:tryLock(230)) - Lock on /home/runner/work/ozone/ozone/hadoop-ozone/integration-test/target/test-dir/MiniOzoneClusterImpl-b8864bcf-37cc-42b5-82cc-559abfd78a8f/omNode-2/ratis/c9bc4cf4-3bc3-3c60-a66b-523986131536/in_use.lock acquired by nodename 14068@fv-az50-512
2021-10-31 01:08:01,006 [pool-331-thread-1] INFO  storage.RaftStorage (RaftStorageImpl.java:analyzeAndRecoverStorage(110)) - Read RaftStorageMetadata{term=7, votedFor=omNode-2} from /home/runner/work/ozone/ozone/hadoop-ozone/integration-test/target/test-dir/MiniOzoneClusterImpl-b8864bcf-37cc-42b5-82cc-559abfd78a8f/omNode-2/ratis/c9bc4cf4-3bc3-3c60-a66b-523986131536/current/raft-meta
2021-10-31 01:08:01,006 [pool-331-thread-1] INFO  server.RaftServer$Division (ServerState.java:setRaftConf(387)) - omNode-2@group-523986131536: set configuration 18: [omNode-3|rpc:localhost:11932|admin:|client:|dataStream:|priority:0, omNode-1|rpc:localhost:11920|admin:|client:|dataStream:|priority:0, omNode-2|rpc:localhost:11926|admin:|client:|dataStream:|priority:0], old=null
2021-10-31 01:08:01,006 [pool-331-thread-1] INFO  server.RaftServerConfigKeys (ConfUtils.java:logGet(44)) - raft.server.notification.no-leader.timeout = 2s (custom)
2021-10-31 01:08:01,006 [pool-331-thread-1] INFO  server.RaftServerConfigKeys (ConfUtils.java:logGet(44)) - raft.server.log.use.memory = false (default)
2021-10-31 01:08:01,006 [pool-331-thread-1] INFO  server.RaftServerConfigKeys (ConfUtils.java:logGet(44)) - raft.server.log.purge.gap = 50 (custom)
2021-10-31 01:08:01,007 [pool-331-thread-1] INFO  server.RaftServerConfigKeys (ConfUtils.java:logGet(44)) - raft.server.log.appender.buffer.byte-limit = 33554432 (custom)
2021-10-31 01:08:01,007 [pool-331-thread-1] INFO  server.RaftServerConfigKeys (ConfUtils.java:logGet(44)) - raft.server.log.segment.size.max = 4194304 (custom)
2021-10-31 01:08:01,007 [pool-331-thread-1] INFO  server.RaftServerConfigKeys (ConfUtils.java:logGet(44)) - raft.server.log.segment.cache.num.max = 2 (custom)
2021-10-31 01:08:01,007 [pool-331-thread-1] INFO  server.RaftServerConfigKeys (ConfUtils.java:logGet(44)) - raft.server.log.segment.cache.size.max = 200MB (=209715200) (default)
2021-10-31 01:08:01,007 [pool-331-thread-1] INFO  segmented.SegmentedRaftLogWorker (SegmentedRaftLogWorker.java:<init>(182)) - new omNode-2@group-523986131536-SegmentedRaftLogWorker for RaftStorageImpl:Storage Directory /home/runner/work/ozone/ozone/hadoop-ozone/integration-test/target/test-dir/MiniOzoneClusterImpl-b8864bcf-37cc-42b5-82cc-559abfd78a8f/omNode-2/ratis/c9bc4cf4-3bc3-3c60-a66b-523986131536
2021-10-31 01:08:01,007 [pool-331-thread-1] INFO  server.RaftServerConfigKeys (ConfUtils.java:logGet(44)) - raft.server.log.queue.byte-limit = 64MB (=67108864) (default)
2021-10-31 01:08:01,007 [pool-331-thread-1] INFO  server.RaftServerConfigKeys (ConfUtils.java:logGet(44)) - raft.server.log.queue.element-limit = 4096 (default)
2021-10-31 01:08:01,007 [pool-331-thread-1] INFO  server.RaftServerConfigKeys (ConfUtils.java:logGet(44)) - raft.server.log.segment.size.max = 4194304 (custom)
2021-10-31 01:08:01,008 [pool-331-thread-1] INFO  server.RaftServerConfigKeys (ConfUtils.java:logGet(44)) - raft.server.log.preallocated.size = 4194304 (custom)
2021-10-31 01:08:01,008 [pool-331-thread-1] INFO  server.RaftServerConfigKeys (ConfUtils.java:logGet(44)) - raft.server.log.force.sync.num = 128 (default)
2021-10-31 01:08:01,008 [pool-331-thread-1] INFO  server.RaftServerConfigKeys (ConfUtils.java:logGet(44)) - raft.server.log.statemachine.data.sync = true (default)
2021-10-31 01:08:01,008 [pool-331-thread-1] INFO  server.RaftServerConfigKeys (ConfUtils.java:logGet(44)) - raft.server.log.statemachine.data.sync.timeout = 10s (default)
2021-10-31 01:08:01,008 [pool-331-thread-1] INFO  server.RaftServerConfigKeys (ConfUtils.java:logGet(44)) - raft.server.log.statemachine.data.sync.timeout.retry = -1 (default)
2021-10-31 01:08:01,009 [pool-331-thread-1] INFO  server.RaftServerConfigKeys (ConfUtils.java:logGet(44)) - raft.server.log.write.buffer.size = 64KB (=65536) (default)
2021-10-31 01:08:01,009 [pool-331-thread-1] INFO  server.RaftServerConfigKeys (ConfUtils.java:logGet(44)) - raft.server.log.statemachine.data.caching.enabled = false (default)
2021-10-31 01:08:01,010 [pool-331-thread-1] INFO  server.RaftServer$Division (ServerState.java:setRaftConf(387)) - omNode-2@group-523986131536: set configuration 12: [omNode-3|rpc:localhost:11932|admin:|client:|dataStream:|priority:0, omNode-1|rpc:localhost:11920|admin:|client:|dataStream:|priority:0, omNode-2|rpc:localhost:11926|admin:|client:|dataStream:|priority:0], old=null
2021-10-31 01:08:01,010 [pool-331-thread-1] INFO  segmented.LogSegment (LogSegment.java:loadSegment(173)) - Successfully read 2 entries from segment file /home/runner/work/ozone/ozone/hadoop-ozone/integration-test/target/test-dir/MiniOzoneClusterImpl-b8864bcf-37cc-42b5-82cc-559abfd78a8f/omNode-2/ratis/c9bc4cf4-3bc3-3c60-a66b-523986131536/current/log_12-13
2021-10-31 01:08:01,010 [pool-331-thread-1] INFO  server.RaftServer$Division (ServerState.java:setRaftConf(387)) - omNode-2@group-523986131536: set configuration 14: [omNode-3|rpc:localhost:11932|admin:|client:|dataStream:|priority:0, omNode-1|rpc:localhost:11920|admin:|client:|dataStream:|priority:0, omNode-2|rpc:localhost:11926|admin:|client:|dataStream:|priority:0], old=null
2021-10-31 01:08:01,011 [pool-331-thread-1] INFO  segmented.LogSegment (LogSegment.java:loadSegment(173)) - Successfully read 4 entries from segment file /home/runner/work/ozone/ozone/hadoop-ozone/integration-test/target/test-dir/MiniOzoneClusterImpl-b8864bcf-37cc-42b5-82cc-559abfd78a8f/omNode-2/ratis/c9bc4cf4-3bc3-3c60-a66b-523986131536/current/log_14-17
2021-10-31 01:08:01,011 [pool-331-thread-1] INFO  server.RaftServer$Division (ServerState.java:setRaftConf(387)) - omNode-2@group-523986131536: set configuration 18: [omNode-3|rpc:localhost:11932|admin:|client:|dataStream:|priority:0, omNode-1|rpc:localhost:11920|admin:|client:|dataStream:|priority:0, omNode-2|rpc:localhost:11926|admin:|client:|dataStream:|priority:0], old=null
2021-10-31 01:08:01,011 [pool-331-thread-1] INFO  segmented.LogSegment (LogSegment.java:loadSegment(173)) - Successfully read 4 entries from segment file /home/runner/work/ozone/ozone/hadoop-ozone/integration-test/target/test-dir/MiniOzoneClusterImpl-b8864bcf-37cc-42b5-82cc-559abfd78a8f/omNode-2/ratis/c9bc4cf4-3bc3-3c60-a66b-523986131536/current/log_18-21
2021-10-31 01:08:01,012 [pool-331-thread-1] INFO  server.RaftServer$Division (ServerState.java:setRaftConf(387)) - omNode-2@group-523986131536: set configuration 22: [omNode-3|rpc:localhost:11932|admin:|client:|dataStream:|priority:0, omNode-1|rpc:localhost:11920|admin:|client:|dataStream:|priority:0, omNode-2|rpc:localhost:11926|admin:|client:|dataStream:|priority:0], old=null
2021-10-31 01:08:01,012 [pool-331-thread-1] INFO  segmented.LogSegment (LogSegment.java:loadSegment(173)) - Successfully read 1 entries from segment file /home/runner/work/ozone/ozone/hadoop-ozone/integration-test/target/test-dir/MiniOzoneClusterImpl-b8864bcf-37cc-42b5-82cc-559abfd78a8f/omNode-2/ratis/c9bc4cf4-3bc3-3c60-a66b-523986131536/current/log_inprogress_22
2021-10-31 01:08:01,012 [pool-331-thread-1] INFO  segmented.SegmentedRaftLogWorker (SegmentedRaftLogWorker.java:lambda$new$0(133)) - omNode-2@group-523986131536-SegmentedRaftLogWorker: flushIndex: setUnconditionally 0 -> 22
2021-10-31 01:08:01,012 [pool-331-thread-1] INFO  segmented.SegmentedRaftLogWorker (SegmentedRaftLogWorker.java:lambda$new$0(133)) - omNode-2@group-523986131536-SegmentedRaftLogWorker: safeCacheEvictIndex: setUnconditionally 0 -> 21
2021-10-31 01:08:01,012 [pool-331-thread-1] INFO  raftlog.RaftLog (RaftLogBase.java:lambda$new$0(53)) - omNode-2@group-523986131536-SegmentedRaftLog: commitIndex: updateToMax old=21, new=20, updated? false
2021-10-31 01:08:01,012 [pool-331-thread-1] INFO  raftlog.RaftLog (RaftLogBase.java:lambda$new$0(53)) - omNode-2@group-523986131536-SegmentedRaftLog: purgeIndex: updateIncreasingly -1 -> 11
2021-10-31 01:08:01,012 [pool-331-thread-1] INFO  server.RaftServerConfigKeys (ConfUtils.java:logGet(44)) - raft.server.snapshot.auto.trigger.enabled = true (custom)
2021-10-31 01:08:01,012 [pool-331-thread-1] INFO  server.RaftServerConfigKeys (ConfUtils.java:logGet(44)) - raft.server.snapshot.auto.trigger.threshold = 50 (custom)
2021-10-31 01:08:01,012 [pool-331-thread-1] INFO  server.RaftServerConfigKeys (ConfUtils.java:logGet(44)) - raft.server.snapshot.retention.file.num = -1 (default)
2021-10-31 01:08:01,012 [pool-331-thread-1] INFO  server.RaftServerConfigKeys (ConfUtils.java:logGet(44)) - raft.server.log.purge.upto.snapshot.index = true (custom)
2021-10-31 01:08:01,013 [pool-331-thread-1] INFO  server.RaftServerConfigKeys (ConfUtils.java:logGet(44)) - raft.server.retrycache.expirytime = 30000ms (custom)
2021-10-31 01:08:01,013 [pool-331-thread-1] INFO  server.RaftServerConfigKeys (ConfUtils.java:logGet(44)) - raft.server.retrycache.statistics.expirytime = 100μs (default)
2021-10-31 01:08:01,016 [Listener at localhost/11916] INFO  server.RaftServer$Division (RaftServerImpl.java:start(301)) - omNode-2@group-523986131536: start as a follower, conf=22: [omNode-3|rpc:localhost:11932|admin:|client:|dataStream:|priority:0, omNode-1|rpc:localhost:11920|admin:|client:|dataStream:|priority:0, omNode-2|rpc:localhost:11926|admin:|client:|dataStream:|priority:0], old=null
2021-10-31 01:08:01,016 [Listener at localhost/11916] INFO  server.RaftServer$Division (RaftServerImpl.java:setRole(290)) - omNode-2@group-523986131536: changes role from      null to FOLLOWER at term 7 for startAsFollower
2021-10-31 01:08:01,016 [Listener at localhost/11916] INFO  impl.RoleInfo (RoleInfo.java:updateAndGet(130)) - omNode-2: start omNode-2@group-523986131536-FollowerState
2021-10-31 01:08:01,016 [Listener at localhost/11916] INFO  util.JmxRegister (JmxRegister.java:tryRegister(44)) - Successfully registered JMX Bean with object name Ratis:service=RaftServer,group=group-523986131536,id=omNode-2
2021-10-31 01:08:01,017 [Listener at localhost/11916] INFO  server.RaftServer (RaftServerProxy.java:lambda$start$5(374)) - omNode-2: start RPC server
2021-10-31 01:08:01,018 [Listener at localhost/11916] INFO  server.GrpcService (GrpcService.java:startImpl(253)) - omNode-2: GrpcService started, listening on 11926
2021-10-31 01:08:01,018 [Listener at localhost/11916] INFO  ipc.CallQueueManager (CallQueueManager.java:<init>(90)) - Using callQueue: class java.util.concurrent.LinkedBlockingQueue, queueCapacity: 2000, scheduler: class org.apache.hadoop.ipc.DefaultRpcScheduler, ipcBackoff: false.
2021-10-31 01:08:01,019 [org.apache.ratis.util.JvmPauseMonitor$$Lambda$523/2066045717@2b7a3250] INFO  util.JvmPauseMonitor (JvmPauseMonitor.java:run(103)) - JvmPauseMonitor-omNode-2: Started
2021-10-31 01:08:01,019 [Socket Reader #1 for port 11922] INFO  ipc.Server (Server.java:run(1265)) - Starting Socket Reader #1 for port 11922
2021-10-31 01:08:01,022 [Listener at localhost/11922] INFO  http.BaseHttpServer (BaseHttpServer.java:newHttpServer2BuilderForOzone(209)) - Starting Web-server for ozoneManager at: http://0.0.0.0:11924
2021-10-31 01:08:01,022 [Listener at localhost/11922] INFO  http.BaseHttpServer (BaseHttpServer.java:<init>(107)) - Hadoop Security Enabled: false Ozone Security Enabled: false Ozone HTTP Security Enabled: false 
2021-10-31 01:08:01,023 [Listener at localhost/11922] INFO  server.AuthenticationFilter (AuthenticationFilter.java:constructSecretProvider(240)) - Unable to initialize FileSignerSecretProvider, falling back to use random secrets.
2021-10-31 01:08:01,025 [Listener at localhost/11922] WARN  http.HttpRequestLog (HttpRequestLog.java:getRequestLog(103)) - Jetty request log can only be enabled using Log4j
2021-10-31 01:08:01,026 [Listener at localhost/11922] INFO  http.HttpServer2 (HttpServer2.java:addGlobalFilter(1030)) - Added global filter 'safety' (class=org.apache.hadoop.hdds.server.http.HttpServer2$QuotingInputFilter)
2021-10-31 01:08:01,027 [Listener at localhost/11922] INFO  http.HttpServer2 (HttpServer2.java:addFilter(1006)) - Added filter static_user_filter (class=org.apache.hadoop.http.lib.StaticUserWebFilter$StaticUserFilter) to context ozoneManager
2021-10-31 01:08:01,027 [Listener at localhost/11922] INFO  http.HttpServer2 (HttpServer2.java:addFilter(1014)) - Added filter static_user_filter (class=org.apache.hadoop.http.lib.StaticUserWebFilter$StaticUserFilter) to context static
2021-10-31 01:08:01,027 [Listener at localhost/11922] INFO  http.HttpServer2 (HttpServer2.java:addFilter(1014)) - Added filter static_user_filter (class=org.apache.hadoop.http.lib.StaticUserWebFilter$StaticUserFilter) to context logs
2021-10-31 01:08:01,028 [Listener at localhost/11922] INFO  http.HttpServer2 (HttpServer2.java:bindListener(1249)) - Jetty bound to port 11924
2021-10-31 01:08:01,028 [Listener at localhost/11922] INFO  server.Server (Server.java:doStart(375)) - jetty-9.4.43.v20210629; built: 2021-06-30T11:07:22.254Z; git: 526006ecfa3af7f1a27ef3a288e2bef7ea9dd7e8; jvm 1.8.0_292-b10
2021-10-31 01:08:01,034 [Listener at localhost/11922] INFO  server.session (DefaultSessionIdManager.java:doStart(334)) - DefaultSessionIdManager workerName=node0
2021-10-31 01:08:01,035 [Listener at localhost/11922] INFO  server.session (DefaultSessionIdManager.java:doStart(339)) - No SessionScavenger set, using defaults
2021-10-31 01:08:01,035 [Listener at localhost/11922] INFO  server.session (HouseKeeper.java:startScavenging(132)) - node0 Scavenging every 600000ms
2021-10-31 01:08:01,036 [Listener at localhost/11922] INFO  handler.ContextHandler (ContextHandler.java:doStart(915)) - Started o.e.j.s.ServletContextHandler@6fde108b{logs,/logs,file:///home/runner/work/ozone/ozone/hadoop-ozone/integration-test/target/log,AVAILABLE}
2021-10-31 01:08:01,036 [Listener at localhost/11922] INFO  handler.ContextHandler (ContextHandler.java:doStart(915)) - Started o.e.j.s.ServletContextHandler@1a0d0eac{static,/static,file:///home/runner/work/ozone/ozone/hadoop-ozone/integration-test/target/test-classes/webapps/static,AVAILABLE}
2021-10-31 01:08:01,042 [Listener at localhost/11922] INFO  handler.ContextHandler (ContextHandler.java:doStart(915)) - Started o.e.j.w.WebAppContext@a55b52f{ozoneManager,/,file:///home/runner/work/ozone/ozone/hadoop-ozone/integration-test/target/test-classes/webapps/ozoneManager/,AVAILABLE}{file:/home/runner/work/ozone/ozone/hadoop-ozone/integration-test/target/test-classes/webapps/ozoneManager}
2021-10-31 01:08:01,044 [Listener at localhost/11922] INFO  server.AbstractConnector (AbstractConnector.java:doStart(331)) - Started ServerConnector@78c0c1e6{HTTP/1.1, (http/1.1)}{0.0.0.0:11924}
2021-10-31 01:08:01,044 [Listener at localhost/11922] INFO  server.Server (Server.java:doStart(415)) - Started @280978ms
2021-10-31 01:08:01,044 [Listener at localhost/11922] WARN  impl.MetricsSystemImpl (MetricsSystemImpl.java:register(279)) - Sink prometheus already exists!
2021-10-31 01:08:01,045 [Listener at localhost/11922] INFO  http.BaseHttpServer (BaseHttpServer.java:updateConnectorAddress(329)) - HTTP server of ozoneManager listening at http://0.0.0.0:11924
2021-10-31 01:08:01,045 [IPC Server Responder] INFO  ipc.Server (Server.java:run(1507)) - IPC Server Responder: starting
2021-10-31 01:08:01,046 [IPC Server listener on 11922] INFO  ipc.Server (Server.java:run(1344)) - IPC Server listener on 11922: starting
2021-10-31 01:08:01,050 [Listener at localhost/11922] INFO  om.OzoneManager (OzoneManager.java:startTrashEmptier(1576)) - Trash Interval set to 0. Files deleted will not move to trash
2021-10-31 01:08:01,059 [org.apache.hadoop.util.JvmPauseMonitor$Monitor@76c8f2cb] INFO  util.JvmPauseMonitor (JvmPauseMonitor.java:run(188)) - Starting JVM pause monitor
]]></system-out>
  </testcase>
  <testcase name="testPrepareDownedOM" classname="org.apache.hadoop.ozone.om.TestOzoneManagerPrepare" time="7.601">
    <error message="Could not determine or connect to OM Leader." type="java.io.IOException">java.io.IOException: Could not determine or connect to OM Leader.
	at org.apache.hadoop.ozone.om.protocolPB.Hadoop3OmTransport.submitRequest(Hadoop3OmTransport.java:96)
	at org.apache.hadoop.ozone.om.protocolPB.OzoneManagerProtocolClientSideTranslatorPB.submitRequest(OzoneManagerProtocolClientSideTranslatorPB.java:230)
	at org.apache.hadoop.ozone.om.protocolPB.OzoneManagerProtocolClientSideTranslatorPB.cancelOzoneManagerPrepare(OzoneManagerProtocolClientSideTranslatorPB.java:1640)
	at org.apache.hadoop.ozone.om.TestOzoneManagerPrepare.submitCancelPrepareRequest(TestOzoneManagerPrepare.java:430)
	at org.apache.hadoop.ozone.om.TestOzoneManagerPrepare.initOM(TestOzoneManagerPrepare.java:90)
	at sun.reflect.NativeMethodAccessorImpl.invoke0(Native Method)
	at sun.reflect.NativeMethodAccessorImpl.invoke(NativeMethodAccessorImpl.java:62)
	at sun.reflect.DelegatingMethodAccessorImpl.invoke(DelegatingMethodAccessorImpl.java:43)
	at java.lang.reflect.Method.invoke(Method.java:498)
	at org.junit.runners.model.FrameworkMethod$1.runReflectiveCall(FrameworkMethod.java:59)
	at org.junit.internal.runners.model.ReflectiveCallable.run(ReflectiveCallable.java:12)
	at org.junit.runners.model.FrameworkMethod.invokeExplosively(FrameworkMethod.java:56)
	at org.junit.internal.runners.statements.RunBefores.invokeMethod(RunBefores.java:33)
	at org.junit.internal.runners.statements.RunBefores.evaluate(RunBefores.java:24)
	at org.junit.internal.runners.statements.RunAfters.evaluate(RunAfters.java:27)
	at org.junit.rules.ExpectedException$ExpectedExceptionStatement.evaluate(ExpectedException.java:258)
	at org.junit.internal.runners.statements.FailOnTimeout$CallableStatement.call(FailOnTimeout.java:288)
	at org.junit.internal.runners.statements.FailOnTimeout$CallableStatement.call(FailOnTimeout.java:282)
	at java.util.concurrent.FutureTask.run(FutureTask.java:266)
	at java.lang.Thread.run(Thread.java:748)
</error>
    <system-out><![CDATA[2021-10-31 01:08:01,070 [Time-limited test] INFO  retry.RetryInvocationHandler (RetryInvocationHandler.java:log(411)) - com.google.protobuf.ServiceException: org.apache.hadoop.ipc.RemoteException(org.apache.hadoop.ozone.om.exceptions.OMNotLeaderException): OM:omNode-3 is not the leader. Could not determine the leader node.
	at org.apache.hadoop.ozone.om.ratis.utils.OzoneManagerRatisUtils.createNotLeaderException(OzoneManagerRatisUtils.java:465)
	at org.apache.hadoop.ozone.om.ratis.utils.OzoneManagerRatisUtils.checkLeaderStatus(OzoneManagerRatisUtils.java:451)
	at org.apache.hadoop.ozone.protocolPB.OzoneManagerProtocolServerSideTranslatorPB.checkLeaderStatus(OzoneManagerProtocolServerSideTranslatorPB.java:248)
	at org.apache.hadoop.ozone.protocolPB.OzoneManagerProtocolServerSideTranslatorPB.processRequest(OzoneManagerProtocolServerSideTranslatorPB.java:135)
	at org.apache.hadoop.hdds.server.OzoneProtocolMessageDispatcher.processRequest(OzoneProtocolMessageDispatcher.java:87)
	at org.apache.hadoop.ozone.protocolPB.OzoneManagerProtocolServerSideTranslatorPB.submitRequest(OzoneManagerProtocolServerSideTranslatorPB.java:124)
	at org.apache.hadoop.ozone.protocol.proto.OzoneManagerProtocolProtos$OzoneManagerService$2.callBlockingMethod(OzoneManagerProtocolProtos.java)
	at org.apache.hadoop.ipc.ProtobufRpcEngine$Server.processCall(ProtobufRpcEngine.java:466)
	at org.apache.hadoop.ipc.ProtobufRpcEngine2$Server$ProtoBufRpcInvoker.call(ProtobufRpcEngine2.java:574)
	at org.apache.hadoop.ipc.ProtobufRpcEngine2$Server$ProtoBufRpcInvoker.call(ProtobufRpcEngine2.java:552)
	at org.apache.hadoop.ipc.RPC$Server.call(RPC.java:1093)
	at org.apache.hadoop.ipc.Server$RpcCall.run(Server.java:1035)
	at org.apache.hadoop.ipc.Server$RpcCall.run(Server.java:963)
	at java.security.AccessController.doPrivileged(Native Method)
	at javax.security.auth.Subject.doAs(Subject.java:422)
	at org.apache.hadoop.security.UserGroupInformation.doAs(UserGroupInformation.java:1878)
	at org.apache.hadoop.ipc.Server$Handler.run(Server.java:2966)
, while invoking $Proxy52.submitRequest over nodeId=omNode-3,nodeAddress=127.0.0.1:11928. Trying to failover after sleeping for 2000ms.
2021-10-31 01:08:01,701 [omNode-3@group-523986131536-FollowerState] INFO  impl.FollowerState (FollowerState.java:run(134)) - omNode-3@group-523986131536-FollowerState: change to CANDIDATE, lastRpcElapsedTime:1070661922ns, electionTimeout:1064ms
2021-10-31 01:08:01,702 [omNode-3@group-523986131536-FollowerState] INFO  impl.RoleInfo (RoleInfo.java:shutdownFollowerState(108)) - omNode-3: shutdown omNode-3@group-523986131536-FollowerState
2021-10-31 01:08:01,702 [omNode-3@group-523986131536-FollowerState] INFO  server.RaftServer$Division (RaftServerImpl.java:setRole(290)) - omNode-3@group-523986131536: changes role from  FOLLOWER to CANDIDATE at term 5 for changeToCandidate
2021-10-31 01:08:01,702 [omNode-3@group-523986131536-FollowerState] INFO  server.RaftServerConfigKeys (ConfUtils.java:logGet(44)) - raft.server.leaderelection.pre-vote = false (custom)
2021-10-31 01:08:01,702 [omNode-3@group-523986131536-FollowerState] INFO  impl.RoleInfo (RoleInfo.java:updateAndGet(130)) - omNode-3: start omNode-3@group-523986131536-LeaderElection18
2021-10-31 01:08:01,706 [omNode-3@group-523986131536-LeaderElection18] INFO  impl.LeaderElection (LeaderElection.java:askForVotes(306)) - omNode-3@group-523986131536-LeaderElection18 ELECTION round 0: submit vote requests at term 6 for 18: [omNode-3|rpc:localhost:11932|admin:|client:|dataStream:|priority:0, omNode-1|rpc:localhost:11920|admin:|client:|dataStream:|priority:0, omNode-2|rpc:localhost:11926|admin:|client:|dataStream:|priority:0], old=null
2021-10-31 01:08:01,715 [grpc-default-executor-2] INFO  server.RaftServer$Division (RaftServerImpl.java:requestVote(1046)) - omNode-1@group-523986131536: receive requestVote(ELECTION, omNode-3, group-523986131536, 6, (t:5, i:21))
2021-10-31 01:08:01,715 [grpc-default-executor-2] INFO  impl.VoteContext (VoteContext.java:log(48)) - omNode-1@group-523986131536-FOLLOWER: reject ELECTION from omNode-3: current term 7 > candidate's term 6
2021-10-31 01:08:01,715 [grpc-default-executor-2] INFO  server.RaftServer$Division (RaftServerImpl.java:requestVote(1078)) - omNode-1@group-523986131536 replies to ELECTION vote request: omNode-3<-omNode-1#0:FAIL-t7. Peer's state: omNode-1@group-523986131536:t7, leader=null, voted=omNode-2, raftlog=omNode-1@group-523986131536-SegmentedRaftLog:OPENED:c11, conf=22: [omNode-3|rpc:localhost:11932|admin:|client:|dataStream:|priority:0, omNode-1|rpc:localhost:11920|admin:|client:|dataStream:|priority:0, omNode-2|rpc:localhost:11926|admin:|client:|dataStream:|priority:0], old=null
2021-10-31 01:08:01,729 [grpc-default-executor-2] INFO  server.RaftServer$Division (RaftServerImpl.java:requestVote(1046)) - omNode-2@group-523986131536: receive requestVote(ELECTION, omNode-3, group-523986131536, 6, (t:5, i:21))
2021-10-31 01:08:01,729 [grpc-default-executor-2] INFO  impl.VoteContext (VoteContext.java:log(48)) - omNode-2@group-523986131536-FOLLOWER: reject ELECTION from omNode-3: current term 7 > candidate's term 6
2021-10-31 01:08:01,729 [grpc-default-executor-2] INFO  server.RaftServer$Division (RaftServerImpl.java:requestVote(1078)) - omNode-2@group-523986131536 replies to ELECTION vote request: omNode-3<-omNode-2#0:FAIL-t7. Peer's state: omNode-2@group-523986131536:t7, leader=null, voted=omNode-2, raftlog=omNode-2@group-523986131536-SegmentedRaftLog:OPENED:c21, conf=22: [omNode-3|rpc:localhost:11932|admin:|client:|dataStream:|priority:0, omNode-1|rpc:localhost:11920|admin:|client:|dataStream:|priority:0, omNode-2|rpc:localhost:11926|admin:|client:|dataStream:|priority:0], old=null
2021-10-31 01:08:01,730 [omNode-3@group-523986131536-LeaderElection18] INFO  impl.LeaderElection (LeaderElection.java:logAndReturn(89)) - omNode-3@group-523986131536-LeaderElection18: ELECTION DISCOVERED_A_NEW_TERM (term=7) received 1 response(s) and 0 exception(s):
2021-10-31 01:08:01,731 [omNode-3@group-523986131536-LeaderElection18] INFO  impl.LeaderElection (LeaderElection.java:logAndReturn(93)) -   Response 0: omNode-3<-omNode-1#0:FAIL-t7
2021-10-31 01:08:01,731 [omNode-3@group-523986131536-LeaderElection18] INFO  impl.LeaderElection (LeaderElection.java:askForVotes(308)) - omNode-3@group-523986131536-LeaderElection18 ELECTION round 0: result DISCOVERED_A_NEW_TERM (term=7)
2021-10-31 01:08:01,731 [omNode-3@group-523986131536-LeaderElection18] INFO  server.RaftServer$Division (RaftServerImpl.java:setRole(290)) - omNode-3@group-523986131536: changes role from CANDIDATE to FOLLOWER at term 7 for DISCOVERED_A_NEW_TERM (term=7)
2021-10-31 01:08:01,731 [omNode-3@group-523986131536-LeaderElection18] INFO  impl.RoleInfo (RoleInfo.java:shutdownLeaderElection(121)) - omNode-3: shutdown omNode-3@group-523986131536-LeaderElection18
2021-10-31 01:08:01,731 [omNode-3@group-523986131536-LeaderElection18] INFO  impl.RoleInfo (RoleInfo.java:updateAndGet(130)) - omNode-3: start omNode-3@group-523986131536-FollowerState
2021-10-31 01:08:01,933 [omNode-1@group-523986131536-FollowerState] INFO  impl.FollowerState (FollowerState.java:run(134)) - omNode-1@group-523986131536-FollowerState: change to CANDIDATE, lastRpcElapsedTime:1113403762ns, electionTimeout:1100ms
2021-10-31 01:08:01,934 [omNode-1@group-523986131536-FollowerState] INFO  impl.RoleInfo (RoleInfo.java:shutdownFollowerState(108)) - omNode-1: shutdown omNode-1@group-523986131536-FollowerState
2021-10-31 01:08:01,935 [omNode-1@group-523986131536-FollowerState] INFO  server.RaftServer$Division (RaftServerImpl.java:setRole(290)) - omNode-1@group-523986131536: changes role from  FOLLOWER to CANDIDATE at term 7 for changeToCandidate
2021-10-31 01:08:01,935 [omNode-1@group-523986131536-FollowerState] INFO  server.RaftServerConfigKeys (ConfUtils.java:logGet(44)) - raft.server.leaderelection.pre-vote = false (custom)
2021-10-31 01:08:01,935 [omNode-1@group-523986131536-FollowerState] INFO  impl.RoleInfo (RoleInfo.java:updateAndGet(130)) - omNode-1: start omNode-1@group-523986131536-LeaderElection19
2021-10-31 01:08:01,938 [omNode-1@group-523986131536-LeaderElection19] INFO  impl.LeaderElection (LeaderElection.java:askForVotes(306)) - omNode-1@group-523986131536-LeaderElection19 ELECTION round 0: submit vote requests at term 8 for 22: [omNode-3|rpc:localhost:11932|admin:|client:|dataStream:|priority:0, omNode-1|rpc:localhost:11920|admin:|client:|dataStream:|priority:0, omNode-2|rpc:localhost:11926|admin:|client:|dataStream:|priority:0], old=null
2021-10-31 01:08:01,953 [grpc-default-executor-2] INFO  server.RaftServer$Division (RaftServerImpl.java:requestVote(1046)) - omNode-2@group-523986131536: receive requestVote(ELECTION, omNode-1, group-523986131536, 8, (t:2, i:11))
2021-10-31 01:08:01,954 [grpc-default-executor-2] INFO  impl.VoteContext (VoteContext.java:log(48)) - omNode-2@group-523986131536-FOLLOWER: reject ELECTION from omNode-1: our last entry (t:7, i:22) > candidate's last entry (t:2, i:11)
2021-10-31 01:08:01,954 [grpc-default-executor-2] INFO  server.RaftServer$Division (RaftServerImpl.java:setRole(290)) - omNode-2@group-523986131536: changes role from  FOLLOWER to FOLLOWER at term 8 for candidate:omNode-1
2021-10-31 01:08:01,954 [grpc-default-executor-2] INFO  impl.RoleInfo (RoleInfo.java:shutdownFollowerState(108)) - omNode-2: shutdown omNode-2@group-523986131536-FollowerState
2021-10-31 01:08:01,954 [grpc-default-executor-2] INFO  impl.RoleInfo (RoleInfo.java:updateAndGet(130)) - omNode-2: start omNode-2@group-523986131536-FollowerState
2021-10-31 01:08:01,954 [omNode-2@group-523986131536-FollowerState] INFO  impl.FollowerState (FollowerState.java:run(143)) - omNode-2@group-523986131536-FollowerState was interrupted: {}
java.lang.InterruptedException: sleep interrupted
	at java.lang.Thread.sleep(Native Method)
	at java.lang.Thread.sleep(Thread.java:340)
	at java.util.concurrent.TimeUnit.sleep(TimeUnit.java:386)
	at org.apache.ratis.util.TimeDuration.sleep(TimeDuration.java:324)
	at org.apache.ratis.util.TimeDuration.sleep(TimeDuration.java:309)
	at org.apache.ratis.server.impl.FollowerState.run(FollowerState.java:118)
2021-10-31 01:08:01,953 [grpc-default-executor-9] INFO  server.RaftServer$Division (RaftServerImpl.java:requestVote(1046)) - omNode-3@group-523986131536: receive requestVote(ELECTION, omNode-1, group-523986131536, 8, (t:2, i:11))
2021-10-31 01:08:01,955 [grpc-default-executor-9] INFO  impl.VoteContext (VoteContext.java:log(48)) - omNode-3@group-523986131536-FOLLOWER: reject ELECTION from omNode-1: our last entry (t:5, i:21) > candidate's last entry (t:2, i:11)
2021-10-31 01:08:01,955 [grpc-default-executor-9] INFO  server.RaftServer$Division (RaftServerImpl.java:setRole(290)) - omNode-3@group-523986131536: changes role from  FOLLOWER to FOLLOWER at term 8 for candidate:omNode-1
2021-10-31 01:08:01,955 [grpc-default-executor-9] INFO  impl.RoleInfo (RoleInfo.java:shutdownFollowerState(108)) - omNode-3: shutdown omNode-3@group-523986131536-FollowerState
2021-10-31 01:08:01,962 [grpc-default-executor-9] INFO  impl.RoleInfo (RoleInfo.java:updateAndGet(130)) - omNode-3: start omNode-3@group-523986131536-FollowerState
2021-10-31 01:08:01,962 [omNode-3@group-523986131536-FollowerState] INFO  impl.FollowerState (FollowerState.java:run(143)) - omNode-3@group-523986131536-FollowerState was interrupted: {}
java.lang.InterruptedException: sleep interrupted
	at java.lang.Thread.sleep(Native Method)
	at java.lang.Thread.sleep(Thread.java:340)
	at java.util.concurrent.TimeUnit.sleep(TimeUnit.java:386)
	at org.apache.ratis.util.TimeDuration.sleep(TimeDuration.java:324)
	at org.apache.ratis.util.TimeDuration.sleep(TimeDuration.java:309)
	at org.apache.ratis.server.impl.FollowerState.run(FollowerState.java:118)
2021-10-31 01:08:01,964 [grpc-default-executor-2] INFO  server.RaftServer$Division (RaftServerImpl.java:requestVote(1078)) - omNode-2@group-523986131536 replies to ELECTION vote request: omNode-1<-omNode-2#0:FAIL-t8. Peer's state: omNode-2@group-523986131536:t8, leader=null, voted=null, raftlog=omNode-2@group-523986131536-SegmentedRaftLog:OPENED:c21, conf=22: [omNode-3|rpc:localhost:11932|admin:|client:|dataStream:|priority:0, omNode-1|rpc:localhost:11920|admin:|client:|dataStream:|priority:0, omNode-2|rpc:localhost:11926|admin:|client:|dataStream:|priority:0], old=null
2021-10-31 01:08:01,965 [grpc-default-executor-9] INFO  server.RaftServer$Division (RaftServerImpl.java:requestVote(1078)) - omNode-3@group-523986131536 replies to ELECTION vote request: omNode-1<-omNode-3#0:FAIL-t8. Peer's state: omNode-3@group-523986131536:t8, leader=null, voted=null, raftlog=omNode-3@group-523986131536-SegmentedRaftLog:OPENED:c21, conf=18: [omNode-3|rpc:localhost:11932|admin:|client:|dataStream:|priority:0, omNode-1|rpc:localhost:11920|admin:|client:|dataStream:|priority:0, omNode-2|rpc:localhost:11926|admin:|client:|dataStream:|priority:0], old=null
2021-10-31 01:08:01,967 [omNode-1@group-523986131536-LeaderElection19] INFO  impl.LeaderElection (LeaderElection.java:logAndReturn(89)) - omNode-1@group-523986131536-LeaderElection19: ELECTION REJECTED received 2 response(s) and 0 exception(s):
2021-10-31 01:08:01,968 [omNode-1@group-523986131536-LeaderElection19] INFO  impl.LeaderElection (LeaderElection.java:logAndReturn(93)) -   Response 0: omNode-1<-omNode-3#0:FAIL-t8
2021-10-31 01:08:01,968 [omNode-1@group-523986131536-LeaderElection19] INFO  impl.LeaderElection (LeaderElection.java:logAndReturn(93)) -   Response 1: omNode-1<-omNode-2#0:FAIL-t8
2021-10-31 01:08:01,968 [omNode-1@group-523986131536-LeaderElection19] INFO  impl.LeaderElection (LeaderElection.java:askForVotes(308)) - omNode-1@group-523986131536-LeaderElection19 ELECTION round 0: result REJECTED
2021-10-31 01:08:01,968 [omNode-1@group-523986131536-LeaderElection19] INFO  server.RaftServer$Division (RaftServerImpl.java:setRole(290)) - omNode-1@group-523986131536: changes role from CANDIDATE to FOLLOWER at term 8 for REJECTED
2021-10-31 01:08:01,968 [omNode-1@group-523986131536-LeaderElection19] INFO  impl.RoleInfo (RoleInfo.java:shutdownLeaderElection(121)) - omNode-1: shutdown omNode-1@group-523986131536-LeaderElection19
2021-10-31 01:08:01,968 [omNode-1@group-523986131536-LeaderElection19] INFO  impl.RoleInfo (RoleInfo.java:updateAndGet(130)) - omNode-1: start omNode-1@group-523986131536-FollowerState
2021-10-31 01:08:03,060 [omNode-3@group-523986131536-FollowerState] INFO  impl.FollowerState (FollowerState.java:run(134)) - omNode-3@group-523986131536-FollowerState: change to CANDIDATE, lastRpcElapsedTime:1098470614ns, electionTimeout:1097ms
2021-10-31 01:08:03,061 [omNode-3@group-523986131536-FollowerState] INFO  impl.RoleInfo (RoleInfo.java:shutdownFollowerState(108)) - omNode-3: shutdown omNode-3@group-523986131536-FollowerState
2021-10-31 01:08:03,060 [omNode-2@group-523986131536-FollowerState] INFO  impl.FollowerState (FollowerState.java:run(134)) - omNode-2@group-523986131536-FollowerState: change to CANDIDATE, lastRpcElapsedTime:1106204039ns, electionTimeout:1096ms
2021-10-31 01:08:03,061 [omNode-3@group-523986131536-FollowerState] INFO  server.RaftServer$Division (RaftServerImpl.java:setRole(290)) - omNode-3@group-523986131536: changes role from  FOLLOWER to CANDIDATE at term 8 for changeToCandidate
2021-10-31 01:08:03,061 [omNode-2@group-523986131536-FollowerState] INFO  impl.RoleInfo (RoleInfo.java:shutdownFollowerState(108)) - omNode-2: shutdown omNode-2@group-523986131536-FollowerState
2021-10-31 01:08:03,062 [omNode-2@group-523986131536-FollowerState] INFO  server.RaftServer$Division (RaftServerImpl.java:setRole(290)) - omNode-2@group-523986131536: changes role from  FOLLOWER to CANDIDATE at term 8 for changeToCandidate
2021-10-31 01:08:03,065 [omNode-2@group-523986131536-FollowerState] INFO  server.RaftServerConfigKeys (ConfUtils.java:logGet(44)) - raft.server.leaderelection.pre-vote = false (custom)
2021-10-31 01:08:03,065 [omNode-2@group-523986131536-FollowerState] INFO  impl.RoleInfo (RoleInfo.java:updateAndGet(130)) - omNode-2: start omNode-2@group-523986131536-LeaderElection20
2021-10-31 01:08:03,068 [omNode-3@group-523986131536-FollowerState] INFO  server.RaftServerConfigKeys (ConfUtils.java:logGet(44)) - raft.server.leaderelection.pre-vote = false (custom)
2021-10-31 01:08:03,068 [omNode-3@group-523986131536-FollowerState] INFO  impl.RoleInfo (RoleInfo.java:updateAndGet(130)) - omNode-3: start omNode-3@group-523986131536-LeaderElection21
2021-10-31 01:08:03,073 [omNode-2@group-523986131536-LeaderElection20] INFO  impl.LeaderElection (LeaderElection.java:askForVotes(306)) - omNode-2@group-523986131536-LeaderElection20 ELECTION round 0: submit vote requests at term 9 for 22: [omNode-3|rpc:localhost:11932|admin:|client:|dataStream:|priority:0, omNode-1|rpc:localhost:11920|admin:|client:|dataStream:|priority:0, omNode-2|rpc:localhost:11926|admin:|client:|dataStream:|priority:0], old=null
2021-10-31 01:08:03,082 [Time-limited test] INFO  retry.RetryInvocationHandler (RetryInvocationHandler.java:log(411)) - com.google.protobuf.ServiceException: org.apache.hadoop.ipc.RemoteException(org.apache.hadoop.ozone.om.exceptions.OMNotLeaderException): OM:omNode-1 is not the leader. Could not determine the leader node.
	at org.apache.hadoop.ozone.om.ratis.utils.OzoneManagerRatisUtils.createNotLeaderException(OzoneManagerRatisUtils.java:465)
	at org.apache.hadoop.ozone.om.ratis.utils.OzoneManagerRatisUtils.checkLeaderStatus(OzoneManagerRatisUtils.java:451)
	at org.apache.hadoop.ozone.protocolPB.OzoneManagerProtocolServerSideTranslatorPB.checkLeaderStatus(OzoneManagerProtocolServerSideTranslatorPB.java:248)
	at org.apache.hadoop.ozone.protocolPB.OzoneManagerProtocolServerSideTranslatorPB.processRequest(OzoneManagerProtocolServerSideTranslatorPB.java:135)
	at org.apache.hadoop.hdds.server.OzoneProtocolMessageDispatcher.processRequest(OzoneProtocolMessageDispatcher.java:87)
	at org.apache.hadoop.ozone.protocolPB.OzoneManagerProtocolServerSideTranslatorPB.submitRequest(OzoneManagerProtocolServerSideTranslatorPB.java:124)
	at org.apache.hadoop.ozone.protocol.proto.OzoneManagerProtocolProtos$OzoneManagerService$2.callBlockingMethod(OzoneManagerProtocolProtos.java)
	at org.apache.hadoop.ipc.ProtobufRpcEngine$Server.processCall(ProtobufRpcEngine.java:466)
	at org.apache.hadoop.ipc.ProtobufRpcEngine2$Server$ProtoBufRpcInvoker.call(ProtobufRpcEngine2.java:574)
	at org.apache.hadoop.ipc.ProtobufRpcEngine2$Server$ProtoBufRpcInvoker.call(ProtobufRpcEngine2.java:552)
	at org.apache.hadoop.ipc.RPC$Server.call(RPC.java:1093)
	at org.apache.hadoop.ipc.Server$RpcCall.run(Server.java:1035)
	at org.apache.hadoop.ipc.Server$RpcCall.run(Server.java:963)
	at java.security.AccessController.doPrivileged(Native Method)
	at javax.security.auth.Subject.doAs(Subject.java:422)
	at org.apache.hadoop.security.UserGroupInformation.doAs(UserGroupInformation.java:1878)
	at org.apache.hadoop.ipc.Server$Handler.run(Server.java:2966)
, while invoking $Proxy52.submitRequest over nodeId=omNode-1,nodeAddress=127.0.0.1:11916 after 1 failover attempts. Trying to failover immediately.
2021-10-31 01:08:03,086 [omNode-3@group-523986131536-LeaderElection21] INFO  impl.LeaderElection (LeaderElection.java:askForVotes(306)) - omNode-3@group-523986131536-LeaderElection21 ELECTION round 0: submit vote requests at term 9 for 18: [omNode-3|rpc:localhost:11932|admin:|client:|dataStream:|priority:0, omNode-1|rpc:localhost:11920|admin:|client:|dataStream:|priority:0, omNode-2|rpc:localhost:11926|admin:|client:|dataStream:|priority:0], old=null
2021-10-31 01:08:03,094 [Time-limited test] INFO  retry.RetryInvocationHandler (RetryInvocationHandler.java:log(411)) - com.google.protobuf.ServiceException: org.apache.hadoop.ipc.RemoteException(org.apache.hadoop.ozone.om.exceptions.OMNotLeaderException): OM:omNode-2 is not the leader. Could not determine the leader node.
	at org.apache.hadoop.ozone.om.ratis.utils.OzoneManagerRatisUtils.createNotLeaderException(OzoneManagerRatisUtils.java:465)
	at org.apache.hadoop.ozone.om.ratis.utils.OzoneManagerRatisUtils.checkLeaderStatus(OzoneManagerRatisUtils.java:451)
	at org.apache.hadoop.ozone.protocolPB.OzoneManagerProtocolServerSideTranslatorPB.checkLeaderStatus(OzoneManagerProtocolServerSideTranslatorPB.java:248)
	at org.apache.hadoop.ozone.protocolPB.OzoneManagerProtocolServerSideTranslatorPB.processRequest(OzoneManagerProtocolServerSideTranslatorPB.java:135)
	at org.apache.hadoop.hdds.server.OzoneProtocolMessageDispatcher.processRequest(OzoneProtocolMessageDispatcher.java:87)
	at org.apache.hadoop.ozone.protocolPB.OzoneManagerProtocolServerSideTranslatorPB.submitRequest(OzoneManagerProtocolServerSideTranslatorPB.java:124)
	at org.apache.hadoop.ozone.protocol.proto.OzoneManagerProtocolProtos$OzoneManagerService$2.callBlockingMethod(OzoneManagerProtocolProtos.java)
	at org.apache.hadoop.ipc.ProtobufRpcEngine$Server.processCall(ProtobufRpcEngine.java:466)
	at org.apache.hadoop.ipc.ProtobufRpcEngine2$Server$ProtoBufRpcInvoker.call(ProtobufRpcEngine2.java:574)
	at org.apache.hadoop.ipc.ProtobufRpcEngine2$Server$ProtoBufRpcInvoker.call(ProtobufRpcEngine2.java:552)
	at org.apache.hadoop.ipc.RPC$Server.call(RPC.java:1093)
	at org.apache.hadoop.ipc.Server$RpcCall.run(Server.java:1035)
	at org.apache.hadoop.ipc.Server$RpcCall.run(Server.java:963)
	at java.security.AccessController.doPrivileged(Native Method)
	at javax.security.auth.Subject.doAs(Subject.java:422)
	at org.apache.hadoop.security.UserGroupInformation.doAs(UserGroupInformation.java:1878)
	at org.apache.hadoop.ipc.Server$Handler.run(Server.java:2966)
, while invoking $Proxy52.submitRequest over nodeId=omNode-2,nodeAddress=127.0.0.1:11922 after 2 failover attempts. Trying to failover immediately.
2021-10-31 01:08:03,099 [omNode-1@group-523986131536-FollowerState] INFO  impl.FollowerState (FollowerState.java:run(134)) - omNode-1@group-523986131536-FollowerState: change to CANDIDATE, lastRpcElapsedTime:1131505022ns, electionTimeout:1131ms
2021-10-31 01:08:03,099 [omNode-1@group-523986131536-FollowerState] INFO  impl.RoleInfo (RoleInfo.java:shutdownFollowerState(108)) - omNode-1: shutdown omNode-1@group-523986131536-FollowerState
2021-10-31 01:08:03,100 [omNode-1@group-523986131536-FollowerState] INFO  server.RaftServer$Division (RaftServerImpl.java:setRole(290)) - omNode-1@group-523986131536: changes role from  FOLLOWER to CANDIDATE at term 8 for changeToCandidate
2021-10-31 01:08:03,100 [omNode-1@group-523986131536-FollowerState] INFO  server.RaftServerConfigKeys (ConfUtils.java:logGet(44)) - raft.server.leaderelection.pre-vote = false (custom)
2021-10-31 01:08:03,100 [omNode-1@group-523986131536-FollowerState] INFO  impl.RoleInfo (RoleInfo.java:updateAndGet(130)) - omNode-1: start omNode-1@group-523986131536-LeaderElection22
2021-10-31 01:08:03,114 [grpc-default-executor-2] INFO  server.RaftServer$Division (RaftServerImpl.java:requestVote(1046)) - omNode-3@group-523986131536: receive requestVote(ELECTION, omNode-2, group-523986131536, 9, (t:7, i:22))
2021-10-31 01:08:03,116 [grpc-default-executor-2] INFO  impl.VoteContext (VoteContext.java:log(48)) - omNode-3@group-523986131536-CANDIDATE: reject ELECTION from omNode-2: already has voted for omNode-3 at current term 9
2021-10-31 01:08:03,117 [grpc-default-executor-2] INFO  server.RaftServer$Division (RaftServerImpl.java:requestVote(1078)) - omNode-3@group-523986131536 replies to ELECTION vote request: omNode-2<-omNode-3#0:FAIL-t9. Peer's state: omNode-3@group-523986131536:t9, leader=null, voted=omNode-3, raftlog=omNode-3@group-523986131536-SegmentedRaftLog:OPENED:c21, conf=18: [omNode-3|rpc:localhost:11932|admin:|client:|dataStream:|priority:0, omNode-1|rpc:localhost:11920|admin:|client:|dataStream:|priority:0, omNode-2|rpc:localhost:11926|admin:|client:|dataStream:|priority:0], old=null
2021-10-31 01:08:03,114 [grpc-default-executor-10] INFO  server.RaftServer$Division (RaftServerImpl.java:requestVote(1046)) - omNode-1@group-523986131536: receive requestVote(ELECTION, omNode-2, group-523986131536, 9, (t:7, i:22))
2021-10-31 01:08:03,114 [grpc-default-executor-9] INFO  server.RaftServer$Division (RaftServerImpl.java:requestVote(1046)) - omNode-1@group-523986131536: receive requestVote(ELECTION, omNode-3, group-523986131536, 9, (t:5, i:21))
2021-10-31 01:08:03,118 [omNode-1@group-523986131536-LeaderElection22] INFO  impl.LeaderElection (LeaderElection.java:askForVotes(306)) - omNode-1@group-523986131536-LeaderElection22 ELECTION round 0: submit vote requests at term 9 for 22: [omNode-3|rpc:localhost:11932|admin:|client:|dataStream:|priority:0, omNode-1|rpc:localhost:11920|admin:|client:|dataStream:|priority:0, omNode-2|rpc:localhost:11926|admin:|client:|dataStream:|priority:0], old=null
2021-10-31 01:08:03,118 [grpc-default-executor-10] INFO  impl.VoteContext (VoteContext.java:log(48)) - omNode-1@group-523986131536-CANDIDATE: reject ELECTION from omNode-2: already has voted for omNode-1 at current term 9
2021-10-31 01:08:03,116 [grpc-default-executor-8] INFO  server.RaftServer$Division (RaftServerImpl.java:requestVote(1046)) - omNode-2@group-523986131536: receive requestVote(ELECTION, omNode-3, group-523986131536, 9, (t:5, i:21))
2021-10-31 01:08:03,122 [grpc-default-executor-8] INFO  impl.VoteContext (VoteContext.java:log(48)) - omNode-2@group-523986131536-CANDIDATE: reject ELECTION from omNode-3: already has voted for omNode-2 at current term 9
2021-10-31 01:08:03,122 [grpc-default-executor-8] INFO  server.RaftServer$Division (RaftServerImpl.java:requestVote(1078)) - omNode-2@group-523986131536 replies to ELECTION vote request: omNode-3<-omNode-2#0:FAIL-t9. Peer's state: omNode-2@group-523986131536:t9, leader=null, voted=omNode-2, raftlog=omNode-2@group-523986131536-SegmentedRaftLog:OPENED:c21, conf=22: [omNode-3|rpc:localhost:11932|admin:|client:|dataStream:|priority:0, omNode-1|rpc:localhost:11920|admin:|client:|dataStream:|priority:0, omNode-2|rpc:localhost:11926|admin:|client:|dataStream:|priority:0], old=null
2021-10-31 01:08:03,116 [Time-limited test] INFO  retry.RetryInvocationHandler (RetryInvocationHandler.java:log(411)) - com.google.protobuf.ServiceException: org.apache.hadoop.ipc.RemoteException(org.apache.hadoop.ozone.om.exceptions.OMNotLeaderException): OM:omNode-3 is not the leader. Could not determine the leader node.
	at org.apache.hadoop.ozone.om.ratis.utils.OzoneManagerRatisUtils.createNotLeaderException(OzoneManagerRatisUtils.java:465)
	at org.apache.hadoop.ozone.om.ratis.utils.OzoneManagerRatisUtils.checkLeaderStatus(OzoneManagerRatisUtils.java:451)
	at org.apache.hadoop.ozone.protocolPB.OzoneManagerProtocolServerSideTranslatorPB.checkLeaderStatus(OzoneManagerProtocolServerSideTranslatorPB.java:248)
	at org.apache.hadoop.ozone.protocolPB.OzoneManagerProtocolServerSideTranslatorPB.processRequest(OzoneManagerProtocolServerSideTranslatorPB.java:135)
	at org.apache.hadoop.hdds.server.OzoneProtocolMessageDispatcher.processRequest(OzoneProtocolMessageDispatcher.java:87)
	at org.apache.hadoop.ozone.protocolPB.OzoneManagerProtocolServerSideTranslatorPB.submitRequest(OzoneManagerProtocolServerSideTranslatorPB.java:124)
	at org.apache.hadoop.ozone.protocol.proto.OzoneManagerProtocolProtos$OzoneManagerService$2.callBlockingMethod(OzoneManagerProtocolProtos.java)
	at org.apache.hadoop.ipc.ProtobufRpcEngine$Server.processCall(ProtobufRpcEngine.java:466)
	at org.apache.hadoop.ipc.ProtobufRpcEngine2$Server$ProtoBufRpcInvoker.call(ProtobufRpcEngine2.java:574)
	at org.apache.hadoop.ipc.ProtobufRpcEngine2$Server$ProtoBufRpcInvoker.call(ProtobufRpcEngine2.java:552)
	at org.apache.hadoop.ipc.RPC$Server.call(RPC.java:1093)
	at org.apache.hadoop.ipc.Server$RpcCall.run(Server.java:1035)
	at org.apache.hadoop.ipc.Server$RpcCall.run(Server.java:963)
	at java.security.AccessController.doPrivileged(Native Method)
	at javax.security.auth.Subject.doAs(Subject.java:422)
	at org.apache.hadoop.security.UserGroupInformation.doAs(UserGroupInformation.java:1878)
	at org.apache.hadoop.ipc.Server$Handler.run(Server.java:2966)
, while invoking $Proxy52.submitRequest over nodeId=omNode-3,nodeAddress=127.0.0.1:11928 after 3 failover attempts. Trying to failover after sleeping for 2000ms.
2021-10-31 01:08:03,122 [grpc-default-executor-10] INFO  server.RaftServer$Division (RaftServerImpl.java:requestVote(1078)) - omNode-1@group-523986131536 replies to ELECTION vote request: omNode-2<-omNode-1#0:FAIL-t9. Peer's state: omNode-1@group-523986131536:t9, leader=null, voted=omNode-1, raftlog=omNode-1@group-523986131536-SegmentedRaftLog:OPENED:c11, conf=22: [omNode-3|rpc:localhost:11932|admin:|client:|dataStream:|priority:0, omNode-1|rpc:localhost:11920|admin:|client:|dataStream:|priority:0, omNode-2|rpc:localhost:11926|admin:|client:|dataStream:|priority:0], old=null
2021-10-31 01:08:03,127 [grpc-default-executor-9] INFO  impl.VoteContext (VoteContext.java:log(48)) - omNode-1@group-523986131536-CANDIDATE: reject ELECTION from omNode-3: already has voted for omNode-1 at current term 9
2021-10-31 01:08:03,128 [grpc-default-executor-9] INFO  server.RaftServer$Division (RaftServerImpl.java:requestVote(1078)) - omNode-1@group-523986131536 replies to ELECTION vote request: omNode-3<-omNode-1#0:FAIL-t9. Peer's state: omNode-1@group-523986131536:t9, leader=null, voted=omNode-1, raftlog=omNode-1@group-523986131536-SegmentedRaftLog:OPENED:c11, conf=22: [omNode-3|rpc:localhost:11932|admin:|client:|dataStream:|priority:0, omNode-1|rpc:localhost:11920|admin:|client:|dataStream:|priority:0, omNode-2|rpc:localhost:11926|admin:|client:|dataStream:|priority:0], old=null
2021-10-31 01:08:03,129 [omNode-2@group-523986131536-LeaderElection20] INFO  impl.LeaderElection (LeaderElection.java:logAndReturn(89)) - omNode-2@group-523986131536-LeaderElection20: ELECTION REJECTED received 2 response(s) and 0 exception(s):
2021-10-31 01:08:03,129 [omNode-2@group-523986131536-LeaderElection20] INFO  impl.LeaderElection (LeaderElection.java:logAndReturn(93)) -   Response 0: omNode-2<-omNode-3#0:FAIL-t9
2021-10-31 01:08:03,129 [omNode-2@group-523986131536-LeaderElection20] INFO  impl.LeaderElection (LeaderElection.java:logAndReturn(93)) -   Response 1: omNode-2<-omNode-1#0:FAIL-t9
2021-10-31 01:08:03,129 [omNode-2@group-523986131536-LeaderElection20] INFO  impl.LeaderElection (LeaderElection.java:askForVotes(308)) - omNode-2@group-523986131536-LeaderElection20 ELECTION round 0: result REJECTED
2021-10-31 01:08:03,130 [omNode-2@group-523986131536-LeaderElection20] INFO  server.RaftServer$Division (RaftServerImpl.java:setRole(290)) - omNode-2@group-523986131536: changes role from CANDIDATE to FOLLOWER at term 9 for REJECTED
2021-10-31 01:08:03,130 [omNode-2@group-523986131536-LeaderElection20] INFO  impl.RoleInfo (RoleInfo.java:shutdownLeaderElection(121)) - omNode-2: shutdown omNode-2@group-523986131536-LeaderElection20
2021-10-31 01:08:03,130 [omNode-3@group-523986131536-LeaderElection21] INFO  impl.LeaderElection (LeaderElection.java:logAndReturn(89)) - omNode-3@group-523986131536-LeaderElection21: ELECTION REJECTED received 2 response(s) and 0 exception(s):
2021-10-31 01:08:03,130 [grpc-default-executor-9] INFO  server.RaftServer$Division (RaftServerImpl.java:requestVote(1046)) - omNode-3@group-523986131536: receive requestVote(ELECTION, omNode-1, group-523986131536, 9, (t:2, i:11))
2021-10-31 01:08:03,131 [grpc-default-executor-9] INFO  impl.VoteContext (VoteContext.java:log(48)) - omNode-3@group-523986131536-CANDIDATE: reject ELECTION from omNode-1: already has voted for omNode-3 at current term 9
2021-10-31 01:08:03,131 [grpc-default-executor-9] INFO  server.RaftServer$Division (RaftServerImpl.java:requestVote(1078)) - omNode-3@group-523986131536 replies to ELECTION vote request: omNode-1<-omNode-3#0:FAIL-t9. Peer's state: omNode-3@group-523986131536:t9, leader=null, voted=omNode-3, raftlog=omNode-3@group-523986131536-SegmentedRaftLog:OPENED:c21, conf=18: [omNode-3|rpc:localhost:11932|admin:|client:|dataStream:|priority:0, omNode-1|rpc:localhost:11920|admin:|client:|dataStream:|priority:0, omNode-2|rpc:localhost:11926|admin:|client:|dataStream:|priority:0], old=null
2021-10-31 01:08:03,130 [omNode-2@group-523986131536-LeaderElection20] INFO  impl.RoleInfo (RoleInfo.java:updateAndGet(130)) - omNode-2: start omNode-2@group-523986131536-FollowerState
2021-10-31 01:08:03,130 [omNode-3@group-523986131536-LeaderElection21] INFO  impl.LeaderElection (LeaderElection.java:logAndReturn(93)) -   Response 0: omNode-3<-omNode-1#0:FAIL-t9
2021-10-31 01:08:03,142 [omNode-3@group-523986131536-LeaderElection21] INFO  impl.LeaderElection (LeaderElection.java:logAndReturn(93)) -   Response 1: omNode-3<-omNode-2#0:FAIL-t9
2021-10-31 01:08:03,142 [omNode-3@group-523986131536-LeaderElection21] INFO  impl.LeaderElection (LeaderElection.java:askForVotes(308)) - omNode-3@group-523986131536-LeaderElection21 ELECTION round 0: result REJECTED
2021-10-31 01:08:03,142 [omNode-3@group-523986131536-LeaderElection21] INFO  server.RaftServer$Division (RaftServerImpl.java:setRole(290)) - omNode-3@group-523986131536: changes role from CANDIDATE to FOLLOWER at term 9 for REJECTED
2021-10-31 01:08:03,142 [omNode-3@group-523986131536-LeaderElection21] INFO  impl.RoleInfo (RoleInfo.java:shutdownLeaderElection(121)) - omNode-3: shutdown omNode-3@group-523986131536-LeaderElection21
2021-10-31 01:08:03,142 [omNode-3@group-523986131536-LeaderElection21] INFO  impl.RoleInfo (RoleInfo.java:updateAndGet(130)) - omNode-3: start omNode-3@group-523986131536-FollowerState
2021-10-31 01:08:03,143 [grpc-default-executor-9] INFO  server.RaftServer$Division (RaftServerImpl.java:requestVote(1046)) - omNode-2@group-523986131536: receive requestVote(ELECTION, omNode-1, group-523986131536, 9, (t:2, i:11))
2021-10-31 01:08:03,143 [grpc-default-executor-9] INFO  impl.VoteContext (VoteContext.java:log(48)) - omNode-2@group-523986131536-FOLLOWER: reject ELECTION from omNode-1: already has voted for omNode-2 at current term 9
2021-10-31 01:08:03,143 [grpc-default-executor-9] INFO  server.RaftServer$Division (RaftServerImpl.java:requestVote(1078)) - omNode-2@group-523986131536 replies to ELECTION vote request: omNode-1<-omNode-2#0:FAIL-t9. Peer's state: omNode-2@group-523986131536:t9, leader=null, voted=omNode-2, raftlog=omNode-2@group-523986131536-SegmentedRaftLog:OPENED:c21, conf=22: [omNode-3|rpc:localhost:11932|admin:|client:|dataStream:|priority:0, omNode-1|rpc:localhost:11920|admin:|client:|dataStream:|priority:0, omNode-2|rpc:localhost:11926|admin:|client:|dataStream:|priority:0], old=null
2021-10-31 01:08:03,144 [omNode-1@group-523986131536-LeaderElection22] INFO  impl.LeaderElection (LeaderElection.java:logAndReturn(89)) - omNode-1@group-523986131536-LeaderElection22: ELECTION REJECTED received 2 response(s) and 0 exception(s):
2021-10-31 01:08:03,144 [omNode-1@group-523986131536-LeaderElection22] INFO  impl.LeaderElection (LeaderElection.java:logAndReturn(93)) -   Response 0: omNode-1<-omNode-3#0:FAIL-t9
2021-10-31 01:08:03,144 [omNode-1@group-523986131536-LeaderElection22] INFO  impl.LeaderElection (LeaderElection.java:logAndReturn(93)) -   Response 1: omNode-1<-omNode-2#0:FAIL-t9
2021-10-31 01:08:03,144 [omNode-1@group-523986131536-LeaderElection22] INFO  impl.LeaderElection (LeaderElection.java:askForVotes(308)) - omNode-1@group-523986131536-LeaderElection22 ELECTION round 0: result REJECTED
2021-10-31 01:08:03,144 [omNode-1@group-523986131536-LeaderElection22] INFO  server.RaftServer$Division (RaftServerImpl.java:setRole(290)) - omNode-1@group-523986131536: changes role from CANDIDATE to FOLLOWER at term 9 for REJECTED
2021-10-31 01:08:03,144 [omNode-1@group-523986131536-LeaderElection22] INFO  impl.RoleInfo (RoleInfo.java:shutdownLeaderElection(121)) - omNode-1: shutdown omNode-1@group-523986131536-LeaderElection22
2021-10-31 01:08:03,144 [omNode-1@group-523986131536-LeaderElection22] INFO  impl.RoleInfo (RoleInfo.java:updateAndGet(130)) - omNode-1: start omNode-1@group-523986131536-FollowerState
2021-10-31 01:08:04,205 [omNode-1@group-523986131536-FollowerState] INFO  impl.FollowerState (FollowerState.java:run(134)) - omNode-1@group-523986131536-FollowerState: change to CANDIDATE, lastRpcElapsedTime:1060587088ns, electionTimeout:1060ms
2021-10-31 01:08:04,206 [omNode-1@group-523986131536-FollowerState] INFO  impl.RoleInfo (RoleInfo.java:shutdownFollowerState(108)) - omNode-1: shutdown omNode-1@group-523986131536-FollowerState
2021-10-31 01:08:04,206 [omNode-1@group-523986131536-FollowerState] INFO  server.RaftServer$Division (RaftServerImpl.java:setRole(290)) - omNode-1@group-523986131536: changes role from  FOLLOWER to CANDIDATE at term 9 for changeToCandidate
2021-10-31 01:08:04,206 [omNode-1@group-523986131536-FollowerState] INFO  server.RaftServerConfigKeys (ConfUtils.java:logGet(44)) - raft.server.leaderelection.pre-vote = false (custom)
2021-10-31 01:08:04,206 [omNode-1@group-523986131536-FollowerState] INFO  impl.RoleInfo (RoleInfo.java:updateAndGet(130)) - omNode-1: start omNode-1@group-523986131536-LeaderElection23
2021-10-31 01:08:04,208 [omNode-1@group-523986131536-LeaderElection23] INFO  impl.LeaderElection (LeaderElection.java:askForVotes(306)) - omNode-1@group-523986131536-LeaderElection23 ELECTION round 0: submit vote requests at term 10 for 22: [omNode-3|rpc:localhost:11932|admin:|client:|dataStream:|priority:0, omNode-1|rpc:localhost:11920|admin:|client:|dataStream:|priority:0, omNode-2|rpc:localhost:11926|admin:|client:|dataStream:|priority:0], old=null
2021-10-31 01:08:04,212 [grpc-default-executor-10] INFO  server.RaftServer$Division (RaftServerImpl.java:requestVote(1046)) - omNode-2@group-523986131536: receive requestVote(ELECTION, omNode-1, group-523986131536, 10, (t:2, i:11))
2021-10-31 01:08:04,212 [grpc-default-executor-10] INFO  impl.VoteContext (VoteContext.java:log(48)) - omNode-2@group-523986131536-FOLLOWER: reject ELECTION from omNode-1: our last entry (t:7, i:22) > candidate's last entry (t:2, i:11)
2021-10-31 01:08:04,212 [grpc-default-executor-10] INFO  server.RaftServer$Division (RaftServerImpl.java:setRole(290)) - omNode-2@group-523986131536: changes role from  FOLLOWER to FOLLOWER at term 10 for candidate:omNode-1
2021-10-31 01:08:04,212 [grpc-default-executor-10] INFO  impl.RoleInfo (RoleInfo.java:shutdownFollowerState(108)) - omNode-2: shutdown omNode-2@group-523986131536-FollowerState
2021-10-31 01:08:04,212 [grpc-default-executor-10] INFO  impl.RoleInfo (RoleInfo.java:updateAndGet(130)) - omNode-2: start omNode-2@group-523986131536-FollowerState
2021-10-31 01:08:04,212 [omNode-2@group-523986131536-FollowerState] INFO  impl.FollowerState (FollowerState.java:run(143)) - omNode-2@group-523986131536-FollowerState was interrupted: {}
java.lang.InterruptedException: sleep interrupted
	at java.lang.Thread.sleep(Native Method)
	at java.lang.Thread.sleep(Thread.java:340)
	at java.util.concurrent.TimeUnit.sleep(TimeUnit.java:386)
	at org.apache.ratis.util.TimeDuration.sleep(TimeDuration.java:324)
	at org.apache.ratis.util.TimeDuration.sleep(TimeDuration.java:309)
	at org.apache.ratis.server.impl.FollowerState.run(FollowerState.java:118)
2021-10-31 01:08:04,218 [grpc-default-executor-9] INFO  server.RaftServer$Division (RaftServerImpl.java:requestVote(1046)) - omNode-3@group-523986131536: receive requestVote(ELECTION, omNode-1, group-523986131536, 10, (t:2, i:11))
2021-10-31 01:08:04,218 [grpc-default-executor-9] INFO  impl.VoteContext (VoteContext.java:log(48)) - omNode-3@group-523986131536-FOLLOWER: reject ELECTION from omNode-1: our last entry (t:5, i:21) > candidate's last entry (t:2, i:11)
2021-10-31 01:08:04,218 [grpc-default-executor-9] INFO  server.RaftServer$Division (RaftServerImpl.java:setRole(290)) - omNode-3@group-523986131536: changes role from  FOLLOWER to FOLLOWER at term 10 for candidate:omNode-1
2021-10-31 01:08:04,218 [grpc-default-executor-9] INFO  impl.RoleInfo (RoleInfo.java:shutdownFollowerState(108)) - omNode-3: shutdown omNode-3@group-523986131536-FollowerState
2021-10-31 01:08:04,218 [grpc-default-executor-9] INFO  impl.RoleInfo (RoleInfo.java:updateAndGet(130)) - omNode-3: start omNode-3@group-523986131536-FollowerState
2021-10-31 01:08:04,218 [omNode-3@group-523986131536-FollowerState] INFO  impl.FollowerState (FollowerState.java:run(143)) - omNode-3@group-523986131536-FollowerState was interrupted: {}
java.lang.InterruptedException: sleep interrupted
	at java.lang.Thread.sleep(Native Method)
	at java.lang.Thread.sleep(Thread.java:340)
	at java.util.concurrent.TimeUnit.sleep(TimeUnit.java:386)
	at org.apache.ratis.util.TimeDuration.sleep(TimeDuration.java:324)
	at org.apache.ratis.util.TimeDuration.sleep(TimeDuration.java:309)
	at org.apache.ratis.server.impl.FollowerState.run(FollowerState.java:118)
2021-10-31 01:08:04,227 [grpc-default-executor-9] INFO  server.RaftServer$Division (RaftServerImpl.java:requestVote(1078)) - omNode-3@group-523986131536 replies to ELECTION vote request: omNode-1<-omNode-3#0:FAIL-t10. Peer's state: omNode-3@group-523986131536:t10, leader=null, voted=null, raftlog=omNode-3@group-523986131536-SegmentedRaftLog:OPENED:c21, conf=18: [omNode-3|rpc:localhost:11932|admin:|client:|dataStream:|priority:0, omNode-1|rpc:localhost:11920|admin:|client:|dataStream:|priority:0, omNode-2|rpc:localhost:11926|admin:|client:|dataStream:|priority:0], old=null
2021-10-31 01:08:04,234 [grpc-default-executor-10] INFO  server.RaftServer$Division (RaftServerImpl.java:requestVote(1078)) - omNode-2@group-523986131536 replies to ELECTION vote request: omNode-1<-omNode-2#0:FAIL-t10. Peer's state: omNode-2@group-523986131536:t10, leader=null, voted=null, raftlog=omNode-2@group-523986131536-SegmentedRaftLog:OPENED:c21, conf=22: [omNode-3|rpc:localhost:11932|admin:|client:|dataStream:|priority:0, omNode-1|rpc:localhost:11920|admin:|client:|dataStream:|priority:0, omNode-2|rpc:localhost:11926|admin:|client:|dataStream:|priority:0], old=null
2021-10-31 01:08:04,235 [omNode-1@group-523986131536-LeaderElection23] INFO  impl.LeaderElection (LeaderElection.java:logAndReturn(89)) - omNode-1@group-523986131536-LeaderElection23: ELECTION REJECTED received 2 response(s) and 0 exception(s):
2021-10-31 01:08:04,236 [omNode-1@group-523986131536-LeaderElection23] INFO  impl.LeaderElection (LeaderElection.java:logAndReturn(93)) -   Response 0: omNode-1<-omNode-3#0:FAIL-t10
2021-10-31 01:08:04,236 [omNode-1@group-523986131536-LeaderElection23] INFO  impl.LeaderElection (LeaderElection.java:logAndReturn(93)) -   Response 1: omNode-1<-omNode-2#0:FAIL-t10
2021-10-31 01:08:04,237 [omNode-1@group-523986131536-LeaderElection23] INFO  impl.LeaderElection (LeaderElection.java:askForVotes(308)) - omNode-1@group-523986131536-LeaderElection23 ELECTION round 0: result REJECTED
2021-10-31 01:08:04,237 [omNode-1@group-523986131536-LeaderElection23] INFO  server.RaftServer$Division (RaftServerImpl.java:setRole(290)) - omNode-1@group-523986131536: changes role from CANDIDATE to FOLLOWER at term 10 for REJECTED
2021-10-31 01:08:04,237 [omNode-1@group-523986131536-LeaderElection23] INFO  impl.RoleInfo (RoleInfo.java:shutdownLeaderElection(121)) - omNode-1: shutdown omNode-1@group-523986131536-LeaderElection23
2021-10-31 01:08:04,237 [omNode-1@group-523986131536-LeaderElection23] INFO  impl.RoleInfo (RoleInfo.java:updateAndGet(130)) - omNode-1: start omNode-1@group-523986131536-FollowerState
2021-10-31 01:08:05,126 [Time-limited test] INFO  retry.RetryInvocationHandler (RetryInvocationHandler.java:log(411)) - com.google.protobuf.ServiceException: org.apache.hadoop.ipc.RemoteException(org.apache.hadoop.ozone.om.exceptions.OMNotLeaderException): OM:omNode-1 is not the leader. Could not determine the leader node.
	at org.apache.hadoop.ozone.om.ratis.utils.OzoneManagerRatisUtils.createNotLeaderException(OzoneManagerRatisUtils.java:465)
	at org.apache.hadoop.ozone.om.ratis.utils.OzoneManagerRatisUtils.checkLeaderStatus(OzoneManagerRatisUtils.java:451)
	at org.apache.hadoop.ozone.protocolPB.OzoneManagerProtocolServerSideTranslatorPB.checkLeaderStatus(OzoneManagerProtocolServerSideTranslatorPB.java:248)
	at org.apache.hadoop.ozone.protocolPB.OzoneManagerProtocolServerSideTranslatorPB.processRequest(OzoneManagerProtocolServerSideTranslatorPB.java:135)
	at org.apache.hadoop.hdds.server.OzoneProtocolMessageDispatcher.processRequest(OzoneProtocolMessageDispatcher.java:87)
	at org.apache.hadoop.ozone.protocolPB.OzoneManagerProtocolServerSideTranslatorPB.submitRequest(OzoneManagerProtocolServerSideTranslatorPB.java:124)
	at org.apache.hadoop.ozone.protocol.proto.OzoneManagerProtocolProtos$OzoneManagerService$2.callBlockingMethod(OzoneManagerProtocolProtos.java)
	at org.apache.hadoop.ipc.ProtobufRpcEngine$Server.processCall(ProtobufRpcEngine.java:466)
	at org.apache.hadoop.ipc.ProtobufRpcEngine2$Server$ProtoBufRpcInvoker.call(ProtobufRpcEngine2.java:574)
	at org.apache.hadoop.ipc.ProtobufRpcEngine2$Server$ProtoBufRpcInvoker.call(ProtobufRpcEngine2.java:552)
	at org.apache.hadoop.ipc.RPC$Server.call(RPC.java:1093)
	at org.apache.hadoop.ipc.Server$RpcCall.run(Server.java:1035)
	at org.apache.hadoop.ipc.Server$RpcCall.run(Server.java:963)
	at java.security.AccessController.doPrivileged(Native Method)
	at javax.security.auth.Subject.doAs(Subject.java:422)
	at org.apache.hadoop.security.UserGroupInformation.doAs(UserGroupInformation.java:1878)
	at org.apache.hadoop.ipc.Server$Handler.run(Server.java:2966)
, while invoking $Proxy52.submitRequest over nodeId=omNode-1,nodeAddress=127.0.0.1:11916 after 4 failover attempts. Trying to failover immediately.
2021-10-31 01:08:05,129 [Time-limited test] ERROR ha.OMFailoverProxyProvider (OMFailoverProxyProvider.java:getRetryAction(292)) - Failed to connect to OMs: [nodeId=omNode-3,nodeAddress=127.0.0.1:11928, nodeId=omNode-1,nodeAddress=127.0.0.1:11916, nodeId=omNode-2,nodeAddress=127.0.0.1:11922]. Attempted 5 failovers.
2021-10-31 01:08:05,129 [Time-limited test] INFO  om.OzoneManager (OzoneManager.java:stop(1677)) - Stopping Ozone Manager
2021-10-31 01:08:05,129 [Time-limited test] INFO  ipc.Server (Server.java:stop(3414)) - Stopping server on 11928
2021-10-31 01:08:05,133 [IPC Server listener on 11928] INFO  ipc.Server (Server.java:run(1376)) - Stopping IPC Server listener on 11928
2021-10-31 01:08:05,133 [IPC Server Responder] INFO  ipc.Server (Server.java:run(1512)) - Stopping IPC Server Responder
2021-10-31 01:08:05,136 [Time-limited test] INFO  server.RaftServer (RaftServerProxy.java:lambda$close$6(391)) - omNode-3: close
2021-10-31 01:08:05,136 [Time-limited test] INFO  server.RaftServer$Division (RaftServerImpl.java:lambda$close$4(412)) - omNode-3@group-523986131536: shutdown
2021-10-31 01:08:05,136 [Time-limited test] INFO  util.JmxRegister (JmxRegister.java:unregister(73)) - Successfully un-registered JMX Bean with object name Ratis:service=RaftServer,group=group-523986131536,id=omNode-3
2021-10-31 01:08:05,136 [Time-limited test] INFO  impl.RoleInfo (RoleInfo.java:shutdownFollowerState(108)) - omNode-3: shutdown omNode-3@group-523986131536-FollowerState
2021-10-31 01:08:05,136 [omNode-3@group-523986131536-FollowerState] INFO  impl.FollowerState (FollowerState.java:run(143)) - omNode-3@group-523986131536-FollowerState was interrupted: {}
java.lang.InterruptedException: sleep interrupted
	at java.lang.Thread.sleep(Native Method)
	at java.lang.Thread.sleep(Thread.java:340)
	at java.util.concurrent.TimeUnit.sleep(TimeUnit.java:386)
	at org.apache.ratis.util.TimeDuration.sleep(TimeDuration.java:324)
	at org.apache.ratis.util.TimeDuration.sleep(TimeDuration.java:309)
	at org.apache.ratis.server.impl.FollowerState.run(FollowerState.java:118)
2021-10-31 01:08:05,139 [Time-limited test] INFO  impl.StateMachineUpdater (StateMachineUpdater.java:stopAndJoin(149)) - omNode-3@group-523986131536-StateMachineUpdater: set stopIndex = 21
2021-10-31 01:08:05,139 [omNode-3@group-523986131536-StateMachineUpdater] INFO  ratis.OzoneManagerStateMachine (OzoneManagerStateMachine.java:close(471)) - StateMachine has shutdown. Shutdown OzoneManager if not already shutdown.
2021-10-31 01:08:05,139 [Time-limited test] INFO  server.RaftServer$Division (ServerState.java:close(419)) - omNode-3@group-523986131536: closes. applyIndex: 21
2021-10-31 01:08:05,139 [omNode-3@group-523986131536-SegmentedRaftLogWorker] INFO  segmented.SegmentedRaftLogWorker (SegmentedRaftLogWorker.java:run(327)) - omNode-3@group-523986131536-SegmentedRaftLogWorker was interrupted, exiting. There are 0 tasks remaining in the queue.
2021-10-31 01:08:05,140 [Time-limited test] INFO  segmented.SegmentedRaftLogWorker (SegmentedRaftLogWorker.java:close(237)) - omNode-3@group-523986131536-SegmentedRaftLogWorker close()
2021-10-31 01:08:05,142 [Time-limited test] INFO  server.GrpcService (GrpcService.java:closeImpl(262)) - omNode-3: shutdown server with port 11932 now
2021-10-31 01:08:05,154 [Time-limited test] INFO  server.GrpcService (GrpcService.java:closeImpl(271)) - omNode-3: shutdown server with port 11932 successfully
2021-10-31 01:08:05,154 [org.apache.ratis.util.JvmPauseMonitor$$Lambda$523/2066045717@14246f4] INFO  util.JvmPauseMonitor (JvmPauseMonitor.java:run(109)) - JvmPauseMonitor-omNode-3: Stopped
2021-10-31 01:08:05,154 [Time-limited test] INFO  ratis.OzoneManagerDoubleBuffer (OzoneManagerDoubleBuffer.java:stop(437)) - Stopping OMDoubleBuffer flush thread
2021-10-31 01:08:05,155 [OMDoubleBufferFlushThread] INFO  ratis.OzoneManagerDoubleBuffer (OzoneManagerDoubleBuffer.java:flushTransactions(356)) - OMDoubleBuffer flush thread OMDoubleBufferFlushThread is interrupted and will exit. OMDoubleBufferFlushThread
2021-10-31 01:08:05,155 [Time-limited test] INFO  handler.ContextHandler (ContextHandler.java:doStop(1153)) - Stopped o.e.j.w.WebAppContext@6526b264{ozoneManager,/,null,STOPPED}{file:/home/runner/work/ozone/ozone/hadoop-ozone/integration-test/target/test-classes/webapps/ozoneManager}
2021-10-31 01:08:05,156 [Time-limited test] INFO  server.AbstractConnector (AbstractConnector.java:doStop(381)) - Stopped ServerConnector@aed798c{HTTP/1.1, (http/1.1)}{0.0.0.0:11930}
2021-10-31 01:08:05,157 [Time-limited test] INFO  server.session (HouseKeeper.java:stopScavenging(149)) - node0 Stopped scavenging
2021-10-31 01:08:05,157 [Time-limited test] INFO  handler.ContextHandler (ContextHandler.java:doStop(1153)) - Stopped o.e.j.s.ServletContextHandler@23f7fcb3{static,/static,file:///home/runner/work/ozone/ozone/hadoop-ozone/integration-test/target/test-classes/webapps/static,STOPPED}
2021-10-31 01:08:05,157 [Time-limited test] INFO  handler.ContextHandler (ContextHandler.java:doStop(1153)) - Stopped o.e.j.s.ServletContextHandler@4931ac9{logs,/logs,file:///home/runner/work/ozone/ozone/hadoop-ozone/integration-test/target/log,STOPPED}
2021-10-31 01:08:05,165 [Time-limited test] INFO  om.OzoneManager (OzoneManager.java:initFSOLayout(3634)) - Configured ozone.om.metadata.layout=SIMPLE and disabled optimized OM FS operations
2021-10-31 01:08:05,165 [Time-limited test] INFO  om.OzoneManager (OzoneManager.java:restart(1392)) - OzoneManager RPC server is listening at localhost/127.0.0.1:11928
2021-10-31 01:08:05,165 [Time-limited test] INFO  impl.MetricsSystemImpl (MetricsSystemImpl.java:init(158)) - OzoneManager metrics system started (again)
2021-10-31 01:08:05,183 [Time-limited test] WARN  server.ServerUtils (ServerUtils.java:getDBPath(225)) - ozone.om.db.dirs is not configured. We recommend adding this setting. Falling back to ozone.metadata.dirs instead.
2021-10-31 01:08:05,183 [Time-limited test] INFO  codec.OmKeyInfoCodec (OmKeyInfoCodec.java:<init>(51)) - OmKeyInfoCodec ignorePipeline = true
2021-10-31 01:08:05,183 [Time-limited test] INFO  codec.RepeatedOmKeyInfoCodec (RepeatedOmKeyInfoCodec.java:<init>(42)) - RepeatedOmKeyInfoCodec ignorePipeline = true
2021-10-31 01:08:05,218 [Time-limited test] WARN  impl.MetricRegistriesImpl (MetricRegistriesImpl.java:addReporterRegistration(111)) - New reporters are added after registries were created. Some metrics will be missing from the reporter. Please add reporter before adding any new registry.
2021-10-31 01:08:05,218 [Time-limited test] WARN  impl.MetricRegistriesImpl (MetricRegistriesImpl.java:addReporterRegistration(111)) - New reporters are added after registries were created. Some metrics will be missing from the reporter. Please add reporter before adding any new registry.
2021-10-31 01:08:05,218 [Time-limited test] WARN  server.ServerUtils (ServerUtils.java:getDefaultRatisDirectory(237)) - Storage directory for Ratis is not configured. It is a good idea to map this to an SSD disk. Falling back to ozone.metadata.dirs
2021-10-31 01:08:05,219 [Time-limited test] INFO  ratis.OzoneManagerRatisServer (OzoneManagerRatisServer.java:<init>(159)) - Instantiating OM Ratis server with groupID: om-service-test1 and peers: localhost:11932, localhost:11920, localhost:11926
2021-10-31 01:08:05,219 [Time-limited test] INFO  ratis.OzoneManagerStateMachine (OzoneManagerStateMachine.java:loadSnapshotInfoFromDB(605)) - LastAppliedIndex is set from TransactionInfo from OM DB as (t:5, i:21)
2021-10-31 01:08:05,220 [Time-limited test] INFO  server.RaftServer (ConfUtils.java:logGet(44)) - raft.rpc.type = GRPC (default)
2021-10-31 01:08:05,220 [Time-limited test] INFO  grpc.GrpcFactory (GrpcFactory.java:checkPooledByteBufAllocatorUseCacheForAllThreads(48)) - PERFORMANCE WARNING: useCacheForAllThreads is true that may cause Netty to create a lot garbage objects and, as a result, trigger GC.
	It is recommended to disable useCacheForAllThreads by setting -Dorg.apache.ratis.thirdparty.io.netty.allocator.useCacheForAllThreads=false in command line.
2021-10-31 01:08:05,220 [Time-limited test] INFO  grpc.GrpcConfigKeys (ConfUtils.java:logGet(44)) - raft.grpc.admin.port = -1 (default)
2021-10-31 01:08:05,220 [Time-limited test] INFO  grpc.GrpcConfigKeys (ConfUtils.java:logGet(44)) - raft.grpc.server.port = 11932 (custom)
2021-10-31 01:08:05,221 [Time-limited test] INFO  grpc.GrpcConfigKeys (ConfUtils.java:logGet(44)) - raft.grpc.client.port = -1 (default)
2021-10-31 01:08:05,221 [Time-limited test] INFO  grpc.GrpcConfigKeys (ConfUtils.java:logGet(44)) - raft.grpc.server.port = 11932 (custom)
2021-10-31 01:08:05,221 [Time-limited test] INFO  grpc.GrpcConfigKeys (ConfUtils.java:logGet(44)) - raft.grpc.server.port = 11932 (custom)
2021-10-31 01:08:05,221 [Time-limited test] INFO  server.GrpcService (ConfUtils.java:logGet(44)) - raft.grpc.message.size.max = 33554432 (custom)
2021-10-31 01:08:05,221 [Time-limited test] INFO  server.RaftServerConfigKeys (ConfUtils.java:logGet(44)) - raft.server.log.appender.buffer.byte-limit = 33554432 (custom)
2021-10-31 01:08:05,221 [Time-limited test] INFO  server.GrpcService (ConfUtils.java:logGet(44)) - raft.grpc.flow.control.window = 1MB (=1048576) (default)
2021-10-31 01:08:05,221 [Time-limited test] INFO  server.RaftServerConfigKeys (ConfUtils.java:logGet(44)) - raft.server.rpc.request.timeout = 3000ms (default)
2021-10-31 01:08:05,223 [Time-limited test] INFO  impl.DataStreamServerImpl (ConfUtils.java:logGet(44)) - raft.datastream.type = DISABLED (default)
2021-10-31 01:08:05,223 [Time-limited test] INFO  server.RaftServerConfigKeys (ConfUtils.java:logGet(44)) - raft.server.rpc.slowness.timeout = 2s (custom)
2021-10-31 01:08:05,223 [Time-limited test] INFO  server.RaftServerConfigKeys (ConfUtils.java:logGet(44)) - raft.server.leaderelection.leader.step-down.wait-time = 10s (default)
2021-10-31 01:08:05,223 [Time-limited test] INFO  server.RaftServerConfigKeys (ConfUtils.java:logGet(44)) - raft.server.storage.dir = [/home/runner/work/ozone/ozone/hadoop-ozone/integration-test/target/test-dir/MiniOzoneClusterImpl-b8864bcf-37cc-42b5-82cc-559abfd78a8f/omNode-3/ratis] (custom)
2021-10-31 01:08:05,223 [Time-limited test] INFO  server.RaftServer (RaftServerProxy.java:lambda$null$1(235)) - omNode-3: found a subdirectory /home/runner/work/ozone/ozone/hadoop-ozone/integration-test/target/test-dir/MiniOzoneClusterImpl-b8864bcf-37cc-42b5-82cc-559abfd78a8f/omNode-3/ratis/c9bc4cf4-3bc3-3c60-a66b-523986131536
2021-10-31 01:08:05,224 [Time-limited test] INFO  server.RaftServer (RaftServerProxy.java:addNew(95)) - omNode-3: addNew group-523986131536:[omNode-3|rpc:localhost:11932|priority:0, omNode-1|rpc:localhost:11920|priority:0, omNode-2|rpc:localhost:11926|priority:0] returns group-523986131536:java.util.concurrent.CompletableFuture@33415a1c[Not completed]
2021-10-31 01:08:05,224 [Time-limited test] INFO  om.OzoneManager (OzoneManager.java:initializeRatisServer(1618)) - OzoneManager Ratis server initialized at port 11932
2021-10-31 01:08:05,224 [Time-limited test] INFO  ratis.OzoneManagerRatisServer (OzoneManagerRatisServer.java:start(522)) - Starting OzoneManagerRatisServer omNode-3 at port 11932
2021-10-31 01:08:05,224 [pool-351-thread-1] INFO  server.RaftServer$Division (RaftServerImpl.java:<init>(184)) - omNode-3: new RaftServerImpl for group-523986131536:[omNode-3|rpc:localhost:11932|priority:0, omNode-1|rpc:localhost:11920|priority:0, omNode-2|rpc:localhost:11926|priority:0] with OzoneManagerStateMachine:uninitialized
2021-10-31 01:08:05,225 [pool-351-thread-1] INFO  server.RaftServerConfigKeys (ConfUtils.java:logGet(44)) - raft.server.rpc.timeout.min = 1s (custom)
2021-10-31 01:08:05,225 [pool-351-thread-1] INFO  server.RaftServerConfigKeys (ConfUtils.java:logGet(44)) - raft.server.rpc.timeout.max = 1200ms (custom)
2021-10-31 01:08:05,225 [pool-351-thread-1] INFO  server.RaftServerConfigKeys (ConfUtils.java:logGet(44)) - raft.server.rpc.sleep.time = 25ms (default)
2021-10-31 01:08:05,225 [pool-351-thread-1] INFO  server.RaftServerConfigKeys (ConfUtils.java:logGet(44)) - raft.server.rpc.slowness.timeout = 2s (custom)
2021-10-31 01:08:05,225 [pool-351-thread-1] INFO  server.RaftServerConfigKeys (ConfUtils.java:logGet(44)) - raft.server.leaderelection.leader.step-down.wait-time = 10s (default)
2021-10-31 01:08:05,225 [pool-351-thread-1] INFO  server.RaftServerConfigKeys (ConfUtils.java:logGet(44)) - raft.server.sleep.deviation.threshold = 300ms (default)
2021-10-31 01:08:05,225 [pool-351-thread-1] INFO  server.RaftServerConfigKeys (ConfUtils.java:logGet(44)) - raft.server.log.appender.install.snapshot.enabled = false (custom)
2021-10-31 01:08:05,225 [pool-351-thread-1] INFO  server.RaftServer$Division (ServerState.java:<init>(105)) - omNode-3@group-523986131536: ConfigurationManager, init=-1: [omNode-3|rpc:localhost:11932|priority:0, omNode-1|rpc:localhost:11920|priority:0, omNode-2|rpc:localhost:11926|priority:0], old=null, confs=<EMPTY_MAP>
2021-10-31 01:08:05,225 [pool-351-thread-1] INFO  server.RaftServerConfigKeys (ConfUtils.java:logGet(44)) - raft.server.storage.dir = [/home/runner/work/ozone/ozone/hadoop-ozone/integration-test/target/test-dir/MiniOzoneClusterImpl-b8864bcf-37cc-42b5-82cc-559abfd78a8f/omNode-3/ratis] (custom)
2021-10-31 01:08:05,226 [pool-351-thread-1] INFO  server.RaftServerConfigKeys (ConfUtils.java:logGet(44)) - raft.server.log.corruption.policy = EXCEPTION (default)
2021-10-31 01:08:05,226 [pool-351-thread-1] INFO  server.RaftServerConfigKeys (ConfUtils.java:logGet(44)) - raft.server.storage.free-space.min = 0MB (=0) (default)
2021-10-31 01:08:05,227 [pool-351-thread-1] INFO  storage.RaftStorageDirectory (RaftStorageDirectoryImpl.java:tryLock(230)) - Lock on /home/runner/work/ozone/ozone/hadoop-ozone/integration-test/target/test-dir/MiniOzoneClusterImpl-b8864bcf-37cc-42b5-82cc-559abfd78a8f/omNode-3/ratis/c9bc4cf4-3bc3-3c60-a66b-523986131536/in_use.lock acquired by nodename 14068@fv-az50-512
2021-10-31 01:08:05,228 [pool-351-thread-1] INFO  storage.RaftStorage (RaftStorageImpl.java:analyzeAndRecoverStorage(110)) - Read RaftStorageMetadata{term=10, votedFor=} from /home/runner/work/ozone/ozone/hadoop-ozone/integration-test/target/test-dir/MiniOzoneClusterImpl-b8864bcf-37cc-42b5-82cc-559abfd78a8f/omNode-3/ratis/c9bc4cf4-3bc3-3c60-a66b-523986131536/current/raft-meta
2021-10-31 01:08:05,228 [pool-351-thread-1] INFO  server.RaftServer$Division (ServerState.java:setRaftConf(387)) - omNode-3@group-523986131536: set configuration 18: [omNode-3|rpc:localhost:11932|admin:|client:|dataStream:|priority:0, omNode-1|rpc:localhost:11920|admin:|client:|dataStream:|priority:0, omNode-2|rpc:localhost:11926|admin:|client:|dataStream:|priority:0], old=null
2021-10-31 01:08:05,228 [pool-351-thread-1] INFO  server.RaftServerConfigKeys (ConfUtils.java:logGet(44)) - raft.server.notification.no-leader.timeout = 2s (custom)
2021-10-31 01:08:05,228 [pool-351-thread-1] INFO  server.RaftServerConfigKeys (ConfUtils.java:logGet(44)) - raft.server.log.use.memory = false (default)
2021-10-31 01:08:05,228 [pool-351-thread-1] INFO  server.RaftServerConfigKeys (ConfUtils.java:logGet(44)) - raft.server.log.purge.gap = 50 (custom)
2021-10-31 01:08:05,228 [pool-351-thread-1] INFO  server.RaftServerConfigKeys (ConfUtils.java:logGet(44)) - raft.server.log.appender.buffer.byte-limit = 33554432 (custom)
2021-10-31 01:08:05,229 [pool-351-thread-1] INFO  server.RaftServerConfigKeys (ConfUtils.java:logGet(44)) - raft.server.log.segment.size.max = 4194304 (custom)
2021-10-31 01:08:05,229 [pool-351-thread-1] INFO  server.RaftServerConfigKeys (ConfUtils.java:logGet(44)) - raft.server.log.segment.cache.num.max = 2 (custom)
2021-10-31 01:08:05,229 [pool-351-thread-1] INFO  server.RaftServerConfigKeys (ConfUtils.java:logGet(44)) - raft.server.log.segment.cache.size.max = 200MB (=209715200) (default)
2021-10-31 01:08:05,229 [pool-351-thread-1] INFO  segmented.SegmentedRaftLogWorker (SegmentedRaftLogWorker.java:<init>(182)) - new omNode-3@group-523986131536-SegmentedRaftLogWorker for RaftStorageImpl:Storage Directory /home/runner/work/ozone/ozone/hadoop-ozone/integration-test/target/test-dir/MiniOzoneClusterImpl-b8864bcf-37cc-42b5-82cc-559abfd78a8f/omNode-3/ratis/c9bc4cf4-3bc3-3c60-a66b-523986131536
2021-10-31 01:08:05,229 [pool-351-thread-1] INFO  server.RaftServerConfigKeys (ConfUtils.java:logGet(44)) - raft.server.log.queue.byte-limit = 64MB (=67108864) (default)
2021-10-31 01:08:05,229 [pool-351-thread-1] INFO  server.RaftServerConfigKeys (ConfUtils.java:logGet(44)) - raft.server.log.queue.element-limit = 4096 (default)
2021-10-31 01:08:05,229 [pool-351-thread-1] INFO  server.RaftServerConfigKeys (ConfUtils.java:logGet(44)) - raft.server.log.segment.size.max = 4194304 (custom)
2021-10-31 01:08:05,230 [pool-351-thread-1] INFO  server.RaftServerConfigKeys (ConfUtils.java:logGet(44)) - raft.server.log.preallocated.size = 4194304 (custom)
2021-10-31 01:08:05,230 [pool-351-thread-1] INFO  server.RaftServerConfigKeys (ConfUtils.java:logGet(44)) - raft.server.log.force.sync.num = 128 (default)
2021-10-31 01:08:05,230 [pool-351-thread-1] INFO  server.RaftServerConfigKeys (ConfUtils.java:logGet(44)) - raft.server.log.statemachine.data.sync = true (default)
2021-10-31 01:08:05,230 [pool-351-thread-1] INFO  server.RaftServerConfigKeys (ConfUtils.java:logGet(44)) - raft.server.log.statemachine.data.sync.timeout = 10s (default)
2021-10-31 01:08:05,230 [pool-351-thread-1] INFO  server.RaftServerConfigKeys (ConfUtils.java:logGet(44)) - raft.server.log.statemachine.data.sync.timeout.retry = -1 (default)
2021-10-31 01:08:05,231 [pool-351-thread-1] INFO  server.RaftServerConfigKeys (ConfUtils.java:logGet(44)) - raft.server.log.write.buffer.size = 64KB (=65536) (default)
2021-10-31 01:08:05,231 [pool-351-thread-1] INFO  server.RaftServerConfigKeys (ConfUtils.java:logGet(44)) - raft.server.log.statemachine.data.caching.enabled = false (default)
2021-10-31 01:08:05,231 [pool-351-thread-1] INFO  server.RaftServer$Division (ServerState.java:setRaftConf(387)) - omNode-3@group-523986131536: set configuration 12: [omNode-3|rpc:localhost:11932|admin:|client:|dataStream:|priority:0, omNode-1|rpc:localhost:11920|admin:|client:|dataStream:|priority:0, omNode-2|rpc:localhost:11926|admin:|client:|dataStream:|priority:0], old=null
2021-10-31 01:08:05,232 [pool-351-thread-1] INFO  segmented.LogSegment (LogSegment.java:loadSegment(173)) - Successfully read 2 entries from segment file /home/runner/work/ozone/ozone/hadoop-ozone/integration-test/target/test-dir/MiniOzoneClusterImpl-b8864bcf-37cc-42b5-82cc-559abfd78a8f/omNode-3/ratis/c9bc4cf4-3bc3-3c60-a66b-523986131536/current/log_12-13
2021-10-31 01:08:05,232 [pool-351-thread-1] INFO  server.RaftServer$Division (ServerState.java:setRaftConf(387)) - omNode-3@group-523986131536: set configuration 14: [omNode-3|rpc:localhost:11932|admin:|client:|dataStream:|priority:0, omNode-1|rpc:localhost:11920|admin:|client:|dataStream:|priority:0, omNode-2|rpc:localhost:11926|admin:|client:|dataStream:|priority:0], old=null
2021-10-31 01:08:05,232 [pool-351-thread-1] INFO  segmented.LogSegment (LogSegment.java:loadSegment(173)) - Successfully read 4 entries from segment file /home/runner/work/ozone/ozone/hadoop-ozone/integration-test/target/test-dir/MiniOzoneClusterImpl-b8864bcf-37cc-42b5-82cc-559abfd78a8f/omNode-3/ratis/c9bc4cf4-3bc3-3c60-a66b-523986131536/current/log_14-17
2021-10-31 01:08:05,232 [pool-351-thread-1] INFO  server.RaftServer$Division (ServerState.java:setRaftConf(387)) - omNode-3@group-523986131536: set configuration 18: [omNode-3|rpc:localhost:11932|admin:|client:|dataStream:|priority:0, omNode-1|rpc:localhost:11920|admin:|client:|dataStream:|priority:0, omNode-2|rpc:localhost:11926|admin:|client:|dataStream:|priority:0], old=null
2021-10-31 01:08:05,233 [pool-351-thread-1] INFO  segmented.LogSegment (LogSegment.java:loadSegment(173)) - Successfully read 4 entries from segment file /home/runner/work/ozone/ozone/hadoop-ozone/integration-test/target/test-dir/MiniOzoneClusterImpl-b8864bcf-37cc-42b5-82cc-559abfd78a8f/omNode-3/ratis/c9bc4cf4-3bc3-3c60-a66b-523986131536/current/log_inprogress_18
2021-10-31 01:08:05,233 [pool-351-thread-1] INFO  segmented.SegmentedRaftLogWorker (SegmentedRaftLogWorker.java:lambda$new$0(133)) - omNode-3@group-523986131536-SegmentedRaftLogWorker: flushIndex: setUnconditionally 0 -> 21
2021-10-31 01:08:05,233 [pool-351-thread-1] INFO  segmented.SegmentedRaftLogWorker (SegmentedRaftLogWorker.java:lambda$new$0(133)) - omNode-3@group-523986131536-SegmentedRaftLogWorker: safeCacheEvictIndex: setUnconditionally 0 -> 17
2021-10-31 01:08:05,233 [pool-351-thread-1] INFO  raftlog.RaftLog (RaftLogBase.java:lambda$new$0(53)) - omNode-3@group-523986131536-SegmentedRaftLog: commitIndex: updateToMax old=21, new=20, updated? false
2021-10-31 01:08:05,233 [pool-351-thread-1] INFO  raftlog.RaftLog (RaftLogBase.java:lambda$new$0(53)) - omNode-3@group-523986131536-SegmentedRaftLog: purgeIndex: updateIncreasingly -1 -> 11
2021-10-31 01:08:05,233 [pool-351-thread-1] INFO  server.RaftServerConfigKeys (ConfUtils.java:logGet(44)) - raft.server.snapshot.auto.trigger.enabled = true (custom)
2021-10-31 01:08:05,233 [pool-351-thread-1] INFO  server.RaftServerConfigKeys (ConfUtils.java:logGet(44)) - raft.server.snapshot.auto.trigger.threshold = 50 (custom)
2021-10-31 01:08:05,233 [pool-351-thread-1] INFO  server.RaftServerConfigKeys (ConfUtils.java:logGet(44)) - raft.server.snapshot.retention.file.num = -1 (default)
2021-10-31 01:08:05,234 [pool-351-thread-1] INFO  server.RaftServerConfigKeys (ConfUtils.java:logGet(44)) - raft.server.log.purge.upto.snapshot.index = true (custom)
2021-10-31 01:08:05,234 [pool-351-thread-1] INFO  server.RaftServerConfigKeys (ConfUtils.java:logGet(44)) - raft.server.retrycache.expirytime = 30000ms (custom)
2021-10-31 01:08:05,234 [pool-351-thread-1] INFO  server.RaftServerConfigKeys (ConfUtils.java:logGet(44)) - raft.server.retrycache.statistics.expirytime = 100μs (default)
2021-10-31 01:08:05,235 [Time-limited test] INFO  server.RaftServer$Division (RaftServerImpl.java:start(301)) - omNode-3@group-523986131536: start as a follower, conf=18: [omNode-3|rpc:localhost:11932|admin:|client:|dataStream:|priority:0, omNode-1|rpc:localhost:11920|admin:|client:|dataStream:|priority:0, omNode-2|rpc:localhost:11926|admin:|client:|dataStream:|priority:0], old=null
2021-10-31 01:08:05,235 [Time-limited test] INFO  server.RaftServer$Division (RaftServerImpl.java:setRole(290)) - omNode-3@group-523986131536: changes role from      null to FOLLOWER at term 10 for startAsFollower
2021-10-31 01:08:05,235 [Time-limited test] INFO  impl.RoleInfo (RoleInfo.java:updateAndGet(130)) - omNode-3: start omNode-3@group-523986131536-FollowerState
2021-10-31 01:08:05,235 [Time-limited test] INFO  util.JmxRegister (JmxRegister.java:tryRegister(44)) - Successfully registered JMX Bean with object name Ratis:service=RaftServer,group=group-523986131536,id=omNode-3
2021-10-31 01:08:05,236 [Time-limited test] INFO  server.RaftServer (RaftServerProxy.java:lambda$start$5(374)) - omNode-3: start RPC server
2021-10-31 01:08:05,236 [Time-limited test] INFO  server.GrpcService (GrpcService.java:startImpl(253)) - omNode-3: GrpcService started, listening on 11932
2021-10-31 01:08:05,238 [Time-limited test] INFO  ipc.CallQueueManager (CallQueueManager.java:<init>(90)) - Using callQueue: class java.util.concurrent.LinkedBlockingQueue, queueCapacity: 2000, scheduler: class org.apache.hadoop.ipc.DefaultRpcScheduler, ipcBackoff: false.
2021-10-31 01:08:05,238 [org.apache.ratis.util.JvmPauseMonitor$$Lambda$523/2066045717@4e235aa4] INFO  util.JvmPauseMonitor (JvmPauseMonitor.java:run(103)) - JvmPauseMonitor-omNode-3: Started
2021-10-31 01:08:05,241 [Socket Reader #1 for port 11928] INFO  ipc.Server (Server.java:run(1265)) - Starting Socket Reader #1 for port 11928
2021-10-31 01:08:05,245 [Listener at localhost/11928] INFO  http.BaseHttpServer (BaseHttpServer.java:newHttpServer2BuilderForOzone(209)) - Starting Web-server for ozoneManager at: http://0.0.0.0:11930
2021-10-31 01:08:05,245 [Listener at localhost/11928] INFO  http.BaseHttpServer (BaseHttpServer.java:<init>(107)) - Hadoop Security Enabled: false Ozone Security Enabled: false Ozone HTTP Security Enabled: false 
2021-10-31 01:08:05,246 [Listener at localhost/11928] INFO  server.AuthenticationFilter (AuthenticationFilter.java:constructSecretProvider(240)) - Unable to initialize FileSignerSecretProvider, falling back to use random secrets.
2021-10-31 01:08:05,249 [Listener at localhost/11928] WARN  http.HttpRequestLog (HttpRequestLog.java:getRequestLog(103)) - Jetty request log can only be enabled using Log4j
2021-10-31 01:08:05,250 [Listener at localhost/11928] INFO  http.HttpServer2 (HttpServer2.java:addGlobalFilter(1030)) - Added global filter 'safety' (class=org.apache.hadoop.hdds.server.http.HttpServer2$QuotingInputFilter)
2021-10-31 01:08:05,250 [Listener at localhost/11928] INFO  http.HttpServer2 (HttpServer2.java:addFilter(1006)) - Added filter static_user_filter (class=org.apache.hadoop.http.lib.StaticUserWebFilter$StaticUserFilter) to context ozoneManager
2021-10-31 01:08:05,250 [Listener at localhost/11928] INFO  http.HttpServer2 (HttpServer2.java:addFilter(1014)) - Added filter static_user_filter (class=org.apache.hadoop.http.lib.StaticUserWebFilter$StaticUserFilter) to context static
2021-10-31 01:08:05,250 [Listener at localhost/11928] INFO  http.HttpServer2 (HttpServer2.java:addFilter(1014)) - Added filter static_user_filter (class=org.apache.hadoop.http.lib.StaticUserWebFilter$StaticUserFilter) to context logs
2021-10-31 01:08:05,251 [Listener at localhost/11928] INFO  http.HttpServer2 (HttpServer2.java:bindListener(1249)) - Jetty bound to port 11930
2021-10-31 01:08:05,251 [Listener at localhost/11928] INFO  server.Server (Server.java:doStart(375)) - jetty-9.4.43.v20210629; built: 2021-06-30T11:07:22.254Z; git: 526006ecfa3af7f1a27ef3a288e2bef7ea9dd7e8; jvm 1.8.0_292-b10
2021-10-31 01:08:05,253 [Listener at localhost/11928] INFO  server.session (DefaultSessionIdManager.java:doStart(334)) - DefaultSessionIdManager workerName=node0
2021-10-31 01:08:05,253 [Listener at localhost/11928] INFO  server.session (DefaultSessionIdManager.java:doStart(339)) - No SessionScavenger set, using defaults
2021-10-31 01:08:05,253 [Listener at localhost/11928] INFO  server.session (HouseKeeper.java:startScavenging(132)) - node0 Scavenging every 600000ms
2021-10-31 01:08:05,254 [Listener at localhost/11928] INFO  handler.ContextHandler (ContextHandler.java:doStart(915)) - Started o.e.j.s.ServletContextHandler@1294ea3{logs,/logs,file:///home/runner/work/ozone/ozone/hadoop-ozone/integration-test/target/log,AVAILABLE}
2021-10-31 01:08:05,255 [Listener at localhost/11928] INFO  handler.ContextHandler (ContextHandler.java:doStart(915)) - Started o.e.j.s.ServletContextHandler@7a9377b0{static,/static,file:///home/runner/work/ozone/ozone/hadoop-ozone/integration-test/target/test-classes/webapps/static,AVAILABLE}
2021-10-31 01:08:05,258 [Listener at localhost/11928] INFO  handler.ContextHandler (ContextHandler.java:doStart(915)) - Started o.e.j.w.WebAppContext@178743c2{ozoneManager,/,file:///home/runner/work/ozone/ozone/hadoop-ozone/integration-test/target/test-classes/webapps/ozoneManager/,AVAILABLE}{file:/home/runner/work/ozone/ozone/hadoop-ozone/integration-test/target/test-classes/webapps/ozoneManager}
2021-10-31 01:08:05,266 [Listener at localhost/11928] INFO  server.AbstractConnector (AbstractConnector.java:doStart(331)) - Started ServerConnector@3278bf76{HTTP/1.1, (http/1.1)}{0.0.0.0:11930}
2021-10-31 01:08:05,267 [Listener at localhost/11928] INFO  server.Server (Server.java:doStart(415)) - Started @285200ms
2021-10-31 01:08:05,267 [Listener at localhost/11928] WARN  impl.MetricsSystemImpl (MetricsSystemImpl.java:register(279)) - Sink prometheus already exists!
2021-10-31 01:08:05,268 [Listener at localhost/11928] INFO  http.BaseHttpServer (BaseHttpServer.java:updateConnectorAddress(329)) - HTTP server of ozoneManager listening at http://0.0.0.0:11930
2021-10-31 01:08:05,268 [IPC Server Responder] INFO  ipc.Server (Server.java:run(1507)) - IPC Server Responder: starting
2021-10-31 01:08:05,268 [IPC Server listener on 11928] INFO  ipc.Server (Server.java:run(1344)) - IPC Server listener on 11928: starting
2021-10-31 01:08:05,271 [Listener at localhost/11928] INFO  om.OzoneManager (OzoneManager.java:startTrashEmptier(1576)) - Trash Interval set to 0. Files deleted will not move to trash
2021-10-31 01:08:05,273 [Listener at localhost/11928] INFO  om.OzoneManager (OzoneManager.java:stop(1677)) - Stopping Ozone Manager
2021-10-31 01:08:05,273 [Listener at localhost/11928] INFO  ipc.Server (Server.java:stop(3414)) - Stopping server on 11916
2021-10-31 01:08:05,283 [org.apache.hadoop.util.JvmPauseMonitor$Monitor@4c5e5340] INFO  util.JvmPauseMonitor (JvmPauseMonitor.java:run(188)) - Starting JVM pause monitor
2021-10-31 01:08:05,284 [IPC Server listener on 11916] INFO  ipc.Server (Server.java:run(1376)) - Stopping IPC Server listener on 11916
2021-10-31 01:08:05,284 [IPC Server Responder] INFO  ipc.Server (Server.java:run(1512)) - Stopping IPC Server Responder
2021-10-31 01:08:05,284 [Listener at localhost/11928] INFO  server.RaftServer (RaftServerProxy.java:lambda$close$6(391)) - omNode-1: close
2021-10-31 01:08:05,284 [Listener at localhost/11928] INFO  server.RaftServer$Division (RaftServerImpl.java:lambda$close$4(412)) - omNode-1@group-523986131536: shutdown
2021-10-31 01:08:05,284 [Listener at localhost/11928] INFO  util.JmxRegister (JmxRegister.java:unregister(73)) - Successfully un-registered JMX Bean with object name Ratis:service=RaftServer,group=group-523986131536,id=omNode-1
2021-10-31 01:08:05,285 [Listener at localhost/11928] INFO  impl.RoleInfo (RoleInfo.java:shutdownFollowerState(108)) - omNode-1: shutdown omNode-1@group-523986131536-FollowerState
2021-10-31 01:08:05,285 [Listener at localhost/11928] INFO  impl.StateMachineUpdater (StateMachineUpdater.java:stopAndJoin(149)) - omNode-1@group-523986131536-StateMachineUpdater: set stopIndex = 11
2021-10-31 01:08:05,285 [omNode-1@group-523986131536-FollowerState] INFO  impl.FollowerState (FollowerState.java:run(143)) - omNode-1@group-523986131536-FollowerState was interrupted: {}
java.lang.InterruptedException: sleep interrupted
	at java.lang.Thread.sleep(Native Method)
	at java.lang.Thread.sleep(Thread.java:340)
	at java.util.concurrent.TimeUnit.sleep(TimeUnit.java:386)
	at org.apache.ratis.util.TimeDuration.sleep(TimeDuration.java:324)
	at org.apache.ratis.util.TimeDuration.sleep(TimeDuration.java:309)
	at org.apache.ratis.server.impl.FollowerState.run(FollowerState.java:118)
2021-10-31 01:08:05,285 [omNode-1@group-523986131536-StateMachineUpdater] INFO  ratis.OzoneManagerStateMachine (OzoneManagerStateMachine.java:close(471)) - StateMachine has shutdown. Shutdown OzoneManager if not already shutdown.
2021-10-31 01:08:05,285 [Listener at localhost/11928] INFO  server.RaftServer$Division (ServerState.java:close(419)) - omNode-1@group-523986131536: closes. applyIndex: 11
2021-10-31 01:08:05,286 [omNode-1@group-523986131536-SegmentedRaftLogWorker] INFO  segmented.SegmentedRaftLogWorker (SegmentedRaftLogWorker.java:run(327)) - omNode-1@group-523986131536-SegmentedRaftLogWorker was interrupted, exiting. There are 0 tasks remaining in the queue.
2021-10-31 01:08:05,286 [Listener at localhost/11928] INFO  segmented.SegmentedRaftLogWorker (SegmentedRaftLogWorker.java:close(237)) - omNode-1@group-523986131536-SegmentedRaftLogWorker close()
2021-10-31 01:08:05,289 [Listener at localhost/11928] INFO  server.GrpcService (GrpcService.java:closeImpl(262)) - omNode-1: shutdown server with port 11920 now
2021-10-31 01:08:05,293 [Listener at localhost/11928] INFO  server.GrpcService (GrpcService.java:closeImpl(271)) - omNode-1: shutdown server with port 11920 successfully
2021-10-31 01:08:05,293 [org.apache.ratis.util.JvmPauseMonitor$$Lambda$523/2066045717@1a935313] INFO  util.JvmPauseMonitor (JvmPauseMonitor.java:run(109)) - JvmPauseMonitor-omNode-1: Stopped
2021-10-31 01:08:05,294 [Listener at localhost/11928] INFO  ratis.OzoneManagerDoubleBuffer (OzoneManagerDoubleBuffer.java:stop(437)) - Stopping OMDoubleBuffer flush thread
2021-10-31 01:08:05,294 [OMDoubleBufferFlushThread] INFO  ratis.OzoneManagerDoubleBuffer (OzoneManagerDoubleBuffer.java:flushTransactions(356)) - OMDoubleBuffer flush thread OMDoubleBufferFlushThread is interrupted and will exit. OMDoubleBufferFlushThread
2021-10-31 01:08:05,294 [Listener at localhost/11928] INFO  handler.ContextHandler (ContextHandler.java:doStop(1153)) - Stopped o.e.j.w.WebAppContext@4cc53042{ozoneManager,/,null,STOPPED}{file:/home/runner/work/ozone/ozone/hadoop-ozone/integration-test/target/test-classes/webapps/ozoneManager}
2021-10-31 01:08:05,296 [Listener at localhost/11928] INFO  server.AbstractConnector (AbstractConnector.java:doStop(381)) - Stopped ServerConnector@6f619979{HTTP/1.1, (http/1.1)}{0.0.0.0:11918}
2021-10-31 01:08:05,296 [Listener at localhost/11928] INFO  server.session (HouseKeeper.java:stopScavenging(149)) - node0 Stopped scavenging
2021-10-31 01:08:05,296 [Listener at localhost/11928] INFO  handler.ContextHandler (ContextHandler.java:doStop(1153)) - Stopped o.e.j.s.ServletContextHandler@7a33160e{static,/static,file:///home/runner/work/ozone/ozone/hadoop-ozone/integration-test/target/test-classes/webapps/static,STOPPED}
2021-10-31 01:08:05,296 [Listener at localhost/11928] INFO  handler.ContextHandler (ContextHandler.java:doStop(1153)) - Stopped o.e.j.s.ServletContextHandler@2489d24e{logs,/logs,file:///home/runner/work/ozone/ozone/hadoop-ozone/integration-test/target/log,STOPPED}
2021-10-31 01:08:05,298 [Listener at localhost/11928] INFO  om.OzoneManager (OzoneManager.java:initFSOLayout(3634)) - Configured ozone.om.metadata.layout=SIMPLE and disabled optimized OM FS operations
2021-10-31 01:08:05,298 [Listener at localhost/11928] INFO  om.OzoneManager (OzoneManager.java:restart(1392)) - OzoneManager RPC server is listening at localhost/127.0.0.1:11916
2021-10-31 01:08:05,298 [Listener at localhost/11928] INFO  impl.MetricsSystemImpl (MetricsSystemImpl.java:init(158)) - OzoneManager metrics system started (again)
2021-10-31 01:08:05,312 [Listener at localhost/11928] WARN  server.ServerUtils (ServerUtils.java:getDBPath(225)) - ozone.om.db.dirs is not configured. We recommend adding this setting. Falling back to ozone.metadata.dirs instead.
2021-10-31 01:08:05,313 [Listener at localhost/11928] INFO  codec.OmKeyInfoCodec (OmKeyInfoCodec.java:<init>(51)) - OmKeyInfoCodec ignorePipeline = true
2021-10-31 01:08:05,313 [Listener at localhost/11928] INFO  codec.RepeatedOmKeyInfoCodec (RepeatedOmKeyInfoCodec.java:<init>(42)) - RepeatedOmKeyInfoCodec ignorePipeline = true
2021-10-31 01:08:05,361 [Listener at localhost/11928] WARN  om.OzoneManager (OzoneManager.java:instantiatePrepareStateOnStartup(3513)) - Prepare marker file index 11 does not match DB prepare index 10. Writing DB index to prepare file and maintaining prepared state.
2021-10-31 01:08:05,361 [Listener at localhost/11928] INFO  om.OzoneManagerPrepareState (OzoneManagerPrepareState.java:writePrepareMarkerFile(262)) - Prepare marker file written with log index 10 to file /home/runner/work/ozone/ozone/hadoop-ozone/integration-test/target/test-dir/MiniOzoneClusterImpl-b8864bcf-37cc-42b5-82cc-559abfd78a8f/omNode-1/current/prepareMarker
2021-10-31 01:08:05,362 [Listener at localhost/11928] WARN  impl.MetricRegistriesImpl (MetricRegistriesImpl.java:addReporterRegistration(111)) - New reporters are added after registries were created. Some metrics will be missing from the reporter. Please add reporter before adding any new registry.
2021-10-31 01:08:05,362 [Listener at localhost/11928] WARN  impl.MetricRegistriesImpl (MetricRegistriesImpl.java:addReporterRegistration(111)) - New reporters are added after registries were created. Some metrics will be missing from the reporter. Please add reporter before adding any new registry.
2021-10-31 01:08:05,362 [Listener at localhost/11928] WARN  server.ServerUtils (ServerUtils.java:getDefaultRatisDirectory(237)) - Storage directory for Ratis is not configured. It is a good idea to map this to an SSD disk. Falling back to ozone.metadata.dirs
2021-10-31 01:08:05,365 [Listener at localhost/11928] INFO  ratis.OzoneManagerRatisServer (OzoneManagerRatisServer.java:<init>(159)) - Instantiating OM Ratis server with groupID: om-service-test1 and peers: localhost:11920, localhost:11932, localhost:11926
2021-10-31 01:08:05,365 [Listener at localhost/11928] INFO  ratis.OzoneManagerStateMachine (OzoneManagerStateMachine.java:loadSnapshotInfoFromDB(605)) - LastAppliedIndex is set from TransactionInfo from OM DB as (t:2, i:11)
2021-10-31 01:08:05,365 [Listener at localhost/11928] INFO  server.RaftServer (ConfUtils.java:logGet(44)) - raft.rpc.type = GRPC (default)
2021-10-31 01:08:05,365 [Listener at localhost/11928] INFO  grpc.GrpcFactory (GrpcFactory.java:checkPooledByteBufAllocatorUseCacheForAllThreads(48)) - PERFORMANCE WARNING: useCacheForAllThreads is true that may cause Netty to create a lot garbage objects and, as a result, trigger GC.
	It is recommended to disable useCacheForAllThreads by setting -Dorg.apache.ratis.thirdparty.io.netty.allocator.useCacheForAllThreads=false in command line.
2021-10-31 01:08:05,365 [Listener at localhost/11928] INFO  grpc.GrpcConfigKeys (ConfUtils.java:logGet(44)) - raft.grpc.admin.port = -1 (default)
2021-10-31 01:08:05,365 [Listener at localhost/11928] INFO  grpc.GrpcConfigKeys (ConfUtils.java:logGet(44)) - raft.grpc.server.port = 11920 (custom)
2021-10-31 01:08:05,366 [Listener at localhost/11928] INFO  grpc.GrpcConfigKeys (ConfUtils.java:logGet(44)) - raft.grpc.client.port = -1 (default)
2021-10-31 01:08:05,366 [Listener at localhost/11928] INFO  grpc.GrpcConfigKeys (ConfUtils.java:logGet(44)) - raft.grpc.server.port = 11920 (custom)
2021-10-31 01:08:05,366 [Listener at localhost/11928] INFO  grpc.GrpcConfigKeys (ConfUtils.java:logGet(44)) - raft.grpc.server.port = 11920 (custom)
2021-10-31 01:08:05,366 [Listener at localhost/11928] INFO  server.GrpcService (ConfUtils.java:logGet(44)) - raft.grpc.message.size.max = 33554432 (custom)
2021-10-31 01:08:05,366 [Listener at localhost/11928] INFO  server.RaftServerConfigKeys (ConfUtils.java:logGet(44)) - raft.server.log.appender.buffer.byte-limit = 33554432 (custom)
2021-10-31 01:08:05,366 [Listener at localhost/11928] INFO  server.GrpcService (ConfUtils.java:logGet(44)) - raft.grpc.flow.control.window = 1MB (=1048576) (default)
2021-10-31 01:08:05,366 [Listener at localhost/11928] INFO  server.RaftServerConfigKeys (ConfUtils.java:logGet(44)) - raft.server.rpc.request.timeout = 3000ms (default)
2021-10-31 01:08:05,367 [omNode-2@group-523986131536-FollowerState] INFO  impl.FollowerState (FollowerState.java:run(134)) - omNode-2@group-523986131536-FollowerState: change to CANDIDATE, lastRpcElapsedTime:1154983899ns, electionTimeout:1140ms
2021-10-31 01:08:05,367 [Listener at localhost/11928] INFO  impl.DataStreamServerImpl (ConfUtils.java:logGet(44)) - raft.datastream.type = DISABLED (default)
2021-10-31 01:08:05,367 [omNode-2@group-523986131536-FollowerState] INFO  impl.RoleInfo (RoleInfo.java:shutdownFollowerState(108)) - omNode-2: shutdown omNode-2@group-523986131536-FollowerState
2021-10-31 01:08:05,368 [Listener at localhost/11928] INFO  server.RaftServerConfigKeys (ConfUtils.java:logGet(44)) - raft.server.rpc.slowness.timeout = 2s (custom)
2021-10-31 01:08:05,368 [omNode-2@group-523986131536-FollowerState] INFO  server.RaftServer$Division (RaftServerImpl.java:setRole(290)) - omNode-2@group-523986131536: changes role from  FOLLOWER to CANDIDATE at term 10 for changeToCandidate
2021-10-31 01:08:05,369 [omNode-2@group-523986131536-FollowerState] INFO  server.RaftServerConfigKeys (ConfUtils.java:logGet(44)) - raft.server.leaderelection.pre-vote = false (custom)
2021-10-31 01:08:05,369 [omNode-2@group-523986131536-FollowerState] INFO  impl.RoleInfo (RoleInfo.java:updateAndGet(130)) - omNode-2: start omNode-2@group-523986131536-LeaderElection24
2021-10-31 01:08:05,370 [Listener at localhost/11928] INFO  server.RaftServerConfigKeys (ConfUtils.java:logGet(44)) - raft.server.leaderelection.leader.step-down.wait-time = 10s (default)
2021-10-31 01:08:05,370 [Listener at localhost/11928] INFO  server.RaftServerConfigKeys (ConfUtils.java:logGet(44)) - raft.server.storage.dir = [/home/runner/work/ozone/ozone/hadoop-ozone/integration-test/target/test-dir/MiniOzoneClusterImpl-b8864bcf-37cc-42b5-82cc-559abfd78a8f/omNode-1/ratis] (custom)
2021-10-31 01:08:05,370 [Listener at localhost/11928] INFO  server.RaftServer (RaftServerProxy.java:lambda$null$1(235)) - omNode-1: found a subdirectory /home/runner/work/ozone/ozone/hadoop-ozone/integration-test/target/test-dir/MiniOzoneClusterImpl-b8864bcf-37cc-42b5-82cc-559abfd78a8f/omNode-1/ratis/c9bc4cf4-3bc3-3c60-a66b-523986131536
2021-10-31 01:08:05,372 [Listener at localhost/11928] INFO  server.RaftServer (RaftServerProxy.java:addNew(95)) - omNode-1: addNew group-523986131536:[omNode-3|rpc:localhost:11932|priority:0, omNode-1|rpc:localhost:11920|priority:0, omNode-2|rpc:localhost:11926|priority:0] returns group-523986131536:java.util.concurrent.CompletableFuture@4d5c673a[Not completed]
2021-10-31 01:08:05,372 [Listener at localhost/11928] INFO  om.OzoneManager (OzoneManager.java:initializeRatisServer(1618)) - OzoneManager Ratis server initialized at port 11920
2021-10-31 01:08:05,372 [Listener at localhost/11928] INFO  ratis.OzoneManagerRatisServer (OzoneManagerRatisServer.java:start(522)) - Starting OzoneManagerRatisServer omNode-1 at port 11920
2021-10-31 01:08:05,372 [pool-371-thread-1] INFO  server.RaftServer$Division (RaftServerImpl.java:<init>(184)) - omNode-1: new RaftServerImpl for group-523986131536:[omNode-3|rpc:localhost:11932|priority:0, omNode-1|rpc:localhost:11920|priority:0, omNode-2|rpc:localhost:11926|priority:0] with OzoneManagerStateMachine:uninitialized
2021-10-31 01:08:05,373 [pool-371-thread-1] INFO  server.RaftServerConfigKeys (ConfUtils.java:logGet(44)) - raft.server.rpc.timeout.min = 1s (custom)
2021-10-31 01:08:05,373 [pool-371-thread-1] INFO  server.RaftServerConfigKeys (ConfUtils.java:logGet(44)) - raft.server.rpc.timeout.max = 1200ms (custom)
2021-10-31 01:08:05,373 [omNode-2@group-523986131536-LeaderElection24] INFO  impl.LeaderElection (LeaderElection.java:askForVotes(306)) - omNode-2@group-523986131536-LeaderElection24 ELECTION round 0: submit vote requests at term 11 for 22: [omNode-3|rpc:localhost:11932|admin:|client:|dataStream:|priority:0, omNode-1|rpc:localhost:11920|admin:|client:|dataStream:|priority:0, omNode-2|rpc:localhost:11926|admin:|client:|dataStream:|priority:0], old=null
2021-10-31 01:08:05,373 [pool-371-thread-1] INFO  server.RaftServerConfigKeys (ConfUtils.java:logGet(44)) - raft.server.rpc.sleep.time = 25ms (default)
2021-10-31 01:08:05,374 [pool-371-thread-1] INFO  server.RaftServerConfigKeys (ConfUtils.java:logGet(44)) - raft.server.rpc.slowness.timeout = 2s (custom)
2021-10-31 01:08:05,374 [pool-371-thread-1] INFO  server.RaftServerConfigKeys (ConfUtils.java:logGet(44)) - raft.server.leaderelection.leader.step-down.wait-time = 10s (default)
2021-10-31 01:08:05,374 [pool-371-thread-1] INFO  server.RaftServerConfigKeys (ConfUtils.java:logGet(44)) - raft.server.sleep.deviation.threshold = 300ms (default)
2021-10-31 01:08:05,374 [pool-371-thread-1] INFO  server.RaftServerConfigKeys (ConfUtils.java:logGet(44)) - raft.server.log.appender.install.snapshot.enabled = false (custom)
2021-10-31 01:08:05,374 [pool-371-thread-1] INFO  server.RaftServer$Division (ServerState.java:<init>(105)) - omNode-1@group-523986131536: ConfigurationManager, init=-1: [omNode-3|rpc:localhost:11932|priority:0, omNode-1|rpc:localhost:11920|priority:0, omNode-2|rpc:localhost:11926|priority:0], old=null, confs=<EMPTY_MAP>
2021-10-31 01:08:05,374 [pool-371-thread-1] INFO  server.RaftServerConfigKeys (ConfUtils.java:logGet(44)) - raft.server.storage.dir = [/home/runner/work/ozone/ozone/hadoop-ozone/integration-test/target/test-dir/MiniOzoneClusterImpl-b8864bcf-37cc-42b5-82cc-559abfd78a8f/omNode-1/ratis] (custom)
2021-10-31 01:08:05,374 [pool-371-thread-1] INFO  server.RaftServerConfigKeys (ConfUtils.java:logGet(44)) - raft.server.log.corruption.policy = EXCEPTION (default)
2021-10-31 01:08:05,374 [pool-371-thread-1] INFO  server.RaftServerConfigKeys (ConfUtils.java:logGet(44)) - raft.server.storage.free-space.min = 0MB (=0) (default)
2021-10-31 01:08:05,376 [pool-371-thread-1] INFO  storage.RaftStorageDirectory (RaftStorageDirectoryImpl.java:tryLock(230)) - Lock on /home/runner/work/ozone/ozone/hadoop-ozone/integration-test/target/test-dir/MiniOzoneClusterImpl-b8864bcf-37cc-42b5-82cc-559abfd78a8f/omNode-1/ratis/c9bc4cf4-3bc3-3c60-a66b-523986131536/in_use.lock acquired by nodename 14068@fv-az50-512
2021-10-31 01:08:05,376 [pool-371-thread-1] INFO  storage.RaftStorage (RaftStorageImpl.java:analyzeAndRecoverStorage(110)) - Read RaftStorageMetadata{term=10, votedFor=omNode-1} from /home/runner/work/ozone/ozone/hadoop-ozone/integration-test/target/test-dir/MiniOzoneClusterImpl-b8864bcf-37cc-42b5-82cc-559abfd78a8f/omNode-1/ratis/c9bc4cf4-3bc3-3c60-a66b-523986131536/current/raft-meta
2021-10-31 01:08:05,376 [pool-371-thread-1] INFO  server.RaftServer$Division (ServerState.java:setRaftConf(387)) - omNode-1@group-523986131536: set configuration 22: [omNode-3|rpc:localhost:11932|admin:|client:|dataStream:|priority:0, omNode-1|rpc:localhost:11920|admin:|client:|dataStream:|priority:0, omNode-2|rpc:localhost:11926|admin:|client:|dataStream:|priority:0], old=null
2021-10-31 01:08:05,376 [pool-371-thread-1] INFO  server.RaftServerConfigKeys (ConfUtils.java:logGet(44)) - raft.server.notification.no-leader.timeout = 2s (custom)
2021-10-31 01:08:05,376 [pool-371-thread-1] INFO  server.RaftServerConfigKeys (ConfUtils.java:logGet(44)) - raft.server.log.use.memory = false (default)
2021-10-31 01:08:05,376 [pool-371-thread-1] INFO  server.RaftServerConfigKeys (ConfUtils.java:logGet(44)) - raft.server.log.purge.gap = 50 (custom)
2021-10-31 01:08:05,376 [pool-371-thread-1] INFO  server.RaftServerConfigKeys (ConfUtils.java:logGet(44)) - raft.server.log.appender.buffer.byte-limit = 33554432 (custom)
2021-10-31 01:08:05,377 [pool-371-thread-1] INFO  server.RaftServerConfigKeys (ConfUtils.java:logGet(44)) - raft.server.log.segment.size.max = 4194304 (custom)
2021-10-31 01:08:05,377 [pool-371-thread-1] INFO  server.RaftServerConfigKeys (ConfUtils.java:logGet(44)) - raft.server.log.segment.cache.num.max = 2 (custom)
2021-10-31 01:08:05,377 [pool-371-thread-1] INFO  server.RaftServerConfigKeys (ConfUtils.java:logGet(44)) - raft.server.log.segment.cache.size.max = 200MB (=209715200) (default)
2021-10-31 01:08:05,377 [pool-371-thread-1] INFO  segmented.SegmentedRaftLogWorker (SegmentedRaftLogWorker.java:<init>(182)) - new omNode-1@group-523986131536-SegmentedRaftLogWorker for RaftStorageImpl:Storage Directory /home/runner/work/ozone/ozone/hadoop-ozone/integration-test/target/test-dir/MiniOzoneClusterImpl-b8864bcf-37cc-42b5-82cc-559abfd78a8f/omNode-1/ratis/c9bc4cf4-3bc3-3c60-a66b-523986131536
2021-10-31 01:08:05,377 [pool-371-thread-1] INFO  server.RaftServerConfigKeys (ConfUtils.java:logGet(44)) - raft.server.log.queue.byte-limit = 64MB (=67108864) (default)
2021-10-31 01:08:05,377 [pool-371-thread-1] INFO  server.RaftServerConfigKeys (ConfUtils.java:logGet(44)) - raft.server.log.queue.element-limit = 4096 (default)
2021-10-31 01:08:05,378 [pool-371-thread-1] INFO  server.RaftServerConfigKeys (ConfUtils.java:logGet(44)) - raft.server.log.segment.size.max = 4194304 (custom)
2021-10-31 01:08:05,378 [pool-371-thread-1] INFO  server.RaftServerConfigKeys (ConfUtils.java:logGet(44)) - raft.server.log.preallocated.size = 4194304 (custom)
2021-10-31 01:08:05,378 [pool-371-thread-1] INFO  server.RaftServerConfigKeys (ConfUtils.java:logGet(44)) - raft.server.log.force.sync.num = 128 (default)
2021-10-31 01:08:05,378 [pool-371-thread-1] INFO  server.RaftServerConfigKeys (ConfUtils.java:logGet(44)) - raft.server.log.statemachine.data.sync = true (default)
2021-10-31 01:08:05,378 [pool-371-thread-1] INFO  server.RaftServerConfigKeys (ConfUtils.java:logGet(44)) - raft.server.log.statemachine.data.sync.timeout = 10s (default)
2021-10-31 01:08:05,378 [pool-371-thread-1] INFO  server.RaftServerConfigKeys (ConfUtils.java:logGet(44)) - raft.server.log.statemachine.data.sync.timeout.retry = -1 (default)
2021-10-31 01:08:05,385 [grpc-default-executor-9] INFO  server.RaftServer$Division (RaftServerImpl.java:requestVote(1046)) - omNode-3@group-523986131536: receive requestVote(ELECTION, omNode-2, group-523986131536, 11, (t:7, i:22))
2021-10-31 01:08:05,385 [grpc-default-executor-9] INFO  impl.VoteContext (VoteContext.java:log(48)) - omNode-3@group-523986131536-FOLLOWER: accept ELECTION from omNode-2: our last entry (t:5, i:21) < candidate's last entry (t:7, i:22)
2021-10-31 01:08:05,385 [grpc-default-executor-9] INFO  server.RaftServer$Division (RaftServerImpl.java:setRole(290)) - omNode-3@group-523986131536: changes role from  FOLLOWER to FOLLOWER at term 11 for candidate:omNode-2
2021-10-31 01:08:05,385 [grpc-default-executor-9] INFO  impl.RoleInfo (RoleInfo.java:shutdownFollowerState(108)) - omNode-3: shutdown omNode-3@group-523986131536-FollowerState
2021-10-31 01:08:05,385 [grpc-default-executor-9] INFO  impl.RoleInfo (RoleInfo.java:updateAndGet(130)) - omNode-3: start omNode-3@group-523986131536-FollowerState
2021-10-31 01:08:05,385 [omNode-3@group-523986131536-FollowerState] INFO  impl.FollowerState (FollowerState.java:run(143)) - omNode-3@group-523986131536-FollowerState was interrupted: {}
java.lang.InterruptedException: sleep interrupted
	at java.lang.Thread.sleep(Native Method)
	at java.lang.Thread.sleep(Thread.java:340)
	at java.util.concurrent.TimeUnit.sleep(TimeUnit.java:386)
	at org.apache.ratis.util.TimeDuration.sleep(TimeDuration.java:324)
	at org.apache.ratis.util.TimeDuration.sleep(TimeDuration.java:309)
	at org.apache.ratis.server.impl.FollowerState.run(FollowerState.java:118)
2021-10-31 01:08:05,386 [pool-371-thread-1] INFO  server.RaftServerConfigKeys (ConfUtils.java:logGet(44)) - raft.server.log.write.buffer.size = 64KB (=65536) (default)
2021-10-31 01:08:05,386 [pool-371-thread-1] INFO  server.RaftServerConfigKeys (ConfUtils.java:logGet(44)) - raft.server.log.statemachine.data.caching.enabled = false (default)
2021-10-31 01:08:05,386 [pool-371-thread-1] INFO  segmented.SegmentedRaftLogWorker (SegmentedRaftLogWorker.java:lambda$new$0(133)) - omNode-1@group-523986131536-SegmentedRaftLogWorker: flushIndex: setUnconditionally 0 -> 11
2021-10-31 01:08:05,386 [pool-371-thread-1] INFO  segmented.SegmentedRaftLogWorker (SegmentedRaftLogWorker.java:lambda$new$0(133)) - omNode-1@group-523986131536-SegmentedRaftLogWorker: safeCacheEvictIndex: setUnconditionally 0 -> -1
2021-10-31 01:08:05,388 [grpc-default-executor-9] INFO  server.RaftServer$Division (RaftServerImpl.java:requestVote(1078)) - omNode-3@group-523986131536 replies to ELECTION vote request: omNode-2<-omNode-3#0:OK-t11. Peer's state: omNode-3@group-523986131536:t11, leader=null, voted=omNode-2, raftlog=omNode-3@group-523986131536-SegmentedRaftLog:OPENED:c21, conf=18: [omNode-3|rpc:localhost:11932|admin:|client:|dataStream:|priority:0, omNode-1|rpc:localhost:11920|admin:|client:|dataStream:|priority:0, omNode-2|rpc:localhost:11926|admin:|client:|dataStream:|priority:0], old=null
2021-10-31 01:08:05,395 [pool-371-thread-1] INFO  server.RaftServerConfigKeys (ConfUtils.java:logGet(44)) - raft.server.snapshot.auto.trigger.enabled = true (custom)
2021-10-31 01:08:05,395 [pool-371-thread-1] INFO  server.RaftServerConfigKeys (ConfUtils.java:logGet(44)) - raft.server.snapshot.auto.trigger.threshold = 50 (custom)
2021-10-31 01:08:05,395 [pool-371-thread-1] INFO  server.RaftServerConfigKeys (ConfUtils.java:logGet(44)) - raft.server.snapshot.retention.file.num = -1 (default)
2021-10-31 01:08:05,395 [pool-371-thread-1] INFO  server.RaftServerConfigKeys (ConfUtils.java:logGet(44)) - raft.server.log.purge.upto.snapshot.index = true (custom)
2021-10-31 01:08:05,395 [pool-371-thread-1] INFO  server.RaftServerConfigKeys (ConfUtils.java:logGet(44)) - raft.server.retrycache.expirytime = 30000ms (custom)
2021-10-31 01:08:05,395 [pool-371-thread-1] INFO  server.RaftServerConfigKeys (ConfUtils.java:logGet(44)) - raft.server.retrycache.statistics.expirytime = 100μs (default)
2021-10-31 01:08:05,396 [Listener at localhost/11928] INFO  server.RaftServer$Division (RaftServerImpl.java:start(301)) - omNode-1@group-523986131536: start as a follower, conf=22: [omNode-3|rpc:localhost:11932|admin:|client:|dataStream:|priority:0, omNode-1|rpc:localhost:11920|admin:|client:|dataStream:|priority:0, omNode-2|rpc:localhost:11926|admin:|client:|dataStream:|priority:0], old=null
2021-10-31 01:08:05,397 [Listener at localhost/11928] INFO  server.RaftServer$Division (RaftServerImpl.java:setRole(290)) - omNode-1@group-523986131536: changes role from      null to FOLLOWER at term 10 for startAsFollower
2021-10-31 01:08:05,397 [Listener at localhost/11928] INFO  impl.RoleInfo (RoleInfo.java:updateAndGet(130)) - omNode-1: start omNode-1@group-523986131536-FollowerState
2021-10-31 01:08:05,401 [Listener at localhost/11928] INFO  util.JmxRegister (JmxRegister.java:tryRegister(44)) - Successfully registered JMX Bean with object name Ratis:service=RaftServer,group=group-523986131536,id=omNode-1
2021-10-31 01:08:05,401 [omNode-2@group-523986131536-LeaderElection24] INFO  impl.LeaderElection (LeaderElection.java:logAndReturn(89)) - omNode-2@group-523986131536-LeaderElection24: ELECTION PASSED received 1 response(s) and 0 exception(s):
2021-10-31 01:08:05,401 [omNode-2@group-523986131536-LeaderElection24] INFO  impl.LeaderElection (LeaderElection.java:logAndReturn(93)) -   Response 0: omNode-2<-omNode-3#0:OK-t11
2021-10-31 01:08:05,401 [omNode-2@group-523986131536-LeaderElection24] INFO  impl.LeaderElection (LeaderElection.java:askForVotes(308)) - omNode-2@group-523986131536-LeaderElection24 ELECTION round 0: result PASSED
2021-10-31 01:08:05,402 [omNode-2@group-523986131536-LeaderElection24] INFO  impl.RoleInfo (RoleInfo.java:shutdownLeaderElection(121)) - omNode-2: shutdown omNode-2@group-523986131536-LeaderElection24
2021-10-31 01:08:05,402 [omNode-2@group-523986131536-LeaderElection24] INFO  server.RaftServer$Division (RaftServerImpl.java:setRole(290)) - omNode-2@group-523986131536: changes role from CANDIDATE to LEADER at term 11 for changeToLeader
2021-10-31 01:08:05,402 [omNode-2@group-523986131536-LeaderElection24] INFO  server.RaftServer$Division (ServerState.java:setLeader(285)) - omNode-2@group-523986131536: change Leader from null to omNode-2 at term 11 for becomeLeader, leader elected after 4395ms
2021-10-31 01:08:05,402 [omNode-2@group-523986131536-LeaderElection24] INFO  server.RaftServerConfigKeys (ConfUtils.java:logGet(44)) - raft.server.staging.catchup.gap = 1000 (default)
2021-10-31 01:08:05,402 [omNode-2@group-523986131536-LeaderElection24] INFO  server.RaftServerConfigKeys (ConfUtils.java:logGet(44)) - raft.server.write.element-limit = 4096 (default)
2021-10-31 01:08:05,402 [omNode-2@group-523986131536-LeaderElection24] INFO  server.RaftServerConfigKeys (ConfUtils.java:logGet(44)) - raft.server.write.byte-limit = 64MB (=67108864) (default)
2021-10-31 01:08:05,402 [omNode-2@group-523986131536-LeaderElection24] INFO  server.RaftServerConfigKeys (ConfUtils.java:logGet(44)) - raft.server.watch.timeout = 10s (default)
2021-10-31 01:08:05,402 [omNode-2@group-523986131536-LeaderElection24] INFO  server.RaftServerConfigKeys (ConfUtils.java:logGet(44)) - raft.server.watch.timeout.denomination = 1s (default)
2021-10-31 01:08:05,402 [omNode-2@group-523986131536-LeaderElection24] INFO  server.RaftServerConfigKeys (ConfUtils.java:logGet(44)) - raft.server.watch.element-limit = 65536 (default)
2021-10-31 01:08:05,403 [omNode-2@group-523986131536-LeaderElection24] INFO  server.RaftServerConfigKeys (ConfUtils.java:logGet(44)) - raft.server.write.element-limit = 4096 (default)
2021-10-31 01:08:05,403 [omNode-2@group-523986131536-LeaderElection24] INFO  server.RaftServerConfigKeys (ConfUtils.java:logGet(44)) - raft.server.write.follower.gap.ratio.max = -1.0 (default)
2021-10-31 01:08:05,403 [omNode-2@group-523986131536-LeaderElection24] INFO  server.RaftServerConfigKeys (ConfUtils.java:logGet(44)) - raft.server.log.appender.snapshot.chunk.size.max = 16MB (=16777216) (default)
2021-10-31 01:08:05,403 [omNode-2@group-523986131536-LeaderElection24] INFO  server.RaftServerConfigKeys (ConfUtils.java:logGet(44)) - raft.server.log.appender.buffer.byte-limit = 33554432 (custom)
2021-10-31 01:08:05,403 [omNode-2@group-523986131536-LeaderElection24] INFO  server.RaftServerConfigKeys (ConfUtils.java:logGet(44)) - raft.server.log.appender.buffer.element-limit = 1024 (custom)
2021-10-31 01:08:05,405 [Listener at localhost/11928] INFO  server.RaftServer (RaftServerProxy.java:lambda$start$5(374)) - omNode-1: start RPC server
2021-10-31 01:08:05,405 [omNode-2@group-523986131536-LeaderElection24] INFO  grpc.GrpcConfigKeys (ConfUtils.java:logGet(44)) - raft.grpc.server.leader.outstanding.appends.max = 128 (default)
2021-10-31 01:08:05,405 [omNode-2@group-523986131536-LeaderElection24] INFO  server.RaftServerConfigKeys (ConfUtils.java:logGet(44)) - raft.server.rpc.request.timeout = 3000ms (default)
2021-10-31 01:08:05,405 [Listener at localhost/11928] INFO  server.GrpcService (GrpcService.java:startImpl(253)) - omNode-1: GrpcService started, listening on 11920
2021-10-31 01:08:05,406 [omNode-2@group-523986131536-LeaderElection24] INFO  server.RaftServerConfigKeys (ConfUtils.java:logGet(44)) - raft.server.log.appender.install.snapshot.enabled = false (custom)
2021-10-31 01:08:05,410 [omNode-2@group-523986131536-LeaderElection24] INFO  server.RaftServerConfigKeys (ConfUtils.java:logGet(44)) - raft.server.log.appender.snapshot.chunk.size.max = 16MB (=16777216) (default)
2021-10-31 01:08:05,410 [omNode-2@group-523986131536-LeaderElection24] INFO  server.RaftServerConfigKeys (ConfUtils.java:logGet(44)) - raft.server.log.appender.buffer.byte-limit = 33554432 (custom)
2021-10-31 01:08:05,410 [omNode-2@group-523986131536-LeaderElection24] INFO  server.RaftServerConfigKeys (ConfUtils.java:logGet(44)) - raft.server.log.appender.buffer.element-limit = 1024 (custom)
2021-10-31 01:08:05,410 [omNode-2@group-523986131536-LeaderElection24] INFO  grpc.GrpcConfigKeys (ConfUtils.java:logGet(44)) - raft.grpc.server.leader.outstanding.appends.max = 128 (default)
2021-10-31 01:08:05,410 [omNode-2@group-523986131536-LeaderElection24] INFO  server.RaftServerConfigKeys (ConfUtils.java:logGet(44)) - raft.server.rpc.request.timeout = 3000ms (default)
2021-10-31 01:08:05,410 [omNode-2@group-523986131536-LeaderElection24] INFO  server.RaftServerConfigKeys (ConfUtils.java:logGet(44)) - raft.server.log.appender.install.snapshot.enabled = false (custom)
2021-10-31 01:08:05,410 [Listener at localhost/11928] INFO  ipc.CallQueueManager (CallQueueManager.java:<init>(90)) - Using callQueue: class java.util.concurrent.LinkedBlockingQueue, queueCapacity: 2000, scheduler: class org.apache.hadoop.ipc.DefaultRpcScheduler, ipcBackoff: false.
2021-10-31 01:08:05,410 [org.apache.ratis.util.JvmPauseMonitor$$Lambda$523/2066045717@46e8d502] INFO  util.JvmPauseMonitor (JvmPauseMonitor.java:run(103)) - JvmPauseMonitor-omNode-1: Started
2021-10-31 01:08:05,411 [omNode-2@group-523986131536-LeaderElection24] INFO  impl.RoleInfo (RoleInfo.java:updateAndGet(130)) - omNode-2: start omNode-2@group-523986131536-LeaderStateImpl
2021-10-31 01:08:05,411 [omNode-2@group-523986131536-LeaderElection24] INFO  segmented.SegmentedRaftLogWorker (SegmentedRaftLogWorker.java:rollLogSegment(399)) - omNode-2@group-523986131536-SegmentedRaftLogWorker: Rolling segment log-22_22 to index:22
2021-10-31 01:08:05,412 [omNode-2@group-523986131536-SegmentedRaftLogWorker] INFO  segmented.SegmentedRaftLogWorker (SegmentedRaftLogWorker.java:execute(558)) - omNode-2@group-523986131536-SegmentedRaftLogWorker: Rolled log segment from /home/runner/work/ozone/ozone/hadoop-ozone/integration-test/target/test-dir/MiniOzoneClusterImpl-b8864bcf-37cc-42b5-82cc-559abfd78a8f/omNode-2/ratis/c9bc4cf4-3bc3-3c60-a66b-523986131536/current/log_inprogress_22 to /home/runner/work/ozone/ozone/hadoop-ozone/integration-test/target/test-dir/MiniOzoneClusterImpl-b8864bcf-37cc-42b5-82cc-559abfd78a8f/omNode-2/ratis/c9bc4cf4-3bc3-3c60-a66b-523986131536/current/log_22-22
2021-10-31 01:08:05,416 [Socket Reader #1 for port 11916] INFO  ipc.Server (Server.java:run(1265)) - Starting Socket Reader #1 for port 11916
2021-10-31 01:08:05,428 [grpc-default-executor-10] INFO  server.RaftServer$Division (ServerState.java:setLeader(285)) - omNode-3@group-523986131536: change Leader from null to omNode-2 at term 11 for appendEntries, leader elected after 199ms
2021-10-31 01:08:05,429 [grpc-default-executor-10] INFO  server.RaftServer$Division (RaftServerImpl.java:checkInconsistentAppendEntries(1322)) - omNode-3@group-523986131536: Failed appendEntries as previous log entry ((t:7, i:22)) is not found
2021-10-31 01:08:05,429 [grpc-default-executor-10] INFO  server.RaftServer$Division (RaftServerImpl.java:checkInconsistentAppendEntries(1288)) - omNode-3@group-523986131536: inconsistency entries. Reply:omNode-2<-omNode-3#0:FAIL-t11,INCONSISTENCY,nextIndex=22,followerCommit=21
2021-10-31 01:08:05,432 [omNode-2@group-523986131536-SegmentedRaftLogWorker] INFO  segmented.SegmentedRaftLogWorker (SegmentedRaftLogWorker.java:execute(601)) - omNode-2@group-523986131536-SegmentedRaftLogWorker: created new log segment /home/runner/work/ozone/ozone/hadoop-ozone/integration-test/target/test-dir/MiniOzoneClusterImpl-b8864bcf-37cc-42b5-82cc-559abfd78a8f/omNode-2/ratis/c9bc4cf4-3bc3-3c60-a66b-523986131536/current/log_inprogress_23
2021-10-31 01:08:05,432 [omNode-2@group-523986131536-LeaderElection24] INFO  server.RaftServer$Division (ServerState.java:setRaftConf(387)) - omNode-2@group-523986131536: set configuration 23: [omNode-3|rpc:localhost:11932|admin:|client:|dataStream:|priority:0, omNode-1|rpc:localhost:11920|admin:|client:|dataStream:|priority:0, omNode-2|rpc:localhost:11926|admin:|client:|dataStream:|priority:0], old=null
2021-10-31 01:08:05,434 [Listener at localhost/11916] INFO  http.BaseHttpServer (BaseHttpServer.java:newHttpServer2BuilderForOzone(209)) - Starting Web-server for ozoneManager at: http://0.0.0.0:11918
2021-10-31 01:08:05,434 [Listener at localhost/11916] INFO  http.BaseHttpServer (BaseHttpServer.java:<init>(107)) - Hadoop Security Enabled: false Ozone Security Enabled: false Ozone HTTP Security Enabled: false 
2021-10-31 01:08:05,435 [Listener at localhost/11916] INFO  server.AuthenticationFilter (AuthenticationFilter.java:constructSecretProvider(240)) - Unable to initialize FileSignerSecretProvider, falling back to use random secrets.
2021-10-31 01:08:05,435 [grpc-default-executor-9] WARN  server.GrpcLogAppender (LogUtils.java:warn(122)) - omNode-2@group-523986131536->omNode-1-AppendLogResponseHandler: Failed appendEntries: org.apache.ratis.thirdparty.io.grpc.StatusRuntimeException: UNAVAILABLE: io exception
2021-10-31 01:08:05,436 [grpc-default-executor-9] WARN  server.GrpcLogAppender (GrpcLogAppender.java:resetClient(110)) - omNode-2@group-523986131536->omNode-1-GrpcLogAppender: Leader has not got in touch with Follower omNode-2@group-523986131536->omNode-1(c-1,m0,n23, attendVote=true, lastRpcSendTime=1233, lastRpcResponseTime=1233) yet, just keep nextIndex unchanged and retry.
2021-10-31 01:08:05,436 [Listener at localhost/11916] WARN  http.HttpRequestLog (HttpRequestLog.java:getRequestLog(103)) - Jetty request log can only be enabled using Log4j
2021-10-31 01:08:05,441 [grpc-default-executor-10] INFO  server.RaftServer$Division (RaftServerImpl.java:checkInconsistentAppendEntries(1322)) - omNode-3@group-523986131536: Failed appendEntries as previous log entry ((t:7, i:22)) is not found
2021-10-31 01:08:05,441 [grpc-default-executor-10] INFO  server.RaftServer$Division (RaftServerImpl.java:checkInconsistentAppendEntries(1288)) - omNode-3@group-523986131536: inconsistency entries. Reply:omNode-2<-omNode-3#1:FAIL-t11,INCONSISTENCY,nextIndex=22,followerCommit=21
2021-10-31 01:08:05,441 [grpc-default-executor-8] INFO  leader.FollowerInfo (FollowerInfoImpl.java:lambda$new$0(47)) - omNode-2@group-523986131536->omNode-3: nextIndex: updateUnconditionally 24 -> 22
2021-10-31 01:08:05,442 [Listener at localhost/11916] INFO  http.HttpServer2 (HttpServer2.java:addGlobalFilter(1030)) - Added global filter 'safety' (class=org.apache.hadoop.hdds.server.http.HttpServer2$QuotingInputFilter)
2021-10-31 01:08:05,442 [Listener at localhost/11916] INFO  http.HttpServer2 (HttpServer2.java:addFilter(1006)) - Added filter static_user_filter (class=org.apache.hadoop.http.lib.StaticUserWebFilter$StaticUserFilter) to context ozoneManager
2021-10-31 01:08:05,442 [Listener at localhost/11916] INFO  http.HttpServer2 (HttpServer2.java:addFilter(1014)) - Added filter static_user_filter (class=org.apache.hadoop.http.lib.StaticUserWebFilter$StaticUserFilter) to context static
2021-10-31 01:08:05,442 [Listener at localhost/11916] INFO  http.HttpServer2 (HttpServer2.java:addFilter(1014)) - Added filter static_user_filter (class=org.apache.hadoop.http.lib.StaticUserWebFilter$StaticUserFilter) to context logs
2021-10-31 01:08:05,443 [grpc-default-executor-8] INFO  leader.FollowerInfo (FollowerInfoImpl.java:lambda$new$0(47)) - omNode-2@group-523986131536->omNode-3: nextIndex: updateUnconditionally 24 -> 22
2021-10-31 01:08:05,443 [Listener at localhost/11916] INFO  http.HttpServer2 (HttpServer2.java:bindListener(1249)) - Jetty bound to port 11918
2021-10-31 01:08:05,443 [Listener at localhost/11916] INFO  server.Server (Server.java:doStart(375)) - jetty-9.4.43.v20210629; built: 2021-06-30T11:07:22.254Z; git: 526006ecfa3af7f1a27ef3a288e2bef7ea9dd7e8; jvm 1.8.0_292-b10
2021-10-31 01:08:05,449 [grpc-default-executor-8] INFO  server.RaftServer$Division (ServerState.java:setRaftConf(387)) - omNode-3@group-523986131536: set configuration 22: [omNode-3|rpc:localhost:11932|admin:|client:|dataStream:|priority:0, omNode-1|rpc:localhost:11920|admin:|client:|dataStream:|priority:0, omNode-2|rpc:localhost:11926|admin:|client:|dataStream:|priority:0], old=null
2021-10-31 01:08:05,449 [grpc-default-executor-8] INFO  server.RaftServer$Division (ServerState.java:setRaftConf(387)) - omNode-3@group-523986131536: set configuration 23: [omNode-3|rpc:localhost:11932|admin:|client:|dataStream:|priority:0, omNode-1|rpc:localhost:11920|admin:|client:|dataStream:|priority:0, omNode-2|rpc:localhost:11926|admin:|client:|dataStream:|priority:0], old=null
2021-10-31 01:08:05,449 [grpc-default-executor-8] INFO  segmented.SegmentedRaftLogWorker (SegmentedRaftLogWorker.java:rollLogSegment(399)) - omNode-3@group-523986131536-SegmentedRaftLogWorker: Rolling segment log-18_21 to index:21
2021-10-31 01:08:05,449 [grpc-default-executor-8] INFO  segmented.SegmentedRaftLogWorker (SegmentedRaftLogWorker.java:rollLogSegment(399)) - omNode-3@group-523986131536-SegmentedRaftLogWorker: Rolling segment log-22_22 to index:22
2021-10-31 01:08:05,450 [omNode-3@group-523986131536-SegmentedRaftLogWorker] INFO  segmented.SegmentedRaftLogWorker (SegmentedRaftLogWorker.java:execute(558)) - omNode-3@group-523986131536-SegmentedRaftLogWorker: Rolled log segment from /home/runner/work/ozone/ozone/hadoop-ozone/integration-test/target/test-dir/MiniOzoneClusterImpl-b8864bcf-37cc-42b5-82cc-559abfd78a8f/omNode-3/ratis/c9bc4cf4-3bc3-3c60-a66b-523986131536/current/log_inprogress_18 to /home/runner/work/ozone/ozone/hadoop-ozone/integration-test/target/test-dir/MiniOzoneClusterImpl-b8864bcf-37cc-42b5-82cc-559abfd78a8f/omNode-3/ratis/c9bc4cf4-3bc3-3c60-a66b-523986131536/current/log_18-21
2021-10-31 01:08:05,450 [grpc-default-executor-8] INFO  server.RaftServer$Division (ServerState.java:setRaftConf(387)) - omNode-3@group-523986131536: set configuration 22: [omNode-3|rpc:localhost:11932|admin:|client:|dataStream:|priority:0, omNode-1|rpc:localhost:11920|admin:|client:|dataStream:|priority:0, omNode-2|rpc:localhost:11926|admin:|client:|dataStream:|priority:0], old=null
2021-10-31 01:08:05,450 [grpc-default-executor-8] INFO  server.RaftServer$Division (ServerState.java:setRaftConf(387)) - omNode-3@group-523986131536: set configuration 23: [omNode-3|rpc:localhost:11932|admin:|client:|dataStream:|priority:0, omNode-1|rpc:localhost:11920|admin:|client:|dataStream:|priority:0, omNode-2|rpc:localhost:11926|admin:|client:|dataStream:|priority:0], old=null
2021-10-31 01:08:05,450 [grpc-default-executor-10] INFO  server.RaftServer$Division (ServerState.java:setLeader(285)) - omNode-1@group-523986131536: change Leader from null to omNode-2 at term 11 for appendEntries, leader elected after 73ms
2021-10-31 01:08:05,454 [grpc-default-executor-10] INFO  server.RaftServer$Division (RaftServerImpl.java:checkInconsistentAppendEntries(1322)) - omNode-1@group-523986131536: Failed appendEntries as previous log entry ((t:7, i:22)) is not found
2021-10-31 01:08:05,454 [grpc-default-executor-10] INFO  server.RaftServer$Division (RaftServerImpl.java:checkInconsistentAppendEntries(1288)) - omNode-1@group-523986131536: inconsistency entries. Reply:omNode-2<-omNode-1#1:FAIL-t10,INCONSISTENCY,nextIndex=12,followerCommit=11
2021-10-31 01:08:05,454 [Listener at localhost/11916] INFO  server.session (DefaultSessionIdManager.java:doStart(334)) - DefaultSessionIdManager workerName=node0
2021-10-31 01:08:05,454 [Listener at localhost/11916] INFO  server.session (DefaultSessionIdManager.java:doStart(339)) - No SessionScavenger set, using defaults
2021-10-31 01:08:05,454 [Listener at localhost/11916] INFO  server.session (HouseKeeper.java:startScavenging(132)) - node0 Scavenging every 660000ms
2021-10-31 01:08:05,455 [grpc-default-executor-10] INFO  leader.FollowerInfo (FollowerInfoImpl.java:lambda$new$0(47)) - omNode-2@group-523986131536->omNode-1: nextIndex: updateUnconditionally 24 -> 12
2021-10-31 01:08:05,461 [omNode-2@group-523986131536->omNode-1-GrpcLogAppender-LogAppenderDaemon] ERROR leader.LogAppenderDaemon (LogAppenderDaemon.java:run(86)) - omNode-2@group-523986131536->omNode-1-GrpcLogAppender-LogAppenderDaemon failed
java.lang.NullPointerException: omNode-2@group-523986131536->omNode-1: Previous TermIndex not found for firstIndex = 12
	at java.util.Objects.requireNonNull(Objects.java:290)
	at org.apache.ratis.server.leader.LogAppenderBase.assertProtos(LogAppenderBase.java:169)
	at org.apache.ratis.server.leader.LogAppenderBase.newAppendEntriesRequest(LogAppenderBase.java:154)
	at org.apache.ratis.grpc.server.GrpcLogAppender.appendLog(GrpcLogAppender.java:213)
	at org.apache.ratis.grpc.server.GrpcLogAppender.run(GrpcLogAppender.java:147)
	at org.apache.ratis.server.leader.LogAppenderDaemon.run(LogAppenderDaemon.java:77)
	at java.lang.Thread.run(Thread.java:748)
2021-10-31 01:08:05,461 [omNode-2@group-523986131536->omNode-1-GrpcLogAppender-LogAppenderDaemon] INFO  server.RaftServer$Division (LeaderStateImpl.java:restart(514)) - omNode-2@group-523986131536-LeaderStateImpl: Restarting GrpcLogAppender for omNode-2@group-523986131536->omNode-1
2021-10-31 01:08:05,462 [omNode-2@group-523986131536->omNode-1-GrpcLogAppender-LogAppenderDaemon] INFO  server.RaftServerConfigKeys (ConfUtils.java:logGet(44)) - raft.server.log.appender.snapshot.chunk.size.max = 16MB (=16777216) (default)
2021-10-31 01:08:05,462 [omNode-2@group-523986131536->omNode-1-GrpcLogAppender-LogAppenderDaemon] INFO  server.RaftServerConfigKeys (ConfUtils.java:logGet(44)) - raft.server.log.appender.buffer.byte-limit = 33554432 (custom)
2021-10-31 01:08:05,462 [omNode-2@group-523986131536->omNode-1-GrpcLogAppender-LogAppenderDaemon] INFO  server.RaftServerConfigKeys (ConfUtils.java:logGet(44)) - raft.server.log.appender.buffer.element-limit = 1024 (custom)
2021-10-31 01:08:05,462 [omNode-2@group-523986131536->omNode-1-GrpcLogAppender-LogAppenderDaemon] INFO  grpc.GrpcConfigKeys (ConfUtils.java:logGet(44)) - raft.grpc.server.leader.outstanding.appends.max = 128 (default)
2021-10-31 01:08:05,462 [omNode-2@group-523986131536->omNode-1-GrpcLogAppender-LogAppenderDaemon] INFO  server.RaftServerConfigKeys (ConfUtils.java:logGet(44)) - raft.server.rpc.request.timeout = 3000ms (default)
2021-10-31 01:08:05,462 [omNode-2@group-523986131536->omNode-1-GrpcLogAppender-LogAppenderDaemon] INFO  server.RaftServerConfigKeys (ConfUtils.java:logGet(44)) - raft.server.log.appender.install.snapshot.enabled = false (custom)
2021-10-31 01:08:05,464 [omNode-3@group-523986131536-SegmentedRaftLogWorker] INFO  segmented.SegmentedRaftLogWorker (SegmentedRaftLogWorker.java:execute(601)) - omNode-3@group-523986131536-SegmentedRaftLogWorker: created new log segment /home/runner/work/ozone/ozone/hadoop-ozone/integration-test/target/test-dir/MiniOzoneClusterImpl-b8864bcf-37cc-42b5-82cc-559abfd78a8f/omNode-3/ratis/c9bc4cf4-3bc3-3c60-a66b-523986131536/current/log_inprogress_22
2021-10-31 01:08:05,464 [omNode-2@group-523986131536->omNode-1-GrpcLogAppender-LogAppenderDaemon] INFO  server.GrpcLogAppender (GrpcLogAppender.java:installSnapshot(550)) - omNode-2@group-523986131536->omNode-1-GrpcLogAppender: followerNextIndex = 0 but logStartIndex = 12, notify follower to install snapshot-(t:3, i:12)
2021-10-31 01:08:05,466 [omNode-3@group-523986131536-SegmentedRaftLogWorker] INFO  segmented.SegmentedRaftLogWorker (SegmentedRaftLogWorker.java:execute(558)) - omNode-3@group-523986131536-SegmentedRaftLogWorker: Rolled log segment from /home/runner/work/ozone/ozone/hadoop-ozone/integration-test/target/test-dir/MiniOzoneClusterImpl-b8864bcf-37cc-42b5-82cc-559abfd78a8f/omNode-3/ratis/c9bc4cf4-3bc3-3c60-a66b-523986131536/current/log_inprogress_22 to /home/runner/work/ozone/ozone/hadoop-ozone/integration-test/target/test-dir/MiniOzoneClusterImpl-b8864bcf-37cc-42b5-82cc-559abfd78a8f/omNode-3/ratis/c9bc4cf4-3bc3-3c60-a66b-523986131536/current/log_22-22
2021-10-31 01:08:05,465 [Listener at localhost/11916] INFO  handler.ContextHandler (ContextHandler.java:doStart(915)) - Started o.e.j.s.ServletContextHandler@59374271{logs,/logs,file:///home/runner/work/ozone/ozone/hadoop-ozone/integration-test/target/log,AVAILABLE}
2021-10-31 01:08:05,474 [Listener at localhost/11916] INFO  handler.ContextHandler (ContextHandler.java:doStart(915)) - Started o.e.j.s.ServletContextHandler@5dc3c8c2{static,/static,file:///home/runner/work/ozone/ozone/hadoop-ozone/integration-test/target/test-classes/webapps/static,AVAILABLE}
2021-10-31 01:08:05,475 [omNode-3@group-523986131536-SegmentedRaftLogWorker] INFO  segmented.SegmentedRaftLogWorker (SegmentedRaftLogWorker.java:execute(601)) - omNode-3@group-523986131536-SegmentedRaftLogWorker: created new log segment /home/runner/work/ozone/ozone/hadoop-ozone/integration-test/target/test-dir/MiniOzoneClusterImpl-b8864bcf-37cc-42b5-82cc-559abfd78a8f/omNode-3/ratis/c9bc4cf4-3bc3-3c60-a66b-523986131536/current/log_inprogress_23
2021-10-31 01:08:05,475 [omNode-2@group-523986131536->omNode-1-GrpcLogAppender-LogAppenderDaemon] INFO  server.GrpcLogAppender (GrpcLogAppender.java:installSnapshot(558)) - omNode-2@group-523986131536->omNode-1-GrpcLogAppender: send omNode-2->omNode-1#0-t11,notify:(t:3, i:12)
2021-10-31 01:08:05,477 [grpc-default-executor-8] INFO  server.RaftServer$Division (RaftServerImpl.java:installSnapshot(1332)) - omNode-1@group-523986131536: receive installSnapshot: omNode-2->omNode-1#0-t11,notify:(t:3, i:12)
2021-10-31 01:08:05,478 [grpc-default-executor-8] INFO  server.RaftServer$Division (RaftServerImpl.java:notifyStateMachineToInstallSnapshot(1551)) - omNode-1@group-523986131536: Received notification to install snapshot at index 12
2021-10-31 01:08:05,478 [grpc-default-executor-8] INFO  server.RaftServer$Division (RaftServerImpl.java:notifyStateMachineToInstallSnapshot(1559)) - omNode-1@group-523986131536: InstallSnapshot notification result: ALREADY_INSTALLED, current snapshot index: 11
2021-10-31 01:08:05,478 [grpc-default-executor-8] INFO  server.RaftServer$Division (RaftServerImpl.java:installSnapshotImpl(1462)) - omNode-1@group-523986131536: set new configuration index: 23
configurationEntry {
  peers {
    id: "omNode-3"
    address: "localhost:11932"
  }
  peers {
    id: "omNode-1"
    address: "localhost:11920"
  }
  peers {
    id: "omNode-2"
    address: "localhost:11926"
  }
}
 from snapshot
2021-10-31 01:08:05,478 [grpc-default-executor-8] INFO  server.RaftServer$Division (ServerState.java:setRaftConf(387)) - omNode-1@group-523986131536: set configuration 23: [omNode-3|rpc:localhost:11932|admin:|client:|dataStream:|priority:0, omNode-1|rpc:localhost:11920|admin:|client:|dataStream:|priority:0, omNode-2|rpc:localhost:11926|admin:|client:|dataStream:|priority:0], old=null
2021-10-31 01:08:05,479 [grpc-default-executor-8] INFO  ratis.OzoneManagerStateMachine (OzoneManagerStateMachine.java:notifyConfigurationChanged(188)) - Received Configuration change notification from Ratis. New Peer list:
[id: "omNode-3"
address: "localhost:11932"
, id: "omNode-1"
address: "localhost:11920"
, id: "omNode-2"
address: "localhost:11926"
]
2021-10-31 01:08:05,479 [grpc-default-executor-8] INFO  server.RaftServer$Division (RaftServerImpl.java:installSnapshot(1343)) - omNode-1@group-523986131536: reply installSnapshot: omNode-2<-omNode-1#0:FAIL-t11,ALREADY_INSTALLED,snapshotIndex=11
2021-10-31 01:08:05,479 [grpc-default-executor-8] INFO  server.GrpcServerProtocolService (GrpcServerProtocolService.java:onCompleted(140)) - omNode-1: Completed INSTALL_SNAPSHOT, lastRequest: omNode-2->omNode-1#0-t11,notify:(t:3, i:12)
2021-10-31 01:08:05,479 [grpc-default-executor-8] INFO  server.GrpcLogAppender (GrpcLogAppender.java:onNext(410)) - omNode-2@group-523986131536->omNode-1-InstallSnapshotResponseHandler: received the first reply omNode-2<-omNode-1#0:FAIL-t11,ALREADY_INSTALLED,snapshotIndex=11
2021-10-31 01:08:05,480 [grpc-default-executor-8] INFO  server.GrpcLogAppender (GrpcLogAppender.java:onNext(433)) - omNode-2@group-523986131536->omNode-1-InstallSnapshotResponseHandler: Follower snapshot is already at index 11.
2021-10-31 01:08:05,480 [grpc-default-executor-8] INFO  leader.FollowerInfo (FollowerInfoImpl.java:lambda$new$0(47)) - omNode-2@group-523986131536->omNode-1: snapshotIndex: setUnconditionally 0 -> 11
2021-10-31 01:08:05,480 [grpc-default-executor-8] INFO  leader.FollowerInfo (FollowerInfoImpl.java:lambda$new$0(47)) - omNode-2@group-523986131536->omNode-1: matchIndex: setUnconditionally 0 -> 11
2021-10-31 01:08:05,480 [grpc-default-executor-8] INFO  leader.FollowerInfo (FollowerInfoImpl.java:lambda$new$0(47)) - omNode-2@group-523986131536->omNode-1: nextIndex: setUnconditionally 0 -> 12
2021-10-31 01:08:05,480 [grpc-default-executor-8] INFO  leader.FollowerInfo (FollowerInfoImpl.java:setAttemptedToInstallSnapshot(116)) - Follower omNode-2@group-523986131536->omNode-1 acknowledged installing snapshot
2021-10-31 01:08:05,480 [grpc-default-executor-8] INFO  leader.FollowerInfo (FollowerInfoImpl.java:lambda$new$0(47)) - omNode-2@group-523986131536->omNode-1: nextIndex: updateToMax old=12, new=12, updated? false
2021-10-31 01:08:05,490 [Listener at localhost/11916] INFO  handler.ContextHandler (ContextHandler.java:doStart(915)) - Started o.e.j.w.WebAppContext@5f108829{ozoneManager,/,file:///home/runner/work/ozone/ozone/hadoop-ozone/integration-test/target/test-classes/webapps/ozoneManager/,AVAILABLE}{file:/home/runner/work/ozone/ozone/hadoop-ozone/integration-test/target/test-classes/webapps/ozoneManager}
2021-10-31 01:08:05,490 [omNode-2@group-523986131536-StateMachineUpdater] INFO  ratis.OzoneManagerStateMachine (OzoneManagerStateMachine.java:notifyConfigurationChanged(188)) - Received Configuration change notification from Ratis. New Peer list:
[id: "omNode-3"
address: "localhost:11932"
, id: "omNode-1"
address: "localhost:11920"
, id: "omNode-2"
address: "localhost:11926"
]
2021-10-31 01:08:05,491 [omNode-2@group-523986131536-StateMachineUpdater] INFO  ratis.OzoneManagerStateMachine (OzoneManagerStateMachine.java:notifyConfigurationChanged(188)) - Received Configuration change notification from Ratis. New Peer list:
[id: "omNode-3"
address: "localhost:11932"
, id: "omNode-1"
address: "localhost:11920"
, id: "omNode-2"
address: "localhost:11926"
]
2021-10-31 01:08:05,492 [grpc-default-executor-8] INFO  server.RaftServer$Division (RaftServerImpl.java:checkInconsistentAppendEntries(1322)) - omNode-1@group-523986131536: Failed appendEntries as previous log entry ((t:11, i:23)) is not found
2021-10-31 01:08:05,492 [grpc-default-executor-8] INFO  server.RaftServer$Division (RaftServerImpl.java:checkInconsistentAppendEntries(1288)) - omNode-1@group-523986131536: inconsistency entries. Reply:omNode-2<-omNode-1#2:FAIL-t11,INCONSISTENCY,nextIndex=12,followerCommit=11
2021-10-31 01:08:05,499 [omNode-3@group-523986131536-StateMachineUpdater] INFO  ratis.OzoneManagerStateMachine (OzoneManagerStateMachine.java:notifyConfigurationChanged(188)) - Received Configuration change notification from Ratis. New Peer list:
[id: "omNode-3"
address: "localhost:11932"
, id: "omNode-1"
address: "localhost:11920"
, id: "omNode-2"
address: "localhost:11926"
]
2021-10-31 01:08:05,500 [omNode-3@group-523986131536-StateMachineUpdater] INFO  ratis.OzoneManagerStateMachine (OzoneManagerStateMachine.java:notifyConfigurationChanged(188)) - Received Configuration change notification from Ratis. New Peer list:
[id: "omNode-3"
address: "localhost:11932"
, id: "omNode-1"
address: "localhost:11920"
, id: "omNode-2"
address: "localhost:11926"
]
2021-10-31 01:08:05,501 [Listener at localhost/11916] INFO  server.AbstractConnector (AbstractConnector.java:doStart(331)) - Started ServerConnector@7ff64392{HTTP/1.1, (http/1.1)}{0.0.0.0:11918}
2021-10-31 01:08:05,501 [Listener at localhost/11916] INFO  server.Server (Server.java:doStart(415)) - Started @285434ms
2021-10-31 01:08:05,501 [Listener at localhost/11916] WARN  impl.MetricsSystemImpl (MetricsSystemImpl.java:register(279)) - Sink prometheus already exists!
2021-10-31 01:08:05,502 [Listener at localhost/11916] INFO  http.BaseHttpServer (BaseHttpServer.java:updateConnectorAddress(329)) - HTTP server of ozoneManager listening at http://0.0.0.0:11918
2021-10-31 01:08:05,504 [IPC Server Responder] INFO  ipc.Server (Server.java:run(1507)) - IPC Server Responder: starting
2021-10-31 01:08:05,504 [IPC Server listener on 11916] INFO  ipc.Server (Server.java:run(1344)) - IPC Server listener on 11916: starting
2021-10-31 01:08:05,508 [Listener at localhost/11916] INFO  om.OzoneManager (OzoneManager.java:startTrashEmptier(1576)) - Trash Interval set to 0. Files deleted will not move to trash
2021-10-31 01:08:05,508 [Listener at localhost/11916] INFO  om.OzoneManager (OzoneManager.java:stop(1677)) - Stopping Ozone Manager
2021-10-31 01:08:05,508 [org.apache.hadoop.util.JvmPauseMonitor$Monitor@7a8c739c] INFO  util.JvmPauseMonitor (JvmPauseMonitor.java:run(188)) - Starting JVM pause monitor
2021-10-31 01:08:05,508 [Listener at localhost/11916] INFO  ipc.Server (Server.java:stop(3414)) - Stopping server on 11922
2021-10-31 01:08:05,509 [IPC Server Responder] INFO  ipc.Server (Server.java:run(1512)) - Stopping IPC Server Responder
2021-10-31 01:08:05,510 [IPC Server listener on 11922] INFO  ipc.Server (Server.java:run(1376)) - Stopping IPC Server listener on 11922
2021-10-31 01:08:05,510 [Listener at localhost/11916] INFO  server.RaftServer (RaftServerProxy.java:lambda$close$6(391)) - omNode-2: close
2021-10-31 01:08:05,510 [Listener at localhost/11916] INFO  server.RaftServer$Division (RaftServerImpl.java:lambda$close$4(412)) - omNode-2@group-523986131536: shutdown
2021-10-31 01:08:05,510 [Listener at localhost/11916] INFO  util.JmxRegister (JmxRegister.java:unregister(73)) - Successfully un-registered JMX Bean with object name Ratis:service=RaftServer,group=group-523986131536,id=omNode-2
2021-10-31 01:08:05,510 [Listener at localhost/11916] INFO  impl.RoleInfo (RoleInfo.java:shutdownLeaderState(91)) - omNode-2: shutdown omNode-2@group-523986131536-LeaderStateImpl
2021-10-31 01:08:05,510 [omNode-2@group-523986131536->omNode-3-GrpcLogAppender-LogAppenderDaemon] WARN  server.GrpcLogAppender (GrpcLogAppender.java:mayWait(177)) - omNode-2@group-523986131536->omNode-3-GrpcLogAppender: Wait interrupted by java.lang.InterruptedException
2021-10-31 01:08:05,511 [grpc-default-executor-8] INFO  server.GrpcServerProtocolService (GrpcServerProtocolService.java:onCompleted(140)) - omNode-3: Completed APPEND_ENTRIES, lastRequest: omNode-2->omNode-3#8-t11,previous=(t:11, i:23),leaderCommit=23,initializing? true,entries: size=1, first=(t:11, i:24), METADATAENTRY(c:23)
2021-10-31 01:08:05,510 [omNode-2@group-523986131536->omNode-1-GrpcLogAppender-LogAppenderDaemon] WARN  server.GrpcLogAppender (GrpcLogAppender.java:mayWait(177)) - omNode-2@group-523986131536->omNode-1-GrpcLogAppender: Wait interrupted by java.lang.InterruptedException
2021-10-31 01:08:05,513 [grpc-default-executor-10] INFO  server.GrpcLogAppender (GrpcLogAppender.java:onCompleted(346)) - omNode-2@group-523986131536->omNode-3-AppendLogResponseHandler: follower responses appendEntries COMPLETED
2021-10-31 01:08:05,513 [grpc-default-executor-8] INFO  server.GrpcServerProtocolService (GrpcServerProtocolService.java:onCompleted(140)) - omNode-1: Completed APPEND_ENTRIES, lastRequest: omNode-2->omNode-1#2-t11,previous=(t:11, i:23),leaderCommit=23,initializing? false,entries: size=1, first=(t:11, i:24), METADATAENTRY(c:23)
2021-10-31 01:08:05,514 [Listener at localhost/11916] INFO  impl.PendingRequests (PendingRequests.java:sendNotLeaderResponses(282)) - omNode-2@group-523986131536-PendingRequests: sendNotLeaderResponses
2021-10-31 01:08:05,513 [grpc-default-executor-10] INFO  leader.FollowerInfo (FollowerInfoImpl.java:lambda$new$0(47)) - omNode-2@group-523986131536->omNode-3: nextIndex: updateUnconditionally 25 -> 24
2021-10-31 01:08:05,515 [grpc-default-executor-8] INFO  server.GrpcLogAppender (GrpcLogAppender.java:onCompleted(346)) - omNode-2@group-523986131536->omNode-1-AppendLogResponseHandler: follower responses appendEntries COMPLETED
2021-10-31 01:08:05,515 [grpc-default-executor-8] INFO  leader.FollowerInfo (FollowerInfoImpl.java:lambda$new$0(47)) - omNode-2@group-523986131536->omNode-1: nextIndex: updateUnconditionally 25 -> 12
2021-10-31 01:08:05,516 [Listener at localhost/11916] INFO  impl.StateMachineUpdater (StateMachineUpdater.java:stopAndJoin(149)) - omNode-2@group-523986131536-StateMachineUpdater: set stopIndex = 24
2021-10-31 01:08:05,517 [omNode-2@group-523986131536-StateMachineUpdater] INFO  ratis.OzoneManagerStateMachine (OzoneManagerStateMachine.java:takeSnapshot(417)) - Current Snapshot Index (t:11, i:24)
2021-10-31 01:08:05,517 [omNode-2@group-523986131536-StateMachineUpdater] INFO  impl.StateMachineUpdater (StateMachineUpdater.java:takeSnapshot(281)) - omNode-2@group-523986131536-StateMachineUpdater: Took a snapshot at index 24
2021-10-31 01:08:05,517 [omNode-2@group-523986131536-StateMachineUpdater] INFO  impl.StateMachineUpdater (StateMachineUpdater.java:lambda$new$0(89)) - omNode-2@group-523986131536-StateMachineUpdater: snapshotIndex: updateIncreasingly 21 -> 24
2021-10-31 01:08:05,517 [omNode-2@group-523986131536-StateMachineUpdater] INFO  ratis.OzoneManagerStateMachine (OzoneManagerStateMachine.java:close(471)) - StateMachine has shutdown. Shutdown OzoneManager if not already shutdown.
2021-10-31 01:08:05,517 [Listener at localhost/11916] INFO  server.RaftServer$Division (ServerState.java:close(419)) - omNode-2@group-523986131536: closes. applyIndex: 24
2021-10-31 01:08:05,518 [omNode-2@group-523986131536-SegmentedRaftLogWorker] INFO  segmented.SegmentedRaftLogWorker (SegmentedRaftLogWorker.java:run(327)) - omNode-2@group-523986131536-SegmentedRaftLogWorker was interrupted, exiting. There are 0 tasks remaining in the queue.
2021-10-31 01:08:05,519 [Listener at localhost/11916] INFO  segmented.SegmentedRaftLogWorker (SegmentedRaftLogWorker.java:close(237)) - omNode-2@group-523986131536-SegmentedRaftLogWorker close()
2021-10-31 01:08:05,519 [Listener at localhost/11916] INFO  server.GrpcService (GrpcService.java:closeImpl(262)) - omNode-2: shutdown server with port 11926 now
2021-10-31 01:08:07,613 [omNode-1@group-523986131536-FollowerState] INFO  impl.FollowerState (FollowerState.java:run(134)) - omNode-1@group-523986131536-FollowerState: change to CANDIDATE, lastRpcElapsedTime:2121614979ns, electionTimeout:1074ms
2021-10-31 01:08:07,614 [omNode-1@group-523986131536-FollowerState] INFO  impl.RoleInfo (RoleInfo.java:shutdownFollowerState(108)) - omNode-1: shutdown omNode-1@group-523986131536-FollowerState
2021-10-31 01:08:07,614 [omNode-1@group-523986131536-FollowerState] INFO  server.RaftServer$Division (RaftServerImpl.java:setRole(290)) - omNode-1@group-523986131536: changes role from  FOLLOWER to CANDIDATE at term 11 for changeToCandidate
2021-10-31 01:08:07,614 [omNode-1@group-523986131536-FollowerState] INFO  server.RaftServerConfigKeys (ConfUtils.java:logGet(44)) - raft.server.leaderelection.pre-vote = false (custom)
2021-10-31 01:08:07,614 [omNode-1@group-523986131536-FollowerState] INFO  impl.RoleInfo (RoleInfo.java:updateAndGet(130)) - omNode-1: start omNode-1@group-523986131536-LeaderElection25
2021-10-31 01:08:07,616 [omNode-1@group-523986131536-LeaderElection25] INFO  server.RaftServer$Division (ServerState.java:setLeader(285)) - omNode-1@group-523986131536: change Leader from omNode-2 to null at term 11 for ELECTION
2021-10-31 01:08:07,618 [omNode-1@group-523986131536-LeaderElection25] INFO  impl.LeaderElection (LeaderElection.java:askForVotes(306)) - omNode-1@group-523986131536-LeaderElection25 ELECTION round 0: submit vote requests at term 12 for 23: [omNode-3|rpc:localhost:11932|admin:|client:|dataStream:|priority:0, omNode-1|rpc:localhost:11920|admin:|client:|dataStream:|priority:0, omNode-2|rpc:localhost:11926|admin:|client:|dataStream:|priority:0], old=null
2021-10-31 01:08:07,619 [omNode-3@group-523986131536-FollowerState] INFO  impl.FollowerState (FollowerState.java:run(134)) - omNode-3@group-523986131536-FollowerState: change to CANDIDATE, lastRpcElapsedTime:2120738476ns, electionTimeout:1120ms
2021-10-31 01:08:07,619 [omNode-3@group-523986131536-FollowerState] INFO  impl.RoleInfo (RoleInfo.java:shutdownFollowerState(108)) - omNode-3: shutdown omNode-3@group-523986131536-FollowerState
2021-10-31 01:08:07,619 [omNode-3@group-523986131536-FollowerState] INFO  server.RaftServer$Division (RaftServerImpl.java:setRole(290)) - omNode-3@group-523986131536: changes role from  FOLLOWER to CANDIDATE at term 11 for changeToCandidate
2021-10-31 01:08:07,620 [omNode-3@group-523986131536-FollowerState] INFO  server.RaftServerConfigKeys (ConfUtils.java:logGet(44)) - raft.server.leaderelection.pre-vote = false (custom)
2021-10-31 01:08:07,620 [omNode-3@group-523986131536-FollowerState] INFO  impl.RoleInfo (RoleInfo.java:updateAndGet(130)) - omNode-3: start omNode-3@group-523986131536-LeaderElection26
2021-10-31 01:08:07,625 [omNode-3@group-523986131536-LeaderElection26] INFO  server.RaftServer$Division (ServerState.java:setLeader(285)) - omNode-3@group-523986131536: change Leader from omNode-2 to null at term 11 for ELECTION
2021-10-31 01:08:07,630 [grpc-default-executor-10] INFO  server.RaftServer$Division (RaftServerImpl.java:requestVote(1046)) - omNode-3@group-523986131536: receive requestVote(ELECTION, omNode-1, group-523986131536, 12, (t:2, i:11))
2021-10-31 01:08:07,632 [grpc-default-executor-10] INFO  impl.VoteContext (VoteContext.java:log(48)) - omNode-3@group-523986131536-CANDIDATE: reject ELECTION from omNode-1: already has voted for omNode-3 at current term 12
2021-10-31 01:08:07,632 [grpc-default-executor-10] INFO  server.RaftServer$Division (RaftServerImpl.java:requestVote(1078)) - omNode-3@group-523986131536 replies to ELECTION vote request: omNode-1<-omNode-3#0:FAIL-t12. Peer's state: omNode-3@group-523986131536:t12, leader=null, voted=omNode-3, raftlog=omNode-3@group-523986131536-SegmentedRaftLog:OPENED:c23, conf=23: [omNode-3|rpc:localhost:11932|admin:|client:|dataStream:|priority:0, omNode-1|rpc:localhost:11920|admin:|client:|dataStream:|priority:0, omNode-2|rpc:localhost:11926|admin:|client:|dataStream:|priority:0], old=null
2021-10-31 01:08:07,633 [omNode-1@group-523986131536-LeaderElection25] INFO  impl.LeaderElection (LogUtils.java:infoOrTrace(137)) - omNode-1@group-523986131536-LeaderElection25 got exception when requesting votes: java.util.concurrent.ExecutionException: org.apache.ratis.thirdparty.io.grpc.StatusRuntimeException: UNAVAILABLE: io exception
2021-10-31 01:08:07,634 [omNode-1@group-523986131536-LeaderElection25] INFO  impl.LeaderElection (LeaderElection.java:logAndReturn(89)) - omNode-1@group-523986131536-LeaderElection25: ELECTION REJECTED received 1 response(s) and 1 exception(s):
2021-10-31 01:08:07,634 [omNode-1@group-523986131536-LeaderElection25] INFO  impl.LeaderElection (LeaderElection.java:logAndReturn(93)) -   Response 0: omNode-1<-omNode-3#0:FAIL-t12
2021-10-31 01:08:07,634 [omNode-1@group-523986131536-LeaderElection25] INFO  impl.LeaderElection (LogUtils.java:infoOrTrace(137)) -   Exception 1: java.util.concurrent.ExecutionException: org.apache.ratis.thirdparty.io.grpc.StatusRuntimeException: UNAVAILABLE: io exception
2021-10-31 01:08:07,634 [omNode-1@group-523986131536-LeaderElection25] INFO  impl.LeaderElection (LeaderElection.java:askForVotes(308)) - omNode-1@group-523986131536-LeaderElection25 ELECTION round 0: result REJECTED
2021-10-31 01:08:07,634 [omNode-1@group-523986131536-LeaderElection25] INFO  server.RaftServer$Division (RaftServerImpl.java:setRole(290)) - omNode-1@group-523986131536: changes role from CANDIDATE to FOLLOWER at term 12 for REJECTED
2021-10-31 01:08:07,634 [omNode-1@group-523986131536-LeaderElection25] INFO  impl.RoleInfo (RoleInfo.java:shutdownLeaderElection(121)) - omNode-1: shutdown omNode-1@group-523986131536-LeaderElection25
2021-10-31 01:08:07,634 [omNode-1@group-523986131536-LeaderElection25] INFO  impl.RoleInfo (RoleInfo.java:updateAndGet(130)) - omNode-1: start omNode-1@group-523986131536-FollowerState
2021-10-31 01:08:07,636 [omNode-3@group-523986131536-LeaderElection26] INFO  impl.LeaderElection (LeaderElection.java:askForVotes(306)) - omNode-3@group-523986131536-LeaderElection26 ELECTION round 0: submit vote requests at term 12 for 23: [omNode-3|rpc:localhost:11932|admin:|client:|dataStream:|priority:0, omNode-1|rpc:localhost:11920|admin:|client:|dataStream:|priority:0, omNode-2|rpc:localhost:11926|admin:|client:|dataStream:|priority:0], old=null
2021-10-31 01:08:07,648 [omNode-3@group-523986131536-LeaderElection26] INFO  impl.LeaderElection (LogUtils.java:infoOrTrace(137)) - omNode-3@group-523986131536-LeaderElection26 got exception when requesting votes: java.util.concurrent.ExecutionException: org.apache.ratis.thirdparty.io.grpc.StatusRuntimeException: UNAVAILABLE: io exception
2021-10-31 01:08:07,650 [grpc-default-executor-10] INFO  server.RaftServer$Division (RaftServerImpl.java:requestVote(1046)) - omNode-1@group-523986131536: receive requestVote(ELECTION, omNode-3, group-523986131536, 12, (t:11, i:24))
2021-10-31 01:08:07,650 [grpc-default-executor-10] INFO  impl.VoteContext (VoteContext.java:log(48)) - omNode-1@group-523986131536-FOLLOWER: reject ELECTION from omNode-3: already has voted for omNode-1 at current term 12
2021-10-31 01:08:07,650 [grpc-default-executor-10] INFO  server.RaftServer$Division (RaftServerImpl.java:requestVote(1078)) - omNode-1@group-523986131536 replies to ELECTION vote request: omNode-3<-omNode-1#0:FAIL-t12. Peer's state: omNode-1@group-523986131536:t12, leader=null, voted=omNode-1, raftlog=omNode-1@group-523986131536-SegmentedRaftLog:OPENED:c11, conf=23: [omNode-3|rpc:localhost:11932|admin:|client:|dataStream:|priority:0, omNode-1|rpc:localhost:11920|admin:|client:|dataStream:|priority:0, omNode-2|rpc:localhost:11926|admin:|client:|dataStream:|priority:0], old=null
2021-10-31 01:08:07,651 [omNode-3@group-523986131536-LeaderElection26] INFO  impl.LeaderElection (LeaderElection.java:logAndReturn(89)) - omNode-3@group-523986131536-LeaderElection26: ELECTION REJECTED received 1 response(s) and 1 exception(s):
2021-10-31 01:08:07,651 [omNode-3@group-523986131536-LeaderElection26] INFO  impl.LeaderElection (LeaderElection.java:logAndReturn(93)) -   Response 0: omNode-3<-omNode-1#0:FAIL-t12
2021-10-31 01:08:07,651 [omNode-3@group-523986131536-LeaderElection26] INFO  impl.LeaderElection (LogUtils.java:infoOrTrace(137)) -   Exception 1: java.util.concurrent.ExecutionException: org.apache.ratis.thirdparty.io.grpc.StatusRuntimeException: UNAVAILABLE: io exception
2021-10-31 01:08:07,651 [omNode-3@group-523986131536-LeaderElection26] INFO  impl.LeaderElection (LeaderElection.java:askForVotes(308)) - omNode-3@group-523986131536-LeaderElection26 ELECTION round 0: result REJECTED
2021-10-31 01:08:07,651 [omNode-3@group-523986131536-LeaderElection26] INFO  server.RaftServer$Division (RaftServerImpl.java:setRole(290)) - omNode-3@group-523986131536: changes role from CANDIDATE to FOLLOWER at term 12 for REJECTED
2021-10-31 01:08:07,651 [omNode-3@group-523986131536-LeaderElection26] INFO  impl.RoleInfo (RoleInfo.java:shutdownLeaderElection(121)) - omNode-3: shutdown omNode-3@group-523986131536-LeaderElection26
2021-10-31 01:08:07,651 [omNode-3@group-523986131536-LeaderElection26] INFO  impl.RoleInfo (RoleInfo.java:updateAndGet(130)) - omNode-3: start omNode-3@group-523986131536-FollowerState
2021-10-31 01:08:08,522 [Listener at localhost/11916] WARN  grpc.GrpcUtil (GrpcUtil.java:shutdownManagedChannel(216)) - Timed out gracefully shutting down connection: ManagedChannelOrphanWrapper{delegate=ManagedChannelImpl{logId=418, target=localhost:11920}}. 
2021-10-31 01:08:08,524 [grpc-default-executor-10] INFO  server.GrpcLogAppender (GrpcLogAppender.java:onError(335)) - omNode-2@group-523986131536->omNode-1-GrpcLogAppender is stopped
2021-10-31 01:08:08,525 [Listener at localhost/11916] INFO  server.GrpcService (GrpcService.java:closeImpl(271)) - omNode-2: shutdown server with port 11926 successfully
2021-10-31 01:08:08,526 [org.apache.ratis.util.JvmPauseMonitor$$Lambda$523/2066045717@2b7a3250] INFO  util.JvmPauseMonitor (JvmPauseMonitor.java:run(109)) - JvmPauseMonitor-omNode-2: Stopped
2021-10-31 01:08:08,526 [grpc-default-executor-8] WARN  server.GrpcServerProtocolService (LogUtils.java:warn(122)) - omNode-1: installSnapshot onError, lastRequest: omNode-2->omNode-1#1-t11,previous=(t:7, i:22),leaderCommit=21,initializing? true,entries: size=1, first=(t:11, i:23), CONFIGURATIONENTRY: org.apache.ratis.thirdparty.io.grpc.StatusRuntimeException: CANCELLED: client cancelled
2021-10-31 01:08:08,526 [Listener at localhost/11916] INFO  ratis.OzoneManagerDoubleBuffer (OzoneManagerDoubleBuffer.java:stop(437)) - Stopping OMDoubleBuffer flush thread
2021-10-31 01:08:08,526 [OMDoubleBufferFlushThread] INFO  ratis.OzoneManagerDoubleBuffer (OzoneManagerDoubleBuffer.java:flushTransactions(356)) - OMDoubleBuffer flush thread OMDoubleBufferFlushThread is interrupted and will exit. OMDoubleBufferFlushThread
2021-10-31 01:08:08,527 [Listener at localhost/11916] INFO  handler.ContextHandler (ContextHandler.java:doStop(1153)) - Stopped o.e.j.w.WebAppContext@a55b52f{ozoneManager,/,null,STOPPED}{file:/home/runner/work/ozone/ozone/hadoop-ozone/integration-test/target/test-classes/webapps/ozoneManager}
2021-10-31 01:08:08,528 [Listener at localhost/11916] INFO  server.AbstractConnector (AbstractConnector.java:doStop(381)) - Stopped ServerConnector@78c0c1e6{HTTP/1.1, (http/1.1)}{0.0.0.0:11924}
2021-10-31 01:08:08,528 [Listener at localhost/11916] INFO  server.session (HouseKeeper.java:stopScavenging(149)) - node0 Stopped scavenging
2021-10-31 01:08:08,528 [Listener at localhost/11916] INFO  handler.ContextHandler (ContextHandler.java:doStop(1153)) - Stopped o.e.j.s.ServletContextHandler@1a0d0eac{static,/static,file:///home/runner/work/ozone/ozone/hadoop-ozone/integration-test/target/test-classes/webapps/static,STOPPED}
2021-10-31 01:08:08,528 [Listener at localhost/11916] INFO  handler.ContextHandler (ContextHandler.java:doStop(1153)) - Stopped o.e.j.s.ServletContextHandler@6fde108b{logs,/logs,file:///home/runner/work/ozone/ozone/hadoop-ozone/integration-test/target/log,STOPPED}
2021-10-31 01:08:08,530 [Listener at localhost/11916] INFO  om.OzoneManager (OzoneManager.java:initFSOLayout(3634)) - Configured ozone.om.metadata.layout=SIMPLE and disabled optimized OM FS operations
2021-10-31 01:08:08,530 [Listener at localhost/11916] INFO  om.OzoneManager (OzoneManager.java:restart(1392)) - OzoneManager RPC server is listening at localhost/127.0.0.1:11922
2021-10-31 01:08:08,530 [Listener at localhost/11916] INFO  impl.MetricsSystemImpl (MetricsSystemImpl.java:init(158)) - OzoneManager metrics system started (again)
2021-10-31 01:08:08,543 [Listener at localhost/11916] WARN  server.ServerUtils (ServerUtils.java:getDBPath(225)) - ozone.om.db.dirs is not configured. We recommend adding this setting. Falling back to ozone.metadata.dirs instead.
2021-10-31 01:08:08,544 [Listener at localhost/11916] INFO  codec.OmKeyInfoCodec (OmKeyInfoCodec.java:<init>(51)) - OmKeyInfoCodec ignorePipeline = true
2021-10-31 01:08:08,544 [Listener at localhost/11916] INFO  codec.RepeatedOmKeyInfoCodec (RepeatedOmKeyInfoCodec.java:<init>(42)) - RepeatedOmKeyInfoCodec ignorePipeline = true
2021-10-31 01:08:08,589 [Listener at localhost/11916] WARN  impl.MetricRegistriesImpl (MetricRegistriesImpl.java:addReporterRegistration(111)) - New reporters are added after registries were created. Some metrics will be missing from the reporter. Please add reporter before adding any new registry.
2021-10-31 01:08:08,589 [Listener at localhost/11916] WARN  impl.MetricRegistriesImpl (MetricRegistriesImpl.java:addReporterRegistration(111)) - New reporters are added after registries were created. Some metrics will be missing from the reporter. Please add reporter before adding any new registry.
2021-10-31 01:08:08,589 [Listener at localhost/11916] WARN  server.ServerUtils (ServerUtils.java:getDefaultRatisDirectory(237)) - Storage directory for Ratis is not configured. It is a good idea to map this to an SSD disk. Falling back to ozone.metadata.dirs
2021-10-31 01:08:08,590 [Listener at localhost/11916] INFO  ratis.OzoneManagerRatisServer (OzoneManagerRatisServer.java:<init>(159)) - Instantiating OM Ratis server with groupID: om-service-test1 and peers: localhost:11926, localhost:11932, localhost:11920
2021-10-31 01:08:08,590 [Listener at localhost/11916] INFO  ratis.OzoneManagerStateMachine (OzoneManagerStateMachine.java:loadSnapshotInfoFromDB(605)) - LastAppliedIndex is set from TransactionInfo from OM DB as (t:11, i:24)
2021-10-31 01:08:08,595 [Listener at localhost/11916] INFO  server.RaftServer (ConfUtils.java:logGet(44)) - raft.rpc.type = GRPC (default)
2021-10-31 01:08:08,596 [Listener at localhost/11916] INFO  grpc.GrpcFactory (GrpcFactory.java:checkPooledByteBufAllocatorUseCacheForAllThreads(48)) - PERFORMANCE WARNING: useCacheForAllThreads is true that may cause Netty to create a lot garbage objects and, as a result, trigger GC.
	It is recommended to disable useCacheForAllThreads by setting -Dorg.apache.ratis.thirdparty.io.netty.allocator.useCacheForAllThreads=false in command line.
2021-10-31 01:08:08,596 [Listener at localhost/11916] INFO  grpc.GrpcConfigKeys (ConfUtils.java:logGet(44)) - raft.grpc.admin.port = -1 (default)
2021-10-31 01:08:08,596 [Listener at localhost/11916] INFO  grpc.GrpcConfigKeys (ConfUtils.java:logGet(44)) - raft.grpc.server.port = 11926 (custom)
2021-10-31 01:08:08,596 [Listener at localhost/11916] INFO  grpc.GrpcConfigKeys (ConfUtils.java:logGet(44)) - raft.grpc.client.port = -1 (default)
2021-10-31 01:08:08,596 [Listener at localhost/11916] INFO  grpc.GrpcConfigKeys (ConfUtils.java:logGet(44)) - raft.grpc.server.port = 11926 (custom)
2021-10-31 01:08:08,596 [Listener at localhost/11916] INFO  grpc.GrpcConfigKeys (ConfUtils.java:logGet(44)) - raft.grpc.server.port = 11926 (custom)
2021-10-31 01:08:08,596 [Listener at localhost/11916] INFO  server.GrpcService (ConfUtils.java:logGet(44)) - raft.grpc.message.size.max = 33554432 (custom)
2021-10-31 01:08:08,597 [Listener at localhost/11916] INFO  server.RaftServerConfigKeys (ConfUtils.java:logGet(44)) - raft.server.log.appender.buffer.byte-limit = 33554432 (custom)
2021-10-31 01:08:08,597 [Listener at localhost/11916] INFO  server.GrpcService (ConfUtils.java:logGet(44)) - raft.grpc.flow.control.window = 1MB (=1048576) (default)
2021-10-31 01:08:08,597 [Listener at localhost/11916] INFO  server.RaftServerConfigKeys (ConfUtils.java:logGet(44)) - raft.server.rpc.request.timeout = 3000ms (default)
2021-10-31 01:08:08,598 [Listener at localhost/11916] INFO  impl.DataStreamServerImpl (ConfUtils.java:logGet(44)) - raft.datastream.type = DISABLED (default)
2021-10-31 01:08:08,598 [Listener at localhost/11916] INFO  server.RaftServerConfigKeys (ConfUtils.java:logGet(44)) - raft.server.rpc.slowness.timeout = 2s (custom)
2021-10-31 01:08:08,598 [Listener at localhost/11916] INFO  server.RaftServerConfigKeys (ConfUtils.java:logGet(44)) - raft.server.leaderelection.leader.step-down.wait-time = 10s (default)
2021-10-31 01:08:08,598 [Listener at localhost/11916] INFO  server.RaftServerConfigKeys (ConfUtils.java:logGet(44)) - raft.server.storage.dir = [/home/runner/work/ozone/ozone/hadoop-ozone/integration-test/target/test-dir/MiniOzoneClusterImpl-b8864bcf-37cc-42b5-82cc-559abfd78a8f/omNode-2/ratis] (custom)
2021-10-31 01:08:08,599 [Listener at localhost/11916] INFO  server.RaftServer (RaftServerProxy.java:lambda$null$1(235)) - omNode-2: found a subdirectory /home/runner/work/ozone/ozone/hadoop-ozone/integration-test/target/test-dir/MiniOzoneClusterImpl-b8864bcf-37cc-42b5-82cc-559abfd78a8f/omNode-2/ratis/c9bc4cf4-3bc3-3c60-a66b-523986131536
2021-10-31 01:08:08,599 [Listener at localhost/11916] INFO  server.RaftServer (RaftServerProxy.java:addNew(95)) - omNode-2: addNew group-523986131536:[omNode-3|rpc:localhost:11932|priority:0, omNode-1|rpc:localhost:11920|priority:0, omNode-2|rpc:localhost:11926|priority:0] returns group-523986131536:java.util.concurrent.CompletableFuture@d5091ac[Not completed]
2021-10-31 01:08:08,599 [Listener at localhost/11916] INFO  om.OzoneManager (OzoneManager.java:initializeRatisServer(1618)) - OzoneManager Ratis server initialized at port 11926
2021-10-31 01:08:08,599 [Listener at localhost/11916] INFO  ratis.OzoneManagerRatisServer (OzoneManagerRatisServer.java:start(522)) - Starting OzoneManagerRatisServer omNode-2 at port 11926
2021-10-31 01:08:08,599 [pool-391-thread-1] INFO  server.RaftServer$Division (RaftServerImpl.java:<init>(184)) - omNode-2: new RaftServerImpl for group-523986131536:[omNode-3|rpc:localhost:11932|priority:0, omNode-1|rpc:localhost:11920|priority:0, omNode-2|rpc:localhost:11926|priority:0] with OzoneManagerStateMachine:uninitialized
2021-10-31 01:08:08,600 [pool-391-thread-1] INFO  server.RaftServerConfigKeys (ConfUtils.java:logGet(44)) - raft.server.rpc.timeout.min = 1s (custom)
2021-10-31 01:08:08,600 [pool-391-thread-1] INFO  server.RaftServerConfigKeys (ConfUtils.java:logGet(44)) - raft.server.rpc.timeout.max = 1200ms (custom)
2021-10-31 01:08:08,600 [pool-391-thread-1] INFO  server.RaftServerConfigKeys (ConfUtils.java:logGet(44)) - raft.server.rpc.sleep.time = 25ms (default)
2021-10-31 01:08:08,600 [pool-391-thread-1] INFO  server.RaftServerConfigKeys (ConfUtils.java:logGet(44)) - raft.server.rpc.slowness.timeout = 2s (custom)
2021-10-31 01:08:08,601 [pool-391-thread-1] INFO  server.RaftServerConfigKeys (ConfUtils.java:logGet(44)) - raft.server.leaderelection.leader.step-down.wait-time = 10s (default)
2021-10-31 01:08:08,601 [pool-391-thread-1] INFO  server.RaftServerConfigKeys (ConfUtils.java:logGet(44)) - raft.server.sleep.deviation.threshold = 300ms (default)
2021-10-31 01:08:08,601 [pool-391-thread-1] INFO  server.RaftServerConfigKeys (ConfUtils.java:logGet(44)) - raft.server.log.appender.install.snapshot.enabled = false (custom)
2021-10-31 01:08:08,601 [pool-391-thread-1] INFO  server.RaftServer$Division (ServerState.java:<init>(105)) - omNode-2@group-523986131536: ConfigurationManager, init=-1: [omNode-3|rpc:localhost:11932|priority:0, omNode-1|rpc:localhost:11920|priority:0, omNode-2|rpc:localhost:11926|priority:0], old=null, confs=<EMPTY_MAP>
2021-10-31 01:08:08,601 [pool-391-thread-1] INFO  server.RaftServerConfigKeys (ConfUtils.java:logGet(44)) - raft.server.storage.dir = [/home/runner/work/ozone/ozone/hadoop-ozone/integration-test/target/test-dir/MiniOzoneClusterImpl-b8864bcf-37cc-42b5-82cc-559abfd78a8f/omNode-2/ratis] (custom)
2021-10-31 01:08:08,601 [pool-391-thread-1] INFO  server.RaftServerConfigKeys (ConfUtils.java:logGet(44)) - raft.server.log.corruption.policy = EXCEPTION (default)
2021-10-31 01:08:08,601 [pool-391-thread-1] INFO  server.RaftServerConfigKeys (ConfUtils.java:logGet(44)) - raft.server.storage.free-space.min = 0MB (=0) (default)
2021-10-31 01:08:08,602 [pool-391-thread-1] INFO  storage.RaftStorageDirectory (RaftStorageDirectoryImpl.java:tryLock(230)) - Lock on /home/runner/work/ozone/ozone/hadoop-ozone/integration-test/target/test-dir/MiniOzoneClusterImpl-b8864bcf-37cc-42b5-82cc-559abfd78a8f/omNode-2/ratis/c9bc4cf4-3bc3-3c60-a66b-523986131536/in_use.lock acquired by nodename 14068@fv-az50-512
2021-10-31 01:08:08,603 [pool-391-thread-1] INFO  storage.RaftStorage (RaftStorageImpl.java:analyzeAndRecoverStorage(110)) - Read RaftStorageMetadata{term=11, votedFor=omNode-2} from /home/runner/work/ozone/ozone/hadoop-ozone/integration-test/target/test-dir/MiniOzoneClusterImpl-b8864bcf-37cc-42b5-82cc-559abfd78a8f/omNode-2/ratis/c9bc4cf4-3bc3-3c60-a66b-523986131536/current/raft-meta
2021-10-31 01:08:08,603 [pool-391-thread-1] INFO  server.RaftServer$Division (ServerState.java:setRaftConf(387)) - omNode-2@group-523986131536: set configuration 23: [omNode-3|rpc:localhost:11932|admin:|client:|dataStream:|priority:0, omNode-1|rpc:localhost:11920|admin:|client:|dataStream:|priority:0, omNode-2|rpc:localhost:11926|admin:|client:|dataStream:|priority:0], old=null
2021-10-31 01:08:08,603 [pool-391-thread-1] INFO  server.RaftServerConfigKeys (ConfUtils.java:logGet(44)) - raft.server.notification.no-leader.timeout = 2s (custom)
2021-10-31 01:08:08,603 [pool-391-thread-1] INFO  server.RaftServerConfigKeys (ConfUtils.java:logGet(44)) - raft.server.log.use.memory = false (default)
2021-10-31 01:08:08,603 [pool-391-thread-1] INFO  server.RaftServerConfigKeys (ConfUtils.java:logGet(44)) - raft.server.log.purge.gap = 50 (custom)
2021-10-31 01:08:08,603 [pool-391-thread-1] INFO  server.RaftServerConfigKeys (ConfUtils.java:logGet(44)) - raft.server.log.appender.buffer.byte-limit = 33554432 (custom)
2021-10-31 01:08:08,604 [pool-391-thread-1] INFO  server.RaftServerConfigKeys (ConfUtils.java:logGet(44)) - raft.server.log.segment.size.max = 4194304 (custom)
2021-10-31 01:08:08,604 [pool-391-thread-1] INFO  server.RaftServerConfigKeys (ConfUtils.java:logGet(44)) - raft.server.log.segment.cache.num.max = 2 (custom)
2021-10-31 01:08:08,604 [pool-391-thread-1] INFO  server.RaftServerConfigKeys (ConfUtils.java:logGet(44)) - raft.server.log.segment.cache.size.max = 200MB (=209715200) (default)
2021-10-31 01:08:08,604 [pool-391-thread-1] INFO  segmented.SegmentedRaftLogWorker (SegmentedRaftLogWorker.java:<init>(182)) - new omNode-2@group-523986131536-SegmentedRaftLogWorker for RaftStorageImpl:Storage Directory /home/runner/work/ozone/ozone/hadoop-ozone/integration-test/target/test-dir/MiniOzoneClusterImpl-b8864bcf-37cc-42b5-82cc-559abfd78a8f/omNode-2/ratis/c9bc4cf4-3bc3-3c60-a66b-523986131536
2021-10-31 01:08:08,604 [pool-391-thread-1] INFO  server.RaftServerConfigKeys (ConfUtils.java:logGet(44)) - raft.server.log.queue.byte-limit = 64MB (=67108864) (default)
2021-10-31 01:08:08,605 [pool-391-thread-1] INFO  server.RaftServerConfigKeys (ConfUtils.java:logGet(44)) - raft.server.log.queue.element-limit = 4096 (default)
2021-10-31 01:08:08,605 [pool-391-thread-1] INFO  server.RaftServerConfigKeys (ConfUtils.java:logGet(44)) - raft.server.log.segment.size.max = 4194304 (custom)
2021-10-31 01:08:08,605 [pool-391-thread-1] INFO  server.RaftServerConfigKeys (ConfUtils.java:logGet(44)) - raft.server.log.preallocated.size = 4194304 (custom)
2021-10-31 01:08:08,605 [pool-391-thread-1] INFO  server.RaftServerConfigKeys (ConfUtils.java:logGet(44)) - raft.server.log.force.sync.num = 128 (default)
2021-10-31 01:08:08,612 [pool-391-thread-1] INFO  server.RaftServerConfigKeys (ConfUtils.java:logGet(44)) - raft.server.log.statemachine.data.sync = true (default)
2021-10-31 01:08:08,612 [pool-391-thread-1] INFO  server.RaftServerConfigKeys (ConfUtils.java:logGet(44)) - raft.server.log.statemachine.data.sync.timeout = 10s (default)
2021-10-31 01:08:08,612 [pool-391-thread-1] INFO  server.RaftServerConfigKeys (ConfUtils.java:logGet(44)) - raft.server.log.statemachine.data.sync.timeout.retry = -1 (default)
2021-10-31 01:08:08,613 [pool-391-thread-1] INFO  server.RaftServerConfigKeys (ConfUtils.java:logGet(44)) - raft.server.log.write.buffer.size = 64KB (=65536) (default)
2021-10-31 01:08:08,613 [pool-391-thread-1] INFO  server.RaftServerConfigKeys (ConfUtils.java:logGet(44)) - raft.server.log.statemachine.data.caching.enabled = false (default)
2021-10-31 01:08:08,614 [pool-391-thread-1] INFO  server.RaftServer$Division (ServerState.java:setRaftConf(387)) - omNode-2@group-523986131536: set configuration 12: [omNode-3|rpc:localhost:11932|admin:|client:|dataStream:|priority:0, omNode-1|rpc:localhost:11920|admin:|client:|dataStream:|priority:0, omNode-2|rpc:localhost:11926|admin:|client:|dataStream:|priority:0], old=null
2021-10-31 01:08:08,615 [pool-391-thread-1] INFO  segmented.LogSegment (LogSegment.java:loadSegment(173)) - Successfully read 2 entries from segment file /home/runner/work/ozone/ozone/hadoop-ozone/integration-test/target/test-dir/MiniOzoneClusterImpl-b8864bcf-37cc-42b5-82cc-559abfd78a8f/omNode-2/ratis/c9bc4cf4-3bc3-3c60-a66b-523986131536/current/log_12-13
2021-10-31 01:08:08,615 [pool-391-thread-1] INFO  server.RaftServer$Division (ServerState.java:setRaftConf(387)) - omNode-2@group-523986131536: set configuration 14: [omNode-3|rpc:localhost:11932|admin:|client:|dataStream:|priority:0, omNode-1|rpc:localhost:11920|admin:|client:|dataStream:|priority:0, omNode-2|rpc:localhost:11926|admin:|client:|dataStream:|priority:0], old=null
2021-10-31 01:08:08,615 [pool-391-thread-1] INFO  segmented.LogSegment (LogSegment.java:loadSegment(173)) - Successfully read 4 entries from segment file /home/runner/work/ozone/ozone/hadoop-ozone/integration-test/target/test-dir/MiniOzoneClusterImpl-b8864bcf-37cc-42b5-82cc-559abfd78a8f/omNode-2/ratis/c9bc4cf4-3bc3-3c60-a66b-523986131536/current/log_14-17
2021-10-31 01:08:08,615 [pool-391-thread-1] INFO  server.RaftServer$Division (ServerState.java:setRaftConf(387)) - omNode-2@group-523986131536: set configuration 18: [omNode-3|rpc:localhost:11932|admin:|client:|dataStream:|priority:0, omNode-1|rpc:localhost:11920|admin:|client:|dataStream:|priority:0, omNode-2|rpc:localhost:11926|admin:|client:|dataStream:|priority:0], old=null
2021-10-31 01:08:08,616 [pool-391-thread-1] INFO  segmented.LogSegment (LogSegment.java:loadSegment(173)) - Successfully read 4 entries from segment file /home/runner/work/ozone/ozone/hadoop-ozone/integration-test/target/test-dir/MiniOzoneClusterImpl-b8864bcf-37cc-42b5-82cc-559abfd78a8f/omNode-2/ratis/c9bc4cf4-3bc3-3c60-a66b-523986131536/current/log_18-21
2021-10-31 01:08:08,616 [pool-391-thread-1] INFO  server.RaftServer$Division (ServerState.java:setRaftConf(387)) - omNode-2@group-523986131536: set configuration 22: [omNode-3|rpc:localhost:11932|admin:|client:|dataStream:|priority:0, omNode-1|rpc:localhost:11920|admin:|client:|dataStream:|priority:0, omNode-2|rpc:localhost:11926|admin:|client:|dataStream:|priority:0], old=null
2021-10-31 01:08:08,616 [pool-391-thread-1] INFO  segmented.LogSegment (LogSegment.java:loadSegment(173)) - Successfully read 1 entries from segment file /home/runner/work/ozone/ozone/hadoop-ozone/integration-test/target/test-dir/MiniOzoneClusterImpl-b8864bcf-37cc-42b5-82cc-559abfd78a8f/omNode-2/ratis/c9bc4cf4-3bc3-3c60-a66b-523986131536/current/log_22-22
2021-10-31 01:08:08,616 [pool-391-thread-1] INFO  server.RaftServer$Division (ServerState.java:setRaftConf(387)) - omNode-2@group-523986131536: set configuration 23: [omNode-3|rpc:localhost:11932|admin:|client:|dataStream:|priority:0, omNode-1|rpc:localhost:11920|admin:|client:|dataStream:|priority:0, omNode-2|rpc:localhost:11926|admin:|client:|dataStream:|priority:0], old=null
2021-10-31 01:08:08,617 [pool-391-thread-1] INFO  segmented.LogSegment (LogSegment.java:loadSegment(173)) - Successfully read 2 entries from segment file /home/runner/work/ozone/ozone/hadoop-ozone/integration-test/target/test-dir/MiniOzoneClusterImpl-b8864bcf-37cc-42b5-82cc-559abfd78a8f/omNode-2/ratis/c9bc4cf4-3bc3-3c60-a66b-523986131536/current/log_inprogress_23
2021-10-31 01:08:08,617 [pool-391-thread-1] INFO  segmented.SegmentedRaftLogWorker (SegmentedRaftLogWorker.java:lambda$new$0(133)) - omNode-2@group-523986131536-SegmentedRaftLogWorker: flushIndex: setUnconditionally 0 -> 24
2021-10-31 01:08:08,617 [pool-391-thread-1] INFO  segmented.SegmentedRaftLogWorker (SegmentedRaftLogWorker.java:lambda$new$0(133)) - omNode-2@group-523986131536-SegmentedRaftLogWorker: safeCacheEvictIndex: setUnconditionally 0 -> 22
2021-10-31 01:08:08,617 [pool-391-thread-1] INFO  raftlog.RaftLog (RaftLogBase.java:lambda$new$0(53)) - omNode-2@group-523986131536-SegmentedRaftLog: commitIndex: updateToMax old=24, new=23, updated? false
2021-10-31 01:08:08,617 [pool-391-thread-1] INFO  raftlog.RaftLog (RaftLogBase.java:lambda$new$0(53)) - omNode-2@group-523986131536-SegmentedRaftLog: purgeIndex: updateIncreasingly -1 -> 11
2021-10-31 01:08:08,617 [pool-391-thread-1] INFO  server.RaftServerConfigKeys (ConfUtils.java:logGet(44)) - raft.server.snapshot.auto.trigger.enabled = true (custom)
2021-10-31 01:08:08,617 [pool-391-thread-1] INFO  server.RaftServerConfigKeys (ConfUtils.java:logGet(44)) - raft.server.snapshot.auto.trigger.threshold = 50 (custom)
2021-10-31 01:08:08,617 [pool-391-thread-1] INFO  server.RaftServerConfigKeys (ConfUtils.java:logGet(44)) - raft.server.snapshot.retention.file.num = -1 (default)
2021-10-31 01:08:08,617 [pool-391-thread-1] INFO  server.RaftServerConfigKeys (ConfUtils.java:logGet(44)) - raft.server.log.purge.upto.snapshot.index = true (custom)
2021-10-31 01:08:08,617 [pool-391-thread-1] INFO  server.RaftServerConfigKeys (ConfUtils.java:logGet(44)) - raft.server.retrycache.expirytime = 30000ms (custom)
2021-10-31 01:08:08,617 [pool-391-thread-1] INFO  server.RaftServerConfigKeys (ConfUtils.java:logGet(44)) - raft.server.retrycache.statistics.expirytime = 100μs (default)
2021-10-31 01:08:08,619 [Listener at localhost/11916] INFO  server.RaftServer$Division (RaftServerImpl.java:start(301)) - omNode-2@group-523986131536: start as a follower, conf=23: [omNode-3|rpc:localhost:11932|admin:|client:|dataStream:|priority:0, omNode-1|rpc:localhost:11920|admin:|client:|dataStream:|priority:0, omNode-2|rpc:localhost:11926|admin:|client:|dataStream:|priority:0], old=null
2021-10-31 01:08:08,619 [Listener at localhost/11916] INFO  server.RaftServer$Division (RaftServerImpl.java:setRole(290)) - omNode-2@group-523986131536: changes role from      null to FOLLOWER at term 11 for startAsFollower
2021-10-31 01:08:08,619 [Listener at localhost/11916] INFO  impl.RoleInfo (RoleInfo.java:updateAndGet(130)) - omNode-2: start omNode-2@group-523986131536-FollowerState
2021-10-31 01:08:08,621 [Listener at localhost/11916] INFO  util.JmxRegister (JmxRegister.java:tryRegister(44)) - Successfully registered JMX Bean with object name Ratis:service=RaftServer,group=group-523986131536,id=omNode-2
2021-10-31 01:08:08,622 [Listener at localhost/11916] INFO  server.RaftServer (RaftServerProxy.java:lambda$start$5(374)) - omNode-2: start RPC server
2021-10-31 01:08:08,623 [Listener at localhost/11916] INFO  server.GrpcService (GrpcService.java:startImpl(253)) - omNode-2: GrpcService started, listening on 11926
2021-10-31 01:08:08,626 [Listener at localhost/11916] INFO  ipc.CallQueueManager (CallQueueManager.java:<init>(90)) - Using callQueue: class java.util.concurrent.LinkedBlockingQueue, queueCapacity: 2000, scheduler: class org.apache.hadoop.ipc.DefaultRpcScheduler, ipcBackoff: false.
2021-10-31 01:08:08,626 [org.apache.ratis.util.JvmPauseMonitor$$Lambda$523/2066045717@5b7f4373] INFO  util.JvmPauseMonitor (JvmPauseMonitor.java:run(103)) - JvmPauseMonitor-omNode-2: Started
2021-10-31 01:08:08,627 [Socket Reader #1 for port 11922] INFO  ipc.Server (Server.java:run(1265)) - Starting Socket Reader #1 for port 11922
2021-10-31 01:08:08,633 [Listener at localhost/11922] INFO  http.BaseHttpServer (BaseHttpServer.java:newHttpServer2BuilderForOzone(209)) - Starting Web-server for ozoneManager at: http://0.0.0.0:11924
2021-10-31 01:08:08,634 [Listener at localhost/11922] INFO  http.BaseHttpServer (BaseHttpServer.java:<init>(107)) - Hadoop Security Enabled: false Ozone Security Enabled: false Ozone HTTP Security Enabled: false 
2021-10-31 01:08:08,635 [Listener at localhost/11922] INFO  server.AuthenticationFilter (AuthenticationFilter.java:constructSecretProvider(240)) - Unable to initialize FileSignerSecretProvider, falling back to use random secrets.
2021-10-31 01:08:08,636 [Listener at localhost/11922] WARN  http.HttpRequestLog (HttpRequestLog.java:getRequestLog(103)) - Jetty request log can only be enabled using Log4j
2021-10-31 01:08:08,637 [Listener at localhost/11922] INFO  http.HttpServer2 (HttpServer2.java:addGlobalFilter(1030)) - Added global filter 'safety' (class=org.apache.hadoop.hdds.server.http.HttpServer2$QuotingInputFilter)
2021-10-31 01:08:08,637 [Listener at localhost/11922] INFO  http.HttpServer2 (HttpServer2.java:addFilter(1006)) - Added filter static_user_filter (class=org.apache.hadoop.http.lib.StaticUserWebFilter$StaticUserFilter) to context ozoneManager
2021-10-31 01:08:08,638 [Listener at localhost/11922] INFO  http.HttpServer2 (HttpServer2.java:addFilter(1014)) - Added filter static_user_filter (class=org.apache.hadoop.http.lib.StaticUserWebFilter$StaticUserFilter) to context static
2021-10-31 01:08:08,638 [Listener at localhost/11922] INFO  http.HttpServer2 (HttpServer2.java:addFilter(1014)) - Added filter static_user_filter (class=org.apache.hadoop.http.lib.StaticUserWebFilter$StaticUserFilter) to context logs
2021-10-31 01:08:08,638 [Listener at localhost/11922] INFO  http.HttpServer2 (HttpServer2.java:bindListener(1249)) - Jetty bound to port 11924
2021-10-31 01:08:08,638 [Listener at localhost/11922] INFO  server.Server (Server.java:doStart(375)) - jetty-9.4.43.v20210629; built: 2021-06-30T11:07:22.254Z; git: 526006ecfa3af7f1a27ef3a288e2bef7ea9dd7e8; jvm 1.8.0_292-b10
2021-10-31 01:08:08,641 [Listener at localhost/11922] INFO  server.session (DefaultSessionIdManager.java:doStart(334)) - DefaultSessionIdManager workerName=node0
2021-10-31 01:08:08,641 [Listener at localhost/11922] INFO  server.session (DefaultSessionIdManager.java:doStart(339)) - No SessionScavenger set, using defaults
2021-10-31 01:08:08,642 [Listener at localhost/11922] INFO  server.session (HouseKeeper.java:startScavenging(132)) - node0 Scavenging every 600000ms
2021-10-31 01:08:08,643 [Listener at localhost/11922] INFO  handler.ContextHandler (ContextHandler.java:doStart(915)) - Started o.e.j.s.ServletContextHandler@b9928c6{logs,/logs,file:///home/runner/work/ozone/ozone/hadoop-ozone/integration-test/target/log,AVAILABLE}
2021-10-31 01:08:08,643 [Listener at localhost/11922] INFO  handler.ContextHandler (ContextHandler.java:doStart(915)) - Started o.e.j.s.ServletContextHandler@784e6d3{static,/static,file:///home/runner/work/ozone/ozone/hadoop-ozone/integration-test/target/test-classes/webapps/static,AVAILABLE}
2021-10-31 01:08:08,647 [Listener at localhost/11922] INFO  handler.ContextHandler (ContextHandler.java:doStart(915)) - Started o.e.j.w.WebAppContext@46751b8a{ozoneManager,/,file:///home/runner/work/ozone/ozone/hadoop-ozone/integration-test/target/test-classes/webapps/ozoneManager/,AVAILABLE}{file:/home/runner/work/ozone/ozone/hadoop-ozone/integration-test/target/test-classes/webapps/ozoneManager}
2021-10-31 01:08:08,650 [Listener at localhost/11922] INFO  server.AbstractConnector (AbstractConnector.java:doStart(331)) - Started ServerConnector@3e5a6834{HTTP/1.1, (http/1.1)}{0.0.0.0:11924}
2021-10-31 01:08:08,650 [Listener at localhost/11922] INFO  server.Server (Server.java:doStart(415)) - Started @288583ms
2021-10-31 01:08:08,650 [Listener at localhost/11922] WARN  impl.MetricsSystemImpl (MetricsSystemImpl.java:register(279)) - Sink prometheus already exists!
2021-10-31 01:08:08,653 [Listener at localhost/11922] INFO  http.BaseHttpServer (BaseHttpServer.java:updateConnectorAddress(329)) - HTTP server of ozoneManager listening at http://0.0.0.0:11924
2021-10-31 01:08:08,654 [IPC Server Responder] INFO  ipc.Server (Server.java:run(1507)) - IPC Server Responder: starting
2021-10-31 01:08:08,654 [IPC Server listener on 11922] INFO  ipc.Server (Server.java:run(1344)) - IPC Server listener on 11922: starting
2021-10-31 01:08:08,659 [Listener at localhost/11922] INFO  om.OzoneManager (OzoneManager.java:startTrashEmptier(1576)) - Trash Interval set to 0. Files deleted will not move to trash
2021-10-31 01:08:08,659 [org.apache.hadoop.util.JvmPauseMonitor$Monitor@393de478] INFO  util.JvmPauseMonitor (JvmPauseMonitor.java:run(188)) - Starting JVM pause monitor
]]></system-out>
  </testcase>
  <testcase name="testPrepareWithRestart" classname="org.apache.hadoop.ozone.om.TestOzoneManagerPrepare" time="7.619">
    <error message="Could not determine or connect to OM Leader." type="java.io.IOException">java.io.IOException: Could not determine or connect to OM Leader.
	at org.apache.hadoop.ozone.om.protocolPB.Hadoop3OmTransport.submitRequest(Hadoop3OmTransport.java:96)
	at org.apache.hadoop.ozone.om.protocolPB.OzoneManagerProtocolClientSideTranslatorPB.submitRequest(OzoneManagerProtocolClientSideTranslatorPB.java:230)
	at org.apache.hadoop.ozone.om.protocolPB.OzoneManagerProtocolClientSideTranslatorPB.cancelOzoneManagerPrepare(OzoneManagerProtocolClientSideTranslatorPB.java:1640)
	at org.apache.hadoop.ozone.om.TestOzoneManagerPrepare.submitCancelPrepareRequest(TestOzoneManagerPrepare.java:430)
	at org.apache.hadoop.ozone.om.TestOzoneManagerPrepare.initOM(TestOzoneManagerPrepare.java:90)
	at sun.reflect.NativeMethodAccessorImpl.invoke0(Native Method)
	at sun.reflect.NativeMethodAccessorImpl.invoke(NativeMethodAccessorImpl.java:62)
	at sun.reflect.DelegatingMethodAccessorImpl.invoke(DelegatingMethodAccessorImpl.java:43)
	at java.lang.reflect.Method.invoke(Method.java:498)
	at org.junit.runners.model.FrameworkMethod$1.runReflectiveCall(FrameworkMethod.java:59)
	at org.junit.internal.runners.model.ReflectiveCallable.run(ReflectiveCallable.java:12)
	at org.junit.runners.model.FrameworkMethod.invokeExplosively(FrameworkMethod.java:56)
	at org.junit.internal.runners.statements.RunBefores.invokeMethod(RunBefores.java:33)
	at org.junit.internal.runners.statements.RunBefores.evaluate(RunBefores.java:24)
	at org.junit.internal.runners.statements.RunAfters.evaluate(RunAfters.java:27)
	at org.junit.rules.ExpectedException$ExpectedExceptionStatement.evaluate(ExpectedException.java:258)
	at org.junit.internal.runners.statements.FailOnTimeout$CallableStatement.call(FailOnTimeout.java:288)
	at org.junit.internal.runners.statements.FailOnTimeout$CallableStatement.call(FailOnTimeout.java:282)
	at java.util.concurrent.FutureTask.run(FutureTask.java:266)
	at java.lang.Thread.run(Thread.java:748)
</error>
    <system-out><![CDATA[2021-10-31 01:08:08,663 [Time-limited test] INFO  retry.RetryInvocationHandler (RetryInvocationHandler.java:log(411)) - com.google.protobuf.ServiceException: java.io.EOFException: End of File Exception between local host is: "fv-az50-512/10.1.0.98"; destination host is: "localhost":11922; : java.io.EOFException; For more details see:  http://wiki.apache.org/hadoop/EOFException, while invoking $Proxy52.submitRequest over nodeId=omNode-2,nodeAddress=127.0.0.1:11922. Trying to failover after sleeping for 2000ms.
2021-10-31 01:08:08,675 [omNode-3@group-523986131536-FollowerState] INFO  impl.FollowerState (FollowerState.java:run(134)) - omNode-3@group-523986131536-FollowerState: change to CANDIDATE, lastRpcElapsedTime:1023646167ns, electionTimeout:1023ms
2021-10-31 01:08:08,675 [omNode-3@group-523986131536-FollowerState] INFO  impl.RoleInfo (RoleInfo.java:shutdownFollowerState(108)) - omNode-3: shutdown omNode-3@group-523986131536-FollowerState
2021-10-31 01:08:08,675 [omNode-3@group-523986131536-FollowerState] INFO  server.RaftServer$Division (RaftServerImpl.java:setRole(290)) - omNode-3@group-523986131536: changes role from  FOLLOWER to CANDIDATE at term 12 for changeToCandidate
2021-10-31 01:08:08,675 [omNode-3@group-523986131536-FollowerState] INFO  server.RaftServerConfigKeys (ConfUtils.java:logGet(44)) - raft.server.leaderelection.pre-vote = false (custom)
2021-10-31 01:08:08,675 [omNode-3@group-523986131536-FollowerState] INFO  impl.RoleInfo (RoleInfo.java:updateAndGet(130)) - omNode-3: start omNode-3@group-523986131536-LeaderElection27
2021-10-31 01:08:08,679 [omNode-3@group-523986131536-LeaderElection27] INFO  impl.LeaderElection (LeaderElection.java:askForVotes(306)) - omNode-3@group-523986131536-LeaderElection27 ELECTION round 0: submit vote requests at term 13 for 23: [omNode-3|rpc:localhost:11932|admin:|client:|dataStream:|priority:0, omNode-1|rpc:localhost:11920|admin:|client:|dataStream:|priority:0, omNode-2|rpc:localhost:11926|admin:|client:|dataStream:|priority:0], old=null
2021-10-31 01:08:08,684 [grpc-default-executor-8] INFO  server.RaftServer$Division (RaftServerImpl.java:requestVote(1046)) - omNode-1@group-523986131536: receive requestVote(ELECTION, omNode-3, group-523986131536, 13, (t:11, i:24))
2021-10-31 01:08:08,684 [grpc-default-executor-8] INFO  impl.VoteContext (VoteContext.java:log(48)) - omNode-1@group-523986131536-FOLLOWER: accept ELECTION from omNode-3: our last entry (t:2, i:11) < candidate's last entry (t:11, i:24)
2021-10-31 01:08:08,684 [omNode-3@group-523986131536-LeaderElection27] INFO  impl.LeaderElection (LogUtils.java:infoOrTrace(137)) - omNode-3@group-523986131536-LeaderElection27 got exception when requesting votes: java.util.concurrent.ExecutionException: org.apache.ratis.thirdparty.io.grpc.StatusRuntimeException: UNAVAILABLE: io exception
2021-10-31 01:08:08,684 [grpc-default-executor-8] INFO  server.RaftServer$Division (RaftServerImpl.java:setRole(290)) - omNode-1@group-523986131536: changes role from  FOLLOWER to FOLLOWER at term 13 for candidate:omNode-3
2021-10-31 01:08:08,684 [grpc-default-executor-8] INFO  impl.RoleInfo (RoleInfo.java:shutdownFollowerState(108)) - omNode-1: shutdown omNode-1@group-523986131536-FollowerState
2021-10-31 01:08:08,684 [grpc-default-executor-8] INFO  impl.RoleInfo (RoleInfo.java:updateAndGet(130)) - omNode-1: start omNode-1@group-523986131536-FollowerState
2021-10-31 01:08:08,684 [omNode-1@group-523986131536-FollowerState] INFO  impl.FollowerState (FollowerState.java:run(143)) - omNode-1@group-523986131536-FollowerState was interrupted: {}
java.lang.InterruptedException: sleep interrupted
	at java.lang.Thread.sleep(Native Method)
	at java.lang.Thread.sleep(Thread.java:340)
	at java.util.concurrent.TimeUnit.sleep(TimeUnit.java:386)
	at org.apache.ratis.util.TimeDuration.sleep(TimeDuration.java:324)
	at org.apache.ratis.util.TimeDuration.sleep(TimeDuration.java:309)
	at org.apache.ratis.server.impl.FollowerState.run(FollowerState.java:118)
2021-10-31 01:08:08,687 [grpc-default-executor-8] INFO  server.RaftServer$Division (RaftServerImpl.java:requestVote(1078)) - omNode-1@group-523986131536 replies to ELECTION vote request: omNode-3<-omNode-1#0:OK-t13. Peer's state: omNode-1@group-523986131536:t13, leader=null, voted=omNode-3, raftlog=omNode-1@group-523986131536-SegmentedRaftLog:OPENED:c11, conf=23: [omNode-3|rpc:localhost:11932|admin:|client:|dataStream:|priority:0, omNode-1|rpc:localhost:11920|admin:|client:|dataStream:|priority:0, omNode-2|rpc:localhost:11926|admin:|client:|dataStream:|priority:0], old=null
2021-10-31 01:08:08,688 [omNode-3@group-523986131536-LeaderElection27] INFO  impl.LeaderElection (LeaderElection.java:logAndReturn(89)) - omNode-3@group-523986131536-LeaderElection27: ELECTION PASSED received 1 response(s) and 1 exception(s):
2021-10-31 01:08:08,688 [omNode-3@group-523986131536-LeaderElection27] INFO  impl.LeaderElection (LeaderElection.java:logAndReturn(93)) -   Response 0: omNode-3<-omNode-1#0:OK-t13
2021-10-31 01:08:08,688 [omNode-3@group-523986131536-LeaderElection27] INFO  impl.LeaderElection (LogUtils.java:infoOrTrace(137)) -   Exception 1: java.util.concurrent.ExecutionException: org.apache.ratis.thirdparty.io.grpc.StatusRuntimeException: UNAVAILABLE: io exception
2021-10-31 01:08:08,688 [omNode-3@group-523986131536-LeaderElection27] INFO  impl.LeaderElection (LeaderElection.java:askForVotes(308)) - omNode-3@group-523986131536-LeaderElection27 ELECTION round 0: result PASSED
2021-10-31 01:08:08,688 [omNode-3@group-523986131536-LeaderElection27] INFO  impl.RoleInfo (RoleInfo.java:shutdownLeaderElection(121)) - omNode-3: shutdown omNode-3@group-523986131536-LeaderElection27
2021-10-31 01:08:08,688 [omNode-3@group-523986131536-LeaderElection27] INFO  server.RaftServer$Division (RaftServerImpl.java:setRole(290)) - omNode-3@group-523986131536: changes role from CANDIDATE to LEADER at term 13 for changeToLeader
2021-10-31 01:08:08,688 [omNode-3@group-523986131536-LeaderElection27] INFO  server.RaftServer$Division (ServerState.java:setLeader(285)) - omNode-3@group-523986131536: change Leader from null to omNode-3 at term 13 for becomeLeader, leader elected after 1063ms
2021-10-31 01:08:08,688 [omNode-3@group-523986131536-LeaderElection27] INFO  server.RaftServerConfigKeys (ConfUtils.java:logGet(44)) - raft.server.staging.catchup.gap = 1000 (default)
2021-10-31 01:08:08,689 [omNode-3@group-523986131536-LeaderElection27] INFO  server.RaftServerConfigKeys (ConfUtils.java:logGet(44)) - raft.server.write.element-limit = 4096 (default)
2021-10-31 01:08:08,689 [omNode-3@group-523986131536-LeaderElection27] INFO  server.RaftServerConfigKeys (ConfUtils.java:logGet(44)) - raft.server.write.byte-limit = 64MB (=67108864) (default)
2021-10-31 01:08:08,689 [omNode-3@group-523986131536-LeaderElection27] INFO  server.RaftServerConfigKeys (ConfUtils.java:logGet(44)) - raft.server.watch.timeout = 10s (default)
2021-10-31 01:08:08,689 [omNode-3@group-523986131536-LeaderElection27] INFO  server.RaftServerConfigKeys (ConfUtils.java:logGet(44)) - raft.server.watch.timeout.denomination = 1s (default)
2021-10-31 01:08:08,689 [omNode-3@group-523986131536-LeaderElection27] INFO  server.RaftServerConfigKeys (ConfUtils.java:logGet(44)) - raft.server.watch.element-limit = 65536 (default)
2021-10-31 01:08:08,689 [omNode-3@group-523986131536-LeaderElection27] INFO  server.RaftServerConfigKeys (ConfUtils.java:logGet(44)) - raft.server.write.element-limit = 4096 (default)
2021-10-31 01:08:08,689 [omNode-3@group-523986131536-LeaderElection27] INFO  server.RaftServerConfigKeys (ConfUtils.java:logGet(44)) - raft.server.write.follower.gap.ratio.max = -1.0 (default)
2021-10-31 01:08:08,689 [omNode-3@group-523986131536-LeaderElection27] INFO  server.RaftServerConfigKeys (ConfUtils.java:logGet(44)) - raft.server.log.appender.snapshot.chunk.size.max = 16MB (=16777216) (default)
2021-10-31 01:08:08,689 [omNode-3@group-523986131536-LeaderElection27] INFO  server.RaftServerConfigKeys (ConfUtils.java:logGet(44)) - raft.server.log.appender.buffer.byte-limit = 33554432 (custom)
2021-10-31 01:08:08,689 [omNode-3@group-523986131536-LeaderElection27] INFO  server.RaftServerConfigKeys (ConfUtils.java:logGet(44)) - raft.server.log.appender.buffer.element-limit = 1024 (custom)
2021-10-31 01:08:08,690 [omNode-3@group-523986131536-LeaderElection27] INFO  grpc.GrpcConfigKeys (ConfUtils.java:logGet(44)) - raft.grpc.server.leader.outstanding.appends.max = 128 (default)
2021-10-31 01:08:08,690 [omNode-3@group-523986131536-LeaderElection27] INFO  server.RaftServerConfigKeys (ConfUtils.java:logGet(44)) - raft.server.rpc.request.timeout = 3000ms (default)
2021-10-31 01:08:08,690 [omNode-3@group-523986131536-LeaderElection27] INFO  server.RaftServerConfigKeys (ConfUtils.java:logGet(44)) - raft.server.log.appender.install.snapshot.enabled = false (custom)
2021-10-31 01:08:08,691 [omNode-3@group-523986131536-LeaderElection27] INFO  server.RaftServerConfigKeys (ConfUtils.java:logGet(44)) - raft.server.log.appender.snapshot.chunk.size.max = 16MB (=16777216) (default)
2021-10-31 01:08:08,691 [omNode-3@group-523986131536-LeaderElection27] INFO  server.RaftServerConfigKeys (ConfUtils.java:logGet(44)) - raft.server.log.appender.buffer.byte-limit = 33554432 (custom)
2021-10-31 01:08:08,691 [omNode-3@group-523986131536-LeaderElection27] INFO  server.RaftServerConfigKeys (ConfUtils.java:logGet(44)) - raft.server.log.appender.buffer.element-limit = 1024 (custom)
2021-10-31 01:08:08,691 [omNode-3@group-523986131536-LeaderElection27] INFO  grpc.GrpcConfigKeys (ConfUtils.java:logGet(44)) - raft.grpc.server.leader.outstanding.appends.max = 128 (default)
2021-10-31 01:08:08,691 [omNode-3@group-523986131536-LeaderElection27] INFO  server.RaftServerConfigKeys (ConfUtils.java:logGet(44)) - raft.server.rpc.request.timeout = 3000ms (default)
2021-10-31 01:08:08,691 [omNode-3@group-523986131536-LeaderElection27] INFO  server.RaftServerConfigKeys (ConfUtils.java:logGet(44)) - raft.server.log.appender.install.snapshot.enabled = false (custom)
2021-10-31 01:08:08,692 [omNode-3@group-523986131536-LeaderElection27] INFO  impl.RoleInfo (RoleInfo.java:updateAndGet(130)) - omNode-3: start omNode-3@group-523986131536-LeaderStateImpl
2021-10-31 01:08:08,692 [omNode-3@group-523986131536-LeaderElection27] INFO  segmented.SegmentedRaftLogWorker (SegmentedRaftLogWorker.java:rollLogSegment(399)) - omNode-3@group-523986131536-SegmentedRaftLogWorker: Rolling segment log-23_24 to index:24
2021-10-31 01:08:08,693 [omNode-3@group-523986131536-SegmentedRaftLogWorker] INFO  segmented.SegmentedRaftLogWorker (SegmentedRaftLogWorker.java:execute(558)) - omNode-3@group-523986131536-SegmentedRaftLogWorker: Rolled log segment from /home/runner/work/ozone/ozone/hadoop-ozone/integration-test/target/test-dir/MiniOzoneClusterImpl-b8864bcf-37cc-42b5-82cc-559abfd78a8f/omNode-3/ratis/c9bc4cf4-3bc3-3c60-a66b-523986131536/current/log_inprogress_23 to /home/runner/work/ozone/ozone/hadoop-ozone/integration-test/target/test-dir/MiniOzoneClusterImpl-b8864bcf-37cc-42b5-82cc-559abfd78a8f/omNode-3/ratis/c9bc4cf4-3bc3-3c60-a66b-523986131536/current/log_23-24
2021-10-31 01:08:08,693 [grpc-default-executor-8] WARN  server.GrpcLogAppender (LogUtils.java:warn(122)) - omNode-3@group-523986131536->omNode-2-AppendLogResponseHandler: Failed appendEntries: org.apache.ratis.thirdparty.io.grpc.StatusRuntimeException: UNAVAILABLE: io exception
2021-10-31 01:08:08,695 [grpc-default-executor-8] WARN  server.GrpcLogAppender (GrpcLogAppender.java:resetClient(110)) - omNode-3@group-523986131536->omNode-2-GrpcLogAppender: Leader has not got in touch with Follower omNode-3@group-523986131536->omNode-2(c-1,m0,n26, attendVote=true, lastRpcSendTime=1, lastRpcResponseTime=1205) yet, just keep nextIndex unchanged and retry.
2021-10-31 01:08:08,699 [omNode-3@group-523986131536-LeaderElection27] INFO  server.RaftServer$Division (ServerState.java:setRaftConf(387)) - omNode-3@group-523986131536: set configuration 25: [omNode-3|rpc:localhost:11932|admin:|client:|dataStream:|priority:0, omNode-1|rpc:localhost:11920|admin:|client:|dataStream:|priority:0, omNode-2|rpc:localhost:11926|admin:|client:|dataStream:|priority:0], old=null
2021-10-31 01:08:08,702 [omNode-3@group-523986131536-SegmentedRaftLogWorker] INFO  segmented.SegmentedRaftLogWorker (SegmentedRaftLogWorker.java:execute(601)) - omNode-3@group-523986131536-SegmentedRaftLogWorker: created new log segment /home/runner/work/ozone/ozone/hadoop-ozone/integration-test/target/test-dir/MiniOzoneClusterImpl-b8864bcf-37cc-42b5-82cc-559abfd78a8f/omNode-3/ratis/c9bc4cf4-3bc3-3c60-a66b-523986131536/current/log_inprogress_25
2021-10-31 01:08:08,705 [grpc-default-executor-8] INFO  server.RaftServer$Division (ServerState.java:setLeader(285)) - omNode-1@group-523986131536: change Leader from null to omNode-3 at term 13 for appendEntries, leader elected after 1088ms
2021-10-31 01:08:08,705 [grpc-default-executor-8] INFO  server.RaftServer$Division (RaftServerImpl.java:checkInconsistentAppendEntries(1322)) - omNode-1@group-523986131536: Failed appendEntries as previous log entry ((t:11, i:24)) is not found
2021-10-31 01:08:08,705 [grpc-default-executor-8] INFO  server.RaftServer$Division (RaftServerImpl.java:checkInconsistentAppendEntries(1288)) - omNode-1@group-523986131536: inconsistency entries. Reply:omNode-3<-omNode-1#0:FAIL-t13,INCONSISTENCY,nextIndex=12,followerCommit=11
2021-10-31 01:08:08,706 [grpc-default-executor-8] INFO  leader.FollowerInfo (FollowerInfoImpl.java:lambda$new$0(47)) - omNode-3@group-523986131536->omNode-1: nextIndex: updateUnconditionally 26 -> 12
2021-10-31 01:08:08,706 [grpc-default-executor-8] INFO  server.RaftServer$Division (RaftServerImpl.java:checkInconsistentAppendEntries(1322)) - omNode-1@group-523986131536: Failed appendEntries as previous log entry ((t:11, i:24)) is not found
2021-10-31 01:08:08,706 [grpc-default-executor-8] INFO  server.RaftServer$Division (RaftServerImpl.java:checkInconsistentAppendEntries(1288)) - omNode-1@group-523986131536: inconsistency entries. Reply:omNode-3<-omNode-1#1:FAIL-t13,INCONSISTENCY,nextIndex=12,followerCommit=11
2021-10-31 01:08:08,710 [grpc-default-executor-8] INFO  leader.FollowerInfo (FollowerInfoImpl.java:lambda$new$0(47)) - omNode-3@group-523986131536->omNode-1: nextIndex: updateUnconditionally 12 -> 12
2021-10-31 01:08:08,710 [omNode-3@group-523986131536->omNode-1-GrpcLogAppender-LogAppenderDaemon] ERROR leader.LogAppenderDaemon (LogAppenderDaemon.java:run(86)) - omNode-3@group-523986131536->omNode-1-GrpcLogAppender-LogAppenderDaemon failed
java.lang.NullPointerException: omNode-3@group-523986131536->omNode-1: Previous TermIndex not found for firstIndex = 12
	at java.util.Objects.requireNonNull(Objects.java:290)
	at org.apache.ratis.server.leader.LogAppenderBase.assertProtos(LogAppenderBase.java:169)
	at org.apache.ratis.server.leader.LogAppenderBase.newAppendEntriesRequest(LogAppenderBase.java:154)
	at org.apache.ratis.grpc.server.GrpcLogAppender.appendLog(GrpcLogAppender.java:213)
	at org.apache.ratis.grpc.server.GrpcLogAppender.run(GrpcLogAppender.java:147)
	at org.apache.ratis.server.leader.LogAppenderDaemon.run(LogAppenderDaemon.java:77)
	at java.lang.Thread.run(Thread.java:748)
2021-10-31 01:08:08,710 [omNode-3@group-523986131536->omNode-1-GrpcLogAppender-LogAppenderDaemon] INFO  server.RaftServer$Division (LeaderStateImpl.java:restart(514)) - omNode-3@group-523986131536-LeaderStateImpl: Restarting GrpcLogAppender for omNode-3@group-523986131536->omNode-1
2021-10-31 01:08:08,710 [omNode-3@group-523986131536->omNode-1-GrpcLogAppender-LogAppenderDaemon] INFO  server.RaftServerConfigKeys (ConfUtils.java:logGet(44)) - raft.server.log.appender.snapshot.chunk.size.max = 16MB (=16777216) (default)
2021-10-31 01:08:08,710 [omNode-3@group-523986131536->omNode-1-GrpcLogAppender-LogAppenderDaemon] INFO  server.RaftServerConfigKeys (ConfUtils.java:logGet(44)) - raft.server.log.appender.buffer.byte-limit = 33554432 (custom)
2021-10-31 01:08:08,710 [omNode-3@group-523986131536->omNode-1-GrpcLogAppender-LogAppenderDaemon] INFO  server.RaftServerConfigKeys (ConfUtils.java:logGet(44)) - raft.server.log.appender.buffer.element-limit = 1024 (custom)
2021-10-31 01:08:08,711 [omNode-3@group-523986131536->omNode-1-GrpcLogAppender-LogAppenderDaemon] INFO  grpc.GrpcConfigKeys (ConfUtils.java:logGet(44)) - raft.grpc.server.leader.outstanding.appends.max = 128 (default)
2021-10-31 01:08:08,711 [omNode-3@group-523986131536->omNode-1-GrpcLogAppender-LogAppenderDaemon] INFO  server.RaftServerConfigKeys (ConfUtils.java:logGet(44)) - raft.server.rpc.request.timeout = 3000ms (default)
2021-10-31 01:08:08,711 [omNode-3@group-523986131536->omNode-1-GrpcLogAppender-LogAppenderDaemon] INFO  server.RaftServerConfigKeys (ConfUtils.java:logGet(44)) - raft.server.log.appender.install.snapshot.enabled = false (custom)
2021-10-31 01:08:08,718 [omNode-3@group-523986131536->omNode-1-GrpcLogAppender-LogAppenderDaemon] INFO  server.GrpcLogAppender (GrpcLogAppender.java:installSnapshot(550)) - omNode-3@group-523986131536->omNode-1-GrpcLogAppender: followerNextIndex = 0 but logStartIndex = 12, notify follower to install snapshot-(t:3, i:12)
2021-10-31 01:08:08,718 [omNode-3@group-523986131536->omNode-1-GrpcLogAppender-LogAppenderDaemon] INFO  server.GrpcLogAppender (GrpcLogAppender.java:installSnapshot(558)) - omNode-3@group-523986131536->omNode-1-GrpcLogAppender: send omNode-3->omNode-1#0-t13,notify:(t:3, i:12)
2021-10-31 01:08:08,721 [grpc-default-executor-8] INFO  server.RaftServer$Division (RaftServerImpl.java:installSnapshot(1332)) - omNode-1@group-523986131536: receive installSnapshot: omNode-3->omNode-1#0-t13,notify:(t:3, i:12)
2021-10-31 01:08:08,721 [grpc-default-executor-8] INFO  server.RaftServer$Division (RaftServerImpl.java:notifyStateMachineToInstallSnapshot(1551)) - omNode-1@group-523986131536: Received notification to install snapshot at index 12
2021-10-31 01:08:08,721 [grpc-default-executor-8] INFO  server.RaftServer$Division (RaftServerImpl.java:notifyStateMachineToInstallSnapshot(1559)) - omNode-1@group-523986131536: InstallSnapshot notification result: ALREADY_INSTALLED, current snapshot index: 11
2021-10-31 01:08:08,722 [grpc-default-executor-8] INFO  server.RaftServer$Division (RaftServerImpl.java:installSnapshotImpl(1462)) - omNode-1@group-523986131536: set new configuration index: 25
configurationEntry {
  peers {
    id: "omNode-3"
    address: "localhost:11932"
  }
  peers {
    id: "omNode-1"
    address: "localhost:11920"
  }
  peers {
    id: "omNode-2"
    address: "localhost:11926"
  }
}
 from snapshot
2021-10-31 01:08:08,722 [grpc-default-executor-8] INFO  server.RaftServer$Division (ServerState.java:setRaftConf(387)) - omNode-1@group-523986131536: set configuration 25: [omNode-3|rpc:localhost:11932|admin:|client:|dataStream:|priority:0, omNode-1|rpc:localhost:11920|admin:|client:|dataStream:|priority:0, omNode-2|rpc:localhost:11926|admin:|client:|dataStream:|priority:0], old=null
2021-10-31 01:08:08,722 [grpc-default-executor-8] INFO  ratis.OzoneManagerStateMachine (OzoneManagerStateMachine.java:notifyConfigurationChanged(188)) - Received Configuration change notification from Ratis. New Peer list:
[id: "omNode-3"
address: "localhost:11932"
, id: "omNode-1"
address: "localhost:11920"
, id: "omNode-2"
address: "localhost:11926"
]
2021-10-31 01:08:08,722 [grpc-default-executor-8] INFO  server.RaftServer$Division (RaftServerImpl.java:installSnapshot(1343)) - omNode-1@group-523986131536: reply installSnapshot: omNode-3<-omNode-1#0:FAIL-t13,ALREADY_INSTALLED,snapshotIndex=11
2021-10-31 01:08:08,722 [grpc-default-executor-8] INFO  server.GrpcServerProtocolService (GrpcServerProtocolService.java:onCompleted(140)) - omNode-1: Completed INSTALL_SNAPSHOT, lastRequest: omNode-3->omNode-1#0-t13,notify:(t:3, i:12)
2021-10-31 01:08:08,723 [grpc-default-executor-8] INFO  server.GrpcLogAppender (GrpcLogAppender.java:onNext(410)) - omNode-3@group-523986131536->omNode-1-InstallSnapshotResponseHandler: received the first reply omNode-3<-omNode-1#0:FAIL-t13,ALREADY_INSTALLED,snapshotIndex=11
2021-10-31 01:08:08,724 [grpc-default-executor-8] INFO  server.GrpcLogAppender (GrpcLogAppender.java:onNext(433)) - omNode-3@group-523986131536->omNode-1-InstallSnapshotResponseHandler: Follower snapshot is already at index 11.
2021-10-31 01:08:08,724 [grpc-default-executor-8] INFO  leader.FollowerInfo (FollowerInfoImpl.java:lambda$new$0(47)) - omNode-3@group-523986131536->omNode-1: snapshotIndex: setUnconditionally 0 -> 11
2021-10-31 01:08:08,724 [grpc-default-executor-8] INFO  leader.FollowerInfo (FollowerInfoImpl.java:lambda$new$0(47)) - omNode-3@group-523986131536->omNode-1: matchIndex: setUnconditionally 0 -> 11
2021-10-31 01:08:08,724 [grpc-default-executor-8] INFO  leader.FollowerInfo (FollowerInfoImpl.java:lambda$new$0(47)) - omNode-3@group-523986131536->omNode-1: nextIndex: setUnconditionally 0 -> 12
2021-10-31 01:08:08,724 [grpc-default-executor-8] INFO  leader.FollowerInfo (FollowerInfoImpl.java:setAttemptedToInstallSnapshot(116)) - Follower omNode-3@group-523986131536->omNode-1 acknowledged installing snapshot
2021-10-31 01:08:08,728 [grpc-default-executor-8] INFO  leader.FollowerInfo (FollowerInfoImpl.java:lambda$new$0(47)) - omNode-3@group-523986131536->omNode-1: nextIndex: updateToMax old=12, new=12, updated? false
2021-10-31 01:08:09,198 [grpc-default-executor-8] INFO  server.RaftServer$Division (ServerState.java:setLeader(285)) - omNode-2@group-523986131536: change Leader from null to omNode-3 at term 13 for appendEntries, leader elected after 594ms
2021-10-31 01:08:09,198 [grpc-default-executor-8] INFO  server.RaftServer$Division (RaftServerImpl.java:checkInconsistentAppendEntries(1322)) - omNode-2@group-523986131536: Failed appendEntries as previous log entry ((t:13, i:25)) is not found
2021-10-31 01:08:09,198 [grpc-default-executor-8] INFO  server.RaftServer$Division (RaftServerImpl.java:checkInconsistentAppendEntries(1288)) - omNode-2@group-523986131536: inconsistency entries. Reply:omNode-3<-omNode-2#1155424:FAIL-t11,INCONSISTENCY,nextIndex=25,followerCommit=24
2021-10-31 01:08:09,199 [grpc-default-executor-8] INFO  leader.FollowerInfo (FollowerInfoImpl.java:lambda$new$0(47)) - omNode-3@group-523986131536->omNode-2: nextIndex: updateUnconditionally 26 -> 25
2021-10-31 01:08:09,201 [grpc-default-executor-8] INFO  server.RaftServer$Division (ServerState.java:setRaftConf(387)) - omNode-2@group-523986131536: set configuration 25: [omNode-3|rpc:localhost:11932|admin:|client:|dataStream:|priority:0, omNode-1|rpc:localhost:11920|admin:|client:|dataStream:|priority:0, omNode-2|rpc:localhost:11926|admin:|client:|dataStream:|priority:0], old=null
2021-10-31 01:08:09,201 [grpc-default-executor-8] INFO  segmented.SegmentedRaftLogWorker (SegmentedRaftLogWorker.java:rollLogSegment(399)) - omNode-2@group-523986131536-SegmentedRaftLogWorker: Rolling segment log-23_24 to index:24
2021-10-31 01:08:09,202 [omNode-2@group-523986131536-SegmentedRaftLogWorker] INFO  segmented.SegmentedRaftLogWorker (SegmentedRaftLogWorker.java:execute(558)) - omNode-2@group-523986131536-SegmentedRaftLogWorker: Rolled log segment from /home/runner/work/ozone/ozone/hadoop-ozone/integration-test/target/test-dir/MiniOzoneClusterImpl-b8864bcf-37cc-42b5-82cc-559abfd78a8f/omNode-2/ratis/c9bc4cf4-3bc3-3c60-a66b-523986131536/current/log_inprogress_23 to /home/runner/work/ozone/ozone/hadoop-ozone/integration-test/target/test-dir/MiniOzoneClusterImpl-b8864bcf-37cc-42b5-82cc-559abfd78a8f/omNode-2/ratis/c9bc4cf4-3bc3-3c60-a66b-523986131536/current/log_23-24
2021-10-31 01:08:09,208 [omNode-2@group-523986131536-SegmentedRaftLogWorker] INFO  segmented.SegmentedRaftLogWorker (SegmentedRaftLogWorker.java:execute(601)) - omNode-2@group-523986131536-SegmentedRaftLogWorker: created new log segment /home/runner/work/ozone/ozone/hadoop-ozone/integration-test/target/test-dir/MiniOzoneClusterImpl-b8864bcf-37cc-42b5-82cc-559abfd78a8f/omNode-2/ratis/c9bc4cf4-3bc3-3c60-a66b-523986131536/current/log_inprogress_25
2021-10-31 01:08:09,211 [omNode-3@group-523986131536-StateMachineUpdater] INFO  ratis.OzoneManagerStateMachine (OzoneManagerStateMachine.java:notifyConfigurationChanged(188)) - Received Configuration change notification from Ratis. New Peer list:
[id: "omNode-3"
address: "localhost:11932"
, id: "omNode-1"
address: "localhost:11920"
, id: "omNode-2"
address: "localhost:11926"
]
2021-10-31 01:08:09,212 [grpc-default-executor-10] INFO  server.RaftServer$Division (RaftServerImpl.java:checkInconsistentAppendEntries(1322)) - omNode-1@group-523986131536: Failed appendEntries as previous log entry ((t:13, i:25)) is not found
2021-10-31 01:08:09,213 [grpc-default-executor-10] INFO  server.RaftServer$Division (RaftServerImpl.java:checkInconsistentAppendEntries(1288)) - omNode-1@group-523986131536: inconsistency entries. Reply:omNode-3<-omNode-1#49:FAIL-t13,INCONSISTENCY,nextIndex=12,followerCommit=11
2021-10-31 01:08:09,215 [omNode-2@group-523986131536-StateMachineUpdater] INFO  ratis.OzoneManagerStateMachine (OzoneManagerStateMachine.java:notifyConfigurationChanged(188)) - Received Configuration change notification from Ratis. New Peer list:
[id: "omNode-3"
address: "localhost:11932"
, id: "omNode-1"
address: "localhost:11920"
, id: "omNode-2"
address: "localhost:11926"
]
2021-10-31 01:08:09,713 [grpc-default-executor-8] INFO  server.RaftServer$Division (RaftServerImpl.java:checkInconsistentAppendEntries(1322)) - omNode-1@group-523986131536: Failed appendEntries as previous log entry ((t:13, i:26)) is not found
2021-10-31 01:08:09,713 [grpc-default-executor-8] INFO  server.RaftServer$Division (RaftServerImpl.java:checkInconsistentAppendEntries(1288)) - omNode-1@group-523986131536: inconsistency entries. Reply:omNode-3<-omNode-1#102:FAIL-t13,INCONSISTENCY,nextIndex=12,followerCommit=11
2021-10-31 01:08:09,714 [grpc-default-executor-8] INFO  leader.FollowerInfo (FollowerInfoImpl.java:lambda$new$0(47)) - omNode-3@group-523986131536->omNode-1: nextIndex: updateUnconditionally 27 -> 12
2021-10-31 01:08:10,218 [grpc-default-executor-8] INFO  server.RaftServer$Division (RaftServerImpl.java:checkInconsistentAppendEntries(1322)) - omNode-1@group-523986131536: Failed appendEntries as previous log entry ((t:13, i:26)) is not found
2021-10-31 01:08:10,218 [grpc-default-executor-8] INFO  server.RaftServer$Division (RaftServerImpl.java:checkInconsistentAppendEntries(1288)) - omNode-1@group-523986131536: inconsistency entries. Reply:omNode-3<-omNode-1#153:FAIL-t13,INCONSISTENCY,nextIndex=12,followerCommit=11
2021-10-31 01:08:10,219 [grpc-default-executor-8] INFO  leader.FollowerInfo (FollowerInfoImpl.java:lambda$new$0(47)) - omNode-3@group-523986131536->omNode-1: nextIndex: updateUnconditionally 27 -> 12
2021-10-31 01:08:10,664 [Time-limited test] INFO  retry.RetryInvocationHandler (RetryInvocationHandler.java:log(411)) - com.google.protobuf.ServiceException: java.io.EOFException: End of File Exception between local host is: "fv-az50-512/10.1.0.98"; destination host is: "localhost":11916; : java.io.EOFException; For more details see:  http://wiki.apache.org/hadoop/EOFException, while invoking $Proxy52.submitRequest over nodeId=omNode-1,nodeAddress=127.0.0.1:11916 after 1 failover attempts. Trying to failover immediately.
2021-10-31 01:08:10,680 [Time-limited test] INFO  retry.RetryInvocationHandler (RetryInvocationHandler.java:log(411)) - com.google.protobuf.ServiceException: org.apache.hadoop.ipc.RemoteException(org.apache.hadoop.ozone.om.exceptions.OMNotLeaderException): OM:omNode-2 is not the leader. Could not determine the leader node.
	at org.apache.hadoop.ozone.om.ratis.utils.OzoneManagerRatisUtils.createNotLeaderException(OzoneManagerRatisUtils.java:465)
	at org.apache.hadoop.ozone.om.ratis.utils.OzoneManagerRatisUtils.checkLeaderStatus(OzoneManagerRatisUtils.java:451)
	at org.apache.hadoop.ozone.protocolPB.OzoneManagerProtocolServerSideTranslatorPB.checkLeaderStatus(OzoneManagerProtocolServerSideTranslatorPB.java:248)
	at org.apache.hadoop.ozone.protocolPB.OzoneManagerProtocolServerSideTranslatorPB.processRequest(OzoneManagerProtocolServerSideTranslatorPB.java:135)
	at org.apache.hadoop.hdds.server.OzoneProtocolMessageDispatcher.processRequest(OzoneProtocolMessageDispatcher.java:87)
	at org.apache.hadoop.ozone.protocolPB.OzoneManagerProtocolServerSideTranslatorPB.submitRequest(OzoneManagerProtocolServerSideTranslatorPB.java:124)
	at org.apache.hadoop.ozone.protocol.proto.OzoneManagerProtocolProtos$OzoneManagerService$2.callBlockingMethod(OzoneManagerProtocolProtos.java)
	at org.apache.hadoop.ipc.ProtobufRpcEngine$Server.processCall(ProtobufRpcEngine.java:466)
	at org.apache.hadoop.ipc.ProtobufRpcEngine2$Server$ProtoBufRpcInvoker.call(ProtobufRpcEngine2.java:574)
	at org.apache.hadoop.ipc.ProtobufRpcEngine2$Server$ProtoBufRpcInvoker.call(ProtobufRpcEngine2.java:552)
	at org.apache.hadoop.ipc.RPC$Server.call(RPC.java:1093)
	at org.apache.hadoop.ipc.Server$RpcCall.run(Server.java:1035)
	at org.apache.hadoop.ipc.Server$RpcCall.run(Server.java:963)
	at java.security.AccessController.doPrivileged(Native Method)
	at javax.security.auth.Subject.doAs(Subject.java:422)
	at org.apache.hadoop.security.UserGroupInformation.doAs(UserGroupInformation.java:1878)
	at org.apache.hadoop.ipc.Server$Handler.run(Server.java:2966)
, while invoking $Proxy52.submitRequest over nodeId=omNode-2,nodeAddress=127.0.0.1:11922 after 2 failover attempts. Trying to failover immediately.
2021-10-31 01:08:10,681 [Time-limited test] INFO  retry.RetryInvocationHandler (RetryInvocationHandler.java:log(411)) - com.google.protobuf.ServiceException: java.io.EOFException: End of File Exception between local host is: "fv-az50-512/10.1.0.98"; destination host is: "localhost":11928; : java.io.EOFException; For more details see:  http://wiki.apache.org/hadoop/EOFException, while invoking $Proxy52.submitRequest over nodeId=omNode-3,nodeAddress=127.0.0.1:11928 after 3 failover attempts. Trying to failover after sleeping for 2000ms.
2021-10-31 01:08:10,720 [grpc-default-executor-8] INFO  server.RaftServer$Division (RaftServerImpl.java:checkInconsistentAppendEntries(1322)) - omNode-1@group-523986131536: Failed appendEntries as previous log entry ((t:13, i:26)) is not found
2021-10-31 01:08:10,721 [grpc-default-executor-8] INFO  server.RaftServer$Division (RaftServerImpl.java:checkInconsistentAppendEntries(1288)) - omNode-1@group-523986131536: inconsistency entries. Reply:omNode-3<-omNode-1#203:FAIL-t13,INCONSISTENCY,nextIndex=12,followerCommit=11
2021-10-31 01:08:10,721 [grpc-default-executor-8] INFO  leader.FollowerInfo (FollowerInfoImpl.java:lambda$new$0(47)) - omNode-3@group-523986131536->omNode-1: nextIndex: updateUnconditionally 27 -> 12
2021-10-31 01:08:11,223 [grpc-default-executor-8] INFO  server.RaftServer$Division (RaftServerImpl.java:checkInconsistentAppendEntries(1322)) - omNode-1@group-523986131536: Failed appendEntries as previous log entry ((t:13, i:26)) is not found
2021-10-31 01:08:11,224 [grpc-default-executor-8] INFO  server.RaftServer$Division (RaftServerImpl.java:checkInconsistentAppendEntries(1288)) - omNode-1@group-523986131536: inconsistency entries. Reply:omNode-3<-omNode-1#254:FAIL-t13,INCONSISTENCY,nextIndex=12,followerCommit=11
2021-10-31 01:08:11,224 [grpc-default-executor-8] INFO  leader.FollowerInfo (FollowerInfoImpl.java:lambda$new$0(47)) - omNode-3@group-523986131536->omNode-1: nextIndex: updateUnconditionally 27 -> 12
2021-10-31 01:08:11,726 [grpc-default-executor-8] INFO  server.RaftServer$Division (RaftServerImpl.java:checkInconsistentAppendEntries(1322)) - omNode-1@group-523986131536: Failed appendEntries as previous log entry ((t:13, i:26)) is not found
2021-10-31 01:08:11,727 [grpc-default-executor-8] INFO  server.RaftServer$Division (RaftServerImpl.java:checkInconsistentAppendEntries(1288)) - omNode-1@group-523986131536: inconsistency entries. Reply:omNode-3<-omNode-1#304:FAIL-t13,INCONSISTENCY,nextIndex=12,followerCommit=11
2021-10-31 01:08:11,727 [grpc-default-executor-8] INFO  leader.FollowerInfo (FollowerInfoImpl.java:lambda$new$0(47)) - omNode-3@group-523986131536->omNode-1: nextIndex: updateUnconditionally 27 -> 12
2021-10-31 01:08:12,229 [grpc-default-executor-8] INFO  server.RaftServer$Division (RaftServerImpl.java:checkInconsistentAppendEntries(1322)) - omNode-1@group-523986131536: Failed appendEntries as previous log entry ((t:13, i:26)) is not found
2021-10-31 01:08:12,230 [grpc-default-executor-8] INFO  server.RaftServer$Division (RaftServerImpl.java:checkInconsistentAppendEntries(1288)) - omNode-1@group-523986131536: inconsistency entries. Reply:omNode-3<-omNode-1#355:FAIL-t13,INCONSISTENCY,nextIndex=12,followerCommit=11
2021-10-31 01:08:12,231 [grpc-default-executor-8] INFO  leader.FollowerInfo (FollowerInfoImpl.java:lambda$new$0(47)) - omNode-3@group-523986131536->omNode-1: nextIndex: updateUnconditionally 27 -> 12
2021-10-31 01:08:12,689 [Time-limited test] INFO  retry.RetryInvocationHandler (RetryInvocationHandler.java:log(411)) - com.google.protobuf.ServiceException: org.apache.hadoop.ipc.RemoteException(org.apache.hadoop.ozone.om.exceptions.OMNotLeaderException): OM:omNode-1 is not the leader. Could not determine the leader node.
	at org.apache.hadoop.ozone.om.ratis.utils.OzoneManagerRatisUtils.createNotLeaderException(OzoneManagerRatisUtils.java:465)
	at org.apache.hadoop.ozone.om.ratis.utils.OzoneManagerRatisUtils.checkLeaderStatus(OzoneManagerRatisUtils.java:451)
	at org.apache.hadoop.ozone.protocolPB.OzoneManagerProtocolServerSideTranslatorPB.checkLeaderStatus(OzoneManagerProtocolServerSideTranslatorPB.java:248)
	at org.apache.hadoop.ozone.protocolPB.OzoneManagerProtocolServerSideTranslatorPB.processRequest(OzoneManagerProtocolServerSideTranslatorPB.java:135)
	at org.apache.hadoop.hdds.server.OzoneProtocolMessageDispatcher.processRequest(OzoneProtocolMessageDispatcher.java:87)
	at org.apache.hadoop.ozone.protocolPB.OzoneManagerProtocolServerSideTranslatorPB.submitRequest(OzoneManagerProtocolServerSideTranslatorPB.java:124)
	at org.apache.hadoop.ozone.protocol.proto.OzoneManagerProtocolProtos$OzoneManagerService$2.callBlockingMethod(OzoneManagerProtocolProtos.java)
	at org.apache.hadoop.ipc.ProtobufRpcEngine$Server.processCall(ProtobufRpcEngine.java:466)
	at org.apache.hadoop.ipc.ProtobufRpcEngine2$Server$ProtoBufRpcInvoker.call(ProtobufRpcEngine2.java:574)
	at org.apache.hadoop.ipc.ProtobufRpcEngine2$Server$ProtoBufRpcInvoker.call(ProtobufRpcEngine2.java:552)
	at org.apache.hadoop.ipc.RPC$Server.call(RPC.java:1093)
	at org.apache.hadoop.ipc.Server$RpcCall.run(Server.java:1035)
	at org.apache.hadoop.ipc.Server$RpcCall.run(Server.java:963)
	at java.security.AccessController.doPrivileged(Native Method)
	at javax.security.auth.Subject.doAs(Subject.java:422)
	at org.apache.hadoop.security.UserGroupInformation.doAs(UserGroupInformation.java:1878)
	at org.apache.hadoop.ipc.Server$Handler.run(Server.java:2966)
, while invoking $Proxy52.submitRequest over nodeId=omNode-1,nodeAddress=127.0.0.1:11916 after 4 failover attempts. Trying to failover immediately.
2021-10-31 01:08:12,698 [Time-limited test] ERROR ha.OMFailoverProxyProvider (OMFailoverProxyProvider.java:getRetryAction(292)) - Failed to connect to OMs: [nodeId=omNode-3,nodeAddress=127.0.0.1:11928, nodeId=omNode-1,nodeAddress=127.0.0.1:11916, nodeId=omNode-2,nodeAddress=127.0.0.1:11922]. Attempted 5 failovers.
2021-10-31 01:08:12,699 [Time-limited test] INFO  om.OzoneManager (OzoneManager.java:stop(1677)) - Stopping Ozone Manager
2021-10-31 01:08:12,699 [Time-limited test] INFO  ipc.Server (Server.java:stop(3414)) - Stopping server on 11928
2021-10-31 01:08:12,701 [IPC Server listener on 11928] INFO  ipc.Server (Server.java:run(1376)) - Stopping IPC Server listener on 11928
2021-10-31 01:08:12,702 [IPC Server Responder] INFO  ipc.Server (Server.java:run(1512)) - Stopping IPC Server Responder
2021-10-31 01:08:12,703 [Time-limited test] INFO  server.RaftServer (RaftServerProxy.java:lambda$close$6(391)) - omNode-3: close
2021-10-31 01:08:12,703 [Time-limited test] INFO  server.RaftServer$Division (RaftServerImpl.java:lambda$close$4(412)) - omNode-3@group-523986131536: shutdown
2021-10-31 01:08:12,703 [Time-limited test] INFO  util.JmxRegister (JmxRegister.java:unregister(73)) - Successfully un-registered JMX Bean with object name Ratis:service=RaftServer,group=group-523986131536,id=omNode-3
2021-10-31 01:08:12,705 [Time-limited test] INFO  impl.RoleInfo (RoleInfo.java:shutdownLeaderState(91)) - omNode-3: shutdown omNode-3@group-523986131536-LeaderStateImpl
2021-10-31 01:08:12,707 [Time-limited test] INFO  impl.PendingRequests (PendingRequests.java:sendNotLeaderResponses(282)) - omNode-3@group-523986131536-PendingRequests: sendNotLeaderResponses
2021-10-31 01:08:12,707 [omNode-3@group-523986131536->omNode-2-GrpcLogAppender-LogAppenderDaemon] WARN  server.GrpcLogAppender (GrpcLogAppender.java:mayWait(177)) - omNode-3@group-523986131536->omNode-2-GrpcLogAppender: Wait interrupted by java.lang.InterruptedException
2021-10-31 01:08:12,707 [omNode-3@group-523986131536->omNode-1-GrpcLogAppender-LogAppenderDaemon] WARN  server.GrpcLogAppender (GrpcLogAppender.java:mayWait(177)) - omNode-3@group-523986131536->omNode-1-GrpcLogAppender: Wait interrupted by java.lang.InterruptedException
2021-10-31 01:08:12,714 [Time-limited test] INFO  impl.StateMachineUpdater (StateMachineUpdater.java:stopAndJoin(149)) - omNode-3@group-523986131536-StateMachineUpdater: set stopIndex = 26
2021-10-31 01:08:12,714 [omNode-3@group-523986131536-StateMachineUpdater] INFO  ratis.OzoneManagerStateMachine (OzoneManagerStateMachine.java:takeSnapshot(417)) - Current Snapshot Index (t:13, i:26)
2021-10-31 01:08:12,714 [omNode-3@group-523986131536-StateMachineUpdater] INFO  impl.StateMachineUpdater (StateMachineUpdater.java:takeSnapshot(281)) - omNode-3@group-523986131536-StateMachineUpdater: Took a snapshot at index 26
2021-10-31 01:08:12,714 [omNode-3@group-523986131536-StateMachineUpdater] INFO  impl.StateMachineUpdater (StateMachineUpdater.java:lambda$new$0(89)) - omNode-3@group-523986131536-StateMachineUpdater: snapshotIndex: updateIncreasingly 21 -> 26
2021-10-31 01:08:12,714 [omNode-3@group-523986131536-StateMachineUpdater] INFO  ratis.OzoneManagerStateMachine (OzoneManagerStateMachine.java:close(471)) - StateMachine has shutdown. Shutdown OzoneManager if not already shutdown.
2021-10-31 01:08:12,714 [grpc-default-executor-8] INFO  server.GrpcServerProtocolService (GrpcServerProtocolService.java:onCompleted(140)) - omNode-2: Completed APPEND_ENTRIES, lastRequest: omNode-3->omNode-2#1155428-t13,previous=(t:13, i:25),leaderCommit=25,initializing? true,entries: size=1, first=(t:13, i:26), METADATAENTRY(c:25)
2021-10-31 01:08:12,715 [Time-limited test] INFO  server.RaftServer$Division (ServerState.java:close(419)) - omNode-3@group-523986131536: closes. applyIndex: 26
2021-10-31 01:08:12,715 [omNode-3@group-523986131536-SegmentedRaftLogWorker] INFO  segmented.SegmentedRaftLogWorker (SegmentedRaftLogWorker.java:run(327)) - omNode-3@group-523986131536-SegmentedRaftLogWorker was interrupted, exiting. There are 0 tasks remaining in the queue.
2021-10-31 01:08:12,716 [grpc-default-executor-9] INFO  server.GrpcLogAppender (GrpcLogAppender.java:onCompleted(346)) - omNode-3@group-523986131536->omNode-2-AppendLogResponseHandler: follower responses appendEntries COMPLETED
2021-10-31 01:08:12,716 [grpc-default-executor-9] INFO  leader.FollowerInfo (FollowerInfoImpl.java:lambda$new$0(47)) - omNode-3@group-523986131536->omNode-2: nextIndex: updateUnconditionally 27 -> 26
2021-10-31 01:08:12,716 [Time-limited test] INFO  segmented.SegmentedRaftLogWorker (SegmentedRaftLogWorker.java:close(237)) - omNode-3@group-523986131536-SegmentedRaftLogWorker close()
2021-10-31 01:08:12,716 [grpc-default-executor-8] INFO  server.GrpcServerProtocolService (GrpcServerProtocolService.java:onCompleted(140)) - omNode-1: Completed APPEND_ENTRIES, lastRequest: omNode-3->omNode-1#356-t13,previous=(t:0, i:0),leaderCommit=15,initializing? false,entries: size=15, first=(t:3, i:12), CONFIGURATIONENTRY
2021-10-31 01:08:12,717 [Time-limited test] INFO  server.GrpcService (GrpcService.java:closeImpl(262)) - omNode-3: shutdown server with port 11932 now
2021-10-31 01:08:12,717 [grpc-default-executor-10] INFO  server.GrpcLogAppender (GrpcLogAppender.java:onCompleted(346)) - omNode-3@group-523986131536->omNode-1-AppendLogResponseHandler: follower responses appendEntries COMPLETED
2021-10-31 01:08:12,717 [grpc-default-executor-10] INFO  leader.FollowerInfo (FollowerInfoImpl.java:lambda$new$0(47)) - omNode-3@group-523986131536->omNode-1: nextIndex: updateUnconditionally 27 -> 12
2021-10-31 01:08:13,854 [omNode-2@group-523986131536-FollowerState] INFO  impl.FollowerState (FollowerState.java:run(134)) - omNode-2@group-523986131536-FollowerState: change to CANDIDATE, lastRpcElapsedTime:1627147253ns, electionTimeout:1035ms
2021-10-31 01:08:13,854 [omNode-2@group-523986131536-FollowerState] INFO  impl.RoleInfo (RoleInfo.java:shutdownFollowerState(108)) - omNode-2: shutdown omNode-2@group-523986131536-FollowerState
2021-10-31 01:08:13,854 [omNode-2@group-523986131536-FollowerState] INFO  server.RaftServer$Division (RaftServerImpl.java:setRole(290)) - omNode-2@group-523986131536: changes role from  FOLLOWER to CANDIDATE at term 13 for changeToCandidate
2021-10-31 01:08:13,854 [omNode-2@group-523986131536-FollowerState] INFO  server.RaftServerConfigKeys (ConfUtils.java:logGet(44)) - raft.server.leaderelection.pre-vote = false (custom)
2021-10-31 01:08:13,854 [omNode-2@group-523986131536-FollowerState] INFO  impl.RoleInfo (RoleInfo.java:updateAndGet(130)) - omNode-2: start omNode-2@group-523986131536-LeaderElection28
2021-10-31 01:08:13,856 [omNode-2@group-523986131536-LeaderElection28] INFO  server.RaftServer$Division (ServerState.java:setLeader(285)) - omNode-2@group-523986131536: change Leader from omNode-3 to null at term 13 for ELECTION
2021-10-31 01:08:13,857 [omNode-2@group-523986131536-LeaderElection28] INFO  impl.LeaderElection (LeaderElection.java:askForVotes(306)) - omNode-2@group-523986131536-LeaderElection28 ELECTION round 0: submit vote requests at term 14 for 25: [omNode-3|rpc:localhost:11932|admin:|client:|dataStream:|priority:0, omNode-1|rpc:localhost:11920|admin:|client:|dataStream:|priority:0, omNode-2|rpc:localhost:11926|admin:|client:|dataStream:|priority:0], old=null
2021-10-31 01:08:13,863 [omNode-2@group-523986131536-LeaderElection28] INFO  impl.LeaderElection (LogUtils.java:infoOrTrace(137)) - omNode-2@group-523986131536-LeaderElection28 got exception when requesting votes: java.util.concurrent.ExecutionException: org.apache.ratis.thirdparty.io.grpc.StatusRuntimeException: UNAVAILABLE: io exception
2021-10-31 01:08:13,871 [grpc-default-executor-10] INFO  server.RaftServer$Division (RaftServerImpl.java:requestVote(1046)) - omNode-1@group-523986131536: receive requestVote(ELECTION, omNode-2, group-523986131536, 14, (t:13, i:26))
2021-10-31 01:08:13,871 [grpc-default-executor-10] INFO  impl.VoteContext (VoteContext.java:log(48)) - omNode-1@group-523986131536-FOLLOWER: accept ELECTION from omNode-2: our last entry (t:2, i:11) < candidate's last entry (t:13, i:26)
2021-10-31 01:08:13,872 [grpc-default-executor-10] INFO  server.RaftServer$Division (ServerState.java:setLeader(285)) - omNode-1@group-523986131536: change Leader from omNode-3 to null at term 14 for updateCurrentTerm
2021-10-31 01:08:13,872 [grpc-default-executor-10] INFO  server.RaftServer$Division (RaftServerImpl.java:setRole(290)) - omNode-1@group-523986131536: changes role from  FOLLOWER to FOLLOWER at term 14 for candidate:omNode-2
2021-10-31 01:08:13,872 [grpc-default-executor-10] INFO  impl.RoleInfo (RoleInfo.java:shutdownFollowerState(108)) - omNode-1: shutdown omNode-1@group-523986131536-FollowerState
2021-10-31 01:08:13,872 [grpc-default-executor-10] INFO  impl.RoleInfo (RoleInfo.java:updateAndGet(130)) - omNode-1: start omNode-1@group-523986131536-FollowerState
2021-10-31 01:08:13,872 [omNode-1@group-523986131536-FollowerState] INFO  impl.FollowerState (FollowerState.java:run(143)) - omNode-1@group-523986131536-FollowerState was interrupted: {}
java.lang.InterruptedException: sleep interrupted
	at java.lang.Thread.sleep(Native Method)
	at java.lang.Thread.sleep(Thread.java:340)
	at java.util.concurrent.TimeUnit.sleep(TimeUnit.java:386)
	at org.apache.ratis.util.TimeDuration.sleep(TimeDuration.java:324)
	at org.apache.ratis.util.TimeDuration.sleep(TimeDuration.java:309)
	at org.apache.ratis.server.impl.FollowerState.run(FollowerState.java:118)
2021-10-31 01:08:13,874 [grpc-default-executor-10] INFO  server.RaftServer$Division (RaftServerImpl.java:requestVote(1078)) - omNode-1@group-523986131536 replies to ELECTION vote request: omNode-2<-omNode-1#0:OK-t14. Peer's state: omNode-1@group-523986131536:t14, leader=null, voted=omNode-2, raftlog=omNode-1@group-523986131536-SegmentedRaftLog:OPENED:c11, conf=25: [omNode-3|rpc:localhost:11932|admin:|client:|dataStream:|priority:0, omNode-1|rpc:localhost:11920|admin:|client:|dataStream:|priority:0, omNode-2|rpc:localhost:11926|admin:|client:|dataStream:|priority:0], old=null
2021-10-31 01:08:13,875 [omNode-2@group-523986131536-LeaderElection28] INFO  impl.LeaderElection (LeaderElection.java:logAndReturn(89)) - omNode-2@group-523986131536-LeaderElection28: ELECTION PASSED received 1 response(s) and 1 exception(s):
2021-10-31 01:08:13,875 [omNode-2@group-523986131536-LeaderElection28] INFO  impl.LeaderElection (LeaderElection.java:logAndReturn(93)) -   Response 0: omNode-2<-omNode-1#0:OK-t14
2021-10-31 01:08:13,875 [omNode-2@group-523986131536-LeaderElection28] INFO  impl.LeaderElection (LogUtils.java:infoOrTrace(137)) -   Exception 1: java.util.concurrent.ExecutionException: org.apache.ratis.thirdparty.io.grpc.StatusRuntimeException: UNAVAILABLE: io exception
2021-10-31 01:08:13,875 [omNode-2@group-523986131536-LeaderElection28] INFO  impl.LeaderElection (LeaderElection.java:askForVotes(308)) - omNode-2@group-523986131536-LeaderElection28 ELECTION round 0: result PASSED
2021-10-31 01:08:13,875 [omNode-2@group-523986131536-LeaderElection28] INFO  impl.RoleInfo (RoleInfo.java:shutdownLeaderElection(121)) - omNode-2: shutdown omNode-2@group-523986131536-LeaderElection28
2021-10-31 01:08:13,875 [omNode-2@group-523986131536-LeaderElection28] INFO  server.RaftServer$Division (RaftServerImpl.java:setRole(290)) - omNode-2@group-523986131536: changes role from CANDIDATE to LEADER at term 14 for changeToLeader
2021-10-31 01:08:13,875 [omNode-2@group-523986131536-LeaderElection28] INFO  server.RaftServer$Division (ServerState.java:setLeader(285)) - omNode-2@group-523986131536: change Leader from null to omNode-2 at term 14 for becomeLeader, leader elected after 19ms
2021-10-31 01:08:13,875 [omNode-2@group-523986131536-LeaderElection28] INFO  server.RaftServerConfigKeys (ConfUtils.java:logGet(44)) - raft.server.staging.catchup.gap = 1000 (default)
2021-10-31 01:08:13,875 [omNode-2@group-523986131536-LeaderElection28] INFO  server.RaftServerConfigKeys (ConfUtils.java:logGet(44)) - raft.server.write.element-limit = 4096 (default)
2021-10-31 01:08:13,875 [omNode-2@group-523986131536-LeaderElection28] INFO  server.RaftServerConfigKeys (ConfUtils.java:logGet(44)) - raft.server.write.byte-limit = 64MB (=67108864) (default)
2021-10-31 01:08:13,876 [omNode-2@group-523986131536-LeaderElection28] INFO  server.RaftServerConfigKeys (ConfUtils.java:logGet(44)) - raft.server.watch.timeout = 10s (default)
2021-10-31 01:08:13,876 [omNode-2@group-523986131536-LeaderElection28] INFO  server.RaftServerConfigKeys (ConfUtils.java:logGet(44)) - raft.server.watch.timeout.denomination = 1s (default)
2021-10-31 01:08:13,876 [omNode-2@group-523986131536-LeaderElection28] INFO  server.RaftServerConfigKeys (ConfUtils.java:logGet(44)) - raft.server.watch.element-limit = 65536 (default)
2021-10-31 01:08:13,876 [omNode-2@group-523986131536-LeaderElection28] INFO  server.RaftServerConfigKeys (ConfUtils.java:logGet(44)) - raft.server.write.element-limit = 4096 (default)
2021-10-31 01:08:13,876 [omNode-2@group-523986131536-LeaderElection28] INFO  server.RaftServerConfigKeys (ConfUtils.java:logGet(44)) - raft.server.write.follower.gap.ratio.max = -1.0 (default)
2021-10-31 01:08:13,876 [omNode-2@group-523986131536-LeaderElection28] INFO  server.RaftServerConfigKeys (ConfUtils.java:logGet(44)) - raft.server.log.appender.snapshot.chunk.size.max = 16MB (=16777216) (default)
2021-10-31 01:08:13,876 [omNode-2@group-523986131536-LeaderElection28] INFO  server.RaftServerConfigKeys (ConfUtils.java:logGet(44)) - raft.server.log.appender.buffer.byte-limit = 33554432 (custom)
2021-10-31 01:08:13,876 [omNode-2@group-523986131536-LeaderElection28] INFO  server.RaftServerConfigKeys (ConfUtils.java:logGet(44)) - raft.server.log.appender.buffer.element-limit = 1024 (custom)
2021-10-31 01:08:13,876 [omNode-2@group-523986131536-LeaderElection28] INFO  grpc.GrpcConfigKeys (ConfUtils.java:logGet(44)) - raft.grpc.server.leader.outstanding.appends.max = 128 (default)
2021-10-31 01:08:13,876 [omNode-2@group-523986131536-LeaderElection28] INFO  server.RaftServerConfigKeys (ConfUtils.java:logGet(44)) - raft.server.rpc.request.timeout = 3000ms (default)
2021-10-31 01:08:13,876 [omNode-2@group-523986131536-LeaderElection28] INFO  server.RaftServerConfigKeys (ConfUtils.java:logGet(44)) - raft.server.log.appender.install.snapshot.enabled = false (custom)
2021-10-31 01:08:13,877 [omNode-2@group-523986131536-LeaderElection28] INFO  server.RaftServerConfigKeys (ConfUtils.java:logGet(44)) - raft.server.log.appender.snapshot.chunk.size.max = 16MB (=16777216) (default)
2021-10-31 01:08:13,877 [omNode-2@group-523986131536-LeaderElection28] INFO  server.RaftServerConfigKeys (ConfUtils.java:logGet(44)) - raft.server.log.appender.buffer.byte-limit = 33554432 (custom)
2021-10-31 01:08:13,877 [omNode-2@group-523986131536-LeaderElection28] INFO  server.RaftServerConfigKeys (ConfUtils.java:logGet(44)) - raft.server.log.appender.buffer.element-limit = 1024 (custom)
2021-10-31 01:08:13,877 [omNode-2@group-523986131536-LeaderElection28] INFO  grpc.GrpcConfigKeys (ConfUtils.java:logGet(44)) - raft.grpc.server.leader.outstanding.appends.max = 128 (default)
2021-10-31 01:08:13,877 [omNode-2@group-523986131536-LeaderElection28] INFO  server.RaftServerConfigKeys (ConfUtils.java:logGet(44)) - raft.server.rpc.request.timeout = 3000ms (default)
2021-10-31 01:08:13,877 [omNode-2@group-523986131536-LeaderElection28] INFO  server.RaftServerConfigKeys (ConfUtils.java:logGet(44)) - raft.server.log.appender.install.snapshot.enabled = false (custom)
2021-10-31 01:08:13,878 [omNode-2@group-523986131536-LeaderElection28] INFO  impl.RoleInfo (RoleInfo.java:updateAndGet(130)) - omNode-2: start omNode-2@group-523986131536-LeaderStateImpl
2021-10-31 01:08:13,878 [omNode-2@group-523986131536-LeaderElection28] INFO  segmented.SegmentedRaftLogWorker (SegmentedRaftLogWorker.java:rollLogSegment(399)) - omNode-2@group-523986131536-SegmentedRaftLogWorker: Rolling segment log-25_26 to index:26
2021-10-31 01:08:13,879 [omNode-2@group-523986131536-SegmentedRaftLogWorker] INFO  segmented.SegmentedRaftLogWorker (SegmentedRaftLogWorker.java:execute(558)) - omNode-2@group-523986131536-SegmentedRaftLogWorker: Rolled log segment from /home/runner/work/ozone/ozone/hadoop-ozone/integration-test/target/test-dir/MiniOzoneClusterImpl-b8864bcf-37cc-42b5-82cc-559abfd78a8f/omNode-2/ratis/c9bc4cf4-3bc3-3c60-a66b-523986131536/current/log_inprogress_25 to /home/runner/work/ozone/ozone/hadoop-ozone/integration-test/target/test-dir/MiniOzoneClusterImpl-b8864bcf-37cc-42b5-82cc-559abfd78a8f/omNode-2/ratis/c9bc4cf4-3bc3-3c60-a66b-523986131536/current/log_25-26
2021-10-31 01:08:13,885 [grpc-default-executor-8] INFO  server.RaftServer$Division (ServerState.java:setLeader(285)) - omNode-1@group-523986131536: change Leader from null to omNode-2 at term 14 for appendEntries, leader elected after 13ms
2021-10-31 01:08:13,885 [grpc-default-executor-8] INFO  server.RaftServer$Division (RaftServerImpl.java:checkInconsistentAppendEntries(1322)) - omNode-1@group-523986131536: Failed appendEntries as previous log entry ((t:13, i:26)) is not found
2021-10-31 01:08:13,885 [grpc-default-executor-8] INFO  server.RaftServer$Division (RaftServerImpl.java:checkInconsistentAppendEntries(1288)) - omNode-1@group-523986131536: inconsistency entries. Reply:omNode-2<-omNode-1#0:FAIL-t14,INCONSISTENCY,nextIndex=12,followerCommit=11
2021-10-31 01:08:13,885 [grpc-default-executor-8] INFO  server.RaftServer$Division (RaftServerImpl.java:checkInconsistentAppendEntries(1322)) - omNode-1@group-523986131536: Failed appendEntries as previous log entry ((t:13, i:26)) is not found
2021-10-31 01:08:13,885 [grpc-default-executor-8] INFO  server.RaftServer$Division (RaftServerImpl.java:checkInconsistentAppendEntries(1288)) - omNode-1@group-523986131536: inconsistency entries. Reply:omNode-2<-omNode-1#1:FAIL-t14,INCONSISTENCY,nextIndex=12,followerCommit=11
2021-10-31 01:08:13,886 [omNode-2@group-523986131536-LeaderElection28] INFO  server.RaftServer$Division (ServerState.java:setRaftConf(387)) - omNode-2@group-523986131536: set configuration 27: [omNode-3|rpc:localhost:11932|admin:|client:|dataStream:|priority:0, omNode-1|rpc:localhost:11920|admin:|client:|dataStream:|priority:0, omNode-2|rpc:localhost:11926|admin:|client:|dataStream:|priority:0], old=null
2021-10-31 01:08:13,886 [grpc-default-executor-10] INFO  leader.FollowerInfo (FollowerInfoImpl.java:lambda$new$0(47)) - omNode-2@group-523986131536->omNode-1: nextIndex: updateUnconditionally 28 -> 12
2021-10-31 01:08:13,886 [grpc-default-executor-10] INFO  leader.FollowerInfo (FollowerInfoImpl.java:lambda$new$0(47)) - omNode-2@group-523986131536->omNode-1: nextIndex: updateUnconditionally 12 -> 12
2021-10-31 01:08:13,888 [omNode-2@group-523986131536-SegmentedRaftLogWorker] INFO  segmented.SegmentedRaftLogWorker (SegmentedRaftLogWorker.java:execute(601)) - omNode-2@group-523986131536-SegmentedRaftLogWorker: created new log segment /home/runner/work/ozone/ozone/hadoop-ozone/integration-test/target/test-dir/MiniOzoneClusterImpl-b8864bcf-37cc-42b5-82cc-559abfd78a8f/omNode-2/ratis/c9bc4cf4-3bc3-3c60-a66b-523986131536/current/log_inprogress_27
2021-10-31 01:08:13,888 [omNode-2@group-523986131536->omNode-1-GrpcLogAppender-LogAppenderDaemon] ERROR leader.LogAppenderDaemon (LogAppenderDaemon.java:run(86)) - omNode-2@group-523986131536->omNode-1-GrpcLogAppender-LogAppenderDaemon failed
java.lang.NullPointerException: omNode-2@group-523986131536->omNode-1: Previous TermIndex not found for firstIndex = 12
	at java.util.Objects.requireNonNull(Objects.java:290)
	at org.apache.ratis.server.leader.LogAppenderBase.assertProtos(LogAppenderBase.java:169)
	at org.apache.ratis.server.leader.LogAppenderBase.newAppendEntriesRequest(LogAppenderBase.java:154)
	at org.apache.ratis.grpc.server.GrpcLogAppender.appendLog(GrpcLogAppender.java:213)
	at org.apache.ratis.grpc.server.GrpcLogAppender.run(GrpcLogAppender.java:147)
	at org.apache.ratis.server.leader.LogAppenderDaemon.run(LogAppenderDaemon.java:77)
	at java.lang.Thread.run(Thread.java:748)
2021-10-31 01:08:13,888 [omNode-2@group-523986131536->omNode-1-GrpcLogAppender-LogAppenderDaemon] INFO  server.RaftServer$Division (LeaderStateImpl.java:restart(514)) - omNode-2@group-523986131536-LeaderStateImpl: Restarting GrpcLogAppender for omNode-2@group-523986131536->omNode-1
2021-10-31 01:08:13,888 [omNode-2@group-523986131536->omNode-1-GrpcLogAppender-LogAppenderDaemon] INFO  server.RaftServerConfigKeys (ConfUtils.java:logGet(44)) - raft.server.log.appender.snapshot.chunk.size.max = 16MB (=16777216) (default)
2021-10-31 01:08:13,889 [omNode-2@group-523986131536->omNode-1-GrpcLogAppender-LogAppenderDaemon] INFO  server.RaftServerConfigKeys (ConfUtils.java:logGet(44)) - raft.server.log.appender.buffer.byte-limit = 33554432 (custom)
2021-10-31 01:08:13,889 [omNode-2@group-523986131536->omNode-1-GrpcLogAppender-LogAppenderDaemon] INFO  server.RaftServerConfigKeys (ConfUtils.java:logGet(44)) - raft.server.log.appender.buffer.element-limit = 1024 (custom)
2021-10-31 01:08:13,889 [omNode-2@group-523986131536->omNode-1-GrpcLogAppender-LogAppenderDaemon] INFO  grpc.GrpcConfigKeys (ConfUtils.java:logGet(44)) - raft.grpc.server.leader.outstanding.appends.max = 128 (default)
2021-10-31 01:08:13,889 [omNode-2@group-523986131536->omNode-1-GrpcLogAppender-LogAppenderDaemon] INFO  server.RaftServerConfigKeys (ConfUtils.java:logGet(44)) - raft.server.rpc.request.timeout = 3000ms (default)
2021-10-31 01:08:13,889 [omNode-2@group-523986131536->omNode-1-GrpcLogAppender-LogAppenderDaemon] INFO  server.RaftServerConfigKeys (ConfUtils.java:logGet(44)) - raft.server.log.appender.install.snapshot.enabled = false (custom)
2021-10-31 01:08:13,889 [grpc-default-executor-10] WARN  server.GrpcLogAppender (LogUtils.java:warn(122)) - omNode-2@group-523986131536->omNode-3-AppendLogResponseHandler: Failed appendEntries: org.apache.ratis.thirdparty.io.grpc.StatusRuntimeException: UNAVAILABLE: io exception
2021-10-31 01:08:13,892 [grpc-default-executor-10] WARN  server.GrpcLogAppender (GrpcLogAppender.java:resetClient(110)) - omNode-2@group-523986131536->omNode-3-GrpcLogAppender: Leader has not got in touch with Follower omNode-2@group-523986131536->omNode-3(c-1,m0,n28, attendVote=true, lastRpcSendTime=2, lastRpcResponseTime=1216) yet, just keep nextIndex unchanged and retry.
2021-10-31 01:08:13,909 [omNode-2@group-523986131536->omNode-1-GrpcLogAppender-LogAppenderDaemon] INFO  server.GrpcLogAppender (GrpcLogAppender.java:installSnapshot(550)) - omNode-2@group-523986131536->omNode-1-GrpcLogAppender: followerNextIndex = 0 but logStartIndex = 12, notify follower to install snapshot-(t:3, i:12)
2021-10-31 01:08:13,910 [omNode-2@group-523986131536->omNode-1-GrpcLogAppender-LogAppenderDaemon] INFO  server.GrpcLogAppender (GrpcLogAppender.java:installSnapshot(558)) - omNode-2@group-523986131536->omNode-1-GrpcLogAppender: send omNode-2->omNode-1#0-t14,notify:(t:3, i:12)
2021-10-31 01:08:13,913 [grpc-default-executor-10] INFO  server.RaftServer$Division (RaftServerImpl.java:installSnapshot(1332)) - omNode-1@group-523986131536: receive installSnapshot: omNode-2->omNode-1#0-t14,notify:(t:3, i:12)
2021-10-31 01:08:13,914 [grpc-default-executor-10] INFO  server.RaftServer$Division (RaftServerImpl.java:notifyStateMachineToInstallSnapshot(1551)) - omNode-1@group-523986131536: Received notification to install snapshot at index 12
2021-10-31 01:08:13,914 [grpc-default-executor-10] INFO  server.RaftServer$Division (RaftServerImpl.java:notifyStateMachineToInstallSnapshot(1559)) - omNode-1@group-523986131536: InstallSnapshot notification result: ALREADY_INSTALLED, current snapshot index: 11
2021-10-31 01:08:13,914 [grpc-default-executor-10] INFO  server.RaftServer$Division (RaftServerImpl.java:installSnapshotImpl(1462)) - omNode-1@group-523986131536: set new configuration index: 27
configurationEntry {
  peers {
    id: "omNode-3"
    address: "localhost:11932"
  }
  peers {
    id: "omNode-1"
    address: "localhost:11920"
  }
  peers {
    id: "omNode-2"
    address: "localhost:11926"
  }
}
 from snapshot
2021-10-31 01:08:13,919 [grpc-default-executor-10] INFO  server.RaftServer$Division (ServerState.java:setRaftConf(387)) - omNode-1@group-523986131536: set configuration 27: [omNode-3|rpc:localhost:11932|admin:|client:|dataStream:|priority:0, omNode-1|rpc:localhost:11920|admin:|client:|dataStream:|priority:0, omNode-2|rpc:localhost:11926|admin:|client:|dataStream:|priority:0], old=null
2021-10-31 01:08:13,919 [grpc-default-executor-10] INFO  ratis.OzoneManagerStateMachine (OzoneManagerStateMachine.java:notifyConfigurationChanged(188)) - Received Configuration change notification from Ratis. New Peer list:
[id: "omNode-3"
address: "localhost:11932"
, id: "omNode-1"
address: "localhost:11920"
, id: "omNode-2"
address: "localhost:11926"
]
2021-10-31 01:08:13,920 [grpc-default-executor-10] INFO  server.RaftServer$Division (RaftServerImpl.java:installSnapshot(1343)) - omNode-1@group-523986131536: reply installSnapshot: omNode-2<-omNode-1#0:FAIL-t14,ALREADY_INSTALLED,snapshotIndex=11
2021-10-31 01:08:13,920 [grpc-default-executor-10] INFO  server.GrpcServerProtocolService (GrpcServerProtocolService.java:onCompleted(140)) - omNode-1: Completed INSTALL_SNAPSHOT, lastRequest: omNode-2->omNode-1#0-t14,notify:(t:3, i:12)
2021-10-31 01:08:13,921 [grpc-default-executor-8] INFO  server.GrpcLogAppender (GrpcLogAppender.java:onNext(410)) - omNode-2@group-523986131536->omNode-1-InstallSnapshotResponseHandler: received the first reply omNode-2<-omNode-1#0:FAIL-t14,ALREADY_INSTALLED,snapshotIndex=11
2021-10-31 01:08:13,921 [grpc-default-executor-8] INFO  server.GrpcLogAppender (GrpcLogAppender.java:onNext(433)) - omNode-2@group-523986131536->omNode-1-InstallSnapshotResponseHandler: Follower snapshot is already at index 11.
2021-10-31 01:08:13,921 [grpc-default-executor-8] INFO  leader.FollowerInfo (FollowerInfoImpl.java:lambda$new$0(47)) - omNode-2@group-523986131536->omNode-1: snapshotIndex: setUnconditionally 0 -> 11
2021-10-31 01:08:13,921 [grpc-default-executor-8] INFO  leader.FollowerInfo (FollowerInfoImpl.java:lambda$new$0(47)) - omNode-2@group-523986131536->omNode-1: matchIndex: setUnconditionally 0 -> 11
2021-10-31 01:08:13,921 [grpc-default-executor-8] INFO  leader.FollowerInfo (FollowerInfoImpl.java:lambda$new$0(47)) - omNode-2@group-523986131536->omNode-1: nextIndex: setUnconditionally 0 -> 12
2021-10-31 01:08:13,921 [grpc-default-executor-8] INFO  leader.FollowerInfo (FollowerInfoImpl.java:setAttemptedToInstallSnapshot(116)) - Follower omNode-2@group-523986131536->omNode-1 acknowledged installing snapshot
2021-10-31 01:08:13,921 [grpc-default-executor-8] INFO  leader.FollowerInfo (FollowerInfoImpl.java:lambda$new$0(47)) - omNode-2@group-523986131536->omNode-1: nextIndex: updateToMax old=12, new=12, updated? false
2021-10-31 01:08:14,393 [grpc-default-executor-10] WARN  server.GrpcLogAppender (LogUtils.java:warn(122)) - omNode-2@group-523986131536->omNode-3-AppendLogResponseHandler: Failed appendEntries: org.apache.ratis.thirdparty.io.grpc.StatusRuntimeException: UNAVAILABLE: io exception
2021-10-31 01:08:14,393 [grpc-default-executor-10] WARN  server.GrpcLogAppender (GrpcLogAppender.java:resetClient(110)) - omNode-2@group-523986131536->omNode-3-GrpcLogAppender: Leader has not got in touch with Follower omNode-2@group-523986131536->omNode-3(c-1,m0,n28, attendVote=true, lastRpcSendTime=0, lastRpcResponseTime=1717) yet, just keep nextIndex unchanged and retry.
2021-10-31 01:08:14,435 [grpc-default-executor-10] INFO  server.RaftServer$Division (RaftServerImpl.java:checkInconsistentAppendEntries(1322)) - omNode-1@group-523986131536: Failed appendEntries as previous log entry ((t:14, i:27)) is not found
2021-10-31 01:08:14,436 [grpc-default-executor-10] INFO  server.RaftServer$Division (RaftServerImpl.java:checkInconsistentAppendEntries(1288)) - omNode-1@group-523986131536: inconsistency entries. Reply:omNode-2<-omNode-1#47:FAIL-t14,INCONSISTENCY,nextIndex=12,followerCommit=11
2021-10-31 01:08:14,438 [grpc-default-executor-10] INFO  leader.FollowerInfo (FollowerInfoImpl.java:lambda$new$0(47)) - omNode-2@group-523986131536->omNode-1: nextIndex: updateUnconditionally 28 -> 12
2021-10-31 01:08:14,893 [grpc-default-executor-10] WARN  server.GrpcLogAppender (LogUtils.java:warn(122)) - omNode-2@group-523986131536->omNode-3-AppendLogResponseHandler: Failed appendEntries: org.apache.ratis.thirdparty.io.grpc.StatusRuntimeException: UNAVAILABLE: io exception
2021-10-31 01:08:14,894 [grpc-default-executor-10] WARN  server.GrpcLogAppender (GrpcLogAppender.java:resetClient(110)) - omNode-2@group-523986131536->omNode-3-GrpcLogAppender: Leader has not got in touch with Follower omNode-2@group-523986131536->omNode-3(c-1,m0,n28, attendVote=true, lastRpcSendTime=1, lastRpcResponseTime=2218) yet, just keep nextIndex unchanged and retry.
2021-10-31 01:08:14,942 [grpc-default-executor-10] INFO  server.RaftServer$Division (RaftServerImpl.java:checkInconsistentAppendEntries(1322)) - omNode-1@group-523986131536: Failed appendEntries as previous log entry ((t:14, i:27)) is not found
2021-10-31 01:08:14,942 [grpc-default-executor-10] INFO  server.RaftServer$Division (RaftServerImpl.java:checkInconsistentAppendEntries(1288)) - omNode-1@group-523986131536: inconsistency entries. Reply:omNode-2<-omNode-1#97:FAIL-t14,INCONSISTENCY,nextIndex=12,followerCommit=11
2021-10-31 01:08:14,942 [grpc-default-executor-10] INFO  leader.FollowerInfo (FollowerInfoImpl.java:lambda$new$0(47)) - omNode-2@group-523986131536->omNode-1: nextIndex: updateUnconditionally 28 -> 12
2021-10-31 01:08:15,393 [grpc-default-executor-10] WARN  server.GrpcLogAppender (LogUtils.java:warn(122)) - omNode-2@group-523986131536->omNode-3-AppendLogResponseHandler: Failed appendEntries: org.apache.ratis.thirdparty.io.grpc.StatusRuntimeException: UNAVAILABLE: io exception
2021-10-31 01:08:15,394 [grpc-default-executor-10] WARN  server.GrpcLogAppender (GrpcLogAppender.java:resetClient(110)) - omNode-2@group-523986131536->omNode-3-GrpcLogAppender: Leader has not got in touch with Follower omNode-2@group-523986131536->omNode-3(c-1,m0,n28, attendVote=true, lastRpcSendTime=0, lastRpcResponseTime=2718) yet, just keep nextIndex unchanged and retry.
2021-10-31 01:08:15,446 [grpc-default-executor-10] INFO  server.RaftServer$Division (RaftServerImpl.java:checkInconsistentAppendEntries(1322)) - omNode-1@group-523986131536: Failed appendEntries as previous log entry ((t:14, i:27)) is not found
2021-10-31 01:08:15,446 [grpc-default-executor-10] INFO  server.RaftServer$Division (RaftServerImpl.java:checkInconsistentAppendEntries(1288)) - omNode-1@group-523986131536: inconsistency entries. Reply:omNode-2<-omNode-1#146:FAIL-t14,INCONSISTENCY,nextIndex=12,followerCommit=11
2021-10-31 01:08:15,446 [grpc-default-executor-10] INFO  leader.FollowerInfo (FollowerInfoImpl.java:lambda$new$0(47)) - omNode-2@group-523986131536->omNode-1: nextIndex: updateUnconditionally 28 -> 12
2021-10-31 01:08:15,718 [Time-limited test] WARN  grpc.GrpcUtil (GrpcUtil.java:shutdownManagedChannel(216)) - Timed out gracefully shutting down connection: ManagedChannelOrphanWrapper{delegate=ManagedChannelImpl{logId=446, target=localhost:11920}}. 
2021-10-31 01:08:15,719 [grpc-default-executor-10] INFO  server.GrpcLogAppender (GrpcLogAppender.java:onError(335)) - omNode-3@group-523986131536->omNode-1-GrpcLogAppender is stopped
2021-10-31 01:08:15,719 [grpc-default-executor-9] WARN  server.GrpcServerProtocolService (LogUtils.java:warn(122)) - omNode-1: installSnapshot onError, lastRequest: omNode-3->omNode-1#1-t13,previous=(t:11, i:24),leaderCommit=23,initializing? true,entries: size=1, first=(t:13, i:25), CONFIGURATIONENTRY: org.apache.ratis.thirdparty.io.grpc.StatusRuntimeException: CANCELLED: client cancelled
2021-10-31 01:08:15,723 [Time-limited test] INFO  server.GrpcService (GrpcService.java:closeImpl(271)) - omNode-3: shutdown server with port 11932 successfully
2021-10-31 01:08:15,723 [org.apache.ratis.util.JvmPauseMonitor$$Lambda$523/2066045717@4e235aa4] INFO  util.JvmPauseMonitor (JvmPauseMonitor.java:run(109)) - JvmPauseMonitor-omNode-3: Stopped
2021-10-31 01:08:15,723 [Time-limited test] INFO  ratis.OzoneManagerDoubleBuffer (OzoneManagerDoubleBuffer.java:stop(437)) - Stopping OMDoubleBuffer flush thread
2021-10-31 01:08:15,724 [OMDoubleBufferFlushThread] INFO  ratis.OzoneManagerDoubleBuffer (OzoneManagerDoubleBuffer.java:flushTransactions(356)) - OMDoubleBuffer flush thread OMDoubleBufferFlushThread is interrupted and will exit. OMDoubleBufferFlushThread
2021-10-31 01:08:15,724 [Time-limited test] INFO  handler.ContextHandler (ContextHandler.java:doStop(1153)) - Stopped o.e.j.w.WebAppContext@178743c2{ozoneManager,/,null,STOPPED}{file:/home/runner/work/ozone/ozone/hadoop-ozone/integration-test/target/test-classes/webapps/ozoneManager}
2021-10-31 01:08:15,725 [Time-limited test] INFO  server.AbstractConnector (AbstractConnector.java:doStop(381)) - Stopped ServerConnector@3278bf76{HTTP/1.1, (http/1.1)}{0.0.0.0:11930}
2021-10-31 01:08:15,725 [Time-limited test] INFO  server.session (HouseKeeper.java:stopScavenging(149)) - node0 Stopped scavenging
2021-10-31 01:08:15,725 [Time-limited test] INFO  handler.ContextHandler (ContextHandler.java:doStop(1153)) - Stopped o.e.j.s.ServletContextHandler@7a9377b0{static,/static,file:///home/runner/work/ozone/ozone/hadoop-ozone/integration-test/target/test-classes/webapps/static,STOPPED}
2021-10-31 01:08:15,725 [Time-limited test] INFO  handler.ContextHandler (ContextHandler.java:doStop(1153)) - Stopped o.e.j.s.ServletContextHandler@1294ea3{logs,/logs,file:///home/runner/work/ozone/ozone/hadoop-ozone/integration-test/target/log,STOPPED}
2021-10-31 01:08:15,732 [Time-limited test] INFO  om.OzoneManager (OzoneManager.java:initFSOLayout(3634)) - Configured ozone.om.metadata.layout=SIMPLE and disabled optimized OM FS operations
2021-10-31 01:08:15,733 [Time-limited test] INFO  om.OzoneManager (OzoneManager.java:restart(1392)) - OzoneManager RPC server is listening at localhost/127.0.0.1:11928
2021-10-31 01:08:15,733 [Time-limited test] INFO  impl.MetricsSystemImpl (MetricsSystemImpl.java:init(158)) - OzoneManager metrics system started (again)
2021-10-31 01:08:15,762 [Time-limited test] WARN  server.ServerUtils (ServerUtils.java:getDBPath(225)) - ozone.om.db.dirs is not configured. We recommend adding this setting. Falling back to ozone.metadata.dirs instead.
2021-10-31 01:08:15,763 [Time-limited test] INFO  codec.OmKeyInfoCodec (OmKeyInfoCodec.java:<init>(51)) - OmKeyInfoCodec ignorePipeline = true
2021-10-31 01:08:15,763 [Time-limited test] INFO  codec.RepeatedOmKeyInfoCodec (RepeatedOmKeyInfoCodec.java:<init>(42)) - RepeatedOmKeyInfoCodec ignorePipeline = true
2021-10-31 01:08:15,816 [Time-limited test] WARN  impl.MetricRegistriesImpl (MetricRegistriesImpl.java:addReporterRegistration(111)) - New reporters are added after registries were created. Some metrics will be missing from the reporter. Please add reporter before adding any new registry.
2021-10-31 01:08:15,816 [Time-limited test] WARN  impl.MetricRegistriesImpl (MetricRegistriesImpl.java:addReporterRegistration(111)) - New reporters are added after registries were created. Some metrics will be missing from the reporter. Please add reporter before adding any new registry.
2021-10-31 01:08:15,816 [Time-limited test] WARN  server.ServerUtils (ServerUtils.java:getDefaultRatisDirectory(237)) - Storage directory for Ratis is not configured. It is a good idea to map this to an SSD disk. Falling back to ozone.metadata.dirs
2021-10-31 01:08:15,817 [Time-limited test] INFO  ratis.OzoneManagerRatisServer (OzoneManagerRatisServer.java:<init>(159)) - Instantiating OM Ratis server with groupID: om-service-test1 and peers: localhost:11932, localhost:11920, localhost:11926
2021-10-31 01:08:15,817 [Time-limited test] INFO  ratis.OzoneManagerStateMachine (OzoneManagerStateMachine.java:loadSnapshotInfoFromDB(605)) - LastAppliedIndex is set from TransactionInfo from OM DB as (t:13, i:26)
2021-10-31 01:08:15,818 [Time-limited test] INFO  server.RaftServer (ConfUtils.java:logGet(44)) - raft.rpc.type = GRPC (default)
2021-10-31 01:08:15,818 [Time-limited test] INFO  grpc.GrpcFactory (GrpcFactory.java:checkPooledByteBufAllocatorUseCacheForAllThreads(48)) - PERFORMANCE WARNING: useCacheForAllThreads is true that may cause Netty to create a lot garbage objects and, as a result, trigger GC.
	It is recommended to disable useCacheForAllThreads by setting -Dorg.apache.ratis.thirdparty.io.netty.allocator.useCacheForAllThreads=false in command line.
2021-10-31 01:08:15,818 [Time-limited test] INFO  grpc.GrpcConfigKeys (ConfUtils.java:logGet(44)) - raft.grpc.admin.port = -1 (default)
2021-10-31 01:08:15,818 [Time-limited test] INFO  grpc.GrpcConfigKeys (ConfUtils.java:logGet(44)) - raft.grpc.server.port = 11932 (custom)
2021-10-31 01:08:15,818 [Time-limited test] INFO  grpc.GrpcConfigKeys (ConfUtils.java:logGet(44)) - raft.grpc.client.port = -1 (default)
2021-10-31 01:08:15,818 [Time-limited test] INFO  grpc.GrpcConfigKeys (ConfUtils.java:logGet(44)) - raft.grpc.server.port = 11932 (custom)
2021-10-31 01:08:15,819 [Time-limited test] INFO  grpc.GrpcConfigKeys (ConfUtils.java:logGet(44)) - raft.grpc.server.port = 11932 (custom)
2021-10-31 01:08:15,819 [Time-limited test] INFO  server.GrpcService (ConfUtils.java:logGet(44)) - raft.grpc.message.size.max = 33554432 (custom)
2021-10-31 01:08:15,819 [Time-limited test] INFO  server.RaftServerConfigKeys (ConfUtils.java:logGet(44)) - raft.server.log.appender.buffer.byte-limit = 33554432 (custom)
2021-10-31 01:08:15,819 [Time-limited test] INFO  server.GrpcService (ConfUtils.java:logGet(44)) - raft.grpc.flow.control.window = 1MB (=1048576) (default)
2021-10-31 01:08:15,819 [Time-limited test] INFO  server.RaftServerConfigKeys (ConfUtils.java:logGet(44)) - raft.server.rpc.request.timeout = 3000ms (default)
2021-10-31 01:08:15,820 [Time-limited test] INFO  impl.DataStreamServerImpl (ConfUtils.java:logGet(44)) - raft.datastream.type = DISABLED (default)
2021-10-31 01:08:15,820 [Time-limited test] INFO  server.RaftServerConfigKeys (ConfUtils.java:logGet(44)) - raft.server.rpc.slowness.timeout = 2s (custom)
2021-10-31 01:08:15,820 [Time-limited test] INFO  server.RaftServerConfigKeys (ConfUtils.java:logGet(44)) - raft.server.leaderelection.leader.step-down.wait-time = 10s (default)
2021-10-31 01:08:15,820 [Time-limited test] INFO  server.RaftServerConfigKeys (ConfUtils.java:logGet(44)) - raft.server.storage.dir = [/home/runner/work/ozone/ozone/hadoop-ozone/integration-test/target/test-dir/MiniOzoneClusterImpl-b8864bcf-37cc-42b5-82cc-559abfd78a8f/omNode-3/ratis] (custom)
2021-10-31 01:08:15,820 [Time-limited test] INFO  server.RaftServer (RaftServerProxy.java:lambda$null$1(235)) - omNode-3: found a subdirectory /home/runner/work/ozone/ozone/hadoop-ozone/integration-test/target/test-dir/MiniOzoneClusterImpl-b8864bcf-37cc-42b5-82cc-559abfd78a8f/omNode-3/ratis/c9bc4cf4-3bc3-3c60-a66b-523986131536
2021-10-31 01:08:15,821 [Time-limited test] INFO  server.RaftServer (RaftServerProxy.java:addNew(95)) - omNode-3: addNew group-523986131536:[omNode-3|rpc:localhost:11932|priority:0, omNode-1|rpc:localhost:11920|priority:0, omNode-2|rpc:localhost:11926|priority:0] returns group-523986131536:java.util.concurrent.CompletableFuture@61e08093[Not completed]
2021-10-31 01:08:15,821 [Time-limited test] INFO  om.OzoneManager (OzoneManager.java:initializeRatisServer(1618)) - OzoneManager Ratis server initialized at port 11932
2021-10-31 01:08:15,821 [Time-limited test] INFO  ratis.OzoneManagerRatisServer (OzoneManagerRatisServer.java:start(522)) - Starting OzoneManagerRatisServer omNode-3 at port 11932
2021-10-31 01:08:15,822 [pool-411-thread-1] INFO  server.RaftServer$Division (RaftServerImpl.java:<init>(184)) - omNode-3: new RaftServerImpl for group-523986131536:[omNode-3|rpc:localhost:11932|priority:0, omNode-1|rpc:localhost:11920|priority:0, omNode-2|rpc:localhost:11926|priority:0] with OzoneManagerStateMachine:uninitialized
2021-10-31 01:08:15,823 [pool-411-thread-1] INFO  server.RaftServerConfigKeys (ConfUtils.java:logGet(44)) - raft.server.rpc.timeout.min = 1s (custom)
2021-10-31 01:08:15,823 [pool-411-thread-1] INFO  server.RaftServerConfigKeys (ConfUtils.java:logGet(44)) - raft.server.rpc.timeout.max = 1200ms (custom)
2021-10-31 01:08:15,823 [pool-411-thread-1] INFO  server.RaftServerConfigKeys (ConfUtils.java:logGet(44)) - raft.server.rpc.sleep.time = 25ms (default)
2021-10-31 01:08:15,823 [pool-411-thread-1] INFO  server.RaftServerConfigKeys (ConfUtils.java:logGet(44)) - raft.server.rpc.slowness.timeout = 2s (custom)
2021-10-31 01:08:15,823 [pool-411-thread-1] INFO  server.RaftServerConfigKeys (ConfUtils.java:logGet(44)) - raft.server.leaderelection.leader.step-down.wait-time = 10s (default)
2021-10-31 01:08:15,824 [pool-411-thread-1] INFO  server.RaftServerConfigKeys (ConfUtils.java:logGet(44)) - raft.server.sleep.deviation.threshold = 300ms (default)
2021-10-31 01:08:15,824 [pool-411-thread-1] INFO  server.RaftServerConfigKeys (ConfUtils.java:logGet(44)) - raft.server.log.appender.install.snapshot.enabled = false (custom)
2021-10-31 01:08:15,824 [pool-411-thread-1] INFO  server.RaftServer$Division (ServerState.java:<init>(105)) - omNode-3@group-523986131536: ConfigurationManager, init=-1: [omNode-3|rpc:localhost:11932|priority:0, omNode-1|rpc:localhost:11920|priority:0, omNode-2|rpc:localhost:11926|priority:0], old=null, confs=<EMPTY_MAP>
2021-10-31 01:08:15,825 [pool-411-thread-1] INFO  server.RaftServerConfigKeys (ConfUtils.java:logGet(44)) - raft.server.storage.dir = [/home/runner/work/ozone/ozone/hadoop-ozone/integration-test/target/test-dir/MiniOzoneClusterImpl-b8864bcf-37cc-42b5-82cc-559abfd78a8f/omNode-3/ratis] (custom)
2021-10-31 01:08:15,826 [pool-411-thread-1] INFO  server.RaftServerConfigKeys (ConfUtils.java:logGet(44)) - raft.server.log.corruption.policy = EXCEPTION (default)
2021-10-31 01:08:15,826 [pool-411-thread-1] INFO  server.RaftServerConfigKeys (ConfUtils.java:logGet(44)) - raft.server.storage.free-space.min = 0MB (=0) (default)
2021-10-31 01:08:15,827 [pool-411-thread-1] INFO  storage.RaftStorageDirectory (RaftStorageDirectoryImpl.java:tryLock(230)) - Lock on /home/runner/work/ozone/ozone/hadoop-ozone/integration-test/target/test-dir/MiniOzoneClusterImpl-b8864bcf-37cc-42b5-82cc-559abfd78a8f/omNode-3/ratis/c9bc4cf4-3bc3-3c60-a66b-523986131536/in_use.lock acquired by nodename 14068@fv-az50-512
2021-10-31 01:08:15,827 [pool-411-thread-1] INFO  storage.RaftStorage (RaftStorageImpl.java:analyzeAndRecoverStorage(110)) - Read RaftStorageMetadata{term=13, votedFor=omNode-3} from /home/runner/work/ozone/ozone/hadoop-ozone/integration-test/target/test-dir/MiniOzoneClusterImpl-b8864bcf-37cc-42b5-82cc-559abfd78a8f/omNode-3/ratis/c9bc4cf4-3bc3-3c60-a66b-523986131536/current/raft-meta
2021-10-31 01:08:15,828 [pool-411-thread-1] INFO  server.RaftServer$Division (ServerState.java:setRaftConf(387)) - omNode-3@group-523986131536: set configuration 25: [omNode-3|rpc:localhost:11932|admin:|client:|dataStream:|priority:0, omNode-1|rpc:localhost:11920|admin:|client:|dataStream:|priority:0, omNode-2|rpc:localhost:11926|admin:|client:|dataStream:|priority:0], old=null
2021-10-31 01:08:15,828 [pool-411-thread-1] INFO  server.RaftServerConfigKeys (ConfUtils.java:logGet(44)) - raft.server.notification.no-leader.timeout = 2s (custom)
2021-10-31 01:08:15,828 [pool-411-thread-1] INFO  server.RaftServerConfigKeys (ConfUtils.java:logGet(44)) - raft.server.log.use.memory = false (default)
2021-10-31 01:08:15,828 [pool-411-thread-1] INFO  server.RaftServerConfigKeys (ConfUtils.java:logGet(44)) - raft.server.log.purge.gap = 50 (custom)
2021-10-31 01:08:15,828 [pool-411-thread-1] INFO  server.RaftServerConfigKeys (ConfUtils.java:logGet(44)) - raft.server.log.appender.buffer.byte-limit = 33554432 (custom)
2021-10-31 01:08:15,828 [pool-411-thread-1] INFO  server.RaftServerConfigKeys (ConfUtils.java:logGet(44)) - raft.server.log.segment.size.max = 4194304 (custom)
2021-10-31 01:08:15,829 [pool-411-thread-1] INFO  server.RaftServerConfigKeys (ConfUtils.java:logGet(44)) - raft.server.log.segment.cache.num.max = 2 (custom)
2021-10-31 01:08:15,829 [pool-411-thread-1] INFO  server.RaftServerConfigKeys (ConfUtils.java:logGet(44)) - raft.server.log.segment.cache.size.max = 200MB (=209715200) (default)
2021-10-31 01:08:15,829 [pool-411-thread-1] INFO  segmented.SegmentedRaftLogWorker (SegmentedRaftLogWorker.java:<init>(182)) - new omNode-3@group-523986131536-SegmentedRaftLogWorker for RaftStorageImpl:Storage Directory /home/runner/work/ozone/ozone/hadoop-ozone/integration-test/target/test-dir/MiniOzoneClusterImpl-b8864bcf-37cc-42b5-82cc-559abfd78a8f/omNode-3/ratis/c9bc4cf4-3bc3-3c60-a66b-523986131536
2021-10-31 01:08:15,829 [pool-411-thread-1] INFO  server.RaftServerConfigKeys (ConfUtils.java:logGet(44)) - raft.server.log.queue.byte-limit = 64MB (=67108864) (default)
2021-10-31 01:08:15,829 [pool-411-thread-1] INFO  server.RaftServerConfigKeys (ConfUtils.java:logGet(44)) - raft.server.log.queue.element-limit = 4096 (default)
2021-10-31 01:08:15,829 [pool-411-thread-1] INFO  server.RaftServerConfigKeys (ConfUtils.java:logGet(44)) - raft.server.log.segment.size.max = 4194304 (custom)
2021-10-31 01:08:15,829 [pool-411-thread-1] INFO  server.RaftServerConfigKeys (ConfUtils.java:logGet(44)) - raft.server.log.preallocated.size = 4194304 (custom)
2021-10-31 01:08:15,829 [pool-411-thread-1] INFO  server.RaftServerConfigKeys (ConfUtils.java:logGet(44)) - raft.server.log.force.sync.num = 128 (default)
2021-10-31 01:08:15,829 [pool-411-thread-1] INFO  server.RaftServerConfigKeys (ConfUtils.java:logGet(44)) - raft.server.log.statemachine.data.sync = true (default)
2021-10-31 01:08:15,829 [pool-411-thread-1] INFO  server.RaftServerConfigKeys (ConfUtils.java:logGet(44)) - raft.server.log.statemachine.data.sync.timeout = 10s (default)
2021-10-31 01:08:15,830 [pool-411-thread-1] INFO  server.RaftServerConfigKeys (ConfUtils.java:logGet(44)) - raft.server.log.statemachine.data.sync.timeout.retry = -1 (default)
2021-10-31 01:08:15,831 [pool-411-thread-1] INFO  server.RaftServerConfigKeys (ConfUtils.java:logGet(44)) - raft.server.log.write.buffer.size = 64KB (=65536) (default)
2021-10-31 01:08:15,831 [pool-411-thread-1] INFO  server.RaftServerConfigKeys (ConfUtils.java:logGet(44)) - raft.server.log.statemachine.data.caching.enabled = false (default)
2021-10-31 01:08:15,832 [pool-411-thread-1] INFO  server.RaftServer$Division (ServerState.java:setRaftConf(387)) - omNode-3@group-523986131536: set configuration 12: [omNode-3|rpc:localhost:11932|admin:|client:|dataStream:|priority:0, omNode-1|rpc:localhost:11920|admin:|client:|dataStream:|priority:0, omNode-2|rpc:localhost:11926|admin:|client:|dataStream:|priority:0], old=null
2021-10-31 01:08:15,832 [pool-411-thread-1] INFO  segmented.LogSegment (LogSegment.java:loadSegment(173)) - Successfully read 2 entries from segment file /home/runner/work/ozone/ozone/hadoop-ozone/integration-test/target/test-dir/MiniOzoneClusterImpl-b8864bcf-37cc-42b5-82cc-559abfd78a8f/omNode-3/ratis/c9bc4cf4-3bc3-3c60-a66b-523986131536/current/log_12-13
2021-10-31 01:08:15,832 [pool-411-thread-1] INFO  server.RaftServer$Division (ServerState.java:setRaftConf(387)) - omNode-3@group-523986131536: set configuration 14: [omNode-3|rpc:localhost:11932|admin:|client:|dataStream:|priority:0, omNode-1|rpc:localhost:11920|admin:|client:|dataStream:|priority:0, omNode-2|rpc:localhost:11926|admin:|client:|dataStream:|priority:0], old=null
2021-10-31 01:08:15,832 [pool-411-thread-1] INFO  segmented.LogSegment (LogSegment.java:loadSegment(173)) - Successfully read 4 entries from segment file /home/runner/work/ozone/ozone/hadoop-ozone/integration-test/target/test-dir/MiniOzoneClusterImpl-b8864bcf-37cc-42b5-82cc-559abfd78a8f/omNode-3/ratis/c9bc4cf4-3bc3-3c60-a66b-523986131536/current/log_14-17
2021-10-31 01:08:15,832 [pool-411-thread-1] INFO  server.RaftServer$Division (ServerState.java:setRaftConf(387)) - omNode-3@group-523986131536: set configuration 18: [omNode-3|rpc:localhost:11932|admin:|client:|dataStream:|priority:0, omNode-1|rpc:localhost:11920|admin:|client:|dataStream:|priority:0, omNode-2|rpc:localhost:11926|admin:|client:|dataStream:|priority:0], old=null
2021-10-31 01:08:15,833 [pool-411-thread-1] INFO  segmented.LogSegment (LogSegment.java:loadSegment(173)) - Successfully read 4 entries from segment file /home/runner/work/ozone/ozone/hadoop-ozone/integration-test/target/test-dir/MiniOzoneClusterImpl-b8864bcf-37cc-42b5-82cc-559abfd78a8f/omNode-3/ratis/c9bc4cf4-3bc3-3c60-a66b-523986131536/current/log_18-21
2021-10-31 01:08:15,833 [pool-411-thread-1] INFO  server.RaftServer$Division (ServerState.java:setRaftConf(387)) - omNode-3@group-523986131536: set configuration 22: [omNode-3|rpc:localhost:11932|admin:|client:|dataStream:|priority:0, omNode-1|rpc:localhost:11920|admin:|client:|dataStream:|priority:0, omNode-2|rpc:localhost:11926|admin:|client:|dataStream:|priority:0], old=null
2021-10-31 01:08:15,833 [pool-411-thread-1] INFO  segmented.LogSegment (LogSegment.java:loadSegment(173)) - Successfully read 1 entries from segment file /home/runner/work/ozone/ozone/hadoop-ozone/integration-test/target/test-dir/MiniOzoneClusterImpl-b8864bcf-37cc-42b5-82cc-559abfd78a8f/omNode-3/ratis/c9bc4cf4-3bc3-3c60-a66b-523986131536/current/log_22-22
2021-10-31 01:08:15,833 [pool-411-thread-1] INFO  server.RaftServer$Division (ServerState.java:setRaftConf(387)) - omNode-3@group-523986131536: set configuration 23: [omNode-3|rpc:localhost:11932|admin:|client:|dataStream:|priority:0, omNode-1|rpc:localhost:11920|admin:|client:|dataStream:|priority:0, omNode-2|rpc:localhost:11926|admin:|client:|dataStream:|priority:0], old=null
2021-10-31 01:08:15,833 [pool-411-thread-1] INFO  segmented.LogSegment (LogSegment.java:loadSegment(173)) - Successfully read 2 entries from segment file /home/runner/work/ozone/ozone/hadoop-ozone/integration-test/target/test-dir/MiniOzoneClusterImpl-b8864bcf-37cc-42b5-82cc-559abfd78a8f/omNode-3/ratis/c9bc4cf4-3bc3-3c60-a66b-523986131536/current/log_23-24
2021-10-31 01:08:15,834 [pool-411-thread-1] INFO  server.RaftServer$Division (ServerState.java:setRaftConf(387)) - omNode-3@group-523986131536: set configuration 25: [omNode-3|rpc:localhost:11932|admin:|client:|dataStream:|priority:0, omNode-1|rpc:localhost:11920|admin:|client:|dataStream:|priority:0, omNode-2|rpc:localhost:11926|admin:|client:|dataStream:|priority:0], old=null
2021-10-31 01:08:15,834 [pool-411-thread-1] INFO  segmented.LogSegment (LogSegment.java:loadSegment(173)) - Successfully read 2 entries from segment file /home/runner/work/ozone/ozone/hadoop-ozone/integration-test/target/test-dir/MiniOzoneClusterImpl-b8864bcf-37cc-42b5-82cc-559abfd78a8f/omNode-3/ratis/c9bc4cf4-3bc3-3c60-a66b-523986131536/current/log_inprogress_25
2021-10-31 01:08:15,834 [pool-411-thread-1] INFO  segmented.SegmentedRaftLogWorker (SegmentedRaftLogWorker.java:lambda$new$0(133)) - omNode-3@group-523986131536-SegmentedRaftLogWorker: flushIndex: setUnconditionally 0 -> 26
2021-10-31 01:08:15,834 [pool-411-thread-1] INFO  segmented.SegmentedRaftLogWorker (SegmentedRaftLogWorker.java:lambda$new$0(133)) - omNode-3@group-523986131536-SegmentedRaftLogWorker: safeCacheEvictIndex: setUnconditionally 0 -> 24
2021-10-31 01:08:15,837 [pool-411-thread-1] INFO  raftlog.RaftLog (RaftLogBase.java:lambda$new$0(53)) - omNode-3@group-523986131536-SegmentedRaftLog: commitIndex: updateToMax old=26, new=25, updated? false
2021-10-31 01:08:15,837 [pool-411-thread-1] INFO  raftlog.RaftLog (RaftLogBase.java:lambda$new$0(53)) - omNode-3@group-523986131536-SegmentedRaftLog: purgeIndex: updateIncreasingly -1 -> 11
2021-10-31 01:08:15,837 [pool-411-thread-1] INFO  server.RaftServerConfigKeys (ConfUtils.java:logGet(44)) - raft.server.snapshot.auto.trigger.enabled = true (custom)
2021-10-31 01:08:15,838 [pool-411-thread-1] INFO  server.RaftServerConfigKeys (ConfUtils.java:logGet(44)) - raft.server.snapshot.auto.trigger.threshold = 50 (custom)
2021-10-31 01:08:15,838 [pool-411-thread-1] INFO  server.RaftServerConfigKeys (ConfUtils.java:logGet(44)) - raft.server.snapshot.retention.file.num = -1 (default)
2021-10-31 01:08:15,838 [pool-411-thread-1] INFO  server.RaftServerConfigKeys (ConfUtils.java:logGet(44)) - raft.server.log.purge.upto.snapshot.index = true (custom)
2021-10-31 01:08:15,838 [pool-411-thread-1] INFO  server.RaftServerConfigKeys (ConfUtils.java:logGet(44)) - raft.server.retrycache.expirytime = 30000ms (custom)
2021-10-31 01:08:15,838 [pool-411-thread-1] INFO  server.RaftServerConfigKeys (ConfUtils.java:logGet(44)) - raft.server.retrycache.statistics.expirytime = 100μs (default)
2021-10-31 01:08:15,839 [Time-limited test] INFO  server.RaftServer$Division (RaftServerImpl.java:start(301)) - omNode-3@group-523986131536: start as a follower, conf=25: [omNode-3|rpc:localhost:11932|admin:|client:|dataStream:|priority:0, omNode-1|rpc:localhost:11920|admin:|client:|dataStream:|priority:0, omNode-2|rpc:localhost:11926|admin:|client:|dataStream:|priority:0], old=null
2021-10-31 01:08:15,839 [Time-limited test] INFO  server.RaftServer$Division (RaftServerImpl.java:setRole(290)) - omNode-3@group-523986131536: changes role from      null to FOLLOWER at term 13 for startAsFollower
2021-10-31 01:08:15,839 [Time-limited test] INFO  impl.RoleInfo (RoleInfo.java:updateAndGet(130)) - omNode-3: start omNode-3@group-523986131536-FollowerState
2021-10-31 01:08:15,841 [Time-limited test] INFO  util.JmxRegister (JmxRegister.java:tryRegister(44)) - Successfully registered JMX Bean with object name Ratis:service=RaftServer,group=group-523986131536,id=omNode-3
2021-10-31 01:08:15,842 [Time-limited test] INFO  server.RaftServer (RaftServerProxy.java:lambda$start$5(374)) - omNode-3: start RPC server
2021-10-31 01:08:15,843 [Time-limited test] INFO  server.GrpcService (GrpcService.java:startImpl(253)) - omNode-3: GrpcService started, listening on 11932
2021-10-31 01:08:15,844 [Time-limited test] INFO  ipc.CallQueueManager (CallQueueManager.java:<init>(90)) - Using callQueue: class java.util.concurrent.LinkedBlockingQueue, queueCapacity: 2000, scheduler: class org.apache.hadoop.ipc.DefaultRpcScheduler, ipcBackoff: false.
2021-10-31 01:08:15,844 [org.apache.ratis.util.JvmPauseMonitor$$Lambda$523/2066045717@1392afa2] INFO  util.JvmPauseMonitor (JvmPauseMonitor.java:run(103)) - JvmPauseMonitor-omNode-3: Started
2021-10-31 01:08:15,844 [Socket Reader #1 for port 11928] INFO  ipc.Server (Server.java:run(1265)) - Starting Socket Reader #1 for port 11928
2021-10-31 01:08:15,856 [Listener at localhost/11928] INFO  http.BaseHttpServer (BaseHttpServer.java:newHttpServer2BuilderForOzone(209)) - Starting Web-server for ozoneManager at: http://0.0.0.0:11930
2021-10-31 01:08:15,856 [Listener at localhost/11928] INFO  http.BaseHttpServer (BaseHttpServer.java:<init>(107)) - Hadoop Security Enabled: false Ozone Security Enabled: false Ozone HTTP Security Enabled: false 
2021-10-31 01:08:15,861 [Listener at localhost/11928] INFO  server.AuthenticationFilter (AuthenticationFilter.java:constructSecretProvider(240)) - Unable to initialize FileSignerSecretProvider, falling back to use random secrets.
2021-10-31 01:08:15,873 [Listener at localhost/11928] WARN  http.HttpRequestLog (HttpRequestLog.java:getRequestLog(103)) - Jetty request log can only be enabled using Log4j
2021-10-31 01:08:15,874 [Listener at localhost/11928] INFO  http.HttpServer2 (HttpServer2.java:addGlobalFilter(1030)) - Added global filter 'safety' (class=org.apache.hadoop.hdds.server.http.HttpServer2$QuotingInputFilter)
2021-10-31 01:08:15,875 [Listener at localhost/11928] INFO  http.HttpServer2 (HttpServer2.java:addFilter(1006)) - Added filter static_user_filter (class=org.apache.hadoop.http.lib.StaticUserWebFilter$StaticUserFilter) to context ozoneManager
2021-10-31 01:08:15,875 [Listener at localhost/11928] INFO  http.HttpServer2 (HttpServer2.java:addFilter(1014)) - Added filter static_user_filter (class=org.apache.hadoop.http.lib.StaticUserWebFilter$StaticUserFilter) to context logs
2021-10-31 01:08:15,875 [Listener at localhost/11928] INFO  http.HttpServer2 (HttpServer2.java:addFilter(1014)) - Added filter static_user_filter (class=org.apache.hadoop.http.lib.StaticUserWebFilter$StaticUserFilter) to context static
2021-10-31 01:08:15,876 [Listener at localhost/11928] INFO  http.HttpServer2 (HttpServer2.java:bindListener(1249)) - Jetty bound to port 11930
2021-10-31 01:08:15,876 [Listener at localhost/11928] INFO  server.Server (Server.java:doStart(375)) - jetty-9.4.43.v20210629; built: 2021-06-30T11:07:22.254Z; git: 526006ecfa3af7f1a27ef3a288e2bef7ea9dd7e8; jvm 1.8.0_292-b10
2021-10-31 01:08:15,895 [grpc-default-executor-9] WARN  server.GrpcLogAppender (LogUtils.java:warn(122)) - omNode-2@group-523986131536->omNode-3-AppendLogResponseHandler: Failed appendEntries: org.apache.ratis.thirdparty.io.grpc.StatusRuntimeException: UNAVAILABLE: io exception
2021-10-31 01:08:15,896 [grpc-default-executor-9] WARN  server.GrpcLogAppender (GrpcLogAppender.java:resetClient(110)) - omNode-2@group-523986131536->omNode-3-GrpcLogAppender: Leader has not got in touch with Follower omNode-2@group-523986131536->omNode-3(c-1,m0,n28, attendVote=true, lastRpcSendTime=0, lastRpcResponseTime=3219) yet, just keep nextIndex unchanged and retry.
2021-10-31 01:08:15,898 [Listener at localhost/11928] INFO  server.session (DefaultSessionIdManager.java:doStart(334)) - DefaultSessionIdManager workerName=node0
2021-10-31 01:08:15,898 [Listener at localhost/11928] INFO  server.session (DefaultSessionIdManager.java:doStart(339)) - No SessionScavenger set, using defaults
2021-10-31 01:08:15,902 [Listener at localhost/11928] INFO  server.session (HouseKeeper.java:startScavenging(132)) - node0 Scavenging every 660000ms
2021-10-31 01:08:15,902 [Listener at localhost/11928] INFO  handler.ContextHandler (ContextHandler.java:doStart(915)) - Started o.e.j.s.ServletContextHandler@60f5b207{logs,/logs,file:///home/runner/work/ozone/ozone/hadoop-ozone/integration-test/target/log,AVAILABLE}
2021-10-31 01:08:15,903 [Listener at localhost/11928] INFO  handler.ContextHandler (ContextHandler.java:doStart(915)) - Started o.e.j.s.ServletContextHandler@2c225366{static,/static,file:///home/runner/work/ozone/ozone/hadoop-ozone/integration-test/target/test-classes/webapps/static,AVAILABLE}
2021-10-31 01:08:15,911 [Listener at localhost/11928] INFO  handler.ContextHandler (ContextHandler.java:doStart(915)) - Started o.e.j.w.WebAppContext@6c4b3d78{ozoneManager,/,file:///home/runner/work/ozone/ozone/hadoop-ozone/integration-test/target/test-classes/webapps/ozoneManager/,AVAILABLE}{file:/home/runner/work/ozone/ozone/hadoop-ozone/integration-test/target/test-classes/webapps/ozoneManager}
2021-10-31 01:08:15,922 [Listener at localhost/11928] INFO  server.AbstractConnector (AbstractConnector.java:doStart(331)) - Started ServerConnector@43191859{HTTP/1.1, (http/1.1)}{0.0.0.0:11930}
2021-10-31 01:08:15,922 [Listener at localhost/11928] INFO  server.Server (Server.java:doStart(415)) - Started @295855ms
2021-10-31 01:08:15,922 [Listener at localhost/11928] WARN  impl.MetricsSystemImpl (MetricsSystemImpl.java:register(279)) - Sink prometheus already exists!
2021-10-31 01:08:15,923 [Listener at localhost/11928] INFO  http.BaseHttpServer (BaseHttpServer.java:updateConnectorAddress(329)) - HTTP server of ozoneManager listening at http://0.0.0.0:11930
2021-10-31 01:08:15,925 [IPC Server Responder] INFO  ipc.Server (Server.java:run(1507)) - IPC Server Responder: starting
2021-10-31 01:08:15,926 [IPC Server listener on 11928] INFO  ipc.Server (Server.java:run(1344)) - IPC Server listener on 11928: starting
2021-10-31 01:08:15,933 [Listener at localhost/11928] INFO  om.OzoneManager (OzoneManager.java:startTrashEmptier(1576)) - Trash Interval set to 0. Files deleted will not move to trash
2021-10-31 01:08:15,933 [Listener at localhost/11928] INFO  om.OzoneManager (OzoneManager.java:stop(1677)) - Stopping Ozone Manager
2021-10-31 01:08:15,933 [Listener at localhost/11928] INFO  ipc.Server (Server.java:stop(3414)) - Stopping server on 11916
2021-10-31 01:08:15,934 [org.apache.hadoop.util.JvmPauseMonitor$Monitor@1635dde3] INFO  util.JvmPauseMonitor (JvmPauseMonitor.java:run(188)) - Starting JVM pause monitor
2021-10-31 01:08:15,942 [IPC Server Responder] INFO  ipc.Server (Server.java:run(1512)) - Stopping IPC Server Responder
2021-10-31 01:08:15,943 [IPC Server listener on 11916] INFO  ipc.Server (Server.java:run(1376)) - Stopping IPC Server listener on 11916
2021-10-31 01:08:15,943 [Listener at localhost/11928] INFO  server.RaftServer (RaftServerProxy.java:lambda$close$6(391)) - omNode-1: close
2021-10-31 01:08:15,943 [Listener at localhost/11928] INFO  server.RaftServer$Division (RaftServerImpl.java:lambda$close$4(412)) - omNode-1@group-523986131536: shutdown
2021-10-31 01:08:15,943 [Listener at localhost/11928] INFO  util.JmxRegister (JmxRegister.java:unregister(73)) - Successfully un-registered JMX Bean with object name Ratis:service=RaftServer,group=group-523986131536,id=omNode-1
2021-10-31 01:08:15,943 [Listener at localhost/11928] INFO  impl.RoleInfo (RoleInfo.java:shutdownFollowerState(108)) - omNode-1: shutdown omNode-1@group-523986131536-FollowerState
2021-10-31 01:08:15,944 [Listener at localhost/11928] INFO  impl.StateMachineUpdater (StateMachineUpdater.java:stopAndJoin(149)) - omNode-1@group-523986131536-StateMachineUpdater: set stopIndex = 11
2021-10-31 01:08:15,944 [omNode-1@group-523986131536-FollowerState] INFO  impl.FollowerState (FollowerState.java:run(143)) - omNode-1@group-523986131536-FollowerState was interrupted: {}
java.lang.InterruptedException: sleep interrupted
	at java.lang.Thread.sleep(Native Method)
	at java.lang.Thread.sleep(Thread.java:340)
	at java.util.concurrent.TimeUnit.sleep(TimeUnit.java:386)
	at org.apache.ratis.util.TimeDuration.sleep(TimeDuration.java:324)
	at org.apache.ratis.util.TimeDuration.sleep(TimeDuration.java:309)
	at org.apache.ratis.server.impl.FollowerState.run(FollowerState.java:118)
2021-10-31 01:08:15,946 [omNode-1@group-523986131536-StateMachineUpdater] INFO  ratis.OzoneManagerStateMachine (OzoneManagerStateMachine.java:close(471)) - StateMachine has shutdown. Shutdown OzoneManager if not already shutdown.
2021-10-31 01:08:15,946 [Listener at localhost/11928] INFO  server.RaftServer$Division (ServerState.java:close(419)) - omNode-1@group-523986131536: closes. applyIndex: 11
2021-10-31 01:08:15,946 [omNode-1@group-523986131536-SegmentedRaftLogWorker] INFO  segmented.SegmentedRaftLogWorker (SegmentedRaftLogWorker.java:run(327)) - omNode-1@group-523986131536-SegmentedRaftLogWorker was interrupted, exiting. There are 0 tasks remaining in the queue.
2021-10-31 01:08:15,947 [Listener at localhost/11928] INFO  segmented.SegmentedRaftLogWorker (SegmentedRaftLogWorker.java:close(237)) - omNode-1@group-523986131536-SegmentedRaftLogWorker close()
2021-10-31 01:08:15,948 [Listener at localhost/11928] INFO  server.GrpcService (GrpcService.java:closeImpl(262)) - omNode-1: shutdown server with port 11920 now
2021-10-31 01:08:15,949 [grpc-default-executor-8] WARN  server.GrpcServerProtocolService (LogUtils.java:warn(122)) - omNode-1: installSnapshot onError, lastRequest: omNode-2->omNode-1#1-t14,previous=(t:13, i:26),leaderCommit=26,initializing? true,entries: size=1, first=(t:14, i:27), CONFIGURATIONENTRY: org.apache.ratis.thirdparty.io.grpc.StatusRuntimeException: CANCELLED: client cancelled
2021-10-31 01:08:15,949 [grpc-default-executor-10] WARN  server.GrpcServerProtocolService (LogUtils.java:warn(122)) - omNode-1: installSnapshot onError, lastRequest: omNode-2->omNode-1#147-t14,previous=(t:0, i:0),leaderCommit=16,initializing? false,entries: size=16, first=(t:3, i:12), CONFIGURATIONENTRY: org.apache.ratis.thirdparty.io.grpc.StatusRuntimeException: CANCELLED: client cancelled
2021-10-31 01:08:15,949 [grpc-default-executor-2] WARN  server.GrpcLogAppender (LogUtils.java:warn(122)) - omNode-2@group-523986131536->omNode-1-AppendLogResponseHandler: Failed appendEntries: org.apache.ratis.thirdparty.io.grpc.StatusRuntimeException: CANCELLED: HTTP/2 error code: CANCEL
Received Rst Stream
2021-10-31 01:08:15,950 [grpc-default-executor-9] INFO  server.GrpcLogAppender (GrpcLogAppender.java:onError(335)) - omNode-2@group-523986131536->omNode-1-GrpcLogAppender is stopped
2021-10-31 01:08:15,950 [grpc-default-executor-2] INFO  leader.FollowerInfo (FollowerInfoImpl.java:lambda$new$0(47)) - omNode-2@group-523986131536->omNode-1: nextIndex: updateUnconditionally 28 -> 12
2021-10-31 01:08:15,965 [Listener at localhost/11928] INFO  server.GrpcService (GrpcService.java:closeImpl(271)) - omNode-1: shutdown server with port 11920 successfully
2021-10-31 01:08:15,966 [org.apache.ratis.util.JvmPauseMonitor$$Lambda$523/2066045717@46e8d502] INFO  util.JvmPauseMonitor (JvmPauseMonitor.java:run(109)) - JvmPauseMonitor-omNode-1: Stopped
2021-10-31 01:08:15,966 [Listener at localhost/11928] INFO  ratis.OzoneManagerDoubleBuffer (OzoneManagerDoubleBuffer.java:stop(437)) - Stopping OMDoubleBuffer flush thread
2021-10-31 01:08:15,966 [grpc-default-executor-9] WARN  server.GrpcLogAppender (LogUtils.java:warn(122)) - omNode-2@group-523986131536->omNode-1-AppendLogResponseHandler: Failed appendEntries: org.apache.ratis.thirdparty.io.grpc.StatusRuntimeException: UNAVAILABLE: io exception
2021-10-31 01:08:15,966 [grpc-default-executor-9] INFO  leader.FollowerInfo (FollowerInfoImpl.java:lambda$new$0(47)) - omNode-2@group-523986131536->omNode-1: nextIndex: updateUnconditionally 28 -> 12
2021-10-31 01:08:15,966 [OMDoubleBufferFlushThread] INFO  ratis.OzoneManagerDoubleBuffer (OzoneManagerDoubleBuffer.java:flushTransactions(356)) - OMDoubleBuffer flush thread OMDoubleBufferFlushThread is interrupted and will exit. OMDoubleBufferFlushThread
2021-10-31 01:08:15,967 [Listener at localhost/11928] INFO  handler.ContextHandler (ContextHandler.java:doStop(1153)) - Stopped o.e.j.w.WebAppContext@5f108829{ozoneManager,/,null,STOPPED}{file:/home/runner/work/ozone/ozone/hadoop-ozone/integration-test/target/test-classes/webapps/ozoneManager}
2021-10-31 01:08:15,967 [Listener at localhost/11928] INFO  server.AbstractConnector (AbstractConnector.java:doStop(381)) - Stopped ServerConnector@7ff64392{HTTP/1.1, (http/1.1)}{0.0.0.0:11918}
2021-10-31 01:08:15,968 [Listener at localhost/11928] INFO  server.session (HouseKeeper.java:stopScavenging(149)) - node0 Stopped scavenging
2021-10-31 01:08:15,968 [Listener at localhost/11928] INFO  handler.ContextHandler (ContextHandler.java:doStop(1153)) - Stopped o.e.j.s.ServletContextHandler@5dc3c8c2{static,/static,file:///home/runner/work/ozone/ozone/hadoop-ozone/integration-test/target/test-classes/webapps/static,STOPPED}
2021-10-31 01:08:15,968 [Listener at localhost/11928] INFO  handler.ContextHandler (ContextHandler.java:doStop(1153)) - Stopped o.e.j.s.ServletContextHandler@59374271{logs,/logs,file:///home/runner/work/ozone/ozone/hadoop-ozone/integration-test/target/log,STOPPED}
2021-10-31 01:08:15,973 [Listener at localhost/11928] INFO  om.OzoneManager (OzoneManager.java:initFSOLayout(3634)) - Configured ozone.om.metadata.layout=SIMPLE and disabled optimized OM FS operations
2021-10-31 01:08:15,973 [Listener at localhost/11928] INFO  om.OzoneManager (OzoneManager.java:restart(1392)) - OzoneManager RPC server is listening at localhost/127.0.0.1:11916
2021-10-31 01:08:15,973 [Listener at localhost/11928] INFO  impl.MetricsSystemImpl (MetricsSystemImpl.java:init(158)) - OzoneManager metrics system started (again)
2021-10-31 01:08:15,988 [Listener at localhost/11928] WARN  server.ServerUtils (ServerUtils.java:getDBPath(225)) - ozone.om.db.dirs is not configured. We recommend adding this setting. Falling back to ozone.metadata.dirs instead.
2021-10-31 01:08:15,989 [Listener at localhost/11928] INFO  codec.OmKeyInfoCodec (OmKeyInfoCodec.java:<init>(51)) - OmKeyInfoCodec ignorePipeline = true
2021-10-31 01:08:15,989 [Listener at localhost/11928] INFO  codec.RepeatedOmKeyInfoCodec (RepeatedOmKeyInfoCodec.java:<init>(42)) - RepeatedOmKeyInfoCodec ignorePipeline = true
2021-10-31 01:08:16,036 [Listener at localhost/11928] WARN  om.OzoneManager (OzoneManager.java:instantiatePrepareStateOnStartup(3513)) - Prepare marker file index 11 does not match DB prepare index 10. Writing DB index to prepare file and maintaining prepared state.
2021-10-31 01:08:16,037 [Listener at localhost/11928] INFO  om.OzoneManagerPrepareState (OzoneManagerPrepareState.java:writePrepareMarkerFile(262)) - Prepare marker file written with log index 10 to file /home/runner/work/ozone/ozone/hadoop-ozone/integration-test/target/test-dir/MiniOzoneClusterImpl-b8864bcf-37cc-42b5-82cc-559abfd78a8f/omNode-1/current/prepareMarker
2021-10-31 01:08:16,041 [Listener at localhost/11928] WARN  impl.MetricRegistriesImpl (MetricRegistriesImpl.java:addReporterRegistration(111)) - New reporters are added after registries were created. Some metrics will be missing from the reporter. Please add reporter before adding any new registry.
2021-10-31 01:08:16,041 [Listener at localhost/11928] WARN  impl.MetricRegistriesImpl (MetricRegistriesImpl.java:addReporterRegistration(111)) - New reporters are added after registries were created. Some metrics will be missing from the reporter. Please add reporter before adding any new registry.
2021-10-31 01:08:16,042 [Listener at localhost/11928] WARN  server.ServerUtils (ServerUtils.java:getDefaultRatisDirectory(237)) - Storage directory for Ratis is not configured. It is a good idea to map this to an SSD disk. Falling back to ozone.metadata.dirs
2021-10-31 01:08:16,043 [Listener at localhost/11928] INFO  ratis.OzoneManagerRatisServer (OzoneManagerRatisServer.java:<init>(159)) - Instantiating OM Ratis server with groupID: om-service-test1 and peers: localhost:11920, localhost:11932, localhost:11926
2021-10-31 01:08:16,043 [Listener at localhost/11928] INFO  ratis.OzoneManagerStateMachine (OzoneManagerStateMachine.java:loadSnapshotInfoFromDB(605)) - LastAppliedIndex is set from TransactionInfo from OM DB as (t:2, i:11)
2021-10-31 01:08:16,044 [Listener at localhost/11928] INFO  server.RaftServer (ConfUtils.java:logGet(44)) - raft.rpc.type = GRPC (default)
2021-10-31 01:08:16,044 [Listener at localhost/11928] INFO  grpc.GrpcFactory (GrpcFactory.java:checkPooledByteBufAllocatorUseCacheForAllThreads(48)) - PERFORMANCE WARNING: useCacheForAllThreads is true that may cause Netty to create a lot garbage objects and, as a result, trigger GC.
	It is recommended to disable useCacheForAllThreads by setting -Dorg.apache.ratis.thirdparty.io.netty.allocator.useCacheForAllThreads=false in command line.
2021-10-31 01:08:16,044 [Listener at localhost/11928] INFO  grpc.GrpcConfigKeys (ConfUtils.java:logGet(44)) - raft.grpc.admin.port = -1 (default)
2021-10-31 01:08:16,044 [Listener at localhost/11928] INFO  grpc.GrpcConfigKeys (ConfUtils.java:logGet(44)) - raft.grpc.server.port = 11920 (custom)
2021-10-31 01:08:16,044 [Listener at localhost/11928] INFO  grpc.GrpcConfigKeys (ConfUtils.java:logGet(44)) - raft.grpc.client.port = -1 (default)
2021-10-31 01:08:16,044 [Listener at localhost/11928] INFO  grpc.GrpcConfigKeys (ConfUtils.java:logGet(44)) - raft.grpc.server.port = 11920 (custom)
2021-10-31 01:08:16,045 [Listener at localhost/11928] INFO  grpc.GrpcConfigKeys (ConfUtils.java:logGet(44)) - raft.grpc.server.port = 11920 (custom)
2021-10-31 01:08:16,045 [Listener at localhost/11928] INFO  server.GrpcService (ConfUtils.java:logGet(44)) - raft.grpc.message.size.max = 33554432 (custom)
2021-10-31 01:08:16,045 [Listener at localhost/11928] INFO  server.RaftServerConfigKeys (ConfUtils.java:logGet(44)) - raft.server.log.appender.buffer.byte-limit = 33554432 (custom)
2021-10-31 01:08:16,045 [Listener at localhost/11928] INFO  server.GrpcService (ConfUtils.java:logGet(44)) - raft.grpc.flow.control.window = 1MB (=1048576) (default)
2021-10-31 01:08:16,045 [Listener at localhost/11928] INFO  server.RaftServerConfigKeys (ConfUtils.java:logGet(44)) - raft.server.rpc.request.timeout = 3000ms (default)
2021-10-31 01:08:16,047 [Listener at localhost/11928] INFO  impl.DataStreamServerImpl (ConfUtils.java:logGet(44)) - raft.datastream.type = DISABLED (default)
2021-10-31 01:08:16,047 [Listener at localhost/11928] INFO  server.RaftServerConfigKeys (ConfUtils.java:logGet(44)) - raft.server.rpc.slowness.timeout = 2s (custom)
2021-10-31 01:08:16,047 [Listener at localhost/11928] INFO  server.RaftServerConfigKeys (ConfUtils.java:logGet(44)) - raft.server.leaderelection.leader.step-down.wait-time = 10s (default)
2021-10-31 01:08:16,047 [Listener at localhost/11928] INFO  server.RaftServerConfigKeys (ConfUtils.java:logGet(44)) - raft.server.storage.dir = [/home/runner/work/ozone/ozone/hadoop-ozone/integration-test/target/test-dir/MiniOzoneClusterImpl-b8864bcf-37cc-42b5-82cc-559abfd78a8f/omNode-1/ratis] (custom)
2021-10-31 01:08:16,047 [Listener at localhost/11928] INFO  server.RaftServer (RaftServerProxy.java:lambda$null$1(235)) - omNode-1: found a subdirectory /home/runner/work/ozone/ozone/hadoop-ozone/integration-test/target/test-dir/MiniOzoneClusterImpl-b8864bcf-37cc-42b5-82cc-559abfd78a8f/omNode-1/ratis/c9bc4cf4-3bc3-3c60-a66b-523986131536
2021-10-31 01:08:16,048 [Listener at localhost/11928] INFO  server.RaftServer (RaftServerProxy.java:addNew(95)) - omNode-1: addNew group-523986131536:[omNode-3|rpc:localhost:11932|priority:0, omNode-1|rpc:localhost:11920|priority:0, omNode-2|rpc:localhost:11926|priority:0] returns group-523986131536:java.util.concurrent.CompletableFuture@68ce2b18[Not completed]
2021-10-31 01:08:16,048 [Listener at localhost/11928] INFO  om.OzoneManager (OzoneManager.java:initializeRatisServer(1618)) - OzoneManager Ratis server initialized at port 11920
2021-10-31 01:08:16,048 [Listener at localhost/11928] INFO  ratis.OzoneManagerRatisServer (OzoneManagerRatisServer.java:start(522)) - Starting OzoneManagerRatisServer omNode-1 at port 11920
2021-10-31 01:08:16,048 [pool-431-thread-1] INFO  server.RaftServer$Division (RaftServerImpl.java:<init>(184)) - omNode-1: new RaftServerImpl for group-523986131536:[omNode-3|rpc:localhost:11932|priority:0, omNode-1|rpc:localhost:11920|priority:0, omNode-2|rpc:localhost:11926|priority:0] with OzoneManagerStateMachine:uninitialized
2021-10-31 01:08:16,050 [pool-431-thread-1] INFO  server.RaftServerConfigKeys (ConfUtils.java:logGet(44)) - raft.server.rpc.timeout.min = 1s (custom)
2021-10-31 01:08:16,050 [pool-431-thread-1] INFO  server.RaftServerConfigKeys (ConfUtils.java:logGet(44)) - raft.server.rpc.timeout.max = 1200ms (custom)
2021-10-31 01:08:16,050 [pool-431-thread-1] INFO  server.RaftServerConfigKeys (ConfUtils.java:logGet(44)) - raft.server.rpc.sleep.time = 25ms (default)
2021-10-31 01:08:16,050 [pool-431-thread-1] INFO  server.RaftServerConfigKeys (ConfUtils.java:logGet(44)) - raft.server.rpc.slowness.timeout = 2s (custom)
2021-10-31 01:08:16,050 [pool-431-thread-1] INFO  server.RaftServerConfigKeys (ConfUtils.java:logGet(44)) - raft.server.leaderelection.leader.step-down.wait-time = 10s (default)
2021-10-31 01:08:16,050 [pool-431-thread-1] INFO  server.RaftServerConfigKeys (ConfUtils.java:logGet(44)) - raft.server.sleep.deviation.threshold = 300ms (default)
2021-10-31 01:08:16,050 [pool-431-thread-1] INFO  server.RaftServerConfigKeys (ConfUtils.java:logGet(44)) - raft.server.log.appender.install.snapshot.enabled = false (custom)
2021-10-31 01:08:16,050 [pool-431-thread-1] INFO  server.RaftServer$Division (ServerState.java:<init>(105)) - omNode-1@group-523986131536: ConfigurationManager, init=-1: [omNode-3|rpc:localhost:11932|priority:0, omNode-1|rpc:localhost:11920|priority:0, omNode-2|rpc:localhost:11926|priority:0], old=null, confs=<EMPTY_MAP>
2021-10-31 01:08:16,050 [pool-431-thread-1] INFO  server.RaftServerConfigKeys (ConfUtils.java:logGet(44)) - raft.server.storage.dir = [/home/runner/work/ozone/ozone/hadoop-ozone/integration-test/target/test-dir/MiniOzoneClusterImpl-b8864bcf-37cc-42b5-82cc-559abfd78a8f/omNode-1/ratis] (custom)
2021-10-31 01:08:16,051 [pool-431-thread-1] INFO  server.RaftServerConfigKeys (ConfUtils.java:logGet(44)) - raft.server.log.corruption.policy = EXCEPTION (default)
2021-10-31 01:08:16,051 [pool-431-thread-1] INFO  server.RaftServerConfigKeys (ConfUtils.java:logGet(44)) - raft.server.storage.free-space.min = 0MB (=0) (default)
2021-10-31 01:08:16,052 [pool-431-thread-1] INFO  storage.RaftStorageDirectory (RaftStorageDirectoryImpl.java:tryLock(230)) - Lock on /home/runner/work/ozone/ozone/hadoop-ozone/integration-test/target/test-dir/MiniOzoneClusterImpl-b8864bcf-37cc-42b5-82cc-559abfd78a8f/omNode-1/ratis/c9bc4cf4-3bc3-3c60-a66b-523986131536/in_use.lock acquired by nodename 14068@fv-az50-512
2021-10-31 01:08:16,052 [pool-431-thread-1] INFO  storage.RaftStorage (RaftStorageImpl.java:analyzeAndRecoverStorage(110)) - Read RaftStorageMetadata{term=14, votedFor=omNode-2} from /home/runner/work/ozone/ozone/hadoop-ozone/integration-test/target/test-dir/MiniOzoneClusterImpl-b8864bcf-37cc-42b5-82cc-559abfd78a8f/omNode-1/ratis/c9bc4cf4-3bc3-3c60-a66b-523986131536/current/raft-meta
2021-10-31 01:08:16,053 [pool-431-thread-1] INFO  server.RaftServer$Division (ServerState.java:setRaftConf(387)) - omNode-1@group-523986131536: set configuration 27: [omNode-3|rpc:localhost:11932|admin:|client:|dataStream:|priority:0, omNode-1|rpc:localhost:11920|admin:|client:|dataStream:|priority:0, omNode-2|rpc:localhost:11926|admin:|client:|dataStream:|priority:0], old=null
2021-10-31 01:08:16,053 [pool-431-thread-1] INFO  server.RaftServerConfigKeys (ConfUtils.java:logGet(44)) - raft.server.notification.no-leader.timeout = 2s (custom)
2021-10-31 01:08:16,053 [pool-431-thread-1] INFO  server.RaftServerConfigKeys (ConfUtils.java:logGet(44)) - raft.server.log.use.memory = false (default)
2021-10-31 01:08:16,053 [pool-431-thread-1] INFO  server.RaftServerConfigKeys (ConfUtils.java:logGet(44)) - raft.server.log.purge.gap = 50 (custom)
2021-10-31 01:08:16,053 [pool-431-thread-1] INFO  server.RaftServerConfigKeys (ConfUtils.java:logGet(44)) - raft.server.log.appender.buffer.byte-limit = 33554432 (custom)
2021-10-31 01:08:16,053 [pool-431-thread-1] INFO  server.RaftServerConfigKeys (ConfUtils.java:logGet(44)) - raft.server.log.segment.size.max = 4194304 (custom)
2021-10-31 01:08:16,054 [pool-431-thread-1] INFO  server.RaftServerConfigKeys (ConfUtils.java:logGet(44)) - raft.server.log.segment.cache.num.max = 2 (custom)
2021-10-31 01:08:16,054 [pool-431-thread-1] INFO  server.RaftServerConfigKeys (ConfUtils.java:logGet(44)) - raft.server.log.segment.cache.size.max = 200MB (=209715200) (default)
2021-10-31 01:08:16,054 [pool-431-thread-1] INFO  segmented.SegmentedRaftLogWorker (SegmentedRaftLogWorker.java:<init>(182)) - new omNode-1@group-523986131536-SegmentedRaftLogWorker for RaftStorageImpl:Storage Directory /home/runner/work/ozone/ozone/hadoop-ozone/integration-test/target/test-dir/MiniOzoneClusterImpl-b8864bcf-37cc-42b5-82cc-559abfd78a8f/omNode-1/ratis/c9bc4cf4-3bc3-3c60-a66b-523986131536
2021-10-31 01:08:16,054 [pool-431-thread-1] INFO  server.RaftServerConfigKeys (ConfUtils.java:logGet(44)) - raft.server.log.queue.byte-limit = 64MB (=67108864) (default)
2021-10-31 01:08:16,054 [pool-431-thread-1] INFO  server.RaftServerConfigKeys (ConfUtils.java:logGet(44)) - raft.server.log.queue.element-limit = 4096 (default)
2021-10-31 01:08:16,054 [pool-431-thread-1] INFO  server.RaftServerConfigKeys (ConfUtils.java:logGet(44)) - raft.server.log.segment.size.max = 4194304 (custom)
2021-10-31 01:08:16,054 [pool-431-thread-1] INFO  server.RaftServerConfigKeys (ConfUtils.java:logGet(44)) - raft.server.log.preallocated.size = 4194304 (custom)
2021-10-31 01:08:16,055 [pool-431-thread-1] INFO  server.RaftServerConfigKeys (ConfUtils.java:logGet(44)) - raft.server.log.force.sync.num = 128 (default)
2021-10-31 01:08:16,055 [pool-431-thread-1] INFO  server.RaftServerConfigKeys (ConfUtils.java:logGet(44)) - raft.server.log.statemachine.data.sync = true (default)
2021-10-31 01:08:16,055 [pool-431-thread-1] INFO  server.RaftServerConfigKeys (ConfUtils.java:logGet(44)) - raft.server.log.statemachine.data.sync.timeout = 10s (default)
2021-10-31 01:08:16,055 [pool-431-thread-1] INFO  server.RaftServerConfigKeys (ConfUtils.java:logGet(44)) - raft.server.log.statemachine.data.sync.timeout.retry = -1 (default)
2021-10-31 01:08:16,056 [pool-431-thread-1] INFO  server.RaftServerConfigKeys (ConfUtils.java:logGet(44)) - raft.server.log.write.buffer.size = 64KB (=65536) (default)
2021-10-31 01:08:16,056 [pool-431-thread-1] INFO  server.RaftServerConfigKeys (ConfUtils.java:logGet(44)) - raft.server.log.statemachine.data.caching.enabled = false (default)
2021-10-31 01:08:16,056 [pool-431-thread-1] INFO  segmented.SegmentedRaftLogWorker (SegmentedRaftLogWorker.java:lambda$new$0(133)) - omNode-1@group-523986131536-SegmentedRaftLogWorker: flushIndex: setUnconditionally 0 -> 11
2021-10-31 01:08:16,058 [pool-431-thread-1] INFO  segmented.SegmentedRaftLogWorker (SegmentedRaftLogWorker.java:lambda$new$0(133)) - omNode-1@group-523986131536-SegmentedRaftLogWorker: safeCacheEvictIndex: setUnconditionally 0 -> -1
2021-10-31 01:08:16,061 [pool-431-thread-1] INFO  server.RaftServerConfigKeys (ConfUtils.java:logGet(44)) - raft.server.snapshot.auto.trigger.enabled = true (custom)
2021-10-31 01:08:16,061 [pool-431-thread-1] INFO  server.RaftServerConfigKeys (ConfUtils.java:logGet(44)) - raft.server.snapshot.auto.trigger.threshold = 50 (custom)
2021-10-31 01:08:16,062 [pool-431-thread-1] INFO  server.RaftServerConfigKeys (ConfUtils.java:logGet(44)) - raft.server.snapshot.retention.file.num = -1 (default)
2021-10-31 01:08:16,062 [pool-431-thread-1] INFO  server.RaftServerConfigKeys (ConfUtils.java:logGet(44)) - raft.server.log.purge.upto.snapshot.index = true (custom)
2021-10-31 01:08:16,062 [pool-431-thread-1] INFO  server.RaftServerConfigKeys (ConfUtils.java:logGet(44)) - raft.server.retrycache.expirytime = 30000ms (custom)
2021-10-31 01:08:16,062 [pool-431-thread-1] INFO  server.RaftServerConfigKeys (ConfUtils.java:logGet(44)) - raft.server.retrycache.statistics.expirytime = 100μs (default)
2021-10-31 01:08:16,064 [Listener at localhost/11928] INFO  server.RaftServer$Division (RaftServerImpl.java:start(301)) - omNode-1@group-523986131536: start as a follower, conf=27: [omNode-3|rpc:localhost:11932|admin:|client:|dataStream:|priority:0, omNode-1|rpc:localhost:11920|admin:|client:|dataStream:|priority:0, omNode-2|rpc:localhost:11926|admin:|client:|dataStream:|priority:0], old=null
2021-10-31 01:08:16,064 [Listener at localhost/11928] INFO  server.RaftServer$Division (RaftServerImpl.java:setRole(290)) - omNode-1@group-523986131536: changes role from      null to FOLLOWER at term 14 for startAsFollower
2021-10-31 01:08:16,064 [Listener at localhost/11928] INFO  impl.RoleInfo (RoleInfo.java:updateAndGet(130)) - omNode-1: start omNode-1@group-523986131536-FollowerState
2021-10-31 01:08:16,064 [Listener at localhost/11928] INFO  util.JmxRegister (JmxRegister.java:tryRegister(44)) - Successfully registered JMX Bean with object name Ratis:service=RaftServer,group=group-523986131536,id=omNode-1
2021-10-31 01:08:16,065 [Listener at localhost/11928] INFO  server.RaftServer (RaftServerProxy.java:lambda$start$5(374)) - omNode-1: start RPC server
2021-10-31 01:08:16,066 [Listener at localhost/11928] INFO  server.GrpcService (GrpcService.java:startImpl(253)) - omNode-1: GrpcService started, listening on 11920
2021-10-31 01:08:16,066 [Listener at localhost/11928] INFO  ipc.CallQueueManager (CallQueueManager.java:<init>(90)) - Using callQueue: class java.util.concurrent.LinkedBlockingQueue, queueCapacity: 2000, scheduler: class org.apache.hadoop.ipc.DefaultRpcScheduler, ipcBackoff: false.
2021-10-31 01:08:16,067 [org.apache.ratis.util.JvmPauseMonitor$$Lambda$523/2066045717@7d781890] INFO  util.JvmPauseMonitor (JvmPauseMonitor.java:run(103)) - JvmPauseMonitor-omNode-1: Started
2021-10-31 01:08:16,067 [Socket Reader #1 for port 11916] INFO  ipc.Server (Server.java:run(1265)) - Starting Socket Reader #1 for port 11916
2021-10-31 01:08:16,070 [Listener at localhost/11916] INFO  http.BaseHttpServer (BaseHttpServer.java:newHttpServer2BuilderForOzone(209)) - Starting Web-server for ozoneManager at: http://0.0.0.0:11918
2021-10-31 01:08:16,070 [Listener at localhost/11916] INFO  http.BaseHttpServer (BaseHttpServer.java:<init>(107)) - Hadoop Security Enabled: false Ozone Security Enabled: false Ozone HTTP Security Enabled: false 
2021-10-31 01:08:16,072 [Listener at localhost/11916] INFO  server.AuthenticationFilter (AuthenticationFilter.java:constructSecretProvider(240)) - Unable to initialize FileSignerSecretProvider, falling back to use random secrets.
2021-10-31 01:08:16,077 [Listener at localhost/11916] WARN  http.HttpRequestLog (HttpRequestLog.java:getRequestLog(103)) - Jetty request log can only be enabled using Log4j
2021-10-31 01:08:16,079 [Listener at localhost/11916] INFO  http.HttpServer2 (HttpServer2.java:addGlobalFilter(1030)) - Added global filter 'safety' (class=org.apache.hadoop.hdds.server.http.HttpServer2$QuotingInputFilter)
2021-10-31 01:08:16,085 [Listener at localhost/11916] INFO  http.HttpServer2 (HttpServer2.java:addFilter(1006)) - Added filter static_user_filter (class=org.apache.hadoop.http.lib.StaticUserWebFilter$StaticUserFilter) to context ozoneManager
2021-10-31 01:08:16,086 [Listener at localhost/11916] INFO  http.HttpServer2 (HttpServer2.java:addFilter(1014)) - Added filter static_user_filter (class=org.apache.hadoop.http.lib.StaticUserWebFilter$StaticUserFilter) to context logs
2021-10-31 01:08:16,086 [Listener at localhost/11916] INFO  http.HttpServer2 (HttpServer2.java:addFilter(1014)) - Added filter static_user_filter (class=org.apache.hadoop.http.lib.StaticUserWebFilter$StaticUserFilter) to context static
2021-10-31 01:08:16,086 [Listener at localhost/11916] INFO  http.HttpServer2 (HttpServer2.java:bindListener(1249)) - Jetty bound to port 11918
2021-10-31 01:08:16,086 [Listener at localhost/11916] INFO  server.Server (Server.java:doStart(375)) - jetty-9.4.43.v20210629; built: 2021-06-30T11:07:22.254Z; git: 526006ecfa3af7f1a27ef3a288e2bef7ea9dd7e8; jvm 1.8.0_292-b10
2021-10-31 01:08:16,099 [Listener at localhost/11916] INFO  server.session (DefaultSessionIdManager.java:doStart(334)) - DefaultSessionIdManager workerName=node0
2021-10-31 01:08:16,099 [Listener at localhost/11916] INFO  server.session (DefaultSessionIdManager.java:doStart(339)) - No SessionScavenger set, using defaults
2021-10-31 01:08:16,099 [Listener at localhost/11916] INFO  server.session (HouseKeeper.java:startScavenging(132)) - node0 Scavenging every 600000ms
2021-10-31 01:08:16,100 [Listener at localhost/11916] INFO  handler.ContextHandler (ContextHandler.java:doStart(915)) - Started o.e.j.s.ServletContextHandler@3b667c2{logs,/logs,file:///home/runner/work/ozone/ozone/hadoop-ozone/integration-test/target/log,AVAILABLE}
2021-10-31 01:08:16,100 [Listener at localhost/11916] INFO  handler.ContextHandler (ContextHandler.java:doStart(915)) - Started o.e.j.s.ServletContextHandler@37d254db{static,/static,file:///home/runner/work/ozone/ozone/hadoop-ozone/integration-test/target/test-classes/webapps/static,AVAILABLE}
2021-10-31 01:08:16,106 [Listener at localhost/11916] INFO  handler.ContextHandler (ContextHandler.java:doStart(915)) - Started o.e.j.w.WebAppContext@23f6def5{ozoneManager,/,file:///home/runner/work/ozone/ozone/hadoop-ozone/integration-test/target/test-classes/webapps/ozoneManager/,AVAILABLE}{file:/home/runner/work/ozone/ozone/hadoop-ozone/integration-test/target/test-classes/webapps/ozoneManager}
2021-10-31 01:08:16,112 [Listener at localhost/11916] INFO  server.AbstractConnector (AbstractConnector.java:doStart(331)) - Started ServerConnector@7b7b4954{HTTP/1.1, (http/1.1)}{0.0.0.0:11918}
2021-10-31 01:08:16,112 [Listener at localhost/11916] INFO  server.Server (Server.java:doStart(415)) - Started @296046ms
2021-10-31 01:08:16,112 [Listener at localhost/11916] WARN  impl.MetricsSystemImpl (MetricsSystemImpl.java:register(279)) - Sink prometheus already exists!
2021-10-31 01:08:16,113 [Listener at localhost/11916] INFO  http.BaseHttpServer (BaseHttpServer.java:updateConnectorAddress(329)) - HTTP server of ozoneManager listening at http://0.0.0.0:11918
2021-10-31 01:08:16,113 [IPC Server Responder] INFO  ipc.Server (Server.java:run(1507)) - IPC Server Responder: starting
2021-10-31 01:08:16,117 [IPC Server listener on 11916] INFO  ipc.Server (Server.java:run(1344)) - IPC Server listener on 11916: starting
2021-10-31 01:08:16,123 [Listener at localhost/11916] INFO  om.OzoneManager (OzoneManager.java:startTrashEmptier(1576)) - Trash Interval set to 0. Files deleted will not move to trash
2021-10-31 01:08:16,124 [Listener at localhost/11916] INFO  om.OzoneManager (OzoneManager.java:stop(1677)) - Stopping Ozone Manager
2021-10-31 01:08:16,124 [Listener at localhost/11916] INFO  ipc.Server (Server.java:stop(3414)) - Stopping server on 11922
2021-10-31 01:08:16,130 [IPC Server Responder] INFO  ipc.Server (Server.java:run(1512)) - Stopping IPC Server Responder
2021-10-31 01:08:16,130 [IPC Server listener on 11922] INFO  ipc.Server (Server.java:run(1376)) - Stopping IPC Server listener on 11922
2021-10-31 01:08:16,131 [Listener at localhost/11916] INFO  server.RaftServer (RaftServerProxy.java:lambda$close$6(391)) - omNode-2: close
2021-10-31 01:08:16,131 [Listener at localhost/11916] INFO  server.RaftServer$Division (RaftServerImpl.java:lambda$close$4(412)) - omNode-2@group-523986131536: shutdown
2021-10-31 01:08:16,131 [Listener at localhost/11916] INFO  util.JmxRegister (JmxRegister.java:unregister(73)) - Successfully un-registered JMX Bean with object name Ratis:service=RaftServer,group=group-523986131536,id=omNode-2
2021-10-31 01:08:16,131 [Listener at localhost/11916] INFO  impl.RoleInfo (RoleInfo.java:shutdownLeaderState(91)) - omNode-2: shutdown omNode-2@group-523986131536-LeaderStateImpl
2021-10-31 01:08:16,132 [Listener at localhost/11916] INFO  impl.PendingRequests (PendingRequests.java:sendNotLeaderResponses(282)) - omNode-2@group-523986131536-PendingRequests: sendNotLeaderResponses
2021-10-31 01:08:16,134 [omNode-2@group-523986131536->omNode-1-GrpcLogAppender-LogAppenderDaemon] WARN  server.GrpcLogAppender (GrpcLogAppender.java:mayWait(177)) - omNode-2@group-523986131536->omNode-1-GrpcLogAppender: Wait interrupted by java.lang.InterruptedException
2021-10-31 01:08:16,135 [Listener at localhost/11916] INFO  impl.StateMachineUpdater (StateMachineUpdater.java:stopAndJoin(149)) - omNode-2@group-523986131536-StateMachineUpdater: set stopIndex = 26
2021-10-31 01:08:16,135 [omNode-2@group-523986131536-StateMachineUpdater] INFO  ratis.OzoneManagerStateMachine (OzoneManagerStateMachine.java:takeSnapshot(417)) - Current Snapshot Index (t:13, i:26)
2021-10-31 01:08:16,136 [omNode-2@group-523986131536-StateMachineUpdater] INFO  impl.StateMachineUpdater (StateMachineUpdater.java:takeSnapshot(281)) - omNode-2@group-523986131536-StateMachineUpdater: Took a snapshot at index 26
2021-10-31 01:08:16,136 [omNode-2@group-523986131536-StateMachineUpdater] INFO  impl.StateMachineUpdater (StateMachineUpdater.java:lambda$new$0(89)) - omNode-2@group-523986131536-StateMachineUpdater: snapshotIndex: updateIncreasingly 24 -> 26
2021-10-31 01:08:16,136 [omNode-2@group-523986131536-StateMachineUpdater] INFO  ratis.OzoneManagerStateMachine (OzoneManagerStateMachine.java:close(471)) - StateMachine has shutdown. Shutdown OzoneManager if not already shutdown.
2021-10-31 01:08:16,136 [Listener at localhost/11916] INFO  server.RaftServer$Division (ServerState.java:close(419)) - omNode-2@group-523986131536: closes. applyIndex: 26
2021-10-31 01:08:16,136 [omNode-2@group-523986131536-SegmentedRaftLogWorker] INFO  segmented.SegmentedRaftLogWorker (SegmentedRaftLogWorker.java:run(327)) - omNode-2@group-523986131536-SegmentedRaftLogWorker was interrupted, exiting. There are 0 tasks remaining in the queue.
2021-10-31 01:08:16,138 [Listener at localhost/11916] INFO  segmented.SegmentedRaftLogWorker (SegmentedRaftLogWorker.java:close(237)) - omNode-2@group-523986131536-SegmentedRaftLogWorker close()
2021-10-31 01:08:16,138 [org.apache.hadoop.util.JvmPauseMonitor$Monitor@5137711f] INFO  util.JvmPauseMonitor (JvmPauseMonitor.java:run(188)) - Starting JVM pause monitor
2021-10-31 01:08:16,139 [Listener at localhost/11916] INFO  server.GrpcService (GrpcService.java:closeImpl(262)) - omNode-2: shutdown server with port 11926 now
2021-10-31 01:08:16,145 [Listener at localhost/11916] INFO  server.GrpcService (GrpcService.java:closeImpl(271)) - omNode-2: shutdown server with port 11926 successfully
2021-10-31 01:08:16,145 [org.apache.ratis.util.JvmPauseMonitor$$Lambda$523/2066045717@5b7f4373] INFO  util.JvmPauseMonitor (JvmPauseMonitor.java:run(109)) - JvmPauseMonitor-omNode-2: Stopped
2021-10-31 01:08:16,145 [Listener at localhost/11916] INFO  ratis.OzoneManagerDoubleBuffer (OzoneManagerDoubleBuffer.java:stop(437)) - Stopping OMDoubleBuffer flush thread
2021-10-31 01:08:16,145 [OMDoubleBufferFlushThread] INFO  ratis.OzoneManagerDoubleBuffer (OzoneManagerDoubleBuffer.java:flushTransactions(356)) - OMDoubleBuffer flush thread OMDoubleBufferFlushThread is interrupted and will exit. OMDoubleBufferFlushThread
2021-10-31 01:08:16,146 [Listener at localhost/11916] INFO  handler.ContextHandler (ContextHandler.java:doStop(1153)) - Stopped o.e.j.w.WebAppContext@46751b8a{ozoneManager,/,null,STOPPED}{file:/home/runner/work/ozone/ozone/hadoop-ozone/integration-test/target/test-classes/webapps/ozoneManager}
2021-10-31 01:08:16,147 [Listener at localhost/11916] INFO  server.AbstractConnector (AbstractConnector.java:doStop(381)) - Stopped ServerConnector@3e5a6834{HTTP/1.1, (http/1.1)}{0.0.0.0:11924}
2021-10-31 01:08:16,147 [Listener at localhost/11916] INFO  server.session (HouseKeeper.java:stopScavenging(149)) - node0 Stopped scavenging
2021-10-31 01:08:16,147 [Listener at localhost/11916] INFO  handler.ContextHandler (ContextHandler.java:doStop(1153)) - Stopped o.e.j.s.ServletContextHandler@784e6d3{static,/static,file:///home/runner/work/ozone/ozone/hadoop-ozone/integration-test/target/test-classes/webapps/static,STOPPED}
2021-10-31 01:08:16,148 [Listener at localhost/11916] INFO  handler.ContextHandler (ContextHandler.java:doStop(1153)) - Stopped o.e.j.s.ServletContextHandler@b9928c6{logs,/logs,file:///home/runner/work/ozone/ozone/hadoop-ozone/integration-test/target/log,STOPPED}
2021-10-31 01:08:16,152 [Listener at localhost/11916] INFO  om.OzoneManager (OzoneManager.java:initFSOLayout(3634)) - Configured ozone.om.metadata.layout=SIMPLE and disabled optimized OM FS operations
2021-10-31 01:08:16,152 [Listener at localhost/11916] INFO  om.OzoneManager (OzoneManager.java:restart(1392)) - OzoneManager RPC server is listening at localhost/127.0.0.1:11922
2021-10-31 01:08:16,152 [Listener at localhost/11916] INFO  impl.MetricsSystemImpl (MetricsSystemImpl.java:init(158)) - OzoneManager metrics system started (again)
2021-10-31 01:08:16,175 [Listener at localhost/11916] WARN  server.ServerUtils (ServerUtils.java:getDBPath(225)) - ozone.om.db.dirs is not configured. We recommend adding this setting. Falling back to ozone.metadata.dirs instead.
2021-10-31 01:08:16,178 [Listener at localhost/11916] INFO  codec.OmKeyInfoCodec (OmKeyInfoCodec.java:<init>(51)) - OmKeyInfoCodec ignorePipeline = true
2021-10-31 01:08:16,179 [Listener at localhost/11916] INFO  codec.RepeatedOmKeyInfoCodec (RepeatedOmKeyInfoCodec.java:<init>(42)) - RepeatedOmKeyInfoCodec ignorePipeline = true
2021-10-31 01:08:16,217 [Listener at localhost/11916] WARN  impl.MetricRegistriesImpl (MetricRegistriesImpl.java:addReporterRegistration(111)) - New reporters are added after registries were created. Some metrics will be missing from the reporter. Please add reporter before adding any new registry.
2021-10-31 01:08:16,217 [Listener at localhost/11916] WARN  impl.MetricRegistriesImpl (MetricRegistriesImpl.java:addReporterRegistration(111)) - New reporters are added after registries were created. Some metrics will be missing from the reporter. Please add reporter before adding any new registry.
2021-10-31 01:08:16,217 [Listener at localhost/11916] WARN  server.ServerUtils (ServerUtils.java:getDefaultRatisDirectory(237)) - Storage directory for Ratis is not configured. It is a good idea to map this to an SSD disk. Falling back to ozone.metadata.dirs
2021-10-31 01:08:16,218 [Listener at localhost/11916] INFO  ratis.OzoneManagerRatisServer (OzoneManagerRatisServer.java:<init>(159)) - Instantiating OM Ratis server with groupID: om-service-test1 and peers: localhost:11926, localhost:11932, localhost:11920
2021-10-31 01:08:16,218 [Listener at localhost/11916] INFO  ratis.OzoneManagerStateMachine (OzoneManagerStateMachine.java:loadSnapshotInfoFromDB(605)) - LastAppliedIndex is set from TransactionInfo from OM DB as (t:13, i:26)
2021-10-31 01:08:16,221 [Listener at localhost/11916] INFO  server.RaftServer (ConfUtils.java:logGet(44)) - raft.rpc.type = GRPC (default)
2021-10-31 01:08:16,221 [Listener at localhost/11916] INFO  grpc.GrpcFactory (GrpcFactory.java:checkPooledByteBufAllocatorUseCacheForAllThreads(48)) - PERFORMANCE WARNING: useCacheForAllThreads is true that may cause Netty to create a lot garbage objects and, as a result, trigger GC.
	It is recommended to disable useCacheForAllThreads by setting -Dorg.apache.ratis.thirdparty.io.netty.allocator.useCacheForAllThreads=false in command line.
2021-10-31 01:08:16,221 [Listener at localhost/11916] INFO  grpc.GrpcConfigKeys (ConfUtils.java:logGet(44)) - raft.grpc.admin.port = -1 (default)
2021-10-31 01:08:16,221 [Listener at localhost/11916] INFO  grpc.GrpcConfigKeys (ConfUtils.java:logGet(44)) - raft.grpc.server.port = 11926 (custom)
2021-10-31 01:08:16,221 [Listener at localhost/11916] INFO  grpc.GrpcConfigKeys (ConfUtils.java:logGet(44)) - raft.grpc.client.port = -1 (default)
2021-10-31 01:08:16,221 [Listener at localhost/11916] INFO  grpc.GrpcConfigKeys (ConfUtils.java:logGet(44)) - raft.grpc.server.port = 11926 (custom)
2021-10-31 01:08:16,221 [Listener at localhost/11916] INFO  grpc.GrpcConfigKeys (ConfUtils.java:logGet(44)) - raft.grpc.server.port = 11926 (custom)
2021-10-31 01:08:16,222 [Listener at localhost/11916] INFO  server.GrpcService (ConfUtils.java:logGet(44)) - raft.grpc.message.size.max = 33554432 (custom)
2021-10-31 01:08:16,222 [Listener at localhost/11916] INFO  server.RaftServerConfigKeys (ConfUtils.java:logGet(44)) - raft.server.log.appender.buffer.byte-limit = 33554432 (custom)
2021-10-31 01:08:16,222 [Listener at localhost/11916] INFO  server.GrpcService (ConfUtils.java:logGet(44)) - raft.grpc.flow.control.window = 1MB (=1048576) (default)
2021-10-31 01:08:16,222 [Listener at localhost/11916] INFO  server.RaftServerConfigKeys (ConfUtils.java:logGet(44)) - raft.server.rpc.request.timeout = 3000ms (default)
2021-10-31 01:08:16,223 [Listener at localhost/11916] INFO  impl.DataStreamServerImpl (ConfUtils.java:logGet(44)) - raft.datastream.type = DISABLED (default)
2021-10-31 01:08:16,223 [Listener at localhost/11916] INFO  server.RaftServerConfigKeys (ConfUtils.java:logGet(44)) - raft.server.rpc.slowness.timeout = 2s (custom)
2021-10-31 01:08:16,223 [Listener at localhost/11916] INFO  server.RaftServerConfigKeys (ConfUtils.java:logGet(44)) - raft.server.leaderelection.leader.step-down.wait-time = 10s (default)
2021-10-31 01:08:16,223 [Listener at localhost/11916] INFO  server.RaftServerConfigKeys (ConfUtils.java:logGet(44)) - raft.server.storage.dir = [/home/runner/work/ozone/ozone/hadoop-ozone/integration-test/target/test-dir/MiniOzoneClusterImpl-b8864bcf-37cc-42b5-82cc-559abfd78a8f/omNode-2/ratis] (custom)
2021-10-31 01:08:16,223 [Listener at localhost/11916] INFO  server.RaftServer (RaftServerProxy.java:lambda$null$1(235)) - omNode-2: found a subdirectory /home/runner/work/ozone/ozone/hadoop-ozone/integration-test/target/test-dir/MiniOzoneClusterImpl-b8864bcf-37cc-42b5-82cc-559abfd78a8f/omNode-2/ratis/c9bc4cf4-3bc3-3c60-a66b-523986131536
2021-10-31 01:08:16,224 [Listener at localhost/11916] INFO  server.RaftServer (RaftServerProxy.java:addNew(95)) - omNode-2: addNew group-523986131536:[omNode-3|rpc:localhost:11932|priority:0, omNode-1|rpc:localhost:11920|priority:0, omNode-2|rpc:localhost:11926|priority:0] returns group-523986131536:java.util.concurrent.CompletableFuture@40f4665c[Not completed]
2021-10-31 01:08:16,224 [Listener at localhost/11916] INFO  om.OzoneManager (OzoneManager.java:initializeRatisServer(1618)) - OzoneManager Ratis server initialized at port 11926
2021-10-31 01:08:16,224 [Listener at localhost/11916] INFO  ratis.OzoneManagerRatisServer (OzoneManagerRatisServer.java:start(522)) - Starting OzoneManagerRatisServer omNode-2 at port 11926
2021-10-31 01:08:16,224 [pool-451-thread-1] INFO  server.RaftServer$Division (RaftServerImpl.java:<init>(184)) - omNode-2: new RaftServerImpl for group-523986131536:[omNode-3|rpc:localhost:11932|priority:0, omNode-1|rpc:localhost:11920|priority:0, omNode-2|rpc:localhost:11926|priority:0] with OzoneManagerStateMachine:uninitialized
2021-10-31 01:08:16,226 [pool-451-thread-1] INFO  server.RaftServerConfigKeys (ConfUtils.java:logGet(44)) - raft.server.rpc.timeout.min = 1s (custom)
2021-10-31 01:08:16,226 [pool-451-thread-1] INFO  server.RaftServerConfigKeys (ConfUtils.java:logGet(44)) - raft.server.rpc.timeout.max = 1200ms (custom)
2021-10-31 01:08:16,226 [pool-451-thread-1] INFO  server.RaftServerConfigKeys (ConfUtils.java:logGet(44)) - raft.server.rpc.sleep.time = 25ms (default)
2021-10-31 01:08:16,226 [pool-451-thread-1] INFO  server.RaftServerConfigKeys (ConfUtils.java:logGet(44)) - raft.server.rpc.slowness.timeout = 2s (custom)
2021-10-31 01:08:16,226 [pool-451-thread-1] INFO  server.RaftServerConfigKeys (ConfUtils.java:logGet(44)) - raft.server.leaderelection.leader.step-down.wait-time = 10s (default)
2021-10-31 01:08:16,226 [pool-451-thread-1] INFO  server.RaftServerConfigKeys (ConfUtils.java:logGet(44)) - raft.server.sleep.deviation.threshold = 300ms (default)
2021-10-31 01:08:16,226 [pool-451-thread-1] INFO  server.RaftServerConfigKeys (ConfUtils.java:logGet(44)) - raft.server.log.appender.install.snapshot.enabled = false (custom)
2021-10-31 01:08:16,226 [pool-451-thread-1] INFO  server.RaftServer$Division (ServerState.java:<init>(105)) - omNode-2@group-523986131536: ConfigurationManager, init=-1: [omNode-3|rpc:localhost:11932|priority:0, omNode-1|rpc:localhost:11920|priority:0, omNode-2|rpc:localhost:11926|priority:0], old=null, confs=<EMPTY_MAP>
2021-10-31 01:08:16,226 [pool-451-thread-1] INFO  server.RaftServerConfigKeys (ConfUtils.java:logGet(44)) - raft.server.storage.dir = [/home/runner/work/ozone/ozone/hadoop-ozone/integration-test/target/test-dir/MiniOzoneClusterImpl-b8864bcf-37cc-42b5-82cc-559abfd78a8f/omNode-2/ratis] (custom)
2021-10-31 01:08:16,226 [pool-451-thread-1] INFO  server.RaftServerConfigKeys (ConfUtils.java:logGet(44)) - raft.server.log.corruption.policy = EXCEPTION (default)
2021-10-31 01:08:16,226 [pool-451-thread-1] INFO  server.RaftServerConfigKeys (ConfUtils.java:logGet(44)) - raft.server.storage.free-space.min = 0MB (=0) (default)
2021-10-31 01:08:16,227 [pool-451-thread-1] INFO  storage.RaftStorageDirectory (RaftStorageDirectoryImpl.java:tryLock(230)) - Lock on /home/runner/work/ozone/ozone/hadoop-ozone/integration-test/target/test-dir/MiniOzoneClusterImpl-b8864bcf-37cc-42b5-82cc-559abfd78a8f/omNode-2/ratis/c9bc4cf4-3bc3-3c60-a66b-523986131536/in_use.lock acquired by nodename 14068@fv-az50-512
2021-10-31 01:08:16,228 [pool-451-thread-1] INFO  storage.RaftStorage (RaftStorageImpl.java:analyzeAndRecoverStorage(110)) - Read RaftStorageMetadata{term=14, votedFor=omNode-2} from /home/runner/work/ozone/ozone/hadoop-ozone/integration-test/target/test-dir/MiniOzoneClusterImpl-b8864bcf-37cc-42b5-82cc-559abfd78a8f/omNode-2/ratis/c9bc4cf4-3bc3-3c60-a66b-523986131536/current/raft-meta
2021-10-31 01:08:16,229 [pool-451-thread-1] INFO  server.RaftServer$Division (ServerState.java:setRaftConf(387)) - omNode-2@group-523986131536: set configuration 25: [omNode-3|rpc:localhost:11932|admin:|client:|dataStream:|priority:0, omNode-1|rpc:localhost:11920|admin:|client:|dataStream:|priority:0, omNode-2|rpc:localhost:11926|admin:|client:|dataStream:|priority:0], old=null
2021-10-31 01:08:16,229 [pool-451-thread-1] INFO  server.RaftServerConfigKeys (ConfUtils.java:logGet(44)) - raft.server.notification.no-leader.timeout = 2s (custom)
2021-10-31 01:08:16,229 [pool-451-thread-1] INFO  server.RaftServerConfigKeys (ConfUtils.java:logGet(44)) - raft.server.log.use.memory = false (default)
2021-10-31 01:08:16,229 [pool-451-thread-1] INFO  server.RaftServerConfigKeys (ConfUtils.java:logGet(44)) - raft.server.log.purge.gap = 50 (custom)
2021-10-31 01:08:16,229 [pool-451-thread-1] INFO  server.RaftServerConfigKeys (ConfUtils.java:logGet(44)) - raft.server.log.appender.buffer.byte-limit = 33554432 (custom)
2021-10-31 01:08:16,229 [pool-451-thread-1] INFO  server.RaftServerConfigKeys (ConfUtils.java:logGet(44)) - raft.server.log.segment.size.max = 4194304 (custom)
2021-10-31 01:08:16,229 [pool-451-thread-1] INFO  server.RaftServerConfigKeys (ConfUtils.java:logGet(44)) - raft.server.log.segment.cache.num.max = 2 (custom)
2021-10-31 01:08:16,229 [pool-451-thread-1] INFO  server.RaftServerConfigKeys (ConfUtils.java:logGet(44)) - raft.server.log.segment.cache.size.max = 200MB (=209715200) (default)
2021-10-31 01:08:16,230 [pool-451-thread-1] INFO  segmented.SegmentedRaftLogWorker (SegmentedRaftLogWorker.java:<init>(182)) - new omNode-2@group-523986131536-SegmentedRaftLogWorker for RaftStorageImpl:Storage Directory /home/runner/work/ozone/ozone/hadoop-ozone/integration-test/target/test-dir/MiniOzoneClusterImpl-b8864bcf-37cc-42b5-82cc-559abfd78a8f/omNode-2/ratis/c9bc4cf4-3bc3-3c60-a66b-523986131536
2021-10-31 01:08:16,230 [pool-451-thread-1] INFO  server.RaftServerConfigKeys (ConfUtils.java:logGet(44)) - raft.server.log.queue.byte-limit = 64MB (=67108864) (default)
2021-10-31 01:08:16,230 [pool-451-thread-1] INFO  server.RaftServerConfigKeys (ConfUtils.java:logGet(44)) - raft.server.log.queue.element-limit = 4096 (default)
2021-10-31 01:08:16,230 [pool-451-thread-1] INFO  server.RaftServerConfigKeys (ConfUtils.java:logGet(44)) - raft.server.log.segment.size.max = 4194304 (custom)
2021-10-31 01:08:16,230 [pool-451-thread-1] INFO  server.RaftServerConfigKeys (ConfUtils.java:logGet(44)) - raft.server.log.preallocated.size = 4194304 (custom)
2021-10-31 01:08:16,230 [pool-451-thread-1] INFO  server.RaftServerConfigKeys (ConfUtils.java:logGet(44)) - raft.server.log.force.sync.num = 128 (default)
2021-10-31 01:08:16,230 [pool-451-thread-1] INFO  server.RaftServerConfigKeys (ConfUtils.java:logGet(44)) - raft.server.log.statemachine.data.sync = true (default)
2021-10-31 01:08:16,230 [pool-451-thread-1] INFO  server.RaftServerConfigKeys (ConfUtils.java:logGet(44)) - raft.server.log.statemachine.data.sync.timeout = 10s (default)
2021-10-31 01:08:16,230 [pool-451-thread-1] INFO  server.RaftServerConfigKeys (ConfUtils.java:logGet(44)) - raft.server.log.statemachine.data.sync.timeout.retry = -1 (default)
2021-10-31 01:08:16,231 [pool-451-thread-1] INFO  server.RaftServerConfigKeys (ConfUtils.java:logGet(44)) - raft.server.log.write.buffer.size = 64KB (=65536) (default)
2021-10-31 01:08:16,231 [pool-451-thread-1] INFO  server.RaftServerConfigKeys (ConfUtils.java:logGet(44)) - raft.server.log.statemachine.data.caching.enabled = false (default)
2021-10-31 01:08:16,233 [pool-451-thread-1] INFO  server.RaftServer$Division (ServerState.java:setRaftConf(387)) - omNode-2@group-523986131536: set configuration 12: [omNode-3|rpc:localhost:11932|admin:|client:|dataStream:|priority:0, omNode-1|rpc:localhost:11920|admin:|client:|dataStream:|priority:0, omNode-2|rpc:localhost:11926|admin:|client:|dataStream:|priority:0], old=null
2021-10-31 01:08:16,233 [pool-451-thread-1] INFO  segmented.LogSegment (LogSegment.java:loadSegment(173)) - Successfully read 2 entries from segment file /home/runner/work/ozone/ozone/hadoop-ozone/integration-test/target/test-dir/MiniOzoneClusterImpl-b8864bcf-37cc-42b5-82cc-559abfd78a8f/omNode-2/ratis/c9bc4cf4-3bc3-3c60-a66b-523986131536/current/log_12-13
2021-10-31 01:08:16,234 [pool-451-thread-1] INFO  server.RaftServer$Division (ServerState.java:setRaftConf(387)) - omNode-2@group-523986131536: set configuration 14: [omNode-3|rpc:localhost:11932|admin:|client:|dataStream:|priority:0, omNode-1|rpc:localhost:11920|admin:|client:|dataStream:|priority:0, omNode-2|rpc:localhost:11926|admin:|client:|dataStream:|priority:0], old=null
2021-10-31 01:08:16,234 [pool-451-thread-1] INFO  segmented.LogSegment (LogSegment.java:loadSegment(173)) - Successfully read 4 entries from segment file /home/runner/work/ozone/ozone/hadoop-ozone/integration-test/target/test-dir/MiniOzoneClusterImpl-b8864bcf-37cc-42b5-82cc-559abfd78a8f/omNode-2/ratis/c9bc4cf4-3bc3-3c60-a66b-523986131536/current/log_14-17
2021-10-31 01:08:16,234 [pool-451-thread-1] INFO  server.RaftServer$Division (ServerState.java:setRaftConf(387)) - omNode-2@group-523986131536: set configuration 18: [omNode-3|rpc:localhost:11932|admin:|client:|dataStream:|priority:0, omNode-1|rpc:localhost:11920|admin:|client:|dataStream:|priority:0, omNode-2|rpc:localhost:11926|admin:|client:|dataStream:|priority:0], old=null
2021-10-31 01:08:16,235 [pool-451-thread-1] INFO  segmented.LogSegment (LogSegment.java:loadSegment(173)) - Successfully read 4 entries from segment file /home/runner/work/ozone/ozone/hadoop-ozone/integration-test/target/test-dir/MiniOzoneClusterImpl-b8864bcf-37cc-42b5-82cc-559abfd78a8f/omNode-2/ratis/c9bc4cf4-3bc3-3c60-a66b-523986131536/current/log_18-21
2021-10-31 01:08:16,236 [pool-451-thread-1] INFO  server.RaftServer$Division (ServerState.java:setRaftConf(387)) - omNode-2@group-523986131536: set configuration 22: [omNode-3|rpc:localhost:11932|admin:|client:|dataStream:|priority:0, omNode-1|rpc:localhost:11920|admin:|client:|dataStream:|priority:0, omNode-2|rpc:localhost:11926|admin:|client:|dataStream:|priority:0], old=null
2021-10-31 01:08:16,236 [pool-451-thread-1] INFO  segmented.LogSegment (LogSegment.java:loadSegment(173)) - Successfully read 1 entries from segment file /home/runner/work/ozone/ozone/hadoop-ozone/integration-test/target/test-dir/MiniOzoneClusterImpl-b8864bcf-37cc-42b5-82cc-559abfd78a8f/omNode-2/ratis/c9bc4cf4-3bc3-3c60-a66b-523986131536/current/log_22-22
2021-10-31 01:08:16,237 [pool-451-thread-1] INFO  server.RaftServer$Division (ServerState.java:setRaftConf(387)) - omNode-2@group-523986131536: set configuration 23: [omNode-3|rpc:localhost:11932|admin:|client:|dataStream:|priority:0, omNode-1|rpc:localhost:11920|admin:|client:|dataStream:|priority:0, omNode-2|rpc:localhost:11926|admin:|client:|dataStream:|priority:0], old=null
2021-10-31 01:08:16,237 [pool-451-thread-1] INFO  segmented.LogSegment (LogSegment.java:loadSegment(173)) - Successfully read 2 entries from segment file /home/runner/work/ozone/ozone/hadoop-ozone/integration-test/target/test-dir/MiniOzoneClusterImpl-b8864bcf-37cc-42b5-82cc-559abfd78a8f/omNode-2/ratis/c9bc4cf4-3bc3-3c60-a66b-523986131536/current/log_23-24
2021-10-31 01:08:16,237 [pool-451-thread-1] INFO  server.RaftServer$Division (ServerState.java:setRaftConf(387)) - omNode-2@group-523986131536: set configuration 25: [omNode-3|rpc:localhost:11932|admin:|client:|dataStream:|priority:0, omNode-1|rpc:localhost:11920|admin:|client:|dataStream:|priority:0, omNode-2|rpc:localhost:11926|admin:|client:|dataStream:|priority:0], old=null
2021-10-31 01:08:16,237 [pool-451-thread-1] INFO  segmented.LogSegment (LogSegment.java:loadSegment(173)) - Successfully read 2 entries from segment file /home/runner/work/ozone/ozone/hadoop-ozone/integration-test/target/test-dir/MiniOzoneClusterImpl-b8864bcf-37cc-42b5-82cc-559abfd78a8f/omNode-2/ratis/c9bc4cf4-3bc3-3c60-a66b-523986131536/current/log_25-26
2021-10-31 01:08:16,237 [pool-451-thread-1] INFO  server.RaftServer$Division (ServerState.java:setRaftConf(387)) - omNode-2@group-523986131536: set configuration 27: [omNode-3|rpc:localhost:11932|admin:|client:|dataStream:|priority:0, omNode-1|rpc:localhost:11920|admin:|client:|dataStream:|priority:0, omNode-2|rpc:localhost:11926|admin:|client:|dataStream:|priority:0], old=null
2021-10-31 01:08:16,237 [pool-451-thread-1] INFO  segmented.LogSegment (LogSegment.java:loadSegment(173)) - Successfully read 1 entries from segment file /home/runner/work/ozone/ozone/hadoop-ozone/integration-test/target/test-dir/MiniOzoneClusterImpl-b8864bcf-37cc-42b5-82cc-559abfd78a8f/omNode-2/ratis/c9bc4cf4-3bc3-3c60-a66b-523986131536/current/log_inprogress_27
2021-10-31 01:08:16,238 [pool-451-thread-1] INFO  segmented.SegmentedRaftLogWorker (SegmentedRaftLogWorker.java:lambda$new$0(133)) - omNode-2@group-523986131536-SegmentedRaftLogWorker: flushIndex: setUnconditionally 0 -> 27
2021-10-31 01:08:16,238 [pool-451-thread-1] INFO  segmented.SegmentedRaftLogWorker (SegmentedRaftLogWorker.java:lambda$new$0(133)) - omNode-2@group-523986131536-SegmentedRaftLogWorker: safeCacheEvictIndex: setUnconditionally 0 -> 26
2021-10-31 01:08:16,238 [pool-451-thread-1] INFO  raftlog.RaftLog (RaftLogBase.java:lambda$new$0(53)) - omNode-2@group-523986131536-SegmentedRaftLog: commitIndex: updateToMax old=26, new=25, updated? false
2021-10-31 01:08:16,238 [pool-451-thread-1] INFO  raftlog.RaftLog (RaftLogBase.java:lambda$new$0(53)) - omNode-2@group-523986131536-SegmentedRaftLog: purgeIndex: updateIncreasingly -1 -> 11
2021-10-31 01:08:16,238 [pool-451-thread-1] INFO  server.RaftServerConfigKeys (ConfUtils.java:logGet(44)) - raft.server.snapshot.auto.trigger.enabled = true (custom)
2021-10-31 01:08:16,238 [pool-451-thread-1] INFO  server.RaftServerConfigKeys (ConfUtils.java:logGet(44)) - raft.server.snapshot.auto.trigger.threshold = 50 (custom)
2021-10-31 01:08:16,238 [pool-451-thread-1] INFO  server.RaftServerConfigKeys (ConfUtils.java:logGet(44)) - raft.server.snapshot.retention.file.num = -1 (default)
2021-10-31 01:08:16,238 [pool-451-thread-1] INFO  server.RaftServerConfigKeys (ConfUtils.java:logGet(44)) - raft.server.log.purge.upto.snapshot.index = true (custom)
2021-10-31 01:08:16,239 [pool-451-thread-1] INFO  server.RaftServerConfigKeys (ConfUtils.java:logGet(44)) - raft.server.retrycache.expirytime = 30000ms (custom)
2021-10-31 01:08:16,239 [pool-451-thread-1] INFO  server.RaftServerConfigKeys (ConfUtils.java:logGet(44)) - raft.server.retrycache.statistics.expirytime = 100μs (default)
2021-10-31 01:08:16,240 [Listener at localhost/11916] INFO  server.RaftServer$Division (RaftServerImpl.java:start(301)) - omNode-2@group-523986131536: start as a follower, conf=27: [omNode-3|rpc:localhost:11932|admin:|client:|dataStream:|priority:0, omNode-1|rpc:localhost:11920|admin:|client:|dataStream:|priority:0, omNode-2|rpc:localhost:11926|admin:|client:|dataStream:|priority:0], old=null
2021-10-31 01:08:16,240 [Listener at localhost/11916] INFO  server.RaftServer$Division (RaftServerImpl.java:setRole(290)) - omNode-2@group-523986131536: changes role from      null to FOLLOWER at term 14 for startAsFollower
2021-10-31 01:08:16,240 [Listener at localhost/11916] INFO  impl.RoleInfo (RoleInfo.java:updateAndGet(130)) - omNode-2: start omNode-2@group-523986131536-FollowerState
2021-10-31 01:08:16,241 [Listener at localhost/11916] INFO  util.JmxRegister (JmxRegister.java:tryRegister(44)) - Successfully registered JMX Bean with object name Ratis:service=RaftServer,group=group-523986131536,id=omNode-2
2021-10-31 01:08:16,241 [Listener at localhost/11916] INFO  server.RaftServer (RaftServerProxy.java:lambda$start$5(374)) - omNode-2: start RPC server
2021-10-31 01:08:16,242 [Listener at localhost/11916] INFO  server.GrpcService (GrpcService.java:startImpl(253)) - omNode-2: GrpcService started, listening on 11926
2021-10-31 01:08:16,242 [Listener at localhost/11916] INFO  ipc.CallQueueManager (CallQueueManager.java:<init>(90)) - Using callQueue: class java.util.concurrent.LinkedBlockingQueue, queueCapacity: 2000, scheduler: class org.apache.hadoop.ipc.DefaultRpcScheduler, ipcBackoff: false.
2021-10-31 01:08:16,243 [org.apache.ratis.util.JvmPauseMonitor$$Lambda$523/2066045717@ead12c6] INFO  util.JvmPauseMonitor (JvmPauseMonitor.java:run(103)) - JvmPauseMonitor-omNode-2: Started
2021-10-31 01:08:16,243 [Socket Reader #1 for port 11922] INFO  ipc.Server (Server.java:run(1265)) - Starting Socket Reader #1 for port 11922
2021-10-31 01:08:16,253 [Listener at localhost/11922] INFO  http.BaseHttpServer (BaseHttpServer.java:newHttpServer2BuilderForOzone(209)) - Starting Web-server for ozoneManager at: http://0.0.0.0:11924
2021-10-31 01:08:16,253 [Listener at localhost/11922] INFO  http.BaseHttpServer (BaseHttpServer.java:<init>(107)) - Hadoop Security Enabled: false Ozone Security Enabled: false Ozone HTTP Security Enabled: false 
2021-10-31 01:08:16,254 [Listener at localhost/11922] INFO  server.AuthenticationFilter (AuthenticationFilter.java:constructSecretProvider(240)) - Unable to initialize FileSignerSecretProvider, falling back to use random secrets.
2021-10-31 01:08:16,255 [Listener at localhost/11922] WARN  http.HttpRequestLog (HttpRequestLog.java:getRequestLog(103)) - Jetty request log can only be enabled using Log4j
2021-10-31 01:08:16,255 [Listener at localhost/11922] INFO  http.HttpServer2 (HttpServer2.java:addGlobalFilter(1030)) - Added global filter 'safety' (class=org.apache.hadoop.hdds.server.http.HttpServer2$QuotingInputFilter)
2021-10-31 01:08:16,256 [Listener at localhost/11922] INFO  http.HttpServer2 (HttpServer2.java:addFilter(1006)) - Added filter static_user_filter (class=org.apache.hadoop.http.lib.StaticUserWebFilter$StaticUserFilter) to context ozoneManager
2021-10-31 01:08:16,256 [Listener at localhost/11922] INFO  http.HttpServer2 (HttpServer2.java:addFilter(1014)) - Added filter static_user_filter (class=org.apache.hadoop.http.lib.StaticUserWebFilter$StaticUserFilter) to context static
2021-10-31 01:08:16,256 [Listener at localhost/11922] INFO  http.HttpServer2 (HttpServer2.java:addFilter(1014)) - Added filter static_user_filter (class=org.apache.hadoop.http.lib.StaticUserWebFilter$StaticUserFilter) to context logs
2021-10-31 01:08:16,257 [Listener at localhost/11922] INFO  http.HttpServer2 (HttpServer2.java:bindListener(1249)) - Jetty bound to port 11924
2021-10-31 01:08:16,257 [Listener at localhost/11922] INFO  server.Server (Server.java:doStart(375)) - jetty-9.4.43.v20210629; built: 2021-06-30T11:07:22.254Z; git: 526006ecfa3af7f1a27ef3a288e2bef7ea9dd7e8; jvm 1.8.0_292-b10
2021-10-31 01:08:16,259 [Listener at localhost/11922] INFO  server.session (DefaultSessionIdManager.java:doStart(334)) - DefaultSessionIdManager workerName=node0
2021-10-31 01:08:16,260 [Listener at localhost/11922] INFO  server.session (DefaultSessionIdManager.java:doStart(339)) - No SessionScavenger set, using defaults
2021-10-31 01:08:16,260 [Listener at localhost/11922] INFO  server.session (HouseKeeper.java:startScavenging(132)) - node0 Scavenging every 660000ms
2021-10-31 01:08:16,261 [Listener at localhost/11922] INFO  handler.ContextHandler (ContextHandler.java:doStart(915)) - Started o.e.j.s.ServletContextHandler@402663c{logs,/logs,file:///home/runner/work/ozone/ozone/hadoop-ozone/integration-test/target/log,AVAILABLE}
2021-10-31 01:08:16,261 [Listener at localhost/11922] INFO  handler.ContextHandler (ContextHandler.java:doStart(915)) - Started o.e.j.s.ServletContextHandler@a7d0e8e{static,/static,file:///home/runner/work/ozone/ozone/hadoop-ozone/integration-test/target/test-classes/webapps/static,AVAILABLE}
2021-10-31 01:08:16,264 [Listener at localhost/11922] INFO  handler.ContextHandler (ContextHandler.java:doStart(915)) - Started o.e.j.w.WebAppContext@6fa20886{ozoneManager,/,file:///home/runner/work/ozone/ozone/hadoop-ozone/integration-test/target/test-classes/webapps/ozoneManager/,AVAILABLE}{file:/home/runner/work/ozone/ozone/hadoop-ozone/integration-test/target/test-classes/webapps/ozoneManager}
2021-10-31 01:08:16,266 [Listener at localhost/11922] INFO  server.AbstractConnector (AbstractConnector.java:doStart(331)) - Started ServerConnector@2b3911b2{HTTP/1.1, (http/1.1)}{0.0.0.0:11924}
2021-10-31 01:08:16,266 [Listener at localhost/11922] INFO  server.Server (Server.java:doStart(415)) - Started @296200ms
2021-10-31 01:08:16,266 [Listener at localhost/11922] WARN  impl.MetricsSystemImpl (MetricsSystemImpl.java:register(279)) - Sink prometheus already exists!
2021-10-31 01:08:16,267 [Listener at localhost/11922] INFO  http.BaseHttpServer (BaseHttpServer.java:updateConnectorAddress(329)) - HTTP server of ozoneManager listening at http://0.0.0.0:11924
2021-10-31 01:08:16,269 [IPC Server Responder] INFO  ipc.Server (Server.java:run(1507)) - IPC Server Responder: starting
2021-10-31 01:08:16,270 [IPC Server listener on 11922] INFO  ipc.Server (Server.java:run(1344)) - IPC Server listener on 11922: starting
2021-10-31 01:08:16,277 [Listener at localhost/11922] INFO  om.OzoneManager (OzoneManager.java:startTrashEmptier(1576)) - Trash Interval set to 0. Files deleted will not move to trash
2021-10-31 01:08:16,279 [org.apache.hadoop.util.JvmPauseMonitor$Monitor@7eb3ad3a] INFO  util.JvmPauseMonitor (JvmPauseMonitor.java:run(188)) - Starting JVM pause monitor
]]></system-out>
  </testcase>
</testsuite>