<?xml version="1.0" encoding="UTF-8"?>
<testsuite xmlns:xsi="http://www.w3.org/2001/XMLSchema-instance" xsi:noNamespaceSchemaLocation="https://maven.apache.org/surefire/maven-surefire-plugin/xsd/surefire-test-report.xsd" name="org.apache.hadoop.ozone.om.TestOzoneManagerHAMetadataOnly" time="197.443" tests="10" errors="0" skipped="2" failures="1">
  <properties>
    <property name="awt.toolkit" value="sun.awt.X11.XToolkit"/>
    <property name="file.encoding.pkg" value="sun.io"/>
    <property name="java.specification.version" value="1.8"/>
    <property name="sun.cpu.isalist" value=""/>
    <property name="sun.jnu.encoding" value="ANSI_X3.4-1968"/>
    <property name="java.class.path" value="/github/workspace/mnt/ozone/hadoop-ozone/integration-test/target/test-classes:/github/workspace/mnt/ozone/hadoop-ozone/integration-test/target/classes:/home/user/.m2/repository/org/apache/hadoop/hadoop-ozone-common/1.1.0-SNAPSHOT/hadoop-ozone-common-1.1.0-SNAPSHOT.jar:/home/user/.m2/repository/org/apache/commons/commons-compress/1.4.1/commons-compress-1.4.1.jar:/home/user/.m2/repository/org/tukaani/xz/1.0/xz-1.0.jar:/home/user/.m2/repository/org/apache/hadoop/hadoop-hdds-common/1.1.0-SNAPSHOT/hadoop-hdds-common-1.1.0-SNAPSHOT.jar:/home/user/.m2/repository/org/apache/hadoop/hadoop-hdds-hadoop-dependency-client/1.1.0-SNAPSHOT/hadoop-hdds-hadoop-dependency-client-1.1.0-SNAPSHOT.jar:/home/user/.m2/repository/info/picocli/picocli/4.4.0/picocli-4.4.0.jar:/home/user/.m2/repository/com/fasterxml/jackson/core/jackson-annotations/2.10.3/jackson-annotations-2.10.3.jar:/home/user/.m2/repository/javax/annotation/javax.annotation-api/1.2/javax.annotation-api-1.2.jar:/home/user/.m2/repository/org/apache/ratis/ratis-server/1.1.0-11689cd-SNAPSHOT/ratis-server-1.1.0-11689cd-SNAPSHOT.jar:/home/user/.m2/repository/org/apache/ratis/ratis-client/1.1.0-11689cd-SNAPSHOT/ratis-client-1.1.0-11689cd-SNAPSHOT.jar:/home/user/.m2/repository/org/apache/ratis/ratis-metrics/1.1.0-11689cd-SNAPSHOT/ratis-metrics-1.1.0-11689cd-SNAPSHOT.jar:/home/user/.m2/repository/org/apache/ratis/ratis-netty/1.1.0-11689cd-SNAPSHOT/ratis-netty-1.1.0-11689cd-SNAPSHOT.jar:/home/user/.m2/repository/org/apache/ratis/ratis-grpc/1.1.0-11689cd-SNAPSHOT/ratis-grpc-1.1.0-11689cd-SNAPSHOT.jar:/home/user/.m2/repository/org/apache/logging/log4j/log4j-api/2.13.3/log4j-api-2.13.3.jar:/home/user/.m2/repository/org/apache/logging/log4j/log4j-core/2.13.3/log4j-core-2.13.3.jar:/home/user/.m2/repository/com/lmax/disruptor/3.4.2/disruptor-3.4.2.jar:/home/user/.m2/repository/org/apache/commons/commons-pool2/2.6.0/commons-pool2-2.6.0.jar:/home/user/.m2/repository/org/bouncycastle/bcpkix-jdk15on/1.60/bcpkix-jdk15on-1.60.jar:/home/user/.m2/repository/commons-validator/commons-validator/1.6/commons-validator-1.6.jar:/home/user/.m2/repository/commons-digester/commons-digester/1.8.1/commons-digester-1.8.1.jar:/home/user/.m2/repository/io/jaegertracing/jaeger-client/1.2.0/jaeger-client-1.2.0.jar:/home/user/.m2/repository/io/jaegertracing/jaeger-thrift/1.2.0/jaeger-thrift-1.2.0.jar:/home/user/.m2/repository/org/apache/thrift/libthrift/0.13.0/libthrift-0.13.0.jar:/home/user/.m2/repository/com/squareup/okhttp3/okhttp/4.2.2/okhttp-4.2.2.jar:/home/user/.m2/repository/com/squareup/okio/okio/2.2.2/okio-2.2.2.jar:/home/user/.m2/repository/org/jetbrains/kotlin/kotlin-stdlib/1.3.50/kotlin-stdlib-1.3.50.jar:/home/user/.m2/repository/org/jetbrains/kotlin/kotlin-stdlib-common/1.3.50/kotlin-stdlib-common-1.3.50.jar:/home/user/.m2/repository/org/jetbrains/annotations/13.0/annotations-13.0.jar:/home/user/.m2/repository/io/jaegertracing/jaeger-core/1.2.0/jaeger-core-1.2.0.jar:/home/user/.m2/repository/io/jaegertracing/jaeger-tracerresolver/1.2.0/jaeger-tracerresolver-1.2.0.jar:/home/user/.m2/repository/io/opentracing/contrib/opentracing-tracerresolver/0.1.8/opentracing-tracerresolver-0.1.8.jar:/home/user/.m2/repository/io/opentracing/opentracing-util/0.33.0/opentracing-util-0.33.0.jar:/home/user/.m2/repository/io/opentracing/opentracing-api/0.33.0/opentracing-api-0.33.0.jar:/home/user/.m2/repository/io/opentracing/opentracing-noop/0.33.0/opentracing-noop-0.33.0.jar:/home/user/.m2/repository/org/apache/hadoop/hadoop-hdds-client/1.1.0-SNAPSHOT/hadoop-hdds-client-1.1.0-SNAPSHOT.jar:/home/user/.m2/repository/org/apache/hadoop/hadoop-ozone-interface-client/1.1.0-SNAPSHOT/hadoop-ozone-interface-client-1.1.0-SNAPSHOT.jar:/home/user/.m2/repository/org/apache/hadoop/hadoop-hdds-test-utils/1.1.0-SNAPSHOT/hadoop-hdds-test-utils-1.1.0-SNAPSHOT.jar:/home/user/.m2/repository/com/google/guava/guava/28.2-jre/guava-28.2-jre.jar:/home/user/.m2/repository/com/google/guava/failureaccess/1.0.1/failureaccess-1.0.1.jar:/home/user/.m2/repository/com/google/guava/listenablefuture/9999.0-empty-to-avoid-conflict-with-guava/listenablefuture-9999.0-empty-to-avoid-conflict-with-guava.jar:/home/user/.m2/repository/com/google/code/findbugs/jsr305/3.0.0/jsr305-3.0.0.jar:/home/user/.m2/repository/org/checkerframework/checker-qual/2.10.0/checker-qual-2.10.0.jar:/home/user/.m2/repository/com/google/errorprone/error_prone_annotations/2.2.0/error_prone_annotations-2.2.0.jar:/home/user/.m2/repository/com/google/j2objc/j2objc-annotations/1.3/j2objc-annotations-1.3.jar:/home/user/.m2/repository/commons-io/commons-io/2.5/commons-io-2.5.jar:/home/user/.m2/repository/commons-logging/commons-logging/1.2/commons-logging-1.2.jar:/home/user/.m2/repository/log4j/log4j/1.2.17/log4j-1.2.17.jar:/home/user/.m2/repository/org/slf4j/slf4j-api/1.7.25/slf4j-api-1.7.25.jar:/home/user/.m2/repository/org/apache/hadoop/hadoop-hdds-server-scm/1.1.0-SNAPSHOT/hadoop-hdds-server-scm-1.1.0-SNAPSHOT.jar:/home/user/.m2/repository/org/apache/hadoop/hadoop-hdds-container-service/1.1.0-SNAPSHOT/hadoop-hdds-container-service-1.1.0-SNAPSHOT.jar:/home/user/.m2/repository/org/apache/hadoop/hadoop-hdds-hadoop-dependency-server/1.1.0-SNAPSHOT/hadoop-hdds-hadoop-dependency-server-1.1.0-SNAPSHOT.jar:/home/user/.m2/repository/org/apache/hadoop/hadoop-hdds-server-framework/1.1.0-SNAPSHOT/hadoop-hdds-server-framework-1.1.0-SNAPSHOT.jar:/home/user/.m2/repository/org/apache/hadoop/hadoop-hdds-interface-server/1.1.0-SNAPSHOT/hadoop-hdds-interface-server-1.1.0-SNAPSHOT.jar:/home/user/.m2/repository/org/apache/hadoop/hadoop-hdds-interface-admin/1.1.0-SNAPSHOT/hadoop-hdds-interface-admin-1.1.0-SNAPSHOT.jar:/home/user/.m2/repository/org/rocksdb/rocksdbjni/6.8.1/rocksdbjni-6.8.1.jar:/home/user/.m2/repository/io/prometheus/simpleclient_dropwizard/0.7.0/simpleclient_dropwizard-0.7.0.jar:/home/user/.m2/repository/io/prometheus/simpleclient/0.7.0/simpleclient-0.7.0.jar:/home/user/.m2/repository/io/prometheus/simpleclient_common/0.7.0/simpleclient_common-0.7.0.jar:/home/user/.m2/repository/com/fasterxml/jackson/datatype/jackson-datatype-jsr310/2.10.3/jackson-datatype-jsr310-2.10.3.jar:/home/user/.m2/repository/io/dropwizard/metrics/metrics-core/3.2.4/metrics-core-3.2.4.jar:/home/user/.m2/repository/org/apache/hadoop/hadoop-hdfs-client/3.2.1/hadoop-hdfs-client-3.2.1.jar:/home/user/.m2/repository/org/bouncycastle/bcprov-jdk15on/1.60/bcprov-jdk15on-1.60.jar:/home/user/.m2/repository/org/apache/hadoop/hadoop-ozone-ozone-manager/1.1.0-SNAPSHOT/hadoop-ozone-ozone-manager-1.1.0-SNAPSHOT.jar:/home/user/.m2/repository/org/apache/hadoop/hadoop-hdds-interface-client/1.1.0-SNAPSHOT/hadoop-hdds-interface-client-1.1.0-SNAPSHOT.jar:/home/user/.m2/repository/org/apache/ratis/ratis-thirdparty-misc/0.6.0-SNAPSHOT/ratis-thirdparty-misc-0.6.0-SNAPSHOT.jar:/home/user/.m2/repository/org/apache/hadoop/hadoop-ozone-interface-storage/1.1.0-SNAPSHOT/hadoop-ozone-interface-storage-1.1.0-SNAPSHOT.jar:/home/user/.m2/repository/org/apache/hadoop/hadoop-minikdc/3.2.1/hadoop-minikdc-3.2.1.jar:/home/user/.m2/repository/org/apache/kerby/kerb-simplekdc/1.0.1/kerb-simplekdc-1.0.1.jar:/home/user/.m2/repository/org/apache/kerby/kerb-client/1.0.1/kerb-client-1.0.1.jar:/home/user/.m2/repository/org/apache/kerby/kerby-config/1.0.1/kerby-config-1.0.1.jar:/home/user/.m2/repository/org/apache/kerby/kerb-core/1.0.1/kerb-core-1.0.1.jar:/home/user/.m2/repository/org/apache/kerby/kerby-pkix/1.0.1/kerby-pkix-1.0.1.jar:/home/user/.m2/repository/org/apache/kerby/kerby-asn1/1.0.1/kerby-asn1-1.0.1.jar:/home/user/.m2/repository/org/apache/kerby/kerby-util/1.0.1/kerby-util-1.0.1.jar:/home/user/.m2/repository/org/apache/kerby/kerb-common/1.0.1/kerb-common-1.0.1.jar:/home/user/.m2/repository/org/apache/kerby/kerb-crypto/1.0.1/kerb-crypto-1.0.1.jar:/home/user/.m2/repository/org/apache/kerby/kerb-util/1.0.1/kerb-util-1.0.1.jar:/home/user/.m2/repository/org/apache/kerby/token-provider/1.0.1/token-provider-1.0.1.jar:/home/user/.m2/repository/org/apache/kerby/kerb-admin/1.0.1/kerb-admin-1.0.1.jar:/home/user/.m2/repository/org/apache/kerby/kerb-server/1.0.1/kerb-server-1.0.1.jar:/home/user/.m2/repository/org/apache/kerby/kerb-identity/1.0.1/kerb-identity-1.0.1.jar:/home/user/.m2/repository/org/apache/kerby/kerby-xdr/1.0.1/kerby-xdr-1.0.1.jar:/home/user/.m2/repository/org/slf4j/slf4j-log4j12/1.7.25/slf4j-log4j12-1.7.25.jar:/home/user/.m2/repository/org/apache/hadoop/hadoop-ozone-s3gateway/1.1.0-SNAPSHOT/hadoop-ozone-s3gateway-1.1.0-SNAPSHOT.jar:/home/user/.m2/repository/org/jboss/weld/servlet/weld-servlet/2.4.7.Final/weld-servlet-2.4.7.Final.jar:/home/user/.m2/repository/org/glassfish/jersey/containers/jersey-container-servlet-core/2.27/jersey-container-servlet-core-2.27.jar:/home/user/.m2/repository/org/glassfish/hk2/external/javax.inject/2.5.0-b42/javax.inject-2.5.0-b42.jar:/home/user/.m2/repository/org/glassfish/jersey/core/jersey-common/2.27/jersey-common-2.27.jar:/home/user/.m2/repository/org/glassfish/hk2/osgi-resource-locator/1.0.1/osgi-resource-locator-1.0.1.jar:/home/user/.m2/repository/javax/ws/rs/javax.ws.rs-api/2.1/javax.ws.rs-api-2.1.jar:/home/user/.m2/repository/org/glassfish/jersey/ext/cdi/jersey-cdi1x/2.27/jersey-cdi1x-2.27.jar:/home/user/.m2/repository/org/glassfish/jersey/inject/jersey-hk2/2.27/jersey-hk2-2.27.jar:/home/user/.m2/repository/org/glassfish/hk2/hk2-locator/2.5.0-b42/hk2-locator-2.5.0-b42.jar:/home/user/.m2/repository/org/javassist/javassist/3.22.0-CR2/javassist-3.22.0-CR2.jar:/home/user/.m2/repository/org/glassfish/hk2/hk2-api/2.5.0/hk2-api-2.5.0.jar:/home/user/.m2/repository/org/glassfish/hk2/external/jakarta.inject/2.5.0/jakarta.inject-2.5.0.jar:/home/user/.m2/repository/org/glassfish/hk2/hk2-utils/2.5.0/hk2-utils-2.5.0.jar:/home/user/.m2/repository/jakarta/annotation/jakarta.annotation-api/1.3.4/jakarta.annotation-api-1.3.4.jar:/home/user/.m2/repository/org/glassfish/hk2/external/aopalliance-repackaged/2.5.0/aopalliance-repackaged-2.5.0.jar:/home/user/.m2/repository/com/fasterxml/jackson/dataformat/jackson-dataformat-xml/2.10.3/jackson-dataformat-xml-2.10.3.jar:/home/user/.m2/repository/com/fasterxml/jackson/core/jackson-core/2.10.3/jackson-core-2.10.3.jar:/home/user/.m2/repository/com/fasterxml/jackson/module/jackson-module-jaxb-annotations/2.10.3/jackson-module-jaxb-annotations-2.10.3.jar:/home/user/.m2/repository/jakarta/xml/bind/jakarta.xml.bind-api/2.3.2/jakarta.xml.bind-api-2.3.2.jar:/home/user/.m2/repository/jakarta/activation/jakarta.activation-api/1.2.1/jakarta.activation-api-1.2.1.jar:/home/user/.m2/repository/org/codehaus/woodstox/stax2-api/3.1.4/stax2-api-3.1.4.jar:/home/user/.m2/repository/com/fasterxml/woodstox/woodstox-core/5.0.3/woodstox-core-5.0.3.jar:/home/user/.m2/repository/javax/enterprise/cdi-api/1.2/cdi-api-1.2.jar:/home/user/.m2/repository/javax/el/javax.el-api/3.0.0/javax.el-api-3.0.0.jar:/home/user/.m2/repository/javax/interceptor/javax.interceptor-api/1.2/javax.interceptor-api-1.2.jar:/home/user/.m2/repository/javax/inject/javax.inject/1/javax.inject-1.jar:/home/user/.m2/repository/com/sun/xml/bind/jaxb-impl/2.3.0.1/jaxb-impl-2.3.0.1.jar:/home/user/.m2/repository/com/sun/xml/bind/jaxb-core/2.3.0.1/jaxb-core-2.3.0.1.jar:/home/user/.m2/repository/javax/xml/bind/jaxb-api/2.3.0/jaxb-api-2.3.0.jar:/home/user/.m2/repository/javax/activation/activation/1.1.1/activation-1.1.1.jar:/home/user/.m2/repository/org/apache/hadoop/hadoop-ozone-csi/1.1.0-SNAPSHOT/hadoop-ozone-csi-1.1.0-SNAPSHOT.jar:/home/user/.m2/repository/com/google/protobuf/protobuf-java-util/3.11.0/protobuf-java-util-3.11.0.jar:/home/user/.m2/repository/com/google/code/gson/gson/2.2.4/gson-2.2.4.jar:/home/user/.m2/repository/org/apache/hadoop/hadoop-hdds-config/1.1.0-SNAPSHOT/hadoop-hdds-config-1.1.0-SNAPSHOT.jar:/home/user/.m2/repository/com/google/protobuf/protobuf-java/2.5.0/protobuf-java-2.5.0.jar:/home/user/.m2/repository/io/grpc/grpc-netty/1.29.0/grpc-netty-1.29.0.jar:/home/user/.m2/repository/io/grpc/grpc-core/1.29.0/grpc-core-1.29.0.jar:/home/user/.m2/repository/com/google/android/annotations/4.1.1.4/annotations-4.1.1.4.jar:/home/user/.m2/repository/io/perfmark/perfmark-api/0.19.0/perfmark-api-0.19.0.jar:/home/user/.m2/repository/io/netty/netty-codec-http2/4.1.48.Final/netty-codec-http2-4.1.48.Final.jar:/home/user/.m2/repository/io/netty/netty-codec/4.1.48.Final/netty-codec-4.1.48.Final.jar:/home/user/.m2/repository/io/netty/netty-handler/4.1.48.Final/netty-handler-4.1.48.Final.jar:/home/user/.m2/repository/io/netty/netty-codec-http/4.1.48.Final/netty-codec-http-4.1.48.Final.jar:/home/user/.m2/repository/io/netty/netty-handler-proxy/4.1.48.Final/netty-handler-proxy-4.1.48.Final.jar:/home/user/.m2/repository/io/netty/netty-codec-socks/4.1.48.Final/netty-codec-socks-4.1.48.Final.jar:/home/user/.m2/repository/io/netty/netty-transport-native-epoll/4.1.48.Final/netty-transport-native-epoll-4.1.48.Final.jar:/home/user/.m2/repository/io/netty/netty-common/4.1.48.Final/netty-common-4.1.48.Final.jar:/home/user/.m2/repository/io/netty/netty-buffer/4.1.48.Final/netty-buffer-4.1.48.Final.jar:/home/user/.m2/repository/io/netty/netty-transport/4.1.48.Final/netty-transport-4.1.48.Final.jar:/home/user/.m2/repository/io/netty/netty-resolver/4.1.48.Final/netty-resolver-4.1.48.Final.jar:/home/user/.m2/repository/io/netty/netty-transport-native-unix-common/4.1.48.Final/netty-transport-native-unix-common-4.1.48.Final.jar:/home/user/.m2/repository/io/grpc/grpc-protobuf/1.29.0/grpc-protobuf-1.29.0.jar:/home/user/.m2/repository/io/grpc/grpc-api/1.29.0/grpc-api-1.29.0.jar:/home/user/.m2/repository/io/grpc/grpc-context/1.29.0/grpc-context-1.29.0.jar:/home/user/.m2/repository/org/codehaus/mojo/animal-sniffer-annotations/1.18/animal-sniffer-annotations-1.18.jar:/home/user/.m2/repository/com/google/api/grpc/proto-google-common-protos/1.17.0/proto-google-common-protos-1.17.0.jar:/home/user/.m2/repository/io/grpc/grpc-protobuf-lite/1.29.0/grpc-protobuf-lite-1.29.0.jar:/home/user/.m2/repository/io/grpc/grpc-stub/1.29.0/grpc-stub-1.29.0.jar:/home/user/.m2/repository/org/apache/hadoop/hadoop-ozone-recon/1.1.0-SNAPSHOT/hadoop-ozone-recon-1.1.0-SNAPSHOT.jar:/home/user/.m2/repository/org/apache/hadoop/hadoop-ozone-reconcodegen/1.1.0-SNAPSHOT/hadoop-ozone-reconcodegen-1.1.0-SNAPSHOT.jar:/home/user/.m2/repository/com/google/inject/extensions/guice-multibindings/4.0/guice-multibindings-4.0.jar:/home/user/.m2/repository/com/google/inject/guice/4.0/guice-4.0.jar:/home/user/.m2/repository/aopalliance/aopalliance/1.0/aopalliance-1.0.jar:/home/user/.m2/repository/com/google/inject/extensions/guice-assistedinject/4.0/guice-assistedinject-4.0.jar:/home/user/.m2/repository/com/google/inject/extensions/guice-servlet/4.0/guice-servlet-4.0.jar:/home/user/.m2/repository/org/glassfish/jersey/containers/jersey-container-servlet/2.27/jersey-container-servlet-2.27.jar:/home/user/.m2/repository/org/glassfish/hk2/guice-bridge/2.5.0/guice-bridge-2.5.0.jar:/home/user/.m2/repository/org/glassfish/jersey/core/jersey-server/2.27/jersey-server-2.27.jar:/home/user/.m2/repository/org/glassfish/jersey/core/jersey-client/2.27/jersey-client-2.27.jar:/home/user/.m2/repository/org/glassfish/jersey/media/jersey-media-jaxb/2.27/jersey-media-jaxb-2.27.jar:/home/user/.m2/repository/javax/validation/validation-api/1.1.0.Final/validation-api-1.1.0.Final.jar:/home/user/.m2/repository/org/glassfish/jersey/media/jersey-media-json-jackson/2.27/jersey-media-json-jackson-2.27.jar:/home/user/.m2/repository/org/glassfish/jersey/ext/jersey-entity-filtering/2.27/jersey-entity-filtering-2.27.jar:/home/user/.m2/repository/org/jooq/jooq/3.11.10/jooq-3.11.10.jar:/home/user/.m2/repository/org/jooq/jooq-meta/3.11.10/jooq-meta-3.11.10.jar:/home/user/.m2/repository/org/jooq/jooq-codegen/3.11.10/jooq-codegen-3.11.10.jar:/home/user/.m2/repository/com/jolbox/bonecp/0.8.0.RELEASE/bonecp-0.8.0.RELEASE.jar:/home/user/.m2/repository/org/apache/derby/derby/10.14.2.0/derby-10.14.2.0.jar:/home/user/.m2/repository/org/xerial/sqlite-jdbc/3.25.2/sqlite-jdbc-3.25.2.jar:/home/user/.m2/repository/org/springframework/spring-jdbc/5.2.5.RELEASE/spring-jdbc-5.2.5.RELEASE.jar:/home/user/.m2/repository/org/springframework/spring-beans/5.2.5.RELEASE/spring-beans-5.2.5.RELEASE.jar:/home/user/.m2/repository/org/springframework/spring-core/5.2.5.RELEASE/spring-core-5.2.5.RELEASE.jar:/home/user/.m2/repository/org/springframework/spring-jcl/5.2.5.RELEASE/spring-jcl-5.2.5.RELEASE.jar:/home/user/.m2/repository/org/springframework/spring-tx/5.2.5.RELEASE/spring-tx-5.2.5.RELEASE.jar:/home/user/.m2/repository/org/apache/hadoop/hadoop-ozone-client/1.1.0-SNAPSHOT/hadoop-ozone-client-1.1.0-SNAPSHOT.jar:/home/user/.m2/repository/org/apache/hadoop/hadoop-ozone-filesystem/1.1.0-SNAPSHOT/hadoop-ozone-filesystem-1.1.0-SNAPSHOT.jar:/home/user/.m2/repository/org/apache/hadoop/hadoop-ozone-filesystem-common/1.1.0-SNAPSHOT/hadoop-ozone-filesystem-common-1.1.0-SNAPSHOT.jar:/home/user/.m2/repository/org/apache/hadoop/hadoop-ozone-tools/1.1.0-SNAPSHOT/hadoop-ozone-tools-1.1.0-SNAPSHOT.jar:/home/user/.m2/repository/org/apache/hadoop/hadoop-hdfs/3.2.1/hadoop-hdfs-3.2.1.jar:/home/user/.m2/repository/org/apache/ratis/ratis-tools/1.1.0-11689cd-SNAPSHOT/ratis-tools-1.1.0-11689cd-SNAPSHOT.jar:/home/user/.m2/repository/org/apache/ratis/ratis-proto/1.1.0-11689cd-SNAPSHOT/ratis-proto-1.1.0-11689cd-SNAPSHOT.jar:/home/user/.m2/repository/org/apache/ratis/ratis-common/1.1.0-11689cd-SNAPSHOT/ratis-common-1.1.0-11689cd-SNAPSHOT.jar:/home/user/.m2/repository/com/amazonaws/aws-java-sdk-core/1.11.615/aws-java-sdk-core-1.11.615.jar:/home/user/.m2/repository/org/apache/httpcomponents/httpclient/4.5.13/httpclient-4.5.13.jar:/home/user/.m2/repository/org/apache/httpcomponents/httpcore/4.4.13/httpcore-4.4.13.jar:/home/user/.m2/repository/software/amazon/ion/ion-java/1.0.2/ion-java-1.0.2.jar:/home/user/.m2/repository/com/fasterxml/jackson/dataformat/jackson-dataformat-cbor/2.10.3/jackson-dataformat-cbor-2.10.3.jar:/home/user/.m2/repository/joda-time/joda-time/2.8.1/joda-time-2.8.1.jar:/home/user/.m2/repository/com/amazonaws/aws-java-sdk-s3/1.11.615/aws-java-sdk-s3-1.11.615.jar:/home/user/.m2/repository/com/amazonaws/aws-java-sdk-kms/1.11.615/aws-java-sdk-kms-1.11.615.jar:/home/user/.m2/repository/com/amazonaws/jmespath-java/1.11.615/jmespath-java-1.11.615.jar:/home/user/.m2/repository/org/kohsuke/metainf-services/metainf-services/1.8/metainf-services-1.8.jar:/home/user/.m2/repository/org/apache/hadoop/hadoop-hdds-tools/1.1.0-SNAPSHOT/hadoop-hdds-tools-1.1.0-SNAPSHOT.jar:/home/user/.m2/repository/commons-cli/commons-cli/1.2/commons-cli-1.2.jar:/home/user/.m2/repository/org/apache/commons/commons-lang3/3.7/commons-lang3-3.7.jar:/home/user/.m2/repository/org/apache/hadoop/hadoop-ozone-ozone-manager/1.1.0-SNAPSHOT/hadoop-ozone-ozone-manager-1.1.0-SNAPSHOT-tests.jar:/home/user/.m2/repository/junit/junit/4.11/junit-4.11.jar:/home/user/.m2/repository/org/hamcrest/hamcrest-core/1.3/hamcrest-core-1.3.jar:/home/user/.m2/repository/org/openjdk/jmh/jmh-core/1.19/jmh-core-1.19.jar:/home/user/.m2/repository/net/sf/jopt-simple/jopt-simple/4.6/jopt-simple-4.6.jar:/home/user/.m2/repository/org/apache/commons/commons-math3/3.1.1/commons-math3-3.1.1.jar:/home/user/.m2/repository/org/openjdk/jmh/jmh-generator-annprocess/1.19/jmh-generator-annprocess-1.19.jar:/home/user/.m2/repository/org/mockito/mockito-all/1.8.5/mockito-all-1.8.5.jar:/home/user/.m2/repository/org/apache/hadoop/hadoop-kms/3.2.1/hadoop-kms-3.2.1.jar:/home/user/.m2/repository/org/apache/hadoop/hadoop-auth/3.2.1/hadoop-auth-3.2.1.jar:/home/user/.m2/repository/com/nimbusds/nimbus-jose-jwt/7.9/nimbus-jose-jwt-7.9.jar:/home/user/.m2/repository/com/github/stephenc/jcip/jcip-annotations/1.0-1/jcip-annotations-1.0-1.jar:/home/user/.m2/repository/net/minidev/json-smart/2.3/json-smart-2.3.jar:/home/user/.m2/repository/net/minidev/accessors-smart/1.2/accessors-smart-1.2.jar:/home/user/.m2/repository/org/ow2/asm/asm/5.0.4/asm-5.0.4.jar:/home/user/.m2/repository/org/apache/zookeeper/zookeeper/3.4.13/zookeeper-3.4.13.jar:/home/user/.m2/repository/org/apache/yetus/audience-annotations/0.5.0/audience-annotations-0.5.0.jar:/home/user/.m2/repository/org/apache/curator/curator-framework/2.13.0/curator-framework-2.13.0.jar:/home/user/.m2/repository/com/sun/jersey/jersey-core/1.19/jersey-core-1.19.jar:/home/user/.m2/repository/javax/ws/rs/jsr311-api/1.1.1/jsr311-api-1.1.1.jar:/home/user/.m2/repository/com/sun/jersey/jersey-server/1.19/jersey-server-1.19.jar:/home/user/.m2/repository/javax/servlet/javax.servlet-api/3.1.0/javax.servlet-api-3.1.0.jar:/home/user/.m2/repository/org/eclipse/jetty/jetty-server/9.4.34.v20201102/jetty-server-9.4.34.v20201102.jar:/home/user/.m2/repository/org/eclipse/jetty/jetty-http/9.4.34.v20201102/jetty-http-9.4.34.v20201102.jar:/home/user/.m2/repository/org/eclipse/jetty/jetty-io/9.4.34.v20201102/jetty-io-9.4.34.v20201102.jar:/home/user/.m2/repository/org/eclipse/jetty/jetty-webapp/9.4.34.v20201102/jetty-webapp-9.4.34.v20201102.jar:/home/user/.m2/repository/org/eclipse/jetty/jetty-xml/9.4.34.v20201102/jetty-xml-9.4.34.v20201102.jar:/home/user/.m2/repository/org/eclipse/jetty/jetty-servlet/9.4.34.v20201102/jetty-servlet-9.4.34.v20201102.jar:/home/user/.m2/repository/org/eclipse/jetty/jetty-security/9.4.34.v20201102/jetty-security-9.4.34.v20201102.jar:/home/user/.m2/repository/org/apache/hadoop/hadoop-common/3.2.1/hadoop-common-3.2.1.jar:/home/user/.m2/repository/commons-net/commons-net/3.6/commons-net-3.6.jar:/home/user/.m2/repository/commons-collections/commons-collections/3.2.2/commons-collections-3.2.2.jar:/home/user/.m2/repository/com/sun/jersey/jersey-servlet/1.19/jersey-servlet-1.19.jar:/home/user/.m2/repository/com/sun/jersey/jersey-json/1.19/jersey-json-1.19.jar:/home/user/.m2/repository/org/codehaus/jettison/jettison/1.1/jettison-1.1.jar:/home/user/.m2/repository/org/codehaus/jackson/jackson-jaxrs/1.9.2/jackson-jaxrs-1.9.2.jar:/home/user/.m2/repository/org/codehaus/jackson/jackson-xc/1.9.2/jackson-xc-1.9.2.jar:/home/user/.m2/repository/commons-beanutils/commons-beanutils/1.9.4/commons-beanutils-1.9.4.jar:/home/user/.m2/repository/org/apache/commons/commons-configuration2/2.1.1/commons-configuration2-2.1.1.jar:/home/user/.m2/repository/org/apache/commons/commons-text/1.4/commons-text-1.4.jar:/home/user/.m2/repository/com/google/re2j/re2j/1.1/re2j-1.1.jar:/home/user/.m2/repository/com/jcraft/jsch/0.1.54/jsch-0.1.54.jar:/home/user/.m2/repository/org/apache/curator/curator-client/2.13.0/curator-client-2.13.0.jar:/home/user/.m2/repository/org/apache/curator/curator-recipes/2.13.0/curator-recipes-2.13.0.jar:/home/user/.m2/repository/dnsjava/dnsjava/2.1.7/dnsjava-2.1.7.jar:/home/user/.m2/repository/org/slf4j/jul-to-slf4j/1.7.25/jul-to-slf4j-1.7.25.jar:/home/user/.m2/repository/org/eclipse/jetty/jetty-util/9.4.34.v20201102/jetty-util-9.4.34.v20201102.jar:/home/user/.m2/repository/com/fasterxml/jackson/core/jackson-databind/2.10.3/jackson-databind-2.10.3.jar:/home/user/.m2/repository/org/apache/hadoop/hadoop-kms/3.2.1/hadoop-kms-3.2.1-tests.jar:/home/user/.m2/repository/org/apache/hadoop/hadoop-hdds-server-scm/1.1.0-SNAPSHOT/hadoop-hdds-server-scm-1.1.0-SNAPSHOT-tests.jar:/home/user/.m2/repository/org/apache/hadoop/hadoop-hdds-container-service/1.1.0-SNAPSHOT/hadoop-hdds-container-service-1.1.0-SNAPSHOT-tests.jar:/home/user/.m2/repository/org/apache/hadoop/hadoop-hdds-common/1.1.0-SNAPSHOT/hadoop-hdds-common-1.1.0-SNAPSHOT-tests.jar:/home/user/.m2/repository/org/yaml/snakeyaml/1.16/snakeyaml-1.16.jar:/home/user/.m2/repository/org/apache/hadoop/hadoop-hdds-hadoop-dependency-test/1.1.0-SNAPSHOT/hadoop-hdds-hadoop-dependency-test-1.1.0-SNAPSHOT.jar:/home/user/.m2/repository/org/apache/hadoop/hadoop-common/3.2.1/hadoop-common-3.2.1-tests.jar:/home/user/.m2/repository/javax/servlet/jsp/jsp-api/2.1/jsp-api-2.1.jar:/home/user/.m2/repository/org/apache/hadoop/hadoop-hdfs/3.2.1/hadoop-hdfs-3.2.1-tests.jar:/home/user/.m2/repository/org/eclipse/jetty/jetty-util-ajax/9.4.34.v20201102/jetty-util-ajax-9.4.34.v20201102.jar:/home/user/.m2/repository/commons-codec/commons-codec/1.11/commons-codec-1.11.jar:/home/user/.m2/repository/commons-daemon/commons-daemon/1.0.13/commons-daemon-1.0.13.jar:/home/user/.m2/repository/io/netty/netty/3.10.5.Final/netty-3.10.5.Final.jar:/home/user/.m2/repository/io/netty/netty-all/4.1.48.Final/netty-all-4.1.48.Final.jar:/home/user/.m2/repository/org/apache/htrace/htrace-core4/4.1.0-incubating/htrace-core4-4.1.0-incubating.jar:/home/user/.m2/repository/org/fusesource/leveldbjni/leveldbjni-all/1.8/leveldbjni-all-1.8.jar:/home/user/.m2/repository/org/apache/hadoop/hadoop-distcp/3.2.1/hadoop-distcp-3.2.1.jar:/home/user/.m2/repository/org/apache/hadoop/hadoop-mapreduce-client-jobclient/3.2.1/hadoop-mapreduce-client-jobclient-3.2.1.jar:/home/user/.m2/repository/org/apache/hadoop/hadoop-mapreduce-client-common/3.2.1/hadoop-mapreduce-client-common-3.2.1.jar:/home/user/.m2/repository/org/apache/hadoop/hadoop-yarn-common/3.2.1/hadoop-yarn-common-3.2.1.jar:/home/user/.m2/repository/org/apache/hadoop/hadoop-yarn-api/3.2.1/hadoop-yarn-api-3.2.1.jar:/home/user/.m2/repository/com/sun/jersey/jersey-client/1.19/jersey-client-1.19.jar:/home/user/.m2/repository/com/sun/jersey/contribs/jersey-guice/1.19/jersey-guice-1.19.jar:/home/user/.m2/repository/com/fasterxml/jackson/jaxrs/jackson-jaxrs-json-provider/2.10.3/jackson-jaxrs-json-provider-2.10.3.jar:/home/user/.m2/repository/com/fasterxml/jackson/jaxrs/jackson-jaxrs-base/2.10.3/jackson-jaxrs-base-2.10.3.jar:/home/user/.m2/repository/org/apache/hadoop/hadoop-yarn-client/3.2.1/hadoop-yarn-client-3.2.1.jar:/home/user/.m2/repository/org/apache/hadoop/hadoop-mapreduce-client-core/3.2.1/hadoop-mapreduce-client-core-3.2.1.jar:/home/user/.m2/repository/org/apache/avro/avro/1.7.7/avro-1.7.7.jar:/home/user/.m2/repository/org/codehaus/jackson/jackson-core-asl/1.9.13/jackson-core-asl-1.9.13.jar:/home/user/.m2/repository/org/codehaus/jackson/jackson-mapper-asl/1.9.13/jackson-mapper-asl-1.9.13.jar:/home/user/.m2/repository/com/thoughtworks/paranamer/paranamer/2.3/paranamer-2.3.jar:/home/user/.m2/repository/org/xerial/snappy/snappy-java/1.0.5/snappy-java-1.0.5.jar:/home/user/.m2/repository/org/apache/hadoop/hadoop-annotations/3.2.1/hadoop-annotations-3.2.1.jar:/usr/lib/jvm/java-1.8.0-openjdk-1.8.0.232.b09-0.el7_7.x86_64/jre/../lib/tools.jar:/home/user/.m2/repository/org/apache/hadoop/hadoop-distcp/3.2.1/hadoop-distcp-3.2.1-tests.jar:"/>
    <property name="java.vm.vendor" value="Oracle Corporation"/>
    <property name="sun.arch.data.model" value="64"/>
    <property name="test.build.dir" value="/github/workspace/mnt/ozone/hadoop-ozone/integration-test/target/test-dir"/>
    <property name="test.cache.data" value=""/>
    <property name="java.vendor.url" value="http://java.oracle.com/"/>
    <property name="user.timezone" value=""/>
    <property name="java.vm.specification.version" value="1.8"/>
    <property name="os.name" value="Linux"/>
    <property name="test.build.data" value="/github/workspace/mnt/ozone/hadoop-ozone/integration-test/target/test-dir"/>
    <property name="user.country" value="US"/>
    <property name="sun.java.launcher" value="SUN_STANDARD"/>
    <property name="sun.boot.library.path" value="/usr/lib/jvm/java-1.8.0-openjdk-1.8.0.232.b09-0.el7_7.x86_64/jre/lib/amd64"/>
    <property name="sun.java.command" value="/github/workspace/mnt/ozone/hadoop-ozone/integration-test/target/surefire/surefirebooter7404393197407768817.jar /github/workspace/mnt/ozone/hadoop-ozone/integration-test/target/surefire 2020-11-19T12-47-32_611-jvmRun1 surefire7449250688118999805tmp surefire_605132080881643956730tmp"/>
    <property name="surefire.test.class.path" value="/github/workspace/mnt/ozone/hadoop-ozone/integration-test/target/test-classes:/github/workspace/mnt/ozone/hadoop-ozone/integration-test/target/classes:/home/user/.m2/repository/org/apache/hadoop/hadoop-ozone-common/1.1.0-SNAPSHOT/hadoop-ozone-common-1.1.0-SNAPSHOT.jar:/home/user/.m2/repository/org/apache/commons/commons-compress/1.4.1/commons-compress-1.4.1.jar:/home/user/.m2/repository/org/tukaani/xz/1.0/xz-1.0.jar:/home/user/.m2/repository/org/apache/hadoop/hadoop-hdds-common/1.1.0-SNAPSHOT/hadoop-hdds-common-1.1.0-SNAPSHOT.jar:/home/user/.m2/repository/org/apache/hadoop/hadoop-hdds-hadoop-dependency-client/1.1.0-SNAPSHOT/hadoop-hdds-hadoop-dependency-client-1.1.0-SNAPSHOT.jar:/home/user/.m2/repository/info/picocli/picocli/4.4.0/picocli-4.4.0.jar:/home/user/.m2/repository/com/fasterxml/jackson/core/jackson-annotations/2.10.3/jackson-annotations-2.10.3.jar:/home/user/.m2/repository/javax/annotation/javax.annotation-api/1.2/javax.annotation-api-1.2.jar:/home/user/.m2/repository/org/apache/ratis/ratis-server/1.1.0-11689cd-SNAPSHOT/ratis-server-1.1.0-11689cd-SNAPSHOT.jar:/home/user/.m2/repository/org/apache/ratis/ratis-client/1.1.0-11689cd-SNAPSHOT/ratis-client-1.1.0-11689cd-SNAPSHOT.jar:/home/user/.m2/repository/org/apache/ratis/ratis-metrics/1.1.0-11689cd-SNAPSHOT/ratis-metrics-1.1.0-11689cd-SNAPSHOT.jar:/home/user/.m2/repository/org/apache/ratis/ratis-netty/1.1.0-11689cd-SNAPSHOT/ratis-netty-1.1.0-11689cd-SNAPSHOT.jar:/home/user/.m2/repository/org/apache/ratis/ratis-grpc/1.1.0-11689cd-SNAPSHOT/ratis-grpc-1.1.0-11689cd-SNAPSHOT.jar:/home/user/.m2/repository/org/apache/logging/log4j/log4j-api/2.13.3/log4j-api-2.13.3.jar:/home/user/.m2/repository/org/apache/logging/log4j/log4j-core/2.13.3/log4j-core-2.13.3.jar:/home/user/.m2/repository/com/lmax/disruptor/3.4.2/disruptor-3.4.2.jar:/home/user/.m2/repository/org/apache/commons/commons-pool2/2.6.0/commons-pool2-2.6.0.jar:/home/user/.m2/repository/org/bouncycastle/bcpkix-jdk15on/1.60/bcpkix-jdk15on-1.60.jar:/home/user/.m2/repository/commons-validator/commons-validator/1.6/commons-validator-1.6.jar:/home/user/.m2/repository/commons-digester/commons-digester/1.8.1/commons-digester-1.8.1.jar:/home/user/.m2/repository/io/jaegertracing/jaeger-client/1.2.0/jaeger-client-1.2.0.jar:/home/user/.m2/repository/io/jaegertracing/jaeger-thrift/1.2.0/jaeger-thrift-1.2.0.jar:/home/user/.m2/repository/org/apache/thrift/libthrift/0.13.0/libthrift-0.13.0.jar:/home/user/.m2/repository/com/squareup/okhttp3/okhttp/4.2.2/okhttp-4.2.2.jar:/home/user/.m2/repository/com/squareup/okio/okio/2.2.2/okio-2.2.2.jar:/home/user/.m2/repository/org/jetbrains/kotlin/kotlin-stdlib/1.3.50/kotlin-stdlib-1.3.50.jar:/home/user/.m2/repository/org/jetbrains/kotlin/kotlin-stdlib-common/1.3.50/kotlin-stdlib-common-1.3.50.jar:/home/user/.m2/repository/org/jetbrains/annotations/13.0/annotations-13.0.jar:/home/user/.m2/repository/io/jaegertracing/jaeger-core/1.2.0/jaeger-core-1.2.0.jar:/home/user/.m2/repository/io/jaegertracing/jaeger-tracerresolver/1.2.0/jaeger-tracerresolver-1.2.0.jar:/home/user/.m2/repository/io/opentracing/contrib/opentracing-tracerresolver/0.1.8/opentracing-tracerresolver-0.1.8.jar:/home/user/.m2/repository/io/opentracing/opentracing-util/0.33.0/opentracing-util-0.33.0.jar:/home/user/.m2/repository/io/opentracing/opentracing-api/0.33.0/opentracing-api-0.33.0.jar:/home/user/.m2/repository/io/opentracing/opentracing-noop/0.33.0/opentracing-noop-0.33.0.jar:/home/user/.m2/repository/org/apache/hadoop/hadoop-hdds-client/1.1.0-SNAPSHOT/hadoop-hdds-client-1.1.0-SNAPSHOT.jar:/home/user/.m2/repository/org/apache/hadoop/hadoop-ozone-interface-client/1.1.0-SNAPSHOT/hadoop-ozone-interface-client-1.1.0-SNAPSHOT.jar:/home/user/.m2/repository/org/apache/hadoop/hadoop-hdds-test-utils/1.1.0-SNAPSHOT/hadoop-hdds-test-utils-1.1.0-SNAPSHOT.jar:/home/user/.m2/repository/com/google/guava/guava/28.2-jre/guava-28.2-jre.jar:/home/user/.m2/repository/com/google/guava/failureaccess/1.0.1/failureaccess-1.0.1.jar:/home/user/.m2/repository/com/google/guava/listenablefuture/9999.0-empty-to-avoid-conflict-with-guava/listenablefuture-9999.0-empty-to-avoid-conflict-with-guava.jar:/home/user/.m2/repository/com/google/code/findbugs/jsr305/3.0.0/jsr305-3.0.0.jar:/home/user/.m2/repository/org/checkerframework/checker-qual/2.10.0/checker-qual-2.10.0.jar:/home/user/.m2/repository/com/google/errorprone/error_prone_annotations/2.2.0/error_prone_annotations-2.2.0.jar:/home/user/.m2/repository/com/google/j2objc/j2objc-annotations/1.3/j2objc-annotations-1.3.jar:/home/user/.m2/repository/commons-io/commons-io/2.5/commons-io-2.5.jar:/home/user/.m2/repository/commons-logging/commons-logging/1.2/commons-logging-1.2.jar:/home/user/.m2/repository/log4j/log4j/1.2.17/log4j-1.2.17.jar:/home/user/.m2/repository/org/slf4j/slf4j-api/1.7.25/slf4j-api-1.7.25.jar:/home/user/.m2/repository/org/apache/hadoop/hadoop-hdds-server-scm/1.1.0-SNAPSHOT/hadoop-hdds-server-scm-1.1.0-SNAPSHOT.jar:/home/user/.m2/repository/org/apache/hadoop/hadoop-hdds-container-service/1.1.0-SNAPSHOT/hadoop-hdds-container-service-1.1.0-SNAPSHOT.jar:/home/user/.m2/repository/org/apache/hadoop/hadoop-hdds-hadoop-dependency-server/1.1.0-SNAPSHOT/hadoop-hdds-hadoop-dependency-server-1.1.0-SNAPSHOT.jar:/home/user/.m2/repository/org/apache/hadoop/hadoop-hdds-server-framework/1.1.0-SNAPSHOT/hadoop-hdds-server-framework-1.1.0-SNAPSHOT.jar:/home/user/.m2/repository/org/apache/hadoop/hadoop-hdds-interface-server/1.1.0-SNAPSHOT/hadoop-hdds-interface-server-1.1.0-SNAPSHOT.jar:/home/user/.m2/repository/org/apache/hadoop/hadoop-hdds-interface-admin/1.1.0-SNAPSHOT/hadoop-hdds-interface-admin-1.1.0-SNAPSHOT.jar:/home/user/.m2/repository/org/rocksdb/rocksdbjni/6.8.1/rocksdbjni-6.8.1.jar:/home/user/.m2/repository/io/prometheus/simpleclient_dropwizard/0.7.0/simpleclient_dropwizard-0.7.0.jar:/home/user/.m2/repository/io/prometheus/simpleclient/0.7.0/simpleclient-0.7.0.jar:/home/user/.m2/repository/io/prometheus/simpleclient_common/0.7.0/simpleclient_common-0.7.0.jar:/home/user/.m2/repository/com/fasterxml/jackson/datatype/jackson-datatype-jsr310/2.10.3/jackson-datatype-jsr310-2.10.3.jar:/home/user/.m2/repository/io/dropwizard/metrics/metrics-core/3.2.4/metrics-core-3.2.4.jar:/home/user/.m2/repository/org/apache/hadoop/hadoop-hdfs-client/3.2.1/hadoop-hdfs-client-3.2.1.jar:/home/user/.m2/repository/org/bouncycastle/bcprov-jdk15on/1.60/bcprov-jdk15on-1.60.jar:/home/user/.m2/repository/org/apache/hadoop/hadoop-ozone-ozone-manager/1.1.0-SNAPSHOT/hadoop-ozone-ozone-manager-1.1.0-SNAPSHOT.jar:/home/user/.m2/repository/org/apache/hadoop/hadoop-hdds-interface-client/1.1.0-SNAPSHOT/hadoop-hdds-interface-client-1.1.0-SNAPSHOT.jar:/home/user/.m2/repository/org/apache/ratis/ratis-thirdparty-misc/0.6.0-SNAPSHOT/ratis-thirdparty-misc-0.6.0-SNAPSHOT.jar:/home/user/.m2/repository/org/apache/hadoop/hadoop-ozone-interface-storage/1.1.0-SNAPSHOT/hadoop-ozone-interface-storage-1.1.0-SNAPSHOT.jar:/home/user/.m2/repository/org/apache/hadoop/hadoop-minikdc/3.2.1/hadoop-minikdc-3.2.1.jar:/home/user/.m2/repository/org/apache/kerby/kerb-simplekdc/1.0.1/kerb-simplekdc-1.0.1.jar:/home/user/.m2/repository/org/apache/kerby/kerb-client/1.0.1/kerb-client-1.0.1.jar:/home/user/.m2/repository/org/apache/kerby/kerby-config/1.0.1/kerby-config-1.0.1.jar:/home/user/.m2/repository/org/apache/kerby/kerb-core/1.0.1/kerb-core-1.0.1.jar:/home/user/.m2/repository/org/apache/kerby/kerby-pkix/1.0.1/kerby-pkix-1.0.1.jar:/home/user/.m2/repository/org/apache/kerby/kerby-asn1/1.0.1/kerby-asn1-1.0.1.jar:/home/user/.m2/repository/org/apache/kerby/kerby-util/1.0.1/kerby-util-1.0.1.jar:/home/user/.m2/repository/org/apache/kerby/kerb-common/1.0.1/kerb-common-1.0.1.jar:/home/user/.m2/repository/org/apache/kerby/kerb-crypto/1.0.1/kerb-crypto-1.0.1.jar:/home/user/.m2/repository/org/apache/kerby/kerb-util/1.0.1/kerb-util-1.0.1.jar:/home/user/.m2/repository/org/apache/kerby/token-provider/1.0.1/token-provider-1.0.1.jar:/home/user/.m2/repository/org/apache/kerby/kerb-admin/1.0.1/kerb-admin-1.0.1.jar:/home/user/.m2/repository/org/apache/kerby/kerb-server/1.0.1/kerb-server-1.0.1.jar:/home/user/.m2/repository/org/apache/kerby/kerb-identity/1.0.1/kerb-identity-1.0.1.jar:/home/user/.m2/repository/org/apache/kerby/kerby-xdr/1.0.1/kerby-xdr-1.0.1.jar:/home/user/.m2/repository/org/slf4j/slf4j-log4j12/1.7.25/slf4j-log4j12-1.7.25.jar:/home/user/.m2/repository/org/apache/hadoop/hadoop-ozone-s3gateway/1.1.0-SNAPSHOT/hadoop-ozone-s3gateway-1.1.0-SNAPSHOT.jar:/home/user/.m2/repository/org/jboss/weld/servlet/weld-servlet/2.4.7.Final/weld-servlet-2.4.7.Final.jar:/home/user/.m2/repository/org/glassfish/jersey/containers/jersey-container-servlet-core/2.27/jersey-container-servlet-core-2.27.jar:/home/user/.m2/repository/org/glassfish/hk2/external/javax.inject/2.5.0-b42/javax.inject-2.5.0-b42.jar:/home/user/.m2/repository/org/glassfish/jersey/core/jersey-common/2.27/jersey-common-2.27.jar:/home/user/.m2/repository/org/glassfish/hk2/osgi-resource-locator/1.0.1/osgi-resource-locator-1.0.1.jar:/home/user/.m2/repository/javax/ws/rs/javax.ws.rs-api/2.1/javax.ws.rs-api-2.1.jar:/home/user/.m2/repository/org/glassfish/jersey/ext/cdi/jersey-cdi1x/2.27/jersey-cdi1x-2.27.jar:/home/user/.m2/repository/org/glassfish/jersey/inject/jersey-hk2/2.27/jersey-hk2-2.27.jar:/home/user/.m2/repository/org/glassfish/hk2/hk2-locator/2.5.0-b42/hk2-locator-2.5.0-b42.jar:/home/user/.m2/repository/org/javassist/javassist/3.22.0-CR2/javassist-3.22.0-CR2.jar:/home/user/.m2/repository/org/glassfish/hk2/hk2-api/2.5.0/hk2-api-2.5.0.jar:/home/user/.m2/repository/org/glassfish/hk2/external/jakarta.inject/2.5.0/jakarta.inject-2.5.0.jar:/home/user/.m2/repository/org/glassfish/hk2/hk2-utils/2.5.0/hk2-utils-2.5.0.jar:/home/user/.m2/repository/jakarta/annotation/jakarta.annotation-api/1.3.4/jakarta.annotation-api-1.3.4.jar:/home/user/.m2/repository/org/glassfish/hk2/external/aopalliance-repackaged/2.5.0/aopalliance-repackaged-2.5.0.jar:/home/user/.m2/repository/com/fasterxml/jackson/dataformat/jackson-dataformat-xml/2.10.3/jackson-dataformat-xml-2.10.3.jar:/home/user/.m2/repository/com/fasterxml/jackson/core/jackson-core/2.10.3/jackson-core-2.10.3.jar:/home/user/.m2/repository/com/fasterxml/jackson/module/jackson-module-jaxb-annotations/2.10.3/jackson-module-jaxb-annotations-2.10.3.jar:/home/user/.m2/repository/jakarta/xml/bind/jakarta.xml.bind-api/2.3.2/jakarta.xml.bind-api-2.3.2.jar:/home/user/.m2/repository/jakarta/activation/jakarta.activation-api/1.2.1/jakarta.activation-api-1.2.1.jar:/home/user/.m2/repository/org/codehaus/woodstox/stax2-api/3.1.4/stax2-api-3.1.4.jar:/home/user/.m2/repository/com/fasterxml/woodstox/woodstox-core/5.0.3/woodstox-core-5.0.3.jar:/home/user/.m2/repository/javax/enterprise/cdi-api/1.2/cdi-api-1.2.jar:/home/user/.m2/repository/javax/el/javax.el-api/3.0.0/javax.el-api-3.0.0.jar:/home/user/.m2/repository/javax/interceptor/javax.interceptor-api/1.2/javax.interceptor-api-1.2.jar:/home/user/.m2/repository/javax/inject/javax.inject/1/javax.inject-1.jar:/home/user/.m2/repository/com/sun/xml/bind/jaxb-impl/2.3.0.1/jaxb-impl-2.3.0.1.jar:/home/user/.m2/repository/com/sun/xml/bind/jaxb-core/2.3.0.1/jaxb-core-2.3.0.1.jar:/home/user/.m2/repository/javax/xml/bind/jaxb-api/2.3.0/jaxb-api-2.3.0.jar:/home/user/.m2/repository/javax/activation/activation/1.1.1/activation-1.1.1.jar:/home/user/.m2/repository/org/apache/hadoop/hadoop-ozone-csi/1.1.0-SNAPSHOT/hadoop-ozone-csi-1.1.0-SNAPSHOT.jar:/home/user/.m2/repository/com/google/protobuf/protobuf-java-util/3.11.0/protobuf-java-util-3.11.0.jar:/home/user/.m2/repository/com/google/code/gson/gson/2.2.4/gson-2.2.4.jar:/home/user/.m2/repository/org/apache/hadoop/hadoop-hdds-config/1.1.0-SNAPSHOT/hadoop-hdds-config-1.1.0-SNAPSHOT.jar:/home/user/.m2/repository/com/google/protobuf/protobuf-java/2.5.0/protobuf-java-2.5.0.jar:/home/user/.m2/repository/io/grpc/grpc-netty/1.29.0/grpc-netty-1.29.0.jar:/home/user/.m2/repository/io/grpc/grpc-core/1.29.0/grpc-core-1.29.0.jar:/home/user/.m2/repository/com/google/android/annotations/4.1.1.4/annotations-4.1.1.4.jar:/home/user/.m2/repository/io/perfmark/perfmark-api/0.19.0/perfmark-api-0.19.0.jar:/home/user/.m2/repository/io/netty/netty-codec-http2/4.1.48.Final/netty-codec-http2-4.1.48.Final.jar:/home/user/.m2/repository/io/netty/netty-codec/4.1.48.Final/netty-codec-4.1.48.Final.jar:/home/user/.m2/repository/io/netty/netty-handler/4.1.48.Final/netty-handler-4.1.48.Final.jar:/home/user/.m2/repository/io/netty/netty-codec-http/4.1.48.Final/netty-codec-http-4.1.48.Final.jar:/home/user/.m2/repository/io/netty/netty-handler-proxy/4.1.48.Final/netty-handler-proxy-4.1.48.Final.jar:/home/user/.m2/repository/io/netty/netty-codec-socks/4.1.48.Final/netty-codec-socks-4.1.48.Final.jar:/home/user/.m2/repository/io/netty/netty-transport-native-epoll/4.1.48.Final/netty-transport-native-epoll-4.1.48.Final.jar:/home/user/.m2/repository/io/netty/netty-common/4.1.48.Final/netty-common-4.1.48.Final.jar:/home/user/.m2/repository/io/netty/netty-buffer/4.1.48.Final/netty-buffer-4.1.48.Final.jar:/home/user/.m2/repository/io/netty/netty-transport/4.1.48.Final/netty-transport-4.1.48.Final.jar:/home/user/.m2/repository/io/netty/netty-resolver/4.1.48.Final/netty-resolver-4.1.48.Final.jar:/home/user/.m2/repository/io/netty/netty-transport-native-unix-common/4.1.48.Final/netty-transport-native-unix-common-4.1.48.Final.jar:/home/user/.m2/repository/io/grpc/grpc-protobuf/1.29.0/grpc-protobuf-1.29.0.jar:/home/user/.m2/repository/io/grpc/grpc-api/1.29.0/grpc-api-1.29.0.jar:/home/user/.m2/repository/io/grpc/grpc-context/1.29.0/grpc-context-1.29.0.jar:/home/user/.m2/repository/org/codehaus/mojo/animal-sniffer-annotations/1.18/animal-sniffer-annotations-1.18.jar:/home/user/.m2/repository/com/google/api/grpc/proto-google-common-protos/1.17.0/proto-google-common-protos-1.17.0.jar:/home/user/.m2/repository/io/grpc/grpc-protobuf-lite/1.29.0/grpc-protobuf-lite-1.29.0.jar:/home/user/.m2/repository/io/grpc/grpc-stub/1.29.0/grpc-stub-1.29.0.jar:/home/user/.m2/repository/org/apache/hadoop/hadoop-ozone-recon/1.1.0-SNAPSHOT/hadoop-ozone-recon-1.1.0-SNAPSHOT.jar:/home/user/.m2/repository/org/apache/hadoop/hadoop-ozone-reconcodegen/1.1.0-SNAPSHOT/hadoop-ozone-reconcodegen-1.1.0-SNAPSHOT.jar:/home/user/.m2/repository/com/google/inject/extensions/guice-multibindings/4.0/guice-multibindings-4.0.jar:/home/user/.m2/repository/com/google/inject/guice/4.0/guice-4.0.jar:/home/user/.m2/repository/aopalliance/aopalliance/1.0/aopalliance-1.0.jar:/home/user/.m2/repository/com/google/inject/extensions/guice-assistedinject/4.0/guice-assistedinject-4.0.jar:/home/user/.m2/repository/com/google/inject/extensions/guice-servlet/4.0/guice-servlet-4.0.jar:/home/user/.m2/repository/org/glassfish/jersey/containers/jersey-container-servlet/2.27/jersey-container-servlet-2.27.jar:/home/user/.m2/repository/org/glassfish/hk2/guice-bridge/2.5.0/guice-bridge-2.5.0.jar:/home/user/.m2/repository/org/glassfish/jersey/core/jersey-server/2.27/jersey-server-2.27.jar:/home/user/.m2/repository/org/glassfish/jersey/core/jersey-client/2.27/jersey-client-2.27.jar:/home/user/.m2/repository/org/glassfish/jersey/media/jersey-media-jaxb/2.27/jersey-media-jaxb-2.27.jar:/home/user/.m2/repository/javax/validation/validation-api/1.1.0.Final/validation-api-1.1.0.Final.jar:/home/user/.m2/repository/org/glassfish/jersey/media/jersey-media-json-jackson/2.27/jersey-media-json-jackson-2.27.jar:/home/user/.m2/repository/org/glassfish/jersey/ext/jersey-entity-filtering/2.27/jersey-entity-filtering-2.27.jar:/home/user/.m2/repository/org/jooq/jooq/3.11.10/jooq-3.11.10.jar:/home/user/.m2/repository/org/jooq/jooq-meta/3.11.10/jooq-meta-3.11.10.jar:/home/user/.m2/repository/org/jooq/jooq-codegen/3.11.10/jooq-codegen-3.11.10.jar:/home/user/.m2/repository/com/jolbox/bonecp/0.8.0.RELEASE/bonecp-0.8.0.RELEASE.jar:/home/user/.m2/repository/org/apache/derby/derby/10.14.2.0/derby-10.14.2.0.jar:/home/user/.m2/repository/org/xerial/sqlite-jdbc/3.25.2/sqlite-jdbc-3.25.2.jar:/home/user/.m2/repository/org/springframework/spring-jdbc/5.2.5.RELEASE/spring-jdbc-5.2.5.RELEASE.jar:/home/user/.m2/repository/org/springframework/spring-beans/5.2.5.RELEASE/spring-beans-5.2.5.RELEASE.jar:/home/user/.m2/repository/org/springframework/spring-core/5.2.5.RELEASE/spring-core-5.2.5.RELEASE.jar:/home/user/.m2/repository/org/springframework/spring-jcl/5.2.5.RELEASE/spring-jcl-5.2.5.RELEASE.jar:/home/user/.m2/repository/org/springframework/spring-tx/5.2.5.RELEASE/spring-tx-5.2.5.RELEASE.jar:/home/user/.m2/repository/org/apache/hadoop/hadoop-ozone-client/1.1.0-SNAPSHOT/hadoop-ozone-client-1.1.0-SNAPSHOT.jar:/home/user/.m2/repository/org/apache/hadoop/hadoop-ozone-filesystem/1.1.0-SNAPSHOT/hadoop-ozone-filesystem-1.1.0-SNAPSHOT.jar:/home/user/.m2/repository/org/apache/hadoop/hadoop-ozone-filesystem-common/1.1.0-SNAPSHOT/hadoop-ozone-filesystem-common-1.1.0-SNAPSHOT.jar:/home/user/.m2/repository/org/apache/hadoop/hadoop-ozone-tools/1.1.0-SNAPSHOT/hadoop-ozone-tools-1.1.0-SNAPSHOT.jar:/home/user/.m2/repository/org/apache/hadoop/hadoop-hdfs/3.2.1/hadoop-hdfs-3.2.1.jar:/home/user/.m2/repository/org/apache/ratis/ratis-tools/1.1.0-11689cd-SNAPSHOT/ratis-tools-1.1.0-11689cd-SNAPSHOT.jar:/home/user/.m2/repository/org/apache/ratis/ratis-proto/1.1.0-11689cd-SNAPSHOT/ratis-proto-1.1.0-11689cd-SNAPSHOT.jar:/home/user/.m2/repository/org/apache/ratis/ratis-common/1.1.0-11689cd-SNAPSHOT/ratis-common-1.1.0-11689cd-SNAPSHOT.jar:/home/user/.m2/repository/com/amazonaws/aws-java-sdk-core/1.11.615/aws-java-sdk-core-1.11.615.jar:/home/user/.m2/repository/org/apache/httpcomponents/httpclient/4.5.13/httpclient-4.5.13.jar:/home/user/.m2/repository/org/apache/httpcomponents/httpcore/4.4.13/httpcore-4.4.13.jar:/home/user/.m2/repository/software/amazon/ion/ion-java/1.0.2/ion-java-1.0.2.jar:/home/user/.m2/repository/com/fasterxml/jackson/dataformat/jackson-dataformat-cbor/2.10.3/jackson-dataformat-cbor-2.10.3.jar:/home/user/.m2/repository/joda-time/joda-time/2.8.1/joda-time-2.8.1.jar:/home/user/.m2/repository/com/amazonaws/aws-java-sdk-s3/1.11.615/aws-java-sdk-s3-1.11.615.jar:/home/user/.m2/repository/com/amazonaws/aws-java-sdk-kms/1.11.615/aws-java-sdk-kms-1.11.615.jar:/home/user/.m2/repository/com/amazonaws/jmespath-java/1.11.615/jmespath-java-1.11.615.jar:/home/user/.m2/repository/org/kohsuke/metainf-services/metainf-services/1.8/metainf-services-1.8.jar:/home/user/.m2/repository/org/apache/hadoop/hadoop-hdds-tools/1.1.0-SNAPSHOT/hadoop-hdds-tools-1.1.0-SNAPSHOT.jar:/home/user/.m2/repository/commons-cli/commons-cli/1.2/commons-cli-1.2.jar:/home/user/.m2/repository/org/apache/commons/commons-lang3/3.7/commons-lang3-3.7.jar:/home/user/.m2/repository/org/apache/hadoop/hadoop-ozone-ozone-manager/1.1.0-SNAPSHOT/hadoop-ozone-ozone-manager-1.1.0-SNAPSHOT-tests.jar:/home/user/.m2/repository/junit/junit/4.11/junit-4.11.jar:/home/user/.m2/repository/org/hamcrest/hamcrest-core/1.3/hamcrest-core-1.3.jar:/home/user/.m2/repository/org/openjdk/jmh/jmh-core/1.19/jmh-core-1.19.jar:/home/user/.m2/repository/net/sf/jopt-simple/jopt-simple/4.6/jopt-simple-4.6.jar:/home/user/.m2/repository/org/apache/commons/commons-math3/3.1.1/commons-math3-3.1.1.jar:/home/user/.m2/repository/org/openjdk/jmh/jmh-generator-annprocess/1.19/jmh-generator-annprocess-1.19.jar:/home/user/.m2/repository/org/mockito/mockito-all/1.8.5/mockito-all-1.8.5.jar:/home/user/.m2/repository/org/apache/hadoop/hadoop-kms/3.2.1/hadoop-kms-3.2.1.jar:/home/user/.m2/repository/org/apache/hadoop/hadoop-auth/3.2.1/hadoop-auth-3.2.1.jar:/home/user/.m2/repository/com/nimbusds/nimbus-jose-jwt/7.9/nimbus-jose-jwt-7.9.jar:/home/user/.m2/repository/com/github/stephenc/jcip/jcip-annotations/1.0-1/jcip-annotations-1.0-1.jar:/home/user/.m2/repository/net/minidev/json-smart/2.3/json-smart-2.3.jar:/home/user/.m2/repository/net/minidev/accessors-smart/1.2/accessors-smart-1.2.jar:/home/user/.m2/repository/org/ow2/asm/asm/5.0.4/asm-5.0.4.jar:/home/user/.m2/repository/org/apache/zookeeper/zookeeper/3.4.13/zookeeper-3.4.13.jar:/home/user/.m2/repository/org/apache/yetus/audience-annotations/0.5.0/audience-annotations-0.5.0.jar:/home/user/.m2/repository/org/apache/curator/curator-framework/2.13.0/curator-framework-2.13.0.jar:/home/user/.m2/repository/com/sun/jersey/jersey-core/1.19/jersey-core-1.19.jar:/home/user/.m2/repository/javax/ws/rs/jsr311-api/1.1.1/jsr311-api-1.1.1.jar:/home/user/.m2/repository/com/sun/jersey/jersey-server/1.19/jersey-server-1.19.jar:/home/user/.m2/repository/javax/servlet/javax.servlet-api/3.1.0/javax.servlet-api-3.1.0.jar:/home/user/.m2/repository/org/eclipse/jetty/jetty-server/9.4.34.v20201102/jetty-server-9.4.34.v20201102.jar:/home/user/.m2/repository/org/eclipse/jetty/jetty-http/9.4.34.v20201102/jetty-http-9.4.34.v20201102.jar:/home/user/.m2/repository/org/eclipse/jetty/jetty-io/9.4.34.v20201102/jetty-io-9.4.34.v20201102.jar:/home/user/.m2/repository/org/eclipse/jetty/jetty-webapp/9.4.34.v20201102/jetty-webapp-9.4.34.v20201102.jar:/home/user/.m2/repository/org/eclipse/jetty/jetty-xml/9.4.34.v20201102/jetty-xml-9.4.34.v20201102.jar:/home/user/.m2/repository/org/eclipse/jetty/jetty-servlet/9.4.34.v20201102/jetty-servlet-9.4.34.v20201102.jar:/home/user/.m2/repository/org/eclipse/jetty/jetty-security/9.4.34.v20201102/jetty-security-9.4.34.v20201102.jar:/home/user/.m2/repository/org/apache/hadoop/hadoop-common/3.2.1/hadoop-common-3.2.1.jar:/home/user/.m2/repository/commons-net/commons-net/3.6/commons-net-3.6.jar:/home/user/.m2/repository/commons-collections/commons-collections/3.2.2/commons-collections-3.2.2.jar:/home/user/.m2/repository/com/sun/jersey/jersey-servlet/1.19/jersey-servlet-1.19.jar:/home/user/.m2/repository/com/sun/jersey/jersey-json/1.19/jersey-json-1.19.jar:/home/user/.m2/repository/org/codehaus/jettison/jettison/1.1/jettison-1.1.jar:/home/user/.m2/repository/org/codehaus/jackson/jackson-jaxrs/1.9.2/jackson-jaxrs-1.9.2.jar:/home/user/.m2/repository/org/codehaus/jackson/jackson-xc/1.9.2/jackson-xc-1.9.2.jar:/home/user/.m2/repository/commons-beanutils/commons-beanutils/1.9.4/commons-beanutils-1.9.4.jar:/home/user/.m2/repository/org/apache/commons/commons-configuration2/2.1.1/commons-configuration2-2.1.1.jar:/home/user/.m2/repository/org/apache/commons/commons-text/1.4/commons-text-1.4.jar:/home/user/.m2/repository/com/google/re2j/re2j/1.1/re2j-1.1.jar:/home/user/.m2/repository/com/jcraft/jsch/0.1.54/jsch-0.1.54.jar:/home/user/.m2/repository/org/apache/curator/curator-client/2.13.0/curator-client-2.13.0.jar:/home/user/.m2/repository/org/apache/curator/curator-recipes/2.13.0/curator-recipes-2.13.0.jar:/home/user/.m2/repository/dnsjava/dnsjava/2.1.7/dnsjava-2.1.7.jar:/home/user/.m2/repository/org/slf4j/jul-to-slf4j/1.7.25/jul-to-slf4j-1.7.25.jar:/home/user/.m2/repository/org/eclipse/jetty/jetty-util/9.4.34.v20201102/jetty-util-9.4.34.v20201102.jar:/home/user/.m2/repository/com/fasterxml/jackson/core/jackson-databind/2.10.3/jackson-databind-2.10.3.jar:/home/user/.m2/repository/org/apache/hadoop/hadoop-kms/3.2.1/hadoop-kms-3.2.1-tests.jar:/home/user/.m2/repository/org/apache/hadoop/hadoop-hdds-server-scm/1.1.0-SNAPSHOT/hadoop-hdds-server-scm-1.1.0-SNAPSHOT-tests.jar:/home/user/.m2/repository/org/apache/hadoop/hadoop-hdds-container-service/1.1.0-SNAPSHOT/hadoop-hdds-container-service-1.1.0-SNAPSHOT-tests.jar:/home/user/.m2/repository/org/apache/hadoop/hadoop-hdds-common/1.1.0-SNAPSHOT/hadoop-hdds-common-1.1.0-SNAPSHOT-tests.jar:/home/user/.m2/repository/org/yaml/snakeyaml/1.16/snakeyaml-1.16.jar:/home/user/.m2/repository/org/apache/hadoop/hadoop-hdds-hadoop-dependency-test/1.1.0-SNAPSHOT/hadoop-hdds-hadoop-dependency-test-1.1.0-SNAPSHOT.jar:/home/user/.m2/repository/org/apache/hadoop/hadoop-common/3.2.1/hadoop-common-3.2.1-tests.jar:/home/user/.m2/repository/javax/servlet/jsp/jsp-api/2.1/jsp-api-2.1.jar:/home/user/.m2/repository/org/apache/hadoop/hadoop-hdfs/3.2.1/hadoop-hdfs-3.2.1-tests.jar:/home/user/.m2/repository/org/eclipse/jetty/jetty-util-ajax/9.4.34.v20201102/jetty-util-ajax-9.4.34.v20201102.jar:/home/user/.m2/repository/commons-codec/commons-codec/1.11/commons-codec-1.11.jar:/home/user/.m2/repository/commons-daemon/commons-daemon/1.0.13/commons-daemon-1.0.13.jar:/home/user/.m2/repository/io/netty/netty/3.10.5.Final/netty-3.10.5.Final.jar:/home/user/.m2/repository/io/netty/netty-all/4.1.48.Final/netty-all-4.1.48.Final.jar:/home/user/.m2/repository/org/apache/htrace/htrace-core4/4.1.0-incubating/htrace-core4-4.1.0-incubating.jar:/home/user/.m2/repository/org/fusesource/leveldbjni/leveldbjni-all/1.8/leveldbjni-all-1.8.jar:/home/user/.m2/repository/org/apache/hadoop/hadoop-distcp/3.2.1/hadoop-distcp-3.2.1.jar:/home/user/.m2/repository/org/apache/hadoop/hadoop-mapreduce-client-jobclient/3.2.1/hadoop-mapreduce-client-jobclient-3.2.1.jar:/home/user/.m2/repository/org/apache/hadoop/hadoop-mapreduce-client-common/3.2.1/hadoop-mapreduce-client-common-3.2.1.jar:/home/user/.m2/repository/org/apache/hadoop/hadoop-yarn-common/3.2.1/hadoop-yarn-common-3.2.1.jar:/home/user/.m2/repository/org/apache/hadoop/hadoop-yarn-api/3.2.1/hadoop-yarn-api-3.2.1.jar:/home/user/.m2/repository/com/sun/jersey/jersey-client/1.19/jersey-client-1.19.jar:/home/user/.m2/repository/com/sun/jersey/contribs/jersey-guice/1.19/jersey-guice-1.19.jar:/home/user/.m2/repository/com/fasterxml/jackson/jaxrs/jackson-jaxrs-json-provider/2.10.3/jackson-jaxrs-json-provider-2.10.3.jar:/home/user/.m2/repository/com/fasterxml/jackson/jaxrs/jackson-jaxrs-base/2.10.3/jackson-jaxrs-base-2.10.3.jar:/home/user/.m2/repository/org/apache/hadoop/hadoop-yarn-client/3.2.1/hadoop-yarn-client-3.2.1.jar:/home/user/.m2/repository/org/apache/hadoop/hadoop-mapreduce-client-core/3.2.1/hadoop-mapreduce-client-core-3.2.1.jar:/home/user/.m2/repository/org/apache/avro/avro/1.7.7/avro-1.7.7.jar:/home/user/.m2/repository/org/codehaus/jackson/jackson-core-asl/1.9.13/jackson-core-asl-1.9.13.jar:/home/user/.m2/repository/org/codehaus/jackson/jackson-mapper-asl/1.9.13/jackson-mapper-asl-1.9.13.jar:/home/user/.m2/repository/com/thoughtworks/paranamer/paranamer/2.3/paranamer-2.3.jar:/home/user/.m2/repository/org/xerial/snappy/snappy-java/1.0.5/snappy-java-1.0.5.jar:/home/user/.m2/repository/org/apache/hadoop/hadoop-annotations/3.2.1/hadoop-annotations-3.2.1.jar:/usr/lib/jvm/java-1.8.0-openjdk-1.8.0.232.b09-0.el7_7.x86_64/jre/../lib/tools.jar:/home/user/.m2/repository/org/apache/hadoop/hadoop-distcp/3.2.1/hadoop-distcp-3.2.1-tests.jar:"/>
    <property name="sun.cpu.endian" value="little"/>
    <property name="user.home" value="/home/user"/>
    <property name="user.language" value="en"/>
    <property name="java.specification.vendor" value="Oracle Corporation"/>
    <property name="java.home" value="/usr/lib/jvm/java-1.8.0-openjdk-1.8.0.232.b09-0.el7_7.x86_64/jre"/>
    <property name="java.security.krb5.conf" value="/github/workspace/mnt/ozone/hadoop-ozone/integration-test/target/test-classes/krb5.conf"/>
    <property name="basedir" value="/github/workspace/mnt/ozone/hadoop-ozone/integration-test"/>
    <property name="file.separator" value="/"/>
    <property name="line.separator" value="&#10;"/>
    <property name="java.vm.specification.vendor" value="Oracle Corporation"/>
    <property name="java.specification.name" value="Java Platform API Specification"/>
    <property name="java.awt.graphicsenv" value="sun.awt.X11GraphicsEnvironment"/>
    <property name="skip.installnpx" value="true"/>
    <property name="surefire.real.class.path" value="/github/workspace/mnt/ozone/hadoop-ozone/integration-test/target/surefire/surefirebooter7404393197407768817.jar:/home/user/.m2/repository/org/jacoco/org.jacoco.agent/0.8.5/org.jacoco.agent-0.8.5-runtime.jar"/>
    <property name="hadoop.log.dir" value="/github/workspace/mnt/ozone/hadoop-ozone/integration-test/target/log"/>
    <property name="sun.boot.class.path" value="/usr/lib/jvm/java-1.8.0-openjdk-1.8.0.232.b09-0.el7_7.x86_64/jre/lib/resources.jar:/usr/lib/jvm/java-1.8.0-openjdk-1.8.0.232.b09-0.el7_7.x86_64/jre/lib/rt.jar:/usr/lib/jvm/java-1.8.0-openjdk-1.8.0.232.b09-0.el7_7.x86_64/jre/lib/sunrsasign.jar:/usr/lib/jvm/java-1.8.0-openjdk-1.8.0.232.b09-0.el7_7.x86_64/jre/lib/jsse.jar:/usr/lib/jvm/java-1.8.0-openjdk-1.8.0.232.b09-0.el7_7.x86_64/jre/lib/jce.jar:/usr/lib/jvm/java-1.8.0-openjdk-1.8.0.232.b09-0.el7_7.x86_64/jre/lib/charsets.jar:/usr/lib/jvm/java-1.8.0-openjdk-1.8.0.232.b09-0.el7_7.x86_64/jre/lib/jfr.jar:/usr/lib/jvm/java-1.8.0-openjdk-1.8.0.232.b09-0.el7_7.x86_64/jre/classes"/>
    <property name="sun.management.compiler" value="HotSpot 64-Bit Tiered Compilers"/>
    <property name="skip.npx" value="true"/>
    <property name="java.runtime.version" value="1.8.0_232-b09"/>
    <property name="java.net.preferIPv4Stack" value="true"/>
    <property name="user.name" value="jenkins1001"/>
    <property name="path.separator" value=":"/>
    <property name="java.security.egd" value="file:///dev/urandom"/>
    <property name="os.version" value="5.4.0-1031-azure"/>
    <property name="java.endorsed.dirs" value="/usr/lib/jvm/java-1.8.0-openjdk-1.8.0.232.b09-0.el7_7.x86_64/jre/lib/endorsed"/>
    <property name="java.runtime.name" value="OpenJDK Runtime Environment"/>
    <property name="file.encoding" value="ANSI_X3.4-1968"/>
    <property name="java.vm.name" value="OpenJDK 64-Bit Server VM"/>
    <property name="test.build.webapps" value=""/>
    <property name="localRepository" value="/home/user/.m2/repository"/>
    <property name="java.vendor.url.bug" value="http://bugreport.sun.com/bugreport/"/>
    <property name="java.io.tmpdir" value="/tmp"/>
    <property name="require.test.libhadoop" value=""/>
    <property name="java.version" value="1.8.0_232"/>
    <property name="user.dir" value="/github/workspace/mnt/ozone/hadoop-ozone/integration-test"/>
    <property name="os.arch" value="amd64"/>
    <property name="java.vm.specification.name" value="Java Virtual Machine Specification"/>
    <property name="test.build.classes" value="/github/workspace/mnt/ozone/hadoop-ozone/integration-test/target/test-classes"/>
    <property name="java.awt.printerjob" value="sun.print.PSPrinterJob"/>
    <property name="sun.os.patch.level" value="unknown"/>
    <property name="hadoop.tmp.dir" value="/github/workspace/mnt/ozone/hadoop-ozone/integration-test/target/tmp"/>
    <property name="java.library.path" value="/usr/lib:/usr/java/packages/lib/amd64:/usr/lib64:/lib64:/lib:/usr/lib"/>
    <property name="java.vm.info" value="mixed mode"/>
    <property name="java.vendor" value="Oracle Corporation"/>
    <property name="java.vm.version" value="25.232-b09"/>
    <property name="java.ext.dirs" value="/usr/lib/jvm/java-1.8.0-openjdk-1.8.0.232.b09-0.el7_7.x86_64/jre/lib/ext:/usr/java/packages/lib/ext"/>
    <property name="sun.io.unicode.encoding" value="UnicodeLittle"/>
    <property name="java.class.version" value="52.0"/>
  </properties>
  <testcase name="testOMRetryCache" classname="org.apache.hadoop.ozone.om.TestOzoneManagerHAMetadataOnly" time="29.086">
    <failure type="java.lang.AssertionError">java.lang.AssertionError
	at org.junit.Assert.fail(Assert.java:86)
	at org.junit.Assert.assertTrue(Assert.java:41)
	at org.junit.Assert.assertFalse(Assert.java:64)
	at org.junit.Assert.assertFalse(Assert.java:74)
	at org.apache.hadoop.ozone.om.TestOzoneManagerHAMetadataOnly.testOMRetryCache(TestOzoneManagerHAMetadataOnly.java:422)
	at sun.reflect.NativeMethodAccessorImpl.invoke0(Native Method)
	at sun.reflect.NativeMethodAccessorImpl.invoke(NativeMethodAccessorImpl.java:62)
	at sun.reflect.DelegatingMethodAccessorImpl.invoke(DelegatingMethodAccessorImpl.java:43)
	at java.lang.reflect.Method.invoke(Method.java:498)
	at org.junit.runners.model.FrameworkMethod$1.runReflectiveCall(FrameworkMethod.java:47)
	at org.junit.internal.runners.model.ReflectiveCallable.run(ReflectiveCallable.java:12)
	at org.junit.runners.model.FrameworkMethod.invokeExplosively(FrameworkMethod.java:44)
	at org.junit.internal.runners.statements.InvokeMethod.evaluate(InvokeMethod.java:17)
	at org.junit.internal.runners.statements.RunBefores.evaluate(RunBefores.java:26)
	at org.junit.internal.runners.statements.RunAfters.evaluate(RunAfters.java:27)
	at org.junit.rules.ExpectedException$ExpectedExceptionStatement.evaluate(ExpectedException.java:168)
	at org.junit.internal.runners.statements.FailOnTimeout$StatementThread.run(FailOnTimeout.java:74)
</failure>
    <system-out><![CDATA[2020-11-19 13:22:00,421 [Thread-1] WARN  server.ServerUtils (ServerUtils.java:getScmDbDir(148)) - ozone.scm.db.dirs is not configured. We recommend adding this setting. Falling back to ozone.metadata.dirs instead.
2020-11-19 13:22:00,532 [Thread-1] WARN  server.ServerUtils (ServerUtils.java:getScmDbDir(148)) - ozone.scm.db.dirs is not configured. We recommend adding this setting. Falling back to ozone.metadata.dirs instead.
2020-11-19 13:22:00,694 [Thread-1] WARN  db.DBStoreBuilder (DBStoreBuilder.java:applyDBDefinition(143)) - ozone.scm.db.dirs is not configured. We recommend adding this setting. Falling back to ozone.metadata.dirs instead.
2020-11-19 13:22:00,820 [Thread-1] INFO  net.NodeSchemaLoader (NodeSchemaLoader.java:loadSchemaFromFile(126)) - Loading file from sun.misc.CompoundEnumeration@11c5bbbd
2020-11-19 13:22:00,821 [Thread-1] INFO  net.NodeSchemaLoader (NodeSchemaLoader.java:loadSchema(172)) - Loading network topology layer schema file
2020-11-19 13:22:00,900 [Thread-1] WARN  server.ServerUtils (ServerUtils.java:sanitizeUserArgs(73)) - ozone.scm.stale.node.interval value = 300000 is larger than max = 100000 based on the key value of ozone.scm.heartbeat.thread.interval, reset to the max value 100000.
2020-11-19 13:22:00,901 [Thread-1] WARN  server.ServerUtils (ServerUtils.java:sanitizeUserArgs(73)) - ozone.scm.stale.node.interval value = 300000 is larger than max = 100000 based on the key value of ozone.scm.heartbeat.thread.interval, reset to the max value 100000.
2020-11-19 13:22:00,908 [Thread-1] INFO  node.SCMNodeManager (SCMNodeManager.java:<init>(120)) - Entering startup safe mode.
2020-11-19 13:22:01,070 [Thread-1] INFO  algorithms.ContainerPlacementPolicyFactory (ContainerPlacementPolicyFactory.java:getPolicy(60)) - Create container placement policy of type org.apache.hadoop.hdds.scm.container.placement.algorithms.SCMContainerPlacementRandom
2020-11-19 13:22:01,111 [Thread-1] INFO  algorithms.LeaderChoosePolicyFactory (LeaderChoosePolicyFactory.java:getPolicy(57)) - Create leader choose policy of type org.apache.hadoop.hdds.scm.pipeline.leader.choose.algorithms.DefaultLeaderChoosePolicy
2020-11-19 13:22:01,112 [Thread-1] INFO  pipeline.SCMPipelineManager (SCMPipelineManager.java:initializePipelineState(161)) - No pipeline exists in current db
2020-11-19 13:22:01,148 [Thread-1] INFO  algorithms.PipelineChoosePolicyFactory (PipelineChoosePolicyFactory.java:createPipelineChoosePolicyFromClass(75)) - Create pipeline choose policy of type org.apache.hadoop.hdds.scm.pipeline.choose.algorithms.RandomPipelineChoosePolicy
2020-11-19 13:22:01,217 [Thread-1] INFO  safemode.HealthyPipelineSafeModeRule (HealthyPipelineSafeModeRule.java:<init>(89)) - Total pipeline count is 0, healthy pipeline threshold count is 0
2020-11-19 13:22:01,224 [Thread-1] INFO  safemode.OneReplicaPipelineSafeModeRule (OneReplicaPipelineSafeModeRule.java:<init>(84)) - Total pipeline count is 0, pipeline's with at least one datanode reported threshold count is 0
2020-11-19 13:22:01,702 [Thread-1] INFO  ipc.CallQueueManager (CallQueueManager.java:<init>(84)) - Using callQueue: class java.util.concurrent.LinkedBlockingQueue, queueCapacity: 2000, scheduler: class org.apache.hadoop.ipc.DefaultRpcScheduler, ipcBackoff: false.
2020-11-19 13:22:01,726 [Socket Reader #1 for port 0] INFO  ipc.Server (Server.java:run(1219)) - Starting Socket Reader #1 for port 0
2020-11-19 13:22:01,765 [Listener at 0.0.0.0/35851] INFO  ipc.CallQueueManager (CallQueueManager.java:<init>(84)) - Using callQueue: class java.util.concurrent.LinkedBlockingQueue, queueCapacity: 2000, scheduler: class org.apache.hadoop.ipc.DefaultRpcScheduler, ipcBackoff: false.
2020-11-19 13:22:01,766 [Socket Reader #1 for port 0] INFO  ipc.Server (Server.java:run(1219)) - Starting Socket Reader #1 for port 0
2020-11-19 13:22:01,782 [Listener at 0.0.0.0/34389] INFO  ipc.CallQueueManager (CallQueueManager.java:<init>(84)) - Using callQueue: class java.util.concurrent.LinkedBlockingQueue, queueCapacity: 2000, scheduler: class org.apache.hadoop.ipc.DefaultRpcScheduler, ipcBackoff: false.
2020-11-19 13:22:01,783 [Socket Reader #1 for port 0] INFO  ipc.Server (Server.java:run(1219)) - Starting Socket Reader #1 for port 0
2020-11-19 13:22:01,803 [Listener at 0.0.0.0/36625] INFO  http.BaseHttpServer (BaseHttpServer.java:newHttpServer2BuilderForOzone(207)) - Starting Web-server for scm at: http://0.0.0.0:0
2020-11-19 13:22:01,804 [Listener at 0.0.0.0/36625] INFO  http.BaseHttpServer (BaseHttpServer.java:<init>(106)) - Hadoop Security Enabled: false Ozone Security Enabled: false Ozone HTTP Security Enabled: false 
2020-11-19 13:22:01,832 [Listener at 0.0.0.0/36625] INFO  util.log (Log.java:initialized(169)) - Logging initialized @2468ms to org.eclipse.jetty.util.log.Slf4jLog
2020-11-19 13:22:01,971 [Listener at 0.0.0.0/36625] INFO  server.AuthenticationFilter (AuthenticationFilter.java:constructSecretProvider(240)) - Unable to initialize FileSignerSecretProvider, falling back to use random secrets.
2020-11-19 13:22:01,990 [Listener at 0.0.0.0/36625] WARN  http.HttpRequestLog (HttpRequestLog.java:getRequestLog(103)) - Jetty request log can only be enabled using Log4j
2020-11-19 13:22:01,998 [Listener at 0.0.0.0/36625] INFO  http.HttpServer2 (HttpServer2.java:addGlobalFilter(1019)) - Added global filter 'safety' (class=org.apache.hadoop.hdds.server.http.HttpServer2$QuotingInputFilter)
2020-11-19 13:22:02,000 [Listener at 0.0.0.0/36625] INFO  http.HttpServer2 (HttpServer2.java:addFilter(995)) - Added filter static_user_filter (class=org.apache.hadoop.http.lib.StaticUserWebFilter$StaticUserFilter) to context scm
2020-11-19 13:22:02,000 [Listener at 0.0.0.0/36625] INFO  http.HttpServer2 (HttpServer2.java:addFilter(1003)) - Added filter static_user_filter (class=org.apache.hadoop.http.lib.StaticUserWebFilter$StaticUserFilter) to context static
2020-11-19 13:22:02,001 [Listener at 0.0.0.0/36625] INFO  http.HttpServer2 (HttpServer2.java:addFilter(1003)) - Added filter static_user_filter (class=org.apache.hadoop.http.lib.StaticUserWebFilter$StaticUserFilter) to context logs
2020-11-19 13:22:02,057 [Listener at 0.0.0.0/36625] INFO  server.StorageContainerManager (StorageContainerManager.java:start(789)) - StorageContainerLocationProtocol RPC server is listening at /0.0.0.0:36625
2020-11-19 13:22:02,114 [Listener at 0.0.0.0/36625] WARN  impl.MetricsConfig (MetricsConfig.java:loadFirst(134)) - Cannot locate configuration: tried hadoop-metrics2-storagecontainermanager.properties,hadoop-metrics2.properties
2020-11-19 13:22:02,129 [Listener at 0.0.0.0/36625] INFO  impl.MetricsSystemImpl (MetricsSystemImpl.java:startTimer(374)) - Scheduled Metric snapshot period at 10 second(s).
2020-11-19 13:22:02,129 [Listener at 0.0.0.0/36625] INFO  impl.MetricsSystemImpl (MetricsSystemImpl.java:start(191)) - StorageContainerManager metrics system started
2020-11-19 13:22:02,357 [Listener at 0.0.0.0/36625] INFO  server.SCMClientProtocolServer (SCMClientProtocolServer.java:start(156)) - RPC server for Client  is listening at /0.0.0.0:36625
2020-11-19 13:22:02,359 [IPC Server Responder] INFO  ipc.Server (Server.java:run(1460)) - IPC Server Responder: starting
2020-11-19 13:22:02,360 [IPC Server listener on 0] INFO  ipc.Server (Server.java:run(1298)) - IPC Server listener on 0: starting
2020-11-19 13:22:02,367 [Listener at 0.0.0.0/36625] INFO  server.StorageContainerManager (StorageContainerManager.java:start(801)) - ScmBlockLocationProtocol RPC server is listening at /0.0.0.0:34389
2020-11-19 13:22:02,368 [Listener at 0.0.0.0/36625] INFO  server.SCMBlockProtocolServer (SCMBlockProtocolServer.java:start(150)) - RPC server for Block Protocol is listening at /0.0.0.0:34389
2020-11-19 13:22:02,368 [IPC Server Responder] INFO  ipc.Server (Server.java:run(1460)) - IPC Server Responder: starting
2020-11-19 13:22:02,369 [IPC Server listener on 0] INFO  ipc.Server (Server.java:run(1298)) - IPC Server listener on 0: starting
2020-11-19 13:22:02,373 [Listener at 0.0.0.0/36625] INFO  server.StorageContainerManager (StorageContainerManager.java:start(807)) - ScmDatanodeProtocl RPC server is listening at /0.0.0.0:35851
2020-11-19 13:22:02,373 [Listener at 0.0.0.0/36625] INFO  server.SCMDatanodeProtocolServer (SCMDatanodeProtocolServer.java:start(172)) - RPC server for DataNodes is listening at /0.0.0.0:35851
2020-11-19 13:22:02,376 [IPC Server Responder] INFO  ipc.Server (Server.java:run(1460)) - IPC Server Responder: starting
2020-11-19 13:22:02,376 [IPC Server listener on 0] INFO  ipc.Server (Server.java:run(1298)) - IPC Server listener on 0: starting
2020-11-19 13:22:02,381 [Listener at 0.0.0.0/36625] INFO  http.HttpServer2 (HttpServer2.java:bindListener(1237)) - Jetty bound to port 44453
2020-11-19 13:22:02,383 [Listener at 0.0.0.0/36625] INFO  server.Server (Server.java:doStart(375)) - jetty-9.4.34.v20201102; built: 2020-11-02T14:15:39.302Z; git: e46af88704a893fc12cb0e3bf46e2c7b48a009e7; jvm 1.8.0_232-b09
2020-11-19 13:22:02,414 [Listener at 0.0.0.0/36625] INFO  server.session (DefaultSessionIdManager.java:doStart(334)) - DefaultSessionIdManager workerName=node0
2020-11-19 13:22:02,415 [Listener at 0.0.0.0/36625] INFO  server.session (DefaultSessionIdManager.java:doStart(339)) - No SessionScavenger set, using defaults
2020-11-19 13:22:02,417 [Listener at 0.0.0.0/36625] INFO  server.session (HouseKeeper.java:startScavenging(132)) - node0 Scavenging every 660000ms
2020-11-19 13:22:02,435 [Listener at 0.0.0.0/36625] INFO  handler.ContextHandler (ContextHandler.java:doStart(916)) - Started o.e.j.s.ServletContextHandler@35181ffe{logs,/logs,file:///github/workspace/mnt/ozone/hadoop-ozone/integration-test/target/log,AVAILABLE}
2020-11-19 13:22:02,436 [Listener at 0.0.0.0/36625] INFO  handler.ContextHandler (ContextHandler.java:doStart(916)) - Started o.e.j.s.ServletContextHandler@5cc422c0{static,/static,file:///github/workspace/mnt/ozone/hadoop-ozone/integration-test/target/test-classes/webapps/static,AVAILABLE}
2020-11-19 13:22:02,484 [Listener at 0.0.0.0/36625] INFO  handler.ContextHandler (ContextHandler.java:doStart(916)) - Started o.e.j.w.WebAppContext@70ecce0f{scm,/,file:///github/workspace/mnt/ozone/hadoop-ozone/integration-test/target/test-classes/webapps/scm/,AVAILABLE}{file:/github/workspace/mnt/ozone/hadoop-ozone/integration-test/target/test-classes/webapps/scm}
2020-11-19 13:22:02,493 [Listener at 0.0.0.0/36625] INFO  server.AbstractConnector (AbstractConnector.java:doStart(331)) - Started ServerConnector@6b3e8573{HTTP/1.1, (http/1.1)}{0.0.0.0:44453}
2020-11-19 13:22:02,493 [Listener at 0.0.0.0/36625] INFO  server.Server (Server.java:doStart(415)) - Started @3129ms
2020-11-19 13:22:02,495 [Listener at 0.0.0.0/36625] INFO  impl.MetricsSinkAdapter (MetricsSinkAdapter.java:start(204)) - Sink prometheus started
2020-11-19 13:22:02,495 [Listener at 0.0.0.0/36625] INFO  impl.MetricsSystemImpl (MetricsSystemImpl.java:registerSink(301)) - Registered sink prometheus
2020-11-19 13:22:02,498 [Listener at 0.0.0.0/36625] INFO  http.BaseHttpServer (BaseHttpServer.java:updateConnectorAddress(327)) - HTTP server of scm listening at http://0.0.0.0:44453
2020-11-19 13:22:02,515 [Listener at 0.0.0.0/36625] WARN  server.ServerUtils (ServerUtils.java:getDBPath(225)) - ozone.om.db.dirs is not configured. We recommend adding this setting. Falling back to ozone.metadata.dirs instead.
2020-11-19 13:22:02,517 [org.apache.hadoop.util.JvmPauseMonitor$Monitor@c7ac0c6] INFO  util.JvmPauseMonitor (JvmPauseMonitor.java:run(188)) - Starting JVM pause monitor
2020-11-19 13:22:02,620 [Listener at 0.0.0.0/36625] INFO  ha.OMHANodeDetails (OMHANodeDetails.java:loadOMHAConfig(110)) - ServiceID for OzoneManager is om-service-test1
2020-11-19 13:22:02,623 [Listener at 0.0.0.0/36625] INFO  ha.OMHANodeDetails (OMHANodeDetails.java:loadOMHAConfig(188)) - Found matching OM address with OMServiceId: om-service-test1, OMNodeId: omNode-1, RPC Address: localhost:12748 and Ratis port: 12752
2020-11-19 13:22:02,623 [Listener at 0.0.0.0/36625] INFO  ha.OMHANodeDetails (OMHANodeDetails.java:setOMNodeSpecificConfigs(314)) - Setting configuration key ozone.om.http-address with value of key ozone.om.http-address.omNode-1: 127.0.0.1:12750
2020-11-19 13:22:02,623 [Listener at 0.0.0.0/36625] INFO  ha.OMHANodeDetails (OMHANodeDetails.java:setOMNodeSpecificConfigs(314)) - Setting configuration key ozone.om.https-address with value of key ozone.om.https-address.omNode-1: 127.0.0.1:12751
2020-11-19 13:22:02,623 [Listener at 0.0.0.0/36625] INFO  ha.OMHANodeDetails (OMHANodeDetails.java:setOMNodeSpecificConfigs(314)) - Setting configuration key ozone.om.address with value of key ozone.om.address.omNode-1: 127.0.0.1:12748
2020-11-19 13:22:02,623 [Listener at 0.0.0.0/36625] WARN  server.ServerUtils (ServerUtils.java:getDBPath(225)) - ozone.om.db.dirs is not configured. We recommend adding this setting. Falling back to ozone.metadata.dirs instead.
2020-11-19 13:22:02,624 [Listener at 0.0.0.0/36625] WARN  server.ServerUtils (ServerUtils.java:getDBPath(225)) - ozone.om.db.dirs is not configured. We recommend adding this setting. Falling back to ozone.metadata.dirs instead.
2020-11-19 13:22:03,316 [Listener at 0.0.0.0/36625] WARN  server.ServerUtils (ServerUtils.java:getDBPath(225)) - ozone.om.db.dirs is not configured. We recommend adding this setting. Falling back to ozone.metadata.dirs instead.
2020-11-19 13:22:03,322 [Listener at 0.0.0.0/36625] INFO  codec.OmKeyInfoCodec (OmKeyInfoCodec.java:<init>(41)) - OmKeyInfoCodec ignorePipeline = true
2020-11-19 13:22:03,324 [Listener at 0.0.0.0/36625] INFO  codec.RepeatedOmKeyInfoCodec (RepeatedOmKeyInfoCodec.java:<init>(40)) - RepeatedOmKeyInfoCodec ignorePipeline = true
2020-11-19 13:22:03,462 [Listener at 0.0.0.0/36625] INFO  om.OzoneManager (OzoneManager.java:addS3GVolumeToDB(3741)) - Created Volume s3v With Owner jenkins1001 required for S3Gateway operations.
2020-11-19 13:22:03,473 [Listener at 0.0.0.0/36625] INFO  metrics.MetricRegistries (MetricRegistriesLoader.java:load(64)) - Loaded MetricRegistries class org.apache.ratis.metrics.impl.MetricRegistriesImpl
2020-11-19 13:22:03,512 [Listener at 0.0.0.0/36625] WARN  server.ServerUtils (ServerUtils.java:getDefaultRatisDirectory(237)) - Storage directory for Ratis is not configured. It is a good idea to map this to an SSD disk. Falling back to ozone.metadata.dirs
2020-11-19 13:22:03,547 [Listener at 0.0.0.0/36625] INFO  ratis.OzoneManagerRatisServer (OzoneManagerRatisServer.java:<init>(270)) - Instantiating OM Ratis server with GroupID: om-service-test1 and Raft Peers: localhost:12752, localhost:12758, localhost:12764
2020-11-19 13:22:03,559 [Listener at 0.0.0.0/36625] INFO  ratis.OzoneManagerStateMachine (OzoneManagerStateMachine.java:loadSnapshotInfoFromDB(519)) - LastAppliedIndex is set from TransactionInfo from OM DB as (t:0, i:~)
2020-11-19 13:22:03,590 [Listener at 0.0.0.0/36625] INFO  impl.RaftServerProxy (ConfUtils.java:logGet(44)) - raft.rpc.type = GRPC (default)
2020-11-19 13:22:03,667 [Listener at 0.0.0.0/36625] INFO  grpc.GrpcFactory (GrpcFactory.java:checkPooledByteBufAllocatorUseCacheForAllThreads(45)) - PERFORMANCE WARNING: useCacheForAllThreads is true that may cause Netty to create a lot garbage objects and, as a result, trigger GC.
	It is recommended to disable useCacheForAllThreads by setting -Dorg.apache.ratis.thirdparty.io.netty.allocator.useCacheForAllThreads=false in command line.
2020-11-19 13:22:03,672 [Listener at 0.0.0.0/36625] INFO  grpc.GrpcConfigKeys (ConfUtils.java:logGet(44)) - raft.grpc.server.port = 12752 (custom)
2020-11-19 13:22:03,673 [Listener at 0.0.0.0/36625] INFO  server.GrpcService (ConfUtils.java:logGet(44)) - raft.grpc.message.size.max = 33554432 (custom)
2020-11-19 13:22:03,675 [Listener at 0.0.0.0/36625] INFO  server.RaftServerConfigKeys (ConfUtils.java:logGet(44)) - raft.server.log.appender.buffer.byte-limit = 33554432 (custom)
2020-11-19 13:22:03,676 [Listener at 0.0.0.0/36625] INFO  server.GrpcService (ConfUtils.java:logGet(44)) - raft.grpc.flow.control.window = 1MB (=1048576) (default)
2020-11-19 13:22:03,677 [Listener at 0.0.0.0/36625] INFO  server.RaftServerConfigKeys (ConfUtils.java:logGet(44)) - raft.server.rpc.request.timeout = 3000ms (default)
2020-11-19 13:22:03,862 [Listener at 0.0.0.0/36625] INFO  server.RaftServerConfigKeys (ConfUtils.java:logGet(44)) - raft.server.storage.dir = [/github/workspace/mnt/ozone/hadoop-ozone/integration-test/target/test-dir/MiniOzoneClusterImpl-6709ef09-1056-4c4b-8c83-ecdc17148cc3/omNode-1/ratis] (custom)
2020-11-19 13:22:03,868 [Listener at 0.0.0.0/36625] INFO  impl.RaftServerProxy (RaftServerProxy.java:addNew(92)) - omNode-1: addNew group-523986131536:[omNode-3:localhost:12764:0, omNode-1:localhost:12752:0, omNode-2:localhost:12758:0] returns group-523986131536:java.util.concurrent.CompletableFuture@7e38cf2c[Not completed]
2020-11-19 13:22:03,874 [Listener at 0.0.0.0/36625] INFO  om.OzoneManager (OzoneManager.java:initializeRatisServer(1336)) - OzoneManager Ratis server initialized at port 12752
2020-11-19 13:22:03,874 [Listener at 0.0.0.0/36625] WARN  server.ServerUtils (ServerUtils.java:getDefaultRatisDirectory(237)) - Storage directory for Ratis is not configured. It is a good idea to map this to an SSD disk. Falling back to ozone.metadata.dirs
2020-11-19 13:22:03,874 [Listener at 0.0.0.0/36625] WARN  server.ServerUtils (ServerUtils.java:getDefaultRatisDirectory(237)) - Storage directory for Ratis is not configured. It is a good idea to map this to an SSD disk. Falling back to ozone.metadata.dirs
2020-11-19 13:22:03,876 [Listener at 0.0.0.0/36625] INFO  snapshot.OzoneManagerSnapshotProvider (OzoneManagerSnapshotProvider.java:<init>(77)) - Initializing OM Snapshot Provider
2020-11-19 13:22:03,896 [pool-24-thread-1] INFO  impl.RaftServerImpl (RaftServerImpl.java:<init>(120)) - omNode-1: new RaftServerImpl for group-523986131536:[omNode-3:localhost:12764:0, omNode-1:localhost:12752:0, omNode-2:localhost:12758:0] with OzoneManagerStateMachine:uninitialized
2020-11-19 13:22:03,897 [pool-24-thread-1] INFO  server.RaftServerConfigKeys (ConfUtils.java:logGet(44)) - raft.server.rpc.timeout.min = 1s (custom)
2020-11-19 13:22:03,897 [pool-24-thread-1] INFO  server.RaftServerConfigKeys (ConfUtils.java:logGet(44)) - raft.server.rpc.timeout.max = 1200ms (custom)
2020-11-19 13:22:03,897 [pool-24-thread-1] INFO  server.RaftServerConfigKeys (ConfUtils.java:logGet(44)) - raft.server.rpcslowness.timeout = 2s (custom)
2020-11-19 13:22:03,898 [pool-24-thread-1] INFO  server.RaftServerConfigKeys (ConfUtils.java:logGet(44)) - raft.server.sleep.deviation.threshold = 300 (default)
2020-11-19 13:22:03,898 [pool-24-thread-1] INFO  server.RaftServerConfigKeys (ConfUtils.java:logGet(44)) - raft.server.log.appender.install.snapshot.enabled = false (custom)
2020-11-19 13:22:03,903 [pool-24-thread-1] INFO  impl.RaftServerImpl (ServerState.java:<init>(104)) - omNode-1@group-523986131536: ConfigurationManager, init=-1: [omNode-3:localhost:12764:0, omNode-1:localhost:12752:0, omNode-2:localhost:12758:0], old=null, confs=<EMPTY_MAP>
2020-11-19 13:22:03,903 [pool-24-thread-1] INFO  server.RaftServerConfigKeys (ConfUtils.java:logGet(44)) - raft.server.storage.dir = [/github/workspace/mnt/ozone/hadoop-ozone/integration-test/target/test-dir/MiniOzoneClusterImpl-6709ef09-1056-4c4b-8c83-ecdc17148cc3/omNode-1/ratis] (custom)
2020-11-19 13:22:03,923 [pool-24-thread-1] INFO  server.RaftServerConfigKeys (ConfUtils.java:logGet(44)) - raft.server.log.corruption.policy = EXCEPTION (default)
2020-11-19 13:22:03,925 [pool-24-thread-1] INFO  storage.RaftStorageDirectory (RaftStorageDirectory.java:analyzeStorage(261)) - The storage directory /github/workspace/mnt/ozone/hadoop-ozone/integration-test/target/test-dir/MiniOzoneClusterImpl-6709ef09-1056-4c4b-8c83-ecdc17148cc3/omNode-1/ratis/c9bc4cf4-3bc3-3c60-a66b-523986131536 does not exist. Creating ...
2020-11-19 13:22:03,939 [pool-24-thread-1] INFO  storage.RaftStorageDirectory (RaftStorageDirectory.java:tryLock(343)) - Lock on /github/workspace/mnt/ozone/hadoop-ozone/integration-test/target/test-dir/MiniOzoneClusterImpl-6709ef09-1056-4c4b-8c83-ecdc17148cc3/omNode-1/ratis/c9bc4cf4-3bc3-3c60-a66b-523986131536/in_use.lock acquired by nodename 24697@890f8149b140
2020-11-19 13:22:03,951 [pool-24-thread-1] INFO  storage.RaftStorage (RaftStorage.java:format(84)) - Storage directory /github/workspace/mnt/ozone/hadoop-ozone/integration-test/target/test-dir/MiniOzoneClusterImpl-6709ef09-1056-4c4b-8c83-ecdc17148cc3/omNode-1/ratis/c9bc4cf4-3bc3-3c60-a66b-523986131536 has been successfully formatted.
2020-11-19 13:22:03,953 [pool-24-thread-1] INFO  server.RaftServerConfigKeys (ConfUtils.java:logGet(44)) - raft.server.notification.no-leader.timeout = 2s (custom)
2020-11-19 13:22:03,954 [pool-24-thread-1] INFO  server.RaftServerConfigKeys (ConfUtils.java:logGet(44)) - raft.server.log.use.memory = false (default)
2020-11-19 13:22:03,968 [pool-24-thread-1] INFO  server.RaftServerConfigKeys (ConfUtils.java:logGet(44)) - raft.server.log.purge.gap = 50 (custom)
2020-11-19 13:22:03,971 [pool-24-thread-1] INFO  metrics.RatisMetrics (RatisMetrics.java:lambda$create$0(36)) - Creating Metrics Registry : ratis.log_worker.omNode-1@group-523986131536
2020-11-19 13:22:03,984 [pool-24-thread-1] INFO  server.RaftServerConfigKeys (ConfUtils.java:logGet(44)) - raft.server.log.appender.buffer.byte-limit = 33554432 (custom)
2020-11-19 13:22:03,989 [pool-24-thread-1] INFO  server.RaftServerConfigKeys (ConfUtils.java:logGet(44)) - raft.server.log.segment.size.max = 4194304 (custom)
2020-11-19 13:22:04,002 [pool-24-thread-1] INFO  server.RaftServerConfigKeys (ConfUtils.java:logGet(44)) - raft.server.log.segment.cache.num.max = 2 (custom)
2020-11-19 13:22:03,994 [Listener at 0.0.0.0/36625] INFO  ipc.CallQueueManager (CallQueueManager.java:<init>(84)) - Using callQueue: class java.util.concurrent.LinkedBlockingQueue, queueCapacity: 2000, scheduler: class org.apache.hadoop.ipc.DefaultRpcScheduler, ipcBackoff: false.
2020-11-19 13:22:04,007 [Socket Reader #1 for port 12748] INFO  ipc.Server (Server.java:run(1219)) - Starting Socket Reader #1 for port 12748
2020-11-19 13:22:04,007 [pool-24-thread-1] INFO  segmented.SegmentedRaftLogWorker (SegmentedRaftLogWorker.java:<init>(180)) - new omNode-1@group-523986131536-SegmentedRaftLogWorker for RaftStorage:Storage Directory /github/workspace/mnt/ozone/hadoop-ozone/integration-test/target/test-dir/MiniOzoneClusterImpl-6709ef09-1056-4c4b-8c83-ecdc17148cc3/omNode-1/ratis/c9bc4cf4-3bc3-3c60-a66b-523986131536
2020-11-19 13:22:04,011 [pool-24-thread-1] INFO  server.RaftServerConfigKeys (ConfUtils.java:logGet(44)) - raft.server.log.queue.byte-limit = 64MB (=67108864) (default)
2020-11-19 13:22:04,012 [pool-24-thread-1] INFO  server.RaftServerConfigKeys (ConfUtils.java:logGet(44)) - raft.server.log.queue.element-limit = 4096 (default)
2020-11-19 13:22:04,013 [pool-24-thread-1] INFO  server.RaftServerConfigKeys (ConfUtils.java:logGet(44)) - raft.server.log.segment.size.max = 4194304 (custom)
2020-11-19 13:22:04,014 [pool-24-thread-1] INFO  server.RaftServerConfigKeys (ConfUtils.java:logGet(44)) - raft.server.log.preallocated.size = 4194304 (custom)
2020-11-19 13:22:04,015 [pool-24-thread-1] INFO  server.RaftServerConfigKeys (ConfUtils.java:logGet(44)) - raft.server.log.write.buffer.size = 64KB (=65536) (default)
2020-11-19 13:22:04,015 [pool-24-thread-1] INFO  server.RaftServerConfigKeys (ConfUtils.java:logGet(44)) - raft.server.log.force.sync.num = 128 (default)
2020-11-19 13:22:04,017 [pool-24-thread-1] INFO  server.RaftServerConfigKeys (ConfUtils.java:logGet(44)) - raft.server.log.statemachine.data.sync = true (default)
2020-11-19 13:22:04,017 [pool-24-thread-1] INFO  server.RaftServerConfigKeys (ConfUtils.java:logGet(44)) - raft.server.log.statemachine.data.sync.timeout = 10s (default)
2020-11-19 13:22:04,019 [pool-24-thread-1] INFO  server.RaftServerConfigKeys (ConfUtils.java:logGet(44)) - raft.server.log.statemachine.data.sync.timeout.retry = -1 (default)
2020-11-19 13:22:04,044 [pool-24-thread-1] INFO  server.RaftServerConfigKeys (ConfUtils.java:logGet(44)) - raft.server.log.statemachine.data.caching.enabled = false (default)
2020-11-19 13:22:04,053 [pool-24-thread-1] INFO  segmented.SegmentedRaftLogWorker (SegmentedRaftLogWorker.java:lambda$new$0(129)) - omNode-1@group-523986131536-SegmentedRaftLogWorker: flushIndex: setUnconditionally 0 -> -1
2020-11-19 13:22:04,053 [pool-24-thread-1] INFO  segmented.SegmentedRaftLogWorker (SegmentedRaftLogWorker.java:lambda$new$0(129)) - omNode-1@group-523986131536-SegmentedRaftLogWorker: safeCacheEvictIndex: setUnconditionally 0 -> -1
2020-11-19 13:22:04,053 [Listener at 127.0.0.1/12748] INFO  impl.MetricsSystemImpl (MetricsSystemImpl.java:init(158)) - OzoneManager metrics system started (again)
2020-11-19 13:22:04,056 [Listener at 127.0.0.1/12748] INFO  om.OzoneManager (OzoneManager.java:start(1144)) - OzoneManager RPC server is listening at localhost/127.0.0.1:12748
2020-11-19 13:22:04,056 [Listener at 127.0.0.1/12748] INFO  ratis.OzoneManagerRatisServer (OzoneManagerRatisServer.java:start(372)) - Starting OzoneManagerRatisServer omNode-1 at port 12752
2020-11-19 13:22:04,065 [pool-24-thread-1] INFO  server.RaftServerConfigKeys (ConfUtils.java:logGet(44)) - raft.server.snapshot.auto.trigger.enabled = true (custom)
2020-11-19 13:22:04,067 [pool-24-thread-1] INFO  server.RaftServerConfigKeys (ConfUtils.java:logGet(44)) - raft.server.snapshot.auto.trigger.threshold = 50 (custom)
2020-11-19 13:22:04,067 [pool-24-thread-1] INFO  server.RaftServerConfigKeys (ConfUtils.java:logGet(44)) - raft.server.snapshot.retention.file.num = -1 (default)
2020-11-19 13:22:04,068 [pool-24-thread-1] INFO  server.RaftServerConfigKeys (ConfUtils.java:logGet(44)) - raft.server.log.purge.upto.snapshot.index = true (custom)
2020-11-19 13:22:04,070 [pool-24-thread-1] INFO  server.RaftServerConfigKeys (ConfUtils.java:logGet(44)) - raft.server.retrycache.expirytime = 600000ms (custom)
2020-11-19 13:22:04,090 [pool-24-thread-1] INFO  metrics.RatisMetrics (RatisMetrics.java:lambda$create$0(36)) - Creating Metrics Registry : ratis.leader_election.omNode-1@group-523986131536
2020-11-19 13:22:04,096 [pool-24-thread-1] INFO  metrics.RatisMetrics (RatisMetrics.java:lambda$create$0(36)) - Creating Metrics Registry : ratis.server.omNode-1@group-523986131536
2020-11-19 13:22:04,104 [Listener at 127.0.0.1/12748] INFO  impl.RaftServerImpl (RaftServerImpl.java:start(209)) - omNode-1@group-523986131536: start as a follower, conf=-1: [omNode-3:localhost:12764:0, omNode-1:localhost:12752:0, omNode-2:localhost:12758:0], old=null
2020-11-19 13:22:04,106 [Listener at 127.0.0.1/12748] INFO  impl.RaftServerImpl (RaftServerImpl.java:setRole(198)) - omNode-1@group-523986131536: changes role from      null to FOLLOWER at term 0 for startAsFollower
2020-11-19 13:22:04,107 [Listener at 127.0.0.1/12748] INFO  impl.RoleInfo (RoleInfo.java:updateAndGet(143)) - omNode-1: start FollowerState
2020-11-19 13:22:04,109 [Listener at 127.0.0.1/12748] INFO  util.JmxRegister (JmxRegister.java:tryRegister(44)) - Successfully registered JMX Bean with object name Ratis:service=RaftServer,group=group-523986131536,id=omNode-1
2020-11-19 13:22:04,112 [Listener at 127.0.0.1/12748] INFO  metrics.RatisMetrics (RatisMetrics.java:lambda$create$0(36)) - Creating Metrics Registry : ratis.state_machine.omNode-1@group-523986131536
2020-11-19 13:22:04,114 [Listener at 127.0.0.1/12748] INFO  impl.RaftServerProxy (RaftServerProxy.java:lambda$start$3(307)) - omNode-1: start RPC server
2020-11-19 13:22:04,189 [Listener at 127.0.0.1/12748] INFO  server.GrpcService (GrpcService.java:startImpl(177)) - omNode-1: GrpcService started, listening on 0.0.0.0/0.0.0.0:12752
2020-11-19 13:22:04,218 [Listener at 127.0.0.1/12748] INFO  http.BaseHttpServer (BaseHttpServer.java:newHttpServer2BuilderForOzone(207)) - Starting Web-server for ozoneManager at: http://0.0.0.0:12750
2020-11-19 13:22:04,218 [Listener at 127.0.0.1/12748] INFO  http.BaseHttpServer (BaseHttpServer.java:<init>(106)) - Hadoop Security Enabled: false Ozone Security Enabled: false Ozone HTTP Security Enabled: false 
2020-11-19 13:22:04,220 [Listener at 127.0.0.1/12748] INFO  server.AuthenticationFilter (AuthenticationFilter.java:constructSecretProvider(240)) - Unable to initialize FileSignerSecretProvider, falling back to use random secrets.
2020-11-19 13:22:04,230 [Listener at 127.0.0.1/12748] WARN  http.HttpRequestLog (HttpRequestLog.java:getRequestLog(103)) - Jetty request log can only be enabled using Log4j
2020-11-19 13:22:04,231 [Listener at 127.0.0.1/12748] INFO  http.HttpServer2 (HttpServer2.java:addGlobalFilter(1019)) - Added global filter 'safety' (class=org.apache.hadoop.hdds.server.http.HttpServer2$QuotingInputFilter)
2020-11-19 13:22:04,232 [Listener at 127.0.0.1/12748] INFO  http.HttpServer2 (HttpServer2.java:addFilter(995)) - Added filter static_user_filter (class=org.apache.hadoop.http.lib.StaticUserWebFilter$StaticUserFilter) to context ozoneManager
2020-11-19 13:22:04,232 [Listener at 127.0.0.1/12748] INFO  http.HttpServer2 (HttpServer2.java:addFilter(1003)) - Added filter static_user_filter (class=org.apache.hadoop.http.lib.StaticUserWebFilter$StaticUserFilter) to context logs
2020-11-19 13:22:04,233 [Listener at 127.0.0.1/12748] INFO  http.HttpServer2 (HttpServer2.java:addFilter(1003)) - Added filter static_user_filter (class=org.apache.hadoop.http.lib.StaticUserWebFilter$StaticUserFilter) to context static
2020-11-19 13:22:04,235 [Listener at 127.0.0.1/12748] INFO  http.HttpServer2 (HttpServer2.java:bindListener(1237)) - Jetty bound to port 12750
2020-11-19 13:22:04,236 [Listener at 127.0.0.1/12748] INFO  server.Server (Server.java:doStart(375)) - jetty-9.4.34.v20201102; built: 2020-11-02T14:15:39.302Z; git: e46af88704a893fc12cb0e3bf46e2c7b48a009e7; jvm 1.8.0_232-b09
2020-11-19 13:22:04,239 [Listener at 127.0.0.1/12748] INFO  server.session (DefaultSessionIdManager.java:doStart(334)) - DefaultSessionIdManager workerName=node0
2020-11-19 13:22:04,239 [Listener at 127.0.0.1/12748] INFO  server.session (DefaultSessionIdManager.java:doStart(339)) - No SessionScavenger set, using defaults
2020-11-19 13:22:04,240 [Listener at 127.0.0.1/12748] INFO  server.session (HouseKeeper.java:startScavenging(132)) - node0 Scavenging every 660000ms
2020-11-19 13:22:04,246 [Listener at 127.0.0.1/12748] INFO  handler.ContextHandler (ContextHandler.java:doStart(916)) - Started o.e.j.s.ServletContextHandler@bbd440f{logs,/logs,file:///github/workspace/mnt/ozone/hadoop-ozone/integration-test/target/log,AVAILABLE}
2020-11-19 13:22:04,247 [Listener at 127.0.0.1/12748] INFO  handler.ContextHandler (ContextHandler.java:doStart(916)) - Started o.e.j.s.ServletContextHandler@7e7a02d6{static,/static,file:///github/workspace/mnt/ozone/hadoop-ozone/integration-test/target/test-classes/webapps/static,AVAILABLE}
2020-11-19 13:22:04,255 [Listener at 127.0.0.1/12748] INFO  handler.ContextHandler (ContextHandler.java:doStart(916)) - Started o.e.j.w.WebAppContext@58fc89dc{ozoneManager,/,file:///github/workspace/mnt/ozone/hadoop-ozone/integration-test/target/test-classes/webapps/ozoneManager/,AVAILABLE}{file:/github/workspace/mnt/ozone/hadoop-ozone/integration-test/target/test-classes/webapps/ozoneManager}
2020-11-19 13:22:04,258 [Listener at 127.0.0.1/12748] INFO  server.AbstractConnector (AbstractConnector.java:doStart(331)) - Started ServerConnector@4430a857{HTTP/1.1, (http/1.1)}{0.0.0.0:12750}
2020-11-19 13:22:04,258 [Listener at 127.0.0.1/12748] INFO  server.Server (Server.java:doStart(415)) - Started @4894ms
2020-11-19 13:22:04,259 [Listener at 127.0.0.1/12748] WARN  impl.MetricsSystemImpl (MetricsSystemImpl.java:register(276)) - Sink prometheus already exists!
2020-11-19 13:22:04,262 [Listener at 127.0.0.1/12748] INFO  http.BaseHttpServer (BaseHttpServer.java:updateConnectorAddress(327)) - HTTP server of ozoneManager listening at http://0.0.0.0:12750
2020-11-19 13:22:04,269 [IPC Server Responder] INFO  ipc.Server (Server.java:run(1460)) - IPC Server Responder: starting
2020-11-19 13:22:04,274 [IPC Server listener on 12748] INFO  ipc.Server (Server.java:run(1298)) - IPC Server listener on 12748: starting
2020-11-19 13:22:04,290 [Listener at 127.0.0.1/12748] INFO  om.OzoneManager (OzoneManager.java:startTrashEmptier(1269)) - Trash Interval set to 0. Files deleted will not move to trash
2020-11-19 13:22:04,292 [Listener at 127.0.0.1/12748] INFO  ozone.MiniOzoneHAClusterImpl (MiniOzoneHAClusterImpl.java:createOMService(380)) - Started OzoneManager RPC server at localhost/127.0.0.1:12748
2020-11-19 13:22:04,292 [Listener at 127.0.0.1/12748] WARN  server.ServerUtils (ServerUtils.java:getDBPath(225)) - ozone.om.db.dirs is not configured. We recommend adding this setting. Falling back to ozone.metadata.dirs instead.
2020-11-19 13:22:04,295 [Listener at 127.0.0.1/12748] INFO  ha.OMHANodeDetails (OMHANodeDetails.java:loadOMHAConfig(110)) - ServiceID for OzoneManager is om-service-test1
2020-11-19 13:22:04,295 [Listener at 127.0.0.1/12748] INFO  ha.OMHANodeDetails (OMHANodeDetails.java:loadOMHAConfig(188)) - Found matching OM address with OMServiceId: om-service-test1, OMNodeId: omNode-2, RPC Address: localhost:12754 and Ratis port: 12758
2020-11-19 13:22:04,296 [Listener at 127.0.0.1/12748] INFO  ha.OMHANodeDetails (OMHANodeDetails.java:setOMNodeSpecificConfigs(314)) - Setting configuration key ozone.om.http-address with value of key ozone.om.http-address.omNode-2: 127.0.0.1:12756
2020-11-19 13:22:04,296 [Listener at 127.0.0.1/12748] INFO  ha.OMHANodeDetails (OMHANodeDetails.java:setOMNodeSpecificConfigs(314)) - Setting configuration key ozone.om.https-address with value of key ozone.om.https-address.omNode-2: 127.0.0.1:12757
2020-11-19 13:22:04,296 [Listener at 127.0.0.1/12748] INFO  ha.OMHANodeDetails (OMHANodeDetails.java:setOMNodeSpecificConfigs(314)) - Setting configuration key ozone.om.address with value of key ozone.om.address.omNode-2: 127.0.0.1:12754
2020-11-19 13:22:04,296 [Listener at 127.0.0.1/12748] WARN  server.ServerUtils (ServerUtils.java:getDBPath(225)) - ozone.om.db.dirs is not configured. We recommend adding this setting. Falling back to ozone.metadata.dirs instead.
2020-11-19 13:22:04,296 [Listener at 127.0.0.1/12748] WARN  server.ServerUtils (ServerUtils.java:getDBPath(225)) - ozone.om.db.dirs is not configured. We recommend adding this setting. Falling back to ozone.metadata.dirs instead.
2020-11-19 13:22:04,297 [org.apache.hadoop.util.JvmPauseMonitor$Monitor@ebce937] INFO  util.JvmPauseMonitor (JvmPauseMonitor.java:run(188)) - Starting JVM pause monitor
2020-11-19 13:22:04,299 [Listener at 127.0.0.1/12748] WARN  server.ServerUtils (ServerUtils.java:getDBPath(225)) - ozone.om.db.dirs is not configured. We recommend adding this setting. Falling back to ozone.metadata.dirs instead.
2020-11-19 13:22:04,300 [Listener at 127.0.0.1/12748] INFO  codec.OmKeyInfoCodec (OmKeyInfoCodec.java:<init>(41)) - OmKeyInfoCodec ignorePipeline = true
2020-11-19 13:22:04,300 [Listener at 127.0.0.1/12748] INFO  codec.RepeatedOmKeyInfoCodec (RepeatedOmKeyInfoCodec.java:<init>(40)) - RepeatedOmKeyInfoCodec ignorePipeline = true
2020-11-19 13:22:04,362 [Listener at 127.0.0.1/12748] INFO  om.OzoneManager (OzoneManager.java:addS3GVolumeToDB(3741)) - Created Volume s3v With Owner jenkins1001 required for S3Gateway operations.
2020-11-19 13:22:04,362 [Listener at 127.0.0.1/12748] WARN  server.ServerUtils (ServerUtils.java:getDefaultRatisDirectory(237)) - Storage directory for Ratis is not configured. It is a good idea to map this to an SSD disk. Falling back to ozone.metadata.dirs
2020-11-19 13:22:04,363 [Listener at 127.0.0.1/12748] INFO  ratis.OzoneManagerRatisServer (OzoneManagerRatisServer.java:<init>(270)) - Instantiating OM Ratis server with GroupID: om-service-test1 and Raft Peers: localhost:12758, localhost:12752, localhost:12764
2020-11-19 13:22:04,363 [Listener at 127.0.0.1/12748] INFO  ratis.OzoneManagerStateMachine (OzoneManagerStateMachine.java:loadSnapshotInfoFromDB(519)) - LastAppliedIndex is set from TransactionInfo from OM DB as (t:0, i:~)
2020-11-19 13:22:04,363 [Listener at 127.0.0.1/12748] INFO  impl.RaftServerProxy (ConfUtils.java:logGet(44)) - raft.rpc.type = GRPC (default)
2020-11-19 13:22:04,363 [Listener at 127.0.0.1/12748] INFO  grpc.GrpcFactory (GrpcFactory.java:checkPooledByteBufAllocatorUseCacheForAllThreads(45)) - PERFORMANCE WARNING: useCacheForAllThreads is true that may cause Netty to create a lot garbage objects and, as a result, trigger GC.
	It is recommended to disable useCacheForAllThreads by setting -Dorg.apache.ratis.thirdparty.io.netty.allocator.useCacheForAllThreads=false in command line.
2020-11-19 13:22:04,364 [Listener at 127.0.0.1/12748] INFO  grpc.GrpcConfigKeys (ConfUtils.java:logGet(44)) - raft.grpc.server.port = 12758 (custom)
2020-11-19 13:22:04,364 [Listener at 127.0.0.1/12748] INFO  server.GrpcService (ConfUtils.java:logGet(44)) - raft.grpc.message.size.max = 33554432 (custom)
2020-11-19 13:22:04,364 [Listener at 127.0.0.1/12748] INFO  server.RaftServerConfigKeys (ConfUtils.java:logGet(44)) - raft.server.log.appender.buffer.byte-limit = 33554432 (custom)
2020-11-19 13:22:04,364 [Listener at 127.0.0.1/12748] INFO  server.GrpcService (ConfUtils.java:logGet(44)) - raft.grpc.flow.control.window = 1MB (=1048576) (default)
2020-11-19 13:22:04,364 [Listener at 127.0.0.1/12748] INFO  server.RaftServerConfigKeys (ConfUtils.java:logGet(44)) - raft.server.rpc.request.timeout = 3000ms (default)
2020-11-19 13:22:04,366 [Listener at 127.0.0.1/12748] INFO  server.RaftServerConfigKeys (ConfUtils.java:logGet(44)) - raft.server.storage.dir = [/github/workspace/mnt/ozone/hadoop-ozone/integration-test/target/test-dir/MiniOzoneClusterImpl-6709ef09-1056-4c4b-8c83-ecdc17148cc3/omNode-2/ratis] (custom)
2020-11-19 13:22:04,366 [Listener at 127.0.0.1/12748] INFO  impl.RaftServerProxy (RaftServerProxy.java:addNew(92)) - omNode-2: addNew group-523986131536:[omNode-3:localhost:12764:0, omNode-1:localhost:12752:0, omNode-2:localhost:12758:0] returns group-523986131536:java.util.concurrent.CompletableFuture@5e365eb7[Not completed]
2020-11-19 13:22:04,366 [pool-42-thread-1] INFO  impl.RaftServerImpl (RaftServerImpl.java:<init>(120)) - omNode-2: new RaftServerImpl for group-523986131536:[omNode-3:localhost:12764:0, omNode-1:localhost:12752:0, omNode-2:localhost:12758:0] with OzoneManagerStateMachine:uninitialized
2020-11-19 13:22:04,373 [Listener at 127.0.0.1/12748] INFO  om.OzoneManager (OzoneManager.java:initializeRatisServer(1336)) - OzoneManager Ratis server initialized at port 12758
2020-11-19 13:22:04,373 [Listener at 127.0.0.1/12748] WARN  server.ServerUtils (ServerUtils.java:getDefaultRatisDirectory(237)) - Storage directory for Ratis is not configured. It is a good idea to map this to an SSD disk. Falling back to ozone.metadata.dirs
2020-11-19 13:22:04,373 [pool-42-thread-1] INFO  server.RaftServerConfigKeys (ConfUtils.java:logGet(44)) - raft.server.rpc.timeout.min = 1s (custom)
2020-11-19 13:22:04,373 [Listener at 127.0.0.1/12748] WARN  server.ServerUtils (ServerUtils.java:getDefaultRatisDirectory(237)) - Storage directory for Ratis is not configured. It is a good idea to map this to an SSD disk. Falling back to ozone.metadata.dirs
2020-11-19 13:22:04,373 [pool-42-thread-1] INFO  server.RaftServerConfigKeys (ConfUtils.java:logGet(44)) - raft.server.rpc.timeout.max = 1200ms (custom)
2020-11-19 13:22:04,373 [Listener at 127.0.0.1/12748] INFO  snapshot.OzoneManagerSnapshotProvider (OzoneManagerSnapshotProvider.java:<init>(77)) - Initializing OM Snapshot Provider
2020-11-19 13:22:04,373 [pool-42-thread-1] INFO  server.RaftServerConfigKeys (ConfUtils.java:logGet(44)) - raft.server.rpcslowness.timeout = 2s (custom)
2020-11-19 13:22:04,374 [pool-42-thread-1] INFO  server.RaftServerConfigKeys (ConfUtils.java:logGet(44)) - raft.server.sleep.deviation.threshold = 300 (default)
2020-11-19 13:22:04,374 [pool-42-thread-1] INFO  server.RaftServerConfigKeys (ConfUtils.java:logGet(44)) - raft.server.log.appender.install.snapshot.enabled = false (custom)
2020-11-19 13:22:04,374 [pool-42-thread-1] INFO  impl.RaftServerImpl (ServerState.java:<init>(104)) - omNode-2@group-523986131536: ConfigurationManager, init=-1: [omNode-3:localhost:12764:0, omNode-1:localhost:12752:0, omNode-2:localhost:12758:0], old=null, confs=<EMPTY_MAP>
2020-11-19 13:22:04,374 [pool-42-thread-1] INFO  server.RaftServerConfigKeys (ConfUtils.java:logGet(44)) - raft.server.storage.dir = [/github/workspace/mnt/ozone/hadoop-ozone/integration-test/target/test-dir/MiniOzoneClusterImpl-6709ef09-1056-4c4b-8c83-ecdc17148cc3/omNode-2/ratis] (custom)
2020-11-19 13:22:04,374 [pool-42-thread-1] INFO  server.RaftServerConfigKeys (ConfUtils.java:logGet(44)) - raft.server.log.corruption.policy = EXCEPTION (default)
2020-11-19 13:22:04,375 [pool-42-thread-1] INFO  storage.RaftStorageDirectory (RaftStorageDirectory.java:analyzeStorage(261)) - The storage directory /github/workspace/mnt/ozone/hadoop-ozone/integration-test/target/test-dir/MiniOzoneClusterImpl-6709ef09-1056-4c4b-8c83-ecdc17148cc3/omNode-2/ratis/c9bc4cf4-3bc3-3c60-a66b-523986131536 does not exist. Creating ...
2020-11-19 13:22:04,378 [pool-42-thread-1] INFO  storage.RaftStorageDirectory (RaftStorageDirectory.java:tryLock(343)) - Lock on /github/workspace/mnt/ozone/hadoop-ozone/integration-test/target/test-dir/MiniOzoneClusterImpl-6709ef09-1056-4c4b-8c83-ecdc17148cc3/omNode-2/ratis/c9bc4cf4-3bc3-3c60-a66b-523986131536/in_use.lock acquired by nodename 24697@890f8149b140
2020-11-19 13:22:04,379 [Listener at 127.0.0.1/12748] INFO  ipc.CallQueueManager (CallQueueManager.java:<init>(84)) - Using callQueue: class java.util.concurrent.LinkedBlockingQueue, queueCapacity: 2000, scheduler: class org.apache.hadoop.ipc.DefaultRpcScheduler, ipcBackoff: false.
2020-11-19 13:22:04,379 [pool-42-thread-1] INFO  storage.RaftStorage (RaftStorage.java:format(84)) - Storage directory /github/workspace/mnt/ozone/hadoop-ozone/integration-test/target/test-dir/MiniOzoneClusterImpl-6709ef09-1056-4c4b-8c83-ecdc17148cc3/omNode-2/ratis/c9bc4cf4-3bc3-3c60-a66b-523986131536 has been successfully formatted.
2020-11-19 13:22:04,380 [pool-42-thread-1] INFO  server.RaftServerConfigKeys (ConfUtils.java:logGet(44)) - raft.server.notification.no-leader.timeout = 2s (custom)
2020-11-19 13:22:04,380 [pool-42-thread-1] INFO  server.RaftServerConfigKeys (ConfUtils.java:logGet(44)) - raft.server.log.use.memory = false (default)
2020-11-19 13:22:04,380 [pool-42-thread-1] INFO  server.RaftServerConfigKeys (ConfUtils.java:logGet(44)) - raft.server.log.purge.gap = 50 (custom)
2020-11-19 13:22:04,380 [pool-42-thread-1] INFO  metrics.RatisMetrics (RatisMetrics.java:lambda$create$0(36)) - Creating Metrics Registry : ratis.log_worker.omNode-2@group-523986131536
2020-11-19 13:22:04,381 [pool-42-thread-1] INFO  server.RaftServerConfigKeys (ConfUtils.java:logGet(44)) - raft.server.log.appender.buffer.byte-limit = 33554432 (custom)
2020-11-19 13:22:04,381 [pool-42-thread-1] INFO  server.RaftServerConfigKeys (ConfUtils.java:logGet(44)) - raft.server.log.segment.size.max = 4194304 (custom)
2020-11-19 13:22:04,381 [pool-42-thread-1] INFO  server.RaftServerConfigKeys (ConfUtils.java:logGet(44)) - raft.server.log.segment.cache.num.max = 2 (custom)
2020-11-19 13:22:04,382 [Socket Reader #1 for port 12754] INFO  ipc.Server (Server.java:run(1219)) - Starting Socket Reader #1 for port 12754
2020-11-19 13:22:04,381 [pool-42-thread-1] INFO  segmented.SegmentedRaftLogWorker (SegmentedRaftLogWorker.java:<init>(180)) - new omNode-2@group-523986131536-SegmentedRaftLogWorker for RaftStorage:Storage Directory /github/workspace/mnt/ozone/hadoop-ozone/integration-test/target/test-dir/MiniOzoneClusterImpl-6709ef09-1056-4c4b-8c83-ecdc17148cc3/omNode-2/ratis/c9bc4cf4-3bc3-3c60-a66b-523986131536
2020-11-19 13:22:04,386 [pool-42-thread-1] INFO  server.RaftServerConfigKeys (ConfUtils.java:logGet(44)) - raft.server.log.queue.byte-limit = 64MB (=67108864) (default)
2020-11-19 13:22:04,386 [pool-42-thread-1] INFO  server.RaftServerConfigKeys (ConfUtils.java:logGet(44)) - raft.server.log.queue.element-limit = 4096 (default)
2020-11-19 13:22:04,387 [pool-42-thread-1] INFO  server.RaftServerConfigKeys (ConfUtils.java:logGet(44)) - raft.server.log.segment.size.max = 4194304 (custom)
2020-11-19 13:22:04,387 [pool-42-thread-1] INFO  server.RaftServerConfigKeys (ConfUtils.java:logGet(44)) - raft.server.log.preallocated.size = 4194304 (custom)
2020-11-19 13:22:04,387 [pool-42-thread-1] INFO  server.RaftServerConfigKeys (ConfUtils.java:logGet(44)) - raft.server.log.write.buffer.size = 64KB (=65536) (default)
2020-11-19 13:22:04,387 [pool-42-thread-1] INFO  server.RaftServerConfigKeys (ConfUtils.java:logGet(44)) - raft.server.log.force.sync.num = 128 (default)
2020-11-19 13:22:04,387 [pool-42-thread-1] INFO  server.RaftServerConfigKeys (ConfUtils.java:logGet(44)) - raft.server.log.statemachine.data.sync = true (default)
2020-11-19 13:22:04,387 [pool-42-thread-1] INFO  server.RaftServerConfigKeys (ConfUtils.java:logGet(44)) - raft.server.log.statemachine.data.sync.timeout = 10s (default)
2020-11-19 13:22:04,387 [pool-42-thread-1] INFO  server.RaftServerConfigKeys (ConfUtils.java:logGet(44)) - raft.server.log.statemachine.data.sync.timeout.retry = -1 (default)
2020-11-19 13:22:04,389 [pool-42-thread-1] INFO  server.RaftServerConfigKeys (ConfUtils.java:logGet(44)) - raft.server.log.statemachine.data.caching.enabled = false (default)
2020-11-19 13:22:04,389 [pool-42-thread-1] INFO  segmented.SegmentedRaftLogWorker (SegmentedRaftLogWorker.java:lambda$new$0(129)) - omNode-2@group-523986131536-SegmentedRaftLogWorker: flushIndex: setUnconditionally 0 -> -1
2020-11-19 13:22:04,390 [pool-42-thread-1] INFO  segmented.SegmentedRaftLogWorker (SegmentedRaftLogWorker.java:lambda$new$0(129)) - omNode-2@group-523986131536-SegmentedRaftLogWorker: safeCacheEvictIndex: setUnconditionally 0 -> -1
2020-11-19 13:22:04,390 [pool-42-thread-1] INFO  server.RaftServerConfigKeys (ConfUtils.java:logGet(44)) - raft.server.snapshot.auto.trigger.enabled = true (custom)
2020-11-19 13:22:04,390 [pool-42-thread-1] INFO  server.RaftServerConfigKeys (ConfUtils.java:logGet(44)) - raft.server.snapshot.auto.trigger.threshold = 50 (custom)
2020-11-19 13:22:04,390 [pool-42-thread-1] INFO  server.RaftServerConfigKeys (ConfUtils.java:logGet(44)) - raft.server.snapshot.retention.file.num = -1 (default)
2020-11-19 13:22:04,390 [pool-42-thread-1] INFO  server.RaftServerConfigKeys (ConfUtils.java:logGet(44)) - raft.server.log.purge.upto.snapshot.index = true (custom)
2020-11-19 13:22:04,390 [pool-42-thread-1] INFO  server.RaftServerConfigKeys (ConfUtils.java:logGet(44)) - raft.server.retrycache.expirytime = 600000ms (custom)
2020-11-19 13:22:04,391 [pool-42-thread-1] INFO  metrics.RatisMetrics (RatisMetrics.java:lambda$create$0(36)) - Creating Metrics Registry : ratis.leader_election.omNode-2@group-523986131536
2020-11-19 13:22:04,391 [pool-42-thread-1] INFO  metrics.RatisMetrics (RatisMetrics.java:lambda$create$0(36)) - Creating Metrics Registry : ratis.server.omNode-2@group-523986131536
2020-11-19 13:22:04,410 [Listener at 127.0.0.1/12754] INFO  impl.MetricsSystemImpl (MetricsSystemImpl.java:init(158)) - OzoneManager metrics system started (again)
2020-11-19 13:22:04,411 [Listener at 127.0.0.1/12754] INFO  om.OzoneManager (OzoneManager.java:start(1144)) - OzoneManager RPC server is listening at localhost/127.0.0.1:12754
2020-11-19 13:22:04,411 [Listener at 127.0.0.1/12754] INFO  ratis.OzoneManagerRatisServer (OzoneManagerRatisServer.java:start(372)) - Starting OzoneManagerRatisServer omNode-2 at port 12758
2020-11-19 13:22:04,411 [Listener at 127.0.0.1/12754] INFO  impl.RaftServerImpl (RaftServerImpl.java:start(209)) - omNode-2@group-523986131536: start as a follower, conf=-1: [omNode-3:localhost:12764:0, omNode-1:localhost:12752:0, omNode-2:localhost:12758:0], old=null
2020-11-19 13:22:04,412 [Listener at 127.0.0.1/12754] INFO  impl.RaftServerImpl (RaftServerImpl.java:setRole(198)) - omNode-2@group-523986131536: changes role from      null to FOLLOWER at term 0 for startAsFollower
2020-11-19 13:22:04,412 [Listener at 127.0.0.1/12754] INFO  impl.RoleInfo (RoleInfo.java:updateAndGet(143)) - omNode-2: start FollowerState
2020-11-19 13:22:04,414 [Listener at 127.0.0.1/12754] INFO  util.JmxRegister (JmxRegister.java:tryRegister(44)) - Successfully registered JMX Bean with object name Ratis:service=RaftServer,group=group-523986131536,id=omNode-2
2020-11-19 13:22:04,414 [Listener at 127.0.0.1/12754] INFO  metrics.RatisMetrics (RatisMetrics.java:lambda$create$0(36)) - Creating Metrics Registry : ratis.state_machine.omNode-2@group-523986131536
2020-11-19 13:22:04,421 [Listener at 127.0.0.1/12754] INFO  impl.RaftServerProxy (RaftServerProxy.java:lambda$start$3(307)) - omNode-2: start RPC server
2020-11-19 13:22:04,423 [Listener at 127.0.0.1/12754] INFO  server.GrpcService (GrpcService.java:startImpl(177)) - omNode-2: GrpcService started, listening on 0.0.0.0/0.0.0.0:12758
2020-11-19 13:22:04,428 [Listener at 127.0.0.1/12754] INFO  http.BaseHttpServer (BaseHttpServer.java:newHttpServer2BuilderForOzone(207)) - Starting Web-server for ozoneManager at: http://0.0.0.0:12756
2020-11-19 13:22:04,428 [Listener at 127.0.0.1/12754] INFO  http.BaseHttpServer (BaseHttpServer.java:<init>(106)) - Hadoop Security Enabled: false Ozone Security Enabled: false Ozone HTTP Security Enabled: false 
2020-11-19 13:22:04,429 [Listener at 127.0.0.1/12754] INFO  server.AuthenticationFilter (AuthenticationFilter.java:constructSecretProvider(240)) - Unable to initialize FileSignerSecretProvider, falling back to use random secrets.
2020-11-19 13:22:04,430 [Listener at 127.0.0.1/12754] WARN  http.HttpRequestLog (HttpRequestLog.java:getRequestLog(103)) - Jetty request log can only be enabled using Log4j
2020-11-19 13:22:04,431 [Listener at 127.0.0.1/12754] INFO  http.HttpServer2 (HttpServer2.java:addGlobalFilter(1019)) - Added global filter 'safety' (class=org.apache.hadoop.hdds.server.http.HttpServer2$QuotingInputFilter)
2020-11-19 13:22:04,432 [Listener at 127.0.0.1/12754] INFO  http.HttpServer2 (HttpServer2.java:addFilter(995)) - Added filter static_user_filter (class=org.apache.hadoop.http.lib.StaticUserWebFilter$StaticUserFilter) to context ozoneManager
2020-11-19 13:22:04,432 [Listener at 127.0.0.1/12754] INFO  http.HttpServer2 (HttpServer2.java:addFilter(1003)) - Added filter static_user_filter (class=org.apache.hadoop.http.lib.StaticUserWebFilter$StaticUserFilter) to context static
2020-11-19 13:22:04,432 [Listener at 127.0.0.1/12754] INFO  http.HttpServer2 (HttpServer2.java:addFilter(1003)) - Added filter static_user_filter (class=org.apache.hadoop.http.lib.StaticUserWebFilter$StaticUserFilter) to context logs
2020-11-19 13:22:04,433 [Listener at 127.0.0.1/12754] INFO  http.HttpServer2 (HttpServer2.java:bindListener(1237)) - Jetty bound to port 12756
2020-11-19 13:22:04,433 [Listener at 127.0.0.1/12754] INFO  server.Server (Server.java:doStart(375)) - jetty-9.4.34.v20201102; built: 2020-11-02T14:15:39.302Z; git: e46af88704a893fc12cb0e3bf46e2c7b48a009e7; jvm 1.8.0_232-b09
2020-11-19 13:22:04,435 [Listener at 127.0.0.1/12754] INFO  server.session (DefaultSessionIdManager.java:doStart(334)) - DefaultSessionIdManager workerName=node0
2020-11-19 13:22:04,435 [Listener at 127.0.0.1/12754] INFO  server.session (DefaultSessionIdManager.java:doStart(339)) - No SessionScavenger set, using defaults
2020-11-19 13:22:04,435 [Listener at 127.0.0.1/12754] INFO  server.session (HouseKeeper.java:startScavenging(132)) - node0 Scavenging every 600000ms
2020-11-19 13:22:04,438 [Listener at 127.0.0.1/12754] INFO  handler.ContextHandler (ContextHandler.java:doStart(916)) - Started o.e.j.s.ServletContextHandler@3a63d10e{logs,/logs,file:///github/workspace/mnt/ozone/hadoop-ozone/integration-test/target/log,AVAILABLE}
2020-11-19 13:22:04,439 [Listener at 127.0.0.1/12754] INFO  handler.ContextHandler (ContextHandler.java:doStart(916)) - Started o.e.j.s.ServletContextHandler@6b2a2b96{static,/static,file:///github/workspace/mnt/ozone/hadoop-ozone/integration-test/target/test-classes/webapps/static,AVAILABLE}
2020-11-19 13:22:04,443 [Listener at 127.0.0.1/12754] INFO  handler.ContextHandler (ContextHandler.java:doStart(916)) - Started o.e.j.w.WebAppContext@1afc144e{ozoneManager,/,file:///github/workspace/mnt/ozone/hadoop-ozone/integration-test/target/test-classes/webapps/ozoneManager/,AVAILABLE}{file:/github/workspace/mnt/ozone/hadoop-ozone/integration-test/target/test-classes/webapps/ozoneManager}
2020-11-19 13:22:04,450 [Listener at 127.0.0.1/12754] INFO  server.AbstractConnector (AbstractConnector.java:doStart(331)) - Started ServerConnector@e627d15{HTTP/1.1, (http/1.1)}{0.0.0.0:12756}
2020-11-19 13:22:04,450 [Listener at 127.0.0.1/12754] INFO  server.Server (Server.java:doStart(415)) - Started @5086ms
2020-11-19 13:22:04,451 [Listener at 127.0.0.1/12754] WARN  impl.MetricsSystemImpl (MetricsSystemImpl.java:register(276)) - Sink prometheus already exists!
2020-11-19 13:22:04,453 [Listener at 127.0.0.1/12754] INFO  http.BaseHttpServer (BaseHttpServer.java:updateConnectorAddress(327)) - HTTP server of ozoneManager listening at http://0.0.0.0:12756
2020-11-19 13:22:04,453 [IPC Server Responder] INFO  ipc.Server (Server.java:run(1460)) - IPC Server Responder: starting
2020-11-19 13:22:04,458 [IPC Server listener on 12754] INFO  ipc.Server (Server.java:run(1298)) - IPC Server listener on 12754: starting
2020-11-19 13:22:04,467 [Listener at 127.0.0.1/12754] INFO  om.OzoneManager (OzoneManager.java:startTrashEmptier(1269)) - Trash Interval set to 0. Files deleted will not move to trash
2020-11-19 13:22:04,467 [Listener at 127.0.0.1/12754] INFO  ozone.MiniOzoneHAClusterImpl (MiniOzoneHAClusterImpl.java:createOMService(380)) - Started OzoneManager RPC server at localhost/127.0.0.1:12754
2020-11-19 13:22:04,467 [org.apache.hadoop.util.JvmPauseMonitor$Monitor@2c2609b7] INFO  util.JvmPauseMonitor (JvmPauseMonitor.java:run(188)) - Starting JVM pause monitor
2020-11-19 13:22:04,468 [Listener at 127.0.0.1/12754] WARN  server.ServerUtils (ServerUtils.java:getDBPath(225)) - ozone.om.db.dirs is not configured. We recommend adding this setting. Falling back to ozone.metadata.dirs instead.
2020-11-19 13:22:04,470 [Listener at 127.0.0.1/12754] INFO  ha.OMHANodeDetails (OMHANodeDetails.java:loadOMHAConfig(110)) - ServiceID for OzoneManager is om-service-test1
2020-11-19 13:22:04,475 [Listener at 127.0.0.1/12754] INFO  ha.OMHANodeDetails (OMHANodeDetails.java:loadOMHAConfig(188)) - Found matching OM address with OMServiceId: om-service-test1, OMNodeId: omNode-3, RPC Address: localhost:12760 and Ratis port: 12764
2020-11-19 13:22:04,475 [Listener at 127.0.0.1/12754] INFO  ha.OMHANodeDetails (OMHANodeDetails.java:setOMNodeSpecificConfigs(314)) - Setting configuration key ozone.om.http-address with value of key ozone.om.http-address.omNode-3: 127.0.0.1:12762
2020-11-19 13:22:04,475 [Listener at 127.0.0.1/12754] INFO  ha.OMHANodeDetails (OMHANodeDetails.java:setOMNodeSpecificConfigs(314)) - Setting configuration key ozone.om.https-address with value of key ozone.om.https-address.omNode-3: 127.0.0.1:12763
2020-11-19 13:22:04,478 [Listener at 127.0.0.1/12754] INFO  ha.OMHANodeDetails (OMHANodeDetails.java:setOMNodeSpecificConfigs(314)) - Setting configuration key ozone.om.address with value of key ozone.om.address.omNode-3: 127.0.0.1:12760
2020-11-19 13:22:04,478 [Listener at 127.0.0.1/12754] WARN  server.ServerUtils (ServerUtils.java:getDBPath(225)) - ozone.om.db.dirs is not configured. We recommend adding this setting. Falling back to ozone.metadata.dirs instead.
2020-11-19 13:22:04,479 [Listener at 127.0.0.1/12754] WARN  server.ServerUtils (ServerUtils.java:getDBPath(225)) - ozone.om.db.dirs is not configured. We recommend adding this setting. Falling back to ozone.metadata.dirs instead.
2020-11-19 13:22:04,484 [Listener at 127.0.0.1/12754] WARN  server.ServerUtils (ServerUtils.java:getDBPath(225)) - ozone.om.db.dirs is not configured. We recommend adding this setting. Falling back to ozone.metadata.dirs instead.
2020-11-19 13:22:04,484 [Listener at 127.0.0.1/12754] INFO  codec.OmKeyInfoCodec (OmKeyInfoCodec.java:<init>(41)) - OmKeyInfoCodec ignorePipeline = true
2020-11-19 13:22:04,485 [Listener at 127.0.0.1/12754] INFO  codec.RepeatedOmKeyInfoCodec (RepeatedOmKeyInfoCodec.java:<init>(40)) - RepeatedOmKeyInfoCodec ignorePipeline = true
2020-11-19 13:22:04,533 [Listener at 127.0.0.1/12754] INFO  om.OzoneManager (OzoneManager.java:addS3GVolumeToDB(3741)) - Created Volume s3v With Owner jenkins1001 required for S3Gateway operations.
2020-11-19 13:22:04,534 [Listener at 127.0.0.1/12754] WARN  server.ServerUtils (ServerUtils.java:getDefaultRatisDirectory(237)) - Storage directory for Ratis is not configured. It is a good idea to map this to an SSD disk. Falling back to ozone.metadata.dirs
2020-11-19 13:22:04,534 [Listener at 127.0.0.1/12754] INFO  ratis.OzoneManagerRatisServer (OzoneManagerRatisServer.java:<init>(270)) - Instantiating OM Ratis server with GroupID: om-service-test1 and Raft Peers: localhost:12764, localhost:12752, localhost:12758
2020-11-19 13:22:04,534 [Listener at 127.0.0.1/12754] INFO  ratis.OzoneManagerStateMachine (OzoneManagerStateMachine.java:loadSnapshotInfoFromDB(519)) - LastAppliedIndex is set from TransactionInfo from OM DB as (t:0, i:~)
2020-11-19 13:22:04,535 [Listener at 127.0.0.1/12754] INFO  impl.RaftServerProxy (ConfUtils.java:logGet(44)) - raft.rpc.type = GRPC (default)
2020-11-19 13:22:04,535 [Listener at 127.0.0.1/12754] INFO  grpc.GrpcFactory (GrpcFactory.java:checkPooledByteBufAllocatorUseCacheForAllThreads(45)) - PERFORMANCE WARNING: useCacheForAllThreads is true that may cause Netty to create a lot garbage objects and, as a result, trigger GC.
	It is recommended to disable useCacheForAllThreads by setting -Dorg.apache.ratis.thirdparty.io.netty.allocator.useCacheForAllThreads=false in command line.
2020-11-19 13:22:04,535 [Listener at 127.0.0.1/12754] INFO  grpc.GrpcConfigKeys (ConfUtils.java:logGet(44)) - raft.grpc.server.port = 12764 (custom)
2020-11-19 13:22:04,535 [Listener at 127.0.0.1/12754] INFO  server.GrpcService (ConfUtils.java:logGet(44)) - raft.grpc.message.size.max = 33554432 (custom)
2020-11-19 13:22:04,535 [Listener at 127.0.0.1/12754] INFO  server.RaftServerConfigKeys (ConfUtils.java:logGet(44)) - raft.server.log.appender.buffer.byte-limit = 33554432 (custom)
2020-11-19 13:22:04,536 [Listener at 127.0.0.1/12754] INFO  server.GrpcService (ConfUtils.java:logGet(44)) - raft.grpc.flow.control.window = 1MB (=1048576) (default)
2020-11-19 13:22:04,536 [Listener at 127.0.0.1/12754] INFO  server.RaftServerConfigKeys (ConfUtils.java:logGet(44)) - raft.server.rpc.request.timeout = 3000ms (default)
2020-11-19 13:22:04,537 [Listener at 127.0.0.1/12754] INFO  server.RaftServerConfigKeys (ConfUtils.java:logGet(44)) - raft.server.storage.dir = [/github/workspace/mnt/ozone/hadoop-ozone/integration-test/target/test-dir/MiniOzoneClusterImpl-6709ef09-1056-4c4b-8c83-ecdc17148cc3/omNode-3/ratis] (custom)
2020-11-19 13:22:04,537 [Listener at 127.0.0.1/12754] INFO  impl.RaftServerProxy (RaftServerProxy.java:addNew(92)) - omNode-3: addNew group-523986131536:[omNode-3:localhost:12764:0, omNode-1:localhost:12752:0, omNode-2:localhost:12758:0] returns group-523986131536:java.util.concurrent.CompletableFuture@19e7dacb[Not completed]
2020-11-19 13:22:04,538 [pool-58-thread-1] INFO  impl.RaftServerImpl (RaftServerImpl.java:<init>(120)) - omNode-3: new RaftServerImpl for group-523986131536:[omNode-3:localhost:12764:0, omNode-1:localhost:12752:0, omNode-2:localhost:12758:0] with OzoneManagerStateMachine:uninitialized
2020-11-19 13:22:04,538 [Listener at 127.0.0.1/12754] INFO  om.OzoneManager (OzoneManager.java:initializeRatisServer(1336)) - OzoneManager Ratis server initialized at port 12764
2020-11-19 13:22:04,538 [Listener at 127.0.0.1/12754] WARN  server.ServerUtils (ServerUtils.java:getDefaultRatisDirectory(237)) - Storage directory for Ratis is not configured. It is a good idea to map this to an SSD disk. Falling back to ozone.metadata.dirs
2020-11-19 13:22:04,538 [Listener at 127.0.0.1/12754] WARN  server.ServerUtils (ServerUtils.java:getDefaultRatisDirectory(237)) - Storage directory for Ratis is not configured. It is a good idea to map this to an SSD disk. Falling back to ozone.metadata.dirs
2020-11-19 13:22:04,539 [Listener at 127.0.0.1/12754] INFO  snapshot.OzoneManagerSnapshotProvider (OzoneManagerSnapshotProvider.java:<init>(77)) - Initializing OM Snapshot Provider
2020-11-19 13:22:04,540 [pool-58-thread-1] INFO  server.RaftServerConfigKeys (ConfUtils.java:logGet(44)) - raft.server.rpc.timeout.min = 1s (custom)
2020-11-19 13:22:04,540 [pool-58-thread-1] INFO  server.RaftServerConfigKeys (ConfUtils.java:logGet(44)) - raft.server.rpc.timeout.max = 1200ms (custom)
2020-11-19 13:22:04,540 [pool-58-thread-1] INFO  server.RaftServerConfigKeys (ConfUtils.java:logGet(44)) - raft.server.rpcslowness.timeout = 2s (custom)
2020-11-19 13:22:04,541 [pool-58-thread-1] INFO  server.RaftServerConfigKeys (ConfUtils.java:logGet(44)) - raft.server.sleep.deviation.threshold = 300 (default)
2020-11-19 13:22:04,541 [pool-58-thread-1] INFO  server.RaftServerConfigKeys (ConfUtils.java:logGet(44)) - raft.server.log.appender.install.snapshot.enabled = false (custom)
2020-11-19 13:22:04,541 [pool-58-thread-1] INFO  impl.RaftServerImpl (ServerState.java:<init>(104)) - omNode-3@group-523986131536: ConfigurationManager, init=-1: [omNode-3:localhost:12764:0, omNode-1:localhost:12752:0, omNode-2:localhost:12758:0], old=null, confs=<EMPTY_MAP>
2020-11-19 13:22:04,541 [pool-58-thread-1] INFO  server.RaftServerConfigKeys (ConfUtils.java:logGet(44)) - raft.server.storage.dir = [/github/workspace/mnt/ozone/hadoop-ozone/integration-test/target/test-dir/MiniOzoneClusterImpl-6709ef09-1056-4c4b-8c83-ecdc17148cc3/omNode-3/ratis] (custom)
2020-11-19 13:22:04,541 [pool-58-thread-1] INFO  server.RaftServerConfigKeys (ConfUtils.java:logGet(44)) - raft.server.log.corruption.policy = EXCEPTION (default)
2020-11-19 13:22:04,541 [pool-58-thread-1] INFO  storage.RaftStorageDirectory (RaftStorageDirectory.java:analyzeStorage(261)) - The storage directory /github/workspace/mnt/ozone/hadoop-ozone/integration-test/target/test-dir/MiniOzoneClusterImpl-6709ef09-1056-4c4b-8c83-ecdc17148cc3/omNode-3/ratis/c9bc4cf4-3bc3-3c60-a66b-523986131536 does not exist. Creating ...
2020-11-19 13:22:04,542 [pool-58-thread-1] INFO  storage.RaftStorageDirectory (RaftStorageDirectory.java:tryLock(343)) - Lock on /github/workspace/mnt/ozone/hadoop-ozone/integration-test/target/test-dir/MiniOzoneClusterImpl-6709ef09-1056-4c4b-8c83-ecdc17148cc3/omNode-3/ratis/c9bc4cf4-3bc3-3c60-a66b-523986131536/in_use.lock acquired by nodename 24697@890f8149b140
2020-11-19 13:22:04,543 [Listener at 127.0.0.1/12754] INFO  ipc.CallQueueManager (CallQueueManager.java:<init>(84)) - Using callQueue: class java.util.concurrent.LinkedBlockingQueue, queueCapacity: 2000, scheduler: class org.apache.hadoop.ipc.DefaultRpcScheduler, ipcBackoff: false.
2020-11-19 13:22:04,543 [pool-58-thread-1] INFO  storage.RaftStorage (RaftStorage.java:format(84)) - Storage directory /github/workspace/mnt/ozone/hadoop-ozone/integration-test/target/test-dir/MiniOzoneClusterImpl-6709ef09-1056-4c4b-8c83-ecdc17148cc3/omNode-3/ratis/c9bc4cf4-3bc3-3c60-a66b-523986131536 has been successfully formatted.
2020-11-19 13:22:04,546 [pool-58-thread-1] INFO  server.RaftServerConfigKeys (ConfUtils.java:logGet(44)) - raft.server.notification.no-leader.timeout = 2s (custom)
2020-11-19 13:22:04,546 [pool-58-thread-1] INFO  server.RaftServerConfigKeys (ConfUtils.java:logGet(44)) - raft.server.log.use.memory = false (default)
2020-11-19 13:22:04,546 [pool-58-thread-1] INFO  server.RaftServerConfigKeys (ConfUtils.java:logGet(44)) - raft.server.log.purge.gap = 50 (custom)
2020-11-19 13:22:04,546 [pool-58-thread-1] INFO  metrics.RatisMetrics (RatisMetrics.java:lambda$create$0(36)) - Creating Metrics Registry : ratis.log_worker.omNode-3@group-523986131536
2020-11-19 13:22:04,546 [pool-58-thread-1] INFO  server.RaftServerConfigKeys (ConfUtils.java:logGet(44)) - raft.server.log.appender.buffer.byte-limit = 33554432 (custom)
2020-11-19 13:22:04,547 [pool-58-thread-1] INFO  server.RaftServerConfigKeys (ConfUtils.java:logGet(44)) - raft.server.log.segment.size.max = 4194304 (custom)
2020-11-19 13:22:04,547 [pool-58-thread-1] INFO  server.RaftServerConfigKeys (ConfUtils.java:logGet(44)) - raft.server.log.segment.cache.num.max = 2 (custom)
2020-11-19 13:22:04,547 [pool-58-thread-1] INFO  segmented.SegmentedRaftLogWorker (SegmentedRaftLogWorker.java:<init>(180)) - new omNode-3@group-523986131536-SegmentedRaftLogWorker for RaftStorage:Storage Directory /github/workspace/mnt/ozone/hadoop-ozone/integration-test/target/test-dir/MiniOzoneClusterImpl-6709ef09-1056-4c4b-8c83-ecdc17148cc3/omNode-3/ratis/c9bc4cf4-3bc3-3c60-a66b-523986131536
2020-11-19 13:22:04,547 [pool-58-thread-1] INFO  server.RaftServerConfigKeys (ConfUtils.java:logGet(44)) - raft.server.log.queue.byte-limit = 64MB (=67108864) (default)
2020-11-19 13:22:04,548 [pool-58-thread-1] INFO  server.RaftServerConfigKeys (ConfUtils.java:logGet(44)) - raft.server.log.queue.element-limit = 4096 (default)
2020-11-19 13:22:04,548 [pool-58-thread-1] INFO  server.RaftServerConfigKeys (ConfUtils.java:logGet(44)) - raft.server.log.segment.size.max = 4194304 (custom)
2020-11-19 13:22:04,548 [pool-58-thread-1] INFO  server.RaftServerConfigKeys (ConfUtils.java:logGet(44)) - raft.server.log.preallocated.size = 4194304 (custom)
2020-11-19 13:22:04,548 [pool-58-thread-1] INFO  server.RaftServerConfigKeys (ConfUtils.java:logGet(44)) - raft.server.log.write.buffer.size = 64KB (=65536) (default)
2020-11-19 13:22:04,548 [pool-58-thread-1] INFO  server.RaftServerConfigKeys (ConfUtils.java:logGet(44)) - raft.server.log.force.sync.num = 128 (default)
2020-11-19 13:22:04,548 [pool-58-thread-1] INFO  server.RaftServerConfigKeys (ConfUtils.java:logGet(44)) - raft.server.log.statemachine.data.sync = true (default)
2020-11-19 13:22:04,548 [pool-58-thread-1] INFO  server.RaftServerConfigKeys (ConfUtils.java:logGet(44)) - raft.server.log.statemachine.data.sync.timeout = 10s (default)
2020-11-19 13:22:04,548 [pool-58-thread-1] INFO  server.RaftServerConfigKeys (ConfUtils.java:logGet(44)) - raft.server.log.statemachine.data.sync.timeout.retry = -1 (default)
2020-11-19 13:22:04,550 [Socket Reader #1 for port 12760] INFO  ipc.Server (Server.java:run(1219)) - Starting Socket Reader #1 for port 12760
2020-11-19 13:22:04,551 [pool-58-thread-1] INFO  server.RaftServerConfigKeys (ConfUtils.java:logGet(44)) - raft.server.log.statemachine.data.caching.enabled = false (default)
2020-11-19 13:22:04,554 [pool-58-thread-1] INFO  segmented.SegmentedRaftLogWorker (SegmentedRaftLogWorker.java:lambda$new$0(129)) - omNode-3@group-523986131536-SegmentedRaftLogWorker: flushIndex: setUnconditionally 0 -> -1
2020-11-19 13:22:04,554 [pool-58-thread-1] INFO  segmented.SegmentedRaftLogWorker (SegmentedRaftLogWorker.java:lambda$new$0(129)) - omNode-3@group-523986131536-SegmentedRaftLogWorker: safeCacheEvictIndex: setUnconditionally 0 -> -1
2020-11-19 13:22:04,555 [pool-58-thread-1] INFO  server.RaftServerConfigKeys (ConfUtils.java:logGet(44)) - raft.server.snapshot.auto.trigger.enabled = true (custom)
2020-11-19 13:22:04,558 [pool-58-thread-1] INFO  server.RaftServerConfigKeys (ConfUtils.java:logGet(44)) - raft.server.snapshot.auto.trigger.threshold = 50 (custom)
2020-11-19 13:22:04,558 [pool-58-thread-1] INFO  server.RaftServerConfigKeys (ConfUtils.java:logGet(44)) - raft.server.snapshot.retention.file.num = -1 (default)
2020-11-19 13:22:04,558 [pool-58-thread-1] INFO  server.RaftServerConfigKeys (ConfUtils.java:logGet(44)) - raft.server.log.purge.upto.snapshot.index = true (custom)
2020-11-19 13:22:04,558 [pool-58-thread-1] INFO  server.RaftServerConfigKeys (ConfUtils.java:logGet(44)) - raft.server.retrycache.expirytime = 600000ms (custom)
2020-11-19 13:22:04,558 [pool-58-thread-1] INFO  metrics.RatisMetrics (RatisMetrics.java:lambda$create$0(36)) - Creating Metrics Registry : ratis.leader_election.omNode-3@group-523986131536
2020-11-19 13:22:04,559 [pool-58-thread-1] INFO  metrics.RatisMetrics (RatisMetrics.java:lambda$create$0(36)) - Creating Metrics Registry : ratis.server.omNode-3@group-523986131536
2020-11-19 13:22:04,577 [Listener at 127.0.0.1/12760] INFO  impl.MetricsSystemImpl (MetricsSystemImpl.java:init(158)) - OzoneManager metrics system started (again)
2020-11-19 13:22:04,581 [Listener at 127.0.0.1/12760] INFO  om.OzoneManager (OzoneManager.java:start(1144)) - OzoneManager RPC server is listening at localhost/127.0.0.1:12760
2020-11-19 13:22:04,581 [Listener at 127.0.0.1/12760] INFO  ratis.OzoneManagerRatisServer (OzoneManagerRatisServer.java:start(372)) - Starting OzoneManagerRatisServer omNode-3 at port 12764
2020-11-19 13:22:04,581 [Listener at 127.0.0.1/12760] INFO  impl.RaftServerImpl (RaftServerImpl.java:start(209)) - omNode-3@group-523986131536: start as a follower, conf=-1: [omNode-3:localhost:12764:0, omNode-1:localhost:12752:0, omNode-2:localhost:12758:0], old=null
2020-11-19 13:22:04,581 [Listener at 127.0.0.1/12760] INFO  impl.RaftServerImpl (RaftServerImpl.java:setRole(198)) - omNode-3@group-523986131536: changes role from      null to FOLLOWER at term 0 for startAsFollower
2020-11-19 13:22:04,582 [Listener at 127.0.0.1/12760] INFO  impl.RoleInfo (RoleInfo.java:updateAndGet(143)) - omNode-3: start FollowerState
2020-11-19 13:22:04,582 [Listener at 127.0.0.1/12760] INFO  util.JmxRegister (JmxRegister.java:tryRegister(44)) - Successfully registered JMX Bean with object name Ratis:service=RaftServer,group=group-523986131536,id=omNode-3
2020-11-19 13:22:04,582 [Listener at 127.0.0.1/12760] INFO  metrics.RatisMetrics (RatisMetrics.java:lambda$create$0(36)) - Creating Metrics Registry : ratis.state_machine.omNode-3@group-523986131536
2020-11-19 13:22:04,590 [Listener at 127.0.0.1/12760] INFO  impl.RaftServerProxy (RaftServerProxy.java:lambda$start$3(307)) - omNode-3: start RPC server
2020-11-19 13:22:04,592 [Listener at 127.0.0.1/12760] INFO  server.GrpcService (GrpcService.java:startImpl(177)) - omNode-3: GrpcService started, listening on 0.0.0.0/0.0.0.0:12764
2020-11-19 13:22:04,599 [Listener at 127.0.0.1/12760] INFO  http.BaseHttpServer (BaseHttpServer.java:newHttpServer2BuilderForOzone(207)) - Starting Web-server for ozoneManager at: http://0.0.0.0:12762
2020-11-19 13:22:04,599 [Listener at 127.0.0.1/12760] INFO  http.BaseHttpServer (BaseHttpServer.java:<init>(106)) - Hadoop Security Enabled: false Ozone Security Enabled: false Ozone HTTP Security Enabled: false 
2020-11-19 13:22:04,601 [Listener at 127.0.0.1/12760] INFO  server.AuthenticationFilter (AuthenticationFilter.java:constructSecretProvider(240)) - Unable to initialize FileSignerSecretProvider, falling back to use random secrets.
2020-11-19 13:22:04,603 [Listener at 127.0.0.1/12760] WARN  http.HttpRequestLog (HttpRequestLog.java:getRequestLog(103)) - Jetty request log can only be enabled using Log4j
2020-11-19 13:22:04,604 [Listener at 127.0.0.1/12760] INFO  http.HttpServer2 (HttpServer2.java:addGlobalFilter(1019)) - Added global filter 'safety' (class=org.apache.hadoop.hdds.server.http.HttpServer2$QuotingInputFilter)
2020-11-19 13:22:04,605 [Listener at 127.0.0.1/12760] INFO  http.HttpServer2 (HttpServer2.java:addFilter(995)) - Added filter static_user_filter (class=org.apache.hadoop.http.lib.StaticUserWebFilter$StaticUserFilter) to context ozoneManager
2020-11-19 13:22:04,605 [Listener at 127.0.0.1/12760] INFO  http.HttpServer2 (HttpServer2.java:addFilter(1003)) - Added filter static_user_filter (class=org.apache.hadoop.http.lib.StaticUserWebFilter$StaticUserFilter) to context logs
2020-11-19 13:22:04,605 [Listener at 127.0.0.1/12760] INFO  http.HttpServer2 (HttpServer2.java:addFilter(1003)) - Added filter static_user_filter (class=org.apache.hadoop.http.lib.StaticUserWebFilter$StaticUserFilter) to context static
2020-11-19 13:22:04,608 [Listener at 127.0.0.1/12760] INFO  http.HttpServer2 (HttpServer2.java:bindListener(1237)) - Jetty bound to port 12762
2020-11-19 13:22:04,608 [Listener at 127.0.0.1/12760] INFO  server.Server (Server.java:doStart(375)) - jetty-9.4.34.v20201102; built: 2020-11-02T14:15:39.302Z; git: e46af88704a893fc12cb0e3bf46e2c7b48a009e7; jvm 1.8.0_232-b09
2020-11-19 13:22:04,616 [Listener at 127.0.0.1/12760] INFO  server.session (DefaultSessionIdManager.java:doStart(334)) - DefaultSessionIdManager workerName=node0
2020-11-19 13:22:04,616 [Listener at 127.0.0.1/12760] INFO  server.session (DefaultSessionIdManager.java:doStart(339)) - No SessionScavenger set, using defaults
2020-11-19 13:22:04,616 [Listener at 127.0.0.1/12760] INFO  server.session (HouseKeeper.java:startScavenging(132)) - node0 Scavenging every 660000ms
2020-11-19 13:22:04,617 [Listener at 127.0.0.1/12760] INFO  handler.ContextHandler (ContextHandler.java:doStart(916)) - Started o.e.j.s.ServletContextHandler@1be40a31{logs,/logs,file:///github/workspace/mnt/ozone/hadoop-ozone/integration-test/target/log,AVAILABLE}
2020-11-19 13:22:04,617 [Listener at 127.0.0.1/12760] INFO  handler.ContextHandler (ContextHandler.java:doStart(916)) - Started o.e.j.s.ServletContextHandler@45b67211{static,/static,file:///github/workspace/mnt/ozone/hadoop-ozone/integration-test/target/test-classes/webapps/static,AVAILABLE}
2020-11-19 13:22:04,625 [Listener at 127.0.0.1/12760] INFO  handler.ContextHandler (ContextHandler.java:doStart(916)) - Started o.e.j.w.WebAppContext@13c10041{ozoneManager,/,file:///github/workspace/mnt/ozone/hadoop-ozone/integration-test/target/test-classes/webapps/ozoneManager/,AVAILABLE}{file:/github/workspace/mnt/ozone/hadoop-ozone/integration-test/target/test-classes/webapps/ozoneManager}
2020-11-19 13:22:04,629 [Listener at 127.0.0.1/12760] INFO  server.AbstractConnector (AbstractConnector.java:doStart(331)) - Started ServerConnector@45748856{HTTP/1.1, (http/1.1)}{0.0.0.0:12762}
2020-11-19 13:22:04,630 [Listener at 127.0.0.1/12760] INFO  server.Server (Server.java:doStart(415)) - Started @5266ms
2020-11-19 13:22:04,630 [Listener at 127.0.0.1/12760] WARN  impl.MetricsSystemImpl (MetricsSystemImpl.java:register(276)) - Sink prometheus already exists!
2020-11-19 13:22:04,632 [Listener at 127.0.0.1/12760] INFO  http.BaseHttpServer (BaseHttpServer.java:updateConnectorAddress(327)) - HTTP server of ozoneManager listening at http://0.0.0.0:12762
2020-11-19 13:22:04,633 [IPC Server Responder] INFO  ipc.Server (Server.java:run(1460)) - IPC Server Responder: starting
2020-11-19 13:22:04,633 [IPC Server listener on 12760] INFO  ipc.Server (Server.java:run(1298)) - IPC Server listener on 12760: starting
2020-11-19 13:22:04,642 [Listener at 127.0.0.1/12760] INFO  om.OzoneManager (OzoneManager.java:startTrashEmptier(1269)) - Trash Interval set to 0. Files deleted will not move to trash
2020-11-19 13:22:04,642 [Listener at 127.0.0.1/12760] INFO  ozone.MiniOzoneHAClusterImpl (MiniOzoneHAClusterImpl.java:createOMService(380)) - Started OzoneManager RPC server at localhost/127.0.0.1:12760
2020-11-19 13:22:04,654 [org.apache.hadoop.util.JvmPauseMonitor$Monitor@66b196e1] INFO  util.JvmPauseMonitor (JvmPauseMonitor.java:run(188)) - Starting JVM pause monitor
2020-11-19 13:22:04,764 [Listener at 127.0.0.1/12760] INFO  impl.MetricsSystemImpl (MetricsSystemImpl.java:init(158)) - HddsDatanode metrics system started (again)
2020-11-19 13:22:04,769 [Listener at 127.0.0.1/12760] INFO  ozone.HddsDatanodeService (HddsDatanodeService.java:start(217)) - HddsDatanodeService host:890f8149b140 ip:172.17.0.2
2020-11-19 13:22:04,814 [Listener at 127.0.0.1/12760] INFO  volume.HddsVolume (HddsVolume.java:<init>(176)) - Creating Volume: /github/workspace/mnt/ozone/hadoop-ozone/integration-test/target/test-dir/MiniOzoneClusterImpl-6709ef09-1056-4c4b-8c83-ecdc17148cc3/datanode-0/data-0/containers/hdds of storage type : DISK and capacity : 9223372036854775807
2020-11-19 13:22:04,816 [Listener at 127.0.0.1/12760] INFO  volume.MutableVolumeSet (MutableVolumeSet.java:initializeVolumeSet(179)) - Added Volume : /github/workspace/mnt/ozone/hadoop-ozone/integration-test/target/test-dir/MiniOzoneClusterImpl-6709ef09-1056-4c4b-8c83-ecdc17148cc3/datanode-0/data-0/containers/hdds to VolumeSet
2020-11-19 13:22:04,817 [Listener at 127.0.0.1/12760] INFO  volume.ThrottledAsyncChecker (ThrottledAsyncChecker.java:schedule(141)) - Scheduling a check for /github/workspace/mnt/ozone/hadoop-ozone/integration-test/target/test-dir/MiniOzoneClusterImpl-6709ef09-1056-4c4b-8c83-ecdc17148cc3/datanode-0/data-0/containers/hdds
2020-11-19 13:22:04,860 [Listener at 127.0.0.1/12760] INFO  volume.HddsVolumeChecker (HddsVolumeChecker.java:checkAllVolumes(200)) - Scheduled health check for volume /github/workspace/mnt/ozone/hadoop-ozone/integration-test/target/test-dir/MiniOzoneClusterImpl-6709ef09-1056-4c4b-8c83-ecdc17148cc3/datanode-0/data-0/containers/hdds
2020-11-19 13:22:04,880 [Thread-208] INFO  ozoneimpl.ContainerReader (ContainerReader.java:readVolume(123)) - Start to verify containers on volume /github/workspace/mnt/ozone/hadoop-ozone/integration-test/target/test-dir/MiniOzoneClusterImpl-6709ef09-1056-4c4b-8c83-ecdc17148cc3/datanode-0/data-0/containers/hdds
2020-11-19 13:22:04,880 [Thread-208] INFO  ozoneimpl.ContainerReader (ContainerReader.java:readVolume(148)) - Finish verifying containers on volume /github/workspace/mnt/ozone/hadoop-ozone/integration-test/target/test-dir/MiniOzoneClusterImpl-6709ef09-1056-4c4b-8c83-ecdc17148cc3/datanode-0/data-0/containers/hdds
2020-11-19 13:22:04,880 [Listener at 127.0.0.1/12760] INFO  ozoneimpl.OzoneContainer (OzoneContainer.java:buildContainerSet(194)) - Build ContainerSet costs 0s
2020-11-19 13:22:04,946 [Listener at 127.0.0.1/12760] INFO  impl.RaftServerProxy (ConfUtils.java:logGet(44)) - raft.rpc.type = GRPC (default)
2020-11-19 13:22:04,946 [Listener at 127.0.0.1/12760] INFO  grpc.GrpcFactory (GrpcFactory.java:checkPooledByteBufAllocatorUseCacheForAllThreads(45)) - PERFORMANCE WARNING: useCacheForAllThreads is true that may cause Netty to create a lot garbage objects and, as a result, trigger GC.
	It is recommended to disable useCacheForAllThreads by setting -Dorg.apache.ratis.thirdparty.io.netty.allocator.useCacheForAllThreads=false in command line.
2020-11-19 13:22:04,947 [Listener at 127.0.0.1/12760] INFO  grpc.GrpcConfigKeys (ConfUtils.java:logGet(44)) - raft.grpc.server.port = 0 (default)
2020-11-19 13:22:04,947 [Listener at 127.0.0.1/12760] INFO  server.GrpcService (ConfUtils.java:logGet(44)) - raft.grpc.message.size.max = 32MB (=33554432) (custom)
2020-11-19 13:22:04,947 [Listener at 127.0.0.1/12760] INFO  server.RaftServerConfigKeys (ConfUtils.java:logGet(44)) - raft.server.log.appender.buffer.byte-limit = 33554432 (custom)
2020-11-19 13:22:04,947 [Listener at 127.0.0.1/12760] INFO  server.GrpcService (ConfUtils.java:logGet(44)) - raft.grpc.flow.control.window = 5MB (=5242880) (custom)
2020-11-19 13:22:04,947 [Listener at 127.0.0.1/12760] INFO  server.RaftServerConfigKeys (ConfUtils.java:logGet(44)) - raft.server.rpc.request.timeout = 60s (custom)
2020-11-19 13:22:04,948 [Listener at 127.0.0.1/12760] INFO  server.RaftServerConfigKeys (ConfUtils.java:logGet(44)) - raft.server.storage.dir = [/github/workspace/mnt/ozone/hadoop-ozone/integration-test/target/test-dir/MiniOzoneClusterImpl-6709ef09-1056-4c4b-8c83-ecdc17148cc3/datanode-0/data/ratis] (custom)
2020-11-19 13:22:05,016 [Listener at 127.0.0.1/12760] INFO  http.BaseHttpServer (BaseHttpServer.java:newHttpServer2BuilderForOzone(207)) - Starting Web-server for hddsDatanode at: http://0.0.0.0:0
2020-11-19 13:22:05,016 [Listener at 127.0.0.1/12760] INFO  http.BaseHttpServer (BaseHttpServer.java:<init>(106)) - Hadoop Security Enabled: false Ozone Security Enabled: false Ozone HTTP Security Enabled: false 
2020-11-19 13:22:05,018 [Listener at 127.0.0.1/12760] INFO  server.AuthenticationFilter (AuthenticationFilter.java:constructSecretProvider(240)) - Unable to initialize FileSignerSecretProvider, falling back to use random secrets.
2020-11-19 13:22:05,018 [Listener at 127.0.0.1/12760] WARN  http.HttpRequestLog (HttpRequestLog.java:getRequestLog(103)) - Jetty request log can only be enabled using Log4j
2020-11-19 13:22:05,019 [Listener at 127.0.0.1/12760] INFO  http.HttpServer2 (HttpServer2.java:addGlobalFilter(1019)) - Added global filter 'safety' (class=org.apache.hadoop.hdds.server.http.HttpServer2$QuotingInputFilter)
2020-11-19 13:22:05,020 [Listener at 127.0.0.1/12760] INFO  http.HttpServer2 (HttpServer2.java:addFilter(995)) - Added filter static_user_filter (class=org.apache.hadoop.http.lib.StaticUserWebFilter$StaticUserFilter) to context hddsDatanode
2020-11-19 13:22:05,020 [Listener at 127.0.0.1/12760] INFO  http.HttpServer2 (HttpServer2.java:addFilter(1003)) - Added filter static_user_filter (class=org.apache.hadoop.http.lib.StaticUserWebFilter$StaticUserFilter) to context logs
2020-11-19 13:22:05,020 [Listener at 127.0.0.1/12760] INFO  http.HttpServer2 (HttpServer2.java:addFilter(1003)) - Added filter static_user_filter (class=org.apache.hadoop.http.lib.StaticUserWebFilter$StaticUserFilter) to context static
2020-11-19 13:22:05,021 [Listener at 127.0.0.1/12760] INFO  http.HttpServer2 (HttpServer2.java:bindListener(1237)) - Jetty bound to port 46751
2020-11-19 13:22:05,021 [Listener at 127.0.0.1/12760] INFO  server.Server (Server.java:doStart(375)) - jetty-9.4.34.v20201102; built: 2020-11-02T14:15:39.302Z; git: e46af88704a893fc12cb0e3bf46e2c7b48a009e7; jvm 1.8.0_232-b09
2020-11-19 13:22:05,024 [Listener at 127.0.0.1/12760] INFO  server.session (DefaultSessionIdManager.java:doStart(334)) - DefaultSessionIdManager workerName=node0
2020-11-19 13:22:05,024 [Listener at 127.0.0.1/12760] INFO  server.session (DefaultSessionIdManager.java:doStart(339)) - No SessionScavenger set, using defaults
2020-11-19 13:22:05,024 [Listener at 127.0.0.1/12760] INFO  server.session (HouseKeeper.java:startScavenging(132)) - node0 Scavenging every 660000ms
2020-11-19 13:22:05,026 [Listener at 127.0.0.1/12760] INFO  handler.ContextHandler (ContextHandler.java:doStart(916)) - Started o.e.j.s.ServletContextHandler@44957683{logs,/logs,file:///github/workspace/mnt/ozone/hadoop-ozone/integration-test/target/log,AVAILABLE}
2020-11-19 13:22:05,026 [Listener at 127.0.0.1/12760] INFO  handler.ContextHandler (ContextHandler.java:doStart(916)) - Started o.e.j.s.ServletContextHandler@1a25e58c{static,/static,jar:file:/home/user/.m2/repository/org/apache/hadoop/hadoop-hdds-container-service/1.1.0-SNAPSHOT/hadoop-hdds-container-service-1.1.0-SNAPSHOT.jar!/webapps/static,AVAILABLE}
2020-11-19 13:22:05,195 [Listener at 127.0.0.1/12760] INFO  handler.ContextHandler (ContextHandler.java:doStart(916)) - Started o.e.j.w.WebAppContext@1b2f5eea{hddsDatanode,/,file:///tmp/jetty-0_0_0_0-46751-hadoop-hdds-container-service-1_1_0-SNAPSHOT_jar-_-any-3266907856077379364/webapp/,AVAILABLE}{jar:file:/home/user/.m2/repository/org/apache/hadoop/hadoop-hdds-container-service/1.1.0-SNAPSHOT/hadoop-hdds-container-service-1.1.0-SNAPSHOT.jar!/webapps/hddsDatanode}
2020-11-19 13:22:05,196 [Listener at 127.0.0.1/12760] INFO  server.AbstractConnector (AbstractConnector.java:doStart(331)) - Started ServerConnector@50387ea1{HTTP/1.1, (http/1.1)}{0.0.0.0:46751}
2020-11-19 13:22:05,197 [Listener at 127.0.0.1/12760] INFO  server.Server (Server.java:doStart(415)) - Started @5833ms
2020-11-19 13:22:05,197 [Listener at 127.0.0.1/12760] WARN  impl.MetricsSystemImpl (MetricsSystemImpl.java:register(276)) - Sink prometheus already exists!
2020-11-19 13:22:05,201 [Listener at 127.0.0.1/12760] INFO  http.BaseHttpServer (BaseHttpServer.java:updateConnectorAddress(327)) - HTTP server of hddsDatanode listening at http://0.0.0.0:46751
2020-11-19 13:22:05,203 [Listener at 127.0.0.1/12760] INFO  impl.MetricsSystemImpl (MetricsSystemImpl.java:init(158)) - HddsDatanode metrics system started (again)
2020-11-19 13:22:05,206 [Listener at 127.0.0.1/12760] INFO  ozone.HddsDatanodeService (HddsDatanodeService.java:start(217)) - HddsDatanodeService host:890f8149b140 ip:172.17.0.2
2020-11-19 13:22:05,208 [Listener at 127.0.0.1/12760] INFO  volume.HddsVolume (HddsVolume.java:<init>(176)) - Creating Volume: /github/workspace/mnt/ozone/hadoop-ozone/integration-test/target/test-dir/MiniOzoneClusterImpl-6709ef09-1056-4c4b-8c83-ecdc17148cc3/datanode-1/data-0/containers/hdds of storage type : DISK and capacity : 9223372036854775807
2020-11-19 13:22:05,208 [Listener at 127.0.0.1/12760] INFO  volume.MutableVolumeSet (MutableVolumeSet.java:initializeVolumeSet(179)) - Added Volume : /github/workspace/mnt/ozone/hadoop-ozone/integration-test/target/test-dir/MiniOzoneClusterImpl-6709ef09-1056-4c4b-8c83-ecdc17148cc3/datanode-1/data-0/containers/hdds to VolumeSet
2020-11-19 13:22:05,208 [Listener at 127.0.0.1/12760] INFO  volume.ThrottledAsyncChecker (ThrottledAsyncChecker.java:schedule(141)) - Scheduling a check for /github/workspace/mnt/ozone/hadoop-ozone/integration-test/target/test-dir/MiniOzoneClusterImpl-6709ef09-1056-4c4b-8c83-ecdc17148cc3/datanode-1/data-0/containers/hdds
2020-11-19 13:22:05,211 [Listener at 127.0.0.1/12760] INFO  volume.HddsVolumeChecker (HddsVolumeChecker.java:checkAllVolumes(200)) - Scheduled health check for volume /github/workspace/mnt/ozone/hadoop-ozone/integration-test/target/test-dir/MiniOzoneClusterImpl-6709ef09-1056-4c4b-8c83-ecdc17148cc3/datanode-1/data-0/containers/hdds
2020-11-19 13:22:05,218 [Thread-99] INFO  impl.FollowerState (FollowerState.java:run(108)) - omNode-1@group-523986131536-FollowerState: change to CANDIDATE, lastRpcTime:1111ms, electionTimeout:1098ms
2020-11-19 13:22:05,226 [org.apache.hadoop.util.JvmPauseMonitor$Monitor@11dcfd17] INFO  util.JvmPauseMonitor (JvmPauseMonitor.java:run(188)) - Starting JVM pause monitor
2020-11-19 13:22:05,226 [Thread-99] INFO  impl.RoleInfo (RoleInfo.java:shutdownFollowerState(121)) - omNode-1: shutdown FollowerState
2020-11-19 13:22:05,230 [Thread-99] INFO  impl.RaftServerImpl (RaftServerImpl.java:setRole(198)) - omNode-1@group-523986131536: changes role from  FOLLOWER to CANDIDATE at term 0 for changeToCandidate
2020-11-19 13:22:05,232 [Thread-99] INFO  impl.RoleInfo (RoleInfo.java:updateAndGet(143)) - omNode-1: start LeaderElection
2020-11-19 13:22:05,239 [Thread-220] INFO  ozoneimpl.ContainerReader (ContainerReader.java:readVolume(123)) - Start to verify containers on volume /github/workspace/mnt/ozone/hadoop-ozone/integration-test/target/test-dir/MiniOzoneClusterImpl-6709ef09-1056-4c4b-8c83-ecdc17148cc3/datanode-1/data-0/containers/hdds
2020-11-19 13:22:05,244 [Thread-220] INFO  ozoneimpl.ContainerReader (ContainerReader.java:readVolume(148)) - Finish verifying containers on volume /github/workspace/mnt/ozone/hadoop-ozone/integration-test/target/test-dir/MiniOzoneClusterImpl-6709ef09-1056-4c4b-8c83-ecdc17148cc3/datanode-1/data-0/containers/hdds
2020-11-19 13:22:05,245 [omNode-1@group-523986131536-LeaderElection1] INFO  impl.LeaderElection (LeaderElection.java:askForVotes(210)) - omNode-1@group-523986131536-LeaderElection1: begin an election at term 1 for -1: [omNode-3:localhost:12764:0, omNode-1:localhost:12752:0, omNode-2:localhost:12758:0], old=null
2020-11-19 13:22:05,252 [Listener at 127.0.0.1/12760] INFO  ozoneimpl.OzoneContainer (OzoneContainer.java:buildContainerSet(194)) - Build ContainerSet costs 0s
2020-11-19 13:22:05,255 [Listener at 127.0.0.1/12760] INFO  impl.RaftServerProxy (ConfUtils.java:logGet(44)) - raft.rpc.type = GRPC (default)
2020-11-19 13:22:05,255 [Listener at 127.0.0.1/12760] INFO  grpc.GrpcFactory (GrpcFactory.java:checkPooledByteBufAllocatorUseCacheForAllThreads(45)) - PERFORMANCE WARNING: useCacheForAllThreads is true that may cause Netty to create a lot garbage objects and, as a result, trigger GC.
	It is recommended to disable useCacheForAllThreads by setting -Dorg.apache.ratis.thirdparty.io.netty.allocator.useCacheForAllThreads=false in command line.
2020-11-19 13:22:05,255 [Listener at 127.0.0.1/12760] INFO  grpc.GrpcConfigKeys (ConfUtils.java:logGet(44)) - raft.grpc.server.port = 0 (default)
2020-11-19 13:22:05,255 [Listener at 127.0.0.1/12760] INFO  server.GrpcService (ConfUtils.java:logGet(44)) - raft.grpc.message.size.max = 32MB (=33554432) (custom)
2020-11-19 13:22:05,256 [Listener at 127.0.0.1/12760] INFO  server.RaftServerConfigKeys (ConfUtils.java:logGet(44)) - raft.server.log.appender.buffer.byte-limit = 33554432 (custom)
2020-11-19 13:22:05,256 [Listener at 127.0.0.1/12760] INFO  server.GrpcService (ConfUtils.java:logGet(44)) - raft.grpc.flow.control.window = 5MB (=5242880) (custom)
2020-11-19 13:22:05,256 [Listener at 127.0.0.1/12760] INFO  server.RaftServerConfigKeys (ConfUtils.java:logGet(44)) - raft.server.rpc.request.timeout = 60s (custom)
2020-11-19 13:22:05,257 [Listener at 127.0.0.1/12760] INFO  server.RaftServerConfigKeys (ConfUtils.java:logGet(44)) - raft.server.storage.dir = [/github/workspace/mnt/ozone/hadoop-ozone/integration-test/target/test-dir/MiniOzoneClusterImpl-6709ef09-1056-4c4b-8c83-ecdc17148cc3/datanode-1/data/ratis] (custom)
2020-11-19 13:22:05,275 [Listener at 127.0.0.1/12760] INFO  http.BaseHttpServer (BaseHttpServer.java:newHttpServer2BuilderForOzone(207)) - Starting Web-server for hddsDatanode at: http://0.0.0.0:0
2020-11-19 13:22:05,275 [Listener at 127.0.0.1/12760] INFO  http.BaseHttpServer (BaseHttpServer.java:<init>(106)) - Hadoop Security Enabled: false Ozone Security Enabled: false Ozone HTTP Security Enabled: false 
2020-11-19 13:22:05,279 [Listener at 127.0.0.1/12760] INFO  server.AuthenticationFilter (AuthenticationFilter.java:constructSecretProvider(240)) - Unable to initialize FileSignerSecretProvider, falling back to use random secrets.
2020-11-19 13:22:05,291 [Listener at 127.0.0.1/12760] WARN  http.HttpRequestLog (HttpRequestLog.java:getRequestLog(103)) - Jetty request log can only be enabled using Log4j
2020-11-19 13:22:05,293 [Listener at 127.0.0.1/12760] INFO  http.HttpServer2 (HttpServer2.java:addGlobalFilter(1019)) - Added global filter 'safety' (class=org.apache.hadoop.hdds.server.http.HttpServer2$QuotingInputFilter)
2020-11-19 13:22:05,294 [Listener at 127.0.0.1/12760] INFO  http.HttpServer2 (HttpServer2.java:addFilter(995)) - Added filter static_user_filter (class=org.apache.hadoop.http.lib.StaticUserWebFilter$StaticUserFilter) to context hddsDatanode
2020-11-19 13:22:05,294 [Listener at 127.0.0.1/12760] INFO  http.HttpServer2 (HttpServer2.java:addFilter(1003)) - Added filter static_user_filter (class=org.apache.hadoop.http.lib.StaticUserWebFilter$StaticUserFilter) to context static
2020-11-19 13:22:05,295 [Listener at 127.0.0.1/12760] INFO  http.HttpServer2 (HttpServer2.java:addFilter(1003)) - Added filter static_user_filter (class=org.apache.hadoop.http.lib.StaticUserWebFilter$StaticUserFilter) to context logs
2020-11-19 13:22:05,295 [Listener at 127.0.0.1/12760] INFO  http.HttpServer2 (HttpServer2.java:bindListener(1237)) - Jetty bound to port 39181
2020-11-19 13:22:05,295 [Listener at 127.0.0.1/12760] INFO  server.Server (Server.java:doStart(375)) - jetty-9.4.34.v20201102; built: 2020-11-02T14:15:39.302Z; git: e46af88704a893fc12cb0e3bf46e2c7b48a009e7; jvm 1.8.0_232-b09
2020-11-19 13:22:05,303 [Listener at 127.0.0.1/12760] INFO  server.session (DefaultSessionIdManager.java:doStart(334)) - DefaultSessionIdManager workerName=node0
2020-11-19 13:22:05,303 [Listener at 127.0.0.1/12760] INFO  server.session (DefaultSessionIdManager.java:doStart(339)) - No SessionScavenger set, using defaults
2020-11-19 13:22:05,304 [Listener at 127.0.0.1/12760] INFO  server.session (HouseKeeper.java:startScavenging(132)) - node0 Scavenging every 660000ms
2020-11-19 13:22:05,304 [Listener at 127.0.0.1/12760] INFO  handler.ContextHandler (ContextHandler.java:doStart(916)) - Started o.e.j.s.ServletContextHandler@79e2fdeb{logs,/logs,file:///github/workspace/mnt/ozone/hadoop-ozone/integration-test/target/log,AVAILABLE}
2020-11-19 13:22:05,305 [Listener at 127.0.0.1/12760] INFO  handler.ContextHandler (ContextHandler.java:doStart(916)) - Started o.e.j.s.ServletContextHandler@7c9e261a{static,/static,jar:file:/home/user/.m2/repository/org/apache/hadoop/hadoop-hdds-container-service/1.1.0-SNAPSHOT/hadoop-hdds-container-service-1.1.0-SNAPSHOT.jar!/webapps/static,AVAILABLE}
2020-11-19 13:22:05,561 [Datanode State Machine Task Thread - 0] INFO  datanode.InitDatanodeState (InitDatanodeState.java:persistContainerDatanodeDetails(145)) - DatanodeDetails is persisted to /github/workspace/mnt/ozone/hadoop-ozone/integration-test/target/test-dir/MiniOzoneClusterImpl-6709ef09-1056-4c4b-8c83-ecdc17148cc3/datanode-0/meta/datanode.id
2020-11-19 13:22:05,574 [Thread-137] INFO  impl.FollowerState (FollowerState.java:run(108)) - omNode-2@group-523986131536-FollowerState: change to CANDIDATE, lastRpcTime:1162ms, electionTimeout:1153ms
2020-11-19 13:22:05,584 [Thread-137] INFO  impl.RoleInfo (RoleInfo.java:shutdownFollowerState(121)) - omNode-2: shutdown FollowerState
2020-11-19 13:22:05,584 [Thread-137] INFO  impl.RaftServerImpl (RaftServerImpl.java:setRole(198)) - omNode-2@group-523986131536: changes role from  FOLLOWER to CANDIDATE at term 0 for changeToCandidate
2020-11-19 13:22:05,584 [Thread-137] INFO  impl.RoleInfo (RoleInfo.java:updateAndGet(143)) - omNode-2: start LeaderElection
2020-11-19 13:22:05,606 [omNode-2@group-523986131536-LeaderElection2] INFO  impl.LeaderElection (LeaderElection.java:askForVotes(210)) - omNode-2@group-523986131536-LeaderElection2: begin an election at term 1 for -1: [omNode-3:localhost:12764:0, omNode-1:localhost:12752:0, omNode-2:localhost:12758:0], old=null
2020-11-19 13:22:05,661 [Listener at 127.0.0.1/12760] INFO  handler.ContextHandler (ContextHandler.java:doStart(916)) - Started o.e.j.w.WebAppContext@6d0df970{hddsDatanode,/,file:///tmp/jetty-0_0_0_0-39181-hadoop-hdds-container-service-1_1_0-SNAPSHOT_jar-_-any-767285726694854222/webapp/,AVAILABLE}{jar:file:/home/user/.m2/repository/org/apache/hadoop/hadoop-hdds-container-service/1.1.0-SNAPSHOT/hadoop-hdds-container-service-1.1.0-SNAPSHOT.jar!/webapps/hddsDatanode}
2020-11-19 13:22:05,668 [Thread-175] INFO  impl.FollowerState (FollowerState.java:run(108)) - omNode-3@group-523986131536-FollowerState: change to CANDIDATE, lastRpcTime:1086ms, electionTimeout:1073ms
2020-11-19 13:22:05,668 [Thread-175] INFO  impl.RoleInfo (RoleInfo.java:shutdownFollowerState(121)) - omNode-3: shutdown FollowerState
2020-11-19 13:22:05,669 [Thread-175] INFO  impl.RaftServerImpl (RaftServerImpl.java:setRole(198)) - omNode-3@group-523986131536: changes role from  FOLLOWER to CANDIDATE at term 0 for changeToCandidate
2020-11-19 13:22:05,669 [Thread-175] INFO  impl.RoleInfo (RoleInfo.java:updateAndGet(143)) - omNode-3: start LeaderElection
2020-11-19 13:22:05,681 [Listener at 127.0.0.1/12760] INFO  server.AbstractConnector (AbstractConnector.java:doStart(331)) - Started ServerConnector@5ef4f9c4{HTTP/1.1, (http/1.1)}{0.0.0.0:39181}
2020-11-19 13:22:05,681 [Listener at 127.0.0.1/12760] INFO  server.Server (Server.java:doStart(415)) - Started @6317ms
2020-11-19 13:22:05,681 [Listener at 127.0.0.1/12760] WARN  impl.MetricsSystemImpl (MetricsSystemImpl.java:register(276)) - Sink prometheus already exists!
2020-11-19 13:22:05,685 [Listener at 127.0.0.1/12760] INFO  http.BaseHttpServer (BaseHttpServer.java:updateConnectorAddress(327)) - HTTP server of hddsDatanode listening at http://0.0.0.0:39181
2020-11-19 13:22:05,686 [omNode-3@group-523986131536-LeaderElection3] INFO  impl.LeaderElection (LeaderElection.java:askForVotes(210)) - omNode-3@group-523986131536-LeaderElection3: begin an election at term 1 for -1: [omNode-3:localhost:12764:0, omNode-1:localhost:12752:0, omNode-2:localhost:12758:0], old=null
2020-11-19 13:22:05,692 [Listener at 127.0.0.1/12760] INFO  impl.MetricsSystemImpl (MetricsSystemImpl.java:init(158)) - HddsDatanode metrics system started (again)
2020-11-19 13:22:05,694 [Listener at 127.0.0.1/12760] INFO  ozone.HddsDatanodeService (HddsDatanodeService.java:start(217)) - HddsDatanodeService host:890f8149b140 ip:172.17.0.2
2020-11-19 13:22:05,708 [Listener at 127.0.0.1/12760] INFO  volume.HddsVolume (HddsVolume.java:<init>(176)) - Creating Volume: /github/workspace/mnt/ozone/hadoop-ozone/integration-test/target/test-dir/MiniOzoneClusterImpl-6709ef09-1056-4c4b-8c83-ecdc17148cc3/datanode-2/data-0/containers/hdds of storage type : DISK and capacity : 9223372036854775807
2020-11-19 13:22:05,709 [Listener at 127.0.0.1/12760] INFO  volume.MutableVolumeSet (MutableVolumeSet.java:initializeVolumeSet(179)) - Added Volume : /github/workspace/mnt/ozone/hadoop-ozone/integration-test/target/test-dir/MiniOzoneClusterImpl-6709ef09-1056-4c4b-8c83-ecdc17148cc3/datanode-2/data-0/containers/hdds to VolumeSet
2020-11-19 13:22:05,709 [Listener at 127.0.0.1/12760] INFO  volume.ThrottledAsyncChecker (ThrottledAsyncChecker.java:schedule(141)) - Scheduling a check for /github/workspace/mnt/ozone/hadoop-ozone/integration-test/target/test-dir/MiniOzoneClusterImpl-6709ef09-1056-4c4b-8c83-ecdc17148cc3/datanode-2/data-0/containers/hdds
2020-11-19 13:22:05,710 [Listener at 127.0.0.1/12760] INFO  volume.HddsVolumeChecker (HddsVolumeChecker.java:checkAllVolumes(200)) - Scheduled health check for volume /github/workspace/mnt/ozone/hadoop-ozone/integration-test/target/test-dir/MiniOzoneClusterImpl-6709ef09-1056-4c4b-8c83-ecdc17148cc3/datanode-2/data-0/containers/hdds
2020-11-19 13:22:05,767 [Thread-237] INFO  ozoneimpl.ContainerReader (ContainerReader.java:readVolume(123)) - Start to verify containers on volume /github/workspace/mnt/ozone/hadoop-ozone/integration-test/target/test-dir/MiniOzoneClusterImpl-6709ef09-1056-4c4b-8c83-ecdc17148cc3/datanode-2/data-0/containers/hdds
2020-11-19 13:22:05,767 [Thread-237] INFO  ozoneimpl.ContainerReader (ContainerReader.java:readVolume(148)) - Finish verifying containers on volume /github/workspace/mnt/ozone/hadoop-ozone/integration-test/target/test-dir/MiniOzoneClusterImpl-6709ef09-1056-4c4b-8c83-ecdc17148cc3/datanode-2/data-0/containers/hdds
2020-11-19 13:22:05,767 [Listener at 127.0.0.1/12760] INFO  ozoneimpl.OzoneContainer (OzoneContainer.java:buildContainerSet(194)) - Build ContainerSet costs 0s
2020-11-19 13:22:05,777 [Listener at 127.0.0.1/12760] INFO  impl.RaftServerProxy (ConfUtils.java:logGet(44)) - raft.rpc.type = GRPC (default)
2020-11-19 13:22:05,780 [Listener at 127.0.0.1/12760] INFO  grpc.GrpcFactory (GrpcFactory.java:checkPooledByteBufAllocatorUseCacheForAllThreads(45)) - PERFORMANCE WARNING: useCacheForAllThreads is true that may cause Netty to create a lot garbage objects and, as a result, trigger GC.
	It is recommended to disable useCacheForAllThreads by setting -Dorg.apache.ratis.thirdparty.io.netty.allocator.useCacheForAllThreads=false in command line.
2020-11-19 13:22:05,780 [Listener at 127.0.0.1/12760] INFO  grpc.GrpcConfigKeys (ConfUtils.java:logGet(44)) - raft.grpc.server.port = 0 (default)
2020-11-19 13:22:05,789 [Listener at 127.0.0.1/12760] INFO  server.GrpcService (ConfUtils.java:logGet(44)) - raft.grpc.message.size.max = 32MB (=33554432) (custom)
2020-11-19 13:22:05,789 [Listener at 127.0.0.1/12760] INFO  server.RaftServerConfigKeys (ConfUtils.java:logGet(44)) - raft.server.log.appender.buffer.byte-limit = 33554432 (custom)
2020-11-19 13:22:05,789 [Listener at 127.0.0.1/12760] INFO  server.GrpcService (ConfUtils.java:logGet(44)) - raft.grpc.flow.control.window = 5MB (=5242880) (custom)
2020-11-19 13:22:05,790 [Listener at 127.0.0.1/12760] INFO  server.RaftServerConfigKeys (ConfUtils.java:logGet(44)) - raft.server.rpc.request.timeout = 60s (custom)
2020-11-19 13:22:05,789 [org.apache.hadoop.util.JvmPauseMonitor$Monitor@39bfe6b8] INFO  util.JvmPauseMonitor (JvmPauseMonitor.java:run(188)) - Starting JVM pause monitor
2020-11-19 13:22:05,803 [Listener at 127.0.0.1/12760] INFO  server.RaftServerConfigKeys (ConfUtils.java:logGet(44)) - raft.server.storage.dir = [/github/workspace/mnt/ozone/hadoop-ozone/integration-test/target/test-dir/MiniOzoneClusterImpl-6709ef09-1056-4c4b-8c83-ecdc17148cc3/datanode-2/data/ratis] (custom)
2020-11-19 13:22:05,812 [Listener at 127.0.0.1/12760] INFO  http.BaseHttpServer (BaseHttpServer.java:newHttpServer2BuilderForOzone(207)) - Starting Web-server for hddsDatanode at: http://0.0.0.0:0
2020-11-19 13:22:05,812 [Listener at 127.0.0.1/12760] INFO  http.BaseHttpServer (BaseHttpServer.java:<init>(106)) - Hadoop Security Enabled: false Ozone Security Enabled: false Ozone HTTP Security Enabled: false 
2020-11-19 13:22:05,814 [Listener at 127.0.0.1/12760] INFO  server.AuthenticationFilter (AuthenticationFilter.java:constructSecretProvider(240)) - Unable to initialize FileSignerSecretProvider, falling back to use random secrets.
2020-11-19 13:22:05,815 [Listener at 127.0.0.1/12760] WARN  http.HttpRequestLog (HttpRequestLog.java:getRequestLog(103)) - Jetty request log can only be enabled using Log4j
2020-11-19 13:22:05,815 [Listener at 127.0.0.1/12760] INFO  http.HttpServer2 (HttpServer2.java:addGlobalFilter(1019)) - Added global filter 'safety' (class=org.apache.hadoop.hdds.server.http.HttpServer2$QuotingInputFilter)
2020-11-19 13:22:05,816 [Listener at 127.0.0.1/12760] INFO  http.HttpServer2 (HttpServer2.java:addFilter(995)) - Added filter static_user_filter (class=org.apache.hadoop.http.lib.StaticUserWebFilter$StaticUserFilter) to context hddsDatanode
2020-11-19 13:22:05,816 [Listener at 127.0.0.1/12760] INFO  http.HttpServer2 (HttpServer2.java:addFilter(1003)) - Added filter static_user_filter (class=org.apache.hadoop.http.lib.StaticUserWebFilter$StaticUserFilter) to context static
2020-11-19 13:22:05,817 [Listener at 127.0.0.1/12760] INFO  http.HttpServer2 (HttpServer2.java:addFilter(1003)) - Added filter static_user_filter (class=org.apache.hadoop.http.lib.StaticUserWebFilter$StaticUserFilter) to context logs
2020-11-19 13:22:05,817 [Listener at 127.0.0.1/12760] INFO  http.HttpServer2 (HttpServer2.java:bindListener(1237)) - Jetty bound to port 39247
2020-11-19 13:22:05,817 [Listener at 127.0.0.1/12760] INFO  server.Server (Server.java:doStart(375)) - jetty-9.4.34.v20201102; built: 2020-11-02T14:15:39.302Z; git: e46af88704a893fc12cb0e3bf46e2c7b48a009e7; jvm 1.8.0_232-b09
2020-11-19 13:22:05,820 [Listener at 127.0.0.1/12760] INFO  server.session (DefaultSessionIdManager.java:doStart(334)) - DefaultSessionIdManager workerName=node0
2020-11-19 13:22:05,820 [Listener at 127.0.0.1/12760] INFO  server.session (DefaultSessionIdManager.java:doStart(339)) - No SessionScavenger set, using defaults
2020-11-19 13:22:05,820 [Listener at 127.0.0.1/12760] INFO  server.session (HouseKeeper.java:startScavenging(132)) - node0 Scavenging every 660000ms
2020-11-19 13:22:05,823 [Listener at 127.0.0.1/12760] INFO  handler.ContextHandler (ContextHandler.java:doStart(916)) - Started o.e.j.s.ServletContextHandler@1e5909ac{logs,/logs,file:///github/workspace/mnt/ozone/hadoop-ozone/integration-test/target/log,AVAILABLE}
2020-11-19 13:22:05,823 [Listener at 127.0.0.1/12760] INFO  handler.ContextHandler (ContextHandler.java:doStart(916)) - Started o.e.j.s.ServletContextHandler@50eeef5e{static,/static,jar:file:/home/user/.m2/repository/org/apache/hadoop/hadoop-hdds-container-service/1.1.0-SNAPSHOT/hadoop-hdds-container-service-1.1.0-SNAPSHOT.jar!/webapps/static,AVAILABLE}
2020-11-19 13:22:05,855 [Datanode State Machine Task Thread - 0] INFO  datanode.InitDatanodeState (InitDatanodeState.java:persistContainerDatanodeDetails(145)) - DatanodeDetails is persisted to /github/workspace/mnt/ozone/hadoop-ozone/integration-test/target/test-dir/MiniOzoneClusterImpl-6709ef09-1056-4c4b-8c83-ecdc17148cc3/datanode-1/meta/datanode.id
2020-11-19 13:22:06,037 [grpc-default-executor-0] INFO  metrics.RatisMetrics (RatisMetrics.java:lambda$create$0(36)) - Creating Metrics Registry : ratis.server_message_metrics.omNode-1
2020-11-19 13:22:06,041 [grpc-default-executor-2] INFO  metrics.RatisMetrics (RatisMetrics.java:lambda$create$0(36)) - Creating Metrics Registry : ratis.server_message_metrics.omNode-3
2020-11-19 13:22:06,052 [grpc-default-executor-4] INFO  metrics.RatisMetrics (RatisMetrics.java:lambda$create$0(36)) - Creating Metrics Registry : ratis.server_message_metrics.omNode-2
2020-11-19 13:22:06,095 [omNode-3@group-523986131536-LeaderElection3] INFO  impl.LeaderElection (LeaderElection.java:logAndReturn(62)) - omNode-3@group-523986131536-LeaderElection3: Election REJECTED; received 2 response(s) [omNode-3<-omNode-1#0:FAIL-t1, omNode-3<-omNode-2#0:FAIL-t1] and 0 exception(s); omNode-3@group-523986131536:t1, leader=null, voted=omNode-3, raftlog=omNode-3@group-523986131536-SegmentedRaftLog:OPENED:c-1,f-1,i0, conf=-1: [omNode-3:localhost:12764:0, omNode-1:localhost:12752:0, omNode-2:localhost:12758:0], old=null
2020-11-19 13:22:06,097 [omNode-3@group-523986131536-LeaderElection3] INFO  impl.RaftServerImpl (RaftServerImpl.java:setRole(198)) - omNode-3@group-523986131536: changes role from CANDIDATE to FOLLOWER at term 1 for DISCOVERED_A_NEW_TERM
2020-11-19 13:22:06,097 [omNode-3@group-523986131536-LeaderElection3] INFO  impl.RoleInfo (RoleInfo.java:shutdownLeaderElection(134)) - omNode-3: shutdown LeaderElection
2020-11-19 13:22:06,097 [omNode-3@group-523986131536-LeaderElection3] INFO  impl.RoleInfo (RoleInfo.java:updateAndGet(143)) - omNode-3: start FollowerState
2020-11-19 13:22:06,110 [omNode-1@group-523986131536-LeaderElection1] INFO  impl.LeaderElection (LeaderElection.java:logAndReturn(62)) - omNode-1@group-523986131536-LeaderElection1: Election REJECTED; received 2 response(s) [omNode-1<-omNode-3#0:FAIL-t1, omNode-1<-omNode-2#0:FAIL-t1] and 0 exception(s); omNode-1@group-523986131536:t1, leader=null, voted=omNode-1, raftlog=omNode-1@group-523986131536-SegmentedRaftLog:OPENED:c-1,f-1,i0, conf=-1: [omNode-3:localhost:12764:0, omNode-1:localhost:12752:0, omNode-2:localhost:12758:0], old=null
2020-11-19 13:22:06,110 [omNode-1@group-523986131536-LeaderElection1] INFO  impl.RaftServerImpl (RaftServerImpl.java:setRole(198)) - omNode-1@group-523986131536: changes role from CANDIDATE to FOLLOWER at term 1 for DISCOVERED_A_NEW_TERM
2020-11-19 13:22:06,110 [omNode-1@group-523986131536-LeaderElection1] INFO  impl.RoleInfo (RoleInfo.java:shutdownLeaderElection(134)) - omNode-1: shutdown LeaderElection
2020-11-19 13:22:06,110 [omNode-1@group-523986131536-LeaderElection1] INFO  impl.RoleInfo (RoleInfo.java:updateAndGet(143)) - omNode-1: start FollowerState
2020-11-19 13:22:06,111 [omNode-2@group-523986131536-LeaderElection2] INFO  impl.LeaderElection (LeaderElection.java:logAndReturn(62)) - omNode-2@group-523986131536-LeaderElection2: Election REJECTED; received 2 response(s) [omNode-2<-omNode-3#0:FAIL-t1, omNode-2<-omNode-1#0:FAIL-t1] and 0 exception(s); omNode-2@group-523986131536:t1, leader=null, voted=omNode-2, raftlog=omNode-2@group-523986131536-SegmentedRaftLog:OPENED:c-1,f-1,i0, conf=-1: [omNode-3:localhost:12764:0, omNode-1:localhost:12752:0, omNode-2:localhost:12758:0], old=null
2020-11-19 13:22:06,118 [omNode-2@group-523986131536-LeaderElection2] INFO  impl.RaftServerImpl (RaftServerImpl.java:setRole(198)) - omNode-2@group-523986131536: changes role from CANDIDATE to FOLLOWER at term 1 for DISCOVERED_A_NEW_TERM
2020-11-19 13:22:06,118 [omNode-2@group-523986131536-LeaderElection2] INFO  impl.RoleInfo (RoleInfo.java:shutdownLeaderElection(134)) - omNode-2: shutdown LeaderElection
2020-11-19 13:22:06,118 [omNode-2@group-523986131536-LeaderElection2] INFO  impl.RoleInfo (RoleInfo.java:updateAndGet(143)) - omNode-2: start FollowerState
2020-11-19 13:22:06,174 [Listener at 127.0.0.1/12760] INFO  handler.ContextHandler (ContextHandler.java:doStart(916)) - Started o.e.j.w.WebAppContext@3401bda7{hddsDatanode,/,file:///tmp/jetty-0_0_0_0-39247-hadoop-hdds-container-service-1_1_0-SNAPSHOT_jar-_-any-5812834696952894472/webapp/,AVAILABLE}{jar:file:/home/user/.m2/repository/org/apache/hadoop/hadoop-hdds-container-service/1.1.0-SNAPSHOT/hadoop-hdds-container-service-1.1.0-SNAPSHOT.jar!/webapps/hddsDatanode}
2020-11-19 13:22:06,175 [Listener at 127.0.0.1/12760] INFO  server.AbstractConnector (AbstractConnector.java:doStart(331)) - Started ServerConnector@337eeed5{HTTP/1.1, (http/1.1)}{0.0.0.0:39247}
2020-11-19 13:22:06,175 [Listener at 127.0.0.1/12760] INFO  server.Server (Server.java:doStart(415)) - Started @6811ms
2020-11-19 13:22:06,176 [Listener at 127.0.0.1/12760] WARN  impl.MetricsSystemImpl (MetricsSystemImpl.java:register(276)) - Sink prometheus already exists!
2020-11-19 13:22:06,179 [Listener at 127.0.0.1/12760] INFO  http.BaseHttpServer (BaseHttpServer.java:updateConnectorAddress(327)) - HTTP server of hddsDatanode listening at http://0.0.0.0:39247
2020-11-19 13:22:06,185 [Listener at 127.0.0.1/12760] INFO  ozone.MiniOzoneClusterImpl (MiniOzoneClusterImpl.java:lambda$waitForClusterToBeReady$0(178)) - Waiting for nodes to be ready. Got 0 of 3 DN Heartbeats.
2020-11-19 13:22:06,185 [Listener at 127.0.0.1/12760] INFO  ozone.MiniOzoneClusterImpl (MiniOzoneClusterImpl.java:lambda$waitForClusterToBeReady$0(181)) - Waiting for cluster to exit safe mode
2020-11-19 13:22:06,194 [org.apache.hadoop.util.JvmPauseMonitor$Monitor@44f0d99a] INFO  util.JvmPauseMonitor (JvmPauseMonitor.java:run(188)) - Starting JVM pause monitor
2020-11-19 13:22:06,196 [Datanode State Machine Task Thread - 0] INFO  datanode.InitDatanodeState (InitDatanodeState.java:persistContainerDatanodeDetails(145)) - DatanodeDetails is persisted to /github/workspace/mnt/ozone/hadoop-ozone/integration-test/target/test-dir/MiniOzoneClusterImpl-6709ef09-1056-4c4b-8c83-ecdc17148cc3/datanode-2/meta/datanode.id
2020-11-19 13:22:07,148 [Thread-248] INFO  impl.FollowerState (FollowerState.java:run(108)) - omNode-3@group-523986131536-FollowerState: change to CANDIDATE, lastRpcTime:1051ms, electionTimeout:1039ms
2020-11-19 13:22:07,149 [Thread-248] INFO  impl.RoleInfo (RoleInfo.java:shutdownFollowerState(121)) - omNode-3: shutdown FollowerState
2020-11-19 13:22:07,149 [Thread-248] INFO  impl.RaftServerImpl (RaftServerImpl.java:setRole(198)) - omNode-3@group-523986131536: changes role from  FOLLOWER to CANDIDATE at term 1 for changeToCandidate
2020-11-19 13:22:07,151 [Thread-248] INFO  impl.RoleInfo (RoleInfo.java:updateAndGet(143)) - omNode-3: start LeaderElection
2020-11-19 13:22:07,153 [omNode-3@group-523986131536-LeaderElection4] INFO  impl.LeaderElection (LeaderElection.java:askForVotes(210)) - omNode-3@group-523986131536-LeaderElection4: begin an election at term 2 for -1: [omNode-3:localhost:12764:0, omNode-1:localhost:12752:0, omNode-2:localhost:12758:0], old=null
2020-11-19 13:22:07,164 [grpc-default-executor-0] INFO  impl.RaftServerImpl (RaftServerImpl.java:setRole(198)) - omNode-1@group-523986131536: changes role from  FOLLOWER to FOLLOWER at term 2 for recognizeCandidate:omNode-3
2020-11-19 13:22:07,165 [grpc-default-executor-0] INFO  impl.RoleInfo (RoleInfo.java:shutdownFollowerState(121)) - omNode-1: shutdown FollowerState
2020-11-19 13:22:07,165 [grpc-default-executor-0] INFO  impl.RoleInfo (RoleInfo.java:updateAndGet(143)) - omNode-1: start FollowerState
2020-11-19 13:22:07,165 [Thread-249] INFO  impl.FollowerState (FollowerState.java:run(117)) - omNode-1@group-523986131536-FollowerState was interrupted: java.lang.InterruptedException: sleep interrupted
2020-11-19 13:22:07,167 [grpc-default-executor-0] INFO  impl.RaftServerImpl (RaftServerImpl.java:requestVote(923)) -  FOLLOWER omNode-1@group-523986131536:t2, leader=null, voted=null, raftlog=omNode-1@group-523986131536-SegmentedRaftLog:OPENED:c-1,f-1,i0, conf=-1: [omNode-3:localhost:12764:0, omNode-1:localhost:12752:0, omNode-2:localhost:12758:0], old=null RUNNING priority:0 candidate:omNode-3:localhost:12764:0 candidatePriority:0 compare:0
2020-11-19 13:22:07,178 [grpc-default-executor-1] INFO  impl.RaftServerImpl (RaftServerImpl.java:setRole(198)) - omNode-2@group-523986131536: changes role from  FOLLOWER to FOLLOWER at term 2 for recognizeCandidate:omNode-3
2020-11-19 13:22:07,179 [grpc-default-executor-1] INFO  impl.RoleInfo (RoleInfo.java:shutdownFollowerState(121)) - omNode-2: shutdown FollowerState
2020-11-19 13:22:07,179 [grpc-default-executor-1] INFO  impl.RoleInfo (RoleInfo.java:updateAndGet(143)) - omNode-2: start FollowerState
2020-11-19 13:22:07,179 [Thread-250] INFO  impl.FollowerState (FollowerState.java:run(117)) - omNode-2@group-523986131536-FollowerState was interrupted: java.lang.InterruptedException: sleep interrupted
2020-11-19 13:22:07,180 [grpc-default-executor-1] INFO  impl.RaftServerImpl (RaftServerImpl.java:requestVote(923)) -  FOLLOWER omNode-2@group-523986131536:t2, leader=null, voted=null, raftlog=omNode-2@group-523986131536-SegmentedRaftLog:OPENED:c-1,f-1,i0, conf=-1: [omNode-3:localhost:12764:0, omNode-1:localhost:12752:0, omNode-2:localhost:12758:0], old=null RUNNING priority:0 candidate:omNode-3:localhost:12764:0 candidatePriority:0 compare:0
2020-11-19 13:22:07,181 [omNode-3@group-523986131536-LeaderElection4] INFO  impl.LeaderElection (LeaderElection.java:logAndReturn(62)) - omNode-3@group-523986131536-LeaderElection4: Election PASSED; received 1 response(s) [omNode-3<-omNode-1#0:OK-t2] and 0 exception(s); omNode-3@group-523986131536:t2, leader=null, voted=omNode-3, raftlog=omNode-3@group-523986131536-SegmentedRaftLog:OPENED:c-1,f-1,i0, conf=-1: [omNode-3:localhost:12764:0, omNode-1:localhost:12752:0, omNode-2:localhost:12758:0], old=null
2020-11-19 13:22:07,181 [omNode-3@group-523986131536-LeaderElection4] INFO  impl.RoleInfo (RoleInfo.java:shutdownLeaderElection(134)) - omNode-3: shutdown LeaderElection
2020-11-19 13:22:07,182 [omNode-3@group-523986131536-LeaderElection4] INFO  impl.RaftServerImpl (RaftServerImpl.java:setRole(198)) - omNode-3@group-523986131536: changes role from CANDIDATE to LEADER at term 2 for changeToLeader
2020-11-19 13:22:07,182 [omNode-3@group-523986131536-LeaderElection4] INFO  impl.RaftServerImpl (ServerState.java:setLeader(256)) - omNode-3@group-523986131536: change Leader from null to omNode-3 at term 2 for becomeLeader, leader elected after 2636ms
2020-11-19 13:22:07,186 [Listener at 127.0.0.1/12760] INFO  ozone.MiniOzoneClusterImpl (MiniOzoneClusterImpl.java:lambda$waitForClusterToBeReady$0(178)) - Waiting for nodes to be ready. Got 0 of 3 DN Heartbeats.
2020-11-19 13:22:07,186 [Listener at 127.0.0.1/12760] INFO  ozone.MiniOzoneClusterImpl (MiniOzoneClusterImpl.java:lambda$waitForClusterToBeReady$0(181)) - Waiting for cluster to exit safe mode
2020-11-19 13:22:07,186 [omNode-3@group-523986131536-LeaderElection4] INFO  server.RaftServerConfigKeys (ConfUtils.java:logGet(44)) - raft.server.staging.catchup.gap = 1000 (default)
2020-11-19 13:22:07,187 [omNode-3@group-523986131536-LeaderElection4] INFO  server.RaftServerConfigKeys (ConfUtils.java:logGet(44)) - raft.server.rpc.sleep.time = 25ms (default)
2020-11-19 13:22:07,189 [omNode-3@group-523986131536-LeaderElection4] INFO  metrics.RatisMetrics (RatisMetrics.java:lambda$create$0(36)) - Creating Metrics Registry : ratis.log_appender.omNode-3@group-523986131536
2020-11-19 13:22:07,191 [omNode-3@group-523986131536-LeaderElection4] INFO  server.RaftServerConfigKeys (ConfUtils.java:logGet(44)) - raft.server.write.element-limit = 4096 (default)
2020-11-19 13:22:07,191 [omNode-3@group-523986131536-LeaderElection4] INFO  server.RaftServerConfigKeys (ConfUtils.java:logGet(44)) - raft.server.write.byte-limit = 64MB (=67108864) (default)
2020-11-19 13:22:07,197 [omNode-3@group-523986131536-LeaderElection4] INFO  server.RaftServerConfigKeys (ConfUtils.java:logGet(44)) - raft.server.watch.timeout = 10s (default)
2020-11-19 13:22:07,197 [omNode-3@group-523986131536-LeaderElection4] INFO  server.RaftServerConfigKeys (ConfUtils.java:logGet(44)) - raft.server.watch.timeout.denomination = 1s (default)
2020-11-19 13:22:07,198 [omNode-3@group-523986131536-LeaderElection4] INFO  server.RaftServerConfigKeys (ConfUtils.java:logGet(44)) - raft.server.watch.element-limit = 65536 (default)
2020-11-19 13:22:07,205 [omNode-3@group-523986131536-LeaderElection4] INFO  server.RaftServerConfigKeys (ConfUtils.java:logGet(44)) - raft.server.log.appender.snapshot.chunk.size.max = 16MB (=16777216) (default)
2020-11-19 13:22:07,205 [omNode-3@group-523986131536-LeaderElection4] INFO  server.RaftServerConfigKeys (ConfUtils.java:logGet(44)) - raft.server.log.appender.buffer.byte-limit = 33554432 (custom)
2020-11-19 13:22:07,205 [omNode-3@group-523986131536-LeaderElection4] INFO  server.RaftServerConfigKeys (ConfUtils.java:logGet(44)) - raft.server.log.appender.buffer.element-limit = 1024 (custom)
2020-11-19 13:22:07,208 [omNode-3@group-523986131536-LeaderElection4] INFO  grpc.GrpcConfigKeys (ConfUtils.java:logGet(44)) - raft.grpc.server.leader.outstanding.appends.max = 128 (default)
2020-11-19 13:22:07,208 [omNode-3@group-523986131536-LeaderElection4] INFO  server.RaftServerConfigKeys (ConfUtils.java:logGet(44)) - raft.server.rpc.request.timeout = 3000ms (default)
2020-11-19 13:22:07,208 [omNode-3@group-523986131536-LeaderElection4] INFO  server.RaftServerConfigKeys (ConfUtils.java:logGet(44)) - raft.server.log.appender.install.snapshot.enabled = false (custom)
2020-11-19 13:22:07,209 [omNode-3@group-523986131536-LeaderElection4] INFO  metrics.RatisMetrics (RatisMetrics.java:lambda$create$0(36)) - Creating Metrics Registry : ratis_grpc.log_appender.omNode-3@group-523986131536
2020-11-19 13:22:07,221 [omNode-3@group-523986131536-LeaderElection4] INFO  server.RaftServerConfigKeys (ConfUtils.java:logGet(44)) - raft.server.log.appender.snapshot.chunk.size.max = 16MB (=16777216) (default)
2020-11-19 13:22:07,223 [omNode-3@group-523986131536-LeaderElection4] INFO  server.RaftServerConfigKeys (ConfUtils.java:logGet(44)) - raft.server.log.appender.buffer.byte-limit = 33554432 (custom)
2020-11-19 13:22:07,224 [omNode-3@group-523986131536-LeaderElection4] INFO  server.RaftServerConfigKeys (ConfUtils.java:logGet(44)) - raft.server.log.appender.buffer.element-limit = 1024 (custom)
2020-11-19 13:22:07,224 [omNode-3@group-523986131536-LeaderElection4] INFO  grpc.GrpcConfigKeys (ConfUtils.java:logGet(44)) - raft.grpc.server.leader.outstanding.appends.max = 128 (default)
2020-11-19 13:22:07,224 [omNode-3@group-523986131536-LeaderElection4] INFO  server.RaftServerConfigKeys (ConfUtils.java:logGet(44)) - raft.server.rpc.request.timeout = 3000ms (default)
2020-11-19 13:22:07,224 [omNode-3@group-523986131536-LeaderElection4] INFO  server.RaftServerConfigKeys (ConfUtils.java:logGet(44)) - raft.server.log.appender.install.snapshot.enabled = false (custom)
2020-11-19 13:22:07,228 [omNode-3@group-523986131536-LeaderElection4] INFO  impl.RoleInfo (RoleInfo.java:updateAndGet(143)) - omNode-3: start LeaderState
2020-11-19 13:22:07,252 [omNode-3@group-523986131536-LeaderElection4] INFO  segmented.SegmentedRaftLogWorker (SegmentedRaftLogWorker.java:startLogSegment(397)) - omNode-3@group-523986131536-SegmentedRaftLogWorker: Starting segment from index:0
2020-11-19 13:22:07,295 [omNode-3@group-523986131536-LeaderElection4] INFO  impl.RaftServerImpl (ServerState.java:setRaftConf(374)) - omNode-3@group-523986131536: set configuration 0: [omNode-3:localhost:12764:0, omNode-1:localhost:12752:0, omNode-2:localhost:12758:0], old=null at 0
2020-11-19 13:22:07,340 [grpc-default-executor-1] INFO  impl.RaftServerImpl (ServerState.java:setLeader(256)) - omNode-1@group-523986131536: change Leader from null to omNode-3 at term 2 for appendEntries, leader elected after 3387ms
2020-11-19 13:22:07,372 [grpc-default-executor-1] INFO  impl.RaftServerImpl (ServerState.java:setRaftConf(374)) - omNode-1@group-523986131536: set configuration 0: [omNode-3:localhost:12764:0, omNode-1:localhost:12752:0, omNode-2:localhost:12758:0], old=null at 0
2020-11-19 13:22:07,372 [grpc-default-executor-1] INFO  segmented.SegmentedRaftLogWorker (SegmentedRaftLogWorker.java:startLogSegment(397)) - omNode-1@group-523986131536-SegmentedRaftLogWorker: Starting segment from index:0
2020-11-19 13:22:07,408 [grpc-default-executor-1] INFO  impl.RaftServerImpl (ServerState.java:setLeader(256)) - omNode-2@group-523986131536: change Leader from null to omNode-3 at term 2 for appendEntries, leader elected after 3027ms
2020-11-19 13:22:07,414 [grpc-default-executor-1] INFO  impl.RaftServerImpl (ServerState.java:setRaftConf(374)) - omNode-2@group-523986131536: set configuration 0: [omNode-3:localhost:12764:0, omNode-1:localhost:12752:0, omNode-2:localhost:12758:0], old=null at 0
2020-11-19 13:22:07,415 [grpc-default-executor-1] INFO  segmented.SegmentedRaftLogWorker (SegmentedRaftLogWorker.java:startLogSegment(397)) - omNode-2@group-523986131536-SegmentedRaftLogWorker: Starting segment from index:0
2020-11-19 13:22:07,436 [EndpointStateMachine task thread for /0.0.0.0:35851 - 0 ] INFO  ozoneimpl.OzoneContainer (OzoneContainer.java:start(243)) - Attempting to start container services.
2020-11-19 13:22:07,438 [EndpointStateMachine task thread for /0.0.0.0:35851 - 0 ] INFO  ozoneimpl.OzoneContainer (OzoneContainer.java:startContainerScrub(207)) - Background container scanner has been disabled.
2020-11-19 13:22:07,438 [EndpointStateMachine task thread for /0.0.0.0:35851 - 0 ] INFO  ratis.XceiverServerRatis (XceiverServerRatis.java:start(456)) - Starting XceiverServerRatis 19dac6ad-87db-45e4-a3cf-3b2f37a879e5 at port 0
2020-11-19 13:22:07,467 [EndpointStateMachine task thread for /0.0.0.0:35851 - 0 ] INFO  impl.RaftServerProxy (RaftServerProxy.java:lambda$start$3(307)) - 19dac6ad-87db-45e4-a3cf-3b2f37a879e5: start RPC server
2020-11-19 13:22:07,486 [EndpointStateMachine task thread for /0.0.0.0:35851 - 0 ] INFO  server.GrpcService (GrpcService.java:startImpl(177)) - 19dac6ad-87db-45e4-a3cf-3b2f37a879e5: GrpcService started, listening on 0.0.0.0/0.0.0.0:41227
2020-11-19 13:22:07,486 [EndpointStateMachine task thread for /0.0.0.0:35851 - 0 ] INFO  ratis.XceiverServerRatis (XceiverServerRatis.java:start(468)) - XceiverServerRatis 19dac6ad-87db-45e4-a3cf-3b2f37a879e5 is started using port 41227
2020-11-19 13:22:07,488 [EndpointStateMachine task thread for /0.0.0.0:35851 - 0 ] INFO  server.XceiverServerGrpc (XceiverServerGrpc.java:start(145)) - XceiverServerGrpc 19dac6ad-87db-45e4-a3cf-3b2f37a879e5 is started using port 43909
2020-11-19 13:22:07,594 [omNode-3@group-523986131536-SegmentedRaftLogWorker] INFO  segmented.SegmentedRaftLogWorker (SegmentedRaftLogWorker.java:execute(596)) - omNode-3@group-523986131536-SegmentedRaftLogWorker: created new log segment /github/workspace/mnt/ozone/hadoop-ozone/integration-test/target/test-dir/MiniOzoneClusterImpl-6709ef09-1056-4c4b-8c83-ecdc17148cc3/omNode-3/ratis/c9bc4cf4-3bc3-3c60-a66b-523986131536/current/log_inprogress_0
2020-11-19 13:22:07,596 [omNode-1@group-523986131536-SegmentedRaftLogWorker] INFO  segmented.SegmentedRaftLogWorker (SegmentedRaftLogWorker.java:execute(596)) - omNode-1@group-523986131536-SegmentedRaftLogWorker: created new log segment /github/workspace/mnt/ozone/hadoop-ozone/integration-test/target/test-dir/MiniOzoneClusterImpl-6709ef09-1056-4c4b-8c83-ecdc17148cc3/omNode-1/ratis/c9bc4cf4-3bc3-3c60-a66b-523986131536/current/log_inprogress_0
2020-11-19 13:22:07,597 [omNode-2@group-523986131536-SegmentedRaftLogWorker] INFO  segmented.SegmentedRaftLogWorker (SegmentedRaftLogWorker.java:execute(596)) - omNode-2@group-523986131536-SegmentedRaftLogWorker: created new log segment /github/workspace/mnt/ozone/hadoop-ozone/integration-test/target/test-dir/MiniOzoneClusterImpl-6709ef09-1056-4c4b-8c83-ecdc17148cc3/omNode-2/ratis/c9bc4cf4-3bc3-3c60-a66b-523986131536/current/log_inprogress_0
2020-11-19 13:22:07,793 [EndpointStateMachine task thread for /0.0.0.0:35851 - 0 ] INFO  ozoneimpl.OzoneContainer (OzoneContainer.java:start(243)) - Attempting to start container services.
2020-11-19 13:22:07,796 [EndpointStateMachine task thread for /0.0.0.0:35851 - 0 ] INFO  ozoneimpl.OzoneContainer (OzoneContainer.java:startContainerScrub(207)) - Background container scanner has been disabled.
2020-11-19 13:22:07,796 [EndpointStateMachine task thread for /0.0.0.0:35851 - 0 ] INFO  ratis.XceiverServerRatis (XceiverServerRatis.java:start(456)) - Starting XceiverServerRatis f6d7b2bb-47be-46a7-95a8-45684a60ede4 at port 0
2020-11-19 13:22:07,797 [EndpointStateMachine task thread for /0.0.0.0:35851 - 0 ] INFO  impl.RaftServerProxy (RaftServerProxy.java:lambda$start$3(307)) - f6d7b2bb-47be-46a7-95a8-45684a60ede4: start RPC server
2020-11-19 13:22:07,806 [EndpointStateMachine task thread for /0.0.0.0:35851 - 0 ] INFO  server.GrpcService (GrpcService.java:startImpl(177)) - f6d7b2bb-47be-46a7-95a8-45684a60ede4: GrpcService started, listening on 0.0.0.0/0.0.0.0:32931
2020-11-19 13:22:07,806 [EndpointStateMachine task thread for /0.0.0.0:35851 - 0 ] INFO  ratis.XceiverServerRatis (XceiverServerRatis.java:start(468)) - XceiverServerRatis f6d7b2bb-47be-46a7-95a8-45684a60ede4 is started using port 32931
2020-11-19 13:22:07,807 [EndpointStateMachine task thread for /0.0.0.0:35851 - 0 ] INFO  server.XceiverServerGrpc (XceiverServerGrpc.java:start(145)) - XceiverServerGrpc f6d7b2bb-47be-46a7-95a8-45684a60ede4 is started using port 43185
2020-11-19 13:22:08,186 [Listener at 127.0.0.1/12760] INFO  ozone.MiniOzoneClusterImpl (MiniOzoneClusterImpl.java:lambda$waitForClusterToBeReady$0(178)) - Waiting for nodes to be ready. Got 0 of 3 DN Heartbeats.
2020-11-19 13:22:08,186 [Listener at 127.0.0.1/12760] INFO  ozone.MiniOzoneClusterImpl (MiniOzoneClusterImpl.java:lambda$waitForClusterToBeReady$0(181)) - Waiting for cluster to exit safe mode
2020-11-19 13:22:08,203 [EndpointStateMachine task thread for /0.0.0.0:35851 - 0 ] INFO  ozoneimpl.OzoneContainer (OzoneContainer.java:start(243)) - Attempting to start container services.
2020-11-19 13:22:08,203 [EndpointStateMachine task thread for /0.0.0.0:35851 - 0 ] INFO  ozoneimpl.OzoneContainer (OzoneContainer.java:startContainerScrub(207)) - Background container scanner has been disabled.
2020-11-19 13:22:08,203 [EndpointStateMachine task thread for /0.0.0.0:35851 - 0 ] INFO  ratis.XceiverServerRatis (XceiverServerRatis.java:start(456)) - Starting XceiverServerRatis 6732c664-883b-4aa8-9a13-2c69a039c739 at port 0
2020-11-19 13:22:08,210 [EndpointStateMachine task thread for /0.0.0.0:35851 - 0 ] INFO  impl.RaftServerProxy (RaftServerProxy.java:lambda$start$3(307)) - 6732c664-883b-4aa8-9a13-2c69a039c739: start RPC server
2020-11-19 13:22:08,213 [EndpointStateMachine task thread for /0.0.0.0:35851 - 0 ] INFO  server.GrpcService (GrpcService.java:startImpl(177)) - 6732c664-883b-4aa8-9a13-2c69a039c739: GrpcService started, listening on 0.0.0.0/0.0.0.0:41843
2020-11-19 13:22:08,213 [EndpointStateMachine task thread for /0.0.0.0:35851 - 0 ] INFO  ratis.XceiverServerRatis (XceiverServerRatis.java:start(468)) - XceiverServerRatis 6732c664-883b-4aa8-9a13-2c69a039c739 is started using port 41843
2020-11-19 13:22:08,213 [EndpointStateMachine task thread for /0.0.0.0:35851 - 0 ] INFO  server.XceiverServerGrpc (XceiverServerGrpc.java:start(145)) - XceiverServerGrpc 6732c664-883b-4aa8-9a13-2c69a039c739 is started using port 44943
2020-11-19 13:22:09,186 [Listener at 127.0.0.1/12760] INFO  ozone.MiniOzoneClusterImpl (MiniOzoneClusterImpl.java:lambda$waitForClusterToBeReady$0(178)) - Waiting for nodes to be ready. Got 0 of 3 DN Heartbeats.
2020-11-19 13:22:09,187 [Listener at 127.0.0.1/12760] INFO  ozone.MiniOzoneClusterImpl (MiniOzoneClusterImpl.java:lambda$waitForClusterToBeReady$0(181)) - Waiting for cluster to exit safe mode
2020-11-19 13:22:09,242 [IPC Server handler 13 on default port 35851] INFO  net.NetworkTopologyImpl (NetworkTopologyImpl.java:add(111)) - Added a new node: /default-rack/19dac6ad-87db-45e4-a3cf-3b2f37a879e5
2020-11-19 13:22:09,245 [IPC Server handler 13 on default port 35851] INFO  node.SCMNodeManager (SCMNodeManager.java:register(282)) - Registered Data node : 19dac6ad-87db-45e4-a3cf-3b2f37a879e5{ip: 172.17.0.2, host: 890f8149b140, networkLocation: /default-rack, certSerialId: null}
2020-11-19 13:22:09,249 [EventQueue-NodeRegistrationContainerReportForContainerSafeModeRule] INFO  safemode.SCMSafeModeManager (SCMSafeModeManager.java:validateSafeModeExitRules(214)) - ContainerSafeModeRule rule is successfully validated
2020-11-19 13:22:09,250 [EventQueue-NodeRegistrationContainerReportForDataNodeSafeModeRule] INFO  safemode.SCMSafeModeManager (DataNodeSafeModeRule.java:process(71)) - SCM in safe mode. 1 DataNodes registered, 1 required.
2020-11-19 13:22:09,250 [EventQueue-NodeRegistrationContainerReportForDataNodeSafeModeRule] INFO  safemode.SCMSafeModeManager (SCMSafeModeManager.java:validateSafeModeExitRules(214)) - DataNodeSafeModeRule rule is successfully validated
2020-11-19 13:22:09,250 [EventQueue-NodeRegistrationContainerReportForDataNodeSafeModeRule] INFO  safemode.SCMSafeModeManager (SCMSafeModeManager.java:completePreCheck(242)) - All SCM safe mode pre check rules have passed
2020-11-19 13:22:09,401 [EventQueue-PipelineReportForOneReplicaPipelineSafeModeRule] INFO  safemode.SCMSafeModeManager (SCMSafeModeManager.java:validateSafeModeExitRules(214)) - AtleastOneDatanodeReportedRule rule is successfully validated
2020-11-19 13:22:09,429 [RatisPipelineUtilsThread] INFO  pipeline.RatisPipelineProvider (RatisPipelineProvider.java:lambda$create$0(161)) - Sending CreatePipelineCommand for pipeline:PipelineID=3ab67727-e20a-48b8-b0e5-7aed87a7bf84 to datanode:19dac6ad-87db-45e4-a3cf-3b2f37a879e5
2020-11-19 13:22:09,444 [RatisPipelineUtilsThread] INFO  pipeline.PipelineStateManager (PipelineStateManager.java:addPipeline(54)) - Created pipeline Pipeline[ Id: 3ab67727-e20a-48b8-b0e5-7aed87a7bf84, Nodes: 19dac6ad-87db-45e4-a3cf-3b2f37a879e5{ip: 172.17.0.2, host: 890f8149b140, networkLocation: /default-rack, certSerialId: null}, Type:RATIS, Factor:ONE, State:ALLOCATED, leaderId:, CreationTimestamp2020-11-19T13:22:09.416Z]
2020-11-19 13:22:09,447 [RatisPipelineUtilsThread] WARN  pipeline.PipelinePlacementPolicy (PipelinePlacementPolicy.java:filterViableNodes(138)) - Pipeline creation failed due to no sufficient healthy datanodes. Required 3. Found 1.
2020-11-19 13:22:09,792 [IPC Server handler 3 on default port 35851] INFO  net.NetworkTopologyImpl (NetworkTopologyImpl.java:add(111)) - Added a new node: /default-rack/f6d7b2bb-47be-46a7-95a8-45684a60ede4
2020-11-19 13:22:09,792 [IPC Server handler 3 on default port 35851] INFO  node.SCMNodeManager (SCMNodeManager.java:register(282)) - Registered Data node : f6d7b2bb-47be-46a7-95a8-45684a60ede4{ip: 172.17.0.2, host: 890f8149b140, networkLocation: /default-rack, certSerialId: null}
2020-11-19 13:22:09,792 [EventQueue-NodeRegistrationContainerReportForContainerSafeModeRule] INFO  safemode.SCMSafeModeManager (SCMSafeModeManager.java:validateSafeModeExitRules(214)) - ContainerSafeModeRule rule is successfully validated
2020-11-19 13:22:09,792 [EventQueue-NodeRegistrationContainerReportForDataNodeSafeModeRule] INFO  safemode.SCMSafeModeManager (SCMSafeModeManager.java:validateSafeModeExitRules(214)) - DataNodeSafeModeRule rule is successfully validated
2020-11-19 13:22:09,793 [EventQueue-PipelineReportForOneReplicaPipelineSafeModeRule] INFO  safemode.SCMSafeModeManager (SCMSafeModeManager.java:validateSafeModeExitRules(214)) - AtleastOneDatanodeReportedRule rule is successfully validated
2020-11-19 13:22:09,794 [RatisPipelineUtilsThread] INFO  pipeline.RatisPipelineProvider (RatisPipelineProvider.java:lambda$create$0(161)) - Sending CreatePipelineCommand for pipeline:PipelineID=f9ab3ecd-d6d3-49dd-8db9-991c591f02c0 to datanode:f6d7b2bb-47be-46a7-95a8-45684a60ede4
2020-11-19 13:22:09,794 [RatisPipelineUtilsThread] INFO  pipeline.PipelineStateManager (PipelineStateManager.java:addPipeline(54)) - Created pipeline Pipeline[ Id: f9ab3ecd-d6d3-49dd-8db9-991c591f02c0, Nodes: f6d7b2bb-47be-46a7-95a8-45684a60ede4{ip: 172.17.0.2, host: 890f8149b140, networkLocation: /default-rack, certSerialId: null}, Type:RATIS, Factor:ONE, State:ALLOCATED, leaderId:, CreationTimestamp2020-11-19T13:22:09.793Z]
2020-11-19 13:22:09,794 [RatisPipelineUtilsThread] WARN  pipeline.PipelinePlacementPolicy (PipelinePlacementPolicy.java:filterViableNodes(138)) - Pipeline creation failed due to no sufficient healthy datanodes. Required 3. Found 2.
2020-11-19 13:22:10,187 [Listener at 127.0.0.1/12760] INFO  ozone.MiniOzoneClusterImpl (MiniOzoneClusterImpl.java:lambda$waitForClusterToBeReady$0(178)) - Waiting for nodes to be ready. Got 2 of 3 DN Heartbeats.
2020-11-19 13:22:10,187 [Listener at 127.0.0.1/12760] INFO  ozone.MiniOzoneClusterImpl (MiniOzoneClusterImpl.java:lambda$waitForClusterToBeReady$0(181)) - Waiting for cluster to exit safe mode
2020-11-19 13:22:10,196 [IPC Server handler 16 on default port 35851] INFO  net.NetworkTopologyImpl (NetworkTopologyImpl.java:add(111)) - Added a new node: /default-rack/6732c664-883b-4aa8-9a13-2c69a039c739
2020-11-19 13:22:10,196 [IPC Server handler 16 on default port 35851] INFO  node.SCMNodeManager (SCMNodeManager.java:register(282)) - Registered Data node : 6732c664-883b-4aa8-9a13-2c69a039c739{ip: 172.17.0.2, host: 890f8149b140, networkLocation: /default-rack, certSerialId: null}
2020-11-19 13:22:10,196 [EventQueue-NodeRegistrationContainerReportForContainerSafeModeRule] INFO  safemode.SCMSafeModeManager (SCMSafeModeManager.java:validateSafeModeExitRules(214)) - ContainerSafeModeRule rule is successfully validated
2020-11-19 13:22:10,197 [EventQueue-NodeRegistrationContainerReportForDataNodeSafeModeRule] INFO  safemode.SCMSafeModeManager (SCMSafeModeManager.java:validateSafeModeExitRules(214)) - DataNodeSafeModeRule rule is successfully validated
2020-11-19 13:22:10,197 [EventQueue-PipelineReportForOneReplicaPipelineSafeModeRule] INFO  safemode.SCMSafeModeManager (SCMSafeModeManager.java:validateSafeModeExitRules(214)) - AtleastOneDatanodeReportedRule rule is successfully validated
2020-11-19 13:22:10,197 [RatisPipelineUtilsThread] INFO  pipeline.RatisPipelineProvider (RatisPipelineProvider.java:lambda$create$0(161)) - Sending CreatePipelineCommand for pipeline:PipelineID=2d599fdc-4179-480d-8d46-05d14d3910ff to datanode:6732c664-883b-4aa8-9a13-2c69a039c739
2020-11-19 13:22:10,197 [RatisPipelineUtilsThread] INFO  pipeline.PipelineStateManager (PipelineStateManager.java:addPipeline(54)) - Created pipeline Pipeline[ Id: 2d599fdc-4179-480d-8d46-05d14d3910ff, Nodes: 6732c664-883b-4aa8-9a13-2c69a039c739{ip: 172.17.0.2, host: 890f8149b140, networkLocation: /default-rack, certSerialId: null}, Type:RATIS, Factor:ONE, State:ALLOCATED, leaderId:, CreationTimestamp2020-11-19T13:22:10.197Z]
2020-11-19 13:22:10,200 [RatisPipelineUtilsThread] INFO  pipeline.RatisPipelineProvider (RatisPipelineProvider.java:lambda$create$0(161)) - Sending CreatePipelineCommand for pipeline:PipelineID=1c149a9f-0109-4f2f-af69-d5db00d2266b to datanode:f6d7b2bb-47be-46a7-95a8-45684a60ede4
2020-11-19 13:22:10,201 [RatisPipelineUtilsThread] INFO  pipeline.RatisPipelineProvider (RatisPipelineProvider.java:lambda$create$0(161)) - Sending CreatePipelineCommand for pipeline:PipelineID=1c149a9f-0109-4f2f-af69-d5db00d2266b to datanode:19dac6ad-87db-45e4-a3cf-3b2f37a879e5
2020-11-19 13:22:10,201 [RatisPipelineUtilsThread] INFO  pipeline.RatisPipelineProvider (RatisPipelineProvider.java:lambda$create$0(161)) - Sending CreatePipelineCommand for pipeline:PipelineID=1c149a9f-0109-4f2f-af69-d5db00d2266b to datanode:6732c664-883b-4aa8-9a13-2c69a039c739
2020-11-19 13:22:10,201 [RatisPipelineUtilsThread] INFO  pipeline.PipelineStateManager (PipelineStateManager.java:addPipeline(54)) - Created pipeline Pipeline[ Id: 1c149a9f-0109-4f2f-af69-d5db00d2266b, Nodes: f6d7b2bb-47be-46a7-95a8-45684a60ede4{ip: 172.17.0.2, host: 890f8149b140, networkLocation: /default-rack, certSerialId: null}19dac6ad-87db-45e4-a3cf-3b2f37a879e5{ip: 172.17.0.2, host: 890f8149b140, networkLocation: /default-rack, certSerialId: null}6732c664-883b-4aa8-9a13-2c69a039c739{ip: 172.17.0.2, host: 890f8149b140, networkLocation: /default-rack, certSerialId: null}, Type:RATIS, Factor:THREE, State:ALLOCATED, leaderId:, CreationTimestamp2020-11-19T13:22:10.200Z]
2020-11-19 13:22:11,187 [Listener at 127.0.0.1/12760] INFO  ozone.MiniOzoneClusterImpl (MiniOzoneClusterImpl.java:lambda$waitForClusterToBeReady$0(178)) - Nodes are ready. Got 3 of 3 DN Heartbeats.
2020-11-19 13:22:11,187 [Listener at 127.0.0.1/12760] INFO  ozone.MiniOzoneClusterImpl (MiniOzoneClusterImpl.java:lambda$waitForClusterToBeReady$0(181)) - Waiting for cluster to exit safe mode
2020-11-19 13:22:12,188 [Listener at 127.0.0.1/12760] INFO  ozone.MiniOzoneClusterImpl (MiniOzoneClusterImpl.java:lambda$waitForClusterToBeReady$0(178)) - Nodes are ready. Got 3 of 3 DN Heartbeats.
2020-11-19 13:22:12,188 [Listener at 127.0.0.1/12760] INFO  ozone.MiniOzoneClusterImpl (MiniOzoneClusterImpl.java:lambda$waitForClusterToBeReady$0(181)) - Waiting for cluster to exit safe mode
2020-11-19 13:22:12,218 [Command processor thread] INFO  impl.RaftServerProxy (RaftServerProxy.java:addNew(92)) - 19dac6ad-87db-45e4-a3cf-3b2f37a879e5: addNew group-7AED87A7BF84:[19dac6ad-87db-45e4-a3cf-3b2f37a879e5:172.17.0.2:41227:0] returns group-7AED87A7BF84:java.util.concurrent.CompletableFuture@779cb0ed[Not completed]
2020-11-19 13:22:12,251 [pool-70-thread-1] INFO  impl.RaftServerImpl (RaftServerImpl.java:<init>(120)) - 19dac6ad-87db-45e4-a3cf-3b2f37a879e5: new RaftServerImpl for group-7AED87A7BF84:[19dac6ad-87db-45e4-a3cf-3b2f37a879e5:172.17.0.2:41227:0] with ContainerStateMachine:uninitialized
2020-11-19 13:22:12,256 [pool-70-thread-1] INFO  server.RaftServerConfigKeys (ConfUtils.java:logGet(44)) - raft.server.rpc.timeout.min = 5s (custom)
2020-11-19 13:22:12,256 [pool-70-thread-1] INFO  server.RaftServerConfigKeys (ConfUtils.java:logGet(44)) - raft.server.rpc.timeout.max = 5200ms (custom)
2020-11-19 13:22:12,256 [pool-70-thread-1] INFO  server.RaftServerConfigKeys (ConfUtils.java:logGet(44)) - raft.server.rpcslowness.timeout = 300s (custom)
2020-11-19 13:22:12,256 [pool-70-thread-1] INFO  server.RaftServerConfigKeys (ConfUtils.java:logGet(44)) - raft.server.sleep.deviation.threshold = 300 (default)
2020-11-19 13:22:12,257 [pool-70-thread-1] INFO  server.RaftServerConfigKeys (ConfUtils.java:logGet(44)) - raft.server.log.appender.install.snapshot.enabled = false (custom)
2020-11-19 13:22:12,257 [pool-70-thread-1] INFO  impl.RaftServerImpl (ServerState.java:<init>(104)) - 19dac6ad-87db-45e4-a3cf-3b2f37a879e5@group-7AED87A7BF84: ConfigurationManager, init=-1: [19dac6ad-87db-45e4-a3cf-3b2f37a879e5:172.17.0.2:41227:0], old=null, confs=<EMPTY_MAP>
2020-11-19 13:22:12,257 [pool-70-thread-1] INFO  server.RaftServerConfigKeys (ConfUtils.java:logGet(44)) - raft.server.storage.dir = [/github/workspace/mnt/ozone/hadoop-ozone/integration-test/target/test-dir/MiniOzoneClusterImpl-6709ef09-1056-4c4b-8c83-ecdc17148cc3/datanode-0/data/ratis] (custom)
2020-11-19 13:22:12,257 [pool-70-thread-1] INFO  server.RaftServerConfigKeys (ConfUtils.java:logGet(44)) - raft.server.log.corruption.policy = EXCEPTION (default)
2020-11-19 13:22:12,257 [pool-70-thread-1] INFO  storage.RaftStorageDirectory (RaftStorageDirectory.java:analyzeStorage(261)) - The storage directory /github/workspace/mnt/ozone/hadoop-ozone/integration-test/target/test-dir/MiniOzoneClusterImpl-6709ef09-1056-4c4b-8c83-ecdc17148cc3/datanode-0/data/ratis/3ab67727-e20a-48b8-b0e5-7aed87a7bf84 does not exist. Creating ...
2020-11-19 13:22:12,259 [pool-70-thread-1] INFO  storage.RaftStorageDirectory (RaftStorageDirectory.java:tryLock(343)) - Lock on /github/workspace/mnt/ozone/hadoop-ozone/integration-test/target/test-dir/MiniOzoneClusterImpl-6709ef09-1056-4c4b-8c83-ecdc17148cc3/datanode-0/data/ratis/3ab67727-e20a-48b8-b0e5-7aed87a7bf84/in_use.lock acquired by nodename 24697@890f8149b140
2020-11-19 13:22:12,261 [pool-70-thread-1] INFO  storage.RaftStorage (RaftStorage.java:format(84)) - Storage directory /github/workspace/mnt/ozone/hadoop-ozone/integration-test/target/test-dir/MiniOzoneClusterImpl-6709ef09-1056-4c4b-8c83-ecdc17148cc3/datanode-0/data/ratis/3ab67727-e20a-48b8-b0e5-7aed87a7bf84 has been successfully formatted.
2020-11-19 13:22:12,267 [pool-70-thread-1] INFO  ratis.ContainerStateMachine (ContainerStateMachine.java:loadSnapshot(225)) - group-7AED87A7BF84: The snapshot info is null. Setting the last applied indexto:(t:0, i:~)
2020-11-19 13:22:12,267 [pool-70-thread-1] INFO  server.RaftServerConfigKeys (ConfUtils.java:logGet(44)) - raft.server.notification.no-leader.timeout = 300s (custom)
2020-11-19 13:22:12,267 [pool-70-thread-1] INFO  server.RaftServerConfigKeys (ConfUtils.java:logGet(44)) - raft.server.log.use.memory = false (default)
2020-11-19 13:22:12,267 [pool-70-thread-1] INFO  server.RaftServerConfigKeys (ConfUtils.java:logGet(44)) - raft.server.log.purge.gap = 1000000 (custom)
2020-11-19 13:22:12,267 [pool-70-thread-1] INFO  metrics.RatisMetrics (RatisMetrics.java:lambda$create$0(36)) - Creating Metrics Registry : ratis.log_worker.19dac6ad-87db-45e4-a3cf-3b2f37a879e5@group-7AED87A7BF84
2020-11-19 13:22:12,267 [pool-70-thread-1] INFO  server.RaftServerConfigKeys (ConfUtils.java:logGet(44)) - raft.server.log.appender.buffer.byte-limit = 33554432 (custom)
2020-11-19 13:22:12,267 [pool-70-thread-1] INFO  server.RaftServerConfigKeys (ConfUtils.java:logGet(44)) - raft.server.log.segment.size.max = 1048576 (custom)
2020-11-19 13:22:12,268 [pool-70-thread-1] INFO  server.RaftServerConfigKeys (ConfUtils.java:logGet(44)) - raft.server.log.segment.cache.num.max = 2 (custom)
2020-11-19 13:22:12,268 [pool-70-thread-1] INFO  segmented.SegmentedRaftLogWorker (SegmentedRaftLogWorker.java:<init>(180)) - new 19dac6ad-87db-45e4-a3cf-3b2f37a879e5@group-7AED87A7BF84-SegmentedRaftLogWorker for RaftStorage:Storage Directory /github/workspace/mnt/ozone/hadoop-ozone/integration-test/target/test-dir/MiniOzoneClusterImpl-6709ef09-1056-4c4b-8c83-ecdc17148cc3/datanode-0/data/ratis/3ab67727-e20a-48b8-b0e5-7aed87a7bf84
2020-11-19 13:22:12,268 [pool-70-thread-1] INFO  server.RaftServerConfigKeys (ConfUtils.java:logGet(44)) - raft.server.log.queue.byte-limit = 2147483647 (custom)
2020-11-19 13:22:12,268 [pool-70-thread-1] INFO  server.RaftServerConfigKeys (ConfUtils.java:logGet(44)) - raft.server.log.queue.element-limit = 1024 (custom)
2020-11-19 13:22:12,269 [pool-70-thread-1] INFO  server.RaftServerConfigKeys (ConfUtils.java:logGet(44)) - raft.server.log.segment.size.max = 1048576 (custom)
2020-11-19 13:22:12,269 [pool-70-thread-1] INFO  server.RaftServerConfigKeys (ConfUtils.java:logGet(44)) - raft.server.log.preallocated.size = 16384 (custom)
2020-11-19 13:22:12,269 [pool-70-thread-1] INFO  server.RaftServerConfigKeys (ConfUtils.java:logGet(44)) - raft.server.log.write.buffer.size = 1048576 (custom)
2020-11-19 13:22:12,274 [pool-70-thread-1] INFO  server.RaftServerConfigKeys (ConfUtils.java:logGet(44)) - raft.server.log.force.sync.num = 128 (default)
2020-11-19 13:22:12,274 [pool-70-thread-1] INFO  server.RaftServerConfigKeys (ConfUtils.java:logGet(44)) - raft.server.log.statemachine.data.sync = true (default)
2020-11-19 13:22:12,274 [pool-70-thread-1] INFO  server.RaftServerConfigKeys (ConfUtils.java:logGet(44)) - raft.server.log.statemachine.data.sync.timeout = 10s (default)
2020-11-19 13:22:12,274 [pool-70-thread-1] INFO  server.RaftServerConfigKeys (ConfUtils.java:logGet(44)) - raft.server.log.statemachine.data.sync.timeout.retry = -1 (default)
2020-11-19 13:22:12,276 [pool-70-thread-1] INFO  server.RaftServerConfigKeys (ConfUtils.java:logGet(44)) - raft.server.log.statemachine.data.caching.enabled = true (custom)
2020-11-19 13:22:12,281 [pool-70-thread-1] INFO  segmented.SegmentedRaftLogWorker (SegmentedRaftLogWorker.java:lambda$new$0(129)) - 19dac6ad-87db-45e4-a3cf-3b2f37a879e5@group-7AED87A7BF84-SegmentedRaftLogWorker: flushIndex: setUnconditionally 0 -> -1
2020-11-19 13:22:12,281 [pool-70-thread-1] INFO  segmented.SegmentedRaftLogWorker (SegmentedRaftLogWorker.java:lambda$new$0(129)) - 19dac6ad-87db-45e4-a3cf-3b2f37a879e5@group-7AED87A7BF84-SegmentedRaftLogWorker: safeCacheEvictIndex: setUnconditionally 0 -> -1
2020-11-19 13:22:12,290 [pool-70-thread-1] INFO  server.RaftServerConfigKeys (ConfUtils.java:logGet(44)) - raft.server.snapshot.auto.trigger.enabled = true (custom)
2020-11-19 13:22:12,290 [pool-70-thread-1] INFO  server.RaftServerConfigKeys (ConfUtils.java:logGet(44)) - raft.server.snapshot.auto.trigger.threshold = 10000 (custom)
2020-11-19 13:22:12,290 [pool-70-thread-1] INFO  server.RaftServerConfigKeys (ConfUtils.java:logGet(44)) - raft.server.snapshot.retention.file.num = 5 (custom)
2020-11-19 13:22:12,290 [pool-70-thread-1] INFO  server.RaftServerConfigKeys (ConfUtils.java:logGet(44)) - raft.server.log.purge.upto.snapshot.index = false (default)
2020-11-19 13:22:12,290 [pool-70-thread-1] INFO  server.RaftServerConfigKeys (ConfUtils.java:logGet(44)) - raft.server.retrycache.expirytime = 600000ms (custom)
2020-11-19 13:22:12,291 [pool-70-thread-1] INFO  metrics.RatisMetrics (RatisMetrics.java:lambda$create$0(36)) - Creating Metrics Registry : ratis.leader_election.19dac6ad-87db-45e4-a3cf-3b2f37a879e5@group-7AED87A7BF84
2020-11-19 13:22:12,291 [pool-70-thread-1] INFO  metrics.RatisMetrics (RatisMetrics.java:lambda$create$0(36)) - Creating Metrics Registry : ratis.server.19dac6ad-87db-45e4-a3cf-3b2f37a879e5@group-7AED87A7BF84
2020-11-19 13:22:12,292 [pool-70-thread-1] INFO  impl.RaftServerImpl (RaftServerImpl.java:start(209)) - 19dac6ad-87db-45e4-a3cf-3b2f37a879e5@group-7AED87A7BF84: start as a follower, conf=-1: [19dac6ad-87db-45e4-a3cf-3b2f37a879e5:172.17.0.2:41227:0], old=null
2020-11-19 13:22:12,292 [pool-70-thread-1] INFO  impl.RaftServerImpl (RaftServerImpl.java:setRole(198)) - 19dac6ad-87db-45e4-a3cf-3b2f37a879e5@group-7AED87A7BF84: changes role from      null to FOLLOWER at term 0 for startAsFollower
2020-11-19 13:22:12,292 [pool-70-thread-1] INFO  impl.RoleInfo (RoleInfo.java:updateAndGet(143)) - 19dac6ad-87db-45e4-a3cf-3b2f37a879e5: start FollowerState
2020-11-19 13:22:12,293 [EventQueue-PipelineReportForPipelineReportHandler] INFO  pipeline.PipelineStateManager (PipelineStateManager.java:openPipeline(132)) - Pipeline Pipeline[ Id: 3ab67727-e20a-48b8-b0e5-7aed87a7bf84, Nodes: 19dac6ad-87db-45e4-a3cf-3b2f37a879e5{ip: 172.17.0.2, host: 890f8149b140, networkLocation: /default-rack, certSerialId: null}, Type:RATIS, Factor:ONE, State:ALLOCATED, leaderId:19dac6ad-87db-45e4-a3cf-3b2f37a879e5, CreationTimestamp2020-11-19T13:22:09.416Z] moved to OPEN state
2020-11-19 13:22:12,294 [EventQueue-PipelineReportForOneReplicaPipelineSafeModeRule] INFO  safemode.SCMSafeModeManager (SCMSafeModeManager.java:validateSafeModeExitRules(214)) - AtleastOneDatanodeReportedRule rule is successfully validated
2020-11-19 13:22:12,293 [pool-70-thread-1] INFO  util.JmxRegister (JmxRegister.java:tryRegister(44)) - Successfully registered JMX Bean with object name Ratis:service=RaftServer,group=group-7AED87A7BF84,id=19dac6ad-87db-45e4-a3cf-3b2f37a879e5
2020-11-19 13:22:12,298 [pool-70-thread-1] INFO  metrics.RatisMetrics (RatisMetrics.java:lambda$create$0(36)) - Creating Metrics Registry : ratis.state_machine.19dac6ad-87db-45e4-a3cf-3b2f37a879e5@group-7AED87A7BF84
2020-11-19 13:22:12,298 [EventQueue-OpenPipelineForHealthyPipelineSafeModeRule] INFO  safemode.SCMSafeModeManager (HealthyPipelineSafeModeRule.java:process(128)) - SCM in safe mode. Healthy pipelines reported count is 0, required healthy pipeline reported count is 1
2020-11-19 13:22:12,300 [Command processor thread] INFO  commandhandler.CreatePipelineCommandHandler (CreatePipelineCommandHandler.java:handle(106)) - Created Pipeline RATIS ONE PipelineID=3ab67727-e20a-48b8-b0e5-7aed87a7bf84.
2020-11-19 13:22:12,300 [Command processor thread] INFO  impl.RaftServerProxy (RaftServerProxy.java:addNew(92)) - 19dac6ad-87db-45e4-a3cf-3b2f37a879e5: addNew group-D5DB00D2266B:[f6d7b2bb-47be-46a7-95a8-45684a60ede4:172.17.0.2:32931:0, 6732c664-883b-4aa8-9a13-2c69a039c739:172.17.0.2:41843:0, 19dac6ad-87db-45e4-a3cf-3b2f37a879e5:172.17.0.2:41227:0] returns group-D5DB00D2266B:java.util.concurrent.CompletableFuture@7a223d4b[Not completed]
2020-11-19 13:22:12,301 [pool-70-thread-1] INFO  impl.RaftServerImpl (RaftServerImpl.java:<init>(120)) - 19dac6ad-87db-45e4-a3cf-3b2f37a879e5: new RaftServerImpl for group-D5DB00D2266B:[f6d7b2bb-47be-46a7-95a8-45684a60ede4:172.17.0.2:32931:0, 6732c664-883b-4aa8-9a13-2c69a039c739:172.17.0.2:41843:0, 19dac6ad-87db-45e4-a3cf-3b2f37a879e5:172.17.0.2:41227:0] with ContainerStateMachine:uninitialized
2020-11-19 13:22:12,301 [pool-70-thread-1] INFO  server.RaftServerConfigKeys (ConfUtils.java:logGet(44)) - raft.server.rpc.timeout.min = 5s (custom)
2020-11-19 13:22:12,301 [pool-70-thread-1] INFO  server.RaftServerConfigKeys (ConfUtils.java:logGet(44)) - raft.server.rpc.timeout.max = 5200ms (custom)
2020-11-19 13:22:12,301 [pool-70-thread-1] INFO  server.RaftServerConfigKeys (ConfUtils.java:logGet(44)) - raft.server.rpcslowness.timeout = 300s (custom)
2020-11-19 13:22:12,302 [pool-70-thread-1] INFO  server.RaftServerConfigKeys (ConfUtils.java:logGet(44)) - raft.server.sleep.deviation.threshold = 300 (default)
2020-11-19 13:22:12,302 [pool-70-thread-1] INFO  server.RaftServerConfigKeys (ConfUtils.java:logGet(44)) - raft.server.log.appender.install.snapshot.enabled = false (custom)
2020-11-19 13:22:12,302 [pool-70-thread-1] INFO  impl.RaftServerImpl (ServerState.java:<init>(104)) - 19dac6ad-87db-45e4-a3cf-3b2f37a879e5@group-D5DB00D2266B: ConfigurationManager, init=-1: [f6d7b2bb-47be-46a7-95a8-45684a60ede4:172.17.0.2:32931:0, 6732c664-883b-4aa8-9a13-2c69a039c739:172.17.0.2:41843:0, 19dac6ad-87db-45e4-a3cf-3b2f37a879e5:172.17.0.2:41227:0], old=null, confs=<EMPTY_MAP>
2020-11-19 13:22:12,302 [pool-70-thread-1] INFO  server.RaftServerConfigKeys (ConfUtils.java:logGet(44)) - raft.server.storage.dir = [/github/workspace/mnt/ozone/hadoop-ozone/integration-test/target/test-dir/MiniOzoneClusterImpl-6709ef09-1056-4c4b-8c83-ecdc17148cc3/datanode-0/data/ratis] (custom)
2020-11-19 13:22:12,302 [pool-70-thread-1] INFO  server.RaftServerConfigKeys (ConfUtils.java:logGet(44)) - raft.server.log.corruption.policy = EXCEPTION (default)
2020-11-19 13:22:12,302 [pool-70-thread-1] INFO  storage.RaftStorageDirectory (RaftStorageDirectory.java:analyzeStorage(261)) - The storage directory /github/workspace/mnt/ozone/hadoop-ozone/integration-test/target/test-dir/MiniOzoneClusterImpl-6709ef09-1056-4c4b-8c83-ecdc17148cc3/datanode-0/data/ratis/1c149a9f-0109-4f2f-af69-d5db00d2266b does not exist. Creating ...
2020-11-19 13:22:12,304 [pool-70-thread-1] INFO  storage.RaftStorageDirectory (RaftStorageDirectory.java:tryLock(343)) - Lock on /github/workspace/mnt/ozone/hadoop-ozone/integration-test/target/test-dir/MiniOzoneClusterImpl-6709ef09-1056-4c4b-8c83-ecdc17148cc3/datanode-0/data/ratis/1c149a9f-0109-4f2f-af69-d5db00d2266b/in_use.lock acquired by nodename 24697@890f8149b140
2020-11-19 13:22:12,305 [pool-70-thread-1] INFO  storage.RaftStorage (RaftStorage.java:format(84)) - Storage directory /github/workspace/mnt/ozone/hadoop-ozone/integration-test/target/test-dir/MiniOzoneClusterImpl-6709ef09-1056-4c4b-8c83-ecdc17148cc3/datanode-0/data/ratis/1c149a9f-0109-4f2f-af69-d5db00d2266b has been successfully formatted.
2020-11-19 13:22:12,305 [pool-70-thread-1] INFO  ratis.ContainerStateMachine (ContainerStateMachine.java:loadSnapshot(225)) - group-D5DB00D2266B: The snapshot info is null. Setting the last applied indexto:(t:0, i:~)
2020-11-19 13:22:12,305 [pool-70-thread-1] INFO  server.RaftServerConfigKeys (ConfUtils.java:logGet(44)) - raft.server.notification.no-leader.timeout = 300s (custom)
2020-11-19 13:22:12,306 [pool-70-thread-1] INFO  server.RaftServerConfigKeys (ConfUtils.java:logGet(44)) - raft.server.log.use.memory = false (default)
2020-11-19 13:22:12,306 [pool-70-thread-1] INFO  server.RaftServerConfigKeys (ConfUtils.java:logGet(44)) - raft.server.log.purge.gap = 1000000 (custom)
2020-11-19 13:22:12,306 [pool-70-thread-1] INFO  metrics.RatisMetrics (RatisMetrics.java:lambda$create$0(36)) - Creating Metrics Registry : ratis.log_worker.19dac6ad-87db-45e4-a3cf-3b2f37a879e5@group-D5DB00D2266B
2020-11-19 13:22:12,307 [pool-70-thread-1] INFO  server.RaftServerConfigKeys (ConfUtils.java:logGet(44)) - raft.server.log.appender.buffer.byte-limit = 33554432 (custom)
2020-11-19 13:22:12,307 [pool-70-thread-1] INFO  server.RaftServerConfigKeys (ConfUtils.java:logGet(44)) - raft.server.log.segment.size.max = 1048576 (custom)
2020-11-19 13:22:12,308 [pool-70-thread-1] INFO  server.RaftServerConfigKeys (ConfUtils.java:logGet(44)) - raft.server.log.segment.cache.num.max = 2 (custom)
2020-11-19 13:22:12,308 [pool-70-thread-1] INFO  segmented.SegmentedRaftLogWorker (SegmentedRaftLogWorker.java:<init>(180)) - new 19dac6ad-87db-45e4-a3cf-3b2f37a879e5@group-D5DB00D2266B-SegmentedRaftLogWorker for RaftStorage:Storage Directory /github/workspace/mnt/ozone/hadoop-ozone/integration-test/target/test-dir/MiniOzoneClusterImpl-6709ef09-1056-4c4b-8c83-ecdc17148cc3/datanode-0/data/ratis/1c149a9f-0109-4f2f-af69-d5db00d2266b
2020-11-19 13:22:12,308 [pool-70-thread-1] INFO  server.RaftServerConfigKeys (ConfUtils.java:logGet(44)) - raft.server.log.queue.byte-limit = 2147483647 (custom)
2020-11-19 13:22:12,309 [pool-70-thread-1] INFO  server.RaftServerConfigKeys (ConfUtils.java:logGet(44)) - raft.server.log.queue.element-limit = 1024 (custom)
2020-11-19 13:22:12,309 [pool-70-thread-1] INFO  server.RaftServerConfigKeys (ConfUtils.java:logGet(44)) - raft.server.log.segment.size.max = 1048576 (custom)
2020-11-19 13:22:12,313 [EventQueue-PipelineReportForOneReplicaPipelineSafeModeRule] INFO  safemode.SCMSafeModeManager (SCMSafeModeManager.java:validateSafeModeExitRules(214)) - AtleastOneDatanodeReportedRule rule is successfully validated
2020-11-19 13:22:12,314 [pool-70-thread-1] INFO  server.RaftServerConfigKeys (ConfUtils.java:logGet(44)) - raft.server.log.preallocated.size = 16384 (custom)
2020-11-19 13:22:12,314 [EventQueue-OpenPipelineForHealthyPipelineSafeModeRule] INFO  safemode.SCMSafeModeManager (HealthyPipelineSafeModeRule.java:process(128)) - SCM in safe mode. Healthy pipelines reported count is 0, required healthy pipeline reported count is 1
2020-11-19 13:22:12,314 [pool-70-thread-1] INFO  server.RaftServerConfigKeys (ConfUtils.java:logGet(44)) - raft.server.log.write.buffer.size = 1048576 (custom)
2020-11-19 13:22:12,314 [pool-70-thread-1] INFO  server.RaftServerConfigKeys (ConfUtils.java:logGet(44)) - raft.server.log.force.sync.num = 128 (default)
2020-11-19 13:22:12,314 [pool-70-thread-1] INFO  server.RaftServerConfigKeys (ConfUtils.java:logGet(44)) - raft.server.log.statemachine.data.sync = true (default)
2020-11-19 13:22:12,315 [pool-70-thread-1] INFO  server.RaftServerConfigKeys (ConfUtils.java:logGet(44)) - raft.server.log.statemachine.data.sync.timeout = 10s (default)
2020-11-19 13:22:12,315 [pool-70-thread-1] INFO  server.RaftServerConfigKeys (ConfUtils.java:logGet(44)) - raft.server.log.statemachine.data.sync.timeout.retry = -1 (default)
2020-11-19 13:22:12,316 [pool-70-thread-1] INFO  server.RaftServerConfigKeys (ConfUtils.java:logGet(44)) - raft.server.log.statemachine.data.caching.enabled = true (custom)
2020-11-19 13:22:12,317 [pool-70-thread-1] INFO  segmented.SegmentedRaftLogWorker (SegmentedRaftLogWorker.java:lambda$new$0(129)) - 19dac6ad-87db-45e4-a3cf-3b2f37a879e5@group-D5DB00D2266B-SegmentedRaftLogWorker: flushIndex: setUnconditionally 0 -> -1
2020-11-19 13:22:12,317 [pool-70-thread-1] INFO  segmented.SegmentedRaftLogWorker (SegmentedRaftLogWorker.java:lambda$new$0(129)) - 19dac6ad-87db-45e4-a3cf-3b2f37a879e5@group-D5DB00D2266B-SegmentedRaftLogWorker: safeCacheEvictIndex: setUnconditionally 0 -> -1
2020-11-19 13:22:12,317 [pool-70-thread-1] INFO  server.RaftServerConfigKeys (ConfUtils.java:logGet(44)) - raft.server.snapshot.auto.trigger.enabled = true (custom)
2020-11-19 13:22:12,317 [pool-70-thread-1] INFO  server.RaftServerConfigKeys (ConfUtils.java:logGet(44)) - raft.server.snapshot.auto.trigger.threshold = 10000 (custom)
2020-11-19 13:22:12,317 [pool-70-thread-1] INFO  server.RaftServerConfigKeys (ConfUtils.java:logGet(44)) - raft.server.snapshot.retention.file.num = 5 (custom)
2020-11-19 13:22:12,317 [pool-70-thread-1] INFO  server.RaftServerConfigKeys (ConfUtils.java:logGet(44)) - raft.server.log.purge.upto.snapshot.index = false (default)
2020-11-19 13:22:12,317 [pool-70-thread-1] INFO  server.RaftServerConfigKeys (ConfUtils.java:logGet(44)) - raft.server.retrycache.expirytime = 600000ms (custom)
2020-11-19 13:22:12,317 [pool-70-thread-1] INFO  metrics.RatisMetrics (RatisMetrics.java:lambda$create$0(36)) - Creating Metrics Registry : ratis.leader_election.19dac6ad-87db-45e4-a3cf-3b2f37a879e5@group-D5DB00D2266B
2020-11-19 13:22:12,318 [pool-70-thread-1] INFO  metrics.RatisMetrics (RatisMetrics.java:lambda$create$0(36)) - Creating Metrics Registry : ratis.server.19dac6ad-87db-45e4-a3cf-3b2f37a879e5@group-D5DB00D2266B
2020-11-19 13:22:12,319 [pool-70-thread-1] INFO  impl.RaftServerImpl (RaftServerImpl.java:start(209)) - 19dac6ad-87db-45e4-a3cf-3b2f37a879e5@group-D5DB00D2266B: start as a follower, conf=-1: [f6d7b2bb-47be-46a7-95a8-45684a60ede4:172.17.0.2:32931:0, 6732c664-883b-4aa8-9a13-2c69a039c739:172.17.0.2:41843:0, 19dac6ad-87db-45e4-a3cf-3b2f37a879e5:172.17.0.2:41227:0], old=null
2020-11-19 13:22:12,319 [pool-70-thread-1] INFO  impl.RaftServerImpl (RaftServerImpl.java:setRole(198)) - 19dac6ad-87db-45e4-a3cf-3b2f37a879e5@group-D5DB00D2266B: changes role from      null to FOLLOWER at term 0 for startAsFollower
2020-11-19 13:22:12,319 [pool-70-thread-1] INFO  impl.RoleInfo (RoleInfo.java:updateAndGet(143)) - 19dac6ad-87db-45e4-a3cf-3b2f37a879e5: start FollowerState
2020-11-19 13:22:12,319 [pool-70-thread-1] INFO  util.JmxRegister (JmxRegister.java:tryRegister(44)) - Successfully registered JMX Bean with object name Ratis:service=RaftServer,group=group-D5DB00D2266B,id=19dac6ad-87db-45e4-a3cf-3b2f37a879e5
2020-11-19 13:22:12,319 [pool-70-thread-1] INFO  metrics.RatisMetrics (RatisMetrics.java:lambda$create$0(36)) - Creating Metrics Registry : ratis.state_machine.19dac6ad-87db-45e4-a3cf-3b2f37a879e5@group-D5DB00D2266B
2020-11-19 13:22:12,341 [Command processor thread] INFO  metrics.RatisMetrics (RatisMetrics.java:lambda$create$0(36)) - Creating Metrics Registry : ratis.client_message_metrics.client-3372F6CE4D38->f6d7b2bb-47be-46a7-95a8-45684a60ede4
2020-11-19 13:22:12,361 [grpc-default-executor-1] INFO  metrics.RatisMetrics (RatisMetrics.java:lambda$create$0(36)) - Creating Metrics Registry : ratis.server_message_metrics.f6d7b2bb-47be-46a7-95a8-45684a60ede4
2020-11-19 13:22:12,365 [grpc-default-executor-1] INFO  impl.RaftServerProxy (RaftServerProxy.java:addNew(92)) - f6d7b2bb-47be-46a7-95a8-45684a60ede4: addNew group-D5DB00D2266B:[f6d7b2bb-47be-46a7-95a8-45684a60ede4:172.17.0.2:32931:0, 6732c664-883b-4aa8-9a13-2c69a039c739:172.17.0.2:41843:0, 19dac6ad-87db-45e4-a3cf-3b2f37a879e5:172.17.0.2:41227:0] returns group-D5DB00D2266B:java.util.concurrent.CompletableFuture@52150445[Not completed]
2020-11-19 13:22:12,371 [pool-85-thread-1] INFO  impl.RaftServerImpl (RaftServerImpl.java:<init>(120)) - f6d7b2bb-47be-46a7-95a8-45684a60ede4: new RaftServerImpl for group-D5DB00D2266B:[f6d7b2bb-47be-46a7-95a8-45684a60ede4:172.17.0.2:32931:0, 6732c664-883b-4aa8-9a13-2c69a039c739:172.17.0.2:41843:0, 19dac6ad-87db-45e4-a3cf-3b2f37a879e5:172.17.0.2:41227:0] with ContainerStateMachine:uninitialized
2020-11-19 13:22:12,371 [pool-85-thread-1] INFO  server.RaftServerConfigKeys (ConfUtils.java:logGet(44)) - raft.server.rpc.timeout.min = 5s (custom)
2020-11-19 13:22:12,371 [pool-85-thread-1] INFO  server.RaftServerConfigKeys (ConfUtils.java:logGet(44)) - raft.server.rpc.timeout.max = 5200ms (custom)
2020-11-19 13:22:12,371 [pool-85-thread-1] INFO  server.RaftServerConfigKeys (ConfUtils.java:logGet(44)) - raft.server.rpcslowness.timeout = 300s (custom)
2020-11-19 13:22:12,372 [pool-85-thread-1] INFO  server.RaftServerConfigKeys (ConfUtils.java:logGet(44)) - raft.server.sleep.deviation.threshold = 300 (default)
2020-11-19 13:22:12,372 [pool-85-thread-1] INFO  server.RaftServerConfigKeys (ConfUtils.java:logGet(44)) - raft.server.log.appender.install.snapshot.enabled = false (custom)
2020-11-19 13:22:12,372 [pool-85-thread-1] INFO  impl.RaftServerImpl (ServerState.java:<init>(104)) - f6d7b2bb-47be-46a7-95a8-45684a60ede4@group-D5DB00D2266B: ConfigurationManager, init=-1: [f6d7b2bb-47be-46a7-95a8-45684a60ede4:172.17.0.2:32931:0, 6732c664-883b-4aa8-9a13-2c69a039c739:172.17.0.2:41843:0, 19dac6ad-87db-45e4-a3cf-3b2f37a879e5:172.17.0.2:41227:0], old=null, confs=<EMPTY_MAP>
2020-11-19 13:22:12,372 [pool-85-thread-1] INFO  server.RaftServerConfigKeys (ConfUtils.java:logGet(44)) - raft.server.storage.dir = [/github/workspace/mnt/ozone/hadoop-ozone/integration-test/target/test-dir/MiniOzoneClusterImpl-6709ef09-1056-4c4b-8c83-ecdc17148cc3/datanode-1/data/ratis] (custom)
2020-11-19 13:22:12,373 [pool-85-thread-1] INFO  server.RaftServerConfigKeys (ConfUtils.java:logGet(44)) - raft.server.log.corruption.policy = EXCEPTION (default)
2020-11-19 13:22:12,374 [pool-85-thread-1] INFO  storage.RaftStorageDirectory (RaftStorageDirectory.java:analyzeStorage(261)) - The storage directory /github/workspace/mnt/ozone/hadoop-ozone/integration-test/target/test-dir/MiniOzoneClusterImpl-6709ef09-1056-4c4b-8c83-ecdc17148cc3/datanode-1/data/ratis/1c149a9f-0109-4f2f-af69-d5db00d2266b does not exist. Creating ...
2020-11-19 13:22:12,375 [pool-85-thread-1] INFO  storage.RaftStorageDirectory (RaftStorageDirectory.java:tryLock(343)) - Lock on /github/workspace/mnt/ozone/hadoop-ozone/integration-test/target/test-dir/MiniOzoneClusterImpl-6709ef09-1056-4c4b-8c83-ecdc17148cc3/datanode-1/data/ratis/1c149a9f-0109-4f2f-af69-d5db00d2266b/in_use.lock acquired by nodename 24697@890f8149b140
2020-11-19 13:22:12,377 [pool-85-thread-1] INFO  storage.RaftStorage (RaftStorage.java:format(84)) - Storage directory /github/workspace/mnt/ozone/hadoop-ozone/integration-test/target/test-dir/MiniOzoneClusterImpl-6709ef09-1056-4c4b-8c83-ecdc17148cc3/datanode-1/data/ratis/1c149a9f-0109-4f2f-af69-d5db00d2266b has been successfully formatted.
2020-11-19 13:22:12,380 [pool-85-thread-1] INFO  ratis.ContainerStateMachine (ContainerStateMachine.java:loadSnapshot(225)) - group-D5DB00D2266B: The snapshot info is null. Setting the last applied indexto:(t:0, i:~)
2020-11-19 13:22:12,381 [EventQueue-PipelineReportForOneReplicaPipelineSafeModeRule] INFO  safemode.SCMSafeModeManager (SCMSafeModeManager.java:validateSafeModeExitRules(214)) - AtleastOneDatanodeReportedRule rule is successfully validated
2020-11-19 13:22:12,382 [pool-85-thread-1] INFO  server.RaftServerConfigKeys (ConfUtils.java:logGet(44)) - raft.server.notification.no-leader.timeout = 300s (custom)
2020-11-19 13:22:12,382 [pool-85-thread-1] INFO  server.RaftServerConfigKeys (ConfUtils.java:logGet(44)) - raft.server.log.use.memory = false (default)
2020-11-19 13:22:12,382 [pool-85-thread-1] INFO  server.RaftServerConfigKeys (ConfUtils.java:logGet(44)) - raft.server.log.purge.gap = 1000000 (custom)
2020-11-19 13:22:12,382 [pool-85-thread-1] INFO  metrics.RatisMetrics (RatisMetrics.java:lambda$create$0(36)) - Creating Metrics Registry : ratis.log_worker.f6d7b2bb-47be-46a7-95a8-45684a60ede4@group-D5DB00D2266B
2020-11-19 13:22:12,382 [pool-85-thread-1] INFO  server.RaftServerConfigKeys (ConfUtils.java:logGet(44)) - raft.server.log.appender.buffer.byte-limit = 33554432 (custom)
2020-11-19 13:22:12,382 [pool-85-thread-1] INFO  server.RaftServerConfigKeys (ConfUtils.java:logGet(44)) - raft.server.log.segment.size.max = 1048576 (custom)
2020-11-19 13:22:12,383 [pool-85-thread-1] INFO  server.RaftServerConfigKeys (ConfUtils.java:logGet(44)) - raft.server.log.segment.cache.num.max = 2 (custom)
2020-11-19 13:22:12,383 [pool-85-thread-1] INFO  segmented.SegmentedRaftLogWorker (SegmentedRaftLogWorker.java:<init>(180)) - new f6d7b2bb-47be-46a7-95a8-45684a60ede4@group-D5DB00D2266B-SegmentedRaftLogWorker for RaftStorage:Storage Directory /github/workspace/mnt/ozone/hadoop-ozone/integration-test/target/test-dir/MiniOzoneClusterImpl-6709ef09-1056-4c4b-8c83-ecdc17148cc3/datanode-1/data/ratis/1c149a9f-0109-4f2f-af69-d5db00d2266b
2020-11-19 13:22:12,383 [pool-85-thread-1] INFO  server.RaftServerConfigKeys (ConfUtils.java:logGet(44)) - raft.server.log.queue.byte-limit = 2147483647 (custom)
2020-11-19 13:22:12,383 [pool-85-thread-1] INFO  server.RaftServerConfigKeys (ConfUtils.java:logGet(44)) - raft.server.log.queue.element-limit = 1024 (custom)
2020-11-19 13:22:12,383 [pool-85-thread-1] INFO  server.RaftServerConfigKeys (ConfUtils.java:logGet(44)) - raft.server.log.segment.size.max = 1048576 (custom)
2020-11-19 13:22:12,384 [pool-85-thread-1] INFO  server.RaftServerConfigKeys (ConfUtils.java:logGet(44)) - raft.server.log.preallocated.size = 16384 (custom)
2020-11-19 13:22:12,384 [pool-85-thread-1] INFO  server.RaftServerConfigKeys (ConfUtils.java:logGet(44)) - raft.server.log.write.buffer.size = 1048576 (custom)
2020-11-19 13:22:12,384 [pool-85-thread-1] INFO  server.RaftServerConfigKeys (ConfUtils.java:logGet(44)) - raft.server.log.force.sync.num = 128 (default)
2020-11-19 13:22:12,384 [pool-85-thread-1] INFO  server.RaftServerConfigKeys (ConfUtils.java:logGet(44)) - raft.server.log.statemachine.data.sync = true (default)
2020-11-19 13:22:12,384 [pool-85-thread-1] INFO  server.RaftServerConfigKeys (ConfUtils.java:logGet(44)) - raft.server.log.statemachine.data.sync.timeout = 10s (default)
2020-11-19 13:22:12,384 [pool-85-thread-1] INFO  server.RaftServerConfigKeys (ConfUtils.java:logGet(44)) - raft.server.log.statemachine.data.sync.timeout.retry = -1 (default)
2020-11-19 13:22:12,386 [pool-85-thread-1] INFO  server.RaftServerConfigKeys (ConfUtils.java:logGet(44)) - raft.server.log.statemachine.data.caching.enabled = true (custom)
2020-11-19 13:22:12,386 [pool-85-thread-1] INFO  segmented.SegmentedRaftLogWorker (SegmentedRaftLogWorker.java:lambda$new$0(129)) - f6d7b2bb-47be-46a7-95a8-45684a60ede4@group-D5DB00D2266B-SegmentedRaftLogWorker: flushIndex: setUnconditionally 0 -> -1
2020-11-19 13:22:12,386 [pool-85-thread-1] INFO  segmented.SegmentedRaftLogWorker (SegmentedRaftLogWorker.java:lambda$new$0(129)) - f6d7b2bb-47be-46a7-95a8-45684a60ede4@group-D5DB00D2266B-SegmentedRaftLogWorker: safeCacheEvictIndex: setUnconditionally 0 -> -1
2020-11-19 13:22:12,386 [pool-85-thread-1] INFO  server.RaftServerConfigKeys (ConfUtils.java:logGet(44)) - raft.server.snapshot.auto.trigger.enabled = true (custom)
2020-11-19 13:22:12,386 [pool-85-thread-1] INFO  server.RaftServerConfigKeys (ConfUtils.java:logGet(44)) - raft.server.snapshot.auto.trigger.threshold = 10000 (custom)
2020-11-19 13:22:12,386 [pool-85-thread-1] INFO  server.RaftServerConfigKeys (ConfUtils.java:logGet(44)) - raft.server.snapshot.retention.file.num = 5 (custom)
2020-11-19 13:22:12,387 [pool-85-thread-1] INFO  server.RaftServerConfigKeys (ConfUtils.java:logGet(44)) - raft.server.log.purge.upto.snapshot.index = false (default)
2020-11-19 13:22:12,387 [pool-85-thread-1] INFO  server.RaftServerConfigKeys (ConfUtils.java:logGet(44)) - raft.server.retrycache.expirytime = 600000ms (custom)
2020-11-19 13:22:12,387 [pool-85-thread-1] INFO  metrics.RatisMetrics (RatisMetrics.java:lambda$create$0(36)) - Creating Metrics Registry : ratis.leader_election.f6d7b2bb-47be-46a7-95a8-45684a60ede4@group-D5DB00D2266B
2020-11-19 13:22:12,387 [pool-85-thread-1] INFO  metrics.RatisMetrics (RatisMetrics.java:lambda$create$0(36)) - Creating Metrics Registry : ratis.server.f6d7b2bb-47be-46a7-95a8-45684a60ede4@group-D5DB00D2266B
2020-11-19 13:22:12,388 [pool-85-thread-1] INFO  impl.RaftServerImpl (RaftServerImpl.java:start(209)) - f6d7b2bb-47be-46a7-95a8-45684a60ede4@group-D5DB00D2266B: start as a follower, conf=-1: [f6d7b2bb-47be-46a7-95a8-45684a60ede4:172.17.0.2:32931:0, 6732c664-883b-4aa8-9a13-2c69a039c739:172.17.0.2:41843:0, 19dac6ad-87db-45e4-a3cf-3b2f37a879e5:172.17.0.2:41227:0], old=null
2020-11-19 13:22:12,389 [pool-85-thread-1] INFO  impl.RaftServerImpl (RaftServerImpl.java:setRole(198)) - f6d7b2bb-47be-46a7-95a8-45684a60ede4@group-D5DB00D2266B: changes role from      null to FOLLOWER at term 0 for startAsFollower
2020-11-19 13:22:12,389 [pool-85-thread-1] INFO  impl.RoleInfo (RoleInfo.java:updateAndGet(143)) - f6d7b2bb-47be-46a7-95a8-45684a60ede4: start FollowerState
2020-11-19 13:22:12,389 [pool-85-thread-1] INFO  util.JmxRegister (JmxRegister.java:tryRegister(44)) - Successfully registered JMX Bean with object name Ratis:service=RaftServer,group=group-D5DB00D2266B,id=f6d7b2bb-47be-46a7-95a8-45684a60ede4
2020-11-19 13:22:12,389 [pool-85-thread-1] INFO  metrics.RatisMetrics (RatisMetrics.java:lambda$create$0(36)) - Creating Metrics Registry : ratis.state_machine.f6d7b2bb-47be-46a7-95a8-45684a60ede4@group-D5DB00D2266B
2020-11-19 13:22:12,412 [Command processor thread] INFO  metrics.RatisMetrics (RatisMetrics.java:lambda$create$0(36)) - Creating Metrics Registry : ratis.client_message_metrics.client-5A9D12978FE1->6732c664-883b-4aa8-9a13-2c69a039c739
2020-11-19 13:22:12,420 [grpc-default-executor-1] INFO  metrics.RatisMetrics (RatisMetrics.java:lambda$create$0(36)) - Creating Metrics Registry : ratis.server_message_metrics.6732c664-883b-4aa8-9a13-2c69a039c739
2020-11-19 13:22:12,422 [grpc-default-executor-1] INFO  impl.RaftServerProxy (RaftServerProxy.java:addNew(92)) - 6732c664-883b-4aa8-9a13-2c69a039c739: addNew group-D5DB00D2266B:[f6d7b2bb-47be-46a7-95a8-45684a60ede4:172.17.0.2:32931:0, 6732c664-883b-4aa8-9a13-2c69a039c739:172.17.0.2:41843:0, 19dac6ad-87db-45e4-a3cf-3b2f37a879e5:172.17.0.2:41227:0] returns group-D5DB00D2266B:java.util.concurrent.CompletableFuture@ab3b0b6[Not completed]
2020-11-19 13:22:12,432 [pool-101-thread-1] INFO  impl.RaftServerImpl (RaftServerImpl.java:<init>(120)) - 6732c664-883b-4aa8-9a13-2c69a039c739: new RaftServerImpl for group-D5DB00D2266B:[f6d7b2bb-47be-46a7-95a8-45684a60ede4:172.17.0.2:32931:0, 6732c664-883b-4aa8-9a13-2c69a039c739:172.17.0.2:41843:0, 19dac6ad-87db-45e4-a3cf-3b2f37a879e5:172.17.0.2:41227:0] with ContainerStateMachine:uninitialized
2020-11-19 13:22:12,433 [pool-101-thread-1] INFO  server.RaftServerConfigKeys (ConfUtils.java:logGet(44)) - raft.server.rpc.timeout.min = 5s (custom)
2020-11-19 13:22:12,433 [pool-101-thread-1] INFO  server.RaftServerConfigKeys (ConfUtils.java:logGet(44)) - raft.server.rpc.timeout.max = 5200ms (custom)
2020-11-19 13:22:12,433 [pool-101-thread-1] INFO  server.RaftServerConfigKeys (ConfUtils.java:logGet(44)) - raft.server.rpcslowness.timeout = 300s (custom)
2020-11-19 13:22:12,433 [pool-101-thread-1] INFO  server.RaftServerConfigKeys (ConfUtils.java:logGet(44)) - raft.server.sleep.deviation.threshold = 300 (default)
2020-11-19 13:22:12,433 [pool-101-thread-1] INFO  server.RaftServerConfigKeys (ConfUtils.java:logGet(44)) - raft.server.log.appender.install.snapshot.enabled = false (custom)
2020-11-19 13:22:12,433 [pool-101-thread-1] INFO  impl.RaftServerImpl (ServerState.java:<init>(104)) - 6732c664-883b-4aa8-9a13-2c69a039c739@group-D5DB00D2266B: ConfigurationManager, init=-1: [f6d7b2bb-47be-46a7-95a8-45684a60ede4:172.17.0.2:32931:0, 6732c664-883b-4aa8-9a13-2c69a039c739:172.17.0.2:41843:0, 19dac6ad-87db-45e4-a3cf-3b2f37a879e5:172.17.0.2:41227:0], old=null, confs=<EMPTY_MAP>
2020-11-19 13:22:12,433 [pool-101-thread-1] INFO  server.RaftServerConfigKeys (ConfUtils.java:logGet(44)) - raft.server.storage.dir = [/github/workspace/mnt/ozone/hadoop-ozone/integration-test/target/test-dir/MiniOzoneClusterImpl-6709ef09-1056-4c4b-8c83-ecdc17148cc3/datanode-2/data/ratis] (custom)
2020-11-19 13:22:12,433 [pool-101-thread-1] INFO  server.RaftServerConfigKeys (ConfUtils.java:logGet(44)) - raft.server.log.corruption.policy = EXCEPTION (default)
2020-11-19 13:22:12,434 [pool-101-thread-1] INFO  storage.RaftStorageDirectory (RaftStorageDirectory.java:analyzeStorage(261)) - The storage directory /github/workspace/mnt/ozone/hadoop-ozone/integration-test/target/test-dir/MiniOzoneClusterImpl-6709ef09-1056-4c4b-8c83-ecdc17148cc3/datanode-2/data/ratis/1c149a9f-0109-4f2f-af69-d5db00d2266b does not exist. Creating ...
2020-11-19 13:22:12,435 [pool-101-thread-1] INFO  storage.RaftStorageDirectory (RaftStorageDirectory.java:tryLock(343)) - Lock on /github/workspace/mnt/ozone/hadoop-ozone/integration-test/target/test-dir/MiniOzoneClusterImpl-6709ef09-1056-4c4b-8c83-ecdc17148cc3/datanode-2/data/ratis/1c149a9f-0109-4f2f-af69-d5db00d2266b/in_use.lock acquired by nodename 24697@890f8149b140
2020-11-19 13:22:12,436 [pool-101-thread-1] INFO  storage.RaftStorage (RaftStorage.java:format(84)) - Storage directory /github/workspace/mnt/ozone/hadoop-ozone/integration-test/target/test-dir/MiniOzoneClusterImpl-6709ef09-1056-4c4b-8c83-ecdc17148cc3/datanode-2/data/ratis/1c149a9f-0109-4f2f-af69-d5db00d2266b has been successfully formatted.
2020-11-19 13:22:12,437 [pool-101-thread-1] INFO  ratis.ContainerStateMachine (ContainerStateMachine.java:loadSnapshot(225)) - group-D5DB00D2266B: The snapshot info is null. Setting the last applied indexto:(t:0, i:~)
2020-11-19 13:22:12,437 [pool-101-thread-1] INFO  server.RaftServerConfigKeys (ConfUtils.java:logGet(44)) - raft.server.notification.no-leader.timeout = 300s (custom)
2020-11-19 13:22:12,437 [pool-101-thread-1] INFO  server.RaftServerConfigKeys (ConfUtils.java:logGet(44)) - raft.server.log.use.memory = false (default)
2020-11-19 13:22:12,437 [pool-101-thread-1] INFO  server.RaftServerConfigKeys (ConfUtils.java:logGet(44)) - raft.server.log.purge.gap = 1000000 (custom)
2020-11-19 13:22:12,437 [pool-101-thread-1] INFO  metrics.RatisMetrics (RatisMetrics.java:lambda$create$0(36)) - Creating Metrics Registry : ratis.log_worker.6732c664-883b-4aa8-9a13-2c69a039c739@group-D5DB00D2266B
2020-11-19 13:22:12,444 [pool-101-thread-1] INFO  server.RaftServerConfigKeys (ConfUtils.java:logGet(44)) - raft.server.log.appender.buffer.byte-limit = 33554432 (custom)
2020-11-19 13:22:12,445 [pool-101-thread-1] INFO  server.RaftServerConfigKeys (ConfUtils.java:logGet(44)) - raft.server.log.segment.size.max = 1048576 (custom)
2020-11-19 13:22:12,445 [EventQueue-PipelineReportForOneReplicaPipelineSafeModeRule] INFO  safemode.SCMSafeModeManager (SCMSafeModeManager.java:validateSafeModeExitRules(214)) - AtleastOneDatanodeReportedRule rule is successfully validated
2020-11-19 13:22:12,446 [pool-101-thread-1] INFO  server.RaftServerConfigKeys (ConfUtils.java:logGet(44)) - raft.server.log.segment.cache.num.max = 2 (custom)
2020-11-19 13:22:12,446 [pool-101-thread-1] INFO  segmented.SegmentedRaftLogWorker (SegmentedRaftLogWorker.java:<init>(180)) - new 6732c664-883b-4aa8-9a13-2c69a039c739@group-D5DB00D2266B-SegmentedRaftLogWorker for RaftStorage:Storage Directory /github/workspace/mnt/ozone/hadoop-ozone/integration-test/target/test-dir/MiniOzoneClusterImpl-6709ef09-1056-4c4b-8c83-ecdc17148cc3/datanode-2/data/ratis/1c149a9f-0109-4f2f-af69-d5db00d2266b
2020-11-19 13:22:12,446 [pool-101-thread-1] INFO  server.RaftServerConfigKeys (ConfUtils.java:logGet(44)) - raft.server.log.queue.byte-limit = 2147483647 (custom)
2020-11-19 13:22:12,446 [pool-101-thread-1] INFO  server.RaftServerConfigKeys (ConfUtils.java:logGet(44)) - raft.server.log.queue.element-limit = 1024 (custom)
2020-11-19 13:22:12,447 [pool-101-thread-1] INFO  server.RaftServerConfigKeys (ConfUtils.java:logGet(44)) - raft.server.log.segment.size.max = 1048576 (custom)
2020-11-19 13:22:12,447 [pool-101-thread-1] INFO  server.RaftServerConfigKeys (ConfUtils.java:logGet(44)) - raft.server.log.preallocated.size = 16384 (custom)
2020-11-19 13:22:12,447 [pool-101-thread-1] INFO  server.RaftServerConfigKeys (ConfUtils.java:logGet(44)) - raft.server.log.write.buffer.size = 1048576 (custom)
2020-11-19 13:22:12,447 [pool-101-thread-1] INFO  server.RaftServerConfigKeys (ConfUtils.java:logGet(44)) - raft.server.log.force.sync.num = 128 (default)
2020-11-19 13:22:12,447 [pool-101-thread-1] INFO  server.RaftServerConfigKeys (ConfUtils.java:logGet(44)) - raft.server.log.statemachine.data.sync = true (default)
2020-11-19 13:22:12,447 [pool-101-thread-1] INFO  server.RaftServerConfigKeys (ConfUtils.java:logGet(44)) - raft.server.log.statemachine.data.sync.timeout = 10s (default)
2020-11-19 13:22:12,447 [pool-101-thread-1] INFO  server.RaftServerConfigKeys (ConfUtils.java:logGet(44)) - raft.server.log.statemachine.data.sync.timeout.retry = -1 (default)
2020-11-19 13:22:12,448 [pool-101-thread-1] INFO  server.RaftServerConfigKeys (ConfUtils.java:logGet(44)) - raft.server.log.statemachine.data.caching.enabled = true (custom)
2020-11-19 13:22:12,448 [pool-101-thread-1] INFO  segmented.SegmentedRaftLogWorker (SegmentedRaftLogWorker.java:lambda$new$0(129)) - 6732c664-883b-4aa8-9a13-2c69a039c739@group-D5DB00D2266B-SegmentedRaftLogWorker: flushIndex: setUnconditionally 0 -> -1
2020-11-19 13:22:12,448 [pool-101-thread-1] INFO  segmented.SegmentedRaftLogWorker (SegmentedRaftLogWorker.java:lambda$new$0(129)) - 6732c664-883b-4aa8-9a13-2c69a039c739@group-D5DB00D2266B-SegmentedRaftLogWorker: safeCacheEvictIndex: setUnconditionally 0 -> -1
2020-11-19 13:22:12,450 [pool-101-thread-1] INFO  server.RaftServerConfigKeys (ConfUtils.java:logGet(44)) - raft.server.snapshot.auto.trigger.enabled = true (custom)
2020-11-19 13:22:12,450 [pool-101-thread-1] INFO  server.RaftServerConfigKeys (ConfUtils.java:logGet(44)) - raft.server.snapshot.auto.trigger.threshold = 10000 (custom)
2020-11-19 13:22:12,450 [pool-101-thread-1] INFO  server.RaftServerConfigKeys (ConfUtils.java:logGet(44)) - raft.server.snapshot.retention.file.num = 5 (custom)
2020-11-19 13:22:12,450 [pool-101-thread-1] INFO  server.RaftServerConfigKeys (ConfUtils.java:logGet(44)) - raft.server.log.purge.upto.snapshot.index = false (default)
2020-11-19 13:22:12,450 [pool-101-thread-1] INFO  server.RaftServerConfigKeys (ConfUtils.java:logGet(44)) - raft.server.retrycache.expirytime = 600000ms (custom)
2020-11-19 13:22:12,451 [pool-101-thread-1] INFO  metrics.RatisMetrics (RatisMetrics.java:lambda$create$0(36)) - Creating Metrics Registry : ratis.leader_election.6732c664-883b-4aa8-9a13-2c69a039c739@group-D5DB00D2266B
2020-11-19 13:22:12,451 [pool-101-thread-1] INFO  metrics.RatisMetrics (RatisMetrics.java:lambda$create$0(36)) - Creating Metrics Registry : ratis.server.6732c664-883b-4aa8-9a13-2c69a039c739@group-D5DB00D2266B
2020-11-19 13:22:12,452 [pool-101-thread-1] INFO  impl.RaftServerImpl (RaftServerImpl.java:start(209)) - 6732c664-883b-4aa8-9a13-2c69a039c739@group-D5DB00D2266B: start as a follower, conf=-1: [f6d7b2bb-47be-46a7-95a8-45684a60ede4:172.17.0.2:32931:0, 6732c664-883b-4aa8-9a13-2c69a039c739:172.17.0.2:41843:0, 19dac6ad-87db-45e4-a3cf-3b2f37a879e5:172.17.0.2:41227:0], old=null
2020-11-19 13:22:12,452 [pool-101-thread-1] INFO  impl.RaftServerImpl (RaftServerImpl.java:setRole(198)) - 6732c664-883b-4aa8-9a13-2c69a039c739@group-D5DB00D2266B: changes role from      null to FOLLOWER at term 0 for startAsFollower
2020-11-19 13:22:12,452 [pool-101-thread-1] INFO  impl.RoleInfo (RoleInfo.java:updateAndGet(143)) - 6732c664-883b-4aa8-9a13-2c69a039c739: start FollowerState
2020-11-19 13:22:12,452 [pool-101-thread-1] INFO  util.JmxRegister (JmxRegister.java:tryRegister(44)) - Successfully registered JMX Bean with object name Ratis:service=RaftServer,group=group-D5DB00D2266B,id=6732c664-883b-4aa8-9a13-2c69a039c739
2020-11-19 13:22:12,452 [pool-101-thread-1] INFO  metrics.RatisMetrics (RatisMetrics.java:lambda$create$0(36)) - Creating Metrics Registry : ratis.state_machine.6732c664-883b-4aa8-9a13-2c69a039c739@group-D5DB00D2266B
2020-11-19 13:22:12,458 [Command processor thread] INFO  commandhandler.CreatePipelineCommandHandler (CreatePipelineCommandHandler.java:handle(106)) - Created Pipeline RATIS THREE PipelineID=1c149a9f-0109-4f2f-af69-d5db00d2266b.
2020-11-19 13:22:12,789 [Command processor thread] INFO  impl.RaftServerProxy (RaftServerProxy.java:addNew(92)) - f6d7b2bb-47be-46a7-95a8-45684a60ede4: addNew group-991C591F02C0:[f6d7b2bb-47be-46a7-95a8-45684a60ede4:172.17.0.2:32931:0] returns group-991C591F02C0:java.util.concurrent.CompletableFuture@12e5e529[Not completed]
2020-11-19 13:22:12,790 [pool-85-thread-1] INFO  impl.RaftServerImpl (RaftServerImpl.java:<init>(120)) - f6d7b2bb-47be-46a7-95a8-45684a60ede4: new RaftServerImpl for group-991C591F02C0:[f6d7b2bb-47be-46a7-95a8-45684a60ede4:172.17.0.2:32931:0] with ContainerStateMachine:uninitialized
2020-11-19 13:22:12,790 [pool-85-thread-1] INFO  server.RaftServerConfigKeys (ConfUtils.java:logGet(44)) - raft.server.rpc.timeout.min = 5s (custom)
2020-11-19 13:22:12,791 [pool-85-thread-1] INFO  server.RaftServerConfigKeys (ConfUtils.java:logGet(44)) - raft.server.rpc.timeout.max = 5200ms (custom)
2020-11-19 13:22:12,791 [pool-85-thread-1] INFO  server.RaftServerConfigKeys (ConfUtils.java:logGet(44)) - raft.server.rpcslowness.timeout = 300s (custom)
2020-11-19 13:22:12,791 [pool-85-thread-1] INFO  server.RaftServerConfigKeys (ConfUtils.java:logGet(44)) - raft.server.sleep.deviation.threshold = 300 (default)
2020-11-19 13:22:12,791 [pool-85-thread-1] INFO  server.RaftServerConfigKeys (ConfUtils.java:logGet(44)) - raft.server.log.appender.install.snapshot.enabled = false (custom)
2020-11-19 13:22:12,791 [pool-85-thread-1] INFO  impl.RaftServerImpl (ServerState.java:<init>(104)) - f6d7b2bb-47be-46a7-95a8-45684a60ede4@group-991C591F02C0: ConfigurationManager, init=-1: [f6d7b2bb-47be-46a7-95a8-45684a60ede4:172.17.0.2:32931:0], old=null, confs=<EMPTY_MAP>
2020-11-19 13:22:12,791 [pool-85-thread-1] INFO  server.RaftServerConfigKeys (ConfUtils.java:logGet(44)) - raft.server.storage.dir = [/github/workspace/mnt/ozone/hadoop-ozone/integration-test/target/test-dir/MiniOzoneClusterImpl-6709ef09-1056-4c4b-8c83-ecdc17148cc3/datanode-1/data/ratis] (custom)
2020-11-19 13:22:12,791 [pool-85-thread-1] INFO  server.RaftServerConfigKeys (ConfUtils.java:logGet(44)) - raft.server.log.corruption.policy = EXCEPTION (default)
2020-11-19 13:22:12,791 [pool-85-thread-1] INFO  storage.RaftStorageDirectory (RaftStorageDirectory.java:analyzeStorage(261)) - The storage directory /github/workspace/mnt/ozone/hadoop-ozone/integration-test/target/test-dir/MiniOzoneClusterImpl-6709ef09-1056-4c4b-8c83-ecdc17148cc3/datanode-1/data/ratis/f9ab3ecd-d6d3-49dd-8db9-991c591f02c0 does not exist. Creating ...
2020-11-19 13:22:12,793 [pool-85-thread-1] INFO  storage.RaftStorageDirectory (RaftStorageDirectory.java:tryLock(343)) - Lock on /github/workspace/mnt/ozone/hadoop-ozone/integration-test/target/test-dir/MiniOzoneClusterImpl-6709ef09-1056-4c4b-8c83-ecdc17148cc3/datanode-1/data/ratis/f9ab3ecd-d6d3-49dd-8db9-991c591f02c0/in_use.lock acquired by nodename 24697@890f8149b140
2020-11-19 13:22:12,794 [pool-85-thread-1] INFO  storage.RaftStorage (RaftStorage.java:format(84)) - Storage directory /github/workspace/mnt/ozone/hadoop-ozone/integration-test/target/test-dir/MiniOzoneClusterImpl-6709ef09-1056-4c4b-8c83-ecdc17148cc3/datanode-1/data/ratis/f9ab3ecd-d6d3-49dd-8db9-991c591f02c0 has been successfully formatted.
2020-11-19 13:22:12,795 [pool-85-thread-1] INFO  ratis.ContainerStateMachine (ContainerStateMachine.java:loadSnapshot(225)) - group-991C591F02C0: The snapshot info is null. Setting the last applied indexto:(t:0, i:~)
2020-11-19 13:22:12,795 [pool-85-thread-1] INFO  server.RaftServerConfigKeys (ConfUtils.java:logGet(44)) - raft.server.notification.no-leader.timeout = 300s (custom)
2020-11-19 13:22:12,795 [pool-85-thread-1] INFO  server.RaftServerConfigKeys (ConfUtils.java:logGet(44)) - raft.server.log.use.memory = false (default)
2020-11-19 13:22:12,795 [pool-85-thread-1] INFO  server.RaftServerConfigKeys (ConfUtils.java:logGet(44)) - raft.server.log.purge.gap = 1000000 (custom)
2020-11-19 13:22:12,795 [pool-85-thread-1] INFO  metrics.RatisMetrics (RatisMetrics.java:lambda$create$0(36)) - Creating Metrics Registry : ratis.log_worker.f6d7b2bb-47be-46a7-95a8-45684a60ede4@group-991C591F02C0
2020-11-19 13:22:12,796 [pool-85-thread-1] INFO  server.RaftServerConfigKeys (ConfUtils.java:logGet(44)) - raft.server.log.appender.buffer.byte-limit = 33554432 (custom)
2020-11-19 13:22:12,796 [pool-85-thread-1] INFO  server.RaftServerConfigKeys (ConfUtils.java:logGet(44)) - raft.server.log.segment.size.max = 1048576 (custom)
2020-11-19 13:22:12,803 [pool-85-thread-1] INFO  server.RaftServerConfigKeys (ConfUtils.java:logGet(44)) - raft.server.log.segment.cache.num.max = 2 (custom)
2020-11-19 13:22:12,803 [pool-85-thread-1] INFO  segmented.SegmentedRaftLogWorker (SegmentedRaftLogWorker.java:<init>(180)) - new f6d7b2bb-47be-46a7-95a8-45684a60ede4@group-991C591F02C0-SegmentedRaftLogWorker for RaftStorage:Storage Directory /github/workspace/mnt/ozone/hadoop-ozone/integration-test/target/test-dir/MiniOzoneClusterImpl-6709ef09-1056-4c4b-8c83-ecdc17148cc3/datanode-1/data/ratis/f9ab3ecd-d6d3-49dd-8db9-991c591f02c0
2020-11-19 13:22:12,803 [pool-85-thread-1] INFO  server.RaftServerConfigKeys (ConfUtils.java:logGet(44)) - raft.server.log.queue.byte-limit = 2147483647 (custom)
2020-11-19 13:22:12,804 [pool-85-thread-1] INFO  server.RaftServerConfigKeys (ConfUtils.java:logGet(44)) - raft.server.log.queue.element-limit = 1024 (custom)
2020-11-19 13:22:12,803 [EventQueue-PipelineReportForOneReplicaPipelineSafeModeRule] INFO  safemode.SCMSafeModeManager (SCMSafeModeManager.java:validateSafeModeExitRules(214)) - AtleastOneDatanodeReportedRule rule is successfully validated
2020-11-19 13:22:12,803 [EventQueue-PipelineReportForPipelineReportHandler] INFO  pipeline.PipelineStateManager (PipelineStateManager.java:openPipeline(132)) - Pipeline Pipeline[ Id: f9ab3ecd-d6d3-49dd-8db9-991c591f02c0, Nodes: f6d7b2bb-47be-46a7-95a8-45684a60ede4{ip: 172.17.0.2, host: 890f8149b140, networkLocation: /default-rack, certSerialId: null}, Type:RATIS, Factor:ONE, State:ALLOCATED, leaderId:f6d7b2bb-47be-46a7-95a8-45684a60ede4, CreationTimestamp2020-11-19T13:22:09.793Z] moved to OPEN state
2020-11-19 13:22:12,804 [EventQueue-OpenPipelineForHealthyPipelineSafeModeRule] INFO  safemode.SCMSafeModeManager (HealthyPipelineSafeModeRule.java:process(128)) - SCM in safe mode. Healthy pipelines reported count is 0, required healthy pipeline reported count is 1
2020-11-19 13:22:12,804 [pool-85-thread-1] INFO  server.RaftServerConfigKeys (ConfUtils.java:logGet(44)) - raft.server.log.segment.size.max = 1048576 (custom)
2020-11-19 13:22:12,804 [pool-85-thread-1] INFO  server.RaftServerConfigKeys (ConfUtils.java:logGet(44)) - raft.server.log.preallocated.size = 16384 (custom)
2020-11-19 13:22:12,805 [pool-85-thread-1] INFO  server.RaftServerConfigKeys (ConfUtils.java:logGet(44)) - raft.server.log.write.buffer.size = 1048576 (custom)
2020-11-19 13:22:12,805 [pool-85-thread-1] INFO  server.RaftServerConfigKeys (ConfUtils.java:logGet(44)) - raft.server.log.force.sync.num = 128 (default)
2020-11-19 13:22:12,805 [pool-85-thread-1] INFO  server.RaftServerConfigKeys (ConfUtils.java:logGet(44)) - raft.server.log.statemachine.data.sync = true (default)
2020-11-19 13:22:12,805 [pool-85-thread-1] INFO  server.RaftServerConfigKeys (ConfUtils.java:logGet(44)) - raft.server.log.statemachine.data.sync.timeout = 10s (default)
2020-11-19 13:22:12,805 [pool-85-thread-1] INFO  server.RaftServerConfigKeys (ConfUtils.java:logGet(44)) - raft.server.log.statemachine.data.sync.timeout.retry = -1 (default)
2020-11-19 13:22:12,807 [pool-85-thread-1] INFO  server.RaftServerConfigKeys (ConfUtils.java:logGet(44)) - raft.server.log.statemachine.data.caching.enabled = true (custom)
2020-11-19 13:22:12,807 [pool-85-thread-1] INFO  segmented.SegmentedRaftLogWorker (SegmentedRaftLogWorker.java:lambda$new$0(129)) - f6d7b2bb-47be-46a7-95a8-45684a60ede4@group-991C591F02C0-SegmentedRaftLogWorker: flushIndex: setUnconditionally 0 -> -1
2020-11-19 13:22:12,807 [pool-85-thread-1] INFO  segmented.SegmentedRaftLogWorker (SegmentedRaftLogWorker.java:lambda$new$0(129)) - f6d7b2bb-47be-46a7-95a8-45684a60ede4@group-991C591F02C0-SegmentedRaftLogWorker: safeCacheEvictIndex: setUnconditionally 0 -> -1
2020-11-19 13:22:12,810 [pool-85-thread-1] INFO  server.RaftServerConfigKeys (ConfUtils.java:logGet(44)) - raft.server.snapshot.auto.trigger.enabled = true (custom)
2020-11-19 13:22:12,811 [pool-85-thread-1] INFO  server.RaftServerConfigKeys (ConfUtils.java:logGet(44)) - raft.server.snapshot.auto.trigger.threshold = 10000 (custom)
2020-11-19 13:22:12,811 [pool-85-thread-1] INFO  server.RaftServerConfigKeys (ConfUtils.java:logGet(44)) - raft.server.snapshot.retention.file.num = 5 (custom)
2020-11-19 13:22:12,811 [pool-85-thread-1] INFO  server.RaftServerConfigKeys (ConfUtils.java:logGet(44)) - raft.server.log.purge.upto.snapshot.index = false (default)
2020-11-19 13:22:12,811 [pool-85-thread-1] INFO  server.RaftServerConfigKeys (ConfUtils.java:logGet(44)) - raft.server.retrycache.expirytime = 600000ms (custom)
2020-11-19 13:22:12,811 [pool-85-thread-1] INFO  metrics.RatisMetrics (RatisMetrics.java:lambda$create$0(36)) - Creating Metrics Registry : ratis.leader_election.f6d7b2bb-47be-46a7-95a8-45684a60ede4@group-991C591F02C0
2020-11-19 13:22:12,813 [pool-85-thread-1] INFO  metrics.RatisMetrics (RatisMetrics.java:lambda$create$0(36)) - Creating Metrics Registry : ratis.server.f6d7b2bb-47be-46a7-95a8-45684a60ede4@group-991C591F02C0
2020-11-19 13:22:12,814 [pool-85-thread-1] INFO  impl.RaftServerImpl (RaftServerImpl.java:start(209)) - f6d7b2bb-47be-46a7-95a8-45684a60ede4@group-991C591F02C0: start as a follower, conf=-1: [f6d7b2bb-47be-46a7-95a8-45684a60ede4:172.17.0.2:32931:0], old=null
2020-11-19 13:22:12,814 [pool-85-thread-1] INFO  impl.RaftServerImpl (RaftServerImpl.java:setRole(198)) - f6d7b2bb-47be-46a7-95a8-45684a60ede4@group-991C591F02C0: changes role from      null to FOLLOWER at term 0 for startAsFollower
2020-11-19 13:22:12,814 [pool-85-thread-1] INFO  impl.RoleInfo (RoleInfo.java:updateAndGet(143)) - f6d7b2bb-47be-46a7-95a8-45684a60ede4: start FollowerState
2020-11-19 13:22:12,815 [pool-85-thread-1] INFO  util.JmxRegister (JmxRegister.java:tryRegister(44)) - Successfully registered JMX Bean with object name Ratis:service=RaftServer,group=group-991C591F02C0,id=f6d7b2bb-47be-46a7-95a8-45684a60ede4
2020-11-19 13:22:12,815 [pool-85-thread-1] INFO  metrics.RatisMetrics (RatisMetrics.java:lambda$create$0(36)) - Creating Metrics Registry : ratis.state_machine.f6d7b2bb-47be-46a7-95a8-45684a60ede4@group-991C591F02C0
2020-11-19 13:22:12,816 [Command processor thread] INFO  commandhandler.CreatePipelineCommandHandler (CreatePipelineCommandHandler.java:handle(106)) - Created Pipeline RATIS ONE PipelineID=f9ab3ecd-d6d3-49dd-8db9-991c591f02c0.
2020-11-19 13:22:13,188 [Listener at 127.0.0.1/12760] INFO  ozone.MiniOzoneClusterImpl (MiniOzoneClusterImpl.java:lambda$waitForClusterToBeReady$0(178)) - Nodes are ready. Got 3 of 3 DN Heartbeats.
2020-11-19 13:22:13,188 [Listener at 127.0.0.1/12760] INFO  ozone.MiniOzoneClusterImpl (MiniOzoneClusterImpl.java:lambda$waitForClusterToBeReady$0(181)) - Waiting for cluster to exit safe mode
2020-11-19 13:22:13,194 [Command processor thread] INFO  impl.RaftServerProxy (RaftServerProxy.java:addNew(92)) - 6732c664-883b-4aa8-9a13-2c69a039c739: addNew group-05D14D3910FF:[6732c664-883b-4aa8-9a13-2c69a039c739:172.17.0.2:41843:0] returns group-05D14D3910FF:java.util.concurrent.CompletableFuture@75a01c76[Not completed]
2020-11-19 13:22:13,196 [pool-101-thread-1] INFO  impl.RaftServerImpl (RaftServerImpl.java:<init>(120)) - 6732c664-883b-4aa8-9a13-2c69a039c739: new RaftServerImpl for group-05D14D3910FF:[6732c664-883b-4aa8-9a13-2c69a039c739:172.17.0.2:41843:0] with ContainerStateMachine:uninitialized
2020-11-19 13:22:13,196 [pool-101-thread-1] INFO  server.RaftServerConfigKeys (ConfUtils.java:logGet(44)) - raft.server.rpc.timeout.min = 5s (custom)
2020-11-19 13:22:13,196 [pool-101-thread-1] INFO  server.RaftServerConfigKeys (ConfUtils.java:logGet(44)) - raft.server.rpc.timeout.max = 5200ms (custom)
2020-11-19 13:22:13,196 [pool-101-thread-1] INFO  server.RaftServerConfigKeys (ConfUtils.java:logGet(44)) - raft.server.rpcslowness.timeout = 300s (custom)
2020-11-19 13:22:13,196 [pool-101-thread-1] INFO  server.RaftServerConfigKeys (ConfUtils.java:logGet(44)) - raft.server.sleep.deviation.threshold = 300 (default)
2020-11-19 13:22:13,196 [pool-101-thread-1] INFO  server.RaftServerConfigKeys (ConfUtils.java:logGet(44)) - raft.server.log.appender.install.snapshot.enabled = false (custom)
2020-11-19 13:22:13,196 [pool-101-thread-1] INFO  impl.RaftServerImpl (ServerState.java:<init>(104)) - 6732c664-883b-4aa8-9a13-2c69a039c739@group-05D14D3910FF: ConfigurationManager, init=-1: [6732c664-883b-4aa8-9a13-2c69a039c739:172.17.0.2:41843:0], old=null, confs=<EMPTY_MAP>
2020-11-19 13:22:13,197 [pool-101-thread-1] INFO  server.RaftServerConfigKeys (ConfUtils.java:logGet(44)) - raft.server.storage.dir = [/github/workspace/mnt/ozone/hadoop-ozone/integration-test/target/test-dir/MiniOzoneClusterImpl-6709ef09-1056-4c4b-8c83-ecdc17148cc3/datanode-2/data/ratis] (custom)
2020-11-19 13:22:13,197 [pool-101-thread-1] INFO  server.RaftServerConfigKeys (ConfUtils.java:logGet(44)) - raft.server.log.corruption.policy = EXCEPTION (default)
2020-11-19 13:22:13,197 [pool-101-thread-1] INFO  storage.RaftStorageDirectory (RaftStorageDirectory.java:analyzeStorage(261)) - The storage directory /github/workspace/mnt/ozone/hadoop-ozone/integration-test/target/test-dir/MiniOzoneClusterImpl-6709ef09-1056-4c4b-8c83-ecdc17148cc3/datanode-2/data/ratis/2d599fdc-4179-480d-8d46-05d14d3910ff does not exist. Creating ...
2020-11-19 13:22:13,198 [pool-101-thread-1] INFO  storage.RaftStorageDirectory (RaftStorageDirectory.java:tryLock(343)) - Lock on /github/workspace/mnt/ozone/hadoop-ozone/integration-test/target/test-dir/MiniOzoneClusterImpl-6709ef09-1056-4c4b-8c83-ecdc17148cc3/datanode-2/data/ratis/2d599fdc-4179-480d-8d46-05d14d3910ff/in_use.lock acquired by nodename 24697@890f8149b140
2020-11-19 13:22:13,199 [pool-101-thread-1] INFO  storage.RaftStorage (RaftStorage.java:format(84)) - Storage directory /github/workspace/mnt/ozone/hadoop-ozone/integration-test/target/test-dir/MiniOzoneClusterImpl-6709ef09-1056-4c4b-8c83-ecdc17148cc3/datanode-2/data/ratis/2d599fdc-4179-480d-8d46-05d14d3910ff has been successfully formatted.
2020-11-19 13:22:13,200 [pool-101-thread-1] INFO  ratis.ContainerStateMachine (ContainerStateMachine.java:loadSnapshot(225)) - group-05D14D3910FF: The snapshot info is null. Setting the last applied indexto:(t:0, i:~)
2020-11-19 13:22:13,201 [pool-101-thread-1] INFO  server.RaftServerConfigKeys (ConfUtils.java:logGet(44)) - raft.server.notification.no-leader.timeout = 300s (custom)
2020-11-19 13:22:13,201 [pool-101-thread-1] INFO  server.RaftServerConfigKeys (ConfUtils.java:logGet(44)) - raft.server.log.use.memory = false (default)
2020-11-19 13:22:13,202 [EventQueue-PipelineReportForOneReplicaPipelineSafeModeRule] INFO  safemode.SCMSafeModeManager (SCMSafeModeManager.java:validateSafeModeExitRules(214)) - AtleastOneDatanodeReportedRule rule is successfully validated
2020-11-19 13:22:13,202 [EventQueue-PipelineReportForPipelineReportHandler] INFO  pipeline.PipelineStateManager (PipelineStateManager.java:openPipeline(132)) - Pipeline Pipeline[ Id: 2d599fdc-4179-480d-8d46-05d14d3910ff, Nodes: 6732c664-883b-4aa8-9a13-2c69a039c739{ip: 172.17.0.2, host: 890f8149b140, networkLocation: /default-rack, certSerialId: null}, Type:RATIS, Factor:ONE, State:ALLOCATED, leaderId:6732c664-883b-4aa8-9a13-2c69a039c739, CreationTimestamp2020-11-19T13:22:10.197Z] moved to OPEN state
2020-11-19 13:22:13,202 [EventQueue-OpenPipelineForHealthyPipelineSafeModeRule] INFO  safemode.SCMSafeModeManager (HealthyPipelineSafeModeRule.java:process(128)) - SCM in safe mode. Healthy pipelines reported count is 0, required healthy pipeline reported count is 1
2020-11-19 13:22:13,202 [pool-101-thread-1] INFO  server.RaftServerConfigKeys (ConfUtils.java:logGet(44)) - raft.server.log.purge.gap = 1000000 (custom)
2020-11-19 13:22:13,203 [pool-101-thread-1] INFO  metrics.RatisMetrics (RatisMetrics.java:lambda$create$0(36)) - Creating Metrics Registry : ratis.log_worker.6732c664-883b-4aa8-9a13-2c69a039c739@group-05D14D3910FF
2020-11-19 13:22:13,203 [pool-101-thread-1] INFO  server.RaftServerConfigKeys (ConfUtils.java:logGet(44)) - raft.server.log.appender.buffer.byte-limit = 33554432 (custom)
2020-11-19 13:22:13,203 [pool-101-thread-1] INFO  server.RaftServerConfigKeys (ConfUtils.java:logGet(44)) - raft.server.log.segment.size.max = 1048576 (custom)
2020-11-19 13:22:13,203 [pool-101-thread-1] INFO  server.RaftServerConfigKeys (ConfUtils.java:logGet(44)) - raft.server.log.segment.cache.num.max = 2 (custom)
2020-11-19 13:22:13,203 [pool-101-thread-1] INFO  segmented.SegmentedRaftLogWorker (SegmentedRaftLogWorker.java:<init>(180)) - new 6732c664-883b-4aa8-9a13-2c69a039c739@group-05D14D3910FF-SegmentedRaftLogWorker for RaftStorage:Storage Directory /github/workspace/mnt/ozone/hadoop-ozone/integration-test/target/test-dir/MiniOzoneClusterImpl-6709ef09-1056-4c4b-8c83-ecdc17148cc3/datanode-2/data/ratis/2d599fdc-4179-480d-8d46-05d14d3910ff
2020-11-19 13:22:13,204 [pool-101-thread-1] INFO  server.RaftServerConfigKeys (ConfUtils.java:logGet(44)) - raft.server.log.queue.byte-limit = 2147483647 (custom)
2020-11-19 13:22:13,204 [pool-101-thread-1] INFO  server.RaftServerConfigKeys (ConfUtils.java:logGet(44)) - raft.server.log.queue.element-limit = 1024 (custom)
2020-11-19 13:22:13,204 [pool-101-thread-1] INFO  server.RaftServerConfigKeys (ConfUtils.java:logGet(44)) - raft.server.log.segment.size.max = 1048576 (custom)
2020-11-19 13:22:13,204 [pool-101-thread-1] INFO  server.RaftServerConfigKeys (ConfUtils.java:logGet(44)) - raft.server.log.preallocated.size = 16384 (custom)
2020-11-19 13:22:13,204 [pool-101-thread-1] INFO  server.RaftServerConfigKeys (ConfUtils.java:logGet(44)) - raft.server.log.write.buffer.size = 1048576 (custom)
2020-11-19 13:22:13,204 [pool-101-thread-1] INFO  server.RaftServerConfigKeys (ConfUtils.java:logGet(44)) - raft.server.log.force.sync.num = 128 (default)
2020-11-19 13:22:13,204 [pool-101-thread-1] INFO  server.RaftServerConfigKeys (ConfUtils.java:logGet(44)) - raft.server.log.statemachine.data.sync = true (default)
2020-11-19 13:22:13,204 [pool-101-thread-1] INFO  server.RaftServerConfigKeys (ConfUtils.java:logGet(44)) - raft.server.log.statemachine.data.sync.timeout = 10s (default)
2020-11-19 13:22:13,204 [pool-101-thread-1] INFO  server.RaftServerConfigKeys (ConfUtils.java:logGet(44)) - raft.server.log.statemachine.data.sync.timeout.retry = -1 (default)
2020-11-19 13:22:13,205 [pool-101-thread-1] INFO  server.RaftServerConfigKeys (ConfUtils.java:logGet(44)) - raft.server.log.statemachine.data.caching.enabled = true (custom)
2020-11-19 13:22:13,206 [pool-101-thread-1] INFO  segmented.SegmentedRaftLogWorker (SegmentedRaftLogWorker.java:lambda$new$0(129)) - 6732c664-883b-4aa8-9a13-2c69a039c739@group-05D14D3910FF-SegmentedRaftLogWorker: flushIndex: setUnconditionally 0 -> -1
2020-11-19 13:22:13,206 [pool-101-thread-1] INFO  segmented.SegmentedRaftLogWorker (SegmentedRaftLogWorker.java:lambda$new$0(129)) - 6732c664-883b-4aa8-9a13-2c69a039c739@group-05D14D3910FF-SegmentedRaftLogWorker: safeCacheEvictIndex: setUnconditionally 0 -> -1
2020-11-19 13:22:13,214 [pool-101-thread-1] INFO  server.RaftServerConfigKeys (ConfUtils.java:logGet(44)) - raft.server.snapshot.auto.trigger.enabled = true (custom)
2020-11-19 13:22:13,214 [pool-101-thread-1] INFO  server.RaftServerConfigKeys (ConfUtils.java:logGet(44)) - raft.server.snapshot.auto.trigger.threshold = 10000 (custom)
2020-11-19 13:22:13,214 [pool-101-thread-1] INFO  server.RaftServerConfigKeys (ConfUtils.java:logGet(44)) - raft.server.snapshot.retention.file.num = 5 (custom)
2020-11-19 13:22:13,215 [pool-101-thread-1] INFO  server.RaftServerConfigKeys (ConfUtils.java:logGet(44)) - raft.server.log.purge.upto.snapshot.index = false (default)
2020-11-19 13:22:13,215 [pool-101-thread-1] INFO  server.RaftServerConfigKeys (ConfUtils.java:logGet(44)) - raft.server.retrycache.expirytime = 600000ms (custom)
2020-11-19 13:22:13,215 [pool-101-thread-1] INFO  metrics.RatisMetrics (RatisMetrics.java:lambda$create$0(36)) - Creating Metrics Registry : ratis.leader_election.6732c664-883b-4aa8-9a13-2c69a039c739@group-05D14D3910FF
2020-11-19 13:22:13,215 [pool-101-thread-1] INFO  metrics.RatisMetrics (RatisMetrics.java:lambda$create$0(36)) - Creating Metrics Registry : ratis.server.6732c664-883b-4aa8-9a13-2c69a039c739@group-05D14D3910FF
2020-11-19 13:22:13,216 [pool-101-thread-1] INFO  impl.RaftServerImpl (RaftServerImpl.java:start(209)) - 6732c664-883b-4aa8-9a13-2c69a039c739@group-05D14D3910FF: start as a follower, conf=-1: [6732c664-883b-4aa8-9a13-2c69a039c739:172.17.0.2:41843:0], old=null
2020-11-19 13:22:13,216 [pool-101-thread-1] INFO  impl.RaftServerImpl (RaftServerImpl.java:setRole(198)) - 6732c664-883b-4aa8-9a13-2c69a039c739@group-05D14D3910FF: changes role from      null to FOLLOWER at term 0 for startAsFollower
2020-11-19 13:22:13,217 [pool-101-thread-1] INFO  impl.RoleInfo (RoleInfo.java:updateAndGet(143)) - 6732c664-883b-4aa8-9a13-2c69a039c739: start FollowerState
2020-11-19 13:22:13,217 [pool-101-thread-1] INFO  util.JmxRegister (JmxRegister.java:tryRegister(44)) - Successfully registered JMX Bean with object name Ratis:service=RaftServer,group=group-05D14D3910FF,id=6732c664-883b-4aa8-9a13-2c69a039c739
2020-11-19 13:22:13,217 [pool-101-thread-1] INFO  metrics.RatisMetrics (RatisMetrics.java:lambda$create$0(36)) - Creating Metrics Registry : ratis.state_machine.6732c664-883b-4aa8-9a13-2c69a039c739@group-05D14D3910FF
2020-11-19 13:22:13,222 [Command processor thread] INFO  commandhandler.CreatePipelineCommandHandler (CreatePipelineCommandHandler.java:handle(106)) - Created Pipeline RATIS ONE PipelineID=2d599fdc-4179-480d-8d46-05d14d3910ff.
2020-11-19 13:22:14,189 [Listener at 127.0.0.1/12760] INFO  ozone.MiniOzoneClusterImpl (MiniOzoneClusterImpl.java:lambda$waitForClusterToBeReady$0(178)) - Nodes are ready. Got 3 of 3 DN Heartbeats.
2020-11-19 13:22:14,189 [Listener at 127.0.0.1/12760] INFO  ozone.MiniOzoneClusterImpl (MiniOzoneClusterImpl.java:lambda$waitForClusterToBeReady$0(181)) - Waiting for cluster to exit safe mode
2020-11-19 13:22:15,189 [Listener at 127.0.0.1/12760] INFO  ozone.MiniOzoneClusterImpl (MiniOzoneClusterImpl.java:lambda$waitForClusterToBeReady$0(178)) - Nodes are ready. Got 3 of 3 DN Heartbeats.
2020-11-19 13:22:15,189 [Listener at 127.0.0.1/12760] INFO  ozone.MiniOzoneClusterImpl (MiniOzoneClusterImpl.java:lambda$waitForClusterToBeReady$0(181)) - Waiting for cluster to exit safe mode
2020-11-19 13:22:16,189 [Listener at 127.0.0.1/12760] INFO  ozone.MiniOzoneClusterImpl (MiniOzoneClusterImpl.java:lambda$waitForClusterToBeReady$0(178)) - Nodes are ready. Got 3 of 3 DN Heartbeats.
2020-11-19 13:22:16,189 [Listener at 127.0.0.1/12760] INFO  ozone.MiniOzoneClusterImpl (MiniOzoneClusterImpl.java:lambda$waitForClusterToBeReady$0(181)) - Waiting for cluster to exit safe mode
2020-11-19 13:22:17,190 [Listener at 127.0.0.1/12760] INFO  ozone.MiniOzoneClusterImpl (MiniOzoneClusterImpl.java:lambda$waitForClusterToBeReady$0(178)) - Nodes are ready. Got 3 of 3 DN Heartbeats.
2020-11-19 13:22:17,190 [Listener at 127.0.0.1/12760] INFO  ozone.MiniOzoneClusterImpl (MiniOzoneClusterImpl.java:lambda$waitForClusterToBeReady$0(181)) - Waiting for cluster to exit safe mode
2020-11-19 13:22:17,343 [Thread-299] INFO  impl.FollowerState (FollowerState.java:run(108)) - 19dac6ad-87db-45e4-a3cf-3b2f37a879e5@group-7AED87A7BF84-FollowerState: change to CANDIDATE, lastRpcTime:5050ms, electionTimeout:5050ms
2020-11-19 13:22:17,343 [Thread-299] INFO  impl.RoleInfo (RoleInfo.java:shutdownFollowerState(121)) - 19dac6ad-87db-45e4-a3cf-3b2f37a879e5: shutdown FollowerState
2020-11-19 13:22:17,343 [Thread-299] INFO  impl.RaftServerImpl (RaftServerImpl.java:setRole(198)) - 19dac6ad-87db-45e4-a3cf-3b2f37a879e5@group-7AED87A7BF84: changes role from  FOLLOWER to CANDIDATE at term 0 for changeToCandidate
2020-11-19 13:22:17,343 [Thread-299] INFO  impl.RoleInfo (RoleInfo.java:updateAndGet(143)) - 19dac6ad-87db-45e4-a3cf-3b2f37a879e5: start LeaderElection
2020-11-19 13:22:17,350 [19dac6ad-87db-45e4-a3cf-3b2f37a879e5@group-7AED87A7BF84-LeaderElection5] INFO  impl.LeaderElection (LeaderElection.java:askForVotes(210)) - 19dac6ad-87db-45e4-a3cf-3b2f37a879e5@group-7AED87A7BF84-LeaderElection5: begin an election at term 1 for -1: [19dac6ad-87db-45e4-a3cf-3b2f37a879e5:172.17.0.2:41227:0], old=null
2020-11-19 13:22:17,350 [19dac6ad-87db-45e4-a3cf-3b2f37a879e5@group-7AED87A7BF84-LeaderElection5] INFO  impl.RoleInfo (RoleInfo.java:shutdownLeaderElection(134)) - 19dac6ad-87db-45e4-a3cf-3b2f37a879e5: shutdown LeaderElection
2020-11-19 13:22:17,350 [19dac6ad-87db-45e4-a3cf-3b2f37a879e5@group-7AED87A7BF84-LeaderElection5] INFO  impl.RaftServerImpl (RaftServerImpl.java:setRole(198)) - 19dac6ad-87db-45e4-a3cf-3b2f37a879e5@group-7AED87A7BF84: changes role from CANDIDATE to LEADER at term 1 for changeToLeader
2020-11-19 13:22:17,350 [19dac6ad-87db-45e4-a3cf-3b2f37a879e5@group-7AED87A7BF84-LeaderElection5] INFO  ratis.XceiverServerRatis (XceiverServerRatis.java:handleLeaderChangedNotification(854)) - Leader change notification received for group: group-7AED87A7BF84 with new leaderId: 19dac6ad-87db-45e4-a3cf-3b2f37a879e5
2020-11-19 13:22:17,350 [19dac6ad-87db-45e4-a3cf-3b2f37a879e5@group-7AED87A7BF84-LeaderElection5] INFO  impl.RaftServerImpl (ServerState.java:setLeader(256)) - 19dac6ad-87db-45e4-a3cf-3b2f37a879e5@group-7AED87A7BF84: change Leader from null to 19dac6ad-87db-45e4-a3cf-3b2f37a879e5 at term 1 for becomeLeader, leader elected after 5083ms
2020-11-19 13:22:17,351 [19dac6ad-87db-45e4-a3cf-3b2f37a879e5@group-7AED87A7BF84-LeaderElection5] INFO  server.RaftServerConfigKeys (ConfUtils.java:logGet(44)) - raft.server.staging.catchup.gap = 1000 (default)
2020-11-19 13:22:17,351 [19dac6ad-87db-45e4-a3cf-3b2f37a879e5@group-7AED87A7BF84-LeaderElection5] INFO  server.RaftServerConfigKeys (ConfUtils.java:logGet(44)) - raft.server.rpc.sleep.time = 25ms (default)
2020-11-19 13:22:17,351 [19dac6ad-87db-45e4-a3cf-3b2f37a879e5@group-7AED87A7BF84-LeaderElection5] INFO  metrics.RatisMetrics (RatisMetrics.java:lambda$create$0(36)) - Creating Metrics Registry : ratis.log_appender.19dac6ad-87db-45e4-a3cf-3b2f37a879e5@group-7AED87A7BF84
2020-11-19 13:22:17,357 [EventQueue-PipelineReportForOneReplicaPipelineSafeModeRule] INFO  safemode.SCMSafeModeManager (SCMSafeModeManager.java:validateSafeModeExitRules(214)) - AtleastOneDatanodeReportedRule rule is successfully validated
2020-11-19 13:22:17,357 [19dac6ad-87db-45e4-a3cf-3b2f37a879e5@group-7AED87A7BF84-LeaderElection5] INFO  server.RaftServerConfigKeys (ConfUtils.java:logGet(44)) - raft.server.write.element-limit = 1024 (custom)
2020-11-19 13:22:17,357 [19dac6ad-87db-45e4-a3cf-3b2f37a879e5@group-7AED87A7BF84-LeaderElection5] INFO  server.RaftServerConfigKeys (ConfUtils.java:logGet(44)) - raft.server.write.byte-limit = 1073741824 (custom)
2020-11-19 13:22:17,357 [19dac6ad-87db-45e4-a3cf-3b2f37a879e5@group-7AED87A7BF84-LeaderElection5] INFO  server.RaftServerConfigKeys (ConfUtils.java:logGet(44)) - raft.server.watch.timeout = 180s (custom)
2020-11-19 13:22:17,358 [19dac6ad-87db-45e4-a3cf-3b2f37a879e5@group-7AED87A7BF84-LeaderElection5] INFO  server.RaftServerConfigKeys (ConfUtils.java:logGet(44)) - raft.server.watch.timeout.denomination = 1s (default)
2020-11-19 13:22:17,358 [19dac6ad-87db-45e4-a3cf-3b2f37a879e5@group-7AED87A7BF84-LeaderElection5] INFO  server.RaftServerConfigKeys (ConfUtils.java:logGet(44)) - raft.server.watch.element-limit = 65536 (default)
2020-11-19 13:22:17,358 [19dac6ad-87db-45e4-a3cf-3b2f37a879e5@group-7AED87A7BF84-LeaderElection5] INFO  impl.RoleInfo (RoleInfo.java:updateAndGet(143)) - 19dac6ad-87db-45e4-a3cf-3b2f37a879e5: start LeaderState
2020-11-19 13:22:17,358 [19dac6ad-87db-45e4-a3cf-3b2f37a879e5@group-7AED87A7BF84-LeaderElection5] INFO  segmented.SegmentedRaftLogWorker (SegmentedRaftLogWorker.java:startLogSegment(397)) - 19dac6ad-87db-45e4-a3cf-3b2f37a879e5@group-7AED87A7BF84-SegmentedRaftLogWorker: Starting segment from index:0
2020-11-19 13:22:17,359 [EventQueue-OpenPipelineForHealthyPipelineSafeModeRule] INFO  safemode.SCMSafeModeManager (HealthyPipelineSafeModeRule.java:process(128)) - SCM in safe mode. Healthy pipelines reported count is 0, required healthy pipeline reported count is 1
2020-11-19 13:22:17,360 [19dac6ad-87db-45e4-a3cf-3b2f37a879e5@group-7AED87A7BF84-LeaderElection5] INFO  impl.RaftServerImpl (ServerState.java:setRaftConf(374)) - 19dac6ad-87db-45e4-a3cf-3b2f37a879e5@group-7AED87A7BF84: set configuration 0: [19dac6ad-87db-45e4-a3cf-3b2f37a879e5:172.17.0.2:41227:0], old=null at 0
2020-11-19 13:22:17,360 [19dac6ad-87db-45e4-a3cf-3b2f37a879e5@group-7AED87A7BF84-SegmentedRaftLogWorker] INFO  segmented.SegmentedRaftLogWorker (SegmentedRaftLogWorker.java:execute(596)) - 19dac6ad-87db-45e4-a3cf-3b2f37a879e5@group-7AED87A7BF84-SegmentedRaftLogWorker: created new log segment /github/workspace/mnt/ozone/hadoop-ozone/integration-test/target/test-dir/MiniOzoneClusterImpl-6709ef09-1056-4c4b-8c83-ecdc17148cc3/datanode-0/data/ratis/3ab67727-e20a-48b8-b0e5-7aed87a7bf84/current/log_inprogress_0
2020-11-19 13:22:17,409 [Thread-304] INFO  impl.FollowerState (FollowerState.java:run(108)) - f6d7b2bb-47be-46a7-95a8-45684a60ede4@group-D5DB00D2266B-FollowerState: change to CANDIDATE, lastRpcTime:5020ms, electionTimeout:5019ms
2020-11-19 13:22:17,409 [Thread-304] INFO  impl.RoleInfo (RoleInfo.java:shutdownFollowerState(121)) - f6d7b2bb-47be-46a7-95a8-45684a60ede4: shutdown FollowerState
2020-11-19 13:22:17,409 [Thread-304] INFO  impl.RaftServerImpl (RaftServerImpl.java:setRole(198)) - f6d7b2bb-47be-46a7-95a8-45684a60ede4@group-D5DB00D2266B: changes role from  FOLLOWER to CANDIDATE at term 0 for changeToCandidate
2020-11-19 13:22:17,410 [Thread-304] INFO  impl.RoleInfo (RoleInfo.java:updateAndGet(143)) - f6d7b2bb-47be-46a7-95a8-45684a60ede4: start LeaderElection
2020-11-19 13:22:17,417 [f6d7b2bb-47be-46a7-95a8-45684a60ede4@group-D5DB00D2266B-LeaderElection6] INFO  impl.LeaderElection (LeaderElection.java:askForVotes(210)) - f6d7b2bb-47be-46a7-95a8-45684a60ede4@group-D5DB00D2266B-LeaderElection6: begin an election at term 1 for -1: [f6d7b2bb-47be-46a7-95a8-45684a60ede4:172.17.0.2:32931:0, 6732c664-883b-4aa8-9a13-2c69a039c739:172.17.0.2:41843:0, 19dac6ad-87db-45e4-a3cf-3b2f37a879e5:172.17.0.2:41227:0], old=null
2020-11-19 13:22:17,429 [grpc-default-executor-1] INFO  impl.RaftServerImpl (RaftServerImpl.java:setRole(198)) - 6732c664-883b-4aa8-9a13-2c69a039c739@group-D5DB00D2266B: changes role from  FOLLOWER to FOLLOWER at term 1 for recognizeCandidate:f6d7b2bb-47be-46a7-95a8-45684a60ede4
2020-11-19 13:22:17,429 [grpc-default-executor-1] INFO  impl.RoleInfo (RoleInfo.java:shutdownFollowerState(121)) - 6732c664-883b-4aa8-9a13-2c69a039c739: shutdown FollowerState
2020-11-19 13:22:17,430 [grpc-default-executor-1] INFO  impl.RoleInfo (RoleInfo.java:updateAndGet(143)) - 6732c664-883b-4aa8-9a13-2c69a039c739: start FollowerState
2020-11-19 13:22:17,430 [Thread-307] INFO  impl.FollowerState (FollowerState.java:run(117)) - 6732c664-883b-4aa8-9a13-2c69a039c739@group-D5DB00D2266B-FollowerState was interrupted: java.lang.InterruptedException: sleep interrupted
2020-11-19 13:22:17,430 [grpc-default-executor-0] INFO  metrics.RatisMetrics (RatisMetrics.java:lambda$create$0(36)) - Creating Metrics Registry : ratis.server_message_metrics.19dac6ad-87db-45e4-a3cf-3b2f37a879e5
2020-11-19 13:22:17,430 [grpc-default-executor-1] INFO  impl.RaftServerImpl (RaftServerImpl.java:requestVote(923)) -  FOLLOWER 6732c664-883b-4aa8-9a13-2c69a039c739@group-D5DB00D2266B:t1, leader=null, voted=null, raftlog=6732c664-883b-4aa8-9a13-2c69a039c739@group-D5DB00D2266B-SegmentedRaftLog:OPENED:c-1,f-1,i0, conf=-1: [f6d7b2bb-47be-46a7-95a8-45684a60ede4:172.17.0.2:32931:0, 6732c664-883b-4aa8-9a13-2c69a039c739:172.17.0.2:41843:0, 19dac6ad-87db-45e4-a3cf-3b2f37a879e5:172.17.0.2:41227:0], old=null RUNNING priority:0 candidate:f6d7b2bb-47be-46a7-95a8-45684a60ede4:172.17.0.2:32931:0 candidatePriority:0 compare:0
2020-11-19 13:22:17,433 [grpc-default-executor-0] INFO  impl.RaftServerImpl (RaftServerImpl.java:setRole(198)) - 19dac6ad-87db-45e4-a3cf-3b2f37a879e5@group-D5DB00D2266B: changes role from  FOLLOWER to FOLLOWER at term 1 for recognizeCandidate:f6d7b2bb-47be-46a7-95a8-45684a60ede4
2020-11-19 13:22:17,433 [grpc-default-executor-0] INFO  impl.RoleInfo (RoleInfo.java:shutdownFollowerState(121)) - 19dac6ad-87db-45e4-a3cf-3b2f37a879e5: shutdown FollowerState
2020-11-19 13:22:17,433 [grpc-default-executor-0] INFO  impl.RoleInfo (RoleInfo.java:updateAndGet(143)) - 19dac6ad-87db-45e4-a3cf-3b2f37a879e5: start FollowerState
2020-11-19 13:22:17,434 [grpc-default-executor-0] INFO  impl.RaftServerImpl (RaftServerImpl.java:requestVote(923)) -  FOLLOWER 19dac6ad-87db-45e4-a3cf-3b2f37a879e5@group-D5DB00D2266B:t1, leader=null, voted=null, raftlog=19dac6ad-87db-45e4-a3cf-3b2f37a879e5@group-D5DB00D2266B-SegmentedRaftLog:OPENED:c-1,f-1,i0, conf=-1: [f6d7b2bb-47be-46a7-95a8-45684a60ede4:172.17.0.2:32931:0, 6732c664-883b-4aa8-9a13-2c69a039c739:172.17.0.2:41843:0, 19dac6ad-87db-45e4-a3cf-3b2f37a879e5:172.17.0.2:41227:0], old=null RUNNING priority:0 candidate:f6d7b2bb-47be-46a7-95a8-45684a60ede4:172.17.0.2:32931:0 candidatePriority:0 compare:0
2020-11-19 13:22:17,440 [f6d7b2bb-47be-46a7-95a8-45684a60ede4@group-D5DB00D2266B-LeaderElection6] INFO  impl.LeaderElection (LeaderElection.java:logAndReturn(62)) - f6d7b2bb-47be-46a7-95a8-45684a60ede4@group-D5DB00D2266B-LeaderElection6: Election PASSED; received 1 response(s) [f6d7b2bb-47be-46a7-95a8-45684a60ede4<-19dac6ad-87db-45e4-a3cf-3b2f37a879e5#0:OK-t1] and 0 exception(s); f6d7b2bb-47be-46a7-95a8-45684a60ede4@group-D5DB00D2266B:t1, leader=null, voted=f6d7b2bb-47be-46a7-95a8-45684a60ede4, raftlog=f6d7b2bb-47be-46a7-95a8-45684a60ede4@group-D5DB00D2266B-SegmentedRaftLog:OPENED:c-1,f-1,i0, conf=-1: [f6d7b2bb-47be-46a7-95a8-45684a60ede4:172.17.0.2:32931:0, 6732c664-883b-4aa8-9a13-2c69a039c739:172.17.0.2:41843:0, 19dac6ad-87db-45e4-a3cf-3b2f37a879e5:172.17.0.2:41227:0], old=null
2020-11-19 13:22:17,440 [f6d7b2bb-47be-46a7-95a8-45684a60ede4@group-D5DB00D2266B-LeaderElection6] INFO  impl.RoleInfo (RoleInfo.java:shutdownLeaderElection(134)) - f6d7b2bb-47be-46a7-95a8-45684a60ede4: shutdown LeaderElection
2020-11-19 13:22:17,440 [f6d7b2bb-47be-46a7-95a8-45684a60ede4@group-D5DB00D2266B-LeaderElection6] INFO  impl.RaftServerImpl (RaftServerImpl.java:setRole(198)) - f6d7b2bb-47be-46a7-95a8-45684a60ede4@group-D5DB00D2266B: changes role from CANDIDATE to LEADER at term 1 for changeToLeader
2020-11-19 13:22:17,441 [f6d7b2bb-47be-46a7-95a8-45684a60ede4@group-D5DB00D2266B-LeaderElection6] INFO  ratis.XceiverServerRatis (XceiverServerRatis.java:handleLeaderChangedNotification(854)) - Leader change notification received for group: group-D5DB00D2266B with new leaderId: f6d7b2bb-47be-46a7-95a8-45684a60ede4
2020-11-19 13:22:17,441 [f6d7b2bb-47be-46a7-95a8-45684a60ede4@group-D5DB00D2266B-LeaderElection6] INFO  impl.RaftServerImpl (ServerState.java:setLeader(256)) - f6d7b2bb-47be-46a7-95a8-45684a60ede4@group-D5DB00D2266B: change Leader from null to f6d7b2bb-47be-46a7-95a8-45684a60ede4 at term 1 for becomeLeader, leader elected after 5058ms
2020-11-19 13:22:17,441 [f6d7b2bb-47be-46a7-95a8-45684a60ede4@group-D5DB00D2266B-LeaderElection6] INFO  server.RaftServerConfigKeys (ConfUtils.java:logGet(44)) - raft.server.staging.catchup.gap = 1000 (default)
2020-11-19 13:22:17,441 [f6d7b2bb-47be-46a7-95a8-45684a60ede4@group-D5DB00D2266B-LeaderElection6] INFO  server.RaftServerConfigKeys (ConfUtils.java:logGet(44)) - raft.server.rpc.sleep.time = 25ms (default)
2020-11-19 13:22:17,441 [f6d7b2bb-47be-46a7-95a8-45684a60ede4@group-D5DB00D2266B-LeaderElection6] INFO  metrics.RatisMetrics (RatisMetrics.java:lambda$create$0(36)) - Creating Metrics Registry : ratis.log_appender.f6d7b2bb-47be-46a7-95a8-45684a60ede4@group-D5DB00D2266B
2020-11-19 13:22:17,441 [f6d7b2bb-47be-46a7-95a8-45684a60ede4@group-D5DB00D2266B-LeaderElection6] INFO  server.RaftServerConfigKeys (ConfUtils.java:logGet(44)) - raft.server.write.element-limit = 1024 (custom)
2020-11-19 13:22:17,443 [f6d7b2bb-47be-46a7-95a8-45684a60ede4@group-D5DB00D2266B-LeaderElection6] INFO  server.RaftServerConfigKeys (ConfUtils.java:logGet(44)) - raft.server.write.byte-limit = 1073741824 (custom)
2020-11-19 13:22:17,443 [f6d7b2bb-47be-46a7-95a8-45684a60ede4@group-D5DB00D2266B-LeaderElection6] INFO  server.RaftServerConfigKeys (ConfUtils.java:logGet(44)) - raft.server.watch.timeout = 180s (custom)
2020-11-19 13:22:17,443 [f6d7b2bb-47be-46a7-95a8-45684a60ede4@group-D5DB00D2266B-LeaderElection6] INFO  server.RaftServerConfigKeys (ConfUtils.java:logGet(44)) - raft.server.watch.timeout.denomination = 1s (default)
2020-11-19 13:22:17,443 [f6d7b2bb-47be-46a7-95a8-45684a60ede4@group-D5DB00D2266B-LeaderElection6] INFO  server.RaftServerConfigKeys (ConfUtils.java:logGet(44)) - raft.server.watch.element-limit = 65536 (default)
2020-11-19 13:22:17,444 [f6d7b2bb-47be-46a7-95a8-45684a60ede4@group-D5DB00D2266B-LeaderElection6] INFO  server.RaftServerConfigKeys (ConfUtils.java:logGet(44)) - raft.server.log.appender.snapshot.chunk.size.max = 16MB (=16777216) (default)
2020-11-19 13:22:17,444 [EventQueue-PipelineReportForOneReplicaPipelineSafeModeRule] INFO  safemode.SCMSafeModeManager (SCMSafeModeManager.java:validateSafeModeExitRules(214)) - AtleastOneDatanodeReportedRule rule is successfully validated
2020-11-19 13:22:17,444 [EventQueue-OpenPipelineForHealthyPipelineSafeModeRule] INFO  safemode.SCMSafeModeManager (HealthyPipelineSafeModeRule.java:process(128)) - SCM in safe mode. Healthy pipelines reported count is 0, required healthy pipeline reported count is 1
2020-11-19 13:22:17,444 [f6d7b2bb-47be-46a7-95a8-45684a60ede4@group-D5DB00D2266B-LeaderElection6] INFO  server.RaftServerConfigKeys (ConfUtils.java:logGet(44)) - raft.server.log.appender.buffer.byte-limit = 33554432 (custom)
2020-11-19 13:22:17,444 [EventQueue-PipelineReportForPipelineReportHandler] INFO  pipeline.PipelineStateManager (PipelineStateManager.java:openPipeline(132)) - Pipeline Pipeline[ Id: 1c149a9f-0109-4f2f-af69-d5db00d2266b, Nodes: f6d7b2bb-47be-46a7-95a8-45684a60ede4{ip: 172.17.0.2, host: 890f8149b140, networkLocation: /default-rack, certSerialId: null}19dac6ad-87db-45e4-a3cf-3b2f37a879e5{ip: 172.17.0.2, host: 890f8149b140, networkLocation: /default-rack, certSerialId: null}6732c664-883b-4aa8-9a13-2c69a039c739{ip: 172.17.0.2, host: 890f8149b140, networkLocation: /default-rack, certSerialId: null}, Type:RATIS, Factor:THREE, State:ALLOCATED, leaderId:f6d7b2bb-47be-46a7-95a8-45684a60ede4, CreationTimestamp2020-11-19T13:22:10.200Z] moved to OPEN state
2020-11-19 13:22:17,449 [f6d7b2bb-47be-46a7-95a8-45684a60ede4@group-D5DB00D2266B-LeaderElection6] INFO  server.RaftServerConfigKeys (ConfUtils.java:logGet(44)) - raft.server.log.appender.buffer.element-limit = 1 (custom)
2020-11-19 13:22:17,449 [f6d7b2bb-47be-46a7-95a8-45684a60ede4@group-D5DB00D2266B-LeaderElection6] INFO  grpc.GrpcConfigKeys (ConfUtils.java:logGet(44)) - raft.grpc.server.leader.outstanding.appends.max = 128 (default)
2020-11-19 13:22:17,449 [f6d7b2bb-47be-46a7-95a8-45684a60ede4@group-D5DB00D2266B-LeaderElection6] INFO  server.RaftServerConfigKeys (ConfUtils.java:logGet(44)) - raft.server.rpc.request.timeout = 60s (custom)
2020-11-19 13:22:17,449 [f6d7b2bb-47be-46a7-95a8-45684a60ede4@group-D5DB00D2266B-LeaderElection6] INFO  server.RaftServerConfigKeys (ConfUtils.java:logGet(44)) - raft.server.log.appender.install.snapshot.enabled = false (custom)
2020-11-19 13:22:17,449 [f6d7b2bb-47be-46a7-95a8-45684a60ede4@group-D5DB00D2266B-LeaderElection6] INFO  metrics.RatisMetrics (RatisMetrics.java:lambda$create$0(36)) - Creating Metrics Registry : ratis_grpc.log_appender.f6d7b2bb-47be-46a7-95a8-45684a60ede4@group-D5DB00D2266B
2020-11-19 13:22:17,449 [EventQueue-OpenPipelineForHealthyPipelineSafeModeRule] INFO  safemode.SCMSafeModeManager (HealthyPipelineSafeModeRule.java:process(128)) - SCM in safe mode. Healthy pipelines reported count is 1, required healthy pipeline reported count is 1
2020-11-19 13:22:17,450 [EventQueue-OpenPipelineForHealthyPipelineSafeModeRule] INFO  safemode.SCMSafeModeManager (SCMSafeModeManager.java:validateSafeModeExitRules(214)) - HealthyPipelineSafeModeRule rule is successfully validated
2020-11-19 13:22:17,450 [EventQueue-OpenPipelineForHealthyPipelineSafeModeRule] INFO  safemode.SCMSafeModeManager (SCMSafeModeManager.java:validateSafeModeExitRules(228)) - ScmSafeModeManager, all rules are successfully validated
2020-11-19 13:22:17,450 [EventQueue-OpenPipelineForHealthyPipelineSafeModeRule] INFO  safemode.SCMSafeModeManager (SCMSafeModeManager.java:exitSafeMode(257)) - SCM exiting safe mode.
2020-11-19 13:22:17,450 [f6d7b2bb-47be-46a7-95a8-45684a60ede4@group-D5DB00D2266B-LeaderElection6] INFO  server.RaftServerConfigKeys (ConfUtils.java:logGet(44)) - raft.server.log.appender.snapshot.chunk.size.max = 16MB (=16777216) (default)
2020-11-19 13:22:17,451 [f6d7b2bb-47be-46a7-95a8-45684a60ede4@group-D5DB00D2266B-LeaderElection6] INFO  server.RaftServerConfigKeys (ConfUtils.java:logGet(44)) - raft.server.log.appender.buffer.byte-limit = 33554432 (custom)
2020-11-19 13:22:17,451 [f6d7b2bb-47be-46a7-95a8-45684a60ede4@group-D5DB00D2266B-LeaderElection6] INFO  server.RaftServerConfigKeys (ConfUtils.java:logGet(44)) - raft.server.log.appender.buffer.element-limit = 1 (custom)
2020-11-19 13:22:17,451 [f6d7b2bb-47be-46a7-95a8-45684a60ede4@group-D5DB00D2266B-LeaderElection6] INFO  grpc.GrpcConfigKeys (ConfUtils.java:logGet(44)) - raft.grpc.server.leader.outstanding.appends.max = 128 (default)
2020-11-19 13:22:17,451 [f6d7b2bb-47be-46a7-95a8-45684a60ede4@group-D5DB00D2266B-LeaderElection6] INFO  server.RaftServerConfigKeys (ConfUtils.java:logGet(44)) - raft.server.rpc.request.timeout = 60s (custom)
2020-11-19 13:22:17,451 [f6d7b2bb-47be-46a7-95a8-45684a60ede4@group-D5DB00D2266B-LeaderElection6] INFO  server.RaftServerConfigKeys (ConfUtils.java:logGet(44)) - raft.server.log.appender.install.snapshot.enabled = false (custom)
2020-11-19 13:22:17,452 [f6d7b2bb-47be-46a7-95a8-45684a60ede4@group-D5DB00D2266B-LeaderElection6] INFO  impl.RoleInfo (RoleInfo.java:updateAndGet(143)) - f6d7b2bb-47be-46a7-95a8-45684a60ede4: start LeaderState
2020-11-19 13:22:17,452 [f6d7b2bb-47be-46a7-95a8-45684a60ede4@group-D5DB00D2266B-LeaderElection6] INFO  segmented.SegmentedRaftLogWorker (SegmentedRaftLogWorker.java:startLogSegment(397)) - f6d7b2bb-47be-46a7-95a8-45684a60ede4@group-D5DB00D2266B-SegmentedRaftLogWorker: Starting segment from index:0
2020-11-19 13:22:17,454 [f6d7b2bb-47be-46a7-95a8-45684a60ede4@group-D5DB00D2266B-SegmentedRaftLogWorker] INFO  segmented.SegmentedRaftLogWorker (SegmentedRaftLogWorker.java:execute(596)) - f6d7b2bb-47be-46a7-95a8-45684a60ede4@group-D5DB00D2266B-SegmentedRaftLogWorker: created new log segment /github/workspace/mnt/ozone/hadoop-ozone/integration-test/target/test-dir/MiniOzoneClusterImpl-6709ef09-1056-4c4b-8c83-ecdc17148cc3/datanode-1/data/ratis/1c149a9f-0109-4f2f-af69-d5db00d2266b/current/log_inprogress_0
2020-11-19 13:22:17,460 [f6d7b2bb-47be-46a7-95a8-45684a60ede4@group-D5DB00D2266B-LeaderElection6] INFO  impl.RaftServerImpl (ServerState.java:setRaftConf(374)) - f6d7b2bb-47be-46a7-95a8-45684a60ede4@group-D5DB00D2266B: set configuration 0: [f6d7b2bb-47be-46a7-95a8-45684a60ede4:172.17.0.2:32931:0, 6732c664-883b-4aa8-9a13-2c69a039c739:172.17.0.2:41843:0, 19dac6ad-87db-45e4-a3cf-3b2f37a879e5:172.17.0.2:41227:0], old=null at 0
2020-11-19 13:22:17,471 [grpc-default-executor-1] INFO  ratis.XceiverServerRatis (XceiverServerRatis.java:handleLeaderChangedNotification(854)) - Leader change notification received for group: group-D5DB00D2266B with new leaderId: f6d7b2bb-47be-46a7-95a8-45684a60ede4
2020-11-19 13:22:17,471 [grpc-default-executor-1] INFO  impl.RaftServerImpl (ServerState.java:setLeader(256)) - 6732c664-883b-4aa8-9a13-2c69a039c739@group-D5DB00D2266B: change Leader from null to f6d7b2bb-47be-46a7-95a8-45684a60ede4 at term 1 for appendEntries, leader elected after 5034ms
2020-11-19 13:22:17,472 [grpc-default-executor-0] INFO  ratis.XceiverServerRatis (XceiverServerRatis.java:handleLeaderChangedNotification(854)) - Leader change notification received for group: group-D5DB00D2266B with new leaderId: f6d7b2bb-47be-46a7-95a8-45684a60ede4
2020-11-19 13:22:17,472 [grpc-default-executor-0] INFO  impl.RaftServerImpl (ServerState.java:setLeader(256)) - 19dac6ad-87db-45e4-a3cf-3b2f37a879e5@group-D5DB00D2266B: change Leader from null to f6d7b2bb-47be-46a7-95a8-45684a60ede4 at term 1 for appendEntries, leader elected after 5166ms
2020-11-19 13:22:17,475 [grpc-default-executor-1] INFO  impl.RaftServerImpl (ServerState.java:setRaftConf(374)) - 6732c664-883b-4aa8-9a13-2c69a039c739@group-D5DB00D2266B: set configuration 0: [f6d7b2bb-47be-46a7-95a8-45684a60ede4:172.17.0.2:32931:0, 6732c664-883b-4aa8-9a13-2c69a039c739:172.17.0.2:41843:0, 19dac6ad-87db-45e4-a3cf-3b2f37a879e5:172.17.0.2:41227:0], old=null at 0
2020-11-19 13:22:17,475 [grpc-default-executor-1] INFO  segmented.SegmentedRaftLogWorker (SegmentedRaftLogWorker.java:startLogSegment(397)) - 6732c664-883b-4aa8-9a13-2c69a039c739@group-D5DB00D2266B-SegmentedRaftLogWorker: Starting segment from index:0
2020-11-19 13:22:17,479 [grpc-default-executor-0] INFO  impl.RaftServerImpl (ServerState.java:setRaftConf(374)) - 19dac6ad-87db-45e4-a3cf-3b2f37a879e5@group-D5DB00D2266B: set configuration 0: [f6d7b2bb-47be-46a7-95a8-45684a60ede4:172.17.0.2:32931:0, 6732c664-883b-4aa8-9a13-2c69a039c739:172.17.0.2:41843:0, 19dac6ad-87db-45e4-a3cf-3b2f37a879e5:172.17.0.2:41227:0], old=null at 0
2020-11-19 13:22:17,479 [grpc-default-executor-0] INFO  segmented.SegmentedRaftLogWorker (SegmentedRaftLogWorker.java:startLogSegment(397)) - 19dac6ad-87db-45e4-a3cf-3b2f37a879e5@group-D5DB00D2266B-SegmentedRaftLogWorker: Starting segment from index:0
2020-11-19 13:22:17,484 [6732c664-883b-4aa8-9a13-2c69a039c739@group-D5DB00D2266B-SegmentedRaftLogWorker] INFO  segmented.SegmentedRaftLogWorker (SegmentedRaftLogWorker.java:execute(596)) - 6732c664-883b-4aa8-9a13-2c69a039c739@group-D5DB00D2266B-SegmentedRaftLogWorker: created new log segment /github/workspace/mnt/ozone/hadoop-ozone/integration-test/target/test-dir/MiniOzoneClusterImpl-6709ef09-1056-4c4b-8c83-ecdc17148cc3/datanode-2/data/ratis/1c149a9f-0109-4f2f-af69-d5db00d2266b/current/log_inprogress_0
2020-11-19 13:22:17,485 [19dac6ad-87db-45e4-a3cf-3b2f37a879e5@group-D5DB00D2266B-SegmentedRaftLogWorker] INFO  segmented.SegmentedRaftLogWorker (SegmentedRaftLogWorker.java:execute(596)) - 19dac6ad-87db-45e4-a3cf-3b2f37a879e5@group-D5DB00D2266B-SegmentedRaftLogWorker: created new log segment /github/workspace/mnt/ozone/hadoop-ozone/integration-test/target/test-dir/MiniOzoneClusterImpl-6709ef09-1056-4c4b-8c83-ecdc17148cc3/datanode-0/data/ratis/1c149a9f-0109-4f2f-af69-d5db00d2266b/current/log_inprogress_0
2020-11-19 13:22:18,013 [Thread-313] INFO  impl.FollowerState (FollowerState.java:run(108)) - f6d7b2bb-47be-46a7-95a8-45684a60ede4@group-991C591F02C0-FollowerState: change to CANDIDATE, lastRpcTime:5198ms, electionTimeout:5197ms
2020-11-19 13:22:18,013 [Thread-313] INFO  impl.RoleInfo (RoleInfo.java:shutdownFollowerState(121)) - f6d7b2bb-47be-46a7-95a8-45684a60ede4: shutdown FollowerState
2020-11-19 13:22:18,013 [Thread-313] INFO  impl.RaftServerImpl (RaftServerImpl.java:setRole(198)) - f6d7b2bb-47be-46a7-95a8-45684a60ede4@group-991C591F02C0: changes role from  FOLLOWER to CANDIDATE at term 0 for changeToCandidate
2020-11-19 13:22:18,013 [Thread-313] INFO  impl.RoleInfo (RoleInfo.java:updateAndGet(143)) - f6d7b2bb-47be-46a7-95a8-45684a60ede4: start LeaderElection
2020-11-19 13:22:18,016 [f6d7b2bb-47be-46a7-95a8-45684a60ede4@group-991C591F02C0-LeaderElection7] INFO  impl.LeaderElection (LeaderElection.java:askForVotes(210)) - f6d7b2bb-47be-46a7-95a8-45684a60ede4@group-991C591F02C0-LeaderElection7: begin an election at term 1 for -1: [f6d7b2bb-47be-46a7-95a8-45684a60ede4:172.17.0.2:32931:0], old=null
2020-11-19 13:22:18,016 [f6d7b2bb-47be-46a7-95a8-45684a60ede4@group-991C591F02C0-LeaderElection7] INFO  impl.RoleInfo (RoleInfo.java:shutdownLeaderElection(134)) - f6d7b2bb-47be-46a7-95a8-45684a60ede4: shutdown LeaderElection
2020-11-19 13:22:18,016 [f6d7b2bb-47be-46a7-95a8-45684a60ede4@group-991C591F02C0-LeaderElection7] INFO  impl.RaftServerImpl (RaftServerImpl.java:setRole(198)) - f6d7b2bb-47be-46a7-95a8-45684a60ede4@group-991C591F02C0: changes role from CANDIDATE to LEADER at term 1 for changeToLeader
2020-11-19 13:22:18,016 [f6d7b2bb-47be-46a7-95a8-45684a60ede4@group-991C591F02C0-LeaderElection7] INFO  ratis.XceiverServerRatis (XceiverServerRatis.java:handleLeaderChangedNotification(854)) - Leader change notification received for group: group-991C591F02C0 with new leaderId: f6d7b2bb-47be-46a7-95a8-45684a60ede4
2020-11-19 13:22:18,016 [f6d7b2bb-47be-46a7-95a8-45684a60ede4@group-991C591F02C0-LeaderElection7] INFO  impl.RaftServerImpl (ServerState.java:setLeader(256)) - f6d7b2bb-47be-46a7-95a8-45684a60ede4@group-991C591F02C0: change Leader from null to f6d7b2bb-47be-46a7-95a8-45684a60ede4 at term 1 for becomeLeader, leader elected after 5221ms
2020-11-19 13:22:18,017 [f6d7b2bb-47be-46a7-95a8-45684a60ede4@group-991C591F02C0-LeaderElection7] INFO  server.RaftServerConfigKeys (ConfUtils.java:logGet(44)) - raft.server.staging.catchup.gap = 1000 (default)
2020-11-19 13:22:18,017 [f6d7b2bb-47be-46a7-95a8-45684a60ede4@group-991C591F02C0-LeaderElection7] INFO  server.RaftServerConfigKeys (ConfUtils.java:logGet(44)) - raft.server.rpc.sleep.time = 25ms (default)
2020-11-19 13:22:18,017 [f6d7b2bb-47be-46a7-95a8-45684a60ede4@group-991C591F02C0-LeaderElection7] INFO  metrics.RatisMetrics (RatisMetrics.java:lambda$create$0(36)) - Creating Metrics Registry : ratis.log_appender.f6d7b2bb-47be-46a7-95a8-45684a60ede4@group-991C591F02C0
2020-11-19 13:22:18,017 [f6d7b2bb-47be-46a7-95a8-45684a60ede4@group-991C591F02C0-LeaderElection7] INFO  server.RaftServerConfigKeys (ConfUtils.java:logGet(44)) - raft.server.write.element-limit = 1024 (custom)
2020-11-19 13:22:18,018 [f6d7b2bb-47be-46a7-95a8-45684a60ede4@group-991C591F02C0-LeaderElection7] INFO  server.RaftServerConfigKeys (ConfUtils.java:logGet(44)) - raft.server.write.byte-limit = 1073741824 (custom)
2020-11-19 13:22:18,018 [f6d7b2bb-47be-46a7-95a8-45684a60ede4@group-991C591F02C0-LeaderElection7] INFO  server.RaftServerConfigKeys (ConfUtils.java:logGet(44)) - raft.server.watch.timeout = 180s (custom)
2020-11-19 13:22:18,018 [f6d7b2bb-47be-46a7-95a8-45684a60ede4@group-991C591F02C0-LeaderElection7] INFO  server.RaftServerConfigKeys (ConfUtils.java:logGet(44)) - raft.server.watch.timeout.denomination = 1s (default)
2020-11-19 13:22:18,018 [f6d7b2bb-47be-46a7-95a8-45684a60ede4@group-991C591F02C0-LeaderElection7] INFO  server.RaftServerConfigKeys (ConfUtils.java:logGet(44)) - raft.server.watch.element-limit = 65536 (default)
2020-11-19 13:22:18,019 [f6d7b2bb-47be-46a7-95a8-45684a60ede4@group-991C591F02C0-LeaderElection7] INFO  impl.RoleInfo (RoleInfo.java:updateAndGet(143)) - f6d7b2bb-47be-46a7-95a8-45684a60ede4: start LeaderState
2020-11-19 13:22:18,019 [f6d7b2bb-47be-46a7-95a8-45684a60ede4@group-991C591F02C0-LeaderElection7] INFO  segmented.SegmentedRaftLogWorker (SegmentedRaftLogWorker.java:startLogSegment(397)) - f6d7b2bb-47be-46a7-95a8-45684a60ede4@group-991C591F02C0-SegmentedRaftLogWorker: Starting segment from index:0
2020-11-19 13:22:18,021 [f6d7b2bb-47be-46a7-95a8-45684a60ede4@group-991C591F02C0-SegmentedRaftLogWorker] INFO  segmented.SegmentedRaftLogWorker (SegmentedRaftLogWorker.java:execute(596)) - f6d7b2bb-47be-46a7-95a8-45684a60ede4@group-991C591F02C0-SegmentedRaftLogWorker: created new log segment /github/workspace/mnt/ozone/hadoop-ozone/integration-test/target/test-dir/MiniOzoneClusterImpl-6709ef09-1056-4c4b-8c83-ecdc17148cc3/datanode-1/data/ratis/f9ab3ecd-d6d3-49dd-8db9-991c591f02c0/current/log_inprogress_0
2020-11-19 13:22:18,022 [f6d7b2bb-47be-46a7-95a8-45684a60ede4@group-991C591F02C0-LeaderElection7] INFO  impl.RaftServerImpl (ServerState.java:setRaftConf(374)) - f6d7b2bb-47be-46a7-95a8-45684a60ede4@group-991C591F02C0: set configuration 0: [f6d7b2bb-47be-46a7-95a8-45684a60ede4:172.17.0.2:32931:0], old=null at 0
2020-11-19 13:22:18,190 [Listener at 127.0.0.1/12760] INFO  ozone.MiniOzoneClusterImpl (MiniOzoneClusterImpl.java:lambda$waitForClusterToBeReady$0(178)) - Nodes are ready. Got 3 of 3 DN Heartbeats.
2020-11-19 13:22:18,190 [Listener at 127.0.0.1/12760] INFO  ozone.MiniOzoneClusterImpl (MiniOzoneClusterImpl.java:lambda$waitForClusterToBeReady$0(181)) - Cluster exits safe mode
2020-11-19 13:22:18,290 [Thread-317] INFO  impl.FollowerState (FollowerState.java:run(108)) - 6732c664-883b-4aa8-9a13-2c69a039c739@group-05D14D3910FF-FollowerState: change to CANDIDATE, lastRpcTime:5073ms, electionTimeout:5073ms
2020-11-19 13:22:18,291 [Thread-317] INFO  impl.RoleInfo (RoleInfo.java:shutdownFollowerState(121)) - 6732c664-883b-4aa8-9a13-2c69a039c739: shutdown FollowerState
2020-11-19 13:22:18,291 [Thread-317] INFO  impl.RaftServerImpl (RaftServerImpl.java:setRole(198)) - 6732c664-883b-4aa8-9a13-2c69a039c739@group-05D14D3910FF: changes role from  FOLLOWER to CANDIDATE at term 0 for changeToCandidate
2020-11-19 13:22:18,291 [Thread-317] INFO  impl.RoleInfo (RoleInfo.java:updateAndGet(143)) - 6732c664-883b-4aa8-9a13-2c69a039c739: start LeaderElection
2020-11-19 13:22:18,299 [6732c664-883b-4aa8-9a13-2c69a039c739@group-05D14D3910FF-LeaderElection8] INFO  impl.LeaderElection (LeaderElection.java:askForVotes(210)) - 6732c664-883b-4aa8-9a13-2c69a039c739@group-05D14D3910FF-LeaderElection8: begin an election at term 1 for -1: [6732c664-883b-4aa8-9a13-2c69a039c739:172.17.0.2:41843:0], old=null
2020-11-19 13:22:18,299 [6732c664-883b-4aa8-9a13-2c69a039c739@group-05D14D3910FF-LeaderElection8] INFO  impl.RoleInfo (RoleInfo.java:shutdownLeaderElection(134)) - 6732c664-883b-4aa8-9a13-2c69a039c739: shutdown LeaderElection
2020-11-19 13:22:18,299 [6732c664-883b-4aa8-9a13-2c69a039c739@group-05D14D3910FF-LeaderElection8] INFO  impl.RaftServerImpl (RaftServerImpl.java:setRole(198)) - 6732c664-883b-4aa8-9a13-2c69a039c739@group-05D14D3910FF: changes role from CANDIDATE to LEADER at term 1 for changeToLeader
2020-11-19 13:22:18,299 [6732c664-883b-4aa8-9a13-2c69a039c739@group-05D14D3910FF-LeaderElection8] INFO  ratis.XceiverServerRatis (XceiverServerRatis.java:handleLeaderChangedNotification(854)) - Leader change notification received for group: group-05D14D3910FF with new leaderId: 6732c664-883b-4aa8-9a13-2c69a039c739
2020-11-19 13:22:18,299 [6732c664-883b-4aa8-9a13-2c69a039c739@group-05D14D3910FF-LeaderElection8] INFO  impl.RaftServerImpl (ServerState.java:setLeader(256)) - 6732c664-883b-4aa8-9a13-2c69a039c739@group-05D14D3910FF: change Leader from null to 6732c664-883b-4aa8-9a13-2c69a039c739 at term 1 for becomeLeader, leader elected after 5099ms
2020-11-19 13:22:18,300 [6732c664-883b-4aa8-9a13-2c69a039c739@group-05D14D3910FF-LeaderElection8] INFO  server.RaftServerConfigKeys (ConfUtils.java:logGet(44)) - raft.server.staging.catchup.gap = 1000 (default)
2020-11-19 13:22:18,300 [6732c664-883b-4aa8-9a13-2c69a039c739@group-05D14D3910FF-LeaderElection8] INFO  server.RaftServerConfigKeys (ConfUtils.java:logGet(44)) - raft.server.rpc.sleep.time = 25ms (default)
2020-11-19 13:22:18,300 [6732c664-883b-4aa8-9a13-2c69a039c739@group-05D14D3910FF-LeaderElection8] INFO  metrics.RatisMetrics (RatisMetrics.java:lambda$create$0(36)) - Creating Metrics Registry : ratis.log_appender.6732c664-883b-4aa8-9a13-2c69a039c739@group-05D14D3910FF
2020-11-19 13:22:18,300 [6732c664-883b-4aa8-9a13-2c69a039c739@group-05D14D3910FF-LeaderElection8] INFO  server.RaftServerConfigKeys (ConfUtils.java:logGet(44)) - raft.server.write.element-limit = 1024 (custom)
2020-11-19 13:22:18,300 [6732c664-883b-4aa8-9a13-2c69a039c739@group-05D14D3910FF-LeaderElection8] INFO  server.RaftServerConfigKeys (ConfUtils.java:logGet(44)) - raft.server.write.byte-limit = 1073741824 (custom)
2020-11-19 13:22:18,301 [6732c664-883b-4aa8-9a13-2c69a039c739@group-05D14D3910FF-LeaderElection8] INFO  server.RaftServerConfigKeys (ConfUtils.java:logGet(44)) - raft.server.watch.timeout = 180s (custom)
2020-11-19 13:22:18,301 [6732c664-883b-4aa8-9a13-2c69a039c739@group-05D14D3910FF-LeaderElection8] INFO  server.RaftServerConfigKeys (ConfUtils.java:logGet(44)) - raft.server.watch.timeout.denomination = 1s (default)
2020-11-19 13:22:18,301 [6732c664-883b-4aa8-9a13-2c69a039c739@group-05D14D3910FF-LeaderElection8] INFO  server.RaftServerConfigKeys (ConfUtils.java:logGet(44)) - raft.server.watch.element-limit = 65536 (default)
2020-11-19 13:22:18,301 [6732c664-883b-4aa8-9a13-2c69a039c739@group-05D14D3910FF-LeaderElection8] INFO  impl.RoleInfo (RoleInfo.java:updateAndGet(143)) - 6732c664-883b-4aa8-9a13-2c69a039c739: start LeaderState
2020-11-19 13:22:18,301 [6732c664-883b-4aa8-9a13-2c69a039c739@group-05D14D3910FF-LeaderElection8] INFO  segmented.SegmentedRaftLogWorker (SegmentedRaftLogWorker.java:startLogSegment(397)) - 6732c664-883b-4aa8-9a13-2c69a039c739@group-05D14D3910FF-SegmentedRaftLogWorker: Starting segment from index:0
2020-11-19 13:22:18,308 [6732c664-883b-4aa8-9a13-2c69a039c739@group-05D14D3910FF-LeaderElection8] INFO  impl.RaftServerImpl (ServerState.java:setRaftConf(374)) - 6732c664-883b-4aa8-9a13-2c69a039c739@group-05D14D3910FF: set configuration 0: [6732c664-883b-4aa8-9a13-2c69a039c739:172.17.0.2:41843:0], old=null at 0
2020-11-19 13:22:18,316 [6732c664-883b-4aa8-9a13-2c69a039c739@group-05D14D3910FF-SegmentedRaftLogWorker] INFO  segmented.SegmentedRaftLogWorker (SegmentedRaftLogWorker.java:execute(596)) - 6732c664-883b-4aa8-9a13-2c69a039c739@group-05D14D3910FF-SegmentedRaftLogWorker: created new log segment /github/workspace/mnt/ozone/hadoop-ozone/integration-test/target/test-dir/MiniOzoneClusterImpl-6709ef09-1056-4c4b-8c83-ecdc17148cc3/datanode-2/data/ratis/2d599fdc-4179-480d-8d46-05d14d3910ff/current/log_inprogress_0
2020-11-19 13:22:18,494 [IPC Server handler 15 on default port 12748] INFO  ipc.Server (Server.java:logException(2976)) - IPC Server handler 15 on default port 12748, call Call#38 Retry#0 org.apache.hadoop.ozone.om.protocol.OzoneManagerProtocol.submitRequest from 127.0.0.1:45586
org.apache.hadoop.ozone.om.exceptions.OMNotLeaderException: OM:omNode-1 is not the leader. Suggested leader is OM:omNode-3.
	at org.apache.hadoop.ozone.protocolPB.OzoneManagerProtocolServerSideTranslatorPB.createNotLeaderException(OzoneManagerProtocolServerSideTranslatorPB.java:203)
	at org.apache.hadoop.ozone.protocolPB.OzoneManagerProtocolServerSideTranslatorPB.submitReadRequestToOM(OzoneManagerProtocolServerSideTranslatorPB.java:191)
	at org.apache.hadoop.ozone.protocolPB.OzoneManagerProtocolServerSideTranslatorPB.processRequest(OzoneManagerProtocolServerSideTranslatorPB.java:128)
	at org.apache.hadoop.hdds.server.OzoneProtocolMessageDispatcher.processRequest(OzoneProtocolMessageDispatcher.java:87)
	at org.apache.hadoop.ozone.protocolPB.OzoneManagerProtocolServerSideTranslatorPB.submitRequest(OzoneManagerProtocolServerSideTranslatorPB.java:118)
	at org.apache.hadoop.ozone.protocol.proto.OzoneManagerProtocolProtos$OzoneManagerService$2.callBlockingMethod(OzoneManagerProtocolProtos.java)
	at org.apache.hadoop.ipc.ProtobufRpcEngine$Server$ProtoBufRpcInvoker.call(ProtobufRpcEngine.java:528)
	at org.apache.hadoop.ipc.RPC$Server.call(RPC.java:1070)
	at org.apache.hadoop.ipc.Server$RpcCall.run(Server.java:999)
	at org.apache.hadoop.ipc.Server$RpcCall.run(Server.java:927)
	at java.security.AccessController.doPrivileged(Native Method)
	at javax.security.auth.Subject.doAs(Subject.java:422)
	at org.apache.hadoop.security.UserGroupInformation.doAs(UserGroupInformation.java:1730)
	at org.apache.hadoop.ipc.Server$Handler.run(Server.java:2915)
2020-11-19 13:22:18,507 [IPC Server handler 0 on default port 12754] INFO  ipc.Server (Server.java:logException(2976)) - IPC Server handler 0 on default port 12754, call Call#38 Retry#1 org.apache.hadoop.ozone.om.protocol.OzoneManagerProtocol.submitRequest from 127.0.0.1:58326
org.apache.hadoop.ozone.om.exceptions.OMNotLeaderException: OM:omNode-2 is not the leader. Suggested leader is OM:omNode-3.
	at org.apache.hadoop.ozone.protocolPB.OzoneManagerProtocolServerSideTranslatorPB.createNotLeaderException(OzoneManagerProtocolServerSideTranslatorPB.java:203)
	at org.apache.hadoop.ozone.protocolPB.OzoneManagerProtocolServerSideTranslatorPB.submitReadRequestToOM(OzoneManagerProtocolServerSideTranslatorPB.java:191)
	at org.apache.hadoop.ozone.protocolPB.OzoneManagerProtocolServerSideTranslatorPB.processRequest(OzoneManagerProtocolServerSideTranslatorPB.java:128)
	at org.apache.hadoop.hdds.server.OzoneProtocolMessageDispatcher.processRequest(OzoneProtocolMessageDispatcher.java:87)
	at org.apache.hadoop.ozone.protocolPB.OzoneManagerProtocolServerSideTranslatorPB.submitRequest(OzoneManagerProtocolServerSideTranslatorPB.java:118)
	at org.apache.hadoop.ozone.protocol.proto.OzoneManagerProtocolProtos$OzoneManagerService$2.callBlockingMethod(OzoneManagerProtocolProtos.java)
	at org.apache.hadoop.ipc.ProtobufRpcEngine$Server$ProtoBufRpcInvoker.call(ProtobufRpcEngine.java:528)
	at org.apache.hadoop.ipc.RPC$Server.call(RPC.java:1070)
	at org.apache.hadoop.ipc.Server$RpcCall.run(Server.java:999)
	at org.apache.hadoop.ipc.Server$RpcCall.run(Server.java:927)
	at java.security.AccessController.doPrivileged(Native Method)
	at javax.security.auth.Subject.doAs(Subject.java:422)
	at org.apache.hadoop.security.UserGroupInformation.doAs(UserGroupInformation.java:1730)
	at org.apache.hadoop.ipc.Server$Handler.run(Server.java:2915)
2020-11-19 13:22:18,508 [Listener at 127.0.0.1/12760] INFO  retry.RetryInvocationHandler (RetryInvocationHandler.java:log(411)) - com.google.protobuf.ServiceException: org.apache.hadoop.ipc.RemoteException(org.apache.hadoop.ozone.om.exceptions.OMNotLeaderException): OM:omNode-2 is not the leader. Suggested leader is OM:omNode-3.
	at org.apache.hadoop.ozone.protocolPB.OzoneManagerProtocolServerSideTranslatorPB.createNotLeaderException(OzoneManagerProtocolServerSideTranslatorPB.java:203)
	at org.apache.hadoop.ozone.protocolPB.OzoneManagerProtocolServerSideTranslatorPB.submitReadRequestToOM(OzoneManagerProtocolServerSideTranslatorPB.java:191)
	at org.apache.hadoop.ozone.protocolPB.OzoneManagerProtocolServerSideTranslatorPB.processRequest(OzoneManagerProtocolServerSideTranslatorPB.java:128)
	at org.apache.hadoop.hdds.server.OzoneProtocolMessageDispatcher.processRequest(OzoneProtocolMessageDispatcher.java:87)
	at org.apache.hadoop.ozone.protocolPB.OzoneManagerProtocolServerSideTranslatorPB.submitRequest(OzoneManagerProtocolServerSideTranslatorPB.java:118)
	at org.apache.hadoop.ozone.protocol.proto.OzoneManagerProtocolProtos$OzoneManagerService$2.callBlockingMethod(OzoneManagerProtocolProtos.java)
	at org.apache.hadoop.ipc.ProtobufRpcEngine$Server$ProtoBufRpcInvoker.call(ProtobufRpcEngine.java:528)
	at org.apache.hadoop.ipc.RPC$Server.call(RPC.java:1070)
	at org.apache.hadoop.ipc.Server$RpcCall.run(Server.java:999)
	at org.apache.hadoop.ipc.Server$RpcCall.run(Server.java:927)
	at java.security.AccessController.doPrivileged(Native Method)
	at javax.security.auth.Subject.doAs(Subject.java:422)
	at org.apache.hadoop.security.UserGroupInformation.doAs(UserGroupInformation.java:1730)
	at org.apache.hadoop.ipc.Server$Handler.run(Server.java:2915)
, while invoking $Proxy39.submitRequest over nodeId=omNode-2,nodeAddress=127.0.0.1:12754 after 1 failover attempts. Trying to failover immediately.
2020-11-19 13:22:18,671 [Listener at 127.0.0.1/12760] INFO  rpc.RpcClient (RpcClient.java:createVolume(272)) - Creating Volume: 5d685cc9-bc06-49ad-8af8-007d7ea29249, with jenkins1001 as owner.
2020-11-19 13:22:18,798 [OM StateMachine ApplyTransaction Thread - 0] INFO  volume.OMVolumeCreateRequest (OMVolumeCreateRequest.java:validateAndUpdateCache(196)) - created volume:5d685cc9-bc06-49ad-8af8-007d7ea29249 for user:jenkins1001
2020-11-19 13:22:18,798 [OM StateMachine ApplyTransaction Thread - 0] INFO  volume.OMVolumeCreateRequest (OMVolumeCreateRequest.java:validateAndUpdateCache(196)) - created volume:5d685cc9-bc06-49ad-8af8-007d7ea29249 for user:jenkins1001
2020-11-19 13:22:18,798 [OM StateMachine ApplyTransaction Thread - 0] INFO  volume.OMVolumeCreateRequest (OMVolumeCreateRequest.java:validateAndUpdateCache(196)) - created volume:5d685cc9-bc06-49ad-8af8-007d7ea29249 for user:jenkins1001
2020-11-19 13:22:18,824 [OM StateMachine ApplyTransaction Thread - 0] INFO  volume.OMVolumeCreateRequest (OMVolumeCreateRequest.java:validateAndUpdateCache(196)) - created volume:dcb2e872-7967-4260-827f-3b3a46a67c00 for user:jenkins1001
2020-11-19 13:22:18,832 [OM StateMachine ApplyTransaction Thread - 0] INFO  volume.OMVolumeCreateRequest (OMVolumeCreateRequest.java:validateAndUpdateCache(196)) - created volume:dcb2e872-7967-4260-827f-3b3a46a67c00 for user:jenkins1001
2020-11-19 13:22:18,839 [OM StateMachine ApplyTransaction Thread - 0] INFO  volume.OMVolumeCreateRequest (OMVolumeCreateRequest.java:validateAndUpdateCache(196)) - created volume:dcb2e872-7967-4260-827f-3b3a46a67c00 for user:jenkins1001
2020-11-19 13:22:18,841 [Listener at 127.0.0.1/12760] INFO  ozone.MiniOzoneClusterImpl (MiniOzoneClusterImpl.java:shutdown(388)) - Shutting down the Mini Ozone Cluster
2020-11-19 13:22:18,842 [Listener at 127.0.0.1/12760] INFO  ozone.MiniOzoneHAClusterImpl (MiniOzoneHAClusterImpl.java:stop(230)) - Stopping the OzoneManager omNode-3
2020-11-19 13:22:18,842 [Listener at 127.0.0.1/12760] INFO  ipc.Server (Server.java:stop(3359)) - Stopping server on 12760
2020-11-19 13:22:18,846 [IPC Server Responder] INFO  ipc.Server (Server.java:run(1465)) - Stopping IPC Server Responder
2020-11-19 13:22:18,846 [IPC Server listener on 12760] INFO  ipc.Server (Server.java:run(1330)) - Stopping IPC Server listener on 12760
2020-11-19 13:22:18,847 [Listener at 127.0.0.1/12760] INFO  impl.RaftServerProxy (RaftServerProxy.java:lambda$close$4(322)) - omNode-3: close
2020-11-19 13:22:18,848 [Listener at 127.0.0.1/12760] INFO  impl.RaftServerImpl (RaftServerImpl.java:lambda$shutdown$3(321)) - omNode-3@group-523986131536: shutdown
2020-11-19 13:22:18,848 [Listener at 127.0.0.1/12760] INFO  util.JmxRegister (JmxRegister.java:unregister(73)) - Successfully un-registered JMX Bean with object name Ratis:service=RaftServer,group=group-523986131536,id=omNode-3
2020-11-19 13:22:18,848 [Listener at 127.0.0.1/12760] INFO  impl.RoleInfo (RoleInfo.java:shutdownLeaderState(104)) - omNode-3: shutdown LeaderState
2020-11-19 13:22:18,849 [Listener at 127.0.0.1/12760] INFO  metrics.RatisMetrics (RatisMetrics.java:unregister(43)) - Unregistering Metrics Registry : ratis_grpc.log_appender.omNode-3@group-523986131536
2020-11-19 13:22:18,850 [org.apache.ratis.server.impl.LogAppender$AppenderDaemon$$Lambda$366/2062812789@2308d3d6] WARN  server.GrpcLogAppender (GrpcLogAppender.java:mayWait(168)) - omNode-3@group-523986131536->omNode-1-GrpcLogAppender: Wait interrupted by java.lang.InterruptedException
2020-11-19 13:22:18,850 [Listener at 127.0.0.1/12760] INFO  metrics.RatisMetrics (RatisMetrics.java:unregister(43)) - Unregistering Metrics Registry : ratis_grpc.log_appender.omNode-3@group-523986131536
2020-11-19 13:22:18,852 [grpc-default-executor-4] INFO  server.GrpcServerProtocolService (GrpcServerProtocolService.java:onCompleted(138)) - omNode-1: Completed APPEND_ENTRIES, lastRequest: omNode-3->omNode-1#83-t2, previous=(t:2, i:3), leaderCommit=3, initializing? false, entries: size=1, first=(t:2, i:4), METADATAENTRY(c:3)
2020-11-19 13:22:18,859 [Listener at 127.0.0.1/12760] INFO  impl.PendingRequests (PendingRequests.java:sendNotLeaderResponses(249)) - omNode-3@group-523986131536-PendingRequests: sendNotLeaderResponses
2020-11-19 13:22:18,853 [org.apache.ratis.server.impl.LogAppender$AppenderDaemon$$Lambda$366/2062812789@2dc8cd97] WARN  server.GrpcLogAppender (GrpcLogAppender.java:mayWait(168)) - omNode-3@group-523986131536->omNode-2-GrpcLogAppender: Wait interrupted by java.lang.InterruptedException
2020-11-19 13:22:18,853 [grpc-default-executor-1] INFO  server.GrpcLogAppender (GrpcLogAppender.java:onCompleted(336)) - omNode-3@group-523986131536->omNode-1-AppendLogResponseHandler: follower responses appendEntries COMPLETED
2020-11-19 13:22:18,875 [grpc-default-executor-4] INFO  server.GrpcServerProtocolService (GrpcServerProtocolService.java:onCompleted(138)) - omNode-2: Completed APPEND_ENTRIES, lastRequest: omNode-3->omNode-2#85-t2, previous=(t:2, i:3), leaderCommit=3, initializing? false, entries: size=1, first=(t:2, i:4), METADATAENTRY(c:3)
2020-11-19 13:22:18,877 [grpc-default-executor-0] INFO  server.GrpcLogAppender (GrpcLogAppender.java:onCompleted(336)) - omNode-3@group-523986131536->omNode-2-AppendLogResponseHandler: follower responses appendEntries COMPLETED
2020-11-19 13:22:18,878 [grpc-default-executor-0] INFO  impl.FollowerInfo (FollowerInfo.java:lambda$new$0(51)) - omNode-3@group-523986131536->omNode-2: nextIndex: updateUnconditionally 5 -> 4
2020-11-19 13:22:18,881 [grpc-default-executor-1] INFO  impl.FollowerInfo (FollowerInfo.java:lambda$new$0(51)) - omNode-3@group-523986131536->omNode-1: nextIndex: updateUnconditionally 5 -> 4
2020-11-19 13:22:18,882 [Listener at 127.0.0.1/12760] INFO  metrics.RatisMetrics (RatisMetrics.java:unregister(43)) - Unregistering Metrics Registry : ratis.log_appender.omNode-3@group-523986131536
2020-11-19 13:22:18,882 [Listener at 127.0.0.1/12760] INFO  metrics.RatisMetrics (RatisMetrics.java:unregister(43)) - Unregistering Metrics Registry : ratis.server.omNode-3@group-523986131536
2020-11-19 13:22:18,882 [Listener at 127.0.0.1/12760] INFO  impl.StateMachineUpdater (StateMachineUpdater.java:stopAndJoin(142)) - omNode-3@group-523986131536-StateMachineUpdater: set stopIndex = 4
2020-11-19 13:22:18,882 [omNode-3@group-523986131536-StateMachineUpdater] INFO  ratis.OzoneManagerStateMachine (OzoneManagerStateMachine.java:takeSnapshot(345)) - Current Snapshot Index (t:2, i:4)
2020-11-19 13:22:18,883 [omNode-3@group-523986131536-StateMachineUpdater] INFO  impl.StateMachineUpdater (StateMachineUpdater.java:takeSnapshot(277)) - omNode-3@group-523986131536-StateMachineUpdater: Took a snapshot at index 4
2020-11-19 13:22:18,884 [omNode-3@group-523986131536-StateMachineUpdater] INFO  impl.StateMachineUpdater (StateMachineUpdater.java:lambda$new$0(87)) - omNode-3@group-523986131536-StateMachineUpdater: snapshotIndex: updateIncreasingly -1 -> 4
2020-11-19 13:22:18,884 [omNode-3@group-523986131536-StateMachineUpdater] INFO  metrics.RatisMetrics (RatisMetrics.java:unregister(43)) - Unregistering Metrics Registry : ratis.state_machine.omNode-3@group-523986131536
2020-11-19 13:22:18,884 [Listener at 127.0.0.1/12760] INFO  impl.RaftServerImpl (ServerState.java:close(405)) - omNode-3@group-523986131536: closes. applyIndex: 4
2020-11-19 13:22:18,885 [omNode-3@group-523986131536-SegmentedRaftLogWorker] INFO  segmented.SegmentedRaftLogWorker (SegmentedRaftLogWorker.java:run(327)) - omNode-3@group-523986131536-SegmentedRaftLogWorker was interrupted, exiting. There are 0 tasks remaining in the queue.
2020-11-19 13:22:18,886 [Listener at 127.0.0.1/12760] INFO  segmented.SegmentedRaftLogWorker (SegmentedRaftLogWorker.java:close(234)) - omNode-3@group-523986131536-SegmentedRaftLogWorker close()
2020-11-19 13:22:18,887 [Listener at 127.0.0.1/12760] INFO  metrics.RatisMetrics (RatisMetrics.java:unregister(43)) - Unregistering Metrics Registry : ratis.log_worker.omNode-3@group-523986131536
2020-11-19 13:22:18,887 [Listener at 127.0.0.1/12760] INFO  metrics.RatisMetrics (RatisMetrics.java:unregister(43)) - Unregistering Metrics Registry : ratis.leader_election.omNode-3@group-523986131536
2020-11-19 13:22:18,887 [Listener at 127.0.0.1/12760] INFO  metrics.RatisMetrics (RatisMetrics.java:unregister(43)) - Unregistering Metrics Registry : ratis.server.omNode-3@group-523986131536
2020-11-19 13:22:18,888 [Listener at 127.0.0.1/12760] INFO  server.GrpcService (GrpcService.java:closeImpl(183)) - omNode-3: shutdown server with port 12764 now
2020-11-19 13:22:18,906 [Listener at 127.0.0.1/12760] INFO  server.GrpcService (GrpcService.java:closeImpl(191)) - omNode-3: shutdown server with port 12764 successfully
2020-11-19 13:22:18,906 [Listener at 127.0.0.1/12760] INFO  ratis.OzoneManagerDoubleBuffer (OzoneManagerDoubleBuffer.java:stop(457)) - Stopping OMDoubleBuffer flush thread
2020-11-19 13:22:18,907 [OMDoubleBufferFlushThread] INFO  ratis.OzoneManagerDoubleBuffer (OzoneManagerDoubleBuffer.java:flushTransactions(356)) - OMDoubleBuffer flush thread OMDoubleBufferFlushThread is interrupted and will exit. OMDoubleBufferFlushThread
2020-11-19 13:22:18,907 [Listener at 127.0.0.1/12760] INFO  ratis.OzoneManagerStateMachine (HadoopExecutors.java:shutdown(118)) - Gracefully shutting down executor service. Waiting max 5 SECONDS
2020-11-19 13:22:18,907 [Listener at 127.0.0.1/12760] INFO  ratis.OzoneManagerStateMachine (HadoopExecutors.java:shutdown(129)) - Succesfully shutdown executor service
2020-11-19 13:22:18,907 [Listener at 127.0.0.1/12760] INFO  ratis.OzoneManagerStateMachine (HadoopExecutors.java:shutdown(118)) - Gracefully shutting down executor service. Waiting max 5 SECONDS
2020-11-19 13:22:18,907 [Listener at 127.0.0.1/12760] INFO  ratis.OzoneManagerStateMachine (HadoopExecutors.java:shutdown(129)) - Succesfully shutdown executor service
2020-11-19 13:22:18,907 [Listener at 127.0.0.1/12760] INFO  utils.BackgroundService (BackgroundService.java:shutdown(132)) - Shutting down service KeyDeletingService
2020-11-19 13:22:18,909 [Listener at 127.0.0.1/12760] INFO  handler.ContextHandler (ContextHandler.java:doStop(1154)) - Stopped o.e.j.w.WebAppContext@13c10041{ozoneManager,/,null,STOPPED}{file:/github/workspace/mnt/ozone/hadoop-ozone/integration-test/target/test-classes/webapps/ozoneManager}
2020-11-19 13:22:18,912 [Listener at 127.0.0.1/12760] INFO  server.AbstractConnector (AbstractConnector.java:doStop(381)) - Stopped ServerConnector@45748856{HTTP/1.1, (http/1.1)}{0.0.0.0:12762}
2020-11-19 13:22:18,913 [Listener at 127.0.0.1/12760] INFO  server.session (HouseKeeper.java:stopScavenging(149)) - node0 Stopped scavenging
2020-11-19 13:22:18,913 [Listener at 127.0.0.1/12760] INFO  handler.ContextHandler (ContextHandler.java:doStop(1154)) - Stopped o.e.j.s.ServletContextHandler@45b67211{static,/static,file:///github/workspace/mnt/ozone/hadoop-ozone/integration-test/target/test-classes/webapps/static,STOPPED}
2020-11-19 13:22:18,913 [Listener at 127.0.0.1/12760] INFO  handler.ContextHandler (ContextHandler.java:doStop(1154)) - Stopped o.e.j.s.ServletContextHandler@1be40a31{logs,/logs,file:///github/workspace/mnt/ozone/hadoop-ozone/integration-test/target/log,STOPPED}
2020-11-19 13:22:18,916 [Listener at 127.0.0.1/12760] INFO  ozone.MiniOzoneHAClusterImpl (MiniOzoneHAClusterImpl.java:stop(230)) - Stopping the OzoneManager omNode-1
2020-11-19 13:22:18,916 [Listener at 127.0.0.1/12760] INFO  ipc.Server (Server.java:stop(3359)) - Stopping server on 12748
2020-11-19 13:22:18,920 [IPC Server listener on 12748] INFO  ipc.Server (Server.java:run(1330)) - Stopping IPC Server listener on 12748
2020-11-19 13:22:18,921 [IPC Server Responder] INFO  ipc.Server (Server.java:run(1465)) - Stopping IPC Server Responder
2020-11-19 13:22:18,921 [Listener at 127.0.0.1/12760] INFO  impl.RaftServerProxy (RaftServerProxy.java:lambda$close$4(322)) - omNode-1: close
2020-11-19 13:22:18,922 [Listener at 127.0.0.1/12760] INFO  impl.RaftServerImpl (RaftServerImpl.java:lambda$shutdown$3(321)) - omNode-1@group-523986131536: shutdown
2020-11-19 13:22:18,922 [Listener at 127.0.0.1/12760] INFO  util.JmxRegister (JmxRegister.java:unregister(73)) - Successfully un-registered JMX Bean with object name Ratis:service=RaftServer,group=group-523986131536,id=omNode-1
2020-11-19 13:22:18,922 [Listener at 127.0.0.1/12760] INFO  impl.RoleInfo (RoleInfo.java:shutdownFollowerState(121)) - omNode-1: shutdown FollowerState
2020-11-19 13:22:18,922 [Thread-256] INFO  impl.FollowerState (FollowerState.java:run(117)) - omNode-1@group-523986131536-FollowerState was interrupted: java.lang.InterruptedException: sleep interrupted
2020-11-19 13:22:18,922 [Listener at 127.0.0.1/12760] INFO  impl.StateMachineUpdater (StateMachineUpdater.java:stopAndJoin(142)) - omNode-1@group-523986131536-StateMachineUpdater: set stopIndex = 3
2020-11-19 13:22:18,922 [omNode-1@group-523986131536-StateMachineUpdater] INFO  ratis.OzoneManagerStateMachine (OzoneManagerStateMachine.java:takeSnapshot(345)) - Current Snapshot Index (t:2, i:3)
2020-11-19 13:22:18,923 [omNode-1@group-523986131536-StateMachineUpdater] INFO  impl.StateMachineUpdater (StateMachineUpdater.java:takeSnapshot(277)) - omNode-1@group-523986131536-StateMachineUpdater: Took a snapshot at index 3
2020-11-19 13:22:18,923 [omNode-1@group-523986131536-StateMachineUpdater] INFO  impl.StateMachineUpdater (StateMachineUpdater.java:lambda$new$0(87)) - omNode-1@group-523986131536-StateMachineUpdater: snapshotIndex: updateIncreasingly -1 -> 3
2020-11-19 13:22:18,923 [omNode-1@group-523986131536-StateMachineUpdater] INFO  metrics.RatisMetrics (RatisMetrics.java:unregister(43)) - Unregistering Metrics Registry : ratis.state_machine.omNode-1@group-523986131536
2020-11-19 13:22:18,923 [Listener at 127.0.0.1/12760] INFO  impl.RaftServerImpl (ServerState.java:close(405)) - omNode-1@group-523986131536: closes. applyIndex: 3
2020-11-19 13:22:18,923 [omNode-1@group-523986131536-SegmentedRaftLogWorker] INFO  segmented.SegmentedRaftLogWorker (SegmentedRaftLogWorker.java:run(327)) - omNode-1@group-523986131536-SegmentedRaftLogWorker was interrupted, exiting. There are 0 tasks remaining in the queue.
2020-11-19 13:22:18,924 [Listener at 127.0.0.1/12760] INFO  segmented.SegmentedRaftLogWorker (SegmentedRaftLogWorker.java:close(234)) - omNode-1@group-523986131536-SegmentedRaftLogWorker close()
2020-11-19 13:22:18,925 [Listener at 127.0.0.1/12760] INFO  metrics.RatisMetrics (RatisMetrics.java:unregister(43)) - Unregistering Metrics Registry : ratis.log_worker.omNode-1@group-523986131536
2020-11-19 13:22:18,927 [Listener at 127.0.0.1/12760] INFO  metrics.RatisMetrics (RatisMetrics.java:unregister(43)) - Unregistering Metrics Registry : ratis.leader_election.omNode-1@group-523986131536
2020-11-19 13:22:18,927 [Listener at 127.0.0.1/12760] INFO  metrics.RatisMetrics (RatisMetrics.java:unregister(43)) - Unregistering Metrics Registry : ratis.server.omNode-1@group-523986131536
2020-11-19 13:22:18,933 [Listener at 127.0.0.1/12760] INFO  server.GrpcService (GrpcService.java:closeImpl(183)) - omNode-1: shutdown server with port 12752 now
2020-11-19 13:22:18,943 [Listener at 127.0.0.1/12760] INFO  server.GrpcService (GrpcService.java:closeImpl(191)) - omNode-1: shutdown server with port 12752 successfully
2020-11-19 13:22:18,943 [Listener at 127.0.0.1/12760] INFO  ratis.OzoneManagerDoubleBuffer (OzoneManagerDoubleBuffer.java:stop(457)) - Stopping OMDoubleBuffer flush thread
2020-11-19 13:22:18,943 [OMDoubleBufferFlushThread] INFO  ratis.OzoneManagerDoubleBuffer (OzoneManagerDoubleBuffer.java:flushTransactions(356)) - OMDoubleBuffer flush thread OMDoubleBufferFlushThread is interrupted and will exit. OMDoubleBufferFlushThread
2020-11-19 13:22:18,943 [Listener at 127.0.0.1/12760] INFO  ratis.OzoneManagerStateMachine (HadoopExecutors.java:shutdown(118)) - Gracefully shutting down executor service. Waiting max 5 SECONDS
2020-11-19 13:22:18,943 [Listener at 127.0.0.1/12760] INFO  ratis.OzoneManagerStateMachine (HadoopExecutors.java:shutdown(129)) - Succesfully shutdown executor service
2020-11-19 13:22:18,944 [Listener at 127.0.0.1/12760] INFO  ratis.OzoneManagerStateMachine (HadoopExecutors.java:shutdown(118)) - Gracefully shutting down executor service. Waiting max 5 SECONDS
2020-11-19 13:22:18,946 [Listener at 127.0.0.1/12760] INFO  ratis.OzoneManagerStateMachine (HadoopExecutors.java:shutdown(129)) - Succesfully shutdown executor service
2020-11-19 13:22:18,946 [Listener at 127.0.0.1/12760] INFO  utils.BackgroundService (BackgroundService.java:shutdown(132)) - Shutting down service KeyDeletingService
2020-11-19 13:22:18,947 [Listener at 127.0.0.1/12760] INFO  handler.ContextHandler (ContextHandler.java:doStop(1154)) - Stopped o.e.j.w.WebAppContext@58fc89dc{ozoneManager,/,null,STOPPED}{file:/github/workspace/mnt/ozone/hadoop-ozone/integration-test/target/test-classes/webapps/ozoneManager}
2020-11-19 13:22:18,948 [Listener at 127.0.0.1/12760] INFO  server.AbstractConnector (AbstractConnector.java:doStop(381)) - Stopped ServerConnector@4430a857{HTTP/1.1, (http/1.1)}{0.0.0.0:12750}
2020-11-19 13:22:18,948 [Listener at 127.0.0.1/12760] INFO  server.session (HouseKeeper.java:stopScavenging(149)) - node0 Stopped scavenging
2020-11-19 13:22:18,948 [Listener at 127.0.0.1/12760] INFO  handler.ContextHandler (ContextHandler.java:doStop(1154)) - Stopped o.e.j.s.ServletContextHandler@7e7a02d6{static,/static,file:///github/workspace/mnt/ozone/hadoop-ozone/integration-test/target/test-classes/webapps/static,STOPPED}
2020-11-19 13:22:18,949 [Listener at 127.0.0.1/12760] INFO  handler.ContextHandler (ContextHandler.java:doStop(1154)) - Stopped o.e.j.s.ServletContextHandler@bbd440f{logs,/logs,file:///github/workspace/mnt/ozone/hadoop-ozone/integration-test/target/log,STOPPED}
2020-11-19 13:22:18,950 [Listener at 127.0.0.1/12760] INFO  ozone.MiniOzoneHAClusterImpl (MiniOzoneHAClusterImpl.java:stop(230)) - Stopping the OzoneManager omNode-2
2020-11-19 13:22:18,951 [Listener at 127.0.0.1/12760] INFO  ipc.Server (Server.java:stop(3359)) - Stopping server on 12754
2020-11-19 13:22:18,953 [IPC Server listener on 12754] INFO  ipc.Server (Server.java:run(1330)) - Stopping IPC Server listener on 12754
2020-11-19 13:22:18,954 [IPC Server Responder] INFO  ipc.Server (Server.java:run(1465)) - Stopping IPC Server Responder
2020-11-19 13:22:18,955 [Listener at 127.0.0.1/12760] INFO  impl.RaftServerProxy (RaftServerProxy.java:lambda$close$4(322)) - omNode-2: close
2020-11-19 13:22:18,955 [Listener at 127.0.0.1/12760] INFO  impl.RaftServerImpl (RaftServerImpl.java:lambda$shutdown$3(321)) - omNode-2@group-523986131536: shutdown
2020-11-19 13:22:18,955 [Listener at 127.0.0.1/12760] INFO  util.JmxRegister (JmxRegister.java:unregister(73)) - Successfully un-registered JMX Bean with object name Ratis:service=RaftServer,group=group-523986131536,id=omNode-2
2020-11-19 13:22:18,955 [Listener at 127.0.0.1/12760] INFO  impl.RoleInfo (RoleInfo.java:shutdownFollowerState(121)) - omNode-2: shutdown FollowerState
2020-11-19 13:22:18,955 [Thread-257] INFO  impl.FollowerState (FollowerState.java:run(117)) - omNode-2@group-523986131536-FollowerState was interrupted: java.lang.InterruptedException: sleep interrupted
2020-11-19 13:22:18,955 [omNode-2@group-523986131536-StateMachineUpdater] INFO  ratis.OzoneManagerStateMachine (OzoneManagerStateMachine.java:takeSnapshot(345)) - Current Snapshot Index (t:2, i:3)
2020-11-19 13:22:18,955 [omNode-2@group-523986131536-StateMachineUpdater] INFO  impl.StateMachineUpdater (StateMachineUpdater.java:takeSnapshot(277)) - omNode-2@group-523986131536-StateMachineUpdater: Took a snapshot at index 3
2020-11-19 13:22:18,956 [omNode-2@group-523986131536-StateMachineUpdater] INFO  impl.StateMachineUpdater (StateMachineUpdater.java:lambda$new$0(87)) - omNode-2@group-523986131536-StateMachineUpdater: snapshotIndex: updateIncreasingly -1 -> 3
2020-11-19 13:22:18,956 [omNode-2@group-523986131536-StateMachineUpdater] INFO  metrics.RatisMetrics (RatisMetrics.java:unregister(43)) - Unregistering Metrics Registry : ratis.state_machine.omNode-2@group-523986131536
2020-11-19 13:22:18,956 [Listener at 127.0.0.1/12760] INFO  impl.StateMachineUpdater (StateMachineUpdater.java:stopAndJoin(142)) - omNode-2@group-523986131536-StateMachineUpdater: set stopIndex = 3
2020-11-19 13:22:18,956 [Listener at 127.0.0.1/12760] INFO  impl.RaftServerImpl (ServerState.java:close(405)) - omNode-2@group-523986131536: closes. applyIndex: 3
2020-11-19 13:22:18,956 [omNode-2@group-523986131536-SegmentedRaftLogWorker] INFO  segmented.SegmentedRaftLogWorker (SegmentedRaftLogWorker.java:run(327)) - omNode-2@group-523986131536-SegmentedRaftLogWorker was interrupted, exiting. There are 0 tasks remaining in the queue.
2020-11-19 13:22:18,958 [Listener at 127.0.0.1/12760] INFO  segmented.SegmentedRaftLogWorker (SegmentedRaftLogWorker.java:close(234)) - omNode-2@group-523986131536-SegmentedRaftLogWorker close()
2020-11-19 13:22:18,958 [Listener at 127.0.0.1/12760] INFO  metrics.RatisMetrics (RatisMetrics.java:unregister(43)) - Unregistering Metrics Registry : ratis.log_worker.omNode-2@group-523986131536
2020-11-19 13:22:18,958 [Listener at 127.0.0.1/12760] INFO  metrics.RatisMetrics (RatisMetrics.java:unregister(43)) - Unregistering Metrics Registry : ratis.leader_election.omNode-2@group-523986131536
2020-11-19 13:22:18,958 [Listener at 127.0.0.1/12760] INFO  metrics.RatisMetrics (RatisMetrics.java:unregister(43)) - Unregistering Metrics Registry : ratis.server.omNode-2@group-523986131536
2020-11-19 13:22:18,959 [Listener at 127.0.0.1/12760] INFO  server.GrpcService (GrpcService.java:closeImpl(183)) - omNode-2: shutdown server with port 12758 now
2020-11-19 13:22:18,971 [Listener at 127.0.0.1/12760] INFO  server.GrpcService (GrpcService.java:closeImpl(191)) - omNode-2: shutdown server with port 12758 successfully
2020-11-19 13:22:18,971 [Listener at 127.0.0.1/12760] INFO  ratis.OzoneManagerDoubleBuffer (OzoneManagerDoubleBuffer.java:stop(457)) - Stopping OMDoubleBuffer flush thread
2020-11-19 13:22:18,971 [OMDoubleBufferFlushThread] INFO  ratis.OzoneManagerDoubleBuffer (OzoneManagerDoubleBuffer.java:flushTransactions(356)) - OMDoubleBuffer flush thread OMDoubleBufferFlushThread is interrupted and will exit. OMDoubleBufferFlushThread
2020-11-19 13:22:18,972 [Listener at 127.0.0.1/12760] INFO  ratis.OzoneManagerStateMachine (HadoopExecutors.java:shutdown(118)) - Gracefully shutting down executor service. Waiting max 5 SECONDS
2020-11-19 13:22:18,972 [Listener at 127.0.0.1/12760] INFO  ratis.OzoneManagerStateMachine (HadoopExecutors.java:shutdown(129)) - Succesfully shutdown executor service
2020-11-19 13:22:18,972 [Listener at 127.0.0.1/12760] INFO  ratis.OzoneManagerStateMachine (HadoopExecutors.java:shutdown(118)) - Gracefully shutting down executor service. Waiting max 5 SECONDS
2020-11-19 13:22:18,972 [Listener at 127.0.0.1/12760] INFO  ratis.OzoneManagerStateMachine (HadoopExecutors.java:shutdown(129)) - Succesfully shutdown executor service
2020-11-19 13:22:18,972 [Listener at 127.0.0.1/12760] INFO  utils.BackgroundService (BackgroundService.java:shutdown(132)) - Shutting down service KeyDeletingService
2020-11-19 13:22:18,973 [Listener at 127.0.0.1/12760] INFO  handler.ContextHandler (ContextHandler.java:doStop(1154)) - Stopped o.e.j.w.WebAppContext@1afc144e{ozoneManager,/,null,STOPPED}{file:/github/workspace/mnt/ozone/hadoop-ozone/integration-test/target/test-classes/webapps/ozoneManager}
2020-11-19 13:22:18,973 [Listener at 127.0.0.1/12760] INFO  server.AbstractConnector (AbstractConnector.java:doStop(381)) - Stopped ServerConnector@e627d15{HTTP/1.1, (http/1.1)}{0.0.0.0:12756}
2020-11-19 13:22:18,974 [Listener at 127.0.0.1/12760] INFO  server.session (HouseKeeper.java:stopScavenging(149)) - node0 Stopped scavenging
2020-11-19 13:22:18,974 [Listener at 127.0.0.1/12760] INFO  handler.ContextHandler (ContextHandler.java:doStop(1154)) - Stopped o.e.j.s.ServletContextHandler@6b2a2b96{static,/static,file:///github/workspace/mnt/ozone/hadoop-ozone/integration-test/target/test-classes/webapps/static,STOPPED}
2020-11-19 13:22:18,974 [Listener at 127.0.0.1/12760] INFO  handler.ContextHandler (ContextHandler.java:doStop(1154)) - Stopped o.e.j.s.ServletContextHandler@3a63d10e{logs,/logs,file:///github/workspace/mnt/ozone/hadoop-ozone/integration-test/target/log,STOPPED}
2020-11-19 13:22:18,976 [Listener at 127.0.0.1/12760] INFO  ozone.MiniOzoneClusterImpl (MiniOzoneClusterImpl.java:stop(403)) - Stopping the Mini Ozone Cluster
2020-11-19 13:22:18,977 [Listener at 127.0.0.1/12760] INFO  ozone.MiniOzoneClusterImpl (MiniOzoneClusterImpl.java:stopDatanodes(462)) - Stopping the HddsDatanodes
2020-11-19 13:22:19,016 [Datanode State Machine Thread - 0] INFO  statemachine.DatanodeStateMachine (DatanodeStateMachine.java:lambda$startDaemon$0(406)) - Ozone container server started.
2020-11-19 13:22:19,351 [Datanode State Machine Thread - 0] INFO  statemachine.DatanodeStateMachine (DatanodeStateMachine.java:lambda$startDaemon$0(406)) - Ozone container server started.
2020-11-19 13:22:20,454 [EventQueue-Delayed safe mode statusForReplicationManager] INFO  container.ReplicationManager (ReplicationManager.java:start(178)) - Starting Replication Monitor Thread.
2020-11-19 13:22:20,455 [ReplicationMonitor] INFO  container.ReplicationManager (ReplicationManager.java:run(242)) - Replication Monitor Thread took 0 milliseconds for processing 0 containers.
2020-11-19 13:22:23,979 [Listener at 127.0.0.1/12760] INFO  ozoneimpl.OzoneContainer (OzoneContainer.java:stop(257)) - Attempting to stop container services.
2020-11-19 13:22:23,979 [ForkJoinPool.commonPool-worker-1] INFO  ozoneimpl.OzoneContainer (OzoneContainer.java:stop(257)) - Attempting to stop container services.
2020-11-19 13:22:23,979 [Listener at 127.0.0.1/12760] INFO  impl.RaftServerProxy (RaftServerProxy.java:lambda$close$4(322)) - f6d7b2bb-47be-46a7-95a8-45684a60ede4: close
2020-11-19 13:22:23,979 [ForkJoinPool.commonPool-worker-1] INFO  impl.RaftServerProxy (RaftServerProxy.java:lambda$close$4(322)) - 19dac6ad-87db-45e4-a3cf-3b2f37a879e5: close
2020-11-19 13:22:23,980 [Listener at 127.0.0.1/12760] INFO  impl.RaftServerImpl (RaftServerImpl.java:lambda$shutdown$3(321)) - f6d7b2bb-47be-46a7-95a8-45684a60ede4@group-991C591F02C0: shutdown
2020-11-19 13:22:23,980 [ForkJoinPool.commonPool-worker-1] INFO  impl.RaftServerImpl (RaftServerImpl.java:lambda$shutdown$3(321)) - 19dac6ad-87db-45e4-a3cf-3b2f37a879e5@group-D5DB00D2266B: shutdown
2020-11-19 13:22:23,980 [ForkJoinPool.commonPool-worker-1] INFO  util.JmxRegister (JmxRegister.java:unregister(73)) - Successfully un-registered JMX Bean with object name Ratis:service=RaftServer,group=group-D5DB00D2266B,id=19dac6ad-87db-45e4-a3cf-3b2f37a879e5
2020-11-19 13:22:23,980 [ForkJoinPool.commonPool-worker-1] INFO  impl.RoleInfo (RoleInfo.java:shutdownFollowerState(121)) - 19dac6ad-87db-45e4-a3cf-3b2f37a879e5: shutdown FollowerState
2020-11-19 13:22:23,980 [ForkJoinPool.commonPool-worker-1] INFO  impl.StateMachineUpdater (StateMachineUpdater.java:stopAndJoin(142)) - 19dac6ad-87db-45e4-a3cf-3b2f37a879e5@group-D5DB00D2266B-StateMachineUpdater: set stopIndex = 0
2020-11-19 13:22:23,980 [Thread-340] INFO  impl.FollowerState (FollowerState.java:run(117)) - 19dac6ad-87db-45e4-a3cf-3b2f37a879e5@group-D5DB00D2266B-FollowerState was interrupted: java.lang.InterruptedException: sleep interrupted
2020-11-19 13:22:23,981 [19dac6ad-87db-45e4-a3cf-3b2f37a879e5@group-D5DB00D2266B-StateMachineUpdater] INFO  ratis.ContainerStateMachine (ContainerStateMachine.java:takeSnapshot(293)) - group-D5DB00D2266B: Taking a snapshot at:(t:1, i:0) file /github/workspace/mnt/ozone/hadoop-ozone/integration-test/target/test-dir/MiniOzoneClusterImpl-6709ef09-1056-4c4b-8c83-ecdc17148cc3/datanode-0/data/ratis/1c149a9f-0109-4f2f-af69-d5db00d2266b/sm/snapshot.1_0
2020-11-19 13:22:23,980 [Listener at 127.0.0.1/12760] INFO  util.JmxRegister (JmxRegister.java:unregister(73)) - Successfully un-registered JMX Bean with object name Ratis:service=RaftServer,group=group-991C591F02C0,id=f6d7b2bb-47be-46a7-95a8-45684a60ede4
2020-11-19 13:22:23,982 [Listener at 127.0.0.1/12760] INFO  impl.RoleInfo (RoleInfo.java:shutdownLeaderState(104)) - f6d7b2bb-47be-46a7-95a8-45684a60ede4: shutdown LeaderState
2020-11-19 13:22:23,982 [Listener at 127.0.0.1/12760] INFO  impl.PendingRequests (PendingRequests.java:sendNotLeaderResponses(249)) - f6d7b2bb-47be-46a7-95a8-45684a60ede4@group-991C591F02C0-PendingRequests: sendNotLeaderResponses
2020-11-19 13:22:23,983 [Listener at 127.0.0.1/12760] INFO  metrics.RatisMetrics (RatisMetrics.java:unregister(43)) - Unregistering Metrics Registry : ratis.log_appender.f6d7b2bb-47be-46a7-95a8-45684a60ede4@group-991C591F02C0
2020-11-19 13:22:23,983 [Listener at 127.0.0.1/12760] INFO  metrics.RatisMetrics (RatisMetrics.java:unregister(43)) - Unregistering Metrics Registry : ratis.server.f6d7b2bb-47be-46a7-95a8-45684a60ede4@group-991C591F02C0
2020-11-19 13:22:23,983 [Listener at 127.0.0.1/12760] INFO  impl.StateMachineUpdater (StateMachineUpdater.java:stopAndJoin(142)) - f6d7b2bb-47be-46a7-95a8-45684a60ede4@group-991C591F02C0-StateMachineUpdater: set stopIndex = 0
2020-11-19 13:22:23,985 [f6d7b2bb-47be-46a7-95a8-45684a60ede4@group-991C591F02C0-StateMachineUpdater] INFO  ratis.ContainerStateMachine (ContainerStateMachine.java:takeSnapshot(293)) - group-991C591F02C0: Taking a snapshot at:(t:1, i:0) file /github/workspace/mnt/ozone/hadoop-ozone/integration-test/target/test-dir/MiniOzoneClusterImpl-6709ef09-1056-4c4b-8c83-ecdc17148cc3/datanode-1/data/ratis/f9ab3ecd-d6d3-49dd-8db9-991c591f02c0/sm/snapshot.1_0
2020-11-19 13:22:24,044 [f6d7b2bb-47be-46a7-95a8-45684a60ede4@group-991C591F02C0-StateMachineUpdater] INFO  ratis.ContainerStateMachine (ContainerStateMachine.java:takeSnapshot(304)) - group-991C591F02C0: Finished taking a snapshot at:(t:1, i:0) file:/github/workspace/mnt/ozone/hadoop-ozone/integration-test/target/test-dir/MiniOzoneClusterImpl-6709ef09-1056-4c4b-8c83-ecdc17148cc3/datanode-1/data/ratis/f9ab3ecd-d6d3-49dd-8db9-991c591f02c0/sm/snapshot.1_0 time:59
2020-11-19 13:22:24,045 [f6d7b2bb-47be-46a7-95a8-45684a60ede4@group-991C591F02C0-StateMachineUpdater] INFO  impl.StateMachineUpdater (StateMachineUpdater.java:takeSnapshot(277)) - f6d7b2bb-47be-46a7-95a8-45684a60ede4@group-991C591F02C0-StateMachineUpdater: Took a snapshot at index 0
2020-11-19 13:22:24,045 [f6d7b2bb-47be-46a7-95a8-45684a60ede4@group-991C591F02C0-StateMachineUpdater] INFO  impl.StateMachineUpdater (StateMachineUpdater.java:lambda$new$0(87)) - f6d7b2bb-47be-46a7-95a8-45684a60ede4@group-991C591F02C0-StateMachineUpdater: snapshotIndex: updateIncreasingly -1 -> 0
2020-11-19 13:22:24,048 [19dac6ad-87db-45e4-a3cf-3b2f37a879e5@group-D5DB00D2266B-StateMachineUpdater] INFO  ratis.ContainerStateMachine (ContainerStateMachine.java:takeSnapshot(304)) - group-D5DB00D2266B: Finished taking a snapshot at:(t:1, i:0) file:/github/workspace/mnt/ozone/hadoop-ozone/integration-test/target/test-dir/MiniOzoneClusterImpl-6709ef09-1056-4c4b-8c83-ecdc17148cc3/datanode-0/data/ratis/1c149a9f-0109-4f2f-af69-d5db00d2266b/sm/snapshot.1_0 time:67
2020-11-19 13:22:24,048 [19dac6ad-87db-45e4-a3cf-3b2f37a879e5@group-D5DB00D2266B-StateMachineUpdater] INFO  impl.StateMachineUpdater (StateMachineUpdater.java:takeSnapshot(277)) - 19dac6ad-87db-45e4-a3cf-3b2f37a879e5@group-D5DB00D2266B-StateMachineUpdater: Took a snapshot at index 0
2020-11-19 13:22:24,048 [19dac6ad-87db-45e4-a3cf-3b2f37a879e5@group-D5DB00D2266B-StateMachineUpdater] INFO  impl.StateMachineUpdater (StateMachineUpdater.java:lambda$new$0(87)) - 19dac6ad-87db-45e4-a3cf-3b2f37a879e5@group-D5DB00D2266B-StateMachineUpdater: snapshotIndex: updateIncreasingly -1 -> 0
2020-11-19 13:22:24,048 [19dac6ad-87db-45e4-a3cf-3b2f37a879e5@group-D5DB00D2266B-StateMachineUpdater] INFO  metrics.RatisMetrics (RatisMetrics.java:unregister(43)) - Unregistering Metrics Registry : ratis.state_machine.19dac6ad-87db-45e4-a3cf-3b2f37a879e5@group-D5DB00D2266B
2020-11-19 13:22:24,048 [f6d7b2bb-47be-46a7-95a8-45684a60ede4@group-991C591F02C0-StateMachineUpdater] INFO  metrics.RatisMetrics (RatisMetrics.java:unregister(43)) - Unregistering Metrics Registry : ratis.state_machine.f6d7b2bb-47be-46a7-95a8-45684a60ede4@group-991C591F02C0
2020-11-19 13:22:24,048 [ForkJoinPool.commonPool-worker-1] INFO  impl.RaftServerImpl (ServerState.java:close(405)) - 19dac6ad-87db-45e4-a3cf-3b2f37a879e5@group-D5DB00D2266B: closes. applyIndex: 0
2020-11-19 13:22:24,049 [19dac6ad-87db-45e4-a3cf-3b2f37a879e5@group-D5DB00D2266B-SegmentedRaftLogWorker] INFO  segmented.SegmentedRaftLogWorker (SegmentedRaftLogWorker.java:run(327)) - 19dac6ad-87db-45e4-a3cf-3b2f37a879e5@group-D5DB00D2266B-SegmentedRaftLogWorker was interrupted, exiting. There are 0 tasks remaining in the queue.
2020-11-19 13:22:24,049 [Listener at 127.0.0.1/12760] INFO  impl.RaftServerImpl (ServerState.java:close(405)) - f6d7b2bb-47be-46a7-95a8-45684a60ede4@group-991C591F02C0: closes. applyIndex: 0
2020-11-19 13:22:24,050 [f6d7b2bb-47be-46a7-95a8-45684a60ede4@group-991C591F02C0-SegmentedRaftLogWorker] INFO  segmented.SegmentedRaftLogWorker (SegmentedRaftLogWorker.java:run(327)) - f6d7b2bb-47be-46a7-95a8-45684a60ede4@group-991C591F02C0-SegmentedRaftLogWorker was interrupted, exiting. There are 0 tasks remaining in the queue.
2020-11-19 13:22:24,050 [ForkJoinPool.commonPool-worker-1] INFO  segmented.SegmentedRaftLogWorker (SegmentedRaftLogWorker.java:close(234)) - 19dac6ad-87db-45e4-a3cf-3b2f37a879e5@group-D5DB00D2266B-SegmentedRaftLogWorker close()
2020-11-19 13:22:24,050 [Listener at 127.0.0.1/12760] INFO  segmented.SegmentedRaftLogWorker (SegmentedRaftLogWorker.java:close(234)) - f6d7b2bb-47be-46a7-95a8-45684a60ede4@group-991C591F02C0-SegmentedRaftLogWorker close()
2020-11-19 13:22:24,051 [Listener at 127.0.0.1/12760] INFO  metrics.RatisMetrics (RatisMetrics.java:unregister(43)) - Unregistering Metrics Registry : ratis.log_worker.f6d7b2bb-47be-46a7-95a8-45684a60ede4@group-991C591F02C0
2020-11-19 13:22:24,051 [ForkJoinPool.commonPool-worker-1] INFO  metrics.RatisMetrics (RatisMetrics.java:unregister(43)) - Unregistering Metrics Registry : ratis.log_worker.19dac6ad-87db-45e4-a3cf-3b2f37a879e5@group-D5DB00D2266B
2020-11-19 13:22:24,051 [ForkJoinPool.commonPool-worker-1] INFO  metrics.RatisMetrics (RatisMetrics.java:unregister(43)) - Unregistering Metrics Registry : ratis.leader_election.19dac6ad-87db-45e4-a3cf-3b2f37a879e5@group-D5DB00D2266B
2020-11-19 13:22:24,052 [ForkJoinPool.commonPool-worker-1] INFO  metrics.RatisMetrics (RatisMetrics.java:unregister(43)) - Unregistering Metrics Registry : ratis.server.19dac6ad-87db-45e4-a3cf-3b2f37a879e5@group-D5DB00D2266B
2020-11-19 13:22:24,052 [ForkJoinPool.commonPool-worker-1] INFO  impl.RaftServerImpl (RaftServerImpl.java:lambda$shutdown$3(321)) - 19dac6ad-87db-45e4-a3cf-3b2f37a879e5@group-7AED87A7BF84: shutdown
2020-11-19 13:22:24,052 [ForkJoinPool.commonPool-worker-1] INFO  util.JmxRegister (JmxRegister.java:unregister(73)) - Successfully un-registered JMX Bean with object name Ratis:service=RaftServer,group=group-7AED87A7BF84,id=19dac6ad-87db-45e4-a3cf-3b2f37a879e5
2020-11-19 13:22:24,052 [ForkJoinPool.commonPool-worker-1] INFO  impl.RoleInfo (RoleInfo.java:shutdownLeaderState(104)) - 19dac6ad-87db-45e4-a3cf-3b2f37a879e5: shutdown LeaderState
2020-11-19 13:22:24,051 [Listener at 127.0.0.1/12760] INFO  metrics.RatisMetrics (RatisMetrics.java:unregister(43)) - Unregistering Metrics Registry : ratis.leader_election.f6d7b2bb-47be-46a7-95a8-45684a60ede4@group-991C591F02C0
2020-11-19 13:22:24,052 [Listener at 127.0.0.1/12760] INFO  metrics.RatisMetrics (RatisMetrics.java:unregister(43)) - Unregistering Metrics Registry : ratis.server.f6d7b2bb-47be-46a7-95a8-45684a60ede4@group-991C591F02C0
2020-11-19 13:22:24,053 [Listener at 127.0.0.1/12760] INFO  impl.RaftServerImpl (RaftServerImpl.java:lambda$shutdown$3(321)) - f6d7b2bb-47be-46a7-95a8-45684a60ede4@group-D5DB00D2266B: shutdown
2020-11-19 13:22:24,053 [Listener at 127.0.0.1/12760] INFO  util.JmxRegister (JmxRegister.java:unregister(73)) - Successfully un-registered JMX Bean with object name Ratis:service=RaftServer,group=group-D5DB00D2266B,id=f6d7b2bb-47be-46a7-95a8-45684a60ede4
2020-11-19 13:22:24,053 [Listener at 127.0.0.1/12760] INFO  impl.RoleInfo (RoleInfo.java:shutdownLeaderState(104)) - f6d7b2bb-47be-46a7-95a8-45684a60ede4: shutdown LeaderState
2020-11-19 13:22:24,053 [Listener at 127.0.0.1/12760] INFO  metrics.RatisMetrics (RatisMetrics.java:unregister(43)) - Unregistering Metrics Registry : ratis_grpc.log_appender.f6d7b2bb-47be-46a7-95a8-45684a60ede4@group-D5DB00D2266B
2020-11-19 13:22:24,053 [Listener at 127.0.0.1/12760] INFO  metrics.RatisMetrics (RatisMetrics.java:unregister(43)) - Unregistering Metrics Registry : ratis_grpc.log_appender.f6d7b2bb-47be-46a7-95a8-45684a60ede4@group-D5DB00D2266B
2020-11-19 13:22:24,053 [org.apache.ratis.server.impl.LogAppender$AppenderDaemon$$Lambda$366/2062812789@d3c491f] WARN  server.GrpcLogAppender (GrpcLogAppender.java:mayWait(168)) - f6d7b2bb-47be-46a7-95a8-45684a60ede4@group-D5DB00D2266B->6732c664-883b-4aa8-9a13-2c69a039c739-GrpcLogAppender: Wait interrupted by java.lang.InterruptedException
2020-11-19 13:22:24,052 [ForkJoinPool.commonPool-worker-1] INFO  impl.PendingRequests (PendingRequests.java:sendNotLeaderResponses(249)) - 19dac6ad-87db-45e4-a3cf-3b2f37a879e5@group-7AED87A7BF84-PendingRequests: sendNotLeaderResponses
2020-11-19 13:22:24,054 [org.apache.ratis.server.impl.LogAppender$AppenderDaemon$$Lambda$366/2062812789@54a20b9e] WARN  server.GrpcLogAppender (GrpcLogAppender.java:mayWait(168)) - f6d7b2bb-47be-46a7-95a8-45684a60ede4@group-D5DB00D2266B->19dac6ad-87db-45e4-a3cf-3b2f37a879e5-GrpcLogAppender: Wait interrupted by java.lang.InterruptedException
2020-11-19 13:22:24,053 [Listener at 127.0.0.1/12760] INFO  impl.PendingRequests (PendingRequests.java:sendNotLeaderResponses(249)) - f6d7b2bb-47be-46a7-95a8-45684a60ede4@group-D5DB00D2266B-PendingRequests: sendNotLeaderResponses
2020-11-19 13:22:24,054 [Listener at 127.0.0.1/12760] INFO  metrics.RatisMetrics (RatisMetrics.java:unregister(43)) - Unregistering Metrics Registry : ratis.log_appender.f6d7b2bb-47be-46a7-95a8-45684a60ede4@group-D5DB00D2266B
2020-11-19 13:22:24,055 [Listener at 127.0.0.1/12760] INFO  metrics.RatisMetrics (RatisMetrics.java:unregister(43)) - Unregistering Metrics Registry : ratis.server.f6d7b2bb-47be-46a7-95a8-45684a60ede4@group-D5DB00D2266B
2020-11-19 13:22:24,055 [grpc-default-executor-1] INFO  server.GrpcServerProtocolService (GrpcServerProtocolService.java:onCompleted(138)) - 6732c664-883b-4aa8-9a13-2c69a039c739: Completed APPEND_ENTRIES, lastRequest: f6d7b2bb-47be-46a7-95a8-45684a60ede4->6732c664-883b-4aa8-9a13-2c69a039c739#1-t1, previous=(t:0, i:0), leaderCommit=0, initializing? false, entries: size=1, first=(t:1, i:0), CONFIGURATIONENTRY
2020-11-19 13:22:24,055 [grpc-default-executor-4] INFO  server.GrpcServerProtocolService (GrpcServerProtocolService.java:onCompleted(138)) - 19dac6ad-87db-45e4-a3cf-3b2f37a879e5: Completed APPEND_ENTRIES, lastRequest: f6d7b2bb-47be-46a7-95a8-45684a60ede4->19dac6ad-87db-45e4-a3cf-3b2f37a879e5#1-t1, previous=(t:0, i:0), leaderCommit=0, initializing? false, entries: size=1, first=(t:1, i:0), CONFIGURATIONENTRY
2020-11-19 13:22:24,057 [grpc-default-executor-0] INFO  server.GrpcLogAppender (GrpcLogAppender.java:onCompleted(336)) - f6d7b2bb-47be-46a7-95a8-45684a60ede4@group-D5DB00D2266B->6732c664-883b-4aa8-9a13-2c69a039c739-AppendLogResponseHandler: follower responses appendEntries COMPLETED
2020-11-19 13:22:24,057 [grpc-default-executor-0] INFO  impl.FollowerInfo (FollowerInfo.java:lambda$new$0(51)) - f6d7b2bb-47be-46a7-95a8-45684a60ede4@group-D5DB00D2266B->6732c664-883b-4aa8-9a13-2c69a039c739: nextIndex: updateUnconditionally 1 -> 0
2020-11-19 13:22:24,057 [grpc-default-executor-2] INFO  server.GrpcLogAppender (GrpcLogAppender.java:onCompleted(336)) - f6d7b2bb-47be-46a7-95a8-45684a60ede4@group-D5DB00D2266B->19dac6ad-87db-45e4-a3cf-3b2f37a879e5-AppendLogResponseHandler: follower responses appendEntries COMPLETED
2020-11-19 13:22:24,057 [grpc-default-executor-2] INFO  impl.FollowerInfo (FollowerInfo.java:lambda$new$0(51)) - f6d7b2bb-47be-46a7-95a8-45684a60ede4@group-D5DB00D2266B->19dac6ad-87db-45e4-a3cf-3b2f37a879e5: nextIndex: updateUnconditionally 1 -> 0
2020-11-19 13:22:24,054 [ForkJoinPool.commonPool-worker-1] INFO  metrics.RatisMetrics (RatisMetrics.java:unregister(43)) - Unregistering Metrics Registry : ratis.log_appender.19dac6ad-87db-45e4-a3cf-3b2f37a879e5@group-7AED87A7BF84
2020-11-19 13:22:24,057 [ForkJoinPool.commonPool-worker-1] INFO  metrics.RatisMetrics (RatisMetrics.java:unregister(43)) - Unregistering Metrics Registry : ratis.server.19dac6ad-87db-45e4-a3cf-3b2f37a879e5@group-7AED87A7BF84
2020-11-19 13:22:24,058 [ForkJoinPool.commonPool-worker-1] INFO  impl.StateMachineUpdater (StateMachineUpdater.java:stopAndJoin(142)) - 19dac6ad-87db-45e4-a3cf-3b2f37a879e5@group-7AED87A7BF84-StateMachineUpdater: set stopIndex = 0
2020-11-19 13:22:24,057 [Listener at 127.0.0.1/12760] INFO  impl.StateMachineUpdater (StateMachineUpdater.java:stopAndJoin(142)) - f6d7b2bb-47be-46a7-95a8-45684a60ede4@group-D5DB00D2266B-StateMachineUpdater: set stopIndex = 0
2020-11-19 13:22:24,058 [19dac6ad-87db-45e4-a3cf-3b2f37a879e5@group-7AED87A7BF84-StateMachineUpdater] INFO  ratis.ContainerStateMachine (ContainerStateMachine.java:takeSnapshot(293)) - group-7AED87A7BF84: Taking a snapshot at:(t:1, i:0) file /github/workspace/mnt/ozone/hadoop-ozone/integration-test/target/test-dir/MiniOzoneClusterImpl-6709ef09-1056-4c4b-8c83-ecdc17148cc3/datanode-0/data/ratis/3ab67727-e20a-48b8-b0e5-7aed87a7bf84/sm/snapshot.1_0
2020-11-19 13:22:24,059 [19dac6ad-87db-45e4-a3cf-3b2f37a879e5@group-7AED87A7BF84-StateMachineUpdater] INFO  ratis.ContainerStateMachine (ContainerStateMachine.java:takeSnapshot(304)) - group-7AED87A7BF84: Finished taking a snapshot at:(t:1, i:0) file:/github/workspace/mnt/ozone/hadoop-ozone/integration-test/target/test-dir/MiniOzoneClusterImpl-6709ef09-1056-4c4b-8c83-ecdc17148cc3/datanode-0/data/ratis/3ab67727-e20a-48b8-b0e5-7aed87a7bf84/sm/snapshot.1_0 time:1
2020-11-19 13:22:24,059 [19dac6ad-87db-45e4-a3cf-3b2f37a879e5@group-7AED87A7BF84-StateMachineUpdater] INFO  impl.StateMachineUpdater (StateMachineUpdater.java:takeSnapshot(277)) - 19dac6ad-87db-45e4-a3cf-3b2f37a879e5@group-7AED87A7BF84-StateMachineUpdater: Took a snapshot at index 0
2020-11-19 13:22:24,059 [19dac6ad-87db-45e4-a3cf-3b2f37a879e5@group-7AED87A7BF84-StateMachineUpdater] INFO  impl.StateMachineUpdater (StateMachineUpdater.java:lambda$new$0(87)) - 19dac6ad-87db-45e4-a3cf-3b2f37a879e5@group-7AED87A7BF84-StateMachineUpdater: snapshotIndex: updateIncreasingly -1 -> 0
2020-11-19 13:22:24,059 [19dac6ad-87db-45e4-a3cf-3b2f37a879e5@group-7AED87A7BF84-StateMachineUpdater] INFO  metrics.RatisMetrics (RatisMetrics.java:unregister(43)) - Unregistering Metrics Registry : ratis.state_machine.19dac6ad-87db-45e4-a3cf-3b2f37a879e5@group-7AED87A7BF84
2020-11-19 13:22:24,059 [ForkJoinPool.commonPool-worker-1] INFO  impl.RaftServerImpl (ServerState.java:close(405)) - 19dac6ad-87db-45e4-a3cf-3b2f37a879e5@group-7AED87A7BF84: closes. applyIndex: 0
2020-11-19 13:22:24,060 [19dac6ad-87db-45e4-a3cf-3b2f37a879e5@group-7AED87A7BF84-SegmentedRaftLogWorker] INFO  segmented.SegmentedRaftLogWorker (SegmentedRaftLogWorker.java:run(327)) - 19dac6ad-87db-45e4-a3cf-3b2f37a879e5@group-7AED87A7BF84-SegmentedRaftLogWorker was interrupted, exiting. There are 0 tasks remaining in the queue.
2020-11-19 13:22:24,061 [ForkJoinPool.commonPool-worker-1] INFO  segmented.SegmentedRaftLogWorker (SegmentedRaftLogWorker.java:close(234)) - 19dac6ad-87db-45e4-a3cf-3b2f37a879e5@group-7AED87A7BF84-SegmentedRaftLogWorker close()
2020-11-19 13:22:24,061 [f6d7b2bb-47be-46a7-95a8-45684a60ede4@group-D5DB00D2266B-StateMachineUpdater] INFO  ratis.ContainerStateMachine (ContainerStateMachine.java:takeSnapshot(293)) - group-D5DB00D2266B: Taking a snapshot at:(t:1, i:0) file /github/workspace/mnt/ozone/hadoop-ozone/integration-test/target/test-dir/MiniOzoneClusterImpl-6709ef09-1056-4c4b-8c83-ecdc17148cc3/datanode-1/data/ratis/1c149a9f-0109-4f2f-af69-d5db00d2266b/sm/snapshot.1_0
2020-11-19 13:22:24,061 [ForkJoinPool.commonPool-worker-1] INFO  metrics.RatisMetrics (RatisMetrics.java:unregister(43)) - Unregistering Metrics Registry : ratis.log_worker.19dac6ad-87db-45e4-a3cf-3b2f37a879e5@group-7AED87A7BF84
2020-11-19 13:22:24,066 [ForkJoinPool.commonPool-worker-1] INFO  metrics.RatisMetrics (RatisMetrics.java:unregister(43)) - Unregistering Metrics Registry : ratis.leader_election.19dac6ad-87db-45e4-a3cf-3b2f37a879e5@group-7AED87A7BF84
2020-11-19 13:22:24,066 [ForkJoinPool.commonPool-worker-1] INFO  metrics.RatisMetrics (RatisMetrics.java:unregister(43)) - Unregistering Metrics Registry : ratis.server.19dac6ad-87db-45e4-a3cf-3b2f37a879e5@group-7AED87A7BF84
2020-11-19 13:22:24,067 [ForkJoinPool.commonPool-worker-1] INFO  server.GrpcService (GrpcService.java:closeImpl(183)) - 19dac6ad-87db-45e4-a3cf-3b2f37a879e5: shutdown server with port 41227 now
2020-11-19 13:22:24,068 [f6d7b2bb-47be-46a7-95a8-45684a60ede4@group-D5DB00D2266B-StateMachineUpdater] INFO  ratis.ContainerStateMachine (ContainerStateMachine.java:takeSnapshot(304)) - group-D5DB00D2266B: Finished taking a snapshot at:(t:1, i:0) file:/github/workspace/mnt/ozone/hadoop-ozone/integration-test/target/test-dir/MiniOzoneClusterImpl-6709ef09-1056-4c4b-8c83-ecdc17148cc3/datanode-1/data/ratis/1c149a9f-0109-4f2f-af69-d5db00d2266b/sm/snapshot.1_0 time:7
2020-11-19 13:22:24,068 [f6d7b2bb-47be-46a7-95a8-45684a60ede4@group-D5DB00D2266B-StateMachineUpdater] INFO  impl.StateMachineUpdater (StateMachineUpdater.java:takeSnapshot(277)) - f6d7b2bb-47be-46a7-95a8-45684a60ede4@group-D5DB00D2266B-StateMachineUpdater: Took a snapshot at index 0
2020-11-19 13:22:24,068 [f6d7b2bb-47be-46a7-95a8-45684a60ede4@group-D5DB00D2266B-StateMachineUpdater] INFO  impl.StateMachineUpdater (StateMachineUpdater.java:lambda$new$0(87)) - f6d7b2bb-47be-46a7-95a8-45684a60ede4@group-D5DB00D2266B-StateMachineUpdater: snapshotIndex: updateIncreasingly -1 -> 0
2020-11-19 13:22:24,068 [f6d7b2bb-47be-46a7-95a8-45684a60ede4@group-D5DB00D2266B-StateMachineUpdater] INFO  metrics.RatisMetrics (RatisMetrics.java:unregister(43)) - Unregistering Metrics Registry : ratis.state_machine.f6d7b2bb-47be-46a7-95a8-45684a60ede4@group-D5DB00D2266B
2020-11-19 13:22:24,068 [Listener at 127.0.0.1/12760] INFO  impl.RaftServerImpl (ServerState.java:close(405)) - f6d7b2bb-47be-46a7-95a8-45684a60ede4@group-D5DB00D2266B: closes. applyIndex: 0
2020-11-19 13:22:24,070 [f6d7b2bb-47be-46a7-95a8-45684a60ede4@group-D5DB00D2266B-SegmentedRaftLogWorker] INFO  segmented.SegmentedRaftLogWorker (SegmentedRaftLogWorker.java:run(327)) - f6d7b2bb-47be-46a7-95a8-45684a60ede4@group-D5DB00D2266B-SegmentedRaftLogWorker was interrupted, exiting. There are 0 tasks remaining in the queue.
2020-11-19 13:22:24,070 [Listener at 127.0.0.1/12760] INFO  segmented.SegmentedRaftLogWorker (SegmentedRaftLogWorker.java:close(234)) - f6d7b2bb-47be-46a7-95a8-45684a60ede4@group-D5DB00D2266B-SegmentedRaftLogWorker close()
2020-11-19 13:22:24,071 [ForkJoinPool.commonPool-worker-1] INFO  server.GrpcService (GrpcService.java:closeImpl(191)) - 19dac6ad-87db-45e4-a3cf-3b2f37a879e5: shutdown server with port 41227 successfully
2020-11-19 13:22:24,071 [Listener at 127.0.0.1/12760] INFO  metrics.RatisMetrics (RatisMetrics.java:unregister(43)) - Unregistering Metrics Registry : ratis.log_worker.f6d7b2bb-47be-46a7-95a8-45684a60ede4@group-D5DB00D2266B
2020-11-19 13:22:24,073 [Listener at 127.0.0.1/12760] INFO  metrics.RatisMetrics (RatisMetrics.java:unregister(43)) - Unregistering Metrics Registry : ratis.leader_election.f6d7b2bb-47be-46a7-95a8-45684a60ede4@group-D5DB00D2266B
2020-11-19 13:22:24,073 [Listener at 127.0.0.1/12760] INFO  metrics.RatisMetrics (RatisMetrics.java:unregister(43)) - Unregistering Metrics Registry : ratis.server.f6d7b2bb-47be-46a7-95a8-45684a60ede4@group-D5DB00D2266B
2020-11-19 13:22:24,074 [Listener at 127.0.0.1/12760] INFO  server.GrpcService (GrpcService.java:closeImpl(183)) - f6d7b2bb-47be-46a7-95a8-45684a60ede4: shutdown server with port 32931 now
2020-11-19 13:22:24,078 [ForkJoinPool.commonPool-worker-1] INFO  utils.BackgroundService (BackgroundService.java:shutdown(132)) - Shutting down service BlockDeletingService
2020-11-19 13:22:24,081 [Listener at 127.0.0.1/12760] INFO  server.GrpcService (GrpcService.java:closeImpl(191)) - f6d7b2bb-47be-46a7-95a8-45684a60ede4: shutdown server with port 32931 successfully
2020-11-19 13:22:24,082 [ForkJoinPool.commonPool-worker-1] INFO  statemachine.DatanodeStateMachine (DatanodeStateMachine.java:stopDaemon(459)) - Ozone container server stopped.
2020-11-19 13:22:24,082 [Listener at 127.0.0.1/12760] INFO  utils.BackgroundService (BackgroundService.java:shutdown(132)) - Shutting down service BlockDeletingService
2020-11-19 13:22:24,094 [Listener at 127.0.0.1/12760] INFO  statemachine.DatanodeStateMachine (DatanodeStateMachine.java:stopDaemon(459)) - Ozone container server stopped.
2020-11-19 13:22:24,094 [ForkJoinPool.commonPool-worker-1] INFO  handler.ContextHandler (ContextHandler.java:doStop(1154)) - Stopped o.e.j.w.WebAppContext@1b2f5eea{hddsDatanode,/,null,STOPPED}{jar:file:/home/user/.m2/repository/org/apache/hadoop/hadoop-hdds-container-service/1.1.0-SNAPSHOT/hadoop-hdds-container-service-1.1.0-SNAPSHOT.jar!/webapps/hddsDatanode}
2020-11-19 13:22:24,095 [ForkJoinPool.commonPool-worker-1] INFO  server.AbstractConnector (AbstractConnector.java:doStop(381)) - Stopped ServerConnector@50387ea1{HTTP/1.1, (http/1.1)}{0.0.0.0:0}
2020-11-19 13:22:24,095 [ForkJoinPool.commonPool-worker-1] INFO  server.session (HouseKeeper.java:stopScavenging(149)) - node0 Stopped scavenging
2020-11-19 13:22:24,095 [ForkJoinPool.commonPool-worker-1] INFO  handler.ContextHandler (ContextHandler.java:doStop(1154)) - Stopped o.e.j.s.ServletContextHandler@1a25e58c{static,/static,jar:file:/home/user/.m2/repository/org/apache/hadoop/hadoop-hdds-container-service/1.1.0-SNAPSHOT/hadoop-hdds-container-service-1.1.0-SNAPSHOT.jar!/webapps/static,STOPPED}
2020-11-19 13:22:24,096 [ForkJoinPool.commonPool-worker-1] INFO  handler.ContextHandler (ContextHandler.java:doStop(1154)) - Stopped o.e.j.s.ServletContextHandler@44957683{logs,/logs,file:///github/workspace/mnt/ozone/hadoop-ozone/integration-test/target/log,STOPPED}
2020-11-19 13:22:24,105 [Listener at 127.0.0.1/12760] INFO  handler.ContextHandler (ContextHandler.java:doStop(1154)) - Stopped o.e.j.w.WebAppContext@6d0df970{hddsDatanode,/,null,STOPPED}{jar:file:/home/user/.m2/repository/org/apache/hadoop/hadoop-hdds-container-service/1.1.0-SNAPSHOT/hadoop-hdds-container-service-1.1.0-SNAPSHOT.jar!/webapps/hddsDatanode}
2020-11-19 13:22:24,105 [Listener at 127.0.0.1/12760] INFO  server.AbstractConnector (AbstractConnector.java:doStop(381)) - Stopped ServerConnector@5ef4f9c4{HTTP/1.1, (http/1.1)}{0.0.0.0:0}
2020-11-19 13:22:24,105 [Listener at 127.0.0.1/12760] INFO  server.session (HouseKeeper.java:stopScavenging(149)) - node0 Stopped scavenging
2020-11-19 13:22:24,105 [Listener at 127.0.0.1/12760] INFO  handler.ContextHandler (ContextHandler.java:doStop(1154)) - Stopped o.e.j.s.ServletContextHandler@7c9e261a{static,/static,jar:file:/home/user/.m2/repository/org/apache/hadoop/hadoop-hdds-container-service/1.1.0-SNAPSHOT/hadoop-hdds-container-service-1.1.0-SNAPSHOT.jar!/webapps/static,STOPPED}
2020-11-19 13:22:24,106 [Listener at 127.0.0.1/12760] INFO  handler.ContextHandler (ContextHandler.java:doStop(1154)) - Stopped o.e.j.s.ServletContextHandler@79e2fdeb{logs,/logs,file:///github/workspace/mnt/ozone/hadoop-ozone/integration-test/target/log,STOPPED}
2020-11-19 13:22:24,300 [Datanode State Machine Thread - 0] INFO  statemachine.DatanodeStateMachine (DatanodeStateMachine.java:lambda$startDaemon$0(406)) - Ozone container server started.
2020-11-19 13:22:27,655 [Thread-339] INFO  impl.FollowerState (FollowerState.java:run(108)) - 6732c664-883b-4aa8-9a13-2c69a039c739@group-D5DB00D2266B-FollowerState: change to CANDIDATE, lastRpcTime:5146ms, electionTimeout:5126ms
2020-11-19 13:22:27,656 [Thread-339] INFO  impl.RoleInfo (RoleInfo.java:shutdownFollowerState(121)) - 6732c664-883b-4aa8-9a13-2c69a039c739: shutdown FollowerState
2020-11-19 13:22:27,656 [Thread-339] INFO  impl.RaftServerImpl (RaftServerImpl.java:setRole(198)) - 6732c664-883b-4aa8-9a13-2c69a039c739@group-D5DB00D2266B: changes role from  FOLLOWER to CANDIDATE at term 1 for changeToCandidate
2020-11-19 13:22:27,656 [Thread-339] INFO  impl.RoleInfo (RoleInfo.java:updateAndGet(143)) - 6732c664-883b-4aa8-9a13-2c69a039c739: start LeaderElection
2020-11-19 13:22:27,658 [6732c664-883b-4aa8-9a13-2c69a039c739@group-D5DB00D2266B-LeaderElection9] INFO  impl.RaftServerImpl (ServerState.java:setLeader(256)) - 6732c664-883b-4aa8-9a13-2c69a039c739@group-D5DB00D2266B: change Leader from f6d7b2bb-47be-46a7-95a8-45684a60ede4 to null at term 1 for initElection
2020-11-19 13:22:27,659 [6732c664-883b-4aa8-9a13-2c69a039c739@group-D5DB00D2266B-LeaderElection9] INFO  impl.LeaderElection (LeaderElection.java:askForVotes(210)) - 6732c664-883b-4aa8-9a13-2c69a039c739@group-D5DB00D2266B-LeaderElection9: begin an election at term 2 for 0: [f6d7b2bb-47be-46a7-95a8-45684a60ede4:172.17.0.2:32931:0, 6732c664-883b-4aa8-9a13-2c69a039c739:172.17.0.2:41843:0, 19dac6ad-87db-45e4-a3cf-3b2f37a879e5:172.17.0.2:41227:0], old=null
2020-11-19 13:22:27,668 [6732c664-883b-4aa8-9a13-2c69a039c739@group-D5DB00D2266B-LeaderElection9] INFO  impl.LeaderElection (LogUtils.java:infoOrTrace(137)) - 6732c664-883b-4aa8-9a13-2c69a039c739@group-D5DB00D2266B-LeaderElection9 got exception when requesting votes: java.util.concurrent.ExecutionException: org.apache.ratis.thirdparty.io.grpc.StatusRuntimeException: UNAVAILABLE: io exception
2020-11-19 13:22:27,669 [6732c664-883b-4aa8-9a13-2c69a039c739@group-D5DB00D2266B-LeaderElection9] INFO  impl.LeaderElection (LogUtils.java:infoOrTrace(137)) - 6732c664-883b-4aa8-9a13-2c69a039c739@group-D5DB00D2266B-LeaderElection9 got exception when requesting votes: java.util.concurrent.ExecutionException: org.apache.ratis.thirdparty.io.grpc.StatusRuntimeException: UNAVAILABLE: io exception
2020-11-19 13:22:27,669 [6732c664-883b-4aa8-9a13-2c69a039c739@group-D5DB00D2266B-LeaderElection9] INFO  impl.LeaderElection (LeaderElection.java:logAndReturn(62)) - 6732c664-883b-4aa8-9a13-2c69a039c739@group-D5DB00D2266B-LeaderElection9: Election REJECTED; received 0 response(s) [] and 2 exception(s); 6732c664-883b-4aa8-9a13-2c69a039c739@group-D5DB00D2266B:t2, leader=null, voted=6732c664-883b-4aa8-9a13-2c69a039c739, raftlog=6732c664-883b-4aa8-9a13-2c69a039c739@group-D5DB00D2266B-SegmentedRaftLog:OPENED:c0,f0,i0, conf=0: [f6d7b2bb-47be-46a7-95a8-45684a60ede4:172.17.0.2:32931:0, 6732c664-883b-4aa8-9a13-2c69a039c739:172.17.0.2:41843:0, 19dac6ad-87db-45e4-a3cf-3b2f37a879e5:172.17.0.2:41227:0], old=null
2020-11-19 13:22:27,669 [6732c664-883b-4aa8-9a13-2c69a039c739@group-D5DB00D2266B-LeaderElection9] INFO  impl.LeaderElection (LogUtils.java:infoOrTrace(137)) -   Exception 0: java.util.concurrent.ExecutionException: org.apache.ratis.thirdparty.io.grpc.StatusRuntimeException: UNAVAILABLE: io exception
2020-11-19 13:22:27,669 [6732c664-883b-4aa8-9a13-2c69a039c739@group-D5DB00D2266B-LeaderElection9] INFO  impl.LeaderElection (LogUtils.java:infoOrTrace(137)) -   Exception 1: java.util.concurrent.ExecutionException: org.apache.ratis.thirdparty.io.grpc.StatusRuntimeException: UNAVAILABLE: io exception
2020-11-19 13:22:27,669 [6732c664-883b-4aa8-9a13-2c69a039c739@group-D5DB00D2266B-LeaderElection9] INFO  impl.RaftServerImpl (RaftServerImpl.java:setRole(198)) - 6732c664-883b-4aa8-9a13-2c69a039c739@group-D5DB00D2266B: changes role from CANDIDATE to FOLLOWER at term 2 for DISCOVERED_A_NEW_TERM
2020-11-19 13:22:27,670 [6732c664-883b-4aa8-9a13-2c69a039c739@group-D5DB00D2266B-LeaderElection9] INFO  impl.RoleInfo (RoleInfo.java:shutdownLeaderElection(134)) - 6732c664-883b-4aa8-9a13-2c69a039c739: shutdown LeaderElection
2020-11-19 13:22:27,670 [6732c664-883b-4aa8-9a13-2c69a039c739@group-D5DB00D2266B-LeaderElection9] INFO  impl.RoleInfo (RoleInfo.java:updateAndGet(143)) - 6732c664-883b-4aa8-9a13-2c69a039c739: start FollowerState
2020-11-19 13:22:29,098 [ForkJoinPool.commonPool-worker-1] INFO  ozoneimpl.OzoneContainer (OzoneContainer.java:stop(257)) - Attempting to stop container services.
2020-11-19 13:22:29,098 [ForkJoinPool.commonPool-worker-1] INFO  impl.RaftServerProxy (RaftServerProxy.java:lambda$close$4(322)) - 6732c664-883b-4aa8-9a13-2c69a039c739: close
2020-11-19 13:22:29,099 [ForkJoinPool.commonPool-worker-1] INFO  impl.RaftServerImpl (RaftServerImpl.java:lambda$shutdown$3(321)) - 6732c664-883b-4aa8-9a13-2c69a039c739@group-05D14D3910FF: shutdown
2020-11-19 13:22:29,099 [ForkJoinPool.commonPool-worker-1] INFO  util.JmxRegister (JmxRegister.java:unregister(73)) - Successfully un-registered JMX Bean with object name Ratis:service=RaftServer,group=group-05D14D3910FF,id=6732c664-883b-4aa8-9a13-2c69a039c739
2020-11-19 13:22:29,099 [ForkJoinPool.commonPool-worker-1] INFO  impl.RoleInfo (RoleInfo.java:shutdownLeaderState(104)) - 6732c664-883b-4aa8-9a13-2c69a039c739: shutdown LeaderState
2020-11-19 13:22:29,099 [ForkJoinPool.commonPool-worker-1] INFO  impl.PendingRequests (PendingRequests.java:sendNotLeaderResponses(249)) - 6732c664-883b-4aa8-9a13-2c69a039c739@group-05D14D3910FF-PendingRequests: sendNotLeaderResponses
2020-11-19 13:22:29,099 [ForkJoinPool.commonPool-worker-1] INFO  metrics.RatisMetrics (RatisMetrics.java:unregister(43)) - Unregistering Metrics Registry : ratis.log_appender.6732c664-883b-4aa8-9a13-2c69a039c739@group-05D14D3910FF
2020-11-19 13:22:29,099 [ForkJoinPool.commonPool-worker-1] INFO  metrics.RatisMetrics (RatisMetrics.java:unregister(43)) - Unregistering Metrics Registry : ratis.server.6732c664-883b-4aa8-9a13-2c69a039c739@group-05D14D3910FF
2020-11-19 13:22:29,100 [ForkJoinPool.commonPool-worker-1] INFO  impl.StateMachineUpdater (StateMachineUpdater.java:stopAndJoin(142)) - 6732c664-883b-4aa8-9a13-2c69a039c739@group-05D14D3910FF-StateMachineUpdater: set stopIndex = 0
2020-11-19 13:22:29,100 [6732c664-883b-4aa8-9a13-2c69a039c739@group-05D14D3910FF-StateMachineUpdater] INFO  ratis.ContainerStateMachine (ContainerStateMachine.java:takeSnapshot(293)) - group-05D14D3910FF: Taking a snapshot at:(t:1, i:0) file /github/workspace/mnt/ozone/hadoop-ozone/integration-test/target/test-dir/MiniOzoneClusterImpl-6709ef09-1056-4c4b-8c83-ecdc17148cc3/datanode-2/data/ratis/2d599fdc-4179-480d-8d46-05d14d3910ff/sm/snapshot.1_0
2020-11-19 13:22:29,101 [6732c664-883b-4aa8-9a13-2c69a039c739@group-05D14D3910FF-StateMachineUpdater] INFO  ratis.ContainerStateMachine (ContainerStateMachine.java:takeSnapshot(304)) - group-05D14D3910FF: Finished taking a snapshot at:(t:1, i:0) file:/github/workspace/mnt/ozone/hadoop-ozone/integration-test/target/test-dir/MiniOzoneClusterImpl-6709ef09-1056-4c4b-8c83-ecdc17148cc3/datanode-2/data/ratis/2d599fdc-4179-480d-8d46-05d14d3910ff/sm/snapshot.1_0 time:1
2020-11-19 13:22:29,101 [6732c664-883b-4aa8-9a13-2c69a039c739@group-05D14D3910FF-StateMachineUpdater] INFO  impl.StateMachineUpdater (StateMachineUpdater.java:takeSnapshot(277)) - 6732c664-883b-4aa8-9a13-2c69a039c739@group-05D14D3910FF-StateMachineUpdater: Took a snapshot at index 0
2020-11-19 13:22:29,101 [6732c664-883b-4aa8-9a13-2c69a039c739@group-05D14D3910FF-StateMachineUpdater] INFO  impl.StateMachineUpdater (StateMachineUpdater.java:lambda$new$0(87)) - 6732c664-883b-4aa8-9a13-2c69a039c739@group-05D14D3910FF-StateMachineUpdater: snapshotIndex: updateIncreasingly -1 -> 0
2020-11-19 13:22:29,101 [6732c664-883b-4aa8-9a13-2c69a039c739@group-05D14D3910FF-StateMachineUpdater] INFO  metrics.RatisMetrics (RatisMetrics.java:unregister(43)) - Unregistering Metrics Registry : ratis.state_machine.6732c664-883b-4aa8-9a13-2c69a039c739@group-05D14D3910FF
2020-11-19 13:22:29,101 [ForkJoinPool.commonPool-worker-1] INFO  impl.RaftServerImpl (ServerState.java:close(405)) - 6732c664-883b-4aa8-9a13-2c69a039c739@group-05D14D3910FF: closes. applyIndex: 0
2020-11-19 13:22:29,101 [6732c664-883b-4aa8-9a13-2c69a039c739@group-05D14D3910FF-SegmentedRaftLogWorker] INFO  segmented.SegmentedRaftLogWorker (SegmentedRaftLogWorker.java:run(327)) - 6732c664-883b-4aa8-9a13-2c69a039c739@group-05D14D3910FF-SegmentedRaftLogWorker was interrupted, exiting. There are 0 tasks remaining in the queue.
2020-11-19 13:22:29,103 [ForkJoinPool.commonPool-worker-1] INFO  segmented.SegmentedRaftLogWorker (SegmentedRaftLogWorker.java:close(234)) - 6732c664-883b-4aa8-9a13-2c69a039c739@group-05D14D3910FF-SegmentedRaftLogWorker close()
2020-11-19 13:22:29,103 [ForkJoinPool.commonPool-worker-1] INFO  metrics.RatisMetrics (RatisMetrics.java:unregister(43)) - Unregistering Metrics Registry : ratis.log_worker.6732c664-883b-4aa8-9a13-2c69a039c739@group-05D14D3910FF
2020-11-19 13:22:29,103 [ForkJoinPool.commonPool-worker-1] INFO  metrics.RatisMetrics (RatisMetrics.java:unregister(43)) - Unregistering Metrics Registry : ratis.leader_election.6732c664-883b-4aa8-9a13-2c69a039c739@group-05D14D3910FF
2020-11-19 13:22:29,103 [ForkJoinPool.commonPool-worker-1] INFO  metrics.RatisMetrics (RatisMetrics.java:unregister(43)) - Unregistering Metrics Registry : ratis.server.6732c664-883b-4aa8-9a13-2c69a039c739@group-05D14D3910FF
2020-11-19 13:22:29,104 [ForkJoinPool.commonPool-worker-1] INFO  impl.RaftServerImpl (RaftServerImpl.java:lambda$shutdown$3(321)) - 6732c664-883b-4aa8-9a13-2c69a039c739@group-D5DB00D2266B: shutdown
2020-11-19 13:22:29,104 [ForkJoinPool.commonPool-worker-1] INFO  util.JmxRegister (JmxRegister.java:unregister(73)) - Successfully un-registered JMX Bean with object name Ratis:service=RaftServer,group=group-D5DB00D2266B,id=6732c664-883b-4aa8-9a13-2c69a039c739
2020-11-19 13:22:29,104 [ForkJoinPool.commonPool-worker-1] INFO  impl.RoleInfo (RoleInfo.java:shutdownFollowerState(121)) - 6732c664-883b-4aa8-9a13-2c69a039c739: shutdown FollowerState
2020-11-19 13:22:29,104 [Thread-384] INFO  impl.FollowerState (FollowerState.java:run(117)) - 6732c664-883b-4aa8-9a13-2c69a039c739@group-D5DB00D2266B-FollowerState was interrupted: java.lang.InterruptedException: sleep interrupted
2020-11-19 13:22:29,104 [6732c664-883b-4aa8-9a13-2c69a039c739@group-D5DB00D2266B-StateMachineUpdater] INFO  ratis.ContainerStateMachine (ContainerStateMachine.java:takeSnapshot(293)) - group-D5DB00D2266B: Taking a snapshot at:(t:1, i:0) file /github/workspace/mnt/ozone/hadoop-ozone/integration-test/target/test-dir/MiniOzoneClusterImpl-6709ef09-1056-4c4b-8c83-ecdc17148cc3/datanode-2/data/ratis/1c149a9f-0109-4f2f-af69-d5db00d2266b/sm/snapshot.1_0
2020-11-19 13:22:29,105 [ForkJoinPool.commonPool-worker-1] INFO  impl.StateMachineUpdater (StateMachineUpdater.java:stopAndJoin(142)) - 6732c664-883b-4aa8-9a13-2c69a039c739@group-D5DB00D2266B-StateMachineUpdater: set stopIndex = 0
2020-11-19 13:22:29,105 [6732c664-883b-4aa8-9a13-2c69a039c739@group-D5DB00D2266B-StateMachineUpdater] INFO  ratis.ContainerStateMachine (ContainerStateMachine.java:takeSnapshot(304)) - group-D5DB00D2266B: Finished taking a snapshot at:(t:1, i:0) file:/github/workspace/mnt/ozone/hadoop-ozone/integration-test/target/test-dir/MiniOzoneClusterImpl-6709ef09-1056-4c4b-8c83-ecdc17148cc3/datanode-2/data/ratis/1c149a9f-0109-4f2f-af69-d5db00d2266b/sm/snapshot.1_0 time:0
2020-11-19 13:22:29,105 [6732c664-883b-4aa8-9a13-2c69a039c739@group-D5DB00D2266B-StateMachineUpdater] INFO  impl.StateMachineUpdater (StateMachineUpdater.java:takeSnapshot(277)) - 6732c664-883b-4aa8-9a13-2c69a039c739@group-D5DB00D2266B-StateMachineUpdater: Took a snapshot at index 0
2020-11-19 13:22:29,105 [6732c664-883b-4aa8-9a13-2c69a039c739@group-D5DB00D2266B-StateMachineUpdater] INFO  impl.StateMachineUpdater (StateMachineUpdater.java:lambda$new$0(87)) - 6732c664-883b-4aa8-9a13-2c69a039c739@group-D5DB00D2266B-StateMachineUpdater: snapshotIndex: updateIncreasingly -1 -> 0
2020-11-19 13:22:29,105 [6732c664-883b-4aa8-9a13-2c69a039c739@group-D5DB00D2266B-StateMachineUpdater] INFO  metrics.RatisMetrics (RatisMetrics.java:unregister(43)) - Unregistering Metrics Registry : ratis.state_machine.6732c664-883b-4aa8-9a13-2c69a039c739@group-D5DB00D2266B
2020-11-19 13:22:29,106 [ForkJoinPool.commonPool-worker-1] INFO  impl.RaftServerImpl (ServerState.java:close(405)) - 6732c664-883b-4aa8-9a13-2c69a039c739@group-D5DB00D2266B: closes. applyIndex: 0
2020-11-19 13:22:29,106 [6732c664-883b-4aa8-9a13-2c69a039c739@group-D5DB00D2266B-SegmentedRaftLogWorker] INFO  segmented.SegmentedRaftLogWorker (SegmentedRaftLogWorker.java:run(327)) - 6732c664-883b-4aa8-9a13-2c69a039c739@group-D5DB00D2266B-SegmentedRaftLogWorker was interrupted, exiting. There are 0 tasks remaining in the queue.
2020-11-19 13:22:29,107 [ForkJoinPool.commonPool-worker-1] INFO  segmented.SegmentedRaftLogWorker (SegmentedRaftLogWorker.java:close(234)) - 6732c664-883b-4aa8-9a13-2c69a039c739@group-D5DB00D2266B-SegmentedRaftLogWorker close()
2020-11-19 13:22:29,108 [ForkJoinPool.commonPool-worker-1] INFO  metrics.RatisMetrics (RatisMetrics.java:unregister(43)) - Unregistering Metrics Registry : ratis.log_worker.6732c664-883b-4aa8-9a13-2c69a039c739@group-D5DB00D2266B
2020-11-19 13:22:29,108 [ForkJoinPool.commonPool-worker-1] INFO  metrics.RatisMetrics (RatisMetrics.java:unregister(43)) - Unregistering Metrics Registry : ratis.leader_election.6732c664-883b-4aa8-9a13-2c69a039c739@group-D5DB00D2266B
2020-11-19 13:22:29,108 [ForkJoinPool.commonPool-worker-1] INFO  metrics.RatisMetrics (RatisMetrics.java:unregister(43)) - Unregistering Metrics Registry : ratis.server.6732c664-883b-4aa8-9a13-2c69a039c739@group-D5DB00D2266B
2020-11-19 13:22:29,108 [ForkJoinPool.commonPool-worker-1] INFO  server.GrpcService (GrpcService.java:closeImpl(183)) - 6732c664-883b-4aa8-9a13-2c69a039c739: shutdown server with port 41843 now
2020-11-19 13:22:29,111 [ForkJoinPool.commonPool-worker-1] INFO  server.GrpcService (GrpcService.java:closeImpl(191)) - 6732c664-883b-4aa8-9a13-2c69a039c739: shutdown server with port 41843 successfully
2020-11-19 13:22:29,115 [ForkJoinPool.commonPool-worker-1] INFO  utils.BackgroundService (BackgroundService.java:shutdown(132)) - Shutting down service BlockDeletingService
2020-11-19 13:22:29,116 [ForkJoinPool.commonPool-worker-1] INFO  statemachine.DatanodeStateMachine (DatanodeStateMachine.java:stopDaemon(459)) - Ozone container server stopped.
2020-11-19 13:22:29,127 [ForkJoinPool.commonPool-worker-1] INFO  handler.ContextHandler (ContextHandler.java:doStop(1154)) - Stopped o.e.j.w.WebAppContext@3401bda7{hddsDatanode,/,null,STOPPED}{jar:file:/home/user/.m2/repository/org/apache/hadoop/hadoop-hdds-container-service/1.1.0-SNAPSHOT/hadoop-hdds-container-service-1.1.0-SNAPSHOT.jar!/webapps/hddsDatanode}
2020-11-19 13:22:29,128 [ForkJoinPool.commonPool-worker-1] INFO  server.AbstractConnector (AbstractConnector.java:doStop(381)) - Stopped ServerConnector@337eeed5{HTTP/1.1, (http/1.1)}{0.0.0.0:0}
2020-11-19 13:22:29,128 [ForkJoinPool.commonPool-worker-1] INFO  server.session (HouseKeeper.java:stopScavenging(149)) - node0 Stopped scavenging
2020-11-19 13:22:29,130 [ForkJoinPool.commonPool-worker-1] INFO  handler.ContextHandler (ContextHandler.java:doStop(1154)) - Stopped o.e.j.s.ServletContextHandler@50eeef5e{static,/static,jar:file:/home/user/.m2/repository/org/apache/hadoop/hadoop-hdds-container-service/1.1.0-SNAPSHOT/hadoop-hdds-container-service-1.1.0-SNAPSHOT.jar!/webapps/static,STOPPED}
2020-11-19 13:22:29,137 [ForkJoinPool.commonPool-worker-1] INFO  handler.ContextHandler (ContextHandler.java:doStop(1154)) - Stopped o.e.j.s.ServletContextHandler@1e5909ac{logs,/logs,file:///github/workspace/mnt/ozone/hadoop-ozone/integration-test/target/log,STOPPED}
2020-11-19 13:22:29,139 [Listener at 127.0.0.1/12760] INFO  ozone.MiniOzoneClusterImpl (MiniOzoneClusterImpl.java:stopSCM(477)) - Stopping the StorageContainerManager
2020-11-19 13:22:29,139 [Listener at 127.0.0.1/12760] INFO  server.StorageContainerManager (StorageContainerManager.java:stop(832)) - Stopping Replication Manager Service.
2020-11-19 13:22:29,139 [Listener at 127.0.0.1/12760] INFO  container.ReplicationManager (ReplicationManager.java:stop(219)) - Stopping Replication Monitor Thread.
2020-11-19 13:22:29,139 [Listener at 127.0.0.1/12760] INFO  server.StorageContainerManager (StorageContainerManager.java:stop(839)) - Stopping Lease Manager of the command watchers
2020-11-19 13:22:29,139 [Listener at 127.0.0.1/12760] INFO  server.StorageContainerManager (StorageContainerManager.java:stop(846)) - Stopping datanode service RPC server
2020-11-19 13:22:29,139 [Listener at 127.0.0.1/12760] INFO  server.SCMDatanodeProtocolServer (SCMDatanodeProtocolServer.java:stop(361)) - Stopping the RPC server for DataNodes
2020-11-19 13:22:29,139 [Listener at 127.0.0.1/12760] INFO  ipc.Server (Server.java:stop(3359)) - Stopping server on 35851
2020-11-19 13:22:29,140 [CommandWatcher-LeaseManager#LeaseMonitor] ERROR lease.LeaseManager (LeaseManager.java:run(238)) - Execution was interrupted 
java.lang.InterruptedException: sleep interrupted
	at java.lang.Thread.sleep(Native Method)
	at org.apache.hadoop.ozone.lease.LeaseManager$LeaseMonitor.run(LeaseManager.java:234)
	at java.lang.Thread.run(Thread.java:748)
2020-11-19 13:22:29,141 [IPC Server Responder] INFO  ipc.Server (Server.java:run(1465)) - Stopping IPC Server Responder
2020-11-19 13:22:29,141 [IPC Server listener on 0] INFO  ipc.Server (Server.java:run(1330)) - Stopping IPC Server listener on 0
2020-11-19 13:22:29,145 [SCM Heartbeat Processing Thread - 0] WARN  node.NodeStateManager (NodeStateManager.java:scheduleNextHealthCheck(661)) - Current Thread is interrupted, shutting down HB processing thread for Node Manager.
2020-11-19 13:22:29,145 [Listener at 127.0.0.1/12760] INFO  server.StorageContainerManager (StorageContainerManager.java:stop(854)) - Stopping block service RPC server
2020-11-19 13:22:29,145 [Listener at 127.0.0.1/12760] INFO  server.SCMBlockProtocolServer (SCMBlockProtocolServer.java:stop(159)) - Stopping the RPC server for Block Protocol
2020-11-19 13:22:29,145 [Listener at 127.0.0.1/12760] INFO  ipc.Server (Server.java:stop(3359)) - Stopping server on 34389
2020-11-19 13:22:29,146 [IPC Server Responder] INFO  ipc.Server (Server.java:run(1465)) - Stopping IPC Server Responder
2020-11-19 13:22:29,146 [Listener at 127.0.0.1/12760] INFO  server.StorageContainerManager (StorageContainerManager.java:stop(861)) - Stopping the StorageContainerLocationProtocol RPC server
2020-11-19 13:22:29,147 [IPC Server listener on 0] INFO  ipc.Server (Server.java:run(1330)) - Stopping IPC Server listener on 0
2020-11-19 13:22:29,147 [Listener at 127.0.0.1/12760] INFO  server.SCMClientProtocolServer (SCMClientProtocolServer.java:stop(165)) - Stopping the RPC server for Client Protocol
2020-11-19 13:22:29,147 [Listener at 127.0.0.1/12760] INFO  ipc.Server (Server.java:stop(3359)) - Stopping server on 36625
2020-11-19 13:22:29,148 [IPC Server listener on 0] INFO  ipc.Server (Server.java:run(1330)) - Stopping IPC Server listener on 0
2020-11-19 13:22:29,148 [IPC Server Responder] INFO  ipc.Server (Server.java:run(1465)) - Stopping IPC Server Responder
2020-11-19 13:22:29,148 [Listener at 127.0.0.1/12760] INFO  server.StorageContainerManager (StorageContainerManager.java:stop(868)) - Stopping Storage Container Manager HTTP server.
2020-11-19 13:22:29,149 [Listener at 127.0.0.1/12760] INFO  handler.ContextHandler (ContextHandler.java:doStop(1154)) - Stopped o.e.j.w.WebAppContext@70ecce0f{scm,/,null,STOPPED}{file:/github/workspace/mnt/ozone/hadoop-ozone/integration-test/target/test-classes/webapps/scm}
2020-11-19 13:22:29,150 [Listener at 127.0.0.1/12760] INFO  server.AbstractConnector (AbstractConnector.java:doStop(381)) - Stopped ServerConnector@6b3e8573{HTTP/1.1, (http/1.1)}{0.0.0.0:0}
2020-11-19 13:22:29,150 [Listener at 127.0.0.1/12760] INFO  server.session (HouseKeeper.java:stopScavenging(149)) - node0 Stopped scavenging
2020-11-19 13:22:29,150 [Listener at 127.0.0.1/12760] INFO  handler.ContextHandler (ContextHandler.java:doStop(1154)) - Stopped o.e.j.s.ServletContextHandler@5cc422c0{static,/static,file:///github/workspace/mnt/ozone/hadoop-ozone/integration-test/target/test-classes/webapps/static,STOPPED}
2020-11-19 13:22:29,150 [Listener at 127.0.0.1/12760] INFO  handler.ContextHandler (ContextHandler.java:doStop(1154)) - Stopped o.e.j.s.ServletContextHandler@35181ffe{logs,/logs,file:///github/workspace/mnt/ozone/hadoop-ozone/integration-test/target/log,STOPPED}
2020-11-19 13:22:29,151 [Listener at 127.0.0.1/12760] INFO  server.StorageContainerManager (StorageContainerManager.java:stop(879)) - Stopping Block Manager Service.
2020-11-19 13:22:29,151 [Listener at 127.0.0.1/12760] INFO  utils.BackgroundService (BackgroundService.java:shutdown(132)) - Shutting down service SCMBlockDeletingService
2020-11-19 13:22:29,151 [Listener at 127.0.0.1/12760] INFO  utils.BackgroundService (BackgroundService.java:shutdown(132)) - Shutting down service SCMBlockDeletingService
2020-11-19 13:22:29,151 [Listener at 127.0.0.1/12760] INFO  server.StorageContainerManager (StorageContainerManager.java:stop(904)) - Stopping SCM Event Queue.
2020-11-19 13:22:29,156 [Listener at 127.0.0.1/12760] INFO  impl.MetricsSystemImpl (MetricsSystemImpl.java:stop(210)) - Stopping HddsDatanode metrics system...
2020-11-19 13:22:29,158 [prometheus] INFO  impl.MetricsSinkAdapter (MetricsSinkAdapter.java:publishMetricsFromQueue(141)) - prometheus thread interrupted.
2020-11-19 13:22:29,159 [Listener at 127.0.0.1/12760] INFO  impl.MetricsSystemImpl (MetricsSystemImpl.java:stop(216)) - HddsDatanode metrics system stopped.
]]></system-out>
  </testcase>
  <testcase name="testOMRetryProxy" classname="org.apache.hadoop.ozone.om.TestOzoneManagerHAMetadataOnly" time="25.431"/>
  <testcase name="testOMProxyProviderFailoverToCurrentLeader" classname="org.apache.hadoop.ozone.om.TestOzoneManagerHAMetadataOnly" time="25.517"/>
  <testcase name="testAllBucketOperations" classname="org.apache.hadoop.ozone.om.TestOzoneManagerHAMetadataOnly" time="23.559"/>
  <testcase name="testOMProxyProviderFailoverOnConnectionFailure" classname="org.apache.hadoop.ozone.om.TestOzoneManagerHAMetadataOnly" time="0">
    <skipped message="This test randomly failing. Let&apos;s enable once its fixed."/>
  </testcase>
  <testcase name="testJMXMetrics" classname="org.apache.hadoop.ozone.om.TestOzoneManagerHAMetadataOnly" time="23.43"/>
  <testcase name="testReadRequest" classname="org.apache.hadoop.ozone.om.TestOzoneManagerHAMetadataOnly" time="23.534"/>
  <testcase name="testAllVolumeOperations" classname="org.apache.hadoop.ozone.om.TestOzoneManagerHAMetadataOnly" time="23.442"/>
  <testcase name="testListVolumes" classname="org.apache.hadoop.ozone.om.TestOzoneManagerHAMetadataOnly" time="0">
    <skipped message="This test randomly failing. Let&apos;s enable once its fixed."/>
  </testcase>
  <testcase name="testOMProxyProviderInitialization" classname="org.apache.hadoop.ozone.om.TestOzoneManagerHAMetadataOnly" time="23.309"/>
</testsuite>